TRXV5
3
4
4
9
string Extension=J
integer IsArchMeasurement=1
integer IsSpherical=1
string Generator=SPM
string GeneratorVersion=1.3.1 Dev
double ArchRadius=0.449999988079071
integer FrequencyAxisIndex=0
integer AzimuthAxisIndex=1
integer ElevationAxisIndex=2
Frequency
5 136 690000000 960000000 LIN
Azimuth
7 8 0 2.74889357189107 LIN
Elevation
7 15 -2.74889357189107 2.74889357189107 LIN
Polar H Real Part
13
Polar H Imaginary Part
14
Polar V Real Part
13
Polar V Imaginary Part
14
Polar H Magnitude (dB)
12 0xC0000002 0 1
Polar H Phase
7 0xC0000003 0 1
Polar V Magnitude (dB)
12 0xC0000002 2 3
Polar V Phase
7 0xC0000003 2 3
-0.0235385894775391 0.0135326385498047 0.0316696166992188 0.0156154632568359
0.000326156616210936 0.0236778259277344 0.0108928680419922 0.0112991333007813
0.0113983154296875 0.00799751281738281 0.00258636474609375 0.016383171081543
0.0111894607543945 -6.866455078125E-05 0.0147113800048828 0.0222244262695313
0.00932693481445313 -0.00605106353759766 0.0263690948486328 0.0153007507324219
0.00569534301757812 -0.0121889114379883 0.0306053161621094 0.00275421142578125
0.00383853912353516 -0.0114622116088867 0.0274620056152344 -0.00134468078613281
0.00486946105957031 -0.00984668731689453 0.02056884765625 -0.000268936157226563
0.0102024078369141 -0.0114860534667969 0.0115203857421875 0.00359344482421875
0.0154914855957031 -0.00164508819580078 0.00238919258117676 0.00285577774047852
0.0134220123291016 0.0107278823852539 -0.0038909912109375 -0.00871086120605469
0.00334072113037109 0.0173187255859375 0.00556182861328125 -0.0186977386474609
-0.0126056671142578 0.0144062042236328 0.0306015014648438 -0.0173091888427734
-0.0224285125732422 0.00864219665527343 0.0359230041503906 -0.00152587890625
-0.0310630798339844 1.90734863281256E-05 0.015965461730957 0.00318145751953125
-0.0333023071289063 0.00811195373535157 0.0215969085693359 0.0205326080322266
-0.0114669799804688 0.0232906341552734 0.00300216674804688 0.0175447463989258
0.003570556640625 0.0137195587158203 0.000118255615234377 0.0228366851806641
0.008270263671875 0.00848007202148438 0.0132827758789063 0.0273170471191406
0.0117826461791992 0.00190925598144531 0.0249595642089844 0.0192928314208984
0.013092041015625 -0.00568866729736328 0.0301990509033203 0.00718879699707031
0.0122365951538086 -0.00767993927001953 0.0256824493408203 0.00291824340820312
0.0116100311279297 -0.00620841979980469 0.0173854827880859 0.00374794006347656
0.0173120498657227 -0.00655841827392578 0.00707721710205078 0.00644445419311523
0.0209064483642578 0.00426101684570313 -0.00330209732055664 0.00563192367553711
0.0145473480224609 0.0174379348754883 -0.010040283203125 -0.00823879241943359
0.00177383422851563 0.0244331359863281 -0.00121688842773437 -0.0194892883300781
-0.0190277099609375 0.0185298919677734 0.0226707458496094 -0.0201950073242188
-0.0302047729492188 0.00828170776367188 0.0250663757324219 -0.00357246398925781
-0.0390968322753906 -0.00264739990234376 0.00384974479675293 0.00101041793823242
-0.0388946533203125 0.000236511230468751 0.00762557983398437 0.0220260620117188
-0.0234889984130859 0.0190391540527344 -0.00876426696777344 0.022552490234375
-0.00687789916992187 0.0177192687988281 -0.00558280944824219 0.0293998718261719
0.00268936157226562 0.0176124572753906 0.0103759765625 0.0322380065917969
0.0119495391845703 0.011408805847168 0.0219039916992188 0.0229110717773438
0.0186271667480469 0.00243568420410156 0.0271148681640625 0.0108470916748047
0.0188007354736328 -0.00269317626953125 0.0206966400146484 0.00625801086425781
0.016632080078125 -0.00185298919677734 0.0111942291259766 0.00681781768798828
0.021453857421875 -0.00176429748535156 0.000381469726562502 0.00969696044921875
0.0229339599609375 0.00829124450683594 -0.0101299285888672 0.00729465484619141
0.0152454376220703 0.0205364227294922 -0.0169734954833984 -0.00669097900390625
0.00107574462890625 0.0269222259521484 -0.00823593139648438 -0.0193500518798828
-0.0197944641113281 0.0203151702880859 0.0138492584228516 -0.0210475921630859
-0.0326194763183594 0.00855636596679688 0.0115985870361328 -0.00384330749511719
-0.0423736572265625 -0.00497055053710938 -0.00960922241210938 -0.000692367553710936
-0.0382766723632812 -0.0072784423828125 -0.00789451599121094 0.0201587677001953
-0.0310325622558594 0.0111980438232422 -0.0231781005859375 0.0232486724853516
-0.0165748596191406 0.0180511474609375 -0.0134716033935547 0.0331707000732422
-0.00418472290039062 0.0232734680175781 0.00499343872070312 0.035186767578125
0.00954627990722656 0.0191936492919922 0.0161895751953125 0.0237350463867188
0.020751953125 0.0103969573974609 0.0211257934570313 0.0127925872802734
0.0222511291503906 0.00327873229980469 0.0130043029785156 0.00800895690917969
0.0183544158935547 0.00311279296875 0.00369071960449219 0.00827217102050781
0.0222339630126953 0.00315093994140625 -0.00687885284423828 0.0116233825683594
0.0222663879394531 0.0111331939697266 -0.0163774490356445 0.00862216949462891
0.0129318237304688 0.0205593109130859 -0.0221366882324219 -0.00442314147949219
0.000118255615234374 0.0255603790283203 -0.0136775970458984 -0.0168228149414063
-0.0187644958496094 0.0192298889160156 0.00545120239257813 -0.0187549591064453
-0.0305061340332031 0.00710296630859375 -0.000359654426574709 -0.00174808502197266
-0.0387420654296875 -0.0070648193359375 -0.0223464965820313 -0.00203704833984375
-0.0315761566162109 -0.0133781433105469 -0.0217628479003906 0.0139675140380859
-0.0305118560791016 0.00315284729003906 -0.0369148254394531 0.0201072692871094
-0.0222396850585938 0.0136661529541016 -0.02252197265625 0.0336284637451172
-0.0107173919677734 0.0237998962402344 -0.00114822387695313 0.034210205078125
0.00508499145507813 0.0224037170410156 0.0100784301757812 0.0211563110351563
0.0182170867919922 0.0162906646728516 0.012507438659668 0.0111427307128906
0.0215797424316406 0.00839424133300781 0.00335168838500977 0.00742292404174805
0.0170154571533203 0.0069580078125 -0.00553607940673828 0.00881576538085938
0.0200061798095703 0.00721931457519531 -0.0138301849365234 0.012359619140625
0.0182895660400391 0.0133571624755859 -0.0219230651855469 0.00886917114257813
0.00935554504394531 0.0199317932128906 -0.0256118774414063 -0.00332069396972656
-0.00237274169921875 0.0228271484375 -0.0162773132324219 -0.0143299102783203
-0.0181846618652344 0.0144729614257812 -0.000225067138671875 -0.0142202377319336
-0.0254573822021484 0.00229454040527344 -0.0101308822631836 0.00285243988037109
-0.0323219299316406 -0.011260986328125 -0.03399658203125 -0.00294303894042969
-0.0179882049560547 -0.0148391723632812 -0.0306549072265625 0.00727462768554687
-0.0219478607177734 -0.00408744812011719 -0.0446395874023438 0.013641357421875
-0.0199375152587891 0.00585746765136719 -0.0291328430175781 0.0296478271484375
-0.0136022567749023 0.0166473388671875 -0.00676345825195313 0.0291652679443359
-0.000669479370117188 0.0190715789794922 0.00416851043701172 0.0165586471557617
0.0114860534667969 0.0179443359375 0.00384521484375 0.00815296173095703
0.016200065612793 0.0117883682250977 -0.00540733337402344 0.00562763214111328
0.0135879516601562 0.00943183898925781 -0.0129356384277344 0.00740337371826172
0.0154266357421875 0.0100688934326172 -0.0198040008544922 0.0108394622802734
0.0129156112670898 0.0147199630737305 -0.0256385803222656 0.00684356689453124
0.00489616394042969 0.0186958312988281 -0.0264492034912109 -0.00378227233886719
-0.00648117065429687 0.0185623168945313 -0.0164127349853516 -0.0124168395996094
-0.0180015563964844 0.00783157348632813 -0.00338935852050781 -0.010554313659668
-0.0199470520019531 -0.00456047058105469 -0.0161161422729492 0.00433158874511719
-0.0218219757080078 -0.0159435272216797 -0.0402488708496094 -0.00593185424804688
-0.00168609619140625 -0.0118379592895508 -0.0340824127197266 0.00104522705078124
-0.00565528869628906 -0.00737428665161133 -0.0469818115234375 0.00756072998046875
-0.0104341506958008 -0.00213146209716797 -0.0315189361572266 0.0253562927246094
-0.0112171173095703 0.00519084930419922 -0.00890922546386719 0.0236396789550781
-0.00491714477539063 0.00975131988525391 0.00129222869873047 0.0103931427001953
0.00195026397705078 0.0138006210327148 -0.00282740592956543 0.00255322456359863
0.00706768035888672 0.0132265090942383 -0.0124969482421875 0.00259494781494141
0.00682353973388672 0.0109138488769531 -0.0189914703369141 0.00583457946777344
0.00889682769775391 0.0117177963256836 -0.024810791015625 0.00897979736328125
0.00644779205322266 0.0145750045776367 -0.0286388397216797 0.00410270690917969
-0.000327110290527345 0.0165681838989258 -0.0275287628173828 -0.00560188293457031
-0.0102729797363281 0.014765739440918 -0.016291618347168 -0.0132436752319336
-0.0182514190673828 0.000785827636718751 -0.0041961669921875 -0.0100870132446289
-0.0135164260864258 -0.0123558044433594 -0.0178890228271484 0.00408363342285156
-0.00985908508300781 -0.0210952758789063 -0.0439796447753906 -0.0091094970703125
0.01409912109375 -0.00793743133544922 -0.0293788909912109 -0.00117874145507813
0.00996780395507813 -0.00848770141601563 -0.0421714782714844 0.00497436523437499
0.00176143646240234 -0.00878715515136719 -0.029083251953125 0.0218276977539062
-0.00559425354003906 -0.00675487518310547 -0.008209228515625 0.0196590423583984
-0.00811672210693359 -0.000999450683593751 0.00126409530639648 0.00686883926391602
-0.00765800476074219 0.00760555267333984 -0.00513029098510742 -0.00116729736328125
-0.00205898284912109 0.0125484466552734 -0.0150871276855469 -0.000976562499999996
-0.000411033630371094 0.0106601715087891 -0.0221500396728516 0.00236129760742187
0.00147056579589844 0.0115261077880859 -0.0274219512939453 0.00465965270996094
-2.76565551757817E-05 0.0128812789916992 -0.0299644470214844 -0.00091171264648437
-0.00404644012451172 0.012660026550293 -0.0269393920898438 -0.00927925109863281
-0.0115985870361328 0.00946331024169922 -0.0158548355102539 -0.0154485702514648
-0.0166454315185547 -0.0048379898071289 -0.00500106811523438 -0.0123605728149414
-0.00689125061035156 -0.017308235168457 -0.0176925659179687 -0.00236129760742188
0.00243568420410156 -0.0233497619628906 -0.0407447814941406 -0.0149078369140625
-0.0233058929443359 0.0183334350585938 0.036407470703125 0.0174903869628906
0.00400161743164063 0.0256710052490234 0.0140810012817383 0.0123510360717773
0.0149631500244141 0.00694656372070313 0.00436592102050781 0.0165185928344727
0.0121479034423828 -0.00278663635253906 0.0163173675537109 0.0229034423828125
0.00916194915771484 -0.00870513916015625 0.0283927917480469 0.0149497985839844
0.00360393524169922 -0.0151424407958984 0.0330619812011719 0.00193214416503906
0.00203609466552734 -0.0134820938110352 0.0305252075195312 -0.00251579284667969
0.00322437286376953 -0.0116510391235352 0.0230216979980469 -0.000703811645507813
0.00852775573730469 -0.0145654678344727 0.0142812728881836 0.00407695770263672
0.0167360305786133 -0.00483989715576172 0.00346946716308594 0.00477075576782227
0.0165195465087891 0.0095052719116211 -0.00492572784423828 -0.00733470916748047
0.00667572021484375 0.0184917449951172 0.00376510620117188 -0.0193881988525391
-0.0119972229003906 0.0184478759765625 0.0305538177490234 -0.0206184387207031
-0.0243644714355469 0.0132827758789063 0.0392684936523438 -0.0038909912109375
-0.0347633361816406 0.00508689880371094 0.0183963775634766 0.00467300415039063
-0.0345630645751953 0.0117263793945313 0.0256290435791016 0.0238571166992188
-0.00959587097167969 0.0259323120117188 0.00644493103027344 0.0200519561767578
0.00566291809082031 0.013310432434082 0.00231552124023438 0.0239887237548828
0.00960350036621094 0.00735950469970703 0.0153923034667969 0.0286331176757813
0.0120506286621094 0.000321388244628906 0.0279731750488281 0.0202713012695313
0.011836051940918 -0.00794601440429688 0.0334110260009766 0.00689315795898437
0.0116510391235352 -0.00941944122314453 0.0294094085693359 0.002471923828125
0.0113410949707031 -0.00778865814208984 0.0209445953369141 0.00368499755859375
0.0171146392822266 -0.00921726226806641 0.0101890563964844 0.00810432434082031
0.0223751068115234 0.00185012817382812 -0.0015869140625 0.00794506072998047
0.0180702209472656 0.0171527862548828 -0.0111246109008789 -0.00538444519042969
0.00452423095703125 0.0263195037841797 -0.00330543518066406 -0.019012451171875
-0.0189876556396484 0.0221900939941406 0.0221481323242188 -0.0227870941162109
-0.0335731506347656 0.0122203826904297 0.0267963409423828 -0.00476264953613281
-0.0440826416015625 0.000946044921875002 0.00528621673583984 0.00379228591918945
-0.0418548583984375 0.0026092529296875 0.0106678009033203 0.0267391204833984
-0.0234546661376953 0.0210685729980469 -0.00638008117675781 0.0262680053710937
-0.00631141662597656 0.0184879302978516 -0.00308990478515625 0.0317306518554688
0.00364303588867188 0.0177593231201172 0.012847900390625 0.0343074798583984
0.0128211975097656 0.0111055374145508 0.0251560211181641 0.0239639282226563
0.0191192626953125 0.0014190673828125 0.0310707092285156 0.0109577178955078
0.0197639465332031 -0.00383377075195313 0.02490234375 0.00640487670898438
0.017207145690918 -0.00255393981933594 0.0148277282714844 0.0078420639038086
0.0225334167480469 -0.00324821472167969 0.00355625152587891 0.0119876861572266
0.0252399444580078 0.00723457336425781 -0.00826835632324219 0.010676383972168
0.0178756713867188 0.0213680267333984 -0.0181522369384766 -0.00369071960449219
0.00279426574707031 0.0296230316162109 -0.0106678009033203 -0.0176906585693359
-0.0212345123291016 0.0242214202880859 0.0125083923339844 -0.0224609375
-0.0368614196777344 0.0114517211914062 0.0130300521850586 -0.00330162048339844
-0.0470809936523438 -0.00269317626953125 -0.00992584228515625 0.00272655487060547
-0.042083740234375 -0.00711441040039063 -0.00650787353515626 0.0257759094238281
-0.0330066680908203 0.012725830078125 -0.0215988159179688 0.0282707214355469
-0.0178737640380859 0.019195556640625 -0.01129150390625 0.0365676879882813
-0.00418472290039063 0.0250644683837891 0.00766372680664063 0.0376815795898437
0.0104408264160156 0.0201148986816406 0.0192584991455078 0.0254631042480469
0.0225028991699219 0.0108833312988281 0.0244903564453125 0.0131797790527344
0.0245246887207031 0.00295448303222656 0.0161342620849609 0.00845909118652344
0.0207138061523438 0.00303459167480469 0.00634956359863281 0.00936698913574219
0.0243110656738281 0.00286293029785156 -0.00396156311035156 0.0141162872314453
0.02459716796875 0.0114154815673828 -0.0149679183959961 0.0119295120239258
0.0152568817138672 0.0222988128662109 -0.0229873657226562 -0.00103378295898438
0.00124359130859375 0.0286884307861328 -0.0159406661987305 -0.0146207809448242
-0.0202350616455078 0.0221443176269531 0.00376510620117188 -0.0188407897949219
-0.034454345703125 0.00885963439941406 -0.000543028116226198 -0.000103622674942016
-0.0441398620605469 -0.00636291503906251 -0.0242919921875 0.00194931030273438
-0.0352973937988281 -0.01470947265625 -0.0230789184570313 0.0196952819824219
-0.0345420837402344 0.00251388549804687 -0.0373611450195313 0.0257530212402344
-0.02508544921875 0.0147705078125 -0.0208740234375 0.0375785827636719
-0.0116367340087891 0.02606201171875 0.000797271728515625 0.03662109375
0.00573539733886719 0.0248870849609375 0.0127334594726563 0.0227680206298828
0.0204792022705078 0.0179576873779297 0.0152788162231445 0.0124416351318359
0.0248641967773438 0.00847816467285156 0.00556278228759766 0.0083765983581543
0.0204563140869141 0.00774765014648437 -0.00349140167236328 0.0102396011352539
0.0231494903564453 0.008026123046875 -0.0121345520019531 0.0146312713623047
0.0211772918701172 0.0146961212158203 -0.0206413269042969 0.0122604370117188
0.0112209320068359 0.0224533081054688 -0.0262241363525391 0.000156402587890624
-0.00254631042480469 0.0260028839111328 -0.0178813934326172 -0.0120258331298828
-0.0207328796386719 0.0165367126464844 -0.00129985809326172 -0.0139379501342773
-0.0299358367919922 0.00226593017578125 -0.010066032409668 0.00553417205810547
-0.0373001098632813 -0.0124130249023437 -0.0365715026855469 0.000812530517578119
-0.0203685760498047 -0.018707275390625 -0.0335292816162109 0.0116729736328125
-0.0254001617431641 -0.00641059875488282 -0.0470237731933594 0.0190010070800781
-0.0234260559082031 0.00620841979980469 -0.0282840728759766 0.0341014862060547
-0.0159931182861328 0.0192070007324219 -0.00548744201660157 0.0315151214599609
-0.00111198425292969 0.0222682952880859 0.00609588623046875 0.017730712890625
0.0139713287353516 0.0206108093261719 0.00551319122314453 0.00848531723022461
0.0198593139648438 0.0135631561279297 -0.00449609756469726 0.00645160675048828
0.0165061950683594 0.0109767913818359 -0.012516975402832 0.00927352905273438
0.0189552307128906 0.0121994018554688 -0.0193061828613281 0.0126438140869141
0.0160551071166992 0.017481803894043 -0.0249900817871094 0.0098114013671875
0.00570106506347656 0.0216560363769531 -0.0272026062011719 -0.00107574462890625
-0.00718498229980469 0.0223903656005859 -0.0177574157714844 -0.0105552673339844
-0.0216236114501953 0.00962448120117188 -0.00464534759521485 -0.00944995880126953
-0.0249042510986328 -0.00623893737792968 -0.0167465209960938 0.00669670104980469
-0.0263099670410156 -0.0190563201904297 -0.0442047119140625 -0.00275802612304688
-0.002227783203125 -0.016754150390625 -0.0382728576660156 0.00388717651367188
-0.00782299041748047 -0.0117340087890625 -0.0504875183105469 0.0123214721679687
-0.0135316848754883 -0.00366592407226563 -0.0312061309814453 0.0294933319091797
-0.0145578384399414 0.00687694549560547 -0.00774955749511719 0.0255489349365234
-0.00699806213378906 0.0130176544189453 0.00201892852783203 0.0104131698608398
0.00338363647460938 0.0183544158935547 -0.00250601768493652 0.00279927253723145
0.0110998153686523 0.0157251358032227 -0.0128498077392578 0.00338363647460937
0.0102682113647461 0.0134706497192383 -0.0200862884521484 0.00707054138183593
0.0119533538818359 0.0143003463745117 -0.0250434875488281 0.0106372833251953
0.00924110412597656 0.0177040100097656 -0.0288410186767578 0.00658798217773437
0.000505447387695311 0.0199356079101563 -0.0285472869873047 -0.00395393371582031
-0.0110893249511719 0.0189094543457031 -0.0174674987792969 -0.012242317199707
-0.0224227905273438 0.00262260437011719 -0.00499057769775391 -0.00956916809082031
-0.0184860229492187 -0.0148830413818359 -0.0197353363037109 0.00559043884277343
-0.0142822265625 -0.0251045227050781 -0.0474815368652344 -0.00757980346679688
0.0157852172851563 -0.0129947662353516 -0.0333538055419922 -0.000114440917968755
0.00976371765136719 -0.0132417678833008 -0.0459022521972656 0.00787353515625001
-0.00046825408935547 -0.0123367309570313 -0.0288925170898438 0.0252037048339844
-0.00904369354248047 -0.00714015960693359 -0.00705146789550781 0.0205307006835938
-0.011042594909668 0.000777244567871096 0.00149822235107422 0.00619363784790039
-0.00757980346679688 0.0122604370117188 -0.00570058822631836 -0.00153541564941406
0.000394821166992186 0.0152158737182617 -0.0169897079467773 -0.000864028930664059
0.00227069854736328 0.0130033493041992 -0.0246162414550781 0.003814697265625
0.0039520263671875 0.0137615203857422 -0.0290355682373047 0.00617980957031251
0.00249767303466797 0.0163955688476562 -0.0311756134033203 0.000490188598632809
-0.00341987609863281 0.015904426574707 -0.0286178588867188 -0.00805091857910156
-0.0129108428955078 0.0132112503051758 -0.0168819427490234 -0.0149526596069336
-0.0205402374267578 -0.00357627868652344 -0.00622940063476563 -0.0121393203735352
-0.0111598968505859 -0.020477294921875 -0.0203666687011719 -0.00127792358398438
8.77380371093776E-05 -0.0284957885742188 -0.0452804565429688 -0.0156517028808594
-0.0206089019775391 0.0227508544921875 0.0409507751464844 0.0178337097167969
0.00852203369140625 0.0263824462890625 0.0178337097167969 0.0121307373046875
0.0170488357543945 0.00422477722167969 0.00576114654541016 0.0160989761352539
0.0130996704101563 -0.0057525634765625 0.0175819396972656 0.0228977203369141
0.0074310302734375 -0.0110645294189453 0.0301513671875 0.0144977569580078
0.000456809997558594 -0.0167102813720703 0.0345344543457031 0.000926971435546874
-0.000562667846679687 -0.0142173767089844 0.0331306457519531 -0.00390434265136719
0.00103282928466797 -0.0127677917480469 0.0259208679199219 -0.00189018249511719
0.0062713623046875 -0.016505241394043 0.0170059204101563 0.00428962707519531
0.0167331695556641 -0.00869274139404297 0.00620079040527344 0.00626802444458008
0.0192127227783203 0.00676536560058594 -0.00474882125854492 -0.00499248504638672
0.0102691650390625 0.0178909301757813 0.00210380554199219 -0.0183544158935547
-0.00977134704589844 0.0216331481933594 0.0293407440185547 -0.0232086181640625
-0.0243301391601563 0.0188655853271484 0.0416259765625 -0.0069732666015625
-0.0359611511230469 0.0104103088378906 0.0219287872314453 0.00507164001464844
-0.0337467193603516 0.0157451629638672 0.0307254791259766 0.0256595611572266
-0.00641059875488281 0.0267238616943359 0.0104618072509766 0.0208110809326172
0.00764846801757813 0.0123062133789063 0.00465774536132812 0.0242137908935547
0.0101184844970703 0.00562095642089844 0.0173072814941406 0.0290641784667969
0.0108375549316406 -0.00177669525146484 0.0304393768310547 0.0196533203125
0.0103769302368164 -0.00947761535644531 0.0361480712890625 0.00609588623046875
0.0104846954345703 -0.0105533599853516 0.0327625274658203 0.000818252563476562
0.0104026794433594 -0.00850772857666015 0.0241851806640625 0.00259208679199219
0.0158195495605469 -0.0113677978515625 0.0138940811157227 0.00921440124511719
0.0231513977050781 -0.000743865966796875 0.00157642364501953 0.0105276107788086
0.0207271575927734 0.0154953002929688 -0.0109729766845703 -0.00244331359863281
0.00789642333984375 0.0270404815673828 -0.00505828857421875 -0.0169000625610352
-0.0175952911376953 0.0260486602783203 0.0206165313720703 -0.0242862701416016
-0.0348854064941406 0.0173206329345703 0.0287189483642578 -0.00577735900878906
-0.0470237731933594 0.00635147094726562 0.00762939453125 0.00616073608398437
-0.0433197021484375 0.00540542602539062 0.0151176452636719 0.0301914215087891
-0.0228328704833984 0.0226173400878906 -0.00195884704589844 0.0286598205566406
-0.00553131103515625 0.0186271667480469 -0.000196456909179688 0.0325965881347656
0.00414466857910156 0.01788330078125 0.0153331756591797 0.0350990295410156
0.0126094818115234 0.0104455947875977 0.0280475616455078 0.0241565704345703
0.0191307067871094 5.340576171875E-05 0.0342292785644531 0.0102176666259766
0.0203037261962891 -0.00500679016113281 0.0282058715820313 0.005157470703125
0.0179061889648438 -0.00300788879394531 0.0185966491699219 0.00699043273925781
0.0232143402099609 -0.0043792724609375 0.00757884979248047 0.0130205154418945
0.0268745422363281 0.00569343566894531 -0.00490856170654297 0.0133085250854492
0.0200862884521484 0.0208568572998047 -0.0176582336425781 0.000156402587890626
0.00581932067871094 0.0309314727783203 -0.0124044418334961 -0.015009880065918
-0.02069091796875 0.0277442932128906 0.0106601715087891 -0.0230331420898438
-0.0393714904785156 0.0157203674316406 0.0138425827026367 -0.00309181213378906
-0.0513763427734375 0.00138092041015624 -0.00868368148803711 0.00654268264770508
-0.0451583862304688 -0.00598526000976562 -0.00335311889648438 0.0306549072265625
-0.0347137451171875 0.01385498046875 -0.0187473297119141 0.0322208404541016
-0.0184192657470703 0.0207862854003906 -0.00853347778320313 0.0383796691894531
-0.00366020202636719 0.0270290374755859 0.0100555419921875 0.0386314392089844
0.0114402770996094 0.0211639404296875 0.0222072601318359 0.0254669189453125
0.0241851806640625 0.0103397369384766 0.0280971527099609 0.0123271942138672
0.0265140533447266 0.00173187255859375 0.0195293426513672 0.00789070129394531
0.0227718353271484 0.00267601013183594 0.00979042053222656 0.00959396362304688
0.0262031555175781 0.00227737426757813 -0.000514984130859374 0.0153331756591797
0.0270557403564453 0.0112686157226563 -0.0112771987915039 0.0150108337402344
0.0176963806152344 0.0233898162841797 -0.0221405029296875 0.00275993347167969
0.00296783447265625 0.0311985015869141 -0.0165109634399414 -0.0113582611083984
-0.0214939117431641 0.0253467559814453 0.00233268737792968 -0.0183010101318359
-0.0378189086914063 0.0112419128417969 0.000737071037292478 0.00166428089141846
-0.048797607421875 -0.00411224365234374 -0.0239810943603516 0.00623130798339843
-0.0392417907714844 -0.0157737731933594 -0.0223331451416016 0.0250015258789063
-0.0381889343261719 0.00231170654296876 -0.0352745056152344 0.0306816101074219
-0.0270442962646484 0.0169296264648437 -0.0179824829101563 0.0406761169433594
-0.0120887756347656 0.0293483734130859 0.003692626953125 0.0382041931152344
0.00693511962890625 0.0270938873291016 0.015411376953125 0.0230197906494141
0.0238132476806641 0.0188312530517578 0.0177421569824219 0.01220703125
0.0279903411865234 0.00838661193847656 0.00823640823364258 0.00854730606079101
0.0232048034667969 0.00779151916503906 -0.000859260559082029 0.0111322402954102
0.0260658264160156 0.00836563110351562 -0.00881099700927734 0.0161600112915039
0.0244579315185547 0.0157299041748047 -0.0176906585693359 0.0145606994628906
0.0132503509521484 0.0246238708496094 -0.0247459411621094 0.00333976745605469
-0.00156402587890625 0.0294666290283203 -0.0183200836181641 -0.00919532775878906
-0.0224113464355469 0.0194931030273438 -0.00187492370605469 -0.0128746032714844
-0.0343608856201172 0.00342941284179688 -0.00937843322753906 0.00778484344482422
-0.0427589416503906 -0.0116653442382812 -0.0373573303222656 0.00579071044921875
-0.0241413116455078 -0.0212879180908203 -0.0347976684570313 0.0168170928955078
-0.0297050476074219 -0.00833702087402344 -0.0476493835449219 0.0241012573242187
-0.0269565582275391 0.00716972351074219 -0.0258293151855469 0.0373153686523438
-0.0176658630371094 0.0224208831787109 -0.00335884094238281 0.0332221984863281
-0.000162124633789064 0.025604248046875 0.00731658935546875 0.0177364349365234
0.0172595977783203 0.0230560302734375 0.00702762603759766 0.00877666473388672
0.0238685607910156 0.0138206481933594 -0.00367307662963867 0.00701093673706055
0.0202960968017578 0.0119552612304688 -0.0111770629882812 0.0101823806762695
0.0228919982910156 0.0127906799316406 -0.0172672271728516 0.0143861770629883
0.0199871063232422 0.0188236236572266 -0.0231361389160156 0.0116462707519531
0.00786781311035156 0.0248050689697266 -0.0264778137207031 0.00133895874023437
-0.0066986083984375 0.0263442993164063 -0.0176811218261719 -0.00863075256347656
-0.0240840911865234 0.012664794921875 -0.00477790832519531 -0.00827693939208984
-0.0302066802978516 -0.00601387023925782 -0.0166902542114258 0.00920963287353516
-0.0319614410400391 -0.0207862854003906 -0.0460777282714844 0.00136184692382812
-0.0047760009765625 -0.0213451385498047 -0.0409202575683594 0.00739288330078125
-0.0116853713989258 -0.015263557434082 -0.0520858764648438 0.0167503356933594
-0.0175609588623047 -0.00447654724121094 -0.0295925140380859 0.0325450897216797
-0.0175228118896484 0.00930404663085938 -0.00653076171875 0.0261859893798828
-0.00726318359375 0.0164957046508789 0.00259208679199219 0.0102329254150391
0.00648880004882813 0.0210609436035156 -0.00245308876037598 0.00293493270874024
0.0151424407958984 0.0170965194702148 -0.0131597518920898 0.00416946411132813
0.0138072967529297 0.0145225524902344 -0.0203647613525391 0.00879096984863281
0.0161800384521484 0.0152816772460938 -0.0245685577392578 0.0123348236083984
0.0135154724121094 0.0202236175537109 -0.0282249450683594 0.00771141052246094
0.00323677062988282 0.0231800079345703 -0.0285758972167969 -0.00194168090820312
-0.0108318328857422 0.0228614807128906 -0.0177555084228516 -0.0105686187744141
-0.0259304046630859 0.00538253784179688 -0.00508546829223633 -0.00834798812866211
-0.0236988067626953 -0.0152969360351563 -0.020233154296875 0.00805282592773437
-0.0191135406494141 -0.0279979705810547 -0.0510101318359375 -0.00460433959960938
0.0153999328613281 -0.0186882019042969 -0.03668212890625 0.00149154663085938
0.00746345520019531 -0.0182762145996094 -0.0476493835449219 0.0111465454101563
-0.00365257263183594 -0.0143232345581055 -0.0274772644042969 0.028167724609375
-0.0129585266113281 -0.00644207000732422 -0.00522804260253907 0.0207405090332031
-0.0125207901000977 0.00421524047851563 0.00157737731933594 0.00513648986816406
-0.00587177276611328 0.0156230926513672 -0.00686931610107422 -0.00255727767944336
0.00416374206542969 0.0174713134765625 -0.0191020965576172 -0.000274658203125
0.00565242767333984 0.014348030090332 -0.0259342193603516 0.00490760803222656
0.00778579711914063 0.0153751373291016 -0.0300464630126953 0.00743293762207032
0.00609397888183594 0.0181121826171875 -0.0321464538574219 0.00182723999023437
-0.001495361328125 0.0189723968505859 -0.0296421051025391 -0.00711631774902343
-0.0125236511230469 0.016901969909668 -0.0177059173583984 -0.0141620635986328
-0.0238265991210938 -0.000865936279296874 -0.0069732666015625 -0.0110435485839844
-0.0157966613769531 -0.0213966369628906 -0.0222148895263672 -0.000108718872070315
-0.00472068786621094 -0.0319766998291016 -0.0493354797363281 -0.0144538879394531
-0.0174617767333984 0.0253353118896484 0.0452842712402344 0.0173530578613281
0.0128326416015625 0.0256156921386719 0.0204524993896484 0.0109348297119141
0.0184783935546875 0.00176811218261719 0.00651168823242188 0.015477180480957
0.012242317199707 -0.00786876678466797 0.0181636810302734 0.0226268768310547
0.00577735900878906 -0.012904167175293 0.0311832427978516 0.0146751403808594
-0.00285816192626953 -0.0171728134155273 0.0366401672363281 0.000522613525390624
-0.003143310546875 -0.0142793655395508 0.0353775024414063 -0.00530624389648438
-0.000998497009277344 -0.01312255859375 0.0283603668212891 -0.00319480895996094
0.00299644470214844 -0.0177898406982422 0.0197772979736328 0.00342178344726562
0.01495361328125 -0.011256217956543 0.00895500183105469 0.00723075866699219
0.0202007293701172 0.00391387939453125 -0.0036168098449707 -0.00293874740600586
0.0134162902832031 0.0168123245239258 0.00137424468994141 -0.0166988372802734
-0.00623512268066406 0.0240478515625 0.0280475616455078 -0.0244655609130859
-0.0223636627197266 0.0237445831298828 0.0432586669921875 -0.0089874267578125
-0.0352745056152344 0.0162887573242188 0.0254783630371094 0.00564956665039063
-0.0327129364013672 0.0184078216552734 0.0353546142578125 0.0267906188964844
-0.00417327880859375 0.0272808074951172 0.0145416259765625 0.0207176208496094
0.00841522216796875 0.0107746124267578 0.00591850280761719 0.0234107971191406
0.00995540618896484 0.00399494171142578 0.0189285278320313 0.0294322967529297
0.00968647003173828 -0.00266456604003906 0.0323352813720703 0.0197219848632813
0.00861740112304688 -0.00972843170166016 0.0383148193359375 0.005157470703125
0.00908374786376953 -0.0110445022583008 0.0357513427734375 -0.000625610351562501
0.00943374633789063 -0.00885295867919922 0.0279388427734375 0.00154304504394531
0.0146865844726562 -0.0120925903320312 0.0176544189453125 0.00840568542480469
0.0229644775390625 -0.00283050537109375 0.00487136840820313 0.0113563537597656
0.0222415924072266 0.0142478942871094 -0.0091705322265625 -4.19616699218723E-05
0.0105247497558594 0.0265522003173828 -0.00553131103515625 -0.01495361328125
-0.0158309936523437 0.0284709930419922 0.0190277099609375 -0.0248165130615234
-0.0353012084960938 0.0217819213867187 0.0305271148681641 -0.00701713562011718
-0.0477676391601563 0.0112419128417969 0.0112733840942383 0.00776100158691406
-0.0436820983886719 0.00726318359374999 0.0194377899169922 0.0328330993652344
-0.022308349609375 0.0238857269287109 0.00198936462402344 0.0296859741210938
-0.005279541015625 0.018463134765625 0.00197601318359375 0.0323143005371094
0.00440216064453125 0.0175857543945313 0.0171623229980469 0.0355415344238281
0.01263427734375 0.0105724334716797 0.0304698944091797 0.0240917205810547
0.0189247131347656 -0.0006561279296875 0.0373420715332031 0.0092010498046875
0.0206966400146484 -0.00580024719238281 0.0313529968261719 0.00365257263183594
0.0183620452880859 -0.00391578674316406 0.0221977233886719 0.00577545166015625
0.02301025390625 -0.00536537170410156 0.0114727020263672 0.0125751495361328
0.0277652740478516 0.00462150573730469 -0.000973701477050778 0.0147705078125
0.0222625732421875 0.0206584930419922 -0.0153779983520508 0.00306129455566407
0.00795555114746094 0.0322456359863281 -0.0122365951538086 -0.0122461318969727
-0.0200405120849609 0.0302333831787109 0.00925827026367187 -0.0223102569580078
-0.0409622192382813 0.0193901062011719 0.0160207748413086 -0.00313091278076172
-0.0535507202148438 0.00541305541992188 -0.00557422637939453 0.00931644439697266
-0.0480117797851563 -0.0047454833984375 0.000240325927734371 0.0340785980224609
-0.0367164611816406 0.0151901245117188 -0.0147056579589844 0.0343818664550781
-0.0193157196044922 0.021759033203125 -0.00567245483398438 0.038787841796875
-0.0037994384765625 0.0284271240234375 0.0121574401855469 0.0394020080566406
0.0122776031494141 0.0220146179199219 0.0250968933105469 0.0257396697998047
0.0254974365234375 0.0104446411132813 0.0305690765380859 0.011444091796875
0.0284347534179687 0.00114250183105469 0.0225505828857422 0.00710868835449219
0.0245990753173828 0.00222015380859375 0.012969970703125 0.00886344909667969
0.0284385681152344 0.00147247314453125 0.00323963165283203 0.0153779983520508
0.0292644500732422 0.0108470916748047 -0.007659912109375 0.016200065612793
0.0197467803955078 0.0242252349853516 -0.0195465087890625 0.00492286682128907
0.00481605529785156 0.0332164764404297 -0.0161170959472656 -0.00861358642578124
-0.0218429565429688 0.0279445648193359 0.0018320083618164 -0.0173435211181641
-0.0409736633300781 0.0138092041015625 0.00256609916687012 0.0031123161315918
-0.05267333984375 -0.001556396484375 -0.0219001770019531 0.0101299285888672
-0.0431022644042969 -0.0164299011230469 -0.0199127197265625 0.0293979644775391
-0.04150390625 0.00329589843749999 -0.0327587127685547 0.03387451171875
-0.0296459197998047 0.0184555053710938 -0.0153465270996094 0.041534423828125
-0.0125656127929688 0.0322341918945312 0.00557327270507812 0.0389785766601562
0.00806999206542969 0.0291919708251953 0.0168533325195313 0.0231151580810547
0.0265884399414062 0.0195903778076172 0.0199146270751953 0.0110530853271484
0.0310440063476562 0.00753021240234375 0.0103015899658203 0.00821781158447266
0.0263538360595703 0.0076751708984375 0.00140953063964844 0.0106124877929688
0.0292892456054688 0.00803947448730469 -0.00613117218017578 0.0159664154052734
0.0278949737548828 0.0161476135253906 -0.0144443511962891 0.0156927108764648
0.015869140625 0.0263843536376953 -0.0230388641357422 0.00490379333496093
-0.000391006469726562 0.0324268341064453 -0.0171985626220703 -0.00683021545410156
-0.0243339538574219 0.0226211547851562 -0.00171852111816406 -0.011164665222168
-0.0384979248046875 0.00535964965820313 -0.00766181945800782 0.00971412658691406
-0.04736328125 -0.0104637145996094 -0.0361595153808594 0.00934982299804688
-0.0283107757568359 -0.0238208770751953 -0.034759521484375 0.0209827423095703
-0.0345611572265625 -0.00888633728027344 -0.0462226867675781 0.0282249450683594
-0.0303840637207031 0.00852966308593749 -0.0236434936523438 0.0386924743652344
-0.0187644958496094 0.02587890625 -0.00186920166015625 0.0339088439941406
0.000701904296875001 0.0287551879882812 0.00826072692871094 0.0175724029541016
0.0207786560058594 0.0242481231689453 0.00829887390136719 0.0083303451538086
0.0278606414794922 0.0136337280273438 -0.00235128402709961 0.00737571716308594
0.0241413116455078 0.0116291046142578 -0.0101184844970703 0.0107192993164062
0.02685546875 0.0126285552978516 -0.0155239105224609 0.0146856307983398
0.0238304138183594 0.0197544097900391 -0.0211334228515625 0.01214599609375
0.0106430053710937 0.0272560119628906 -0.0249671936035156 0.00275993347167969
-0.0051422119140625 0.02996826171875 -0.0169954299926758 -0.00706195831298828
-0.0263175964355469 0.0159549713134766 -0.00374507904052735 -0.00731706619262695
-0.0348949432373047 -0.00478172302246094 -0.0154275894165039 0.011805534362793
-0.03729248046875 -0.020782470703125 -0.0459823608398438 0.00463485717773438
-0.00806617736816406 -0.0255146026611328 -0.0423851013183594 0.0108833312988281
-0.0164260864257813 -0.0175352096557617 -0.0521430969238281 0.0205802917480469
-0.0215663909912109 -0.0039825439453125 -0.0274162292480469 0.0343647003173828
-0.0195999145507812 0.0119762420654297 -0.00505447387695313 0.0262718200683594
-0.00705909729003906 0.0203723907470703 0.00247955322265625 0.00956821441650391
0.00972938537597656 0.0236167907714844 -0.00216507911682129 0.00275087356567383
0.0193672180175781 0.0170516967773438 -0.0140714645385742 0.00471687316894532
0.0179729461669922 0.0146903991699219 -0.0201873779296875 0.00983810424804688
0.0202579498291016 0.0155868530273438 -0.0241508483886719 0.0126972198486328
0.0176658630371094 0.021087646484375 -0.0270328521728516 0.00837326049804688
0.00617599487304687 0.0257892608642578 -0.0277900695800781 -0.00139236450195313
-0.00941658020019531 0.0265960693359375 -0.01727294921875 -0.00965499877929688
-0.0280265808105469 0.00870513916015625 -0.00486850738525391 -0.00745439529418945
-0.0290489196777344 -0.0146560668945313 -0.0199966430664063 0.0101757049560547
-0.0248050689697266 -0.0292758941650391 -0.0522956848144531 -0.00274276733398439
0.013336181640625 -0.0233402252197266 -0.0400276184082031 0.00363540649414063
0.004119873046875 -0.0222816467285156 -0.0492057800292969 0.0142860412597656
-0.0071868896484375 -0.0149374008178711 -0.0255756378173828 0.0293140411376953
-0.0157804489135742 -0.00404644012451172 -0.00497627258300781 0.0202064514160156
-0.0133457183837891 0.00769615173339844 0.00111770629882812 0.0037686824798584
-0.00328636169433594 0.0184383392333984 -0.00826263427734375 -0.00289773941040039
0.00804328918457031 0.01812744140625 -0.0210361480712891 0.000642776489257814
0.00893115997314453 0.0149412155151367 -0.0272769927978516 0.00671386718750001
0.0117788314819336 0.0155858993530273 -0.0314922332763672 0.00845718383789063
0.00963783264160156 0.018951416015625 -0.0328502655029297 0.00247573852539063
0.00115013122558594 0.0209140777587891 -0.0299892425537109 -0.00650787353515625
-0.0115985870361328 0.0201969146728516 -0.0181541442871094 -0.0138511657714844
-0.025787353515625 0.00197219848632813 -0.00701045989990235 -0.0102996826171875
-0.0208930969238281 -0.0211219787597656 -0.0233650207519531 0.00185585021972656
-0.00934982299804688 -0.0339679718017578 -0.0523452758789063 -0.0131759643554687
-0.0145244598388672 0.0270404815673828 0.0490646362304687 0.0171699523925781
0.0159835815429688 0.0244960784912109 0.0232105255126953 0.00954818725585938
0.0189685821533203 -0.000270843505859375 0.00723075866699219 0.0148811340332031
0.0114011764526367 -0.0103931427001953 0.0188999176025391 0.0236587524414063
0.00391483306884766 -0.0138702392578125 0.0328502655029297 0.0151233673095703
-0.00557899475097656 -0.0171594619750977 0.0385589599609375 0.000438690185546874
-0.00539112091064453 -0.0133247375488281 0.0377197265625 -0.00659561157226563
-0.00299358367919922 -0.0123109817504883 0.0309219360351563 -0.00474929809570313
0.000619888305664061 -0.0179481506347656 0.0231056213378906 0.00258445739746094
0.0130825042724609 -0.0131816864013672 0.0120468139648438 0.00745868682861328
0.0210704803466797 0.00137710571289063 -0.00209903717041015 -0.000924825668334961
0.0155353546142578 0.0152549743652344 0.001953125 -0.0152339935302734
-0.00358772277832031 0.0258369445800781 0.0273265838623047 -0.0249996185302734
-0.0210762023925781 0.0279808044433594 0.0454139709472656 -0.0107879638671875
-0.0341968536376953 0.0207099914550781 0.0296630859375 0.00537490844726563
-0.0314731597900391 0.0202655792236328 0.0401535034179688 0.028106689453125
-0.00241470336914062 0.0269069671630859 0.0175724029541016 0.0196571350097656
0.00821971893310547 0.00932502746582031 0.00680160522460937 0.0232219696044922
0.00872468948364258 0.00309944152832031 0.01959228515625 0.0303974151611328
0.00883960723876953 -0.00249099731445313 0.0345516204833984 0.0205955505371094
0.00696277618408203 -0.0101289749145508 0.0413780212402344 0.0048370361328125
0.00783538818359375 -0.0108728408813477 0.0391311645507813 -0.00172042846679688
0.00921535491943359 -0.00862598419189453 0.0309505462646484 -0.000308990478515625
0.0134525299072266 -0.0129022598266602 0.0211181640625 0.00783157348632813
0.0228157043457031 -0.00461578369140625 0.00820446014404297 0.0118741989135742
0.0235996246337891 0.0126113891601563 -0.00740480422973633 0.00237035751342773
0.0128078460693359 0.0266475677490234 -0.0047616958618164 -0.0127458572387695
-0.0144977569580078 0.0313453674316406 0.0183010101318359 -0.0243911743164062
-0.03533935546875 0.0257682800292969 0.0328731536865234 -0.0078582763671875
-0.0485916137695313 0.0149269104003906 0.0149002075195312 0.00933551788330078
-0.0451927185058594 0.00885391235351562 0.0236454010009766 0.0348072052001953
-0.0228691101074219 0.0248069763183594 0.00565338134765625 0.0295391082763672
-0.0059051513671875 0.0185661315917969 0.00354194641113281 0.0317516326904297
0.00412178039550781 0.018157958984375 0.0187950134277344 0.0368881225585938
0.0130243301391602 0.0107898712158203 0.0322093963623047 0.0243892669677734
0.0190849304199219 -0.000219345092773438 0.0400962829589844 0.008544921875
0.0208358764648438 -0.00582122802734375 0.0350112915039063 0.00244712829589844
0.0193347930908203 -0.00410842895507813 0.0257701873779297 0.00431632995605469
0.0236415863037109 -0.00583076477050781 0.015101432800293 0.0117721557617188
0.0288410186767578 0.00380134582519531 0.0028676986694336 0.0147304534912109
0.0242385864257813 0.0210361480712891 -0.0123252868652344 0.00502777099609375
0.00981330871582031 0.0329799652099609 -0.010894775390625 -0.00938034057617187
-0.01947021484375 0.0329208374023437 0.00924873352050781 -0.0216178894042969
-0.0429039001464844 0.0226669311523438 0.0181770324707031 -0.00285148620605469
-0.0562286376953125 0.00875091552734375 -0.00221729278564453 0.0116691589355469
-0.0512428283691406 -0.00430679321289063 0.00410079956054687 0.0370597839355469
-0.0391502380371094 0.0162773132324219 -0.0119514465332031 0.0353813171386719
-0.0213985443115234 0.0229892730712891 -0.00423812866210938 0.0388565063476562
-0.00397872924804688 0.0303440093994141 0.0133094787597656 0.04034423828125
0.0131244659423828 0.0239524841308594 0.0271072387695312 0.0259437561035156
0.0272979736328125 0.0104331970214844 0.0334587097167969 0.0109939575195313
0.0303268432617188 0.000310897827148438 0.0255565643310547 0.00618743896484375
0.0270233154296875 0.001708984375 0.0153427124023438 0.00802516937255859
0.0307273864746094 0.00147056579589844 0.0063018798828125 0.014042854309082
0.0315341949462891 0.010772705078125 -0.00451469421386719 0.0157432556152344
0.0221328735351563 0.0256099700927734 -0.0168123245239258 0.00645065307617188
0.00644302368164063 0.0354843139648438 -0.0143499374389648 -0.00657463073730468
-0.0223941802978516 0.0307216644287109 0.00220870971679687 -0.0162210464477539
-0.0444297790527344 0.0167808532714844 0.00440931320190429 0.00361967086791992
-0.0566673278808594 0.000682830810546882 -0.0194244384765625 0.0126876831054688
-0.0474777221679688 -0.0176506042480469 -0.0176982879638672 0.0325584411621094
-0.0460929870605469 0.00425338745117188 -0.0306777954101563 0.0361518859863281
-0.0323371887207031 0.0204658508300781 -0.0136032104492187 0.0423660278320313
-0.0132942199707031 0.0353622436523437 0.0062408447265625 0.0396537780761719
0.00929832458496094 0.0317115783691406 0.018768310546875 0.0235538482666016
0.0296421051025391 0.0201129913330078 0.0222625732421875 0.01043701171875
0.0343036651611328 0.00718879699707031 0.0121793746948242 0.00774669647216797
0.0294036865234375 0.00717353820800781 0.00333499908447266 0.0100803375244141
0.0329685211181641 0.00775527954101563 -0.00415325164794922 0.0153436660766602
0.0313987731933594 0.0170269012451172 -0.0119686126708984 0.0156211853027344
0.0184459686279297 0.0287723541259766 -0.0205230712890625 0.00604248046875
0.0014190673828125 0.0359687805175781 -0.0156831741333008 -0.00576972961425781
-0.0255508422851562 0.0255641937255859 -0.000737190246582034 -0.010533332824707
-0.0429573059082031 0.00800704956054688 -0.00560092926025391 0.0113840103149414
-0.051971435546875 -0.00916290283203124 -0.0348300933837891 0.0119400024414062
-0.0336265563964844 -0.0254192352294922 -0.0345382690429688 0.0246143341064453
-0.0397453308105469 -0.0091094970703125 -0.0457420349121094 0.0310096740722656
-0.0338020324707031 0.0103664398193359 -0.02203369140625 0.039886474609375
-0.0202293395996094 0.0295829772949219 -0.00126838684082031 0.0340595245361328
0.00176048278808594 0.0319595336914063 0.00886726379394531 0.0177059173583984
0.0244083404541016 0.0257434844970703 0.0095815658569336 0.00792026519775391
0.0317115783691406 0.0126628875732422 -0.0020298957824707 0.00751209259033203
0.0276107788085938 0.0111827850341797 -0.00918006896972656 0.0104999542236328
0.0304374694824219 0.0122261047363281 -0.0146913528442383 0.0145778656005859
0.0279102325439453 0.0204086303710938 -0.0194625854492187 0.0121974945068359
0.01336669921875 0.0297889709472656 -0.0236434936523438 0.00275039672851562
-0.00412750244140625 0.0337390899658203 -0.0157127380371094 -0.00658893585205078
-0.0286026000976562 0.0189456939697266 -0.00272226333618164 -0.0062870979309082
-0.0400314331054687 -0.00244903564453125 -0.0144081115722656 0.0132036209106445
-0.0424919128417969 -0.020294189453125 -0.0461997985839844 0.00690841674804688
-0.0120315551757813 -0.0282344818115234 -0.0440139770507813 0.014251708984375
-0.0219669342041016 -0.0186672210693359 -0.0531349182128906 0.0233497619628906
-0.0247440338134766 -0.00329208374023437 -0.0267219543457031 0.0351276397705078
-0.0217342376708984 0.0155735015869141 -0.00474166870117188 0.0264549255371094
-0.00641441345214843 0.0239601135253906 0.00203990936279297 0.00968074798583985
0.0131034851074219 0.0253334045410156 -0.00276637077331543 0.00238180160522461
0.0238246917724609 0.0168209075927734 -0.0146627426147461 0.00538349151611328
0.0211620330810547 0.0141620635986328 -0.0205764770507812 0.0106105804443359
0.0245189666748047 0.0155181884765625 -0.024139404296875 0.0127048492431641
0.0215167999267578 0.0214080810546875 -0.0272483825683594 0.00809478759765625
0.00855064392089844 0.028350830078125 -0.027008056640625 -0.00101089477539063
-0.00810050964355468 0.0297870635986328 -0.0165624618530273 -0.00971889495849609
-0.0298538208007812 0.0119075775146484 -0.0035858154296875 -0.0067906379699707
-0.0341434478759766 -0.0132865905761719 -0.0196495056152344 0.0115909576416016
-0.0301589965820313 -0.0297031402587891 -0.053863525390625 -0.00101089477539063
0.0103111267089844 -0.0265865325927734 -0.0426406860351563 0.00547409057617188
-0.000310897827148435 -0.0245990753173828 -0.0506515502929688 0.0164718627929687
-0.0106573104858398 -0.0156316757202148 -0.0252056121826172 0.0298728942871094
-0.0179634094238281 -0.00203323364257813 -0.00494384765625 0.019500732421875
-0.0132369995117188 0.0109272003173828 -1.93119049072277E-05 0.00280022621154785
3.43322753906232E-05 0.0209236145019531 -0.00994682312011719 -0.00286006927490234
0.01141357421875 0.0181121826171875 -0.0234088897705078 0.00159454345703125
0.0121841430664063 0.0144128799438477 -0.0290470123291016 0.00836753845214843
0.0152626037597656 0.0155096054077148 -0.0327339172363281 0.00959205627441407
0.0129241943359375 0.0193595886230469 -0.0335922241210937 0.00220489501953126
0.00332260131835937 0.0231781005859375 -0.0303726196289062 -0.00712013244628907
-0.0102005004882813 0.023651123046875 -0.0176620483398437 -0.0137290954589844
-0.0276050567626953 0.00456619262695312 -0.00666046142578125 -0.0100879669189453
-0.0252437591552734 -0.0209255218505859 -0.0246944427490234 0.00379562377929687
-0.0135936737060547 -0.0350246429443359 -0.0560188293457031 -0.0122184753417969
-0.0121135711669922 0.028289794921875 0.0541839599609375 0.0169410705566406
0.0186977386474609 0.0235996246337891 0.0256576538085938 0.00813865661621094
0.0196342468261719 -0.00296783447265625 0.00702571868896485 0.0153570175170898
0.0102024078369141 -0.012608528137207 0.0201549530029297 0.0250968933105469
0.00178813934326172 -0.0148906707763672 0.0349254608154297 0.0162315368652344
-0.00865268707275391 -0.01629638671875 0.041900634765625 -0.000392913818359376
-0.00718879699707031 -0.0131807327270508 0.0408592224121094 -0.00856781005859375
-0.00468540191650391 -0.0122241973876953 0.0339164733886719 -0.0069122314453125
-0.00210762023925781 -0.0181045532226563 0.0266685485839844 0.00148200988769531
0.0116767883300781 -0.0148744583129883 0.015228271484375 0.00720882415771484
0.0215263366699219 -0.00145721435546875 8.0630183219911E-05 0.000253081321716309
0.0179538726806641 0.0136871337890625 0.00267505645751953 -0.0142145156860352
-0.000350952148437503 0.0272235870361328 0.0275421142578125 -0.0254573822021484
-0.0187892913818359 0.0308094024658203 0.0483207702636719 -0.0127182006835937
-0.0326309204101563 0.0242938995361328 0.0346336364746094 0.00480270385742188
-0.03173828125 0.0221614837646484 0.0456161499023438 0.0280113220214844
-0.00114059448242188 0.0273895263671875 0.0201072692871094 0.0193843841552734
0.0080265998840332 0.00856876373291016 0.00809288024902344 0.0234375
0.00859594345092773 0.00276374816894531 0.0215167999267578 0.0324611663818359
0.00776910781860352 -0.00273513793945313 0.0366096496582031 0.0213623046875
0.00532054901123047 -0.00940036773681641 0.0446739196777344 0.00417709350585937
0.00754070281982422 -0.0107965469360352 0.0426254272460938 -0.00402069091796875
0.00896072387695313 -0.0089111328125 0.0345954895019531 -0.00215339660644531
0.0131292343139648 -0.0130519866943359 0.0250129699707031 0.00609588623046875
0.0230159759521484 -0.00499725341796875 0.0127620697021484 0.0117006301879883
0.0248088836669922 0.0118541717529297 -0.00425505638122558 0.00336527824401856
0.0143032073974609 0.0267848968505859 -0.00352382659912109 -0.0109834671020508
-0.0128173828125 0.03338623046875 0.0188007354736328 -0.0243110656738281
-0.0352134704589844 0.0298843383789063 0.0354118347167969 -0.00926589965820312
-0.0497093200683594 0.019012451171875 0.0195178985595703 0.010009765625
-0.0479087829589844 0.0105056762695312 0.0291328430175781 0.0362358093261719
-0.0238399505615234 0.0258712768554687 0.00819206237792969 0.0301342010498047
-0.00732040405273437 0.0192127227783203 0.004302978515625 0.0325241088867187
0.00358390808105469 0.019500732421875 0.0202980041503906 0.0384902954101563
0.013218879699707 0.0117855072021484 0.0356216430664063 0.0251922607421875
0.019744873046875 3.62396240234375E-05 0.0437278747558594 0.00745773315429688
0.0215530395507813 -0.00642585754394531 0.0384025573730469 0.000484466552734375
0.0213127136230469 -0.00421142578125 0.0287971496582031 0.00189971923828125
0.0256290435791016 -0.006439208984375 0.0191574096679687 0.0102691650390625
0.0312213897705078 0.00353050231933594 0.00677776336669922 0.0146913528442383
0.0264606475830078 0.0211219787597656 -0.00992965698242187 0.0059814453125
0.0120658874511719 0.0351905822753906 -0.0094919204711914 -0.00796127319335938
-0.0195083618164062 0.0362548828125 0.00994300842285156 -0.0210819244384766
-0.045166015625 0.02716064453125 0.0210113525390625 -0.00333404541015625
-0.0594139099121094 0.0122146606445312 0.00176525115966797 0.0132045745849609
-0.055999755859375 -0.00339126586914062 0.0079803466796875 0.0395355224609375
-0.0427322387695312 0.018463134765625 -0.00904083251953125 0.0368766784667969
-0.0226821899414062 0.0256481170654297 -0.00315093994140625 0.0399818420410156
-0.00412559509277343 0.0333442687988281 0.0151939392089844 0.042144775390625
0.0143756866455078 0.0255699157714844 0.0297775268554688 0.0269279479980469
0.0298881530761719 0.0110511779785156 0.0364761352539063 0.00980758666992188
0.0330905914306641 -0.000797271728515625 0.0287799835205078 0.00412750244140625
0.0291652679443359 0.00149154663085938 0.0190353393554688 0.00620460510253906
0.03369140625 0.0005340576171875 0.00942134857177735 0.0130319595336914
0.035186767578125 0.0107269287109375 -0.001068115234375 0.0157995223999023
0.0246200561523438 0.0276565551757813 -0.0143356323242188 0.00733661651611328
0.008270263671875 0.0386619567871094 -0.0131168365478516 -0.00539016723632812
-0.0236358642578125 0.0348739624023438 0.00346088409423828 -0.015894889831543
-0.0480613708496094 0.0208282470703125 0.00713253021240234 0.00428533554077149
-0.0609931945800781 0.00369644165039063 -0.0163793563842773 0.0151157379150391
-0.0535163879394531 -0.0167274475097656 -0.0157814025878906 0.0361251831054688
-0.0510787963867187 0.00634384155273437 -0.0294532775878906 0.0382957458496094
-0.0354118347167969 0.0232124328613281 -0.0130958557128906 0.04296875
-0.0132179260253906 0.0396614074707031 0.00747299194335938 0.0412826538085938
0.0111312866210938 0.03546142578125 0.0195560455322266 0.0237503051757813
0.0332012176513672 0.0210628509521484 0.0248813629150391 0.00973892211914063
0.0381660461425781 0.00589752197265625 0.014002799987793 0.00711727142333984
0.0327892303466797 0.00663185119628906 0.00491619110107422 0.00904941558837891
0.0368614196777344 0.00658798217773437 -0.00273418426513672 0.0144805908203125
0.0352897644042969 0.0165061950683594 -0.00974464416503906 0.0150613784790039
0.021881103515625 0.0313148498535156 -0.0190963745117188 0.00619697570800782
0.00335693359375 0.0396080017089844 -0.0145730972290039 -0.00482368469238281
-0.0274639129638672 0.0293827056884766 0.000255584716796873 -0.0105047225952148
-0.0483169555664063 0.0110740661621094 -0.00349140167236328 0.0119237899780273
-0.0579299926757813 -0.00732803344726563 -0.0335350036621094 0.0141658782958984
-0.0394630432128906 -0.0264511108398437 -0.0351791381835938 0.028106689453125
-0.0460929870605469 -0.0078582763671875 -0.0459480285644531 0.0339508056640625
-0.0383110046386719 0.0130577087402344 -0.0219192504882813 0.0410346984863281
-0.0213184356689453 0.0344009399414062 -0.000392913818359377 0.0355491638183594
0.00371932983398437 0.0355987548828125 0.0099945068359375 0.0179328918457031
0.0287265777587891 0.0270252227783203 0.0104093551635742 0.00708675384521484
0.0362014770507813 0.0119743347167969 -0.00107336044311523 0.00767421722412109
0.0314731597900391 0.010345458984375 -0.00884342193603515 0.0105686187744141
0.0351200103759766 0.0116519927978516 -0.0146369934082031 0.0147037506103516
0.0326805114746094 0.0204010009765625 -0.0190486907958984 0.0114212036132812
0.0174446105957031 0.0320892333984375 -0.0230464935302734 0.00258445739746094
-0.00209808349609375 0.0380516052246094 -0.0149869918823242 -0.00625133514404297
-0.0310020446777344 0.0233116149902344 -0.00134658813476563 -0.00687885284423828
-0.0457267761230469 0.00030136108398438 -0.0129013061523438 0.0150623321533203
-0.0487937927246094 -0.0192718505859375 -0.0469245910644531 0.00900268554687499
-0.0171356201171875 -0.0306720733642578 -0.0471153259277344 0.0172080993652344
-0.0273532867431641 -0.0196380615234375 -0.054443359375 0.0263442993164063
-0.0297775268554688 -0.00159645080566406 -0.0261154174804688 0.0362472534179687
-0.0236587524414063 0.0195083618164063 -0.00566864013671875 0.0272388458251953
-0.00457000732421875 0.0273323059082031 0.00204181671142578 0.0097808837890625
0.0179996490478516 0.0273056030273438 -0.00363898277282715 0.00210142135620117
0.0274829864501953 0.0161056518554688 -0.0150632858276367 0.00640964508056641
0.0252437591552734 0.0128078460693359 -0.0210342407226563 0.0115776062011719
0.0288925170898438 0.0145492553710938 -0.0256824493408203 0.0134620666503906
0.0258960723876953 0.0216617584228516 -0.0285453796386719 0.00807762145996094
0.01214599609375 0.0306415557861328 -0.0282859802246094 -0.00177001953125
-0.00587654113769532 0.0342788696289063 -0.016108512878418 -0.0101175308227539
-0.0319442749023438 0.0158367156982422 -0.00301837921142578 -0.00758981704711914
-0.039825439453125 -0.0110206604003906 -0.0198345184326172 0.0135154724121094
-0.0355110168457031 -0.0297012329101562 -0.0566673278808594 0.000747680664062501
0.00777626037597656 -0.0305671691894531 -0.0470352172851563 0.00751876831054687
-0.00401687622070313 -0.0268821716308594 -0.0534706115722656 0.0191307067871094
-0.0142240524291992 -0.0158510208129883 -0.0251598358154297 0.0312309265136719
-0.0207786560058594 0.000772476196289064 -0.00613975524902344 0.0191478729248047
-0.012873649597168 0.0142278671264648 -0.00147819519042969 0.00253367424011231
0.00346183776855469 0.0225391387939453 -0.0121698379516602 -0.00249862670898437
0.0151338577270508 0.017390251159668 -0.0253257751464844 0.00332260131835937
0.0153112411499023 0.0137767791748047 -0.0307121276855469 0.00967788696289063
0.0185413360595703 0.0147037506103516 -0.034820556640625 0.0107955932617188
0.0170345306396484 0.019256591796875 -0.0358619689941406 0.00252151489257812
0.00628852844238281 0.0248298645019531 -0.0320625305175781 -0.00758361816406251
-0.00838470458984375 0.0264129638671875 -0.0182838439941406 -0.014923095703125
-0.028778076171875 0.0080413818359375 -0.00612831115722656 -0.0103511810302734
-0.0298290252685547 -0.0190639495849609 -0.0259494781494141 0.00568008422851563
-0.0183868408203125 -0.0362739562988281 -0.0597953796386719 -0.0119209289550781
-0.00977706909179687 0.030364990234375 0.0597572326660156 0.0149726867675781
0.0220432281494141 0.0223789215087891 0.0283470153808594 0.00603485107421875
0.0200386047363281 -0.00512123107910156 0.007476806640625 0.0154352188110352
0.00910377502441406 -0.0140218734741211 0.022186279296875 0.0266284942626953
-0.000184059143066406 -0.015380859375 0.0383567810058594 0.0167350769042969
-0.0106744766235352 -0.0159492492675781 0.0456047058105469 -0.00142669677734375
-0.00914192199707032 -0.0118923187255859 0.0449638366699219 -0.01141357421875
-0.00623321533203125 -0.0111846923828125 0.0370216369628906 -0.0101203918457031
-0.0045166015625 -0.0180759429931641 0.0298442840576172 -0.00171661376953125
0.00991535186767578 -0.0166912078857422 0.0189285278320313 0.00606155395507813
0.0219669342041016 -0.00403594970703125 0.00257706642150879 0.000435352325439453
0.0198402404785156 0.012176513671875 0.00378608703613281 -0.01373291015625
0.00268745422363281 0.0285663604736328 0.0285816192626953 -0.0271282196044922
-0.0157661437988281 0.0348033905029297 0.0512962341308594 -0.016510009765625
-0.0315589904785156 0.0290622711181641 0.0403556823730469 0.0027618408203125
-0.0317859649658203 0.0242595672607422 0.0522117614746094 0.02764892578125
0.000286102294921874 0.0276031494140625 0.0238075256347656 0.0177516937255859
0.00813484191894531 0.00806617736816406 0.00832748413085938 0.0236186981201172
0.00837564468383789 0.00265312194824219 0.0241241455078125 0.0336055755615234
0.00754165649414063 -0.00283193588256836 0.0412826538085938 0.0216751098632813
0.00480270385742187 -0.00897407531738281 0.0494232177734375 0.00230789184570312
0.007171630859375 -0.0108585357666016 0.0468559265136719 -0.00757217407226563
0.00891494750976563 -0.00879859924316406 0.037628173828125 -0.00623703002929688
0.0125818252563477 -0.0137462615966797 0.0289573669433594 0.00278091430664062
0.0230922698974609 -0.00692176818847656 0.0167951583862305 0.0107498168945312
0.0269584655761719 0.0105381011962891 -0.00150966644287109 0.00450611114501953
0.0172252655029297 0.0275688171386719 -0.00200366973876953 -0.0102033615112305
-0.01055908203125 0.0363883972167969 0.0193252563476563 -0.0253372192382813
-0.0350723266601563 0.0352249145507813 0.0385780334472656 -0.0115394592285156
-0.0510826110839844 0.0241050720214844 0.0252170562744141 0.00960159301757813
-0.0515022277832031 0.0128860473632813 0.0354270935058594 0.0369682312011719
-0.0247650146484375 0.0283527374267578 0.0117015838623047 0.0296249389648438
-0.00794029235839844 0.0210609436035156 0.00546455383300781 0.0330467224121094
0.00426673889160156 0.0214195251464844 0.0235328674316406 0.0404052734375
0.0140714645385742 0.0128412246704102 0.0399322509765625 0.0254936218261719
0.0206699371337891 0.000522613525390625 0.0480842590332031 0.005767822265625
0.0238723754882813 -0.00749969482421875 0.0426177978515625 -0.00288009643554688
0.0229091644287109 -0.00483131408691406 0.0318374633789063 -0.00157356262207031
0.0269794464111328 -0.00764656066894531 0.0228042602539063 0.00769424438476562
0.0334739685058594 0.00226402282714844 0.010828971862793 0.0137796401977539
0.0294952392578125 0.0216484069824219 -0.00718021392822266 0.00691795349121094
0.01483154296875 0.0371131896972656 -0.00747823715209961 -0.00704908370971679
-0.0189018249511719 0.040618896484375 0.0106391906738281 -0.0216999053955078
-0.0468978881835938 0.0326423645019531 0.0235939025878906 -0.0044403076171875
-0.0628318786621094 0.0172348022460937 0.00643539428710937 0.0141839981079102
-0.0616722106933594 -0.00102615356445312 0.0122032165527344 0.0420761108398438
-0.0465011596679688 0.0221099853515625 -0.00692367553710938 0.0384788513183594
-0.0253582000732422 0.0293445587158203 -0.00183486938476563 0.0412750244140625
-0.0030975341796875 0.0375213623046875 0.01788330078125 0.0441741943359375
0.0166206359863281 0.0280723571777344 0.0328960418701172 0.0269870758056641
0.0325584411621094 0.0108184814453125 0.0401268005371094 0.008453369140625
0.0358161926269531 -0.00223922729492188 0.0320148468017578 0.00184440612792969
0.0328483581542969 -8.0108642578125E-05 0.0208358764648438 0.00366973876953125
0.037445068359375 -0.00107574462890625 0.0121994018554688 0.0110912322998047
0.0388526916503906 0.00984573364257813 0.00221443176269531 0.0147943496704102
0.0289382934570313 0.0286045074462891 -0.0122308731079102 0.00782299041748047
0.0117416381835937 0.0419960021972656 -0.0115852355957031 -0.00478553771972656
-0.0242042541503906 0.0396995544433594 0.00414466857910156 -0.0165243148803711
-0.0521926879882813 0.0263481140136719 0.0101661682128906 0.00417041778564453
-0.0667343139648438 0.00815582275390624 -0.0138883590698242 0.0165681838989258
-0.0609283447265625 -0.0153961181640625 -0.0135116577148438 0.0398368835449219
-0.0570144653320313 0.0100746154785156 -0.0282745361328125 0.0414962768554687
-0.0385780334472656 0.0279502868652344 -0.0122337341308594 0.0448799133300781
-0.0127792358398438 0.0453948974609375 0.00951766967773438 0.0432014465332031
0.0143241882324219 0.0379753112792969 0.0227432250976563 0.0243778228759766
0.03765869140625 0.0211410522460938 0.0270900726318359 0.00837135314941406
0.0423812866210938 0.00414276123046875 0.0163421630859375 0.00549221038818359
0.0376014709472656 0.004730224609375 0.00623607635498047 0.00797653198242188
0.0416603088378906 0.00478744506835938 -0.000630378723144529 0.0137691497802734
0.0406684875488281 0.0159187316894531 -0.00812339782714844 0.0145387649536133
0.0267219543457031 0.0334606170654297 -0.0178298950195313 0.00638961791992187
0.00701141357421875 0.043853759765625 -0.0137901306152344 -0.00446128845214843
-0.0286750793457031 0.0352363586425781 0.00112628936767578 -0.0109977722167969
-0.0531883239746094 0.0165252685546875 -0.00128173828125 0.0129375457763672
-0.0640907287597656 -0.00337982177734375 -0.0326023101806641 0.0168552398681641
-0.0469398498535156 -0.0267601013183594 -0.0349102020263672 0.0325736999511719
-0.0529823303222656 -0.00522994995117188 -0.0462074279785156 0.037750244140625
-0.0423851013183594 0.0171699523925781 -0.0212364196777344 0.04339599609375
-0.0214653015136719 0.0404167175292969 0.000263214111328126 0.0375785827636719
0.00704574584960938 0.0398674011230469 0.0107479095458984 0.0181217193603516
0.0342521667480469 0.027069091796875 0.0114612579345703 0.00683975219726563
0.0408935546875 0.00997161865234375 -0.000823497772216795 0.00751590728759766
0.0360183715820313 0.00885009765625 -0.00875568389892578 0.0113620758056641
0.0403823852539063 0.009246826171875 -0.0142402648925781 0.0149059295654297
0.0383567810058594 0.019439697265625 -0.0191268920898438 0.0117664337158203
0.0220222473144531 0.0345897674560547 -0.0234928131103516 0.00195503234863282
0.0012969970703125 0.0423812866210938 -0.0146303176879883 -0.0063629150390625
-0.0322952270507812 0.0286102294921875 -0.000345706939697267 -0.00769519805908203
-0.0515861511230469 0.00477218627929688 -0.011439323425293 0.0163917541503906
-0.0555343627929688 -0.0166511535644531 -0.0480613708496094 0.0118370056152344
-0.0229854583740234 -0.0322742462158203 -0.0491600036621094 0.0216865539550781
-0.0339736938476563 -0.0194778442382813 -0.0561904907226563 0.0307464599609375
-0.0338249206542969 0.00111198425292969 -0.0264549255371094 0.0385398864746094
-0.0252285003662109 0.0245513916015625 -0.00565719604492188 0.0288925170898438
-0.002532958984375 0.0316314697265625 0.00131320953369141 0.00961208343505859
0.0226802825927734 0.0279521942138672 -0.00421738624572754 0.00259804725646973
0.0321235656738281 0.0146217346191406 -0.0167026519775391 0.00819206237792969
0.0290565490722656 0.0114345550537109 -0.0226631164550781 0.0130767822265625
0.0337619781494141 0.0128669738769531 -0.0271358489990234 0.0150985717773438
0.031219482421875 0.0209312438964844 -0.0296230316162109 0.00850296020507812
0.0164680480957031 0.0324230194091797 -0.0292854309082031 -0.00220680236816406
-0.00321197509765625 0.0378837585449219 -0.016789436340332 -0.0109195709228516
-0.0336112976074219 0.0204010009765625 -0.0025787353515625 -0.0079355239868164
-0.0455474853515625 -0.00718307495117188 -0.0198764801025391 0.0157070159912109
-0.0424842834472656 -0.0286445617675781 -0.0593757629394531 0.00355148315429687
0.00367546081542969 -0.0333328247070313 -0.0512771606445313 0.0114555358886719
-0.00955772399902344 -0.0281848907470703 -0.0563735961914063 0.0228004455566406
-0.018585205078125 -0.0151424407958984 -0.0257396697998047 0.0329532623291016
-0.0232257843017578 0.0042572021484375 -0.00661659240722656 0.0201282501220703
-0.0117120742797852 0.0175409317016602 -0.00344014167785645 0.0027155876159668
0.00734710693359375 0.0240726470947266 -0.0144901275634766 -0.00179290771484375
0.0188045501708984 0.0167655944824219 -0.0276889801025391 0.006134033203125
0.0182094573974609 0.0125560760498047 -0.0329055786132813 0.0130653381347656
0.022247314453125 0.0134773254394531 -0.0375785827636719 0.0135002136230469
0.0209465026855469 0.0190105438232422 -0.0389022827148438 0.00365066528320313
0.00985908508300781 0.0261783599853516 -0.0344886779785156 -0.00776481628417968
-0.00608444213867187 0.0296382904052734 -0.0198078155517578 -0.0160312652587891
-0.0304164886474609 0.0117626190185547 -0.00601482391357422 -0.010930061340332
-0.0343208312988281 -0.0170497894287109 -0.0267047882080078 0.00802421569824219
-0.0241470336914062 -0.036102294921875 -0.064849853515625 -0.00973129272460938
-0.00668907165527343 0.0316581726074219 0.0663948059082031 0.0102310180664063
0.0259151458740234 0.0197257995605469 0.0303573608398438 0.00235557556152344
0.0193977355957031 -0.00797080993652344 0.00845527648925781 0.0155649185180664
0.00741291046142578 -0.015625 0.0253753662109375 0.0265884399414062
-0.00207996368408203 -0.0159912109375 0.0435295104980469 0.01544189453125
-0.0137500762939453 -0.0144224166870117 0.0494041442871094 -0.00466156005859375
-0.0111541748046875 -0.0107021331787109 0.0477371215820313 -0.0166282653808594
-0.0076913833618164 -0.0100154876708984 0.0397415161132813 -0.0149574279785156
-0.00757408142089844 -0.0170679092407227 0.0330486297607422 -0.00679397583007813
0.00729179382324219 -0.0177230834960938 0.0222129821777344 0.00280570983886719
0.022003173828125 -0.006866455078125 0.00533390045166016 -9.10758972167973E-05
0.0211524963378906 0.00921058654785156 0.00513172149658203 -0.0133419036865234
0.00661087036132812 0.0292949676513672 0.0288009643554688 -0.0288524627685547
-0.0118560791015625 0.0386238098144531 0.0538444519042969 -0.0223007202148437
-0.0288467407226563 0.0338020324707031 0.0453224182128906 -0.00110626220703125
-0.0318107604980469 0.0275402069091797 0.0592002868652344 0.0248260498046875
0.001312255859375 0.0287609100341797 0.0271511077880859 0.0156478881835938
0.00783348083496094 0.00748300552368164 0.0102081298828125 0.0240058898925781
0.00816249847412109 0.00171041488647461 0.0282039642333984 0.0345954895019531
0.00649595260620117 -0.00290727615356445 0.0460853576660156 0.0200576782226563
0.00424575805664063 -0.00832986831665039 0.0536918640136719 -0.00188064575195313
0.00689125061035156 -0.0108470916748047 0.0506324768066406 -0.0137596130371094
0.00908374786376953 -0.0100021362304688 0.0401954650878906 -0.0119514465332031
0.0121679306030273 -0.0151262283325195 0.0325717926025391 -0.00133132934570313
0.0232715606689453 -0.00845146179199219 0.0209503173828125 0.00861740112304688
0.0288887023925781 0.00801658630371094 0.00149226188659668 0.00426125526428223
0.0207862854003906 0.0266189575195313 4.5776367187501E-05 -0.00987720489501953
-0.00804519653320313 0.0401077270507813 0.0193023681640625 -0.0272960662841797
-0.0331192016601563 0.0410575866699219 0.0413398742675781 -0.0160179138183594
-0.0508842468261719 0.0305023193359375 0.0306644439697266 0.00693511962890625
-0.0541954040527344 0.0178451538085937 0.0426788330078125 0.0365409851074219
-0.0257606506347656 0.0319538116455078 0.0158538818359375 0.0285072326660156
-0.00858497619628906 0.0236682891845703 0.00719642639160156 0.0331020355224609
0.00516128540039063 0.0236053466796875 0.027069091796875 0.0412940979003906
0.0162477493286133 0.0140476226806641 0.0443534851074219 0.0245513916015625
0.0222663879394531 -0.000125885009765625 0.0519447326660156 0.0012969970703125
0.0247879028320312 -0.0098419189453125 0.0455818176269531 -0.00783538818359375
0.02471923828125 -0.00705528259277344 0.0338420867919922 -0.00593757629394531
0.0282001495361328 -0.0102252960205078 0.0257225036621094 0.00360107421875
0.0355148315429688 -0.000339508056640625 0.014862060546875 0.0117502212524414
0.0340862274169922 0.0198879241943359 -0.00378894805908203 0.00697946548461914
0.0196952819824219 0.0386543273925781 -0.00622320175170898 -0.00603628158569336
-0.0172004699707031 0.0453987121582031 0.0111656188964844 -0.0235214233398437
-0.0479049682617188 0.0390434265136719 0.0268478393554687 -0.00790596008300781
-0.0654067993164063 0.0238800048828125 0.011723518371582 0.0134725570678711
-0.0671501159667969 0.00340652465820312 0.0183830261230469 0.0435562133789063
-0.0489540100097656 0.0278701782226562 -0.00298309326171876 0.0391120910644531
-0.0261421203613281 0.0337638854980469 0.000431060791015625 0.0425834655761719
-0.000492095947265622 0.0413970947265625 0.0214920043945313 0.0458908081054688
0.0207633972167969 0.0300521850585937 0.036773681640625 0.0261039733886719
0.0367546081542969 0.0094146728515625 0.0435295104980469 0.00493240356445313
0.0390815734863281 -0.00580215454101563 0.0346469879150391 -0.00184822082519531
0.0357894897460938 -0.00358200073242187 0.0229110717773438 0.0002288818359375
0.0404052734375 -0.0045013427734375 0.014643669128418 0.00881385803222656
0.0439949035644531 0.00713348388671875 0.00472545623779297 0.0135183334350586
0.0345802307128906 0.0284099578857422 -0.0102701187133789 0.00751113891601563
0.0168266296386719 0.0442085266113281 -0.0102100372314453 -0.00437831878662109
-0.0229988098144531 0.0454559326171875 0.00472927093505859 -0.0174446105957031
-0.0542984008789063 0.0339584350585938 0.0125579833984375 0.0027008056640625
-0.070953369140625 0.0150833129882812 -0.00977706909179688 0.0182914733886719
-0.0685806274414062 -0.0106430053710938 -0.00967788696289063 0.0432701110839844
-0.0618515014648438 0.0168991088867188 -0.0253639221191406 0.0448226928710938
-0.0403404235839844 0.0346298217773438 -0.00989151000976563 0.0474777221679688
-0.0104904174804687 0.0508346557617188 0.0125312805175781 0.0452194213867188
0.0188751220703125 0.0406303405761719 0.0259933471679688 0.0243644714355469
0.0431022644042969 0.0188827514648438 0.0289192199707031 0.00611305236816406
0.0464744567871094 -0.000560760498046875 0.0179805755615234 0.00394439697265625
0.04168701171875 0.00136184692382813 0.0070180892944336 0.00609111785888672
0.0463676452636719 0.0008544921875 0.000347137451171878 0.012578010559082
0.0462722778320312 0.01251220703125 -0.00680828094482422 0.0139131546020508
0.0329608917236328 0.0336151123046875 -0.0168247222900391 0.00664901733398438
0.0121269226074219 0.0476493835449219 -0.0126628875732422 -0.00441360473632812
-0.028289794921875 0.0413856506347656 0.00144767761230469 -0.0120038986206055
-0.0571174621582031 0.0240097045898438 0.00137042999267578 0.0125236511230469
-0.0707626342773438 0.00276947021484376 -0.0309486389160156 0.0200653076171875
-0.0551681518554688 -0.0245513916015625 -0.0337791442871094 0.0380401611328125
-0.0593528747558594 -1.525878906251E-05 -0.0457191467285156 0.0426979064941406
-0.0450630187988281 0.0230636596679687 -0.0192794799804688 0.0458641052246094
-0.0188484191894531 0.0470390319824219 0.00188827514648437 0.0396347045898438
0.0115547180175781 0.0427627563476562 0.0118560791015625 0.01837158203125
0.04052734375 0.025054931640625 0.0116710662841797 0.00621700286865235
0.0454483032226563 0.00582122802734375 -6.77108764648414E-05 0.0075840950012207
0.040496826171875 0.00490951538085938 -0.00841808319091797 0.0115976333618164
0.0458869934082031 0.00529098510742188 -0.0141630172729492 0.0158748626708984
0.0442581176757813 0.0166244506835938 -0.0190277099609375 0.0121002197265625
0.0282325744628906 0.0355224609375 -0.0237045288085938 0.002593994140625
0.00665664672851563 0.0466995239257813 -0.0149030685424805 -0.00709056854248047
-0.0323028564453125 0.0348854064941406 -0.000276565551757814 -0.00889492034912109
-0.0564956665039063 0.0118446350097656 -0.00967216491699219 0.0177898406982422
-0.0625267028808594 -0.0115470886230469 -0.0483818054199219 0.0156974792480469
-0.0302562713623047 -0.032135009765625 -0.05023193359375 0.0280303955078125
-0.0402793884277344 -0.0165977478027344 -0.0574378967285156 0.0367584228515625
-0.0378608703613281 0.00540924072265625 -0.0256881713867187 0.0412178039550781
-0.0238361358642578 0.0308799743652344 -0.00476455688476563 0.0304431915283203
0.000869750976562502 0.0352859497070313 0.000555038452148438 0.0103330612182617
0.0289154052734375 0.0273151397705078 -0.00573825836181641 0.00356960296630859
0.0368804931640625 0.0108718872070313 -0.0174274444580078 0.0103054046630859
0.0334053039550781 0.00825881958007813 -0.0236759185791016 0.0158786773681641
0.0378265380859375 0.00819778442382813 -0.0279865264892578 0.0177993774414062
0.0367012023925781 0.01824951171875 -0.0306606292724609 0.0101642608642578
0.0222377777099609 0.0329799652099609 -0.0313472747802734 -0.00163078308105468
0.0015411376953125 0.0417137145996094 -0.0182323455810547 -0.0112953186035156
-0.0341281890869141 0.0268611907958984 -0.00275897979736328 -0.00837564468383789
-0.0510406494140625 -0.00170135498046876 -0.0186767578125 0.0187892913818359
-0.0494270324707031 -0.0248336791992188 -0.0620536804199219 0.008270263671875
-0.00106430053710937 -0.0361175537109375 -0.0552253723144531 0.016876220703125
-0.0155982971191406 -0.0279064178466797 -0.0587844848632813 0.0284957885742188
-0.0224857330322266 -0.0131912231445313 -0.0253067016601563 0.0357704162597656
-0.0239772796630859 0.00856781005859375 -0.00667762756347657 0.0212688446044922
-0.00963020324707031 0.0207595825195313 -0.00470924377441406 0.0031428337097168
0.0119876861572266 0.0244636535644531 -0.0170526504516602 0.000292778015136723
0.0221977233886719 0.0149803161621094 -0.0302829742431641 0.0100383758544922
0.0214080810546875 0.0108261108398438 -0.0350742340087891 0.0170307159423828
0.0257930755615234 0.0104846954345703 -0.0391197204589844 0.0170135498046875
0.0251064300537109 0.0166339874267578 -0.0417251586914063 0.00633621215820312
0.0137920379638672 0.0267391204833984 -0.0375709533691406 -0.00684356689453126
-0.00278282165527344 0.0325565338134766 -0.0222072601318359 -0.0158462524414062
-0.0304412841796875 0.0163440704345703 -0.00643730163574219 -0.0110683441162109
-0.0397911071777344 -0.01336669921875 -0.0274543762207031 0.0117549896240234
-0.030609130859375 -0.0351829528808594 -0.0701103210449219 -0.00479507446289062
-0.00350189208984375 0.0324916839599609 0.0698318481445313 0.00443649291992188
0.0261383056640625 0.0148162841796875 0.0314579010009766 -0.00107955932617187
0.0176849365234375 -0.0114574432373047 0.0105304718017578 0.0151376724243164
0.00508689880371094 -0.0176963806152344 0.0284194946289062 0.024749755859375
-0.0059518814086914 -0.0158405303955078 0.0465240478515625 0.013031005859375
-0.0156059265136719 -0.0119009017944336 0.0513496398925781 -0.0109481811523438
-0.0121345520019531 -0.00857067108154297 0.0468788146972656 -0.0233001708984375
-0.00853538513183594 -0.00902175903320312 0.0385284423828125 -0.0210800170898438
-0.0102291107177734 -0.0150060653686523 0.0347156524658203 -0.0118598937988281
0.00534248352050781 -0.0194778442382812 0.0257320404052734 -0.00131607055664063
0.0202064514160156 -0.0103874206542969 0.00770378112792969 -0.000992774963378907
0.0231723785400391 0.00672340393066406 0.00576496124267578 -0.0155296325683594
0.0103664398193359 0.0288829803466797 0.0262813568115234 -0.0314235687255859
-0.00529098510742187 0.04022216796875 0.0536079406738281 -0.0285987854003906
-0.0237007141113281 0.0365676879882812 0.0495948791503906 -0.006195068359375
-0.0309677124023438 0.0293331146240234 0.0652046203613281 0.018768310546875
0.00288009643554688 0.0265235900878906 0.0273532867431641 0.0104351043701172
0.00780153274536133 0.00736522674560547 0.0104694366455078 0.02349853515625
0.00731086730957031 0.00176715850830078 0.0318489074707031 0.0333271026611328
0.00583410263061523 -0.0016026496887207 0.0512313842773437 0.0161666870117187
0.00358057022094727 -0.0075221061706543 0.0567626953125 -0.0084228515625
0.00715255737304688 -0.0123367309570313 0.0509872436523438 -0.0202293395996094
0.00941753387451172 -0.00931835174560547 0.0397453308105469 -0.017791748046875
0.0110330581665039 -0.0152359008789063 0.0334510803222656 -0.0064849853515625
0.022735595703125 -0.0102558135986328 0.0241775512695313 0.00457572937011719
0.0297698974609375 0.00518226623535156 0.00543308258056641 0.00317811965942383
0.0223770141601563 0.0252628326416016 0.00133514404296875 -0.00907325744628906
-0.00305938720703125 0.0412673950195313 0.018524169921875 -0.0282249450683594
-0.0281791687011719 0.0455284118652344 0.0416793823242188 -0.0214729309082031
-0.0484771728515625 0.0360107421875 0.0364341735839844 0.00268173217773438
-0.0550498962402344 0.023895263671875 0.0494499206542969 0.0323715209960938
-0.0246429443359375 0.0356788635253906 0.0191402435302734 0.0255699157714844
-0.00708198547363281 0.0257587432861328 0.00951004028320313 0.0330181121826172
0.00741386413574219 0.0250453948974609 0.031402587890625 0.0395927429199219
0.0178108215332031 0.0134296417236328 0.0477638244628906 0.0208015441894531
0.0220050811767578 -0.0018463134765625 0.0544395446777344 -0.00403594970703125
0.0250053405761719 -0.0126190185546875 0.0477180480957031 -0.0152626037597656
0.0264987945556641 -0.0103931427001953 0.0348262786865234 -0.0119686126708984
0.0292377471923828 -0.0120315551757813 0.0276088714599609 -0.000663757324218751
0.037933349609375 -0.00398635864257813 0.0182895660400391 0.00685310363769531
0.0375328063964844 0.0175819396972656 -0.000607967376708983 0.00519466400146484
0.0245285034179688 0.0379600524902344 -0.00403738021850586 -0.00564384460449218
-0.0119171142578125 0.0490074157714844 0.0101585388183594 -0.0237274169921875
-0.0456352233886719 0.0465087890625 0.0282917022705078 -0.0111312866210937
-0.0647697448730469 0.0323829650878906 0.0158605575561523 0.0119552612304688
-0.0712509155273438 0.0109634399414062 0.0249061584472656 0.0423851013183594
-0.0484237670898438 0.0333404541015625 0.000415802001953125 0.0401802062988281
-0.026763916015625 0.0387458801269531 0.00256729125976562 0.0427055358886719
0.00319671630859375 0.04461669921875 0.0255088806152344 0.0452156066894531
0.0254878997802734 0.0294399261474609 0.0410041809082031 0.0233612060546875
0.0391616821289062 0.0052642822265625 0.0456886291503906 -0.0007171630859375
0.0398139953613281 -0.00991439819335938 0.0358009338378906 -0.00822830200195313
0.0374603271484375 -0.00794219970703125 0.0242176055908203 -0.00325393676757813
0.0425033569335938 -0.00950241088867188 0.0162725448608398 0.00396537780761719
0.0468101501464844 0.00223159790039063 0.007049560546875 0.0111074447631836
0.0407485961914063 0.0255470275878906 -0.00784587860107422 0.007537841796875
0.0219230651855469 0.0450935363769531 -0.00885963439941406 -0.00374412536621094
-0.0184364318847656 0.0505561828613281 0.00418281555175781 -0.0186042785644531
-0.0536880493164062 0.0420646667480469 0.0149745941162109 -0.000144004821777341
-0.0714035034179688 0.0246353149414062 -0.00538253784179688 0.0177040100097656
-0.0745010375976562 -0.003021240234375 -0.00449752807617187 0.0463294982910156
-0.0636482238769531 0.02557373046875 -0.0212783813476563 0.0468711853027344
-0.0406227111816406 0.0410270690917969 -0.00658035278320313 0.0490226745605469
-0.00479125976562499 0.0558509826660156 0.0165901184082031 0.0459442138671875
0.0257148742675781 0.0415153503417969 0.0280380249023438 0.0226650238037109
0.0473861694335937 0.0151138305664062 0.0307388305664063 0.00267410278320313
0.0489845275878906 -0.00677490234375 0.0197486877441406 0.00214385986328125
0.0437126159667969 -0.0034027099609375 0.0095205307006836 0.00557518005371094
0.0481643676757813 -0.00605392456054688 0.00054740905761719 0.0102348327636719
0.0504226684570313 0.00797653198242188 -0.00508308410644531 0.0130681991577148
0.039093017578125 0.0316390991210938 -0.0155181884765625 0.00586700439453125
0.0192489624023438 0.0477333068847656 -0.0118732452392578 -0.00546741485595703
-0.0248832702636719 0.0475502014160156 0.00174427032470703 -0.013916015625
-0.05853271484375 0.0332527160644531 0.00362873077392578 0.0113725662231445
-0.0738601684570313 0.0119094848632813 -0.0272178649902344 0.0222740173339844
-0.0621757507324219 -0.0185928344726563 -0.0306854248046875 0.0432891845703125
-0.0635490417480469 0.00814056396484376 -0.0414314270019531 0.0477523803710938
-0.046051025390625 0.0300788879394531 -0.0168418884277344 0.0474395751953125
-0.0157928466796875 0.053314208984375 0.005126953125 0.039794921875
0.0174636840820313 0.0443382263183594 0.0135135650634766 0.0173149108886719
0.0459938049316406 0.0223884582519531 0.0115737915039063 0.00457382202148438
0.0487098693847656 -0.00012969970703125 0.000353813171386723 0.00739955902099609
0.0429306030273438 -0.00066375732421875 -0.00864410400390624 0.0128688812255859
0.0493888854980469 -0.0013580322265625 -0.0134344100952148 0.0168237686157227
0.0484886169433594 0.0114898681640625 -0.0185432434082031 0.0121212005615234
0.0352859497070313 0.0340843200683594 -0.0240116119384766 0.00354194641113281
0.0144309997558594 0.0479240417480469 -0.0149145126342773 -0.006439208984375
-0.0294876098632812 0.0409202575683594 0.000766754150390624 -0.0102806091308594
-0.0576972961425781 0.0199432373046875 -0.00639152526855469 0.018341064453125
-0.066650390625 -0.00361251831054689 -0.0468788146972656 0.0206680297851563
-0.0388336181640625 -0.0291976928710937 -0.0496673583984375 0.0340003967285156
-0.0452308654785156 -0.0105819702148437 -0.05401611328125 0.0444297790527344
-0.0406379699707031 0.012359619140625 -0.0228157043457031 0.0419540405273438
-0.0229644775390625 0.0358924865722656 -0.00242996215820313 0.032073974609375
0.00652313232421875 0.0376548767089844 0.000829696655273438 0.0108709335327148
0.0351905822753906 0.0248222351074219 -0.00666284561157226 0.00461149215698242
0.0400886535644531 0.00664520263671875 -0.0181522369384766 0.012298583984375
0.036773681640625 0.00389862060546875 -0.02362060546875 0.0178165435791016
0.0408172607421875 0.00418853759765625 -0.0284881591796875 0.0200481414794922
0.0402412414550781 0.012908935546875 -0.03216552734375 0.0130443572998047
0.0283107757568359 0.030853271484375 -0.0320186614990234 0.00145721435546876
0.00769805908203125 0.0433807373046875 -0.0198383331298828 -0.0117015838623047
-0.0321063995361328 0.0313701629638672 -0.0014801025390625 -0.0094461441040039
-0.05340576171875 0.0052337646484375 -0.0155849456787109 0.0206489562988281
-0.0567474365234375 -0.0179634094238281 -0.0619087219238281 0.0138626098632813
-0.00788116455078124 -0.03619384765625 -0.0559463500976562 0.0242385864257813
-0.0218334197998047 -0.0255889892578125 -0.0578041076660156 0.0346755981445312
-0.0262718200683594 -0.00906944274902343 -0.0230712890625 0.0371284484863281
-0.0237312316894531 0.013916015625 -0.00710296630859375 0.0232372283935547
-0.00579071044921875 0.0234489440917969 -0.00688409805297852 0.00404596328735352
0.0160865783691406 0.0224456787109375 -0.0189285278320313 0.0018310546875
0.0255069732666016 0.0103073120117188 -0.0308589935302734 0.0139503479003906
0.0231857299804688 0.0069427490234375 -0.0342483520507813 0.0220794677734375
0.0291557312011719 0.0067901611328125 -0.0397071838378906 0.0231475830078125
0.0275382995605469 0.0133247375488281 -0.04376220703125 0.010284423828125
0.0194034576416016 0.02581787109375 -0.041473388671875 -0.00443649291992187
0.00200271606445312 0.0334873199462891 -0.0231437683105469 -0.0158882141113281
-0.0288162231445312 0.0218601226806641 -0.00751209259033204 -0.0123128890991211
-0.0438957214355469 -0.00698471069335937 -0.0262775421142578 0.0143413543701172
-0.036285400390625 -0.0308876037597656 -0.0726547241210938 0.00160980224609373
0.000621795654296877 0.0305538177490234 0.0692481994628906 -0.00236892700195312
0.0275745391845703 0.0125274658203125 0.0299568176269531 -0.00554656982421875
0.0162601470947266 -0.0127201080322266 0.00916767120361328 0.0143957138061523
0.00261878967285156 -0.0175800323486328 0.0301685333251953 0.0240459442138672
-0.00690078735351563 -0.0142803192138672 0.0479927062988281 0.00849533081054687
-0.0171003341674805 -0.008941650390625 0.0510826110839844 -0.0140953063964844
-0.0117998123168945 -0.00647354125976563 0.0466766357421875 -0.0287971496582031
-0.00879478454589844 -0.00762367248535156 0.0374412536621094 -0.0266189575195313
-0.0111293792724609 -0.0128974914550781 0.0327529907226563 -0.0165195465087891
0.00139236450195313 -0.01800537109375 0.0256252288818359 -0.00439834594726563
0.0180549621582031 -0.0121479034423828 0.00993537902832031 -0.00255584716796875
0.0229759216308594 0.00304222106933594 0.00744724273681641 -0.0140714645385742
0.0140132904052734 0.0255870819091797 0.0247802734375 -0.0324630737304688
-0.000583648681640622 0.0392494201660156 0.0504722595214844 -0.0327796936035156
-0.0184440612792969 0.03765869140625 0.0508842468261719 -0.0134391784667969
-0.0270061492919922 0.0324020385742188 0.0663681030273437 0.0128555297851563
0.00546836853027344 0.0269298553466797 0.0294303894042969 0.0073089599609375
0.00682830810546875 0.00694036483764648 0.0118789672851563 0.0220317840576172
0.00716066360473633 0.00241184234619141 0.0340995788574219 0.0306758880615234
0.00639915466308594 -0.00262069702148437 0.0516357421875 0.0121612548828125
0.00237798690795898 -0.00684976577758789 0.0560302734375 -0.0134010314941406
0.00626754760742188 -0.0117254257202148 0.0492134094238281 -0.0266189575195312
0.0081796646118164 -0.0104694366455078 0.0382003784179688 -0.0236015319824219
0.00951290130615234 -0.0158624649047852 0.0325241088867188 -0.0124397277832031
0.02105712890625 -0.0123462677001953 0.0252132415771484 -0.000967025756835938
0.0290203094482422 0.00259780883789063 0.00728797912597656 0.000836372375488281
0.0255680084228516 0.0218124389648438 0.00272846221923828 -0.00964069366455078
0.000453948974609377 0.0402908325195313 0.0169124603271484 -0.0292797088623047
-0.0242500305175781 0.0474052429199219 0.0403900146484375 -0.0250129699707031
-0.0434494018554688 0.0405044555664063 0.0377769470214844 -0.00250625610351562
-0.0531692504882813 0.0281753540039063 0.0524368286132812 0.0265350341796875
-0.0221939086914063 0.0378189086914063 0.0202713012695312 0.0229587554931641
-0.00626182556152344 0.0264911651611328 0.0113449096679687 0.0315170288085938
0.0103816986083984 0.0248889923095703 0.0346832275390625 0.0370635986328125
0.0196208953857422 0.0124187469482422 0.0498466491699219 0.0161628723144531
0.0236167907714844 -0.00355148315429688 0.0535926818847656 -0.00996017456054687
0.0247402191162109 -0.014404296875 0.0454368591308594 -0.0201759338378906
0.0250511169433594 -0.0119762420654297 0.0335159301757813 -0.0167770385742188
0.0282535552978516 -0.0164260864257813 0.0269050598144531 -0.00589179992675781
0.0374870300292969 -0.00725173950195313 0.0191326141357422 0.00333976745605469
0.0383529663085938 0.0143013000488281 0.00099611282348633 0.00308680534362793
0.0273895263671875 0.0358390808105469 -0.00259542465209961 -0.00636243820190429
-0.00817108154296875 0.0495185852050781 0.00890350341796875 -0.02471923828125
-0.0402069091796875 0.0513992309570312 0.0281925201416016 -0.01434326171875
-0.0608253479003906 0.0381431579589844 0.0199298858642578 0.00806999206542969
-0.0705718994140625 0.017578125 0.0291557312011719 0.0386161804199219
-0.0471687316894531 0.0398979187011719 0.00476837158203124 0.036651611328125
-0.0227508544921875 0.0422515869140625 0.00503158569335938 0.0409317016601563
0.00806427001953125 0.0451927185058594 0.0289764404296875 0.0424957275390625
0.0288906097412109 0.0277156829833984 0.0419197082519531 0.0194091796875
0.0398139953613281 0.00286102294921875 0.0452957153320313 -0.00568771362304688
0.0392417907714844 -0.0143051147460938 0.0352210998535156 -0.0111160278320313
0.0377082824707031 -0.0121536254882813 0.0231876373291016 -0.00761795043945313
0.0422172546386719 -0.0147781372070313 0.0163555145263672 0.000991821289062499
0.048126220703125 -0.00257110595703125 0.00891685485839844 0.007293701171875
0.0431404113769531 0.02215576171875 -0.00621175765991211 0.00577306747436524
0.0274581909179688 0.0433616638183594 -0.00717306137084961 -0.00424909591674805
-0.0147132873535156 0.0528793334960938 0.003387451171875 -0.0188617706298828
-0.0497360229492187 0.0487518310546875 0.016200065612793 -0.00193023681640625
-0.0697212219238281 0.0314292907714844 -0.00211334228515626 0.0166263580322266
-0.0758132934570313 0.00351715087890626 0.000663757324218748 0.0452079772949219
-0.0627288818359375 0.0320587158203125 -0.0173072814941406 0.0474014282226563
-0.0370559692382813 0.0462799072265625 -0.0037841796875 0.0471611022949219
0.0011138916015625 0.0566139221191406 0.0189552307128906 0.04437255859375
0.0297927856445313 0.0396347045898438 0.0285930633544922 0.0195369720458984
0.0500106811523438 0.00936126708984375 0.0295372009277344 -0.000686645507812499
0.0483207702636719 -0.0120086669921875 0.0192279815673828 -0.00141716003417969
0.0446052551269531 -0.009490966796875 0.00824737548828125 0.00332546234130859
0.0501365661621094 -0.0109672546386719 0.00212955474853516 0.00940799713134766
0.051727294921875 0.0013885498046875 -0.00450801849365234 0.0108242034912109
0.0431251525878906 0.0276756286621094 -0.0149602890014648 0.00535488128662109
0.0251007080078125 0.04705810546875 -0.0108623504638672 -0.00453758239746093
-0.0202674865722656 0.0514373779296875 0.001495361328125 -0.0137147903442383
-0.0548248291015625 0.0410995483398437 0.00570583343505859 0.0102577209472656
-0.0722808837890625 0.019866943359375 -0.0232582092285156 0.0227718353271484
-0.0647048950195313 -0.0116806030273438 -0.0261688232421875 0.0449981689453125
-0.0635719299316406 0.0155448913574219 -0.0373268127441406 0.0502128601074219
-0.0447731018066406 0.0364913940429688 -0.0138092041015625 0.047332763671875
-0.00923919677734375 0.0551528930664063 0.00717544555664062 0.0391273498535156
0.0238800048828125 0.0433998107910156 0.0137872695922852 0.0168695449829102
0.0481681823730469 0.0164375305175781 0.0111856460571289 0.0032806396484375
0.0483207702636719 -0.00606536865234375 0.00106525421142578 0.0075526237487793
0.0437660217285156 -0.00564956665039063 -0.00720977783203125 0.0127620697021484
0.0492668151855469 -0.00742340087890625 -0.0130243301391602 0.0170164108276367
0.0508499145507813 0.00567245483398438 -0.0181217193603516 0.0125064849853516
0.039398193359375 0.0303535461425781 -0.0236454010009766 0.00378990173339843
0.0190277099609375 0.0467720031738281 -0.0146884918212891 -0.00680732727050781
-0.0261306762695312 0.0450668334960938 -0.000696182250976564 -0.010706901550293
-0.0564079284667969 0.0277671813964844 -0.00409507751464844 0.0184078216552734
-0.0677337646484375 0.00420761108398436 -0.0435066223144531 0.0230598449707031
-0.0415725708007813 -0.0250434875488281 -0.0463409423828125 0.0386238098144531
-0.0482254028320313 -0.00447082519531251 -0.0513496398925781 0.0472297668457031
-0.0401344299316406 0.0164756774902344 -0.0194892883300781 0.0434188842773438
-0.0172653198242188 0.0398216247558594 -0.00176239013671875 0.0306224822998047
0.011627197265625 0.0366172790527344 0.0002593994140625 0.0113506317138672
0.037017822265625 0.0196495056152344 -0.00690317153930664 0.00458097457885742
0.0404472351074219 0.00054168701171875 -0.016143798828125 0.0142488479614258
0.0368537902832031 -0.00083160400390625 -0.0216064453125 0.0209140777587891
0.0421829223632813 -0.00173187255859375 -0.0263481140136719 0.0222282409667969
0.0432090759277344 0.00839996337890625 -0.0317516326904297 0.0135383605957031
0.0323581695556641 0.0280494689941406 -0.0329227447509766 0.001678466796875
0.0129737854003906 0.0427703857421875 -0.0202560424804688 -0.00989532470703125
-0.0287818908691406 0.0357627868652344 -0.00303745269775391 -0.0102062225341797
-0.0529365539550781 0.0132827758789062 -0.0136146545410156 0.0212211608886719
-0.056976318359375 -0.0113105773925781 -0.0604820251464844 0.0185470581054687
-0.0124778747558594 -0.03460693359375 -0.0545082092285156 0.0303306579589844
-0.024688720703125 -0.0231609344482422 -0.0547752380371094 0.0397491455078125
-0.0283927917480469 -0.00620460510253906 -0.0210304260253906 0.0382499694824219
-0.0215129852294922 0.0166988372802734 -0.00684356689453125 0.0224552154541016
-0.0025787353515625 0.0243492126464844 -0.00814676284790039 0.00545263290405273
0.019805908203125 0.0193748474121094 -0.0191364288330078 0.0047607421875
0.0260162353515625 0.00646209716796875 -0.0286102294921875 0.0176887512207031
0.0241909027099609 0.00390243530273437 -0.0325298309326172 0.0256824493408203
0.0293045043945312 0.00287437438964844 -0.0381698608398438 0.0260200500488281
0.0300617218017578 0.00913238525390625 -0.0426902770996094 0.01385498046875
0.0216617584228516 0.0235462188720703 -0.040985107421875 -0.001129150390625
0.0065460205078125 0.0330123901367188 -0.0247097015380859 -0.0137176513671875
-0.0269336700439453 0.0237903594970703 -0.00749301910400391 -0.0121040344238281
-0.0437088012695312 -0.00165939331054687 -0.0238990783691406 0.01702880859375
-0.0390243530273438 -0.0259361267089844 -0.0725936889648438 0.00792694091796874
0.00194549560546875 0.0291671752929688 0.0687065124511719 -0.00569915771484375
0.0263595581054687 0.009307861328125 0.0278244018554687 -0.00728797912597656
0.0147686004638672 -0.0130043029785156 0.00980377197265625 0.0142927169799805
0.000724792480468752 -0.0165395736694336 0.0310516357421875 0.0222415924072266
-0.00820732116699219 -0.0130453109741211 0.0482635498046875 0.0055999755859375
-0.0171127319335938 -0.00648975372314453 0.0510292053222656 -0.0174980163574219
-0.0120630264282227 -0.00487422943115234 0.043701171875 -0.0318641662597656
-0.00885963439941406 -0.00626468658447266 0.0350723266601563 -0.0289878845214844
-0.0118131637573242 -0.0114278793334961 0.0306262969970703 -0.0193881988525391
8.29696655273432E-05 -0.0172595977783203 0.0256309509277344 -0.00766372680664063
0.0156993865966797 -0.0133829116821289 0.0109119415283203 -0.00459003448486328
0.021942138671875 0.00130081176757813 0.00759696960449219 -0.0147829055786133
0.0156307220458984 0.0234527587890625 0.0236663818359375 -0.0324745178222656
0.00251007080078125 0.0374832153320313 0.0485267639160156 -0.0350379943847656
-0.0150527954101563 0.0379219055175781 0.0500679016113281 -0.0171775817871094
-0.0257968902587891 0.0332183837890625 0.0656852722167969 0.00791168212890625
0.00580024719238281 0.0255889892578125 0.0282230377197266 0.00442123413085938
0.00632143020629883 0.00649499893188477 0.0119724273681641 0.0212039947509766
0.0069117546081543 0.0021977424621582 0.0348358154296875 0.0283927917480469
0.00623512268066406 -0.00219058990478516 0.0521354675292969 0.00907516479492188
0.00254440307617188 -0.00639772415161133 0.0545654296875 -0.0164680480957031
0.00595188140869141 -0.0111312866210938 0.0463714599609375 -0.0301513671875
0.00828647613525391 -0.0110397338867188 0.0356788635253906 -0.026397705078125
0.00853919982910156 -0.0150823593139648 0.0310955047607422 -0.0161838531494141
0.0199069976806641 -0.0132846832275391 0.0252056121826172 -0.00420570373535156
0.0288143157958984 0.000701904296875 0.00834083557128906 -0.000951766967773438
0.0260448455810547 0.0200061798095703 0.00389480590820313 -0.0106477737426758
0.00284576416015625 0.0391159057617188 0.01629638671875 -0.029083251953125
-0.0200996398925781 0.0471458435058594 0.0386161804199219 -0.0270843505859375
-0.0394058227539062 0.041534423828125 0.0387649536132813 -0.006072998046875
-0.0514068603515625 0.0309829711914062 0.0530319213867188 0.0223503112792969
-0.0196914672851563 0.0377388000488281 0.0207347869873047 0.0191898345947266
-0.00590705871582031 0.0277500152587891 0.0115432739257813 0.0302314758300781
0.0113334655761719 0.0246067047119141 0.0353546142578125 0.0349311828613281
0.0204353332519531 0.0119457244873047 0.05010986328125 0.0130119323730469
0.0228652954101563 -0.00415992736816406 0.0523414611816406 -0.0133743286132813
0.0239925384521484 -0.0157070159912109 0.0436782836914063 -0.0238189697265625
0.0246734619140625 -0.0140953063964844 0.0311298370361328 -0.0195331573486328
0.027191162109375 -0.0178070068359375 0.0254077911376953 -0.00935935974121094
0.0363311767578125 -0.009185791015625 0.0194854736328125 0.000202178955078124
0.0393867492675781 0.0113029479980469 0.00268220901489258 0.00183653831481934
0.0293350219726562 0.0331363677978516 -0.00134658813476562 -0.00739192962646484
-0.00522613525390625 0.0497779846191406 0.00860595703125 -0.0246944427490234
-0.0360870361328125 0.0533027648925781 0.0272216796875 -0.0165538787841797
-0.0571441650390625 0.0411872863769531 0.0217380523681641 0.00488471984863282
-0.0693778991699219 0.0226058959960937 0.0314559936523437 0.0359077453613281
-0.0444679260253906 0.0424003601074219 0.00591659545898437 0.0341987609863281
-0.0208396911621094 0.0439567565917969 0.00617218017578125 0.0390586853027344
0.0106735229492188 0.0448646545410156 0.0302085876464844 0.0400238037109375
0.0304126739501953 0.0262165069580078 0.0419540405273438 0.0167770385742188
0.040283203125 0.00037384033203125 0.0433807373046875 -0.00788116455078125
0.0383872985839844 -0.0168991088867188 0.0336132049560547 -0.0143337249755859
0.0369300842285156 -0.0148963928222656 0.0214900970458984 -0.00994873046875
0.0407295227050781 -0.0176010131835938 0.0149641036987305 -0.00108051300048828
0.0473518371582031 -0.00603866577148437 0.00915145874023438 0.00478553771972656
0.0445518493652344 0.0190010070800781 -0.00470972061157226 0.00385570526123047
0.0305557250976562 0.0408782958984375 -0.00596427917480469 -0.00552272796630859
-0.0111923217773437 0.0537681579589844 0.00342178344726563 -0.0190544128417969
-0.0459403991699219 0.0522804260253906 0.0164203643798828 -0.00385856628417968
-0.0671463012695313 0.0353431701660156 0.000979423522949215 0.0146379470825195
-0.0749053955078125 0.00860595703125001 0.00360488891601562 0.0436058044433594
-0.0601234436035156 0.0358772277832031 -0.0139656066894531 0.0454826354980469
-0.0350570678710937 0.0489540100097656 -0.00245285034179688 0.0449142456054688
0.00484085083007813 0.0571861267089844 0.0208816528320313 0.0417098999023438
0.0333633422851562 0.0371055603027344 0.028564453125 0.0178241729736328
0.0499420166015625 0.00644683837890625 0.0280723571777344 -0.00244903564453125
0.046600341796875 -0.0147781372070313 0.0184516906738281 -0.00318145751953125
0.0437431335449219 -0.0131378173828125 0.00811004638671875 0.00177431106567383
0.0484542846679688 -0.0155448913574219 0.00177812576293946 0.00766849517822266
0.0522193908691406 -0.0025177001953125 -0.00379753112792968 0.00954151153564453
0.0458335876464844 0.0245399475097656 -0.0136213302612305 0.0047140121459961
0.028045654296875 0.0449409484863281 -0.0102777481079102 -0.00533962249755859
-0.0174484252929688 0.0526390075683594 0.00111007690429687 -0.014404296875
-0.0521469116210937 0.04510498046875 0.00715255737304687 0.00828695297241211
-0.0705184936523438 0.0246200561523438 -0.0200252532958984 0.0219020843505859
-0.066009521484375 -0.00706481933593749 -0.0227470397949219 0.0455741882324219
-0.062042236328125 0.0197486877441406 -0.0337753295898438 0.0497093200683594
-0.0421409606933594 0.0399742126464844 -0.0119094848632813 0.0463409423828125
-0.00495147705078125 0.0555610656738281 0.00859451293945313 0.0378684997558594
0.0268516540527344 0.0416107177734375 0.0129766464233398 0.0162582397460938
0.049285888671875 0.01226806640625 0.0105791091918945 0.00276851654052734
0.0474586486816406 -0.0102386474609375 0.00133752822875977 0.00660943984985351
0.0433158874511719 -0.0096893310546875 -0.0068511962890625 0.0126247406005859
0.0484848022460938 -0.0113945007324219 -0.0122032165527344 0.0163059234619141
0.050537109375 0.00086212158203125 -0.0174274444580078 0.0123367309570313
0.0417518615722656 0.0265388488769531 -0.0234737396240234 0.00395584106445313
0.0228996276855469 0.0450630187988281 -0.0148334503173828 -0.00676536560058593
-0.0224876403808594 0.0470771789550781 -0.000678062438964846 -0.0109834671020508
-0.0542144775390625 0.0325775146484375 -0.00211620330810547 0.0168447494506836
-0.0666389465332031 0.00947952270507811 -0.0398445129394531 0.0235252380371094
-0.0436058044433594 -0.0214958190917969 -0.0435905456542969 0.0410346984863281
-0.0483665466308594 -0.000423431396484368 -0.0472755432128906 0.0476341247558594
-0.0393943786621094 0.0202789306640625 -0.0183296203613281 0.0431671142578125
-0.0138320922851563 0.0411376953125 -0.00103569030761719 0.03057861328125
0.0145034790039062 0.0359230041503906 -0.000101089477539062 0.0109004974365234
0.0383949279785156 0.0158119201660156 -0.00699043273925781 0.00522422790527344
0.0397148132324219 -0.00351715087890625 -0.0147275924682617 0.0155401229858398
0.03662109375 -0.004608154296875 -0.0194206237792969 0.0218906402587891
0.0415496826171875 -0.00628662109375 -0.0250129699707031 0.0232410430908203
0.0433006286621094 0.00383377075195313 -0.0306396484375 0.0148906707763672
0.0341339111328125 0.0252189636230469 -0.0326175689697266 0.00277328491210938
0.0161972045898438 0.0405998229980469 -0.0200366973876953 -0.00967025756835938
-0.0257453918457031 0.0375747680664063 -0.00348377227783203 -0.0104598999023437
-0.0514945983886719 0.0174751281738281 -0.0116558074951172 0.0207614898681641
-0.0570487976074219 -0.007049560546875 -0.0577392578125 0.0202751159667969
-0.0149192810058594 -0.0326671600341797 -0.0522117614746094 0.0329475402832031
-0.0265178680419922 -0.020050048828125 -0.0516357421875 0.0418663024902344
-0.0287189483642578 -0.00313186645507813 -0.0190238952636719 0.0374946594238281
-0.0196762084960938 0.0188865661621094 -0.00668716430664062 0.0223865509033203
0.000263214111328126 0.0241928100585938 -0.0083765983581543 0.00615024566650391
0.0211372375488281 0.0164566040039063 -0.0193080902099609 0.00726318359375
0.0263195037841797 0.00384521484375 -0.026885986328125 0.0202732086181641
0.0244255065917969 0.00120353698730469 -0.0299205780029297 0.0274219512939453
0.0289077758789063 -0.000616073608398438 -0.0359764099121094 0.0276031494140625
0.0301761627197266 0.00547027587890625 -0.0418205261230469 0.0155029296875
0.0236339569091797 0.0204944610595703 -0.0412864685058594 0.00038528442382812
0.00888442993164063 0.0311775207519531 -0.0255775451660156 -0.0130577087402344
-0.0243396759033203 0.0256519317626953 -0.00749015808105469 -0.0118875503540039
-0.0427627563476562 0.00214385986328126 -0.0216598510742188 0.0180149078369141
-0.03948974609375 -0.0220947265625 -0.070343017578125 0.01092529296875
0.0029449462890625 0.0282974243164063 0.0677337646484375 -0.00748062133789062
0.0261058807373047 0.008514404296875 0.0266952514648438 -0.00828933715820313
0.0133523941040039 -0.0132436752319336 0.00918006896972656 0.013941764831543
-0.000137329101562498 -0.0160236358642578 0.0309810638427734 0.0223808288574219
-0.00922298431396484 -0.0123224258422852 0.04864501953125 0.0045013427734375
-0.0166330337524414 -0.00484561920166016 0.0508346557617188 -0.0194091796875
-0.0114202499389648 -0.00430583953857422 0.0423507690429688 -0.0335578918457031
-0.00898361206054688 -0.0060577392578125 0.0334434509277344 -0.0306510925292969
-0.0115470886230469 -0.0100078582763672 0.0297183990478516 -0.0211029052734375
-0.000940322875976562 -0.0161218643188477 0.0255699157714844 -0.0101737976074219
0.014277458190918 -0.0137443542480469 0.0118703842163086 -0.00609588623046875
0.0206184387207031 0.000478744506835938 0.00921440124511719 -0.0149726867675781
0.0161380767822266 0.0221996307373047 0.0237560272216797 -0.0321197509765625
0.00395965576171875 0.0360450744628906 0.0479240417480469 -0.0357666015625
-0.0130386352539062 0.0370941162109375 0.050445556640625 -0.019683837890625
-0.0244407653808594 0.0334835052490234 0.0652389526367188 0.00604629516601563
0.00540542602539063 0.0252189636230469 0.0271701812744141 0.00249290466308594
0.00589323043823242 0.00722360610961914 0.0117816925048828 0.0207061767578125
0.0068206787109375 0.00256586074829102 0.0354423522949219 0.0276412963867187
0.00590801239013672 -0.00189208984375 0.0515861511230469 0.0076446533203125
0.00274848937988281 -0.00605440139770508 0.0538406372070313 -0.018310546875
0.00601387023925781 -0.0114564895629883 0.0450096130371094 -0.0322685241699219
0.00798892974853516 -0.0115270614624023 0.0343379974365234 -0.0284557342529297
0.00837802886962891 -0.0148801803588867 0.0299568176269531 -0.0184001922607422
0.0194625854492188 -0.0129337310791016 0.0255203247070313 -0.00683212280273438
0.0286369323730469 -0.000314712524414063 0.00950717926025391 -0.00295639038085938
0.0259113311767578 0.0187568664550781 0.00536251068115235 -0.010920524597168
0.00380706787109375 0.0386734008789062 0.0162162780761719 -0.0288333892822266
-0.01873779296875 0.0470466613769531 0.0384025573730469 -0.0284690856933594
-0.0373115539550781 0.0415687561035156 0.0404586791992187 -0.00861358642578125
-0.0509681701660156 0.0323257446289063 0.0532875061035156 0.020660400390625
-0.0198173522949219 0.0385971069335938 0.0204086303710938 0.0174179077148438
-0.00579833984375 0.0289974212646484 0.0106830596923828 0.0296058654785156
0.0121116638183594 0.0246410369873047 0.0356178283691406 0.0338554382324219
0.0207996368408203 0.0115375518798828 0.049652099609375 0.0119781494140625
0.0232105255126953 -0.00423622131347656 0.0512046813964844 -0.0149459838867188
0.0240573883056641 -0.0168094635009766 0.0422592163085938 -0.0262680053710938
0.024871826171875 -0.0151519775390625 0.0303230285644531 -0.021728515625
0.0270404815673828 -0.0181713104248047 0.0246467590332031 -0.0117321014404297
0.0357704162597656 -0.0109939575195313 0.0198974609375 -0.0021209716796875
0.0395355224609375 0.0101661682128906 0.0037987232208252 -0.000389099121093749
0.0306529998779297 0.0317802429199219 0.000214576721191409 -0.00818443298339844
-0.003936767578125 0.0497055053710938 0.00900650024414063 -0.0244846343994141
-0.034576416015625 0.053985595703125 0.0273284912109375 -0.0181064605712891
-0.0551643371582031 0.0422897338867187 0.0231418609619141 0.00250053405761719
-0.0694007873535156 0.0242080688476562 0.0318794250488281 0.0344047546386719
-0.0435066223144531 0.0437507629394531 0.00638961791992187 0.0324745178222656
-0.0201950073242188 0.0456275939941406 0.00575637817382813 0.0381851196289063
0.0128097534179687 0.0448036193847656 0.0303688049316406 0.0390739440917969
0.0317630767822266 0.0252952575683594 0.0415000915527344 0.0157508850097656
0.0404815673828125 -0.00120925903320313 0.0421867370605469 -0.0092010498046875
0.0380630493164063 -0.0185623168945313 0.0325374603271484 -0.0158882141113281
0.0371589660644531 -0.0166168212890625 0.0203704833984375 -0.0114231109619141
0.04071044921875 -0.0192222595214844 0.0141572952270508 -0.00314712524414063
0.0471763610839844 -0.00823593139648438 0.00911998748779297 0.00247097015380859
0.0458831787109375 0.0175933837890625 -0.00427126884460449 0.0019073486328125
0.0325965881347656 0.0398750305175781 -0.00476741790771484 -0.00606679916381836
-0.00958633422851563 0.0543746948242188 0.00362586975097656 -0.0193443298339844
-0.0440940856933594 0.0539321899414063 0.0165834426879883 -0.00562000274658203
-0.0656661987304688 0.0373916625976563 0.00330257415771484 0.0123147964477539
-0.0755157470703125 0.0117034912109375 0.00500106811523437 0.0427207946777344
-0.0593490600585938 0.038238525390625 -0.0129661560058594 0.0439300537109375
-0.0339508056640625 0.0512504577636719 -0.00308609008789062 0.0444221496582031
0.00719833374023438 0.057159423828125 0.0204238891601562 0.0406875610351563
0.0347442626953125 0.0365333557128906 0.0282745361328125 0.0173969268798828
0.0502471923828125 0.00422286987304688 0.0270900726318359 -0.00325775146484375
0.0460166931152344 -0.0172348022460938 0.0182037353515625 -0.00418472290039063
0.0434989929199219 -0.0158462524414063 0.00792217254638672 0.000817298889160155
0.0482292175292969 -0.0181007385253906 0.00115156173706055 0.00689363479614258
0.0521507263183594 -0.00530624389648438 -0.00358390808105469 0.00801849365234375
0.0469398498535156 0.0223464965820313 -0.013920783996582 0.0035696029663086
0.0302162170410156 0.0442161560058594 -0.00926589965820313 -0.00594139099121093
-0.0154800415039063 0.0535621643066406 0.00114250183105469 -0.0147981643676758
-0.0504302978515625 0.0473861694335938 0.00802946090698242 0.00743579864501953
-0.0691146850585937 0.0269126892089844 -0.0180950164794922 0.0203647613525391
-0.0666694641113281 -0.00400161743164063 -0.0215415954589844 0.0450630187988281
-0.0617179870605469 0.0224571228027344 -0.0323753356933594 0.0488204956054688
-0.0414772033691406 0.0418548583984375 -0.0122604370117188 0.0449104309082031
-0.0025787353515625 0.0561599731445313 0.00803756713867187 0.0373382568359375
0.0289840698242188 0.0402297973632813 0.012639045715332 0.0162487030029297
0.0497245788574219 0.00963973999023438 0.00975704193115235 0.00286006927490234
0.0469474792480469 -0.01251220703125 0.00168943405151367 0.00688600540161133
0.0430526733398438 -0.0122604370117188 -0.0058746337890625 0.0124549865722656
0.0479965209960938 -0.0142936706542969 -0.0123624801635742 0.0158357620239258
0.0512809753417969 -0.00177764892578125 -0.0173759460449219 0.0117607116699219
0.0436820983886719 0.0242118835449219 -0.0231456756591797 0.00332832336425781
0.0250892639160156 0.043701171875 -0.0147314071655273 -0.00757408142089844
-0.0201606750488281 0.0479927062988281 -0.000970840454101565 -0.0116128921508789
-0.0528793334960938 0.0352745056152344 -0.00145053863525391 0.0158824920654297
-0.0657424926757813 0.0121498107910156 -0.0381546020507813 0.0227394104003906
-0.0449028015136719 -0.0184745788574219 -0.0422821044921875 0.0414466857910156
-0.0486030578613281 0.00186157226562499 -0.0458717346191406 0.0474433898925781
-0.0392494201660156 0.0225257873535156 -0.0177268981933594 0.0420761108398437
-0.0118293762207031 0.0422592163085938 -0.00160598754882813 0.0302581787109375
0.0167083740234375 0.0349597930908203 -0.00124645233154297 0.0120935440063477
0.0389328002929688 0.0137214660644531 -0.00756502151489257 0.00678777694702148
0.0396957397460937 -0.0054168701171875 -0.0139398574829102 0.0159883499145508
0.0362510681152344 -0.00701522827148437 -0.0185356140136719 0.0225639343261719
0.0411605834960938 -0.00862884521484375 -0.02520751953125 0.0237827301025391
0.0434455871582031 0.00128555297851563 -0.0307960510253906 0.0151119232177734
0.0354843139648438 0.023193359375 -0.032958984375 0.0023651123046875
0.0180931091308594 0.0395278930664063 -0.0203151702880859 -0.00979995727539063
-0.0236434936523437 0.0389366149902344 -0.00351810455322266 -0.0113716125488281
-0.0503997802734375 0.0203132629394531 -0.0106830596923828 0.0199871063232422
-0.0563087463378906 -0.00399017333984376 -0.0559616088867188 0.0203628540039062
-0.0162258148193359 -0.0311260223388672 -0.0511970520019531 0.0343284606933594
-0.0271072387695313 -0.0180587768554688 -0.0499496459960938 0.0426483154296875
-0.0288848876953125 -0.00105667114257813 -0.0190925598144531 0.0367698669433594
-0.0183067321777344 0.0203056335449219 -0.007415771484375 0.0225982666015625
0.00209236145019531 0.0237178802490234 -0.00921916961669922 0.00732612609863282
0.0219993591308594 0.0149707794189453 -0.0192203521728516 0.00835609436035156
0.0261802673339844 0.00176429748535156 -0.0258445739746094 0.021575927734375
0.0239982604980469 -0.0006103515625 -0.0285053253173828 0.0286350250244141
0.0287036895751953 -0.0023651123046875 -0.035308837890625 0.0290641784667969
0.031036376953125 0.00397682189941406 -0.0418167114257813 0.0161056518554688
0.0248470306396484 0.0192184448242188 -0.0408058166503906 0.000850677490234385
0.0106391906738281 0.0307941436767578 -0.0252132415771484 -0.013214111328125
-0.0233860015869141 0.0264549255371094 -0.00781726837158204 -0.0125932693481445
-0.0419235229492188 0.00439834594726563 -0.0201816558837891 0.0178146362304688
-0.0395851135253906 -0.01947021484375 -0.0690422058105469 0.0117568969726562
0.00330734252929688 0.0279617309570313 0.0686416625976562 -0.00784683227539062
0.0252704620361328 0.00771141052246094 0.0263690948486328 -0.00911712646484375
0.0131311416625977 -0.013463020324707 0.00881862640380859 0.0145511627197266
-0.000612258911132813 -0.0159692764282227 0.0321903228759766 0.0225601196289063
-0.00916004180908203 -0.0119543075561523 0.050262451171875 0.0035247802734375
-0.0164031982421875 -0.00368213653564453 0.0522689819335938 -0.0211944580078125
-0.0116605758666992 -0.00387191772460937 0.0427093505859375 -0.0359077453613281
-0.00867271423339844 -0.0056910514831543 0.0334129333496094 -0.0322952270507812
-0.0113582611083984 -0.00914573669433594 0.0296764373779297 -0.0233440399169922
-0.00120353698730469 -0.0161247253417969 0.0264682769775391 -0.0124835968017578
0.0136308670043945 -0.0139732360839844 0.013361930847168 -0.00767803192138672
0.0210170745849609 -0.000539779663085938 0.0106668472290039 -0.0156784057617188
0.0171070098876953 0.0213527679443359 0.0248279571533203 -0.0318355560302734
0.00502777099609375 0.0354652404785156 0.0484886169433594 -0.0367507934570313
-0.0118026733398438 0.0365486145019531 0.0525970458984375 -0.021728515625
-0.0250606536865234 0.0341911315917969 0.0669593811035156 0.00543594360351563
0.00536155700683594 0.0254230499267578 0.0265617370605469 0.00184822082519531
0.00550127029418945 0.00784587860107422 0.0111732482910156 0.0211372375488281
0.00707721710205078 0.00327062606811523 0.0357208251953125 0.0278282165527344
0.00667953491210937 -0.00124979019165039 0.0526885986328125 0.00711822509765625
0.003265380859375 -0.00566005706787109 0.0556831359863281 -0.0197563171386719
0.00640201568603516 -0.0114383697509766 0.0450439453125 -0.0341796875
0.00875949859619141 -0.0118942260742188 0.0340557098388672 -0.0308151245117188
0.00868034362792969 -0.0152349472045898 0.0296115875244141 -0.0202388763427734
0.0192222595214844 -0.0136985778808594 0.026153564453125 -0.00904273986816406
0.0287857055664062 -0.000995635986328125 0.0107240676879883 -0.00470447540283203
0.0265426635742188 0.0186977386474609 0.00675201416015625 -0.0120182037353516
0.00437545776367188 0.0388298034667969 0.0169258117675781 -0.0289478302001953
-0.0179977416992187 0.0479011535644531 0.0389900207519531 -0.0297088623046875
-0.0369911193847656 0.042510986328125 0.04193115234375 -0.0113754272460937
-0.0521087646484375 0.0338516235351562 0.0544319152832031 0.0200538635253906
-0.0202293395996094 0.0394973754882813 0.0203056335449219 0.0162143707275391
-0.00585556030273437 0.030517578125 0.0104312896728516 0.0299434661865234
0.0133743286132813 0.0257320404052734 0.035919189453125 0.0343475341796875
0.0220584869384766 0.0118427276611328 0.0508804321289063 0.0116119384765625
0.0243053436279297 -0.004974365234375 0.0519294738769531 -0.0161094665527344
0.024322509765625 -0.0180091857910156 0.0421676635742188 -0.0278129577636719
0.0253677368164063 -0.0163745880126953 0.0296707153320313 -0.0237979888916016
0.0276775360107422 -0.0197868347167969 0.0240554809570312 -0.0136680603027344
0.0367279052734375 -0.01177978515625 0.0197410583496094 -0.00459861755371094
0.0402793884277344 0.0093231201171875 0.00455188751220703 -0.00185155868530273
0.0318508148193359 0.0323467254638672 0.0015106201171875 -0.00914478302001953
-0.00302886962890625 0.0511131286621094 0.0100841522216797 -0.0250492095947266
-0.0345993041992188 0.0559616088867187 0.028076171875 -0.0192890167236328
-0.0555381774902344 0.0433311462402344 0.0253257751464844 0.000415802001953128
-0.0713882446289063 0.0266189575195313 0.0330848693847656 0.033660888671875
-0.0442543029785156 0.0457878112792969 0.00639533996582031 0.0313625335693359
-0.0205230712890625 0.0482139587402344 0.00517272949218749 0.0384330749511719
0.0142974853515625 0.0463027954101563 0.0307464599609375 0.0394172668457031
0.0337772369384766 0.0252590179443359 0.04217529296875 0.0159721374511719
0.0417709350585938 -0.00190353393554688 0.0420799255371094 -0.0097808837890625
0.0386238098144531 -0.0206489562988281 0.0325851440429688 -0.0176448822021484
0.0377273559570313 -0.0188751220703125 0.0203819274902344 -0.0127391815185547
0.0415840148925781 -0.0215568542480469 0.013890266418457 -0.00459003448486328
0.0482597351074219 -0.0099639892578125 0.00910568237304688 0.000315666198730468
0.0478515625 0.0168724060058594 -0.0036931037902832 0.000527143478393556
0.0343475341796875 0.0399589538574219 -0.00438976287841797 -0.00789690017700195
-0.00857162475585938 0.0566902160644531 0.00428009033203125 -0.0200271606445312
-0.044403076171875 0.0569381713867188 0.0176982879638672 -0.00655555725097656
-0.0665512084960938 0.0395050048828125 0.0048379898071289 0.0110626220703125
-0.0780868530273438 0.013824462890625 0.00540924072265625 0.0430068969726563
-0.0601310729980469 0.0410232543945313 -0.0133514404296875 0.0434799194335938
-0.034332275390625 0.0541229248046875 -0.0033111572265625 0.0445327758789063
0.00912857055664062 0.0589485168457031 0.0205917358398438 0.0410881042480469
0.0372695922851563 0.0364799499511719 0.0284500122070313 0.0179996490478516
0.0514793395996094 0.0031280517578125 0.0269870758056641 -0.00283432006835938
0.0472068786621094 -0.0193252563476563 0.0185813903808594 -0.00486183166503906
0.04412841796875 -0.0179023742675781 0.00779247283935547 7.96318054199208E-05
0.0492668151855469 -0.0203933715820313 0.00117111206054688 0.00625419616699219
0.0538749694824219 -0.00761032104492188 -0.00380849838256835 0.00655078887939453
0.0496101379394531 0.0212593078613281 -0.0137491226196289 0.0025482177734375
0.0328407287597656 0.0442352294921875 -0.0093536376953125 -0.00722026824951172
-0.0145835876464844 0.0562019348144531 0.00165271759033203 -0.0152606964111328
-0.0511589050292969 0.0506439208984375 0.00867223739624023 0.00640964508056641
-0.0699920654296875 0.0293655395507812 -0.0170516967773438 0.0190200805664063
-0.0689773559570312 -0.00232696533203125 -0.021392822265625 0.04595947265625
-0.0625343322753906 0.0246543884277344 -0.0322456359863281 0.0488548278808594
-0.0422630310058594 0.0451507568359375 -0.0128746032714844 0.0454254150390625
-0.000808715820312503 0.0583381652832031 0.00782012939453125 0.0381202697753906
0.0313987731933594 0.0406837463378906 0.0122737884521484 0.0169486999511719
0.0514068603515625 0.0085906982421875 0.00919532775878906 0.00373554229736328
0.0480308532714844 -0.0146064758300781 0.00189924240112305 0.00721120834350586
0.0442008972167969 -0.0146064758300781 -0.00585269927978516 0.0126371383666992
0.0491676330566406 -0.0168914794921875 -0.0129547119140625 0.01605224609375
0.0524826049804688 -0.00416183471679688 -0.0179557800292969 0.0113887786865234
0.0457649230957031 0.0232696533203125 -0.0239696502685547 0.00229263305664062
0.0275650024414063 0.0440559387207031 -0.0145969390869141 -0.00843334197998047
-0.0198783874511719 0.0507736206054688 -0.000805854797363283 -0.0123558044433594
-0.0534744262695312 0.0384445190429688 -0.00100040435791016 0.0153560638427734
-0.0671806335449219 0.0146484375 -0.0375709533691406 0.0222396850585938
-0.0466499328613281 -0.0174942016601562 -0.043121337890625 0.0432586669921875
-0.0500831604003906 0.00425338745117188 -0.0466423034667969 0.0480537414550781
-0.0399398803710937 0.0250282287597656 -0.0186500549316406 0.0421409606933594
-0.0102272033691406 0.0437965393066406 -0.00203514099121094 0.0302848815917969
0.0185279846191406 0.0352516174316406 -0.00220775604248047 0.0128612518310547
0.0406379699707031 0.0125541687011719 -0.00811481475830078 0.00769186019897461
0.0405769348144531 -0.00798416137695313 -0.0138330459594727 0.0172595977783203
0.0371513366699219 -0.00872039794921875 -0.0184497833251953 0.0227527618408203
0.0419998168945313 -0.0108642578125 -0.0251979827880859 0.0244655609130859
0.0444755554199219 -0.000614166259765625 -0.0313014984130859 0.0153751373291016
0.0376853942871094 0.02227783203125 -0.033782958984375 0.00249671936035156
0.020294189453125 0.0397834777832031 -0.0208854675292969 -0.0108242034912109
-0.023773193359375 0.040863037109375 -0.0036773681640625 -0.0121707916259766
-0.0509719848632813 0.0231246948242187 -0.00974845886230469 0.0199184417724609
-0.056915283203125 -0.00238800048828124 -0.0565872192382813 0.0209465026855469
-0.0175533294677734 -0.0308151245117187 -0.0526123046875 0.0361595153808594
-0.0281639099121094 -0.0168190002441406 -0.0507965087890625 0.0432243347167969
-0.0293598175048828 0.000688552856445308 -0.0195388793945313 0.0369987487792969
-0.0172023773193359 0.0215339660644531 -0.00829696655273438 0.0229911804199219
0.00391006469726563 0.0239677429199219 -0.010807991027832 0.00845718383789063
0.0229167938232422 0.0136547088623047 -0.0204181671142578 0.0101680755615234
0.0263118743896484 0.000186920166015625 -0.0253391265869141 0.0230560302734375
0.0249443054199219 -0.00193977355957031 -0.0279216766357422 0.0301952362060547
0.0295181274414062 -0.00401496887207031 -0.0357246398925781 0.0302772521972656
0.0313091278076172 0.00225639343261719 -0.0428962707519531 0.0171890258789063
0.0261135101318359 0.0186614990234375 -0.0420036315917969 0.00064849853515626
0.0122127532958984 0.0307216644287109 -0.0263996124267578 -0.0138587951660156
-0.0227146148681641 0.0274543762207031 -0.00772285461425781 -0.0131998062133789
-0.0421142578125 0.00612258911132812 -0.019256591796875 0.0181293487548828
-0.0397720336914062 -0.0184249877929688 -0.0703277587890625 0.0122451782226562
0.00409889221191406 0.0284271240234375 0.0720672607421875 -0.00954437255859375
0.0260677337646484 0.00705718994140625 0.0265769958496094 -0.00994300842285156
0.0131874084472656 -0.0138235092163086 0.00938224792480469 0.0151138305664062
-0.00148200988769531 -0.0162811279296875 0.0339336395263672 0.0233421325683594
-0.0101814270019531 -0.0115842819213867 0.0527000427246094 0.002105712890625
-0.0164079666137695 -0.00309944152832031 0.0542793273925781 -0.0241355895996094
-0.0121183395385742 -0.00326347351074218 0.0435638427734375 -0.0391731262207031
-0.00923538208007813 -0.00527191162109375 0.0335807800292969 -0.0358543395996094
-0.0116853713989258 -0.00902557373046875 0.0301666259765625 -0.0259895324707031
-0.00197029113769531 -0.0158329010009766 0.0273532867431641 -0.0153541564941406
0.012939453125 -0.0147943496704102 0.0148544311523437 -0.00925350189208985
0.0215625762939453 -0.000974655151367188 0.0122690200805664 -0.0169458389282227
0.0179481506347656 0.0210971832275391 0.0259456634521484 -0.0334510803222656
0.00656890869140625 0.0360870361328125 0.0501365661621094 -0.0396957397460937
-0.0109939575195313 0.037933349609375 0.0558052062988281 -0.0250816345214844
-0.0254364013671875 0.0361137390136719 0.0701522827148438 0.00388336181640625
0.00548362731933594 0.0267658233642578 0.0271015167236328 0.00104331970214844
0.0057992935180664 0.00907516479492187 0.0114994049072266 0.0220947265625
0.00768470764160156 0.00366449356079102 0.0378646850585938 0.0290641784667969
0.006744384765625 -0.00146675109863281 0.0552749633789062 0.0060882568359375
0.00390815734863281 -0.00532102584838867 0.0571174621582031 -0.0224723815917969
0.00654888153076172 -0.0123205184936523 0.0460853576660156 -0.0378608703613281
0.00908470153808594 -0.0133247375488281 0.0339431762695313 -0.033843994140625
0.00925350189208984 -0.015904426574707 0.0298500061035156 -0.0234050750732422
0.0198402404785156 -0.0146923065185547 0.0270366668701172 -0.0123653411865234
0.0296897888183594 -0.00158882141113281 0.0124759674072266 -0.00656700134277344
0.028167724609375 0.018646240234375 0.00831985473632813 -0.0133085250854492
0.00608062744140625 0.0404777526855469 0.0182533264160156 -0.0301685333251953
-0.0174980163574219 0.0502586364746094 0.04052734375 -0.0322837829589844
-0.037353515625 0.0445556640625 0.0449485778808594 -0.0138816833496094
-0.0535964965820313 0.037353515625 0.0574684143066406 0.0196418762207031
-0.0203285217285156 0.0427017211914062 0.0203056335449219 0.0159645080566406
-0.00523948669433593 0.033477783203125 0.0106925964355469 0.0313816070556641
0.0148143768310547 0.0270214080810547 0.0380096435546875 0.0350532531738281
0.0239143371582031 0.0117988586425781 0.0532875061035156 0.0108146667480469
0.0256748199462891 -0.00555419921875 0.05352783203125 -0.0183982849121094
0.0249423980712891 -0.0198574066162109 0.0425796508789063 -0.0311660766601563
0.0260887145996094 -0.0190696716308594 0.0297107696533203 -0.0265979766845703
0.0286045074462891 -0.0220279693603516 0.0237369537353516 -0.0162029266357422
0.0378379821777344 -0.0136795043945312 0.0205593109130859 -0.00720787048339844
0.0427398681640625 0.008697509765625 0.00559282302856446 -0.00367021560668945
0.0347518920898438 0.032470703125 0.00285053253173828 -0.0106611251831055
-0.00202560424804687 0.0544052124023438 0.0103092193603516 -0.0261688232421875
-0.0340118408203125 0.0600051879882812 0.0290031433105469 -0.0216388702392578
-0.0569801330566406 0.0473136901855469 0.0275592803955078 -0.00185203552246093
-0.0739212036132813 0.03106689453125 0.0354728698730469 0.0343132019042969
-0.0452690124511719 0.0500946044921875 0.00655937194824219 0.0319843292236328
-0.0202140808105469 0.0526466369628906 0.00521087646484375 0.0399360656738281
0.0170059204101563 0.0482864379882813 0.0324249267578125 0.0404319763183594
0.0363845825195313 0.0259246826171875 0.0439300537109375 0.0156707763671875
0.0440711975097656 -0.00359725952148438 0.0435714721679688 -0.0109367370605469
0.0399398803710938 -0.0232887268066406 0.033447265625 -0.0196933746337891
0.0387344360351563 -0.0220260620117188 0.0203495025634766 -0.0149002075195313
0.0428428649902344 -0.0247230529785156 0.0137796401977539 -0.00627517700195313
0.0506248474121094 -0.0127296447753906 0.00948905944824219 -0.00115108489990234
0.051116943359375 0.0152206420898437 -0.00423026084899902 -0.000876188278198242
0.0380783081054688 0.0405387878417969 -0.00363063812255859 -0.00879383087158203
-0.0074462890625 0.0608711242675781 0.0046234130859375 -0.0212879180908203
-0.0446739196777344 0.0618972778320313 0.0185203552246094 -0.00838661193847656
-0.0681724548339844 0.0437202453613281 0.00670433044433593 0.0096435546875
-0.0815811157226563 0.0178680419921875 0.00639724731445312 0.0442161560058594
-0.0620498657226563 0.04498291015625 -0.0130195617675781 0.0444412231445313
-0.0342292785644531 0.0590400695800781 -0.00354766845703125 0.0459671020507813
0.0121078491210938 0.0622177124023438 0.0218963623046875 0.0420684814453125
0.0411758422851563 0.0372276306152344 0.0296840667724609 0.0187397003173828
0.0546798706054688 0.00111007690429688 0.0274085998535156 -0.00304031372070313
0.0493850708007813 -0.0228157043457031 0.0188407897949219 -0.00581932067871094
0.0461387634277344 -0.0211906433105469 0.00820159912109375 -0.000789642333984376
0.0509452819824219 -0.0244674682617188 0.000308036804199222 0.00553464889526367
0.0564613342285156 -0.0104866027832031 -0.00407648086547851 0.00566673278808594
0.0534629821777344 0.0199356079101563 -0.0146389007568359 0.00145244598388672
0.0366325378417969 0.0452346801757813 -0.00927448272705078 -0.00815963745117187
-0.0134010314941406 0.0607452392578125 0.00161457061767578 -0.0168638229370117
-0.0513801574707031 0.0558853149414063 0.00963211059570312 0.00533199310302735
-0.0725173950195313 0.0333786010742187 -0.0165195465087891 0.0192527770996094
-0.0730667114257813 0.000816345214843744 -0.021636962890625 0.0482139587402344
-0.065032958984375 0.02874755859375 -0.0330886840820313 0.0506172180175781
-0.043212890625 0.0501594543457031 -0.0128746032714844 0.0469474792480469
0.0015869140625 0.0613975524902344 0.00823211669921875 0.0391311645507813
0.0354270935058594 0.0415382385253906 0.0125961303710938 0.0182590484619141
0.0543136596679688 0.00680160522460938 0.00897216796875 0.00454807281494141
0.049560546875 -0.0181694030761719 0.00218677520751953 0.00733089447021484
0.0458641052246094 -0.0177536010742188 -0.00560855865478515 0.0128011703491211
0.0506324768066406 -0.0202598571777344 -0.0134267807006836 0.0168981552124023
0.055145263671875 -0.0071563720703125 -0.0190315246582031 0.0116806030273438
0.0497589111328125 0.0221977233886719 -0.0254001617431641 0.00256919860839844
0.0310554504394531 0.0450325012207031 -0.015446662902832 -0.00942611694335937
-0.019012451171875 0.0547065734863281 -0.000967979431152345 -0.0136251449584961
-0.0544471740722656 0.0435104370117188 0.000229835510253902 0.0151090621948242
-0.0695381164550781 0.0181427001953125 -0.0381431579589844 0.0235671997070312
-0.0502853393554688 -0.0160865783691406 -0.0440864562988281 0.0461502075195313
-0.0523529052734375 0.00672912597656251 -0.0474166870117187 0.0502815246582031
-0.041595458984375 0.0285568237304687 -0.0190238952636719 0.0436973571777344
-0.00878143310546875 0.0469589233398438 -0.00288772583007813 0.0321807861328125
0.0218582153320313 0.0365219116210938 -0.00215339660644531 0.0144357681274414
0.0430183410644531 0.0108299255371094 -0.0087442398071289 0.00949573516845703
0.0422401428222656 -0.0100746154785156 -0.0131988525390625 0.0179862976074219
0.0387191772460937 -0.0112037658691406 -0.0184230804443359 0.0246734619140625
0.0437088012695313 -0.0142097473144531 -0.0260181427001953 0.0263290405273437
0.0465965270996094 -0.00341796875 -0.0329189300537109 0.0167636871337891
0.0409431457519531 0.0214347839355469 -0.0356636047363281 0.0031890869140625
0.0232620239257813 0.0403366088867188 -0.0218944549560547 -0.0115604400634766
-0.0228843688964844 0.0441856384277344 -0.00403594970703125 -0.0128717422485352
-0.051727294921875 0.0270805358886719 -0.00945472717285157 0.0206184387207031
-0.0593948364257812 0.000434875488281255 -0.0580902099609375 0.0220909118652344
-0.0200920104980469 -0.0309181213378906 -0.0549545288085938 0.0394210815429688
-0.0309848785400391 -0.0161228179931641 -0.052215576171875 0.04583740234375
-0.03143310546875 0.00240898132324219 -0.0201492309570313 0.03826904296875
-0.0165481567382813 0.0237751007080078 -0.00911903381347656 0.0243492126464844
0.00559234619140625 0.0249958038330078 -0.0115976333618164 0.0101842880249023
0.0249824523925781 0.0127925872802734 -0.0208854675292969 0.0124588012695313
0.027801513671875 -0.00118637084960938 -0.0249214172363281 0.0256175994873047
0.0261878967285156 -0.00387191772460937 -0.0275802612304687 0.0324459075927734
0.0301227569580078 -0.00588417053222656 -0.0364418029785156 0.0330581665039063
0.0327816009521484 0.000139236450195313 -0.0445899963378906 0.0192070007324219
0.0281620025634766 0.017578125 -0.0445022583007812 0.001739501953125
0.0138206481933594 0.0312271118164062 -0.0277099609375 -0.0143604278564453
-0.0225963592529297 0.0297813415527344 -0.00807380676269531 -0.0141201019287109
-0.04327392578125 0.00878143310546874 -0.0194740295410156 0.0190505981445313
-0.0412673950195313 -0.0170669555664063 -0.0729904174804688 0.013885498046875
0.00590324401855469 0.0294933319091797 0.0752487182617188 -0.0129623413085937
0.0267772674560547 0.00626373291015625 0.0265235900878906 -0.0114021301269531
0.0128517150878906 -0.014775276184082 0.0100746154785156 0.0157012939453125
-0.00225734710693359 -0.0165290832519531 0.0363540649414062 0.0229454040527344
-0.0118350982666016 -0.0110979080200195 0.0557861328125 -0.000579833984375001
-0.0175704956054688 -0.0012197494506836 0.0559959411621094 -0.029144287109375
-0.0125293731689453 -0.00249671936035156 0.0429611206054688 -0.0443077087402344
-0.00990200042724609 -0.00513267517089843 0.0324859619140625 -0.0399742126464844
-0.0123558044433594 -0.00782394409179688 0.0292758941650391 -0.0300750732421875
-0.00315284729003906 -0.0160951614379883 0.0277309417724609 -0.0195064544677734
0.0120458602905273 -0.0161619186401367 0.0159339904785156 -0.0116500854492188
0.0221233367919922 -0.00274085998535156 0.0132904052734375 -0.0187644958496094
0.02020263671875 0.0208721160888672 0.0266494750976562 -0.0356063842773438
0.00874710083007813 0.0370063781738281 0.0511589050292969 -0.0443077087402344
-0.00913238525390625 0.0395164489746094 0.0582084655761719 -0.0303840637207031
-0.024932861328125 0.0393295288085938 0.0735931396484375 0.0013275146484375
0.0066986083984375 0.0280227661132813 0.0277214050292969 -0.000106811523437498
0.00691890716552734 0.0100641250610352 0.0126018524169922 0.0227470397949219
0.00837993621826172 0.00360822677612305 0.0411796569824219 0.0281715393066406
0.00742578506469726 -0.00182914733886719 0.0582160949707031 0.00311660766601563
0.00412368774414063 -0.00515365600585938 0.0589370727539063 -0.0274658203125
0.00598049163818359 -0.0134906768798828 0.0454368591308594 -0.0427513122558594
0.00859832763671875 -0.0145797729492188 0.0328598022460938 -0.0382881164550781
0.00911617279052734 -0.0171566009521484 0.0290508270263672 -0.0274753570556641
0.0199775695800781 -0.0159568786621094 0.0272331237792969 -0.0161495208740234
0.0303745269775391 -0.00342941284179688 0.0132455825805664 -0.00928020477294922
0.0306015014648438 0.0178070068359375 0.0092315673828125 -0.0151920318603516
0.00854110717773438 0.0420684814453125 0.0183067321777344 -0.0323905944824219
-0.015350341796875 0.0535469055175781 0.0410690307617188 -0.0360374450683594
-0.0367431640625 0.0485076904296875 0.0477676391601563 -0.0185012817382812
-0.0544929504394531 0.0427169799804688 0.0613441467285156 0.0175437927246094
-0.0193824768066406 0.046478271484375 0.0216045379638672 0.0146484375
-0.00388336181640625 0.0364112854003906 0.0119400024414063 0.0322532653808594
0.0174942016601563 0.0276737213134766 0.0410728454589844 0.0350341796875
0.0260848999023438 0.0111045837402344 0.05560302734375 0.00837326049804688
0.0269565582275391 -0.0074920654296875 0.05517578125 -0.0222244262695313
0.0255165100097656 -0.0225601196289062 0.0421218872070313 -0.0356597900390625
0.0261726379394531 -0.0220375061035156 0.0289077758789062 -0.0303115844726562
0.0289020538330078 -0.0251331329345703 0.0236072540283203 -0.0195808410644531
0.0393142700195313 -0.01702880859375 0.0208339691162109 -0.0110530853271484
0.0454864501953125 0.00592422485351563 0.00599336624145508 -0.00584125518798828
0.0383987426757813 0.0320396423339844 0.00357818603515625 -0.0122518539428711
0.00138854980468749 0.0572242736816406 0.0103969573974609 -0.0282058715820313
-0.032501220703125 0.0651817321777344 0.0295944213867188 -0.0250415802001953
-0.0572052001953125 0.0523567199707031 0.0302791595458984 -0.00506782531738281
-0.0765151977539063 0.0378494262695312 0.0387077331542969 0.0337409973144531
-0.0443229675292969 0.0557670593261719 0.00798225402832031 0.0319175720214844
-0.0178070068359375 0.0580902099609375 0.00644683837890625 0.0413169860839844
0.0210990905761719 0.0503273010253906 0.0349159240722656 0.0409164428710938
0.0410575866699219 0.0247001647949219 0.0467491149902344 0.0151290893554688
0.0463447570800781 -0.0063018798828125 0.0447349548339844 -0.013519287109375
0.0409927368164063 -0.0276679992675781 0.0333995819091797 -0.0230960845947266
0.0393829345703125 -0.0261878967285156 0.0199413299560547 -0.0176544189453125
0.043365478515625 -0.02960205078125 0.0127582550048828 -0.00809288024902344
0.0525398254394531 -0.0171165466308594 0.00968360900878906 -0.0034027099609375
0.0551109313964844 0.0124664306640625 -0.00361514091491699 -0.00226950645446777
0.0427398681640625 0.0404930114746094 -0.003753662109375 -0.0102214813232422
-0.0039825439453125 0.0651473999023438 0.00417709350585938 -0.0228786468505859
-0.042999267578125 0.0686187744140625 0.0190849304199219 -0.0104465484619141
-0.0692596435546875 0.049896240234375 0.00860595703125 0.00782871246337891
-0.0852127075195313 0.0245895385742187 0.00901031494140624 0.0459785461425781
-0.0625381469726563 0.0514984130859375 -0.0121574401855469 0.0460662841796875
-0.0326118469238281 0.0654296875 -0.00269699096679688 0.0481681823730469
0.0169906616210938 0.0650558471679688 0.0241470336914063 0.043212890625
0.04638671875 0.0361900329589844 0.0315341949462891 0.0184516906738281
0.0577659606933594 -0.00200653076171875 0.0282211303710938 -0.00374984741210938
0.0502586364746094 -0.0275993347167969 0.0193080902099609 -0.00754165649414063
0.0470314025878906 -0.02655029296875 0.00803709030151368 -0.0019073486328125
0.0516471862792969 -0.0296478271484375 -0.000165939331054684 0.00512409210205078
0.0586967468261719 -0.0157661437988281 -0.00454950332641601 0.00510740280151367
0.0580825805664063 0.0170211791992188 -0.0149726867675781 0.00131893157958984
0.0422325134277344 0.044769287109375 -0.0102777481079102 -0.00935554504394531
-0.00990295410156249 0.0654067993164063 0.000938415527343747 -0.0178451538085937
-0.0505409240722656 0.0632438659667969 0.0104475021362305 0.00454330444335938
-0.074310302734375 0.0400009155273438 -0.0151996612548828 0.0189895629882813
-0.077117919921875 0.00621032714843749 -0.0203933715820313 0.051788330078125
-0.0665512084960938 0.0345649719238281 -0.0321617126464844 0.0540313720703125
-0.0425491333007813 0.05670166015625 -0.0125198364257813 0.0492362976074219
0.00612640380859375 0.0649147033691406 0.00980758666992188 0.0405807495117188
0.0401573181152344 0.0411911010742187 0.0133934020996094 0.0191574096679688
0.0580558776855469 0.00305938720703125 0.00964069366455078 0.00506305694580078
0.0507392883300781 -0.0227699279785156 0.00307703018188477 0.00766897201538086
0.0468330383300781 -0.022796630859375 -0.00517463684082031 0.0135078430175781
0.0521507263183594 -0.0260963439941406 -0.0138492584228516 0.0185070037841797
0.0573883056640625 -0.0122261047363281 -0.0195255279541016 0.0123882293701172
0.05419921875 0.0196304321289063 -0.0265312194824219 0.00336074829101562
0.0363883972167969 0.0453529357910156 -0.0166311264038086 -0.00970363616943359
-0.0164299011230469 0.0595588684082031 -0.00207614898681641 -0.0143089294433594
-0.0538787841796875 0.0504684448242188 0.00108146667480469 0.0148839950561523
-0.0718154907226563 0.0239181518554687 -0.0380935668945313 0.0252151489257813
-0.0541534423828125 -0.012969970703125 -0.044708251953125 0.0505180358886719
-0.0549087524414063 0.0108299255371094 -0.0474967956542969 0.0545234680175781
-0.0419158935546875 0.0338325500488281 -0.018707275390625 0.04608154296875
-0.00547027587890625 0.0505332946777344 -0.00229263305664063 0.0339279174804688
0.0260696411132813 0.0365219116210938 -0.00254917144775391 0.0162143707275391
0.0464935302734375 0.00841903686523438 -0.008514404296875 0.0115861892700195
0.0432243347167969 -0.0143241882324219 -0.0128135681152344 0.0203018188476563
0.0396614074707031 -0.0153961181640625 -0.0171661376953125 0.0268611907958984
0.04473876953125 -0.0181961059570313 -0.0260562896728516 0.0298957824707031
0.0486259460449219 -0.0074310302734375 -0.0337009429931641 0.0190048217773438
0.0448417663574219 0.0195198059082031 -0.0378799438476563 0.00457763671875001
0.0273513793945312 0.040863037109375 -0.02362060546875 -0.0115642547607422
-0.021240234375 0.0482177734375 -0.00484752655029297 -0.013824462890625
-0.0527725219726562 0.032440185546875 -0.00828361511230469 0.0214805603027344
-0.0612869262695313 0.00446701049804688 -0.0597038269042969 0.0254707336425781
-0.0233402252197266 -0.0306243896484375 -0.0562858581542969 0.0447959899902344
-0.0331974029541016 -0.0138187408447266 -0.0523300170898437 0.0501213073730469
-0.0326137542724609 0.00557708740234374 -0.0195732116699219 0.0404891967773438
-0.0153331756591797 0.0266284942626953 -0.00924873352050781 0.0261192321777344
0.00830841064453125 0.0255355834960938 -0.0122394561767578 0.0127077102661133
0.0271396636962891 0.0111446380615234 -0.0209465026855469 0.0156593322753906
0.0284233093261719 -0.00399398803710938 -0.0240345001220703 0.0288543701171875
0.026611328125 -0.00651168823242188 -0.0264091491699219 0.0354690551757812
0.0311908721923828 -0.00922966003417969 -0.0362548828125 0.037445068359375
0.0340366363525391 -0.00243759155273437 -0.0458412170410156 0.0228424072265625
0.0308780670166016 0.0167140960693359 -0.0469245910644531 0.00421142578124999
0.0170688629150391 0.0311641693115234 -0.0299453735351563 -0.0139064788818359
-0.021759033203125 0.0328426361083984 -0.0089731216430664 -0.0145168304443359
-0.0445404052734375 0.0123062133789062 -0.0185909271240234 0.0206489562988281
-0.0435447692871094 -0.0149497985839844 -0.0753631591796875 0.0182647705078125
0.00805473327636719 0.029449462890625 0.0767364501953125 -0.0186004638671875
0.0276241302490234 0.00454902648925781 0.0258731842041016 -0.0136814117431641
0.0120334625244141 -0.0157670974731445 0.0109319686889648 0.0158910751342773
-0.00368404388427734 -0.016840934753418 0.0387191772460938 0.0215873718261719
-0.0130062103271484 -0.00994110107421875 0.0564079284667969 -0.0047760009765625
-0.0175180435180664 0.000495910644531252 0.0549507141113281 -0.0342597961425781
-0.0129051208496094 -0.00128364562988281 0.0405006408691406 -0.0489082336425781
-0.0101795196533203 -0.00451087951660156 0.0294837951660156 -0.0439300537109375
-0.0130777359008789 -0.00639629364013672 0.0272216796875 -0.0341529846191406
-0.00422286987304688 -0.0150976181030273 0.0266838073730469 -0.0232372283935547
0.0104446411132813 -0.0168523788452148 0.0163593292236328 -0.0145549774169922
0.0217475891113281 -0.003997802734375 0.0134716033935547 -0.0208396911621094
0.0224781036376953 0.0195178985595703 0.0252685546875 -0.0380935668945312
0.0115394592285156 0.0365257263183594 0.0495758056640625 -0.0490608215332031
-0.0062408447265625 0.04022216796875 0.0588188171386719 -0.0368919372558594
-0.0230865478515625 0.0426101684570313 0.0758514404296875 -0.00397491455078125
0.00816917419433593 0.0285491943359375 0.0272731781005859 -0.00230979919433594
0.00782489776611328 0.0105657577514648 0.0135822296142578 0.0229988098144531
0.00906944274902344 0.00345706939697266 0.0436859130859375 0.0266685485839844
0.00740623474121094 -0.00188922882080078 0.0595893859863281 -0.000873565673828125
0.0040431022644043 -0.00545930862426758 0.0577774047851563 -0.0327949523925781
0.00545597076416016 -0.0142974853515625 0.0426445007324219 -0.0481491088867188
0.00762557983398438 -0.0160026550292969 0.030029296875 -0.0421028137207031
0.00833702087402344 -0.0182685852050781 0.0268058776855469 -0.0312633514404297
0.0190048217773438 -0.0178089141845703 0.0263023376464844 -0.0207023620605469
0.030792236328125 -0.00564765930175781 0.0130405426025391 -0.0117464065551758
0.0321216583251953 0.0162200927734375 0.00946903228759766 -0.0167264938354492
0.0117568969726563 0.0427703857421875 0.0172786712646484 -0.0338535308837891
-0.0117835998535156 0.0563430786132813 0.039581298828125 -0.0404472351074219
-0.03424072265625 0.0520210266113281 0.0489349365234375 -0.024139404296875
-0.0530586242675781 0.0483589172363281 0.0639419555664063 0.0134811401367188
-0.0166740417480469 0.049957275390625 0.0217666625976563 0.0137119293212891
-0.000732421875000002 0.0392913818359375 0.0132827758789063 0.0322208404541016
0.0208091735839844 0.0274429321289063 0.0442543029785156 0.0335121154785156
0.0283851623535156 0.00944900512695313 0.0575408935546875 0.00481033325195313
0.0274829864501953 -0.009490966796875 0.0546455383300781 -0.0265884399414063
0.0239791870117188 -0.0254402160644531 0.0400352478027344 -0.0402755737304688
0.0248527526855469 -0.0253219604492188 0.0262336730957031 -0.0337734222412109
0.0278663635253906 -0.0282077789306641 0.0212078094482422 -0.0225772857666016
0.0388832092285156 -0.0204582214355469 0.0196418762207031 -0.0147953033447266
0.0471687316894531 0.00260162353515625 0.00572681427001953 -0.00815916061401367
0.0420417785644531 0.0299186706542969 0.003509521484375 -0.0139541625976563
0.00561141967773438 0.0593490600585938 0.00904273986816406 -0.0297470092773437
-0.0281524658203125 0.0699234008789063 0.0287284851074219 -0.0279350280761719
-0.0549278259277344 0.0582962036132813 0.0318164825439453 -0.00922775268554687
-0.0759201049804688 0.0452880859375 0.0419349670410156 0.03216552734375
-0.0416183471679687 0.0610809326171875 0.0089263916015625 0.0313377380371094
-0.0135459899902344 0.0625686645507813 0.00842666625976563 0.0419845581054688
0.0263862609863281 0.0502510070800781 0.0380592346191406 0.0398101806640625
0.0439987182617188 0.021881103515625 0.048614501953125 0.0122146606445312
0.0472068786621094 -0.0104408264160156 0.0447998046875 -0.0166244506835938
0.0394248962402344 -0.0322113037109375 0.0319499969482422 -0.0265846252441406
0.0381851196289063 -0.0308341979980469 0.0182533264160156 -0.0202999114990234
0.0425071716308594 -0.0343093872070313 0.0117177963256836 -0.00964927673339844
0.0522422790527344 -0.0222740173339844 0.00877761840820313 -0.00571823120117188
0.0578117370605469 0.00800323486328125 -0.00406861305236816 -0.00332784652709961
0.0476799011230469 0.0380134582519531 -0.00384426116943359 -0.0110483169555664
0.00139999389648438 0.0678901672363281 0.00317955017089844 -0.0239353179931641
-0.0385360717773438 0.0746994018554687 0.019134521484375 -0.0126781463623047
-0.0671920776367188 0.0569953918457031 0.0103416442871094 0.00614070892333985
-0.0854339599609375 0.0329132080078125 0.0124320983886719 0.0466194152832031
-0.0602226257324219 0.0586929321289062 -0.0101280212402344 0.0472488403320313
-0.0280914306640625 0.0718002319335938 -0.000503540039062505 0.0490531921386719
0.0229721069335938 0.0655746459960938 0.0263824462890625 0.0426177978515625
0.0506706237792969 0.0329971313476563 0.0330886840820313 0.0175418853759766
0.0594062805175781 -0.00709152221679687 0.02862548828125 -0.00492286682128906
0.0488204956054688 -0.0330581665039063 0.0188064575195313 -0.00935554504394532
0.0454902648925781 -0.0318145751953125 0.00729656219482422 -0.00304269790649414
0.0502395629882813 -0.0356369018554688 -0.000197887420654294 0.00535535812377929
0.058929443359375 -0.0217132568359375 -0.0050210952758789 0.00446414947509765
0.0612449645996094 0.0121040344238281 -0.0154895782470703 0.00148391723632813
0.0475959777832031 0.0426368713378906 -0.0110054016113281 -0.00950527191162109
-0.00461196899414062 0.0688552856445313 -8.58306884765642E-05 -0.0185680389404297
-0.046539306640625 0.0697441101074219 0.0111865997314453 0.00286579132080079
-0.0729293823242188 0.04681396484375 -0.0132579803466797 0.0189876556396484
-0.0787200927734375 0.0133590698242187 -0.0177536010742188 0.0547637939453125
-0.0658416748046875 0.0415077209472656 -0.0304374694824219 0.056549072265625
-0.0391349792480469 0.0630455017089844 -0.0101966857910156 0.0507392883300781
0.011871337890625 0.0665512084960938 0.0113182067871094 0.0407447814941406
0.0449409484863281 0.0383567810058594 0.0147800445556641 0.0195713043212891
0.0598373413085938 -0.00142288208007813 0.0101451873779297 0.00602626800537109
0.0500221252441406 -0.0281333923339844 0.00352525711059571 0.00753355026245117
0.0455970764160156 -0.0278053283691406 -0.00431251525878906 0.0137910842895508
0.0511550903320313 -0.0316886901855469 -0.0127220153808594 0.0198173522949219
0.0576972961425781 -0.0181732177734375 -0.0195941925048828 0.0139369964599609
0.0580596923828125 0.0149078369140625 -0.0272846221923828 0.00512504577636719
0.0418777465820313 0.043121337890625 -0.0180702209472656 -0.00926399230957031
-0.0113449096679687 0.0630302429199219 -0.00251865386962891 -0.0147857666015625
-0.0511054992675781 0.0567436218261719 0.00273418426513671 0.0144529342651367
-0.071075439453125 0.0304641723632813 -0.0367317199707031 0.0273170471191406
-0.0570869445800781 -0.00823593139648438 -0.0426864624023438 0.0555458068847656
-0.0554351806640625 0.0161628723144531 -0.0452690124511719 0.0587577819824219
-0.0404739379882813 0.0390892028808594 -0.0170326232910156 0.0477561950683594
-0.00130081176757813 0.0526618957519531 -0.000637054443359377 0.0348110198974609
0.0300369262695312 0.0352439880371094 -0.00161170959472656 0.0177383422851563
0.0480384826660156 0.00383377075195313 -0.0078582763671875 0.0143795013427734
0.0430870056152344 -0.0189094543457031 -0.0111217498779297 0.0221614837646484
0.0391464233398438 -0.0196914672851563 -0.0152835845947266 0.0286788940429688
0.0438423156738281 -0.0236282348632813 -0.0245018005371094 0.0328598022460938
0.0494842529296875 -0.012420654296875 -0.0333576202392578 0.0219860076904297
0.0477714538574219 0.0157546997070313 -0.0389137268066406 0.00733566284179687
0.0321388244628906 0.0394172668457031 -0.0254707336425781 -0.0105800628662109
-0.0178756713867187 0.051727294921875 -0.00611019134521485 -0.013763427734375
-0.0509872436523438 0.038177490234375 -0.00622749328613282 0.0216503143310547
-0.0621147155761719 0.0100860595703125 -0.0587158203125 0.0293159484863281
-0.0262775421142578 -0.0285663604736328 -0.0550384521484375 0.0506820678710937
-0.0352058410644531 -0.0113182067871094 -0.0508041381835937 0.0548896789550781
-0.0332202911376953 0.00947570800781251 -0.01824951171875 0.0420570373535156
-0.0130615234375 0.0288944244384766 -0.00908279418945313 0.0275058746337891
0.0110950469970703 0.0252094268798828 -0.0123081207275391 0.0149354934692383
0.0286083221435547 0.00873184204101563 -0.0199527740478516 0.0189208984375
0.0285854339599609 -0.0069580078125 -0.0215263366699219 0.0318412780761719
0.0265140533447266 -0.00924873352050781 -0.023834228515625 0.0386810302734375
0.0311965942382813 -0.0124988555908203 -0.0342903137207031 0.0415687561035156
0.0346488952636719 -0.00590896606445313 -0.0454216003417969 0.027069091796875
0.0331134796142578 0.0140380859375 -0.0481529235839844 0.00811386108398439
0.0202713012695313 0.0304203033447266 -0.0320777893066406 -0.0125865936279297
-0.0194778442382813 0.0353813171386719 -0.0102386474609375 -0.0147190093994141
-0.0439033508300781 0.0165176391601563 -0.016998291015625 0.0222988128662109
-0.0449676513671875 -0.0115890502929687 -0.0762863159179687 0.0239791870117187
0.00963592529296875 0.02880859375 0.0752944946289063 -0.0233230590820312
0.0275077819824219 0.00305747985839844 0.0246295928955078 -0.0142974853515625
0.0107927322387695 -0.0164804458618164 0.0115642547607422 0.0160398483276367
-0.00480461120605469 -0.0165004730224609 0.040130615234375 0.0197792053222656
-0.0141105651855469 -0.00867652893066406 0.0556259155273438 -0.00833511352539063
-0.0167951583862305 0.00244617462158203 0.0522804260253906 -0.0382003784179688
-0.0128555297851563 0.000241279602050781 0.0362586975097656 -0.051666259765625
-0.0110588073730469 -0.00326633453369141 0.0256538391113281 -0.0459632873535156
-0.0129365921020508 -0.00555324554443359 0.0241203308105469 -0.0362548828125
-0.00567054748535156 -0.0145931243896484 0.0240402221679688 -0.0261039733886719
0.00834560394287109 -0.0169086456298828 0.0156497955322266 -0.0169582366943359
0.0212154388427734 -0.00563240051269531 0.0133800506591797 -0.0220413208007813
0.0238285064697266 0.0178489685058594 0.0235481262207031 -0.0389595031738281
0.0135879516601562 0.0358390808105469 0.0463790893554687 -0.0517730712890625
-0.00390243530273438 0.0405044555664063 0.0567893981933594 -0.0425033569335938
-0.0203208923339844 0.043975830078125 0.0756683349609375 -0.0082550048828125
0.0100784301757813 0.0287322998046875 0.0264339447021484 -0.0040740966796875
0.00888729095458984 0.0108270645141602 0.0141277313232422 0.0222549438476563
0.00972366333007812 0.00296974182128906 0.0447158813476563 0.0246200561523438
0.00705909729003906 -0.00232982635498047 0.0594902038574219 -0.00434112548828125
0.0045170783996582 -0.00573873519897461 0.0548896789550781 -0.0371818542480469
0.00465106964111328 -0.014704704284668 0.03857421875 -0.0508193969726563
0.00647735595703125 -0.0161905288696289 0.0261154174804688 -0.0444450378417969
0.00716590881347656 -0.0189876556396484 0.0237541198730469 -0.03338623046875
0.0179195404052734 -0.0190467834472656 0.0239467620849609 -0.0236778259277344
0.029998779296875 -0.00772476196289063 0.0127410888671875 -0.0141706466674805
0.0327320098876953 0.0136775970458984 0.00957870483398438 -0.0180854797363281
0.0146713256835937 0.0417556762695313 0.0156421661376953 -0.0347404479980469
-0.00812530517578125 0.0570755004882813 0.0371971130371094 -0.0428810119628906
-0.0303878784179688 0.0543556213378906 0.0480728149414062 -0.0288047790527344
-0.0499191284179687 0.0519866943359375 0.0654106140136719 0.00977706909179688
-0.0132255554199219 0.051513671875 0.0222282409667969 0.0118083953857422
0.00214767456054687 0.0400199890136719 0.0141525268554688 0.0317573547363281
0.0228004455566406 0.0263824462890625 0.0453147888183594 0.0313301086425781
0.0288238525390625 0.00710678100585937 0.0574531555175781 0.00153350830078125
0.0271949768066406 -0.011688232421875 0.0525360107421875 -0.0299263000488281
0.0218677520751953 -0.0269947052001953 0.0364112854003906 -0.0431251525878906
0.0223445892333984 -0.0270175933837891 0.0224189758300781 -0.0357551574707031
0.0256710052490234 -0.0304946899414063 0.0185680389404297 -0.0244121551513672
0.0371742248535156 -0.0237998962402344 0.0178966522216797 -0.0180168151855469
0.0476036071777344 -0.0009002685546875 0.00516986846923828 -0.00994110107421875
0.0442466735839844 0.0268630981445312 0.00310134887695313 -0.014897346496582
0.0101852416992187 0.0593643188476562 0.00789833068847656 -0.029693603515625
-0.0232086181640625 0.0725021362304687 0.0268611907958984 -0.0301284790039062
-0.0512008666992187 0.0617294311523438 0.0319499969482422 -0.012969970703125
-0.0726547241210938 0.051483154296875 0.044036865234375 0.0294380187988281
-0.0372200012207031 0.0648117065429688 0.0101356506347656 0.0301742553710938
-0.00850677490234375 0.064117431640625 0.00974273681640625 0.0412216186523438
0.0300369262695313 0.0487098693847656 0.0395011901855469 0.0376243591308594
0.0458450317382813 0.0185585021972656 0.0483589172363281 0.00981521606445313
0.0468521118164062 -0.0138664245605469 0.0434722900390625 -0.0189781188964844
0.0368003845214844 -0.0353775024414063 0.0292873382568359 -0.0287990570068359
0.0352020263671875 -0.03411865234375 0.0161609649658203 -0.0215873718261719
0.0393600463867188 -0.0379447937011719 0.0103244781494141 -0.0111713409423828
0.0506439208984375 -0.0268898010253906 0.00739526748657227 -0.00804424285888672
0.0589942932128906 0.00296401977539063 -0.00436329841613769 -0.00419068336486816
0.0508270263671875 0.0342597961425781 -0.00415897369384765 -0.011744499206543
0.00619888305664062 0.0683250427246094 0.00207138061523438 -0.0238456726074219
-0.0332412719726563 0.078033447265625 0.0185375213623047 -0.0147590637207031
-0.0634498596191406 0.0614509582519531 0.0113916397094727 0.00365829467773438
-0.083160400390625 0.0394668579101563 0.0149345397949219 0.0461349487304688
-0.0561027526855469 0.063446044921875 -0.00768280029296875 0.0470314025878906
-0.0232162475585937 0.0747528076171875 0.00124359130859375 0.04852294921875
0.0282440185546875 0.0643043518066406 0.0278549194335938 0.0414009094238281
0.0534439086914063 0.0288848876953125 0.0333461761474609 0.0163631439208984
0.0589675903320313 -0.0118179321289063 0.0286102294921875 -0.00569915771484375
0.0457611083984375 -0.0371551513671875 0.0181770324707031 -0.0108222961425781
0.0425682067871094 -0.035552978515625 0.00681304931640625 -0.00397729873657227
0.0475234985351563 -0.0401840209960938 -0.000448226928710935 0.00502777099609375
0.057037353515625 -0.0267677307128906 -0.00531578063964843 0.00344562530517578
0.0628623962402344 0.0072784423828125 -0.0155754089355469 0.00175666809082031
0.0508308410644531 0.0388717651367188 -0.0114374160766602 -0.00959300994873047
0.000850677490234369 0.0694923400878906 -0.000928878784179688 -0.0186576843261719
-0.041290283203125 0.0741653442382813 0.0117788314819336 0.00155353546142579
-0.0696182250976563 0.0525169372558594 -0.0114841461181641 0.0184440612792969
-0.078338623046875 0.0197906494140625 -0.0148162841796875 0.0564002990722656
-0.0627555847167969 0.0466194152832031 -0.0269432067871094 0.0576629638671875
-0.0344123840332031 0.0669784545898438 -0.00823974609375 0.0505409240722656
0.0167503356933594 0.0659599304199219 0.0126228332519531 0.0404510498046875
0.0482826232910156 0.0345954895019531 0.0154743194580078 0.0196952819824219
0.0597648620605469 -0.00625991821289063 0.0105361938476563 0.00673484802246094
0.0473403930664063 -0.0322837829589844 0.00437498092651367 0.00739669799804687
0.043243408203125 -0.0317611694335938 -0.00344085693359375 0.0137491226196289
0.0482673645019531 -0.0361289978027344 -0.0117778778076172 0.0206794738769531
0.0558586120605469 -0.0229644775390625 -0.0191631317138672 0.0144252777099609
0.0592460632324219 0.0104522705078125 -0.0272331237792969 0.00658798217773437
0.044891357421875 0.0397491455078125 -0.01873779296875 -0.00838661193847656
-0.00692367553710937 0.0647506713867188 -0.00391864776611328 -0.0145235061645508
-0.0462989807128906 0.0611763000488281 0.00409030914306641 0.0138416290283203
-0.0688133239746094 0.035736083984375 -0.0342884063720703 0.0282859802246094
-0.0577659606933594 -0.00300216674804688 -0.0396766662597656 0.0587730407714844
-0.0540237426757813 0.0207748413085938 -0.0418014526367188 0.0607872009277344
-0.0372543334960938 0.0434417724609375 -0.0147285461425781 0.0481605529785156
0.00313186645507812 0.0530853271484375 -2.67028808593722E-05 0.0350780487060547
0.0333576202392578 0.0322742462158203 -0.001220703125 0.0188636779785156
0.0488853454589844 -3.0517578125E-05 -0.00641536712646484 0.0160713195800781
0.0407943725585938 -0.0225906372070312 -0.00870323181152344 0.0229644775390625
0.0367660522460938 -0.0232429504394531 -0.0133686065673828 0.0298633575439453
0.0417900085449219 -0.0274696350097656 -0.0221748352050781 0.0344066619873047
0.0478668212890625 -0.0164871215820313 -0.0321102142333984 0.024078369140625
0.0493850708007812 0.0120887756347656 -0.0382537841796875 0.00978088378906251
0.0351142883300781 0.0364036560058594 -0.0260658264160156 -0.00941276550292969
-0.0138702392578125 0.053375244140625 -0.00697898864746094 -0.0136127471923828
-0.0479087829589844 0.0423431396484375 -0.00506019592285156 0.0214195251464844
-0.0605278015136719 0.0144500732421875 -0.0565452575683594 0.0325126647949219
-0.0285263061523438 -0.0256977081298828 -0.0526161193847656 0.0548095703125
-0.0359306335449219 -0.0080413818359375 -0.0476646423339844 0.0575637817382813
-0.0322189331054688 0.0123233795166016 -0.0166397094726563 0.04248046875
-0.0102138519287109 0.0301952362060547 -0.00820541381835937 0.0279502868652344
0.0131893157958984 0.0239772796630859 -0.0113792419433594 0.017054557800293
0.0299472808837891 0.00585556030273438 -0.0180835723876953 0.02197265625
0.0277519226074219 -0.00946235656738281 -0.0186862945556641 0.0333652496337891
0.0257949829101563 -0.0116424560546875 -0.0204734802246094 0.0400886535644531
0.02972412109375 -0.0151424407958984 -0.0307464599609375 0.04400634765625
0.0338726043701172 -0.00873565673828125 -0.0435142517089844 0.0301589965820312
0.0341663360595703 0.0111732482910156 -0.0477218627929688 0.0113906860351563
0.0224609375 0.0288505554199219 -0.0331192016601563 -0.0108280181884766
-0.0169677734375 0.0371971130371094 -0.0109462738037109 -0.0143766403198242
-0.0420455932617188 0.0201034545898438 -0.0149002075195313 0.0230598449707031
-0.0447006225585938 -0.00821685791015626 -0.0742645263671875 0.0284042358398437
0.0103073120117188 0.0280838012695313 0.0745010375976563 -0.0254592895507813
0.0270748138427734 0.00201988220214844 0.0235157012939453 -0.0149097442626953
0.0101919174194336 -0.0167932510375977 0.0115365982055664 0.0157670974731445
-0.00608253479003907 -0.0160131454467773 0.0403366088867188 0.018402099609375
-0.0138235092163086 -0.00720882415771484 0.0546684265136719 -0.0100784301757813
-0.0159645080566406 0.00334548950195312 0.0492935180664063 -0.0403938293457031
-0.0123424530029297 0.000921249389648437 0.0334434509277344 -0.0530891418457031
-0.010828971862793 -0.00261402130126953 0.0228271484375 -0.0463943481445313
-0.0128965377807617 -0.00480556488037109 0.02093505859375 -0.0375709533691406
-0.006103515625 -0.0135116577148438 0.0215339660644531 -0.0277462005615234
0.00727462768554687 -0.0169000625610352 0.0151596069335938 -0.0185585021972656
0.0200309753417969 -0.00632667541503906 0.0133705139160156 -0.0229644775390625
0.0239620208740234 0.0160503387451172 0.0228500366210938 -0.03887939453125
0.014801025390625 0.0345401763916016 0.0442047119140625 -0.0527458190917969
-0.00241851806640625 0.0394363403320313 0.0556716918945313 -0.0451316833496094
-0.01806640625 0.0444145202636719 0.0751495361328125 -0.0110244750976562
0.0110301971435547 0.0282840728759766 0.025482177734375 -0.00433349609375
0.00975990295410156 0.0108585357666016 0.0142879486083984 0.0220413208007812
0.00990581512451172 0.00271892547607422 0.0447845458984375 0.023193359375
0.00731563568115234 -0.00203561782836914 0.0578727722167969 -0.00637435913085937
0.00489711761474609 -0.0054469108581543 0.0525360107421875 -0.0384750366210938
0.00384235382080078 -0.0147905349731445 0.035186767578125 -0.0519523620605469
0.00542640686035156 -0.0161924362182617 0.0227813720703125 -0.0448074340820313
0.00658226013183594 -0.0190925598144531 0.0211524963378906 -0.0347900390625
0.0165290832519531 -0.0195732116699219 0.0212917327880859 -0.025726318359375
0.0290565490722656 -0.00865936279296875 0.012333869934082 -0.0159282684326172
0.0330944061279297 0.0125617980957031 0.00964164733886719 -0.0191078186035156
0.0164337158203125 0.0409812927246094 0.01483154296875 -0.0345439910888672
-0.00583267211914063 0.0569839477539063 0.0352783203125 -0.0440711975097656
-0.0286712646484375 0.0545310974121094 0.047088623046875 -0.0320625305175781
-0.0472946166992187 0.0543251037597656 0.0645294189453125 0.00732803344726563
-0.0107994079589844 0.0518646240234375 0.0211238861083984 0.0111560821533203
0.00452423095703125 0.0402793884277344 0.0142173767089844 0.0311641693115234
0.0243282318115234 0.0252361297607422 0.045562744140625 0.0294952392578125
0.0289077758789063 0.00619888305664063 0.0562477111816406 0.000225067138671875
0.0266551971435547 -0.012786865234375 0.0503768920898437 -0.0313682556152344
0.0202808380126953 -0.0278873443603516 0.0337944030761719 -0.0441131591796875
0.0202922821044922 -0.0279159545898438 0.0199356079101563 -0.0362167358398438
0.0235729217529297 -0.0319919586181641 0.0166110992431641 -0.0253810882568359
0.0356826782226563 -0.0254287719726563 0.0155582427978516 -0.0194644927978516
0.0469703674316406 -0.0028076171875 0.00464725494384766 -0.0113439559936523
0.045196533203125 0.0249671936035156 0.00297641754150391 -0.015660285949707
0.0125579833984375 0.059051513671875 0.00711250305175782 -0.0295124053955078
-0.0199661254882812 0.0730209350585938 0.0258102416992188 -0.0309238433837891
-0.0484199523925781 0.0633163452148438 0.0317745208740234 -0.0157318115234375
-0.0703887939453125 0.0545196533203125 0.0444755554199219 0.0281600952148438
-0.0340614318847656 0.0657997131347656 0.0102367401123047 0.0291519165039063
-0.00521087646484375 0.0653266906738281 0.00992965698242188 0.0404548645019531
0.0323524475097656 0.0473480224609375 0.0396232604980469 0.0360221862792969
0.0465049743652344 0.0159873962402344 0.047821044921875 0.00853729248046875
0.0462188720703125 -0.0160789489746094 0.0421867370605469 -0.0200920104980469
0.0342674255371094 -0.0367584228515625 0.0276470184326172 -0.0297431945800781
0.0328407287597656 -0.0357818603515625 0.0142097473144531 -0.0223979949951172
0.0368881225585938 -0.0402984619140625 0.00896453857421875 -0.0116176605224609
0.0483741760253906 -0.0294570922851562 0.00615787506103516 -0.00956344604492188
0.0584259033203125 0.000244140625 -0.00505352020263671 -0.00542402267456055
0.0518836975097656 0.0318603515625 -0.00452423095703125 -0.0119829177856445
0.00988388061523438 0.0681991577148438 0.00136947631835937 -0.023773193359375
-0.0290756225585938 0.0798797607421875 0.0180301666259766 -0.0160541534423828
-0.0605926513671875 0.0635490417480469 0.0119247436523437 0.000861167907714848
-0.0811233520507813 0.0428466796875 0.0163803100585937 0.0450706481933594
-0.0532417297363281 0.0652351379394531 -0.00695800781250001 0.0462875366210938
-0.0184707641601562 0.0764694213867188 0.00162887573242187 0.0473899841308594
0.0310440063476563 0.0628738403320313 0.0276641845703125 0.0405349731445313
0.0544815063476563 0.0258865356445313 0.0332889556884766 0.0150852203369141
0.0579261779785156 -0.0143814086914063 0.0280857086181641 -0.00597190856933594
0.043304443359375 -0.0390167236328125 0.0169782638549805 -0.0113306045532227
0.0399894714355469 -0.0378761291503906 0.00604248046875 -0.00472211837768555
0.0447769165039063 -0.0429039001464844 -0.000414848327636716 0.00480985641479492
0.054962158203125 -0.0296592712402344 -0.00598096847534179 0.00273704528808594
0.0626258850097656 0.00339508056640625 -0.0162105560302734 0.00149917602539063
0.0525245666503906 0.03594970703125 -0.0114870071411133 -0.00944709777832031
0.00444030761718751 0.0704116821289063 -0.00170326232910156 -0.0182437896728516
-0.037200927734375 0.0761566162109375 0.0115842819213867 0.000143051147460942
-0.0667724609375 0.0548095703125 -0.00999641418457032 0.0169010162353516
-0.0766677856445312 0.0235061645507813 -0.0127944946289063 0.0570640563964844
-0.0600357055664063 0.04888916015625 -0.0256385803222656 0.0575752258300781
-0.030609130859375 0.0683975219726563 -0.00788497924804687 0.049835205078125
0.0202484130859375 0.0652503967285156 0.0128288269042969 0.0398979187011719
0.04913330078125 0.0319633483886719 0.0157451629638672 0.01983642578125
0.0589485168457031 -0.00960159301757812 0.0111312866210938 0.00681304931640625
0.0451622009277344 -0.0346603393554688 0.0045771598815918 0.00718021392822265
0.040679931640625 -0.0338592529296875 -0.00320053100585937 0.013763427734375
0.0454444885253906 -0.0391769409179688 -0.0106906890869141 0.0212440490722656
0.0541343688964844 -0.0262031555175781 -0.0186080932617188 0.0145244598388672
0.0594749450683594 0.00693893432617187 -0.0273170471191406 0.00701522827148437
0.0468673706054687 0.0373458862304688 -0.0191135406494141 -0.00803375244140625
-0.00333404541015625 0.0650253295898437 -0.0043182373046875 -0.0146780014038086
-0.042724609375 0.0634727478027344 0.00485038757324218 0.0128726959228516
-0.066162109375 0.0382118225097656 -0.0326766967773438 0.0280170440673828
-0.0573196411132813 -6.48498535156154E-05 -0.0378189086914063 0.060455322265625
-0.0526771545410156 0.023040771484375 -0.0399589538574219 0.0613441467285156
-0.035003662109375 0.0454139709472656 -0.0141639709472656 0.0474395751953125
0.00537490844726563 0.0527458190917969 -6.10351562499991E-05 0.0347328186035156
0.0348529815673828 0.0300540924072266 -0.000385284423828125 0.0200023651123047
0.0480613708496094 -0.00257110595703125 -0.00470542907714844 0.0170888900756836
0.0388069152832031 -0.0244560241699219 -0.00745773315429687 0.0233974456787109
0.0349540710449219 -0.0251522064208984 -0.0118236541748047 0.0294017791748047
0.0396499633789063 -0.0299415588378906 -0.0203151702880859 0.0350189208984375
0.0463943481445313 -0.0191307067871094 -0.0306606292724609 0.0248966217041016
0.0496559143066406 0.00906753540039063 -0.0380363464355469 0.0116767883300781
0.0369720458984375 0.034454345703125 -0.0259780883789062 -0.00783157348632812
-0.0109596252441406 0.0545310974121094 -0.00705814361572265 -0.0132303237915039
-0.0450401306152344 0.0447883605957031 -0.00367164611816407 0.0212211608886719
-0.0591011047363281 0.0171241760253906 -0.0546150207519531 0.0329818725585937
-0.0293083190917969 -0.0238323211669922 -0.0511741638183594 0.0575752258300781
-0.035858154296875 -0.00587844848632813 -0.0459136962890625 0.0583534240722656
-0.0307064056396484 0.0146579742431641 -0.0161857604980469 0.0417747497558594
-0.00833511352539063 0.0305728912353516 -0.00821304321289063 0.0289554595947266
0.0143508911132812 0.0227985382080078 -0.0112075805664063 0.0185642242431641
0.0294361114501953 0.00386619567871094 -0.0161094665527344 0.023223876953125
0.0264511108398438 -0.0110263824462891 -0.0165271759033203 0.0341072082519531
0.0243339538574219 -0.0130233764648438 -0.0181159973144531 0.0404510498046875
0.0285911560058594 -0.0167293548583984 -0.0280838012695312 0.04498291015625
0.0327377319335938 -0.0103969573974609 -0.0418624877929688 0.0315628051757812
0.0344696044921875 0.00960159301757813 -0.0466117858886719 0.0131416320800781
0.0235919952392578 0.0272769927978516 -0.0331687927246094 -0.00953102111816406
-0.0152549743652344 0.0376968383789063 -0.011540412902832 -0.0140819549560547
-0.0407524108886719 0.0215911865234375 -0.0133857727050781 0.0222892761230469
-0.0436553955078125 -0.00679397583007812 -0.0726165771484375 0.0301971435546875
0.0108509063720703 0.0282363891601563 0.0748519897460938 -0.0266036987304688
0.0270748138427734 0.00200080871582031 0.0230388641357422 -0.0147953033447266
0.0100231170654297 -0.0167875289916992 0.0117979049682617 0.0162630081176758
-0.00600719451904297 -0.0158958435058594 0.0407524108886719 0.0182952880859375
-0.0140113830566406 -0.0067605972290039 0.0541915893554687 -0.0105781555175781
-0.0157852172851563 0.00408363342285156 0.0478858947753906 -0.04107666015625
-0.0122509002685547 0.00157451629638672 0.0317192077636719 -0.0537757873535156
-0.0110788345336914 -0.002197265625 0.0206756591796875 -0.0470809936523438
-0.0129909515380859 -0.00414752960205078 0.0196304321289063 -0.0384559631347656
-0.00660324096679688 -0.0127601623535156 0.0202140808105469 -0.0289859771728516
0.00656414031982422 -0.0165529251098633 0.0148963928222656 -0.0204639434814453
0.0198287963867188 -0.00702095031738281 0.0142116546630859 -0.0237102508544922
0.0242729187011719 0.0154685974121094 0.0229988098144531 -0.0388526916503906
0.0156230926513672 0.0339260101318359 0.0437812805175781 -0.0535354614257813
-0.00194549560546875 0.0396957397460938 0.0562477111816406 -0.0470809936523438
-0.0180816650390625 0.0452690124511719 0.0758209228515625 -0.0121612548828125
0.0109519958496094 0.0288448333740234 0.0247707366943359 -0.00486564636230468
0.00984001159667969 0.0113019943237305 0.0139827728271484 0.0222034454345703
0.0100717544555664 0.00287437438964844 0.0447654724121094 0.0228233337402344
0.00713300704956055 -0.00231647491455078 0.0579452514648438 -0.00677108764648438
0.00515127182006836 -0.00556421279907227 0.0515098571777344 -0.0397377014160156
0.00342941284179687 -0.0145931243896484 0.0338172912597656 -0.0527076721191406
0.00448513031005859 -0.016667366027832 0.0208854675292969 -0.0454063415527344
0.00568008422851563 -0.0197734832763672 0.0190010070800781 -0.0354499816894531
0.0164127349853516 -0.0200271606445313 0.0198478698730469 -0.0272560119628906
0.0288753509521484 -0.00917625427246094 0.0116310119628906 -0.017791748046875
0.0334644317626953 0.0115604400634766 0.0100994110107422 -0.0202617645263672
0.0175437927246094 0.0408706665039063 0.0150299072265625 -0.0344696044921875
-0.00485992431640625 0.0575828552246094 0.0349235534667969 -0.0446891784667969
-0.0281639099121094 0.0553245544433594 0.0475921630859375 -0.0343589782714844
-0.0467605590820313 0.0557174682617187 0.0657424926757813 0.0067596435546875
-0.010284423828125 0.0524368286132813 0.0209178924560547 0.0104923248291016
0.00539016723632812 0.0413818359375 0.0136737823486328 0.0310630798339844
0.0247535705566406 0.0250492095947266 0.0453453063964844 0.0298194885253906
0.0290374755859375 0.00529670715332031 0.0558700561523438 -0.00042724609375
0.0271720886230469 -0.013214111328125 0.0495872497558594 -0.0323219299316406
0.0191841125488281 -0.0287075042724609 0.0323982238769531 -0.044921875
0.0196590423583984 -0.0286388397216797 0.0183029174804687 -0.036895751953125
0.0227699279785156 -0.0328788757324219 0.0152854919433594 -0.0262069702148438
0.0348625183105469 -0.0264835357666016 0.0140972137451172 -0.0210018157958984
0.0471267700195312 -0.00421524047851562 0.00418853759765625 -0.0128135681152344
0.0461578369140625 0.0241889953613281 0.00324630737304688 -0.0163917541503906
0.0142860412597656 0.0594406127929688 0.00737380981445313 -0.0291671752929687
-0.0181961059570313 0.0746002197265625 0.0256233215332031 -0.0316848754882812
-0.0478591918945312 0.0644111633300781 0.0322818756103516 -0.0182685852050781
-0.0695381164550781 0.0565834045410156 0.0453071594238281 0.0275306701660156
-0.0327949523925781 0.0668716430664063 0.00992393493652344 0.0288448333740234
-0.00353240966796875 0.0662040710449219 0.00921249389648438 0.0403099060058594
0.0343666076660156 0.0472259521484375 0.0396232604980469 0.0365104675292969
0.0472450256347656 0.0148544311523437 0.0474510192871094 0.00823211669921875
0.0463027954101563 -0.0172348022460938 0.0422706604003906 -0.0203590393066406
0.0331535339355469 -0.0378532409667969 0.0265750885009766 -0.0306568145751953
0.0316963195800781 -0.0364875793457031 0.0126609802246094 -0.0228290557861328
0.0356025695800781 -0.0421562194824219 0.00826454162597656 -0.0122165679931641
0.047515869140625 -0.0311088562011719 0.00476551055908203 -0.0109195709228516
0.0589942932128906 -0.00145721435546875 -0.00533246994018554 -0.00627279281616211
0.0531387329101563 0.0307121276855469 -0.00416469573974609 -0.0127706527709961
0.0120735168457031 0.0688858032226562 0.00167465209960938 -0.0235824584960937
-0.0274734497070312 0.08148193359375 0.0177898406982422 -0.0163803100585937
-0.059814453125 0.0651512145996094 0.0124759674072266 -0.00105190277099609
-0.0806045532226562 0.045623779296875 0.0168380737304687 0.0456314086914063
-0.0516090393066406 0.0672836303710937 -0.00682830810546875 0.0462265014648438
-0.0165557861328125 0.0780715942382813 0.000881195068359371 0.0474395751953125
0.0327987670898438 0.0627937316894531 0.0271377563476563 0.040863037109375
0.0549468994140625 0.0249137878417969 0.0334091186523438 0.0158653259277344
0.0580406188964844 -0.0167045593261719 0.0285243988037109 -0.00618934631347656
0.0421791076660156 -0.040496826171875 0.0172014236450195 -0.011805534362793
0.0386848449707031 -0.0393218994140625 0.00527143478393555 -0.0044703483581543
0.0432243347167969 -0.044647216796875 -0.000768661499023435 0.00484609603881836
0.0543289184570312 -0.0321044921875 -0.00687313079833984 0.00189542770385742
0.0632362365722656 0.001251220703125 -0.0166702270507812 0.00100040435791015
0.0539360046386719 0.0343780517578125 -0.0117855072021484 -0.00984954833984374
0.00654602050781251 0.0713043212890625 -0.00170135498046875 -0.0184497833251953
-0.0351181030273438 0.0785064697265625 0.0119390487670898 -0.000620841979980464
-0.0657691955566406 0.056976318359375 -0.00961971282958985 0.0158061981201172
-0.0768051147460938 0.0259628295898438 -0.0124588012695313 0.0578880310058594
-0.0594329833984375 0.051055908203125 -0.0255889892578125 0.0574455261230469
-0.0289230346679687 0.070709228515625 -0.00839996337890626 0.0496292114257813
0.0224113464355469 0.0655784606933594 0.0120620727539063 0.0403556823730469
0.0504646301269531 0.0308609008789063 0.0156173706054688 0.0210838317871094
0.0588150024414063 -0.01141357421875 0.0118932723999023 0.00760746002197265
0.0437469482421875 -0.0361289978027344 0.00477743148803711 0.00689029693603515
0.0394935607910156 -0.0351295471191406 -0.00295734405517578 0.0131559371948242
0.044097900390625 -0.0411567687988281 -0.010498046875 0.0210018157958984
0.0536270141601563 -0.0283546447753906 -0.0191211700439453 0.0145263671875
0.0603218078613281 0.00503921508789063 -0.0273380279541016 0.00732612609863281
0.0482521057128906 0.0360298156738281 -0.0191707611083984 -0.007965087890625
-0.00158309936523437 0.0665283203125 -0.00448322296142578 -0.0148439407348633
-0.041046142578125 0.0658340454101562 0.00483131408691406 0.0123281478881836
-0.0656585693359375 0.0397529602050781 -0.0325698852539063 0.0274486541748047
-0.0574378967285156 0.00174713134765624 -0.0373344421386719 0.0623817443847656
-0.0526351928710938 0.0247001647949219 -0.0400123596191406 0.0618743896484375
-0.033447265625 0.0475082397460937 -0.0152473449707031 0.0466423034667969
0.00788497924804687 0.0535507202148438 -0.000560760498046874 0.0356025695800781
0.0354652404785156 0.0296363830566406 -0.000104904174804684 0.0209922790527344
0.0484619140625 -0.00421142578125 -0.00396537780761718 0.0177402496337891
0.0382881164550781 -0.0256767272949219 -0.00656890869140625 0.0235557556152344
0.0343093872070313 -0.0263652801513672 -0.0108718872070312 0.0295448303222656
0.038787841796875 -0.0314292907714844 -0.0195426940917969 0.0356826782226563
0.0458755493164063 -0.0212440490722656 -0.0308418273925781 0.0254364013671875
0.0506629943847656 0.00754547119140625 -0.0382919311523438 0.0118751525878906
0.037628173828125 0.0336837768554688 -0.02685546875 -0.00771141052246094
-0.00964736938476563 0.0552520751953125 -0.00726413726806641 -0.0134572982788086
-0.0438232421875 0.0466690063476563 -0.00288009643554688 0.0208663940429688
-0.0587005615234375 0.0178375244140625 -0.0544929504394531 0.0332450866699219
-0.0298576354980469 -0.0228042602539063 -0.050994873046875 0.0591506958007813
-0.0359573364257813 -0.00475692749023437 -0.0460205078125 0.058990478515625
-0.0306434631347656 0.0157318115234375 -0.0168266296386719 0.0416946411132813
-0.00675201416015625 0.0311050415039063 -0.00922775268554688 0.0295772552490234
0.0150966644287109 0.0224571228027344 -0.0107517242431641 0.0199527740478516
0.0295372009277344 0.00305366516113281 -0.0152320861816406 0.0242862701416016
0.0260124206542969 -0.0116558074951172 -0.0152950286865234 0.0344753265380859
0.0237312316894531 -0.0139179229736328 -0.0168952941894531 0.0408515930175781
0.0277652740478516 -0.0176200866699219 -0.0269775390625 0.0455703735351563
0.0324478149414063 -0.0117931365966797 -0.0414962768554688 0.0327644348144531
0.0348377227783203 0.00840377807617188 -0.0470085144042969 0.0140609741210937
0.0240535736083984 0.0267200469970703 -0.0336627960205078 -0.00925636291503906
-0.0143585205078125 0.0384902954101563 -0.0117568969726562 -0.0142250061035156
-0.0397300720214844 0.0233955383300781 -0.0126953125 0.0224361419677734
-0.0433120727539063 -0.00588226318359374 -0.072235107421875 0.0315322875976563
0.0117340087890625 0.0287990570068359 0.07757568359375 -0.0282363891601562
0.0279903411865234 0.00223159790039063 0.0239315032958984 -0.0152301788330078
0.00934410095214844 -0.0170269012451172 0.0118598937988281 0.0174636840820313
-0.006591796875 -0.0164422988891602 0.041961669921875 0.0186958312988281
-0.0146102905273438 -0.00662517547607422 0.0554885864257813 -0.0116233825683594
-0.0154495239257813 0.00478553771972656 0.0485763549804688 -0.0429573059082031
-0.0123386383056641 0.00209712982177734 0.03143310546875 -0.0554122924804688
-0.0118017196655273 -0.00215816497802734 0.0202064514160156 -0.0487556457519531
-0.0137147903442383 -0.00408554077148437 0.0184173583984375 -0.0399589538574219
-0.00751304626464844 -0.013300895690918 0.0199375152587891 -0.0309162139892578
0.00585174560546875 -0.0172672271728516 0.0152530670166016 -0.0220165252685547
0.0201587677001953 -0.00743484497070313 0.015350341796875 -0.0253562927246094
0.0252819061279297 0.0152721405029297 0.0237007141113281 -0.0397987365722656
0.0162677764892578 0.0350475311279297 0.0449943542480469 -0.0558204650878906
-0.00196075439453125 0.0410232543945313 0.0573654174804687 -0.0506935119628906
-0.0177726745605469 0.0471382141113281 0.0783538818359375 -0.0128021240234375
0.0118350982666016 0.0298957824707031 0.0253658294677734 -0.00535774230957031
0.0105428695678711 0.0114173889160156 0.0142230987548828 0.0233211517333984
0.0104913711547852 0.002685546875 0.0464210510253906 0.0235252380371094
0.00728750228881836 -0.00240182876586914 0.0589523315429688 -0.00748062133789063
0.00552177429199219 -0.00628089904785156 0.0522727966308594 -0.0411338806152344
0.00337791442871094 -0.01513671875 0.033477783203125 -0.0551376342773438
0.00387954711914063 -0.0168466567993164 0.020233154296875 -0.0469970703125
0.00506401062011719 -0.0202217102050781 0.0183525085449219 -0.0371856689453125
0.0163478851318359 -0.0207328796386719 0.0191936492919922 -0.0292377471923828
0.0294246673583984 -0.00976943969726562 0.0119953155517578 -0.0195045471191406
0.0347843170166016 0.0116558074951172 0.0111675262451172 -0.0212955474853516
0.0183067321777344 0.0417137145996094 0.0161056518554688 -0.0353813171386719
-0.00391006469726562 0.0594482421875 0.0360069274902344 -0.0464591979980469
-0.028961181640625 0.0572891235351563 0.0492935180664063 -0.037628173828125
-0.0475196838378906 0.0590591430664062 0.0677947998046875 0.00625228881835938
-0.00933456420898437 0.0551567077636719 0.0210475921630859 0.0107975006103516
0.00726318359375 0.0426445007324219 0.0136146545410156 0.0324134826660156
0.0269622802734375 0.0253467559814453 0.0464210510253906 0.0301742553710938
0.0304107666015625 0.00506591796875 0.0572357177734375 -0.00018310546875
0.0280208587646484 -0.0148944854736328 0.0502853393554688 -0.0335807800292969
0.0192909240722656 -0.0298213958740234 0.0318832397460938 -0.046844482421875
0.0191421508789062 -0.0303592681884766 0.017333984375 -0.0382614135742188
0.0220928192138672 -0.0347881317138672 0.0142288208007813 -0.0277481079101563
0.0352516174316406 -0.02801513671875 0.0133762359619141 -0.0226955413818359
0.0482025146484375 -0.00515365600585938 0.00390148162841797 -0.0145339965820313
0.0481758117675781 0.0235176086425781 0.00434112548828125 -0.0176925659179688
0.0160636901855469 0.0610771179199219 0.00777053833007813 -0.0301494598388672
-0.0179519653320312 0.07733154296875 0.0260467529296875 -0.0333003997802734
-0.048614501953125 0.0672760009765625 0.0334625244140625 -0.0211563110351562
-0.0704879760742188 0.0593414306640625 0.0471992492675781 0.0277175903320313
-0.0326461791992188 0.0703048706054687 0.0100955963134766 0.0291309356689453
-0.0021514892578125 0.0690078735351563 0.00874328613281249 0.041748046875
0.0367698669433594 0.0478363037109375 0.0396041870117188 0.0373039245605469
0.0486526489257813 0.014312744140625 0.0485076904296875 0.00843429565429688
0.047454833984375 -0.0194854736328125 0.0431365966796875 -0.0211715698242188
0.0331573486328125 -0.0397720336914063 0.0264663696289063 -0.0315933227539063
0.0313491821289063 -0.038665771484375 0.0120563507080078 -0.0239925384521484
0.035064697265625 -0.0442771911621094 0.00734710693359375 -0.0129575729370117
0.0484390258789063 -0.0338706970214844 0.00365829467773438 -0.0121593475341797
0.0606956481933594 -0.00353240966796875 -0.00622892379760742 -0.00733375549316406
0.0561676025390625 0.0301742553710937 -0.00387191772460937 -0.0133543014526367
0.0143356323242187 0.0717391967773438 0.00145530700683594 -0.0245475769042969
-0.0261383056640625 0.0854110717773438 0.0180912017822266 -0.0179862976074219
-0.0611572265625 0.068511962890625 0.0129518508911133 -0.00286388397216796
-0.082061767578125 0.0489501953125 0.0179901123046875 0.0472793579101562
-0.0517349243164062 0.0708160400390625 -0.00740814208984376 0.0471382141113281
-0.0150146484375 0.0810928344726563 -7.62939453124988E-05 0.0492324829101563
0.0359039306640625 0.0640716552734375 0.0275421142578125 0.0421676635742188
0.0571556091308594 0.0244293212890625 0.0343379974365234 0.01702880859375
0.0595779418945313 -0.0184516906738281 0.0295372009277344 -0.006011962890625
0.0419349670410156 -0.0427627563476563 0.0169038772583008 -0.0124101638793945
0.0385284423828125 -0.041412353515625 0.00536155700683594 -0.00540637969970703
0.0428810119628906 -0.0476722717285156 -0.00109601020812988 0.00424647331237793
0.0544662475585938 -0.0348167419433594 -0.00773000717163086 0.0011453628540039
0.0654945373535156 -0.0004425048828125 -0.0175933837890625 0.000280380249023441
0.0568084716796875 0.0348472595214844 -0.0121307373046875 -0.0103092193603516
0.00868225097656251 0.0738601684570313 -0.00135421752929687 -0.0193386077880859
-0.0340194702148438 0.0825653076171875 0.0123453140258789 -0.00131607055664062
-0.0670127868652344 0.0597267150878906 -0.00946044921875 0.0144186019897461
-0.0788497924804687 0.0284881591796875 -0.0124435424804688 0.06048583984375
-0.0599441528320313 0.0539665222167969 -0.026519775390625 0.0592155456542969
-0.0280838012695313 0.0740890502929688 -0.0097198486328125 0.0508689880371094
0.02520751953125 0.0674934387207031 0.0115737915039063 0.0421409606933594
0.0527420043945313 0.0304641723632813 0.0161571502685547 0.0220699310302734
0.0606880187988281 -0.0133857727050781 0.0131855010986328 0.00817108154296875
0.044036865234375 -0.0384445190429688 0.00545120239257813 0.00719356536865234
0.0393028259277344 -0.0373344421386719 -0.00286293029785156 0.013859748840332
0.0439605712890625 -0.0439720153808594 -0.0104084014892578 0.0220050811767578
0.0539093017578125 -0.0308418273925781 -0.0199298858642578 0.0145835876464844
0.0623970031738281 0.00299835205078125 -0.0282573699951172 0.00723266601562501
0.0508995056152344 0.035858154296875 -0.0196666717529297 -0.00805282592773438
0.000358581542968746 0.0688629150390625 -0.00460910797119141 -0.0155954360961914
-0.04083251953125 0.0693626403808594 0.00545406341552734 0.0119771957397461
-0.0666046142578125 0.0419960021972656 -0.0332202911376953 0.0273265838623047
-0.0593681335449219 0.00343704223632813 -0.0386619567871094 0.0654067993164063
-0.0534477233886719 0.0269546508789063 -0.0413665771484375 0.0634231567382813
-0.0331268310546875 0.0499343872070313 -0.016082763671875 0.0478591918945312
0.00912857055664063 0.0549659729003906 -0.00143051147460937 0.0372848510742188
0.0369873046875 0.0294570922851563 -9.53674316406174E-06 0.0224342346191406
0.0497779846191406 -0.00602340698242188 -0.00317001342773437 0.0192432403564453
0.0383377075195313 -0.0277938842773438 -0.005950927734375 0.0242462158203125
0.0338516235351563 -0.0283851623535156 -0.0106391906738281 0.0306186676025391
0.0387992858886719 -0.033782958984375 -0.0193290710449219 0.0366096496582031
0.0466117858886719 -0.0233078002929688 -0.0318641662597656 0.0262107849121094
0.0520896911621094 0.00632095336914063 -0.0388870239257813 0.0127792358398438
0.0395545959472656 0.0336723327636719 -0.0277976989746094 -0.00777053833007813
-0.00824737548828125 0.0578231811523438 -0.00749874114990235 -0.014002799987793
-0.0434532165527344 0.0496711730957031 -0.00250053405761719 0.0204849243164063
-0.059783935546875 0.0196189880371094 -0.0558853149414063 0.0345649719238281
-0.0313434600830078 -0.0225276947021484 -0.0525398254394531 0.0629348754882813
-0.0372314453125 -0.00372695922851562 -0.0472221374511719 0.0611839294433594
-0.03094482421875 0.0176258087158203 -0.0182075500488281 0.0424995422363281
-0.00618171691894531 0.03271484375 -0.0101795196533203 0.0310993194580078
0.0161819458007813 0.0224571228027344 -0.0108051300048828 0.0212783813476563
0.0309238433837891 0.00196647644042969 -0.0142402648925781 0.0260257720947266
0.026397705078125 -0.0127983093261719 -0.0149879455566406 0.036041259765625
0.0236892700195313 -0.0149345397949219 -0.0163917541503906 0.0421180725097656
0.0278682708740234 -0.0191650390625 -0.0267715454101563 0.0474281311035156
0.0333328247070313 -0.0130043029785156 -0.0419540405273438 0.0343170166015625
0.0364189147949219 0.00738525390625 -0.0479393005371094 0.0155029296875
0.0254039764404297 0.0270805358886719 -0.0345535278320313 -0.00866699218749999
-0.0139198303222656 0.0402259826660156 -0.0120058059692383 -0.0146446228027344
-0.0401992797851563 0.0250473022460938 -0.012603759765625 0.0224838256835938
-0.0444145202636719 -0.00528717041015626 -0.0739288330078125 0.03253173828125
0.0130023956298828 0.0299911499023438 0.0809173583984375 -0.0319976806640625
0.0294265747070313 0.00101852416992188 0.0241756439208984 -0.0170879364013672
0.0102176666259766 -0.0184822082519531 0.0126628875732422 0.0178279876708984
-0.00829029083251953 -0.0168132781982422 0.0444793701171875 0.0188140869140625
-0.0149927139282227 -0.00596904754638672 0.0577430725097656 -0.0138130187988281
-0.0157842636108398 0.0047607421875 0.049163818359375 -0.0464820861816406
-0.0125455856323242 0.00280284881591797 0.0304985046386719 -0.0596733093261719
-0.0126018524169922 -0.00133800506591797 0.0188560485839844 -0.0521621704101563
-0.0138101577758789 -0.00407028198242187 0.0173797607421875 -0.0425796508789063
-0.00826740264892578 -0.013249397277832 0.0188503265380859 -0.0334796905517578
0.00565719604492188 -0.0177059173583984 0.0154590606689453 -0.0249366760253906
0.0207233428955078 -0.00862693786621094 0.0166645050048828 -0.0276641845703125
0.0266132354736328 0.0149421691894531 0.0247001647949219 -0.0422706604003906
0.0185203552246094 0.0360031127929688 0.0457382202148438 -0.0596275329589844
-0.000953674316406251 0.0429191589355469 0.0595970153808594 -0.0562896728515625
-0.0173606872558594 0.0504913330078125 0.0824508666992188 -0.0163421630859375
0.0137996673583984 0.0312328338623047 0.0264244079589844 -0.00616455078125
0.0116872787475586 0.0118160247802734 0.0147304534912109 0.0244369506835938
0.011256217956543 0.00208854675292969 0.0492439270019531 0.0237617492675781
0.00813961029052734 -0.00241661071777344 0.0613937377929688 -0.00876617431640625
0.00601005554199219 -0.00727128982543945 0.0533256530761719 -0.0447883605957031
0.00306415557861328 -0.015782356262207 0.0326194763183594 -0.0586624145507813
0.00344657897949219 -0.0180606842041016 0.0188865661621094 -0.0497665405273438
0.00493621826171875 -0.0219917297363281 0.0168266296386719 -0.0399360656738281
0.0156345367431641 -0.0225563049316406 0.01727294921875 -0.0322093963623047
0.0300960540771484 -0.0117988586425781 0.0115737915039063 -0.0219306945800781
0.0369949340820313 0.0107154846191406 0.0121250152587891 -0.0236186981201172
0.0209693908691406 0.0430755615234375 0.0164108276367188 -0.0368919372558594
-0.00173187255859375 0.0628890991210938 0.0366020202636719 -0.0499229431152344
-0.0281257629394531 0.0612297058105469 0.0508995056152344 -0.04278564453125
-0.0475502014160156 0.0636215209960938 0.0721511840820313 0.0042724609375
-0.00757217407226563 0.0584831237792969 0.0221118927001953 0.0107269287109375
0.0092620849609375 0.0447807312011719 0.0144519805908203 0.0338630676269531
0.0293655395507812 0.0251846313476563 0.0491218566894531 0.0310401916503906
0.0325508117675781 0.00411415100097656 0.0598907470703125 -0.00146865844726562
0.0291557312011719 -0.0169849395751953 0.0520286560058594 -0.037017822265625
0.0191192626953125 -0.032196044921875 0.03179931640625 -0.0504608154296875
0.0186042785644531 -0.0324153900146484 0.0165252685546875 -0.0406341552734375
0.0215606689453125 -0.0379066467285156 0.0133934020996094 -0.0296630859375
0.0355453491210937 -0.0318870544433594 0.0115547180175781 -0.0250530242919922
0.0501632690429688 -0.00775909423828125 0.00310611724853516 -0.0167217254638672
0.051239013671875 0.0231704711914063 0.00448799133300781 -0.0198574066162109
0.01953125 0.0639915466308594 0.00796890258789063 -0.0320358276367188
-0.0146102905273438 0.0821685791015625 0.0263442993164063 -0.0363044738769531
-0.0491180419921875 0.0722198486328125 0.0342006683349609 -0.0249156951904297
-0.071929931640625 0.0654678344726562 0.0511627197265625 0.0283126831054688
-0.03118896484375 0.0749893188476563 0.0105400085449219 0.0306034088134766
0.00164031982421875 0.0729827880859375 0.0089874267578125 0.0436820983886719
0.0409278869628906 0.048828125 0.0424461364746094 0.0387115478515625
0.0520286560058594 0.0129661560058594 0.0514678955078125 0.0087738037109375
0.0494918823242188 -0.0228500366210938 0.0447311401367188 -0.0231971740722656
0.0329322814941406 -0.0432395935058594 0.0265712738037109 -0.0346775054931641
0.0310783386230469 -0.0420608520507813 0.01129150390625 -0.0255031585693359
0.034576416015625 -0.0485343933105469 0.00647640228271485 -0.0145854949951172
0.0486907958984375 -0.0381317138671875 0.00214481353759766 -0.0137853622436523
0.0637397766113281 -0.00660324096679687 -0.00716829299926758 -0.00871896743774414
0.0603752136230469 0.0295524597167969 -0.00398159027099609 -0.014984130859375
0.0183258056640625 0.0746917724609375 0.00173377990722656 -0.0254936218261719
-0.0234909057617188 0.0909576416015625 0.0187091827392578 -0.019805908203125
-0.0619354248046875 0.074188232421875 0.0138864517211914 -0.00517845153808593
-0.0848007202148438 0.0550079345703125 0.0204887390136719 0.0493431091308594
-0.0516738891601562 0.07568359375 -0.00673294067382812 0.0495071411132813
-0.0119857788085938 0.0863189697265625 -0.000320434570312505 0.05120849609375
0.0408706665039063 0.0657882690429688 0.0292320251464844 0.0438308715820313
0.0609474182128906 0.0229339599609375 0.0362319946289063 0.0174980163574219
0.0616607666015625 -0.0223503112792969 0.0313434600830078 -0.00661468505859375
0.042449951171875 -0.0471649169921875 0.0174598693847656 -0.0137319564819336
0.0380058288574219 -0.045135498046875 0.00513362884521485 -0.00574779510498047
0.0426101684570313 -0.05255126953125 -0.00118494033813476 0.00450849533081054
0.0553665161132813 -0.0398406982421875 -0.00887584686279297 0.000744819641113277
0.0687942504882813 -0.003814697265625 -0.0186710357666016 -1.90734863281214E-06
0.0616455078125 0.0334587097167969 -0.0125980377197266 -0.0109272003173828
0.0129623413085937 0.0775604248046875 -0.00181961059570312 -0.019927978515625
-0.0314407348632813 0.088287353515625 0.0130615234375 -0.00224590301513671
-0.068145751953125 0.0650978088378906 -0.00987815856933594 0.0140600204467773
-0.0815887451171875 0.0337982177734375 -0.0114479064941406 0.0644111633300781
-0.0613784790039062 0.0588912963867188 -0.0266952514648438 0.0625381469726562
-0.0260391235351562 0.0792617797851563 -0.0106315612792969 0.0530471801757813
0.029510498046875 0.06939697265625 0.0125885009765625 0.0445442199707031
0.0565643310546875 0.0300788879394531 0.0176181793212891 0.0238399505615234
0.0630683898925781 -0.0171394348144531 0.0145654678344727 0.00878334045410156
0.0440101623535156 -0.0422172546386719 0.00636672973632813 0.00724506378173828
0.0392341613769531 -0.0414581298828125 -0.00243282318115234 0.0141372680664062
0.0438728332519531 -0.0485763549804687 -0.0101222991943359 0.0227718353271484
0.0549392700195313 -0.0355186462402344 -0.0210456848144531 0.0153007507324219
0.0660781860351563 0.0001068115234375 -0.0297183990478516 0.00853157043457032
0.0552330017089844 0.0355262756347656 -0.0207710266113281 -0.00800132751464844
0.00366973876953125 0.0732650756835938 -0.00484943389892578 -0.0161943435668945
-0.0387344360351563 0.0748214721679687 0.00630378723144531 0.0115365982055664
-0.0682868957519531 0.0468711853027344 -0.0339183807373047 0.0289268493652344
-0.062469482421875 0.00658416748046874 -0.038421630859375 0.0707626342773438
-0.0555610656738281 0.030181884765625 -0.0423431396484375 0.0679664611816406
-0.0329513549804688 0.0541954040527344 -0.0172462463378906 0.0505943298339844
0.0125656127929688 0.0570945739746094 -0.00127410888671875 0.0400352478027344
0.0407600402832031 0.0293197631835937 0.000284194946289066 0.0247840881347656
0.0520057678222656 -0.00862503051757813 -0.002227783203125 0.0211715698242188
0.038421630859375 -0.031219482421875 -0.00496864318847656 0.0257320404052734
0.0344791412353516 -0.0313053131103516 -0.0098724365234375 0.0318584442138672
0.0389595031738281 -0.0379371643066406 -0.0186004638671875 0.0390472412109375
0.0474815368652344 -0.0270500183105469 -0.0325222015380859 0.0280628204345703
0.0551185607910156 0.0040283203125 -0.0409736633300781 0.0142631530761719
0.0431175231933594 0.0339012145996094 -0.0290489196777344 -0.00731849670410157
-0.00600051879882813 0.0612373352050781 -0.00805187225341797 -0.0150442123413086
-0.0430908203125 0.054107666015625 -0.00171661376953125 0.0208587646484375
-0.0615959167480469 0.0222625732421875 -0.0573692321777344 0.0370826721191406
-0.0335807800292969 -0.0218753814697266 -0.0537147521972656 0.0691108703613281
-0.0393600463867188 -0.00226211547851563 -0.0480575561523437 0.0651626586914063
-0.031524658203125 0.0199356079101562 -0.0196723937988281 0.0446357727050781
-0.00437164306640625 0.0346755981445313 -0.0107021331787109 0.0337009429931641
0.01812744140625 0.0228919982910156 -0.0103034973144531 0.0238151550292969
0.0319557189941406 0.000410079956054688 -0.0138034820556641 0.0284519195556641
0.0266170501708984 -0.0147514343261719 -0.0133171081542969 0.0379562377929688
0.0238227844238281 -0.0166912078857422 -0.0151138305664063 0.0441932678222656
0.0281925201416016 -0.0218772888183594 -0.0256462097167969 0.0502510070800781
0.0338001251220703 -0.0159492492675781 -0.0431251525878906 0.0368423461914063
0.0385284423828125 0.006439208984375 -0.0501441955566406 0.0174407958984375
0.0274219512939453 0.0274391174316406 -0.0368080139160156 -0.00872421264648437
-0.0132713317871094 0.0431785583496094 -0.0125732421875 -0.0154609680175781
-0.0410232543945313 0.0276603698730469 -0.0122089385986328 0.0238437652587891
-0.0467033386230469 -0.00472640991210938 -0.0768051147460938 0.0365829467773437
0.015350341796875 0.0306396484375 0.08306884765625 -0.039306640625
0.0306472778320312 -0.0004425048828125 0.0243320465087891 -0.0197811126708984
0.00891494750976563 -0.0198421478271484 0.0142040252685547 0.0184135437011719
-0.00970077514648438 -0.0168313980102539 0.0476531982421875 0.0173263549804688
-0.0166254043579102 -0.00502395629882813 0.0594367980957031 -0.0171699523925781
-0.0159282684326172 0.00593376159667969 0.0479888916015625 -0.0512351989746094
-0.0127859115600586 0.00366878509521484 0.0275726318359375 -0.0640182495117188
-0.0134639739990234 -0.000241279602050783 0.0155029296875 -0.054931640625
-0.0149021148681641 -0.00284576416015625 0.0146141052246094 -0.0456314086914063
-0.00940322875976563 -0.012725830078125 0.0164527893066406 -0.0364265441894531
0.00406837463378906 -0.0188770294189453 0.0141429901123047 -0.0284690856933594
0.0209064483642578 -0.0102939605712891 0.0166568756103516 -0.0315303802490234
0.0291118621826172 0.0132808685302734 0.0242729187011719 -0.0451774597167969
0.0211753845214844 0.0359306335449219 0.0442314147949219 -0.0647544860839844
0.00181961059570313 0.0450706481933594 0.0595130920410156 -0.064178466796875
-0.0149421691894531 0.0538253784179688 0.0857620239257813 -0.0228729248046875
0.0170135498046875 0.0312786102294922 0.0273227691650391 -0.00832748413085937
0.0136022567749023 0.0118656158447266 0.0166549682617188 0.025115966796875
0.0119600296020508 0.00168991088867187 0.0527076721191406 0.0228309631347656
0.00853538513183594 -0.00295019149780273 0.0634346008300781 -0.0126991271972656
0.00576972961425781 -0.00834512710571289 0.0522994995117188 -0.0499114990234375
0.00239658355712891 -0.0166034698486328 0.0297813415527344 -0.0633697509765625
0.00208282470703125 -0.0189800262451172 0.0158157348632812 -0.0534553527832031
0.00323295593261719 -0.0232200622558594 0.0145339965820313 -0.0429420471191406
0.0144615173339844 -0.0249156951904297 0.0157413482666016 -0.0349235534667969
0.0304527282714844 -0.0140056610107422 0.0109519958496094 -0.0251922607421875
0.0391159057617188 0.00857162475585938 0.0122642517089844 -0.0265045166015625
0.02471923828125 0.0435791015625 0.0161056518554688 -0.0394287109375
0.00263214111328125 0.0654182434082031 0.0353507995605469 -0.0542449951171875
-0.0258445739746094 0.0662841796875 0.0508613586425781 -0.0496253967285156
-0.0451202392578125 0.0698318481445313 0.0762176513671875 0.000183105468750004
-0.003570556640625 0.06134033203125 0.0236492156982422 0.00984382629394531
0.0135993957519531 0.0465469360351562 0.0160007476806641 0.0347270965576172
0.0325565338134766 0.0248641967773437 0.05267333984375 0.0301628112792969
0.0341587066650391 0.00158119201660156 0.0622024536132813 -0.00455093383789063
0.0295600891113281 -0.0200328826904297 0.0521965026855469 -0.0411567687988281
0.0174350738525391 -0.0350837707519531 0.0289993286132812 -0.0545616149902344
0.0167560577392578 -0.0349712371826172 0.0138816833496094 -0.0434837341308594
0.0196075439453125 -0.0413093566894531 0.011138916015625 -0.0323085784912109
0.0345916748046875 -0.0357589721679688 0.00970077514648438 -0.0274219512939453
0.0519180297851562 -0.0120277404785156 0.00200653076171875 -0.0182723999023438
0.0552139282226562 0.0200958251953125 0.00432395935058594 -0.0217342376708984
0.0251502990722656 0.0653114318847656 0.00790977478027344 -0.0334815979003906
-0.009552001953125 0.087127685546875 0.0255661010742187 -0.0395774841308594
-0.04656982421875 0.0788497924804688 0.0347118377685547 -0.0297279357910156
-0.0703353881835937 0.0739517211914063 0.0551223754882812 0.0267333984375
-0.0274581909179687 0.0802383422851563 0.0122795104980469 0.0311412811279297
0.00730133056640625 0.0759048461914063 0.0107307434082031 0.0455131530761719
0.0464630126953125 0.0481224060058594 0.04547119140625 0.0388565063476563
0.0555648803710938 0.00988006591796875 0.0543785095214844 0.006622314453125
0.0500602722167969 -0.0275688171386719 0.0454216003417969 -0.0263023376464844
0.0311622619628906 -0.0476036071777344 0.0250778198242188 -0.0374603271484375
0.028656005859375 -0.0459480285644531 0.0100688934326172 -0.0272445678710938
0.0319099426269531 -0.0534515380859375 0.005523681640625 -0.015899658203125
0.0476760864257812 -0.0432662963867187 7.53402709960983E-05 -0.0152425765991211
0.0660324096679687 -0.0121498107910156 -0.00848197937011718 -0.0093536376953125
0.0654144287109375 0.0262985229492188 -0.00451564788818359 -0.0163450241088867
0.0252609252929688 0.0772552490234375 0.0014190673828125 -0.0269222259521484
-0.0172882080078125 0.0968704223632813 0.0185375213623047 -0.0222320556640625
-0.0599441528320312 0.081634521484375 0.0140600204467773 -0.00798702239990234
-0.08465576171875 0.0635528564453125 0.0246696472167969 0.0507354736328125
-0.048248291015625 0.0826644897460938 -0.00463485717773437 0.0522041320800781
-0.00612640380859374 0.0909423828125 0.00144195556640625 0.0536422729492188
0.0478935241699219 0.0654792785644531 0.0323753356933594 0.0453987121582031
0.0656013488769531 0.0197334289550781 0.0387954711914063 0.0169601440429688
0.0632286071777344 -0.0283546447753906 0.0327606201171875 -0.00824928283691406
0.0400199890136719 -0.0519027709960938 0.0174064636230469 -0.0161008834838867
0.0361557006835938 -0.0498847961425781 0.00430965423583985 -0.00688743591308594
0.0400924682617187 -0.05828857421875 -0.00139999389648437 0.00420045852661132
0.0544967651367188 -0.04620361328125 -0.0102767944335937 0.00104427337646484
0.0721282958984375 -0.00963592529296875 -0.0198173522949219 0.000982284545898435
0.0672988891601563 0.0297966003417969 -0.0129919052124023 -0.0112638473510742
0.019805908203125 0.0803146362304688 -0.00213050842285156 -0.0208797454833984
-0.0259170532226562 0.0945968627929687 0.0136003494262695 -0.00382518768310546
-0.0669784545898438 0.0725021362304688 -0.00942230224609376 0.0140171051025391
-0.0826187133789062 0.0411529541015625 -0.00730133056640626 0.0691261291503906
-0.0590400695800781 0.0657463073730469 -0.0244140625 0.0669059753417969
-0.0217514038085938 0.0845947265625 -0.00919723510742188 0.0564079284667969
0.0363006591796875 0.0705184936523438 0.0146446228027344 0.0461311340332031
0.0611686706542969 0.0271072387695313 0.0197601318359375 0.0244541168212891
0.0648231506347656 -0.0229568481445313 0.0165643692016602 0.00879478454589844
0.0432891845703125 -0.0475654602050781 0.0069875717163086 0.00701284408569336
0.0380134582519531 -0.046142578125 -0.00185489654541015 0.0146398544311523
0.0419120788574219 -0.0541572570800781 -0.00930976867675781 0.0240573883056641
0.0544013977050781 -0.0417861938476563 -0.0215644836425781 0.0171356201171875
0.0691719055175781 -0.00555419921875 -0.0306015014648437 0.0103645324707031
0.0605010986328125 0.0330543518066406 -0.0216789245605469 -0.00711441040039063
0.0100631713867187 0.0763931274414063 -0.00543975830078125 -0.0166282653808594
-0.0346298217773437 0.0811080932617187 0.00715160369873047 0.0110263824462891
-0.068878173828125 0.0533905029296875 -0.0336475372314453 0.0309810638427734
-0.0644493103027344 0.0111885070800781 -0.0360336303710938 0.0774917602539062
-0.0559196472167969 0.0356864929199219 -0.0401382446289063 0.0732574462890625
-0.0306205749511719 0.05902099609375 -0.0168075561523438 0.0537338256835938
0.017730712890625 0.059356689453125 -0.000545501708984376 0.0426597595214844
0.0444221496582031 0.028045654296875 0.0020599365234375 0.0267143249511719
0.0535049438476563 -0.0132789611816406 -0.000150680541992184 0.0224132537841797
0.0380477905273438 -0.0350837707519531 -0.00353050231933594 0.0269412994384766
0.0330543518066406 -0.0350151062011719 -0.00805282592773437 0.0332221984863281
0.0374832153320313 -0.0422935485839844 -0.0166511535644531 0.0417289733886719
0.0472373962402344 -0.031982421875 -0.0324192047119141 0.0314235687255859
0.0580902099609375 -0.00051116943359375 -0.0417098999023437 0.0176506042480469
0.0478515625 0.0320205688476563 -0.0303020477294922 -0.00599479675292968
-0.0013885498046875 0.064910888671875 -0.0088205337524414 -0.0148696899414062
-0.0403289794921875 0.0590782165527344 -0.000494003295898442 0.0216026306152344
-0.0626792907714844 0.0270042419433594 -0.0579147338867188 0.0418663024902344
-0.0362014770507812 -0.0202140808105469 -0.05230712890625 0.07666015625
-0.0411109924316406 0.000831604003906241 -0.0471115112304688 0.0713729858398437
-0.0317821502685547 0.0231304168701172 -0.0189476013183594 0.0475425720214844
-0.00185012817382813 0.0364151000976563 -0.0100173950195312 0.0364570617675781
0.0204524993896484 0.0225944519042969 -0.00956916809082031 0.0262317657470703
0.0337638854980469 -0.00228500366210937 -0.0111923217773437 0.0307598114013672
0.0264892578125 -0.0174331665039062 -0.0111312866210938 0.0401115417480469
0.0235862731933594 -0.0195674896240234 -0.012908935546875 0.0466728210449219
0.0277099609375 -0.0252513885498047 -0.023529052734375 0.0538902282714844
0.0340213775634766 -0.018951416015625 -0.0424118041992188 0.0412445068359375
0.0407295227050781 0.00359344482421875 -0.0507965087890625 0.0216598510742188
0.0310077667236328 0.0264644622802734 -0.039031982421875 -0.00654983520507812
-0.0103607177734375 0.0462875366210938 -0.0137500762939453 -0.015965461730957
-0.0400543212890625 0.0315933227539062 -0.010650634765625 0.0248546600341797
-0.0488433837890625 -0.00243377685546876 -0.078125 0.0425949096679687
0.0179214477539062 0.0298099517822266 0.0825653076171875 -0.047119140625
0.0312290191650391 -0.00316238403320313 0.0228614807128906 -0.0219745635986328
0.00764656066894531 -0.0209236145019531 0.0152111053466797 0.0184993743896484
-0.0114879608154297 -0.016209602355957 0.0499343872070313 0.0144920349121094
-0.0172128677368164 -0.00358772277832031 0.0591926574707031 -0.0210685729980469
-0.0157461166381836 0.00708675384521485 0.0442619323730469 -0.0552597045898438
-0.0125007629394531 0.00482368469238281 0.022125244140625 -0.0674934387207031
-0.0137195587158203 0.000794410705566405 0.0112342834472656 -0.0574607849121094
-0.0157718658447266 -0.00137519836425782 0.0104141235351563 -0.0482597351074219
-0.0108718872070313 -0.01202392578125 0.0138931274414062 -0.0392723083496094
0.00230789184570312 -0.0193595886230469 0.0124778747558594 -0.0309486389160156
0.0203132629394531 -0.0126380920410156 0.0152606964111328 -0.0346488952636719
0.0304336547851562 0.0109291076660156 0.022674560546875 -0.0474014282226562
0.0247783660888672 0.034942626953125 0.04022216796875 -0.0693359375
0.00556564331054687 0.0461273193359375 0.0566482543945313 -0.0711441040039063
-0.0111427307128906 0.0560073852539063 0.0865554809570313 -0.0303878784179688
0.0199012756347656 0.0301914215087891 0.0272693634033203 -0.0109977722167969
0.0153007507324219 0.0111932754516602 0.017547607421875 0.0246810913085938
0.0120782852172852 2.47955322265625E-05 0.05523681640625 0.0199775695800781
0.00802469253540039 -0.00395441055297852 0.0645408630371094 -0.0170135498046875
0.00570201873779297 -0.00916671752929688 0.0495452880859375 -0.0549201965332031
0.00121498107910156 -0.0174598693847656 0.0247650146484375 -0.0668296813964844
0.000362396240234374 -0.0191726684570312 0.0114517211914063 -0.0546722412109375
0.00101280212402344 -0.0236301422119141 0.0110893249511719 -0.0444450378417969
0.0127887725830078 -0.0262203216552734 0.0123062133789062 -0.0373191833496094
0.0292816162109375 -0.0169563293457031 0.00860977172851563 -0.0268669128417969
0.04058837890625 0.00542068481445313 0.0114231109619141 -0.0296478271484375
0.0289573669433594 0.0427169799804688 0.0148086547851563 -0.0419845581054688
0.00811767578125 0.0667152404785156 0.0319328308105469 -0.0577430725097656
-0.0213127136230469 0.0693168640136719 0.0482254028320313 -0.0561485290527344
-0.0407180786132812 0.0748367309570313 0.0777816772460938 -0.0058441162109375
0.00186538696289063 0.0625572204589844 0.0247859954833984 0.00818443298339844
0.0185279846191406 0.0463180541992188 0.0179576873779297 0.0348377227783203
0.03533935546875 0.0224952697753906 0.0554962158203125 0.0274581909179687
0.0357322692871094 -0.000797271728515625 0.06353759765625 -0.00881576538085938
0.0284538269042969 -0.0234031677246094 0.0502738952636719 -0.0453948974609375
0.0153923034667969 -0.0376358032226563 0.0251731872558594 -0.0572776794433594
0.0141143798828125 -0.0373344421386719 0.00994873046875 -0.0452079772949219
0.0157318115234375 -0.0433692932128906 0.00834274291992188 -0.0338306427001953
0.0317268371582031 -0.0394477844238281 0.00633049011230469 -0.0292987823486328
0.0516700744628906 -0.0172576904296875 -0.000514984130859371 -0.0198326110839844
0.0585975646972656 0.0159683227539063 0.00420951843261719 -0.0236968994140625
0.0313682556152344 0.0648193359375 0.00631141662597656 -0.0348911285400391
-0.00205230712890624 0.0893783569335937 0.0235977172851562 -0.0424575805664062
-0.041015625 0.084625244140625 0.0332775115966797 -0.0351276397705078
-0.0654525756835938 0.0812301635742188 0.0590934753417969 0.0221328735351563
-0.0211868286132813 0.084197998046875 0.0151462554931641 0.0299396514892578
0.0141830444335938 0.0769424438476563 0.0127105712890625 0.0459213256835938
0.0519447326660156 0.0448341369628906 0.0487594604492188 0.0370597839355469
0.0575065612792969 0.00503158569335938 0.0552978515625 0.0035552978515625
0.0482749938964844 -0.03302001953125 0.0448188781738281 -0.0297584533691406
0.0272407531738281 -0.050445556640625 0.0220909118652344 -0.0398902893066406
0.0257339477539063 -0.0492668151855469 0.00748825073242188 -0.0285606384277344
0.0273704528808594 -0.0568122863769531 0.00390434265136719 -0.0165605545043945
0.0439071655273438 -0.0486068725585938 -0.0022287368774414 -0.0158843994140625
0.0664939880371094 -0.0179214477539063 -0.0098581314086914 -0.0096893310546875
0.0694847106933594 0.0210151672363281 -0.00451278686523437 -0.0169839859008789
0.0323028564453125 0.0765914916992188 -9.91821289062452E-05 -0.0280342102050781
-0.00923156738281251 0.100013732910156 0.0179824829101563 -0.0238838195800781
-0.0546493530273438 0.0885162353515625 0.0135984420776367 -0.0107622146606445
-0.0810165405273438 0.0721511840820312 0.0301322937011719 0.050933837890625
-0.0422515869140625 0.0888595581054688 -0.00127410888671876 0.0529632568359375
0.000900268554687502 0.0928268432617188 0.00403976440429688 0.0549850463867188
0.054718017578125 0.0627365112304688 0.0352210998535156 0.0445327758789063
0.06878662109375 0.0149078369140625 0.04119873046875 0.0152778625488281
0.0617179870605469 -0.0350532531738281 0.0335807800292969 -0.0108852386474609
0.0365943908691406 -0.0563011169433594 0.0162925720214844 -0.0178546905517578
0.0324516296386719 -0.0532112121582031 0.00350189208984375 -0.00777053833007813
0.0347480773925781 -0.0632972717285156 -0.00161194801330566 0.00438094139099121
0.0511054992675781 -0.0520591735839844 -0.0109081268310547 0.00126361846923828
0.072540283203125 -0.0168991088867188 -0.0199623107910156 0.00198936462402344
0.071990966796875 0.024444580078125 -0.0136451721191406 -0.0109653472900391
0.0274887084960938 0.0806808471679688 -0.00248146057128906 -0.0215682983398437
-0.0179595947265625 0.0985641479492188 0.0137662887573242 -0.00534248352050781
-0.0630340576171875 0.0798797607421875 -0.00906085968017579 0.0133228302001953
-0.0806427001953125 0.0495071411132812 -0.00202178955078125 0.0721206665039062
-0.0555496215820313 0.0722427368164063 -0.0205001831054687 0.0698127746582031
-0.0143966674804688 0.088470458984375 -0.00646209716796875 0.0582695007324219
0.0433845520019531 0.0689964294433594 0.01727294921875 0.0471992492675781
0.0649261474609375 0.0226554870605469 0.0217132568359375 0.0242786407470703
0.0641326904296875 -0.0293388366699219 0.0182228088378906 0.00836563110351562
0.0398674011230469 -0.0518341064453125 0.00805997848510742 0.00625371932983398
0.0346755981445313 -0.050048828125 -0.000904083251953122 0.0146074295043945
0.0377578735351563 -0.0584983825683594 -0.00700759887695313 0.0249671936035156
0.05096435546875 -0.0477867126464844 -0.0214443206787109 0.0185012817382812
0.0698661804199219 -0.01190185546875 -0.0310707092285156 0.0127182006835937
0.0648574829101563 0.0280647277832031 -0.0217838287353516 -0.00662040710449219
0.0174102783203125 0.077423095703125 -0.00595951080322266 -0.0166835784912109
-0.0281448364257813 0.0857086181640625 0.00873088836669922 0.00974369049072266
-0.065704345703125 0.0598678588867187 -0.0322360992431641 0.0331974029541016
-0.0648117065429688 0.0174407958984375 -0.0299530029296875 0.0836410522460938
-0.0533790588378906 0.0413436889648438 -0.0359878540039063 0.0774993896484375
-0.0262489318847656 0.0619087219238281 -0.0141830444335937 0.0559196472167969
0.0237236022949219 0.0591049194335938 0.00188446044921875 0.0437126159667969
0.0484390258789063 0.02520751953125 0.00417137145996094 0.0275440216064453
0.0537872314453125 -0.0189704895019531 0.00309944152832031 0.0237865447998047
0.0352706909179688 -0.0390472412109375 -0.00152015686035156 0.0274105072021484
0.0306243896484375 -0.038909912109375 -0.00499725341796874 0.0339469909667969
0.0336418151855469 -0.0469436645507813 -0.0135040283203125 0.0436248779296875
0.0443611145019531 -0.037811279296875 -0.0312633514404297 0.0338153839111328
0.0592803955078125 -0.00498199462890625 -0.0414772033691406 0.0205841064453125
0.0523147583007813 0.0282707214355469 -0.0312843322753906 -0.00347518920898438
0.00452804565429688 0.0665397644042969 -0.00974750518798828 -0.0154571533203125
-0.035888671875 0.0634040832519531 0.00131416320800781 0.0211734771728516
-0.0625152587890625 0.032684326171875 -0.055755615234375 0.0462837219238281
-0.0380821228027344 -0.017120361328125 -0.0471038818359375 0.0834121704101563
-0.0419921875 0.00423431396484375 -0.0432662963867187 0.076263427734375
-0.0297451019287109 0.0259284973144531 -0.0176277160644531 0.0499839782714844
0.001861572265625 0.0375213623046875 -0.00821304321289063 0.0391616821289063
0.0229988098144531 0.0213356018066406 -0.00769805908203125 0.0287799835205078
0.0338897705078125 -0.00539207458496094 -0.00866317749023438 0.0329952239990234
0.0251483917236328 -0.0205345153808594 -0.0083465576171875 0.0423393249511719
0.0223102569580078 -0.0216598510742188 -0.0088043212890625 0.0481719970703125
0.0260715484619141 -0.0284786224365234 -0.0194015502929688 0.0565147399902344
0.0327415466308594 -0.0227012634277344 -0.0405120849609375 0.0455169677734375
0.04248046875 6.866455078125E-05 -0.0496177673339844 0.0257034301757813
0.0331974029541016 0.0245189666748047 -0.0402374267578125 -0.00378036499023438
-0.00688934326171875 0.0477371215820313 -0.0146265029907227 -0.0157108306884766
-0.0376129150390625 0.0359420776367188 -0.00872230529785156 0.0252666473388672
-0.0492744445800781 0.00130081176757813 -0.0764999389648438 0.0493545532226563
0.0200119018554688 0.0280265808105469 0.0787124633789063 -0.0534210205078125
0.0308914184570312 -0.00515937805175781 0.0218410491943359 -0.0235347747802734
0.00607109069824219 -0.0209770202636719 0.0149555206298828 0.0176372528076172
-0.0120201110839844 -0.0153989791870117 0.0499687194824219 0.0124015808105469
-0.016270637512207 -0.001220703125 0.0570602416992188 -0.023956298828125
-0.0153083801269531 0.0082855224609375 0.0407333374023438 -0.0579376220703125
-0.011775016784668 0.0055694580078125 0.0173568725585938 -0.0686073303222656
-0.012547492980957 0.00174617767333984 0.00668716430664063 -0.0577011108398438
-0.0172901153564453 -0.000354766845703128 0.00781631469726563 -0.0468254089355469
-0.0107593536376953 -0.0108413696289062 0.00969314575195312 -0.0379791259765625
-0.000118255615234375 -0.0192890167236328 0.0101356506347656 -0.0330448150634766
0.0199356079101563 -0.0138778686523438 0.0128517150878906 -0.0355262756347656
0.0306148529052734 0.00846099853515625 0.0201911926269531 -0.0475845336914062
0.0272712707519531 0.0322284698486328 0.0365066528320313 -0.0707626342773437
0.0094757080078125 0.0456161499023438 0.0512008666992187 -0.07586669921875
-0.00740814208984376 0.0576629638671875 0.085205078125 -0.0354385375976562
0.0220985412597656 0.0284290313720703 0.0252513885498047 -0.0126800537109375
0.017054557800293 0.0101261138916016 0.0186882019042969 0.0249156951904297
0.0123538970947266 -0.000195503234863281 0.0549125671386719 0.0162696838378906
0.00741386413574219 -0.00508403778076172 0.0620231628417969 -0.0202178955078125
0.00445652008056641 -0.0106868743896484 0.0456047058105469 -0.0558700561523438
9.15527343749999E-05 -0.0177249908447266 0.0202827453613281 -0.0679435729980469
-0.000335693359374999 -0.0190620422363281 0.00658416748046875 -0.0546951293945312
9.15527343750012E-05 -0.0231609344482422 0.00699234008789063 -0.045745849609375
0.00995826721191406 -0.0273590087890625 0.00880050659179687 -0.0394020080566406
0.0276222229003906 -0.0192985534667969 0.00611686706542969 -0.0277671813964844
0.0397415161132813 0.00313568115234375 0.0105133056640625 -0.0310382843017578
0.0328903198242188 0.0406112670898438 0.0132637023925781 -0.0408668518066406
0.0130119323730469 0.0645828247070313 0.0282630920410156 -0.0587692260742187
-0.0162429809570313 0.0707931518554688 0.0448760986328125 -0.0605697631835937
-0.034759521484375 0.0762863159179688 0.077178955078125 -0.0120925903320312
0.00699996948242188 0.0610847473144531 0.0248012542724609 0.00594902038574219
0.0224151611328125 0.0452690124511719 0.0186405181884766 0.0331401824951172
0.03619384765625 0.0190391540527344 0.0554618835449219 0.0242271423339844
0.0360565185546875 -0.00453948974609375 0.0615653991699219 -0.0120697021484375
0.0268421173095703 -0.0257511138916016 0.0471038818359375 -0.0487136840820313
0.0123863220214844 -0.0372734069824219 0.0197181701660156 -0.0586357116699219
0.0104598999023437 -0.0368766784667969 0.00617599487304688 -0.0446891784667969
0.0135116577148437 -0.0447425842285156 0.00581741333007812 -0.0338878631591797
0.0280952453613281 -0.0408058166503906 0.00433158874511719 -0.0300140380859375
0.0499000549316406 -0.0208778381347656 -0.00226783752441406 -0.0204868316650391
0.0593452453613281 0.0118446350097656 0.00289535522460938 -0.0251312255859375
0.0363197326660156 0.06170654296875 0.00527000427246094 -0.034433364868164
0.004180908203125 0.0896148681640625 0.0209197998046875 -0.0432052612304688
-0.0358123779296875 0.0864410400390625 0.0303611755371094 -0.0376091003417969
-0.06060791015625 0.0846099853515625 0.0611686706542969 0.0187835693359375
-0.0142135620117188 0.0847320556640625 0.0168819427490234 0.0289764404296875
0.0191497802734375 0.0754623413085938 0.0146369934082031 0.0451316833496094
0.0546722412109375 0.0399665832519531 0.0498466491699219 0.0341377258300781
0.0573196411132813 0.00159072875976563 0.0553703308105469 -0.00016021728515625
0.0455970764160156 -0.0359916687011719 0.04278564453125 -0.0315093994140625
0.0230369567871094 -0.0538291931152344 0.0199050903320312 -0.0414695739746094
0.0211982727050781 -0.05133056640625 0.0044097900390625 -0.0287418365478516
0.0221405029296875 -0.0584640502929688 0.00276660919189453 -0.0170679092407227
0.0394668579101563 -0.0523605346679688 -0.00504493713378906 -0.015925407409668
0.064697265625 -0.0229988098144531 -0.0107450485229492 -0.00867271423339844
0.0698585510253906 0.0154304504394531 -0.00538253784179687 -0.0179061889648438
0.0388946533203125 0.072601318359375 -0.000600814819335935 -0.0277042388916016
-0.00199127197265625 0.0999526977539063 0.0163345336914063 -0.0252304077148437
-0.0477371215820313 0.0927352905273437 0.0128898620605469 -0.0128564834594727
-0.0756454467773438 0.0771408081054687 0.033843994140625 0.0483016967773438
-0.034576416015625 0.090118408203125 0.0016021728515625 0.0528907775878906
0.00757598876953125 0.0918731689453125 0.00648117065429688 0.05377197265625
0.0593910217285156 0.0584526062011719 0.0376853942871094 0.0427742004394531
0.0703964233398438 0.0083465576171875 0.0425682067871094 0.0132102966308594
0.0578346252441406 -0.0398139953613281 0.0339756011962891 -0.0122509002685547
0.032440185546875 -0.0588493347167969 0.0164871215820313 -0.0185260772705078
0.0279388427734375 -0.0563087463378906 0.00301218032836914 -0.00802469253540039
0.0299835205078125 -0.0648193359375 -0.00204682350158691 0.0040292739868164
0.0447578430175781 -0.0561790466308594 -0.0120992660522461 0.00185680389404297
0.0709991455078125 -0.0214996337890625 -0.0198993682861328 0.00314140319824219
0.0731964111328125 0.0184555053710937 -0.0136985778808594 -0.0107088088989258
0.0340652465820313 0.07763671875 -0.00313568115234375 -0.0218448638916016
-0.00920104980468749 0.0982284545898438 0.0130834579467773 -0.0078277587890625
-0.05657958984375 0.0817108154296875 -0.00828838348388673 0.0122652053833008
-0.076690673828125 0.0541305541992187 0.00334930419921875 0.0710983276367188
-0.0486602783203125 0.07525634765625 -0.0152549743652344 0.0699844360351563
-0.00817108154296876 0.0884552001953125 -0.00350952148437501 0.0587692260742188
0.0482177734375 0.0645599365234375 0.0193977355957031 0.0466537475585938
0.0664710998535156 0.0181083679199219 0.0232982635498047 0.0241794586181641
0.061676025390625 -0.03472900390625 0.0202617645263672 0.00680160522460937
0.0357933044433594 -0.0546379089355469 0.00864315032958985 0.00628042221069336
0.0301589965820313 -0.05157470703125 -0.000782966613769528 0.0141963958740234
0.0327835083007812 -0.0617599487304687 -0.00578880310058594 0.0245933532714844
0.0454330444335937 -0.0515365600585938 -0.0196628570556641 0.0200824737548828
0.0686111450195313 -0.016693115234375 -0.0294609069824219 0.0146141052246094
0.0667839050292969 0.0219268798828125 -0.0211391448974609 -0.0052490234375
0.0235519409179687 0.0753173828125 -0.00609493255615234 -0.017399787902832
-0.0198440551757812 0.0867919921875 0.00912380218505859 0.00860309600830079
-0.0604324340820312 0.06353759765625 -0.0303840637207031 0.0340328216552735
-0.0633544921875 0.0215835571289063 -0.0242843627929688 0.086090087890625
-0.0498008728027344 0.0441780090332031 -0.0301284790039062 0.079345703125
-0.0206146240234375 0.065338134765625 -0.0132598876953125 0.0571556091308594
0.0274543762207031 0.0553169250488281 0.00398635864257812 0.0438003540039063
0.0493507385253906 0.0196609497070313 0.00611305236816407 0.0284366607666016
0.0517387390136719 -0.0230026245117188 0.00576400756835938 0.0231380462646484
0.0331916809082031 -0.0415153503417969 0.000133514404296877 0.0276622772216797
0.0279655456542969 -0.0404586791992188 -0.0037384033203125 0.0330371856689453
0.0305671691894531 -0.0499687194824219 -0.009552001953125 0.0442619323730469
0.04052734375 -0.0405769348144531 -0.0286369323730469 0.0353889465332031
0.0594940185546875 -0.0112953186035156 -0.0381889343261719 0.0235557556152344
0.0546035766601563 0.0250816345214844 -0.0300636291503906 -0.00275611877441407
0.00992965698242188 0.0659942626953125 -0.0108871459960938 -0.0150070190429687
-0.0304794311523437 0.0656585693359375 0.00331687927246093 0.0210380554199219
-0.05926513671875 0.0358963012695313 -0.0533332824707031 0.0495986938476563
-0.0381431579589844 -0.0135955810546875 -0.041046142578125 0.0876617431640625
-0.0400238037109375 0.00703811645507813 -0.0391693115234375 0.079193115234375
-0.0285110473632813 0.0282001495361328 -0.0150985717773438 0.0514640808105469
0.00466537475585937 0.0359153747558594 -0.00696182250976563 0.0391654968261719
0.0256271362304688 0.0191268920898438 -0.00586891174316406 0.0289421081542969
0.0334224700927734 -0.00765037536621094 -0.00472640991210937 0.0334129333496094
0.0225868225097656 -0.0217437744140625 -0.004852294921875 0.0426101684570312
0.021728515625 -0.0233879089355469 -0.00585556030273437 0.0476837158203125
0.0242862701416016 -0.0299034118652344 -0.0144157409667969 0.0554618835449219
0.0301322937011719 -0.0258274078369141 -0.0361404418945313 0.0476646423339844
0.0431251525878906 -0.00199508666992187 -0.0472946166992188 0.0288009643554688
0.0354881286621094 0.0230827331542969 -0.0385055541992188 -0.000965118408203121
-0.002288818359375 0.0479850769042969 -0.0159921646118164 -0.0141267776489258
-0.03472900390625 0.037139892578125 -0.00648307800292969 0.0254173278808594
-0.0498046875 0.00379562377929688 -0.0730743408203125 0.0533981323242188
0.0207366943359375 0.0265674591064453 0.0750503540039063 -0.0546340942382813
0.0299777984619141 -0.00735664367675781 0.0195655822753906 -0.0248641967773438
0.00568008422851563 -0.0212078094482422 0.0156745910644531 0.0171298980712891
-0.012639045715332 -0.0139427185058594 0.0502967834472656 0.0102424621582031
-0.0170345306396484 -0.00137233734130859 0.0554313659667969 -0.0257987976074219
-0.014124870300293 0.00875282287597656 0.0371475219726563 -0.057830810546875
-0.011204719543457 0.00632572174072266 0.0136222839355469 -0.0674819946289063
-0.0134401321411133 0.00349807739257813 0.00398635864257812 -0.0560722351074219
-0.0155878067016602 0.000864982604980472 0.00394439697265625 -0.0476913452148438
-0.0119333267211914 -0.00997447967529297 0.00700759887695312 -0.0393867492675781
-0.000179290771484375 -0.0189228057861328 0.00792121887207031 -0.0335483551025391
0.0170364379882812 -0.0144109725952148 0.0124244689941406 -0.0369796752929688
0.0301094055175781 0.00660514831542969 0.0193252563476563 -0.0477218627929688
0.0276374816894531 0.0315093994140625 0.0338668823242188 -0.07135009765625
0.0100364685058594 0.0443191528320313 0.0470809936523438 -0.0785598754882813
-0.00455093383789062 0.0558967590332031 0.081298828125 -0.039459228515625
0.0233497619628906 0.0267410278320313 0.0243797302246094 -0.0138874053955078
0.016871452331543 0.00909805297851562 0.0186023712158203 0.0233726501464844
0.0124597549438477 -0.000698089599609375 0.055511474609375 0.0150108337402344
0.0077667236328125 -0.00477695465087891 0.0604324340820313 -0.0220909118652344
0.00383567810058594 -0.0100803375244141 0.042144775390625 -0.057281494140625
-0.00072956085205078 -0.0172367095947266 0.0161018371582031 -0.0676155090332031
-0.00163650512695313 -0.0181465148925781 0.00381851196289063 -0.0534934997558594
-0.00208473205566406 -0.0229663848876953 0.004364013671875 -0.0445289611816406
0.00936698913574219 -0.0268592834472656 0.00635528564453125 -0.0382194519042969
0.0266437530517578 -0.0189476013183594 0.00482559204101563 -0.0289115905761719
0.0399818420410156 0.00067138671875 0.00922584533691406 -0.0322074890136719
0.0330314636230469 0.037445068359375 0.012481689453125 -0.0411720275878906
0.0156974792480469 0.0637359619140625 0.0269393920898438 -0.05987548828125
-0.0132980346679687 0.0707168579101562 0.0411415100097656 -0.0626068115234375
-0.03179931640625 0.0774612426757813 0.0757369995117188 -0.0146026611328125
0.00863265991210938 0.0600471496582031 0.0234355926513672 0.00412559509277344
0.0241470336914063 0.0431137084960938 0.0196647644042969 0.0335578918457031
0.0377845764160156 0.0176811218261719 0.0560646057128906 0.0228271484375
0.034576416015625 -0.00536537170410156 0.0603866577148438 -0.0132026672363281
0.0244655609130859 -0.0273971557617187 0.0441474914550781 -0.0488243103027344
0.0102462768554687 -0.038360595703125 0.0173377990722656 -0.0582084655761719
0.00903701782226563 -0.03753662109375 0.00438308715820313 -0.0449600219726563
0.00992584228515625 -0.0439186096191406 0.00348281860351562 -0.0343513488769531
0.0251884460449219 -0.0416030883789063 0.000558853149414063 -0.0293502807617188
0.0482444763183594 -0.0228996276855469 -0.00231361389160156 -0.0213642120361328
0.0581626892089844 0.00823211669921875 0.00268554687500001 -0.0263671875
0.0381431579589844 0.0584373474121094 0.00496101379394532 -0.0348072052001953
0.00858306884765626 0.0870742797851563 0.0196342468261719 -0.0438728332519531
-0.0310516357421875 0.0874404907226563 0.0279350280761719 -0.0404243469238281
-0.0546798706054688 0.0862197875976563 0.0610542297363281 0.0154876708984375
-0.00990295410156249 0.0829086303710938 0.0170860290527344 0.0271778106689453
0.023529052734375 0.073089599609375 0.0154037475585937 0.04425048828125
0.0564422607421875 0.03662109375 0.0506820678710937 0.0329856872558594
0.0561904907226562 -0.00166702270507812 0.054595947265625 -0.00119781494140625
0.0425834655761719 -0.0386962890625 0.0410079956054688 -0.0335502624511719
0.0206718444824219 -0.0529747009277344 0.0170478820800781 -0.0414199829101562
0.0185165405273437 -0.0506134033203125 0.00339126586914063 -0.0287075042724609
0.0192413330078125 -0.0588455200195312 0.00121116638183594 -0.016880989074707
0.0353355407714844 -0.0528678894042969 -0.0054941177368164 -0.0150041580200195
0.0621910095214844 -0.026397705078125 -0.0108585357666016 -0.00996685028076172
0.0701789855957031 0.0114364624023437 -0.00467872619628906 -0.0187282562255859
0.0412330627441406 0.0702705383300781 -0.000780105590820312 -0.0277900695800781
0.00382232666015624 0.0979537963867188 0.0153293609619141 -0.0261077880859375
-0.043670654296875 0.0921707153320313 0.0112791061401367 -0.0148487091064453
-0.06951904296875 0.0797958374023437 0.035888671875 0.0459403991699219
-0.0296783447265625 0.0898208618164063 0.0040283203125 0.0504112243652344
0.01287841796875 0.0906448364257813 0.00687026977539063 0.0533294677734375
0.0612754821777344 0.0540542602539063 0.03765869140625 0.0418014526367188
0.0686111450195313 0.00526809692382813 0.0416183471679688 0.0122299194335937
0.0542678833007813 -0.04229736328125 0.0331172943115234 -0.0139961242675781
0.02838134765625 -0.0600967407226563 0.0138721466064453 -0.0189628601074219
0.024871826171875 -0.05615234375 0.00219917297363281 -0.00794363021850586
0.0255851745605469 -0.0655632019042969 -0.0017404556274414 0.00390219688415527
0.0421409606933594 -0.057037353515625 -0.0124187469482422 0.00191116333007812
0.06866455078125 -0.0261573791503906 -0.0195579528808594 0.00304603576660156
0.0732345581054687 0.0143356323242188 -0.0130586624145508 -0.0113754272460937
0.037353515625 0.0746536254882813 -0.004150390625 -0.0214500427246094
-0.00440216064453126 0.0972747802734375 0.0132560729980469 -0.00755691528320312
-0.0525436401367188 0.0842437744140625 -0.00774288177490235 0.0117902755737305
-0.0720977783203125 0.0572509765625 0.00702667236328125 0.0706787109375
-0.0447235107421875 0.075531005859375 -0.0124855041503906 0.0689239501953125
-0.0042877197265625 0.0879364013671875 -0.003082275390625 0.0577430725097656
0.0509719848632813 0.0617828369140625 0.0204353332519531 0.0454978942871094
0.0661582946777344 0.0138587951660156 0.0243415832519531 0.0232028961181641
0.0581626892089844 -0.0373725891113281 0.0207424163818359 0.00640296936035156
0.0319442749023438 -0.0556144714355469 0.00895214080810547 0.00449275970458984
0.0273857116699219 -0.0531349182128906 7.62939453125007E-05 0.0130653381347656
0.0284881591796875 -0.0629043579101563 -0.00475502014160156 0.0242347717285156
0.0425224304199219 -0.0529556274414063 -0.0189399719238281 0.0197620391845703
0.0669708251953125 -0.0213127136230469 -0.0281734466552734 0.0145397186279297
0.067352294921875 0.0188674926757813 -0.0214519500732422 -0.00504684448242187
0.0274124145507813 0.07257080078125 -0.00698566436767578 -0.0175361633300781
-0.015960693359375 0.0853271484375 0.00967311859130859 0.00774955749511719
-0.0576095581054688 0.0655479431152344 -0.028076171875 0.0339622497558594
-0.0597076416015625 0.0252418518066406 -0.0193405151367188 0.0856094360351563
-0.0470008850097656 0.0458717346191406 -0.0274887084960938 0.079193115234375
-0.0179405212402344 0.064666748046875 -0.0101509094238281 0.056549072265625
0.0301742553710937 0.0546913146972656 0.00457000732421876 0.0446739196777344
0.0500564575195312 0.0179176330566406 0.00739669799804688 0.0280323028564453
0.0495223999023438 -0.0253067016601562 0.00716209411621094 0.0225887298583984
0.0286178588867188 -0.0431327819824219 0.00322914123535157 0.0261154174804687
0.0253028869628906 -0.0414962768554687 -0.00217247009277344 0.0328311920166016
0.0269088745117187 -0.0500717163085937 -0.00838851928710937 0.0426750183105469
0.0382118225097656 -0.0422019958496094 -0.0268478393554687 0.0363540649414063
0.0576324462890625 -0.014007568359375 -0.03778076171875 0.024322509765625
0.0535507202148438 0.020660400390625 -0.0304546356201172 -0.0019989013671875
0.0132637023925781 0.0636520385742187 -0.0102977752685547 -0.0150566101074219
-0.0267601013183594 0.0662689208984375 0.00339126586914062 0.0195465087890625
-0.0569496154785156 0.0388336181640625 -0.0498924255371094 0.0501785278320312
-0.0382232666015625 -0.0121612548828125 -0.0364227294921875 0.0885772705078125
-0.0397567749023438 0.0091552734375 -0.03460693359375 0.07952880859375
-0.0260887145996094 0.0293960571289062 -0.0134925842285156 0.0510902404785156
0.00653076171875 0.0357551574707031 -0.0057373046875 0.0405502319335938
0.0261096954345703 0.0174617767333984 -0.00466728210449218 0.0299339294433594
0.0324859619140625 -0.00994682312011719 -0.00282478332519531 0.0333671569824219
0.0217838287353516 -0.0235214233398438 -0.0018157958984375 0.0411529541015625
0.019256591796875 -0.0240192413330078 -0.00335693359375 0.0465240478515625
0.0220355987548828 -0.0314445495605469 -0.012451171875 0.0559768676757813
0.0292510986328125 -0.0262508392333984 -0.0338363647460938 0.0477943420410156
0.0416107177734375 -0.00584030151367188 -0.0459442138671875 0.0301017761230469
0.0365104675292969 0.0194931030273438 -0.0386581420898438 6.86645507812428E-05
0.000259399414062499 0.0470161437988281 -0.0160045623779297 -0.0150308609008789
-0.0317916870117188 0.0382308959960938 -0.00560760498046875 0.0244407653808594
-0.0481643676757813 0.005767822265625 -0.0689773559570313 0.0557861328125
0.0207843780517578 0.0262622833251953 0.0731582641601563 -0.0564804077148437
0.0304927825927734 -0.00744247436523438 0.0178699493408203 -0.0253887176513672
0.0054931640625 -0.0207710266113281 0.0154743194580078 0.0176467895507813
-0.0128364562988281 -0.0136394500732422 0.0508041381835938 0.00977325439453125
-0.0169887542724609 -0.000662803649902346 0.0548362731933594 -0.0266685485839844
-0.014373779296875 0.00925064086914063 0.0357856750488281 -0.0580940246582031
-0.0111932754516602 0.006805419921875 0.0125846862792969 -0.0670585632324219
-0.0126876831054688 0.00414085388183593 0.00209808349609375 -0.0550918579101563
-0.0156335830688477 0.00172996520996094 0.0022125244140625 -0.0474586486816406
-0.011805534362793 -0.00907325744628906 0.00567626953125 -0.039764404296875
-0.000545501708984375 -0.01763916015625 0.00695037841796875 -0.0346221923828125
0.0170145034790039 -0.0150556564331055 0.0120887756347656 -0.0381393432617188
0.0304317474365234 0.00598335266113281 0.0194854736328125 -0.0474510192871094
0.02789306640625 0.0309848785400391 0.0328750610351563 -0.0717620849609375
0.0115852355957031 0.0439987182617188 0.0457687377929688 -0.0802841186523438
-0.00373077392578126 0.0561943054199219 0.0797958374023438 -0.0413360595703125
0.0240230560302734 0.0264053344726563 0.0232810974121094 -0.0150127410888672
0.0173349380493164 0.00936412811279297 0.0186939239501953 0.0237693786621094
0.0129365921020508 -0.00139904022216797 0.0557060241699219 0.0141487121582031
0.00796031951904297 -0.00526142120361328 0.0594749450683594 -0.0227317810058594
0.00342369079589844 -0.0102758407592773 0.0408782958984375 -0.0573387145996094
-0.00167465209960937 -0.0173444747924805 0.0148086547851563 -0.0667572021484375
-0.00275039672851562 -0.0175561904907227 0.0022125244140625 -0.0535736083984375
-0.00314140319824219 -0.0223636627197266 0.00267791748046875 -0.0449066162109375
0.00711822509765625 -0.0265026092529297 0.00403594970703125 -0.038421630859375
0.0255889892578125 -0.0200004577636719 0.00363349914550781 -0.0300331115722656
0.0395965576171875 -0.000995635986328125 0.00863647460937501 -0.0329933166503906
0.0338249206542969 0.0363731384277344 0.0126457214355469 -0.0409584045410156
0.0170783996582031 0.0633277893066406 0.0261383056640625 -0.0600013732910156
-0.0116806030273437 0.0709228515625 0.039398193359375 -0.0646171569824219
-0.029388427734375 0.0784683227539062 0.075408935546875 -0.0166168212890625
0.0103797912597656 0.05926513671875 0.0234622955322266 0.00330543518066407
0.0249748229980469 0.0423774719238281 0.0195350646972656 0.0338058471679688
0.0380630493164063 0.0159645080566406 0.0563850402832031 0.0223731994628906
0.0342617034912109 -0.00627708435058594 0.0603370666503906 -0.01348876953125
0.0228137969970703 -0.0284004211425781 0.0428085327148438 -0.0495071411132813
0.0089569091796875 -0.0382194519042969 0.0161399841308594 -0.0582160949707031
0.0076141357421875 -0.0373077392578125 0.00222396850585938 -0.0439834594726563
0.00831222534179688 -0.04400634765625 0.00192832946777344 -0.0340843200683594
0.02313232421875 -0.0421180725097656 -0.000839233398437496 -0.0295677185058594
0.0469703674316406 -0.0245170593261719 -0.003387451171875 -0.0215644836425781
0.0585250854492188 0.00629043579101563 0.00192832946777344 -0.0273246765136719
0.03973388671875 0.0571746826171875 0.00473213195800781 -0.0350284576416016
0.0113067626953125 0.0864410400390625 0.0193977355957031 -0.0441131591796875
-0.0292587280273438 0.08795166015625 0.0269813537597656 -0.0419425964355469
-0.05224609375 0.0875396728515625 0.0607261657714844 0.0135459899902344
-0.0078582763671875 0.0827865600585937 0.0172348022460937 0.0261573791503906
0.024627685546875 0.0730438232421875 0.0149192810058594 0.0446891784667969
0.0572280883789062 0.0351982116699219 0.0506553649902344 0.0329360961914063
0.0562171936035156 -0.00339126586914063 0.0544929504394531 -0.000843048095703125
0.0403900146484375 -0.0404396057128906 0.0406341552734375 -0.0340156555175781
0.0186271667480469 -0.0540733337402344 0.0158920288085938 -0.0417671203613281
0.0165596008300781 -0.0506858825683594 0.001708984375 -0.0285053253173828
0.0167045593261719 -0.0592803955078125 0.000144004821777343 -0.0175619125366211
0.0333023071289062 -0.0534400939941406 -0.00697231292724609 -0.0156583786010742
0.0606346130371094 -0.0287551879882812 -0.0116548538208008 -0.00981235504150391
0.0702056884765625 0.00867462158203125 -0.00528144836425781 -0.0198230743408203
0.0430564880371094 0.0686721801757812 -0.000974655151367182 -0.0283432006835937
0.00685119628906249 0.09710693359375 0.0152225494384766 -0.0263214111328125
-0.0414962768554687 0.093170166015625 0.0101747512817383 -0.015934944152832
-0.0672073364257813 0.0806198120117188 0.0367698669433594 0.0443496704101563
-0.0277938842773437 0.089141845703125 0.00443267822265625 0.0495109558105469
0.0143585205078125 0.0902099609375 0.00722503662109374 0.0539474487304688
0.0630111694335938 0.0519790649414063 0.0375938415527344 0.0418243408203125
0.0686187744140625 0.00337982177734375 0.0415267944335938 0.012176513671875
0.0530548095703125 -0.0445442199707031 0.0328350067138672 -0.014373779296875
0.0264549255371094 -0.0602455139160156 0.0133953094482422 -0.019317626953125
0.0224571228027344 -0.0570755004882813 0.000761508941650391 -0.00845670700073243
0.0227165222167969 -0.0662384033203125 -0.00153398513793945 0.00301718711853027
0.0386161804199219 -0.0580062866210938 -0.0129890441894531 0.0019388198852539
0.0671272277832031 -0.0282363891601563 -0.0198230743408203 0.00331687927246094
0.0732879638671875 0.011810302734375 -0.0132265090942383 -0.0125484466552734
0.0396804809570313 0.0731124877929688 -0.00373840332031249 -0.0222358703613281
-0.000976562499999996 0.0967483520507812 0.0130195617675781 -0.00853919982910156
-0.0503158569335938 0.0856857299804688 -0.00740432739257813 0.0109348297119141
-0.0699043273925781 0.0589065551757813 0.00865936279296875 0.070068359375
-0.0422897338867187 0.0760726928710938 -0.0116119384765625 0.0682258605957031
-0.00191497802734374 0.0877151489257813 -0.00302505493164063 0.0578422546386719
0.052459716796875 0.0593986511230469 0.0203666687011719 0.0465469360351563
0.0663833618164063 0.01153564453125 0.0243568420410156 0.0237197875976563
0.0562286376953125 -0.0392913818359375 0.0209503173828125 0.0054779052734375
0.0297012329101563 -0.0567779541015625 0.00901317596435547 0.00438594818115234
0.0253448486328125 -0.0538597106933594 1.62124633789085E-05 0.0128870010375977
0.0257949829101562 -0.0637130737304688 -0.00434494018554688 0.0236186981201172
0.0400276184082031 -0.0541839599609375 -0.0194034576416016 0.0198497772216797
0.0658035278320313 -0.0235862731933594 -0.0278873443603516 0.0156421661376953
0.0679855346679688 0.016326904296875 -0.0209636688232422 -0.00589561462402343
0.0295867919921875 0.0716781616210938 -0.00717353820800781 -0.0176372528076172
-0.012939453125 0.0855178833007813 0.010040283203125 0.00689697265625
-0.0556907653808594 0.0667724609375 -0.0271987915039063 0.0343017578125
-0.0585784912109375 0.02667236328125 -0.0169906616210938 0.0858230590820313
-0.0452232360839844 0.0466117858886719 -0.026031494140625 0.0786895751953125
-0.0163459777832031 0.0644569396972656 -0.0105819702148438 0.0561103820800781
0.0320816040039063 0.052978515625 0.00465011596679688 0.0452308654785156
0.0506515502929688 0.016571044921875 0.00758171081542969 0.029083251953125
0.0480003356933594 -0.027374267578125 0.00816726684570313 0.0224800109863281
0.0276603698730469 -0.0440101623535156 0.00349044799804687 0.0258369445800781
0.0232086181640625 -0.0428009033203125 -0.00177764892578125 0.0325222015380859
0.0250701904296875 -0.0514297485351563 -0.007537841796875 0.042266845703125
0.0362014770507813 -0.042938232421875 -0.0264320373535156 0.0362358093261719
0.0567817687988281 -0.0159378051757813 -0.0365409851074219 0.0251884460449219
0.0548095703125 0.0193061828613281 -0.0294036865234375 -0.00124740600585937
0.0151901245117188 0.0632705688476563 -0.0105781555175781 -0.0150871276855469
-0.0244522094726563 0.0658988952636719 0.00445747375488281 0.0188713073730469
-0.0555953979492188 0.0393753051757812 -0.0478973388671875 0.0509147644042969
-0.03765869140625 -0.0107879638671875 -0.033905029296875 0.0898056030273438
-0.0386505126953125 0.00971603393554687 -0.0333175659179688 0.0797882080078125
-0.0256023406982422 0.0302181243896484 -0.0140953063964844 0.05133056640625
0.00823783874511719 0.0350608825683594 -0.00560379028320313 0.0413665771484375
0.0264301300048828 0.0166206359863281 -0.00360298156738281 0.0306015014648438
0.0312595367431641 -0.0116539001464844 -0.00148582458496094 0.0326423645019531
0.0209636688232422 -0.0243511199951172 -0.000659942626953119 0.0410194396972656
0.0184154510498047 -0.0247039794921875 -0.00197982788085937 0.0461959838867188
0.0207252502441406 -0.0321407318115234 -0.0110931396484375 0.0559463500976562
0.0277633666992188 -0.0268478393554688 -0.0326576232910156 0.0478172302246094
0.04156494140625 -0.00701141357421875 -0.0445098876953125 0.030853271484375
0.0366783142089844 0.0187797546386719 -0.0379829406738281 3.4332275390618E-05
0.00137710571289063 0.0473709106445312 -0.0160903930664063 -0.0149755477905273
-0.0307502746582031 0.0383872985839844 -0.00475502014160157 0.0242519378662109
-0.0480995178222656 0.00680923461914063 -0.06732177734375 0.0566139221191406
0.0211105346679688 0.0262260437011719 0.072998046875 -0.0593795776367188
0.0302028656005859 -0.00820350646972656 0.0164928436279297 -0.0261287689208984
0.00529861450195312 -0.0209426879882813 0.015716552734375 0.0184650421142578
-0.0141916275024414 -0.0131168365478516 0.0512924194335937 0.0091705322265625
-0.0171623229980469 -0.000415802001953124 0.0556449890136719 -0.0272064208984375
-0.0142335891723633 0.0102548599243164 0.0352058410644531 -0.0589637756347656
-0.011134147644043 0.00683116912841797 0.0109329223632812 -0.0677833557128906
-0.0126562118530273 0.0052804946899414 0.00119781494140624 -0.0555076599121094
-0.0153293609619141 0.00301265716552734 0.000850677490234378 -0.04803466796875
-0.0127925872802734 -0.008544921875 0.00475311279296875 -0.0400199890136719
-0.00162315368652344 -0.0179424285888672 0.005767822265625 -0.0361251831054688
0.0167865753173828 -0.0153388977050781 0.0114555358886719 -0.0397491455078125
0.0311412811279297 0.00536537170410156 0.020721435546875 -0.048309326171875
0.0295543670654297 0.0308895111083984 0.0328216552734375 -0.0732650756835938
0.0126724243164062 0.0442733764648438 0.0452117919921875 -0.083526611328125
-0.00228881835937499 0.0579032897949219 0.0800552368164063 -0.04345703125
0.0251083374023438 0.0261001586914063 0.0227470397949219 -0.0159549713134766
0.0184173583984375 0.00893783569335938 0.0188846588134766 0.0249004364013672
0.0130529403686523 -0.00168514251708984 0.0566215515136719 0.0141754150390625
0.00757360458374023 -0.00564289093017578 0.0605697631835938 -0.023345947265625
0.00285911560058594 -0.0106945037841797 0.0404205322265625 -0.0586471557617188
-0.00210857391357422 -0.0175437927246094 0.013092041015625 -0.0676765441894531
-0.0034942626953125 -0.0176010131835938 0.000865936279296877 -0.0542144775390625
-0.00408744812011719 -0.0221748352050781 0.00118637084960938 -0.0454521179199219
0.00650978088378906 -0.0265159606933594 0.00285720825195312 -0.0388717651367188
0.0252323150634766 -0.0207672119140625 0.00274085998535156 -0.0312671661376953
0.0397529602050781 -0.00188064575195313 0.00863265991210938 -0.0349464416503906
0.0346641540527344 0.0361366271972656 0.0129890441894531 -0.0422821044921875
0.0188026428222656 0.0638694763183594 0.0260467529296875 -0.0614814758300781
-0.0101318359375 0.07305908203125 0.0388679504394531 -0.0678443908691406
-0.0284042358398438 0.0801925659179688 0.0766067504882813 -0.0189666748046875
0.0121994018554687 0.059661865234375 0.0230751037597656 0.00243377685546875
0.0270462036132813 0.0427589416503906 0.0192737579345703 0.0349636077880859
0.0397415161132813 0.0147361755371094 0.0572471618652344 0.022705078125
0.0345001220703125 -0.00777435302734375 0.0609054565429688 -0.0143585205078125
0.0222110748291016 -0.0294284820556641 0.042816162109375 -0.0508689880371094
0.00756072998046874 -0.0391578674316406 0.0150070190429688 -0.0590591430664063
0.006561279296875 -0.0377845764160156 0.0007171630859375 -0.0444450378417969
0.00684738159179687 -0.0444297790527344 0.000246047973632814 -0.0345802307128906
0.0218772888183594 -0.0433387756347656 -0.00211143493652343 -0.0301647186279297
0.0467262268066406 -0.0262794494628906 -0.00446891784667968 -0.0225181579589844
0.059173583984375 0.00475692749023438 0.00201988220214844 -0.0292797088623047
0.0419044494628906 0.0571823120117187 0.0057220458984375 -0.0355682373046875
0.0133285522460938 0.0873336791992187 0.0195732116699219 -0.0456390380859375
-0.0279998779296875 0.0904693603515625 0.0261497497558594 -0.0442161560058594
-0.0513153076171875 0.0901870727539062 0.0622634887695313 0.0122833251953125
-0.005950927734375 0.0837020874023438 0.0169544219970703 0.0251083374023438
0.0271759033203125 0.0733795166015625 0.014923095703125 0.0457992553710938
0.0591583251953125 0.0335960388183594 0.0511970520019531 0.0332260131835937
0.0569343566894531 -0.00522232055664062 0.0550918579101563 -0.000885009765625
0.0395965576171875 -0.0422744750976563 0.0406608581542969 -0.0347366333007813
0.0176773071289062 -0.055023193359375 0.015167236328125 -0.0426025390625
0.0147590637207031 -0.05181884765625 0.000288009643554687 -0.0285301208496094
0.0148200988769531 -0.0606803894042969 -0.000953674316406248 -0.0181427001953125
0.0314788818359375 -0.0550155639648437 -0.00793838500976563 -0.015812873840332
0.0606765747070313 -0.0312309265136719 -0.0123023986816406 -0.0106735229492188
0.0715408325195313 0.00691986083984375 -0.0059967041015625 -0.0213623046875
0.0452232360839844 0.0688285827636719 -0.000665664672851561 -0.0286884307861328
0.00965118408203126 0.098541259765625 0.0155067443847656 -0.0275611877441406
-0.0398941040039063 0.0956344604492187 0.00969123840332031 -0.0172262191772461
-0.0664901733398438 0.083282470703125 0.0386810302734375 0.0438461303710938
-0.026153564453125 0.0908737182617187 0.004730224609375 0.0497856140136719
0.0172805786132813 0.0912704467773437 0.00608444213867188 0.0546684265136719
0.0652313232421875 0.0503654479980469 0.0381965637207031 0.0427284240722656
0.0696334838867188 0.001678466796875 0.0423736572265625 0.0131340026855469
0.0521354675292969 -0.0468101501464844 0.0336322784423828 -0.0152034759521484
0.0245208740234375 -0.061798095703125 0.0133209228515625 -0.0202560424804688
0.0203781127929687 -0.0581474304199219 -4.05311584472647E-05 -0.00853443145751953
0.0207977294921875 -0.0683670043945313 -0.00211977958679199 0.00266718864440918
0.0370674133300781 -0.0598831176757813 -0.0139980316162109 0.00212478637695312
0.0670623779296875 -0.0315895080566406 -0.0201911926269531 0.00286865234375
0.07440185546875 0.00958251953125 -0.0139484405517578 -0.0139837265014648
0.0424957275390625 0.0734786987304688 -0.00417137145996093 -0.0228843688964844
0.00125122070312499 0.097930908203125 0.013636589050293 -0.00946426391601562
-0.04925537109375 0.0883636474609375 -0.00785923004150391 0.0105466842651367
-0.0690956115722656 0.0608253479003906 0.0107650756835937 0.071533203125
-0.0413970947265625 0.0775375366210938 -0.0110969543457031 0.0688323974609375
-3.05175781249931E-05 0.0892257690429687 -0.00359344482421875 0.0593185424804688
0.0549774169921875 0.0585670471191406 0.0205650329589844 0.0474090576171875
0.0676345825195313 0.0101318359375 0.0251331329345703 0.0245685577392578
0.0553359985351563 -0.0416717529296875 0.0221385955810547 0.00588035583496094
0.0285835266113281 -0.0585136413574219 0.00918102264404297 0.00414562225341797
0.023773193359375 -0.0553169250488281 -0.000371932983398437 0.0129661560058594
0.0239791870117188 -0.0655403137207031 -0.00414085388183594 0.0238571166992187
0.0384941101074219 -0.056243896484375 -0.0203113555908203 0.0203704833984375
0.0663185119628906 -0.0264625549316406 -0.0279407501220703 0.015716552734375
0.0695686340332031 0.0142250061035156 -0.0213680267333984 -0.00681877136230469
0.031646728515625 0.0720367431640625 -0.00732612609863281 -0.0181484222412109
-0.0107879638671875 0.0868988037109375 0.0105276107788086 0.00610446929931641
-0.0551567077636719 0.0691375732421875 -0.0270977020263672 0.0347366333007813
-0.059112548828125 0.0278091430664063 -0.0161895751953125 0.087860107421875
-0.0448074340820312 0.0474395751953125 -0.0255508422851563 0.0798721313476562
-0.0155677795410156 0.0660324096679688 -0.0115394592285156 0.0576210021972656
0.0342979431152344 0.05242919921875 0.00490570068359375 0.0469551086425781
0.0517997741699219 0.0148200988769531 0.00816917419433594 0.0304775238037109
0.0475196838378906 -0.0289230346679688 0.0092620849609375 0.0222301483154297
0.0268173217773438 -0.0457611083984375 0.00438690185546875 0.02581787109375
0.0228309631347656 -0.0439529418945313 -0.000959396362304689 0.0327396392822266
0.0236892700195313 -0.053436279296875 -0.0068359375 0.0427017211914063
0.0352592468261719 -0.0451698303222656 -0.0262985229492188 0.0372123718261719
0.0575828552246094 -0.0184745788574219 -0.0365791320800781 0.0258827209472656
0.0563735961914063 0.0177383422851563 -0.0302181243896484 -0.00224113464355469
0.0171279907226563 0.0641632080078125 -0.0114517211914062 -0.0157032012939453
-0.0229949951171875 0.0670394897460938 0.00494384765625 0.0183792114257813
-0.05584716796875 0.0415420532226563 -0.0482025146484375 0.0521392822265625
-0.0376853942871094 -0.0104179382324219 -0.0325469970703125 0.092681884765625
-0.0387382507324219 0.01068115234375 -0.0328521728515625 0.0810699462890625
-0.025390625 0.0316562652587891 -0.0146255493164062 0.0520248413085937
0.00888442993164062 0.0353965759277344 -0.00532913208007813 0.0427017211914063
0.0270347595214844 0.0157451629638672 -0.00304603576660156 0.0318679809570313
0.0310783386230469 -0.0127315521240234 -0.000368118286132813 0.0332279205322266
0.0201683044433594 -0.024871826171875 0.000354766845703122 0.0413970947265625
0.0177936553955078 -0.0262908935546875 -0.00168228149414063 0.0464439392089844
0.0200481414794922 -0.0331439971923828 -0.0106010437011719 0.0568389892578125
0.0272903442382813 -0.0282878875732422 -0.0328788757324219 0.0488967895507813
0.0423622131347656 -0.00876617431640625 -0.0443000793457031 0.0319366455078125
0.0380058288574219 0.0180091857910156 -0.0385589599609375 0.000286102294921876
0.00233078002929687 0.04852294921875 -0.0165653228759766 -0.0155906677246094
-0.0305290222167969 0.0390205383300781 -0.00413322448730469 0.0242290496826172
-0.0483779907226563 0.00786972045898437 -0.066650390625 0.05828857421875
0.0223865509033203 0.0271396636962891 0.0726699829101563 -0.0635299682617188
0.0308799743652344 -0.010162353515625 0.0156574249267578 -0.0275936126708984
0.00507545471191406 -0.0218830108642578 0.0162334442138672 0.0194282531738281
-0.0149354934692383 -0.0128154754638672 0.0529556274414063 0.00811386108398438
-0.0175819396972656 0.000537872314453127 0.056488037109375 -0.02947998046875
-0.0141830444335938 0.0109596252441406 0.0343971252441406 -0.0613784790039063
-0.0109004974365234 0.00772571563720703 0.0085296630859375 -0.0700225830078125
-0.0124835968017578 0.00604057312011719 -0.00109863281250001 -0.05657958984375
-0.0160331726074219 0.00415325164794922 -0.00144577026367187 -0.0491676330566406
-0.0133647918701172 -0.00784492492675781 0.00296783447265625 -0.0417327880859375
-0.00242233276367188 -0.0181140899658203 0.00452041625976562 -0.0378074645996094
0.0164117813110352 -0.0162029266357422 0.0105094909667969 -0.0423164367675781
0.0313625335693359 0.00436592102050781 0.02099609375 -0.050567626953125
0.0313701629638672 0.0308055877685547 0.031829833984375 -0.076751708984375
0.0149154663085938 0.0457420349121094 0.0432357788085938 -0.0893173217773438
-0.00106048583984375 0.0599822998046875 0.0808486938476563 -0.0476303100585938
0.0269050598144531 0.0256633758544922 0.0225944519042969 -0.017578125
0.0196857452392578 0.00893592834472656 0.0192928314208984 0.0260295867919922
0.0131521224975586 -0.00231838226318359 0.0583877563476563 0.01324462890625
0.00772953033447266 -0.00627660751342773 0.0620956420898438 -0.0258369445800781
0.00196552276611328 -0.0112466812133789 0.0395050048828125 -0.0612754821777344
-0.00312042236328125 -0.0178184509277344 0.0106620788574219 -0.0695991516113281
-0.0038299560546875 -0.0177230834960938 -0.0011444091796875 -0.0550041198730469
-0.00502204895019531 -0.0222587585449219 -0.000663757324218745 -0.0465660095214844
0.00523567199707031 -0.0275058746337891 0.00103759765625 -0.0400352478027344
0.0244712829589844 -0.0224552154541016 0.00122642517089844 -0.0326786041259766
0.0409927368164063 -0.00324249267578125 0.0080413818359375 -0.0374107360839844
0.0370826721191406 0.0360870361328125 0.0139045715332031 -0.0439567565917969
0.0221900939941406 0.0652389526367188 0.0253639221191406 -0.0646095275878906
-0.00820159912109375 0.075469970703125 0.0371932983398438 -0.0722503662109375
-0.0264511108398437 0.0839920043945312 0.0777511596679688 -0.022216796875
0.0146255493164063 0.0604209899902344 0.0230484008789062 0.00139045715332032
0.0294532775878906 0.0430526733398438 0.0197830200195312 0.0362777709960937
0.0415763854980469 0.0133094787597656 0.0594635009765625 0.0219039916992188
0.0347461700439453 -0.00954627990722656 0.0628318786621094 -0.0160751342773438
0.0207633972167969 -0.0310516357421875 0.0424613952636719 -0.0533943176269531
0.00602340698242188 -0.0411529541015625 0.0130691528320312 -0.0612564086914063
0.00542449951171875 -0.038360595703125 -0.0016937255859375 -0.0452842712402344
0.00443267822265625 -0.0462074279785156 -0.00147628784179688 -0.0356521606445313
0.0199165344238281 -0.0451278686523438 -0.00429344177246094 -0.0306720733642578
0.0465431213378906 -0.0291481018066406 -0.00539016723632812 -0.0238151550292969
0.0610237121582031 0.00230026245117188 0.000907897949218753 -0.0313873291015625
0.0446205139160156 0.0572547912597656 0.00569152832031251 -0.0366668701171875
0.0170440673828125 0.0892715454101563 0.0191574096679688 -0.0481529235839844
-0.02593994140625 0.0940475463867187 0.0248641967773438 -0.0477561950683594
-0.0500640869140625 0.0945281982421875 0.0646858215332031 0.0102767944335938
-0.003204345703125 0.085540771484375 0.017547607421875 0.0247592926025391
0.0309066772460938 0.0749893188476562 0.0154762268066406 0.0478248596191406
0.0623130798339844 0.0320816040039062 0.053192138671875 0.0335159301757813
0.0582504272460938 -0.00793075561523438 0.0572013854980469 -0.001800537109375
0.038055419921875 -0.0450859069824219 0.041259765625 -0.0370445251464844
0.0152359008789063 -0.0573959350585938 0.013763427734375 -0.0441780090332031
0.0128250122070312 -0.0538597106933594 -0.00113868713378906 -0.0291252136230469
0.0119819641113281 -0.0627899169921875 -0.002044677734375 -0.0184745788574219
0.0297164916992187 -0.0575675964355469 -0.00984573364257812 -0.01593017578125
0.0606460571289062 -0.0349464416503906 -0.0134220123291016 -0.01104736328125
0.0731582641601563 0.00376129150390625 -0.00691795349121093 -0.0227642059326172
0.0496139526367187 0.0684852600097656 -0.00078773498535156 -0.0298748016357422
0.013641357421875 0.100456237792969 0.0155792236328125 -0.0294780731201172
-0.0385589599609375 0.100181579589844 0.00931739807128906 -0.0190238952636719
-0.065216064453125 0.0876541137695312 0.04119873046875 0.0438385009765625
-0.023773193359375 0.0937042236328125 0.00570678710937499 0.049835205078125
0.0208053588867187 0.0938949584960938 0.00674438476562499 0.0571365356445313
0.0689735412597656 0.0491180419921875 0.0401268005371094 0.0437126159667969
0.0711441040039063 -0.00125885009765625 0.0440902709960938 0.0129776000976563
0.0508003234863281 -0.0498199462890625 0.0343112945556641 -0.0168361663818359
0.022216796875 -0.0648651123046875 0.0126266479492188 -0.0212440490722656
0.0186614990234375 -0.0605392456054687 -0.00107812881469726 -0.0086512565612793
0.0177841186523438 -0.0711593627929688 -0.00306034088134766 0.00263476371765136
0.0350685119628906 -0.0627784729003906 -0.0154485702514648 0.00274372100830078
0.0674171447753906 -0.0357704162597656 -0.0207691192626953 0.00321578979492187
0.0769805908203125 0.00644683837890625 -0.0149164199829102 -0.0148210525512695
0.0463943481445313 0.0734329223632813 -0.00396156311035156 -0.0239677429199219
0.00534820556640626 0.100471496582031 0.0141019821166992 -0.0106172561645508
-0.0482025146484375 0.0927047729492188 -0.00793552398681641 0.0100383758544922
-0.0692825317382813 0.064971923828125 0.0130615234375 0.072845458984375
-0.03985595703125 0.0806503295898437 -0.00975799560546875 0.0703964233398437
0.003326416015625 0.0917434692382813 -0.00331497192382812 0.0612564086914063
0.0588226318359375 0.0575752258300781 0.0219497680664063 0.0497627258300781
0.0694160461425781 0.00759124755859375 0.0268211364746094 0.0253925323486328
0.0544815063476562 -0.0452728271484375 0.0234889984130859 0.0051116943359375
0.0260162353515625 -0.0616645812988281 0.00981903076171875 0.00343990325927734
0.0217819213867188 -0.0578155517578125 -0.00076484680175781 0.0132312774658203
0.0212478637695312 -0.0689125061035156 -0.00387382507324219 0.0242347717285156
0.0365257263183594 -0.0594635009765625 -0.0210647583007812 0.0214290618896484
0.0663948059082031 -0.0312995910644531 -0.0282649993896484 0.0164985656738281
0.0715713500976563 0.0113296508789063 -0.0226535797119141 -0.007354736328125
0.035491943359375 0.0730209350585938 -0.00811195373535156 -0.0192012786865234
-0.00775146484375 0.0894775390625 0.0111064910888672 0.00574398040771485
-0.054473876953125 0.0733566284179688 -0.0272064208984375 0.0360107421875
-0.0589179992675781 0.0303878784179688 -0.01263427734375 0.0914382934570313
-0.0443840026855469 0.0504150390625 -0.0238418579101562 0.0827713012695312
-0.0140380859375 0.0689926147460938 -0.0116043090820313 0.0602493286132813
0.0372352600097656 0.0527191162109375 0.00618362426757813 0.0490646362304687
0.0537376403808594 0.0134353637695313 0.00940322875976563 0.0319728851318359
0.0469207763671875 -0.0321044921875 0.0108127593994141 0.0227279663085937
0.0249557495117188 -0.0475692749023437 0.00573348999023438 0.0263690948486328
0.0207366943359375 -0.0463638305664063 -0.000194549560546873 0.03369140625
0.0215530395507813 -0.0564994812011719 -0.00562667846679687 0.0438804626464844
0.0340614318847656 -0.0482826232910156 -0.0263938903808594 0.0387153625488281
0.0588340759277344 -0.0218353271484375 -0.0363578796386719 0.0273857116699219
0.0587158203125 0.0157356262207031 -0.0312385559082031 -0.00191688537597657
0.0202598571777344 0.0650634765625 -0.0121240615844727 -0.0163373947143555
-0.0207023620605469 0.06976318359375 0.00603675842285156 0.0184955596923828
-0.0565185546875 0.0445518493652344 -0.047760009765625 0.0544853210449219
-0.0392799377441406 -0.00979232788085937 -0.029632568359375 0.0967864990234375
-0.03961181640625 0.0121688842773437 -0.0316925048828125 0.0845870971679688
-0.0251026153564453 0.0338459014892578 -0.0141639709472656 0.0540847778320313
0.0109519958496094 0.0363273620605469 -0.0052337646484375 0.0451736450195313
0.0289974212646484 0.0148792266845703 -0.00192070007324218 0.0339946746826172
0.0308876037597656 -0.0146694183349609 0.00121879577636719 0.0345973968505859
0.0193347930908203 -0.0267601013183594 0.00219345092773437 0.0423088073730469
0.016693115234375 -0.0280075073242188 -0.000217437744140623 0.0478286743164063
0.0188980102539063 -0.0356903076171875 -0.00823211669921875 0.0584754943847656
0.0270271301269531 -0.0307521820068359 -0.0318450927734375 0.0515937805175781
0.0432701110839844 -0.011322021484375 -0.0445671081542969 0.033966064453125
0.0401725769042969 0.0168609619140625 -0.0398788452148438 0.00067901611328125
0.00444412231445312 0.0497627258300781 -0.0177421569824219 -0.0157985687255859
-0.0301933288574219 0.0413131713867187 -0.003173828125 0.0249652862548828
-0.0497550964355469 0.00946807861328124 -0.0665321350097656 0.0622901916503906
0.0243053436279297 0.0268459320068359 0.07073974609375 -0.0689697265625
0.031005859375 -0.0122947692871094 0.0137863159179688 -0.0286941528320312
0.00445175170898438 -0.0230693817138672 0.0172595977783203 0.0198974609375
-0.0158185958862305 -0.0125551223754883 0.0545463562011719 0.00638198852539062
-0.0179271697998047 0.00154495239257812 0.0561866760253906 -0.0329475402832031
-0.014439582824707 0.0123920440673828 0.0316047668457031 -0.0639305114746094
-0.0108890533447266 0.00898456573486328 0.00514984130859374 -0.0713043212890625
-0.0124654769897461 0.00756072998046875 -0.00449752807617187 -0.0571098327636719
-0.015559196472168 0.00605201721191406 -0.0048065185546875 -0.049835205078125
-0.0142879486083984 -0.00691604614257813 0.000408172607421869 -0.0429306030273438
-0.00391006469726563 -0.017730712890625 0.00174331665039062 -0.0395736694335937
0.0155086517333984 -0.01776123046875 0.00889587402343751 -0.0442085266113281
0.0325298309326172 0.00280570983886719 0.0201416015625 -0.052886962890625
0.0337810516357422 0.0296821594238281 0.02886962890625 -0.0799713134765625
0.0177688598632813 0.0461158752441406 0.0388641357421875 -0.0941085815429688
0.0020904541015625 0.0618858337402344 0.0795211791992188 -0.0531082153320312
0.0286788940429687 0.024322509765625 0.0207939147949219 -0.0191841125488281
0.0211238861083984 0.00719451904296875 0.0210037231445312 0.0268344879150391
0.013458251953125 -0.00347042083740234 0.0602912902832031 0.0115318298339844
0.0075230598449707 -0.00671195983886719 0.0620307922363281 -0.0287055969238281
0.00122356414794922 -0.0114421844482422 0.0375213623046875 -0.0643806457519531
-0.00457572937011719 -0.0179824829101563 0.00726318359375001 -0.0713348388671875
-0.00525760650634766 -0.0170507431030273 -0.00451278686523437 -0.0554008483886719
-0.00689125061035156 -0.0221385955810547 -0.0041046142578125 -0.0472869873046875
0.0030059814453125 -0.0278491973876953 -0.001922607421875 -0.0407829284667969
0.0232467651367188 -0.0239791870117188 -0.000978469848632808 -0.0342273712158203
0.0411415100097656 -0.005950927734375 0.006011962890625 -0.0392837524414063
0.0400772094726563 0.034820556640625 0.01275634765625 -0.0455169677734375
0.0262680053710938 0.0649833679199219 0.022979736328125 -0.0677223205566406
-0.00440216064453124 0.0777816772460938 0.0336837768554688 -0.0768890380859375
-0.0228424072265625 0.0874786376953125 0.0781936645507812 -0.0273590087890625
0.0183486938476562 0.0599899291992187 0.0225086212158203 -0.000539779663085934
0.0333328247070313 0.0424690246582031 0.0211067199707031 0.0371971130371094
0.0428314208984375 0.0108299255371094 0.061279296875 0.0207595825195313
0.0348987579345703 -0.0119819641113281 0.0635337829589844 -0.0183792114257813
0.0186061859130859 -0.0329265594482422 0.040740966796875 -0.0560874938964844
0.003326416015625 -0.0421867370605469 0.00979232788085937 -0.0626220703125
0.00276947021484375 -0.0392875671386719 -0.00454330444335938 -0.0458755493164062
0.00142288208007812 -0.0471115112304687 -0.00420761108398437 -0.036407470703125
0.016937255859375 -0.0464324951171875 -0.00668525695800781 -0.0312786102294922
0.0447883605957031 -0.0325851440429688 -0.00751113891601562 -0.0248432159423828
0.0616912841796875 -0.00160980224609375 -0.000699996948242186 -0.0330085754394531
0.0487747192382813 0.0558738708496094 0.00449752807617188 -0.0383110046386719
0.0230560302734375 0.0898971557617188 0.0171051025390625 -0.0505752563476563
-0.0215225219726562 0.0979461669921875 0.0221900939941406 -0.0509872436523437
-0.0457000732421875 0.099517822265625 0.0663833618164062 0.00665283203125001
0.00121307373046874 0.0866546630859375 0.0183277130126953 0.023773193359375
0.0358734130859375 0.0743637084960938 0.0168724060058594 0.0491867065429688
0.0649681091308594 0.0281486511230469 0.0553817749023438 0.0332069396972656
0.0584030151367188 -0.0116195678710938 0.0586280822753906 -0.00372314453125
0.0356254577636719 -0.0481758117675781 0.0404815673828125 -0.0399856567382813
0.0115470886230469 -0.0594024658203125 0.0115509033203125 -0.0454940795898438
0.00984954833984375 -0.0550880432128906 -0.004058837890625 -0.0289039611816406
0.00783920288085938 -0.0646896362304688 -0.00426673889160156 -0.0189571380615234
0.0257911682128906 -0.0603485107421875 -0.0120277404785156 -0.0156736373901367
0.0587348937988281 -0.03961181640625 -0.0142030715942383 -0.0113725662231445
0.0742721557617187 -0.000701904296875 -0.00870323181152343 -0.0241718292236328
0.0544815063476563 0.0671730041503906 -0.00162315368652343 -0.0309963226318359
0.0195770263671875 0.101600646972656 0.0148048400878906 -0.0315017700195312
-0.0336456298828125 0.104530334472656 0.00774002075195313 -0.0210971832275391
-0.0616378784179688 0.0932235717773437 0.0445480346679687 0.0420684814453125
-0.0192108154296875 0.0960845947265625 0.00780487060546875 0.0496025085449219
0.0267486572265625 0.0945587158203125 0.00850677490234375 0.0588951110839844
0.0728759765625 0.0455169677734375 0.0424308776855469 0.0439834594726563
0.07208251953125 -0.0054168701171875 0.0464096069335938 0.0121002197265625
0.04779052734375 -0.0537757873535156 0.0348281860351563 -0.0188407897949219
0.0181694030761719 -0.0677680969238281 0.0110683441162109 -0.0222682952880859
0.0149040222167969 -0.062652587890625 -0.00253772735595703 -0.00823736190795899
0.012451171875 -0.0738143920898437 -0.00330448150634765 0.00237202644348144
0.0312576293945313 -0.0659446716308594 -0.0164594650268555 0.00325965881347656
0.0657081604003906 -0.0414581298828125 -0.0211563110351562 0.00343132019042969
0.0781097412109375 0.0013885498046875 -0.0163726806640625 -0.0152521133422852
0.0513916015625 0.0717849731445313 -0.00557518005371094 -0.0244159698486328
0.0110626220703125 0.101638793945313 0.0140895843505859 -0.0124521255493164
-0.043975830078125 0.0975418090820313 -0.00796794891357422 0.00964450836181641
-0.0671234130859375 0.0699119567871094 0.0183868408203125 0.073394775390625
-0.0360641479492188 0.0836029052734375 -0.006805419921875 0.071929931640625
0.00814056396484375 0.0941848754882813 -0.00154876708984375 0.063201904296875
0.0630111694335938 0.0549774169921875 0.024261474609375 0.0503273010253906
0.0709762573242188 0.00337982177734375 0.0288600921630859 0.0260066986083984
0.0519485473632813 -0.0490837097167969 0.0244503021240234 0.00374984741210937
0.0225868225097656 -0.0642776489257813 0.0102567672729492 0.00314998626708984
0.0181159973144531 -0.0600738525390625 -0.000548362731933593 0.0135860443115234
0.0163192749023438 -0.0719680786132813 -0.00299263000488281 0.0243816375732422
0.0329666137695313 -0.0629005432128906 -0.0204982757568359 0.0230617523193359
0.0650444030761719 -0.036224365234375 -0.0277004241943359 0.0177383422851562
0.0733795166015625 0.00661468505859375 -0.0241851806640625 -0.00712013244628906
0.0406417846679687 0.0718841552734375 -0.00930404663085937 -0.0193538665771484
-0.00254058837890626 0.0913772583007813 0.0119590759277344 0.00465583801269532
-0.0522003173828125 0.0780563354492188 -0.0262527465820313 0.0372657775878906
-0.0581474304199219 0.0340957641601563 -0.00746154785156251 0.0934600830078125
-0.0428314208984375 0.0536155700683594 -0.0210342407226563 0.0845870971679688
-0.0103302001953125 0.0718765258789063 -0.00966262817382812 0.062408447265625
0.0410385131835938 0.0510940551757813 0.00810241699218751 0.0505142211914063
0.0555648803710938 0.0100746154785156 0.0118160247802734 0.0329227447509766
0.0453033447265625 -0.0357780456542969 0.0128250122070313 0.0227622985839844
0.022003173828125 -0.0502548217773438 0.00734901428222656 0.0263385772705078
0.0180587768554687 -0.0482749938964844 0.00105667114257812 0.0341033935546875
0.017791748046875 -0.05950927734375 -0.00350570678710937 0.0444183349609375
0.0313301086425781 -0.0515518188476563 -0.0250587463378906 0.0406990051269531
0.0580062866210938 -0.0268211364746094 -0.0358161926269531 0.0295753479003906
0.0609130859375 0.01214599609375 -0.0320301055908203 -0.00125885009765625
0.0243873596191406 0.0648841857910156 -0.0133056640625 -0.0159845352172851
-0.0168533325195313 0.0718612670898438 0.00710296630859375 0.0185165405273438
-0.0550956726074219 0.0483512878417969 -0.0455131530761719 0.0577507019042969
-0.0401420593261719 -0.00787353515625 -0.0247955322265625 0.100723266601563
-0.0396156311035156 0.0138587951660156 -0.028289794921875 0.0873336791992188
-0.0238761901855469 0.0363502502441406 -0.0126075744628906 0.0565299987792969
0.0134811401367187 0.0361976623535156 -0.00319671630859375 0.0471153259277344
0.0299358367919922 0.0133190155029297 -0.000366210937499996 0.0356712341308594
0.03045654296875 -0.0168800354003906 0.00380706787109375 0.0349349975585938
0.0179519653320313 -0.0285892486572266 0.00520706176757812 0.042633056640625
0.0153827667236328 -0.0294551849365234 0.00242996215820312 0.0487518310546875
0.0162086486816406 -0.0383338928222656 -0.00528335571289062 0.0594291687011719
0.0255031585693359 -0.0335731506347656 -0.0299835205078125 0.0541839599609375
0.0435104370117187 -0.0142440795898437 -0.0435714721679687 0.0368843078613281
0.04205322265625 0.0147705078125 -0.0406875610351563 0.00223922729492187
0.007171630859375 0.0502738952636719 -0.01885986328125 -0.0155200958251953
-0.0284385681152344 0.0435676574707031 -0.00157928466796875 0.0249614715576172
-0.0501480102539063 0.0123863220214844 -0.0639991760253906 0.0668067932128906
0.0253047943115234 0.026153564453125 0.0663986206054688 -0.0731658935546875
0.0300731658935547 -0.014678955078125 0.0111846923828125 -0.0297718048095703
0.00337791442871094 -0.0239543914794922 0.0183429718017578 0.0198497772216797
-0.0165891647338867 -0.0115747451782227 0.0546875 0.0036163330078125
-0.0180377960205078 0.00273323059082032 0.0547103881835938 -0.0360794067382813
-0.0135183334350586 0.0131988525390625 0.0281524658203125 -0.0654067993164063
-0.0104455947875977 0.00965690612792969 0.000938415527343757 -0.0710906982421875
-0.0115842819213867 0.00875663757324219 -0.00786590576171875 -0.0564918518066406
-0.0151424407958984 0.00719451904296875 -0.00857925415039063 -0.0495452880859375
-0.0147724151611328 -0.00560188293457031 -0.0025634765625 -0.0432777404785156
-0.005279541015625 -0.0174083709716797 -0.000766754150390622 -0.0402030944824219
0.0145015716552734 -0.0183258056640625 0.00677490234375001 -0.0456390380859375
0.0328216552734375 0.00104522705078125 0.0182876586914063 -0.0539741516113281
0.0353775024414063 0.0273513793945313 0.0248031616210938 -0.0813446044921875
0.0202980041503906 0.0453338623046875 0.0329208374023437 -0.0972366333007812
0.00540924072265625 0.0623664855957031 0.0762252807617188 -0.0583572387695312
0.0294933319091797 0.0220279693603516 0.0190887451171875 -0.0205764770507813
0.0219287872314453 0.00577163696289062 0.0220565795898437 0.026763916015625
0.0133228302001953 -0.00456619262695313 0.0609893798828125 0.0088348388671875
0.00647926330566406 -0.00713825225830078 0.0608100891113281 -0.0319023132324219
-0.000287055969238281 -0.0116453170776367 0.0339736938476563 -0.0661392211914063
-0.00619029998779297 -0.0173864364624023 0.00301361083984375 -0.0717315673828125
-0.00606155395507813 -0.0164880752563477 -0.00835800170898437 -0.0545845031738281
-0.00850486755371094 -0.0211048126220703 -0.00801849365234375 -0.0468368530273438
0.00109672546386719 -0.0272197723388672 -0.00484466552734375 -0.040924072265625
0.0211887359619141 -0.0253219604492188 -0.00359535217285156 -0.03485107421875
0.0401344299316406 -0.00826644897460938 0.00406646728515625 -0.0405769348144531
0.0416831970214844 0.0323371887207031 0.0112991333007813 -0.0464897155761719
0.0304336547851562 0.0631942749023438 0.0195732116699219 -0.0693855285644531
0.000190734863281241 0.0777435302734375 0.0283279418945313 -0.0793380737304688
-0.018157958984375 0.0890884399414063 0.076507568359375 -0.0318832397460937
0.0213165283203125 0.0581741333007813 0.0216407775878906 -0.00227165222167968
0.0358543395996094 0.0404701232910156 0.0226097106933594 0.0372695922851563
0.0432929992675781 0.00741958618164063 0.0622978210449219 0.0183486938476563
0.0332107543945313 -0.0141334533691406 0.0629806518554688 -0.02117919921875
0.0154743194580078 -0.0339393615722656 0.0377960205078125 -0.0583419799804688
9.15527343749954E-05 -0.0419807434082031 0.00600051879882813 -0.062957763671875
0.000194549560546875 -0.0389137268066406 -0.00749588012695313 -0.0446243286132813
-0.0020751953125 -0.0462570190429688 -0.00751876831054687 -0.03582763671875
0.0134086608886719 -0.0470008850097656 -0.00931358337402344 -0.0305862426757813
0.042022705078125 -0.0352783203125 -0.00939369201660156 -0.0251865386962891
0.061187744140625 -0.0052032470703125 -0.00293922424316406 -0.0338420867919922
0.0518722534179687 0.0533943176269531 0.00394821166992188 -0.0390510559082031
0.0284576416015625 0.0879669189453125 0.0152091979980469 -0.0520591735839844
-0.0158233642578125 0.09912109375 0.0186271667480469 -0.0528297424316406
-0.0401077270507813 0.101951599121094 0.0662345886230469 0.00246429443359376
0.00565338134765625 0.0854568481445313 0.0187969207763672 0.0219898223876953
0.0405731201171875 0.0724716186523438 0.0184478759765625 0.0491714477539063
0.0659294128417969 0.0240898132324219 0.0565414428710938 0.0309219360351562
0.0571250915527344 -0.0147895812988281 0.0589942932128906 -0.00598526000976563
0.0311737060546875 -0.0499076843261719 0.0385551452636719 -0.0423431396484375
0.00677871704101563 -0.0596923828125 0.008941650390625 -0.0462379455566406
0.00605392456054688 -0.0552558898925781 -0.00589561462402344 -0.0282917022705078
0.00297927856445312 -0.064727783203125 -0.00601005554199219 -0.0186958312988281
0.0210914611816406 -0.0614051818847656 -0.013585090637207 -0.0150957107543945
0.0551109313964844 -0.0434417724609375 -0.0155277252197266 -0.0111331939697266
0.0739212036132813 -0.005218505859375 -0.0105705261230469 -0.0248737335205078
0.0580787658691406 0.0639991760253906 -0.00267219543457031 -0.0314350128173828
0.0260772705078125 0.0997314453125 0.0131587982177734 -0.0332412719726562
-0.0283584594726563 0.106651306152344 0.00562858581542969 -0.0223789215087891
-0.05682373046875 0.0968170166015625 0.0467185974121094 0.0391502380371094
-0.0138473510742188 0.0959701538085938 0.00930404663085938 0.0482635498046875
0.032379150390625 0.0934066772460938 0.0104713439941406 0.059295654296875
0.0745697021484375 0.0407562255859375 0.0444526672363281 0.0424156188964844
0.0713653564453125 -0.00960540771484375 0.0474433898925781 0.0107650756835938
0.0434989929199219 -0.0566864013671875 0.0340785980224609 -0.0208663940429688
0.0134963989257812 -0.0685577392578125 0.0100765228271484 -0.0230884552001953
0.0107421875 -0.0630378723144531 -0.00353002548217773 -0.00741767883300782
0.00687408447265625 -0.0742340087890625 -0.00397944450378418 0.00210189819335937
0.0261650085449219 -0.0676345825195313 -0.0162391662597656 0.0045480728149414
0.0620155334472656 -0.04559326171875 -0.02130126953125 0.00414657592773437
0.0775222778320313 -0.003509521484375 -0.0173778533935547 -0.0151023864746094
0.0557365417480469 0.0687522888183594 -0.00638198852539062 -0.0246562957763672
0.0172195434570313 0.100128173828125 0.0137395858764648 -0.0139961242675781
-0.038909912109375 0.100051879882812 -0.00805950164794922 0.00946807861328126
-0.062896728515625 0.07342529296875 0.0224151611328125 0.0717620849609375
-0.0313796997070313 0.0847320556640625 -0.00384521484375 0.0712966918945312
0.01361083984375 0.0940475463867188 0.000591278076171869 0.064208984375
0.0656166076660156 0.0505104064941406 0.0263938903808594 0.0503349304199219
0.0706939697265625 -0.00067138671875 0.0307044982910156 0.0255813598632813
0.0474891662597656 -0.0519638061523438 0.0253238677978516 0.00225830078125
0.0178184509277344 -0.0654792785644531 0.0102195739746094 0.00216007232666015
0.0137901306152344 -0.0611114501953125 -0.000541687011718748 0.0139808654785156
0.0107879638671875 -0.07269287109375 -0.00223159790039063 0.0240383148193359
0.0284309387207031 -0.0648117065429688 -0.0195446014404297 0.0241050720214844
0.0622215270996094 -0.0407447814941406 -0.0269012451171875 0.0187473297119141
0.0735626220703125 0.00179290771484375 -0.024566650390625 -0.00629806518554688
0.0447807312011719 0.0693550109863281 -0.00986289978027343 -0.0192394256591797
0.00321197509765624 0.0912017822265625 0.0124406814575195 0.00303459167480469
-0.0475921630859375 0.0811767578125 -0.024261474609375 0.0376167297363281
-0.0561866760253906 0.037322998046875 -0.00207519531250001 0.0941162109375
-0.0397682189941406 0.055572509765625 -0.0165252685546875 0.085113525390625
-0.00630950927734375 0.0732421875 -0.00750350952148438 0.0631256103515625
0.0434341430664063 0.048126220703125 0.0102424621582031 0.0510330200195313
0.0555381774902344 0.0070648193359375 0.0139751434326172 0.0332431793212891
0.0421485900878906 -0.03857421875 0.0144329071044922 0.0220413208007812
0.0185546875 -0.0517578125 0.00872230529785156 0.0259246826171875
0.0149993896484375 -0.0496826171875 0.00270843505859375 0.0340118408203125
0.0128211975097656 -0.0606231689453125 -0.0012054443359375 0.0438346862792969
0.0272560119628906 -0.0533256530761719 -0.0228004455566406 0.0421943664550781
0.0553703308105469 -0.0306930541992188 -0.0335292816162109 0.0306301116943359
0.0614547729492187 0.00786972045898437 -0.0325393676757812 0.000144958496093748
0.0284347534179688 0.0636520385742188 -0.014500617980957 -0.0160684585571289
-0.0127334594726562 0.0723953247070313 0.00840091705322265 0.0173730850219727
-0.0520744323730469 0.0519332885742188 -0.0422401428222656 0.0593795776367188
-0.0401954650878906 -0.0057220458984375 -0.01812744140625 0.101806640625
-0.0391044616699219 0.0161361694335938 -0.0240936279296875 0.0888824462890625
-0.0218353271484375 0.0383377075195312 -0.0109939575195313 0.0572128295898438
0.0154209136962891 0.0348739624023438 -0.00137710571289063 0.0481758117675781
0.0305728912353516 0.0111579895019531 0.002227783203125 0.0362968444824219
0.0289535522460938 -0.0188159942626953 0.00628280639648437 0.0349349975585938
0.0162773132324219 -0.0298595428466797 0.00765228271484375 0.0421867370605469
0.0134906768798828 -0.0302982330322266 0.00494766235351562 0.0480766296386719
0.0132369995117187 -0.0395088195800781 -0.00160980224609375 0.0592269897460938
0.0226325988769531 -0.0353813171386719 -0.0269012451171875 0.0552444458007813
0.0420722961425781 -0.017669677734375 -0.041351318359375 0.0383987426757812
0.0429039001464844 0.0120468139648438 -0.040863037109375 0.00426864624023437
0.010284423828125 0.0498466491699219 -0.0196266174316406 -0.0152778625488281
-0.0261611938476562 0.0449600219726563 3.43322753906238E-05 0.0249195098876953
-0.0496749877929688 0.0147361755371094 -0.0601158142089844 0.069580078125
0.0262508392333984 0.0253334045410156 0.0619354248046875 -0.074188232421875
0.0283756256103516 -0.0155258178710938 0.00933647155761719 -0.02984619140625
0.00199699401855469 -0.0239849090576172 0.0191974639892578 0.0196495056152344
-0.01629638671875 -0.0107650756835937 0.0543022155761719 0.00211334228515625
-0.0180587768554688 0.00320625305175781 0.0521621704101563 -0.0373115539550781
-0.0127620697021484 0.0137662887573242 0.0256462097167969 -0.0648231506347656
-0.00982666015625 0.0101108551025391 -0.00211334228515625 -0.0696983337402344
-0.0107202529907227 0.00925064086914063 -0.00974273681640625 -0.0546455383300781
-0.0141582489013672 0.00823211669921875 -0.0103683471679687 -0.0478897094726562
-0.0153255462646484 -0.00410842895507813 -0.00410842895507812 -0.042144775390625
-0.00626659393310547 -0.0164642333984375 -0.0030364990234375 -0.0398902893066406
0.013336181640625 -0.0190029144287109 0.0050506591796875 -0.0461044311523438
0.0321788787841797 -0.000337600708007813 0.01715087890625 -0.0544548034667969
0.0360755920410156 0.0254554748535156 0.0215301513671875 -0.080963134765625
0.02142333984375 0.0439224243164063 0.02838134765625 -0.0972976684570313
0.00775527954101563 0.0618057250976562 0.0723724365234375 -0.0603561401367188
0.0298881530761719 0.0202808380126953 0.0169773101806641 -0.0214595794677734
0.0220203399658203 0.00445175170898438 0.0223503112792969 0.0264511108398438
0.0125799179077148 -0.00571632385253906 0.0599174499511719 0.00714111328125
0.00584745407104492 -0.00729703903198242 0.0590476989746094 -0.0333251953125
-0.00119781494140625 -0.0107021331787109 0.0308074951171875 -0.0658798217773438
-0.00753974914550781 -0.0166816711425781 8.39233398437551E-05 -0.0703582763671875
-0.00677871704101563 -0.0156106948852539 -0.0102500915527344 -0.052825927734375
-0.00904464721679688 -0.0198917388916016 -0.0101852416992188 -0.0451393127441406
-0.000690460205078127 -0.0264949798583984 -0.00676727294921875 -0.0401573181152344
0.0190467834472656 -0.0257339477539062 -0.00533866882324218 -0.0348587036132813
0.0390434265136719 -0.00988388061523437 0.00287246704101563 -0.0411491394042969
0.0423851013183594 0.0300636291503906 0.0107650756835938 -0.0466041564941406
0.032623291015625 0.0609245300292969 0.0171432495117188 -0.0689048767089844
0.00295257568359376 0.0764541625976563 0.024658203125 -0.079742431640625
-0.0141525268554688 0.0889892578125 0.0736465454101563 -0.03485107421875
0.0225753784179688 0.055908203125 0.0202236175537109 -0.00373268127441406
0.0371017456054688 0.0379295349121094 0.0229682922363281 0.0367622375488281
0.0423126220703125 0.00561141967773438 0.0620651245117188 0.0168609619140625
0.0317649841308594 -0.0152034759521484 0.0615310668945313 -0.0228157043457031
0.0132503509521484 -0.0337963104248047 0.0352210998535156 -0.0587921142578125
-0.00198745727539063 -0.0409355163574219 0.00332260131835938 -0.0622291564941406
-0.00173568725585938 -0.0379981994628906 -0.009246826171875 -0.0429534912109375
-0.00444412231445313 -0.0449676513671875 -0.00926589965820313 -0.0347385406494141
0.0107269287109375 -0.0460433959960938 -0.0110702514648438 -0.0297279357910156
0.0391044616699219 -0.0361862182617188 -0.0105705261230469 -0.0250244140625
0.0594902038574219 -0.00775146484375 -0.00441741943359375 -0.0342445373535156
0.0530662536621094 0.0501861572265625 0.00338745117187501 -0.0391082763671875
0.0315093994140625 0.0849990844726562 0.0130691528320313 -0.0524635314941406
-0.0118179321289063 0.0982131958007813 0.0156326293945313 -0.0533065795898437
-0.0357894897460938 0.102119445800781 0.0651817321777344 -0.000312805175781244
0.00852203369140626 0.082916259765625 0.0179405212402344 0.0202083587646484
0.0427474975585938 0.069549560546875 0.0190391540527344 0.0485801696777344
0.0656318664550781 0.0201873779296875 0.0565986633300781 0.0294418334960938
0.0547599792480469 -0.0172843933105469 0.0582275390625 -0.00734710693359375
0.0279769897460937 -0.0499076843261719 0.0361671447753906 -0.04302978515625
0.00372695922851563 -0.0586624145507812 0.0065155029296875 -0.045623779296875
0.003326416015625 -0.0542755126953125 -0.00714492797851563 -0.0270748138427734
-0.000606536865234375 -0.0634002685546875 -0.00719261169433594 -0.0182838439941406
0.0179557800292969 -0.0605735778808594 -0.0147781372070312 -0.0142679214477539
0.05157470703125 -0.0450286865234375 -0.0160665512084961 -0.0110855102539063
0.0720291137695313 -0.0086669921875 -0.0114707946777344 -0.0245876312255859
0.0597953796386719 0.0606193542480469 -0.00292396545410156 -0.031280517578125
0.0296401977539062 0.0964813232421875 0.0121555328369141 -0.0332698822021484
-0.0239334106445313 0.106048583984375 0.00434494018554688 -0.0225734710693359
-0.0520095825195312 0.0969696044921875 0.0472946166992188 0.0361213684082031
-0.010467529296875 0.0939407348632813 0.00995635986328125 0.0464935302734375
0.0355453491210938 0.09039306640625 0.011199951171875 0.0587844848632813
0.0750732421875 0.0364151000976562 0.044525146484375 0.0410079956054688
0.0687522888183594 -0.0125160217285156 0.0477104187011719 0.00977706909179688
0.0395050048828125 -0.0571060180664062 0.0336360931396484 -0.0218181610107422
0.00970458984375 -0.067169189453125 0.00895309448242187 -0.0231246948242188
0.00801467895507813 -0.061920166015625 -0.00407981872558594 -0.00699806213378907
0.00283050537109375 -0.0727767944335938 -0.00457143783569336 0.00219964981079101
0.0219001770019531 -0.0673370361328125 -0.0164813995361328 0.00472736358642578
0.05810546875 -0.0480308532714844 -0.0210475921630859 0.00388908386230468
0.0757522583007812 -0.00710296630859375 -0.0179462432861328 -0.0152645111083984
0.0575332641601562 0.0658073425292969 -0.00676345825195312 -0.0246124267578125
0.021484375 0.0978546142578125 0.0130681991577148 -0.0147466659545898
-0.0343093872070312 0.0998077392578125 -0.00837039947509766 0.00934886932373048
-0.0589447021484375 0.0746994018554688 0.0246696472167969 0.0690574645996094
-0.0282135009765625 0.0836944580078125 -0.00190734863281249 0.0696945190429688
0.01708984375 0.092315673828125 0.00149154663085937 0.0632820129394531
0.066253662109375 0.0468673706054687 0.0273704528808594 0.0493202209472656
0.0688858032226562 -0.00389862060546875 0.0318679809570313 0.0247573852539063
0.0438613891601563 -0.0529632568359375 0.0253391265869141 0.00131416320800781
0.0142784118652344 -0.0651397705078125 0.0099325180053711 0.0016632080078125
0.0111656188964844 -0.0604743957519531 -0.000187873840332032 0.0139312744140625
0.006256103515625 -0.0717697143554688 -0.00165367126464844 0.0232753753662109
0.02392578125 -0.0648994445800781 -0.0185127258300781 0.0240345001220703
0.0585823059082031 -0.0434722900390625 -0.0256557464599609 0.0184803009033203
0.0717620849609375 -0.00197601318359375 -0.0244464874267578 -0.00594329833984375
0.0475654602050781 0.0662040710449219 -0.0103569030761719 -0.0187740325927734
0.00687408447265624 0.08917236328125 0.0128583908081055 0.00201416015625001
-0.0438613891601563 0.0816726684570313 -0.0228347778320312 0.0376930236816406
-0.0534439086914062 0.0386199951171875 0.00202941894531249 0.092437744140625
-0.0372238159179688 0.0555458068847656 -0.0141448974609375 0.0838470458984375
-0.00335693359375 0.0723419189453125 -0.006561279296875 0.0621414184570313
0.044525146484375 0.0452461242675781 0.0111503601074219 0.0508537292480469
0.0546340942382812 0.00449371337890625 0.0153884887695313 0.0330486297607422
0.03948974609375 -0.0395317077636719 0.0155048370361328 0.0207710266113281
0.0153923034667969 -0.0518341064453125 0.01007080078125 0.0248622894287109
0.0123634338378906 -0.04913330078125 0.00376510620117187 0.0334587097167969
0.0092010498046875 -0.0598030090332031 0.000518798828125003 0.0429153442382812
0.0239219665527344 -0.0535316467285156 -0.0207672119140625 0.0417098999023437
0.0526924133300781 -0.0334548950195312 -0.0317745208740234 0.0307273864746094
0.0605201721191406 0.00492477416992188 -0.0317230224609375 0.00116729736328125
0.0304908752441406 0.0615806579589844 -0.0145416259765625 -0.0157632827758789
-0.00970458984375 0.0715560913085938 0.00924396514892578 0.0163116455078125
-0.0493354797363281 0.05218505859375 -0.0392112731933594 0.0595054626464844
-0.0396690368652344 -0.00417709350585938 -0.013946533203125 0.101432800292969
-0.0381889343261719 0.0170440673828125 -0.0207595825195313 0.0880584716796875
-0.020050048828125 0.039154052734375 -0.0100212097167969 0.0566596984863281
0.0165519714355469 0.0332603454589844 9.91821289062472E-05 0.0480308532714844
0.0305404663085937 0.00966072082519531 0.00365829467773437 0.0366363525390625
0.0272407531738281 -0.0201148986816406 0.00780677795410156 0.0337963104248047
0.0145950317382813 -0.0301513671875 0.00983428955078125 0.04083251953125
0.0115070343017578 -0.0302848815917969 0.00669097900390625 0.0466690063476563
0.0108489990234375 -0.0398025512695313 0.000518798828124997 0.0571823120117188
0.0206832885742188 -0.0355911254882813 -0.0242843627929687 0.0550537109375
0.0404052734375 -0.01947021484375 -0.0386199951171875 0.0391120910644531
0.0423660278320313 0.0101242065429688 -0.0399055480957031 0.00549316406250001
0.0119895935058594 0.0489234924316406 -0.0199546813964844 -0.0146713256835937
-0.0237960815429687 0.0450630187988281 0.00181961059570312 0.0240039825439453
-0.0483512878417969 0.0163421630859375 -0.0561752319335938 0.0706939697265625
0.0265617370605469 0.0253887176513672 0.0596542358398438 -0.0743331909179688
0.0274829864501953 -0.0160369873046875 0.00727272033691406 -0.0290031433105469
0.00182151794433593 -0.0243091583251953 0.0189743041992188 0.0202102661132813
-0.0165472030639648 -0.0105018615722656 0.0536079406738281 0.00183486938476562
-0.0172615051269531 0.00341224670410156 0.0510711669921875 -0.0370445251464844
-0.0125865936279297 0.0141324996948242 0.0245094299316406 -0.0638923645019531
-0.00996589660644531 0.0105123519897461 -0.00295257568359375 -0.0684700012207031
-0.0102777481079102 0.00955772399902344 -0.01031494140625 -0.0536575317382813
-0.0134220123291016 0.00879287719726563 -0.0113677978515625 -0.0469970703125
-0.015045166015625 -0.00348091125488281 -0.0056304931640625 -0.0417976379394531
-0.00649929046630859 -0.0157175064086914 -0.00368881225585938 -0.0395660400390625
0.0127792358398438 -0.0191059112548828 0.005035400390625 -0.0461502075195313
0.0318336486816406 -0.00131034851074219 0.017669677734375 -0.05413818359375
0.0361289978027344 0.024444580078125 0.0209808349609375 -0.0804367065429688
0.0216712951660156 0.042999267578125 0.0260009765625 -0.0968246459960938
0.00886154174804687 0.0614433288574219 0.0700225830078125 -0.0607452392578125
0.0295543670654297 0.0191783905029297 0.0152568817138672 -0.0216903686523438
0.0220260620117188 0.00348663330078125 0.0226573944091797 0.0266513824462891
0.0119972229003906 -0.00609779357910156 0.0595970153808594 0.00676727294921875
0.00545930862426758 -0.00742101669311523 0.0581474304199219 -0.0331649780273438
-0.00171756744384766 -0.0105628967285156 0.0299644470214844 -0.0654144287109375
-0.00776481628417969 -0.016077995300293 -0.0010986328125 -0.0693016052246094
-0.00655269622802734 -0.0149412155151367 -0.0107345581054688 -0.0514373779296875
-0.00961494445800782 -0.018951416015625 -0.0111465454101563 -0.0440711975097656
-0.00131607055664062 -0.0254802703857422 -0.008209228515625 -0.0393028259277344
0.0181331634521484 -0.0254764556884766 -0.00610923767089843 -0.0345878601074219
0.0380783081054688 -0.0105476379394531 0.00249099731445313 -0.0412559509277344
0.0421600341796875 0.0285415649414063 0.0115203857421875 -0.0467491149902344
0.0332908630371094 0.0590744018554688 0.0167350769042969 -0.0686798095703125
0.00406646728515625 0.0760574340820313 0.0227432250976562 -0.0796661376953125
-0.0130386352539063 0.0885467529296875 0.071807861328125 -0.0358657836914062
0.0225791931152344 0.0544700622558594 0.0188255310058594 -0.00416946411132812
0.0375328063964844 0.0367431640625 0.0227737426757813 0.0373344421386719
0.0418128967285156 0.00384140014648437 0.0611572265625 0.0167503356933594
0.0308570861816406 -0.0151138305664063 0.0614128112792969 -0.0224456787109375
0.0119361877441406 -0.0331478118896484 0.0346107482910156 -0.0584068298339844
-0.00315475463867188 -0.0401954650878906 0.00217056274414063 -0.0611648559570312
-0.00218963623046875 -0.0374336242675781 -0.0102310180664062 -0.0417366027832031
-0.00547027587890625 -0.0433235168457031 -0.0100898742675781 -0.0341968536376953
0.00915908813476562 -0.0449943542480469 -0.0119304656982422 -0.0293998718261719
0.0372161865234375 -0.0362968444824219 -0.0110721588134766 -0.0254554748535156
0.0583076477050781 -0.00866317749023438 -0.00432395935058594 -0.0345840454101563
0.0532379150390625 0.0488700866699219 0.00374984741210937 -0.039215087890625
0.0328292846679688 0.0829925537109375 0.012786865234375 -0.0524024963378906
-0.0105438232421875 0.0973663330078125 0.0140876770019531 -0.0536117553710937
-0.0340957641601562 0.101699829101563 0.0640335083007813 -0.00178146362304687
0.00907135009765624 0.0810394287109375 0.01666259765625 0.0193233489990234
0.0432586669921875 0.0680618286132813 0.0186424255371094 0.0488471984863281
0.0647087097167969 0.018890380859375 0.0557823181152344 0.0295562744140625
0.053314208984375 -0.0177078247070312 0.0581245422363281 -0.00701522827148438
0.0262336730957031 -0.0493316650390625 0.035980224609375 -0.043060302734375
0.00230789184570312 -0.0577507019042969 0.00550079345703125 -0.0456161499023438
0.00262832641601563 -0.053375244140625 -0.00776481628417969 -0.0257644653320313
-0.00221633911132813 -0.0617828369140625 -0.008392333984375 -0.0178680419921875
0.0156784057617188 -0.0597190856933594 -0.0153579711914062 -0.0139780044555664
0.0489768981933594 -0.0453300476074219 -0.0163564682006836 -0.0117998123168945
0.0702743530273438 -0.0100669860839844 -0.0112686157226562 -0.0250968933105469
0.060089111328125 0.059112548828125 -0.00211334228515625 -0.0316658020019531
0.0312271118164062 0.0944900512695313 0.0116214752197266 -0.0345592498779297
-0.0218582153320313 0.105316162109375 0.0032196044921875 -0.0229625701904297
-0.050079345703125 0.0966415405273438 0.0469970703125 0.0349311828613281
-0.0096282958984375 0.091888427734375 0.009185791015625 0.0452842712402344
0.0363845825195312 0.0890350341796875 0.010284423828125 0.0587654113769531
0.074066162109375 0.0347366333007813 0.0438613891601563 0.0415153503417969
0.0673179626464844 -0.0131263732910156 0.0478973388671875 0.00994110107421875
0.0373649597167969 -0.0563888549804687 0.0329971313476563 -0.0221080780029297
0.00803756713867187 -0.0664825439453125 0.00853157043457031 -0.0232963562011719
0.00686264038085937 -0.0612754821777344 -0.00441741943359375 -0.00632286071777344
0.000419616699218745 -0.0713653564453125 -0.00488662719726563 0.00186681747436523
0.01959228515625 -0.0665550231933594 -0.0171833038330078 0.00486373901367187
0.0554046630859375 -0.0482406616210938 -0.0211544036865234 0.00371170043945312
0.0741195678710938 -0.0086822509765625 -0.0178089141845703 -0.0153598785400391
0.0581741333007813 0.0639686584472656 -0.00620269775390625 -0.0250186920166016
0.0229110717773437 0.09539794921875 0.0131635665893555 -0.0154180526733398
-0.0330123901367187 0.0995407104492188 -0.008575439453125 0.00861263275146485
-0.0570297241210938 0.074127197265625 0.0254135131835937 0.0676651000976563
-0.0274505615234375 0.0824050903320313 -0.00160598754882813 0.0679512023925781
0.0184097290039063 0.0912246704101563 0.000782012939453126 0.0632667541503906
0.0658950805664063 0.0450096130371094 0.0267829895019531 0.0493507385253906
0.0678482055664062 -0.00464248657226562 0.032135009765625 0.0251274108886719
0.0420951843261719 -0.0525741577148438 0.0257110595703125 0.000522613525390622
0.0126266479492188 -0.0645103454589844 0.0102272033691406 0.00126838684082031
0.00968170166015625 -0.0599403381347656 -0.000375747680664063 0.0140085220336914
0.00384902954101562 -0.0700607299804688 -0.00230979919433594 0.0225849151611328
0.02203369140625 -0.0644149780273438 -0.0185527801513672 0.0236148834228516
0.0563125610351562 -0.0443916320800781 -0.0253715515136719 0.0176296234130859
0.0706710815429688 -0.0032958984375 -0.0243396759033203 -0.00615692138671875
0.0478477478027344 0.0648689270019531 -0.0101661682128906 -0.0189571380615234
0.00820159912109375 0.0871124267578125 0.0126848220825195 0.00118541717529297
-0.0418853759765625 0.0815963745117188 -0.0219688415527344 0.0370826721191406
-0.0520973205566406 0.0382118225097656 0.00299835205078125 0.0903472900390625
-0.0365943908691406 0.0544853210449219 -0.01361083984375 0.0824813842773438
-0.0018157958984375 0.0723342895507813 -0.00670242309570312 0.0620460510253906
0.0443878173828125 0.0438346862792969 0.0105018615722656 0.0508460998535156
0.0537986755371094 0.00327682495117188 0.0161933898925781 0.0335731506347656
0.0378646850585938 -0.0395736694335938 0.0165328979492188 0.0202445983886719
0.0144996643066406 -0.0514183044433594 0.0104312896728516 0.0240268707275391
0.0111846923828125 -0.0488357543945313 0.00394248962402344 0.0327510833740234
0.00699996948242187 -0.0589027404785156 0.000736236572265621 0.041534423828125
0.0221443176269531 -0.0537261962890625 -0.0203971862792969 0.0408172607421875
0.0511436462402344 -0.0341911315917969 -0.0311412811279297 0.0301418304443359
0.0597686767578125 0.00382232666015625 -0.0315113067626953 0.000921249389648433
0.0313682556152344 0.0602226257324219 -0.0144281387329102 -0.0155525207519531
-0.00864791870117187 0.070281982421875 0.00980377197265625 0.0153703689575195
-0.0481910705566406 0.0523948669433594 -0.0381851196289062 0.0585708618164063
-0.0393753051757813 -0.00412750244140625 -0.0118255615234375 0.100006103515625
-0.0377960205078125 0.0172386169433594 -0.019500732421875 0.0867080688476562
-0.0193634033203125 0.0395927429199219 -0.00994491577148438 0.0566940307617187
0.0167293548583984 0.0327358245849609 -0.000358581542968748 0.0484657287597656
0.0298976898193359 0.00903892517089844 0.00428009033203125 0.0370063781738281
0.0265712738037109 -0.0203037261962891 0.00885200500488281 0.0334014892578125
0.0137100219726562 -0.0300884246826172 0.010589599609375 0.0402336120605469
0.0113124847412109 -0.0302886962890625 0.00706863403320312 0.0461349487304688
0.00924301147460938 -0.0395851135253906 0.00131607055664063 0.0564002990722656
0.0195274353027344 -0.035736083984375 -0.0234413146972656 0.0542869567871094
0.0396575927734375 -0.0201377868652344 -0.037750244140625 0.0383987426757813
0.0425491333007813 0.0089111328125 -0.0395736694335938 0.00518798828125
0.0125389099121094 0.0483322143554687 -0.0197181701660156 -0.0144672393798828
-0.0233535766601563 0.0444564819335937 0.00184249877929687 0.0234584808349609
-0.0475578308105469 0.0164031982421875 -0.0544319152832031 0.069610595703125
0.0272293090820312 0.0268115997314453 0.0597915649414063 -0.0742568969726563
0.0281810760498047 -0.0158729553222656 0.00629997253417969 -0.0290431976318359
0.00202560424804687 -0.0251789093017578 0.0190906524658203 0.0210018157958984
-0.0164766311645508 -0.0109577178955078 0.0543441772460938 0.0028839111328125
-0.0179023742675781 0.0035247802734375 0.05181884765625 -0.037017822265625
-0.0131597518920898 0.0145196914672852 0.0253562927246094 -0.0641212463378906
-0.00982475280761719 0.0109186172485352 -0.00284194946289063 -0.0688323974609375
-0.00995445251464844 0.00984096527099609 -0.0102958679199219 -0.0540008544921875
-0.0132331848144531 0.00902462005615234 -0.0120086669921875 -0.0470542907714844
-0.0154743194580078 -0.00274848937988281 -0.00612258911132813 -0.0420722961425781
-0.00677108764648438 -0.0156011581420898 -0.00371551513671875 -0.0401611328125
0.0129776000976563 -0.0194187164306641 0.00572586059570313 -0.0477409362792969
0.0324878692626953 -0.0014190673828125 0.0191574096679688 -0.0554313659667969
0.0367813110351563 0.0242347717285156 0.0219650268554688 -0.0810699462890625
0.0224494934082031 0.0438995361328125 0.0265274047851563 -0.0981216430664062
0.00937652587890624 0.0631065368652344 0.0706634521484375 -0.0611038208007813
0.0290126800537109 0.0191383361816406 0.0146903991699219 -0.0215473175048828
0.0224342346191406 0.00282478332519531 0.0225944519042969 0.0280418395996094
0.0118160247802734 -0.00679206848144531 0.0602302551269531 0.00762939453125
0.00500202178955078 -0.00766515731811523 0.0589828491210938 -0.032623291015625
-0.00260734558105469 -0.0101289749145508 0.0307235717773438 -0.0652122497558594
-0.00831985473632812 -0.0159473419189453 -0.000991821289062505 -0.0698204040527344
-0.00673294067382812 -0.0149288177490234 -0.0107879638671875 -0.051483154296875
-0.00940132141113281 -0.0187549591064453 -0.0114974975585938 -0.044677734375
-0.00164985656738281 -0.0252799987792969 -0.00844955444335938 -0.0397796630859375
0.0176715850830078 -0.0254726409912109 -0.00621795654296875 -0.0359153747558594
0.0384597778320313 -0.0109748840332031 0.00297927856445313 -0.0427627563476563
0.0428123474121094 0.0291900634765625 0.0130195617675781 -0.0481071472167969
0.0338096618652344 0.0592308044433594 0.0174903869628906 -0.0697517395019531
0.00378417968750001 0.0772476196289062 0.0229415893554688 -0.0807647705078125
-0.012481689453125 0.0904006958007813 0.0722579956054687 -0.0362701416015625
0.0222244262695312 0.0544586181640625 0.0178699493408203 -0.00482940673828125
0.038421630859375 0.0365219116210938 0.022430419921875 0.0387954711914063
0.0418586730957031 0.00389480590820313 0.0620040893554687 0.0179786682128906
0.03082275390625 -0.0155067443847656 0.0624923706054688 -0.0221900939941406
0.0114479064941406 -0.0331783294677734 0.0352516174316406 -0.0585060119628906
-0.0037689208984375 -0.0404014587402344 0.00217437744140625 -0.0618553161621094
-0.00162887573242188 -0.0370941162109375 -0.00966262817382813 -0.0416526794433594
-0.00592041015625 -0.0437431335449219 -0.0108413696289062 -0.0342559814453125
0.0083770751953125 -0.0450553894042969 -0.0123710632324219 -0.0298080444335938
0.0366592407226563 -0.0363082885742188 -0.0117473602294922 -0.0261363983154297
0.0585861206054688 -0.00880813598632813 -0.003997802734375 -0.0359954833984375
0.053863525390625 0.0492897033691406 0.00503540039062501 -0.0405044555664063
0.032928466796875 0.0835952758789063 0.013641357421875 -0.0536041259765625
-0.0112838745117188 0.0987777709960938 0.0138664245605469 -0.0540542602539063
-0.0346908569335938 0.1026611328125 0.0642929077148438 -0.00181198120117187
0.00823211669921875 0.0811386108398438 0.0155429840087891 0.0188465118408203
0.0444107055664062 0.0687789916992188 0.0178184509277344 0.0505256652832031
0.0651359558105469 0.0185928344726562 0.0562973022460938 0.0311927795410156
0.054168701171875 -0.0174598693847656 0.0596046447753906 -0.00614166259765625
0.0250320434570313 -0.0496978759765625 0.0365180969238281 -0.0433235168457031
0.00184249877929688 -0.057891845703125 0.00549697875976563 -0.0458564758300781
0.00274658203125 -0.0537948608398438 -0.00778961181640625 -0.0256500244140625
-0.00307846069335938 -0.0617790222167969 -0.00914955139160156 -0.0179862976074219
0.0152397155761719 -0.0598220825195313 -0.0160789489746094 -0.0141439437866211
0.0487022399902344 -0.0457649230957031 -0.01727294921875 -0.0123567581176758
0.07080078125 -0.0102691650390625 -0.0116214752197266 -0.0261688232421875
0.0614128112792969 0.0595779418945313 -0.00142288208007812 -0.0327892303466797
0.0315322875976562 0.095001220703125 0.0122909545898438 -0.0349388122558594
-0.0226593017578125 0.1064453125 0.00289154052734375 -0.02337646484375
-0.0506210327148437 0.0971832275390625 0.0471839904785156 0.0349464416503906
-0.010406494140625 0.0921478271484375 0.0079498291015625 0.0450897216796875
0.0369415283203125 0.0899810791015625 0.00928878784179688 0.060394287109375
0.0742111206054687 0.0345306396484375 0.0440292358398438 0.0439262390136719
0.0682334899902344 -0.0130996704101562 0.0494041442871094 0.0111236572265625
0.0368537902832031 -0.0566368103027344 0.0334548950195313 -0.0224838256835938
0.00756835937500001 -0.0671539306640625 0.00839614868164063 -0.0233554840087891
0.00691986083984374 -0.0616493225097656 -0.00446748733520508 -0.00619745254516602
-0.000198364257812507 -0.071868896484375 -0.00578832626342773 0.00148582458496093
0.018829345703125 -0.0664825439453125 -0.0177898406982422 0.00438117980957031
0.0550651550292969 -0.0490646362304688 -0.0216484069824219 0.00269508361816406
0.074737548828125 -0.008758544921875 -0.0181941986083984 -0.0161991119384766
0.0592994689941406 0.0642623901367188 -0.00592803955078125 -0.0256614685058594
0.0230331420898438 0.096038818359375 0.0136632919311523 -0.0162296295166016
-0.0336456298828125 0.100982666015625 -0.00917339324951172 0.00814437866210938
-0.0579757690429688 0.0748977661132812 0.0254669189453125 0.0681304931640625
-0.0283203125 0.0825347900390625 -0.00284957885742188 0.0680427551269531
0.0191650390625 0.0926742553710938 -0.000579833984374995 0.0650177001953125
0.0664825439453125 0.0450897216796875 0.026580810546875 0.0515861511230469
0.0681266784667969 -0.00421524047851563 0.0335884094238281 0.0260734558105469
0.0418319702148438 -0.053009033203125 0.0264625549316406 0.000331878662109372
0.0122489929199219 -0.0647850036621094 0.0103073120117188 0.000946998596191402
0.00959396362304687 -0.0605278015136719 -0.000418663024902344 0.014434814453125
0.00318908691406251 -0.0708999633789063 -0.00281143188476563 0.0223636627197266
0.0211563110351563 -0.0645713806152344 -0.0192642211914063 0.0234966278076172
0.0557212829589844 -0.044952392578125 -0.0260944366455078 0.017333984375
0.071258544921875 -0.0035247802734375 -0.0244235992431641 -0.00705528259277344
0.0486907958984375 0.0655250549316406 -0.00942039489746093 -0.0197792053222656
0.00847625732421876 0.0878753662109375 0.0132761001586914 0.00048446655273438
-0.042999267578125 0.0820465087890625 -0.0230255126953125 0.0369529724121094
-0.0527534484863281 0.0383338928222656 0.00319671630859375 0.0908203125
-0.0373725891113281 0.0546798706054688 -0.0138168334960937 0.0825576782226563
-0.0017547607421875 0.0732879638671875 -0.00839233398437501 0.0633392333984375
0.045013427734375 0.0444602966308594 0.0102348327636719 0.0531425476074219
0.0546760559082031 0.0037384033203125 0.0170097351074219 0.0349826812744141
0.0379219055175781 -0.0400810241699219 0.0171871185302734 0.0201568603515625
0.01416015625 -0.0519828796386719 0.0108566284179688 0.0237979888916016
0.0111579895019531 -0.0495719909667969 0.00397300720214844 0.0329627990722656
0.00647735595703125 -0.0597686767578125 -7.62939453124674E-06 0.0418930053710938
0.0215415954589844 -0.0542526245117188 -0.0208206176757813 0.0415382385253906
0.0509262084960938 -0.0349845886230469 -0.0314006805419922 0.0295143127441406
0.0603103637695312 0.00365447998046875 -0.0316486358642578 0.000289916992187494
0.0315437316894531 0.0610694885253906 -0.0137748718261719 -0.0158443450927734
-0.0086517333984375 0.07086181640625 0.0101852416992188 0.0149326324462891
-0.0487060546875 0.0531501770019531 -0.0387802124023438 0.0589027404785156
-0.0397224426269531 -0.00475692749023437 -0.0115280151367188 0.100486755371094
-0.0384178161621094 0.0170440673828125 -0.020355224609375 0.087432861328125
-0.01885986328125 0.040740966796875 -0.0116844177246094 0.0573577880859375
0.0171947479248047 0.0335197448730469 -0.000732421875000001 0.0500907897949219
0.0304832458496094 0.009613037109375 0.00482559204101563 0.0380592346191406
0.0268173217773438 -0.0205631256103516 0.00977706909179688 0.0334510803222656
0.0136489868164063 -0.0310955047607422 0.0111083984375 0.0402755737304687
0.011077880859375 -0.0311946868896484 0.00694274902343751 0.0465850830078125
0.00868988037109375 -0.0397453308105469 0.000827789306640627 0.0562973022460938
0.0191116333007813 -0.036285400390625 -0.0238876342773438 0.0541343688964844
0.0401878356933594 -0.0212287902832031 -0.0380401611328125 0.0378799438476563
0.0430374145507813 0.00928878784179688 -0.0397224426269531 0.00467681884765624
0.0125694274902344 0.0488204956054688 -0.0195732116699219 -0.0148448944091797
-0.0236625671386719 0.0448722839355469 0.00276756286621093 0.022918701171875
-0.0482215881347656 0.0170402526855469 -0.0549736022949219 0.0695075988769531
0.0294284820556641 0.0281581878662109 0.0615463256835938 -0.0768890380859375
0.0284042358398438 -0.0170078277587891 0.00506591796875 -0.0303058624267578
0.00130844116210937 -0.0267047882080078 0.0202369689941406 0.0224285125732422
-0.0173091888427734 -0.0114860534667969 0.0564231872558594 0.00240325927734375
-0.0187301635742188 0.0039520263671875 0.0538215637207031 -0.0381240844726563
-0.0133609771728516 0.0159006118774414 0.0261650085449219 -0.0662002563476563
-0.010066032409668 0.012425422668457 -0.00393676757812501 -0.0712356567382813
-0.00993061065673828 0.0102615356445313 -0.0110664367675781 -0.0555305480957031
-0.0131959915161133 0.0102005004882813 -0.0127143859863281 -0.0481643676757813
-0.0155515670776367 -0.00200653076171875 -0.00671768188476562 -0.0433540344238281
-0.00737953186035157 -0.0161151885986328 -0.00445556640625 -0.0422096252441406
0.0130519866943359 -0.020782470703125 0.00564956665039063 -0.0503730773925781
0.0335922241210938 -0.00215911865234375 0.0209922790527344 -0.0580787658691406
0.0383529663085938 0.0246696472167969 0.0222320556640625 -0.084869384765625
0.0236930847167969 0.0457000732421875 0.0266265869140625 -0.102180480957031
0.0108909606933594 0.0659446716308594 0.0723419189453125 -0.06341552734375
0.0302276611328125 0.0192794799804688 0.0134162902832031 -0.0226573944091797
0.0232105255126953 0.00225257873535156 0.0238056182861328 0.0298213958740234
0.0123424530029297 -0.00746917724609375 0.0626792907714844 0.00827789306640625
0.00538301467895508 -0.00809288024902344 0.061004638671875 -0.0344200134277344
-0.0031280517578125 -0.0100250244140625 0.0320167541503906 -0.0680389404296875
-0.0088043212890625 -0.0157289505004883 -0.00168609619140625 -0.0723419189453125
-0.00670719146728516 -0.0148525238037109 -0.0116424560546875 -0.052886962890625
-0.00963592529296875 -0.0187225341796875 -0.0124320983886719 -0.0459251403808594
-0.00202751159667969 -0.0248031616210938 -0.00960922241210938 -0.0409507751464844
0.0172386169433594 -0.0257530212402344 -0.00685882568359375 -0.0376052856445313
0.0392112731933594 -0.011749267578125 0.00315475463867188 -0.0453071594238281
0.0449409484863281 0.0296478271484375 0.0143623352050781 -0.0504989624023438
0.0356559753417969 0.0609169006347656 0.0175094604492188 -0.0724105834960938
0.004638671875 0.0805816650390625 0.0231552124023438 -0.0844573974609375
-0.0123214721679688 0.0941619873046875 0.0741348266601562 -0.0380630493164062
0.023040771484375 0.0559043884277344 0.0168628692626953 -0.00538825988769531
0.0402450561523438 0.0373992919921875 0.0232086181640625 0.0411872863769531
0.0430335998535156 0.00313949584960938 0.0643539428710938 0.0190925598144531
0.0317478179931641 -0.0165138244628906 0.0653648376464844 -0.0229263305664063
0.0107498168945313 -0.033660888671875 0.036224365234375 -0.0612258911132812
-0.00484848022460938 -0.0410270690917969 0.0016937255859375 -0.0641746520996094
-0.00220870971679687 -0.0384635925292969 -0.0102081298828125 -0.0426483154296875
-0.00677108764648438 -0.0444755554199219 -0.0120124816894531 -0.035247802734375
0.00809860229492188 -0.0457229614257813 -0.0139923095703125 -0.0309047698974609
0.0368385314941406 -0.037841796875 -0.0125656127929687 -0.0279045104980469
0.0603790283203125 -0.0100784301757813 -0.00410079956054687 -0.0380477905273437
0.0566177368164063 0.0505218505859375 0.00609207153320312 -0.0428047180175781
0.0351791381835937 0.0856399536132813 0.0138320922851563 -0.0558815002441406
-0.0107345581054687 0.103073120117187 0.01397705078125 -0.0567626953125
-0.03497314453125 0.107307434082031 0.0662117004394531 -0.00219726562499999
0.0081634521484375 0.0838394165039062 0.0151805877685547 0.0191993713378906
0.0471038818359375 0.070404052734375 0.0178985595703125 0.0537605285644531
0.0671310424804688 0.0185966491699219 0.0587348937988281 0.0333747863769531
0.0555229187011719 -0.0186920166015625 0.0628700256347656 -0.0063323974609375
0.0251502990722656 -0.0508651733398438 0.0382080078125 -0.0454025268554688
0.000640869140625004 -0.0596466064453125 0.005615234375 -0.0474205017089844
0.00217056274414062 -0.0553932189941406 -0.00828170776367188 -0.0261402130126953
-0.00402450561523437 -0.0636787414550781 -0.0103492736816406 -0.0184211730957031
0.0143775939941406 -0.0613212585449219 -0.0172176361083984 -0.0147686004638672
0.049407958984375 -0.047637939453125 -0.0184192657470703 -0.013885498046875
0.0727462768554688 -0.011322021484375 -0.0115127563476562 -0.0285072326660156
0.0640525817871094 0.0611152648925781 -0.000791549682617182 -0.0345802307128906
0.0340576171875 0.0971221923828125 0.013092041015625 -0.0372772216796875
-0.0232925415039063 0.110984802246094 0.00278282165527343 -0.0246791839599609
-0.0523834228515625 0.101646423339844 0.0486640930175781 0.0356559753417969
-0.0112380981445312 0.0952224731445313 0.00783920288085937 0.045562744140625
0.03997802734375 0.0933914184570313 0.00863647460937501 0.0640640258789063
0.0768203735351563 0.0352554321289063 0.0455436706542969 0.0465087890625
0.0704879760742188 -0.0137252807617188 0.0523796081542969 0.01177978515625
0.0373573303222656 -0.05889892578125 0.0352630615234375 -0.0238418579101563
0.00654983520507813 -0.0691871643066406 0.00835037231445313 -0.0245590209960938
0.00640487670898438 -0.0639495849609375 -0.00452184677124023 -0.00571107864379883
-0.00165557861328125 -0.07354736328125 -0.00681114196777344 0.00198936462402343
0.0178565979003906 -0.0685310363769531 -0.0189380645751953 0.00464057922363281
0.0558242797851562 -0.0513572692871094 -0.0226268768310547 0.00222587585449219
0.076995849609375 -0.010101318359375 -0.0185413360595703 -0.0175590515136719
0.0621185302734375 0.0663299560546875 -0.00510787963867187 -0.0271530151367187
0.02569580078125 0.0987701416015625 0.0144290924072266 -0.0179939270019531
-0.0340576171875 0.105094909667969 -0.00989055633544922 0.00823211669921876
-0.05963134765625 0.0779266357421875 0.0271720886230469 0.06982421875
-0.0293731689453125 0.0850982666015625 -0.00339508056640625 0.0699577331542969
0.0208358764648437 0.0959548950195312 -0.00178146362304688 0.0683174133300781
0.0684051513671875 0.0464897155761719 0.0275344848632813 0.0547065734863281
0.0709991455078125 -0.004638671875 0.0357551574707031 0.0275726318359375
0.0425224304199219 -0.0546951293945312 0.0282840728759766 -0.000186920166015628
0.0111618041992187 -0.0674819946289063 0.0108776092529297 0.000766754150390621
0.00885009765625 -0.062652587890625 -0.000504493713378907 0.0154523849487305
0.00152587890625 -0.0729141235351563 -0.00309562683105469 0.0232887268066406
0.0203590393066406 -0.0670509338378906 -0.0202083587646484 0.0242385864257813
0.0567283630371094 -0.0476226806640625 -0.0268974304199219 0.0172023773193359
0.0738754272460937 -0.00450897216796875 -0.0253028869628906 -0.00734710693359375
0.0515899658203125 0.0675086975097656 -0.00940132141113281 -0.0212364196777344
0.0098876953125 0.0907821655273437 0.0142879486083984 -8.01086425781194E-05
-0.0437469482421875 0.0858612060546875 -0.0237922668457031 0.0382843017578125
-0.0552215576171875 0.0395965576171875 0.00385284423828125 0.0938796997070313
-0.039276123046875 0.0567359924316406 -0.0149612426757812 0.0852737426757813
-0.000869750976562507 0.0766525268554688 -0.00997161865234375 0.06634521484375
0.0464096069335937 0.0454826354980469 0.0109367370605469 0.0564041137695313
0.0568199157714844 0.003662109375 0.0185546875 0.0365638732910156
0.0384750366210938 -0.0412979125976563 0.0182228088378906 0.0201759338378906
0.0137252807617187 -0.0542984008789063 0.0117168426513672 0.0243797302246094
0.0107421875 -0.051666259765625 0.00432205200195313 0.0346412658691406
0.00494766235351563 -0.0618324279785156 -6.86645507812523E-05 0.0428390502929687
0.0211448669433594 -0.0563735961914063 -0.0216827392578125 0.0423088073730469
0.052154541015625 -0.0370712280273438 -0.032501220703125 0.0302486419677734
0.0629310607910156 0.00296401977539063 -0.0324001312255859 0.000211715698242195
0.0341224670410156 0.0632858276367188 -0.0140352249145508 -0.016632080078125
-0.00804138183593751 0.07318115234375 0.0116415023803711 0.014887809753418
-0.050506591796875 0.0553131103515625 -0.0394287109375 0.0609397888183594
-0.0413284301757812 -0.00484466552734374 -0.0111160278320313 0.103965759277344
-0.0398979187011719 0.0180625915527344 -0.0208892822265625 0.09039306640625
-0.0195426940917969 0.04290771484375 -0.0128059387207031 0.0599937438964844
0.0182666778564453 0.0345993041992188 -0.00100326538085937 0.0532035827636719
0.03204345703125 0.00952529907226562 0.00583648681640625 0.0402297973632812
0.0275325775146484 -0.0216293334960938 0.0106678009033203 0.0345745086669922
0.0135841369628906 -0.0324134826660156 0.0122413635253906 0.0410385131835938
0.0113258361816406 -0.0325107574462891 0.00736236572265625 0.0480766296386719
0.00861358642578125 -0.0415000915527344 0.000885009765625 0.0581016540527344
0.0192298889160156 -0.0382118225097656 -0.0244712829589844 0.055938720703125
0.041412353515625 -0.0225410461425781 -0.0391807556152344 0.0386924743652344
0.0450019836425781 0.00873565673828125 -0.0410423278808594 0.00482559204101563
0.0139617919921875 0.0510482788085938 -0.0202140808105469 -0.0159091949462891
-0.0245285034179688 0.0469398498535156 0.00369071960449218 0.0234565734863281
-0.0499763488769531 0.0176544189453125 -0.0563201904296875 0.0717544555664063
0.0332889556884766 0.0286083221435547 0.0617599487304688 -0.0822677612304688
0.0289821624755859 -0.0189304351806641 0.00358390808105469 -0.0310764312744141
0.000391006469726564 -0.0287189483642578 0.0226325988769531 0.0235748291015625
-0.01873779296875 -0.0118465423583984 0.0590934753417969 0.00135421752929687
-0.0197696685791016 0.00464439392089843 0.0546340942382813 -0.0413742065429688
-0.013218879699707 0.017547607421875 0.0256233215332031 -0.0692672729492187
-0.0097494125366211 0.0134820938110352 -0.00605010986328126 -0.0738906860351563
-0.00964832305908203 0.0113649368286133 -0.0130538940429687 -0.0576057434082031
-0.0129261016845703 0.0115461349487305 -0.0151557922363281 -0.0500373840332031
-0.0161666870117188 -0.000953674316406251 -0.00849151611328125 -0.0456886291503906
-0.0087890625 -0.0157699584960938 -0.00577926635742188 -0.0445404052734375
0.0125007629394531 -0.0221023559570313 0.00467681884765625 -0.0540809631347656
0.0355110168457031 -0.0038299560546875 0.0208892822265625 -0.0618972778320313
0.0411872863769531 0.02447509765625 0.0213088989257812 -0.089141845703125
0.0269737243652344 0.0474357604980469 0.0243453979492188 -0.108001708984375
0.0146560668945313 0.0691642761230469 0.0736236572265625 -0.0685958862304688
0.0319175720214844 0.0189361572265625 0.0118484497070312 -0.0240974426269531
0.024810791015625 0.00120925903320313 0.0257530212402344 0.0312747955322266
0.0125722885131836 -0.00858497619628906 0.0660591125488281 0.00730514526367188
0.00461006164550781 -0.00837898254394531 0.0634574890136719 -0.03729248046875
-0.00394153594970703 -0.00935745239257812 0.031280517578125 -0.0718460083007813
-0.0102472305297852 -0.0154819488525391 -0.00384521484375 -0.07501220703125
-0.00738716125488282 -0.0151653289794922 -0.0137138366699219 -0.0549087524414062
-0.0109348297119141 -0.0185928344726562 -0.0149879455566406 -0.0475196838378906
-0.00301933288574219 -0.0251388549804687 -0.0115242004394531 -0.0425262451171875
0.0168933868408203 -0.0273208618164063 -0.0086822509765625 -0.0395431518554688
0.0402412414550781 -0.0140342712402344 0.00200653076171875 -0.0487480163574219
0.0483283996582031 0.029296875 0.0146865844726562 -0.0544662475585937
0.0397796630859375 0.061859130859375 0.0166549682617188 -0.07696533203125
0.00776672363281251 0.0846176147460938 0.02093505859375 -0.089447021484375
-0.0093231201171875 0.09954833984375 0.07635498046875 -0.0417327880859375
0.025482177734375 0.0577239990234375 0.0162649154663086 -0.00626659393310547
0.0438919067382813 0.0374259948730469 0.0252571105957031 0.0437431335449219
0.0446548461914063 0.00118637084960938 0.06793212890625 0.0192832946777344
0.0323619842529297 -0.0180835723876953 0.06866455078125 -0.0260124206542969
0.00963401794433594 -0.0349006652832031 0.0368118286132813 -0.0647735595703125
-0.00672531127929687 -0.0425872802734375 -0.000389099121093743 -0.0669059753417969
-0.003662109375 -0.0399665832519531 -0.0120048522949219 -0.0436515808105469
-0.00868988037109375 -0.0455169677734375 -0.014129638671875 -0.0363311767578125
0.00682449340820312 -0.0471839904785156 -0.0160121917724609 -0.0315761566162109
0.0365486145019531 -0.0403861999511719 -0.0146465301513672 -0.0288658142089844
0.0623054504394531 -0.0124664306640625 -0.00497817993164062 -0.0413131713867188
0.0618095397949219 0.0506134033203125 0.00637054443359375 -0.0459632873535156
0.0400314331054688 0.0877304077148438 0.0133285522460938 -0.0594291687011719
-0.00797271728515624 0.108734130859375 0.0125198364257812 -0.0602302551269531
-0.0330276489257813 0.114219665527344 0.0694160461425781 -0.00462341308593749
0.0106964111328125 0.08758544921875 0.0148792266845703 0.0190753936767578
0.0520782470703125 0.072479248046875 0.0197944641113281 0.0572052001953125
0.0706863403320313 0.01666259765625 0.0627403259277344 0.0345802307128906
0.0574111938476563 -0.0211944580078125 0.0669937133789063 -0.0081634521484375
0.0240402221679688 -0.0535812377929688 0.0390167236328125 -0.0488662719726563
-0.00205230712890624 -0.0622901916503906 0.00402069091796875 -0.0500221252441406
0.000183105468749994 -0.0579719543457031 -0.00936317443847656 -0.0266666412353516
-0.00654220581054687 -0.0653305053710937 -0.0117626190185547 -0.0189895629882813
0.0124473571777344 -0.0636482238769531 -0.0189304351806641 -0.0150032043457031
0.0492706298828125 -0.051483154296875 -0.0198421478271484 -0.0145282745361328
0.0755996704101563 -0.0143280029296875 -0.0130939483642578 -0.0305900573730469
0.0699577331542969 0.06170654296875 -0.000568389892578118 -0.0377120971679687
0.0393829345703125 0.100074768066406 0.0126380920410156 -0.0399398803710938
-0.0206451416015625 0.117805480957031 0.00156784057617187 -0.0259666442871094
-0.0516510009765625 0.108467102050781 0.0522651672363281 0.0354156494140625
-0.00967407226562501 0.0998992919921875 0.00820541381835937 0.0472030639648438
0.0452651977539063 0.0966262817382813 0.00989913940429687 0.0685462951660156
0.0812301635742188 0.034332275390625 0.0492630004882813 0.0488014221191406
0.0737838745117187 -0.0166397094726562 0.0566291809082031 0.0117263793945313
0.0361785888671875 -0.0623703002929688 0.0361976623535156 -0.0265693664550781
0.00355529785156251 -0.07257080078125 0.00802993774414063 -0.0261859893798828
0.00397109985351563 -0.0673599243164063 -0.00503730773925781 -0.00532960891723633
-0.005157470703125 -0.0761566162109375 -0.00788021087646484 0.0021824836730957
0.0156784057617187 -0.0717239379882813 -0.0206012725830078 0.00538253784179687
0.0556488037109375 -0.0557632446289062 -0.0242481231689453 0.00212478637695312
0.0799560546875 -0.0131759643554688 -0.0199623107910156 -0.0192413330078125
0.0682945251464844 0.06683349609375 -0.00523567199707031 -0.0293235778808594
0.02996826171875 0.101959228515625 0.0148410797119141 -0.0197219848632812
-0.032379150390625 0.1114501953125 -0.0102481842041016 0.00918006896972657
-0.0604934692382813 0.08355712890625 0.0303115844726562 0.0719451904296875
-0.02899169921875 0.0899276733398438 -0.002471923828125 0.072052001953125
0.0251312255859375 0.100486755371094 -0.000846862792968746 0.0726242065429688
0.0734329223632813 0.0462188720703125 0.0303878784179688 0.0577507019042969
0.0745697021484375 -0.00705718994140625 0.0395088195800781 0.0283584594726563
0.0420379638671875 -0.0584716796875 0.0297412872314453 -0.00160598754882813
0.008819580078125 -0.0711669921875 0.0110540390014648 0.000476837158203121
0.00775527954101563 -0.0667572021484375 9.63211059570321E-05 0.0163593292236328
-0.00162506103515625 -0.0759201049804688 -0.00337600708007813 0.0244503021240234
0.0180397033691406 -0.0702056884765625 -0.0214099884033203 0.0256290435791016
0.0568199157714844 -0.0519180297851563 -0.0280189514160156 0.0182476043701172
0.0767135620117187 -0.0075836181640625 -0.0267105102539062 -0.0078277587890625
0.0566940307617188 0.0687828063964844 -0.0100421905517578 -0.0223026275634766
0.013397216796875 0.093994140625 0.0155677795410156 -0.00154876708984374
-0.0430450439453125 0.09173583984375 -0.0236129760742188 0.0407142639160156
-0.0565338134765625 0.0434684753417969 0.00718688964843749 0.09783935546875
-0.0397911071777344 0.0604133605957031 -0.0133895874023438 0.0888519287109375
0.0013580322265625 0.0808792114257813 -0.00983428955078125 0.0708084106445313
0.0505599975585938 0.0465164184570313 0.0129661560058594 0.059814453125
0.0595550537109375 0.00210189819335938 0.0213279724121094 0.0386314392089844
0.0385246276855469 -0.0448989868164063 0.0202808380126953 0.0202541351318359
0.0119285583496094 -0.0577239990234375 0.01318359375 0.0246162414550781
0.00980377197265625 -0.0548477172851562 0.00527191162109375 0.0364265441894531
0.00271224975585937 -0.06427001953125 0.000373840332031249 0.0445137023925781
0.0192031860351563 -0.0598907470703125 -0.0219650268554688 0.0449943542480469
0.0526885986328125 -0.0407028198242188 -0.0333709716796875 0.0317459106445312
0.0659637451171875 0.00057220458984375 -0.0341339111328125 0.00031471252441407
0.0381584167480469 0.065338134765625 -0.014801025390625 -0.0176296234130859
-0.00601959228515626 0.076873779296875 0.0131597518920898 0.0142707824707031
-0.0510978698730469 0.0598182678222656 -0.0392990112304688 0.0646553039550781
-0.0432510375976563 -0.00365829467773438 -0.00794219970703126 0.10888671875
-0.0416107177734375 0.0201148986816406 -0.0192413330078125 0.0947418212890625
-0.0184707641601563 0.0463066101074219 -0.0126419067382812 0.0640678405761719
0.0208168029785156 0.0355987548828125 0.000602722167968746 0.0572547912597656
0.0343704223632812 0.00903129577636719 0.00795745849609375 0.042755126953125
0.0277309417724609 -0.0235843658447266 0.0129127502441406 0.0355987548828125
0.0128841400146484 -0.0348949432373047 0.0143280029296875 0.0424003601074219
0.0101737976074219 -0.034820556640625 0.00923538208007812 0.05010986328125
0.00704193115234375 -0.0436325073242188 0.00247192382812501 0.0604972839355469
0.01800537109375 -0.0408935546875 -0.0245704650878906 0.058990478515625
0.0424842834472656 -0.0254440307617188 -0.03985595703125 0.0406990051269531
0.0477714538574219 0.0079345703125 -0.0425910949707031 0.00553131103515625
0.0163612365722656 0.05364990234375 -0.0211009979248047 -0.0163917541503906
-0.0243988037109375 0.0499496459960937 0.00553512573242187 0.0238189697265625
-0.0517234802246094 0.0202598571777344 -0.0565338134765625 0.0773468017578125
0.036895751953125 0.0277175903320312 0.0589141845703125 -0.0886306762695313
0.0292987823486328 -0.0216083526611328 0.000577926635742192 -0.0315151214599609
-0.00161552429199219 -0.0304355621337891 0.0245933532714844 0.0239086151123047
-0.0206947326660156 -0.0113849639892578 0.0613899230957031 -0.00165557861328125
-0.0205821990966797 0.00605964660644532 0.0546226501464844 -0.0455207824707031
-0.0124244689941406 0.0196571350097656 0.0234222412109375 -0.0728225708007812
-0.00909519195556641 0.0155429840087891 -0.0104141235351563 -0.07562255859375
-0.00876331329345703 0.0128984451293945 -0.016754150390625 -0.05859375
-0.0118570327758789 0.0128078460693359 -0.0189285278320313 -0.0504379272460938
-0.0167064666748047 0.000843048095703121 -0.0118293762207031 -0.0464324951171875
-0.0105791091918945 -0.0153512954711914 -0.00873947143554688 -0.0460624694824219
0.0111122131347656 -0.02392578125 0.00206756591796875 -0.0572242736816406
0.0362167358398438 -0.00684738159179688 0.0185813903808594 -0.0667839050292969
0.0441360473632813 0.0222854614257812 0.0168685913085938 -0.0931625366210938
0.0311508178710937 0.0481414794921875 0.01849365234375 -0.1138916015625
0.0200958251953125 0.071044921875 0.0719528198242188 -0.075469970703125
0.0341091156005859 0.017791748046875 0.00926017761230469 -0.0250244140625
0.0252189636230469 -0.0009918212890625 0.0281829833984375 0.0317478179931641
0.0117921829223633 -0.0100221633911133 0.0690803527832031 0.0045166015625
0.00372314453125 -0.00920963287353516 0.0641021728515625 -0.0419540405273438
-0.00458049774169922 -0.00897979736328125 0.0289535522460938 -0.0760879516601563
-0.0112409591674805 -0.0143060684204102 -0.00847625732421874 -0.0771560668945313
-0.00834369659423828 -0.0150527954101563 -0.0167732238769531 -0.0559272766113281
-0.0120620727539062 -0.0178604125976563 -0.0187759399414063 -0.0477371215820312
-0.004638671875 -0.0247421264648438 -0.0145721435546875 -0.0434837341308594
0.0150470733642578 -0.0286865234375 -0.0116806030273438 -0.0412101745605469
0.0403175354003906 -0.0170211791992188 -0.000354766845703119 -0.0517730712890625
0.0518074035644531 0.0265617370605469 0.0125656127929688 -0.0576896667480469
0.0445671081542969 0.0607566833496094 0.0129623413085938 -0.080810546875
0.0135040283203125 0.0877532958984375 0.0161895751953125 -0.0939254760742188
-0.00252532958984376 0.104393005371094 0.0768508911132813 -0.0477371215820313
0.0292854309082031 0.0581398010253906 0.0152559280395508 -0.00762844085693359
0.0479812622070313 0.0352821350097656 0.0281295776367188 0.0449447631835938
0.0461006164550781 -0.00194168090820313 0.0719985961914063 0.0172271728515625
0.0322341918945313 -0.0205554962158203 0.07012939453125 -0.0306282043457031
0.00778579711914062 -0.036041259765625 0.0343475341796875 -0.0693550109863281
-0.010284423828125 -0.0426864624023438 -0.004486083984375 -0.0689773559570313
-0.00627899169921875 -0.0408973693847656 -0.0146942138671875 -0.0440139770507813
-0.0118370056152344 -0.0456047058105469 -0.0174942016601562 -0.0365180969238281
0.00397872924804687 -0.0484428405761719 -0.0189666748046875 -0.0320873260498047
0.0346565246582031 -0.0435409545898438 -0.0172576904296875 -0.0299034118652344
0.0636520385742188 -0.0169334411621094 -0.00766372680664062 -0.0438346862792969
0.0672149658203125 0.0484085083007813 0.00472640991210938 -0.0494766235351563
0.04705810546875 0.0875396728515625 0.0107803344726563 -0.0627670288085938
-0.00162506103515624 0.1138916015625 0.0092010498046875 -0.0629539489746094
-0.0267333984375 0.120529174804688 0.0718917846679687 -0.00897216796874999
0.0156707763671875 0.08978271484375 0.0151596069335938 0.0184650421142578
0.0587615966796875 0.071685791015625 0.0232048034667969 0.0596656799316406
0.0735092163085938 0.0126495361328125 0.0671157836914063 0.0337448120117188
0.0585594177246094 -0.0254440307617188 0.070068359375 -0.0121231079101563
0.0212669372558594 -0.0561027526855469 0.0376129150390625 -0.0529670715332031
-0.00629043579101562 -0.0636520385742188 0.000988006591796878 -0.0517692565917969
-0.00326919555664062 -0.0593719482421875 -0.0109920501708984 -0.0260982513427734
-0.0115127563476563 -0.0665359497070313 -0.014007568359375 -0.0189323425292969
0.00817108154296875 -0.0655174255371094 -0.0214271545410156 -0.0143318176269531
0.0469093322753906 -0.0557785034179687 -0.0221767425537109 -0.0142974853515625
0.0769119262695312 -0.019287109375 -0.0151557922363281 -0.0320186614990234
0.0764083862304688 0.059417724609375 -0.00197982788085937 -0.0403785705566406
0.0464401245117188 0.100341796875 0.0113182067871094 -0.0427780151367187
-0.014068603515625 0.124275207519531 -0.000133514404296877 -0.0273532867431641
-0.0464248657226562 0.115913391113281 0.0563011169433594 0.0335311889648438
-0.00508880615234374 0.103797912597656 0.00938796997070312 0.0475120544433594
0.0529937744140625 0.0972213745117188 0.0136795043945313 0.071624755859375
0.0858612060546875 0.0300674438476563 0.053924560546875 0.0495719909667969
0.0753021240234375 -0.0215225219726563 0.0601272583007813 0.00909805297851562
0.0329742431640625 -0.0660514831542969 0.0364913940429688 -0.0301933288574219
-0.00121307373046876 -0.0747756958007813 0.00630569458007812 -0.0273971557617188
7.24792480468688E-05 -0.0695838928222656 -0.00503301620483398 -0.00451850891113282
-0.0104598999023438 -0.0775299072265625 -0.00897979736328125 0.00326251983642578
0.0111923217773438 -0.0745773315429688 -0.0217323303222656 0.00671958923339843
0.0531883239746094 -0.0605201721191406 -0.0252437591552734 0.00323295593261718
0.0818405151367188 -0.0189590454101563 -0.0216140747070312 -0.0199775695800781
0.0751190185546875 0.065155029296875 -0.00669288635253906 -0.0312576293945312
0.0372467041015625 0.102745056152344 0.0144405364990234 -0.0220546722412109
-0.0269317626953125 0.118408203125 -0.0100574493408203 0.00956726074218751
-0.0576400756835938 0.0905532836914062 0.0356597900390625 0.0726470947265625
-0.0257644653320313 0.0949249267578125 0.000518798828124995 0.0745315551757813
0.0321502685546875 0.102569580078125 0.00214385986328126 0.0769271850585938
0.078460693359375 0.0439071655273438 0.0349617004394531 0.0597953796386719
0.0772628784179688 -0.0115737915039063 0.0434494018554688 0.0275802612304688
0.0390853881835938 -0.0628013610839844 0.0306301116943359 -0.00376129150390625
0.00383758544921875 -0.07379150390625 0.0114727020263672 -0.000601768493652348
0.00303268432617187 -0.0690116882324219 0.00096893310546875 0.0172939300537109
-0.00681304931640624 -0.0779190063476562 -0.00282096862792969 0.0254135131835937
0.0136795043945312 -0.0736846923828125 -0.0209293365478516 0.0279254913330078
0.0548095703125 -0.0569305419921875 -0.0283374786376953 0.0198421478271484
0.0789108276367188 -0.01263427734375 -0.0277175903320312 -0.00785255432128906
0.0634727478027344 0.0676307678222656 -0.0110282897949219 -0.0237464904785156
0.01983642578125 0.0959091186523437 0.0162982940673828 -0.00343132019042968
-0.0392379760742188 0.0982284545898438 -0.0218887329101563 0.0432815551757813
-0.0560035705566406 0.0485649108886719 0.0136795043945313 0.100341796875
-0.0384941101074219 0.0649299621582031 -0.00941467285156249 0.0919647216796875
0.00679016113281249 0.0845413208007813 -0.0067291259765625 0.0752334594726563
0.0551033020019531 0.0453681945800781 0.0168609619140625 0.0627593994140625
0.0626144409179688 -0.00106048583984375 0.0255584716796875 0.0392112731933594
0.0366439819335938 -0.048370361328125 0.0221996307373047 0.0193729400634766
0.00786590576171874 -0.0607185363769531 0.0149345397949219 0.0244178771972656
0.00624465942382812 -0.0575218200683594 0.00780868530273438 0.0375099182128906
-0.00199127197265625 -0.0662498474121094 0.00265502929687499 0.0461006164550781
0.0155677795410156 -0.062652587890625 -0.0209732055664063 0.0472183227539062
0.0516395568847656 -0.0458717346191406 -0.0326251983642578 0.0340461730957031
0.0688095092773438 -0.00373458862304688 -0.0353469848632813 0.00172805786132813
0.0437698364257813 0.0655632019042969 -0.0158596038818359 -0.0187492370605469
-0.00122833251953125 0.0793914794921875 0.0149097442626953 0.0131425857543945
-0.0495986938476563 0.0656356811523438 -0.0368881225585937 0.0688285827636719
-0.0456047058105469 -0.00154876708984375 -0.00221252441406251 0.112861633300781
-0.0425453186035156 0.02362060546875 -0.0146331787109375 0.09869384765625
-0.0164146423339844 0.0497970581054688 -0.0104484558105469 0.0679435729980469
0.0240859985351563 0.0355987548828125 0.00402069091796875 0.0602493286132813
0.0365676879882813 0.00757598876953125 0.0112800598144531 0.0444259643554688
0.0269298553466797 -0.0265617370605469 0.0159111022949219 0.0358314514160156
0.01055908203125 -0.0376052856445313 0.0175590515136719 0.0424118041992188
0.00838088989257813 -0.0373878479003906 0.01263427734375 0.0515327453613281
0.0042266845703125 -0.0458564758300781 0.00574493408203125 0.0622978210449219
0.01580810546875 -0.0437889099121094 -0.0226898193359375 0.0625114440917969
0.0420722961425781 -0.0292816162109375 -0.0393791198730469 0.0441703796386719
0.0503692626953125 0.004913330078125 -0.04388427734375 0.00779342651367188
0.0203666687011719 0.05523681640625 -0.0219974517822266 -0.0165157318115234
-0.0221748352050781 0.0531349182128906 0.00843620300292969 0.0236892700195313
-0.0524520874023438 0.0244369506835938 -0.0538330078125 0.0828323364257813
0.0401382446289062 0.0252037048339844 0.05352783203125 -0.0925445556640625
0.0273094177246094 -0.0235023498535156 -0.00245094299316406 -0.0308990478515625
-0.00418472290039063 -0.0306167602539063 0.0265045166015625 0.0233135223388672
-0.0224819183349609 -0.0105743408203125 0.0615158081054688 -0.00434112548828125
-0.0211238861083984 0.00777435302734375 0.0519790649414063 -0.0482521057128906
-0.0110130310058594 0.0214214324951172 0.0196609497070312 -0.0742950439453125
-0.00730323791503906 0.0170459747314453 -0.0149078369140625 -0.075897216796875
-0.00760459899902343 0.0138587951660156 -0.0201492309570312 -0.0574760437011719
-0.0101518630981445 0.0138397216796875 -0.0221824645996094 -0.0494194030761719
-0.0160579681396484 0.00257396697998047 -0.0154762268066406 -0.0460853576660156
-0.012115478515625 -0.0143337249755859 -0.0115547180175781 -0.0467300415039062
0.00951194763183594 -0.0251731872558594 -0.00128936767578125 -0.05859375
0.0358810424804688 -0.0096893310546875 0.0150375366210938 -0.0682907104492188
0.0456047058105469 0.0193710327148438 0.0117111206054688 -0.0945205688476563
0.035614013671875 0.046539306640625 0.0106658935546875 -0.115577697753906
0.0263938903808594 0.0701866149902344 0.0674896240234375 -0.0805130004882812
0.0351829528808594 0.0153579711914063 0.006744384765625 -0.0250186920166016
0.0252342224121094 -0.00335502624511719 0.0305938720703125 0.0313701629638672
0.0103130340576172 -0.0113430023193359 0.0698814392089844 0.00136566162109375
0.00298881530761719 -0.00944995880126953 0.0616340637207031 -0.045806884765625
-0.00512552261352539 -0.00771713256835937 0.0244522094726562 -0.0780868530273438
-0.0119552612304688 -0.0132036209106445 -0.0138473510742187 -0.0764541625976563
-0.00898933410644531 -0.0143365859985352 -0.0199546813964844 -0.0544929504394531
-0.0126361846923828 -0.0164012908935547 -0.0225410461425781 -0.0468482971191406
-0.00626945495605469 -0.0237445831298828 -0.0178794860839844 -0.0427360534667969
0.0126476287841797 -0.0291519165039063 -0.014373779296875 -0.0412864685058594
0.0392951965332031 -0.02008056640625 -0.00415420532226563 -0.0537757873535156
0.0539131164550781 0.0229110717773438 0.0096435546875 -0.0599365234375
0.048736572265625 0.0573387145996094 0.008270263671875 -0.0818634033203125
0.0202178955078125 0.0880050659179688 0.0100250244140625 -0.0960693359375
0.00476837158203125 0.105087280273438 0.0743255615234375 -0.0530624389648437
0.0327873229980469 0.0565185546875 0.01287841796875 -0.00799560546875
0.050567626953125 0.0318984985351562 0.0315284729003906 0.0448722839355469
0.0453910827636719 -0.00524520874023438 0.0741729736328125 0.0137939453125
0.0308952331542969 -0.0230960845947266 0.0692253112792969 -0.0352630615234375
0.005157470703125 -0.0360488891601563 0.030487060546875 -0.0723800659179688
-0.0134010314941406 -0.0409278869628906 -0.00917053222656251 -0.0690116882324219
-0.00861358642578125 -0.040557861328125 -0.0171432495117187 -0.0434722900390625
-0.0149116516113281 -0.0445709228515625 -0.0201187133789063 -0.035400390625
0.000595092773437501 -0.0476455688476563 -0.0215816497802734 -0.0309276580810547
0.0314865112304688 -0.0451545715332031 -0.0196819305419922 -0.0298099517822266
0.0621528625488281 -0.0209846496582031 -0.0105094909667969 -0.0450515747070313
0.0707778930664063 0.0436248779296875 0.002410888671875 -0.0508689880371094
0.0527496337890625 0.0839614868164063 0.00668716430664063 -0.0643310546875
0.00637054443359375 0.115104675292969 0.00504684448242188 -0.0644874572753906
-0.0185470581054688 0.123283386230469 0.0715408325195313 -0.0139923095703125
0.0209503173828125 0.08953857421875 0.0146198272705078 0.0176792144775391
0.0639686584472656 0.0678672790527344 0.0269699096679688 0.0599288940429688
0.0741500854492188 0.00757598876953125 0.0698165893554688 0.0310096740722656
0.0572395324707031 -0.0291252136230469 0.0705184936523437 -0.0161895751953125
0.0173721313476562 -0.0568962097167969 0.0344619750976563 -0.0559043884277344
-0.010955810546875 -0.0627403259277344 -0.00230026245117187 -0.0521011352539063
-0.00698471069335937 -0.0593910217285156 -0.0123367309570312 -0.0252838134765625
-0.0159492492675781 -0.0651969909667969 -0.0160541534423828 -0.0176544189453125
0.00357818603515625 -0.0651473999023438 -0.0229701995849609 -0.0127925872802734
0.0426673889160156 -0.0585289001464844 -0.023590087890625 -0.0137939453125
0.0758895874023438 -0.0246658325195313 -0.0175609588623047 -0.0328731536865234
0.080780029296875 0.0540237426757813 -0.00416946411132812 -0.0413627624511719
0.0530319213867188 0.0968017578125 0.00817871093750001 -0.0440406799316406
-0.0063018798828125 0.126251220703125 -0.00211715698242188 -0.0275802612304687
-0.0389862060546875 0.11944580078125 0.058837890625 0.0296478271484375
0.00100708007812499 0.1048583984375 0.01123046875 0.0468864440917969
0.0595016479492187 0.0940933227539063 0.0176467895507813 0.072998046875
0.08819580078125 0.0250167846679688 0.0577163696289063 0.0478439331054688
0.0746994018554688 -0.0264663696289062 0.0620307922363281 0.00514984130859375
0.0286064147949219 -0.0679397583007813 0.0344448089599609 -0.0324993133544922
-0.00699615478515624 -0.0744781494140625 0.00460624694824219 -0.0279388427734375
-0.00474166870117188 -0.0697746276855469 -0.00539255142211914 -0.00380849838256836
-0.0158920288085938 -0.0766448974609375 -0.00931930541992188 0.00391578674316406
0.00578308105468751 -0.0745468139648438 -0.0220546722412109 0.00873947143554687
0.0487327575683594 -0.0642127990722656 -0.0261707305908203 0.00407218933105469
0.0805892944335938 -0.0241851806640625 -0.0231437683105469 -0.0198020935058594
0.0797500610351563 0.0598220825195313 -0.0080718994140625 -0.0323467254638672
0.0441818237304688 0.10003662109375 0.0135936737060547 -0.0238857269287109
-0.0192337036132813 0.120979309082031 -0.00962257385253907 0.0102014541625977
-0.052001953125 0.0945510864257813 0.0404701232910156 0.0701408386230469
-0.0205078125 0.0969924926757813 0.003692626953125 0.0737838745117188
0.0394515991210938 0.101295471191406 0.00617218017578125 0.0785675048828125
0.0811004638671875 0.0387115478515625 0.0396308898925781 0.0593643188476563
0.0773696899414063 -0.0167617797851563 0.0469779968261719 0.02532958984375
0.0349922180175781 -0.0655326843261719 0.030517578125 -0.00625991821289063
-0.00161743164062499 -0.07373046875 0.0114564895629883 -0.00164604187011719
-0.00173950195312501 -0.0696945190429688 0.00256156921386719 0.0179691314697266
-0.0126571655273438 -0.077117919921875 -0.00233840942382813 0.0258693695068359
0.00823974609374999 -0.0740814208984375 -0.0202789306640625 0.0294933319091797
0.0506858825683594 -0.0610313415527344 -0.0278091430664063 0.0210170745849609
0.0783004760742188 -0.0182418823242188 -0.0282726287841797 -0.00714683532714844
0.0688438415527344 0.06390380859375 -0.0120582580566406 -0.02398681640625
0.0260238647460938 0.0943069458007813 0.0165185928344727 -0.00488948822021484
-0.0334396362304687 0.101570129394531 -0.0192527770996094 0.044677734375
-0.0531463623046875 0.0523109436035156 0.0199966430664062 0.099945068359375
-0.0350341796875 0.0678329467773438 -0.00490570068359376 0.0924453735351563
0.0125656127929687 0.085113525390625 -0.00319671630859375 0.0769424438476562
0.0584526062011719 0.0419960021972656 0.0212936401367188 0.0633430480957031
0.0635452270507813 -0.00518035888671875 0.0286064147949219 0.038238525390625
0.0334625244140625 -0.0511093139648438 0.0234317779541016 0.0172805786132813
0.00289154052734375 -0.0611610412597656 0.0165805816650391 0.0230064392089844
0.00192642211914062 -0.0579261779785156 0.0104904174804687 0.0376815795898437
-0.00690841674804687 -0.0665321350097656 0.00484466552734375 0.0461158752441406
0.0103530883789062 -0.0635108947753906 -0.0183448791503906 0.0491790771484375
0.0480804443359375 -0.0497245788574219 -0.0310211181640625 0.0353240966796875
0.0684776306152344 -0.00816726684570313 -0.0355415344238281 0.00308609008789063
0.0489883422851563 0.0630149841308594 -0.0165042877197266 -0.0182476043701172
0.00351715087890625 0.079833984375 0.0161399841308594 0.0110559463500977
-0.0450820922851563 0.069610595703125 -0.0325393676757813 0.0712738037109375
-0.0458297729492188 0.00130462646484375 0.00555419921875 0.113090515136719
-0.0416984558105469 0.0270004272460938 -0.00958251953125 0.0992202758789063
-0.0127944946289062 0.0516777038574219 -0.0070343017578125 0.0698280334472656
0.0268516540527344 0.0345783233642578 0.00808715820312501 0.0610542297363281
0.0377311706542969 0.0052032470703125 0.0149078369140625 0.0443496704101563
0.0253677368164063 -0.0289039611816406 0.0182247161865234 0.0343570709228516
0.00737762451171875 -0.0390968322753906 0.0206413269042969 0.0411300659179688
0.0054779052734375 -0.03863525390625 0.0161666870117188 0.050933837890625
0.000465393066406253 -0.046478271484375 0.00911331176757812 0.0625267028808594
0.0121040344238281 -0.0450973510742188 -0.0190353393554687 0.0642166137695313
0.0401573181152344 -0.0327072143554688 -0.0367774963378906 0.0464401245117187
0.0511245727539063 0.00139617919921875 -0.0434188842773438 0.009796142578125
0.0248031616210937 0.0545158386230469 -0.0229377746582031 -0.0161685943603516
-0.0192642211914063 0.0552482604980469 0.010467529296875 0.0218753814697266
-0.0513534545898437 0.0279731750488281 -0.0484237670898437 0.0863265991210938
0.0416145324707031 0.0226325988769531 0.048492431640625 -0.093719482421875
0.0260429382324219 -0.0245723724365234 -0.00483131408691406 -0.0294761657714844
-0.00596046447753906 -0.0304183959960937 0.0271549224853516 0.0223541259765625
-0.0230751037597656 -0.0095062255859375 0.0610275268554688 -0.00619888305664063
-0.0208072662353516 0.00885391235351563 0.0491905212402344 -0.0493202209472656
-0.00930595397949219 0.0223960876464844 0.0170211791992187 -0.07421875
-0.005950927734375 0.0179023742675781 -0.0179214477539062 -0.0738067626953125
-0.006256103515625 0.0136251449584961 -0.0223731994628906 -0.0563621520996094
-0.00866317749023438 0.0146389007568359 -0.0241432189941406 -0.0472640991210938
-0.0149316787719727 0.00383853912353516 -0.0174102783203125 -0.045257568359375
-0.0126285552978516 -0.0127687454223633 -0.01361083984375 -0.0459938049316406
0.00778961181640625 -0.0255680084228516 -0.00422286987304688 -0.0589714050292969
0.0347881317138672 -0.0115890502929688 0.0124320983886719 -0.068084716796875
0.0459785461425781 0.01715087890625 0.0081329345703125 -0.0932159423828125
0.0376968383789063 0.044403076171875 0.00531768798828126 -0.11468505859375
0.0299339294433594 0.0679779052734375 0.0634765625 -0.0822677612304688
0.0350933074951172 0.0137348175048828 0.003875732421875 -0.024383544921875
0.0241851806640625 -0.00481033325195313 0.0317211151123047 0.0304241180419922
0.00877952575683594 -0.0118627548217773 0.0691719055175781 -0.000820159912109376
0.00178432464599609 -0.00904369354248047 0.0595283508300781 -0.0478096008300781
-0.00530242919921875 -0.00626659393310547 0.02166748046875 -0.0778121948242188
-0.0123805999755859 -0.0111837387084961 -0.0166549682617188 -0.0750198364257812
-0.00916481018066406 -0.0132589340209961 -0.0216751098632813 -0.0530052185058594
-0.0124073028564453 -0.0153207778930664 -0.0244483947753906 -0.0448799133300781
-0.00675392150878906 -0.0220355987548828 -0.0200042724609375 -0.0414924621582031
0.0107345581054688 -0.0283775329589844 -0.0159912109375 -0.0406837463378906
0.0372848510742188 -0.021575927734375 -0.00590133666992188 -0.0538063049316406
0.0537033081054688 0.0193634033203125 0.00728988647460938 -0.06048583984375
0.0500564575195313 0.0543060302734375 0.00531005859375 -0.0810089111328125
0.0242385864257813 0.0862655639648437 0.0058135986328125 -0.0955429077148438
0.0103302001953125 0.103431701660156 0.071014404296875 -0.056304931640625
0.0344924926757812 0.0542716979980469 0.0108165740966797 -0.00855636596679687
0.0512275695800781 0.0287895202636719 0.0326461791992188 0.0445594787597656
0.0439720153808594 -0.00774002075195313 0.0741653442382813 0.0116195678710937
0.0291690826416016 -0.024017333984375 0.0676231384277344 -0.0373268127441406
0.00314903259277344 -0.034332275390625 0.0272140502929688 -0.0726242065429688
-0.0148849487304687 -0.0388984680175781 -0.0119400024414062 -0.0673789978027344
-0.0101127624511719 -0.0390472412109375 -0.01837158203125 -0.041595458984375
-0.016204833984375 -0.04254150390625 -0.0218257904052734 -0.0335197448730469
-0.00155258178710937 -0.0457572937011719 -0.0230770111083984 -0.0294456481933594
0.028533935546875 -0.0454673767089844 -0.0210037231445312 -0.0291004180908203
0.0601615905761719 -0.0233535766601563 -0.0125007629394531 -0.0454254150390625
0.071624755859375 0.039031982421875 0.000816345214843752 -0.0518608093261719
0.0553131103515625 0.07977294921875 0.004425048828125 -0.0640335083007813
0.0120620727539063 0.1134033203125 0.0018157958984375 -0.0638999938964844
-0.0124588012695313 0.122749328613281 0.0701179504394531 -0.017486572265625
0.0241165161132812 0.0873336791992188 0.0138444900512695 0.01690673828125
0.0661430358886719 0.0639305114746094 0.029022216796875 0.0599517822265625
0.0732498168945313 0.00444793701171875 0.071136474609375 0.0291976928710937
0.0552215576171875 -0.0315628051757813 0.0697822570800781 -0.0189247131347656
0.01434326171875 -0.0558891296386719 0.0321044921875 -0.0566749572753906
-0.0143241882324219 -0.0606803894042969 -0.00463485717773437 -0.0511054992675781
-0.00963592529296876 -0.0583267211914063 -0.0128669738769531 -0.0243740081787109
-0.0187568664550781 -0.0627861022949219 -0.0168905258178711 -0.0164718627929688
0.000209808349609369 -0.0638961791992188 -0.0236930847167969 -0.0115509033203125
0.0390243530273438 -0.0588340759277344 -0.02435302734375 -0.0132884979248047
0.0735092163085938 -0.0276107788085938 -0.0187549591064453 -0.0333786010742188
0.0821456909179688 0.0490570068359375 -0.0052490234375 -0.0420761108398437
0.056304931640625 0.0925979614257813 0.00675201416015625 -0.0447311401367187
0.000251770019531236 0.1256103515625 -0.00310134887695313 -0.0275001525878906
-0.0332412719726563 0.120109558105469 0.0590972900390625 0.0265045166015625
0.00492095947265625 0.102943420410156 0.0113143920898438 0.0456275939941406
0.0635223388671875 0.090606689453125 0.0198745727539063 0.0728378295898438
0.0875778198242188 0.0205764770507813 0.0598640441894531 0.0462150573730469
0.0727767944335938 -0.02972412109375 0.0623435974121094 0.00291824340820312
0.0247993469238281 -0.0674057006835937 0.0324649810791016 -0.0336074829101563
-0.0109176635742187 -0.0725479125976563 0.00309371948242188 -0.0279178619384766
-0.00789260864257813 -0.0684165954589844 -0.00517749786376953 -0.00331306457519532
-0.01971435546875 -0.0739669799804688 -0.00951099395751953 0.00451087951660156
0.00174713134765626 -0.0730209350585938 -0.0221824645996094 0.00961685180664062
0.0445785522460937 -0.0650405883789063 -0.0259056091308594 0.00435638427734375
0.0778732299804688 -0.02777099609375 -0.02410888671875 -0.0200157165527344
0.08148193359375 0.055572509765625 -0.00896835327148437 -0.0327644348144531
0.04742431640625 0.0961227416992188 0.0124473571777344 -0.0248165130615234
-0.013275146484375 0.120826721191406 -0.00908565521240235 0.0102024078369141
-0.0471572875976562 0.09552001953125 0.0429191589355469 0.0669975280761719
-0.016998291015625 0.0961074829101563 0.0053863525390625 0.072296142578125
0.0434341430664063 0.0990753173828125 0.00885009765624999 0.079315185546875
0.081817626953125 0.03466796875 0.0419387817382813 0.0584144592285156
0.075958251953125 -0.0199203491210938 0.0482292175292969 0.0230674743652344
0.0310211181640625 -0.0654487609863281 0.0296459197998047 -0.00803565979003907
-0.00583648681640624 -0.0726470947265625 0.010920524597168 -0.00224399566650391
-0.00495529174804687 -0.0682945251464844 0.00331878662109375 0.0177841186523437
-0.0164718627929687 -0.07470703125 -0.00168228149414063 0.0260753631591797
0.003875732421875 -0.07244873046875 -0.0194168090820313 0.0301265716552734
0.0465240478515625 -0.0624160766601563 -0.0268001556396484 0.0214633941650391
0.0760574340820312 -0.0215911865234375 -0.0289802551269531 -0.00719642639160156
0.0710601806640625 0.0598068237304688 -0.0128135681152344 -0.0243301391601562
0.0296554565429688 0.0914993286132813 0.0163307189941406 -0.0066843032836914
-0.0280380249023438 0.102333068847656 -0.0174903869628906 0.0447120666503906
-0.0507278442382813 0.0536231994628906 0.0238800048828125 0.09716796875
-0.0320167541503906 0.0685272216796875 -0.0020904541015625 0.0904998779296875
0.0166473388671875 0.0841522216796875 -0.000503540039062504 0.0771942138671875
0.0594902038574219 0.0387496948242188 0.02398681640625 0.0628128051757813
0.06298828125 -0.0077667236328125 0.0307846069335938 0.0368423461914063
0.0303001403808594 -0.05181884765625 0.0238494873046875 0.0161209106445312
-0.00082015991210938 -0.0604019165039063 0.0175514221191406 0.0219860076904297
-0.00133514404296875 -0.0580902099609375 0.0118942260742187 0.0366744995117187
-0.0103263854980469 -0.0647239685058594 0.0059661865234375 0.0457229614257813
0.0067596435546875 -0.0627403259277344 -0.0170364379882813 0.049407958984375
0.0445175170898438 -0.0514717102050781 -0.0301399230957031 0.0359992980957031
0.0671005249023438 -0.0118751525878906 -0.0349826812744141 0.00356674194335938
0.0513992309570313 0.06005859375 -0.0169181823730469 -0.0186843872070312
0.00635528564453126 0.0783309936523438 0.0168294906616211 0.0089712142944336
-0.0416793823242187 0.07086181640625 -0.028961181640625 0.0717010498046875
-0.04559326171875 0.00334548950195313 0.01019287109375 0.110969543457031
-0.04046630859375 0.0286293029785156 -0.00615692138671876 0.0982513427734375
-0.0100593566894531 0.0523796081542969 -0.00493240356445312 0.0697402954101563
0.0281829833984375 0.0327434539794922 0.0104942321777344 0.0614356994628906
0.0384521484375 0.00309371948242188 0.0169830322265625 0.0434074401855469
0.0230941772460938 -0.0293121337890625 0.0194282531738281 0.0331096649169922
0.00417327880859375 -0.039306640625 0.0222625732421875 0.0393409729003906
0.00308990478515625 -0.038970947265625 0.0181732177734375 0.0497589111328125
-0.00249099731445313 -0.046173095703125 0.0110321044921875 0.0617828369140625
0.00942611694335938 -0.0450897216796875 -0.0168914794921875 0.0642509460449219
0.0380935668945313 -0.0345191955566406 -0.0350990295410156 0.0468330383300781
0.0505714416503906 -0.00101852416992188 -0.0430068969726563 0.0102882385253906
0.0277519226074219 0.0530509948730469 -0.0232181549072266 -0.016265869140625
-0.0161361694335938 0.055755615234375 0.0115013122558594 0.020263671875
-0.0494461059570313 0.0297775268554688 -0.0441055297851563 0.0867996215820313
0.042022705078125 0.0209579467773438 0.0459518432617187 -0.0943527221679688
0.024993896484375 -0.0253067016601563 -0.00603866577148437 -0.0275955200195313
-0.00753021240234375 -0.0299930572509766 0.0275230407714844 0.0223846435546875
-0.0241718292236328 -0.00900459289550781 0.0605125427246094 -0.00592803955078125
-0.0209999084472656 0.0100841522216797 0.0482063293457031 -0.0492019653320313
-0.0079193115234375 0.0228347778320313 0.01593017578125 -0.073516845703125
-0.00458526611328125 0.0182056427001953 -0.0188064575195313 -0.0726470947265625
-0.00559425354003906 0.0140447616577148 -0.0229225158691406 -0.0556373596191406
-0.00750637054443359 0.0143423080444336 -0.0249252319335938 -0.0466690063476563
-0.0142679214477539 0.00508594512939453 -0.017974853515625 -0.0445671081542969
-0.0126314163208008 -0.0116043090820313 -0.0144195556640625 -0.0462417602539063
0.00662422180175782 -0.0255184173583984 -0.005157470703125 -0.0595588684082031
0.0338592529296875 -0.0126800537109375 0.0117874145507812 -0.0680389404296875
0.0458869934082031 0.01531982421875 0.00689697265625 -0.0919647216796875
0.0386886596679688 0.0428199768066406 0.00280761718750001 -0.113754272460938
0.0321731567382813 0.0662269592285156 0.060546875 -0.0834732055664063
0.0346126556396484 0.0125675201416016 0.00226974487304688 -0.023284912109375
0.0234813690185547 -0.00557136535644531 0.0322761535644531 0.0307445526123047
0.00762939453125 -0.0122432708740234 0.0691108703613281 -0.000854492187500001
0.00119495391845703 -0.00907325744628906 0.0587310791015625 -0.0483932495117187
-0.00525331497192383 -0.00545406341552734 0.0203094482421875 -0.0772705078125
-0.0119342803955078 -0.00973415374755859 -0.01776123046875 -0.0740280151367188
-0.0090475082397461 -0.0130577087402344 -0.0224723815917969 -0.0522117614746094
-0.0120716094970703 -0.0145759582519531 -0.0247611999511719 -0.0437545776367188
-0.00649261474609375 -0.0203456878662109 -0.0206146240234375 -0.0409164428710938
0.00982666015625 -0.0279045104980469 -0.0171127319335937 -0.0410118103027344
0.0358047485351562 -0.0217514038085938 -0.00734710693359375 -0.0546035766601563
0.0534400939941406 0.0175971984863281 0.00665283203125 -0.0605506896972656
0.0507240295410156 0.0519828796386719 0.00395965576171876 -0.0801467895507812
0.0266265869140625 0.0846176147460938 0.00332641601562501 -0.0945053100585938
0.01336669921875 0.102073669433594 0.0686721801757813 -0.0580291748046875
0.0352935791015625 0.0527915954589844 0.00903797149658203 -0.00768852233886718
0.0512504577636719 0.0269660949707031 0.0338592529296875 0.0448989868164063
0.042633056640625 -0.00829315185546875 0.0744247436523438 0.0113601684570313
0.0279197692871094 -0.0242214202880859 0.0669784545898438 -0.0383071899414063
0.00225448608398437 -0.0330562591552734 0.0261154174804688 -0.0720291137695312
-0.0158042907714844 -0.0372352600097656 -0.0130577087402344 -0.0664329528808594
-0.0110092163085938 -0.0382575988769531 -0.0187873840332031 -0.041107177734375
-0.0165443420410156 -0.0411605834960938 -0.0223484039306641 -0.032745361328125
-0.0023040771484375 -0.0443000793457031 -0.0240325927734375 -0.0283069610595703
0.0269432067871094 -0.0444450378417969 -0.0220775604248047 -0.0293846130371094
0.0586624145507813 -0.0245170593261719 -0.0135498046875 -0.0465469360351563
0.0713043212890625 0.0368576049804688 -0.000144958496093742 -0.052093505859375
0.055999755859375 0.0770721435546875 0.00317764282226563 -0.0636940002441406
0.0143661499023438 0.1124267578125 0.000587463378906253 -0.063812255859375
-0.00929260253906251 0.122001647949219 0.0686492919921875 -0.0192909240722656
0.0250701904296875 0.0857925415039063 0.0122585296630859 0.0164222717285156
0.0675277709960938 0.0618057250976562 0.0297584533691406 0.0609169006347656
0.0719146728515625 0.0023193359375 0.07177734375 0.0286026000976563
0.0538291931152344 -0.0325698852539063 0.0691795349121094 -0.019866943359375
0.0126228332519531 -0.0549850463867188 0.0302734375 -0.0565910339355469
-0.0160140991210937 -0.0585289001464844 -0.00574111938476562 -0.0499267578125
-0.010986328125 -0.0572891235351563 -0.0125217437744141 -0.0236682891845703
-0.0201034545898437 -0.0610618591308594 -0.0174160003662109 -0.0151395797729492
-0.00128555297851562 -0.0617828369140625 -0.0245361328125 -0.0107746124267578
0.0366287231445313 -0.0584259033203125 -0.0251255035400391 -0.0133514404296875
0.0714874267578125 -0.0291061401367188 -0.0198516845703125 -0.0343799591064453
0.0822067260742188 0.046905517578125 -0.00591278076171874 -0.0428047180175781
0.05694580078125 0.0896759033203125 0.00623321533203125 -0.0448570251464844
0.00277709960937501 0.124649047851563 -0.00396156311035157 -0.0272407531738281
-0.0303268432617187 0.119529724121094 0.0590667724609375 0.0240745544433594
0.00626373291015624 0.10223388671875 0.0101318359375 0.0447845458984375
0.0648956298828125 0.0884857177734375 0.0207443237304687 0.0736618041992188
0.0865936279296875 0.018951416015625 0.0607643127441406 0.046142578125
0.0715866088867187 -0.0311660766601562 0.062957763671875 0.00174713134765625
0.0226325988769531 -0.0664100646972656 0.0317325592041016 -0.0344524383544922
-0.0131759643554688 -0.070526123046875 0.00259017944335937 -0.0277576446533203
-0.00949478149414063 -0.0676651000976563 -0.00483608245849609 -0.00296497344970704
-0.0210494995117188 -0.0721282958984375 -0.0100841522216797 0.00516891479492187
-0.000328063964843756 -0.07086181640625 -0.0224037170410156 0.0100612640380859
0.0423431396484375 -0.0646820068359375 -0.0258541107177734 0.00400924682617187
0.07666015625 -0.0291519165039063 -0.0247516632080078 -0.0208740234375
0.0819015502929688 0.052825927734375 -0.00951576232910156 -0.0335865020751953
0.04840087890625 0.0933761596679688 0.0118770599365234 -0.0259227752685547
-0.0105209350585937 0.120140075683594 -0.00903892517089844 0.0101099014282227
-0.0448760986328125 0.0958786010742188 0.0435104370117188 0.0644912719726563
-0.0156631469726563 0.0958709716796875 0.00521087646484375 0.0708847045898438
0.0458831787109375 0.0973587036132813 0.00943756103515625 0.0796737670898438
0.0815277099609375 0.0328369140625 0.0430870056152344 0.0581512451171875
0.0750579833984375 -0.0215911865234375 0.0490570068359375 0.0224418640136719
0.0289955139160156 -0.0650596618652344 0.0291862487792969 -0.00829315185546876
-0.00837707519531251 -0.071380615234375 0.0108575820922852 -0.00263118743896485
-0.00683975219726562 -0.0679512023925781 0.00428581237792969 0.018096923828125
-0.0185470581054688 -0.073089599609375 -0.00156211853027344 0.0262718200683594
0.00177001953125001 -0.0710678100585937 -0.0196037292480469 0.0305023193359375
0.0440711975097656 -0.0625419616699219 -0.0267181396484375 0.0209846496582031
0.0745086669921875 -0.023162841796875 -0.0289688110351562 -0.00773620605468751
0.0714950561523438 0.0578384399414063 -0.0128955841064453 -0.0249843597412109
0.0305862426757812 0.0897216796875 0.0163793563842774 -0.00787067413330078
-0.025726318359375 0.101837158203125 -0.0162086486816406 0.0441551208496094
-0.0495185852050781 0.0544357299804687 0.0255508422851562 0.0951995849609375
-0.0316123962402344 0.0689735412597656 -0.00182342529296874 0.08941650390625
0.0180587768554687 0.0836944580078125 0.000152587890624995 0.0778732299804688
0.0595855712890625 0.0376701354980469 0.0253791809082031 0.062530517578125
0.0626945495605469 -0.00925827026367188 0.0318031311035156 0.0360183715820313
0.0285911560058594 -0.0514373779296875 0.0240459442138672 0.0154361724853516
-0.00326156616210938 -0.0596923828125 0.0179767608642578 0.0214195251464844
-0.00279998779296876 -0.0574417114257813 0.0127449035644531 0.0360527038574219
-0.0124473571777344 -0.0640373229980469 0.00625228881835938 0.0454826354980469
0.00480270385742187 -0.0617256164550781 -0.0165519714355469 0.0495567321777344
0.0426673889160156 -0.0526962280273437 -0.0294761657714844 0.0357017517089844
0.0661544799804688 -0.0131454467773438 -0.0351905822753906 0.00299835205078124
0.0524330139160156 0.0585899353027344 -0.0172996520996094 -0.019317626953125
0.00762939453124999 0.0772552490234375 0.0171051025390625 0.00776290893554688
-0.0398178100585937 0.0710220336914063 -0.02764892578125 0.0711135864257813
-0.0453720092773438 0.00399398803710938 0.0120697021484375 0.109222412109375
-0.0398483276367188 0.0293846130371094 -0.00517272949218751 0.0961456298828125
-0.00847625732421876 0.0528907775878906 -0.0043487548828125 0.0699958801269531
0.0291194915771484 0.0317897796630859 0.0119171142578125 0.0613288879394531
0.0386161804199219 0.0019989013671875 0.0180816650390625 0.0432243347167969
0.022186279296875 -0.0298843383789063 0.0201396942138672 0.0320301055908203
0.00265121459960938 -0.0387535095214844 0.0225753784179688 0.0383682250976563
0.00157546997070313 -0.0386543273925781 0.0192222595214844 0.0486946105957031
-0.00417327880859375 -0.0457420349121094 0.0113410949707031 0.0609283447265625
0.00765228271484374 -0.0448646545410156 -0.0162200927734375 0.0639152526855469
0.0364837646484375 -0.0357513427734375 -0.0342445373535156 0.0464210510253906
0.0502777099609375 -0.00237274169921875 -0.0425338745117188 0.0106277465820312
0.0285301208496094 0.0526771545410156 -0.0232200622558594 -0.0167140960693359
-0.0156898498535156 0.0557708740234375 0.0120792388916016 0.0184993743896484
-0.0487136840820313 0.0306777954101563 -0.0420913696289063 0.0863800048828125
0.0434913635253906 0.0204353332519531 0.0453643798828125 -0.0956192016601563
0.0249233245849609 -0.0259170532226563 -0.007080078125 -0.0269355773925781
-0.00824737548828125 -0.0308036804199219 0.0283927917480469 0.0234260559082031
-0.0255031585693359 -0.00888633728027344 0.0621376037597656 -0.00551605224609375
-0.0216026306152344 0.0110206604003906 0.0496292114257813 -0.0494003295898438
-0.00748443603515625 0.0233516693115234 0.0166702270507812 -0.0744247436523438
-0.00334930419921875 0.0186347961425781 -0.0192947387695313 -0.073455810546875
-0.00494003295898438 0.0142660140991211 -0.0232429504394531 -0.0564613342285156
-0.0071249008178711 0.0146617889404297 -0.0256767272949219 -0.0466194152832031
-0.0135059356689453 0.00576972961425781 -0.0187759399414063 -0.0450210571289062
-0.0130958557128906 -0.0109739303588867 -0.0154685974121094 -0.0477561950683594
0.00550460815429688 -0.025909423828125 -0.00587081909179687 -0.0611228942871094
0.0336170196533203 -0.0135250091552734 0.0123138427734375 -0.0687675476074219
0.0463905334472656 0.0147628784179688 0.00749206542968751 -0.09295654296875
0.0399589538574219 0.0428314208984375 0.00160980224609376 -0.1146240234375
0.0334854125976563 0.0662460327148437 0.06011962890625 -0.08465576171875
0.0352554321289063 0.0121231079101563 0.00108146667480469 -0.0225734710693359
0.0230941772460938 -0.00654220581054688 0.0331172943115234 0.0321807861328125
0.00646781921386719 -0.0121612548828125 0.0704193115234375 -0.000679016113281251
0.000753879547119141 -0.00848722457885742 0.0597152709960938 -0.0484428405761719
-0.00471591949462891 -0.00482797622680664 0.020660400390625 -0.0783309936523438
-0.0113773345947266 -0.00901699066162109 -0.0181884765625 -0.0749282836914063
-0.00851631164550781 -0.0129642486572266 -0.0227241516113281 -0.0531883239746094
-0.0123233795166016 -0.0141916275024414 -0.0254173278808594 -0.0440673828125
-0.00600433349609375 -0.0198898315429688 -0.0215644836425781 -0.0412178039550781
0.00984954833984375 -0.0267753601074219 -0.0181083679199219 -0.0420913696289063
0.0355377197265625 -0.0224037170410156 -0.008209228515625 -0.0563583374023437
0.0539321899414063 0.0170059204101563 0.00752639770507813 -0.061431884765625
0.0512275695800781 0.0518150329589844 0.00441741943359375 -0.0809478759765625
0.027435302734375 0.0850753784179688 0.00242614746093751 -0.0954132080078125
0.01458740234375 0.103202819824219 0.06903076171875 -0.0593948364257812
0.0354766845703125 0.0532684326171875 0.00760316848754883 -0.00736570358276367
0.0521202087402344 0.0266799926757813 0.03466796875 0.0467185974121094
0.0418281555175781 -0.00856399536132813 0.0757904052734375 0.0117416381835938
0.0276412963867188 -0.0247020721435547 0.0682525634765625 -0.0388755798339844
0.00209426879882813 -0.0325603485107422 0.0263595581054687 -0.0732650756835938
-0.0159835815429687 -0.0367050170898438 -0.0134010314941406 -0.0669975280761719
-0.01080322265625 -0.0383720397949219 -0.0189781188964844 -0.0415000915527344
-0.0167160034179688 -0.0409660339355469 -0.0230770111083984 -0.0328807830810547
-0.00221633911132813 -0.0435905456542969 -0.0248069763183594 -0.0290317535400391
0.0266304016113281 -0.0440940856933594 -0.0227432250976562 -0.0303306579589844
0.058685302734375 -0.0249481201171875 -0.0144462585449219 -0.0482406616210938
0.0719757080078125 0.036651611328125 0.000217437744140633 -0.0534515380859375
0.0568161010742188 0.0767440795898438 0.00350570678710939 -0.0647048950195313
0.0158767700195312 0.113899230957031 -0.00047683715820312 -0.0644950866699219
-0.00769805908203125 0.123283386230469 0.0690460205078125 -0.0207061767578125
0.0250778198242187 0.0866622924804688 0.0109272003173828 0.0168075561523438
0.0687294006347656 0.0618515014648437 0.030548095703125 0.0631484985351562
0.0719528198242188 0.00206756591796875 0.0734710693359375 0.0295562744140625
0.0539627075195312 -0.0333175659179688 0.0708389282226563 -0.0203933715820313
0.0124664306640625 -0.05462646484375 0.0306968688964844 -0.057708740234375
-0.0165290832519531 -0.0582504272460938 -0.00592803955078125 -0.0508804321289063
-0.011505126953125 -0.0575942993164063 -0.0127849578857422 -0.02386474609375
-0.0207405090332031 -0.0610733032226563 -0.018341064453125 -0.0152454376220703
-0.00139617919921875 -0.0611953735351563 -0.0254001617431641 -0.0107536315917969
0.035888671875 -0.0583763122558594 -0.0257644653320312 -0.0142059326171875
0.071563720703125 -0.0295562744140625 -0.0209426879882813 -0.0360946655273437
0.0830078125 0.0466461181640625 -0.00603485107421874 -0.0440483093261719
0.0573043823242188 0.0900192260742188 0.00630950927734376 -0.0463104248046875
0.00450897216796875 0.126434326171875 -0.00452041625976563 -0.0281562805175781
-0.0296630859375 0.121421813964844 0.0593643188476563 0.023468017578125
0.00582122802734374 0.103721618652344 0.00852966308593751 0.0450973510742188
0.0667495727539063 0.0894012451171875 0.0215682983398438 0.076324462890625
0.0875015258789062 0.0181884765625 0.0625381469726563 0.0471992492675781
0.0721664428710937 -0.0325164794921875 0.064361572265625 0.00174713134765625
0.0221595764160156 -0.0663261413574219 0.0316429138183594 -0.0350990295410156
-0.0142440795898438 -0.0701255798339844 0.00241470336914062 -0.0281219482421875
-0.0104751586914063 -0.0682029724121094 -0.00461721420288086 -0.00323867797851563
-0.0222091674804687 -0.0722198486328125 -0.0108423233032227 0.00584316253662109
-0.00128173828125 -0.0704803466796875 -0.0234813690185547 0.0103645324707031
0.0413894653320312 -0.0654411315917969 -0.0272274017333984 0.00348854064941406
0.0767288208007813 -0.029998779296875 -0.0257358551025391 -0.0223979949951172
0.0830841064453125 0.0527191162109375 -0.0099506378173828 -0.0346412658691406
0.0488204956054687 0.0932769775390625 0.0117321014404297 -0.0267848968505859
-0.00992584228515624 0.121711730957031 -0.00931549072265625 0.00967597961425782
-0.044464111328125 0.0971755981445313 0.0442047119140625 0.0646324157714844
-0.0162811279296875 0.0969161987304688 0.00386810302734374 0.07110595703125
0.0468215942382812 0.0987472534179688 0.00988006591796875 0.0821151733398438
0.0823974609375 0.03265380859375 0.0442123413085938 0.0595359802246094
0.0760879516601563 -0.0229263305664063 0.0502357482910156 0.0223617553710938
0.0285835266113281 -0.0649948120117188 0.0293674468994141 -0.00826454162597657
-0.0100631713867187 -0.0708847045898438 0.0106945037841797 -0.00288867950439454
-0.00800323486328125 -0.0686225891113281 0.00469398498535156 0.0183181762695312
-0.0197219848632813 -0.0730972290039062 -0.00219154357910157 0.0270175933837891
0.000728607177734368 -0.0702400207519531 -0.0203399658203125 0.0312843322753906
0.043182373046875 -0.0637321472167969 -0.0275363922119141 0.0206184387207031
0.074951171875 -0.0242996215820313 -0.0299110412597656 -0.00901031494140625
0.072784423828125 0.0576095581054688 -0.0135402679443359 -0.0263481140136719
0.03076171875 0.0900802612304688 0.016474723815918 -0.00933074951171874
-0.0251007080078125 0.103385925292969 -0.0168800354003906 0.0442543029785156
-0.04998779296875 0.0557174682617188 0.0261764526367187 0.0957107543945313
-0.0319328308105469 0.0700263977050781 -0.00269317626953126 0.0897598266601563
0.0193405151367188 0.0853652954101563 7.62939453125114E-06 0.0794525146484375
0.0608634948730469 0.0376968383789063 0.0261764526367187 0.0637474060058594
0.0637245178222656 -0.010711669921875 0.0332794189453125 0.0365066528320312
0.0283546447753906 -0.05206298828125 0.0240764617919922 0.0151424407958984
-0.00493240356445313 -0.0595016479492188 0.0178089141845703 0.0213832855224609
-0.00422286987304687 -0.0582504272460938 0.01324462890625 0.03680419921875
-0.0139122009277344 -0.0640678405761719 0.00597000122070312 0.0466995239257812
0.00328826904296875 -0.061981201171875 -0.0172080993652344 0.0501518249511719
0.0422592163085938 -0.0533218383789063 -0.0301094055175781 0.0354728698730469
0.0665702819824219 -0.0139389038085937 -0.03607177734375 0.00200271606445313
0.0537796020507813 0.0588912963867188 -0.0179958343505859 -0.0208568572998047
0.00769805908203124 0.0780487060546875 0.0174322128295898 0.00680637359619141
-0.0396652221679687 0.07220458984375 -0.02716064453125 0.0716094970703125
-0.0464134216308594 0.00470352172851562 0.0125808715820313 0.109832763671875
-0.040496826171875 0.0303916931152344 -0.0055999755859375 0.096527099609375
-0.00792312622070313 0.0542182922363281 -0.00472259521484375 0.0711517333984375
0.0297813415527344 0.0319461822509766 0.0123825073242188 0.0626869201660156
0.0396080017089844 0.00124359130859375 0.0191841125488281 0.0440521240234375
0.0219364166259766 -0.0302257537841797 0.0204887390136719 0.0324192047119141
0.000816345214843749 -0.03887939453125 0.0233421325683594 0.0383110046386719
0.000873565673828123 -0.0399589538574219 0.0201644897460938 0.0494003295898438
-0.00534439086914063 -0.0462799072265625 0.0115203857421875 0.0623283386230469
0.00662994384765625 -0.0453605651855469 -0.0165443420410156 0.0649337768554687
0.0362892150878906 -0.0371170043945313 -0.0351753234863281 0.0467109680175781
0.0511283874511719 -0.00341415405273438 -0.0435676574707031 0.0101394653320312
0.030181884765625 0.0533103942871094 -0.0243434906005859 -0.0176296234130859
-0.0157623291015625 0.05682373046875 0.0125131607055664 0.0173473358154297
-0.048919677734375 0.0312385559082031 -0.0418243408203125 0.0874176025390625
0.0457267761230469 0.0196533203125 0.0448150634765625 -0.09918212890625
0.0252933502197266 -0.0273151397705078 -0.00846481323242188 -0.0261611938476562
-0.00989151000976563 -0.0310535430908203 0.0300617218017578 0.0245323181152344
-0.0271282196044922 -0.00815773010253906 0.0644607543945313 -0.0061798095703125
-0.0223731994628906 0.0124320983886719 0.0512733459472656 -0.0510063171386719
-0.00657844543457031 0.0252838134765625 0.0171279907226563 -0.0775909423828125
-0.00184440612792969 0.0195026397705078 -0.020904541015625 -0.0754470825195313
-0.00396060943603516 0.014887809753418 -0.0253829956054688 -0.0585403442382813
-0.00617408752441406 0.0150661468505859 -0.0269813537597656 -0.0480194091796875
-0.0130519866943359 0.00645065307617188 -0.0201797485351562 -0.0463218688964844
-0.0135354995727539 -0.00998210906982422 -0.0175247192382813 -0.0499763488769531
0.00436782836914063 -0.0271205902099609 -0.00709915161132812 -0.0640144348144531
0.0342197418212891 -0.0150184631347656 0.0131988525390625 -0.071624755859375
0.0482673645019531 0.0141448974609375 0.00717926025390624 -0.095794677734375
0.0426216125488281 0.0431480407714844 0.000144958496093747 -0.118331909179688
0.0360450744628906 0.0672264099121094 0.0600967407226562 -0.0888290405273438
0.0363426208496094 0.0117301940917969 -0.000799179077148433 -0.0221481323242188
0.0236301422119141 -0.00737380981445312 0.0353279113769531 0.0340499877929688
0.00573158264160156 -0.0119504928588867 0.0733642578125 -0.000984191894531251
-7.48634338378912E-05 -0.00824832916259766 0.0616226196289063 -0.05059814453125
-0.00481796264648438 -0.0035099983215332 0.0210113525390625 -0.0812225341796875
-0.0106773376464844 -0.0082712173461914 -0.0202713012695312 -0.0767364501953125
-0.00871562957763672 -0.0125579833984375 -0.02392578125 -0.05487060546875
-0.0118846893310547 -0.0143966674804687 -0.0272331237792969 -0.0453605651855469
-0.00556182861328125 -0.0200309753417969 -0.0231704711914063 -0.042633056640625
0.0100517272949219 -0.0269508361816406 -0.0194740295410156 -0.0442428588867187
0.0359115600585938 -0.0232582092285156 -0.00940704345703124 -0.0597572326660156
0.0548095703125 0.0164299011230469 0.00765228271484376 -0.0643844604492187
0.05322265625 0.0519523620605469 0.00424194335937501 -0.0840682983398438
0.030670166015625 0.0873794555664063 0.000305175781249993 -0.0988845825195312
0.0177688598632813 0.106330871582031 0.0694313049316406 -0.0631065368652344
0.0375099182128906 0.0543327331542969 0.00617170333862305 -0.00696229934692382
0.0540771484375 0.0261955261230469 0.0374488830566406 0.0493545532226563
0.0423240661621094 -0.00929641723632813 0.0797348022460938 0.0120468139648438
0.0274238586425781 -0.02581787109375 0.070770263671875 -0.0412139892578125
0.00153160095214843 -0.0328369140625 0.0260009765625 -0.075714111328125
-0.0164985656738281 -0.0361366271972656 -0.0152702331542969 -0.0692634582519531
-0.0116081237792969 -0.0392913818359375 -0.0196876525878906 -0.0429267883300781
-0.0175514221191406 -0.0416755676269531 -0.0244197845458984 -0.0335884094238281
-0.00242996215820313 -0.0442047119140625 -0.0262203216552734 -0.0293159484863281
0.0265121459960938 -0.0450057983398437 -0.0244083404541016 -0.0318870544433594
0.0594367980957031 -0.0265884399414062 -0.0161018371582031 -0.0512924194335938
0.0743255615234375 0.0364761352539063 5.72204589843818E-05 -0.0559272766113281
0.0588531494140625 0.0777816772460938 0.00344848632812501 -0.0673408508300781
0.0185012817382812 0.117362976074219 -0.00136947631835937 -0.0671234130859375
-0.00537109375 0.127510070800781 0.0706024169921875 -0.023101806640625
0.026611328125 0.0896148681640625 0.00919151306152344 0.0177078247070313
0.0726547241210938 0.0624160766601563 0.0334320068359375 0.0666313171386719
0.0740127563476563 0.00092315673828125 0.077423095703125 0.030517578125
0.0547447204589844 -0.0354690551757812 0.0736007690429688 -0.0220947265625
0.0114555358886719 -0.0557327270507813 0.03125 -0.059906005859375
-0.0180130004882813 -0.0584297180175781 -0.006866455078125 -0.0528106689453125
-0.012939453125 -0.0591163635253906 -0.0129623413085937 -0.0247440338134766
-0.0221290588378906 -0.061981201171875 -0.0196170806884766 -0.0151748657226563
-0.00213241577148437 -0.0619049072265625 -0.0271892547607422 -0.0105743408203125
0.0359725952148437 -0.0604248046875 -0.0276432037353516 -0.0150146484375
0.0731430053710938 -0.0314788818359375 -0.02239990234375 -0.0381698608398438
0.0862350463867188 0.046661376953125 -0.00648117065429687 -0.0466575622558594
0.0600051879882813 0.0914840698242188 0.0063629150390625 -0.0481758117675781
0.00636291503906249 0.130599975585938 -0.00556182861328125 -0.029144287109375
-0.0287704467773438 0.125885009765625 0.0615692138671875 0.0224266052246094
0.00719451904296876 0.10699462890625 0.00797271728515625 0.04644775390625
0.070953369140625 0.0909805297851563 0.0240097045898438 0.0804595947265625
0.0899276733398438 0.017578125 0.0656318664550781 0.0489578247070313
0.0739517211914062 -0.03509521484375 0.0675926208496094 0.000682830810546873
0.0215606689453125 -0.0681800842285156 0.0320625305175781 -0.0363044738769531
-0.0164566040039063 -0.0708389282226563 0.00163841247558594 -0.0290336608886719
-0.0120773315429687 -0.0703201293945313 -0.00393891334533692 -0.00311017036437989
-0.0246047973632813 -0.0734710693359375 -0.01129150390625 0.00655746459960937
-0.00236511230468751 -0.0721435546875 -0.0244979858398438 0.0115776062011719
0.0406303405761719 -0.0680656433105469 -0.0284919738769531 0.00340080261230468
0.0788040161132813 -0.0324859619140625 -0.0276832580566406 -0.0244922637939453
0.08685302734375 0.05316162109375 -0.010986328125 -0.0367507934570313
0.0510940551757812 0.0955810546875 0.0123710632324219 -0.0284709930419922
-0.00791168212890625 0.126663208007813 -0.00998973846435547 0.0101556777954102
-0.0447311401367188 0.10125732421875 0.04656982421875 0.0651130676269531
-0.0161590576171875 0.101081848144531 0.00301361083984375 0.0730819702148438
0.0509185791015625 0.101509094238281 0.0117416381835938 0.0858917236328125
0.0853652954101563 0.0325775146484375 0.0469551086425781 0.0622940063476563
0.078521728515625 -0.0253067016601563 0.0530281066894531 0.0224685668945313
0.0279541015625 -0.0668411254882813 0.0300636291503906 -0.0091094970703125
-0.0118560791015625 -0.0720062255859375 0.0108823776245117 -0.00318050384521485
-0.00991058349609375 -0.0707321166992188 0.00546455383300781 0.0187435150146484
-0.0221939086914063 -0.0746078491210938 -0.00267219543457031 0.0283336639404297
-0.000976562499999992 -0.0720291137695313 -0.0212478637695312 0.0328254699707031
0.0426750183105469 -0.0664787292480469 -0.0289096832275391 0.0208988189697266
0.0771255493164063 -0.026275634765625 -0.0319499969482422 -0.0100631713867188
0.076385498046875 0.0582962036132813 -0.0149364471435547 -0.027923583984375
0.0328521728515625 0.092681884765625 0.0168943405151367 -0.0104579925537109
-0.024688720703125 0.107330322265625 -0.0167198181152344 0.0460395812988281
-0.0509490966796875 0.058380126953125 0.0280914306640625 0.0973587036132813
-0.0328292846679688 0.0733871459960938 -0.00295257568359376 0.0921173095703125
0.0221176147460938 0.088104248046875 0.00113677978515626 0.0834503173828125
0.0635643005371094 0.0376930236816406 0.0276107788085938 0.066375732421875
0.0660743713378906 -0.0120964050292969 0.0355491638183594 0.0376739501953125
0.0278587341308594 -0.0536537170410156 0.0246257781982422 0.0154132843017578
-0.00645828247070312 -0.0603408813476563 0.0184116363525391 0.0210590362548828
-0.00612640380859376 -0.060028076171875 0.0146484375 0.0374374389648438
-0.0157814025878906 -0.0655632019042969 0.00690841674804687 0.0484733581542969
0.00241851806640624 -0.0634422302246094 -0.0178108215332031 0.0524635314941406
0.0418167114257813 -0.0566520690917969 -0.0313186645507813 0.0362091064453125
0.0687255859375 -0.0161018371582031 -0.03759765625 0.00179672241210937
0.056976318359375 0.0605316162109375 -0.0190982818603516 -0.0221786499023437
0.00901794433593751 0.0810470581054688 0.018280029296875 0.00533294677734376
-0.0405502319335937 0.0753097534179688 -0.0275802612304688 0.0742340087890625
-0.0483055114746094 0.00543975830078126 0.0148849487304688 0.112876892089844
-0.0419349670410156 0.0321197509765625 -0.00531768798828125 0.0993118286132813
-0.00605392456054688 0.0566596984863281 -0.00492095947265625 0.0743026733398438
0.0318069458007812 0.0321464538574219 0.0139694213867188 0.065032958984375
0.0411376953125 -3.814697265625E-05 0.0215225219726563 0.0460281372070313
0.0218238830566406 -0.0322608947753906 0.0215740203857422 0.0330390930175781
-0.000259399414062502 -0.0399017333984375 0.0247344970703125 0.0389671325683594
-0.000713348388671878 -0.0415496826171875 0.0216865539550781 0.0509986877441406
-0.00696563720703125 -0.0477867126464844 0.0127220153808594 0.0642814636230469
0.005859375 -0.04656982421875 -0.0168991088867188 0.06756591796875
0.0362358093261719 -0.0398292541503906 -0.0362129211425781 0.048126220703125
0.0533828735351562 -0.00461959838867187 -0.0453071594238281 0.0104026794433594
0.0328559875488281 0.055084228515625 -0.0261116027832031 -0.0188198089599609
-0.0156745910644531 0.0596199035644531 0.0136880874633789 0.0163946151733398
-0.0504798889160156 0.0329437255859375 -0.0421295166015625 0.0903396606445313
0.0487518310546875 0.0179367065429688 0.0419998168945312 -0.104713439941406
0.0252590179443359 -0.0297069549560547 -0.010711669921875 -0.0259685516357422
-0.0123825073242187 -0.0321369171142578 0.0332012176513672 0.0249519348144531
-0.0291175842285156 -0.00619316101074218 0.0675201416015625 -0.00844192504882812
-0.0231170654296875 0.0149917602539063 0.0519180297851563 -0.0545921325683594
-0.00482749938964844 0.0266799926757813 0.0155410766601563 -0.08111572265625
0.000513076782226563 0.0204524993896484 -0.0247573852539062 -0.0777740478515625
-0.00312995910644531 0.0157451629638672 -0.0286979675292969 -0.0599098205566406
-0.00512409210205078 0.0158815383911133 -0.0309524536132813 -0.048858642578125
-0.0123891830444336 0.00767040252685547 -0.0234565734863281 -0.0478515625
-0.0142736434936523 -0.00944900512695312 -0.0209274291992188 -0.0521163940429687
0.00281524658203125 -0.0283966064453125 -0.0106086730957031 -0.0665931701660156
0.0341262817382813 -0.0173282623291016 0.0119476318359375 -0.0752029418945312
0.0504875183105469 0.0125503540039063 0.00466156005859376 -0.0997390747070313
0.0466537475585938 0.0433578491210938 -0.00519561767578125 -0.122566223144531
0.0413360595703125 0.0676765441894531 0.05810546875 -0.0948257446289063
0.038116455078125 0.0103950500488281 -0.00224494934082031 -0.0218524932861328
0.0237178802490234 -0.00844955444335938 0.039093017578125 0.0347862243652344
0.00444316864013672 -0.0122165679931641 0.0773544311523438 -0.00286865234375
-0.00127124786376953 -0.00772333145141602 0.0626258850097656 -0.0546226501464844
-0.00443458557128906 -0.00256681442260742 0.019256591796875 -0.08526611328125
-0.010746955871582 -0.00778293609619141 -0.0238418579101562 -0.0791015625
-0.00910282135009765 -0.0127592086791992 -0.0275497436523437 -0.0564193725585938
-0.0125589370727539 -0.0140666961669922 -0.0306167602539063 -0.0465774536132813
-0.00618553161621094 -0.0195941925048828 -0.0259246826171875 -0.0435829162597656
0.00919342041015625 -0.0271530151367187 -0.0228500366210938 -0.0460319519042969
0.0355300903320313 -0.0257110595703125 -0.0125808715820312 -0.0628318786621094
0.0571060180664063 0.0143394470214844 0.00643920898437501 -0.0676002502441406
0.0569725036621094 0.0515060424804688 0.00177764892578126 -0.0879364013671875
0.0356979370117188 0.0897293090820313 -0.00353240966796876 -0.102523803710938
0.0233840942382813 0.109199523925781 0.0689506530761719 -0.0687789916992188
0.0408401489257813 0.0545654296875 0.00485420227050782 -0.00590705871582031
0.0572586059570313 0.0248374938964844 0.042022705078125 0.05078125
0.0429954528808594 -0.0113525390625 0.0841064453125 0.0099639892578125
0.0269451141357422 -0.0275402069091797 0.072296142578125 -0.0455169677734375
0.000822067260742188 -0.0327873229980469 0.0246124267578125 -0.0800552368164063
-0.0178756713867188 -0.0359153747558594 -0.0187225341796875 -0.0711669921875
-0.0132904052734375 -0.0397186279296875 -0.0225944519042969 -0.0442008972167969
-0.0196495056152344 -0.0418853759765625 -0.027587890625 -0.0338649749755859
-0.00328445434570312 -0.0445823669433594 -0.0292205810546875 -0.02960205078125
0.0260009765625 -0.0470085144042969 -0.0276260375976563 -0.0331077575683594
0.0606231689453125 -0.0299072265625 -0.0194816589355469 -0.053955078125
0.0780792236328125 0.0345993041992188 -0.0015869140625 -0.0588264465332031
0.0637359619140625 0.0784378051757813 0.00106048583984376 -0.07037353515625
0.0244979858398438 0.121498107910156 -0.00473785400390625 -0.0694618225097656
7.62939453123655E-06 0.132423400878906 0.0716323852539062 -0.0277175903320312
0.0312118530273438 0.0920562744140625 0.00893592834472657 0.0185508728027344
0.0781402587890625 0.0616531372070313 0.0384864807128906 0.0689811706542969
0.0760879516601563 -0.00164794921875 0.0820465087890625 0.0294570922851563
0.0549468994140625 -0.0394935607910156 0.0766983032226563 -0.0258102416992188
0.00972747802734376 -0.0574264526367188 0.0298423767089844 -0.063690185546875
-0.0211677551269531 -0.0586967468261719 -0.00987243652343751 -0.0542945861816406
-0.0155448913574219 -0.0603408813476563 -0.0140552520751953 -0.025665283203125
-0.0258216857910156 -0.0627822875976563 -0.0216579437255859 -0.0148830413818359
-0.0041961669921875 -0.0633811950683594 -0.0291233062744141 -0.00949859619140625
0.0346908569335938 -0.0634307861328125 -0.0303745269775391 -0.015289306640625
0.0745468139648438 -0.0358200073242188 -0.0259895324707031 -0.0408515930175781
0.0914230346679688 0.04473876953125 -0.00851821899414063 -0.0490570068359375
0.065582275390625 0.0923004150390625 0.00463867187500001 -0.0508003234863281
0.0122756958007813 0.135711669921875 -0.007293701171875 -0.0299034118652344
-0.0243606567382813 0.131935119628906 0.063812255859375 0.0199012756347656
0.0112152099609375 0.111373901367187 0.00822067260742188 0.0482330322265625
0.0781097412109375 0.09161376953125 0.0291290283203125 0.0838241577148437
0.0941543579101563 0.0146408081054687 0.0713882446289063 0.0493698120117188
0.075103759765625 -0.0396194458007812 0.071044921875 -0.002166748046875
0.0195083618164063 -0.070648193359375 0.0318107604980469 -0.0390281677246094
-0.0199737548828125 -0.07159423828125 0.000156402587890626 -0.0304470062255859
-0.01605224609375 -0.0723114013671875 -0.00410604476928711 -0.00330853462219239
-0.02862548828125 -0.0743255615234375 -0.0121669769287109 0.00774955749511719
-0.00536346435546875 -0.073577880859375 -0.0260162353515625 0.0130138397216797
0.0388870239257813 -0.0715255737304688 -0.0308284759521484 0.00417900085449218
0.080352783203125 -0.0365142822265625 -0.0307579040527344 -0.0257091522216797
0.0921707153320312 0.051849365234375 -0.0128173828125 -0.0388603210449219
0.0569686889648438 0.096954345703125 0.0116195678710938 -0.0310115814208984
-0.00307464599609374 0.132156372070313 -0.0102262496948242 0.0110654830932617
-0.0421905517578125 0.107307434082031 0.0506019592285156 0.0647544860839844
-0.0129547119140625 0.105850219726563 0.00434112548828125 0.0755844116210937
0.05804443359375 0.103759765625 0.0160598754882813 0.0901870727539063
0.0900726318359375 0.030792236328125 0.0521774291992188 0.0632247924804688
0.0804595947265625 -0.0299072265625 0.0566291809082031 0.0212936401367187
0.0264892578125 -0.0700950622558594 0.03076171875 -0.0109691619873047
-0.0160598754882812 -0.0731353759765625 0.0108547210693359 -0.00409221649169922
-0.0133514404296875 -0.0727386474609375 0.00672721862792969 0.0190544128417969
-0.0269622802734375 -0.0762557983398438 -0.00153541564941406 0.0305118560791016
-0.00415802001953125 -0.07403564453125 -0.021575927734375 0.0353965759277344
0.0409469604492188 -0.0705184936523438 -0.0303287506103516 0.0220451354980469
0.07879638671875 -0.03094482421875 -0.034515380859375 -0.0108852386474609
0.0821380615234375 0.057586669921875 -0.0170402526855469 -0.0292835235595703
0.0373458862304688 0.0948715209960937 0.0173521041870117 -0.0124082565307617
-0.02099609375 0.11297607421875 -0.0155601501464844 0.0485076904296875
-0.0505599975585938 0.0629959106445313 0.0330734252929687 0.098907470703125
-0.0318984985351563 0.0782623291015625 -0.00110626220703125 0.09515380859375
0.02734375 0.0911712646484375 0.00441741943359374 0.0873336791992188
0.0677947998046875 0.0365142822265625 0.0317153930664063 0.0687713623046875
0.0681419372558594 -0.0165023803710938 0.0390434265136719 0.0377006530761719
0.0262680053710938 -0.0569419860839844 0.0264072418212891 0.0146522521972656
-0.0102500915527344 -0.0618782043457031 0.0200691223144531 0.0206565856933594
-0.0100898742675781 -0.0622367858886719 0.017242431640625 0.0384559631347656
-0.0203361511230469 -0.0671844482421875 0.00864028930664062 0.0508041381835938
-0.000904083251953119 -0.065521240234375 -0.0168838500976563 0.0555267333984375
0.0404624938964844 -0.0601959228515625 -0.0323295593261719 0.0382423400878906
0.0707855224609375 -0.0199203491210938 -0.0397529602050781 0.00206756591796875
0.0627250671386719 0.0602035522460938 -0.0216732025146484 -0.0230674743652344
0.012542724609375 0.0843353271484375 0.0192222595214844 0.00400352478027344
-0.0386886596679687 0.0801467895507813 -0.0252838134765625 0.0778656005859375
-0.05010986328125 0.00804519653320313 0.0196380615234375 0.115386962890625
-0.0424423217773438 0.03582763671875 -0.00300598144531249 0.102890014648438
-0.00357818603515625 0.0597763061523437 -0.00268554687500001 0.077880859375
0.0344638824462891 0.0321197509765625 0.0169868469238281 0.0679359436035156
0.0431594848632813 -0.00274658203125 0.0245246887207031 0.0471992492675781
0.0209884643554687 -0.0345935821533203 0.0235748291015625 0.0335006713867188
-0.00278091430664062 -0.0410728454589844 0.0272140502929687 0.0390243530273438
-0.00340652465820312 -0.0429344177246094 0.0250320434570312 0.0515823364257813
-0.0104293823242187 -0.0493698120117188 0.0157890319824219 0.067108154296875
0.003326416015625 -0.0489768981933594 -0.0151443481445313 0.0711898803710937
0.0354270935058594 -0.0434455871582031 -0.0363960266113281 0.0507431030273438
0.055328369140625 -0.00735855102539062 -0.0474395751953125 0.0115814208984375
0.036773681640625 0.0560150146484375 -0.0280494689941406 -0.0193080902099609
-0.0139884948730469 0.0630149841308594 0.0149049758911133 0.0154409408569336
-0.0513153076171875 0.0365982055664063 -0.0401458740234375 0.0956573486328125
0.0515327453613281 0.0146408081054687 0.0356369018554688 -0.10943603515625
0.0237102508544922 -0.0321922302246094 -0.0126018524169922 -0.0239982604980469
-0.014556884765625 -0.0321559906005859 0.0355606079101563 0.024078369140625
-0.0307102203369141 -0.00414848327636718 0.0694656372070313 -0.0121002197265625
-0.0227222442626953 0.0181941986083984 0.0502662658691406 -0.0586700439453125
-0.00197601318359375 0.0283946990966797 0.0116424560546875 -0.0842208862304688
0.00266265869140625 0.0210361480712891 -0.0297317504882813 -0.0779647827148438
-0.00141143798828125 0.0164737701416016 -0.033447265625 -0.05975341796875
-0.00346565246582031 0.0165576934814453 -0.0351715087890625 -0.048492431640625
-0.0111074447631836 0.00869178771972656 -0.0273246765136719 -0.0476913452148438
-0.0148181915283203 -0.00748729705810547 -0.0247802734375 -0.0525856018066406
0.000326156616210935 -0.0289936065673828 -0.0152435302734375 -0.0689315795898437
0.0336322784423828 -0.0202770233154297 0.00893402099609375 -0.07830810546875
0.0524368286132812 0.00955963134765625 -0.000343322753906256 -0.10223388671875
0.0506973266601563 0.0410232543945313 -0.0137786865234375 -0.123970031738281
0.0475044250488281 0.0658760070800781 0.052337646484375 -0.100639343261719
0.0389366149902344 0.00796890258789063 -0.0045318603515625 -0.0205249786376953
0.0231552124023438 -0.0105648040771484 0.0429153442382813 0.0336837768554688
0.003021240234375 -0.0122709274291992 0.0798187255859375 -0.00732421875
-0.00200891494750977 -0.0068359375 0.0614051818847656 -0.0595436096191406
-0.00392889976501465 -0.00128030776977539 0.0149688720703125 -0.0887832641601562
-0.00986576080322266 -0.00675201416015625 -0.029510498046875 -0.0795440673828125
-0.00917720794677734 -0.0124645233154297 -0.031951904296875 -0.05657958984375
-0.0129232406616211 -0.0133142471313477 -0.0348052978515625 -0.0455818176269531
-0.00597190856933594 -0.0188999176025391 -0.0300674438476563 -0.0432090759277344
0.00828170776367188 -0.0279483795166016 -0.027252197265625 -0.0466117858886719
0.0340538024902344 -0.0287399291992188 -0.017425537109375 -0.0647468566894531
0.0587692260742188 0.0111465454101563 0.00334167480468751 -0.0703582763671875
0.0608062744140625 0.0487518310546875 -0.00304412841796875 -0.0898895263671875
0.0428466796875 0.0894546508789063 -0.0105514526367188 -0.104354858398438
0.0316925048828125 0.109428405761719 0.0650787353515625 -0.0750350952148438
0.0446395874023438 0.0532379150390625 0.00324106216430664 -0.00568532943725586
0.0602226257324219 0.0215072631835938 0.0471572875976563 0.0502204895019531
0.0424995422363281 -0.013916015625 0.0874786376953125 0.00591278076171875
0.0251922607421875 -0.0296554565429688 0.0720138549804688 -0.0504608154296875
-0.000600814819335934 -0.0323009490966797 0.0205154418945312 -0.0835418701171875
-0.0197334289550781 -0.0348320007324219 -0.023529052734375 -0.071929931640625
-0.0154762268066406 -0.0397491455078125 -0.0255012512207031 -0.0441017150878906
-0.0225563049316406 -0.0406455993652344 -0.0311431884765625 -0.0330562591552734
-0.00590133666992187 -0.0444259643554688 -0.0320339202880859 -0.0281696319580078
0.0237083435058594 -0.0483665466308594 -0.0313129425048828 -0.0329208374023438
0.0596504211425781 -0.0340461730957031 -0.0247573852539063 -0.0553131103515625
0.0815811157226563 0.0305099487304688 -0.00434875488281249 -0.0609321594238281
0.06939697265625 0.0754470825195312 -0.00256347656249999 -0.0723876953125
0.032989501953125 0.122856140136719 -0.00981903076171875 -0.0704421997070312
0.00885772705078124 0.13531494140625 0.0706329345703125 -0.0333633422851562
0.0371322631835938 0.0922088623046875 0.00821113586425781 0.0194873809814453
0.0840606689453125 0.0576095581054688 0.0449676513671875 0.0688629150390625
0.0772552490234375 -0.0059661865234375 0.0871810913085938 0.0262222290039063
0.0531387329101562 -0.0438690185546875 0.0773391723632813 -0.03125
0.00648117065429687 -0.0579109191894531 0.0269088745117188 -0.0670509338378906
-0.0246467590332031 -0.0577354431152344 -0.0138359069824219 -0.0553932189941406
-0.0197715759277344 -0.0608978271484375 -0.0161895751953125 -0.0256671905517578
-0.0303802490234375 -0.0618820190429688 -0.0234527587890625 -0.0133113861083984
-0.007965087890625 -0.063262939453125 -0.0311069488525391 -0.00797462463378906
0.0311203002929688 -0.0657768249511719 -0.0329971313476563 -0.0144805908203125
0.0737457275390625 -0.0413818359375 -0.0304412841796875 -0.0415267944335937
0.0958404541015625 0.0401840209960937 -0.0114669799804687 -0.0502853393554688
0.072235107421875 0.0901870727539063 0.00177383422851563 -0.053436279296875
0.0215682983398438 0.138420104980469 -0.00957107543945313 -0.0300407409667969
-0.0157089233398437 0.136497497558594 0.0657577514648438 0.0154075622558594
0.0177154541015625 0.113868713378906 0.00952529907226563 0.0494346618652344
0.0863265991210938 0.0891189575195313 0.0356674194335938 0.08465576171875
0.0967025756835938 0.00917816162109375 0.0764083862304688 0.047119140625
0.0742721557617187 -0.0457839965820313 0.0731582641601563 -0.0061187744140625
0.0156631469726563 -0.0725479125976563 0.030548095703125 -0.0420761108398438
-0.0246734619140625 -0.0709304809570313 -0.00178146362304688 -0.0313224792480469
-0.0208053588867187 -0.0729141235351563 -0.00432896614074707 -0.00314474105834961
-0.0344085693359375 -0.0738372802734375 -0.0121612548828125 0.00944042205810546
-0.00978851318359375 -0.0740509033203125 -0.0264415740966797 0.0153617858886719
0.0347366333007812 -0.0751495361328125 -0.032470703125 0.00523567199707031
0.0794525146484375 -0.0428848266601563 -0.0342559814453125 -0.0258808135986328
0.0976638793945313 0.047088623046875 -0.0156288146972656 -0.0396804809570313
0.0636215209960938 0.0955276489257813 0.010040283203125 -0.0335330963134766
0.00571441650390625 0.135795593261719 -0.00982952117919922 0.0119152069091797
-0.0363082885742188 0.1123046875 0.0548362731933594 0.0619239807128906
-0.0076904296875 0.109771728515625 0.00714111328125 0.0770950317382813
0.066497802734375 0.102577209472656 0.0222625732421875 0.0916748046875
0.0938720703125 0.0258255004882813 0.0580253601074219 0.0625762939453125
0.0798873901367187 -0.0363998413085937 0.0601730346679688 0.0181541442871094
0.0222854614257813 -0.0730209350585938 0.030792236328125 -0.0132026672363281
-0.0210723876953125 -0.0723114013671875 0.0106630325317383 -0.00496482849121094
-0.0190963745117188 -0.0732498168945313 0.00841712951660156 0.0185375213623047
-0.0328598022460938 -0.0755157470703125 7.62939453124974E-05 0.0320014953613281
-0.00910186767578125 -0.0745468139648438 -0.0203590393066406 0.0376358032226562
0.0362396240234375 -0.07452392578125 -0.0307903289794922 0.0237197875976563
0.0784149169921875 -0.0369186401367188 -0.0371131896972656 -0.00986480712890625
0.0879364013671875 0.0534439086914062 -0.0194187164306641 -0.0298480987548828
0.0439376831054688 0.094757080078125 0.0166912078857422 -0.0148344039916992
-0.0142974853515625 0.117279052734375 -0.0129127502441406 0.05023193359375
-0.0480766296386719 0.0677261352539063 0.0392913818359375 0.09832763671875
-0.02813720703125 0.08282470703125 0.00312042236328125 0.0970382690429687
0.0343704223632813 0.0915908813476562 0.00940704345703126 0.0893783569335938
0.0713577270507813 0.0332412719726563 0.0368423461914063 0.068695068359375
0.0689163208007812 -0.0219612121582031 0.0431594848632813 0.0360832214355469
0.0230941772460937 -0.0598716735839844 0.0274429321289063 0.0138511657714844
-0.0147705078125 -0.0615234375 0.021240234375 0.0197048187255859
-0.0143318176269531 -0.0631866455078125 0.0204696655273438 0.0376052856445312
-0.02569580078125 -0.0672760009765625 0.0122337341308594 0.0520172119140625
-0.00540161132812499 -0.0666770935058594 -0.0146980285644531 0.0585289001464844
0.0363044738769531 -0.064361572265625 -0.0314750671386719 0.0405540466308594
0.0708847045898438 -0.0252456665039063 -0.041534423828125 0.00355911254882813
0.0683174133300781 0.0577850341796875 -0.0238666534423828 -0.0223960876464844
0.0175933837890625 0.085601806640625 0.0203056335449219 0.00150871276855469
-0.0349044799804687 0.0849227905273438 -0.0209121704101563 0.0814132690429687
-0.0512428283691406 0.0115928649902344 0.0270767211914062 0.116058349609375
-0.0412521362304688 0.0397796630859375 0.00176239013671874 0.104377746582031
0.00130844116210938 0.0620079040527344 0.00106811523437499 0.0798492431640625
0.0375480651855469 0.03033447265625 0.0215835571289063 0.0689315795898438
0.0440330505371094 -0.006500244140625 0.0287628173828125 0.0467567443847656
0.0190086364746094 -0.0368881225585938 0.0259876251220703 0.0325126647949219
-0.00659561157226563 -0.0416755676269531 0.0298805236816406 0.0380744934082031
-0.00706863403320313 -0.0439872741699219 0.0287933349609375 0.0514717102050781
-0.0146446228027344 -0.0501976013183594 0.0208168029785156 0.0681953430175781
-0.000698089599609376 -0.0503921508789063 -0.01171875 0.0744400024414063
0.0321502685546875 -0.0471267700195313 -0.0349845886230469 0.0534591674804688
0.0564422607421875 -0.0119514465332031 -0.0483856201171875 0.0137672424316406
0.0423660278320313 0.0549736022949219 -0.0300464630126953 -0.0183925628662109
-0.0103797912597656 0.0662384033203125 0.0160503387451172 0.0136795043945313
-0.0504608154296875 0.0408210754394531 -0.0349273681640625 0.100242614746094
0.0524177551269531 0.00995254516601563 0.0279693603515625 -0.109901428222656
0.0211219787597656 -0.033447265625 -0.01397705078125 -0.0216960906982422
-0.0171394348144531 -0.0304965972900391 0.0371780395507813 0.0223617553710937
-0.0312080383300781 -0.00107765197753907 0.0685920715332031 -0.01593017578125
-0.0214176177978516 0.0206985473632813 0.0474586486816406 -0.0606956481933594
0.00100517272949219 0.0282974243164062 0.0076141357421875 -0.0852279663085938
0.00536346435546875 0.0194187164306641 -0.0345001220703125 -0.0755844116210938
0.00072002410888672 0.0158634185791016 -0.0371971130371094 -0.05670166015625
-0.00152873992919922 0.0162191390991211 -0.0384559631347656 -0.0455169677734375
-0.00941181182861328 0.00945949554443359 -0.03076171875 -0.0453681945800781
-0.0144758224487305 -0.00588893890380859 -0.0288467407226563 -0.0509757995605469
-0.00241661071777344 -0.0284862518310547 -0.0199775695800781 -0.0675163269042969
0.0313377380371094 -0.0224819183349609 0.00544738769531251 -0.0791397094726562
0.0526466369628906 0.00576019287109375 -0.0060882568359375 -0.101142883300781
0.0538406372070313 0.037109375 -0.0213088989257812 -0.120872497558594
0.0515174865722656 0.0611076354980469 0.0445327758789063 -0.102638244628906
0.0389442443847656 0.00574874877929688 -0.00629615783691406 -0.0185642242431641
0.0220603942871094 -0.0120563507080078 0.045196533203125 0.0313491821289063
0.00161170959472656 -0.0114908218383789 0.0796127319335938 -0.0115203857421875
-0.00273513793945313 -0.0052037239074707 0.0580101013183594 -0.0625572204589844
-0.0025031566619873 -0.000129938125610352 0.01007080078125 -0.0890274047851563
-0.00904655456542969 -0.00630760192871094 -0.0341339111328125 -0.0768356323242188
-0.00902175903320312 -0.0114421844482422 -0.0354843139648437 -0.0543174743652344
-0.0128746032714844 -0.0119962692260742 -0.0380859375 -0.0425262451171875
-0.00654983520507812 -0.018280029296875 -0.033111572265625 -0.0407791137695313
0.00671958923339844 -0.0267143249511719 -0.0304412841796875 -0.0445556640625
0.0311832427978516 -0.0299434661865234 -0.0222244262695312 -0.0641059875488281
0.0581626892089844 0.00728225708007812 -6.1035156250001E-05 -0.0707550048828125
0.0627822875976563 0.0439491271972656 -0.00820159912109375 -0.088897705078125
0.0488204956054687 0.0856704711914063 -0.0174484252929688 -0.101783752441406
0.0392227172851563 0.105659484863281 0.0584030151367188 -0.0785064697265625
0.0471343994140625 0.0504684448242188 0.00175929069519043 -0.00418281555175781
0.0603599548339844 0.0164947509765625 0.0506057739257813 0.0474624633789063
0.0403556823730469 -0.0158653259277344 0.08819580078125 0.000938415527343749
0.0226783752441406 -0.0298290252685547 0.0688552856445313 -0.0549201965332031
-0.00209617614746094 -0.0311336517333984 0.0153884887695312 -0.08404541015625
-0.020660400390625 -0.0327663421630859 -0.0281486511230469 -0.0697975158691406
-0.0173873901367187 -0.0384254455566406 -0.0284767150878906 -0.0423622131347656
-0.0247459411621094 -0.0388412475585937 -0.0333023071289063 -0.0300064086914062
-0.00774002075195313 -0.043365478515625 -0.0341625213623047 -0.0259857177734375
0.0205802917480469 -0.0484962463378906 -0.0341091156005859 -0.0312385559082031
0.0563240051269531 -0.0372734069824219 -0.0289306640625 -0.0549125671386719
0.0824966430664062 0.0253753662109375 -0.0071563720703125 -0.0611228942871094
0.072235107421875 0.0704116821289063 -0.00681304931640625 -0.0720748901367188
0.041168212890625 0.119842529296875 -0.0144996643066406 -0.0684928894042969
0.0181198120117187 0.132888793945313 0.0671463012695313 -0.0379562377929687
0.0423736572265625 0.0895767211914063 0.00811004638671876 0.0200099945068359
0.08709716796875 0.0513687133789063 0.0498085021972656 0.0659561157226563
0.0758056640625 -0.0106124877929688 0.0886459350585938 0.0211029052734375
0.0494499206542969 -0.0458602905273438 0.0750656127929688 -0.0362319946289063
0.00330734252929687 -0.0570449829101563 0.0230598449707031 -0.0680503845214844
-0.0272789001464844 -0.0549659729003906 -0.0175590515136719 -0.0536537170410156
-0.0230255126953125 -0.0588035583496094 -0.0176544189453125 -0.0247974395751953
-0.0339469909667969 -0.058563232421875 -0.0242652893066406 -0.0110950469970703
-0.0114059448242187 -0.0614128112792969 -0.0319557189941406 -0.00593185424804688
0.0264320373535156 -0.0666389465332031 -0.0348320007324219 -0.0131416320800781
0.0700874328613281 -0.045440673828125 -0.0343399047851562 -0.040252685546875
0.0978622436523438 0.0336532592773438 -0.0136871337890625 -0.0501365661621094
0.07666015625 0.0845947265625 -0.00100326538085937 -0.0533828735351562
0.0309371948242188 0.136283874511719 -0.0118522644042969 -0.0283069610595703
-0.00659942626953124 0.135795593261719 0.0650062561035156 0.0103073120117188
0.0241165161132813 0.112205505371094 0.0105094909667969 0.0489730834960938
0.0920257568359375 0.08160400390625 0.0414505004882813 0.0819625854492187
0.095855712890625 0.00334930419921875 0.0797653198242188 0.0428390502929688
0.0700302124023437 -0.0498695373535156 0.07257080078125 -0.0110626220703125
0.0106582641601563 -0.0721588134765625 0.0272407531738281 -0.0432586669921875
-0.0285072326660156 -0.067779541015625 -0.00425910949707032 -0.0308380126953125
-0.0253524780273438 -0.0704803466796875 -0.00468635559082031 -0.00331735610961915
-0.0388412475585938 -0.0699348449707031 -0.0117025375366211 0.0104961395263672
-0.0141067504882812 -0.07183837890625 -0.0258579254150391 0.0172290802001953
0.0290908813476563 -0.0756378173828125 -0.0330142974853516 0.0063800811767578
0.0758132934570313 -0.0478591918945313 -0.0373420715332031 -0.0245704650878906
0.100074768066406 0.040679931640625 -0.0177536010742187 -0.0391426086425781
0.0685195922851563 0.0908889770507813 0.00816917419433594 -0.0345401763916016
0.0142288208007812 0.134902954101563 -0.00917720794677734 0.0130090713500977
-0.0287246704101563 0.113418579101562 0.0573234558105469 0.0570945739746094
-0.00119781494140625 0.110031127929688 0.00992584228515624 0.0760421752929688
0.0729904174804687 0.0969314575195313 0.0274734497070313 0.0896682739257813
0.09466552734375 0.0198440551757812 0.061981201171875 0.0587997436523438
0.0768890380859375 -0.0417709350585938 0.0615882873535156 0.0139579772949219
0.0171585083007813 -0.0735549926757812 0.0291042327880859 -0.0146980285644531
-0.0250320434570312 -0.0696678161621094 0.00961112976074218 -0.00564289093017578
-0.023468017578125 -0.071319580078125 0.00961685180664062 0.0173931121826172
-0.03802490234375 -0.0721969604492188 0.001983642578125 0.0322380065917969
-0.0139694213867188 -0.072540283203125 -0.018524169921875 0.03912353515625
0.0304794311523438 -0.0755691528320313 -0.0302009582519531 0.0248527526855469
0.07501220703125 -0.0422592163085937 -0.0383033752441406 -0.00864028930664063
0.0911941528320313 0.0476608276367188 -0.0208759307861328 -0.0290603637695312
0.04901123046875 0.0914077758789063 0.0157938003540039 -0.0168333053588867
-0.00658416748046875 0.117897033691406 -0.0095977783203125 0.0508460998535156
-0.043060302734375 0.0700912475585938 0.0444107055664063 0.09368896484375
-0.0231170654296875 0.084136962890625 0.00714111328124999 0.095855712890625
0.0410690307617188 0.0890121459960938 0.01434326171875 0.08819580078125
0.0730209350585938 0.0283203125 0.0413436889648438 0.0671615600585937
0.0668373107910156 -0.0267677307128906 0.0455093383789063 0.0330924987792969
0.0189895629882812 -0.0607414245605469 0.0282382965087891 0.0118217468261719
-0.0186614990234375 -0.0591468811035156 0.0220794677734375 0.0181293487548828
-0.0185356140136719 -0.0615119934082031 0.0228767395019531 0.0360069274902344
-0.0312309265136719 -0.06451416015625 0.0156974792480469 0.051483154296875
-0.0101432800292969 -0.0649757385253906 -0.0113334655761719 0.059234619140625
0.0307731628417969 -0.0663108825683594 -0.0296096801757813 0.041717529296875
0.069000244140625 -0.0306434631347656 -0.04193115234375 0.00523376464843749
0.0724716186523437 0.0530242919921875 -0.0254325866699219 -0.0212440490722656
0.0230255126953125 0.083953857421875 0.0199909210205078 -0.000831604003906245
-0.0293350219726563 0.0866851806640625 -0.0150527954101562 0.0820236206054688
-0.0498199462890625 0.01470947265625 0.0334091186523438 0.111892700195313
-0.0386772155761719 0.0424919128417969 0.0065155029296875 0.103096008300781
0.00572586059570313 0.0617485046386719 0.00491333007812499 0.0802459716796875
0.0390815734863281 0.0274620056152344 0.0259552001953125 0.0678138732910156
0.0432624816894531 -0.00986099243164063 0.0320930480957031 0.0445671081542969
0.0158004760742188 -0.0381736755371094 0.0280189514160156 0.0310192108154297
-0.00948715209960937 -0.0399055480957031 0.0321769714355469 0.0356483459472656
-0.0107841491699219 -0.0428543090820313 0.0325126647949219 0.0485267639160156
-0.0190582275390625 -0.0480766296386719 0.0252761840820313 0.0666999816894531
-0.00458908081054688 -0.0500106811523438 -0.00710296630859374 0.0751571655273438
0.0282669067382812 -0.0490226745605469 -0.0322647094726563 0.0552787780761719
0.0552749633789062 -0.016632080078125 -0.0480995178222656 0.0162773132324219
0.0467948913574219 0.0517082214355469 -0.0316600799560547 -0.0169467926025391
-0.00575637817382812 0.0668258666992188 0.0171194076538086 0.0112600326538086
-0.0473251342773437 0.0440139770507813 -0.0279769897460938 0.101325988769531
0.0513648986816406 0.00693130493164063 0.022705078125 -0.107475280761719
0.0190944671630859 -0.0341644287109375 -0.0144710540771484 -0.0194129943847656
-0.0187015533447266 -0.0289516448974609 0.0376243591308594 0.0209922790527344
-0.0305004119873047 0.000766754150390625 0.0675163269042969 -0.0173797607421875
-0.0192222595214844 0.0223007202148438 0.0446624755859375 -0.0605850219726562
0.00329780578613281 0.0275936126708984 0.00475311279296875 -0.0839996337890625
0.00665473937988281 0.0184211730957031 -0.0361251831054687 -0.07244873046875
0.00173377990722656 0.0152454376220703 -0.0387992858886719 -0.0541114807128906
-0.000163078308105467 0.0157670974731445 -0.0396728515625 -0.0423660278320313
-0.00812435150146485 0.00963020324707031 -0.0318374633789062 -0.0432319641113281
-0.013859748840332 -0.00427818298339844 -0.0306587219238281 -0.0483245849609375
-0.00432205200195313 -0.0269947052001953 -0.0224571228027344 -0.0657234191894531
0.0284671783447266 -0.0230312347412109 0.00317382812499999 -0.0780487060546875
0.0514602661132813 0.00327301025390625 -0.0089874267578125 -0.0984344482421875
0.0546455383300781 0.0334701538085938 -0.0250396728515625 -0.115760803222656
0.0530509948730469 0.056854248046875 0.0388336181640625 -0.101066589355469
0.0382041931152344 0.003997802734375 -0.0070037841796875 -0.0165376663208008
0.020355224609375 -0.0125064849853516 0.0459136962890625 0.0286865234375
0.000469207763671874 -0.0103778839111328 0.0780258178710938 -0.0135879516601563
-0.00268244743347168 -0.00380754470825195 0.0545005798339844 -0.0629806518554687
-0.00111782550811768 0.000475049018859863 0.00692749023437501 -0.0874481201171875
-0.00813627243041992 -0.00550222396850586 -0.0362625122070313 -0.0735626220703125
-0.00868988037109375 -0.0110836029052734 -0.0370674133300781 -0.0511207580566406
-0.0120391845703125 -0.0112590789794922 -0.0396156311035156 -0.0396690368652344
-0.00631046295166016 -0.0167131423950195 -0.0345268249511719 -0.0384788513183594
0.00617790222167969 -0.0252952575683594 -0.0322952270507813 -0.0427703857421875
0.0285987854003906 -0.0293483734130859 -0.025299072265625 -0.0621261596679687
0.055877685546875 0.00510787963867188 -0.001495361328125 -0.0702133178710938
0.0624008178710938 0.0405654907226562 -0.0106735229492188 -0.0867538452148438
0.0511550903320313 0.0811233520507813 -0.0205764770507813 -0.0973663330078125
0.0429534912109375 0.100372314453125 0.0532150268554688 -0.0785293579101563
0.0477943420410156 0.0469970703125 0.000515937805175784 -0.00279831886291504
0.0592765808105469 0.0135269165039063 0.0516433715820313 0.0441207885742188
0.0383682250976563 -0.0163383483886719 0.08685302734375 -0.00153350830078125
0.0207004547119141 -0.0287761688232422 0.0654144287109375 -0.0557708740234375
-0.00213813781738281 -0.0292797088623047 0.012542724609375 -0.0826034545898438
-0.020477294921875 -0.0310554504394531 -0.0304107666015625 -0.0667877197265625
-0.0180778503417969 -0.0365715026855469 -0.0296592712402344 -0.04052734375
-0.0245857238769531 -0.0361824035644531 -0.0344028472900391 -0.0276966094970703
-0.00797653198242188 -0.0411224365234375 -0.0353736877441406 -0.0240516662597656
0.0185737609863281 -0.0470771789550781 -0.0357322692871094 -0.0293769836425781
0.0527877807617188 -0.0380401611328125 -0.031585693359375 -0.0533523559570312
0.0810546875 0.0215530395507813 -0.00875854492187499 -0.0607337951660156
0.072601318359375 0.0656356811523438 -0.00865936279296875 -0.0703277587890625
0.0451812744140625 0.114875793457031 -0.0169105529785156 -0.0654144287109375
0.0233154296875 0.127830505371094 0.0623283386230469 -0.0398597717285156
0.0442657470703125 0.0858306884765625 0.00751495361328125 0.0203800201416016
0.08685302734375 0.0458297729492188 0.0511894226074219 0.0624809265136719
0.0726776123046875 -0.01300048828125 0.0883865356445313 0.0177001953125
0.0455398559570312 -0.0462188720703125 0.0726394653320312 -0.03802490234375
0.00152587890625 -0.0548896789550781 0.0199394226074219 -0.0669898986816406
-0.0277900695800781 -0.0518913269042969 -0.0196418762207031 -0.0516281127929688
-0.0247077941894531 -0.0565452575683594 -0.018829345703125 -0.0234966278076172
-0.0350303649902344 -0.0552024841308594 -0.0242843627929688 -0.00966072082519531
-0.0130043029785156 -0.0586738586425781 -0.0320014953613281 -0.00365638732910157
0.02325439453125 -0.0646171569824219 -0.0359230041503906 -0.0116615295410156
0.0658073425292969 -0.0468063354492188 -0.0364913940429687 -0.03936767578125
0.0962295532226563 0.0292129516601562 -0.0147666931152344 -0.0492057800292969
0.0767669677734375 0.079193115234375 -0.0030975341796875 -0.0527114868164062
0.0355148315429687 0.131546020507813 -0.0127716064453125 -0.027069091796875
-0.001129150390625 0.131851196289063 0.0626945495605469 0.00659179687500001
0.0274505615234375 0.108489990234375 0.0105934143066406 0.0481300354003906
0.0926437377929687 0.0754928588867188 0.04339599609375 0.0782470703125
0.0932769775390625 -5.340576171875E-05 0.0800399780273438 0.0394973754882813
0.0654792785644531 -0.0513992309570313 0.0709152221679688 -0.013824462890625
0.00788116455078124 -0.0697479248046875 0.0251502990722656 -0.0429458618164063
-0.0300254821777344 -0.0640716552734375 -0.00604820251464844 -0.0298652648925781
-0.0276298522949219 -0.0679740905761719 -0.0049281120300293 -0.00351619720458985
-0.04046630859375 -0.0659904479980469 -0.0109891891479492 0.0113706588745117
-0.0163917541503906 -0.0682296752929687 -0.0254344940185547 0.0183315277099609
0.0248870849609375 -0.0744857788085938 -0.0333328247070313 0.00733184814453124
0.0713424682617188 -0.0493011474609375 -0.0384254455566406 -0.0236892700195313
0.0993728637695312 0.0356369018554688 -0.0183830261230469 -0.0385551452636719
0.0697402954101563 0.0860214233398438 0.00673294067382813 -0.0348167419433594
0.0196304321289063 0.130912780761719 -0.00813674926757813 0.0131092071533203
-0.0234451293945313 0.111030578613281 0.056884765625 0.0522804260253906
0.0023956298828125 0.107612609863281 0.0105514526367187 0.0741653442382813
0.0753173828125 0.0912628173828125 0.0303115844726562 0.086639404296875
0.0923614501953125 0.015411376953125 0.0626907348632813 0.0559234619140625
0.0727920532226563 -0.043609619140625 0.0605545043945313 0.0112380981445312
0.0140533447265625 -0.0717391967773438 0.0277748107910156 -0.0149993896484375
-0.027252197265625 -0.0661888122558594 0.00859975814819336 -0.00592231750488282
-0.0264892578125 -0.0685386657714844 0.0097808837890625 0.0162725448608398
-0.0403213500976562 -0.0677719116210938 0.00343513488769531 0.0315742492675781
-0.0165672302246094 -0.0694389343261719 -0.0168533325195313 0.0393333435058594
0.0260696411132813 -0.0740966796875 -0.0300502777099609 0.0248908996582031
0.0711669921875 -0.0441360473632813 -0.0394058227539062 -0.00822067260742189
0.0912933349609375 0.0426712036132813 -0.0212917327880859 -0.0282649993896484
0.0511856079101563 0.087249755859375 0.0145187377929688 -0.0181293487548828
-0.001739501953125 0.115020751953125 -0.00734710693359375 0.0500946044921875
-0.0393829345703125 0.069671630859375 0.0454559326171875 0.0882644653320313
-0.01983642578125 0.0832443237304688 0.00873565673828125 0.0931472778320313
0.0439834594726563 0.0849609375 0.01666259765625 0.0858917236328125
0.072479248046875 0.0250930786132813 0.0429420471191406 0.0642929077148438
0.06317138671875 -0.0292930603027344 0.0460968017578125 0.030242919921875
0.015289306640625 -0.0594406127929688 0.0276050567626953 0.0110511779785156
-0.0202674865722656 -0.05657958984375 0.0219364166259766 0.0170364379882812
-0.0209197998046875 -0.0593452453613281 0.0235767364501953 0.0333404541015625
-0.0335197448730469 -0.0608329772949219 0.0173072814941406 0.0499534606933594
-0.0129547119140625 -0.0625152587890625 -0.00913619995117188 0.058807373046875
0.0265693664550781 -0.0656547546386719 -0.0284957885742188 0.0412483215332031
0.0653305053710938 -0.0331382751464844 -0.0419082641601562 0.00601577758789062
0.0732421875 0.0488357543945312 -0.0251045227050781 -0.0203514099121094
0.0253677368164062 0.081146240234375 0.0192337036132812 -0.00286865234374999
-0.0246658325195312 0.0860443115234375 -0.011474609375 0.0795974731445313
-0.0480880737304687 0.0164375305175781 0.03570556640625 0.106491088867187
-0.0360107421875 0.0431365966796875 0.00863647460937499 0.0998992919921875
0.00940322875976562 0.0595779418945313 0.0063323974609375 0.07843017578125
0.0395622253417969 0.0255355834960938 0.0276145935058594 0.0657196044921875
0.0414619445800781 -0.0120735168457031 0.0334815979003906 0.0417747497558594
0.0135002136230469 -0.0377883911132813 0.0280055999755859 0.0294933319091797
-0.0111846923828125 -0.0379104614257813 0.0324268341064453 0.0335960388183594
-0.0127944946289062 -0.04132080078125 0.03363037109375 0.0457916259765625
-0.0216789245605469 -0.0459136962890625 0.0276145935058594 0.0636558532714844
-0.0069580078125 -0.0477256774902344 -0.0046539306640625 0.0743484497070313
0.024566650390625 -0.0491561889648438 -0.0301361083984375 0.0547332763671875
0.0529861450195313 -0.0190238952636719 -0.0469551086425781 0.0169258117675781
0.0486640930175781 0.0486831665039063 -0.031402587890625 -0.0160007476806641
-0.0029144287109375 0.0662155151367188 0.0168600082397461 0.00888347625732422
-0.0448150634765625 0.0449562072753906 -0.0225753784179687 0.0985488891601563
0.0499496459960938 0.00565719604492188 0.0206451416015625 -0.104866027832031
0.0177040100097656 -0.0340061187744141 -0.0139312744140625 -0.0176620483398438
-0.0186939239501953 -0.0274143218994141 0.0376243591308594 0.0203628540039063
-0.0304927825927734 0.00200843811035156 0.0668678283691406 -0.0174331665039063
-0.0177879333496094 0.023040771484375 0.0438957214355469 -0.0598640441894531
0.00515365600585937 0.0266914367675781 0.00415802001953124 -0.0830764770507813
0.00793266296386719 0.0171480178833008 -0.0363388061523438 -0.0709762573242188
0.00232410430908203 0.0148458480834961 -0.038726806640625 -0.0525665283203125
0.000765800476074217 0.0152645111083984 -0.0396881103515625 -0.0408363342285156
-0.00709438323974609 0.00990772247314453 -0.031982421875 -0.0417861938476562
-0.0131607055664062 -0.00347900390625 -0.0311241149902344 -0.0475959777832031
-0.00502395629882812 -0.0256710052490234 -0.0232048034667969 -0.0645713806152344
0.0270156860351563 -0.0224475860595703 0.00305938720703126 -0.0774612426757813
0.0501518249511719 0.00258255004882813 -0.00859069824218749 -0.0956497192382813
0.0539283752441406 0.0316047668457031 -0.025543212890625 -0.111557006835938
0.0520401000976563 0.0538558959960938 0.0361557006835938 -0.0985336303710938
0.0366744995117187 0.00286102294921875 -0.00737762451171875 -0.0151576995849609
0.0191726684570312 -0.0126724243164062 0.0457992553710937 0.0280876159667969
0.000110626220703125 -0.00942420959472656 0.0768508911132813 -0.0138168334960938
-0.00199723243713379 -0.00248336791992187 0.0536117553710938 -0.0617561340332031
-0.00012737512588501 0.000822782516479492 0.00609588623046874 -0.0865020751953125
-0.00727510452270508 -0.0058894157409668 -0.0362319946289063 -0.07183837890625
-0.00817108154296875 -0.0108442306518555 -0.0373611450195313 -0.0498619079589844
-0.0110960006713867 -0.0109453201293945 -0.0393943786621094 -0.0380821228027344
-0.005401611328125 -0.0162010192871094 -0.0347061157226563 -0.0372200012207031
0.00611305236816406 -0.0239219665527344 -0.0331039428710937 -0.0417633056640625
0.0273914337158203 -0.0286788940429688 -0.0260429382324219 -0.0614700317382813
0.054290771484375 0.00481414794921875 -0.00176620483398436 -0.0692939758300781
0.0605735778808594 0.0389556884765625 -0.010498046875 -0.0842132568359375
0.0511245727539063 0.0784530639648438 -0.0210800170898437 -0.093963623046875
0.0428466796875 0.0964202880859375 0.0500259399414063 -0.0770797729492188
0.0470619201660156 0.0454063415527344 -0.000566720962524411 -0.00158500671386718
0.0577545166015625 0.0125045776367188 0.0514335632324219 0.0432929992675781
0.0363998413085938 -0.0154953002929687 0.0854873657226563 -0.00177764892578125
0.019439697265625 -0.0275058746337891 0.0641632080078125 -0.0552177429199219
-0.00129890441894532 -0.0280513763427734 0.0118408203125 -0.081207275390625
-0.0196266174316406 -0.0299282073974609 -0.0311203002929687 -0.064849853515625
-0.0177688598632813 -0.0360565185546875 -0.0302238464355469 -0.0394515991210937
-0.0237998962402344 -0.0351943969726563 -0.0344944000244141 -0.0263385772705078
-0.00759506225585937 -0.0394973754882813 -0.0355796813964844 -0.0230560302734375
0.0179862976074219 -0.0453033447265625 -0.0362548828125 -0.0289230346679687
0.0507316589355469 -0.0372123718261719 -0.0328865051269531 -0.0527496337890625
0.0790176391601562 0.0206756591796875 -0.00865554809570312 -0.0602836608886719
0.0709915161132813 0.0636367797851563 -0.00925827026367188 -0.06866455078125
0.0458450317382812 0.111564636230469 -0.0169486999511719 -0.063018798828125
0.024017333984375 0.123680114746094 0.0590400695800781 -0.039581298828125
0.0439682006835938 0.0830307006835938 0.00589942932128907 0.0207061767578125
0.0851364135742188 0.0433731079101563 0.0508575439453125 0.0607261657714844
0.0700950622558594 -0.0131187438964844 0.087921142578125 0.0169448852539062
0.0437965393066406 -0.0448570251464844 0.07135009765625 -0.0379409790039063
0.00156021118164062 -0.0523796081542969 0.0188560485839844 -0.0659599304199219
-0.0271072387695312 -0.0500144958496094 -0.020233154296875 -0.0501213073730469
-0.0246391296386719 -0.0551376342773438 -0.0189132690429687 -0.0231285095214844
-0.034454345703125 -0.0530166625976563 -0.0246086120605469 -0.00847053527832031
-0.0126953125 -0.0565719604492188 -0.0324974060058594 -0.00322341918945313
0.0223846435546875 -0.0625267028808594 -0.0365943908691406 -0.0114593505859375
0.0635604858398438 -0.0464515686035156 -0.0377922058105469 -0.0393142700195313
0.0944671630859375 0.027862548828125 -0.0146980285644531 -0.04931640625
0.0753326416015625 0.0769119262695313 -0.00328445434570312 -0.0519828796386719
0.03662109375 0.128364562988281 -0.0124492645263672 -0.0257530212402344
0.000701904296874994 0.128074645996094 0.0598831176757813 0.00544738769531251
0.0275497436523438 0.106010437011719 0.00902557373046875 0.0474586486816406
0.0916748046875 0.072265625 0.043548583984375 0.0767440795898438
0.0910263061523438 -0.00128936767578125 0.0797958374023437 0.0381851196289063
0.0630073547363281 -0.050628662109375 0.0698699951171875 -0.014312744140625
0.00735092163085937 -0.0678672790527344 0.0245285034179688 -0.0423240661621094
-0.0294456481933594 -0.0619850158691406 -0.00666999816894532 -0.0294399261474609
-0.0280570983886719 -0.0663261413574219 -0.00484466552734375 -0.00374317169189453
-0.040863037109375 -0.0631866455078125 -0.0111865997314453 0.0112228393554687
-0.0163803100585938 -0.0657501220703125 -0.0252742767333984 0.0187797546386719
0.023406982421875 -0.072052001953125 -0.0336971282958984 0.00703239440917968
0.0683975219726563 -0.0491142272949219 -0.0398330688476562 -0.0238304138183594
0.0974273681640625 0.0332412719726562 -0.0180931091308594 -0.0386619567871094
0.0684890747070312 0.083465576171875 0.00592613220214845 -0.034698486328125
0.0203323364257812 0.127777099609375 -0.00769615173339844 0.0131168365478516
-0.0215988159179688 0.108406066894531 0.0546112060546875 0.0498390197753906
0.00315093994140625 0.105735778808594 0.00904846191406251 0.0729446411132813
0.0753707885742188 0.088348388671875 0.0299224853515625 0.0851516723632813
0.0901947021484375 0.0144805908203125 0.0626602172851563 0.0547599792480469
0.0703964233398438 -0.0434646606445313 0.0596771240234375 0.0102996826171875
0.0127143859863281 -0.0696601867675781 0.0270271301269531 -0.0147132873535156
-0.0269622802734375 -0.0639839172363281 0.00770425796508789 -0.0060725212097168
-0.0271034240722656 -0.0664138793945312 0.00997543334960937 0.0154285430908203
-0.0405616760253906 -0.0651054382324219 0.00362014770507812 0.0307273864746094
-0.0169181823730469 -0.0670623779296875 -0.0167007446289062 0.0395927429199219
0.0239486694335938 -0.0722427368164062 -0.0305290222167969 0.0244522094726562
0.0681037902832031 -0.0442390441894531 -0.0397567749023438 -0.00887298583984374
0.0903091430664063 0.0408096313476563 -0.0210189819335938 -0.0286102294921875
0.0504226684570313 0.0849761962890625 0.0140495300292969 -0.0188617706298828
-4.5776367187493E-05 0.112991333007813 -0.00645828247070313 0.0483207702636719
-0.0381889343261719 0.0678749084472656 0.0444488525390625 0.0849761962890625
-0.0186538696289063 0.0820846557617188 0.00749206542968751 0.0909652709960938
0.044769287109375 0.082763671875 0.0161666870117188 0.0842132568359375
0.0709152221679688 0.0234603881835938 0.0430221557617188 0.0630455017089844
0.0610389709472656 -0.0291481018066406 0.0456695556640625 0.02923583984375
0.0142936706542969 -0.058319091796875 0.0271244049072266 0.0111713409423828
-0.0211753845214844 -0.0546951293945313 0.0213356018066406 0.0162544250488281
-0.0221519470214844 -0.0576858520507813 0.0234603881835938 0.0320873260498047
-0.0343284606933594 -0.0580482482910156 0.0173606872558594 0.0484466552734375
-0.0137786865234375 -0.060211181640625 -0.00875854492187499 0.058074951171875
0.0240402221679688 -0.0643959045410156 -0.028656005859375 0.0404243469238281
0.0632438659667969 -0.0336112976074219 -0.0415840148925781 0.00500488281249999
0.0731964111328125 0.0460739135742187 -0.0249519348144531 -0.0208053588867187
0.0258255004882812 0.0798110961914062 0.0184898376464844 -0.00419998168945312
-0.0228805541992188 0.084503173828125 -0.00991058349609374 0.0774459838867188
-0.0471763610839844 0.0166168212890625 0.0349197387695312 0.102645874023438
-0.0352020263671875 0.0433311462402344 0.00800323486328124 0.0977935791015625
0.0108642578125 0.0585365295410156 0.00623321533203125 0.0771636962890625
0.0389022827148438 0.0240974426269531 0.0275764465332031 0.0645599365234375
0.0401077270507812 -0.0124664306640625 0.0335540771484375 0.0404548645019531
0.0122833251953125 -0.0379829406738281 0.0278339385986328 0.0291023254394531
-0.0119285583496094 -0.0368728637695313 0.0322914123535156 0.0321807861328125
-0.0135688781738281 -0.0403175354003906 0.0336189270019531 0.0440902709960938
-0.0228309631347656 -0.0441398620605469 0.0279388427734375 0.0618362426757813
-0.00815582275390625 -0.0464859008789062 -0.00368499755859376 0.07305908203125
0.0223236083984375 -0.0486679077148438 -0.0298042297363281 0.0533180236816406
0.0517463684082031 -0.0198593139648438 -0.0464515686035156 0.0162162780761719
0.0490264892578125 0.0465888977050781 -0.0314102172851563 -0.0160617828369141
-0.00143814086914063 0.0651168823242187 0.0165119171142578 0.00723075866699219
-0.0431098937988281 0.0450897216796875 -0.0213241577148437 0.0960540771484375
0.0492019653320312 0.00479507446289063 0.0205917358398438 -0.103904724121094
0.0175590515136719 -0.0339813232421875 -0.013972282409668 -0.0169925689697266
-0.019073486328125 -0.0275821685791016 0.0369415283203125 0.0210647583007813
-0.0304450988769531 0.00315093994140625 0.0673141479492188 -0.0169525146484375
-0.0171718597412109 0.0243415832519531 0.0451622009277344 -0.0589523315429688
0.00632858276367187 0.0265522003173828 0.0048065185546875 -0.0835418701171875
0.00826263427734375 0.0161924362182617 -0.0362625122070312 -0.0714263916015625
0.00296497344970703 0.0144529342651367 -0.0393142700195312 -0.0525932312011719
0.00122356414794922 0.0147695541381836 -0.0399055480957031 -0.0402717590332031
-0.00615978240966797 0.00973606109619141 -0.0323333740234375 -0.0418014526367187
-0.0124340057373047 -0.00330734252929687 -0.0315589904785156 -0.048095703125
-0.00583267211914063 -0.0248622894287109 -0.0235595703125 -0.0650711059570313
0.0266132354736328 -0.0224742889404297 0.00470733642578125 -0.0780181884765625
0.0498161315917969 0.00257110595703125 -0.00717926025390624 -0.0953140258789063
0.0539779663085938 0.0308380126953125 -0.0237350463867187 -0.110275268554687
0.0511741638183594 0.053009033203125 0.03564453125 -0.097808837890625
0.0360565185546875 0.00301361083984375 -0.007843017578125 -0.0141620635986328
0.0185718536376953 -0.0125350952148438 0.0452995300292969 0.0286598205566406
-0.000616073608398437 -0.0082855224609375 0.0778732299804688 -0.01287841796875
-0.00216567516326904 -0.00129866600036621 0.0547676086425781 -0.0614967346191406
0.000994086265563965 0.000595271587371826 0.00685882568359376 -0.0869674682617187
-0.00614118576049805 -0.00656557083129883 -0.0363311767578125 -0.0723342895507813
-0.00787639617919922 -0.0113162994384766 -0.0375175476074219 -0.0501136779785156
-0.0106048583984375 -0.0110015869140625 -0.0398063659667969 -0.0374298095703125
-0.00415515899658203 -0.015721321105957 -0.035125732421875 -0.0372390747070313
0.00735855102539062 -0.0233898162841797 -0.0336532592773437 -0.042633056640625
0.0265331268310547 -0.0272541046142578 -0.0269393920898438 -0.0622749328613281
0.0533981323242188 0.00516891479492188 -0.000320434570312491 -0.0703353881835938
0.0601425170898437 0.0388145446777344 -0.00940704345703124 -0.08404541015625
0.0510635375976563 0.0779876708984375 -0.0201187133789062 -0.092987060546875
0.0418701171875 0.0955963134765625 0.0488967895507813 -0.0762405395507813
0.0459060668945313 0.0454673767089844 -0.00131165981292724 -0.000756263732910153
0.0568580627441406 0.011932373046875 0.0511207580566406 0.0432891845703125
0.0352745056152344 -0.0149269104003906 0.0865020751953125 -0.000976562500000001
0.0198917388916016 -0.0262622833251953 0.06524658203125 -0.0545654296875
-0.000453948974609378 -0.0276718139648438 0.0125045776367188 -0.0815277099609375
-0.0187568664550781 -0.0301647186279297 -0.0306282043457031 -0.0650901794433594
-0.0174179077148437 -0.0362434387207031 -0.0303916931152344 -0.0399589538574219
-0.0231399536132813 -0.0344772338867188 -0.0347671508789063 -0.0258598327636719
-0.00641632080078125 -0.0390052795410156 -0.0360031127929688 -0.0228385925292969
0.0191116333007812 -0.0440597534179688 -0.0372085571289062 -0.0295257568359375
0.0504913330078125 -0.0361480712890625 -0.0338134765625 -0.0538291931152344
0.0783004760742188 0.0213851928710938 -0.00738906860351562 -0.0616416931152344
0.0699310302734375 0.063873291015625 -0.00844192504882812 -0.0691604614257813
0.0456771850585938 0.111160278320313 -0.0164718627929687 -0.0622062683105469
0.0234603881835937 0.122650146484375 0.0576095581054687 -0.039642333984375
0.0430755615234375 0.0834503173828125 0.0045623779296875 0.0215492248535156
0.0845794677734375 0.0431976318359375 0.0502090454101563 0.0609397888183594
0.0694808959960938 -0.0122451782226563 0.0885848999023438 0.0179214477539063
0.0438117980957031 -0.0441246032714844 0.0723724365234375 -0.0376968383789063
0.0024871826171875 -0.0515556335449219 0.0194511413574219 -0.0660743713378906
-0.0262031555175781 -0.0498771667480469 -0.0204849243164063 -0.0501518249511719
-0.0246391296386719 -0.0554351806640625 -0.0193862915039063 -0.0235481262207031
-0.0334205627441406 -0.0525283813476563 -0.0246677398681641 -0.00845336914062501
-0.0117454528808594 -0.0557785034179688 -0.0327243804931641 -0.00292778015136719
0.0225830078125 -0.0613174438476563 -0.0381088256835938 -0.0123825073242188
0.062835693359375 -0.0449981689453125 -0.039520263671875 -0.0402488708496094
0.0940322875976563 0.0283126831054687 -0.0138320922851562 -0.051055908203125
0.0743179321289063 0.0774307250976563 -0.00291442871093749 -0.0525398254394531
0.0365753173828125 0.128150939941406 -0.0124416351318359 -0.0252895355224609
-0.000335693359375002 0.127143859863281 0.0582695007324219 0.00562286376953126
0.0264511108398438 0.106781005859375 0.00713348388671875 0.04864501953125
0.0914306640625 0.0721282958984375 0.0422515869140625 0.0767974853515625
0.09002685546875 -0.000335693359375 0.0800094604492188 0.0390472412109375
0.0628585815429688 -0.0498161315917969 0.0706558227539063 -0.0139846801757813
0.00840759277343751 -0.0669822692871094 0.0247917175292969 -0.0419425964355469
-0.0287322998046875 -0.0617523193359375 -0.00675582885742188 -0.0292339324951172
-0.02783203125 -0.0665206909179688 -0.00547122955322266 -0.00400924682617188
-0.0401153564453125 -0.0624847412109375 -0.0113058090209961 0.0115232467651367
-0.0153923034667969 -0.0652694702148438 -0.0259876251220703 0.0189037322998047
0.0238037109375 -0.0709075927734375 -0.0353164672851563 0.00620651245117187
0.068145751953125 -0.0483741760253906 -0.0415725708007812 -0.025054931640625
0.0975799560546875 0.0338211059570313 -0.0174827575683594 -0.0400848388671875
0.067474365234375 0.0837020874023438 0.00600433349609376 -0.0354347229003906
0.0206375122070313 0.128166198730469 -0.00807476043701172 0.0131750106811524
-0.0231094360351563 0.107460021972656 0.0526962280273438 0.0489006042480469
0.00197601318359375 0.106330871582031 0.00662994384765625 0.0733261108398438
0.074920654296875 0.0884857177734375 0.0288162231445313 0.0854415893554687
0.0900039672851562 0.0148849487304687 0.0627822875976563 0.0554428100585938
0.0699119567871094 -0.0431938171386719 0.0605010986328125 0.0105628967285156
0.0134048461914062 -0.069000244140625 0.0272464752197266 -0.0144596099853516
-0.0268669128417969 -0.0634498596191406 0.00736856460571289 -0.00566577911376953
-0.0271644592285156 -0.0670623779296875 0.00909996032714844 0.0152082443237305
-0.040130615234375 -0.0644721984863281 0.00322723388671875 0.0312767028808594
-0.0167236328125 -0.0662345886230469 -0.0171623229980469 0.0399742126464844
0.024017333984375 -0.071502685546875 -0.0317649841308594 0.0237026214599609
0.0679893493652344 -0.0440788269042969 -0.0415420532226562 -0.0099639892578125
0.0904769897460938 0.040557861328125 -0.0209903717041015 -0.0297698974609375
0.0498886108398438 0.0855178833007813 0.0140190124511719 -0.0195636749267578
-3.05175781250042E-05 0.112861633300781 -0.00632095336914063 0.0484504699707031
-0.0383796691894531 0.0675888061523438 0.0421981811523437 0.0839004516601563
-0.0193099975585938 0.0822906494140625 0.00501251220703126 0.0910568237304687
0.0451431274414063 0.082489013671875 0.0145797729492188 0.084991455078125
0.0706329345703125 0.0240859985351563 0.0432395935058594 0.0639801025390625
0.0609321594238281 -0.0293159484863281 0.0456008911132813 0.0291099548339844
0.0146293640136719 -0.058074951171875 0.027130126953125 0.0107250213623047
-0.0206413269042969 -0.0540542602539062 0.0212173461914063 0.0165252685546875
-0.0222702026367187 -0.05767822265625 0.0233497619628906 0.0318508148193359
-0.0345268249511719 -0.0573577880859375 0.0171966552734375 0.0487442016601562
-0.0136299133300781 -0.0595893859863281 -0.00891876220703126 0.0586662292480469
0.0237541198730469 -0.0637893676757813 -0.0299873352050781 0.0397148132324219
0.0626220703125 -0.0338706970214844 -0.0433082580566406 0.00421524047851561
0.073699951171875 0.0455856323242188 -0.0249252319335938 -0.0219345092773437
0.025848388671875 0.0801315307617188 0.0182991027832031 -0.00554847717285156
-0.0229568481445313 0.084991455078125 -0.0107040405273438 0.0764083862304688
-0.0473289489746094 0.0158615112304687 0.0327529907226563 0.10162353515625
-0.0355300903320313 0.0433731079101563 0.00550079345703125 0.0976409912109375
0.0110931396484375 0.0584030151367188 0.00466918945312499 0.0785064697265625
0.0389404296875 0.024139404296875 0.0271835327148438 0.0655937194824219
0.0401344299316406 -0.0130577087402344 0.0333099365234375 0.0408363342285156
0.0119285583496094 -0.037353515625 0.0277900695800781 0.0291328430175781
-0.0121726989746094 -0.0366287231445313 0.0317897796630859 0.0319690704345703
-0.014373779296875 -0.0404396057128906 0.0330848693847656 0.04339599609375
-0.0236740112304687 -0.0435028076171875 0.0278663635253906 0.0621910095214844
-0.0086669921875 -0.0461769104003906 -0.00387573242187501 0.0731430053710938
0.0215797424316406 -0.0484695434570313 -0.03082275390625 0.0526313781738281
0.0513076782226563 -0.0208892822265625 -0.0474166870117187 0.0151176452636719
0.0497055053710938 0.0461463928222656 -0.0311164855957031 -0.0169181823730469
-0.001495361328125 0.06561279296875 0.0162391662597656 0.00609397888183594
-0.0431060791015625 0.0447196960449219 -0.0216598510742188 0.0950393676757812
0.0499229431152344 0.004608154296875 0.0207138061523437 -0.105438232421875
0.0175037384033203 -0.0350303649902344 -0.014744758605957 -0.0165376663208008
-0.0201969146728516 -0.0280075073242187 0.0379524230957031 0.0222129821777344
-0.0317325592041016 0.00428199768066406 0.0702323913574219 -0.0170783996582031
-0.0165882110595703 0.0255661010742188 0.0477485656738281 -0.0599899291992188
0.00717926025390625 0.0260334014892578 0.00534057617187499 -0.0866012573242188
0.00875473022460938 0.0157337188720703 -0.0368270874023437 -0.0732803344726563
0.0029754638671875 0.01446533203125 -0.0410881042480469 -0.0538978576660156
0.00187397003173828 0.0148429870605469 -0.0410499572753906 -0.0407218933105469
-0.00550651550292969 0.00994873046875 -0.0332374572753906 -0.043243408203125
-0.0122528076171875 -0.00272464752197266 -0.0329399108886719 -0.0494270324707031
-0.00632667541503906 -0.0244560241699219 -0.0243263244628906 -0.0671806335449219
0.0265064239501953 -0.022674560546875 0.00585174560546875 -0.080718994140625
0.050689697265625 0.0020599365234375 -0.00643157958984375 -0.0975494384765625
0.0557823181152344 0.0310096740722656 -0.0236892700195312 -0.112045288085938
0.0517425537109375 0.0535316467285156 0.0360794067382813 -0.0992202758789063
0.0366897583007813 0.00262832641601563 -0.00838279724121093 -0.013392448425293
0.0185050964355469 -0.0128536224365234 0.0465736389160156 0.0299339294433594
-0.000919342041015625 -0.00703239440917969 0.0807266235351562 -0.0127944946289062
-0.00134539604187012 -0.000148296356201172 0.0570144653320313 -0.0628318786621094
0.00240778923034668 0.000208139419555664 0.00732421874999999 -0.089935302734375
-0.00581264495849609 -0.00691080093383789 -0.0379486083984375 -0.0740585327148438
-0.00783824920654297 -0.0118875503540039 -0.0391426086425781 -0.0512542724609375
-0.0102090835571289 -0.0113868713378906 -0.0411376953125 -0.0377769470214844
-0.00330734252929688 -0.0160255432128906 -0.0366172790527344 -0.0381851196289063
0.00791358947753906 -0.0232410430908203 -0.03515625 -0.0440635681152344
0.0265998840332031 -0.0273265838623047 -0.0286865234375 -0.0643730163574219
0.0541267395019531 0.00608444213867187 0.000747680664062507 -0.0730209350585938
0.0607223510742188 0.0395011901855469 -0.00860595703125 -0.0860824584960938
0.052764892578125 0.0791397094726563 -0.0200881958007813 -0.0941009521484375
0.0420379638671875 0.0966339111328125 0.0486679077148438 -0.0775833129882813
0.0466079711914063 0.0464134216308594 -0.00210332870483398 0.000777959823608401
0.0574111938476562 0.0120773315429687 0.0519332885742188 0.0449485778808594
0.0359916687011719 -0.0144386291503906 0.0901336669921875 -0.000808715820312501
0.0206851959228516 -0.0262279510498047 0.0675468444824219 -0.0557899475097656
0.000532150268554687 -0.0280742645263672 0.0130081176757812 -0.08404541015625
-0.01873779296875 -0.0306205749511719 -0.0320587158203125 -0.0665016174316406
-0.0177650451660156 -0.0374031066894531 -0.0321731567382813 -0.0407028198242188
-0.0229644775390625 -0.0357437133789062 -0.0362167358398438 -0.0264015197753906
-0.00561141967773438 -0.0394859313964844 -0.0375900268554688 -0.0230255126953125
0.0201263427734375 -0.04449462890625 -0.0389976501464844 -0.0307044982910156
0.0511627197265625 -0.0361213684082031 -0.0361251831054688 -0.0560531616210937
0.0796661376953125 0.02197265625 -0.00690460205078125 -0.06439208984375
0.0708999633789063 0.065338134765625 -0.00775909423828125 -0.0711593627929688
0.0468368530273438 0.113380432128906 -0.0165061950683594 -0.0628585815429688
0.022674560546875 0.124519348144531 0.0576972961425781 -0.040191650390625
0.0435028076171875 0.085968017578125 0.00300025939941407 0.0227546691894531
0.0861129760742187 0.0433731079101562 0.0512351989746094 0.0631561279296875
0.0702552795410156 -0.0116806030273438 0.0914306640625 0.0186233520507813
0.0445976257324219 -0.0445365905761719 0.0744552612304688 -0.0384979248046875
0.00337982177734375 -0.0528450012207031 0.0201225280761719 -0.0681343078613281
-0.0264816284179688 -0.0506057739257813 -0.0214195251464844 -0.0512542724609375
-0.0254783630371094 -0.0570869445800781 -0.0205268859863281 -0.0238780975341797
-0.0342292785644531 -0.0534286499023438 -0.0259017944335938 -0.00821876525878906
-0.0110244750976562 -0.05670166015625 -0.0344963073730469 -0.00303840637207032
0.0235824584960938 -0.0621528625488281 -0.0401496887207031 -0.0130386352539063
0.0641860961914063 -0.0458564758300781 -0.0419921875 -0.0424270629882812
0.0963897705078125 0.0290908813476562 -0.0137367248535156 -0.0534439086914062
0.0752334594726563 0.0788345336914063 -0.00270462036132812 -0.0545692443847656
0.0374755859375 0.131050109863281 -0.012359619140625 -0.0254058837890625
-0.001678466796875 0.129188537597656 0.0584030151367187 0.00524520874023438
0.0264053344726563 0.109603881835938 0.00543975830078125 0.0500679016113281
0.0932388305664062 0.0732269287109375 0.042694091796875 0.0788955688476563
0.0916595458984375 0.00026702880859375 0.0831985473632813 0.0404434204101563
0.0643463134765625 -0.0504570007324219 0.0728073120117188 -0.0142593383789063
0.009002685546875 -0.0684318542480469 0.0259666442871094 -0.0431861877441406
-0.0293960571289063 -0.0623016357421875 -0.00778007507324219 -0.0295085906982422
-0.0294189453125 -0.0682487487792969 -0.00616931915283203 -0.00460529327392578
-0.0409393310546875 -0.0636062622070312 -0.0118303298950195 0.0120744705200195
-0.0155410766601563 -0.0661354064941406 -0.0272979736328125 0.0199451446533203
0.0239410400390625 -0.0718231201171875 -0.0376968383789063 0.00621795654296875
0.0695152282714844 -0.0489578247070313 -0.0444869995117187 -0.0268669128417969
0.100234985351563 0.034515380859375 -0.0178871154785156 -0.0429191589355469
0.0687103271484375 0.0856781005859375 0.00639724731445313 -0.0373382568359375
0.021759033203125 0.130714416503906 -0.00804710388183594 0.013580322265625
-0.0241165161132813 0.109580993652344 0.0522308349609375 0.0496063232421875
0.0017242431640625 0.109451293945312 0.00513458251953125 0.0753173828125
0.0771331787109375 0.09002685546875 0.0285873413085938 0.0880355834960938
0.0917510986328125 0.0159378051757812 0.0648918151855469 0.0571517944335937
0.0717926025390625 -0.0445556640625 0.0622482299804688 0.0109939575195312
0.0135726928710937 -0.0702171325683594 0.0284194946289062 -0.0143241882324219
-0.0272979736328125 -0.0642738342285156 0.0069432258605957 -0.00570058822631836
-0.0285148620605469 -0.0686912536621094 0.00909805297851562 0.0152969360351562
-0.04132080078125 -0.0654449462890625 0.00337409973144531 0.0321941375732422
-0.0166397094726562 -0.0671043395996094 -0.0184745788574219 0.0414390563964844
0.024322509765625 -0.0724945068359375 -0.0339984893798828 0.0242061614990234
0.0687637329101563 -0.0451011657714844 -0.0446510314941406 -0.0109291076660156
0.09320068359375 0.0409164428710938 -0.0214328765869141 -0.0320606231689453
0.051055908203125 0.087371826171875 0.0141220092773438 -0.0211620330810547
0.000419616699218746 0.1153564453125 -0.00618743896484376 0.0491561889648438
-0.0407028198242188 0.0691261291503906 0.0415573120117188 0.0848541259765625
-0.0203094482421875 0.0848464965820313 0.00353240966796875 0.0928421020507813
0.0466537475585938 0.08477783203125 0.0139617919921875 0.0877227783203125
0.0722274780273438 0.024993896484375 0.0443115234375 0.0658760070800781
0.0626754760742188 -0.0305252075195313 0.0466880798339844 0.0300559997558594
0.0144538879394531 -0.0598945617675781 0.0282211303710938 0.011993408203125
-0.0216789245605469 -0.0545158386230469 0.0211582183837891 0.016815185546875
-0.0238380432128906 -0.0593719482421875 0.0238666534423828 0.0323619842529297
-0.0359992980957031 -0.0585746765136719 0.0181236267089844 0.0496559143066406
-0.0145149230957031 -0.0607757568359375 -0.0095977783203125 0.0606727600097656
0.0235633850097656 -0.0647697448730469 -0.0324478149414063 0.0405807495117187
0.063232421875 -0.0350875854492188 -0.0459442138671875 0.00344848632812499
0.0762557983398438 0.0466690063476562 -0.0253009796142578 -0.0234584808349609
0.0265731811523438 0.0821762084960938 0.0182647705078125 -0.00666809082031249
-0.0237045288085938 0.0860443115234375 -0.010833740234375 0.0777359008789063
-0.0493431091308594 0.0163726806640625 0.0317916870117188 0.103302001953125
-0.0362663269042969 0.0449752807617187 0.00390624999999999 0.0998306274414063
0.0126571655273438 0.0598373413085938 0.0038909912109375 0.0812606811523438
0.0403404235839844 0.0246353149414063 0.0282440185546875 0.0681419372558594
0.04107666015625 -0.0138168334960938 0.034271240234375 0.0421714782714844
0.0118751525878906 -0.0385780334472656 0.0286312103271484 0.0301094055175781
-0.013702392578125 -0.0370330810546875 0.0323467254638672 0.0327987670898438
-0.0156135559082031 -0.0411453247070313 0.0344390869140625 0.0438766479492187
-0.0248870849609375 -0.044036865234375 0.0286445617675781 0.0635604858398438
-0.00984573364257812 -0.0467910766601563 -0.004425048828125 0.0757675170898438
0.0215301513671875 -0.0499382019042969 -0.0331497192382812 0.0539474487304687
0.0515518188476563 -0.0217857360839844 -0.0498542785644531 0.0144004821777344
0.0518302917480469 0.0465774536132813 -0.0321826934814453 -0.0182857513427734
-0.000507354736328124 0.067352294921875 0.0164451599121094 0.00475692749023438
-0.0440483093261719 0.0460739135742188 -0.0220489501953125 0.0966796875
0.0509757995605469 0.00378036499023438 0.0191268920898438 -0.108688354492188
0.0164794921875 -0.0370445251464844 -0.0158147811889648 -0.0158281326293945
-0.022369384765625 -0.0284786224365234 0.0398521423339844 0.0228195190429687
-0.0323982238769531 0.00631332397460938 0.0724716186523438 -0.0184860229492187
-0.0158977508544922 0.0274753570556641 0.0488166809082031 -0.0636444091796875
0.00877189636230468 0.0262985229492187 0.00384521484375001 -0.0902938842773438
0.00966644287109375 0.0153331756591797 -0.040435791015625 -0.0750503540039063
0.00394153594970703 0.0141983032226562 -0.0438804626464844 -0.0545158386230469
0.00288105010986328 0.0149412155151367 -0.0435523986816406 -0.0404014587402344
-0.00430011749267578 0.010040283203125 -0.0355720520019531 -0.0442466735839844
-0.0121316909790039 -0.00237083435058594 -0.0358467102050781 -0.050628662109375
-0.00785636901855469 -0.0242500305175781 -0.0270233154296875 -0.0689697265625
0.02655029296875 -0.0238914489746094 0.00489044189453125 -0.0840072631835938
0.0522956848144531 0.0004730224609375 -0.00732421875 -0.100242614746094
0.0579643249511719 0.029937744140625 -0.0259323120117188 -0.114067077636719
0.05401611328125 0.0545272827148438 0.0345382690429687 -0.102455139160156
0.0372810363769531 0.00179672241210938 -0.0097503662109375 -0.0121059417724609
0.0179061889648438 -0.0138282775878906 0.048309326171875 0.0308685302734375
-0.00153160095214844 -0.00628995895385742 0.083892822265625 -0.0149993896484375
-0.000567317008972168 0.000535249710083008 0.0588226318359375 -0.0659255981445313
0.00354290008544922 -3.62396240234375E-05 0.00601959228515625 -0.0932769775390625
-0.00565862655639648 -0.00768280029296875 -0.0412445068359375 -0.0753707885742188
-0.00778102874755859 -0.0123758316040039 -0.0421600341796875 -0.0520515441894531
-0.00996017456054687 -0.0120906829833984 -0.0442352294921875 -0.0381355285644531
-0.00261497497558594 -0.0166749954223633 -0.0389595031738281 -0.0388259887695313
0.0084991455078125 -0.0232601165771484 -0.0384292602539063 -0.0456085205078125
0.0266284942626953 -0.0278167724609375 -0.0317115783691406 -0.0661659240722656
0.0556716918945313 0.00545501708984375 4.57763671875091E-05 -0.0766372680664063
0.062896728515625 0.0395698547363281 -0.00967407226562501 -0.088836669921875
0.0562362670898438 0.079864501953125 -0.0220870971679687 -0.095916748046875
0.0448074340820313 0.0988616943359375 0.0479965209960937 -0.08074951171875
0.0480232238769531 0.0467643737792969 -0.00339698791503906 0.00198745727539063
0.0588836669921875 0.0108718872070313 0.0544586181640625 0.0462112426757812
0.0362358093261719 -0.014312744140625 0.0933914184570313 -0.00264739990234375
0.0213279724121094 -0.0266036987304687 0.0697975158691406 -0.0591659545898438
0.000951766967773438 -0.0287075042724609 0.0118942260742188 -0.0876007080078125
-0.0191974639892578 -0.0316009521484375 -0.0352706909179688 -0.0679092407226563
-0.0191268920898438 -0.0387687683105469 -0.034759521484375 -0.0416374206542969
-0.0235633850097656 -0.0361900329589844 -0.0383529663085938 -0.0262260437011719
-0.00543212890625 -0.0406227111816406 -0.0400352478027344 -0.0228843688964844
0.020751953125 -0.0457420349121094 -0.0423202514648438 -0.0314559936523438
0.0517959594726562 -0.0373039245605469 -0.0403938293457031 -0.0577926635742188
0.0824813842773438 0.021728515625 -0.00800704956054687 -0.0675811767578125
0.0735092163085938 0.0661392211914063 -0.00841522216796874 -0.07293701171875
0.0508956909179688 0.115692138671875 -0.0178375244140625 -0.0637283325195313
0.0254287719726562 0.127822875976563 0.0572509765625 -0.0427131652832031
0.0466766357421875 0.0875244140625 0.00244712829589844 0.0246658325195313
0.0892333984375 0.0426177978515625 0.0535736083984375 0.0645866394042969
0.0718536376953125 -0.0129241943359375 0.0955352783203125 0.0178756713867188
0.0454483032226562 -0.0465126037597656 0.07720947265625 -0.0412521362304688
0.00343704223632812 -0.0541343688964844 0.019561767578125 -0.0709304809570313
-0.0278282165527344 -0.0517463684082031 -0.0240898132324219 -0.0520668029785156
-0.0275001525878906 -0.0589103698730469 -0.0223217010498047 -0.024444580078125
-0.0361404418945312 -0.0545806884765625 -0.0275306701660156 -0.00779342651367188
-0.011932373046875 -0.05804443359375 -0.0366172790527344 -0.00200271606445312
0.0239791870117188 -0.0635490417480469 -0.0431098937988281 -0.0127449035644531
0.0649337768554688 -0.047760009765625 -0.0464744567871094 -0.0438690185546875
0.099945068359375 0.0283203125 -0.0151901245117187 -0.0571327209472656
0.0784225463867188 0.0802841186523438 -0.0032501220703125 -0.056793212890625
0.0417556762695312 0.133613586425781 -0.0128860473632812 -0.0255107879638672
-0.000205993652343736 0.133232116699219 0.0586128234863281 0.00421142578125001
0.0295181274414063 0.112297058105469 0.0049591064453125 0.0526237487792969
0.0973281860351563 0.07354736328125 0.0450210571289063 0.08111572265625
0.0940475463867188 -0.00101470947265625 0.086944580078125 0.0402297973632813
0.0654373168945313 -0.0533218383789063 0.0760574340820313 -0.0161209106445313
0.00835418701171876 -0.0700950622558594 0.0254783630371094 -0.0452651977539063
-0.031219482421875 -0.0639610290527344 -0.00912857055664063 -0.0298709869384766
-0.031829833984375 -0.0698204040527344 -0.00679969787597656 -0.00498580932617188
-0.0433120727539062 -0.0645942687988281 -0.0122451782226563 0.0124692916870117
-0.0170364379882813 -0.0670700073242188 -0.0283870697021484 0.0220165252685547
0.023712158203125 -0.0738525390625 -0.0405426025390625 0.00711822509765625
0.0703277587890625 -0.0517120361328125 -0.0486793518066406 -0.0276222229003906
0.104209899902344 0.033294677734375 -0.0196685791015625 -0.0454177856445313
0.0719146728515625 0.0869293212890625 0.0058441162109375 -0.0396041870117187
0.0254745483398437 0.134414672851563 -0.00786876678466797 0.0141010284423828
-0.0236587524414062 0.113052368164063 0.0528717041015625 0.049530029296875
0.00365447998046874 0.113128662109375 0.00501251220703126 0.0780792236328125
0.0817337036132813 0.091339111328125 0.0307083129882813 0.0905075073242188
0.0949172973632813 0.014495849609375 0.0687751770019531 0.0580177307128906
0.0729827880859375 -0.0473480224609375 0.0652542114257812 0.00986862182617187
0.0131607055664062 -0.0728530883789063 0.0288066864013672 -0.0155811309814453
-0.029205322265625 -0.0656700134277344 0.00675153732299804 -0.00596189498901368
-0.0317916870117188 -0.070648193359375 0.00933361053466797 0.0151853561401367
-0.0445632934570312 -0.0661888122558594 0.00398826599121094 0.0328235626220703
-0.0187149047851563 -0.0683517456054687 -0.0181808471679688 0.0434341430664062
0.0228347778320312 -0.0745010375976562 -0.036285400390625 0.0252609252929687
0.0697517395019531 -0.0480422973632813 -0.0484352111816406 -0.0110397338867188
0.0969467163085938 0.0397491455078125 -0.0226421356201172 -0.0341148376464844
0.0545806884765625 0.0893020629882813 0.0140247344970703 -0.0232467651367187
0.00283050537109376 0.119049072265625 -0.00577545166015625 0.05029296875
-0.04107666015625 0.0719451904296875 0.0429153442382812 0.0861740112304688
-0.0195159912109375 0.0889205932617187 0.00321197509765625 0.0962066650390625
0.0505142211914063 0.0862350463867187 0.0157470703125 0.0904998779296875
0.075286865234375 0.024200439453125 0.0476417541503906 0.0679092407226563
0.0641250610351563 -0.0334854125976563 0.0494117736816406 0.0302581787109375
0.0138969421386719 -0.0616111755371094 0.0292034149169922 0.0115776062011719
-0.0236892700195312 -0.055633544921875 0.0216522216796875 0.0170783996582031
-0.0266609191894531 -0.0604591369628906 0.0246868133544922 0.0323200225830078
-0.0388374328613281 -0.0587844848632813 0.0192756652832031 0.0508880615234375
-0.0163497924804688 -0.0615234375 -0.00889205932617188 0.0632591247558594
0.0224266052246094 -0.0670013427734375 -0.0335235595703125 0.0423927307128906
0.0640945434570312 -0.0374946594238281 -0.0492973327636719 0.00342941284179687
0.0802154541015625 0.04541015625 -0.0273113250732422 -0.0251083374023437
0.0297622680664062 0.0846710205078125 0.0186080932617188 -0.00834083557128906
-0.0221481323242187 0.0897064208984375 -0.00955963134765625 0.08026123046875
-0.0515823364257813 0.017822265625 0.0332565307617188 0.10455322265625
-0.0363578796386719 0.0478897094726563 0.0041046142578125 0.10302734375
0.0149078369140625 0.0611915588378906 0.00484466552734375 0.0845794677734375
0.0422477722167969 0.0247039794921875 0.0305709838867188 0.0705642700195313
0.0417518615722656 -0.0162773132324219 0.0368690490722656 0.0430526733398438
0.0105781555175781 -0.0404777526855469 0.0302963256835938 0.0313129425048828
-0.0156135559082031 -0.0372352600097656 0.0339527130126953 0.0328273773193359
-0.0178985595703125 -0.0420684814453125 0.0362205505371094 0.0441207885742188
-0.0278739929199219 -0.0444412231445313 0.0310440063476563 0.0644035339355469
-0.0113487243652344 -0.0476531982421875 -0.00251007080078126 0.0788192749023438
0.020111083984375 -0.0516700744628906 -0.0342979431152344 0.0560951232910156
0.0522880554199219 -0.0240707397460938 -0.0526351928710937 0.0150642395019531
0.0551605224609375 0.0457420349121094 -0.0340423583984375 -0.0194110870361328
0.00175857543945313 0.0696334838867188 0.0169172286987305 0.00300979614257813
-0.044403076171875 0.0479621887207031 -0.0211944580078125 0.0996322631835938
0.0515861511230469 0.00206375122070313 0.0150604248046875 -0.111030578613281
0.0144500732421875 -0.0386276245117188 -0.0167474746704102 -0.0143232345581055
-0.0244731903076172 -0.0283775329589844 0.0416641235351563 0.0229873657226563
-0.0326461791992188 0.00921249389648438 0.0742263793945313 -0.0213165283203125
-0.0137500762939453 0.0293216705322266 0.0485877990722656 -0.0669784545898437
0.0108127593994141 0.0255661010742188 0.000770568847656257 -0.0930862426757813
0.0107488632202148 0.0146245956420898 -0.04437255859375 -0.075286865234375
0.00491905212402344 0.0141668319702148 -0.0478019714355469 -0.0538520812988281
0.00393390655517578 0.0149736404418945 -0.0463371276855469 -0.0394973754882813
-0.00310134887695313 0.0100011825561523 -0.0380477905273438 -0.044036865234375
-0.0114278793334961 -0.00158023834228515 -0.0393218994140625 -0.0509376525878906
-0.00931358337402344 -0.0239200592041016 -0.0305213928222656 -0.0701484680175781
0.0255489349365234 -0.0248374938964844 0.00287628173828125 -0.087188720703125
0.0528984069824219 -0.00172042846679688 -0.00963592529296874 -0.10205078125
0.0601806640625 0.0276069641113281 -0.0296554565429687 -0.113983154296875
0.0561676025390625 0.0527877807617188 0.0308303833007813 -0.105133056640625
0.0372390747070313 0.000232696533203125 -0.0107221603393555 -0.0105476379394531
0.0169334411621094 -0.014678955078125 0.0505599975585938 0.0301361083984375
-0.00182771682739258 -0.00492572784423828 0.0858535766601563 -0.0182266235351563
0.000320255756378174 0.000904560089111328 0.0584182739257813 -0.0696487426757813
0.00441694259643555 -0.000704288482666016 0.00247192382812499 -0.09649658203125
-0.00542831420898438 -0.00817155838012695 -0.0450515747070312 -0.0756912231445313
-0.00839710235595703 -0.0130281448364258 -0.0463485717773438 -0.0514564514160156
-0.00963020324707031 -0.0124607086181641 -0.0471458435058594 -0.0368499755859375
-0.00192928314208984 -0.0171289443969727 -0.0419883728027344 -0.038360595703125
0.00913047790527344 -0.0239219665527344 -0.0420036315917969 -0.0449066162109375
0.0257148742675781 -0.0281867980957031 -0.0357437133789063 -0.0665245056152344
0.056671142578125 0.00377655029296875 -0.00218963623046874 -0.0794906616210938
0.0652656555175781 0.0376205444335938 -0.01177978515625 -0.0908203125
0.0600051879882813 0.0786056518554688 -0.0251235961914063 -0.0955734252929688
0.0490341186523437 0.0985260009765625 0.0451812744140625 -0.0837326049804688
0.0505828857421875 0.0453872680664063 -0.00444316864013672 0.00344705581665039
0.0597000122070312 0.00876235961914063 0.0569190979003906 0.0458335876464844
0.0359458923339844 -0.0147972106933594 0.09619140625 -0.005889892578125
0.021392822265625 -0.0271968841552734 0.0700492858886719 -0.0632095336914063
0.00103187561035156 -0.0296611785888672 0.00860595703125001 -0.0908737182617188
-0.0202789306640625 -0.0320491790771484 -0.0391578674316406 -0.0673599243164063
-0.0208396911621094 -0.0392303466796875 -0.0382118225097656 -0.0409431457519531
-0.0250320434570313 -0.0365676879882813 -0.0409164428710938 -0.0244560241699219
-0.00582504272460937 -0.0414466857910156 -0.0427818298339844 -0.0217247009277344
0.0200233459472656 -0.0467643737792969 -0.0460700988769531 -0.03070068359375
0.051361083984375 -0.0392951965332031 -0.0448074340820312 -0.0578498840332031
0.0849227905273438 0.0193252563476562 -0.0102081298828125 -0.0706253051757812
0.0769805908203125 0.0645904541015625 -0.0109481811523437 -0.074737548828125
0.0564041137695313 0.115188598632812 -0.0201873779296875 -0.0637321472167969
0.0303268432617188 0.128952026367188 0.0557403564453125 -0.0452957153320312
0.04998779296875 0.0873336791992187 0.00201225280761719 0.0266151428222656
0.092529296875 0.0396881103515625 0.0569114685058594 0.0642356872558594
0.072418212890625 -0.0150909423828125 0.099456787109375 0.0145111083984375
0.0441932678222656 -0.0484199523925781 0.0778884887695313 -0.045562744140625
0.0018157958984375 -0.0549468994140625 0.0174713134765625 -0.07373046875
-0.0298004150390625 -0.051727294921875 -0.0270347595214844 -0.0520782470703125
-0.0307998657226562 -0.0589981079101563 -0.024444580078125 -0.0243682861328125
-0.038055419921875 -0.0541496276855469 -0.0291366577148438 -0.00656890869140625
-0.0134925842285156 -0.0588302612304688 -0.0380325317382813 0.000564575195312504
0.0225563049316406 -0.0654983520507813 -0.0463104248046875 -0.0118408203125
0.06475830078125 -0.0504493713378906 -0.0512428283691406 -0.0432891845703125
0.103317260742188 0.0245819091796875 -0.0177764892578125 -0.0596427917480469
0.0823211669921875 0.0788497924804688 -0.00526046752929688 -0.0583724975585938
0.0479278564453125 0.134529113769531 -0.0139350891113281 -0.0251731872558594
0.00457763671875 0.135902404785156 0.0577850341796875 0.00184631347656251
0.0339889526367187 0.1138916015625 0.0055084228515625 0.0546722412109375
0.102523803710938 0.0711898803710938 0.0484848022460938 0.0818328857421875
0.09576416015625 -0.0038299560546875 0.0916671752929688 0.0381851196289063
0.0651512145996094 -0.056793212890625 0.0777435302734375 -0.0195999145507813
0.00659942626953124 -0.0719528198242188 0.0245704650878906 -0.0474777221679688
-0.0338668823242188 -0.0636405944824219 -0.0110683441162109 -0.0297279357910156
-0.0360870361328125 -0.0705413818359375 -0.00763511657714844 -0.00455045700073243
-0.0469818115234375 -0.0640373229980469 -0.012812614440918 0.0137443542480469
-0.01910400390625 -0.0682868957519531 -0.0285434722900391 0.0238037109375
0.0215606689453125 -0.0759201049804688 -0.0430374145507812 0.00867080688476563
0.0698814392089844 -0.0545730590820313 -0.0528831481933594 -0.0266075134277344
0.108039855957031 0.029541015625 -0.0216636657714844 -0.0477104187011719
0.0764694213867188 0.0863418579101563 0.0047454833984375 -0.0414810180664062
0.0311813354492188 0.135612487792969 -0.00714492797851563 0.0148859024047852
-0.0209197998046875 0.11663818359375 0.0541496276855469 0.0485038757324219
0.00793457031249999 0.115455627441406 0.0061798095703125 0.080230712890625
0.087188720703125 0.0898208618164063 0.0337753295898438 0.092071533203125
0.0976409912109375 0.0120697021484375 0.0731201171875 0.0571975708007813
0.0732040405273438 -0.0508499145507813 0.0672988891601563 0.00731277465820312
0.01055908203125 -0.0749282836914063 0.0292110443115234 -0.0174217224121094
-0.0324363708496094 -0.065185546875 0.00588417053222656 -0.00574350357055665
-0.0359344482421875 -0.0708694458007813 0.00963497161865234 0.0147676467895508
-0.0482749938964844 -0.06549072265625 0.00482368469238281 0.0335445404052734
-0.0213470458984375 -0.0687789916992187 -0.0171890258789062 0.0458984375
0.02044677734375 -0.0766372680664062 -0.0379409790039063 0.0272331237792969
0.0689239501953125 -0.0512809753417969 -0.0521202087402344 -0.00978469848632814
0.100975036621094 0.0359268188476563 -0.0250167846679687 -0.0356903076171875
0.0587005615234375 0.089111328125 0.0133190155029297 -0.0256500244140625
0.0074615478515625 0.120803833007813 -0.00417327880859375 0.051361083984375
-0.0400543212890625 0.0755538940429688 0.0443649291992188 0.0855560302734375
-0.0163803100585938 0.091552734375 0.00487518310546874 0.0984954833984375
0.0553436279296875 0.0861129760742188 0.018524169921875 0.0926589965820313
0.07781982421875 0.0222625732421875 0.0513992309570313 0.0676155090332031
0.0640144348144531 -0.0365409851074219 0.0523681640625 0.0291023254394531
0.0113677978515625 -0.0636367797851563 0.0305938720703125 0.0111579895019531
-0.0267219543457031 -0.0553054809570313 0.0227928161621094 0.0165309906005859
-0.0307464599609375 -0.0605697631835937 0.0262298583984375 0.0317401885986328
-0.042388916015625 -0.0577163696289062 0.021728515625 0.0512428283691406
-0.0195388793945313 -0.061614990234375 -0.00662994384765625 0.0657081604003906
0.0196151733398438 -0.0691070556640625 -0.034515380859375 0.04473876953125
0.063446044921875 -0.0408973693847656 -0.0519523620605469 0.00470733642578124
0.084014892578125 0.0421218872070313 -0.0287036895751953 -0.0260181427001953
0.0340652465820313 0.085235595703125 0.0186710357666016 -0.0103397369384766
-0.0194320678710937 0.0919570922851563 -0.00708007812500001 0.0815277099609375
-0.0520896911621094 0.0208702087402344 0.0360488891601562 0.104667663574219
-0.0356292724609375 0.0507049560546875 0.00641632080078125 0.104934692382813
0.0189437866210938 0.0619392395019531 0.00699615478515626 0.0874481201171875
0.0448646545410156 0.02313232421875 0.0340957641601563 0.0710830688476563
0.0419731140136719 -0.0189399719238281 0.0396461486816406 0.042938232421875
0.0085906982421875 -0.0417861938476563 0.032470703125 0.0307483673095703
-0.0177955627441406 -0.0369796752929687 0.036102294921875 0.0321540832519531
-0.0209999084472656 -0.0419158935546875 0.0384101867675781 0.0428619384765625
-0.0306472778320313 -0.0436592102050781 0.0343551635742188 0.0647468566894531
-0.0139350891113281 -0.0476188659667969 0.000488281249999998 0.0806198120117188
0.0176925659179688 -0.0532379150390625 -0.0339126586914063 0.0590438842773437
0.0521011352539062 -0.0270347595214844 -0.0544509887695313 0.0171432495117187
0.0590362548828125 0.0438079833984375 -0.0357398986816406 -0.0196609497070312
0.00502777099609375 0.0712738037109375 0.0172615051269531 0.00104236602783204
-0.0431709289550781 0.0508995056152344 -0.0181198120117188 0.101943969726563
0.0516357421875 0 0.011688232421875 -0.111190795898438
0.0123977661132813 -0.0396156311035156 -0.0170631408691406 -0.0129165649414062
-0.026397705078125 -0.0269222259521484 0.0429763793945313 0.0226631164550781
-0.0314922332763672 0.0110187530517578 0.0742263793945313 -0.0236358642578125
-0.0115032196044922 0.0301017761230469 0.0474967956542969 -0.0694236755371094
0.0125389099121094 0.0246429443359375 -0.00280761718749999 -0.09405517578125
0.0118379592895508 0.0134363174438477 -0.0475921630859375 -0.0738906860351562
0.00599193572998047 0.0136508941650391 -0.0503730773925781 -0.0512657165527344
0.00531864166259766 0.0135889053344727 -0.0475273132324219 -0.0374336242675781
-0.00199222564697266 0.00964832305908203 -0.0405044555664063 -0.0427474975585938
-0.0113315582275391 -0.00110149383544922 -0.0418701171875 -0.0495986938476562
-0.0104656219482422 -0.0222949981689453 -0.0329818725585937 -0.0692062377929688
0.0240879058837891 -0.0257453918457031 0.000709533691406257 -0.0885772705078125
0.0529441833496094 -0.00449752807617188 -0.0118408203125 -0.101829528808594
0.0609283447265625 0.0244331359863281 -0.0319976806640625 -0.111503601074219
0.0581283569335938 0.0504188537597656 0.0268325805664063 -0.105339050292969
0.0365104675292969 -0.00188827514648437 -0.0116062164306641 -0.00872802734375
0.0158224105834961 -0.0149002075195313 0.0515937805175781 0.0296478271484375
-0.00163054466247559 -0.0038447380065918 0.0858917236328125 -0.020965576171875
0.0012284517288208 0.00180912017822266 0.0571136474609375 -0.07257080078125
0.00518226623535156 -0.00131034851074219 -0.000923156738281257 -0.0973739624023438
-0.00496864318847656 -0.00856494903564453 -0.0486221313476563 -0.0739593505859375
-0.00838184356689453 -0.0132913589477539 -0.0487899780273438 -0.04931640625
-0.00960159301757813 -0.0120773315429688 -0.0485954284667969 -0.0343399047851562
-0.00142478942871094 -0.0176773071289062 -0.0439338684082031 -0.0368461608886719
0.00916862487792968 -0.0240745544433594 -0.0446929931640625 -0.0440673828125
0.0244922637939453 -0.0278682708740234 -0.0388565063476563 -0.065948486328125
0.0563888549804688 0.00214004516601562 -0.00440979003906249 -0.080596923828125
0.0660820007324219 0.0348930358886719 -0.0142745971679688 -0.090484619140625
0.0622100830078125 0.0756988525390625 -0.0273056030273438 -0.093963623046875
0.0520248413085938 0.0963592529296875 0.0409469604492188 -0.084564208984375
0.0512313842773438 0.0433235168457031 -0.00499677658081054 0.00530242919921875
0.0595359802246094 0.00673675537109375 0.058380126953125 0.0446701049804688
0.0358428955078125 -0.0148696899414062 0.0968399047851563 -0.00937652587890625
0.0204238891601563 -0.0276012420654297 0.0690155029296875 -0.0665779113769531
0.000829696655273439 -0.0297756195068359 0.0057220458984375 -0.091888427734375
-0.0205287933349609 -0.0314083099365234 -0.0420455932617187 -0.0655975341796875
-0.0221023559570313 -0.0385971069335938 -0.0403518676757813 -0.0393791198730469
-0.0255813598632813 -0.0357704162597656 -0.0427055358886719 -0.0225906372070313
-0.00608444213867188 -0.0414962768554688 -0.0443000793457031 -0.0200424194335938
0.01953125 -0.0477676391601562 -0.0484733581542969 -0.0291709899902344
0.0498542785644531 -0.0401458740234375 -0.0480461120605469 -0.0565032958984375
0.0853805541992188 0.0165328979492188 -0.012420654296875 -0.0720062255859375
0.0789031982421875 0.0617752075195313 -0.0126190185546875 -0.0749893188476563
0.06011962890625 0.112564086914063 -0.0209884643554688 -0.0618705749511719
0.0342178344726563 0.127601623535156 0.0528106689453125 -0.0468368530273437
0.0524826049804688 0.0857315063476563 0.00175666809082032 0.0282497406005859
0.0929794311523438 0.0362548828125 0.058441162109375 0.0637245178222656
0.0717849731445313 -0.0161972045898438 0.100578308105469 0.01123046875
0.0432586669921875 -0.0496406555175781 0.0775909423828125 -0.048583984375
0.000812530517578131 -0.0555267333984375 0.0148086547851563 -0.0748138427734375
-0.03076171875 -0.0507011413574219 -0.0292892456054688 -0.0505142211914063
-0.0330047607421875 -0.0580940246582031 -0.0261592864990234 -0.0235042572021484
-0.0399055480957031 -0.0530891418457031 -0.0298423767089844 -0.00537681579589844
-0.0140495300292969 -0.0579299926757812 -0.0385627746582031 0.00173950195312499
0.0209922790527344 -0.0660400390625 -0.0486297607421875 -0.0100364685058594
0.063018798828125 -0.0518569946289063 -0.0546188354492187 -0.0416831970214844
0.103744506835938 0.0212783813476563 -0.0197982788085937 -0.0609817504882812
0.0846328735351563 0.0759201049804688 -0.00672531127929687 -0.0592803955078125
0.0524368286132812 0.13201904296875 -0.0138225555419922 -0.0240859985351562
0.00893402099609376 0.135650634765625 0.0564346313476563 0.000110626220703133
0.0375595092773438 0.112724304199219 0.00573348999023438 0.0557861328125
0.104843139648438 0.0674209594726563 0.051025390625 0.0810089111328125
0.0953598022460938 -0.0066070556640625 0.0935211181640625 0.0350570678710938
0.0632171630859375 -0.0592803955078125 0.077789306640625 -0.02252197265625
0.00435638427734376 -0.072052001953125 0.0233879089355469 -0.0488357543945313
-0.0356521606445313 -0.0625724792480469 -0.0128383636474609 -0.0289382934570313
-0.0390625 -0.0690689086914063 -0.00833511352539063 -0.00440597534179688
-0.0489578247070313 -0.06219482421875 -0.0127639770507813 0.0143022537231445
-0.0209197998046875 -0.0667686462402344 -0.0280399322509766 0.0256614685058594
0.0194091796875 -0.0762557983398438 -0.0444564819335938 0.0101318359375
0.0677375793457031 -0.0569496154785156 -0.056121826171875 -0.0244331359863281
0.109046936035156 0.0254440307617188 -0.0238304138183594 -0.0485954284667969
0.079071044921875 0.0837249755859375 0.00332641601562501 -0.0429153442382812
0.0353775024414063 0.133644104003906 -0.00613307952880859 0.0152559280395508
-0.0172882080078125 0.117622375488281 0.0538597106933594 0.0467300415039063
0.0115814208984375 0.115478515625 0.00669097900390625 0.081390380859375
0.0905380249023438 0.0863189697265625 0.03643798828125 0.0916824340820313
0.0979385375976563 0.00946807861328125 0.0755233764648438 0.0546188354492187
0.071014404296875 -0.0536880493164063 0.0689048767089844 0.00494384765625
0.008209228515625 -0.0752029418945313 0.0290336608886719 -0.0180740356445313
-0.0345344543457031 -0.0634841918945313 0.00570154190063476 -0.00554609298706055
-0.0390701293945312 -0.0694351196289063 0.00981998443603515 0.0142450332641602
-0.0511474609375 -0.0630569458007812 0.00557327270507812 0.0336532592773437
-0.0233345031738281 -0.066864013671875 -0.0158500671386719 0.0471534729003906
0.0179214477539063 -0.076812744140625 -0.0389289855957031 0.029022216796875
0.0672187805175781 -0.0533676147460938 -0.0545806884765625 -0.00866317749023438
0.102561950683594 0.0316925048828125 -0.0265922546386719 -0.0364036560058594
0.0622177124023438 0.0870361328125 0.0123538970947266 -0.0273685455322266
0.0121536254882812 0.119941711425781 -0.00200271606445312 0.0516433715820313
-0.0382003784179687 0.077056884765625 0.0456619262695313 0.0840301513671875
-0.0135040283203125 0.0926284790039063 0.00661468505859376 0.0991363525390625
0.0595932006835938 0.0835494995117188 0.0205535888671875 0.0931320190429688
0.079071044921875 0.0196914672851563 0.0546493530273438 0.0661811828613281
0.0625648498535156 -0.0397224426269531 0.0539512634277344 0.0269546508789062
0.0089111328125 -0.0642623901367187 0.0313606262207031 0.0100879669189453
-0.0289459228515625 -0.0537948608398437 0.0230026245117187 0.0164585113525391
-0.0337371826171875 -0.0590705871582031 0.0267848968505859 0.0305995941162109
-0.0452957153320312 -0.0557060241699219 0.0234642028808594 0.0501823425292969
-0.0217170715332031 -0.0601997375488281 -0.00468063354492188 0.0663032531738281
0.0166168212890625 -0.0694694519042969 -0.0346450805664063 0.0458183288574219
0.062042236328125 -0.0432662963867188 -0.0538330078125 0.00678634643554688
0.0858917236328125 0.0383529663085938 -0.0297794342041015 -0.0263519287109375
0.0374298095703125 0.0839462280273438 0.0179710388183594 -0.0127658843994141
-0.0159683227539062 0.0926284790039062 -0.00432586669921876 0.0813522338867188
-0.0521316528320313 0.0236282348632812 0.0375137329101563 0.102706909179687
-0.0331840515136719 0.0525665283203125 0.00816345214843751 0.104774475097656
0.0222816467285156 0.0606803894042969 0.0094146728515625 0.0879287719726563
0.0460205078125 0.02142333984375 0.0369873046875 0.0705490112304688
0.0406723022460937 -0.0210151672363281 0.0417938232421875 0.0417671203613281
0.00666046142578125 -0.0423965454101563 0.0342769622802734 0.0300025939941406
-0.0193595886230469 -0.0354499816894531 0.0370559692382813 0.030792236328125
-0.0238265991210937 -0.0406074523925781 0.0399208068847656 0.0412330627441406
-0.0334129333496094 -0.0412750244140625 0.0372047424316406 0.06353759765625
-0.0162582397460938 -0.0467681884765625 0.00379180908203125 0.0811691284179688
0.0152435302734375 -0.0542488098144531 -0.0338630676269531 0.0604400634765625
0.0507316589355469 -0.0293540954589844 -0.0554161071777344 0.0187339782714844
0.060943603515625 0.0404243469238281 -0.0368499755859375 -0.0191192626953125
0.00888824462890625 0.0711746215820313 0.0167837142944336 -0.000631332397460933
-0.0414657592773438 0.0528755187988281 -0.0149002075195312 0.101524353027344
0.0507659912109375 -0.00121307373046875 0.00983428955078126 -0.110076904296875
0.0105094909667969 -0.0391807556152344 -0.0169687271118164 -0.0113182067871094
-0.0273551940917969 -0.0252704620361328 0.04345703125 0.0227127075195313
-0.0305652618408203 0.0123062133789062 0.0739059448242188 -0.0243911743164063
-0.00995445251464844 0.0305538177490234 0.0471725463867188 -0.0700225830078125
0.0132846832275391 0.0236320495605469 -0.0038909912109375 -0.0939712524414063
0.0123815536499023 0.0121831893920898 -0.0492706298828125 -0.0729217529296875
0.00659465789794922 0.0129175186157227 -0.0510139465332031 -0.0499076843261719
0.00604438781738281 0.0125026702880859 -0.0476112365722656 -0.0358695983886719
-0.00117301940917969 0.00906467437744141 -0.0412101745605469 -0.0420722961425781
-0.010584831237793 -0.000690460205078126 -0.0434341430664063 -0.0491867065429688
-0.0115280151367188 -0.0210342407226562 -0.0342178344726562 -0.0684089660644531
0.0231266021728516 -0.0252513885498047 -0.000221252441406246 -0.0885086059570313
0.0514450073242188 -0.00627517700195313 -0.0120315551757813 -0.100990295410156
0.0602645874023438 0.02264404296875 -0.0316925048828125 -0.109268188476562
0.0579643249511719 0.0488548278808594 0.0247573852539063 -0.104156494140625
0.0352973937988281 -0.0023651123046875 -0.0119733810424805 -0.00708389282226562
0.0143938064575195 -0.014500617980957 0.05230712890625 0.0295295715332031
-0.00106596946716309 -0.0027928352355957 0.0855789184570313 -0.022125244140625
0.00213015079498291 0.00202333927154541 0.0562057495117188 -0.073760986328125
0.00628280639648438 -0.00183534622192383 -0.002227783203125 -0.097320556640625
-0.0046539306640625 -0.00931453704833984 -0.0499343872070313 -0.072723388671875
-0.00847339630126953 -0.0133676528930664 -0.0499610900878906 -0.0472373962402344
-0.00919914245605469 -0.0130844116210937 -0.0489044189453125 -0.0329055786132813
-0.000444412231445314 -0.0181484222412109 -0.0446090698242187 -0.0359764099121094
0.00933837890625 -0.0240478515625 -0.0462379455566406 -0.0431556701660156
0.0239944458007812 -0.0273876190185547 -0.0401649475097656 -0.065155029296875
0.0557861328125 0.00171279907226562 -0.00444793701171874 -0.0815811157226562
0.0651130676269531 0.0335044860839844 -0.0142059326171875 -0.0895767211914063
0.0620651245117188 0.07330322265625 -0.0269393920898438 -0.0914535522460938
0.0522537231445312 0.0944137573242188 0.038970947265625 -0.0831756591796875
0.0510902404785156 0.042022705078125 -0.00568103790283203 0.00680303573608399
0.0580406188964844 0.0057373046875 0.0589065551757813 0.0444107055664063
0.0353279113769531 -0.0137062072753906 0.096923828125 -0.010406494140625
0.0206279754638672 -0.0267581939697266 0.06829833984375 -0.0679969787597656
0.00161170959472656 -0.0299186706542969 0.00421142578125 -0.0917205810546875
-0.0200557708740234 -0.0312957763671875 -0.0433883666992187 -0.0647430419921875
-0.0228309631347656 -0.0382728576660156 -0.041259765625 -0.0378456115722656
-0.0261039733886719 -0.0357589721679688 -0.0429153442382813 -0.0211334228515625
-0.00560760498046876 -0.0413856506347656 -0.0442314147949219 -0.0187149047851563
0.0198631286621094 -0.0474128723144531 -0.0500068664550781 -0.0286788940429688
0.04925537109375 -0.0395736694335937 -0.0501823425292969 -0.0560531616210938
0.084716796875 0.0153884887695313 -0.0128707885742187 -0.0729598999023438
0.0777587890625 0.0598602294921875 -0.0128631591796875 -0.0750579833984375
0.0607452392578125 0.109519958496094 -0.020477294921875 -0.0599365234375
0.0355224609375 0.125648498535156 0.0506706237792969 -0.0465736389160156
0.0531539916992188 0.08404541015625 0.000711441040039063 0.0295429229736328
0.0921173095703125 0.0347366333007813 0.0587806701660156 0.0633163452148438
0.0709609985351562 -0.0163803100585937 0.100860595703125 0.0097503662109375
0.0425300598144531 -0.0495796203613281 0.077056884765625 -0.0501327514648438
0.000617980957031255 -0.0547599792480469 0.013519287109375 -0.0747756958007813
-0.0308380126953125 -0.0497322082519531 -0.0301475524902344 -0.049163818359375
-0.0340347290039063 -0.0574722290039062 -0.02685546875 -0.0228214263916016
-0.0399017333984375 -0.05206298828125 -0.0303115844726563 -0.00400543212890625
-0.0141105651855469 -0.0573768615722656 -0.0387191772460938 0.00298690795898437
0.0211410522460938 -0.0658988952636719 -0.0500335693359375 -0.00920867919921876
0.0617446899414063 -0.0522308349609375 -0.0566673278808594 -0.0406608581542969
0.103500366210938 0.0194549560546875 -0.0208892822265625 -0.0618095397949219
0.0845947265625 0.074127197265625 -0.00679397583007811 -0.05914306640625
0.0532989501953125 0.129341125488281 -0.0135211944580078 -0.0231781005859375
0.00994873046874999 0.134597778320313 0.054412841796875 -0.000305175781249992
0.0385055541992187 0.1112060546875 0.00486373901367187 0.0567131042480469
0.104820251464844 0.0649261474609375 0.0509185791015625 0.0806655883789063
0.0945510864257813 -0.0068511962890625 0.0937042236328125 0.0333328247070313
0.0619087219238281 -0.0593299865722656 0.0777359008789063 -0.0242919921875
0.00371551513671875 -0.0711517333984375 0.0225105285644531 -0.0490760803222656
-0.0353584289550781 -0.0609664916992188 -0.0135440826416016 -0.0280780792236328
-0.0403900146484375 -0.0680618286132812 -0.00986671447753906 -0.00407028198242188
-0.0495452880859375 -0.0605049133300781 -0.0129528045654297 0.0149822235107422
-0.0213699340820312 -0.0657234191894531 -0.0279579162597656 0.0260639190673828
0.0188064575195313 -0.0753250122070313 -0.0457725524902344 0.0109176635742187
0.0663185119628906 -0.0568275451660156 -0.0581474304199219 -0.0235671997070313
0.108283996582031 0.0231704711914063 -0.0251197814941406 -0.0497360229492188
0.0790328979492188 0.0819549560546875 0.00296401977539063 -0.0434150695800781
0.036956787109375 0.131591796875 -0.00544452667236328 0.0152044296264649
-0.0160140991210938 0.117774963378906 0.0520553588867188 0.0456047058105469
0.013214111328125 0.114646911621094 0.00640869140625001 0.0815963745117188
0.0912704467773438 0.084075927734375 0.0362930297851563 0.0914993286132813
0.0975875854492188 0.0080718994140625 0.0763702392578125 0.0528030395507813
0.0697669982910156 -0.0551071166992188 0.0687980651855469 0.00336456298828125
0.00730895996093751 -0.0743179321289063 0.0285129547119141 -0.0183963775634766
-0.0349311828613281 -0.0622444152832031 0.00518560409545898 -0.00493097305297852
-0.0407218933105469 -0.067840576171875 0.00905323028564453 0.0143241882324219
-0.0521392822265625 -0.0609855651855469 0.00568008422851562 0.0336761474609375
-0.024139404296875 -0.06585693359375 -0.0150680541992188 0.0474815368652344
0.0166778564453125 -0.0762405395507813 -0.0395164489746094 0.0295448303222656
0.0654563903808594 -0.0536766052246094 -0.0562705993652344 -0.00706863403320312
0.102493286132813 0.0295333862304688 -0.0273590087890625 -0.0371856689453125
0.0631484985351563 0.0851669311523438 0.0116806030273438 -0.0283317565917969
0.0131912231445313 0.11859130859375 -0.00106048583984374 0.0508232116699219
-0.0371170043945313 0.0777359008789062 0.044342041015625 0.0826339721679688
-0.0117263793945312 0.0929183959960938 0.00595855712890625 0.0992279052734375
0.0609970092773438 0.0814361572265625 0.0210189819335937 0.0929183959960937
0.079345703125 0.0185699462890625 0.0550727844238281 0.06475830078125
0.0617256164550781 -0.0409660339355469 0.054595947265625 0.025787353515625
0.00762557983398437 -0.0636253356933594 0.0315570831298828 0.00976753234863281
-0.0291824340820313 -0.0525360107421875 0.0229282379150391 0.0161304473876953
-0.0349540710449219 -0.0576438903808594 0.0271492004394531 0.0295295715332031
-0.046356201171875 -0.0535011291503906 0.0238990783691406 0.0495872497558594
-0.0222816467285156 -0.0587882995605469 -0.00315856933593751 0.0663108825683594
0.0156593322753906 -0.0682754516601563 -0.0351715087890625 0.0468063354492187
0.060302734375 -0.0440025329589844 -0.0552406311035156 0.007598876953125
0.0859451293945313 0.0359420776367187 -0.0303153991699219 -0.0263614654541016
0.03857421875 0.0824432373046875 0.0174179077148438 -0.0144033432006836
-0.0146102905273437 0.0917129516601563 -0.003692626953125 0.0803298950195313
-0.051300048828125 0.0249977111816406 0.0365371704101563 0.101104736328125
-0.0315132141113281 0.0528984069824219 0.00755310058593751 0.104576110839844
0.02398681640625 0.0592002868652344 0.00994873046875001 0.0881576538085937
0.0466499328613281 0.02008056640625 0.0383758544921875 0.0696754455566406
0.0399742126464844 -0.0219764709472656 0.0423583984375 0.0411415100097656
0.0051727294921875 -0.0423164367675781 0.0349082946777344 0.0292568206787109
-0.0202407836914063 -0.034149169921875 0.0371665954589844 0.030364990234375
-0.0250358581542969 -0.0393486022949219 0.040069580078125 0.0398025512695313
-0.0344047546386719 -0.0396194458007813 0.0380058288574219 0.0621795654296875
-0.0174636840820313 -0.0455856323242188 0.00495147705078124 0.080780029296875
0.0136260986328125 -0.0537376403808594 -0.0336227416992188 0.0604820251464844
0.0491294860839844 -0.0299949645996094 -0.0563926696777344 0.0197486877441406
0.0616340637207031 0.0379676818847656 -0.0372200012207031 -0.0200996398925781
0.0107345581054687 0.0702857971191406 0.0162839889526367 -0.00276660919189453
-0.0404129028320312 0.0528831481933594 -0.01348876953125 0.100379943847656
0.0513420104980469 -0.00144577026367188 0.010223388671875 -0.10968017578125
0.00958633422851563 -0.0394515991210938 -0.0171575546264648 -0.010432243347168
-0.0279369354248047 -0.0249176025390625 0.0442771911621094 0.0239601135253906
-0.0297794342041016 0.0128364562988281 0.075286865234375 -0.0246734619140625
-0.00928306579589844 0.0305881500244141 0.048583984375 -0.0708541870117187
0.0134105682373047 0.0229263305664063 -0.00335693359375001 -0.0953369140625
0.0124368667602539 0.0113277435302734 -0.0495834350585938 -0.0731964111328125
0.00673389434814453 0.0124454498291016 -0.05108642578125 -0.0498695373535156
0.00638198852539062 0.0118789672851563 -0.0474586486816406 -0.0360794067382813
-0.00013875961303711 0.00829935073852539 -0.0419273376464844 -0.0427589416503906
-0.00983428955078125 -0.00084877014160156 -0.0441703796386719 -0.0493431091308594
-0.0110187530517578 -0.0197162628173828 -0.0339393615722656 -0.0695037841796875
0.0226249694824219 -0.0249061584472656 0.00176239013671875 -0.0900726318359375
0.0510368347167969 -0.00641632080078125 -0.0098876953125 -0.101295471191406
0.0597076416015625 0.0226058959960938 -0.028656005859375 -0.108634948730469
0.0576248168945313 0.0490875244140625 0.0253677368164063 -0.103736877441406
0.0340595245361328 -0.0020294189453125 -0.0120038986206055 -0.00578880310058594
0.0140352249145508 -0.0142631530761719 0.05291748046875 0.0311775207519531
-0.000244975090026856 -0.00191569328308105 0.087432861328125 -0.0219039916992188
0.00295162200927734 0.00262546539306641 0.0579681396484375 -0.0745773315429688
0.00702142715454101 -0.00251865386962891 -0.00156402587890625 -0.0983734130859375
-0.00451278686523438 -0.00977993011474609 -0.0502777099609375 -0.0726089477539063
-0.00812721252441406 -0.0141057968139648 -0.050628662109375 -0.0475006103515625
-0.00854873657226563 -0.0138692855834961 -0.0490837097167969 -0.0326309204101562
0.000415802001953125 -0.0189723968505859 -0.0453338623046875 -0.0363082885742188
0.0102672576904297 -0.0238552093505859 -0.0476722717285156 -0.0435333251953125
0.0242843627929687 -0.026123046875 -0.0406913757324219 -0.066162109375
0.0555419921875 0.00242233276367188 -0.00336456298828125 -0.0833587646484375
0.0644569396972656 0.0336532592773438 -0.0125579833984375 -0.0904464721679688
0.0614547729492188 0.0734405517578125 -0.024261474609375 -0.0909042358398437
0.0516738891601562 0.094268798828125 0.0388717651367187 -0.082427978515625
0.0501556396484375 0.0421676635742188 -0.00553750991821289 0.00866127014160156
0.0573768615722656 0.00632095336914063 0.059234619140625 0.0460433959960938
0.0360336303710938 -0.0129013061523437 0.097869873046875 -0.010589599609375
0.0215663909912109 -0.0266590118408203 0.0694351196289063 -0.0682907104492188
0.00238800048828125 -0.0300655364990234 0.00444030761718751 -0.0926055908203125
-0.0197563171386719 -0.0316219329833984 -0.0433616638183594 -0.0645027160644531
-0.0226364135742188 -0.0389747619628906 -0.0422172546386719 -0.0378913879394531
-0.0251541137695313 -0.0363655090332031 -0.0434188842773438 -0.0208740234375
-0.0041656494140625 -0.0422248840332031 -0.0450668334960938 -0.019256591796875
0.020660400390625 -0.0474395751953125 -0.0511207580566406 -0.0285186767578125
0.0498390197753906 -0.0386543273925781 -0.0512962341308594 -0.0562858581542969
0.0849761962890625 0.0159912109375 -0.01239013671875 -0.074859619140625
0.077056884765625 0.060882568359375 -0.0113983154296875 -0.0753936767578125
0.0595779418945312 0.110054016113281 -0.0186004638671875 -0.059814453125
0.0346298217773438 0.126121520996094 0.0498886108398437 -0.0454559326171875
0.0520706176757813 0.0846176147460938 7.8201293945314E-05 0.0311775207519531
0.0920639038085938 0.0349884033203125 0.0589942932128906 0.0646514892578125
0.0713882446289063 -0.0148849487304688 0.101814270019531 0.0100631713867187
0.0434532165527344 -0.0492210388183594 0.0785369873046875 -0.0509872436523438
0.00185012817382813 -0.0549850463867187 0.0138931274414063 -0.0754241943359375
-0.0303001403808594 -0.0505218505859375 -0.0303497314453125 -0.0490875244140625
-0.0341377258300781 -0.0578880310058594 -0.0274829864501953 -0.0222988128662109
-0.0397834777832031 -0.052581787109375 -0.0308876037597656 -0.00326156616210938
-0.0129318237304687 -0.05828857421875 -0.03912353515625 0.00296401977539062
0.0219268798828125 -0.0657768249511719 -0.0514945983886719 -0.00922012329101563
0.0627365112304688 -0.0510215759277344 -0.05828857421875 -0.04095458984375
0.103599548339844 0.0205307006835937 -0.0204429626464844 -0.0640602111816406
0.0833587646484375 0.0750885009765625 -0.00633239746093749 -0.0605659484863281
0.0517654418945313 0.129447937011719 -0.0122661590576172 -0.0230827331542969
0.0090484619140625 0.134849548339844 0.0531845092773438 0.00110626220703126
0.03790283203125 0.111846923828125 0.00346755981445313 0.0586509704589844
0.104629516601563 0.0652008056640625 0.0503311157226562 0.08258056640625
0.095428466796875 -0.0055694580078125 0.0944747924804688 0.034393310546875
0.0625991821289063 -0.0591850280761719 0.07904052734375 -0.0250320434570313
0.004547119140625 -0.0713882446289063 0.0229988098144531 -0.0490951538085938
-0.0350112915039063 -0.0615272521972656 -0.0135364532470703 -0.0276470184326172
-0.0406303405761719 -0.0679397583007813 -0.0096282958984375 -0.0036773681640625
-0.0495567321777344 -0.0604362487792969 -0.0138397216796875 0.0157327651977539
-0.0200080871582031 -0.0658302307128906 -0.0284843444824219 0.0266876220703125
0.0199050903320313 -0.0751571655273438 -0.0475502014160156 0.011260986328125
0.0669937133789063 -0.0563316345214844 -0.0602951049804688 -0.0238037109375
0.108482360839844 0.0239486694335937 -0.0250205993652344 -0.0521659851074219
0.0785675048828125 0.0829086303710938 0.00327301025390626 -0.044586181640625
0.03582763671875 0.131515502929687 -0.00477123260498047 0.0156154632568359
-0.0172042846679687 0.11798095703125 0.0504379272460938 0.04632568359375
0.012542724609375 0.115142822265625 0.00426483154296875 0.0830841064453125
0.0916748046875 0.0841445922851563 0.0354537963867188 0.092803955078125
0.09814453125 0.00891876220703125 0.0762176513671875 0.0539703369140625
0.0704727172851563 -0.0550613403320313 0.0699081420898438 0.00330734252929687
0.00769042968749999 -0.0745925903320313 0.0285568237304688 -0.0183792114257813
-0.0344009399414063 -0.0621719360351562 0.00517559051513672 -0.00423812866210938
-0.04132080078125 -0.0680923461914063 0.00890445709228515 0.0145511627197266
-0.051849365234375 -0.0606346130371094 0.00517463684082031 0.0345134735107422
-0.0234909057617188 -0.06561279296875 -0.015533447265625 0.0482025146484375
0.0172500610351562 -0.0760955810546875 -0.0416259765625 0.0299415588378906
0.0660667419433594 -0.0535392761230469 -0.0583000183105469 -0.00717163085937499
0.102195739746094 0.02947998046875 -0.0277519226074219 -0.03912353515625
0.0628280639648438 0.0861968994140625 0.0122127532958984 -0.029937744140625
0.0121612548828125 0.118705749511719 -0.00109100341796875 0.05078125
-0.03814697265625 0.0787811279296875 0.0423507690429688 0.0830154418945312
-0.012054443359375 0.0926513671875 0.00404357910156249 0.100776672363281
0.0614013671875 0.0816802978515625 0.02008056640625 0.0940780639648437
0.0794906616210938 0.0189056396484375 0.0552597045898438 0.0657806396484375
0.0619392395019531 -0.041229248046875 0.0551605224609375 0.0262031555175781
0.00774002075195312 -0.0638923645019531 0.0319671630859375 0.0105361938476562
-0.0286674499511719 -0.0521965026855469 0.0230522155761719 0.0164470672607422
-0.0357437133789063 -0.0573081970214844 0.0261936187744141 0.0299186706542969
-0.0467720031738281 -0.0529632568359375 0.0229454040527344 0.0500221252441406
-0.0221519470214844 -0.0586814880371094 -0.00374603271484375 0.0668754577636719
0.0152740478515625 -0.068359375 -0.0369987487792969 0.0473251342773438
0.0603866577148438 -0.0435829162597656 -0.057037353515625 0.00737762451171874
0.086090087890625 0.0355300903320313 -0.0310554504394531 -0.0287189483642578
0.0389175415039063 0.0827713012695313 0.017033576965332 -0.0155906677246094
-0.0152435302734375 0.0919189453125 -0.0041046142578125 0.0800704956054688
-0.0515556335449219 0.0258102416992187 0.03424072265625 0.101470947265625
-0.0316505432128906 0.0537185668945313 0.00513458251953125 0.105659484863281
0.0247383117675781 0.0584564208984375 0.00856018066406251 0.0898208618164063
0.04681396484375 0.0197486877441406 0.0377426147460937 0.0709991455078125
0.0401535034179688 -0.0227737426757813 0.0431594848632813 0.0416107177734375
0.00459671020507813 -0.0422744750976562 0.0356903076171875 0.0299034118652344
-0.0203857421875 -0.0336189270019531 0.0372695922851563 0.0304679870605469
-0.0257949829101562 -0.0386314392089844 0.0395622253417969 0.0399856567382813
-0.0350837707519531 -0.0385284423828125 0.0374603271484375 0.06292724609375
-0.0173110961914062 -0.0455551147460938 0.00530242919921876 0.0813522338867187
0.0132789611816406 -0.0534896850585938 -0.0353050231933594 0.0613594055175781
0.0488128662109375 -0.0299911499023438 -0.0579719543457031 0.0191116333007813
0.0621681213378906 0.0376129150390625 -0.0375022888183594 -0.0210456848144531
0.0111198425292969 0.0699844360351563 0.0157413482666016 -0.00425052642822265
-0.0411911010742188 0.0532150268554688 -0.014556884765625 0.100425720214844
0.0523109436035156 -0.00103378295898438 0.011932373046875 -0.112045288085937
0.00954055786132812 -0.0397529602050781 -0.0171918869018555 -0.0101022720336914
-0.0290412902832031 -0.0252094268798828 0.0458488464355469 0.0260696411132813
-0.0302639007568359 0.0132026672363281 0.0788116455078125 -0.0237960815429687
-0.00862693786621094 0.0314712524414063 0.0514297485351562 -0.0727691650390625
0.0144615173339844 0.0228328704833984 -0.00230407714843749 -0.098480224609375
0.0127048492431641 0.0110225677490234 -0.0504608154296875 -0.075439453125
0.00757598876953125 0.0124235153198242 -0.0522956848144531 -0.0506439208984375
0.00698757171630859 0.0110912322998047 -0.0482177734375 -0.0374984741210938
0.000514030456542969 0.0074315071105957 -0.0426902770996094 -0.0448265075683594
-0.00936698913574219 -0.000638961791992189 -0.0456809997558594 -0.0511894226074219
-0.0112361907958984 -0.0193405151367188 -0.0342788696289063 -0.0722427368164063
0.0233078002929688 -0.0252723693847656 0.00408172607421875 -0.0937652587890625
0.05133056640625 -0.00688934326171875 -0.00801849365234374 -0.104316711425781
0.0600090026855469 0.0230522155761719 -0.0258331298828125 -0.111038208007812
0.0579490661621094 0.050506591796875 0.0268020629882812 -0.105537414550781
0.0342521667480469 -0.0016021728515625 -0.0119905471801758 -0.0050201416015625
0.0136833190917969 -0.0138120651245117 0.0544853210449219 0.03302001953125
0.00010073184967041 -0.00103753805160522 0.0905380249023438 -0.02178955078125
0.00398969650268555 0.00337839126586914 0.060882568359375 -0.076690673828125
0.00756597518920898 -0.00304412841796875 -0.000762939453125006 -0.101760864257813
-0.00405597686767578 -0.0109758377075195 -0.0511398315429688 -0.0747833251953125
-0.00773143768310547 -0.0148506164550781 -0.0519027709960938 -0.0483856201171875
-0.00835418701171875 -0.0151166915893555 -0.0503387451171875 -0.0336341857910156
0.00154685974121094 -0.0199031829833984 -0.04656982421875 -0.0378761291503906
0.01214599609375 -0.0245571136474609 -0.0492324829101563 -0.0454139709472656
0.0254745483398438 -0.0251960754394531 -0.0418548583984375 -0.0688438415527344
0.056915283203125 0.00319290161132813 -0.00153350830078124 -0.087432861328125
0.0642852783203125 0.0348701477050781 -0.0105972290039062 -0.0930328369140625
0.0615234375 0.0755767822265625 -0.021575927734375 -0.0931015014648438
0.0517578125 0.09710693359375 0.0408172607421875 -0.0833816528320313
0.050018310546875 0.0439720153808594 -0.0062103271484375 0.0104646682739258
0.0585441589355469 0.00772476196289063 0.0604362487792969 0.0484619140625
0.0372390747070313 -0.0116119384765625 0.101570129394531 -0.0093231201171875
0.0229988098144531 -0.0261249542236328 0.0730438232421875 -0.0706558227539063
0.00378036499023437 -0.0312271118164063 0.00551605224609376 -0.0957412719726562
-0.0191879272460938 -0.0333805084228516 -0.0446357727050781 -0.0667495727539062
-0.0228347778320312 -0.0406608581542969 -0.0437202453613281 -0.0384407043457031
-0.0253219604492188 -0.0384712219238281 -0.0444908142089844 -0.0213661193847656
-0.00337600708007813 -0.0438499450683594 -0.0466041564941406 -0.0201377868652344
0.0231056213378906 -0.0483932495117188 -0.05419921875 -0.0302810668945313
0.0520133972167969 -0.037841796875 -0.0532989501953125 -0.0587387084960938
0.0868148803710938 0.0179595947265625 -0.0115737915039063 -0.0791168212890625
0.0771560668945313 0.0631179809570313 -0.00991821289062499 -0.0781173706054687
0.0588760375976563 0.113288879394531 -0.0170669555664062 -0.061248779296875
0.0332717895507812 0.129646301269531 0.0508308410644531 -0.0452003479003906
0.0513687133789063 0.0871429443359375 -0.00110435485839843 0.0341987609863281
0.0934371948242188 0.0372238159179688 0.0595550537109375 0.0686187744140625
0.0739288330078125 -0.0134811401367187 0.104766845703125 0.0114822387695313
0.0455970764160156 -0.0497665405273438 0.0820999145507813 -0.0522079467773438
0.00351715087890625 -0.0563621520996094 0.0151519775390625 -0.0776214599609375
-0.0295639038085938 -0.0520591735839844 -0.0306167602539062 -0.0501937866210938
-0.0345993041992187 -0.0596809387207031 -0.0291519165039062 -0.0225830078125
-0.0399742126464844 -0.05474853515625 -0.03216552734375 -0.00328063964843751
-0.0116043090820313 -0.0599861145019531 -0.0407600402832031 0.00294876098632812
0.0243339538574219 -0.0674057006835938 -0.0547142028808594 -0.009979248046875
0.0656967163085938 -0.0507659912109375 -0.0617256164550781 -0.04254150390625
0.106147766113281 0.0223770141601563 -0.0205650329589844 -0.0682525634765625
0.0836944580078125 0.0782852172851563 -0.00517654418945312 -0.0631866455078125
0.0513916015625 0.133468627929688 -0.0109481811523438 -0.0236797332763672
0.0074615478515625 0.138710021972656 0.0531425476074219 0.00210189819335938
0.0369796752929688 0.115142822265625 0.00178909301757812 0.0618820190429688
0.10638427734375 0.0676727294921875 0.0503082275390625 0.0862579345703125
0.0984573364257812 -0.0036773681640625 0.09686279296875 0.036041259765625
0.0652847290039063 -0.0602226257324219 0.0827178955078125 -0.0252761840820313
0.00646209716796874 -0.072967529296875 0.0236701965332031 -0.0502891540527344
-0.0346946716308594 -0.0633277893066406 -0.0134811401367188 -0.0280609130859375
-0.0414314270019531 -0.0696907043457031 -0.0106906890869141 -0.00347042083740235
-0.0500259399414062 -0.0624465942382813 -0.014704704284668 0.0167503356933594
-0.019012451171875 -0.0679130554199219 -0.0298576354980469 0.0274562835693359
0.0216064453125 -0.0768280029296875 -0.0506057739257812 0.0116195678710937
0.0700111389160156 -0.0567665100097656 -0.0638961791992188 -0.0248260498046875
0.111190795898437 0.025787353515625 -0.0257606506347656 -0.055389404296875
0.0794830322265625 0.0863494873046875 0.00399780273437501 -0.0472412109375
0.0342559814453125 0.1356201171875 -0.00446605682373047 0.015655517578125
-0.0192337036132812 0.121620178222656 0.049346923828125 0.0487518310546875
0.0110244750976562 0.118675231933594 0.00179290771484376 0.0868148803710938
0.0930862426757813 0.086700439453125 0.0346145629882813 0.0968780517578125
0.100914001464844 0.0110321044921875 0.0780715942382813 0.0564727783203125
0.0732192993164063 -0.0555648803710938 0.0720596313476563 0.00405120849609375
0.00897216796875001 -0.0764083862304688 0.0297565460205078 -0.0185432434082031
-0.0341758728027344 -0.06439208984375 0.00553226470947265 -0.00394105911254883
-0.0423011779785156 -0.0696029663085938 0.00808620452880859 0.0154256820678711
-0.0523796081542969 -0.0622634887695313 0.00467300415039062 0.0361671447753906
-0.0223159790039062 -0.0675735473632812 -0.0165901184082031 0.0497322082519531
0.0185089111328125 -0.0775070190429687 -0.0448265075683594 0.0313835144042969
0.0683784484863281 -0.0533866882324219 -0.0620574951171875 -0.00738906860351564
0.10455322265625 0.0312576293945313 -0.0287666320800781 -0.0420799255371094
0.06329345703125 0.088775634765625 0.0122051239013672 -0.0318317413330078
0.01080322265625 0.122024536132812 -0.0015411376953125 0.0522689819335938
-0.0398788452148437 0.0810623168945313 0.0407180786132812 0.0855941772460938
-0.0134048461914063 0.09527587890625 0.0008392333984375 0.104049682617188
0.0623016357421875 0.0839309692382813 0.0186996459960938 0.0983810424804688
0.082000732421875 0.0202865600585938 0.0554542541503906 0.0684547424316406
0.0638465881347656 -0.0418357849121094 0.0571365356445313 0.0274543762207031
0.00836181640625 -0.0650672912597656 0.0332832336425781 0.0108203887939453
-0.0287742614746094 -0.0533332824707031 0.0236568450927734 0.0180606842041016
-0.036834716796875 -0.0588188171386719 0.0261745452880859 0.0308876037597656
-0.04705810546875 -0.0535011291503906 0.0236854553222656 0.0524520874023438
-0.0220451354980469 -0.0601463317871094 -0.0045318603515625 0.0690803527832031
0.01617431640625 -0.0696525573730469 -0.0397682189941406 0.0489921569824219
0.0619010925292969 -0.0437088012695313 -0.0600242614746094 0.00761032104492188
0.0882339477539063 0.036895751953125 -0.0325870513916015 -0.0312442779541016
0.0394210815429688 0.0849609375 0.0170364379882813 -0.0170774459838867
-0.0174407958984375 0.0944290161132813 -0.0050201416015625 0.0820999145507813
-0.0529022216796875 0.0271339416503906 0.0317840576171875 0.104728698730469
-0.0325164794921875 0.0543251037597656 0.00205230712890624 0.108970642089844
0.0256462097167969 0.0596466064453125 0.00714874267578125 0.093231201171875
0.0480422973632813 0.0204353332519531 0.0381851196289062 0.0739593505859375
0.0407905578613281 -0.023406982421875 0.0444869995117187 0.0430641174316406
0.00461578369140625 -0.0431365966796875 0.0367164611816406 0.0314292907714844
-0.0202903747558594 -0.0341033935546875 0.0381584167480469 0.0321197509765625
-0.0264472961425781 -0.0392379760742188 0.0399093627929688 0.041656494140625
-0.0356407165527344 -0.0386810302734375 0.0380668640136719 0.0643463134765625
-0.0179328918457031 -0.0460700988769531 0.00401306152343751 0.0836639404296875
0.0134849548339844 -0.0546493530273437 -0.0383148193359375 0.0631370544433594
0.0504341125488281 -0.0303459167480469 -0.0610008239746094 0.0195388793945312
0.0637245178222656 0.0382728576660156 -0.0387840270996094 -0.0232696533203125
0.01165771484375 0.0715713500976563 0.015467643737793 -0.00528717041015625
-0.04278564453125 0.0546951293945312 -0.0163650512695312 0.10235595703125
0.0547103881835937 -0.00153732299804688 0.012054443359375 -0.117134094238281
0.00894546508789062 -0.0413169860839844 -0.0178318023681641 -0.00973701477050781
-0.0307178497314453 -0.0253543853759766 0.0489616394042969 0.0281867980957031
-0.0310192108154297 0.0146770477294922 0.0835113525390625 -0.025054931640625
-0.00770759582519531 0.0333003997802734 0.0543899536132813 -0.0776214599609375
0.0156841278076172 0.0229396820068359 -0.00279998779296875 -0.104591369628906
0.0136346817016602 0.0105171203613281 -0.0537109375 -0.0786972045898438
0.0078277587890625 0.0125341415405273 -0.0553779602050781 -0.0522842407226562
0.00731277465820313 0.0109767913818359 -0.0506401062011719 -0.0391731262207031
0.00106334686279297 0.00681829452514648 -0.04547119140625 -0.04718017578125
-0.00907325744628906 -0.000638008117675782 -0.0490264892578125 -0.0532913208007812
-0.0113945007324219 -0.0185050964355469 -0.0363311767578125 -0.0761489868164063
0.0237503051757813 -0.0262336730957031 0.00490570068359376 -0.100257873535156
0.0522575378417969 -0.00765228271484375 -0.00726318359374999 -0.109024047851563
0.0626068115234375 0.0241127014160156 -0.024322509765625 -0.115547180175781
0.0603713989257812 0.0520133972167969 0.0279617309570313 -0.109840393066406
0.0345878601074219 -0.00162887573242188 -0.0122957229614258 -0.00432109832763672
0.013463020324707 -0.0136089324951172 0.0580062866210938 0.0356559753417969
0.000393062829971313 0.000174462795257568 0.095672607421875 -0.0227279663085938
0.00526618957519531 0.00383901596069336 0.0642013549804688 -0.0811767578125
0.009002685546875 -0.00347995758056641 -0.00137329101562499 -0.107513427734375
-0.0035858154296875 -0.0122842788696289 -0.05413818359375 -0.07794189453125
-0.00840568542480469 -0.0159330368041992 -0.0550765991210938 -0.049835205078125
-0.00859928131103515 -0.0171604156494141 -0.0530014038085938 -0.0346260070800781
0.00232315063476562 -0.0219821929931641 -0.0497207641601563 -0.0399589538574219
0.0134162902832031 -0.0257511138916016 -0.053009033203125 -0.0475578308105469
0.0270729064941406 -0.0246963500976563 -0.0450057983398438 -0.0724411010742188
0.0590705871582031 0.0039215087890625 -0.00111389160156251 -0.0931930541992188
0.0658187866210938 0.0361404418945313 -0.00984954833984375 -0.0975341796875
0.0638427734375 0.0787811279296875 -0.0203323364257812 -0.0966796875
0.0536041259765625 0.101112365722656 0.0417556762695312 -0.086395263671875
0.0514335632324219 0.0458183288574219 -0.00681304931640625 0.0124921798706055
0.060516357421875 0.00794601440429688 0.0640754699707031 0.052001953125
0.0394973754882813 -0.0111541748046875 0.10693359375 -0.00994873046875
0.0249691009521484 -0.0271015167236328 0.0767059326171875 -0.0748977661132813
0.00487136840820313 -0.0329341888427734 0.00550842285156251 -0.100631713867188
-0.0195846557617187 -0.0355491638183594 -0.0470657348632813 -0.0689773559570313
-0.0242385864257812 -0.0428199768066406 -0.0465354919433594 -0.0394287109375
-0.026397705078125 -0.040771484375 -0.0470771789550781 -0.0215797424316406
-0.00213241577148438 -0.0470542907714844 -0.0494956970214844 -0.0209312438964844
0.0251312255859375 -0.0512809753417969 -0.0584907531738281 -0.0315132141113281
0.0552177429199219 -0.0388717651367188 -0.0571365356445313 -0.0612258911132812
0.0906448364257813 0.0190811157226563 -0.0118408203125 -0.0852203369140625
0.0796356201171875 0.0662765502929688 -0.010101318359375 -0.0826644897460938
0.0607986450195313 0.118659973144531 -0.0158843994140625 -0.0637702941894531
0.034423828125 0.135696411132813 0.0522232055664063 -0.0469512939453125
0.0535354614257813 0.0909576416015625 -0.00145339965820312 0.0374069213867188
0.0977706909179688 0.0385665893554688 0.0629730224609375 0.07269287109375
0.0773849487304688 -0.0131683349609375 0.110572814941406 0.0119857788085938
0.048004150390625 -0.0514183044433594 0.086578369140625 -0.0558929443359375
0.0046844482421875 -0.0593605041503906 0.0150299072265625 -0.0822525024414062
-0.0307235717773438 -0.0550422668457031 -0.0326423645019531 -0.0521202087402344
-0.0368881225585937 -0.0627632141113281 -0.0312843322753906 -0.0227222442626953
-0.0421485900878906 -0.0574378967285156 -0.0340385437011719 -0.00257492065429688
-0.0113677978515625 -0.0634727478027344 -0.0432205200195313 0.00370407104492188
0.0260772705078125 -0.0706558227539063 -0.0592842102050781 -0.00992965698242188
0.0696067810058594 -0.0524215698242187 -0.0664520263671875 -0.0442581176757813
0.110862731933594 0.0232009887695313 -0.0222244262695312 -0.0735244750976563
0.08734130859375 0.0820465087890625 -0.00492477416992187 -0.0669937133789063
0.0531234741210938 0.139549255371094 -0.0101051330566406 -0.0244903564453125
0.007598876953125 0.1455078125 0.0544967651367187 0.00285720825195313
0.0384445190429688 0.120895385742188 0.00118255615234375 0.0667343139648438
0.111366271972656 0.0707244873046875 0.0528106689453125 0.0915145874023438
0.1031494140625 -0.0033111572265625 0.101997375488281 0.0377349853515625
0.0687637329101563 -0.0627822875976563 0.0869903564453125 -0.0278167724609375
0.00739288330078125 -0.0766983032226563 0.0248565673828125 -0.0532722473144531
-0.0356826782226563 -0.0663490295410156 -0.0143718719482422 -0.028717041015625
-0.0439682006835938 -0.072845458984375 -0.0117664337158203 -0.00304794311523438
-0.0525474548339844 -0.0652580261230469 -0.0155620574951172 0.0182456970214844
-0.0192947387695313 -0.071197509765625 -0.0313148498535156 0.0295009613037109
0.0231094360351563 -0.0807571411132813 -0.0548019409179688 0.0129852294921875
0.0735702514648438 -0.05877685546875 -0.0688018798828125 -0.0253257751464844
0.116775512695313 0.0267715454101563 -0.0276107788085937 -0.0603294372558594
0.0825119018554687 0.09033203125 0.004180908203125 -0.05059814453125
0.0356292724609375 0.142288208007813 -0.00383949279785156 0.0165815353393555
-0.0199508666992188 0.127830505371094 0.0502128601074219 0.050994873046875
0.0113601684570313 0.124366760253906 0.000648498535156247 0.092529296875
0.0977706909179688 0.0903244018554688 0.0361480712890625 0.103050231933594
0.106224060058594 0.012176513671875 0.0821380615234375 0.0591354370117188
0.0765151977539063 -0.0587234497070313 0.076751708984375 0.00325775146484375
0.0098114013671875 -0.079986572265625 0.0314178466796875 -0.0199699401855469
-0.0354118347167969 -0.0669898986816406 0.00626087188720703 -0.00351428985595704
-0.0448074340820313 -0.0725936889648438 0.00844955444335937 0.0165271759033203
-0.0551681518554688 -0.0644340515136719 0.004852294921875 0.0386276245117187
-0.0235748291015625 -0.0701484680175781 -0.0178794860839844 0.0528068542480469
0.01922607421875 -0.0809402465820313 -0.0487403869628906 0.03363037109375
0.07177734375 -0.055633544921875 -0.0670967102050781 -0.00706100463867187
0.109878540039063 0.0320205688476563 -0.0308723449707031 -0.045928955078125
0.0662765502929688 0.0930557250976563 0.0121841430664063 -0.0348587036132812
0.01043701171875 0.127891540527344 -0.00141525268554688 0.0544891357421875
-0.04150390625 0.0858154296875 0.0404739379882813 0.089813232421875
-0.0142135620117188 0.100082397460938 -0.000602722167968753 0.110580444335937
0.0660934448242188 0.0869598388671875 0.0188980102539062 0.10382080078125
0.08660888671875 0.021240234375 0.0587539672851563 0.0723953247070313
0.0666847229003906 -0.0446357727050781 0.0605316162109375 0.0285568237304688
0.008209228515625 -0.0685844421386719 0.034912109375 0.0110645294189453
-0.0302810668945312 -0.0554161071777344 0.0250911712646484 0.0188217163085937
-0.0394096374511719 -0.060333251953125 0.0270919799804687 0.0330257415771484
-0.0497894287109375 -0.0553131103515625 0.0247383117675781 0.0552215576171875
-0.0225906372070313 -0.0622215270996094 -0.00439453125 0.0731887817382813
0.0166854858398437 -0.0723876953125 -0.0430412292480469 0.0524940490722656
0.0651931762695313 -0.0461006164550781 -0.0646247863769531 0.00875854492187499
0.092742919921875 0.0379104614257813 -0.0344047546386719 -0.0339851379394531
0.04180908203125 0.0889968872070312 0.0169830322265625 -0.0193080902099609
-0.0182876586914063 0.0992050170898438 -0.00559234619140624 0.0857467651367188
-0.054656982421875 0.0289993286132813 0.03106689453125 0.109588623046875
-0.0333938598632813 0.0569801330566406 0.000411987304687509 0.115264892578125
0.0273628234863281 0.0613861083984375 0.00683593750000001 0.0992279052734375
0.0504531860351562 0.0206489562988281 0.0403213500976562 0.078033447265625
0.0423507690429687 -0.0252723693847656 0.0479774475097656 0.0449485778808594
0.00388336181640625 -0.0452919006347656 0.0392684936523438 0.0326309204101563
-0.0214767456054688 -0.0347957611083984 0.0403823852539063 0.0338287353515625
-0.028594970703125 -0.0399818420410156 0.0419883728027344 0.0434494018554688
-0.0379829406738281 -0.0391616821289063 0.0399703979492188 0.0676498413085938
-0.0186500549316406 -0.0480194091796875 0.00461578369140625 0.0879898071289063
0.0138168334960938 -0.0572586059570313 -0.0412559509277344 0.0679206848144531
0.0526351928710938 -0.0317802429199219 -0.0652580261230469 0.0208091735839844
0.0665817260742188 0.0389900207519531 -0.0410575866699219 -0.0256614685058594
0.012786865234375 0.0747604370117187 0.0157127380371094 -0.00689983367919922
-0.0447654724121094 0.0577201843261719 -0.0176010131835938 0.107147216796875
-0.030582086036447 -0.0305048909555779 0.106704940433106 -0.0487247939697679
-0.0380596817118904 0.0200931045380941 0.00492680036123801 -0.0150337331861699
-0.00806550211945354 0.0407975660634434 0.00816320837654143 0.0601763865307645
0.0289527437486377 0.0196638392998119 0.0665378793912242 0.0567746367637656
0.0262880602966529 -0.0114627001009475 0.101845110806277 0.00616531514168002
0.00612736361095772 -0.016097961313513 0.0930453951400034 -0.0498605793247373
0.00525883809437413 -0.0127568409546112 0.055557860141871 -0.0812823281143058
0.00802828931473886 -0.0111871982919916 0.0239364785513154 -0.0809772459873198
0.00704169549322517 -0.00907676411321164 0.015868577592404 -0.0659920018342097
0.00774884215517244 -0.00334305125672539 0.0192232530356306 -0.0649350064301859
0.00780947136349317 0.0101142087926047 0.02813551270614 -0.075530943612927
-0.00679631228136391 0.0254191039218421 0.0590394481754079 -0.0726203848758304
-0.0379566338979652 0.00966050577722334 0.090706242314964 -0.048967681647935
-0.0372057979989889 -0.0296814183105668 0.0911147764108124 -0.0561846405769174
-0.0102997933807924 -0.056677031896543 0.0726640080603227 -0.0897037987407671
0.0103840039665236 -0.0647500556786623 0.101482066445867 -0.0352680712028319
-0.0216362530899767 -0.0278945182075271 -0.00796582554023395 -0.00767093415681328
-0.0254488769901349 -0.0058092833081751 -0.00244467319933035 0.0822552100871957
-0.00864786709188135 0.00192014814939642 0.0705954609268637 0.0797347177098873
-0.00706929289382678 0.0012039036305308 0.115639442492193 0.016590703766217
-0.011569027598263 0.00621902421765396 0.100388457510882 -0.0486389708755753
-0.0069151793109401 0.0156205317812234 0.0592661555905836 -0.0802843776900353
-0.00303151506096917 0.0201930826767051 0.0244048476031664 -0.0794943820907365
-0.00849657320686388 0.0216955621848783 0.0141556088055009 -0.0652321693109008
-0.01734957673476 0.0136686593391304 0.0131478461846654 -0.061501874126214
-0.0278650705640616 0.00976459731397149 0.0200920306402568 -0.0721470342077462
-0.0366882625615163 -0.00605603608676638 0.046433505303129 -0.0743436754983143
-0.0420857945903677 -0.0378283795135969 0.0770319348768302 -0.0501867786821344
-0.00983997016338782 -0.0677120766822771 0.0759444909885284 -0.0576549458438522
0.0334627927136992 -0.0857641977241843 0.0597773753678257 -0.0811863828762458
0.0533598578095378 -0.0875504060469208 0.0827545128588374 -0.0147312070918959
0.00687303569230756 -0.0749348660087215 -0.0316028570876492 0.00232310602504528
-0.0361037215466781 -0.0610493605089421 -0.0265109242444083 0.105707968916555
-0.0473014308111739 -0.0262553158861651 0.0622452383293131 0.108931089560607
-0.0464688634757502 0.00889152794165668 0.12081835888968 0.0364766056688671
-0.0327986145796699 0.0271850940823327 0.10111869348141 -0.0379060056679037
-0.0208244770098549 0.0418851367421432 0.0573771207104955 -0.0678127045821861
-0.0137503117977781 0.0488487372264661 0.0211917608356979 -0.0658406350328967
-0.0195127250659827 0.0505730924464544 0.00651038371593278 -0.0534403098125011
-0.0348969862154028 0.0331585377719183 -0.00119329131271441 -0.0492569602485639
-0.0554884988662799 0.0174651183703988 0.00254402970572017 -0.0654808842878374
-0.0659711766613207 -0.0230866421141714 0.0263485574389255 -0.0765004105082105
-0.0537762748424183 -0.0717764763401299 0.0603844248533841 -0.053879519817084
0.00559717339791849 -0.0972973650464248 0.0597757079688963 -0.0531633322651915
0.0668849877057165 -0.104866335807967 0.0360573245389184 -0.0622758498253832
0.0909803473505 -0.0946314135621421 0.0500817022436919 0.0116756157619059
0.0431539281403841 -0.108437876005781 -0.0613235095037924 0.0138776087430272
-0.0325986501013932 -0.113565367257939 -0.0590155302723089 0.120462003227728
-0.0777452662397185 -0.0613956903370289 0.0384755820515166 0.134085649883771
-0.0842961593944071 0.00797177473463825 0.111253130767426 0.0614250217406326
-0.0542623119942483 0.0425345489583462 0.0924301631244636 -0.0182701074652133
-0.0336424969088177 0.061379538648484 0.0490804636878245 -0.0463364972227332
-0.021310407012351 0.0707307045829386 0.0144400606520632 -0.043012983602927
-0.0251361927450287 0.0728305292234732 -0.00421318448901812 -0.0326003596514219
-0.0435656051909928 0.0496215265359247 -0.0178255156136233 -0.0304757400854086
-0.0705950332346736 0.0291918545164551 -0.0174364254619921 -0.0533527005246753
-0.0871090574220844 -0.0276751766683185 0.00442594850841603 -0.0731546784682692
-0.0649541079118619 -0.089554899015516 0.0424365545241217 -0.0552249995250181
0.0131861404326428 -0.114116820805381 0.0461990027541999 -0.0428643811173004
0.0877627466657856 -0.11107136685742 0.0087910592907021 -0.0366248494448732
0.113276159170386 -0.0833852197030225 0.00800045936774814 0.0370971566971179
0.0774883077844192 -0.117717196278884 -0.0916751310895665 0.0239563490797878
-0.0124177898236584 -0.146658228111762 -0.0926660196657123 0.119820147730192
-0.08676776107117 -0.0939727380565079 0.00308617617390288 0.144822888908534
-0.108477070142138 -0.00129660337008893 0.0852391181476027 0.081220974544817
-0.0704291079077257 0.0480421506250864 0.071906545781465 0.00515151840474548
-0.0424082387690969 0.0706763754064626 0.0346106405147474 -0.0185963104406
-0.0261315183307299 0.0815628568205053 0.00487869478556835 -0.0140202661712746
-0.0265947653092645 0.0848720870139941 -0.0150929842466213 -0.00542339442432795
-0.0451751574487049 0.0597889334369676 -0.0333219811343871 -0.00736148193505496
-0.0763450888920111 0.0375834937442904 -0.0365980211155398 -0.0369346004641564
-0.0948198781047343 -0.0286473043223925 -0.0151111051644691 -0.0645755626885033
-0.0660190399680694 -0.0968376700999858 0.0267235257562902 -0.0523755112705963
0.0213677388957975 -0.116697698209813 0.0355043144491475 -0.0279682972949975
0.0978518866865836 -0.100521863679083 -0.0190468353599944 -0.00760357731971176
0.112981053498405 -0.0571661412224433 -0.033434225133906 0.058402010562025
0.0975694875771787 -0.0999295282386387 -0.114624288098308 0.0310095351099926
0.0137967418664469 -0.148433811616885 -0.115773892891866 0.104293162804047
-0.0736708754262471 -0.110002148576237 -0.0322920484880298 0.135201390348281
-0.110921516479264 -0.0136196674665084 0.0489309361505723 0.0902651571260668
-0.07415798000143 0.0453230172061821 0.0438513540821939 0.027586507271409
-0.0443332555772032 0.0689763129074238 0.0169731420503721 0.0101816055443735
-0.0259852152035891 0.0805190970462023 -0.00485402332269886 0.0158783897862429
-0.0246599725271958 0.0849546025762385 -0.0259429174621388 0.022655710485249
-0.0427128813411012 0.0618689686175174 -0.0472034735560895 0.0161324188450034
-0.0735591800388209 0.0397917426865084 -0.0528523007627025 -0.0206226519375468
-0.0910947458109187 -0.0297207970509765 -0.0321864769449591 -0.054350998765953
-0.0570503532691124 -0.0967413706567926 0.0125486521766323 -0.0484406201584075
0.032629570027697 -0.106842944502379 0.027008290887998 -0.0137701546219723
0.0986687125152874 -0.0750683535370728 -0.0452737775651756 0.0185817171820516
0.0892314849650979 -0.021278219095916 -0.0664227622544195 0.0727759017433965
0.0929615124548877 -0.0646231602570828 -0.125093937801738 0.0376376673135891
0.0309632322758309 -0.119400932088445 -0.121969397095857 0.0806027367000071
-0.0495932918714892 -0.0996733654828957 -0.0562950042335957 0.113391572564267
-0.0914182305615292 -0.0194517444796914 0.012407996545577 0.0871222046029308
-0.0638621679550254 0.0357937564538437 0.0151320713285569 0.0441743521619702
-0.0368389734156293 0.0564332589786637 -0.000907560948553103 0.0359410344689938
-0.0218724302098866 0.0674217594909606 -0.0130324363454034 0.0426627338772676
-0.0201389466505939 0.0728747668908354 -0.034842019082658 0.0484703898927044
-0.0367756439857579 0.0552505474600424 -0.059005108119403 0.0364529854326676
-0.0647907224808978 0.03548164560608 -0.0687994481970123 -0.00745842129185554
-0.0778334899520593 -0.0303923566877502 -0.0456269995246788 -0.0467570136670144
-0.0402218463859647 -0.089396666029527 0.000904217719208786 -0.0462340870861628
0.0438904951291375 -0.0857720854762005 0.0178928920933071 -0.00275091561759739
0.089711219527674 -0.0395635810365153 -0.0699746728976776 0.0368627756852821
0.0488287212753097 0.0172169063099942 -0.0807064960277356 0.0790753382564335
0.06804541102522 -0.020494922898839 -0.119525857931914 0.0434755520571795
0.0328018314623169 -0.0702003000646347 -0.112998684816453 0.0603233870408253
-0.0227623125923369 -0.0673438081588887 -0.0665690825019866 0.0896448240069458
-0.0567994030453408 -0.0166169010058134 -0.0130507614083018 0.0799012357675071
-0.04142753411937 0.0225130815194645 -0.00611547429643208 0.0553358116280867
-0.0225163921422823 0.0365720359363791 -0.0126364651525001 0.0543410092382584
-0.0139143185906252 0.0447892169603103 -0.0187880119613779 0.0622221402778525
-0.0132179200236414 0.0512339809597058 -0.0423318616869944 0.0683616700321263
-0.0279407646548636 0.0420476363895884 -0.0698545928570607 0.0505098458446902
-0.0503195369280251 0.0260587456194722 -0.0836717955276397 0.000601175824901565
-0.0572325549755869 -0.0279350249462971 -0.0573534174993674 -0.0441524971116001
-0.0198208847571552 -0.0722142229319436 -0.00857430477007817 -0.0491404278963791
0.0493441444385923 -0.0552103697869734 0.0100326923478625 0.00180368593413833
0.0697813942689415 0.00158257886874578 -0.0918289567183638 0.0445379702748609
-0.0328943369279747 -0.0294142878133271 0.108635265530779 -0.0556610314050139
-0.0377786395184813 0.022606675595038 0.0034016858324274 -0.0153334821608587
-0.00574310041083791 0.0422324788791911 0.0104207135255536 0.0631293899684441
0.0305035024169114 0.0181794541735621 0.0718658704428588 0.0575021503780853
0.0255350322774007 -0.0140274455988434 0.107496219280372 0.00242746098231955
0.00450330260638409 -0.0165579872285061 0.0951621623265183 -0.0566168843724605
0.00410958694902724 -0.0124058922289771 0.0535704673838342 -0.0867739563840435
0.00730601648088938 -0.0116285778936709 0.0204866692825405 -0.0851156953275499
0.00652793883485398 -0.00903086257899158 0.014115871107038 -0.0691913356263617
0.00730634964897406 -0.00318207411271502 0.0167170319543914 -0.0687940487066373
0.0079756279056066 0.00941953091795594 0.0248881196579088 -0.0800966651550339
-0.005223475714098 0.0255257715868816 0.0579497167823647 -0.0787023309787784
-0.0384325712533602 0.012309965489918 0.0940354636402206 -0.0550009739325005
-0.0387209557760386 -0.027786153836608 0.0935614132039604 -0.0607200837599345
-0.0134095336995162 -0.0576464576550424 0.0737360002649428 -0.0941962966737964
0.00783285786813903 -0.0668988024381758 0.103515107548845 -0.0405058767313983
-0.022685036892382 -0.0279461738995211 -0.00955958906523446 -0.00683525176426558
-0.0258101485437371 -0.00521716908568462 8.73487007254499E-05 0.0861668628087132
-0.00843174536192372 0.000626225368723339 0.0766759689997676 0.0807620472835085
-0.00819042538199329 5.12457794410448E-06 0.121439837711749 0.0121094667158951
-0.0124713320052334 0.00692790651470073 0.1028338307794 -0.0555217560841643
-0.00718890013476581 0.0168105391284967 0.0574760906657483 -0.0858994611335899
-0.00279865127017597 0.0216722080559883 0.0206670432374006 -0.083397206609415
-0.00839406452877885 0.0231172624547088 0.0112262768964467 -0.06859190021862
-0.018462626840869 0.0154575137047507 0.0101971750920685 -0.0650390998016471
-0.0291437118239887 0.0110034334323596 0.0164840475254435 -0.0771028425806491
-0.0382281887422039 -0.00601486071839267 0.0444381637220545 -0.0802020825023747
-0.0449020457241082 -0.0373927697654913 0.0798840251061412 -0.0566764860729135
-0.0122220234152651 -0.0686913681218056 0.0775860772548653 -0.062009414109385
0.0311595201801605 -0.0898839839435021 0.060452200001311 -0.0848777142514286
0.0516732750070439 -0.0929844739301088 0.0841144220074729 -0.0188848790424707
0.00486652656052281 -0.0777394492254379 -0.0341165166477613 0.00452027154870881
-0.0395266994868374 -0.0616917283382004 -0.0235807223160451 0.111637799700563
-0.05040622061917 -0.0268154367996306 0.0692157220117981 0.111430164010723
-0.0487961625091526 0.0106030908993493 0.127948099041506 0.0322381309206272
-0.0339027393223284 0.0294298305591039 0.103941976169098 -0.0444207283080943
-0.0200956108465391 0.0446939368794842 0.0562220890757195 -0.0736819245150045
-0.0121571199929963 0.0519945531518895 0.0179337516840207 -0.0695980707109341
-0.0185700878007586 0.0535620981946026 0.0039265522304422 -0.0555778277036959
-0.0358288912244447 0.0356340228686622 -0.00439544281437767 -0.0522339279847728
-0.057381237634755 0.0203373439818815 -0.0019174472984264 -0.0694019444748292
-0.0696807588115673 -0.0224920071211949 0.0232426866884673 -0.0820361117921737
-0.0584374543236465 -0.0717629715119772 0.061940394015504 -0.0605115950517449
0.00280851696197248 -0.101248958628646 0.0609194494600043 -0.0573090452714174
0.0652975632255557 -0.111237353584369 0.0363737032474631 -0.0649531731817993
0.0906742487600168 -0.10155587612915 0.0514885242676405 0.00943491935640573
0.0408467628016408 -0.114228688940063 -0.0649078947024319 0.0177142132573868
-0.0380435167200819 -0.116009731661203 -0.0570679929232393 0.128509409450075
-0.0825411737269277 -0.0620402064527716 0.0453164671867003 0.138125896010482
-0.0878775270989933 0.0114170949772574 0.119557416231041 0.0580612980704156
-0.0556706565936334 0.0456284110065666 0.0952088587232146 -0.0230770304061633
-0.0330055133797023 0.0650178254701996 0.0482847910569507 -0.0502672201237008
-0.0190053082685528 0.0747342340489101 0.0116550251578242 -0.0455082213669473
-0.0230859816421419 0.0771754032333558 -0.00664052210123975 -0.0333170397720627
-0.0435720703993494 0.0532882037539375 -0.0207091711741542 -0.0313268606537053
-0.0729173494870953 0.0332969080533821 -0.0223498371028327 -0.0557704571188921
-0.0916526251451754 -0.0264595221034369 -2.10784409917183E-05 -0.0771907755535168
-0.0709509302299757 -0.0905799765588544 0.0430896972337523 -0.0611118022800572
0.00989772642572832 -0.118782560271415 0.0474201757505109 -0.0467570981146972
0.0867569324243284 -0.118822260730026 0.00857745875021262 -0.0376055775718266
0.114543914347742 -0.0913412014052903 0.00893823991174424 0.0371804856228208
0.0760181906491169 -0.125094392337017 -0.0962005185038158 0.0291761354879287
-0.0192983709819641 -0.151037751704031 -0.0922280618610927 0.129320587911205
-0.0936181273881396 -0.0953480861575427 0.00914997890111863 0.150516615462747
-0.113201077679461 0.00275806570179357 0.0935254323472818 0.0797818937682718
-0.0716664980723233 0.0527588355711305 0.0748186620183911 0.00236987871973643
-0.0413901931691992 0.0751560066886298 0.0341614924623042 -0.0209707401677517
-0.022899473686216 0.0861036259791381 0.00383418777980751 -0.014722858772069
-0.0232758878966245 0.0896893090671425 -0.0168641066301631 -0.00468878760790585
-0.0450835917915424 0.0640656485023905 -0.0357680477637994 -0.00622212073983874
-0.077663371047457 0.0417721711509135 -0.0416722440133244 -0.0381561380354837
-0.0999842631195615 -0.0265645609930055 -0.0206717687171024 -0.067795452663968
-0.07256026261547 -0.0980750939309563 0.0266235942842111 -0.0582110160946983
0.01816411849095 -0.121860155842475 0.0371291581619187 -0.031601095756055
0.0980638137788044 -0.108766399640415 -0.0194634760463289 -0.00687100020707249
0.115586759138897 -0.0640918957330937 -0.033522749884347 0.0607553778872644
0.0974522857433935 -0.108316003135652 -0.119195939174411 0.0370329550913388
0.00775447580303553 -0.155292896617463 -0.117415810168768 0.113819165391567
-0.081385156898 -0.112103592430226 -0.0281799215023573 0.142352283253414
-0.116069576380166 -0.00925137493450186 0.0553005622999701 0.0912597094988422
-0.0752678717404652 0.0500595061528528 0.0467395430486361 0.026700358303659
-0.0426477038519301 0.0731990844145211 0.0174262112763176 0.0101924190350525
-0.0229355344464164 0.0847281634984422 -0.00503746171377082 0.0163046739448863
-0.021012323224308 0.089126961851895 -0.0266529567443607 0.0247196957279045
-0.0416619453549311 0.0659540909746663 -0.0490505331329243 0.0187993396379849
-0.0741424519487422 0.0443831728829572 -0.0584154015093672 -0.0200436442272799
-0.0958193077046439 -0.0275125249301663 -0.0371209454448991 -0.0560227455037938
-0.0633659936559297 -0.0980990313602595 0.0117995141473406 -0.0530146185066416
0.0296277184217542 -0.111689522485092 0.0282578202692479 -0.0169814023994306
0.100068462122103 -0.0823357117625835 -0.0461133780984654 0.0210815476248984
0.092354156678672 -0.0268923526376519 -0.0673010743386481 0.0765951939265068
0.0944815868585632 -0.0706880386809311 -0.129380120618816 0.0432082682294542
0.0268349788643255 -0.125132742423558 -0.125051088950847 0.0894273715821451
-0.0559058058890728 -0.102033216572353 -0.0541615544244997 0.120527456149256
-0.0962557613959666 -0.0155726535904202 0.018099708561388 0.090193613197391
-0.0641292110874495 0.0398485975217093 0.0174533930542965 0.045351551602706
-0.0355709267769177 0.060451582390949 0.00116268220426565 0.0377143167736776
-0.0186433640118416 0.0708623424598215 -0.0121681561161832 0.0445790945760354
-0.0167113818154004 0.0759783867242936 -0.0340030919774405 0.0522626883001394
-0.0359457644084465 0.0584871730899813 -0.0605712416815406 0.0405143301731971
-0.065048355452608 0.0395254634743086 -0.0736345600951909 -0.00535280905775331
-0.0822434398635587 -0.0285046907523221 -0.0509974124437387 -0.047257115957045
-0.0457173040115131 -0.0905561334093323 -0.00033597877585843 -0.0498632308862866
0.0412930681678682 -0.0905485595906785 0.0191931409537425 -0.00555389335590347
0.0923268631090729 -0.0450488645407098 -0.0715365315314829 0.0411441539673196
0.0521151235478277 0.0150402044260422 -0.0821629678127911 0.0833078151076376
0.0703227326124579 -0.024036639119059 -0.123743376044195 0.0490178678080538
0.0306803400437056 -0.0742220063839715 -0.116224633675027 0.0678038551312821
-0.027010429549584 -0.0688766537182334 -0.0653939183775073 0.0964064323456379
-0.0599044427945897 -0.0137962731537625 -0.00982977219901041 0.0839686061456972
-0.0415282692494828 0.025622384940789 -0.00379594343367894 0.057714093535518
-0.0213020111166873 0.038671579710722 -0.0109255139684449 0.0577093082345657
-0.0115518358829322 0.0472416869793023 -0.0164794230685047 0.065778472800099
-0.0102280276363369 0.0531618819153312 -0.0412017857512938 0.0730942800064134
-0.026737778284144 0.0447336392592666 -0.070717334641656 0.0556924837805297
-0.0501924549909727 0.029654590224395 -0.0883565901904647 0.00397814455932741
-0.0604966849105056 -0.0263169623854454 -0.0625350116537978 -0.044776171695966
-0.0242964196244522 -0.073811481266638 -0.0102091741503145 -0.0524864810535365
0.0484284731849022 -0.0596455902208727 0.0103673750980996 -0.000229209806286384
0.0729380966355145 -0.00210916264981311 -0.0940046449582568 0.0503624456496278
-0.0350640522957125 -0.0280930978547395 0.107407196828581 -0.060537031735038
-0.0363983179087203 0.0248685569249461 0.00208429598824192 -0.0151539055413757
-0.00316129103454054 0.0426159369474749 0.0127297785121457 0.0651370680307826
0.0317862194906236 0.0164419723598991 0.0762692062127545 0.0562171933018596
0.0238149583318024 -0.0166712694231131 0.110518323608863 -0.00192764210278505
0.00326771065161003 -0.0165353714287311 0.0951893253318304 -0.0624435272411163
0.00346658023029838 -0.0125465493093409 0.0505103337200306 -0.0908743735950683
0.00624459443459587 -0.0122226017819171 0.0164035913297067 -0.0869167325232433
0.00478796881443696 -0.00935758249377031 0.0115181419708977 -0.0713722600421199
0.00636699963139073 -0.00311530161026024 0.0138777156359341 -0.0715252283237264
0.00797782976210676 0.00882583147725381 0.0206990965172637 -0.0829732367524572
-0.00385874806330181 0.0248829237284001 0.0558358213598862 -0.0836516202511494
-0.0376806335212878 0.0144116978404641 0.0948787115831314 -0.0610333986741133
-0.0397065478385554 -0.0261683487611429 0.0942233827755543 -0.0636514378975285
-0.015959836010516 -0.0575966588615946 0.073127156108022 -0.0968828216979696
0.00537307855816877 -0.0675712744341249 0.102825249612533 -0.0456248827388425
-0.0229881267659403 -0.0270757655429883 -0.0110109992486744 -0.00614213893584499
-0.025584523074595 -0.00423534371689771 0.00307655160910315 0.0889127975599887
-0.00903927371089554 -0.00012850828622465 0.0816775475071726 0.0798865235078674
-0.00920422247910872 -0.000278593631176079 0.125493891290219 0.00724310672412209
-0.0136841099165509 0.00783710604810434 0.102957652164467 -0.0617604073710188
-0.00746564989572053 0.0180815433582284 0.0540568106908329 -0.0902818010826753
-0.00236027936871455 0.0220197715377057 0.016454589634162 -0.0853818191427339
-0.00822845154062803 0.0247974706764827 0.00878009535060172 -0.0706817144948107
-0.0190283044199378 0.0168645592065998 0.00701525689999901 -0.0676710897400443
-0.0300172097559179 0.01199593678243 0.0123538198430703 -0.0797637163284727
-0.0390333342689218 -0.00614363466287253 0.0413569367000235 -0.0839120753854485
-0.0460480021033035 -0.0360576037612971 0.0806359801800108 -0.0620277890632733
-0.0135596747306897 -0.0691503082663254 0.0776807355655377 -0.0649960524528126
0.0282859243567778 -0.0920887093930231 0.060267757752545 -0.0875345355885605
0.0499166880293784 -0.0959863248694625 0.0844806006609965 -0.0225807679560353
0.00315208737283325 -0.0789037301009063 -0.0357487796290274 0.00622798381360914
-0.0415692570900235 -0.061044076433313 -0.0201875896236756 0.11577528297946
-0.0523247248886445 -0.0268772165687579 0.0747196899834908 0.111320456017765
-0.0501714600776394 0.0117744965732852 0.13295820077908 0.0274280065739611
-0.0345686758912951 0.031429055679247 0.10405005390182 -0.0495786761746877
-0.0194418867177771 0.0463276306528474 0.0527184789037031 -0.0769957941586633
-0.0105303316334762 0.0536923594533736 0.0140116317436859 -0.0711572532571659
-0.0171875729643902 0.0560883452810066 0.00101058223361157 -0.0572067365364259
-0.0362081684706662 0.0379445252157893 -0.0073218562472173 -0.0536543329202547
-0.0581120571269165 0.0225535889565693 -0.00644438346316077 -0.0715910890314884
-0.0721058978754881 -0.0216559950923382 0.0191050464878032 -0.0850054392503283
-0.0619205135103855 -0.0709226312064764 0.0623467203571056 -0.065923103012126
2.49837158623375E-05 -0.102735228109448 0.0611005726485213 -0.0607069413998144
0.0624364075475103 -0.115406365963401 0.0359697034489043 -0.0664746849621208
0.0887734875436333 -0.106673212506074 0.0520640873859524 0.0066287307030325
0.0378617528786683 -0.116982763527879 -0.0662628142860091 0.0212270639134167
-0.0431126614355443 -0.116255177253904 -0.0533890076586985 0.13454020340016
-0.086331516481224 -0.0614500221228518 0.0516790013438292 0.139534274458424
-0.0894176015951417 0.0148297811317416 0.125014129366281 0.0534906432085762
-0.0559975342350887 0.0489920163727153 0.0959854151519807 -0.0277656469027469
-0.0313119858638056 0.0677409400542513 0.0462191194562406 -0.0535765498446108
-0.0160604890019951 0.0772537465292264 0.00886187262214202 -0.0466011295621166
-0.0204686125004228 0.080239735605708 -0.00892461710860417 -0.0335467458447588
-0.0434282287264485 0.0559940261045389 -0.0235050617893445 -0.0315222262787624
-0.0735116722081292 0.0365839820750531 -0.0275079352749114 -0.05695989949023
-0.0950369852547024 -0.024114948986464 -0.0049299455680448 -0.0797779594792049
-0.0757246581101064 -0.0894610619881398 0.0425159136807177 -0.0666578864499123
0.0064291621112872 -0.121658638435813 0.0471505257126172 -0.0500516412045873
0.0841758853821316 -0.123835014772744 0.00871645483018918 -0.0380402350535345
0.113326774223496 -0.0971757542374938 0.00936568317935185 0.0366471253913689
0.0735881926294814 -0.129662409293613 -0.0981776776835973 0.0332274114348333
-0.0257310870929985 -0.153419157571053 -0.0898565040101494 0.136313349097998
-0.0995853372540825 -0.0948048178856924 0.0152085600854856 0.153260182500327
-0.115454538458171 0.00743021530454545 0.0993718643198782 0.0766354170031049
-0.0715201358135334 0.0567202444055085 0.0763292721959624 -0.00101706122372735
-0.0395874791709339 0.0779452266629888 0.0335610740793571 -0.0224560344359309
-0.0192766074746856 0.0888070335589383 0.00187916839366961 -0.0152871634069185
-0.0196924755494266 0.0925107028534211 -0.0180560770855979 -0.00379001438602234
-0.0444731884398298 0.066544914938274 -0.0379896366633723 -0.00480593268561618
-0.0775867298965731 0.0458511138910059 -0.046504650687065 -0.0379819379685595
-0.103759394465144 -0.0241054320824932 -0.0254935148213424 -0.0691437030284892
-0.078269163096568 -0.096894929648997 0.0254543529489094 -0.0628383339371687
0.014359594245719 -0.124577412418408 0.0374538278762979 -0.0349887525744109
0.0960842177638807 -0.114585309845826 -0.0192124036201378 -0.00559760799619779
0.115563304076321 -0.0698367148297256 -0.0330151788381663 0.0615832757478206
0.0958108979412982 -0.113532396758581 -0.121941443876667 0.0422609313078592
0.00118169340134612 -0.157794473387227 -0.116210149178411 0.120895487765676
-0.0874389619565074 -0.111663027792927 -0.0234164078765836 0.146178455766096
-0.119163309259066 -0.00430440500621575 0.0615956213660526 0.0904111056186751
-0.0749383662499728 0.0539948007918586 0.0483408972304144 0.0248964983975135
-0.0400880369671992 0.0758325498525146 0.0173896030332237 0.00941703443720648
-0.0189464057759495 0.0871186689604325 -0.00490105830044898 0.0169742304066241
-0.017159052346995 0.0916015284053239 -0.0268457692136659 0.0270442480947025
-0.0401068239084559 0.0684540684631329 -0.0502090973676654 0.0212917001807314
-0.0738894885619968 0.0477288802054741 -0.0625121510033345 -0.0183864164350177
-0.0991887440410812 -0.0244854753440001 -0.0417384873124797 -0.0566971309872709
-0.0687814263403897 -0.0972176632612306 0.0105318325611474 -0.0562623102570976
0.0258361650466972 -0.115204409536888 0.0283728521990835 -0.019925988005972
0.0993071620945911 -0.088415244957263 -0.0458672080889542 0.0235126421399113
0.0935829529341637 -0.0312928051697041 -0.0670887977065124 0.0790652103514777
0.0941489101965912 -0.0762720489145389 -0.13264300285256 0.0483773356522087
0.0214054016040348 -0.128676286623282 -0.124298030706948 0.0968176584537675
-0.0617593426420448 -0.102180500637047 -0.0511230074820416 0.125267261216333
-0.0986092898004716 -0.01158678054048 0.0229942155454074 0.0903723520287344
-0.0635878059848017 0.0435243121496432 0.019573636053685 0.0455604396594757
-0.0334338494599981 0.0623746139215339 0.00181510595696412 0.0387239605270946
-0.0155483194252843 0.0725765871494726 -0.0109602781727562 0.046116129140677
-0.0127311490698706 0.0778998221353358 -0.0331717144767493 0.0547416532937739
-0.0337651870084413 0.0610399010502956 -0.0604747110448316 0.0439467732172641
-0.0643046306520463 0.0426061853326306 -0.0777845734195225 -0.00250722913415347
-0.0850859787363655 -0.0259179455494808 -0.0553328686933769 -0.0473548485538848
-0.0510068403123653 -0.0897959553105352 -0.00209757862798574 -0.0531290238319164
0.0380376675574538 -0.0939185784629677 0.0194201019390579 -0.00811047752732484
0.0929414850570705 -0.0503576524676321 -0.0707942057414036 0.0449025781899329
0.05378291553884 0.012600749093479 -0.0820853248722043 0.0861908207320264
0.070436891938559 -0.0280201216946781 -0.125985472298068 0.0541199204916529
0.0266176186887116 -0.0766793607492598 -0.116770893336086 0.074484546569161
-0.0310304125435527 -0.0691001633637838 -0.0635819710437657 0.101609287826857
-0.0616208191237497 -0.0108329035428109 -0.00535827847732757 0.0858959227991277
-0.0404100129434689 0.0285728305394428 -0.00138603673973581 0.059004616830352
-0.0195035239961862 0.039806582232456 -0.00867303471945636 0.0593326133086501
-0.009014355470193 0.0479824315509725 -0.0140939203828486 0.0671259205196182
-0.00701568737181344 0.0542319964905496 -0.0389734719238433 0.076250208033467
-0.0247232619730193 0.0465585787307414 -0.0700350962712452 0.060434560142424
-0.0492716938115701 0.0327687554816071 -0.0916617936524619 0.00748516174762365
-0.0628078984857354 -0.0243564284020494 -0.066403266335955 -0.0433635994329432
-0.0283864725430771 -0.0727876469677127 -0.0123298487689095 -0.054395379501014
0.0457130457752178 -0.0625252558783941 0.0108572239885644 -0.00236562402582304
0.0744622338069069 -0.0054783783519514 -0.0937342481596315 0.0549324434590596
-0.0433887325341506 -0.0161369202491422 0.084727087933818 -0.0939506261314159
-0.025615635299533 0.0365389489332784 -0.00400143949594818 -0.0166552151383098
0.0136347332705487 0.0413270339667521 0.0310821145915307 0.058812883564978
0.0357641453771661 0.00322311503642756 0.0914154512915211 0.0315024883726449
0.0167203432221605 -0.0241944037124037 0.107209734729307 -0.0371209898702593
-0.00172575730383271 -0.0163024483103402 0.07094477383615 -0.092976421079199
-0.000594768298827457 -0.0135438523884714 0.0165613615169541 -0.104004091643207
0.00140976407903964 -0.0136310060641139 -0.0142276132592811 -0.0867868544327114
0.00172939329098095 -0.00964800228641047 -0.0127480263564382 -0.0724374289760068
0.00433816657169538 -0.00457119059230652 -0.0108442999214896 -0.0733846210858811
0.0100934884931751 0.00563310173082299 -0.00862251202637742 -0.085173505547723
0.00397890971730955 0.02400673821937 0.0261035168828495 -0.0978092053445084
-0.0306514274028288 0.0256823841152391 0.0730713980689731 -0.090264799642668
-0.0466054477752457 -0.0113026911146722 0.0719013117401977 -0.0894911720906291
-0.0339415534382325 -0.049157831979102 0.0413599980487967 -0.111516903035075
-0.0176510388803471 -0.0685210907071246 0.0857175196549215 -0.075516687615442
-0.0308726762828091 -0.0179707899901648 -0.0114564001333739 -0.00139515977477949
-0.0247163801843548 0.00470776389316818 0.0326456323216729 0.0838927289253779
-0.00812164286291646 0.0023895387756793 0.106281219396425 0.0502683090194416
-0.00963748882799784 0.00246664787109626 0.123784349688392 -0.0349314599144587
-0.00977056129206912 0.0117572082767562 0.077387395275746 -0.0949135558044761
-0.00104301132910964 0.0197240351257154 0.0198981629979053 -0.105358466377668
0.00465604413477533 0.0216337278774803 -0.0150652111228407 -0.0858790400349729
0.00012299110796416 0.0269027212417781 -0.0157675042175569 -0.0704211680820325
-0.0137898831056744 0.0227672863521805 -0.0162333027840726 -0.0677347241180559
-0.0253112775620667 0.0215676192058863 -0.0156012368330353 -0.0805132598608899
-0.0395247408324683 0.00597523160524008 0.0123652567325584 -0.0944462254152796
-0.055328050902114 -0.0197193427160934 0.0587128039679187 -0.0861466834725992
-0.0355280885433198 -0.0611900174706529 0.055052502649413 -0.0857865123942276
-0.00163467060924401 -0.0967633752268063 0.0293238294259008 -0.0994545160963518
0.0153926092886503 -0.111343864018688 0.0747680646875597 -0.0457690438336899
-0.0244707159124824 -0.0765979644863648 -0.0292183998947874 0.0220250398646737
-0.0606670952459979 -0.0434282811435181 0.0233023986018726 0.117646742054936
-0.0594573926403729 -0.00760592188996758 0.111934637063603 0.0808208418750875
-0.0434678410188698 0.027206388268414 0.137544229309647 -0.0205613489820741
-0.022017969116641 0.0410365596980315 0.0820669041269549 -0.0850107653480409
-0.00386480441196688 0.0515655360322473 0.0235537618507138 -0.0933990308859951
0.00769431652068084 0.0541090694520267 -0.0133793142070443 -0.0717605470011722
0.00266093547515764 0.0598646501331665 -0.0193428365904738 -0.0552252594295924
-0.0232465876754364 0.0487078117022723 -0.0250852191514782 -0.0501202418484576
-0.0487227742706961 0.041398806474579 -0.031239071905864 -0.067106726564292
-0.0766922336869737 0.00196034296362387 -0.00876809580786271 -0.088031735761818
-0.0817284708825937 -0.0483540812816997 0.0395032733185867 -0.0836920302665344
-0.0336755176829475 -0.0980536415106498 0.0390062880247044 -0.0764847358144104
0.0243052083259856 -0.131140808597826 0.0115133232952706 -0.0734113564904224
0.0498383706415325 -0.136470886000473 0.0519174103553122 -0.00550269617027203
-0.00421830729269221 -0.125954636520702 -0.0539290864293583 0.0484937826474864
-0.0809829456908817 -0.0954775076953109 -5.88723125248406E-05 0.147738984239132
-0.104015383291953 -0.0270617756932512 0.100825293853587 0.114370838266117
-0.0793024859256881 0.0441629122742717 0.138859926984478 0.00526913405382653
-0.0363131584051811 0.0651829422377446 0.0811623850343266 -0.0623190413040601
-0.0076812006587316 0.0763179811909537 0.025070468596641 -0.0694080495367643
0.0101183590055037 0.0780838638215922 -0.0101648236812465 -0.0475711178230701
0.0074177460641213 0.083015419540479 -0.0213379276006065 -0.0288885480824436
-0.0239928532649735 0.0683889880765096 -0.0337330617688258 -0.0238213808195414
-0.0582348771232512 0.0595644522668529 -0.046239591451547 -0.0470770185655626
-0.0998045960353419 0.00746198971937565 -0.0299167210556399 -0.0752750295397549
-0.101363846426591 -0.0610034237801075 0.0198868988823272 -0.0773884547589986
-0.0341784633060755 -0.118269916153073 0.0283922542606831 -0.0626017299648532
0.0432144252788067 -0.14674004888088 -0.00687533252670735 -0.0381386922902866
0.0768497191839646 -0.135033947377369 0.0196241764613597 0.0377537597517484
0.0252598185024468 -0.150925212329011 -0.0810527308992143 0.0725891932439521
-0.0776785713202962 -0.136535755582417 -0.0320384424838335 0.163524017275254
-0.129005401014925 -0.0540480769419074 0.0724354125569794 0.139765551326948
-0.107103445459211 0.0469855137610686 0.122999410612133 0.0348407219312429
-0.0487819121481905 0.0778028283139411 0.0713885822416475 -0.0303245698697542
-0.0120184795197312 0.0892736701528501 0.0238124482343691 -0.0359174960302627
0.0113561337624507 0.0900729989161765 -0.00584792555081385 -0.0155507174503353
0.012226130079265 0.0942766817681879 -0.0203422760730352 0.00229003970706384
-0.0205133691841588 0.0782846880062254 -0.0391713890951649 0.00611798924704939
-0.0589470908473517 0.0692198563421202 -0.0583626973014294 -0.0222294559594898
-0.107270225375573 0.0107928382740372 -0.0461273939552001 -0.0578741389674611
-0.106068236760261 -0.066898919800887 0.00453196156400455 -0.0676213877788863
-0.0277964149148283 -0.124279357403091 0.0228949738731169 -0.0455291561285338
0.0572717167891802 -0.141865008954788 -0.0237121448759179 0.000227256869176832
0.0889750907498898 -0.109521475054918 -0.0139658188112509 0.0749425963589106
0.0527028306600195 -0.142933761868788 -0.102916933481259 0.0886171663199174
-0.054275858098367 -0.150605049729057 -0.0628060781232058 0.159161680345803
-0.12485108818795 -0.0740394752238032 0.0337590992964149 0.147245945167197
-0.113969051305807 0.0374656103886365 0.0910017576581284 0.0602610970958279
-0.0527110467612746 0.0766951801053918 0.0536461333927779 0.00410760099932511
-0.0134779515173357 0.0878559221612821 0.0202398963803847 0.000469568064291104
0.0111271281714414 0.0886265604145722 -0.00093834450025385 0.0171911168933984
0.0149234090340165 0.0920196837439745 -0.0177947138690165 0.0342159005736753
-0.0159287632463201 0.0785705074860822 -0.0418690629492181 0.03547716479244
-0.0544260268459658 0.0697322258227344 -0.0673974458305965 0.00155772286835698
-0.103264616789764 0.00887505433220592 -0.0576249558861493 -0.0409554290393219
-0.0972481881819293 -0.0693441308767857 -0.00852007258535442 -0.0574745628581153
-0.0134483654046836 -0.118567237591578 0.018927204260191 -0.0289022429150301
0.0687292754705091 -0.117860750823206 -0.0397350981394375 0.0355398454691777
0.0808609658318342 -0.0635456401322424 -0.0420904117113933 0.100599382454606
0.0637572204550665 -0.106258145892246 -0.11292112296201 0.0971115841825095
-0.0252776375060958 -0.129253591047712 -0.0814336133819413 0.138791889042129
-0.0965760676992923 -0.0735626125156776 -0.00100620282842764 0.137185720614785
-0.0968273597480037 0.0246730218104916 0.0537738837715071 0.0748974554223859
-0.0446488257754513 0.0635765290845795 0.0328971589476238 0.0337912668747779
-0.0110359015664373 0.0720811156643775 0.0155698451214052 0.0338931865666364
0.00983867984584699 0.073602832522068 0.00435167616665164 0.0465014789781751
0.0146919796009058 0.0776466690670428 -0.0145267461961413 0.0631568669413533
-0.011439383677336 0.069273034004177 -0.0444795928187713 0.0608340604189247
-0.0464677949365789 0.0618822232315591 -0.0758383061370474 0.0218219212264571
-0.0898516731393218 0.00341325647566101 -0.0675850943531279 -0.0274567237113044
-0.078012995281745 -0.068366413567393 -0.0195018508962046 -0.0498923406576327
0.00446287689137968 -0.101973360027797 0.014148799438871 -0.0148186476005646
0.0746566722871744 -0.0791506678119087 -0.0566473105650824 0.062971348737665
0.0571389494433913 -0.00631661260523548 -0.0549480231191994 0.110210799468916
0.0578892999562545 -0.0514558356690657 -0.107151539093472 0.0971255099822899
-0.00207647656578011 -0.0813342459916469 -0.0849571667852664 0.113922087745575
-0.0554333237976251 -0.0527428993879152 -0.0231606490586171 0.119589823353061
-0.061390798988178 0.0124185553174064 0.0247400585976485 0.0813120064199073
-0.0277107347539656 0.0414554485112064 0.0181174404472616 0.0549864723169204
-0.00476937637445278 0.0450549469956323 0.0128664747240404 0.0581283107615847
0.00779455990371808 0.0479718896897015 0.00893937636567215 0.0673836115435758
0.0119163413585128 0.0524917375523822 -0.0120373726663516 0.0853791820788891
-0.00763108243450767 0.0524000244438003 -0.0477580556892017 0.0794436420357762
-0.0354576869550072 0.046899338492593 -0.085475994339528 0.036569906949631
-0.0679023573513845 -0.00200202776685157 -0.0771530709544843 -0.0206537869437105
-0.0511929071050427 -0.0590554850789853 -0.0301287502996532 -0.0482915326148121
0.0219950881375602 -0.074769996230458 0.00795954062129795 -0.0066724739562368
0.0706900190647629 -0.0302205076236727 -0.0733616584361727 0.0794021653878448
-0.0440364506260561 -0.0149514942247867 0.0848447836264378 -0.0966105260819329
-0.0245299033685674 0.0369855637856119 -0.00511371989319595 -0.0162484334353873
0.0150800517197641 0.0409648346289162 0.0324842375607517 0.0606881417606753
0.0365026085352675 0.00180212731992275 0.0946964817756124 0.031603894926411
0.0145618084111402 -0.024724005500772 0.110527743583519 -0.0398518215524433
-0.00283017992941241 -0.0162844415724769 0.0714767350536903 -0.096909453456697
-0.00109662445354959 -0.013355711690904 0.014875812141012 -0.106095278893328
0.001013501162142 -0.0135239043637497 -0.0156258842395602 -0.0877262545505278
0.00126948377865209 -0.00938647724358576 -0.0141797435040761 -0.0747272186304433
0.00367536701292153 -0.00435699794502978 -0.0125714089915996 -0.0749603157629832
0.00977076671840492 0.00565169003309215 -0.0107108821441887 -0.0869895251198533
0.00429816659834925 0.0229000524943824 0.024667493976341 -0.101440556260769
-0.0300088357454598 0.0263659845288188 0.0743159760744822 -0.0943978095477613
-0.0467204851583564 -0.0110212680501634 0.0745985229097577 -0.0916726862877765
-0.0352412074937054 -0.0491120873236879 0.0431229776046094 -0.113528664785122
-0.0180775206979003 -0.0694390476117898 0.0854968684507578 -0.0778801441748061
-0.0304595971901263 -0.0183665813098437 -0.0121055554300334 -0.000188149563781351
-0.0246101815715795 0.00415758350414649 0.0347951103368912 0.0867686822163182
-0.00903090365960391 0.000987001645783515 0.109665950178706 0.050471068316144
-0.0112192503252367 0.00228703057554855 0.126941234793674 -0.0382361698432846
-0.0105991237297824 0.0128238205448669 0.0778554698683711 -0.0991478361934672
-0.00119030010633077 0.0213235387636168 0.0182169934817317 -0.107451595344428
0.00475551237405451 0.0229514369076707 -0.017163725153381 -0.0868286972770956
0.000507270639276662 0.0283398223168851 -0.0179253908276443 -0.0720550555174997
-0.0147092135258748 0.0242974542760448 -0.018182917848316 -0.068778446868419
-0.0265330339008817 0.0220924579204751 -0.0185747045182223 -0.0813864687736402
-0.0412147826282078 0.00521985988292921 0.0106874785996265 -0.0971959065448119
-0.0563778328427739 -0.019627759418794 0.0594309199855638 -0.0906278748794058
-0.0362207936543558 -0.0622837841559057 0.0567018968683499 -0.0882075917757837
-0.00242455131612439 -0.098474363031563 0.0308196821601792 -0.101643803777089
0.0145002346059642 -0.113816386733684 0.0747940884584726 -0.0467432712261843
-0.0243663115661853 -0.0783371687972554 -0.0302096135667876 0.0237157965151247
-0.061330634383401 -0.0441895209864256 0.0252761164999431 0.121009904683115
-0.0611213788701154 -0.00797562123489793 0.116173160937582 0.0811443493951659
-0.0451813477401278 0.0286377693651237 0.140374447877381 -0.0236104520519178
-0.0230868299572487 0.0426111673169973 0.0827399398979049 -0.0887659937363427
-0.00355149550244853 0.0533127966333345 0.0217633301713719 -0.0956851333405525
0.00869086168172283 0.055526916952221 -0.0158409200449864 -0.0723675910437213
0.00394343308780457 0.0613751844525624 -0.021646503426752 -0.055934515558981
-0.0238330923401886 0.0509425382874608 -0.0280610561013665 -0.050703929403995
-0.0498323121882239 0.0432167013978646 -0.0345651627668739 -0.0681320123580487
-0.0796998831667454 0.00199981397999559 -0.0112330800814556 -0.0903996970968499
-0.0836609269021422 -0.0486028318441593 0.0389581246227938 -0.0883808315816579
-0.0345257568864951 -0.100011800053777 0.0401898569805667 -0.0785346280619326
0.0237143088079305 -0.1340558202251 0.0123507526367855 -0.0745709491359984
0.0493658993617903 -0.139352599139993 0.0517154329275727 -0.00618281836722713
-0.00438306443247722 -0.128756226883806 -0.0550880327165512 0.0508981691113099
-0.0834303902411831 -0.096351995705677 0.00167769620201484 0.151889996551456
-0.108089053127563 -0.0275588245792886 0.105166021008916 0.116180512576742
-0.0813857895906597 0.0461873661420664 0.142292772022953 0.00216094081547917
-0.0371795930631236 0.067174369626424 0.0818924190725072 -0.0650352137157987
-0.00767196093628124 0.0784905092901059 0.0236802384818451 -0.070545616557908
0.0115168510741649 0.0797548020979231 -0.0120869182375089 -0.0474178566724451
0.00935655631157356 0.0847185279383322 -0.0230886572206222 -0.0288601871868392
-0.0242436838441181 0.070702597925478 -0.0358200860424395 -0.0236965829342657
-0.0593816426797513 0.0614933597199259 -0.0505140031535163 -0.0465253588010216
-0.102959818523338 0.0084454098541184 -0.033422555923545 -0.0763445233278731
-0.104262522366594 -0.061157319054441 0.0190491717957805 -0.0821010721543183
-0.0350600576334012 -0.120986318494813 0.0288427479634439 -0.0651500770726734
0.0421154556605597 -0.150726112393744 -0.00641587202740931 -0.0388188057926088
0.0775159508413619 -0.139192463097968 0.0188324268020892 0.0376126054374117
0.0250831603534516 -0.155031686811906 -0.0833049238345488 0.0758880794798432
-0.0806005723303564 -0.138050451168069 -0.0310927500740363 0.168577247836067
-0.133280500334751 -0.0546607644835434 0.0758347072000793 0.142972233013884
-0.10874591955693 0.0497416006499859 0.126456739371959 0.0328522238321929
-0.0490940873820372 0.0807479033679441 0.0719990590515666 -0.03219374838161
-0.0113700522827805 0.0918927578576391 0.0234494700265921 -0.0365073939429324
0.0131631706389274 0.0919513706036193 -0.0071958149686946 -0.0152608646725214
0.0146337461207754 0.0958970279303625 -0.0214733406371391 0.00376253471058911
-0.0204404577562162 0.0806355223474819 -0.0406558025659711 0.00748510125461989
-0.0593304053350724 0.0717157992423477 -0.0622996852774183 -0.0210967133883375
-0.110311275965105 0.0119378975751526 -0.0497608589361148 -0.059124263655766
-0.109627045607799 -0.0668232398028999 0.00293406473794404 -0.0721340861303621
-0.029518891411651 -0.126847190874685 0.0227874676853346 -0.0478852869592396
0.0572999827764212 -0.146062404778201 -0.0233052328300915 0.000628879891265881
0.0894288495500048 -0.113104093232287 -0.0158906210337103 0.0756414758109923
0.0528161135854334 -0.147507009294738 -0.105429653288267 0.0924024710732793
-0.0574723927350212 -0.152262715479651 -0.0624665765546456 0.164144588850387
-0.128963841592207 -0.0750321499337875 0.036273710854996 0.150459315664184
-0.116249504447337 0.0404255129072164 0.0942173983329713 0.0595645900358924
-0.0524820886632438 0.0795035252150575 0.054237115370947 0.0030363472125179
-0.0126877796642083 0.0899216509487563 0.0204166065226012 0.000519276978725729
0.0133854148933681 0.0905199522378937 -0.00161249505528949 0.0179432929717802
0.0172394105518622 0.0936260423515757 -0.0180304336676194 0.0361695682425835
-0.0150768778316224 0.0803852614910497 -0.0430930506542025 0.0375646735615185
-0.0539597912392631 0.0716176159681003 -0.0713692375676231 0.00361102133753989
-0.106429008598834 0.0103788839355413 -0.0613404729421264 -0.041125682786065
-0.100689556438341 -0.0691362453483603 -0.0100254176765995 -0.0606103962635117
-0.0154056477270739 -0.121097545071906 0.0183709030935505 -0.0311428172404937
0.0690094136864396 -0.122292295858531 -0.0396552735341363 0.0366704435491948
0.0812223426997555 -0.0665603397281212 -0.0440678699504 0.102527243070123
0.0644353793321681 -0.110190439300598 -0.116160362182308 0.100399010143615
-0.027756580069534 -0.131160702480512 -0.0824758942955543 0.144261413957483
-0.100832599029512 -0.0740951991189848 0.000743262146087984 0.141084415963006
-0.0983149754126924 0.0276694140290359 0.0564023501797292 0.0748116831294743
-0.0444266452808521 0.0655196566272874 0.0342099157240453 0.0341233221137183
-0.00998321887427658 0.0735942776648928 0.0164787437453592 0.0348889729046753
0.0118863728823494 0.0749090525245202 0.00441227502183906 0.0469016765742984
0.0169813540710754 0.0776965046199875 -0.0143085027914264 0.0653436194303127
-0.0106110095420545 0.0708503317938169 -0.0450067993626872 0.0637701997014632
-0.0458422880017002 0.0634897903011967 -0.0788219597721261 0.024957501501756
-0.0922969248724887 0.00491244496276004 -0.0712072879742286 -0.0273885524131367
-0.080337498590549 -0.0682425631982773 -0.0215935349861369 -0.0528629423599231
0.00345946088620347 -0.104447250220012 0.0134284580309639 -0.0167205798162357
0.0750307679452193 -0.0828051882863022 -0.0564566081197172 0.0647291072864275
0.0579939615085812 -0.00767609550830515 -0.0570236892358937 0.112247353366972
0.0584204629151101 -0.0539290688525548 -0.11041435923683 0.100773029836423
-0.00411146281780023 -0.0822819581349593 -0.086081004241766 0.118713227018484
-0.0580401719185482 -0.0529963497786222 -0.0219092302790505 0.123762938539308
-0.0623646619521613 0.0146847727024663 0.0269148974906528 0.0826273409218874
-0.0266535153230156 0.0426862226390835 0.0193889736536592 0.0560506787654023
-0.00350809653292301 0.045788274114689 0.0140670535795842 0.0591352432602217
0.00928810374517344 0.048209156134097 0.00981925902263745 0.0689818005952914
0.0139172877784879 0.0527522686135539 -0.0110117242375575 0.0870238283016731
-0.00571927107347009 0.0533815581367664 -0.0474527684836141 0.082099021106079
-0.0345046351657891 0.0483653205387799 -0.0879577836889943 0.0396893839747399
-0.0691607040778335 -0.000733502669819695 -0.0809309577659401 -0.0201493146731571
-0.0530685541133093 -0.0586051726721485 -0.0320656085919583 -0.0510160047515677
0.0210403614688069 -0.0761359186907133 0.00720207751370045 -0.00818787308748259
0.0717346505290599 -0.0328917635211216 -0.0736535006951447 0.0818596929961161
-0.0453423835274554 -0.0144885647820361 0.0864161038557153 -0.10128225849107
-0.0238301364632978 0.0384446361092311 -0.00587635111164487 -0.0161048056794265
0.0165406701806213 0.0406218889985602 0.0350263899892263 0.0644509821751649
0.0369821659682365 0.00049610939236195 0.100366497639843 0.0319708131189829
0.0134147520392705 -0.0254051949470445 0.114934227299806 -0.0439063862052198
-0.00314707340368762 -0.0169415161003493 0.0727469576122709 -0.102848223572696
-0.00172792789333232 -0.0131086869569612 0.0137305044226693 -0.110128037742403
-0.000276611733678179 -0.0136034442335958 -0.0181701358897558 -0.0896011885537431
0.000800560147255651 -0.00910660080814614 -0.0167478194321021 -0.0776748864767592
0.00343503357802348 -0.00414924090231432 -0.0152067723017179 -0.0776884501182034
0.00951848980973466 0.00555585429408403 -0.0131768014490511 -0.0900717258452617
0.00484204520708788 0.0229715391659553 0.0230968864894562 -0.105821379198758
-0.0299141524001234 0.0275433208548065 0.076676464898678 -0.100344893312877
-0.0479892424566765 -0.0110965836349377 0.0783137030705523 -0.0956297943766453
-0.0371725740434286 -0.0494489170622455 0.0459802830283523 -0.118322404789994
-0.01943587554585 -0.0715887926714071 0.0875956281474901 -0.0815052909757247
-0.030921918077192 -0.0193772880919845 -0.0131644099176466 0.00135740549432665
-0.0249467156186749 0.00348463950678425 0.0376469166624127 0.0912699918821699
-0.0104158291466049 5.21718841657286E-05 0.115821951476152 0.0512884464724117
-0.0130138820242083 0.00297110072458251 0.132528155689864 -0.0420549486490948
-0.0115525898530668 0.0138170268288183 0.0792281967911415 -0.104899860314946
-0.0017500748086889 0.0226046392341237 0.0166171733753166 -0.111471875974123
0.00500259571286729 0.0241025791739575 -0.0193018734548733 -0.0888654495093575
0.000763393123827969 0.0299010251871392 -0.020937826499445 -0.0744902342876441
-0.0154555977005683 0.0262577843706642 -0.0216310142991215 -0.0715935626386875
-0.0279452370211982 0.0237602365646427 -0.0215481003995487 -0.0842548817673519
-0.0438279236177052 0.00479120614170323 0.00867405696851038 -0.101225116650627
-0.0580294896249027 -0.0202798763120541 0.0608396296169804 -0.0970946120637991
-0.0376312677980188 -0.0642447847338045 0.0594962984439331 -0.0925620146385047
-0.00394744188507404 -0.101545546125843 0.0329338473455354 -0.105453039509423
0.0145105613594335 -0.118676257586207 0.0757036104564019 -0.0495205104663614
-0.0252568022309605 -0.0817346790970442 -0.0315884694392363 0.0261273683293101
-0.0637986826448213 -0.0458702315727218 0.0279129479277626 0.126780339303946
-0.0647728362560119 -0.0088697726500533 0.121849291864142 0.0835028957821035
-0.0476996648574828 0.0303964968636459 0.146175241915535 -0.0280276234471874
-0.0235900961665754 0.04535870076156 0.083882886602306 -0.0941531383176961
-0.00357429530533758 0.055983210555682 0.0203074428818696 -0.0988896421446301
0.0100931481545957 0.0579443365889129 -0.0182766280096399 -0.0736308944818605
0.00527321982124807 0.0643631044206818 -0.024183063094318 -0.0573785740955277
-0.0249501559504076 0.0539574060963141 -0.0311880442105982 -0.0518919342638866
-0.0517436505852958 0.0457932474674986 -0.0386065591539947 -0.0698666224709437
-0.0837198025021674 0.00225184788441026 -0.0146688603311835 -0.0940316340739529
-0.0878878304409613 -0.0499331367755454 0.0394373727518997 -0.0944531423274965
-0.0362265169179776 -0.104151756040444 0.0419998512279161 -0.0826609417204788
0.0227152162430836 -0.139218454881472 0.0140077870951422 -0.0773955415599276
0.0500148627582356 -0.145230657264139 0.0515023636401581 -0.0067866456205169
-0.00531676646102073 -0.13407640498201 -0.0575133568882302 0.0547650065457643
-0.0873972784445865 -0.0993151641574685 0.00412352717020016 0.159249252340217
-0.113130208876149 -0.0282867667019725 0.111191128946308 0.119987109011857
-0.0845862828655672 0.0498018680580966 0.148525980872914 -0.000794845724309714
-0.038436645577507 0.0711017859008862 0.0836366356881654 -0.0689687499243489
-0.00721929607470133 0.0822181962984949 0.0227214357038823 -0.0730081772270746
0.0139107709735754 0.0828508799816475 -0.0144445009222349 -0.0473995507406538
0.011730605169491 0.0882515160569784 -0.0253929107780286 -0.0295058259295513
-0.0251704587523005 0.0747322732399914 -0.0392218346760891 -0.0233748164494665
-0.0611406856672063 0.065234294084668 -0.0551352663322185 -0.0468268199310764
-0.107896010394196 0.00956449650449271 -0.0374631292206653 -0.0799279712954157
-0.109131941901575 -0.0622391237211192 0.0178724526459467 -0.0879748284422248
-0.0378546580971101 -0.125327795422912 0.0297369688447207 -0.0688846372979236
0.0416475576152549 -0.157533560944301 -0.00545878781399477 -0.0400061251895528
0.0786737312983468 -0.145992903769701 0.0174239596732942 0.038633671216575
0.0249569976667568 -0.161591764341324 -0.0862647211531244 0.0806044749368833
-0.0858084359242403 -0.142385813140608 -0.0301414054549719 0.176437911039851
-0.140048749986186 -0.055768825670739 0.0810210535682196 0.147870418553638
-0.112344355614384 0.0538650884948979 0.131789657846469 0.0311355038687859
-0.0498983552397971 0.0848530310669488 0.0734466471257344 -0.034680791354189
-0.0109451194802395 0.0957489998265101 0.0228078700333178 -0.0374664347511354
0.0159209319634565 0.0955091746861747 -0.00880320185498923 -0.0146236320232896
0.0174307340302958 0.0985693640078414 -0.0228712427960067 0.00455567809152225
-0.0205352106678474 0.084544322956209 -0.0430134140937745 0.00949213929010252
-0.0601861058164994 0.0753907449309291 -0.0674879274124014 -0.0200632655483509
-0.115789541455784 0.0137709886884738 -0.0548809789126432 -0.061006931768654
-0.114408800352089 -0.0677639033811562 0.000853522279743141 -0.077345957953498
-0.0318334118137815 -0.131477015276506 0.0231228011037625 -0.0510063782460223
0.0575347716687008 -0.153317833179033 -0.0229751183326468 0.00126071291799173
0.090947476396611 -0.118876789671152 -0.0177250048456997 0.0788062965861128
0.0535772720987476 -0.154308214340358 -0.11021266093973 0.0978068513107867
-0.0617367025555275 -0.156962540089643 -0.062934622372604 0.172510298060802
-0.135942487100249 -0.0764653857889723 0.0397599795850272 0.156906979998613
-0.119853375230979 0.0452377345348756 0.0990711871762448 0.0589236533750144
-0.0531355784512304 0.08399812478079 0.0563191146319128 0.00258210963463576
-0.0120711562889103 0.0939029223499175 0.0204603813739831 0.000908611151455911
0.0160806855697988 0.0936907443494529 -0.00210266194580808 0.019096952036877
0.0201251390259593 0.0959026027145589 -0.0182327322309998 0.0381626355845508
-0.0150677098094466 0.0840048899667811 -0.0447088397011552 0.0409573008296964
-0.0548580151912223 0.0751684501671587 -0.0757495350871596 0.00592387099728973
-0.110544088926936 0.0123651944459543 -0.0670213353655963 -0.0421248791012889
-0.105754464199416 -0.0699438260108121 -0.0127736766603158 -0.0655274059250613
-0.0175751675988858 -0.125417803699636 0.0185642722470219 -0.0334321664669424
0.069888875111177 -0.128637545491344 -0.0403291488811262 0.0386773156447474
0.0836080502683824 -0.0705839938029541 -0.0474587389274622 0.105416762949263
0.0659373284634101 -0.115550239421654 -0.121221191586848 0.106299258376307
-0.0309809878046464 -0.135076437644229 -0.0833786628399857 0.151695556922579
-0.106049621615965 -0.0757881431007927 0.002424333367687 0.147579104308688
-0.101325754466856 0.0309885738569281 0.0602053685770658 0.0759675967001073
-0.0442002570288324 0.068984959931466 0.0353176966328197 0.0349403310206314
-0.00897615378167256 0.076831710735615 0.0174979164627492 0.0362208846711233
0.0142649834119567 0.0770461818569123 0.00482324031983024 0.0494587075510055
0.0196576603481572 0.0795831508498728 -0.0130137933288647 0.0675030134584862
-0.00955313245852807 0.0736960121692072 -0.0456036515837942 0.0678577319410281
-0.0459328624231372 0.0666643815321209 -0.0834569976133996 0.0277852324362619
-0.0962098763340178 0.00650610989077417 -0.0761903393138822 -0.02770932546293
-0.0848707242182419 -0.0681656060902703 -0.0240317326255461 -0.0568330036811284
0.00118072804405124 -0.107904655820906 0.0133929221507819 -0.0182267757677138
0.0766540103166612 -0.088088651703554 -0.057197789556516 0.0682017156864369
0.0598647751028056 -0.00958144306295099 -0.0606336916712169 0.116310036253782
0.0600552287811656 -0.0574075844456557 -0.115397323086707 0.105844901022307
-0.00581644119831216 -0.0842010083951616 -0.0875867638493336 0.125564495157173
-0.0610424538883153 -0.0530615641768598 -0.0204793389823277 0.129705433857475
-0.0633624558275056 0.0169661270191412 0.0295099025851661 0.0849878397179617
-0.0255792139761553 0.0446009365452465 0.0207286763062345 0.0578502291002363
-0.00260514822149776 0.0471135192781055 0.0158837143885646 0.061084919143539
0.0112768900031486 0.0492358134710574 0.0115960188235048 0.0706050036402046
0.0158992996509404 0.0532603236031636 -0.00911918023964522 0.0906155455700226
-0.00465622308673907 0.0552319417776564 -0.0479591997065601 0.0868102715012517
-0.0343370767611336 0.0509099854886456 -0.0919452414839133 0.0434637027121843
-0.0721483692617599 0.000685676950098862 -0.0855040937691819 -0.0201821769811728
-0.0562625727112543 -0.0591817195197686 -0.0347624418911949 -0.0539445367048126
0.0198768482558583 -0.0787495480468799 0.00696593019839541 -0.00955786571426519
0.0737076047086891 -0.0362661625621738 -0.0750460550992987 0.0864411949026402
-0.0468174042099767 -0.0129753840626304 0.0869809519249029 -0.108476922571309
-0.0231457971624215 0.0400103712074142 -0.00712040407559104 -0.0147781185585345
0.0188429349214913 0.0404389609003304 0.0390222620411169 0.068069523625507
0.0377508624905184 -0.00149265175796763 0.107118030525014 0.0300619108963843
0.0115730259120089 -0.0262987483271417 0.120095011977546 -0.0511062465413358
-0.00449865397006748 -0.0164115766795425 0.0724495234524312 -0.111370640823221
-0.00263046425515104 -0.0131483061863369 0.0105049549257397 -0.115523043594197
-0.00144260098160597 -0.013523092549931 -0.021550576001511 -0.0922942683514596
0.000312096438798553 -0.00879864899005057 -0.0204964181118992 -0.080383410390337
0.00330858049621649 -0.00340524562639398 -0.0192959807909549 -0.0810370361183476
0.00928713063141154 0.00532942987612613 -0.0175102027577354 -0.0929999914927897
0.00514886703354242 0.0231426664988642 0.0207962567920332 -0.112210860214065
-0.0289830647075575 0.0294586411901181 0.0772746348475491 -0.109177086761299
-0.0495233084840302 -0.00935994265244514 0.08115674286545 -0.102343363732273
-0.040057314461891 -0.0492219808146896 0.046982634769765 -0.124636976782195
-0.0217495832879369 -0.0736906830176479 0.0882953102474124 -0.0879233051896312
-0.0316515852090528 -0.0196042471970541 -0.0142851462317744 0.00287940665503854
-0.0252730459275616 0.00316021170514467 0.0427083179186083 0.0956994236869606
-0.0118616334029445 -0.000501340369806069 0.122808138925011 0.0501861811361299
-0.0150609372590701 0.00357599558220029 0.137420264169465 -0.0503710939928224
-0.012326557990036 0.0155521633292532 0.0793561108547811 -0.113544587403038
-0.00098102138075679 0.0245147522930895 0.0133465811875826 -0.116554864987236
0.0057938429199496 0.0253001066679595 -0.023506044597353 -0.0901370615184171
0.00187652080514936 0.0317883055378486 -0.0253358831424662 -0.0771613695076083
-0.0162611416281345 0.0284877198958413 -0.0260940107970837 -0.0737223183201139
-0.0288770074529751 0.0257047042578066 -0.0269667959235725 -0.086895097477487
-0.0463168472499296 0.00545194364910545 0.00486006059082726 -0.106632427312458
-0.0607614588440349 -0.0199159171303601 0.0605483487220063 -0.105249795865984
-0.0401971310036922 -0.0663502196579254 0.0613518555270844 -0.0984258845362211
-0.00668612166943083 -0.10519806803315 0.0336801071838269 -0.110925792651915
0.0116067675032657 -0.123544915793576 0.0764094970792268 -0.05390354019127
-0.0280954675623642 -0.0848752213642816 -0.0327489127048928 0.0293901327639402
-0.0675369760138549 -0.0466655194704036 0.0338069937591608 0.132882820328206
-0.0689196792528595 -0.00836710526133107 0.130585616638312 0.0835923029149019
-0.0499423174879125 0.0338486364280457 0.152375706702692 -0.0353177990127282
-0.0240776087577357 0.0483547114175524 0.0845304672138809 -0.101658145213446
-0.00195234397879141 0.0595283859465371 0.0170743478702949 -0.103676367802775
0.0123272752741057 0.0605390611999897 -0.0220148172443769 -0.0747117363757591
0.00788007794723063 0.0673853876454075 -0.0284356042567836 -0.0585393216543708
-0.0250614667773351 0.0580601982835732 -0.0358408743341715 -0.0526725388229189
-0.0533024329775872 0.0496759742030348 -0.0449472821713946 -0.070978337732908
-0.0888777582037639 0.0045076990042427 -0.0200146837396729 -0.0981861831639865
-0.0932823037042131 -0.0497465741014198 0.0382532031091354 -0.102399082149016
-0.0410777887443175 -0.10808426371942 0.0428798264755295 -0.0880426347309292
0.019505232360888 -0.146508277574438 0.0140124460656869 -0.0810707830784628
0.0476971560371821 -0.153685717916641 0.0519840881717651 -0.00815108313798433
-0.00905715999194104 -0.140733218428883 -0.0589711230723052 0.059984668942181
-0.0941257741705141 -0.101055555782647 0.0100778224513302 0.167350372291027
-0.120623832250591 -0.0267675624648727 0.120527662129321 0.122159877601605
-0.0872426317528383 0.0549544724006693 0.154929067793408 -0.00729967301418021
-0.0384358710297844 0.0756361512091674 0.0849992397265904 -0.0748958982568077
-0.00518698711491393 0.0871546037416889 0.0210079486456307 -0.0764537594191932
0.01806700192005 0.0864866096248635 -0.0172224346646146 -0.0473979500869913
0.0158861759921997 0.091601114772244 -0.0287185625540745 -0.0289576914171776
-0.0245962361403863 0.0795278964529072 -0.0428456001809677 -0.0221151096171567
-0.0622593386224778 0.0705086631049459 -0.0613851692446334 -0.0459821585597914
-0.113200818283418 0.0133437206921958 -0.044057523564178 -0.0824043591370974
-0.116292587129901 -0.0619830500105521 0.0148134243479205 -0.0949219122131662
-0.0434490744983595 -0.130638554860591 0.0295372693922318 -0.0732756729167994
0.0387271005751831 -0.166330429245471 -0.00591943244199836 -0.0415915274259204
0.0770631559682566 -0.154876530861762 0.0176002199166694 0.0400419621453289
0.0216619955812775 -0.170551083519136 -0.0890914491371052 0.0878700258207333
-0.09383301762307 -0.145728472457433 -0.0254582850710349 0.186289682944715
-0.14949067658866 -0.0547249690387665 0.0894251950986146 0.152679728210147
-0.116257674175808 0.0607588073431626 0.138969044370216 0.0264482668769549
-0.0497946592382997 0.0906329864276925 0.0761545703694658 -0.0382567768431773
-0.00852988970632869 0.101324125059593 0.021953492204506 -0.0395981340892959
0.0208314869656709 0.0995148451202569 -0.0102269654867892 -0.0140008853063591
0.0223928863798746 0.102687811049541 -0.0244098059943581 0.00608837489112098
-0.0190079653147503 0.0896758251859055 -0.0457361445336344 0.0125506462654841
-0.0606792480433977 0.0806126652217148 -0.0731766923113304 -0.0172085057937816
-0.121607548453043 0.0183089359475355 -0.0615011893899498 -0.0621364576591229
-0.122461057313858 -0.0671433800286255 -0.00307380381428471 -0.0832806879583077
-0.0376375109148365 -0.137149480292998 0.0223585307690258 -0.0549085320157172
0.054463557682784 -0.162856444460228 -0.0230534108306849 0.00188340711986526
0.0917862245258886 -0.127566407675269 -0.0192832784703504 0.0822329129312425
0.0518958634147203 -0.16408700779411 -0.113501778038381 0.106447959545756
-0.069049009661906 -0.161857589459743 -0.060469518077119 0.182920814715133
-0.146175939186081 -0.0756632929828307 0.0475902984978876 0.163782020357292
-0.123250078155248 0.0518894796014629 0.10498832815507 0.0574079438610802
-0.0524113847839323 0.0897824871041445 0.058482328202499 0.000846077947086809
-0.00968927265999094 0.0992815420891442 0.0211522732887389 0.000782058766277819
0.0212096919811259 0.0969541983848662 -0.00220561867236597 0.0209892574278258
0.0255151696948775 0.0986118464358643 -0.0184194152739655 0.0414360272109328
-0.0129696716658643 0.0883320886436163 -0.0459852364340762 0.0453150046214771
-0.0544430871648445 0.0807573488704516 -0.0807300203461095 0.0106583018544872
-0.115972926471632 0.0164377067982364 -0.073342647844455 -0.042306386126393
-0.113130982344458 -0.0691213320567651 -0.0170565666668439 -0.0703997789560953
-0.0228997271669519 -0.130992231270426 0.0178566307524081 -0.0367276237206177
0.0683157515993914 -0.137905676548085 -0.0397664482029826 0.0416655993254222
0.0853254817676292 -0.0769185167614736 -0.0490472747508211 0.111795233761975
0.0655182132294224 -0.123873689641218 -0.125252247451305 0.115553836123042
-0.036941398528169 -0.139653775493901 -0.0827248719294831 0.162212540473615
-0.114326618322405 -0.0758129338020626 0.00841214137971744 0.154822576448383
-0.104208579973115 0.0369102825409381 0.0657656594433919 0.076881831281226
-0.0431216259107252 0.0735083537599825 0.038139707454763 0.0357412384052696
-0.00653614013418808 0.0800443841539897 0.0192033392246331 0.0372743057352725
0.018556996196344 0.0796245308847707 0.00646032315886852 0.0511233090860924
0.0238195176348468 0.0817184588894025 -0.0115287059879448 0.0720993714234462
-0.00717757706652139 0.0772021336617702 -0.0455897556224863 0.0729620205509197
-0.0449226020975595 0.0708003688398077 -0.0874411026722158 0.0334388617567363
-0.100690681774665 0.0101277719538224 -0.0826798721581563 -0.0265816102833905
-0.0910261073109697 -0.0678384119154879 -0.0287508881445 -0.0601986339097215
-0.00237351079331951 -0.112767896857062 0.0129963429805593 -0.020833141501084
0.0766717362014674 -0.0954754564351768 -0.0568726051944198 0.0731788391694156
0.061537971730331 -0.0124747871223781 -0.0631524952274623 0.123430386885185
0.0607430892250838 -0.0624047247770114 -0.119238484999117 0.115407583063206
-0.0091849278929417 -0.0872656912470658 -0.0876582389656254 0.135297490974017
-0.0665223020319197 -0.0526691993397538 -0.0165423819506385 0.137203136254043
-0.0646073852535194 0.0210952493671033 0.0343920966101924 0.0875259580015492
-0.023667454789729 0.0468182771105573 0.0234489025232902 0.0600014855609567
-0.000786317981476312 0.0490600255369908 0.018675408981129 0.0630751136104392
0.014265124989513 0.0502682829827246 0.0136914452006412 0.0730110723754599
0.0189185910447954 0.0541013175695834 -0.00657908885348638 0.0951226855269023
-0.00215698093573721 0.0568926086779417 -0.0471916404187168 0.0934017467071901
-0.0331382951134159 0.0538405510953545 -0.0952818798156594 0.049521122442902
-0.0757993636877296 0.00396471512913004 -0.0917463526290414 -0.0181030032068715
-0.0604407321093882 -0.0587477674513687 -0.0395963685318966 -0.0570980903570255
0.0171804978336084 -0.081987034177398 0.00706322308252091 -0.0110432140752959
0.0751585504550438 -0.0411183882509328 -0.0753327106579117 0.0934430787730598
-0.0477967528913987 -0.0107464816990762 0.0839942294298449 -0.116845962608775
-0.0206738171707296 0.0417159712538522 -0.00842443661878931 -0.0140725137952778
0.0215978906528223 0.0392320627509819 0.0443257109636483 0.0704668516766737
0.0374227879697478 -0.00438072623026544 0.112950042796358 0.0263100121440463
0.00963260460047059 -0.027455978425383 0.122270273497135 -0.0597400953631759
-0.00585148813534207 -0.0163763373351216 0.0695047832245324 -0.119925462973094
-0.00331253853881485 -0.0130322662311938 0.00490730701519514 -0.119901638466061
-0.0028935473280769 -0.0134206873693614 -0.0266124158239446 -0.093976014243998
-0.000693334710653237 -0.00872048523388032 -0.026411203165461 -0.0821698388003621
0.00258198542118908 -0.0033932338014705 -0.0251215799625312 -0.0830898857057749
0.00960362577379462 0.0056058899200268 -0.0232141627033324 -0.0952371880876663
0.00616902981272923 0.0223291135778037 0.0145888232634121 -0.116236980707327
-0.027970725633675 0.0311326613118886 0.0752527785117124 -0.118030190501146
-0.050734013023131 -0.00716016143012817 0.0809336318016578 -0.10980067342385
-0.0435721794186482 -0.0476782159228544 0.0453607781410888 -0.130335072925545
-0.0254437565464394 -0.0747866869935456 0.0863077812380639 -0.0944378484247988
-0.0332456639338817 -0.0194139387937511 -0.0143226510568555 0.00470048073919764
-0.0261355117964487 0.00278282036723904 0.0494879940258921 0.0982065725764298
-0.0134769588114436 -0.00110438464737338 0.130242957925008 0.0462957753650727
-0.0167849538779719 0.00512027894443668 0.139794651247468 -0.0596415290576167
-0.0129933376974711 0.0173581563482303 0.0763883995948749 -0.122020884160975
-0.000430950059108939 0.0259204044566772 0.00736687469025671 -0.121129163322756
0.00704782638448115 0.0266190141469709 -0.0285421516208121 -0.0907702375493562
0.00394081592015479 0.0335934445594748 -0.0313726719263728 -0.0783210986090577
-0.0157929598775766 0.0314372495137662 -0.0319902436930855 -0.0748400181964063
-0.0293269616558063 0.0286422227981486 -0.0335355669474183 -0.0879287788686739
-0.0488376180473252 0.00705984853883703 -0.00178615437009528 -0.11042732760808
-0.0634320620695343 -0.0184810458533118 0.0574572708454757 -0.113939656367474
-0.0442847397275499 -0.066628922534357 0.0608350858010699 -0.104681791455276
-0.0116968589092259 -0.107723706163114 0.0318195266652245 -0.116072964412108
0.00699940047084008 -0.128566598939919 0.0752713678418182 -0.0587072747217172
-0.0322779338364671 -0.0872855112245012 -0.0324447684481276 0.033192430551293
-0.0713158524672578 -0.0456081317684641 0.0419150602948569 0.136919927755342
-0.0731957217865743 -0.00618233273822064 0.140075407477769 0.0807708327010812
-0.050937241615012 0.0377031865570699 0.155702726476493 -0.0453223932636543
-0.023486653785802 0.051955962152608 0.0822153259994048 -0.109789779492246
0.000842424468335821 0.0629335348306566 0.0124970724252673 -0.107236972512208
0.0161454356315626 0.0621007494003223 -0.0267106790104961 -0.0740026339427611
0.0114398144215308 0.0692677073043221 -0.0335733481979517 -0.0586414643190338
-0.0238915966228805 0.0622800791888125 -0.0407817792772362 -0.0518000351202946
-0.0531460829759946 0.0546333757773637 -0.0516386485924874 -0.069846254904744
-0.0931612352809419 0.00805177036145445 -0.0277760798004706 -0.100384037015197
-0.098626754999708 -0.0472119606127297 0.0330110607317394 -0.110140071080657
-0.0466466867746013 -0.109935081002775 0.0412797294293698 -0.0937796254793951
0.0130992648673951 -0.15182681106762 0.012389276929975 -0.0844335470188166
0.0421220992380725 -0.161069523918002 0.0518079647205843 -0.0103751929227731
-0.0152127293044162 -0.145798735274884 -0.0585260704610512 0.0658476690130627
-0.101907817285565 -0.100389357096451 0.0186678747973893 0.173306801085338
-0.127259448546935 -0.0231659349252661 0.130803743655001 0.121705489760231
-0.0876450789321258 0.0613433881729262 0.15942203595204 -0.0172454260043264
-0.0362731011415844 0.0806616909107776 0.0833219867368795 -0.0823117455298298
-0.00094833558385379 0.091424538415663 0.0171468336250318 -0.0798026735454967
0.0235010388809952 0.088734440662593 -0.0208717274362332 -0.0469324760336228
0.0217039548968967 0.0941964536171723 -0.0319066542006132 -0.0271266454869661
-0.0220523595047748 0.0843945573064945 -0.0463541727149562 -0.0196418033678713
-0.0610189231727195 0.0760742768403269 -0.0682650933335205 -0.0429364293451065
-0.118798854710087 0.0188560931206134 -0.0517416481375761 -0.0828534726226324
-0.123217415889614 -0.0580757050985181 0.0094749015527706 -0.10126176987687
-0.050928659436154 -0.133590909295942 0.0278507636815491 -0.0780724144157886
0.0320662262057129 -0.174385052412299 -0.00670985540443506 -0.0427139676490454
0.0722032536468589 -0.163598445247516 0.0182055095004796 0.0411247042666106
0.0155759205911314 -0.17805574584662 -0.0879569968414186 0.096166078288751
-0.103543771018519 -0.145651123599307 -0.0168542024135328 0.194381956640364
-0.158856657094046 -0.04997095025293 0.100676511281875 0.154508058624885
-0.116941259343082 0.0688433572580424 0.143889485195747 0.0188542179488728
-0.0465157724325756 0.0965177044031728 0.0761200051752546 -0.0434104951311054
-0.00372838353437547 0.106148637834492 0.0201302777874947 -0.0412107301155227
0.027391471465011 0.101276256310113 -0.0116942998888643 -0.0126598073883531
0.029535750315576 0.104125413962304 -0.0259757378441924 0.00888365442398409
-0.0157257531785665 0.0942033969051663 -0.0474362278656184 0.0163827685246448
-0.0587343412665528 0.086632927896633 -0.0785360536620932 -0.0124676929362269
-0.126345255695085 0.0247894643675023 -0.0692063601390414 -0.0606386705771354
-0.130193242614415 -0.062945019433977 -0.00912531315027961 -0.0881730229000089
-0.0456912565100255 -0.140259948159573 0.0208482137644378 -0.0581868422809383
0.0479770090820176 -0.17157143239558 -0.0228512257639993 0.00298230261154746
0.0879726490448891 -0.136618117626014 -0.0180661287808651 0.0868509713458735
0.0462926622147189 -0.173328601542123 -0.113726090761282 0.11643000687398
-0.079179094516482 -0.163456671340742 -0.052824271796421 0.192700067819005
-0.155866067974914 -0.071397720129077 0.0571583624855061 0.168064624419378
-0.124549576970023 0.060710675988034 0.111586327440184 0.0522340609014323
-0.0491668645471737 0.0953419338824923 0.0598530336884835 -0.00129023333543629
-0.00480667428313069 0.103514961982507 0.0213967377393983 0.000143527831244597
0.0276360153065557 0.0989159974884665 -0.00138951565884332 0.0227067527359693
0.0320192755041221 0.0996747434083693 -0.0171611339957958 0.0442958886022459
-0.00881997037329947 0.0923560392612184 -0.0451322523190485 0.0505699009548014
-0.0519174077581413 0.0860125331685886 -0.0845274914572823 0.0166321126392711
-0.120394195654065 0.0233307451088382 -0.0802967432694206 -0.0391808068234093
-0.120570317282027 -0.0652165124707601 -0.0231819338115813 -0.0737864409615944
-0.030282597356981 -0.134110654697465 0.0163374801623682 -0.0392604952079218
0.0629627335683795 -0.146685000275723 -0.0386614828595362 0.0451337931795215
0.0840836447663386 -0.0838875857984522 -0.0480820690978834 0.118053362373697
0.0624963181732889 -0.133024928436402 -0.126082745004192 0.126324207953883
-0.0454290209035863 -0.141929512987755 -0.0779565208401325 0.171877884141612
-0.122674586281944 -0.0723199421819228 0.0167602638857575 0.160597470696913
-0.104998081773514 0.0439296967406147 0.0715496078125484 0.0745833597029377
-0.0396695321315976 0.077669361757931 0.0402343162134389 0.0356572657026903
-0.00232891722869406 0.0834382961082488 0.0214190102627298 0.0381044426637635
0.0237749534667214 0.0809606902798787 0.00861421970079149 0.0528293292683477
0.0292625272646025 0.0820037368491587 -0.00827739712696143 0.0755528818762133
-0.00318447560076684 0.0795792026830037 -0.0432240111605856 0.0789498379511051
-0.0424707877262729 0.0752279327866142 -0.0896989007283995 0.0403638128365286
-0.104051776861652 0.0162794622557337 -0.0886899992923722 -0.0227909662308848
-0.0977560784250819 -0.0644759407896005 -0.0341913147627022 -0.0622917654720543
-0.00861092965066894 -0.116341404833634 0.0120583344351847 -0.0227075878800549
0.073973497441178 -0.103626798504152 -0.0547073383644551 0.0785168995457097
0.063514409192377 -0.0163546060518804 -0.0625775233788266 0.130429528126056
0.0596549356649727 -0.0686829188196427 -0.120099178663292 0.125685252808108
-0.013999942839594 -0.088927357834157 -0.0844628775232125 0.144041912356827
-0.0715546150308392 -0.0507207679527677 -0.00944100739384378 0.143442823073736
-0.0645013613270828 0.0258418563657447 0.0397473739127298 0.0875672185056405
-0.0205407379125987 0.0490434921276318 0.0268028732894568 0.0614620064606171
0.00232062397293106 0.0498283865278105 0.022406654728176 0.0645862554840491
0.0177261336740423 0.0508165511897072 0.0180336489167329 0.0743416218836011
0.0232824641121381 0.0534736493346463 -0.00149116264625821 0.0983317379471096
0.0017572609321855 0.0587942505516295 -0.0430814841504551 0.0997082063774807
-0.0300668437359543 0.057153112585211 -0.0968935067619297 0.0569118527057609
-0.0780696325168826 0.00829532763309099 -0.097532928537465 -0.0140469095835109
-0.0653731313961918 -0.0566620877823723 -0.0452742870401178 -0.057871220243187
0.0134211841538406 -0.0851908449025762 0.0061030922261131 -0.0123425334896132
0.0749268007526322 -0.0466847953940752 -0.0729549820737107 0.0996433493839468
-0.0489339658615357 -0.00587965843460302 0.0661590692460991 -0.129546879362597
-0.0126780332794963 0.0439898185835067 -0.0114958591282821 -0.0131844853945077
0.029299516642711 0.0342531652103107 0.053982055542448 0.0645150727316753
0.0377680802561617 -0.0122250227931048 0.117230935464245 0.0104001846582871
0.00546221733901879 -0.0302238637012292 0.113854694019522 -0.0794558934363621
-0.00910725427852508 -0.0183564135993822 0.0493882884311383 -0.131507478268521
-0.00679991763357599 -0.0136212944483354 -0.0140093292646143 -0.119950710126551
-0.00636178177562222 -0.0126548998474817 -0.039375385950167 -0.0882080545591017
-0.0032686081468396 -0.00819962918420184 -0.0383645043498628 -0.0784679783052971
0.000880995751575784 -0.00313635111088502 -0.0366172533118814 -0.079941173826748
0.00859851660753103 0.00412388093515452 -0.036715272683597 -0.0912284021395099
0.0073922849145979 0.0210474294056977 -0.000510225614731967 -0.11906628234501
-0.0252829135547081 0.0342578398520487 0.0614177078186827 -0.13045328448606
-0.052726080707284 0.00107441547515224 0.0704477111240571 -0.120227006248693
-0.0509487531376316 -0.0413381270716974 0.0317990925773341 -0.134090785719127
-0.0375875973099292 -0.0731142093496274 0.07304853768481 -0.105905155525233
-0.0358055221081111 -0.0144263630162622 -0.0121145874568312 0.00688808073582247
-0.0238080135359595 0.00698734196782448 0.0658681409858281 0.0895291797668741
-0.0119984624634545 0.000417478824797413 0.13850542519572 0.0250088028576226
-0.0145602237904711 0.00563915901378619 0.130190519832031 -0.0843487032579753
-0.0104781108100382 0.0160594509064782 0.054623890792781 -0.134822366799865
0.00388029075748649 0.0258606734620686 -0.0122598881643326 -0.122760858909055
0.00933257037024203 0.0248926079858913 -0.0422600463710051 -0.0843013042507845
0.00780865018974255 0.0331192107997107 -0.0435900188900747 -0.0735564099301709
-0.0124450774043093 0.0358326553943904 -0.0429368773154596 -0.0709339498478994
-0.0261586342585479 0.0333252730329554 -0.0458236358865009 -0.0837655338529785
-0.0508278656683629 0.0147679906171059 -0.0151903202823816 -0.111171951997718
-0.0676492577764732 -0.00964151965582568 0.0442840691134753 -0.122571283411379
-0.0545419511745776 -0.0600970152091573 0.0479270739854279 -0.112701338746276
-0.0273370792806542 -0.106949872094694 0.0178196468588489 -0.118614255344817
-0.0148673893489804 -0.131277227031389 0.0698680097791278 -0.0654507548306743
-0.0471276700874002 -0.0808572158644818 -0.0224456334889533 0.0391658381052234
-0.0769817057384993 -0.0328089825297573 0.0679573143828378 0.127616773569972
-0.0719756630027237 0.00647219001807542 0.155006705817458 0.0557647820771766
-0.042255777882056 0.0433782497731487 0.146754538009107 -0.0744068850351015
-0.01544397088995 0.0524910762691618 0.0622155027992912 -0.123557302116756
0.011325453017337 0.0635238115748322 -0.00619700798166711 -0.111065768950246
0.0242106897664627 0.0592795652628978 -0.0385681476779517 -0.0678310699388613
0.0222414735427448 0.0677212933165689 -0.0435064727006065 -0.0528925259335583
-0.0147237000939776 0.0689097266754013 -0.049144284076456 -0.0471492395115816
-0.0455440631583087 0.0639071087369745 -0.0619404822562403 -0.0632706127865524
-0.0955884659660991 0.0238360229484039 -0.0393615625173472 -0.0974159314918499
-0.107489942248574 -0.0321192765189946 0.0205692552220358 -0.114973716422606
-0.0635687434189565 -0.103325145892389 0.0282971434860146 -0.0989578374664429
-0.00849295201977238 -0.154590166392689 -4.7020688438503E-05 -0.0845897770399477
0.014007599246471 -0.168376223506394 0.0540293048322515 -0.011812185589689
-0.0409157706816802 -0.140811144921899 -0.0409442678843914 0.0781147019339303
-0.116305985152955 -0.0803546311398291 0.0541816099609935 0.167111562198592
-0.128943504838851 0.000360017871807797 0.155019666935037 0.095787361601848
-0.0742202097612466 0.0738596831247854 0.154162262466072 -0.0483758427243278
-0.0228481656214223 0.0833436829776128 0.0669967258234617 -0.0965487832274319
0.0149289623226688 0.0926073002341862 0.00269495912911398 -0.0847957163106673
0.0359195891038255 0.0841194938405894 -0.0291744740111128 -0.0415460247702432
0.0368042755810562 0.0906659309976163 -0.0371816698786177 -0.0219306910228945
-0.00895588519308518 0.090371453335928 -0.0504627991121838 -0.0138845041028376
-0.0493555049077745 0.0868286405271415 -0.0751522621149985 -0.0340560599529638
-0.11915478560804 0.0396045551574866 -0.0614219147276938 -0.0768767019213029
-0.133811638351736 -0.0392015182707315 -0.00273776137383939 -0.102311389165191
-0.0708709218760443 -0.125923404276906 0.0157395692531739 -0.0806250241710877
0.00703530141520235 -0.18027886887803 -0.0153949442417498 -0.0404453680271219
0.0437836225419884 -0.176127142518344 0.027294937842969 0.0457654842567853
-0.0169340803992306 -0.177563606678236 -0.06540412888049 0.114889732237581
-0.126130754615513 -0.12473795199371 0.024003765654867 0.194469649479467
-0.164840325253361 -0.019164620336101 0.132350514543209 0.132710691965106
-0.10125422571218 0.086709801598201 0.144698883809675 -0.0111775922171854
-0.0303614713131471 0.101014968075906 0.0654570843781142 -0.057219076327247
0.0151076784342204 0.108600202482598 0.011829296691683 -0.0480137299775687
0.0425588179260388 0.0960286454796862 -0.015579600848053 -0.00862633982080922
0.0468770348173003 0.09916211299503 -0.0257432587611592 0.0133469960705572
-0.000222431695238682 0.0989069690544135 -0.0464720297966228 0.0226253812641303
-0.0450629522663261 0.0965779645732862 -0.0816083976186548 -0.00197405936364062
-0.125049630866858 0.0472382593054229 -0.076173090838048 -0.0528292055472484
-0.14100240278488 -0.0421759244170074 -0.0200474737663922 -0.0859352219827427
-0.0672783368401616 -0.133444639935223 0.0105019392614975 -0.0602777005479174
0.0243103057240595 -0.179943846183122 -0.0265009543157681 0.00648992561141579
0.0643004009640942 -0.149816511154905 -0.00320178722215356 0.0960969995477489
0.0149410549736496 -0.177556945675246 -0.08858777452996 0.140121227874994
-0.106399238093707 -0.145565983980093 -0.0121379039493996 0.200283815880848
-0.166424987701588 -0.0407791301968053 0.0920694168908421 0.153324873468659
-0.11003504323333 0.0810697466191123 0.117973614133984 0.0273511865423314
-0.0318374167838287 0.10092445337383 0.0562754673958505 -0.0127645592108159
0.0143102054723203 0.106035109441616 0.0200346553536677 -0.00663613776939669
0.0425028789404173 0.0935822811385559 -0.000245665688820523 0.0238197963118134
0.0493825149338371 0.094532015708377 -0.0119306187682867 0.0476279152926407
0.00697552345568422 0.0950587078961129 -0.0397241273509681 0.0564468894642519
-0.037446591910064 0.0943489981923385 -0.0834826112179927 0.02768649526022
-0.118517004015201 0.0449282373350312 -0.0845987274982046 -0.0290268640967813
-0.131310510899801 -0.045455886456419 -0.0326547883893699 -0.0694093344820817
-0.0509576412291895 -0.129150647258087 0.00801094883771288 -0.0408606316496706
0.0430082530142515 -0.157221648299391 -0.0367686604690277 0.0497754450446769
0.0695748160855472 -0.0959970565221519 -0.0305385454615622 0.130627422029566
0.0374542316842907 -0.139767158096838 -0.101757115525642 0.152129846587248
-0.0688305854968076 -0.130110325260978 -0.0418221799982172 0.184241159248172
-0.134730323306869 -0.0467982283869956 0.0497426884596311 0.154510780645658
-0.0936920821716736 0.0624427138070066 0.0823261214290357 0.0575837168657826
-0.0251462331941211 0.0827938868851338 0.0435002271700126 0.0276572803209612
0.0131569072815204 0.0852072344504639 0.0262228972468315 0.0315915878194709
0.0370452524033964 0.0762789946919102 0.0149355850800557 0.0515962792948018
0.0441427844115154 0.0768520538221215 0.00138107996912026 0.077057138050601
0.0108721603726003 0.0814157181913611 -0.0332033401613047 0.0850907808048878
-0.0295289079968815 0.0817815041852539 -0.0853229514916671 0.052172150320414
-0.102586379047756 0.0354758243607814 -0.0912283817759416 -0.0120033434272943
-0.107810271496437 -0.0477379418277206 -0.0425534978340882 -0.0567408968865135
-0.0266661090462793 -0.114501535941094 0.00586942226777597 -0.0241184231322795
0.0600655082093405 -0.115341190519846 -0.0489757300557473 0.0847733352859412
0.0607251994058547 -0.0246211219279225 -0.0450346050596608 0.142125205583774
0.0452611700193315 -0.0748732748338312 -0.0993014479012515 0.14951523031381
-0.0289598457605533 -0.0825892934711885 -0.0567881472370085 0.158409482418506
-0.0795753694448097 -0.0343723324237947 0.0185051014643351 0.142996068423944
-0.0569666008456471 0.037870663338577 0.0539366114332299 0.0778391958878351
-0.0104694317683372 0.0516155587783465 0.0349518527574938 0.0564107023633004
0.0125527880837015 0.0500958648098967 0.0315695512552489 0.0589719966375455
0.0265994342972565 0.0471500614620907 0.0275588460200715 0.0711194984925012
0.032934809206613 0.0493382848910322 0.0120751385827882 0.0991442675263274
0.01291792837313 0.0586339016729567 -0.0300960658282275 0.105500702433741
-0.01964043409031 0.0621800939223588 -0.0896776497096002 0.0699822453136273
-0.0767265597858161 0.0231343269361938 -0.0998219202037135 -0.00144320326400214
-0.0739934990009687 -0.0447202440288784 -0.0534706101829344 -0.0512071798424757
0.000427061300079349 -0.086266584051574 0.00194667033121004 -0.0140277821756697
0.0693779289641087 -0.0580563415354322 -0.0623449418946746 0.107219705878774
-0.0476320178905903 -0.00423885828444213 0.0610585985996174 -0.130359291317876
-0.0112052979181309 0.042817072896914 -0.0115812477551062 -0.0120342658995715
0.0294191972920222 0.0320484133503047 0.0571301275883318 0.0631274426512022
0.0363426344559125 -0.0137489088770932 0.117621717667345 0.00655859826108748
0.00326607300604668 -0.0296165074971789 0.110131645420611 -0.0837991100817054
-0.010073055872603 -0.0171742070849401 0.043713899594594 -0.133849185199292
-0.00739972159559715 -0.0125950133502109 -0.0183773762089424 -0.119147956058241
-0.00687944450183542 -0.0116668244333261 -0.0414776042645156 -0.0862503459854941
-0.003523932001221 -0.00711439332506241 -0.0416190466541847 -0.0768626512581725
4.38985775771073E-05 -0.0025639595181292 -0.0400039757121331 -0.0784762564866796
0.00882781158873888 0.00377568627370919 -0.0395596018529765 -0.0890693990641968
0.00720742458586963 0.0194302249187275 -0.00406332729577518 -0.117984581361818
-0.0232974325861514 0.0341338734307016 0.056881864534757 -0.133020461369602
-0.0508306970399889 0.00227520145878039 0.067813454802095 -0.12283384363537
-0.0507659330133842 -0.0394427979974547 0.0303468678754991 -0.135023269855006
-0.0384396305481092 -0.0719123580867244 0.0692555902327925 -0.106260160041046
-0.0356161023754805 -0.0146652922265375 -0.0115997323985793 0.0076766588025469
-0.0236760559917675 0.00655594312268658 0.0694654514288919 0.0879597254081615
-0.0138337540720074 -5.52763096051505E-05 0.139386292440974 0.0212809713331802
-0.0152402718219854 0.00654411848413407 0.12576820629863 -0.0888034145614266
-0.010855089054948 0.0173424242625898 0.0493705175155637 -0.136737877947067
0.00477550068820011 0.0262917362624072 -0.0173148153086351 -0.121126673666054
0.0103148722285625 0.0256296240670809 -0.0439274464519813 -0.081654504573634
0.00906804882568047 0.0335146713483053 -0.0462412228042209 -0.0707329892893866
-0.0116963860562988 0.0366231344061366 -0.0457765877915145 -0.0688977587422983
-0.0254432461972368 0.034625640275575 -0.0490451204670209 -0.0808473209339629
-0.0514573940536544 0.0158627380077252 -0.0192761178490122 -0.109505277950749
-0.06696210997145 -0.00836910596365513 0.0396409437261637 -0.125004089727408
-0.0545559989679416 -0.0584656651900466 0.0460151312241129 -0.114621534025394
-0.0296860204369441 -0.104907378018068 0.0165132512262407 -0.118849954330365
-0.018051890642368 -0.129930116321008 0.0659196955590907 -0.0664015952359599
-0.0486367293719209 -0.0799313133529264 -0.0205127884201701 0.0404360031886729
-0.0776383070220273 -0.031383278007343 0.0723617906406003 0.125526767303039
-0.0733835202507443 0.0079370654103172 0.157094840953745 0.0511983493211558
-0.0416095799227075 0.0448227866042217 0.142461232030626 -0.0793552383626778
-0.0143797344660361 0.0537841823494535 0.0570742620152288 -0.125674027010573
0.0133138759112974 0.063542484290951 -0.0105053181380631 -0.109435462793488
0.0262061707857755 0.058991676865426 -0.0394998409018046 -0.0650467594864098
0.0243415545406616 0.0668452844969993 -0.0458456566295052 -0.0498114633642624
-0.0130411306148387 0.069749635882971 -0.0506780637555888 -0.0444304336881783
-0.0439125587063962 0.0651559577941693 -0.064511311009285 -0.0597550921447904
-0.0956916632154983 0.0266755338762783 -0.0437499260014234 -0.0952300050846474
-0.107666363392971 -0.0297954291380884 0.015821002801769 -0.116166450559084
-0.065157330548555 -0.101454306008994 0.0263431981364477 -0.100564393353268
-0.012703093364987 -0.153470908713345 -0.000484885590783056 -0.0842583771710864
0.00968647785627012 -0.167549158053438 0.052094507732318 -0.0122290909156195
-0.0445288688211421 -0.139781130457008 -0.038602756405004 0.0796127618990292
-0.117826617076085 -0.0775946182025387 0.0585294245878467 0.165373050408633
-0.129576897554607 0.00342590824725007 0.157774338516137 0.0909032600731755
-0.0716913764452569 0.0753348939100637 0.15055580550219 -0.053784997777697
-0.020793543225162 0.0843353950230138 0.0630726091187202 -0.0983304198133255
0.0186041583696063 0.0923023544190779 -0.00101761344505789 -0.0837288491394692
0.039098573464586 0.0828970397605666 -0.0295485198366644 -0.0385970908311689
0.0399407887972288 0.0881550711203853 -0.038522538649103 -0.0193229473544924
-0.00616370119841132 0.0909549978526585 -0.0511750545077558 -0.0109989809899725
-0.0466098258182106 0.0881583240882683 -0.0769550077160135 -0.0299185813822036
-0.118836609576819 0.0430150944063159 -0.065406856506199 -0.073709429068372
-0.134209458975234 -0.035011115600315 -0.00784898428611865 -0.102987019441671
-0.0742449700168796 -0.123444116854118 0.0137565257565529 -0.082001773176614
0.00194176224419906 -0.17906070824586 -0.0151703064220503 -0.04041906886334
0.0388815562295639 -0.175820931069656 0.0271157122569739 0.0454542311401568
-0.0214598640696117 -0.176826018068249 -0.0620657029502955 0.117174517311378
-0.128850272071532 -0.120734556441285 0.0294970228211906 0.192983820000848
-0.166987976081341 -0.0146396618237215 0.136602987052426 0.128544579424041
-0.0977385702865081 0.0897222754884568 0.142253362085301 -0.0162956508457941
-0.0268309010702877 0.101648899497861 0.0630644228600375 -0.0585842518403305
0.0195433284498246 0.108155436195174 0.0099008160108258 -0.0470635572325366
0.0456897455307134 0.093923770453405 -0.0150969802730975 -0.00699769721531192
0.0502199802034575 0.0962806057439824 -0.0252998725616 0.0156557033146956
0.00289193811023441 0.0989222480032312 -0.0453312774853875 0.025457250120206
-0.0416756781500408 0.0975360742385069 -0.0826965456285193 0.00212893345021489
-0.124207281259732 0.0515166399155761 -0.0796017881396649 -0.0488000482103193
-0.141707286800468 -0.037167310162382 -0.024403710144345 -0.0864259454152362
-0.0706339048417189 -0.130310655939742 0.00898433216808811 -0.0614750718533872
0.0183905731183494 -0.179877559735354 -0.0255192195059505 0.0072283410596379
0.05945070319765 -0.150931903462539 -0.00238104049869109 0.0969904962115131
0.00942542398042307 -0.177675960677054 -0.0842897630253131 0.143223194819096
-0.109829010781194 -0.14229957817489 -0.00692487669497654 0.199727698689638
-0.168867367577446 -0.0348522368236114 0.0976787184438331 0.150386671835709
-0.106335592428088 0.0839968106266392 0.116756021207995 0.0223562858534657
-0.0283769412449664 0.101155069932161 0.0556115832304656 -0.0137516310620822
0.0186251056769232 0.105154730515955 0.0190946219633653 -0.00632610301368567
0.0462159975495116 0.0914155088835905 0.000853238769990524 0.0248506946795483
0.0524332801917652 0.0912913674569722 -0.0105968097056432 0.0485880875214487
0.0101092043411014 0.0942592564187659 -0.0370594996621983 0.0583340392104628
-0.0343194374691005 0.094810058948557 -0.0833203482335195 0.0321706957806853
-0.117145712735138 0.0494746113349374 -0.0869915555007679 -0.0255549611121113
-0.131252824602156 -0.0406788730468073 -0.0365974397098999 -0.0690134321531416
-0.0546988939538943 -0.126362582673889 0.00694230824071055 -0.0418432001067525
0.0373112480150958 -0.157652814947631 -0.0346975524876676 0.0502012593233645
0.0659380017246673 -0.0979539040829192 -0.028444733589732 0.131633245918484
0.0322553470379507 -0.141119590113692 -0.0977524171968659 0.15576544899105
-0.0723706931140313 -0.127425949163981 -0.0367853978882036 0.185339983167697
-0.136232641547387 -0.0418312705398955 0.0550805840389396 0.152559966745711
-0.0905064593973419 0.064883808144235 0.0831682609139306 0.0538003696843857
-0.0214300302966206 0.0823375520457164 0.0444125712089126 0.0272477698530767
0.0165486972587263 0.0833943031991734 0.0268816645421374 0.031072193046257
0.0399456497785843 0.0740818014780493 0.0162673620810045 0.0519035884373025
0.0463324365249167 0.0734027170479032 0.0036703544809541 0.0771709542708498
0.0137672976526245 0.0797704669666424 -0.0294253200673831 0.086136608611602
-0.0259757239626846 0.0817355610758591 -0.0839562378998743 0.0561076907527273
-0.101024355078707 0.0393313244142854 -0.0927424153253777 -0.0082066421696284
-0.108045954431153 -0.0434677529237207 -0.046015047018968 -0.0559880697329068
-0.0300794904157962 -0.111801641255776 0.00504548005684161 -0.0249693439390985
0.0554370583293405 -0.116699987352451 -0.0452467596269848 0.0854621885003926
0.0594038227025538 -0.0267437131755457 -0.0426372555681717 0.143139816334733
0.0422077225948786 -0.0768914630180619 -0.0957181067533646 0.152778903680329
-0.0314453177089091 -0.0807643723036478 -0.0523044803766907 0.159966625433245
-0.0804652933471969 -0.0310517214154236 0.0241071315144492 0.142186827465757
-0.0541168015229728 0.0395225902881273 0.0556574894792259 0.0746296475857509
-0.00764562499699066 0.0502122353514968 0.0369299370098049 0.0554736504525236
0.0140318840128553 0.0484265144311816 0.0335222742730575 0.0582165989665867
0.0281355105435307 0.0451984531374193 0.029306512643978 0.0698647115148394
0.0342923693898315 0.0462521732777467 0.0152328722895134 0.0979208877903184
0.0153338790691417 0.0570387682374676 -0.0256377404481788 0.106236334619227
-0.0169313375363691 0.061564024474073 -0.0874653509730719 0.0738253297227345
-0.0755458761137722 0.0261610053350151 -0.0999945660294636 0.00209196882232032
-0.0745333027233378 -0.0407834773267895 -0.0558307337972998 -0.0496598116483879
-0.00292457959837902 -0.0850501091793601 0.00154933398342495 -0.0144908323430654
0.0667370886020805 -0.060472475626582 -0.0578648403617639 0.108293578634119
-0.0469968836842367 -0.00470942392429954 0.0599199258320609 -0.13054532869644
-0.0104900436669771 0.04233612471319 -0.0112120854722226 -0.0123973120937437
0.0284826760894776 0.0309757905345682 0.0592136001300223 0.0640244690172976
0.0348903108445706 -0.0145598006100206 0.118565261823794 0.00597759122723384
0.00199513525501494 -0.0280176388329034 0.109945813459829 -0.0849617975243537
-0.0110604146992537 -0.0162818812387743 0.0412752801498472 -0.135348572380013
-0.00760128889547738 -0.0122406833510153 -0.0195243112644388 -0.119221729855782
-0.00685553877811005 -0.0105025089650612 -0.0415727919506219 -0.0866785173818108
-0.00420499590283849 -0.00649316555856123 -0.042446573123258 -0.0761708339933871
-0.000196605843643725 -0.00194384873029911 -0.0414365391921887 -0.0783557876177571
0.00827679231058956 0.00359414180269165 -0.0407915819436602 -0.088377851467289
0.00660421593618107 0.0190238743670367 -0.00447490435037117 -0.117846198393141
-0.0231582242180976 0.0332699372227551 0.0559884802272698 -0.13500054742996
-0.0494717979050052 0.00199072272874473 0.0685578248202486 -0.124088598009906
-0.0499315692577364 -0.039201350581182 0.0326401399677511 -0.136050568395663
-0.038410471473282 -0.0715798654558042 0.068230866714763 -0.106190794062945
-0.0351413562433399 -0.0150588006528255 -0.0110233107710119 0.00776502335971087
-0.0249536912107835 0.00520453589046074 0.0712238690427699 0.0887474285776049
-0.0153300277961591 -0.00042144424057431 0.140098739486955 0.0210956428004648
-0.0164621776947685 0.0074225247661949 0.124912154812557 -0.0899797822836192
-0.0113193119928867 0.0185737588360874 0.0471652057615981 -0.138270033593687
0.00518930892527013 0.0269122554333728 -0.0184755742808939 -0.121203893421198
0.0104960327167644 0.0265190125154482 -0.0441968001016517 -0.0813600121000173
0.00883117567683049 0.0338435503402703 -0.047412383742041 -0.0694829797762109
-0.011858130604195 0.0377361777355734 -0.0473384740946709 -0.0682636928914945
-0.0255600236754723 0.0347087777015644 -0.0502785011144658 -0.0796733505560393
-0.0532102300447073 0.0154017243663544 -0.0204488673034373 -0.108860318508776
-0.0672421562203816 -0.00862135604428264 0.0386330894610548 -0.126711518414476
-0.0535563179496666 -0.0590056989310756 0.0470476527429877 -0.116031965201061
-0.028878447688839 -0.104879388987821 0.0186910747240939 -0.119331376023187
-0.0181685928974688 -0.129842489904954 0.0656866896509083 -0.0656720506451898
-0.0482725902725131 -0.0804206384967765 -0.0207014510878276 0.0406895082777428
-0.0782600374139635 -0.0324932644984402 0.0731772271273301 0.126474115294565
-0.0754376281443629 0.00725240381282711 0.157743559849387 0.051011382987593
-0.0423884554338029 0.0455206387380657 0.141488684268144 -0.0803756050696253
-0.0149148748799222 0.054353325912876 0.0550151087081154 -0.126718882554912
0.0145804986034192 0.0642841747728837 -0.0124386262327317 -0.108942529642603
0.0271509327209065 0.0594485513966645 -0.0391717986445682 -0.063854231096984
0.0249048285529438 0.067044866715299 -0.0467389332401733 -0.0483559548283833
-0.0127139446728981 0.0709348439200879 -0.0520985582273758 -0.0431809057929083
-0.0437980975235299 0.0659196079621707 -0.0663080010798785 -0.0581637666124478
-0.0975186668232535 0.0278288215566601 -0.0454832215367328 -0.0945376843186687
-0.108195927877903 -0.0301150857957069 0.0141352011828015 -0.117991494514256
-0.0646536404544736 -0.101960639801269 0.0272773500523799 -0.101866153780566
-0.012346945666604 -0.153476190614024 0.000643833252453314 -0.0850558688241637
0.00958704549982047 -0.167903418997065 0.0518443014029608 -0.0113016332035661
-0.0442100035383999 -0.14066284304392 -0.037995459965643 0.0803827006206832
-0.117938056042389 -0.0780476040766289 0.0594569260261169 0.165593173838826
-0.132415350224641 0.003918850077692 0.159721540667656 0.0911162859729096
-0.0725199518894165 0.0765991687176195 0.149011917050264 -0.0550292579888755
-0.0210252301854451 0.0852721989099767 0.0622513819121479 -0.0991474993112423
0.019647496626991 0.093639432900401 -0.00252060840014941 -0.0829335755216099
0.0402332605766593 0.0833202323754094 -0.0294573527312183 -0.0373510683114185
0.040427150860269 0.0874075802791611 -0.0391916971401646 -0.0176372981203733
-0.00545672490498429 0.0919558825030082 -0.0517280039680843 -0.00951895223137197
-0.0464705722393814 0.088624073472639 -0.0785690829232365 -0.0279125114736848
-0.120020855027893 0.0447175071491838 -0.0674786701614236 -0.0725214064641039
-0.134979435563464 -0.0348464191992993 -0.00963537947059961 -0.104420411003107
-0.0743189989514057 -0.123690376651341 0.014311872045065 -0.0835157151482814
0.00147964537039051 -0.179497118494249 -0.0144875226310486 -0.0403135748906675
0.0386683715532732 -0.176027282580023 0.0264083560836822 0.0465155335405291
-0.0223859939585317 -0.178164548336538 -0.0616223047874038 0.118321773666659
-0.129220666260278 -0.121453286848591 0.0301052926605014 0.194214584614745
-0.169368346204861 -0.0140578133670733 0.138451161252153 0.129024969110083
-0.0978634608125202 0.0904288884055335 0.141124810590097 -0.0180010499013648
-0.0266025686066508 0.102611408138371 0.0623429841771507 -0.0589526754579604
0.0210149001952759 0.108469766507709 0.00832732229857261 -0.0464432417634667
0.0472301618361793 0.0942888420126893 -0.0148051561298336 -0.00563983250648457
0.050894552416084 0.0951341335059733 -0.026148464426423 0.0169117320946869
0.00383751276089667 0.0998903588196041 -0.0451406959452594 0.0268761338659277
-0.0416780789703953 0.0981971308732982 -0.0836244209175047 0.00453401250908259
-0.124865294649344 0.0532046734174443 -0.0818004733507025 -0.0470434916952331
-0.142018054743071 -0.0364786412429277 -0.0266854894596956 -0.0873273603622517
-0.0707191305217788 -0.130608641438425 0.00881487858478368 -0.0625207484818288
0.0174344847031302 -0.180288986300937 -0.0248416395316115 0.00678465652812902
0.0591688459152932 -0.151462014165418 -0.00314009687376983 0.0978755115249813
0.00864393581412642 -0.179437465735043 -0.0848550598841798 0.145011158525809
-0.110371134742751 -0.142723182104722 -0.00633272631226433 0.201043711583005
-0.171380648067463 -0.0339702916655044 0.0992196841536454 0.151143796335189
-0.105497432405449 0.0844711181412979 0.115261131835994 0.021547346468353
-0.0278162236326325 0.100866079026067 0.0552969853558726 -0.0137797649322299
0.0200337320686736 0.105608080553208 0.018562059312335 -0.00613751423295194
0.0474986621490055 0.0908856474197759 0.0010432081177791 0.0258615953630915
0.0531110858474209 0.0895844664735839 -0.0105722213402668 0.0496647339014321
0.0113101838185054 0.0946935855864245 -0.0362393629429004 0.0596694129812212
-0.0337401755696339 0.0948723345843637 -0.0839529567870347 0.0345405555230075
-0.117913452544277 0.0510935506956318 -0.0894089407837268 -0.0242258002684156
-0.131826366515039 -0.0396190937741387 -0.0384508635253636 -0.0698837765745327
-0.0552453923570424 -0.126093286807132 0.00697204206636828 -0.0427330004505853
0.0364504042879022 -0.158263413640208 -0.0338538321227983 0.050407172706663
0.0659246804669247 -0.0986812461465272 -0.0306670150235664 0.132831334350001
0.0321732876643397 -0.142358636356667 -0.0985681051407223 0.156720301121518
-0.0732169787174427 -0.127883691518012 -0.0372069232740474 0.186661754517625
-0.138157410015344 -0.0406377573283832 0.0570430901490621 0.153347233496279
-0.0893809763292573 0.0656853969639587 0.0823271369856968 0.0528299348192158
-0.0206061667838597 0.0814653905479689 0.0443800445813486 0.0271274090455231
0.0178210907166846 0.0837423389701466 0.0270170469087677 0.0314825078491764
0.0403621423484804 0.0731651025224494 0.0163898024792079 0.0529026444285647
0.0470736061688311 0.0721010623867171 0.00442434883921037 0.0776085794507844
0.0144275380657061 0.0795478238204548 -0.0283138126242016 0.0870095108083946
-0.0256776953276731 0.0814289387585494 -0.0842675551333297 0.0585123388506266
-0.100954246525593 0.0405789034579652 -0.0944405235062239 -0.00640862310613448
-0.107931223678004 -0.0426498175629527 -0.0482644474923765 -0.0563120959696597
-0.0305735715874514 -0.11101211864343 0.00496347278284504 -0.0258017113200856
0.0543814879336273 -0.117569772719138 -0.0450452003100051 0.085692405166664
0.059150381325893 -0.0275766175171254 -0.0449314679103191 0.144447762071529
0.0416590336599375 -0.0777328114655327 -0.0964841871889597 0.154506280187221
-0.0320212205169835 -0.0809416764104593 -0.0521592896140972 0.16163391515319
-0.0816368468860731 -0.0294479729680446 0.0258954095955328 0.142938897881566
-0.0530181601700989 0.0399032817238757 0.0560357883327904 0.0742839338451542
-0.00729781286892308 0.0489650180224976 0.0378018577151251 0.0557769043201277
0.0143930794186663 0.0477539418780152 0.0338718038577234 0.0580199021718323
0.028548290582148 0.044300258751051 0.0290168348425137 0.0698819782831332
0.0345653641632719 0.0448176541748524 0.0155542656520803 0.0978027143988171
0.0160030385066044 0.0559277783853515 -0.0241381077141318 0.106503804327438
-0.0158837028567665 0.0609042993464986 -0.0876862351996584 0.0749137553789295
-0.0749988136976918 0.0269192654624046 -0.101294668374308 0.00342093956739744
-0.0738995788051188 -0.0400273532429585 -0.0577824310106927 -0.0501071355968805
-0.00380539300008671 -0.0836218701197971 0.00123967264853582 -0.015268772822483
0.0655375275126153 -0.0611980197184989 -0.0573532870854978 0.108762627247571
-0.0473539255806243 -0.005946425859115 0.0617217705737004 -0.132550794447181
-0.0105792710822891 0.0419472311058807 -0.0117105247717677 -0.0130215239016916
0.0282633479186297 0.0312993649228663 0.0607414353085636 0.0668162623211163
0.0349620262758498 -0.0145976446757084 0.122340870498631 0.00746163090532654
0.00161769001979143 -0.0279845841657248 0.11312733485648 -0.0865469930062406
-0.0114178603483798 -0.0154463865803586 0.0417916810349598 -0.139222307771814
-0.00776757069987873 -0.0121442018854619 -0.0201168575678251 -0.123135530947368
-0.00712109670744031 -0.00996184859662451 -0.0417226338660554 -0.088986750789705
-0.00406592326407238 -0.00571183951439237 -0.0436482480583171 -0.0781748153519591
-0.000195061264532299 -0.00139284160126428 -0.0427397077449621 -0.0802652379629471
0.00809191049305153 0.00349514948648916 -0.0407563792994029 -0.0901848189043527
0.00527766505266937 0.018553787966697 -0.00356539013443299 -0.120674264342149
-0.0231411545294703 0.0332456894685962 0.0579821450799654 -0.139191965099145
-0.0488936473285648 0.000780520518639295 0.0727052751139208 -0.126745572421255
-0.0498592674640423 -0.0403589027176532 0.0374142371237721 -0.139553225258597
-0.0374558867192766 -0.0742392484878723 0.0704967926558636 -0.107279557007055
-0.0353928797639194 -0.0166636642534699 -0.0121327474509147 0.00814055763369247
-0.0259178708992582 0.00450174505235134 0.0726112406221849 0.0922405125290477
-0.0173766980992742 -0.000739011323960452 0.144457393013538 0.0229580728982197
-0.0182003720558221 0.00865052997514727 0.128553895960336 -0.0914674020504831
-0.0123023736134844 0.0199169256051587 0.0482515602306425 -0.141554259349671
0.00509037373948238 0.0278413484825231 -0.0197388485813848 -0.123869066566156
0.0113373457703191 0.0282999917909455 -0.0437526876484899 -0.0833343197867315
0.00925398171898701 0.0354413916142562 -0.0485189559200984 -0.0711215931664982
-0.0123853407684356 0.0395784740782525 -0.0491912263432462 -0.070064438435727
-0.027209708763295 0.0356689104683344 -0.0515680476872261 -0.0807630716678209
-0.0558017743863101 0.0151974314385797 -0.0200041781194207 -0.111837082586096
-0.0688077905046259 -0.0107128125585516 0.0403364497209602 -0.131376717527262
-0.0525942742023624 -0.0622033253135363 0.0503954209258188 -0.119109230906052
-0.0273295868289012 -0.107901622085131 0.0223043129507945 -0.122624670441752
-0.0161840821438279 -0.13320799279652 0.0676340675742389 -0.0658747761700794
-0.0478950441725574 -0.0840895993844096 -0.0220474920527787 0.0416882185434897
-0.0798330641223208 -0.0350686170718242 0.073821930027096 0.130784747401048
-0.0792762566736049 0.00667617613659591 0.162567295045689 0.0543372631891821
-0.0448617295862916 0.0467843641413087 0.14422579422903 -0.0811806814520213
-0.0160757678622704 0.0568808007979943 0.0565916865569737 -0.12979781929718
0.0152503437659868 0.0662753324962866 -0.0133449180554065 -0.110745500499927
0.0283699844843927 0.0618200793036134 -0.0392337450773901 -0.0651540412707542
0.0252720022297582 0.069185611517848 -0.048038863258586 -0.0483234261864731
-0.013586056479354 0.0739647591769441 -0.0537878900809567 -0.0437831908271303
-0.0459150710815226 0.0673621416447016 -0.0685382125573181 -0.0591824940831477
-0.101015913892583 0.0276513811639676 -0.0463997188307066 -0.0966585934192903
-0.110532883776289 -0.032557313495634 0.0148240030734113 -0.122191178119994
-0.0638882589023567 -0.105827707449382 0.0298106194661321 -0.105179812857441
-0.00987638388672627 -0.157679353120155 0.00336384287841271 -0.0875311260672233
0.0128459010677487 -0.171244629530829 0.0526200121489217 -0.0110262702651394
-0.043517673624741 -0.145521093384297 -0.0401775756654489 0.0823452056254684
-0.120272165797283 -0.0823926822665332 0.0594668048597168 0.171376643572938
-0.137804258352842 0.00279199111522878 0.163989889824978 0.0953541114075267
-0.0755258953767889 0.0781440775682203 0.151897307503555 -0.055342572518911
-0.0224274092066641 0.0878744501120457 0.0631785083771418 -0.101180536822042
0.0205977125424652 0.0963450979340132 -0.00297965284652838 -0.0840927757726317
0.0415719593427606 0.0857625496709766 -0.0289906106358137 -0.0370778365639443
0.041024990472634 0.090003380506918 -0.0400363758652692 -0.0166357465081633
-0.00596885468695734 0.0954933696013603 -0.0531872920367931 -0.00929443303039124
-0.048948506626371 0.0907611570510736 -0.0816689181227149 -0.0278248679212356
-0.124707063665258 0.045321898590045 -0.0698691056711523 -0.0737207849627857
-0.137789255748475 -0.0373461253134841 -0.0101559269737427 -0.108431239919514
-0.0736740438738557 -0.128122632598354 0.0158807048293887 -0.0864965530271081
0.00420295334520039 -0.184337503055642 -0.0127165482622255 -0.042162178701413
0.0424952765018035 -0.179536605289731 0.0253402459085566 0.0488348873069363
-0.0204911117287576 -0.183822596396045 -0.0648365773509413 0.12028902157983
-0.131399011810807 -0.126891287725316 0.0284270602029464 0.199973500873252
-0.175546826842472 -0.0158057655830561 0.141745654928636 0.134111734081539
-0.100711092373692 0.091951161297249 0.142631381251209 -0.0174248149332827
-0.0286125274122462 0.105148262512435 0.0642074874023506 -0.0600334339628934
0.0216495773313723 0.111425014002133 0.00789325634838561 -0.0462681087834459
0.0486392995096418 0.0969502007804777 -0.0150014921935827 -0.00464710582937392
0.0512536915494409 0.0971357143254051 -0.0266280801633241 0.0186520530867582
0.00311247120018184 0.102713496621632 -0.0463442748254556 0.0278972617832377
-0.0435791968763474 0.100380889124531 -0.0867803355736337 0.00588969926640801
-0.129622455893065 0.054514237418234 -0.0852007593086188 -0.0476268053774158
-0.144850365178875 -0.0390894585731791 -0.0284267792598813 -0.0905172436336303
-0.0704062042627866 -0.134618558870096 0.00964740842942712 -0.0649822760128364
0.0203662299593186 -0.18494942051363 -0.0246711875344704 0.00651325031845576
0.0626986104958956 -0.154582103514858 -0.00584246480440048 0.100930485986918
0.0100885807516435 -0.184659655641382 -0.0885251499479964 0.147994489270437
-0.111770197424767 -0.148278788950441 -0.00922334076165244 0.206661814911881
-0.176818249599369 -0.0356265573512233 0.101239537834356 0.155928578253756
-0.108550124160687 0.0864003394217957 0.116830393971334 0.0225531462638795
-0.0296906807930562 0.102946692720612 0.0566027182835674 -0.0134268174039193
0.0208273743495638 0.108174614870482 0.0182282894388412 -0.00501411375758905
0.0488979284197836 0.0932436127437413 0.00145036042732118 0.027495010025769
0.0533980839096976 0.0913379621305468 -0.0108770740926229 0.0520510836975463
0.0108152306595362 0.0973658043538292 -0.0367227349122237 0.061443767302658
-0.0352630496383076 0.0966700578267363 -0.087337226039006 0.0364564595036262
-0.121514050311583 0.051714345805014 -0.0931045174319858 -0.0238775597587601
-0.134192642747488 -0.0416110197186117 -0.0405396200965864 -0.0723283073554767
-0.054804015435999 -0.129064873554555 0.00729915747922104 -0.0447649110680096
0.0387227180014243 -0.161971875872556 -0.0350090943034119 0.0510284806388951
0.0686731808120771 -0.100573862187589 -0.0343735464438181 0.136403984488381
0.0334137095601833 -0.14617435278397 -0.102766345007635 0.160811596380154
-0.0745256329762977 -0.131975584018012 -0.039614363348976 0.191719153018363
-0.142271768439096 -0.0419988187271387 0.0579010399773468 0.157135244334296
-0.0917613582206513 0.066810859517661 0.0828528927981741 0.0546614979215568
-0.02244200942131 0.0824754919487641 0.0459001077213491 0.0288171313801599
0.0181014384457933 0.0853648168641317 0.0267569860099672 0.0332582732047553
0.0419942949546334 0.0746871964812675 0.0163081400762041 0.0545937381981821
0.0476905100918837 0.0729453807549629 0.00392909758873661 0.0802627158087754
0.0147058239742327 0.0810192229974352 -0.0289292872717755 0.089065896310678
-0.02627254042203 0.0827580791156931 -0.0869755791387339 0.060576982922458
-0.103709042721379 0.0416425488943461 -0.0979506116200694 -0.00656508240448996
-0.109430681471573 -0.0442244395269614 -0.0501662460691871 -0.0587490882669042
-0.0301472497807539 -0.113078860334661 0.00518592235448286 -0.0274812023927496
0.056204406185062 -0.120269683018996 -0.0462424141503524 0.0870085605448369
0.061420470943013 -0.0284395311506465 -0.0498613945551442 0.148078013929843
0.0423826767585076 -0.0794016003700153 -0.101054524849475 0.158329786397173
-0.0325231128654843 -0.0824664202857602 -0.0553996985225135 0.166082890529755
-0.0834531752731826 -0.0302522951924408 0.0262265856907558 0.146580514279808
-0.0531825051497455 0.0405824367556641 0.0562766944268252 0.0763106318322611
-0.00742653345392915 0.0485830158182859 0.0384690561705598 0.0580591523467212
0.014529560905585 0.048057530322179 0.0345962498602447 0.0603232095598327
0.0294687009929525 0.0448547234892902 0.0287044074227464 0.0723329487079286
0.0346187279729635 0.0447784719368085 0.0151009182390206 0.100216654948519
0.0160616697206904 0.0569153057107156 -0.0251212079911277 0.108128333152988
-0.0161079514772584 0.0616813446193931 -0.0906590047104821 0.0775631055985506
-0.0768129467372014 0.0282748388680847 -0.104538514068078 0.00321130189351225
-0.0751897109813423 -0.0409940535575396 -0.0598673850001832 -0.0518900796985074
-0.00299754521823302 -0.0844631799230376 0.00146682838110192 -0.0162682453575133
0.0670249281030227 -0.0626312312288025 -0.0595520752806966 0.110303995473807
-0.0495813185500478 -0.00689289963338177 0.0652902187885736 -0.138519104615607
-0.0106661639867647 0.0430503476707734 -0.0131142084775748 -0.0136084879221868
0.0290843600056535 0.0324345042065573 0.0648901532289439 0.07103505394447
0.0356469736565428 -0.0154753500343864 0.129850574995896 0.00818709396555366
0.000915154609804542 -0.0279839661529683 0.119791795878906 -0.0923255074814944
-0.012623465479471 -0.0148118127714985 0.0426185561413617 -0.147337905837166
-0.008156485649231 -0.0121151613263445 -0.0218157711388879 -0.1296328597122
-0.00747915854953722 -0.00975583518611189 -0.043718637675731 -0.0944067346400616
-0.00409069759653635 -0.0051189873273407 -0.0462369359498921 -0.0825215385041717
-0.000643684947063795 -0.000535791410111269 -0.0459801783785666 -0.0843435766538289
0.00811395708842699 0.00372446477276772 -0.0427962921134641 -0.0944282439278248
0.00469140805691114 0.0189512154104777 -0.00306302574869621 -0.127436151695051
-0.0244105007337557 0.0342398439558233 0.0619890853174021 -0.148044025783039
-0.0493365667192056 -0.00100056628355565 0.0783608848480711 -0.133650546843241
-0.0513583201962887 -0.0428684145347051 0.0430363610553993 -0.147566035720428
-0.0382373403888208 -0.0784287225694655 0.0740936275311029 -0.111891346174343
-0.0366667559894871 -0.0187697491638098 -0.0131046180409354 0.00823933974077138
-0.0279106550631679 0.0040587289983987 0.076873344938546 0.0979062114805281
-0.020090843461595 -0.00119991440089181 0.153314980077975 0.0251705823577956
-0.0199439829904092 0.00973138812065924 0.134702743215924 -0.0962411553966451
-0.0136609040318143 0.0226069465242956 0.0489620492570274 -0.149807021188342
0.00554521678073543 0.0301656977473298 -0.0210555242840523 -0.129545261721356
0.0125133959104678 0.0303439681858103 -0.0456832253555746 -0.0877992337510141
0.00933579659334606 0.0381447064321818 -0.0521501930945931 -0.0738150246998087
-0.0130739481676248 0.0428803304381602 -0.0524727103233792 -0.0730413916359874
-0.0289990171708896 0.0374209429003082 -0.054622289068754 -0.0847280201150637
-0.0603032693102639 0.0155590661341111 -0.0212674011815332 -0.117636190094087
-0.0722069407333737 -0.0124274978459541 0.042349821255696 -0.139701529973577
-0.0535755211933849 -0.0669453046166087 0.0545048330929714 -0.125844956811727
-0.0275982081932128 -0.114304464716331 0.0266660918731567 -0.130001219382389
-0.0154010951039786 -0.140645871155657 0.0712236150117714 -0.0684135237184673
-0.0497283882998218 -0.0891470425609028 -0.0232596941998443 0.0432577507067688
-0.0845595412565502 -0.0378263706239728 0.0783610968192721 0.138728837996991
-0.0854925509639686 0.00724743571828967 0.17194484521567 0.0578957228131735
-0.0481672652880359 0.0494421691225467 0.151397570044651 -0.0847498098735962
-0.0178346018203702 0.061363559054048 0.058159683735922 -0.136734820559146
0.0161720261648947 0.0704243501448731 -0.0146776279413922 -0.115324760436333
0.0308630391691318 0.0657909870926152 -0.0406770167721286 -0.0681297171051186
0.0265468435557117 0.0734174897588415 -0.0509003597433929 -0.0499260244765473
-0.0144173518382715 0.0790042425051398 -0.057651092482221 -0.0456213569565907
-0.0489373155055595 0.0714045948000482 -0.0730477418293527 -0.0606740433755776
-0.108522556097585 0.0294593980192145 -0.0494239055813084 -0.102015326812829
-0.116492300139508 -0.0355902118004031 0.0150720204488 -0.130655664934223
-0.065878981005672 -0.112706745661226 0.0323739844733095 -0.111917369604319
-0.00868577477125156 -0.166413538343817 0.0058283477364424 -0.0931012008027021
0.0152818447751507 -0.18058850871482 0.0548249857243703 -0.0101818708248771
-0.0445740386936433 -0.154422189790752 -0.0426882336811992 0.0864777992543594
-0.126593927059846 -0.0889315329562626 0.0620663308454003 0.181850497896046
-0.147595282820526 0.00273288134752872 0.173487690957486 0.101591455314257
-0.0799960123369839 0.0821517377210079 0.158549304899602 -0.0576654175070989
-0.0245894303420339 0.0935096376214105 0.0661002948709052 -0.106589406485271
0.0223914712845245 0.101746761577256 -0.00401634315102541 -0.0870128235419793
0.0451954940664514 0.0909861788109338 -0.0298726832173914 -0.0386682225177219
0.0429060885613786 0.0949344878846955 -0.0426010842311105 -0.0161273540139363
-0.00656120539532162 0.101908469097554 -0.0563645893490277 -0.00882612236364636
-0.0517860039542283 0.0962376857075729 -0.0866723275302357 -0.0275454053540126
-0.132973989364049 0.0484322768576741 -0.0748880549310755 -0.0771753019800124
-0.145425987437853 -0.0406204630149768 -0.0118537188195139 -0.115621694455735
-0.0763666569303218 -0.136118322025722 0.0172083583487565 -0.0923519156202985
0.00540583189236755 -0.194724086303322 -0.0117626853488165 -0.0448662194428039
0.0461786305290527 -0.188693699175739 0.0259306025599877 0.052194094167544
-0.0202178856350874 -0.194895581984039 -0.068999943588318 0.126928308906134
-0.138224246234998 -0.135277474523124 0.0290328180068576 0.211658535070454
-0.187007880320781 -0.0161945607441632 0.150611009042936 0.142123513413867
-0.106807528217787 0.096868355075333 0.149228385247397 -0.0175970037613549
-0.0308125092722486 0.111212747468359 0.0672492230235052 -0.0627750331944338
0.0239185284766577 0.117903190179999 0.00760709128355896 -0.0473908220292141
0.0522581572996311 0.102559326697647 -0.0147364422372471 -0.00409302761275424
0.0538840030202847 0.102091037217881 -0.0279993055868368 0.0210117482146614
0.00373967668251693 0.108949845831771 -0.0488539380955048 0.0298410251229522
-0.0459441696855206 0.105744083672482 -0.0925702821354703 0.00800933397580358
-0.138215503272934 0.0582533649988264 -0.0909736325131655 -0.0490813227600178
-0.15298544773962 -0.0420235646866939 -0.0312557714436011 -0.0964014689951416
-0.0738121489630252 -0.14197617957888 0.0109103221467673 -0.0700687522334556
0.0220236313131656 -0.195215339585206 -0.0250139026744723 0.00667698120006858
0.067990873483127 -0.162369693710597 -0.0083664126437084 0.106362339777508
0.0120171399807153 -0.19512087266886 -0.0946526463071462 0.156013134615244
-0.117837573946047 -0.157056461366492 -0.011063845365438 0.218706830953076
-0.187821850451731 -0.037460808852236 0.107830796294574 0.164697724422367
-0.114347333057244 0.0903376456954576 0.121322413933821 0.0239849593139929
-0.0318093852494277 0.108390831257056 0.0600529754356524 -0.0131661183881526
0.0226059828987173 0.113847248352105 0.0187696565802319 -0.00398275572640136
0.0522136922666481 0.0981366245511025 0.00186562833362548 0.0297537105128381
0.0561653640564904 0.0949884993687412 -0.0116357564758943 0.0559186482934515
0.011549461826508 0.102005003359008 -0.0391038209676915 0.0647969042685307
-0.0374046344096823 0.101522898049448 -0.092761862645433 0.0399930533472533
-0.128346276757 0.0552323162474448 -0.0995793833929307 -0.0243057117061065
-0.141226301621406 -0.0440160831593301 -0.0440768435666221 -0.0772411521493596
-0.0567692507453407 -0.135607541313608 0.00770842130211591 -0.0484744218924975
0.0413221246764185 -0.171021354461487 -0.0360665789620667 0.0535022308037928
0.0736760422208735 -0.106695419967004 -0.0389426446971533 0.143333516747684
0.0356691976799968 -0.154491699206866 -0.109805670263951 0.169526281216685
-0.0781869266048381 -0.139085477737136 -0.0432376597048381 0.202310290210976
-0.150969212151432 -0.0432655025732535 0.0620224598851731 0.16634497546934
-0.0956498248129709 0.0703813000486792 0.0863472398386851 0.0576842780617636
-0.0239347528174016 0.0861068210815068 0.0484223005019601 0.0312941878716997
0.0195947146787762 0.0897060407678971 0.0282150564509212 0.0360582444338814
0.0448076587387776 0.0784612404826609 0.0174870377803221 0.0581815248499481
0.0494536655186385 0.0752916507665802 0.00426009245980648 0.085058407091133
0.0157091953447445 0.0851449579586964 -0.0300862723733189 0.0935927634585968
-0.0279684745633672 0.0866262334425898 -0.0929451322974983 0.064672915912243
-0.10931247229176 0.0441134361472919 -0.104401967455967 -0.00634192558341804
-0.115235936957895 -0.0463963874175305 -0.0538501864876209 -0.062163717666711
-0.0305586448788524 -0.118471291059583 0.00514699444738529 -0.0300315274048233
0.0593072165039041 -0.12682175540621 -0.0488040109444489 0.0915069021596398
0.064565120284231 -0.0303912130008826 -0.0560022403311001 0.156180866139687
0.04446270749905 -0.0841201496176991 -0.107816006145648 0.16719164653874
-0.034386769332741 -0.0863854518807496 -0.0596404852472025 0.175183397021444
-0.0880221479189484 -0.0307185293299314 0.0285189364079849 0.154040148716434
-0.0548797609090502 0.0427803484949296 0.0586047531125219 0.0801610721726115
-0.00845771021205032 0.0496591782280566 0.040669312823952 0.0620424550202394
0.0151650722035396 0.0504042356463244 0.036361756372343 0.0635979621127771
0.0310684390961808 0.0464031584364369 0.0298511716012059 0.0770385034923037
0.0360581060122721 0.0464167995572418 0.0159357060484825 0.10556496576392
0.0171019537493025 0.059053745189012 -0.0260856454169079 0.113525784533673
-0.0166148564488365 0.0646394595369616 -0.0962610221090294 0.0823782233883202
-0.0809537218314904 0.0303727287894134 -0.111496503165409 0.00389910411850517
-0.0784687933821183 -0.042788788404392 -0.0639687819442993 -0.055931153111342
-0.00256790980459751 -0.0877456130524567 0.00174286232396875 -0.0185233480074497
0.0698201141472702 -0.0661048222725296 -0.0625939451596495 0.11614083186839
-0.0532574634921285 -0.00358008741920973 0.0622312725428956 -0.154146477790076
-0.00650224930756452 0.0450406263169367 -0.0185855726307078 -0.0142321342868233
0.034989559742711 0.0296406367313402 0.0715743247519845 0.0730943912401349
0.0363203780454965 -0.0218471789282821 0.1396325366712 0.00221871047445034
-0.00250472519281506 -0.030817046971864 0.121221738523694 -0.10866062606528
-0.0161820854206054 -0.0149053424988694 0.032587910075576 -0.160328980415878
-0.0110502808884333 -0.0120895920542508 -0.0342790095910289 -0.134794379385319
-0.00878871788814739 -0.00860106695885481 -0.0544572621744437 -0.0969779082468377
-0.00406512041952159 -0.00400154270754289 -0.0577379105148285 -0.0851047159302376
0.000293021311040465 0.000148271405694133 -0.058015528975607 -0.0883805092946443
0.00989742486735285 0.00258660382986449 -0.0539818148006744 -0.0988277014163486
0.00833746897972568 0.0202401487945502 -0.0133965195536165 -0.140614711483775
-0.0191651001557824 0.0400059450612906 0.0550611631746557 -0.169983782878229
-0.0509846023798302 0.00456736357317831 0.0800079769113538 -0.150938707139421
-0.0569793371834737 -0.0423891868183951 0.0420848980189353 -0.15945867805001
-0.0500750859535409 -0.0796704604877622 0.0785742847131972 -0.12508941232437
-0.0398414320143686 -0.0165004391711174 -0.0132890491528053 0.00729268900895417
-0.0273611239068078 0.00662509346247299 0.0893835543543879 0.0959427837117617
-0.0203785445819466 0.000209665363601591 0.165747094395553 0.013338395778139
-0.0200777910947713 0.0105583720331406 0.134649867264247 -0.114482302069938
-0.0136471481992219 0.024727888453588 0.0374866685683077 -0.163504156033663
0.00964686136228107 0.0313399742199089 -0.0367346017168588 -0.135891461911393
0.015469104609119 0.0313054118547405 -0.0566995915325829 -0.088410790050508
0.0145915186594757 0.0403671341334657 -0.0627185222650633 -0.0750022545925441
-0.00813056289587794 0.0476817007515265 -0.064593172580749 -0.0756813517212014
-0.0260205111539396 0.0423597314522298 -0.0666969967836728 -0.0880350301716098
-0.0615940937554594 0.0238356004600999 -0.0306952711575994 -0.128786261723817
-0.075332669679818 -0.00500865685267101 0.0372303386994467 -0.158235033776086
-0.060738235789022 -0.0672501300874805 0.0519495397070635 -0.137867073939519
-0.0363901668435937 -0.122355695966793 0.0205070835640227 -0.136264276117419
-0.0319796390620979 -0.145643814908748 0.082243998468439 -0.0765234266847862
-0.0607933975996992 -0.0879943537302619 -0.0169374001814917 0.0448646375630932
-0.0918274773067349 -0.0306485364968275 0.0980796005079169 0.134887730362554
-0.0880226723069189 0.0174176785748284 0.189191642265593 0.0413328792587554
-0.0449690063771499 0.054597229535705 0.149183508035276 -0.105974809000823
-0.0147020534030257 0.0655256286576718 0.0464964025284759 -0.150013594338244
0.0261889359460722 0.0727272526619775 -0.031500835498754 -0.122479535738545
0.0385213135942576 0.0671412359040631 -0.0493901891216399 -0.0673155468546738
0.0363692222025063 0.0744171190349295 -0.0597195911727336 -0.0483672680523469
-0.0059559357955704 0.0861401977807601 -0.0682376526760202 -0.0461859237056559
-0.0435252037781405 0.0793913714549062 -0.0853547619745941 -0.061052758262607
-0.111391829003616 0.0437472625983109 -0.0600193411745601 -0.110013781519701
-0.12511439688964 -0.025861149065845 0.0102107546749972 -0.145054490045736
-0.0785429130271618 -0.115980063512223 0.027590240730451 -0.117798287834434
-0.0208048606918884 -0.181372266012487 -0.00332534580871282 -0.0926960212012514
-0.0038052564006298 -0.190310278664238 0.0705372207034694 -0.0113523334851799
-0.0621537260853909 -0.155481529017549 -0.0304947447864607 0.0923855316356087
-0.141188082886132 -0.0785914085368143 0.0888936925447334 0.178061614949486
-0.152954115535968 0.0211407181430948 0.195590055502833 0.0819783176644084
-0.0742379815053525 0.092318576155679 0.15640642937644 -0.079151249565691
-0.0186437258366794 0.0999931892391802 0.0560869437019496 -0.11937370268738
0.0365218395549284 0.105284762679205 -0.0200042986319651 -0.0940820550486736
0.0556131094494669 0.0921968848503917 -0.0351318208236834 -0.0359257386308586
0.0558933730723115 0.0951757842853211 -0.0472232680517709 -0.0122759246626828
0.0042963994745254 0.109000446469792 -0.0640673490074536 -0.00642760749289302
-0.044422347898907 0.105638607806877 -0.0981240042841321 -0.023520456713357
-0.135096628502514 0.065961943661556 -0.0859396088464311 -0.0814253596880088
-0.157211988681447 -0.02878651725083 -0.0166026630013796 -0.126282979700661
-0.0921325911039186 -0.140459698365056 0.0115464091069309 -0.0935740346106755
-0.00795732022069001 -0.213916437306655 -0.0220841683097677 -0.0381100220887156
0.0283322946960359 -0.202389936315894 0.0437916620400322 0.0589899803015207
-0.0405002627873572 -0.19934871609246 -0.0527267479294776 0.139473265491549
-0.15827474994482 -0.12490357409195 0.0606324628822821 0.211619634686599
-0.196330261331521 0.00765229752182792 0.176732861670977 0.123212597908097
-0.0998576954460465 0.110717210681435 0.148829385560507 -0.0379124673623722
-0.0227092490772825 0.119063803995461 0.0595650560386047 -0.0728644993142445
0.0400974809656276 0.121990526786683 -0.00470096397448627 -0.0541968516735443
0.0644727731277473 0.103142795039154 -0.0164519074015982 -0.000466988536070378
0.0679984426487846 0.101211004996527 -0.0280994958290604 0.0263617825354876
0.0153757003295327 0.11494780554765 -0.0527455440757418 0.0356669336638949
-0.0374098360127187 0.114469842566654 -0.101882128873315 0.0155975806443921
-0.138712739959578 0.0767250150701731 -0.10177026843054 -0.0498659659710594
-0.165374692657768 -0.0296231060448025 -0.0360347435481186 -0.104185131393768
-0.0898714567424753 -0.146471705026985 0.00552325539303566 -0.0684201925291685
0.0086358492892889 -0.215533957069325 -0.0342684189449015 0.0180531873093864
0.0539466705438587 -0.176765526432556 0.00742258752913066 0.119963108391244
-0.00632437985722271 -0.203295341494252 -0.0780063439362492 0.173830533943126
-0.139694701078017 -0.149592680394942 0.0199872384794064 0.223948759462427
-0.19941721060694 -0.0134522350567596 0.135209975013906 0.150595986388667
-0.107765000684312 0.105737015388632 0.12287414715979 0.00814347448446156
-0.0235409257680448 0.115970685279138 0.056854036807765 -0.0202010250046159
0.0386367646025479 0.118175404683256 0.0115341559553214 -0.00941975304960613
0.064098842990725 0.0983043457796714 0.0037854259900777 0.0341741538787274
0.0691461551527466 0.0931767487920363 -0.00738090245230101 0.062351621798175
0.0230415702823463 0.106609504051493 -0.0389987601996425 0.0726245575596438
-0.0289858621637567 0.108848987653868 -0.0993175648411504 0.050602693335457
-0.129477383950474 0.0722326334473308 -0.109187695909864 -0.0210032893790643
-0.153211064261344 -0.0330978911415668 -0.048869802641616 -0.0808317670275669
-0.0718247902963374 -0.140998183578835 0.0030652596578065 -0.0457842033470467
0.030683262131616 -0.191302409859649 -0.0446099984492301 0.0676990362409929
0.0665873740580863 -0.118421808841344 -0.0283837280355189 0.161772592704949
0.0224233315464166 -0.162432310359591 -0.0967223841125743 0.190790804541119
-0.096407101710314 -0.134081699826388 -0.0180505478222417 0.212193493819912
-0.161175848684068 -0.0233402561904643 0.0863598499375304 0.158571844343961
-0.0901328894834807 0.0835167335903798 0.0899201238254956 0.0472773186499147
-0.0164218761994852 0.0919504284438456 0.0497323878312405 0.0282781000765953
0.0325201326631313 0.0923033971611883 0.0264536088169594 0.0322533993500575
0.0541140369832872 0.0784075788884795 0.023050426253365 0.0628448642569384
0.0596338934616996 0.0733479727384568 0.0121966026546425 0.0924224927468206
0.0254948629442652 0.0873260787797041 -0.0268779801841431 0.103064157771634
-0.0203013139951226 0.0917018436201226 -0.0972332565412779 0.077861395984783
-0.110151780414604 0.0577055077341082 -0.113703364383039 -0.00055899568806186
-0.12596104927018 -0.0378126524645399 -0.0592773571981545 -0.0635806842396767
-0.0425375542574616 -0.124246166375965 0.000683286791007429 -0.0271754790371085
0.0526985345903376 -0.144542982396465 -0.0549086758309889 0.106728464262552
0.0653296640926363 -0.0382362667806165 -0.0514952505837058 0.175007964184872
0.0391100641071468 -0.0893328817581405 -0.0995735419397434 0.18859294170091
-0.0447757099224478 -0.0841173578568575 -0.0416699975105828 0.188453772681515
-0.0932963336426852 -0.0184670271743955 0.0469021549281365 0.15343341550303
-0.0497156529660917 0.0505461988343702 0.0650909759559921 0.0759764028321894
-0.00289238921083721 0.0522176329393432 0.0462368825329018 0.0620775375622729
0.0231024925802421 0.0516212660045039 0.0405688881151405 0.0620415021583976
0.0370536946682604 0.0456942118170849 0.0377545498783474 0.0803191326771094
0.0421688742248946 0.0441354998319404 0.0264051337014055 0.113072449077075
0.0237864645588968 0.0590604752049583 -0.0201744294117758 0.124587726147979
-0.0111964201877651 0.0664859450195064 -0.0997177702797117 0.0974650571606247
-0.0811007839877387 0.0395519967066402 -0.120500849993917 0.0112777821399797
-0.0857355953388075 -0.0376279825368692 -0.0710024294050572 -0.0554623384626827
-0.0094501710667306 -0.093963455161073 -0.00273045668722302 -0.0165052636195163
0.0684232706033376 -0.0792098944755505 -0.0664141699211259 0.13064012911009
-0.0567941420438706 -0.00186004704807258 0.0575748058257214 -0.166174093362223
-0.00458533611122193 0.0464432574412619 -0.0224074836618685 -0.0130438164878173
0.0377588401701948 0.0293493531112378 0.0809457064652168 0.0746515319728557
0.0355364579458554 -0.024769552422155 0.149935942965133 -0.00533812845891105
-0.00453405515620342 -0.0309456511245942 0.122186528928919 -0.122061994057727
-0.0178355944238874 -0.0136548341142355 0.023484095461869 -0.170819565344867
-0.0121443722905538 -0.0111553640678047 -0.0447385421410495 -0.140549307479598
-0.00954977721488352 -0.00815655542507473 -0.0638941118245384 -0.0998034859629565
-0.00464894555145506 -0.00319339638983483 -0.0664065945227753 -0.0865644624283163
0.000721709606710098 0.000727096964386619 -0.0674447624033651 -0.089720399832957
0.0099397929722874 0.00213813732796166 -0.0621909283442705 -0.101485378686022
0.00861424494809256 0.0208941897144391 -0.0217740961469449 -0.148434193316829
-0.0176728129182086 0.0424165235091897 0.0479873517231172 -0.183865532022989
-0.0533260716423695 0.00529754242283276 0.0781518194903905 -0.164119101966028
-0.0621604625127335 -0.04116670564442 0.0391989201874995 -0.172892473987687
-0.0561544653043616 -0.0825400704894201 0.0768019489660178 -0.136319269508159
-0.0426464052729908 -0.0166975702715821 -0.0144526975820279 0.00910777449411916
-0.0299799850109826 0.00744949650400204 0.1010854485144 0.0982564949187631
-0.0236868507654807 0.00199904864942728 0.177611662500473 0.00502172452236429
-0.0211242367478897 0.0137718038983978 0.135267430320793 -0.128726631768735
-0.0134742119098066 0.02849499708575 0.0291455230873834 -0.174349198896486
0.0123760767664277 0.0329731786057655 -0.0476426663324991 -0.140834161544313
0.019419536849444 0.0329114641533462 -0.0644966942660976 -0.0907510380539392
0.0184012892506843 0.0426193737184244 -0.0711507030649521 -0.0745836161830502
-0.00588392485569308 0.0525577516743764 -0.0733882274076646 -0.0757091885081547
-0.0258790789178945 0.0465417499232403 -0.0756184772967488 -0.0889202378810194
-0.0652887432860433 0.0292693432745502 -0.0397689387163695 -0.135340772002575
-0.0800405645202774 -0.00273574341221524 0.0291736054218612 -0.170678065910745
-0.0671177569914756 -0.0702082797604852 0.0491263928132741 -0.148941498318193
-0.0446524149618844 -0.127769457495256 0.0175186375706962 -0.146804760324976
-0.0408319155793351 -0.153387451901433 0.0831130823457507 -0.0846297468840814
-0.0685622824824817 -0.0914514587966966 -0.0166087360332985 0.0484473138408359
-0.0995563810787844 -0.0283391680079859 0.111915495870105 0.138455241795239
-0.0940780168897647 0.0240323014701563 0.203697214291665 0.0335726271883915
-0.0453685016156087 0.061712864659325 0.151231499056142 -0.119472898474226
-0.0122988571394457 0.0720294024682288 0.0398786795303893 -0.161183818429716
0.0324884051987028 0.0756612367691445 -0.0407753242933072 -0.125862108730097
0.0453848443388918 0.0692087161009166 -0.0552543278754264 -0.0681333279422831
0.0432894571109828 0.0780813739032205 -0.0659440278466627 -0.0468357824274024
-0.00102622244134371 0.0930644458136474 -0.0754126899377865 -0.0437596665637737
-0.0421939304568768 0.0876480196901072 -0.0942160317384529 -0.0584490078024244
-0.116941084195445 0.0536149696953452 -0.0702119154373441 -0.112855849700712
-0.13419474535735 -0.0215531692696878 0.00105244782285895 -0.155907338548507
-0.088122769308447 -0.120948538890231 0.0234612484593395 -0.127464529808542
-0.0312540593695321 -0.191700171952572 -0.00623406857451431 -0.0988333255907768
-0.0126488466312248 -0.201982457863938 0.0737069772740204 -0.0150560602341683
-0.0731394380508514 -0.162479828046429 -0.0276166630926162 0.0989321096195762
-0.154457164094494 -0.0760110691475662 0.10425317118089 0.184481582173527
-0.162716107588097 0.032059275155088 0.212934609437595 0.0757205077919134
-0.0742653557084807 0.102461696248272 0.160535937966588 -0.0916943925153836
-0.0141835017665527 0.108396127083251 0.0519172304278087 -0.128287920945776
0.0454636973821361 0.109445203639078 -0.0268692613936148 -0.0960032455494931
0.0657522301259234 0.0941521498095861 -0.0385707617363505 -0.0360667053837082
0.0645433476009588 0.0980610405218604 -0.0503698935813541 -0.00889680926853012
0.0112634920062174 0.116054873364495 -0.0688630773952486 -0.00182752330882167
-0.0413667949245287 0.114711359296142 -0.105920797926688 -0.0173989375795011
-0.14082195698447 0.0792632628421368 -0.0963468022984968 -0.0801033124724848
-0.168004762406252 -0.022332677811305 -0.0266248075855159 -0.134427349027446
-0.104053514736488 -0.145381492890897 0.00737045197369206 -0.101411054628967
-0.0196521110863097 -0.226632386487134 -0.0235792585744229 -0.0399507305707272
0.0202177718444184 -0.216406122673075 0.0476374617157665 0.0603193905894025
-0.0529696630437796 -0.210052393797842 -0.0484598624892164 0.149625166942635
-0.175370966972397 -0.125042320375344 0.0750398450349112 0.222156887470006
-0.208899159191891 0.0194747406970017 0.194859473214761 0.12039676638984
-0.0997464058870874 0.122502864052965 0.153471672709829 -0.0469990560931593
-0.0179463997628908 0.128135857505446 0.059364634743668 -0.0802355038513235
0.0508798934014059 0.126879292518278 -0.00813468465688974 -0.0549275530241927
0.0755238511211628 0.10555708791656 -0.0163932401718339 0.000842331070862373
0.0773149060667711 0.10318533545743 -0.0277889012605889 0.0305371204252915
0.0233643630339021 0.121445694358155 -0.0541061762246264 0.0413594927300325
-0.0337394883969518 0.123755552312175 -0.107427097834918 0.0246598519140852
-0.143443744560824 0.0905500519911157 -0.111369355004436 -0.0456256225059716
-0.176954180524599 -0.0227407145618702 -0.0458549152521069 -0.109334337999759
-0.102518861669853 -0.151478705781972 0.0019596892448979 -0.0742210761993254
-0.00261004368455546 -0.230149262338184 -0.0342848861783545 0.0202953398872739
0.0486810568137118 -0.190939730846831 0.0121248204441288 0.1276539944002
-0.018184561125456 -0.215805828747282 -0.0742522332222803 0.188315514453783
-0.156612221107248 -0.151399563422989 0.032842546495082 0.236962871261268
-0.213240193174659 -0.00217582939095256 0.15196277587659 0.151674778327433
-0.108340006054798 0.11753196562558 0.12980942923162 0.00278428695078545
-0.0188616837910127 0.124885382299004 0.0591732825137668 -0.0239585896385931
0.0484151548798572 0.122537026204217 0.0116660324183248 -0.0089448575652173
0.0748165128340535 0.100311340200183 0.00675590444870532 0.0360090127584092
0.0779548647585615 0.0947672274309202 -0.00361464503927385 0.0672769318034851
0.0306407618866407 0.111605609608864 -0.0369594006566665 0.079680618898391
-0.024944586932252 0.116211430043893 -0.102896359237724 0.0614659804183605
-0.133447795988416 0.0851334127602462 -0.117681294009335 -0.0148281365578003
-0.164000838857845 -0.0262958289906373 -0.0582264469337644 -0.0840304648146982
-0.0822492889044469 -0.145703187559793 0.000172781527927263 -0.0492070801013695
0.0212296305945052 -0.205029617241272 -0.0425055661708862 0.073590196016031
0.064577761449099 -0.130045714832966 -0.0241076509841457 0.172994201491271
0.0143159717063185 -0.174237842825083 -0.0927420843513192 0.207219282206199
-0.110159489073798 -0.136972334056863 -0.00762722790847561 0.226704912757333
-0.172611623663431 -0.0155602176175983 0.100462685536504 0.162609047552833
-0.0892405098178232 0.0926467104531994 0.0969966575313412 0.0457054978088939
-0.0125364141367914 0.0980797193186477 0.054700656229514 0.027730654110514
0.0402062298035004 0.0960152758180904 0.0297969079418076 0.0338482659390049
0.0633913728707938 0.0791212208876343 0.0278107558481609 0.0654428460687701
0.0674096322672163 0.0741432931583482 0.0185074545707639 0.0973027050565311
0.031989273049697 0.090710831715752 -0.0223775451856319 0.110591451711821
-0.0171568302920611 0.0976402025765101 -0.0993425302516636 0.090053240161245
-0.113156350014232 0.0689163617182823 -0.121126855253781 0.0070302453764674
-0.134568198716685 -0.0331958198627242 -0.0681015216819129 -0.0648748958317321
-0.0507216778138201 -0.129032149668836 -0.000585029224022426 -0.0302409769451944
0.0468110314972945 -0.156190523287226 -0.0521198931748787 0.116049649355294
0.066646275990032 -0.0449767331088316 -0.048592230584115 0.188981934812102
0.0356446209395837 -0.0967447786139405 -0.0959898716642781 0.20557490156201
-0.0517625830443416 -0.0858767933389883 -0.0347326423606985 0.202574118214858
-0.0994878250951783 -0.0131994906706382 0.0585888156280466 0.158489310950886
-0.0485334413996638 0.0554343880654739 0.0722388471900151 0.0766720709770259
-0.000523290574879876 0.0547010316904214 0.0532362692251175 0.0637234238921241
0.027098516240714 0.0527418700232315 0.0462198163185806 0.0644386245543533
0.0423934966703337 0.0460613388723788 0.0445260699212313 0.0837143686585887
0.0465621331011757 0.0437033169466909 0.0352570317575139 0.118135098176261
0.0283728516646556 0.0605974224675152 -0.0139326545120797 0.132573501234177
-0.00775096712435705 0.0701398393083507 -0.1003084609124 0.109686450172883
-0.082787362747563 0.0471386996970932 -0.128239267873701 0.0193812245407954
-0.0922027133860764 -0.0342178919833694 -0.0794949313099118 -0.0558327986156834
-0.0143071639917887 -0.0982553139143876 -0.00391889136400001 -0.0184998276831139
0.0663409111477286 -0.0878117897808044 -0.0629070415806898 0.141479126333352
-0.0584205629205617 0.000747727064630671 0.0494142959289946 -0.17461502909828
-0.00197298575015138 0.0468568676024801 -0.025327280026978 -0.0110818235500965
0.0402169105036228 0.0272618043657454 0.0899363675127779 0.072921649947145
0.0340992719564644 -0.0277318250137242 0.155420120686789 -0.0154834929993329
-0.00663426766885421 -0.030002220699651 0.117963432210104 -0.133644054908073
-0.0187535394336888 -0.0112719368868777 0.0121877492012141 -0.176713058775812
-0.0129675359153027 -0.0104518666630423 -0.0563300540196101 -0.141800299908641
-0.00998272781736771 -0.00722724874602589 -0.0725445488042479 -0.0994430327971225
-0.00444415675342045 -0.00220014198140364 -0.0746612350137016 -0.0845806400186037
0.000684362522979925 0.00135694008049239 -0.0761374995978665 -0.0874228267554374
0.00981735769400253 0.00195495227419945 -0.0703223648894406 -0.100749444572981
0.00925177077565997 0.0214044596269294 -0.0316041206323865 -0.152354418119727
-0.0148858611033071 0.0437612069049522 0.0367064078552112 -0.193709888684961
-0.054143117300826 0.00722384020718797 0.0723635504720901 -0.173912458296621
-0.065934067424303 -0.0386935131481546 0.0327019281937124 -0.182658224929631
-0.0630333459751414 -0.0822762974895315 0.071444474315724 -0.145072115886101
-0.0452303497272409 -0.0161009061991791 -0.0158564377358459 0.0111919198442987
-0.031622659211776 0.00924460570046047 0.111547262265733 0.0957074976821864
-0.0257773220312446 0.00477024839306739 0.185076906799858 -0.00663075979086216
-0.0221182645528703 0.0164988655414937 0.130983884457493 -0.14064173899339
-0.011581282073357 0.0320859585665795 0.0175741626520708 -0.180836623871653
0.0155730816243122 0.0338590959802843 -0.0582488912321322 -0.140834691841479
0.0233467906115834 0.0329759510474572 -0.0724364533387738 -0.0893797508531576
0.0224464300332084 0.0435129508411066 -0.0784279565820775 -0.0713687845589977
-0.00257623479903889 0.0554425460963904 -0.081493602132228 -0.0719474691752681
-0.024112721620324 0.050076246578209 -0.0837965181421644 -0.086004797626079
-0.0672442472888705 0.0353093005131991 -0.0503378120613822 -0.136979809622747
-0.0825961408019653 0.000775198252070917 0.0176402290738151 -0.179149071591902
-0.0736332493202121 -0.0706140284989661 0.0427598099455007 -0.157602919314737
-0.0532240611099914 -0.129717997379858 0.011147527620416 -0.153999241632451
-0.0509088518839264 -0.156863054579724 0.0802711562467102 -0.0921925444913537
-0.075971221150882 -0.0916380040956396 -0.0145987647190651 0.0513734266215819
-0.105557272281592 -0.0233857256096841 0.125107116909696 0.137054747985175
-0.0975662536930946 0.0322441115192434 0.21373487469359 0.0212913502253983
-0.0437615050577977 0.0677605219515446 0.147580381607334 -0.13175715835678
-0.00762126347154657 0.0771031826653361 0.0300365840213966 -0.16788643627815
0.0388335118062106 0.0765552940556975 -0.04999418034847 -0.12522536589042
0.0527430835606882 0.0681229683825535 -0.0612260906207381 -0.0663145639958163
0.0502275503698857 0.0779050184814964 -0.0706182447185862 -0.0422401295206603
0.00561892758961115 0.0973145858140795 -0.081274384936137 -0.0386180297055804
-0.0385351019532164 0.0932294072416411 -0.101419285179387 -0.0527734060303693
-0.118693549955495 0.0643255158631405 -0.0800449044965024 -0.111523452181021
-0.140397556892575 -0.0146025651900817 -0.0111477361873349 -0.162459895979403
-0.0982278941768374 -0.121799624660663 0.0172645660707669 -0.13399719109605
-0.0438456117322688 -0.196606337410739 -0.0102332390619635 -0.103037347203621
-0.0249389295965271 -0.208881250053545 0.0740895563706672 -0.0196406605069228
-0.0850724016266826 -0.164969222182455 -0.023550173148112 0.103921249077661
-0.165447027756543 -0.0697754179924547 0.119785358178761 0.185593217526765
-0.167893655143781 0.0455772830014826 0.225703790090625 0.0645522203313706
-0.070695071315792 0.111013004027969 0.158899719925587 -0.102432877953712
-0.00710267909076614 0.114763910051981 0.044952700644981 -0.135422614009059
0.0549201539443669 0.109783759587553 -0.0332616699885249 -0.0946700488787479
0.075535253604447 0.0921554232562018 -0.0416068455927189 -0.0341740358884446
0.0735923726049343 0.0974004420356075 -0.0516567967809901 -0.0044387777397038
0.0201105077117894 0.119732046817428 -0.0715088154001266 0.00427352724791986
-0.0356683501996949 0.122009636551454 -0.11045706185758 -0.00914452232185346
-0.14113851097301 0.0926201332275355 -0.105472370426975 -0.0759863283086439
-0.175777918106561 -0.0129313697135323 -0.0384551176281901 -0.138161810902752
-0.11600666910566 -0.14550782971098 0.00140908040821234 -0.106212285116109
-0.0345787451288258 -0.23326332986862 -0.0253768536524063 -0.0408799119297862
0.00845650694938388 -0.225817313604063 0.0513562597963016 0.0599882744992989
-0.0672813880881991 -0.215254288479208 -0.0426630140847547 0.15747532528258
-0.1900492515966 -0.118618183326064 0.0919222015950056 0.225611357350788
-0.216203999206017 0.0356382414204559 0.209812754335176 0.11121542416586
-0.0953874463993635 0.133549342332288 0.15473917066311 -0.0568895756845638
-0.00996006405312157 0.135031222212731 0.0560403630374146 -0.0862206679828044
0.0613163679661772 0.12711902902 -0.0117300827182713 -0.053288202406899
0.086976715244183 0.102948494353379 -0.0166568748364011 0.00206465820507082
0.0867317852102381 0.101619999280211 -0.0257611215642901 0.0346989163559664
0.0327772930667482 0.124198854577931 -0.053415330162646 0.047184007110476
-0.0273294093761447 0.130341221197201 -0.109465448619278 0.0351424653259836
-0.142937743057928 0.104240416444809 -0.118938795680932 -0.0387598863968518
-0.184248385465471 -0.0119607067937075 -0.0566720574655185 -0.110444314041192
-0.114276798021792 -0.151182140333432 -0.00320742574318857 -0.0780537065143394
-0.0178563612813732 -0.237330827157715 -0.0329057765638021 0.02218098509346
0.0397312797087191 -0.200794919450488 0.0183186755831119 0.131239485324959
-0.0316781590547001 -0.223274420378897 -0.0660666901878731 0.198602954787953
-0.172118707471537 -0.146536505439801 0.0486686074751509 0.243296883749687
-0.221271691413768 0.013227561808407 0.166702769094242 0.144985778597834
-0.103863899856562 0.128351578606999 0.132198037414376 -0.00441579136995854
-0.0116681582153976 0.130442626116226 0.0601580142391251 -0.0282404485949807
0.0589660337879775 0.122670469545421 0.0114853597590443 -0.00780273662641405
0.0852739475297401 0.0973270251154961 0.00992740483059576 0.0371935619921121
0.0870518027891175 0.092719002278976 0.00175866902684553 0.0703480775647817
0.03957235356791 0.113111225026953 -0.0332627429916439 0.0846730236505791
-0.0184190043844599 0.121674085305111 -0.102007977774721 0.0722589231917913
-0.132539449724527 0.0983894094393634 -0.12292968605807 -0.00650358738938274
-0.171237958126514 -0.0166498008658805 -0.0676338019464672 -0.0842422327839416
-0.0931385538270084 -0.14605102040622 -0.00342922213718232 -0.0530815552160972
0.00807597455644401 -0.213165823815323 -0.0384997721314972 0.0781154025742103
0.0590553486939133 -0.139322251945144 -0.016757266963185 0.181543890230758
0.00396869125575545 -0.181894678033356 -0.0842931289390233 0.219417436171317
-0.122620734826591 -0.134398479877673 0.0052420382841636 0.235255129844662
-0.179514528914331 -0.00314797310348865 0.113875215609076 0.159497707248153
-0.0858372987425577 0.100336878945827 0.101546901519914 0.0417604223656554
-0.00715193331094198 0.102422987058939 0.059091615348042 0.0246171961988885
0.0477262011946266 0.0956419442697484 0.03305875134249 0.0346758165626372
0.0714496311213738 0.0766145053785615 0.0335616881212814 0.0661679212943214
0.0734157442940374 0.0714521995679983 0.025949803618636 0.0993081432041937
0.0390965140101298 0.0907354922049752 -0.0159967504332918 0.115639516066495
-0.0109828664761443 0.101547093194222 -0.0963570634444304 0.100699544986222
-0.112052538184722 0.0791430482178857 -0.12517127009595 0.016239625979105
-0.141115823289273 -0.024711726711457 -0.076146916987495 -0.0632123948236994
-0.0596663160085872 -0.130096785345583 -0.00323461699188717 -0.0317723632341361
0.0370358513811296 -0.164419974841593 -0.0460870935208125 0.121983392815333
0.0658383108037664 -0.0521301011564525 -0.0415033412816288 0.200130159359553
0.0302604917054761 -0.103219935907421 -0.0880925981552821 0.218535394738051
-0.0585070806714495 -0.0848615074154973 -0.0243880098685885 0.211853512785253
-0.102975104519561 -0.00612652546625085 0.0705861206994942 0.158650496495655
-0.0454754402011856 0.0591735553090623 0.0784288755316695 0.0743899051433167
0.00273812466026557 0.0556929773294298 0.0596537469553115 0.0622786142327016
0.0317604931720365 0.0514479260795434 0.0517074367309292 0.0635371537216947
0.0467439257793517 0.0436442578604971 0.051406606981144 0.0837008568997147
0.0502216752202344 0.0412873798594604 0.0444222344528791 0.11946662385505
0.0340682268865955 0.0596408456440403 -0.00653393522633931 0.13705002722359
-0.00331649192884282 0.0725869439114315 -0.0958190840332167 0.120858226662309
-0.0818675067606858 0.0551374111052505 -0.131600261009492 0.0293491749725061
-0.096310937960698 -0.0290164957819502 -0.0868524443725178 -0.0528798600339535
-0.020376997772024 -0.100091137984336 -0.00546858350722816 -0.02005391051664
0.0617269723775497 -0.0945251542794696 -0.0554082416202446 0.149724438283674
-0.0594283233505651 0.00280004720665338 0.0427512536000871 -0.178423741131484
-0.000833039757813083 0.0458301715476054 -0.0267349794325369 -0.00849642244124542
0.0409638353197364 0.0257087744625844 0.0962849265649292 0.070338515757894
0.0319658106874382 -0.0288584310237806 0.158091366824447 -0.0237043553209528
-0.00796835838385112 -0.0284764536242501 0.113371995502678 -0.14138847711278
-0.0188580784531685 -0.00901572679577634 0.00283424740445972 -0.178463899048451
-0.0134671119442985 -0.00915001131506617 -0.0641784156062536 -0.139878885007515
-0.00989894258362308 -0.00615358433445692 -0.0781581974389296 -0.0973313125813212
-0.00411060412436005 -0.00108282699308128 -0.0800339528981985 -0.0815488987228423
0.0011058593680828 0.00220290088685776 -0.0808001457935613 -0.0839646220771037
0.00957479074693632 0.00134216916023529 -0.075123304956993 -0.098677766144557
0.00967752340447513 0.0208469452476879 -0.0396337833018512 -0.153414411543302
-0.0128436359370176 0.0433205575785933 0.027154503959874 -0.197425916016978
-0.0554341752846014 0.00767761203398979 0.0681687488924597 -0.180283806216212
-0.0678105812562327 -0.0363949722558553 0.0274275027742358 -0.188886881696936
-0.0673186328813459 -0.0816706350489421 0.0662242770634091 -0.149510282872652
-0.0471265239330573 -0.0161698161884755 -0.0165579742545701 0.0131116269561454
-0.0329003331405912 0.0106512742357202 0.119802195430267 0.092538609195062
-0.027294139555292 0.00706160648404084 0.18841474730965 -0.0151408890970326
-0.0213265168575637 0.0193003693757383 0.126257734541821 -0.148126696843481
-0.00934896351002329 0.0347465459649461 0.00835507896839721 -0.182576946297885
0.0176451813421853 0.0336400858456292 -0.0659827347514416 -0.138070505939434
0.025777665543763 0.0324871662417002 -0.0768262239019141 -0.0868083821615867
0.0257545893562257 0.04345630039796 -0.0830547630717664 -0.0675537627541863
0.000697898102101348 0.0573360572997348 -0.0860707473983263 -0.0678813813167368
-0.022834052380325 0.0526180648218516 -0.0884845254352804 -0.0823411226971958
-0.0673164814703534 0.0397332091444369 -0.0572807728045446 -0.137101441538702
-0.0834317912862786 0.00302996197781726 0.00800432310295227 -0.183039304969532
-0.0779169492930672 -0.0705466478991698 0.0382412101384657 -0.162341142333958
-0.059036050414664 -0.129180743691157 0.00700000466575799 -0.158784477728036
-0.0584010560869985 -0.157260769459233 0.0779438225921115 -0.0961756501470137
-0.081587214595715 -0.091366759312666 -0.0137122839108041 0.0535291298375405
-0.109563550036133 -0.0193474813198748 0.134479172591079 0.133970534555796
-0.0983882226774674 0.0392558254766161 0.218692502289704 0.0113052739962374
-0.0421830239669618 0.0721100804725319 0.143914998618413 -0.13913944594503
-0.00345079006385661 0.0801417063504947 0.0219849453508374 -0.170639677732438
0.044197520543407 0.0755076428466722 -0.0562569731246229 -0.122322113013752
0.0580556319088141 0.0660889473337511 -0.0645088628118652 -0.064214964264066
0.0554437641681933 0.0772344342412082 -0.0731615043418808 -0.0378680474614635
0.0107060333211601 0.0993494068193043 -0.0844157967775783 -0.0335909954933301
-0.0353896509956763 0.0973196570372567 -0.104799231527168 -0.0472607421326228
-0.118460316379479 0.0720166854681458 -0.0867943365093281 -0.109618914054409
-0.143372606119473 -0.0102585827630956 -0.0210921550257992 -0.164097421208422
-0.105238484021881 -0.120969357465989 0.0126687580423637 -0.137651166430144
-0.0534766173584177 -0.198315128208208 -0.0132267467796286 -0.105624280137561
-0.0334964434014601 -0.211766603553455 0.073835531787814 -0.023088652893677
-0.0928461856931696 -0.165222881736615 -0.0203924479251379 0.106249681104764
-0.172063574463815 -0.0635599041706467 0.130884974233017 0.183197806459647
-0.169203127902114 0.0554485133074048 0.232489881077419 0.0543144038512576
-0.0675005610914844 0.116466709832566 0.156718794794733 -0.11010166545964
-0.00145047900125793 0.118196225791227 0.0387185009706765 -0.138235734687931
0.0615441279528967 0.108479744758845 -0.0375979050462526 -0.0923956815728789
0.0823304424288067 0.0892426281766549 -0.042913326417133 -0.0326447267726867
0.0800922012481063 0.0953824122273138 -0.0521068926092664 -0.001073999274519
0.0263757838475238 0.121214565008125 -0.072123920628227 0.00890623376954276
-0.0310510577066023 0.125771090385795 -0.11181859763352 -0.00216835372023584
-0.139522083563866 0.102549524375437 -0.111055370942392 -0.0713288817392279
-0.179353461576305 -0.00610427856327028 -0.0478465944057287 -0.138574073719615
-0.123769995450961 -0.143473614279087 -0.0025276607141405 -0.109032021103222
-0.0460195000559928 -0.235611171745897 -0.0257008548325923 -0.0413719265377181
0.000632035621285589 -0.229960350670801 0.0534445131740844 0.0589731261723556
-0.0769509726465063 -0.216976484079224 -0.0379153772988332 0.161591210948044
-0.198947158540598 -0.112280639218348 0.103610388701774 0.225345058904948
-0.218039118617663 0.0481181940080253 0.21837390295049 0.102671558550669
-0.0913015060147838 0.140092779870027 0.154037558945755 -0.063046031541817
-0.0035971756057303 0.138473839253771 0.0528951162837679 -0.0892365620880509
0.0685925283600219 0.125480098849152 -0.0133489338461253 -0.0511728728776975
0.0939911303267068 0.0989208526299236 -0.015871047449187 0.00291453588956511
0.092968382217396 0.0987188312610538 -0.0236745529727594 0.037261660174113
0.0394732914137922 0.124496115303053 -0.051618888609297 0.0518407543319935
-0.0220582584354781 0.133710949196977 -0.108785305109296 0.0425069216946727
-0.139901965094133 0.114539667747683 -0.122722588742419 -0.03263404461553
-0.188021405262631 -0.00386828192768796 -0.0653503411972715 -0.109916082438867
-0.122770619802646 -0.149171409552894 -0.0067571060141299 -0.0799849478444208
-0.0290824583616722 -0.240177219229543 -0.0308212772510717 0.0230598566334187
0.0315528376679355 -0.206999418769212 0.0221953186668403 0.133554858463082
-0.0418469274183364 -0.226449222317237 -0.0591387445405226 0.204638298014675
-0.181650475466363 -0.140786532136476 0.060605721893747 0.244914060408508
-0.224151273799776 0.0254238563819584 0.176091738459953 0.138745564952974
-0.0995512348708137 0.134150912262995 0.133284683520439 -0.00862085644079451
-0.00528222779073771 0.133603906876363 0.0600415846232917 -0.0311126161225266
0.0654296612650813 0.12039061957167 0.011939328777909 -0.00621911488320421
0.0923893325065784 0.0935518706606465 0.0121802623974496 0.0377534199124264
0.0925074689544893 0.0890644914414337 0.00573945041351619 0.0716216569122373
0.0456661969648188 0.1122818256025 -0.0294541538560117 0.0881876104907165
-0.0129089647087109 0.124209348569262 -0.0995315191355998 0.0800228287904189
-0.129130494424007 0.107368921614858 -0.125519762682572 0.000376512534992733
-0.17375387348432 -0.00846760479946757 -0.0747516451720919 -0.0825981430012482
-0.100874140888122 -0.144506431040055 -0.00600678363403003 -0.0545591008549066
-0.00277923012182358 -0.216204369114578 -0.0348238579991133 0.0802555335965689
0.0528943421058821 -0.145314839471454 -0.0116342232097916 0.186341097152615
-0.00451745815738118 -0.185632416422893 -0.0769796329764239 0.22675823241756
-0.130590728980555 -0.130961608143154 0.0159249300624969 0.238917312453898
-0.181479656591504 0.00589863211593064 0.122574454632392 0.155372371238872
-0.0819304549691291 0.10518742160477 0.10391871646626 0.0380200941889955
-0.00230912156190863 0.103889486626032 0.0612398223764258 0.0223621488546917
0.0535218103746406 0.0932503090483757 0.0356118067013148 0.0347906803632877
0.0768370027462396 0.0729707006270164 0.0371820204943756 0.0654858597535528
0.0776868361403384 0.0682075883868757 0.0317705039422809 0.0996977717751231
0.0442827664822972 0.0894090504179157 -0.0108800428186922 0.118177019544306
-0.00662633763843381 0.1028107741493 -0.0920584287230565 0.108490056956654
-0.109348215992021 0.0872043824021302 -0.126714793548279 0.0235400462335833
-0.14290506019412 -0.0182208608662793 -0.0823291345875887 -0.061763593166293
-0.0658275558827504 -0.129604713552621 -0.00519119147010239 -0.033441771333933
0.0287845960537981 -0.167743551843772 -0.040362946954173 0.124744726067775
0.0636038744359379 -0.0566362898034379 -0.0364582227248577 0.206550449065194
0.0253779268541371 -0.106136559473934 -0.0808060269156762 0.226391542049782
-0.0627190411179962 -0.0829756361301507 -0.0151924462458404 0.216563815864774
-0.103595837497784 -0.00105325848819504 0.07893122909703 0.155895737889206
-0.0426901984573105 0.0610371838781938 0.0818093860697074 0.0720157654857597
0.00487317093066607 0.0555818039820645 0.0638278748985934 0.06015866654994
0.0343962632001068 0.0496678003560954 0.0555638219262098 0.0627634202160787
0.0499121540962585 0.041144293136301 0.0558719873854471 0.0825167324920096
0.0527798948493828 0.0391371287827602 0.0508517202801492 0.118630331111256
0.0371211124739298 0.0582841770291005 -0.000628539018219488 0.13864096068993
8.01537296987028E-05 0.0730121610449624 -0.091240222561387 0.128375776336082
-0.0790675473300465 0.0604032267623864 -0.132364812589086 0.0363396409653958
-0.0977758375697964 -0.024088116970901 -0.0918654682269144 -0.0501313812619189
-0.0245445883325569 -0.099998176449217 -0.00666302656228318 -0.0216756912681073
0.0567735395030387 -0.0978100504479798 -0.0490740118617288 0.153476350347296
-0.0608020486016479 0.00356693433010171 0.0397390400516695 -0.1826017775729
-0.000796506903186406 0.0456399991097038 -0.0273970546205822 -0.00630724303207804
0.0416463859443437 0.0251064868006131 0.102382885070891 0.0692411852558949
0.0307050991235909 -0.0299210777031488 0.161286213971757 -0.0282537258984947
-0.00876535393485982 -0.0274748935184697 0.112552173620299 -0.146900975492621
-0.0190272603361459 -0.00721824672032153 -0.00143539733016907 -0.180712915127044
-0.0142016955652952 -0.00795995894746996 -0.0690584835443877 -0.140483392449698
-0.0100034488759365 -0.00550034039065143 -0.0819343429778322 -0.0975541497178477
-0.00367141528757226 -0.000347676190173297 -0.0837136922156329 -0.0806895713499007
0.000920360950621858 0.00288924895055327 -0.0849541355140394 -0.0831146911127807
0.00882759638400828 0.000832412476750165 -0.0786739782550601 -0.0989561457689412
0.00990799891729002 0.0215154768827946 -0.0437785443962023 -0.156883875930982
-0.01182820596029 0.0428813030618623 0.0219126495736477 -0.201092547477856
-0.0569811633150725 0.0077579396264442 0.0677441993423916 -0.18553209026578
-0.0689439026602288 -0.0353761966236534 0.0264715054551265 -0.195625563889618
-0.0709789605742719 -0.0818358626503943 0.064652919569321 -0.153835398121624
-0.0490322969467516 -0.0167483141152721 -0.016727739458897 0.0148514145841463
-0.0345156030451662 0.0117994083741468 0.126026821402369 0.0919875589365349
-0.0289887199203179 0.00891871353945888 0.192511609944788 -0.0205743346277562
-0.0217271485666348 0.022263948617587 0.125720773279657 -0.15410794023267
-0.00815530076959264 0.0372244204019579 0.00366088031282923 -0.184952006485618
0.018903669691249 0.0345293200891561 -0.0699050211338155 -0.13748853778071
0.0281884902557464 0.0325924532052854 -0.0802124131764287 -0.0865647603324062
0.0280582949844611 0.0446254336931286 -0.0854988912585975 -0.0654296127689852
0.00227789979018031 0.0593482393425467 -0.0892102416058982 -0.0657415653061782
-0.0226755463631206 0.0545171773727723 -0.0915816806182135 -0.0812910665225602
-0.0685150166768385 0.0431316862730304 -0.0618874096283496 -0.139106555282754
-0.0855492520963847 0.00346465315784083 0.00230301659104316 -0.186456361033542
-0.0815542866706947 -0.0718316885358473 0.0370576520788579 -0.167191156986038
-0.0625558534032999 -0.130487185994784 0.00636167916062529 -0.164027675097641
-0.0626475086618959 -0.160221552500153 0.0771730110878478 -0.0998682778089147
-0.0848705074617106 -0.0926279059581833 -0.013427229575098 0.0556174924668506
-0.113169002190745 -0.0173456388933301 0.14178241605178 0.133922816089427
-0.101119398444754 0.0436086035210611 0.224637439887332 0.00536881971092182
-0.0418405394579327 0.0754491445000522 0.144521246527883 -0.14406783234912
-0.000524376041657693 0.0834077910856637 0.0179908987074526 -0.173229945230883
0.0465573549082765 0.0762775291485059 -0.059112127209845 -0.121369622007699
0.0621356589358806 0.0654350079823386 -0.0668079229638592 -0.0638470478017383
0.0593187816919236 0.0776894159965796 -0.0741988860018252 -0.0358342438184695
0.0139942709922261 0.101666624357405 -0.086574134976842 -0.0305517349393122
-0.0337417014013156 0.100828686857297 -0.107274428123248 -0.044385086521359
-0.119975447339545 0.0784560916125855 -0.0910281871065854 -0.109634389965497
-0.147141997821468 -0.00807653807726565 -0.0271884783747534 -0.167112062983345
-0.109999867369073 -0.122941940231991 0.0109825970442552 -0.141846404314011
-0.0588175157963967 -0.20101479674546 -0.0133595280615544 -0.109073383295425
-0.0380772413493713 -0.216231912224186 0.0741999655419073 -0.0242564214698069
-0.0981532870135334 -0.168600090049992 -0.0193805380968401 0.109647086597677
-0.177637896206618 -0.0615740108424278 0.138880324509261 0.184190101253667
-0.172188131709626 0.0622725042940252 0.239094526552767 0.0492478035093562
-0.0668648279243114 0.121751385561572 0.157947241838723 -0.1141733738489
0.00217573218115998 0.121928558381734 0.0363119924603666 -0.141603459794381
0.0659781593722418 0.109072173576278 -0.0392234975311817 -0.0910716344090249
0.0875722454528573 0.0884979972406866 -0.0436962060367389 -0.031731348718273
0.0852550295334889 0.0956898639450489 -0.0518787163354079 0.00125686053342048
0.0306188827761944 0.123930846227298 -0.0730023375605082 0.0124504796126607
-0.0291173512507392 0.129919577372159 -0.113648281303593 0.00224398956410852
-0.140323086398779 0.109796697806367 -0.115623870818261 -0.069628530650993
-0.183351932543964 -0.00240705855445983 -0.0543389528499247 -0.140605635585263
-0.129578776507817 -0.145107147371835 -0.00479532893531978 -0.112138299835441
-0.0519289037767004 -0.238917492748024 -0.0254863724325997 -0.0433260419462132
-0.00489818043005051 -0.236347315738881 0.0544163801949812 0.0601305986796294
-0.0832467611165987 -0.221634362056179 -0.0360007634280052 0.165649868037298
-0.206502338692785 -0.110041209200662 0.112075589048803 0.228218252676869
-0.222383073529819 0.0552519438630577 0.225248148334455 0.0986403230756704
-0.0902217709386356 0.145291290874466 0.156003071963969 -0.066532586188204
0.000361910537358104 0.142372872608959 0.0520136888549338 -0.0920146264882304
0.0739367045133073 0.125501529976789 -0.0134843253651744 -0.0501406165125035
0.1002044600066 0.0974380794141802 -0.0154216286182941 0.00395507617803378
0.098149907020154 0.0981653368711147 -0.0219666691102117 0.0391666523246169
0.0435561221727844 0.126442712286567 -0.0511394723268203 0.0549448484585773
-0.0194442741196223 0.137332629135272 -0.109154621863404 0.047796697787297
-0.139890384288084 0.122452004006227 -0.126339541312147 -0.0293373681006795
-0.191684104693895 0.000600145731761419 -0.0718236814575933 -0.111111197582755
-0.128333207244547 -0.150427521495134 -0.00875985129883409 -0.0827352125042934
-0.0358745490627598 -0.244104921695515 -0.0300845466995258 0.0227960787019363
0.0276561656285348 -0.213291241378891 0.023143278377092 0.137100507770974
-0.0479640956468251 -0.231744440020604 -0.0570388613224249 0.209363219143813
-0.189499386818882 -0.139701622401793 0.0671811380263374 0.249555746934896
-0.228047299830294 0.031953057601108 0.18221221093603 0.136122194407962
-0.0985881109032718 0.139770805264877 0.135378387255206 -0.0111524215578479
-0.00218350699345756 0.136663429947602 0.0606471535704286 -0.0333323965573673
0.0703370534185208 0.120165488675054 0.0132787208884322 -0.00486738676032269
0.0979487096109208 0.0918940249657557 0.0134182255259918 0.0386222486442846
0.0969484199063536 0.0880173831954734 0.00867031572918705 0.0730010817820268
0.0492915569736627 0.113643932661555 -0.0276077795814248 0.0916695500839472
-0.0108659199970034 0.12703528502159 -0.0988137124662522 0.0858584920139989
-0.128850173367585 0.114324768861727 -0.128422482187535 0.00397821565393873
-0.177636024577748 -0.00449321968234072 -0.0804504344146736 -0.0827612581213213
-0.105612101558285 -0.145699277348986 -0.00780216288384688 -0.0569073769652647
-0.00845009329550082 -0.219503015790272 -0.0330876027126494 0.0813491163927614
0.0504356003798207 -0.15070178026234 -0.0107873454757659 0.192265919221443
-0.00902794614754585 -0.189839579526368 -0.0748759146261012 0.233359698241597
-0.136922506109169 -0.130011956648621 0.0214972119617305 0.244243116051599
-0.184634071744833 0.0114506463529518 0.128041035722234 0.15461745777894
-0.0809029408785216 0.108715175868103 0.10647678786508 0.0373722016879375
-0.000413290726449222 0.105224127749053 0.0635986741611033 0.0216069923552261
0.0569305816962172 0.0932770257714062 0.0379058528642122 0.0360254190320598
0.0806054447342861 0.0713936853123227 0.0398540402672376 0.0665718219939497
0.0815492165655207 0.0673280937571537 0.0351232258323339 0.100817047923137
0.046999985760166 0.0898897738407712 -0.00823256453566529 0.120986837415999
-0.0045959896492628 0.104526357011822 -0.0912613529504183 0.114279974310531
-0.108468646572645 0.0928155695230487 -0.129117723096548 0.0277773249431793
-0.145494141302435 -0.0147442555685777 -0.0871474266708098 -0.0610146040097233
-0.0692962791682808 -0.130385055366408 -0.00634158997830334 -0.0354988207571711
0.0245031336770127 -0.17133230043 -0.0383515487075688 0.127265174548981
0.06207619426599 -0.0599810304868658 -0.0357109677890161 0.21376648964425
0.0227274787061028 -0.109113476587248 -0.0787781974478426 0.233036981464475
-0.06597456891797 -0.0830943489271978 -0.0110217443674661 0.222032750230567
-0.104915583484832 0.00230732574485542 0.0832238338630057 0.155977224405668
-0.0417114468437237 0.0621259700396346 0.0846385930380781 0.0720805576908701
0.00580289191514329 0.0554534679390777 0.0667729141929446 0.059648032921811
0.0359450925406701 0.0489973287429906 0.0582179028677633 0.0632217000396783
0.0523599634319702 0.0398605574913765 0.0586541549827437 0.0836862233829635
0.0542244044309984 0.0381920596869455 0.0545984465760462 0.119299240469296
0.0387456873507939 0.0571882081035554 0.00286460843686638 0.141433734042347
0.00132490099718552 0.0736374137585081 -0.0898582139639475 0.134346420981724
-0.0780353202436706 0.064231493884479 -0.134739382341294 0.0407730651060848
-0.099264698435441 -0.021961353947032 -0.0966258401170024 -0.0493580004511306
-0.0269952202964237 -0.100935965336502 -0.00743118560345311 -0.0230839128374619
0.0542719826451081 -0.100080537333744 -0.0467537030502269 0.157008094778995
-0.0599332684961396 0.0152345734317674 0.000402149842290282 -0.205509002819544
0.00783024243056401 0.0452641146753118 -0.0314490425663854 0.0013776033622316
0.0467684030011917 0.0152646146687852 0.123382263223282 0.0537067103721367
0.0241070616194683 -0.0375338944186549 0.166218700801273 -0.0627716930344275
-0.0144545667779995 -0.0271820111909519 0.0869220300597638 -0.178628387339812
-0.0217348105755815 -0.00324387277968109 -0.0397111848419668 -0.187080251866743
-0.016925608359706 -0.00455647961595374 -0.0993626066828943 -0.131136156230213
-0.0115580065042709 -0.00367565718943132 -0.104756265719569 -0.0830389975491752
-0.00391472952826403 0.000444424293835448 -0.104261556822333 -0.0662177754672999
0.00123686810521038 0.00242613464028259 -0.107624558062887 -0.0681489882655323
0.00763899515918474 -0.00172706938208606 -0.104161227255148 -0.0860863296612893
0.0149590662318497 0.0171872985320222 -0.0829928348992752 -0.154486405326053
-0.00128303840652593 0.0411047489913581 -0.0249174471962569 -0.21603733128582
-0.053801682805057 0.0184444445275333 0.0325497014037842 -0.21440360612524
-0.0758049911285452 -0.0241110229266202 -0.00653392128051584 -0.214316448838172
-0.0858927852366988 -0.0672457466406038 0.0360541931465202 -0.184043120536049
-0.0528250264285636 -0.00685368402447036 -0.0153045937878261 0.0174204771598319
-0.031332399283082 0.0189707356646657 0.149768645810588 0.0665502607681733
-0.0256026126894579 0.013801369788683 0.196320850275009 -0.0640958519818163
-0.0177218702571224 0.025058583942194 0.0967951904353838 -0.1868052492996
-0.00153234728237604 0.0399437955320452 -0.0367458479526498 -0.190954265768694
0.0259308808126416 0.0302369496120195 -0.101128819581903 -0.124264613699938
0.03450906160585 0.0269223019248304 -0.10068535933348 -0.0717655399598363
0.0367815222580929 0.0388776649358795 -0.103050255153997 -0.0501845055127401
0.0140683993348225 0.0592672463647246 -0.109284357547212 -0.0496508603523256
-0.0133221035378693 0.0576846170210178 -0.114271483537272 -0.0645927561577354
-0.0595127435759452 0.0553865204030219 -0.0973018167783135 -0.133537125798165
-0.0830852750795107 0.0179506941291689 -0.0396692396010548 -0.199921153472838
-0.0962597878561297 -0.0578105082149172 0.00797148718729519 -0.18432811207512
-0.0901349500108203 -0.12289989479104 -0.018709052830877 -0.17168133735629
-0.0932118051369478 -0.146427568639394 0.0652162655266764 -0.132478091041401
-0.104487441029698 -0.0750622736564462 -0.00167981872535941 0.0557582132013795
-0.115574440963438 0.00709833359705864 0.172874645139877 0.100627820256079
-0.0879386354672402 0.0647782449209944 0.229342335275547 -0.0475547220612947
-0.0260864733354291 0.0828144093625893 0.114480126121149 -0.178678861028488
0.0158533366675257 0.0845354037105124 -0.0209273157653301 -0.179405997430468
0.063058897231369 0.0647927756929416 -0.088491729835323 -0.106170335205597
0.0757125860160763 0.0531438517668363 -0.0817363643763218 -0.0509589790630512
0.0748805188852194 0.065848359006436 -0.084996342033262 -0.0213759393534022
0.0344036810993325 0.0998359890408125 -0.0996973650022832 -0.0136086823392404
-0.0159327146443854 0.10615244455419 -0.123142470717018 -0.02244301288967
-0.104154304431329 0.102045794759225 -0.12170485248108 -0.0972390462958348
-0.147349816442925 0.0196816256179396 -0.065931528800464 -0.175558771656459
-0.136867152954855 -0.103435148823298 -0.0113479258477444 -0.151040372076447
-0.10207352447481 -0.195644379155661 -0.0259472675949872 -0.105523662870542
-0.0799491904398095 -0.206088597654749 0.0809795400176221 -0.0525544007821992
-0.133355851180504 -0.147217255785602 0.00565640937582631 0.111080034158984
-0.188722084412687 -0.0224402067037171 0.180498790987658 0.147387714948495
-0.154172406429639 0.100015841078147 0.249447604782944 -0.0108957966146845
-0.0415076353886618 0.133659178578089 0.13149633102673 -0.149040523810532
0.0263835601049987 0.122331817151524 0.00245073188104617 -0.149135366501889
0.0895959690484273 0.0927463882654575 -0.0639070180040071 -0.0764630033290003
0.105600316646788 0.0707298969803674 -0.0516654660446993 -0.0228231233452117
0.103620762429709 0.0781507013970162 -0.0536490546268413 0.0116591670751312
0.0554351281113623 0.118722815474529 -0.0765528973241746 0.0286280802302126
-0.00515772956858679 0.134117622387006 -0.119467936364923 0.028220370862722
-0.118361394495296 0.137749110614973 -0.138098312009834 -0.0498298998973537
-0.183041779004224 0.0326690747334175 -0.0890253289701268 -0.143110983975562
-0.16227639679675 -0.121894332054015 -0.020407592316543 -0.115971446608702
-0.104346718957443 -0.234524329868526 -0.0236517686861219 -0.0319662085948991
-0.0513067534749135 -0.232504574880171 0.0799959310902431 0.0418786850238329
-0.129611399806213 -0.203951112937207 0.00240152983754023 0.17239820634237
-0.227092478577946 -0.0635702090252327 0.16221862528099 0.194473343472108
-0.204011555079094 0.10511859829284 0.243386980557617 0.0398793680564794
-0.059466346770252 0.162576067229293 0.136176886139179 -0.0993933535921574
0.0287126698625606 0.142682050841117 0.0285472717808112 -0.100760293652755
0.101163865370761 0.107033789907381 -0.0305096739101828 -0.0381223254318793
0.120039320084409 0.0774679886247685 -0.0150140234475368 0.00803363048674091
0.117707899384767 0.0786696142893634 -0.0149141327986788 0.0441180473459226
0.068538707592401 0.118794519846869 -0.0443218213098836 0.0683211148002598
0.00586937394142256 0.140071850170555 -0.104718490152868 0.0750128598487664
-0.116100898330804 0.150671447459162 -0.140910419384375 -0.0054376841587071
-0.190407403289359 0.0381490058118572 -0.0999382224192409 -0.108556689640995
-0.16200595930657 -0.127433255744073 -0.0179326602206018 -0.0831388723377231
-0.0890926222898254 -0.242384340474848 -0.0160895356924672 0.0396159309984387
-0.015676528646577 -0.21658785669346 0.0635796388437467 0.133749556145306
-0.0956292572526068 -0.220900020501739 -0.00912749567259504 0.225163829688333
-0.215854764704389 -0.0966232930579553 0.122893473762777 0.225855740663277
-0.215219476944689 0.084582765008453 0.207615232123718 0.0868439506123603
-0.0682649310105612 0.158133567490362 0.126757867306956 -0.0379236241401753
0.0256406080199468 0.137002447225095 0.0491263439684258 -0.0421038731906822
0.0969234637123448 0.103188444866666 0.00599408303013795 0.00218425332381343
0.116198425515189 0.0718395073122269 0.0222615759016211 0.0378694143125763
0.11472090554797 0.0688660509808159 0.0240442207078601 0.0730731685691038
0.0718391912219113 0.104761991664031 -0.0115842398175764 0.101561672007778
0.0119362942939767 0.128411756925878 -0.085105434604168 0.112598309241355
-0.106040303250927 0.140056506906693 -0.135168099560136 0.0305108081453405
-0.176852605844267 0.0308710923418541 -0.103239402737653 -0.0760961591279706
-0.138203064745678 -0.12593256013604 -0.0122130996757273 -0.055281433745809
-0.0566812960306015 -0.222049280185587 -0.00936931282167199 0.101584031156548
0.0185309948686127 -0.158589188409043 0.0373035294549091 0.204003466813772
-0.0484798856764989 -0.187242864627364 -0.0234961214538348 0.256853380121598
-0.161781196246984 -0.0982004545133836 0.0759429135850533 0.234362337899823
-0.176833406358653 0.0544584761681425 0.157143146913814 0.119622359746412
-0.0565927030506352 0.123613706128378 0.108261160224104 0.0182167194967114
0.0214644785628137 0.104982113683942 0.0650035479165417 0.0130435963816321
0.0773520672920357 0.0787924323513445 0.0408297872937145 0.0370982726183263
0.095690143081794 0.0544532651814014 0.0542954000705111 0.0614251463883623
0.0946700402666346 0.0514644984141994 0.0575278541431947 0.0962970178724416
0.064842081995082 0.0812251992705297 0.0151949475839635 0.127977806020567
0.0139126776599771 0.104897345836975 -0.0704548568190186 0.140720431650906
-0.0901846377284254 0.114233383550542 -0.130453411065164 0.0551866197192395
-0.146770685828757 0.0143747450756848 -0.105073199621858 -0.0509746589696659
-0.0985761425855798 -0.117967829029078 -0.00791105346776438 -0.0327568279199271
-0.0136082887899275 -0.178170761391193 -0.00890853522995232 0.150781797949918
0.0474153764488189 -0.0711949356078446 0.0117727731272922 0.23737894900618
-0.000289548821288264 -0.112828318222476 -0.0290480336243788 0.261298465357376
-0.0816731850373365 -0.0664216900173481 0.037573769033316 0.225223854101941
-0.0999711906461294 0.0267295436820669 0.113897442325274 0.136349425883036
-0.0270940395616934 0.0691691234086623 0.0971803440074159 0.0581416452980816
0.0170357480361857 0.0531831597809865 0.0792439625844283 0.0501545511109387
0.0465595429666418 0.0396011685985404 0.0695787641832323 0.0580220837357131
0.0605352877779537 0.028762725414875 0.0772643738854824 0.0746862271087883
0.0617086133003163 0.0271684171057756 0.0817799995614761 0.111371532829143
0.0497480421004108 0.0502133388979067 0.0315501548157516 0.147244272757362
0.0138772472475601 0.0730402736211657 -0.0641662081570422 0.160849130811834
-0.0655605203487542 0.0789567535911072 -0.132872891581414 0.070917551531559
-0.102583210493392 -0.00235489339593307 -0.112087919391585 -0.0345176177812743
-0.0483893049630156 -0.0961883184009955 -0.00960089908388316 -0.0202122226196128
0.0318113633164567 -0.111133634787184 -0.0149487133994696 0.180705371410914
-0.0636552684000656 0.0184522902360943 -0.00550146502620896 -0.219797994207543
0.00831010625400441 0.0478300592135866 -0.0333542923908079 0.00311322401412808
0.0498058588533241 0.0153464517973522 0.134231849966919 0.0516843900013123
0.0239722459435968 -0.0402064007689514 0.175576066646025 -0.0728997774314532
-0.0159317188361904 -0.0276434829144615 0.086700089834756 -0.193550980695071
-0.0218797809827606 -0.00152905431944522 -0.0487600576512179 -0.197348968569035
-0.0174390323559779 -0.00307579300246707 -0.110256555795827 -0.135950890965307
-0.0119024534568155 -0.00268839653777995 -0.114901806362505 -0.0852836563256866
-0.0034602564486139 0.00115654980554002 -0.11332193233798 -0.0674504559022218
0.00156153392746751 0.00305855205274856 -0.116930685328141 -0.068768580635886
0.00701143843525753 -0.00150510177709516 -0.11360219857773 -0.0890290275580842
0.01605099856375 0.0176309802592889 -0.0943991084757402 -0.162361222655041
-0.000288090436109105 0.0421425544391881 -0.0334158507708847 -0.228873757370939
-0.0577193464531181 0.0202823225155736 0.0304950916116724 -0.230337640658471
-0.0808570126716217 -0.0237166431000146 -0.0119513239169361 -0.231425970430689
-0.0941784939213562 -0.0695598272646266 0.0330053621289784 -0.197560104970966
-0.0572333917251567 -0.00639999452498815 -0.015529968411511 0.0192139736572228
-0.033407081319408 0.0218064439641728 0.163134861516197 0.064523412730487
-0.0275442538947049 0.0174550888917528 0.207305536724331 -0.0758046154481493
-0.0172380310971802 0.0287346516215732 0.0977607419376365 -0.202115120221818
0.000991991992211632 0.0433911815042637 -0.0452546002551605 -0.201212860499291
0.0287150283360017 0.0321430193391809 -0.110946891363058 -0.128234676623359
0.0388748928802132 0.0270817962400898 -0.109343628674966 -0.0733914738049168
0.0420328456044366 0.0403837209025929 -0.110931963879797 -0.0491023751125485
0.0179872369786931 0.0638889701745486 -0.117754784869152 -0.0486327955226133
-0.0132386022734993 0.0627639979970214 -0.123362455517944 -0.0653915747439473
-0.0620227821337489 0.0618402506732019 -0.109499105022427 -0.140072092550004
-0.0889350896338961 0.0200377384903931 -0.0500059565111193 -0.211170146612989
-0.105790960326439 -0.0599684179922523 0.00478274627322931 -0.198892575034582
-0.0997747304913467 -0.12867238839359 -0.0231305161599436 -0.186099384917622
-0.103815782742547 -0.153851505775414 0.0658687167496879 -0.143073085283595
-0.114161559890484 -0.0778859736011873 -0.0003677433146931 0.0602343659469144
-0.123432268746053 0.0123096872795746 0.189017240972954 0.0998897898581836
-0.0927468491849654 0.0739426787873678 0.243154905259913 -0.0589496389248929
-0.0250695297057245 0.0906404872706642 0.117696657136235 -0.194725314702955
0.0210933894236276 0.0905699356028025 -0.0280140215243194 -0.190182646477553
0.0702182565657911 0.0674760459359187 -0.0961570426017316 -0.109620619495898
0.0832856982689345 0.0533592915808392 -0.0882288618131898 -0.0518186196238957
0.0836806202422038 0.0678976000631461 -0.0904284227315817 -0.0201675403502451
0.0410513508535149 0.106338780531885 -0.10589691453748 -0.0104129111887757
-0.0137063479280459 0.115037053812179 -0.131689526132877 -0.0188744241194661
-0.107570924444889 0.113417239047483 -0.134526846132988 -0.0999469816579733
-0.157566304622517 0.0248334164810709 -0.0773878501616526 -0.184632629239249
-0.150312620101712 -0.10776284857353 -0.0157298908417864 -0.161991686996884
-0.114426441407675 -0.205887809207695 -0.0294257471803996 -0.114764742076159
-0.0917349948656637 -0.217904133420294 0.0847607121023635 -0.0580732096238426
-0.146680112204303 -0.154773556668707 0.00852219211035868 0.118591558751894
-0.203359134981441 -0.0173637496575916 0.197750278373876 0.149942416572984
-0.161205113704352 0.113802490300965 0.265590240079666 -0.0206804233393984
-0.0400388793893953 0.145495109344312 0.136272898411214 -0.164036687224921
0.0333096879855577 0.130169924324012 -0.00188294691693069 -0.158758842676541
0.0988564076075654 0.0959635897717487 -0.0682402922134865 -0.0783293711670345
0.115571156133305 0.070071850642406 -0.055279273712835 -0.0222626498418979
0.114408552736357 0.0798455077469725 -0.055552447710947 0.0140623661041107
0.0636118918770065 0.125563348391435 -0.0799898681043081 0.0341991205131702
-0.00139687236249272 0.144670788778207 -0.125645766921743 0.0353635705618176
-0.12082481254872 0.152743247085561 -0.150000296315164 -0.048880539387177
-0.194965540684974 0.0403812292225017 -0.101216274778868 -0.149365715519626
-0.177598043012284 -0.126438346269403 -0.0247941510354186 -0.124545524858892
-0.118956242108851 -0.247568646239414 -0.025456926735951 -0.0353142426739487
-0.06171419412714 -0.247444019638961 0.0857283158686487 0.043775512946736
-0.144881167589919 -0.214577731128193 0.00770840077081834 0.184142410664799
-0.245253685683376 -0.0605031393188277 0.180308298493742 0.20085514812213
-0.214754180742928 0.120093110361782 0.260021293221535 0.0329361642830271
-0.0583747022307912 0.176039110880521 0.143018839494418 -0.110748899916616
0.0360182579711618 0.151347984118661 0.0259963922839251 -0.108116708437269
0.111963598903997 0.110650732512048 -0.0314546168143373 -0.0386049064713623
0.131059925848758 0.0766770280529299 -0.015013140724087 0.00973748720012374
0.12882431154302 0.0793336135696518 -0.0132414814432261 0.0477508431736406
0.0778644607475296 0.124837422217063 -0.0439436591822711 0.0749999417777124
0.0102828452867552 0.150700488885709 -0.107940924198803 0.0850333879127376
-0.118003333393386 0.166002028490047 -0.15083741846639 -0.000523292302973785
-0.202295357912946 0.0470837922029348 -0.112795053755098 -0.111759899673342
-0.177238869515523 -0.131659184889726 -0.0223738268017778 -0.0900141341337143
-0.102977384337455 -0.255487625454049 -0.0154265798262141 0.0414855764740362
-0.0238486772952438 -0.231028884170904 0.0708078715130319 0.142854315098248
-0.110096564662164 -0.233786926192968 -0.00327426740059787 0.240930223181945
-0.234747657881616 -0.0959514805281197 0.138978237454225 0.236382933528571
-0.226495319507472 0.0979517156358757 0.222636205066509 0.0848350283925404
-0.0682096592173274 0.171369584442727 0.133908791355822 -0.0443837714922163
0.0316284803012437 0.145452377654127 0.0505594584127739 -0.0462150114380161
0.106734769690526 0.106309050069867 0.00884543162134441 0.0032042211515481
0.127011588977371 0.0707373471728664 0.0252276090288987 0.0402030426594581
0.124749892426774 0.0692111668150139 0.0284650663210996 0.0768559687551088
0.080222942430507 0.109211438531996 -0.00816680453731877 0.109220408173678
0.0169396698523604 0.137113359298044 -0.0854358720576544 0.123774645209886
-0.107196732987313 0.153938799407679 -0.143624895225636 0.0379728820174238
-0.187443158866315 0.0379307282161154 -0.114816903054425 -0.0778035907060016
-0.151384788272777 -0.130864422235992 -0.016131901139819 -0.0604873547871395
-0.0679687758794861 -0.234394842900082 -0.00665030266605284 0.10822022477919
0.0131062875665775 -0.170196799224925 0.0437861994477318 0.219356383808351
-0.059202386678878 -0.1983646892814 -0.0171681784367133 0.275329911797325
-0.176379489122383 -0.0993082455696849 0.0880589153875914 0.247267666791344
-0.186641126163608 0.0643838648629729 0.169670476325814 0.121223139883471
-0.0566733831777054 0.133691367114486 0.115663550963482 0.0165783145189178
0.025781975830629 0.110977457119615 0.0694423018086037 0.0121573001692556
0.0851786361548659 0.080492562530018 0.0465741380863332 0.0393308455759518
0.103818049862757 0.0534317435010604 0.0603990318030593 0.0647978766359549
0.102731471419363 0.0508727890414163 0.0647776336329199 0.100512020749157
0.071019377474385 0.0838831555468084 0.02074466698086 0.136381127797544
0.0179347090222212 0.111227709545025 -0.0692608986141851 0.15355243075657
-0.0911612361549097 0.125015802337646 -0.137680334921142 0.0641332765724488
-0.155381621607677 0.0204850759276253 -0.115562907372374 -0.0508375250742074
-0.108148847530015 -0.122665514468028 -0.0112799272074454 -0.0363531628670374
-0.0208065285862869 -0.188589144499085 -0.00458138972493949 0.160910852895264
0.0466018526067928 -0.0772304964058349 0.0180848505733108 0.255932582074676
-0.0053212691288931 -0.11998432619755 -0.0237977509106033 0.281185667543538
-0.0896689451779884 -0.0681511094438046 0.0459434288882877 0.239662008522085
-0.10524174832514 0.0316518286346908 0.12402849772081 0.141337020207797
-0.0266072135490824 0.0735580292751912 0.104292418242342 0.0596538890473625
0.018975623718803 0.0554655990394822 0.0857000875582646 0.0514662458799309
0.0506121558773516 0.0403992843990333 0.0765581297604664 0.0607952801770543
0.0653204982970175 0.0272160648059505 0.0850140771857232 0.0782238048913771
0.0667725036716912 0.0265064844930321 0.0907395400319464 0.11573802355653
0.0545661575156112 0.0509319304480123 0.0382226897596157 0.15592967162831
0.0170089916243075 0.076641839647151 -0.0624644245166131 0.174746982895653
-0.0657167389730288 0.0862347648722589 -0.140227285399103 0.0806760952118459
-0.107895910043151 0.000791925765155309 -0.122429910654921 -0.0329085802173772
-0.054024940798452 -0.101109240356522 -0.0122274022431875 -0.0226617768008421
0.0294832062780205 -0.119310306183689 -0.0110113565804551 0.193325621337853
-0.0672729041863896 0.0248786236020352 -0.0204236861400705 -0.235209167275448
0.0107043677687504 0.050508627367745 -0.0352898091635238 0.00558560362974678
0.0540246890431712 0.0134607761399997 0.1473155321111 0.0446787667396721
0.0221659724363858 -0.0433608045594454 0.183082537939753 -0.0904414524462146
-0.0179498985235382 -0.027647621417781 0.0796684752283689 -0.213309011757665
-0.0217106468658644 0.000741784602134988 -0.0651466660807068 -0.20688331596252
-0.0180433964010829 -0.000895654527344749 -0.127237568547713 -0.136708980694442
-0.0121841280603163 -0.00144179863142985 -0.129171030845665 -0.083521351945022
-0.00270637031988309 0.00201577005441836 -0.125380010148452 -0.0638257409982841
0.00256038977594934 0.00360472428922697 -0.129764406132961 -0.0645408930699435
0.0066960448430273 -0.0014836181263013 -0.127591846713796 -0.0878308699728914
0.0173405427373264 0.0177159648222872 -0.113482343394676 -0.166715626675614
0.00159162278912313 0.0431927572645299 -0.0512567628312323 -0.241148884061692
-0.0608383967055854 0.0248451989258032 0.019429803317799 -0.25056101363057
-0.0876616652658676 -0.0198858764765379 -0.0265234954899911 -0.250675902383065
-0.105243281595158 -0.0671416025833605 0.0227736540299577 -0.214179720503574
-0.0625705082946516 -0.00312127695474452 -0.0154545481734607 0.0219439467542971
-0.034375232916583 0.0261526904460324 0.178859521344359 0.0564598791953597
-0.0291367085720671 0.0225136461966725 0.216689790395985 -0.0961393151295324
-0.0159334379931099 0.0330643274603289 0.0911647306290108 -0.223526396627739
0.006149697511418 0.0472303562411945 -0.0619415876624478 -0.211604822342927
0.0342654736260196 0.0328555522041741 -0.126399037860326 -0.129320331674054
0.0436940909312592 0.0262194752815047 -0.121561285071277 -0.0708768252348198
0.0494248538651582 0.0407583999427983 -0.121039041280015 -0.0452466344676318
0.0245748653655477 0.0678534458567912 -0.128855258911698 -0.0426988726446134
-0.00969248618254351 0.0696305014779851 -0.136175611915972 -0.0615788012490537
-0.0619998098687066 0.0713326023387685 -0.128307088468815 -0.142231254182846
-0.0955121439679035 0.0260527210569918 -0.0680401701394232 -0.221918133416834
-0.11773906822874 -0.0584924359967705 -0.00655393969467897 -0.214866778270574
-0.115081529218238 -0.13102673752784 -0.0355411883606075 -0.20087485391581
-0.121028242075344 -0.157522287579616 0.06115563268196 -0.157855991432542
-0.127748626561098 -0.0770539007443911 0.00332991691094589 0.0639658051369156
-0.132193037920045 0.0219935934529187 0.208981729151945 0.0921592573913983
-0.0950152647109418 0.0872401168948682 0.255852506740617 -0.0810512475932013
-0.0201069973677824 0.0999624617354836 0.113534983980884 -0.21699087304755
0.0299642996902431 0.0960771574849063 -0.0427354106999507 -0.201005302475209
0.0802104595279564 0.0674823118279764 -0.108445124760153 -0.109622931390687
0.0932883800887809 0.0501733936751941 -0.0972787715975968 -0.0492255189744061
0.0954804952155851 0.0662133405038048 -0.096806757322409 -0.0154371251934915
0.0523369407394254 0.111810655038681 -0.113242779619322 -0.00258663304032066
-0.00677971144276455 0.125571919756657 -0.140799856887969 -0.0111899825244373
-0.107029049868498 0.130567932019235 -0.152224974358847 -0.0977993072782285
-0.168690900389478 0.0359934752268254 -0.0960369151466308 -0.191697950478418
-0.169093982617344 -0.106494184854989 -0.0265369492107083 -0.174594731798262
-0.136349493505047 -0.212975573486707 -0.0375789721718747 -0.123962245341908
-0.112582215011357 -0.227537925451778 0.0869708240190386 -0.0671693523366575
-0.168469501602523 -0.156824061642558 0.017197453623408 0.125612838135843
-0.218974978550209 -0.00351921258970592 0.221856254713411 0.144643262722597
-0.165689206930075 0.134275612652905 0.281879941214715 -0.0414434879366004
-0.0327177709613874 0.159573899932157 0.134949978999933 -0.185222355470743
0.0455112353498006 0.137857464799967 -0.0130215121368237 -0.168973513375726
0.113107865782967 0.0957949532245761 -0.0757752382697302 -0.0784887261665454
0.128957015343517 0.065249148068309 -0.0598959097916766 -0.0199402174025571
0.128822872051402 0.076734509973729 -0.0571842097604662 0.0189227061667294
0.0777896422815496 0.130958215663077 -0.0819894207537667 0.0430252494255522
0.00912123349901015 0.156146185276169 -0.131119939732598 0.0473542985573918
-0.11787432887618 0.17332925417887 -0.164795755852608 -0.0416284663500281
-0.207152302339003 0.0566409078403982 -0.120472685515231 -0.152451451803683
-0.199164480581916 -0.124633483990241 -0.0347976092966427 -0.133898925304273
-0.14387991850966 -0.256605129046139 -0.0284983945886705 -0.0384717553984304
-0.0830143667650739 -0.261442879414522 0.0946213186697816 0.0420611218382376
-0.170086497935088 -0.221352743649033 0.0197785778864724 0.195969383108107
-0.267805848806891 -0.0474812953321327 0.206945639290592 0.200907843241121
-0.222147015231539 0.145521524381639 0.278557717373462 0.0168045531844729
-0.0506174898601739 0.193804623093582 0.145717942044039 -0.128259021554099
0.0493775536515547 0.160186335448999 0.019821323664807 -0.117486211636067
0.127111323929732 0.110595932865506 -0.0339598247507457 -0.0384251755665401
0.145859483409018 0.0708887101946184 -0.0143677691415574 0.0118091629596607
0.143669344624325 0.0747134887212518 -0.00988466785927143 0.052212544676485
0.0921603632181253 0.128847359275542 -0.0411110555686698 0.0841464275550339
0.0215236832916937 0.161116324210843 -0.107987479781744 0.0991585115708687
-0.11334795359041 0.187120114214658 -0.162613407261366 0.0105194832273038
-0.213807138849238 0.0642598182423139 -0.13055656105333 -0.111080308256409
-0.198431212120528 -0.129502371212233 -0.0309730215744849 -0.0965111047490412
-0.127851900855444 -0.266269911257225 -0.0131315671655484 0.0441414844987452
-0.0416879324592086 -0.246001620839709 0.0837317192033531 0.150188970890752
-0.134925746547012 -0.242995702868764 0.0120831201673799 0.257198471359168
-0.25873023075604 -0.0858793070970959 0.164241213596167 0.241390707969566
-0.235451889831927 0.121506202858905 0.242228038507162 0.0744109417565062
-0.0613879221855566 0.188526445609967 0.139752949505654 -0.0565604774525104
0.0434205000490221 0.153983585200121 0.050018973527941 -0.052672319510429
0.12117575687886 0.10560541028741 0.0114891822169331 0.00328199728394483
0.140269815560128 0.0650069876798604 0.0308956063223057 0.0419371137130489
0.137961608831979 0.0638366105388174 0.0370074848575867 0.0802396624079065
0.0930539934907484 0.111407206242299 -0.000484044249046633 0.117707404508848
0.0274887367705658 0.145403272401661 -0.0820549938931602 0.139915154283279
-0.102486899092932 0.172602722045388 -0.152172502656375 0.0512315465958408
-0.198237927198328 0.0542605905456918 -0.131066354335519 -0.0741900736962132
-0.17036013835587 -0.129950541703052 -0.0226496116740961 -0.0644714438649229
-0.0898766870055177 -0.246025292356302 0.000430967746436196 0.116100663299723
0.0015017815474675 -0.182536668829395 0.0601102690653621 0.234701897423808
-0.0777286029121314 -0.20811925422251 -0.000265986584050735 0.295260352012077
-0.196127257859918 -0.0930471300540352 0.110617606227447 0.257478872202713
-0.194618781984951 0.0823093703086273 0.187426065203423 0.117621180062082
-0.0520321766802663 0.146949004706577 0.124438784557355 0.0108263778673799
0.034207994162743 0.117366386707292 0.0742761626109542 0.00880714313760625
0.0958031246101982 0.0798589487405463 0.0538036159464471 0.0395100941031802
0.114239713148827 0.0481611800354506 0.0700764079324251 0.0659027570020544
0.112750727353424 0.0466225902100179 0.0768334786306897 0.102593348217833
0.0820313687575164 0.0844164151863218 0.031707577369159 0.144458643598053
0.0265207241227375 0.117403815992655 -0.0625579161380742 0.169239637755278
-0.0872607720482488 0.140569907412842 -0.143157488940706 0.0789423667903845
-0.163796499448364 0.0320642598649365 -0.129099034334107 -0.045796413837161
-0.122895534859351 -0.123862304777189 -0.015812993018595 -0.0399145093131156
-0.0355265824377389 -0.199937148331804 0.00561677525856901 0.172301995792818
0.0423576231946085 -0.0850741489189993 0.0346145965613671 0.275911367032012
-0.0151679165303762 -0.126679298367606 -0.00709236693846744 0.302202874958443
-0.100996671832774 -0.0658845241218002 0.0656966717338783 0.25251088515119
-0.110038626876919 0.0409069865067524 0.140090956128354 0.142710859125877
-0.0240854500947568 0.0798798826689212 0.11471918012124 0.0572919711147383
0.0232705125633937 0.0578329158571608 0.0950378855075454 0.04950313140978
0.0561642169166262 0.0392791277482483 0.0869303266773285 0.0605243589177904
0.0713713288230624 0.023236780283992 0.0970970700069041 0.0794674143439326
0.0722471807469117 0.023383703348203 0.104793812685382 0.11703642338764
0.0610895094108995 0.0497309610533582 0.0513655131505924 0.164463453384448
0.0229321662898072 0.0798990567208992 -0.0536474395767608 0.191557242802586
-0.062791062894407 0.0963584547411216 -0.144821440504382 0.0965222282049399
-0.114257760255659 0.00807434925609372 -0.134853572149584 -0.0259646452640083
-0.0640527552286625 -0.103936102821912 -0.0160460797711716 -0.024235123535676
0.0227058979128273 -0.128544686184483 0.0019013846921535 0.208333303408671
-0.0673049053476327 0.0329993280358564 -0.0427175327197542 -0.243233233601132
0.0148038277288096 0.0515841065728713 -0.036965585632068 0.0092139473189186
0.0569927812546909 0.0090801737575997 0.156378428549331 0.031945485765252
0.0186262124735377 -0.0455858990001199 0.182593903498271 -0.11191210850696
-0.0206004290332464 -0.0268565568892915 0.0627774837158099 -0.22915082116262
-0.0208845858601585 0.00349748008935256 -0.0873638549436368 -0.208423110551056
-0.0173941843396041 0.00166843165532814 -0.145869389193131 -0.129688375619111
-0.012478581422346 1.87493184412926E-05 -0.142543646818434 -0.0740898072264508
-0.000987010259305384 0.00237138268521494 -0.136928017724689 -0.0545820180674967
0.0034424363770855 0.00441783803499513 -0.140568175249941 -0.0545005874007409
0.0063918802726646 -0.000900545413120029 -0.140530867483673 -0.079389459445464
0.0190857948899177 0.0162535824503084 -0.13439691539031 -0.161192265546585
0.00399438118042685 0.0429852307107288 -0.0755623641375468 -0.245674367529566
-0.0619350346124201 0.0309589589844806 -0.000262130300094099 -0.263934534654877
-0.0920332764735599 -0.0126144173705679 -0.0498868620238288 -0.262557468394499
-0.115052333610725 -0.0596753670436674 0.00398451069547039 -0.226212443151483
-0.0659683974782723 0.001861356257526 -0.014891840012815 0.0245044075229672
-0.033187437376859 0.0308720002236242 0.190146145625818 0.0403921425059479
-0.0282625827915758 0.0279103482721217 0.215912907782025 -0.120814947334708
-0.0128206433436169 0.03680092259853 0.0741910022930582 -0.240847783549651
0.0125888966479259 0.0492836770436796 -0.0842834479254513 -0.212648432967623
0.0398437637261854 0.0315737443252964 -0.143015250520339 -0.121724327712358
0.0484880819700504 0.0228790255063018 -0.132832445557131 -0.0624066623239984
0.0559790406125951 0.0374747215952678 -0.129334634443525 -0.0355356290812387
0.0328871651989816 0.0687750446329094 -0.137161773880887 -0.0315570844222965
-0.00410733408129646 0.0746235476768626 -0.147040803250209 -0.0509839967711501
-0.0581205847921008 0.0809098742619084 -0.148342324477567 -0.134585901194072
-0.0985550882467302 0.0349110721869389 -0.092028003009094 -0.22348348377347
-0.12877544187125 -0.0505384117330266 -0.0251857758860879 -0.225908411201134
-0.131753808182379 -0.12485956550999 -0.0547121288790349 -0.209441617800995
-0.140079886073603 -0.152145875555616 0.0491284902651751 -0.170537941607487
-0.140191506270353 -0.0686147682989163 0.00858334722692232 0.0655662768648625
-0.135210529515804 0.0363544251901171 0.225202650857715 0.0752421918080792
-0.0908057738891815 0.10187112836972 0.258016407230419 -0.108935681532775
-0.011131090399135 0.107127807399485 0.0971680039925172 -0.236808571258472
0.041865173975279 0.0979535230770341 -0.0641932680868328 -0.203373194997687
0.0905711123988256 0.0636175339026973 -0.121357129600327 -0.103854822960767
0.10200651458339 0.0421746604926761 -0.104828265091871 -0.0418237810373102
0.106057105625096 0.0593725752849024 -0.100342756394002 -0.00726193290276037
0.0662253145062342 0.112528504692786 -0.11686915903088 0.00881178382548209
0.00514943752871599 0.132464300391013 -0.146727405231575 0.00185846233720959
-0.0984349917935921 0.146919964922246 -0.168650588889117 -0.0866849670871044
-0.173687335499093 0.0529910943919726 -0.119376299076178 -0.189882051804737
-0.186223554316829 -0.0962960948015793 -0.0441089146697795 -0.181186679843349
-0.162033328515961 -0.207894316191311 -0.0497837471304634 -0.129053140245723
-0.138148262766866 -0.226278197080931 0.0840013521391519 -0.0789197634010978
-0.189811109340381 -0.148447032572111 0.0286419439813724 0.128386391926374
-0.22862303305246 0.017896341036338 0.243350874479431 0.127867173979173
-0.159803792588568 0.157428795796785 0.287972586654212 -0.0704393979668923
-0.0189284471456622 0.170083236229129 0.122783509882496 -0.205641687986138
0.0612094749272436 0.139505601994493 -0.0305040027358622 -0.173717832293995
0.127105361834062 0.0893369060087287 -0.0840565804291614 -0.0744711999290165
0.140625810441464 0.0542841752926268 -0.0631138350376114 -0.0154515467775597
0.142153759171447 0.0666866775678572 -0.056347217042442 0.0247162719601902
0.0943906595163355 0.130054257453208 -0.0798337454577493 0.0531374173191881
0.024117840827736 0.163170258495275 -0.130357092990484 0.062093473866977
-0.105337564436404 0.192822291899656 -0.176856562380961 -0.0264194394363569
-0.211532523423557 0.0787376800697224 -0.140609596565877 -0.146403682272906
-0.219961408750351 -0.112128801879277 -0.049292152037788 -0.137712247083717
-0.174648599468073 -0.252855319341881 -0.0325913114301356 -0.0401582874787572
-0.111059332388249 -0.264207885317828 0.101796844577092 0.0354610707341595
-0.198427339752139 -0.215219251400733 0.0380853867569016 0.200949546832018
-0.283502166655151 -0.023193580906522 0.232210977628341 0.188391680953659
-0.217268455334754 0.173588618777779 0.289675110726439 -0.00977310368795873
-0.0346964644060703 0.207231964130821 0.138616622990574 -0.146931543459365
0.0670363315218102 0.163239927012243 0.00932644747650558 -0.122719191093442
0.14330676043883 0.102724557417631 -0.0364911203323124 -0.0366984015156347
0.157909457727067 0.0581647213012319 -0.0125138998959324 0.0135680881825823
0.157035067928451 0.0629352426145806 -0.00431267786191263 0.0543504886609011
0.108834100050442 0.125854343892059 -0.0335106106623846 0.0919180387332166
0.0382859364640523 0.166577710222523 -0.101574249744348 0.113738922295948
-0.0987621135999995 0.206547971719664 -0.169208895383511 0.027290450143136
-0.21711358160659 0.0872544411710765 -0.147969071010382 -0.101917570785843
-0.21880090367172 -0.117253190673771 -0.0422267173590123 -0.0988271649082166
-0.159256944409504 -0.264025070362173 -0.00871715285867323 0.0458154535719099
-0.0671827876301805 -0.2520213871255 0.100484042854743 0.149663185040691
-0.163697101447602 -0.239927094927397 0.0353454780103563 0.265324515989742
-0.277381427927255 -0.0632420381895029 0.192351563413771 0.234473158437139
-0.234077841475938 0.150081309642809 0.256303850620202 0.054430675128509
-0.0461618649780145 0.20325485752467 0.138750983885323 -0.0715728311963418
0.0600503909290064 0.156782466589412 0.0464905270181998 -0.0580343872990194
0.13571026034374 0.0980582514058514 0.0144251286651303 0.00295368207547797
0.151598794520192 0.0522889636242901 0.0373815708363169 0.0411023346267529
0.149476845991821 0.0522927997477411 0.0467458502656308 0.079152930601641
0.107703648496467 0.107528313418849 0.0115600879682487 0.122780087298763
0.0421087772959553 0.149493124000807 -0.0704697619397784 0.153224982014244
-0.0891662578765374 0.189713577030252 -0.154142268323428 0.069267495997418
-0.200533495900555 0.0754038877168952 -0.144802941979581 -0.0639002534112794
-0.189137611564385 -0.120149810317074 -0.0315029620312623 -0.0661916009132548
-0.116851582364468 -0.245730364034891 0.0115318127932078 0.119781434857611
-0.0170328205269541 -0.189981373020878 0.083037194074974 0.241005569701913
-0.101473609194407 -0.208172464328954 0.0259372665460847 0.305975591681175
-0.213145621814617 -0.077107284861052 0.137847029979159 0.256230571792055
-0.19508885307433 0.104312450865126 0.203712619406269 0.104590461656266
-0.0407237683087963 0.15810321307386 0.129272173161049 0.000495955601518601
0.0456689555463865 0.119100234104354 0.0776272050451404 0.00325540439589877
0.107118378172235 0.0742233017189051 0.061153264704079 0.0368498710189921
0.122518486407265 0.0371950857075948 0.0801036787302012 0.0627352569042982
0.12086844534014 0.0366950358039882 0.0898855935222501 0.0991182846197965
0.0925320040258756 0.0798246155373776 0.0466466556314882 0.147185598535067
0.0380937974647026 0.119571800342722 -0.048085421977286 0.182918547653039
-0.076238050449123 0.154022291318431 -0.142148046856155 0.0965380488622578
-0.166758812635165 0.0490808710265473 -0.140304641078335 -0.0342344310373985
-0.139050803421834 -0.117967450475939 -0.0218441443159657 -0.040089458657807
-0.0571392039494432 -0.203075160887769 0.0228589455959778 0.178952351700723
0.0349959462842592 -0.0915579834197946 0.0598087589550446 0.287626458615121
-0.0287171198310834 -0.128983913482791 0.0196241540511748 0.314590569512814
-0.111314045990474 -0.0575523963923846 0.0910123301721823 0.25620445833452
-0.110858568528674 0.0530245743110441 0.157271277924572 0.135210310411119
-0.0178954001216092 0.085070825972357 0.12393088814178 0.0502113540494719
0.0283922319056277 0.0581945124260554 0.103393981561251 0.0434995716129765
0.0614385390506649 0.035055341517852 0.0972843131471586 0.0556047034091033
0.075403746736989 0.0158730778789028 0.109693586314898 0.0744333879520568
0.076461648316632 0.016706069770387 0.120000868361083 0.111427542923147
0.0675628909565146 0.0452052121146176 0.0685088228394654 0.165946328400806
0.0308087394813701 0.0804079173739173 -0.0371785957701884 0.204471556074819
-0.0548494226016488 0.105352375226124 -0.142194499833525 0.114861026173199
-0.116514764116052 0.0188669332730992 -0.144135100091438 -0.0142346941098599
-0.0755081825527596 -0.102297574408293 -0.0206001403931623 -0.0240837480091019
0.0102156461447994 -0.134737420519012 0.0219421834016765 0.216498690898667
-0.0639552457522917 0.0396833244094957 -0.063548132716979 -0.240189957841736
0.0185169821653302 0.0510250508159699 -0.0370571449709627 0.0132012591310342
0.0576563462242996 0.00368938664275769 0.158194607994274 0.0176326147157291
0.0141274710989905 -0.0461128896562947 0.172851860784395 -0.128211852866944
-0.02263032084748 -0.0238975358996968 0.0431020841813178 -0.234944866517936
-0.0187059234545667 0.00511718652233457 -0.105398439307828 -0.19953353745185
-0.0157182287168105 0.00372504071532332 -0.157214117049118 -0.115993299056709
-0.0113843452592726 0.00162791204131638 -0.14849837494366 -0.0617770986684962
8.68998689784791E-05 0.00290690373335028 -0.141233073308764 -0.0426386136186337
0.00479499399322456 0.00423061325859686 -0.144708150453027 -0.0425052938731993
0.00618023588097087 -0.000457154984180325 -0.146565047956796 -0.067899552094053
0.0193521205114208 0.0144989929902469 -0.148288647153043 -0.147518910170968
0.0057499080256355 0.0413182113484147 -0.0955139815993506 -0.237492845126277
-0.0599344638071588 0.0360388124707605 -0.0207633553569538 -0.266105497558163
-0.0921039705653559 -0.00428815322856875 -0.0717693165744465 -0.262091689149058
-0.119443070113169 -0.049327484366319 -0.0152188606405942 -0.22803704412426
-0.0663909862623462 0.00740271380555772 -0.0135805874609163 0.0256328697639811
-0.0307221386908409 0.0337837273160441 0.192401318885546 0.0229735291451022
-0.0259577645011679 0.0321582494895494 0.205444930934029 -0.139734669208558
-0.00960250424357831 0.039131174253923 0.053361158146419 -0.248256512561963
0.0182469679109704 0.0485686957117878 -0.102737683029976 -0.204927197194249
0.0441727848039449 0.0284211771216168 -0.152808198460508 -0.109008911567402
0.0508718977572311 0.0180942111907375 -0.137715189895267 -0.0511655065497063
0.0599809397275576 0.0315765780610284 -0.132093786962304 -0.0246210775495383
0.0402359632647613 0.0666931315512017 -0.1388147375859 -0.0195603548357973
0.00279273806002955 0.0761552477404634 -0.150368816667073 -0.0384108542964301
-0.0512583859683857 0.0864031653845219 -0.160299639880195 -0.1197963471538
-0.0973691800328891 0.0426062662244282 -0.110913141068257 -0.214343621523844
-0.133309184456099 -0.0403426702907434 -0.0434585666434543 -0.225868074971878
-0.141021145662845 -0.11329302056979 -0.0718772441337199 -0.208455379799136
-0.152287041994233 -0.140206622193912 0.0348699879002312 -0.175963983029161
-0.146411672115926 -0.0579120103930783 0.0130754726634465 0.0645388358793216
-0.13216264712931 0.0480351219159995 0.229297288138499 0.0540701481006874
-0.0819591041296143 0.111771711990165 0.24740320431404 -0.131714829162602
-0.00170807106869548 0.109382392486263 0.0761570062576018 -0.245313339325839
0.0516749416914938 0.0949772153301131 -0.0819407645601779 -0.196697072701696
0.0971121592369321 0.0555260722538231 -0.128813077328529 -0.0932346447615119
0.105652759127572 0.0323533478720781 -0.107677664321145 -0.033242399457988
0.11220408479352 0.0496649492331496 -0.100194809728748 0.00144448434029004
0.0774152450268237 0.107002128843149 -0.114570360499699 0.0192765608976597
0.01743747742839 0.133399232173329 -0.146075416735407 0.015196316860057
-0.0848982317968208 0.156206444511425 -0.177068705978258 -0.0699428923910148
-0.170327720949166 0.0683572774568816 -0.135947955145982 -0.178875602711841
-0.194854861098684 -0.0810936982722285 -0.0592290159684142 -0.179574531325806
-0.179456427254738 -0.19276291614507 -0.0597502309062052 -0.128221722320105
-0.157116718342069 -0.214964670646166 0.0769744054847638 -0.0865952679732379
-0.203263361039848 -0.134097179380999 0.0379015054459723 0.12540026402282
-0.227365610023536 0.0388595105560225 0.252371521342784 0.105309120809183
-0.146261125728083 0.172709572828142 0.279847278923809 -0.0952802345736555
-0.00353975833062785 0.173771811212428 0.104096993887991 -0.216059723903886
0.074313476199563 0.135173158870179 -0.0455344188677868 -0.16968769199501
0.135427479424414 0.0780693297001357 -0.0886633261639841 -0.0674638409185735
0.144925981096416 0.0405150829723054 -0.0625682842177207 -0.00972855800442709
0.148275243352629 0.0531088220708089 -0.0533110375126369 0.0294238414839264
0.107098136692846 0.122052629549434 -0.0738462419934154 0.0601509182725721
0.0391546914348457 0.162219274703068 -0.123672967429996 0.0734692774812316
-0.086797160831547 0.203281960271566 -0.180391902931819 -0.00952141636895559
-0.206065704709449 0.0978439419040503 -0.15445284668996 -0.133171827573723
-0.229649045909815 -0.0939302723279033 -0.0613889827409473 -0.135259356434993
-0.195741480399859 -0.23612683489739 -0.0350837253665669 -0.0395668838927675
-0.133615104221574 -0.255050420993516 0.104068661181905 0.0272255835946721
-0.217198075423056 -0.198833614903615 0.0533814689311666 0.196260859419
-0.285215031771406 0.00278945665103528 0.246323141339122 0.166220038564699
-0.202161486254141 0.194572285345428 0.286695997873805 -0.0347699572557806
-0.0164587938580646 0.211827772377408 0.125064909756131 -0.158211388217297
0.0817614099754009 0.157964525567777 -0.00164891935355396 -0.121871664231135
0.15217226315541 0.0902211932230473 -0.0373401545686814 -0.0336048344507169
0.162185726846761 0.0425756754210242 -0.0100251695523336 0.0149598690412944
0.162712630395672 0.0479901709880485 0.00118318916786685 0.0544989183563326
0.120605727672212 0.116372478180671 -0.0239458128378 0.0949926519667157
0.0532186901372119 0.163813310908096 -0.0909076814599815 0.123353383030095
-0.079358160282661 0.215282013407037 -0.168178869441097 0.0436593677058259
-0.210153664620201 0.106972409044396 -0.157709803093429 -0.0882605834349181
-0.229030904639941 -0.0990151658301454 -0.0517490333681101 -0.0960041010183032
-0.181787014869875 -0.248445346124656 -0.00418294211946966 0.0444860034566477
-0.0890982232775376 -0.245891149603376 0.111977687266347 0.142189149757787
-0.184095794983627 -0.226585585207853 0.0564259509388571 0.260609815575614
-0.282832012051311 -0.0381645631520395 0.209998577990708 0.216567591277092
-0.221155576119695 0.171913519673518 0.258612371664973 0.0326274647571242
-0.0286079203090343 0.207379674540048 0.131576741823461 -0.082205361202362
0.0732922943997057 0.152242458164239 0.0418164649793501 -0.0605383199663919
0.143875905965525 0.0861225926827941 0.0172961585955693 0.00206347891927835
0.154837084911933 0.0375028724585832 0.0424819160875166 0.0380914776713337
0.153485516901887 0.0378791401045373 0.0539024415994713 0.075205271390868
0.116791748955827 0.097804934293625 0.022620838800383 0.121777081757743
0.0547960159663998 0.146538915392656 -0.0559220099655152 0.160498032147408
-0.0718846783386348 0.197847634712522 -0.148872899998924 0.0841377497740054
-0.193430569589544 0.093291159383465 -0.151362860150741 -0.0504510968285156
-0.199440478882529 -0.103644164575616 -0.038317011521191 -0.0641390712315326
-0.138894562459645 -0.233993920685617 0.02269010767057 0.117680176322232
-0.0340923923528467 -0.187305766628406 0.102669499385094 0.23597237711593
-0.119562925359222 -0.198797414748515 0.0502728088143882 0.302546369818098
-0.219190248997409 -0.0571241924874248 0.157725369539609 0.243953053752966
-0.186081525811213 0.122444252285421 0.21075570160467 0.0882976400182412
-0.0272437376223351 0.161850624937626 0.128354413278292 -0.00994567727084631
0.0559652803696467 0.115889604529323 0.0782437052777544 -0.00222316391037482
0.112640800777635 0.0642394068026816 0.0662816719002062 0.0317612778595217
0.124937856660151 0.0254230337885923 0.0868391378770166 0.0559952820897854
0.123400948582609 0.0252632993425494 0.0982743492475721 0.0910843959849849
0.0990238226138018 0.071381446723793 0.0598612107832033 0.142861806727877
0.0480888085171874 0.116842263857935 -0.0303766052685334 0.187417779642869
-0.0614438273570404 0.159852960853093 -0.134421021337069 0.110089836448639
-0.162036944428406 0.0635593499028 -0.144326169194588 -0.0206522944280888
-0.148971593780795 -0.106321306972396 -0.0268220939988107 -0.0380563869812027
-0.0755857942907047 -0.195759608114454 0.0390228387650214 0.176281378560554
0.0261585241345837 -0.0929176487651819 0.0831455858386773 0.285547888099402
-0.0402444464014838 -0.124516135977892 0.0450115259737488 0.312085099588227
-0.115561232454778 -0.0465667557457115 0.11158724842223 0.248534616754063
-0.106057467638547 0.0632712278068843 0.167691859458398 0.122379258527303
-0.0109706085714788 0.0859473275856435 0.127456801774268 0.0406170954010628
0.0329600441509645 0.0560722827088604 0.107584515645968 0.0356608757924165
0.0634372696845913 0.0295501773789187 0.10329054340632 0.0482527200804236
0.0758377836842569 0.00836629337475458 0.117149779511196 0.0653201350814886
0.0771475921503133 0.00957699615677813 0.129135987719556 0.1010317125682
0.0705801617009033 0.0385984425538313 0.082167236921092 0.159959217724773
0.0368872483783348 0.0775428148984156 -0.018637983626075 0.207390104141155
-0.0446124333234326 0.109405367256109 -0.132494375117818 0.127870658572961
-0.113800485031648 0.0287462821909656 -0.146568910863665 -0.000832512271452202
-0.0838834827451052 -0.0955107130113144 -0.0242122133855802 -0.0223660626712978
-0.00276739330683692 -0.133456356421484 0.0417260954382332 0.214400192519565
-0.0582596234728891 0.045466184639298 -0.113490242245251 -0.217558042385243
0.0258242091264724 0.0465692138893962 -0.034164519052191 0.0234332334854492
0.0562679361593423 -0.00847057551058485 0.160538966097928 -0.011960612533859
0.0035462588913171 -0.048927239419048 0.14710690279813 -0.161401679870994
-0.0293104032181782 -0.0203175312377615 -0.00469703367127724 -0.240276086919127
-0.0183587462676793 0.0092978049481032 -0.140863019432033 -0.175427159797471
-0.0145599689764577 0.0078978825806195 -0.177312411293105 -0.0860400841990164
-0.0108732094590921 0.00391928410267266 -0.156591193142967 -0.0340380711226986
0.00036226114974011 0.00370681259238164 -0.147572391687248 -0.0156534463347406
0.00470772584528219 0.00471892035488882 -0.149790828147236 -0.0131520328839769
0.00470542210919701 -0.000268419168090147 -0.155604373000837 -0.0372442953244421
0.0182487193364155 0.00988999248672975 -0.171550501772835 -0.113945861480043
0.00917448302091771 0.0354173154405532 -0.1389156028074 -0.210979359186457
-0.0514273556610814 0.0400661589237964 -0.0709530632744007 -0.25601175709715
-0.0917195725939981 0.00675614781829653 -0.114773307158252 -0.24571180475392
-0.124006340167785 -0.0319237912291127 -0.0666054374089883 -0.220191306772814
-0.0619112460848907 0.0182341434895007 -0.0119706528186256 0.0278391357121861
-0.0218502501789021 0.0342680025183345 0.187489626118636 -0.0129437224790479
-0.0201681968155367 0.0312157695052991 0.171260174288026 -0.175171557134113
-0.00691660126082303 0.0377940235273457 0.00297057494134873 -0.249779197711152
0.0240330141711045 0.0450781777898933 -0.137563567812226 -0.178885284706755
0.0471081277305751 0.0208528128664099 -0.169364756573939 -0.0784382782298139
0.0511673976906293 0.0100200737339671 -0.143713600988947 -0.0249303673748347
0.0636273344460129 0.021767572404696 -0.135398652500549 0.00119740630596602
0.0503669505568809 0.0588184217975613 -0.140896959154096 0.00888910754540795
0.012683055207868 0.0745748445693717 -0.154158689522159 -0.00859669141860118
-0.0378097268170118 0.0918867571722401 -0.177616182163199 -0.0868553730738331
-0.0894390262396943 0.05270204456186 -0.150974621630392 -0.187174767716653
-0.135653489513346 -0.0206718304499614 -0.0829547347278231 -0.213338821178583
-0.156168227002525 -0.091686838478823 -0.104894980732668 -0.193479818569507
-0.167738929789699 -0.114380202341669 -0.00945130587285544 -0.184780659743553
-0.148361325924225 -0.0312970679753374 0.0185428080877204 0.0572184375197303
-0.114758302732836 0.06467122875094 0.221469763254258 0.00886026198121962
-0.0580601845001691 0.116053935046042 0.206969224890019 -0.171854992377713
0.0122166705251105 0.103231547695063 0.0264265721025869 -0.246686708552206
0.0637810792734897 0.0846622951583681 -0.114169583463775 -0.173128150126467
0.10251203437369 0.0376649188289698 -0.139999705175365 -0.0648007152014677
0.106055582593113 0.0148030962372996 -0.110036496686332 -0.0125584957317647
0.117174194419289 0.0297167521983808 -0.0999954640214402 0.0210901607171155
0.093716380743643 0.0920796593528799 -0.110385340673744 0.0424640645788999
0.0354665499560003 0.128381468435396 -0.138487665822406 0.042350318713621
-0.0588410155445902 0.165730990828431 -0.184989141048852 -0.035886566759932
-0.155970435099747 0.0889434440616542 -0.170662451235397 -0.147998903160283
-0.20221994862749 -0.0491867765996761 -0.0884099514874439 -0.165916153757014
-0.205071391799587 -0.162620544044727 -0.0781220588609973 -0.117616010814336
-0.181689249882849 -0.184873422067876 0.0492231157942114 -0.109892945243648
-0.21372791379009 -0.0943720345666463 0.0523776758178 0.107627165469768
-0.205036111178148 0.0709103000543075 0.246531629968307 0.0527129270993471
-0.107196437805078 0.184748602422808 0.238925415055365 -0.14053683426876
0.0213406480007357 0.163782044272583 0.0583450590461947 -0.218877956299851
0.0922726302802031 0.11994267736039 -0.0724897727224237 -0.150620583655553
0.14303339612575 0.0526615107140888 -0.093622978474463 -0.0446015132597203
0.144954823365227 0.0164107054231409 -0.0616262901552107 0.00254289706933057
0.152791415075066 0.0267296068633728 -0.0487451297752753 0.0402162210274332
0.125473724192121 0.101536861500933 -0.062926251652728 0.0754044319669829
0.0608534349685947 0.153060716454152 -0.105198001671013 0.0953230785088427
-0.053323237939899 0.213217961753804 -0.176585393958884 0.0222937221929315
-0.184833666687935 0.123318184167012 -0.180149387451489 -0.100245814343681
-0.237457744242008 -0.055735104090478 -0.0824208325304919 -0.122455282678209
-0.227350337640116 -0.200727336163673 -0.0381471106245446 -0.0361669548007428
-0.163246156851231 -0.224896361378706 0.0989500274775032 -0.0067538121732599
-0.237095945504523 -0.153958965769981 0.0816088049473448 0.171072992157705
-0.264584951976597 0.0473055604034499 0.249290683656613 0.109462658483585
-0.154489476987329 0.214973199905369 0.252110001506226 -0.0825390779943191
0.016674263488787 0.201448158085558 0.0887621827460555 -0.163185645962948
0.103037270792033 0.140119184996798 -0.0197695339028559 -0.111055162753711
0.160860457943948 0.0608915721095908 -0.0358866348854352 -0.0197263486038789
0.162320649027853 0.0156686756499949 -0.00518512381557526 0.0174931232296738
0.164937006973789 0.0191698134249199 0.00933063837326885 0.0545594401592958
0.137996766064805 0.0941822827316793 -0.00786880501699906 0.0997931204185104
0.0746166745451362 0.153200720892763 -0.0630628615603016 0.137253051001153
-0.0428560623222752 0.224129975913933 -0.154465786936051 0.0721522901354505
-0.186563856287035 0.133189937453759 -0.175327986604825 -0.0557315119111495
-0.237890775691413 -0.0596565322989572 -0.0652304357684337 -0.0859954062204073
-0.215746786303134 -0.212793627010394 0.0069513021595662 0.040699346580924
-0.118633651709361 -0.220537119540055 0.131526757431113 0.104218806050966
-0.208430852026808 -0.184381164361938 0.0979794443088615 0.232462084235952
-0.267774907241206 0.0092362297459111 0.224572869662179 0.162464251468611
-0.175233600371286 0.197967938802854 0.236921640549295 -0.0132294121710807
0.00593058289495254 0.199973949259579 0.109596398720716 -0.0904715360764108
0.0953297561806188 0.135914440290511 0.0337266492767642 -0.0588485415311643
0.152406740542054 0.0579546589460863 0.0240790157841248 0.0058221062072448
0.155101112817357 0.0116157640184353 0.050417501420449 0.0311407144012035
0.154985545333436 0.0104806181963531 0.0648947896535407 0.0649786829775664
0.13090924615194 0.0765784673437475 0.0436326881695681 0.117152894946998
0.0742622385451967 0.13564662527262 -0.0219105067510563 0.166163789134877
-0.0381222431808908 0.205256275627735 -0.128235146547087 0.107590766867676
-0.172572658356981 0.117466110741013 -0.161859952459968 -0.0194618062858268
-0.209811145770875 -0.0691665565736974 -0.0464525398174385 -0.0568710803212227
-0.169924365341415 -0.204428569821369 0.0454882546850336 0.107920394798598
-0.0561148362521825 -0.171239392826891 0.144319700426798 0.200268022225237
-0.14186031466802 -0.16745722510189 0.102899650343488 0.27570264290445
-0.210487143278452 -0.0175555697493779 0.184121773443166 0.199125000979489
-0.150340213887758 0.146498268155939 0.20507533748545 0.0478471585665584
0.00132873033100593 0.15560157569549 0.120466273934819 -0.0222903683383994
0.0725421635678337 0.102776677859871 0.0799743302258987 -0.0101722811120466
0.11881883281008 0.0421217969383326 0.0770781026645498 0.0257061171471105
0.123972899702862 0.00426360813821692 0.0972082239470925 0.0407471670719386
0.123941371996211 0.00302511022968105 0.111830517314266 0.0722692363750623
0.108995487666667 0.0535802853024446 0.0846854040906365 0.130181707253818
0.0634104015915032 0.10763163150745 0.00749341671206383 0.188028807416656
-0.034471673355148 0.166458683057581 -0.10961902946321 0.130055308168638
-0.145809236187172 0.0840476436005674 -0.148488120121549 0.00754708873206913
-0.161223825869252 -0.0787156554814348 -0.0311874802455155 -0.0329801557003825
-0.102148460614164 -0.175903164461113 0.0716441803191742 0.162602017818605
0.0152624311799778 -0.0881214907223272 0.13832186716214 0.257652714893672
-0.0535128863822542 -0.108977318858723 0.102240445990142 0.290622619076786
-0.110714439512051 -0.0244832377187323 0.147289210850145 0.215336892307796
-0.0845516606173515 0.0769182725603416 0.176249420827996 0.0887513537830414
0.00502852863539591 0.0808515780439202 0.131008952784148 0.0221161862689669
0.0402622576904245 0.0478746751710486 0.114567670227208 0.0184964719560842
0.0656646796625273 0.0167561532781283 0.115156720600471 0.0327425964147667
0.0738827992985901 -0.0048725551336391 0.128986555675596 0.0447257975851077
0.0767163796045648 -0.00411075602106092 0.144824927789149 0.0755449581146326
0.0753888892310749 0.0258607130466921 0.110625410513342 0.142110387244017
0.0471724269335033 0.0714369876509416 0.0233483121132658 0.205657112974593
-0.0269511948591117 0.113661618441522 -0.10403798685235 0.147855537368161
-0.104744260803424 0.0428806515724914 -0.145658714601936 0.0274223770799014
-0.0966618213118131 -0.0788310994806002 -0.0257473629198019 -0.0171797316009609
-0.02154366802484 -0.125511550726378 0.0798738624724108 0.199267883554618
-0.0558900352426284 0.0468736818640708 -0.116258700712357 -0.216113473661241
0.0259616991037042 0.0466408030268062 -0.0344646085676254 0.0246269064465328
0.0556874854257616 -0.00964041646494269 0.158643047378278 -0.0140191176975923
0.00286991663801853 -0.0478072998296507 0.144603044670794 -0.163726375017639
-0.0288483062774933 -0.0188580480623981 -0.00804796791458457 -0.239415554827692
-0.0168261601336237 0.00933729419385897 -0.142331851671181 -0.172079766787208
-0.0127645336974336 0.00781679571338406 -0.177424715658728 -0.0817115277135572
-0.0101867982153587 0.00460698872754299 -0.156757723213536 -0.0316305447183599
0.000806992578589344 0.00391010043796979 -0.147499835638493 -0.013414440707709
0.00538122408844461 0.00459048524937786 -0.149093336149153 -0.0110248859814533
0.00430982436671888 0.000156448602697726 -0.155408435849503 -0.0351821351981992
0.0169544731068018 0.010325109191494 -0.170318523937217 -0.110053365934194
0.00765444956365884 0.0349644105870891 -0.139728941019741 -0.207057885214435
-0.0510455999604892 0.0403193654348231 -0.0726485660122643 -0.256566449934889
-0.0894329049263813 0.00758941612853351 -0.11769530012687 -0.246660404891833
-0.122746647979417 -0.0299374571232642 -0.070361295326049 -0.219387481248229
-0.062144243488239 0.0183271420890518 -0.0130091789446726 0.0288864144371534
-0.0218138658444496 0.0341061302786079 0.185035187012646 -0.0154361019858015
-0.0192840638986092 0.0328174646953713 0.168157795862208 -0.177265873350361
-0.00550295363434282 0.0390436629516884 -0.000614057628440927 -0.248897797469314
0.0260793043242232 0.0448194261884371 -0.139207365349922 -0.174917451470642
0.0479501645692482 0.0199108388742106 -0.168742165857679 -0.0751469672087858
0.0515042535288871 0.00921216727165782 -0.14259239538177 -0.023507950317512
0.0640557019408794 0.0204126634629116 -0.134270703785024 0.00234858691162309
0.0518363083084681 0.0581847580582783 -0.138991461599834 0.010491906325821
0.0141760133940755 0.0748985727873703 -0.152263636274094 -0.00657391025539103
-0.0368133438995236 0.0928623109310795 -0.177244097489425 -0.0822892029690172
-0.0901376403229303 0.0539268686954102 -0.152596430670665 -0.183440286740588
-0.135888908934273 -0.0197347243045566 -0.085520480540528 -0.2137077815449
-0.154846043015313 -0.0887962599447445 -0.107222298456202 -0.195287732879477
-0.167860631151072 -0.111961147981744 -0.0130844167928997 -0.184924943017125
-0.149224862217774 -0.0298599901102445 0.0172117070073836 0.0566767946338362
-0.113275856186923 0.0657517503615754 0.218873108030129 0.00628397111587531
-0.0557886088656694 0.118347484699134 0.203238121210595 -0.173770174604235
0.0142035845765009 0.104157360367766 0.0226412820819516 -0.2458489567848
0.0658193958393538 0.0835498931717714 -0.114613833350122 -0.169565958316023
0.103212173415931 0.0355184593047069 -0.139181431381676 -0.0622784071062166
0.10552739961582 0.01277053716878 -0.109267179549239 -0.0117886812507631
0.117091600422174 0.0272287181912513 -0.0981199209120853 0.0219363381818299
0.0960297730061523 0.0908657099273194 -0.108397189488395 0.0436742028635107
0.0375439746453615 0.128194542162023 -0.135923649444039 0.0438585438239331
-0.0557858121291715 0.167470977915957 -0.184428370533521 -0.0318245690685087
-0.155557280785786 0.0919000607345808 -0.172248284931764 -0.14439958121367
-0.202711764990089 -0.0472171969134661 -0.0911265492808571 -0.166091174319899
-0.20466733172678 -0.158545207172117 -0.0796730658335597 -0.119927582355771
-0.183060019637982 -0.18155815488775 0.0456503681124157 -0.110813192698419
-0.215047696339525 -0.0922113090018569 0.0514104012153105 0.105962996921449
-0.203097459580844 0.0739607665348981 0.244332605992386 0.0490025267490041
-0.103357959804895 0.187707801678687 0.235227938554193 -0.142555346819797
0.0240316157926582 0.164582471725562 0.0548380503689309 -0.217957264987575
0.094709690177276 0.118734367900822 -0.0733675170565901 -0.148072676400707
0.144058792482363 0.0495337113215751 -0.0918626732493824 -0.0437412246535025
0.144087694716877 0.0138166706720068 -0.0604762779460738 0.002561149045942
0.151860447315141 0.0230221057559893 -0.0470033922564548 0.0400894711437154
0.12755523162629 0.0991346601585698 -0.0603697451772554 0.0752600328226865
0.0637119191491833 0.152570888597931 -0.101990538787472 0.0966975844449787
-0.0484507423257688 0.213262541175211 -0.175239939011446 0.0271587890516475
-0.183123562679641 0.12656029610676 -0.181815760629619 -0.0965113945602372
-0.238081653795263 -0.0530464755579172 -0.0850542524941036 -0.121733146113323
-0.228239123023298 -0.195781625887413 -0.0381566542740145 -0.038658174041451
-0.166190770050784 -0.222009517803443 0.0967795080299337 -0.00781092915041374
-0.238384246099282 -0.150908574618383 0.0800792219989667 0.168922456511585
-0.262349481000429 0.0517014891987682 0.246932325885417 0.105641449295026
-0.150514383389496 0.218485154753546 0.248739235683209 -0.0846741338412429
0.019942796174609 0.201881788692817 0.0860022579118593 -0.162721242840351
0.105667028563007 0.138910683301738 -0.0204264650912971 -0.108901081923873
0.161338334132509 0.0580354388653051 -0.0336935362889967 -0.019392694994531
0.160951695177798 0.0124010245255353 -0.00346002690441195 0.017114566163475
0.163719734875639 0.0153175073361094 0.0111010103088915 0.0534838525073117
0.13894316527045 0.0915758763795373 -0.00504745364682286 0.0994006143609905
0.0774750482398689 0.152041472473999 -0.059142081644431 0.137063875844586
-0.038772382982023 0.224010363443475 -0.152557715121465 0.076245019153293
-0.184395334798657 0.136293660924239 -0.176509469515041 -0.0517905180154689
-0.238140552685173 -0.0566846656086728 -0.0673720581166125 -0.0853946778766219
-0.216420347403299 -0.208021598364964 0.00792477140473751 0.0382367969416447
-0.121755432311523 -0.217757783924068 0.131178352991942 0.103430509033846
-0.210875634720219 -0.18056939086019 0.0972518035998054 0.229761363431272
-0.265892139631274 0.0147555459422276 0.223989313799519 0.159092578010974
-0.171064961473731 0.20133135459302 0.234383049583339 -0.0154731847203045
0.00932833000644318 0.199745241842695 0.107558136451632 -0.090117723916512
0.0966999345649382 0.13454523557937 0.0340441265896942 -0.0575954668360112
0.152545317616771 0.0551348107139706 0.0266831191380296 0.00520519487115262
0.153165040255568 0.00846010637983866 0.0525372299437697 0.0296208309527031
0.153460998070232 0.00784097737329305 0.0664830032910025 0.0631535274548352
0.131431005709765 0.0741890467674401 0.0463468584312621 0.115513954626835
0.0762445378832514 0.134523504491598 -0.0178671110104375 0.165714118730408
-0.0345158774322498 0.204710499514741 -0.125627297759978 0.111051879010754
-0.170038003127711 0.119820331103981 -0.161956997606227 -0.015607140492888
-0.209648705244842 -0.0661920079148275 -0.0481649009759416 -0.0560909295147541
-0.171862466813022 -0.199532374008016 0.0473791328714867 0.105481943527519
-0.058361688769174 -0.168655375884846 0.145410282348696 0.199714236441697
-0.143966089189572 -0.164272105784456 0.10301338014009 0.273649809324325
-0.209123882829448 -0.0138214355961 0.184441440582958 0.196371904437908
-0.146712649909706 0.149426298837721 0.203068624822376 0.045736610422025
0.00385428131268446 0.155550147390964 0.119360950010717 -0.0223527823962219
0.0734195454875761 0.101784900649693 0.0809513886367348 -0.00985028110074235
0.118889196856313 0.0397276536444199 0.0796645262038469 0.0242803563363574
0.122212843578784 0.00142766294671112 0.099893418337692 0.0389807694025521
0.122900773816981 0.000721466268840973 0.113306958036663 0.0699342970866738
0.108566739717791 0.0510537288269736 0.0861248245354102 0.128331191640996
0.0647331087624985 0.106374804355972 0.0113718649275383 0.186783323850827
-0.0316154070069895 0.165616153675196 -0.106896821999836 0.132582343015324
-0.143282887896345 0.0855490640525541 -0.14883608174314 0.0108484626598167
-0.161301349338911 -0.0762311902726218 -0.0321515043569135 -0.0322779935716907
-0.103816513274925 -0.171504701508204 0.0738116758922779 0.160154159172991
0.0136011062513771 -0.0868438813215956 0.140607704146029 0.258409895536615
-0.0543811588362749 -0.106186901578103 0.103325393159028 0.288937156132247
-0.109454431027779 -0.0213622680669326 0.148672890678579 0.213405216211921
-0.082063287620724 0.0790222983780338 0.175812302463264 0.0871149062102827
0.00614908364296916 0.0804286860189393 0.130510269029928 0.0209775583226382
0.0405829203936342 0.0473311350607619 0.11563531732985 0.0173070432593666
0.065540847151304 0.015500458548213 0.117359298547439 0.0308575301814668
0.0726156973904845 -0.00653557085303587 0.131128490615105 0.0426157229121734
0.0753611511065095 -0.00612421174723481 0.145074081341117 0.0732545185474132
0.0745040278909435 0.0242824109109664 0.111586612548679 0.14026213722614
0.0476830459322865 0.0704782534992984 0.0274704594177601 0.203442073337809
-0.0245965523319692 0.11286677350085 -0.101856932247585 0.149953184280456
-0.102755319310985 0.0440945851272913 -0.145075355700415 0.030025256033089
-0.0974445058841832 -0.0767486718639907 -0.0265676938187159 -0.0168467440825996
-0.023410165892188 -0.122293198014596 0.0831758156606462 0.196677852201087
-0.0561475429854574 0.0487974017404543 -0.120620326756434 -0.223840994236152
0.0268055535037671 0.0483163103528399 -0.0363928645862665 0.0272174404656923
0.0561090694226317 -0.00986845608001843 0.163387333056158 -0.0135154611011408
0.00332250564030836 -0.0479367459714084 0.14838018457544 -0.169462746929856
-0.0288584263271107 -0.0182303561140899 -0.00837542300740842 -0.247515505083502
-0.0162250107705238 0.00914361409693279 -0.146009386685541 -0.176615557041235
-0.0125728970776815 0.00798566230077834 -0.182432072772073 -0.0836461885046053
-0.00994341366744459 0.00508594460287953 -0.162180914110543 -0.0334895430866078
0.00161234847196708 0.0042459345498116 -0.152314793792324 -0.0145480664895185
0.00589507249665989 0.00532895051332965 -0.15362840310792 -0.0121943556388476
0.00415491170756402 0.00121960747953933 -0.159156096752337 -0.0379813657319169
0.0173310647698802 0.0118519903139068 -0.17320865161605 -0.113731292035396
0.0061354711567923 0.0361766113764422 -0.141986273110303 -0.212961647064449
-0.0535266440785485 0.0407049522550558 -0.0740052922975594 -0.267341254880089
-0.0909959563540491 0.00720112794285801 -0.121644681609012 -0.258066679201749
-0.125313563696835 -0.0307782663033603 -0.0739814049904654 -0.227636933327428
-0.0647847425311721 0.0184243596288762 -0.0146538397818518 0.030522592189445
-0.0228756603382148 0.0352631425551301 0.189992535693847 -0.0150155844632859
-0.0195356509014564 0.0356038793858541 0.17232095190997 -0.183247737990637
-0.00488659102222239 0.0419534673399904 -0.000352392747751151 -0.257082843598799
0.0288265122829794 0.0462405798106687 -0.142381796676131 -0.179647803798003
0.0503399868379516 0.0203622649348258 -0.172844125125094 -0.0767296855658476
0.0530486868582786 0.00948142033320969 -0.147510104413593 -0.0251527942451184
0.0664725926829521 0.0211139832502011 -0.138189116427911 0.00219223352954062
0.0545156833990501 0.0603503974638527 -0.142791539985998 0.0100343226403017
0.0145577239048154 0.0783223725675445 -0.156016997871892 -0.00750569572000698
-0.0386332908933776 0.0969139179047127 -0.18146627840757 -0.0844385877002209
-0.0948241544122517 0.0559387131382284 -0.156510500643092 -0.188993628280621
-0.14085816658113 -0.0216068731824598 -0.0874675061854223 -0.222231236763721
-0.158096445120837 -0.0921829555326114 -0.110595991741213 -0.205690519959647
-0.172172991666271 -0.115606649964857 -0.0147540938494265 -0.191892885063268
-0.155466090232256 -0.0320957129228647 0.0162850683244823 0.0590786735440083
-0.117391938242182 0.0684806274048797 0.224055893332456 0.00698980558522072
-0.056819372202513 0.123551508285738 0.209065741787565 -0.179080259349944
0.0157035768205864 0.109237547279099 0.0240554335049632 -0.253555688448691
0.0695190009131315 0.0866498228636345 -0.117764071760023 -0.17343555307454
0.107540114259307 0.0360667424275913 -0.141972456287324 -0.0647096556077654
0.109064183837481 0.0129564822963335 -0.112198577964599 -0.0130255642424885
0.120690444898808 0.0276793963258726 -0.100601676023304 0.0217406643638675
0.0998582989384744 0.0937247980389456 -0.110579670591517 0.0442922233666039
0.039669847578204 0.133199391005331 -0.138984751721814 0.0445865254002668
-0.0580158124874461 0.173820039495324 -0.188941630243718 -0.03134292334397
-0.161833211784098 0.0955736053902242 -0.177638347488435 -0.148956736402912
-0.209935148913581 -0.0507819945849857 -0.0941496290207997 -0.172915708619478
-0.210264673751991 -0.16370500380672 -0.0823448535460006 -0.127497635894767
-0.187970821732907 -0.187967308225426 0.0459460742693131 -0.114591902587383
-0.223448990594663 -0.0967587214957584 0.0499287863723357 0.110120010047439
-0.209691023813109 0.0763536908460237 0.249513518590132 0.0519852277632971
-0.106141750708373 0.195960771403762 0.241602922941325 -0.146567657688707
0.0256739268518787 0.171595128495275 0.0570396069785961 -0.22380672853818
0.099239540303708 0.123220242050312 -0.0741990092425596 -0.151291609019066
0.148920358209956 0.050531407242142 -0.0925659903570884 -0.0455487927901247
0.147994545820675 0.0131448851355068 -0.0612371173460794 0.00187123838845946
0.156133755184488 0.0235768028684659 -0.0469603508425959 0.0403798359801575
0.132503345942884 0.10244397613632 -0.0603810878606493 0.0774755315617718
0.0671457666735258 0.158180929924203 -0.103646934347635 0.098997278314569
-0.0504894850123709 0.22122248116729 -0.179800372051244 0.0299409580379356
-0.189610596798074 0.131455182871047 -0.188296970072523 -0.0989145647756084
-0.246434269674805 -0.0558539374485137 -0.0881192491198183 -0.12691736794048
-0.234141015042644 -0.201682693530766 -0.0398569997483646 -0.0426060174978634
-0.169953743675059 -0.228405115495305 0.0978010165677232 -0.00713821669775361
-0.247076257740955 -0.156534583091008 0.0788447847901863 0.174516906413214
-0.269961718372867 0.0539078280859477 0.252559997140565 0.109310554317787
-0.155309349627091 0.227941768432054 0.255708678157623 -0.0862914412754135
0.0209164374250693 0.209769612607338 0.0892168469376594 -0.166347803335805
0.110170327589617 0.144036290258603 -0.0198933684768384 -0.110590479775891
0.166810332343204 0.0593623202662489 -0.0320275249224861 -0.021251703848691
0.165048555902984 0.0115055803121055 -0.002216049825471 0.0171244593914501
0.168009020225496 0.0151937245391237 0.0127726782621159 0.0552706080192323
0.144121472127011 0.0945892372528981 -0.00366168036722712 0.101581890784314
0.0806251360171652 0.157697800362692 -0.0589631974690008 0.141543183157776
-0.0394129738196053 0.231641558671183 -0.156387757227541 0.0808520784683568
-0.190160873846658 0.141152871952641 -0.183209276551112 -0.0519180066909372
-0.245978842739905 -0.0599133404729277 -0.070812105265921 -0.0888056850351026
-0.221658194337326 -0.214218691129009 0.0076781122854682 0.0377249691453296
-0.124714766780137 -0.223948845731996 0.133419748968677 0.108912590183976
-0.218008516581796 -0.18715464729932 0.0963827006281781 0.238339942186804
-0.273129633905321 0.0153629794853704 0.228452372424962 0.165089939150815
-0.175500766820388 0.209968336930364 0.241086302820218 -0.0151957651549701
0.00977285777432497 0.207080621401353 0.111405483650074 -0.0916681424976734
0.100876198779788 0.139680312365499 0.0365847631536117 -0.0584342369645802
0.157509534309694 0.0566171193238625 0.0300048093210337 0.00471712622661689
0.157391683087108 0.00724151803548836 0.0563850598198369 0.0303770496147129
0.157150512881441 0.00709229244414841 0.0697637144022982 0.065679791235349
0.135697145762847 0.0761425801020285 0.0482472057465835 0.118761669712527
0.0792909026116112 0.139282697594922 -0.017293516136183 0.171349775738005
-0.0350423048559423 0.211600677463649 -0.128525421675579 0.116345693437363
-0.174669400849036 0.12374883111943 -0.168567747335174 -0.0150113526494654
-0.216127681230516 -0.068561046237888 -0.0507068376728504 -0.058534721784072
-0.176187922971718 -0.204828656496228 0.0491039662419734 0.107369524320823
-0.0601629724509993 -0.17329751095 0.148059113221128 0.209235036456138
-0.147581093348857 -0.169048310206084 0.102201646319277 0.283640072906862
-0.214145089344792 -0.013539255500156 0.187995362763417 0.203253894910661
-0.150246771656828 0.155850673564496 0.208907834273449 0.0481494063678485
0.00370651831198129 0.16101108415223 0.12288037614703 -0.0216890943059444
0.0760322429908382 0.105694170670436 0.0845142983573822 -0.00924494183056876
0.12215870592279 0.0404641301888798 0.0847142690981925 0.0245001166886655
0.124910629122157 0.000816685923714488 0.105609165794079 0.0401867336782119
0.125234431403921 5.92649184426959E-06 0.117374778998029 0.0727798745329709
0.111854008343449 0.0529816684410168 0.0894616713402947 0.132282551921843
0.0671881588217373 0.109969341660432 0.0132212557664387 0.191852980411854
-0.0325410589033345 0.170907559406051 -0.109500849345075 0.138639822356097
-0.147074533281284 0.0879054654455397 -0.154726515420642 0.0125116399553803
-0.166124295343701 -0.0791824023067046 -0.0341128228859922 -0.0336807609958817
-0.106483418183936 -0.175432450908685 0.0767911636721569 0.16412022645352
0.0137029250008393 -0.0878313338891188 0.144313728708547 0.270821352628369
-0.0555236015234359 -0.108833625063574 0.103351107047783 0.299887307705154
-0.111290917187051 -0.0218473265756662 0.15204264240432 0.220778497363897
-0.0838800461007923 0.0826573206662801 0.180545335128384 0.090111055791589
0.00591749654947504 0.0823985906994915 0.134695817068719 0.0227011602405226
0.0411635778884414 0.0492494214723144 0.120403223483109 0.018169933967471
0.0668826492906192 0.0160213131072148 0.123319502679029 0.0315855353524289
0.073681230990808 -0.0071867079560866 0.13766832719829 0.0433571703426598
0.077001545874989 -0.00619453988552532 0.149833301426277 0.0756351633783708
0.0763782595554061 0.025193768912378 0.115306560239816 0.144723147532777
0.0491995874964271 0.0726884492795539 0.0284677502604379 0.209544166649063
-0.0251457602402474 0.115849544543085 -0.10450327544203 0.155118588073091
-0.105388514638997 0.0441054291042982 -0.150022290247039 0.0324351404591289
-0.10038031548999 -0.0786129346677999 -0.0276682732293655 -0.0174443670739031
-0.0238962737814063 -0.123714084563229 0.0870262948388423 0.201923118565104
-0.0573157807167126 0.0528989907720935 -0.133985142507494 -0.23850953845737
0.0292483706009922 0.0514470691390891 -0.0387936875449469 0.0311321936558204
0.0590543203686584 -0.0115529878256001 0.174455409935161 -0.0160125913985474
0.00317761452914026 -0.0500053011908364 0.155893950792473 -0.183236890899012
-0.029853307559153 -0.0181027254927256 -0.0123444870864782 -0.264651303935953
-0.0160038027192015 0.00984962803997304 -0.157430492639786 -0.187064741653372
-0.0122230932442442 0.00853904468675028 -0.195751824754982 -0.0852863358115326
-0.0102174310621139 0.00602555655383481 -0.174872741115918 -0.0336998923067764
0.002481389983912 0.00497893005505491 -0.163406471598619 -0.0130399278760371
0.0069632964288778 0.00613157491927102 -0.164443693274803 -0.0110593117911119
0.00449335903392578 0.00206075696310604 -0.170044965382421 -0.039618213650642
0.0178009894353179 0.013051890924279 -0.185205823686687 -0.119868104043871
0.00514881059049274 0.0384173833444761 -0.153224996082173 -0.225488619395083
-0.0577654785668238 0.043784929672375 -0.08070961148867 -0.287202374858285
-0.0960750727427108 0.00809418320383522 -0.133599162271999 -0.27825285345741
-0.132601913053562 -0.0316818520503364 -0.0840010131369971 -0.243328210359158
-0.0695774419678643 0.0203833665026335 -0.0167815915033873 0.0337860044449016
-0.024839676460298 0.0382017061800011 0.202313484464539 -0.0172934907138754
-0.0200690998490929 0.0402135501955555 0.181428969202556 -0.198769821454808
-0.00345805892935631 0.0465109556828673 -0.00311459158802821 -0.274791884992741
0.0327548200849038 0.0491928685141223 -0.153415517617802 -0.189636286308441
0.0550562533488488 0.0208055716100554 -0.184568583254903 -0.0788206284728026
0.0571349490895025 0.00945862896819056 -0.158545467108669 -0.0254971581379118
0.0717836599630635 0.0217378168181163 -0.147694523204474 0.00367929006158382
0.0595313764878064 0.064528673985157 -0.151879640615917 0.0120861283688392
0.0167519800043939 0.0845800148860515 -0.165881735139296 -0.00766761827426956
-0.0402984344781223 0.105472222026638 -0.193430012339448 -0.0877009558854918
-0.10226361323823 0.0617263776653256 -0.169255559018575 -0.199971614325051
-0.151769471078037 -0.0230738018413729 -0.0961431937749689 -0.239021010395944
-0.169111651240376 -0.0976972429526431 -0.121742311626367 -0.222039736368377
-0.184676026861247 -0.121584061308795 -0.0209620322760762 -0.205848020232215
-0.167207248641106 -0.033445477262283 0.0153328950953738 0.0639965973748274
-0.125139115747527 0.0750712099572998 0.239078661029527 0.00566557869539606
-0.0584545794064602 0.135717549932948 0.220806551670399 -0.194528712672645
0.0194192157727309 0.118306395185147 0.0231783837194257 -0.271251647908863
0.0771159310878141 0.0923005947374449 -0.12702031066553 -0.183353743894585
0.116098969882186 0.037228634519907 -0.150607807694203 -0.0679874745119848
0.116109467876025 0.0114963549856578 -0.119925693522284 -0.0131271716223167
0.129613480929405 0.0277730395979835 -0.106610059266907 0.0241714135509394
0.10878962653375 0.0990952415498227 -0.116628437263108 0.0486284708320279
0.0445296894058157 0.142786328305216 -0.146633408781662 0.0490939472248135
-0.0591877719147982 0.188028817340696 -0.201727251684145 -0.0300830694381866
-0.173042850482005 0.10474878989895 -0.192319096140358 -0.156201493217053
-0.226700754417372 -0.0528380629714873 -0.103176743043209 -0.186026492092673
-0.225239678118895 -0.172996089163256 -0.0904463894137266 -0.138890278490136
-0.203161620278011 -0.198610752542159 0.045026640479832 -0.122508721991952
-0.241731152911726 -0.101325130960076 0.0521676772199933 0.118233706079729
-0.223174003937603 0.0846610528717442 0.265370170607271 0.0527312777640329
-0.109973283133905 0.213840900720174 0.256085090302595 -0.15945181795933
0.0306800647932509 0.185709976595018 0.0587823549383126 -0.239496047998132
0.109184378233806 0.130941674651157 -0.0797483094504437 -0.159530025294046
0.160657285651175 0.0522893831259097 -0.0972785982396702 -0.0486683277301841
0.158342357856359 0.0111871094204862 -0.0641494139498876 0.00209096944456496
0.1665611717128 0.0227755961971979 -0.0486796702420619 0.0437094630475487
0.143759708326862 0.108046079154641 -0.0627126946619863 0.0829388029367516
0.0744343841530222 0.168890744932801 -0.1080826188397 0.10656002341989
-0.0503083275287124 0.238768840606737 -0.190719969044917 0.0364752417428983
-0.201590065418384 0.144449885814896 -0.204008283532448 -0.102858180578694
-0.26546914481753 -0.0581994854917067 -0.0970141727861448 -0.135172183551887
-0.25203245447346 -0.213750380270136 -0.0438277635967439 -0.0478057826115499
-0.18520136693159 -0.242878941552619 0.102655337512923 -0.00720116751587545
-0.267675396746617 -0.165716231444165 0.0832010637548371 0.187255831500081
-0.287650608869654 0.0616420121830843 0.269251013116448 0.114545374583756
-0.161008941041525 0.248023288092184 0.272330693812363 -0.0956727390360771
0.0256698476655549 0.226435541317638 0.0944300148163506 -0.178659193319564
0.121038645674836 0.154072454262863 -0.0209215571841202 -0.117118368290869
0.179400318539472 0.0609539482170338 -0.0320674531878842 -0.0234285933410268
0.176361607945505 0.00907675710492681 -0.000429455603045688 0.0172399748275868
0.178776590725829 0.0134171918122608 0.0156629476720574 0.058033354361
0.156223153642631 0.0989871522924962 -0.00177095133131851 0.10844131610853
0.0893135837048576 0.167739901687678 -0.0599739384579909 0.152114663280157
-0.0390171391187734 0.249036090342203 -0.164610467604985 0.0904133707198043
-0.201420405675398 0.155039593725725 -0.198412761650157 -0.052231057986151
-0.264360805577851 -0.0617414757790994 -0.0779500136317531 -0.0946311010413224
-0.239513839746926 -0.224809571650914 0.00881378092105972 0.0380635492695452
-0.135941515181939 -0.237985041384633 0.142413459668723 0.117669758346579
-0.236749432040821 -0.198190292343766 0.102609432238116 0.255553714668839
-0.291234844174417 0.0200453536344002 0.244819499168868 0.173852547843198
-0.184399149893608 0.228952072523547 0.256748131339266 -0.0189334566254028
0.013221677530748 0.223322099656359 0.118342754568271 -0.0985748249282268
0.110507114269069 0.149404958168689 0.0399167919396652 -0.0619346504596188
0.168805670247633 0.0580692729822886 0.0347278272273249 0.00304597348169606
0.167701930746144 0.00454118576545761 0.0627762252045127 0.0306324923197124
0.166637750691523 0.00488824463898334 0.0769315814743432 0.0687935569044084
0.14675912710963 0.0793508464762247 0.0538023239912968 0.126274519596885
0.0876108464543308 0.147734470400716 -0.014274829529891 0.18271574252607
-0.0342781276473595 0.227424022573373 -0.134687301674361 0.128285015744194
-0.184842460747576 0.135399876019287 -0.182090286919517 -0.0123386611052987
-0.233069428820575 -0.0714220851512351 -0.0555891233313504 -0.0614331653044934
-0.190498132630298 -0.215192454406857 0.0543501610562737 0.113184760952695
-0.0665359201987582 -0.183498263807991 0.159965730089465 0.225864062823685
-0.160352874441836 -0.179589366664321 0.109606701026772 0.304864089059049
-0.228122164289243 -0.0117130080641296 0.202368588051402 0.215504010556714
-0.157161723708662 0.170786365276592 0.222549139597652 0.0489408958791409
0.00638535065013992 0.172675508125683 0.131711768058123 -0.023674500902278
0.0830946518946926 0.113134438299634 0.0916810711496039 -0.0109109114130898
0.130949002944984 0.041354028289617 0.0935638187959864 0.0236025532421501
0.132722871348247 -0.00203988265623101 0.115919069219134 0.040451032129309
0.132449207367167 -0.00173447987367437 0.127588805618349 0.0756994266416217
0.119699342367612 0.0545179394544116 0.097399213138205 0.140880172740334
0.0731405407804367 0.116535798274622 0.0175033973000197 0.204301345141716
-0.0321784111845283 0.183088340553987 -0.114426701188759 0.151250319335781
-0.155539660273388 0.0957269154226518 -0.166420663913341 0.0162821670584549
-0.178758589463486 -0.0821565419495847 -0.0380155120770132 -0.0350338398001231
-0.115404223904313 -0.184541497856032 0.085258131637397 0.173988029898051
0.0137572314675817 -0.0934695157554882 0.157741328036072 0.291864016357634
-0.0598204004914822 -0.114208936629749 0.112145354224054 0.322522242154592
-0.118082554998648 -0.0218908273994642 0.164386800581265 0.234734574224737
-0.0869204576520226 0.0906655948427944 0.192698713411239 0.0947862410166542
0.00697451969068308 0.0880956306625722 0.143870824865834 0.0236025341561925
0.0441155817560659 0.0527239126953391 0.130350169310567 0.017827694940201
0.0711207339204617 0.0160720320768602 0.134185863940576 0.0309985037750219
0.0775464635607451 -0.00936169007545327 0.150448204885564 0.0438396641997483
0.081479952922306 -0.00822801662066055 0.161449516853637 0.0792111980489361
0.081143777817301 0.0249322431302979 0.124688695305267 0.153831909738274
0.0536335609741091 0.076712326163331 0.0337532079658883 0.223149582541563
-0.0251391475898346 0.123719056413259 -0.109810609881501 0.168252649338814
-0.111314159734031 0.0477201763053911 -0.161423618961306 0.0373242101706368
-0.107761447425278 -0.082242441141631 -0.0305402033562045 -0.018403821633557
-0.0269807795805812 -0.130255094240192 0.0967726104609391 0.214694944778448
-0.0573708474239813 0.0595925898476823 -0.161179836927931 -0.25314744791888
0.0342345900529383 0.0545468457478828 -0.0411935589796035 0.0380658479356092
0.0626188086016529 -0.0156367113382155 0.189001117367082 -0.0260762031165946
0.0009885627221277 -0.0534334954978948 0.158398961640955 -0.208201715420205
-0.0322170214008559 -0.0171370713538817 -0.0281085747097989 -0.2876380984076
-0.0157246290275019 0.0111478081960375 -0.181315252445984 -0.194662383024914
-0.0120671809455723 0.0102772094808978 -0.216729449963506 -0.0813040500385897
-0.0100679460996462 0.00783419967754549 -0.193526293467779 -0.027343626885739
0.00410525265645545 0.00561828297377857 -0.180054354688383 -0.00629459442375754
0.00824693798088793 0.00734079684957156 -0.17952422763263 -0.00395393928980361
0.00488049495260297 0.00311232588741508 -0.187776991398446 -0.0354039768942618
0.0192885531548795 0.0143722278585194 -0.207104340681134 -0.121793641191998
0.00525371392673587 0.0418405794196269 -0.175846481229184 -0.237677385861878
-0.0619361236814863 0.0507153758404702 -0.101314858088013 -0.311059396645511
-0.102785103276804 0.013488521535873 -0.161652752719268 -0.300463977522962
-0.144321872126072 -0.0278226223746931 -0.107349638929356 -0.261218244169597
-0.0757402550162327 0.0257840542316129 -0.0174450470844861 0.039829432895574
-0.0258233303754017 0.0434892281820836 0.218951069256746 -0.0289968880836713
-0.0190625207675468 0.0469396595309494 0.186620824505008 -0.22591269532957
0.000328711461041353 0.0521439856513008 -0.0183553896510542 -0.298839235039162
0.0398711351663072 0.0517718334566106 -0.17576770587077 -0.197931402366766
0.0614406796719462 0.0195145736784959 -0.20368437317565 -0.0761319196585388
0.0629501911521437 0.00689837703877209 -0.17526048154355 -0.0199649401102972
0.080164853181338 0.020032326690636 -0.160796730203556 0.0107842810555027
0.0690623826024739 0.0677335271573643 -0.164253613913507 0.020364491531823
0.0228953714116403 0.0924988230607833 -0.180487664807123 -0.000223163982869418
-0.0380979675407611 0.118262055512583 -0.214903291025092 -0.0850690404505101
-0.11036846176786 0.0737149206017252 -0.194468974340809 -0.208325206836705
-0.16867334139732 -0.0175612421129414 -0.116751646713312 -0.257138995237362
-0.188184018417063 -0.0981553175926702 -0.145596426456231 -0.239648344718853
-0.206239300302773 -0.123139120512668 -0.0365510234772493 -0.223102400440912
-0.186188650138294 -0.0277769819135604 0.0181930893837336 0.0703628349622657
-0.132729682806148 0.0889518079966456 0.258465268820045 -0.00558625640596626
-0.0551088598223755 0.153262984312605 0.229765333528444 -0.223967815060599
0.0292947243504401 0.130137701183574 0.010914477148316 -0.296879736166448
0.0914220836168313 0.0968123679065547 -0.14661508872522 -0.192366505128466
0.129128646902421 0.0333532620869809 -0.166042956043016 -0.0662228131353012
0.127200174788443 0.00576589920150903 -0.131152424038796 -0.0085785462856576
0.143062801776637 0.0231003378819938 -0.114060611847577 0.0313315123155945
0.125596223489327 0.101954655662455 -0.12357824749208 0.0584972158595389
0.0571077537855093 0.154063568020071 -0.156472450327075 0.0598805548680286
-0.0539551064001695 0.209591951077914 -0.219786272426766 -0.0201888487922009
-0.184231659506892 0.12533194629685 -0.218772223040634 -0.159149909363557
-0.251974742459256 -0.0463974251808703 -0.12274069148903 -0.198332111601976
-0.253619815535813 -0.176761747787057 -0.107242206973483 -0.149856399567458
-0.230682134678789 -0.205880791916899 0.0395657887447226 -0.134786094514446
-0.270329228175714 -0.0984874095049628 0.0601796740880083 0.127800720067698
-0.238705946420948 0.10527110530792 0.290485617138453 0.0445539476417125
-0.107036562137054 0.241521496685004 0.269878889526184 -0.187421514505027
0.0446753571218149 0.203097934313789 0.0525526068018846 -0.264251637218487
0.128291970941196 0.137374765538169 -0.094007298348043 -0.168822916009089
0.178047823471599 0.047900694192469 -0.106172173698183 -0.0493934042964743
0.172775077644586 0.00248047052249359 -0.0688165073304258 0.00439322647463652
0.182955844918895 0.0153668105297368 -0.0496516031602848 0.0486979853267685
0.163639252492058 0.109699145463672 -0.0633334221522152 0.093385445703932
0.0915600913061782 0.180663259089014 -0.110301542112487 0.121053435374175
-0.0413051699823784 0.26450401115268 -0.20401252201002 0.0512332054719889
-0.211996516929642 0.169675368638969 -0.229052170784416 -0.0995455442338954
-0.293995317543356 -0.0503955743070806 -0.113765611269277 -0.143632494538919
-0.285527805003258 -0.219041532957496 -0.0506132484004962 -0.0524797587522887
-0.214295800731666 -0.254431645455217 0.109564912564891 -0.011109019041481
-0.302451144829174 -0.166987279191201 0.0985638500650941 0.202395617823948
-0.309987035165967 0.083337655870041 0.297966962714575 0.111835598209465
-0.160545032970186 0.282191166466634 0.289753278323071 -0.11853252987042
0.0421751151718399 0.247752132993515 0.0936302599979071 -0.198664284425626
0.142015562075164 0.161890088268174 -0.0271265046572739 -0.125525384689086
0.199161542508268 0.056491906833777 -0.0340467134699146 -0.0254515334302498
0.191818231154736 -0.00100383213732483 0.0023228170313705 0.0173634610074491
0.195015535757278 0.00552621821304749 0.0219709764935795 0.0615181721112043
0.176426117511952 0.099379297940523 0.00431475457826601 0.118332026005568
0.107327920512589 0.177953249253007 -0.0551654216892866 0.168332146905587
-0.0276757904442638 0.275798046895444 -0.172579273498986 0.109753099793198
-0.211197515235494 0.180870360134631 -0.220061505894312 -0.0447300092704505
-0.29275796947708 -0.054482424828716 -0.0910206519988156 -0.0986964908806328
-0.271858430529307 -0.232432536255593 0.0113911825785774 0.0391743252375279
-0.160571060583617 -0.25105263876785 0.160828313847941 0.124005929726465
-0.269191669399546 -0.203616758771857 0.123149635494636 0.275719022040491
-0.315392977778205 0.0373732359333992 0.273458919202697 0.176877681801972
-0.18693181877129 0.262432207459312 0.276811842545772 -0.0341630203011062
0.0274410560093786 0.244194510489333 0.123966955286711 -0.112815778138388
0.130101637002118 0.157614824937636 0.0421331854812797 -0.0689259128438918
0.186901700150225 0.053582402711751 0.0407793932321452 -0.000284968120063684
0.182055475412149 -0.00585869801964174 0.072375284527214 0.0279547202315923
0.181104699303309 -0.00347363596376621 0.089222839254389 0.0698252541707968
0.164085946553719 0.0787926644967744 0.0662262471895083 0.134731881965116
0.104090260054973 0.156621942122621 -0.00436019000563231 0.199133066561933
-0.0245323746699851 0.250845930157212 -0.138079744876171 0.148263540178633
-0.193003848372392 0.157723062314963 -0.200165030546477 -0.00227002927609457
-0.257837572278835 -0.0661943300773785 -0.0649515296652012 -0.0637396454757067
-0.218332847559123 -0.223223729932749 0.0660493065308963 0.119257671761071
-0.0823224148604548 -0.195276478374706 0.186291380300893 0.241928518659014
-0.184548749670723 -0.186216809835923 0.13432368761038 0.328848818532987
-0.248200945905381 -0.000830397549137715 0.230597234022129 0.22447510881024
-0.15982483400416 0.196477852342958 0.24346948261252 0.0416803073028233
0.0166902904876728 0.188922637305185 0.142069799526935 -0.0310413393331757
0.0974202385896722 0.119371970048537 0.101259418797106 -0.015963406367915
0.144221083232305 0.0377059612448685 0.105484266623812 0.0195579130520181
0.143347948785044 -0.0104614087971639 0.131661732447154 0.0361211929670923
0.143556521668968 -0.00976513949632989 0.145117618856402 0.0751756243882033
0.132918607046308 0.0528670670658756 0.114512924031568 0.148684713122243
0.0862451161217973 0.123013028200633 0.0310217037605048 0.221567336020485
-0.0240646140512595 0.201660679649042 -0.115343961714735 0.171798996217204
-0.163204546362936 0.111776853081121 -0.181683968199031 0.0285536173388531
-0.198940692689682 -0.0800259255649035 -0.0439084713712323 -0.0358563502644328
-0.135159345153722 -0.193104055384124 0.103297115022246 0.184298847645494
0.00971375711260028 -0.100671165888812 0.189308357225706 0.313511546208239
-0.0711600600337371 -0.120340662603614 0.138760645354038 0.348255982497722
-0.12866976820001 -0.0171792027681212 0.190163276072965 0.247638131010112
-0.0876230747810722 0.104539266368164 0.213477073473183 0.0935593470455775
0.0124512102735124 0.0955252802791712 0.157999788974176 0.0196727099196137
0.0507417816722709 0.055805908217915 0.143829974496122 0.0130691953346085
0.0775304086698459 0.0128914265199555 0.14997599225335 0.0257992957875085
0.0827725860340131 -0.0155677203976847 0.169165439722817 0.0371131797839571
0.0871437941066165 -0.0136764802019374 0.181578795133775 0.0775440899271283
0.0888316013297172 0.0223604441314886 0.144711490340157 0.161724673709891
0.062504551788311 0.0805067999389373 0.0493509319087249 0.240688782796183
-0.0203801171188557 0.135782614040988 -0.110289106515494 0.189502218892968
-0.11734260885751 0.0567483596505488 -0.174713262681082 0.050495774357212
-0.121104628363413 -0.0828987579651565 -0.0346619728320538 -0.0188075567562125
-0.0354614792244984 -0.137825879338602 0.118684247462586 0.22764754033769
-0.0734980521094351 0.0528510390477222 -0.140495258035509 -0.286327570644606
0.0280483688639692 0.0626291299487327 -0.0478217728020501 0.0389524295448997
0.0674583073722682 -0.00975313988231202 0.209591543152701 -0.00312321555135495
0.00492126751624531 -0.0582274941952859 0.199194742014576 -0.206167777899722
-0.0362440790054767 -0.0229404043359998 0.00417445275141093 -0.314098104522404
-0.0205237740268986 0.0096484645312832 -0.169859038991505 -0.232475716905649
-0.0138909236224936 0.00906629505490969 -0.223797175064415 -0.114720310097599
-0.0129361255166231 0.00808616090580442 -0.206578484946321 -0.0553009874451979
0.00475951859464235 0.006516992453046 -0.195421499644037 -0.0294520542165684
0.0069708130834777 0.0105875112364232 -0.193062972341422 -0.0272765507402851
0.00280470518030395 0.00460271935982247 -0.196694300442744 -0.0627906637731527
0.0166675302734826 0.0162379960394471 -0.205098427169899 -0.158512109763842
-0.00392624735729177 0.0418055062149233 -0.155708632361401 -0.276689886761597
-0.0758846930859372 0.0396081727857183 -0.0617233933958429 -0.348816692980561
-0.116443412848143 -0.00595210700985835 -0.12350172818461 -0.349463843577415
-0.15136485587668 -0.0539288134729463 -0.0857114705491426 -0.29211893153511
-0.0830235117487707 0.016138636020065 -0.0272528367278361 0.0433434082820387
-0.0337449948516537 0.0382446471065388 0.235045903246116 0.00107198999790737
-0.0290743477032989 0.0440539158879377 0.227557436927644 -0.215828372913946
-0.0122556057105115 0.0555550328173326 0.0190777156419374 -0.320992000934177
0.0328977838615306 0.0609778681949436 -0.162157972908731 -0.233830234753489
0.0626926636066889 0.0290473857742377 -0.208840067922316 -0.106120835222753
0.0648496729387982 0.0192735178068002 -0.186570890270534 -0.0452002234200899
0.0839397510748966 0.0336958080330349 -0.177043311810365 -0.00842196568964422
0.0637278290916875 0.0838262927846559 -0.181664393013432 0.00140621429131056
0.00683921981933828 0.10467212750106 -0.193567422464991 -0.0279707358628562
-0.0608816415943189 0.120394932003666 -0.217758957764943 -0.126661182186543
-0.133330841912086 0.0564833301468159 -0.177460038263389 -0.248002367002389
-0.180695360732264 -0.0514927008117136 -0.0810287596771742 -0.290346885387447
-0.192218361402543 -0.142912100232759 -0.112942587629772 -0.273796983367922
-0.200452269427265 -0.164044306759531 -0.0187594020948215 -0.24554696391901
-0.190828367349686 -0.0556757223766815 0.00248499142871014 0.0787786208901614
-0.151778510378425 0.069795691733789 0.266997086885517 0.0343117392923541
-0.0800713965554969 0.149852336809939 0.268339624428074 -0.201622926115889
0.00684185517608227 0.141886048719598 0.052897349417907 -0.31032238369084
0.0817587203981532 0.11672845466543 -0.129637082436694 -0.222440916464886
0.132234588191009 0.0530362891970061 -0.166840773638482 -0.0900942322408982
0.134030493047856 0.0280369245611412 -0.140253383044577 -0.028130616088841
0.14962052089486 0.0461154136726835 -0.129225241316938 0.0199201299388625
0.119597328474014 0.129564872893199 -0.143856211115328 0.0469778597074726
0.033284503340978 0.177906934134762 -0.175253718932707 0.0377737841801782
-0.0902683682615597 0.218208424392074 -0.232697646084263 -0.0630567189064799
-0.222580267225422 0.100062241296397 -0.208466918967085 -0.199593126835878
-0.265506125557518 -0.0957063112484302 -0.092385967285107 -0.225265021942663
-0.250945716137839 -0.240536223067578 -0.083867032903156 -0.16517924512042
-0.211865118578796 -0.255012407394903 0.0498506695150722 -0.145052301632094
-0.268457937406959 -0.142507841587835 0.0370409666993591 0.142901444260108
-0.263573479435798 0.0711700609483599 0.28735988143187 0.0924597385115466
-0.144287492550024 0.234844782860958 0.301534835286119 -0.152562951086235
0.0143703398260946 0.219884424403378 0.0951347338819676 -0.265547762463107
0.116244538257589 0.165900831364378 -0.0751757745035326 -0.188909846382022
0.182108905720444 0.0743854038474512 -0.10305840058276 -0.0628191198387361
0.182618517810689 0.0314288363443777 -0.07383773023055 -0.00589613992980406
0.192330939866934 0.0443420814043804 -0.0620033156148869 0.0475273613464749
0.159718708980097 0.143429637880602 -0.0834072545774527 0.0928120507699162
0.0664595990388418 0.212649477246226 -0.13478313554416 0.108314129415604
-0.0840522767240549 0.279743079386192 -0.227563905149563 0.0138708117351046
-0.260734917307659 0.14272077890453 -0.227367137985273 -0.137208645311184
-0.310373214530063 -0.105729076390513 -0.0883212748034144 -0.164844243447854
-0.277751571689984 -0.291323976108145 -0.0366179856631264 -0.0490234033052591
-0.183426284713722 -0.302370787197042 0.108648619511907 -0.00562654719487232
-0.290152044653476 -0.219232349114895 0.0675719989534728 0.225034036474427
-0.333228051398744 0.037378666915342 0.280874413946043 0.162705554833793
-0.204239677941626 0.270019870545065 0.308747469092643 -0.0738444997928139
0.00574014083192581 0.265595521279681 0.131637079478097 -0.186975953872027
0.127802219971386 0.194233740610394 -0.00794120851162555 -0.133184109759751
0.202467909815288 0.0869581648127159 -0.0269731589640667 -0.0276361726340992
0.204708933545444 0.0303647551568236 0.00221132800604047 0.0171742824770438
0.207289402402177 0.0349263977170541 0.014254762409848 0.070302537101078
0.175005522939787 0.133781923937254 -0.0141993400049091 0.129027648843599
0.0840169805575638 0.212908020309716 -0.0815652501218322 0.165777110023579
-0.0707316184490662 0.294191890747775 -0.201974784060652 0.079364752794599
-0.260102356957362 0.155937256539336 -0.225014502651168 -0.0771746032094999
-0.308502410727899 -0.108584798150021 -0.07010093366553 -0.113940018709423
-0.260735380546365 -0.302316510729261 0.015936669695108 0.0602669493058743
-0.124965510486818 -0.289796696397268 0.146902298493878 0.144872115702198
-0.248725858606416 -0.251968371855307 0.0862042165470481 0.305809641807754
-0.330945505593331 -0.0102286378721591 0.246595944991183 0.226937529651484
-0.226588708128672 0.245485588648729 0.28236001987225 0.0132554722051222
-0.00704459813694153 0.259216214700516 0.152156450666803 -0.0903152766574764
0.11623448566716 0.187058794110609 0.0584453778812736 -0.0631396046070907
0.190329594755628 0.082748792682335 0.0507245611672184 0.00964190329942915
0.194572308753031 0.0235369886540266 0.0772500188326434 0.038371173883022
0.192992084874756 0.0233507779578665 0.0869383626300071 0.0883632619211889
0.165146394406773 0.109114594105631 0.0515944535206632 0.15469208405218
0.0841012673531127 0.188699058315964 -0.0307809855658945 0.206216062424442
-0.0635075913866668 0.268807550239218 -0.170034249548639 0.126820906665556
-0.236553288731024 0.133239624810871 -0.21023318943095 -0.0279550032304911
-0.268267887839314 -0.114948296184468 -0.0497518504415732 -0.072593539812646
-0.201636093731582 -0.281287741820006 0.0603005499695813 0.153507921377273
-0.0489162182294134 -0.217136918626718 0.161847824893066 0.276142576483606
-0.161132765387301 -0.221560554269167 0.0939827316259953 0.366268803899602
-0.253966850265993 -0.039442731386772 0.198856214146066 0.269335465620157
-0.187959288067198 0.180410840423092 0.23919963693264 0.0875585513059404
-0.00932857550609065 0.198845535704433 0.159738353751272 -0.00277259537414726
0.0877440343384781 0.140845805105494 0.114806118497405 0.00040040388159276
0.147966825516621 0.0598039745949269 0.11709546764779 0.0386149162408675
0.155175847347734 0.0112081857044671 0.139287375988906 0.0541022526916099
0.153953788108475 0.011297586947977 0.147182238469065 0.100662030963957
0.134630882919537 0.076622347681485 0.102780346566496 0.176454646486024
0.0712309344169083 0.150122613894925 0.0046731836648275 0.235686939750059
-0.0562790093392196 0.215702250261091 -0.148563171137937 0.15762983141256
-0.196623624398709 0.0892388117697796 -0.194668687208471 0.00793384923478438
-0.201523845951427 -0.119318731225637 -0.0333857853596193 -0.039956601137246
-0.114475097097127 -0.23222047778596 0.0878720371182194 0.224937052826663
0.0340083448453946 -0.10182585465626 0.158991690726467 0.357400117917446
-0.051041547172853 -0.135736114024152 0.10060088569575 0.388470687690661
-0.126268347211697 -0.0381048619758723 0.160977344448756 0.288630889338759
-0.099898395435644 0.0948366441583706 0.207155600037732 0.135055224594398
0.000161138648237515 0.0991827629349011 0.167840224007178 0.0480407717964281
0.0469598795649847 0.0660747422580509 0.155745426712776 0.034634554975882
0.0798469148529888 0.0245024476921003 0.163279810340134 0.0490818879617947
0.0910666181983486 -0.00393421373197696 0.179603866314853 0.0604338419181286
0.0944947193201521 -0.00122060450574094 0.186755917737136 0.1076844206555
0.0912224874341852 0.0377570870758024 0.134624435787133 0.19428155807988
0.0535779153395157 0.0995688934708393 0.0213085033578282 0.260523101076673
-0.0436282120527178 0.144836676097691 -0.144810565670493 0.180864394956594
-0.137349108905147 0.0377045222193229 -0.19070088538045 0.0328678299982074
-0.116736776495188 -0.10858921505636 -0.0296097245548531 -0.0208562648981895
-0.0132838075041412 -0.153697069908209 0.0938647936603663 0.267660680815491
-0.0669941857839059 0.0610622239684223 -0.180782311300564 -0.276502469053676
0.036282019849123 0.060651235617047 -0.0445153004426527 0.0476647947509605
0.0666365863936376 -0.0182069248102693 0.214772588502071 -0.0270710809483567
-0.0014101343384296 -0.0593334581575149 0.179362039162606 -0.234490886368251
-0.0391573852726915 -0.0185768588424813 -0.0324936965459165 -0.323142062948539
-0.0185884809414888 0.011543089117962 -0.201476860093645 -0.218607369932938
-0.0118207197974857 0.0107752593726223 -0.242938409567766 -0.0899079150407167
-0.0115288702651876 0.0103222175202909 -0.220318140762521 -0.0312203832269325
0.00687091200177835 0.00626757093253825 -0.206035262633289 -0.00632780907136163
0.00956824863338681 0.010399592026138 -0.201467378800531 -0.00572358547376925
0.00306141779213958 0.0056085940653006 -0.209797293432303 -0.04189253760524
0.0181061924699866 0.015614797531287 -0.228685926811277 -0.139305240417862
-0.00132368282011388 0.0441035772003064 -0.190259561929327 -0.265502879973791
-0.0737458271176979 0.0501658287965314 -0.103515333341887 -0.353756488287807
-0.11853749479986 0.0067048792749018 -0.169993382640679 -0.348117520702864
-0.159854908356881 -0.039041665514422 -0.126111651419879 -0.288086196106673
-0.0845520174168268 0.0259326107420122 -0.0239061279365943 0.0496168671176253
-0.030900312476466 0.0441557178185156 0.240983188996404 -0.0249993262732158
-0.023001469613979 0.050746281453635 0.207514249533437 -0.247783965973764
-0.00417763410773137 0.0592982870747857 -0.0182933250017832 -0.332190463218971
0.0432463293533679 0.0580292247712587 -0.193226551664614 -0.220676578999935
0.0688927523875489 0.02221433919786 -0.226001801925263 -0.0843671890551247
0.0694366796811566 0.0118203053807115 -0.197988918907994 -0.0240239413844737
0.0911076306672417 0.024283891374968 -0.183726220151035 0.0121497518668424
0.0771188632135016 0.0794130586940174 -0.186620263777732 0.0223674503854085
0.0198033229373686 0.107956494766842 -0.202265535262113 -0.00673447433996398
-0.0471494836805686 0.132155705449871 -0.237916581698938 -0.104148002987933
-0.132183616232185 0.0749742270968193 -0.210727049408619 -0.233414468479024
-0.19291592853259 -0.0321196857172932 -0.117221485374098 -0.290169112873393
-0.211897956888468 -0.124677888199892 -0.150619136948965 -0.271803593213053
-0.22460771381693 -0.145812088035836 -0.0512646906458938 -0.248630562704079
-0.204431068363389 -0.0350797849449656 0.0103616151905582 0.0822095723812483
-0.147370985522912 0.0909641786245007 0.276779181184299 0.00532925435241708
-0.0619856870648453 0.166330285821724 0.250779545677188 -0.237945307968128
0.0267763685615825 0.146128834512481 0.0184780867978306 -0.324712754847389
0.100725212968144 0.109569232297169 -0.158414439868193 -0.21263036330363
0.143343660254393 0.0381659760926054 -0.181034782651454 -0.0735385708469566
0.14058798692923 0.0116170674823491 -0.147657012666037 -0.0127162605443751
0.160342017836911 0.0287642260160034 -0.130896932868331 0.03501919548755
0.139460579378503 0.11934204207818 -0.141516688134097 0.0649944916108452
0.0563391964961371 0.179385151684016 -0.176197738526691 0.0579939277172748
-0.065521064382882 0.236039172448957 -0.245310441232468 -0.035952304995902
-0.217032243514444 0.130711336998468 -0.237605545858777 -0.178915126798006
-0.286232393759691 -0.0669874313511733 -0.12151887255175 -0.221728551237108
-0.284360100252303 -0.217611398426161 -0.107389799582324 -0.162892914821749
-0.246505818641304 -0.238036848727819 0.0318172984551988 -0.152859818165308
-0.294743744159127 -0.114572109479179 0.0527015369828811 0.14371250744672
-0.262117266338571 0.105423703550766 0.302847824215284 0.0621320967271815
-0.116985098169955 0.261534135146697 0.289557405503786 -0.191703625441024
0.0433714311825738 0.226063022586001 0.066468683749214 -0.284195373327796
0.142035147143649 0.155956288956038 -0.0978339293526174 -0.185052522692257
0.196948664941226 0.0539121585896146 -0.111998279539762 -0.0542079863854564
0.190987614230857 0.00901994833560583 -0.0768089623672748 0.00111018769874351
0.203611029623299 0.0214655344727518 -0.0570708903335693 0.0548355216375764
0.182870615075441 0.128138009443899 -0.0739697685813594 0.105112636654402
0.0940973105788223 0.210883095558545 -0.12507107940659 0.126001045675367
-0.0508625459651724 0.300126418198524 -0.230016641909459 0.0423169402666067
-0.249983450489422 0.17938767119943 -0.2511151098028 -0.111642109010239
-0.334100180779268 -0.072748628636733 -0.110107025655156 -0.158676136069062
-0.318296546142869 -0.264859451241063 -0.044085850048954 -0.0485364205976226
-0.223412487742141 -0.289244074055028 0.109383046907473 -0.016404509115546
-0.325824736429099 -0.19035377460778 0.0935556909963426 0.224777533218696
-0.337476544994018 0.0789546909219807 0.304750684315306 0.134848367728383
-0.174439966825235 0.304436181072997 0.305630741128597 -0.111401541319866
0.0402283402887998 0.273709472507884 0.113057747811023 -0.206944673820469
0.156930745248014 0.183740164671875 -0.0223645632289626 -0.135002308965216
0.219663662304319 0.0644210003578114 -0.0290334616916487 -0.0269021665856327
0.212968710163433 0.00485597074710969 0.0050143596886215 0.01528024843465
0.216784081816924 0.0104424749557407 0.0241470042145082 0.068633718618212
0.196141389739767 0.116142518870416 0.00238312142084946 0.133998755637313
0.112798033585629 0.209251067062001 -0.0630590762736022 0.178389308252145
-0.0360848621332979 0.313062060889579 -0.195609926931666 0.107208258231999
-0.247577023762516 0.191065447858947 -0.241861809373643 -0.0500777943359287
-0.331484557585112 -0.0764575291238474 -0.0863939420244106 -0.107688435959137
-0.302623498547254 -0.277964086612109 0.0238209999373014 0.0576998286123077
-0.162294071727022 -0.283099330300528 0.167872073144404 0.135185810974334
-0.286725732708095 -0.229944075552321 0.122450817831977 0.305830190741727
-0.34013577199049 0.0293453812053141 0.276734164528155 0.205503315048564
-0.199977938803262 0.282023609381971 0.288781969019702 -0.0177477842270467
0.0253877255623796 0.268036630935526 0.145949949830992 -0.108756836405637
0.143953423525377 0.178148833188432 0.0547866768994943 -0.0710476167608853
0.206616157083658 0.0616507643264724 0.0552388684624853 0.00219719143074529
0.201504811564016 -0.00124707041265209 0.0844599289369112 0.0279398576361787
0.201168385163946 1.49994332012109E-05 0.100846973321492 0.0783667972936253
0.182572614730569 0.0924670214192069 0.0725220222704108 0.153747712100495
0.109407615193807 0.184433721733513 -0.00580351869539733 0.214547968700517
-0.030455480405108 0.284562759231971 -0.157518714671097 0.151956064630349
-0.225677595028152 0.164642134244924 -0.220843601658313 -0.000682599929583413
-0.290064923097485 -0.0874587103114404 -0.0602112686497492 -0.0679331503202378
-0.239608400345678 -0.263171080402283 0.0810066437231874 0.148467132609855
-0.0758458077111357 -0.216826315363656 0.200398692013144 0.267561823619216
-0.191741089376736 -0.208199791924813 0.13952096506658 0.366239691098776
-0.264363786378856 -0.00968651266528461 0.2329810621301 0.254513659946391
-0.168596932317203 0.209867072583719 0.25355971642672 0.0633182581517563
0.0154513374376195 0.206181347827841 0.162956779127117 -0.0204191662634639
0.107758677696528 0.134510711238589 0.120261656699848 -0.0126085851274933
0.158391169982525 0.0438135722555346 0.127511779231387 0.0239594089134694
0.159178986175725 -0.00855229159757615 0.151549548966911 0.036093994376885
0.159023770421362 -0.00810231372452398 0.164260085891093 0.0847019124334526
0.147383310482341 0.0624059327309648 0.127931998756999 0.169566654899776
0.0916238209638379 0.145081609175666 0.0334164985587414 0.240714659133809
-0.0303943320250188 0.228448240694927 -0.132941880050188 0.181259786413951
-0.189998094336217 0.114211497967471 -0.200055326494356 0.0341309488454127
-0.221302142123118 -0.0987162187803424 -0.0398437399138262 -0.0362630535874291
-0.144206431812579 -0.222293699732307 0.118929194140099 0.219077991349725
0.0234225502560654 -0.107921939785972 0.207529188421373 0.351362435675187
-0.0681220846494635 -0.132479020532478 0.148720693331609 0.388562623025068
-0.133199949929186 -0.0243237658163942 0.197786013750938 0.27728561330342
-0.0879306886468525 0.109507678764241 0.226683434333307 0.114929320703844
0.0121328892379116 0.101637555175899 0.178180761606449 0.0318604726906734
0.0565394713313132 0.0621616844690993 0.165570957813132 0.0174906134053811
0.0847204003134254 0.0154931751119586 0.175392397422516 0.0297504534381381
0.0915573892863522 -0.0157234997414714 0.193645099356234 0.0381278814965538
0.0960738409068159 -0.01335191291727 0.205763210126287 0.0866872619811943
0.0972873196130941 0.0270953260068535 0.163302848622669 0.184380274238662
0.0671687255568916 0.0953723649021859 0.0528648112677102 0.264454770449755
-0.0258530930052525 0.152722319557803 -0.127124613389227 0.204657676261537
-0.136185511359586 0.0535112531791038 -0.192692200935445 0.0582789301098449
-0.131501018817515 -0.0968541116515397 -0.0332461603689132 -0.0176540435742063
-0.0310696432566858 -0.153420924947501 0.13068424219108 0.261784189940875
-0.0586141609404461 0.0646436943470677 -0.20775575815573 -0.253256016560931
0.0411756139712577 0.0556625970450685 -0.0393339616334731 0.0536169073965674
0.0634848347341699 -0.0235006199904293 0.210396675036433 -0.0465900260744465
-0.00666962313283199 -0.0575829753304325 0.154843421257736 -0.248406070076761
-0.0388171236072154 -0.0140445029975854 -0.0636689317285218 -0.316214343369024
-0.0166443288289185 0.0127314149020394 -0.22042676787744 -0.197122243682075
-0.00966155332045354 0.0113637938615061 -0.248024958133936 -0.0640329661598521
-0.009230910380659 0.0121002783848782 -0.222556688361288 -0.00837008419066777
0.00870539393715932 0.00526457317014107 -0.205989771129734 0.0143625998215152
0.0115133209224389 0.0100449776084904 -0.200602284026802 0.0130408496799227
0.00326582895430022 0.00607883413758182 -0.211323322078761 -0.0218218800719264
0.0189670146185604 0.0139736681387606 -0.239168106343135 -0.115912881075152
0.00183040052876775 0.0449689505922394 -0.212064332910698 -0.245183045642345
-0.0688428778412945 0.0574141770582717 -0.135782077754573 -0.342505941749243
-0.114220791452446 0.0167150225045697 -0.204507854974808 -0.331591849838595
-0.160962039974672 -0.0246675176712082 -0.155411521241378 -0.270097906427551
-0.0820088321058824 0.0338546631292543 -0.0200110835143851 0.0537061351086039
-0.026996283966156 0.0476070442804918 0.235489145449618 -0.0463399013006998
-0.0159755419714815 0.0538658963109955 0.180223798733769 -0.264361283020013
0.00377406861138336 0.0601569809809397 -0.0494577630322026 -0.327137419341928
0.0500846246314648 0.0523619513990615 -0.21130928626598 -0.199295823326997
0.0717348544415162 0.0145765776398995 -0.231181325139463 -0.0614490215651793
0.0700762639119027 0.00518414058276124 -0.199376778556735 -0.00379859236626845
0.0935290297990659 0.0139850093485273 -0.181754853959201 0.0305843460021462
0.0855428206892022 0.0716006638314961 -0.182431185544208 0.0395531867088407
0.0307073156510431 0.106120391702878 -0.200945188101376 0.0120219621178594
-0.0338928036999072 0.136435239046684 -0.244167748877522 -0.0795854308548389
-0.123921891852291 0.0878118571426368 -0.230355164290248 -0.210099780307369
-0.195179695444301 -0.0130508731600751 -0.143648895079778 -0.278142592609904
-0.219917073238822 -0.103385576641887 -0.177473365295004 -0.257621333506352
-0.234776522266111 -0.123878023229134 -0.0769482068082785 -0.238287473425579
-0.207193908535495 -0.0146921693306231 0.0162268240276586 0.0827965436338942
-0.136761705649736 0.10508933080056 0.272823910249034 -0.0195633147628798
-0.0419279250192169 0.172204414598978 0.222865987107418 -0.258491092681116
0.0436988434915713 0.143198279055547 -0.0128002727885369 -0.323145975337095
0.111605924639809 0.097278568795271 -0.175752392230966 -0.194645729849822
0.146619219132995 0.0225597312263617 -0.185583597899714 -0.0557397198500173
0.140186028997248 -0.00304219707548071 -0.148241557461915 0.00175465398209509
0.162190767028548 0.0111585255569342 -0.127113541624812 0.0466355989910048
0.151347856534373 0.104429531373368 -0.133225651052666 0.0778845489399895
0.0742334730751296 0.173079020255889 -0.168711639760258 0.0734561932113261
-0.0401269332975499 0.241429156506201 -0.244616926671985 -0.0119033867851683
-0.202272514866518 0.151425062180574 -0.252532818145343 -0.152238861826042
-0.291328630224009 -0.0399737947932113 -0.141770584252791 -0.208298708940639
-0.30058614009296 -0.187156101603282 -0.12369148136929 -0.154175198578551
-0.265920399278627 -0.212640199250419 0.015010398540671 -0.151657017214313
-0.304281697677537 -0.0849330515900787 0.0642996097595441 0.138757681639654
-0.248452762490394 0.130629744542632 0.303446249680908 0.0342935068756751
-0.0868230410806106 0.27207765484736 0.265840060792141 -0.215110542964944
0.0679509978890711 0.220702419669994 0.0396323204309429 -0.287220913877932
0.157714229829675 0.139437696973552 -0.11322750856493 -0.173518942774293
0.201329221516616 0.033130100065101 -0.11553307191364 -0.0436397018338661
0.189012285873789 -0.0114662140335886 -0.0759413081000338 0.00822631393582064
0.204183925910119 0.000318005075899341 -0.0515151840982563 0.0581840542252139
0.19452115509234 0.108621441961582 -0.0616672325371993 0.111045369638931
0.115127352889688 0.200426450967886 -0.110788365796267 0.135742621050594
-0.0190053999422403 0.303010524124337 -0.22131351968739 0.0648370414331916
-0.2291442142356 0.202329749625624 -0.259158199240319 -0.0833435055204087
-0.339198390794645 -0.0408613339251121 -0.124428841614859 -0.146699021328454
-0.339108871632675 -0.230674735088033 -0.049216708983119 -0.0467863641980053
-0.248197829811638 -0.265983124252649 0.10598448746755 -0.0238785281304184
-0.342254887171908 -0.157045326104759 0.112260622080281 0.215232450950376
-0.325057798432559 0.111925424833395 0.312005780231064 0.107045943654602
-0.138839726215673 0.319716103067936 0.289897880477442 -0.136487064326753
0.0695017166475339 0.268210583026289 0.0929178590759502 -0.214460682673181
0.175498613605678 0.165470462515272 -0.0332414818556081 -0.131157889552195
0.225059692753802 0.0409841586743991 -0.0306598587480497 -0.0254266268975538
0.20979587228922 -0.0180958687601005 0.00645742118988588 0.0132999256468582
0.215159070602161 -0.012254610230201 0.0303973710326442 0.0641590325040157
0.20676341693876 0.0956170322691386 0.0163393101590061 0.131966596319271
0.132637137054566 0.196556449641815 -0.0445272994197516 0.181736874100906
-0.00216522016342692 0.313981445714556 -0.180736368976398 0.125874496137669
-0.22512781292706 0.213258365803603 -0.244634817357314 -0.0224550799457684
-0.336631924208654 -0.0439127627383767 -0.0957760722748272 -0.0984531803196701
-0.32463802854991 -0.244524914770955 0.029296333540025 0.0528603815601656
-0.186956047478593 -0.264668834734627 0.179106790799102 0.119558715835473
-0.306804006634106 -0.199581111839534 0.149099170748111 0.292463791890459
-0.332582953573864 0.0629676132811524 0.291149563384051 0.17789292750879
-0.165961173749759 0.299807690701437 0.281640229404346 -0.0432828306740797
0.0542504403503796 0.263309241096229 0.13508067613007 -0.120432681595899
0.161613862869168 0.161516472586743 0.0490616912906114 -0.0756247113393854
0.211242273473851 0.0399453539469443 0.0559753066717813 -0.00468660670720094
0.197614156812639 -0.0228547426597363 0.0866403711113557 0.0171469844444241
0.198719103998805 -0.020791487240525 0.107493200380462 0.0657453605259506
0.189863477661277 0.0726154607607895 0.0882896405830236 0.145033469799612
0.126973442684362 0.171579821834871 0.0152150608560061 0.21165229659571
3.78137053535198E-05 0.284714443373642 -0.139394765669576 0.1671308502739
-0.206847725776554 0.184610117240547 -0.217990685431808 0.0242654426307253
-0.29635077201452 -0.0585389831840737 -0.065572663503391 -0.0602777889925743
-0.260956379140443 -0.234457190359376 0.0959999775471723 0.136586077752625
-0.0956986008745802 -0.207468196981175 0.225715496024049 0.248760190452899
-0.210305722227598 -0.186511884738836 0.171748004183378 0.350936964651869
-0.261208772934581 0.0166060355449429 0.253177170547678 0.23118979618717
-0.142433736875662 0.223967419539396 0.255444255175888 0.040239692718496
0.0363934705734149 0.202266179151967 0.160685286078076 -0.0336786331495452
0.120750352734156 0.122292808493272 0.119563580673693 -0.0239761273319993
0.161785803055024 0.0269270655191016 0.130185437769574 0.00973980184570044
0.154773612641104 -0.0255913608793034 0.15399054443141 0.0185735004168447
0.155725737367809 -0.0247017960625664 0.171197269082794 0.0655908567784878
0.150837088718563 0.0468106294789958 0.144251454641606 0.155731440385258
0.105019676619555 0.134458644750609 0.0570483431787723 0.233727414383157
-0.00597464289148896 0.228749479081517 -0.112236243478034 0.1935366014987
-0.176524731629342 0.130245599280954 -0.194780390289915 0.0557957942827524
-0.228304103500206 -0.0762315735999582 -0.042883717573744 -0.0320861482467589
-0.162239769929308 -0.203129160123879 0.140551210989912 0.202852718358644
0.0128248986488722 -0.108672715430759 0.241646756902547 0.329004697073475
-0.0796162141052389 -0.122885713795121 0.185181668420131 0.372057433437634
-0.132895392766425 -0.0109019440257634 0.220868351883155 0.256787664969436
-0.073464305078647 0.116501672945151 0.234340008041744 0.0929184811063453
0.022348660200699 0.0991585690017949 0.179960286006199 0.0167305219974413
0.0616742310073342 0.0561263249448605 0.167469487467642 0.00160629463906132
0.0851940787068698 0.00659377932835287 0.178757726658038 0.0105139570879959
0.0871975785255829 -0.0255975610045051 0.196154968089226 0.0166791275788264
0.093097353919057 -0.0235123254828786 0.212126378543304 0.0646724031875088
0.0979191473875505 0.0171836476062168 0.180591605850307 0.166544472230335
0.0760858030804796 0.0870874724444831 0.0779937206167555 0.256106617256159
-0.00986198208025482 0.152798857735491 -0.105156004716163 0.215853969445104
-0.12952395589495 0.0647411321524142 -0.184600908497857 0.0784404231018214
-0.138569292938873 -0.0828773693173078 -0.0350136550634092 -0.0140536477825835
-0.0435675056710251 -0.146075140623762 0.1555660512468 0.243883866586542
-0.0527845886461513 0.065282356488343 -0.221454587815311 -0.234183305052233
0.0435089811496467 0.0518965810949258 -0.0352680901412825 0.0573508682780542
0.0591760058423641 -0.0269518843253423 0.204630260579324 -0.0579152454729907
-0.0097832725094302 -0.0549278882395424 0.136209984759159 -0.251823243552484
-0.0382249801415178 -0.0112066187689919 -0.0820121363382404 -0.308292579290706
-0.0146185200783192 0.0128124877251592 -0.228411432273631 -0.180116207072201
-0.00772954349745162 0.0110517366998568 -0.246560341275407 -0.0464551589092053
-0.00711372271213849 0.0129935207742037 -0.220086178757938 0.00702764203274894
0.00948258269839985 0.00430009781055559 -0.202923201224178 0.0281703173665456
0.0128525811288732 0.00979770200561121 -0.197807742119865 0.0242414206579676
0.0040904390945347 0.00680688836486022 -0.209253917350679 -0.0096334043288974
0.0190240877870107 0.0131745177646276 -0.241570711745776 -0.0997020811151473
0.00333252022706405 0.0449705311862687 -0.220738830747801 -0.228370574077719
-0.0646806280914536 0.0608284663422989 -0.15353001194174 -0.330431419927749
-0.109331805176537 0.0217793620946116 -0.223829581587357 -0.316102209863242
-0.158747251491323 -0.0167613466524962 -0.1708344927483 -0.25386082083168
-0.0794568689913721 0.0381893972387494 -0.0171565058167447 0.0563891072225198
-0.0239934263568908 0.0490717135882331 0.229069603671051 -0.0584820511173806
-0.0104387975452572 0.0550480854085454 0.160483216867989 -0.268585129419766
0.00927421753032412 0.0593969322713455 -0.0684459435969711 -0.318854190371456
0.053177237665059 0.0469279103201991 -0.219854705747199 -0.183381678522289
0.0724585044864426 0.00825638917835021 -0.23024335249053 -0.0460108674665401
0.0699978499849999 0.000497505895928879 -0.197679554564196 0.0102253740237042
0.0937914368336775 0.00712642809073388 -0.178153334486234 0.0417517631041163
0.0900274674557836 0.0656326723976857 -0.177966798466701 0.0496865864046016
0.0377015867180428 0.102992614095723 -0.197981415224983 0.023566221684207
-0.0240825171606287 0.13692484599194 -0.244092998573904 -0.0633536230986503
-0.11694191163362 0.0953520851233495 -0.237373949079608 -0.191671930292829
-0.19415412289801 -0.000844597003940928 -0.157123058474194 -0.266034299915698
-0.220625869700255 -0.0898645203111669 -0.192959021792431 -0.244598483661119
-0.237557089646987 -0.109659476709835 -0.092250542971353 -0.226739203034932
-0.206059840177696 -0.00200608144259439 0.0189650043458358 0.0828010411124212
-0.12783472449625 0.113055024364443 0.266004157667977 -0.0340956375926013
-0.0274023217199731 0.172911316257799 0.203038780439948 -0.265222194597344
0.0538520851336036 0.138435061861529 -0.0314060633330889 -0.317755609707214
0.117178469356585 0.0872870770405164 -0.184488971528406 -0.180775479313789
0.14651868000924 0.0116602268810182 -0.18597974028606 -0.0440517973927592
0.137521379391241 -0.012422448703023 -0.146878114169748 0.0113492541953149
0.160980977694693 -0.000265345512946557 -0.122954163559727 0.0535510595305586
0.157399462612852 0.0934312114948342 -0.126974882015473 0.084174148914597
0.0850274894140456 0.166069213883255 -0.161653675953414 0.0817487686920669
-0.023273893721915 0.24068465540675 -0.240124948811757 0.0049609728283839
-0.189247228636958 0.161668571866623 -0.257029175367316 -0.132685987967548
-0.290994405559646 -0.0215287873014858 -0.151464824858989 -0.197010888459335
-0.305853970134502 -0.166105473166944 -0.132739332994905 -0.146690846578807
-0.274237804778691 -0.194957213424713 0.00412148117214124 -0.147167194067466
-0.305828192637871 -0.0645439325416698 0.0690940349034628 0.135336301173651
-0.235326011797185 0.145054980749686 0.298702959498622 0.0183157712865636
-0.0645886424896827 0.2738975983598 0.247589256911799 -0.225132388521487
0.0835929194132079 0.212906844913442 0.0227558966977533 -0.284562530224563
0.164815117512519 0.125598718453931 -0.1206278037357 -0.163411001336303
0.201263139366441 0.0182023751188047 -0.116291651589592 -0.0368900985936237
0.184548088627315 -0.0245654908576079 -0.0752299468878028 0.0122211088525794
0.201100208675714 -0.0137779097608774 -0.0481228033091524 0.0601259208013571
0.200052910948208 0.0952314010730387 -0.0538571644199215 0.112573168949493
0.127309288988887 0.190001796262385 -0.101221696115598 0.139575930106607
0.00277620589247037 0.299890387621835 -0.211668180181595 0.0782685408087466
-0.21252917902437 0.21337561910361 -0.25993890815649 -0.0636738542340199
-0.338206699778187 -0.0194729194389713 -0.131147789166862 -0.136851690667878
-0.345399843923033 -0.205184969326197 -0.0523667510763217 -0.0452844880855013
-0.261059398009622 -0.247669812081901 0.102331354709012 -0.0273103098041392
-0.34731863533941 -0.133373477167638 0.121169535271552 0.206217348253707
-0.311381133185417 0.13071723440125 0.310525623957591 0.0886016195046829
-0.112364237211121 0.32371695190155 0.275480058051609 -0.149444107695752
0.0872746164499853 0.259222497142819 0.0799239114144884 -0.216611317016194
0.184392960536561 0.150950058773183 -0.0391511721504917 -0.127390514122727
0.224594280556655 0.0249994691857529 -0.0310454960073745 -0.0244149504136346
0.203921138530671 -0.0324379062892579 0.0070523052658631 0.0116520746281827
0.211058301234861 -0.0269879475664675 0.0336039337204634 0.0597440194262803
0.210431492539714 0.0801965456776295 0.0252764134954442 0.128781146683223
0.144556787176011 0.184680577192334 -0.0329724547644106 0.180195537717785
0.0206791284915086 0.309749511104098 -0.16760647368589 0.135507560858105
-0.208385285558704 0.222915032947528 -0.241837695165054 -0.00401414499875946
-0.33576432933297 -0.0226315732401806 -0.0994847830933935 -0.0897096403370456
-0.331477471792138 -0.219323150518783 0.0315765475998843 0.0477950642438035
-0.200142036225669 -0.250307854330781 0.184231346027413 0.109205524351011
-0.314358131750071 -0.1768698468779 0.163326202838412 0.280405438869916
-0.32138027587597 0.0831149363289036 0.295586955727325 0.159592372655975
-0.141044577311897 0.30552478108313 0.273540588040641 -0.0568782271720633
0.0715600748466147 0.255487326989032 0.127004114814129 -0.125597707182594
0.169752890162846 0.148386846820518 0.0458278694672688 -0.0777263690631176
0.210970324319709 0.0249488000436636 0.056468989505744 -0.00968483572629722
0.191099005182565 -0.0362853518676176 0.0864456457608613 0.00981380746010052
0.193621954475208 -0.0345355489906221 0.109671975107765 0.0568075026723249
0.191636343237472 0.0595887299279088 0.097257578244428 0.136645726933021
0.136986816394546 0.160413805613631 0.028285914029546 0.205978515785009
0.0206062606854124 0.280555326976115 -0.124758839363366 0.173075469964111
-0.191568867098669 0.193387214468146 -0.212698123106854 0.0402227642593104
-0.29586735532803 -0.039253828390287 -0.0679098034568942 -0.0549630663096703
-0.26881793239086 -0.213339643904126 0.102990965384272 0.126384250947509
-0.106265445032725 -0.198045298087136 0.238240989540154 0.231851836190357
-0.217983577403452 -0.170168350716846 0.190350440688218 0.335502987173571
-0.254078604322841 0.032582837553726 0.261223428133578 0.213394045814833
-0.12288490696182 0.228576810812331 0.252206559043389 0.0259206484021575
0.049643001844339 0.196199889348314 0.157419804891153 -0.0415615383644271
0.127159674606243 0.112249269609334 0.118321764112058 -0.0315329773325139
0.161170721642454 0.0154681051016146 0.131041494790978 0.000103257516429208
0.148493470315266 -0.0361489506328727 0.152718442681422 0.00689786136916784
0.151103827762049 -0.0354534539302011 0.172324564268869 0.0528559065314891
0.150899033235186 0.036507743580965 0.153208452754843 0.143808957209351
0.112407608039364 0.125349413263133 0.0707937033775321 0.225922626481157
0.0109322093164038 0.224971719185994 -0.097210844970119 0.197127902001892
-0.16509232522985 0.137756330272743 -0.187449539167111 0.06911804985132
-0.228732809622253 -0.0608231073842581 -0.0437912108827362 -0.0285763441048908
-0.169606620530128 -0.188485181230879 0.151593122507216 0.188609454713624
0.00597719375063753 -0.107013050973728 0.259763423339447 0.310746288015298
-0.0846558273858567 -0.115147614063976 0.205600216889162 0.355232270690065
-0.129936101989843 -0.00255840368751982 0.232115018649376 0.240351647732428
-0.0623828387628578 0.117672723297248 0.235135475552682 0.0790535253491827
0.0280053737713266 0.0961238813088227 0.179417574433544 0.00669431984181565
0.0642865952348253 0.0511014567044925 0.166920693214783 -0.00906001223256686
0.0833897739069634 0.000776684620717828 0.178810586823274 -0.00209846858397334
0.0824158257530809 -0.031264285676441 0.19441483301941 0.00183932159425825
0.0886841824771062 -0.0304085048456325 0.21284584185434 0.0493475832807741
0.0960243310864756 0.0105899060035637 0.189453766669561 0.152503911808699
0.0801401427951191 0.0799832029262609 0.0925328129189145 0.246521776849558
0.00168419738991819 0.150037591218886 -0.0890153033868077 0.218797773979409
-0.123685234227701 0.0706469364562307 -0.176238224127221 0.0895719469477835
-0.139796256150887 -0.0720720990638407 -0.0351653314235759 -0.0123793560762986
-0.0494994660803305 -0.139000405376436 0.169577453664116 0.227847016357673
-0.0494954103453729 0.0651326071057433 -0.232792603997137 -0.22317641696245
0.0447756572490018 0.050152011751351 -0.0326639630149176 0.0609445649257742
0.0571551191740264 -0.0283281663772295 0.204150798394417 -0.065754133070448
-0.0109813415868705 -0.0545926327447356 0.128326970140844 -0.257243075291669
-0.0375671048916505 -0.00942418085608933 -0.0940193437873041 -0.306397077147253
-0.0136647053905301 0.0127238464552166 -0.236303267986019 -0.171650468848343
-0.00657723861685765 0.0103915990732222 -0.248592656186501 -0.0363908072530293
-0.00518192056509676 0.0131001430267077 -0.221339910309017 0.0180708719128624
0.0107861937631883 0.00336035597048981 -0.204584455658016 0.0385637861476686
0.0149227415362668 0.00969585485104605 -0.198553366810713 0.0322410632558637
0.00449280331659768 0.00745171361215922 -0.211000133791551 -0.00164235954761334
0.0190015527190626 0.0132342926208163 -0.245128898126501 -0.0905459826894007
0.00421056081228864 0.0458000441735323 -0.228611553002646 -0.220631965204718
-0.0625107494525112 0.0644339909156937 -0.166365480582023 -0.328285858618064
-0.107178239428364 0.0238787772601035 -0.2394935268695 -0.310495272273038
-0.159560608191851 -0.0122206465647132 -0.18330592064025 -0.244363293239058
-0.0795554655398293 0.0413414070315868 -0.0151881995339899 0.0594911330624502
-0.022590844843259 0.0508131409690108 0.227491210198492 -0.066885660153265
-0.00637926390275753 0.0561150064569067 0.151566399325743 -0.27349338364713
0.0140248111020904 0.0595262110614156 -0.0814442940412345 -0.317563432780063
0.0562445969712446 0.0441749124107972 -0.227415332539264 -0.174975254019944
0.0736494343253985 0.00413382866191205 -0.23256897394117 -0.0358978074108395
0.0710873836964274 -0.00316615064211474 -0.19890299909934 0.0195543061280428
0.0952359053352442 0.00233658321004342 -0.178187110118432 0.050452344712018
0.095124192289091 0.0624668391494864 -0.17764794100661 0.0570487595573633
0.0427798422800419 0.102719455208029 -0.198442083114613 0.0308814866318892
-0.0184256968415009 0.139267847876764 -0.246299972234723 -0.0534719263947339
-0.114588631658591 0.100607004417196 -0.24457505364948 -0.182129456477639
-0.195917163632565 0.00707299034013447 -0.168544098261635 -0.263087389028092
-0.223522762941188 -0.0832634860580336 -0.206314630549365 -0.239215626607571
-0.243450701053447 -0.102110943905578 -0.102479600571924 -0.220595751928585
-0.207641060937971 0.00662279483800566 0.0210593384197512 0.0849250350410671
-0.123500019509429 0.119339339904055 0.264957341129991 -0.0416914467195937
-0.0176959279794782 0.175341144809861 0.193814204884755 -0.27177149802474
0.0626886011093624 0.136737638307749 -0.0436832821278841 -0.318204509997726
0.122326639338856 0.0815115453915713 -0.191590256820984 -0.174409467771196
0.147919073677273 0.00378560025245757 -0.188221169883706 -0.0361224502239604
0.137379322815111 -0.0189077252855482 -0.14744116582554 0.017937869368017
0.162146458698676 -0.00823193782742881 -0.122546595918691 0.0592472074151244
0.163760664491137 0.0867749101804058 -0.124139975491219 0.0891716214865192
0.0935224850817441 0.163884396680725 -0.159985703631911 0.0880405293102044
-0.0121380704667462 0.243625470671851 -0.238819910175217 0.0145115707839201
-0.18350160415032 0.170469978150293 -0.262799157503153 -0.121787468988122
-0.295222201100612 -0.0104933046966694 -0.159202880302783 -0.193136654380472
-0.310539377397992 -0.15572646188283 -0.141200010851546 -0.143797811107169
-0.283606043567274 -0.186256743524998 -0.00194952387816702 -0.145230706421316
-0.310884364249251 -0.0525615017746985 0.072917070835338 0.135735487518112
-0.229751278027316 0.15573387254666 0.299340663351092 0.00869360832172506
-0.0499061371341378 0.277915367362714 0.239487865225778 -0.233711668898764
0.0950942404718494 0.210369020065754 0.0119214072011668 -0.287791541706027
0.171947612400835 0.11873102589389 -0.126912034365669 -0.159620395930582
0.203151357317851 0.00785719152910675 -0.117791615601765 -0.0330818622852312
0.183737847850694 -0.0334386973896884 -0.0749407352573069 0.0154820489336143
0.201399523520796 -0.0240506015501219 -0.0468221873763802 0.0622596419991111
0.206281431113878 0.0860646861122762 -0.0490247184942761 0.11442737040219
0.136658360010639 0.185416776376277 -0.0965544641891144 0.143438562378409
0.0177867141899881 0.301517661640552 -0.20733149629982 0.0877000451162683
-0.203761428784254 0.223293904237183 -0.262900214451029 -0.0512208152449081
-0.342510557463778 -0.0058552297425268 -0.136364798375608 -0.132778138848056
-0.35285792030824 -0.192596413287841 -0.0558597983295323 -0.044973910283057
-0.271762650822156 -0.239176965813423 0.102132627332816 -0.0293809142921151
-0.355482585723986 -0.119369254456338 0.128239803863416 0.204509074113814
-0.306172791274408 0.144104323496405 0.313854754691006 0.0795580874457675
-0.0957580852757304 0.329981223202404 0.269974915688248 -0.158365121420929
0.101609058868056 0.25664456047615 0.0731793247596783 -0.220562428515038
0.192481365605403 0.143522899593067 -0.043622095638824 -0.126696822841882
0.227698764634614 0.0141649910941593 -0.0316377400594392 -0.0248567159195425
0.201499752581394 -0.0424756333971228 0.00725707121275461 0.0105984186699478
0.210513900037324 -0.0375981623265685 0.0349166440205505 0.0585096699470084
0.215738702555994 0.0720468512858592 0.0315460592020926 0.12713181329696
0.153461131932576 0.179396466625864 -0.0253604753634688 0.181745714562356
0.036526572800575 0.310308083909845 -0.160834616293154 0.14289682607333
-0.200394630159572 0.232196823579725 -0.242005262445652 0.00931756572734663
-0.33968792834483 -0.00837088107707112 -0.103195523527283 -0.0869646608440469
-0.33880794590889 -0.206502386853586 0.0334132840323539 0.0443865546650142
-0.211471396582951 -0.24358877640383 0.190105440546189 0.10419367033058
-0.323561739681101 -0.164785711677845 0.174129682879083 0.276095627838926
-0.318423526577643 0.0960093334785353 0.300642798126033 0.150236461104448
-0.124921284600008 0.31107513662725 0.271079349642735 -0.0655470312610556
0.0844788693518496 0.253988953227953 0.123290086252868 -0.131133359877187
0.178031739516084 0.14104641259344 0.0441439969694132 -0.0797661550401916
0.213141284576375 0.0144989322690474 0.0574384184329646 -0.013870784744515
0.188237491036849 -0.0457973040528973 0.0874069541349163 0.00523263101585295
0.192399293688691 -0.0445524432156411 0.111965955426104 0.0519251514248569
0.195160094658608 0.0516313433705289 0.104206454043092 0.132030271181881
0.144745096849885 0.155295950822175 0.0367771078375343 0.204878289680185
0.0349243806086975 0.281395106367266 -0.115720841269048 0.178789022584526
-0.18419262456752 0.201189129629162 -0.21124864675463 0.0517201511731366
-0.298779299293753 -0.0265924067691774 -0.0697979616105492 -0.0527424978858407
-0.27481888708941 -0.202740778233443 0.108986138314405 0.120443364510186
-0.114970820986865 -0.194679141907412 0.249698612850761 0.224966535480701
-0.225725979910072 -0.161444755866359 0.204408231134748 0.329976326246186
-0.252100269298965 0.0421141050214965 0.269885961750565 0.204115151768888
-0.110513354047173 0.232454002193274 0.253010740591046 0.017565455485311
0.0593432713017735 0.194783541845278 0.157850576007412 -0.0470981822782585
0.132937271937243 0.107298068511226 0.119096146719983 -0.0362433821474444
0.162098545626433 0.00823515588413683 0.133179311990453 -0.00740166263064324
0.145218794614119 -0.0436659523792144 0.154292829857302 -0.00171708259899064
0.148900463315357 -0.0427279957503542 0.175119281763274 0.0450654162281675
0.152528265270209 0.0302760375814905 0.16141744804811 0.136449225599171
0.118859465369368 0.120627556878789 0.0791033311548883 0.223309038221921
0.0220490564949794 0.224291373830583 -0.0878859664669971 0.202248301992439
-0.16059473029657 0.144409148836674 -0.184555374177828 0.0790992704883016
-0.231713620979261 -0.0511932818098687 -0.0446631337928998 -0.0274998210373305
-0.174515559051439 -0.18143275782442 0.160410044263648 0.180671545235858
0.00121870614273222 -0.106977941184125 0.27523295610134 0.302141889039979
-0.0887451140367656 -0.111584287570749 0.220756762356531 0.348865022168476
-0.129198579156462 0.0026434152189939 0.241319579117047 0.232133472437598
-0.05549115135198 0.118757225376995 0.237676802581856 0.0714532721388221
0.0324952936405784 0.0950456321412715 0.181298098741361 0.0010024385489425
0.0667953449170713 0.0492406173989077 0.168602741620761 -0.0159298241036077
0.0831443428905548 -0.00329566792001981 0.181499884103836 -0.0113022720397204
0.0792975494827813 -0.0353196072729932 0.195729027025009 -0.00865700937751829
0.0863941772389625 -0.0347229174477332 0.216099149535835 0.0402978482856151
0.0957672633531736 0.00718444890319274 0.197674113763233 0.144347039527112
0.0841463406472382 0.0763621813510926 0.102061797419692 0.243366046717804
0.0085131545247997 0.149478544520708 -0.0797672612987818 0.223972162922282
-0.122230056686019 0.0749067718302468 -0.172440135411556 0.0986157662953501
-0.141952965071891 -0.0662561835493278 -0.0360640453870828 -0.0117612366825148
-0.0527124122723626 -0.136760347933593 0.179943656879804 0.219131503473167
-0.0169414074224403 0.0855613282616296 -0.315095070415637 -0.0917863484202862
0.0636302135189575 0.0246868335099923 0.00236012015966153 0.0714387448899124
0.0361069378270247 -0.0515282168589533 0.154432786332756 -0.159308370602734
-0.0379994880481955 -0.041837715958935 -0.00694949062003914 -0.297319213177485
-0.0390163921189433 0.0128542780777846 -0.235907405096579 -0.232117887759584
-0.00597424458041361 0.0194255917930997 -0.298192191312643 -0.0419608027102051
-0.00172666211298324 0.0115519529363404 -0.243339158490164 0.0875147212075318
0.00404438462461154 0.014277844481727 -0.192551350092305 0.126155303884069
0.0110236513305231 -0.00286141148806264 -0.168057115594733 0.13677352205869
0.0193917079463733 0.00202808758482372 -0.166822661714742 0.127395731007185
0.00708420005077538 0.00651207846121121 -0.192709895313964 0.0989303652673566
0.019368661183282 0.00329460199271988 -0.26608573460199 0.0347274818610594
0.0236085772616575 0.0388066134740748 -0.311423839093886 -0.092006103842414
-0.0280261596207649 0.0847209996274662 -0.310276562258281 -0.22662359015222
-0.0911393968311829 0.0718532093506483 -0.369203504144025 -0.180270409630465
-0.153371178757299 0.0623624498545374 -0.285671254711288 -0.131898153428503
-0.0534448915854571 0.0728572231048357 0.0161426927704205 0.0669130656135681
-0.0010273283608314 0.0559326995874141 0.178851532381836 -0.165895524621223
0.0170239417273216 0.0536274557307491 0.0100451272274113 -0.320869506749503
0.0391636970817479 0.0513359891368091 -0.225315501883091 -0.251044348655382
0.0722007194374455 0.0158513935390715 -0.289176466928007 -0.0506732693092269
0.0682028395636847 -0.0312230719177203 -0.226614151407577 0.077417327465531
0.0669641498212795 -0.0356338146761653 -0.171259259852991 0.116283786697679
0.088875296958497 -0.0434177008889197 -0.137789229165056 0.135740951954331
0.118841836716256 0.013120273503467 -0.135116768314932 0.141209081184089
0.0885095024913239 0.0773735978939765 -0.170490658339569 0.125505596935242
0.0459350345511622 0.136371776810732 -0.258810147529269 0.071891571769575
-0.0620883163678183 0.145888370462069 -0.311548474404092 -0.0525383472969911
-0.180317541086125 0.0965807708906047 -0.278457681513765 -0.172359850892037
-0.253134492899628 0.0312384578986077 -0.297131337695928 -0.137144648883169
-0.271042950324345 0.0163490737300054 -0.205122703510839 -0.145502689593725
-0.186330361504221 0.098336209646954 0.0595339749922142 0.0761156453261041
-0.0625764959212598 0.161681233880993 0.226602137080952 -0.154898057679048
0.06108643084373 0.164310422085916 0.0539173337307899 -0.334036264855062
0.118329266534483 0.0989619635471466 -0.187725317333379 -0.270182570699483
0.149830816414208 0.0193260356097372 -0.253315480496323 -0.0682112391037276
0.13590213274213 -0.0664454005852641 -0.183845907879469 0.0544702892637906
0.120301132335089 -0.0817006560050955 -0.124256252341688 0.0900368782475383
0.145929834837031 -0.0844085783107121 -0.0815071868482755 0.117804133879704
0.194775355582774 0.0037900005535757 -0.0691996201185471 0.146762830908468
0.166080337947562 0.110298196642027 -0.110797778408867 0.162010609597275
0.103100223191321 0.227596676612786 -0.225683415193345 0.134845009744541
-0.0939078182534197 0.243800551452601 -0.30245355795319 0.0103999010851182
-0.28027487165512 0.129429652774347 -0.236995893933659 -0.118404222483447
-0.370300542864464 0.00817004000911011 -0.187594805710427 -0.0835193261322792
-0.345161897695719 -0.0455057992521907 -0.0813919282113806 -0.123574835128902
-0.305716142752566 0.0900229175601674 0.129100245344565 0.10030100229244
-0.142209463714025 0.2413125183197 0.281697947678171 -0.118867448263846
0.0792595949855812 0.268710733844949 0.117492167412625 -0.316633809788758
0.181647374631938 0.14955168427724 -0.118156338719176 -0.269893613434636
0.212766833391746 0.0293487245086379 -0.186139383695346 -0.0867081768831146
0.188330939529974 -0.0878176479979421 -0.116264218907938 0.0220542874680309
0.155589326935877 -0.116002227518999 -0.059257912178025 0.0513795524262693
0.174279121598479 -0.117180788453767 -0.0108595854940057 0.0829886970746724
0.233422553674859 -0.0174115111488724 0.0127905617366312 0.133960230440119
0.217145453421221 0.109575346942921 -0.027049667762451 0.18404155410638
0.159185365000314 0.266830232327925 -0.165054915413921 0.190022170185083
-0.0883330463842808 0.303779551536303 -0.271023679045163 0.0748316298964593
-0.322070843415834 0.157515066477315 -0.188523169339887 -0.0761109474557413
-0.42767685411483 -0.00457616322867275 -0.0598212309719601 -0.0350731713336636
-0.357952816593583 -0.10204279315011 0.06660827519422 -0.0672173813834399
-0.377132430581429 0.0470083636096212 0.210091881704366 0.137503952981154
-0.216722029056556 0.263553227990471 0.325566794439056 -0.0578870209520803
0.0622996835248033 0.334934479646639 0.181329708924732 -0.258424147083768
0.208007305497966 0.187531509771181 -0.0283920906214894 -0.237935705432182
0.242943681872676 0.0415434047887956 -0.0930017039850863 -0.0971037737106795
0.212900264154096 -0.0937696320655059 -0.032277048636651 -0.012806729552763
0.167455945379609 -0.132900770214766 0.013916046516283 0.00633276830697497
0.176648137629153 -0.134064817364904 0.0619940041038859 0.039200505144004
0.235098170534697 -0.0352665487764057 0.0929114574245712 0.106223511856284
0.231093856283001 0.0954874226523058 0.0560089028343373 0.185545052816277
0.181453172827806 0.266469059044243 -0.0955442621522086 0.219674768124106
-0.0802490307820227 0.31052145652354 -0.224735590049451 0.119185194641692
-0.320207163676477 0.153474591467311 -0.136340761424758 -0.0495624358656759
-0.420325350393968 -0.0228479942231599 0.0658590170168605 0.00631312729656364
-0.303599374229031 -0.134632088996636 0.211729223981061 0.0116777900061526
-0.366959527617184 -0.00975972287029226 0.285836814618929 0.1788575157992
-0.24832962775326 0.224118334319713 0.344138200211604 0.0128715181511489
0.0278426194265252 0.329950486476155 0.225294156913371 -0.17409439917103
0.190886986951514 0.190920174052622 0.0610821056255317 -0.179359769664484
0.229213311259414 0.0459905207551589 0.00889180350853752 -0.0970944458111591
0.200685794586281 -0.0859485261969594 0.053794259794445 -0.0465896464710188
0.152734690757124 -0.129800568646683 0.083859478149831 -0.0389949927764255
0.156080981923015 -0.131194087138552 0.129198027303009 -0.00543230578261382
0.206397913402512 -0.044107809542769 0.161596487028457 0.0735054981496383
0.21074476437868 0.0769185119128992 0.124749211915413 0.17643896806275
0.1663578468378 0.239689641130057 -0.036462448117244 0.230465172120173
-0.0801730142500277 0.27496899960903 -0.17446802077431 0.143164277117897
-0.290491182570776 0.117894510815015 -0.0886216293739037 -0.0323135332054821
-0.356806588991632 -0.0509629067662473 0.170521222298803 0.0438465753937176
-0.19248712574345 -0.133879652986234 0.325205892483277 0.0915555016900425
-0.276928885628787 -0.0519433018962548 0.339149588832386 0.210042578003816
-0.211788963711004 0.145263242842356 0.339657429547857 0.0722372151321498
0.00612285660427787 0.25320641034585 0.245254145462239 -0.0922715431849978
0.141126354384953 0.147959593045128 0.130550374459676 -0.119235962865979
0.171842552957799 0.0347752507285108 0.096594206021593 -0.0930840940803414
0.150798722736818 -0.067976877674863 0.124769365463973 -0.0766010270169663
0.113166652130164 -0.107288414767755 0.141133782378531 -0.0776795704504432
0.116894033534607 -0.109186374065242 0.182673811726417 -0.0430886849554037
0.156541876948054 -0.0432798008257765 0.21551682086156 0.0483024036163847
0.169410381163598 0.0567051920327006 0.173950446406007 0.171009927571428
0.127983895443427 0.195035793757031 0.00317825345060405 0.23535716961677
-0.0848648868239794 0.210765809059128 -0.135310716432664 0.155282995250774
-0.238886723566476 0.0629132377896851 -0.0524516237297483 -0.0170522454166246
-0.251768629074549 -0.0815334599332367 0.244242632929416 0.0803916846862154
-0.045075288258804 -0.105494641389278 0.391134766584501 0.147914597210948
-0.129667675724787 -0.0683178830267692 0.365394323917911 0.215112285356676
-0.116558288783089 0.0539259902200434 0.325707107245475 0.103796917270642
0.0031364052535749 0.125705913903993 0.254795057195731 -0.0423174253636486
0.0706433904112562 0.069334012356594 0.170652558945129 -0.0869055167672974
0.0836798561400108 0.0127747963125415 0.149303347904402 -0.0972790420686064
0.0734711683764596 -0.0409813875522965 0.164884544328286 -0.102765395266471
0.0548621832064726 -0.068793565337593 0.175081718019172 -0.105345565724412
0.0624368516161426 -0.0720318434181989 0.217787039691444 -0.0687856024027069
0.0920094426472266 -0.0383110756197493 0.251954767418033 0.0362189905192871
0.115415612129999 0.031438599483892 0.206819259177814 0.176109218988479
0.0790991113838095 0.133341489617065 0.0247304317342646 0.247239841270748
-0.0813264645446779 0.128506180029119 -0.112365026312504 0.166597114808481
-0.162042598662655 0.00556006562578441 -0.0365031001912534 -0.00201572149479237
-0.115026144725099 -0.101287959364869 0.275914443313371 0.113352286448871
-0.0122825998237822 0.0879472595778901 -0.333156031161086 -0.0696039254933159
0.0673190435486521 0.0214766396338155 0.00887613833339562 0.075463800788796
0.0332269838570582 -0.0547845684397496 0.150498225729123 -0.176770493379627
-0.0422473850789444 -0.0411797618168722 -0.0265110353543575 -0.310033001396715
-0.0385334758963857 0.0151617672942923 -0.262539163663594 -0.226185161631315
-0.00446928211429462 0.0194411409704913 -0.314090703783358 -0.0231687941628259
-0.000802071754184674 0.011483243723371 -0.245947176018867 0.10782057470531
0.00603755549946091 0.013723421864616 -0.19141177012663 0.147343737698873
0.0114985521051213 -0.00457768964673305 -0.164592404777108 0.15652711168191
0.021643037525668 -0.00039027893736466 -0.16632820061432 0.145397793218734
0.00781917582995172 0.00700637790064097 -0.194320123788784 0.116267308285508
0.0199812275166712 0.00360392510261139 -0.273578936264748 0.0543096804207713
0.0270105412242004 0.0387568661544061 -0.328239251300509 -0.0765304094921392
-0.0232014709619651 0.0903844419202346 -0.339304146875055 -0.215741439045788
-0.089595207648786 0.079204302574952 -0.400358130695815 -0.161495264459747
-0.155724415899525 0.0744419843717057 -0.305546097098468 -0.114066366166934
-0.0512816551968928 0.0796797231177094 0.0230285005996434 0.0704701601814727
0.00311201954890976 0.059160405296903 0.176023882413556 -0.184224536218362
0.0226442435544948 0.053591581095983 -0.00959731070749877 -0.333831322733193
0.0457437810656797 0.0494303098570476 -0.252936339861528 -0.247011450094276
0.0769478270246249 0.0100890717484831 -0.304786850598633 -0.0326090858378554
0.0684604485299386 -0.0391595304495258 -0.229650100852599 0.0970426160105937
0.0672697518458543 -0.0428112182485324 -0.169241047090665 0.134993626509817
0.0894402700430784 -0.0532576729678348 -0.13380647484926 0.153607739925306
0.126733744916769 0.00369014266958677 -0.13120127239227 0.157602108125968
0.0988123686079496 0.0749837456977953 -0.169282558143426 0.142462178327136
0.0585135859028174 0.139361872386172 -0.263190543281051 0.0927847747754675
-0.0545341639878921 0.15639829911589 -0.326431058410043 -0.0331232996159591
-0.181761604297722 0.113503534551654 -0.302397799285123 -0.162223408260703
-0.260707227575014 0.0478323438297909 -0.322299843883232 -0.121572946889142
-0.281762406903572 0.0350572120815449 -0.223019905658958 -0.134662550794343
-0.187235207999107 0.115843589913856 0.068341321327053 0.0776692278047169
-0.052289353364429 0.173465050009959 0.226427745316857 -0.175131009646923
0.077412261763464 0.164660931348359 0.0348252316338592 -0.351163458685599
0.132970299205635 0.0926827673191537 -0.2158038493582 -0.269524900012432
0.158850928636878 0.00811194566718184 -0.268619400102063 -0.0537707215217328
0.13606338884618 -0.0801788204295008 -0.186538874307023 0.069256718110021
0.118882990471407 -0.0940976455483705 -0.122621915860218 0.10336908690521
0.145071958803194 -0.0998797355875727 -0.0768164322053277 0.130148985083234
0.204615938134734 -0.0119595072163994 -0.062105515469473 0.157539558067123
0.181952763328311 0.103204560777689 -0.104444409726217 0.177326263101597
0.125478433345137 0.229971548853392 -0.224165339279641 0.155488128775761
-0.0804891497858571 0.260837728340513 -0.312158780768767 0.0329862478341992
-0.284252755177253 0.155848978009845 -0.256223737612003 -0.108260561234049
-0.384842376929339 0.0323215022836054 -0.204026265467064 -0.0741939462424689
-0.363550761429656 -0.0217763330130607 -0.0923616223900526 -0.120452282665175
-0.313215323982055 0.115876342784511 0.141160173321448 0.0982903532555208
-0.129489410113816 0.260860548498473 0.285296367415601 -0.141187527498694
0.104113818624079 0.271807266498381 0.101818321918501 -0.336106099195895
0.202246029250629 0.140612822722394 -0.14336060317779 -0.27401909604292
0.225699991721911 0.0137966235072204 -0.199024131184197 -0.0773536184285879
0.189010715004174 -0.107230863910022 -0.119230533986894 0.0309499788218248
0.151734528818428 -0.132298281935765 -0.0580155838046293 0.0577350040359834
0.172160352011519 -0.136273860046471 -0.00559334139763092 0.0884877778994149
0.243614840697738 -0.0367283230663715 0.0224114914988558 0.138088400394537
0.235507344279237 0.0981900447868014 -0.0157110114057455 0.193943914393643
0.187043006064479 0.265257857997754 -0.156724173205905 0.20892267891445
-0.0712166960796761 0.323028053044645 -0.274662989718193 0.0982967326943792
-0.325157888420224 0.18789770104164 -0.201948024969855 -0.0672111531287257
-0.444531893919886 0.0236422631960514 -0.06632454408161 -0.0333714848316873
-0.380572849436008 -0.0797941159227896 0.0654980298430366 -0.072818482607215
-0.389758125612438 0.075732799907989 0.227869098680741 0.130410579991886
-0.205766888327464 0.289628730213726 0.335111906882606 -0.0804259519521154
0.0914593982364076 0.340715543589848 0.171137122611704 -0.280585155458207
0.232382102615669 0.17807006903652 -0.0463366839258946 -0.247580789745541
0.257746151154992 0.0243693431712075 -0.102949419453988 -0.0949061926212711
0.214469342880796 -0.114850832529181 -0.0342091698640436 -0.0124812804878182
0.162988012446569 -0.150247837143289 0.0146902683222627 0.00444958566984049
0.172629988453657 -0.153473802875193 0.0673572219749074 0.0367982945293147
0.243176214826536 -0.0547280043266609 0.104149675627131 0.1022087895545
0.247423863766417 0.0822783834453131 0.0708260699058376 0.189535152641641
0.211411158055237 0.261178753974886 -0.083321326536311 0.234422089572557
-0.060508381902925 0.329095449322819 -0.222742048157342 0.141838030094162
-0.322687770937046 0.183653950887143 -0.145382375488712 -0.042886803928068
-0.437076948128446 0.00415950122364644 0.0676430861390172 -1.5069301872436E-05
-0.325958110554732 -0.118236719450551 0.221205645981985 -0.00180223422329504
-0.383688379703054 0.0155825389812679 0.308843288860131 0.166637304904468
-0.241375293840734 0.250112135979782 0.358204828324517 -0.00912683970818117
0.0550197648158175 0.33899617848537 0.222809426625993 -0.195106735876419
0.214672592840684 0.183870747547894 0.0512336913561838 -0.192743255817195
0.24364261140172 0.02986629183035 0.00340225302533601 -0.102628670099332
0.202285833211612 -0.105483665217515 0.0532585493576583 -0.0543302711400449
0.147071181530404 -0.14575782711112 0.0842404502023263 -0.0485492404791172
0.150984147546981 -0.148560864921261 0.134327063242538 -0.0150606057621941
0.212873155299608 -0.0617170611303791 0.173453587146635 0.0634597630452185
0.225266408218283 0.0637043387612619 0.141930117024266 0.175135744446972
0.192964611186892 0.235948543155123 -0.0200409689170851 0.240512655031571
-0.0643161592352342 0.292655111658405 -0.168678079515283 0.162657667448916
-0.293851679945388 0.143668033492019 -0.0954793310867012 -0.0276168233962462
-0.373910072683301 -0.0291471661494136 0.18017617133896 0.0311235696628668
-0.209831354657577 -0.124768669926674 0.34595391844985 0.0725209781440537
-0.291846484676998 -0.0349848578512364 0.366342896896134 0.194204276829947
-0.208795490844676 0.164974346776374 0.356199615427561 0.0526103229492949
0.0261344815833318 0.260356522525344 0.248930644599196 -0.11157550390778
0.158519203685681 0.143380405086476 0.128355098508518 -0.133882040723045
0.183277489007081 0.0232548967254542 0.0955737638364914 -0.104926588115813
0.151641338034934 -0.082389232789353 0.125037216548158 -0.0922163763641607
0.107392363736019 -0.118763778654105 0.140296126426229 -0.0942106321666329
0.111258669228404 -0.122725870538011 0.187498207482269 -0.0599730692038909
0.16008480674302 -0.0569569485841085 0.227371156999004 0.0335904529991814
0.180441066484181 0.0459207809716863 0.192449864557502 0.165677441842592
0.14832587692692 0.192350288797896 0.0207153321276155 0.243778468331215
-0.0737031169974386 0.225780589691697 -0.127974623387446 0.171859140986254
-0.243326561945671 0.0821946460121907 -0.0567515667561318 -0.0146605143603566
-0.266014766962846 -0.0680662302602836 0.259019417123001 0.0628716854027264
-0.0544510539802991 -0.105301556463617 0.417443804105877 0.126586869972583
-0.138529370602702 -0.0610831102750274 0.394160518031521 0.196945297991863
-0.116490813606563 0.0635577198886018 0.345665212571105 0.0866433223960351
0.0131724950498958 0.127815672803773 0.261432674798508 -0.0606268268634269
0.0793145685764866 0.0668712519937172 0.173290131118782 -0.102596466528647
0.0883092368678363 0.00730511388754657 0.149466184766051 -0.113718348955018
0.0726554463415925 -0.0472538697652222 0.165061359829638 -0.122087977409142
0.0500616986675622 -0.0739846212493313 0.17354222845712 -0.125261968368165
0.0579288390210437 -0.0791502843769402 0.221433452370622 -0.0892415630000876
0.0929718596379794 -0.0459943962300323 0.26500171223984 0.0181747922126208
0.122172428464509 0.0236331145720403 0.227628926504879 0.169057420071442
0.0919708179681929 0.131694820950857 0.0443503328429645 0.25484472863813
-0.0761316724691542 0.139904396322848 -0.104102766441261 0.181217539029749
-0.166431398873232 0.0162801531592069 -0.0392577920450096 0.000110944909925736
-0.125721147268758 -0.098253642872266 0.294636239967752 0.0948110420886432
-0.00493908249354577 0.088484535037123 -0.345818963881858 -0.0370799569830601
0.0703437343950768 0.0158583918905953 0.0175054727660747 0.0771166892616788
0.0290144817129868 -0.057799063538018 0.138273539103427 -0.195590913128179
-0.0474324506516685 -0.038077946761509 -0.0562299304312806 -0.315733468729646
-0.0370439768006112 0.0181445845906435 -0.29242161748405 -0.206131122449413
-0.00273461565276527 0.0192878625753125 -0.325448420800097 0.00669821025635171
0.00021996498205731 0.0107852245219782 -0.240265402001203 0.134570798644296
0.00843899992516328 0.0125183890964569 -0.180254942907893 0.171373453262202
0.0118030441582397 -0.00618608245553781 -0.153140113323228 0.178885969368522
0.023297220544343 -0.00370103031950941 -0.156869609363541 0.166550110892753
0.0093382127222885 0.00779494966582755 -0.187399598601519 0.136447757313595
0.0208410487737567 0.00271727158885686 -0.274060795139487 0.0806453434478377
0.0310322049479922 0.0376272348654008 -0.341705262657893 -0.0481129626818792
-0.014723712060336 0.0945390159220665 -0.369163031783346 -0.190289401908547
-0.0843943101363405 0.0867020484578329 -0.426340090324108 -0.124512410981188
-0.152726250893102 0.0901731334653013 -0.322119575377932 -0.0842967789689081
-0.0452812391923566 0.0874641181056415 0.0314010426166349 0.0712840144434534
0.00974076489904738 0.061195481001297 0.16314808251371 -0.204901476125742
0.0293160444534104 0.0513789040224644 -0.0408432956750331 -0.341704460121311
0.053267704673075 0.04383850372977 -0.285185692661293 -0.228926855642867
0.0809208421604391 0.00113202529576111 -0.31593782247116 -0.00407967111890399
0.0660070592970336 -0.047609216943332 -0.224259187448571 0.121962924211335
0.0644660118089885 -0.0513970757571936 -0.15873207447241 0.156180721460083
0.0856813576961279 -0.0649065043738528 -0.120913200254316 0.171972874902354
0.131438209155519 -0.0106020237316959 -0.119686205534492 0.175418552391547
0.109272901431615 0.0677309003670177 -0.160033911727911 0.16253418207451
0.0742479181182658 0.137366967959718 -0.258606098937703 0.119055399527755
-0.0409542161934515 0.166356675673139 -0.334414166280135 -0.00296725852617886
-0.175415413040082 0.134276817028619 -0.326866610388497 -0.138163198883098
-0.261863437301254 0.0713152842466671 -0.344215934210654 -0.0917664837741278
-0.284439223052234 0.0634331861320114 -0.240068235964968 -0.113032980081313
-0.180430821966683 0.138130122707865 0.0782624062379093 0.0747660397066119
-0.0350900881550348 0.182903236138994 0.215518400456713 -0.200578129578472
0.0970874787040835 0.158120750295265 0.00194531599217467 -0.361910245811536
0.146923150157606 0.0796390449789012 -0.24849468833674 -0.255701817404108
0.16500741583126 -0.00870320075094074 -0.280322265333069 -0.029362555481649
0.130231565673393 -0.0974161836390918 -0.184074134475771 0.0892280853719958
0.11149571740549 -0.108510139523691 -0.114789571484801 0.118472458394158
0.137430100070682 -0.118210793878188 -0.0644214825704445 0.142274518686571
0.210147932469695 -0.0351259282387102 -0.0486993351560507 0.168399411386288
0.197438451080187 0.0874728680163325 -0.0899572465506293 0.192370007068839
0.152288189516341 0.222184095726673 -0.212723297795846 0.179427727648462
-0.0571025674856272 0.275335269951761 -0.313466755844985 0.0641501228868334
-0.276026273778685 0.186910791518053 -0.274300910533108 -0.0869086782700565
-0.389012446792429 0.068360270241916 -0.218496420983641 -0.0565050348806833
-0.374031427437799 0.0133276652215817 -0.105513351331537 -0.112897838196645
-0.309631816166201 0.14980802136104 0.154237868691031 0.0886851802296937
-0.105503771884415 0.279372073966669 0.279129403059308 -0.170099091200968
0.13510952088245 0.265202817890049 0.0717718090125878 -0.353649257526833
0.223008788046344 0.121349422659568 -0.176089701041748 -0.267862958745979
0.23371966922482 -0.00948082112840123 -0.211460694495209 -0.0608427062743363
0.182008030791608 -0.130266532466515 -0.118790130801211 0.0421438849622896
0.141002223299479 -0.150530012111939 -0.0535765208943739 0.0644450039726761
0.160966387825578 -0.158200895027986 0.00383907701022867 0.092024293230365
0.247143027753858 -0.0641387761881362 0.0358573951827675 0.138673272210295
0.251836522563068 0.0771819067252845 0.0022158676087003 0.201322397129778
0.220122699487691 0.251154509180497 -0.139475129403315 0.226689572190594
-0.0403699102207628 0.337275830785627 -0.26813155586298 0.128437230067831
-0.315474893127155 0.224645442989669 -0.21417586884102 -0.0498023916218357
-0.450083921397766 0.0655978844969213 -0.0735723525529305 -0.0284562797169535
-0.397032284661766 -0.0433579986771218 0.0604348886046977 -0.0799954599175441
-0.391623023741966 0.11640613165681 0.245632843478927 0.112549615412633
-0.1810216985384 0.315769597200743 0.334813775032376 -0.11297233648127
0.128934463267162 0.336884154239588 0.148937903146947 -0.301738872537441
0.257563648384019 0.157909267227422 -0.0741138912727272 -0.250229479377052
0.268389071830864 -0.0015845184423883 -0.114077785231843 -0.0883899145973043
0.207327630495372 -0.140141174628449 -0.0359332689739886 -0.0111007494521661
0.149949202768362 -0.169575859890332 0.0149263075425546 0.00186422207347595
0.159256679406833 -0.175069001100317 0.0729830711405497 0.0308494682251357
0.244544128728893 -0.0826939843077654 0.115737575820087 0.0939024657021553
0.26227357023711 0.0589271348495907 0.090469714886482 0.187955739623055
0.24401729438168 0.244723872231995 -0.0613220070639281 0.246211796662391
-0.0299929229783012 0.34336636592905 -0.210444080142041 0.167745602004862
-0.313111218049043 0.219257681980961 -0.154414925911781 -0.0304138734531836
-0.445558281274331 0.0452272717817524 0.0672827561645377 -0.00870849739179791
-0.34454487513746 -0.0874312980510288 0.226354429485178 -0.0227951576687776
-0.391602562382417 0.0539380217877145 0.33117782143208 0.14196899895883
-0.221277557871186 0.277430518105634 0.364662191132797 -0.0418769916110154
0.0913098826987103 0.337992253890643 0.208035683765888 -0.21981646781662
0.238929704631717 0.165228035367052 0.0326821025425726 -0.203165702780345
0.253841869449403 0.0056052666769277 -0.00524644465680134 -0.106404671012909
0.195484293566135 -0.129326483621367 0.049174774054662 -0.0635502459286647
0.134169024930215 -0.162891192751471 0.0805510401125638 -0.0603457594870986
0.137280439939022 -0.167936553144949 0.135400444321849 -0.0298625735729543
0.211667568113253 -0.085676849550273 0.182991511106202 0.0464127003636159
0.237188547408502 0.0421309969796423 0.162222299482445 0.165932331247592
0.222106953764826 0.219235462241067 0.00241499712392084 0.246459394762849
-0.0364614254118675 0.306251696951782 -0.154126435712564 0.183439071359547
-0.286555186541859 0.175788846634365 -0.100925546496455 -0.0192967803778968
-0.383538592819633 0.00513714463626307 0.185692546580353 0.0106806575617412
-0.226136183700493 -0.106218934281068 0.362015891881075 0.040791245311737
-0.301219202102756 -0.00637373904682588 0.392332442051818 0.16272806882484
-0.196522269137187 0.188827045458185 0.367541660661267 0.0216659213189962
0.0526654118161529 0.260621700578943 0.242889209490573 -0.136626976455469
0.177522827339153 0.130149817759701 0.118046754046408 -0.150753593194551
0.190569728937311 0.00532361041072301 0.0887247525608755 -0.117732675348018
0.146324488605673 -0.0992830009459775 0.119038869281995 -0.110202494290372
0.0965365895978913 -0.131008626388124 0.133211758057379 -0.113160362676926
0.0992323805625962 -0.135573900631794 0.185542141815862 -0.0812716044470108
0.15856117869021 -0.0751251900778479 0.235650138059303 0.0101139224397176
0.188507071240608 0.0285114002759199 0.213492437461062 0.151185328560003
0.171091546071201 0.179241666719783 0.0446331989085468 0.245605681739585
-0.0527447182759857 0.23859117588316 -0.112193231008983 0.188704464542948
-0.240522095152236 0.106941431194698 -0.0601636047327407 -0.00920361452808334
-0.277849505691441 -0.0443678341456652 0.270345378127449 0.0356697766286585
-0.0651257305233401 -0.101700105513296 0.440757246976856 0.0885319638410425
-0.146550828067142 -0.0487504373159158 0.420144824074215 0.16166346693791
-0.112589867377517 0.0750974820343477 0.360148976480803 0.0566453179762296
0.0258137033499028 0.126624103334923 0.260618124897253 -0.0858429022657273
0.0882111651748514 0.0604441635418727 0.167650151176944 -0.121886923137276
0.0915680092898934 -0.0019904212250275 0.143581710774121 -0.132227694226111
0.0694896758275436 -0.0551156099016951 0.156596102364851 -0.145457843687486
0.0423580648723117 -0.0789670786336788 0.163350422081299 -0.148014258014234
0.0488806674791558 -0.0858658003478295 0.217402790150364 -0.114894125254432
0.0900356112064085 -0.0556512334479101 0.272190022186148 -0.00918112097782148
0.126332001434074 0.011543405553423 0.249604240602883 0.15152995308111
0.106867916912648 0.123887846339377 0.0694563831018472 0.256430969703242
-0.0638726885926531 0.150719552689422 -0.0882887212731976 0.195620687657367
-0.167314052900938 0.0319717421821741 -0.0405955463213692 0.00365009569898806
-0.137490821537081 -0.0880117518031786 0.310432384703054 0.0649550938989983
0.00207593417702817 0.085806384210074 -0.343028884870811 -0.000699096473325702
0.0707539876177669 0.00870616274622344 0.0256787770662928 0.0760570479958582
0.0232173160439662 -0.0588968411045158 0.117806582378819 -0.207257612989696
-0.0508048262853862 -0.0326172971510836 -0.0858692694036039 -0.307435634164327
-0.0344085110605096 0.0203831872210601 -0.31219019204693 -0.17433936366746
-0.000838243688336643 0.017787686453072 -0.323345337774497 0.0403447686220085
0.00116716467016052 0.0101823867262638 -0.224079076350591 0.156199896433769
0.0104198439833044 0.0107410554977188 -0.159682456184572 0.190247399603549
0.0111184189670055 -0.00841050031697945 -0.132752926877625 0.194808935303108
0.0230964658805592 -0.00687210644623014 -0.138538056786118 0.182215452896715
0.0104033307190769 0.00780418560019278 -0.173299634720311 0.153019093853931
0.0211408611731931 0.00145984422163322 -0.262125116636731 0.106339690453461
0.0337624447009801 0.0337486703686077 -0.340969350072193 -0.0157913071352774
-0.0055847853094147 0.0950450849586832 -0.385227438320033 -0.153507304266046
-0.0754172160370807 0.091775111359246 -0.437928655466468 -0.079475260515954
-0.14283171184631 0.102840040040636 -0.325121711208959 -0.0486965359220713
-0.0365877871378039 0.0915212187545403 0.0393391509773403 0.0691031302602404
0.01717198579828 0.0604259667135081 0.142151631452288 -0.219054143408194
0.0347424018420216 0.0468266519359152 -0.0737121286526187 -0.334018173692033
0.0579286623554368 0.0360785720538596 -0.308166319636669 -0.197614828805748
0.0804277312351186 -0.00873424216663049 -0.314418916648991 0.0281358234008844
0.0597271955271724 -0.0548762301585733 -0.209952344174099 0.142510589767207
0.0588846308524232 -0.0581809528602241 -0.141001897339272 0.172065885990744
0.0780349122057105 -0.0740084004581819 -0.101614601149717 0.184510557142257
0.130623792046287 -0.0260664777224883 -0.101649657350749 0.186645206168046
0.115970986959573 0.056640904492103 -0.142144153332941 0.176953642283928
0.0884822300780508 0.128380953481627 -0.243358416606036 0.142989973056877
-0.0241210436930173 0.168821902671207 -0.329300258610805 0.0292508824886414
-0.160418494903099 0.150550519373894 -0.338482974553421 -0.105618852255025
-0.251670353705103 0.0939130348045048 -0.352434581809857 -0.0554121349218368
-0.275244164121504 0.0908013443315422 -0.247626323088187 -0.0859128124394906
-0.165607705121183 0.155172743135227 0.0856894358908617 0.0683550280263779
-0.0148285659025558 0.18445709041113 0.194049010463676 -0.21871422268649
0.112758606854712 0.144873800671801 -0.0332225459074961 -0.358609047932035
0.154630693799202 0.0611171809361103 -0.275694506892485 -0.22889802177111
0.163379468409876 -0.0274909380845067 -0.280842814307531 -0.00134674424356588
0.118455643442644 -0.110821446447066 -0.172639633392166 0.105792499633579
0.0989167224147449 -0.119131073711421 -0.101301698117177 0.129292655419591
0.123084318459037 -0.132891983899986 -0.0487768444175526 0.148394833028302
0.205596756274357 -0.0588753426137421 -0.0317903364582873 0.172344378649988
0.20562515964716 0.0668650553983721 -0.0707747193568831 0.200267051857639
0.175016443951178 0.203714337226051 -0.192132821683767 0.197539324768604
-0.0285044608320211 0.279530034004447 -0.300387053907965 0.0945390685672078
-0.255183608175841 0.213895722676223 -0.281581576768332 -0.0595649507441195
-0.377971677589389 0.104468666645776 -0.224018888469508 -0.0335008247643423
-0.367547027628659 0.051010795835343 -0.114911987107441 -0.0994390091712188
-0.292365889716148 0.179734338947843 0.161084324355259 0.0744494645785033
-0.0746511152033705 0.286459956936716 0.259132395388824 -0.194190060500994
0.1613708445734 0.245646036666209 0.0360308681989319 -0.35640674461777
0.234514218139703 0.0950258123355166 -0.204532038170625 -0.247105076121981
0.232171025572175 -0.0351917675908497 -0.216151639527482 -0.0395603658996781
0.16587120919748 -0.148350735301059 -0.112587798276709 0.0522906115118211
0.123343164806191 -0.162920112020315 -0.0463851357090703 0.0679064554408631
0.140741890392562 -0.17360033358794 0.0135832097098207 0.0908263687839738
0.239429633463825 -0.0911069388746744 0.0487268946593703 0.134125566180337
0.25815309953513 0.0497957658005758 0.0221410772933437 0.200547396942688
0.245030995117833 0.224616216854289 -0.11475450601925 0.236945863570796
-0.00572001787723079 0.338544193453663 -0.250104815051375 0.153542122421576
-0.290301908233422 0.254713729483716 -0.218256202386251 -0.0281994567469705
-0.438463792741026 0.107436791134659 -0.0780102983155974 -0.0221075802622503
-0.39624167110137 -0.00229361689272472 0.051862805448255 -0.083691263046147
-0.376671100746764 0.154555126402919 0.252032820411934 0.0884272530983216
-0.145913518773386 0.328906743583829 0.319090342579915 -0.143163092651313
0.162839962416342 0.317463881886701 0.116958508141129 -0.312954889034604
0.272907494840654 0.127546417087466 -0.101792291626304 -0.239934898249986
0.267681764048997 -0.0311192144712479 -0.121909367229479 -0.0771317217540545
0.189814740960776 -0.160954624154072 -0.0365469696063621 -0.00972123595962551
0.130163259432406 -0.182342237650921 0.014063933004124 -0.00143051618981085
0.137401383950326 -0.190195618684546 0.0755364822961066 0.0230598577492205
0.234770803179909 -0.109117832087938 0.122926083029996 0.0806226702289562
0.266349496465587 0.030842159351305 0.108961991481265 0.17776626356627
0.267896818731096 0.214339540955896 -0.036458209935123 0.248695500474864
0.00532621314316532 0.343805798005174 -0.187867838390942 0.187169238165357
-0.288052404974204 0.249066751642861 -0.156501450765919 -0.0145352578684933
-0.43491585429848 0.087204535291946 0.0629299825122961 -0.0173211438262357
-0.348353922379807 -0.0511926086798355 0.222194334749137 -0.0447019254728671
-0.382093736758101 0.0939542728975474 0.338968106744721 0.107682198896369
-0.190572627773291 0.296245547482201 0.354814425605162 -0.0753652340745048
0.124890087847923 0.321896501691272 0.184420048578591 -0.236308020595354
0.255310127628749 0.138150602666981 0.00954664221453721 -0.204474405995572
0.253612915970913 -0.0220309555232701 -0.0159539886853168 -0.105862864470134
0.179960500750645 -0.148901259231789 0.0421889441363438 -0.071208096307187
0.114807937240296 -0.173421775291339 0.072192785741656 -0.0699824537573608
0.116136280586746 -0.179644631397764 0.130919961736379 -0.0440820537549612
0.201310612041318 -0.108330460475613 0.184709376144343 0.026505153980328
0.239265869369938 0.0173319904796347 0.177127632495199 0.149306451854002
0.243150609847929 0.191621427027236 0.0265599002145805 0.242827942976161
-0.00444139638781323 0.307078451757511 -0.131172512296252 0.197169011400323
-0.266125485655391 0.201900597633559 -0.102990219473916 -0.00851257589281546
-0.377626976669475 0.0423873258742369 0.18264989484556 -0.0103845782449338
-0.23266115857995 -0.0813461882029257 0.362266944192594 0.0049581080806546
-0.298476496924772 0.0250780129996763 0.401783104448757 0.122234212692046
-0.174808935752208 0.205169171197479 0.364218444427187 -0.0127654092006939
0.0786821300622828 0.249462664481163 0.226291766031737 -0.15759295451413
0.190279220152319 0.109802800797431 0.100786181600738 -0.160987404977888
0.190284498971049 -0.0157077401354283 0.0768480490477002 -0.126785978570722
0.133876595608565 -0.11373007963478 0.106236021162091 -0.125089729629488
0.0810709921838016 -0.137584532804872 0.118675004762544 -0.128098164932632
0.0817452514249739 -0.143433233774995 0.174293091636155 -0.100677426400776
0.14897446071565 -0.090952040897322 0.233305360448459 -0.0147522717137786
0.189335350348008 0.00909357119122981 0.227245743518301 0.129365679579443
0.188463427278354 0.158044268957083 0.0683118226566695 0.238254811992069
-0.0277797989105358 0.241752009382586 -0.0898789687535852 0.197845730783451
-0.226517703760743 0.129115739180669 -0.0615132000540461 -0.00310105076646679
-0.27812623472998 -0.016844203664075 0.269029586747035 0.00518298722248385
-0.0736444997646968 -0.0930638580088604 0.444630133819946 0.0434882119361178
-0.148600339595486 -0.0329418048764227 0.429895767957724 0.117890821495037
-0.103394598895049 0.0852785101887111 0.360652412875599 0.0233330165088092
0.0382527739383644 0.119724068471659 0.248704602967998 -0.109081165101356
0.0945141521335293 0.050383973983864 0.155069638623163 -0.137356855136423
0.0906330975154986 -0.0117970447219808 0.130241621160594 -0.147312274034994
0.0623705344096881 -0.0610946752452098 0.13960329156965 -0.163861519487364
0.0328098655074155 -0.0802484786346144 0.144447712878648 -0.165548903581728
0.0374346133376681 -0.0875344800940216 0.202325361042939 -0.137762125146532
0.0829363899573054 -0.0644218944494596 0.268168692186529 -0.0376162247957861
0.125231183095591 -0.00186513244878578 0.262680603668971 0.124675841140301
0.117974468680499 0.1109122558621 0.0940968617131937 0.245759591992941
-0.047355972962207 0.155761744380166 -0.0675092148730879 0.20237930453265
-0.161758547845665 0.0470694989467694 -0.0407739120124852 0.0074937307473326
-0.143830164220679 -0.0729857683769879 0.311256916067543 0.0293503166680887
0.00664397972062196 0.0807265485577895 -0.329993315310821 0.0268980663504463
0.0683776660959832 0.00321335766569173 0.0318446265114487 0.0728548430624692
0.0187224019215779 -0.0575668129934147 0.0986343379590552 -0.210034789968724
-0.0518789315966091 -0.0267960302252499 -0.105816237817701 -0.292105337432142
-0.0319308153834533 0.0207516993218484 -0.316249189724489 -0.14394222548306
0.000191346897433996 0.0159921961783813 -0.310570395883568 0.064842622625764
0.00176088752621741 0.00885163544522667 -0.203876233857346 0.168723586244413
0.0112835553271502 0.00812902819652814 -0.137744945138668 0.198136700519209
0.010174449360008 -0.010033774735318 -0.112304587659997 0.201436915087556
0.0219636657183207 -0.00952348272417824 -0.120678776792467 0.188506442004997
0.0117890011133093 0.00812144418283187 -0.156586465561889 0.160613636722208
0.0206952385054472 0.000548772863466697 -0.244006574646327 0.122718786082206
0.034444473482197 0.0307579728543016 -0.329350112739713 0.00722996226739238
0.00228672096616465 0.0923217098775726 -0.385587079795978 -0.120555907180025
-0.0672417792918038 0.0912354790562873 -0.429937024494344 -0.0412972031193037
-0.130531047482022 0.109491755394994 -0.316007414510845 -0.0205771169642106
-0.0287811177156056 0.0916842491153004 0.0441803310813759 0.0657027169226881
0.0228908975784381 0.0570444380630256 0.121118496021609 -0.222505699309395
0.0372118223813909 0.0421550369983764 -0.0962273756790698 -0.318671592253511
0.0591778693368545 0.0283527721093886 -0.315012402154748 -0.166178853445743
0.0774211663777657 -0.0166871099933083 -0.303140279284329 0.0520383873193658
0.052636019898954 -0.0588861855980737 -0.191597571953518 0.153767042486731
0.0522550084629008 -0.0616696175397622 -0.121863679519095 0.178503388807064
0.0690474546799156 -0.0788834029887239 -0.0823314593289578 0.188127654614414
0.124951992968586 -0.037784315852404 -0.0844107237409208 0.189653469929842
0.118374783448494 0.0461742333502659 -0.124726808069832 0.182263048862029
0.096316887360813 0.11770806569156 -0.223502409885264 0.155355788166398
-0.0109785992318887 0.165198152356707 -0.313354922382611 0.0512610661256626
-0.144147524088601 0.158400416719686 -0.336632582272124 -0.0769199119634766
-0.236909468611877 0.107356759124023 -0.346719857923718 -0.0258029271572854
-0.258563464774085 0.108525823996134 -0.244616050070274 -0.0625473313227875
-0.148171193992288 0.163695369978032 0.0878797201747245 0.061542619254326
0.00126279966665038 0.179199576381865 0.170876974124271 -0.226047490325907
0.120480223260305 0.129551880336847 -0.0584788831707222 -0.343929370826294
0.155186452687535 0.0441669653384787 -0.286600604505499 -0.197684412348648
0.156474721803607 -0.0417457939663341 -0.272605376982407 0.0208330249391947
0.104247453521946 -0.117635873433108 -0.158490129630983 0.115073443120181
0.0860129282468524 -0.123736408734657 -0.0876458902153585 0.132826968774027
0.106899471890728 -0.139126114733664 -0.0348991996706317 0.147966408477694
0.195495618477493 -0.0755187070255276 -0.018514115925418 0.169968851554008
0.205301586767249 0.048328288665274 -0.0528767481491936 0.199886908945427
0.18661139561543 0.181927572874869 -0.17075157419918 0.203868095526936
-0.00646055077160098 0.272649150193595 -0.281043876489349 0.113001520679707
-0.231009994168512 0.227329377462154 -0.277335521248197 -0.0369365855517833
-0.356957959454551 0.126781716083601 -0.221907649112401 -0.0147688548581512
-0.350632671041874 0.0776038548188391 -0.118104463843607 -0.0855679952590959
-0.268520984069821 0.196695258744691 0.160466023999402 0.0617741782619485
-0.0485505728723262 0.281518910120723 0.23586922513146 -0.206498710434727
0.176042760308065 0.222174098884548 0.00830442332433447 -0.345603728265536
0.236070338267954 0.0705854078361135 -0.219868231213039 -0.22202024733828
0.223470195070954 -0.0552385109310107 -0.212508471522386 -0.021378102249206
0.147483534322807 -0.158006130255229 -0.105347393266703 0.0579002666997953
0.105747877042232 -0.167319359549078 -0.0407933275160805 0.0689116534331034
0.120814095538878 -0.179236524126392 0.0211385653117064 0.0869796344054583
0.224796716760981 -0.110117978419081 0.056794069807831 0.126394447566894
0.25479911688667 0.0270016721373766 0.0371632214221298 0.193042574249688
0.256341027538581 0.195710643801545 -0.0931857698755388 0.237229634529375
0.021341341249404 0.329166389409431 -0.226204983268439 0.166920584661333
-0.260972034515124 0.269285607837148 -0.214600754517841 -0.0110147070506443
-0.414695683705169 0.135402324675844 -0.0801497593636035 -0.0160445978980361
-0.381250880724073 0.0280623566436403 0.0436299184526062 -0.0838934035865301
-0.353194069694008 0.180163052632811 0.249323406943536 0.0679605589489184
-0.114558361061114 0.32822708433503 0.296756761370888 -0.160798252295227
0.182210184573979 0.290865952662604 0.0886931903722334 -0.309648128084831
0.275517878048845 0.0993517118521393 -0.120048889694217 -0.222926021384419
0.258037219250683 -0.0536589295247497 -0.12355353154303 -0.0650780175282888
0.170238917295197 -0.171739711180501 -0.0369309156499614 -0.00868508136212544
0.110213912301451 -0.185594308126758 0.0121751177602627 -0.00393682878004942
0.115607977337577 -0.194579234212539 0.0749452881018539 0.0155136092927527
0.218550337942794 -0.126453134894571 0.124094461728027 0.0681459270731051
0.261063773784824 0.0083874217669587 0.119575182415998 0.164860526800489
0.277057186400429 0.184070745385551 -0.0163069380401037 0.242154208085551
0.0332458107070568 0.33195970566798 -0.1645837304035 0.194632348080507
-0.260172100595565 0.263424367394324 -0.15367165607854 -0.00199794411138994
-0.412152233214508 0.115610270057137 0.0570491048721991 -0.0230553361968176
-0.338796701963062 -0.0218231538427612 0.210707402401116 -0.0589386017191888
-0.362528784012935 0.120956935974048 0.333546205340773 0.0792845248771847
-0.159849451125405 0.299706814015521 0.336246527075094 -0.097132842792313
0.146232172445778 0.298365870668019 0.159823751543722 -0.240594819404042
0.259364850807129 0.110664098535518 -0.00801191788922101 -0.197729268091056
0.244952666246775 -0.043929313827774 -0.0226398785437521 -0.101884900118943
0.161843412928513 -0.159075976178884 0.0340664190102946 -0.0751284136185923
0.096143498831568 -0.17604655886672 0.0623575792972844 -0.0754736697119025
0.0960408022526533 -0.18141622727875 0.122600079397114 -0.054318907849631
0.185812784853237 -0.122088172255092 0.179759465011441 0.011182009707826
0.233590624202875 -0.00285427289422692 0.183813744340453 0.130726602301679
0.250961658623098 0.163528695123815 0.0436565530837967 0.232424710309257
0.0206585238434119 0.296943999406689 -0.109487016343702 0.200067366203388
-0.241802888762789 0.215701974677784 -0.100661063214155 -0.000514802316590482
-0.361023115162762 0.0689674267725511 0.173069361653874 -0.0269779441221942
-0.230427093124773 -0.0598603810761053 0.349595436186274 -0.0231499665933407
-0.286169303727602 0.0474725390000221 0.394557034499363 0.0888022688932135
-0.153140602555864 0.210787974312595 0.349696084391863 -0.0371905978907573
0.095276695512348 0.231960036368573 0.206374267294513 -0.166917806969378
0.194150607513152 0.0894989169285244 0.0845480269954206 -0.162831018185233
0.183428700773903 -0.0317312834696471 0.0657857950509934 -0.130482385436232
0.120539686497388 -0.120898789219916 0.0918382536729887 -0.133005904179078
0.066912141144591 -0.138036582269671 0.102454431044904 -0.135344596767215
0.0659052297309303 -0.143350878571627 0.159729678705037 -0.112974122815083
0.135797112171244 -0.1005165465482 0.223590870473346 -0.0335854282254366
0.183517281236122 -0.00701366431056723 0.229938501082193 0.107723672105454
0.194573730712046 0.135759001387254 0.0835265586605984 0.224818277378593
-0.00724278682555774 0.236047979122778 -0.0700749686731268 0.197749213161225
-0.209500064072754 0.142092203438917 -0.0596394694396664 0.00198782532311476
-0.268490556943949 0.00494300007989499 0.257873924767138 -0.0189113312057592
-0.0775242090840589 -0.083638376247661 0.432291862879176 0.00775802214885274
-0.145140788823667 -0.0206356408890714 0.421695201301758 0.0820359162096891
-0.093169988658705 0.0897366959537616 0.349000327371189 -0.00270981005381681
0.0453590012528479 0.110702068005587 0.232173768753858 -0.122620364406038
0.0958152551360041 0.0399645713761812 0.139529570942546 -0.144706009963078
0.0871003101231164 -0.0191439354945174 0.115787011413343 -0.154833744870157
0.055611721492221 -0.0631872348663204 0.120563522628287 -0.173715598972553
0.0253874102540244 -0.0781580129551826 0.123899324352569 -0.173764332870161
0.0282583793591419 -0.0854504417319403 0.183131716948704 -0.150995006245545
0.0741506996352534 -0.0684443785743237 0.255412000330536 -0.0584021253370626
0.1201257158975 -0.0121425203047983 0.264272600155335 0.100524415196472
0.122219402391385 0.0959430129908304 0.109047433695299 0.230799858889503
-0.0335814558076719 0.154010254221942 -0.0486739236623188 0.200517852848521
-0.152789605073911 0.0568370873735488 -0.0390684334472221 0.0105538562949219
-0.143852462458072 -0.059166060706589 0.300879302524071 0.000620713450418281
0.00520940890197209 0.0819011644803847 -0.315707068861398 0.0241776459820421
0.0663829445495025 0.00378875268986886 0.0314288999267994 0.0701136155073319
0.0174900377846623 -0.0559423128064618 0.0948246413994837 -0.201568080749038
-0.0510218074257211 -0.0235496263441523 -0.102746434014862 -0.28307164936395
-0.0308196433732181 0.0235082436886757 -0.30541287555816 -0.134361575091411
0.000300058550589519 0.0160646712972844 -0.297960911282866 0.0649305861286116
-0.00101478920589436 0.0095456292099971 -0.196058899557767 0.164783861223013
0.0108091921173495 0.00732144051091547 -0.128961643113274 0.195674687727636
0.00927162577788049 -0.00905363868405849 -0.104536892232052 0.198697502751335
0.021801607133983 -0.00905073967280201 -0.114316300553945 0.185572947316499
0.0124920501048582 0.0104686705277505 -0.151393594183223 0.155847717319207
0.017007783666323 0.00458976373273213 -0.233179714985578 0.116685112736316
0.02751473681117 0.0302575491144573 -0.314510813213785 0.00392796240815251
-0.002750186416851 0.0863106305999689 -0.373445478726217 -0.118902037964914
-0.0691395213873168 0.0899089919361371 -0.415365000340606 -0.0459697734334614
-0.130631908557087 0.107099983153808 -0.302312407451355 -0.0160614496139134
-0.0302311202562452 0.0887044761362237 0.0465197018839242 0.0666679455694592
0.0193751225464549 0.0553112538651198 0.121079164188233 -0.213041324061701
0.0333680924172096 0.0425007163071455 -0.088848993937828 -0.308681114980199
0.0573337124583876 0.03108350062042 -0.302743975509432 -0.159356233848537
0.075682718318692 -0.0160251449954182 -0.289787688424928 0.0490432847260279
0.0495408118965926 -0.0561130659525822 -0.184235211864191 0.147783992664367
0.0518924345007819 -0.0616456147168029 -0.113776435129439 0.175185070317767
0.0661033728784005 -0.0773568735891994 -0.0751709879612326 0.185807117752903
0.123347683854028 -0.0387279200816246 -0.0773064941277654 0.187878977129595
0.118729413399815 0.0468467749348699 -0.11983871829002 0.181129738519821
0.0915129337091123 0.117580739308482 -0.214743493138561 0.155728801425768
-0.0161961020924289 0.162197307168306 -0.30364866338908 0.0478570526789972
-0.144331836530504 0.152919967514528 -0.329763060863246 -0.0809378549535005
-0.232565362335268 0.108233610776856 -0.337839560831535 -0.0352878965871316
-0.256545309592312 0.103297835452326 -0.23450168887215 -0.0509241052113216
-0.148351859533122 0.156101354044501 0.090164145729009 0.06615138596515
-0.00395214087268653 0.172990339183999 0.174338965492844 -0.213575855134733
0.112131941855603 0.125872632951264 -0.0477855623690721 -0.332829982968203
0.149743365913319 0.0468267322415772 -0.273254719664529 -0.192751246468436
0.153507920398814 -0.0407745927749429 -0.260104291631243 0.0167910817712118
0.10081233705414 -0.113117934382526 -0.153662801694045 0.107668974164757
0.0852266298368985 -0.121887783815186 -0.0822416349278395 0.128588392095707
0.103242705112427 -0.136748365925948 -0.0285701494611848 0.145526839563111
0.192844652873607 -0.0776328067681731 -0.0121234696495031 0.16769577618439
0.205230554643713 0.0481065664399671 -0.0483745905357861 0.200750961929593
0.180286590997667 0.178498659067493 -0.16281403762129 0.208705848592884
-0.0102411103823549 0.268641570628309 -0.275495472748338 0.109816658194803
-0.227975471900334 0.221910723132804 -0.275640134798786 -0.043268577332097
-0.34706385568839 0.128546838507169 -0.220215961982456 -0.0264844707814754
-0.346655856271159 0.0703589524793722 -0.114378370599478 -0.0679694736635686
-0.266376775410342 0.186631548954903 0.161047882212113 0.0707713155815832
-0.0556336704424801 0.271278655539301 0.239832828865092 -0.191864627645583
0.163877830555014 0.214505635151877 0.0213664453846252 -0.332646760070575
0.226852115311976 0.0717971142664256 -0.205945055740923 -0.217747045105441
0.218462863190333 -0.0541316485607309 -0.201450033524781 -0.0262380962920393
0.143097970361138 -0.152694857800017 -0.102248055713976 0.0493303215176733
0.105276993739888 -0.164522260496637 -0.0381142520564415 0.0648231628076924
0.11679121363361 -0.176376581070918 0.024665803612235 0.085202305596233
0.221784134028191 -0.112911416056666 0.060499223356789 0.124081364598869
0.254497481897576 0.0264606614346921 0.0402838424079127 0.194417679149542
0.24908532745542 0.190378365168584 -0.0862245041494226 0.242165063797207
0.0172124252460281 0.324162566372955 -0.224035665116477 0.164114705601488
-0.256721769989537 0.263394143402936 -0.216037186689226 -0.0181390695527853
-0.400939756012759 0.137859931751007 -0.0848889008303618 -0.027583028245342
-0.376272062647181 0.0192864212508301 0.0398041883817674 -0.0635662631558646
-0.348729388621686 0.167041982555181 0.245758070772371 0.0793906466776438
-0.121058422857007 0.314342159769558 0.298774872433356 -0.143016293574826
0.169585566758823 0.279006594989709 0.101219228674354 -0.295091779750192
0.264246595138676 0.0991048145424764 -0.107331655379881 -0.220115165973213
0.252114724491024 -0.0530894446862737 -0.115796465585937 -0.0697586909437396
0.165497933469514 -0.167057673342981 -0.0368576943981479 -0.0167033968633336
0.110210681786895 -0.182190493206606 0.0109998322375198 -0.00750286918885561
0.111321246109032 -0.190946854998577 0.0758619314371252 0.0139067284024862
0.21566731688289 -0.129316751144378 0.125006716527443 0.0663036339411853
0.260329944408338 0.00657462826967463 0.120456282939566 0.16706640269346
0.271185540495567 0.177841455526321 -0.0117568655509667 0.247960358251132
0.0306095969208674 0.328172845886552 -0.165674373938526 0.191775058697445
-0.25452645297211 0.25837885138217 -0.15711600863574 -0.00889966601356335
-0.397870173680813 0.118254473796154 0.0467854340077509 -0.0332516148008409
-0.333525177947377 -0.0312439303587687 0.199967895217801 -0.0403211953551719
-0.357098382939097 0.107339384262639 0.32421335571043 0.0913455862821275
-0.164567521241548 0.285198515315189 0.334808392079855 -0.079644860765928
0.133899656479372 0.285033238527731 0.168764541176839 -0.226632693495713
0.248332058185825 0.109158126323417 0.000684155103977285 -0.195490894000693
0.238988283593233 -0.0432898510161884 -0.0186346834164319 -0.105103982069243
0.158156414104386 -0.154970574769697 0.0313263809351918 -0.0816882716222567
0.0968865106496951 -0.172465408089971 0.0580149260266065 -0.0771249967829854
0.0926730068838473 -0.178275065938539 0.120090800018668 -0.0555282709149255
0.182520703944304 -0.124318737350273 0.177523707860176 0.00939184160787215
0.23271924628226 -0.00501089332835262 0.181992271082247 0.132847984518159
0.247076920273384 0.157822414086305 0.0460404984606393 0.236968093879341
0.0199249367368319 0.293220076366195 -0.111975690584959 0.196799144847902
-0.23569881881108 0.211898100195068 -0.104468712877136 -0.00644971824963545
-0.346879709374902 0.0714210337216747 0.159709655346737 -0.0343680447781587
-0.226186192748596 -0.0680990668357351 0.334130639094295 -0.00833469781651217
-0.282043881215954 0.0364544303398182 0.381158165876168 0.0981400432435873
-0.155011179326535 0.198169063651969 0.344441704721726 -0.0225733007343527
0.0857723379257232 0.220207932390605 0.209730192767317 -0.155865638244416
0.184985121698329 0.0872423507766445 0.0885212748224419 -0.161044196260413
0.177910239042157 -0.031667484011138 0.0655843650605205 -0.1316423237627
0.118586823906257 -0.118134768461848 0.0863607949019094 -0.136801566610069
0.066867895740293 -0.134587536474919 0.0952785156577177 -0.135579518492263
0.0638092488439239 -0.140270890871458 0.153628094693759 -0.113131761558284
0.133683225218582 -0.101740551668417 0.218619882192356 -0.0346490265883468
0.183202132639766 -0.00866343953398908 0.225973722220573 0.107782485202893
0.191627838080525 0.131404499361934 0.0835214102918454 0.227473222686084
-0.00731406759101698 0.233355220670577 -0.0735493617640276 0.193325779827354
-0.203729180887238 0.139020010129873 -0.0631745824914504 -0.00383379080400577
-0.25801523411348 0.00795239613397958 0.243781625706145 -0.0249730767268626
-0.0758316995505172 -0.0883772406562802 0.414727893577391 0.0150436628170451
-0.142533281954669 -0.027098943746867 0.40448313323915 0.0877568894493712
-0.09423099742972 0.0815034117443213 0.33874303814415 0.00811078599157943
0.0391806463248794 0.103057132152665 0.228706518951832 -0.113949757862506
0.0903962378798052 0.0378718302829425 0.13845097038729 -0.142612486713036
0.0831060681457511 -0.019040270720653 0.112765214345491 -0.152794078697751
0.0556580892780801 -0.0621173979825503 0.113347606899872 -0.174400495720959
0.0259057692259287 -0.0754629798039943 0.114838323307917 -0.172435731142435
0.0278951712452547 -0.083598701808525 0.174947231504644 -0.150658965185131
0.0727952800687416 -0.0689766614800381 0.247563721886609 -0.0598979870506828
0.119687844197268 -0.0130024204570343 0.258446802030412 0.0985205829934518
0.120464556455302 0.0942900058990446 0.107336273544663 0.230127002594664
-0.0326332774956946 0.15342059301117 -0.0524011080699516 0.193406101097582
-0.14886515465988 0.0557125042537485 -0.0399803351820017 0.00519368607452981
-0.136895302393817 -0.056089769098632 0.287155215395283 -0.00224185900923795
0.00546464855724722 0.0797376817704678 -0.309926324480442 0.0333345978857301
0.065425239397573 0.00216716752236744 0.0346962820723918 0.0699909659937515
0.0161020942991271 -0.0559883260605497 0.089366722654139 -0.202088272059873
-0.0510253537877436 -0.0208008358705403 -0.109681524195646 -0.278489132395981
-0.0305725375979657 0.0238561276012591 -0.307135784535461 -0.122798478428299
-0.0010889786086554 0.0153466803072051 -0.293888149789799 0.0747582590058181
-0.00110496466609191 0.00932537662425149 -0.189493011181069 0.169971267429087
0.0109620564241896 0.00612942256886405 -0.120244876882609 0.199306554394239
0.00902360550176309 -0.00983115958304334 -0.0959956500511871 0.202684426461523
0.0213650238028992 -0.0105165712371475 -0.108404573786786 0.188539375063486
0.0143459598210134 0.011109628295691 -0.147258089719806 0.158103991969965
0.0174883935851612 0.00485115913064871 -0.227054894026589 0.121482061584774
0.02703630699344 0.0300890418230983 -0.310391867514027 0.00868787894284048
-0.000463776908214988 0.0849022034078354 -0.37415590990419 -0.108292323072559
-0.0678428030872997 0.0891872818675606 -0.412904485172329 -0.0328942896152806
-0.126437167630412 0.108734663272001 -0.298822599009391 -0.00578299751826415
-0.0274557315141149 0.0889405213855397 0.0484837632943156 0.0665889449381101
0.0221300859808406 0.0534482868442099 0.114641120110477 -0.213798938189508
0.0349218627434569 0.0409619548244495 -0.096223912219477 -0.303418760003119
0.0573229207536176 0.0277626324582313 -0.304457833939209 -0.147091917935501
0.0733703914022687 -0.0199916814321453 -0.285925134205656 0.0582746126254502
0.0464607983619877 -0.05763316510254 -0.177702752735906 0.152224745762556
0.0491603353238057 -0.0635105579482301 -0.106099376233107 0.178041132909915
0.0623448972593637 -0.0798630503001513 -0.0675125853519713 0.187685172757397
0.121637151570052 -0.0443725874432084 -0.0713762282302566 0.189504751055527
0.121017371954033 0.0435097158776806 -0.114552697479365 0.182926318025693
0.095316342004088 0.113717621205422 -0.207945909358576 0.158723744447381
-0.0117368158995942 0.162525848353585 -0.29824562936826 0.052883508553325
-0.139543197021583 0.154951617649829 -0.329346911496043 -0.0707134017011805
-0.228522485385226 0.111274101386925 -0.336287614672613 -0.0242049660532437
-0.249718589878216 0.108277083474592 -0.232283877150726 -0.0414790592061199
-0.142098146746516 0.159350267759542 0.0917006899514216 0.0662234468329953
0.00283815340709002 0.169950701108848 0.166404802865325 -0.215052552311776
0.11579571372617 0.119980591873995 -0.0556033449265492 -0.328132031812911
0.149513146877252 0.0398471441025551 -0.277019775337772 -0.17989748555591
0.15056509588639 -0.0475570555879183 -0.257665226063986 0.0245472328085664
0.09581287579195 -0.115788035639877 -0.149111397052035 0.11039489013563
0.0801887216506856 -0.123705883697623 -0.0776247834655682 0.130904145487105
0.0966397116957843 -0.138913890179572 -0.0227535853452348 0.145600262994253
0.18898618752365 -0.0859343620935594 -0.00801592305795371 0.16807516269954
0.206526121918742 0.0410430353370364 -0.042404756835471 0.200327174180788
0.185536514303473 0.171000237177519 -0.155492913413658 0.20961073538565
-0.0025961937573841 0.267027220442275 -0.268364309070497 0.114035123261437
-0.220875323419344 0.225910908736199 -0.274791667667809 -0.0350190522644465
-0.340865076760018 0.135307144101635 -0.220300492396916 -0.0197349206688431
-0.337685110985463 0.0782397749417129 -0.115298354653576 -0.0623306469935206
-0.258772800369256 0.192932749248938 0.161207100054029 0.0682824545432021
-0.0455552868142531 0.268228197299553 0.231630687532214 -0.193883378384697
0.16926824330591 0.205385054255391 0.0129354900687849 -0.328820592466061
0.227038934935102 0.0617904769794452 -0.211371612847602 -0.207170105480352
0.215105820465776 -0.0635469618877134 -0.200368288502874 -0.0200523988271889
0.136555142051224 -0.156930164720288 -0.100641101353103 0.0514365612401769
0.098604294672442 -0.166559013437881 -0.0369615601542761 0.0656455855522728
0.108322887951309 -0.177850575981309 0.0275880066793882 0.0830198269599773
0.216568342344352 -0.121291243187934 0.0629906998404227 0.121830397367984
0.254322688334372 0.0174888892590083 0.0457356768919824 0.192130759589348
0.254364736636879 0.178835727982442 -0.079338130390013 0.241779656235943
0.0279488762744343 0.321322027088196 -0.215551563485323 0.166377464259579
-0.247889712972121 0.268112017884601 -0.215376960498042 -0.0119703448416066
-0.393079995433755 0.145033171084857 -0.0874696317518334 -0.0256375431835009
-0.369590282140029 0.0289412784635989 0.0370322805769907 -0.0622622350284005
-0.340810094877388 0.175166598970523 0.24384528766778 0.074594793618986
-0.109517684165459 0.31337856547751 0.29090512879387 -0.14668324049908
0.175976775524701 0.269055883477587 0.0936336864935529 -0.293564656018686
0.26548425950607 0.0872960996920321 -0.114192814701404 -0.212027706560763
0.248183754919717 -0.0640092793201788 -0.116356603219609 -0.0660941169298625
0.159237202444697 -0.1722323019381 -0.0381514903568841 -0.0171959214941866
0.102360162538467 -0.183592538942633 0.00870413213167252 -0.00811089626206864
0.103131921924117 -0.191695541253425 0.0753463371866597 0.0106671052919168
0.209004397811006 -0.136866752685443 0.12539740608681 0.0630378671111
0.258833290572015 -0.00180132188718791 0.124884101716395 0.16222329202216
0.275265070667816 0.165058622760884 -0.00526661950687818 0.245246218140898
0.0414213565974883 0.32356441285185 -0.1560811518618 0.193167258998037
-0.245133142412102 0.263487798137763 -0.156315590754494 -0.00381937750504506
-0.389793603389119 0.126521224215353 0.042718855070374 -0.0353518020795273
-0.328990909860254 -0.0218177681624119 0.196282745661129 -0.0431988119104878
-0.351356212047815 0.117154172691226 0.321988672044136 0.0841324579939368
-0.154421923351533 0.286174448228436 0.328815817936897 -0.0849762593124462
0.140923419425296 0.276493264448245 0.160450598239535 -0.226314887099983
0.249883465467096 0.0977644006089635 -0.00677459819142878 -0.19172579034137
0.235696185623206 -0.0532079385992307 -0.0205165530111709 -0.104857578321613
0.151993133499968 -0.159862992480067 0.0274341753892879 -0.084626803015865
0.0896067748771454 -0.172855455203585 0.0523732781182197 -0.0796796135382234
0.0851388433230748 -0.177842975437206 0.115920388642449 -0.059777194305325
0.176307285085472 -0.130248819040577 0.175125861194312 0.00395645708407883
0.230649731763081 -0.0121383958253618 0.18570150771308 0.1264445437537
0.249700038963019 0.146203207495467 0.051705167125324 0.233402740776851
0.0295483173797142 0.28924557413387 -0.103872133745806 0.197383460641918
-0.227993967291933 0.216419157487336 -0.103502318719406 -0.00393906695652429
-0.340487380500033 0.0797246885065828 0.1548558331295 -0.0410167315074524
-0.223826201929796 -0.0609250869583013 0.329900978669044 -0.0161377869472095
-0.277791467986513 0.0445317882104736 0.377803143268755 0.0881850040562
-0.147032862848439 0.199764669506298 0.33930727432574 -0.0285492555840766
0.0905168891164287 0.213571731493227 0.203507045841588 -0.157813137930997
0.186039002030318 0.0779385643125566 0.082354514501233 -0.161687546530917
0.175513995905147 -0.0392218082559605 0.0620305225669915 -0.134466045500274
0.113585359783019 -0.121687696684772 0.079264380233476 -0.141653210972783
0.0615981714350787 -0.13426403820052 0.0864759940907448 -0.138913147480228
0.0580842700673147 -0.139105688066414 0.146937718118695 -0.117970846994703
0.128455863726345 -0.104990879997268 0.214328055890878 -0.0415668466442319
0.181065571920579 -0.0144718141716813 0.227907516646743 0.100004969873749
0.193764334634061 0.122512661345119 0.0888374546619577 0.223101359454254
0.000836683072210525 0.230577494001258 -0.0663891997778776 0.192770877117094
-0.197503027259728 0.143075191474204 -0.0628447147903874 -0.00239221498854683
-0.253422796141095 0.0148373790781397 0.238135166795105 -0.034084794083809
-0.0764560326893163 -0.0853976426773297 0.410182484876305 0.00512750359942082
-0.140702007325465 -0.0232012114669621 0.400949042202816 0.0774289878021744
-0.0903209519295328 0.082443121761585 0.335422772779119 0.00160019934847834
0.0402608845053532 0.100203623456342 0.222917055170646 -0.11734707111875
0.0905823835064786 0.0335345698979751 0.13291244557599 -0.145483182189305
0.0814658085389842 -0.0221417055259477 0.10773175735482 -0.157540936355169
0.0532618834071399 -0.0637628270296397 0.104786365812887 -0.179619070705193
0.0235961009997962 -0.0736991770067255 0.105825966635039 -0.176134683773656
0.0244730344823423 -0.0815017736619441 0.166111196438379 -0.155605095025385
0.0692759872687688 -0.0697942368216865 0.242594890723158 -0.0678292469933447
0.117615744541248 -0.0169690030368607 0.259110908427876 0.0900125238383836
0.121721728772817 0.0878585219377338 0.112592819499414 0.225439058591163
-0.0278420851637927 0.152772020213593 -0.0454282515009978 0.192594924034943
-0.145347261067351 0.0586441847551513 -0.0399303623575678 0.00532732753624885
-0.135196807184943 -0.0512190803957175 0.281281955268377 -0.0133493698995974
0.00630080678907965 0.0796021778397217 -0.311520729901705 0.0438514381172728
0.0661425743471674 0.000798151196499432 0.039195238897927 0.0713922585111786
0.0149081063166244 -0.0571545537134494 0.0852001087986403 -0.208462590673402
-0.0514534090580302 -0.0187529126292663 -0.119994555628162 -0.28196612101069
-0.0306805609878995 0.0252772661069598 -0.316255147255399 -0.113724122954472
-0.00162254323986377 0.0155014674822319 -0.296934823713057 0.0881132114011613
-0.000661416073086028 0.00950474646591233 -0.186120315568411 0.180616555494041
0.0115139098541534 0.00484502874621553 -0.11281559555061 0.207952227164051
0.00854646948280672 -0.0110840268593679 -0.0893627777887123 0.210905862500982
0.0216681550663124 -0.0124849735856433 -0.104202867830041 0.197564310857582
0.0166308437751406 0.010851144335179 -0.145584951529655 0.164615096876657
0.017973278591598 0.00531936272244021 -0.22545386511831 0.128335236838211
0.0276289362378857 0.0306447241135382 -0.314357004285689 0.0141294494690029
0.00200739519308887 0.0857282016092608 -0.383280248302 -0.0992183985798356
-0.0679562758404552 0.0912242494617796 -0.420339475843483 -0.0206894927655254
-0.125094548344709 0.112392255639598 -0.301840203855205 0.00490862062697564
-0.0253009868437154 0.0918829186875455 0.0530714458795206 0.068439804182451
0.0247249259907603 0.0524744863232097 0.110448872598475 -0.220232461058786
0.0377831788391796 0.0399806720501713 -0.106949058081314 -0.306630810685343
0.0588757304476085 0.0254894985949909 -0.315330138975033 -0.138674283510863
0.0732120243424844 -0.0238838502053822 -0.290293131101968 0.0697382636445913
0.0450997319377076 -0.0609437535130715 -0.175741619169173 0.161369480051523
0.0477002040686799 -0.0671546389247707 -0.100446412553906 0.186379498372354
0.0600008024496721 -0.083930412820206 -0.0613770085900209 0.194157945316561
0.121877645693066 -0.0511522305588526 -0.0671636526053872 0.197133482830102
0.12633492304583 0.0397796965546603 -0.111444521302285 0.189519712700187
0.10161022683199 0.11252782947101 -0.205897951735387 0.166255736251032
-0.00712649784015729 0.166529423936379 -0.300675802102374 0.0590239024185238
-0.137794175832539 0.161762235753672 -0.337355698627741 -0.0630987735551678
-0.230334236437133 0.118802800554793 -0.343414195074488 -0.0136374405463715
-0.248735281773539 0.115769244864184 -0.236476797052917 -0.0335720061387781
-0.140157847337759 0.166610806162659 0.0958169962098528 0.0671165453891616
0.00923620621503856 0.170757523349898 0.163067051356595 -0.2223214562536
0.121941457066688 0.116569862916192 -0.0656050300175776 -0.331681275707892
0.152962813788155 0.0337591100690834 -0.28816319389286 -0.172392808785374
0.150545385754664 -0.0561231333558954 -0.261791549058475 0.0338517587099492
0.0928214352508044 -0.121848107686029 -0.148391790090771 0.117354698827724
0.0767246348110226 -0.129256753621144 -0.074110380123582 0.136644776845279
0.0923921974106424 -0.144897497988428 -0.0176147190075536 0.149035894342962
0.189217001941477 -0.0962994303081563 -0.00292418668121666 0.172474454256602
0.213069939046185 0.0346994792909584 -0.0369890185414512 0.205650510513932
0.195172053043303 0.16647113360956 -0.1521972650812 0.216889470697656
0.00557291698273622 0.272043857574935 -0.267676786636373 0.121535066762549
-0.218489448857992 0.236697815294848 -0.281312972238285 -0.0279120513538881
-0.342337388224725 0.145565683353078 -0.22615476322877 -0.0130183458203093
-0.339710254750563 0.088098770162135 -0.118549197608443 -0.0573849775751654
-0.25775631233145 0.204703587310926 0.165109705466087 0.0681091011202095
-0.0371192684000024 0.272002002245661 0.229566094037359 -0.202047149165584
0.178821619504065 0.201477573090443 0.00385464694775081 -0.333708480730548
0.232956115400993 0.0528365845192753 -0.223004195711233 -0.20108055493781
0.216401403781059 -0.0749147945836758 -0.204550713899683 -0.0139249975434633
0.132970178673652 -0.165296017879536 -0.101423050099676 0.0547202104186845
0.0937116856758462 -0.172915367626247 -0.0363980807696985 0.0690343840390655
0.102747182016702 -0.184488234864735 0.0306772605347738 0.0830159109424981
0.215192095410862 -0.133211879226411 0.0672637033131148 0.123012555654108
0.260457120332297 0.00885532995453249 0.0528682991577156 0.193836221493531
0.265819707257724 0.171959889727596 -0.0738405679043427 0.247212215394493
0.0390264150953775 0.325227472601603 -0.212688388637605 0.174096247235663
-0.244644740841225 0.281357087329174 -0.219510646681336 -0.00521361323069137
-0.395322510852191 0.157749760824723 -0.0910501090359328 -0.0236485578198688
-0.371272139327777 0.0389887306674645 0.0357766521744823 -0.0622112806831366
-0.34112984474798 0.189292424096483 0.248300987333996 0.0717415758739439
-0.100350516365129 0.319988886608328 0.291114149500093 -0.154789839861175
0.187231205739015 0.265729539802389 0.086227283557805 -0.298920478454364
0.272326129508877 0.0773773740291245 -0.124138603903471 -0.20972319978631
0.250255879174794 -0.0762547058425054 -0.120671851231765 -0.064176296851821
0.155303649171253 -0.182337933213117 -0.0406271072733692 -0.0175492671505043
0.097182452030443 -0.190578670895057 0.0060260117673365 -0.00803862630174199
0.0973445811300265 -0.197434824323433 0.0762730571450346 0.00756238830081316
0.20696568302109 -0.148736586946989 0.12882877627588 0.0603072070925777
0.264919817754972 -0.0118410813383401 0.132841979097724 0.161308543910804
0.285610271107533 0.156690334619674 0.00151624624973034 0.249721416628965
0.0539261914126021 0.327432973371942 -0.151434299081037 0.199330436662834
-0.242932427363544 0.275892370033222 -0.158941400392873 0.00073667464209352
-0.391928197672092 0.139062150404843 0.0399438213340871 -0.0392394898390264
-0.332604040668581 -0.0134372319956662 0.197574046147929 -0.0474635031638279
-0.353403347371287 0.130325718739376 0.328075458991881 0.0782929503050219
-0.147440378936339 0.293841494754657 0.330752646044611 -0.0930701869396098
0.151368663123044 0.274281876746619 0.157553450929425 -0.233433502067499
0.256558605171876 0.0887936215321893 -0.0140939094118849 -0.192686724559638
0.237384862492736 -0.065024050520521 -0.0238064859838396 -0.10763370933684
0.148455580787175 -0.169437894343152 0.0234030339054303 -0.0893831132418376
0.0847406379895746 -0.17851976234927 0.0474526266258722 -0.082725314791789
0.0792200451645555 -0.182754822254026 0.114356562215006 -0.0653986162363105
0.174098020553814 -0.139463503595834 0.178091437173779 -0.00162525880190976
0.23471493078123 -0.0207469840691199 0.193791687087227 0.122141416820301
0.259013350006068 0.13726430824798 0.0592436683715296 0.235839978124482
0.04060464188792 0.2929410571411 -0.0978132707789196 0.202028363358877
-0.225391305660631 0.227392595643665 -0.105452958287029 -0.00124744878821346
-0.342434947650062 0.090207753273093 0.153205752480004 -0.048726238274468
-0.227674818882966 -0.0554061788002691 0.333733615591239 -0.0237616353289015
-0.280499561961807 0.0535872313013675 0.383816434296839 0.0801954849272111
-0.143052130669341 0.206485578931582 0.343914599069427 -0.0362499914501416
0.0977473341942777 0.212619381773563 0.201677560880247 -0.163830409953674
0.191333160449312 0.071617728423341 0.0772414553812327 -0.165286952792052
0.176922480198643 -0.0476740847956435 0.0594288842388897 -0.140843408870456
0.110666956310004 -0.128932046053516 0.0738661417737266 -0.149556892530404
0.0582612362247627 -0.137708499014655 0.080308357201332 -0.144516643079539
0.0537006386719541 -0.14154652066299 0.143587761989336 -0.125624917273955
0.126185928721002 -0.111553703543836 0.215921658078079 -0.0495768860717175
0.183231289000412 -0.0211727397350866 0.235829033935156 0.0948953854263095
0.200786971037332 0.115764614319009 0.0968556679702375 0.224425107923047
0.00856698433716146 0.233972151742224 -0.060807392684119 0.197277399216749
-0.196637953602814 0.151886758402524 -0.0639148428639584 -0.00134098678584191
-0.255438188133252 0.0223692171080886 0.237045780098476 -0.0452049636465037
-0.0793207110994892 -0.0844450272443333 0.416083162489228 -0.00544820257689924
-0.143142453676294 -0.0192591736842581 0.406974853859623 0.0674057672044856
-0.0887912536448061 0.0864327702918167 0.341159974962586 -0.00634538775965166
0.0430492652925902 0.0988509291411096 0.222429914002117 -0.123743575363365
0.092659217121172 0.0296829933583613 0.130138931531416 -0.151684563314455
0.0814677215068962 -0.0259533611065434 0.104698345156703 -0.166645153626824
0.0514519437278122 -0.066696279771458 0.0978718908772245 -0.189057497760029
0.022093040212254 -0.0745098833633645 0.098074684136316 -0.183386186299233
0.0222079214180796 -0.0818424900170828 0.161222525222578 -0.164403067985302
0.0670616161469848 -0.0721626649795566 0.24396532552921 -0.077206096305749
0.117988545437856 -0.0213118630711133 0.267080995105526 0.0830867806592438
0.126042687718117 0.0844922274277497 0.121416090941948 0.22558631143705
-0.023032137466067 0.155433215339698 -0.0401675043156496 0.196964576541972
-0.145386623691213 0.0634166729034076 -0.040996272465891 0.00578037202117179
-0.136956376245745 -0.0482164064483445 0.282075658592846 -0.0256789336493984
0.00836857619153974 0.0801777835744613 -0.317758387254963 0.0621255499559761
0.0680254517259524 -0.00218034433381532 0.0457339068679698 0.0722563185053135
0.0124109601118282 -0.059734159367084 0.0770639380750198 -0.220398526076851
-0.0530849112336817 -0.0162634798046523 -0.139232940137564 -0.286077939583515
-0.0301736182543009 0.0279686716876319 -0.332709916374797 -0.0989573251075025
-0.00146489122628974 0.0166791928124652 -0.301792887122554 0.110094767345401
-0.000729307637820005 0.00968355121992025 -0.181380244223072 0.197693379720002
0.0125052414467761 0.00334306088965811 -0.101682199900702 0.221380001514883
0.00832988740344777 -0.0127750201991302 -0.0779109516620143 0.224784994633304
0.0215607178516382 -0.0147864230454215 -0.0974865179753897 0.211411178588431
0.0195163168781522 0.0104976531556043 -0.144300453773915 0.177508415720374
0.0193767980348491 0.00524822558191685 -0.22553495720286 0.141648813221902
0.029231793964718 0.0308291444260919 -0.324059492267781 0.0279990221212939
0.00619467379284141 0.0880579137816082 -0.401507035680355 -0.0843056534840656
-0.0674467766299108 0.0970985865707505 -0.434892857693093 0.00252895868522443
-0.124208939149386 0.120180069199377 -0.308911646220157 0.0212118807277235
-0.0213676117735697 0.0966745919793046 0.0594472438257612 0.0690660473917386
0.0288201268082286 0.0516113056269494 0.102705093299219 -0.233116454610315
0.0424926838028266 0.0386368833533144 -0.126307912461242 -0.311922554263212
0.0621776147165581 0.0225990720460837 -0.333076653168296 -0.123678106864057
0.0730477240690808 -0.0294977442751681 -0.29591777994871 0.0899625191666144
0.0426337298803207 -0.0654782174265024 -0.172297171488622 0.176898143446242
0.0453304520020126 -0.0725060036646102 -0.0909612045927357 0.198335798149594
0.0570899739410947 -0.0905818740056721 -0.0507143837449254 0.204956766684577
0.123269269626641 -0.0617520054083353 -0.0588320023814907 0.208715046402569
0.134837654574099 0.0341397508822155 -0.106729276763389 0.20191677429597
0.111701150273428 0.110305298130848 -0.203817826355397 0.180818795559984
0.000842811356536712 0.173153104889971 -0.306123590695393 0.0739396101117724
-0.134931797844708 0.174337463624564 -0.352750576621563 -0.0481028430584693
-0.232617641173032 0.133131554543081 -0.355881064303817 0.00416779026092071
-0.249469669290748 0.129908403305834 -0.244527321268364 -0.0200892153525552
-0.13548617373063 0.180662352250468 0.103079624599976 0.0671156905296146
0.0190820049750155 0.173722759689253 0.157182817172206 -0.236577094952384
0.132920867490655 0.112499277215093 -0.0849141128169284 -0.339154958366328
0.159671890851958 0.0248043834848118 -0.30735595349938 -0.159601872816532
0.15138165484577 -0.0680360552448638 -0.269095105067566 0.0507362179053666
0.0881639321876416 -0.132291312765733 -0.14638480847845 0.129728982920614
0.0714598756557011 -0.138042621491738 -0.0679488882591142 0.146260595040894
0.086682207158312 -0.155048900143646 -0.00905423974259267 0.155362284292739
0.18954305922334 -0.11262929560134 0.0061860820052703 0.179892281963464
0.224145783509247 0.0233888181549795 -0.0277868310625991 0.214347146341065
0.211699716740821 0.160243764571088 -0.146217480705248 0.230503385287962
0.0207231812264968 0.281162168809657 -0.268629062170792 0.136420615137312
-0.213824000136535 0.256454503054156 -0.2920057254481 -0.0140755866846653
-0.346881253316826 0.167078869926356 -0.23586472599422 -0.00180874924765935
-0.343931445430119 0.105545642167923 -0.12492878356628 -0.050778932726223
-0.254998765226065 0.22626989063581 0.173708820505844 0.0645061899900264
-0.023024731415442 0.280651262394946 0.226002687638554 -0.217067555818912
0.195690809531306 0.196138385951305 -0.01320725791659 -0.344387772433266
0.242627295164549 0.0397326276594057 -0.242085638977977 -0.192111176589422
0.218548431574159 -0.0923114959321447 -0.211835164621508 -0.00264232427006161
0.127404326646467 -0.179909672850371 -0.101940594697261 0.0613638017108076
0.0861477664024204 -0.183939642395307 -0.0342111286537465 0.0742727491274013
0.0953425630584297 -0.19672698787439 0.0363868099070758 0.084301480401906
0.21413064480904 -0.152465343509188 0.0760610919996793 0.124530588892303
0.2710577515049 -0.00601945323087511 0.065992187330355 0.197520053814749
0.284954322092685 0.160335370515086 -0.0639817411866101 0.258812866416427
0.0583465827414303 0.334680841708371 -0.208623110738034 0.188801734647833
-0.238738629707635 0.303892887677991 -0.227109453556868 0.00529695150188509
-0.400892230452503 0.181575374335548 -0.0977349784970558 -0.0201101970732411
-0.379648690474051 0.0571332131589978 0.0337614850594435 -0.063369908474123
-0.342494016774596 0.214480098015321 0.258908143979207 0.0643628741396684
-0.086698675921022 0.334081883238631 0.292389588407102 -0.171964216422083
0.207854338080015 0.262262131471121 0.0747491436089578 -0.311254896159261
0.285279054076316 0.0622545927957163 -0.140379090511968 -0.206210793707448
0.253300815329022 -0.0964374689379301 -0.127568525330071 -0.0599392645767539
0.148878348930478 -0.19903101726467 -0.0442602204138429 -0.0177397321115988
0.0892538381241193 -0.202221761689484 0.00407512118930356 -0.00774394445570719
0.0881684821031148 -0.208784010811779 0.0785784079984424 0.00360109733723862
0.204422898439251 -0.166665015895221 0.136672117025807 0.0558364383322951
0.273924275348461 -0.0279874881500381 0.146924465202782 0.159058095022725
0.304228026098963 0.142471189227878 0.0132109103980434 0.257815499289484
0.0739199986330521 0.335374383526966 -0.144233608478048 0.211769910394008
-0.23574215956355 0.298712270434612 -0.1640496062205 0.00875231996468818
-0.397326588206239 0.162454418817251 0.0361852331298033 -0.0435226952374519
-0.342151906756109 0.00111112846807081 0.20168157597403 -0.0564707604131386
-0.357826810850839 0.154420939438968 0.340426995612082 0.0662995032297776
-0.136291776232075 0.309555185426165 0.335205793688507 -0.10971954035502
0.17058161509935 0.27324976880245 0.150779837569467 -0.246427721778748
0.269963323464619 0.0751103565951404 -0.0258448463238301 -0.194239639882926
0.240981606697097 -0.0831721458524751 -0.0305669377808328 -0.110919374697282
0.142217562812766 -0.185649109266065 0.0168890075152059 -0.0961332477062156
0.0768639932309735 -0.188776216659042 0.0418175772768715 -0.0876276766603552
0.0710398645462174 -0.191742752922441 0.113354758861032 -0.0742225782547089
0.171140797245643 -0.154826592011131 0.183126885084989 -0.0112027889898912
0.242054901649675 -0.03470028732195 0.207032236765623 0.115088696150505
0.274994748450575 0.124565447423417 0.0725032681410245 0.240778357287193
0.0585012336005174 0.300132743451584 -0.0887370326568755 0.213041631909396
-0.220802469667824 0.247322088110065 -0.109065642642907 0.00406105307766473
-0.347217033485405 0.110059262718266 0.151954560308198 -0.0607084703286722
-0.236773705136361 -0.0467907007685379 0.343365062585714 -0.0395095062042054
-0.286387895477528 0.0709348808180465 0.397788092092158 0.066229386413288
-0.136184438410934 0.219522611197566 0.352880554688142 -0.0524213450907193
0.111434204211576 0.213090378072299 0.199543258463285 -0.17775252822228
0.201184326551471 0.0611919873168148 0.0697873490282325 -0.172160333657321
0.179250171147936 -0.0612238324239968 0.053536265068066 -0.150703968304244
0.105936361355243 -0.140989922057612 0.064960497620476 -0.16133763171699
0.0521846615812876 -0.144439089017453 0.071323006446867 -0.153989061038806
0.0471578891294347 -0.147770202977484 0.138876271519307 -0.13833791917304
0.122724414348397 -0.121847690545046 0.219469192882755 -0.0633932760910156
0.187967054751475 -0.0323320004093002 0.248966375390746 0.084140945174591
0.21339855258305 0.105458649646946 0.112014840667855 0.22759311716458
0.0226324761451167 0.240893921945898 -0.0511947213706167 0.205940715697573
-0.19461448621102 0.16701397074026 -0.0664651279499782 0.00108574713252892
-0.260808087657258 0.0354046859121106 0.238283046909021 -0.0621758454347746
-0.0858833735298587 -0.083441125221684 0.429551505733725 -0.0262612570560431
-0.147974825375782 -0.0132711785575834 0.420493784543878 0.0502987541384
-0.0870208966116563 0.093340175592012 0.351871513024279 -0.0221782779495527
0.0483982537060504 0.0993652708625621 0.222384234180877 -0.137134405584034
0.096571220879682 0.0244140604145169 0.125469727165332 -0.162167386109032
0.0822812038845044 -0.0320414972706488 0.0992203058051837 -0.180107267874192
0.0486911998609603 -0.0721424275446853 0.0871985371943634 -0.203217072762276
0.0189131409271251 -0.0770696994678691 0.0877487161886059 -0.195264661224445
0.0184341548194704 -0.0836841540985336 0.154949985432807 -0.178511940793799
0.0646132967263052 -0.0769842176542838 0.246854511849268 -0.0940116653071259
0.11937057537348 -0.0285307295415826 0.280772950649725 0.0705025699471761
0.13411174619821 0.0793154055112441 0.137289150926117 0.227168160395733
-0.0149045441976032 0.160942647366123 -0.0303075035127875 0.204670746219908
-0.146188591483061 0.0725435257596603 -0.042757950641645 0.00638160945037656
-0.142244849513331 -0.0428271420332635 0.28521804541136 -0.0445350368357923
0.0120860429056942 0.0804256833451449 -0.318482465941686 0.0893548440762156
0.0693710855060572 -0.00736763445164672 0.0536759804809596 0.0710433099121797
0.00744500814017434 -0.0619964577294594 0.0611619914692079 -0.233209498440817
-0.0543328147242078 -0.0116833594588732 -0.168328022428564 -0.282715423373913
-0.0278073502038788 0.0313258086966365 -0.34928991751761 -0.0719374077593503
-0.000788671320409572 0.0178561249217087 -0.298973742644898 0.140261440791549
-0.000211438435806323 0.010473173027701 -0.168260832032541 0.219105899526862
0.012920415887823 0.00156897490697429 -0.0830782412946443 0.235945449539892
0.00711864791862236 -0.0148405936629257 -0.058504959564886 0.23812136019362
0.0206773603772061 -0.0177453965282615 -0.0815312298789998 0.2271484929928
0.0223451718491904 0.00898728548347541 -0.134878494620776 0.194061736072323
0.0211899967430234 0.00447789134795886 -0.218886330562968 0.160609062694417
0.0316508158800418 0.0308449233087289 -0.330518715805836 0.0519831720267463
0.0134541095166726 0.0896516010754041 -0.419324355944791 -0.0532280212978961
-0.0621982893124811 0.103971931444421 -0.44622576171272 0.0389947976829173
-0.118381214882731 0.131736165473565 -0.312858758708921 0.0482321705576495
-0.013828808310363 0.101629830271404 0.0679138236150005 0.0674419043765177
0.0332990642585543 0.0492713947961282 0.0856548505349645 -0.247600794680839
0.0476489711603019 0.0353738551650006 -0.156017082933111 -0.309773104714399
0.065941615755329 0.0173438268887103 -0.351661744216178 -0.0974302443598113
0.0714790470761503 -0.0369142064134095 -0.295168407784168 0.119699769628965
0.0376260232854568 -0.0712469380504531 -0.159678424281547 0.196179315875746
0.0397992123654366 -0.0787334766351472 -0.0744390211972751 0.211027136073176
0.0497119389550472 -0.0986593962182411 -0.0321666882166487 0.215416546374927
0.120159822783645 -0.0757551588820339 -0.0425184620273119 0.221285218741001
0.143064088528203 0.0229397964688553 -0.0937471159966654 0.215679682323744
0.124774907966475 0.103497940406758 -0.194631727123393 0.200548339858486
0.0150213570267036 0.178458762185954 -0.308378404535848 0.0974642534356001
-0.124722392447506 0.190105593150609 -0.366007568202002 -0.0203602190436525
-0.228352197366659 0.154242921541497 -0.364523450797986 0.0344605460071206
-0.245555934560467 0.150965194747207 -0.250766504924277 0.000935122974940539
-0.123367876479738 0.19708748602603 0.112068572509067 0.0622517277888882
0.0335177687431367 0.174264139583785 0.141904295803832 -0.254341852373809
0.146687446787187 0.102248817904821 -0.11518140694983 -0.340535847923413
0.165043589845953 0.0109226173518501 -0.32792866159559 -0.135815568706783
0.148133258663241 -0.0847472487664366 -0.270530374793811 0.0761234252396207
0.0775018030739703 -0.144468887458486 -0.138144693314457 0.144801173009881
0.0604821989511151 -0.147973527656987 -0.0558529260773036 0.156781450607981
0.0745177504071394 -0.166923087698466 0.00542050692120687 0.160389707228349
0.183801775529736 -0.134102477955262 0.0219174789208126 0.185728034714571
0.233754118161001 0.00383018846202452 -0.0108180905457711 0.221740928453831
0.231775605788985 0.144427985013725 -0.131706834011948 0.248456495067804
0.0449597754413883 0.287039729654805 -0.263264081643237 0.159201067563613
-0.199399974006288 0.281317207211014 -0.301593136630011 0.00920576834255493
-0.342423999052217 0.197221421479545 -0.243784875914865 0.0178674737120113
-0.342430498300166 0.132925123880001 -0.130744623757715 -0.0393129892207914
-0.242871168197736 0.253668291041947 0.183496360309229 0.0550630792426451
-0.000547197854320892 0.287144988316313 0.214343857716205 -0.238958633447069
0.217578519199046 0.182662758207882 -0.0405021698342487 -0.350436351077136
0.251882040480126 0.0180671255182937 -0.263852280362097 -0.17334701122676
0.214137739854686 -0.116219267915776 -0.217574200927184 0.0157129790729131
0.113183504190653 -0.19734166966586 -0.099390828265982 0.0711189400874493
0.0716416133719179 -0.196095925578513 -0.0288620026483169 0.0800542478947489
0.07953644743164 -0.209704761195429 0.0451272750980309 0.0831753523374605
0.205075659503547 -0.177444426454404 0.0888138980767245 0.122458239694558
0.278779926619488 -0.030481072727243 0.0838982868358968 0.197108643591595
0.305713786587969 0.138179308553839 -0.0449972792292382 0.271372940295543
0.0885177635094596 0.33729193959064 -0.197580269198073 0.208888946290085
-0.220262284882936 0.332978771126309 -0.232957345552278 0.0235285786645062
-0.395109521105505 0.217963495952847 -0.105048035502196 -0.0133702632117684
-0.382986301588758 0.0864327928354194 0.0300753905731193 -0.0647212166544809
-0.33351890267818 0.250091764416859 0.269807362359861 0.0484971480303385
-0.061631313201699 0.346860558382814 0.28624509746783 -0.196453039576954
0.235165597627174 0.249587966547001 0.0517628282276085 -0.323207557634014
0.297066977586899 0.0385255278720791 -0.16147569980846 -0.195767622302171
0.250098349642307 -0.123283438071771 -0.135883203024558 -0.0505266258375203
0.133295309175197 -0.21932145639964 -0.0475698239025629 -0.015870420049271
0.0723593313789967 -0.215080139348401 0.00243223490281256 -0.0073466352405556
0.0714740496350762 -0.221314500294151 0.0804935696056088 -0.00326341277340296
0.194190427299897 -0.190640458731538 0.14450703738406 0.0465881689363702
0.279395117207695 -0.0528773889707414 0.163824010740231 0.150108110051121
0.323669166424173 0.117219271982892 0.0343355161428703 0.26373266039296
0.104578401904407 0.337159261700518 -0.129255372360088 0.227911283293581
-0.217758542886365 0.326631232784532 -0.167128998082484 0.0218010141070554
-0.393088699661136 0.198653856247665 0.0301110494541807 -0.04896811606532
-0.350129296730088 0.027132097366671 0.202874969339582 -0.072090277135293
-0.35473894056767 0.189060724026283 0.352290299702337 0.0431834684282497
-0.11401402491857 0.327002012384169 0.334817360424268 -0.136269367462755
0.197348436808058 0.263803790504167 0.134894874722533 -0.262389971508779
0.282027594967724 0.0524228228866516 -0.0427762999909734 -0.193097347858972
0.238441442756338 -0.109120115709969 -0.0402130910246562 -0.11183521930051
0.127626936083167 -0.2041191552343 0.00680385246093678 -0.102002862583067
0.0612456339773073 -0.199695673077922 0.0326372357724597 -0.0926167710003745
0.0551639325011236 -0.201566238946993 0.107917879635846 -0.0856754154076052
0.160960881453996 -0.174257074574078 0.18675282091524 -0.0268702732980273
0.245210289187622 -0.057745745749862 0.2226729345758 0.100241624126171
0.292283029592889 0.1012591214909 0.0939669728869586 0.24168067688187
0.0857116860399563 0.301048325954844 -0.0723139663826116 0.224153386059238
-0.205667328314851 0.272590883357225 -0.111667260360222 0.0122899013692758
-0.346033008723066 0.140223390075766 0.146351977391448 -0.0765969726566535
-0.245840861761563 -0.0296210317625103 0.349165583149422 -0.0670047392607666
-0.287661002276351 0.0960724701298122 0.411266600131595 0.0375032174298223
-0.121307281197759 0.235440056421982 0.356514856343694 -0.0794884197002415
0.130766019970108 0.207507753067782 0.19012598029551 -0.195779991747479
0.21057771247411 0.0442111755554403 0.0574199539444093 -0.178570834935175
0.176863176276798 -0.0801050152606174 0.0424368539253896 -0.160824183629359
0.0948232311728054 -0.154788900855646 0.0500279411241018 -0.174104335478783
0.0408595678639555 -0.152248612466436 0.0566414077108091 -0.16349643521067
0.0350682118365514 -0.15416592775975 0.128152331319995 -0.153044431266889
0.114610918335527 -0.134965247560684 0.218633059153311 -0.0834111760088111
0.189442435826253 -0.0496948631942248 0.263232605389918 0.0648115450548029
0.22631661996891 0.088401266998227 0.132659050030582 0.224359523773713
0.0442603722747394 0.243543401672515 -0.0345002544470911 0.215149679971698
-0.185580083005673 0.187006720905192 -0.0686135727262315 0.0054191571337811
-0.26282078783552 0.0571510771889712 0.233938781570486 -0.0856249015817625
-0.0945562772871158 -0.0781350601114489 0.438423562693357 -0.0591933582817992
-0.15237287757239 -0.00132559587211434 0.432914971022318 0.0195082435131303
-0.080726477746079 0.102490371173546 0.358767495098253 -0.0497258761103077
0.0570479413668027 0.0966697374106557 0.217367330312868 -0.155978884235049
0.100471672863093 0.0154942335345099 0.114761025317766 -0.17361690707551
0.0805952715457404 -0.0404935396755953 0.0854899300732292 -0.195060846784292
0.0421850723174339 -0.0779728631522058 0.0686599736124061 -0.218039561232491
0.013332424372995 -0.080012461392129 0.0694134846090397 -0.206811165688158
0.0120463222367337 -0.0863493971497469 0.141201338734642 -0.19573861501065
0.0591672081073303 -0.0835179453514989 0.243762357579649 -0.118038601513201
0.119194255759192 -0.0389062184851205 0.293946932379801 0.0479444097257991
0.143005699827293 0.0688316718469326 0.159430046718224 0.222065722654497
-0.00122594359354657 0.165740423585876 -0.0139704021533719 0.212386470936007
-0.143802625272255 0.0855488075810893 -0.0443938365260551 0.00891494618417339
-0.147627272535316 -0.0334938883403856 0.284169390644477 -0.071496066741522
-0.0207159562215855 0.0809785663196024 -0.328888789488932 -0.0485852317434975
0.0666651694589987 0.0198708778894171 0.0190314227235765 0.0881895254506714
0.0288538507455935 -0.0516924043163932 0.14847886986999 -0.188274991100848
-0.0450259402474339 -0.0275284478773349 -0.0432360894291949 -0.327646711255538
-0.0363547481928146 0.0220960017654443 -0.289986585274838 -0.204947396640184
-0.0067572702776436 0.0187156614605329 -0.330989394528567 0.00850782875873037
-0.00502965013908876 0.0123206336615874 -0.242023182089334 0.13349122952654
0.0115751175057261 0.00694564067989002 -0.166106325368564 0.183305930974167
0.0135082570398802 -0.0106559214253071 -0.14480905511544 0.197556084945508
0.0267298611625744 -0.00725105677597576 -0.163577382093207 0.176355045495318
0.0182708128020328 0.018773614440161 -0.203064505520517 0.123892941123339
0.015432647736788 0.0169014541183793 -0.263665907645381 0.0555270658553095
0.011773647835506 0.0427689155748832 -0.324396769038671 -0.0931291884767561
-0.0297757481243681 0.0862700940808361 -0.367084881848639 -0.229499488923472
-0.100075088871734 0.0705993391755821 -0.427288264742518 -0.162036931149754
-0.161523181692095 0.0734695649988485 -0.30564004051545 -0.0801928914750649
-0.0542724340721922 0.0877315184831444 0.037290960838576 0.0895747943411935
0.00717804449362406 0.0609695068198946 0.180290976715799 -0.193917810297874
0.0292256076388362 0.055036931251021 -0.0183920747012607 -0.351591962246633
0.0545329535399338 0.0474220549676442 -0.28344315030441 -0.232240472229059
0.0813831589528899 -0.00364471075405142 -0.321284242240146 -0.0114316432707947
0.0613538269945852 -0.0492150111985174 -0.226022305498224 0.114600793395305
0.0689661732590876 -0.0570287709696717 -0.149050254389965 0.164368147277689
0.0851414802832268 -0.0707523274916651 -0.111734102291346 0.186289846161372
0.14168489000736 -0.0236176868099783 -0.124119029999312 0.187564179304598
0.125311862055528 0.0791399361325696 -0.171845074301898 0.163653302687007
0.0718373878314304 0.148030357483767 -0.25819151683114 0.106344094381777
-0.0641050351908855 0.171097177154319 -0.326472381087431 -0.0402425417983074
-0.196193028683045 0.124599101668436 -0.333574077711592 -0.179938579420924
-0.271637728318956 0.0495240124701808 -0.35096863320339 -0.133100105397947
-0.286718199171863 0.0387693903430281 -0.227531906472201 -0.093729660467618
-0.195488071733425 0.131413413128921 0.0841488163634216 0.102774383477248
-0.0438059703628694 0.175272288804073 0.236963365897563 -0.177937562345102
0.0920283547326852 0.1549260569627 0.0341232270529793 -0.365218990158411
0.147858511572988 0.081070721693378 -0.246436777082445 -0.262228125582059
0.170360396076994 -0.0185620970998343 -0.282899557447237 -0.0437552391888337
0.127845303591262 -0.102028669286109 -0.186266541483451 0.0747145670721947
0.116454857290789 -0.112875330753246 -0.112161024968738 0.120633512821557
0.134200709154242 -0.124980453195268 -0.0561214317339501 0.15036943017568
0.222787024434304 -0.0543765109611836 -0.0502266055951863 0.180697441746476
0.218032923962383 0.0967349675794802 -0.0969492096353002 0.204883422235001
0.154488104342053 0.226344173580743 -0.220055953409788 0.179909109714227
-0.0798438169021069 0.284613746971815 -0.313188984364038 0.0369835052900558
-0.301728843316801 0.17936444704801 -0.28772426642479 -0.128233237104059
-0.393395918954251 0.04396544146532 -0.231968358892458 -0.0974760676580484
-0.369420734685587 -0.0185101473800185 -0.100995298396564 -0.0785488714550012
-0.329100292578497 0.135750078819512 0.156038342810503 0.12639673198355
-0.122569746311808 0.264233114582532 0.300780195607924 -0.134800102613305
0.124083431647813 0.255355956280144 0.109684069513897 -0.345296746388439
0.222457004582214 0.122137878067503 -0.171518612618697 -0.274237276276977
0.243493282855071 -0.0220459205182689 -0.210109599607554 -0.0790726412139599
0.181509762796942 -0.138559397771901 -0.121946841402239 0.021923859786121
0.145798191469932 -0.153745857712559 -0.0585121494263998 0.0612064088598875
0.154918230564591 -0.162074147303909 0.0104935734780805 0.0946185428631541
0.259191061358653 -0.0865766994928345 0.0359326501760078 0.149616679259866
0.273856182726716 0.0813693246564692 0.00226946724347093 0.220318311879679
0.226067517166547 0.248437498420745 -0.149105801104298 0.238112445891715
-0.0587230715292859 0.348866239126738 -0.273546140255736 0.112000442195189
-0.34098522646356 0.218440895424998 -0.231189258359766 -0.0863251042680577
-0.449443233765221 0.0406287353990187 -0.0917447004736382 -0.0665779260837147
-0.389392315091664 -0.0801054222200369 0.0569120140399336 -0.0352474193861633
-0.413208032013269 0.094467313964745 0.239490715226609 0.156808338342335
-0.203542481842703 0.294342123992917 0.35169642915696 -0.0652586528017192
0.112074342619684 0.32186496171062 0.185600714323297 -0.28253995025729
0.254541240467271 0.156860542665537 -0.0671010329885707 -0.254568930830937
0.279240586343692 -0.0160571228370952 -0.108516121747621 -0.108156943771755
0.208606977554929 -0.152335816970151 -0.0400473199318146 -0.0376089455064539
0.153820345998601 -0.170979858485861 0.00333582407565129 -0.00647774344994124
0.151881113494807 -0.176147252900502 0.0753175229899909 0.0288491164111656
0.253369822056888 -0.103383871750436 0.116394963107521 0.101300343014869
0.282623682519967 0.0604063792745243 0.0957776066427219 0.208710309669044
0.25201650439658 0.234882306136086 -0.0721797696727966 0.265325980204583
-0.0428169120077827 0.354337218702384 -0.218392690289888 0.16010607629193
-0.333732246467176 0.214420256646928 -0.169482977310671 -0.0606229057906589
-0.440533593149351 0.0227476301970259 0.0478634988482556 -0.0403564693928181
-0.336149926383436 -0.121454762432366 0.218691349255732 0.0286818633729262
-0.408726257173661 0.0289879186792872 0.316660696204522 0.187301959054569
-0.24422955623338 0.25320959649079 0.372181974402899 0.0122806095808482
0.0709742727993144 0.319762882225529 0.238460624276516 -0.190408809930929
0.234901197094002 0.162650569318642 0.0407574111518285 -0.203754168014516
0.261722914382388 -0.00757241926164621 0.00517624269852137 -0.125599864554262
0.197502159532857 -0.141541789945439 0.0444520314363071 -0.0956188662474455
0.137548929984772 -0.16176819189635 0.0639937371179335 -0.0728974429597386
0.128918277509255 -0.16401542526545 0.132670136832088 -0.0360549549581319
0.215691862805785 -0.101263214515255 0.182350932372286 0.0498798479870921
0.252302103090157 0.0423206734797613 0.169182827016201 0.185227796083588
0.229110801324011 0.207284391243827 -0.00885407475648938 0.268841944303943
-0.0445904963858715 0.31370485579529 -0.16416490716732 0.180675866068861
-0.299906190206045 0.169423717856921 -0.112677494512941 -0.0453524080072647
-0.37269209777105 -0.0104762494770913 0.166824282033219 -0.0145010612014438
-0.217916862196006 -0.132857711104753 0.350254213804947 0.0902742359907926
-0.309966639666991 -0.0302403089931494 0.37021076578759 0.205291777522458
-0.213165791859954 0.165022830461949 0.366915508870247 0.0748123124359262
0.0325678325255316 0.240043822736895 0.260034717212599 -0.103499139734205
0.172041714859524 0.125254078725963 0.127034098692785 -0.147009576837283
0.193097128320201 -0.00452988882074898 0.101583888238951 -0.135640847022881
0.147586748244047 -0.108106115467828 0.112204973257372 -0.142873565413094
0.0989386260602684 -0.125566260844341 0.112527906723399 -0.128413592360516
0.0919362775061288 -0.128441437754696 0.175996741066325 -0.0896895109907921
0.15775189539867 -0.0821940653417226 0.233897122365913 0.0101038891412468
0.196486262384853 0.0274998161528017 0.219657072950389 0.168080986453598
0.175021831500373 0.169222067207388 0.0323853813039541 0.267357228265021
-0.058845813784502 0.243587809842771 -0.124788854262851 0.1862630942595
-0.244857012515322 0.0977243094942912 -0.0688418910627301 -0.0323357749055332
-0.262507603205138 -0.054181800895192 0.250612096538069 0.0174276774854306
-0.0594405186090645 -0.115047916621728 0.428817988554526 0.129049589689496
-0.144487316595791 -0.066963543317217 0.39216724056614 0.198789177230346
-0.120293045973483 0.0584958321941863 0.352312589449141 0.104700720294237
0.00893641309139852 0.109449143864346 0.26556016227794 -0.0549153220757603
0.0819770998217706 0.0534785168300236 0.177248761165279 -0.115579124861627
0.0879106823159167 -0.00633991042995507 0.15791901060332 -0.147336135407281
0.069487870975592 -0.0578899142718603 0.1476802984648 -0.174865911521823
0.0447729412555602 -0.0697053492773109 0.141540395708372 -0.162300961437844
0.0446400424590986 -0.0747608803261451 0.203163724307459 -0.123560315910943
0.0871444998206358 -0.0549442252464343 0.268294353078809 -0.0123310740594556
0.126759513725658 0.00930400593675951 0.252763385452209 0.163694098873997
0.106883464670749 0.119647407459128 0.0557584474814398 0.273492360565932
-0.0687318564927217 0.1532396874546 -0.104220665091219 0.190659998008487
-0.165832687428309 0.0202742527804938 -0.0463936018917096 -0.0169105052246272
-0.120329357277669 -0.0906116713049817 0.289989627755723 0.0542216645017531
-0.016178619676951 0.0803911320326622 -0.324290537581383 -0.0189582986599324
0.0663562717494294 0.014301721205009 0.026185138264175 0.0857077112612359
0.0230483042992368 -0.0523558097058222 0.127446172583715 -0.196840081291205
-0.0450303109771442 -0.0227623737057339 -0.0714263107314856 -0.31682269335753
-0.0328838959759963 0.0256497036912816 -0.300538420448639 -0.172995297277485
-0.00533121570123269 0.0200921698709884 -0.321008263787288 0.040620091678952
-0.00338656662394653 0.0133066604358759 -0.222664659305971 0.152346951081632
0.0125813683308602 0.00544141707088048 -0.142849055493222 0.194447377709198
0.0113170094815566 -0.0120539019931813 -0.121574975409174 0.20673086493729
0.0258008327433057 -0.0101100298782271 -0.143896226026014 0.188839573590826
0.0209986735365923 0.0169510906828588 -0.188574988945997 0.138901828769359
0.0167549598772878 0.0157705765068038 -0.251820689852641 0.0743163925807544
0.0146866237512554 0.0424007205510074 -0.324513691680273 -0.0652287984982574
-0.0214961650655041 0.0863804840112482 -0.37826045871164 -0.191088739461048
-0.0924965093965376 0.0762938926854125 -0.43032476555078 -0.119371467036728
-0.152895435114667 0.084403826105002 -0.303226754299605 -0.0503318314027518
-0.0452910287737645 0.0904898876823196 0.0438717688707175 0.0865236919784312
0.0119067014311925 0.0580266082386796 0.157694785621722 -0.204030475210565
0.0345001804806404 0.050209955661303 -0.0491655463453061 -0.341213310865744
0.0579474164288824 0.0408539571665074 -0.297124102637082 -0.199317271019567
0.0786643297425931 -0.0111031144288337 -0.313107186769284 0.0200912294393508
0.0553371407022885 -0.0537849125493247 -0.208926385414043 0.132589001098649
0.0620366147944448 -0.0622977541053678 -0.129108279977419 0.1739993359884
0.0752956699668209 -0.0776203443577815 -0.0907624522957149 0.19262737376981
0.135874014126062 -0.0375196857505023 -0.104666412453139 0.196625890152099
0.131613594463936 0.0656770560710098 -0.15491263837384 0.17529234634747
0.0838429404184877 0.137807302185503 -0.242680530672508 0.124362096833853
-0.0476916351978497 0.174426007808227 -0.321082842260811 -0.014186871936285
-0.181703965521846 0.138740300277718 -0.341178694185738 -0.146417860044084
-0.260957357065789 0.0707935488266469 -0.35493729969464 -0.0997160490985325
-0.276672942451332 0.0600336918764641 -0.229410335245675 -0.0697756906410106
-0.179222624108142 0.145992531244986 0.0902484110908043 0.0961837844965397
-0.0278167595392382 0.173222992152279 0.214900372639465 -0.193071645037252
0.104643967651356 0.140843562907368 0.00150272497807555 -0.358393682597602
0.151633455144692 0.0651151975609005 -0.263660132900634 -0.230762703702067
0.163355727777332 -0.0347143047064967 -0.27915244682809 -0.0153402232176598
0.114352221195897 -0.112005809155202 -0.174537024192243 0.0896807669339539
0.102527468977691 -0.121059399976419 -0.0973829056561435 0.128251064266742
0.118094231700648 -0.134277389588371 -0.0398696196972116 0.151811266413624
0.211693877953406 -0.075505350526706 -0.0329330897261616 0.183128852564322
0.223598201649855 0.0741568663110836 -0.077149485161246 0.208715498293516
0.17180857328683 0.205961477230889 -0.198616060932458 0.194798984814985
-0.053221291651584 0.285706118834337 -0.301145862455166 0.0604789180474585
-0.279167194132253 0.202227337662542 -0.291532679017441 -0.0998456798844772
-0.380557123566026 0.0757135204342888 -0.236375773430009 -0.0754780222681506
-0.362433931678624 0.0105411806405587 -0.10490296769679 -0.0652276720779494
-0.309548113241381 0.162033412499624 0.162048808437179 0.113617522378169
-0.0964759745462339 0.266988901136032 0.280529410402982 -0.154630134546473
0.144574761588016 0.235460162407597 0.0767125495118678 -0.34450811620522
0.228360059033406 0.0972694269424978 -0.191379336464762 -0.248285118610342
0.234548554894273 -0.0457893710459834 -0.21216281943584 -0.0568026747199463
0.162034160342097 -0.153441540598128 -0.11691811883148 0.0310000041041945
0.126539572491132 -0.163812703574335 -0.0510775854515048 0.0656098310915725
0.134547693416917 -0.172286157282056 0.0190644867995431 0.0914041498737905
0.244162155067402 -0.110072342105063 0.048353083937839 0.14402436796766
0.27656316993558 0.0541431714960858 0.0212095750062875 0.215253648851288
0.243465293002812 0.219750836239819 -0.12501527348834 0.246438382821134
-0.0261058083414212 0.346265952659856 -0.255325402518753 0.13050724944309
-0.313770717158474 0.243435323547066 -0.233829993634009 -0.0641010877978318
-0.435207806123436 0.0774010088906546 -0.0973777920830258 -0.0579607956539908
-0.385932229045 -0.0461547643626517 0.0529776545328695 -0.0361996540668969
-0.394852213663121 0.129561378477121 0.245349112231614 0.135320163050505
-0.172731850501483 0.302648782992922 0.335949078868704 -0.0910718145153437
0.138188296994962 0.301648912724646 0.157208615098252 -0.289586632861209
0.263622045435696 0.128189169194326 -0.0879242229812477 -0.236949955362813
0.269454555630321 -0.0439217182701056 -0.114417853967044 -0.0945848748799343
0.186364399340668 -0.169005316710559 -0.0430789965458228 -0.0349135279934519
0.133045714680682 -0.181407821553417 0.00227258547272642 -0.00623701507996574
0.130103623277748 -0.185105979288591 0.0761675412477179 0.0208544015938991
0.236397056886536 -0.125601328760019 0.122429630642229 0.0891057418819141
0.282470890492767 0.0321712711235635 0.111939665998485 0.195358907204642
0.267395595935673 0.204215023523513 -0.0471332073205545 0.266620746935243
-0.00933999050553075 0.349627167783498 -0.196522914401176 0.172906639954212
-0.307648222927706 0.239293508826243 -0.171161870873384 -0.0446299387753965
-0.426499137984838 0.0600815630634444 0.0397260084845835 -0.0455688180412543
-0.337624995267521 -0.0919338463825927 0.215722828240118 0.01145036962657
-0.396061304700415 0.0649072954317913 0.322461381041142 0.158421858136038
-0.215479451917398 0.266563848364804 0.363403980789347 -0.0168717581558415
0.097365528528975 0.302730979226608 0.215624620149124 -0.203388330086248
0.243348860624541 0.135867848258482 0.0227272073257259 -0.197260110455208
0.252925838725575 -0.0336276936998272 -0.00535412391429208 -0.122617828959762
0.17663555364919 -0.157464800932602 0.0333942535621628 -0.0989001096634474
0.11812362985623 -0.170317456516347 0.0538790967517092 -0.0764126815781447
0.10916156298004 -0.171162310472235 0.125156072739411 -0.0471874901199676
0.200083918424336 -0.119226302123062 0.182081505175677 0.0326626112182702
0.250818826112792 0.0173319038784047 0.181960169341131 0.165020406770892
0.242136677652839 0.178223973677186 0.0147571262143793 0.26491603441835
-0.0139843194922857 0.309023505811552 -0.142257707855259 0.18935071999773
-0.277528061358573 0.191326131516896 -0.114408663208456 -0.0353219853103347
-0.363002578209471 0.0212011444199257 0.157258108141263 -0.0311985059824156
-0.224193620443868 -0.111019663484398 0.349493716033708 0.059327473842864
-0.304629614290745 -0.00171962773054316 0.375379838393199 0.171257007721149
-0.192924608124612 0.178319921739739 0.362990880642692 0.0452855305818582
0.0529991764251602 0.230016665442617 0.245071790451736 -0.120766206766595
0.178601320471206 0.104645894896132 0.112142465125767 -0.149843327632953
0.185973143926581 -0.0235106207240241 0.0884718621160073 -0.142494339505728
0.13123570116158 -0.120041615487451 0.0942218626335818 -0.151757552105255
0.0842200701120061 -0.131749675740026 0.095174342801895 -0.134341181625563
0.0769439350548203 -0.132821838682541 0.161998691458005 -0.102859940162732
0.14589479768157 -0.094494391617101 0.2274468525653 -0.0114831534084703
0.194800748125873 0.00820669267309695 0.229102515167638 0.143865865296476
0.185722499150361 0.146562294500798 0.0549744220901706 0.259565557696958
-0.0351022953986743 0.24118651352477 -0.103766252286702 0.191832899104637
-0.230538182143045 0.116530860223505 -0.0709026316845838 -0.0265958889435307
-0.258810602498496 -0.0306256536575631 0.241898404896252 -0.00747725696315315
-0.0680952138870329 -0.106755223571302 0.428512049530905 0.0894841190399045
-0.146433518550267 -0.0524213201995165 0.39574613632761 0.161843878746631
-0.111262861060119 0.066448950082633 0.351616903978405 0.0738663179749424
0.0177834575731669 0.104915294609726 0.253922740009918 -0.0728487041564172
0.0841264017001425 0.0435753136032768 0.163357257521815 -0.124803674518727
0.0841536260286267 -0.0143182750288447 0.140862368294146 -0.15965539897444
0.0610360837554064 -0.0622344127196794 0.12514658020554 -0.185822825217923
0.0372753871093561 -0.0709622369097758 0.119526350025467 -0.170422042478344
0.0366571970027632 -0.0760524787412075 0.184499755457441 -0.13789592602738
0.0797863039592223 -0.0606194019008894 0.259419971871985 -0.0367959854159317
0.123434828869084 -0.0026153357755817 0.261791982355695 0.136502232204303
0.11447031727859 0.105414311286376 0.078753409636518 0.262901714410222
-0.0524690110210375 0.154762461082806 -0.083593848743315 0.194529417935963
-0.159171956691738 0.0336612693514349 -0.0480532205423347 -0.0140896569796602
-0.123904247063268 -0.0789431567085464 0.28364882276359 0.0251813195355219
-0.0125683315683375 0.0791488423221478 -0.313239700612707 0.00499009816634063
0.0644461806099546 0.009707281174999 0.0314675044452305 0.0838857656068874
0.0187023173436452 -0.05081351979518 0.10802291769758 -0.198170864128136
-0.0439374899510366 -0.0190760583018843 -0.0921036709164664 -0.30002392358099
-0.0293880503965258 0.0271219172430416 -0.301107544343122 -0.145691655071317
-0.0032429281667613 0.0201630881634421 -0.305627068657529 0.0639302439062973
-0.00154287753194414 0.0134270503814454 -0.202118875358651 0.163967016057362
0.0128586939065936 0.00413235931121314 -0.121217658804126 0.197946217376066
0.00962185083066637 -0.0126469834714474 -0.100591901341702 0.209464525615009
0.0244308800798677 -0.0120293028069746 -0.125627152012334 0.19528715412754
0.0228989060115435 0.0151770124537822 -0.174476771283238 0.147808625104137
0.017574510407983 0.014907821380848 -0.237758292366461 0.0866790226138231
0.0167100962404348 0.0412273341115774 -0.317171824260684 -0.0448233794718863
-0.0145949591450241 0.084328686507973 -0.37774026650768 -0.159042809612534
-0.0847282227865056 0.0789447861219159 -0.422559188745632 -0.0848923751284716
-0.143217984218525 0.0912602637297083 -0.295476079310926 -0.0266220957597928
-0.0378980357621253 0.0916095773483827 0.0487420874503694 0.0838240757082297
0.0154778877269363 0.0550356709965772 0.136996590478854 -0.206369418127953
0.0380537755549504 0.0443878785032139 -0.0718801303979622 -0.325209076640226
0.0597092149237167 0.0348795033394721 -0.29966717268425 -0.170348423205591
0.0745994640102462 -0.0165707261925105 -0.299574570333492 0.0431386538253161
0.0488037339636367 -0.05599347453352 -0.191318975794877 0.143038695133926
0.0549875419878462 -0.0644640609089002 -0.109925561791126 0.177058001355878
0.0661582507403715 -0.0802536667790581 -0.0717275333893395 0.192741452027453
0.128286718117545 -0.0474827592927742 -0.0863669955030853 0.199769934138211
0.133934871321704 0.0535217400906561 -0.138767950824188 0.181447793021364
0.0911269856659606 0.126707636404122 -0.225099702534707 0.135692307260779
-0.0339233168488337 0.173115870423362 -0.310686548976378 0.00389995986309773
-0.165734354704658 0.146795643401537 -0.339295517361045 -0.118165929988863
-0.247070379641838 0.085379129180523 -0.349410872915262 -0.0711379352566754
-0.263214915139346 0.0751523241547466 -0.225259533469275 -0.0493434386034728
-0.16262585349349 0.154294919110074 0.0935493620495437 0.0900702750228748
-0.0150325539590908 0.167900268807982 0.192454414466474 -0.198797798646764
0.111876223886234 0.126279359542413 -0.023868902416397 -0.345127051669119
0.151465218799457 0.050948889509691 -0.269548078719782 -0.201097802825353
0.154424807097094 -0.0466400268200871 -0.269512229813967 0.00736726298841232
0.100182955985486 -0.116898390034093 -0.161390673322746 0.0982143987578718
0.0888624717110986 -0.124195226095968 -0.0829818675176442 0.131263977762938
0.102536284812693 -0.138278568299756 -0.02660867041666 0.150019249455383
0.198273866485347 -0.0896724460004545 -0.0180619198144203 0.18146284231706
0.223146638141599 0.0537891608709035 -0.0611995449114416 0.208364457917192
0.180905177615647 0.185555496745365 -0.178184612617463 0.201282471662899
-0.030652763607615 0.28074988563185 -0.285815968340114 0.0763044564044325
-0.25608774577268 0.215226124416671 -0.289391223224779 -0.0764222172640056
-0.361604310876854 0.0969300564065952 -0.235132625837584 -0.0561317746324046
-0.348130087911456 0.0329699042445499 -0.104939401854865 -0.0536417764273533
-0.287700321428087 0.178422647195674 0.163029739865368 0.10297530192956
-0.0749742431579181 0.262714353974297 0.259575466359226 -0.165874515529426
0.156319725564915 0.214340564012092 0.0507127109932266 -0.335996675314267
0.227412075559361 0.0762382311223851 -0.201065869613753 -0.221668442714251
0.221166025597215 -0.0633613946360547 -0.206523708036881 -0.0382795603092405
0.142643016947083 -0.160703007417447 -0.110717977016155 0.0373950212851378
0.109137755777183 -0.166641655770236 -0.0438429360960183 0.067750576284952
0.116413304485127 -0.175715017109405 0.0255821013217229 0.0863502738473226
0.226607743811357 -0.125799477675131 0.0574787940886202 0.137311744545878
0.272840546490281 0.0307971180139716 0.0353290917430151 0.206838314274188
0.250368819861422 0.19268189423319 -0.103100094139874 0.247413846578272
0.000411714661146926 0.336627309237307 -0.236993125495117 0.140915482975395
-0.286222577572827 0.258212953003899 -0.230156485583597 -0.0457967612028415
-0.414306230587826 0.103812625677776 -0.100835005292865 -0.0497658599579382
-0.376319958723306 -0.0203792465824256 0.0495883951379977 -0.035977590476246
-0.372122173649393 0.153882521691584 0.244453670123076 0.118352956601758
-0.146040140207773 0.302852541495917 0.317259351303691 -0.107369192259845
0.155057304047957 0.27909246831291 0.132430419589263 -0.287538662384746
0.262834328298786 0.102878022499694 -0.10019603977912 -0.21733892110165
0.255469889154872 -0.0633213010864618 -0.115815653420487 -0.0826369283621897
0.164662770103569 -0.178018083584662 -0.0452799657505275 -0.0320860971911567
0.113200664139887 -0.183837577644606 0.00144361277126184 -0.00513537998191844
0.110492746568916 -0.187490946405908 0.0750751470416468 0.0150295074093343
0.217759750775359 -0.13967328157662 0.124765088861532 0.0785412192775205
0.276385157240077 0.00928930121508178 0.121434617213995 0.180935496244342
0.272990252513734 0.174289564009956 -0.0272876971235052 0.262429079013972
0.0168461949245788 0.338496214267755 -0.176438402089308 0.178203394100606
-0.279978057875113 0.2533906244518 -0.168016461585385 -0.0322893933847121
-0.407178196298727 0.0871542474197013 0.0320978072701953 -0.0481040144414464
-0.33159835327104 -0.0666237207114211 0.209205395578744 -0.00202902931286194
-0.37827847899511 0.0913098749821403 0.319355903780053 0.135074450393333
-0.18997844521948 0.270806955049555 0.348896319001452 -0.0374873095867453
0.115637216318353 0.283415707498092 0.19486108777106 -0.208698831181235
0.244646048888455 0.1118048162829 0.009765956676593 -0.187151210741816
0.240013101518506 -0.0522272355435807 -0.0119113947443528 -0.118340086462835
0.155715797610427 -0.165491336711881 0.0232783485536282 -0.0998271176498508
0.100082990084527 -0.172626418553847 0.0451643848825735 -0.0766544766914256
0.0914107839205206 -0.172594127859189 0.116403400732017 -0.0543602049241053
0.183386094873338 -0.130156396475284 0.177308723131442 0.0189036029914573
0.24362191866649 -0.0028625775538878 0.187850712368328 0.146894503452706
0.246297148534324 0.151390513885866 0.0336043683604662 0.256446756005675
0.00911692654041708 0.298786473543047 -0.122727575753673 0.190037967411152
-0.254616267075417 0.204858910144602 -0.11357850918642 -0.0268795529718976
-0.347405607920561 0.0445364214462551 0.145516469581653 -0.0424009249640358
-0.223670719823159 -0.0924124075314896 0.341789954908117 0.0355363493177844
-0.293924994139707 0.019910760591319 0.371297363530513 0.143033381804467
-0.173281086427595 0.183671915121168 0.353005854859475 0.0220426181787356
0.0669050729302347 0.216561345786427 0.228443321572755 -0.130875559035171
0.179268307524133 0.0864639277069977 0.09949521095663 -0.148263163455799
0.176442337024174 -0.0372139142059016 0.0764297963848005 -0.144820027487722
0.115566442084244 -0.125288218690167 0.0775026472719611 -0.155693554602281
0.0708327508757918 -0.13212594391414 0.080059228526298 -0.135927478047804
0.0639708897603819 -0.133240051598893 0.147618278381295 -0.110732314523678
0.132665753601887 -0.101312755114891 0.218081449639179 -0.0268196560121613
0.187522640530185 -0.00720043913228053 0.23224277356081 0.122317107974278
0.188808006383839 0.125814309609618 0.0720138980770936 0.248693132135043
-0.0157847472083668 0.234823096003044 -0.0852937658347307 0.191069666770965
-0.214180516986803 0.12803614082768 -0.0711218605352616 -0.0216775108959692
-0.250547701881753 -0.0122952536986659 0.22882675966649 -0.0262366696360531
-0.0728694128575999 -0.098051623964301 0.420162180688015 0.0584564559770664
-0.144537385957951 -0.0403841091675341 0.39083391596336 0.131439623880664
-0.102386441937891 0.0710619582900415 0.345301399254348 0.0499354954487875
0.0237653142029685 0.0989913352794978 0.240341804676803 -0.085395670932304
0.0832077277271941 0.0350828918340267 0.150891287033609 -0.129113382728084
0.0793632944702402 -0.0201451013303876 0.125399426165627 -0.165730489029432
0.0530691286442495 -0.0635848228924925 0.105233173554508 -0.190160818604129
0.0306952526977389 -0.0707235869633072 0.100305188980069 -0.172119958907625
0.0299267594550362 -0.0755001993725748 0.166672998211804 -0.14485031350288
0.0724228341562227 -0.0636910734415028 0.246425779870782 -0.0540818540193432
0.118147269327633 -0.0119793950993184 0.263084461464285 0.113367939145505
0.117627512850899 0.091929501475963 0.0949208132822211 0.24967790043961
-0.039123445014845 0.152233336733072 -0.0661338871720063 0.193321613338223
-0.151062523434277 0.042670896769883 -0.0488523276310378 -0.0114029778507625
-0.123960847064685 -0.0683421196121137 0.271302022211729 0.00286491287163315
-0.00968035766901722 0.0785772650075264 -0.302469643251025 0.0222293683572435
0.0634410129597277 0.00659838789044734 0.0357542198924543 0.0818854282708556
0.0156427238773838 -0.0493094143748566 0.0932050931362601 -0.196108074729743
-0.0431977889872419 -0.0163118791225165 -0.106467174256863 -0.285444045822476
-0.0261898700657 0.028226595474133 -0.300173464141321 -0.123266927362143
-0.00123803713929057 0.0202823676634474 -0.29041859006688 0.0824054528868927
0.000415633424269337 0.0129346171225457 -0.184797519015008 0.171493812769939
0.0133666476466539 0.00289635010311851 -0.104448067180869 0.198186714047904
0.00829605260944853 -0.0125943616667063 -0.0833992803238455 0.210159832080837
0.0229930324238981 -0.0140951004400901 -0.109927149958225 0.19821803021218
0.0244604289647505 0.0135804207393393 -0.161945076395362 0.153409176343254
0.018388158363183 0.0142958437254074 -0.225234127687297 0.0940688766219524
0.0187508134381505 0.0402108938140256 -0.310798943230792 -0.0289006158032446
-0.00930314751371649 0.0820638463143026 -0.373310463548826 -0.132607518158601
-0.0778517472567622 0.080301007025441 -0.413291602870209 -0.0583629053957823
-0.134801804999389 0.0959670556495172 -0.286557502041968 -0.00845176750952626
-0.0311351576149628 0.0917672580321607 0.0526153564648738 0.0816371556038784
0.0180183014426214 0.0525754659161225 0.120613120148771 -0.205177795585263
0.03990376225353 0.0392423821018172 -0.0876705814736432 -0.310336650653503
0.0607160767300192 0.0304653691630578 -0.298976329436939 -0.14662124801298
0.0713437067872437 -0.02055106442337 -0.286382396906182 0.0606007784536653
0.0441097246824668 -0.0569799438324331 -0.176404030891329 0.149612042180279
0.0495838602421167 -0.0658529001816762 -0.0944517502804039 0.177546073423981
0.0583447638628872 -0.0819831515763294 -0.0567713431633234 0.19186968665879
0.121227321522502 -0.054480431757902 -0.0715387560918689 0.200430028676409
0.134583352428304 0.0433338593854915 -0.125507090287606 0.1846548423796
0.0964443088575078 0.117688881199787 -0.21056134557397 0.143223481754229
-0.0228955190451543 0.170791290668191 -0.301248209275436 0.0183009823750005
-0.152881953235711 0.151560575041589 -0.335504387082397 -0.0958373992889513
-0.234743390249294 0.0946074550624766 -0.342708780167168 -0.0488835616585274
-0.251769854064337 0.0856597153770921 -0.219479111140881 -0.0335528622004207
-0.14873667599785 0.159826618165851 0.0966716307333705 0.0862474821819051
-0.00557182759433449 0.162702708981845 0.175408302286655 -0.199928848842218
0.114935769646901 0.113430237543128 -0.0416712821441007 -0.332252450191295
0.150161591047914 0.0393191588288214 -0.271226549310204 -0.177267356318801
0.14628027790205 -0.05483221686677 -0.258921606312307 0.0235409677086718
0.0889440509720182 -0.119350758771526 -0.150949656232741 0.104068644039684
0.0787351835720081 -0.125160622491868 -0.0715902758453179 0.131893278762628
0.0897510586512642 -0.139577796826169 -0.0162628389573428 0.146904561001512
0.186111393642706 -0.100526532793078 -0.00623142510838225 0.178806516071765
0.221472258171425 0.0386214469211562 -0.0478206967877292 0.205782440736998
0.186646834697356 0.168333153017368 -0.161659944784201 0.204887659563308
-0.0128316996651055 0.274736310998558 -0.273347536898164 0.0862899943879884
-0.236710988421189 0.223937467631454 -0.284023528097559 -0.0574366819371542
-0.344047666864169 0.113134242533903 -0.232803080770105 -0.0418868471032865
-0.336785731122108 0.0489814522408584 -0.103144418212808 -0.0436162089959994
-0.268185755690842 0.190433211444102 0.163681352490585 0.0949842070752712
-0.0586875221219471 0.257038720820276 0.242369323485778 -0.171921877617594
0.163413537647073 0.196349049197093 0.0316262039926942 -0.327612159543764
0.224899374145691 0.0592083710911931 -0.205076095630337 -0.199595082946105
0.209350358327507 -0.0755504487591972 -0.20091957052945 -0.0245056861872091
0.126176378120015 -0.16436085979649 -0.105907013738919 0.0416085306250985
0.095320838791176 -0.167412107587703 -0.0381986176994009 0.0682458199622494
0.100244288937957 -0.176783758513515 0.0300298218251697 0.0825191035028702
0.210606583718603 -0.136677211914304 0.0644590994052816 0.131887844697987
0.267899892084887 0.0125609649220151 0.0461737515535577 0.199027586172757
0.254561732679087 0.169845901941874 -0.085729088778668 0.246122715919232
0.0194142752505413 0.326576823426783 -0.221286458366817 0.147044417064272
-0.263990651734267 0.267802612881559 -0.224965426941861 -0.0317028808978839
-0.395127814621893 0.122081703861679 -0.103539108794843 -0.0430068840794284
-0.36585708704422 -0.00146067972195871 0.0473650254830075 -0.0353825325350551
-0.352347182348588 0.171017097049811 0.242198791850771 0.105963847490434
-0.125168706940456 0.299666943857136 0.301552220760851 -0.117428607047927
0.16570602326853 0.259041245592744 0.11341906451649 -0.284229798110371
0.260776398220878 0.0828326874939475 -0.106602714704244 -0.201401203444248
0.241801310577901 -0.0783806063937105 -0.114386889401049 -0.0731483010537374
0.146623837586517 -0.182253057809042 -0.0469559428551528 -0.0300716437044068
0.0975964021294334 -0.184452538806591 0.000904478256319592 -0.00403470773382046
0.0947597701623497 -0.187317214406865 0.073298449166857 0.00961731351536788
0.201632069874468 -0.14956598527774 0.126382495444138 0.0704490755017378
0.269340270505294 -0.00916216047061141 0.128789194259604 0.168682896505512
0.274563492449769 0.150800769855551 -0.0104715257155302 0.256252194002792
0.0365301135126928 0.326660142807263 -0.160573483203623 0.180130264869716
-0.258149029823029 0.262284119325436 -0.164804596953816 -0.022015324603223
-0.388218201232929 0.105981969813737 0.0245768908208926 -0.0484732357445496
-0.32507827259021 -0.0477831136720856 0.203505859582748 -0.0117511498165186
-0.360631506549086 0.110862783978517 0.315444762297984 0.117158223454678
-0.169857648223038 0.271748951425523 0.335955142630705 -0.0513336040300334
0.127117501241571 0.266085627125573 0.178172913535583 -0.21047471021426
0.242923472213883 0.0922367041724591 0.00187942863484275 -0.177313518013361
0.227800340233115 -0.0661407353567371 -0.0164650127758704 -0.114465890857395
0.138161186211987 -0.169261561137344 0.0146330593062593 -0.0997120951635129
0.0850444440608975 -0.172224043716402 0.0383303238373378 -0.0758049860799916
0.0770868027932695 -0.171846072445605 0.109226591416903 -0.0598281547770746
0.168420773852824 -0.137312207604819 0.173328546887934 0.00901353125608161
0.235952013888244 -0.0185868409336504 0.190518576383005 0.131530139616487
0.246184578567927 0.129849559939211 0.047626390946525 0.247971508458766
0.0265927141332006 0.28806716842059 -0.107013138725399 0.189459682284928
-0.234682162188192 0.212901943940219 -0.111928267828326 -0.0207325426633403
-0.333040079921931 0.0619786735295413 0.134579949724668 -0.0502073972655023
-0.221535815685666 -0.0780603399244879 0.332756469560203 0.0167198479784271
-0.282928363433809 0.0363388765841059 0.365353741175795 0.121052647451948
-0.158449904151222 0.186301951209907 0.343845222691666 0.00503758349857875
0.0757553444257327 0.20473269328178 0.214373682430652 -0.136202405543226
0.177831567384614 0.0722462485821841 0.0906992097802471 -0.145516695666847
0.167394535006046 -0.0471430942975468 0.067168008343205 -0.146612303255252
0.102466309050942 -0.127557672557446 0.0636704706893075 -0.156746423544054
0.0600886631598321 -0.13157793196205 0.0679729166702815 -0.134953682134925
0.052804266230194 -0.131781275808506 0.135673389578657 -0.115011078908823
0.122027882979477 -0.105950953838908 0.209060080049051 -0.0379289217586127
0.180766055506844 -0.019156604283949 0.232120412828855 0.104848171082285
0.189715756384916 0.108090820943895 0.0844266795627557 0.238177629708676
-0.00114483485298312 0.227221990613581 -0.0704641214871924 0.188798482996555
-0.199422747719515 0.135750856069652 -0.0719119288865937 -0.0177410221739795
-0.241927223693837 0.000984044765996121 0.215777254296716 -0.0392206881135267
-0.0755648446398173 -0.0904477627089507 0.409756765932763 0.0345861985823032
-0.141681461787484 -0.0314120520908328 0.383883549356693 0.108788155319402
-0.0955663173702362 0.0733840659559526 0.337642630107719 0.0319840360645967
0.0278498997366026 0.0943719367122167 0.228200066456138 -0.0934838888598227
0.0815726156227433 0.0281981224726427 0.141356692471991 -0.131105991675469
0.0746835679689102 -0.0239874058223828 0.112600311415832 -0.169688583477361
0.0466465954819544 -0.0641091236910238 0.0880197161557826 -0.191417737318048
0.0256803400714912 -0.0696571985741704 0.0847982990386515 -0.170965009487888
0.0241171446641678 -0.0740688828911902 0.151732283125872 -0.148923781587713
0.0662685984499038 -0.0651710486894674 0.235083040787435 -0.0660348364126527
0.112523010608574 -0.018526918889225 0.261613519652791 0.0939357752790587
0.118540905236456 0.0803922083464935 0.107283329681947 0.236990322215685
-0.0289224591767559 0.148667206503772 -0.0527877460048088 0.18938234658548
-0.1431616342135 0.0488439088917788 -0.0497476223608603 -0.00920034810707681
-0.122433264174488 -0.0599271077994449 0.258923996818741 -0.0136915939011503
-0.00615487720110174 0.0783897118759542 -0.293167750887762 0.0374992605956202
0.0620344058100592 0.00387585322729395 0.0407798239445619 0.0808562594300605
0.0136890230223027 -0.0482297791664934 0.08106119369643 -0.194737616734226
-0.0420397546359629 -0.0136933645101471 -0.118490386775757 -0.271812608974565
-0.0225247329054062 0.0290691242333776 -0.297830062014711 -0.105163807493731
0.000973725789819646 0.0202058893850761 -0.276388866368572 0.0974349359234518
0.00233298611118765 0.0122666292644636 -0.169574433196096 0.177650586693612
0.0140158338603454 0.00200639598924898 -0.0890542930257421 0.198419453935359
0.00708955142138711 -0.0119611439252977 -0.0678227031544058 0.210405013727518
0.0212779800698365 -0.0151598463046949 -0.0956590268363305 0.20124643719758
0.0254834518070681 0.011317141699794 -0.151286707334419 0.158664915208842
0.0192398723766178 0.0135690378696544 -0.215019169474285 0.101081952217119
0.0204803966255844 0.0393019599451868 -0.304501540032493 -0.0153341060323291
-0.00483959440440286 0.079991289428416 -0.368671447998812 -0.110706607755504
-0.0723801456938295 0.0811374438335546 -0.404023987351264 -0.0348062170232786
-0.12767629181258 0.100080015354061 -0.279193404841284 0.00749976097860293
-0.0252184987835061 0.0919364179049491 0.0572515813706202 0.0805289454573002
0.0204042805475131 0.0501621805697221 0.107832923356713 -0.20349618970561
0.0411121413388144 0.0350899681585399 -0.101826964404018 -0.297281544160896
0.0616048198218121 0.0253752107079927 -0.298490633452751 -0.12631277413789
0.0686717509592832 -0.0243782513648252 -0.273622602535879 0.0760696841880215
0.0392645559564254 -0.0582032880937629 -0.163274560435866 0.156031082061065
0.0452553714558966 -0.067114006477817 -0.0814485192669091 0.177899776970245
0.051763173244051 -0.0825630707888439 -0.0436630921180967 0.191163189464466
0.114680118491396 -0.0610477204318956 -0.0578789333436451 0.201178682644746
0.135088220676844 0.0341586200348305 -0.113524867244463 0.187919256394462
0.100788436637759 0.11010078758047 -0.198713465199584 0.148857089741498
-0.0129970054726269 0.168790036805955 -0.293496211764764 0.0306738434521956
-0.141264505239403 0.156421643370701 -0.330675586571033 -0.0757153415010425
-0.223326452817189 0.102516791417084 -0.33626434604781 -0.0295209699868832
-0.242620266764583 0.0950722443435963 -0.213979607072404 -0.0203869620067148
-0.136032334229278 0.164087093220266 0.100059708265926 0.0831975378884046
0.00279190679922083 0.158035626340252 0.16016161719793 -0.20075955949974
0.1179290883344 0.102906562731594 -0.05728909793168 -0.320041357893698
0.148975159784206 0.0294201674007716 -0.271740150594932 -0.155982434601241
0.139035726651643 -0.0619787851639796 -0.248907805691348 0.0379371610247295
0.0789084645692622 -0.121170674210607 -0.140731052329224 0.11014114542937
0.0694380429762058 -0.126417349674812 -0.0615052762999625 0.132725498096731
0.0789600684481494 -0.140432228396482 -0.00681257812987577 0.144319915839947
0.175428801555613 -0.109961213797425 0.00424979897792975 0.176870585677949
0.219872695175823 0.0233935757994781 -0.0364721821377536 0.204580848061954
0.191774518448365 0.153326737817804 -0.146468801437152 0.207987623286939
0.00238795039186894 0.268684341185369 -0.26274660572963 0.0953984149654541
-0.219719024451636 0.231474510706402 -0.279485937003309 -0.04140863192136
-0.328993436548745 0.127330805366719 -0.230779060044114 -0.0284494552626701
-0.327579413974865 0.0635767806092682 -0.101232310604304 -0.0357746191383957
-0.250680707071437 0.200458396499103 0.165441065757271 0.0885621545616904
-0.0442462626201285 0.252371913874842 0.227703141461737 -0.176556824216734
0.169410321416175 0.180236689135353 0.0149009889726914 -0.319044829568076
0.222306972827106 0.0438204718812723 -0.208253718585016 -0.181112767808651
0.198378063803331 -0.0863509570599287 -0.194064209325824 -0.0124697019377018
0.111845967513621 -0.167252776288892 -0.101135615669208 0.0458311169393317
0.0827313130340155 -0.16765654498114 -0.0328071140531921 0.0688535924353793
0.086991557080101 -0.177310526204481 0.034031326522358 0.0789843345637381
0.19618555217938 -0.146546900632359 0.0718021312727534 0.126507847759093
0.263167856285326 -0.00455211680045426 0.0554618190049329 0.19258463370113
0.257701414064016 0.150531649780543 -0.0694973511522662 0.24504360148981
0.0388061690235123 0.317985135691614 -0.208246397284486 0.152145816457568
-0.24395372835239 0.276794091645845 -0.220318571068866 -0.0193197388858303
-0.3768177887157 0.138835238895463 -0.105519929581384 -0.0362222456899956
-0.357432623116286 0.0159568259005969 0.0447356387072625 -0.0348515702569531
-0.333460604207155 0.186227660943204 0.242276287645975 0.0955594394143773
-0.107757649389664 0.29676640683109 0.288126304617803 -0.126647209640678
0.174790617627552 0.241752992052579 0.0969930980860398 -0.280654908638945
0.258600041498667 0.0654174562730797 -0.111235319209122 -0.186532388932691
0.230539739616937 -0.0907815012509782 -0.113167196833613 -0.0654846285319779
0.129481328145744 -0.185855574575746 -0.0487454431924012 -0.027788084417111
0.0844147300481734 -0.184202073335534 0.000516381687591406 -0.00361316061440984
0.0801591357700136 -0.187257840691971 0.072100445179856 0.00522572022156673
0.186976715183994 -0.158135954014175 0.128146566896796 0.0632848026028666
0.262830721830744 -0.0256365997683401 0.135242693416051 0.158411085593674
0.27492390535492 0.129554997567638 0.00455687517934507 0.251608309969641
0.0542930595418353 0.316045880630287 -0.146840571359268 0.1813586241695
-0.23802512260811 0.26954250426554 -0.161739709195813 -0.013194354891724
-0.372074422860125 0.122496635977139 0.0183699653558598 -0.0490100757341008
-0.319005558186603 -0.0309083171650276 0.198625940185549 -0.0192324042636274
-0.345100843055743 0.126662181592205 0.313619967771462 0.101677306796465
-0.152708733628699 0.27177730568479 0.32524786444048 -0.0643275590532544
0.137489547397101 0.251238498157523 0.163899609129403 -0.21170467407736
0.24150949043596 0.0749966457195036 -0.00369500598185639 -0.169226991889572
0.217067881361151 -0.0779207254862683 -0.0195973381377146 -0.112452282565688
0.122738479144297 -0.172381025249364 0.00648063918615403 -0.0996139177046819
0.073052330183858 -0.171586241423058 0.032480489958264 -0.074925921822074
0.0644534307264744 -0.170391071243335 0.102317282382404 -0.0644835257710991
0.15539378973913 -0.143490085519823 0.170241745222695 1.4469559863844E-05
0.229086100312398 -0.0328124803032934 0.193939973260581 0.118421222979475
0.245858056813091 0.110084138752811 0.0605748145464785 0.240223742519213
0.0419095998545681 0.278750609627387 -0.0935357720517974 0.188580603296131
-0.217160550818474 0.22047920271663 -0.110730511984314 -0.014501599217141
-0.320631913761041 0.0773290261516793 0.125144544892914 -0.0558967072715417
-0.219909145241201 -0.0658445377215588 0.325073891358474 0.00123975160651493
-0.273586312525544 0.0508665265292575 0.361515271908691 0.103507302229915
-0.145947632596036 0.188939918933212 0.335875212422658 -0.0102534389925273
0.0842504121797748 0.195195310284236 0.202571394349921 -0.14186337445695
0.176373293607311 0.0599055161079443 0.0840738914692751 -0.144010570951277
0.159400585937575 -0.0554321403166336 0.0596087871699767 -0.14840038825615
0.0912984230276909 -0.129279911376847 0.0511321904838908 -0.157593827192961
0.050637354771528 -0.131468063118231 0.0572541802275829 -0.133201092368811
0.0433199641821351 -0.130079016617094 0.125028287426765 -0.119112212034035
0.112340607839075 -0.110030378269072 0.20140724707568 -0.0477253602436507
0.17493865015861 -0.0289961183026688 0.233006500514323 0.0900920639258307
0.189347305905874 0.0932962510704356 0.0962479732716811 0.228465187016519
0.011477449504201 0.220058643073689 -0.0585913132888058 0.186319519091744
-0.186875045682398 0.142503231695563 -0.0720387380040847 -0.0140651107493589
-0.234700575589569 0.0117113954564651 0.204224139477417 -0.0496616067683098
-0.077836603704332 -0.0838569105390951 0.400426918825373 0.0151398001423817
-0.139697457855152 -0.0240133610594356 0.378374248534786 0.0889650088050263
-0.0898449527602006 0.0761232740986951 0.330813634947886 0.0153025931456788
0.0312203197519794 0.0902521496672736 0.217794145702001 -0.100547336995524
0.0805030946428612 0.0222219987357328 0.133448365105305 -0.133096438606865
0.0707540182389027 -0.0274389047553889 0.10150676617894 -0.174217751869828
0.0414792269941971 -0.0642500756567503 0.0729487023124828 -0.192729692725616
0.0216575459135471 -0.0688395852410255 0.0716345295598912 -0.16953832300004
0.019403447482939 -0.0723421290731771 0.139820065396919 -0.152916691967293
0.0611558022151612 -0.0665106084643635 0.224734652757787 -0.0765975163274595
0.107794854261481 -0.0245571858861679 0.260692799667603 0.0771791756443017
0.119019766983514 0.0706572134513693 0.118523758558015 0.226258143997592
-0.0192857125235276 0.145557779941298 -0.0408759604752883 0.186686574322963
-0.136868912288695 0.0534773916406301 -0.0506680750855881 -0.00685240499065004
-0.122028092373959 -0.0533856089175362 0.247570525598936 -0.0275918805317046
-0.0169100537982733 0.0710438927207038 -0.289453492487948 -0.00509198914258494
0.0575205217837461 0.012505248203558 0.0281927217303266 0.0897688485471116
0.0221235880620393 -0.0404381815012805 0.109632374163362 -0.170273758105626
-0.0330948585195963 -0.017457969699369 -0.0728579473709634 -0.28010136499303
-0.0205058490849007 0.0238364167095053 -0.269848367533091 -0.146420526508052
0.00113919686351521 0.0188432053357454 -0.281258226762472 0.0516576485006165
0.00232318184645374 0.0126765458029542 -0.192277855404414 0.146079420594657
0.0149852774775188 0.00311119697324613 -0.115800238786748 0.175103384194335
0.00917487095236223 -0.0104244923904466 -0.0963319892943278 0.19262359672873
0.0231671966301637 -0.0116083693762763 -0.123463844047415 0.177525075231307
0.0239124800126306 0.0150023629591823 -0.171530743605376 0.12815654565308
0.0172030700586703 0.0185326818834743 -0.22336898401285 0.0581082372011232
0.0106405867902208 0.0442264134187383 -0.293892782088515 -0.0668227714255422
-0.02051123500368 0.078028432756523 -0.344124837962283 -0.167494846352027
-0.0837820950490803 0.0643418784803545 -0.39338774515674 -0.106344811949607
-0.135106849073074 0.0711675828021622 -0.272042655422748 -0.0328956660142683
-0.037067411231131 0.0831296616919667 0.0415193126250686 0.0877085266752678
0.0142434871235435 0.0534723134266185 0.133063608841861 -0.174948419391263
0.036794527682485 0.0401109656871276 -0.0541682546441536 -0.299776589849429
0.0599914185931133 0.0326536686023244 -0.267048445603775 -0.16518223249982
0.0717173184997429 -0.0133124526497714 -0.275104183626087 0.034097852645025
0.0472083878620599 -0.0496950495833926 -0.182553236633886 0.125548992782599
0.0553777580079552 -0.0590047545536785 -0.105352173959253 0.156749239741058
0.0632925420110717 -0.0706421114462011 -0.0704504769028894 0.177054556283041
0.119799676509421 -0.0415207394612814 -0.0853719216338848 0.184182046190227
0.125457269852355 0.0547724374486675 -0.135845497292655 0.163460009453566
0.0775840732301219 0.123506808489694 -0.212694095586821 0.110962476156728
-0.04527088163238 0.162921665850554 -0.29118204984939 -0.0153652064662328
-0.165071930068535 0.127643699410245 -0.314989154946586 -0.129698650934871
-0.232721947517095 0.0577528832866968 -0.32958350024382 -0.0883227921439481
-0.242613807878024 0.0474103908825112 -0.206650537832835 -0.0502534741366117
-0.152423950263578 0.13651444676439 0.0804755773191275 0.0932615617670209
-0.0205145399090537 0.152915061697432 0.180759431107037 -0.164662865213035
0.0976940986174139 0.114392888535508 -0.00778941744178085 -0.313622355468759
0.14130504680852 0.0504382204629478 -0.239118239619512 -0.188911536041782
0.143706286142745 -0.0386764503798953 -0.245164675772405 0.00165599077649938
0.0930762895425169 -0.103664661190358 -0.153248165265157 0.0841619913916759
0.0872503945683097 -0.112341953300432 -0.0796223801282363 0.11711195142312
0.0981902183729752 -0.121325182501695 -0.0281540684114988 0.138069927053258
0.184864022941819 -0.0782765568369154 -0.0206480082470731 0.170476976881048
0.208973706852889 0.0584692100542314 -0.0609203218228618 0.191985130379779
0.15621727292012 0.17943214456786 -0.169587147934286 0.179052811737522
-0.0482466080843575 0.262594138810456 -0.270668541897936 0.0556476095290964
-0.253299210182836 0.186295452086017 -0.273174180014138 -0.0871388765333948
-0.338991447437944 0.0630705393887229 -0.225977732122433 -0.0674212005069058
-0.31731025456521 0.00429489115751802 -0.0958964297118788 -0.0487995656537138
-0.266174680379146 0.155197525540623 0.141463272829983 0.104669854415631
-0.080617804963535 0.23533914382917 0.238045205141079 -0.132079260681592
0.132595759993584 0.194762154403152 0.0603046815438229 -0.29981945375036
0.207449691827605 0.0757390122488268 -0.174525811049134 -0.202342770456231
0.203737786823223 -0.0527833191058346 -0.185043490202178 -0.0373026818249026
0.130317843628893 -0.14271013110658 -0.103786294211863 0.0274589596036559
0.106796379834464 -0.150162135849948 -0.0425832839856855 0.060908953140168
0.111100710493034 -0.154792519103699 0.0216327195096325 0.0812219752023751
0.209977295616869 -0.110454297964302 0.0528703800160785 0.13314814536474
0.254490625606768 0.0381415764254271 0.0309335197622675 0.194189356241239
0.219974875485612 0.186534864199523 -0.100147432599175 0.228386311895225
-0.0224807743952636 0.316270581575314 -0.225395702975765 0.12179294514898
-0.284105490698196 0.225047371482157 -0.219428715836102 -0.0559710637144513
-0.386739111995253 0.0665395990966015 -0.101588889605934 -0.053285031524209
-0.339710602398555 -0.0430907712446351 0.0450547777019761 -0.0268238583917132
-0.343665105954866 0.131308511452508 0.215328678840251 0.11901519198976
-0.148708510034937 0.268504090156744 0.286605447548793 -0.076950197881104
0.127442626427764 0.253343973971765 0.132016455630498 -0.249660786924366
0.236438395770543 0.101630173190656 -0.0807737169009864 -0.194139952147719
0.233067633510877 -0.0514760372695663 -0.0976265428953804 -0.0760662053559845
0.149247569748849 -0.158651501292859 -0.0412893645437334 -0.0353565539523806
0.110137103453924 -0.165572419720407 0.00118904147052195 -0.00255560782855765
0.106126507753715 -0.165014468115047 0.0690288687030155 0.0165224545300908
0.202279821247409 -0.123097984031656 0.116795189307286 0.0813921667066676
0.257398533260498 0.0179119649689088 0.112888639120945 0.172929827870586
0.238499459835541 0.168780154981909 -0.0287507183051818 0.246554210428645
-0.00497247606724183 0.316197619874989 -0.168537857829698 0.160826204849642
-0.276701968096279 0.220650693846743 -0.162664303522883 -0.0403859421766209
-0.378871959449074 0.0514359471723074 0.0225562467754093 -0.043774845395249
-0.297845476968443 -0.0799856005381637 0.191227083661349 0.0101552680399614
-0.346072904294467 0.0747812116525257 0.283597775094018 0.134701298313337
-0.188277297931652 0.238438516040612 0.313475096414606 -0.0135500257836901
0.0901258816552129 0.256419031126162 0.185017887229893 -0.17317025389339
0.217518585184146 0.109467428697692 0.0202625585533593 -0.160939276182388
0.217999918083519 -0.0409374182135603 -0.000873122335278384 -0.108634196711572
0.140313603510068 -0.14667226075577 0.0235600140990189 -0.0966970946501465
0.0968745046333128 -0.154948201711872 0.042418887434389 -0.0652948056357933
0.087955459723298 -0.15132138596115 0.109122906486867 -0.0453997397383281
0.170331046955131 -0.113226794094632 0.166211006621016 0.0280898317645529
0.225303061415485 0.00536181242872955 0.17457357186034 0.143512555169456
0.214561975088761 0.144794226003592 0.0270177530829049 0.244994366125169
-0.00950013775770158 0.277035247704822 -0.118413702221922 0.174781871535654
-0.247343379375112 0.175064258579819 -0.112181252647025 -0.033454146308966
-0.320333495532631 0.0168648594016859 0.128860563945644 -0.0329455198660273
-0.199303651634071 -0.094174797639875 0.310965467206701 0.0500781681487751
-0.268896705876931 0.012699331006024 0.331846236680624 0.14630624532354
-0.17018317712079 0.161006877261309 0.317561945845091 0.0392686951085654
0.0481640076877587 0.197354587511397 0.211971861761276 -0.100671395971164
0.156973140273571 0.0849986495029692 0.10145820908652 -0.12408541066456
0.159054216690826 -0.0282958744318599 0.0809324009035743 -0.133007425114721
0.103873234237112 -0.11050523687873 0.0752302626281325 -0.146236756771514
0.0693102046154321 -0.118965044341136 0.07525139254228 -0.116936036375972
0.0619280661082516 -0.115637012827622 0.138914885274996 -0.0946354662686425
0.124164996069846 -0.087256009916539 0.202464526108023 -0.0130470483038102
0.17189085717662 0.000260222540429376 0.214733110406053 0.122124141340201
0.163746676937294 0.118705783466759 0.0616770001106284 0.239785644325577
-0.029137115560611 0.21522284791259 -0.0849558377272959 0.176915609391064
-0.204033941382927 0.104208865681396 -0.073663359416246 -0.0271208539117328
-0.227404323881796 -0.031138541859066 0.206730169793609 -0.0130009144320083
-0.0631917260067998 -0.0871938321013111 0.384342370685464 0.0743030630159368
-0.131809177678736 -0.0385267630260981 0.352089000030362 0.138855210715931
-0.0998025654563611 0.061935310609744 0.312353418475163 0.0655374323456613
0.0136598364213817 0.0913576718048472 0.222000654192649 -0.0600802128552309
0.0709559966647509 0.0355173231327865 0.149370154776375 -0.107120757957903
0.0701590949810826 -0.0139960917880939 0.125203096556912 -0.153782846860988
0.0475052377570751 -0.0546802792548711 0.101769378380442 -0.176604615049454
0.0315170395627755 -0.0631036276209635 0.0948306970206123 -0.149449893467493
0.0302755341842557 -0.064790561951683 0.157622663541717 -0.12418779148397
0.0685606521585193 -0.053743142305478 0.227892499886799 -0.0370100308610204
0.106407635318842 -0.00579007655492251 0.241217187619735 0.114971105461927
0.101175995388568 0.0851648804936395 0.0810875808085604 0.240333307240158
-0.0451539997106857 0.13701494211439 -0.0693992041423602 0.177868141917103
-0.141023684831998 0.0273514557716851 -0.0529629751509882 -0.0173293499675863
-0.108451033668957 -0.074259307033467 0.246916300417298 0.01541365012064
-0.0136736993457572 0.0700508952894845 -0.279478274515795 0.00929423326251882
0.0563793270812339 0.00945388462994394 0.0337502480599911 0.0879520452642664
0.020382734564683 -0.0396282544384734 0.0983743982874486 -0.168685470261489
-0.0322516115960076 -0.0153707961585374 -0.0835821682186731 -0.266695163596542
-0.0175775663599244 0.0235414784415888 -0.267006943589875 -0.129200004653997
0.00313851632461551 0.0179450027652514 -0.266813563953465 0.0643719368325071
0.00344811032905431 0.0116420202314052 -0.176263645488905 0.151841718418469
0.0150694818845497 0.00130305050692853 -0.101755618713772 0.174166260508878
0.00897177158764209 -0.0100763294631294 -0.0810686819325217 0.19039269839177
0.0214759130007333 -0.0122598765655815 -0.109594114332835 0.179387963556445
0.0247310743280541 0.0133099226310501 -0.16031605929697 0.132408055094239
0.0172928398364352 0.0173062844172778 -0.213272044445269 0.0642187067164004
0.0127079976131178 0.0429542118322202 -0.28689589140217 -0.0527121570326765
-0.015629190676291 0.0751806775526232 -0.339568140388086 -0.145967125268114
-0.0781156899283663 0.0642075241232154 -0.383524478368775 -0.0844787905556669
-0.127383771063825 0.075218861671275 -0.263484765710413 -0.0182149515423948
-0.0310790224544997 0.0822609384118606 0.046515094733426 0.0857625284860658
0.0161457594152182 0.0503029314229521 0.120559092919464 -0.173166703515247
0.0373957509366362 0.0357077041072866 -0.0660389972831451 -0.286230363925245
0.0601221919233856 0.0274189857652959 -0.26487454446177 -0.146072826295535
0.068791844327815 -0.017349954473501 -0.26177451242806 0.0468493303347557
0.0430506817838641 -0.0500379994409618 -0.16835156859171 0.131039312267814
0.0507148802376807 -0.0605098785416961 -0.092787388698706 0.156776945426783
0.0574588297857614 -0.0711975392160732 -0.0577295622289736 0.175187147354016
0.112488985281957 -0.0469992292532614 -0.0717353270837773 0.184223923919779
0.125432550877778 0.0458368965200916 -0.124326019448011 0.164657982981207
0.0818010474677019 0.11447803715963 -0.200181967446753 0.115899034939548
-0.0351658363890142 0.160264848993452 -0.281923056064081 -0.0040336821092514
-0.152887261821128 0.131456051406564 -0.308877264250708 -0.110194302538111
-0.221004487181782 0.0644525907579858 -0.321176272076062 -0.0691584574083049
-0.232021182719228 0.0562463182321779 -0.200225695384848 -0.0379053119103545
-0.139557057362918 0.139356817189937 0.0834443705835737 0.0893868633488245
-0.0126450380729759 0.147449354903043 0.166307169327956 -0.16447145312066
0.0996711116388233 0.104060928451773 -0.0214310210683624 -0.301044285032164
0.138872925533427 0.0398185818835401 -0.237244993822026 -0.168722052605299
0.136661565744897 -0.0458777901739501 -0.234344137833955 0.0139226954200715
0.083852319018074 -0.104996973189098 -0.143206928980113 0.0888679410771363
0.0791719500130548 -0.113178011649549 -0.0704586615924832 0.117209908422523
0.0878763772788733 -0.121970206119206 -0.0186705617097079 0.135214777312367
0.17299837690003 -0.0866607166164179 -0.00953059171488308 0.167418275954257
0.205962860280878 0.0450164027979959 -0.0498674238883245 0.188694437569907
0.16047504976615 0.163505750796894 -0.154922240943897 0.180289221857903
-0.0328147178266968 0.255914480348525 -0.258578130402544 0.0643067997976243
-0.23564897398006 0.192830001930157 -0.266267141963888 -0.0717068549668815
-0.322165984726391 0.074539514489722 -0.222372865984243 -0.0542149770769516
-0.307112439726071 0.0177984403104736 -0.0936595767819989 -0.0411543863661486
-0.249487922089527 0.163363250472433 0.143169366993408 0.0973307641351917
-0.0674690899355976 0.230151660703521 0.223533395430476 -0.135807457981984
0.136684891277517 0.179742981073816 0.0447797203710373 -0.290303004526138
0.203788849460886 0.0612273888675554 -0.174530503390849 -0.184510433689275
0.192990762741554 -0.0623051995493769 -0.177704105729237 -0.0280499277641337
0.116367296820975 -0.144560790298804 -0.0995371220919271 0.0312330647682373
0.0950633845422142 -0.150790412927875 -0.0371512091656881 0.0618109398686697
0.0985952398138689 -0.154296414161584 0.0250364171829408 0.0774602633080399
0.195444660860912 -0.118134380017329 0.0593825995006868 0.127601275376632
0.248591300801082 0.0228896942016007 0.0391769029005379 0.186553313516047
0.221703890083916 0.166698927249547 -0.0847963167197264 0.22578878508113
-0.00471345630238169 0.306276140387752 -0.211324468165721 0.126476227594721
-0.26358966094209 0.232522982247404 -0.213814954784961 -0.0442529377416935
-0.368530247264292 0.0808107916432623 -0.102808831278013 -0.0456425096896721
-0.330824839356101 -0.0273530393137021 0.043280561720962 -0.0265715820741018
-0.325575572544172 0.143508171266703 0.214026621640581 0.107492719280602
-0.131948734402842 0.266370111136254 0.272814405085369 -0.0842157348479729
0.134590918676504 0.236804743906581 0.11659136928334 -0.24496508949615
0.23309466787701 0.084616532800038 -0.083421728909686 -0.179916845007437
0.221412436582356 -0.062791048072837 -0.0958641579416733 -0.0707260488086025
0.133655532253504 -0.159828490339357 -0.0424660992608513 -0.0333442110003836
0.0973653556010663 -0.165604158857548 0.00113560305446062 -0.00134675336187293
0.0927163569954349 -0.163882830560527 0.0670032833786091 0.0125572032628351
0.187286060234177 -0.130022035922519 0.118728720696033 0.0742252366848698
0.250162736067063 0.00231104565730018 0.118719015985309 0.161303817514554
0.238255420652233 0.147727590300291 -0.0139158397152615 0.239950842695944
0.0112884961849399 0.304860811493601 -0.155332152293382 0.160885264937558
-0.254708913858122 0.226792017925367 -0.158627882698415 -0.0315856633745554
-0.360656301192681 0.0660689589228382 0.0164131214634337 -0.0430548141607674
-0.291073305108647 -0.0641959868405398 0.185945613998861 0.00301246426992739
-0.331386856103571 0.090122537524144 0.280048237534248 0.1195683798976
-0.172178419224869 0.239368907285941 0.300471166633318 -0.0246993303703276
0.0992932817496081 0.242524653689465 0.170789469974824 -0.173617388025705
0.214515160127542 0.0931628159875869 0.0153523446510585 -0.153526009267366
0.206766992600892 -0.0515004397011787 -0.00477929121621291 -0.106747702542291
0.125588193858628 -0.148144150689096 0.0156003421778723 -0.0959182187702229
0.0845042091816208 -0.154540122977532 0.0375173201580347 -0.0641668413976227
0.0761100566389203 -0.149230796601592 0.102303598345881 -0.0496721579325716
0.156527910867093 -0.118272844166469 0.162962914567021 0.0189657059704845
0.217682698713057 -0.0079211709794452 0.176034388444925 0.12905453372737
0.213245392773968 0.125708045992215 0.0389324118449726 0.235952821739986
0.00528798975381472 0.26670674719516 -0.105517423755554 0.172301820127595
-0.230092274253007 0.180377243624964 -0.110209513056905 -0.027834683424298
-0.306398739724804 0.0301885149074794 0.119427135349435 -0.0378909574035827
-0.196417430295755 -0.0823988893492744 0.302007368379735 0.0356653607375882
-0.258452428561837 0.0258806407047504 0.326251010932516 0.127179753968084
-0.157225620161957 0.16290676937445 0.3067904554621 0.0253136466128887
0.0553343197526681 0.187083013624012 0.199932712510451 -0.104221512666599
0.154856888734685 0.0731555606324426 0.0949140575237528 -0.121969478224435
0.150929360406067 -0.0353569995687875 0.0721950229015046 -0.135422378207691
0.0935905496920667 -0.110896442398511 0.0626254484784593 -0.1462361175372
0.0600686126120905 -0.118082395023979 0.0662669609624678 -0.115460449923169
0.0529955020871569 -0.113693361894747 0.1282385515849 -0.0975670667175994
0.114623180686052 -0.0903224010583907 0.19487933566514 -0.022806849795521
0.16533763691843 -0.00969854269639053 0.213636384811735 0.106289701421398
0.162703536878678 0.10343851165933 0.0724712937088209 0.228157947908343
-0.0164018721342564 0.207446811124714 -0.0729290256338731 0.172900140364027
-0.191573288697464 0.109535794556592 -0.0738251427590446 -0.0227196412833162
-0.220447499570954 -0.0206245760502922 0.194869083012944 -0.0226714843434009
-0.0646471079098076 -0.0815122206349789 0.373350623957079 0.0563747571318001
-0.12968060647419 -0.0301284134342105 0.344750066625186 0.11997521129894
-0.0936838239005018 0.0654291899753092 0.303750342145686 0.0492114950999938
0.0179404607570557 0.0872522990256667 0.211480425095698 -0.0651802946773575
0.0696579861294227 0.0303514988856602 0.140479084625533 -0.108303934530146
0.0661273032647998 -0.0164567154985419 0.113213378474732 -0.157285814798723
0.0428316993440999 -0.0547246604479948 0.0867564374759607 -0.176737757206979
0.0271664246713455 -0.0630599427914618 0.0835716225410469 -0.147448503570905
0.0255084852080877 -0.0630250395958312 0.145277166599625 -0.126408173553065
0.0630165216269138 -0.0548347615940274 0.217194759405751 -0.0470165829777963
0.100777039369451 -0.010781797274286 0.238730635907823 0.0976199187853856
0.100078247739376 0.0758269551525588 0.0912978028491185 0.227876282110851
-0.0362754201408271 0.133633404009806 -0.0579399306515514 0.173564416624674
-0.134825395567396 0.0321285789576278 -0.052926403519133 -0.0139120162941307
-0.10797755288547 -0.0675125633244705 0.234613403367751 0.00249691771453388
-0.0107937774910622 0.0684221611851553 -0.268177088150169 0.0186202165793614
0.0554020895576175 0.00640457706829581 0.0376839880894632 0.0859683541039235
0.0192407070301018 -0.0391387235901621 0.0895426339668355 -0.164044932744126
-0.0310115107323669 -0.0142153795930778 -0.0896329457882148 -0.253056271835089
-0.0151263154725189 0.0224923129518598 -0.261606665035519 -0.114916755186059
0.00447741466257728 0.0161418727494554 -0.252465882583041 0.0716787738635269
0.00411856372308948 0.0105090817887629 -0.161294618518972 0.153062517985915
0.0153870999930605 -0.000699589983253949 -0.0907708586801624 0.171042331392659
0.00910277197680113 -0.0102545350503719 -0.0687877270075065 0.187533013680767
0.0203427490011152 -0.0125952058375479 -0.0977407629185702 0.178187484234576
0.0251512166202806 0.0115511307209482 -0.151293207956357 0.133549824179576
0.0176380273366328 0.0160433651323236 -0.203352504030956 0.0668663899816356
0.0140089914613084 0.041984755617539 -0.279216824613137 -0.0441398868878466
-0.0118875033246277 0.0721824674710937 -0.328815805307952 -0.130127477232151
-0.0734713492014574 0.0628539000882276 -0.369216148036195 -0.0681196111860009
-0.120433265292392 0.0762624776998505 -0.253084008961238 -0.00830222511042286
-0.0263458648673163 0.0798297076187593 0.0502341725913601 0.0840151917453115
0.0174601921769502 0.0475689416018384 0.110943946197613 -0.168516340419326
0.0373498334317013 0.0320463507101672 -0.072753561449927 -0.272849749748329
0.0596984670234317 0.0236710568230668 -0.25907859033192 -0.131221494257005
0.0663227378213045 -0.020107160277448 -0.247937388815699 0.0540782414260448
0.0393418491727749 -0.0499282469955339 -0.155666393195714 0.132391553308594
0.0468851184096483 -0.0614159942100151 -0.0823545317653003 0.154443572583475
0.0525799715002258 -0.0707141471649507 -0.047743132949653 0.171683008870025
0.106467387469371 -0.0499148205072045 -0.0606679612277203 0.181083197734682
0.12363110566763 0.0384633551719753 -0.114650531869986 0.164131996203521
0.0837567494724718 0.106787645174296 -0.189042025524947 0.117190168770227
-0.0285729137620673 0.155974306499245 -0.271778399109921 0.00375418442276916
-0.14299863341287 0.131198835740764 -0.300027342835587 -0.0960202624883961
-0.210300052015871 0.0668738305341827 -0.311459943103174 -0.0547798557654455
-0.222432316521434 0.0612780355221754 -0.192553146438112 -0.0291814049809016
-0.128926149992656 0.139070436986062 0.0858949455840958 0.0864779190249175
-0.0073965045759629 0.141513695285584 0.155219296199683 -0.161156358447501
0.0990959255134179 0.0949190432792642 -0.0303490265215794 -0.28764219918801
0.135312304185749 0.0323326318214756 -0.232384245138506 -0.153801151359811
0.129363422765301 -0.0500751057700124 -0.223099594701036 0.0208680432983357
0.0755051207391532 -0.104052258173402 -0.133339800770107 0.0910614501290426
0.071737999794458 -0.112516073544113 -0.0626802464885772 0.115944554110221
0.0800859817673201 -0.12002685638187 -0.0121688622454057 0.131288126834859
0.162279842115279 -0.0906746661419894 -0.00108975901462117 0.162774522632853
0.201172529103623 0.0336318901514905 -0.0417901463852287 0.18524027870787
0.160678028539035 0.149938233116048 -0.142145329757428 0.17872434962858
-0.0222456461253286 0.247656393731132 -0.247389343273081 0.0690771155254385
-0.21980037539648 0.194146940890183 -0.257374988811248 -0.0603660037366671
-0.306476096867748 0.0789690588036852 -0.216506763667558 -0.0439412015307263
-0.295288082183851 0.0262202517083014 -0.0900553420285132 -0.0353125801723212
-0.234049067400743 0.166943489949791 0.142390493466551 0.0922176734489952
-0.0578429956081594 0.223318168434886 0.210578333072396 -0.134837819704616
0.13759470625116 0.166558886664539 0.0340513268600873 -0.27943001101491
0.198021523579953 0.0499812520063967 -0.172080185697996 -0.169852090154101
0.182674017573315 -0.0683969284161137 -0.170013058546634 -0.0219329396014489
0.105499391533315 -0.142943002292224 -0.094698773905338 0.0337335072523657
0.0856489029067321 -0.14905617498804 -0.0329228506598227 0.0612087958481963
0.0881756266759347 -0.151913789236199 0.0271534547836643 0.0745036317199918
0.182508467146429 -0.122251274448038 0.0641510292623219 0.121325308887883
0.241231270431971 0.00984884877845634 0.0443700176526248 0.178964751413916
0.218997668136953 0.150326787189294 -0.072919973195564 0.220630587565671
0.00659474508487359 0.294893694665067 -0.19929323636514 0.126340707895767
-0.24491775637135 0.232919730273031 -0.20722700165206 -0.0361604567122546
-0.350985021272039 0.0869625944011387 -0.102188560223484 -0.040097612170574
-0.319687904204812 -0.0170371060962498 0.0425083870692486 -0.0253173327903199
-0.30611152558973 0.15186051435136 0.210255188389383 0.0996772241998786
-0.118963423817051 0.260713201616607 0.25945627773887 -0.0873133896826449
0.136794031908743 0.221933400456036 0.1049250410671 -0.237355421362816
0.226749613852743 0.071791795981844 -0.082467490726453 -0.168604292913772
0.209219166816613 -0.0698258593045615 -0.0933140436040283 -0.0666499550968511
0.120797737688417 -0.158887398345674 -0.0432240949988536 -0.0316039296944663
0.0865366067692703 -0.163652664638068 0.00139089557626817 -0.000925328770530003
0.0821713143266671 -0.15995299294645 0.0646517652792481 0.010094309440823
0.174102762785624 -0.13244440225204 0.118479301109216 0.0668782916836226
0.241582383128971 -0.00904131144839701 0.119843126227255 0.150951401292079
0.234411994856182 0.131177198603885 -0.00368463189988982 0.232833068103725
0.0227390577982832 0.293137704295332 -0.142897523323351 0.157643027052638
-0.237527169718205 0.226581338803615 -0.153578592340884 -0.0254985617005992
-0.344104723277621 0.0730233835078146 0.0124384784230867 -0.0414406665869316
-0.282212049792941 -0.0536002982510257 0.179438658240232 -0.00124898463568857
-0.314821584919272 0.098072114972134 0.273042125922708 0.109210070532753
-0.15727986404902 0.236696818774301 0.288288079856492 -0.0311229471906335
0.103309727461003 0.229074381608259 0.159784749916207 -0.170248003783446
0.209585258103644 0.0812316511417326 0.0133714548532664 -0.146141483673452
0.195903976502412 -0.0575681335901327 -0.00785083383928972 -0.105398653806088
0.114431884899219 -0.14697413823928 0.0100590586594342 -0.0945031739471611
0.074731376488251 -0.152320882573997 0.0343372719403438 -0.06248560786408
0.066974042896395 -0.145266201273267 0.0961900182104316 -0.0508067155889416
0.145230350904091 -0.119456658095344 0.158328697823829 0.0129715982026064
0.209372371456821 -0.0164265926709155 0.174407685451488 0.117757103286143
0.208370924286325 0.111053546316076 0.0477603906367526 0.226693107783522
0.0149181251506618 0.255591408133596 -0.0951547389486658 0.166923593094257
-0.214510909262576 0.18135743172059 -0.107044278029352 -0.0230146055601411
-0.29343636379164 0.0372860707459536 0.110393720381542 -0.0403552952326619
-0.191372063772595 -0.0737810964097604 0.293017144902954 0.0264195972571932
-0.247933322372669 0.034352263191071 0.317570495182985 0.114168204155798
-0.145863740318375 0.163543961116772 0.296018508558507 0.0164364482480642
0.059658786764935 0.177560809735935 0.189680443768026 -0.10352552556834
0.151383600217392 0.0637427083864499 0.0907359984958843 -0.118939965957038
0.143302705018428 -0.039709862398579 0.0643226585013525 -0.135382987914709
0.0843908257801303 -0.109576000240243 0.0528294395139906 -0.144421817972225
0.0525098176017274 -0.116754679865466 0.0594529534726179 -0.113332758961815
0.0464319012834066 -0.110286501838736 0.119315574597085 -0.0985908834537369
0.106093485236484 -0.0906568562984458 0.1871801569327 -0.0287501791709979
0.158120586641861 -0.0156211357019406 0.209166227022262 0.0942485441189328
0.158492777989629 0.0915781456850059 0.0794160885033387 0.217971076077102
-0.00863390404039186 0.199474741399468 -0.0631130695615357 0.167045393298708
-0.180285377950075 0.11140974463558 -0.072735033662395 -0.0194134458350148
-0.212211912304814 -0.0133886786637751 0.183418225692593 -0.0289138230961727
-0.0645483723447852 -0.0764518189012753 0.36043470286603 0.0452946754146626
-0.125168920285714 -0.0239055177370232 0.335372003259725 0.105130167304985
-0.087965279890974 0.0670848204661549 0.293140482584677 0.038816954180197
0.0201761891405977 0.0832924393739864 0.201439624353803 -0.0670152232592011
0.0673406106294726 0.0261927947199533 0.134431524314207 -0.108400216688338
0.0626692773542113 -0.0176596261321436 0.102435900291833 -0.158729147523117
0.0384601286126384 -0.0535676154493294 0.074345566489074 -0.174738268802462
0.023439031502378 -0.0616824760874804 0.0745474099039486 -0.14443212260485
0.021957623437077 -0.0610980328343555 0.133896089319051 -0.126884817773981
0.0588215118115397 -0.0550890157184445 0.2068136411662 -0.053075539604121
0.0962194859043978 -0.0145842459727331 0.233112880435881 0.0845479896890175
0.0977578109679806 0.0677527028858174 0.0967738132633627 0.215889996208424
-0.0299153674604124 0.129041085727563 -0.0494655269439185 0.167255987626948
-0.128499253108629 0.0350541500906581 -0.0532047782831446 -0.0121728485096196
-0.106773546107832 -0.0614180865018541 0.223331374097549 -0.00616050354237441
-0.00971606196598185 0.0673302820510962 -0.260368277849425 0.0237151475512398
0.0540244179030337 0.00421406256217963 0.0412198280289696 0.0842979753577234
0.0180738765607504 -0.0390442004956012 0.0846105085681533 -0.1604100191466
-0.0302554592954409 -0.0133382336888263 -0.0926784759052339 -0.243745560421889
-0.0135114090905591 0.0213177247195452 -0.256890025242255 -0.107041311970203
0.00544243296624991 0.0144722865090669 -0.242374707565709 0.0750284006510158
0.00543898725637833 0.00935476978136661 -0.151558393336086 0.152525223625865
0.0149352883382702 -0.00201196553857497 -0.0832475479485183 0.168504986637684
0.00944472086833832 -0.0107358716804245 -0.0612900329461593 0.184009945228757
0.0197187254712242 -0.0127102714559555 -0.090490701112163 0.176243888011669
0.0252889154386802 0.0103248736018181 -0.145002043035778 0.133735884023718
0.0172986167370911 0.0153559992615967 -0.196400814884632 0.0661410327959788
0.0145045171720841 0.0410770084330164 -0.271731465379209 -0.0394592449982348
-0.0101908473124895 0.0693430762513098 -0.319707887810891 -0.121657862445388
-0.0707265781987039 0.0601534996919325 -0.35862334990983 -0.060446304875019
-0.116256909145212 0.0760543869369139 -0.245458432445538 -0.00187795203785958
-0.0235717935372721 0.0777671231513966 0.0531709401433483 0.0825709403077908
0.017891347411832 0.044611909568155 0.105303193752299 -0.163964705547307
0.0364907170740909 0.0288539211695325 -0.0754412228039088 -0.26260161523624
0.0584657269482263 0.0203961335504083 -0.253835408119744 -0.122000892825121
0.0638733758650595 -0.0223902447847382 -0.238816572670718 0.0582533834627648
0.0373099614884868 -0.0498094806438311 -0.146706754746744 0.132339170204874
0.0443370945274474 -0.0615651095168928 -0.0756533315699809 0.152292926354156
0.0494359869127196 -0.0704534335068131 -0.041270667479857 0.168162316766147
0.101899114179599 -0.0507216980328885 -0.0538393068022351 0.178635218465514
0.122032768942774 0.0332033796750764 -0.108660752826267 0.162615439021334
0.0835501100109831 0.101045002891054 -0.180525160598967 0.116284599846619
-0.0238450812615945 0.152687738618719 -0.264768579590453 0.00604669379167817
-0.136422368538511 0.129910143994061 -0.290681207507993 -0.0880227413707989
-0.20328225288729 0.0663921396401641 -0.302192089026625 -0.0483649934254729
-0.215103214475717 0.0621696239143123 -0.186640465632956 -0.0242483079810519
-0.121954499618748 0.137281285402405 0.0874697475673382 0.0845893674471522
-0.00498812438331024 0.136696290266287 0.147926414085713 -0.15667793708026
0.0975884622321518 0.0887493630148252 -0.0341344464183906 -0.277886223485697
0.132556670592447 0.0269623190418947 -0.226384025908041 -0.144719375121166
0.12429106700058 -0.0532190565738086 -0.214238582585037 0.0246828085790424
0.0705044689436094 -0.102693563869063 -0.12708687673601 0.0911267668093327
0.0665118267594142 -0.11254393118337 -0.0573383454267363 0.114672093935335
0.0744258369479128 -0.119156156835434 -0.00826021886253519 0.129121385750825
0.155355609386274 -0.0929604790138515 0.00440807769414267 0.159435263121594
0.197684012358059 0.026625209380412 -0.0375231090856619 0.181570494151639
0.159460421801692 0.14106121220843 -0.133538560795941 0.176338247262525
-0.015588733451944 0.241697006002098 -0.239170922001569 0.0691309120511854
-0.210263740435421 0.192828157833917 -0.250729398130792 -0.0539807556004595
-0.295771804874413 0.0793270268605512 -0.211793774749727 -0.0378708220292705
-0.287051072910961 0.0293570578929129 -0.0863737343089842 -0.0318874489916602
-0.223176252121993 0.166449443011115 0.142239282008141 0.0901475273153846
-0.052340264303035 0.217406010814629 0.201820172751523 -0.131455947634223
0.1360627006288 0.157398123105316 0.0289854504413341 -0.270591475475842
0.193287222518841 0.0434405545672857 -0.167162230243947 -0.160683853116923
0.17503108795472 -0.0715049430632606 -0.164459509638259 -0.0189553369302403
0.098044286831606 -0.140895084186259 -0.0913794981130019 0.0340695231050423
0.0790019989550859 -0.147562180342016 -0.0296463740861387 0.0602950684654424
0.0819274115192626 -0.149447895821484 0.0281887245014518 0.0726211153123684
0.173457001852406 -0.123333111436804 0.0668422998121894 0.117091390338733
0.235865519566456 0.00251292830022739 0.0464210961050602 0.173235335816119
0.215510046492634 0.13848390683031 -0.0651723867887789 0.215984274273551
0.0134932936111919 0.286019139304913 -0.191706561652478 0.123994509855224
-0.232869161389095 0.231959758119816 -0.200755401040233 -0.0314013592150517
-0.337289872378263 0.0875215895032423 -0.101628680622732 -0.0363618930738935
-0.311552111967746 -0.0121963295543563 0.0417692148769289 -0.0237944195195838
-0.29469725766179 0.154388368920946 0.207013199322031 0.0956264619809248
-0.110400665671053 0.256047275522489 0.250409003547732 -0.0859943517752967
0.136919574304294 0.211861855956642 0.0981580414130407 -0.230801751854945
0.221670363598022 0.0640694141870344 -0.079885091563897 -0.160862394022981
0.200726262768841 -0.0725488414894093 -0.0915501653100815 -0.0647617793319437
0.112251046419107 -0.156523234912981 -0.0443778144129828 -0.0308419991110872
0.0790484855996208 -0.161343363519178 0.00220560809220088 -0.00108988685138205
0.0753426714146018 -0.156873660486512 0.0626320692132234 0.0093315154462428
0.164642356100507 -0.132846470443857 0.117848267282119 0.0633532776293221
0.234474687941728 -0.01620307732139 0.119376583399141 0.144358804932824
0.228958391031884 0.119599535278967 0.00275532448600125 0.225869868312631
0.0289679124273324 0.283149066298505 -0.135980459915037 0.153963317143423
-0.22605394259741 0.225715335594757 -0.149213886477825 -0.0226846057787869
-0.331289663839142 0.0743443005355772 0.00851452811302011 -0.0395076713060007
-0.276236618161076 -0.0483071549043766 0.17523501425463 -0.00292152563777464
-0.302803088426728 0.102357954734333 0.267794995592808 0.103086152314267
-0.148026809254703 0.232647197904227 0.278692505848463 -0.0322964055290249
0.104687051976574 0.219493344174712 0.15276073880164 -0.165958975226191
0.204885639337695 0.0736705347600768 0.0140355663973405 -0.141031321896921
0.188109460807783 -0.0608339692284098 -0.00987730711099254 -0.105107633664838
0.106070335332665 -0.143848117778427 0.00501267961807511 -0.0934375304076792
0.067621898687708 -0.149730846969058 0.0321474060545473 -0.0614086106775844
0.0613204599559305 -0.141407790688763 0.0910310820849626 -0.0511696913025087
0.137494925801395 -0.119310700849732 0.155268381817391 0.00910969341632726
0.202231648890239 -0.0230544089365583 0.17167047570705 0.110318322805691
0.202981607417567 0.100509669885172 0.0526316225099872 0.218745297779567
0.0205660348701745 0.24743141221886 -0.0887249688600114 0.161860847233842
-0.204671776756437 0.180669117519905 -0.104808413491273 -0.0210252667949061
-0.282694199165307 0.0392708715870492 0.103443292971721 -0.0409414266981399
-0.187634760978321 -0.0692863386515056 0.284943735973136 0.0224608761535006
-0.238985275880737 0.0391564276152421 0.310412776927478 0.106948814828971
-0.13775002051299 0.161841737765972 0.286161809185749 0.0132550527718867
0.0614552501795463 0.170508111422423 0.182737429542173 -0.101232186675013
0.147626271431858 0.0585144461807697 0.0894541228707273 -0.116206177354447
0.137602615575948 -0.041038543473529 0.0591283631147243 -0.135436489154807
0.0786113229250911 -0.107565825923438 0.045132732141124 -0.143152220710459
0.0471584598159194 -0.114612657587835 0.0551258371002208 -0.111070607553428
0.0423954071635526 -0.107247611948221 0.112429946775312 -0.0974853061946829
0.10056641748665 -0.0904185919924155 0.181116355081546 -0.0323319021433516
0.152047981399431 -0.0200584083219934 0.204958185387005 0.0865620614266785
0.154128964591242 0.0837429455787943 0.0824576132550937 0.209457757850388
-0.00336567632673351 0.192573518490799 -0.0581833592570779 0.161466768276094
-0.172939113633152 0.111614441028448 -0.0710954923756215 -0.0177120915584158
-0.205099994005874 -0.00976519800865108 0.173867273410656 -0.0317873401214103
-0.0639858589697747 -0.073450310946735 0.351689615126015 0.0370481992699935
-0.121225420967622 -0.0206179950376426 0.325443916079991 0.0975968670250733
-0.0832491158951234 0.0669833342081214 0.284887681884868 0.034402258001566
0.0213470498424784 0.0804651550044005 0.194749799284671 -0.0651325893524856
0.0655401540573725 0.0240228199992578 0.130872537272004 -0.10699048156817
0.0603439372202344 -0.0176873313731209 0.0945222396715061 -0.158495057119067
0.0359460934218198 -0.0526524560836724 0.0654349818503427 -0.172883369416552
0.0207245903875699 -0.0604929784819496 0.0690754494595815 -0.141867144904661
0.0204996375884884 -0.0591172679955959 0.126518528726839 -0.125915034376586
0.0556154006201527 -0.0544238906106585 0.198450540805695 -0.0562660189090541
0.0915965778479073 -0.0161011012882035 0.227285829367352 0.0762430766057795
0.0948098278383448 0.0627171819369016 0.0994858756667155 0.207522269871388
-0.0259124152311005 0.125084190455292 -0.0454782742619137 0.161920487740423
-0.124189593689358 0.0354716250003011 -0.0530754676955589 -0.0110563890035296
-0.104607823751819 -0.0575854934540901 0.213158051677134 -0.0107785798880889
-0.00841304858630169 0.0673287846434464 -0.256326363880243 0.0287129002841861
0.0532338802779856 0.00267711435226055 0.0442723946976619 0.0848727322045439
0.0175232231625659 -0.0395535711786887 0.0827933323261395 -0.159075428079197
-0.0302677595478146 -0.0129972266531255 -0.0950126722176629 -0.238990122898471
-0.0128645242463726 0.020077207847087 -0.256318776598309 -0.103019740843027
0.00539148881440538 0.0132917863319947 -0.236926199517654 0.0783036074614755
0.0058461426837363 0.00889171581770439 -0.14453496626826 0.152977758873863
0.0153193461816671 -0.00346847968452001 -0.0780379446014852 0.168475468437693
0.0094772409352614 -0.0114625439324159 -0.0556850434244839 0.184241200145079
0.0196025450704529 -0.0128114860365684 -0.0857909524313336 0.177419959456171
0.0261442025996986 0.00968324631884261 -0.142901059893078 0.135136834118708
0.0176646510294958 0.0153664460456208 -0.193519367206088 0.0660388168201286
0.01558014576859 0.0408748602279978 -0.270199437596347 -0.0384625534180976
-0.00926137255735803 0.068000104241606 -0.31623558761528 -0.116796395509917
-0.0707994825100776 0.0589098191465779 -0.353203319695993 -0.0568606551827759
-0.114418074554246 0.0762206045425445 -0.242560847275594 0.00155618709632385
-0.0218950377734731 0.077290932553261 0.0558750030239854 0.0835291645602557
0.0182799210351681 0.0429501534985201 0.102814201951969 -0.161715532643544
0.0363078318125795 0.027430449153502 -0.0781480991612637 -0.258496773515035
0.0582882680897642 0.0180286267780277 -0.252590680990665 -0.118251545414857
0.0626534477778818 -0.0245105377879453 -0.233402098171973 0.0608620442302338
0.0358269554362161 -0.0503958784869215 -0.141240947135541 0.133429809781057
0.0425284916666322 -0.063112832553866 -0.0710657484339308 0.152488254314027
0.0475601131942339 -0.0709013616130368 -0.035713296011835 0.168202301481722
0.0998348130591567 -0.0528523668776622 -0.048719288812718 0.178693417268976
0.12217487594597 0.0301698564989049 -0.10586196303082 0.163700800791759
0.0841471996771739 0.097950035993337 -0.177283697919175 0.115795021801715
-0.0207007144963846 0.152158185906559 -0.262271352932276 0.00682506846839299
-0.133057224498194 0.129595498213733 -0.288065126529948 -0.0831546194016739
-0.20128512586107 0.0650497823646129 -0.29913739794651 -0.0436542261182385
-0.213494852224042 0.0634136097733462 -0.184044710974625 -0.020375208990387
-0.117556139223168 0.138229601262586 0.0901507659700792 0.0850053299412948
-0.00344307822083215 0.134579296304618 0.14545725835887 -0.154561760719281
0.0968932810087823 0.0848241315377929 -0.0370394808013196 -0.273973229677352
0.131296648589041 0.0236194729371993 -0.224830405266787 -0.139603617804549
0.121876584699168 -0.0556749959361025 -0.211147364779666 0.0268933940274418
0.0669018128427409 -0.102734948491306 -0.123944322193958 0.0915623602422052
0.0634551280550284 -0.113052000414072 -0.0533887039869299 0.114253359177578
0.0708437744122208 -0.118945053452272 -0.00468316593039138 0.128353108149012
0.151170438406566 -0.0946624716005223 0.00915824999789043 0.158228418648419
0.196809922819933 0.020571785592283 -0.0350507520378717 0.181148766245469
0.159105177484844 0.135799255287462 -0.129413718824756 0.175494189786914
-0.0117229983475728 0.239735495146632 -0.23654058646537 0.0690835295252545
-0.205678453952777 0.194197606146154 -0.247544100538516 -0.050941264941038
-0.29228181736781 0.0796277400148415 -0.210089377615531 -0.034172741605566
-0.284746082696757 0.0316654797565501 -0.0850884120169172 -0.0295390776590779
-0.216625844292754 0.168876335258676 0.143767240842574 0.0895667595588739
-0.0496854751028085 0.215560489406803 0.199225986222604 -0.130081289439938
0.136061008727363 0.152802379026434 0.0261701586813947 -0.267415033218981
0.192077345438882 0.0387261988837208 -0.164980763504166 -0.156246277976493
0.171645587474793 -0.0748968905871854 -0.162759940838115 -0.0176118582233104
0.0932303967335455 -0.140716985801072 -0.0909150866499161 0.0342426231947125
0.0742848370529163 -0.148068885897151 -0.0269705771775996 0.0601575371269094
0.0772786667733887 -0.149556451596455 0.0297713557498161 0.0725708762099448
0.168901214623883 -0.126188242801481 0.0704740181375892 0.115060813413681
0.234349684559445 -0.0035961763486703 0.0487479461175088 0.172015295874898
0.214806778156178 0.132372518090649 -0.0599093881583143 0.21426357750172
0.0190440667158833 0.28308798934356 -0.188785686093967 0.122499109949895
-0.227839099107674 0.232836281760265 -0.197948508659266 -0.0288266926554141
-0.333360910425245 0.0884154023827077 -0.102256279400538 -0.0334536118291771
-0.308947940320914 -0.0100574591263612 0.0426243502998299 -0.0235281624351991
-0.287756723489433 0.157327959521873 0.207155034476425 0.0948474642291718
-0.1063054950149 0.254047613868608 0.24691480528073 -0.0848277681405153
0.138051626053748 0.206453031531726 0.0955916919914021 -0.227549883289458
0.220178888538144 0.0590714859803166 -0.077584021224624 -0.157655121072719
0.197434770291299 -0.0758431598571025 -0.091624237833386 -0.0643762044076493
0.106873981658011 -0.156674917677643 -0.0454861462857327 -0.0310140264953411
0.0739799207716065 -0.161116836713508 0.00250613689720951 -0.00135264660028382
0.0713291210001078 -0.15599760924415 0.0618869595063155 0.00908371518840412
0.160124128574074 -0.134197379560069 0.119944170393896 0.0602948896454478
0.231693060135459 -0.0221649605704367 0.119979367881226 0.141610903943328
0.226435232419457 0.112868826514919 0.00804314377074276 0.223715483920649
0.0336552404646033 0.279726462130099 -0.133106871654217 0.150995477093207
-0.22064571333979 0.227065707380148 -0.147853795887258 -0.0211744503428926
-0.325708039820581 0.0754531102757029 0.00557393872159066 -0.0388512070388532
-0.274544797093611 -0.0452148618954724 0.175240055666553 -0.00331682285069621
-0.297135533518856 0.106478529822237 0.267463196211209 0.100551361055611
-0.142960266618958 0.232239685297508 0.275352368615937 -0.0319063023513208
0.106196475817131 0.214974979402964 0.150077184292755 -0.163323614753572
0.203332262872165 0.0685894878002434 0.0155610664698006 -0.139583938135605
0.185064998960594 -0.0635405449227352 -0.0117057240219357 -0.105607042415722
0.101131040326855 -0.143939955886959 0.000766158697550265 -0.093839176453339
0.0630948050316082 -0.149431502458992 0.0310553065151154 -0.0619069028805514
0.0576379600835273 -0.140208434432797 0.0888451641935112 -0.0510989892327412
0.133374134043218 -0.120101056273101 0.154861031937435 0.00626824891178924
0.199769596994961 -0.0275751388427214 0.171014860766581 0.106641747661389
0.200967699270221 0.094480227592044 0.0565130793449816 0.215593290960113
0.0248231951031872 0.24336162521191 -0.0859966025247416 0.159266977847155
-0.200079098404042 0.181593883513663 -0.103987290953851 -0.0196431892372099
-0.27887515921003 0.0410249462167432 0.0987858684693611 -0.0412437999322477
-0.187177200947268 -0.0665641088645081 0.283903971459372 0.0194877449983013
-0.235388169582344 0.0423248771308664 0.307313314181551 0.10367724144091
-0.133866792083887 0.162672703907516 0.283748359656089 0.012058536050428
0.063207885608274 0.167760583775997 0.180525183667778 -0.0997067199503859
0.146747675605769 0.0550452922215394 0.0900572541881158 -0.115339265640002
0.135371605623412 -0.0431359702708905 0.0551575299370751 -0.137164424213299
0.0755918154580478 -0.107363723543913 0.038691255383835 -0.143328932457043
0.0436643882340519 -0.114383364250042 0.0525469134706832 -0.111047743300155
0.0395315649005303 -0.106369593479878 0.109103565944265 -0.0979710190205107
0.0972769377605888 -0.0910219000694404 0.179376566433765 -0.0348057607041077
0.149490919030472 -0.0226642872485303 0.203439454290698 0.0825309828187484
0.151611928979668 0.0790889809958686 0.0864358022154285 0.206179188139305
-1.76194679302535E-06 0.190238475345113 -0.0552880068932763 0.157914591042866
-0.169868483539473 0.112240652855522 -0.0714857251941434 -0.0171289670291533
-0.203070284330482 -0.007765250567662 0.167982860671288 -0.0338482315192084
-0.0648158187346863 -0.0720816101219555 0.349127816928916 0.0341581403924077
-0.11946711557292 -0.0184761947179295 0.322350098453382 0.0937104464264482
-0.0804093051379637 0.0681705926822141 0.281530437834078 0.0324225118186955
0.0223762918649006 0.0793871416989144 0.192910692536398 -0.0639800059884942
0.0653428669059638 0.0224950703209185 0.130211680702929 -0.106979648176068
0.0595290114996731 -0.0180294667855044 0.0890266164683453 -0.159780754883805
0.0347497395282294 -0.0519987304887946 0.0588103510642725 -0.173530311765885
0.0189828043576016 -0.0601689621438933 0.0648778904207788 -0.141871944023187
0.0191103391104319 -0.0585223625727813 0.122929981306214 -0.125834336600907
0.0540835643061473 -0.0543338576013259 0.195459053680681 -0.0589611921011247
0.0894808588579806 -0.0173398244033055 0.225688003407089 0.0710108577726473
0.0934557646540055 0.0600642878710766 0.102353561097834 0.203083682932763
-0.0237149599414654 0.123610620520288 -0.0427921260572768 0.158569435374858
-0.12292997075677 0.0360858393181112 -0.0534878129129054 -0.00990872489774067
-0.10394452420998 -0.054845898110346 0.207677811460909 -0.0142425258909516
0.0307767409785144 0.0608771714038144 -0.178671507456963 0.181252556969951
0.0432359848856596 -0.0291807391387456 0.0916909035862024 0.0375730317279421
-0.0101199211009603 -0.0429257424718566 -0.0303036067856237 -0.178361301541829
-0.0330013307254427 0.0072367320878575 -0.224684483256278 -0.13116074891457
0.00149672380886285 0.0240158464037831 -0.265797849089304 0.0777502572141236
0.0131084331991597 0.00708210698085951 -0.136944339231483 0.208138203090831
0.0111550336191307 0.00301362812322791 -0.0166507645538558 0.210784757209225
0.00942602846439404 -0.0127034776787987 0.0442885063113435 0.180740787863779
0.00151938389430118 -0.0140422770592206 0.0731900280532112 0.179139645268747
0.00842463366689944 -0.0221736444597765 0.0428699249574957 0.195485184265733
0.0277296310018409 -0.00756382542093748 -0.0283877743760383 0.196199705217992
0.0242601619195958 0.00369077289141351 -0.114926018686554 0.171371186791844
0.0372162356041257 0.026750011887807 -0.240159034694349 0.139295425295204
0.0309737666716832 0.0618417095533674 -0.32729101420795 0.110111354103266
-0.0261410584562303 0.093695838452556 -0.319195436403441 0.175468659712391
-0.0508967076976676 0.128818573853626 -0.182507066051038 0.157508163840455
0.0274887584053273 0.072152468469342 0.100775103407593 0.033984021306749
0.0387311478700049 0.0222572385056294 -0.0122393371564301 -0.190578434150043
0.0413790998227809 0.000543295895300914 -0.219274578602484 -0.158664593500182
0.0563336165717318 -0.019934538019359 -0.270101171577186 0.0607408850137814
0.0346532039019093 -0.0565963182410991 -0.144341567615385 0.190815067592947
-0.00185551162440357 -0.0608705561022509 -0.0270877822268338 0.192916898867007
-0.00632547667007779 -0.0762406956144475 0.0398188476198385 0.164242716907658
-0.00588857607329917 -0.0862965724335511 0.0792117466558216 0.155187156934292
0.0469619752913478 -0.105269448595963 0.0741615083332708 0.173387119204541
0.117891566728508 -0.0534065359925934 0.0186490037385814 0.195258479515714
0.129628372901004 0.0294004401848645 -0.0702064019784076 0.200263150643697
0.0784438597087647 0.142215770326092 -0.204802866935972 0.168867030899139
-0.0287600410911783 0.192572005069347 -0.285509799087568 0.114321555219886
-0.129024685548313 0.18207182500054 -0.26543680150296 0.146640757239091
-0.139282893294128 0.174353204720405 -0.149284936199989 0.111094847636988
-0.0120441305781262 0.174865894057934 0.127801454283196 0.0188567451547869
0.0754280651842907 0.107397593884828 0.0302515764872965 -0.206563565314781
0.121551801040542 0.010052374743113 -0.191991549224669 -0.197393318341077
0.116716029544331 -0.0589611987040121 -0.260231261195162 0.0243938281192274
0.0618143776377881 -0.117107258028244 -0.146789121160848 0.148036988518382
-0.00978088684303663 -0.120514111631999 -0.0415211612102999 0.148322183844198
-0.0210568642256902 -0.128962601923626 0.0300437511016779 0.122961357797112
-0.0180098833234205 -0.13939953655752 0.0799564197815342 0.105221366535215
0.0606973586732277 -0.171723778938922 0.107975599109312 0.120568618759503
0.172451039118456 -0.108189540387065 0.085089591195172 0.163754839866894
0.214385389495715 0.0123775028534443 0.00475836591851663 0.21728718356805
0.143727687640296 0.209126446238447 -0.145598308919864 0.200542285490667
-0.0448357460615787 0.291341152715588 -0.235181588398387 0.113121238515835
-0.19372970759228 0.252813803886567 -0.186793071084649 0.0940022247718528
-0.215638515576778 0.188742675066293 -0.0780715293943306 0.0479273016390975
-0.0712306982338416 0.256217878457549 0.170479462996535 -0.00648025367609507
0.0864670840235126 0.19892726430089 0.0906725160125402 -0.215886580470695
0.191943566136602 0.0403490617342063 -0.13342089365062 -0.23152226248723
0.173567818195658 -0.0829842280132884 -0.22102904747555 -0.0265605457324302
0.0894682108383895 -0.162053898606078 -0.135437866018394 0.0817811252283772
-0.0135773571020801 -0.16514733414608 -0.0522339480900823 0.0818287387688923
-0.0342794437520164 -0.163447877707258 0.0169421448906884 0.0645612804418347
-0.0310417211515746 -0.16722300709346 0.07194486086333 0.0397677300152764
0.0557055344866614 -0.207239393995945 0.129449140924744 0.0479366926692462
0.18695225507999 -0.152659912746039 0.143855039810613 0.103947553356673
0.257368237605321 -0.0250582017377581 0.0850777012834354 0.205107749539336
0.19837393183298 0.224566447579968 -0.0742092052071216 0.211733136316036
-0.0363625681737459 0.337897883781762 -0.183407601466185 0.0980614001633267
-0.219323456776347 0.284954613229311 -0.100020826382391 0.0244070155586729
-0.258768461176482 0.168736201516459 0.0236109703329665 -0.0235652185620227
-0.134036854703185 0.286754159596295 0.221159277859994 -0.0389219905411782
0.0656051132197504 0.262874570289394 0.156016652736922 -0.205686856129164
0.224784255755524 0.081220331080024 -0.051392680826944 -0.241392894337479
0.207616883018347 -0.0835149301024987 -0.151915027579492 -0.0814942940930682
0.108622094828074 -0.17847736423524 -0.108514140604885 8.38305275341175E-05
-0.0121503755560834 -0.184829563847682 -0.0593947014538397 0.001878706828564
-0.0421186412012312 -0.172768569698694 0.00207814160530363 -0.00263916737867987
-0.0403459988986381 -0.168910577472287 0.0572347003605777 -0.0304498636983774
0.0428212105512213 -0.208440425819042 0.134778319505407 -0.0271879637343352
0.172858037305859 -0.165575273267118 0.180785746107242 0.0353207853387901
0.25492871304735 -0.0499975779269315 0.144588608276614 0.170557019050883
0.20865137261686 0.211552896946377 -0.0124573369147521 0.199519208084608
-0.034512816218581 0.327423287909833 -0.138575079400884 0.0719981500238251
-0.21905348553661 0.270451854752065 -0.0165240316629246 -0.0486768020597268
-0.249763684061955 0.119881918228174 0.13685980874951 -0.0915804228440815
-0.16939927242786 0.252882517952735 0.268944621767269 -0.0714274468384284
0.0241654178206309 0.267510838276963 0.208504411303849 -0.1796545369486
0.20603949871842 0.10578488645598 0.032240443804401 -0.221369661398795
0.200036620694122 -0.0662404696104153 -0.0676199199300065 -0.123445116524147
0.106745090544387 -0.161255349978838 -0.0718376895697757 -0.0808214121832481
-0.0102388170026855 -0.17228324335494 -0.0621949925629169 -0.0766876099035129
-0.0435811213317308 -0.156985803269415 -0.0138692759121804 -0.0672771327002436
-0.0421348948860604 -0.148330483342232 0.0401026267494643 -0.0941474369756867
0.0307627920820101 -0.180407435086338 0.128658771986671 -0.0915709712474869
0.143301273425115 -0.149474204981288 0.199093120124209 -0.0235522611491629
0.221737653906593 -0.0481180178380061 0.178881112892673 0.133586180657884
0.178691950541441 0.187257092130627 0.0298527069736142 0.176273464400561
-0.0469443546313027 0.276755446087892 -0.101832809879648 0.0458944825022404
-0.200943752474311 0.211604554480623 0.0558760169508202 -0.107416970741679
-0.18998028828056 0.0522574980234485 0.234541171048758 -0.145247827547994
-0.15763249861301 0.166685097216956 0.301682029456042 -0.097761900824009
-0.00838983122707512 0.205825980863788 0.238562703356094 -0.151257996165584
0.145687635263911 0.0934693756557703 0.0933531008773881 -0.187785463337281
0.147224956335407 -0.0442684562965045 0.00535920854542061 -0.149370091901317
0.0802224071064875 -0.115286586594428 -0.0403021735226019 -0.145351274343643
-0.00762529461029021 -0.128621469742609 -0.0632315123070333 -0.13968614630519
-0.0367773761143589 -0.116662348354792 -0.0277154282091154 -0.119305457933692
-0.0341815624656673 -0.1100786740684 0.0260634810319966 -0.143783948447934
0.0202811395340619 -0.134762433238792 0.122048638561673 -0.138734865147684
0.1067640350017 -0.113479923309911 0.209794879931194 -0.0630851184660303
0.172609106419514 -0.0301725771926086 0.196032404645746 0.107621524325168
0.123567361045118 0.158169678710963 0.0538469379964628 0.156969970964689
-0.0666974333341614 0.201049513444639 -0.0720962320400992 0.027712430539084
-0.169270323660877 0.123166863283581 0.116122643666105 -0.141641792943906
-0.0926613105513815 -0.022497123191503 0.293260684488147 -0.182141951379966
-0.103094188616462 0.0527276529381023 0.306516233757084 -0.118722920087242
-0.0210524204688163 0.0991367145665007 0.246421625192781 -0.139291419948524
0.0636724469563651 0.0475668812419199 0.121454764475703 -0.167362785156464
0.0634935221849192 -0.0215547476757256 0.0404184078669107 -0.165773470086401
0.0355228803062001 -0.0494069577767203 -0.0291310980803355 -0.182467350448165
-0.00589935485285552 -0.0609852996291826 -0.0660724827349982 -0.173836921357145
-0.0228039890003901 -0.0594020271259348 -0.0371835816454496 -0.151249172948375
-0.0207876142838166 -0.0595457550089958 0.018585194781162 -0.17504311800067
0.00877998705607332 -0.0784558444583843 0.118845756999237 -0.167862974054726
0.0621658485296079 -0.070704715629498 0.219969849585855 -0.0847449515272099
0.113997169535066 -0.00925831370342099 0.20683505423708 0.0962283675883449
0.0614425209047416 0.118357956348225 0.0654874699864577 0.149928566300557
-0.077670526919619 0.108517080937145 -0.0518412180850634 0.0233564752840866
-0.118085358169868 0.0220779000191138 0.159477067877782 -0.146519562262409
0.0345653452337401 0.0603033552331338 -0.171629797533948 0.192551348538244
0.0421326082957118 -0.0316278953902993 0.0986902909318537 0.0325499191270895
-0.0125252774407523 -0.0426482918632905 -0.0381310782752328 -0.179137009576952
-0.0333989582530404 0.0088985369989612 -0.233379060106438 -0.121763493718626
0.00236324192238245 0.0238420842979983 -0.266871954999382 0.0927157013931548
0.0127410384508386 0.00614881829070836 -0.12801488019253 0.216685037198894
0.011104894953228 0.00186478201992521 -0.00486794502450633 0.212295930413259
0.00794366269680541 -0.0139353835874861 0.054194250441805 0.179918169916759
0.00033874195796971 -0.0149825614122297 0.0849429649229621 0.176738600791209
0.00771614528145496 -0.0234314008222754 0.0550682134354919 0.196460390489965
0.0282825749665267 -0.00951607311827232 -0.0195774945291833 0.20180352371383
0.0244114000935396 0.00283786258984165 -0.1113042805496 0.177504831896327
0.0392615041138903 0.0251140992491327 -0.239707254517182 0.152255198053872
0.0329431808389254 0.0604996100744787 -0.325606177584337 0.124558249880985
-0.0253319912202281 0.096508223562938 -0.316022520836033 0.19089856126375
-0.0463849682993155 0.13260026320771 -0.175965188494026 0.168924474630324
0.030635191490947 0.0711904808278447 0.107170119396338 0.0286183484569275
0.0395979474311726 0.0209942227912542 -0.0189492624790432 -0.191519477282592
0.040940922875295 -0.00168300059577855 -0.229872082944189 -0.149914206812428
0.0554196065265132 -0.0237007737523475 -0.271400130453571 0.0749629318399024
0.0311832969538246 -0.0598907399629096 -0.136580774618692 0.199487878064288
-0.00555052610419324 -0.0618318445759803 -0.0176639229420451 0.195712734685687
-0.011503812392114 -0.0776144767856099 0.0499860754346978 0.16302777815132
-0.011098548404946 -0.0868598195193737 0.0904003277794367 0.152421711045079
0.0416690409270109 -0.109832683460075 0.0853326950865444 0.171722599682647
0.116751453352577 -0.0609658874803957 0.0288372969549035 0.198935774508922
0.132164587530291 0.023515500147156 -0.0633492286293101 0.204098355487749
0.0865436668159801 0.14030383886323 -0.202314140995206 0.180575159913432
-0.0206419242050467 0.195767121002229 -0.284006834449213 0.127679290847594
-0.12614817499658 0.189865639317773 -0.261996952769952 0.159936043262018
-0.134803095200348 0.183480755860269 -0.145068128117173 0.11984820909161
-0.0038371315669289 0.177023246504862 0.13333449639685 0.0124009063097002
0.0802123964995128 0.105866495786635 0.0238314511402803 -0.208967724304912
0.122726151178889 0.00443309112649217 -0.203182666085667 -0.191514208534814
0.114925615840403 -0.0663137508518987 -0.261791699193135 0.0369867371966715
0.0558008358250087 -0.122225809552178 -0.14139989389121 0.156027302622845
-0.0165171563859984 -0.120833499233983 -0.034864101855474 0.152049018818215
-0.028861168389973 -0.129465201809761 0.0381094293764848 0.122433877586532
-0.0259650766826348 -0.139022733596105 0.0889185243845802 0.102078143869468
0.0525166879177427 -0.177560121704524 0.117131273623469 0.116096246616405
0.168400749154008 -0.120114578336798 0.094907797971821 0.163870719157221
0.217060381260583 0.0014882559231412 0.0144905530459657 0.218407526737649
0.156705931975957 0.204349591050642 -0.141236367378211 0.209263893024242
-0.0320966436326525 0.297700121729647 -0.232500483151046 0.123797843811496
-0.188721477451875 0.263227471863087 -0.184054927850842 0.104192123711376
-0.212072566413494 0.201412909134503 -0.0755992786832617 0.0516905760740671
-0.059650556643116 0.262422076093407 0.175318635469408 -0.0145272754497221
0.0963612723960529 0.19808925716578 0.0842871756795636 -0.220377111617934
0.195255115772838 0.0315388585732828 -0.144466163268663 -0.227774277360517
0.171333849942171 -0.0934228731782071 -0.224391437426702 -0.0183736421956217
0.0812612947587415 -0.169498312469454 -0.134029200359043 0.0885416983761926
-0.0225772400632681 -0.165615788311765 -0.0500414910703838 0.086005212985404
-0.0437427908337312 -0.163089732478161 0.0213545954142999 0.0640969882175829
-0.0409648023420593 -0.166885445039229 0.0768622042254149 0.0366923373395199
0.0449989681565549 -0.213281903984574 0.134915053529583 0.0411217172540937
0.180157513212563 -0.165107508147981 0.152283468755056 0.1000593201669
0.257784787605882 -0.0388298167813715 0.0954837261407677 0.201961484643679
0.211902746933584 0.218117319814585 -0.0679075422834446 0.2175982692182
-0.0210956963171983 0.344339496510903 -0.181737810581003 0.106232348077112
-0.212749491982729 0.297860546488152 -0.100140630283644 0.030046623284962
-0.256540072244587 0.183033011685377 0.0240843127512091 -0.0252356657021394
-0.120738012748881 0.296562599322933 0.223948102265615 -0.0500217094146786
0.0783023217802048 0.26417230050936 0.151648193896958 -0.213112164473746
0.231429748441975 0.071570860859517 -0.0611877309854792 -0.241594702836063
0.206129714464845 -0.0961120307556547 -0.155997747078499 -0.0774873576589902
0.100238570090563 -0.187039842098244 -0.110997671769035 0.00479134743939409
-0.0230298298731993 -0.185380238666022 -0.0620183497894127 0.00662194021190504
-0.0525583748260726 -0.172821737089794 0.00200882082797288 -0.00319725308270611
-0.0501720250710928 -0.168088127798522 0.0575846826843587 -0.0334324773957208
0.0318236161087389 -0.213784175637998 0.135633069570023 -0.0357402389486199
0.165302696722307 -0.177942767435385 0.186053819101423 0.0281479484420913
0.253905244697657 -0.0628049752917756 0.154999404252783 0.165002839627516
0.222373632474369 0.203101997223606 -0.00556855949502917 0.201727079344501
-0.0188275653847939 0.334298336310141 -0.137636786577923 0.0782003176813693
-0.212002353145712 0.282638897351235 -0.0195190012986379 -0.0468743719099081
-0.249734995281662 0.1333211520298 0.136268521403976 -0.0990471916243659
-0.159693159110403 0.264388997985521 0.269774954149712 -0.0844314659441797
0.0368901271057949 0.269908195191243 0.205855242353409 -0.188645701035266
0.213268849710585 0.0973542191389323 0.0247677666262953 -0.224706795229671
0.198965820859324 -0.0780386172469074 -0.0716312895972012 -0.1242672756807
0.0999860356115978 -0.169370980327293 -0.0781172537712254 -0.0788198648019677
-0.0190373624152234 -0.173112441871452 -0.0693250117411986 -0.0726425089370751
-0.0527369211961947 -0.155580658628689 -0.017500687956887 -0.0677872997871786
-0.0497462374937492 -0.146676881757369 0.0364803968523628 -0.0971592540321764
0.0220557915626076 -0.183804652616776 0.126240745139552 -0.10069675031057
0.136418745436452 -0.158605673210899 0.200944959955735 -0.0324701190285754
0.220044561431129 -0.0585788474362736 0.187991916779838 0.125846060065718
0.190122922892149 0.17982757231068 0.0369653526476314 0.175349088601493
-0.033935354460683 0.282707476423923 -0.102357969401908 0.0503424767165128
-0.195238290706675 0.222789036764603 0.0505269537429114 -0.109728190232791
-0.191521309587342 0.062195593891498 0.233190090125156 -0.157794224559586
-0.151271214710831 0.176053158429005 0.300447302332902 -0.112040224214354
0.00151612984446173 0.208087380100415 0.236699741735879 -0.162061743813084
0.152454069800288 0.0872367878668368 0.0886326664084006 -0.192967783160368
0.146665759130244 -0.0525728730766158 0.000899144216939152 -0.153516947420339
0.0757329022464123 -0.121470483623128 -0.0496905537664874 -0.145724430602304
-0.0144758615580902 -0.1288642132185 -0.0732027240075531 -0.135761583409219
-0.0440494120398901 -0.115461972990378 -0.0350201764012073 -0.119403115318903
-0.0403131906094746 -0.109116745177702 0.0197305210517904 -0.146190039706064
0.0138440939822329 -0.137302645096428 0.115730730301634 -0.147219025508472
0.101697255075151 -0.119592214087268 0.209223514026619 -0.0726490415289474
0.171925904507466 -0.0382945795765859 0.203727917758247 0.0988660338978363
0.133268162270868 0.153367321133707 0.0602452714639047 0.155223561668763
-0.0581353583220541 0.206270738197464 -0.0728244190677727 0.0318139230762715
-0.166799794277723 0.131451689841245 0.109668811420914 -0.146205140766615
-0.0953058364462125 -0.0177317638920815 0.290780134634352 -0.197449772688809
-0.101195785920288 0.0580110326460581 0.305321837003295 -0.133125021492799
-0.0155281114174482 0.100488295821616 0.245085091249799 -0.150856180248574
0.0665445863202995 0.0439626693735864 0.118388294957191 -0.173734271438258
0.0631989133553159 -0.0253040320404538 0.0358443367304132 -0.171681125333798
0.03428809900702 -0.0525929744130461 -0.0400995957550852 -0.183742035797226
-0.00847496056120531 -0.060861063220712 -0.0773922862302198 -0.170725550931395
-0.0265540980352657 -0.0583407810022541 -0.0462462216270158 -0.150708255892237
-0.0237331605416709 -0.0589974013190585 0.0103144609404862 -0.177776089792409
0.00538254497884832 -0.0796194683884933 0.112391481671983 -0.175548649441127
0.059185512968126 -0.0739278518461632 0.2189186131755 -0.0964717756471844
0.11395469309372 -0.0144237643119751 0.213560495298093 0.0867428780426486
0.0677029050377095 0.116520310147825 0.0712699771543038 0.148263423717772
-0.0740866660562172 0.113499873987325 -0.0525042970803538 0.0261982176366107
-0.118140060002926 0.027305913227581 0.153042262765305 -0.153715428514673
0.0385428471276615 0.057474333276021 -0.156777991856237 0.2044945978943
0.0388994394905876 -0.034460096286004 0.103952404131021 0.0245828720213696
-0.0154741137891593 -0.0416879330816556 -0.0474070240100854 -0.175671835349365
-0.032835376250804 0.0115794950325055 -0.23979916737305 -0.105893076397372
0.00356837667808541 0.0239674818446168 -0.260756140318378 0.111662350726756
0.012936198606283 0.00520701809679642 -0.112305137537346 0.224650238431778
0.0115816271555186 0.000402310941126283 0.0103440722651217 0.209946359333276
0.00629582243174514 -0.0150843233886266 0.0681549988523398 0.174668590167055
-0.000993179614098123 -0.0157886044736082 0.0986825821408941 0.168907293017789
0.00547212565986367 -0.0241815433630639 0.0702908095380291 0.192761157203998
0.027889543001898 -0.0123505992799325 -0.00622072652398192 0.203504310543208
0.0252682184637485 0.00153395226177547 -0.102052643192758 0.183224926592306
0.0412314726051276 0.0222035651283533 -0.232513513988891 0.167132249450551
0.0355628533142866 0.0570459134456247 -0.315768657449041 0.143264421403089
-0.0204443369663251 0.0994523370905472 -0.303009850243163 0.208120802251171
-0.0383209248175314 0.135379197831731 -0.162816973962363 0.180524064805762
0.0350162419374686 0.0686744298294261 0.111631172223339 0.0202001886330191
0.039946878832603 0.0190021513425735 -0.0289562355844651 -0.189393673982242
0.0399985877923972 -0.00417701508504062 -0.238423626559298 -0.134785671067396
0.0526520330732285 -0.0277469450453652 -0.266617985271864 0.0932787917995578
0.0264220242600071 -0.0620917079657409 -0.122402019799564 0.20771964592534
-0.00963822017244712 -0.0611378350493955 -0.00401516977364708 0.195005689756849
-0.0176794875902304 -0.0767501984890695 0.0620384306393658 0.157458251553123
-0.0177194733531591 -0.0859423426867162 0.102790897759471 0.144165141557639
0.0331769267628808 -0.1131107622466 0.0988430914472389 0.165254362225129
0.112001759464888 -0.0700171001992374 0.0430529041623745 0.198052227496651
0.133700244228003 0.0146908791017035 -0.0519937227503454 0.2067380314515
0.0962637942451905 0.134030370184368 -0.193115391022801 0.193079258354261
-0.00872748280841592 0.196786950545999 -0.273759669746933 0.143992577857114
-0.116400662312069 0.198125729590807 -0.250629047348403 0.175713465642478
-0.124027928944419 0.192258763427342 -0.135732687884356 0.128769025441418
0.00762514233021093 0.177017348709465 0.136886993716598 0.00281544287422798
0.0868175093610084 0.101242708280135 0.0130668882117176 -0.208857795690525
0.122187474245247 -0.00351673284000242 -0.213901225852569 -0.177307884087597
0.109427220962044 -0.0750524491098885 -0.258888553197202 0.0540023193072036
0.0460399146301569 -0.125977027297932 -0.130962257827412 0.164744931607804
-0.0248246163333713 -0.118403188125325 -0.0240522509415745 0.154061296355086
-0.0391096168888382 -0.126989246732706 0.0470003518849091 0.118295250958269
-0.035935049960195 -0.136329198366187 0.0974833825704342 0.0942762759271804
0.0391154021104513 -0.181402712064948 0.12568271038609 0.10665233011686
0.159479036080408 -0.132780663757377 0.106724319960835 0.158614213292949
0.216253174342479 -0.0126115824767908 0.0279245276501994 0.215270972435209
0.170087883524998 0.19279149494898 -0.129600424475502 0.217761179529306
-0.0128334201509167 0.299666210166858 -0.223159342138032 0.137091610569763
-0.174366468477137 0.274843515824928 -0.17729568652448 0.116454923275103
-0.20081372636199 0.216130463456977 -0.070990862718922 0.0560669064041006
-0.0420839849729874 0.265459638820497 0.175671598662421 -0.027081064362505
0.109257269274262 0.191949605266715 0.0742820181367459 -0.223407482529884
0.196567537091871 0.0189630793918334 -0.158102091842207 -0.218300036449508
0.163654687559247 -0.106441232025908 -0.22442031943845 -0.00432511380143422
0.0686263764050598 -0.175025463304956 -0.128480349040332 0.0963204191673619
-0.0342395313891457 -0.162559541840952 -0.0448119218925361 0.0902000504467694
-0.0561471973099751 -0.158657899914189 0.0262025157997932 0.0611761673950514
-0.0531775614425054 -0.162268759220332 0.0813723666047855 0.0300100000425994
0.028854379612229 -0.215835151639346 0.138167699226202 0.0291315245186782
0.167609954328331 -0.178706332187816 0.159917081547891 0.0901034509907372
0.252969041119657 -0.0565385469189077 0.108807263886348 0.193638093991508
0.22608368217546 0.20330897358219 -0.0551671531149306 0.220927586524987
0.00215974461013007 0.345841640519026 -0.17427717307469 0.116428306021618
-0.195898442514796 0.309924633687367 -0.0977537473695224 0.0376650206108312
-0.246195689695866 0.200678325214022 0.0237758579018777 -0.0277190099834806
-0.100786374174613 0.304408719336563 0.220914546707383 -0.0650432409451897
0.0956378195898593 0.258564814680438 0.141264397559013 -0.219573809139208
0.235409625581205 0.0555748318522186 -0.0747566864372097 -0.236817431216058
0.197843736691705 -0.110746428122084 -0.159796427879093 -0.0688584780958545
0.086184280446711 -0.194830680597732 -0.11151708744992 0.0114052373268577
-0.0358412259600856 -0.182419294257867 -0.0629725792149716 0.0128439762824829
-0.065906024025691 -0.167063037267685 0.00161340548215958 -0.00425688519277396
-0.061344441822673 -0.162144596106195 0.0577570609391199 -0.0379698215166666
0.0164984374853757 -0.215239055592995 0.133651742977294 -0.0469363065640809
0.151554993342497 -0.189300537079339 0.188646080246384 0.0162971575291755
0.246751207443066 -0.0794521781555409 0.16615269146866 0.152586815363722
0.236370537269365 0.187174772676087 0.00478703285991048 0.200686202333607
0.00442603010898265 0.335137434615411 -0.132574020312 0.0849783913617501
-0.196181281026137 0.29417601589304 -0.0232130367182546 -0.0440261853511191
-0.242525034691814 0.150140489943618 0.130775635813688 -0.10789553584397
-0.141331561961628 0.274021520493416 0.264020084996126 -0.101259377835903
0.0550339316402118 0.267213710714557 0.195833269170764 -0.199512921585723
0.219167017264153 0.0824586708884328 0.012663570954865 -0.225597257579222
0.192597385796215 -0.0925938496693047 -0.0778944811356081 -0.121100479561737
0.0870998183979024 -0.176957797549003 -0.0851359162058121 -0.0741550169094226
-0.0320810469183527 -0.169670439680299 -0.0761682053462375 -0.0649082629234241
-0.0642853839141332 -0.149973009715066 -0.0225311950107849 -0.0665341621773647
-0.0595132182616009 -0.141361518011181 0.0311821115317456 -0.0993800511263197
0.00820333585234517 -0.184904020103796 0.118564021835657 -0.110416888889536
0.124892104970921 -0.167471890786991 0.198816619950687 -0.0454547638163767
0.213682570830082 -0.0737710347489975 0.196068183166944 0.111907332690469
0.201311848955783 0.165554901325627 0.0461588808588527 0.172322929617817
-0.0146888368210119 0.284586670490961 -0.0989673298237405 0.0552588806306178
-0.182850158676564 0.232721315958578 0.0424178093525288 -0.110344972036085
-0.188015045046652 0.0755074081906959 0.223703773151671 -0.172525205384883
-0.139557676098922 0.18585249779317 0.292301603912068 -0.130164890038236
0.0159780710878907 0.206961394413083 0.228221882912144 -0.175350107822741
0.157499571748509 0.0755766846999963 0.0790132393411645 -0.197977521591477
0.141985970824424 -0.0631913243354124 -0.00669429817308061 -0.155290239420463
0.0668747611418165 -0.127565588708599 -0.060935691159962 -0.141877710955836
-0.0234428365989841 -0.126362717013523 -0.0842927210931828 -0.126874814599932
-0.0522696137366654 -0.110899583495661 -0.0435615623925366 -0.116150968286431
-0.0473270065088421 -0.104760400241391 0.00987017486197951 -0.146919218026073
0.00417137022310173 -0.13749458820987 0.10557579800868 -0.155831165364236
0.092679801002313 -0.125713317184537 0.203954081587498 -0.086350663369431
0.166990553397571 -0.0490847796017357 0.21016949115282 0.0848709519915669
0.142057120685396 0.143014123227646 0.0689186235558537 0.149978599920434
-0.0442543264018005 0.209187544710336 -0.0722441365700911 0.0357382781017427
-0.158974841420221 0.140872930473477 0.0981153888870423 -0.150559023038022
-0.0965642575347926 -0.0107986204438021 0.278361750987011 -0.215209190759848
-0.0967247314792426 0.0644341723728714 0.29505677720785 -0.150198425555674
-0.00836438434711827 0.100238439857101 0.235612232213039 -0.164738142941882
0.069512671068679 0.038182940121759 0.110058691662181 -0.180234342782193
0.0603804436328605 -0.0300402298524372 0.0269062829674564 -0.176145439068847
0.0308061399499628 -0.0553158693605801 -0.0538750473679358 -0.179538611062398
-0.0126064367436644 -0.0594277139076625 -0.0909026121884554 -0.162462359565258
-0.030816591605111 -0.0556451938886134 -0.0569036530150288 -0.146477633379819
-0.0277074938912879 -0.0564954935673631 -0.00191997061274642 -0.177189570057117
-0.000424787253576574 -0.0801442328748677 0.0991099073133969 -0.182594192367487
0.0542463807834858 -0.0767043776425543 0.2121844388051 -0.109894218825391
0.111298137085838 -0.021597604019988 0.218774542186256 0.0726609920417639
0.0747000348421335 0.110451581893286 0.0795183596508091 0.14230873901426
-0.0671968312990357 0.117895229510794 -0.0516828152202089 0.0301329840526152
-0.116026302257248 0.0345666522777833 0.140615411777231 -0.161472185467628
0.0410135660167111 0.0532485091218604 -0.137769516420866 0.209308932896515
0.034981215934101 -0.0356419313727094 0.10514528737176 0.014690832211836
-0.0179605358819516 -0.0397770031187831 -0.0564921817536143 -0.168826015385702
-0.0311698327035399 0.0136222914345015 -0.23999052973398 -0.0873242794694078
0.00431874273175885 0.0234175435748628 -0.247329467227125 0.127487642803172
0.0120891887792096 0.00404691722166098 -0.0940169333051363 0.225803781551868
0.0108012291332996 -0.00149467020926188 0.0247143886288233 0.201684595774163
0.00410988771398318 -0.0151446903162782 0.0785898919160155 0.164338670754968
-0.00207536146573061 -0.0158290580628793 0.108387443330486 0.155934749597313
0.00403380753207561 -0.0244521077718478 0.0828209893658737 0.183437090266135
0.0262092370902612 -0.0148401771075666 0.0078858866554514 0.200044616188245
0.024623997573024 0.000167440083256911 -0.0917076694330642 0.184290376543974
0.0414239324695007 0.0184505951104603 -0.217762938993669 0.178907286382705
0.0370789846490843 0.0534371215529901 -0.297949849999624 0.157058878098528
-0.0152652250907768 0.0992714124585459 -0.28452288631276 0.221002371278416
-0.0296607001563358 0.134709019926484 -0.146285896046275 0.186366666914758
0.0382923464491293 0.0648287211116327 0.11261761459449 0.0100219310751078
0.0401435211479542 0.0158118937877688 -0.0374917128785093 -0.182505044840571
0.0386157474250177 -0.00661445753609119 -0.239928248647355 -0.115358134454941
0.0491526727235709 -0.0309514498089291 -0.253659548154784 0.109926947490941
0.0206581468266388 -0.0621371693695832 -0.105124592430344 0.210364068729944
-0.013828199859652 -0.0587656974160263 0.010763038059697 0.188961134331065
-0.0238591611727609 -0.0730747919788602 0.0719797638617472 0.148103847979951
-0.0233431632363153 -0.0813146335580319 0.11150571054387 0.131142726464351
0.023667335963434 -0.112781297571097 0.109331879221811 0.153829523897284
0.104678561085629 -0.0772065005329653 0.0561020702413095 0.191156821785717
0.130799294345579 0.00514640515473816 -0.0391570197083374 0.203526570981443
0.102519310279808 0.123821252837843 -0.17846406688959 0.201357802377138
0.00280331359871255 0.192721776484145 -0.257312061798916 0.156224852046348
-0.103255781875573 0.202018853563696 -0.233527444504497 0.186436565212204
-0.110304139120033 0.196253297971551 -0.123085873153104 0.133748971957956
0.0190834044205081 0.172261540693184 0.135616026923387 -0.00782535846223738
0.0911020686970873 0.0932020756853045 0.00286288787597996 -0.204240013046714
0.118188545207073 -0.0109027432651063 -0.219980777272742 -0.15915157978725
0.100962671692441 -0.0808709185356408 -0.249194662506312 0.0701582617787351
0.0353772525100605 -0.126274583479434 -0.117109449415374 0.169312912253241
-0.032536340478438 -0.113019083411352 -0.0123824201938786 0.152194931117391
-0.0476228700398812 -0.120582957972371 0.0542252822481915 0.110894192561314
-0.0445733457503289 -0.129509078256857 0.103525685682729 0.0831554380334384
0.0248575271611723 -0.179820702582435 0.131093200442934 0.094037093421035
0.145423957816933 -0.141634875517432 0.11712354931327 0.148302757216696
0.20874781643285 -0.0270816793649122 0.0398257905578459 0.20702268229898
0.178914224474864 0.177020766589583 -0.114041734540236 0.22085131188993
0.00715346832796983 0.29408933338358 -0.20876336857942 0.145953298755833
-0.155912638843423 0.279358743937556 -0.165547601994688 0.123793671571894
-0.183148070149507 0.224886297389144 -0.0651124146769635 0.0584358060397579
-0.0227528717141317 0.261555227684586 0.170745399966825 -0.0391042439413176
0.118874363028709 0.180936817195642 0.0617969244749646 -0.221961459957034
0.192230871739545 0.00548719128454808 -0.167001385989014 -0.202683165693474
0.151362736823263 -0.115181438034758 -0.218915492155032 0.00986476102374323
0.0534678625438988 -0.176107225369697 -0.119368962903051 0.102678525624137
-0.0449693101242466 -0.154916341725322 -0.0376116553010934 0.0926135903103323
-0.0664131602085876 -0.149887434218797 0.0295594917369639 0.0567500330796505
-0.0629788982674512 -0.152951942666586 0.0831574529732083 0.0215345325863235
0.0116916428987382 -0.212800812879246 0.137393186811942 0.017693228304257
0.149835189128134 -0.18650618578131 0.16356787311762 0.0781054446396999
0.242149084119262 -0.0710979699995586 0.118539067031657 0.180026216103645
0.235092591380435 0.181970341610148 -0.0425729387115943 0.219243722346358
0.0247587175507385 0.337376637411807 -0.162751137475343 0.122476910582958
-0.175608407833086 0.314759360970361 -0.0926065776722874 0.0431761150807204
-0.229025285516387 0.212756716884716 0.0218902490524258 -0.0291728651060313
-0.0774322930565696 0.302799503219739 0.212579282301727 -0.077192824188825
0.110058134892399 0.24658497197964 0.127310652597061 -0.222107311811109
0.233032196781572 0.0387118587400889 -0.0863916814372625 -0.225996033530771
0.184666073596678 -0.122660620054882 -0.158643759881766 -0.0576225559905123
0.0695179798231593 -0.196555232671829 -0.109699074621396 0.0179234558192543
-0.0474043902158581 -0.173245684821116 -0.0608820580109344 0.0190781662185228
-0.0758274985114453 -0.156837932623982 0.00142071312876358 -0.00474243353011071
-0.0704572460159506 -0.151995361527675 0.0545216334680759 -0.0429628705698974
0.000525830708031656 -0.210858568345821 0.126674999185326 -0.0566498666660519
0.133962425565895 -0.19537220526358 0.186487866833426 0.00389002903403083
0.233729323431771 -0.0936907194429894 0.171809944220636 0.136312093708734
0.242702053760815 0.166093037073206 0.0161834647181538 0.194740619091689
0.0264110029640863 0.32718111495074 -0.124624377350333 0.0902976301505791
-0.175416952520173 0.29934200259838 -0.0254014160480448 -0.0403694521136336
-0.227743944616006 0.163027572374584 0.121212233053837 -0.115015700330845
-0.118457670818841 0.276215971621554 0.250567724134871 -0.114672228469925
0.070778858947918 0.256590408885421 0.181995106187597 -0.205825032852035
0.21914917714175 0.0654975523236138 -0.000142495864464059 -0.220926634267281
0.180332979451482 -0.104167912311371 -0.0819199275734461 -0.115372614295038
0.0717555333551549 -0.17933578340106 -0.0890185739367883 -0.0665910146935278
-0.0422733828222172 -0.161624536506651 -0.0787976704027259 -0.0549020481490578
-0.0731749847665606 -0.140556335708315 -0.0271707743005655 -0.0632242394551769
-0.067324695974443 -0.132234017208665 0.0242751258986734 -0.0999516883222589
-0.00486682623838069 -0.180728481042916 0.107750271568887 -0.116903607474672
0.109527593521619 -0.171905053834577 0.192267288101613 -0.0568518662345448
0.201745590270435 -0.0851839492240257 0.199103941753331 0.0949213090802944
0.207002097658398 0.146649384503872 0.0542686953137756 0.164474440901647
0.00398078800469412 0.278460266339866 -0.094708298577757 0.0599648841915362
-0.165912059574242 0.238767225088714 0.0339007987100413 -0.108501362060309
-0.17976407988351 0.0866421073729549 0.207819110442608 -0.182850466244484
-0.122485524648142 0.189819817334696 0.275610209985598 -0.143763501919209
0.0290171174982011 0.200318574232608 0.213407780101586 -0.184143486028282
0.158189325983826 0.0628898716566399 0.066775979375507 -0.198296985221515
0.132723868471249 -0.0722685078628408 -0.0146145813818028 -0.153000956899185
0.0560074192808093 -0.12985892606865 -0.0700585614848123 -0.1347947386528
-0.0315237720059542 -0.120625518730975 -0.0921076213304005 -0.115350058753742
-0.058795464206058 -0.103823790966002 -0.0507140231003418 -0.110121355271792
-0.0528465499210861 -0.0978497420234773 1.94923936972268E-05 -0.144345513480082
-0.00549028696607082 -0.134025289759476 0.0916831410258163 -0.159476724402201
0.0817695661410859 -0.128944197115808 0.194082863698136 -0.097370032349293
0.157872168312397 -0.0585120620017629 0.211166595166939 0.0675345598962578
0.147727661316198 0.128796715447062 0.0745056000454381 0.141435478062743
-0.0295742039068001 0.207685382283088 -0.0690017559953341 0.0393880749865102
-0.146446514949934 0.147541418120885 0.0854869343172686 -0.15135876130169
-0.0947717131907765 -0.00386505304762266 0.258744198207713 -0.227392652649222
-0.0898701621163853 0.0688791891844257 0.277524766259067 -0.162835389243757
-0.00142327553468813 0.0968697779338918 0.220836519693449 -0.175064423405055
0.069681933662084 0.0317866667605791 0.0984948924178067 -0.182745820368137
0.0556571353494056 -0.0335631935452937 0.0165613779084014 -0.175500004256197
0.026071684266971 -0.0566484951990698 -0.0655573104659076 -0.172127735116363
-0.0162361939494715 -0.0567351250272643 -0.100724709014661 -0.149459832734402
-0.0340513556605335 -0.0513282497103565 -0.0654645101039363 -0.138186411867949
-0.0302991699583504 -0.0528074432898866 -0.0136632627850708 -0.172984032644979
-0.00607384959122127 -0.077942611202978 0.0840253984214707 -0.184421007292986
0.0478158564330612 -0.0780640478109356 0.199465001950385 -0.120644634507666
0.106306608249191 -0.0279529753280638 0.21787994855924 0.0557543190203684
0.0800085450839124 0.102429150458484 0.084610556347024 0.133160209247454
-0.0585190662999156 0.119801425426267 -0.0497406528457806 0.0328633176608931
-0.110893151470864 0.0410647644662239 0.124672349261386 -0.164450981318256
0.0414255273876699 0.0491907761759061 -0.121063201035495 0.2065952472459
0.0310764917210333 -0.0355658631071008 0.103580506223999 0.00648247335987693
-0.0191692122271904 -0.0374243187392837 -0.0606601036812593 -0.159747109296425
-0.0291426511250683 0.0148702937747655 -0.233511944089222 -0.0728638379620057
0.00551813353214833 0.0224408717140588 -0.23123180046661 0.135634708974485
0.0120545513958287 0.00264172372231659 -0.0783936991115959 0.221117213199391
0.00992462616411149 -0.00237799268481304 0.0337228931684688 0.190277152954482
0.0027485792838829 -0.0149339669880862 0.0845606028654681 0.15259085615073
-0.00286574648436056 -0.0156516567639668 0.113036585879894 0.142816277813742
0.0023019590162091 -0.0236007344906357 0.0911154157933563 0.172009195736229
0.0247742125040411 -0.0157992886688032 0.0175003246481912 0.193043467108869
0.0242439793406824 -0.000836426640854124 -0.0827146855676979 0.181003379338598
0.0409253906724385 0.0152321374431283 -0.20227892996672 0.183234754755898
0.0369183132395245 0.0499709209536737 -0.278617189971721 0.162079011253672
-0.0108239505722564 0.0973562940143324 -0.263541167471016 0.223363818192225
-0.0230167943386877 0.131640366625118 -0.130523842186133 0.185244551028998
0.0395370455927775 0.0608560227616127 0.110768881387133 0.00175770565388323
0.0390616682733794 0.0137053576444309 -0.0421180957214432 -0.17409802282748
0.0365039875098676 -0.00784292388134881 -0.234729628266056 -0.099855666318586
0.0455224173291651 -0.0322898010336895 -0.237712046039725 0.119066763398836
0.015960356350063 -0.0608110431818371 -0.0903602156208202 0.206882317700186
-0.0164440620976162 -0.0559998235241689 0.0202508037185726 0.179894164465701
-0.0269693917057398 -0.0687333130692336 0.0768586744318369 0.137448294888533
-0.0266887076666016 -0.0772797943598129 0.115120544610817 0.118727202701985
0.0163498413738279 -0.109782283074977 0.114352228578469 0.142368845673888
0.0962106180155684 -0.0803980109399759 0.0640070477633021 0.181535556346067
0.125642854043834 -0.000624099617006494 -0.0315524623006451 0.197130564652815
0.104619947368269 0.114074784348018 -0.163256527028783 0.202511405369142
0.0110132656278785 0.184999527914504 -0.23931582355462 0.159480832561704
-0.092851331794205 0.199703075068252 -0.216485761210424 0.188877909728342
-0.0980863542339099 0.194951541905996 -0.110951674810703 0.133372468056483
0.0271651327892337 0.164382578828751 0.131346370186459 -0.0157330499902074
0.0919210745212227 0.0863392261225912 -0.00287636487363798 -0.196878402349075
0.112567747261113 -0.0164389313864929 -0.217541365490717 -0.142281546728197
0.0916507308033459 -0.0830671748389735 -0.234982047932512 0.0793442731078475
0.0260831380379075 -0.123109303374861 -0.104266021894417 0.168402430681049
-0.03679730595896 -0.106611390367244 -0.00334239387565356 0.146348768254822
-0.0530908627267262 -0.112556366980827 0.0578758695324665 0.102339226631361
-0.0496152255701682 -0.121347558449078 0.104718304123217 0.0724432288433168
0.0132349211008992 -0.17362475388661 0.131977513162944 0.0829109323278967
0.132420574655801 -0.144383279942128 0.120841033560883 0.137423981800955
0.198560808745559 -0.0362417406297157 0.0467953766878472 0.195393896586758
0.180383070654036 0.161609116715617 -0.101443422196235 0.217656221357099
0.0208892176097558 0.282192169715625 -0.193978191234516 0.147648934720077
-0.140339752291229 0.276291788335672 -0.153976349037964 0.126770837806815
-0.166596577689207 0.22625392973255 -0.0595333189367756 0.0581270093174983
-0.00925398002626183 0.252700601413001 0.163508066735058 -0.0460477987850991
0.123114982700647 0.168851205486717 0.0533545277102553 -0.215633376850107
0.184606688429741 -0.00397486210342842 -0.168782061133214 -0.186151142888052
0.138822766628816 -0.118940730475751 -0.208479464447851 0.019566623701231
0.0407330428071284 -0.172227575571942 -0.11034746973046 0.104565553001416
-0.0499372663395756 -0.145190287888353 -0.0307037212153113 0.0919933944983329
-0.0722811553758635 -0.139798348923327 0.0312371304311593 0.0518314212455653
-0.0671250417434131 -0.141887285401841 0.0818402611716045 0.0141646949120508
-0.000184858232838843 -0.204516753301446 0.133313897841866 0.00832305604389555
0.134524616818755 -0.187789224744591 0.163441532744052 0.0672784426172895
0.227589593725336 -0.0802275155501678 0.12126224509925 0.165572796243914
0.234956063684484 0.163171408394017 -0.0327761400536053 0.211891404932662
0.0401856656683307 0.323343535007116 -0.151678314960525 0.123034763230419
-0.156741670444747 0.311012083884718 -0.0874738598489099 0.0460798217863293
-0.211008509602054 0.216922326152742 0.0198655702171761 -0.0299535818175173
-0.059204106912691 0.294846250775554 0.200315513563771 -0.0845278043911424
0.1180301759026 0.232033560836201 0.116217037204999 -0.21867464747504
0.224633449082042 0.0255064425462538 -0.0923372815278587 -0.21340285919334
0.170289026041806 -0.127514817557763 -0.153636833044946 -0.0493447493340793
0.0549099170468507 -0.193416076092052 -0.105049432643428 0.0226835258775222
-0.0536135493685508 -0.16330435811493 -0.0571260433118931 0.0230695206109441
-0.0816493222212565 -0.145411369863953 0.000419658874723427 -0.00524201785434531
-0.0745986692193825 -0.140951223809154 0.0511818776555412 -0.0453304473160165
-0.0109803051307791 -0.202363228295329 0.118405793702195 -0.0617206075183047
0.117615898254038 -0.195403155940523 0.181282026910039 -0.00520841578759648
0.218415012671308 -0.100964997020918 0.171237315638867 0.120859549808435
0.24099369434884 0.146384666025994 0.02297955941946 0.186224936108282
0.0414740564557441 0.313298467849848 -0.117630826728919 0.091243528625962
-0.15767667205017 0.295869701023496 -0.0272374605454654 -0.0362579810878363
-0.212655464665062 0.168578417585178 0.111366902719419 -0.116717282233911
-0.100155001010546 0.270410846686645 0.234988297289375 -0.12111956044763
0.0803893291271619 0.243483208699318 0.168637394943095 -0.205230124856119
0.213134588606806 0.0519419724572292 -0.00831804766178017 -0.212355570210282
0.167136656357203 -0.1099823605044 -0.0826959408891464 -0.108665209476107
0.058584516843955 -0.177176709895861 -0.0901022336848665 -0.0600118869230377
-0.0479772572092858 -0.151876434022426 -0.0791794628396945 -0.0466994917868532
-0.0780147982650628 -0.129894606886674 -0.0300878096598966 -0.0595122193731725
-0.0704050532219993 -0.122483379217509 0.0186649175659754 -0.0987106847316378
-0.0140152527463856 -0.173039669581945 0.0967971555297747 -0.118539777456518
0.0961125356093483 -0.17078545274748 0.184076950457093 -0.0635969743543093
0.188000246990013 -0.0909425546528685 0.19570606761284 0.0800785528566156
0.205831459661293 0.129943339155008 0.0579723957449959 0.1542847293171
0.0171374344575407 0.267843886008464 -0.0896388756328697 0.0611430351848343
-0.14986239783417 0.236709988069825 0.0267277099560435 -0.103821481598047
-0.16840869461839 0.0924299708090768 0.1916955297632 -0.185846677213405
-0.108673856742318 0.187972050805096 0.258232996533549 -0.148727828076857
0.0375097719980857 0.190528988553055 0.199043331552068 -0.18581107838808
0.154276358942872 0.0521234126736944 0.0575459961656177 -0.193146317270973
0.122836656745818 -0.076040870166292 -0.0197807627670601 -0.148911094306635
0.0460817796390766 -0.128474949814178 -0.0750377295580513 -0.12612884575624
-0.0361151335270822 -0.113188738023894 -0.0943502499957191 -0.104156630216314
-0.0619792129385909 -0.0953628620665657 -0.0548312428443014 -0.102696829885772
-0.0548901632135286 -0.0901646821012488 -0.00672117427604593 -0.139607230305123
-0.0122077628491507 -0.128968620546362 0.0796172190589754 -0.15764212125066
0.0714083003595406 -0.127468792151944 0.183473457348214 -0.102384343462762
0.147628726944872 -0.0629429704178729 0.206101045875622 0.0541028066929952
0.148013584528332 0.115968830671184 0.0761307113011545 0.131564181272388
-0.019391485093381 0.201133822399705 -0.0663459277197335 0.040839382926641
-0.134842472658129 0.148223329108523 0.073979681227485 -0.147592392308661
-0.0908531402434587 0.00161884895342009 0.238582733084815 -0.230373373615029
-0.0826012090194246 0.0699087386842158 0.258036622867228 -0.166074173921121
0.00294355197289336 0.0919138932726216 0.205229589916192 -0.177126916526881
0.0678761665178087 0.0265078104321075 0.089641531823209 -0.17989373150972
0.0507697075929489 -0.034535863970417 0.00933606157931924 -0.171643648818661
0.0214893803530906 -0.0565087538948719 -0.072964840833004 -0.161777356186277
-0.0179575679371772 -0.0532223374273743 -0.104884744652734 -0.136488693209002
-0.0356918353061958 -0.0467884045963864 -0.0707931030137137 -0.128329266202352
-0.0317054591106258 -0.0494261673247906 -0.0221874034999445 -0.165331839911665
-0.0101557846514281 -0.0747603052106668 0.0713213702404758 -0.180729329933234
0.0419679851463572 -0.0768382669461025 0.186345027474185 -0.125314194025687
0.100453942401003 -0.0312253929465035 0.212010117339909 0.0429239205495513
0.081051650961708 0.0936041157674754 0.0862229416134028 0.123273674039853
-0.0509285530922378 0.118434345630574 -0.0478050435106651 0.034450136489943
-0.104644135249505 0.0447259436075449 0.111043408186496 -0.161835628699396
0.0154432753442032 0.0627839622582793 -0.183228254354066 0.131314614081955
0.0409541735722621 -0.0178283486806733 0.0901654228004064 0.0420088467018221
-0.00239463245488829 -0.0411667491901192 0.00947267895179325 -0.166117028854156
-0.0307414564339651 0.00219019465299366 -0.180371085203189 -0.154633982965334
-0.00152853049065538 0.0214108341358639 -0.257604338984682 0.0307876776953212
0.00956559823540003 0.00618693165758175 -0.15559130497567 0.164236116148742
0.00948280846446531 0.000959150798003909 -0.0434623949112787 0.179885104613317
0.00776873809544276 -0.012471327864503 0.0164759135172544 0.166556895775439
0.00418936556771994 -0.0148481638791867 0.0462676022717783 0.169092081687986
0.0124395888410692 -0.020560610917153 0.0164685192460369 0.188808477472256
0.030184853974029 -0.00452216363609306 -0.0599605673920999 0.176796495179959
0.0230598411079902 0.0105483592640189 -0.147602755505624 0.126776864105298
0.0318030242764176 0.0325860569208486 -0.25036636106169 0.0832735893607877
0.0120035789369362 0.0625102837939483 -0.309161810056782 0.037645525868819
-0.0475052819727226 0.0892963935830121 -0.327421508786338 0.0918302006241099
-0.0790432044848458 0.109329605221203 -0.173138186160992 0.113538337073778
0.00869098134675955 0.0693142486325619 0.1036772787809 0.0417628562196564
0.0288505380937429 0.0278040071524205 0.0363961969726232 -0.174360945742699
0.0345422260671482 0.00928033070426388 -0.171670629429254 -0.182967366052097
0.054282114412641 -0.0100689741080965 -0.258939993683066 0.00938505309735183
0.037822068832232 -0.047932103450773 -0.162526206155254 0.144763206797054
0.00722278424956862 -0.0555131484506351 -0.051832718570169 0.166083543187735
0.00134658108429133 -0.0713584197607188 0.0158006790132305 0.150205700210808
0.00583998460715696 -0.0786613553012902 0.0585950412909452 0.14679318367558
0.056178383994485 -0.0927093119415468 0.0503075261615866 0.17042317196291
0.117769853007782 -0.0369068678914822 -0.012682124710144 0.185150267045977
0.11436456213709 0.0475579572587227 -0.106276546252939 0.161853698834713
0.0547933199170107 0.145571507953933 -0.225776391210606 0.116516680897457
-0.0580416227489409 0.174048383438167 -0.280281491022069 0.0507021400141812
-0.15844613520013 0.153145191265601 -0.274883253869681 0.0745145095399939
-0.174390592625932 0.134402538476344 -0.127435854716311 0.0806335826067466
-0.0450718606781523 0.154445007440942 0.133862624991812 0.0361373316275275
0.0459112994332121 0.113255308564574 0.0857867480716069 -0.181504703548771
0.103921319736179 0.0324236927675147 -0.137847679929088 -0.219718889959798
0.115402243820631 -0.0358386568599943 -0.242170255573247 -0.0280599328802836
0.0709260929319845 -0.0979934264171326 -0.161179435038853 0.103277800415671
0.00917527973495156 -0.107351277179093 -0.0606512801160397 0.127501938283306
-0.00479262656362027 -0.120173920341838 0.012590884975449 0.112207828134579
0.0022563651005194 -0.126158291193491 0.0683682855223069 0.101060147117585
0.0761639303344065 -0.150978981994212 0.0896272435064886 0.123789006619056
0.173139376773318 -0.0817942104054929 0.0560517872605167 0.168399295858692
0.192456599017454 0.0426910678901616 -0.0353346877206745 0.191624837955878
0.108100361152403 0.214978251306639 -0.178000427298099 0.155944887564685
-0.0829686645903639 0.263600371948773 -0.240711470208612 0.0596990549405265
-0.228990611114904 0.205175605337399 -0.197007698624656 0.0410762816707952
-0.249852414311908 0.132412063029728 -0.0477212309933477 0.041231874219238
-0.11270025943419 0.216306532276813 0.178406336198141 0.0253177924407631
0.0400714932764175 0.19944045878908 0.149217516372404 -0.176610145987277
0.160868616262947 0.0724687686478518 -0.0744641311813968 -0.244954998872033
0.170414183439782 -0.0481402923221776 -0.19529615104055 -0.0736977858554901
0.102551867497402 -0.135316708356692 -0.143063255946551 0.043189941209607
0.0125527451534035 -0.145843015636489 -0.0649564656563901 0.0685574959610224
-0.0116704292773562 -0.151341936670778 0.00720056021101902 0.057711806986313
-0.00601613471621131 -0.15138525385221 0.0706967560637914 0.0403927795316867
0.0752665054002816 -0.183679766349094 0.119399662197703 0.057513478576693
0.190132457049941 -0.12123766332208 0.120808161176935 0.122784342810174
0.234258950171017 0.0127710544400739 0.0439637772907501 0.195625463500236
0.157391834747516 0.235480807384484 -0.114194052255114 0.178309051485993
-0.0792495889041909 0.308053742181956 -0.196745599598302 0.0555955942368876
-0.255667293380064 0.228307758069929 -0.108055261478181 -0.00586099785254983
-0.285753086404682 0.10525701781892 0.0577518038192957 -0.00171482874669328
-0.173942478236175 0.232412463011098 0.227312346747451 0.00928859214361355
0.00987881957020084 0.252882455277101 0.210361529435137 -0.152893699560075
0.183772677295069 0.115116496091853 0.00783015804290158 -0.240398774168949
0.200631021066074 -0.0422774595714118 -0.119104100389922 -0.115496426831001
0.123206285010824 -0.148283475665316 -0.107255278618677 -0.0281597814807466
0.0161411088970546 -0.162452476078913 -0.0626335593627706 -0.00198022846890045
-0.017612435525743 -0.160201497289051 0.00154895849233526 -0.00447747171811681
-0.012960022689156 -0.152737112094077 0.066343645530356 -0.02399113607375
0.0637153434891612 -0.185057735550775 0.132735630774857 -0.0109881803731261
0.177949515836366 -0.133889619311015 0.164979726856883 0.0661441745765701
0.233540245456732 -0.00983143598365917 0.107473659501689 0.174531413054137
0.16917338563189 0.221517005296781 -0.0551766539041805 0.176864717941149
-0.0740609584884605 0.297453562076598 -0.153914048932371 0.0403882322715205
-0.250673581004897 0.213054097428848 -0.0210421897928214 -0.0544738707791267
-0.265491787108331 0.0611195679379614 0.16787419803419 -0.0405820607117965
-0.19957636661596 0.193839132479702 0.270063011964187 -0.00664580406705988
-0.027963949590905 0.246874155407486 0.251201450948514 -0.116982164426603
0.162328871482165 0.132433378270339 0.0849767029794024 -0.204991374603105
0.189392405251742 -0.0277129970335904 -0.0311718260447143 -0.139991542113374
0.120217440480326 -0.132765847907477 -0.0608392473000182 -0.0949270874836197
0.0168658190402282 -0.151096734799716 -0.0544472507977466 -0.0718902781489096
-0.0206696850526426 -0.144664896533814 -0.00438138907346366 -0.063820763262384
-0.0166863589525732 -0.134266266403046 0.0565469643725316 -0.0827924255890374
0.0503236879136331 -0.160403349889355 0.134318327132468 -0.0698779302646061
0.148340483175455 -0.120170053767236 0.188832048758774 0.0150543844258339
0.202537748845067 -0.012781442427159 0.144845499407757 0.147872196616427
0.143254494254301 0.192579763701077 -0.0127495588232626 0.161910830447426
-0.079734753046931 0.247525771841554 -0.116809787660518 0.0229724099137434
-0.221267420084097 0.161100551730693 0.0553865281264949 -0.0921742667280664
-0.192838111153691 0.0109202576631106 0.257511213278714 -0.0725946627632362
-0.172867704948384 0.118384416198891 0.296725083891256 -0.0211266274224333
-0.0442481767071216 0.181775415587494 0.265728367673833 -0.0858504328076168
0.111063454798575 0.108053978696576 0.135736373118351 -0.15807672431157
0.136513869121472 -0.0157234886146487 0.0414882985017641 -0.148392279594623
0.0901161797216415 -0.0947705306390653 -0.0205775659451283 -0.14621870105567
0.0125944584034987 -0.112747868425045 -0.0458133721042607 -0.128525942730369
-0.0196470366771612 -0.107418504015091 -0.00957501843130337 -0.11120961424412
-0.0154842501977964 -0.100888028798322 0.0488754607143888 -0.127884394431542
0.0352678176392816 -0.11989941452878 0.133854593602452 -0.110328634292087
0.110213557476016 -0.0903117760047763 0.203276570207158 -0.019535821569651
0.155791795597744 -0.00273685323771547 0.163255439243958 0.129272807732549
0.0950141110183396 0.157852460316197 0.0132067962853733 0.147955643637052
-0.0890089107990752 0.175189668999798 -0.0854830438504617 0.0120440280327401
-0.174907848129523 0.0853252106884498 0.11787349876425 -0.10956825479945
-0.0824573991336018 -0.0376879653447561 0.306175063655038 -0.100421313677504
-0.101446379004662 0.0263089186488593 0.297473401604052 -0.0382164539252347
-0.0342931796829139 0.0806362293033541 0.260673679990628 -0.0743542513195545
0.0466677145907552 0.0497050806895525 0.156691200434425 -0.129645420343588
0.0568918585748508 -0.00839285385406543 0.0776406896265785 -0.153426664652115
0.0412835895347061 -0.0410038694155507 -0.00271173202533917 -0.173973455909229
0.00553444996337476 -0.0537384515828826 -0.0421184841568956 -0.161027328851035
-0.0143032660137941 -0.054497719638764 -0.0130826221183847 -0.140227018689218
-0.0102079315629936 -0.0562271540275516 0.0440009677526541 -0.155160615004868
0.0172793912120839 -0.0712107280345982 0.13445500675035 -0.13318910635951
0.0654341385939105 -0.055382042232837 0.214006475191841 -0.0378383085515754
0.101881776719909 0.0077372078367316 0.171654952090804 0.121884701421454
0.0422661727729385 0.113778716290932 0.0242230079246502 0.143854411546439
-0.0879595935885226 0.0899081048841023 -0.0638290405443822 0.0115977754350706
-0.109376950498908 0.00134901546293149 0.160635834846176 -0.105328569463213
0.0162977655035813 0.0616083192701961 -0.175588738695926 0.133099382342156
0.0393909145313856 -0.0183586157195234 0.0904936798788391 0.0368677915371065
-0.00342663933208804 -0.0406045860861997 0.00658006493431176 -0.164844878503005
-0.0297344171775867 0.00317048152208427 -0.179737170486039 -0.148281390934975
-0.000602179128192712 0.0213290155674823 -0.253048915507686 0.0384398937501505
0.0094739354483065 0.00568772939269583 -0.147898197027717 0.166115242753664
0.00904121222318 -0.00039561411232434 -0.0372370050925203 0.17641747834985
0.00718151664244016 -0.0129781544210344 0.0220913261450948 0.162371201853319
0.00361330733905275 -0.0152428472011151 0.0521743442249674 0.163743297290065
0.0114934610586644 -0.0206396919187273 0.0233903929983719 0.185341445107862
0.0303183260211329 -0.00569711958079015 -0.0548276506138847 0.17670252945519
0.0232897226466574 0.0102563892301407 -0.145962648164588 0.128219500864772
0.0321603651224536 0.0311889490265745 -0.246262971648882 0.0876328224588543
0.012419861171577 0.0613478897886607 -0.30324480940746 0.0417465339155715
-0.0458124238207327 0.0901293715404878 -0.32141345806318 0.0968235155241821
-0.0760932339398609 0.110422163184935 -0.166870583713889 0.115005382073262
0.00975335444234332 0.0682208666266829 0.104304101029873 0.0361777606768783
0.0287981570051805 0.0268272755427279 0.0335110674473391 -0.173493509306649
0.0339769769139854 0.00764548266298906 -0.171813157502842 -0.176529941525324
0.0531562725161103 -0.0119325796139968 -0.25468502186118 0.0175833229658106
0.0351982883269731 -0.0485118088034668 -0.155101331522445 0.147562532096409
0.00537454864782985 -0.0553330652037368 -0.0455479892248076 0.163791535380485
-0.00107642294082422 -0.0701530437902494 0.0208054577625234 0.146818834696567
0.00366689321513193 -0.0775038008641376 0.0634999308361937 0.141361306217266
0.0520191238260741 -0.0930559921570915 0.0562313378675915 0.165684284532165
0.115067580044901 -0.0407391467942084 -0.00650413707580825 0.183587311186729
0.113497623652641 0.0443116999239925 -0.103177700323755 0.160996267277472
0.0582827033245828 0.141827384289907 -0.220743824280138 0.119822127187738
-0.0538488187792046 0.173018891953643 -0.274199572727063 0.053665165746032
-0.154397291930326 0.155494784079071 -0.269639114947152 0.0784598951479758
-0.16967953360109 0.137602260383985 -0.123565568433412 0.081560726757603
-0.0402395522795636 0.153214754362784 0.133923786638378 0.0308107005771821
0.0483816679947431 0.110858442073395 0.0836520633929811 -0.180658292517291
0.102811587545199 0.0294505475897618 -0.140269947309422 -0.212897663568802
0.112484043179845 -0.0391209503900118 -0.238342790080667 -0.0207050929562262
0.0660985614787062 -0.0991589680877051 -0.155310757128701 0.106539787276465
0.00566784018296328 -0.105822223624276 -0.0553456792014228 0.126904526627191
-0.00922456598723755 -0.117915464483491 0.0158733747471223 0.108954165926988
-0.00128290517590521 -0.123504101331424 0.0711986872428558 0.0958468029679404
0.0696874261771042 -0.151339653051903 0.0932195672176344 0.119027727423098
0.168159199565679 -0.0870082160692485 0.061441312178023 0.164723372016137
0.190579481834017 0.0370512672589802 -0.0319373832198034 0.188427542302123
0.112175478698767 0.209253669744403 -0.172907561450594 0.157665756971267
-0.0756694465423217 0.262816810059363 -0.235728458461098 0.0618015752484435
-0.223775803785373 0.20822942394318 -0.19402843780722 0.0448197055626097
-0.244392440535851 0.138308012799588 -0.0459522584187674 0.0406716362743533
-0.104723640842987 0.215689172570227 0.176596114550496 0.0198416285462272
0.044560953832294 0.196042499501262 0.147025310612766 -0.177126753593808
0.159604705695096 0.0674450770425448 -0.0777471859661581 -0.238719914091399
0.16615667794897 -0.0528983773939486 -0.19353454542401 -0.0674676733271645
0.0959689868835278 -0.136923737751314 -0.140115670626351 0.0464416767799595
0.00820486376441313 -0.143649302476808 -0.060730126849151 0.0696421406481601
-0.0167932819814401 -0.148007325003616 0.00895932787482942 0.0559361766697625
-0.00943624101934279 -0.147407907590893 0.0714547544275382 0.036003920769555
0.0679323445208312 -0.183571574540932 0.120270602828744 0.0522446153837016
0.183498924012814 -0.126330573789433 0.124629502466597 0.118434333347641
0.230742581264481 0.00631579721498353 0.0476048497387751 0.189300778523037
0.161623539828222 0.22740499160189 -0.110498699802521 0.177782798077579
-0.0707278388216815 0.305752375876325 -0.19316431934216 0.0573261555219951
-0.249776500858103 0.231943413774851 -0.10713719328555 -0.00327025705032416
-0.279577204486437 0.111722234071088 0.0560701219500097 -0.00378853171970054
-0.164658223693165 0.232387347736218 0.22351443309501 0.00452027248493129
0.0163190209074802 0.249280277509143 0.207242877609021 -0.155041132860929
0.183740254211208 0.107887674194815 0.00330309097246526 -0.236241920465338
0.196260788464821 -0.0481489077511241 -0.119121586762177 -0.111389376508776
0.11623498600109 -0.150304843317078 -0.106459996938458 -0.0249117986538755
0.0119869266952755 -0.159934554727191 -0.0614516186870213 0.000927939314541819
-0.0225776816483195 -0.155810094419527 0.00132630978358128 -0.00501983613760103
-0.0163645278892983 -0.149311847656831 0.0645117885455796 -0.0269528251639752
0.0573775433782187 -0.18448744924993 0.130603680199699 -0.0157051525288558
0.170741848839975 -0.137996182239778 0.165861604196689 0.0606923207838511
0.228910023274481 -0.0158208195658154 0.109623412976584 0.167958416034196
0.172868687587407 0.213226533106304 -0.0523732610108019 0.174624346529309
-0.0656401202276335 0.29618212264109 -0.152665696751313 0.0417130099296245
-0.243937169479816 0.215982430436721 -0.0231232335861674 -0.0525284584157884
-0.26106572902864 0.0683748376517642 0.164509846465523 -0.0447588621429126
-0.191122617365522 0.195237117521962 0.265016020514511 -0.0115914667090069
-0.0205159396206965 0.244246489784113 0.247806288816228 -0.120200176760364
0.162836299587657 0.125758480676697 0.0802647876848329 -0.202783055070803
0.185469171382132 -0.0328175349164681 -0.0315042692771944 -0.137846505703375
0.113270162374877 -0.135417952803154 -0.0630433254060416 -0.0924223571889083
0.0123704597089208 -0.148183951648325 -0.055522312684347 -0.0682517846683243
-0.0251404443105856 -0.140483800416221 -0.00651544617166515 -0.0627805844597747
-0.0193815091539234 -0.130780479262209 0.0539707764993896 -0.0843589043261238
0.0443878781830454 -0.159187842558819 0.13047299615193 -0.0727718779487461
0.142038748250455 -0.122664963896148 0.188709224130858 0.00991707004874815
0.197542706307243 -0.0174017701241541 0.146803814378956 0.140468611977437
0.146437850969661 0.184900172658215 -0.0104082923404519 0.159310138124409
-0.0727751589765939 0.246600749605381 -0.115877037547855 0.0245003133905191
-0.215973694097321 0.164408297813367 0.0515213404486575 -0.0911783305320335
-0.190140540706135 0.0165159217405956 0.252117293330107 -0.0780887997175853
-0.166473633315055 0.120259088549815 0.290365360267784 -0.0256526418302855
-0.0393814226859788 0.179720156944975 0.262430358396874 -0.0899388382857904
0.111832948974512 0.10235922956782 0.132342745315009 -0.158020733947792
0.133609021624525 -0.0192805994729914 0.0396945664671765 -0.148657452836453
0.0851328939174004 -0.0965246531739556 -0.0252475611557096 -0.143602975709651
0.00972735996542556 -0.111135941132039 -0.0493128115213856 -0.124220341389436
-0.0232064075133838 -0.104444868690728 -0.01313013409448 -0.108822816413846
-0.0173400923237277 -0.0986480107699875 0.0440470912298256 -0.12819291886837
0.0311919034112364 -0.119115670109562 0.128273728772036 -0.112361633525413
0.105852857829731 -0.0917712823226742 0.200831860318434 -0.0241536094796437
0.15139346154465 -0.00671280465472555 0.164790821362543 0.121725498481214
0.0974665576744319 0.152247165564279 0.0146374268584135 0.144725177431227
-0.0838691890552839 0.174936796253797 -0.0862119929539091 0.014305822431157
-0.171668441266821 0.0883271600775717 0.112708698020343 -0.109642972011249
-0.0820836296350489 -0.0340642158153528 0.299658557707303 -0.105203930123077
-0.0992397460872395 0.0282580535050753 0.290824132647132 -0.0415841039098678
-0.0317403182479908 0.0793187117773304 0.255869420778759 -0.0784002885890861
0.0462070213195094 0.0467950108237843 0.153580577669675 -0.130950189946044
0.0548670787678136 -0.00969984758326486 0.0743532952087368 -0.154586051175094
0.0387211235396929 -0.0419621639098811 -0.00838064277910519 -0.171795470625438
0.00394486251419286 -0.0531175457528275 -0.0466944633634322 -0.156041777702462
-0.0162668137989209 -0.0523918469193439 -0.0178399474149926 -0.136740710983761
-0.0119748395167652 -0.0551266732034261 0.0387006017018854 -0.154342010801873
0.0145944804402891 -0.0707721060692133 0.128447693494973 -0.134287503161714
0.0628030911408587 -0.056099134887155 0.210434380390413 -0.0427940439383935
0.0999539625005875 0.00522194956253323 0.172257780317721 0.115365670060309
0.0442700132015353 0.110218904927672 0.0255852689593839 0.140538256824627
-0.0847282370665376 0.0913613486107138 -0.0640689897527923 0.0131598924635536
-0.108129170988533 0.00409149901042387 0.154639021954225 -0.106505538671311
0.0182370548242835 0.0610644677251424 -0.169105690907892 0.138864326397639
0.0379130294719001 -0.0193665888638924 0.0922555465828607 0.0310283023744211
-0.00507587891517264 -0.0405093249934291 0.000955790720784985 -0.16504944483133
-0.0294951481166918 0.00468351355289399 -0.183804558389798 -0.140746515745702
0.000485150766810096 0.0213883032978708 -0.249976907889438 0.0496348120127789
0.00938426414424291 0.00497401172997012 -0.139404350035984 0.171237481284755
0.00910411277028306 -0.00114289664074551 -0.0295496597529801 0.175122927485474
0.00597793344695374 -0.0134082611812592 0.0295425778688871 0.160140423624699
0.00256593695409448 -0.0155671548590952 0.0602562744497815 0.159860226030645
0.0107802839166505 -0.0213496430499342 0.0329424168921195 0.183258881827965
0.029426984898661 -0.00764645320513416 -0.0478840116797114 0.179455135007665
0.0236866747715643 0.00958506324744613 -0.143559411333787 0.132904998307818
0.0329214155237557 0.029317075609301 -0.242258496778286 0.0975227452594245
0.013573660711858 0.0608388430751966 -0.300399184335253 0.0500180026282156
-0.0423515189640165 0.0927698170641833 -0.31753764312547 0.107642000869724
-0.0719245692171747 0.113666718809517 -0.161888209083489 0.120032377242588
0.0131839871440332 0.0675365997380136 0.105626998340945 0.030284537786713
0.0298535941902964 0.0256548842501213 0.0292938679760546 -0.174333269032067
0.0339151787737123 0.00667141385995764 -0.176683925479416 -0.168192946882294
0.0523124518069667 -0.0142084085522393 -0.251774921214104 0.0284919876630524
0.0323909412390959 -0.0501306320852466 -0.147293378140764 0.15320688926225
0.00265626708038377 -0.055535697520485 -0.0376191463531616 0.163275718286611
-0.00452681660631082 -0.0698356164293148 0.0273861627805361 0.143711831377656
0.000837441116986312 -0.0773195278953834 0.0702766217587031 0.136594979698323
0.0471311893040655 -0.0958227908576897 0.0645745237997436 0.162562659087268
0.112770354118066 -0.0463328537182702 0.00126503165331303 0.183532207651676
0.114803819301736 0.0401493212225343 -0.0998489597842536 0.164073462659014
0.0630629550717746 0.138886097254673 -0.21671867330738 0.128140583803012
-0.0483690647948686 0.175365751645705 -0.271059277708136 0.0614074963751426
-0.149792642319172 0.161653413365215 -0.266903448606778 0.0877170060781468
-0.164649909559611 0.145053198145195 -0.119656098611424 0.0853860321209793
-0.0339314279035427 0.154019880272948 0.135057355896795 0.0243576551331488
0.0529914967124107 0.108689813576944 0.07924902711002 -0.183337035398953
0.102995559497901 0.0249108529294566 -0.14562466476118 -0.205818445387084
0.110188600399821 -0.0442968612735128 -0.236876363808366 -0.0102326005706177
0.0606580137920432 -0.102156122620581 -0.150007026973373 0.113093498912439
0.000958893676574774 -0.106144192835968 -0.0487283595740548 0.127558983333041
-0.0145216662527313 -0.116380754735603 0.0204654531937236 0.107077782114222
-0.00607932305904061 -0.122431277826044 0.0756144484845315 0.0902695994010125
0.0624709155375755 -0.154653058759013 0.0992055629241017 0.113485513134939
0.163461165346949 -0.0950430913096785 0.069173131420924 0.16244201315149
0.190848323830866 0.0293878329592291 -0.0264695467474359 0.188170538178629
0.120384915764531 0.203970800635033 -0.168057052338734 0.163369448286974
-0.0659633723369613 0.265367048802204 -0.232595864339503 0.0680669191499194
-0.217827405465542 0.216962080631306 -0.192051381925815 0.0508180697995342
-0.239125812650616 0.148521056171509 -0.0446570167014062 0.0411632142586716
-0.0952109805404118 0.218727886689377 0.176635035662337 0.0128588516262017
0.0530040566299242 0.194324297938597 0.143090202382599 -0.181910557188045
0.161709237873198 0.0600178590670941 -0.085585882890041 -0.233192874794674
0.16315324367152 -0.0600675743252748 -0.19321499546213 -0.0600217955645078
0.0883871561799445 -0.140925854857487 -0.136729564444731 0.0525404395681344
0.00222078294481773 -0.143744474051908 -0.0571345449588149 0.0726162667163079
-0.0234799411143392 -0.145631041752926 0.0107661565350572 0.0544911511350978
-0.0147154251936101 -0.146031650434069 0.0731025134027898 0.0306595027637709
0.0589534715221731 -0.185776094684613 0.122455496176838 0.0458786212691462
0.17692088894245 -0.134691768387033 0.130637761996498 0.113057454988032
0.230010838705567 -0.00299920085451257 0.0534334888359502 0.185681064536161
0.170283011046381 0.220024059455628 -0.105127056706543 0.18035724161573
-0.0591226431276755 0.308709657335278 -0.191628477102743 0.0618597568058266
-0.242642089361355 0.241547841145673 -0.10701982535533 0.00133929341300992
-0.275259815490137 0.124032952383696 0.0556367388733846 -0.00662027259023985
-0.154540286291616 0.237947388033214 0.22265010435108 -0.00300740436691555
0.0263174059541521 0.248122598429433 0.203887707086327 -0.16084111689446
0.18730851319261 0.0999251571116442 -0.00359945332695516 -0.234630293031192
0.192990344460418 -0.0570803554091079 -0.12028664187103 -0.107180182549982
0.107840067616518 -0.155270795496209 -0.107247250831441 -0.0206589090320401
0.00493039097579307 -0.159607445479438 -0.0601281412729574 0.00407369966359243
-0.0297069707236883 -0.152837425230996 0.000690293382952538 -0.00500269548924622
-0.0221138399838656 -0.147014858063746 0.0628157524443975 -0.0314905235265187
0.0480483234604602 -0.186594252286325 0.130197756633159 -0.0220454482064502
0.163821517268451 -0.145766572562892 0.170540191261483 0.052963182245485
0.226680444304515 -0.0248011355159252 0.115434572416026 0.16076935281518
0.181408251770193 0.204619612006426 -0.0477798307975663 0.175294896047049
-0.0541776299572603 0.298117838681949 -0.152161317916301 0.0464620841125716
-0.238238698246337 0.224938463034645 -0.0251576773577306 -0.0510780380598217
-0.257873932978549 0.0792667366090034 0.161905875633787 -0.0506327612187038
-0.182150238940696 0.201692850290918 0.262732663213418 -0.0198007956674667
-0.0115869194184566 0.244225236825778 0.244712242788659 -0.128055826490039
0.166802542274198 0.1182046900563 0.0743803918553988 -0.203816562139867
0.183085518662603 -0.0406532483021585 -0.0347580027202284 -0.137607566396163
0.105480896775949 -0.139619127213816 -0.0668909604721367 -0.089928745391501
0.00624285048877552 -0.148547421957393 -0.0580322168338421 -0.0643298246205792
-0.0316467772039335 -0.137248216580649 -0.00957388221942457 -0.0620794528547711
-0.0244332736350852 -0.128963504418224 0.0493760399042324 -0.0874461974671656
0.0371775822021563 -0.16060740899258 0.127034270024326 -0.0782690170630581
0.135931193323024 -0.128861131335883 0.190055433069834 0.00162522110877524
0.195230045110224 -0.025144389451462 0.150719928462876 0.132800084142397
0.153090533208413 0.177208898664215 -0.0067911226910173 0.157930648792567
-0.0626097144653414 0.249875981349685 -0.117038838057427 0.028333202778605
-0.211343175430316 0.172313263629038 0.0481964721353008 -0.0920038091072378
-0.188517240555943 0.0250247600908514 0.248459876467417 -0.086128993508217
-0.161157638321553 0.125879369333579 0.287359371355062 -0.0340623111040318
-0.0323499571719472 0.180564669592312 0.259243825399196 -0.0981608075728285
0.115026651514649 0.097185972605748 0.127525422910142 -0.162340123284541
0.131969123169096 -0.0250594553211823 0.036377510605821 -0.151235842152031
0.0795111883863592 -0.0997675218084331 -0.0314247272328792 -0.142661709578992
0.00441411634930865 -0.110830731601341 -0.0545216494163892 -0.119952576227406
-0.0284099006653358 -0.101218071218764 -0.0178367931060396 -0.106972267544838
-0.0209989597380462 -0.0962384608570642 0.0374185140620119 -0.12989892578346
0.0249600718532869 -0.120425457409578 0.123485276693302 -0.117202167125519
0.101076925440839 -0.0957024534654433 0.201161144379146 -0.0327222468132297
0.150199273149061 -0.0122961913369506 0.168564221883192 0.114069526977673
0.10347854066296 0.14652262757019 0.0172208297732095 0.142889742238938
-0.0759325818889369 0.178425411933782 -0.0868733897124987 0.0177275031575895
-0.168461856213259 0.0947971484817484 0.107736106175741 -0.112286076828715
-0.0830082078038254 -0.0300179544170892 0.29565097882456 -0.114630283091712
-0.0976871716799458 0.0321639835778092 0.287892166620956 -0.0485589542452266
-0.029145765442279 0.0797156346909919 0.252709756622003 -0.0859898072242604
0.0470599381701151 0.0446737434700297 0.149748960460899 -0.135626558222392
0.0540937513923714 -0.0114955576512079 0.0697379983914521 -0.158995725517919
0.0364127376645641 -0.0435843840676024 -0.0159077452386857 -0.170742743489183
0.0013186513426004 -0.0530302371989008 -0.0533732434496335 -0.152225558185213
-0.0185909645643158 -0.0504974774996581 -0.0236710872640385 -0.134620701084739
-0.01410975828996 -0.05394390496597 0.0309797492063343 -0.15511617858237
0.010883023132784 -0.0707323680531416 0.122777693603348 -0.138402846591244
0.0594116043500875 -0.0579044186572364 0.209262181048297 -0.0517521076758547
0.0996647227480278 0.00116926412928302 0.175695303593478 0.107813539248488
0.0480259757791456 0.107144771041113 0.0292605972674516 0.138731655569456
-0.0811567312139154 0.0957818336945896 -0.0649660887687791 0.0163896530552921
-0.107356234020827 0.00833471394964237 0.148984875966941 -0.111017416465939
0.0212288310703335 0.0592826600418754 -0.158088444624137 0.146369601456944
0.0360719168790114 -0.0209843045871327 0.0923486365394683 0.0237003151359544
-0.00739954717607988 -0.0394317033453663 -0.00801590171038244 -0.162688138500769
-0.0288950720764876 0.00615431985997784 -0.187907946575706 -0.128560083055394
0.00245870029258347 0.0208065707577139 -0.242262766535764 0.0646179448213104
0.00952602090521634 0.00415533762597294 -0.125928002649324 0.176946649128071
0.00800754930534369 -0.00240866264499007 -0.0185055804714899 0.173045937067548
0.00487294463801648 -0.0136949825683355 0.0391547213456965 0.154676593833997
0.00191935325676702 -0.0157845180346027 0.0701348262678312 0.151808966987862
0.00930596029017537 -0.0220522183618049 0.0455861736750184 0.17859351665727
0.0288876658565099 -0.00963669238782104 -0.0364338293349256 0.180653126690586
0.0240653053869174 0.00883400470486583 -0.136176710091686 0.140456988544793
0.0335166029327519 0.0265330614947009 -0.234127908591619 0.110938659541419
0.0159832083238598 0.059496162913251 -0.29295900085065 0.0638519247782279
-0.036979593871688 0.0944559334981313 -0.308005906023984 0.124397571631605
-0.064519431672696 0.117285796281567 -0.152489619983571 0.128081568513515
0.0167117289886783 0.065534141913831 0.105312365699955 0.0222366123174368
0.0311789148804744 0.0231887336761432 0.0200831550445953 -0.174799487114783
0.0336774043586503 0.00441983529405097 -0.182913540888575 -0.156027497936306
0.0510785645168156 -0.0178264455882992 -0.244771870346444 0.0440368711518826
0.0279990398033872 -0.0514451041248205 -0.134669037485869 0.159897710855429
-0.00149342954308645 -0.055352482302633 -0.0263804883990203 0.161975572688743
-0.00923052237964638 -0.0684303863270478 0.0360476153637936 0.139093361560745
-0.00438159335284035 -0.0761383162212376 0.0786695921196299 0.12828681975306
0.0404159224179621 -0.0977946285433601 0.0760654029551386 0.154949566180118
0.108011351400436 -0.054149043505848 0.0135133225772213 0.182308072953235
0.115621713734155 0.0326983610638431 -0.090541162895299 0.167420998520375
0.070682543777354 0.132702875156128 -0.207261158969611 0.139249950141558
-0.0378987667487594 0.176387892654212 -0.264006272191105 0.0735027224513303
-0.140146354270637 0.17043528656359 -0.258483368895419 0.101676511560708
-0.154254535452325 0.154589906667473 -0.113732550450833 0.0910935039826485
-0.0234522023356136 0.153376674601262 0.134308358697457 0.015336851931196
0.0588766074191472 0.103972030897376 0.0698386565283001 -0.186912979707981
0.102382877184159 0.0179582982213894 -0.154693891859345 -0.194214407764875
0.105305737317417 -0.0511898269796605 -0.232451371090985 0.00426324250044214
0.0521902809303376 -0.104714581427538 -0.139385909835565 0.120542403253244
-0.00633295689482081 -0.104366065341244 -0.039287232445447 0.128347398016737
-0.0220478216201035 -0.113305665961239 0.0273055205209762 0.103814440262911
-0.0131858262868461 -0.120455066309366 0.0808465653847359 0.0819945238947071
0.0507948778111682 -0.15718198557614 0.106723278427032 0.104628645431967
0.154515542166221 -0.105933217713951 0.0796380504389407 0.156193589488076
0.19033002824833 0.0173204530487341 -0.0175186523513124 0.186436390656431
0.131821577385878 0.193435872125706 -0.158080833321725 0.171325624184909
-0.0496781552965062 0.266915549212085 -0.226624633834603 0.0781924726378776
-0.204093856259575 0.228545668016578 -0.187533009942556 0.0613109551800693
-0.227509264543203 0.161770896148305 -0.0426700222030998 0.0434543640403536
-0.0806033223587949 0.221303856087784 0.174874739156753 0.00279911845486829
0.0647270659430644 0.188303262477848 0.13354050633973 -0.188120495280918
0.162532761721172 0.0492665856611478 -0.096408805539187 -0.224927898453883
0.156876224354657 -0.0705937001318719 -0.192221095888131 -0.0479995075512662
0.0769304883899326 -0.144700967471109 -0.131049380893937 0.0598811997031316
-0.00690640320475898 -0.141661836196159 -0.0509906807603567 0.0744992740820949
-0.0333368652886273 -0.140973520063628 0.0146972767474776 0.0528058273075511
-0.0236187737063386 -0.14260716401784 0.0740037167564677 0.0233007724807553
0.0453772475589353 -0.187819971795037 0.124850781346749 0.0362176030370373
0.165346034472548 -0.145208710035646 0.138010435698698 0.102691213861542
0.226100448987178 -0.0169693550207355 0.0620562015875783 0.178298483487533
0.18210645546019 0.205667408760032 -0.0955584885388723 0.184282610395196
-0.039427542047093 0.30903758919913 -0.186854296770103 0.0707940754338024
-0.227803115120564 0.254329513824186 -0.106009596914494 0.00803316698653411
-0.264569096123758 0.140209854519042 0.0536617075394486 -0.00940795807333666
-0.137293220316919 0.24293421810505 0.218327333216815 -0.015231777976361
0.0412800127906774 0.243980975258458 0.195058967096898 -0.171184365743144
0.190175818048892 0.0867464161151662 -0.0157195723289692 -0.230384278464784
0.186521664606517 -0.0691559517737076 -0.122785666510639 -0.099793100203949
0.0945683442787937 -0.160036823323385 -0.106628463231598 -0.013807063953226
-0.00547043624614382 -0.157701703127055 -0.058383702492648 0.00835653459837179
-0.0400261964183815 -0.147277509310342 -7.52506128070279E-05 -0.00457737943491259
-0.030489644413177 -0.142990411145079 0.0592655134473084 -0.036747507116491
0.0346523061436633 -0.186979114061481 0.127129189600893 -0.0306697181915005
0.151456710474487 -0.154862885454475 0.173778676021164 0.04135312028503
0.221279395665711 -0.0385359764833779 0.122225758840971 0.150707139439321
0.19147113687343 0.189602307691329 -0.0394382333649979 0.175452627790255
-0.035067721697744 0.298544758043591 -0.149132244144203 0.052984266642708
-0.223509451693962 0.237975944683517 -0.0283339170570274 -0.0484957975847864
-0.249496773017617 0.0944056638504487 0.155991452808264 -0.0591087478171199
-0.167758236512129 0.208826301147687 0.257281502882926 -0.032827930624229
0.00426968072867008 0.241733006376915 0.236696488141378 -0.139991823489129
0.171552296415486 0.106546217356 0.0632946617751684 -0.204563290128036
0.17742726136678 -0.0523554406546283 -0.0403405266678886 -0.135220206894859
0.0935026298634028 -0.144838467925086 -0.0716311749759447 -0.0847039422799948
-0.00360942580555455 -0.146575388506814 -0.0608028912981524 -0.0589136821559445
-0.0404364532207247 -0.131651887271891 -0.0137994021113685 -0.0595068525612474
-0.0313852387582682 -0.125011999354844 0.0424474355305372 -0.0900764372068122
0.024747103166774 -0.161003315307751 0.120370420944952 -0.0857333212264071
0.125164654361056 -0.13594514215909 0.189982395320561 -0.010571737221328
0.19064326567835 -0.0365345041122997 0.155982969803248 0.121159071151768
0.161705780214265 0.164537321929117 0.000290195363676777 0.155987627971078
-0.0463088317797883 0.250618703648102 -0.115825767821341 0.0348639434772621
-0.19963973744975 0.183509818211843 0.0412851196992496 -0.0922877569533622
-0.183847713622193 0.037457644412671 0.240263400755339 -0.0994342522525603
-0.150926969781051 0.133591148536727 0.281540375006395 -0.0477877935399443
-0.0203931586733656 0.179565072486863 0.251907058326136 -0.11052853604561
0.118488362199443 0.0884956907764024 0.118413403873228 -0.166072738299601
0.128052869871862 -0.0327973444088079 0.0286866552412891 -0.153464341977549
0.0707035940889264 -0.103782851252805 -0.0402770886168593 -0.139236186800886
-0.00276293498833365 -0.109557391497016 -0.0616955881952963 -0.113449900324856
-0.0344258343581737 -0.0970591479072854 -0.0247413214914285 -0.103645216046172
-0.0262567164183724 -0.0934015512831855 0.0279392034603774 -0.130330892548865
0.0162657848042827 -0.119801797621185 0.113889419847052 -0.12298835151369
0.0932428983442575 -0.100691626839933 0.197627948905199 -0.0450528850655365
0.146731252022713 -0.0212368132938151 0.172196668948738 0.101283960277854
0.110359008917467 0.137370977480229 0.0238432141291342 0.139534347566541
-0.0643157407617346 0.18162260774632 -0.086858184180844 0.0231613882954078
-0.161323412115434 0.104136693152548 0.0994853681942924 -0.116630867830392
-0.0826456913727133 -0.0234478247287995 0.285385982845986 -0.129395284648193
-0.0939469453087749 0.0375160765045875 0.281612521418388 -0.0616295748026655
-0.0244876681443667 0.0797536948724335 0.245245202589071 -0.0989985731661632
0.0481548315304426 0.0405645577311834 0.142410389755943 -0.142322553741307
0.0522558927927832 -0.0149131863283286 0.0607554286015889 -0.163986161862179
0.0328063561817526 -0.0448703300061349 -0.0269503517124587 -0.167576441158274
-0.00265771495671411 -0.0521950821999118 -0.0629051374928813 -0.144774175291294
-0.0218547971079507 -0.0475364777826958 -0.0325659131792099 -0.130195711779734
-0.0172791656301829 -0.052065184383947 0.0202775400995809 -0.154446692218123
0.00544259275280866 -0.0704196056737643 0.112878557233174 -0.14398224694653
0.0552601758864752 -0.0602956270233831 0.203512644877576 -0.0639226468955695
0.0976032318462025 -0.00490387633965661 0.179386186883182 0.0953759248163587
0.0537516130920188 0.102049572073979 0.0348338470939868 0.134967656029596
-0.0738885161324493 0.100116546356319 -0.0646404046423234 0.0211729119022953
-0.105533567285279 0.0155561296810276 0.13986762077489 -0.117791864362274
0.0235775107610776 0.0559433912493612 -0.142722810759035 0.149988595993274
0.0329286963443395 -0.0220896258909598 0.0892806857199658 0.0164231824608599
-0.0104072078618141 -0.0380722872587923 -0.016915640631729 -0.156171544751074
-0.0270363944935847 0.00743949795745167 -0.186532243526703 -0.112919946966273
0.00379914349409593 0.0195376873450159 -0.227729908063758 0.0781191279794617
0.00935001876918179 0.00305341093793253 -0.108683233144761 0.176779924411048
0.006836355177385 -0.00301596830434355 -0.00704317297214611 0.164383135667821
0.00362245765820011 -0.0140300711264573 0.0481116271518203 0.144870336958173
0.000514153347176087 -0.0151459725580427 0.0774610650698271 0.139239265901894
0.0081957278681223 -0.0220164854472236 0.0563050390752692 0.167095612717539
0.0270485789657045 -0.0113902960525095 -0.0231559073644831 0.176469787846946
0.0239856584606396 0.00735392414793283 -0.125297544631909 0.144128718494682
0.0332593628093613 0.0230895948385391 -0.217560764328605 0.120268405511252
0.0184045687716638 0.0563970882344447 -0.276651620344515 0.0763199002034624
-0.0294715995211852 0.0931791306181019 -0.287999902670834 0.137299842550785
-0.0547867490722649 0.117139082964462 -0.138526432897151 0.131915942674131
0.0197438361005126 0.0617941532823868 0.10202622207573 0.0139382000586139
0.0313516957154451 0.0200007319068933 0.0102470543893683 -0.169206394850545
0.03225507815232 0.00221209760422708 -0.182439559340217 -0.139731583742779
0.047393793980483 -0.0205536399759503 -0.230849160134584 0.0578232315596313
0.0230872920450434 -0.0510792688214223 -0.118118278207463 0.160950411814178
-0.00499441242818335 -0.0531245555775001 -0.0148237025925221 0.155008140131215
-0.0138434928185762 -0.0649331885884373 0.0442131333175171 0.130276807837046
-0.00903256726345438 -0.0724430607993499 0.0837302738386679 0.1156405939321
0.0313360634838667 -0.0962536757965313 0.0839467714930406 0.142680197730415
0.0996369650309784 -0.0595922336466257 0.0248360015601188 0.174063231153613
0.113476752776416 0.0244299055160269 -0.0797730035866157 0.166628478722032
0.0757965776980582 0.122389695718837 -0.191279837585741 0.146131784389946
-0.0260826865742884 0.171797790208676 -0.24880452224438 0.0830443095772583
-0.124615097967584 0.172434730570474 -0.242043798251015 0.113054570844982
-0.138342922642421 0.158205492841916 -0.1050106399463 0.0940698485437206
-0.0129202326708606 0.147953292193511 0.128709928328982 0.00595401035451381
0.0635615957464344 0.0960797610671334 0.0579402255604809 -0.184115497157718
0.0987261104928073 0.0105546842038988 -0.158177050530717 -0.176903912017884
0.0975053361362472 -0.0566139169465466 -0.22140602472416 0.0182492897868811
0.0426070387101735 -0.103533181758273 -0.125434581332396 0.123746051069561
-0.0129808885935812 -0.0993973203576878 -0.0288674107376131 0.124326790477393
-0.0293102847943492 -0.106455947041141 0.0332195845500773 0.0972062184842997
-0.0202941707750112 -0.113848979543604 0.0827634494795894 0.0713767339735924
0.0379167341408402 -0.154016097281233 0.109609491927674 0.0919734130800979
0.140629467934667 -0.112574747419013 0.0877022444437864 0.145086584013809
0.183486927761139 0.00486153178611783 -0.00757471231093078 0.179982705515218
0.138583756150226 0.177110549738546 -0.143059290197398 0.173310904677473
-0.0316347280853554 0.260393452488435 -0.213606841071572 0.08605434258091
-0.18302443547618 0.233058419935733 -0.176436792286668 0.0703090700890901
-0.207662448020725 0.170539068068905 -0.0398126117240872 0.0444073478211163
-0.0635218277390775 0.215934421955213 0.166657683473748 -0.00790642536439684
0.0744611106649436 0.17645762295622 0.119893579179353 -0.189061888033595
0.158538567641594 0.0373554370592055 -0.103656600118579 -0.209041829624963
0.144862681330445 -0.0781893950163038 -0.185504221851476 -0.0346955642318799
0.0629122117095385 -0.144266331838722 -0.121372197210736 0.0647029524105699
-0.0164936849788874 -0.135354492416491 -0.0432883593538489 0.0746652799547728
-0.0414987608793154 -0.132132702097718 0.0174710109026696 0.0497532624832586
-0.0316203094461961 -0.134996627805531 0.0718798669954412 0.0161194686549158
0.030070837168944 -0.183105488984454 0.12262852876122 0.0256336561767516
0.148444504844274 -0.151738252088521 0.141043475719502 0.0895115795860911
0.215294461356625 -0.031287013318151 0.0683128659425253 0.166742814570825
0.188035608380578 0.185119802001671 -0.0823454543441068 0.182621489234561
-0.0188219978858594 0.299738890526952 -0.176197405508066 0.0778236948743001
-0.204482632027781 0.259468872990311 -0.102104487275215 0.0139778003285318
-0.24451112472363 0.151379052691332 0.0495365446776075 -0.012030847156225
-0.117127938312338 0.241046510832242 0.208565841892333 -0.0270314354707449
0.0558416154947017 0.231162119689715 0.179237381108865 -0.176365498666023
0.187306541783235 0.0715190452948876 -0.0269456013017076 -0.21868045359937
0.173591311375425 -0.0792426989121311 -0.121833266337392 -0.0893677839042212
0.0793153549956644 -0.159690632774758 -0.103123938780449 -0.00726343034856029
-0.0159220853068371 -0.150371178538913 -0.054929168789902 0.0121730861094317
-0.0477659875516381 -0.137639108273476 1.63428771372995E-05 -0.00405029979862233
-0.0371986371896687 -0.134882141114012 0.0541501663143265 -0.0403285848900039
0.0199720704914024 -0.181679841275022 0.119944039325882 -0.0384251813298691
0.134612982514204 -0.159448400865028 0.171315417925911 0.0277951203104263
0.208973018858581 -0.0507472072252012 0.124942656369389 0.136390153114485
0.195594577075304 0.168525597500037 -0.0290893690493214 0.170600645581071
-0.0150116620440899 0.289772220151737 -0.141851290050455 0.0599892958011386
-0.201603118882916 0.243014935564046 -0.0298507830511703 -0.0436421724840441
-0.232876400097717 0.106628879884514 0.145820180728743 -0.0654390137755757
-0.147973111699402 0.21022636857342 0.244141439096573 -0.0452357894871515
0.0195061369715073 0.231456189459397 0.220806448997269 -0.148695365257794
0.17068822096544 0.0908885593603207 0.0506768152783489 -0.198722914608093
0.166288130258569 -0.0624231956331625 -0.0447793121559859 -0.129471342044712
0.0791876886020746 -0.144882389264175 -0.0744150764616118 -0.0775547529010027
-0.0130039388099051 -0.140565365605518 -0.0618363952728697 -0.0513152622361671
-0.0472836583614167 -0.122098898448363 -0.0166298382825109 -0.0559305577518187
-0.0375469020775686 -0.117888059929139 0.033750416537112 -0.0893957383443548
0.0126583618909719 -0.155558532433815 0.110064732912755 -0.0906657630165415
0.111112914621837 -0.138830404911182 0.182930630168454 -0.0233220676025616
0.179125970123557 -0.0474176806064104 0.155536792644276 0.105812853728496
0.165057998814352 0.145981967179838 0.00762875119799347 0.149569903949111
-0.0285924524721882 0.244360963467947 -0.110799667581984 0.0407097186870383
-0.181227748276418 0.189482368488149 0.0339379839252352 -0.0905272593142185
-0.173204826615222 0.0469124894490388 0.223984941046465 -0.108929917041737
-0.136463472923415 0.136702222848616 0.266628255966786 -0.06069072448205
-0.00865445810079338 0.17372924104477 0.236951672735572 -0.12040215840856
0.118634188838476 0.0776879929959177 0.10623951262469 -0.165317791639501
0.120136122098017 -0.040186496475512 0.0198247987893687 -0.151420091541105
0.0604317179479501 -0.103467627125869 -0.0479396472841409 -0.131186943705649
-0.00981850696412961 -0.104278351073335 -0.0659789273666255 -0.103446444029258
-0.0388804266156778 -0.088829163046146 -0.0299067700310231 -0.0967503583300735
-0.031264797167024 -0.0875496719043483 0.0181179611469352 -0.126285448502141
0.00710302868137282 -0.115705331984434 0.101167717273149 -0.125416964111713
0.0831030528470819 -0.101981120690803 0.187845667001605 -0.0567764045253819
0.138095155201299 -0.0298824633551825 0.170299148880422 0.0860100475095957
0.113876193709043 0.123747783088619 0.0288375793801711 0.13287467573941
-0.0497030877678968 0.178563193053957 -0.0830012215711511 0.0286075308335374
-0.148711212148619 0.111073481949056 0.087724770894405 -0.117001765215622
-0.0800531576857752 -0.0170136495559931 0.267307436227255 -0.140321444392988
-0.0875535389874906 0.0419341504794938 0.266357834881117 -0.0734404538445955
-0.0178451684130904 0.0774437485125882 0.230808840388793 -0.108417444408756
0.0477112100875732 0.0357740023155598 0.130235176127311 -0.144465454028292
0.0491336817209852 -0.0173227303429205 0.0489793256065285 -0.162794559944952
0.028444776674154 -0.0451962457935211 -0.0370258809157734 -0.158679056414772
-0.00570937774594568 -0.0496552231395889 -0.0700892778578373 -0.133695680909959
-0.0238331973364115 -0.0428558077320308 -0.0388586496066292 -0.122100547602527
-0.0199420497955177 -0.0487587770157987 0.00901131750910465 -0.148257352390941
-0.000386538131805773 -0.0677348957143088 0.098851305895172 -0.144769501319241
0.0491363302836229 -0.0611941885478085 0.191875616477636 -0.0748878081226398
0.0928264183233543 -0.010947053846674 0.177286251646365 0.0795094507545268
0.0575542369335335 0.0935735560601748 0.0399902573793128 0.12774682775036
-0.0636541592718622 0.101189309008625 -0.0617588528817337 0.0255505524561021
-0.0996468788201401 0.0219027826773637 0.125916927899068 -0.120497096724984
0.0304883780748236 0.0518152879957745 -0.116861365014435 0.154048544506611
0.0288120271959856 -0.0240886229620129 0.0830794109275291 0.00386464244469478
-0.0153420811912254 -0.0343502760851559 -0.0355138286045299 -0.142280201637678
-0.0248047859505138 0.00966977530541705 -0.188397154512681 -0.0798709982849064
0.00528206843071601 0.0168694538628946 -0.200107967729017 0.104027324614353
0.00911679650370748 0.0024020075949294 -0.0780926660392709 0.178298353561696
0.00601540674200805 -0.00243143962136982 0.0138507465634504 0.154988108645328
0.0014308558804895 -0.0135533751845238 0.0639033875541399 0.126824174289265
-0.00129907182581477 -0.0155104591803851 0.0898190458744905 0.117627714238184
0.00498641665826795 -0.0225349451638456 0.0756298577554473 0.146464511364469
0.0244265045446467 -0.0159104230502309 -1.03200012180416E-05 0.167233780176789
0.0252914337836112 0.00404852802680017 -0.100702177712458 0.152474640526826
0.0356472163018475 0.0177806516583968 -0.186608462224896 0.139467730153487
0.0260547763627815 0.0519478083148577 -0.245860474651976 0.106245512542315
-0.0119690845247432 0.0922939291053755 -0.254812012265278 0.168363919855042
-0.0356157224329609 0.122016358074605 -0.11040910398899 0.130734077017126
0.026634745930645 0.0550213504881049 0.0950131455018534 -0.00215128217878488
0.030437230344359 0.0137684198991955 -0.0130956398663246 -0.160893513008951
0.0291563156649326 -0.00208218450907452 -0.190977938421346 -0.104221692544716
0.0407491877452359 -0.0263332721074061 -0.208694329645034 0.0853155778820045
0.0148658072685693 -0.0497774417486197 -0.0914416900603013 0.16614180876828
-0.0112737402092795 -0.0474893297523528 0.00398550692597438 0.146492273236735
-0.0213844641858977 -0.0582540944944843 0.0579225067933617 0.113381834825544
-0.0176945856368582 -0.0666566243092507 0.0921323513822603 0.0939945409293351
0.0162854214360357 -0.0937488555247167 0.0970694881510163 0.117392581772446
0.0835526693948195 -0.0700781507528484 0.0450750014243879 0.15697748951404
0.109152542403469 0.00863137446609781 -0.0539338070231777 0.165162319700238
0.0886041585338236 0.102731869330217 -0.156135109224012 0.161342766104205
0.000131306110352525 0.162600009414603 -0.217363229722781 0.115808316134382
-0.0878918609652913 0.177718027931865 -0.217452093939931 0.141809001439904
-0.110034833388803 0.172939244819984 -0.0772694084736722 0.0866498777810013
0.00600359178249279 0.139551761126806 0.120421655628121 -0.0158466552102059
0.0707021256710748 0.0798387351354545 0.0294195564565273 -0.185429699794405
0.0918349555491339 -0.00204136767145563 -0.174613925223212 -0.14491443080096
0.082376421226685 -0.0656716526026296 -0.207800567135127 0.0466801591897221
0.0260564223946979 -0.101199284503085 -0.104854785606015 0.132812111368447
-0.0238594017046289 -0.0897970009619432 -0.0140886219826124 0.120106530985715
-0.0408940075332132 -0.0944710713328883 0.0432873182493886 0.0843011400388303
-0.03388366345834 -0.10318801990611 0.0839026528627327 0.0529158906622063
0.0132530120436867 -0.147207954222508 0.11319703680068 0.0659178351083054
0.113847225143422 -0.12459154921987 0.0989646764167965 0.119540297129162
0.170454004848557 -0.0195374362311949 0.0163473351224468 0.165483302403081
0.154135911027439 0.143481931972346 -0.105387500260091 0.180401665781116
0.00661719704344987 0.243553719101805 -0.182715848044012 0.11809301414201
-0.134110379944684 0.240622789815577 -0.162802251660644 0.0949094122394053
-0.174280168924444 0.193683062188202 -0.0176199122977225 0.0300206604212924
-0.0328964868920164 0.207979729595258 0.15591187627681 -0.035897871016095
0.091060023330187 0.153316428924439 0.0870034414661609 -0.201903138512921
0.150640446176478 0.015499037555239 -0.130106088232211 -0.184332060611736
0.123633250299984 -0.0923229550518273 -0.183258637114081 -0.00851848390585387
0.0400185531350616 -0.141296112715362 -0.110922212572813 0.0773882126014841
-0.0316792097258278 -0.122173673511513 -0.0348515240195749 0.0753959030252466
-0.0555348057076625 -0.116515817358671 0.022135242382446 0.0429505273154293
-0.04616507469035 -0.121688185877519 0.0659291718277735 0.00273417688597716
0.00216813869708177 -0.172627468814154 0.114449491641901 0.00188178833679348
0.114924893309821 -0.161945628933948 0.140651486500383 0.0603618402186046
0.19447144546632 -0.0568159650982999 0.0858970301122571 0.142778485272447
0.200585732386164 0.14289957936018 -0.0467739917163057 0.180429186223619
0.0236453334677201 0.277589757250186 -0.147824953051025 0.107838530083704
-0.151425382545754 0.266462291544014 -0.100840553752905 0.0341500105456054
-0.211860641038615 0.179653639461706 0.06222551460013 -0.0335267273714491
-0.0795257838313371 0.237649172266599 0.193491832937271 -0.0593851237798754
0.0808523587375236 0.206524064271791 0.146307805211444 -0.199366923815191
0.181893443384143 0.0443119998976835 -0.0592750014536526 -0.205625547214846
0.151058689384894 -0.0962373916084073 -0.132818670044078 -0.0693682856550088
0.0526114970598551 -0.157750928344133 -0.103590770800167 0.00701047134410533
-0.033208720091165 -0.137044660034315 -0.0544725403683778 0.0182971390633358
-0.0620356038126459 -0.120062711985577 -0.00121804748865122 -0.0040898041200216
-0.0524963916325878 -0.120568288718991 0.0418336856431797 -0.0461267586587986
-0.00684812549641699 -0.169381049163163 0.103698893528686 -0.0567270980535863
0.100806378415677 -0.166454330792512 0.160924550525039 -0.00108514782999011
0.185202441499671 -0.0746969589736782 0.134295158325907 0.106359942516112
0.204617152030418 0.126266008521177 0.000743077144045659 0.162176261310459
0.0256999385525467 0.267063850607143 -0.118640594803533 0.0863304849487905
-0.151110276693374 0.251077640406867 -0.0404972522161814 -0.0301514213599959
-0.206810871391764 0.134242747224593 0.145313683509886 -0.0916301206260747
-0.112742789282707 0.212625619228311 0.226098146451732 -0.079839979472737
0.0468476088862115 0.210909976587335 0.190052395490668 -0.178602267351199
0.168362275911291 0.0644205108373149 0.0174101973011458 -0.198620390445841
0.146324155469372 -0.0790981382093964 -0.0656002692109303 -0.118016951702112
0.0550544246143981 -0.144346756620763 -0.0858805322576916 -0.0625032183854298
-0.0295760696866629 -0.127883614652188 -0.0690746249716845 -0.0407112298735253
-0.0595988610279088 -0.105894626816689 -0.0228302275302857 -0.0493815164786967
-0.0500515666149762 -0.103775085985318 0.0170018948555391 -0.088706980051816
-0.0101083178737856 -0.144265426331417 0.0871862939199962 -0.102432464922848
0.0815596305933561 -0.143950452142892 0.165472345839293 -0.0494189040161678
0.157595854360937 -0.0676563377972187 0.159906561845047 0.0736935224095889
0.173204166806862 0.109603658835906 0.0312174303559196 0.138104333189417
0.00703870308187809 0.227281789300499 -0.0937555878627572 0.0637705276323913
-0.13987738719272 0.198671654261361 0.0142621227062027 -0.0837558548745478
-0.15749139789331 0.0678014643416939 0.209822577941508 -0.137227795506392
-0.11052237725196 0.142375528610824 0.244989194097013 -0.0937035693908695
0.0134713462624539 0.160478648842204 0.208524695900033 -0.151129009784095
0.118243380436373 0.0575219215632706 0.0753493148701314 -0.1740019333376
0.106421520854257 -0.0524093476598689 -0.00680966352030381 -0.147626619419416
0.0428181552930332 -0.103897281278666 -0.0666855002352841 -0.116850532017634
-0.022896126564205 -0.0953663798135621 -0.0792026400203636 -0.0889703616345976
-0.0473687538122086 -0.0764249148458254 -0.0410291110023645 -0.0854324447281691
-0.0407519605525568 -0.0765274761374027 -0.00202756789285398 -0.120587511946102
-0.00961543577074046 -0.106400191900175 0.0755851899666133 -0.132462180585094
0.0610341050948113 -0.106056239712229 0.166505259010287 -0.0800737852351685
0.122125912667864 -0.046776401117473 0.171158872707947 0.0545601138616643
0.122933885689208 0.0958774930102955 0.0480303118647508 0.120338797118287
-0.0209576588843452 0.169864212693319 -0.0715436082278707 0.0469828380437484
-0.12100373826935 0.12133423799779 0.0618925177297713 -0.117966515296486
-0.0777271524319275 -0.00706038302090268 0.239665355909868 -0.164976791611842
-0.0760310851921174 0.0484848829837295 0.242689220692471 -0.102982394808407
-0.00698528111610663 0.0725559286869341 0.204296241196977 -0.134556552419623
0.0481952535579885 0.0274626523949483 0.101919594511178 -0.15614703312528
0.0432713490510789 -0.0222968772168968 0.0220780472567152 -0.161495256302658
0.0201103594092927 -0.0453869069892854 -0.0576139404382745 -0.143796527840313
-0.0124424947963922 -0.0452946701304163 -0.0856772879588904 -0.116560216539372
-0.0276697352768464 -0.0358682781459662 -0.0523996811520228 -0.107400769440244
-0.0254516903254049 -0.0414986352078022 -0.0120447415619205 -0.138688125357401
-0.0101053715419843 -0.0607953079661572 0.0714676126633396 -0.148690971079229
0.0357855540189374 -0.063291478633221 0.167617759979405 -0.0961309608542668
0.0825775489214153 -0.0235274944980685 0.176850820547576 0.0499847326984563
0.0658920158240078 0.076444228537673 0.0555651024717468 0.115055185172937
-0.0433327449320104 0.100568907779718 -0.0539237748180238 0.0393798542555519
-0.088634585771621 0.0327781459621579 0.098655005042357 -0.128236654251547
0.0293601934770128 0.0491474064612564 -0.109205425478752 0.145542870077356
0.0267683336180935 -0.0223534467545298 0.0781008129399096 0.00383252087472459
-0.0151347328140745 -0.0324328314658097 -0.0333247042402769 -0.133451043397261
-0.0237077995766284 0.00959613648534113 -0.177252864340887 -0.075930976770032
0.00566711139042489 0.0154315676083152 -0.187354024521986 0.0984004196974522
0.00829005282332301 0.00192813729032147 -0.0728193083221338 0.167299873161803
0.00562112604092113 -0.00274974760012406 0.0128598615978089 0.144288717587716
0.0010942807248142 -0.0130948900263029 0.0604161739110511 0.11724348857318
-0.000851647776927296 -0.0151552652913476 0.0849369806033149 0.108962881892909
0.00481897377162028 -0.0217601523813654 0.0723897163409934 0.135714267757563
0.0230152324383112 -0.0154432865811451 0.000610811756055937 0.158120106601326
0.0243617578491609 0.00442129225070668 -0.0955949942447227 0.144675200095351
0.0329035341384883 0.0165262566148894 -0.175243000152201 0.131329984191932
0.0246735736203313 0.0490914299064919 -0.231907413207075 0.0993229855641081
-0.0112366732604199 0.0876396075199568 -0.240223803618292 0.158466225163656
-0.0328528831705667 0.115463209164913 -0.103977550552817 0.123669846735349
0.0249948550121232 0.0516953253686685 0.0885954187788536 -0.00219586009819459
0.0280972672128917 0.0125296190171215 -0.0116122753051599 -0.151774756701781
0.0265445660611128 -0.00219465137265003 -0.178729078153413 -0.0986069087681723
0.0377070551623967 -0.024802323498027 -0.194851124914956 0.0809574427702263
0.013320586811052 -0.0474648084213315 -0.0847719333773489 0.156011576057272
-0.0115994914721601 -0.0444423548439501 0.00423354664050976 0.135973956693413
-0.0208043617078099 -0.0543434056176898 0.0554317129644849 0.104985124405988
-0.0166805303081643 -0.0626166593903841 0.08619976693049 0.085975858452406
0.0136358423247953 -0.0887868836006029 0.0927177806250379 0.108629414584174
0.0780281554567042 -0.0675803017495293 0.043865110956937 0.14791173648006
0.103236820024875 0.00751639361850493 -0.0517004811337483 0.157093171321596
0.0831008994083233 0.0963621836644719 -0.146921210094013 0.151975956033386
0.000795193481770439 0.152727055531455 -0.205947519954517 0.107253210656101
-0.0829285483650749 0.1677133580318 -0.204642904294999 0.134032270318815
-0.102012797722235 0.1639969943765 -0.0732828927582672 0.0827246863997972
0.00627747294836027 0.130404210842023 0.112274859718265 -0.0145806493515182
0.0663839954263335 0.0744905301352876 0.0285081210266552 -0.174998467992334
0.0858243667501136 -0.00258807657223769 -0.162780065225604 -0.13616337966949
0.0766821491303062 -0.0626754247942778 -0.194200551365606 0.0438924022163956
0.0233391178639899 -0.0949598197348519 -0.0974075486502801 0.124936950482345
-0.0237395459798518 -0.0841098378816418 -0.0126747631055259 0.111908101477648
-0.0391920075792194 -0.0882039890735846 0.0412677207458978 0.0783724202737851
-0.0318403682572099 -0.0971716939716816 0.078441978569763 0.047809370566012
0.0105806095345234 -0.138685965830981 0.107299126605179 0.0599312288000359
0.105720175593714 -0.119624941360824 0.0950190005578214 0.111258896457021
0.160259284306101 -0.0194189015240868 0.0141275633572752 0.156781534579949
0.145821863706798 0.13376237161084 -0.099967624190341 0.170248515601352
0.00736857891794984 0.229724870988937 -0.173311566608963 0.110562911095906
-0.126512662709941 0.228180157075561 -0.153275189144063 0.08992660652835
-0.162759053546195 0.183598084033681 -0.0171518640821272 0.0293006030781614
-0.0300232389544405 0.195537324403737 0.145505356598108 -0.0328081973578002
0.0866305266497637 0.143212426137157 0.0825264706636432 -0.191064781230913
0.141294404180398 0.0137183439054361 -0.120131571847537 -0.173251098073659
0.115194741256977 -0.0879440963305892 -0.171892324576112 -0.00874724560920135
0.0359193111947148 -0.133024357125904 -0.10345654613791 0.0726784978167828
-0.030791886940189 -0.114368726188225 -0.0321528571333803 0.0706104494600736
-0.0531591186935975 -0.108504919752027 0.0213871063786919 0.039333840845708
-0.0441384374053558 -0.113959276703347 0.0613046049341161 0.00130831966549599
0.000333441107530191 -0.162362094077973 0.10839558430429 -0.00011060981262117
0.10645001420739 -0.153992685363174 0.13422481005251 0.0546332815563391
0.182127251381227 -0.0550816945618006 0.0798278954893238 0.134022605802478
0.189544833707378 0.13294013439123 -0.0454098337326682 0.170320559186776
0.0238874881766081 0.262159289590984 -0.141073741842198 0.101119191284621
-0.142308406943423 0.253112831449937 -0.0949284973535356 0.0326104816982738
-0.19843435815244 0.169985358855131 0.0579383272145386 -0.0304915459009424
-0.0738372287295787 0.223666273748884 0.180789613759602 -0.0551352217839135
0.0773568116994311 0.19274526687674 0.13856430399178 -0.188286790866254
0.171209618577564 0.0403058334441885 -0.0529885083695369 -0.193611561552784
0.140434027613047 -0.0916201937087987 -0.12407669544625 -0.0664337934920907
0.047388871719898 -0.148749339333837 -0.0976040047260264 0.00695863471566164
-0.0323573516660807 -0.128197825650564 -0.0507179996700708 0.0177537063424829
-0.0590144539503427 -0.111765877715236 -0.00106187783928767 -0.00419243266836433
-0.0497782785339315 -0.113116592594156 0.0380519224563129 -0.0444057812508707
-0.00862121219185303 -0.159124213319574 0.0970075647651046 -0.0550119252147192
0.0931133467313435 -0.158281545241994 0.153171851076982 -0.00301876506378199
0.173161306724831 -0.0720003662189692 0.125699807580253 0.0994490597542053
0.193575475697774 0.116619327749945 -0.00128635802085906 0.153014532355028
0.0253939227219682 0.251976221097719 -0.113210693359903 0.0817715147267874
-0.142094694678939 0.238141368391993 -0.0385934769839112 -0.0276160501725507
-0.19365361367117 0.126396795265096 0.136127579431216 -0.0860310234565196
-0.104817048849649 0.200286948111377 0.211886100206991 -0.0743689810172149
0.0448770212383002 0.197741986607971 0.17971120838303 -0.169322531919134
0.158345834961572 0.059515549496144 0.0188356393244716 -0.186858304661059
0.136458664272795 -0.0755617680462235 -0.0608689322960574 -0.11356578938095
0.0502003177088752 -0.135754543667484 -0.0820890359576705 -0.0588817960303168
-0.0295896583260875 -0.119225849076568 -0.0651164237862881 -0.0368520765991596
-0.0563202532778285 -0.0982659124316316 -0.0218980989661129 -0.0466320329186521
-0.0474033573094495 -0.0976419004577227 0.0148211605300904 -0.0839535751213143
-0.0105593068138329 -0.134553753699248 0.0818791776914302 -0.0980469328399772
0.0755567102431896 -0.13562920588608 0.156703873028602 -0.0485511942393438
0.147197102996792 -0.0643799462193031 0.149898619467665 0.0689206180257486
0.163008549985485 0.100735174723392 0.0277356711352476 0.130821965384838
0.00818524269703031 0.213987393299658 -0.0886417461593074 0.0608805231746828
-0.131036791018962 0.188052179010371 0.0128456707917737 -0.0781282712320146
-0.147814245146597 0.0640836046460728 0.197883278363129 -0.128448839522157
-0.103494027319459 0.13458903682954 0.230297470569852 -0.087697058522893
0.0133582352152118 0.150361950293205 0.196969501952178 -0.142962459211067
0.111240073429987 0.0534898356136007 0.073059582602222 -0.16398637565436
0.0991756219539255 -0.0502373685934547 -0.00589691764288375 -0.140832203538614
0.0388637276748685 -0.09785160749285 -0.0639964039744965 -0.109721918400857
-0.0226229905847661 -0.0889255543956522 -0.0749225549370048 -0.082159035728339
-0.0446790804597874 -0.0705710980326556 -0.0388391321812769 -0.080467409118665
-0.0388417344638062 -0.0710183233714377 -0.00293918242667799 -0.112260532565481
-0.010056907730769 -0.0993999756920064 0.0705425346715503 -0.125565319142308
0.0562845206026617 -0.0996900281789865 0.156800369266178 -0.0774736330498818
0.11377021287506 -0.0443345698127842 0.160672754304528 0.0504449526362939
0.11461783866049 0.0885273645291969 0.0434330545109947 0.114116053863214
-0.0186843927064487 0.160004854509771 -0.067605058128906 0.0448760546320258
-0.112736396410787 0.114866787444606 0.0575796717018334 -0.110163301970725
-0.0727936107945728 -0.0068449420630518 0.225196530562053 -0.15538178941264
-0.0707593478514508 0.045996700543411 0.228605744577491 -0.0960920836978607
-0.00630367861741966 0.068139669462694 0.192907762527094 -0.126039967374737
0.0452121929926892 0.0255001898547954 0.0981008964765863 -0.147414616219862
0.040390149455949 -0.0212368316902004 0.0201611090723649 -0.153761871534903
0.018386721929445 -0.0433253347686515 -0.0554140368222273 -0.134715253541758
-0.0123167606873962 -0.0423564744975031 -0.0809605100523093 -0.107760125723732
-0.0257564976992264 -0.0329636873911051 -0.049692494713939 -0.100646062269249
-0.0246740436029856 -0.0386442343191 -0.012069851927757 -0.129507666792166
-0.0103779010986652 -0.0566315631210021 0.066729784834782 -0.14073895389948
0.0332857104960686 -0.0589428084525854 0.157551137244293 -0.0918894098138857
0.0768488428539955 -0.0222390116145093 0.166098855493812 0.0460012720826034
0.0620639998745932 0.0705301826678227 0.0509243122165629 0.108545854851803
-0.0395206171026595 0.0952195354270352 -0.050909321604694 0.0378532298878595
-0.0824205938790129 0.0309826938806996 0.0920807378681722 -0.12091107658459
0.027673298449992 0.048503812444437 -0.108329522061995 0.138547091979573
0.0262578484555664 -0.020776207763419 0.0743675183323786 0.00604299675425511
-0.0145105972092774 -0.0309073464355112 -0.0282701093159764 -0.129569444334646
-0.0227727869009826 0.00871278827587891 -0.170108124433547 -0.0785804290067832
0.00549743393615444 0.0146254592539218 -0.182501194074217 0.0908031852990321
0.00790350814581327 0.00127344703857265 -0.073623019027584 0.159871386069511
0.00539312634865 -0.00232213305666837 0.00839133903193967 0.138478747081182
0.000854323840698547 -0.0127677713876076 0.0561550439783382 0.11345385210493
-0.000398581460164489 -0.0147156535206653 0.0792506404202226 0.105649376990285
0.00493875615107888 -0.0212626654244211 0.0679265569740896 0.130790031054633
0.0225288390114268 -0.0151625524150019 -0.00199098250891683 0.15358041636309
0.0240326677543703 0.00487671143455 -0.0967867562738866 0.139055029100864
0.0311426735109204 0.0166059078322336 -0.171937731436813 0.122466228440119
0.0226206220473017 0.0475640132444191 -0.227008369645937 0.088490728151797
-0.012681827681967 0.0844109610770645 -0.235641660777166 0.147236860454814
-0.0332485315677669 0.11158988420103 -0.103017379602147 0.117832804723252
0.0234112973893294 0.0505538560433537 0.0848456307447022 0.000665605373404887
0.0268136213601157 0.0125198032151771 -0.00700799338907999 -0.147249340720709
0.024971575804438 -0.00130721481841218 -0.170169397722612 -0.100702683172593
0.0365861714771316 -0.0238937739386906 -0.189508993155271 0.073825418296979
0.0134755647426259 -0.0454331106548928 -0.0845810546995699 0.148144030081752
-0.0102789780102199 -0.0428372470499345 0.000983206552067712 0.130794552192696
-0.0193100478927451 -0.0529207886021818 0.0512945352352532 0.101413169790603
-0.0149782300094265 -0.0606976658663053 0.0809644525195289 0.0834223474320614
0.0148825411111358 -0.0855861691184476 0.0876502870379459 0.105420603146095
0.0763611562996577 -0.0640601724732688 0.0406612250769747 0.143264944760696
0.0998605144579446 0.00933789869717033 -0.054587055925248 0.151460830252632
0.0781637273085782 0.0948263061453729 -0.145802781948175 0.143584852883372
-0.00267258464595159 0.148730325318328 -0.202117695913176 0.0970821210343973
-0.0844097387835037 0.160676484188 -0.20131391262147 0.12478681974282
-0.101256609633117 0.157000977278106 -0.0729555171725377 0.0794794659416402
0.00334204783469342 0.125942189329413 0.107660194586043 -0.0110110190490272
0.0627569105801529 0.0725042437995223 0.0328677269472095 -0.168691498921464
0.0820280570156296 -0.000587748580061804 -0.153012524479723 -0.135435776960947
0.0742480376758027 -0.059541719703021 -0.187944470146512 0.037596448353221
0.0234220525536182 -0.0915686059395599 -0.0967252903903137 0.118169871620129
-0.0218939519185646 -0.0811406047354441 -0.0145733895975125 0.107057539080033
-0.0366252940234629 -0.085546951125144 0.0385508443173409 0.075651057481961
-0.0290441726847328 -0.0946442997776572 0.0739814129858614 0.0461953650744381
0.0125414556420424 -0.134572937690254 0.10250484638767 0.0580962522698368
0.103402720508007 -0.114834871224091 0.0909154209254628 0.108675996356757
0.155485517766275 -0.0156957640630891 0.00884626198335943 0.152551815881428
0.137361696551017 0.132351180275003 -0.10126041507685 0.162260788088596
0.00293682967539731 0.222423312707205 -0.171282704843269 0.101453162685869
-0.127838306270412 0.218142631983281 -0.150664177628831 0.083510179636447
-0.160652839425541 0.174485365510441 -0.017722670282052 0.0292127135056212
-0.0330541885062322 0.188077336092572 0.139805451405252 -0.0276772277250494
0.080882008882113 0.139299776982714 0.0855199797721392 -0.183522455345854
0.135612121259442 0.0156984235588377 -0.110319643130136 -0.170836714330429
0.112219793976344 -0.0834364940273264 -0.16471942129526 -0.0137151901619789
0.0360689823675052 -0.127784595673045 -0.101636090066914 0.0680959064986183
-0.0284450425075035 -0.110872618796298 -0.0320896655525999 0.0673814434326569
-0.0494509148013506 -0.105325517926844 0.0204079183530774 0.0379454652234875
-0.040354050356002 -0.110955653952675 0.0580737628640067 0.00116979812443441
0.00231710024193044 -0.156921242100965 0.104706330577386 0.000561588489702158
0.104230749422996 -0.148190015839386 0.130211343668305 0.0544010836904414
0.176589623641827 -0.0494705544990206 0.0733470753194541 0.131449533845798
0.180261691474571 0.131499987620596 -0.0492966383635284 0.164277849831001
0.0179397918390249 0.253805140076597 -0.140104540639022 0.0942587612872701
-0.143536651330256 0.242471804438715 -0.0932058038056842 0.0296864117152735
-0.195815758523917 0.160173617855549 0.0560297642420305 -0.0269667974497529
-0.0763000986770084 0.214315461569801 0.174929298459557 -0.0480524180807449
0.0707644795384204 0.187491788717062 0.139696753557608 -0.180246035419257
0.163612157921333 0.0416420806268412 -0.0449850257471806 -0.188363685374559
0.136823402839149 -0.0869002686857577 -0.117237945844386 -0.0688399282403779
0.0476112032457809 -0.14283924101789 -0.0954242053233 0.00454845605936205
-0.0297991035298131 -0.124348604940242 -0.0493513505439999 0.0162560932765005
-0.0549927584830737 -0.108264998368866 -0.000176288602854923 -0.00494378770144774
-0.0457314184799456 -0.110084398001505 0.0370154809533469 -0.0428751353700404
-0.00569690682599854 -0.153945784145713 0.0944892050089789 -0.0524102897977599
0.0918121934976443 -0.152298521084027 0.148528238457612 -0.00160262009946551
0.168582034178454 -0.0656104113866342 0.11833452930558 0.0982826398538525
0.184366371019337 0.115542363496865 -0.00587042722698237 0.148932116004372
0.0203152064376 0.245382332622592 -0.112497532660032 0.0769587947358752
-0.142917607025685 0.22850506143818 -0.0374007690165673 -0.0277084025147124
-0.190136373541476 0.118472106427183 0.133525238659236 -0.0791330625304266
-0.106062297872513 0.191202632144705 0.205439294037745 -0.0653382705274478
0.0393121007610666 0.191635630146287 0.178463218884391 -0.159210041136479
0.151421113444412 0.0602151302364928 0.0248590890303091 -0.180650687171739
0.132353861441945 -0.070764828743495 -0.0562785259888531 -0.113060028379302
0.0499742022085558 -0.130348899328576 -0.0783403296547659 -0.0583834643132101
-0.026858630997481 -0.115526544043716 -0.062006735952662 -0.0364339854663896
-0.052185004681313 -0.0954254153609199 -0.02033763582419 -0.0458791781221453
-0.0441054144146205 -0.0950388974377763 0.0151139178271596 -0.0811037858074323
-0.00815080732730473 -0.130616483240458 0.0808094056508239 -0.0937812711768497
0.0748189719971776 -0.13106339233172 0.153079425000032 -0.0452831817324742
0.142244529109504 -0.0595978594561305 0.142025252209618 0.069490994701709
0.154549924019969 0.099271253281071 0.0216244276539104 0.127780424131346
0.00460766285897661 0.207439185115805 -0.0885671633610512 0.0577900411308067
-0.130864718281852 0.179864156276677 0.0134998126749792 -0.0750294626247714
-0.144430152841238 0.0589038397510607 0.194478465214977 -0.119355812622516
-0.102301951052598 0.12822732190293 0.224012559229182 -0.0778071453340784
0.00954229390881155 0.145063794706931 0.194682376116955 -0.133959765372404
0.105727663936135 0.0540998850858629 0.0771679627083149 -0.157294533932151
0.0961432653430909 -0.0468400686630052 -0.00219291049798159 -0.139224812472221
0.0392652412516768 -0.0940279624590165 -0.0605199051382041 -0.107063824974085
-0.0204916913209617 -0.086058404206183 -0.0708271719813544 -0.0798546464020833
-0.0412899883316076 -0.0677873648791514 -0.0361629415252068 -0.0783731075597375
-0.0358811481891215 -0.0695705141230814 -0.000722322430534704 -0.108778991281913
-0.00829754934670717 -0.0952033216811255 0.0701493989530992 -0.120605529880093
0.0559395784784834 -0.0955551388703762 0.153009360988167 -0.0726637897233826
0.109633969784476 -0.040002779579064 0.153690059110202 0.0521722158399892
0.108341182497211 0.0863767357028385 0.0374622321538752 0.111835764995538
-0.0202355073542471 0.154129460607422 -0.0671175407131569 0.0429118115895092
-0.111168057215798 0.108956520685364 0.0575197372021793 -0.105573443001129
-0.0698600462321971 -0.00810584511596166 0.22202103499736 -0.145105691762245
-0.0689863312077371 0.0435366962089718 0.223355697250101 -0.0856644972161281
-0.00749389989913367 0.0648484732547299 0.18914547059251 -0.11796937998837
0.0422201655325553 0.0259347830938081 0.100255559505713 -0.140541789005831
0.038746713434143 -0.019905905240183 0.0232881459072266 -0.150290586807714
0.0187949794762649 -0.0413817266715313 -0.0517573097801995 -0.131800621082991
-0.0112408906171133 -0.0407333658192984 -0.07625495724346 -0.104646406040148
-0.0237948407250236 -0.0315707381271868 -0.0461175769483101 -0.0981930480455145
-0.0235909701377507 -0.0370214136026014 -0.00962556697788797 -0.125092903526757
-0.00908609189133495 -0.0542407902880461 0.0666253556841826 -0.134516126245141
0.033313124595392 -0.056630130502716 0.153668784055107 -0.0860756960169534
0.0738287868524653 -0.0197637179854104 0.159188709577705 0.0487185276650266
0.0579013269808439 0.0692035689446393 0.0450159788749759 0.106538330663673
-0.0394866161710836 0.0910455343761881 -0.0502096568030782 0.0358545026289108
-0.0795954674039168 0.0284371129302399 0.0908666756051708 -0.114051229777643
0.0269078924947107 0.0491311253530292 -0.112023891171704 0.136710670476027
0.026788672548317 -0.019929767951902 0.07452179059367 0.00886046083102902
-0.014266624078887 -0.0310515178802214 -0.0246730049395421 -0.130296657111131
-0.0234036857015767 0.00893773655371104 -0.168840596989902 -0.084025770729605
0.00562717190886851 0.0148197069135871 -0.184689954080634 0.0876524719377113
0.00753111479994437 0.00120933952694838 -0.0772959054895252 0.158724809213927
0.0058033961712475 -0.00232483962053812 0.00411264046668455 0.138591871121392
0.00123416810604393 -0.0129275296679081 0.053391316635065 0.114170647174563
0.000289187669366578 -0.0157086746368965 0.0769694288734477 0.106601492086199
0.00563885187425531 -0.0219714743334609 0.0657159848619967 0.132247509094701
0.0229540472539536 -0.0152701142727238 -0.00599513042830807 0.154492172051205
0.0244691582386772 0.00559833015733244 -0.101306640553329 0.137955833991001
0.0300591450518222 0.0175990785690875 -0.175637820400746 0.118138851155637
0.0212197596996197 0.0480941671707396 -0.230417735430486 0.0809588144308453
-0.0148539859663255 0.0842387004140429 -0.240145605573565 0.141583160656119
-0.0353437165728865 0.111235472341108 -0.106652248834337 0.117007444803971
0.0221595974980305 0.0510275058840535 0.0845237200304916 0.00421295977256913
0.0258699327979962 0.0127498197766952 -0.00248697333204616 -0.148080575952181
0.0248245010757618 -0.000308959194497103 -0.167620285582444 -0.106034933124186
0.0375328631664123 -0.0231663039119295 -0.191290142885211 0.0695113840208182
0.0138349220246323 -0.0454580984472034 -0.0878182081970494 0.146545128525658
-0.00947035790013355 -0.0428839105483333 -0.00255935442343252 0.129938023023055
-0.0184454257469799 -0.0530655633062227 0.0493948451640781 0.101605224398086
-0.0134546275656146 -0.0621415035372389 0.0790991276736365 0.0841486863909363
0.0159410671175341 -0.0862606030745909 0.0855675894875401 0.105774273909269
0.0767955351588255 -0.0638762585168055 0.0383522319635046 0.144239056245455
0.100316259517512 0.0115239106387853 -0.0598472778978483 0.151818989421686
0.0755003047517946 0.0973634591866164 -0.150446025958219 0.139885252615254
-0.00573233331967972 0.148740863107483 -0.20658918882667 0.0912172669006174
-0.088497699816419 0.159825103850616 -0.205863527461332 0.119515669211301
-0.104798718859996 0.155352275499076 -0.0755432348400697 0.0790797701846726
0.000952335661634852 0.125822538775719 0.107241532635693 -0.00678107439299387
0.0611137786342776 0.0740644612170139 0.0378409493242916 -0.169053485321639
0.0818216474211559 0.00165607966477897 -0.149271044111948 -0.140673312959652
0.0755437714497816 -0.0583055575755625 -0.187888298872988 0.0330368166162824
0.0244226372120963 -0.0912951481703291 -0.0993402105212564 0.115892726929849
-0.0200491474455139 -0.0819229835958389 -0.0167584960078752 0.10637154051425
-0.0352545262610562 -0.0859972957136522 0.0370381681530531 0.0752539321015511
-0.026758115959122 -0.0959962127682962 0.0723961252764152 0.0467927216535272
0.01412042783865 -0.134498702344922 0.101874459708163 0.058994623313485
0.104739853680477 -0.113673525565211 0.0895556225042393 0.109792907454371
0.1556510801576 -0.0129315171344682 0.00428349127689709 0.154184173894781
0.13515271884346 0.135306939349564 -0.107093103786085 0.160689704242624
-0.00182877385060702 0.22352772181827 -0.176165148571243 0.0972638999769325
-0.13375434781029 0.217199777314831 -0.15403758307612 0.0805913418749967
-0.165103439742964 0.17191224659597 -0.0190806441775783 0.0307350090891097
-0.0375228765078931 0.187719117820427 0.139556349356417 -0.0224516279809596
0.0778143826427068 0.140932747742813 0.0915157732103314 -0.181996574218766
0.135075338429668 0.0185125300575157 -0.104796786912397 -0.174340696830761
0.113221273138743 -0.0818731094252415 -0.163906348997442 -0.018013877464213
0.0376411247692902 -0.127366924636142 -0.10323680191375 0.0661763707281618
-0.0269460820535756 -0.111734327013461 -0.0334289035089097 0.0668676314798924
-0.0475301082050798 -0.10500427802627 0.0197417992117565 0.0374678972715263
-0.0380719943277382 -0.112223581504879 0.0576721282718476 0.00167468500770611
0.00446005568375248 -0.157414482762769 0.104183572202482 0.00136857870639371
0.10627775315472 -0.147333316899766 0.130176304068237 0.055750796525727
0.17776128908223 -0.0464585267346529 0.0688608603512522 0.134276849001275
0.177881398931439 0.135354123823813 -0.0551016638839983 0.164208211925729
0.0132472009342416 0.25653222573319 -0.144063152080357 0.0906826068910084
-0.149876120506409 0.242303267950325 -0.0949397156331051 0.0283458570888286
-0.199289461997997 0.156289718580233 0.0566340485105247 -0.0243844862317099
-0.0817963262327155 0.213416794258166 0.175238043971504 -0.0417561138247546
0.0669577034046604 0.18879511685455 0.145583928621254 -0.177688371828468
0.16318909727326 0.045287701564024 -0.0378694780545337 -0.190991138320546
0.137788462601662 -0.0852846207026727 -0.115616001254029 -0.0739265682344428
0.0500918305260418 -0.142548588055191 -0.0958997143133948 0.00249769776724007
-0.0278066216237632 -0.12506350949165 -0.0486964945299475 0.0157739316045301
-0.0535778938757083 -0.108770921448271 -0.00024246407900811 -0.00540219084802194
-0.043535477060045 -0.111593147878699 0.0369516557198476 -0.0430033891572773
-0.00337483107667994 -0.154440614692865 0.0952946022730204 -0.0521041419863532
0.0940205875167876 -0.151716688190298 0.150390193025415 -0.000180029183662757
0.168949326436508 -0.0629579143646409 0.11537067445953 0.101607264203719
0.181451052916602 0.119498295027579 -0.0117847568245201 0.149966814432447
0.0162657865222655 0.246815547318619 -0.116007079412805 0.0747866868819376
-0.148781930570344 0.227638273833006 -0.0374716909940331 -0.0275726243060991
-0.193249095099928 0.11492889816416 0.136021007563586 -0.0751666800737383
-0.110826694712932 0.189465265159409 0.206352884762299 -0.0586126139952264
0.0350632367862596 0.192371153669092 0.184095686619809 -0.156224128088524
0.150020127491239 0.0633825391314006 0.0318457308583583 -0.181347822288106
0.133895392401334 -0.0688317670169022 -0.0531314061578055 -0.11688072750559
0.0521562326220545 -0.130348261847594 -0.0779072750219733 -0.0609424188843269
-0.0251314753185583 -0.115896064813057 -0.0611998735773732 -0.037031452924857
-0.0504507561672197 -0.095094888779131 -0.0189587381106313 -0.0466227392515858
-0.0423496148069681 -0.095316908986779 0.0163573830947923 -0.0808350664232186
-0.00666592925834202 -0.130588477533768 0.0820336365331702 -0.0927107576161016
0.0762363228574036 -0.130425467981436 0.155128819711933 -0.0439822191557294
0.142991449799869 -0.0563205337398334 0.140535002459947 0.0724824022399134
0.152240780280797 0.1025935386107 0.0168995587661443 0.12974115639225
0.00115637747899763 0.208173829119159 -0.0907585180216364 0.056225378599675
-0.135155862715825 0.178580927466747 0.0144591384299664 -0.0743589921122278
-0.145994034178556 0.0562922573832477 0.198124808145205 -0.114432443659071
-0.105949754847147 0.126388761292985 0.22563544965486 -0.0701277364335614
0.00655524444989507 0.145110114340835 0.198719316908679 -0.12921897053972
0.103957498092786 0.0561627471062283 0.0830082096851721 -0.156521835974035
0.0966201623290961 -0.0448983312909769 0.000901031425974158 -0.141746663268468
0.0404218020050045 -0.0936794610707284 -0.0587173217239302 -0.108972099338956
-0.0190428707716166 -0.086140999210953 -0.0686057350903241 -0.0806774805647704
-0.0396415709219158 -0.0679661327613838 -0.0344877839508127 -0.0793839990727482
-0.0353218694195194 -0.0698200873663087 0.00122649895334292 -0.108663126698934
-0.00693412793137586 -0.0948079658376111 0.0724224499481521 -0.119691350145794
0.0579357567157825 -0.0948908747038918 0.155422211116723 -0.0708299136674132
0.109946376606864 -0.0376507545407531 0.151991285738445 0.0562087063416912
0.105440871352467 0.0884536287394286 0.033547635405596 0.114382081878798
-0.0228809054089828 0.15400273805546 -0.0685709190998371 0.0422598696598936
-0.11327622639491 0.107483713208772 0.0590538737419477 -0.103566076524485
-0.0700224699790417 -0.00930054598335485 0.227202168087576 -0.140022945923065
-0.0696122764277255 0.0425978767191426 0.226201540275308 -0.0787165393412052
-0.00925260449181189 0.0643567048825328 0.193274242733726 -0.112958279958686
0.0410339747928638 0.0261590817471015 0.105586452212686 -0.139258045709412
0.0388519776743688 -0.0190627021002969 0.0263764479622903 -0.151848747690111
0.01936783855673 -0.0416546175435274 -0.0489771480151483 -0.133413749023841
-0.0105801791321024 -0.0403366995549913 -0.0743041302733871 -0.105412256971238
-0.0229832350933017 -0.0311784070207517 -0.0443434674184469 -0.0991816907054904
-0.0226968877474133 -0.0370363436856942 -0.0069955769403306 -0.125406711952621
-0.00857984901691902 -0.0535120963283617 0.0695049340665276 -0.133886277709992
0.0346876357844206 -0.0555731488099856 0.155843165229167 -0.0841593085930089
0.0736211424335023 -0.0179264095447011 0.157957298875221 0.0520405887532341
0.0556058540838523 0.0700191027821685 0.0414095716487599 0.108833993846006
-0.0405580119560782 0.0899184804757751 -0.0514847898755425 0.0355903755709292
-0.0793567013129416 0.0268990091658645 0.0927531679898231 -0.112375322030417
0.028827122113193 0.0514914475061139 -0.115515391580549 0.14165477546707
0.028333058855012 -0.0202782133157802 0.0770970081085627 0.0101256442319352
-0.0146018570940943 -0.0313138678583129 -0.0244245991056305 -0.134601541246533
-0.0236214526946888 0.0103804796753146 -0.174472469840783 -0.0880703700019103
0.00667199897696011 0.0144075615951828 -0.189924952254591 0.0913239711895904
0.00739322435591711 0.00148673345114736 -0.0790504531947282 0.163995735910211
0.00596381692123251 -0.00272048176696519 0.00311801153201411 0.142818687102546
0.000997356449422261 -0.0135258174883442 0.0548369917038664 0.1169090319842
-0.000196668277072114 -0.0166167743601701 0.0793467544404391 0.108852098861592
0.00569227364016318 -0.0232367772763186 0.0678292187048455 0.134981518321893
0.0231818721698856 -0.0159693622561722 -0.00522908299111706 0.159784069441094
0.0258584618712678 0.00585773468911185 -0.10554220650052 0.143895302400556
0.0306523808668023 0.0188109674182953 -0.18128265909936 0.120848878255232
0.0217680396618759 0.0491142428309655 -0.239196381399729 0.0817539982803329
-0.0147121357214935 0.0873535937313577 -0.24925663703134 0.146293790631991
-0.0356099724380549 0.115871985533397 -0.110070374089634 0.12195976792599
0.0232092049462338 0.0526329011997077 0.0869959930212253 0.00550369254026396
0.0267077505593097 0.013623715376093 -0.00142437794792058 -0.152915683386144
0.0252196442661964 0.000384918101547666 -0.172837200806191 -0.110270582136976
0.0388625390538219 -0.024575033317274 -0.196215677972627 0.0724029357021209
0.0138645345467497 -0.0467054590566933 -0.0899944590273056 0.151267637468522
-0.00976541265583304 -0.0442001251970377 -0.00329248521631419 0.133380680214491
-0.0196367611859331 -0.0548552884815442 0.0503668414778081 0.103843620288644
-0.014048876985649 -0.0646749111766448 0.0807767975237904 0.0858123097133644
0.0160641135576808 -0.0898004614891816 0.0891188198029814 0.107437303678498
0.0785447416160619 -0.0669824849086915 0.040414468499385 0.14890332963499
0.103965168295111 0.0118471221939705 -0.0632701633662942 0.157968291302489
0.0785258707762403 0.100553243321971 -0.15600291048337 0.144696846892873
-0.00552453141492016 0.154230262553443 -0.21467467152287 0.0930240433179937
-0.0919491519089145 0.165994297861653 -0.21339267654115 0.124080122227506
-0.107528842070797 0.16129215343065 -0.0780914838118562 0.0837758669987927
0.000779143402088132 0.130524465893782 0.109826828002738 -0.00499532020876394
0.0632992552673544 0.0756398784334571 0.0403686998427096 -0.175197149393543
0.0839613733255069 0.001525438910868 -0.153048120198306 -0.146433104729744
0.0775656564281035 -0.0615368969235104 -0.194119853134651 0.0337198039122707
0.0243067896601203 -0.0945879496394776 -0.102227393152281 0.119504086803414
-0.0218104976270479 -0.0838851583787682 -0.0174972411527803 0.108925263750764
-0.0372489237125345 -0.0881482419957813 0.0380560872925123 0.0767703959471366
-0.0277298608530102 -0.0992158565705436 0.074008499605019 0.0463075015238255
0.0133322521788967 -0.139569286147946 0.105057981330551 0.0594284073431699
0.107078928547903 -0.118540450098213 0.0941625417309855 0.112846725293987
0.160732562940893 -0.0132984884238709 0.00312742541125049 0.159924583233224
0.140321498674967 0.140261572199048 -0.111787493402241 0.166392707227721
-0.0010822845058944 0.232301409206377 -0.183667305378991 0.099582278419146
-0.138281182580104 0.225480646370228 -0.160463948514184 0.08363062609127
-0.169925305430752 0.178612169121844 -0.0204018371826117 0.0328785146089582
-0.0383918542867038 0.194468243692426 0.143275628864365 -0.0207725618219626
0.0806010245156437 0.145213508586682 0.0960675105993157 -0.188636664396265
0.139174292835929 0.0191440641107425 -0.106585334047178 -0.181497595838021
0.11620536757803 -0.0855294628383533 -0.169145432294903 -0.0202169065208387
0.0374396143647388 -0.132046787246089 -0.106494706327929 0.0682029465446022
-0.0284722950609152 -0.114236335589334 -0.0336703244407635 0.0686015450954691
-0.0497238512321884 -0.107713629982318 0.0198149252081574 0.0376777849028183
-0.0396585324083415 -0.116340358175815 0.0584759217262206 0.000283860543457972
0.00319596897143934 -0.163354435417466 0.107481510266204 -0.000567660133386751
0.107797031325172 -0.153966484045855 0.136039777164999 0.0557799891802759
0.183332405091029 -0.0488408336388856 0.0699790665626979 0.139316926190973
0.1839681920039 0.139160539023068 -0.0589299168902818 0.170795306758183
0.0155018296564248 0.266085523538424 -0.150725145931698 0.0940843024241244
-0.154916011867966 0.251480042942984 -0.0989475843912786 0.0292764523341871
-0.205593047130981 0.162786632375948 0.0579130710302168 -0.0243456427598606
-0.083127372402536 0.2208123762188 0.179672143381336 -0.0404935087722727
0.0695138823215509 0.195068590663425 0.151500447184246 -0.184151218845921
0.168097153925207 0.0459237953699279 -0.0369463695245017 -0.198904176480148
0.14173066598944 -0.088557376349889 -0.119381113046888 -0.0781898748389941
0.0496672091395107 -0.147976206843204 -0.099016701273833 0.00259548512044712
-0.0299704164082309 -0.128865885870687 -0.0502519336698865 0.0164849403407902
-0.0550302794478417 -0.111035999625167 -0.000865318758986121 -0.00658085477932898
-0.0453110625367478 -0.115303245589892 0.0371152183321437 -0.0449744884093514
-0.0051995490835681 -0.160439444088111 0.0981577692142251 -0.0549791094009935
0.0952563968466685 -0.15826664654704 0.155979438806599 -0.00247424518960631
0.173047948256561 -0.0654084487948279 0.118336020550639 0.105457345735277
0.188212290755188 0.122167130941212 -0.0142301834987302 0.156780085704315
0.018093063073924 0.255560958132902 -0.121192141348493 0.0782456437727998
-0.153560762382769 0.236750896321891 -0.0393473095488639 -0.0279924030275103
-0.199637364495212 0.119324186850614 0.140311996750587 -0.0770019549877054
-0.113965263634949 0.196170893057773 0.212440103561982 -0.0583523271118464
0.0368420177789505 0.198124012031415 0.190345736398425 -0.161102022901424
0.155395534498289 0.0654951351878673 0.0357762939573994 -0.188918068054363
0.136821628630657 -0.0721242772766274 -0.0547195498087248 -0.122772365640993
0.052356385819172 -0.135401109846481 -0.0814065766179872 -0.0626055475490386
-0.0270768185293377 -0.11973919557105 -0.0630051426247923 -0.0381115877400668
-0.0522873562952755 -0.0971996472608671 -0.0204753579487076 -0.0488106921831542
-0.0443838452127712 -0.0988493626260066 0.0157804100139125 -0.0835569443047445
-0.0073196500526468 -0.134993679763024 0.0837944683376816 -0.0974475600915583
0.0778385435771577 -0.135789045162555 0.16064170031712 -0.0478589467662658
0.146109548361348 -0.0581627525710383 0.144522729989371 0.074844654388014
0.156833189460889 0.104719083572843 0.0159963221776663 0.13554763295413
0.00248665810546709 0.215678351532316 -0.0950431565747313 0.0587341763738284
-0.139089062058919 0.185736243930694 0.014699259504039 -0.0763562723631745
-0.150862027187789 0.0587455780627643 0.205201693844363 -0.118447266125273
-0.108313768026191 0.130834664399431 0.233050909221282 -0.0705657591889526
0.00661806834524495 0.149461319280791 0.205807914042951 -0.133808850378918
0.107284073244247 0.0579865256833951 0.0883337872178201 -0.162870556001564
0.0989050613868086 -0.0468917839978142 0.00156159895744605 -0.148387757336243
0.0409904925492828 -0.0978212756376225 -0.0616901490489997 -0.112766100250064
-0.0203851273435382 -0.0883982133974211 -0.0710719697810012 -0.08302004315005
-0.0407665119293307 -0.0691450468027248 -0.0361549883117818 -0.0817589483767909
-0.0363929591120174 -0.0712571311578771 0.000115083985343082 -0.112234274850004
-0.00766709894007432 -0.097922223143074 0.0745903653927438 -0.124181714683387
0.05934681111101 -0.0985174307004122 0.16036604246005 -0.0749915557404831
0.112547223717885 -0.0385396666555394 0.156731573462931 0.0577650600008033
0.108454445859729 0.0907037844114234 0.0334668781058949 0.119125250872367
-0.0225672589109204 0.159074768799278 -0.0714442804424872 0.0443616073797109
-0.116156376010694 0.111448492138004 0.0603933631863224 -0.107130422552347
-0.0718770664019942 -0.009217039957794 0.235455912047905 -0.145224483422325
-0.0711253995648818 0.0442394948907568 0.233959680501899 -0.0794363679258776
-0.00944679602381878 0.0661809394316606 0.200148472079158 -0.116123872820191
0.0421803206461669 0.0277638241281576 0.111091077537593 -0.145488368819902
0.039908660671985 -0.0198320478820974 0.0270328907020699 -0.158616853412949
0.019433290918622 -0.0433208711238073 -0.0514534880592955 -0.138049571836567
-0.0108070889484645 -0.0414533161292135 -0.0767105255910232 -0.108294289632926
-0.0227746289560767 -0.0314890983015272 -0.0463457190513662 -0.102351965964862
-0.0242076909762559 -0.0372812734924293 -0.00748433733823681 -0.12900037543048
-0.00864514205241367 -0.054571472711165 0.0712790700418667 -0.139202164715784
0.0358854394603904 -0.0582453575166857 0.160524047816649 -0.0873751164299295
0.0751095214053244 -0.0182168218502205 0.162734796874315 0.0534461224815256
0.057032799768511 0.0717098984651229 0.0417725089689971 0.113251364007274
-0.0415114402058019 0.0926718427548375 -0.0533480346746696 0.037049380569845
-0.0807257617463306 0.0274323246926032 0.0943320683183831 -0.115529994983282
0.0393292677818278 0.0465825516667903 -0.100898523015268 0.167105767322403
0.0259427342595778 -0.0245592736471229 0.0823158744125398 0.00107032019292677
-0.0192177500831447 -0.0285003530623412 -0.0450407386607167 -0.134781653547839
-0.0208114958122842 0.0127824589919008 -0.193826454450094 -0.0605573188044699
0.00785011472498135 0.0105956642717544 -0.178971350018734 0.126128540250188
0.00739319719793944 -0.00102242058979658 -0.0545007358159999 0.182301495669608
0.00554101426560788 -0.00398109950651674 0.0272073279097688 0.148356017911264
-0.00228074108919013 -0.0140251765258581 0.0742794399404135 0.110098913890824
-0.00385063434227356 -0.0168947969832916 0.09849428895331 0.0986505679089474
0.000525016467591904 -0.0249837184063115 0.0917295109637282 0.126978738335578
0.0193711348510688 -0.0208051755022486 0.0194231143883778 0.166147658601072
0.0287293835249856 0.0011031351047536 -0.0880201200144983 0.166711212294439
0.0339164446826415 0.0138454809954972 -0.168393047718403 0.152405581690532
0.030159054313316 0.045654880412994 -0.232951419651895 0.119157287141679
8.93404334210458E-05 0.0908308386242108 -0.235492362690538 0.189033082881279
-0.0159600308215489 0.125252752730122 -0.0985835598717636 0.13740946144692
0.0314482618781107 0.0517220405007864 0.0890810395705907 -0.00847388899744426
0.0304546258756816 0.0114795635031719 -0.0277565978850481 -0.158875674461255
0.0281642649904482 -0.00395593526811678 -0.198263539058314 -0.0836672670875866
0.03524913629084 -0.0337751534971525 -0.190780629973513 0.109872116138961
0.00625774067476801 -0.0515817802766066 -0.0678810533750439 0.173682446879935
-0.0169806125641768 -0.0440994059002769 0.0186650965950992 0.140908167016324
-0.029160275379184 -0.0530270204839003 0.067425695820246 0.0974183936583119
-0.0254841770320784 -0.0638574489124311 0.0959197894709631 0.0750129658678164
0.000770159528779246 -0.0935179855176776 0.107936424448863 0.0952421905206915
0.0665695218804344 -0.0810274381065459 0.0642357079549361 0.147547951796567
0.108867634831971 -0.00415482878509128 -0.0431044329427844 0.173571016515074
0.0961981569307293 0.0893263207245531 -0.138306307928809 0.171149633049863
0.0191565583952923 0.156353952920078 -0.203529900557147 0.127609306788509
-0.0655643692299026 0.182338946652086 -0.203132998619874 0.162363723104155
-0.0827541656333034 0.187006971306086 -0.0704010936593134 0.0849566025738981
0.0206383698505387 0.136163975338684 0.109929930627237 -0.0257892772325636
0.0775567678439325 0.070265976846217 0.00795158553983554 -0.190902393849026
0.0886927175449191 -0.0107651525070868 -0.186775694139601 -0.123766023273247
0.0691951547275794 -0.0771619182109394 -0.19615258476418 0.0715603051728477
0.00966823193283295 -0.102054517906653 -0.0859911518861334 0.145044454501137
-0.0352675573098996 -0.0832929984290859 0.000246204541812984 0.118628683042138
-0.051676141610463 -0.0842808871133568 0.0510171311164385 0.0717145859209259
-0.0451206684575 -0.0967786616787391 0.0823687357486489 0.0358581537625826
-0.0101787519800942 -0.143762362472932 0.115798984070135 0.0420920160830489
0.0867939703132987 -0.138388522967666 0.113668419323136 0.101019737575323
0.162311484631027 -0.0387726415234589 0.0245552768889145 0.16528984800166
0.165110826744401 0.118889605113123 -0.0895846117364089 0.186905259060202
0.0363832015787297 0.235109724258219 -0.168632398632374 0.129827349273313
-0.103986986119308 0.251390428106143 -0.153975460696436 0.112594834793766
-0.145244615064371 0.216865352574296 -0.0154200999758216 0.0173771091096523
-0.010827576519514 0.208943449153832 0.141878451373731 -0.051367575746771
0.106432965201468 0.139564312313752 0.0603862069126715 -0.217852892488173
0.147740554943041 -0.000910740002265712 -0.147515557200884 -0.168743211125294
0.106218006131276 -0.107534741317781 -0.18206620059638 0.0125664588981193
0.017442246364764 -0.142809185890335 -0.0993937856903972 0.09456021175761
-0.0468903633975793 -0.11343942446514 -0.0238172763140862 0.0804440771149702
-0.0675242474310935 -0.102045231846368 0.0263651952205582 0.0351351904647719
-0.0592762169309419 -0.112457450361611 0.0588151079530097 -0.00883823792736048
-0.0235329402199399 -0.166205981219134 0.108149989343957 -0.0190782608558344
0.0822318423139706 -0.173162455449793 0.147634243026411 0.0358253935623527
0.17899507615244 -0.0779974430745149 0.0900031852299416 0.133096688639072
0.210095139529529 0.10999616058345 -0.0345520178270078 0.18224301114381
0.0589293182644704 0.266803249379223 -0.134582975894465 0.120123908661119
-0.116961020550545 0.279909701536803 -0.0988855514172031 0.047948708858708
-0.186415825315981 0.208550427981326 0.059333963632564 -0.057093646315423
-0.0538606679330365 0.243762852076979 0.177169259867659 -0.0795154606266249
0.102300118717281 0.193467041304876 0.117732188685599 -0.225428627812561
0.181896021526512 0.0241634317112187 -0.080380003871558 -0.200368057763556
0.131849305131644 -0.113337599163967 -0.14283730837179 -0.0556135500624858
0.0275778949661665 -0.160746599463029 -0.103673683126428 0.0261645047615911
-0.0503248808810139 -0.127842411134175 -0.0502364366403723 0.029672348977705
-0.0738351338943745 -0.104274759632749 -0.00174003875770411 -0.00653697289099721
-0.0648106642351156 -0.110106914729654 0.0296569278817716 -0.0526451586577265
-0.0310902734586325 -0.161260787225344 0.0895429177662718 -0.0735680917925334
0.0690744000982201 -0.175744775744144 0.158737203816837 -0.0272360778429118
0.165692714306491 -0.0931450278437044 0.134669838712285 0.0902208494171717
0.210491868026006 0.0916327226472841 0.00910630749267921 0.161077828985058
0.0607871911277586 0.25549507397573 -0.107782924837784 0.099137890724986
-0.117558227080715 0.264679953426723 -0.0456464539910051 -0.0210870495515635
-0.187763154394057 0.162894843346817 0.137889828890662 -0.123857933809422
-0.0884728183676717 0.223228427520898 0.210071940995507 -0.103310865741782
0.0675074401819398 0.201894731904278 0.163907396255983 -0.208777845151798
0.170482037553432 0.0463519478659768 -0.00372231155766275 -0.20352336432798
0.130352770529393 -0.0947817054291418 -0.0842875236996438 -0.114937036686558
0.0326134472838576 -0.147776794371181 -0.0963246950868165 -0.045022611841262
-0.0454852636306276 -0.119240463060761 -0.0729670061781597 -0.0247938177828461
-0.0676048710029175 -0.0908004609131309 -0.0286301871275121 -0.0462108214135131
-0.0602651276976369 -0.0929068228011436 0.00175120607722855 -0.0888555771237366
-0.0286622058730137 -0.134995540298076 0.0684721538356856 -0.113702398335424
0.0558179654447217 -0.149256288362778 0.15702908159113 -0.0751107924975897
0.138965746567113 -0.0811168429282302 0.158350892506332 0.0545258059939721
0.175357105741991 0.0791785529086316 0.0367268938207997 0.135325344139826
0.0376362999514272 0.217512541624652 -0.0841239276645414 0.0759913094018052
-0.110628865173064 0.210334807389616 0.00295908372627069 -0.0793156281776198
-0.147734256865472 0.0912432057173012 0.199198792050228 -0.170853851917731
-0.0929806022284349 0.154594862846152 0.231046478133939 -0.117238362373257
0.0286205205212888 0.15567210537753 0.186770210233656 -0.180454644172424
0.120051473204643 0.0469042547965538 0.0571277464044668 -0.187166398590097
0.0961231848292733 -0.0622257359251758 -0.029915013651865 -0.151740946104845
0.027207162192634 -0.106991472716754 -0.0839767846588985 -0.101910299354412
-0.0337705871489949 -0.087834191138063 -0.0895254988536436 -0.0709305867236473
-0.0512889200951046 -0.0637331906489745 -0.0500027864932773 -0.0775338671655473
-0.0477464029363631 -0.0657742186410276 -0.018611413484749 -0.115541049851886
-0.0228139540222864 -0.0975118915449065 0.0548422427545479 -0.139985739776905
0.0436341325750603 -0.108171907936291 0.153224218940863 -0.103016349721491
0.107835276688947 -0.0554659824876191 0.169267961180483 0.0344562994560117
0.123643421091958 0.073681888721969 0.0521583936883166 0.116693279212072
0.00295143989343115 0.16405070902815 -0.0631850014475931 0.0576796610659535
-0.0998240489315199 0.13107070969286 0.045202773307857 -0.118297280078289
-0.0765362432215427 0.00678654190351869 0.225611756917406 -0.195297717656518
-0.0670149084297436 0.0592842172064609 0.232688424122307 -0.123988831207728
-0.000551813111016814 0.0721340016467998 0.187188155699403 -0.158445220928585
0.0477852968984448 0.0251051105749322 0.087005215586445 -0.171274019876229
0.0393097155660506 -0.0247362695534678 -0.00251642030893864 -0.16825007986967
0.0136640328132512 -0.0478477708765917 -0.0771803654201884 -0.132243408803368
-0.0168967273139172 -0.0406929794185239 -0.100046220639873 -0.0974134085521964
-0.0269984520541676 -0.0280939661925777 -0.0636017444543053 -0.0969072835808622
-0.0295556700413015 -0.0331321172485743 -0.0290600261610231 -0.131678813925035
-0.0165938475316619 -0.0523645410288276 0.0507532114905243 -0.154496945490749
0.026830263389452 -0.0628342121929764 0.15201559182698 -0.115889228777981
0.0729217221689388 -0.0293075784457627 0.175339478340295 0.0297416297675966
0.0683856016574888 0.0633013623083604 0.0606848393654501 0.109578147328008
-0.0269078586947095 0.0996580469671943 -0.0467037997899109 0.0477311380111832
-0.0774049676546665 0.0399726765148041 0.0792057558367614 -0.133376149949926
0.0440131950659534 0.0422748763704328 -0.0863465250164248 0.176790909339416
0.0243761910383924 -0.0271155601533578 0.0833171185050003 -0.00495074543260176
-0.0214413117215303 -0.0265938736913568 -0.0550857858559219 -0.131012656840536
-0.0188661906829438 0.0150455598719302 -0.200725726440035 -0.0455306492248648
0.00924684834963923 0.00954060955168384 -0.168154590842431 0.141117043562544
0.00660628548413322 -0.00140333065989102 -0.0383658222115139 0.187472117417666
0.00533404458026536 -0.00411978308587448 0.0388443987189719 0.146528384888451
-0.00353176603857464 -0.0142228172633863 0.0826823849491608 0.103605807880201
-0.00596649801866249 -0.0170657056536122 0.106584246053678 0.0905393046504857
-0.00227583850102624 -0.0249252360040341 0.102655596808592 0.118653048677349
0.0173837970556521 -0.0225013465732098 0.0334263461515306 0.165283554322079
0.0300982822234562 -0.000771402039639833 -0.0750494137869584 0.174730907363474
0.0350988120929571 0.0114780788762668 -0.156288633830311 0.165532188165789
0.0332537369760747 0.043161750819493 -0.224923042913268 0.136728724349895
0.007688561765098 0.090663488662045 -0.220823925231985 0.209345388565796
-0.0046986045243165 0.126429829155327 -0.086199570585086 0.147609062604506
0.036191831073019 0.0485782486817903 0.0896457183034593 -0.0136847061962609
0.031434490620396 0.00932008859081062 -0.0395011063538588 -0.157397527393407
0.0283100871350105 -0.00586014545261259 -0.206012097280362 -0.0686664932838748
0.0322351591810986 -0.0374588791389722 -0.181073775094261 0.125079132106505
0.00118227147675849 -0.0515432847058789 -0.0523935940293545 0.179771561697075
-0.0203104508971391 -0.0423395000713452 0.0301504784228438 0.139060199634689
-0.0337257745962766 -0.0503109136835468 0.0753502854904998 0.0908408368850487
-0.0311430459086123 -0.0619572379386015 0.101609070410354 0.0658730098018678
-0.00868388198828492 -0.0936857460658332 0.115914026055414 0.0844674404214035
0.0595592034053181 -0.0870399384303315 0.0767766061570794 0.141406167183421
0.108900925472219 -0.0135660259095773 -0.0293610792784796 0.178960749827723
0.103558074462221 0.0811152159760809 -0.124980032363662 0.183607476446505
0.0321235146703599 0.154759306547222 -0.194970137361474 0.143683132669159
-0.0502634974929679 0.188835704272452 -0.189422687628608 0.17904926309738
-0.0662156667669338 0.193900108077514 -0.0632958270644823 0.093376619612098
0.032471032765726 0.133746523171956 0.108427272909205 -0.0321936161133161
0.0832775569300278 0.0635955654357445 -0.00603425381391062 -0.192446012277234
0.0873358433044321 -0.0180603511384131 -0.196958537827985 -0.110015208339407
0.0623643515212611 -0.0836568958590864 -0.190414420334613 0.0874999996630723
-3.114654913369E-05 -0.102784077478681 -0.0727625243952905 0.15276973586265
-0.0422079435890962 -0.0797728269870324 0.0104697055880255 0.117950666990009
-0.0590975361204609 -0.0794404954040817 0.0561856454069227 0.0665726642419949
-0.0538688436897753 -0.0931448330772992 0.0845373162695399 0.0284287924103239
-0.0238121531130783 -0.143078627761306 0.118602533396489 0.0307773867191078
0.0733400250409362 -0.145997235869963 0.122652081163089 0.0896572295008407
0.15971956971694 -0.052711597091387 0.0378976217525073 0.164866495564624
0.175834916093307 0.104258616493392 -0.0745795517364544 0.195555921719868
0.0574088404165741 0.231681836787364 -0.159706998956873 0.14454336638281
-0.0823946323860012 0.261547446720792 -0.144956900647096 0.127138750543399
-0.126420829128542 0.22998012166516 -0.0140613087292979 0.0204434002738706
0.00775158978286715 0.209406409981988 0.138190407095626 -0.0600778188761268
0.11798293551815 0.129874406362721 0.0437255342152071 -0.22355574946507
0.147533181538439 -0.012992581614763 -0.160840420061445 -0.158521272636417
0.0960423846799239 -0.117307849819035 -0.18177212058601 0.0269608106832887
0.00357264908179908 -0.144529876493633 -0.0907990421605848 0.102734428374999
-0.0569977831691532 -0.108975308279129 -0.0168750676255781 0.0821576445045647
-0.0760911937908307 -0.0956689237395817 0.028590433922325 0.0321652485676816
-0.0695844805850915 -0.107378179947636 0.0566131951239839 -0.0149375387915364
-0.0397255906172101 -0.163962965626696 0.105498690212581 -0.0294369654488241
0.0653642525809916 -0.181225503443716 0.150753144168091 0.0205165044023472
0.17209736254958 -0.0932190105934662 0.101262146357367 0.126643635833817
0.2193689781675 0.0912913440947698 -0.0201245359756559 0.187294496737635
0.0830648470888101 0.26152147073787 -0.12699044975933 0.132073423352904
-0.0922629149602883 0.291352033458662 -0.0944811151558472 0.0577970716427666
-0.167268105044157 0.225770760552413 0.0547722452095184 -0.0607292067784308
-0.0319357360466884 0.24856956572961 0.170476217690315 -0.0913964701229855
0.118482256372923 0.184270739345697 0.0998268485639397 -0.235094042223693
0.183743699784679 0.00834306147516044 -0.0965946874293556 -0.195079145412326
0.121354764974221 -0.125758066863783 -0.147683169670064 -0.045683611481927
0.0121838377147881 -0.163562397885458 -0.101210850006116 0.0348272730987154
-0.0615244859785121 -0.122694758901536 -0.0470925414838515 0.0332344593306513
-0.0818803410535199 -0.0973928919695377 -0.00290509273185845 -0.00696654007431888
-0.0749323925335791 -0.104018594691931 0.0237152868121893 -0.0551102293899055
-0.0458409883368149 -0.15875880353362 0.0820396472343615 -0.0821776666777164
0.0516723162062664 -0.182062545039775 0.156995970945174 -0.0439820777459232
0.157069576769461 -0.107277293441211 0.141972569141657 0.0797443566325967
0.217578604605724 0.0730277190437722 0.0215705002637333 0.162304602593044
0.0839808506733596 0.249945494061267 -0.100712966399245 0.109121341614908
-0.0942242673591668 0.275421087204691 -0.0474747208145678 -0.0156856635790074
-0.173187183005485 0.179641468100025 0.127528188955762 -0.134152996159214
-0.0691064441225498 0.231266875841293 0.20154261308401 -0.118690474189554
0.084730814503123 0.195717528930974 0.14659398141132 -0.222825091641187
0.174107737468445 0.0321135163763609 -0.0200642708599413 -0.205429231961788
0.121606059363025 -0.106367237745935 -0.0952124915451279 -0.109241163023185
0.0178265357028887 -0.151021127119009 -0.100483986873803 -0.0368259290317627
-0.0557809785958907 -0.114449714740752 -0.0747298342428971 -0.0186477512664653
-0.0745272966982709 -0.0842206884022625 -0.0332604709284287 -0.0438318681202635
-0.068376862281054 -0.0869377825710048 -0.00710683704820572 -0.0892890725040642
-0.0413128736627787 -0.132591034071487 0.0578484201882446 -0.120388776031472
0.0416621167474361 -0.154779628514461 0.150421304041074 -0.0913514325645748
0.131394600601739 -0.0925674024148979 0.161981826083449 0.041782423967799
0.180795053179109 0.0634782428575626 0.0471090205643595 0.13411417365642
0.0577985761632695 0.213945476087239 -0.0786525533583096 0.0836813160793785
-0.0921807679689563 0.21968128199657 -0.00435653638070839 -0.0785322924756414
-0.139620183173503 0.104742588365581 0.18485138706814 -0.187881703909148
-0.0794988607654291 0.162982825804677 0.222432191987446 -0.134471841278324
0.0409201653445465 0.152961762228282 0.172166216851186 -0.196397670124859
0.123746238583544 0.0365299553057017 0.0430866272327702 -0.192590974391391
0.0903724424689381 -0.0704692465716288 -0.0438475095584332 -0.151607052227736
0.0159375217923729 -0.110049696436534 -0.0934767453152176 -0.0952899951514312
-0.0418547769660763 -0.0843747134865862 -0.0955763806825056 -0.0630520175869908
-0.056234410285191 -0.058676924385763 -0.0575112017100187 -0.0734023939809546
-0.0530256379534632 -0.0608480893385733 -0.0289755562675737 -0.113716284953287
-0.0311273615907474 -0.0950907138051517 0.0422119048059633 -0.145051470399409
0.033644599959759 -0.112484774373207 0.144129686216665 -0.11779438577546
0.102436312741846 -0.0641108486987608 0.171767215791968 0.0207750968954753
0.128444396032531 0.0625986651470892 0.0614650664972515 0.113629966288106
0.0180707885160323 0.163954147980282 -0.0588910004784938 0.0637723781579582
-0.0878961058638987 0.139162603082516 0.0348546536944656 -0.121566887220149
-0.0753705534214754 0.0139554131064381 0.210239621154267 -0.215180397074866
-0.0616110152157476 0.0647529105460001 0.223251668814191 -0.142449711305552
0.00500260807826093 0.0716657481805071 0.174392545964706 -0.173059844100843
0.049848209598943 0.0209718973147213 0.0736557106884791 -0.179968997795054
0.0367213335344176 -0.0281110893277832 -0.0177971476536603 -0.170051357474492
0.00862786691029179 -0.0497092381190396 -0.0897142432353455 -0.12670997667058
-0.0203472398734667 -0.039294067227182 -0.108059281183477 -0.0886624163854781
-0.0287301237372707 -0.0250922384363122 -0.0720423088412164 -0.0911829094928729
-0.0324458415536578 -0.0297224318633391 -0.0406768476623478 -0.1288642475579
-0.0211039753195591 -0.050659104401502 0.0370155873416297 -0.159069082870715
0.0211699465069961 -0.0653114613467666 0.141938254290637 -0.129779317193291
0.0702724751060908 -0.0350463947213682 0.1778931654661 0.0146909815207378
0.0726640552697917 0.0571707310257582 0.0691392978763627 0.105907187569378
-0.0179645630582844 0.101645541293066 -0.0436160710189335 0.0525723267633761
-0.0737627325725376 0.0456754306630792 0.0668993477664129 -0.139934606535821
0.0452741604367545 0.0363197668760196 -0.0682938918566899 0.176359695777713
0.0212529009414322 -0.0281178470140375 0.0811686811655589 -0.010022377150013
-0.0219686807034235 -0.0227878342753821 -0.060752125768599 -0.121749485932213
-0.0159830375638021 0.0162143530498837 -0.195057457328245 -0.029477527297333
0.00940734383630849 0.00790220837191872 -0.148486573898514 0.146586227977844
0.00631479914522277 -0.00157721391991418 -0.0217810959038833 0.180929619463927
0.00484660000719518 -0.00494922248185142 0.047635566607517 0.137552918111439
-0.00463598900053986 -0.0130909283909792 0.0859589170363244 0.092882712077882
-0.00733325064648335 -0.0162799781427066 0.107866542161585 0.0778968537854335
-0.00397803736471604 -0.0243919577126043 0.106220346594299 0.104204059656726
0.0149810200226093 -0.022373807636214 0.0443960060649193 0.155158385599772
0.0287140110443523 -0.00357979040545048 -0.0592220150263162 0.173296052955299
0.0341242543328248 0.00888411255365367 -0.136834466702372 0.168112484612805
0.0337586210717629 0.0382323909870138 -0.205665465269499 0.145105922988698
0.0142332849429051 0.0861281768742229 -0.194386565217313 0.215231341230459
0.00600265585462911 0.12026657212853 -0.0709096755624021 0.149028035536751
0.0382082457198689 0.0431201482854388 0.0859203620482418 -0.0179276220565693
0.0303957300166481 0.0067318458235395 -0.048210173439292 -0.147416152190771
0.0270418107418822 -0.00702146047305415 -0.201839746054505 -0.0511791401418121
0.0275874430825235 -0.038888911442391 -0.162635625964213 0.132268893694513
-0.00318063723901861 -0.049370529990667 -0.0358920612055658 0.174557261508993
-0.0223261701721431 -0.0386646211201286 0.0384095190505691 0.130570207649329
-0.0359945566619441 -0.0456491170336102 0.0774892187311812 0.0812945808166549
-0.0351050421891646 -0.0568002068159402 0.100134859897363 0.0546291620592649
-0.0162699656549527 -0.0884368915755206 0.115549549090827 0.0708576467934479
0.0491184757779514 -0.0875765357713759 0.0842203118051811 0.12784208060012
0.10301387073729 -0.0214681996963088 -0.0150121125615523 0.173281783578165
0.104764618776469 0.0696783697477771 -0.10540774492988 0.183353957171642
0.0417898587795694 0.144016770236655 -0.176703872463152 0.150443320305889
-0.0333889755276667 0.18345785970621 -0.167207584567571 0.185400176303243
-0.0468181900011401 0.189735789327346 -0.0524111631567824 0.0958195888621433
0.0412472958841802 0.124265686264534 0.102145236972628 -0.0363646315459853
0.0835103526581533 0.0540464583336246 -0.0190287392217779 -0.183208033883567
0.0822971980671202 -0.0227010304882556 -0.195384012842663 -0.091595283543802
0.0525509283554264 -0.0849691077848381 -0.174301699812219 0.096015014902042
-0.00869882522765982 -0.0980003470808082 -0.0574011255534147 0.150470046761234
-0.0462298970104691 -0.0720643666007128 0.0181830626431755 0.110734899468224
-0.06206935169729 -0.0703788427811161 0.0574016224147418 0.0587591861382142
-0.0588473350130461 -0.0851683462648381 0.0810044971773488 0.0199272863957624
-0.034557403715789 -0.134234640252689 0.113966831808511 0.0188526667457246
0.0572869003817306 -0.144809603766087 0.12312850166252 0.0745987815593489
0.147783467247381 -0.0618620614596116 0.0476293075055686 0.155346133852204
0.174959541178583 0.085162377013818 -0.0573109519337437 0.192070732864239
0.0718730127245334 0.216040712776342 -0.142509790123111 0.149311424950458
-0.05879880436175 0.255427364450986 -0.128055396888516 0.13307057153416
-0.100852012768753 0.228884047336544 -0.0115069790350054 0.0223278979846005
0.02359529635351 0.197714724366298 0.127825296473317 -0.0643296009780847
0.121693747274189 0.114456400000635 0.0263220414903307 -0.216533859997026
0.139320989144273 -0.0234920213468776 -0.164126385192952 -0.140697260474976
0.0814087774377797 -0.119215823901303 -0.171377547436863 0.0382810617980503
-0.00890683750609506 -0.137225906553142 -0.079065431826097 0.104193687754727
-0.0629621114545256 -0.0989189221492782 -0.010056361723393 0.0784705361844478
-0.0795957488390686 -0.0842849862655695 0.0289090157813933 0.0283455856732635
-0.0752847389667114 -0.0966801609106185 0.0504740676461549 -0.0185964445967923
-0.0512253858501241 -0.152410536844958 0.0968685321452185 -0.0374451158590575
0.0465110697090785 -0.177242340026379 0.144543292557287 0.00620741961640545
0.156816962639373 -0.101735427822583 0.104383010841819 0.114410551627196
0.215465962522144 0.0697578964847906 -0.0060857071773671 0.180483522810615
0.0997503633116774 0.241834358680771 -0.112021460327021 0.134941593486577
-0.0662700333621798 0.284704741934173 -0.0858613185173533 0.0636350701602612
-0.141393941448066 0.227568007569803 0.0471699120454088 -0.0599811100011941
-0.0116325288346235 0.238300525431662 0.156573538915202 -0.0966074328963848
0.125747904393721 0.166191151087443 0.0787441568848715 -0.232041734995552
0.175616512932523 -0.00582770573373389 -0.1055750365702 -0.180030155953925
0.104769258779334 -0.129217710744321 -0.145243255507065 -0.0336802157295857
-0.00302344386580817 -0.156726646657801 -0.0943557088801543 0.0403600207177867
-0.0684793800054036 -0.111202692962644 -0.0417975710596959 0.0348175973353977
-0.0850039092054345 -0.0853472680350082 -0.00406134046539065 -0.00618361667472299
-0.0794168082115114 -0.0931798834096799 0.0166278788956017 -0.054527633976678
-0.0570487742374682 -0.147052626235195 0.0699355943355829 -0.0852337333935833
0.0338853672367698 -0.177104303014033 0.145104705744 -0.0564647421739303
0.141439471055608 -0.113768556057008 0.13991401669865 0.0661374314614784
0.211681213884528 0.0519004655051677 0.0319080192011236 0.154415553779484
0.100115600675018 0.230690676571138 -0.0884886457852678 0.112344757457762
-0.0684847496710567 0.269175241057957 -0.0460397288511094 -0.00994853269645136
-0.150123276189911 0.184361645801105 0.111285415844028 -0.136696821209318
-0.0484601261569197 0.224752869848696 0.183614992432255 -0.124776310028059
0.0941887726850115 0.180001487645914 0.123886648861624 -0.222613653439913
0.168585484432745 0.0168111450699885 -0.0328656863330561 -0.194938792186969
0.10729288948582 -0.110835816170275 -0.0998339316674636 -0.0985997089223814
0.00375117830406896 -0.145192901206702 -0.0992353630433607 -0.0278386841905123
-0.0621010958061133 -0.103857701705557 -0.0724336496195126 -0.0124512035856717
-0.0765842431792018 -0.073765074028657 -0.0354460086767695 -0.0390029846701508
-0.0723218400494538 -0.0768944661644191 -0.0146343732128946 -0.0838885000410243
-0.0503620775254587 -0.122775544837409 0.0448613591682167 -0.119546012404745
0.0262323766079732 -0.150934349083566 0.135511379282105 -0.100121576888183
0.118118307636874 -0.0977406780587602 0.156543498306457 0.0284447542665139
0.175476368354697 0.0467048795863596 0.053958233463401 0.125526359470408
0.0720454149791114 0.19833074772378 -0.0696511216239616 0.086811466392338
-0.070921436431094 0.215818717845259 -0.00982995305207912 -0.0736326824633473
-0.123384047179335 0.110449542730264 0.161508034635814 -0.192123358382912
-0.0630560971463251 0.160788726358807 0.20144885597601 -0.142976881482651
0.0499971351842434 0.142803342075098 0.149987453184716 -0.198938830506264
0.120743302078639 0.0255868928132679 0.0274859655346042 -0.187620709876388
0.0803611463416898 -0.0739921055169865 -0.0539787610731967 -0.142162204032854
0.00561995523653303 -0.106199494392174 -0.0975613706310648 -0.0838788014342449
-0.0462397984346715 -0.0767118905500429 -0.095365464002846 -0.0522546795213876
-0.0568107399684619 -0.0512904664737199 -0.0604018833913844 -0.0653228236886451
-0.0548903867107361 -0.0533202852822084 -0.036949346419768 -0.105872456296425
-0.0374551020086313 -0.0880089344704041 0.0281229803334467 -0.14093925221242
0.0224084587805751 -0.10986475619367 0.127457785278362 -0.124637896837091
0.0925687908627631 -0.0681737561521785 0.164604411407596 0.00754395571088078
0.126000890951027 0.0501216595298362 0.0661692258886656 0.105250808660499
0.0302767459928542 0.153292262535552 -0.0518239790139214 0.066210755006249
-0.0732233081715718 0.138064118199394 0.024284684187675 -0.117867416035197
-0.0699367932879664 0.0191988299488818 0.183544926597065 -0.219693400909115
-0.0530008988254712 0.0662027761523684 0.203015512247791 -0.150991972699689
0.0095509212863317 0.0677656397468813 0.15306455880515 -0.177412820283374
0.0493013371954864 0.0162046255086274 0.0578697649973987 -0.177482067332207
0.0328467963908522 -0.0290143352336429 -0.0308082058904283 -0.161036063633214
0.00299041484747335 -0.047878111501802 -0.0958807551292627 -0.114440317420599
-0.0220802462119124 -0.0356305666028978 -0.109460003142293 -0.075663083439345
-0.0284128395238387 -0.0215525395208686 -0.0753899272579775 -0.0813664507223943
-0.0322033193584427 -0.0249162057896221 -0.0487665701923997 -0.118938627411089
-0.0239291771990197 -0.0463099526585553 0.0226163789434571 -0.154031638853783
0.0145449633769109 -0.0639989108310453 0.12444324412365 -0.135375294511045
0.0645712525698163 -0.0384384868880337 0.170378731072497 0.00184314618416574
0.0726438713198803 0.0491006498163724 0.0725597880798935 0.0965274032343637
-0.00880481291887155 0.0973877105293565 -0.0380716146486506 0.0538378534897727
-0.0663280321942643 0.0479613186233261 0.0532418575401333 -0.137961349552908
0.0433330494257977 0.0312588797826164 -0.0563373991312248 0.16773875709967
0.0187566745530865 -0.0273715796533465 0.0764757817399429 -0.0111625618732496
-0.0209690790586077 -0.0202998031828213 -0.058748644551432 -0.112348481751346
-0.0132927820557005 0.0150127896882472 -0.183970025730395 -0.0215457639770887
0.00879419771869817 0.00636847782690239 -0.133036292362428 0.1409506989802
0.00595800264295888 -0.00102305878254316 -0.0135366469961414 0.168815473121535
0.00458551025007213 -0.00508923516877459 0.0489436842630959 0.126980319972956
-0.00506216429274333 -0.0124776057479998 0.082710010389053 0.0837669532463361
-0.00787220487527099 -0.0150462577115207 0.102214322352557 0.0688896781350522
-0.00480621148778685 -0.0227026955053106 0.101717104422485 0.0929877122354699
0.0132902960940141 -0.0214226947479266 0.046064548129705 0.142550458343801
0.027190309107806 -0.00455002881697957 -0.0498251499065802 0.16363113512441
0.031599828988332 0.00717715490686143 -0.122081275749695 0.159457141492191
0.0314670674285447 0.0347800348223648 -0.188229732717323 0.140274755430617
0.0158826188354511 0.0790130401322028 -0.173643906866214 0.205742205872047
0.0102941486780401 0.110754560308947 -0.0596818475895645 0.14268058255553
0.0368489307994281 0.037696804279988 0.0809423810142913 -0.0181317268575678
0.0284587621265681 0.00525170807232413 -0.0483576309219777 -0.136591072973786
0.0253125335576876 -0.00722103152059978 -0.189542843198466 -0.0419856322113223
0.0240254916820022 -0.0378458863053536 -0.146320730686219 0.127697045732445
-0.00507822985522215 -0.0455484163080252 -0.0271231420434773 0.162612474268888
-0.0221805058420716 -0.0359221543480977 0.0399744087280961 0.120027735399091
-0.0352243602650974 -0.0410575681984435 0.0744590145467368 0.0727197786114095
-0.0353057903650799 -0.0521239942941488 0.094560930978872 0.0479354152991484
-0.0191286992095234 -0.0815968085397116 0.108664488315481 0.0612920336560934
0.0425584431623886 -0.082876710857069 0.0820457189192127 0.115435606024275
0.0956622230845394 -0.0229600787413085 -0.00904176345630891 0.162807790067538
0.0991669755715543 0.0611801354375216 -0.092754786897262 0.173920840064159
0.0428069272172072 0.132761152572008 -0.160886763692863 0.14460431411515
-0.0254135885609026 0.171881466272385 -0.149165415075494 0.178180372678256
-0.0361369629578419 0.17712901562225 -0.0442322183706314 0.0926059957070053
0.0423283899876327 0.113539634234605 0.0955340017052102 -0.0348616930475657
0.0792218865177455 0.0476289785661374 -0.0225122430312645 -0.170800356248358
0.0759725587099985 -0.0233230508821505 -0.185225002894245 -0.0798697139761949
0.0451657779665068 -0.0812377157335869 -0.159038505934209 0.094899605223227
-0.0121718371323032 -0.0903938497292868 -0.0482281612605898 0.141177449608509
-0.0451848419334416 -0.0655177526555738 0.0206608367288511 0.102167060981196
-0.0598864930709957 -0.0631814694629148 0.0545070753650291 0.052822191914836
-0.0586473659910453 -0.077376034986639 0.0740395907547226 0.016611427843906
-0.0380809472538869 -0.12334731420986 0.105249218239895 0.0131475754237981
0.0473879903419675 -0.136297949763481 0.11698775351329 0.0634820769448051
0.135165758177126 -0.0632017576474768 0.0487806405071774 0.144122872497929
0.164841237012893 0.0733554512976652 -0.0472255999085577 0.18093847425621
0.0741449450179507 0.197068812649259 -0.129360186730006 0.14304440017177
-0.0466789142654178 0.23995932804483 -0.114361439957374 0.128438509268447
-0.0850729945909434 0.215781380780951 -0.00953129079227507 0.0231392980249322
0.0287822894829711 0.182302112626217 0.117586417986757 -0.0607374164379127
0.116271134453768 0.102212297552284 0.018215241899365 -0.202595730223571
0.128713782724981 -0.0260559495053828 -0.157423634014311 -0.126468520634473
0.0709027568614674 -0.114529519887016 -0.158580704426729 0.0403538026863436
-0.0144430745287835 -0.127365225887228 -0.0702188421631675 0.0989558261596967
-0.0615257291679273 -0.0889645222170796 -0.00639229942529056 0.0726928172458666
-0.0762523013433854 -0.0756205558881162 0.0265158653754459 0.0252518448196588
-0.0736811930462682 -0.087001097630798 0.0450152004907386 -0.0190840083083713
-0.054381064080295 -0.140086758966005 0.0866911321132316 -0.0383931581850091
0.0351907809268769 -0.16689615864184 0.133797891765479 -0.00140771091656065
0.141619077248239 -0.100053217675917 0.100694422295815 0.104218981482648
0.201814938702569 0.0568244511035197 -0.000678847226732447 0.169951400973877
0.101201091470774 0.220299660311902 -0.100670136357506 0.130496779564837
-0.052121142243251 0.266972989821269 -0.0766407131947994 0.0625726168894605
-0.1222793456848 0.215430088283301 0.0421086025241346 -0.0552970711255362
-0.00269611670959185 0.221320588376005 0.14264170363964 -0.0914028580749117
0.121404820000818 0.150237315511332 0.0664898715642368 -0.21780409355523
0.163158874184324 -0.010915734321143 -0.103295528962185 -0.165845635700994
0.0925871078452588 -0.124181533426282 -0.136922759259237 -0.0276410284953441
-0.00979384988099105 -0.144847479983919 -0.0868490413484587 0.0401345595183248
-0.0677191202736951 -0.100538799130682 -0.0377246684774283 0.033656091466306
-0.0811465605062936 -0.0760290100662433 -0.00465091056996931 -0.00536142408353546
-0.0773228201371351 -0.0834490551483458 0.0121861002748427 -0.0506901439638294
-0.0589280793782443 -0.134781590030917 0.0608029653776874 -0.0814180725507818
0.023469477524338 -0.166480727162866 0.131583438126788 -0.0592485706844797
0.12692424265316 -0.110779041415391 0.131896755842133 0.0580295008425697
0.197663970721467 0.0409648549000881 0.0341559286616634 0.144360114363269
0.101272575711041 0.20970391117671 -0.0793467036642169 0.108434850899685
-0.0546385059979686 0.252950827294037 -0.0424473577341676 -0.00750898112319403
-0.132463774955609 0.176185082494395 0.0987696050173892 -0.12927550777948
-0.0369743747916371 0.210382088353467 0.166584924201552 -0.118966902644802
0.0927904878247924 0.164165365579967 0.108639927312608 -0.210878185055769
0.157218368148947 0.0107299981416853 -0.0357295435315102 -0.181161306891635
0.0952444511909407 -0.107001928374984 -0.0976753191566101 -0.0896607934286652
-0.00332595236381053 -0.135089793251773 -0.094536535692723 -0.0230518523245295
-0.0619229021428649 -0.094015100420222 -0.0679218403833554 -0.00885682841442644
-0.0729813783579268 -0.0652488934052447 -0.0347289503449594 -0.0350574331606569
-0.0692473598466046 -0.0683725884439513 -0.0178407636630585 -0.0770922127080684
-0.0511889783358145 -0.112145743490334 0.0367058849821003 -0.112725164447904
0.0176534953770523 -0.141024501508483 0.121468147365647 -0.0999326022967536
0.106120320103557 -0.0944929360536987 0.146357135854446 0.0220079254619994
0.163493535610162 0.0371972829495109 0.0537334113298133 0.116913703673098
0.0737407218185044 0.180751733207818 -0.0617545179224204 0.0846418972367915
-0.0588123773438478 0.202615299786652 -0.0107132111327715 -0.0680687814316001
-0.110092211042984 0.106304799028816 0.143895365138609 -0.18322665674825
-0.0527023859686677 0.151652375930223 0.183513396545769 -0.137247319765317
0.0503932520246977 0.131241496564324 0.133653803079973 -0.189200385555766
0.113394419917529 0.0198387884604752 0.0209348507084753 -0.176475954517616
0.0717619718010322 -0.0716351112832822 -0.0565669913051414 -0.131092475854006
0.00035895973741053 -0.0984190940109896 -0.0948526936326799 -0.0749790183894623
-0.0458545382321601 -0.0697878125667215 -0.0908050678983269 -0.0451424038381064
-0.0537434739034317 -0.0453283128580746 -0.0584097558672931 -0.0590384493994178
-0.0520760304039602 -0.0471322115846035 -0.0392627781306656 -0.0965807680345499
-0.0377536616326296 -0.0798673394545876 0.0211258587653539 -0.132561642815161
0.0161296923342686 -0.103209680596352 0.112989535192447 -0.121861389408026
0.0837287275153374 -0.0665874710447347 0.152747903023375 0.00208012742813987
0.117041466962648 0.0424606082762084 0.0634522063373704 0.0967441872225944
0.0333567357253843 0.140555309005752 -0.0456958075597332 0.0646862395667969
-0.0634290713977906 0.130595387253626 0.0185853846369547 -0.110064649983604
-0.0630066225269958 0.019856473784812 0.16376475443831 -0.21071006237949
-0.0461109098790181 0.0631656114198711 0.183921870765191 -0.145607262013364
0.0109139629587117 0.062374103520123 0.137570957824426 -0.169264316029477
0.0463044731285567 0.0136446778058544 0.0490899381985164 -0.167662814289432
0.0292505304201309 -0.0279585052225316 -0.0346228816668223 -0.149756581003004
-0.000322883224035241 -0.0446415858087409 -0.0942562509337664 -0.103127594654164
-0.0224745894248778 -0.0323420194059696 -0.10446451985536 -0.0667957833852384
-0.0268440098234342 -0.0189646926075656 -0.0729636755371298 -0.0727890204894143
-0.0304012914715043 -0.0211354394486743 -0.0500430214301356 -0.108882857985593
-0.0238791878288904 -0.0415790792991369 0.0155994669377414 -0.144141854998835
0.0108371772090894 -0.0601971943706771 0.110231769358176 -0.130673911049625
0.0581753681474754 -0.038140943003095 0.158520396693569 -0.00358651670092062
0.0682744951914615 0.0435384901650214 0.0698123931699095 0.0888275787317787
-0.00492975096608301 0.0902182695941735 -0.0331136068576235 0.0521487443121347
-0.0605902945102026 0.0459507293724114 0.0444112176345361 -0.129702492953121
0.0407594983350552 0.0295195432654269 -0.0532171940736282 0.159206443682033
0.0175459481278533 -0.0254987704352761 0.0742987737982314 -0.00930583376394073
-0.0193833990803342 -0.0191426072007439 -0.0543312097306709 -0.107496775699755
-0.0123534872645241 0.0138820131037299 -0.174292690798406 -0.0221499905959863
0.00849754725125769 0.00592101255503801 -0.126749064467842 0.131763241469197
0.00578543081605387 -0.00113083621589836 -0.0130402223379506 0.159619926009278
0.00450709747161693 -0.00531673831643397 0.045672718148003 0.121299025781265
-0.00462984306462535 -0.0121233162826157 0.0773814761400683 0.0801866550318912
-0.00788895830322513 -0.0144334530997869 0.0958847740586001 0.0657687489815219
-0.00487242522748854 -0.0214996193187164 0.0955643331217169 0.0883456028014215
0.0128336782504037 -0.0202618222861847 0.0421913024535415 0.135917531240209
0.0262595987781552 -0.00418452660218501 -0.0490438870503999 0.155345197361825
0.0297165555211579 0.00745629576101098 -0.117633837061994 0.148192888457582
0.0286995798574893 0.0336393753855955 -0.18074913027893 0.129770698691877
0.0138846059019671 0.0748180372666901 -0.166281002427852 0.192524272773801
0.00893224364654322 0.103766937058477 -0.0559289439250542 0.136810341675927
0.0341917080946411 0.0359299292308056 0.0785729798598319 -0.0150894882795422
0.0266051476783673 0.00536590282724751 -0.0434068034252284 -0.130180750519442
0.024528435951175 -0.00653687541707194 -0.179603239383299 -0.0423201577632673
0.0224390229030942 -0.0359924115952625 -0.139108805639146 0.119565469974847
-0.00459151793497447 -0.0425600161264992 -0.0266529175921947 0.153336672606115
-0.0207666018008096 -0.034083963977184 0.037133125282947 0.114137715996027
-0.0328409679720383 -0.0390766151218267 0.0692394194397798 0.0697878816072938
-0.033582520765003 -0.0496829917511593 0.0876635954047129 0.0461131577026019
-0.0178761816032931 -0.0779750921744386 0.101949522428207 0.0580481716263115
0.0402430891536439 -0.0780857543220974 0.0763069836771487 0.109696968934627
0.090820918450665 -0.0213005644237342 -0.0103420648554194 0.155223188523079
0.0926268834733774 0.0588635369412325 -0.0900667019424836 0.163029044352476
0.0382323647024135 0.125951064460243 -0.154671309559876 0.134805661465782
-0.0259788960228923 0.162677081367689 -0.142260869512543 0.167605390445163
-0.0344179705637256 0.166422909317898 -0.0417014759974982 0.0889654264893977
0.0384974753651038 0.107266778203155 0.0925989840808063 -0.0303929087828591
0.0738235350372973 0.0458540520793221 -0.0182529061904678 -0.162366462958468
0.0727527407422962 -0.02175444822739 -0.174046171009929 -0.0782888762294407
0.042734575903537 -0.0767795877848931 -0.150921050377494 0.0875325770894954
-0.01187453130572 -0.0849533862912195 -0.0465532901970605 0.132677207109864
-0.0425157302137999 -0.0622143239413732 0.0184812789856613 0.0969016874255451
-0.0559677543424595 -0.060289036684483 0.0508699895925604 0.050354620881349
-0.0552920324173564 -0.0732223366884273 0.0691272827451534 0.0162464660027806
-0.0357796084786695 -0.11674225753317 0.0984039641928863 0.012889687336929
0.0446704240575629 -0.128711807271297 0.109509202883448 0.0597870121499168
0.128679165744078 -0.0588862442657571 0.0442151918731772 0.1379709891166
0.15411871782255 0.0702126107540463 -0.0475000058476303 0.171522791892182
0.0675666035702248 0.186814374897017 -0.124384529381538 0.134269111887626
-0.0465176406018952 0.227159123935625 -0.108692652803439 0.121285312225587
-0.0809411536427827 0.202065611195144 -0.00840024069692252 0.0241826907151165
0.0256387464368106 0.172350090507968 0.113266473354739 -0.053569980962544
0.108868284278546 0.0976914945537528 0.0205159175304717 -0.192194964896508
0.122522037921886 -0.0237986337344806 -0.147737479111136 -0.122436275964497
0.0671182562757598 -0.107742173387641 -0.150582355300938 0.0359015067957526
-0.0140144551607132 -0.119987212422688 -0.0674613845084531 0.092831662531687
-0.0577957838270457 -0.084417842764505 -0.00707367431310373 0.0683029073515567
-0.0714128401735802 -0.0717096038062041 0.0246062380671008 0.0242321019279131
-0.0695149182432098 -0.0829325912046321 0.0416672974994235 -0.0166360156657797
-0.0518236173829916 -0.132778326411248 0.0817897086200416 -0.0360004474171964
0.0334357886107743 -0.157225542299731 0.125823143859268 -0.00218787581671259
0.134855557573834 -0.0938131062639572 0.0938164496471702 0.100509535918055
0.190080923668197 0.0553136734545232 -0.00300581568090595 0.161821337143844
0.0944102185333945 0.208855121825211 -0.0970145091694469 0.123210608396079
-0.0517252913147761 0.253616895981085 -0.0723680718002968 0.0592732690159665
-0.115816190212507 0.202253205012288 0.0401262832349956 -0.0502953900210095
-0.00373694972196178 0.208744814189804 0.136593220303037 -0.08228169214156
0.11321291437862 0.142901446990491 0.0659081594942263 -0.205475667038038
0.154519225826436 -0.00961626788113196 -0.0955671052010868 -0.158922276785358
0.0874859070756146 -0.117424204288408 -0.130182983491743 -0.0280828704107988
-0.0100965108727505 -0.13688349969309 -0.0833044945516356 0.0375359998122327
-0.0639006042201772 -0.0950771430914398 -0.0363722072002939 0.0310944305608416
-0.0759669702398292 -0.0718230084049229 -0.00501980925983671 -0.0051174828156923
-0.0724691006572006 -0.0787395513654752 0.0109739645386207 -0.0469442360018239
-0.0564878698529376 -0.127686589713772 0.0575139919838537 -0.0762704392419488
0.0219487947234907 -0.156820206465241 0.124113744829163 -0.0570912761152091
0.120750452835061 -0.103740615039777 0.123989423748497 0.0570373507341481
0.18534922079884 0.0397276865933468 0.0303313339272145 0.138533098972238
0.0945422244659252 0.198427133973697 -0.0763158542888667 0.103531623893802
-0.0544084780041473 0.239614799914887 -0.0392768172613911 -0.00699160706583967
-0.125452962455269 0.164633363230773 0.0944834828095684 -0.119741725989701
-0.0360032068922864 0.198582914388416 0.159208036000672 -0.108414685796718
0.0862551997177653 0.156312031121739 0.104849589230121 -0.197308566570278
0.148996252354984 0.0113784001122929 -0.0316632334876989 -0.172894900885768
0.0899263407275891 -0.101179459004238 -0.0920102339290539 -0.0861439292031158
-0.00380728844337804 -0.126976074012291 -0.0905988872622776 -0.0220132632978214
-0.0581032025251787 -0.0890537395260378 -0.0643038238798157 -0.00905447262422629
-0.0681840152556606 -0.0623606852368728 -0.0327403462337009 -0.0331615415571596
-0.0645346324777403 -0.0647785809208697 -0.0175228670650556 -0.0728229419576269
-0.0489110999803004 -0.106343371608865 0.0341983001324732 -0.106205089637233
0.0168664574080621 -0.133442811884141 0.114519314906186 -0.0948557521860333
0.100681292908074 -0.0890160413731088 0.137507588064049 0.0223968949681839
0.152874583976117 0.0362347519288346 0.0488451676744974 0.113195427583495
0.0685925937019606 0.170560055163709 -0.0587811527829172 0.0808684433861636
-0.0579832539800132 0.19162070408116 -0.00953070891987219 -0.063859996218552
-0.103989664806488 0.0994452296513443 0.13787884317067 -0.170450163764317
-0.0510326180924142 0.14276870607867 0.174710674230166 -0.125826907798566
0.0458659222182845 0.124845878259132 0.128444373721706 -0.176471390612073
0.107120550896088 0.0199825637749342 0.021863152460041 -0.167153679090666
0.0682029118903668 -0.0678112372156119 -0.0527848994756038 -0.124965069199522
-0.000939488639814022 -0.0928889820765652 -0.0903190377628355 -0.0716629893310492
-0.0431056881320858 -0.0657902037571135 -0.0857404348305828 -0.0435178407348262
-0.0497722159666447 -0.0431672795363607 -0.0550297289971008 -0.0560442888308124
-0.0489746451294998 -0.0442201913615355 -0.0371258328848858 -0.0911375586133762
-0.0356834535697605 -0.0756642427947914 0.019933829788758 -0.124996225225027
0.0146635009383933 -0.0973373540529402 0.10673265990523 -0.11533556584373
0.0795752933924059 -0.0619803371710567 0.144228417986223 0.00378616087377774
0.109809209922218 0.0416828548522258 0.0588846307212955 0.0938218985668086
0.0305436927468624 0.132361745577178 -0.043102800469579 0.0617631622498668
-0.0617219699459307 0.122773994856744 0.0182425266810409 -0.10386151022108
-0.0592534565668785 0.0182194859868618 0.156607787647621 -0.197144317254137
-0.0435668589362636 0.059384370290116 0.175303657928511 -0.134808073013699
0.0092970690044192 0.0593671365512681 0.132252110081602 -0.15768047612343
0.0435663844102564 0.0131722650556417 0.0488180076518581 -0.158723050190045
0.0282050782672904 -0.0262018403719356 -0.0320112621525251 -0.142429775748993
-0.000920970447421479 -0.0419006683051184 -0.0900072331515617 -0.0986749899591825
-0.0211992485552368 -0.0310442168886019 -0.0986165015571188 -0.0637081756552198
-0.02419192956705 -0.0177013756798795 -0.0688374703624005 -0.069561105154102
-0.0275193860882202 -0.0197283810169563 -0.0470731744050539 -0.102791072019532
-0.0221170680237747 -0.0391065119569447 0.0152541680024377 -0.136646671986553
0.0102549835028776 -0.0571061352687375 0.104849997966913 -0.123204347862131
0.0554882794825407 -0.0356111550806144 0.150199982725901 -0.00170510745652953
0.0639702507603242 0.0420866110619461 0.0638394772024732 0.0858234289524472
-0.00497840388585845 0.0841349690732387 -0.0316160705964268 0.0491261266373478
-0.0578403570934175 0.0426879752456623 0.042459924777603 -0.122600414006991
0.0349000452239813 0.0330552278843571 -0.0765455941282318 0.150288731641363
0.0203377877937434 -0.0222225369672916 0.0767940132919305 0.00457576349178266
-0.0149684831092676 -0.0210885911475111 -0.0345155436724118 -0.113853951967454
-0.0132678916182736 0.00989787699142879 -0.165554249474535 -0.0475031714648906
0.00601643226312492 0.00583718343813432 -0.141900516769921 0.108470284487607
0.00663666380868288 -0.000414654673658824 -0.0370282667595524 0.15364420971301
0.00554932880518069 -0.00491786684053272 0.0270682329493009 0.125906120474078
-0.00203721486312657 -0.0123820583796621 0.0618488803528988 0.0907030255862455
-0.00405240349613276 -0.0156162624699588 0.0822371124496148 0.0807443906389975
-0.000334717727256653 -0.0216048328379377 0.077279786019053 0.101431013618545
0.017545955845966 -0.0167982763650904 0.0178176323719667 0.139615843737206
0.0277280860395028 0.0015384212010123 -0.0754922669690654 0.143974289501942
0.0280269275972231 0.0160946675879209 -0.140403630609641 0.121596572855829
0.0214689532568601 0.0402721140595456 -0.197807189349101 0.0924306869229579
0.00200271074138147 0.0768098189574874 -0.196684054301932 0.157868717402561
-0.00588263123840579 0.100541234181363 -0.0794210009637501 0.122724994499275
0.0266827609162869 0.0399799973692442 0.0787682228503539 -0.000776852476163162
0.0248065842715248 0.0101258342809754 -0.0229056621252242 -0.133561476261182
0.0251958021334484 -0.00267831981899786 -0.167648360742614 -0.0657648473601556
0.0266477761015715 -0.0317698432384231 -0.152520059861411 0.0957289585192783
0.00292718083530911 -0.0421773805358854 -0.0479650116379332 0.146820376285167
-0.0139295131277639 -0.0366670049186576 0.0197345966668482 0.11786361579743
-0.0247821602282074 -0.0437951630362922 0.055318773360562 0.0790001818266411
-0.023532854605021 -0.0535416254277822 0.0771573822507525 0.0604552733173702
-0.0038358865010188 -0.0778894536123433 0.0873017485638426 0.0736954872966863
0.052908325483396 -0.0678302483760933 0.0538301506818775 0.118479145561184
0.0939033332051974 -0.00414378810121405 -0.0383838155345216 0.150152273843283
0.0804651828818302 0.0753379136581421 -0.115535029773701 0.139817988867019
0.0152183194819254 0.130082352522615 -0.171667974898865 0.10103613157254
-0.0523464721713323 0.154606404333121 -0.16795596472517 0.137955032279926
-0.0566008492476616 0.154431311568719 -0.061764699062642 0.0739560058705655
0.0198453319348395 0.109147934675013 0.0913489895276964 -0.0145804123859682
0.0638129751703165 0.0559909934160617 0.00265756740481526 -0.159564770528426
0.0736193319034484 -0.00897504439671163 -0.159105698553022 -0.0985875423602549
0.0530687710815768 -0.0672730505415595 -0.159825823272296 0.065654890485705
0.00258516585539764 -0.0840666064032445 -0.062914204326842 0.12495329305908
-0.0309162372276094 -0.0675054904650374 0.00463657136232508 0.0986934979963868
-0.0438585456064115 -0.0678597035120704 0.0402394594244445 0.057330706982846
-0.040735908997058 -0.0798963289152972 0.0627543347755739 0.0283230455739707
-0.0155106689651282 -0.117968644713542 0.090143655998863 0.0291428125040766
0.0647213191208891 -0.116021555886465 0.0933681832753942 0.0752673540548346
0.136574003798643 -0.0345266515461871 0.0171125473815609 0.142724096311472
0.138557215927458 0.0954424892061897 -0.075777674948003 0.155169374146476
0.0336707483106376 0.192751569490006 -0.140586246496403 0.105407577825863
-0.0835176191829368 0.212851242738987 -0.12465608773261 0.0981247050426096
-0.106137860636437 0.182614354849478 -0.020645537838592 0.0113111989696407
-0.00286902123794727 0.170086838276536 0.11255984601883 -0.0365765148619889
0.0887361606020039 0.111762642891407 0.0409168229506041 -0.181848689663646
0.121971431797286 -0.00191949082492846 -0.128648750564191 -0.136528544955248
0.0816247392376056 -0.0924680386779291 -0.152487983346007 0.0174331578470475
0.00553254404512393 -0.118198625717087 -0.0762270585070353 0.0843280047795302
-0.042506504658165 -0.0916834671749019 -0.0159104005362081 0.067680090267694
-0.0565496635734422 -0.0815081742316199 0.0193900129231256 0.0272423933458579
-0.0529197488499507 -0.0909728243561292 0.0413046151110097 -0.00869892295826207
-0.0282187830741776 -0.136362209616551 0.0816980373111589 -0.0210404361163941
0.0580584087079304 -0.145340758117691 0.119091528649145 0.0173423546442729
0.14752184977086 -0.0682898852185198 0.0717017579923115 0.115002988187039
0.174500829643495 0.0851194090605572 -0.0313013744514939 0.153909775904446
0.055639517409426 0.21694909870456 -0.111708865610162 0.0990398597170302
-0.0934692700612046 0.236410160539029 -0.0781156459994824 0.043658041850263
-0.140817162878521 0.177884535425444 0.0391677400241245 -0.0563957948749722
-0.0371284118145839 0.20084829324201 0.138492149845235 -0.0632081534560104
0.0860957078925427 0.156520238924167 0.0841616583690459 -0.189233194041852
0.150186409363444 0.0169858064322251 -0.0747684680665879 -0.163066025537742
0.103141648521926 -0.0975488858042174 -0.124719678525369 -0.0403080600400062
0.0117161670443779 -0.133091951680378 -0.0837100522836011 0.0283199265049558
-0.0462626961588902 -0.102713732514525 -0.0395030044971192 0.0268293408459878
-0.0607433211012527 -0.0827262686761673 -0.00403605341438703 -0.00578525507991221
-0.056613511525329 -0.0871747192252768 0.0161564716651957 -0.0428617456501593
-0.0335925733802617 -0.131720624095021 0.0647597632024931 -0.0643993687228038
0.0458841300279107 -0.14701663591881 0.126356390907718 -0.0357576791428773
0.135498849315268 -0.0806154219764991 0.108517680453868 0.0776300589823302
0.172641186566611 0.06919381050913 0.00463713231740415 0.137558867238003
0.0576528117381947 0.206835939300108 -0.087511721064879 0.0840474298122228
-0.0941041981310656 0.222478762737656 -0.0342873358036493 -0.015280999473401
-0.144083656378994 0.140743819695933 0.103766102854639 -0.115616927491044
-0.0659686608759232 0.185485424734748 0.165645218714996 -0.0864460180225039
0.057469545480439 0.165650713269188 0.122095081500739 -0.177572092884836
0.14172854045556 0.0360779108210608 -0.0112675757606582 -0.16866445698071
0.103556421477744 -0.0814922157301341 -0.079678358422091 -0.0913483495933504
0.0157357552073217 -0.122482451132483 -0.0822009060633418 -0.0306939404349503
-0.0425480941378595 -0.0959183965774203 -0.0612290245459253 -0.0162185861793493
-0.0554370551026847 -0.0715939000190819 -0.02664538250599 -0.0379237362958001
-0.0515113522980523 -0.0722833689632713 -0.00678255610237063 -0.0717073615243271
-0.0299230113548996 -0.110424531487656 0.048107579164176 -0.0964014915597909
0.0370511485739208 -0.126543112875264 0.123654040593023 -0.0747796506228648
0.112822577683048 -0.069683467615692 0.128287285114451 0.0466570463470542
0.142030051524581 0.060576513484426 0.0271529669136349 0.116679248167163
0.037776535148578 0.175749200926501 -0.0667870979175714 0.0656859248282233
-0.0895559075617633 0.17466519297732 0.00421853432105191 -0.0657034065832924
-0.114525424986198 0.0808122235737439 0.157001836153095 -0.155563374533157
-0.0712273918950314 0.13016625399608 0.185925758239003 -0.101055112365561
0.0242088991686967 0.128853136495076 0.143954557170012 -0.154134507177089
0.100193129129454 0.0376386114473456 0.0411534797919925 -0.156173442412417
0.0771299008176074 -0.0532065463335546 -0.0350262077604266 -0.124690482367243
0.0133445275380678 -0.0884041319111933 -0.0756279207991487 -0.0799000901482335
-0.0318254688390816 -0.0712524261103771 -0.0773308163068596 -0.0530624130671137
-0.0402330630304799 -0.0499571891336239 -0.0445847375472941 -0.0637835981898275
-0.039386492152093 -0.0501202095768138 -0.0218266942896798 -0.0939462779062582
-0.0228874347974733 -0.078938511151145 0.0384744298694776 -0.117587347650917
0.0292698344692179 -0.092624387073873 0.120574783585757 -0.0949257355175243
0.0876696845927025 -0.0480714547531218 0.138669019835252 0.0289988276214133
0.100022330762387 0.05822988351764 0.0399974538122734 0.100721231562009
0.00722874045157482 0.132470309917372 -0.0488121469461736 0.0510147818702944
-0.082062736009449 0.106212395465694 0.0374311272184358 -0.0993150633783153
-0.0594753358358488 0.0094754703908023 0.181798204161106 -0.173270597550046
-0.0505577607526314 0.0509715942449901 0.190583781240044 -0.107982166801535
-0.000936702717220894 0.0592328307034153 0.149526305493336 -0.134950768278294
0.0406804708342185 0.0204639642909487 0.0681164374428316 -0.145835590036143
0.0320654572852938 -0.0206181442132737 -0.0110459385042926 -0.141053232768017
0.00513044929388522 -0.0393388449944014 -0.0729938716582224 -0.108453480754415
-0.0164589906459813 -0.0331985063269799 -0.0877599822735727 -0.0759162796743544
-0.0200923816120834 -0.0215990927762549 -0.055376779617122 -0.0794752273151617
-0.0235055389654098 -0.0230308273398259 -0.0292024209380203 -0.107339436892764
-0.0155706936844923 -0.0415455022018517 0.0358713609708005 -0.129507181482045
0.0183694521918408 -0.0544038869057835 0.12090779720878 -0.102912462606378
0.0602353251583416 -0.0268073288886519 0.145409109343686 0.0239273682806828
0.0558388182261893 0.0510297049519959 0.0470249531572977 0.0942288110669509
-0.0190058849437205 0.0800515064954337 -0.0370661544188317 0.0418991580641338
-0.0648807776192545 0.0296680916543506 0.0632628231087157 -0.113018670669528
0.0346541092063276 0.0333962877213507 -0.0766971344925367 0.152326362823571
0.0205147706863153 -0.0220658207893427 0.079970449902924 0.00552411772766978
-0.014655977467413 -0.0213806805674868 -0.0324157921300604 -0.116211687758634
-0.0131561511719068 0.00969898171987503 -0.168137520453581 -0.0505406086553059
0.00595898744138592 0.00507174155937822 -0.145316525404715 0.107680985216193
0.00727332894318034 -4.37540241693931E-05 -0.0379554879973127 0.15526395654505
0.00561300853768546 -0.00488907853332067 0.0273039344693603 0.128419951721296
-0.00247866400290168 -0.0133542255138936 0.0617944969781236 0.0934644880655367
-0.00444238321262135 -0.016127953115659 0.0832636782018504 0.0828156048574654
-0.000702537980976402 -0.022048295161763 0.0770012759054255 0.103637067972155
0.0181093613848335 -0.016972776062403 0.0162020533553889 0.142586803729371
0.0287094492171743 0.00155640402188424 -0.0784550602077756 0.145986519359729
0.0280129869195381 0.0167079050610037 -0.143940823599039 0.120107869481018
0.0205587371785823 0.0415684227823167 -0.203136948015506 0.0899259557787508
0.00083083179161777 0.0779875159075556 -0.200939134348968 0.157804822132134
-0.00664111670467674 0.101190122538948 -0.0798967663292306 0.124775444983995
0.0261746346087733 0.0403330736976045 0.0823080883050255 0.000989861261287983
0.0250452768190173 0.0100990024699573 -0.020895942665933 -0.136072668606045
0.0260913709461807 -0.0027355898544668 -0.170216927912027 -0.0693994938640955
0.0265178422478946 -0.0325559195704658 -0.155537337853271 0.0953579234067038
0.0030484222680236 -0.0428778791467741 -0.0492922141350643 0.148689632539103
-0.0140989712805252 -0.0374496613131284 0.0191340724241968 0.119958904733657
-0.024890836786991 -0.0449857331051009 0.0548349796962085 0.0812545637851737
-0.0235413171788884 -0.0547484352434945 0.0773741371675144 0.0627824923903721
-0.00407759465134244 -0.0790972986869063 0.0874596279237795 0.0749497882674819
0.0540504963589706 -0.0687361963340235 0.0528471382905363 0.120415532160769
0.0958148275990873 -0.00385276451071809 -0.0407081660153673 0.152347672932472
0.0804406099202531 0.0778505553251238 -0.119499769891594 0.141035537885009
0.0133496418484137 0.132467254087765 -0.176463634029759 0.0996086509740901
-0.0550982276350735 0.156818805798455 -0.170826061486614 0.138106049844495
-0.0586285488138951 0.15490011457847 -0.0611224871761012 0.0764151011752569
0.0189317757294747 0.110394451518262 0.0951018000429301 -0.0113624891128873
0.0641529325104963 0.0576222219063461 0.00526915352380495 -0.162011259643588
0.0746832743276809 -0.00851537899828218 -0.16004870589476 -0.102387992535134
0.0533974296585174 -0.0685860367152606 -0.162708606639419 0.064269262951766
0.00224668179040006 -0.0849781172649652 -0.0650696014685886 0.126485362932019
-0.0306491996609493 -0.0683608880805465 0.00380039993690857 0.10023333281854
-0.0438184048554826 -0.0691077742194601 0.0401593828001994 0.0590760078390852
-0.0409854191579789 -0.081545639502683 0.0629608333993733 0.0302269054850779
-0.0163701397790414 -0.120310434414674 0.0906064020669702 0.0303126708320891
0.0662020687033949 -0.117325149719486 0.0927129726419844 0.0762903222109941
0.138778123698603 -0.0344874180433547 0.0156390976297785 0.146285413559068
0.139188432479765 0.0983241305447787 -0.0796768153060474 0.157873684239979
0.0314273260660349 0.196352859551041 -0.144269957982042 0.105530275410077
-0.086930199545191 0.215869639376362 -0.126728749720355 0.0987332190090898
-0.10884512612548 0.182649389145514 -0.0196542007748334 0.0131574524805572
-0.00446696559133023 0.171859831917323 0.116420150714879 -0.0325739036263641
0.0886632352013085 0.114438448778327 0.0443335702882289 -0.18462285493533
0.12378913471312 -0.00115624603755193 -0.128285324063214 -0.140436260907397
0.0830980819720125 -0.0937287784191965 -0.154768663603129 0.0155148208488729
0.00511377946682198 -0.119537029690764 -0.0785127400014674 0.0847308010158692
-0.0425971035369564 -0.0932701242147564 -0.0165269437791977 0.0679923909239431
-0.0566890056601675 -0.0832538463912173 0.0193269907956456 0.0282328231747295
-0.0529874840212099 -0.0930304671586188 0.0407110129385471 -0.007108263548931
-0.0291279147683004 -0.139091615045832 0.0817750058787368 -0.0203723770081692
0.0588724944414323 -0.147577935648561 0.119143966141577 0.0174813895144358
0.149939825606581 -0.068293079196758 0.0712049044951515 0.118424517046278
0.175589535070847 0.0888064132504464 -0.0337903081353376 0.157774501956835
0.0542198326037814 0.220226856376038 -0.114093274113848 0.0996950449864038
-0.0972531648548029 0.240453203193625 -0.0784736130486378 0.0435437913535869
-0.143431299208267 0.17793645614717 0.0403161596854752 -0.0550062110734841
-0.0395745715939612 0.202290550306494 0.142566871286339 -0.0587643195947318
0.0852151172306735 0.1601975270133 0.0889327670484786 -0.190619058636999
0.152757676770067 0.0183326091480292 -0.0735352571338728 -0.167311716393725
0.104578565184632 -0.0988737785525852 -0.126443147405713 -0.0424804958398927
0.0114410366008254 -0.134046448771315 -0.0857514956427046 0.0285269661625943
-0.0467533054773379 -0.104258443349272 -0.0404720993564865 0.0270122747916215
-0.0602680837249798 -0.0845303323189622 -0.00460342240445802 -0.00611086224082726
-0.0567246186149953 -0.0889110978722631 0.015797835445049 -0.0422792675560465
-0.0345636249859655 -0.134525965672985 0.0653574808989019 -0.0642752504136241
0.0465392537214567 -0.149209407595776 0.126526176613986 -0.0372296022018406
0.137770478030635 -0.0811104506596757 0.109184749700223 0.0812131080021225
0.174147329559993 0.0722431037884385 0.00287128115559259 0.141855892266204
0.0567179118004042 0.210246773091026 -0.0890452853548396 0.0851784147565153
-0.0971527347216268 0.225352648437521 -0.0338333683204289 -0.015355591992215
-0.146934418311499 0.140052371314432 0.106627470769845 -0.114688587774692
-0.0683068307317944 0.187568580003347 0.169289034930852 -0.0820771994972713
0.0565193846957552 0.16910329590558 0.126133121981705 -0.177477389293339
0.14370567111814 0.0374231605162583 -0.00888169752822977 -0.171736618247292
0.104979870520913 -0.0822514901273955 -0.0801343075032073 -0.0938278557654274
0.0150537353989539 -0.123494126196069 -0.0836666167123961 -0.0320149927569282
-0.0428483007981478 -0.0974806863682847 -0.0622564453745062 -0.0173600618499537
-0.0543748747952145 -0.0730214835129045 -0.0274627758088762 -0.0387513533224363
-0.0516929709024353 -0.0735089805109993 -0.00672534781049099 -0.0722235880131166
-0.0310311507922639 -0.112232939188138 0.0486276023926711 -0.0976254662553466
0.0373362388185691 -0.127972157498506 0.12428274264532 -0.0756556331586632
0.114926656946938 -0.0707435101770828 0.129631626415696 0.0491023278123797
0.142596387217592 0.0636308766048329 0.0259765910355298 0.120611781995698
0.0365836294727352 0.177620890980619 -0.0678972650007137 0.0667900473133344
-0.0928417568810006 0.176685485106666 0.00509577351925474 -0.0669101981129815
-0.116409549182099 0.0802928455038417 0.160230747263019 -0.154642798207622
-0.0728048126119207 0.130747759441617 0.189957525699758 -0.0972004619278245
0.0229746413895483 0.131494544963707 0.148465291038756 -0.153317575807042
0.101471105921854 0.0385731634925207 0.0446674313943829 -0.158850849474681
0.0786550927589247 -0.0537653764535645 -0.0347091814772729 -0.127831529964499
0.0127264166205141 -0.0892747295867981 -0.0768835418988084 -0.0815646810943747
-0.0323545700063103 -0.0723701659732802 -0.0785847952158338 -0.0544887939496491
-0.0399988994945656 -0.0516332110406622 -0.0450840927339717 -0.0655478176490852
-0.039276846724928 -0.0509644724292754 -0.0221727532805477 -0.0942468614780422
-0.0227959062495396 -0.080094177473327 0.0394228148741062 -0.119492450635797
0.0297078324092514 -0.0935121044800054 0.12210206453277 -0.0966232310160059
0.0896817310297753 -0.0484109368103014 0.139498288256941 0.0309084502155774
0.0999351273430751 0.0610783607052075 0.0397983240983021 0.104748034294107
0.00584455791117645 0.133688462352775 -0.0497257066176732 0.0514239917914624
-0.0838085778516392 0.107442176893386 0.0383018653581947 -0.10015317832161
-0.0598352419396103 0.00818876920478897 0.187033236484929 -0.172809935708471
-0.0506017091156805 0.0507273685580851 0.194693510375299 -0.105147048873146
-0.00219144293137986 0.0607815109595341 0.153497089659945 -0.133946231163372
0.0409628578232628 0.020829575760754 0.0721544020070094 -0.147473468970755
0.0326534937516332 -0.0206617133125792 -0.0100263763841484 -0.143463168562818
0.00419240476375372 -0.0392285081674518 -0.0738661737111588 -0.110373125007372
-0.0168681033955319 -0.0337116155900206 -0.0890378370143999 -0.0767072729707057
-0.0193720333195274 -0.0222257888011203 -0.0555962161836935 -0.0814607498365005
-0.023390542614781 -0.0230689372856611 -0.0293522754090075 -0.108861870505121
-0.0150569993414007 -0.0422755018541327 0.0370892650420081 -0.131330843604287
0.0188020475277916 -0.0547289044295614 0.122554074960313 -0.103758945868938
0.0608388975518379 -0.0267343887889825 0.14718983241946 0.0263351655026094
0.056174120780935 0.0528215837398548 0.0457392976697485 0.0977829181843295
-0.0198376685896564 0.0806698161429679 -0.0377856672691008 0.0418838976609489
-0.0662232611260851 0.0296211677290521 0.0634816902044858 -0.114002871034393
0.0361831236646551 0.0330073977432056 -0.0718160685054671 0.158421166873829
0.0199263991427204 -0.0234131520322324 0.0844961389180125 0.00353694778025932
-0.0149146718571127 -0.0216066508495297 -0.0347766417372171 -0.118574184559945
-0.0133096600007911 0.00980123058104949 -0.174684928299036 -0.0469134678316001
0.0058630700365206 0.00488396144097856 -0.146204715655008 0.11433302159769
0.00759813745351033 -0.000546221979608185 -0.0339681558486377 0.159780664381798
0.0054336354137123 -0.00556527973467429 0.0317031258046377 0.130619151487083
-0.00325560216956799 -0.0139019050009447 0.0664759481543948 0.094525130271738
-0.00536510392679534 -0.0164648695646941 0.0883946137817554 0.0830106892152672
-0.00151943095910853 -0.0227127912793054 0.0816647129189628 0.104423176266978
0.0186046120114445 -0.0180307458173709 0.0200655925541564 0.146100056992228
0.0297415549047728 0.000748038001209491 -0.0770065590624305 0.152420753020543
0.0286512056142591 0.0171502408852865 -0.145261192813027 0.125823614518561
0.0212225726501194 0.0427997567983831 -0.207516631617086 0.0967874626651428
0.0029505514632246 0.0796378097982088 -0.201813017194923 0.166530345270962
-0.00397713064708779 0.102598259141061 -0.0758850112903345 0.131323151138261
0.0273296744787866 0.0403326422201277 0.087464834233736 0.000144829954734559
0.0261753161589671 0.009953046192792 -0.0233670202150934 -0.13895955067559
0.0268172295855426 -0.00367808334988088 -0.17638608875734 -0.0668074179933212
0.0258235091329787 -0.0347036416602236 -0.157255600631136 0.101277711068133
0.00174571687005701 -0.0436483263733849 -0.0455161802791067 0.153453605247745
-0.0156659126852393 -0.0382931726819839 0.0232281941133139 0.122568623445229
-0.0272529934076529 -0.0453966631010536 0.058635880066378 0.0822273182793747
-0.0264021203154377 -0.0554427079693296 0.081146272895581 0.0625815260929319
-0.00752175660072163 -0.0813128851156995 0.0914151163237127 0.0748819366136167
0.0533039221002882 -0.072262559152861 0.0571767625964118 0.121760669073526
0.0982303198981607 -0.00727714392784694 -0.0383512912736983 0.158423141824615
0.0838235209613107 0.0780332199856946 -0.118967348949812 0.147093160488981
0.0160030122742674 0.135965993524372 -0.178831171275939 0.106779981479326
-0.0520755703833169 0.162545855429245 -0.170640551072135 0.146490249905776
-0.0554134824770035 0.159023225713512 -0.0584819630556751 0.0815707288164649
0.022062291774052 0.112022210495125 0.100286673667542 -0.0126712674434167
0.0671449886324118 0.0573482249063797 0.00223561493573578 -0.166646106617969
0.0761433230797823 -0.0109891775131483 -0.166629800156916 -0.1014220784111
0.0515816683801112 -0.0722738486127971 -0.165079956965211 0.0697111240352001
-0.00122942206592213 -0.0870201958079676 -0.0620753481807642 0.131085922272112
-0.0339354887438842 -0.0691024347460168 0.00702825400494066 0.102255232009991
-0.0471237071147043 -0.0698486871718758 0.0428683794068761 0.0598573395422551
-0.0446758912128352 -0.0825421015595568 0.0654596614271555 0.0299004061553372
-0.0213988667025266 -0.122789106090292 0.092587048672837 0.0283958477450114
0.0636734712479289 -0.122096704734415 0.0959757533803692 0.074830068961574
0.141195760032957 -0.0399207747440034 0.0201515984215774 0.150562786619505
0.144151865868318 0.0978665218047984 -0.0775558004040466 0.164526812891168
0.0368435728398433 0.200601865723372 -0.145659420204904 0.112511045174292
-0.0827484036174115 0.224522888393085 -0.126116688504529 0.104859205280004
-0.106212942328912 0.188131797521481 -0.0182890892953345 0.0160284944150784
-4.20330477670274E-05 0.175332215735357 0.121245400316891 -0.0332542240286664
0.0934863987071317 0.115158396913053 0.0422402801031149 -0.190453552948924
0.127091534876722 -0.00514621107703733 -0.134804694261495 -0.140869080961827
0.08075562866321 -0.0994362000387787 -0.158273207946246 0.0206253664106964
0.000592555497300319 -0.121655733965134 -0.0775284827363477 0.0889623015057335
-0.0474074689758906 -0.0936339438192869 -0.0154590100654426 0.0701072796760648
-0.0597808806939891 -0.084027986746328 0.0201115848728564 0.028453902502323
-0.0569773896830917 -0.0929594826744612 0.0410657420596424 -0.00724398955304565
-0.0354101739167952 -0.141129422473477 0.0823453599945625 -0.0230671026213627
0.0545081168558125 -0.153061263408973 0.120250715473522 0.0138435104035104
0.151573737857865 -0.0749597458708089 0.0762374067644552 0.119992450074857
0.181421602786393 0.0860477522712405 -0.0306947853775318 0.16416697677717
0.0611060853252734 0.22432029015539 -0.113824065942101 0.10601919390609
-0.0926645263079195 0.249692781550417 -0.0774658976497184 0.0467527288708598
-0.141734979992396 0.184431464280734 0.0411148971627183 -0.055417944692376
-0.0345551823985146 0.208008732348871 0.146294890051375 -0.0608443525047303
0.0914447963499352 0.162579794728456 0.0864138981325812 -0.197807663190808
0.156831035226027 0.0141449251904479 -0.0789828814953001 -0.170364180476508
0.103428681466292 -0.10507008325899 -0.130220111460872 -0.0401563773256847
0.00583393523596894 -0.136902505111541 -0.0866349525312846 0.0321106406625982
-0.0519279949149851 -0.104685095329864 -0.0410749267118166 0.0287807220932864
-0.0638136121996978 -0.0848413222944479 -0.00509421299756102 -0.00582863282230009
-0.0605135223523301 -0.0890814031189937 0.0144044803429947 -0.0428433685115647
-0.0407204149012741 -0.136488856827198 0.0644528234669191 -0.0674262257420832
0.0419731999503678 -0.154785717765203 0.126975814459519 -0.0426957912917993
0.138001367452499 -0.0878274463864312 0.114099529975434 0.0807168475760859
0.179540401474344 0.0693283445852382 0.00656553496144514 0.146693457989993
0.0633565002481435 0.213507259198184 -0.0881536047138934 0.0895138516333399
-0.0922536408385932 0.234307752320256 -0.0343345604330868 -0.0150598956883898
-0.146507677457187 0.14678741513713 0.106513786676693 -0.118330626625423
-0.0642458390479963 0.192851733197808 0.172522671110528 -0.0852417504413951
0.0623811083046567 0.172680311688737 0.125330126177592 -0.184244658359676
0.148166326411106 0.0339420967442593 -0.0121832914637601 -0.175834629574112
0.104982552212033 -0.0881265316901799 -0.0843053345285231 -0.094251402543969
0.0107115965031671 -0.125771062013159 -0.0873132698769693 -0.0293642294164093
-0.0475058025940745 -0.0979957415964675 -0.0642341371718783 -0.0153495645061073
-0.056850265372959 -0.0737389610231832 -0.0297105955968419 -0.0393118918043203
-0.0541141834695164 -0.07376410383533 -0.00984263197899964 -0.0724878013762141
-0.0356688784779679 -0.114209224533796 0.0461474956458953 -0.100785988688923
0.0331393206409193 -0.132076502861277 0.123432636993208 -0.0822829199779871
0.115426474679203 -0.0755829317743379 0.133876499736814 0.0470360727808243
0.147141477021244 0.061617442236558 0.0303021601431929 0.125092353113276
0.042525051248128 0.180893562586924 -0.0671244820467138 0.0700298205982114
-0.0890180207586036 0.184522466720455 0.00390356373057311 -0.0684867344988671
-0.116157816689289 0.0841273333602784 0.160436125862988 -0.160818910523243
-0.0694193858635894 0.135314427967741 0.192324873794835 -0.10209192017436
0.0267003903311818 0.134451447607298 0.149039698303907 -0.160521561293556
0.1053513562477 0.036546152629651 0.0427789159447467 -0.164012230765297
0.0787532825192933 -0.0575008365071595 -0.0389435713356118 -0.129482703742315
0.00922088710064294 -0.0907392263935001 -0.0820062503421558 -0.0805071172943103
-0.0361124646790629 -0.0726996833846271 -0.0828660838801372 -0.053013927506906
-0.0413323119952392 -0.0519419331453022 -0.0487390373461185 -0.0662497559678311
-0.0405217397675826 -0.0503300165754936 -0.0261879517414338 -0.0957866897168603
-0.0258870379482962 -0.0813549876269822 0.0356939102098604 -0.123013069191449
0.0266209826830635 -0.0964048679904989 0.120847075012384 -0.103110843229256
0.0898370929888591 -0.052707972627161 0.144094440426663 0.0282682185581213
0.104041987292594 0.0599747763710314 0.0429985206656511 0.108062284984964
0.0101148418959206 0.136495368899199 -0.0492342344158327 0.0542531586911251
-0.0832488581409788 0.112499028362092 0.0357946346975801 -0.103766463557958
-0.0600278120559965 0.00975377590292199 0.186584637216105 -0.181115719573786
-0.049700849079549 0.0526951879519456 0.196220571926113 -0.111280864178068
-0.000496765581366204 0.0625842647818121 0.154084400682404 -0.140563200632895
0.0425039527607721 0.0199349861750455 0.0714590601301616 -0.15313357866481
0.0325797017562863 -0.0224579896258945 -0.0138061816600815 -0.147026665825102
0.0024376444928255 -0.03946172550117 -0.079699769407558 -0.110558617182734
-0.0187389725381543 -0.033518391775979 -0.0942150290668137 -0.0759768906080738
-0.0200114886466994 -0.0224131444284939 -0.0604427702805451 -0.0826858557489524
-0.02317770202861 -0.0223565798359361 -0.0338657308440403 -0.110141152498037
-0.0166761835515177 -0.0425283995090111 0.0338243930291436 -0.135358526858911
0.016466450615451 -0.0570992289127698 0.12141481433928 -0.11021772292365
0.0610162180613014 -0.0296764660245938 0.151238992515487 0.0234480759865885
0.0587781016792306 0.0530721126949274 0.0493955396048798 0.100771481621908
-0.017991792533594 0.0823807955879516 -0.0372215605899378 0.0443268677330699
-0.0670035410795178 0.0322262048325495 0.0609774969483628 -0.118666504506669
0.0377083546450467 0.0300442934162034 -0.0614426719980742 0.162398377095881
0.0185722777073886 -0.0244458166542015 0.0871332243018989 -0.00137410615248062
-0.016112068442732 -0.0210952602719297 -0.0393217491248575 -0.116544120395514
-0.0126617587199073 0.0106062527534224 -0.177540528595971 -0.0373860482622157
0.00543349112999211 0.00401270130651545 -0.140077464335867 0.12255270978509
0.00816741356277773 -0.00108547817936073 -0.0243772227488055 0.16055081021937
0.00525466940019951 -0.00645617154714004 0.0388725937997754 0.129251042190283
-0.00422592503627401 -0.0141756456574472 0.0723503018974137 0.0917041885522097
-0.00684546830204471 -0.0164661488078994 0.0932877331185207 0.0777603314330529
-0.00313889362164879 -0.0227506882451697 0.0873160505110573 0.10008534930406
0.0178505752088831 -0.0192953256930353 0.027800892906585 0.146136608704165
0.029860411648833 -0.0012012608570057 -0.0696139563418537 0.156764500123038
0.0293861402672069 0.0161563982765551 -0.139260104871209 0.132066751648247
0.0227246250275137 0.0424423824446207 -0.202619950122821 0.106200995915621
0.00706501596920252 0.0792274716221077 -0.192637069953375 0.175949562419159
0.00109310676392243 0.101818022313234 -0.0661949163110239 0.135432732237381
0.0290180824936135 0.038617009910034 0.0900811947546814 -0.00402952060378086
0.0264927532421918 0.00829498533992256 -0.0294386199723644 -0.137747332213981
0.0260465826089655 -0.00548218883977305 -0.179838721822272 -0.0576742799134094
0.022798643770961 -0.0363686486772587 -0.151784073876942 0.109739624281622
-0.000835979989856277 -0.0438192278634804 -0.0364415912765608 0.15536984176642
-0.0176135286500394 -0.0369328991123103 0.0302963107425795 0.121193467576064
-0.0302781831287399 -0.0441956711464147 0.0637110189826999 0.07982489535008
-0.0299673128017476 -0.0543376842687237 0.08521293774201 0.0585449287721256
-0.0126910018162151 -0.0809176363666033 0.0947355585471577 0.0693563795282445
0.0493997423216218 -0.0753777291649719 0.0625601332787197 0.119000240214934
0.0974780242982554 -0.0130480469376797 -0.0299415514483411 0.161110665675962
0.0875591985073585 0.0742420370563396 -0.111508430867588 0.152310922416505
0.0224355462897655 0.135458989653576 -0.174335640820563 0.115556917894164
-0.0433783073281558 0.165019150881049 -0.160872208019091 0.154843251600736
-0.0472719774134139 0.160330680757121 -0.0516757334746698 0.0853777422119604
0.0273524044120402 0.11014436677305 0.102223768658561 -0.0165049062202586
0.0691263867558529 0.0539003915139836 -0.00471988987985398 -0.167093235057916
0.0759888688849963 -0.0156139257760839 -0.171316872834102 -0.093127220057141
0.0466652507621699 -0.0753965866270364 -0.160880777591061 0.0789949396580864
-0.006568255618772 -0.0863607419245948 -0.0543184304548597 0.134017669290006
-0.0376585724570828 -0.0669873091542416 0.0121413752018174 0.10158607431542
-0.0506572167846496 -0.0675596204766651 0.0460424785447608 0.058071863799444
-0.0495359670835938 -0.0799469076495426 0.0668748218953446 0.0273615771331574
-0.0297685958012624 -0.121548942453599 0.094073997282329 0.0236669096698341
0.0562323648426641 -0.126641310742877 0.0980687765254482 0.0692684577405217
0.139035200501271 -0.048084047759501 0.0280322285663156 0.14980620258403
0.148772275320185 0.0909670021374491 -0.0684376922872803 0.168103112437186
0.0471243541423992 0.198642027739024 -0.139884516181731 0.118315802459322
-0.0699034091898592 0.228847529976466 -0.118820527405787 0.110459651760679
-0.0962351720989463 0.192197277546665 -0.0159011759140228 0.0188779937934604
0.00899629956309882 0.17416382013355 0.12217982294391 -0.0376241024963224
0.0989568130608527 0.110568525982272 0.0335800288894346 -0.192823845509123
0.126101397762735 -0.0121888671125201 -0.141138851944311 -0.13446119153639
0.0737525797115397 -0.103926731453047 -0.156630123352664 0.0287062258525925
-0.00713243366413182 -0.120618147615963 -0.0720488386896253 0.0931901283114488
-0.052604242554543 -0.0902115110113094 -0.0118548818755777 0.0705237245075178
-0.064548031903515 -0.0804998032243744 0.0217206010981156 0.0281597608506893
-0.0624102393661961 -0.0904155200692707 0.040505313080629 -0.00828604549488204
-0.0446009408200678 -0.138890561404463 0.0803960989990972 -0.0273470950938073
0.0452957017720798 -0.156397596972817 0.118773583587344 0.00649763658547269
0.146698087659571 -0.0834609075728389 0.0823453922027134 0.117463223772871
0.184942037280169 0.0773056299144408 -0.0212912031230767 0.166235912892577
0.0729734856390304 0.220894313133165 -0.108029879980837 0.111293760792426
-0.0784289552764809 0.255332767947638 -0.073452646281903 0.0503906289284179
-0.131580413036493 0.190007683366457 0.0388036686107645 -0.0552919744569498
-0.0234472693286539 0.208347450164531 0.145098996197623 -0.0658888458376889
0.100218984092434 0.158305324950659 0.0770894535938164 -0.201635504771982
0.157017100283976 0.00529660156603574 -0.0862405671874318 -0.166352166816332
0.0963924211253722 -0.111394758134787 -0.131443003978717 -0.0332601598909369
-0.00330684370616214 -0.135937852342645 -0.0847093505769636 0.0371237297816039
-0.0578922269101397 -0.101106054364097 -0.0394799013649282 0.0308137448745546
-0.0680634454414754 -0.0814042358081115 -0.00614460429601677 -0.00526933604895621
-0.0649287595614551 -0.0856103836606842 0.011777632593668 -0.0421863245346027
-0.049574915145547 -0.133318471949524 0.059049179401514 -0.0707802291028442
0.0324590952635029 -0.156853656279946 0.121832575930065 -0.0502769086248998
0.131736158657461 -0.094957221710049 0.11797226462593 0.0756045600000814
0.182159693192276 0.0602717012342333 0.0152233257842692 0.148202712837632
0.0752596434110258 0.209738983098198 -0.0821146882202075 0.0942600351282943
-0.0782740332230483 0.239678957748352 -0.0336787604822515 -0.0138202510414968
-0.13835517155697 0.152350810446648 0.100521938651184 -0.121743766377712
-0.0536980304612039 0.195317294574169 0.169324523090907 -0.0914231142637429
0.0714738161266392 0.170118754389164 0.116534812756891 -0.19011963369693
0.150203984196312 0.0252989249974034 -0.0203799800010504 -0.175899469928351
0.0992244309534474 -0.0946334580394644 -0.0885193898766276 -0.0897497278117686
0.00220078766997071 -0.125578163992355 -0.0886202630844466 -0.0237987219782594
-0.0534650330567524 -0.0942617540805348 -0.0654950701385161 -0.0115656621073298
-0.0602255528727708 -0.0709493558136462 -0.0325246011291351 -0.0375074760059592
-0.0574442655899516 -0.070261627063472 -0.0139332039204646 -0.0710344635684436
-0.0431459319268719 -0.11169649436571 0.0396208415207625 -0.102839781912623
0.0249671936083026 -0.133774293374381 0.116693873368683 -0.0889544089840187
0.110169603815652 -0.0820834189709807 0.136293444262295 0.0409147483426574
0.150552375259013 0.0544047061139654 0.0374975465421075 0.12455598934295
0.0520607830195315 0.1777124422842 -0.0621483247388294 0.0732455058567236
-0.0786161263248161 0.18895632056535 0.000767972207716185 -0.0690814376002754
-0.111540120394131 0.0891875412555579 0.151445443881754 -0.168288499987456
-0.0619178221722284 0.13779163814994 0.187554842167127 -0.109293488061636
0.0346266872536756 0.133835420061716 0.140345858723521 -0.166821496347418
0.107092407849795 0.0302477823741335 0.0356605268379386 -0.166807629105525
0.0749005201884384 -0.0627521437713662 -0.045120221623225 -0.128122282359393
0.00331815094093499 -0.0902027619226311 -0.086472057515546 -0.0756097604101374
-0.0403060899697213 -0.0696231428171789 -0.0858900597000973 -0.0485970987962481
-0.0439101284412483 -0.0501763622929653 -0.0533330895705532 -0.0634434895438094
-0.0425128809822132 -0.0477750908433329 -0.0315908501093589 -0.0935144994655612
-0.0312059042583513 -0.0792844443716569 0.0281058864203632 -0.124718636498026
0.0208520306438767 -0.0982330111460888 0.11346503151377 -0.110103432865016
0.0862255588684238 -0.0577777712403784 0.145709585509876 0.0215439723005626
0.106658647832435 0.0548737378870603 0.048937350272788 0.107484968730919
0.0170973214474377 0.135020573795431 -0.0455293653978959 0.0558879898208018
-0.0761864719720096 0.117043603681047 0.0296594918426959 -0.105541725299893
-0.0591331821553062 0.0120813269597924 0.176855029106775 -0.189820794382515
-0.045694545786313 0.0540035367868861 0.190037202004232 -0.119624931389787
0.00358144384120834 0.0626489007091014 0.146814381355652 -0.147605294539505
0.0434540854557115 0.0175460820763659 0.0642145221615753 -0.157238850507778
0.0312494239655804 -0.0250701618802324 -0.0208990895238845 -0.146215208997026
-0.000216376089869904 -0.038550896781824 -0.0862141157677477 -0.105386320358535
-0.0211412198272076 -0.0319997609075364 -0.0992205438772614 -0.0705288704461886
-0.0207736367801222 -0.0219779113021336 -0.0661964897553749 -0.0794770508144782
-0.0235831298749963 -0.0208758286919128 -0.0404800696148418 -0.107897606498997
-0.0191115561724081 -0.0406483449209633 0.0250201090156934 -0.13712729500525
0.0130996706667738 -0.0578574074086183 0.114562082153562 -0.116862983748606
0.0590557304877785 -0.0328217703850777 0.152865453890722 0.0153831177168217
0.0614229066369739 0.0499754820659131 0.054369267923752 0.0990219300461191
-0.0136289812381158 0.0829219183066367 -0.034624989356259 0.0450112998221305
-0.0645129990146009 0.0361624285504069 0.0527920347587656 -0.120915819727348
0.0371805719177498 0.0269452841217295 -0.0492010015285558 0.158506564530312
0.0156951872463407 -0.024155154432455 0.0860802517491862 -0.00626457406116753
-0.016936402317325 -0.0197061862858141 -0.0420456391600914 -0.111348553468311
-0.0120710735903841 0.0109169656269359 -0.172768611493498 -0.0278746102060542
0.0050210058232615 0.00319404722845809 -0.129629575046472 0.124940704674005
0.00799023602235396 -0.00212080242987193 -0.0153581301693626 0.155509935700076
0.00490167168206892 -0.00659691222718717 0.044726924567091 0.123156602777769
-0.00528442743392118 -0.0136927081456813 0.0752754827907683 0.0849928334025608
-0.00774414038456955 -0.015214474809978 0.0944945978301855 0.0707040647328125
-0.00432644819631502 -0.0216917196377415 0.0889961022663841 0.0923327784376781
0.0162105143158256 -0.0200760414473359 0.0334739728767646 0.140028183055503
0.0286602392466244 -0.00271975400925329 -0.0602924938189033 0.154921697567834
0.028747118765712 0.0151903569408936 -0.129290851431744 0.131989111052292
0.0228515393745468 0.0403514998346344 -0.191697469638521 0.110797388707195
0.00974606260472437 0.0762419286326243 -0.176690471088487 0.177648153730785
0.00531141962702599 0.0971133336422195 -0.0545803121770351 0.133361425342907
0.029197263195802 0.0357677893004206 0.0889893490165957 -0.00854545244271299
0.0255109471714646 0.00672003271701824 -0.0331672597877673 -0.132409292033028
0.0248019468569711 -0.00640907546791583 -0.176056312264364 -0.0475123071051812
0.0194466800679789 -0.0364884650652261 -0.14073644455892 0.113128082988324
-0.00322827402810789 -0.0421592668869321 -0.0269251700700033 0.150752034641012
-0.0189070425453558 -0.0349884371691321 0.0350901970909576 0.11555950938173
-0.0313674698220671 -0.0413331546438746 0.0657132980921921 0.0746629023248042
-0.0320028438208429 -0.0507291962544732 0.0854123198291766 0.0525197525590418
-0.0174077566954607 -0.0767333812426124 0.0947279960819026 0.0629617751151101
0.0434976987785634 -0.0757126612046023 0.0652483797609363 0.112726782967253
0.0932769197359448 -0.0172793766081157 -0.0215320874051457 0.157821065573723
0.0876410763231468 0.0685847608231189 -0.101147007249064 0.152190473233811
0.0270992429160435 0.130154162073538 -0.16277094816787 0.118593140343468
-0.0343907012860587 0.16173008501802 -0.146853999714756 0.155388458284442
-0.0380263693384354 0.155525199081212 -0.0438175288832093 0.0854361099507015
0.0310323952044062 0.10430397539364 0.100373333524125 -0.0197751983775909
0.0688292109461251 0.0487248060775151 -0.0110100354126277 -0.160974331854149
0.0717551446874644 -0.0186753282339812 -0.169281105144653 -0.082558521013314
0.0401003470394838 -0.0750225797660326 -0.151117338169351 0.0832698356451191
-0.010991840441159 -0.0822498542085711 -0.0450156599396436 0.131589544844562
-0.0396992718640284 -0.0620924847468377 0.0164479244877783 0.0970239357485363
-0.053040909618017 -0.0630279374666877 0.0473271775604658 0.0540850190664925
-0.0520921038680752 -0.0745166655303709 0.0659691322513024 0.0235823945658225
-0.0358090276909324 -0.115193045253882 0.0912881333171632 0.0185786706330143
0.0471161651183317 -0.125736873025496 0.0965322745170552 0.0622763609700714
0.13110616480528 -0.0530553727883229 0.0335892627240495 0.144263659079405
0.147581538237315 0.081741364430568 -0.0578106526684847 0.16610359797784
0.0537849917447817 0.189614764818912 -0.129147454942647 0.11967795888502
-0.0568042132886984 0.224151435281684 -0.108110420698178 0.111365919344933
-0.0839252737719123 0.188913280448729 -0.0124537436225554 0.0199759441697725
0.0160590314409297 0.167029382981349 0.118491811526128 -0.0400938800430763
0.100504014248676 0.1019554109101 0.0247817569842224 -0.186389140057525
0.120643260716597 -0.0178214164849477 -0.141668861111694 -0.124133905937073
0.0649378100026611 -0.103774602506273 -0.149322815165455 0.0344582453543658
-0.0139025197247169 -0.115083168138019 -0.0647835781120415 0.0933911345172928
-0.054814768163888 -0.0839650069296744 -0.00808275866905043 0.0684894768448176
-0.0658180368175014 -0.0749382719183645 0.0220627799186649 0.0261105305629841
-0.0649879604726859 -0.0835825020715965 0.0387005242857475 -0.00952182789172994
-0.0513159252610419 -0.131071603475105 0.0758442152658858 -0.0298383523956807
0.034616938610674 -0.153547791025083 0.112898510158113 0.000882624953109382
0.136409436605744 -0.0879511238685212 0.0850287658845668 0.109955817483455
0.182141956740871 0.0664296551332373 -0.0119584492914028 0.162091966197363
0.0799675877478677 0.209825631683652 -0.0979014169291305 0.111201338529899
-0.0622209293148011 0.250203933142415 -0.0674104228369635 0.0508368743349647
-0.117981921395839 0.187819824874807 0.0360315089157524 -0.0530615039238288
-0.0127232388895699 0.200711744253066 0.140077156323709 -0.0670740194859612
0.103646972189556 0.147827014708303 0.0667429970854534 -0.197318962920132
0.151710763933665 -0.00302890748011787 -0.0901589850667954 -0.157462975110057
0.0863889901150579 -0.112148350009322 -0.127417991972003 -0.0268628790946005
-0.0104330285069243 -0.130100044379424 -0.0797251913337503 0.0396390728444265
-0.0612501456594139 -0.094298973335592 -0.0368757782778923 0.0312107177507942
-0.0692763038989071 -0.0753181809021925 -0.00627766765870325 -0.00443196931214674
-0.0668492380251808 -0.0793383367439081 0.00909181469691255 -0.0402955406958611
-0.0557524602152369 -0.125817887511169 0.0529615748086582 -0.0706290073351646
0.0219871021060435 -0.153034862406606 0.112645725017981 -0.0538044142247781
0.121909381178393 -0.0984417620892349 0.117315769349283 0.0680021102451327
0.178426043761914 0.0505502333629059 0.0223385158135697 0.142680434242273
0.0819539743593053 0.198381379789859 -0.0747563371683565 0.093408585880471
-0.0638707581626615 0.234412210419038 -0.0320812341690273 -0.0127449547589734
-0.126583039623409 0.151936964954836 0.092386544195655 -0.119997749000102
-0.0419950274994674 0.189592437826797 0.160654732306255 -0.0930789468063181
0.0774523285133087 0.160673824234164 0.104158585665997 -0.187692378612059
0.145619505031417 0.017037832572696 -0.0267212799197481 -0.169058664612069
0.0898003144883707 -0.096736294681255 -0.0885731382912981 -0.0831981798340726
-0.00471581780223344 -0.119753286794436 -0.0865409224456408 -0.0182391320226712
-0.0567278331313724 -0.0872470244067634 -0.0645228016677377 -0.00830553496986185
-0.0612956341471833 -0.065591287040812 -0.0336801141363967 -0.0347267719661859
-0.0581719830664434 -0.065305744594411 -0.0172292113045943 -0.0668114868832856
-0.0481121273551577 -0.105077810127048 0.0326112196576243 -0.100718797273211
0.0163566851475056 -0.130405742932808 0.105722229901919 -0.0916388358981001
0.101150186361791 -0.0847782011625145 0.133644680283149 0.033894773563053
0.147461205975074 0.0462737095230899 0.042560805761223 0.119893098004058
0.0584029434342648 0.168840508286529 -0.0560099925121242 0.0724839232933684
-0.0657209172288879 0.185578477118622 -0.00268607412583287 -0.0675391450122516
-0.103469107023576 0.0898320106766188 0.138731286104682 -0.167075012807239
-0.0529647522545555 0.134127415618978 0.176438243997711 -0.111788998027114
0.0398775388996971 0.127534557871668 0.127467535626986 -0.166104278770288
0.10421744432948 0.0234543904514326 0.0280400738951771 -0.162717067255001
0.0684299398457146 -0.0647621319533669 -0.0482696779627723 -0.122231584092273
-0.00194169039094408 -0.0857538719776928 -0.0872747482153108 -0.0684948763390398
-0.0428510698748205 -0.0644670687755253 -0.0856784859601879 -0.0422291340715154
-0.044416019356582 -0.0470019124397314 -0.0555632273895883 -0.0585755222546158
-0.0423469010009081 -0.0442281460579028 -0.034800974199124 -0.0876097754500456
-0.0346674127488023 -0.0743031230343427 0.0204299670158203 -0.121404232351224
0.0139490170211767 -0.0956791078449482 0.101978485587769 -0.111378873055574
0.0795351364532109 -0.0594857508819379 0.141362110747675 0.0136326474642623
0.106013110282721 0.0481580279564716 0.0528422852055265 0.101747744584428
0.0233576493472694 0.129094409985681 -0.0410603673151002 0.0550527230887303
-0.0674370667217654 0.116355208344055 0.0235752245275487 -0.103564148477704
-0.0561133104815402 0.0135667306480923 0.161289102172744 -0.189271072333999
-0.0408027080415123 0.0531061521934312 0.178133043333707 -0.121709343895474
0.00650880521540857 0.0602028396418289 0.135089575249368 -0.147326832738081
0.0425871257672553 0.0140424485602869 0.0568698786302585 -0.154290674318715
0.0281211718448284 -0.02604419417379 -0.0267320563021258 -0.141065117872609
-0.0022016805113524 -0.0363706817408454 -0.08876793604345 -0.0969568762177057
-0.0221007025503988 -0.0289452984424056 -0.0996111263217857 -0.0625987725830998
-0.0208237520020481 -0.0205712665532547 -0.0686199395314242 -0.0736473488581448
-0.0232020095433416 -0.0192589874787493 -0.044312062475546 -0.100740832277679
-0.02010225406473 -0.0379225885586842 0.0168280726718154 -0.133271132477354
0.00932293550047555 -0.0558967932580712 0.103353200350397 -0.118081609785622
0.0543319942474161 -0.0345120267112759 0.147121199464491 0.00820869098393937
0.0618973103979416 0.0455237518914493 0.0574301475893675 0.0943325739416842
-0.00942519083362758 0.0798722972657229 -0.0316051104933762 0.0445111932358647
-0.0602434589915096 0.0373967797666844 0.0436623572894741 -0.118500303241268
0.0300569791002004 0.028783318494882 -0.0617114668228696 0.143803616178024
0.0169350730272464 -0.0199020364092282 0.0842861167565325 0.00270373724746164
-0.0129617670401425 -0.0206759117868304 -0.0239326010494742 -0.110489656471385
-0.0126067195152123 0.00749671365710531 -0.155198955596835 -0.0457756515835276
0.0036752320949761 0.00328881842854293 -0.134130585348687 0.101555512040671
0.00755027999093202 -0.00284769020257206 -0.0309867845423407 0.143930019974664
0.00604711291734582 -0.00640831115950931 0.0288002588521465 0.120861047015053
-0.00334789792611673 -0.0139490094676287 0.0616205573013138 0.0897675976503633
-0.00579121805222259 -0.0167092406378789 0.0826109995497744 0.0788675669143286
-0.00151536906132151 -0.0216917608364561 0.0740027972855611 0.0989025866536196
0.0184034329403547 -0.0184074602911104 0.0139279635250277 0.139631265693747
0.0290048067056982 -0.000330072759549904 -0.0778091621307032 0.142439164336864
0.0282773881680634 0.0180713756454344 -0.141935162055613 0.108974605536507
0.0182122442062144 0.0423106053050808 -0.198826067691552 0.0817444886776507
0.00198511082604261 0.0736760043680123 -0.194135403804297 0.147998417265321
-0.0078060778560627 0.0892933497915227 -0.0684970698395462 0.121171579122225
0.0212920555348312 0.0368030824384858 0.0858316872160678 0.004176884081876
0.0221894284707381 0.0100667401903376 -0.0139380903781003 -0.125085030452463
0.0238694305821808 -0.00320348537589783 -0.155546372017755 -0.0630288012136502
0.0223898770224532 -0.0319305077767121 -0.141987969428126 0.0901733367975664
0.00174088814612533 -0.0413996414723988 -0.0399492721204879 0.137133198469265
-0.0131677572006913 -0.0357392720111867 0.0212855835211297 0.112590912972837
-0.024945399376419 -0.0433356796703871 0.0539882346675923 0.0786362472406995
-0.0245326721874334 -0.0528767293387242 0.0755472331565934 0.0613924019462497
-0.007597050564347 -0.0752156591768401 0.0816391964218044 0.0737022458653291
0.0504077021448051 -0.0677730934162662 0.0456015319638599 0.118243599688118
0.0921866073514391 -0.00710274204684638 -0.042663157753294 0.150581524227957
0.078485425440362 0.0756909586937641 -0.118056667569405 0.129189983708465
0.0114882216022351 0.128100325730043 -0.171599951287623 0.088051124590937
-0.0505290358815098 0.150709149403347 -0.162196847876508 0.125355977906682
-0.0553198253485314 0.137185941435732 -0.057679168754418 0.0771217115602531
0.0143464804030001 0.100235028449256 0.0951682333571774 -0.00262637819812154
0.0572067229960762 0.0547022017605631 0.00853757017081357 -0.146302654701733
0.0692824782068679 -0.00771082595799809 -0.144884440693834 -0.0929910722564681
0.0471490842708455 -0.0652963893046505 -0.146608137298889 0.0622405828578773
-0.000169554363757306 -0.0793524246507449 -0.0533888658460984 0.11666792923663
-0.0295759843019224 -0.0638198834504784 0.00583435523557353 0.0938247490665201
-0.0424919183964363 -0.0667254361260143 0.0379239053426335 0.0571794075946038
-0.0406887361861718 -0.0777928252929144 0.0602974953980903 0.0323858292956065
-0.0205830630880586 -0.11370729462612 0.0835950296772237 0.0324004017111327
0.0593009333196634 -0.114007613462668 0.0805739271472771 0.0753455066952914
0.13124863175047 -0.0370598329257116 0.0114798437548354 0.14523303000206
0.133948315799998 0.094490380817631 -0.080304888577277 0.147498979642559
0.0299367086945128 0.187282992694673 -0.140884689108447 0.0919865130379289
-0.0785528120162552 0.208945545820818 -0.1194186505018 0.0841644352171082
-0.101178915358529 0.162744777725692 -0.0261351121238897 0.0182994883147679
-0.00739057326562818 0.155196923313184 0.111192395312378 -0.0177703222704092
0.0792700446901836 0.108530319199493 0.0422293150294305 -0.163048184144341
0.115064707560655 -0.000404788025906707 -0.114598664612907 -0.125627112353728
0.0749304533735471 -0.0883392155177206 -0.139083795134501 0.0185093258434452
0.00166364116510147 -0.109356504369929 -0.0663265480731476 0.078308436031408
-0.0415666309564796 -0.085477821060702 -0.0144651048020007 0.0641542075944894
-0.0540040730233407 -0.0799483629232854 0.0168549718389472 0.0279638586045164
-0.0514029203873827 -0.0880903527240555 0.0379580098468151 -0.00189236529046988
-0.0335319697561383 -0.130208113120314 0.0742223953787665 -0.0146014347002344
0.0506762555248853 -0.142004246197302 0.103065197439376 0.0190897391778938
0.140301499398154 -0.069030183680293 0.0649156346164868 0.119590864936293
0.167898885754088 0.0833212642079616 -0.0365362648374907 0.150536928863197
0.0527480683842397 0.209226353697387 -0.111871960247275 0.0857002981752695
-0.0870318413739293 0.232850621519622 -0.0738771284825816 0.0296670708381521
-0.132772137582902 0.157140657238807 0.0258377820579564 -0.0463796860212801
-0.0386876295225223 0.182380981076488 0.130725347937377 -0.0405253896864488
0.0769186691358833 0.151617008419082 0.0794757238372666 -0.166433931209121
0.1414925651195 0.0184620272580278 -0.0642347911164645 -0.148738909950539
0.0968834479880278 -0.0927115344065233 -0.111494748215934 -0.0350655182612791
0.00681404338770687 -0.122402025963314 -0.0739651824827764 0.0270002280049379
-0.0461898851105387 -0.0953499744859217 -0.0372188704981723 0.0261499494056433
-0.056253903074062 -0.0811682834882538 -0.00697053355483105 -0.00493741091014898
-0.0531900876464945 -0.0838378460117869 0.0136090307203443 -0.0349681589752361
-0.0386994082570254 -0.125300205599598 0.0578246092597685 -0.0560908751081775
0.0378851977286485 -0.143150668442007 0.109816366541163 -0.0327980405560883
0.126698747833018 -0.080558527458004 0.101236293518922 0.0828552429450654
0.165870424881986 0.0676069400202455 -0.000762355390549079 0.137500680480832
0.0558126812733315 0.197994718820842 -0.0859862039857941 0.0716870313989304
-0.0874003556670657 0.218013265065075 -0.0319937770293384 -0.027705230830061
-0.135653147171861 0.123715255666218 0.0860997955385177 -0.103417297790829
-0.0642077695954221 0.167903822720002 0.152537496997526 -0.0638963687847011
0.0508147688625204 0.159869924355159 0.11196081286941 -0.153940721927858
0.133220061106601 0.0364081821548834 -0.00458059351290678 -0.152371443608095
0.0976673270919355 -0.0774048815958695 -0.0697046257983145 -0.0823620020317898
0.0114722981192815 -0.111383305716588 -0.0738670059442901 -0.0280827274142587
-0.0429442629361509 -0.0883699605656147 -0.0586086942051804 -0.0142527967507322
-0.0503040438541807 -0.0707309463205194 -0.0291717022088748 -0.0367717747744588
-0.0467067281370423 -0.0685234121724876 -0.00885466352422972 -0.0633199387060111
-0.034020898244455 -0.104662168510001 0.0418109676077075 -0.0879746598843805
0.0292239942633158 -0.121457766155538 0.108540027384896 -0.0700808777048908
0.105032405808757 -0.0697116021515299 0.121447865519712 0.0510198017436867
0.136112802337326 0.0587266926544755 0.0222454655793128 0.117988895751404
0.0368291624025016 0.167040650779256 -0.0650202221685148 0.0548926173803847
-0.0837787575115019 0.171711471910161 0.00386308108098076 -0.0746208833012055
-0.106394671042446 0.0692409956049765 0.139077036344431 -0.143033643612792
-0.066399291246414 0.115652960405402 0.170726641114486 -0.0820315989459307
0.0202238151138355 0.123624352094066 0.132246344082045 -0.134182665770357
0.0940769632925642 0.0368475478970971 0.0444474397389114 -0.142043224065088
0.0733408232922738 -0.050533947956668 -0.0288804705117176 -0.115340524577066
0.0101891096600038 -0.0792810038942962 -0.0711976513463022 -0.0739598220384332
-0.032648781525654 -0.0650881158251884 -0.0760531930136654 -0.0483972372919839
-0.0363151771458174 -0.0504757588847031 -0.0470834374655428 -0.0622989085151804
-0.0339566808863423 -0.0469126598431231 -0.0234957212756874 -0.0857228733947888
-0.0244876906236393 -0.0741147102927003 0.0325999463935246 -0.110076201147873
0.0233524319482699 -0.0885613613038871 0.107131088615995 -0.0910482900623446
0.0810745378439082 -0.0482175981725226 0.132150721800654 0.0323920795536371
0.0960907012984729 0.0565054320915123 0.0356049569736851 0.10258116915087
0.00772739453681811 0.125088422475504 -0.0473113330304496 0.04151981170681
-0.0773170649222364 0.104248673373187 0.033670237756758 -0.103622326535536
-0.0533714807963463 0.00502912377015919 0.168460617928374 -0.160227371982687
-0.0446147672744416 0.0426785011020215 0.176839386296973 -0.093670721364261
-0.0012028627406549 0.0570880558734036 0.139036247726654 -0.119376925603272
0.037847866061544 0.0193192285307881 0.0704392582805432 -0.134123924307841
0.030054498357381 -0.0203021587563895 -0.00736843103642584 -0.132739245306201
0.00344163893685372 -0.0325426491689737 -0.0713971942737914 -0.100553809670654
-0.0173241356582752 -0.02905549523516 -0.0870093593290906 -0.0690658688217181
-0.0171154490738645 -0.0223301931182484 -0.05746459936624 -0.0775233783259868
-0.0189473138179998 -0.0203441872475969 -0.0306352245447249 -0.100492700834072
-0.0150513503059168 -0.0373850107660122 0.0312228599629919 -0.122966009753072
0.0139646818634727 -0.0515941104203447 0.110970406702583 -0.0986689117430522
0.054079214482238 -0.0271849589448779 0.139441132737782 0.0266983033286482
0.0546909624753025 0.0490475450653709 0.0421054400186114 0.0964203807056234
-0.0176236993950449 0.074479212168379 -0.0360997951903834 0.0348980900218936
-0.062315114827791 0.0294412650533201 0.0568984281704257 -0.112307780222849
0.0281140973514387 0.0281558462066495 -0.0605521905458628 0.137702197009688
0.0164923888688161 -0.0187625066841479 0.0832363034425553 0.00414734196024565
-0.0124811793156646 -0.0200891365238188 -0.0194953525701016 -0.108028378441078
-0.0123310588720565 0.00724108309273947 -0.149934539335375 -0.0473131090480024
0.00302105115051434 0.00309224131778514 -0.131995740647394 0.0962532120342822
0.00717189128159025 -0.00281637777724772 -0.0318179403432909 0.137998340454818
0.00626698730529853 -0.0071750523534543 0.0268155017503817 0.118098262626945
-0.00364756799243503 -0.0137930486652156 0.0595966866517297 0.0885358973381048
-0.00559111497222868 -0.0164225564399527 0.0793153082932001 0.0783141359403394
-0.00159370771429157 -0.0212204841403096 0.0702995707298688 0.0974636080995453
0.0184392932742969 -0.0180407011642807 0.0116240554031062 0.136154575789821
0.0283071987082406 0.000285903054488488 -0.0785294281145273 0.137118037444067
0.0268882582613203 0.018821578808287 -0.140451241664309 0.101111531212174
0.0167223649097495 0.042231576962547 -0.19541920554051 0.0743052646548897
0.000370269965759129 0.0714951726532925 -0.190840610442519 0.138163356860784
-0.00966723112558164 0.085712945282113 -0.067209988903267 0.115212230480198
0.0193222759316774 0.0363118834777432 0.0852831081697776 0.00576443962974272
0.0212364191413288 0.0101261852994236 -0.00969131477883224 -0.12279815260938
0.0232063997422328 -0.0026386307746314 -0.149441881790396 -0.0647747389585188
0.0216355393323316 -0.0307320903154826 -0.139413991798741 0.0843557559051247
0.00220746924254293 -0.0399208985431189 -0.0401807825037101 0.131639653315266
-0.0119033046055777 -0.0354629768158298 0.0188977864756825 0.109889866589047
-0.0240518865265057 -0.0428059670102107 0.051833307310669 0.0778370279664487
-0.0235438944642648 -0.0519824626421087 0.0729767472015852 0.061100295842631
-0.0070194575027131 -0.0730141548380012 0.0786513587384139 0.072597475793623
0.0496277177664367 -0.0654971564072194 0.0418351917022381 0.116277462718286
0.0896126854275053 -0.0051220863933148 -0.0447997517040865 0.145539191509861
0.0745172289808652 0.0760997476970636 -0.11795186778574 0.122438473066999
0.00855417950359853 0.125462104581644 -0.168941260532414 0.0809297985669574
-0.0509595750240254 0.145197637397491 -0.159141368140299 0.116895715801452
-0.0567387978339658 0.131484836238568 -0.0559822149642536 0.0740522948801284
0.0115524222712509 0.0970249358804394 0.094620332482393 0.000608235946604019
0.0538874446594957 0.054697362393826 0.0124830714319924 -0.141835635823092
0.0673058352969041 -0.00621373344343896 -0.138289157592136 -0.0937326611988204
0.04582272233983 -0.0629108947764615 -0.143376432642489 0.0579953138598788
0.000552337340557409 -0.0768336164350038 -0.0532498459653211 0.111717291122554
-0.0271904742108832 -0.0627389071511508 0.00437279446095733 0.0906211982637202
-0.0405278015728496 -0.0660293740809778 0.0362176084950743 0.0562820297575353
-0.038649523625588 -0.0764455530118111 0.0584756623267502 0.0332285210460124
-0.0191360266182854 -0.11062050753348 0.0805750225853853 0.0329819891030252
0.058572174026476 -0.110503997918762 0.0756460280258587 0.0751579843786892
0.128361050754459 -0.0334104879189934 0.00762174579167541 0.141990958242794
0.128774329137772 0.0952462001693929 -0.0804104666972424 0.141373826293119
0.0258665053780343 0.183370979579806 -0.139586175155447 0.0846526176849322
-0.0794984782331627 0.20050991946399 -0.116708946616004 0.0781539000922721
-0.101998815531201 0.154912250832871 -0.0234769547360023 0.0183488838642545
-0.0109592129961856 0.150100110485914 0.110465753194885 -0.0136146545345861
0.0747183198781468 0.107412619004953 0.0452674485597748 -0.156879971440908
0.11146625468277 0.00196202016474589 -0.107713132445341 -0.125290117821468
0.0735378583397637 -0.0847832558246132 -0.134739199971888 0.0148519339127062
0.00231980047567874 -0.105793461295925 -0.0650549315259182 0.0749570056664378
-0.0387336921438647 -0.0836657026134847 -0.0147317748390367 0.0615114282091459
-0.0510775173371492 -0.0791953916018 0.0162703585687102 0.027840746852519
-0.0485878228035823 -0.0862215472121968 0.0370162756276387 -0.000217488431514911
-0.0322762027502784 -0.126391570764496 0.0722503160838642 -0.0127015699065059
0.0498197827315108 -0.13787742511307 0.0985321110699073 0.0211424597659631
0.136716160595905 -0.0646986743385113 0.0607234875392293 0.117912790394521
0.161658555564528 0.0845052589016057 -0.0379738080845063 0.145532451329803
0.0474378928282822 0.204735018049444 -0.10965480528273 0.0798828708923342
-0.088154523800801 0.224483086183214 -0.0717446850466709 0.0255971961862327
-0.132332228413465 0.149364979286603 0.0272494495419898 -0.0432686040816986
-0.0416073298877294 0.175317376641037 0.129219048981515 -0.0346725728872142
0.0718714258208742 0.148830272175728 0.0816458105746506 -0.15894325100129
0.13682696630825 0.0201364272324811 -0.0582522005590232 -0.146784249792889
0.0940808109397051 -0.0886679555709096 -0.107302967835618 -0.0368996870492045
0.00779341274537082 -0.117767423900509 -0.0718826632105607 0.0246366819900095
-0.0435849369237245 -0.0929239119374188 -0.0369649990019176 0.0244662421046209
-0.0532991288974198 -0.0808197368688924 -0.00637324901012456 -0.00461026686103667
-0.0497594293138392 -0.0825144447112815 0.0135930180647251 -0.0325708338491381
-0.0372658483644479 -0.121920055347684 0.0570488298132141 -0.0530758588969651
0.0376713345295719 -0.139073491956544 0.105080621439914 -0.0293824466435969
0.122998520296202 -0.0761174700097408 0.097184289450811 0.0830777796816953
0.159885904460003 0.0683582894113985 -0.00321375329788879 0.133332869728236
0.0506271808308238 0.193588774192615 -0.0849892668505533 0.0663463701954709
-0.0869314982399016 0.210040159684592 -0.0310020235113634 -0.0288230280936046
-0.134209595493812 0.116279712104515 0.0867588446738017 -0.0971434515003902
-0.0655140058996706 0.161010562734672 0.150429321996536 -0.0568606165852333
0.0462701799418623 0.156498248011117 0.111787410447427 -0.146416301924324
0.128464231212277 0.0372776639708978 -7.12685774492691E-05 -0.149175911239567
0.0951132981489451 -0.0740938596241734 -0.0658829868974182 -0.0827322181265178
0.0123623334545697 -0.10715016845111 -0.0716278050580092 -0.0287260405616994
-0.0405482684161439 -0.0856883526380272 -0.0570893403036825 -0.0144636809519684
-0.0473849055187707 -0.0702398352140556 -0.0284468379792658 -0.0356520901426498
-0.0436226709461601 -0.0675882653679771 -0.0071529561417822 -0.0608862271318897
-0.0326045992830856 -0.101365723049337 0.0420835729456089 -0.084542849504466
0.0292009059071177 -0.117956950229686 0.10469023788715 -0.0661892249063226
0.101855710942852 -0.0657292229360698 0.116873171685606 0.0527222526112581
0.131710216891907 0.0602331023492879 0.0205125131835064 0.115595787257163
0.033308922310605 0.16268356706701 -0.0645477853840399 0.0507984580032157
-0.0834565478571335 0.164268325321724 0.00463648422930628 -0.0734689736542323
-0.105121022550313 0.0644998369503607 0.138342641181444 -0.134003148506428
-0.066445483948446 0.109963359397561 0.167569347520026 -0.0744152937542119
0.0179154162776819 0.120831245913161 0.131269228075687 -0.125947890097827
0.0904669504755469 0.03732103408884 0.0473935342519148 -0.137393175927547
0.0714460429106822 -0.0483405359790335 -0.025198009478255 -0.114277804853625
0.0103184541329273 -0.0754650881340228 -0.0678689775789494 -0.0728432448333426
-0.0306725311755897 -0.0629719671144502 -0.0734613067148649 -0.047662774872754
-0.0347193297614568 -0.0500244266545166 -0.0453564887772865 -0.0608330232932135
-0.0316180835664365 -0.0460947362020989 -0.0215742712182432 -0.0829976027055116
-0.022901404141011 -0.0716022903185248 0.0330183642415348 -0.105866773907864
0.0228133539593505 -0.085500291183958 0.105015011630414 -0.0860186732889195
0.0785540521833125 -0.0449955764230222 0.127729772698387 0.0340186652381018
0.0925764522809559 0.0566307540246972 0.0329517822898079 0.100979329839209
0.00517117452017667 0.121714104452571 -0.0470684737552103 0.0380277621459132
-0.076472854036307 0.0994690439113165 0.0337658171749399 -0.100351354050871
-0.0519122773303258 0.00304212591256446 0.166385323731641 -0.150875282591347
-0.0438963951494587 0.0394323488761322 0.173262481619562 -0.0858938657354048
-0.0014686667357426 0.0552982138935219 0.137710424215764 -0.111808112303015
0.0359628196191265 0.01956075552283 0.072248605309809 -0.128786716668138
0.0290087927019094 -0.0191184598342824 -0.00425800468581099 -0.130188268580912
0.00377508343302173 -0.0308801235015422 -0.0677225946018703 -0.0986558608881848
-0.0164543558990205 -0.0280578532719699 -0.0840553043876214 -0.0678413261647696
-0.0160434093643807 -0.022831776634583 -0.0559459563538931 -0.0763773721887412
-0.0177794810730936 -0.0206325159849907 -0.0281361674341406 -0.0975923038380421
-0.013482520212625 -0.0362209595761741 0.0316258758511328 -0.118493150015581
0.0144166938290179 -0.0496921265549353 0.108461570965877 -0.0933660516122306
0.0523602400844275 -0.0251637945718498 0.134892853065687 0.0285310476869269
0.0523717733036642 0.0483452046026628 0.0388315678333019 0.094832333120254
-0.0186594093508509 0.0715888295304985 -0.0362177544618211 0.0323650280116563
-0.0606301670894796 0.0269674593182902 0.0557341001690162 -0.108024806684075
0.0267400483359168 0.0291531907680987 -0.0630192514160696 0.13625947501065
0.0161745101645278 -0.0175402970371354 0.0857435821141537 0.00527973521950014
-0.0122011485076491 -0.0201891039126656 -0.0154980547644636 -0.110433143159872
-0.0124101207330682 0.007282839211283 -0.14957985836163 -0.0522172087179349
0.00256829820776374 0.00279560343402792 -0.135168718098416 0.0940313602793506
0.00760720007094818 -0.00325526200697521 -0.035371730168703 0.138004789338163
0.00631082746497578 -0.00755558854511966 0.0242737895630487 0.119844567104475
-0.0034672037248604 -0.0146327166213079 0.05907833194465 0.0907078726819846
-0.00601292752308169 -0.016711258351123 0.0788445455870829 0.080692969670554
-0.00150447768096171 -0.0214874028773831 0.0685658523078116 0.0996489233771027
0.018442238976407 -0.0176098001889726 0.00799020844426769 0.138406219984197
0.028988205984074 0.00159018629392115 -0.0833195720485924 0.13622079331838
0.0263388240482322 0.0204054234667583 -0.145683990865958 0.0968852834808636
0.0153760047574074 0.0433108434426814 -0.200144966132146 0.0681842040752629
-0.00183070238683645 0.0717290350539923 -0.195742492508344 0.132783479553918
-0.0127958808289731 0.0853763604909897 -0.068988300046776 0.114223664328369
0.0180637623684748 0.0376574828244866 0.0879181677576784 0.00810175649299425
0.0210859069083996 0.0111397001399951 -0.00502694740459704 -0.123965787429554
0.0233487997543148 -0.00162611624652968 -0.148534763864924 -0.0697533634993363
0.0220904155671084 -0.0303318084112953 -0.142298416839868 0.0818254450789873
0.00277632792710831 -0.0404045472842545 -0.0435711562810219 0.131203880118387
-0.0111819082078789 -0.0363337069044525 0.0167988754035464 0.110802259939373
-0.0235033105882878 -0.0441365037988814 0.0513526882278033 0.0798331520760631
-0.0231983809615025 -0.0528650957248956 0.0726410189859786 0.063471135975625
-0.00601200843988321 -0.0742238664367863 0.0774844417622781 0.0755566256346536
0.0509484183602125 -0.0649739426946519 0.0387356562051643 0.118738834936226
0.09054792728191 -0.00264702803951153 -0.049500813924264 0.146017822969668
0.0730652802166738 0.0790756679454235 -0.122248915511755 0.119008046129113
0.00456573105418105 0.127724861502629 -0.173557256300742 0.0759091848924765
-0.0554156177237304 0.144885016795468 -0.162551688453442 0.11216920642608
-0.0606554542160837 0.1302977398743 -0.0561931296661248 0.0732572971831099
0.00801215296376057 0.0973168193729808 0.0976646980703844 0.00369585855382144
0.0528503745423344 0.0567156120086948 0.0181619689722964 -0.142836460878573
0.0676038568716116 -0.00436924950483013 -0.136121013212547 -0.0989104813255166
0.0470418024272955 -0.0621445239975583 -0.145423316410317 0.0536755523115946
0.0017389697059512 -0.0771341436918339 -0.0558817812094286 0.110929931741138
-0.0257806743793313 -0.0640645590406514 0.00173584224398209 0.0914840428446714
-0.0395254350767069 -0.0681263445685658 0.0365495108613117 0.0582070357509917
-0.0376607742484005 -0.0777742834340428 0.0583150041685426 0.0352354640507583
-0.0182583319451819 -0.111334453049001 0.0806993007901453 0.0356963776658542
0.0602720180539882 -0.110601711789819 0.0736471819027982 0.0786328085204189
0.129882900569145 -0.0308059370555684 0.00395055094179671 0.144197488142008
0.127575190220402 0.0996677937992054 -0.0854504067513559 0.139636477612849
0.020956791631659 0.1860918451006 -0.143342512530893 0.0798001030508592
-0.0850639781768957 0.199866839973308 -0.119476229003619 0.0738811940602119
-0.10692676272348 0.152224925605637 -0.0227726969104678 0.0185798655768836
-0.0154953302998174 0.150299250551864 0.113399900808217 -0.00881649105066452
0.0727762450475652 0.110592589343297 0.0509276368066157 -0.15658796877042
0.111782564335502 0.00465997511141984 -0.104677584989284 -0.130261889076324
0.074696010464432 -0.0842874672827904 -0.135624563466479 0.0104925217943668
0.00423132964705761 -0.106003017600116 -0.0670175544365683 0.0736162640518144
-0.0368463723542635 -0.0851529146862477 -0.017083994969409 0.0619293852273811
-0.0492902963410595 -0.081807287368457 0.0156259612617753 0.0282524751426531
-0.0473469898755719 -0.0881698892262606 0.0373808767124418 0.00122735650156681
-0.0308410128106733 -0.1282870358425 0.0732308053212432 -0.0109019445413811
0.0517212485322705 -0.138120945549066 0.0975213937921402 0.0243774491140733
0.138789300861687 -0.0621761804434219 0.0576311592435223 0.120704945364707
0.161209123769103 0.0898937436887523 -0.0423505136358575 0.145144625898629
0.043110182343134 0.207862024604492 -0.113550389268403 0.0754766614596652
-0.0931195120868872 0.223024996490632 -0.0727595388316004 0.0229985535010969
-0.137861617633724 0.146703317193711 0.0302319354747227 -0.0417480273852837
-0.0470285176595933 0.175133474050395 0.13238002985618 -0.02958446202706
0.0686270127029006 0.152588843888776 0.0870019458924845 -0.156379646935846
0.137265451867468 0.0242712760253571 -0.0532850855628939 -0.150451073185045
0.0961513373715102 -0.0880178400205717 -0.10680198740471 -0.0411009575407783
0.0103685133491424 -0.117868434352119 -0.0726327869713432 0.0233026558197197
-0.0412467979620091 -0.0945614524784639 -0.038226525181864 0.0238768806109899
-0.052049477970655 -0.0829754271188627 -0.00696574208221289 -0.00453968453166232
-0.049158524022784 -0.0843609421401685 0.014386677035116 -0.0315427422004813
-0.0359378018517716 -0.123036560753498 0.058703714533762 -0.0520684069908918
0.0393493588149533 -0.139222881980806 0.105908634238338 -0.0265702471202263
0.125546215840851 -0.0734443570659724 0.0954908223477719 0.086659844568414
0.159903913045214 0.0730707365458275 -0.00613271473407688 0.133881004810701
0.0473057014186608 0.1962441962735 -0.0882539828562068 0.0631908571498634
-0.0924104546763186 0.208827247538638 -0.0306038649741301 -0.0312859733099428
-0.139613901136902 0.113032509750786 0.0908868500329314 -0.0938472486264285
-0.0713436181279816 0.159459922978336 0.153314575334894 -0.0513696802188518
0.04328345593115 0.158841909921602 0.117291764022467 -0.142016671983677
0.128557307035376 0.0409052075157455 0.00546865657088407 -0.150442873448328
0.0970342947223621 -0.0723486050693458 -0.0632402231634444 -0.0865429537167034
0.0142490991895789 -0.107158532232643 -0.0711693462852995 -0.0306680558794365
-0.0387463861738818 -0.0870364906108704 -0.0582489082112575 -0.0155228208045361
-0.0465626725374998 -0.0726568508947748 -0.0282778595238337 -0.0364745807208095
-0.0420979128408189 -0.0693487031642789 -0.00561456208895723 -0.061168503249878
-0.0313252960809254 -0.101763982506916 0.0441731377568883 -0.0838466219935262
0.0304110707782056 -0.118057626118588 0.105850024488671 -0.063013370723749
0.103404502017665 -0.0634467028578408 0.116436309508514 0.0561328498775751
0.131673337883855 0.0635564715225691 0.0174202899111662 0.11671173234655
0.0301252074995457 0.164946949499463 -0.0671718506614203 0.04782785725953
-0.0869700524121402 0.162525544508021 0.00575955327401174 -0.0744236926735459
-0.108325819125764 0.0615876414414005 0.143586058440279 -0.130188185634838
-0.0708069128130538 0.108291750178741 0.17113728178828 -0.0683446635624196
0.0153903609367071 0.122132045514142 0.136200624537729 -0.121363553173575
0.0900157864082743 0.0394724436918243 0.0531023654341235 -0.137441514566565
0.0715942245256105 -0.0473174078584489 -0.0218089891424454 -0.116694539188748
0.0121802948582507 -0.0752260060070568 -0.0663442571325108 -0.0752275155430751
-0.0296567726476582 -0.0636004687423591 -0.0732207635349954 -0.0492000412181736
-0.0338072821261749 -0.0520520033814569 -0.0452104031653793 -0.0622315313476341
-0.0305174007259103 -0.0475401375768994 -0.0199640379005798 -0.083383013966645
-0.0220515456722235 -0.0721295040789627 0.0357516625529929 -0.105196414520435
0.0241394013986284 -0.0853092771760994 0.106721740005888 -0.0835152515778708
0.0790014468373254 -0.0433744677114725 0.12787837155177 0.0379181039673932
0.0920666542123725 0.0596685237766152 0.0309911016922433 0.10242521422475
0.00271943115515557 0.122491529349171 -0.0494386482568413 0.0356301354475291
-0.0788276995965519 0.0977267271034603 0.0355746612911138 -0.100455797977839
-0.0529938357921283 0.00169840037612989 0.172428303345606 -0.146255241448983
-0.0451753962575753 0.0382880334859344 0.176629834316544 -0.080129658981871
-0.00296030558742599 0.0554969060544568 0.141948304135478 -0.107669223038903
0.0355892360041407 0.0206639236781584 0.0779392171507509 -0.128556571126343
0.0288690459966979 -0.0185087651496409 -0.00029421802270376 -0.132087311730531
0.00472905948008323 -0.0302110764375095 -0.0663400868657191 -0.100935913856014
-0.0161616524179879 -0.0279915988836183 -0.0835421573159044 -0.0694825792644639
-0.0156787694490145 -0.0239114828077916 -0.0558905170751254 -0.0780658106665453
-0.0161880644626731 -0.0209303161665488 -0.0264729722600055 -0.098720498611496
-0.0132971490637387 -0.0362176432830166 0.0343795381491822 -0.117908675717811
0.0151080183595436 -0.0489701385167396 0.110761772741046 -0.0912315417881794
0.0528211582899599 -0.0243979049420398 0.134517947010567 0.0324665752220094
0.0516930750547236 0.0493650655310998 0.0362617255395484 0.0965229111448245
-0.0202922062109931 0.0718908176825192 -0.0385573241566929 0.0307064561697414
-0.0610652398364572 0.0254145204039519 0.0575585776569326 -0.106510734581554
