TRXV5
3
4
4
9
string Extension=J
integer IsArchMeasurement=1
integer IsSpherical=1
string Generator=SPM
string GeneratorVersion=1.3.1 Dev
double ArchRadius=0.449999988079071
integer FrequencyAxisIndex=0
integer AzimuthAxisIndex=1
integer ElevationAxisIndex=2
Frequency
5 136 690000000 960000000 LIN
Azimuth
7 8 0 2.74889357189107 LIN
Elevation
7 15 -2.74889357189107 2.74889357189107 LIN
Polar H Real Part
13
Polar H Imaginary Part
14
Polar V Real Part
13
Polar V Imaginary Part
14
Polar H Magnitude (dB)
12 0xC0000002 0 1
Polar H Phase
7 0xC0000003 0 1
Polar V Magnitude (dB)
12 0xC0000002 2 3
Polar V Phase
7 0xC0000003 2 3
-0.0209693908691406 0.0112323760986328 0.0285072326660156 0.0146923065185547
0.000606536865234374 0.0207099914550781 0.00970745086669922 0.0100994110107422
0.00990390777587891 0.00683307647705078 0.00168323516845703 0.0141763687133789
0.00930309295654297 -0.00040435791015625 0.0120468139648438 0.0200824737548828
0.0081934928894043 -0.00536251068115234 0.0227069854736328 0.0137538909912109
0.00503253936767578 -0.010833740234375 0.0271396636962891 0.00360870361328125
0.00339889526367188 -0.00981426239013672 0.0243663787841797 -0.000286102294921876
0.00437307357788086 -0.00830221176147461 0.0183506011962891 0.000656127929687499
0.00916099548339844 -0.00965023040771484 0.0101099014282227 0.00352573394775391
0.0133056640625 -0.00138664245605469 0.00194668769836426 0.00328254699707031
0.0113773345947266 0.0100154876708984 -0.00365209579467773 -0.00728845596313476
0.00249195098876953 0.0151185989379883 0.00481033325195313 -0.0168266296386719
-0.0114364624023438 0.0117835998535156 0.0273323059082031 -0.0142097473144531
-0.0193672180175781 0.00678253173828125 0.0310802459716797 0.000522613525390625
-0.0276622772216797 -0.000532150268554682 0.0120477676391602 0.00412464141845703
-0.0293521881103516 0.00591087341308593 0.0197792053222656 0.0187911987304688
-0.00978279113769531 0.0200710296630859 0.00253009796142578 0.0154857635498047
0.00273513793945313 0.011505126953125 -0.000612258911132814 0.0203495025634766
0.00644016265869141 0.00704574584960937 0.0111141204833984 0.0247726440429688
0.00972366333007813 0.00223827362060547 0.0216407775878906 0.0178108215332031
0.0112342834472656 -0.00477409362792969 0.0266284942626953 0.00713348388671875
0.0108871459960938 -0.00605392456054688 0.0229206085205078 0.00342941284179687
0.01025390625 -0.00461101531982422 0.0153446197509766 0.00384807586669922
0.0152101516723633 -0.00531005859375 0.00586986541748047 0.00655651092529297
0.0174884796142578 0.00455856323242188 -0.00323677062988281 0.00506591796875
0.0120630264282227 0.0161228179931641 -0.0091400146484375 -0.00690937042236328
-6.67572021484378E-05 0.0212039947509766 -0.000737190246582032 -0.0172262191772461
-0.0176410675048828 0.0153026580810547 0.0209426879882812 -0.0164775848388672
-0.0267601013183594 0.00577545166015625 0.0213851928710938 -0.00108146667480469
-0.0349082946777344 -0.00374412536621094 0.00161933898925781 0.00258994102478027
-0.0342578887939453 -0.00126647949218749 0.00712013244628906 0.0192966461181641
-0.0203723907470703 0.0154647827148437 -0.00813484191894531 0.0195236206054688
-0.00673961639404297 0.0145969390869141 -0.00555038452148438 0.0260753631591797
0.00137805938720703 0.0149993896484375 0.00883293151855469 0.0291194915771484
0.00967884063720703 0.0100440979003906 0.0192451477050781 0.0203495025634766
0.0159168243408203 0.00293064117431641 0.0238742828369141 0.0102100372314453
0.0166311264038086 -0.00114250183105469 0.0185279846191406 0.00576591491699219
0.0142765045166016 -0.000614166259765625 0.0102357864379883 0.00662899017333984
0.0185489654541016 -0.000497817993164063 0.000111579895019533 0.009063720703125
0.0197639465332031 0.0084075927734375 -0.00936126708984375 0.00667381286621094
0.0125904083251953 0.0188827514648437 -0.0151290893554688 -0.00610160827636718
-0.000453948974609373 0.0240707397460937 -0.0067148208618164 -0.0168676376342773
-0.0190143585205078 0.0169677734375 0.0130996704101562 -0.0176753997802734
-0.0291481018066406 0.00638198852539063 0.0103111267089844 -0.00125789642333984
-0.0371360778808594 -0.00603866577148438 -0.0100135803222656 0.000556945800781251
-0.0337238311767578 -0.00803947448730469 -0.00632953643798828 0.0170049667358398
-0.0273799896240234 0.00880241394042968 -0.0204410552978516 0.0202693939208984
-0.0155410766601563 0.0145950317382812 -0.012481689453125 0.0296840667724609
-0.00495529174804688 0.0201683044433594 0.00401496887207031 0.0316314697265625
0.00751018524169922 0.0171909332275391 0.0145130157470703 0.0210151672363281
0.0175399780273438 0.0104618072509766 0.0185375213623047 0.0112628936767578
0.0194339752197266 0.00397872924804688 0.0114345550537109 0.00701522827148438
0.0162572860717773 0.00348091125488281 0.00293779373168945 0.00733089447021484
0.0188579559326172 0.0040130615234375 -0.0062570571899414 0.0103464126586914
0.0188331604003906 0.0108013153076172 -0.0147848129272461 0.00746822357177734
0.0107440948486328 0.0188961029052734 -0.0197963714599609 -0.0046234130859375
-0.00134658813476562 0.0229225158691406 -0.0116662979125977 -0.0151882171630859
-0.0176067352294922 0.0156898498535156 0.00584316253662109 -0.0156898498535156
-0.0270404815673828 0.00471115112304688 -0.000771164894104006 0.000389754772186279
-0.0343875885009766 -0.00812339782714844 -0.0216827392578125 -0.00112724304199219
-0.0276317596435547 -0.0135135650634766 -0.0187320709228516 0.0112438201904297
-0.0268821716308594 0.00145530700683594 -0.0329647064208984 0.0163784027099609
-0.0204658508300781 0.0108604431152344 -0.0209884643554688 0.0299243927001953
-0.0106906890869141 0.0208816528320313 -0.000957489013671879 0.0305976867675781
0.00353240966796875 0.0199851989746094 0.00954055786132813 0.0184974670410156
0.0152091979980469 0.0152044296264648 0.0110912322998047 0.00927257537841797
0.0183525085449219 0.00819015502929688 0.00282716751098633 0.00604867935180664
0.0147514343261719 0.00725650787353516 -0.00473403930664062 0.00744009017944336
0.016993522644043 0.00740718841552735 -0.0126876831054688 0.0104780197143555
0.0153751373291016 0.0125293731689453 -0.0197963714599609 0.00738525390625
0.00736045837402344 0.0182418823242188 -0.0227394104003906 -0.00391197204589843
-0.00341987609863281 0.0200309753417969 -0.0137767791748047 -0.0129232406616211
-0.0172319412231445 0.0117149353027344 0.000788688659667969 -0.0116243362426758
-0.0225486755371094 0.000240325927734371 -0.00933647155761719 0.00411415100097656
-0.02880859375 -0.0120773315429687 -0.0321121215820312 -0.00248336791992188
-0.0157394409179688 -0.0143089294433594 -0.0260353088378906 0.00486946105957032
-0.0192241668701172 -0.00466728210449219 -0.040008544921875 0.0106620788574219
-0.0182304382324219 0.00433921813964844 -0.0261173248291016 0.0258369445800781
-0.0125741958618164 0.0144691467285156 -0.00600814819335938 0.0257892608642578
-0.00129890441894531 0.0167436599731445 0.00441551208496094 0.0143632888793945
0.00941658020019531 0.0161294937133789 0.00367546081542969 0.00661563873291016
0.0138149261474609 0.0112390518188477 -0.00509023666381836 0.00448846817016602
0.0113735198974609 0.00891304016113281 -0.0119085311889648 0.00601768493652344
0.0132856369018555 0.00953292846679688 -0.0177154541015625 0.00864601135253906
0.0108604431152344 0.0137491226196289 -0.0227336883544922 0.0052337646484375
0.00328922271728516 0.0167312622070313 -0.0230159759521484 -0.003997802734375
-0.00667667388916016 0.0165309906005859 -0.0135297775268555 -0.0113096237182617
-0.016749382019043 0.00607776641845703 -0.00232601165771484 -0.00897884368896484
-0.0177478790283203 -0.00535392761230469 -0.0143003463745117 0.00458526611328125
-0.0189723968505859 -0.0161724090576172 -0.0367202758789063 -0.0051727294921875
-0.00163078308105469 -0.0112524032592773 -0.0293331146240234 -0.00121307373046875
-0.00478219985961914 -0.00642967224121094 -0.0419998168945313 0.00526046752929687
-0.00953769683837891 -0.00214195251464844 -0.0284881591796875 0.0218524932861328
-0.0100154876708984 0.00478172302246093 -0.00739288330078125 0.0207328796386719
-0.00466108322143555 0.00860214233398438 0.00187015533447266 0.00877285003662109
0.00101280212402344 0.0126218795776367 -0.00200200080871582 0.00171327590942383
0.00590419769287109 0.0121297836303711 -0.0112428665161133 0.00132179260253906
0.00549125671386719 0.0100946426391602 -0.0175933837890625 0.00408172607421875
0.00692462921142578 0.0108613967895508 -0.0217361450195312 0.00638198852539063
0.00503063201904297 0.0133600234985352 -0.0253658294677734 0.00278854370117188
-0.000645637512207031 0.0148658752441406 -0.024169921875 -0.00579833984374999
-0.00956439971923828 0.0127477645874023 -0.0135526657104492 -0.012054443359375
-0.0166339874267578 -4.19616699218767E-05 -0.00237560272216797 -0.00860261917114258
-0.0114040374755859 -0.0118646621704102 -0.015925407409668 0.00410842895507812
-0.00899505615234375 -0.0197601318359375 -0.0394706726074219 -0.00888824462890626
0.0123062133789063 -0.00707340240478516 -0.0246181488037109 -0.0028839111328125
0.00890064239501953 -0.00734233856201172 -0.036956787109375 0.0028839111328125
0.00163745880126953 -0.00778055191040039 -0.0259227752685547 0.0189018249511719
-0.00494194030761719 -0.00614643096923828 -0.00717830657958984 0.0170230865478516
-0.00708436965942383 -0.00100183486938476 0.00159931182861328 0.00598335266113281
-0.00698518753051758 0.00655984878540039 -0.00420665740966797 -0.0016629695892334
-0.00240230560302734 0.0108394622802734 -0.0134258270263672 -0.00200176239013672
-0.000663757324218751 0.00924491882324219 -0.0198802947998047 0.00115585327148438
0.00078582763671875 0.00967788696289063 -0.0242843627929688 0.00284194946289063
-0.000106811523437501 0.0116672515869141 -0.0263748168945313 -0.00165176391601562
-0.00407314300537109 0.0109224319458008 -0.0237350463867188 -0.00879287719726562
-0.0105972290039063 0.00821590423583984 -0.0130996704101563 -0.0141515731811523
-0.0148944854736328 -0.00454425811767578 -0.00415515899658203 -0.0104761123657227
-0.00586414337158203 -0.0159797668457031 -0.0159025192260742 -0.0018463134765625
0.00208091735839844 -0.021270751953125 -0.0366630554199219 -0.014190673828125
-0.0212020874023438 0.0157337188720703 0.0325660705566406 0.0165081024169922
0.00403022766113282 0.0225658416748047 0.0128231048583984 0.0108127593994141
0.01300048828125 0.00563716888427734 0.00304603576660156 0.0144119262695313
0.010706901550293 -0.00216007232666016 0.0135746002197266 0.0204582214355469
0.0078434944152832 -0.00754642486572266 0.0243797302246094 0.0141448974609375
0.00315761566162109 -0.0125284194946289 0.0289897918701172 0.002899169921875
0.00174808502197266 -0.0110492706298828 0.02728271484375 -0.000499725341796876
0.00282001495361328 -0.00998401641845703 0.0207366943359375 0.000186920166015624
0.00754737854003906 -0.0122346878051758 0.0124969482421875 0.00485420227050781
0.0142107009887695 -0.00410842895507813 0.00284433364868164 0.00508928298950195
0.0143013000488281 0.0084075927734375 -0.00453042984008789 -0.00623083114624023
0.00513172149658203 0.0162878036499023 0.00321578979492188 -0.0165843963623047
-0.0110788345336914 0.0155830383300781 0.0277996063232422 -0.0175571441650391
-0.0212287902832031 0.0115222930908203 0.0343704223632813 -0.0010986328125
-0.0311164855957031 0.00375747680664063 0.0142650604248047 0.00543498992919922
-0.0306587219238281 0.00925445556640624 0.0236244201660156 0.0219573974609375
-0.00822257995605469 0.0224800109863281 0.00606536865234375 0.0175876617431641
0.00432109832763672 0.0111246109008789 0.0013275146484375 0.0209751129150391
0.00792884826660156 0.00627946853637695 0.0131149291992187 0.0260429382324219
0.00995349884033203 0.000674247741699219 0.0242099761962891 0.0184402465820313
0.0105504989624023 -0.00631809234619141 0.0294876098632813 0.00689697265625
0.0101070404052734 -0.00772666931152344 0.0261325836181641 0.00267601013183594
0.00976848602294922 -0.00596427917480469 0.0184535980224609 0.00425338745117188
0.0148792266845703 -0.00705528259277344 0.00865364074707031 0.00816679000854492
0.0193328857421875 0.00246238708496094 -0.00156927108764648 0.00768566131591797
0.0150012969970703 0.0156469345092773 -0.0101394653320312 -0.00492382049560547
0.00234222412109375 0.0234794616699219 -0.00263214111328125 -0.0166797637939453
-0.0177021026611328 0.0190105438232422 0.020416259765625 -0.0188922882080078
-0.0298824310302734 0.00961875915527344 0.0238304138183594 -0.00181198120117187
-0.0391082763671875 -0.000358581542968752 0.00264406204223633 0.00508689880371094
-0.037078857421875 0.000732421874999997 0.00964927673339844 0.0235958099365234
-0.0210895538330078 0.0173702239990234 -0.00555038452148437 0.0230846405029297
-0.00619983673095703 0.0151138305664062 -0.00353050231933594 0.0279541015625
0.00210094451904297 0.0157909393310547 0.0108547210693359 0.0308322906494141
0.0100059509277344 0.010411262512207 0.0217952728271484 0.0214805603027344
0.0162744522094727 0.00188732147216797 0.0266513824462891 0.0103931427001953
0.017512321472168 -0.00209236145019531 0.0215473175048828 0.006103515625
0.0151824951171875 -0.00137042999267578 0.0133781433105469 0.00733280181884766
0.019775390625 -0.00144767761230469 0.00240612030029297 0.0109777450561523
0.0215911865234375 0.00754737854003906 -0.00728130340576172 0.00989913940429688
0.0145320892333984 0.0193805694580078 -0.0161933898925781 -0.00307369232177734
0.00147247314453125 0.0265464782714844 -0.00922393798828125 -0.0155925750732422
-0.0198249816894531 0.0203895568847656 0.0119209289550781 -0.0186862945556641
-0.0326137542724609 0.00839424133300782 0.0112190246582031 -0.00104713439941406
-0.0421905517578125 -0.00408554077148437 -0.011021614074707 0.00383949279785156
-0.0372314453125 -0.00828933715820313 -0.00507354736328125 0.0220661163330078
-0.0293159484863281 0.00929450988769532 -0.0192184448242188 0.0243644714355469
-0.0165042877197266 0.0155935287475586 -0.0108070373535156 0.0324153900146484
-0.00501060485839844 0.0218791961669922 0.00629997253417969 0.0336570739746094
0.00807952880859375 0.0179271697998047 0.0170421600341797 0.0225372314453125
0.019012451171875 0.0106163024902344 0.0216312408447266 0.0117740631103516
0.0214366912841797 0.00372505187988281 0.0141696929931641 0.00738048553466797
0.0175628662109375 0.00390529632568359 0.00562334060668945 0.00848054885864258
0.02093505859375 0.0038909912109375 -0.00379467010498047 0.0123519897460938
0.0211658477783203 0.0112514495849609 -0.0131568908691406 0.010594367980957
0.0123176574707031 0.0202846527099609 -0.0203170776367188 -0.00154876708984374
-0.000137329101562499 0.0256996154785156 -0.013310432434082 -0.0135564804077148
-0.0192909240722656 0.0181121826171875 0.0044403076171875 -0.0160398483276367
-0.0307960510253906 0.00566291809082032 -0.000542402267456057 0.00172042846679688
-0.0390739440917969 -0.00756454467773437 -0.0236225128173828 0.00271415710449219
-0.0307884216308594 -0.0150566101074219 -0.0197277069091797 0.0159473419189453
-0.0299835205078125 0.00035476684570313 -0.033111572265625 0.0216236114501953
-0.0227775573730469 0.011749267578125 -0.0191936492919922 0.0337314605712891
-0.0118694305419922 0.0232124328613281 0.0009918212890625 0.0331249237060547
0.0035858154296875 0.0223026275634766 0.0118408203125 0.0197772979736328
0.0175485610961914 0.0168561935424805 0.0132169723510742 0.0103359222412109
0.0212993621826172 0.00913810729980469 0.00460910797119141 0.00682640075683594
0.0174837112426758 0.00817394256591797 -0.00335597991943359 0.00857782363891602
0.0196876525878906 0.00816154479980469 -0.011199951171875 0.0122499465942383
0.0180225372314453 0.0141887664794922 -0.0186500549316406 0.0104923248291016
0.0082855224609375 0.0205402374267578 -0.0232028961181641 -0.000797271728515624
-0.00364494323730469 0.023193359375 -0.0152416229248047 -0.0108957290649414
-0.0196685791015625 0.0134353637695313 0.000140190124511716 -0.011631965637207
-0.0269260406494141 2.09808349609433E-05 -0.00974464416503906 0.00638961791992188
-0.0334243774414063 -0.01312255859375 -0.0344028472900391 0.00121879577636718
-0.0175056457519531 -0.0178680419921875 -0.0287704467773437 0.00856590270996094
-0.0221366882324219 -0.00751686096191406 -0.0421791076660156 0.0154151916503906
-0.0213432312011719 0.00442123413085938 -0.0255603790283203 0.0298709869384766
-0.0154886245727539 0.0164995193481445 -0.00467491149902344 0.0283050537109375
-0.00182151794433594 0.0198020935058594 0.00581836700439453 0.0151643753051758
0.0117340087890625 0.0188560485839844 0.00514078140258789 0.00696992874145508
0.0171098709106445 0.0129604339599609 -0.00438547134399414 0.00491189956665039
0.0142040252685547 0.010737419128418 -0.0111598968505859 0.0072164535522461
0.0163135528564453 0.0118541717529297 -0.0171613693237305 0.0105524063110352
0.0134363174438477 0.016077995300293 -0.0220012664794922 0.00760459899902344
0.0042572021484375 0.0200691223144531 -0.0237331390380859 -0.00182151794433594
-0.00766181945800781 0.0199718475341797 -0.0146627426147461 -0.00955009460449219
-0.0202770233154297 0.007720947265625 -0.00286436080932617 -0.00788068771362305
-0.0219898223876953 -0.0069122314453125 -0.0156402587890625 0.0069122314453125
-0.0231285095214844 -0.0189170837402344 -0.0404243469238281 -0.00288772583007812
-0.00139904022216797 -0.0157308578491211 -0.0326366424560547 0.000928878784179691
-0.00665855407714844 -0.0108022689819336 -0.0450057983398437 0.00916671752929688
-0.0122194290161133 -0.00390815734863281 -0.0282993316650391 0.0259780883789063
-0.0132150650024414 0.00586605072021484 -0.00629997253417969 0.0223369598388672
-0.00640201568603516 0.0113945007324219 0.00263404846191406 0.0085296630859375
0.00215244293212891 0.0161952972412109 -0.00218594074249268 0.00161445140838623
0.00914096832275391 0.0143251419067383 -0.0118436813354492 0.00153827667236328
0.00809001922607422 0.0122261047363281 -0.0182418823242188 0.00528335571289062
0.00949287414550781 0.0130681991577148 -0.0223331451416016 0.0084686279296875
0.00763034820556641 0.0164022445678711 -0.0256004333496094 0.00432968139648438
-4.57763671874994E-05 0.0181217193603516 -0.0253047943115234 -0.00463294982910156
-0.0104427337646484 0.0164432525634766 -0.0146417617797852 -0.0111846923828125
-0.0203151702880859 0.001312255859375 -0.00339651107788086 -0.00762128829956055
-0.0160694122314453 -0.0142536163330078 -0.0175352096557617 0.00558757781982422
-0.0120315551757813 -0.0235595703125 -0.0434761047363281 -0.00729751586914063
0.0139865875244141 -0.0117349624633789 -0.0283260345458984 -0.002655029296875
0.00883674621582031 -0.0118217468261719 -0.0401077270507813 0.0053253173828125
-0.000581741333007812 -0.0106573104858398 -0.0263862609863281 0.0217056274414063
-0.00807762145996094 -0.00669002532958985 -0.00579261779785156 0.0179786682128906
-0.00968456268310547 0.000843048095703124 0.00174617767333984 0.00482034683227539
-0.00665664672851563 0.0102996826171875 -0.00457143783569336 -0.0025324821472168
-2.67028808593748E-05 0.0137405395507813 -0.0153865814208984 -0.00231170654296875
0.00156497955322266 0.0114860534667969 -0.0215263366699219 0.00177574157714843
0.00330162048339844 0.012242317199707 -0.0258369445800781 0.00406455993652344
0.00211334228515625 0.0139970779418945 -0.0273876190185547 -0.000844955444335943
-0.00326919555664063 0.0138187408447266 -0.0249385833740234 -0.00806808471679687
-0.0114297866821289 0.0113554000854492 -0.0140752792358398 -0.0140714645385742
-0.0183849334716797 -0.003509521484375 -0.00488948822021484 -0.0105457305908203
-0.00931930541992187 -0.0186767578125 -0.0181846618652344 -0.0013427734375
6.67572021484351E-05 -0.0258140563964844 -0.0406570434570312 -0.0146942138671875
-0.0184135437011719 0.0198459625244141 0.0370254516601563 0.0167694091796875
0.00822639465332031 0.0231704711914063 0.0157670974731445 0.0106544494628906
0.0147037506103516 0.00376510620117188 0.00438690185546875 0.013885498046875
0.0109043121337891 -0.00482559204101563 0.0146331787109375 0.0204143524169922
0.00623512268066406 -0.00983619689941406 0.0260124206542969 0.01385498046875
0.000439643859863282 -0.0147933959960937 0.0307559967041016 0.00204277038574219
-0.000830650329589843 -0.0121974945068359 0.0291118621826172 -0.00193977355957031
0.000842094421386718 -0.010859489440918 0.0234832763671875 -0.000345230102539063
0.00513076782226563 -0.0141897201538086 0.0151185989379883 0.0048675537109375
0.0140647888183594 -0.00713443756103516 0.00518512725830078 0.00641155242919922
0.0163354873657227 0.00608921051025391 -0.00469303131103516 -0.0044245719909668
0.00839519500732422 0.0158319473266602 0.00211048126220703 -0.0158109664916992
-0.00893974304199219 0.018310546875 0.0265045166015625 -0.0194034576416016
-0.0213832855224609 0.0162258148193359 0.03680419921875 -0.00343704223632812
-0.0321369171142578 0.00909233093261719 0.0172119140625 0.00649929046630859
-0.0300502777099609 0.0124359130859375 0.0277156829833984 0.0233993530273438
-0.00569534301757813 0.0231456756591797 0.00962066650390625 0.0181674957275391
0.0061187744140625 0.01043701171875 0.00313758850097657 0.0212345123291016
0.0077509880065918 0.00444936752319336 0.0146236419677734 0.0262832641601563
0.00928688049316406 -0.00101470947265625 0.0264472961425781 0.0182266235351562
0.00860023498535156 -0.00771665573120117 0.0316867828369141 0.006439208984375
0.0093994140625 -0.00824928283691406 0.0291976928710937 0.00191116333007812
0.00938606262207031 -0.00694561004638672 0.0214729309082031 0.0038299560546875
0.0138483047485352 -0.00908565521240234 0.0119428634643555 0.00857639312744141
0.0200710296630859 0.000293731689453125 0.00107002258300782 0.0100545883178711
0.0172786712646484 0.0145196914672852 -0.010106086730957 -0.00196743011474609
0.00527572631835938 0.0241279602050781 -0.00406455993652344 -0.0150423049926758
-0.0166015625 0.0222797393798828 0.0191726684570313 -0.0204048156738281
-0.0312328338623047 0.0138740539550781 0.0254726409912109 -0.00268745422363281
-0.0416145324707031 0.00405883789062501 0.0046992301940918 0.00723838806152344
-0.038360595703125 0.00286102294921874 0.0135669708251953 0.0269279479980469
-0.0205116271972656 0.0187454223632813 -0.0019989013671875 0.0249156951904297
-0.00603485107421875 0.0151100158691406 -0.000890731811523437 0.028961181640625
0.00241374969482422 0.0153970718383789 0.012939453125 0.0313205718994141
0.0101995468139648 0.00961685180664063 0.0244655609130859 0.0215110778808594
0.0161466598510742 0.00127220153808594 0.0300540924072266 0.0100059509277344
0.0176258087158203 -0.00298118591308594 0.0246486663818359 0.00551986694335938
0.0160808563232422 -0.00182342529296875 0.0164947509765625 0.00678730010986328
0.0202369689941406 -0.00256729125976563 0.0065155029296875 0.0119438171386719
0.0232143402099609 0.006439208984375 -0.00456905364990234 0.0125036239624023
0.0167484283447266 0.0193386077880859 -0.0154991149902344 -0.00021839141845703
0.00368309020996094 0.0280437469482422 -0.0102834701538086 -0.0136127471923828
-0.0195198059082031 0.0231914520263672 0.0103702545166016 -0.0192584991455078
-0.0347270965576172 0.0120029449462891 0.0123214721679687 -0.000730514526367187
-0.0456390380859375 -0.000671386718749995 -0.00944709777832031 0.00724220275878906
-0.0397872924804688 -0.00759887695312499 -0.00259780883789063 0.0263271331787109
-0.0311336517333984 0.0103664398193359 -0.0162067413330078 0.0279636383056641
-0.0172853469848633 0.0168228149414063 -0.00808334350585938 0.0342426300048828
-0.00499343872070313 0.0232276916503906 0.00873374938964844 0.0348167419433594
0.00877952575683594 0.0193290710449219 0.0197372436523438 0.0229053497314453
0.0203456878662109 0.0103225708007813 0.0245895385742188 0.0114402770996094
0.0232830047607422 0.00305557250976562 0.0170793533325195 0.00724983215332031
0.0195884704589844 0.00386619567871094 0.00862216949462891 0.00860214233398438
0.0227699279785156 0.00401687622070313 -0.000490188598632811 0.0132827758789062
0.0229721069335938 0.01141357421875 -0.0103588104248047 0.0130558013916016
0.0146446228027344 0.0216598510742188 -0.0195045471191406 0.0018463134765625
0.00104522705078125 0.0276756286621094 -0.0143527984619141 -0.0106878280639648
-0.0204544067382812 0.0210666656494141 0.00333309173583984 -0.0153493881225586
-0.0338020324707031 0.00771141052246093 0.000553369522094725 0.00342226028442383
-0.0433807373046875 -0.00566864013671874 -0.0230216979980469 0.00700187683105469
-0.0344181060791016 -0.0158367156982422 -0.0188159942626953 0.0206050872802734
-0.0335140228271484 0.000478744506835944 -0.0318393707275391 0.0257282257080078
-0.0251731872558594 0.0130634307861328 -0.0164947509765625 0.036163330078125
-0.0124320983886719 0.0254173278808594 0.00321006774902344 0.0341453552246094
0.00504493713378906 0.0244274139404297 0.0137100219726563 0.0195980072021484
0.0201034545898437 0.0175151824951172 0.0158777236938477 0.00982475280761719
0.0243263244628906 0.00903129577636719 0.00665140151977539 0.00686120986938477
0.0200424194335938 0.00835037231445312 -0.000886917114257812 0.00941658020019531
0.022705078125 0.008758544921875 -0.00852203369140625 0.01385498046875
0.0210437774658203 0.0147609710693359 -0.0156946182250977 0.012725830078125
0.0105094909667969 0.0231094360351563 -0.0224094390869141 0.00221443176269532
-0.00317001342773438 0.0262928009033203 -0.015498161315918 -0.00867176055908203
-0.0214405059814453 0.0159492492675781 -0.000582695007324221 -0.0104227066040039
-0.0309276580810547 0.00122261047363282 -0.00836849212646485 0.00891304016113281
-0.0377388000488281 -0.0127677917480469 -0.0345973968505859 0.00533103942871093
-0.0210456848144531 -0.0209140777587891 -0.0296573638916016 0.0126495361328125
-0.0261058807373047 -0.00922966003417969 -0.0419845581054688 0.0198478698730469
-0.0247077941894531 0.00526428222656249 -0.0236988067626953 0.0328521728515625
-0.0168952941894531 0.0196876525878906 -0.00291061401367188 0.0293827056884766
-0.00129318237304688 0.0226554870605469 0.00700187683105469 0.0151777267456055
0.0145015716552734 0.0211238861083984 0.00642728805541992 0.00691080093383789
0.0208015441894531 0.0133590698242188 -0.00356531143188476 0.00542879104614258
0.0173540115356445 0.0114660263061523 -0.0104341506958008 0.0078744888305664
0.0196304321289063 0.0125637054443359 -0.0155858993530273 0.0114192962646484
0.0167465209960937 0.0178394317626953 -0.0205650329589844 0.00947189331054688
0.006134033203125 0.0227165222167969 -0.0229339599609375 -8.9645385742187E-05
-0.00722503662109375 0.0234470367431641 -0.0147333145141602 -0.00801277160644531
-0.0226860046386719 0.00973129272460938 -0.00287771224975586 -0.00665378570556641
-0.0265007019042969 -0.00713729858398437 -0.0149602890014648 0.00910568237304688
-0.0279293060302734 -0.0202198028564453 -0.0420379638671875 0.00103378295898438
-0.00371360778808594 -0.0202617645263672 -0.0353317260742188 0.00415802001953125
-0.0100231170654297 -0.0141525268554688 -0.0460243225097656 0.0131378173828125
-0.0156936645507813 -0.00470638275146484 -0.0267181396484375 0.0283832550048828
-0.0159111022949219 0.00771236419677734 -0.00516891479492187 0.0233001708984375
-0.00718593597412109 0.0145454406738281 0.00293588638305664 0.0081934928894043
0.00470924377441406 0.0191364288330078 -0.00200986862182617 0.00151157379150391
0.0125532150268555 0.0157451629638672 -0.0124588012695312 0.00258922576904297
0.0117607116699219 0.0136270523071289 -0.0181388854980469 0.00623512268066406
0.0135812759399414 0.0145149230957031 -0.0222549438476563 0.009613037109375
0.0112876892089844 0.0181350708007813 -0.0245933532714844 0.00584220886230469
0.00198173522949219 0.020721435546875 -0.0247516632080078 -0.00301361083984375
-0.0105876922607422 0.0199356079101563 -0.0148849487304688 -0.0101432800292969
-0.0233631134033203 0.00366783142089844 -0.00353145599365234 -0.00656700134277344
-0.0211200714111328 -0.0149955749511719 -0.0181941986083984 0.00754928588867187
-0.0169620513916016 -0.0259819030761719 -0.0458106994628906 -0.00486373901367188
0.0135908126831055 -0.0168733596801758 -0.0314502716064453 -0.00104331970214843
0.006866455078125 -0.0161838531494141 -0.0425033569335938 0.00797271728515625
-0.00312232971191406 -0.0124750137329102 -0.0250644683837891 0.0242176055908203
-0.0109624862670898 -0.00554084777832031 -0.00456047058105469 0.0181636810302734
-0.0111112594604492 0.00366497039794922 0.00168728828430176 0.00370311737060547
-0.00528240203857422 0.0138692855834961 -0.00599288940429688 -0.00303316116333008
0.00340747833251953 0.0152950286865234 -0.0170707702636719 -0.001800537109375
0.00480556488037109 0.0128135681152344 -0.0234165191650391 0.0026397705078125
0.00670242309570313 0.0138559341430664 -0.0267486572265625 0.005218505859375
0.00522327423095703 0.0159463882446289 -0.0282402038574219 0.000139236450195315
-0.00144195556640625 0.0167903900146484 -0.0254688262939453 -0.00726127624511719
-0.0113840103149414 0.0150136947631836 -0.0149469375610352 -0.0129222869873047
-0.0214347839355469 -0.00119590759277344 -0.00540828704833985 -0.00974845886230469
-0.0137271881103516 -0.019775390625 -0.0198116302490234 0.000133514404296876
-0.00362014770507812 -0.0290451049804688 -0.0442314147949219 -0.0136604309082031
-0.0155887603759766 0.0219707489013672 0.0407905578613281 0.0168685913085938
0.0116405487060547 0.0223426818847656 0.0186958312988281 0.00981330871582032
0.0163593292236328 0.00104999542236328 0.00529098510742188 0.0137271881103516
0.0103740692138672 -0.00716781616210938 0.0153579711914063 0.0203762054443359
0.00465869903564453 -0.0110378265380859 0.0268020629882813 0.0136585235595703
-0.00226306915283203 -0.0147600173950195 0.03173828125 0.00159645080566406
-0.00275135040283203 -0.012019157409668 0.0311222076416016 -0.00300216674804688
-0.000962257385253907 -0.0109958648681641 0.0254573822021484 -0.00127983093261719
0.00269031524658203 -0.0150890350341797 0.0181827545166016 0.0045013427734375
0.0127391815185547 -0.00944232940673828 0.00798320770263672 0.00747823715209961
0.0174722671508789 0.00384521484375 -0.00381755828857422 -0.00194501876831055
0.0111513137817383 0.0147218704223633 0.00151348114013672 -0.0144338607788086
-0.00580787658691406 0.0206871032714844 0.0254306793212891 -0.0204448699951172
-0.0200366973876953 0.0202713012695312 0.0381088256835938 -0.0053558349609375
-0.0316715240478516 0.0141105651855469 0.02069091796875 0.00690269470214844
-0.02886962890625 0.0151710510253906 0.0320529937744141 0.0247383117675781
-0.00349235534667969 0.0227603912353516 0.0130424499511719 0.0180950164794922
0.00698709487915039 0.00873994827270508 0.00449752807617187 0.0207576751708984
0.00751161575317383 0.00331830978393555 0.01556396484375 0.0264396667480469
0.00806188583374023 -0.00173377990722656 0.0277366638183594 0.0183334350585938
0.00681447982788086 -0.00797939300537109 0.0338764190673828 0.00569725036621094
0.00785923004150391 -0.00857400894165039 0.0317649841308594 0.000926971435546874
0.0082550048828125 -0.00719594955444336 0.0247917175292969 0.00237274169921875
0.0127620697021484 -0.00958824157714844 0.0159187316894531 0.00846576690673828
0.0198764801025391 -0.0013275146484375 0.00432014465332031 0.0110759735107422
0.0187530517578125 0.0136203765869141 -0.00832509994506836 0.000710487365722658
0.0075225830078125 0.0238857269287109 -0.00444698333740234 -0.012639045715332
-0.0149250030517578 0.0243339538574219 0.0176239013671875 -0.0204906463623047
-0.0312461853027344 0.0178146362304688 0.0267276763916016 -0.00342369079589844
-0.0425796508789063 0.0086517333984375 0.00768566131591797 0.00932979583740234
-0.0391731262207031 0.00407028198242188 0.0176467895507812 0.0291767120361328
-0.0197830200195313 0.0190849304199219 0.00172615051269531 0.0256748199462891
-0.00559520721435547 0.014923095703125 0.000959396362304685 0.0283451080322266
0.00217151641845703 0.0151510238647461 0.0145530700683594 0.0317134857177734
0.0102300643920898 0.00961589813232422 0.0264892578125 0.0218925476074219
0.0160284042358398 0.00095367431640625 0.0327529907226563 0.00889205932617188
0.0178947448730469 -0.00344467163085937 0.0277290344238281 0.00419998168945313
0.0163536071777344 -0.00188541412353516 0.0195865631103516 0.00593376159667969
0.0201854705810547 -0.00324821472167969 0.0102624893188477 0.0119409561157227
0.0240802764892578 0.00529861450195312 -0.000946998596191406 0.0131435394287109
0.0184764862060547 0.0191612243652344 -0.013432502746582 0.00243473052978516
0.0053558349609375 0.0285530090332031 -0.00993251800537109 -0.0104446411132812
-0.0189228057861328 0.0258464813232422 0.00922012329101562 -0.0184764862060547
-0.0365524291992188 0.0148582458496094 0.014185905456543 -9.34600830078116E-05
-0.0476303100585937 0.0028228759765625 -0.00691223144531251 0.010411262512207
-0.0419235229492188 -0.00682830810546875 0.00109291076660156 0.0292282104492188
-0.0322399139404297 0.0113410949707031 -0.0132179260253906 0.0299034118652344
-0.0182609558105469 0.0177707672119141 -0.00557327270507813 0.0344505310058594
-0.0050506591796875 0.0245018005371094 0.0103416442871094 0.0350265502929688
0.00928688049316406 0.0199604034423828 0.0222434997558594 0.0230388641357422
0.0216808319091797 0.0107326507568359 0.0272216796875 0.0105648040771484
0.0247402191162109 0.00253486633300781 0.0200691223144531 0.00650978088378906
0.02142333984375 0.00357246398925781 0.0115985870361328 0.00782108306884766
0.0244598388671875 0.00324630737304688 0.00288581848144532 0.0132617950439453
0.0252189636230469 0.0114803314208984 -0.00694561004638672 0.0139675140380859
0.0161304473876953 0.0224990844726563 -0.0171184539794922 0.00425529479980469
0.00250816345214844 0.0293693542480469 -0.0134363174438477 -0.00796318054199219
-0.0209102630615234 0.0231990814208984 0.00308799743652344 -0.0144252777099609
-0.0366172790527344 0.01031494140625 0.00235986709594726 0.00475645065307617
-0.0463829040527344 -0.00379562377929687 -0.0211544036865234 0.0100765228271484
-0.0381278991699219 -0.0168724060058594 -0.0169868469238281 0.0243434906005859
-0.0371284484863281 0.000930786132812496 -0.0293312072753906 0.0287246704101562
-0.0272617340087891 0.0145092010498047 -0.0141792297363281 0.0368270874023438
-0.0126800537109375 0.0279922485351563 0.00470161437988281 0.0344066619873047
0.00576019287109375 0.0263462066650391 0.0152931213378906 0.0200176239013672
0.0222568511962891 0.0185260772705078 0.018310546875 0.00930595397949219
0.0270862579345703 0.00860404968261719 0.00869226455688477 0.00708389282226563
0.022857666015625 0.00806999206542969 0.00111484527587891 0.0087437629699707
0.0253505706787109 0.0089874267578125 -0.00565910339355469 0.0138397216796875
0.0237045288085938 0.0159053802490234 -0.0126705169677734 0.0132932662963867
0.0128421783447266 0.0246868133544922 -0.0201740264892578 0.00394439697265625
-0.002105712890625 0.0294704437255859 -0.0144624710083008 -0.00626277923583984
-0.0232715606689453 0.0183486938476563 -0.000186920166015626 -0.00902557373046875
-0.0345020294189453 0.00239181518554687 -0.00689697265625 0.0102987289428711
-0.0420074462890625 -0.0116653442382813 -0.0335426330566406 0.00843048095703125
-0.0246086120605469 -0.0229015350341797 -0.0293254852294922 0.0165328979492188
-0.0305118560791016 -0.00967788696289062 -0.0411605834960938 0.0233154296875
-0.0277271270751953 0.00631141662597656 -0.0214252471923828 0.0340328216552734
-0.0182228088378906 0.0223636627197266 -0.0013580322265625 0.0298824310302734
-0.000829696655273439 0.0255680084228516 0.00786209106445313 0.0150747299194336
0.0175895690917969 0.0226383209228516 0.00759267807006836 0.00641250610351563
0.0243034362792969 0.0132198333740234 -0.00210905075073242 0.00546073913574219
0.0212879180908203 0.0115795135498047 -0.00906085968017578 0.008026123046875
0.0231399536132812 0.0126190185546875 -0.0140562057495117 0.011744499206543
0.0202274322509766 0.0188407897949219 -0.0183734893798828 0.00964927673339844
0.00846290588378906 0.0250949859619141 -0.0213832855224609 0.00116539001464844
-0.00645256042480469 0.0268993377685547 -0.0138673782348633 -0.00669097900390625
-0.0248298645019531 0.0125923156738281 -0.00220870971679688 -0.00578451156616211
-0.0313472747802734 -0.0059967041015625 -0.0138616561889648 0.0112533569335938
-0.0325546264648438 -0.0203990936279297 -0.0421257019042969 0.00374221801757812
-0.0070953369140625 -0.0234966278076172 -0.0367546081542969 0.00760269165039062
-0.0142650604248047 -0.016265869140625 -0.0463714599609375 0.0163650512695313
-0.0197830200195312 -0.00426483154296875 -0.0249786376953125 0.0301761627197266
-0.0179710388183594 0.0105457305908203 -0.00402069091796875 0.0231552124023438
-0.00682640075683594 0.0179519653320313 0.00277042388916015 0.00747537612915039
0.00771141052246094 0.0212860107421875 -0.00195574760437012 0.00129544734954834
0.0167140960693359 0.0161142349243164 -0.0127058029174805 0.00294685363769531
0.0152835845947266 0.0137128829956055 -0.0184173583984375 0.00712013244628907
0.0176448822021484 0.0147190093994141 -0.0220355987548828 0.00980377197265625
0.0149364471435547 0.0193595886230469 -0.0241012573242188 0.00577163696289063
0.00429534912109375 0.0230884552001953 -0.0240650177001953 -0.00255393981933593
-0.00893020629882813 0.023406982421875 -0.014338493347168 -0.00907039642333984
-0.0255756378173828 0.00646591186523437 -0.0033411979675293 -0.00614166259765625
-0.0257301330566406 -0.0142669677734375 -0.0179004669189453 0.00946998596191406
-0.0216293334960938 -0.0273284912109375 -0.0475273132324219 -0.00302886962890624
0.012298583984375 -0.02093505859375 -0.0338821411132813 0.000329971313476556
0.00359725952148437 -0.0195236206054688 -0.0434799194335938 0.0104141235351562
-0.00631427764892578 -0.0134134292602539 -0.0234012603759766 0.0255069732666016
-0.0139503479003906 -0.0038299560546875 -0.00395774841308594 0.017547607421875
-0.0118112564086914 0.00687026977539062 0.00146985054016113 0.00276875495910645
-0.00293636322021485 0.016510009765625 -0.00722408294677734 -0.003570556640625
0.00674057006835937 0.0159873962402344 -0.0188961029052734 -0.000974655151367189
0.00773811340332031 0.0131654739379883 -0.0247821807861328 0.00391197204589844
0.00990200042724609 0.0140056610107422 -0.0275764465332031 0.00578689575195313
0.00849723815917969 0.0169105529785156 -0.0284690856933594 0.000331878662109372
0.000431060791015627 0.0186672210693359 -0.0260162353515625 -0.00707054138183594
-0.0106105804443359 0.0181331634521484 -0.0147619247436523 -0.0125608444213867
-0.0229530334472656 0.00157546997070313 -0.00536060333251953 -0.00908088684082031
-0.0183448791503906 -0.0194625854492188 -0.0206089019775391 0.0019073486328125
-0.00816726684570313 -0.0309581756591797 -0.0470008850097656 -0.0127677917480469
-0.0131607055664063 0.0237274169921875 0.0443801879882813 0.0167236328125
0.0144882202148438 0.02142333984375 0.0208988189697266 0.00852012634277344
0.0167045593261719 -0.00103855133056641 0.00575828552246094 0.0131015777587891
0.00960636138916015 -0.00944137573242188 0.0156402587890625 0.0211811065673828
0.00291061401367187 -0.0121574401855469 0.0283603668212891 0.0145664215087891
-0.00502109527587891 -0.0145730972290039 0.0335235595703125 0.00178146362304687
-0.00457954406738281 -0.0113124847412109 0.0335903167724609 -0.00428390502929688
-0.00259208679199219 -0.0105953216552734 0.027740478515625 -0.00257110595703125
0.000424385070800781 -0.0153112411499023 0.0207290649414063 0.00404739379882812
0.0111665725708008 -0.011256217956543 0.0103073120117188 0.00733470916748047
0.0183792114257813 0.00144195556640625 -0.00218653678894043 -0.000429391860961914
0.0133609771728516 0.0138664245605469 0.00201225280761719 -0.0129909515380859
-0.003326416015625 0.0216636657714844 0.0247135162353516 -0.0207729339599609
-0.0182666778564453 0.0236339569091797 0.0400009155273438 -0.0065155029296875
-0.0302371978759766 0.0176639556884766 0.0244102478027344 0.00776290893554688
-0.02801513671875 0.0165462493896484 0.0362129211425781 0.0252685546875
-0.00219917297363281 0.0228519439697266 0.0154867172241211 0.0172901153564453
0.00666999816894531 0.00695276260375977 0.005126953125 0.0200691223144531
0.00696754455566406 0.00266456604003906 0.0168514251708984 0.0274944305419922
0.00674724578857422 -0.00226402282714844 0.0299243927001953 0.0187911987304688
0.00568437576293945 -0.00793933868408203 0.0365562438964844 0.00543212890625
0.00694370269775391 -0.00830984115600586 0.0348091125488281 -0.000154495239257813
0.00779581069946289 -0.00665998458862305 0.0273056030273438 0.00113868713378906
0.0117597579956055 -0.00984001159667969 0.0191898345947266 0.00760269165039062
0.0194950103759766 -0.00260353088378906 0.00763893127441406 0.0116138458251953
0.0195808410644531 0.0117778778076172 -0.00628900527954101 0.0025334358215332
0.00971603393554688 0.0237483978271484 -0.003936767578125 -0.0110397338867187
-0.0135746002197266 0.0261554718017578 0.0171947479248047 -0.020263671875
-0.0312938690185547 0.0212230682373047 0.0290184020996094 -0.00406455993652344
-0.0432052612304688 0.0120315551757813 0.0111064910888672 0.0107631683349609
-0.0401611328125 0.00526046752929687 0.0218257904052734 0.0308723449707031
-0.0202541351318359 0.0198993682861328 0.00524330139160156 0.0260887145996094
-0.00647449493408203 0.0151596069335938 0.00222206115722656 0.0283241271972656
0.00211429595947265 0.0156469345092773 0.0158443450927734 0.0330219268798828
0.00975227355957031 0.00986194610595703 0.0281715393066406 0.022247314453125
0.0160503387451172 0.0009307861328125 0.0352363586425781 0.00845718383789063
0.0182323455810547 -0.00363922119140625 0.030609130859375 0.00327110290527344
0.01690673828125 -0.00164604187011719 0.0225601196289063 0.00451850891113281
0.0207405090332031 -0.00352859497070313 0.0134372711181641 0.0108804702758789
0.025177001953125 0.00527191162109375 0.00237274169921875 0.0138692855834961
0.0197982788085938 0.0191249847412109 -0.0114212036132812 0.00469207763671875
0.00691413879394532 0.0299091339111328 -0.00901603698730469 -0.00809192657470703
-0.0186786651611328 0.0279273986816406 0.00981521606445312 -0.0182323455810547
-0.0378532409667969 0.0178375244140625 0.0162343978881836 -7.24792480468739E-05
-0.0495147705078125 0.00563430786132812 -0.00384712219238282 0.0126733779907227
-0.0445442199707031 -0.006561279296875 0.00372123718261718 0.0319118499755859
-0.0350780487060547 0.0120925903320313 -0.0100994110107422 0.0306453704833984
-0.0198345184326172 0.0187282562255859 -0.00446128845214844 0.0343532562255859
-0.00557708740234375 0.0263328552246094 0.0115318298339844 0.0360107421875
0.0101699829101563 0.0211734771728516 0.0238075256347656 0.0233535766601562
0.0228919982910156 0.0107173919677734 0.0296401977539063 0.00987625122070313
0.0264072418212891 0.00199699401855469 0.0226078033447266 0.00523948669433594
0.0230617523193359 0.0032806396484375 0.0139894485473633 0.00687694549560547
0.0264606475830078 0.00278854370117188 0.00557804107666016 0.0124893188476563
0.0271892547607422 0.0113487243652344 -0.00341033935546875 0.0142059326171875
0.0179824829101563 0.0239086151123047 -0.0144567489624023 0.0055084228515625
0.00382804870605469 0.0320243835449219 -0.0118474960327148 -0.00580883026123047
-0.0216732025146484 0.0255298614501953 0.00360870361328125 -0.0131444931030273
-0.0395278930664063 0.012176513671875 0.0045623779296875 0.00546932220458984
-0.050201416015625 -0.00178146362304686 -0.0191154479980469 0.0127544403076172
-0.0421142578125 -0.0176925659179688 -0.0155448913574219 0.0270729064941406
-0.0410385131835938 0.0014190673828125 -0.0276451110839844 0.0309391021728516
-0.0296401977539062 0.0164833068847656 -0.0131721496582031 0.0372962951660156
-0.0134925842285156 0.0309314727783203 0.00597381591796875 0.03521728515625
0.00713729858398438 0.0287151336669922 0.0167503356933594 0.0201530456542969
0.0250320434570313 0.0193805694580078 0.0195198059082031 0.00886154174804688
0.0300312042236328 0.00797462463378906 0.0105552673339844 0.00608634948730469
0.0254402160644531 0.00806427001953125 0.0028829574584961 0.00823259353637695
0.0284214019775391 0.00882530212402344 -0.00378608703613281 0.0128841400146484
0.0269336700439453 0.01629638671875 -0.0105676651000977 0.0134124755859375
0.0153102874755859 0.0264396667480469 -0.0179576873779297 0.00449180603027344
-0.000953674316406252 0.0319766998291016 -0.0131998062133789 -0.00499629974365234
-0.0244121551513672 0.0216407775878906 0.000831127166748045 -0.0084834098815918
-0.0383415222167969 0.0045318603515625 -0.00524997711181641 0.0114107131958008
-0.046051025390625 -0.010894775390625 -0.0325412750244141 0.0112533569335937
-0.0294189453125 -0.0248203277587891 -0.029510498046875 0.0195484161376953
-0.0353813171386719 -0.0100135803222656 -0.0405349731445313 0.0259056091308594
-0.0310688018798828 0.00812530517578124 -0.0201816558837891 0.0347232818603516
-0.0190029144287109 0.0255947113037109 -0.00100326538085937 0.0304737091064453
0.000402450561523435 0.0288677215576172 0.00843620300292969 0.0148420333862305
0.0208110809326172 0.0239601135253906 0.00834846496582031 0.006134033203125
0.0277061462402344 0.0128841400146484 -0.00187063217163086 0.00526094436645508
0.0239849090576172 0.0117149353027344 -0.00868844985961914 0.00827980041503906
0.0270309448242187 0.0123939514160156 -0.0131978988647461 0.0116415023803711
0.0240135192871094 0.0193462371826172 -0.017364501953125 0.00976753234863282
0.0106735229492188 0.0271854400634766 -0.0201263427734375 0.00134849548339844
-0.00539970397949218 0.0300521850585938 -0.0129165649414063 -0.00647068023681641
-0.0266780853271484 0.01580810546875 -0.00113487243652344 -0.00543308258056641
-0.0358314514160156 -0.00430679321289063 -0.0125579833984375 0.0128259658813477
-0.0374755859375 -0.0198211669921875 -0.0417289733886719 0.00609588623046874
-0.0101242065429688 -0.0262641906738281 -0.0379829406738281 0.00949096679687499
-0.0190486907958984 -0.0176143646240234 -0.0467720031738281 0.0186958312988281
-0.0232295989990234 -0.00381660461425781 -0.0239181518554687 0.0305500030517578
-0.0199375152587891 0.01324462890625 -0.004180908203125 0.0235748291015625
-0.00635528564453125 0.0209426879882813 0.00302314758300781 0.00745677947998047
0.0114650726318359 0.0232105255126953 -0.00243854522705078 0.00115728378295899
0.0204696655273438 0.0155620574951172 -0.0132169723510742 0.00302314758300781
0.0187873840332031 0.0138397216796875 -0.0186252593994141 0.00789451599121094
0.0214080810546875 0.0145435333251953 -0.0216464996337891 0.0100898742675781
0.0189952850341797 0.0198783874511719 -0.0243434906005859 0.00625801086425782
0.00647354125976562 0.0252323150634766 -0.0236873626708984 -0.00244140625
-0.00848960876464844 0.0267353057861328 -0.0134973526000977 -0.00910663604736328
-0.0275554656982422 0.00992584228515625 -0.00232267379760742 -0.0056614875793457
-0.0303115844726563 -0.0134677886962891 -0.0177707672119141 0.0109138488769531
-0.0263690948486328 -0.027618408203125 -0.0483551025390625 -0.00125122070312501
0.00925254821777344 -0.0246372222900391 -0.0368461608886719 0.00173568725585937
-3.81469726562519E-05 -0.0220870971679688 -0.0447425842285156 0.0125923156738281
-0.00948619842529297 -0.0138273239135742 -0.02301025390625 0.0259170532226563
-0.0162448883056641 -0.00158119201660156 -0.00409317016601563 0.0169429779052734
-0.0112943649291992 0.00941753387451172 0.000502586364746093 0.00177979469299316
3.62396240234372E-05 0.0185527801513672 -0.00866127014160156 -0.00359392166137695
0.0101079940795898 0.015864372253418 -0.0207786560058594 -0.000207901000976561
0.0105247497558594 0.0130386352539063 -0.0260219573974609 0.00498008728027344
0.0130481719970703 0.0140380859375 -0.029266357421875 0.00615119934082032
0.0114850997924805 0.0175180435180664 -0.0294227600097656 0.000368118286132813
0.00309562683105469 0.02020263671875 -0.026336669921875 -0.00736045837402343
-0.00943946838378906 0.0207977294921875 -0.0149908065795898 -0.0127649307250977
-0.0242481231689453 0.00404167175292969 -0.00473690032958984 -0.00873184204101563
-0.0222873687744141 -0.0186882019042969 -0.0217933654785156 0.00324821472167969
-0.0126304626464844 -0.0322685241699219 -0.0497550964355469 -0.0122261047363281
-0.0105037689208984 0.0246448516845703 0.0485572814941406 0.0161972045898438
0.0164623260498047 0.0202064514160156 0.0233039855957031 0.00746536254882813
0.0167407989501953 -0.00316047668457031 0.00545310974121094 0.0128278732299805
0.00850868225097656 -0.0108375549316406 0.0163822174072266 0.0226039886474609
0.00148773193359375 -0.0130014419555664 0.0303268432617188 0.0153541564941406
-0.00778102874755859 -0.0137872695922852 0.0364456176757813 0.0018768310546875
-0.00644683837890625 -0.0105094909667969 0.0367355346679688 -0.00551986694335938
-0.00358676910400391 -0.00978851318359375 0.03033447265625 -0.00436592102050781
-0.00203800201416016 -0.0152826309204102 0.0234394073486328 0.00204277038574219
0.0102024078369141 -0.0127906799316406 0.0135202407836914 0.00770092010498047
0.0184898376464844 -0.000598907470703125 -0.000169605016708373 0.000482410192489624
0.0148496627807617 0.0119485855102539 0.00269222259521484 -0.0121841430664062
-0.00101470947265625 0.0234241485595703 0.0249443054199219 -0.0211429595947266
-0.0161151885986328 0.0270442962646484 0.0423622131347656 -0.00840377807617187
-0.0293693542480469 0.0215606689453125 0.0285720825195313 0.00715827941894532
-0.0278663635253906 0.0178928375244141 0.0411453247070312 0.0258941650390625
-0.00121879577636719 0.0229415893554688 0.0186080932617188 0.0168685913085938
0.00657892227172851 0.00629138946533203 0.00563240051269531 0.0206661224365234
0.00618839263916016 0.00201511383056641 0.0176563262939453 0.0287418365478516
0.00641393661499024 -0.00186061859130859 0.0319194793701172 0.0196075439453125
0.00466680526733398 -0.00713968276977539 0.0393180847167969 0.0048065185546875
0.00708580017089844 -0.00816774368286133 0.0379524230957031 -0.00231552124023438
0.00745630264282226 -0.0065913200378418 0.0304412841796875 -0.00114250183105469
0.0116796493530273 -0.00962257385253906 0.0224590301513672 0.00598716735839844
0.0198898315429688 -0.00351524353027344 0.0114536285400391 0.0114421844482422
0.0210723876953125 0.0110301971435547 -0.00388216972351074 0.00385761260986328
0.0114459991455078 0.0241165161132812 -0.00228118896484375 -0.00970268249511719
-0.0123443603515625 0.0283851623535156 0.0175113677978516 -0.0202903747558594
-0.0313644409179688 0.0246639251708984 0.0317935943603516 -0.00463485717773437
-0.0440788269042969 0.01513671875 0.0151510238647461 0.0120248794555664
-0.0423355102539063 0.00634384155273438 0.0265407562255859 0.0326595306396484
-0.0213737487792969 0.0205478668212891 0.00762557983398437 0.0261459350585938
-0.00742340087890625 0.0155401229858398 0.00327873229980469 0.0285720825195313
0.00140666961669922 0.0171604156494141 0.0171470642089844 0.0339527130126953
0.0101423263549805 0.0111761093139648 0.0312175750732422 0.0234165191650391
0.0163660049438477 0.00200366973876953 0.0383033752441406 0.00749969482421875
0.0194263458251953 -0.00397300720214844 0.0340232849121094 0.00137519836425781
0.0183029174804688 -0.00198554992675781 0.0258255004882813 0.00262641906738281
0.0218639373779297 -0.00350761413574219 0.0167999267578125 0.00981712341308594
0.0266685485839844 0.004730224609375 0.00615406036376953 0.0140829086303711
0.0218429565429688 0.0198841094970703 -0.0081782341003418 0.00550889968872071
0.00872230529785157 0.0312309265136719 -0.007476806640625 -0.00711917877197265
-0.0190677642822266 0.0304756164550781 0.00981521606445313 -0.0177955627441406
-0.0400810241699219 0.0214729309082031 0.0191020965576172 -0.000169754028320311
-0.0525856018066406 0.00862503051757812 -0.000475883483886721 0.014007568359375
-0.0486297607421875 -0.00593185424804689 0.00776481628417968 0.0342731475830078
-0.0376663208007813 0.0138015747070312 -0.00832366943359375 0.0317306518554687
-0.0218029022216797 0.0204582214355469 -0.00341987609863281 0.0347232818603516
-0.00604820251464844 0.0289173126220703 0.0129890441894531 0.0373687744140625
0.0108566284179688 0.0237655639648438 0.0261554718017578 0.023773193359375
0.0250835418701172 0.0115871429443359 0.0324230194091797 0.00917816162109375
0.0292167663574219 0.001983642578125 0.0252437591552734 0.00399589538574219
0.0258617401123047 0.00311279296875 0.0159921646118164 0.00551319122314453
0.0290699005126953 0.0024261474609375 0.00798797607421875 0.0109939575195313
0.0303306579589844 0.0114536285400391 -0.000411033630371091 0.0138988494873047
0.0203723907470703 0.0256023406982422 -0.0127124786376953 0.006011962890625
0.00506210327148438 0.0345916748046875 -0.0106906890869141 -0.00487518310546875
-0.0226650238037109 0.0289230346679687 0.00461673736572265 -0.0128879547119141
-0.0434150695800781 0.015533447265625 0.00624608993530273 0.00628519058227539
-0.0542564392089844 4.95910644531339E-05 -0.0161581039428711 0.0147743225097656
-0.0470085144042969 -0.0177383422851563 -0.0133876800537109 0.0302066802978516
-0.0458564758300781 0.00286865234375 -0.0261898040771484 0.0325031280517578
-0.0326347351074219 0.0189743041992188 -0.0117988586425781 0.0384750366210937
-0.0138072967529297 0.0347537994384766 0.0067291259765625 0.0365486145019531
0.00815582275390625 0.0312976837158203 0.0186061859130859 0.0207710266113281
0.0282344818115234 0.0203304290771484 0.0215282440185547 0.00772857666015625
0.0334262847900391 0.00713729858398438 0.0124874114990234 0.00518321990966797
0.0293998718261719 0.00746345520019531 0.00460386276245117 0.00793552398681641
0.0326957702636719 0.00793075561523437 -0.00250625610351562 0.0123748779296875
0.0303688049316406 0.0167255401611328 -0.00887203216552734 0.0128765106201172
0.0180377960205078 0.0289859771728516 -0.0168333053588867 0.00446796417236328
0.00129318237304688 0.035675048828125 -0.011775016784668 -0.00436592102050781
-0.0262851715087891 0.0247879028320312 0.00188684463500976 -0.00843620300292969
-0.0430221557617188 0.00688171386718751 -0.00298690795898438 0.0123405456542969
-0.0512924194335937 -0.009490966796875 -0.0313777923583984 0.013580322265625
-0.0346698760986328 -0.0262660980224609 -0.0296192169189453 0.0225906372070312
-0.0410423278808594 -0.00940704345703125 -0.0403404235839844 0.0283546447753906
-0.0346450805664063 0.0102424621582031 -0.0199432373046875 0.0357322692871094
-0.020263671875 0.0302238464355469 -0.000102996826171873 0.0317630767822266
0.00215721130371094 0.0322017669677734 0.00937557220458984 0.0154838562011719
0.0246868133544922 0.0250205993652344 0.00916862487792969 0.00557804107666016
0.0315093994140625 0.0120410919189453 -0.00100660324096679 0.00553321838378906
0.0276088714599609 0.0106143951416016 -0.00817012786865234 0.0084676742553711
0.0310020446777344 0.0119495391845703 -0.0131797790527344 0.0110445022583008
0.0279350280761719 0.0195655822753906 -0.0165481567382813 0.00874423980712891
0.0139369964599609 0.0294971466064453 -0.0197811126708984 0.001007080078125
-0.00314903259277344 0.034088134765625 -0.0122451782226563 -0.00636959075927734
-0.0287036895751953 0.0191650390625 -0.000153064727783205 -0.00536727905273437
-0.0403976440429688 -0.00210952758789062 -0.0114650726318359 0.014277458190918
-0.0432510375976563 -0.0192756652832031 -0.0423469543457031 0.00780868530273438
-0.0150966644287109 -0.0290813446044922 -0.040313720703125 0.0121726989746094
-0.0244884490966797 -0.0183773040771484 -0.0484275817871094 0.0210762023925781
-0.0269737243652344 -0.0023040771484375 -0.0241374969482422 0.0317916870117188
-0.0219593048095703 0.0170783996582031 -0.00449562072753907 0.0235481262207031
-0.00464630126953125 0.0246696472167969 0.002349853515625 0.00691890716552734
0.0147628784179688 0.0243377685546875 -0.00275301933288574 0.000319719314575197
0.0243034362792969 0.0148487091064453 -0.0137796401977539 0.00377368927001953
0.0224494934082031 0.0123157501220703 -0.0198535919189453 0.00871658325195313
0.0250682830810547 0.0132560729980469 -0.022979736328125 0.0110454559326172
0.0230236053466797 0.0198459625244141 -0.0247859954833984 0.00498390197753906
0.00961875915527344 0.0272979736328125 -0.0237216949462891 -0.00293731689453124
-0.00630950927734375 0.0301761627197266 -0.0133533477783203 -0.010004997253418
-0.0292720794677734 0.0128860473632813 -0.00151205062866211 -0.00607061386108398
-0.0351753234863281 -0.0111846923828125 -0.0178451538085938 0.0124797821044922
-0.0320529937744141 -0.0280189514160156 -0.0511283874511719 -0.000171661376953132
0.00652313232421875 -0.0277080535888672 -0.0401802062988281 0.00333023071289063
-0.00389289855957031 -0.0242271423339844 -0.0470085144042969 0.0143775939941406
-0.0131168365478516 -0.0136470794677734 -0.0229206085205078 0.0263233184814453
-0.0185928344726563 0.000740051269531252 -0.00476932525634766 0.0170459747314453
-0.0113115310668945 0.01220703125 -0.000741600990295411 0.00140392780303955
0.00286293029785156 0.0197658538818359 -0.0104703903198242 -0.00413131713867187
0.0131244659423828 0.0157833099365234 -0.0226936340332031 0.00120735168457031
0.0130767822265625 0.0124950408935547 -0.027923583984375 0.00705337524414063
0.0160760879516602 0.0132513046264648 -0.0310840606689453 0.00750160217285156
0.0148038864135742 0.0175313949584961 -0.0315494537353516 2.47955322265639E-05
0.00539970397949219 0.0222282409667969 -0.0273303985595703 -0.00839233398437499
-0.00760841369628906 0.0233612060546875 -0.0147104263305664 -0.0137929916381836
-0.0261402130126953 0.00657844543457032 -0.00454521179199219 -0.00915718078613281
-0.0265941619873047 -0.0175113677978516 -0.0232105255126953 0.00488090515136719
-0.0164852142333984 -0.0328731536865234 -0.0534515380859375 -0.0115432739257813
-0.008148193359375 0.0259876251220703 0.0538482666015625 0.0143928527832031
0.0196666717529297 0.0189895629882813 0.0253791809082031 0.00527000427246094
0.0166425704956055 -0.00515651702880859 0.00561809539794922 0.0128593444824219
0.00735187530517578 -0.0124063491821289 0.018218994140625 0.0236778259277344
-0.000657081604003905 -0.01318359375 0.0335731506347656 0.0160694122314453
-0.0102767944335938 -0.0131978988647461 0.0398902893066406 0.0010223388671875
-0.00786018371582031 -0.00972366333007813 0.0400505065917969 -0.00833892822265625
-0.00518321990966797 -0.00910282135009766 0.0334701538085938 -0.00701713562011719
-0.00415420532226563 -0.014892578125 0.0268707275390625 1.14440917968741E-05
0.00837039947509766 -0.0137434005737305 0.0164976119995117 0.00636482238769531
0.0187816619873047 -0.00348854064941406 0.00212109088897705 0.00163149833679199
0.0168600082397461 0.0107536315917969 0.00373935699462891 -0.0115327835083008
0.00181961059570313 0.0244483947753906 0.0258560180664062 -0.0222682952880859
-0.0134029388427734 0.0300941467285156 0.0449752807617188 -0.0112190246582031
-0.0276031494140625 0.0253009796142578 0.0331287384033203 0.00609779357910156
-0.0281620025634766 0.0194988250732422 0.0472259521484375 0.025634765625
9.91821289062481E-05 0.0226154327392578 0.0210895538330078 0.0160598754882813
0.00610446929931641 0.00531959533691406 0.00657081604003906 0.0208091735839844
0.00569343566894531 0.00218725204467773 0.0198268890380859 0.0305328369140625
0.00560712814331055 -0.00174951553344727 0.0356330871582031 0.0203819274902344
0.00371932983398438 -0.00669193267822266 0.0432929992675781 0.0036468505859375
0.00633907318115234 -0.00789880752563477 0.0418930053710937 -0.00527572631835938
0.00806188583374023 -0.00628852844238281 0.0339488983154297 -0.00398826599121094
0.0109529495239258 -0.0103597640991211 0.0262660980224609 0.00383186340332031
0.0194091796875 -0.00449943542480469 0.0152816772460938 0.0106105804443359
0.0225238800048828 0.0101222991943359 -0.00104546546936035 0.00424313545227051
0.0135478973388672 0.0240764617919922 -0.00112628936767578 -0.00863456726074219
-0.0108757019042969 0.0308418273925781 0.0184268951416016 -0.0208206176757812
-0.0314159393310547 0.0289955139160156 0.0345878601074219 -0.00719833374023437
-0.0450401306152344 0.0197944641113281 0.0201854705810547 0.0115852355957031
-0.04486083984375 0.00889205932617188 0.0320053100585938 0.0332107543945313
-0.0227737426757813 0.0223541259765625 0.0108261108398438 0.0257091522216797
-0.00850963592529297 0.0167636871337891 0.00448036193847656 0.0295467376708984
0.00144386291503906 0.0186748504638672 0.0196990966796875 0.0359153747558594
0.0108957290649414 0.0123424530029297 0.0348377227783203 0.0229206085205078
0.0175552368164063 0.0020294189453125 0.0423660278320313 0.00576019287109375
0.0204963684082031 -0.00464248657226563 0.03802490234375 -0.00179290771484375
0.0201282501220703 -0.00245857238769531 0.0282802581787109 -0.000364303588867188
0.0235633850097656 -0.00460052490234375 0.0203647613525391 0.007049560546875
0.0285167694091797 0.00430870056152344 0.00953578948974609 0.012847900390625
0.0244140625 0.0200614929199219 -0.00588798522949219 0.00593328475952148
0.0111045837402344 0.0330352783203125 -0.00590372085571289 -0.00579071044921875
-0.0184879302978516 0.0342025756835938 0.0105438232421875 -0.0179939270019531
-0.0416755676269531 0.0258979797363281 0.0215435028076172 -0.00116539001464844
-0.0553932189941406 0.0126991271972656 0.00377559661865234 0.0153942108154297
-0.0538330078125 -0.00407409667968749 0.0119132995605469 0.0365753173828125
-0.0414390563964844 0.0167732238769531 -0.00602912902832032 0.0328006744384766
-0.0240421295166016 0.023468017578125 -0.00230026245117187 0.0359840393066406
-0.00521278381347657 0.0327663421630859 0.0156021118164063 0.0392494201660156
0.0130329132080078 0.0258617401123047 0.0291824340820312 0.0238571166992188
0.0276947021484375 0.0117130279541016 0.0354042053222656 0.0075531005859375
0.0317840576171875 9.72747802734375E-05 0.0281715393066406 0.00172996520996094
0.0288944244384766 0.002227783203125 0.0183448791503906 0.00327110290527344
0.0326366424560547 0.00144767761230469 0.0106735229492188 0.00951862335205078
0.0339145660400391 0.0110359191894531 0.00211715698242188 0.0128574371337891
0.0239810943603516 0.0268402099609375 -0.0105915069580078 0.0062398910522461
0.00793838500976562 0.0376358032226563 -0.00936317443847656 -0.00428485870361328
-0.02349853515625 0.0331554412841797 0.00541114807128906 -0.0131692886352539
-0.0470085144042969 0.0202980041503906 0.00918292999267578 0.00616168975830078
-0.058807373046875 0.00382614135742188 -0.0135793685913086 0.0168046951293945
-0.0534896850585938 -0.0167617797851563 -0.0109424591064453 0.0333023071289063
-0.0507125854492188 0.00597763061523436 -0.0247917175292969 0.0348396301269531
-0.0355606079101563 0.0227432250976562 -0.0108261108398438 0.0396575927734375
-0.0134086608886719 0.0390472412109375 0.0084381103515625 0.038604736328125
0.0108795166015625 0.0345478057861328 0.0203151702880859 0.0211257934570313
0.0318584442138672 0.0205802917480469 0.0239372253417969 0.00658226013183594
0.037078857421875 0.00526809692382813 0.0140380859375 0.00433158874511719
0.0329799652099609 0.00608634948730469 0.00509357452392578 0.00594949722290039
0.0366020202636719 0.0065765380859375 -0.000871658325195309 0.0114593505859375
0.0352897644042969 0.0166854858398438 -0.00716972351074219 0.0122842788696289
0.0219802856445313 0.0310592651367188 -0.0153779983520508 0.00443363189697266
0.00393295288085937 0.0393486022949219 -0.0108127593994141 -0.00428676605224609
-0.0275459289550781 0.0295372009277344 0.00328350067138672 -0.0092020034790039
-0.0476722717285156 0.0115203857421875 -0.000929832458496096 0.0129947662353516
-0.0567703247070312 -0.00680541992187501 -0.0301475524902344 0.0158157348632812
-0.0413856506347656 -0.0261077880859375 -0.0298118591308594 0.0263824462890625
-0.0471038818359375 -0.00730133056640625 -0.0407257080078125 0.0314559936523437
-0.0390205383300781 0.0138587951660156 -0.019012451171875 0.0377159118652344
-0.0209159851074219 0.0351753234863281 0.000488281249999998 0.0327415466308594
0.00465774536132812 0.0357093811035156 0.010136604309082 0.0156307220458984
0.0291118621826172 0.0255489349365234 0.00993633270263672 0.00483989715576172
0.0359764099121094 0.0100212097167969 -0.000866413116455076 0.00554943084716797
0.0316867828369141 0.00959587097167969 -0.00812435150146484 0.00824499130249024
0.0355491638183594 0.0100479125976563 -0.0133562088012695 0.0112543106079102
0.0331687927246094 0.0192375183105469 -0.0165786743164062 0.00852966308593751
0.018463134765625 0.0316658020019531 -0.0198764801025391 0.000516891479492188
-0.000770568847656248 0.03790283203125 -0.0116233825683594 -0.00654983520507812
-0.0303554534912109 0.0241584777832031 0.000780105590820311 -0.00594520568847656
-0.0461235046386719 0.00169372558593751 -0.0101413726806641 0.0154752731323242
-0.049560546875 -0.0173835754394531 -0.043060302734375 0.0103988647460937
-0.0209388732910156 -0.0305366516113281 -0.0421638488769531 0.015869140625
-0.0304336547851563 -0.0178184509277344 -0.0500335693359375 0.0245361328125
-0.0311317443847656 0.000160217285156255 -0.0237770080566406 0.0336666107177734
-0.0230274200439453 0.0219345092773438 -0.00430107116699219 0.0248794555664063
-0.00313568115234375 0.0283184051513672 0.00242900848388672 0.00761127471923828
0.0197200775146484 0.0257682800292969 -0.00348544120788574 0.000502347946166994
0.0288600921630859 0.0136928558349609 -0.0154552459716797 0.00542736053466797
0.0258312225341797 0.0108776092529297 -0.0209331512451172 0.009613037109375
0.0293807983398438 0.0121917724609375 -0.02459716796875 0.0114192962646484
0.0268917083740234 0.0190467834472656 -0.0260353088378906 0.00547981262207031
0.0142116546630859 0.0290393829345703 -0.0250759124755859 -0.003570556640625
-0.00375938415527344 0.0335159301757813 -0.0137491226196289 -0.0104055404663086
-0.0309276580810547 0.0176906585693359 -0.000830650329589846 -0.00669670104980469
-0.0406837463378906 -0.00784301757812499 -0.0175065994262695 0.0144195556640625
-0.0379409790039063 -0.0268058776855469 -0.0539016723632813 0.00217819213867187
0.00281715393066406 -0.0301666259765625 -0.0440139770507813 0.00658416748046875
-0.00853919982910156 -0.0250720977783203 -0.0500564575195313 0.0174140930175781
-0.0163612365722656 -0.0131015777587891 -0.0234756469726563 0.0278759002685547
-0.0205020904541016 0.00385856628417969 -0.00551319122314453 0.0173835754394531
-0.0102205276489258 0.0157384872436523 -0.00248885154724121 0.00130772590637207
0.00646018981933594 0.0210342407226563 -0.0127811431884766 -0.00312709808349609
0.0167036056518555 0.0150260925292969 -0.0253829956054688 0.00349998474121094
0.0160818099975586 0.0115957260131836 -0.0302829742431641 0.00941276550292969
0.0195064544677734 0.0119304656982422 -0.0336952209472656 0.00979042053222657
0.0184040069580078 0.0162506103515625 -0.0337085723876953 0.00128746032714844
0.00868988037109375 0.0230922698974609 -0.0294437408447266 -0.00860786437988281
-0.00546646118164062 0.0263538360595703 -0.0160102844238281 -0.0147647857666016
-0.0268745422363281 0.0100574493408203 -0.00462818145751953 -0.00943374633789063
-0.0310096740722656 -0.0155067443847656 -0.0241165161132813 0.00736236572265625
-0.0218963623046875 -0.0328769683837891 -0.0579566955566406 -0.00975418090820314
-0.00545120239257813 0.0265560150146484 0.0589256286621094 0.0114288330078125
0.0225868225097656 0.0165348052978516 0.0269317626953125 0.00230598449707031
0.0167293548583984 -0.00793647766113281 0.00618553161621094 0.0129556655883789
0.00584602355957031 -0.013580322265625 0.0211467742919922 0.0242099761962891
-0.00261306762695313 -0.0136594772338867 0.0368537902832031 0.0148468017578125
-0.0127248764038086 -0.0117225646972656 0.0435028076171875 -0.00164031982421875
-0.00917243957519531 -0.00838279724121094 0.0425376892089844 -0.0126457214355469
-0.00632762908935547 -0.0081324577331543 0.0354957580566406 -0.0121726989746094
-0.00639057159423828 -0.013737678527832 0.0294551849365234 -0.00374031066894531
0.00559520721435547 -0.0154695510864258 0.0202808380126953 0.00470161437988281
0.0183506011962891 -0.00610733032226563 0.00425505638122559 0.00105023384094238
0.0177822113037109 0.00824546813964844 0.00483131408691406 -0.0113706588745117
0.00553321838378906 0.0244197845458984 0.0259227752685547 -0.0243167877197266
-0.00994873046875 0.033050537109375 0.048065185546875 -0.0151519775390625
-0.0250892639160156 0.0290660858154297 0.0382080078125 0.00319671630859375
-0.027069091796875 0.0228672027587891 0.0536880493164063 0.0228500366210938
0.000986099243164065 0.0226421356201172 0.0243072509765625 0.012939453125
0.00544881820678711 0.0052647590637207 0.0078582763671875 0.0204429626464844
0.0050206184387207 0.00274848937988281 0.0235824584960938 0.030487060546875
0.00438117980957031 -0.00136351585388184 0.0392990112304688 0.0191650390625
0.00270271301269531 -0.0058445930480957 0.0478706359863281 -0.00014495849609375
0.00648927688598633 -0.00781440734863281 0.0443305969238281 -0.0103111267089844
0.00789642333984375 -0.00671720504760742 0.03668212890625 -0.00789642333984375
0.0109100341796875 -0.0109434127807617 0.0293083190917969 -0.000295639038085938
0.0194530487060547 -0.00546073913574219 0.0188121795654297 0.0078582763671875
0.0240097045898437 0.008514404296875 0.00152659416198731 0.00430130958557129
0.0160713195800781 0.0245151519775391 0.000267982482910157 -0.00751304626464844
-0.00773429870605469 0.0336380004882813 0.0184459686279297 -0.0219192504882812
-0.0295886993408203 0.0336704254150391 0.0370826721191406 -0.0105209350585937
-0.0446891784667969 0.0247917175292969 0.0249576568603516 0.0105667114257813
-0.04742431640625 0.01251220703125 0.0383720397949219 0.0315780639648437
-0.0223464965820313 0.0246467590332031 0.0143966674804688 0.024505615234375
-0.00953865051269531 0.0186672210693359 0.0062103271484375 0.0296230316162109
0.00225257873535156 0.0205307006835938 0.0229148864746094 0.0363922119140625
0.012242317199707 0.0133199691772461 0.0388526916503906 0.0219879150390625
0.0185050964355469 0.00151634216308594 0.0456047058105469 0.002166748046875
0.0220355987548828 -0.00586891174316406 0.0412559509277344 -0.00615310668945312
0.0220298767089844 -0.00386238098144531 0.030731201171875 -0.00503349304199219
0.0254592895507813 -0.00651168823242188 0.0233249664306641 0.00341415405273437
0.0307941436767578 0.001800537109375 0.0136775970458984 0.00964260101318359
0.0281639099121094 0.0195808410644531 -0.00297212600708008 0.00611448287963867
0.01458740234375 0.0349540710449219 -0.00446081161499023 -0.00525283813476562
-0.0166587829589844 0.0378341674804688 0.0113945007324219 -0.0194778442382812
-0.0423469543457031 0.0322074890136719 0.0247440338134766 -0.00335311889648437
-0.0581893920898437 0.0188484191894531 0.00855636596679687 0.0149259567260742
-0.058990478515625 -0.000873565673828117 0.0173835754394531 0.0374717712402344
-0.0438423156738281 0.0213165283203125 -0.00276374816894532 0.0334568023681641
-0.0256576538085938 0.0274143218994141 0.000350952148437495 0.0372962951660156
-0.00336074829101563 0.0360832214355469 0.0189018249511719 0.0408058166503906
0.0166759490966797 0.0276393890380859 0.0325946807861328 0.0235118865966797
0.0317649841308594 0.0106048583984375 0.0387458801269531 0.00445175170898438
0.0343379974365234 -0.00275230407714844 0.030517578125 -0.00131988525390625
0.0320777893066406 -0.0002899169921875 0.0199356079101563 9.53674316406248E-06
0.0361404418945312 -0.00109100341796875 0.0129756927490234 0.00757312774658203
0.0380744934082031 0.00876998901367188 0.00453758239746094 0.0110092163085938
0.0290718078613281 0.0273628234863281 -0.00847196578979492 0.00580501556396485
0.0121231079101562 0.0397109985351562 -0.00764369964599609 -0.00397300720214844
-0.0220947265625 0.0387840270996094 0.00580310821533203 -0.0143060684204102
-0.0486793518066406 0.0269737243652344 0.0117788314819336 0.00507736206054688
-0.0627250671386719 0.0101165771484375 -0.00969505310058594 0.0180549621582031
-0.060150146484375 -0.0129432678222656 -0.00763702392578125 0.0363502502441406
-0.0553550720214844 0.0113525390625 -0.0230445861816406 0.0379524230957031
-0.0383949279785156 0.0282783508300781 -0.00958251953125001 0.0411567687988281
-0.0111083984375 0.0446701049804687 0.0111427307128906 0.0401878356933594
0.0148887634277344 0.036865234375 0.0224132537841797 0.0202846527099609
0.0368423461914063 0.0190200805664063 0.0252227783203125 0.00404167175292969
0.040557861328125 0.00147247314453125 0.0158910751342773 0.00164699554443359
0.0365638732910156 0.00298309326171875 0.00602483749389649 0.00485944747924805
0.0412063598632813 0.0030364990234375 -6.29425048828097E-05 0.0100603103637695
0.0400772094726563 0.014129638671875 -0.00629520416259766 0.0109710693359375
0.0269680023193359 0.0318107604980469 -0.0148248672485352 0.00377845764160157
0.00862884521484375 0.0424041748046875 -0.0102939605712891 -0.0045938491821289
-0.0277557373046875 0.0355720520019531 0.00367546081542969 -0.010101318359375
-0.0520706176757813 0.0185050964355469 0.00186634063720703 0.0134344100952148
-0.0621910095214844 -0.00145339965820313 -0.0283622741699219 0.0183601379394531
-0.0483169555664062 -0.0245323181152344 -0.0288600921630859 0.0310173034667969
-0.0533905029296875 -0.00203323364257812 -0.0398330688476563 0.0357818603515625
-0.0416069030761719 0.0194091796875 -0.0176429748535156 0.0395011901855469
-0.0192031860351563 0.0408744812011719 0.00243377685546875 0.0342216491699219
0.0087432861328125 0.0391654968261719 0.0112771987915039 0.0156717300415039
0.0349140167236328 0.02410888671875 0.0103311538696289 0.00342559814453125
0.0400810241699219 0.00666046142578125 -0.000742912292480466 0.00547218322753906
0.0354576110839844 0.00590896606445312 -0.00834083557128906 0.00854825973510742
0.0407752990722656 0.00664520263671875 -0.0135669708251953 0.0122661590576172
0.0384445190429688 0.0170440673828125 -0.0168313980102539 0.009185791015625
0.0239810943603516 0.0323772430419922 -0.0203685760498047 0.000606536865234376
0.00347900390625 0.0416297912597656 -0.0117549896240234 -0.00723934173583984
-0.030609130859375 0.0292434692382812 0.00159788131713867 -0.00719690322875976
-0.0508003234863281 0.00752639770507814 -0.00818634033203125 0.016693115234375
-0.0559806823730469 -0.0124778747558594 -0.0432510375976562 0.0138816833496094
-0.0276584625244141 -0.0304698944091797 -0.0435867309570312 0.0207176208496094
-0.0356407165527344 -0.0146903991699219 -0.0505714416503906 0.0300979614257813
-0.0349655151367188 0.00386238098144531 -0.0229225158691406 0.0359954833984375
-0.0224838256835938 0.0272197723388672 -0.00301551818847656 0.0255527496337891
0.000524520874023439 0.0316619873046875 0.000959396362304688 0.00721502304077149
0.025146484375 0.0252704620361328 -0.00429558753967285 0.000261068344116212
0.0328540802001953 0.0104846954345703 -0.0163908004760742 0.00601482391357422
0.0293540954589844 0.0085296630859375 -0.0223789215087891 0.0120506286621094
0.0334796905517578 0.00851631164550781 -0.0257282257080078 0.0139064788818359
0.0315895080566406 0.0167999267578125 -0.0277996063232422 0.00664710998535156
0.0184669494628906 0.0299243927001953 -0.0275192260742187 -0.00349044799804687
0.000419616699218753 0.0366134643554688 -0.0148019790649414 -0.0105113983154297
-0.0312004089355469 0.0225620269775391 -3.52859497070333E-05 -0.00793027877807617
-0.0447044372558594 -0.00261306762695312 -0.0165128707885742 0.0164213180541992
-0.0448837280273438 -0.0236320495605469 -0.0561561584472656 0.006011962890625
-0.0020294189453125 -0.03155517578125 -0.0469169616699219 0.011383056640625
-0.0143051147460937 -0.0251255035400391 -0.051544189453125 0.0223922729492188
-0.0209465026855469 -0.0108318328857422 -0.0230751037597656 0.0301113128662109
-0.0216732025146484 0.00795555114746093 -0.00569343566894531 0.0179290771484375
-0.00808525085449219 0.0182437896728516 -0.00395345687866211 0.00171399116516113
0.0105381011962891 0.0208206176757813 -0.0151681900024414 -0.00184154510498047
0.0196514129638672 0.0126628875732422 -0.0270347595214844 0.00658035278320313
0.0189762115478516 0.00930404663085938 -0.0317840576171875 0.0136661529541016
0.022247314453125 0.00971221923828125 -0.0358352661132813 0.0131187438964844
0.0224208831787109 0.0141391754150391 -0.0365676879882813 0.00312423706054687
0.012481689453125 0.0233688354492187 -0.0324993133544922 -0.00762367248535156
-0.00263786315917969 0.0292205810546875 -0.0180015563964844 -0.0149669647216797
-0.0280323028564453 0.0143985748291016 -0.00476264953613281 -0.00963211059570312
-0.0354690551757813 -0.0116386413574219 -0.0243473052978516 0.0100059509277344
-0.0271720886230469 -0.0316505432128906 -0.062652587890625 -0.00597000122070314
-0.00201606750488281 0.0268630981445313 0.0634307861328125 0.00568008422851563
0.0221290588378906 0.0124740600585938 0.0272998809814453 -0.00123786926269531
0.0161342620849609 -0.0103759765625 0.00607395172119141 0.0130090713500977
0.00269031524658203 -0.0142297744750977 0.0238075256347656 0.02374267578125
-0.00476169586181641 -0.0137615203857422 0.0393524169921875 0.0119667053222656
-0.0139274597167969 -0.00945663452148437 0.0451545715332031 -0.00594711303710938
-0.00994205474853516 -0.0063924789428711 0.0437202453613281 -0.0181159973144531
-0.00904560089111328 -0.00665569305419922 0.0349807739257813 -0.0167446136474609
-0.00872993469238281 -0.0136489868164063 0.0313282012939453 -0.00832748413085938
0.0023040771484375 -0.0154819488525391 0.0229225158691406 0.00109672546386719
0.0173254013061523 -0.00903224945068359 0.00713872909545899 0.000633716583251953
0.0181751251220703 0.00590896606445313 0.00527000427246094 -0.01104736328125
0.00888824462890625 0.02386474609375 0.0251750946044922 -0.0255107879638672
-0.00507164001464843 0.0347938537597656 0.0481033325195312 -0.0196609497070312
-0.0197010040283203 0.0323314666748047 0.0411949157714844 -0.0025634765625
-0.025665283203125 0.0252590179443359 0.0572242736816406 0.0174369812011719
0.0024871826171875 0.0230827331542969 0.0254344940185547 0.0098114013671875
0.00552797317504883 0.00462913513183594 0.0101814270019531 0.0200023651123047
0.00426173210144043 0.00216531753540039 0.0269069671630859 0.0297012329101563
0.00515842437744141 -0.00139570236206055 0.0434761047363281 0.0164566040039063
0.00366973876953125 -0.00537729263305664 0.0492362976074219 -0.00485992431640625
0.00633525848388672 -0.00832939147949219 0.0463066101074219 -0.0165481567382813
0.00912380218505859 -0.00737571716308594 0.0362930297851562 -0.0138702392578125
0.0111637115478516 -0.0116853713989258 0.0309066772460937 -0.00467109680175781
0.0199050903320313 -0.0084228515625 0.0208377838134766 0.00519180297851563
0.0239639282226563 0.00627708435058594 0.00438952445983887 0.00288510322570801
0.0181465148925781 0.0226039886474609 0.00149345397949219 -0.00673770904541015
-0.00535392761230468 0.0348110198974609 0.0191974639892578 -0.0237159729003906
-0.0247116088867188 0.0370140075683594 0.0371131896972656 -0.0154533386230469
-0.0422172546386719 0.0309867858886719 0.0301418304443359 0.00606346130371094
-0.0489311218261719 0.01788330078125 0.0446205139160156 0.0276603698730469
-0.0216655731201172 0.0274143218994141 0.0178699493408203 0.0230808258056641
-0.00934982299804688 0.0196247100830078 0.00733375549316406 0.0287418365478516
0.00456047058105469 0.0217304229736328 0.0265235900878906 0.0356864929199219
0.0133943557739258 0.013270378112793 0.0412864685058594 0.0189208984375
0.0199565887451172 0.000871658325195312 0.0477485656738281 -0.0023193359375
0.0226039886474609 -0.00852203369140625 0.0424613952636719 -0.0132484436035156
0.0226955413818359 -0.00609588623046875 0.0319557189941406 -0.00861167907714844
0.0267238616943359 -0.00861930847167969 0.0243587493896484 -0.000383377075195313
0.0322780609130859 -0.000629425048828125 0.0157194137573242 0.00734519958496094
0.0307884216308594 0.0179557800292969 -0.000907897949218748 0.00555419921875
0.0181007385253906 0.0348129272460938 -0.00259590148925781 -0.00646591186523437
-0.0126533508300781 0.0405464172363281 0.0114669799804688 -0.0207767486572266
-0.0404930114746094 0.0382728576660156 0.0255603790283203 -0.00643157958984375
-0.057403564453125 0.0246696472167969 0.01318359375 0.0137176513671875
-0.0620269775390625 0.00635147094726562 0.0226173400878906 0.0361824035644531
-0.0443611145019531 0.0268402099609375 0.000661849975585936 0.0331707000732422
-0.0239963531494141 0.0318202972412109 0.00250625610351562 0.0373611450195312
0.000854492187499999 0.0391616821289063 0.02191162109375 0.0401725769042969
0.0198402404785156 0.0276374816894531 0.0353355407714844 0.020477294921875
0.0343036651611328 0.008636474609375 0.0404739379882812 -1.14440917968745E-05
0.0352516174316406 -0.00606536865234375 0.0324573516845703 -0.00684928894042969
0.0339984893798828 -0.00282096862792969 0.0213146209716797 -0.00290489196777344
0.0373611450195313 -0.00619125366210938 0.0141286849975586 0.00432682037353516
0.040283203125 0.00511932373046875 0.00627613067626953 0.00905513763427734
0.0331249237060547 0.0255279541015625 -0.00620222091674804 0.00459909439086914
0.0171318054199219 0.0415306091308594 -0.00683879852294922 -0.00410842895507812
-0.0199394226074219 0.0434341430664062 0.00578117370605468 -0.0148029327392578
-0.0487403869628906 0.0342025756835938 0.014744758605957 0.00276374816894532
-0.0638999938964844 0.0171127319335938 -0.00584030151367188 0.0185279846191406
-0.0663795471191406 -0.00588226318359376 -0.00421142578125001 0.0361289978027344
-0.0575675964355469 0.0185890197753906 -0.0199356079101563 0.0386695861816406
-0.0371437072753906 0.0345535278320312 -0.00777435302734375 0.0415840148925781
-0.0077972412109375 0.0486068725585938 0.0155296325683594 0.0393104553222656
0.0198974609375 0.03778076171875 0.0252723693847656 0.0174827575683594
0.0407676696777344 0.0159454345703125 0.0264434814453125 0.00123214721679688
0.0430450439453125 -0.00301742553710938 0.0169801712036133 0.000647544860839844
0.0395355224609375 -0.00233840942382813 0.00635004043579102 0.00358152389526367
0.0437049865722656 -0.0028533935546875 0.000835418701171878 0.00848770141601562
0.0438957214355469 0.008514404296875 -0.00435447692871094 0.00908470153808594
0.0329475402832031 0.0291690826416016 -0.0137310028076172 0.00330352783203126
0.0140457153320312 0.0433807373046875 -0.00975990295410156 -0.00500011444091797
-0.0251922607421875 0.0415191650390625 0.00388622283935547 -0.0114450454711914
-0.0523147583007812 0.0255928039550781 0.00496673583984375 0.0125532150268555
-0.0660820007324219 0.00578689575195313 -0.0241718292236328 0.0210781097412109
-0.0550537109375 -0.0195236206054688 -0.0264739990234375 0.0346412658691406
-0.0559844970703125 0.00466156005859374 -0.0373077392578125 0.0389022827148438
-0.0425682067871094 0.0243797302246094 -0.0151863098144531 0.0409622192382813
-0.0143775939941406 0.0459060668945313 0.00411224365234375 0.0351905822753906
0.0148239135742187 0.041015625 0.0113601684570313 0.0143747329711914
0.0398674011230469 0.0212516784667969 0.010746955871582 0.00188541412353516
0.0421676635742188 0.0016632080078125 -0.000468254089355466 0.00524234771728516
0.0378646850585938 0.00117111206054688 -0.00776100158691406 0.0102739334106445
0.0433235168457031 0.000339508056640625 -0.0124139785766602 0.0123348236083984
0.0427970886230469 0.0116233825683594 -0.016932487487793 0.0091552734375
0.0294475555419922 0.031402587890625 -0.0205097198486328 0.00115585327148438
0.0099639892578125 0.0429801940917969 -0.0128316879272461 -0.00720882415771484
-0.0279731750488281 0.0344505310058594 0.00174570083618164 -0.00792407989501953
-0.052642822265625 0.0146408081054688 -0.00465011596679688 0.0176677703857422
-0.0606613159179687 -0.00627899169921874 -0.0422554016113281 0.0185089111328125
-0.0325107574462891 -0.0273818969726563 -0.0426101684570313 0.025421142578125
-0.0411872863769531 -0.0119361877441406 -0.0484046936035156 0.0353050231933594
-0.0366554260253906 0.00879287719726562 -0.0210113525390625 0.037078857421875
-0.0204410552978516 0.0322818756103516 -0.00130271911621094 0.0258522033691406
0.00493240356445312 0.0332584381103516 -0.00052356719970703 0.00817012786865235
0.0299510955810547 0.0212745666503906 -0.00490474700927734 0.00088024139404297
0.0342292785644531 0.00566291809082031 -0.0162839889526367 0.00835704803466797
0.0318584442138672 0.00511741638183594 -0.0222682952880859 0.0150470733642578
0.0373001098632813 0.0042877197265625 -0.0255641937255859 0.0162105560302734
0.0360260009765625 0.0129890441894531 -0.0284061431884766 0.00792884826660156
0.0236053466796875 0.0285911560058594 -0.0290756225585938 -0.00201606750488282
0.00534439086914062 0.0385360717773438 -0.016718864440918 -0.0110855102539062
-0.0294990539550781 0.0283412933349609 -0.0022282600402832 -0.00836563110351562
-0.0465278625488281 0.00370407104492188 -0.0140514373779297 0.0188560485839844
-0.0492668151855469 -0.0170211791992188 -0.0564346313476563 0.0117530822753906
-0.00705718994140625 -0.0323200225830078 -0.0478973388671875 0.0176277160644531
-0.0196056365966797 -0.0231513977050781 -0.0512924194335937 0.0271720886230469
-0.0241012573242188 -0.00775527954101563 -0.02215576171875 0.0320243835449219
-0.0215606689453125 0.0125217437744141 -0.00632286071777344 0.0191173553466797
-0.00551605224609375 0.0206947326660156 -0.00489997863769531 0.0022883415222168
0.0150127410888672 0.0192527770996094 -0.0169429779052734 0.000492095947265627
0.0223865509033203 0.00909996032714844 -0.0271015167236328 0.00990104675292968
0.0204887390136719 0.00618553161621094 -0.0317287445068359 0.0174980163574219
0.0249290466308594 0.00616455078125 -0.0350055694580078 0.0176887512207031
0.0258617401123047 0.0118026733398437 -0.0384292602539063 0.00646209716796874
0.0169181823730469 0.0214481353759766 -0.0347347259521484 -0.00485038757324218
0.00206756591796875 0.0299911499023437 -0.0195217132568359 -0.0139942169189453
-0.026641845703125 0.0190563201904297 -0.00491046905517578 -0.00946235656738281
-0.0377883911132813 -0.00590896606445312 -0.0235061645507813 0.0128669738769531
-0.0323066711425781 -0.0286102294921875 -0.0648689270019531 -0.000808715820312509
0.000152587890625001 0.0255184173583984 0.0625801086425781 -0.000480651855468748
0.0236225128173828 0.00983047485351562 0.0262126922607422 -0.00484466552734375
0.0136814117431641 -0.0115413665771484 0.00719642639160156 0.012669563293457
0.000635147094726563 -0.0148983001708984 0.0244674682617188 0.0222301483154297
-0.00638008117675781 -0.0115852355957031 0.0407218933105469 0.00928115844726563
-0.0148382186889648 -0.00586891174316406 0.0454483032226563 -0.009735107421875
-0.0105133056640625 -0.00461483001708985 0.041656494140625 -0.0230064392089844
-0.00763416290283203 -0.00517416000366211 0.0343303680419922 -0.0208854675292969
-0.00963878631591797 -0.0102205276489258 0.02972412109375 -0.0125083923339844
0.000955581665039063 -0.0145769119262695 0.0228061676025391 -0.00258827209472656
0.0142087936401367 -0.0100698471069336 0.0088338851928711 -0.00167655944824219
0.0184230804443359 0.00339508056640625 0.00663471221923828 -0.0120153427124023
0.0114212036132813 0.0215568542480469 0.0238685607910156 -0.0272636413574219
-0.000415802001953125 0.0336227416992188 0.0460586547851563 -0.0251083374023437
-0.0162296295166016 0.0327434539794922 0.0426864624023437 -0.00671768188476562
-0.0242462158203125 0.0258369445800781 0.0593986511230469 0.0114326477050781
0.00416755676269531 0.0213451385498047 0.0258979797363281 0.00560760498046875
0.00473785400390625 0.00414752960205078 0.00943374633789063 0.0189628601074219
0.00398898124694824 0.00238752365112305 0.029632568359375 0.0275783538818359
0.00434207916259766 -0.000658750534057617 0.0446052551269531 0.0120811462402344
0.00239086151123047 -0.00445747375488281 0.0490837097167969 -0.0100593566894531
0.00640583038330078 -0.00787591934204102 0.0445137023925781 -0.0211524963378906
0.00814294815063477 -0.00751781463623047 0.0357322692871094 -0.019683837890625
0.00921440124511719 -0.011601448059082 0.0294780731201172 -0.00931739807128906
0.0180950164794922 -0.00871086120605469 0.0224437713623047 0.000291824340820312
0.0248889923095703 0.00388145446777344 0.00710916519165039 0.00134992599487305
0.0199966430664063 0.0199317932128906 0.00339651107788086 -0.00800991058349609
-0.00103950500488281 0.0338687896728516 0.0166149139404297 -0.0244102478027344
-0.0214157104492188 0.0391769409179688 0.0366897583007812 -0.0187759399414062
-0.0378913879394531 0.0323524475097656 0.0324535369873047 0.00169944763183594
-0.0470466613769531 0.0213661193847656 0.0469398498535156 0.0230331420898438
-0.0202426910400391 0.0297393798828125 0.0179729461669922 0.0189037322998047
-0.00826263427734375 0.0214252471923828 0.00898170471191406 0.0275325775146484
0.00533294677734375 0.0220050811767578 0.0293502807617188 0.0338459014892578
0.0153141021728516 0.0132627487182617 0.0429916381835937 0.0146026611328125
0.0201225280761719 -0.000455856323242188 0.0476112365722656 -0.00753021240234375
0.022369384765625 -0.0101261138916016 0.0409049987792969 -0.0166282653808594
0.0227622985839844 -0.0085906982421875 0.0298881530761719 -0.0140342712402344
0.0254974365234375 -0.0109958648681641 0.0236091613769531 -0.00495529174804688
0.0322208404541016 -0.00334739685058594 0.0169496536254883 0.00371646881103516
0.0319271087646484 0.0144805908203125 0.00158977508544922 0.00323295593261719
0.0217075347900391 0.0329608917236328 -0.000890731811523437 -0.00636768341064453
-0.00977706909179688 0.0424842834472656 0.0104484558105469 -0.0206413269042969
-0.0370941162109375 0.0416183471679687 0.0261516571044922 -0.00996017456054687
-0.0546150207519531 0.0305595397949219 0.0161828994750977 0.0107088088989258
-0.0622062683105469 0.0115623474121094 0.0266876220703125 0.0328807830810547
-0.0420799255371094 0.0312118530273438 0.00389289855957031 0.0310935974121094
-0.0225620269775391 0.0347995758056641 0.00438690185546874 0.0357017517089844
0.00397872924804687 0.0401992797851563 0.0253257751464844 0.0374107360839844
0.0227813720703125 0.0259151458740234 0.0370407104492188 0.0168685913085938
0.0349960327148438 0.00524139404296875 0.039337158203125 -0.00421524047851562
0.0357933044433594 -0.00984954833984375 0.0305671691894531 -0.00996971130371094
0.0338020324707031 -0.00762939453125 0.0201244354248047 -0.00663375854492188
0.0377349853515625 -0.00977325439453125 0.0134687423706055 0.000654220581054687
0.0413589477539063 0.000896453857421875 0.00772142410278321 0.00606632232666016
0.0359458923339844 0.0220298767089844 -0.00561189651489258 0.00426626205444336
0.0212059020996094 0.0390548706054688 -0.0048828125 -0.00451183319091797
-0.0159339904785156 0.0449867248535156 0.00525093078613281 -0.0162820816040039
-0.0453109741210938 0.038970947265625 0.0154962539672852 0.000439643859863284
-0.0624618530273438 0.0237808227539062 -0.00206661224365235 0.017303466796875
-0.0663566589355469 -0.0014801025390625 0.00114440917968749 0.03680419921875
-0.05706787109375 0.0242843627929688 -0.0148811340332031 0.0392875671386719
-0.036102294921875 0.0384750366210937 -0.00408554077148438 0.0409393310546875
-0.0021209716796875 0.0504951477050781 0.0167999267578125 0.0378799438476563
0.0241584777832031 0.0363388061523438 0.0253982543945313 0.0167293548583984
0.0423736572265625 0.0113792419433594 0.0258350372314453 -0.00160598754882812
0.0425529479980469 -0.00728607177734375 0.0158481597900391 -0.00247859954833984
0.0398063659667969 -0.00574111938476563 0.00581550598144532 0.00173377990722656
0.0443382263183594 -0.0072174072265625 0.00152349472045899 0.00687599182128906
0.0454788208007812 0.00401687622070312 -0.00407600402832031 0.00872564315795898
0.0365219116210938 0.0268020629882812 -0.0127649307250977 0.00329685211181641
0.0191612243652344 0.0428848266601562 -0.00809431076049805 -0.0052804946899414
-0.0211029052734375 0.0432243347167969 0.00307369232177734 -0.0120201110839844
-0.0505218505859375 0.0325965881347656 0.00601577758789062 0.0105552673339844
-0.0649528503417969 0.0137405395507812 -0.0213394165039063 0.0212879180908203
-0.0573616027832031 -0.013916015625 -0.0222434997558594 0.0363883972167969
-0.0573348999023437 0.0105247497558594 -0.0334663391113281 0.0411491394042969
-0.0413970947265625 0.03045654296875 -0.0123634338378906 0.0409278869628906
-0.0103416442871094 0.0482292175292969 0.00724029541015625 0.0343456268310547
0.01922607421875 0.0390129089355469 0.0125236511230469 0.0129079818725586
0.0420951843261719 0.0164451599121094 0.00949859619140625 0.00115394592285156
0.0429954528808594 -0.00354385375976563 -0.000431537628173826 0.00521612167358398
0.0387611389160156 -0.00321578979492188 -0.00766563415527343 0.00946712493896484
0.0436019897460938 -0.00418853759765625 -0.0128135681152344 0.012913703918457
0.044464111328125 0.00706100463867188 -0.0159997940063477 0.00900459289550781
0.0331764221191406 0.0276107788085938 -0.0208969116210937 0.00116729736328125
0.014892578125 0.0427627563476563 -0.0117359161376953 -0.00676536560058594
-0.0251617431640625 0.0384178161621094 0.00131893157958984 -0.0088958740234375
-0.0515861511230469 0.0216941833496094 -0.00324726104736328 0.0164241790771484
-0.0604591369628906 0.000534057617187496 -0.0384445190429688 0.0199928283691406
-0.0368919372558594 -0.0239830017089844 -0.0403823852539063 0.0304832458496094
-0.04315185546875 -0.00506210327148438 -0.0455703735351563 0.0378646850585938
-0.0366172790527344 0.01397705078125 -0.0180816650390625 0.037841796875
-0.0162754058837891 0.0350761413574219 -0.000692367553710938 0.0266075134277344
0.00918197631835938 0.0330390930175781 0.000745296478271485 0.00863170623779297
0.0323829650878906 0.0187320709228516 -0.00652265548706054 0.00210714340209961
0.0350627899169922 0.00134658813476562 -0.0158023834228516 0.0102939605712891
0.0322990417480469 -0.00019073486328125 -0.0201568603515625 0.0160923004150391
0.0368728637695313 -0.00117874145507812 -0.0250453948974609 0.0181617736816406
0.0371017456054688 0.00762557983398438 -0.0285015106201172 0.0104255676269531
0.0271720886230469 0.0260772705078125 -0.0284004211425781 -0.00117874145507812
0.0102119445800781 0.0378494262695313 -0.0162181854248047 -0.0102882385253906
-0.0265407562255859 0.0310821533203125 -0.000925064086914064 -0.00993633270263672
-0.0481796264648438 0.0098419189453125 -0.0126152038574219 0.0185432434082031
-0.0502777099609375 -0.011993408203125 -0.0531959533691406 0.0148696899414063
-0.0103836059570313 -0.0306758880615234 -0.0473060607910156 0.02142333984375
-0.0222568511962891 -0.0200023651123047 -0.0487785339355469 0.0321502685546875
-0.0251693725585938 -0.00492477416992188 -0.0191669464111328 0.0324573516845703
-0.0188961029052734 0.0156307220458984 -0.00554656982421875 0.0186595916748047
-0.00210762023925781 0.0211620330810547 -0.00653743743896484 0.00290584564208985
0.0173196792602539 0.017329216003418 -0.0172662734985352 0.00225162506103515
0.0229015350341797 0.00561141967773438 -0.0270786285400391 0.0131607055664063
0.0212059020996094 0.00323677062988281 -0.0299816131591797 0.0205821990966797
0.0254058837890625 0.00259590148925781 -0.035186767578125 0.0201606750488281
0.0264453887939453 0.00745391845703125 -0.0379219055175781 0.00936889648437499
0.0191936492919922 0.0199432373046875 -0.0357284545898438 -0.00345230102539063
0.00605010986328125 0.0288753509521484 -0.0206298828125 -0.0136013031005859
-0.0241146087646484 0.0213508605957031 -0.00533866882324219 -0.0101518630981445
-0.0380630493164063 -0.00207519531250001 -0.0214385986328125 0.014678955078125
-0.0347309112548828 -0.0234470367431641 -0.06396484375 0.00551223754882812
0.00183868408203125 0.02459716796875 0.0609893798828125 -0.00370025634765625
0.0228939056396484 0.00693130493164063 0.0250988006591797 -0.00625991821289063
0.0116701126098633 -0.0116615295410156 0.00711822509765625 0.012171745300293
-0.000640869140625 -0.0138530731201172 0.0255908966064453 0.0210170745849609
-0.00741100311279297 -0.0102739334106445 0.0420722961425781 0.007049560546875
-0.0150327682495117 -0.00466251373291015 0.0454559326171875 -0.0128326416015625
-0.00966072082519531 -0.00332546234130859 0.0395660400390625 -0.0257034301757812
-0.00752401351928711 -0.00477457046508789 0.0324535369873047 -0.0237236022949219
-0.00957965850830078 -0.00822067260742188 0.0282421112060547 -0.0155887603759766
-0.000185966491699219 -0.0135478973388672 0.0231666564941406 -0.00505638122558594
0.0126495361328125 -0.0105819702148438 0.00964164733886719 -0.00286769866943359
0.0175762176513672 0.00164794921875 0.00734138488769532 -0.0121927261352539
0.0124225616455078 0.0192680358886719 0.0218486785888672 -0.0267581939697266
0.00236892700195312 0.0312728881835938 0.043792724609375 -0.0271530151367188
-0.0130596160888672 0.0318069458007813 0.0429344177246094 -0.00986862182617187
-0.0221118927001953 0.0261211395263672 0.0586471557617188 0.0077362060546875
0.00392913818359375 0.0199737548828125 0.0247135162353516 0.00349617004394531
0.00362920761108398 0.00452280044555664 0.00926780700683594 0.0182075500488281
0.00411701202392578 0.00253868103027344 0.0291213989257813 0.0259151458740234
0.00390219688415527 -0.000276088714599609 0.0444297790527344 0.00938034057617188
0.0021204948425293 -0.00345635414123535 0.0481414794921875 -0.0125579833984375
0.00576639175415039 -0.00794029235839844 0.0418510437011719 -0.0245513916015625
0.00758028030395508 -0.00799274444580078 0.0327415466308594 -0.0219249725341797
0.00803375244140625 -0.0112771987915039 0.02813720703125 -0.0130767822265625
0.0171871185302734 -0.00905036926269531 0.0227870941162109 -0.00236320495605469
0.0237369537353516 0.00215530395507813 0.00766563415527344 -0.000321388244628906
0.0204181671142578 0.0180072784423828 0.00445556640625 -0.00849437713623047
0.000226974487304684 0.0326728820800781 0.0157871246337891 -0.0241870880126953
-0.018890380859375 0.0386276245117188 0.0355339050292969 -0.0204200744628906
-0.0348033905029297 0.0338497161865234 0.0330123901367188 -0.00109100341796875
-0.0450706481933594 0.0228919982910156 0.047515869140625 0.0196647644042969
-0.0187549591064453 0.029998779296875 0.0183486938476563 0.0162563323974609
-0.00806999206542969 0.0223541259765625 0.00922012329101562 0.0262546539306641
0.00685501098632813 0.0219345092773438 0.0298957824707031 0.0310459136962891
0.015925407409668 0.0121002197265625 0.042938232421875 0.0123939514160156
0.0200843811035156 -0.00101089477539063 0.0455284118652344 -0.010650634765625
0.0220527648925781 -0.0112571716308594 0.0384368896484375 -0.0199050903320313
0.0223579406738281 -0.0101604461669922 0.0279998779296875 -0.0168724060058594
0.0249729156494141 -0.0124874114990234 0.0230903625488281 -0.00809669494628906
0.0315074920654297 -0.00523948669433594 0.0171384811401367 0.000357627868652343
0.0330181121826172 0.0123119354248047 0.00303483009338379 0.00120234489440918
0.0233383178710938 0.0300979614257813 0.000572204589843752 -0.00668573379516601
-0.00748062133789063 0.0418357849121094 0.009765625 -0.0206279754638672
-0.0333404541015625 0.04254150390625 0.0255546569824219 -0.0117149353027344
-0.0506629943847656 0.0323257446289063 0.018402099609375 0.00780677795410157
-0.0612754821777344 0.0153045654296875 0.0284881591796875 0.0306015014648438
-0.0404548645019531 0.0331916809082031 0.00526809692382812 0.0289573669433594
-0.0212821960449219 0.0365219116210938 0.00456428527832031 0.0338230133056641
0.00635528564453125 0.0394058227539062 0.0259590148925781 0.0352973937988281
0.0246925354003906 0.0248527526855469 0.0367355346679688 0.0142974853515625
0.0347518920898438 0.00320243835449219 0.0377197265625 -0.00658798217773438
0.03472900390625 -0.0119037628173828 0.0291404724121094 -0.0124950408935547
0.0333995819091797 -0.0104713439941406 0.0188388824462891 -0.0087738037109375
0.0369071960449219 -0.0124359130859375 0.0128593444824219 -0.00159454345703125
0.0418052673339844 -0.00217437744140625 0.0079035758972168 0.00333881378173828
0.037506103515625 0.0195121765136719 -0.00387263298034668 0.00210189819335938
0.0239448547363281 0.0372390747070312 -0.00388097763061523 -0.00525522232055664
-0.0133514404296875 0.0457115173339844 0.00544643402099609 -0.0161323547363281
-0.0431289672851562 0.042205810546875 0.0157527923583984 -0.00140380859375
-0.0598487854003906 0.0273323059082031 0.000447273254394527 0.0153446197509766
-0.0668983459472656 0.00365829467773438 0.00354766845703124 0.0355987548828125
-0.0545234680175781 0.027801513671875 -0.0128746032714844 0.0376243591308594
-0.0335578918457031 0.0408172607421875 -0.00288772583007813 0.0392837524414062
0.00138473510742187 0.0502243041992187 0.017822265625 0.0360946655273438
0.0267868041992188 0.0343570709228516 0.0250644683837891 0.0147895812988281
0.043365478515625 0.00835418701171875 0.0244808197021484 -0.00275230407714844
0.0418281555175781 -0.0102043151855469 0.0155963897705078 -0.00368499755859375
0.0392227172851563 -0.009552001953125 0.00617265701293946 0.000549793243408203
0.0432205200195312 -0.0107498168945312 0.000394344329833987 0.00607872009277344
0.0460472106933594 0.000484466552734375 -0.00376033782958984 0.0066828727722168
0.0387496948242188 0.0236091613769531 -0.0124263763427734 0.00232791900634766
0.022216796875 0.0411148071289063 -0.00732707977294922 -0.00576686859130859
-0.0180778503417969 0.0450630187988281 0.00316810607910156 -0.0126628875732422
-0.048065185546875 0.0358619689941406 0.00734329223632812 0.00916862487792969
-0.0631141662597656 0.0177879333496094 -0.0184402465820313 0.020294189453125
-0.0584754943847656 -0.00942230224609376 -0.0194435119628906 0.0359306335449219
-0.0558586120605469 0.0146942138671875 -0.0302162170410156 0.0409393310546875
-0.0392341613769531 0.0333671569824219 -0.01116943359375 0.0395698547363281
-0.00652694702148438 0.04888916015625 0.00723648071289062 0.0328426361083984
0.0219459533691406 0.0373039245605469 0.0117721557617188 0.0125961303710938
0.0424385070800781 0.0129470825195313 0.00869035720825195 0.000784873962402345
0.0420494079589844 -0.007110595703125 0.000202655792236331 0.00443935394287109
0.0382461547851563 -0.00670242309570313 -0.00717926025390625 0.00933265686035156
0.0429954528808594 -0.00809097290039063 -0.0120964050292969 0.0125846862792969
0.0441970825195313 0.0029144287109375 -0.0160179138183594 0.00881862640380859
0.0352210998535156 0.0246849060058594 -0.0202598571777344 0.00124359130859375
0.0183296203613281 0.0406532287597656 -0.0116405487060547 -0.00741863250732422
-0.0220489501953125 0.0401420593261719 0.00105571746826172 -0.0101537704467773
-0.0496711730957031 0.0259437561035156 -0.002227783203125 0.0153522491455078
-0.0595436096191406 0.00551223754882813 -0.0358924865722656 0.0201568603515625
-0.03863525390625 -0.0200691223144531 -0.0377922058105469 0.0313682556152344
-0.0431594848632813 -0.00149154663085937 -0.0419540405273438 0.0389060974121094
-0.0357208251953125 0.0170326232910156 -0.0165443420410156 0.03656005859375
-0.0130882263183594 0.0364646911621094 -0.00042724609375 0.0259380340576172
0.0124454498291016 0.0320167541503906 0.000200271606445314 0.00799226760864258
0.0334358215332031 0.0152244567871094 -0.00653934478759766 0.0028839111328125
0.0350456237792969 -0.00206756591796875 -0.0145339965820312 0.0113935470581055
0.0322856903076172 -0.00256919860839844 -0.0188922882080078 0.0171165466308594
0.0365447998046875 -0.00419998168945313 -0.0241107940673828 0.0186138153076172
0.0372734069824219 0.00449371337890625 -0.0277652740478516 0.0110988616943359
0.0293216705322266 0.0223751068115234 -0.0286464691162109 -0.000135421752929681
0.012908935546875 0.0359649658203125 -0.0161094665527344 -0.0102348327636719
-0.0233936309814453 0.0323238372802734 -0.00173664093017578 -0.00940513610839844
-0.0459632873535156 0.0140151977539063 -0.0103778839111328 0.0181789398193359
-0.0504684448242188 -0.00784683227539062 -0.0512313842773438 0.0167732238769531
-0.0140457153320313 -0.0288639068603516 -0.0452537536621094 0.0239677429199219
-0.0237503051757813 -0.0171699523925781 -0.0459098815917969 0.0335540771484375
-0.0251140594482422 -0.00226974487304688 -0.0178756713867188 0.0314998626708984
-0.0171632766723633 0.0173501968383789 -0.00601577758789063 0.0182666778564453
0.000534057617187502 0.0208053588867188 -0.00749111175537109 0.00367832183837891
0.0187511444091797 0.0146713256835938 -0.0174636840820313 0.00415229797363281
0.0228843688964844 0.00307273864746094 -0.0255165100097656 0.0153255462646484
0.0211467742919922 0.00106239318847656 -0.0282764434814453 0.0220966339111328
0.0250110626220703 -0.000354766845703125 -0.0334320068359375 0.0222320556640625
0.0263462066650391 0.00463485717773438 -0.0373725891113281 0.0106697082519531
0.0201778411865234 0.0180816650390625 -0.0352554321289063 -0.00217056274414062
0.00780868530273438 0.0275726318359375 -0.0210971832275391 -0.012908935546875
-0.0215110778808594 0.0224208831787109 -0.00528717041015625 -0.0108356475830078
-0.0374603271484375 0.00167465209960937 -0.0195198059082031 0.015625
-0.0351676940917969 -0.0193405151367187 -0.0621986389160156 0.00773239135742187
0.0026397705078125 0.0229377746582031 0.0600090026855469 -0.0050048828125
0.0219039916992188 0.0059051513671875 0.0240268707275391 -0.00748634338378906
0.0106258392333984 -0.0117454528808594 0.0068502426147461 0.0124597549438477
-0.00147914886474609 -0.0132541656494141 0.0257854461669922 0.0205478668212891
-0.00804424285888672 -0.00991344451904297 0.041778564453125 0.00562286376953125
-0.0141620635986328 -0.00315380096435547 0.0450668334960938 -0.014434814453125
-0.00950336456298828 -0.00302886962890625 0.0388412475585938 -0.0272903442382813
-0.00702524185180664 -0.00440120697021484 0.0312976837158203 -0.0250244140625
-0.00906562805175781 -0.00758838653564453 0.0270709991455078 -0.016845703125
-0.000945091247558594 -0.0129060745239258 0.0232868194580078 -0.00719642639160156
0.0117807388305664 -0.0110740661621094 0.0109701156616211 -0.00409507751464844
0.0168561935424805 0.000518798828125 0.00823116302490235 -0.012354850769043
0.0128097534179688 0.0178966522216797 0.0219516754150391 -0.0261802673339844
0.00345039367675782 0.0294837951660156 0.0430564880371094 -0.0271835327148438
-0.0110511779785156 0.0310001373291016 0.0436859130859375 -0.0120773315429687
-0.0217533111572266 0.0254898071289062 0.0585212707519531 0.00643539428710938
0.00370979309082031 0.0193500518798828 0.0234928131103516 0.00216102600097656
0.00303459167480469 0.00531721115112305 0.00906944274902344 0.0176353454589844
0.00387787818908691 0.00339818000793457 0.0296077728271484 0.0253677368164063
0.00440073013305664 0.000364780426025391 0.0442161560058594 0.00836944580078125
0.00279450416564941 -0.00303816795349121 0.0472793579101563 -0.0139732360839844
0.00616741180419922 -0.00773954391479492 0.0406875610351563 -0.0262527465820313
0.00803661346435547 -0.00805282592773438 0.0316715240478516 -0.0235748291015625
0.00828933715820313 -0.0107049942016602 0.0273704528808594 -0.0149040222167969
0.0166244506835937 -0.00893020629882812 0.0229129791259766 -0.004669189453125
0.0234355926513672 0.00156784057617188 0.008636474609375 -0.00182867050170898
0.0204277038574219 0.0173206329345703 0.00535964965820313 -0.00946331024169922
0.000970840454101565 0.0320320129394531 0.0159702301025391 -0.0237483978271484
-0.0170097351074219 0.0384254455566406 0.035369873046875 -0.0215415954589844
-0.0328445434570313 0.0338401794433594 0.0342025756835938 -0.00352287292480469
-0.0450973510742187 0.0237541198730469 0.046966552734375 0.0179176330566406
-0.0190391540527344 0.030029296875 0.017852783203125 0.0147380828857422
-0.00764656066894532 0.0234146118164063 0.00859451293945312 0.025421142578125
0.00743293762207031 0.0222663879394531 0.0297794342041016 0.0303554534912109
0.0165328979492188 0.0122385025024414 0.04296875 0.0110511779785156
0.0202617645263672 -0.0011749267578125 0.0449943542480469 -0.0117607116699219
0.0221691131591797 -0.0120468139648438 0.0371437072753906 -0.0218734741210938
0.0226860046386719 -0.0110149383544922 0.0265350341796875 -0.0182914733886719
0.0245361328125 -0.0131912231445313 0.0217380523681641 -0.00998878479003906
0.0313453674316406 -0.00611305236816406 0.0171890258789063 -0.00161170959472656
0.0330429077148438 0.0114326477050781 0.00371408462524414 -0.000551223754882812
0.0240974426269531 0.029571533203125 0.00140762329101563 -0.00744771957397461
-0.00660324096679687 0.0417098999023438 0.0100975036621094 -0.0205326080322266
-0.0319252014160156 0.0435714721679687 0.0257091522216797 -0.0126991271972656
-0.0495986938476563 0.0328292846679687 0.0198993682861328 0.00576972961425781
-0.061370849609375 0.0170822143554688 0.0285587310791016 0.0281982421875
-0.0397911071777344 0.0343055725097656 0.00525093078613281 0.0268726348876953
-0.02105712890625 0.0373954772949219 0.00419998168945312 0.0328807830810547
0.00782012939453125 0.0394973754882813 0.0258502960205078 0.0341529846191406
0.0258731842041016 0.0244865417480469 0.0358009338378906 0.0139617919921875
0.0349254608154297 0.00231742858886719 0.036834716796875 -0.00785446166992188
0.0342826843261719 -0.0134029388427734 0.0283756256103516 -0.0138225555419922
0.0336093902587891 -0.0119590759277344 0.0177249908447266 -0.0101661682128906
0.0366439819335938 -0.0142250061035156 0.0121135711669922 -0.00323867797851563
0.0414199829101563 -0.00403594970703125 0.00766897201538086 0.00137758255004883
0.0383491516113281 0.0182609558105469 -0.00355219841003418 0.000620126724243165
0.0254135131835938 0.0367660522460938 -0.00243949890136719 -0.00621795654296875
-0.0123634338378906 0.0462303161621094 0.00574588775634766 -0.0164031982421875
-0.041534423828125 0.0434722900390625 0.0160665512084961 -0.00278472900390625
-0.0583953857421875 0.0283584594726563 0.00253868103027343 0.0134820938110352
-0.066680908203125 0.00574493408203124 0.00440406799316406 0.0346317291259766
-0.0541305541992188 0.0298042297363281 -0.0123519897460938 0.0361328125
-0.03277587890625 0.0426025390625 -0.00347137451171875 0.0381851196289063
0.0029144287109375 0.0503349304199219 0.0177536010742188 0.0353775024414063
0.0285205841064453 0.0335979461669922 0.0244960784912109 0.014617919921875
0.0434913635253906 0.00665664672851563 0.023406982421875 -0.00357437133789062
0.0413703918457031 -0.0123252868652344 0.0148773193359375 -0.00419235229492188
0.0389747619628906 -0.0108871459960938 0.00550222396850586 -2.90870666503913E-05
0.0430870056152344 -0.0130119323730469 0.000496864318847659 0.00524759292602539
0.0464324951171875 -0.0015716552734375 -0.0037083625793457 0.00556373596191406
0.0399742126464844 0.0220794677734375 -0.0116243362426758 0.00125694274902344
0.0241241455078125 0.040069580078125 -0.00708198547363281 -0.00690650939941406
-0.0170555114746094 0.046112060546875 0.00318145751953125 -0.0129404067993164
-0.0469169616699219 0.0384941101074219 0.00798988342285156 0.00794553756713868
-0.0624732971191406 0.0195503234863281 -0.0163631439208984 0.0188312530517578
-0.0588645935058594 -0.00696182250976563 -0.0185699462890625 0.0356178283691406
-0.0554580688476562 0.0170440673828125 -0.0287132263183594 0.0398445129394531
-0.0385665893554688 0.0352859497070313 -0.0113372802734375 0.03851318359375
-0.00455856323242188 0.0496101379394531 0.00753593444824219 0.0320472717285156
0.0238227844238281 0.0366172790527344 0.0109062194824219 0.0129003524780273
0.043304443359375 0.0110130310058594 0.00817632675170899 0.000898361206054688
0.0417404174804688 -0.00878524780273438 -2.14576721191381E-05 0.0046839714050293
0.03814697265625 -0.00844573974609375 -0.0065774917602539 0.00938320159912109
0.0426902770996094 -0.0103416442871094 -0.0123262405395508 0.0121879577636719
0.0446014404296875 0.0009918212890625 -0.0162363052368164 0.00812911987304688
0.0367355346679688 0.023040771484375 -0.0202236175537109 0.000692367553710939
0.019744873046875 0.0395088195800781 -0.0113525390625 -0.00823879241943359
-0.0203323364257812 0.0408172607421875 0.000767707824707029 -0.0106105804443359
-0.048095703125 0.0283164978027344 -0.00108528137207032 0.0145368576049805
-0.0588798522949219 0.00786972045898437 -0.033834457397461 0.0193233489990234
-0.0401115417480469 -0.0185050964355469 -0.0367927551269531 0.0316085815429688
-0.0436935424804687 0.000679016113281253 -0.0408973693847656 0.0386161804199219
-0.0352516174316406 0.0191001892089844 -0.0159912109375 0.0358848571777344
-0.0113143920898438 0.0368728637695313 -0.00133705139160156 0.0253047943115234
0.0141582489013672 0.0312404632568359 -0.00064849853515625 0.00871419906616211
0.0338802337646484 0.0128803253173828 -0.00709676742553711 0.00353193283081055
0.0348014831542969 -0.00393867492675781 -0.0143041610717773 0.0119428634643555
0.0319919586181641 -0.00497245788574219 -0.0180873870849609 0.0178871154785156
0.0360031127929688 -0.00631332397460938 -0.0234127044677734 0.0189609527587891
0.0373001098632813 0.00182723999023438 -0.02789306640625 0.010650634765625
0.0306987762451172 0.0212821960449219 -0.0290431976318359 -0.000185012817382812
0.0150527954101563 0.0350074768066406 -0.0166053771972656 -0.0108547210693359
-0.0222358703613281 0.0328826904296875 -0.00158500671386719 -0.0101890563964844
-0.0454254150390625 0.0161705017089844 -0.00956344604492188 0.0177402496337891
-0.0498466491699219 -0.00516510009765626 -0.0498085021972656 0.0165214538574219
-0.0151882171630859 -0.0274906158447266 -0.0447463989257813 0.0249214172363281
-0.0246219635009766 -0.0152091979980469 -0.04461669921875 0.0333595275878906
-0.0252246856689453 -0.000541687011718751 -0.0175952911376953 0.0308208465576172
-0.0154132843017578 0.0180892944335938 -0.00622940063476563 0.0183010101318359
0.00176620483398437 0.0201473236083984 -0.0082244873046875 0.00419950485229492
0.0191688537597656 0.0128116607666016 -0.017730712890625 0.005401611328125
0.0224704742431641 0.001434326171875 -0.0243148803710938 0.01678466796875
0.0210552215576172 -0.000452041625976563 -0.0267505645751953 0.0231342315673828
0.0247688293457031 -0.00211906433105469 -0.0325565338134766 0.0232734680175781
0.0262069702148438 0.00325965881347656 -0.0371589660644531 0.0111083984375
0.0210227966308594 0.0161495208740234 -0.035491943359375 -0.00151443481445312
0.00937652587890625 0.0267333984375 -0.0208415985107422 -0.0130214691162109
-0.0203838348388672 0.0228080749511719 -0.00579452514648438 -0.0111989974975586
-0.0365447998046875 0.00365447998046875 -0.0183467864990234 0.0156288146972656
-0.0349636077880859 -0.017333984375 -0.0606231689453125 0.00870895385742188
0.00279426574707031 0.0225410461425781 0.0609664916992188 -0.00511932373046875
0.0217514038085938 0.00509452819824219 0.0233535766601563 -0.00741004943847656
0.0102624893188477 -0.0118522644042969 0.0068206787109375 0.0127067565917969
-0.00158882141113281 -0.01312255859375 0.0264053344726562 0.0210628509521484
-0.00844097137451172 -0.00974178314208984 0.0429534912109375 0.00548171997070313
-0.0137977600097656 -0.00247764587402343 0.0460853576660156 -0.0151329040527344
-0.00908946990966797 -0.00225067138671875 0.0391998291015625 -0.0289993286132813
-0.00699615478515625 -0.00387430191040039 0.0311260223388672 -0.0264072418212891
-0.00896453857421875 -0.00707244873046875 0.0270938873291016 -0.0184574127197266
-0.00117301940917969 -0.0125179290771484 0.0240306854248047 -0.00872039794921875
0.0107936859130859 -0.010833740234375 0.0122003555297852 -0.00557327270507813
0.0164566040039063 0.0001983642578125 0.0100069046020508 -0.01275634765625
0.0137166976928711 0.0173454284667969 0.0232334136962891 -0.0263729095458984
0.00442695617675781 0.0289325714111328 0.04425048828125 -0.0285072326660156
-0.0100154876708984 0.0303726196289062 0.0450325012207031 -0.0137901306152344
-0.0218753814697266 0.0261974334716797 0.059234619140625 0.00621795654296875
0.00295829772949219 0.0200634002685547 0.0237560272216797 0.00160789489746094
0.00244569778442383 0.00606536865234375 0.00842094421386719 0.018096923828125
0.00420427322387695 0.00374531745910645 0.0301685333251953 0.0259246826171875
0.00445842742919922 0.000654220581054688 0.0454292297363281 0.00823593139648438
0.00352191925048828 -0.00222325325012207 0.0484046936035156 -0.0149955749511719
0.00681161880493164 -0.00837850570678711 0.0405426025390625 -0.0277976989746094
0.00871658325195313 -0.00860929489135742 0.0311908721923828 -0.0251865386962891
0.00856113433837891 -0.011138916015625 0.0271530151367188 -0.0164585113525391
0.0169839859008789 -0.00928783416748047 0.0230846405029297 -0.00672340393066406
0.0233402252197266 0.00149154663085938 0.0102128982543945 -0.00347900390625
0.0206661224365234 0.0174674987792969 0.00692462921142578 -0.009918212890625
0.00160408020019531 0.0320816040039063 0.0170154571533203 -0.0238418579101562
-0.0167045593261719 0.0387954711914063 0.0356826782226563 -0.022125244140625
-0.0326805114746094 0.0338191986083984 0.0363807678222656 -0.0049591064453125
-0.046112060546875 0.0249977111816406 0.0479621887207031 0.0172958374023438
-0.0195884704589844 0.0310840606689453 0.0172805786132813 0.0139350891113281
-0.00872802734375 0.0249977111816406 0.00805854797363281 0.02581787109375
0.00821113586425781 0.0229129791259766 0.0303840637207031 0.0308036804199219
0.0175466537475586 0.0126829147338867 0.0437355041503906 0.0110893249511719
0.0212478637695313 -0.00119781494140625 0.045928955078125 -0.0125465393066406
0.0226631164550781 -0.0125541687011719 0.0369873046875 -0.0232124328613281
0.0233383178710938 -0.0122890472412109 0.0267925262451172 -0.0202350616455078
0.0251502990722656 -0.0138950347900391 0.0215530395507813 -0.0114345550537109
0.0323200225830078 -0.00674057006835938 0.017791748046875 -0.00370025634765625
0.0337886810302734 0.0112800598144531 0.00494956970214844 -0.00201797485351562
0.0248641967773438 0.0297222137451172 0.00240230560302735 -0.00834417343139648
-0.00640869140625 0.0429191589355469 0.0113105773925781 -0.0206127166748047
-0.0321273803710938 0.0448951721191406 0.0262470245361328 -0.0140438079833984
-0.0493240356445312 0.0338935852050781 0.0215988159179687 0.00430107116699219
-0.0627899169921875 0.0185470581054688 0.0295352935791016 0.0278358459472656
-0.0406150817871094 0.0357131958007813 0.00536537170410156 0.0263519287109375
-0.0211753845214844 0.0398750305175781 0.00351715087890625 0.0331802368164063
0.00844573974609375 0.0406723022460938 0.0261211395263672 0.0346508026123047
0.0270671844482422 0.0245838165283203 0.0365219116210938 0.0136833190917969
0.0360488891601563 0.00193405151367188 0.0366477966308594 -0.00815963745117188
0.0353889465332031 -0.01470947265625 0.0284957885742188 -0.0148773193359375
0.0342807769775391 -0.0135726928710938 0.0175991058349609 -0.0111904144287109
0.0378761291503906 -0.0153617858886719 0.0117807388305664 -0.00449371337890625
0.0426979064941406 -0.00512313842773437 0.00810718536376954 0.000225067138671875
0.0401077270507812 0.0179557800292969 -0.00302982330322265 -0.000903844833374022
0.0266952514648438 0.0368156433105469 -0.00211858749389648 -0.0077056884765625
-0.011627197265625 0.048370361328125 0.00610542297363281 -0.0169267654418945
-0.0416412353515625 0.0456771850585938 0.0169248580932617 -0.00359630584716797
-0.0591773986816406 0.0294761657714844 0.00383281707763672 0.0120468139648438
-0.0692214965820313 0.00749588012695312 0.00529670715332031 0.0344505310058594
-0.0545578002929688 0.0315742492675781 -0.0124053955078125 0.0356559753417969
-0.0335426330566406 0.0447540283203125 -0.00391769409179688 0.0382575988769531
0.00437164306640625 0.0520668029785156 0.0180587768554688 0.0354766845703125
0.0301074981689453 0.0343704223632813 0.0245933532714844 0.0145988464355469
0.0445938110351563 0.00577926635742187 0.0227336883544922 -0.00324058532714844
0.0423698425292969 -0.0140762329101562 0.0148305892944336 -0.00516414642333985
0.0399284362792969 -0.0129928588867187 0.00593614578247071 -0.000914573669433595
0.0439987182617188 -0.0146217346191406 -9.05990600585907E-05 0.00454330444335937
0.0472564697265625 -0.00322723388671875 -0.004014253616333 0.00429415702819824
0.0421180725097656 0.0213546752929688 -0.0120000839233398 6.96182250976601E-05
0.0257377624511719 0.0408859252929688 -0.00693035125732422 -0.00797224044799804
-0.0164871215820313 0.0481033325195313 0.0033416748046875 -0.0135068893432617
-0.0470504760742188 0.04083251953125 0.00857973098754883 0.00677633285522461
-0.0631027221679688 0.021392822265625 -0.0152549743652344 0.0178756713867188
-0.0610733032226563 -0.0051116943359375 -0.0183792114257813 0.0357894897460938
-0.0564346313476562 0.018524169921875 -0.0294303894042969 0.0396804809570313
-0.0390205383300781 0.0377464294433594 -0.0117721557617187 0.03839111328125
-0.00341796875 0.0511627197265625 0.00701141357421875 0.0324153900146484
0.0257759094238281 0.0367698669433594 0.0106563568115234 0.0133962631225586
0.0446014404296875 0.00969314575195313 0.00703954696655274 0.00134515762329102
0.0425300598144531 -0.0108871459960938 0.000374794006347659 0.00439929962158203
0.038787841796875 -0.0102653503417969 -0.00690460205078125 0.00941562652587891
0.0437355041503906 -0.01226806640625 -0.0129117965698242 0.0123186111450195
0.0456695556640625 -0.00146865844726563 -0.0166330337524414 0.00776290893554687
0.0391502380371094 0.0225105285644531 -0.0207195281982422 -0.000150680541992183
0.0217475891113281 0.039825439453125 -0.0114173889160156 -0.00877571105957031
-0.0205268859863281 0.0431632995605469 0.00121212005615234 -0.0112504959106445
-0.0486679077148438 0.0313034057617187 -0.000457763671875003 0.0137825012207031
-0.059722900390625 0.00933074951171875 -0.0331134796142578 0.0189990997314453
-0.041656494140625 -0.0176506042480469 -0.0372886657714844 0.0320320129394531
-0.0446243286132812 0.00245285034179688 -0.0414352416992187 0.0381698608398438
-0.0363578796386719 0.0211524963378906 -0.0170211791992187 0.0358428955078125
-0.00992202758789062 0.0384750366210938 -0.00156593322753906 0.0257854461669922
0.01611328125 0.0318641662597656 -0.00131416320800781 0.00937843322753906
0.0354957580566406 0.0123062133789063 -0.00774002075195312 0.00431680679321289
0.0351638793945313 -0.00564193725585937 -0.0139837265014648 0.0126180648803711
0.0325984954833984 -0.00649261474609375 -0.0186271667480469 0.0182170867919922
0.0370750427246094 -0.00779342651367187 -0.0240459442138672 0.0193405151367188
0.0387458801269531 0.000682830810546875 -0.0284900665283203 0.0107364654541016
0.031982421875 0.0204181671142578 -0.0291671752929687 -0.00066757202148437
0.0162391662597656 0.0351638793945313 -0.0167675018310547 -0.0114526748657227
-0.0218276977539063 0.0346031188964844 -0.00160980224609375 -0.0108461380004883
-0.0455970764160156 0.0182952880859375 -0.00866031646728516 0.017491340637207
-0.0506858825683594 -0.00380325317382813 -0.0495872497558594 0.0165786743164063
-0.0163307189941406 -0.0268535614013672 -0.0459480285644531 0.0259819030761719
-0.0250415802001953 -0.0143890380859375 -0.0449142456054688 0.0337409973144531
-0.0257682800292969 0.00103187561035156 -0.0183181762695313 0.0311222076416016
-0.01458740234375 0.0192012786865234 -0.00752639770507813 0.0188522338867187
0.00344657897949219 0.0207176208496094 -0.00962257385253906 0.00536155700683594
0.0198860168457031 0.0118045806884766 -0.0182170867919922 0.00645828247070313
0.0225906372070313 0.000234603881835937 -0.0239944458007813 0.0180625915527344
0.0215091705322266 -0.00171279907226563 -0.0265178680419922 0.0243492126464844
0.0251579284667969 -0.0033416748046875 -0.0328426361083984 0.0239048004150391
0.0266914367675781 0.00212669372558594 -0.0381851196289062 0.0120429992675781
0.0221996307373047 0.0158863067626953 -0.0365715026855469 -0.00161743164062499
0.0101547241210938 0.0265293121337891 -0.0214462280273438 -0.0139293670654297
-0.0198860168457031 0.0236492156982422 -0.00591754913330078 -0.0117321014404297
-0.0365180969238281 0.00553512573242187 -0.0177993774414063 0.0158195495605469
-0.0352439880371094 -0.0162010192871094 -0.0617523193359375 0.00861740112304687
0.00348854064941406 0.0232448577880859 0.0632705688476563 -0.00634002685546875
0.0219516754150391 0.00503921508789062 0.0237693786621094 -0.00875663757324219
0.0102157592773438 -0.0122270584106445 0.00686836242675781 0.0131044387817383
-0.00222873687744141 -0.0132694244384766 0.0279197692871094 0.0219936370849609
-0.00914573669433594 -0.00887870788574219 0.0455703735351563 0.00481414794921875
-0.0139493942260742 -0.00128173828125 0.0484695434570312 -0.0178947448730469
-0.00951099395751953 -0.00181865692138672 0.0400199890136719 -0.031524658203125
-0.00712490081787109 -0.00395774841308594 0.0312099456787109 -0.0292186737060547
-0.00929927825927734 -0.00638771057128906 0.0280055999755859 -0.0206565856933594
-0.00166225433349609 -0.0121097564697266 0.0248603820800781 -0.0114192962646484
0.010462760925293 -0.0114765167236328 0.0135002136230469 -0.00665950775146484
0.0170497894287109 -0.000542640686035156 0.0114383697509766 -0.01373291015625
0.0144309997558594 0.0169334411621094 0.0243625640869141 -0.0273361206054688
0.00518417358398437 0.0294170379638672 0.0455093383789063 -0.0302391052246094
-0.00934219360351562 0.0312328338623047 0.0479736328125 -0.0160140991210937
-0.0225315093994141 0.0281944274902344 0.061737060546875 0.00492477416992188
0.00291061401367188 0.0208091735839844 0.0238895416259766 0.000919342041015626
0.00275468826293945 0.00695896148681641 0.00876426696777344 0.0190963745117188
0.00426387786865234 0.00442838668823242 0.0313701629638672 0.0265083312988281
0.00501585006713867 0.00101041793823242 0.0475425720214844 0.00725555419921875
0.00391387939453125 -0.00192379951477051 0.0504379272460938 -0.0171165466308594
0.0073084831237793 -0.00823688507080078 0.0414695739746094 -0.0308151245117188
0.00899314880371094 -0.00938987731933594 0.0314083099365234 -0.0281906127929688
0.00959587097167969 -0.0114784240722656 0.0269527435302734 -0.0191287994384766
0.0173273086547852 -0.00968360900878906 0.0244026184082031 -0.00942230224609375
0.0242900848388672 0.000970840454101563 0.0112314224243164 -0.00494194030761719
0.0216274261474609 0.0173149108886719 0.00825691223144531 -0.0112104415893555
0.00228118896484375 0.0334529876708984 0.0181217193603516 -0.0247173309326172
-0.0165519714355469 0.0402984619140625 0.0373115539550781 -0.024566650390625
-0.0329093933105469 0.0357818603515625 0.0387535095214844 -0.0069427490234375
-0.0477561950683594 0.027496337890625 0.0502586364746094 0.0168914794921875
-0.0199813842773438 0.033233642578125 0.0180988311767578 0.0133991241455078
-0.00831222534179688 0.0272769927978516 0.00802803039550781 0.02655029296875
0.00943374633789063 0.02447509765625 0.0319061279296875 0.0312538146972656
0.0189952850341797 0.0125083923339844 0.0456581115722656 0.0103530883789063
0.0227622985839844 -0.001800537109375 0.0472221374511719 -0.0143623352050781
0.0236110687255859 -0.0141639709472656 0.0378036499023438 -0.02557373046875
0.0239772796630859 -0.0136241912841797 0.0264167785644531 -0.0219841003417969
0.0265712738037109 -0.0154399871826172 0.0214748382568359 -0.0135974884033203
0.0340061187744141 -0.00813102722167969 0.0183181762695313 -0.00594711303710938
0.0359954833984375 0.0106697082519531 0.00507640838623047 -0.00355339050292969
0.0268688201904297 0.0304431915283203 0.00357341766357422 -0.00962257385253906
-0.00562667846679687 0.0455360412597656 0.0117931365966797 -0.0221328735351562
-0.0323524475097656 0.0481300354003906 0.0278129577636719 -0.0158653259277344
-0.0507431030273438 0.036376953125 0.0238437652587891 0.00254440307617188
-0.0652885437011719 0.0217247009277344 0.0310535430908203 0.0282058715820312
-0.0417556762695313 0.0387496948242188 0.00532150268554688 0.0261917114257813
-0.0211372375488281 0.0433540344238281 0.00325393676757813 0.0344371795654297
0.0106048583984375 0.0432586669921875 0.0275039672851563 0.03533935546875
0.0293331146240234 0.024932861328125 0.0378379821777344 0.0137214660644531
0.0386123657226563 0.00048828125 0.0375595092773438 -0.0091552734375
0.0363807678222656 -0.0172119140625 0.0287189483642578 -0.0169143676757812
0.0354576110839844 -0.0160789489746094 0.0172719955444336 -0.0129995346069336
0.0391654968261719 -0.0178604125976563 0.0109939575195313 -0.00542831420898438
0.0444908142089844 -0.0071258544921875 0.00845193862915039 -0.00156736373901367
0.0428466796875 0.0169448852539063 -0.00293207168579101 -0.00203919410705566
0.0294036865234375 0.0379409790039062 -0.00166702270507812 -0.00869989395141602
-0.0106658935546875 0.0515060424804688 0.00682449340820313 -0.0181941986083984
-0.0425262451171875 0.0495338439941406 0.0180797576904297 -0.00528907775878906
-0.0610504150390625 0.0327377319335937 0.00591945648193359 0.0109319686889648
-0.0720672607421875 0.0104217529296875 0.00599288940429687 0.0355758666992188
-0.0566062927246094 0.0350608825683594 -0.0122337341308594 0.0363807678222656
-0.0338020324707031 0.049041748046875 -0.0042266845703125 0.0393943786621094
0.0064697265625 0.0548973083496094 0.0183753967285156 0.0365753173828125
0.0335521697998047 0.0344161987304688 0.0257511138916016 0.0147857666015625
0.0472488403320313 0.00483322143554688 0.0231990814208984 -0.00368118286132812
0.0439453125 -0.0162277221679688 0.0151309967041016 -0.00579261779785156
0.0414848327636719 -0.01605224609375 0.00534200668334961 -0.00141429901123047
0.0456123352050781 -0.0180435180664063 -0.000944375991821286 0.00382137298583984
0.049560546875 -0.00551986694335938 -0.00457525253295898 0.00311279296875
0.0452194213867188 0.0208015441894531 -0.0126447677612305 -0.000565528869628903
0.0290756225585938 0.0414924621582031 -0.00700283050537109 -0.0090951919555664
-0.01580810546875 0.0512771606445313 0.00361442565917969 -0.0148153305053711
-0.048095703125 0.0449104309082031 0.0092782974243164 0.00599384307861328
-0.0649871826171875 0.0241661071777344 -0.0145559310913086 0.0175504684448242
-0.0645866394042969 -0.00312805175781249 -0.0189437866210938 0.0377273559570313
-0.0586013793945313 0.0214881896972656 -0.0298385620117188 0.0408287048339844
-0.0401992797851563 0.0415382385253906 -0.0125312805175781 0.0397987365722656
-0.00143814086914063 0.0538139343261719 0.00749015808105468 0.0333099365234375
0.0286445617675781 0.0376472473144531 0.0108804702758789 0.0140419006347656
0.0469245910644531 0.00857162475585937 0.00690078735351563 0.00165891647338867
0.0438117980957031 -0.0131034851074219 0.000243186950683597 0.00467872619628906
0.0405120849609375 -0.0131072998046875 -0.00699520111083984 0.00970077514648438
0.0452041625976563 -0.0152549743652344 -0.0138711929321289 0.0129671096801758
0.0480880737304688 -0.00360107421875 -0.0178146362304687 0.00778770446777343
0.0419654846191406 0.0218124389648438 -0.0219593048095703 -0.000427246093750002
0.024658203125 0.0406570434570313 -0.0121698379516602 -0.0100269317626953
-0.0193367004394531 0.0464439392089844 0.000958442687988281 -0.0121574401855469
-0.0495033264160156 0.034759521484375 5.72204589843419E-06 0.0137491226196289
-0.061676025390625 0.0117874145507813 -0.0337352752685547 0.0193901062011719
-0.04498291015625 -0.0162239074707031 -0.0385818481445313 0.0344581604003906
-0.0468254089355469 0.00446319580078126 -0.0423126220703125 0.0401840209960937
-0.0372047424316406 0.0243873596191406 -0.0177230834960938 0.036834716796875
-0.00897598266601562 0.041107177734375 -0.00185012817382812 0.0266132354736328
0.0184078216552734 0.0323677062988281 -0.00176811218261719 0.0102548599243164
0.0376663208007813 0.0106582641601563 -0.00847864151000976 0.00559902191162109
0.0367050170898438 -0.00791168212890625 -0.0139284133911133 0.0138950347900391
0.0340175628662109 -0.00856781005859375 -0.0183563232421875 0.0200271606445313
0.0381660461425781 -0.0106582641601563 -0.0251731872558594 0.0209865570068359
0.0404434204101563 -0.00145339965820313 -0.0302009582519531 0.0116901397705078
0.034454345703125 0.0197410583496094 -0.0314388275146484 -0.000322341918945318
0.0185394287109375 0.0359649658203125 -0.0179710388183594 -0.0122528076171875
-0.0214881896972656 0.0374526977539063 -0.00216579437255859 -0.0117778778076172
-0.0469245910644531 0.02166748046875 -0.0084075927734375 0.0182914733886719
-0.0525550842285156 -0.00191879272460937 -0.0511283874511719 0.0171852111816406
-0.0183200836181641 -0.0271282196044922 -0.0478553771972656 0.0281982421875
-0.0267486572265625 -0.0133609771728516 -0.0469589233398438 0.0357704162597656
-0.0269031524658203 0.00271987915039063 -0.0188007354736328 0.0318508148193359
-0.0141696929931641 0.0208263397216797 -0.00772285461425781 0.0195446014404297
0.0050201416015625 0.0213699340820313 -0.0101175308227539 0.00684738159179688
0.0214157104492188 0.0107517242431641 -0.0191440582275391 0.00834846496582031
0.0236873626708984 -0.00119400024414063 -0.0244197845458984 0.0198631286621094
0.0222511291503906 -0.00317192077636719 -0.0266494750976563 0.0263347625732422
0.0260715484619141 -0.00493431091308594 -0.0337753295898438 0.0262393951416016
0.0278511047363281 0.00055694580078125 -0.0399513244628906 0.0136909484863281
0.0237483978271484 0.0151081085205078 -0.0384941101074219 -0.00144195556640625
0.0120315551757813 0.0267868041992187 -0.0226535797119141 -0.0142326354980469
-0.0200157165527344 0.0252208709716797 -0.00603580474853516 -0.0127315521240234
-0.0377540588378906 0.00703048706054687 -0.0174942016601563 0.0164499282836914
-0.0361747741699219 -0.0151100158691406 -0.0639991760253906 0.00996017456054688
0.00488090515136719 0.0237445831298828 0.0663986206054688 -0.00913619995117187
0.0223789215087891 0.00363349914550781 0.0238990783691406 -0.00976943969726563
0.0095672607421875 -0.0130796432495117 0.00724983215332031 0.0138750076293945
-0.0030975341796875 -0.0131130218505859 0.0303173065185547 0.0220279693603516
-0.010258674621582 -0.00828933715820313 0.0475807189941406 0.00244903564453125
-0.014439582824707 -1.62124633789075E-05 0.0499496459960938 -0.0220718383789063
-0.00954341888427734 -0.000924110412597658 0.0401535034179688 -0.035858154296875
-0.0075840950012207 -0.00334405899047852 0.0310878753662109 -0.0328559875488281
-0.00946807861328125 -0.00561046600341797 0.0275936126708984 -0.0240993499755859
-0.00239372253417969 -0.0118846893310547 0.0254135131835938 -0.0145492553710938
0.0094451904296875 -0.0123291015625 0.0146398544311523 -0.00866603851318359
0.0171871185302734 -0.00136089324951172 0.0125207901000977 -0.0153570175170898
0.0158481597900391 0.0166835784912109 0.02484130859375 -0.0291996002197266
0.00687789916992188 0.0296783447265625 0.0464859008789062 -0.0337104797363281
-0.00777053833007813 0.0324382781982422 0.0509567260742187 -0.020050048828125
-0.0223464965820313 0.0301761627197266 0.0644111633300781 0.00276565551757813
0.00335693359375 0.0215835571289062 0.0245475769042969 -0.000413894653320311
0.00284242630004883 0.00784015655517578 0.00938224792480469 0.0195350646972656
0.00483036041259766 0.00458049774169922 0.0339126586914063 0.0261554718017578
0.00541925430297851 0.00117921829223633 0.0499649047851563 0.00491714477539063
0.00471401214599609 -0.00210952758789063 0.0520172119140625 -0.02154541015625
0.00733757019042969 -0.00943279266357422 0.0414619445800781 -0.0349464416503906
0.00941276550292969 -0.0105133056640625 0.0304737091064453 -0.0315074920654297
0.00966548919677734 -0.0124473571777344 0.0271072387695313 -0.02239990234375
0.0178756713867188 -0.0109100341796875 0.0246849060058594 -0.0124893188476563
0.024871826171875 4.38690185546875E-05 0.0121145248413086 -0.00727748870849609
0.0233650207519531 0.0168819427490234 0.00925254821777344 -0.0127315521240234
0.00389289855957031 0.0345535278320313 0.0182685852050781 -0.0266284942626953
-0.015289306640625 0.0429267883300781 0.0381546020507813 -0.0275611877441406
-0.0327568054199219 0.0384521484375 0.0414505004882813 -0.0106086730957031
-0.0485115051269531 0.0314559936523437 0.0534210205078125 0.01531982421875
-0.01959228515625 0.0361747741699219 0.0187397003173828 0.0124626159667969
-0.00729560852050781 0.0304508209228516 0.00866127014160156 0.0280055999755859
0.0115947723388672 0.0255947113037109 0.0342884063720703 0.0314731597900391
0.0213165283203125 0.0126876831054687 0.0478096008300781 0.00852203369140625
0.0240631103515625 -0.00292205810546875 0.0479507446289063 -0.0176582336425781
0.0242519378662109 -0.0165252685546875 0.0378532409667969 -0.0293846130371094
0.0244674682617188 -0.0164222717285156 0.0256576538085937 -0.0254955291748047
0.0269966125488281 -0.0180816650390625 0.0208187103271484 -0.0162906646728516
0.0350513458251953 -0.0105304718017578 0.0186214447021484 -0.008880615234375
0.0380821228027344 0.0089263916015625 0.00580358505249024 -0.00537252426147461
0.0299835205078125 0.0304145812988281 0.00402641296386719 -0.0108137130737305
-0.0033721923828125 0.0483474731445312 0.0116195678710938 -0.0235481262207031
-0.0316162109375 0.0522232055664063 0.0282554626464844 -0.0185623168945312
-0.0513114929199219 0.0403861999511719 0.0265522003173828 2.67028808593775E-05
-0.0676498413085938 0.0265922546386719 0.0337123870849609 0.0276336669921875
-0.0420913696289063 0.0434799194335938 0.00586318969726562 0.0257949829101563
-0.0200462341308594 0.0477638244628906 0.00444793701171875 0.0353431701660156
0.0142326354980469 0.0445976257324219 0.0296630859375 0.0355453491210938
0.0329818725585938 0.0245418548583984 0.0399971008300781 0.0127639770507813
0.040374755859375 -0.000957489013671875 0.0386123657226563 -0.0112800598144531
0.0374908447265625 -0.0203590393066406 0.0289115905761719 -0.0196170806884766
0.0360755920410156 -0.0193634033203125 0.0169610977172852 -0.0153026580810547
0.0402603149414063 -0.0215682983398438 0.0108261108398438 -0.00724506378173828
0.0462493896484375 -0.010528564453125 0.00801753997802735 -0.00343561172485352
0.0463676452636719 0.0149955749511719 -0.00302457809448242 -0.00360345840454101
0.0337448120117188 0.0381660461425781 -0.00185775756835937 -0.0100641250610352
-0.00841522216796875 0.0553512573242188 0.00644874572753906 -0.0196628570556641
-0.0415611267089844 0.055084228515625 0.0187091827392578 -0.00717353820800781
-0.062225341796875 0.0377616882324219 0.00732135772705078 0.0100536346435547
-0.0751190185546875 0.0154495239257813 0.00753784179687499 0.0367469787597656
-0.0574913024902344 0.0405426025390625 -0.0114250183105469 0.03765869140625
-0.0330009460449219 0.0549736022949219 -0.00341796875 0.0408668518066406
0.0101776123046875 0.0572166442871094 0.0202751159667969 0.0370750427246094
0.0375595092773437 0.0343093872070313 0.0266799926757813 0.0147972106933594
0.0502662658691406 0.00188446044921875 0.0235767364501953 -0.00433158874511719
0.0451812744140625 -0.020477294921875 0.0152807235717773 -0.00711631774902344
0.0421791076660156 -0.0200462341308594 0.00542020797729492 -0.0021657943725586
0.0467147827148438 -0.0223007202148438 -0.00141668319702148 0.0037534236907959
0.0517654418945313 -0.00966644287109375 -0.00474405288696289 0.00291824340820313
0.0490074157714844 0.0187454223632813 -0.0133228302001953 -0.00115299224853516
0.0332984924316406 0.0418128967285156 -0.00768566131591797 -0.00962734222412109
-0.0131950378417969 0.0553741455078125 0.00297641754150391 -0.0159196853637695
-0.0477561950683594 0.0505599975585938 0.0100479125976562 0.00509262084960938
-0.0665283203125 0.0291252136230469 -0.0137729644775391 0.0179500579833984
-0.0681419372558594 0.00117111206054689 -0.0182113647460938 0.0401649475097656
-0.0600929260253906 0.0266342163085938 -0.0292816162109375 0.0433807373046875
-0.0403823852539063 0.0473518371582031 -0.0114555358886719 0.0416679382324219
0.00223922729492187 0.0571479797363281 0.00803947448730469 0.0344696044921875
0.0328445434570313 0.0377960205078125 0.0112543106079102 0.0146560668945313
0.050140380859375 0.00616455078125 0.0070180892944336 0.00276327133178711
0.0453872680664062 -0.0168914794921875 0.000625610351562503 0.00494909286499023
0.041778564453125 -0.0169486999511719 -0.00661182403564453 0.010310173034668
0.046417236328125 -0.0193557739257813 -0.0140008926391602 0.0141563415527344
0.0501289367675781 -0.007354736328125 -0.0184459686279297 0.00845909118652344
0.0458717346191406 0.0197715759277344 -0.0234813690185547 0.000114440917968751
0.0289726257324219 0.0413284301757813 -0.0131282806396484 -0.0106067657470703
-0.0175437927246094 0.0506820678710938 0.000507354736328125 -0.0129413604736328
-0.0497016906738281 0.0400352478027344 0.00109767913818359 0.013580322265625
-0.0639457702636719 0.0166893005371094 -0.0336265563964844 0.02081298828125
-0.0483779907226563 -0.0134162902832031 -0.039398193359375 0.0382881164550781
-0.0487213134765625 0.00787734985351562 -0.0425453186035156 0.0435600280761719
-0.0378570556640625 0.0286636352539063 -0.0174064636230469 0.0386848449707031
-0.00660324096679688 0.0437278747558594 -0.0015106201171875 0.0278911590576172
0.0218620300292969 0.0324306488037109 -0.00212383270263672 0.0117149353027344
0.0396995544433594 0.00888824462890625 -0.00921440124511719 0.00741100311279297
0.0374603271484375 -0.0111312866210937 -0.0136318206787109 0.0156526565551758
0.0348625183105469 -0.0118923187255859 -0.0179157257080078 0.0214347839355469
0.0390663146972656 -0.0140762329101562 -0.0254707336425781 0.0235366821289062
0.042144775390625 -0.0047607421875 -0.0310878753662109 0.0136528015136719
0.0375518798828125 0.0180206298828125 -0.0331668853759766 0.00117111206054687
0.0225982666015625 0.0362968444824219 -0.0192966461181641 -0.0124416351318359
-0.0203323364257813 0.0409317016601562 -0.00276470184326172 -0.0123805999755859
-0.0472221374511719 0.0260353088378906 -0.00723648071289063 0.0184879302978516
-0.0544052124023438 0.00143432617187499 -0.0521621704101562 0.0200729370117188
-0.0210533142089844 -0.0260829925537109 -0.0494880676269531 0.0325546264648438
-0.0289554595947266 -0.0118598937988281 -0.0476608276367188 0.0390205383300781
-0.0280609130859375 0.00527572631835938 -0.0188312530517578 0.0338859558105469
-0.0128688812255859 0.0231781005859375 -0.00819206237792969 0.0210285186767578
0.00741958618164062 0.0216045379638672 -0.0110435485839844 0.00863456726074219
0.0233497619628906 0.009613037109375 -0.0199394226074219 0.01104736328125
0.0243244171142578 -0.00332450866699219 -0.0234851837158203 0.0229206085205078
0.0226631164550781 -0.00532722473144531 -0.0261974334716797 0.0290489196777344
0.0265216827392578 -0.00731086730957031 -0.0339565277099609 0.0294628143310547
0.0291652679443359 -0.00162506103515625 -0.0416984558105469 0.0164833068847656
0.0260868072509766 0.0144062042236328 -0.0407752990722656 0.00060272216796875
0.0142078399658203 0.0270633697509766 -0.0249290466308594 -0.0144691467285156
-0.0189037322998047 0.0276851654052734 -0.00685024261474609 -0.0130605697631836
-0.038360595703125 0.0099334716796875 -0.0170516967773438 0.0175104141235352
-0.0381851196289063 -0.013458251953125 -0.0663299560546875 0.0129318237304687
0.00620651245117188 0.0232696533203125 0.0675888061523438 -0.0131683349609375
0.0225048065185547 0.00274658203125 0.0228519439697266 -0.0113334655761719
0.00880527496337891 -0.0135831832885742 0.00796031951904297 0.0141420364379883
-0.00380134582519531 -0.0130805969238281 0.0322055816650391 0.0209255218505859
-0.0111541748046875 -0.00715351104736328 0.04864501953125 -0.000862121582031251
-0.0142955780029297 0.00160980224609375 0.0496139526367187 -0.0266838073730469
-0.00962734222412109 -0.000342369079589846 0.0382728576660156 -0.0400657653808594
-0.00786066055297851 -0.00316572189331055 0.0283889770507813 -0.0361671447753906
-0.0100002288818359 -0.00465679168701172 0.0262832641601563 -0.0276813507080078
-0.00332546234130859 -0.0113401412963867 0.0244197845458984 -0.0176143646240234
0.00833511352539063 -0.0129537582397461 0.0152463912963867 -0.0113143920898438
0.0170993804931641 -0.00251102447509766 0.0127553939819336 -0.0168113708496094
0.0172109603881836 0.0152482986450195 0.0239963531494141 -0.0309066772460938
0.00882339477539063 0.0295600891113281 0.0456695556640625 -0.03753662109375
-0.00537300109863282 0.0330924987792969 0.0516853332519531 -0.0250625610351562
-0.0208911895751953 0.0326023101806641 0.0665016174316406 -0.00122833251953125
0.00458145141601563 0.0223503112792969 0.0240459442138672 -0.00214576721191406
0.00354099273681641 0.00866222381591797 0.0102024078369141 0.0198993682861328
0.00528621673583984 0.00488185882568359 0.0362510681152344 0.0250701904296875
0.00570249557495117 0.00134181976318359 0.0511894226074219 0.00176239013671875
0.00494289398193359 -0.00238847732543945 0.0512313842773438 -0.0259170532226563
0.00705814361572266 -0.0102472305297852 0.0394134521484375 -0.0391769409179688
0.00871467590332031 -0.0116176605224609 0.0280895233154297 -0.0349845886230469
0.00928592681884766 -0.0134944915771484 0.0251312255859375 -0.0257987976074219
0.0175323486328125 -0.012028694152832 0.02423095703125 -0.0163021087646484
0.0257091522216797 -0.00166702270507812 0.0122814178466797 -0.00940227508544922
0.0249576568603516 0.0159130096435547 0.0096435546875 -0.0138950347900391
0.00633621215820312 0.0354347229003906 0.0176296234130859 -0.0280399322509766
-0.0131950378417969 0.0449066162109375 0.0376205444335937 -0.0309562683105469
-0.0306510925292969 0.0410652160644531 0.0430107116699219 -0.0145339965820313
-0.0475502014160156 0.0360946655273438 0.0557212829589844 0.0123100280761719
-0.0180435180664063 0.0389785766601563 0.0189170837402344 0.0110282897949219
-0.00544166564941406 0.0326976776123047 0.0101394653320312 0.0279998779296875
0.0139598846435547 0.0255336761474609 0.0367660522460938 0.0300369262695313
0.0226821899414062 0.0112247467041016 0.0494155883789063 0.00565338134765625
0.0250988006591797 -0.00461769104003906 0.0478744506835937 -0.0212364196777344
0.023651123046875 -0.0187530517578125 0.0359954833984375 -0.0333251953125
0.0238571166992188 -0.0189037322998047 0.0235309600830078 -0.0284652709960938
0.0265617370605469 -0.0211467742919922 0.0193824768066406 -0.0189342498779297
0.0353736877441406 -0.0135078430175781 0.0176219940185547 -0.0123748779296875
0.0397605895996094 0.00656509399414063 0.00580167770385743 -0.0074009895324707
0.0326976776123047 0.0291347503662109 0.00405120849609375 -0.0124988555908203
-0.00018310546875 0.0500106811523438 0.0109024047851563 -0.0250320434570312
-0.0287551879882813 0.0562286376953125 0.0278282165527344 -0.0210380554199219
-0.0497894287109375 0.0451202392578125 0.0282058715820312 -0.00309181213378906
-0.0676040649414063 0.032806396484375 0.0362472534179687 0.0263404846191406
-0.0399627685546875 0.0482521057128906 0.00688552856445313 0.0260543823242188
-0.017181396484375 0.0519294738769531 0.00609970092773438 0.0358695983886719
0.0183906555175781 0.0455551147460937 0.0318679809570313 0.0347557067871094
0.0358238220214844 0.0226097106933594 0.0411529541015625 0.0107994079589844
0.0421218872070313 -0.00474166870117188 0.0385780334472656 -0.0137290954589844
0.0367088317871094 -0.0241165161132813 0.0276737213134766 -0.0222511291503906
0.0356025695800781 -0.0233154296875 0.0154838562011719 -0.0175991058349609
0.0394210815429688 -0.0260581970214844 0.00989818572998047 -0.00852298736572266
0.0469894409179688 -0.0149803161621094 0.00752019882202149 -0.00557374954223633
0.0489845275878906 0.0116996765136719 -0.00364828109741211 -0.00465679168701172
0.0376052856445313 0.0366020202636719 -0.00177097320556641 -0.010737419128418
-0.00426483154296875 0.0582275390625 0.00565528869628907 -0.0207767486572266
-0.0384140014648438 0.0602951049804688 0.0186061859130859 -0.00912094116210937
-0.060638427734375 0.0434112548828125 0.00949764251708984 0.00760078430175781
-0.0760955810546875 0.0223236083984375 0.00957489013671875 0.0368843078613281
-0.0558204650878906 0.0461463928222656 -0.0101814270019531 0.0385093688964844
-0.0295333862304687 0.0600013732910156 -0.00189208984375 0.0416603088378906
0.0153694152832031 0.0587539672851562 0.0224990844726562 0.0369720458984375
0.0419235229492188 0.0317840576171875 0.0277786254882813 0.0140285491943359
0.0520858764648438 -0.00178909301757813 0.0237941741943359 -0.0050811767578125
0.0445709228515625 -0.0256118774414063 0.0149526596069336 -0.00868034362792969
0.0413169860839844 -0.0244674682617188 0.00532817840576172 -0.00333881378173828
0.0460281372070313 -0.0272903442382813 -0.00197362899780273 0.00354242324829101
0.0522994995117187 -0.0147209167480469 -0.00562000274658203 0.00244140625
0.0521736145019531 0.0145721435546875 -0.0143203735351562 -0.000926017761230466
0.0381011962890625 0.0402259826660156 -0.00857830047607422 -0.0105228424072266
-0.00876998901367188 0.0587005615234375 0.002349853515625 -0.0167646408081055
-0.045196533203125 0.056549072265625 0.011260986328125 0.00396442413330078
-0.0661125183105469 0.0352859497070313 -0.0116443634033203 0.0175762176513672
-0.0700111389160156 0.00689315795898438 -0.0164642333984375 0.0422706604003906
-0.0597152709960937 0.0323562622070313 -0.0280227661132813 0.0458564758300781
-0.0374488830566406 0.05279541015625 -0.01025390625 0.0428810119628906
0.0064697265625 0.0588569641113281 0.0100917816162109 0.0341434478759766
0.0372581481933594 0.0356216430664063 0.0121231079101563 0.0150642395019531
0.0518684387207031 0.00194549560546875 0.0072932243347168 0.00329208374023438
0.0450096130371094 -0.0214767456054688 0.000816822052001956 0.00534296035766601
0.0409965515136719 -0.0214729309082031 -0.0061044692993164 0.0107364654541016
0.0456466674804687 -0.0248069763183594 -0.0138139724731445 0.0152902603149414
0.0506782531738281 -0.0122261047363281 -0.0186977386474609 0.00956344604492188
0.04888916015625 0.0164909362792969 -0.0245265960693359 0.00109100341796875
0.0337753295898438 0.0397491455078125 -0.0145492553710937 -0.0104227066040039
-0.0139808654785156 0.0539360046386719 -0.000560760498046875 -0.0136041641235352
-0.0474891662597656 0.0461921691894531 0.00246524810791015 0.0132913589477539
-0.0641822814941406 0.0221290588378906 -0.0324459075927734 0.0226535797119141
-0.0506973266601563 -0.00962066650390625 -0.0382843017578125 0.0417976379394531
-0.0493850708007813 0.012451171875 -0.0411605834960938 0.0465965270996094
-0.03680419921875 0.0334510803222656 -0.0158233642578125 0.04010009765625
-0.00290298461914062 0.0458984375 -0.000858306884765623 0.0284748077392578
0.0250320434570313 0.0313529968261719 -0.00182723999023437 0.0129013061523438
0.0418663024902344 0.00542831420898438 -0.00840568542480468 0.00953292846679688
0.0373382568359375 -0.0148735046386719 -0.0126705169677734 0.0170793533325195
0.0343456268310547 -0.0155029296875 -0.0165042877197266 0.0228862762451172
0.0387001037597656 -0.0183372497558594 -0.0247421264648437 0.0260505676269531
0.042694091796875 -0.008880615234375 -0.0313014984130859 0.0161094665527344
0.0407791137695313 0.0153465270996094 -0.0342750549316406 0.00341606140136719
0.0261306762695313 0.0348606109619141 -0.0209102630615234 -0.0118694305419922
-0.01763916015625 0.0439414978027344 -0.00375843048095703 -0.0128040313720703
-0.0458488464355469 0.0308723449707031 -0.00619697570800781 0.0191326141357422
-0.0546836853027344 0.0060577392578125 -0.0520858764648437 0.0230674743652344
-0.0236625671386719 -0.0246028900146484 -0.0491256713867187 0.0370674133300781
-0.0308303833007812 -0.0092926025390625 -0.0463485717773438 0.0432319641113281
-0.0281810760498047 0.00847625732421875 -0.0175113677978516 0.0350551605224609
-0.0108737945556641 0.0247821807861328 -0.00795555114746094 0.0222396850585937
0.0101661682128906 0.0213775634765625 -0.0109748840332031 0.0108089447021484
0.0248184204101563 0.00769424438476563 -0.0195331573486328 0.0140762329101563
0.0239162445068359 -0.00586318969726563 -0.0216159820556641 0.0253925323486328
0.0224380493164063 -0.00762367248535156 -0.023681640625 0.0318660736083984
0.0264472961425781 -0.00991439819335938 -0.0328330993652344 0.0330696105957031
0.0293674468994141 -0.00476264953613281 -0.041351318359375 0.0200004577636719
0.0276870727539062 0.0121364593505859 -0.04217529296875 0.00341033935546876
0.0168380737304687 0.0267314910888672 -0.0265159606933594 -0.0132045745849609
-0.0170135498046875 0.0301284790039062 -0.00777912139892578 -0.0132980346679687
-0.0377731323242187 0.0135841369628906 -0.0151691436767578 0.0188179016113281
-0.0390396118164063 -0.0103683471679688 -0.0665779113769531 0.0174827575683594
0.00771713256835938 0.0228347778320313 0.0667877197265625 -0.0169906616210938
0.0219173431396484 0.00161170959472656 0.0219783782958984 -0.0121326446533203
0.00765609741210937 -0.0137300491333008 0.00856685638427735 0.014094352722168
-0.00479602813720703 -0.012507438659668 0.0335540771484375 0.01934814453125
-0.0115890502929688 -0.00563621520996094 0.0483016967773438 -0.003753662109375
-0.0133581161499023 0.00312900543212891 0.0472335815429688 -0.0296592712402344
-0.00916576385498047 0.000744819641113281 0.0350532531738281 -0.042388916015625
-0.00797033309936523 -0.00196599960327148 0.0255851745605469 -0.0378341674804688
-0.00948619842529297 -0.00358963012695313 0.0234584808349609 -0.0296573638916016
-0.00386142730712891 -0.0103559494018555 0.0225067138671875 -0.0204067230224609
0.00727367401123047 -0.0128307342529297 0.0147676467895508 -0.0130605697631836
0.016270637512207 -0.00388908386230469 0.0128688812255859 -0.0181217193603516
0.01800537109375 0.0140323638916016 0.022735595703125 -0.0317745208740234
0.0106277465820313 0.0283222198486328 0.0435676574707031 -0.0403709411621094
-0.00360107421875 0.0327472686767578 0.0504608154296875 -0.0294723510742188
-0.0193729400634766 0.0338459014892578 0.066802978515625 -0.00503921508789062
0.00550270080566406 0.0219898223876953 0.0230197906494141 -0.00326347351074219
0.00412464141845703 0.00884342193603516 0.0109806060791016 0.0195064544677734
0.00585699081420898 0.00486087799072266 0.0372543334960938 0.0233421325683594
0.00574398040771484 0.00117778778076172 0.050872802734375 -0.00138092041015625
0.00538206100463867 -0.0022435188293457 0.0490341186523438 -0.0290908813476563
0.00656890869140625 -0.0107212066650391 0.0359611511230469 -0.04156494140625
0.00762081146240234 -0.0122385025024414 0.0250015258789063 -0.0369987487792969
0.00839710235595703 -0.0140094757080078 0.0226516723632813 -0.027679443359375
0.0167179107666016 -0.0130224227905273 0.0223197937011719 -0.01873779296875
0.0248966217041016 -0.00283432006835938 0.0118350982666016 -0.0113620758056641
0.0255718231201172 0.0142459869384766 0.00967025756835938 -0.0154561996459961
0.00844764709472657 0.034942626953125 0.0162258148193359 -0.0286960601806641
-0.0102195739746094 0.0459327697753906 0.0355300903320313 -0.0333366394042969
-0.0283699035644531 0.0425224304199219 0.0432472229003906 -0.0191383361816406
-0.0455360412597656 0.0393753051757813 0.0564765930175781 0.00921249389648438
-0.015777587890625 0.0405845642089844 0.0188312530517578 0.00973892211914063
-0.00294685363769531 0.033599853515625 0.0109519958496094 0.0271644592285156
0.0157222747802734 0.0253467559814453 0.0379867553710938 0.028045654296875
0.0235881805419922 0.0100898742675781 0.0489654541015625 0.00269699096679688
0.0253734588623047 -0.0062713623046875 0.0456657409667969 -0.0239181518554688
0.0221424102783203 -0.0205669403076172 0.0329666137695313 -0.0355110168457031
0.0222225189208984 -0.0210323333740234 0.0208187103271484 -0.030059814453125
0.0252285003662109 -0.0231838226318359 0.0172672271728516 -0.0205268859863281
0.0343818664550781 -0.0160923004150391 0.0160722732543945 -0.0145797729492188
0.0401611328125 0.00393295288085938 0.00499916076660156 -0.00904560089111328
0.0351390838623047 0.0265884399414063 0.00416660308837891 -0.0134820938110352
0.00330734252929687 0.0506019592285156 0.0098876953125 -0.0252227783203125
-0.02484130859375 0.0584373474121094 0.0267734527587891 -0.0231266021728516
-0.0466499328613281 0.0479583740234375 0.0288467407226562 -0.00645828247070312
-0.0652694702148438 0.0372161865234375 0.0376052856445312 0.0242347717285156
-0.03704833984375 0.0511360168457031 0.00753593444824218 0.0248184204101563
-0.0136337280273438 0.0540275573730469 0.00721168518066406 0.0350265502929688
0.0210494995117187 0.0448188781738281 0.0331172943115234 0.0326652526855469
0.0378341674804688 0.0201301574707031 0.0410690307617188 0.008392333984375
0.0415077209472656 -0.00746536254882812 0.0373420715332031 -0.0158271789550781
0.0346775054931641 -0.0265731811523438 0.0258464813232422 -0.0241527557373047
0.0333213806152344 -0.0263557434082031 0.0134563446044922 -0.0184898376464844
0.0373344421386719 -0.02935791015625 0.00811767578125 -0.00955772399902344
0.0457763671875 -0.0182914733886719 0.00613021850585938 -0.00720643997192383
0.0501136779785156 0.00807952880859375 -0.00407552719116211 -0.00557422637939453
0.04058837890625 0.0334815979003906 -0.0023813247680664 -0.0117044448852539
-6.10351562499978E-05 0.0586509704589844 0.00458717346191406 -0.0211181640625
-0.034423828125 0.0633964538574219 0.0178623199462891 -0.0107402801513672
-0.0581207275390625 0.0474586486816406 0.0107536315917969 0.00588703155517578
-0.0749282836914063 0.02801513671875 0.0120506286621094 0.0363273620605469
-0.052642822265625 0.0500030517578125 -0.00854873657226563 0.038299560546875
-0.025604248046875 0.0628013610839844 -8.77380371093746E-05 0.0412178039550781
0.0194091796875 0.0578231811523438 0.0234336853027344 0.0352706909179688
0.0438499450683594 0.0290679931640625 0.0281562805175781 0.0130729675292969
0.0517044067382812 -0.00579071044921875 0.0235118865966797 -0.00549507141113281
0.0424118041992187 -0.028839111328125 0.0137948989868164 -0.00962638854980469
0.0393295288085938 -0.0275230407714844 0.00409817695617676 -0.00357103347778321
0.0443649291992188 -0.0313034057617188 -0.00263047218322754 0.00382423400878906
0.0511398315429688 -0.0190277099609375 -0.00604724884033203 0.00148344039916992
0.0536422729492187 0.0105552673339844 -0.0144929885864258 -0.000920295715332031
0.0408363342285156 0.0372695922851563 -0.00922393798828125 -0.0100135803222656
-0.00489425659179687 0.0604705810546875 0.00127887725830078 -0.0169801712036133
-0.0408058166503906 0.0603523254394531 0.0113649368286133 0.00261783599853516
-0.0635643005371094 0.0397491455078125 -0.0101737976074219 0.0166072845458984
-0.0696983337402344 0.0123329162597656 -0.014556884765625 0.0435028076171875
-0.0575752258300781 0.0368080139160156 -0.0255165100097656 0.0466270446777344
-0.0339431762695312 0.0562744140625 -0.00889205932617187 0.0427017211914063
0.0108146667480469 0.0585060119628906 0.0107688903808594 0.0340824127197266
0.0400772094726563 0.0328826904296875 0.0125741958618164 0.0152301788330078
0.0520858764648438 -0.00212478637695313 0.00743627548217774 0.00414657592773438
0.0428428649902344 -0.0250091552734375 0.00145912170410156 0.00529336929321289
0.0392341613769531 -0.0250129699707031 -0.00591850280761719 0.0104970932006836
0.0437736511230469 -0.0286788940429688 -0.0132741928100586 0.016697883605957
0.0495452880859375 -0.0165023803710938 -0.0185737609863281 0.0105609893798828
0.0502471923828125 0.0122604370117188 -0.0247001647949219 0.00262260437011718
0.0364952087402344 0.0370101928710938 -0.0156478881835937 -0.00990772247314453
-0.00982666015625001 0.0555229187011719 -0.00134849548339844 -0.0134687423706055
-0.0444183349609375 0.0498924255371094 0.00333976745605468 0.0122013092041016
-0.0621223449707031 0.0266990661621094 -0.0302486419677734 0.0235118865966797
-0.0515251159667969 -0.00524520874023437 -0.0362892150878906 0.0441055297851563
-0.0485610961914063 0.0164260864257812 -0.0389671325683594 0.0486793518066406
-0.0342178344726563 0.0367584228515625 -0.0146408081054688 0.0402946472167969
0.000732421875000005 0.0465049743652344 -0.000539779663085937 0.0286808013916016
0.0280704498291016 0.0291900634765625 -0.00164794921875 0.0138521194458008
0.0421295166015625 0.00185394287109375 -0.00745201110839843 0.0111379623413086
0.0358047485351563 -0.0174217224121094 -0.0112934112548828 0.0181655883789063
0.0323867797851563 -0.0182571411132813 -0.014892578125 0.0242366790771484
0.0370597839355469 -0.0216865539550781 -0.0228080749511719 0.0278987884521484
0.0416259765625 -0.0120582580566406 -0.0303192138671875 0.0182704925537109
0.0415115356445313 0.0124320983886719 -0.0344371795654297 0.00545692443847657
0.0284881591796875 0.0330734252929688 -0.0218620300292969 -0.0104427337646484
-0.0139389038085938 0.0452384948730469 -0.00444793701171875 -0.0125751495361328
-0.043243408203125 0.0347862243652344 -0.00464248657226563 0.0188484191894531
-0.0538711547851563 0.0100288391113281 -0.0496597290039063 0.0253524780273437
-0.0252952575683594 -0.0221805572509766 -0.047637939453125 0.0404472351074219
-0.0311946868896484 -0.00668334960937501 -0.0443229675292969 0.0453262329101562
-0.0275974273681641 0.0110130310058594 -0.0164718627929687 0.0350933074951172
-0.00824928283691407 0.0259742736816406 -0.00769805908203125 0.0229377746582031
0.0114383697509766 0.0200176239013672 -0.010890007019043 0.0124549865722656
0.02508544921875 0.00506782531738281 -0.0177268981933594 0.0164546966552734
0.0234851837158203 -0.00774765014648437 -0.0198268890380859 0.0267181396484375
0.0219097137451172 -0.00930595397949219 -0.0215854644775391 0.0331439971923828
0.0252017974853516 -0.0125274658203125 -0.0302505493164063 0.0358772277832031
0.028778076171875 -0.00700950622558594 -0.0400314331054688 0.0225296020507813
0.0288124084472656 0.0101776123046875 -0.0421371459960938 0.00642776489257812
0.01885986328125 0.0247135162353516 -0.0276679992675781 -0.0116806030273438
-0.0152912139892578 0.0313434600830078 -0.00843048095703125 -0.0129308700561523
-0.0364913940429688 0.0164947509765625 -0.0136909484863281 0.0192279815673828
-0.0388069152832031 -0.00746536254882812 -0.065155029296875 0.0211639404296875
0.00776290893554688 0.0222339630126953 0.0660591125488281 -0.0185813903808594
0.0215873718261719 0.0012054443359375 0.0211277008056641 -0.0125923156738281
0.00770950317382812 -0.0137224197387695 0.00862312316894531 0.014012336730957
-0.00496006011962891 -0.0120229721069336 0.0336704254150391 0.0186176300048828
-0.0114145278930664 -0.00468730926513672 0.04730224609375 -0.0052032470703125
-0.0126676559448242 0.00372028350830078 0.0453529357910156 -0.0314712524414063
-0.00883674621582031 0.00117588043212891 0.0323295593261719 -0.0434112548828125
-0.00769805908203125 -0.00189065933227539 0.0229682922363281 -0.0385589599609375
-0.00943374633789063 -0.00288105010986328 0.0215282440185547 -0.0305309295654297
-0.00416755676269531 -0.0101785659790039 0.0210971832275391 -0.0216579437255859
0.00582695007324219 -0.0122833251953125 0.0143833160400391 -0.0145072937011719
0.015777587890625 -0.00409698486328125 0.0125846862792969 -0.0184078216552734
0.0181961059570313 0.0130672454833984 0.0219898223876953 -0.0317935943603516
0.0110244750976563 0.0276031494140625 0.0416908264160156 -0.0413398742675781
-0.00234413146972656 0.0318279266357422 0.0500411987304688 -0.0313339233398438
-0.0181617736816406 0.0346755981445313 0.0656776428222656 -0.00678634643554687
0.00591659545898438 0.0224514007568359 0.0226364135742188 -0.00389480590820312
0.00422286987304687 0.00950145721435547 0.0108203887939453 0.0190830230712891
0.00635957717895508 0.00474643707275391 0.0369987487792969 0.0222549438476562
0.00608396530151367 0.00104856491088867 0.0497512817382813 -0.00267791748046875
0.00568485260009766 -0.00220823287963867 0.0471954345703125 -0.0304183959960938
0.00627994537353516 -0.0107135772705078 0.0334320068359375 -0.0428695678710938
0.00683116912841797 -0.0125503540039062 0.0225639343261719 -0.0373382568359375
0.00830745697021485 -0.0142660140991211 0.020477294921875 -0.0286712646484375
0.0162410736083984 -0.0134477615356445 0.0205173492431641 -0.0206470489501953
0.0242824554443359 -0.00356864929199219 0.0115642547607422 -0.0128879547119141
0.0256195068359375 0.0134124755859375 0.00997638702392578 -0.0158586502075195
0.00936508178710938 0.0344371795654297 0.0160236358642578 -0.0284805297851562
-0.0083160400390625 0.0453872680664063 0.0341339111328125 -0.0340156555175781
-0.0268898010253906 0.0426139831542969 0.0426368713378906 -0.0212516784667969
-0.0439338684082031 0.0404739379882812 0.055694580078125 0.00748825073242188
-0.01422119140625 0.0412025451660156 0.0178661346435547 0.00928306579589844
-0.00197029113769531 0.0339279174804688 0.0107784271240234 0.0265159606933594
0.0169906616210937 0.0246429443359375 0.0375328063964844 0.0271339416503906
0.0241050720214844 0.00900840759277344 0.0477638244628906 0.00172805786132813
0.0252189636230469 -0.00698661804199219 0.0440521240234375 -0.0253677368164063
0.0210151672363281 -0.0216217041015625 0.0307540893554687 -0.0363388061523437
0.0208797454833984 -0.0210647583007813 0.0184135437011719 -0.0303993225097656
0.0237712860107422 -0.0241527557373047 0.0152091979980469 -0.0217075347900391
0.0330352783203125 -0.01751708984375 0.0142230987548828 -0.0163097381591797
0.0399322509765625 0.0023040771484375 0.00460147857666016 -0.0102653503417969
0.035308837890625 0.0255088806152344 0.00390338897705078 -0.0140218734741211
0.00524139404296876 0.0502967834472656 0.009368896484375 -0.0254840850830078
-0.0229301452636719 0.0591888427734375 0.0259380340576172 -0.0241413116455078
-0.0450668334960938 0.0488739013671875 0.0290203094482422 -0.00891876220703125
-0.0638961791992188 0.0399856567382812 0.0375213623046875 0.0228157043457031
-0.03466796875 0.0525741577148437 0.00778770446777343 0.024200439453125
-0.0108985900878906 0.0545158386230469 0.00719642639160156 0.0343132019042969
0.0233802795410156 0.0436553955078125 0.0328731536865234 0.0320606231689453
0.0381240844726563 0.0183334350585938 0.0402717590332031 0.00796890258789063
0.0414695739746094 -0.00899887084960938 0.0362586975097656 -0.0161247253417969
0.0333023071289063 -0.0286598205566406 0.0238265991210938 -0.0249576568603516
0.0317611694335938 -0.0272598266601563 0.0121898651123047 -0.0189361572265625
0.0355453491210938 -0.0309982299804688 0.00739288330078125 -0.0101184844970703
0.0446548461914062 -0.0202865600585938 0.00489950180053711 -0.00854587554931641
0.0503120422363281 0.00568771362304688 -0.00452136993408203 -0.00630283355712891
0.0417251586914063 0.0318641662597656 -0.0023355484008789 -0.0122613906860352
0.00205612182617187 0.0588798522949219 0.00420379638671875 -0.0208492279052734
-0.0313034057617188 0.0647506713867188 0.0177364349365234 -0.0118446350097656
-0.0562896728515625 0.0487022399902344 0.0113058090209961 0.00371837615966797
-0.0734634399414062 0.0308380126953125 0.0123481750488281 0.03546142578125
-0.0503501892089844 0.0519828796386719 -0.00799179077148438 0.0378990173339844
-0.0223121643066406 0.0642547607421875 -0.000152587890625005 0.0405540466308594
0.02203369140625 0.0566825866699219 0.0232524871826172 0.0346946716308594
0.0443801879882813 0.0267333984375 0.0277290344238281 0.0124092102050781
0.0512542724609375 -0.007904052734375 0.0230388641357422 -0.0057373046875
0.0403518676757813 -0.0301628112792969 0.0133066177368164 -0.0099029541015625
0.0371780395507813 -0.0292243957519531 0.00321626663208008 -0.00397610664367676
0.041900634765625 -0.0335426330566406 -0.00231432914733886 0.00324702262878418
0.0496559143066406 -0.0212554931640625 -0.00645971298217773 0.000971794128417967
0.05389404296875 0.00769805908203125 -0.0146760940551758 -0.000898361206054689
0.0423622131347656 0.0352706909179688 -0.00917816162109375 -0.0103492736816406
-0.00179672241210938 0.0605926513671875 0.000926971435546874 -0.0170450210571289
-0.0376663208007812 0.0620269775390625 0.0113792419433594 0.00145912170410157
-0.061248779296875 0.0419349670410156 -0.00873947143554688 0.0155820846557617
-0.0686531066894531 0.0156021118164062 -0.0134735107421875 0.04376220703125
-0.0558013916015625 0.0385360717773438 -0.0243110656738281 0.0463333129882813
-0.03094482421875 0.0578269958496094 -0.0084381103515625 0.0422515869140625
0.0136528015136719 0.0580368041992188 0.0103607177734375 0.0334930419921875
0.0406074523925781 0.0304031372070312 0.0124292373657227 0.0153779983520508
0.051483154296875 -0.00402450561523438 0.00774621963500977 0.00427103042602539
0.040802001953125 -0.0268402099609375 0.00131702423095703 0.00505685806274414
0.0371856689453125 -0.0264472961425781 -0.00553989410400391 0.0106267929077148
0.0416908264160156 -0.0304832458496094 -0.012639045715332 0.0167961120605469
0.0483016967773437 -0.0186996459960938 -0.0185012817382812 0.0103950500488281
0.0505790710449219 0.0098419189453125 -0.0249538421630859 0.00293540954589843
0.0379905700683594 0.035064697265625 -0.015751838684082 -0.00954532623291015
-0.0073089599609375 0.0558586120605469 -0.00175094604492187 -0.0137710571289062
-0.0416946411132813 0.0520133972167969 0.00376510620117187 0.0112113952636719
-0.0600128173828125 0.02911376953125 -0.0289516448974609 0.022918701171875
-0.0508003234863281 -0.00248718261718749 -0.0352058410644531 0.0455207824707031
-0.0474052429199219 0.0182380676269531 -0.0375709533691406 0.0486259460449219
-0.0319976806640625 0.0385932922363281 -0.0140266418457031 0.0394248962402344
0.0032958984375 0.0464935302734375 -0.000600814819335938 0.0283050537109375
0.0289325714111328 0.0276088714599609 -0.00121593475341797 0.0147380828857422
0.0416717529296875 -0.00046539306640625 -0.00701522827148438 0.0122051239013672
0.0341415405273438 -0.0191841125488281 -0.0102291107177734 0.0184803009033203
0.0310459136962891 -0.0198307037353516 -0.0134716033935547 0.0239715576171875
0.0353736877441406 -0.0236091613769531 -0.0211372375488281 0.0285205841064453
0.0401763916015625 -0.0142898559570312 -0.0300960540771484 0.0185966491699219
0.0416030883789063 0.00995635986328125 -0.0340900421142578 0.00622749328613282
0.0298557281494141 0.0310401916503906 -0.0220985412597656 -0.0100650787353516
-0.0119171142578125 0.0458755493164062 -0.00482177734375 -0.0124311447143555
-0.0411453247070313 0.0367965698242187 -0.00382614135742188 0.0185413360595703
-0.0525360107421875 0.0121612548828125 -0.0482711791992188 0.0262641906738281
-0.0259208679199219 -0.0202999114990234 -0.0470390319824219 0.0423545837402344
-0.0309696197509766 -0.00446510314941407 -0.042388916015625 0.0460739135742188
-0.0262317657470703 0.0127639770507812 -0.0154609680175781 0.0348453521728516
-0.00677871704101563 0.0263576507568359 -0.00783920288085938 0.0230865478515625
0.0122604370117188 0.0194320678710938 -0.0104427337646484 0.0136356353759766
0.0250778198242187 0.00359153747558594 -0.0165634155273437 0.0177116394042969
0.0221138000488281 -0.00891304016113281 -0.0180797576904297 0.0275554656982422
0.0206146240234375 -0.0103206634521484 -0.0194435119628906 0.0337257385253906
0.0242633819580078 -0.0137786865234375 -0.0283775329589844 0.0368232727050781
0.0277976989746094 -0.0086669921875 -0.0391197204589844 0.0241508483886719
0.0288658142089844 0.00860023498535156 -0.0414237976074219 0.00792312622070312
0.0196056365966797 0.02337646484375 -0.0280227661132813 -0.0107688903808594
-0.0137100219726562 0.0315322875976563 -0.00847911834716797 -0.0127201080322266
-0.03485107421875 0.0181007385253906 -0.0126609802246094 0.0192375183105469
-0.0379219055175781 -0.00585174560546874 -0.0636329650878906 0.0224456787109375
0.00769996643066406 0.0219898223876953 0.0663948059082031 -0.0192642211914062
0.0213088989257813 0.000848770141601563 0.0207920074462891 -0.0125465393066406
0.00645828247070313 -0.0136117935180664 0.00828075408935547 0.0144662857055664
-0.00615406036376953 -0.0117568969726563 0.0335788726806641 0.0184173583984375
-0.0114936828613281 -0.00442886352539063 0.0471267700195313 -0.00590896606445313
-0.0118093490600586 0.00405693054199219 0.0441627502441406 -0.0324134826660156
-0.00861644744873047 0.00175809860229492 0.031585693359375 -0.0443305969238281
-0.0080718994140625 -0.00118780136108398 0.0221786499023437 -0.039031982421875
-0.00907611846923828 -0.0030221939086914 0.0203475952148438 -0.0313148498535156
-0.00449085235595703 -0.00937461853027344 0.0202789306640625 -0.0228614807128906
0.00558185577392578 -0.0121660232543945 0.0147562026977539 -0.0155172348022461
0.015355110168457 -0.00428962707519531 0.0136280059814453 -0.0190696716308594
0.0182361602783203 0.0123996734619141 0.0227451324462891 -0.0313930511474609
0.0114002227783203 0.0270423889160156 0.0418052673339844 -0.041900634765625
-0.00240898132324219 0.0317668914794922 0.0507621765136719 -0.0333518981933594
-0.0178775787353516 0.0341606140136719 0.0664825439453125 -0.0074920654296875
0.00594329833984375 0.0226345062255859 0.0222969055175781 -0.00370025634765625
0.00455760955810547 0.009796142578125 0.010406494140625 0.0193634033203125
0.00649499893188477 0.00494623184204102 0.0373306274414063 0.0222740173339844
0.00601673126220703 0.00124073028564453 0.0495719909667969 -0.00280380249023438
0.00630569458007813 -0.00238752365112305 0.04620361328125 -0.0308876037597656
0.00614643096923828 -0.0109395980834961 0.0323410034179688 -0.0434799194335937
0.00675487518310547 -0.0126552581787109 0.0211982727050781 -0.0378913879394531
0.00811767578125 -0.0146045684814453 0.0191555023193359 -0.0294418334960938
0.0156822204589844 -0.0139980316162109 0.0194969177246094 -0.0222663879394531
0.0240440368652344 -0.00352859497070312 0.0115604400634766 -0.0140514373779297
0.0259323120117188 0.0134372711181641 0.0104446411132813 -0.0165481567382813
0.0100574493408203 0.0342159271240234 0.0162773132324219 -0.0286178588867187
-0.00804519653320312 0.0457496643066406 0.0342445373535156 -0.0350456237792969
-0.0265960693359375 0.0427398681640625 0.0435905456542969 -0.0231742858886719
-0.0439682006835938 0.041778564453125 0.0562400817871094 0.00728225708007813
-0.0140457153320313 0.0419998168945313 0.017578125 0.00897216796875
-0.000785827636718751 0.0351905822753906 0.0102062225341797 0.0269794464111328
0.0178794860839844 0.0245952606201172 0.0374832153320313 0.02703857421875
0.0241069793701172 0.00876617431640625 0.047515869140625 0.00164794921875
0.0254783630371094 -0.00790596008300781 0.043487548828125 -0.0254745483398437
0.0207710266113281 -0.022125244140625 0.0296554565429688 -0.0369720458984375
0.0205097198486328 -0.0223426818847656 0.0175399780273438 -0.0306682586669922
0.0234107971191406 -0.02557373046875 0.0141162872314453 -0.0219917297363281
0.0330677032470703 -0.0183353424072266 0.0133199691772461 -0.0173940658569336
0.0401649475097656 0.00151443481445313 0.00429439544677735 -0.0113735198974609
0.0359115600585938 0.0251655578613281 0.0044088363647461 -0.014897346496582
0.00596237182617188 0.0512199401855469 0.00929832458496094 -0.0252666473388672
-0.02197265625 0.0600051879882813 0.025543212890625 -0.0250473022460937
-0.0448951721191406 0.0497589111328125 0.0299739837646484 -0.0108184814453125
-0.0634727478027344 0.0413970947265625 0.0379829406738281 0.0226173400878906
-0.03411865234375 0.053466796875 0.00708580017089843 0.02398681640625
-0.00966262817382812 0.0560989379882812 0.00626182556152344 0.0344619750976562
0.0241775512695313 0.04351806640625 0.032470703125 0.0322074890136719
0.0389213562011719 0.0179061889648437 0.0401420593261719 0.00794219970703125
0.0414505004882812 -0.0102958679199219 0.0359077453613281 -0.0162849426269531
0.0320224761962891 -0.0291862487792969 0.0233306884765625 -0.0253505706787109
0.0306568145751953 -0.0284576416015625 0.0111103057861328 -0.0190639495849609
0.0350303649902344 -0.0322360992431641 0.00642204284667969 -0.0104818344116211
0.0443954467773437 -0.0221405029296875 0.00387763977050782 -0.00968837738037109
0.0507278442382813 0.00453567504882813 -0.00483989715576171 -0.00693178176879883
0.0423812866210938 0.0313644409179688 -0.00269699096679687 -0.0127487182617187
0.00345993041992187 0.05987548828125 0.0045928955078125 -0.0209445953369141
-0.0303535461425781 0.0663185119628906 0.0180206298828125 -0.0124950408935547
-0.0561485290527344 0.0500221252441406 0.0118980407714844 0.00183486938476563
-0.0731124877929688 0.0327301025390625 0.0124168395996094 0.0363578796386719
-0.0496253967285156 0.0532112121582031 -0.00813674926757813 0.0373573303222656
-0.0210227966308594 0.0655479431152344 -0.000946044921874997 0.0405387878417969
0.0232772827148438 0.0566329956054688 0.0226955413818359 0.0349903106689453
0.0454063415527344 0.0258407592773438 0.0277309417724609 0.0127105712890625
0.051544189453125 -0.00957870483398437 0.0232868194580078 -0.00576210021972656
0.0395889282226563 -0.0317840576171875 0.013035774230957 -0.00987911224365235
0.0362205505371094 -0.0307273864746094 0.00322103500366211 -0.00383901596069336
0.0410232543945312 -0.0351066589355469 -0.00241947174072265 0.0037081241607666
0.0493316650390625 -0.0230560302734375 -0.00733518600463867 0.000476837158203123
0.0542984008789062 0.00623703002929687 -0.0152912139892578 -0.00133323669433594
0.0437545776367188 0.034393310546875 -0.00952053070068359 -0.0108213424682617
-0.000709533691406249 0.0616378784179688 0.00062084197998047 -0.0169849395751953
-0.0367584228515625 0.0641059875488281 0.0114536285400391 0.000454902648925785
-0.0608673095703125 0.0431709289550781 -0.00825023651123047 0.0140676498413086
-0.0685958862304688 0.0172538757324219 -0.0134010314941406 0.0445098876953125
-0.0552711486816406 0.0402488708496094 -0.0248870849609375 0.0464019775390625
-0.0297622680664063 0.0596466064453125 -0.00921630859375 0.0415382385253906
0.0149993896484375 0.0581779479980469 0.00948333740234375 0.0335769653320313
0.0416603088378906 0.0300559997558594 0.0120267868041992 0.015965461730957
0.0515556335449219 -0.00592803955078125 0.00815677642822266 0.00498056411743164
0.0399322509765625 -0.0283546447753906 0.00149250030517578 0.00551366806030273
0.036163330078125 -0.0275802612304688 -0.00574779510498047 0.0107593536376953
0.0409469604492188 -0.0323066711425781 -0.0122957229614258 0.0169792175292969
0.047882080078125 -0.0203628540039063 -0.0188980102539062 0.0101242065429687
0.0509986877441406 0.00837326049804688 -0.0249767303466797 0.00284957885742187
0.0389900207519531 0.03424072265625 -0.0159969329833984 -0.00970458984374999
-0.00580596923828125 0.056854248046875 -0.00189113616943359 -0.0138187408447266
-0.0401535034179687 0.0537681579589844 0.00444602966308594 0.0109224319458008
-0.0596427917480469 0.0301322937011719 -0.0285682678222656 0.0221996307373047
-0.0513267517089844 -0.000877380371093748 -0.0351715087890625 0.0462226867675781
-0.0473556518554688 0.0193328857421875 -0.0381126403808594 0.0486831665039063
-0.0316123962402344 0.0396804809570313 -0.0143966674804688 0.0388374328613281
0.00442886352539062 0.0465087890625 -0.0013275146484375 0.0289421081542969
0.0298061370849609 0.0269985198974609 -0.00157356262207031 0.0156030654907227
0.042205810546875 -0.00159072875976562 -0.00632286071777343 0.0131940841674805
0.0334434509277344 -0.0204677581787109 -0.00972938537597656 0.0185317993164063
0.0306053161621094 -0.0206813812255859 -0.0133647918701172 0.0239944458007813
0.0345306396484375 -0.0250244140625 -0.0206241607666016 0.0289688110351563
0.0400772094726563 -0.0156173706054688 -0.02984619140625 0.0188751220703125
0.0424232482910156 0.00872039794921875 -0.0344467163085938 0.00684738159179687
0.0306930541992188 0.0302829742431641 -0.0229148864746094 -0.0101585388183594
-0.010650634765625 0.047027587890625 -0.00495529174804688 -0.012629508972168
-0.0400390625 0.0382347106933594 -0.00354766845703125 0.0178585052490234
-0.0522270202636719 0.0127944946289062 -0.0482711791992188 0.0258941650390625
-0.0263843536376953 -0.0193901062011719 -0.0470809936523437 0.0435066223144531
-0.0311546325683594 -0.00373077392578126 -0.0426712036132812 0.0461502075195313
-0.0258884429931641 0.0137996673583984 -0.0162849426269531 0.0343341827392578
-0.00607490539550781 0.0266895294189453 -0.00877952575683594 0.0237770080566406
0.0130767822265625 0.0185337066650391 -0.0106029510498047 0.014460563659668
0.0252590179443359 0.0026397705078125 -0.0159912109375 0.0188140869140625
0.0220108032226563 -0.00977897644042969 -0.0171127319335938 0.0281143188476563
0.0198974609375 -0.0111579895019531 -0.0186729431152344 0.0336875915527344
0.0237903594970703 -0.0144977569580078 -0.02764892578125 0.0370635986328125
0.0274467468261719 -0.00953865051269531 -0.038909912109375 0.0246238708496094
0.0293827056884766 0.00773429870605469 -0.0417442321777344 0.0087127685546875
0.0199451446533203 0.0230388641357422 -0.0282440185546875 -0.0107231140136719
-0.0130634307861328 0.0321674346923828 -0.00861263275146484 -0.0131454467773438
-0.0344028472900391 0.0190677642822266 -0.0121250152587891 0.0191020965576172
-0.0376548767089844 -0.00585937499999999 -0.0635223388671875 0.0229110717773437
0.00827407836914062 0.0222301483154297 0.0684356689453125 -0.0203857421875
0.0218868255615234 0.00123977661132813 0.0213623046875 -0.0128002166748047
0.00667762756347656 -0.0141773223876953 0.00847244262695312 0.0156583786010742
-0.00648212432861328 -0.012364387512207 0.034759521484375 0.0194950103759766
-0.0116863250732422 -0.00433063507080078 0.0481529235839844 -0.0059661865234375
-0.0119380950927734 0.00453948974609375 0.0447502136230469 -0.0339393615722656
-0.00855875015258789 0.002044677734375 0.0317726135253906 -0.0459098815917969
-0.00855255126953125 -0.0015711784362793 0.0215835571289063 -0.0404853820800781
-0.00962448120117188 -0.00287723541259766 0.0199241638183594 -0.0328083038330078
-0.00470924377441406 -0.00935840606689453 0.0195884704589844 -0.0243988037109375
0.00511455535888672 -0.0123233795166016 0.0148181915283203 -0.0172443389892578
0.015355110168457 -0.00465297698974609 0.0142574310302734 -0.0205936431884766
0.0188503265380859 0.0122547149658203 0.0235424041748047 -0.0322360992431641
0.0120391845703125 0.0283470153808594 0.0428657531738281 -0.0434761047363281
-0.00237464904785157 0.0325469970703125 0.0523605346679688 -0.0356521606445313
-0.0184593200683594 0.035888671875 0.0684242248535156 -0.00780105590820312
0.00637054443359375 0.0233917236328125 0.02313232421875 -0.00362014770507812
0.00499343872070313 0.0105381011962891 0.0105342864990234 0.0203704833984375
0.00688743591308594 0.00540924072265625 0.0381355285644531 0.0228614807128906
0.00639200210571289 0.00126457214355469 0.0510520935058594 -0.00324630737304688
0.00679874420166016 -0.00276327133178711 0.0472183227539062 -0.0324516296386719
0.00645160675048828 -0.0113000869750977 0.0323410034179688 -0.0452423095703125
0.00651645660400391 -0.0126609802246094 0.0203514099121094 -0.0393905639648438
0.00818920135498047 -0.015568733215332 0.0186691284179687 -0.0305843353271484
0.0163049697875977 -0.0143451690673828 0.0186882019042969 -0.0237998962402344
0.0248222351074219 -0.00383949279785156 0.0114841461181641 -0.0158567428588867
0.0268478393554688 0.0133914947509766 0.0110702514648438 -0.0176277160644531
0.0108451843261719 0.0355224609375 0.0170516967773438 -0.0289688110351562
-0.00789642333984375 0.047576904296875 0.0351982116699219 -0.0363388061523438
-0.0274238586425781 0.0443611145019531 0.0454635620117187 -0.0254440307617187
-0.0449295043945313 0.0435028076171875 0.0583267211914062 0.00664901733398438
-0.0139579772949219 0.0438232421875 0.0178241729736328 0.0090179443359375
-0.000396728515625002 0.0367240905761719 0.0100517272949219 0.0278835296630859
0.0188121795654297 0.0254421234130859 0.0385360717773437 0.02789306640625
0.0252971649169922 0.00886726379394531 0.04876708984375 0.001861572265625
0.0265064239501953 -0.00798225402832031 0.0448112487792969 -0.0263252258300781
0.0210247039794922 -0.0233402252197266 0.0297966003417969 -0.038604736328125
0.0205059051513672 -0.0234737396240234 0.0166549682617188 -0.0319290161132813
0.0237636566162109 -0.0265960693359375 0.0133533477783203 -0.0232429504394531
0.0335445404052734 -0.0195674896240234 0.0123844146728516 -0.0188999176025391
0.0419044494628906 0.0007476806640625 0.00410556793212891 -0.0131320953369141
0.0373039245605469 0.0251312255859375 0.00506210327148438 -0.0157546997070312
0.0068817138671875 0.0525283813476563 0.0103416442871094 -0.0260753631591797
-0.0214195251464844 0.0626144409179688 0.0261974334716797 -0.0257167816162109
-0.0463142395019531 0.0515556335449219 0.0314235687255859 -0.0130672454833984
-0.0647659301757813 0.0440673828125 0.039520263671875 0.0232467651367188
-0.0343017578125 0.05584716796875 0.00672721862792968 0.0243606567382813
-0.008514404296875 0.0585174560546875 0.00597763061523437 0.0352134704589844
0.0258636474609375 0.0452194213867187 0.0330543518066406 0.033111572265625
0.0401992797851563 0.0179939270019531 0.0408973693847656 0.0082855224609375
0.0429878234863281 -0.0115585327148438 0.0369529724121094 -0.0170822143554688
0.0327377319335938 -0.0310554504394531 0.0231685638427734 -0.0260982513427734
0.0310096740722656 -0.0301570892333984 0.0107517242431641 -0.0197868347167969
0.0350971221923828 -0.0347175598144531 0.00611686706542969 -0.0108633041381836
0.0447540283203125 -0.0239334106445313 0.00274181365966797 -0.0107097625732422
0.0523223876953125 0.00349807739257813 -0.00593423843383789 -0.00828933715820313
0.0445327758789063 0.0315666198730469 -0.00268363952636718 -0.0137910842895508
0.0050201416015625 0.0621147155761719 0.00458908081054688 -0.0218944549560547
-0.0298614501953125 0.0695610046386719 0.0185451507568359 -0.0135402679443359
-0.0573844909667969 0.0522384643554688 0.0125265121459961 0.000599861145019535
-0.0747146606445313 0.0351715087890625 0.0132713317871094 0.03692626953125
-0.0505828857421875 0.0555877685546875 -0.00872421264648438 0.0382919311523437
-0.0200843811035156 0.0687141418457031 -0.002044677734375 0.0412330627441406
0.0253334045410156 0.0588607788085938 0.0224876403808594 0.03564453125
0.0473480224609375 0.02587890625 0.0279788970947266 0.0137004852294922
0.0531654357910156 -0.0110702514648438 0.0241756439208984 -0.00555610656738281
0.0401802062988281 -0.0337028503417969 0.0129165649414063 -0.010828971862793
0.0366477966308594 -0.0322303771972656 0.0025634765625 -0.00439739227294922
0.041259765625 -0.0371322631835938 -0.00326848030090332 0.0036473274230957
0.0503005981445313 -0.0253639221191406 -0.00879764556884765 0.00012683868408203
0.0566787719726563 0.00536727905273438 -0.0159645080566406 -0.00165939331054687
0.0460319519042969 0.0347404479980469 -0.00954151153564453 -0.0110893249511719
0.00110244750976563 0.0643272399902344 0.000995635986328123 -0.0174093246459961
-0.036407470703125 0.067291259765625 0.0117835998535156 -0.000185012817382808
-0.0626373291015625 0.0448226928710938 -0.0079793930053711 0.0128860473632813
-0.0708160400390625 0.0190887451171875 -0.0137214660644531 0.0463333129882812
-0.0563201904296875 0.0422134399414063 -0.0257797241210937 0.0473213195800781
-0.0298194885253906 0.0623130798339844 -0.0102691650390625 0.0422477722167969
0.0172042846679687 0.0598182678222656 0.009185791015625 0.0348300933837891
0.0433425903320313 0.0305328369140625 0.0127019882202148 0.0169973373413086
0.0534095764160156 -0.00687408447265625 0.00879383087158203 0.00571060180664063
0.0403366088867188 -0.0297050476074219 0.0016932487487793 0.00562620162963867
0.0368499755859375 -0.029541015625 -0.00568008422851562 0.0113029479980469
0.0409164428710938 -0.0345611572265625 -0.0127525329589844 0.0179653167724609
0.0484733581542969 -0.0228042602539063 -0.0197486877441406 0.0104179382324219
0.0530891418457031 0.00712966918945313 -0.0262870788574219 0.00315093994140625
0.0410537719726563 0.0343055725097656 -0.0167179107666016 -0.00994777679443359
-0.00465774536132812 0.0594444274902344 -0.00194168090820313 -0.0143871307373047
-0.0406150817871094 0.0567817687988281 0.00444602966308594 0.0105171203613281
-0.0610275268554687 0.0315093994140625 -0.0292816162109375 0.0220699310302734
-0.053558349609375 0.00011062622070313 -0.0367393493652344 0.0490341186523438
-0.0485572814941406 0.0213623046875 -0.0390815734863281 0.0502281188964844
-0.0314140319824219 0.0420646667480469 -0.0163841247558594 0.0397377014160156
0.00556182861328125 0.0481529235839844 -0.00214576721191406 0.0301532745361328
0.0307693481445313 0.0274906158447266 -0.00151252746582031 0.0170698165893555
0.042816162109375 -0.00276947021484375 -0.00614833831787109 0.0138835906982422
0.033966064453125 -0.0219478607177734 -0.00942039489746094 0.0193500518798828
0.0299873352050781 -0.022491455078125 -0.0138568878173828 0.0250625610351562
0.0343818664550781 -0.0270919799804688 -0.02093505859375 0.0304756164550781
0.040924072265625 -0.0171356201171875 -0.0303058624267578 0.0197277069091797
0.043792724609375 0.00763702392578125 -0.0358505249023438 0.00743865966796875
0.0320167541503906 0.0304946899414063 -0.0237636566162109 -0.00982284545898438
-0.0105819702148438 0.0487251281738281 -0.00515174865722656 -0.0131387710571289
-0.0405464172363281 0.0405349731445313 -0.00322532653808594 0.0175743103027344
-0.0533485412597656 0.0137596130371094 -0.0491867065429688 0.0260772705078125
-0.0274333953857422 -0.0192298889160156 -0.0489616394042969 0.0460739135742188
-0.0321083068847656 -0.00309371948242188 -0.0443878173828125 0.0478515625
-0.0263671875 0.0150718688964844 -0.0176982879638672 0.0349655151367188
-0.00524520874023437 0.0278644561767578 -0.00971412658691406 0.0245704650878906
0.0136146545410156 0.0189609527587891 -0.0107889175415039 0.015751838684082
0.0257816314697266 0.00214004516601563 -0.0157356262207031 0.0200519561767578
0.022003173828125 -0.0104866027832031 -0.0173110961914063 0.0285110473632813
0.0201129913330078 -0.0119972229003906 -0.0186595916748047 0.0348606109619141
0.0240097045898438 -0.0155467987060547 -0.0275764465332031 0.0383682250976563
0.0277881622314453 -0.0103702545166016 -0.0396842956542969 0.0258140563964844
0.0304603576660156 0.00712966918945313 -0.0433311462402344 0.00915145874023439
0.0209980010986328 0.0234432220458984 -0.0295734405517578 -0.01080322265625
-0.0130214691162109 0.0335521697998047 -0.00916385650634766 -0.0134639739990234
-0.0343799591064453 0.0204849243164063 -0.0118579864501953 0.0191364288330078
-0.0381507873535156 -0.00553894042968749 -0.0652122497558594 0.0240287780761719
0.00913047790527344 0.0231208801269531 0.0716323852539063 -0.0233917236328125
0.0223445892333984 0.000329971313476562 0.0215911865234375 -0.0141410827636719
0.00688934326171875 -0.0150995254516602 0.00910472869873047 0.0161314010620117
-0.00732898712158203 -0.0120487213134766 0.0369033813476563 0.0195541381835938
-0.0125112533569336 -0.00359439849853515 0.0502510070800781 -0.00696945190429688
-0.0121850967407227 0.00505256652832031 0.04547119140625 -0.03668212890625
-0.00850152969360352 0.00258684158325195 0.0308723449707031 -0.0491218566894531
-0.00861072540283203 -0.000769615173339844 0.0210838317871094 -0.0432968139648438
-0.00938320159912109 -0.00274276733398438 0.0191841125488281 -0.0351047515869141
-0.00518608093261719 -0.00947284698486328 0.0190868377685547 -0.0264663696289063
0.00452804565429687 -0.0124092102050781 0.0151424407958984 -0.0199470520019531
0.0158367156982422 -0.00529670715332031 0.0155963897705078 -0.0225067138671875
0.0202102661132813 0.0118999481201172 0.0243511199951172 -0.0344104766845703
0.0127124786376953 0.0283756256103516 0.0440483093261719 -0.0467414855957031
-0.00173759460449219 0.0341815948486328 0.0551185607910156 -0.0397758483886719
-0.0182342529296875 0.0380363464355469 0.072174072265625 -0.0102462768554687
0.00740432739257812 0.0249862670898438 0.0231800079345703 -0.00490951538085937
0.00617790222167969 0.0111265182495117 0.0110721588134766 0.0214252471923828
0.00677013397216797 0.00478649139404297 0.0405921936035156 0.022796630859375
0.00717782974243164 0.0013885498046875 0.0526504516601563 -0.00429916381835938
0.00805425643920898 -0.00338363647460937 0.0478935241699219 -0.0346870422363281
0.0066680908203125 -0.012019157409668 0.0319557189941406 -0.048248291015625
0.00600528717041016 -0.0139989852905273 0.0200767517089844 -0.0416183471679688
0.00808906555175781 -0.0166025161743164 0.0180950164794922 -0.0328750610351563
0.0166130065917969 -0.0158786773681641 0.0181388854980469 -0.0257797241210937
0.0262279510498047 -0.004852294921875 0.0117950439453125 -0.0181369781494141
0.0283432006835938 0.0130634307861328 0.0121879577636719 -0.0197563171386719
0.012451171875 0.0369873046875 0.0177078247070313 -0.0305900573730469
-0.00699996948242188 0.0504188537597656 0.0362510681152344 -0.0389442443847656
-0.0277557373046875 0.0472145080566406 0.0474357604980469 -0.0295829772949219
-0.04595947265625 0.0474853515625 0.0622367858886719 0.00596237182617188
-0.0130119323730469 0.0462226867675781 0.0182838439941406 0.00933456420898438
0.001556396484375 0.0389556884765625 0.0107021331787109 0.0291347503662109
0.0210838317871094 0.0262641906738281 0.04034423828125 0.0289154052734375
0.0272617340087891 0.0087738037109375 0.0503158569335938 0.0010833740234375
0.0277004241943359 -0.0101222991943359 0.045684814453125 -0.0292510986328125
0.0213851928710938 -0.0251007080078125 0.0296249389648437 -0.0414047241210938
0.0205898284912109 -0.0255260467529297 0.0162105560302734 -0.0341281890869141
0.0238380432128906 -0.0295009613037109 0.0127391815185547 -0.024688720703125
0.0343341827392578 -0.0220928192138672 0.0113086700439453 -0.0211048126220703
0.043792724609375 -0.000743865966796875 0.00366973876953125 -0.0147857666015625
0.04046630859375 0.0254936218261719 0.00522804260253907 -0.017338752746582
0.00945663452148438 0.0552406311035156 0.0106143951416016 -0.0276756286621094
-0.0203437805175781 0.0665855407714844 0.0274696350097656 -0.0283718109130859
-0.0471878051757813 0.0557212829589844 0.0327529907226563 -0.0160160064697266
-0.0667037963867188 0.0480804443359375 0.0418548583984375 0.0234527587890625
-0.034149169921875 0.0598373413085938 0.0075225830078125 0.025115966796875
-0.00698471069335938 0.0625038146972656 0.00579071044921875 0.0370903015136719
0.0293121337890625 0.0463409423828125 0.0350360870361328 0.0343017578125
0.0431709289550781 0.0168342590332031 0.0427780151367188 0.00828170776367188
0.0450668334960938 -0.0140724182128906 0.03814697265625 -0.0185737609863281
0.0328769683837891 -0.0335559844970703 0.0231361389160156 -0.0282707214355469
0.0307731628417969 -0.0328178405761719 0.00982856750488281 -0.0210361480712891
0.0353202819824219 -0.0380744934082031 0.00493526458740234 -0.0119504928588867
0.0457878112792969 -0.0275077819824219 0.00168704986572266 -0.0119619369506836
0.0554161071777344 0.00125885009765625 -0.00649833679199218 -0.00911903381347656
0.0487327575683594 0.0312957763671875 -0.00264930725097656 -0.0146017074584961
0.00759124755859375 0.0655326843261719 0.00490951538085938 -0.0228595733642578
-0.0291061401367187 0.074371337890625 0.0189762115478516 -0.0150890350341797
-0.0587272644042969 0.0565948486328125 0.0138092041015625 -0.00153827667236328
-0.0774993896484375 0.039794921875 0.0150146484375 0.0385894775390625
-0.05108642578125 0.0609169006347656 -0.00871658325195313 0.0402679443359375
-0.0184402465820313 0.0731964111328125 -0.00252532958984375 0.0430183410644531
0.0292472839355469 0.06060791015625 0.0236167907714844 0.0375289916992188
0.0507049560546875 0.0249671936035156 0.029815673828125 0.0141448974609375
0.0553779602050781 -0.0137214660644531 0.0250396728515625 -0.00570106506347656
0.0401268005371094 -0.0366134643554688 0.0133085250854492 -0.0118856430053711
0.0366859436035156 -0.0351066589355469 0.00238513946533203 -0.0046381950378418
0.041473388671875 -0.0414695739746094 -0.00351095199584961 0.00404930114746093
0.0511817932128906 -0.0290298461914063 -0.00954437255859374 -0.00054740905761719
0.0598258972167969 0.0030975341796875 -0.0173377990722656 -0.00206947326660156
0.0500526428222656 0.0345535278320312 -0.0102176666259766 -0.0120925903320312
0.00411987304687499 0.0681686401367188 0.00099945068359375 -0.0183639526367187
-0.0349960327148438 0.072296142578125 0.0126781463623047 -0.00104141235351562
-0.0642623901367188 0.049957275390625 -0.00763607025146485 0.0125141143798828
-0.0742568969726563 0.0227203369140625 -0.0134506225585938 0.0494842529296875
-0.0576705932617188 0.0466270446777344 -0.02642822265625 0.0502166748046875
-0.0282249450683594 0.0667686462402344 -0.0110397338867188 0.0445289611816406
0.0205307006835938 0.0625724792480469 0.00957870483398438 0.0365829467773438
0.0469970703125 0.0300712585449219 0.0131587982177734 0.0183086395263672
0.0556907653808594 -0.0094451904296875 0.00955677032470703 0.00623512268066406
0.0411872863769531 -0.0330734252929688 0.00174236297607422 0.00548744201660156
0.036712646484375 -0.031951904296875 -0.00603199005126953 0.0115623474121094
0.0413284301757812 -0.0384407043457031 -0.0125637054443359 0.0189666748046875
0.0499191284179688 -0.0263290405273437 -0.0214786529541016 0.0111122131347656
0.0563507080078125 0.00495529174804688 -0.0277805328369141 0.00356864929199219
0.0444908142089844 0.0343589782714844 -0.0176734924316406 -0.0102100372314453
-0.00235366821289062 0.0630226135253906 -0.0021810531616211 -0.0151147842407227
-0.0398368835449219 0.0617027282714844 0.00547313690185547 0.0100946426391602
-0.0631790161132812 0.0352020263671875 -0.0301361083984375 0.0227279663085938
-0.0557785034179688 0.00208282470703125 -0.0376167297363281 0.0522918701171875
-0.050048828125 0.0244674682617187 -0.0402450561523437 0.0535736083984375
-0.031158447265625 0.0458755493164062 -0.0167922973632813 0.0419540405273438
0.00863265991210938 0.0506401062011719 -0.00245857238769531 0.0321369171142578
0.0336532592773438 0.0271892547607422 -0.00144195556640625 0.0185585021972656
0.0446281433105469 -0.00455093383789062 -0.00517749786376953 0.0156240463256836
0.0346927642822266 -0.0243263244628906 -0.00927162170410156 0.0203514099121094
0.0311660766601563 -0.0245742797851563 -0.0130290985107422 0.0264377593994141
0.0352897644042969 -0.0300178527832031 -0.0211181640625 0.0323963165283203
0.0417404174804688 -0.0203933715820313 -0.03179931640625 0.0217094421386719
0.0467491149902344 0.0066986083984375 -0.0376625061035156 0.00821685791015626
0.0347862243652344 0.0309886932373047 -0.0251502990722656 -0.00958251953125
-0.0084991455078125 0.0518569946289063 -0.00570583343505859 -0.013850212097168
-0.0404396057128906 0.0439834594726562 -0.00279617309570313 0.0180301666259766
-0.0553054809570313 0.0156211853027344 -0.0510940551757813 0.0277976989746094
-0.0291156768798828 -0.0184745788574219 -0.0510368347167969 0.0503730773925781
-0.0336952209472656 -0.0016937255859375 -0.0459976196289062 0.0513267517089844
-0.0269241333007813 0.0168933868408203 -0.0191078186035156 0.0364799499511719
-0.00430107116699219 0.0293998718261719 -0.0105800628662109 0.0262413024902344
0.0150699615478516 0.0192852020263672 -0.0110092163085937 0.0179386138916016
0.0268440246582031 0.00114059448242188 -0.0151920318603516 0.0218276977539063
0.0223979949951172 -0.0117168426513672 -0.0165271759033203 0.0308208465576172
0.0200691223144531 -0.0135593414306641 -0.0183067321777344 0.0367889404296875
0.0242328643798828 -0.01739501953125 -0.0276298522949219 0.040985107421875
0.0284690856933594 -0.0121917724609375 -0.0412445068359375 0.0283164978027344
0.031707763671875 0.00608444213867188 -0.0447578430175781 0.0106582641601562
0.0231342315673828 0.0236339569091797 -0.0310802459716797 -0.0104598999023437
-0.012115478515625 0.035980224609375 -0.00950717926025391 -0.0137910842895508
-0.0350513458251953 0.0227470397949219 -0.0117454528808594 0.0196723937988281
-0.0399093627929688 -0.0050201416015625 -0.0679702758789063 0.0263023376464844
0.0106182098388672 0.0231895446777344 0.073944091796875 -0.028564453125
0.0236663818359375 -0.000734329223632813 0.0222301483154297 -0.0155277252197266
0.00584697723388672 -0.0156784057617188 0.00986671447753906 0.0162057876586914
-0.00835895538330078 -0.0121040344238281 0.0395050048828125 0.0181083679199219
-0.0133056640625 -0.00307178497314453 0.0519523620605469 -0.0100860595703125
-0.0116443634033203 0.00567245483398437 0.0454559326171875 -0.0405769348144531
-0.00837135314941406 0.00287771224975586 0.0290184020996094 -0.0531196594238281
-0.00922966003417969 -0.000276565551757814 0.0188674926757813 -0.0461044311523438
-0.0104684829711914 -0.00201416015625 0.0173606872558594 -0.0382766723632813
-0.00594520568847656 -0.00960636138916015 0.0184249877929688 -0.0292091369628906
0.00399494171142578 -0.0133848190307617 0.0145931243896484 -0.0221366882324219
0.0158557891845703 -0.00630474090576172 0.0161018371582031 -0.0253543853759766
0.0210952758789063 0.0114231109619141 0.0247383117675781 -0.0367851257324219
0.0150146484375 0.0288715362548828 0.0436553955078125 -0.0511398315429687
-4.95910644531255E-05 0.0354232788085938 0.0559768676757813 -0.0460357666015625
-0.0171051025390625 0.0411758422851563 0.0753631591796875 -0.0148468017578125
0.00951766967773438 0.0254116058349609 0.0239963531494141 -0.00635528564453125
0.00697803497314453 0.0113210678100586 0.0125179290771484 0.0221405029296875
0.00805187225341797 0.00512504577636719 0.0431365966796875 0.0225143432617188
0.00784540176391602 0.000706672668457031 0.0549278259277344 -0.00716781616210938
0.0083160400390625 -0.0045013427734375 0.0478515625 -0.0393524169921875
0.00618743896484375 -0.0132179260253906 0.0300445556640625 -0.0524253845214844
0.00582313537597656 -0.0147438049316406 0.0176506042480469 -0.0445022583007813
0.00729179382324219 -0.0185012817382812 0.0159988403320312 -0.0358123779296875
0.0160961151123047 -0.0177154541015625 0.0164737701416016 -0.0286846160888672
0.0264358520507813 -0.00661659240722656 0.0109004974365234 -0.0208911895751953
0.030426025390625 0.0117950439453125 0.0122489929199219 -0.0224132537841797
0.0149993896484375 0.0374069213867188 0.0181236267089844 -0.0330753326416016
-0.00407028198242187 0.0531425476074219 0.0359230041503906 -0.0431137084960938
-0.0264129638671875 0.0512771606445313 0.0486984252929688 -0.0349464416503906
-0.0452346801757812 0.0524215698242187 0.0653800964355469 0.00208282470703125
-0.0104866027832031 0.0492782592773438 0.0195789337158203 0.00855827331542969
0.00457000732421875 0.0408821105957031 0.011566162109375 0.0299568176269531
0.0232620239257813 0.0260887145996094 0.0433464050292969 0.0279579162597656
0.0289802551269531 0.00719833374023438 0.0529441833496094 -0.0014190673828125
0.0289878845214844 -0.0129070281982422 0.0459213256835938 -0.0327224731445312
0.0202445983886719 -0.0278301239013672 0.027496337890625 -0.0447540283203125
0.0197601318359375 -0.0276908874511719 0.0143623352050781 -0.0362434387207031
0.0228099822998047 -0.0320777893066406 0.0109806060791016 -0.0269565582275391
0.0342674255371094 -0.0257320404052734 0.00995063781738282 -0.0232315063476563
0.0456466674804688 -0.00377655029296875 0.00269508361816406 -0.0163516998291016
0.0442771911621094 0.0236892700195313 0.005218505859375 -0.0193500518798828
0.0137557983398438 0.0571060180664063 0.0105762481689453 -0.0293693542480469
-0.0170516967773438 0.0713577270507813 0.0268783569335938 -0.0313014984130859
-0.0462188720703125 0.061065673828125 0.0341148376464844 -0.0201492309570312
-0.0669326782226563 0.0547866821289063 0.0455245971679687 0.0220146179199219
-0.0317764282226562 0.0645370483398438 0.00909996032714843 0.0255947113037109
-0.00266265869140624 0.0656166076660156 0.00724029541015625 0.0383415222167969
0.0339088439941406 0.0461921691894531 0.0372276306152344 0.0340805053710938
0.0469207763671875 0.0152549743652344 0.0452194213867188 0.00698089599609375
0.0465736389160156 -0.0179977416992188 0.038970947265625 -0.02099609375
0.03240966796875 -0.0375785827636719 0.0219936370849609 -0.0309066772460938
0.0302276611328125 -0.0364418029785156 0.00898361206054688 -0.0226955413818359
0.0338516235351563 -0.0423240661621094 0.00402545928955078 -0.013066291809082
0.0461654663085938 -0.0318984985351563 7.43865966796903E-05 -0.0133428573608398
0.0579490661621094 -0.00258255004882813 -0.00801563262939453 -0.00983142852783203
0.0530891418457031 0.0297889709472656 -0.00289154052734375 -0.0156803131103516
0.0126571655273438 0.068267822265625 0.00456428527832031 -0.0244960784912109
-0.0249404907226562 0.0801010131835937 0.0189781188964844 -0.017578125
-0.0584068298339844 0.0629310607910156 0.0145473480224609 -0.00390625
-0.0788345336914062 0.0464630126953125 0.0179824829101562 0.0398025512695313
-0.0496292114257813 0.0668411254882813 -0.00733947753906251 0.0422172546386719
-0.0142974853515625 0.077972412109375 -0.000839233398437501 0.045013427734375
0.03533935546875 0.061309814453125 0.0258865356445313 0.0382308959960938
0.0551681518554688 0.0233268737792969 0.0315685272216797 0.0142860412597656
0.0573196411132813 -0.018218994140625 0.0262947082519531 -0.00698089599609375
0.0395927429199219 -0.0408287048339844 0.0131149291992188 -0.0129013061523438
0.0357093811035156 -0.0396766662597656 0.00197553634643555 -0.0055084228515625
0.0401611328125 -0.0462303161621094 -0.00327610969543457 0.003936767578125
0.0511283874511719 -0.0341682434082031 -0.0105705261230469 -0.000235557556152345
0.0629043579101563 -0.00132369995117188 -0.0187473297119141 -0.00189971923828125
0.0548744201660156 0.0326919555664063 -0.0109148025512695 -0.0124130249023438
0.00888061523437501 0.07122802734375 0.000514984130859375 -0.0197906494140625
-0.0310745239257812 0.0781936645507813 0.0131454467773437 -0.00225162506103515
-0.0642547607421875 0.0553550720214844 -0.00748348236083985 0.0122642517089844
-0.0755462646484375 0.0290756225585937 -0.0118598937988281 0.0531044006347656
-0.0570144653320312 0.0522117614746094 -0.02545166015625 0.0536766052246094
-0.0251312255859375 0.0717697143554688 -0.0105094909667969 0.0467338562011719
0.0263557434082031 0.0641212463378906 0.0110282897949219 0.0380897521972656
0.0512428283691406 0.0280494689941406 0.0147914886474609 0.0188579559326172
0.05755615234375 -0.0145263671875 0.0110073089599609 0.00633621215820312
0.0408248901367188 -0.0374984741210938 0.00220251083374024 0.00574398040771484
0.0361175537109375 -0.0362739562988281 -0.00545215606689453 0.0125494003295898
0.0402374267578125 -0.0429229736328125 -0.0119590759277344 0.0204067230224609
0.0501594543457031 -0.0315933227539063 -0.0221099853515625 0.0125484466552734
0.0597419738769531 0.00113677978515625 -0.0290908813476562 0.00526046752929688
0.0493011474609375 0.032867431640625 -0.0187225341796875 -0.00975608825683593
0.00220870971679687 0.066558837890625 -0.00306224822998047 -0.0158519744873047
-0.0369453430175781 0.066680908203125 0.00590896606445312 0.00946712493896485
-0.0637092590332031 0.0401344299316406 -0.0302867889404297 0.0245189666748047
-0.0579910278320313 0.00655746459960938 -0.0368270874023438 0.0583267211914062
-0.0509376525878906 0.0287666320800781 -0.0399894714355469 0.0575714111328125
-0.0294418334960938 0.0500297546386719 -0.0169181823730469 0.0444145202636719
0.0125579833984375 0.0521965026855469 -0.00164985656738281 0.0338230133056641
0.0370674133300781 0.0263862609863281 -0.000459671020507811 0.0200080871582031
0.0467147827148438 -0.00880050659179688 -0.00406455993652343 0.0171270370483398
0.03424072265625 -0.0279369354248047 -0.00807952880859375 0.0221939086914063
0.0306015014648438 -0.0279731750488281 -0.0122146606445313 0.0282382965087891
0.034454345703125 -0.033599853515625 -0.0199508666992187 0.0349502563476562
0.0420570373535156 -0.0246238708496094 -0.0324478149414063 0.0243072509765625
0.0493125915527344 0.00321197509765625 -0.0388374328613281 0.0110702514648438
0.0386428833007812 0.0294609069824219 -0.0265121459960937 -0.00868797302246093
-0.00485610961914062 0.0551910400390625 -0.00636959075927735 -0.014556884765625
-0.0383186340332031 0.0488433837890625 -0.00166893005371094 0.0184421539306641
-0.0565719604492188 0.0199928283691406 -0.0517997741699219 0.0315399169921875
-0.0314483642578125 -0.0167598724365234 -0.0510406494140625 0.056182861328125
-0.0349483489990234 0.000614166259765621 -0.0459327697753906 0.0561103820800781
-0.0267257690429688 0.0199947357177734 -0.0188484191894531 0.0390968322753906
-0.00161361694335938 0.0306758880615234 -0.0105209350585938 0.0290775299072266
0.0173606872558594 0.0191993713378906 -0.0106239318847656 0.0199165344238281
0.0282459259033203 -0.001190185546875 -0.0140342712402344 0.0242137908935547
0.0224514007568359 -0.0138759613037109 -0.0148468017578125 0.0333423614501953
0.0202693939208984 -0.0155906677246094 -0.0164833068847656 0.0389900207519531
0.0235424041748047 -0.0200290679931641 -0.0259628295898438 0.044830322265625
0.0286331176757812 -0.01519775390625 -0.0411605834960938 0.0322074890136719
0.0339889526367188 0.004119873046875 -0.0460662841796875 0.0144691467285156
0.0250492095947266 0.0228843688964844 -0.0331611633300781 -0.00923919677734374
-0.010223388671875 0.0384140014648438 -0.0107860565185547 -0.0148153305053711
-0.0346584320068359 0.0253925323486328 -0.0105228424072266 0.0206375122070312
-0.0414390563964844 -0.00323104858398437 -0.0695648193359375 0.0309867858886719
0.0130233764648438 0.0229377746582031 0.0735702514648437 -0.03485107421875
0.0237655639648438 -0.00259208679199219 0.0213432312011719 -0.0185832977294922
0.00533866882324219 -0.0158929824829102 0.0114278793334961 0.0163640975952148
-0.00933074951171875 -0.0120964050292969 0.0420646667480469 0.0165481567382812
-0.0132770538330078 -0.00147724151611328 0.0520362854003906 -0.0138969421386719
-0.0109539031982422 0.00647830963134766 0.0436134338378906 -0.0447235107421875
-0.00791120529174805 0.00308513641357422 0.0251579284667969 -0.0562210083007813
-0.00959110260009766 0.000647544860839845 0.0150642395019531 -0.0483551025390625
-0.0107936859130859 -0.00138187408447265 0.0141181945800781 -0.0400505065917969
-0.00684404373168945 -0.00830411911010742 0.0157699584960938 -0.0316200256347656
0.00322914123535156 -0.0133762359619141 0.0133514404296875 -0.0253715515136719
0.015742301940918 -0.00831890106201172 0.0152549743652344 -0.0277385711669922
0.0226860046386719 0.00989151000976562 0.0231590270996094 -0.0390586853027344
0.017181396484375 0.0279083251953125 0.0414657592773438 -0.05535888671875
0.00250244140625 0.0358161926269531 0.0545692443847656 -0.051971435546875
-0.0145149230957031 0.0428466796875 0.076385498046875 -0.0209503173828125
0.0111904144287109 0.0254631042480469 0.0244541168212891 -0.00850677490234375
0.0083465576171875 0.0117988586425781 0.0136795043945313 0.0222225189208984
0.00875425338745117 0.00450706481933594 0.044891357421875 0.020050048828125
0.00822257995605469 0.00028228759765625 0.0550804138183594 -0.0108070373535156
0.00892829895019531 -0.00573158264160156 0.0458717346191406 -0.0430984497070313
0.00529861450195313 -0.0140848159790039 0.0261611938476562 -0.0549049377441406
0.00454807281494141 -0.0155487060546875 0.014862060546875 -0.0471572875976563
0.00540924072265625 -0.0190715789794922 0.0134201049804688 -0.0375480651855469
0.0155010223388672 -0.0196590423583984 0.0139560699462891 -0.0307960510253906
0.0266857147216797 -0.00861549377441406 0.00933647155761719 -0.0232391357421875
0.0323104858398437 0.0105781555175781 0.0114898681640625 -0.024139404296875
0.0185127258300781 0.0369453430175781 0.0172348022460938 -0.0348072052001953
-0.000843048095703129 0.054595947265625 0.0336189270019531 -0.0463447570800781
-0.0234146118164063 0.0544090270996094 0.0478401184082031 -0.0402488708496094
-0.0426445007324219 0.0566787719726563 0.0674285888671875 -0.00228500366210937
-0.00708770751953125 0.0510673522949219 0.0211772918701172 0.00713729858398438
0.00717544555664062 0.041259765625 0.0132083892822266 0.0303764343261719
0.0262870788574219 0.0255203247070313 0.0462226867675781 0.0262794494628906
0.0306949615478516 0.00504875183105469 0.0536766052246094 -0.00420379638671875
0.0290985107421875 -0.015899658203125 0.0440177917480469 -0.0362052917480469
0.0188179016113281 -0.0305252075195313 0.0245552062988281 -0.0472831726074219
0.0182209014892578 -0.0297718048095703 0.0114212036132813 -0.0377578735351562
0.0206623077392578 -0.0347785949707031 0.00919342041015625 -0.0283641815185547
0.0331649780273438 -0.0288677215576172 0.00670051574707032 -0.0246448516845703
0.047027587890625 -0.00753021240234375 0.00125312805175781 -0.0175876617431641
0.0467262268066406 0.0203781127929688 0.00460052490234375 -0.0213108062744141
0.0187606811523438 0.057525634765625 0.00936126708984375 -0.0307197570800781
-0.011688232421875 0.07440185546875 0.0251502990722656 -0.0339775085449219
-0.0432243347167969 0.0661354064941406 0.0329456329345703 -0.0242977142333984
-0.0639610290527344 0.0610885620117187 0.0479011535644531 0.0194206237792969
-0.0265312194824219 0.0678558349609375 0.0110549926757813 0.0256099700927734
0.00260543823242188 0.0663871765136719 0.00872802734375 0.0389633178710938
0.0392646789550781 0.04510498046875 0.0401115417480469 0.0325660705566406
0.0493125915527344 0.0113372802734375 0.0463027954101563 0.00423812866210938
0.046600341796875 -0.0228767395019531 0.0385360717773438 -0.0237541198730469
0.02996826171875 -0.0402908325195313 0.0196495056152344 -0.0333347320556641
0.0276107788085937 -0.039642333984375 0.00687599182128906 -0.0237064361572266
0.0308341979980469 -0.0468406677246094 0.00297641754150391 -0.0134296417236328
0.0440673828125 -0.0373001098632812 -0.0024423599243164 -0.014155387878418
0.0591163635253906 -0.00749588012695313 -0.00875854492187499 -0.00975894927978516
0.056854248046875 0.0258331298828125 -0.00359344482421875 -0.0163173675537109
0.01910400390625 0.0688591003417969 0.00354766845703125 -0.0254631042480469
-0.0183944702148438 0.0834579467773438 0.0181732177734375 -0.0196533203125
-0.0549583435058594 0.0686836242675781 0.0143394470214844 -0.00665569305419921
-0.0759506225585938 0.053680419921875 0.0210762023925781 0.0394134521484375
-0.0447616577148438 0.071380615234375 -0.00409698486328125 0.0435714721679688
-0.00827026367187501 0.0810699462890625 0.00120925903320313 0.0464439392089844
0.040740966796875 0.0597496032714844 0.0282707214355469 0.0378227233886719
0.0580520629882813 0.0188865661621094 0.0331153869628906 0.0124721527099609
0.0577125549316406 -0.0235557556152344 0.0265750885009766 -0.00922203063964844
0.037017822265625 -0.0447654724121094 0.0121011734008789 -0.0143537521362305
0.033172607421875 -0.043609619140625 0.000926494598388674 -0.00611639022827149
0.0365562438964844 -0.0504035949707031 -0.0038602352142334 0.00367164611816406
0.048736572265625 -0.0398635864257813 -0.0119476318359375 0.000423431396484371
0.0645637512207031 -0.00719070434570312 -0.0196571350097656 -0.000455856323242185
0.058624267578125 0.0285720825195312 -0.0119438171386719 -0.0126714706420898
0.0151824951171875 0.071533203125 -0.000272750854492184 -0.0203151702880859
-0.0252532958984375 0.0827713012695313 0.0135974884033203 -0.00371742248535156
-0.061798095703125 0.0618972778320313 -0.00728988647460938 0.011622428894043
-0.0746078491210938 0.0357131958007812 -0.00719833374023437 0.0556488037109375
-0.0542793273925781 0.0579795837402344 -0.0223617553710938 0.0562705993652344
-0.0196762084960938 0.0754013061523438 -0.00818634033203126 0.0485725402832031
0.0321197509765625 0.06280517578125 0.0123519897460938 0.0381584167480469
0.0547294616699219 0.0251579284667969 0.0162258148193359 0.0192966461181641
0.0578269958496094 -0.0198402404785156 0.0120601654052734 0.00606918334960937
0.0382308959960938 -0.0416755676269531 0.00275802612304688 0.00586843490600586
0.0336647033691406 -0.0403594970703125 -0.00454616546630859 0.0126066207885742
0.0371360778808594 -0.047332763671875 -0.0110797882080078 0.0215854644775391
0.0474395751953125 -0.0366287231445312 -0.0220069885253906 0.0141696929931641
0.0607719421386719 -0.00410079956054688 -0.0289897918701172 0.00757789611816406
0.0537109375 0.0295295715332031 -0.0195198059082031 -0.00835800170898437
0.00851058959960938 0.0678062438964844 -0.00356006622314453 -0.0158824920654297
-0.03143310546875 0.0711898803710937 0.00689888000488281 0.00902652740478516
-0.0617446899414062 0.0461311340332031 -0.0291309356689453 0.0263290405273438
-0.0584678649902344 0.0117950439453125 -0.0329513549804688 0.0620689392089844
-0.0497894287109375 0.0326309204101563 -0.0370216369628906 0.0614013671875
-0.0254020690917969 0.0534172058105469 -0.0152778625488281 0.046478271484375
0.017791748046875 0.052581787109375 -0.000152587890624996 0.0358543395996094
0.0406417846679688 0.0241279602050781 0.000785827636718753 0.0210113525390625
0.0470924377441406 -0.0121345520019531 -0.00191307067871094 0.0186786651611328
0.0323333740234375 -0.0307331085205078 -0.00568580627441406 0.0228996276855469
0.0283584594726563 -0.0315341949462891 -0.00939178466796874 0.0291786193847656
0.0319938659667969 -0.03704833984375 -0.0169525146484375 0.0368385314941406
0.0406379699707031 -0.028228759765625 -0.0312652587890625 0.0271492004394531
0.0503807067871094 -0.00144195556640625 -0.038909912109375 0.0139541625976562
0.0422859191894531 0.0276145935058594 -0.0270233154296875 -0.00720024108886719
2.67028808593696E-05 0.0564727783203125 -0.00745010375976563 -0.0147867202758789
-0.0344810485839844 0.0522537231445312 -0.000337600708007816 0.0186309814453125
-0.0565567016601563 0.0248222351074219 -0.0512771606445313 0.0357246398925781
-0.0329666137695313 -0.0145187377929687 -0.0484771728515625 0.0621490478515625
-0.0352630615234375 0.00397491455078125 -0.0430755615234375 0.06048583984375
-0.0255470275878906 0.0224094390869141 -0.0175437927246094 0.0413780212402344
0.000904083251953128 0.0310802459716797 -0.00934410095214844 0.0310935974121094
0.0190563201904297 0.0180110931396484 -0.00955581665039062 0.0216045379638672
0.0288944244384766 -0.00411796569824219 -0.0115337371826172 0.0262699127197266
0.0215435028076172 -0.0160350799560547 -0.0127830505371094 0.0352783203125
0.019256591796875 -0.0178031921386719 -0.0140190124511719 0.0410614013671875
0.0224609375 -0.0221214294433594 -0.0226287841796875 0.0466194152832031
0.0277118682861328 -0.0180816650390625 -0.0395088195800781 0.0357627868652344
0.0348052978515625 0.00150108337402344 -0.046173095703125 0.0181198120117187
0.0268077850341797 0.0210189819335938 -0.0343360900878906 -0.00701332092285156
-0.00711822509765625 0.0396385192871094 -0.0117740631103516 -0.014927864074707
-0.0332736968994141 0.0283775329589844 -0.00934791564941406 0.0208740234375
-0.0420608520507813 -0.000614166259765628 -0.0685768127441406 0.0366363525390625
0.0138053894042969 0.02215576171875 0.0721664428710938 -0.0384979248046875
0.0236396789550781 -0.00340080261230469 0.0212345123291016 -0.0203990936279297
0.0041046142578125 -0.0163078308105469 0.0119771957397461 0.0165872573852539
-0.0109357833862305 -0.0114049911499023 0.0418853759765625 0.0134162902832031
-0.0125532150268555 -0.000193595886230471 0.0505104064941406 -0.0167198181152344
-0.01080322265625 0.00721549987792969 0.0400733947753906 -0.0464973449707031
-0.00772905349731445 0.0048379898071289 0.02105712890625 -0.058319091796875
-0.0098114013671875 0.00185966491699219 0.0113792419433594 -0.0489578247070313
-0.0110158920288086 0.000375747680664062 0.0118293762207031 -0.0407829284667969
-0.00734901428222656 -0.00842046737670898 0.0135135650634766 -0.0319347381591797
0.00327587127685547 -0.0132284164428711 0.0112075805664063 -0.0255565643310547
0.0138025283813477 -0.00927066802978515 0.0141468048095703 -0.02886962890625
0.0226173400878906 0.00841903686523438 0.0214042663574219 -0.0398101806640625
0.0190296173095703 0.026824951171875 0.0385932922363281 -0.0573463439941406
0.00473594665527343 0.0350189208984375 0.0514297485351562 -0.0566024780273437
-0.0111236572265625 0.0426368713378906 0.0742111206054688 -0.0263824462890625
0.0123863220214844 0.0238761901855469 0.0232963562011719 -0.0107097625732422
0.00925350189208984 0.0111494064331055 0.0143680572509766 0.0216350555419922
0.00916385650634766 0.00435543060302734 0.0457878112792969 0.0181312561035156
0.00892257690429688 0.000950813293457031 0.05426025390625 -0.013763427734375
0.00826549530029297 -0.00587034225463867 0.0426750183105469 -0.0445518493652344
0.00443840026855469 -0.0146694183349609 0.0227241516113281 -0.0563430786132813
0.00389575958251953 -0.0155391693115234 0.00951766967773438 -0.0478782653808594
0.00498008728027344 -0.0191478729248047 0.009857177734375 -0.0378036499023438
0.0140838623046875 -0.0196113586425781 0.0110626220703125 -0.032073974609375
0.0249214172363281 -0.00962066650390625 0.00871086120605469 -0.0241889953613281
0.0321102142333984 0.00809478759765625 0.00972175598144531 -0.0262546539306641
0.0214195251464844 0.0353012084960938 0.0159721374511719 -0.0358657836914063
0.00382232666015624 0.0537223815917969 0.0317497253417969 -0.048187255859375
-0.019256591796875 0.0551910400390625 0.0453987121582031 -0.0432586669921875
-0.039154052734375 0.0588111877441406 0.0671195983886719 -0.00643539428710937
-0.0035858154296875 0.0505409240722656 0.0210533142089844 0.00465583801269532
0.0108985900878906 0.0417137145996094 0.0137271881103516 0.0302753448486328
0.0285778045654297 0.0224475860595703 0.0466079711914063 0.0236320495605469
0.0314140319824219 0.00292015075683594 0.0520477294921875 -0.00683975219726563
0.0278148651123047 -0.0168342590332031 0.0425224304199219 -0.0384483337402344
0.0162315368652344 -0.0308189392089844 0.0198402404785156 -0.0480995178222656
0.0153846740722656 -0.0308113098144531 0.00903701782226563 -0.0383758544921875
0.0169601440429688 -0.0368576049804688 0.00683784484863282 -0.0278606414794922
0.0309123992919922 -0.0320110321044922 0.00431442260742188 -0.0257663726806641
0.0453872680664062 -0.0112876892089844 -5.72204589843714E-05 -0.018524169921875
0.0485267639160156 0.0180244445800781 0.00399398803710938 -0.022247314453125
0.0224533081054688 0.0566139221191406 0.00808906555175782 -0.0301418304443359
-0.00599670410156249 0.073944091796875 0.023101806640625 -0.0373878479003906
-0.03857421875 0.0689811706542969 0.0322017669677734 -0.0277137756347656
-0.0588951110839844 0.0648956298828125 0.04925537109375 0.0151138305664063
-0.0220527648925781 0.0688819885253906 0.0114212036132812 0.0233669281005859
0.00687026977539062 0.0662193298339844 0.0101699829101563 0.0375938415527344
0.0424118041992187 0.04156494140625 0.0413475036621094 0.0307807922363281
0.049652099609375 0.00828933715820313 0.0447425842285156 0.0023345947265625
0.044891357421875 -0.0264053344726563 0.0371932983398438 -0.0248832702636719
0.0265312194824219 -0.0425605773925781 0.0176925659179688 -0.0339870452880859
0.0254440307617188 -0.041534423828125 0.00513267517089844 -0.0244388580322266
0.0273017883300781 -0.0481300354003906 0.00142765045166016 -0.0143499374389648
0.0401649475097656 -0.0395851135253906 -0.00380706787109375 -0.0150117874145508
0.0586395263671875 -0.0121345520019531 -0.0102672576904297 -0.0100364685058594
0.0583534240722656 0.0210075378417969 -0.00327205657958984 -0.0166244506835938
0.0235633850097656 0.0661811828613281 0.00266265869140625 -0.0250816345214844
-0.0125274658203125 0.0835952758789063 0.0178737640380859 -0.0209732055664062
-0.0504150390625 0.071624755859375 0.014317512512207 -0.00879478454589843
-0.0721359252929688 0.056243896484375 0.0238189697265625 0.0392112731933594
-0.039306640625 0.07293701171875 -0.00181961059570313 0.0424308776855469
-0.00321197509765624 0.0804367065429688 0.001708984375 0.0454559326171875
0.04541015625 0.056427001953125 0.0303535461425781 0.0370979309082031
0.058380126953125 0.0150604248046875 0.0340366363525391 0.0116310119628906
0.0546455383300781 -0.0274276733398438 0.0268325805664063 -0.0103893280029297
0.0338783264160156 -0.0478744506835938 0.0122785568237305 -0.0150699615478516
0.0305938720703125 -0.0447921752929688 0.000610351562500002 -0.00622272491455078
0.0327072143554688 -0.0535240173339844 -0.00333547592163086 0.00356888771057129
0.0458602905273438 -0.0438346862792969 -0.0126209259033203 0.00163841247558593
0.0636634826660156 -0.0107574462890625 -0.0200443267822266 0.00063705444335937
0.0613288879394531 0.0245704650878906 -0.0118408203125 -0.0114192962646484
0.0221824645996094 0.0701408386230469 -0.000638961791992188 -0.0207252502441406
-0.01739501953125 0.0834426879882813 0.0120668411254883 -0.00595664978027343
-0.0578231811523438 0.0644111633300781 -0.00506114959716797 0.0117616653442383
-0.0726776123046875 0.0411300659179688 -0.00428390502929688 0.0553512573242187
-0.049163818359375 0.0615119934082031 -0.0201683044433594 0.0573844909667969
-0.0142059326171875 0.0765838623046875 -0.00673675537109375 0.0487327575683594
0.0370712280273437 0.0606803894042969 0.0144309997558594 0.0381660461425781
0.0559768676757813 0.0205574035644531 0.0172138214111328 0.0190258026123047
0.0557670593261719 -0.0247573852539063 0.0133857727050781 0.00595283508300781
0.035858154296875 -0.0432701110839844 0.0037984848022461 0.0055704116821289
0.0308151245117187 -0.0427131652832031 -0.00393009185791015 0.0133857727050781
0.0331687927246094 -0.0501594543457031 -0.00927352905273438 0.0223197937011719
0.0440597534179688 -0.0392913818359375 -0.0210113525390625 0.0153350830078125
0.0613059997558594 -0.00930404663085938 -0.0286235809326172 0.00887870788574219
0.0550498962402344 0.0261154174804687 -0.0193862915039062 -0.00876426696777344
0.0136070251464844 0.0672569274902344 -0.00386714935302734 -0.0169601440429687
-0.0256423950195313 0.0730438232421875 0.00792646408081055 0.0076131820678711
-0.058837890625 0.0500373840332031 -0.0275516510009766 0.0269222259521484
-0.0567207336425781 0.0170097351074219 -0.0287132263183594 0.0653076171875
-0.046905517578125 0.0379714965820313 -0.0336875915527344 0.0636978149414063
-0.022979736328125 0.0555419921875 -0.0129852294921875 0.0481109619140625
0.0201225280761719 0.0496978759765625 0.00186920166015625 0.0361442565917969
0.0412521362304688 0.0214042663574219 0.0010223388671875 0.0213470458984375
0.0451431274414063 -0.0155258178710938 0.00016593933105469 0.0195484161376953
0.0309391021728516 -0.033843994140625 -0.00439453125 0.025390625
0.0260143280029297 -0.0327167510986328 -0.00833511352539063 0.0288600921630859
0.0291061401367187 -0.0384941101074219 -0.0144462585449219 0.0380325317382812
0.0378608703613281 -0.0301704406738281 -0.0297031402587891 0.0291347503662109
0.0505599975585938 -0.00521087646484375 -0.0376548767089844 0.0159721374511719
0.0437278747558594 0.0225257873535156 -0.0278434753417969 -0.00519561767578125
0.00482177734375 0.0563201904296875 -0.00858783721923828 -0.0140552520751953
-0.0298538208007813 0.0544967651367187 0.00114250183105468 0.016789436340332
-0.0535774230957031 0.0281600952148438 -0.0477752685546875 0.0376930236816406
-0.032806396484375 -0.0101070404052734 -0.0446395874023438 0.0661697387695313
-0.034942626953125 0.00655746459960938 -0.0397987365722656 0.0628204345703125
-0.0228691101074219 0.0237636566162109 -0.0168952941894531 0.0421028137207031
0.00359535217285156 0.0303726196289062 -0.00805854797363281 0.0304126739501953
0.0203227996826172 0.0159893035888672 -0.00812149047851562 0.0221271514892578
0.0277214050292969 -0.00639915466308594 -0.00991058349609375 0.0274715423583984
0.0206584930419922 -0.0178394317626953 -0.00999069213867188 0.0362396240234375
0.0172843933105469 -0.020355224609375 -0.0108909606933594 0.0411109924316406
0.0202198028564453 -0.024017333984375 -0.0195083618164063 0.0483589172363281
0.0270538330078125 -0.0203742980957031 -0.0373077392578125 0.0367164611816406
0.0353927612304688 -0.000453948974609375 -0.0440864562988281 0.0210952758789062
0.0289077758789063 0.0184497833251953 -0.0342140197753906 -0.00435447692871093
-0.0043487548828125 0.03924560546875 -0.0116443634033203 -0.0135536193847656
-0.0289802551269531 0.0314235687255859 -0.00811195373535156 0.0209999084472656
-0.0421295166015625 0.00286483764648438 -0.0659408569335938 0.0406417846679688
0.0146408081054687 0.0206718444824219 0.0689506530761719 -0.0420494079589844
0.0231170654296875 -0.00465583801269531 0.0186653137207031 -0.0204544067382813
0.00360584259033203 -0.0157499313354492 0.0118198394775391 0.0156583786010742
-0.00986480712890625 -0.00974559783935547 0.0422630310058594 0.0128326416015625
-0.0129833221435547 -7.72476196289046E-05 0.0499649047851563 -0.0173110961914063
-0.00994205474853516 0.00758743286132813 0.0380325317382813 -0.0470199584960938
-0.00675201416015625 0.00441789627075195 0.0184860229492187 -0.057403564453125
-0.00876855850219726 0.00153255462646484 0.00933837890625 -0.04791259765625
-0.0100193023681641 0.00058269500732422 0.009002685546875 -0.0407943725585938
-0.00718402862548828 -0.0069131851196289 0.0111942291259766 -0.0323867797851563
0.0016326904296875 -0.0133857727050781 0.0100269317626953 -0.0277347564697266
0.0137214660644531 -0.00928306579589844 0.0129871368408203 -0.0301914215087891
0.0221118927001953 0.00720405578613281 0.0203666687011719 -0.0391311645507813
0.0195560455322266 0.0257854461669922 0.0357131958007813 -0.057861328125
0.00591850280761719 0.0349750518798828 0.0493659973144531 -0.0581207275390625
-0.0100746154785156 0.0436134338378906 0.0719451904296875 -0.0282974243164062
0.0137519836425781 0.0233745574951172 0.0226421356201172 -0.0114593505859375
0.00953197479248047 0.0108146667480469 0.0141563415527344 0.0208377838134766
0.00913047790527344 0.00383377075195313 0.0470046997070313 0.0161476135253906
0.00921249389648438 -1.23977661132813E-05 0.0529136657714844 -0.01507568359375
0.00823593139648438 -0.00716209411621094 0.0404891967773438 -0.04583740234375
0.00359058380126953 -0.0144376754760742 0.0193519592285156 -0.0565834045410156
0.00316810607910156 -0.0149936676025391 0.00830841064453125 -0.0461845397949219
0.00342941284179688 -0.0190334320068359 0.00767135620117188 -0.0379905700683594
0.0125541687011719 -0.0203933715820313 0.00896072387695313 -0.0320186614990234
0.0253868103027344 -0.0111217498779297 0.00635528564453125 -0.0246944427490234
0.031890869140625 0.00601577758789063 0.0104446411132813 -0.0268077850341797
0.0210533142089844 0.0340728759765625 0.0145339965820312 -0.0353851318359375
0.00514984130859375 0.05316162109375 0.029937744140625 -0.0490188598632812
-0.0177345275878906 0.0556907653808594 0.0431327819824219 -0.0468597412109375
-0.0356674194335938 0.0594596862792969 0.0663299560546875 -0.00982666015625
-0.00122451782226562 0.050262451171875 0.0204105377197266 0.00432205200195313
0.0125656127929687 0.0400428771972656 0.0146808624267578 0.0293159484863281
0.0296154022216797 0.0211391448974609 0.0470352172851563 0.022064208984375
0.0313720703125 0.00161933898925781 0.0522422790527344 -0.00848770141601563
0.0255584716796875 -0.0193710327148438 0.0397987365722656 -0.0389938354492187
0.0148124694824219 -0.0320110321044922 0.019134521484375 -0.0483016967773438
0.0138759613037109 -0.0311565399169922 0.00636672973632813 -0.037567138671875
0.0162544250488281 -0.0368461608886719 0.00489997863769532 -0.028533935546875
0.0277652740478516 -0.0328750610351563 0.00250816345214844 -0.0250110626220703
0.0446701049804688 -0.0123977661132813 -0.00193023681640625 -0.0186405181884766
0.0487823486328125 0.0149574279785156 0.00303459167480469 -0.0229644775390625
0.0240936279296875 0.0537528991699219 0.00805854797363282 -0.0312519073486328
-0.00354766845703125 0.073394775390625 0.0226707458496094 -0.0362777709960937
-0.0357551574707031 0.0688896179199219 0.0307655334472656 -0.0295238494873047
-0.0556259155273437 0.0669403076171875 0.0500144958496094 0.0144195556640625
-0.0192604064941406 0.0686988830566406 0.0118808746337891 0.0222702026367188
0.00986480712890624 0.0654220581054688 0.0109519958496094 0.0376853942871094
0.0432395935058594 0.039459228515625 0.0412406921386719 0.0294914245605469
0.0494728088378906 0.005828857421875 0.0454902648925781 0.00099945068359375
0.0428047180175781 -0.0284156799316406 0.0350856781005859 -0.0266914367675781
0.0246467590332031 -0.0437774658203125 0.015960693359375 -0.0341949462890625
0.022613525390625 -0.041595458984375 0.00293731689453125 -0.023834228515625
0.0246124267578125 -0.0489768981933594 0.00117969512939453 -0.0138111114501953
0.03759765625 -0.0417823791503906 -0.005126953125 -0.0136537551879883
0.0569190979003906 -0.0153579711914063 -0.0104522705078125 -0.0097808837890625
0.05877685546875 0.0186195373535156 -0.004241943359375 -0.0180587768554688
0.0262680053710938 0.0645713806152344 0.0018768310546875 -0.0259609222412109
-0.00855255126953125 0.0836181640625 0.0164661407470703 -0.0217075347900391
-0.046600341796875 0.0730514526367188 0.0131282806396484 -0.0103988647460937
-0.0681114196777344 0.0599365234375 0.0256233215332031 0.0358695983886719
-0.0356369018554687 0.07440185546875 -0.001251220703125 0.041107177734375
0.0011444091796875 0.0799484252929687 0.00294876098632812 0.0451278686523438
0.046905517578125 0.0530853271484375 0.0298538208007813 0.0356559753417969
0.0589942932128906 0.0125160217285156 0.0329093933105469 0.0103130340576172
0.0527458190917969 -0.0304641723632813 0.0254859924316406 -0.0105495452880859
0.0315017700195313 -0.0487060546875 0.0103721618652344 -0.0150032043457031
0.0270500183105469 -0.0457572937011719 0.000154495239257814 -0.00603055953979492
0.0291290283203125 -0.0545730590820312 -0.00387763977050781 0.00386428833007812
0.04229736328125 -0.0450668334960938 -0.0129671096801758 0.00103950500488281
0.0620155334472656 -0.015411376953125 -0.0202445983886719 0.00111198425292969
0.0617485046386719 0.0207748413085937 -0.0117616653442383 -0.0126142501831055
0.0237960815429688 0.0680732727050781 -0.00107955932617187 -0.0208683013916016
-0.01416015625 0.0828628540039062 0.0132999420166016 -0.00607776641845703
-0.0537605285644531 0.0668907165527344 -0.00600242614746094 0.0100612640380859
-0.0680274963378906 0.0433158874511719 -0.00171661376953126 0.0549392700195313
-0.045379638671875 0.0617752075195313 -0.0165863037109375 0.0562705993652344
-0.01141357421875 0.0764617919921875 -0.00488662719726562 0.0484504699707031
0.0390892028808594 0.0576744079589844 0.0151901245117188 0.0376930236816406
0.0562667846679687 0.0173492431640625 0.017425537109375 0.0180339813232422
0.0536117553710937 -0.0274848937988281 0.0131587982177734 0.00525856018066406
0.0325469970703125 -0.0448837280273437 0.00393056869506836 0.00505971908569336
0.0281982421875 -0.043121337890625 -0.00378608703613281 0.0126714706420898
0.0303001403808594 -0.0512313842773437 -0.008148193359375 0.0221176147460937
0.0413818359375 -0.0413818359375 -0.0213642120361328 0.0159778594970703
0.0591239929199219 -0.0117607116699219 -0.0278873443603516 0.0106773376464844
0.0556373596191406 0.0220184326171875 -0.0192890167236328 -0.00787162780761719
0.0162925720214844 0.0648574829101563 -0.00468349456787109 -0.0159425735473633
-0.0216140747070312 0.0728912353515625 0.00785064697265625 0.00664424896240235
-0.0558815002441406 0.0509986877441406 -0.0259838104248047 0.027069091796875
-0.0546531677246094 0.0174713134765625 -0.0262184143066406 0.066192626953125
-0.0442276000976563 0.0380897521972656 -0.0307121276855469 0.0632705688476563
-0.0191612243652344 0.0555610656738281 -0.0121498107910156 0.0463371276855469
0.0235366821289062 0.0485687255859375 0.00138092041015625 0.0355072021484375
0.0422935485839844 0.0180435180664063 0.00234603881835938 0.0220489501953125
0.0437583923339844 -0.0189628601074219 0.00139808654785157 0.0182857513427734
0.0279541015625 -0.0347537994384766 -0.00387001037597656 0.0234947204589844
0.0241527557373047 -0.0335636138916016 -0.00729179382324219 0.0291576385498047
0.0265426635742188 -0.0404167175292969 -0.0130691528320312 0.0373382568359375
0.0353965759277344 -0.0329666137695313 -0.0288963317871094 0.0289058685302734
0.0491371154785156 -0.00779342651367188 -0.0362510681152344 0.01812744140625
0.0449104309082031 0.0211372375488281 -0.0265789031982422 -0.00567817687988281
0.00677108764648438 0.0546150207519531 -0.00795936584472656 -0.014887809753418
-0.0271034240722656 0.054473876953125 0.00216484069824219 0.0162229537963867
-0.0521812438964844 0.0294723510742187 -0.0461387634277344 0.0393829345703125
-0.0326957702636719 -0.00926780700683594 -0.040771484375 0.067901611328125
-0.0328865051269531 0.00737190246582031 -0.0367088317871094 0.0638771057128906
-0.0221366882324219 0.0245132446289062 -0.0146713256835938 0.0422515869140625
0.00523567199707031 0.0301399230957031 -0.00732421875 0.0322647094726563
0.0211868286132813 0.0147914886474609 -0.00674247741699219 0.0234584808349609
0.0277137756347656 -0.00778388977050781 -0.007965087890625 0.0273303985595703
0.0189075469970703 -0.01849365234375 -0.00784873962402344 0.034942626953125
0.0165328979492188 -0.0192813873291016 -0.00908660888671875 0.0405998229980469
0.0189113616943359 -0.0249385833740234 -0.0171699523925781 0.0480880737304688
0.0246486663818359 -0.0201492309570313 -0.0346527099609375 0.0384063720703125
0.0343761444091797 -0.00294685363769531 -0.0420951843261719 0.0220756530761719
0.0292949676513672 0.017486572265625 -0.0332965850830078 -0.00385856628417969
-0.00182342529296875 0.039947509765625 -0.0123739242553711 -0.013728141784668
-0.0284290313720703 0.0310840606689453 -0.00646400451660157 0.0209331512451172
-0.0412101745605469 0.00400543212890625 -0.0631256103515625 0.0422706604003906
0.0141429901123047 0.0204925537109375 0.0672378540039062 -0.0434494018554687
0.0223274230957031 -0.00501251220703125 0.0174522399902344 -0.0208587646484375
0.0032196044921875 -0.0156450271606445 0.0116004943847656 0.0163402557373047
-0.010045051574707 -0.00941085815429687 0.0427627563476563 0.0121116638183594
-0.0122566223144531 0.000231742858886721 0.0495223999023438 -0.0183181762695313
-0.0099334716796875 0.00748729705810547 0.0361747741699219 -0.0468215942382813
-0.00707006454467773 0.00463056564331055 0.0174789428710938 -0.0571365356445312
-0.00891017913818359 0.00241470336914062 0.0081939697265625 -0.0478019714355469
-0.0102863311767578 0.000732421875 0.00777053833007813 -0.0410232543945313
-0.00728940963745117 -0.00696182250976562 0.0105457305908203 -0.0329208374023438
0.00100612640380859 -0.0125656127929688 0.00919532775878906 -0.0276851654052734
0.0136680603027344 -0.0090179443359375 0.0128860473632812 -0.030914306640625
0.0219593048095703 0.00667572021484375 0.0209579467773438 -0.0392494201660156
0.0194358825683594 0.0253543853759766 0.0357818603515625 -0.0584335327148438
0.00669097900390625 0.0350227355957031 0.0492706298828125 -0.0599479675292969
-0.00949859619140625 0.0434837341308594 0.0713043212890625 -0.0302886962890625
0.0137691497802734 0.0229988098144531 0.0218868255615234 -0.0117435455322266
0.01007080078125 0.0110950469970703 0.0142650604248047 0.0214214324951172
0.00996971130371094 0.00397300720214844 0.0460777282714844 0.0153770446777344
0.00882720947265625 -0.000772476196289063 0.0526885986328125 -0.0153274536132813
0.0076904296875 -0.00731992721557617 0.0395584106445312 -0.0462112426757813
0.0035552978515625 -0.0152177810668945 0.0183830261230469 -0.0563926696777344
0.00243854522705078 -0.0155057907104492 0.00717926025390624 -0.0461502075195313
0.00323104858398438 -0.0194435119628906 0.00692749023437499 -0.0381507873535156
0.0116863250732422 -0.0205230712890625 0.00776481628417968 -0.0319671630859375
0.0246677398681641 -0.0115585327148437 0.00576210021972657 -0.0249786376953125
0.0321292877197266 0.00579833984375 0.010162353515625 -0.0281772613525391
0.0220203399658203 0.0338306427001953 0.0150146484375 -0.0352668762207031
0.00606536865234375 0.0530128479003906 0.0292091369628906 -0.0491828918457031
-0.0167160034179687 0.0560569763183594 0.0426406860351562 -0.0485687255859375
-0.0341873168945313 0.0606536865234375 0.0654792785644531 -0.0109748840332031
-0.00054168701171875 0.0497589111328125 0.0199756622314453 0.00324440002441407
0.0136833190917969 0.040252685546875 0.0142707824707031 0.0292129516601563
0.0303401947021484 0.0205554962158203 0.0467491149902344 0.0220565795898438
0.0313587188720703 0.000904083251953125 0.0513916015625 -0.0086212158203125
0.0259056091308594 -0.0205307006835938 0.0392799377441406 -0.0393028259277344
0.0143089294433594 -0.0323390960693359 0.017852783203125 -0.0484542846679688
0.0130481719970703 -0.0310821533203125 0.00491714477539062 -0.0376625061035156
0.0144462585449219 -0.0372543334960938 0.00374794006347657 -0.0286540985107422
0.0264549255371094 -0.0328330993652344 0.00142097473144532 -0.0251560211181641
0.0444717407226563 -0.0140953063964844 -0.00230026245117187 -0.0188159942626953
0.0491828918457031 0.0137138366699219 0.00327873229980469 -0.0237693786621094
0.0253105163574219 0.0533409118652344 0.00788497924804688 -0.0311260223388672
-0.00170135498046875 0.0729141235351563 0.0221519470214844 -0.0368995666503906
-0.0347709655761719 0.0692710876464844 0.0302352905273437 -0.0315303802490234
-0.0547065734863281 0.0672492980957031 0.0497055053710938 0.012359619140625
-0.0176353454589844 0.0688514709472656 0.0126132965087891 0.0217952728271484
0.0116615295410156 0.0659980773925781 0.0104713439941406 0.0382614135742188
0.0448150634765625 0.0383987426757813 0.0409164428710938 0.0297889709472656
0.0496978759765625 0.0046234130859375 0.0450553894042969 0.00055694580078125
0.04144287109375 -0.0297088623046875 0.0351829528808594 -0.0268020629882813
0.0236167907714844 -0.044464111328125 0.0149497985839844 -0.03387451171875
0.0211219787597656 -0.0424003601074219 0.00214576721191407 -0.0233802795410156
0.0224456787109375 -0.0494194030761719 0.000112533569335938 -0.0138444900512695
0.0360946655273438 -0.0423355102539062 -0.00596332550048828 -0.0138034820556641
0.056610107421875 -0.0166358947753906 -0.0111503601074219 -0.00978755950927735
0.0595779418945313 0.0169258117675781 -0.00420761108398437 -0.0187664031982422
0.0279197692871094 0.0641555786132812 0.00231170654296875 -0.0259246826171875
-0.00623321533203126 0.0833206176757813 0.0168018341064453 -0.0219058990478516
-0.0456390380859375 0.073577880859375 0.0128421783447266 -0.0117769241333008
-0.0667228698730469 0.061981201171875 0.0258064270019531 0.0358772277832031
-0.0338668823242188 0.0742721557617188 -0.000625610351562498 0.0408973693847656
0.00274658203125 0.0794830322265625 0.00304794311523437 0.0455703735351563
0.04901123046875 0.0520286560058594 0.0295524597167969 0.0355987548828125
0.0594825744628906 0.0106277465820313 0.0329532623291016 0.0108184814453125
0.0513954162597656 -0.0323867797851563 0.0263347625732422 -0.0107421875
0.0295295715332031 -0.0497627258300781 0.00980091094970703 -0.0149593353271484
0.026123046875 -0.0465545654296875 -0.000788688659667967 -0.00649166107177735
0.0272483825683594 -0.0551605224609375 -0.00362086296081543 0.0040290355682373
0.0404586791992187 -0.0459861755371094 -0.0138082504272461 0.00176239013671874
0.0613784790039063 -0.0170364379882813 -0.019866943359375 0.000900268554687496
0.0621528625488281 0.018310546875 -0.0118236541748047 -0.0129909515380859
0.0258522033691406 0.0676918029785156 -0.00151824951171875 -0.0208568572998047
-0.01220703125 0.0830001831054688 0.0130186080932617 -0.00665473937988281
-0.0526008605957031 0.068115234375 -0.00548362731933594 0.00902938842773438
-0.0671653747558594 0.0444564819335938 -0.000457763671875005 0.0549774169921875
-0.0441093444824219 0.0626373291015625 -0.0158920288085938 0.0558967590332031
-0.00923919677734375 0.07623291015625 -0.00576400756835938 0.0482254028320313
0.0406074523925781 0.0566444396972656 0.01446533203125 0.0379295349121094
0.0567703247070313 0.0160255432128906 0.0174579620361328 0.0187625885009766
0.0525779724121094 -0.0286293029785156 0.0139474868774414 0.00549983978271484
0.0312004089355469 -0.0461006164550781 0.00368213653564453 0.00488519668579101
0.0268630981445313 -0.0438385009765625 -0.00403976440429687 0.0124301910400391
0.0285720825195312 -0.0522956848144531 -0.00799942016601562 0.0217761993408203
0.0400428771972656 -0.0427055358886719 -0.0211257934570312 0.0161609649658203
0.0587692260742188 -0.0140609741210938 -0.0275840759277344 0.0106372833251953
0.056915283203125 0.0202903747558594 -0.0191535949707031 -0.00814819335937499
0.0186004638671875 0.0645256042480469 -0.00475692749023438 -0.0167503356933594
-0.0197067260742187 0.072723388671875 0.00800466537475586 0.00614738464355469
-0.0552024841308594 0.0525474548339844 -0.0253028869628906 0.0266952514648437
-0.0540313720703125 0.0195655822753906 -0.0247840881347656 0.0658798217773438
-0.0429039001464844 0.0383987426757813 -0.0292930603027344 0.0635108947753906
-0.0180168151855469 0.0555610656738281 -0.0123558044433594 0.0470809936523438
0.0250701904296875 0.0478019714355469 0.00124359130859375 0.03668212890625
0.0426902770996094 0.0169754028320313 0.00298309326171875 0.0225734710693359
0.0433197021484375 -0.020111083984375 0.00173187255859375 0.0182228088378906
0.02667236328125 -0.0352821350097656 -0.00298118591308594 0.0231533050537109
0.0230159759521484 -0.0345993041992187 -0.00689697265625 0.0290050506591797
0.025054931640625 -0.0416488647460938 -0.0125579833984375 0.0371856689453125
0.0340385437011719 -0.0338420867919922 -0.0280532836914062 0.02972412109375
0.049468994140625 -0.00939178466796875 -0.0356025695800781 0.0185623168945313
0.045318603515625 0.0205802917480469 -0.0266952514648437 -0.00484085083007813
0.0084228515625 0.0550498962402344 -0.00835895538330078 -0.0147809982299805
-0.0252037048339844 0.0549812316894531 0.0019683837890625 0.0161314010620117
-0.0513267517089844 0.0300331115722656 -0.0455360412597656 0.0392074584960938
-0.0320472717285156 -0.00892257690429687 -0.0395431518554687 0.0688400268554688
-0.0327529907226563 0.00840377807617187 -0.0361862182617187 0.0640373229980469
-0.0211372375488281 0.0252189636230469 -0.0146408081054688 0.04254150390625
0.00654411315917969 0.0299224853515625 -0.00775718688964844 0.0327949523925781
0.0214920043945313 0.0138111114501953 -0.00669670104980469 0.0239696502685547
0.0264377593994141 -0.008880615234375 -0.00689125061035156 0.0269794464111328
0.0178813934326172 -0.0191440582275391 -0.00700759887695313 0.0354156494140625
0.0159378051757813 -0.0196952819824219 -0.00820159912109375 0.0406417846679688
0.0186710357666016 -0.0256271362304688 -0.0160789489746094 0.0482139587402344
0.0240116119384766 -0.0209274291992188 -0.0341110229492188 0.0392570495605469
0.0341567993164063 -0.00396156311035156 -0.0419883728027344 0.0224990844726562
0.0296459197998047 0.0167732238769531 -0.0336074829101563 -0.00390052795410156
-0.000961303710937504 0.0394134521484375 -0.0127668380737305 -0.014134407043457
-0.0270347595214844 0.0313796997070313 -0.00654029846191407 0.0201988220214844
-0.0407981872558594 0.00455856323242187 -0.0621109008789063 0.0427436828613281
0.0142803192138672 0.0206851959228516 0.0676536560058594 -0.0447235107421875
0.0228023529052734 -0.00565147399902344 0.0171642303466797 -0.0214672088623047
0.00354385375976563 -0.0152692794799805 0.0118846893310547 0.0169544219970703
-0.0106306076049805 -0.00953006744384766 0.0435447692871094 0.0121002197265625
-0.0124111175537109 0.000792503356933594 0.0502662658691406 -0.0190963745117188
-0.00956821441650391 0.00781917572021484 0.0361671447753906 -0.04840087890625
-0.00717449188232422 0.00455760955810547 0.0166702270507813 -0.0584678649902344
-0.00870418548583984 0.00327157974243164 0.00688934326171875 -0.0485496520996094
-0.0104007720947266 0.000945091247558593 0.00670623779296875 -0.0416221618652344
-0.00748538970947266 -0.00671625137329102 0.00975608825683594 -0.0337142944335938
0.000811576843261718 -0.0121030807495117 0.00891685485839844 -0.0290622711181641
0.0137138366699219 -0.00934886932373047 0.0129013061523437 -0.0323448181152344
0.0224285125732422 0.00638198852539063 0.0219383239746094 -0.0400428771972656
0.0198650360107422 0.0253543853759766 0.036041259765625 -0.0595626831054687
0.00726318359375 0.0356063842773438 0.0495109558105469 -0.0630569458007813
-0.0096435546875 0.0448265075683594 0.0722274780273438 -0.0319595336914063
0.0143947601318359 0.0233860015869141 0.0213947296142578 -0.0126323699951172
0.0113258361816406 0.0113954544067383 0.0141315460205078 0.0219058990478516
0.0109272003173828 0.00368881225585937 0.0472984313964844 0.0157203674316406
0.00913143157958984 -0.000795364379882813 0.0533714294433594 -0.0153999328613281
0.00721359252929688 -0.0076603889465332 0.0392036437988281 -0.0470695495605469
0.00305366516113281 -0.0156717300415039 0.017425537109375 -0.0574722290039063
0.00242424011230469 -0.0156631469726563 0.00621795654296875 -0.0469131469726563
0.00272560119628906 -0.01959228515625 0.005706787109375 -0.0385932922363281
0.0110530853271484 -0.021026611328125 0.00702857971191406 -0.0327072143554688
0.0249500274658203 -0.0120868682861328 0.00516700744628906 -0.0261402130126953
0.0330581665039063 0.00547409057617188 0.009674072265625 -0.0293006896972656
0.0228614807128906 0.0339870452880859 0.01556396484375 -0.036407470703125
0.00751495361328125 0.0539817810058594 0.0298805236816406 -0.0508079528808594
-0.0164070129394531 0.0570030212402344 0.0432662963867187 -0.0512313842773437
-0.0348739624023437 0.0621452331542969 0.0662422180175781 -0.0127792358398437
0.000316619873046879 0.0508880615234375 0.0199298858642578 0.0023040771484375
0.0147590637207031 0.0412330627441406 0.0139255523681641 0.0302886962890625
0.0315361022949219 0.0201911926269531 0.0470390319824219 0.0221710205078125
0.032073974609375 -0.000423431396484375 0.0522193908691406 -0.00885009765625
0.0255584716796875 -0.0220623016357422 0.0394821166992188 -0.0403633117675781
0.0139255523681641 -0.0335273742675781 0.0169143676757813 -0.0494117736816406
0.0125846862792969 -0.0320453643798828 0.00375747680664063 -0.0378837585449219
0.0132675170898437 -0.0379791259765625 0.00317764282226562 -0.0291614532470703
0.0261020660400391 -0.0341796875 0.00024986267089844 -0.0258560180664063
0.0444488525390625 -0.0156173706054688 -0.00326728820800781 -0.0195293426513672
0.0501670837402344 0.0132522583007813 0.00306129455566407 -0.0255279541015625
0.0263175964355469 0.0542221069335938 0.00804519653320313 -0.0320281982421875
-9.1552734375008E-05 0.0746612548828125 0.0226478576660156 -0.0380821228027344
-0.0340576171875 0.0711669921875 0.0300998687744141 -0.0338535308837891
-0.0544281005859375 0.0694122314453125 0.050811767578125 0.0117301940917969
-0.0166854858398438 0.0699996948242188 0.0126438140869141 0.0216827392578125
0.0130157470703125 0.0666656494140625 0.0102424621582031 0.0391769409179688
0.0465278625488281 0.0373764038085938 0.0414505004882813 0.0298652648925781
0.0506439208984375 0.00357437133789063 0.0454368591308594 0.00133132934570313
0.0409393310546875 -0.0311088562011719 0.0354957580566406 -0.0275650024414063
0.0228309631347656 -0.0460777282714844 0.0142822265625 -0.0349521636962891
0.0201492309570312 -0.0435409545898438 0.00110435485839844 -0.0239715576171875
0.0214042663574219 -0.0511894226074219 -0.000932693481445312 -0.0144243240356445
0.0350608825683594 -0.0437736511230469 -0.00706005096435547 -0.0138673782348633
0.0567512512207031 -0.018707275390625 -0.0113019943237305 -0.00991725921630859
0.0607833862304688 0.0153007507324219 -0.00448799133300781 -0.0197257995605469
0.0299034118652344 0.0650863647460938 0.00241851806640625 -0.0266361236572266
-0.004180908203125 0.0846176147460937 0.0171451568603516 -0.0230464935302734
-0.0453414916992188 0.0758819580078125 0.0128393173217773 -0.0128993988037109
-0.0672454833984375 0.0640983581542969 0.0270118713378906 0.0357246398925781
-0.0333404541015625 0.0758438110351563 -0.000518798828124998 0.0411949157714844
0.00420379638671875 0.08160400390625 0.00269317626953125 0.0462646484375
0.0508499145507813 0.0515213012695313 0.0302352905273438 0.0364303588867188
0.0604629516601563 0.00934600830078125 0.0333633422851563 0.0115089416503906
0.0512733459472656 -0.0346603393554688 0.0263442993164063 -0.0114879608154297
0.0286521911621094 -0.0511589050292969 0.00952625274658203 -0.0154895782470703
0.0252571105957031 -0.0481948852539062 -0.00168466567993164 -0.00635337829589844
0.0259246826171875 -0.0570144653320312 -0.00417256355285644 0.00403785705566406
0.0393333435058594 -0.04779052734375 -0.0143356323242187 0.00157642364501953
0.0620536804199219 -0.0194244384765625 -0.0204696655273437 0.00146865844726563
0.063262939453125 0.0172119140625 -0.0121498107910156 -0.0140295028686523
0.0277938842773438 0.0680885314941406 -0.00156402587890625 -0.0219268798828125
-0.01055908203125 0.0843734741210938 0.0134010314941406 -0.00722312927246093
-0.0529518127441406 0.0697402954101562 -0.00591802597045899 0.00870609283447266
-0.0673904418945313 0.046783447265625 0.00074386596679687 0.05615234375
-0.0435867309570313 0.0638999938964844 -0.015899658203125 0.0562286376953125
-0.00837707519531249 0.077880859375 -0.00624084472656251 0.0490264892578125
0.0428009033203125 0.0564041137695312 0.0146369934082031 0.0392303466796875
0.0580253601074219 0.0151519775390625 0.0170650482177734 0.0196208953857422
0.0518798828125 -0.0307159423828125 0.0143909454345703 0.00508403778076172
0.0304679870605469 -0.0478897094726563 0.003570556640625 0.00504875183105468
0.026123046875 -0.0454521179199219 -0.00422954559326172 0.0126762390136719
0.0272369384765625 -0.054290771484375 -0.00807762145996094 0.0217609405517578
0.0390357971191406 -0.0444297790527344 -0.0216522216796875 0.0165882110595703
0.05914306640625 -0.0164794921875 -0.0281009674072266 0.0111656188964844
0.0582275390625 0.0190238952636719 -0.0195064544677734 -0.00885772705078125
0.0200691223144531 0.0655059814453125 -0.00522041320800781 -0.017669677734375
-0.0182876586914063 0.0744705200195313 0.00858020782470703 0.00598907470703125
-0.0552215576171875 0.0547027587890625 -0.0252628326416016 0.0266895294189453
-0.0535736083984375 0.0211753845214844 -0.0245513916015625 0.0677299499511719
-0.0427932739257813 0.0397491455078125 -0.0294189453125 0.0647010803222656
-0.01727294921875 0.0572967529296875 -0.0132789611816406 0.0473861694335938
0.0267448425292969 0.0481681823730469 0.001617431640625 0.0373001098632812
0.0436935424804688 0.016387939453125 0.00284004211425782 0.0235671997070313
0.0427207946777344 -0.021575927734375 0.0022125244140625 0.0185317993164063
0.0257301330566406 -0.0370330810546875 -0.00228500366210937 0.0236568450927734
0.0223464965820312 -0.0359230041503906 -0.006622314453125 0.0294380187988281
0.0243072509765625 -0.043212890625 -0.0117454528808594 0.0379257202148438
0.0333175659179688 -0.0355224609375 -0.0282039642333984 0.0303611755371094
0.0503158569335938 -0.0107154846191406 -0.0357093811035156 0.0192222595214844
0.0465965270996094 0.0195655822753906 -0.0272426605224609 -0.00502777099609374
0.0101661682128906 0.0554924011230469 -0.00864315032958984 -0.0151481628417969
-0.024932861328125 0.0559768676757813 0.00235652923583984 0.0163640975952148
-0.0517425537109375 0.0315704345703125 -0.0451393127441406 0.03961181640625
-0.0325069427490234 -0.00825881958007812 -0.0392532348632813 0.0714263916015625
-0.0327777862548828 0.0089569091796875 -0.0366401672363281 0.0656356811523437
-0.0211658477783203 0.0263748168945313 -0.0156135559082031 0.0432395935058594
0.00738906860351563 0.0296974182128906 -0.00791549682617187 0.0339374542236328
0.0221691131591797 0.0135345458984375 -0.0066680908203125 0.0252265930175781
0.026214599609375 -0.00966835021972656 -0.00594520568847656 0.0275592803955078
0.0173854827880859 -0.0198459625244141 -0.00623703002929688 0.0365066528320313
0.0155982971191406 -0.0205440521240234 -0.008087158203125 0.0415000915527344
0.0180149078369141 -0.0264396667480469 -0.0153999328613281 0.0491752624511719
0.0239810943603516 -0.0220394134521484 -0.0338287353515625 0.0401535034179687
0.0351600646972656 -0.00474166870117188 -0.0422897338867188 0.0236854553222656
0.0306453704833984 0.0166778564453125 -0.0338878631591797 -0.00394058227539062
-9.15527343749967E-05 0.039794921875 -0.0131721496582031 -0.0151472091674805
-0.0269584655761719 0.0320186614990234 -0.00621986389160156 0.0206241607666016
-0.0411376953125 0.00493240356445313 -0.0621337890625 0.0445632934570312
0.0149383544921875 0.0213260650634766 0.0680618286132813 -0.0481834411621094
0.0233230590820313 -0.00651741027832031 0.0164642333984375 -0.0225677490234375
0.00339603424072266 -0.0157194137573242 0.0124225616455078 0.0177402496337891
-0.0110979080200195 -0.00879669189453125 0.044921875 0.0115585327148438
-0.0126848220825195 0.00145912170410156 0.0513992309570313 -0.0204353332519531
-0.0095510482788086 0.0081634521484375 0.0361328125 -0.0502204895019531
-0.00682401657104492 0.00484323501586914 0.0149574279785156 -0.0601921081542969
-0.00859165191650391 0.00372743606567383 0.00504684448242187 -0.0497817993164063
-0.0107793807983398 0.00167942047119141 0.00567245483398437 -0.0428695678710938
-0.00803470611572266 -0.00667619705200195 0.00866889953613281 -0.0351428985595703
0.000665664672851561 -0.0127639770507813 0.00796318054199219 -0.0306816101074219
0.0135993957519531 -0.00972175598144531 0.0125617980957031 -0.0346794128417969
0.0228538513183594 0.00650596618652344 0.0222053527832031 -0.0418891906738281
0.0211715698242188 0.0261497497558594 0.0358848571777344 -0.0626449584960937
0.00812911987304688 0.0364913940429688 0.0490341186523437 -0.0679740905761719
-0.0093231201171875 0.0472640991210938 0.0730819702148438 -0.0350875854492188
0.0153942108154297 0.0236606597900391 0.0205650329589844 -0.0138053894042969
0.0121316909790039 0.0117835998535156 0.0145454406738281 0.0230770111083984
0.0112934112548828 0.00349617004394531 0.0486564636230469 0.0152473449707031
0.00968360900878906 -0.00129032135009766 0.0546493530273437 -0.0172882080078125
0.00679874420166016 -0.00916671752929688 0.0393180847167969 -0.0494537353515625
0.00297069549560547 -0.0167217254638672 0.0163116455078125 -0.05938720703125
0.00162029266357422 -0.0159950256347656 0.0041351318359375 -0.0482063293457031
0.00206947326660156 -0.0201225280761719 0.00424957275390625 -0.040283203125
0.0107307434082031 -0.0217304229736328 0.00520896911621094 -0.0339469909667969
0.0252571105957031 -0.0135307312011719 0.0039825439453125 -0.0273113250732422
0.0340576171875 0.00432586669921875 0.00948715209960938 -0.0311470031738281
0.0248012542724609 0.0351333618164063 0.015960693359375 -0.0376548767089844
0.00881195068359374 0.055450439453125 0.0298347473144531 -0.0532646179199219
-0.0155754089355469 0.0595550537109375 0.0431594848632813 -0.0554580688476563
-0.0338706970214844 0.0654754638671875 0.0676994323730469 -0.0151138305664062
0.00223922729492188 0.052001953125 0.0199356079101563 0.00200462341308594
0.0168533325195312 0.0422935485839844 0.0144596099853516 0.0316867828369141
0.0331707000732422 0.0196151733398437 0.048797607421875 0.0224876403808594
0.0330867767333984 -0.0015106201171875 0.0536880493164063 -0.00972366333007813
0.02459716796875 -0.0237693786621094 0.0396614074707031 -0.0424041748046875
0.0127639770507813 -0.0355682373046875 0.0153770446777344 -0.0513153076171875
0.0114479064941406 -0.0333786010742188 0.0019989013671875 -0.0392913818359375
0.0121841430664062 -0.039947509765625 0.00155258178710938 -0.0304145812988281
0.0253067016601563 -0.0360870361328125 -0.000970840454101563 -0.0266094207763672
0.0452537536621094 -0.0178871154785156 -0.003814697265625 -0.0206527709960938
0.0518074035644531 0.0113143920898438 0.00262641906738281 -0.0276565551757813
0.0288581848144531 0.0552749633789063 0.00811958312988281 -0.0331439971923828
0.00232696533203125 0.0773239135742187 0.0225296020507813 -0.0404090881347656
-0.0331344604492188 0.0747146606445313 0.029815673828125 -0.0367431640625
-0.0538787841796875 0.0734405517578125 0.0524711608886719 0.0105857849121094
-0.0148391723632813 0.072021484375 0.0128173828125 0.0212135314941406
0.0157966613769531 0.0692787170410156 0.0103225708007813 0.0405197143554688
0.0491142272949219 0.0367889404296875 0.0428695678710938 0.0308189392089844
0.0521202087402344 0.00152587890625 0.0469703674316406 0.00123977661132813
0.0405006408691406 -0.0344619750976562 0.0357208251953125 -0.0289993286132813
0.02166748046875 -0.04852294921875 0.0134315490722656 -0.03594970703125
0.0190315246582031 -0.0456581115722656 -4.19616699218748E-05 -0.0243549346923828
0.0195198059082031 -0.0537490844726562 -0.0015869140625 -0.0146951675415039
0.0341873168945313 -0.0465545654296875 -0.00848674774169922 -0.0141668319702148
0.0578346252441406 -0.0220184326171875 -0.0124130249023437 -0.0104827880859375
0.0628662109375 0.0138053894042969 -0.00590324401855468 -0.0215625762939453
0.032989501953125 0.0657386779785156 0.00202560424804688 -0.0278186798095703
-0.00136566162109375 0.08770751953125 0.0170879364013672 -0.0248985290527344
-0.0449752807617187 0.0800399780273438 0.0126504898071289 -0.0151195526123047
-0.0669822692871094 0.0678024291992188 0.0288887023925781 0.0358352661132813
-0.0316085815429688 0.0784683227539063 7.2479248046877E-05 0.0416412353515625
0.00679779052734375 0.0839767456054688 0.00281143188476563 0.0479240417480469
0.0537528991699219 0.0512924194335938 0.0311279296875 0.03729248046875
0.0626945495605469 0.00757598876953125 0.0343666076660156 0.0118942260742188
0.0506362915039063 -0.0378265380859375 0.0272712707519531 -0.0121059417724609
0.0271034240722656 -0.0542068481445313 0.00944709777832032 -0.0160884857177734
0.0232582092285156 -0.0507316589355469 -0.00241613388061523 -0.00565576553344727
0.0243110656738281 -0.0601806640625 -0.00417089462280273 0.00373339653015136
0.0380210876464844 -0.0507087707519531 -0.0156641006469727 0.00223541259765624
0.0631828308105469 -0.0230941772460938 -0.0207252502441406 0.00136375427246093
0.0660476684570313 0.0151863098144531 -0.0133686065673828 -0.0150880813598633
0.0311927795410156 0.0693016052246094 -0.00211334228515625 -0.0226669311523437
-0.00729370117187499 0.0873870849609375 0.0137271881103516 -0.00862026214599609
-0.0525741577148438 0.0738525390625 -0.00577831268310547 0.00833272933959961
-0.0671806335449219 0.0502395629882813 0.00188827514648437 0.0578041076660156
-0.0430335998535156 0.0668754577636719 -0.015228271484375 0.0579452514648438
-0.00597381591796875 0.080810546875 -0.00643539428710937 0.0509567260742188
0.04638671875 0.0560226440429688 0.015777587890625 0.0407829284667969
0.0600852966308594 0.0134773254394531 0.0185165405273438 0.0207195281982422
0.0517120361328125 -0.0338668823242188 0.0156621932983398 0.005218505859375
0.0288543701171875 -0.05059814453125 0.00410127639770508 0.00523805618286132
0.0248756408691406 -0.0479736328125 -0.00454616546630859 0.0132894515991211
0.0255355834960938 -0.0576896667480469 -0.00774574279785156 0.0225620269775391
0.0376052856445313 -0.0472259521484375 -0.0224933624267578 0.0180740356445313
0.0605201721191406 -0.0195770263671875 -0.0284824371337891 0.0121345520019531
0.0606956481933594 0.0171012878417969 -0.0208263397216797 -0.0092315673828125
0.0230178833007813 0.0667686462402344 -0.00554847717285156 -0.0183029174804688
-0.0160598754882812 0.0770034790039063 0.00901126861572265 0.00555992126464844
-0.0552482604980469 0.0579109191894531 -0.0254249572753906 0.0279006958007813
-0.0547218322753906 0.0233383178710938 -0.0228424072265625 0.0711212158203125
-0.0427474975585938 0.042236328125 -0.0290985107421875 0.0667839050292969
-0.0159454345703125 0.0597991943359375 -0.0128402709960938 0.0495147705078125
0.0287590026855469 0.0477218627929687 0.00164413452148438 0.0393447875976563
0.0455780029296875 0.015350341796875 0.00392913818359375 0.0252323150634766
0.0426406860351563 -0.0242919921875 0.00339508056640625 0.0193576812744141
0.0247077941894531 -0.0387229919433594 -0.00163459777832031 0.0244827270507812
0.0216445922851563 -0.0374565124511719 -0.006378173828125 0.0309028625488281
0.0231590270996094 -0.0462913513183594 -0.0108299255371094 0.0396194458007813
0.0324172973632813 -0.037811279296875 -0.0284423828125 0.0328083038330078
0.0511360168457031 -0.0140533447265625 -0.0364875793457031 0.0207252502441406
0.0485420227050781 0.017852783203125 -0.0280857086181641 -0.00545120239257813
0.011962890625 0.057037353515625 -0.00963306427001953 -0.016204833984375
-0.0231513977050781 0.0586967468261719 0.00243854522705078 0.0165328979492188
-0.0523948669433594 0.0342140197753906 -0.0456695556640625 0.0423431396484375
-0.0328769683837891 -0.00802421569824218 -0.0384521484375 0.0752182006835937
-0.0333366394042969 0.0100860595703125 -0.0363235473632813 0.068450927734375
-0.0211124420166016 0.0276279449462891 -0.0161209106445313 0.0450515747070313
0.00847434997558594 0.0306358337402344 -0.00753021240234375 0.0357933044433594
0.0233993530273438 0.0130062103271484 -0.0062103271484375 0.02667236328125
0.0264797210693359 -0.0112705230712891 -0.00508308410644531 0.0288906097412109
0.0170497894287109 -0.0209770202636719 -0.00515365600585937 0.0379409790039063
0.0149765014648438 -0.0219440460205078 -0.006378173828125 0.0430679321289063
0.0171794891357422 -0.028472900390625 -0.014434814453125 0.0513954162597656
0.0236454010009766 -0.0236759185791016 -0.0340461730957031 0.0428428649902344
0.0360603332519531 -0.00684356689453125 -0.0426025390625 0.0258293151855469
0.0318603515625 0.0160102844238281 -0.0353927612304688 -0.00346374511718749
0.00153732299804688 0.0410194396972656 -0.0139989852905273 -0.0154170989990234
-0.0263576507568359 0.0334911346435547 -0.00571250915527344 0.0208969116210938
-0.0424690246582031 0.00625228881835937 -0.0631256103515625 0.0476951599121094
0.01611328125 0.0212039947509766 0.067138671875 -0.052978515625
0.0228614807128906 -0.00739479064941406 0.0150661468505859 -0.0240631103515625
0.00312995910644531 -0.0161733627319336 0.0131397247314453 0.0181503295898438
-0.0114517211914063 -0.00852680206298828 0.0464973449707031 0.0101242065429688
-0.0124549865722656 0.00220012664794922 0.0514717102050781 -0.0236892700195313
-0.00950145721435547 0.00925350189208984 0.0339622497558594 -0.0525665283203125
-0.00695323944091797 0.00512313842773437 0.0120124816894531 -0.0624237060546875
-0.00826406478881836 0.00471782684326172 0.00298690795898437 -0.0512466430664063
-0.0108709335327148 0.00279998779296875 0.00265884399414062 -0.0444869995117188
-0.00858592987060547 -0.00610876083374024 0.006805419921875 -0.0366554260253906
-0.000307083129882812 -0.0124721527099609 0.00615119934082031 -0.0323925018310547
0.0132770538330078 -0.0103549957275391 0.0113945007324219 -0.0362052917480469
0.0236053466796875 0.0053863525390625 0.0217933654785156 -0.0441970825195312
0.023040771484375 0.0256137847900391 0.0336494445800781 -0.0662879943847656
0.0106430053710938 0.0368080139160156 0.046783447265625 -0.073211669921875
-0.00738525390625 0.0489044189453125 0.0729827880859375 -0.0399246215820312
0.0169219970703125 0.0233993530273438 0.0205726623535156 -0.0154247283935547
0.0130653381347656 0.0115480422973633 0.0154857635498047 0.0233993530273438
0.0120248794555664 0.00284290313720703 0.050262451171875 0.0139083862304688
0.00983047485351563 -0.00200939178466797 0.0553550720214844 -0.0197029113769531
0.00639820098876953 -0.00961399078369141 0.0376358032226562 -0.0523185729980469
0.00127983093261719 -0.017333984375 0.0131301879882812 -0.0615615844726563
0.000874519348144532 -0.0163984298706055 0.0015869140625 -0.048736572265625
0.000108718872070314 -0.0208625793457031 0.00176239013671875 -0.0416641235351563
0.00931739807128906 -0.0226345062255859 0.00321197509765625 -0.034942626953125
0.0249347686767578 -0.0152912139892578 0.0021209716796875 -0.0288887023925781
0.0348358154296875 0.00255012512207031 0.00835800170898438 -0.0333328247070313
0.0265102386474609 0.0346851348876953 0.0151176452636719 -0.0395317077636719
0.0122451782226562 0.0564193725585938 0.02813720703125 -0.0560493469238281
-0.0131034851074219 0.0620231628417969 0.0409927368164063 -0.0599899291992187
-0.0317115783691406 0.0688667297363281 0.0684089660644531 -0.0192680358886719
0.00438308715820313 0.0524101257324219 0.0199775695800781 0.000228881835937503
0.0201301574707031 0.0425872802734375 0.0155277252197266 0.0321292877197266
0.0350627899169922 0.0180473327636719 0.0508384704589844 0.0212936401367187
0.0334949493408203 -0.00325584411621094 0.0545425415039063 -0.0115585327148438
0.0233707427978516 -0.0261459350585938 0.0383491516113281 -0.0449485778808594
0.0109024047851563 -0.0370559692382813 0.0131416320800781 -0.0530509948730469
0.00972366333007813 -0.0344734191894531 -0.000274658203124998 -0.0396041870117187
0.0100784301757812 -0.0415573120117188 -0.000354766845703124 -0.0313224792480469
0.0234794616699219 -0.03790283203125 -0.00346755981445313 -0.0270481109619141
0.0449600219726563 -0.0208473205566406 -0.00506782531738281 -0.0213642120361328
0.0534896850585937 0.00887680053710937 0.000995635986328128 -0.0290737152099609
0.0327262878417969 0.0550460815429688 0.00745391845703125 -0.0346431732177734
0.00659942626953125 0.0786972045898438 0.0216751098632813 -0.0430908203125
-0.0306777954101562 0.0783843994140625 0.0280303955078125 -0.0400238037109375
-0.0526199340820313 0.0777587890625 0.054046630859375 0.00768661499023438
-0.0118408203125 0.0743331909179688 0.0133647918701172 0.0203590393066406
0.0201377868652344 0.0700607299804688 0.01165771484375 0.0418586730957031
0.0524559020996094 0.0346221923828125 0.04486083984375 0.0300788879394531
0.0535469055175781 -0.00148391723632813 0.0484695434570312 -0.00051116943359375
0.0388336181640625 -0.0372543334960938 0.0352973937988281 -0.0309562683105469
0.0188674926757813 -0.0510215759277344 0.0116386413574219 -0.0375785827636719
0.0165214538574219 -0.0476913452148437 -0.00223541259765625 -0.0243625640869141
0.0161514282226563 -0.0558891296386719 -0.00285053253173828 -0.0151185989379883
0.0316925048828125 -0.0490875244140625 -0.0102558135986328 -0.0135488510131836
0.0572013854980469 -0.0259437561035156 -0.0134801864624023 -0.0106897354125977
0.0649032592773438 0.00978851318359375 -0.00716781616210937 -0.0226631164550781
0.0376319885253906 0.0657081604003906 0.00111770629882812 -0.0291748046875
0.00314331054687499 0.0896682739257813 0.0165691375732422 -0.0270919799804688
-0.0421295166015625 0.084381103515625 0.0118131637573242 -0.0168342590332031
-0.065093994140625 0.0726776123046875 0.0311737060546875 0.0349388122558594
-0.0289077758789063 0.081207275390625 0.00151824951171875 0.0419807434082031
0.011627197265625 0.0862350463867187 0.00358963012695312 0.04931640625
0.057830810546875 0.0490341186523437 0.032958984375 0.0377388000488281
0.0642738342285156 0.00409698486328125 0.0357589721679688 0.0117225646972656
0.0490989685058594 -0.0415496826171875 0.0273685455322266 -0.0138397216796875
0.0246238708496094 -0.0572929382324219 0.008270263671875 -0.0171375274658203
0.0209503173828125 -0.0530052185058594 -0.0036163330078125 -0.00529670715332032
0.0206451416015625 -0.0630340576171875 -0.00505447387695313 0.00406122207641601
0.0356597900390625 -0.0540199279785156 -0.0164604187011719 0.00336551666259765
0.062713623046875 -0.0278396606445313 -0.0213470458984375 0.00214576721191406
0.0679855346679688 0.0112571716308594 -0.0146598815917969 -0.0155630111694336
0.0357513427734375 0.0697441101074219 -0.00326347351074219 -0.0232505798339844
-0.00289154052734375 0.089324951171875 0.0136966705322266 -0.0100011825561523
-0.050018310546875 0.0781326293945313 -0.00591516494750977 0.00778341293334961
-0.0664596557617188 0.0545005798339844 0.00481414794921874 0.0587158203125
-0.0405197143554687 0.0699348449707031 -0.0132064819335938 0.0597038269042969
-0.00202941894531251 0.0830841064453125 -0.0051727294921875 0.0524101257324219
0.0503005981445313 0.0546684265136719 0.0172653198242188 0.0413475036621094
0.0618171691894531 0.0100860595703125 0.0199813842773438 0.0213851928710938
0.0502586364746094 -0.0376510620117188 0.0166549682617188 0.00461578369140625
0.0263710021972656 -0.0537681579589844 0.00437164306640625 0.0051431655883789
0.0222740173339844 -0.0504302978515625 -0.00454902648925781 0.0139665603637695
0.0218658447265625 -0.0604743957519531 -0.00718116760253906 0.0231876373291016
0.0353813171386719 -0.0510063171386719 -0.0222320556640625 0.0197696685791016
0.0601425170898438 -0.0241966247558594 -0.0287132263183594 0.0134067535400391
0.062652587890625 0.0134429931640625 -0.0222015380859375 -0.00905799865722656
0.0276870727539063 0.0664939880371094 -0.00669288635253906 -0.0185680389404297
-0.01202392578125 0.0791778564453125 0.00974845886230469 0.0045766830444336
-0.0537757873535156 0.0624656677246094 -0.0251350402832031 0.0288181304931641
-0.0546493530273438 0.0260963439941406 -0.0199737548828125 0.074066162109375
-0.04119873046875 0.0451011657714844 -0.0268821716308594 0.069488525390625
-0.0132637023925781 0.0620307922363281 -0.0119209289550781 0.0512580871582031
0.0321273803710938 0.0470962524414063 0.00275421142578125 0.0410652160644531
0.0473403930664062 0.0123825073242187 0.00485038757324219 0.0266857147216797
0.0418853759765625 -0.0275955200195312 0.00460052490234375 0.0195102691650391
0.0228347778320313 -0.0410499572753906 -0.000495910644531249 0.0257186889648437
0.0197830200195312 -0.0396804809570313 -0.00503921508789063 0.0318489074707031
0.0200843811035156 -0.0491676330566406 -0.00911712646484375 0.0406303405761719
0.0309295654296875 -0.0409584045410156 -0.0278644561767578 0.0347023010253906
0.0511131286621094 -0.0173912048339844 -0.0359420776367188 0.0230064392089844
0.0506362915039063 0.0152778625488281 -0.0295829772949219 -0.00460052490234375
0.0154342651367188 0.0578041076660156 -0.0108299255371094 -0.0157403945922852
-0.0204887390136719 0.06085205078125 0.0035552978515625 0.0163869857788086
-0.0520286560058594 0.0378837585449219 -0.04400634765625 0.0449638366699219
-0.0337982177734375 -0.00611686706542968 -0.0355606079101562 0.0792922973632812
-0.0332660675048828 0.011932373046875 -0.0342636108398438 0.0718994140625
-0.0202217102050781 0.0295810699462891 -0.0147209167480469 0.046966552734375
0.0103950500488281 0.0298614501953125 -0.00661468505859375 0.0376853942871094
0.0243816375732422 0.011810302734375 -0.00484085083007812 0.0286350250244141
0.0255393981933594 -0.0128250122070313 -0.003631591796875 0.0300941467285156
0.0158710479736328 -0.0221672058105469 -0.00281524658203125 0.0389556884765625
0.0141277313232422 -0.023284912109375 -0.00509262084960938 0.0441741943359375
0.0156059265136719 -0.0303726196289063 -0.0119895935058594 0.0529289245605469
0.0223331451416016 -0.0257663726806641 -0.0327720642089844 0.0451469421386719
0.0361366271972656 -0.0091705322265625 -0.0423011779785156 0.0283393859863281
0.0333518981933594 0.0146312713623047 -0.0361747741699219 -0.00188446044921875
0.0034637451171875 0.0419387817382813 -0.0152654647827148 -0.0153112411499023
-0.0252838134765625 0.0349884033203125 -0.00435066223144531 0.0216808319091797
-0.0428962707519531 0.00835037231445313 -0.0614891052246094 0.0515937805175781
0.0163955688476563 0.0210456848144531 0.0638618469238281 -0.0566520690917969
0.022491455078125 -0.00922203063964844 0.0136547088623047 -0.0248222351074219
0.00237178802490234 -0.0167551040649414 0.0140781402587891 0.0182647705078125
-0.0118799209594727 -0.00791549682617187 0.0472030639648438 0.00789260864257813
-0.0122652053833008 0.00278854370117188 0.0501899719238281 -0.0262527465820313
-0.00921535491943359 0.00943374633789062 0.0312004089355469 -0.0545616149902344
-0.00715732574462891 0.00575828552246094 0.00834274291992187 -0.0631256103515625
-0.00783252716064453 0.00531578063964844 -0.000114440917968746 -0.0506858825683594
-0.00998687744140625 0.00399494171142578 -0.000419616699218751 -0.044464111328125
-0.00911426544189453 -0.00526046752929688 0.00457000732421875 -0.0372047424316406
-0.000972747802734374 -0.0124187469482422 0.00420570373535156 -0.0332889556884766
0.0130205154418945 -0.0112028121948242 0.00979995727539062 -0.0377006530761719
0.0236625671386719 0.00395584106445313 0.0201759338378906 -0.0453605651855469
0.0242042541503906 0.0243358612060547 0.030914306640625 -0.0680618286132813
0.0117073059082031 0.0364761352539063 0.0430831909179688 -0.0765380859375
-0.00534439086914062 0.0501327514648438 0.0705947875976563 -0.0436248779296875
0.0181827545166016 0.0220470428466797 0.0189952850341797 -0.0168361663818359
0.0141153335571289 0.0107307434082031 0.0162734985351563 0.0236358642578125
0.0123147964477539 0.00186634063720703 0.0513038635253906 0.0119132995605469
0.00982952117919922 -0.00295543670654297 0.0543861389160156 -0.0222244262695313
0.00549793243408203 -0.01025390625 0.0347900390625 -0.0541267395019531
0.000246047973632814 -0.0177478790283203 0.00946426391601562 -0.0619544982910156
-0.000145912170410156 -0.0161514282226563 -0.0014801025390625 -0.0484657287597656
-0.000934600830078123 -0.0202884674072266 -0.000900268554687495 -0.0413818359375
0.00781059265136719 -0.0230579376220703 0.000801086425781254 -0.0354690551757813
0.02374267578125 -0.0167789459228516 0.000272750854492187 -0.0295810699462891
0.0352325439453125 0.000812530517578125 0.00654792785644532 -0.0344429016113281
0.0283470153808594 0.0333671569824219 0.0141105651855469 -0.0406150817871094
0.0147628784179687 0.0558624267578125 0.0253524780273437 -0.0584487915039062
-0.0100440979003906 0.0627632141113281 0.0377922058105469 -0.0632438659667969
-0.0285263061523437 0.0706024169921875 0.0667800903320313 -0.0230140686035156
0.00678634643554687 0.0522689819335938 0.0191822052001953 -0.00141716003417968
0.0227737426757812 0.0416908264160156 0.0167217254638672 0.0322227478027344
0.03656005859375 0.0155563354492188 0.0514450073242188 0.0192947387695313
0.0329856872558594 -0.00537490844726563 0.0541648864746094 -0.0140190124511719
0.0216693878173828 -0.0278530120849609 0.0363388061523438 -0.0470504760742187
0.00822067260742188 -0.0381584167480469 0.00979232788085938 -0.0536422729492188
0.00750541687011719 -0.0350914001464844 -0.00287246704101562 -0.0386886596679688
0.0070343017578125 -0.0418968200683594 -0.0030517578125 -0.0310478210449219
0.0209197998046875 -0.0390815734863281 -0.00536537170410156 -0.0268974304199219
0.0432243347167969 -0.0235176086425781 -0.00713729858398437 -0.0219249725341797
0.0540695190429688 0.00580215454101563 -0.000551223754882812 -0.0300216674804688
0.0357398986816406 0.0534439086914062 0.00637054443359375 -0.0354804992675781
0.0107192993164062 0.0784988403320313 0.0196952819824219 -0.0449295043945313
-0.0267410278320313 0.0805206298828125 0.0256233215332031 -0.0427589416503906
-0.0488433837890625 0.080841064453125 0.0540313720703125 0.00421524047851563
-0.00797271728515624 0.0741958618164063 0.0138492584228516 0.0192890167236328
0.0243072509765625 0.0692405700683594 0.0127105712890625 0.0417671203613281
0.054443359375 0.0311470031738281 0.0458908081054688 0.0284156799316406
0.05303955078125 -0.00460052490234375 0.048553466796875 -0.001953125
0.0356559753417969 -0.0400238037109375 0.0340385437011719 -0.0328502655029297
0.0150680541992187 -0.0522537231445313 0.00928878784179688 -0.0380172729492188
0.0139007568359375 -0.0483283996582031 -0.00368118286132812 -0.0240097045898438
0.0127143859863281 -0.05743408203125 -0.00433921813964844 -0.0151958465576172
0.0281982421875 -0.0508003234863281 -0.0117435455322266 -0.0132007598876953
0.0553741455078125 -0.0301933288574219 -0.0145835876464844 -0.0103521347045898
0.0652847290039062 0.0061187744140625 -0.00855636596679687 -0.0230255126953125
0.0411338806152344 0.0639610290527344 0.000366210937500005 -0.0295810699462891
0.008209228515625 0.0893478393554687 0.0156421661376953 -0.0284862518310547
-0.03826904296875 0.086883544921875 0.0104198455810547 -0.0185909271240234
-0.06146240234375 0.0761871337890625 0.0325107574462891 0.0330448150634766
-0.0244827270507812 0.082366943359375 0.00299835205078125 0.0411758422851563
0.016357421875 0.0855712890625 0.00546264648437501 0.0499839782714844
0.0604705810546875 0.0451736450195313 0.0341110229492188 0.0366172790527344
0.0641746520996094 0.0003814697265625 0.0366630554199219 0.0105934143066406
0.0458030700683594 -0.0446014404296875 0.0271015167236328 -0.0153141021728516
0.0202827453613281 -0.0587844848632813 0.00746536254882813 -0.0175914764404297
0.0172386169433594 -0.0542755126953125 -0.00426959991455078 -0.00491142272949219
0.015838623046875 -0.0645904541015625 -0.00535440444946289 0.00409889221191406
0.0317497253417969 -0.0564002990722656 -0.017033576965332 0.00440025329589843
0.0605659484863281 -0.0320472717285156 -0.0214824676513672 0.00286102294921875
0.0683975219726563 0.0070648193359375 -0.016169548034668 -0.0153341293334961
0.0395736694335938 0.0675582885742188 -0.00413894653320312 -0.0236606597900391
0.0020599365234375 0.0899505615234375 0.0132455825805664 -0.0112504959106445
-0.0463638305664063 0.0811538696289063 -0.00605010986328125 0.00688695907592774
-0.0636215209960937 0.0579872131347656 0.00759506225585938 0.0587196350097656
-0.0365829467773438 0.0715484619140625 -0.0107994079589844 0.0598106384277344
0.00260162353515625 0.0841140747070313 -0.00329971313476563 0.0533103942871094
0.0526313781738281 0.0513801574707031 0.0185661315917969 0.0413627624511719
0.0623588562011719 0.00644683837890625 0.020965576171875 0.0212841033935547
0.0473213195800781 -0.0405464172363281 0.0169858932495117 0.00405502319335937
0.0226593017578125 -0.05511474609375 0.00465202331542969 0.00485849380493164
0.0189781188964844 -0.0514945983886719 -0.00435352325439453 0.0147218704223633
0.0172119140625 -0.0621337890625 -0.00617790222167969 0.0234889984130859
0.0314788818359375 -0.0532264709472656 -0.0215854644775391 0.0210590362548828
0.0586051940917969 -0.0286369323730469 -0.0277442932128906 0.0146312713623047
0.0632095336914063 0.009429931640625 -0.0229740142822266 -0.00827407836914062
0.03143310546875 0.0655174255371094 -0.00789642333984375 -0.0185222625732422
-0.00772857666015626 0.0798263549804688 0.00988674163818359 0.00359916687011719
-0.0505790710449219 0.0656700134277344 -0.0234527587890625 0.0298614501953125
-0.0529708862304688 0.0294761657714844 -0.0164794921875 0.0752029418945313
-0.0390167236328125 0.0465087890625 -0.0238113403320313 0.0706939697265625
-0.010009765625 0.0631828308105469 -0.0106353759765625 0.0522308349609375
0.0351524353027344 0.0449638366699219 0.00471878051757813 0.04107666015625
0.0476417541503906 0.009979248046875 0.00639915466308594 0.0270843505859375
0.0397720336914063 -0.029876708984375 0.00583457946777344 0.0195465087890625
0.0198707580566406 -0.0429153442382813 0.00125885009765625 0.0249576568603516
0.0172538757324219 -0.0411491394042969 -0.00335502624511719 0.0325298309326172
0.0164718627929688 -0.0505828857421875 -0.0069732666015625 0.0406036376953125
0.0279998779296875 -0.04315185546875 -0.0261344909667969 0.0359916687011719
0.0497970581054688 -0.0212516784667969 -0.0346584320068359 0.0244331359863281
0.0509872436523438 0.0119895935058594 -0.0299015045166016 -0.00330162048339844
0.018768310546875 0.056549072265625 -0.0116033554077148 -0.016057014465332
-0.0169868469238281 0.0615921020507812 0.00478172302246094 0.0156440734863281
-0.0501708984375 0.04071044921875 -0.0419578552246094 0.0465278625488281
-0.0334129333496094 -0.00449562072753906 -0.0316162109375 0.08203125
-0.0325984954833984 0.0131587982177734 -0.0309219360351563 0.0734939575195313
-0.0186767578125 0.0310020446777344 -0.0132865905761719 0.0480537414550781
0.0121021270751953 0.0288753509521484 -0.00514984130859375 0.0388336181640625
0.0249347686767578 0.0101261138916016 -0.00335311889648437 0.0291213989257813
0.0244235992431641 -0.0146369934082031 -0.00183677673339843 0.0301132202148437
0.0144252777099609 -0.0235862731933594 -0.000656127929687495 0.0391921997070313
0.0125541687011719 -0.0238876342773438 -0.00241851806640625 0.0442047119140625
0.0130519866943359 -0.0315437316894531 -0.00865936279296876 0.0531272888183594
0.0206413269042969 -0.02734375 -0.030059814453125 0.0467414855957031
0.0353317260742188 -0.0120201110839844 -0.0405387878417969 0.0304222106933594
0.0342082977294922 0.0119361877441406 -0.0367546081542969 -0.000423431396484378
0.00561904907226563 0.0414466857910156 -0.0164165496826172 -0.0147790908813477
-0.0232467651367188 0.0360946655273437 -0.00333786010742188 0.021697998046875
-0.0424652099609375 0.0107002258300781 -0.0585479736328125 0.0543479919433594
0.0168952941894531 0.0208702087402344 0.0606307983398437 -0.0583000183105469
0.0212039947509766 -0.00976753234863281 0.0119209289550781 -0.0252437591552734
0.0018768310546875 -0.016636848449707 0.0143547058105469 0.0181503295898438
-0.0118083953857422 -0.00729656219482422 0.0464591979980469 0.006622314453125
-0.0121059417724609 0.00273036956787109 0.0486488342285156 -0.0273551940917969
-0.00879669189453125 0.00931358337402344 0.0289726257324219 -0.054656982421875
-0.00658941268920898 0.00569295883178711 0.00588607788085938 -0.0621757507324219
-0.00751018524169922 0.00537109375 -0.0021209716796875 -0.0501632690429688
-0.00969219207763672 0.00433635711669922 -0.00234603881835938 -0.043548583984375
-0.00919437408447265 -0.00488090515136719 0.00270843505859375 -0.0371665954589844
-0.00132560729980469 -0.0120677947998047 0.00228691101074219 -0.0333099365234375
0.0123815536499023 -0.0113363265991211 0.00830841064453125 -0.0378684997558594
0.0236244201660156 0.00341796875 0.0192451477050781 -0.0456352233886719
0.0246982574462891 0.023101806640625 0.0283126831054687 -0.068359375
0.0126457214355469 0.0350971221923828 0.0399856567382812 -0.0776290893554687
-0.00362777709960937 0.0500450134277344 0.0672149658203125 -0.0459709167480469
0.0180950164794922 0.0209407806396484 0.0172538757324219 -0.0177669525146484
0.0149688720703125 0.00989723205566406 0.0169658660888672 0.0230751037597656
0.0125799179077148 0.00120735168457031 0.0506706237792969 0.0105514526367187
0.0095367431640625 -0.00340461730957031 0.0527114868164063 -0.0235748291015625
0.00479984283447266 -0.010502815246582 0.0326080322265625 -0.0543479919433594
-0.00101470947265625 -0.017608642578125 0.00675582885742188 -0.0613288879394531
-0.000538825988769532 -0.0158929824829102 -0.00339508056640625 -0.0475540161132812
-0.00188636779785156 -0.0201778411865234 -0.00288772583007813 -0.041107177734375
0.00647354125976562 -0.0227317810058594 -0.00106239318847657 -0.0351352691650391
0.0224456787109375 -0.0171890258789063 -0.00105667114257812 -0.0299816131591797
0.0345592498779297 -0.000606536865234375 0.00532341003417969 -0.0350894927978516
0.0291118621826172 0.031982421875 0.0134658813476563 -0.0407447814941406
0.0172843933105469 0.0545692443847656 0.0234603881835937 -0.0589332580566406
-0.0078887939453125 0.0621757507324219 0.0347976684570312 -0.0644378662109375
-0.0259628295898438 0.0712661743164063 0.0648384094238281 -0.0254783630371094
0.00815200805664063 0.0505867004394531 0.0183143615722656 -0.00261688232421875
0.0243110656738281 0.0405006408691406 0.0168590545654297 0.0317592620849609
0.0364036560058594 0.0139656066894531 0.0512580871582031 0.0177268981933594
0.0323925018310547 -0.00674819946289063 0.0533714294433594 -0.0149879455566406
0.0196552276611328 -0.0280532836914062 0.034515380859375 -0.0471649169921875
0.006256103515625 -0.0380172729492188 0.00743865966796875 -0.0529251098632813
0.00629425048828125 -0.0347518920898438 -0.00437164306640625 -0.0377197265625
0.00452041625976562 -0.0414924621582031 -0.00437355041503906 -0.0304450988769531
0.0181846618652344 -0.0392684936523438 -0.00678825378417968 -0.0262889862060547
0.0414085388183594 -0.025390625 -0.00806999206542969 -0.0216617584228516
0.0531158447265625 0.003509521484375 -0.001708984375 -0.030181884765625
0.0370635986328125 0.0523262023925781 0.00576019287109375 -0.035430908203125
0.013916015625 0.0767364501953125 0.0182304382324219 -0.0455093383789062
-0.0240478515625 0.0802459716796875 0.0235099792480469 -0.0439872741699219
-0.0454559326171875 0.0816574096679688 0.0533409118652344 0.00183486938476563
-0.00571441650390625 0.0729904174804688 0.0136756896972656 0.0178451538085938
0.0262260437011719 0.0675010681152344 0.0130653381347656 0.0413360595703125
0.0548553466796875 0.0286483764648437 0.0457878112792969 0.0273704528808594
0.0518875122070313 -0.006591796875 0.0481033325195313 -0.00257492065429688
0.0332565307617188 -0.0405235290527344 0.0324306488037109 -0.0333919525146484
0.012542724609375 -0.0521621704101563 0.00790786743164063 -0.0376091003417969
0.0116004943847656 -0.0480613708496094 -0.005126953125 -0.0225677490234375
0.00938034057617187 -0.0570068359375 -0.00553798675537109 -0.0149831771850586
0.0252647399902344 -0.0514450073242188 -0.0124330520629883 -0.0124454498291016
0.0530738830566406 -0.0320854187011719 -0.015294075012207 -0.0101852416992188
0.0643844604492188 0.003082275390625 -0.00952529907226562 -0.0229511260986328
0.0428924560546875 0.061859130859375 -0.000419616699218745 -0.0295295715332031
0.0116043090820313 0.0874099731445313 0.0148143768310547 -0.0294609069824219
-0.035247802734375 0.0870895385742188 0.00906753540039063 -0.019317626953125
-0.0579910278320313 0.07720947265625 0.0327568054199219 0.0308837890625
-0.021820068359375 0.08135986328125 0.00339508056640625 0.0396575927734375
0.019256591796875 0.0842208862304688 0.0059814453125 0.0494346618652344
0.0610733032226563 0.0418777465820312 0.0343437194824219 0.0358505249023438
0.0628852844238281 -0.002227783203125 0.0370597839355469 0.0101203918457031
0.0426597595214844 -0.0456771850585938 0.0265960693359375 -0.0158233642578125
0.0177040100097656 -0.05877685546875 0.00656604766845703 -0.0175180435180664
0.0152397155761719 -0.0540809631347656 -0.00489568710327149 -0.0040884017944336
0.0123138427734375 -0.0642547607421875 -0.00547599792480469 0.00421571731567382
0.0283317565917969 -0.056488037109375 -0.0168848037719727 0.00474834442138671
0.0575637817382812 -0.0344123840332031 -0.0212268829345703 0.00317955017089843
0.0673561096191406 0.00397109985351563 -0.0165500640869141 -0.0151901245117188
0.0417060852050781 0.0652236938476563 -0.00482177734375 -0.0235385894775391
0.00567626953125001 0.0879135131835938 0.0126876831054688 -0.0124454498291016
-0.0434799194335937 0.0818862915039063 -0.00586605072021485 0.00619745254516602
-0.0607147216796875 0.0596389770507812 0.00943374633789062 0.0569419860839844
-0.0341033935546875 0.0711669921875 -0.00911331176757813 0.0584754943847656
0.0057525634765625 0.083221435546875 -0.00271224975585937 0.0530357360839844
0.0537605285644531 0.0482521057128906 0.0189056396484375 0.0405502319335938
0.0614280700683594 0.00392913818359375 0.0218601226806641 0.021453857421875
0.0446281433105469 -0.041961669921875 0.0174531936645508 0.00342559814453125
0.0196800231933594 -0.0555496215820313 0.00500106811523438 0.00486087799072265
0.0164566040039062 -0.0512351989746094 -0.00375270843505859 0.0152339935302734
0.0137100219726562 -0.0619888305664062 -0.00544166564941406 0.0232334136962891
0.0285758972167969 -0.0537796020507813 -0.0207176208496094 0.0215663909912109
0.0557479858398438 -0.0310745239257813 -0.0268173217773438 0.0150375366210937
0.0625 0.006500244140625 -0.0232448577880859 -0.00773048400878906
0.0332870483398438 0.0628700256347656 -0.00841140747070312 -0.0185508728027344
-0.00410461425781251 0.0788803100585938 0.0100622177124023 0.00244522094726563
-0.0479240417480469 0.066375732421875 -0.0223655700683594 0.0295562744140625
-0.0509757995605469 0.0303230285644531 -0.0136032104492188 0.0746612548828125
-0.0369491577148438 0.0473136901855469 -0.0218315124511719 0.0702590942382813
-0.00750350952148438 0.0633735656738281 -0.00962448120117188 0.0517082214355469
0.0356521606445313 0.042724609375 0.00519180297851563 0.0407333374023437
0.0469932556152344 0.00745391845703125 0.00731086730957031 0.0274238586425781
0.0372276306152344 -0.0308799743652344 0.0066375732421875 0.0192184448242187
0.0181999206542969 -0.0425262451171875 0.00254249572753907 0.0249080657958984
0.0150032043457031 -0.0410041809082031 -0.00250625610351562 0.0321502685546875
0.0131492614746094 -0.0505561828613281 -0.0054931640625 0.0400505065917969
0.0255775451660156 -0.043701171875 -0.0241813659667969 0.0368309020996094
0.0478935241699219 -0.0233802795410156 -0.0329608917236328 0.0249500274658203
0.0509567260742187 0.00972747802734375 -0.0296039581298828 -0.00238418579101562
0.0208625793457031 0.0551033020019531 -0.0120019912719727 -0.0153799057006836
-0.0144691467285156 0.0610198974609375 0.00527191162109375 0.0148792266845703
-0.0480766296386719 0.0417671203613281 -0.0396652221679687 0.0465049743652344
-0.0332374572753906 -0.0036163330078125 -0.0279312133789063 0.0817031860351562
-0.0319690704345703 0.0142707824707031 -0.028228759765625 0.0737152099609375
-0.0171985626220703 0.0316944122314453 -0.0124931335449219 0.0476646423339844
0.0128002166748047 0.0279636383056641 -0.00427627563476562 0.0389366149902344
0.024658203125 0.00915908813476562 -0.00216293334960937 0.0295143127441406
0.0232143402099609 -0.0152225494384766 -0.000186920166015624 0.0299816131591797
0.0134811401367187 -0.0236473083496094 0.00107192993164062 0.0388946533203125
0.0111293792724609 -0.0242862701416016 -0.000373840332031247 0.0435638427734375
0.01129150390625 -0.0320415496826172 -0.00679779052734375 0.0523223876953125
0.0188159942626953 -0.0282077789306641 -0.0278129577636719 0.0474128723144531
0.0343055725097656 -0.013336181640625 -0.038909912109375 0.0311241149902344
0.0340976715087891 0.0102958679199219 -0.0364341735839844 0.000816345214843751
0.00684738159179688 0.0405006408691406 -0.0161600112915039 -0.0141029357910156
-0.0218315124511719 0.0360641479492188 -0.00198936462402344 0.0211639404296875
-0.041534423828125 0.0118827819824219 -0.0553855895996094 0.0548591613769531
0.0168037414550781 0.02117919921875 0.0589332580566406 -0.0580291748046875
0.0207977294921875 -0.00963783264160156 0.0105609893798828 -0.0251407623291016
0.00194263458251953 -0.0171976089477539 0.0146026611328125 0.0185031890869141
-0.0113964080810547 -0.00712299346923828 0.0468063354492187 0.00635910034179687
-0.0117111206054687 0.00270175933837891 0.0481834411621094 -0.0271263122558594
-0.00873851776123047 0.00946807861328125 0.0285797119140625 -0.0540351867675781
-0.00680160522460937 0.00584888458251953 0.00511550903320312 -0.0616950988769531
-0.00715255737304688 0.00516414642333984 -0.00257492065429687 -0.0494766235351563
-0.00949478149414063 0.00431442260742188 -0.00318145751953125 -0.0432014465332031
-0.00904655456542969 -0.00430393218994141 0.002227783203125 -0.0369186401367187
-0.00191879272460938 -0.0116548538208008 0.00209999084472656 -0.0334053039550781
0.0123996734619141 -0.011505126953125 0.00841903686523437 -0.0381622314453125
0.0234127044677734 0.00317955017089844 0.0195541381835938 -0.0458412170410156
0.0246143341064453 0.0224781036376953 0.0277290344238281 -0.068084716796875
0.0128002166748047 0.0349140167236328 0.0385055541992187 -0.0777740478515625
-0.003173828125 0.0503425598144531 0.06585693359375 -0.0465278625488281
0.0180740356445313 0.0205783843994141 0.0162944793701172 -0.0181903839111328
0.0152463912963867 0.00990772247314453 0.0169792175292969 0.0238151550292969
0.0122814178466797 0.000693321228027344 0.0503997802734375 0.0106735229492188
0.00953960418701172 -0.00372314453125 0.0523490905761719 -0.0231781005859375
0.00433540344238281 -0.0107936859130859 0.0317649841308594 -0.0538597106933594
-0.00181865692138672 -0.0175714492797852 0.0061798095703125 -0.0608444213867188
-0.000670433044433592 -0.0157461166381836 -0.00410842895507812 -0.0465087890625
-0.00224685668945312 -0.0198802947998047 -0.00379180908203125 -0.0400886535644531
0.00567436218261719 -0.0223903656005859 -0.00166893005371093 -0.0347785949707031
0.0218086242675781 -0.0172348022460938 -0.00153160095214844 -0.0298900604248047
0.0340499877929688 -0.0010223388671875 0.00514984130859375 -0.0351676940917969
0.0294361114501953 0.0318374633789063 0.0134315490722656 -0.0409088134765625
0.0175323486328125 0.0538139343261719 0.0232353210449219 -0.0591011047363281
-0.00744247436523438 0.06195068359375 0.0336570739746094 -0.0651435852050781
-0.02545166015625 0.07159423828125 0.0634574890136719 -0.025909423828125
0.00813674926757813 0.0496559143066406 0.0174531936645508 -0.00299263000488281
0.0247650146484375 0.0396995544433594 0.0165309906005859 0.0323867797851563
0.0362205505371094 0.0128021240234375 0.0502548217773438 0.0177650451660156
0.0323314666748047 -0.00752639770507813 0.0528068542480469 -0.0149078369140625
0.0185451507568359 -0.0282459259033203 0.0337715148925781 -0.0464897155761719
0.00492095947265625 -0.0379600524902344 0.00672149658203125 -0.0524063110351563
0.00560569763183594 -0.0345058441162109 -0.00491714477539063 -0.0366592407226563
0.00364303588867187 -0.0410537719726563 -0.00482749938964844 -0.0300483703613281
0.0174674987792969 -0.0392951965332031 -0.00746345520019531 -0.0260257720947266
0.0401573181152344 -0.0254859924316406 -0.00856208801269531 -0.0219573974609375
0.0525894165039063 0.00242233276367188 -0.00227737426757812 -0.0301933288574219
0.0375442504882813 0.0511550903320313 0.0065460205078125 -0.0356063842773438
0.0146636962890625 0.0756301879882813 0.0177230834960938 -0.0458412170410156
-0.023345947265625 0.0798263549804688 0.0226974487304687 -0.0443458557128906
-0.0442962646484375 0.08154296875 0.0523414611816406 0.0012969970703125
-0.00573730468750001 0.0716323852539063 0.0126781463623047 0.017155647277832
0.0270576477050781 0.0670051574707031 0.0128631591796875 0.0414314270019531
0.0543174743652344 0.0272293090820313 0.0448989868164063 0.0274658203125
0.0513534545898438 -0.00706863403320313 0.048004150390625 -0.0024261474609375
0.0316009521484375 -0.0409584045410156 0.0321369171142578 -0.0335407257080078
0.0113410949707031 -0.0518302917480469 0.00726699829101562 -0.0372390747070313
0.0107994079589844 -0.0476570129394531 -0.00508880615234375 -0.0216579437255859
0.00775527954101562 -0.0562019348144531 -0.00572967529296875 -0.0146751403808594
0.023406982421875 -0.0512809753417969 -0.0129280090332031 -0.0122833251953125
0.0511703491210938 -0.0327644348144531 -0.015385627746582 -0.0102825164794922
0.0635986328125 0.0023651123046875 -0.00979804992675781 -0.0231075286865234
0.0434188842773438 0.0610809326171875 -7.05718994140611E-05 -0.0297679901123047
0.0128402709960938 0.0865859985351563 0.0143032073974609 -0.0299663543701172
-0.0340423583984375 0.0868911743164063 0.00851631164550781 -0.0199851989746094
-0.0572738647460937 0.077239990234375 0.0324478149414062 0.0301380157470703
-0.0211410522460938 0.0802230834960938 0.00283432006835937 0.0384597778320313
0.020416259765625 0.0833587646484375 0.00553512573242187 0.0489921569824219
0.0609245300292969 0.041015625 0.0338630676269531 0.0356826782226563
0.0623703002929687 -0.00283432006835937 0.0367622375488281 0.0106735229492188
0.0410957336425781 -0.0458450317382812 0.0262737274169922 -0.0159072875976563
0.0158119201660156 -0.0583267211914063 0.00622844696044922 -0.0171604156494141
0.0143089294433594 -0.053741455078125 -0.00507688522338867 -0.00321435928344727
0.010498046875 -0.0639114379882813 -0.00592660903930664 0.00395154953002929
0.026611328125 -0.0564727783203125 -0.0170516967773438 0.00519561767578125
0.05572509765625 -0.0354118347167969 -0.0215530395507812 0.00270462036132813
0.0666770935058594 0.00255203247070312 -0.016718864440918 -0.0149974822998047
0.0424652099609375 0.0639762878417969 -0.0046844482421875 -0.0235252380371094
0.00672912597656251 0.0869064331054688 0.0129451751708984 -0.0130577087402344
-0.0423431396484375 0.0817337036132813 -0.00653648376464844 0.00578832626342774
-0.059417724609375 0.0594367980957031 0.00956726074218749 0.0566368103027344
-0.0335693359375 0.0702743530273437 -0.0090789794921875 0.0573501586914063
0.00673675537109374 0.0826339721679687 -0.00356674194335937 0.05255126953125
0.0533180236816406 0.0470123291015625 0.0182685852050781 0.0409965515136719
0.0604248046875 0.0032806396484375 0.0220146179199219 0.0215587615966797
0.0432624816894531 -0.0418701171875 0.0174484252929688 0.00295639038085937
0.0183029174804687 -0.0554122924804688 0.00488185882568359 0.0048985481262207
0.0155105590820312 -0.051300048828125 -0.00363349914550781 0.0152320861816406
0.0116958618164063 -0.0616912841796875 -0.00552558898925781 0.0225200653076172
0.0267868041992188 -0.0535850524902344 -0.0205535888671875 0.0217723846435547
0.0542221069335937 -0.0317497253417969 -0.0265388488769531 0.0146427154541016
0.0618743896484375 0.0054473876953125 -0.0230598449707031 -0.00760841369628906
0.0341033935546875 0.0621528625488281 -0.00836753845214844 -0.0185146331787109
-0.00284576416015625 0.0777740478515625 0.00999832153320312 0.00173664093017579
-0.0469093322753906 0.0666999816894531 -0.0219688415527344 0.0288772583007812
-0.0500373840332031 0.0303688049316406 -0.0130538940429688 0.0742721557617188
-0.0359687805175781 0.0463790893554688 -0.0212364196777344 0.0693855285644531
-0.00646209716796875 0.0628623962402344 -0.0103340148925781 0.0513648986816406
0.0355300903320313 0.0417022705078125 0.00471878051757813 0.0413093566894531
0.0464668273925781 0.0076141357421875 0.00777435302734375 0.0273323059082031
0.0363235473632813 -0.0312156677246094 0.00720787048339844 0.0193405151367187
0.0170097351074219 -0.0429229736328125 0.00312042236328125 0.0242538452148437
0.0141220092773438 -0.0407447814941406 -0.00221824645996094 0.0324478149414063
0.0118064880371094 -0.0499534606933594 -0.0052642822265625 0.03955078125
0.0237960815429687 -0.0434188842773438 -0.0236587524414063 0.0365180969238281
0.0467033386230469 -0.0239791870117187 -0.0325298309326172 0.0248603820800781
0.0502471923828125 0.00860977172851563 -0.0296707153320312 -0.00251960754394531
0.0209999084472656 0.0545692443847656 -0.0119953155517578 -0.0149965286254883
-0.0133209228515625 0.060272216796875 0.00558567047119141 0.0143051147460938
-0.0470008850097656 0.0419425964355469 -0.0389404296875 0.0462493896484375
-0.0327777862548828 -0.00350761413574219 -0.0271759033203125 0.0817718505859375
-0.0313072204589844 0.0137710571289062 -0.0273513793945312 0.0733718872070312
-0.0164260864257813 0.0321025848388672 -0.0128517150878906 0.0475082397460937
0.0131816864013672 0.0275611877441406 -0.00430297851562499 0.0388679504394531
0.0239696502685547 0.00856399536132812 -0.00156211853027344 0.0298919677734375
0.0228099822998047 -0.0149707794189453 0.000516891479492189 0.0298480987548828
0.0127716064453125 -0.0238246917724609 0.001678466796875 0.0384902954101562
0.0106658935546875 -0.0242290496826172 -0.000514984130859376 0.04351806640625
0.00990867614746094 -0.0314445495605469 -0.00635528564453125 0.0517044067382813
0.0178966522216797 -0.028076171875 -0.0272674560546875 0.0469245910644531
0.0335311889648438 -0.0135898590087891 -0.0377922058105469 0.0306549072265625
0.0340366363525391 0.0100059509277344 -0.0359992980957031 0.000888824462890621
0.00746536254882812 0.0398483276367187 -0.0164203643798828 -0.0142202377319336
-0.021270751953125 0.0356979370117188 -0.00142478942871094 0.0205745697021484
-0.0406684875488281 0.0120506286621094 -0.0539817810058594 0.0545158386230469
0.0171394348144531 0.0223617553710938 0.0595283508300781 -0.0583343505859375
0.0208873748779297 -0.00971221923828125 0.00990486145019531 -0.0255966186523438
0.00222587585449219 -0.0172357559204102 0.0147991180419922 0.0193595886230469
-0.0111970901489258 -0.0072011947631836 0.0471420288085938 0.00705337524414062
-0.0121297836303711 0.00247001647949219 0.0486793518066406 -0.02740478515625
-0.0088653564453125 0.0096120834350586 0.0294189453125 -0.0542106628417969
-0.00687646865844726 0.00562477111816406 0.00523757934570312 -0.0626182556152344
-0.00710439682006836 0.00539588928222656 -0.0021209716796875 -0.0500144958496094
-0.00929832458496094 0.00435447692871094 -0.00326156616210937 -0.0439796447753906
-0.00942420959472656 -0.00422859191894531 0.00201034545898438 -0.0373764038085938
-0.00169944763183594 -0.0116949081420898 0.00207138061523438 -0.0341415405273437
0.0125322341918945 -0.011937141418457 0.00920486450195313 -0.0392684936523438
0.0238227844238281 0.00331306457519531 0.0212821960449219 -0.0466232299804688
0.0245800018310547 0.0230522155761719 0.0292129516601563 -0.0693550109863281
0.0129013061523437 0.0356521606445312 0.0396728515625 -0.0793228149414063
-0.00351715087890625 0.0514755249023437 0.066253662109375 -0.0466384887695313
0.0176467895507813 0.0209770202636719 0.0156116485595703 -0.0184745788574219
0.0157470703125 0.00982666015625 0.016937255859375 0.0246868133544922
0.0130434036254883 0.000355720520019531 0.0508995056152344 0.0112037658691406
0.00948810577392578 -0.00393199920654297 0.0536155700683594 -0.0231971740722656
0.00353622436523438 -0.0106277465820313 0.0327072143554688 -0.0543746948242187
-0.00168609619140625 -0.0178279876708984 0.00636291503906249 -0.06146240234375
-0.00104522705078125 -0.0164327621459961 -0.00398635864257812 -0.0466690063476562
-0.00201988220214843 -0.0198745727539062 -0.00429153442382813 -0.0406494140625
0.00548362731933594 -0.0224132537841797 -0.00194740295410156 -0.0349712371826172
0.0216407775878906 -0.0175933837890625 -0.00164794921875 -0.0308074951171875
0.0348072052001953 -0.00109100341796875 0.0055084228515625 -0.0362319946289063
0.0297183990478516 0.0325946807861328 0.0149192810058594 -0.0417861938476563
0.0177879333496094 0.054595947265625 0.0238304138183594 -0.0605125427246094
-0.00816726684570313 0.063018798828125 0.034423828125 -0.0663719177246094
-0.0263671875 0.07305908203125 0.0639686584472656 -0.0260353088378906
0.0074920654296875 0.0503273010253906 0.0165796279907227 -0.00383949279785156
0.025146484375 0.0403404235839844 0.0165348052978516 0.0336360931396484
0.0369033813476563 0.012847900390625 0.0513038635253906 0.0189361572265625
0.0326423645019531 -0.00762939453125 0.0540885925292969 -0.0140914916992188
0.0182704925537109 -0.0285205841064453 0.0344123840332031 -0.0474510192871094
0.00458145141601562 -0.0384483337402344 0.0072021484375 -0.0530166625976563
0.00579071044921875 -0.0352935791015625 -0.00494384765625 -0.0364265441894531
0.00342941284179688 -0.0416107177734375 -0.00535964965820312 -0.0303192138671875
0.0168800354003906 -0.0392913818359375 -0.00779914855957031 -0.0265922546386719
0.0403327941894531 -0.0260810852050781 -0.00832366943359375 -0.0227546691894531
0.0533638000488281 0.00279998779296875 -0.00164794921875 -0.0315284729003906
0.0380096435546875 0.0524864196777344 0.00736618041992188 -0.0365333557128906
0.0146408081054687 0.0766067504882813 0.018768310546875 -0.0471153259277344
-0.024505615234375 0.080902099609375 0.0231742858886719 -0.0453834533691406
-0.0457000732421875 0.0829315185546875 0.0521392822265625 0.00164794921875
-0.00667572021484375 0.0723114013671875 0.0121183395385742 0.0165424346923828
0.02783203125 0.0682525634765625 0.0119895935058594 0.0427017211914063
0.0549545288085938 0.0278053283691406 0.0451850891113281 0.0288047790527344
0.0517768859863281 -0.00687026977539063 0.0489006042480469 -0.001251220703125
0.0317611694335937 -0.0410423278808594 0.0328865051269531 -0.0335273742675781
0.0108375549316406 -0.0526084899902344 0.00713348388671875 -0.0376129150390625
0.0110092163085937 -0.0484046936035156 -0.00530242919921875 -0.0218162536621094
0.00717926025390624 -0.0570068359375 -0.00599193572998047 -0.0146989822387695
0.023406982421875 -0.051666259765625 -0.0132026672363281 -0.0121164321899414
0.0516319274902344 -0.0332145690917969 -0.0155630111694336 -0.0107021331787109
0.0646438598632813 0.00234222412109375 -0.00980377197265624 -0.0238304138183594
0.0442886352539062 0.0622291564941406 0.000595092773437503 -0.0305614471435547
0.0125350952148437 0.0872955322265625 0.0150489807128906 -0.0308818817138672
-0.0356369018554688 0.08807373046875 0.00898933410644531 -0.020965576171875
-0.0584259033203125 0.0778656005859375 0.032379150390625 0.0302314758300781
-0.022369384765625 0.0805282592773438 0.00216293334960937 0.0385894775390625
0.020721435546875 0.0850677490234375 0.0039520263671875 0.050537109375
0.0614967346191406 0.040863037109375 0.032958984375 0.0374946594238281
0.0630073547363281 -0.0021514892578125 0.0375823974609375 0.01202392578125
0.0415153503417969 -0.046173095703125 0.0270481109619141 -0.0161418914794922
0.0159873962402344 -0.0592002868652344 0.00630378723144531 -0.0172786712646484
0.0144500732421875 -0.0544891357421875 -0.00491237640380859 -0.00256109237670899
0.0098724365234375 -0.0640411376953125 -0.00613975524902344 0.00391817092895507
0.0260581970214844 -0.0566139221191406 -0.0174388885498047 0.00512599945068359
0.0560073852539063 -0.0360794067382813 -0.0218524932861328 0.00257682800292969
0.0672264099121094 0.00304412841796875 -0.0168838500976562 -0.0156011581420898
0.042999267578125 0.0654640197753906 -0.00448799133300781 -0.0248680114746094
0.00689697265625 0.0879287719726562 0.0131454467773438 -0.013707160949707
-0.043731689453125 0.0833740234375 -0.00670814514160156 0.00550413131713868
-0.0606040954589844 0.0599288940429687 0.00897216796875 0.0569534301757813
-0.0345687866210937 0.0706710815429688 -0.0101661682128906 0.0576972961425781
0.00714111328125 0.084197998046875 -0.00501632690429688 0.0537338256835938
0.0538215637207031 0.0472335815429688 0.0175857543945313 0.0424346923828125
0.0612716674804688 0.00401687622070313 0.0229072570800781 0.0230712890625
0.04302978515625 -0.0421905517578125 0.0177803039550781 0.003204345703125
0.0182037353515625 -0.0560798645019531 0.00511312484741211 0.00484371185302734
0.0155410766601562 -0.0521774291992188 -0.00410270690917969 0.015955924987793
0.011444091796875 -0.0618400573730469 -0.00565910339355469 0.0229606628417969
0.0263519287109375 -0.0542068481445313 -0.0207386016845703 0.0216560363769531
0.0540809631347656 -0.0327682495117188 -0.0269908905029297 0.0146617889404297
0.0625190734863281 0.00559616088867188 -0.0230445861816406 -0.00781631469726563
0.0348434448242187 0.0631599426269531 -0.00796127319335938 -0.0192527770996094
-0.00296783447265624 0.0783004760742188 0.0102128982543945 0.00170516967773438
-0.0477752685546875 0.0669708251953125 -0.0228080749511719 0.0289440155029297
-0.0508804321289062 0.0304985046386719 -0.013671875 0.0748443603515625
-0.0371856689453125 0.046630859375 -0.022247314453125 0.0695915222167969
-0.00698089599609375 0.0643463134765625 -0.0111732482910156 0.0523796081542969
0.0363044738769531 0.04205322265625 0.003570556640625 0.0427932739257813
0.0466232299804687 0.00745391845703125 0.00772857666015625 0.0285472869873047
0.0362167358398437 -0.031097412109375 0.00764274597167969 0.0189342498779297
0.0171852111816406 -0.0434341430664063 0.00313758850097656 0.0249843597412109
0.0146026611328125 -0.0412483215332031 -0.00227165222167969 0.0327320098876953
0.0112838745117188 -0.0505561828613281 -0.00559234619140625 0.0395698547363281
0.0235824584960937 -0.044219970703125 -0.0242919921875 0.036773681640625
0.0465431213378906 -0.0244331359863281 -0.0327568054199219 0.0244770050048828
0.0506591796875 0.00889968872070313 -0.0300407409667969 -0.00258827209472656
0.0217247009277344 0.0551910400390625 -0.0120534896850586 -0.0157642364501953
-0.0134429931640625 0.0604972839355469 0.00611591339111328 0.0140523910522461
-0.0480422973632813 0.0425224304199219 -0.0393638610839844 0.0462913513183594
-0.0327644348144531 -0.00385093688964844 -0.0279159545898438 0.082489013671875
-0.0321140289306641 0.0138072967529297 -0.028167724609375 0.0741500854492188
-0.01678466796875 0.0322742462158203 -0.0140914916992188 0.0477943420410156
0.0133705139160156 0.0277976989746094 -0.00524139404296875 0.0402908325195313
0.0244331359863281 0.00869369506835938 -0.00189781188964843 0.0310745239257813
0.02294921875 -0.0150623321533203 0.000999450683593751 0.0305709838867188
0.0130596160888672 -0.0240821838378906 0.00225830078125 0.0388870239257813
0.0108795166015625 -0.0246524810791016 -0.000576019287109375 0.0439224243164063
0.0102672576904297 -0.0319290161132813 -0.00626373291015625 0.0521163940429688
0.0181026458740234 -0.0284481048583984 -0.0278167724609375 0.0469932556152344
0.0338382720947266 -0.0141696929931641 -0.0383033752441406 0.0304718017578125
0.0342292785644531 0.0100116729736328 -0.0365066528320313 0.000671386718749998
0.00732040405273438 0.0407333374023437 -0.0164680480957031 -0.0146141052246094
-0.0215988159179687 0.0358543395996094 -0.00139999389648438 0.0207309722900391
-0.0414314270019531 0.0118293762207031 -0.0547943115234375 0.0546531677246094
0.0183162689208984 0.0235252380371094 0.0616188049316406 -0.0602989196777344
0.0213680267333984 -0.00992202758789063 0.00936508178710938 -0.0268173217773438
0.00208282470703125 -0.0179042816162109 0.0157489776611328 0.020233154296875
-0.0117406845092773 -0.0079336166381836 0.0491714477539063 0.00732421875
-0.0124454498291016 0.00236034393310547 0.0505943298339844 -0.0283622741699219
-0.00943946838378906 0.010101318359375 0.0302009582519531 -0.0564002990722656
-0.00734376907348633 0.00621843338012695 0.0047607421875 -0.0647125244140625
-0.00673961639404297 0.00544595718383789 -0.0028839111328125 -0.0517578125
-0.00932884216308594 0.00483226776123047 -0.00357818603515625 -0.0452346801757813
-0.00970649719238281 -0.00395584106445313 0.00159454345703125 -0.039154052734375
-0.00148391723632813 -0.0124549865722656 0.00204086303710938 -0.0358772277832031
0.0132122039794922 -0.0122213363647461 0.00967788696289063 -0.0411605834960938
0.024749755859375 0.00367927551269531 0.0226516723632812 -0.0490493774414062
0.0261058807373047 0.0239315032958984 0.0300979614257813 -0.0725784301757813
0.01336669921875 0.0372276306152344 0.0413436889648438 -0.0832901000976563
-0.00319671630859375 0.0542068481445313 0.06878662109375 -0.0487289428710938
0.0176620483398438 0.0214672088623047 0.0151557922363281 -0.0193557739257812
0.0165939331054688 0.0100011825561523 0.0174369812011719 0.0261478424072266
0.0133743286132813 6.103515625E-05 0.0530319213867188 0.0119171142578125
0.0100412368774414 -0.00432682037353516 0.0556259155273438 -0.0238876342773438
0.00334548950195313 -0.011113166809082 0.0340194702148438 -0.0562362670898438
-0.00283050537109375 -0.0181636810302734 0.00562667846679688 -0.06390380859375
-0.000675201416015624 -0.0168914794921875 -0.00421524047851563 -0.0487213134765625
-0.00264358520507813 -0.0203418731689453 -0.00460052490234375 -0.0423049926757813
0.00564193725585937 -0.022979736328125 -0.0021209716796875 -0.0370635986328125
0.0221023559570312 -0.0184288024902344 -0.0021209716796875 -0.0321369171142578
0.0362586975097656 -0.00133895874023438 0.00606536865234375 -0.0383949279785156
0.031707763671875 0.0339851379394531 0.0164909362792969 -0.0440406799316406
0.0189056396484375 0.0560760498046875 0.0248756408691406 -0.0634727478027344
-0.00899505615234375 0.0658531188964844 0.0354843139648438 -0.0697174072265625
-0.0270919799804687 0.076751708984375 0.0659027099609375 -0.0273170471191406
0.00732803344726562 0.0527458190917969 0.0159568786621094 -0.00423717498779296
0.0269546508789063 0.0420303344726563 0.0166969299316406 0.0352554321289063
0.0385513305664063 0.01287841796875 0.0530776977539063 0.0202484130859375
0.0339260101318359 -0.00780296325683594 0.0569534301757813 -0.014404296875
0.0183544158935547 -0.0297889709472656 0.0360260009765625 -0.0495147705078125
0.0038604736328125 -0.0399208068847656 0.0066375732421875 -0.0551643371582031
0.005706787109375 -0.0367240905761719 -0.00525665283203125 -0.0379791259765625
0.0029296875 -0.0432167053222656 -0.00610923767089844 -0.0316123962402344
0.0169792175292969 -0.0406379699707031 -0.00840950012207031 -0.0270767211914063
0.0413818359375 -0.0270614624023438 -0.00927543640136718 -0.0239200592041016
0.0557403564453125 0.00258636474609375 -0.00176239013671875 -0.0334148406982422
0.0402908325195313 0.0545578002929687 0.00815963745117187 -0.0388565063476563
0.0160598754882813 0.0791168212890625 0.0192298889160156 -0.0496025085449219
-0.0254974365234375 0.0850143432617188 0.0239105224609375 -0.0479049682617187
-0.047393798828125 0.0864944458007813 0.0539093017578125 0.00143814086914063
-0.00704956054687499 0.0754547119140625 0.0117769241333008 0.016535758972168
0.0298843383789063 0.071136474609375 0.0113143920898438 0.0451698303222656
0.0574760437011719 0.0279960632324219 0.0466117858886719 0.0307846069335938
0.0543975830078125 -0.00725173950195313 0.0517997741699219 -0.0010528564453125
0.0323410034179688 -0.0430145263671875 0.0347251892089844 -0.0353813171386719
0.0100936889648437 -0.0550537109375 0.00724029541015625 -0.0395393371582031
0.0112037658691406 -0.0504035949707031 -0.00562095642089844 -0.0217247009277344
0.00662612915039062 -0.0592041015625 -0.00709342956542969 -0.0155506134033203
0.0233573913574219 -0.0535202026367188 -0.0140247344970703 -0.0126056671142578
0.0523452758789063 -0.0350837707519531 -0.0166015625 -0.0116977691650391
0.0668258666992188 0.00168991088867188 -0.0100193023681641 -0.0258560180664063
0.0470962524414063 0.0648918151855469 0.00129890441894532 -0.0325355529785156
0.014190673828125 0.0908584594726563 0.01568603515625 -0.0329914093017578
-0.0371322631835937 0.0919418334960938 0.00864219665527344 -0.0220870971679687
-0.061065673828125 0.0818099975585938 0.0331821441650391 0.0313434600830078
-0.0236282348632813 0.0838470458984375 0.00139617919921875 0.0391311645507813
0.0225601196289063 0.0888290405273438 0.00292587280273437 0.0530471801757813
0.0643081665039063 0.0423736572265625 0.0343093872070313 0.0400276184082031
0.0657577514648438 -0.00254058837890625 0.0401115417480469 0.0131263732910156
0.0419502258300781 -0.0481109619140625 0.0285701751708984 -0.0164527893066406
0.0154304504394531 -0.0621185302734375 0.00679969787597656 -0.017521858215332
0.0146484375 -0.057220458984375 -0.005035400390625 -0.00230693817138672
0.00896453857421876 -0.0667190551757813 -0.00718545913696289 0.00414371490478515
0.0258636474609375 -0.0591964721679688 -0.01885986328125 0.005279541015625
0.05731201171875 -0.0385665893554688 -0.0226268768310547 0.00203323364257812
0.0702323913574219 0.00262069702148438 -0.0175390243530273 -0.0168323516845703
0.045684814453125 0.0679397583007813 -0.00439262390136718 -0.0259990692138672
0.00812530517578125 0.0912399291992188 0.0133352279663086 -0.0148210525512695
-0.045257568359375 0.087188720703125 -0.00700139999389649 0.0050344467163086
-0.06317138671875 0.0626144409179688 0.00928115844726562 0.0592079162597656
-0.0362319946289062 0.073516845703125 -0.0111579895019531 0.0591964721679688
0.00793457031250001 0.0879058837890625 -0.00615310668945313 0.0565643310546875
0.0562057495117188 0.0490303039550781 0.0180892944335938 0.0452156066894531
0.0639877319335937 0.003662109375 0.0243511199951172 0.0245590209960938
0.0444526672363281 -0.043731689453125 0.0193977355957031 0.00298309326171875
0.0180397033691406 -0.0584335327148438 0.00535869598388672 0.00502634048461914
0.0158615112304687 -0.0544242858886719 -0.00422096252441406 0.0171432495117187
0.010406494140625 -0.0644264221191406 -0.00623321533203125 0.0237846374511719
0.0261726379394531 -0.0566024780273437 -0.0219268798828125 0.0227413177490234
0.0560111999511719 -0.0347709655761719 -0.0279197692871094 0.0147457122802734
0.0652427673339844 0.00502777099609375 -0.0241241455078125 -0.00840187072753907
0.0371437072753906 0.0655784606933594 -0.00825119018554687 -0.0196647644042969
-0.0025787353515625 0.0816650390625 0.0112371444702148 0.00111770629882813
-0.049713134765625 0.0704193115234375 -0.0235271453857422 0.0295791625976562
-0.0529518127441406 0.0319900512695313 -0.0139694213867187 0.0778656005859375
-0.0387077331542969 0.0482673645019531 -0.0231552124023438 0.0719528198242188
-0.0062255859375 0.0671119689941406 -0.0132904052734375 0.0552101135253906
0.0377388000488281 0.0434074401855469 0.00349044799804688 0.0453453063964844
0.049346923828125 0.00803375244140625 0.00912666320800782 0.0309429168701172
0.0373458862304688 -0.0327682495117188 0.00870704650878907 0.0200099945068359
0.016876220703125 -0.0456314086914063 0.00376701354980469 0.0259838104248047
0.0146408081054688 -0.0434379577636719 -0.00236892700195312 0.0347881317138672
0.0105857849121094 -0.0523796081542969 -0.00597763061523438 0.0413780212402344
0.0237693786621094 -0.0462379455566406 -0.0251960754394531 0.0384063720703125
0.0483589172363281 -0.0261764526367187 -0.0337543487548828 0.0253715515136719
0.0529823303222656 0.00852203369140625 -0.0307636260986328 -0.00274276733398438
0.0230026245117187 0.0573081970214844 -0.0121469497680664 -0.016444206237793
-0.0137062072753906 0.0629653930664063 0.00667762756347656 0.0144920349121094
-0.0496978759765625 0.0444412231445313 -0.0409317016601562 0.0478515625
-0.0340652465820313 -0.00423240661621093 -0.0288238525390625 0.0863571166992187
-0.0334110260009766 0.0143909454345703 -0.029327392578125 0.0767974853515625
-0.0172080993652344 0.0342979431152344 -0.015167236328125 0.05010986328125
0.0140323638916016 0.0288925170898438 -0.00563430786132813 0.0428695678710938
0.0252914428710938 0.00922012329101563 -0.00179672241210937 0.0329647064208984
0.0235424041748047 -0.0163116455078125 0.00138664245605469 0.0320930480957031
0.01324462890625 -0.0253467559814453 0.00278091430664063 0.0402107238769531
0.0112247467041016 -0.0258560180664063 -7.24792480468714E-05 0.0461235046386719
0.00997543334960937 -0.0332241058349609 -0.00644683837890624 0.0536956787109375
0.0182628631591797 -0.0294780731201172 -0.0287857055664062 0.0488624572753906
0.0352249145507813 -0.0149459838867187 -0.0391349792480469 0.0317153930664062
0.0358428955078125 0.0107154846191406 -0.0377960205078125 0.000362396240234376
0.0079193115234375 0.0424079895019531 -0.016636848449707 -0.0152082443237305
-0.0225906372070312 0.0373153686523438 -0.000701904296875003 0.0214748382568359
-0.042938232421875 0.0125770568847656 -0.0569038391113281 0.0565452575683594
0.0205764770507813 0.0246734619140625 0.0626983642578125 -0.0653648376464844
0.0221576690673828 -0.0110950469970703 0.00784492492675782 -0.0286464691162109
0.00161170959472656 -0.0196456909179688 0.0168800354003906 0.021484375
-0.0123805999755859 -0.00846290588378906 0.0514793395996094 0.00635147094726562
-0.0127954483032227 0.00253200531005859 0.0522308349609375 -0.0310897827148438
-0.00940036773681641 0.0109968185424805 0.0301666259765625 -0.0601921081542969
-0.00762510299682617 0.00686168670654297 0.00288009643554687 -0.0681190490722656
-0.00691795349121094 0.00608921051025391 -0.00458908081054687 -0.0542526245117188
-0.00930976867675781 0.00531959533691406 -0.00563430786132812 -0.0477256774902344
-0.00968360900878906 -0.00327968597412109 0.000282287597656251 -0.0413360595703125
-0.00262451171875 -0.0125913619995117 0.00120925903320312 -0.0379791259765625
0.0133504867553711 -0.0139141082763672 0.00953674316406249 -0.0444679260253906
0.0265903472900391 0.00304985046386719 0.0226097106933594 -0.0525360107421875
0.028167724609375 0.0243492126464844 0.0292205810546875 -0.0773391723632813
0.0147476196289063 0.0390129089355469 0.0408935546875 -0.0899276733398438
-0.00136947631835937 0.0581474304199219 0.0706024169921875 -0.0526504516601562
0.0193309783935547 0.0223617553710938 0.0143508911132813 -0.0212955474853516
0.0182132720947266 0.00957870483398438 0.0190830230712891 0.0278148651123047
0.0141544342041016 -0.00105762481689453 0.0563087463378906 0.0114212036132813
0.0106096267700195 -0.00526809692382813 0.0583877563476563 -0.0265655517578125
0.00319957733154297 -0.0113010406494141 0.0341339111328125 -0.0599861145019531
-0.00388336181640625 -0.018951416015625 0.00403976440429688 -0.0671958923339844
-0.00150108337402344 -0.0178356170654297 -0.00558090209960937 -0.0503120422363281
-0.00343513488769531 -0.021575927734375 -0.006683349609375 -0.0442314147949219
0.00506973266601562 -0.0238208770751953 -0.00371551513671875 -0.0385894775390625
0.0225162506103516 -0.0200939178466797 -0.00271987915039063 -0.0340938568115234
0.0383453369140625 -0.00281906127929687 0.00529861450195313 -0.0416259765625
0.0347976684570313 0.0346393585205078 0.0167045593261719 -0.0475616455078125
0.0217056274414063 0.0584259033203125 0.0244903564453125 -0.0683097839355469
-0.00701904296875 0.0702018737792969 0.03558349609375 -0.0750961303710938
-0.025970458984375 0.0822372436523438 0.068206787109375 -0.0303688049316406
0.00884246826171875 0.0547256469726563 0.0156850814819336 -0.00548934936523437
0.0302238464355469 0.0437812805175781 0.0179023742675781 0.0380020141601563
0.0407371520996094 0.0118904113769531 0.0564956665039062 0.0203590393066406
0.0357017517089844 -0.00979995727539063 0.059356689453125 -0.0163955688476563
0.0177574157714844 -0.0320472717285156 0.0366668701171875 -0.0528717041015625
0.002197265625 -0.0419921875 0.00552749633789063 -0.0579605102539063
0.00483322143554688 -0.0390892028808594 -0.00634384155273438 -0.0390090942382813
0.00120925903320313 -0.045166015625 -0.0076141357421875 -0.0328044891357422
0.0161628723144531 -0.0430221557617188 -0.0101146697998047 -0.0284557342529297
0.0423126220703125 -0.0304222106933594 -0.0106830596923828 -0.0250644683837891
0.0586738586425781 0.00107192993164063 -0.00240325927734374 -0.0357742309570313
0.0451087951660156 0.056365966796875 0.00825500488281251 -0.0420379638671875
0.019287109375 0.0829391479492188 0.018890380859375 -0.0537071228027344
-0.024688720703125 0.0910568237304688 0.0238113403320313 -0.0517692565917969
-0.0473785400390625 0.0932540893554687 0.05645751953125 -7.62939453124429E-06
-0.00630950927734375 0.0796890258789063 0.0115985870361328 0.0165691375732422
0.0342330932617188 0.0741119384765625 0.0126190185546875 0.0481796264648438
0.0613861083984375 0.0279312133789063 0.0499114990234375 0.0321235656738281
0.0573654174804688 -0.00934600830078125 0.0551109313964844 -0.00152969360351563
0.0323143005371094 -0.04595947265625 0.0353202819824219 -0.0377426147460938
0.00821304321289063 -0.0582656860351563 0.00651168823242187 -0.0407981872558594
0.00993728637695312 -0.0541610717773438 -0.00652503967285156 -0.0222225189208984
0.00430297851562501 -0.0622940063476563 -0.00792312622070312 -0.0157833099365234
0.022369384765625 -0.0564231872558594 -0.0158882141113281 -0.0131149291992188
0.0536003112792969 -0.0384941101074219 -0.0178413391113281 -0.0121917724609375
0.0708770751953125 -0.00025177001953125 -0.0110034942626953 -0.0273952484130859
0.0519371032714844 0.0668525695800781 0.000940322875976569 -0.0348854064941406
0.0177993774414063 0.09478759765625 0.0155372619628906 -0.0359420776367187
-0.0364990234375 0.0989151000976563 0.00839424133300781 -0.0239601135253906
-0.06170654296875 0.0885238647460938 0.0354728698730469 0.0320968627929688
-0.023162841796875 0.0887908935546875 0.00154495239257812 0.0403633117675781
0.026611328125 0.0931854248046875 0.00381088256835938 0.0566825866699219
0.0685920715332031 0.0425682067871094 0.0369911193847656 0.0421791076660156
0.0693626403808594 -0.00474929809570312 0.0437164306640625 0.0131721496582031
0.0420570373535156 -0.0515899658203125 0.0294513702392578 -0.0186710357666016
0.0132789611816406 -0.0655441284179688 0.00620841979980469 -0.0184421539306641
0.0129165649414062 -0.0607147216796875 -0.00546932220458984 -0.00161409378051758
0.00647735595703124 -0.0703201293945313 -0.00745105743408203 0.00438213348388671
0.0247421264648438 -0.062652587890625 -0.0199928283691406 0.00609207153320312
0.058441162109375 -0.0423164367675781 -0.0239009857177734 0.00266265869140625
0.0740814208984375 -0.00019073486328125 -0.0185947418212891 -0.0177345275878906
0.0508499145507813 0.0701408386230469 -0.00453758239746093 -0.0274372100830078
0.011566162109375 0.095428466796875 0.0140447616577148 -0.0166788101196289
-0.0455322265625 0.0934295654296875 -0.00752735137939453 0.0052628517150879
-0.0648574829101563 0.0680885314941406 0.0110588073730469 0.0617561340332031
-0.0365982055664063 0.0782241821289063 -0.0104942321777344 0.0618438720703125
0.0116500854492188 0.092620849609375 -0.00586700439453125 0.0602874755859375
0.0605354309082031 0.0497589111328125 0.019989013671875 0.0481643676757813
0.0678901672363281 0.00222396850585938 0.0267906188964844 0.0258960723876953
0.0446929931640625 -0.0473365783691406 0.0204238891601563 0.00271987915039062
0.016265869140625 -0.0620346069335938 0.0057988166809082 0.00543880462646484
0.0147705078125 -0.0580406188964844 -0.00334548950195312 0.0185832977294922
0.00815582275390626 -0.06787109375 -0.00654792785644531 0.0250873565673828
0.0247154235839844 -0.0601539611816406 -0.0225868225097656 0.0241966247558594
0.0568733215332031 -0.0384788513183594 -0.0287742614746094 0.0161285400390625
0.0687255859375 0.00270462036132813 -0.0252876281738281 -0.0085906982421875
0.041748046875 0.0681076049804688 -0.00860404968261718 -0.0210647583007812
0.000167846679687491 0.085235595703125 0.0120096206665039 0.000242233276367193
-0.0507125854492187 0.076416015625 -0.0242729187011719 0.0316505432128906
-0.0550308227539063 0.0351524353027344 -0.01275634765625 0.0820388793945313
-0.0395050048828125 0.051605224609375 -0.0225753784179688 0.0762100219726562
-0.00409698486328125 0.0709915161132813 -0.0131912231445313 0.0584869384765625
0.0410423278808594 0.0444755554199219 0.0048370361328125 0.0484542846679688
0.0523719787597656 0.00716018676757813 0.0106201171875 0.0328083038330078
0.037353515625 -0.0356369018554688 0.00998306274414063 0.0206108093261719
0.0159225463867188 -0.0487327575683594 0.00456047058105469 0.02703857421875
0.0136566162109375 -0.0463447570800781 -0.000900268554687502 0.0368156433105469
0.00885391235351562 -0.055389404296875 -0.005157470703125 0.0436172485351563
0.0228729248046875 -0.0490341186523438 -0.0254478454589844 0.0409278869628906
0.0497817993164063 -0.029571533203125 -0.0348033905029297 0.0270595550537109
0.0562171936035156 0.00719833374023438 -0.0328197479248047 -0.00224113464355469
0.0262184143066406 0.0595359802246094 -0.0130071640014648 -0.0168752670288086
-0.0120773315429687 0.0665245056152344 0.00781726837158203 0.0143756866455078
-0.0509567260742188 0.0484886169433594 -0.0414314270019531 0.0514335632324219
-0.0356636047363281 -0.00399398803710937 -0.02783203125 0.0917739868164063
-0.0344944000244141 0.0160808563232422 -0.02850341796875 0.08172607421875
-0.0167961120605469 0.0366973876953125 -0.0154151916503906 0.0536079406738281
0.0159072875976563 0.0297412872314453 -0.00490951538085937 0.0463981628417969
0.0272617340087891 0.00890731811523438 -0.000370025634765625 0.0353965759277344
0.0240993499755859 -0.0179100036621094 0.00281715393066406 0.0333824157714844
0.013031005859375 -0.0273590087890625 0.0045623779296875 0.0423660278320313
0.0110950469970703 -0.0275001525878906 0.00145721435546875 0.0486564636230469
0.00940513610839843 -0.0350894927978516 -0.00541687011718749 0.0566825866699219
0.0178623199462891 -0.0321979522705078 -0.0289306640625 0.0524482727050781
0.0364189147949219 -0.0169792175292969 -0.0402336120605469 0.0337677001953125
0.0381011962890625 0.009613037109375 -0.0399093627929688 0.00162124633789063
0.0094146728515625 0.0446739196777344 -0.0179119110107422 -0.0158481597900391
-0.0226783752441406 0.0397758483886719 0.000778198242187497 0.0227146148681641
-0.0444679260253906 0.014495849609375 -0.0576362609863281 0.0607261657714844
0.0235099792480469 0.0245895385742188 0.0611801147460938 -0.0713424682617188
0.0224971771240234 -0.0127773284912109 0.00602531433105469 -0.0292339324951172
0.000432968139648437 -0.020416259765625 0.018951416015625 0.0217628479003906
-0.0132684707641602 -0.00850486755371094 0.0540695190429688 0.00362014770507812
-0.0134830474853516 0.0032949447631836 0.0521049499511719 -0.0349693298339844
-0.00938892364501953 0.012476921081543 0.028228759765625 -0.0638580322265625
-0.00721883773803711 0.0082249641418457 -0.00115203857421875 -0.0708999633789063
-0.00658130645751953 0.0068821907043457 -0.00757217407226563 -0.0561714172363281
-0.00911235809326172 0.00642967224121094 -0.00883102416992188 -0.0493202209472656
-0.0102653503417969 -0.00266647338867188 -0.002288818359375 -0.0433769226074219
-0.00335597991943359 -0.0127696990966797 -0.000873565673828128 -0.0398712158203125
0.0131759643554688 -0.0151786804199219 0.0076446533203125 -0.0474472045898438
0.02801513671875 0.0012054443359375 0.0210037231445313 -0.0567092895507812
0.0307598114013672 0.0240440368652344 0.025665283203125 -0.0824508666992188
0.0181388854980469 0.0405158996582031 0.037933349609375 -0.0967483520507813
0.00255584716796875 0.0605354309082031 0.0701789855957031 -0.0589256286621094
0.0212574005126953 0.0223350524902344 0.0124473571777344 -0.0227489471435547
0.0200843811035156 0.00887870788574219 0.0212879180908203 0.0282917022705078
0.0146389007568359 -0.00227069854736328 0.0587882995605469 0.00943374633789063
0.0105524063110352 -0.00659561157226563 0.0591354370117188 -0.0301475524902344
0.00181865692138672 -0.0118541717529297 0.0320816040039063 -0.0641365051269531
-0.00549125671386719 -0.0191535949707031 0.000610351562499993 -0.069732666015625
-0.00250244140625 -0.0182762145996094 -0.0083770751953125 -0.0521202087402344
-0.00503921508789063 -0.0218143463134766 -0.00962448120117188 -0.0455970764160156
0.003936767578125 -0.0247535705566406 -0.00636672973632813 -0.0400009155273438
0.0221500396728516 -0.0221977233886719 -0.0049591064453125 -0.0356330871582031
0.03948974609375 -0.00527191162109375 0.00399398803710938 -0.0438957214355469
0.03857421875 0.0339927673339844 0.0147438049316406 -0.0509300231933594
0.0261344909667969 0.0593833923339844 0.0211868286132813 -0.07269287109375
-0.00363922119140624 0.0741348266601563 0.0325241088867188 -0.0813827514648438
-0.022186279296875 0.0876617431640625 0.0692062377929688 -0.0353813171386719
0.0122833251953125 0.0570449829101562 0.0148115158081055 -0.00697135925292968
0.0345840454101563 0.0438995361328125 0.02032470703125 0.0390281677246094
0.04327392578125 0.00967788696289063 0.0594825744628906 0.0191574096679688
0.0367889404296875 -0.0126380920410156 0.0618209838867188 -0.0203056335449219
0.01629638671875 -0.0341262817382813 0.0350418090820312 -0.0568084716796875
-0.000713348388671873 -0.0436248779296875 0.00243377685546875 -0.0599708557128906
0.00259780883789062 -0.0408554077148438 -0.00864410400390625 -0.0400238037109375
-0.00147247314453125 -0.0466575622558594 -0.0103015899658203 -0.0338268280029297
0.0140228271484375 -0.0451812744140625 -0.0122184753417969 -0.0290317535400391
0.0413246154785156 -0.0337715148925781 -0.0125503540039062 -0.0259132385253906
0.0610313415527344 -0.0026397705078125 -0.00435638427734375 -0.0377388000488281
0.0502853393554688 0.0559043884277344 0.0068206787109375 -0.044769287109375
0.025421142578125 0.0848922729492188 0.0165596008300781 -0.0573272705078125
-0.0210189819335937 0.096710205078125 0.0216140747070313 -0.0560951232910156
-0.0440521240234375 0.100570678710937 0.0583229064941406 -0.00290298461914062
-0.002471923828125 0.083282470703125 0.0117635726928711 0.0161972045898438
0.0404739379882812 0.0755081176757813 0.0154914855957031 0.0505561828613281
0.06561279296875 0.0246543884277344 0.0536766052246094 0.0317344665527344
0.0593833923339844 -0.01373291015625 0.0577659606933594 -0.00461578369140625
0.03033447265625 -0.0496330261230469 0.0349464416503906 -0.0417556762695313
0.0043792724609375 -0.06072998046875 0.00385665893554688 -0.0429916381835938
0.00661468505859375 -0.0566635131835937 -0.00725173950195312 -0.0223464965820313
0.00034713745117188 -0.0640945434570313 -0.00985240936279297 -0.016016960144043
0.019256591796875 -0.0598793029785156 -0.0175113677978516 -0.0120782852172852
0.0529975891113281 -0.0435943603515625 -0.0195045471191406 -0.0120143890380859
0.0733108520507813 -0.00469970703125 -0.0128211975097656 -0.0285320281982422
0.05889892578125 0.0664596557617188 -0.0005645751953125 -0.0367927551269531
0.0244827270507812 0.0970840454101563 0.0136528015136719 -0.0386695861816406
-0.0330429077148438 0.106185913085938 0.00748825073242187 -0.0260524749755859
-0.0594558715820313 0.0962448120117188 0.0381126403808594 0.0310745239257813
-0.019989013671875 0.0937042236328125 0.0029296875 0.041412353515625
0.033721923828125 0.0958480834960938 0.00593185424804688 0.059844970703125
0.0739898681640625 0.0399398803710938 0.0405120849609375 0.0430488586425781
0.0725021362304688 -0.0091705322265625 0.0467147827148438 0.0118942260742188
0.0403823852539062 -0.0564422607421875 0.0294952392578125 -0.0207538604736328
0.00944137573242187 -0.0687751770019531 0.00544166564941407 -0.0196571350097656
0.0100746154785156 -0.0637321472167969 -0.00528669357299805 -0.000904560089111332
0.00173187255859375 -0.0726318359375 -0.00781917572021484 0.00527238845825195
0.0212669372558594 -0.066680908203125 -0.0206508636474609 0.00766372680664062
0.057464599609375 -0.0475807189941406 -0.0249443054199219 0.00362014770507812
0.0765304565429688 -0.0048828125 -0.0202064514160156 -0.0182647705078125
0.0579376220703125 0.0701103210449219 -0.00560951232910156 -0.0288600921630859
0.0183181762695313 0.0979766845703125 0.0137901306152344 -0.0188579559326172
-0.0419387817382813 0.10076904296875 -0.00762557983398438 0.00533056259155274
-0.0634307861328125 0.0747528076171875 0.0146751403808594 0.0637397766113281
-0.0340652465820313 0.0835418701171875 -0.00833129882812501 0.0642929077148438
0.0177001953125 0.0959243774414062 -0.0037078857421875 0.0640525817871094
0.0662918090820313 0.0476799011230469 0.0232429504394531 0.050018310546875
0.0709686279296875 -0.00177764892578125 0.0302829742431641 0.0260124206542969
0.0431022644042969 -0.0520210266113281 0.0214977264404297 0.00115585327148437
0.0126762390136719 -0.065673828125 0.00657081604003906 0.00519609451293945
0.0115966796875 -0.0615463256835938 -0.00224113464355469 0.0202674865722656
0.0037384033203125 -0.0706558227539063 -0.00516128540039063 0.0264987945556641
0.0216789245605469 -0.0636863708496094 -0.0224227905273438 0.0265541076660156
0.056182861328125 -0.0440559387207031 -0.02886962890625 0.0179824829101562
0.0716781616210938 -0.00122833251953125 -0.0269241333007813 -0.00815773010253907
0.0478515625 0.0682373046875 -0.00981521606445312 -0.021759033203125
0.00580596923828124 0.088165283203125 0.0128898620605469 -0.00082015991210937
-0.0482101440429688 0.0829010009765625 -0.0231742858886719 0.0337638854980469
-0.0549087524414063 0.040069580078125 -0.00885772705078125 0.086517333984375
-0.0383033752441406 0.0560302734375 -0.01995849609375 0.0797653198242187
-0.000297546386718751 0.0748825073242187 -0.0112495422363281 0.0626182556152344
0.0456619262695313 0.0440025329589844 0.00753021240234375 0.0513420104980469
0.0548286437988281 0.0043487548828125 0.0137233734130859 0.034149169921875
0.0369758605957031 -0.0392799377441406 0.0114345550537109 0.0208263397216797
0.0129661560058594 -0.0520553588867188 0.00662040710449219 0.0281562805175781
0.0114669799804687 -0.0493240356445312 0.00135040283203125 0.0384635925292969
0.0055694580078125 -0.0581130981445313 -0.0034332275390625 0.0455551147460937
0.0200881958007812 -0.0524024963378906 -0.024169921875 0.0438270568847656
0.049285888671875 -0.0335159301757813 -0.0346832275390625 0.0298690795898438
0.0590744018554688 0.0039520263671875 -0.0336132049560547 -0.000703811645507806
0.0309028625488281 0.0606346130371094 -0.0139074325561523 -0.0170440673828125
-0.00879287719726562 0.0698814392089844 0.0100717544555664 0.0143270492553711
-0.0502777099609375 0.0536155700683594 -0.0399971008300781 0.0553932189941406
-0.0375099182128906 -0.00156784057617188 -0.0239334106445312 0.0969772338867188
-0.0354423522949219 0.0186805725097656 -0.0251541137695312 0.0861053466796875
-0.0150375366210937 0.0394821166992187 -0.0138015747070312 0.0571975708007813
0.0182743072509766 0.0299339294433594 -0.00275421142578125 0.0491065979003906
0.0294246673583984 0.00791358947753906 0.00184249877929688 0.0375556945800781
0.0238857269287109 -0.0202312469482422 0.00539970397949219 0.0340328216552734
0.01153564453125 -0.0295295715332031 0.00763702392578125 0.0439605712890625
0.0096588134765625 -0.0297431945800781 0.00439453125 0.0508003234863281
0.00689697265625 -0.0372085571289063 -0.00245285034179687 0.0593223571777344
0.0163097381591797 -0.0344409942626953 -0.0271797180175781 0.0556831359863281
0.0364646911621094 -0.0202445983886719 -0.0400733947753906 0.0369796752929688
0.0403327941894531 0.00789260864257813 -0.0410041809082031 0.00337982177734376
0.012603759765625 0.0463371276855469 -0.0192317962646484 -0.0154132843017578
-0.0216522216796875 0.0426597595214844 0.00298309326171875 0.0228519439697266
-0.0452804565429688 0.0175285339355469 -0.0564155578613281 0.06597900390625
0.0255756378173828 0.0235710144042969 0.0571212768554688 -0.0758743286132813
0.0217437744140625 -0.0140094757080078 0.00282096862792969 -0.029541015625
-0.000270843505859375 -0.0212554931640625 0.0204753875732422 0.0211296081542969
-0.0141487121582031 -0.0080099105834961 0.0547637939453125 0.000728607177734375
-0.0138750076293945 0.00420379638671875 0.0507316589355469 -0.0381927490234375
-0.00847053527832031 0.0134868621826172 0.0246925354003906 -0.0657920837402344
-0.00684452056884766 0.00916290283203125 -0.00563049316406249 -0.0711669921875
-0.00592708587646484 0.0072932243347168 -0.0110206604003906 -0.0563850402832031
-0.00794553756713867 0.00701808929443359 -0.0123863220214844 -0.0493354797363281
-0.0102472305297852 -0.00109577178955078 -0.0048980712890625 -0.0435829162597656
-0.00456714630126953 -0.0125179290771484 -0.00289154052734375 -0.0406455993652344
0.0122900009155273 -0.0164165496826172 0.00433349609375 -0.0493888854980469
0.0282096862792969 -0.000684738159179688 0.0179100036621094 -0.0585670471191406
0.0322227478027344 0.0219287872314453 0.0208969116210938 -0.0843658447265625
0.0208015441894531 0.0398483276367188 0.0319061279296875 -0.100830078125
0.00696563720703124 0.0619010925292969 0.0668563842773438 -0.0641517639160156
0.0224704742431641 0.0214557647705078 0.0101833343505859 -0.0234832763671875
0.0211391448974609 0.00735092163085938 0.0234451293945313 0.0281219482421875
0.0144567489624023 -0.00379085540771484 0.0597457885742187 0.00613021850585938
0.0102367401123047 -0.00749778747558594 0.0579681396484375 -0.0343856811523437
0.000688552856445312 -0.0119466781616211 0.0284156799316406 -0.0671310424804688
-0.00720787048339844 -0.0182323455810547 -0.00441741943359375 -0.0706634521484375
-0.00358200073242188 -0.0184707641601563 -0.0114784240722656 -0.0522918701171875
-0.00655937194824219 -0.0215644836425781 -0.0129928588867188 -0.0455360412597656
0.00185585021972656 -0.0249958038330078 -0.0092315673828125 -0.0400543212890625
0.0204868316650391 -0.0236606597900391 -0.00721359252929687 -0.0360908508300781
0.0398445129394531 -0.00789642333984375 0.000846862792968751 -0.045654296875
0.0413017272949219 0.0315017700195313 0.01190185546875 -0.0529632568359375
0.0302581787109375 0.0580482482910156 0.0166397094726562 -0.074920654296875
0.000900268554687493 0.0759811401367188 0.0280380249023437 -0.0850906372070312
-0.0163497924804687 0.0905303955078125 0.0674095153808594 -0.0404205322265625
0.0155830383300781 0.0571784973144531 0.0133256912231445 -0.00809097290039062
0.03839111328125 0.0418319702148438 0.0229835510253906 0.0392646789550781
0.0442276000976563 0.006561279296875 0.06109619140625 0.0163955688476563
0.0366249084472656 -0.0157012939453125 0.0616798400878906 -0.023590087890625
0.0137729644775391 -0.0350818634033203 0.0319175720214844 -0.0595512390136719
-0.00448989868164063 -0.0435256958007813 -0.0018310546875 -0.0606651306152344
-0.000328063964843754 -0.0416755676269531 -0.0106964111328125 -0.0398368835449219
-0.00495529174804687 -0.0467567443847656 -0.0127620697021484 -0.0332622528076172
0.0108299255371094 -0.046142578125 -0.0147018432617188 -0.0284099578857422
0.0393524169921875 -0.0367813110351562 -0.0145778656005859 -0.0255031585693359
0.0613975524902344 -0.0067291259765625 -0.00666046142578124 -0.0391426086425781
0.0549964904785156 0.0529708862304688 0.00423049926757813 -0.0463829040527344
0.0308151245117188 0.0837326049804688 0.0132293701171875 -0.0594635009765625
-0.0147781372070313 0.0999221801757813 0.0182533264160156 -0.0588035583496094
-0.0378189086914062 0.105033874511719 0.0585136413574219 -0.00681304931640624
0.00218963623046875 0.0848922729492188 0.0115976333618164 0.0153026580810547
0.0459823608398437 0.0740280151367188 0.0181846618652344 0.0513877868652344
0.0675315856933594 0.0211181640625 0.0557670593261719 0.0296821594238281
0.0593605041503906 -0.0178871154785156 0.0588455200195313 -0.00787353515625
0.0266342163085937 -0.0516204833984375 0.0322837829589844 -0.0443572998046875
6.48498535156306E-05 -0.0617332458496094 0.00138092041015625 -0.0431747436523438
0.0033111572265625 -0.057708740234375 -0.00872039794921875 -0.0212383270263672
-0.00441360473632813 -0.0648765563964844 -0.0112781524658203 -0.0153179168701172
0.0148048400878906 -0.0609054565429688 -0.0187568664550781 -0.0112552642822266
0.0498466491699219 -0.0471305847167969 -0.0208549499511719 -0.0112476348876953
0.07391357421875 -0.00958251953125 -0.0147018432617187 -0.0287895202636719
0.0644683837890625 0.0631790161132813 -0.00268173217773437 -0.0380172729492188
0.0311279296875 0.0959701538085938 0.0117607116699219 -0.0405120849609375
-0.0265045166015625 0.109931945800781 0.00605583190917969 -0.0273532867431641
-0.0536346435546875 0.101585388183594 0.0405693054199219 0.0295867919921875
-0.0144424438476562 0.0956649780273438 0.00438308715820313 0.0410614013671875
0.0407028198242188 0.0948867797851563 0.00931549072265626 0.0614700317382813
0.0771408081054688 0.035888671875 0.0436935424804688 0.0422515869140625
0.0732421875 -0.01422119140625 0.0486221313476563 0.00936508178710937
0.0360679626464844 -0.0590133666992188 0.0290107727050781 -0.0231647491455078
0.00376129150390625 -0.07000732421875 0.00447463989257813 -0.0198078155517578
0.0055084228515625 -0.0651016235351563 -0.00507068634033203 -2.57492065429732E-05
-0.003509521484375 -0.073516845703125 -0.00798892974853515 0.00620937347412109
0.0159454345703125 -0.0680656433105469 -0.0208930969238281 0.00935173034667968
0.0544700622558594 -0.0519332885742187 -0.02496337890625 0.00505638122558594
0.0772247314453125 -0.009918212890625 -0.0218505859375 -0.0176105499267578
0.0635604858398438 0.06646728515625 -0.00705146789550781 -0.02972412109375
0.0248031616210938 0.0971145629882813 0.0126266479492188 -0.0204181671142578
-0.0359878540039063 0.105606079101563 -0.00765228271484375 0.00587129592895508
-0.05908203125 0.0798873901367187 0.0182952880859375 0.0635185241699219
-0.0295562744140625 0.0861282348632813 -0.00517654418945312 0.0648574829101562
0.0244522094726563 0.0962600708007813 -0.00043487548828125 0.0662002563476563
0.0694847106933594 0.0438804626464844 0.0265426635742188 0.0503807067871094
0.0721511840820313 -0.00640869140625 0.032827377319336 0.0245838165283203
0.0393791198730469 -0.0552711486816406 0.0212211608886719 0.000261306762695309
0.0076751708984375 -0.0675430297851563 0.00711917877197266 0.00540065765380859
0.00724411010742188 -0.0627975463867188 -0.000371932983398438 0.0210056304931641
-0.00157928466796875 -0.0709609985351563 -0.00409889221191406 0.0272846221923828
0.0168228149414062 -0.0651588439941406 -0.0214653015136719 0.028411865234375
0.0532493591308594 -0.0478973388671875 -0.0283088684082031 0.0196552276611328
0.07196044921875 -0.0061187744140625 -0.0278530120849609 -0.00674247741699219
0.0530357360839844 0.0654792785644531 -0.0110187530517578 -0.0223731994628906
0.0114898681640625 0.0887222290039063 0.0132293701171875 -0.00241374969482421
-0.0433273315429688 0.0874786376953125 -0.0212669372558594 0.0353507995605469
-0.0526466369628906 0.0440177917480469 -0.0040130615234375 0.0885391235351563
-0.0355033874511719 0.0593147277832031 -0.0157699584960938 0.0818939208984375
0.00502777099609375 0.0756988525390625 -0.00796890258789063 0.0644645690917969
0.048828125 0.0413475036621094 0.0107955932617187 0.05242919921875
0.0564918518066406 0.000705718994140625 0.0164375305175781 0.0340843200683594
0.0340995788574219 -0.0417251586914063 0.0127410888671875 0.0200481414794922
0.00880813598632813 -0.0535850524902344 0.00910758972167969 0.0279598236083984
0.00804519653320313 -0.0508689880371094 0.00437545776367188 0.0392036437988281
0.00109863281249999 -0.0586967468261719 -0.000427246093749996 0.0467796325683594
0.0163345336914063 -0.0540733337402344 -0.0221595764160156 0.0459823608398438
0.0469245910644531 -0.0376129150390625 -0.0329971313476563 0.0317535400390625
0.0597457885742187 0.0002288818359375 -0.0345268249511719 0.000814437866210939
0.0355262756347656 0.0591773986816406 -0.014857292175293 -0.0171709060668945
-0.0045928955078125 0.0707244873046875 0.0111846923828125 0.0133657455444336
-0.0471305847167969 0.0579795837402344 -0.0366477966308594 0.05792236328125
-0.037567138671875 0.000648498535156252 -0.0182266235351562 0.099853515625
-0.0349063873291016 0.0213642120361328 -0.020294189453125 0.0887985229492187
-0.0127105712890625 0.0412445068359375 -0.0107154846191406 0.0589599609375
0.0203781127929687 0.0292987823486328 0.000316619873046872 0.0507736206054688
0.0304088592529297 0.00605392456054688 0.004486083984375 0.0385856628417969
0.0224514007568359 -0.0215396881103516 0.00737380981445313 0.0344524383544922
0.00910377502441406 -0.0310611724853516 0.0106201171875 0.0438766479492188
0.00773811340332031 -0.0310287475585938 0.00791168212890625 0.0515937805175781
0.004547119140625 -0.0377922058105469 0.00107192993164063 0.0602188110351563
0.0137748718261719 -0.0354652404785156 -0.0238838195800781 0.0584487915039063
0.0355987548828125 -0.0230331420898438 -0.0380096435546875 0.0397834777832031
0.0415382385253906 0.00526809692382813 -0.0409355163574219 0.0054931640625
0.0157546997070313 0.0465049743652344 -0.0198898315429688 -0.0150508880615234
-0.0190811157226563 0.0441131591796875 0.00488662719726563 0.0218162536621094
-0.04443359375 0.0206794738769531 -0.0524215698242187 0.0701942443847656
0.0268001556396484 0.02227783203125 0.0533447265625 -0.07745361328125
0.0210933685302734 -0.0146121978759766 0.000467300415039064 -0.028717041015625
-0.00142860412597656 -0.0212020874023437 0.0217990875244141 0.0207710266113281
-0.0145444869995117 -0.0080099105834961 0.0541534423828125 -0.000579833984375001
-0.0138149261474609 0.00473785400390625 0.0488853454589844 -0.0394554138183594
-0.00764274597167968 0.0140619277954102 0.0219154357910156 -0.0658912658691406
-0.00628089904785156 0.00968074798583984 -0.00878143310546875 -0.0702972412109375
-0.00531148910522461 0.00775289535522461 -0.0136604309082031 -0.0558052062988281
-0.00751209259033203 0.00707054138183594 -0.0142555236816406 -0.0483665466308594
-0.0103302001953125 -0.000458717346191405 -0.00714874267578125 -0.0433731079101562
-0.00497627258300781 -0.0114459991455078 -0.00464248657226563 -0.0406417846679687
0.0110654830932617 -0.0170621871948242 0.00252532958984375 -0.0499191284179688
0.0282001495361328 -0.00225067138671875 0.0152397155761719 -0.0589942932128906
0.0330829620361328 0.0205669403076172 0.0175247192382813 -0.0841598510742188
0.0225677490234375 0.039215087890625 0.027099609375 -0.102409362792969
0.0100440979003906 0.06146240234375 0.0633659362792969 -0.0663871765136719
0.0235557556152344 0.0207672119140625 0.00789642333984375 -0.0231990814208984
0.0213527679443359 0.0060272216796875 0.0242729187011719 0.0277061462402344
0.0143251419067383 -0.00477886199951172 0.05938720703125 0.00455474853515625
0.00916767120361328 -0.00826549530029297 0.0561141967773438 -0.0358238220214844
0.000166893005371094 -0.0114574432373047 0.0259475708007813 -0.0672149658203125
-0.00777244567871094 -0.0174551010131836 -0.00749588012695313 -0.0694847106933594
-0.00443649291992188 -0.0180492401123047 -0.0135955810546875 -0.0508003234863281
-0.00724029541015625 -0.0212192535400391 -0.014923095703125 -0.04443359375
0.000993728637695315 -0.0240592956542969 -0.0111923217773438 -0.0395278930664063
0.0191326141357422 -0.0239582061767578 -0.00891494750976562 -0.0358123779296875
0.0388717651367188 -0.00992202758789062 -0.000923156738281248 -0.0466384887695313
0.0424766540527344 0.0292320251464844 0.0101318359375 -0.0533370971679688
0.0323715209960938 0.0561790466308594 0.0135498046875 -0.0748519897460938
0.00479888916015626 0.0753021240234375 0.0239715576171875 -0.0863494873046875
-0.0119400024414062 0.0915374755859375 0.0651168823242188 -0.0429000854492188
0.0177497863769531 0.056549072265625 0.0116453170776367 -0.00835132598876953
0.0403327941894531 0.0396537780761719 0.024017333984375 0.0387725830078125
0.0442008972167969 0.00414276123046875 0.0615310668945312 0.0145606994628906
0.0356674194335938 -0.0172233581542969 0.0605049133300781 -0.0257644653320313
0.0115165710449219 -0.0351753234863281 0.0291671752929687 -0.0602302551269531
-0.006591796875 -0.0425567626953125 -0.00457763671875 -0.0598793029785156
-0.00215530395507812 -0.0412483215332031 -0.0121498107910156 -0.0386009216308594
-0.00748443603515625 -0.0463829040527344 -0.0142002105712891 -0.0319843292236328
0.0081787109375 -0.0454826354980469 -0.0159282684326172 -0.0272922515869141
0.0370941162109375 -0.0381622314453125 -0.015594482421875 -0.0250530242919922
0.0607185363769531 -0.00969696044921875 -0.00851821899414062 -0.039520263671875
0.057525634765625 0.0499725341796875 0.002532958984375 -0.0469284057617187
0.034393310546875 0.0811004638671875 0.0104942321777344 -0.05938720703125
-0.0103759765625 0.100578308105469 0.0153617858886719 -0.0599250793457031
-0.03271484375 0.106742858886719 0.0575790405273437 -0.00900650024414062
0.00536346435546875 0.0841293334960938 0.0108098983764648 0.0144271850585938
0.049652099609375 0.0713653564453125 0.0194511413574219 0.0509719848632813
0.0681419372558594 0.0173683166503906 0.0567054748535156 0.0280914306640625
0.058319091796875 -0.0207748413085938 0.0585250854492188 -0.0098724365234375
0.0233421325683594 -0.0521888732910156 0.0301094055175781 -0.04461669921875
-0.0037078857421875 -0.0607566833496094 -0.000442504882812502 -0.04254150390625
-0.00010299682617188 -0.0577468872070313 -0.00900650024414063 -0.0203914642333984
-0.00765609741210937 -0.0635337829589844 -0.0123405456542969 -0.0144166946411133
0.011199951171875 -0.06085205078125 -0.0194358825683594 -0.009979248046875
0.0469779968261719 -0.049041748046875 -0.0211982727050781 -0.0105533599853516
0.0732040405273438 -0.0130386352539062 -0.015869140625 -0.0289325714111328
0.0670928955078125 0.0595703125 -0.00413894653320312 -0.0386428833007812
0.0353240966796875 0.0933074951171875 0.0096282958984375 -0.04119873046875
-0.0215377807617188 0.111297607421875 0.00471305847167968 -0.0278720855712891
-0.0488739013671875 0.103469848632813 0.0407447814941406 0.0277442932128906
-0.0106048583984375 0.0964279174804688 0.00487899780273438 0.0401496887207031
0.0451736450195313 0.0928268432617188 0.0116348266601562 0.0616226196289063
0.0782089233398438 0.0319137573242188 0.0448722839355469 0.0412979125976562
0.0724868774414063 -0.0178604125976563 0.0489082336425781 0.00789642333984375
0.0325355529785156 -0.060272216796875 0.0273075103759766 -0.0241603851318359
-3.81469726563092E-06 -0.0694236755371094 0.00361442565917969 -0.0196857452392578
0.00271224975585937 -0.0652046203613281 -0.00430440902709961 0.000700950622558589
-0.00775909423828125 -0.0721054077148438 -0.00812530517578125 0.00674724578857421
0.0122756958007812 -0.06719970703125 -0.0203933715820313 0.0102329254150391
0.0510597229003906 -0.0536613464355469 -0.0248165130615234 0.0059680938720703
0.0758895874023438 -0.01348876953125 -0.0222358703613281 -0.0176353454589844
0.0665321350097656 0.0626983642578125 -0.00845527648925781 -0.0300426483154297
0.028717041015625 0.0948104858398437 0.0118885040283203 -0.0212898254394531
-0.0310134887695313 0.106727600097656 -0.00724172592163086 0.00553512573242188
-0.0552978515625 0.0819778442382813 0.0205268859863281 0.0623359680175781
-0.0257720947265625 0.08697509765625 -0.00353622436523438 0.0638580322265625
0.0288619995117188 0.094818115234375 0.0015716552734375 0.0662040710449219
0.0708770751953125 0.0408935546875 0.0286445617675781 0.0499649047851562
0.0717620849609375 -0.0094757080078125 0.0338840484619141 0.0235118865966797
0.0362510681152344 -0.056060791015625 0.0211067199707031 -0.00120162963867188
0.00319671630859375 -0.0664787292480469 0.00746440887451172 0.00507783889770507
0.00408554077148438 -0.0629997253417969 0.000886917114257811 0.0213737487792969
-0.00555801391601562 -0.0699996948242188 -0.00341033935546875 0.0276165008544922
0.0129661560058594 -0.065032958984375 -0.0203227996826172 0.0294208526611328
0.0500869750976562 -0.0502357482910156 -0.0274982452392578 0.0207614898681641
0.0710906982421875 -0.00943756103515625 -0.0276336669921875 -0.00628852844238282
0.055816650390625 0.0626411437988281 -0.0117397308349609 -0.0221099853515625
0.015411376953125 0.0865859985351563 0.012843132019043 -0.00345611572265624
-0.0392532348632813 0.0894012451171875 -0.0196533203125 0.0353927612304688
-0.0504379272460937 0.0461616516113281 -0.000617980957031246 0.0879669189453125
-0.0330543518066406 0.0602874755859375 -0.0129241943359375 0.0809173583984375
0.00819396972656249 0.0756301879882813 -0.00596237182617188 0.0653190612792969
0.0495986938476563 0.039031982421875 0.0129127502441406 0.0520210266113281
0.056304931640625 -0.002166748046875 0.0177726745605469 0.0333652496337891
0.0315704345703125 -0.04296875 0.0135765075683594 0.0195560455322266
0.00537872314453124 -0.0528793334960938 0.0104522705078125 0.0273590087890625
0.00561141967773437 -0.0509223937988281 0.00626754760742188 0.0393791198730469
-0.00177764892578125 -0.0579833984375 0.00141525268554687 0.0463447570800781
0.0132217407226563 -0.0538597106933594 -0.0202903747558594 0.0465621948242187
0.0445709228515625 -0.039581298828125 -0.0313148498535156 0.0325412750244141
0.0590705871582031 -0.00276947021484375 -0.0336837768554687 0.00158119201660156
0.0383148193359375 0.057159423828125 -0.015345573425293 -0.0172109603881836
-0.00117874145507813 0.0694999694824219 0.0121774673461914 0.0113964080810547
-0.0443115234375 0.0599174499511719 -0.0338935852050781 0.0586738586425781
-0.0371818542480469 0.001953125 -0.0139923095703125 0.100425720214844
-0.0335273742675781 0.0227203369140625 -0.0169143676757813 0.0882034301757813
-0.0106353759765625 0.0421028137207031 -0.0086212158203125 0.059295654296875
0.0215320587158203 0.0280132293701172 0.00215911865234375 0.05108642578125
0.0308418273925781 0.00474357604980469 0.00613021850585937 0.0385818481445313
0.0211467742919922 -0.0225276947021484 0.00908470153808594 0.0337791442871094
0.00684738159179688 -0.0312232971191406 0.0131149291992188 0.0429344177246094
0.0059356689453125 -0.0317306518554688 0.0107765197753906 0.0508079528808594
0.0022430419921875 -0.0377998352050781 0.00355529785156251 0.0602302551269531
0.011688232421875 -0.0357322692871094 -0.0217514038085938 0.0588569641113281
0.0340900421142578 -0.0247726440429688 -0.0362586975097656 0.0400924682617187
0.0414772033691406 0.00360870361328125 -0.0405464172363281 0.00701141357421875
0.017578125 0.0453071594238281 -0.0199413299560547 -0.014801025390625
-0.0172767639160156 0.0447731018066406 0.00623703002929687 0.0206489562988281
-0.0430831909179688 0.0225677490234375 -0.0489730834960938 0.0709609985351563
0.0276107788085937 0.0219058990478516 0.051300048828125 -0.07843017578125
0.0206890106201172 -0.0147361755371094 -0.00110626220703125 -0.0279521942138672
-0.00216293334960937 -0.0210971832275391 0.0219459533691406 0.0206794738769531
-0.0153017044067383 -0.00757884979248047 0.0535850524902344 -0.00135040283203125
-0.0140552520751953 0.00478744506835937 0.0475387573242188 -0.039520263671875
-0.007080078125 0.0140953063964844 0.0211563110351562 -0.0662422180175781
-0.00568103790283203 0.0105781555175781 -0.0103950500488281 -0.0696830749511719
-0.00524711608886719 0.00763607025146484 -0.0146217346191406 -0.0552711486816406
-0.006866455078125 0.00710344314575195 -0.0152511596679687 -0.0478897094726563
-0.00959491729736328 -6.48498535156242E-05 -0.00809478759765624 -0.04315185546875
-0.00540637969970703 -0.0115728378295898 -0.0057220458984375 -0.0414199829101563
0.0109415054321289 -0.0174179077148438 0.00181961059570313 -0.0505752563476562
0.0281219482421875 -0.002777099609375 0.0143280029296875 -0.0589790344238281
0.0330276489257813 0.0198173522949219 0.015472412109375 -0.0843124389648438
0.0238227844238281 0.0382804870605469 0.02490234375 -0.103218078613281
0.0116996765136719 0.0613632202148438 0.0615997314453125 -0.0674819946289063
0.02362060546875 0.0205516815185547 0.00579452514648438 -0.0228939056396484
0.0215415954589844 0.00569725036621094 0.0245323181152344 0.0281867980957031
0.0134010314941406 -0.00531387329101562 0.059844970703125 0.00420379638671875
0.00861454010009766 -0.00880622863769531 0.055267333984375 -0.0362586975097656
-0.000337600708007811 -0.0111522674560547 0.0249557495117187 -0.0674705505371094
-0.00836086273193359 -0.0163240432739258 -0.00873947143554687 -0.0686264038085938
-0.00456809997558594 -0.0180530548095703 -0.0145454406738281 -0.0503959655761719
-0.00759124755859375 -0.0204715728759766 -0.0161361694335938 -0.0439529418945312
0.000688552856445313 -0.0237655639648438 -0.0120620727539063 -0.0392494201660156
0.0180091857910156 -0.0240573883056641 -0.0094757080078125 -0.036285400390625
0.0384025573730469 -0.0109214782714844 -0.00171279907226563 -0.046875
0.0431480407714844 0.0278358459472656 0.00894546508789063 -0.0538101196289063
0.0333137512207031 0.0550079345703125 0.0121307373046875 -0.075042724609375
0.00654602050781249 0.075714111328125 0.0221939086914063 -0.0871810913085938
-0.009521484375 0.0919113159179688 0.0636062622070313 -0.0445632934570312
0.0185089111328125 0.0565948486328125 0.00993919372558594 -0.00820732116699218
0.0415420532226563 0.0386123657226563 0.0249099731445313 0.0395736694335938
0.0436897277832031 0.00297164916992188 0.0615501403808594 0.0145721435546875
0.0349979400634766 -0.01837158203125 0.0602874755859375 -0.0265731811523438
0.0100593566894531 -0.0349178314208984 0.0279579162597656 -0.0602874755859375
-0.00848770141601562 -0.0412368774414063 -0.00571823120117188 -0.0595703125
-0.0033416748046875 -0.0410690307617188 -0.0125007629394531 -0.0379791259765625
-0.0086212158203125 -0.0451393127441406 -0.0151710510253906 -0.0317268371582031
0.0071258544921875 -0.0450630187988281 -0.0166645050048828 -0.0270614624023438
0.0352668762207031 -0.0381851196289063 -0.0160942077636719 -0.0254611968994141
0.0599861145019531 -0.0113296508789063 -0.009063720703125 -0.0398292541503906
0.0584945678710938 0.04840087890625 0.00174713134765626 -0.0472068786621094
0.0357742309570313 0.079681396484375 0.00899124145507813 -0.0601348876953125
-0.007781982421875 0.101142883300781 0.0145416259765625 -0.0602989196777344
-0.0305709838867188 0.107475280761719 0.056854248046875 -0.0108757019042969
0.00662231445312501 0.0840988159179688 0.00988388061523438 0.0139589309692383
0.0513763427734375 0.0705413818359375 0.0202178955078125 0.0520782470703125
0.0680274963378906 0.0158538818359375 0.0574760437011719 0.0282173156738281
0.0577201843261719 -0.0223617553710938 0.0586395263671875 -0.010711669921875
0.0214729309082031 -0.0521697998046875 0.0290603637695313 -0.0448265075683594
-0.00557708740234375 -0.0595664978027344 -0.00116729736328125 -0.0421409606933594
-0.0014190673828125 -0.0573844909667969 -0.00889778137207031 -0.0199737548828125
-0.00969696044921874 -0.0629005432128906 -0.0128364562988281 -0.0137968063354492
0.00928115844726563 -0.0600090026855469 -0.0196399688720703 -0.00950241088867188
0.0452766418457031 -0.0498237609863281 -0.0210781097412109 -0.0105991363525391
0.0724411010742188 -0.0147628784179688 -0.0165386199951172 -0.0295314788818359
0.0682182312011719 0.0576896667480469 -0.00474166870117187 -0.0388603210449219
0.0369338989257813 0.0920562744140625 0.00861358642578126 -0.0418281555175781
-0.0188140869140625 0.112236022949219 0.00384140014648438 -0.0288639068603516
-0.0463180541992188 0.104454040527344 0.0408821105957031 0.0265960693359375
-0.00962829589843751 0.0964279174804688 0.00466537475585937 0.0396652221679688
0.047637939453125 0.0920639038085938 0.0120658874511719 0.062469482421875
0.0788040161132813 0.0301361083984375 0.0454673767089844 0.041107177734375
0.07220458984375 -0.0193710327148438 0.0493507385253906 0.00698089599609375
0.0304756164550781 -0.0597038269042969 0.0266895294189453 -0.0242404937744141
-0.00228118896484375 -0.0685310363769531 0.00327682495117187 -0.0192394256591797
0.000484466552734372 -0.065338134765625 -0.00370931625366211 0.00139141082763671
-0.00977325439453125 -0.0709609985351563 -0.00840425491333008 0.00725746154785156
0.00992584228515625 -0.0668182373046875 -0.0205135345458984 0.0109977722167969
0.0490455627441406 -0.0549049377441406 -0.0244770050048828 0.00600433349609374
0.0755691528320313 -0.0153961181640625 -0.0228462219238281 -0.0176105499267578
0.0679359436035156 0.0613479614257813 -0.00870895385742187 -0.0305538177490234
0.0303955078125 0.09307861328125 0.0110645294189453 -0.0224018096923828
-0.0288314819335937 0.107917785644531 -0.00696039199829102 0.0047898292541504
-0.0535507202148438 0.083343505859375 0.0211524963378906 0.0615882873535156
-0.024810791015625 0.0872726440429688 -0.00326156616210937 0.0632400512695313
0.0313262939453125 0.09417724609375 0.00231933593750001 0.06671142578125
0.07171630859375 0.0389785766601563 0.0291328430175781 0.0497970581054688
0.0717620849609375 -0.0114364624023438 0.0346031188964844 0.02294921875
0.0343666076660156 -0.0561904907226563 0.0209274291992188 -0.0010986328125
0.000900268554687494 -0.0662002563476563 0.00750398635864258 0.00494718551635742
0.00224685668945312 -0.062896728515625 0.00195693969726562 0.0217170715332031
-0.00770950317382812 -0.06915283203125 -0.00289344787597656 0.0277976989746094
0.0105361938476562 -0.0643463134765625 -0.0197467803955078 0.0300445556640625
0.0485038757324219 -0.0512313842773438 -0.0268383026123047 0.0205421447753906
0.0703506469726563 -0.0111083984375 -0.0277271270751953 -0.00660133361816406
0.0572128295898437 0.0608367919921875 -0.0118770599365234 -0.0227508544921875
0.0168228149414063 0.0856246948242188 0.0133943557739258 -0.00440883636474609
-0.0368881225585938 0.09063720703125 -0.0188369750976563 0.0353240966796875
-0.0493812561035156 0.0468902587890625 0.00107574462890625 0.0875625610351563
-0.0321922302246094 0.0604400634765625 -0.0120620727539063 0.0804901123046875
0.0108184814453125 0.0757293701171875 -0.00537109375000001 0.0653953552246094
0.0504226684570312 0.0376243591308594 0.0137367248535156 0.0525016784667969
0.0561256408691406 -0.00323486328125 0.0186309814453125 0.0333805084228516
0.0299224853515625 -0.0433616638183594 0.0136547088623047 0.0195369720458984
0.00322723388671876 -0.0527153015136719 0.0113525390625 0.0271453857421875
0.00389862060546876 -0.0511550903320313 0.00789260864257813 0.0395355224609375
-0.00379562377929688 -0.0576248168945313 0.00205612182617188 0.0465164184570313
0.0109138488769531 -0.0531730651855469 -0.0192680358886719 0.0474700927734375
0.042877197265625 -0.0408096313476563 -0.0308284759521484 0.0326995849609375
0.0590057373046875 -0.00399017333984375 -0.0335845947265625 0.00188064575195312
0.039520263671875 0.0563545227050781 -0.015568733215332 -0.0174188613891601
-0.000335693359375 0.0689582824707031 0.0124549865722656 0.0106048583984375
-0.0425148010253906 0.0609550476074219 -0.0327224731445312 0.0592460632324219
-0.037322998046875 0.00268936157226562 -0.01220703125 0.1005859375
-0.0332622528076172 0.0235080718994141 -0.0154495239257813 0.0876617431640625
-0.00931167602539063 0.0425910949707031 -0.00825119018554688 0.0591468811035156
0.0222587585449219 0.0273456573486328 0.00320053100585938 0.0511283874511719
0.0311374664306641 0.00429153442382813 0.00740814208984375 0.0384254455566406
0.0202751159667969 -0.0229682922363281 0.00955200195312501 0.0335788726806641
0.00573921203613281 -0.0311851501464844 0.014190673828125 0.0423812866210938
0.00513458251953125 -0.0316867828369141 0.011962890625 0.0509452819824219
0.00127410888671875 -0.0380287170410156 0.00482177734375 0.0597915649414062
0.0107421875 -0.0358085632324219 -0.0201530456542969 0.0590553283691406
0.0332698822021484 -0.0254650115966797 -0.0355224609375 0.0405235290527344
0.0412330627441406 0.00294113159179688 -0.0400772094726563 0.00730133056640624
0.0183868408203125 0.0455322265625 -0.0199851989746094 -0.0151634216308594
-0.0168685913085938 0.0447502136230469 0.00725555419921875 0.0199337005615234
-0.042327880859375 0.0232124328613281 -0.0471725463867188 0.0712509155273438
0.0286064147949219 0.0216293334960938 0.0512313842773437 -0.0799636840820313
0.0208168029785156 -0.0148735046386719 -0.00156211853027344 -0.0276451110839844
-0.00251007080078125 -0.0213813781738281 0.0225734710693359 0.02154541015625
-0.0157995223999023 -0.00782012939453125 0.0549736022949219 -0.000980377197265625
-0.0147953033447266 0.00501060485839844 0.0482711791992187 -0.0402374267578125
-0.00707530975341797 0.0149145126342773 0.0216865539550781 -0.0671348571777344
-0.00507545471191406 0.0107355117797852 -0.01092529296875 -0.070892333984375
-0.0048213005065918 0.00762414932250976 -0.0155868530273438 -0.0563468933105469
-0.00686931610107422 0.00748300552368164 -0.0159683227539063 -0.0489921569824219
-0.00943374633789062 0.000344276428222657 -0.0089111328125 -0.0445671081542969
-0.00554847717285156 -0.010986328125 -0.00609970092773438 -0.0427055358886719
0.0106849670410156 -0.017913818359375 0.00173187255859375 -0.0517768859863281
0.0280570983886719 -0.00311851501464844 0.0145187377929688 -0.0595893859863281
0.0335655212402344 0.0201034545898437 0.0157623291015625 -0.0852508544921875
0.0247039794921875 0.0392112731933594 0.024444580078125 -0.105110168457031
0.012969970703125 0.0621681213378906 0.0613784790039063 -0.0691604614257813
0.0244159698486328 0.021148681640625 0.0048828125 -0.0228652954101563
0.0220012664794922 0.00573539733886719 0.0253963470458984 0.0291213989257813
0.0135297775268555 -0.00553989410400391 0.0607070922851563 0.0043792724609375
0.00814342498779297 -0.00934982299804688 0.0564460754394531 -0.0368156433105469
-0.000679969787597657 -0.0108280181884766 0.0247383117675781 -0.0681915283203125
-0.00880146026611328 -0.016209602355957 -0.00942230224609375 -0.06976318359375
-0.00513458251953125 -0.0182037353515625 -0.0150566101074219 -0.0512161254882813
-0.00828170776367187 -0.0208644866943359 -0.0166473388671875 -0.0452537536621094
0.000349044799804688 -0.0237751007080078 -0.0126914978027344 -0.0399551391601563
0.0178737640380859 -0.0243740081787109 -0.00984573364257813 -0.0375480651855469
0.0390090942382812 -0.0115013122558594 -0.002166748046875 -0.0484771728515625
0.0440711975097656 0.0277976989746094 0.00931930541992188 -0.0544319152832031
0.03387451171875 0.0553855895996094 0.0115127563476562 -0.0759811401367188
0.00725555419921875 0.0769500732421875 0.0216751098632813 -0.0899200439453125
-0.00863647460937501 0.0938949584960938 0.0637969970703125 -0.046051025390625
0.0191154479980469 0.0576438903808594 0.00861310958862305 -0.00843143463134765
0.0429306030273438 0.0392036437988281 0.0254783630371094 0.0407524108886719
0.0442733764648437 0.00244140625 0.0629997253417969 0.0149269104003906
0.0350685119628906 -0.0195808410644531 0.0611915588378906 -0.0271492004394531
0.00955581665039062 -0.0352210998535156 0.0280570983886719 -0.0611152648925781
-0.00957489013671875 -0.0417823791503906 -0.00601577758789063 -0.0600967407226562
-0.00400924682617187 -0.0417442321777344 -0.0129165649414062 -0.0386009216308594
-0.00936126708984375 -0.0456428527832031 -0.0158596038818359 -0.0322093963623047
0.00683975219726563 -0.0452919006347656 -0.0172710418701172 -0.0272674560546875
0.0355072021484375 -0.0390777587890625 -0.0162467956542969 -0.0263214111328125
0.0611915588378906 -0.0119438171386719 -0.00942993164062499 -0.0415458679199219
0.0598793029785156 0.0482330322265625 0.00143051147460938 -0.0482978820800781
0.0366287231445312 0.0803146362304688 0.00845718383789063 -0.0613822937011719
-0.0073089599609375 0.103324890136719 0.0137748718261719 -0.0625190734863281
-0.0297164916992188 0.109901428222656 0.0569534301757813 -0.0114974975585937
0.00717163085937499 0.0859527587890625 0.00858688354492187 0.0143280029296875
0.0538558959960938 0.0710601806640625 0.0212631225585938 0.0540695190429688
0.0696029663085938 0.0151176452636719 0.0585670471191406 0.0288314819335938
0.0589561462402344 -0.0237693786621094 0.0595588684082031 -0.0110206604003906
0.020904541015625 -0.0527496337890625 0.0293159484863281 -0.0458984375
-0.00708389282226563 -0.059783935546875 -0.00121688842773438 -0.0428466796875
-0.00210952758789062 -0.0585136413574219 -0.008270263671875 -0.0203285217285156
-0.0105819702148438 -0.0633621215820313 -0.0132589340209961 -0.0138416290283203
0.00871658325195313 -0.0601959228515625 -0.020538330078125 -0.00926971435546876
0.0448989868164063 -0.0511627197265625 -0.0215835571289062 -0.0110569000244141
0.0732040405273437 -0.0158843994140625 -0.0171566009521484 -0.0307636260986328
0.0701217651367188 0.058013916015625 -0.00517272949218749 -0.0399246215820312
0.0377883911132813 0.0925140380859375 0.00861358642578126 -0.043121337890625
-0.0181655883789063 0.11474609375 0.00330924987792969 -0.0299854278564453
-0.0465316772460938 0.106979370117188 0.0411300659179687 0.026458740234375
-0.009246826171875 0.0983200073242188 0.00295257568359375 0.0398979187011719
0.0503005981445313 0.0932083129882813 0.0126838684082031 0.0646286010742188
0.0804214477539062 0.0295867919921875 0.0470085144042969 0.0423164367675781
0.0732498168945313 -0.0209274291992188 0.0503692626953125 0.0072021484375
0.0300407409667969 -0.0610084533691406 0.0261554718017578 -0.0245895385742188
-0.00410079956054688 -0.0685844421386719 0.00323295593261718 -0.0196914672851563
-7.62939453125014E-05 -0.0666122436523438 -0.00341415405273438 0.0012969970703125
-0.0111465454101563 -0.0721206665039063 -0.00838613510131836 0.00761222839355468
0.00903701782226562 -0.0675010681152344 -0.0207920074462891 0.0113773345947266
0.0488433837890625 -0.0561332702636719 -0.0248355865478516 0.00564002990722656
0.0764694213867188 -0.016632080078125 -0.0231647491455078 -0.0186882019042969
0.0695915222167969 0.0616722106933594 -0.00954055786132812 -0.0311870574951172
0.031463623046875 0.0943832397460938 0.0112876892089844 -0.0231304168701172
-0.0283203125 0.110191345214844 -0.00762081146240234 0.00456333160400391
-0.0535659790039063 0.0854568481445313 0.0219078063964844 0.0624542236328125
-0.0249176025390625 0.0890731811523438 -0.00432205200195312 0.0637397766113281
0.0331954956054688 0.0959548950195313 0.00276565551757813 0.0691146850585938
0.072845458984375 0.038818359375 0.0298347473144531 0.051300048828125
0.0730514526367188 -0.0126800537109375 0.0357322692871094 0.0237617492675781
0.0338287353515625 -0.05706787109375 0.0212650299072266 -0.000411987304687503
-0.000595092773437503 -0.0664520263671875 0.00790786743164063 0.00527667999267578
0.00114822387695312 -0.0640487670898438 0.00257110595703125 0.0224895477294922
-0.00907516479492187 -0.0699043273925781 -0.00284385681152344 0.0286579132080078
0.00984573364257812 -0.0645904541015625 -0.0200252532958984 0.0308990478515625
0.0479278564453125 -0.0527191162109375 -0.0270156860351562 0.0205516815185547
0.0713119506835938 -0.0121688842773437 -0.0283317565917969 -0.00722312927246094
0.0587959289550781 0.061553955078125 -0.0129070281982422 -0.0235214233398437
0.0176925659179688 0.0864028930664063 0.0130710601806641 -0.00559139251708984
-0.036529541015625 0.0923919677734375 -0.01947021484375 0.0356407165527344
-0.049774169921875 0.048370361328125 0.0011749267578125 0.0894699096679688
-0.0326347351074219 0.0621337890625 -0.0123519897460937 0.0811538696289063
0.0120468139648438 0.07684326171875 -0.0046539306640625 0.0670166015625
0.0516204833984375 0.0376358032226563 0.0143318176269531 0.0541152954101563
0.0573463439941406 -0.00407028198242188 0.0195121765136719 0.0341930389404297
0.0297088623046875 -0.0439186096191406 0.0137557983398438 0.0200004577636719
0.00210189819335938 -0.0530204772949219 0.0116653442382813 0.0275402069091797
0.00270843505859376 -0.0520401000976563 0.00896835327148438 0.0401992797851563
-0.0048980712890625 -0.0580978393554688 0.00239944458007812 0.0473213195800781
0.0101737976074219 -0.0536575317382813 -0.0195884704589844 0.047821044921875
0.043243408203125 -0.0420608520507813 -0.0309257507324219 0.0332603454589844
0.0599136352539063 -0.00487518310546875 -0.0342788696289062 0.00150680541992188
0.0407981872558594 0.0570640563964844 -0.0161304473876953 -0.0182056427001953
0.000129699707031245 0.0702476501464844 0.0128917694091797 0.00986766815185547
-0.0429725646972656 0.0620193481445313 -0.0329818725585938 0.0593185424804688
-0.0382194519042969 0.00335311889648438 -0.0115432739257813 0.102760314941406
-0.0333652496337891 0.0239677429199219 -0.0153732299804688 0.0888519287109375
-0.00864791870117187 0.0433998107910156 -0.00804519653320312 0.06036376953125
0.0223731994628906 0.0273017883300781 0.00341415405273438 0.0522727966308594
0.0318698883056641 0.00378799438476563 0.00797271728515626 0.0398292541503906
0.0202846527099609 -0.0232315063476563 0.00999641418457031 0.0344352722167969
0.00469779968261719 -0.0314407348632812 0.0151100158691406 0.0432052612304688
0.00411033630371094 -0.0325183868408203 0.0130119323730469 0.051971435546875
0.000396728515624997 -0.0382194519042969 0.00516891479492188 0.0614471435546875
0.0100364685058594 -0.0362472534179688 -0.020599365234375 0.0602989196777344
0.0334377288818359 -0.0266380310058594 -0.035919189453125 0.0410041809082031
0.0419960021972656 0.00234222412109375 -0.0411949157714844 0.00702285766601562
0.0198173522949219 0.0458106994628906 -0.0209178924560547 -0.015777587890625
-0.0168304443359375 0.0456695556640625 0.00769996643066406 0.0192432403564453
-0.0430335998535156 0.02374267578125 -0.0472946166992187 0.0725555419921875
0.0304698944091797 0.0219383239746094 0.0511245727539062 -0.0839157104492188
0.0214290618896484 -0.0159683227539063 -0.00299072265625 -0.0279464721679687
-0.00311088562011719 -0.02239990234375 0.0239276885986328 0.021820068359375
-0.0171422958374023 -0.00768184661865235 0.0572776794433594 -0.00156402587890625
-0.0157699584960938 0.00572872161865235 0.0503349304199219 -0.0420570373535156
-0.0069732666015625 0.0156412124633789 0.0214118957519531 -0.0700263977050781
-0.00462532043457031 0.0116682052612305 -0.0127487182617188 -0.07318115234375
-0.00511312484741211 0.00794506072998047 -0.017242431640625 -0.0587997436523437
-0.00665807723999024 0.00763750076293945 -0.0180854797363281 -0.0512161254882813
-0.00920009613037109 0.000254631042480467 -0.0105018615722656 -0.0466461181640625
-0.00599193572998047 -0.0111198425292969 -0.00704956054687499 -0.0451126098632813
0.0105552673339844 -0.0191230773925781 0.000385284423828124 -0.0545234680175781
0.0293865203857422 -0.0042724609375 0.0151824951171875 -0.0617408752441406
0.0355796813964844 0.0203170776367188 0.0150985717773438 -0.088531494140625
0.0266036987304688 0.0403327941894531 0.0232162475585938 -0.1102294921875
0.0151748657226562 0.0650405883789063 0.0618667602539063 -0.0732803344726563
0.0254936218261719 0.0217857360839844 0.00331878662109375 -0.0229969024658203
0.023651123046875 0.00537490844726563 0.0270500183105469 0.0305843353271484
0.0136508941650391 -0.00651741027832031 0.0634651184082031 0.00405120849609375
0.00787925720214844 -0.0094757080078125 0.0581512451171875 -0.0391006469726563
-0.000872611999511719 -0.011012077331543 0.025177001953125 -0.0711288452148438
-0.00910377502441407 -0.0158309936523438 -0.0111007690429687 -0.0721588134765625
-0.00562286376953125 -0.0186424255371094 -0.016510009765625 -0.0537261962890625
-0.00879478454589844 -0.0213775634765625 -0.0184211730957031 -0.0465507507324219
0.000581741333007812 -0.0241241455078125 -0.014251708984375 -0.0416641235351563
0.0182094573974609 -0.0249958038330078 -0.0112686157226563 -0.0392570495605469
0.0402259826660156 -0.0128211975097656 -0.00330352783203124 -0.0514068603515625
0.0462265014648438 0.0279693603515625 0.009002685546875 -0.0567970275878906
0.0362358093261719 0.0569534301757813 0.010711669921875 -0.0791549682617187
0.00893402099609375 0.0803604125976563 0.0207443237304688 -0.094329833984375
-0.00650787353515625 0.097991943359375 0.0647544860839844 -0.0490684509277344
0.0204544067382812 0.0595169067382813 0.0075836181640625 -0.00853919982910156
0.04608154296875 0.0398445129394531 0.027587890625 0.0433883666992188
0.0461311340332031 0.0017852783203125 0.0659942626953125 0.015228271484375
0.0357322692871094 -0.0214271545410156 0.0637168884277344 -0.0293006896972656
0.00912094116210938 -0.0363731384277344 0.0286369323730469 -0.0636329650878906
-0.0108299255371094 -0.041778564453125 -0.00755691528320313 -0.0624771118164063
-0.00519943237304687 -0.043365478515625 -0.0132331848144531 -0.0402984619140625
-0.0110740661621094 -0.0469436645507813 -0.0170440673828125 -0.033355712890625
0.00575637817382812 -0.0464859008789063 -0.0190162658691406 -0.02825927734375
0.0359115600585938 -0.0408592224121094 -0.0177516937255859 -0.0276336669921875
0.0633468627929688 -0.0141677856445312 -0.0112762451171875 -0.04400634765625
0.0634346008300781 0.0490951538085937 0.000747680664062499 -0.0506248474121094
0.0391845703125 0.0826568603515625 0.00780868530273438 -0.0640640258789063
-0.0052642822265625 0.108367919921875 0.0125999450683594 -0.0659103393554688
-0.0283966064453125 0.115608215332031 0.0587120056152344 -0.0132637023925781
0.0085906982421875 0.0897979736328125 0.00796604156494141 0.0146017074584961
0.0582199096679688 0.0732269287109375 0.0233421325683594 0.0566902160644531
0.0721893310546875 0.0143280029296875 0.0615768432617188 0.0299339294433594
0.0606956481933594 -0.0264396667480469 0.0625267028808594 -0.0118522644042969
0.0203094482421875 -0.0543556213378906 0.0298690795898438 -0.0474662780761719
-0.00906753540039063 -0.0614356994628906 -0.0020294189453125 -0.0439949035644531
-0.0038604736328125 -0.0610198974609375 -0.00898170471191406 -0.0208625793457031
-0.0131721496582031 -0.0650367736816406 -0.0143003463745117 -0.0139570236206055
0.00793075561523437 -0.0623779296875 -0.0213832855224609 -0.00904083251953125
0.0451316833496094 -0.0539512634277344 -0.0229377746582031 -0.0113353729248047
0.07623291015625 -0.0182647705078125 -0.018798828125 -0.0324726104736328
0.0745086669921875 0.0586471557617188 -0.006134033203125 -0.0419692993164062
0.0405654907226563 0.0958099365234375 0.00776290893554688 -0.0453071594238281
-0.0167083740234375 0.120613098144531 0.00217819213867187 -0.0318870544433594
-0.0457382202148438 0.112579345703125 0.0430526733398438 0.0267906188964844
-0.00852203369140624 0.102745056152344 0.00229263305664063 0.0414352416992188
0.0547103881835938 0.0961837768554688 0.0144920349121094 0.067626953125
0.0838241577148437 0.0291061401367187 0.0490074157714844 0.044342041015625
0.075714111328125 -0.0238418579101563 0.0532112121582031 0.00710296630859375
0.0298690795898437 -0.0631942749023438 0.0270481109619141 -0.0253086090087891
-0.0064239501953125 -0.0703582763671875 0.0034637451171875 -0.0201759338378906
-0.00209426879882812 -0.0688743591308594 -0.0029139518737793 0.00144791603088378
-0.0134429931640625 -0.0738677978515625 -0.00895214080810547 0.00863170623779296
0.00813674926757812 -0.0694656372070313 -0.0214214324951172 0.0125141143798828
0.0484046936035156 -0.0593681335449219 -0.0257854461669922 0.00602722167968749
0.0791168212890625 -0.0187225341796875 -0.0248317718505859 -0.0195369720458984
0.0737228393554688 0.0627975463867188 -0.0103302001953125 -0.0327682495117187
0.0343246459960937 0.0973052978515625 0.0111293792724609 -0.0248050689697266
-0.027374267578125 0.115974426269531 -0.00841569900512696 0.00426721572875977
-0.0541229248046875 0.0902099609375 0.0230560302734375 0.0643692016601563
-0.0250167846679688 0.09344482421875 -0.00463104248046876 0.0658760070800781
0.0371475219726563 0.0990371704101563 0.0041046142578125 0.0721817016601563
0.076812744140625 0.0389556884765625 0.0315399169921875 0.0535163879394531
0.0755615234375 -0.015655517578125 0.0376472473144531 0.0247116088867188
0.033599853515625 -0.0595779418945312 0.0216388702392578 -0.000564575195312504
-0.00284194946289062 -0.0681648254394531 0.00861072540283203 0.00534772872924804
-0.000602722167968745 -0.066741943359375 0.00417518615722656 0.0231800079345703
-0.0114364624023438 -0.0719985961914062 -0.00269889831542969 0.0303001403808594
0.0081634521484375 -0.0666351318359375 -0.0204544067382813 0.0325450897216797
0.0478172302246094 -0.0561141967773438 -0.0281105041503906 0.0214061737060547
0.0741119384765625 -0.0145111083984375 -0.0298995971679687 -0.0074920654296875
0.0627822875976563 0.0630836486816406 -0.0140647888183594 -0.0246162414550781
0.0196075439453125 0.089508056640625 0.0135259628295898 -0.00681877136230468
-0.0362014770507812 0.0970993041992188 -0.0196456909179688 0.0369911193847656
-0.0511207580566406 0.0514869689941406 0.00253295898437499 0.0928268432617187
-0.0331687927246094 0.0650634765625 -0.01251220703125 0.0838775634765625
0.0141830444335938 0.0797348022460938 -0.00447845458984375 0.0695610046386719
0.0543594360351563 0.0379371643066406 0.0149078369140625 0.0563735961914063
0.0597801208496094 -0.00579071044921875 0.0210609436035156 0.0359725952148438
0.0299720764160156 -0.0457611083984375 0.0147647857666016 0.0209770202636719
0.000373840332031247 -0.05462646484375 0.0132102966308594 0.0283756256103516
0.00134658813476562 -0.0542106628417969 0.0108757019042969 0.0412788391113281
-0.00674438476562499 -0.0601234436035156 0.00317001342773437 0.0497512817382812
0.00867080688476563 -0.0557022094726563 -0.0198822021484375 0.0506668090820312
0.0434379577636719 -0.044921875 -0.0313854217529297 0.0344829559326172
0.0619392395019531 -0.0063934326171875 -0.0357093811035156 0.00138473510742187
0.0439262390136719 0.0587501525878906 -0.0173625946044922 -0.0191249847412109
0.00096893310546875 0.0729522705078125 0.0136518478393555 0.00958442687988282
-0.0433502197265625 0.0655899047851562 -0.0332603454589844 0.0622024536132813
-0.0394363403320313 0.00373077392578125 -0.0103225708007813 0.106834411621094
-0.0344715118408203 0.0255260467529297 -0.014984130859375 0.0919265747070313
-0.00757980346679687 0.0453872680664063 -0.00792312622070312 0.0627403259277344
0.0237751007080078 0.0279216766357422 0.00446701049804688 0.0550003051757813
0.0334434509277344 0.00308609008789063 0.0095062255859375 0.0419387817382813
0.0205039978027344 -0.0246620178222656 0.0109367370605469 0.0359001159667969
0.00337028503417969 -0.0329055786132813 0.0168495178222656 0.0444221496582031
0.00313186645507813 -0.0336971282958984 0.0150337219238281 0.0538330078125
-0.00070953369140625 -0.0399551391601562 0.00689697265625 0.0642166137695313
0.00935745239257812 -0.0379905700683594 -0.0202903747558594 0.0628776550292969
0.033782958984375 -0.0288772583007813 -0.0366897583007813 0.0426559448242187
0.0439033508300781 0.00148773193359375 -0.0425605773925781 0.00766754150390625
0.0214767456054688 0.0479202270507813 -0.0223903656005859 -0.016754150390625
-0.0169334411621094 0.0479393005371094 0.00866127014160156 0.0188331604003906
-0.0441856384277344 0.0258026123046875 -0.0478744506835937 0.076141357421875
0.0327587127685547 0.0216274261474609 0.0485687255859375 -0.0899658203125
0.0216388702392578 -0.0175552368164063 -0.00498580932617187 -0.0279502868652344
-0.00404739379882812 -0.0228900909423828 0.0261821746826172 0.0227680206298828
-0.0183181762695313 -0.00726699829101562 0.0597877502441406 -0.00323486328125
-0.0165786743164063 0.00708389282226563 0.0509567260742188 -0.0453262329101563
-0.00616741180419922 0.0171318054199219 0.0198898315429687 -0.0736923217773438
-0.00327110290527344 0.0125970840454102 -0.0164337158203125 -0.0761337280273437
-0.00450372695922851 0.00854253768920898 -0.0210494995117188 -0.0610008239746094
-0.0062870979309082 0.0082097053527832 -0.0220947265625 -0.05291748046875
-0.00902652740478516 0.000888824462890624 -0.0130882263183594 -0.0484886169433594
-0.00673389434814453 -0.0106916427612305 -0.00992202758789063 -0.0474891662597656
0.00962257385253906 -0.0205554962158203 -0.00176239013671874 -0.0576820373535156
0.0305423736572266 -0.005859375 0.0140113830566406 -0.065155029296875
0.0380439758300781 0.0195426940917969 0.0121688842773438 -0.0933837890625
0.0295524597167969 0.04107666015625 0.0186080932617188 -0.117118835449219
0.0191650390625 0.0671615600585938 0.060455322265625 -0.0789566040039063
0.0276279449462891 0.0215492248535156 0.00175285339355469 -0.0234966278076172
0.0253124237060547 0.00449562072753906 0.0300045013427734 0.0311565399169922
0.0131425857543945 -0.00723075866699219 0.0664443969726563 0.00205612182617187
0.00757217407226563 -0.0108680725097656 0.0595283508300781 -0.04302978515625
-0.00154304504394531 -0.0105323791503906 0.0234603881835938 -0.075164794921875
-0.0100135803222656 -0.0158920288085938 -0.0151290893554688 -0.0742950439453125
-0.00643157958984375 -0.0194873809814453 -0.0195999145507812 -0.0554542541503906
-0.0101261138916016 -0.0217323303222656 -0.0219535827636719 -0.0483169555664062
-0.000703811645507812 -0.024658203125 -0.016571044921875 -0.0429420471191406
0.0176010131835938 -0.0264263153076172 -0.0136375427246094 -0.0417938232421875
0.041046142578125 -0.015716552734375 -0.00555419921875 -0.0539703369140625
0.0493278503417969 0.0270767211914063 0.00725173950195313 -0.0596237182617187
0.0401954650878906 0.0575370788574219 0.0076446533203125 -0.083282470703125
0.013336181640625 0.0840988159179688 0.0166473388671875 -0.100128173828125
-0.00160980224609375 0.1031494140625 0.0644149780273438 -0.0541496276855469
0.0245704650878906 0.06195068359375 0.00597429275512695 -0.00850629806518554
0.0509376525878906 0.039337158203125 0.0313339233398438 0.0448684692382812
0.0480079650878906 -0.000591278076171875 0.0698432922363281 0.0136604309082031
0.0360679626464844 -0.0248489379882812 0.0655670166015625 -0.0328941345214844
0.00752639770507812 -0.0375099182128906 0.0274124145507813 -0.0674819946289063
-0.0129165649414063 -0.0420951843261719 -0.0107307434082031 -0.0643272399902344
-0.00763320922851563 -0.0449485778808594 -0.0154571533203125 -0.0412559509277344
-0.0139732360839844 -0.0483055114746094 -0.02032470703125 -0.0344772338867188
0.00422286987304688 -0.0481910705566406 -0.0211391448974609 -0.0286884307861328
0.0351982116699219 -0.0437583923339844 -0.0197029113769531 -0.0284805297851563
0.0659866333007813 -0.0177536010742188 -0.0138473510742187 -0.0465621948242187
0.0685653686523438 0.0483741760253906 -0.00110626220703124 -0.0529518127441406
0.0442962646484375 0.084686279296875 0.00556945800781249 -0.0676040649414062
-0.000419616699218752 0.114448547363281 0.00955200195312499 -0.0702095031738281
-0.0238494873046875 0.122428894042969 0.059967041015625 -0.0165519714355469
0.0129318237304688 0.094024658203125 0.00700569152832032 0.0150613784790039
0.0653228759765625 0.0736770629882813 0.0272865295410156 0.0593032836914063
0.0761260986328125 0.011444091796875 0.0654106140136719 0.0297698974609375
0.0616683959960938 -0.031402587890625 0.0651397705078125 -0.0149765014648438
0.0185279846191406 -0.0575637817382812 0.0293846130371094 -0.0504722595214844
-0.0129470825195312 -0.0623321533203125 -0.00428390502929687 -0.0460777282714844
-0.00717544555664062 -0.0632400512695313 -0.00958061218261719 -0.0216388702392578
-0.0171737670898438 -0.0669708251953125 -0.0157756805419922 -0.0140857696533203
0.004486083984375 -0.0646514892578125 -0.0226802825927734 -0.00880622863769532
0.0438575744628906 -0.0580062866210938 -0.0245418548583984 -0.011322021484375
0.0790252685546875 -0.0233688354492188 -0.0215377807617188 -0.0341320037841797
0.0803146362304687 0.0582962036132812 -0.00815200805664062 -0.043792724609375
0.046417236328125 0.0980072021484375 0.00612258911132813 -0.04779052734375
-0.01190185546875 0.127487182617188 0.00044441223144531 -0.0338554382324219
-0.0426254272460938 0.120597839355469 0.0455513000488281 0.0263557434082031
-0.00494384765625001 0.108360290527344 0.00303649902343749 0.0430374145507813
0.0626983642578125 0.0979766845703125 0.0184326171875 0.0709915161132813
0.0890579223632813 0.02642822265625 0.0532035827636719 0.044830322265625
0.0778656005859375 -0.0293121337890625 0.056549072265625 0.00543975830078125
0.0277481079101563 -0.0666770935058594 0.0273857116699219 -0.0273628234863281
-0.0106124877929687 -0.072174072265625 0.00235176086425781 -0.0212078094482422
-0.00592803955078126 -0.0720443725585938 -0.00172531604766846 0.00171971321105957
-0.018218994140625 -0.0761260986328125 -0.00888919830322266 0.00965118408203124
0.00469207763671875 -0.0721359252929688 -0.0219497680664063 0.0142078399658203
0.0475196838378906 -0.0643959045410156 -0.0269660949707031 0.0070056915283203
0.0819778442382813 -0.0238723754882813 -0.0271644592285156 -0.0207176208496094
0.0804595947265625 0.0621414184570313 -0.0124797821044922 -0.0337314605712891
0.0397567749023438 0.0998764038085938 0.0104866027832031 -0.0270919799804687
-0.0230560302734375 0.123527526855469 -0.00877189636230469 0.00439500808715821
-0.0521163940429687 0.0969696044921875 0.0267677307128906 0.0663566589355469
-0.0223388671875 0.0990219116210938 -0.00363922119140625 0.0685958862304688
0.0439682006835938 0.102203369140625 0.00749969482421876 0.07574462890625
0.0816879272460938 0.0371170043945313 0.035400390625 0.0552139282226562
0.0784149169921875 -0.02032470703125 0.0407638549804688 0.0244598388671875
0.0319137573242188 -0.06329345703125 0.0225200653076172 -0.00106430053710938
-0.00671005249023438 -0.0700035095214844 0.00960445404052735 0.00548267364501953
-0.00426101684570313 -0.06988525390625 0.00590133666992187 0.0240650177001953
-0.0161972045898438 -0.0743331909179688 -0.00140190124511719 0.0321807861328125
0.00522232055664063 -0.0694007873535156 -0.0200614929199219 0.0353164672851562
0.0464210510253906 -0.0605201721191406 -0.028167724609375 0.0232372283935547
0.0766983032226563 -0.0184783935546875 -0.0314960479736328 -0.00764656066894531
0.0687751770019531 0.0632781982421875 -0.01629638671875 -0.0251693725585938
0.024169921875 0.092498779296875 0.014134407043457 -0.00797843933105468
-0.0338211059570313 0.103897094726563 -0.0194015502929688 0.0393867492675781
-0.0508995056152344 0.0563545227050781 0.00637054443359374 0.0970077514648438
-0.0322952270507812 0.06976318359375 -0.0102691650390625 0.0877151489257813
0.0191497802734375 0.08282470703125 -0.00164031982421876 0.0731964111328125
0.0582733154296875 0.0369453430175781 0.0183486938476563 0.0583724975585937
0.0626678466796875 -0.00946426391601563 0.0240898132324219 0.0368499755859375
0.029205322265625 -0.0492820739746094 0.01629638671875 0.0217914581298828
-0.00246047973632812 -0.0560264587402344 0.0151786804199219 0.0293636322021484
-0.00179672241210937 -0.0567436218261719 0.0139694213867188 0.042999267578125
-0.0106697082519531 -0.0620307922363281 0.00594711303710937 0.0522193908691406
0.00655364990234375 -0.0581283569335937 -0.0184097290039063 0.0540885925292969
0.042388916015625 -0.0490303039550781 -0.03143310546875 0.036590576171875
0.06475830078125 -0.00965118408203125 -0.0375289916992187 0.00242233276367187
0.0488815307617187 0.0598716735839844 -0.0192890167236328 -0.0195083618164063
0.00410461425781249 0.0762557983398438 0.0145893096923828 0.00844097137451172
-0.0421600341796875 0.070343017578125 -0.0316886901855469 0.0662803649902344
-0.0409164428710937 0.00565338134765625 -0.006103515625 0.112457275390625
-0.0348052978515625 0.0281772613525391 -0.0120468139648438 0.0960311889648437
-0.00591278076171875 0.0479240417480469 -0.00647735595703125 0.0656356811523438
0.0263710021972656 0.0280418395996094 0.00634384155273438 0.0572853088378906
0.0351104736328125 0.00124359130859375 0.0116653442382813 0.0434799194335938
0.0203323364257813 -0.0267219543457031 0.0127944946289063 0.0371856689453125
0.001800537109375 -0.0336437225341797 0.0199050903320313 0.0454978942871094
0.00110626220703125 -0.0356903076171875 0.0193443298339844 0.0554313659667969
-0.0031585693359375 -0.0418434143066406 0.0102767944335938 0.0670280456542969
0.00774383544921875 -0.0397071838378906 -0.0186653137207031 0.0669937133789063
0.0338420867919922 -0.0322227478027344 -0.0366783142089844 0.0455322265625
0.0461540222167969 -0.00028228759765625 -0.0441703796386719 0.00958251953125001
0.02484130859375 0.0495185852050781 -0.0244312286376953 -0.0165081024169922
-0.0158653259277344 0.0506057739257813 0.0100345611572266 0.0183391571044922
-0.045257568359375 0.0281829833984375 -0.0468063354492188 0.0811996459960938
0.0357093811035156 0.0198745727539063 0.0434799194335938 -0.0951690673828125
0.0214958190917969 -0.0190887451171875 -0.00765228271484375 -0.0270881652832031
-0.00552940368652344 -0.0234756469726563 0.0288162231445312 0.0222663879394531
-0.0199851989746094 -0.00589370727539062 0.0615768432617188 -0.00719451904296875
-0.0171651840209961 0.00904655456542969 0.0496330261230469 -0.0497474670410156
-0.00486564636230469 0.0186328887939453 0.0161666870117187 -0.0770721435546875
-0.00217151641845703 0.0131950378417969 -0.0227127075195312 -0.0769119262695313
-0.00377273559570313 0.00927543640136719 -0.0267601013183594 -0.0615081787109375
-0.00601482391357422 0.00901508331298828 -0.0270843505859375 -0.0531196594238281
-0.00879383087158203 0.00159740447998047 -0.0169219970703125 -0.0496368408203125
-0.00731849670410156 -0.0106277465820313 -0.0136070251464844 -0.0488128662109375
0.00847244262695313 -0.0220928192138672 -0.00562667846679688 -0.0594635009765625
0.0308685302734375 -0.00788497924804687 0.0106964111328125 -0.0677566528320313
0.0404319763183594 0.0175819396972656 0.00695037841796876 -0.0964431762695313
0.0332984924316406 0.04046630859375 0.0107269287109375 -0.121971130371094
0.0246849060058594 0.0679244995117188 0.0556716918945313 -0.084930419921875
0.0300712585449219 0.0207920074462891 -0.000888824462890625 -0.0233840942382813
0.0265159606933594 0.00262451171875 0.0336666107177734 0.0307903289794922
0.0130300521850586 -0.00837230682373047 0.0686836242675781 -0.00187301635742188
0.0064544677734375 -0.0111503601074219 0.0586128234863281 -0.0477142333984375
-0.00213241577148438 -0.0100889205932617 0.01959228515625 -0.0781936645507813
-0.0107755661010742 -0.0150270462036133 -0.020721435546875 -0.0759124755859375
-0.00821495056152344 -0.0193443298339844 -0.0247154235839844 -0.0561676025390625
-0.0120792388916016 -0.0208988189697266 -0.0265541076660156 -0.0484199523925781
-0.00173759460449219 -0.0249767303466797 -0.0204505920410156 -0.0434455871582031
0.0164833068847656 -0.0279808044433594 -0.0168037414550781 -0.0420417785644531
0.0410232543945313 -0.0191726684570312 -0.00988006591796874 -0.0562591552734375
0.0529937744140625 0.0246658325195313 0.004241943359375 -0.0615348815917969
0.0452232360839844 0.0564041137695313 0.002655029296875 -0.0861129760742188
0.0195236206054687 0.0861053466796875 0.00966644287109374 -0.104660034179688
0.005767822265625 0.106719970703125 0.0616531372070313 -0.0598564147949219
0.0292129516601563 0.0626754760742188 0.00426864624023438 -0.00850534439086914
0.0556221008300781 0.0365142822265625 0.0357627868652344 0.0444259643554687
0.0491104125976563 -0.00378036499023438 0.0728912353515625 0.0099029541015625
0.0345993041992188 -0.0279617309570312 0.0655097961425781 -0.0378570556640625
0.00526046752929687 -0.0384483337402344 0.02398681640625 -0.0709075927734375
-0.0159492492675781 -0.0420799255371094 -0.0155677795410156 -0.0655441284179688
-0.0110282897949219 -0.0457572937011719 -0.0188102722167969 -0.0422134399414063
-0.0182075500488281 -0.0480232238769531 -0.0234470367431641 -0.0336799621582031
0.0006256103515625 -0.0491447448730469 -0.0240802764892578 -0.0281715393066406
0.0331878662109375 -0.0470733642578125 -0.0228176116943359 -0.0286293029785156
0.0662841796875 -0.0231170654296875 -0.0177879333496094 -0.047637939453125
0.0741119384765625 0.0449295043945313 -0.00439453125 -0.0543441772460938
0.0512619018554688 0.0839309692382813 0.000785827636718761 -0.0695266723632813
0.00748443603515625 0.118453979492187 0.004241943359375 -0.0734786987304687
-0.0157394409179688 0.128494262695313 0.0597114562988281 -0.0207099914550781
0.0195159912109375 0.096527099609375 0.00690364837646485 0.0155849456787109
0.0733718872070313 0.0709686279296875 0.0327529907226563 0.0592002868652344
0.0789337158203125 0.00628662109375 0.0694313049316406 0.0266609191894531
0.0609703063964844 -0.0370674133300781 0.0664329528808594 -0.019561767578125
0.0146598815917969 -0.0596885681152344 0.0270767211914063 -0.0535659790039063
-0.0176658630371094 -0.0625343322753906 -0.00728225708007813 -0.0470428466796875
-0.0122184753417969 -0.0646858215332031 -0.0110054016113281 -0.02191162109375
-0.0232925415039063 -0.067352294921875 -0.0173454284667969 -0.0129613876342773
0.000694274902343756 -0.0661888122558594 -0.0243816375732422 -0.00751113891601562
0.0406036376953125 -0.0623855590820313 -0.0262928009033203 -0.0107307434082031
0.0792617797851563 -0.0296173095703125 -0.0251274108886719 -0.0346698760986328
0.0870437622070313 0.0540924072265625 -0.0112190246582031 -0.0441207885742188
0.05426025390625 0.0971755981445313 0.00278854370117188 -0.0498580932617187
-0.00329589843749999 0.132820129394531 -0.00289154052734375 -0.03521728515625
-0.0350875854492188 0.127189636230469 0.0472869873046875 0.0238838195800781
0.00196838378906251 0.112281799316406 0.00415802001953125 0.0441055297851563
0.0720596313476562 0.0961532592773437 0.024078369140625 0.0717010498046875
0.0930557250976562 0.020538330078125 0.0577011108398438 0.0433845520019531
0.0778579711914063 -0.0363082885742188 0.0587272644042969 0.00223922729492187
0.0236320495605469 -0.0697555541992188 0.0269203186035156 -0.0290336608886719
-0.016021728515625 -0.0724945068359375 0.00143814086914062 -0.0220832824707031
-0.0117568969726562 -0.073822021484375 -0.00129103660583496 0.00129199028015136
-0.0247879028320313 -0.0763320922851562 -0.0081777572631836 0.0108499526977539
-0.000358581542968749 -0.0735015869140625 -0.0219001770019531 0.0161933898925781
0.0435028076171875 -0.0690841674804688 -0.0273704528808594 0.00828170776367187
0.082794189453125 -0.0302810668945312 -0.0298538208007812 -0.020172119140625
0.0876846313476563 0.0587387084960938 -0.0150508880615234 -0.0340652465820312
0.0475845336914063 0.0997314453125 0.00900840759277344 -0.0287151336669922
-0.0148086547851563 0.129165649414063 -0.00916862487792969 0.00479602813720704
-0.04644775390625 0.103591918945313 0.0313949584960938 0.0660362243652344
-0.0164031982421875 0.103782653808594 -0.000205993652343751 0.0703964233398438
0.0533905029296875 0.1015625 0.0127029418945312 0.0770111083984375
0.0860061645507812 0.0324172973632813 0.0397758483886719 0.0550193786621094
0.0790939331054688 -0.0268402099609375 0.0440483093261719 0.0226593017578125
0.02850341796875 -0.0667800903320313 0.0232791900634766 -0.00191307067871094
-0.0119171142578125 -0.070648193359375 0.0102558135986328 0.00472736358642578
-0.009979248046875 -0.0711822509765625 0.00864219665527343 0.0241432189941406
-0.0224761962890625 -0.0749130249023438 0.00123977661132813 0.0334339141845703
0.000129699707031249 -0.0709381103515625 -0.0178756713867187 0.0376701354980469
0.0425643920898438 -0.0655250549316406 -0.0277385711669922 0.0250015258789062
0.0774993896484375 -0.0250473022460938 -0.0335636138916016 -0.00660514831542969
0.0753402709960938 0.0602645874023438 -0.0182743072509766 -0.0248203277587891
0.030731201171875 0.0934677124023437 0.0136651992797852 -0.00963211059570312
-0.0268783569335937 0.109329223632813 -0.0172653198242188 0.04156494140625
-0.0481796264648437 0.0613670349121094 0.0134658813476563 0.0988082885742188
-0.0281295776367187 0.07403564453125 -0.00605010986328124 0.090118408203125
0.0258026123046875 0.0838470458984375 0.00269317626953124 0.0748519897460938
0.0621490478515625 0.0338325500488281 0.0221290588378906 0.0594558715820312
0.0634117126464844 -0.014739990234375 0.0277023315429688 0.0367202758789063
0.0262870788574219 -0.0521430969238281 0.0178947448730469 0.0216751098632812
-0.00687408447265625 -0.056854248046875 0.0178604125976563 0.0289077758789062
-0.00605010986328125 -0.0584297180175781 0.0182647705078125 0.04290771484375
-0.0156593322753906 -0.0631790161132813 0.0102424621582031 0.0536727905273437
0.00278854370117187 -0.0599479675292969 -0.0149726867675781 0.057037353515625
0.0395622253417969 -0.0535011291503906 -0.03009033203125 0.0392494201660156
0.0656204223632813 -0.0148353576660156 -0.0385017395019531 0.00436019897460937
0.0546188354492188 0.0582046508789063 -0.0213623046875 -0.0188140869140625
0.00910186767578126 0.0779037475585938 0.0159530639648438 0.00687980651855469
-0.0383758544921875 0.075958251953125 -0.0284042358398438 0.0702972412109375
-0.0412178039550781 0.00877761840820312 0.00135040283203124 0.115325927734375
-0.0338821411132812 0.0309543609619141 -0.00724029541015625 0.0992355346679688
-0.00234603881835937 0.049835205078125 -0.00278091430664062 0.0676803588867187
0.028564453125 0.0268516540527344 0.0103836059570313 0.0588722229003906
0.0363578796386719 -0.001678466796875 0.0150718688964844 0.0442161560058594
0.0189590454101563 -0.0287914276123047 0.0154609680175781 0.0378684997558594
-0.000696182250976563 -0.0346488952636719 0.0238990783691406 0.0452957153320312
-0.0013427734375 -0.0368728637695313 0.0242919921875 0.0550765991210938
-0.00655364990234375 -0.0432929992675781 0.0162696838378906 0.0685920715332031
0.00501251220703125 -0.0410995483398438 -0.014434814453125 0.0708465576171875
0.0317802429199219 -0.0355644226074219 -0.0346603393554688 0.0488815307617187
0.0474128723144531 -0.003692626953125 -0.0447883605957031 0.0121192932128906
0.0296554565429688 0.0494918823242188 -0.0263576507568359 -0.016143798828125
-0.013519287109375 0.0538673400878906 0.0115690231323242 0.0175638198852539
-0.0441932678222656 0.0320816040039062 -0.0421066284179688 0.0863876342773438
0.0368423461914063 0.0175704956054688 0.036163330078125 -0.096710205078125
0.0201053619384766 -0.0199871063232422 -0.00959396362304687 -0.0254573822021484
-0.0070648193359375 -0.0230484008789063 0.030364990234375 0.0202522277832031
-0.0205249786376953 -0.00467491149902343 0.0607948303222656 -0.0109786987304688
-0.0164823532104492 0.0111198425292969 0.0462303161621094 -0.052490234375
-0.00286293029785156 0.0192470550537109 0.0117950439453125 -0.0782012939453125
-0.000663757324218751 0.0131235122680664 -0.0280685424804688 -0.0746002197265625
-0.00288581848144531 0.00930118560791016 -0.0316123962402344 -0.0595970153808594
-0.00516605377197266 0.00932407379150391 -0.0315284729003906 -0.051513671875
-0.00824689865112305 0.00227975845336914 -0.0208587646484375 -0.0485763549804688
-0.00769424438476563 -0.00941276550292969 -0.01715087890625 -0.0478553771972656
0.00644111633300781 -0.0226116180419922 -0.0103912353515625 -0.0593833923339844
0.030364990234375 -0.0102920532226563 0.00687408447265625 -0.0681381225585938
0.0415725708007813 0.0149650573730469 -0.000152587890625007 -0.0955352783203125
0.03656005859375 0.038543701171875 0.00186920166015626 -0.121818542480469
0.0299415588378906 0.0660171508789062 0.0485610961914062 -0.0880813598632813
0.0316715240478516 0.0189838409423828 -0.00300979614257812 -0.0218620300292969
0.0270214080810547 0.000486373901367187 0.0356903076171875 0.0283546447753906
0.0120763778686523 -0.00898647308349609 0.0685691833496094 -0.00576400756835938
0.00511932373046875 -0.0112895965576172 0.0557518005371094 -0.0508499145507813
-0.00246429443359375 -0.00922012329101563 0.0148544311523437 -0.0791702270507812
-0.0117788314819336 -0.0139255523681641 -0.0258331298828125 -0.0735855102539063
-0.00951385498046875 -0.0185985565185547 -0.0288581848144531 -0.0545196533203125
-0.0135402679443359 -0.0195560455322266 -0.0305633544921875 -0.0463790893554688
-0.0036468505859375 -0.0244026184082031 -0.0239639282226563 -0.0424919128417969
0.0146579742431641 -0.0287590026855469 -0.0202255249023437 -0.0411529541015625
0.0393295288085938 -0.0223274230957031 -0.0140953063964844 -0.0556716918945313
0.0543136596679688 0.0205459594726563 0.000675201416015628 -0.0618820190429688
0.0484046936035156 0.0533409118652344 -0.00321197509765625 -0.0851821899414063
0.0259628295898438 0.08465576171875 0.001373291015625 -0.104904174804687
0.0140228271484375 0.105888366699219 0.0561447143554688 -0.0633468627929688
0.0335617065429688 0.0612716674804688 0.00266075134277344 -0.00796747207641601
0.0584068298339844 0.0321388244628906 0.0393638610839844 0.0417900085449219
0.0484886169433594 -0.00767135620117188 0.0734405517578125 0.0060272216796875
0.0316600799560547 -0.0301628112792969 0.0632705688476563 -0.0417404174804687
0.00218582153320313 -0.0374069213867188 0.0195541381835938 -0.0717620849609375
-0.0188026428222656 -0.0400009155273437 -0.0202293395996094 -0.0640792846679688
-0.0145187377929688 -0.0447311401367187 -0.0221824645996094 -0.0407447814941406
-0.0218353271484375 -0.0459747314453125 -0.0261154174804687 -0.0317440032958984
-0.0026092529296875 -0.0486946105957031 -0.02618408203125 -0.0267772674560547
0.0290985107421875 -0.0488014221191406 -0.0250625610351562 -0.0275363922119141
0.0640678405761719 -0.0279045104980469 -0.02191162109375 -0.0471878051757813
0.0772476196289063 0.0392913818359375 -0.00761795043945313 -0.0537300109863281
0.0567092895507813 0.079864501953125 -0.00412750244140625 -0.0693626403808594
0.0166168212890625 0.117881774902344 -0.0017852783203125 -0.0731735229492188
-0.00582122802734374 0.128959655761719 0.0569076538085938 -0.0246391296386719
0.0263290405273437 0.095062255859375 0.00624275207519531 0.015376091003418
0.07916259765625 0.065185546875 0.0370368957519531 0.0567741394042969
0.0787353515625 0.00052642822265625 0.0711212158203125 0.0228652954101562
0.0571632385253906 -0.0418434143066406 0.0648956298828125 -0.0234184265136719
0.0103759765625 -0.0597686767578125 0.0235557556152344 -0.054595947265625
-0.0215568542480469 -0.0600929260253906 -0.010711669921875 -0.0459480285644531
-0.0170631408691406 -0.0631179809570313 -0.0127964019775391 -0.0214653015136719
-0.0283622741699219 -0.0643463134765625 -0.0186100006103516 -0.0116348266601563
-0.00431823730468751 -0.0653572082519531 -0.0249729156494141 -0.00575828552246094
0.0358238220214844 -0.0647239685058594 -0.0270347595214844 -0.00958633422851563
0.0771713256835937 -0.0352935791015625 -0.0280418395996094 -0.0334625244140625
0.0910873413085938 0.0477981567382813 -0.0137672424316406 -0.0431938171386719
0.0606307983398437 0.0932464599609375 -0.000251770019531245 -0.0500984191894531
0.00689697265625001 0.133468627929688 -0.00544357299804688 -0.0349006652832031
-0.0254287719726563 0.129257202148438 0.0480422973632812 0.0203361511230469
0.0102310180664063 0.112152099609375 0.00574874877929687 0.0437126159667969
0.0797576904296875 0.0904083251953125 0.0293769836425781 0.0692977905273438
0.094024658203125 0.0140228271484375 0.0602455139160156 0.0400505065917969
0.0743255615234375 -0.0421142578125 0.0588798522949219 -0.00131988525390625
0.0183029174804687 -0.0711517333984375 0.0245914459228516 -0.0300712585449219
-0.0208702087402344 -0.0700874328613281 1.52587890624978E-05 -0.0218448638916016
-0.0175399780273437 -0.0724411010742188 -0.000739872455596925 0.00107556581497192
-0.0306777954101563 -0.0733108520507813 -0.00718498229980469 0.0115756988525391
-0.00572967529296874 -0.0726165771484375 -0.0205307006835937 0.017303466796875
0.0375213623046875 -0.0718917846679688 -0.0269947052001953 0.00928115844726562
0.0800018310546875 -0.0367279052734375 -0.0316848754882813 -0.0188331604003906
0.0915679931640625 0.0519332885742188 -0.0168685913085937 -0.0328598022460938
0.0541152954101563 0.096588134765625 0.00672340393066407 -0.0296535491943359
-0.00531768798828126 0.130683898925781 -0.00922870635986328 0.00544071197509767
-0.0382766723632813 0.106399536132813 0.0352363586425781 0.0636444091796875
-0.0093994140625 0.104934692382812 0.00315475463867188 0.0701484680175781
0.06109619140625 0.0974578857421875 0.0177536010742188 0.0754928588867188
0.0877456665039063 0.025726318359375 0.0431594848632813 0.0527801513671875
0.0761184692382813 -0.0329742431640625 0.0457954406738281 0.0203704833984375
0.0231132507324219 -0.0686073303222656 0.0229091644287109 -0.00271034240722657
-0.0167083740234375 -0.0688285827636719 0.0106630325317383 0.00396156311035156
-0.015289306640625 -0.0704116821289063 0.0107326507568359 0.0228347778320312
-0.0282211303710938 -0.0723495483398438 0.00411224365234375 0.0336380004882813
-0.00555801391601562 -0.0701751708984375 -0.0153732299804688 0.038848876953125
0.037384033203125 -0.0683097839355469 -0.0260372161865234 0.0260295867919922
0.07513427734375 -0.03082275390625 -0.034036636352539 -0.00486564636230469
0.0796737670898438 0.0546112060546875 -0.0199508666992188 -0.0233402252197266
0.0368270874023438 0.090789794921875 0.013035774230957 -0.0112924575805664
-0.018890380859375 0.111473083496094 -0.014312744140625 0.0422592163085938
-0.0430412292480469 0.0643653869628906 0.0195236206054688 0.0973129272460938
-0.0235366821289062 0.075469970703125 -0.000862121582031255 0.089691162109375
0.0324630737304687 0.0817031860351563 0.00714874267578126 0.0742034912109375
0.0641632080078125 0.0294761657714844 0.0257415771484375 0.0579948425292969
0.0620460510253906 -0.019744873046875 0.0302009582519531 0.0349235534667969
0.0221176147460938 -0.0536384582519531 0.019500732421875 0.0213394165039062
-0.0109405517578125 -0.0552711486816406 0.0198287963867187 0.0274066925048828
-0.0107955932617188 -0.0577125549316406 0.0215034484863281 0.0409507751464844
-0.0210762023925781 -0.0612449645996094 0.0148544311523438 0.0531425476074219
-0.00181198120117187 -0.0591926574707031 -0.0107192993164062 0.058135986328125
0.0345191955566406 -0.0561408996582031 -0.0276718139648437 0.040557861328125
0.0645523071289063 -0.0199737548828125 -0.0380058288574219 0.00655746459960938
0.0591812133789062 0.054351806640625 -0.0224208831787109 -0.0174274444580078
0.0139541625976563 0.07708740234375 0.0160856246948242 0.00489997863769532
-0.0325927734375 0.078216552734375 -0.0230789184570313 0.0713577270507813
-0.0398674011230469 0.011260986328125 0.00938415527343751 0.114753723144531
-0.031768798828125 0.0329322814941406 -0.00111389160156251 0.0984649658203125
0.00167465209960938 0.0498619079589844 0.000606536865234369 0.0672187805175781
0.0302791595458984 0.0246734619140625 0.0136680603027344 0.0585708618164063
0.0358352661132813 -0.0045623779296875 0.0185203552246094 0.0434532165527344
0.0166282653808594 -0.0300998687744141 0.0181083679199219 0.0372467041015625
-0.00362586975097657 -0.0336093902587891 0.0277442932128906 0.0434303283691406
-0.0048980712890625 -0.0366401672363281 0.0288734436035156 0.0530471801757813
-0.0106925964355469 -0.0424118041992187 0.021484375 0.0668601989746094
0.0016632080078125 -0.0413398742675781 -0.00930023193359375 0.0712356567382813
0.0283317565917969 -0.0378646850585938 -0.0315704345703125 0.0505027770996094
0.0471878051757813 -0.00754928588867188 -0.0437278747558594 0.0146903991699219
0.0333137512207031 0.0473899841308594 -0.0270233154296875 -0.0144615173339844
-0.00970458984375 0.0543975830078125 0.0133790969848633 0.0152530670166016
-0.0415458679199219 0.0350914001464844 -0.0355911254882813 0.088226318359375
0.0373077392578125 0.0150375366210938 0.030426025390625 -0.0952835083007813
0.0192298889160156 -0.0205345153808594 -0.0106525421142578 -0.0234813690185547
-0.00796699523925781 -0.0223312377929688 0.0304489135742188 0.0188179016113281
-0.0204849243164063 -0.00319099426269531 0.0592155456542969 -0.0125579833984375
-0.0159921646118164 0.0122032165527344 0.0431251525878906 -0.0523605346679688
-0.00168991088867188 0.0189895629882813 0.00833129882812499 -0.0770263671875
0.000496864318847656 0.012639045715332 -0.0305404663085938 -0.0712814331054687
-0.00217056274414062 0.00917434692382813 -0.0338363647460937 -0.056365966796875
-0.00436496734619141 0.00937747955322266 -0.034210205078125 -0.0482025146484375
-0.00782203674316406 0.00250720977783203 -0.0230255126953125 -0.0468292236328125
-0.00791835784912109 -0.00887393951416016 -0.0187568664550781 -0.0463638305664063
0.00480079650878906 -0.0223808288574219 -0.0126113891601562 -0.0577545166015625
0.0289459228515625 -0.0111122131347656 0.00431442260742187 -0.0672073364257812
0.0414505004882813 0.0129661560058594 -0.00412750244140625 -0.0928268432617188
0.03759765625 0.0358390808105469 -0.0041656494140625 -0.118751525878906
0.0328216552734375 0.0628509521484375 0.0429611206054687 -0.0872573852539063
0.0319786071777344 0.0173511505126953 -0.00453567504882812 -0.0204486846923828
0.0267524719238281 -0.00114631652832031 0.0365142822265625 0.0261688232421875
0.011164665222168 -0.00937175750732422 0.0672607421875 -0.00790786743164063
0.00395488739013672 -0.0106277465820313 0.0524253845214844 -0.0520248413085938
-0.00302219390869141 -0.00835514068603516 0.0116653442382812 -0.0781478881835938
-0.0114784240722656 -0.0125102996826172 -0.0285568237304687 -0.0706329345703125
-0.0101051330566406 -0.0179882049560547 -0.030731201171875 -0.0517425537109375
-0.0139999389648438 -0.0181636810302734 -0.0331802368164062 -0.0435028076171875
-0.00426673889160156 -0.0234584808349609 -0.0255317687988281 -0.0405158996582031
0.0127182006835938 -0.02801513671875 -0.0219955444335938 -0.0398750305175781
0.03692626953125 -0.02374267578125 -0.0165824890136719 -0.0543746948242188
0.0542068481445313 0.0175437927246094 -0.000919342041015627 -0.0603752136230469
0.0496902465820313 0.0501136779785156 -0.00734710693359374 -0.0834197998046875
0.0294570922851563 0.0823516845703125 -0.00418853759765624 -0.102012634277344
0.01922607421875 0.102928161621094 0.0511817932128906 -0.0642662048339844
0.0359153747558594 0.0581741333007812 0.00115966796875 -0.00689888000488281
0.0594940185546875 0.0279121398925781 0.0402412414550781 0.0390205383300781
0.0464897155761719 -0.0103569030761719 0.072509765625 0.00351715087890625
0.029052734375 -0.0307674407958984 0.0599021911621094 -0.0430412292480469
0.000453948974609373 -0.0362396240234375 0.0164413452148438 -0.0705490112304688
-0.0200462341308594 -0.0375900268554688 -0.0223121643066406 -0.0617561340332031
-0.0164642333984375 -0.0431022644042969 -0.023590087890625 -0.039337158203125
-0.0236625671386719 -0.0432243347167969 -0.0276374816894531 -0.02984619140625
-0.00464630126953125 -0.0466842651367188 -0.0270500183105469 -0.0248928070068359
0.026031494140625 -0.0489578247070313 -0.0255661010742188 -0.0263271331787109
0.0607032775878906 -0.03070068359375 -0.0240516662597656 -0.0459442138671875
0.07720947265625 0.03521728515625 -0.00905990600585937 -0.0523796081542969
0.0588912963867187 0.0756912231445313 -0.00713348388671874 -0.0676918029785156
0.0214920043945312 0.115501403808594 -0.00550079345703124 -0.0713348388671875
0.00100708007812499 0.126144409179688 0.0535736083984375 -0.0262718200683594
0.0299911499023437 0.0924758911132812 0.00568199157714844 0.0156364440917969
0.0807266235351563 0.0591964721679688 0.0388221740722656 0.0539131164550781
0.076904296875 -0.00347137451171875 0.0704803466796875 0.02032470703125
0.0533714294433594 -0.0433692932128906 0.0628623962402344 -0.025299072265625
0.00683975219726563 -0.0581550598144531 0.0208816528320312 -0.0539093017578125
-0.0238609313964844 -0.0567665100097656 -0.0125579833984375 -0.0442848205566406
-0.0202064514160156 -0.0613594055175781 -0.0131568908691406 -0.0206222534179688
-0.0311737060546875 -0.0608291625976563 -0.0188484191894531 -0.0103435516357422
-0.00734710693359375 -0.0628738403320313 -0.0249729156494141 -0.00446319580078125
0.0313148498535156 -0.0645065307617188 -0.027496337890625 -0.00908470153808594
0.072845458984375 -0.0384368896484375 -0.0293769836425781 -0.0325660705566406
0.0919723510742188 0.04266357421875 -0.0149116516113281 -0.0415534973144531
0.063385009765625 0.0884170532226562 -0.00284576416015624 -0.0490188598632813
0.0134506225585937 0.130691528320313 -0.00748252868652344 -0.0337371826171875
-0.0179824829101562 0.127517700195312 0.0467300415039063 0.0177268981933594
0.014801025390625 0.109649658203125 0.00592422485351563 0.0429840087890625
0.0828475952148438 0.0842361450195313 0.0309104919433594 0.0663414001464844
0.0919952392578125 0.0089569091796875 0.0607452392578125 0.0373497009277344
0.0702972412109375 -0.0447769165039063 0.0584869384765625 -0.00334548950195313
0.0144119262695312 -0.06939697265625 0.0231170654296875 -0.0293769836425781
-0.0235557556152344 -0.0668449401855469 -0.00120735168457031 -0.0211715698242188
-0.0210800170898437 -0.070159912109375 -0.000576198101043702 0.000735282897949214
-0.0341682434082031 -0.0692787170410156 -0.00654220581054687 0.011932373046875
-0.00910186767578125 -0.0697288513183594 -0.0194950103759766 0.0181331634521484
0.0327835083007813 -0.0709609985351563 -0.0264511108398437 0.009368896484375
0.0758514404296875 -0.0402984619140625 -0.0325374603271484 -0.0179042816162109
0.0928192138671875 0.0464401245117188 -0.0179672241210937 -0.0313167572021484
0.0570526123046875 0.0913848876953125 0.00544166564941407 -0.0295829772949219
0.00149536132812501 0.128433227539063 -0.00890827178955078 0.00567150115966797
-0.0327606201171875 0.105354309082031 0.0361785888671875 0.0609931945800781
-0.00442504882812499 0.102760314941406 0.00432968139648438 0.0683021545410156
0.0648422241210937 0.091583251953125 0.0198822021484375 0.0725021362304688
0.0866317749023438 0.0215225219726563 0.0441780090332031 0.0504531860351563
0.0724868774414063 -0.0359039306640625 0.0457687377929688 0.0180282592773437
0.0190162658691406 -0.067230224609375 0.0225982666015625 -0.00299263000488282
-0.0193367004394531 -0.0655021667480469 0.0106439590454102 0.00350189208984375
-0.0182876586914062 -0.0681610107421875 0.0120048522949219 0.0211620330810547
-0.0315704345703125 -0.0683784484863281 0.00604438781738281 0.0327701568603516
-0.008544921875 -0.0673446655273438 -0.0132408142089844 0.0389022827148438
0.0326118469238281 -0.0676155090332031 -0.0247573852539063 0.0259761810302734
0.071990966796875 -0.0341567993164062 -0.0336666107177734 -0.00399971008300781
0.0810546875 0.0497589111328125 -0.0198192596435547 -0.0220623016357422
0.0402603149414062 0.0872726440429687 0.0122556686401367 -0.012425422668457
-0.01312255859375 0.110061645507813 -0.0123023986816406 0.04168701171875
-0.0384140014648437 0.064453125 0.022796630859375 0.0941314697265625
-0.0194931030273437 0.0752182006835938 0.00162506103515625 0.0874710083007813
0.0357742309570312 0.0775375366210937 0.0093994140625 0.0718154907226562
0.0633506774902344 0.0260162353515625 0.0275115966796875 0.0561103820800781
0.0590438842773437 -0.02215576171875 0.0315284729003906 0.0331382751464844
0.0189971923828125 -0.0531654357910156 0.0204219818115234 0.0204601287841797
-0.013397216796875 -0.0530319213867188 0.0212936401367188 0.0262584686279297
-0.0135002136230469 -0.0555877685546875 0.0235023498535156 0.038848876953125
-0.0238876342773438 -0.0584564208984375 0.0174484252929688 0.0509567260742188
-0.00473785400390625 -0.0574150085449219 -0.00827789306640625 0.0568389892578125
0.0306510925292969 -0.0563201904296875 -0.0250358581542969 0.0401382446289063
0.0617218017578125 -0.0230064392089844 -0.03704833984375 0.00730514526367188
0.060943603515625 0.0501823425292969 -0.0222988128662109 -0.0157432556152344
0.0168838500976563 0.0746994018554687 0.0164279937744141 0.0030202865600586
-0.0280609130859375 0.0782623291015625 -0.0187492370605469 0.0701980590820313
-0.0384941101074219 0.0123748779296875 0.0140380859375 0.1112060546875
-0.0296077728271484 0.0334281921386719 0.00246429443359374 0.0958175659179688
0.00406646728515625 0.0484657287597656 0.00228118896484375 0.06561279296875
0.0303611755371094 0.0228500366210938 0.01531982421875 0.0569229125976563
0.0347366333007813 -0.00658607482910156 0.0204010009765625 0.0417137145996094
0.0146846771240234 -0.0304508209228516 0.0194435119628906 0.035980224609375
-0.00531959533691406 -0.0328750610351563 0.0289840698242188 0.0413131713867188
-0.0063629150390625 -0.0355148315429688 0.0311737060546875 0.0500373840332031
-0.0130538940429688 -0.0408668518066406 0.0246124267578125 0.0641441345214844
-0.000476837158203129 -0.0401535034179688 -0.00574493408203125 0.0703964233398438
0.0254974365234375 -0.038360595703125 -0.028717041015625 0.0502815246582031
0.0456161499023438 -0.0101242065429688 -0.0421943664550781 0.0158233642578125
0.0356025695800781 0.0450210571289063 -0.027008056640625 -0.0130405426025391
-0.00716018676757812 0.0539398193359375 0.0139122009277344 0.0137090682983398
-0.0390090942382812 0.0364913940429688 -0.0303802490234375 0.0870742797851563
0.0365257263183594 0.0138587951660156 0.02740478515625 -0.093109130859375
0.0190372467041016 -0.0204963684082031 -0.0110969543457031 -0.0222587585449219
-0.00781822204589844 -0.0216693878173828 0.0302562713623047 0.0180149078369141
-0.0202579498291016 -0.00230216979980469 0.0584182739257813 -0.0133018493652344
-0.0152254104614258 0.0126962661743164 0.0418014526367188 -0.0516891479492188
-0.000318527221679688 0.0186653137207031 0.006927490234375 -0.07611083984375
0.00103092193603515 0.012059211730957 -0.0316925048828125 -0.0694007873535156
-0.00229358673095703 0.00856733322143555 -0.0350341796875 -0.0543937683105469
-0.00371265411376953 0.00911712646484375 -0.0351371765136719 -0.0461654663085938
-0.00732421875 0.00276803970336914 -0.0240554809570313 -0.0458297729492187
-0.00748205184936523 -0.00809335708618164 -0.0199813842773437 -0.045928955078125
0.0039215087890625 -0.02197265625 -0.0138626098632812 -0.0568656921386719
0.0278491973876953 -0.0117435455322266 0.00437545776367188 -0.0656547546386719
0.0409736633300781 0.0121726989746094 -0.00513458251953124 -0.0903701782226563
0.0378303527832031 0.0346145629882813 -0.00658416748046874 -0.116172790527344
0.0331192016601563 0.0607948303222656 0.0398178100585938 -0.0855636596679688
0.0320682525634766 0.0164299011230469 -0.00551414489746094 -0.0191421508789063
0.0264644622802734 -0.00198554992675781 0.0363578796386719 0.0251350402832031
0.0105791091918945 -0.00956249237060547 0.065765380859375 -0.0081939697265625
0.00352668762207031 -0.00990390777587891 0.0511512756347656 -0.0509376525878906
-0.00205612182617187 -0.00760889053344727 0.0106277465820313 -0.077178955078125
-0.0113515853881836 -0.0125398635864258 -0.0297012329101563 -0.0684089660644531
-0.0105142593383789 -0.0175657272338867 -0.0316963195800781 -0.05072021484375
-0.0138673782348633 -0.0172138214111328 -0.0336036682128906 -0.0419387817382812
-0.00442123413085937 -0.0227642059326172 -0.0262680053710937 -0.0396690368652344
0.0121707916259766 -0.0275077819824219 -0.0225486755371094 -0.03924560546875
0.0353584289550781 -0.02423095703125 -0.0177688598632813 -0.053497314453125
0.0534095764160156 0.0164909362792969 -0.00201034545898437 -0.0592155456542969
0.0496025085449219 0.0481796264648438 -0.0084075927734375 -0.0804290771484375
0.0306777954101563 0.0806503295898438 -0.00626373291015625 -0.09930419921875
0.0210113525390625 0.100288391113281 0.0482521057128906 -0.0629043579101563
0.0365867614746094 0.0570487976074219 -0.000178813934326169 -0.00598478317260742
0.0591773986816406 0.0254135131835937 0.0398063659667969 0.0371971130371094
0.0453453063964844 -0.0111007690429688 0.0711441040039063 0.00310516357421875
0.0273704528808594 -0.0305328369140625 0.058319091796875 -0.0425567626953125
-0.000131607055664061 -0.0349617004394531 0.0153999328613281 -0.0696296691894531
-0.0201911926269531 -0.03594970703125 -0.0236625671386719 -0.0599174499511719
-0.0175094604492187 -0.0419540405273438 -0.0241966247558594 -0.0383033752441406
-0.0240249633789063 -0.040924072265625 -0.0281658172607422 -0.0282917022705078
-0.00513839721679687 -0.0450057983398438 -0.0274906158447266 -0.0243263244628906
0.0243911743164063 -0.047576904296875 -0.0260047912597656 -0.0258712768554688
0.0584487915039063 -0.0316810607910156 -0.0247611999511719 -0.0452804565429688
0.0766677856445313 0.0329513549804688 -0.00918197631835937 -0.0512924194335937
0.0587615966796875 0.0736083984375 -0.00825881958007812 -0.0660171508789063
0.0239715576171875 0.11322021484375 -0.0073699951171875 -0.0693473815917969
0.0038604736328125 0.123138427734375 0.0507011413574219 -0.0265998840332031
0.0316390991210937 0.090850830078125 0.00407695770263672 0.0156984329223633
0.0810089111328125 0.0558090209960938 0.0381698608398438 0.0516395568847656
0.0748062133789063 -0.00518035888671875 0.0695915222167969 0.019683837890625
0.0510330200195313 -0.0434532165527344 0.0618743896484375 -0.0254478454589844
0.00552749633789062 -0.0560874938964844 0.0200843811035156 -0.053009033203125
-0.0246238708496094 -0.0545387268066406 -0.0132637023925781 -0.0434532165527344
-0.0213890075683594 -0.0594024658203125 -0.0133838653564453 -0.0207004547119141
-0.0317878723144531 -0.0580520629882812 -0.0187034606933594 -0.00992584228515626
-0.00870513916015625 -0.0608367919921875 -0.0251102447509766 -0.00406074523925782
0.0288581848144531 -0.0629768371582031 -0.0273246765136719 -0.00888633728027344
0.070404052734375 -0.0399398803710938 -0.0303707122802734 -0.0321617126464844
0.0917282104492188 0.0394973754882813 -0.0145187377929687 -0.0406684875488281
0.063934326171875 0.085906982421875 -0.00402450561523437 -0.0481147766113281
0.0163192749023438 0.128952026367188 -0.00848770141601562 -0.0329723358154297
-0.0150070190429688 0.124969482421875 0.0452499389648438 0.0167236328125
0.016693115234375 0.107658386230469 0.005157470703125 0.0422401428222656
0.0830841064453125 0.080078125 0.0305366516113281 0.0638961791992188
0.0907745361328125 0.00679779052734375 0.0599899291992188 0.0365829467773438
0.0672073364257813 -0.0455055236816406 0.0571136474609375 -0.0037994384765625
0.0125579833984375 -0.0673942565917969 0.0227794647216797 -0.0289402008056641
-0.024383544921875 -0.0641098022460938 -0.00161552429199219 -0.0208473205566406
-0.0224189758300781 -0.0680694580078125 -0.000288695096969606 0.0001533031463623
-0.0352287292480469 -0.0667190551757813 -0.00588035583496094 0.0114250183105469
-0.0107612609863281 -0.0679092407226563 -0.0187530517578125 0.0180950164794922
0.0298652648925781 -0.0697021484375 -0.0260124206542969 0.00914192199707031
0.0732879638671875 -0.0413284301757813 -0.0327091217041016 -0.0178623199462891
0.0924606323242187 0.0432281494140625 -0.0172443389892578 -0.0308837890625
0.0577239990234375 0.0888519287109375 0.00468826293945313 -0.0293426513671875
0.00450134277343749 0.1268310546875 -0.00899791717529297 0.00598335266113282
-0.0296173095703125 0.103317260742188 0.0357246398925781 0.0589027404785156
-0.00298309326171875 0.101028442382812 0.00416946411132812 0.067169189453125
0.0658035278320313 0.0882110595703125 0.0198478698730469 0.0702629089355469
0.0851516723632813 0.0189666748046875 0.04376220703125 0.0493736267089844
0.0700531005859375 -0.0367660522460938 0.0458259582519531 0.0171241760253906
0.0174064636230469 -0.065887451171875 0.0228824615478516 -0.00263786315917969
-0.0205154418945313 -0.0630874633789063 0.0108566284179687 0.00348949432373046
-0.0199699401855469 -0.0665168762207031 0.0124568939208984 0.0201034545898437
-0.0329399108886719 -0.065826416015625 0.00676727294921875 0.0312404632568359
-0.00975799560546875 -0.0654792785644531 -0.0120048522949219 0.0384178161621094
0.0296745300292969 -0.0665817260742188 -0.0241928100585938 0.0253753662109375
0.0694236755371094 -0.0356330871582031 -0.0338077545166016 -0.00390243530273438
0.0815277099609375 0.0470657348632813 -0.0192451477050781 -0.0216484069824219
0.0408096313476562 0.0848159790039063 0.0118284225463867 -0.0129022598266601
-0.00989532470703124 0.108543395996094 -0.011474609375 0.0409164428710938
-0.0365715026855469 0.0635414123535156 0.0235519409179687 0.0916976928710938
-0.0180816650390625 0.073944091796875 0.00194549560546875 0.0858383178710938
0.0369949340820313 0.0751495361328125 0.00914382934570313 0.0699234008789063
0.0624504089355469 0.0243911743164063 0.0273704528808594 0.0552177429199219
0.0573959350585938 -0.0229225158691406 0.0314655303955078 0.0322246551513672
0.0172500610351563 -0.0519676208496094 0.0210838317871094 0.0205593109130859
-0.0141448974609375 -0.05145263671875 0.0216236114501953 0.0251064300537109
-0.0149002075195313 -0.054779052734375 0.0244178771972656 0.0369682312011719
-0.0256118774414063 -0.0563125610351563 0.0189590454101562 0.0495223999023438
-0.00653076171875 -0.0555801391601563 -0.00661468505859375 0.0562934875488281
0.0279541015625 -0.0552711486816406 -0.0246505737304687 0.0388412475585938
0.0596656799316406 -0.0240936279296875 -0.0368080139160156 0.00731277465820312
0.0615501403808594 0.0480232238769531 -0.0217761993408203 -0.0156803131103516
0.0182266235351563 0.073455810546875 0.0163431167602539 0.00178146362304688
-0.02581787109375 0.077606201171875 -0.0174026489257813 0.0683059692382813
-0.0376815795898438 0.0127449035644531 0.0153579711914062 0.108741760253906
-0.0290164947509766 0.0331897735595703 0.00289154052734374 0.0935516357421875
0.00529861450195312 0.0474433898925781 0.00230026245117187 0.0647506713867188
0.0298709869384766 0.0218887329101562 0.0153617858886719 0.0560417175292969
0.0336532592773438 -0.00742912292480469 0.0208511352539063 0.0409355163574219
0.013641357421875 -0.0301399230957031 0.0203285217285156 0.0358200073242188
-0.00571250915527344 -0.0317840576171875 0.02996826171875 0.0394134521484375
-0.00728416442871094 -0.034820556640625 0.0321693420410156 0.0475425720214844
-0.0137825012207031 -0.0391845703125 0.0264205932617187 0.0619773864746094
-0.00173568725585938 -0.0396728515625 -0.00402450561523437 0.0694198608398437
0.0238571166992188 -0.0379600524902344 -0.0275650024414063 0.049102783203125
0.0443572998046875 -0.0110015869140625 -0.0409927368164063 0.0151252746582031
0.0362586975097656 0.0431327819824219 -0.0264415740966797 -0.0127487182617187
-0.0058441162109375 0.0534858703613281 0.0139455795288086 0.0119991302490234
-0.0375137329101563 0.0361785888671875 -0.0282440185546875 0.0853347778320313
0.0363426208496094 0.0139884948730469 0.0268325805664063 -0.0929183959960938
0.0190048217773438 -0.0206928253173828 -0.0118808746337891 -0.0210781097412109
-0.00811576843261718 -0.0222835540771484 0.0301456451416016 0.0181598663330078
-0.0205936431884766 -0.00250053405761718 0.0585441589355469 -0.0127182006835938
-0.0148563385009766 0.0134611129760742 0.0424041748046875 -0.0514945983886719
-0.000125885009765625 0.0183486938476563 0.00713348388671876 -0.0764541625976563
0.00118160247802734 0.0115633010864258 -0.0324287414550781 -0.0690116882324219
-0.00198602676391601 0.00866413116455078 -0.0360641479492188 -0.054107666015625
-0.00348758697509766 0.00931167602539063 -0.0360984802246094 -0.0455780029296875
-0.00710868835449219 0.00299930572509766 -0.0245132446289062 -0.0460700988769531
-0.00764560699462891 -0.00793695449829101 -0.0204505920410156 -0.0463371276855469
0.00337791442871094 -0.0218429565429688 -0.0142860412597656 -0.0571670532226563
0.02764892578125 -0.011566162109375 0.00474166870117188 -0.0658035278320313
0.0410919189453125 0.0123023986816406 -0.00486755371093751 -0.0895767211914063
0.0381202697753906 0.0345993041992188 -0.00699615478515626 -0.115371704101563
0.033447265625 0.0604171752929688 0.0387954711914063 -0.0845565795898438
0.03240966796875 0.0166702270507813 -0.00609588623046875 -0.0181083679199219
0.0268707275390625 -0.00276756286621094 0.0360755920410156 0.0249595642089844
0.009857177734375 -0.00934791564941406 0.0662002563476563 -0.00784683227539063
0.00307941436767578 -0.00963497161865234 0.0516281127929688 -0.0508804321289063
-0.00199413299560547 -0.00711584091186523 0.0107498168945312 -0.0774383544921875
-0.0107994079589844 -0.0120992660522461 -0.0306282043457031 -0.0683670043945313
-0.0104074478149414 -0.0173835754394531 -0.0330276489257813 -0.0506019592285156
-0.0139636993408203 -0.0168638229370117 -0.0347251892089844 -0.0414886474609375
-0.00443267822265625 -0.0222969055175781 -0.0269889831542969 -0.0395889282226563
0.0120658874511719 -0.0276317596435547 -0.022705078125 -0.0395774841308594
0.0344219207763672 -0.0239620208740234 -0.0186729431152344 -0.0536460876464844
0.0535888671875 0.0163192749023438 -0.00102996826171875 -0.0591392517089844
0.0498046875 0.0485725402832031 -0.00868225097656249 -0.080322265625
0.0316238403320313 0.0805892944335938 -0.00680541992187499 -0.0989837646484375
0.0218048095703125 0.0998687744140625 0.0470962524414063 -0.0622406005859375
0.0373916625976562 0.0568885803222656 -0.00106668472290039 -0.00559425354003906
0.0593757629394531 0.0247077941894531 0.0391578674316406 0.03717041015625
0.0446014404296875 -0.0112037658691406 0.0716018676757813 0.00331878662109375
0.0265579223632812 -0.0304794311523437 0.05908203125 -0.0418357849121094
-0.000232696533203124 -0.0341567993164063 0.0156898498535156 -0.0696830749511719
-0.0205154418945312 -0.0357780456542969 -0.0240287780761719 -0.0595855712890625
-0.0177154541015625 -0.0419387817382812 -0.0245819091796875 -0.0384330749511719
-0.0242080688476563 -0.04052734375 -0.0289783477783203 -0.0283775329589844
-0.00545120239257813 -0.0447540283203125 -0.0280818939208984 -0.0244541168212891
0.0241622924804688 -0.0475502014160156 -0.0265216827392578 -0.0265293121337891
0.0579795837402344 -0.0316848754882813 -0.0257759094238281 -0.0451202392578125
0.0770797729492188 0.0325469970703125 -0.00883102416992187 -0.0511207580566406
0.0591964721679687 0.0735092163085937 -0.00856781005859375 -0.0655670166015625
0.0250778198242187 0.113410949707031 -0.00833892822265625 -0.069305419921875
0.00460052490234376 0.123321533203125 0.0497894287109375 -0.0263252258300781
0.032135009765625 0.0908584594726563 0.00326728820800781 0.0161209106445313
0.0820159912109375 0.0546722412109375 0.0376625061035156 0.0514335632324219
0.0748443603515625 -0.0056915283203125 0.0698432922363281 0.0201759338378906
0.0498428344726563 -0.0441246032714844 0.0623130798339844 -0.0251388549804688
0.00547409057617187 -0.0556259155273438 0.0208778381347656 -0.0528526306152344
-0.0247459411621094 -0.0540046691894531 -0.0133171081542969 -0.042938232421875
-0.0223197937011719 -0.0596694946289063 -0.0135154724121094 -0.0207843780517578
-0.0323677062988281 -0.0573463439941406 -0.0188255310058594 -0.009735107421875
-0.0091094970703125 -0.0600128173828125 -0.0249214172363281 -0.00412559509277345
0.0281600952148437 -0.0627784729003906 -0.0279960632324219 -0.00929450988769532
0.0694580078125 -0.0403175354003906 -0.0311813354492187 -0.0329513549804688
0.091949462890625 0.038848876953125 -0.013946533203125 -0.0414314270019531
0.0637741088867187 0.0857620239257813 -0.00397491455078124 -0.0481529235839844
0.0176773071289062 0.129127502441406 -0.00889396667480468 -0.0326881408691406
-0.0144805908203125 0.124557495117188 0.0444793701171875 0.0169906616210938
0.0170440673828125 0.107986450195313 0.00396347045898438 0.0423049926757813
0.08404541015625 0.079010009765625 0.0300102233886719 0.0639724731445313
0.0899581909179688 0.00641632080078125 0.0599327087402344 0.0370330810546875
0.0664825439453125 -0.0456809997558594 0.05767822265625 -0.0030517578125
0.0122108459472656 -0.067352294921875 0.0229530334472656 -0.0283241271972656
-0.0247955322265625 -0.0637550354003906 -0.00120735168457031 -0.0207328796386719
-0.0233726501464844 -0.0681610107421875 -0.000346362590789796 -0.000438153743743901
-0.0355110168457031 -0.0660476684570313 -0.00613021850585938 0.011052131652832
-0.0111618041992187 -0.0668678283691406 -0.01910400390625 0.0179805755615234
0.0292930603027344 -0.0693168640136719 -0.0266284942626953 0.00854873657226563
0.072601318359375 -0.0416412353515625 -0.0334453582763672 -0.0184917449951172
0.0932159423828125 0.0427474975585938 -0.0170269012451172 -0.0312576293945313
0.0578155517578125 0.0889968872070313 0.00441741943359376 -0.0300445556640625
0.00598907470703125 0.127265930175781 -0.00945472717285156 0.00567150115966798
-0.0291748046875 0.103042602539062 0.0352401733398437 0.0586090087890625
-0.00237274169921876 0.101509094238281 0.00297927856445313 0.0669708251953125
0.0662918090820313 0.0871810913085938 0.0185012817382813 0.0702972412109375
0.0845489501953125 0.018768310546875 0.0438423156738281 0.0497589111328125
0.0694770812988281 -0.0371894836425781 0.0462379455566406 0.017669677734375
0.0169029235839844 -0.0654487609863281 0.0232830047607422 -0.0021820068359375
-0.0207099914550781 -0.0630264282226563 0.0110712051391602 0.00303936004638671
-0.0209770202636719 -0.0663566589355469 0.0133991241455078 0.0190620422363281
-0.0337982177734375 -0.0650177001953125 0.00693511962890625 0.0310096740722656
-0.0104484558105469 -0.0647926330566406 -0.0123634338378906 0.0381927490234375
0.0284042358398438 -0.066650390625 -0.0246372222900391 0.0245819091796875
0.0687408447265625 -0.0361213684082031 -0.0341911315917969 -0.00494384765625001
0.0823211669921875 0.0458755493164063 -0.0187530517578125 -0.0220432281494141
0.0410079956054688 0.0847015380859375 0.011561393737793 -0.0135335922241211
-0.00886535644531251 0.108619689941406 -0.01129150390625 0.0405921936035156
-0.0363578796386719 0.0628089904785156 0.023529052734375 0.0915451049804688
-0.0178756713867187 0.0740280151367188 0.000854492187499992 0.0852508544921875
0.0372467041015625 0.075042724609375 0.00767898559570313 0.0695877075195313
0.0620040893554687 0.0240287780761719 0.0272140502929688 0.0559349060058594
0.0570411682128906 -0.02349853515625 0.0316658020019531 0.0328559875488281
0.0170021057128906 -0.0517959594726563 0.0209579467773438 0.0209865570068359
-0.014312744140625 -0.0509033203125 0.0222396850585938 0.0251064300537109
-0.0154151916503906 -0.054534912109375 0.025177001953125 0.0360488891601563
-0.0262260437011719 -0.05596923828125 0.0192756652832031 0.0483818054199219
-0.00669097900390625 -0.0550308227539063 -0.00623703002929688 0.0564422607421875
0.0273551940917969 -0.0552406311035156 -0.0251045227050781 0.0385246276855469
0.0592689514160156 -0.0245742797851563 -0.0369110107421875 0.00625228881835937
0.0626716613769531 0.04705810546875 -0.0214672088623047 -0.0159053802490234
0.0184326171875 0.073486328125 0.016021728515625 0.000791549682617192
-0.0241622924804688 0.07757568359375 -0.0171241760253906 0.0680580139160156
-0.0374221801757812 0.0119132995605469 0.015106201171875 0.108230590820312
-0.0289745330810547 0.0332603454589844 0.00238800048828125 0.093017578125
0.0054168701171875 0.0475578308105469 0.000988006591796875 0.0648193359375
0.0296840667724609 0.0219955444335938 0.0152320861816406 0.0566444396972656
0.0341243743896484 -0.00748634338378906 0.0207176208496094 0.0409736633300781
0.0134239196777344 -0.0299797058105469 0.0208244323730469 0.0362510681152344
-0.00624275207519531 -0.0315132141113281 0.0309524536132813 0.0392227172851563
-0.00791358947753906 -0.0349864959716797 0.032989501953125 0.046875
-0.0148124694824219 -0.0389938354492188 0.0269737243652344 0.0613288879394531
-0.001861572265625 -0.0391082763671875 -0.00356674194335937 0.0688819885253906
0.0232048034667969 -0.0377883911132813 -0.027801513671875 0.0484848022460937
0.0442543029785156 -0.0117378234863281 -0.0414390563964844 0.0145797729492188
0.0370750427246094 0.0428619384765625 -0.0263404846191406 -0.0130710601806641
-0.0055999755859375 0.0537261962890625 0.0139989852905273 0.0110902786254883
-0.037200927734375 0.036041259765625 -0.0279159545898438 0.0844650268554688
0.0369949340820313 0.0142860412597656 0.0266189575195312 -0.09429931640625
0.0195064544677734 -0.0212879180908203 -0.0127010345458984 -0.0213298797607422
-0.00811195373535156 -0.0229911804199219 0.0305347442626953 0.0185928344726563
-0.0213031768798828 -0.00204658508300781 0.0597496032714844 -0.0131111145019531
-0.0149192810058594 0.0141057968139648 0.0435829162597656 -0.052459716796875
0.000791549682617188 0.0186653137207031 0.0070648193359375 -0.078643798828125
0.00153446197509766 0.0116815567016602 -0.0341720581054688 -0.0701980590820312
-0.00216007232666016 0.00894260406494141 -0.0381278991699219 -0.0553970336914063
-0.00346946716308594 0.00921821594238281 -0.0380859375 -0.0462608337402344
-0.00675868988037109 0.00286245346069336 -0.0258255004882813 -0.0469818115234375
-0.00766515731811524 -0.00802135467529297 -0.0216636657714844 -0.0477066040039063
0.002716064453125 -0.0226039886474609 -0.0150299072265625 -0.0582809448242188
0.0281639099121094 -0.0116481781005859 0.00548171997070313 -0.0671119689941406
0.042236328125 0.0123062133789062 -0.00529479980468749 -0.0910568237304687
0.0395545959472656 0.0347328186035156 -0.00794982910156249 -0.117485046386719
0.0345802307128906 0.0617904663085937 0.038299560546875 -0.0862350463867188
0.0335102081298828 0.0163211822509766 -0.0076904296875 -0.0175666809082031
0.0274658203125 -0.00369453430175781 0.0366973876953125 0.0256004333496094
0.0099334716796875 -0.00946903228759766 0.0677871704101563 -0.00750350952148438
0.00279426574707031 -0.00939083099365234 0.0529403686523438 -0.0517425537109375
-0.00150585174560547 -0.00740861892700195 0.010162353515625 -0.0797500610351563
-0.0112209320068359 -0.0121946334838867 -0.0322647094726563 -0.0697479248046875
-0.0114040374755859 -0.0178585052490234 -0.0347251892089844 -0.0509757995605469
-0.0142698287963867 -0.0169353485107422 -0.0370826721191406 -0.0419921875
-0.00405693054199219 -0.0222873687744141 -0.0287513732910156 -0.0406036376953125
0.0120563507080078 -0.0278186798095703 -0.0243339538574219 -0.0413322448730469
0.03460693359375 -0.0247631072998047 -0.0196723937988281 -0.0551528930664062
0.0550193786621094 0.016265869140625 -0.000793457031249992 -0.0607185363769531
0.0509834289550781 0.0491371154785156 -0.00939178466796875 -0.0815048217773438
0.0335769653320312 0.0823211669921875 -0.00824737548828124 -0.100669860839844
0.0231399536132812 0.101898193359375 0.0466194152832031 -0.0637969970703125
0.0393791198730469 0.0581741333007813 -0.00268030166625976 -0.00473403930664062
0.0614433288574219 0.0232772827148438 0.0396461486816406 0.037750244140625
0.0446586608886719 -0.0122604370117188 0.0734024047851562 0.0036773681640625
0.0267124176025391 -0.0311317443847656 0.0611648559570313 -0.0433502197265625
-0.000366210937500002 -0.034393310546875 0.015533447265625 -0.0715866088867187
-0.0211753845214844 -0.0359840393066406 -0.0254058837890625 -0.0606956481933594
-0.01898193359375 -0.0427665710449219 -0.0263900756835937 -0.0394401550292969
-0.0251693725585937 -0.0407180786132813 -0.0306434631347656 -0.0286045074462891
-0.0054779052734375 -0.0450172424316406 -0.0294609069824219 -0.0245075225830078
0.0241508483886719 -0.0483207702636719 -0.0280475616455078 -0.0274944305419922
0.0583457946777344 -0.0330276489257813 -0.027740478515625 -0.0470542907714844
0.0800552368164062 0.0326004028320312 -0.00803756713867187 -0.0527839660644531
0.0608978271484375 0.074737548828125 -0.00931549072265625 -0.0667495727539063
0.0271835327148438 0.116142272949219 -0.00955200195312501 -0.0704498291015625
0.0055999755859375 0.12548828125 0.0496406555175781 -0.0268592834472656
0.034149169921875 0.0928955078125 0.0018453598022461 0.0171709060668945
0.0845184326171875 0.0542755126953125 0.0376815795898438 0.0524253845214844
0.0758743286132813 -0.00672149658203125 0.07196044921875 0.0208358764648438
0.0504875183105469 -0.0455398559570313 0.064239501953125 -0.025360107421875
0.00491714477539062 -0.0566368103027344 0.0212287902832031 -0.0540351867675781
-0.025970458984375 -0.0545654296875 -0.01416015625 -0.0438919067382813
-0.0240478515625 -0.0611000061035156 -0.0144519805908203 -0.0217418670654297
-0.033935546875 -0.0578231811523437 -0.0196666717529297 -0.00991058349609375
-0.00970077514648437 -0.0604248046875 -0.0260639190673828 -0.004241943359375
0.0279045104980469 -0.0642890930175781 -0.0291595458984375 -0.0102195739746094
0.0702972412109375 -0.0419769287109375 -0.0330791473388672 -0.0339794158935547
0.09515380859375 0.0384521484375 -0.0139884948730469 -0.0428504943847656
0.0661468505859375 0.0869674682617187 -0.00431060791015625 -0.0491867065429687
0.0201187133789062 0.132301330566406 -0.00980377197265625 -0.0335178375244141
-0.0139846801757812 0.127449035644531 0.0447654724121094 0.0172042846679688
0.018951416015625 0.110427856445313 0.00283432006835937 0.0441322326660156
0.0872650146484375 0.0792007446289063 0.0299491882324219 0.064605712890625
0.0918655395507812 0.00539398193359375 0.0614356994628906 0.0382881164550781
0.0674171447753906 -0.0478858947753906 0.059173583984375 -0.00349807739257813
0.0120849609375 -0.0684318542480469 0.0242786407470703 -0.0291500091552734
-0.026123046875 -0.0643157958984375 -0.00150108337402344 -0.0210628509521484
-0.0254974365234375 -0.0700874328613281 -0.000327944755554201 -0.000789523124694829
-0.037445068359375 -0.0660514831542969 -0.00594902038574219 0.0110406875610352
-0.0123786926269531 -0.0678901672363281 -0.0196685791015625 0.0185623168945312
0.0286331176757812 -0.0705947875976563 -0.0279197692871094 0.00820350646972656
0.0726165771484375 -0.044281005859375 -0.0349445343017578 -0.0195407867431641
0.0966339111328125 0.0423126220703125 -0.0168743133544922 -0.0324382781982422
0.0597457885742188 0.0907821655273438 0.00431632995605469 -0.0310249328613281
0.00821685791015625 0.129768371582031 -0.0100250244140625 0.00573444366455079
-0.0290679931640625 0.105148315429688 0.0357131958007813 0.0599212646484375
-0.001190185546875 0.103889465332031 0.00230789184570313 0.0686798095703125
0.0688629150390625 0.0879745483398437 0.0181427001953125 0.0716705322265625
0.0863800048828125 0.0182342529296875 0.0449981689453125 0.0517654418945313
0.0704879760742188 -0.0394058227539063 0.047454833984375 0.0183486938476562
0.0169639587402344 -0.0671768188476563 0.0242366790771484 -0.00210380554199219
-0.0222663879394531 -0.0633773803710938 0.0114974975585937 0.00333499908447265
-0.0228805541992188 -0.0684127807617188 0.0136623382568359 0.0191898345947266
-0.0352973937988281 -0.0657157897949219 0.00775146484375 0.03131103515625
-0.0116195678710938 -0.0656814575195313 -0.0117530822753906 0.03936767578125
0.0283775329589844 -0.0677375793457031 -0.0256919860839844 0.0242462158203125
0.0692634582519531 -0.0378227233886719 -0.0363616943359375 -0.00564193725585937
0.0851287841796875 0.0457305908203125 -0.0187034606933594 -0.0232925415039062
0.0428390502929688 0.0865631103515625 0.0119361877441406 -0.0144567489624023
-0.00741577148437499 0.111541748046875 -0.0112648010253906 0.0409889221191406
-0.0370674133300781 0.064361572265625 0.0240097045898437 0.093536376953125
-0.0181503295898438 0.0756454467773438 0.000663757324218743 0.08734130859375
0.0388870239257812 0.0763320922851563 0.00749969482421875 0.0716018676757813
0.0636558532714844 0.0243034362792969 0.0280227661132812 0.0579872131347656
0.0581245422363281 -0.0243949890136719 0.0329456329345703 0.0336055755615234
0.0170936584472656 -0.0537528991699219 0.0223598480224609 0.0220184326171875
-0.0159034729003906 -0.0519180297851562 0.0232639312744141 0.0252017974853516
-0.0174903869628906 -0.0561637878417969 0.0263633728027344 0.0355682373046875
-0.0278739929199219 -0.0564460754394531 0.020782470703125 0.0488967895507812
-0.00785827636718749 -0.0561714172363281 -0.00553512573242188 0.0576324462890625
0.0268402099609375 -0.0564651489257813 -0.0252342224121094 0.0387306213378906
0.060150146484375 -0.0260009765625 -0.0382003784179687 0.00570297241210937
0.0649452209472656 0.0474662780761719 -0.0214099884033203 -0.0169734954833984
0.0193328857421875 0.0752182006835937 0.016937255859375 -0.000251770019531245
-0.0242538452148438 0.0795669555664063 -0.0172615051269531 0.0689773559570313
-0.0385398864746094 0.0121726989746094 0.0161819458007813 0.110343933105469
-0.0298671722412109 0.0339279174804688 0.00234222412109375 0.0947799682617188
0.00642776489257812 0.0482864379882813 -6.86645507812528E-05 0.0664405822753906
0.0303592681884766 0.0224246978759766 0.0157203674316406 0.0587196350097656
0.0345230102539063 -0.00845909118652344 0.0217056274414062 0.0421714782714844
0.0133323669433594 -0.0312690734863281 0.0220603942871094 0.0374183654785156
-0.00722694396972656 -0.0320472717285156 0.0321121215820313 0.0399208068847656
-0.00894546508789063 -0.0362892150878906 0.0347633361816406 0.0471954345703125
-0.015899658203125 -0.0401840209960938 0.0285835266113281 0.0621490478515625
-0.00242233276367187 -0.0401992797851563 -0.0030670166015625 0.070526123046875
0.0231513977050781 -0.0391082763671875 -0.02886962890625 0.0496711730957031
0.0447769165039063 -0.0124092102050781 -0.0426177978515625 0.0142898559570313
0.0385971069335937 0.0433387756347656 -0.0265464782714844 -0.0137519836425781
-0.0052032470703125 0.0553016662597656 0.0143499374389648 0.0102329254150391
-0.0376510620117187 0.036773681640625 -0.0282135009765625 0.0853500366210937
0.0384445190429688 0.0140342712402344 0.0243682861328125 -0.0972976684570312
0.0196189880371094 -0.02294921875 -0.0145111083984375 -0.0208358764648438
-0.00935173034667969 -0.023895263671875 0.0315914154052734 0.0189952850341797
-0.0218391418457031 -0.00105476379394532 0.0612754821777344 -0.0147933959960938
-0.0147905349731445 0.015899658203125 0.0443496704101562 -0.0555839538574219
0.00174713134765625 0.0190181732177734 0.00469970703124999 -0.0816650390625
0.00212383270263672 0.0114240646362305 -0.0377578735351562 -0.07135009765625
-0.00213146209716797 0.00902462005615235 -0.0416831970214844 -0.0550460815429688
-0.00320243835449219 0.00978565216064453 -0.0414848327636719 -0.0459251403808594
-0.00663137435913086 0.00326013565063477 -0.0291328430175781 -0.0481948852539063
-0.00815486907958984 -0.00808000564575195 -0.0240821838378906 -0.0491600036621094
0.00198173522949219 -0.0229129791259766 -0.0169868469238281 -0.0598220825195313
0.0286140441894531 -0.0126705169677734 0.0044403076171875 -0.0694503784179688
0.0441665649414063 0.01116943359375 -0.00740051269531249 -0.0927581787109375
0.0420303344726563 0.0350837707519531 -0.0121536254882812 -0.120437622070313
0.0377311706542969 0.0626983642578125 0.0366287231445313 -0.0890731811523438
0.03515625 0.0160446166992188 -0.00908088684082031 -0.0169239044189453
0.028289794921875 -0.00552749633789063 0.0375595092773438 0.0257568359375
0.00909996032714844 -0.0100212097167969 0.0697174072265625 -0.00942230224609375
0.00243854522705078 -0.00932216644287109 0.0539436340332031 -0.0548934936523437
-0.00191497802734375 -0.00764751434326172 0.00866699218749999 -0.0825653076171875
-0.0119009017944336 -0.0123672485351562 -0.0356216430664063 -0.0706787109375
-0.0127677917480469 -0.0181541442871094 -0.0383415222167969 -0.0517807006835938
-0.0151576995849609 -0.016596794128418 -0.0398712158203125 -0.0415191650390625
-0.00486183166503906 -0.0229625701904297 -0.0313186645507813 -0.0411758422851563
0.0119495391845703 -0.0291004180908203 -0.0264625549316406 -0.0423469543457031
0.0350112915039063 -0.0266380310058594 -0.0224418640136719 -0.0565681457519531
0.0570793151855469 0.0149688720703125 -0.00172042846679687 -0.0626182556152344
0.0540008544921875 0.0491218566894531 -0.0113143920898438 -0.08294677734375
0.0374069213867187 0.0839614868164062 -0.01171875 -0.103256225585938
0.0270156860351563 0.104484558105469 0.0454292297363281 -0.0660133361816406
0.0424003601074219 0.0588722229003906 -0.0040140151977539 -0.00377583503723144
0.0638275146484375 0.0216941833496094 0.0414619445800781 0.0379905700683594
0.0458183288574219 -0.0140228271484375 0.0758209228515625 0.00203704833984375
0.0258045196533203 -0.0330772399902344 0.0628166198730469 -0.0462265014648438
-0.000720977783203128 -0.0356941223144531 0.01483154296875 -0.0747604370117188
-0.0229072570800781 -0.0357322692871094 -0.0284423828125 -0.0617523193359375
-0.0218963623046875 -0.0436363220214844 -0.0292243957519531 -0.040069580078125
-0.027496337890625 -0.0407371520996094 -0.033233642578125 -0.0287570953369141
-0.00698089599609375 -0.0461235046386719 -0.0315113067626953 -0.0250759124755859
0.0231704711914062 -0.0503387451171875 -0.0301303863525391 -0.0283355712890625
0.0589065551757813 -0.0360336303710938 -0.0304450988769531 -0.0481643676757813
0.0836639404296875 0.0308837890625 -0.00930404663085937 -0.0544891357421875
0.0651473999023438 0.0750961303710938 -0.0115165710449219 -0.0680770874023438
0.0324478149414063 0.118927001953125 -0.0121078491210937 -0.0718307495117187
0.00946807861328125 0.129631042480469 0.049560546875 -0.0283355712890625
0.0383834838867188 0.0945816040039062 0.000829696655273438 0.018280029296875
0.0888748168945313 0.0523223876953125 0.0390625 0.0526695251464844
0.0773696899414063 -0.009368896484375 0.0748977661132813 0.0198440551757813
0.04998779296875 -0.0483283996582031 0.0664596557617188 -0.0279273986816406
0.00352859497070312 -0.0584220886230469 0.0214385986328125 -0.0563697814941406
-0.0285682678222656 -0.0546226501464844 -0.0163078308105469 -0.0447883605957031
-0.0275382995605469 -0.0620841979980469 -0.0157241821289063 -0.0225353240966797
-0.0367355346679688 -0.0578079223632812 -0.0213851928710938 -0.0100936889648438
-0.0118026733398438 -0.0614738464355469 -0.0274734497070313 -0.00373458862304688
0.0265464782714844 -0.0667228698730469 -0.0311012268066406 -0.0107097625732422
0.0709381103515625 -0.045501708984375 -0.0361213684082031 -0.0347709655761719
0.0997848510742188 0.0362167358398438 -0.0149345397949219 -0.0442657470703125
0.0707931518554688 0.087860107421875 -0.00605392456054687 -0.0504570007324219
0.025421142578125 0.135887145996094 -0.0118274688720703 -0.0340957641601562
-0.0105438232421875 0.131401062011719 0.0456619262695313 0.0171394348144531
0.0229263305664063 0.113334655761719 0.00253295898437501 0.0454559326171875
0.0927200317382812 0.0780487060546875 0.0311698913574219 0.0662651062011719
0.09423828125 0.00301361083984375 0.0648574829101563 0.0385665893554688
0.0672454833984375 -0.0514183044433594 0.0617790222167969 -0.0048370361328125
0.0103988647460938 -0.0706100463867188 0.0248355865478516 -0.0307426452636719
-0.0287628173828125 -0.0650978088378906 -0.00244712829589844 -0.0219516754150391
-0.0292205810546875 -0.0715484619140625 -0.000316381454467775 -0.0016324520111084
-0.0411872863769531 -0.0666656494140625 -0.00617504119873047 0.0112533569335937
-0.0145492553710937 -0.0685462951660156 -0.0198936462402344 0.0198326110839844
0.0270004272460937 -0.0734329223632813 -0.0293731689453125 0.00831031799316406
0.0736312866210938 -0.0474777221679688 -0.0383415222167969 -0.0200386047363281
0.101661682128906 0.0395736694335937 -0.0173435211181641 -0.0337448120117188
0.0645675659179688 0.091400146484375 0.00355911254882813 -0.0324726104736328
0.0131759643554687 0.133750915527344 -0.0100440979003906 0.00620174407958985
-0.027191162109375 0.10894775390625 0.0375404357910156 0.0608024597167969
0.00180053710937501 0.106986999511719 0.00287628173828124 0.0707550048828125
0.0736846923828125 0.0884246826171875 0.019287109375 0.0736007690429688
0.0893173217773438 0.01605224609375 0.0481758117675781 0.0529022216796875
0.071136474609375 -0.0427932739257812 0.0503501892089844 0.0180740356445312
0.0153999328613281 -0.0694694519042969 0.0255718231201172 -0.00228309631347657
-0.0248336791992187 -0.0645179748535156 0.0123882293701172 0.00260257720947265
-0.0264358520507813 -0.0697784423828125 0.0151405334472656 0.0181522369384766
-0.0392990112304687 -0.0661277770996094 0.0090484619140625 0.0316200256347656
-0.013916015625 -0.0669441223144531 -0.011444091796875 0.0407295227050781
0.026519775390625 -0.0700302124023438 -0.0266323089599609 0.0248546600341797
0.0694198608398438 -0.0411758422851562 -0.0385513305664062 -0.00558853149414063
0.0896224975585938 0.0437393188476563 -0.0194816589355469 -0.0245342254638672
0.0468673706054688 0.0878677368164063 0.0121345520019531 -0.0158624649047851
-0.00367736816406251 0.114959716796875 -0.0109176635742188 0.0422592163085938
-0.0364837646484375 0.0671272277832031 0.0260772705078125 0.0953521728515625
-0.0165557861328125 0.0784225463867188 0.00211334228515625 0.0894851684570313
0.0427322387695313 0.0767822265625 0.0083160400390625 0.0737838745117188
0.0658950805664063 0.0233650207519531 0.0304412841796875 0.0594367980957031
0.0587005615234375 -0.0274848937988281 0.0351085662841797 0.0342788696289063
0.0156326293945313 -0.0556411743164063 0.0246200561523438 0.0226688385009766
-0.0179977416992188 -0.0527496337890625 0.0253524780273438 0.0247039794921875
-0.0201759338378906 -0.0578460693359375 0.0288524627685547 0.0349102020263672
-0.0307197570800781 -0.0567550659179687 0.0230178833007813 0.0491294860839844
-0.009796142578125 -0.0571823120117188 -0.00390243530273437 0.0591659545898437
0.0255317687988281 -0.0585441589355469 -0.0263175964355469 0.0397567749023437
0.0605392456054687 -0.0289344787597656 -0.0401229858398437 0.00642013549804688
0.0689926147460938 0.0457344055175781 -0.0223655700683594 -0.0174808502197266
0.0223922729492188 0.07708740234375 0.0171966552734375 -0.00143432617187499
-0.0222930908203125 0.0821304321289063 -0.0160675048828125 0.0706329345703125
-0.0396385192871094 0.0133323669433594 0.0191802978515625 0.112541198730469
-0.02996826171875 0.0362396240234375 0.00449371337890624 0.0967941284179688
0.00819015502929687 0.0495452880859375 0.001251220703125 0.0687141418457031
0.0321769714355469 0.022369384765625 0.0175247192382812 0.0607147216796875
0.0353622436523438 -0.00971221923828125 0.0240325927734375 0.0439643859863281
0.0122394561767578 -0.0330944061279297 0.0245590209960937 0.0384712219238281
-0.00842475891113281 -0.0328159332275391 0.0356330871582031 0.0392837524414062
-0.0110626220703125 -0.0368881225585938 0.0378837585449219 0.046478271484375
-0.0186042785644531 -0.0406494140625 0.0320243835449219 0.0623321533203125
-0.00393295288085938 -0.0411643981933594 -0.000541687011718743 0.0729217529296875
0.0223312377929687 -0.0407638549804688 -0.0291786193847656 0.0513343811035156
0.0457725524902344 -0.0141716003417969 -0.0441932678222656 0.0152435302734375
0.0415840148925781 0.0428543090820313 -0.0272693634033203 -0.0142650604248047
-0.00350570678710937 0.0572166442871094 0.0156831741333008 0.00856971740722657
-0.0375862121582031 0.0384864807128906 -0.02728271484375 0.0882644653320313
0.0398292541503906 0.0127449035644531 0.0204925537109375 -0.0993881225585938
0.0186519622802734 -0.0247440338134766 -0.0157985687255859 -0.0193805694580078
-0.0110797882080078 -0.0243816375732422 0.0324516296386719 0.018524169921875
-0.0232906341552734 0.000761032104492188 0.0617485046386719 -0.0167083740234375
-0.0141744613647461 0.0172691345214844 0.0433120727539063 -0.058441162109375
0.0029144287109375 0.0190372467041016 0.0010223388671875 -0.0840530395507813
0.00277805328369141 0.01165771484375 -0.0418624877929688 -0.0708389282226563
-0.00156116485595703 0.00951957702636719 -0.0463714599609375 -0.0533370971679688
-0.00243663787841797 0.0101003646850586 -0.0453910827636719 -0.0438957214355469
-0.00616550445556641 0.0035700798034668 -0.0325279235839844 -0.0479354858398438
-0.00799369812011719 -0.00808858871459961 -0.027099609375 -0.0493812561035156
0.000478744506835939 -0.0234928131103516 -0.0200576782226562 -0.0600471496582031
0.0287456512451172 -0.0144977569580078 0.00225067138671875 -0.0707321166992188
0.0457344055175781 0.00912094116210938 -0.0116043090820313 -0.0937042236328125
0.0443382263183594 0.0333900451660156 -0.0179367065429688 -0.121414184570313
0.0414161682128906 0.0624923706054688 0.032470703125 -0.0910415649414063
0.0368270874023438 0.0141067504882812 -0.0111465454101563 -0.0159778594970703
0.0279712677001953 -0.00783538818359375 0.0385627746582031 0.025054931640625
0.00861072540283203 -0.010406494140625 0.0708999633789063 -0.0117950439453125
0.0019378662109375 -0.00969123840332031 0.0531692504882813 -0.0579605102539062
-0.00171756744384766 -0.00763177871704102 0.00510406494140625 -0.08514404296875
-0.0126686096191406 -0.0117874145507812 -0.0401458740234375 -0.0701675415039063
-0.0139522552490234 -0.0176830291748047 -0.0427055358886719 -0.0503501892089844
-0.0156326293945313 -0.0164794921875 -0.0439910888671875 -0.0399360656738281
-0.00550270080566406 -0.0226593017578125 -0.0344390869140625 -0.0404586791992187
0.0104942321777344 -0.0302734375 -0.0295791625976562 -0.0427436828613281
0.0335521697998047 -0.0285739898681641 -0.0256614685058594 -0.0566482543945312
0.0593490600585937 0.0126876831054687 -0.00338363647460937 -0.0637283325195313
0.0574836730957031 0.0473098754882813 -0.0148696899414062 -0.0834579467773438
0.0420761108398438 0.0834197998046875 -0.0173721313476562 -0.103530883789063
0.0324630737304687 0.104782104492188 0.0424537658691406 -0.0687103271484375
0.0462913513183594 0.0570945739746094 -0.00532341003417968 -0.0027928352355957
0.0662002563476563 0.01812744140625 0.0425910949707031 0.0377655029296875
0.0450172424316406 -0.0158805847167969 0.0779495239257813 -0.000648498535156251
0.0242652893066406 -0.0347118377685547 0.0623626708984375 -0.0495414733886719
-0.00255966186523437 -0.0358085632324219 0.01171875 -0.0770645141601563
-0.0247344970703125 -0.0350532531738281 -0.0319404602050781 -0.0612907409667969
-0.0248451232910156 -0.0430259704589844 -0.0321807861328125 -0.0391159057617188
-0.0297050476074219 -0.03985595703125 -0.0359687805175781 -0.0273094177246094
-0.00913238525390624 -0.0460281372070313 -0.0339870452880859 -0.0242595672607422
0.0213127136230469 -0.0522270202636719 -0.0327930450439453 -0.0281524658203125
0.0576286315917969 -0.0396308898925781 -0.0338287353515625 -0.0476531982421875
0.0870285034179688 0.0268707275390625 -0.0111236572265625 -0.0555801391601562
0.0694808959960938 0.073272705078125 -0.0141944885253906 -0.0682525634765625
0.03955078125 0.119667053222656 -0.01629638671875 -0.072174072265625
0.0157470703125 0.131362915039062 0.0482826232910156 -0.0301666259765625
0.0442123413085938 0.0946044921875 0.000238418579101564 0.0191478729248047
0.0933074951171875 0.0479507446289063 0.0408973693847656 0.0525360107421875
0.0775527954101563 -0.0128860473632812 0.0771865844726563 0.017913818359375
0.048126220703125 -0.0517654418945313 0.0671806335449219 -0.0312309265136719
0.00083541870117188 -0.0590782165527344 0.0197868347167969 -0.058929443359375
-0.0317230224609375 -0.0541877746582031 -0.01904296875 -0.044525146484375
-0.0320968627929687 -0.0621109008789063 -0.0177726745605469 -0.0222873687744141
-0.0406227111816406 -0.0570449829101563 -0.0228042602539063 -0.00937461853027344
-0.014434814453125 -0.0615921020507812 -0.0287227630615234 -0.00269699096679687
0.0241546630859375 -0.0683975219726563 -0.0325832366943359 -0.0102252960205078
0.0691375732421875 -0.0498847961425781 -0.0394172668457031 -0.0342750549316406
0.103370666503906 0.0312576293945313 -0.016937255859375 -0.04498291015625
0.07611083984375 0.0857620239257813 -0.00828933715820311 -0.0510787963867188
0.033203125 0.136672973632813 -0.0139141082763672 -0.033935546875
-0.00476074218750001 0.134368896484375 0.0464401245117188 0.015533447265625
0.0289688110351563 0.113967895507813 0.00328826904296876 0.0466499328613281
0.0983123779296875 0.0743408203125 0.0333404541015625 0.0665817260742188
0.0954666137695313 -0.00182342529296875 0.0679893493652344 0.037322998046875
0.0655555725097656 -0.0561561584472656 0.0638046264648438 -0.0075531005859375
0.00724029541015624 -0.0720672607421875 0.0247268676757812 -0.0321979522705078
-0.0323219299316406 -0.0643157958984375 -0.00301933288574219 -0.0218257904052734
-0.034576416015625 -0.0711441040039063 -0.000813961029052737 -0.00229835510253907
-0.0455055236816406 -0.0651206970214844 -0.00586318969726563 0.0110979080200195
-0.0182037353515625 -0.0689353942871094 -0.0193004608154297 0.0205326080322266
0.0236282348632813 -0.07568359375 -0.0301284790039063 0.0091266632080078
0.071746826171875 -0.052032470703125 -0.041107177734375 -0.0190277099609375
0.105293273925781 0.0345306396484375 -0.0189170837402344 -0.0346622467041016
0.07012939453125 0.0895767211914063 0.0024871826171875 -0.0335464477539062
0.0202484130859375 0.135444641113281 -0.0103416442871094 0.00653362274169923
-0.022491455078125 0.112258911132812 0.0402679443359375 0.0608634948730469
0.0066070556640625 0.109207153320313 0.00461578369140625 0.0724716186523437
0.0798263549804687 0.08575439453125 0.0213241577148438 0.0742034912109375
0.0913619995117188 0.0126876831054688 0.0509223937988281 0.0527381896972656
0.0701446533203125 -0.0467071533203125 0.0525627136230469 0.0165519714355469
0.0120315551757813 -0.0710372924804688 0.0273075103759766 -0.00323867797851563
-0.028350830078125 -0.06390380859375 0.0130195617675781 0.00226020812988281
-0.0315208435058594 -0.0691490173339844 0.0160932540893555 0.0170698165893555
-0.0436630249023438 -0.0649986267089844 0.010711669921875 0.0307197570800781
-0.0172691345214844 -0.0665016174316406 -0.00962066650390626 0.0417861938476563
0.0232467651367188 -0.072418212890625 -0.0268745422363281 0.0260810852050781
0.0686683654785156 -0.0451889038085938 -0.0404167175292969 -0.0047149658203125
0.0941162109375 0.0392990112304688 -0.0204334259033203 -0.0249176025390625
0.0520477294921875 0.0870513916015625 0.0117435455322266 -0.0177364349365234
0.00266265869140624 0.116813659667969 -0.00949859619140625 0.0436058044433594
-0.0342445373535156 0.0695457458496094 0.0308609008789062 0.0958251953125
-0.0133285522460938 0.0804824829101563 0.00485992431640625 0.0906829833984375
0.0475997924804688 0.0760116577148438 0.010162353515625 0.074951171875
0.0680580139160156 0.02093505859375 0.0336990356445313 0.05999755859375
0.0584144592285156 -0.0310211181640625 0.0380935668945313 0.0338859558105469
0.0129585266113281 -0.0576210021972656 0.0269489288330078 0.0222930908203125
-0.0210418701171875 -0.0522956848144531 0.0274696350097656 0.0237274169921875
-0.02423095703125 -0.0574264526367188 0.0311241149902344 0.0335845947265625
-0.035125732421875 -0.0561294555664063 0.0259590148925781 0.0480308532714844
-0.0126495361328125 -0.0573768615722656 -0.000885009765624998 0.0598335266113281
0.0228080749511719 -0.0609092712402344 -0.0258407592773437 0.0414199829101562
0.0600967407226563 -0.0320281982421875 -0.0411949157714844 0.00754165649414062
0.0723648071289062 0.042877197265625 -0.022918701171875 -0.0177898406982422
0.0271072387695312 0.0769271850585938 0.0175018310546875 -0.00326824188232421
-0.0180587768554687 0.08416748046875 -0.0134201049804688 0.0719070434570313
-0.0400047302246094 0.0150985717773438 0.0242080688476562 0.113571166992188
-0.0287895202636719 0.0381889343261719 0.00766754150390624 0.0976791381835938
0.0111160278320313 0.0501594543457031 0.00292968749999999 0.070587158203125
0.0339889526367188 0.0215282440185547 0.0205764770507813 0.0615692138671875
0.0358085632324219 -0.0118293762207031 0.0266189575195313 0.0441856384277344
0.0109043121337891 -0.0343666076660156 0.0273933410644531 0.0389595031738281
-0.0106601715087891 -0.0325756072998047 0.038360595703125 0.0379524230957031
-0.0138664245605469 -0.0371894836425781 0.0413475036621094 0.0446281433105469
-0.0212783813476562 -0.0401687622070313 0.0363044738769531 0.0610160827636719
-0.00610733032226563 -0.0416946411132813 0.003387451171875 0.0739593505859375
0.0204849243164063 -0.0426101684570313 -0.0278434753417969 0.0528755187988281
0.0456390380859375 -0.0167732238769531 -0.0446968078613281 0.0167198181152344
0.0448112487792969 0.0411033630371094 -0.0283126831054687 -0.0145206451416016
-0.000640869140624996 0.0589179992675781 0.0164403915405273 0.00702667236328125
-0.0365447998046875 0.0404167175292969 -0.0238571166992187 0.0907058715820312
0.0407333374023438 0.0112152099609375 0.0160751342773438 -0.099029541015625
0.0173377990722656 -0.0257606506347656 -0.0170173645019531 -0.0178356170654297
-0.0122299194335938 -0.0243072509765625 0.0327835083007813 0.0180225372314453
-0.0224723815917969 0.00167274475097657 0.0611763000488281 -0.0188446044921875
-0.0132389068603516 0.0180568695068359 0.0413475036621094 -0.0600852966308594
0.0040130615234375 0.0186481475830078 -0.00252532958984375 -0.083953857421875
0.00322246551513672 0.0113363265991211 -0.0456428527832031 -0.0677413940429688
-0.00100803375244141 0.00971603393554688 -0.0493202209472656 -0.0501861572265625
-0.00157928466796875 0.00996685028076172 -0.0478286743164063 -0.0410079956054687
-0.00570297241210937 0.00332736968994141 -0.035125732421875 -0.0466384887695313
-0.0087275505065918 -0.00763273239135742 -0.0296134948730469 -0.0490264892578125
-0.00117301940917969 -0.0230827331542969 -0.0226593017578125 -0.0593338012695313
0.0279407501220703 -0.0157489776611328 0.000595092773437502 -0.0706710815429687
0.0463600158691406 0.00652694702148438 -0.0147628784179687 -0.0919189453125
0.0456275939941406 0.0312042236328125 -0.0224685668945313 -0.119270324707031
0.0446662902832031 0.0606269836425781 0.0285873413085938 -0.0916671752929687
0.0378532409667969 0.0120429992675781 -0.0124635696411133 -0.0143613815307617
0.0275707244873047 -0.00996017456054688 0.03912353515625 0.0243415832519531
0.00780200958251953 -0.0104455947875977 0.0706939697265625 -0.014617919921875
0.00161075592041016 -0.00909328460693359 0.051116943359375 -0.0604324340820313
-0.00229692459106445 -0.00713396072387695 0.00152587890625 -0.0855941772460937
-0.01300048828125 -0.0110893249511719 -0.0434303283691406 -0.0676116943359375
-0.0149030685424805 -0.0167751312255859 -0.045257568359375 -0.0476188659667969
-0.0163669586181641 -0.0158157348632813 -0.0460777282714844 -0.0372581481933594
-0.00618362426757812 -0.0227470397949219 -0.0368843078613281 -0.0393409729003906
0.00972938537597656 -0.0298500061035156 -0.0316925048828125 -0.0420417785644531
0.0318412780761719 -0.0301055908203125 -0.0280494689941406 -0.0552101135253906
0.059478759765625 0.00946426391601563 -0.00487136840820312 -0.0636215209960938
0.0592117309570312 0.044342041015625 -0.0175933837890625 -0.081573486328125
0.0460968017578125 0.08111572265625 -0.0215225219726562 -0.101768493652344
0.0370941162109375 0.103469848632813 0.0391273498535156 -0.0689125061035156
0.0491447448730469 0.0548896789550781 -0.0069732666015625 -0.000902652740478513
0.0666885375976563 0.0139122009277344 0.0439453125 0.0369606018066406
0.0440940856933594 -0.0179786682128906 0.0775527954101563 -0.0028076171875
0.0223808288574219 -0.0353660583496094 0.0608406066894531 -0.05224609375
-0.00425529479980469 -0.0350627899169922 0.008819580078125 -0.0779342651367188
-0.0260429382324219 -0.0335788726806641 -0.0349540710449219 -0.0590591430664062
-0.0272102355957031 -0.0412178039550781 -0.0346794128417969 -0.0374298095703125
-0.0313453674316406 -0.038360595703125 -0.0376548767089844 -0.0254745483398438
-0.0106544494628906 -0.0453033447265625 -0.0354728698730469 -0.0229721069335938
0.0192642211914063 -0.0524635314941406 -0.0347270965576172 -0.0278244018554688
0.0553970336914063 -0.0418701171875 -0.0363426208496094 -0.0465202331542969
0.08795166015625 0.0222320556640625 -0.0122108459472656 -0.055511474609375
0.0728073120117188 0.06951904296875 -0.01678466796875 -0.0671577453613281
0.044769287109375 0.116851806640625 -0.0195960998535156 -0.0702476501464844
0.0221099853515625 0.130332946777344 0.0464973449707031 -0.0313987731933594
0.0484085083007813 0.0915069580078125 -0.00012397766113281 0.0204601287841797
0.09521484375 0.042205810546875 0.0418167114257813 0.0516548156738281
0.076263427734375 -0.0167770385742188 0.0779037475585938 0.0153350830078125
0.0452194213867188 -0.0535430908203125 0.0667076110839844 -0.0336036682128906
-0.00169754028320313 -0.0586395263671875 0.0173530578613281 -0.0595054626464844
-0.0338172912597656 -0.0517425537109375 -0.0209159851074219 -0.04302978515625
-0.0355110168457031 -0.0597305297851562 -0.0192852020263672 -0.021331787109375
-0.0428924560546875 -0.0544281005859375 -0.0242156982421875 -0.00833702087402344
-0.0170745849609375 -0.0602874755859375 -0.0293731689453125 -0.00170707702636719
0.0206489562988281 -0.0692939758300781 -0.0340747833251953 -0.00977325439453125
0.0662651062011719 -0.0526084899902344 -0.0414772033691406 -0.0325126647949219
0.104660034179688 0.0257720947265625 -0.0177536010742187 -0.0450897216796875
0.079864501953125 0.0817184448242188 -0.0100936889648437 -0.050872802734375
0.0399551391601563 0.134033203125 -0.0155811309814453 -0.0326690673828125
0.00153350830078124 0.133857727050781 0.0462188720703125 0.014190673828125
0.0342254638671875 0.112068176269531 0.00357437133789062 0.0471420288085938
0.101509094238281 0.0683212280273438 0.0346298217773438 0.0652503967285156
0.0943145751953125 -0.0059356689453125 0.0693550109863281 0.0350456237792969
0.0623092651367188 -0.0588836669921875 0.0643806457519531 -0.00970077514648438
0.00342559814453125 -0.0715408325195313 0.0241317749023438 -0.0334873199462891
-0.0351409912109375 -0.0621376037597656 -0.00406837463378906 -0.0213165283203125
-0.0384254455566406 -0.0687370300292969 -0.00133275985717774 -0.00258660316467286
-0.0488319396972656 -0.0619850158691406 -0.00609207153320313 0.0110654830932617
-0.0212440490722656 -0.0670623779296875 -0.0186119079589844 0.0215301513671875
0.0199356079101563 -0.0757980346679687 -0.0306015014648438 0.00943565368652343
0.0689277648925781 -0.0552635192871094 -0.0428009033203125 -0.0178184509277344
0.10687255859375 0.0289382934570313 -0.0198287963867187 -0.0350437164306641
0.0738143920898437 0.0854873657226563 0.00107192993164063 -0.0345554351806641
0.0272979736328125 0.133193969726562 -0.0103855133056641 0.00716781616210938
-0.017913818359375 0.112388610839844 0.04193115234375 0.0587272644042969
0.01153564453125 0.108200073242188 0.00634765625 0.071807861328125
0.0836257934570313 0.0809097290039063 0.0233993530273438 0.0735549926757813
0.0913467407226562 0.00872802734375 0.0527992248535156 0.0504989624023437
0.0675201416015625 -0.0501289367675781 0.05364990234375 0.0144500732421875
0.00857543945312501 -0.071136474609375 0.0280914306640625 -0.00429534912109375
-0.031280517578125 -0.0616645812988281 0.0133390426635742 0.00134849548339843
-0.0357818603515625 -0.0675621032714844 0.0169515609741211 0.015355110168457
-0.0468597412109375 -0.0619621276855469 0.0118312835693359 0.0293846130371094
-0.0204505920410156 -0.0654487609863281 -0.0076446533203125 0.0417137145996094
0.0195999145507813 -0.0728225708007813 -0.0264492034912109 0.0263690948486328
0.0658721923828125 -0.0483932495117188 -0.0416831970214844 -0.00353240966796875
0.0954360961914063 0.0343017578125 -0.0208415985107422 -0.0248489379882812
0.0557861328125 0.0839462280273438 0.010589599609375 -0.0190601348876953
0.00828552246093749 0.115623474121094 -0.00786972045898438 0.0429611206054688
-0.031494140625 0.0708847045898438 0.0340957641601562 0.0938568115234375
-0.00965118408203124 0.080413818359375 0.00765228271484375 0.0901412963867188
0.050994873046875 0.0727691650390625 0.0119552612304688 0.0744400024414063
0.0686569213867188 0.0179290771484375 0.0357398986816406 0.0588645935058594
0.0567893981933594 -0.033935546875 0.0399665832519531 0.0325736999511719
0.0099334716796875 -0.0576438903808594 0.0289878845214844 0.0212821960449219
-0.0231895446777344 -0.0509376525878906 0.0286769866943359 0.0220756530761719
-0.0275459289550781 -0.0560493469238281 0.0324268341064453 0.0308322906494141
-0.0380592346191406 -0.0536918640136719 0.0281295776367187 0.0455131530761719
-0.0157241821289063 -0.0565147399902344 0.00201797485351563 0.0594749450683594
0.0199508666992188 -0.0613327026367188 -0.0248336791992188 0.0417022705078125
0.0581741333007813 -0.0349884033203125 -0.0418853759765625 0.00863265991210938
0.0745697021484375 0.03857421875 -0.0233421325683594 -0.0179462432861328
0.03009033203125 0.0753555297851563 0.0169687271118164 -0.0052947998046875
-0.0144577026367187 0.084320068359375 -0.0104522705078125 0.0719833374023438
-0.0395851135253906 0.0167999267578125 0.02862548828125 0.1114501953125
-0.0273399353027344 0.0390281677246094 0.0110321044921875 0.0964736938476562
0.0141677856445312 0.0492706298828125 0.00498199462890626 0.0703887939453125
0.0349540710449219 0.0199337005615234 0.0231819152832031 0.0608901977539062
0.03521728515625 -0.0140457153320312 0.02880859375 0.043548583984375
0.00916290283203125 -0.0354080200195313 0.0302848815917969 0.03778076171875
-0.0123996734619141 -0.0322322845458984 0.0406303405761719 0.0354995727539063
-0.0160789489746094 -0.03656005859375 0.0432395935058594 0.0411796569824219
-0.0239715576171875 -0.0387115478515625 0.038909912109375 0.0582466125488281
-0.00856399536132812 -0.0411186218261719 0.00702667236328125 0.0733566284179688
0.0181236267089844 -0.0432701110839844 -0.0261192321777344 0.0535850524902344
0.0445480346679688 -0.0187568664550781 -0.0446090698242187 0.0178718566894531
0.0468940734863281 0.0386810302734375 -0.0284385681152344 -0.0138092041015625
0.00214767456054688 0.0584030151367188 0.0163249969482422 0.00491714477539063
-0.0346260070800781 0.0413131713867188 -0.0199813842773438 0.0902023315429688
0.0412788391113281 0.0102882385253906 0.013397216796875 -0.0974655151367187
0.0163650512695313 -0.0262107849121094 -0.0175352096557617 -0.0159139633178711
-0.0133705139160156 -0.0240421295166016 0.0330123901367188 0.0182628631591797
-0.0223102569580078 0.00239753723144532 0.0605888366699219 -0.0195236206054688
-0.0123729705810547 0.0184860229492188 0.0401878356933594 -0.0600204467773437
0.00407600402832031 0.0181941986083984 -0.00417327880859374 -0.0831832885742188
0.00373268127441406 0.0108861923217773 -0.0469436645507813 -0.0656242370605469
-0.000691413879394532 0.00980854034423828 -0.0504913330078125 -0.0477409362792969
-0.00106430053710937 0.00993061065673828 -0.0483169555664063 -0.0387916564941406
-0.00514030456542969 0.00347900390625 -0.0366477966308594 -0.0455665588378906
-0.00872659683227539 -0.00714445114135742 -0.0310211181640625 -0.0484123229980469
-0.0023040771484375 -0.0226345062255859 -0.0231132507324219 -0.0582313537597656
0.0277462005615234 -0.0165081024169922 0.000545501708984371 -0.0698394775390625
0.0460281372070313 0.00494384765625 -0.0156173706054687 -0.0894622802734375
0.0457420349121094 0.0295562744140625 -0.0250015258789062 -0.116233825683594
0.0455513000488281 0.0588035583496094 0.0254745483398438 -0.0898056030273438
0.0377311706542969 0.0103530883789063 -0.0127935409545898 -0.0123014450073242
0.0263767242431641 -0.0102996826171875 0.0390129089355469 0.0247116088867188
0.00732612609863281 -0.0102701187133789 0.070037841796875 -0.0154800415039063
0.00109243392944336 -0.00875568389892578 0.0501861572265625 -0.0607032775878906
-0.0021815299987793 -0.00723886489868164 -0.000198364257812496 -0.084686279296875
-0.012843132019043 -0.0102958679199219 -0.04486083984375 -0.065460205078125
-0.0154018402099609 -0.0158910751342773 -0.046600341796875 -0.0453987121582031
-0.016331672668457 -0.0147905349731445 -0.0468368530273438 -0.0351448059082031
-0.00606155395507813 -0.0221424102783203 -0.0380592346191406 -0.0382804870605469
0.00853347778320313 -0.0300006866455078 -0.0327644348144531 -0.0415229797363281
0.0305595397949219 -0.0302028656005859 -0.0291061401367187 -0.0545654296875
0.0593833923339844 0.00750350952148438 -0.00490570068359375 -0.0626487731933594
0.0597801208496094 0.0419807434082031 -0.0187606811523438 -0.0795822143554688
0.0473785400390625 0.0786209106445313 -0.0235671997070313 -0.0989532470703125
0.0399169921875 0.10101318359375 0.03662109375 -0.0675811767578125
0.0500602722167969 0.0522422790527344 -0.00767326354980468 0.00059318542480469
0.0659599304199219 0.011322021484375 0.0425796508789063 0.0363006591796875
0.0422019958496094 -0.0185012817382813 0.0768203735351562 -0.003814697265625
0.0208206176757813 -0.035247802734375 0.0598602294921875 -0.0534439086914063
-0.0047454833984375 -0.0338897705078125 0.007110595703125 -0.0775070190429687
-0.0262050628662109 -0.0325183868408203 -0.0359725952148437 -0.0572738647460938
-0.0284042358398437 -0.0401954650878906 -0.0356979370117188 -0.0355224609375
-0.0319366455078125 -0.0363883972167969 -0.0386428833007812 -0.0235710144042969
-0.0110435485839844 -0.0439262390136719 -0.036346435546875 -0.0216064453125
0.0177764892578125 -0.0522003173828125 -0.0353736877441406 -0.0276718139648438
0.0530929565429687 -0.042724609375 -0.0373344421386719 -0.0450592041015625
0.0873489379882813 0.018951416015625 -0.0122299194335937 -0.0552024841308594
0.0731277465820313 0.0662689208984375 -0.0174293518066406 -0.0654335021972656
0.0475997924804688 0.113754272460938 -0.0208206176757812 -0.0684165954589844
0.0255661010742187 0.127922058105469 0.0446510314941406 -0.0308761596679687
0.0504684448242188 0.0891265869140625 -0.000953674316406245 0.0217685699462891
0.09515380859375 0.0382232666015625 0.0415267944335938 0.0512847900390625
0.074432373046875 -0.0181732177734375 0.0774688720703125 0.01422119140625
0.0425338745117188 -0.0541000366210938 0.0660209655761719 -0.0350494384765625
-0.0030975341796875 -0.0570869445800781 0.0164070129394531 -0.0594520568847656
-0.0343971252441406 -0.0501747131347656 -0.021270751953125 -0.0420112609863281
-0.0373039245605469 -0.0577812194824219 -0.0201244354248047 -0.0213546752929688
-0.0439186096191406 -0.051788330078125 -0.024566650390625 -0.00724983215332031
-0.0176239013671875 -0.0583381652832031 -0.0290603637695312 -0.000946044921875004
0.0184860229492187 -0.0685043334960938 -0.0350799560546875 -0.0093841552734375
0.0637626647949219 -0.0539169311523438 -0.0426445007324219 -0.0316658020019531
0.104164123535156 0.0220794677734375 -0.0176849365234375 -0.0454521179199219
0.0806808471679688 0.0783004760742188 -0.0108222961425781 -0.0499687194824219
0.04327392578125 0.13128662109375 -0.0163059234619141 -0.0311393737792969
0.00518798828125001 0.131919860839844 0.0454483032226563 0.0140457153320313
0.0361251831054688 0.109512329101563 0.00376129150390625 0.0474929809570313
0.102104187011719 0.0642471313476563 0.0345191955566406 0.0645256042480469
0.0935897827148438 -0.00786590576171875 0.0693016052246094 0.0336456298828125
0.0597381591796875 -0.0595474243164063 0.0640792846679688 -0.0109901428222656
0.00164031982421875 -0.0704421997070312 0.0235519409179688 -0.0337791442871094
-0.0359573364257813 -0.0600471496582031 -0.00390434265136719 -0.0207939147949219
-0.0404510498046875 -0.0667686462402344 -0.00161528587341309 -0.00314903259277344
-0.0498123168945313 -0.0597343444824219 -0.00678062438964844 0.01068115234375
-0.0223312377929688 -0.0649261474609375 -0.0180606842041016 0.0208950042724609
0.017578125 -0.0751113891601562 -0.0309352874755859 0.00921058654785156
0.0664138793945313 -0.0561485290527344 -0.0434455871582031 -0.0165138244628906
0.106132507324219 0.0246200561523438 -0.019754409790039 -0.0350608825683594
0.074951171875 0.0822525024414063 0.000503540039062503 -0.0340499877929687
0.030426025390625 0.130149841308594 -0.0104665756225586 0.00743865966796876
-0.0147781372070312 0.111579895019531 0.0423851013183594 0.0575027465820313
0.013916015625 0.105857849121094 0.00634002685546875 0.071258544921875
0.0846939086914063 0.0770339965820313 0.0227813720703125 0.0728836059570313
0.090087890625 0.0066680908203125 0.0533828735351563 0.0496368408203125
0.0648918151855469 -0.0511741638183594 0.0544509887695313 0.0134124755859375
0.00684356689453125 -0.0702629089355469 0.0284633636474609 -0.00490760803222657
-0.0321388244628906 -0.0599899291992188 0.0136337280273438 0.00117301940917968
-0.0375595092773437 -0.0652427673339844 0.0165414810180664 0.0142822265625
-0.0485877990722656 -0.0589675903320312 0.0117263793945312 0.0281105041503906
-0.0215911865234375 -0.0634918212890625 -0.00667190551757813 0.0406341552734375
0.0173568725585937 -0.0717391967773438 -0.0264186859130859 0.0262165069580078
0.0636024475097656 -0.04913330078125 -0.0421485900878906 -0.00257110595703125
0.095306396484375 0.0304794311523438 -0.0207710266113281 -0.0253677368164063
0.0570449829101563 0.0813217163085938 0.0102672576904297 -0.0197334289550781
0.0111923217773438 0.11334228515625 -0.00696945190429687 0.0425300598144531
-0.0293426513671875 0.0707473754882813 0.0353927612304687 0.0924453735351563
-0.00793457031250001 0.0795440673828125 0.00832366943359374 0.0884475708007813
0.0524826049804688 0.0704498291015625 0.0126419067382813 0.0737533569335937
0.0683441162109375 0.0161552429199219 0.0361442565917969 0.0579376220703125
0.0546875 -0.0350532531738281 0.0407791137695313 0.0320053100585938
0.0087127685546875 -0.0573272705078125 0.0300407409667969 0.0201930999755859
-0.0239677429199219 -0.0490226745605469 0.0296611785888672 0.0209255218505859
-0.0293998718261719 -0.0543785095214844 0.0327548980712891 0.0286884307861328
-0.0393180847167969 -0.0511207580566406 0.028717041015625 0.0438270568847656
-0.0168724060058594 -0.0548286437988281 0.00339508056640625 0.0580101013183594
0.0176467895507813 -0.06085205078125 -0.0239028930664063 0.0413284301757812
0.056182861328125 -0.03594970703125 -0.0419349670410156 0.00931549072265624
0.074371337890625 0.0357894897460938 -0.0232429504394531 -0.0181617736816406
0.0319061279296875 0.0734329223632813 0.016571044921875 -0.00641632080078125
-0.0118484497070312 0.0827255249023438 -0.00945281982421875 0.070892333984375
-0.0389251708984375 0.0177688598632812 0.0298538208007812 0.109237670898438
-0.0259666442871094 0.0391387939453125 0.0118560791015625 0.0942306518554688
0.0152397155761719 0.0479469299316406 0.00535964965820313 0.0696144104003906
0.0351829528808594 0.0190582275390625 0.0235633850097656 0.0599899291992187
0.0341529846191406 -0.0148563385009766 0.0302009582519531 0.04290771484375
0.00781631469726562 -0.0346660614013672 0.0322723388671875 0.0367698669433594
-0.0127677917480469 -0.0308895111083984 0.0416450500488281 0.0336685180664062
-0.0170097351074219 -0.0354537963867188 0.0439071655273438 0.038604736328125
-0.0252037048339844 -0.0370292663574219 0.0397682189941406 0.0557479858398438
-0.00936508178710938 -0.040435791015625 0.00879669189453125 0.071380615234375
0.0169448852539062 -0.0433158874511719 -0.0254554748535156 0.0532073974609375
0.0437431335449219 -0.0202789306640625 -0.0441551208496094 0.0183563232421875
0.0472984313964844 0.0366134643554687 -0.0284805297851563 -0.0139579772949219
0.00372314453124999 0.0572624206542969 0.0162038803100586 0.00338077545166016
-0.0331192016601563 0.0413169860839844 -0.0181732177734375 0.0892257690429688
0.0413398742675781 0.0107307434082031 0.0129852294921875 -0.0968170166015625
0.0160617828369141 -0.0263347625732422 -0.0179691314697266 -0.0150585174560547
-0.0137805938720703 -0.0238723754882813 0.0331687927246094 0.019012451171875
-0.0222263336181641 0.00250434875488282 0.0606117248535156 -0.01898193359375
-0.0122280120849609 0.0187454223632813 0.0406417846679688 -0.0600738525390625
0.00471878051757813 0.0181236267089844 -0.00457000732421874 -0.0831527709960938
0.00374412536621094 0.0104532241821289 -0.0474433898925781 -0.0650100708007813
-0.000729560852050781 0.00950813293457031 -0.0508232116699219 -0.046112060546875
-0.000517845153808594 0.00939559936523438 -0.048370361328125 -0.0373916625976563
-0.00485086441040039 0.00314044952392578 -0.0378227233886719 -0.0456199645996094
-0.00840854644775391 -0.00718307495117188 -0.0317878723144531 -0.0487022399902344
-0.00265693664550781 -0.0223255157470703 -0.0229148864746094 -0.0587882995605469
0.0276412963867187 -0.0164299011230469 0.00168228149414063 -0.0697441101074219
0.0453643798828125 0.00396347045898437 -0.0147323608398437 -0.0887603759765625
0.0459671020507813 0.0294418334960938 -0.024322509765625 -0.114471435546875
0.0460968017578125 0.0587158203125 0.0251541137695313 -0.0888671875
0.0374794006347656 0.0101547241210938 -0.0135202407836914 -0.0110435485839844
0.0259418487548828 -0.011474609375 0.0385551452636719 0.0255928039550781
0.00716209411621094 -0.0101299285888672 0.0698051452636719 -0.0146980285644531
0.00080108642578125 -0.00825214385986328 0.050079345703125 -0.0611495971679687
-0.00176906585693359 -0.00672388076782227 -0.000228881835937496 -0.084869384765625
-0.0124197006225586 -0.0102767944335937 -0.0450859069824219 -0.064544677734375
-0.0158987045288086 -0.0156354904174805 -0.047454833984375 -0.044219970703125
-0.0162925720214844 -0.014735221862793 -0.0477218627929688 -0.0340080261230469
-0.00584983825683594 -0.0221061706542969 -0.0388221740722656 -0.0380325317382813
0.00875282287597656 -0.0298137664794922 -0.0342979431152344 -0.0420684814453125
0.0294475555419922 -0.0299530029296875 -0.0291099548339844 -0.0549278259277344
0.0592460632324219 0.00683212280273438 -0.00368499755859375 -0.063446044921875
0.0595588684082031 0.0411338806152344 -0.0180435180664062 -0.0786361694335938
0.0475921630859375 0.078033447265625 -0.0229873657226562 -0.097564697265625
0.0405502319335938 0.100173950195313 0.0362739562988281 -0.0669479370117188
0.0501823425292969 0.0514297485351563 -0.00791645050048828 0.0018610954284668
0.0657196044921875 0.0101432800292969 0.0421943664550781 0.0377006530761719
0.0416793823242188 -0.0180511474609375 0.0771942138671875 -0.00347137451171875
0.0200691223144531 -0.0347957611083984 0.0607376098632813 -0.0536613464355469
-0.00458717346191407 -0.0335063934326172 0.0071258544921875 -0.07763671875
-0.0258274078369141 -0.0313720703125 -0.0361900329589844 -0.0568275451660156
-0.0293731689453125 -0.0393486022949219 -0.0367698669433594 -0.0353012084960938
-0.0316314697265625 -0.0359115600585937 -0.0393486022949219 -0.0227699279785156
-0.01092529296875 -0.0434913635253906 -0.0366172790527344 -0.0218467712402344
0.0173721313476563 -0.0520362854003906 -0.0366134643554688 -0.0280265808105469
0.0521774291992188 -0.042694091796875 -0.0379295349121094 -0.04522705078125
0.0872116088867188 0.0180206298828125 -0.011199951171875 -0.0559539794921875
0.0731582641601563 0.0653533935546875 -0.0171318054199219 -0.0652389526367188
0.047821044921875 0.112594604492188 -0.0210609436035156 -0.067474365234375
0.0264511108398437 0.126953125 0.0441665649414062 -0.0299186706542969
0.0507354736328125 0.0877761840820313 -0.00191307067871094 0.0228614807128906
0.0947799682617188 0.0365676879882813 0.0407905578613281 0.0522232055664063
0.0739517211914063 -0.017974853515625 0.0774765014648438 0.0147323608398438
0.0413856506347656 -0.0537300109863281 0.066802978515625 -0.0354423522949219
-0.003021240234375 -0.0563507080078125 0.0162162780761719 -0.059783935546875
-0.0339622497558594 -0.0492439270019531 -0.021453857421875 -0.0417251586914063
-0.0383682250976563 -0.056732177734375 -0.0208454132080078 -0.0210170745849609
-0.0440177917480469 -0.0509376525878906 -0.0252571105957031 -0.00682258605957031
-0.0176315307617188 -0.0579490661621094 -0.0294933319091797 -0.00111007690429688
0.018035888671875 -0.0676307678222656 -0.0358657836914063 -0.010040283203125
0.063018798828125 -0.0535888671875 -0.0432586669921875 -0.0315399169921875
0.103752136230469 0.0204086303710938 -0.0169143676757812 -0.0458641052246094
0.0808486938476563 0.0774383544921875 -0.0104446411132812 -0.0495719909667969
0.0436935424804688 0.1297607421875 -0.0161876678466797 -0.0304927825927734
0.00572204589843751 0.131431579589844 0.0454559326171875 0.0143814086914063
0.0371475219726563 0.108230590820313 0.00245666503906251 0.0482330322265625
0.102348327636719 0.0624008178710938 0.0331344604492188 0.0656318664550781
0.0919647216796875 -0.007659912109375 0.0691413879394531 0.0342063903808594
0.0586738586425781 -0.0597381591796875 0.0651435852050781 -0.0110588073730469
0.00162887573242188 -0.0698471069335938 0.0246524810791016 -0.0337924957275391
-0.0360183715820313 -0.0590095520019531 -0.00351715087890625 -0.0212516784667969
-0.0415306091308594 -0.065704345703125 -0.00199413299560547 -0.00359296798706055
-0.0505027770996094 -0.0583534240722656 -0.00691604614257813 0.0106849670410156
-0.0222206115722656 -0.0638084411621094 -0.0180492401123047 0.0206012725830078
0.0172195434570313 -0.074798583984375 -0.03179931640625 0.0087299346923828
0.0654258728027344 -0.0563926696777344 -0.0442123413085938 -0.0168838500976562
0.105789184570312 0.0232009887695312 -0.0195121765136719 -0.0360641479492188
0.0746917724609375 0.0815277099609375 0.000436782836914069 -0.0344600677490234
0.0309371948242188 0.12908935546875 -0.0104484558105469 0.00781822204589845
-0.0141067504882813 0.111312866210938 0.0419731140136719 0.0576744079589844
0.0139923095703125 0.104927062988281 0.00531005859375 0.0714340209960938
0.0848388671875 0.0754776000976563 0.0219497680664063 0.0735015869140625
0.0896835327148438 0.0068206787109375 0.0531845092773438 0.0500411987304687
0.06402587890625 -0.0514564514160156 0.0553398132324219 0.0137252807617187
0.00646591186523438 -0.0700035095214844 0.0292816162109375 -0.00501632690429688
-0.0320892333984375 -0.058807373046875 0.0139265060424805 0.000608444213867184
-0.03887939453125 -0.064208984375 0.0164995193481445 0.0136957168579102
-0.0491943359375 -0.0578155517578125 0.0116481781005859 0.0278987884521484
-0.0215950012207031 -0.0626373291015625 -0.0062408447265625 0.0402336120605469
0.0166702270507813 -0.0715866088867188 -0.027252197265625 0.0254726409912109
0.06280517578125 -0.0492973327636719 -0.0428466796875 -0.00281524658203125
0.0948944091796875 0.0288543701171875 -0.0204811096191406 -0.0263957977294922
0.0572509765625 0.0803298950195313 0.010406494140625 -0.0204792022705078
0.0114364624023438 0.112525939941406 -0.007293701171875 0.0426521301269531
-0.0291519165039062 0.0705032348632813 0.034637451171875 0.0916824340820313
-0.00775146484375 0.0789260864257813 0.0074920654296875 0.08795166015625
0.0528221130371094 0.069366455078125 0.0111770629882813 0.0739974975585938
0.0680809020996094 0.0162162780761719 0.0358848571777344 0.0581474304199219
0.0548057556152344 -0.0352020263671875 0.0415763854980469 0.0325698852539063
0.00853347778320313 -0.0570068359375 0.0313243865966797 0.0205974578857422
-0.0240707397460937 -0.0486030578613281 0.0300121307373047 0.0202827453613281
-0.0303230285644531 -0.0532798767089844 0.0324306488037109 0.0280208587646484
-0.039764404296875 -0.0500717163085938 0.0283699035644531 0.0428924560546875
-0.0166893005371094 -0.0543479919433594 0.00376129150390624 0.0575790405273437
0.0172080993652344 -0.0603218078613281 -0.0251808166503906 0.040985107421875
0.0557479858398437 -0.0362014770507812 -0.0423355102539062 0.00895309448242187
0.0742263793945313 0.0347518920898438 -0.0231056213378906 -0.0193920135498047
0.0320587158203125 0.073089599609375 0.0162801742553711 -0.00775909423828124
-0.011871337890625 0.0823440551757813 -0.0092010498046875 0.0704193115234375
-0.0389213562011719 0.0179405212402344 0.0294265747070313 0.108627319335937
-0.0262336730957031 0.0387725830078125 0.011260986328125 0.0936279296875
0.0156936645507812 0.0472679138183594 0.00423431396484376 0.0701026916503906
0.03546142578125 0.0189361572265625 0.0237350463867188 0.0605812072753906
0.0342521667480469 -0.0153980255126953 0.0306320190429688 0.0432357788085938
0.00715255737304687 -0.0347537994384766 0.033416748046875 0.0369796752929688
-0.0133476257324219 -0.0308132171630859 0.0420150756835937 0.0331192016601563
-0.0179862976074219 -0.0350761413574219 0.0433921813964844 0.0372543334960938
-0.0254936218261719 -0.036224365234375 0.0398674011230469 0.0542259216308594
-0.0094757080078125 -0.0400390625 0.00923156738281251 0.0705795288085938
0.0164451599121094 -0.0431098937988281 -0.0262603759765625 0.0532684326171875
0.04327392578125 -0.0198249816894531 -0.0448379516601563 0.0178909301757812
0.0475616455078125 0.0355987548828125 -0.028228759765625 -0.0149326324462891
0.00419235229492188 0.0573997497558594 0.0158796310424805 0.00164127349853516
-0.0335845947265625 0.0411643981933594 -0.0180892944335937 0.088531494140625
0.0426177978515625 0.0108528137207031 0.0144577026367187 -0.0978240966796875
0.0161399841308594 -0.0268611907958984 -0.0185680389404297 -0.0139541625976563
-0.0144081115722656 -0.024444580078125 0.0337085723876953 0.0203285217285156
-0.022857666015625 0.0027618408203125 0.062774658203125 -0.0186119079589844
-0.0121803283691406 0.0194683074951172 0.0420150756835938 -0.0613517761230469
0.00492668151855469 0.0184135437011719 -0.00407409667968751 -0.0850601196289063
0.00394821166992188 0.0105724334716797 -0.0484199523925781 -0.0655670166015625
-0.000642776489257813 0.00979995727539063 -0.0522270202636719 -0.0462913513183594
-0.000632286071777343 0.00933361053466797 -0.049957275390625 -0.0374221801757813
-0.00466442108154297 0.00305414199829102 -0.0387344360351562 -0.0469017028808594
-0.00860023498535156 -0.00697135925292969 -0.0329856872558594 -0.0503311157226563
-0.00283432006835938 -0.0223140716552734 -0.0228691101074219 -0.0600624084472656
0.0285797119140625 -0.0171356201171875 0.00328826904296875 -0.0716781616210937
0.0463180541992188 0.00393295288085938 -0.0136337280273437 -0.0895538330078125
0.0466117858886719 0.03009033203125 -0.0236740112304688 -0.116287231445313
0.0473556518554688 0.059417724609375 0.0266571044921875 -0.0894775390625
0.0381660461425781 0.00991439819335938 -0.0136117935180664 -0.0100040435791016
0.0258903503417969 -0.01171875 0.0392189025878906 0.0270652770996094
0.00720024108886719 -0.0101728439331055 0.0721359252929688 -0.0140457153320313
0.000761032104492188 -0.00795507431030273 0.0523414611816406 -0.0627632141113281
-0.00127077102661133 -0.00653982162475586 5.26638915707377E-18 -0.0872802734375
-0.0125417709350586 -0.0103416442871094 -0.0458145141601563 -0.06536865234375
-0.0161457061767578 -0.0157241821289063 -0.0487060546875 -0.0441017150878906
-0.0164146423339844 -0.0148754119873047 -0.0488548278808594 -0.0341453552246094
-0.00555038452148438 -0.0228691101074219 -0.0400238037109375 -0.0394706726074219
0.00884056091308594 -0.0301952362060547 -0.03564453125 -0.0438346862792969
0.0296840667724609 -0.0298519134521484 -0.0291862487792969 -0.056060791015625
0.0603713989257813 0.00670623779296875 -0.00226593017578125 -0.06488037109375
0.0601997375488281 0.0418167114257813 -0.0172958374023438 -0.0794830322265625
0.0487213134765625 0.0797958374023438 -0.0224609375 -0.0987701416015625
0.04150390625 0.101821899414063 0.0372352600097656 -0.0669136047363281
0.0512466430664062 0.0521011352539063 -0.00847387313842773 0.00352954864501953
0.0665931701660156 0.00973129272460937 0.0421905517578125 0.0395164489746094
0.0426750183105469 -0.0186424255371094 0.0790786743164063 -0.00212860107421875
0.0200767517089844 -0.0349369049072266 0.0626335144042969 -0.0547904968261719
-0.00415420532226562 -0.0338306427001953 0.00782775878906249 -0.0794448852539063
-0.0265407562255859 -0.0318603515625 -0.0369758605957031 -0.0578079223632813
-0.0299263000488281 -0.0396995544433594 -0.0377540588378906 -0.0351829528808594
-0.0319938659667969 -0.0361251831054688 -0.0406227111816406 -0.0228843688964844
-0.0103836059570312 -0.0439186096191406 -0.0379066467285156 -0.0227546691894531
0.0177841186523438 -0.052581787109375 -0.0382499694824219 -0.0293960571289063
0.0530738830566406 -0.0429611206054688 -0.0385589599609375 -0.0466651916503906
0.0884323120117188 0.0179824829101563 -0.0101852416992188 -0.0578041076660156
0.0741195678710937 0.0667724609375 -0.0162239074707031 -0.0660209655761719
0.0485153198242187 0.114776611328125 -0.0204811096191406 -0.0680198669433594
0.0266494750976563 0.129508972167969 0.0448188781738281 -0.0297966003417969
0.0513076782226563 0.0888900756835938 -0.00267982482910156 0.0246047973632813
0.0964508056640625 0.0364151000976563 0.0404434204101563 0.0547256469726563
0.0749359130859375 -0.0180816650390625 0.0793609619140625 0.0160446166992188
0.0417976379394531 -0.0544967651367187 0.0692367553710938 -0.0361595153808594
-0.00259017944335937 -0.0568695068359375 0.0175285339355469 -0.0614891052246094
-0.0342483520507813 -0.0499763488769531 -0.0216026306152344 -0.0422897338867188
-0.0397682189941406 -0.0572891235351563 -0.0214462280273438 -0.0211086273193359
-0.0451087951660156 -0.05108642578125 -0.0263175964355469 -0.00648117065429688
-0.0176124572753906 -0.0585975646972656 -0.0303707122802734 -0.00139617919921876
0.0187339782714844 -0.06878662109375 -0.0376358032226563 -0.0111083984375
0.0637588500976563 -0.0542373657226563 -0.0447921752929688 -0.0325927734375
0.105735778808594 0.0205154418945313 -0.0160369873046875 -0.0485191345214844
0.0817718505859375 0.0788497924804688 -0.00978851318359374 -0.0509872436523437
0.0440902709960938 0.132362365722656 -0.0161075592041016 -0.0305995941162109
0.00573730468749999 0.134117126464844 0.04595947265625 0.0158309936523438
0.0371551513671875 0.110260009765625 0.00132369995117188 0.0500907897949219
0.103103637695313 0.0625 0.032470703125 0.0682754516601563
0.0936737060546875 -0.0075836181640625 0.0702896118164063 0.0360488891601563
0.0595855712890625 -0.0603981018066406 0.06768798828125 -0.0111503601074219
0.00209808349609375 -0.0707626342773438 0.0256156921386719 -0.0349445343017578
-0.0363273620605469 -0.0597915649414062 -0.00356292724609375 -0.0214824676513672
-0.0429344177246094 -0.0662994384765625 -0.00280261039733887 -0.00392532348632813
-0.0510902404785156 -0.0583000183105469 -0.00775337219238282 0.0113048553466797
-0.0222320556640625 -0.0647201538085938 -0.0190696716308594 0.0207023620605469
0.0172882080078125 -0.07550048828125 -0.0336799621582031 0.0082569122314453
0.0666122436523438 -0.0564117431640625 -0.0459022521972656 -0.0173416137695313
0.107513427734375 0.0234527587890625 -0.0190620422363281 -0.0383033752441406
0.0761642456054688 0.0831985473632813 0.000637054443359383 -0.035858154296875
0.03125 0.131431579589844 -0.0108871459960937 0.00857734680175782
-0.014556884765625 0.113510131835938 0.0422019958496094 0.0591926574707031
0.01409912109375 0.106658935546875 0.00379180908203125 0.0734786987304688
0.0860595703125 0.0763015747070312 0.0205307006835938 0.0760955810546875
0.09130859375 0.0074462890625 0.0537261962890625 0.0522842407226562
0.0652732849121094 -0.0524711608886719 0.0576171875 0.0145111083984375
0.0069580078125 -0.0707168579101563 0.0310783386230469 -0.00526618957519532
-0.0321426391601562 -0.0596275329589844 0.0150022506713867 0.000599861145019527
-0.0399894714355469 -0.0651054382324219 0.0161285400390625 0.0135478973388672
-0.0498580932617187 -0.0580635070800781 0.01104736328125 0.0282325744628906
-0.021881103515625 -0.0630989074707031 -0.006866455078125 0.0404777526855469
0.0171279907226563 -0.072113037109375 -0.0290908813476563 0.0258045196533203
0.063690185546875 -0.0498085021972656 -0.0442314147949219 -0.003173828125
0.096588134765625 0.0291671752929688 -0.0206623077392578 -0.0282974243164062
0.0580902099609375 0.0816726684570313 0.0106430053710938 -0.0219860076904297
0.0113449096679688 0.114028930664063 -0.00787353515625 0.0436210632324219
-0.0297927856445313 0.0717697143554688 0.0347442626953125 0.0936126708984375
-0.00844573974609376 0.0804443359375 0.00551605224609375 0.0897979736328125
0.0536575317382812 0.0701103210449219 0.00938415527343751 0.0761489868164063
0.0695571899414063 0.0172462463378906 0.0356483459472656 0.0604705810546875
0.0553932189941406 -0.0361366271972656 0.0430183410644531 0.0335540771484375
0.00822830200195313 -0.0580520629882812 0.0328330993652344 0.0205631256103516
-0.0246505737304687 -0.0490989685058594 0.0310001373291016 0.0202140808105469
-0.031707763671875 -0.0539665222167969 0.0326366424560547 0.0277137756347656
-0.0408706665039062 -0.0502510070800781 0.02838134765625 0.0435523986816406
-0.01678466796875 -0.0548439025878906 0.0037384033203125 0.0580978393554687
0.0173683166503906 -0.0611152648925781 -0.0267715454101563 0.0412864685058594
0.056610107421875 -0.0363197326660156 -0.0442581176757812 0.00897979736328125
0.0759963989257813 0.0351791381835938 -0.0228729248046875 -0.0206775665283203
0.03265380859375 0.0743026733398438 0.0164804458618164 -0.00897979736328125
-0.0124359130859375 0.08349609375 -0.010650634765625 0.0717391967773438
-0.0394325256347656 0.0183792114257813 0.0289688110351563 0.110397338867188
-0.0269088745117187 0.039520263671875 0.00934600830078124 0.0946731567382813
0.016143798828125 0.0478324890136719 0.00272369384765626 0.071929931640625
0.0361213684082031 0.019317626953125 0.0231475830078125 0.0627059936523438
0.0351009368896484 -0.0157222747802734 0.0318260192871094 0.044891357421875
0.00715637207031251 -0.0355682373046875 0.0351448059082031 0.0378570556640625
-0.0136051177978516 -0.0309925079345703 0.0432281494140625 0.0329933166503906
-0.0184516906738281 -0.0354995727539062 0.0442543029785156 0.037322998046875
-0.0265007019042969 -0.0361862182617188 0.0404548645019531 0.0550994873046875
-0.00986862182617188 -0.0406265258789063 0.00942230224609375 0.071258544921875
0.0167198181152344 -0.0438652038574219 -0.0275955200195312 0.0541915893554688
0.0441169738769531 -0.0196990966796875 -0.0458602905273438 0.0175552368164063
0.0484390258789063 0.0365829467773438 -0.0284557342529297 -0.0163936614990234
0.00453948974609375 0.0582771301269531 0.0154018402099609 0.000864982604980472
-0.0345039367675781 0.041748046875 -0.0196380615234375 0.0901870727539063
0.0447425842285156 0.0107154846191406 0.0137557983398437 -0.101661682128906
0.016326904296875 -0.028228759765625 -0.0192375183105469 -0.0135402679443359
-0.0158023834228516 -0.0252246856689453 0.035491943359375 0.0215530395507813
-0.0237751007080078 0.00323677062988281 0.0653533935546875 -0.0191688537597656
-0.0122776031494141 0.0209407806396484 0.043853759765625 -0.0642280578613281
0.00569915771484375 0.0190505981445313 -0.00511932373046875 -0.0885696411132813
0.00452709197998047 0.0106678009033203 -0.051605224609375 -0.0668182373046875
-0.000635147094726561 0.0102062225341797 -0.0548896789550781 -0.0460739135742188
-0.000278472900390625 0.00948524475097656 -0.0517387390136719 -0.0377044677734375
-0.00466156005859375 0.00279378890991211 -0.0419960021972656 -0.0479965209960938
-0.00904273986816406 -0.00740718841552734 -0.0361289978027344 -0.0520744323730469
-0.003692626953125 -0.0228767395019531 -0.0238418579101563 -0.0629730224609375
0.0292873382568359 -0.0185737609863281 0.00467681884765625 -0.074798583984375
0.0475730895996094 0.0034637451171875 -0.0137786865234375 -0.0917434692382812
0.0490264892578125 0.0306930541992188 -0.0244293212890625 -0.119865417480469
0.0499649047851563 0.0609970092773438 0.0268630981445313 -0.0926742553710938
0.039581298828125 0.00966644287109375 -0.0146274566650391 -0.00900840759277344
0.0264759063720703 -0.0133190155029297 0.0409393310546875 0.0292434692382813
0.00725460052490234 -0.0109081268310547 0.0754470825195312 -0.0145034790039062
0.000456809997558594 -0.00758028030395508 0.0544776916503906 -0.0657920837402344
-0.000971794128417969 -0.00659656524658203 -0.000991821289062501 -0.0909347534179688
-0.0128707885742188 -0.010833740234375 -0.0488395690917969 -0.0666351318359375
-0.0173730850219727 -0.0160121917724609 -0.0513343811035156 -0.04425048828125
-0.0170011520385742 -0.0155086517333984 -0.0507316589355469 -0.0340919494628906
-0.00535964965820313 -0.0234413146972656 -0.0429916381835938 -0.0406951904296875
0.00905418395996094 -0.0316390991210938 -0.0385475158691406 -0.045989990234375
0.0301933288574219 -0.0307254791259766 -0.0308952331542969 -0.0584945678710938
0.0629768371582031 0.005889892578125 -0.00133132934570312 -0.0685081481933594
0.0621376037597656 0.0421562194824219 -0.0176010131835937 -0.0814361572265625
0.0509872436523437 0.0821762084960938 -0.023284912109375 -0.101295471191406
0.0444793701171875 0.105262756347656 0.0381889343261719 -0.0690383911132813
0.0534095764160156 0.0528144836425781 -0.00935363769531249 0.00510406494140625
0.0686416625976563 0.00821685791015625 0.0441818237304688 0.04229736328125
0.0437049865722656 -0.019195556640625 0.0827560424804688 -0.00231170654296875
0.0199356079101563 -0.035675048828125 0.0658035278320313 -0.0576591491699219
-0.00419044494628906 -0.0345191955566406 0.0074920654296875 -0.0830764770507812
-0.0270271301269531 -0.0327854156494141 -0.0388259887695313 -0.05938720703125
-0.031951904296875 -0.0400886535644531 -0.0399742126464844 -0.0353660583496094
-0.0337295532226563 -0.0371627807617188 -0.0426025390625 -0.022216796875
-0.0110893249511719 -0.0456695556640625 -0.0406341552734375 -0.023284912109375
0.0179595947265625 -0.0546340942382812 -0.0415077209472656 -0.0310249328613281
0.0545310974121094 -0.0447998046875 -0.0409507751464844 -0.0484542846679687
0.0920791625976563 0.0169219970703125 -0.0100212097167969 -0.0607986450195313
0.0771865844726563 0.067901611328125 -0.0165786743164063 -0.0681724548339844
0.0515060424804688 0.118659973144531 -0.0213050842285156 -0.0695724487304687
0.0293121337890625 0.133872985839844 0.0464973449707031 -0.0305290222167969
0.0547409057617187 0.091644287109375 -0.00355720520019531 0.0268325805664063
0.0997695922851563 0.0358505249023438 0.0415306091308594 0.0577392578125
0.077362060546875 -0.019287109375 0.082794189453125 0.0172958374023438
0.0425338745117188 -0.0565643310546875 0.0724945068359375 -0.0388870239257812
-0.00322723388671875 -0.0589599609375 0.0180206298828125 -0.0642471313476563
-0.0357704162597656 -0.0507011413574219 -0.0229949951171875 -0.0439491271972656
-0.0421981811523437 -0.0584602355957031 -0.0231075286865234 -0.0212631225585938
-0.0470962524414062 -0.0521163940429687 -0.0278778076171875 -0.0059661865234375
-0.01824951171875 -0.0602684020996094 -0.0322189331054688 -0.00143241882324219
0.0185394287109375 -0.070953369140625 -0.040435791015625 -0.0119972229003906
0.0651473999023438 -0.0568046569824219 -0.0472564697265625 -0.0337486267089844
0.1099853515625 0.01953125 -0.0162925720214844 -0.0516510009765625
0.0849685668945313 0.0804824829101563 -0.0103263854980469 -0.0527305603027344
0.0475540161132812 0.136627197265625 -0.0169830322265625 -0.031158447265625
0.00798797607421875 0.139076232910156 0.0475845336914063 0.0168228149414063
0.0399627685546875 0.112823486328125 0.000885009765625 0.0531158447265625
0.107582092285156 0.062835693359375 0.0326766967773438 0.0721206665039063
0.0968170166015625 -0.00858306884765625 0.0735321044921875 0.0384902954101563
0.0610275268554688 -0.0631294250488281 0.0714263916015625 -0.0124740600585938
0.00182342529296875 -0.0729904174804688 0.0270881652832031 -0.0366973876953125
-0.0380172729492188 -0.0613365173339844 -0.00347900390625 -0.0228214263916016
-0.0460586547851563 -0.067718505859375 -0.00298070907592774 -0.00374126434326172
-0.0537796020507813 -0.0593605041503906 -0.00835895538330078 0.012019157409668
-0.0229225158691406 -0.0664787292480469 -0.0199794769287109 0.0213985443115234
0.0173263549804687 -0.0778045654296875 -0.0363197326660156 0.00829315185546874
0.068023681640625 -0.0592460632324219 -0.0485191345214844 -0.0174064636230469
0.111831665039063 0.0223846435546875 -0.0193061828613281 -0.0409736633300781
0.0795135498046875 0.0849227905273438 0.000999450683593756 -0.0377120971679687
0.0332870483398438 0.135765075683594 -0.0107822418212891 0.00954627990722657
-0.0135879516601562 0.118019104003906 0.0439796447753906 0.06158447265625
0.0152740478515625 0.110099792480469 0.0032501220703125 0.0765762329101563
0.0897598266601562 0.0773162841796875 0.0207901000976563 0.0796585083007813
0.0944976806640625 0.00701904296875 0.0558319091796875 0.0549392700195313
0.0670394897460938 -0.055023193359375 0.0611038208007813 0.0141525268554687
0.00595092773437499 -0.0734405517578125 0.0327682495117188 -0.00581932067871094
-0.0339279174804688 -0.0613937377929687 0.0158147811889648 -3.147125244141E-05
-0.0432052612304687 -0.0663528442382813 0.0167236328125 0.0134248733520508
-0.0526008605957031 -0.0587539672851562 0.0114574432373047 0.0291633605957031
-0.0226402282714844 -0.0649681091308594 -0.00707626342773438 0.0415229797363281
0.0168685913085937 -0.0746002197265625 -0.0311031341552734 0.02667236328125
0.0654487609863281 -0.0517616271972656 -0.0469207763671875 -0.00302505493164062
0.100517272949219 0.0285873413085937 -0.0212783813476562 -0.0308799743652344
0.0613174438476563 0.0840911865234375 0.0106754302978516 -0.0235671997070312
0.0126190185546875 0.11822509765625 -0.00806045532226563 0.0458602905273438
-0.0298995971679687 0.074981689453125 0.036285400390625 0.0967559814453125
-0.00849151611328126 0.08282470703125 0.00526428222656249 0.0928802490234375
0.0557861328125 0.0715408325195313 0.00952911376953125 0.08001708984375
0.0721511840820313 0.0174102783203125 0.0376777648925781 0.0637245178222656
0.0570755004882812 -0.03814697265625 0.0461158752441406 0.0343475341796875
0.00764846801757812 -0.0603179931640625 0.0354804992675781 0.0211296081542969
-0.0259170532226563 -0.050537109375 0.0331935882568359 0.0200977325439453
-0.0340576171875 -0.0555000305175781 0.0343284606933594 0.0274696350097656
-0.0433998107910156 -0.05072021484375 0.0294265747070312 0.0445518493652344
-0.0183868408203125 -0.0566902160644531 0.00419998168945313 0.0599479675292969
0.0170555114746094 -0.0634994506835938 -0.028594970703125 0.0432777404785156
0.0585670471191406 -0.0379104614257812 -0.0463333129882813 0.00903701782226563
0.0793304443359375 0.03521728515625 -0.024017333984375 -0.022674560546875
0.0344467163085938 0.0765914916992188 0.0167922973632813 -0.0108251571655273
-0.0126800537109375 0.08660888671875 -0.0104751586914062 0.0748062133789062
-0.0406036376953125 0.0195236206054688 0.0300979614257813 0.114044189453125
-0.0277671813964844 0.0410079956054687 0.00899505615234375 0.0980148315429688
0.0171890258789062 0.0491447448730469 0.0020751953125 0.0752182006835938
0.0380744934082031 0.0203285217285156 0.0242729187011719 0.0659103393554688
0.0359420776367188 -0.0170555114746094 0.0346794128417969 0.0467872619628906
0.00656509399414063 -0.037200927734375 0.0377120971679687 0.0386085510253906
-0.0143699645996094 -0.0318603515625 0.0461235046386719 0.0328483581542969
-0.0200309753417969 -0.035980224609375 0.0464630126953125 0.0374984741210938
-0.0280952453613281 -0.0368385314941406 0.0425796508789062 0.0559577941894531
-0.0108070373535156 -0.0420036315917969 0.0104827880859375 0.0736541748046875
0.0165824890136719 -0.0454444885253906 -0.0292396545410156 0.0561637878417969
0.0458946228027344 -0.0209083557128906 -0.0483856201171875 0.0179061889648438
0.0509414672851563 0.036651611328125 -0.0298118591308594 -0.0183296203613281
0.00547790527343749 0.0604667663574219 0.0160636901855469 -0.000401496887207028
-0.035858154296875 0.0434417724609375 -0.0203323364257813 0.094085693359375
-0.0154814364346112 -0.0310339265262316 0.0919048539759921 -0.0411066360978709
-0.0320452313300864 0.00560164256062346 0.00476918544403823 -0.0187095445418556
-0.0160547676591542 0.027941335443285 0.00480675719155631 0.0460687192935631
0.0141896290561821 0.0212743418896766 0.0530329968504211 0.0455086022693098
0.021774004085606 -0.000103868551165673 0.0840867213554258 0.00306618769964002
0.0100167387245825 -0.00744420949675498 0.077044008340444 -0.0457509873588031
0.0104987433090283 -0.00568104785771997 0.0444788813277125 -0.0748921807617439
0.012626591894597 -0.00384404963987973 0.0167678391019334 -0.0774500757794431
0.0114506139683931 -0.00137137563088175 0.0131353118794068 -0.0666221495608269
0.00838631866280473 0.00416581804311667 0.0220783948643686 -0.0616273551338356
0.00233831731140293 0.0147131393995304 0.0337810771197351 -0.061516786640945
-0.0158746658987526 0.0215099229078103 0.0515773431595073 -0.052183343112721
-0.0364164515372673 -0.000959756140644089 0.0671949362229435 -0.03377431978649
-0.0255521146296756 -0.0333633969839955 0.0698002939882232 -0.0548062989710922
0.00246330928634186 -0.0490322251086475 0.074798638563114 -0.0936110673813322
0.0220567402910544 -0.0636553242498038 0.0844098651945822 -0.0283444647862042
-0.0159202164530928 -0.0388554246408779 -0.00695287600371353 -0.0133359271189093
-0.0320210554821017 -0.0155878725735652 -0.00663265220698252 0.0641130202569929
-0.0208185821419394 0.00335697143093365 0.0535244428943255 0.0666456000854763
-0.010479650546017 0.0122996874128042 0.0962610751986266 0.0151245108248223
-0.00618356130253011 0.0142892445158386 0.0849262735373448 -0.0422246258374805
-0.000173907790279277 0.0214871534720538 0.0500935742998667 -0.0713026465068013
0.00372215697101008 0.0257798858390214 0.0201985865116259 -0.0734382726765321
-0.000876496150296201 0.0274817053274327 0.013412519931138 -0.0635467727124392
-0.0124604198653933 0.0213921865340875 0.0176556139363516 -0.0561996274293991
-0.0283218069707412 0.0172016419697075 0.0265794968202137 -0.056317129698874
-0.0441343274343468 -0.00407662058545299 0.0399083711384676 -0.0520210524765162
-0.0435755038005287 -0.042350680456083 0.0540046289053402 -0.0342346537530526
-0.00406235424457705 -0.0688896654718291 0.0558009523720575 -0.0567857995843082
0.0417848321578055 -0.0777088675261595 0.0606243987529845 -0.0876058359866994
0.0603099216760756 -0.0849615487728013 0.0646635262510949 -0.0091867088294739
0.0102050974720651 -0.0801709359662945 -0.0272664252172401 -0.0048313183892596
-0.0402383619118428 -0.0657787364970933 -0.0280526241098341 0.081760566622092
-0.0557982404088723 -0.0234351581549312 0.0434098850725363 0.0910843768634087
-0.0474686570916675 0.0179886263658394 0.0986406522997184 0.0340868341088363
-0.0267398059176423 0.0337463948019897 0.0856000923070126 -0.0292572772765809
-0.0129282427998227 0.0456924163791131 0.0504181991027347 -0.0577276869994577
-0.00548117407597102 0.0524746827318779 0.0199291724075942 -0.0588288054609319
-0.0104297740820468 0.0544507533947041 0.00888513447230911 -0.050378714271004
-0.0272439105578334 0.0390586229257386 0.00618762383341778 -0.0435268197423645
-0.0521253863140174 0.0261583739498829 0.0126299179360817 -0.0492640864086142
-0.0708613129072556 -0.0171127699293515 0.0233978041279637 -0.0525251898665542
-0.0567667934765206 -0.0710777258335485 0.0402716833283688 -0.036442373011949
0.00686225169428782 -0.0962903644676215 0.0413057836130366 -0.0512153354485186
0.06988988571763 -0.097818432964018 0.0364194191674237 -0.070670638471216
0.0903359289131712 -0.0919879095305127 0.032721184871733 0.0155585366650947
0.0408596378663346 -0.107681604725548 -0.0514738862972332 0.00705078319633724
-0.0354907797352457 -0.111029495689633 -0.0551376485890654 0.0918562524474814
-0.0800730789857102 -0.0552862219038673 0.020526141540242 0.110495855547656
-0.0811093487498006 0.015707623572627 0.0871077179253749 0.0559241210651181
-0.0471730813060134 0.0459731557177857 0.0764435090494437 -0.00881035266465559
-0.0259324077439439 0.0625958159016961 0.044451704464094 -0.034851423981581
-0.0134931887645029 0.0708919901213695 0.0166042864788507 -0.0347749668233543
-0.0160082280222724 0.073013563246685 0.0020078467635366 -0.0290125946971779
-0.0348897406228462 0.0533518742098023 -0.00660583236616855 -0.0244375477965738
-0.0649768632580637 0.0361235752368905 -0.00413797361177707 -0.0372286279665184
-0.0882921523843904 -0.0202220672836047 0.00576454020771134 -0.0481738235625102
-0.0673549541564774 -0.0852197937776523 0.0267584778316897 -0.0361141047275683
0.0114756779759973 -0.111369354438411 0.029756089850623 -0.039583924273111
0.0862640476444279 -0.104783737316196 0.00897583404315624 -0.0457401777688582
0.105575217069871 -0.0821335933243988 -0.00657630841827289 0.0404762398358222
0.0680505979313066 -0.112256880696311 -0.0759126310327037 0.0179235414140974
-0.0164268058411372 -0.135540337464972 -0.0811291581063589 0.0893563560120071
-0.0840437417935595 -0.0826786435207172 -0.00948738961215604 0.115616628225164
-0.09994448879989 0.00431880118904374 0.0616060500862265 0.0729648479678914
-0.0621320754725682 0.0485016827199374 0.0572589116685365 0.0138464468153281
-0.0354939488260715 0.0691014823749641 0.0326859766414702 -0.00736293480304016
-0.0194459397035582 0.0784999530555093 0.0102731998220348 -0.00674552823705542
-0.019322504239032 0.0817275734602527 -0.00579552248350327 -0.00251452410036839
-0.0378700773248336 0.0601259972799397 -0.0194397571920856 -0.0021986261051545
-0.069485477253166 0.040586143399585 -0.0207423981132979 -0.0221240969894335
-0.0925227780140911 -0.0220205633903734 -0.0105229386378978 -0.0407945677712534
-0.0665398059424276 -0.0895452302679952 0.0155117181325543 -0.0335089775555843
0.0177545390486182 -0.110944662563808 0.0223731171964288 -0.0233151038282332
0.0916338076123095 -0.0956706754640191 -0.0178883752631018 -0.0169873190034477
0.0997130425794694 -0.0582305781672435 -0.0438031746791299 0.06135472444212
0.0810007318692413 -0.0913349652275728 -0.0934926435996618 0.028502596987838
0.00831097776075474 -0.130185508365002 -0.0969779926900252 0.0751471771196133
-0.0670836190925147 -0.0940885780141193 -0.0378022979383498 0.105714919987747
-0.0984362582201501 -0.00947269692036842 0.0284929980782836 0.0797946941317269
-0.0653463897600042 0.0418766491962202 0.0313408903849051 0.0340206984239072
-0.0390181159950795 0.0643239931634134 0.0171689679698587 0.0204523393788243
-0.0222797105851646 0.0749776191712706 0.00303023159298482 0.0215550026035625
-0.0209721656774488 0.0787572781515724 -0.0140844051556121 0.0238007770528146
-0.0375414281676433 0.0583258521691461 -0.0311720384237577 0.0190070514236574
-0.0662296183566117 0.0378691043791574 -0.0358563441496743 -0.00851855610272968
-0.0843425971931761 -0.0252645566699884 -0.0237073310781979 -0.033243838241544
-0.0530477874934917 -0.0874157290232053 0.00632060864400408 -0.0303470381730448
0.0277488212078365 -0.0964985186492437 0.0167602900256174 -0.00872179764906865
0.0880472309076792 -0.0713834229075735 -0.0428277264045392 0.00907322974510384
0.0728582836174436 -0.0262363179640737 -0.0720850872450165 0.0766255816752351
0.0729628077811923 -0.0552759636186283 -0.100470059637252 0.0376900618788646
0.025041883871977 -0.0985717802275345 -0.0979010020916 0.0566769740798457
-0.0399938324829464 -0.0825005893185135 -0.0557091543060264 0.0847249219177136
-0.0767320403544902 -0.0177119164337253 -0.00225207209182126 0.0752255075028136
-0.0559868827564544 0.0296229307706518 0.00547043439189052 0.0483136039212038
-0.0343603415557213 0.0497248154509014 0.00184208082053151 0.0439283429074876
-0.0214653587783995 0.059896755260198 -0.00391347159865238 0.046586340235879
-0.0199298004905573 0.0647221257218982 -0.0216677455334937 0.047895376777287
-0.0350870805260869 0.0487085981385413 -0.0431115099644707 0.0368548920534165
-0.0583321239047322 0.0290973205696758 -0.0517397515128203 0.00176962761442005
-0.0671635696109359 -0.029043709269514 -0.0354463650374128 -0.0297601461484014
-0.0328086750345774 -0.0782382707848565 -0.00128487459340217 -0.0308341376986632
0.0375226354515749 -0.0724021775363057 0.0112526301538886 0.00238751867029396
0.0754208785254147 -0.0371998933277965 -0.0645986981944115 0.0278559995542155
0.0328490823475734 0.0102463718172216 -0.0822932962893497 0.0846752141369317
0.0498546664545792 -0.012218971855599 -0.0936038848160698 0.0460752453145331
0.0296876728779883 -0.0515181446895604 -0.0871971253243773 0.0406751210015829
-0.0126519814016195 -0.0546056450989746 -0.0608046060832441 0.0642797610086044
-0.044378742490157 -0.0182657138640231 -0.0235387308245699 0.0671230819740505
-0.0369280220592817 0.0146577501440219 -0.012949017878798 0.0566623630771299
-0.0240768354651321 0.0284504260631339 -0.00957060709279734 0.0593933820395941
-0.0171034137803773 0.036457269695328 -0.00973317161466812 0.0638136164273026
-0.0171865136525514 0.0416757378346204 -0.0298539583179686 0.0651227808658593
-0.0287476530564235 0.0323603631808883 -0.0542316893520997 0.0482859082662138
-0.0443571537111265 0.0167302097724155 -0.0663911712681266 0.00582992839041009
-0.044249018648918 -0.0287321835075457 -0.0450188829020922 -0.0304540802648918
-0.0105315209227087 -0.060439415994832 -0.00685592227693113 -0.0348983496871849
0.0424732991781107 -0.0404733004520639 0.00577480717602689 0.00675341992341813
0.0533465479535764 0.00185009107247348 -0.0830171058292438 0.035919302096367
-0.0179093652322502 -0.0318023292613027 0.0918471932063965 -0.0461658286904921
-0.0323883125833356 0.00745094240555485 0.00302164392310482 -0.0192586639611613
-0.0148758093441463 0.0301225435884707 0.00603966564383023 0.0479438468195516
0.0162236829800952 0.0212278193663545 0.0563493779412631 0.0450267525126709
0.0222182998031193 -0.00221134451362268 0.0867976061609584 -0.000600488929587285
0.00984314561385638 -0.00849168768511315 0.0770162375203649 -0.0512411584807008
0.0105361843134243 -0.00630399296204496 0.0409414345629879 -0.0788033265109543
0.0126939852124524 -0.00506215229590558 0.0123570209680252 -0.0795083887237039
0.0111720143272335 -0.00226621827704077 0.00979162360835325 -0.0692515706484932
0.00913132889361554 0.00377470437822423 0.019156162098091 -0.0656077275875031
0.00328735076619077 0.0152329795610551 0.0311589976354362 -0.0659743489417858
-0.0147468924121903 0.022239850044071 0.0510568262871319 -0.0563364844706966
-0.0376071703432992 0.00126947804178165 0.0688870154891552 -0.0371714485356709
-0.0275517332885358 -0.0325455456413699 0.0689691200352202 -0.057870508301146
-0.000172832325136579 -0.0505246216614034 0.0727589737581776 -0.0986686050497164
0.0195529615161667 -0.0666764692963321 0.084790369121346 -0.0323545407292174
-0.0185575430264569 -0.0390274082372345 -0.00907210844467983 -0.0125230908411547
-0.0341475086274789 -0.0139858719143997 -0.00495333162579542 0.0671029179772739
-0.0209533862128039 0.00514538927990689 0.0579689686501632 0.0672008930228049
-0.00983136267149426 0.0122184653307875 0.0994846376544051 0.0108885585377719
-0.00595234102408073 0.0148049114590968 0.0853906329061968 -0.0476182801466803
0.00116441512872599 0.0219256831725821 0.0468731502901474 -0.0760303044586201
0.00568863813458776 0.0258856026034022 0.0154448272790597 -0.0765919814079453
0.000687763047607741 0.028368719375264 0.00980584731302566 -0.0659278146609824
-0.0116360564725446 0.0221463121477545 0.0147122779621411 -0.0599202834563963
-0.0279181988023546 0.0194188942144759 0.0243395268718157 -0.0608116093905387
-0.0452664348638368 -0.00220369900399763 0.0391762438135945 -0.0556212587646426
-0.0470329848664016 -0.0405847782557653 0.0558057208822448 -0.0375529023372774
-0.00707604965118103 -0.070046432308649 0.0545094476721889 -0.0590386650092709
0.0389315036120218 -0.0819115081293422 0.0579761480601487 -0.0922518462576089
0.0569278298007021 -0.0903029126773414 0.0658003430702353 -0.0116963514243756
0.00613340478476825 -0.082334291854261 -0.029545447283521 -0.00296547107279677
-0.0448567440646796 -0.0648187345196195 -0.0260620085243893 0.0857607350439968
-0.057596336525527 -0.0213883662056817 0.0484059954624995 0.0924711364489859
-0.047550109023351 0.0208964690171521 0.10341660102648 0.0300020043075381
-0.0261025233014452 0.0353608023616738 0.0871310603138182 -0.0345849487772723
-0.0107665277632489 0.0474388496534699 0.0484401205086789 -0.0615291640354017
-0.00237707780711181 0.0537307349249673 0.0166149948005155 -0.0612005910590489
-0.00735866962639748 0.0560729927358575 0.00574231639299847 -0.0522181417101892
-0.0260428915340214 0.0411377167669499 0.00371411820550239 -0.0458743481479579
-0.0516533950461301 0.0291711192464593 0.00998421416034782 -0.0526633020844763
-0.0733488966282053 -0.0138183941170282 0.0216621780123227 -0.0555583825795307
-0.0618673321475792 -0.0693539651252576 0.0415160908276819 -0.0394867404698176
0.00241532619996549 -0.0994807352176982 0.0401943955744196 -0.0537674678476519
0.0668202738241508 -0.103969427101616 0.0336797692336452 -0.0736327751253037
0.0878027184049005 -0.0989797291028551 0.0341487289315674 0.0148679516894248
0.0362206504043702 -0.112123999556325 -0.0538252385263311 0.00960551758312394
-0.0423069621385056 -0.111136115672433 -0.0535445393643616 0.0974255730428494
-0.0845249739109396 -0.052849634763966 0.0259503382716372 0.113254445853583
-0.0818280639131911 0.0201645181837495 0.0930206009765452 0.0534802806825033
-0.0466332078484734 0.049369758300619 0.0789551873749741 -0.0128156966022831
-0.0231579716504933 0.065171443257096 0.0438298758034012 -0.0383263673823853
-0.00910009164545795 0.073277164693405 0.0144244846287139 -0.0371404575419972
-0.0121052435725427 0.0759715792150831 -4.22359180869126E-05 -0.0302909250303301
-0.0332468418133195 0.0563155720033098 -0.00835918509120557 -0.0259324044984863
-0.0645515312944733 0.0400560387886964 -0.00684642564131953 -0.039629907950154
-0.091606091149641 -0.0162348680626458 0.00371457671866087 -0.050596316568521
-0.0737615390741133 -0.0834875285326257 0.0278314086923894 -0.0386980774087581
0.00637607447318658 -0.114580363530224 0.0291479971751842 -0.0420668874497842
0.0826680514810207 -0.112303773262517 0.00651004680189873 -0.0468861099554489
0.10370682194365 -0.0899439334301228 -0.00499664471779004 0.0413791647221716
0.0641921679675302 -0.117763333790972 -0.0783154863583481 0.0222047798233903
-0.0239765196462749 -0.137724660477357 -0.0803923535638136 0.0955455663410518
-0.0902189403546168 -0.0812886196931189 -0.00503651898023637 0.120627758378914
-0.102386301063011 0.00963443494021425 0.06803908311087 0.0724647513435095
-0.0615020929870182 0.0526526748593841 0.0601316450228463 0.0114596269759907
-0.0327623546875719 0.0722567972617743 0.0333232391768367 -0.00935223365917328
-0.0149054626805689 0.0817881420300863 0.010198962442493 -0.00799936872654545
-0.0147763154214457 0.0853644962439402 -0.00671183807870432 -0.00321089461370801
-0.0356996275073214 0.0631738391615653 -0.0204961175127344 -0.00212923132049126
-0.0682225521606041 0.0451794967442884 -0.0229998970746306 -0.0238369407612143
-0.0955798691582891 -0.0180606008281661 -0.0125377876533629 -0.0422746151156527
-0.0726501504102316 -0.0878724280685648 0.0161927031954205 -0.0356408991636826
0.0124796727997855 -0.114010164303741 0.0226248480327967 -0.0254774146279033
0.0892366756007345 -0.102960267081564 -0.0198000626635218 -0.0163329823658781
0.0989129984910491 -0.0650786584065847 -0.0421006238451521 0.06527592069623
0.0787289493918674 -0.0972509693613824 -0.0956974762291817 0.0326984144664501
0.00183173949918777 -0.133626957012761 -0.0976246880809096 0.0817024187474869
-0.0734982881423643 -0.0940455441791128 -0.035340673637216 0.110894987690719
-0.10128131306071 -0.00414094231492137 0.0341769399113566 0.0809121783531717
-0.0651263249915147 0.0463949324493897 0.0347772652956611 0.0340180234655833
-0.0361379560967468 0.0679179331486529 0.0192588224384762 0.0196282931029235
-0.0180083607750758 0.0778845492713328 0.00413548847356248 0.0213436895485382
-0.0164312783113367 0.0821022168383782 -0.013402108703548 0.0250326920889937
-0.0357465973838567 0.0611945550660856 -0.0316036335066957 0.0203138085937354
-0.0658827242438425 0.0422752722964394 -0.0381343783144248 -0.00849263122923618
-0.0877377694439363 -0.0216803630152964 -0.0258425446506249 -0.0337546901762294
-0.0592352895100551 -0.0862479331133169 0.00654284575166902 -0.0325619488307202
0.0234577780170072 -0.100539455537936 0.0172770591736382 -0.0108890137234721
0.0869622173061058 -0.0781670265217823 -0.04371571998412 0.0113413318564594
0.0735692802413052 -0.0304150465682837 -0.070394844820336 0.0813815463107492
0.0731134629882442 -0.0598767471673296 -0.102182511272931 0.0418273263380009
0.0206119858535886 -0.102007051958566 -0.0993708580981068 0.0623534497010509
-0.0454591986773506 -0.0834918679620789 -0.0539138845948994 0.0903340186178735
-0.0802165208561364 -0.0138016195738017 0.00237288123808813 0.077841968405754
-0.0560102473674732 0.0339282746531525 0.00854441658907508 0.0501650739014975
-0.0328685604511376 0.0528688660773976 0.00461005852485081 0.044578507562203
-0.0180979334464553 0.0627861845703366 -0.000929900937884312 0.0466866354005991
-0.0165394104735902 0.067212852663748 -0.0197452090157856 0.0495624938019821
-0.0338221862063688 0.0515863453396899 -0.0424692201012569 0.0393019581540602
-0.0580126474978679 0.0322602882433425 -0.0538932819461619 0.0029227523860894
-0.0707199979163875 -0.0266498589778515 -0.0380211518760455 -0.0294791853797107
-0.0381553211541495 -0.0781242378479971 -0.00178875069374966 -0.0326029751323856
0.0350712431995812 -0.0761093341322566 0.0126283574857784 0.000587982148509086
0.0757901319074649 -0.0419278145930172 -0.065286467394756 0.0318178478609535
0.034218933665406 0.00908579479861978 -0.0806804658862416 0.0898084052081764
0.0511318844511287 -0.0146932829561428 -0.0943181591573843 0.0501169484023874
0.0278618100159692 -0.054361219470253 -0.0888186684027368 0.0451741712877313
-0.0154653473670951 -0.0554736984793796 -0.0604835938659238 0.0690603827361668
-0.0469512348193788 -0.0165435364334167 -0.0204325218072387 0.0709467197996778
-0.0370114878190482 0.0171133248354742 -0.00954809987766107 0.0595241747455271
-0.0228752496783035 0.0306732090086786 -0.00633389332981222 0.0614654413367077
-0.01480460465305 0.0385814587502899 -0.00625345462603019 0.0650652624811499
-0.0147295129543767 0.0439077796979553 -0.0266750316205887 0.0679069939537321
-0.0276713889283534 0.035334330803244 -0.0530485964392694 0.0517691017594326
-0.044919622520968 0.0192480574717665 -0.0682588139672847 0.00835067144839991
-0.0475292996924443 -0.0279589657376821 -0.0483263434682082 -0.0302419698468897
-0.0136581530261186 -0.0613168947575929 -0.00836120454805198 -0.0368888466213967
0.0414597076982849 -0.0438965500794571 0.00667992073668387 0.00562364313525276
0.0552104549172617 -0.000220716030415704 -0.0840910257443799 0.0409509426405446
-0.0194667499799691 -0.0308175333281413 0.0899934026190924 -0.050332410304432
-0.0325596362178029 0.00896669288866482 0.000936465594803479 -0.0188269106292921
-0.0133090744350725 0.0311763034330557 0.00757678079005457 0.0487709272175816
0.017393605392333 0.0204017621592496 0.0587642157800244 0.0437762461453568
0.0219188955423927 -0.00391992476680191 0.0875834021918982 -0.00421231012324183
0.00941821265600739 -0.00905578736253367 0.0750817994025476 -0.0550316215276965
0.010248086764515 -0.00689128936263903 0.0366494705501622 -0.0807863215306683
0.0126692497872061 -0.00608716997961704 0.00759494645766948 -0.0797448660297653
0.0112637104464669 -0.00281423034349244 0.00571679917433111 -0.0700379039224836
0.00903596057845414 0.00351551999826883 0.0153038970034603 -0.0675293944647523
0.0043339960679002 0.0151340744140475 0.0279304696813161 -0.0689969821006845
-0.0132598509368076 0.0230570743277464 0.0494114414875179 -0.05870292494607
-0.0378502154269585 0.00350434287986228 0.069582792369882 -0.0400604055005796
-0.0288376351765747 -0.0311857259189377 0.0676998206269221 -0.0588308044036905
-0.00268641920264143 -0.0513054880977496 0.0687451520534885 -0.101866502178824
0.0155800572627726 -0.0678493076579862 0.083117117863583 -0.0359870408076746
-0.0204415215368652 -0.0382166282796727 -0.0108358858768042 -0.0114574224976786
-0.0343943322734093 -0.0115944469151227 -0.00271437481330552 0.0684101408644536
-0.0200007623232784 0.0054709966248852 0.0609260432074288 0.0658807876448974
-0.00906600739770486 0.0119427220055429 0.10092382302294 0.00692506004529157
-0.00549135788405882 0.0148442011272969 0.0836549196812806 -0.0521049736369886
0.00225892514817396 0.0220481845930786 0.0428803041505422 -0.0781541197727484
0.00695731838606568 0.0255831992425292 0.0108145511112772 -0.0767174777952087
0.00209888302611934 0.0282159312063332 0.00575943440139549 -0.0668350905345103
-0.0107795319892448 0.0229835223851044 0.0111197679406134 -0.0619024740860764
-0.0273359523592942 0.0206613502542765 0.0213144440343349 -0.0640659755215173
-0.0452836593215218 0.000140079435501328 0.037159838713408 -0.0582150940186565
-0.0494236441245798 -0.0378625489652132 0.0562841835644774 -0.0401183076113097
-0.00988466316932981 -0.0699213423661755 0.0527776561435202 -0.060290660881932
0.0349194054220731 -0.0843548306335666 0.0543717871130516 -0.0943025454180353
0.0527580589713788 -0.0937801747993145 0.0647711605577106 -0.0146059158566784
0.00263207033618127 -0.0824399939564798 -0.0303719644760229 -0.00136132847446159
-0.0478890093066748 -0.0621373790970919 -0.0237137734843965 0.0886041041076867
-0.0591216720037387 -0.0189737881162155 0.0524936915350609 0.0920181867790091
-0.0463924389292844 0.0226711474667061 0.105742088090018 0.025991654877021
-0.0247380497470593 0.0366307788950781 0.0863597213902333 -0.0390053800970906
-0.00891654782455244 0.0481026332223829 0.0451231875244534 -0.0640682066902615
0.00103872101637601 0.0537705392423226 0.0124313719417139 -0.0620510044445291
-0.00421501834094212 0.0558760711796556 0.00223749657387044 -0.0531264370778919
-0.0243876628730971 0.0424642300767257 0.000944034329716835 -0.0473273201807735
-0.0501979111824565 0.0317689697075514 0.00695585171642568 -0.0554730874689728
-0.0739399662931612 -0.0107706418907167 0.0197528175369146 -0.0569338322208909
-0.0656143057849761 -0.0658880812098859 0.0422342123875958 -0.0420469619322709
-0.00148977304241783 -0.0993565933266134 0.0382531257094113 -0.0547717728567515
0.0622464340283641 -0.108023672304823 0.0304741998245301 -0.074769170928179
0.0832985737417946 -0.104120991950879 0.0343947851051687 0.0136030714388329
0.0315732542489968 -0.113831534560541 -0.0547097801082404 0.0120049324773618
-0.0481305880234192 -0.108384407858481 -0.0509929666141528 0.100956264567996
-0.0872700513106908 -0.0497304610415304 0.0302009726808027 0.11396940092443
-0.0808270160589965 0.0237399705071927 0.0967037598666983 0.0497094894005847
-0.0447866304933121 0.0511321965527598 0.079178586387369 -0.0166658204839082
-0.0199471409835037 0.0666822857546298 0.0420018200560054 -0.040620512448753
-0.00497424632290669 0.0737325147540067 0.0120490334664593 -0.0385550813278568
-0.00794952722320691 0.0763108872811147 -0.00264671083909644 -0.0306294219564503
-0.0307465295832964 0.0576462248594823 -0.0100257386125662 -0.0267376749683718
-0.062473895686181 0.0433586955889924 -0.00947551032238542 -0.0414694754262056
-0.0928952862193325 -0.0124118257933526 0.00185906009269344 -0.0518621880770287
-0.0780742742458411 -0.0796334066098431 0.0280193186432447 -0.0410691135621834
0.00121556033516038 -0.114987266020851 0.027729077782915 -0.0428255715583204
0.0780035680358897 -0.116940248299065 0.00464327488212226 -0.0469877958143823
0.0995432149327324 -0.0954257030134989 -0.00354585957439014 0.042030344872344
0.0592585160813366 -0.120748441982168 -0.0789109162068431 0.0255741700310127
-0.0307494416999394 -0.136143670493164 -0.0786529631589372 0.0997729202377159
-0.0942775789975257 -0.0778573852116208 -0.000814045787177122 0.122563199837775
-0.102145668757258 0.0147234777801343 0.0726203514002329 0.0697956862551412
-0.0596443156831023 0.0557916953645667 0.0616574347663385 0.00936446394247361
-0.0294438559011892 0.0742729041257833 0.0332924851443035 -0.0112216258438642
-0.00993509967539978 0.0828219038961072 0.00937094438204565 -0.00916815117600968
-0.00976391545322318 0.0858742117945216 -0.00749446390951446 -0.00264574259926752
-0.0333223314549106 0.0649353879790576 -0.020763954843378 -0.00214459078032248
-0.066207608410332 0.048844091164059 -0.0253696704713158 -0.0241365035709744
-0.0969844711626486 -0.0137897478746665 -0.0143861391925504 -0.0429820095718478
-0.0776061472200106 -0.0841792517378062 0.0164117096091686 -0.0377505155142925
0.00751248346928621 -0.114864347691806 0.0215489401514072 -0.0270859944236596
0.0847780691547108 -0.108279947331638 -0.0207222664786921 -0.0148879429025068
0.0960855164526905 -0.0698854205496958 -0.0394920391437121 0.0667348811718281
0.0754844268459146 -0.100662136097436 -0.0955826955195391 0.0365101819101875
-0.00460156838945171 -0.133671596603755 -0.0962653065615031 0.0862741594961512
-0.0776713263289892 -0.0916328677469847 -0.0319868637378914 0.113821664092832
-0.101879638252723 0.000725928337539807 0.0389468192600029 0.079910640297204
-0.0634064313462333 0.049596209044045 0.0370009189436585 0.032803534716707
-0.0334450771883166 0.0698696682585758 0.0205933910936797 0.0187838029491136
-0.013662575902019 0.0793268142470308 0.00539005965686276 0.0207301465258657
-0.0115117342504577 0.0829449244916363 -0.0125715578659853 0.0252942787251924
-0.0332476965498703 0.0631703058653577 -0.0310384755129253 0.0213790283635499
-0.0639288385400394 0.0454354774189324 -0.0394230777134294 -0.00815053534842277
-0.0892646313485274 -0.0176274810257035 -0.0275905187337637 -0.0341616996972313
-0.0640458324090618 -0.0836257671169348 0.00633238880156447 -0.0343702381758079
0.0190540665128912 -0.10158782128591 0.0172550926263849 -0.0119457914339852
0.0836286511562944 -0.0825234086911312 -0.0439572303538223 0.0139829400311207
0.0719085735805271 -0.0341505701252521 -0.0674345023798832 0.0846122067035365
0.0713345642478616 -0.062648373747065 -0.101585679294019 0.0457459359517593
0.015990250966601 -0.103370655806533 -0.0991178217184892 0.0662855873611698
-0.0495473898481475 -0.0827592014563894 -0.0520432946318451 0.093914136513015
-0.0814041812607291 -0.00942510190528757 0.00634801555625401 0.0791504896875506
-0.0545255606316863 0.0366205716036936 0.0118711386389243 0.0503645272077614
-0.0300157422836369 0.0547553913986299 0.00777587483341052 0.0444591296626447
-0.014488614534299 0.0641094281946553 0.0016872049941202 0.0461754305953525
-0.0121032557386837 0.0682549351774977 -0.0174174769915817 0.0503398176481688
-0.0310351739192253 0.0535547581272623 -0.0407898629652032 0.0410753923970968
-0.0563849860428667 0.0356925745333682 -0.0550283222912942 0.0044389050059334
-0.0724628621534536 -0.0235345952605229 -0.0394021634415019 -0.0289117827698695
-0.0418720246585874 -0.0767180325657963 -0.00210771543194024 -0.0341047337569099
0.0315381606284302 -0.0780235843840731 0.0125445612429622 -0.000871600563877188
0.0745818393265939 -0.0455453963163796 -0.0645436228680215 0.0351817617355897
0.0344184922080755 0.00765162015074056 -0.0772804714343739 0.0930259137415787
0.0512397676736167 -0.0164658232688246 -0.0930204325792378 0.0530693523286217
0.0252074268507489 -0.0562944839338433 -0.0891029751585555 0.0491307084096233
-0.0184057424733952 -0.056116749887774 -0.0593476025999122 0.0727313720757643
-0.0480650451300934 -0.013820004098677 -0.0169154634402953 0.073310987954213
-0.0360639968849558 0.019729958047946 -0.00614969957006326 0.0608532516483567
-0.0211033689320275 0.0321725786158663 -0.00224466213202715 0.0618829722262175
-0.0123738202506668 0.0398536111140369 -0.00207440056294936 0.0645797591764885
-0.011922713752595 0.0451640573728376 -0.0229679270527433 0.0688532881135041
-0.0258563299922658 0.03717335235653 -0.0507199917640316 0.0542290606132701
-0.0439307494840036 0.0216976097586327 -0.0691516846958179 0.0111449517444304
-0.0488982099502647 -0.0259976788388297 -0.0494165588502402 -0.0293422022672202
-0.0172844100273496 -0.0609611848083678 -0.00891903474104631 -0.0379649779589636
0.0398638330731228 -0.045909148931603 0.00735553668698165 0.00391873155150299
0.0557371074135171 -0.0028182002914038 -0.0824943594333267 0.045318854177408
-0.0300969244979693 -0.0239606044594994 0.0695504201958349 -0.0769658087696636
-0.0278719944773367 0.0198551028246757 -0.00550422523158545 -0.0190366756643513
-0.000926895259549168 0.0344157997190691 0.0210793140653484 0.0434189666561307
0.0249884275590091 0.0128271159859428 0.0691021731089757 0.0236684283146622
0.0193735624254113 -0.0118564099884757 0.0819468320656901 -0.0313576961998036
0.0063031842560104 -0.0122484786957778 0.0525892176268209 -0.0773106784384678
0.00750229536932028 -0.0109074940396933 0.00558691042466573 -0.0880096920418048
0.00915223520828341 -0.010449302167561 -0.0210380078792517 -0.0751654941418795
0.00968884700111547 -0.0065070799444279 -0.018227755326253 -0.0675259009134142
0.00921557853652038 0.000223959062123095 -0.00912135467222955 -0.0688992932644167
0.00915763412674044 0.0124123100901823 0.00246200765527886 -0.0741350314991287
-0.00461474099368608 0.0259917361358964 0.0281434879604161 -0.0723525152971088
-0.0344933418260313 0.0163196533282001 0.0551168791631045 -0.0599496921832634
-0.0381332316220365 -0.0193818260300923 0.0464275281011534 -0.0744699591247409
-0.0194495230793197 -0.0472801455566107 0.0327140267272291 -0.114704708413754
-0.00908410876807133 -0.0717326600521861 0.0683859007894313 -0.0590046183138653
-0.0332970589302585 -0.0284893049578962 -0.0125916917035562 -0.00652970861112807
-0.0357640674494831 0.0018053162553678 0.0210336050161956 0.0653655815957252
-0.0159992965714176 0.0130947219709476 0.0806127980033314 0.0421374191373807
-0.0036778214058328 0.0132439307780295 0.0978775476990692 -0.0273373164980145
0.000601795803785537 0.0147173518750627 0.0608678916292909 -0.0779559769278984
0.00989321450600828 0.0189093356872512 0.0121909581809819 -0.0885491638544687
0.0150588424173192 0.0202325086772848 -0.0179307666340849 -0.0744437598728267
0.0115838771106715 0.0251933014880252 -0.0177655279907043 -0.0647839012562576
-0.00319255514738238 0.0249415284448716 -0.0108270808764364 -0.0628058466451392
-0.0183890086469078 0.0284375869435721 -0.00187634022572811 -0.0682656816475651
-0.0418790196852856 0.0148121005795622 0.0177161044348449 -0.0670324847754337
-0.0583966367916168 -0.0189465228232451 0.042581762356211 -0.0555939875019155
-0.0327697297534378 -0.0621294536905838 0.0308089379031183 -0.0715492766235797
0.00622384891337767 -0.0914641694419146 0.019397213479137 -0.103514791227977
0.0170682941327507 -0.10932147007053 0.0581879466813395 -0.030832314496678
-0.0273613797970656 -0.0790691718763665 -0.0268592553642874 0.0124355523371366
-0.0662322300513504 -0.0403218009360989 0.010522232906156 0.0911374136249662
-0.0613870092072052 0.00418633934411758 0.0831159965200767 0.0684622713894409
-0.0345579055761243 0.0363407834991467 0.10926322165299 -0.0129803335935154
-0.0102770385201646 0.0413724376933941 0.067298155455354 -0.0673061680241196
0.00820750931763735 0.0476800693982048 0.0189825666852539 -0.0777945758859628
0.0186704207354688 0.0486680484380624 -0.0118537571628418 -0.0621505559217943
0.014841974518356 0.0535028164521274 -0.0168215426102732 -0.0504652051427878
-0.00956430490389976 0.0474252288199989 -0.0159046132210411 -0.0465129174680123
-0.0362649117890447 0.0464140730701248 -0.0126153882703847 -0.0565816310504507
-0.072675746820618 0.014237074358777 0.00186638045136986 -0.0608256369560572
-0.0827487233626704 -0.0399271690501371 0.0282468757911702 -0.0524744122812124
-0.0347043003392346 -0.0926016915850224 0.0179661312160023 -0.0620686380635878
0.0248789297875696 -0.122513193895233 0.00186610060631679 -0.0781543955517412
0.04249645635276 -0.129621444286333 0.0380477634679366 0.00706354020942759
-0.0112371212503391 -0.118550494551642 -0.0444400707576161 0.0354207648243617
-0.0827661978127769 -0.0840163779778247 -0.00918896825945182 0.112849647436131
-0.0990548525091972 -0.0145351542268919 0.0708969041426165 0.0959092541006555
-0.0663570437504012 0.0500066675998604 0.108802530138882 0.0108644481362468
-0.0238066035227337 0.0622512133196633 0.0679634053828334 -0.0450776002358411
0.00355051719322451 0.0695160648143072 0.0246059987678862 -0.0555808160148707
0.0200607052711018 0.0691736975714494 -0.00447262414847907 -0.0404613605456829
0.0186200429716783 0.0734437166318812 -0.0142301223566616 -0.0284055418163322
-0.0103165584520542 0.063633893294003 -0.0195004339349272 -0.0236942785752305
-0.0435287644460547 0.0611558122834404 -0.0237784344757225 -0.0387753060970028
-0.090730651554678 0.0192273361842963 -0.0134930705664447 -0.0505456215267129
-0.09909782092621 -0.0486423561417711 0.0152503643858736 -0.0469955373268745
-0.0371662243034167 -0.108254498506432 0.0113196063193865 -0.0478945761017648
0.0368432798419042 -0.136292272624805 -0.0146239348812255 -0.0442467055030943
0.0621395050687807 -0.126666897336642 0.0110532800964424 0.0461356273393725
0.0134301962882315 -0.134942380303987 -0.0640904832977456 0.0563497093920508
-0.0761328284042158 -0.11620044907702 -0.0346361992943635 0.122509725552909
-0.11609969359637 -0.0379502573728518 0.0450941383869625 0.113937549312359
-0.0895748637074255 0.0488044382228643 0.0931922555115278 0.0375666399730354
-0.0362550739605299 0.0721955624850028 0.0606868124509763 -0.0155101861082684
-0.00242531796481283 0.0802606941635112 0.0270804484823806 -0.0250384258546798
0.0184460509790298 0.0796595175989521 0.00328067462451368 -0.0128296277701461
0.0201310541894321 0.0827977408590368 -0.00953734577112172 -0.000930509989396172
-0.00964596519973149 0.0713181594236722 -0.0213603073792127 0.00277125639106055
-0.0449550054417214 0.0672831043249986 -0.0329517947668923 -0.017471521342302
-0.0952092880154775 0.0193303194453265 -0.0257277133136093 -0.0370978232840162
-0.100132854038741 -0.053001791596652 0.00487350710388339 -0.0404848556691226
-0.0314423568468606 -0.110138114712836 0.0106160562487934 -0.0314544340997109
0.0465613376816987 -0.130074971342355 -0.0282350047705166 -0.00716050497630214
0.0676652240434013 -0.100414968778219 -0.0162277229818912 0.0805046971435081
0.0361816585789421 -0.121220246292867 -0.0778948186424051 0.0713872677734147
-0.0509856488976573 -0.123315713375254 -0.0569602040465641 0.116351765543241
-0.106286662774428 -0.05670767735553 0.0135059670608685 0.117530213031572
-0.0943171254343579 0.0363103215185742 0.0653435577009597 0.0588267562776517
-0.0419529477798385 0.0680802910522675 0.0455697037477384 0.0152917647682189
-0.00725479791676611 0.0784318253152584 0.0264641647028447 0.00698296923655758
0.0142927015795101 0.0777473243717534 0.0102546686547977 0.01526339309655
0.0175344062003286 0.0809478121596919 -0.00448663899360995 0.026790425683402
-0.00990051363985794 0.0703148198701107 -0.0229266913294081 0.0280169836965119
-0.0437824003088288 0.0636265308709126 -0.0408375813983424 0.00270536549253466
-0.0897562678591773 0.0127617880752197 -0.0352720115114503 -0.0244954622617234
-0.0873987737927086 -0.0568560331493862 -0.003891873215786 -0.034093725736937
-0.0161617651584778 -0.101674598569233 0.01071352426652 -0.0167574613587982
0.0532350874697154 -0.105824837095621 -0.0402424307514599 0.0264761742536105
0.0575430936283253 -0.057189322529136 -0.0369827105626659 0.10474802608628
0.0463212288801458 -0.0835983011797113 -0.0821596379883725 0.0804907489945779
-0.0207407451104124 -0.101936198178564 -0.0682605884507603 0.0991117413020601
-0.0770240689179036 -0.059177276029797 -0.0136054332310533 0.106862951490114
-0.0792121244147692 0.0195637084058617 0.0340173812567107 0.0696044511424049
-0.0381315067046062 0.0534494616021759 0.0284454860645545 0.0408257112296107
-0.00944966089259975 0.0627591496403177 0.0235148877994991 0.0363304589826532
0.00837298479376462 0.0643397143995773 0.0162447569066778 0.0407376140178221
0.0121015413591634 0.0681244801741848 -0.000418177485630685 0.0516169884038179
-0.0109782539515979 0.0606286064781635 -0.025757824538744 0.0499674413894607
-0.0405737801372354 0.0522421059807806 -0.0499863098620672 0.0202750450341101
-0.0762164730450412 0.00177508030494282 -0.0454832877569042 -0.0153914422888417
-0.0647349747032691 -0.0578644596723432 -0.0124399910878169 -0.0314784215329935
0.00337937802520415 -0.0836677148312007 0.0098533878431023 -0.00543267780532004
0.0568783840993257 -0.0677247626959075 -0.0521824302266445 0.0523057209611942
0.0362553003705435 -0.00350239854116045 -0.0441525030141918 0.113494207379249
0.0436286069326572 -0.0333757838596054 -0.0733292035141995 0.0823295645239381
0.00424971436155484 -0.0614044676278624 -0.0675046110247861 0.0783299099765777
-0.0384199150019895 -0.0455573028427616 -0.0296703904877715 0.0899831503854273
-0.049950258110001 0.00440643197440534 0.00980988479029824 0.073541357429844
-0.0265790242427144 0.0314941152287106 0.0157430527574414 0.0580504232566376
-0.00872385624973824 0.038663720545703 0.0207274680086875 0.0569131212424793
0.00196062698718278 0.0413597803018963 0.0197826719847139 0.0593466295676476
0.00442964634678115 0.0462854290661749 0.000796176453725795 0.0709065897191189
-0.0111955617851908 0.043966486615143 -0.0305275268149885 0.0661849757827351
-0.0338396637275961 0.0350269784803265 -0.0611471242989712 0.0318680574649255
-0.0550911596347818 -0.00814235316683136 -0.0552104376650403 -0.0120635820907588
-0.0362102439345001 -0.0509075679178183 -0.0204835671638972 -0.0328774641525454
0.0217440324632016 -0.0562831813963268 0.00720896005286034 0.000888538331240026
0.0527208212369064 -0.0210221138982368 -0.0646315935344524 0.066953688243245
-0.0308766047806748 -0.0233377311586183 0.0692293067633363 -0.0782079419417244
-0.0276780191514252 0.0208155586069792 -0.00679189784387036 -0.018453259648076
0.000485222591920412 0.0346653222752757 0.0215873718399517 0.0447100291857414
0.0253208323586525 0.0119757722646731 0.07053292141056 0.0239666960148697
0.0186118587090893 -0.0126867057753914 0.0827441071912163 -0.0327787349728989
0.00594680632353834 -0.0126914646574859 0.0514039059513191 -0.0788497344952165
0.00710925405728198 -0.0111989815485842 0.00418871941211914 -0.0873864572939164
0.0090751195993655 -0.0113823700787721 -0.0230241989236362 -0.0738125628070798
0.00944353349159043 -0.0071138631130789 -0.0207060932805145 -0.0672750400102833
0.00919825507760591 0.000246511652027922 -0.0114391473220214 -0.0695514143709603
0.00948264383521324 0.0124719073694842 0.000282381044465484 -0.0755299322979288
-0.00388211513512007 0.0257511537522679 0.027605402247513 -0.0738308654199915
-0.0343860363824001 0.0175289226168671 0.0565370561681359 -0.0618040023997198
-0.0387657192066469 -0.0186474433371162 0.046711334114783 -0.0745607942524628
-0.0208398161431371 -0.0472130718211757 0.031402468099862 -0.114888978266481
-0.0107705469904154 -0.0722280210142333 0.0678789639165755 -0.0600941465894587
-0.034012814460996 -0.0281711798291392 -0.0132538873594883 -0.00534064452268976
-0.0356095024778983 0.00292655536759847 0.0214970085639145 0.0665026252266011
-0.0159108958775672 0.013079331126305 0.0818971495780006 0.0421233112810361
-0.00382647689022389 0.0133707894660821 0.0988352044015141 -0.0291009499726494
0.000660186766650529 0.0145699010610583 0.0601327082439396 -0.0798862746280711
0.00998776347095183 0.0186725712716553 0.0103688842874149 -0.0887788710409113
0.0153010196541765 0.0194697298558531 -0.0200778614587282 -0.073331540974906
0.0123734742903867 0.0249414065163651 -0.0200569259156346 -0.0647581211586191
-0.00327372420710069 0.0252271279129652 -0.0133486524112976 -0.0634107457455005
-0.0174124928260507 0.0282538697202654 -0.00402474396400725 -0.069703176410095
-0.0419807034192006 0.0150214936009152 0.0170732567260525 -0.0683248664075303
-0.0591403605976788 -0.0174572029966823 0.0437794726827031 -0.0571831513397618
-0.0342661494631991 -0.0618125042731843 0.0307339693499021 -0.071229709836866
0.00403533728098512 -0.0919424773938391 0.0183302487290059 -0.103520462869462
0.0148650512652624 -0.110263014248196 0.0577331485407619 -0.0312261371795612
-0.0288872504177948 -0.078784554866559 -0.0275815503019041 0.0136956356153028
-0.0670334629542215 -0.0386560343055605 0.0113196225203351 0.0928559797444555
-0.0613630498601788 0.00487813399235242 0.0844130862470798 0.06853275730955
-0.0342621589391876 0.0369425080549018 0.11016065234312 -0.0150360745434041
-0.00964778141385142 0.0417329868913398 0.0665536720864194 -0.0689653800045375
0.00875245309278973 0.0473961834844558 0.0174106524265906 -0.0782026223918997
0.0203620886458564 0.0477456509216127 -0.0142134113916766 -0.0612532535872657
0.0167087682717607 0.0528748256312182 -0.0188849904407147 -0.0503582919295647
-0.00918037538437271 0.0481134752926058 -0.017772857662531 -0.0471275498737937
-0.0351158177808185 0.0468235504018769 -0.0151557858795686 -0.0576872155125902
-0.072962597131484 0.0158750695124652 0.00143361564270024 -0.0623367190063376
-0.0842454956310713 -0.0378740295945727 0.0294020173033151 -0.0544879857956163
-0.0362739991212233 -0.0925225136011527 0.018296310623415 -0.061701757117587
0.022470313158402 -0.123678334844796 0.000787962173261772 -0.0778003629756948
0.0404278149034724 -0.130968788612463 0.0380546282737983 0.00640328386073324
-0.0126849408160236 -0.118997962375233 -0.0453280465590051 0.0365815902870182
-0.0841595558694947 -0.0820957156917295 -0.00823162802582067 0.114662726119668
-0.100215931181367 -0.0132117323112706 0.072947194726115 0.09684832418915
-0.0657776011764754 0.0510838569120156 0.110527152810723 0.00896235750859738
-0.0230211057047268 0.0628676013738356 0.0682010976638464 -0.0468879042776852
0.0047692381410937 0.069225801555493 0.0232277558195263 -0.0561142765345341
0.0223514494396411 0.0684868403768063 -0.00616159118140074 -0.0404852151761227
0.0211607411112724 0.0725727249310463 -0.0160862407036159 -0.0282005685553157
-0.00965053323072135 0.0642012961846414 -0.021441433056064 -0.0237447805478186
-0.0421350324169151 0.061960006932898 -0.0260170847959225 -0.0395472999904785
-0.090805029807032 0.0209212154419877 -0.0143925115325033 -0.0515477364037405
-0.100717243892658 -0.046305262463601 0.0157047580582641 -0.0493965259692235
-0.0393104879314888 -0.108050093684138 0.0111212950519768 -0.0477562279278971
0.0340855608361458 -0.138151403586576 -0.0153230784529258 -0.0436691189218269
0.0597168621174114 -0.128464319682592 0.0112147572041138 0.0465380915594333
0.0117362874976198 -0.135576064068672 -0.0646159438476892 0.0573373298012318
-0.0787182089294027 -0.114352037007543 -0.0337518826638693 0.124864548080978
-0.117860505151812 -0.0367560273908999 0.0474676735856167 0.116085472905404
-0.0889850403638587 0.0509857282428838 0.0950536533669142 0.0360764557435773
-0.0347711512626871 0.0728159317189876 0.060673942862878 -0.0164601410199913
-0.000898741913217497 0.0808646925765151 0.0267366049015343 -0.0258360475994561
0.0207557198756245 0.0792452650814475 0.00257768218019467 -0.0133096880737663
0.0228029428534561 0.082161156754508 -0.0104075960598898 -0.000633613900578573
-0.00856290137428672 0.0721151425577382 -0.0225876436681027 0.00260653888967374
-0.043783184711557 0.0680278047618396 -0.0347281661052594 -0.0177248379950237
-0.0959626834777213 0.0214311519910706 -0.0263208112920169 -0.0379297308211116
-0.10177273209993 -0.0512352610359718 0.00498170219689455 -0.0425660170463185
-0.0332705625248719 -0.110108629983506 0.0100038330718969 -0.0319767321823397
0.0441694536278675 -0.131835005896179 -0.0283084679351494 -0.00593928438813663
0.0657242594268427 -0.102048516249688 -0.0150449204912243 0.0813711335314267
0.0351237357110096 -0.122455060097708 -0.0784755788128957 0.0727457715840911
-0.0529059182937052 -0.122307126340123 -0.0566232476866561 0.118701688628866
-0.108485229517509 -0.0559731078231911 0.0146338038180571 0.120091730422827
-0.0941900449453797 0.0384252757237512 0.0672125139658688 0.0580202898467196
-0.0407235503631179 0.0694923592559526 0.0468191029135804 0.0143834602802835
-0.00586804064749403 0.0785901714558504 0.0268529427161326 0.00602343340444867
0.0169472992396798 0.0776207842144118 0.0102219001238014 0.014552371419412
0.0202194166232056 0.0804834153458626 -0.00411142515904212 0.026538297031591
-0.00870557289816373 0.0705484119629404 -0.0231241960840744 0.0277635054454077
-0.0422000857718085 0.0644047075091216 -0.0426121080607614 0.00272363714916546
-0.0903145953547714 0.0141851086453142 -0.036400255457913 -0.0251762628835039
-0.0890838387361499 -0.0549878984291187 -0.00407593433466648 -0.0363839116277195
-0.0178165815721036 -0.101851781725046 0.0102615054789324 -0.0175218171485855
0.0517529156263129 -0.107708695412222 -0.0400169468038516 0.0278904128304168
0.0565079489015163 -0.0581026481874226 -0.0362131561001815 0.105042461121963
0.0462919664049578 -0.0854779477001664 -0.0828336505414318 0.0810195408514476
-0.0224492426980106 -0.101721168739044 -0.0682602118583352 0.100989469906701
-0.0786332361937179 -0.0584410884188028 -0.0125297212874761 0.109226660423762
-0.0789400532141571 0.0218340774500097 0.0361047647267718 0.0698247457127674
-0.0366627758303549 0.0550042222514983 0.0301202655504837 0.0402174401774076
-0.00796265185997177 0.0634398296051771 0.0246011396068735 0.0354291506120055
0.0104077504497589 0.0642500767485183 0.017084504598732 0.0397174189083194
0.0142585368881667 0.0672758927027325 0.000408529709029067 0.0510755437716063
-0.00948000764411595 0.0611862362866739 -0.0249938405855569 0.0504307944685322
-0.0394289052076204 0.0530176579647243 -0.0511223600301339 0.0207425270030987
-0.0773129020124559 0.00333516222258442 -0.0461019355844577 -0.0158039142316186
-0.0662025213205226 -0.0561217645074176 -0.0126917858183189 -0.0331179977545878
0.00211722436330088 -0.0843035419733798 0.00980314988692528 -0.00610619259979957
0.0559439604197744 -0.0694131517064341 -0.0513267418114033 0.0538727995696752
0.0362719624329299 -0.00369492736318164 -0.0432433405476695 0.113982750632998
0.0439620453905608 -0.0341151672177215 -0.0739795642904306 0.0823713039588373
0.00310216176867012 -0.0614297360953329 -0.0676993213501217 0.080090504834967
-0.0400303344659468 -0.045441390293207 -0.0288656077397971 0.0927864490908474
-0.0501188322910152 0.00638929097752928 0.0117299993257301 0.0744340260545694
-0.0256585161405694 0.0325256970215408 0.01742370163379 0.0580965244050328
-0.00752259295046483 0.0390364297981552 0.0225998737482832 0.0559677407061516
0.00358464785932961 0.0416432495735653 0.0212231450746815 0.0577750510794791
0.00625427672579924 0.0461930191275829 0.00232722742908448 0.070504586113734
-0.0101483430228709 0.0447134975986401 -0.0294078857300307 0.0667778762172539
-0.033065462177494 0.0363334661269093 -0.0616798850008514 0.0329107894846482
-0.0562403098600491 -0.00716745474167415 -0.0562848534832566 -0.0125678199625962
-0.0376491614956911 -0.0503713876600231 -0.0212471569810643 -0.034165715822952
0.02098202110014 -0.0571473019594098 0.00696297937096249 -0.000142165604819166
0.0529532237100126 -0.0222430552998811 -0.063821663483279 0.0687360131824924
-0.0321660812619622 -0.0232247140815712 0.0689820851821893 -0.0808120344007682
-0.0281409200057867 0.0219028594077267 -0.00797501351580519 -0.0175956344119575
0.00154389897367094 0.0356850486185544 0.0226732893957269 0.0466018249465676
0.0266522961004541 0.0116307374534116 0.0729516504436501 0.0239135134360836
0.0179811607236645 -0.0137848881960271 0.0848668273493983 -0.0347936422700343
0.00544226664277195 -0.0130166436503783 0.0513110254712367 -0.0819410992750062
0.00683741679344814 -0.0120578022611685 0.00233621165681309 -0.0888695876318961
0.00835451603934535 -0.0120311600533998 -0.0248160682160251 -0.0732475856802135
0.00965703288387161 -0.00764592713250573 -0.0229821112632747 -0.0681089801775285
0.00951409872325846 -0.000331409866827052 -0.0141682414828867 -0.0710366673333219
0.00979508682020442 0.012188038621332 -0.00170658111626492 -0.0774354874082848
-0.00290741529462443 0.026469635829382 0.0272973123826734 -0.0768362337557878
-0.0343581356760358 0.0194106158902574 0.0586780612699978 -0.0647702228445557
-0.0398726654052835 -0.0185008499820113 0.0482386510361775 -0.0754129013444372
-0.0227312335446593 -0.0478135625759069 0.0304337719200969 -0.11688375139694
-0.0129136999814707 -0.0738158829147949 0.0682937989608248 -0.0620040448581427
-0.0353593766460546 -0.0280113631420404 -0.0143340863664755 -0.00421513976356445
-0.0357108060666307 0.00376771255216747 0.0224373014219587 0.0691537864137311
-0.0154610425122727 0.0133811012393666 0.0850912184629466 0.0426993770096981
-0.00425490443260995 0.0135130870185491 0.101685147044664 -0.0319919411820021
0.000301938180069519 0.0145962680440351 0.0599089359521746 -0.0831768073947383
0.0103123931160074 0.0189618483584192 0.00859932869700196 -0.0900275774060811
0.0158060697858334 0.018841271026881 -0.0222357620224188 -0.0728198316200097
0.0130683249194417 0.0247575027481589 -0.022872069427323 -0.0656579690645244
-0.002935387773785 0.0255615584485685 -0.0161474220127313 -0.0644669843672002
-0.0171614896319712 0.0288888790899518 -0.00674873235627654 -0.0713485699311579
-0.0421822030724912 0.0161976098765343 0.0166592106406236 -0.0717783172207171
-0.0602157537756636 -0.0159306066953685 0.0453610133975995 -0.0604212320432589
-0.0362505325457935 -0.0621911600658207 0.0317457168040418 -0.0718040675230104
0.00225649547111771 -0.0942178321368624 0.0172825280231082 -0.105111342406845
0.0124535384147093 -0.113049159159066 0.058418378209324 -0.0324146515356376
-0.0309004988265668 -0.0792198599409129 -0.0281987026811077 0.0151074217656675
-0.0687186061200441 -0.0376887691433113 0.0128467159083663 0.0964353760672266
-0.0629889790486496 0.00594146587561935 0.0881625212364431 0.0702023780666885
-0.0341873263295331 0.0380948677884294 0.113213763288411 -0.0176164303784943
-0.00953639818585073 0.0425038388255943 0.0670153107688342 -0.0723559437137474
0.00978428782888776 0.0481260676908883 0.0158182069923884 -0.079674816340464
0.0221563357326564 0.0474778859260263 -0.0164704625446823 -0.0613862188795555
0.0185765265409715 0.0528651633600599 -0.0215786031081675 -0.0511760634674074
-0.00867597285050466 0.049060896840174 -0.0201584785449544 -0.0481159204226914
-0.0348605146525839 0.0483853481581778 -0.0181089898606618 -0.0593969366451845
-0.073919440738498 0.0170733475985718 0.000235164313295822 -0.0648828599685621
-0.086063828035257 -0.0362959102945938 0.0303447452952203 -0.0576553566765536
-0.0386971485937983 -0.0937779271750509 0.0184580700701699 -0.0625310202441794
0.0199932842068511 -0.127022291375635 -0.000564237117107588 -0.0786408763341082
0.0380643274757131 -0.134329664264905 0.0383266723142046 0.00649202439620995
-0.0147635158953489 -0.120859460820331 -0.0469510822364303 0.0383827114530421
-0.0875460118998078 -0.0810840987045309 -0.0069781346138754 0.1195049460317
-0.102441474200575 -0.0113758489026504 0.0764838685099582 0.098991514620624
-0.0657529031143333 0.0533050726024445 0.113486610890994 0.00679153564695239
-0.0223913485557384 0.0644568127416155 0.0688940936990959 -0.049227123476162
0.00593182273527013 0.0708950374204735 0.0224309512500158 -0.0573659868847611
0.0248418656605055 0.0687137945244045 -0.00794527465891502 -0.040808287750693
0.0235376116505972 0.0728846538957127 -0.0176984085039155 -0.0284315582502771
-0.00909563345704017 0.065844197063752 -0.0231285800874002 -0.0240918275968073
-0.0417930026764844 0.0634804608660713 -0.0291945728359137 -0.0401679075141552
-0.092264424800178 0.0228052501759557 -0.015860220694533 -0.053733096865627
-0.103465234456289 -0.0444424209051476 0.0164163709103167 -0.0526640058575322
-0.0421258860366325 -0.109692736540446 0.0119391495675403 -0.0487867131450174
0.0317851491469891 -0.142113272658969 -0.0164980188978255 -0.0433618601620049
0.0577739497194908 -0.131719900749193 0.012058370608952 0.0471984559325376
0.0104695425686855 -0.138838205526459 -0.0665954246903891 0.0598194576973087
-0.082113074772411 -0.114365215653986 -0.0335956921433251 0.12925280344495
-0.121089828326528 -0.0360134846580746 0.0499564495595123 0.119831431813263
-0.0894307500589198 0.0539472450961303 0.0983206450271703 0.0348265232601101
-0.034161877803949 0.0750753398924484 0.0623129647579244 -0.0180427730419005
0.000580560741356357 0.081947259133597 0.0262430378575197 -0.0272192798920774
0.0238682079737351 0.0796858825453563 0.00132852208108979 -0.013686642517628
0.0255114446412475 0.0820049639184811 -0.0112348633046959 -0.000510817779985831
-0.00748893470251525 0.0734367625220007 -0.0239388837274738 0.00298435016195719
-0.043136193418955 0.0703822371811541 -0.0377690228636398 -0.0179750996847348
-0.0972671664704578 0.0232921129438403 -0.0284901065954818 -0.0397084483965031
-0.104857357390046 -0.0490898627413928 0.00511414532029954 -0.0460258368355122
-0.0358183674403177 -0.111859144658476 0.0103090191523127 -0.0328791080505195
0.0416835536204477 -0.135948995616188 -0.028935632696062 -0.00507421514392306
0.0648224657652441 -0.105038051705888 -0.015407224412801 0.0829191622417455
0.0348049029412098 -0.125632674960623 -0.0808156432475629 0.0751268157229197
-0.0564648558372168 -0.123501828085478 -0.057344857973896 0.123482557774717
-0.112402409194414 -0.055605806663848 0.016677945928712 0.124169609377632
-0.0950849750189315 0.0413455897829542 0.070759092507043 0.0581218881181254
-0.039748023994708 0.0720710684026713 0.0490107778473057 0.0138068678191076
-0.00457619966690249 0.0803633649472956 0.0275395612695297 0.00553571685543893
0.0199662213547691 0.0785419012869777 0.00969651461192077 0.0143686110705801
0.0233550154427472 0.0805540928634687 -0.00465475720168799 0.0263431842682467
-0.00747250642222665 0.072306066630947 -0.0238143442844983 0.0285469268677014
-0.0416543563303906 0.066669419093793 -0.0448490529130506 0.00348946819079456
-0.092165144545253 0.0165768588912525 -0.0383644937522999 -0.0263046985081394
-0.0921219591271699 -0.0540398600952161 -0.00478697049660709 -0.0389216590080116
-0.0201492129880202 -0.1035517501152 0.0108183198602928 -0.0186437335767886
0.050491042527244 -0.111380862874027 -0.0401134084417742 0.029496888303958
0.0567719084731054 -0.0599670902139432 -0.0360260915394017 0.107452790987293
0.0464051873682368 -0.0881136799561298 -0.0850016637534218 0.0837841654757058
-0.0247885766903182 -0.103115019148314 -0.0696482262558264 0.105048832423933
-0.0821345615529362 -0.0587182685758947 -0.0114679702614265 0.113707538961738
-0.080550410006425 0.0243542218837321 0.0395751482195248 0.0710283192229332
-0.0360342142258501 0.056712968939318 0.0321318007482378 0.0409816498138902
-0.00642290390778011 0.0649127988007042 0.0259792966696173 0.0350493224689077
0.0128282545331326 0.0654993587077116 0.0179587367995171 0.039442393076127
0.0169126885101324 0.0681037664297702 0.00127289990326633 0.0517203847959073
-0.00845338197709808 0.0626836869543245 -0.024792931050352 0.051712077725519
-0.0389865997510081 0.0552813244791946 -0.0530206093858809 0.0216266377234225
-0.07922076860502 0.00511690598977648 -0.0480973543171543 -0.0165572198309807
-0.0689755620080468 -0.0556100687722574 -0.0135622319464894 -0.0349856393749526
0.000701325817913005 -0.0857222005871014 0.00960074778134694 -0.00697422847503388
0.0556465698011157 -0.0724363353871857 -0.0514745140048541 0.0563029622261848
0.0366326697331287 -0.00375287086119964 -0.042914480004894 0.116882178998067
0.045318288489913 -0.0359173230283916 -0.076208413156435 0.0845305291477829
0.00200812361136272 -0.0625390620270369 -0.0692671389711354 0.0836358774958564
-0.0421416956438201 -0.0456626039401473 -0.028092902919138 0.096554848919221
-0.051417443600546 0.0079426492268775 0.0146478206750696 0.0762086941487642
-0.0247311832143439 0.0339691568430258 0.0197585847757818 0.0590275284709056
-0.00666232586907196 0.0401040252044096 0.0246192278268317 0.05604860737903
0.00525995108276139 0.0424086648221014 0.0228813911518298 0.0571987579388924
0.00838322411981839 0.0468456608086919 0.00397579782588905 0.0710476209888302
-0.00904437971762928 0.0457680918860798 -0.0285182423672292 0.0685726412607714
-0.0324150643733559 0.0381953745097923 -0.0634052589248896 0.0342509799685129
-0.05846106852802 -0.00611398794263749 -0.0583885739928741 -0.0127813851497845
-0.0394657083030228 -0.0501935299456637 -0.0224498600253691 -0.0364006049880468
0.0201131976536232 -0.0587267932157303 0.00712544679823663 -0.000760544619171596
0.0534808317045015 -0.0238683834243604 -0.0636358358324637 0.0715936859070883
-0.0340612215889651 -0.0228119282154647 0.0682392891207765 -0.0852106779433476
-0.0276253652331135 0.0238648072754488 -0.00941688444816798 -0.0165581082703175
0.00337152919914592 0.0361528032605521 0.0246433638233687 0.0486527868918251
0.0274740475105799 0.0103796278539284 0.0764237118157812 0.0230361433556277
0.016959428427523 -0.0148882866616849 0.0865610809510773 -0.0390166461909708
0.00438498311865476 -0.0137527380478309 0.0502490343598879 -0.0866490561269721
0.00623404666117818 -0.0128375354450071 -0.000993576048808095 -0.0908445631456669
0.00757013805663653 -0.0129451888848897 -0.0279459528796431 -0.0728481188763341
0.00896838792123502 -0.00841876170147917 -0.0276181442886394 -0.0684088711686607
0.00966192848133325 -0.0011394175973322 -0.0180772590445921 -0.0725605502873677
0.0108225801219906 0.0118714875692253 -0.00514261847417947 -0.0799542570480924
-0.00202773730897923 0.0267687893410512 0.0257764873525503 -0.0806273351120751
-0.0342958653185561 0.0214643612814152 0.0597714308862663 -0.0693307341955485
-0.0420659795375792 -0.0173004290889851 0.0484588273612899 -0.0780857332716169
-0.0251935049607537 -0.0481809087416185 0.0278096686031806 -0.12066965464729
-0.0165509061869898 -0.0748587923746794 0.0681898120551036 -0.065199947919764
-0.037413832978839 -0.0273212232480713 -0.0153855460289418 -0.00254706605108329
-0.036239409018648 0.0054176059918611 0.0256345128960386 0.0716836880124193
-0.0156015843983337 0.0139734092204679 0.0892855646946781 0.0420052607356859
-0.00419245934196413 0.0135387549316062 0.103643340425024 -0.0367546848268275
0.000538446029300514 0.014351933289828 0.0589614887327708 -0.0876899677484041
0.0113020987718663 0.0186583169896821 0.00538935438590119 -0.0925905746417552
0.0166883144551696 0.0185612501437987 -0.0259233232050634 -0.0724500212040402
0.0145124818513607 0.0243016909931496 -0.027044526056207 -0.0660010686525885
-0.00223497616999108 0.0262152358100899 -0.020236952006654 -0.0657901816898222
-0.0165364334633854 0.0301540558483144 -0.0105936011553193 -0.0742170917963894
-0.0425689453155551 0.0174647635018547 0.0147621504336581 -0.0749727569843253
-0.0616697553994115 -0.0135209925937755 0.0467003660457262 -0.0648880149768162
-0.0394972975196472 -0.0628160306046942 0.0318974079656008 -0.073453658915561
-0.00156693830129571 -0.0967795193684542 0.0148531839334042 -0.107673260610857
0.00859142060997677 -0.116125644208789 0.0586683725283374 -0.034864147600132
-0.0344066884208879 -0.080834227812112 -0.0297728838729992 0.0177127029803132
-0.0711126939763928 -0.0355739540115356 0.0160392127956021 0.100017063466947
-0.0640507021105866 0.00765897895408519 0.0930060032285206 0.0705748217875781
-0.0336412117416282 0.0400566327743306 0.116269235689904 -0.0231037266471129
-0.00847706708801673 0.0441027707118626 0.0664628527023518 -0.0769675868933302
0.0116161421048771 0.0488630876792663 0.0126446559939899 -0.0817732911867434
0.0244617560022269 0.0474057802260711 -0.0195316946690257 -0.0608023244405561
0.0209904223907862 0.0530078785318604 -0.0253426550602499 -0.0511650900139968
-0.00756279127453599 0.0506280077716843 -0.0242957996229878 -0.0486924051774068
-0.0339806838131448 0.0505143639649189 -0.0219103096768632 -0.0605635564898203
-0.0751836900149296 0.0203561281197254 -0.00228201017450906 -0.0676281239933455
-0.0897289171234098 -0.0339190132701057 0.0307021009128906 -0.0618883453148309
-0.0432201620488213 -0.0949572023401359 0.0183377122264777 -0.0638005846892586
0.0154051047273502 -0.131498976171738 -0.00270034188437563 -0.0799621352383985
0.0335957689698109 -0.138727980147081 0.0396999572103459 0.00622982499505408
-0.0190653633027479 -0.123882303925891 -0.0480365878798505 0.0418361201937512
-0.0918353113517243 -0.0794790413540759 -0.00413543351900479 0.123738367041278
-0.106066974636144 -0.00847684136095371 0.0823165882056247 0.101246451541756
-0.0652349791993488 0.0571462829731098 0.117343907869192 0.00221932624853837
-0.0205153872215379 0.0667594018492561 0.0694579791848532 -0.0532737505678217
0.00883162262245155 0.0724640403214534 0.0207069884817811 -0.0601103854032069
0.0284743490767561 0.0693073284117184 -0.0104095842275684 -0.0402012302390103
0.0272208492951553 0.0727242206693643 -0.0202862303550335 -0.0282979203866465
-0.00709918202106155 0.0673274657896254 -0.0261684379650181 -0.0242368094104523
-0.0401589608773646 0.06656685923173 -0.0328772294924597 -0.041192421246471
-0.0935867304307208 0.0270490187131638 -0.0185697950444952 -0.056239833418676
-0.107656472945235 -0.0414926430747672 0.0158962938363815 -0.0565310459030927
-0.0473029844114548 -0.110803553803108 0.0108267769164749 -0.0498908794957603
0.0266906236709631 -0.147387553471244 -0.0180084123028716 -0.0432808295388745
0.0541508837897401 -0.136671630498403 0.0129916171633245 0.0481038808471921
0.00659606100794625 -0.142543918261058 -0.067264277369811 0.0638562338935543
-0.0874363865299749 -0.113775550637849 -0.0310769249507447 0.134964750999743
-0.126520086984286 -0.0332108021261095 0.0555137019015576 0.123365964617633
-0.0893819003345847 0.0588373762469816 0.103398500752675 0.0317195945821907
-0.0323060496197404 0.078682204654819 0.0638162420594542 -0.0210651806833674
0.00368516210181018 0.0844470947481073 0.0259672279098549 -0.0291156226557457
0.0281095337381953 0.0803983504166223 -0.000267788075296104 -0.0140107519705604
0.0302455735631481 0.0826356057069269 -0.0124786748847734 -0.000592401267977744
-0.00528050986719743 0.0755715271982888 -0.025640503454549 0.00348151014850726
-0.0410863852100338 0.0729372744103923 -0.0410743143866714 -0.0177992097208432
-0.0991683718069934 0.0277010730081074 -0.0315478136119738 -0.0412338626722746
-0.109175061591118 -0.0459201250343158 0.00385867196002278 -0.0494050588093942
-0.0411473529010565 -0.113392294009284 0.0100979140784261 -0.0336069882481794
0.0371458429450825 -0.141519993385244 -0.0296886417050882 -0.00350441367841604
0.0627860678698778 -0.109514190777383 -0.0136529098453253 0.0856893604812489
0.0320972177191535 -0.130594358842257 -0.0816582070453708 0.0798771598718138
-0.060965691830036 -0.123704496479624 -0.0561340297818271 0.129383863537315
-0.117825318966905 -0.0534669689540017 0.0213811183142549 0.128749838736604
-0.0960652171964048 0.0462545693917971 0.0758783608950966 0.0569221909677809
-0.0377410964418213 0.0753057350347074 0.0512299697095896 0.0128881899120741
-0.000952448234432036 0.0826253712084511 0.0285087487871044 0.00406387141905801
0.0239510698606673 0.0793536972772145 0.0100959368893867 0.0136867623231035
0.027555479294115 0.0812468650157875 -0.00429342989825322 0.027229130055466
-0.00462392098865685 0.0743036329935372 -0.0242613636539956 0.0300944718511376
-0.0402009322728612 0.0694873783591896 -0.0474779792574869 0.00479734540026993
-0.0943794797056226 0.0200933251638867 -0.0411662253715617 -0.0270927499334315
-0.0965872340324676 -0.0513783170536298 -0.00583494405713188 -0.041924884280293
-0.0244755006207534 -0.105741487906879 0.0102826610731803 -0.0196959785906867
0.0470850787949352 -0.116369922848476 -0.040167449512244 0.0323577224694439
0.0561146816374153 -0.0628085158281697 -0.0341932585051496 0.110668236830653
0.046020771178754 -0.0923976130865395 -0.0863955460941456 0.0883057761255439
-0.0284245876052087 -0.104765815037359 -0.0695740980182816 0.110967361484166
-0.0872057379566279 -0.0581109260018457 -0.00799835083574966 0.118990716030863
-0.081440276548219 0.0283361997897302 0.0434188244474859 0.07160889203742
-0.0341975579949862 0.0599421791672857 0.0354030710270906 0.040682033571327
-0.00384746028408956 0.0675535010801062 0.0284241848936234 0.0342420189238749
0.0167440747889413 0.06659564947358 0.018753459530049 0.0385246680262849
0.0207280427044961 0.0686702517845397 0.00276666494596959 0.052222903433371
-0.00557320160733123 0.0646421310325084 -0.0237322377905888 0.0533980600188458
-0.0374424272386369 0.058226816406643 -0.0551256459849689 0.0236233550955565
-0.0812661262183302 0.00840268995521175 -0.0508012762593996 -0.0167536375166339
-0.0730302720248174 -0.054164415905781 -0.0154280230498928 -0.0372125115702602
-0.00257353688959336 -0.0884622606708593 0.00996614182246618 -0.00786790812119299
0.0542946246973466 -0.0767392003006816 -0.0507629907562368 0.0597547745259652
0.0381548450622851 -0.00497024077535683 -0.0416063717689258 0.120168322258765
0.046345592794936 -0.0389219358150664 -0.0772764940872429 0.0882953160971173
-0.000223845953192478 -0.0640639989341852 -0.070047948180641 0.0888863891379122
-0.0453562084527151 -0.0455810586976632 -0.0258302858213481 0.101945736966723
-0.0522150947424876 0.0106330366730503 0.0186130914610098 0.0780453707177622
-0.0232639415761892 0.0362249579476106 0.022806696443338 0.0598900800750042
-0.00485931278888788 0.0408829463139568 0.0276164594724343 0.0558970393815264
0.00783473749545781 0.0434615203198937 0.02516002915582 0.0567261016241514
0.011234575127041 0.047396712111269 0.00656240823123409 0.0717802013378952
-0.00679934411092979 0.0479830334789203 -0.0269569378314533 0.0710668547242732
-0.0316404097376811 0.040757728906697 -0.0648610005303015 0.0371135230294776
-0.0604187624893565 -0.00358237518250213 -0.0614821491167615 -0.0123503836799985
-0.0427239704601197 -0.0498045889378111 -0.0247511892366855 -0.0379050270642529
0.0183504630984378 -0.0609243050049779 0.00750362123947837 -0.00190356862606137
0.0542550750042434 -0.0267772001365985 -0.0625491454638569 0.0760073784584331
-0.0364465046464598 -0.0217631238251072 0.0646717308619334 -0.0895392891351838
-0.0268063263440727 0.0253299150236321 -0.0106312883873714 -0.015179367153868
0.00555672694455954 0.0359590151247855 0.0272860321307441 0.0504640463218774
0.0289130456026336 0.00889332486651548 0.0793094995086802 0.0201635146520393
0.0159060911927557 -0.016529319025508 0.0863336386644357 -0.0442467160153465
0.00362378622987889 -0.0145018046270447 0.0462830288117877 -0.0910393157157613
0.00550376344112114 -0.0131985612046404 -0.00536847524439732 -0.0911203050037469
0.00632750747614477 -0.0139965127863933 -0.0312794431991905 -0.0712989477224502
0.00834913708939901 -0.00947119063100324 -0.031831707451178 -0.0672054162864202
0.00953164871938755 -0.00132435115709546 -0.0230213409092285 -0.0724841264139106
0.0117428565501111 0.0114369216481638 -0.0102231201964576 -0.0814182488680432
-0.000312859429862209 0.027247980819321 0.0221807155163758 -0.0837298197685969
-0.0332501805663612 0.0234970928129146 0.0588121250817619 -0.0745028226517983
-0.0436042124882905 -0.0152328462325234 0.0474761260389094 -0.0800361696729907
-0.0277769085241426 -0.0469851547151748 0.0229449488983887 -0.122747783076421
-0.0209254366358452 -0.0751118244542213 0.0656393983905657 -0.0690181972885235
-0.0387738158178364 -0.0251782480344292 -0.0161596417434805 -0.000952328968268488
-0.035620466387907 0.00743316115206417 0.0294482108516413 0.0734868472782671
-0.0148416068238187 0.0139572725475147 0.0931709726250057 0.0390635933203429
-0.00410410238633095 0.0132713599603489 0.103918581421426 -0.0428123949601666
0.00056201126255043 0.0146107799277504 0.0549398866126281 -0.0928637651422396
0.0121331094494711 0.0182761696345644 0.000198905446310616 -0.0937839989244407
0.0176564906784337 0.0172152390279486 -0.0297149668399591 -0.0709484336485938
0.0153392208177853 0.0229905300085273 -0.0321928770706313 -0.0646344614725494
-0.00112101259034502 0.02658029022086 -0.0254876469550548 -0.0659123797747496
-0.0148289131193945 0.0314221838541095 -0.0158600468774587 -0.0752155042053574
-0.0420060736402023 0.0198436192599981 0.0110255824772084 -0.0774011671092326
-0.0628501035978956 -0.0100821337066416 0.0453912533245509 -0.0694067562511518
-0.0428770557664375 -0.0614490674173012 0.0306458933634574 -0.075166566090302
-0.00684761325985875 -0.0977443604784809 0.0100785600107841 -0.108971119063834
0.00257038393517035 -0.117855513130701 0.057592621910373 -0.0376001445397337
-0.0388027316004064 -0.0796554410640027 -0.0294094588953794 0.0201912524284403
-0.0734498717785332 -0.032351384709614 0.0207860740310821 0.102112993848468
-0.0645691060122224 0.010681661204252 0.0984574259428234 0.0683247246606799
-0.0321970201648102 0.0420287909940313 0.117096102893127 -0.0291987636503391
-0.00671723462159021 0.0446849802585974 0.0638418687934061 -0.0822039812909552
0.0137257414081135 0.0491022501686058 0.00897175387995838 -0.0833636335071889
0.0271445987424743 0.0460071470501491 -0.0233353973903893 -0.0593997474479841
0.0242274082108312 0.0512837607021863 -0.0294646660716361 -0.0498157035737774
-0.00546837255125214 0.0514342072575292 -0.0285019626820956 -0.0481435827308766
-0.0316315733939352 0.0524191590070379 -0.0266770272275891 -0.0609104525354952
-0.0754037664594814 0.0236238934380849 -0.00605615355220792 -0.0693648886168208
-0.0917539485873737 -0.0287674756430688 0.0294314049155888 -0.0657592527679064
-0.0484160251722001 -0.0939657862890224 0.017008061595143 -0.0649660562982973
0.00811746639666723 -0.133701813385979 -0.00607822183421975 -0.0797120499165842
0.0265542427564312 -0.142014434506262 0.0401973278251511 0.00471057329772092
-0.0256626479794383 -0.124216780487944 -0.0476262718813546 0.0456804600859863
-0.0961701226887117 -0.0753924408889708 0.00139678925079637 0.127356691897224
-0.107948907945831 -0.00382832317185523 0.0887176602750803 0.100497990002418
-0.0629541371835089 0.0612078160949099 0.119569046602943 -0.00409347869499278
-0.0176464645980759 0.0688755776535872 0.0681457790113887 -0.0583042114247679
0.013101128788714 0.0728141801008646 0.0176995046942777 -0.0616864077284506
0.0325317748540784 0.0677426925273043 -0.0132538144519245 -0.0393363397794524
0.0314414543774721 0.0714037212789953 -0.0233629451916149 -0.0268505225307977
-0.00413984971099246 0.068752288589117 -0.029348989476962 -0.0230559069257832
-0.0373093131732489 0.0688977545649332 -0.037682951472347 -0.0405624714244064
-0.0940431562838673 0.0316745046168299 -0.0226171196349628 -0.0570929724111959
-0.11067337445478 -0.0356228474724161 0.0139193037715334 -0.0599309073290688
-0.0533101730993241 -0.109754803934002 0.00992732517309763 -0.0504438728863221
0.0184522388449941 -0.150478897986979 -0.0200592124236792 -0.0421189873585293
0.0477069158665137 -0.141337368972173 0.0151758960243675 0.0490089726476204
0.000186172594096258 -0.145099841990006 -0.0663313720714427 0.0687050794476404
-0.0937350344130709 -0.110228528562456 -0.0260070469371624 0.140067818963936
-0.129978328112375 -0.0275353021638369 0.0622042884761879 0.124525669618935
-0.0869124202397095 0.0640664114181537 0.107237741752357 0.0265082767799956
-0.028531351352118 0.0807137874657796 0.0647093798760463 -0.0246250802988495
0.0082003566474676 0.0854414706356341 0.0246442210094796 -0.0309220175925762
0.0333410266657217 0.078926750960442 -0.00148575508534724 -0.0135467717923139
0.0351436236837078 0.0805964856075358 -0.0143527048764379 0.000625532076308769
-0.00159980091259547 0.0768230360788068 -0.0269628643815633 0.00463737561014902
-0.0380189142275386 0.0756655082375044 -0.0445985427517738 -0.0162905005867089
-0.0996185433770067 0.0335552079931293 -0.0350645773496191 -0.0414979773566045
-0.112762547049292 -0.0400509476807896 0.00128689065217568 -0.0520308863011608
-0.0475042404447255 -0.112823401179576 0.00957180993666354 -0.0346198098813942
0.0297583185867965 -0.145664605822131 -0.0298227149273695 -0.00133079071686269
0.0580490826206564 -0.113877025839206 -0.0100855045084664 0.0877631796894113
0.0269433796588513 -0.134860684355533 -0.0804671089842824 0.0851700500929173
-0.0674874266350656 -0.12232750299575 -0.0520353752130491 0.135041346663836
-0.122703472526533 -0.0490433680446965 0.0284452859937271 0.131965095040494
-0.0944354202331432 0.0523823026166299 0.0803354110237718 0.0533495421993786
-0.0339670315205402 0.0784134384268766 0.0533901206979256 0.00996690019751937
0.0034558992557766 0.084088701339672 0.0288860750836674 0.00210384060549689
0.0291669174371225 0.0785292523507255 0.0102073245373186 0.0133796980668308
0.0329867498210903 0.0797852387975608 -0.00385981165699831 0.027727436950213
-0.000763966026573356 0.0759641977950441 -0.0235559264909875 0.0318592136569131
-0.0366174783119734 0.0723670673536408 -0.0494548754582056 0.00659660785043726
-0.0948638389810711 0.0259557175657153 -0.0442175061723465 -0.0259219814386526
-0.100411773268686 -0.0462232583342465 -0.0083014404246284 -0.0440283544587865
-0.030089763672055 -0.105581408208372 0.010168320238859 -0.0205758361826969
0.0411612882332954 -0.120760358073243 -0.0386252988437925 0.0354367689987027
0.0534223639157049 -0.0662636540182319 -0.0296595367892677 0.114150198189109
0.0428672357629432 -0.0968326233338816 -0.0849190254557403 0.0930115613782915
-0.0338691270675676 -0.10495804963326 -0.0670757922147882 0.116928211576214
-0.0919880033574478 -0.0546133845603164 -0.00209079532615934 0.122452767902667
-0.0811301055573424 0.0334676163873666 0.048562794103676 0.0704372475277452
-0.0306219695662303 0.0622060629473654 0.0388031995903676 0.0397389793897554
0.00039094582940413 0.0681478799939851 0.0304630093441766 0.032512150005135
0.0213722879093645 0.0659217701306851 0.0199186917641519 0.0378351758874553
0.0254234644093989 0.0673175645735457 0.00481680129428326 0.0521498961326904
-0.00163770773866206 0.065707912502405 -0.0218406516680401 0.055178912151577
-0.034447192497876 0.0607122356939726 -0.0557282187935785 0.0270318561419098
-0.0829246188120412 0.0133092874275708 -0.0537525960031869 -0.0150973034403185
-0.0767020265338528 -0.0506513402720457 -0.0176795675618067 -0.0391755012038139
-0.00756977856027376 -0.0893776173862042 0.010154316575626 -0.00930540330203195
0.0506622643223917 -0.0803557163228072 -0.0480937046462864 0.0636195483012961
0.0386321878865763 -0.00663616814039413 -0.0372184692517304 0.123325559130405
0.0455342801361848 -0.0424270950978052 -0.0761987797288172 0.0930442239886563
-0.00288070179768428 -0.0650818226857896 -0.0682227011662475 0.0937939632104221
-0.0487567272572364 -0.0441780063716616 -0.0213472556639207 0.105715234959321
-0.0521138688428146 0.013975242922692 0.023630681454308 0.0786794774793596
-0.0206549361940226 0.0373391761455025 0.027327209671646 0.059764993223015
-0.00222984585001278 0.0418417530142923 0.031090995778788 0.0541957089760725
0.0104794651976728 0.0434009035212127 0.02777780197173 0.0549243063631684
0.0143804273816334 0.0468071393726273 0.0102946774737935 0.0714063182149608
-0.00336125112767613 0.0489490646576492 -0.0235830005661689 0.0731110356008509
-0.0293594159127277 0.0432178385847261 -0.0643749125274493 0.0410563892766753
-0.0625575195825431 0.000109388508395034 -0.063923594345924 -0.00989857635780529
-0.0460118074218702 -0.0480353720287703 -0.0271183021770511 -0.0383509526981073
0.0155071335203994 -0.062849849876344 0.00786383264557951 -0.00271663208715068
0.0536100274993942 -0.0298196830609235 -0.0592669973698089 0.0806291951281438
-0.0391348774371671 -0.0174352619103087 0.050823284800847 -0.0974830983096233
-0.0218926636678668 0.0293957035847948 -0.0132069103701499 -0.01404599717286
0.012761638383717 0.0345387893077021 0.0330527692547101 0.0460483070706041
0.0315931670747879 0.00267139682175204 0.0802902288855041 0.00981356759498423
0.0139397179789108 -0.0206019500291419 0.0792962214014908 -0.0559149534771709
0.000184930780127957 -0.0174478711444284 0.0316202965947233 -0.095941862527237
0.00164252064681434 -0.0156522212753484 -0.019204239789732 -0.0869925112676871
0.00202495022627638 -0.0146536409845993 -0.0402519947246555 -0.0631857506410924
0.00480429202982589 -0.0107067105886362 -0.0409728075072778 -0.0606917491882115
0.00818860795250532 -0.0027540829409941 -0.0332159398566422 -0.0685227490060287
0.0126470167042933 0.00876045083395056 -0.0216542709689769 -0.0784421660049743
0.00330915874934199 0.026514209765997 0.0117016756720079 -0.086220406370338
-0.029973432212776 0.0282032500802725 0.0510478100186126 -0.0824043687867967
-0.0457226410216094 -0.00794171338591226 0.0384846486692814 -0.0838737837663781
-0.0355699307008318 -0.0424880228629078 0.00814819095066521 -0.120578928006778
-0.0338216955085767 -0.0713373597470354 0.0566846801860335 -0.0758122680042724
-0.042560790720485 -0.0176674038400798 -0.0141935789970593 0.00124792491656424
-0.032132695419691 0.0142489398338369 0.0408127616168426 0.0665220815390288
-0.00964491112101667 0.0159411537510881 0.0976517284598397 0.0240379985508202
-0.000132309068122428 0.0112668491345414 0.0947127906764248 -0.059082265273043
0.00221179341213979 0.0108647614997489 0.0388344247603947 -0.0993503916128613
0.0138809937828363 0.0149259286260712 -0.0150035709299462 -0.0916760436356478
0.018186369262763 0.0131361376597827 -0.0390059330540871 -0.0629425892739034
0.0172359920834251 0.0197273036295643 -0.0412388422513004 -0.058100159475754
0.00193227476431532 0.0265901650212347 -0.0347788460205771 -0.0621188159122642
-0.010560391524173 0.0325277055139248 -0.0262992853816913 -0.0724067335510926
-0.0394555872807033 0.0255645294126786 0.00224584616916974 -0.0790971261025869
-0.0640155806144661 -0.000261871869119652 0.0388702260401811 -0.0752100110481111
-0.051587296594446 -0.0532872373222124 0.0213129866816914 -0.0761264208026385
-0.0218740282489145 -0.0950329377869666 -0.00463112240135668 -0.105591414439241
-0.0185716782958153 -0.116987327585405 0.0551241655887918 -0.0416032312188011
-0.0521665671560801 -0.0698376121653013 -0.0219050218520132 0.0254204134381701
-0.0748947977331219 -0.0171411469550581 0.0395765935079377 0.0952478972601867
-0.0589662665788321 0.0221379977270952 0.109307605700139 0.0494825304282369
-0.02240167922545 0.0435491117004199 0.109009220298037 -0.0493974113144437
-0.000224790114436517 0.0413571367654955 0.0477991199077601 -0.0904148915963386
0.0215961106726385 0.0448497486428779 -0.00589811340435185 -0.0844984180210676
0.0318666956751371 0.0398780451169329 -0.0315953444274927 -0.0528641010079174
0.0308624190545229 0.0459119878051452 -0.0367822724151339 -0.0439431052300055
0.00148323202377117 0.0523584052354583 -0.0358921780746029 -0.0443639793679849
-0.0231656869803704 0.0559970587090476 -0.0360907405896914 -0.057818170281798
-0.0717548313660311 0.035437776627367 -0.0134594331733147 -0.069529348322348
-0.0946007071747556 -0.0143358282170583 0.023213705009396 -0.0695637429691549
-0.0618921426249288 -0.0842491852551469 0.00821892593088636 -0.0640742507932002
-0.0120589413102873 -0.132702396431956 -0.018323331393595 -0.0742424042508813
0.00160755082171266 -0.143259289953948 0.0446331802275443 0.00332306654125153
-0.0467417838275042 -0.114651236106282 -0.0341988882551106 0.05369741077007
-0.104538269209706 -0.0549817680821012 0.0264211647160695 0.122460646546823
-0.10373500676389 0.0166026944636439 0.106544814341246 0.0807968952875216
-0.0485008481945445 0.0675509676156322 0.115115885979057 -0.0268550908915128
-0.00617667855007389 0.0669453755304037 0.0553580400678982 -0.0683989939887561
0.025394058471827 0.0694218131668254 0.00552945885808249 -0.065637863172101
0.0406009704174457 0.0598113593609336 -0.020286088079692 -0.0348319768412999
0.0423319139996704 0.0640937462302766 -0.0280936121852862 -0.0225162636593701
0.00617161387236692 0.0688070296960947 -0.0336793495509225 -0.0198879947253359
-0.0256724039729907 0.0732364049788012 -0.0439808111347734 -0.0365593100678954
-0.0882608937950744 0.0469869049046655 -0.0278217872732043 -0.0557592020672703
-0.114005799160937 -0.0178963460605584 0.0087850101473043 -0.0613628403318655
-0.06913018146747 -0.0992752518359248 0.00227308682324465 -0.0486820955574624
-0.00325260996361836 -0.150460517186572 -0.0279668896857062 -0.0363319671758729
0.0226747134945458 -0.144391273809851 0.0262797927977685 0.0510882914045574
-0.026064216769607 -0.139280619321637 -0.0490520752317719 0.0807166480659934
-0.108424803354474 -0.0889269325975005 0.00307269709219489 0.139501656340594
-0.129862948854732 -0.00247932704265028 0.086397740962801 0.108546577149662
-0.071486311352041 0.0758183591921482 0.107463477419612 0.00479806868819149
-0.0138301489250319 0.0812670944607697 0.0572077770578158 -0.0358919460805913
0.0233131575910095 0.0829323480281549 0.0174523820566782 -0.0375174993268068
0.0438740469771778 0.0710724864562881 -0.00531463602295999 -0.0123233147678662
0.0478171540853908 0.0728164522697074 -0.0153682088575124 0.00260388723670309
0.0108916102611739 0.0764719706133235 -0.0276893943932482 0.00727204478257317
-0.0254863528262148 0.0795389392903338 -0.0477534769906327 -0.0115926882188878
-0.0933836336451473 0.049283868416159 -0.0387604519002296 -0.0389681633669543
-0.116761564702342 -0.0215142069293836 -0.0029049172758657 -0.0516093272470737
-0.0635586681475537 -0.102974701331345 0.00318961850028438 -0.033226424377214
0.00869154693360934 -0.147197555574493 -0.0330287576827893 0.00448487985478259
0.0375259863946103 -0.118639981877423 0.00587486143914171 0.0915595581237208
0.00251162812150444 -0.133504079549533 -0.0618948677961516 0.0995018125365606
-0.0856243239236788 -0.105406530806337 -0.0231935200977124 0.140436152098172
-0.127810245961367 -0.0243182901352386 0.0543352887056995 0.121972766456278
-0.0809072592347902 0.0663061665216779 0.0862997891471397 0.034999061900516
-0.0191272799684454 0.0804676195249907 0.0514389038737989 -0.000417321945931367
0.0190874349514167 0.0826604955801906 0.0271996212717835 -0.00575758292320231
0.0404599702840384 0.0710362809252037 0.00949767258552156 0.0119055174263207
0.0460111962864909 0.0722660381834885 -0.00161783638979408 0.027862627248246
0.0121566830333636 0.0749029979857524 -0.0204414229341786 0.0330448863891123
-0.0242981247241186 0.0763716445353016 -0.0492720666171024 0.0117382773144344
-0.0902416138737081 0.0419054068593027 -0.0461061447477543 -0.0223055361462723
-0.105073712062503 -0.0292597804171563 -0.0122919531624813 -0.0419294500381138
-0.0455185363883924 -0.0985074542942574 0.00578531945136338 -0.0205157457751282
0.0239536851517934 -0.124572158083042 -0.0369132870351132 0.0404919116995214
0.042159343759463 -0.0708271463645551 -0.0115204489147471 0.118299716982885
0.024750460453584 -0.0992570064198968 -0.0669125270359821 0.108122890380811
-0.0505050145106899 -0.0948949343011792 -0.0425049653014997 0.125737822349956
-0.0995068004163755 -0.0353497829637189 0.02245399384187 0.11878128144501
-0.0715060975545433 0.0472331252326054 0.0588546438202407 0.0570147065694636
-0.0182770093995422 0.0652598232095136 0.0423828194414665 0.0309190821773436
0.0129965768129541 0.0680536667235638 0.034094813244849 0.0240766527224836
0.0313381361296674 0.0602947391639298 0.0233375097104916 0.0331557089875371
0.0368738396665008 0.062102926700497 0.0106149839655978 0.050303462901611
0.00988323530394866 0.0657592531422122 -0.0152007462224182 0.0563203097223809
-0.0237377796365255 0.0651282236308584 -0.0522325850538224 0.0323249987995518
-0.0802566868699577 0.0276791025364157 -0.0542981260545006 -0.00968522079172154
-0.0827444227321377 -0.0369222570401821 -0.0214796819071331 -0.0356211314139009
-0.020735509926522 -0.0863977529768962 0.00655687462905288 -0.00992924120355915
0.0396377990063346 -0.0862227584369752 -0.0418219540990689 0.0682789090028399
0.0376170869818375 -0.0100354610826348 -0.0186386349100163 0.12666817548192
0.0373888237554185 -0.0475496346090483 -0.0609642813147881 0.105182345755643
-0.0140042998457358 -0.0614981032235539 -0.0502433044552008 0.103992502305733
-0.0560733790159032 -0.0326322581361566 -0.000486375839069925 0.107290537868134
-0.046723560308277 0.023735191059483 0.0364294319280977 0.0711061980916539
-0.0123234533914233 0.0403928148966648 0.0353562996644092 0.0528057861630546
0.00663786137560414 0.0418518144845943 0.0383484262570718 0.0457355565956559
0.0184145325338073 0.0404160598305697 0.0335828957070898 0.0488535443032524
0.0234034712529895 0.0432025922153532 0.0188305575138345 0.0682054065092431
0.00564490468175901 0.049001327924315 -0.0141181258134983 0.0740575875953926
-0.0211577088522059 0.0475158257482585 -0.0585387060580599 0.0474262955366242
-0.0620019870848233 0.011475373248042 -0.0639129961018765 -0.00265241436989567
-0.0526514588255525 -0.0393511393999936 -0.0314803758321153 -0.0340068378081716
0.00544969073534656 -0.0639189053388163 0.00558905642135827 -0.00430976852922225
0.0501599096357697 -0.0369617439770761 -0.0494510668644792 0.0852075893128003
-0.0387063718055381 -0.0157498129455241 0.0463304928970184 -0.0965126301670536
-0.0204026857827829 0.0293642987990829 -0.0132633684110451 -0.0127768446160348
0.013555863934347 0.0327869563623258 0.0341730004495897 0.0453149979454981
0.0305736329527158 0.00137110431354922 0.0792772150693798 0.00801125225834098
0.0119336191797725 -0.0203095612390932 0.075397854354188 -0.0567188331534554
-0.00104098881168568 -0.0170520452388999 0.0274972391871639 -0.094985635581906
0.000659694170521735 -0.0155860293755557 -0.0213575232883286 -0.0840322304550021
0.00114480327680484 -0.0146610486397621 -0.040306274163538 -0.059654639258837
0.00358993196922641 -0.0108027131938448 -0.0420037315720238 -0.056787818393228
0.00735440600205144 -0.0029401823844723 -0.035474044995444 -0.0652520080201098
0.0129253171350362 0.00798970123410282 -0.0243563215762239 -0.0756476602887035
0.00403724915298609 0.0250359062695881 0.00919674253808194 -0.0847833073974791
-0.0273991750677393 0.02860077096383 0.0488478429454329 -0.0833783462294451
-0.0444095461632815 -0.00628075520394898 0.0373426925031582 -0.0821754894595892
-0.0354907953524034 -0.0400120148254148 0.00605705943791441 -0.116766815208333
-0.0346497639540879 -0.0685611603657569 0.0532606182417418 -0.0755445413523101
-0.0416203034503384 -0.015866717863607 -0.0133930659784746 0.0025088407306862
-0.030206455259296 0.014580786915469 0.0422544530148019 0.0652615820777277
-0.00891811226738646 0.0149024161790947 0.0968413849415303 0.0215169593418981
-0.000290325095011227 0.0106722674767749 0.0903819831756281 -0.0600536924884729
0.0018457493382077 0.0103851265291577 0.0343507886706659 -0.0984587300954005
0.0140732613592447 0.0137283691144518 -0.0177426175198053 -0.0885839056262594
0.0175718384708884 0.012217155108961 -0.0391763336753479 -0.0591614382797454
0.0167975800341015 0.0182079027245478 -0.0422817752953133 -0.0538321644054145
0.00202210406959302 0.0257771829634609 -0.0366520424708028 -0.0588446294254866
-0.00902212090258209 0.0315923341344884 -0.0294374857933278 -0.0698035432079149
-0.0372713940915516 0.0255998374228159 9.48089861492312E-05 -0.0778954808708898
-0.0612487590648568 0.00153550636038526 0.036462429416298 -0.0761128496028044
-0.0510257469752348 -0.0499657023443601 0.0203263808618151 -0.07446508577545
-0.0239237765894967 -0.0917864710774364 -0.00612702251864055 -0.101479136631277
-0.0218839837391119 -0.11252685535336 0.0522137810659426 -0.0415709173528381
-0.0524071311848822 -0.0660855148256445 -0.0209742449001681 0.0255601327307434
-0.0729122812393149 -0.0150062151768622 0.0414075381493085 0.0931388062617187
-0.0566308013863016 0.022899720714384 0.109030967972714 0.046044500473647
-0.0206784893169902 0.0427374868490449 0.104644958443873 -0.0512724150374758
0.000931700238574149 0.0400000518163101 0.0439540766474161 -0.0902590177556178
0.0229377257865856 0.0427161858304908 -0.00910784636705068 -0.0815378493889084
0.03197615050717 0.0373618332614982 -0.0323668620567664 -0.0493804500928107
0.0309289389618774 0.0432443329363395 -0.0381450948606869 -0.0409003715743215
0.00302432213314836 0.0504312221499937 -0.0376130250864403 -0.0416387970886209
-0.0210567500157775 0.054726613125239 -0.038529320217812 -0.0549481300601225
-0.0687991412090164 0.0362965586450959 -0.0155687538451471 -0.0685443052307856
-0.0917735994351993 -0.0109306362428146 0.0214239315843799 -0.0699475207529696
-0.061798894262718 -0.0801184523697253 0.00785195076895591 -0.0621822981896712
-0.0154742678241246 -0.128470749244179 -0.0190010474922625 -0.0712591816124659
-0.00251721426836717 -0.138991635576524 0.0435547020510358 0.00232612087725683
-0.0484309827756775 -0.110388593372727 -0.0319919571050999 0.0540192149076291
-0.102596696904077 -0.0501137274313527 0.0290918846230737 0.12038318480237
-0.100462955427231 0.0184693513704614 0.107071742754232 0.0776439848019515
-0.045352841749173 0.066739716182037 0.111261108913924 -0.0294669686963657
-0.00442496918221087 0.0653918830570037 0.0521002200864492 -0.0686330507310116
0.0268189738330644 0.0664043682392953 0.00263323652579958 -0.064035818848038
0.0415848886109211 0.0562266861668667 -0.0205907103397806 -0.0324338921362101
0.0426286219270385 0.059933511585279 -0.0288924620337848 -0.0200031331687531
0.00807833614758465 0.0664872014647853 -0.0343066108780086 -0.0178912691679378
-0.0230162994226165 0.0713617111167319 -0.0456829457499436 -0.0338328011850421
-0.0849093812510765 0.0484083273040594 -0.0296259365664639 -0.0542473349872455
-0.1105207060354 -0.0137008542042975 0.00675381101078564 -0.0614176319650966
-0.0694659118367248 -0.0939966509920479 0.00262037857778822 -0.0479908199486745
-0.00797771648812161 -0.145614914746298 -0.0276654833627828 -0.0334578458420591
0.0177593186133612 -0.140133981304097 0.0268770103750285 0.0488071924977294
-0.0288604040694285 -0.135136860203719 -0.0468036397375716 0.0805931731043013
-0.107312039323707 -0.0835348247384858 0.00575594744184854 0.137521039761373
-0.126760267082129 0.00117769676595855 0.0880963242843116 0.105126724068068
-0.0666376615972279 0.0752044893880793 0.104816036350194 0.000791158215692375
-0.0114528602490022 0.079306239083935 0.0549945948104108 -0.0370935362313526
0.0261085572981568 0.0800072423058178 0.0152353168521198 -0.0372557142289252
0.045123157658488 0.0670048906601911 -0.00577654481540515 -0.011196530973038
0.0485770207271958 0.0679672667366593 -0.0158745399398477 0.00383374790149863
0.0129095681738867 0.0743324315002765 -0.0274973215799764 0.00823564684529635
-0.0219208629431734 0.0776955959802763 -0.0486699504027657 -0.00970150112697348
-0.0899803900249861 0.051200006165877 -0.0400435151656903 -0.0373782912317174
-0.113591083429849 -0.0171504368332872 -0.0048387058816852 -0.0518039263903323
-0.0645478084467599 -0.0974591816311483 0.00310175455229011 -0.0330467790226685
0.00349107785361001 -0.14290037413754 -0.0312114448883008 0.00589460349870006
0.0334127590941041 -0.115586644730379 0.00751500583209501 0.0891082107711564
-0.000779930850390282 -0.13070078579873 -0.0585348350834433 0.0990709734238976
-0.0857384122457041 -0.100614380013293 -0.020222081152376 0.138877517600144
-0.125709183828105 -0.0204579209636063 0.0571188183142446 0.118710904477392
-0.0764500718160671 0.0665942029970222 0.0852520872177082 0.0309405463583837
-0.016155175582337 0.0780419690488111 0.0510235136166846 -0.002258119596604
0.0213077038711066 0.0793487942094268 0.0256780124672544 -0.00660953578703827
0.041682111704135 0.0672422510306393 0.00924939751789945 0.0114562952298811
0.0471055024158273 0.0673509735235018 -0.00172018433600972 0.0273818889172648
0.0140955785329405 0.0721808986449397 -0.0195661597031587 0.0331307455026096
-0.021215427371062 0.0746461411688365 -0.0490957416196223 0.0129099696100725
-0.0869335706551603 0.0435472200320638 -0.0470759463088194 -0.0213315184915813
-0.102769813402743 -0.0249612058754639 -0.0137548924231784 -0.0423858209070404
-0.0470592105739882 -0.0936675069444304 0.00628140436367492 -0.0204408100773211
0.0195623952441156 -0.121260372862846 -0.0340560632511685 0.0408586028659556
0.0394750258131419 -0.0692449269563763 -0.00815646994599836 0.115375810839941
0.0218856817725243 -0.0981002415415476 -0.0639653655214194 0.107305059577815
-0.0511887773676487 -0.091610678421388 -0.0395097580371701 0.124731190689073
-0.0985604441026164 -0.031718067818843 0.0253221747772707 0.116992449459659
-0.0676355280752228 0.0476388347554536 0.0591790363690284 0.0532632533078798
-0.0154381504739873 0.0634723014201352 0.0429263944790423 0.0287530575233105
0.0157300546065484 0.0653232726631676 0.0334529561217095 0.0218944372497665
0.0326843975089237 0.0570276648401662 0.0232015533426828 0.0315738970438985
0.038618974646081 0.0574927171722272 0.0108609429682059 0.0483367360001914
0.0116900367268019 0.0632597246521602 -0.0136023944987888 0.0553079741111536
-0.0207552797431734 0.0638315252872211 -0.0513621577498664 0.0331740022949298
-0.0772795685273197 0.0300212333817863 -0.0541196866447271 -0.00879812093162717
-0.0812298417236877 -0.0328272229708867 -0.0228293826494755 -0.0352744892885578
-0.0226595715534407 -0.083103608376305 0.00657172438182303 -0.010787383850263
0.0357688832360577 -0.0845110638613217 -0.0387517733994948 0.0681623667263499
0.0372383422361419 -0.010707015286533 -0.0157181661452645 0.123077382805738
0.0356216280459749 -0.0480680906812912 -0.0580618234590761 0.103921050134957
-0.015607587780341 -0.0600260764101163 -0.0477454470847986 0.104041561776087
-0.0562691064771159 -0.0299996196035264 0.00250656511756227 0.105827551233234
-0.0447539419501726 0.0250915203494151 0.0380987869308271 0.0681631444304776
-0.00985258054252532 0.0387498813452173 0.0368508897927097 0.0501710440007118
0.0084643766472759 0.0402583556596079 0.0386161430212771 0.0430811959376802
0.0196656083644781 0.0384520040708605 0.0327910150245156 0.0456668449975616
0.0246972481155506 0.0404699636907047 0.0195378968190134 0.0645644860315408
0.00802810937501384 0.0471345925086837 -0.0118862170180011 0.0719064019763148
-0.0187190852435373 0.0468788615748862 -0.0562358621337258 0.0478569596620687
-0.0604655767998351 0.0136315490270811 -0.0636679703691758 -0.00144872625986972
-0.0525230965754551 -0.036176636633034 -0.0323509858761803 -0.0335163276266891
0.00340917372140965 -0.0620854206698088 0.00564984750087714 -0.00491546661307515
0.0478377420791403 -0.0373589089391601 -0.0455176824269185 0.0843235465064147
-0.0382886165052473 -0.0156982847100524 0.0452258676381957 -0.0941339889432807
-0.019545829515354 0.0287779515611552 -0.013060389407599 -0.0118852581472154
0.0134762155226224 0.0318541787126668 0.0345719930247204 0.0453149261810493
0.0301669810723454 0.000476500484768532 0.0780372042755295 0.00850758197891927
0.0106824506253491 -0.0197843132607979 0.0751312725792019 -0.0555590050438836
-0.00185033720771881 -0.016322019895539 0.0260937580372719 -0.0934553817560722
5.07613141374208E-05 -0.0154388555422123 -0.0209919614610552 -0.0815477710593255
0.000405419842323403 -0.0141503935811301 -0.0386245963453804 -0.057917217228975
0.00345092272081008 -0.0109324852295466 -0.0415656983740518 -0.0546948784430303
0.0067620555907174 -0.0030085147539559 -0.0359342894092641 -0.0636205495101635
0.0124412645426304 0.00680171345207752 -0.0248717820852302 -0.0742384075990962
0.00448419723929257 0.024072075852381 0.0096462909897908 -0.0836588640343902
-0.0266101470322888 0.0282059430299007 0.0487517136830211 -0.0828427784450104
-0.0424959372890765 -0.00590376506434249 0.0380305494781402 -0.0800687161000367
-0.0349462002711019 -0.0392835576901772 0.00670078589364483 -0.113578630551814
-0.0342967206379288 -0.0668128467886412 0.0517591117433378 -0.0732996076500291
-0.0404180099004091 -0.0148759619837586 -0.013256152699612 0.00284399705676621
-0.0293505171839038 0.0140365366457692 0.0418799761406226 0.0652953483335447
-0.00890477495838258 0.014196597235912 0.0957096098436772 0.022082340717294
-0.000850461044725992 0.00986372719426238 0.0887642356779989 -0.0588997365450232
0.00109246640815551 0.0106597582993394 0.0332345688897912 -0.0974092974449158
0.0133201694275232 0.0126615043175736 -0.0179178250572719 -0.0861842379287916
0.0169204030007659 0.0117287665679032 -0.0380068118855973 -0.0571632728254329
0.0161103584596321 0.0178871680874872 -0.0421483367577306 -0.0520255808833058
0.00176825230145664 0.0253185585697615 -0.0372092182679315 -0.0571304515759685
-0.00892698086929114 0.0302903531556878 -0.0298951478937365 -0.0683695856949955
-0.0364888278167369 0.0248254943386026 0.000149555086830381 -0.0772836956373012
-0.059161105092037 0.00164207556335497 0.0368020789520711 -0.0758035833421839
-0.04928216667709 -0.0489276733439912 0.0215312718937116 -0.0728846276441948
-0.0235755958648276 -0.0894818500516693 -0.00518827146954743 -0.0982042149429432
-0.0214349497564276 -0.109243922441955 0.0516287067151951 -0.0404710241395349
-0.0508480886093086 -0.0645747361267801 -0.0204384916082316 0.0257568993721334
-0.0709288351863636 -0.0147779549950649 0.0405465915372522 0.0929102406301214
-0.0560053513016342 0.0219972586077856 0.107956986265088 0.0466413356312734
-0.0202352756179631 0.0411112481513127 0.102337065834675 -0.0506695527200184
0.000102426390010089 0.0390290171446698 0.0427295122508885 -0.0896128560957661
0.0224378600838034 0.0411960815814062 -0.00973493441770168 -0.0793280756966355
0.0313070845780724 0.0358499782565796 -0.0314740817775353 -0.0474484907450673
0.0297156825325681 0.0412477916793334 -0.0382021104092241 -0.0384057152164286
0.00222100207453511 0.0494732478879307 -0.0378584006983484 -0.0405277907390285
-0.0204134855626231 0.0529558006273803 -0.0395423939668916 -0.0539345064705571
-0.0672375659166367 0.0352858805709379 -0.0155071529691072 -0.0679436444502559
-0.0893508987134777 -0.0104011769421835 0.0213307547288742 -0.0704859954876711
-0.060311331375067 -0.077492057058348 0.00943848239781251 -0.0609109065598282
-0.0152662531347932 -0.125367484401075 -0.0177567337718347 -0.0687204876014689
-0.00254122184763076 -0.135357143416261 0.0429162678013012 0.00280038753306116
-0.047438125648252 -0.10819870172686 -0.0318752626149669 0.0533393305332839
-0.0999937571679728 -0.0493108026027605 0.0281197422228973 0.119716227737862
-0.0994455090548641 0.0180770656032657 0.10608475528794 0.0772033832910588
-0.0440300416652318 0.0647385953372355 0.109028514897474 -0.0292530979318774
-0.00473132720643915 0.0634660996164268 0.0511282253826746 -0.0681806030858285
0.0266463134253116 0.0644952302050329 0.00152917586589406 -0.0622534809024988
0.0408143088695023 0.0545633721122478 -0.0199468827743131 -0.0308667526303533
0.0412341830135213 0.0575555550831483 -0.0290992397412691 -0.0186572191149879
0.00791059010698842 0.0648160533452802 -0.0347263320104002 -0.0171961225317509
-0.0224196547474969 0.0693138115030567 -0.0463162599003488 -0.0329613500169327
-0.0832556051022561 0.0472414546100769 -0.0306165014448567 -0.0539425851977615
-0.107359645999038 -0.0130168122235949 0.00708440645228217 -0.0621869405235772
-0.0678194271476632 -0.091605348643126 0.0040001727767731 -0.0470056744693908
-0.00812887447341386 -0.142322612353741 -0.0258903367868399 -0.0318912010495842
0.0176945547658168 -0.137099080590168 0.0263553490181435 0.0481982744484077
-0.0281292636897244 -0.132560496834964 -0.0462529342926792 0.079534322834343
-0.104160549028196 -0.0824832344586841 0.00467244508950621 0.136817539103306
-0.125642933571511 0.00115523706174669 0.0877646855760493 0.104576864760684
-0.0649457573307974 0.0733347541908052 0.102464593106193 0.000539501600258007
-0.0112950183799439 0.0773587632890841 0.0537906166119675 -0.0370817090098108
0.0259612658452029 0.0778115850279546 0.0141355312324016 -0.0365328869498838
0.0442864414437678 0.0646404242499332 -0.00570333382853183 -0.0101609352423401
0.047410429030493 0.0650959630503268 -0.0158958782091078 0.00466681372553954
0.0129392192681003 0.0718912344555535 -0.0276999186084069 0.00833635575887
-0.0213495695895123 0.0752748057492058 -0.0495571569395524 -0.00921812143202711
-0.0876735320590716 0.0506064992443952 -0.0403140302907545 -0.0373904762042597
-0.110450307112745 -0.0166837058345838 -0.00514220735096734 -0.0526763015324563
-0.063072849892352 -0.094793997984246 0.00436689676712403 -0.0326761658311938
0.00348393825427942 -0.139242532575593 -0.0300444099193887 0.00656496143142641
0.0331902816209282 -0.112711144391012 0.00780469430822086 0.0875258277160477
-0.000100188288945496 -0.128202522309049 -0.0583090459683067 0.0974668605033562
-0.0833071181970844 -0.0992843103983352 -0.0208002088831418 0.137849665348205
-0.124276917261713 -0.0194512852239742 0.0573256490008764 0.118314809499097
-0.074515173697294 0.0650743334136548 0.0835302623276867 0.030328837971257
-0.0154340047049505 0.0761148099460405 0.0507521346520642 -0.00279478243576652
0.0220561601651703 0.077304239735584 0.024167145148496 -0.00677113051323008
0.0417393682592265 0.0649265208644792 0.00859146909793385 0.0111106701463679
0.0463658396507907 0.064583218318763 -0.00239550232060082 0.0270033944592154
0.0144631295228357 0.0703960580160981 -0.0197215673460524 0.0322059415223418
-0.0205971282651172 0.0725758926340379 -0.0496439165547846 0.0132945128604918
-0.0848902097175211 0.0433088181648757 -0.0477648563761322 -0.0213070408783189
-0.10003037523724 -0.0242315843467334 -0.0141436827025059 -0.0433508013023945
-0.0460922152135396 -0.0915852899822693 0.00628699067561515 -0.0207656442254313
0.0189265279387413 -0.118279357471097 -0.0328021060619083 0.0406753527685987
0.0396497282255524 -0.0675190088481304 -0.0090987719364515 0.113022890649221
0.022051767483343 -0.097311982771503 -0.0639963994055018 0.104934229009016
-0.0499591873278569 -0.0901352297385116 -0.0402516077503136 0.123814021191483
-0.0975538621643945 -0.0310123946571811 0.0259641868469777 0.115970505731031
-0.0662455461458372 0.0470354078074055 0.0586949622182747 0.0523667371953513
-0.014895561422039 0.0614266265822439 0.0432236497307274 0.027810673434729
0.0160491853049802 0.0634253598366707 0.0323268627394986 0.0207162345511764
0.0330137226744003 0.0551481991546988 0.0217571984819499 0.0308685904109346
0.038197827382397 0.055501772308763 0.00984121099253828 0.0472606856185269
0.0125557728815571 0.0612528378550783 -0.0136179015068163 0.0535825503610653
-0.0197288933648989 0.0623809295646724 -0.0513682173349963 0.0325165171023394
-0.0760951505419177 0.0297075331784626 -0.0546897162458645 -0.00893188866508304
-0.0794821982491039 -0.0322928659220906 -0.0231769067643892 -0.0357536648872596
-0.0221327077654406 -0.08061901577778 0.00692972438574105 -0.0106539676673528
0.0346041437449242 -0.0830267752343965 -0.0374558968997594 0.0670556554736604
0.0370140951205892 -0.0102446438593606 -0.0168105244184624 0.119971357195261
0.0343898798289806 -0.0480661550207591 -0.0588675770500866 0.101985142037036
-0.0151237719876917 -0.0590657680530226 -0.0482624191925529 0.102932275251721
-0.0561077430790133 -0.0290896189670006 0.0033431264868328 0.105073870163744
-0.0430319557880517 0.0247153608052456 0.0377519590327761 0.0663464957153937
-0.00955426438017601 0.037374208195532 0.0372103444861018 0.0489389242111372
0.00860796986017497 0.0394786789880234 0.0380496290939204 0.0412277733616714
0.019958655004796 0.0370711984660643 0.0315510989506315 0.044393887611436
0.024291773032688 0.0387466298993465 0.0181717689047849 0.0630823787336202
0.00849371377216652 0.0461237177817198 -0.0112984144514248 0.0703189816768224
-0.0175319656589864 0.0464082109027896 -0.0562192830526446 0.0472036255953404
-0.0594663320665809 0.0144313593049714 -0.063272318242684 -0.00164211661968731
-0.0514998747940793 -0.0354199613101698 -0.0320192146989681 -0.0336633524594887
0.00326255966787704 -0.0602605381253417 0.00582919934935695 -0.00561882480424479
0.0464934485501286 -0.0367907762157781 -0.044133921397831 0.0828988822277935
-0.0378361271295569 -0.0161808292558498 0.0466518038144944 -0.093452503417826
-0.0194231097601517 0.028746932847668 -0.0134348943231262 -0.0122469890030384
0.0127008742977941 0.032402908419366 0.0345065087887095 0.0473750886686738
0.0304088368480592 0.000278884478722081 0.0793093300043692 0.0107943019695877
0.0104896525290656 -0.0197689377330677 0.0760892791895227 -0.0544003330968843
-0.0024225811293635 -0.015876874773048 0.0268386567551277 -0.0933505140293863
-0.000414596573199488 -0.0157614983760426 -0.0195784338188809 -0.0822517517924184
0.000343497400941094 -0.0140195013364896 -0.0370451108599912 -0.0586193591558942
0.00267052591097126 -0.00987692517007946 -0.0408187882167509 -0.0544340051365865
0.00658472054373315 -0.00288442466989376 -0.0360948073865173 -0.0637905867281364
0.0126671144849009 0.00674415135939562 -0.0244948345739037 -0.0746455463373691
0.00401610722488996 0.0236782766572351 0.0111384865552674 -0.0846283623862317
-0.0264301509340773 0.0280414775852592 0.0509105993079222 -0.0839993083712556
-0.0418227792888635 -0.00657573152603589 0.0409944234074835 -0.0791321100670493
-0.0342542506229504 -0.0399332702482948 0.00978444723323085 -0.112659355376772
-0.033205259533004 -0.0670722025367273 0.053374886350168 -0.0725494720945974
-0.0402617889052084 -0.0156477740252169 -0.0139711409411467 0.00314223855019398
-0.0290974101070517 0.0135893034134329 0.0410391837367052 0.0670765419853283
-0.00921098683176809 0.013882587565169 0.0967107240968032 0.0244347396696592
-0.00141318463357581 0.00954928528620552 0.0900591101341243 -0.0572674338463257
-2.07901285977259E-05 0.0106355600273285 0.0338260343478734 -0.0976220686175152
0.0126479034810632 0.0128719741007412 -0.016852595437881 -0.0858359587545617
0.0162299413686721 0.012016985177753 -0.036350785865105 -0.0574049082009103
0.0152503455231583 0.0179813818725199 -0.0418780294318913 -0.0513616231496425
0.00064856404151992 0.0254432982632737 -0.037335510088572 -0.0573449619642195
-0.00924294569345034 0.0295949716616989 -0.029996520662574 -0.0689425777359125
-0.0368262669900089 0.0237575832716088 0.00153910933340393 -0.0779711983131458
-0.0586803940794402 0.000751971048697245 0.039114582336759 -0.0775716591644616
-0.0478919748959995 -0.049494547943889 0.0246977888247156 -0.0725279509553728
-0.0218377323305088 -0.0897994150022183 -0.00222749597149036 -0.0974131654103266
-0.0196183516974374 -0.109479827230549 0.0525374379361747 -0.0394705793317311
-0.0499225536649649 -0.0651767862949492 -0.0214587884929492 0.0256422164403412
-0.0703006314093724 -0.015620939980727 0.0395790712172688 0.095221108652718
-0.0561584971902978 0.020663397197803 0.108509464588933 0.0494785954636993
-0.0215409713661096 0.0402037919562471 0.103013503884442 -0.0489367114271287
-0.000998345776242071 0.0392996154266325 0.0433267780485409 -0.0889843712846745
0.0216307375038315 0.0408923060851543 -0.00959705916159243 -0.0791083636206475
0.0305956882980273 0.0361888034321267 -0.0302218336191707 -0.0475591064028551
0.0286987651926197 0.0411595062869998 -0.0383584204921125 -0.0381166807887663
0.00147970944491175 0.0495049455308244 -0.0384983590812587 -0.0405598699616034
-0.0211343995710184 0.052376551991792 -0.0398006096355753 -0.0546375019691398
-0.0678191547904472 0.0340012800047715 -0.015175769889752 -0.0688789855940607
-0.0880285359246305 -0.0120813228011051 0.0230319052897875 -0.0719989139183295
-0.0580857396780164 -0.0782787767277429 0.0119179211849106 -0.0610107648081793
-0.0129998231503875 -0.125411886833225 -0.0158377468617927 -0.0681979075958949
-0.000499671984794841 -0.134538087776072 0.0433622093856002 0.0035259626413561
-0.0456534527402441 -0.109065046977713 -0.0333116756458119 0.0533302933636929
-0.0984771871716281 -0.0513905620696253 0.0254771592595914 0.122317675122961
-0.10051432504292 0.0165119394484183 0.106663038360437 0.0807618430048439
-0.0451357113163426 0.0636769105119438 0.108977601751916 -0.0270644326208839
-0.00590557943814634 0.0633056484691104 0.0519309989550309 -0.0680037502707217
0.026119983131423 0.0644353879553002 0.00181319993542424 -0.0619177913279242
0.0403113753069874 0.0544203226449013 -0.0194151439889032 -0.0309575882338882
0.039653377982707 0.0571286554107069 -0.0293263405345248 -0.0180875006999815
0.00664863057432249 0.0652755519639201 -0.0355825464074768 -0.0175435336212326
-0.0234698033260735 0.0685139889220561 -0.0478361770441067 -0.0333958638381132
-0.0837977811154873 0.0461184764828879 -0.0305436668114986 -0.0553816989326439
-0.10678423723102 -0.0145489148112272 0.00814220861837136 -0.0639121991162455
-0.0655677047276365 -0.0924186339142977 0.00612232713927076 -0.0475657950806145
-0.00567941580146219 -0.142255844819253 -0.0247493003456382 -0.0315615837634033
0.0204735069031781 -0.135839272558567 0.0258595267393501 0.0487470553536751
-0.0251904627644536 -0.133091703984133 -0.0481119738647626 0.0790451607015337
-0.102705752777736 -0.0850261534459587 0.00177294121942235 0.138916667343199
-0.126252842391602 -0.000376794646130274 0.0875936211618239 0.107688842781174
-0.0658913539276389 0.0718227728316476 0.102331557768814 0.0019921784491818
-0.0126091508993826 0.0768956104990914 0.0548694556184598 -0.0370021525550103
0.0258739710953928 0.0777524671501741 0.013654284341315 -0.0363687529839649
0.0440598017179401 0.0648372897198991 -0.00559707573388828 -0.00978335324884087
0.046278987719623 0.0646400772618118 -0.0169373042294825 0.00506660770601282
0.0117436185873324 0.0720549111992279 -0.0283285364584301 0.00799795767423363
-0.0226813824996079 0.0748526582534151 -0.0510262470001632 -0.00961650901841428
-0.0885833637634823 0.0492980970521413 -0.0416657814404481 -0.0383334822138284
-0.109588885972797 -0.0180805793911912 -0.00434069607495101 -0.0548288442683168
-0.0604625543598362 -0.0954427890098373 0.00623314643995398 -0.0336761446771741
0.00580179179856706 -0.139206392957902 -0.0293348216547135 0.00673048441926604
0.0360740807886866 -0.111444602902801 0.00617306716228157 0.0868120001731137
0.00206216453102729 -0.12854591542414 -0.0611418419762526 0.0967159767242258
-0.0815643402789682 -0.101001411215311 -0.0246803690144227 0.139303255539736
-0.125299649221164 -0.0218212044739031 0.0567392088757343 0.121017860069894
-0.0752706671379271 0.0643445070514853 0.0832026491916193 0.031321692406632
-0.0168885105934783 0.0753033267459907 0.0507927405853806 -0.00248416418002091
0.021480950704843 0.0775174241181644 0.023904633930423 -0.00649791726598567
0.041542510099106 0.0652928104499597 0.00806041434120139 0.0119737659865737
0.0454895773193882 0.063890296510732 -0.00354117396741988 0.0272757367209927
0.0137883922134234 0.0705868297450818 -0.0205788918015507 0.0319760330019255
-0.0210643723296294 0.0718432318919048 -0.0519415749064737 0.0127213939143322
-0.0857584941375129 0.0425234898538917 -0.0490323734114542 -0.0224220351979567
-0.0991359321073295 -0.0257108354996328 -0.0139583366513514 -0.0449831958441856
-0.0442162006904641 -0.0917545049014931 0.00730801220853091 -0.0215621150430891
0.0208234853492438 -0.117898286943019 -0.0330721141094336 0.0405723715522289
0.0415528119679783 -0.0669517947535854 -0.0115850360101219 0.112278563403498
0.023916042588926 -0.097177027946204 -0.0669142304916767 0.104627915537365
-0.0484807456365146 -0.0917105179615965 -0.0439376802778166 0.124965867537694
-0.0984742022536307 -0.0322389618254468 0.0251915521001595 0.118463349944982
-0.0664851238132332 0.0461645894415856 0.0579958976879961 0.0533304761937038
-0.0157206400499249 0.0608010398653361 0.0431636987755489 0.0279059217849155
0.0155403836296022 0.0632223483873556 0.0316962880796496 0.0210592175910243
0.0329314403965342 0.0551978451861049 0.0207053379370371 0.0307201643489228
0.0373615048906896 0.0547595071946366 0.00842801611795002 0.0471019293940033
0.0120608086588946 0.0614351102770035 -0.0148685898627368 0.0531441164857743
-0.0204265531744749 0.0621328856277163 -0.0533055471022447 0.0320159036907667
-0.0767042803314924 0.0294627480957742 -0.0558534661136212 -0.0101805821252632
-0.0788913546476142 -0.0331235925031708 -0.0231576503798809 -0.0372736050261232
-0.0206462158893074 -0.0804462676812634 0.00773685685220174 -0.0116586360215655
0.0363097392318825 -0.0826567207730971 -0.0380959128351498 0.066656236249712
0.038259113538181 -0.00974306952974657 -0.0197863176278533 0.119103917467035
0.0355130611794178 -0.0481297933934827 -0.0622241356452782 0.101316600637603
-0.0146462280132437 -0.0599860294577944 -0.0518711885465811 0.103535842175029
-0.0566790818563608 -0.0298616584726544 0.00230248350154086 0.10680270295256
-0.0433855970360679 0.0248265129219961 0.0372422990056673 0.0666076280702258
-0.00980929846226429 0.0366316111758108 0.0370873663629978 0.0493515388451868
0.00861482116839905 0.0390485351351537 0.0373029799918655 0.0409147596639055
0.0200280591762292 0.0369757447762773 0.0296943571840701 0.0442435516325546
0.0246273605985013 0.0380732968242469 0.0166308143672886 0.0631470451836914
0.00883438973094346 0.0460816001981956 -0.0126467396769765 0.0690879741046437
-0.0179356683000807 0.046239991173057 -0.0582677294878762 0.0461668278577445
-0.0599838362806315 0.0144093032534499 -0.064528742678926 -0.00336632550231417
-0.0511125205103075 -0.036054520819069 -0.0319347266879654 -0.0356053191941626
0.00410771091631875 -0.0595829508790156 0.0062956058552414 -0.00642677398706842
0.0472478685043561 -0.0363809743815463 -0.0454936961895937 0.0826115807346052
-0.0392521440201838 -0.017166489126065 0.0491417047032947 -0.0954995410346337
-0.0203017967985815 0.029200253490908 -0.0145329833177145 -0.0125761641527729
0.0136527740454566 0.0332218632205431 0.0351596192860898 0.050366778556794
0.0311072537762843 -1.97530048366441E-05 0.0821696473694147 0.0127030647869833
0.0100441385788433 -0.0203047533193272 0.079237239176611 -0.0548734239061364
-0.00301732017980365 -0.0159802014281309 0.0279094257598509 -0.0961881260437128
-0.000830466228500111 -0.0160008513851658 -0.019365894626725 -0.0843977706207028
-0.000212169609181945 -0.0143633657008609 -0.037363508412649 -0.0603708819956747
0.00285748642910256 -0.0101673894596512 -0.0412361510449599 -0.0557147355206762
0.00643189376808889 -0.00282345573449387 -0.0374214153932305 -0.0655629635083417
0.0135091944436246 0.00648803281793581 -0.0248796404077656 -0.07689075144534
0.00417941277022915 0.0238138431652359 0.0131615670483663 -0.0878648717441894
-0.027209751313841 0.0287834840167021 0.054708290977341 -0.0878103113208991
-0.0420614573966034 -0.00808820320401539 0.0448059329203215 -0.0802920583640666
-0.0346710732313793 -0.0415433475773945 0.013422468772376 -0.115319816013544
-0.0337179985596739 -0.0695131314491066 0.056234153768149 -0.0735327183340864
-0.0405843898680467 -0.0160625171926714 -0.014854971965858 0.00297728619984736
-0.02988808181522 0.0138531870703423 0.0420905385017456 0.0712908207400871
-0.00942115341888497 0.013661614685279 0.100147769182633 0.0271985990180189
-0.00233214846244867 0.00946846898959938 0.0933929572808777 -0.0580755415883951
-0.000764968394386775 0.0114391161121929 0.0354253582727506 -0.100208465951482
0.0124757433393583 0.0128663362756048 -0.0170685900747665 -0.0877151082135199
0.0163614291269889 0.0123240974259395 -0.0364209002297588 -0.0589946378045982
0.0147491185946433 0.0185780347809253 -0.0426962571870825 -0.0521083956060933
0.000372838351045778 0.0263594936330085 -0.0393545815497967 -0.0591999243269165
-0.010095431260178 0.0295033368713007 -0.0312061545866695 -0.0711320040810731
-0.0381877293789518 0.0237170702729567 0.00256053891504264 -0.0809616930752758
-0.0597463016503829 3.92918845257256E-05 0.0417405793489421 -0.0810884354478763
-0.0476038530132072 -0.051856928328859 0.028125473268068 -0.0735443980990462
-0.0214108371197351 -0.0929429640418099 0.000232723198560997 -0.0995549609111081
-0.0183272056173671 -0.112728663117313 0.0545492623426298 -0.0399391370352976
-0.0501382211860849 -0.0675049088958023 -0.0232443003078128 0.0261195515891562
-0.0718416082813022 -0.0168898639026235 0.0392006476011059 0.100426327971304
-0.0586336267870411 0.0207888089028415 0.112988110311613 0.0532751537693274
-0.0224556931752897 0.0409009936261782 0.106718951731851 -0.049068919097367
-0.00240921801945828 0.0405069724552554 0.0447182865620795 -0.0918421410086256
0.0220403949120968 0.0420768974590693 -0.00946964390426387 -0.0808443326137924
0.0308512399671261 0.0370628969515211 -0.0302363379347215 -0.0485353661031034
0.0282727352358198 0.0425095344865523 -0.0390324056348183 -0.0381306272641805
0.000637606349007757 0.0510277068210845 -0.0402670887456338 -0.0416903101257007
-0.0228203964218843 0.0528736812839419 -0.0422445252898619 -0.0562788452261965
-0.0702003809668598 0.0342972097364081 -0.0151549084541151 -0.0720936380347486
-0.0900845564178114 -0.0132572819084736 0.0255356812089719 -0.0758614247745848
-0.057957789714528 -0.0817574642291186 0.014624425487524 -0.0628760282208204
-0.0119290793887461 -0.129123918146493 -0.0140878946723834 -0.0693880336655013
0.00176438896368659 -0.137502726934033 0.0450391331483583 0.00425766852430739
-0.0450033456202362 -0.112159155873898 -0.0355815441384048 0.0545173207924922
-0.100659240356281 -0.0543233134827481 0.0247777005643268 0.128654475243561
-0.103756277120023 0.0159472588301761 0.110610689848668 0.08509441351302
-0.0474146160052969 0.0646743995716536 0.112696680479081 -0.0267180435145585
-0.00729601646788475 0.0652625412976615 0.0539857667742907 -0.0699146712522479
0.0263355920225796 0.0659496552730409 0.00143160327950711 -0.062955041554116
0.0410788031209186 0.0561512164933301 -0.0193848065421201 -0.0317205362345343
0.0399664243152181 0.0586010306803077 -0.030785595391034 -0.0180936525037659
0.00581794281230806 0.0670628651228711 -0.0373730731926138 -0.0180779133678863
-0.0253502320119017 0.069571906497411 -0.0508695194623725 -0.0348881960782928
-0.0872026925716264 0.0467346087970918 -0.0318619054820901 -0.0577277596342895
-0.108928006402972 -0.0165315329959564 0.00907363724228635 -0.0683211476268345
-0.0653143862647994 -0.0955745545533208 0.00777580437494389 -0.0492268430010889
-0.00380027652182048 -0.14612388559926 -0.0238979457232902 -0.0316381216886203
0.0235263678715228 -0.138960662096184 0.0263156467645044 0.0498995082549025
-0.0233657482452215 -0.137260965190676 -0.0514397057092054 0.0805447025241662
-0.103988796475836 -0.0890286466082715 -0.000456162277758654 0.14512874746866
-0.130932790937122 -0.00187690756109523 0.0905994389050587 0.113148285683414
-0.0686231179748725 0.0733574345442975 0.105725542551907 0.00339630211811792
-0.0141022177130325 0.0787186271681085 0.0569031845185727 -0.0380143023042407
0.0258165973608573 0.0794321736927923 0.0136191023669022 -0.0363991367353339
0.044936148966865 0.0666364383279302 -0.00601238326447647 -0.00976979659053306
0.0464904451799087 0.0661523637762566 -0.0181149594393396 0.00573767879621142
0.0109402593386349 0.0742224233533082 -0.0306639314633554 0.00780392485906004
-0.024175881537546 0.0764484308239366 -0.0542804819178209 -0.0102739265605158
-0.091592831287206 0.0503031248046658 -0.0436545392143751 -0.0409773587863698
-0.112189087780973 -0.0200092004672337 -0.0039736530995125 -0.0585327215095346
-0.0605204461622894 -0.0988282979927259 0.00742693176886527 -0.0354649058779104
0.0075167126290419 -0.142646586744874 -0.0294076868003466 0.00759195747625756
0.0392347854139953 -0.113955529658292 0.00479090386011308 0.0890915532030878
0.00455623488252887 -0.132878326020908 -0.06523248713344 0.09868125411025
-0.0823841090991029 -0.105518018633404 -0.0282650281914956 0.14502327890845
-0.129361380920865 -0.0234148055563167 0.058106381135611 0.126511182212845
-0.0781481487395134 0.0647516250764629 0.0851522785836325 0.033463683674791
-0.0184467619640165 0.0772873607502196 0.0528578138747708 -0.0025647979177013
0.0219526056728108 0.0793410444394381 0.0237768699081901 -0.0065456453154312
0.0427789425117685 0.0667958966915457 0.00740941806085738 0.012158003358473
0.0457081072865651 0.0651860738602382 -0.00473633974708413 0.0286506153116193
0.0133039228746548 0.0722538468374097 -0.0228781345254518 0.0324765732028391
-0.0223470621770056 0.0735042542162281 -0.0552939169006426 0.0127878022882493
-0.0887236400582263 0.043285299504991 -0.0516758066163906 -0.0239588403271483
-0.101608440230148 -0.027225176983127 -0.01443630201638 -0.0480198537306827
-0.0436578048578987 -0.0944557100032594 0.0085867600680603 -0.0228827586587351
0.022886450931471 -0.120912380845156 -0.0339520744653972 0.0421817886476182
0.0440804253502367 -0.0680169798263593 -0.0143243584621932 0.114141127487017
0.0266697875147258 -0.100719291369182 -0.071238204919939 0.106352757348365
-0.048562317190376 -0.0955294761803579 -0.0478539494295421 0.12950778948881
-0.101799751213306 -0.0338872284556575 0.0253558776913077 0.122856667658949
-0.0686579551890931 0.0469991127059892 0.0593832961535252 0.0551970003010552
-0.0169707362753983 0.0618073156974191 0.0450325147346273 0.0290324288368752
0.0156573387970247 0.0648776048858854 0.0319052184318921 0.0215902656659802
0.0343030591240492 0.0568129835895916 0.0200640139600824 0.0317668554894877
0.0377131761647385 0.0558543381793577 0.00727841633367979 0.0490298591962507
0.0118905442046751 0.063206465712858 -0.0164378514980103 0.053591635934993
-0.0210749915449224 0.0632088423785099 -0.0569165108746348 0.0325481022883995
-0.0795180682703718 0.0302440071208358 -0.0587425279364269 -0.0113972138465252
-0.0807975437140461 -0.0349088919947458 -0.0236330054709316 -0.0402432733793923
-0.0200989720185861 -0.0828657872774135 0.00845027795221433 -0.0128692135569216
0.0386354065801745 -0.0843808755453846 -0.0395225823973971 0.0684270715336271
0.0407124723082481 -0.00982080590336032 -0.0235182479246771 0.121459637050691
0.0377729583770591 -0.0495109349008757 -0.0669222480518653 0.102903907298435
-0.0148781889562161 -0.062193482978733 -0.0557272429396942 0.107456552987646
-0.0587537666640878 -0.0306573480841718 0.00219968912416825 0.110734975296508
-0.0445550737290413 0.0255232061733385 0.0381932392465901 0.0689900072930624
-0.00999253264502826 0.0372172108451061 0.0386274763548959 0.0505699823710413
0.00879444008687994 0.0401133583657874 0.0377903223786597 0.0418604258181842
0.0211228891010873 0.038256530778286 0.0296275391439764 0.0454494586933968
0.0247825747969583 0.038921369153998 0.0157455737686578 0.0648025750597046
0.00910210607980464 0.0472558394328151 -0.0142553632282051 0.0703888843099901
-0.0184893185197083 0.0474461743133218 -0.0612856275700629 0.0472374131135258
-0.0621408943989988 0.014921532222507 -0.0674338081946777 -0.00455837250494307
-0.0521529221771937 -0.0370475801279235 -0.0329670474416196 -0.0382169390979652
0.0052812211178156 -0.0609474540544275 0.00664162480051043 -0.00737291428980076
0.0495331386415324 -0.0374449044087999 -0.0474273890613136 0.0846548409306794
-0.043275287468139 -0.0146036984264041 0.0482315993554907 -0.104035757431236
-0.0176187103837122 0.0316952843474794 -0.0181572867725154 -0.0131007364361683
0.0186462177135487 0.0329120527587955 0.0372528804418381 0.0519903944115448
0.0334278469121983 -0.00470636810197244 0.0866742833175193 0.0116220380645926
0.00838968349800993 -0.0232340692853631 0.0808649953793087 -0.0619593259932553
-0.00594933593096658 -0.0165983637097593 0.0230346116655848 -0.101316170573141
-0.00361566726594183 -0.0166807295344818 -0.025197712795631 -0.0849658850080966
-0.00230569873598284 -0.0146133992644501 -0.042182988679786 -0.0603588374852834
0.00104372837965043 -0.0103103056274352 -0.0475936810282234 -0.0555147276804659
0.00704149556261308 -0.00372023754329915 -0.0455508621008962 -0.0669390389335135
0.0151856854177625 0.00467166550513794 -0.0331158295434473 -0.0806127133587038
0.00790564252650137 0.0247210599267407 0.00828001595381533 -0.0969823860479316
-0.0235437248225032 0.0334408695283047 0.0537902085287916 -0.100637771237755
-0.0438253212579337 -0.00415915017061135 0.0474253557884035 -0.0865367647689225
-0.0381603899611327 -0.0421637950026534 0.0102508402324589 -0.118655488114063
-0.0423393079901756 -0.0678203262907661 0.0604704861188508 -0.080848619797922
-0.042492848979586 -0.0124120418170106 -0.0148503965073533 0.00172916105006281
-0.0278949217765989 0.0173937973364802 0.047880347604663 0.0698076902180396
-0.00719040165325636 0.0136232191846461 0.106374388617911 0.0215254846404656
-0.00154216083643666 0.00791185522380498 0.092979253623268 -0.0665377126104706
-0.00160974809152273 0.0110192756172846 0.0286851707746298 -0.10619118326453
0.0134269480913477 0.0115208377069418 -0.0255187968101372 -0.0893593395747632
0.0169653082285876 0.0111629415393851 -0.0420949828417806 -0.0580645172062415
0.0160882111812968 0.0177009180218955 -0.0487811605952511 -0.05159053071807
0.00289214114517725 0.0274578481736691 -0.0474202886670721 -0.0606462488705973
-0.00692455899972107 0.030246108106414 -0.0397136947013106 -0.0739280579996326
-0.0358746923887421 0.0281719881358643 -0.00162549860267085 -0.0900285018788891
-0.0596939084087432 0.00660256418725499 0.0424347028194403 -0.0922518836231277
-0.0522564824306211 -0.0505066480126496 0.0281671607033305 -0.0765213284149277
-0.027756148300108 -0.0978276371012322 -0.00534977981459342 -0.0991782399692338
-0.0308251629881522 -0.113188192634435 0.0638768145814739 -0.0445619529382712
-0.0569350962846722 -0.0627937520058567 -0.0189476311789071 0.0262303733275396
-0.0734397412028981 -0.0100600965443036 0.0497324132019598 0.0972038138734596
-0.0559143970114609 0.0268158352107424 0.121169365742401 0.0435228288329541
-0.0191925985153012 0.0413535004977097 0.104964432905254 -0.0593119844450296
-0.000647305120372076 0.0411394332512978 0.0381396387556085 -0.0984065857047222
0.0262698530815595 0.0410203712972318 -0.0196431836336232 -0.0833436223396582
0.0339078802960114 0.0356969655408481 -0.0348740970529514 -0.0476053124910364
0.0321644285249038 0.0409818751918617 -0.0446180961455701 -0.0372162127541717
0.0054367729317659 0.0526502832529529 -0.0476378236951889 -0.0423367503694739
-0.0179953174161546 0.055288359744556 -0.0509136595024002 -0.0581392061951338
-0.0682470330363989 0.042138107200438 -0.0201418859745221 -0.0798376437248241
-0.0928629238910563 -0.00550092273723396 0.0263293949380319 -0.0857963574592034
-0.0655258781832227 -0.081134847665568 0.013880429553055 -0.0622044951646087
-0.0201289247770098 -0.136868920330051 -0.021130224406846 -0.064537551577157
-0.0116242673289107 -0.140257239149957 0.0569676825683093 0.00310891603196991
-0.055233731790095 -0.109281629833436 -0.0275771281216991 0.0566091193994383
-0.107002033368397 -0.0446432893445848 0.0394892793319556 0.124842362311532
-0.102901750156978 0.0279312793554285 0.122584416191594 0.0735190455301679
-0.0413289436884584 0.0682584971054184 0.111045603651172 -0.0384518750211637
-0.00343744864609388 0.0666017964468392 0.047574357783377 -0.0772851580603584
0.0340518717955523 0.0644497884048297 -0.00880676119303691 -0.0668731127809264
0.0459474438488456 0.0543090854452929 -0.0229786333506276 -0.0303421300646419
0.0461666736290246 0.0561042094415818 -0.0343418651711349 -0.0153871127307901
0.0123425235291417 0.0690785057637757 -0.0430816508854328 -0.0175385690154518
-0.0195789649994561 0.0725788916840941 -0.0590389675982468 -0.0348388312368653
-0.0844766904720937 0.056377538180176 -0.0373126124237819 -0.0638387433318692
-0.112872206048844 -0.00746985071564921 0.010088939513273 -0.0764610864427895
-0.0747413209407538 -0.0956610054249911 0.00691283873949215 -0.0465722871944059
-0.0133399543240491 -0.155601869652111 -0.0310840696479711 -0.0238816745275303
0.0111171659378684 -0.143399464993768 0.0396938730429992 0.0530698342860192
-0.036307510558812 -0.136686823317963 -0.0413161666873461 0.0863606069470198
-0.114244069294613 -0.0794029643713292 0.01741892407959 0.144345116944066
-0.132776086177546 0.0136604206210375 0.105343865989107 0.101109163699543
-0.0623074039041592 0.079700816969181 0.104699017086922 -0.00810606274917479
-0.00890796974174259 0.080830102571407 0.0528432227035421 -0.0447844964969483
0.0358476642574273 0.0787689758501228 0.00498006499091007 -0.041061703903735
0.0510605993608858 0.0648345165659909 -0.00777181265338307 -0.00821457917509704
0.0530883819576012 0.063128882006879 -0.0190770734939308 0.00819317489922459
0.0179128257274373 0.0752700108460481 -0.0345205354186318 0.00935539023361989
-0.0177103078827168 0.0791385164022351 -0.061530636645523 -0.00839179834804809
-0.0892760738708393 0.060762032596743 -0.0491145642319263 -0.0441951270384837
-0.116786071600371 -0.0107571264871524 -0.00282466016078333 -0.064759084449337
-0.0698975264513967 -0.0992056699833956 0.00657867227656862 -0.0319787380603047
-0.00147099726493799 -0.152856488172164 -0.0356446990016555 0.0175658266034613
0.0305348164411483 -0.119087192479165 0.0164184623383989 0.095394390165947
-0.00612529756885161 -0.134770173377598 -0.0554885316512324 0.106933292279598
-0.0938907110148562 -0.0989416707749604 -0.0105771654866776 0.147777410740674
-0.133938420689313 -0.00801587356266464 0.0742076861940304 0.117995732786062
-0.0721069283554323 0.0731002825338882 0.086543398258378 0.0233555622674265
-0.0125795136032382 0.079879929885543 0.0509320787517874 -0.00798021563961354
0.031839396240993 0.079497608326739 0.0179303393439848 -0.0113100115906965
0.0488121070747534 0.0651552520049782 0.00783342842376943 0.0134866984393779
0.0528523080936547 0.0619653483536752 -0.00381579700814249 0.0313033867454827
0.0202433330465609 0.0730421856037311 -0.0239811708409652 0.0348960763210317
-0.0166456296538692 0.076229113167627 -0.060712093393416 0.016242027681536
-0.0868487252752038 0.0532582029240793 -0.0565144231446509 -0.0257519191117352
-0.107006717411459 -0.0194694535803145 -0.0139364100074998 -0.0524181065446269
-0.0522404129557697 -0.0960755947400958 0.00710972987855098 -0.0194979875730374
0.0161277893129285 -0.130734241432519 -0.0389290935829097 0.0520352593289413
0.0408389275005714 -0.072749848989144 -0.00582611507504249 0.122765178823215
0.0186397116713893 -0.103667400740415 -0.0637212552011688 0.115905398965944
-0.0592179237301012 -0.0915216036744786 -0.0333446559792084 0.134636555481814
-0.107340116499099 -0.0214780920040804 0.0403794529871288 0.118796031785706
-0.0644108246306501 0.0546485418635368 0.0621142525422542 0.0482729035254025
-0.0121186263642503 0.0642389946872017 0.0456760931640916 0.0254166426590431
0.0241768682764487 0.0653139012009362 0.0294139578918757 0.0173037145933116
0.0394835490569496 0.054934980435045 0.0219813713592581 0.0325917163565326
0.0443049595655051 0.0524794792121779 0.0104561779318856 0.0516565743492556
0.018506107498302 0.0634406408980218 -0.0156618559995166 0.0573014356878913
-0.0163661985111262 0.0659008938488617 -0.0605517337060695 0.0374186879347298
-0.0787984997049089 0.0386821031510867 -0.0630488531560128 -0.0109322433376935
-0.0863596958460997 -0.0293792874454105 -0.0244575149783023 -0.0423456671350608
-0.0267222492101945 -0.0848107894896344 0.00697837104567095 -0.0102758964250777
0.0347198675959922 -0.0934520834829106 -0.0434082996907149 0.0778657139521343
0.0424418412497548 -0.0133744804888776 -0.020044147588306 0.129367319326686
0.0349599064901968 -0.0529555029742681 -0.0624132832102919 0.113241126606136
-0.0209707585794256 -0.061129593764095 -0.0467278101396778 0.115036681054334
-0.0628704504720635 -0.0229290714561402 0.0137110701404731 0.110885235203763
-0.0407596645762056 0.0310470877000925 0.0427022660876297 0.0656061793110137
-0.00651026526087382 0.0386457108227658 0.0417171854821638 0.04846421534658
0.0144111004751433 0.0400479421356035 0.0386157428185789 0.0383621895762101
0.0252104918198349 0.0372887452440238 0.0327017812962726 0.0456962367080344
0.0292257667442197 0.0370900442030589 0.0205259493765215 0.0675430716307722
0.013692096012328 0.0470407877016802 -0.0119754320506471 0.0745411069753936
-0.0145272275185788 0.0494079202401729 -0.064126980522151 0.0535459193777578
-0.0622061290650955 0.0210849518507038 -0.0724427861191632 -0.00236224928757487
-0.0567812198138452 -0.0343032400145217 -0.0355821310201864 -0.0387682365745288
0.00118681652444726 -0.0647279349578021 0.00500523301617982 -0.00655146562158037
0.0488424640457809 -0.0439697144845967 -0.0495647728958796 0.0921290753281062
-0.0456465346506561 -0.0136545901198864 0.0460608250422017 -0.109595596642708
-0.0166091414349336 0.0336547183655212 -0.0207183278736995 -0.0121986388518676
0.0210736543517215 0.0335448219762878 0.0412908135970732 0.0535582781463031
0.0341115365164319 -0.00676819546884256 0.092167241668492 0.00933991390466225
0.00754477341039035 -0.0240552571536105 0.0823237239852792 -0.0670858332021422
-0.0072516811893034 -0.0165150922529426 0.019328071162808 -0.105862244033313
-0.00517252991139701 -0.0170667804753414 -0.0296326534301988 -0.0865335164349088
-0.00329470147296847 -0.0149299164783752 -0.045762406657464 -0.0610553799568518
0.000487954155329384 -0.0104847564407824 -0.0515945988826253 -0.0553636631007355
0.0065598075285702 -0.0041704062728548 -0.0505235833204451 -0.0667202215225225
0.0155566414721364 0.00350956397134573 -0.037314936731263 -0.0818479123388376
0.00907693092658354 0.0245868565464406 0.00480397000896284 -0.102603399371247
-0.021823677469341 0.0358947255093353 0.0516571620189692 -0.108704449087359
-0.0454154077964431 -0.00383338894728748 0.0476064610027945 -0.0904302032614648
-0.0416267308830183 -0.0421379363495405 0.00814949096721909 -0.122742818580211
-0.0467332846950028 -0.068933777912729 0.0598174992124305 -0.0860443934972116
-0.0440951192215125 -0.0111553260593835 -0.0166850957108354 0.00296675967585015
-0.0272995935635799 0.0189624023726482 0.0531255276015043 0.0726012900654703
-0.00652831177389001 0.0146510186651753 0.112661398830394 0.0190093005975599
-0.00204323378774435 0.00788459767784379 0.0939940659288605 -0.072174207606142
-0.00172206397209755 0.0118447673989363 0.0247223349828046 -0.111210863733984
0.0137015641187119 0.0115808671982313 -0.0297581891431871 -0.090487020106123
0.0178618405562038 0.0111306639139386 -0.0450294512278822 -0.0581336059177236
0.0173678119609203 0.0181891600024598 -0.0526426345550209 -0.0507557774297775
0.00361090871702216 0.0283564448003226 -0.0525633896418623 -0.0598298332985845
-0.00613807865597566 0.0313298268863647 -0.0448285254801426 -0.0750505123212638
-0.0365110982494393 0.0303794402402859 -0.00552085789281359 -0.0941811571651578
-0.0606703462006303 0.00824576287141814 0.0401466293147081 -0.0996672195649747
-0.0554253598609067 -0.051635822287866 0.0282586261358522 -0.0797219170454953
-0.0326585635944025 -0.0999180090832259 -0.00721907002797975 -0.101368649326703
-0.0358046908709094 -0.115646972467587 0.0648153709556098 -0.0485784905338352
-0.0606334805531133 -0.0630320348384959 -0.0193216365295162 0.0285024513359098
-0.0762278532384694 -0.00727873925614006 0.0560938810698092 0.100473101523087
-0.0571184285060972 0.0304806320292799 0.129302919715723 0.04138386326608
-0.0187731724311328 0.0432800854577746 0.106970220469575 -0.0654725876121715
0.000509079855638877 0.0430320871553986 0.0353724576442643 -0.103550004422186
0.0283780453629415 0.0406575716845724 -0.0240693458732857 -0.0844834442485422
0.0363703592636894 0.0351914663216208 -0.0379110625549845 -0.0472769103933502
0.0344704610354822 0.0411117102672107 -0.0478220298435881 -0.0354245993715594
0.00716032686150418 0.054716804450544 -0.0524145411701555 -0.0410470940840874
-0.0167412877391304 0.0577200375474063 -0.0560460743440583 -0.0577448129955408
-0.0695616898146887 0.04618962965296 -0.0243169891981694 -0.083067410989832
-0.0950584152629104 -0.00257509789083515 0.0235924593587728 -0.0921021525510291
-0.0700685505875314 -0.0822697619309162 0.0136224991957805 -0.065089646497438
-0.0262757293982676 -0.141254280259264 -0.0225886415561563 -0.0655710463627521
-0.0167679590117952 -0.144427450938931 0.0593112906053291 0.000402745007463288
-0.0609572315426053 -0.111211590774423 -0.0277427308774586 0.0599811076323258
-0.111754530415269 -0.0424259090109869 0.0460920729272595 0.129930023526939
-0.105552059326814 0.0333818939454676 0.13141420771946 0.0720359141381729
-0.0405681548841335 0.0720636511923867 0.113796979228009 -0.0438339022674473
-0.00138186922792894 0.0694853240350255 0.0456779857964161 -0.0819101722668546
0.0377521286465513 0.065258356503383 -0.0120257942356417 -0.0674028086038882
0.0496320543735344 0.0539101636181697 -0.0248766247688192 -0.0301428870292532
0.0493138336375664 0.0559695938016885 -0.03621877121314 -0.0140347608579058
0.0152047795021148 0.0709766963884012 -0.0472953074240759 -0.0158383216497723
-0.0174265961259855 0.0756265057706632 -0.0644667988481028 -0.0330334357838898
-0.0856339187562555 0.061559141081587 -0.0425112539675963 -0.065465184737215
-0.116366866412995 -0.00339835036145389 0.00668591857034318 -0.082277867006664
-0.0799130679586868 -0.0966686683576297 0.00668241877071549 -0.0496157390834341
-0.0198251074303405 -0.160416078014207 -0.0316212724248674 -0.0224678990274324
0.00724027205376327 -0.14822385973004 0.0425450935942187 0.0527744125476329
-0.0412216776088015 -0.140481882425447 -0.0409614248926544 0.0910205921219219
-0.120932434949472 -0.0784179448967623 0.0230662411748139 0.150475638308662
-0.137569285357555 0.0192873363090592 0.115113905876674 0.101920316674564
-0.0613402481192495 0.0844177404574215 0.108630979462523 -0.0120141719144945
-0.00633024345442021 0.0842530913786304 0.0522874401179961 -0.0490716153012413
0.0401498329474647 0.0799837988961871 0.00273698252084792 -0.0421535285597129
0.0561394334628076 0.064344551693884 -0.00861597532726173 -0.00824541212315209
0.0572986864504955 0.062772814188536 -0.0201451097885392 0.0101303174306232
0.0217692414108424 0.0770368940820401 -0.0365697470839626 0.0114053032416028
-0.0153248132456265 0.0825823852249081 -0.0654162882502503 -0.00497154831928192
-0.0903115919855467 0.0663263981871834 -0.0539973322950783 -0.0449049366604376
-0.120791432047465 -0.00673551323265604 -0.00723572696045031 -0.0693871242316142
-0.0751851492138641 -0.0998352519053367 0.00647543448870901 -0.0343334816971771
-0.00739231625077454 -0.158605541605419 -0.0348898317766338 0.0198009162797581
0.0284736498742711 -0.124488007477724 0.0199565328829763 0.0976092320170844
-0.0109289415122549 -0.139991005085643 -0.0543881551456698 0.112963009689334
-0.101177193452284 -0.099431550006935 -0.00564007900331452 0.154905746757257
-0.139672425826845 -0.0025551931443244 0.0832316274958372 0.119527592308368
-0.0716992270082158 0.0781167678307117 0.0904350177012798 0.0213755889623705
-0.0105367610772681 0.0832500133575896 0.0530557320076716 -0.010906359395243
0.0361609854398398 0.0801827422437476 0.0176077496927405 -0.0122258666952924
0.0536069643066588 0.0648551215857602 0.00832184918372859 0.0139649042672333
0.0568370472086863 0.0615909849540863 -0.00297533653330923 0.0329641324437002
0.0241112400831809 0.0744486013847857 -0.0248079868345452 0.037045370525205
-0.0140009815449375 0.0792229553171136 -0.0637611916796602 0.0200111151850725
-0.0881462409235821 0.0592580569878318 -0.06103652219885 -0.0250856392117716
-0.110977588580448 -0.0157223480736135 -0.0178297311746934 -0.0559029639570867
-0.0567657380109354 -0.0971290623696828 0.00775697427691556 -0.0219818893135947
0.0113314965374275 -0.136160194328118 -0.0371546556181895 0.0557625450615522
0.0408775614213452 -0.0778000191658777 -0.00318758102653845 0.12633706335115
0.0164783903413652 -0.108821765568043 -0.0635380446277754 0.122771330790348
-0.0648233219360113 -0.0932429956290055 -0.0307925611176619 0.142936787298831
-0.112751990675873 -0.0176974530253825 0.0470017552371903 0.121683768765849
-0.0637865933705367 0.0592496174770567 0.06636767654134 0.0478857561727645
-0.00983663248142994 0.0669706656113046 0.0484990797680524 0.0235667315229823
0.0284102601313253 0.0664042790875639 0.0306278725536613 0.0162127434661103
0.0440916690894859 0.0554253733830467 0.0236094976141345 0.0329989672391264
0.0479094246457322 0.0527515850074468 0.0124342884124578 0.0532349493073265
0.022474060934714 0.0647558101057921 -0.0152265365108718 0.0596946851813583
-0.0139200520498116 0.0687371814974018 -0.0626632763370326 0.0420675827211458
-0.0798533081380767 0.0440016181330343 -0.0675879235721402 -0.0091645750938739
-0.0905816906400792 -0.0264204775112388 -0.0278615871840382 -0.0449922013487176
-0.02949113301581 -0.0870108357285871 0.00708229657625926 -0.0123120287347982
0.0319820234649409 -0.0983447205513763 -0.0412528305673204 0.0823457964267622
0.0442119851856613 -0.0160606434632245 -0.0176222579724451 0.134547344644242
0.0343377641189531 -0.0568730535854794 -0.0623198678834461 0.119460995465861
-0.0243126476336939 -0.0620353268419442 -0.0453751275364444 0.122348309216519
-0.0666699996137821 -0.0203815390829496 0.0191453970893308 0.114688998214734
-0.040510413286003 0.033753242470545 0.0472996300034264 0.0664817021203369
-0.00515730651349469 0.0397289925434366 0.0454831776319704 0.0480386955800774
0.0168762569954401 0.0406985877705429 0.041299341046953 0.0373408976016677
0.0281950272678169 0.0368740109569176 0.0347167973251804 0.0460821764249845
0.0325532735943432 0.0364234183348447 0.0232314638592426 0.0687673530187474
0.016902831094978 0.0476015823454224 -0.0108891016399338 0.0772838230979856
-0.0127112361314124 0.0513708409164103 -0.0655993116360182 0.0587429955852839
-0.063705091776185 0.0253863902850868 -0.0762930913604941 0.000187096841565484
-0.0605644154543138 -0.032388703782893 -0.0392662170798766 -0.0402376129351915
-0.000879869697090353 -0.0666653157718509 0.00501461671757202 -0.00832346943958847
0.0486896189027987 -0.0475972887865985 -0.0474312533318828 0.0974222262979759
-0.0473681020216488 -0.0118467646288203 0.0418566773323442 -0.112441399527312
-0.0147711811629761 0.0345068182672332 -0.0224638530263427 -0.010670763814916
0.0231494249061586 0.0322211391816923 0.0451831265174164 0.053854854725103
0.0337894462394894 -0.00888518026087721 0.0950695133294453 0.00569461903826678
0.00562596137163073 -0.023580496013306 0.0807178029965881 -0.0719516280160714
-0.00852457470666803 -0.0155211144363125 0.0141520583990926 -0.10718823730034
-0.00676528585523218 -0.0167731099339212 -0.0338873490962644 -0.0861294521273825
-0.00467483665541796 -0.0143502566047901 -0.0481258663825581 -0.05897557780798
-0.000553149602934039 -0.0102459156832017 -0.0544058516876377 -0.0529298436999685
0.00607664257554672 -0.00413862116832395 -0.054589062263199 -0.0639826838026608
0.0158067794856826 0.00206638688633143 -0.0423657943910699 -0.0808499013813667
0.010484562856704 0.0241591029659266 0.000420360200380603 -0.105272920336573
-0.0191820864672987 0.0368960384887641 0.0473383739851014 -0.113141313381547
-0.0463626313559171 -0.00240810440790016 0.0471267289932806 -0.093057580997648
-0.0445694702435704 -0.0401086818323277 0.00478370143270148 -0.124087147774755
-0.0502275577055278 -0.067407903936253 0.0571698334307725 -0.0896884097359073
-0.0445728456716156 -0.0097830474768606 -0.0175155838722083 0.00463662321509755
-0.0267009071513725 0.0200536085345589 0.0581257303414663 0.0722624916954603
-0.00633478747511857 0.0149652066296383 0.11631149269746 0.0142541318342464
-0.00235667410362336 0.00874678353916783 0.0923638498510555 -0.0774497219137378
-0.00165701245882153 0.0131123301084718 0.0197283859376063 -0.112910872254374
0.0134588750845163 0.0110456845947617 -0.0345916678067141 -0.0892031042161355
0.0179584505306895 0.0103782327047185 -0.0479181640555457 -0.0564198397064833
0.0176599499360983 0.0178201911085753 -0.0556360412435691 -0.0477318835615859
0.00468978656934566 0.0289770701125528 -0.0563504332724011 -0.0569051903134177
-0.00516817603171555 0.0310344216121134 -0.0496216494445715 -0.0735889777869951
-0.0357422922146592 0.0319462857286329 -0.00986965339038642 -0.0966634403592885
-0.059346443631323 0.0107445295827587 0.0360901071101794 -0.104461968256479
-0.0582035657382083 -0.0499816270042919 0.0273104996268564 -0.0815802074436329
-0.0375278956872818 -0.0992825368434818 -0.0100128515885537 -0.10158561500504
-0.041102286033872 -0.114815484275876 0.0637039402291181 -0.0520090555243709
-0.0633630892974705 -0.0612175300640943 -0.0193137479490476 0.0302119533704505
-0.076719978566659 -0.00419364116212978 0.0619205702657693 0.100940765233858
-0.0560454826902041 0.0332711778336573 0.133996022718804 0.0360691631582013
-0.0175172224243935 0.0443810919509577 0.105410400691291 -0.0703109159295188
0.00227295751749136 0.0442917455840871 0.0300681611489109 -0.106276271879439
0.0301283825059764 0.0395838361870156 -0.0279860788237525 -0.0829505852165538
0.0381158613000272 0.0333107562321919 -0.0402606394155493 -0.0457875861531871
0.0362851549497621 0.0397726914945873 -0.0499129222401561 -0.0324731845776142
0.00947422385785888 0.0553526626832495 -0.0559311246208506 -0.038205686955132
-0.0149578781771856 0.0581636622001686 -0.0611174940293623 -0.0550440625931968
-0.0680964089517824 0.0498276821980579 -0.0291044338250763 -0.0845299238918473
-0.0951027864420187 0.00152535164900838 0.0190655758094741 -0.0969130364149359
-0.073696159875784 -0.0808406152305898 0.0125501266555489 -0.0667172197745225
-0.0332865218533709 -0.141284786869931 -0.0238050696281438 -0.0642320001001339
-0.0227468073619349 -0.145031724343934 0.0598228529450093 -0.0020816725523811
-0.065338041494254 -0.109689624967446 -0.026727587394558 0.0617982091836978
-0.114555080560491 -0.0381027206965991 0.0530179193640246 0.131399446043599
-0.10590230501537 0.0386128051400994 0.138127227079191 0.067241110120969
-0.038362465551481 0.074154446360136 0.113401120233457 -0.0488219256171031
0.00155257323787043 0.0709342227936714 0.0425188906456123 -0.0854427861272272
0.0410153864726918 0.0636945996685649 -0.0153237979003549 -0.0663979229624952
0.0528531457617597 0.0515681771605373 -0.0263073455839061 -0.028858489353937
0.0514750570369329 0.0540276792063443 -0.0371722254505742 -0.0114124516246188
0.0182357827290147 0.0708969520857716 -0.049712606212109 -0.0129015457753784
-0.0149365886147389 0.0764829103081549 -0.0679670401720364 -0.0293341367118567
-0.0837897157706465 0.0666379457390602 -0.046810482392017 -0.0653907390867294
-0.116821422744958 0.00152153747989402 0.00201288680699235 -0.0858028054522168
-0.0837628086872766 -0.0944428769217072 0.00590346433320281 -0.0510424686486223
-0.0275994253501036 -0.161063867528815 -0.0312309308797878 -0.0210640865416646
0.00202120349709254 -0.150003993379935 0.0446456387140472 0.0509067785084784
-0.04718550719225 -0.140257438481752 -0.0387712713584961 0.0932218447738243
-0.125624205317693 -0.0743522267318069 0.0299667740388464 0.153295310499842
-0.137858335186175 0.0268234229620087 0.122448249992117 0.0981549169402995
-0.058355856531441 0.0877339125126813 0.109410283204072 -0.0171433443412299
-0.00243431807349275 0.0861307887353573 0.0505230092652823 -0.0519991175626046
0.0446563595832716 0.0782525664493854 0.000691065527381543 -0.0414075916653211
0.0595611172677786 0.0614899155841433 -0.0090381928806886 -0.00767837741431254
0.0602739349302969 0.0602891656090599 -0.0201636067318641 0.012127467344362
0.0258997126180774 0.0767016351640337 -0.0379986807909578 0.0140526990820462
-0.0121865598088897 0.08379125418014 -0.0680343686006303 -0.0011367995157204
-0.0880742439790701 0.0718396940954245 -0.0578279137269775 -0.0433448953092164
-0.12166228012774 -0.00129958102629335 -0.0116114154757074 -0.072214289344953
-0.0797174520935405 -0.09812682933735 0.00559257851023003 -0.0362312305800556
-0.0147371494375269 -0.159402585172134 -0.0329739249214143 0.021733995682906
0.0248292335991201 -0.127261643456873 0.0229692192549429 0.0973056434337142
-0.0163802026425264 -0.141696194229468 -0.0518814365305542 0.116543767984165
-0.106506511876601 -0.096202811815022 0.000325293834269996 0.15935432512036
-0.141516292500903 0.00400433624013052 0.0903638686862786 0.117613812152645
-0.0685500663781014 0.0816868592625897 0.0922863907379292 0.0173724666166963
-0.00702718634914299 0.0847460163426366 0.053181817957891 -0.0140828261444447
0.0403842003020856 0.078424378879624 0.0166681999361297 -0.0121083388874589
0.0580021496786204 0.0620928138727962 0.00868068631666596 0.0134234599921438
0.0599051598781925 0.0588873627348625 -0.00205906227144844 0.0340802801757749
0.0282079974415154 0.0735295551384857 -0.0247913323655994 0.0388812888508895
-0.010557456773478 0.0802743958665192 -0.0649227338270943 0.024305075371319
-0.0865028996920173 0.0647745263589527 -0.0643235184195084 -0.0223192940192627
-0.112489254372688 -0.0108796740538645 -0.0216846143399161 -0.0576923036601044
-0.0608031297285594 -0.0957877504407837 0.00706716635204722 -0.0236459142968732
0.00494094998738837 -0.137880640411655 -0.0339426715103004 0.0581412552099413
0.0385309811075477 -0.0806234363091144 0.000874681217442655 0.127474399151779
0.0125246773845999 -0.111838141186917 -0.0607530438229344 0.126536955573259
-0.0699704685292775 -0.0921701177970777 -0.0256278610626414 0.148045002311542
-0.115200146871988 -0.0125444833772847 0.0540712705076479 0.121447512025372
-0.0615567971500772 0.0621554414354376 0.0690082073404887 0.0456047485871386
-0.00719151241278231 0.0680188246446377 0.0505168296800201 0.0207961098636985
0.0323492307265634 0.0649074392523073 0.0313652752400625 0.0152095720833243
0.0476146736354508 0.0527269524749439 0.0245360597724748 0.0318135423044929
0.0507729222523001 0.0501809666122082 0.0143063138613095 0.0536677107399447
0.0255893172982195 0.063841052272672 -0.014060578026908 0.0609161162325421
-0.0105583269640582 0.0698490721331726 -0.0630009700312365 0.0460879874324295
-0.0783474170733848 0.049084974092618 -0.069988885780212 -0.00637169917174515
-0.0921806737941747 -0.0220131069361118 -0.0318743035562838 -0.0461115128703253
-0.0335476608234192 -0.0869540561599835 0.00648056279597382 -0.0139851666183371
0.0274638459067838 -0.10057095139267 -0.0367905430623406 0.0853952087477429
0.0449443745175597 -0.0191304500037444 -0.0140557147788637 0.13640458739173
0.0325149722016351 -0.0602288625457088 -0.0602728924025166 0.123239151313758
-0.0277579354680079 -0.0621378235979641 -0.0416520482354463 0.127082552883801
-0.0687709442490973 -0.0171101184129404 0.0248369145192421 0.115018126802849
-0.0385095304973911 0.0361823069773217 0.0505075180372613 0.0643051294005659
-0.00318645457811162 0.0401035592893467 0.0488395453699529 0.0456760544709296
0.0197159745326266 0.0394497806003881 0.042604391848756 0.0358852275159362
0.0310164729597184 0.0355140265329261 0.0362584039699181 0.0447810207760178
0.0342518197585897 0.0347599191761974 0.0262186914073995 0.0684459249144278
0.0199049145665049 0.0468520917724788 -0.00798999297403129 0.078173334656725
-0.00971138022758511 0.0524167881717627 -0.0643008597874338 0.0631374741615178
-0.0630128586481767 0.0296964814359746 -0.078571660301356 0.00347183615741933
-0.062307410162947 -0.0294977961068697 -0.0424295887312375 -0.0408088401981256
-0.00306567954241904 -0.0673624049522149 0.00456067853348473 -0.00996908203198944
0.0471172005979658 -0.0507295383012977 -0.042773046993264 0.100371106124217
-0.0477188770614706 -0.0100324820474001 0.0389613808462856 -0.112516851669308
-0.014208640343159 0.0339988881717884 -0.0230622933097281 -0.00829138622222529
0.0242580991424863 0.0312617846476527 0.048090135152397 0.053769279805397
0.0332692656639541 -0.0102159970269035 0.0962545484459514 0.00313425673013674
0.00470341667496112 -0.0234125611082786 0.0797004097712622 -0.0734782035599065
-0.00904688400585999 -0.0145113099407198 0.0113068123070307 -0.106076745946647
-0.00769781278136744 -0.0159043788315251 -0.0356151538234483 -0.0840823261994805
-0.00566049937604121 -0.013518846553343 -0.0482657826274458 -0.0577152455239674
-0.00119644893599734 -0.0099200598012651 -0.0550196146064657 -0.0499892224906755
0.00552938230167032 -0.00407030028545544 -0.0559599083727239 -0.0609553822456784
0.0149459521231362 0.00119324497877273 -0.0442826516111326 -0.0792398497779213
0.0114896538550523 0.0235398579720669 -0.00258208155843474 -0.105785394823459
-0.0175067357822224 0.0364096249538506 0.0438316361039692 -0.115073555990909
-0.0459786636530047 -0.00167655355099741 0.0469132998176182 -0.0932835642334285
-0.0453447201112762 -0.0389171315845636 0.00375873530518301 -0.122808819523393
-0.052207523949846 -0.0654540743315278 0.0544818249965237 -0.0905953826664517
-0.0441332806462112 -0.00858097087476117 -0.0179466394540845 0.00611281001771981
-0.0256906527979771 0.0203804898600997 0.0608466754620117 0.0718676455448129
-0.0059197716676804 0.0141714814769996 0.117555973195182 0.0112817227941419
-0.00284348633239087 0.00863152865124021 0.0912825682855361 -0.0785943963309929
-0.00157838076962302 0.0133819722138133 0.0159637562030655 -0.11207973484084
0.0126814004268761 0.0108317662105751 -0.0362112007731075 -0.0870238428975536
0.0176402657750415 0.00953668506625562 -0.0482416099837128 -0.0549552579160949
0.0172258123386409 0.0175153616466602 -0.0564873752438873 -0.0445454236065174
0.00502531168693104 0.0289061240368545 -0.0583763602027417 -0.0539721671479903
-0.0051649766789232 0.0303591116085151 -0.0519888101053792 -0.0714343582309102
-0.0347434652583773 0.0327702955919989 -0.0129961402653945 -0.0972490180318258
-0.0582534486375901 0.0115766352348738 0.0325322626842478 -0.10641278145868
-0.0589366234303841 -0.0491578757141266 0.0275779707642029 -0.0817716674127121
-0.040261296567307 -0.0970731507525023 -0.0100488063698708 -0.100356321450732
-0.0440847669196002 -0.112871585477346 0.0621557159193911 -0.0534249776704735
-0.0637432747446605 -0.0596722163983865 -0.0200153881368718 0.0314326684842645
-0.076265400926609 -0.00209410074340574 0.0656418825061746 0.10044396466525
-0.0547957308370454 0.0345449698337692 0.135822944129424 0.0323048820955088
-0.0170451081324644 0.044448586764753 0.103436264453851 -0.0719353049048603
0.00309068473436415 0.0441903536863281 0.0263845071342952 -0.106014770919689
0.0305793099504355 0.0382526144386764 -0.0293781398375845 -0.0802940851502111
0.0386165062970864 0.0319006373217945 -0.0408090896390811 -0.0443378239280549
0.0363722499209934 0.038796719246304 -0.0503068294929802 -0.0293313965578103
0.0103881496473922 0.0549163504339688 -0.0574687323758613 -0.0351879208327018
-0.0140115447537421 0.0581841948199703 -0.0626349344897839 -0.0525211845079087
-0.0666107350165851 0.0510323817551113 -0.0319063508475614 -0.0840858750946966
-0.0935780021377529 0.00292183090294576 0.0153917115180693 -0.098840954872517
-0.0747463238277212 -0.0791127976623259 0.0129951883575119 -0.0667701153260141
-0.0367724980053183 -0.138762227295783 -0.0230453996426929 -0.0629656752913733
-0.0257278842408004 -0.14337460445383 0.0590184386624023 -0.00402523865022504
-0.0669358187118348 -0.107598050530648 -0.0257055326963822 0.0627651635484124
-0.11446978713319 -0.0349109174032655 0.0568101230461554 0.131029421051064
-0.103980636741145 0.0416796824235055 0.140576617651305 0.0634400411932614
-0.0363945870750162 0.0747159332811906 0.11224911325343 -0.0507399750192613
0.00333407153063007 0.0706281599818583 0.0394203110256145 -0.0859977555741299
0.0418708559205164 0.06163377058292 -0.016612556737807 -0.0643072492450268
0.0537967877752975 0.0489701479572505 -0.0269771779506726 -0.0278424440711831
0.0520629130454602 0.0521800775242397 -0.0373728836064218 -0.00894054283858288
0.0196068469616111 0.0702578693006033 -0.0504492031525624 -0.0104805996071375
-0.0132291177165991 0.0761586800827228 -0.0693049769111958 -0.0262429022068337
-0.0810767613320906 0.0684252921555022 -0.0495453539812134 -0.0641559670333893
-0.115333917515748 0.00410615676042759 -0.00162512665822515 -0.0874409099746099
-0.0846307029895363 -0.0922170820334259 0.00635188933360513 -0.0516859477231205
-0.0317688643141348 -0.158275888256726 -0.0292123508587331 -0.0200030458618379
-0.000996405923525862 -0.149010706225188 0.0450055573837096 0.0490752514181361
-0.0493489207106365 -0.138670623486909 -0.0374764915081003 0.093786582407017
-0.126614486920965 -0.0709642918522639 0.0341969198937196 0.154187918552757
-0.136875694188971 0.0304713087093728 0.125542111816207 0.0942231116750986
-0.0559239060688796 0.0885050288914606 0.108894519761228 -0.018905978245525
-0.000577349667800868 0.0857921790486723 0.0486735363307127 -0.0537029709662172
0.0456276453644863 0.075699580174069 -0.000580827781931478 -0.0402352325624388
0.0612454475784613 0.0585100447308804 -0.00949709291262826 -0.00711894141497401
0.0610470144157994 0.0580153006422656 -0.0198086729193046 0.0132344160943595
0.027531165908703 0.07517758208548 -0.0385212205954772 0.0158048129938677
-0.0103084779118054 0.0832941920515815 -0.0690816380920978 0.00218628875384387
-0.0851771516646441 0.0743841962963734 -0.0604149361490773 -0.0423628180420263
-0.12011637689602 0.00119381465921783 -0.0152417904859288 -0.0736054762764754
-0.0803374039252745 -0.0957914202482137 0.00554894430750782 -0.0370584852511817
-0.0189012320826934 -0.157057155471277 -0.0303280288423117 0.0222209837715539
0.0217956652519343 -0.127467588541678 0.0240470633489854 0.0955911502532678
-0.0192961847932626 -0.14098728506863 -0.0505864465572398 0.117152514294452
-0.108407877786442 -0.093116370646432 0.00451440378855864 0.160282526999507
-0.140495637622389 0.00834514142456384 0.0943165249496426 0.114436886436124
-0.0663360396735523 0.0828643037678815 0.0927785839989356 0.0149816763235127
-0.00473409302622061 0.0844507363124615 0.0525085485816453 -0.016170107017198
0.0423232296526846 0.076416956533171 0.0160382468700251 -0.0119941851409201
0.0595523189881339 0.0589985918885998 0.00794762908986806 0.0139377755773956
0.0609437725462306 0.0562103933798123 -0.00160479685704777 0.034301107711814
0.0296685923638371 0.0721091358696587 -0.0248143135084265 0.0401998623055892
-0.00884997161278352 0.07967523423224 -0.0652328839258946 0.0271215453418996
-0.0837299263660222 0.0671494295886487 -0.0656675204012794 -0.0211385620152511
-0.11143945916981 -0.0079153181537649 -0.0253022424877255 -0.0583721253568108
-0.0620351660351991 -0.0939187305164676 0.00656944294034389 -0.0246898080579414
0.00152950414625179 -0.136652911486619 -0.0308386155987012 0.0583505019035943
0.0370086268483591 -0.0821352719653701 0.00207558016917204 0.126106327055945
0.0100057338668784 -0.112247481322845 -0.058990207928607 0.127786114897526
-0.0719153087245219 -0.0895763171699511 -0.0221683791286712 0.149411334952791
-0.114790217497809 -0.00838675718494152 0.057670606771664 0.118840975097188
-0.0594053375379969 0.063379286787469 0.0704762262696434 0.0431568246996887
-0.00536613402613729 0.0675916039530232 0.0512349319247597 0.0185647884430963
0.0336573392887445 0.0622898552969046 0.030380804879455 0.0145564522404295
0.0490703225743589 0.0502968486880255 0.0242551075200678 0.0314595912360891
0.0519603473057805 0.0475816877600279 0.0151023919625398 0.0528665406034316
0.0273568836667487 0.0620013532265297 -0.0131908901112564 0.0613519428565734
-0.00863753779215004 0.0689982453246192 -0.0623035605662938 0.0482879722328434
-0.0766531822214573 0.0518684073087 -0.0706978358044427 -0.00440246869040535
-0.0919445841322371 -0.0193059402568513 -0.0342487469325524 -0.0464348446816999
-0.0351548857951206 -0.0855558770352256 0.0065651557379981 -0.0152976142832096
0.0249391988135351 -0.100731331080628 -0.0337043900097365 0.0849827849577157
0.0443637461328595 -0.0211457270421253 -0.0127871552970316 0.135522265628745
0.0309928736118539 -0.0613437042499216 -0.0585972363040634 0.123844924403916
-0.0291717997361411 -0.0611529393880491 -0.0392683424986327 0.128573529674593
-0.0687458430164867 -0.0144449899648279 0.0284031529364871 0.11368644091763
-0.0370536056004955 0.0365353191407796 0.0519973399869005 0.0625013188173044
-0.00194613062065966 0.039535517820601 0.0498496996302154 0.0432515755039327
0.0207306126032129 0.0381823570349363 0.042897058159446 0.0339559562610458
0.0321399967613828 0.0334755557731819 0.0357014244676349 0.0440192031782981
0.0352055557529435 0.0327929499892235 0.0268685389320495 0.06711593673268
0.021383392394555 0.0454035689640044 -0.0070922194156409 0.0777680019417786
-0.00746602156815145 0.0523693936095639 -0.0636103294509873 0.065004766589389
-0.0618448333136642 0.0324616275801621 -0.0786875472085483 0.00519932993369204
-0.0624791582891712 -0.0271691090528308 -0.0443769500292923 -0.0404498544273084
-0.00462018289659948 -0.0669732791497777 0.0045489992654608 -0.0114917963901832
0.0449440141156037 -0.0514139073220795 -0.0393505649724136 0.100358486700249
-0.0484800798531966 -0.0100235964669129 0.0393563195698183 -0.113240341324544
-0.0141392782222094 0.0336868930263065 -0.0232695428188485 -0.00705857837349844
0.0247937024497242 0.031046280494698 0.049552658504192 0.054396101963746
0.033180800716692 -0.0108208154340711 0.0975679653850636 0.00301602759380094
0.00447485238438092 -0.0229024395227495 0.0802202792788167 -0.0743098923098459
-0.00936554590579471 -0.0134833442141865 0.0111760419897925 -0.105738621216832
-0.0084079115560452 -0.0153095954449382 -0.0358317117727859 -0.0838282270933037
-0.00627487763348918 -0.0133929558312251 -0.0485347801702042 -0.0578165417484352
-0.00161508395475536 -0.00887792206933909 -0.054557777340032 -0.0494670475171623
0.00515242720268043 -0.00420469304212088 -0.0566524527955946 -0.0601233154147365
0.0146098116672658 0.000130235028290023 -0.0449032493144127 -0.0787707265090258
0.0114209198838418 0.0233198018117838 -0.00336413693462564 -0.107577127767694
-0.0159519619626683 0.0362815964926015 0.043285979186687 -0.115692427942894
-0.046465142003266 -0.00197482500344168 0.0502815072341581 -0.0931241288743852
-0.0455693718850666 -0.0383040387372134 0.00658117927435522 -0.122640406342785
-0.0528251949393984 -0.0653518042164606 0.0549654449785967 -0.0904725933614488
-0.0437012793669285 -0.00851903552375116 -0.0185444745456868 0.00719065715043454
-0.0253402574337581 0.0205181514410537 0.0623644734768683 0.0724742933527089
-0.00644631006755971 0.0138689316661342 0.118796148183298 0.0111071650443279
-0.00332390254266255 0.00890048141855355 0.0918521191746442 -0.078915524751732
-0.00189981870791969 0.0143045096102006 0.015831341276822 -0.11128402528116
0.0123863222974935 0.01068366489625 -0.0358918632653249 -0.0859836390653078
0.0172416390430595 0.00995456207899723 -0.0481826245742997 -0.0545952724796465
0.017053391013032 0.0178316105975642 -0.0559508618617521 -0.0437236675258221
0.00439073298264158 0.0287842660057708 -0.058962643103754 -0.0527663821904801
-0.00605405799832094 0.030137239796054 -0.0527515811193722 -0.0708883677697816
-0.034821862599101 0.0323134551369319 -0.0137054105812153 -0.0987979334148065
-0.0574098361850232 0.0107912207165346 0.0316956652911785 -0.107564334691588
-0.0588885866005124 -0.0497990060530605 0.0304681686974078 -0.0818768434855583
-0.0401651871526373 -0.0967938334631146 -0.00774129097748678 -0.100597614477077
-0.0437304605298895 -0.112862132621934 0.062461828195097 -0.0539742024469543
-0.0636229967286677 -0.0597338876882204 -0.0203578326168998 0.0322438892647554
-0.075963894588151 -0.00244184139463721 0.0673492744645375 0.101625325399188
-0.0553457370979353 0.0344349034022376 0.137535736131485 0.0322607859351957
-0.0174369428264581 0.0444745382844653 0.104869593616139 -0.0719643379613391
0.0027927067419987 0.0447655558345499 0.0262759351406277 -0.105695279548415
0.0298545182659187 0.0382575145029002 -0.0288354755713036 -0.0794135103507672
0.0383491950044033 0.0316243750728783 -0.040387581388469 -0.0441958819202337
0.035790036909401 0.0393659687220466 -0.0497210828042161 -0.0282994369983515
0.00992893387468469 0.0550393414870793 -0.0579387825069572 -0.0335328829815941
-0.0146533359394095 0.0577964457776027 -0.064016787978266 -0.0515588086494339
-0.0663328091791073 0.0513434787749084 -0.0331274883534059 -0.0855160771062173
-0.0927205541683659 0.00218039050670095 0.0140868881816457 -0.100606120653816
-0.0739435278131031 -0.0797750129517956 0.0150489076770546 -0.0675118733717669
-0.0364631868278603 -0.138348105856822 -0.0205699362376064 -0.0629178422337427
-0.0247801096600609 -0.143406104732747 0.0589128212297667 -0.00437181671257515
-0.0664628193586092 -0.108096814114786 -0.0269160017416138 0.0634227960788929
-0.114106554737744 -0.0352984580132001 0.0584198391255395 0.132451040195806
-0.103767501806839 0.0415552540346505 0.142267739121961 0.0633258674601386
-0.0369488115241865 0.0741905547868994 0.113153399749335 -0.0506570155761299
0.00341081741508003 0.0712013994984286 0.0388432926372865 -0.0860679289699762
0.0415756418240453 0.060940072045242 -0.0167566919332509 -0.0628473319586549
0.0540469636652321 0.04806865785288 -0.0269593129668408 -0.0274126191330468
0.0517000963489052 0.0520509943616836 -0.0371594930574629 -0.00806095728915255
0.0196196027988739 0.0702256976354583 -0.051466318664452 -0.0091228592974433
-0.0138649639680021 0.0760939608367647 -0.0707541985968776 -0.0246993255427122
-0.081256594847953 0.0691116627650727 -0.0511015798114262 -0.0654572022869028
-0.114427362359542 0.00353800219492179 -0.00355409596908922 -0.0895470616906604
-0.084118636597965 -0.0929838268664069 0.00781681078681416 -0.0526062515592421
-0.0315844608557008 -0.158053176894123 -0.0274537767111956 -0.0201063752911775
-0.000465061753127895 -0.149662255572322 0.0446201804082518 0.048971079856662
-0.0486824066254068 -0.139771882386797 -0.0390383805153227 0.0945088254603906
-0.126705518442272 -0.0712440225860378 0.035276740486568 0.156073972835056
-0.136494972275654 0.0307228126204999 0.12744076203087 0.0943692127690741
-0.056393641440636 0.0882137916738325 0.110093602034175 -0.0189457694285427
-0.000628409883915592 0.085832433964528 0.0490150850664532 -0.0543865388697832
0.0452829806428746 0.0746802496369432 -0.000368081382388043 -0.0389505164512432
0.0615021427214083 0.0575469982867834 -0.0101034658403225 -0.00699046849686169
0.0606379701851494 0.0574726634564962 -0.0197175176967525 0.0139574170559744
0.026727349808733 0.0750596554442011 -0.0394463065961952 0.0171335260962784
-0.0106352508824501 0.0826024879273215 -0.0701910857458641 0.00318070499055667
-0.0852867493459837 0.0743510007293197 -0.0618787414403958 -0.0426319137002505
-0.119439056679985 0.00108265865851843 -0.0171670390233735 -0.0751604995069539
-0.0797444690240499 -0.0962797119774938 0.00675952498026677 -0.0384574354367228
-0.0188541871705149 -0.156449036856761 -0.0289524620663316 0.022219503268342
0.0227299630416692 -0.128084594744045 0.022825705186495 0.095422474830504
-0.0185850543719004 -0.142630729006227 -0.0521643909875912 0.117539623545965
-0.108677516928303 -0.0938844216845916 0.00492134299931425 0.162436932492362
-0.140991846255372 0.00917483699388193 0.0957361695492904 0.114544298582621
-0.0661107634611192 0.0827703579450736 0.0934622073740013 0.0148597877179091
-0.00442941014256855 0.0845738508572229 0.0521356868688677 -0.0170580128550054
0.0421735187762662 0.0754374192167281 0.0158214424438955 -0.0111502055373804
0.059946620384065 0.057980187724712 0.00756244626666001 0.0137274015530535
0.0607572430003514 0.0559114425555412 -0.00149813806153223 0.0349075089326025
0.0299697676571185 0.0715721784111525 -0.025553096278968 0.0410510618732915
-0.00870179517882464 0.0796205680767977 -0.0663796042388206 0.0284308353155257
-0.0829907913109579 0.0678587699326865 -0.067659078995594 -0.0215941098994626
-0.111086495942328 -0.00768978213291639 -0.0270932923297719 -0.0602106351702029
-0.0611269684892084 -0.0940048483989135 0.0073301400958459 -0.0261239616304025
0.00108649588617675 -0.135974390026315 -0.0296297078743594 0.0582498018563926
0.0379924976415002 -0.0827597338821413 0.000478119665255671 0.126544130750694
0.0102344437526446 -0.113631906938328 -0.0611946675689924 0.127828840968016
-0.0717906964712668 -0.0902663445887488 -0.0229499086932481 0.1513370542198
-0.115131909832443 -0.00789332087958532 0.0589965271266916 0.118254961190854
-0.0592803534439316 0.0629666971477705 0.0704543669280413 0.0432277294357331
-0.00547058931259429 0.0673472423337488 0.0507321950234443 0.0174251918446887
0.0341787231494954 0.0618545586941214 0.0303115243785574 0.0148843499030258
0.0501638925781525 0.0492436915167454 0.0232915327749749 0.0316735203038214
0.0518905217295936 0.0469928655598772 0.0144211509974106 0.0531998774517839
0.0278149786850067 0.060819031500488 -0.0138586133630328 0.0614557374549612
-0.00773368194061606 0.0690009326849825 -0.0632252983456684 0.0494181052481308
-0.0758261739586691 0.0527916752548309 -0.0722122868178124 -0.00474826498610314
-0.0913287669082659 -0.0188225330736548 -0.0355997918598289 -0.0479360068995852
-0.0346399135149768 -0.0856847124134345 0.00660913930893186 -0.0166681422483714
0.0248301815259039 -0.100102158565334 -0.0331371896057371 0.0845398558821891
0.0447130521464441 -0.0221185067237701 -0.0146077154723661 0.13592126525127
0.0300134552514023 -0.0628232828296653 -0.0610634445537211 0.124825867335972
-0.0295166685119245 -0.0611911576293432 -0.0398504319719872 0.131051734313856
-0.0688170991451165 -0.0137166567391898 0.0290140153499257 0.113796483907924
-0.0365590077907599 0.0368953617853713 0.0524510585622823 0.062023549049609
-0.00222566029810198 0.0388759882610289 0.0500157409340025 0.0423728040573061
0.0208697759773707 0.037608098804428 0.0418242350380709 0.0340595006204737
0.0330340667275225 0.0328204256080002 0.0352134685586026 0.0439668857663114
0.0354507713682507 0.0318985058085726 0.026498428687916 0.0673528325414004
0.0221719614820519 0.0447237994083795 -0.00808708923400587 0.0779722585581863
-0.00702787287702223 0.0520880181208682 -0.0639387676433652 0.065280593815775
-0.0610442673650048 0.0337987908564597 -0.0799078594906839 0.00490021241258593
-0.0624723590354943 -0.026305061493573 -0.0458365956041594 -0.0418889097716088
-0.00436333188244739 -0.0668234786558769 0.00439769830229737 -0.0126271711800782
0.0444376017270406 -0.0514323800718317 -0.0386956939809961 0.100169297303712
-0.0492744332423734 -0.00116016150842164 0.0184151400911386 -0.12854919230414
-0.00797715204934214 0.0356823752948336 -0.027332515663429 -0.00130376488849844
0.0304723905003399 0.0254367568483849 0.0621005399188682 0.050453021619231
0.0303358909978493 -0.0189322315526445 0.104321331932976 -0.0124096349832733
-0.00043182403079546 -0.0249253519620116 0.0707667586349937 -0.0923258566579691
-0.0130850605193412 -0.0111986562843383 -0.00674448466050495 -0.110759389992197
-0.0128257021047083 -0.0128494246502757 -0.0490492873038738 -0.0798143789117081
-0.00906708511258491 -0.0115566924929014 -0.0583653282740612 -0.0502043884117259
-0.00377709714339024 -0.00839834858137615 -0.0646882860001448 -0.0403540759017166
0.00356456018665443 -0.0055424956590279 -0.0701665560824771 -0.0507337562290383
0.0133829001369864 -0.00373840078043344 -0.0621312441106289 -0.0725531205582072
0.0164736125525783 0.0187381914400226 -0.0263470066921592 -0.111168252911876
-0.00690674019237995 0.0364059695893741 0.0205787719671072 -0.130283171852781
-0.0455063846395978 0.00635395663763148 0.0381376597113257 -0.108653190148516
-0.0523019747697608 -0.0310590829868759 -0.010222558140476 -0.128128221758241
-0.062387715401095 -0.0536618029174383 0.0413386349940467 -0.110983435849147
-0.0447107321355152 -0.000141321206512587 -0.0190624692409875 0.0100340663191371
-0.0195049398399356 0.0247809497165131 0.0767402550028182 0.0629570280995628
-0.00264251642871702 0.0133058869715689 0.124972149955551 -0.0102995323900106
-0.00234809372270448 0.0083181476484594 0.0797233065404578 -0.0981470754913675
-0.000511511052159238 0.0149932694527813 -0.00404342633732822 -0.116163243469223
0.0129412987269724 0.00857648526315363 -0.0513787741652034 -0.0791922520562423
0.0176357198866112 0.00703024425377234 -0.0579703509080377 -0.046778024369236
0.0189758264897661 0.0147560520428006 -0.0652557114768554 -0.0341567130401407
0.0088333632983728 0.0276047325023995 -0.0720046865185301 -0.0429551359911859
-0.00190206393489228 0.0287974284791946 -0.069259866260133 -0.0624289958295731
-0.0275393337309268 0.0362917472785804 -0.035400921794786 -0.101841376857304
-0.052272768934817 0.0189851404599496 0.0113142909823993 -0.121861983266829
-0.0669762844885999 -0.0396834042171559 0.0217185833742473 -0.091487123150304
-0.0579710273046965 -0.0910937350549854 -0.0186399023797757 -0.0992108004130856
-0.0615808438771483 -0.101853677691918 0.058537383518051 -0.0753892451302267
-0.0726279906292585 -0.0467332277879467 -0.0150328488845686 0.0338302698050046
-0.072852218034793 0.0121390057900047 0.0857758177856619 0.0878502991642712
-0.0454237787847565 0.0431553250328955 0.144867386746988 0.00532775706530532
-0.0097212604323156 0.0452267488470463 0.0924252357739804 -0.0924175353633062
0.00990532207456152 0.0439700385453673 0.0060128953795217 -0.111092802763206
0.0354507383728008 0.0314333232200926 -0.0451372785523142 -0.0715176895285194
0.042363200384686 0.0246348820031233 -0.0487642018712578 -0.0367868609695775
0.0412028402382712 0.0324246181431145 -0.056593776334063 -0.0200218743957373
0.0187692248525773 0.052688986211583 -0.0684563250439457 -0.0231980930530726
-0.00611710191177231 0.057285844169154 -0.0778358262468407 -0.0403293522995461
-0.0562739407991034 0.0606254793019069 -0.0532311399999292 -0.0849389434119684
-0.0890394982724295 0.0170785352433079 -0.00529022230009059 -0.111894931665602
-0.0881091649979521 -0.066675055371861 0.010355015671716 -0.0730976418738311
-0.0623708881610971 -0.133048136588068 -0.0241614195108693 -0.0561054659760697
-0.0483439014953003 -0.135158786676789 0.0658847332460898 -0.0231995170114493
-0.0840867904216207 -0.0942648338731408 -0.0148861921187979 0.0661346117540204
-0.117046614570252 -0.0125108888515859 0.0830209933777284 0.117488265398449
-0.0907027688389877 0.0605504340457345 0.152671644039654 0.0324363881415815
-0.0229960393186755 0.0784059862464693 0.102303424035627 -0.0718427508528283
0.0148563985786957 0.0693875737452442 0.0210603065243534 -0.0923454571933906
0.0514060076089792 0.0511496636240446 -0.0310272752230921 -0.0557235030624522
0.0606910575303573 0.0383070591695187 -0.0325557605775398 -0.0221146483806026
0.0588253790149284 0.0423888323070139 -0.0401028384419495 -0.00136138656194351
0.0307298772362857 0.0663900681421975 -0.0572066689514428 0.00107543505840315
-0.00233994885085825 0.0754846349188719 -0.0799575026329542 -0.0110808827054264
-0.0676527255075155 0.0810153406824442 -0.0682170095246717 -0.0610393215387009
-0.110545094306796 0.0220416361412575 -0.0216121610441977 -0.0985840977004962
-0.100994402321466 -0.0780582225591098 0.00570062842857472 -0.055550808962868
-0.0610945893247631 -0.15349104698625 -0.0230592267296605 -0.00942163429446383
-0.0254820790931087 -0.14565234593285 0.0616883184069035 0.0356458003639566
-0.0722144356252684 -0.128482233464975 -0.0203331336315206 0.0999501245020807
-0.135759905046156 -0.0454095195531467 0.06427648765868 0.143569695074114
-0.124684908779666 0.0573546541360227 0.142616323262474 0.0642206468267913
-0.03909634745434 0.0957939975195026 0.103112030333568 -0.0388038522813544
0.014115579632625 0.0847623653057916 0.0355509637670883 -0.0618790376685306
0.0585390536056509 0.0636426035029971 -0.0119286292740489 -0.0334777161951609
0.0704890742713822 0.0463388672173213 -0.0115309025827256 -0.00424544417086123
0.0689682421697807 0.046328812472254 -0.0184021243550877 0.0178265506193119
0.0389372362150839 0.0698753371428542 -0.0400167648644736 0.0256938637390129
0.00231834950809802 0.0819738778791657 -0.0744536036003582 0.0182704984362271
-0.0709934412394714 0.0876854687277785 -0.0749681933469447 -0.0347393376435753
-0.115851292302699 0.0214236584460757 -0.0334463257865118 -0.0812643903692584
-0.0970941292522249 -0.082144414316822 0.00664293722147441 -0.0404983603453051
-0.0482567477590461 -0.154353748022458 -0.018538252661538 0.0348789933858907
0.000544515585480092 -0.128918476080488 0.0472132431582145 0.0909104178125564
-0.0433624830049785 -0.136839536489406 -0.0286682151351112 0.127490917800724
-0.122714778755915 -0.0707133217640758 0.0362643375827549 0.155928851365669
-0.133924260576018 0.0369922394451464 0.114396245388145 0.0896140834709281
-0.049318001268978 0.0923767631151447 0.0916126588097113 -0.00122586512510401
0.0100386967328311 0.0835864979679951 0.0456177729527703 -0.0248143429539011
0.0560300910990651 0.0648811609755975 0.00905685698826812 -0.00842189590837589
0.0693036711299291 0.0466624843030844 0.00934590867098838 0.0136844808785229
0.0689113202413253 0.0443673629951588 0.00364114506983731 0.0357947813854735
0.0415418974750101 0.0659149072025072 -0.0214550827451753 0.0474386245820408
0.00367578287038959 0.0790288391712429 -0.0651061515230959 0.0430438489817216
-0.0704123110488278 0.0810729792112886 -0.0765356542981379 -0.0114848308277525
-0.109355217977892 0.0115339859024307 -0.0401349385770201 -0.0631061231114723
-0.0783445242472483 -0.0830202607983972 0.00802825463853933 -0.02787184573841
-0.0246966316322069 -0.13645567630055 -0.0150722557520234 0.071651847033421
0.0225224598267989 -0.0874066561029136 0.0277359728099107 0.130283725458632
-0.0102186437527559 -0.113866161821658 -0.037583226758135 0.142401188714055
-0.0871212874954957 -0.0738034994699489 0.0072717048855621 0.152163024259143
-0.112520771262244 0.016174188072434 0.0789181659476781 0.102798778146376
-0.0455733996271513 0.0724716716520234 0.0742274374674177 0.0309224984104532
0.00743267992478084 0.0669234719669518 0.0513743024550721 0.010610631707292
0.0452670431337509 0.0529380569415272 0.0283187815161361 0.0145418625167844
0.0580396215066186 0.0393923470763713 0.028595918272863 0.0291286593555905
0.0590220751849407 0.0370789585227818 0.0237378520162564 0.0518628941549398
0.0378744848257209 0.0556460759396395 -0.00551682111053668 0.0667658695977658
0.0029016486075902 0.0685074751831501 -0.057914945761848 0.0639309063290973
-0.065472100359018 0.0649310468707451 -0.0779096235314495 0.00684985824512969
-0.0924365040083295 -0.00233085303928088 -0.0465142653787905 -0.047451021476345
-0.0499460367532986 -0.0796934391337084 0.00727082776236181 -0.0171664018399673
0.00530102893195097 -0.104677503229766 -0.0162086201595815 0.0989684979622167
0.0390602448463486 -0.0297649433141835 0.0108366615173911 0.146867798669571
0.0183888346882773 -0.0671167618223886 -0.0386762195276893 0.140937045036778
-0.040176776615199 -0.0536040522711941 -0.014706545127914 0.13877310100644
-0.0684634975586854 0.00175561452096469 0.0492845104467368 0.105847572435951
-0.0277838944315325 0.0424601556500231 0.0613030632423426 0.0541973298831392
0.00573148637974743 0.0381481938290391 0.056314929857817 0.0351326177606597
0.0283607917215802 0.0321854614098505 0.0446058233636484 0.0300765508659412
0.0387112521547673 0.0259276604381821 0.0423408670183919 0.0389527205453135
0.0409819754971735 0.0248716425757728 0.038494538857295 0.0638841843670402
0.0299588148323891 0.0404282689861939 0.00473409807022333 0.0819658009058865
0.00112450528523695 0.0520105752791465 -0.0545951231727547 0.0809615431156201
-0.0545349422444154 0.0438026054779881 -0.0832504359185937 0.0195993617756707
-0.0655773190139396 -0.0153019218677261 -0.0554488779321697 -0.0378827155942481
-0.0170571323288046 -0.0662959452989791 0.00408843998508866 -0.0124083618865857
0.03433375502267 -0.0588837507272527 -0.0221360490717365 0.113961873257719
-0.0522889812576815 -0.000106579082068549 0.0188103252096019 -0.135355435822538
-0.00840471971382305 0.0373694789805594 -0.0282612875756674 -0.000485546726009156
0.0325932075356666 0.026228861221759 0.0669678147998796 0.0524298138091311
0.0311239888373592 -0.0202718032882626 0.110794731648057 -0.0139254969789435
-0.000919362643529914 -0.0258239497991272 0.0749559206196019 -0.0977491732961314
-0.0132914572262406 -0.0110087243798932 -0.00685972390437583 -0.116216653747174
-0.0136505111932549 -0.0119053658679853 -0.0518638742884818 -0.0839397349399407
-0.00992308916948277 -0.0114821374939504 -0.0615784871710162 -0.0528172500076542
-0.00453880390254508 -0.00768100266238639 -0.0673792167860041 -0.0420693490528684
0.00347188157428034 -0.00535091564721631 -0.0737070078735763 -0.0520317324177218
0.0128339533602849 -0.00457021635669192 -0.0659412886218657 -0.0755104935506034
0.0178714167688851 0.0189278952198613 -0.0296055462937387 -0.118042330788227
-0.00691279320595831 0.0374539493302218 0.0210318277599616 -0.137759919590629
-0.048429904052448 0.00656816214873594 0.0425082405906277 -0.115484248534779
-0.055272102618623 -0.0322744069198604 -0.00863226311463264 -0.135235806820295
-0.0661056243111348 -0.0556432366814168 0.0432833737915084 -0.117150853713072
-0.0463292046474506 -0.000449796993434968 -0.0196091835815189 0.0117223004813833
-0.0197567378855854 0.0257025230269608 0.0826989283210358 0.065487676076622
-0.00292814887246667 0.0137822220308771 0.132199013599827 -0.0119163560862706
-0.00274951806879503 0.00883454664213492 0.0847614375948482 -0.104088829224173
-0.000327311252246803 0.0165380608340392 -0.00467573623640787 -0.121250081954494
0.01291505423495 0.00949193767683036 -0.0538259480087613 -0.0830981296077047
0.0185444625153967 0.0072480984458543 -0.0608393178406868 -0.0488320951603756
0.0201915602963164 0.0162024767893853 -0.0678670598648678 -0.0354358308440015
0.00905092851405977 0.0298553696547453 -0.0761897699336554 -0.0432694975478596
-0.00302161079591074 0.0300224701900713 -0.0737167184590786 -0.0645967882985423
-0.0287159855228778 0.037678419879868 -0.0394012003859652 -0.10775406321844
-0.0543940065773331 0.0188630502268909 0.0108641748899306 -0.128738311699
-0.0704930711420067 -0.0412291061591664 0.0251982693044735 -0.0977594814414578
-0.0612667652125504 -0.094987806110697 -0.0175271210923265 -0.104754809558601
-0.0649479411771542 -0.105742493346054 0.0616263632243223 -0.0796885558636731
-0.0759278442981616 -0.0494536085002861 -0.0157147787731512 0.0367478564190331
-0.0766745816247969 0.0129139004764318 0.0922914816977934 0.0917974384129635
-0.0479435934970625 0.0457627777401381 0.153053375168591 0.00391689293953499
-0.0104494374353692 0.048476605253803 0.0977458518143648 -0.0983039083616228
0.0101919535989858 0.046508932905209 0.00600646672907373 -0.116056195892053
0.0369264651670479 0.0335853456983862 -0.0468523334662285 -0.0745213122471961
0.0443319484988272 0.025343910253082 -0.0516111810325734 -0.0382866136477624
0.0436425396168705 0.0343281595868757 -0.0589012579586996 -0.0198104521164325
0.0194956597545547 0.0561696736676073 -0.0722406105295663 -0.0232050352746987
-0.00688568719436674 0.0604228191993526 -0.0824136925751181 -0.041011642820067
-0.0587007974669076 0.0637569253091445 -0.0581423389085305 -0.0906611430977448
-0.0933054888928445 0.0168702707799665 -0.00676803300527017 -0.118815656151888
-0.0929156301522037 -0.0705598654502684 0.0129559701286014 -0.0785281767267446
-0.065535906512863 -0.138759133656947 -0.0232116005530413 -0.0599469106542802
-0.0508974860449979 -0.141297505763192 0.0690512838087301 -0.0249053957057013
-0.0884685547780346 -0.0991342558047991 -0.0158564624338823 0.0705472196069696
-0.122698966423416 -0.012837550164393 0.0893954595721704 0.12350560094127
-0.0951154320876163 0.0643184089144109 0.162184033248927 0.0325996091184905
-0.0239710152135961 0.0821960953468829 0.108515866370868 -0.0767465545944581
0.0156514166383526 0.0733761386564807 0.0212385358518495 -0.0976883843280428
0.0537907005350828 0.0537299483270051 -0.0323053947517655 -0.0579046804175952
0.0637134170294424 0.0391357925347251 -0.034120609863221 -0.0228605990881128
0.0619626406262672 0.044440303583086 -0.0411571510191216 -0.000652562110035562
0.0318186067430044 0.0701913240164336 -0.0605455393586688 0.00291839870979773
-0.00265038240879739 0.0796526205584243 -0.0850896050883048 -0.010582020182649
-0.0705168851546481 0.0855015045499389 -0.0738025076491101 -0.0642883170253118
-0.115278285137916 0.0225511359724416 -0.0250826335415661 -0.104368792706049
-0.106064207755344 -0.082004275176671 0.00726046123974227 -0.060636567137046
-0.0643209322536775 -0.160555481021273 -0.0224802868369709 -0.0108644736918264
-0.0267480038313163 -0.153002961070021 0.0642750270771283 0.0372736752836591
-0.0767036103865807 -0.135627845176939 -0.0216397111825759 0.106308298071753
-0.142796383715728 -0.0474117693686783 0.0698320410031854 0.151172295473997
-0.131330591372252 0.0608427108111083 0.151231666236242 0.0661825023282826
-0.0409109394850725 0.100659996191692 0.108875713088478 -0.0416284475545652
0.0149379319091069 0.0887618182923806 0.036302337322233 -0.0657574465132419
0.0613675423223166 0.0665421748571962 -0.0120838451937567 -0.0346109950031089
0.0735779954207297 0.0470285098656402 -0.0128533382382755 -0.00384325450086194
0.072512436506477 0.048088102198411 -0.0187908339424548 0.0198402068039464
0.0404800814541501 0.0733462976224452 -0.0422186132184703 0.0282716436621816
0.00188072065513514 0.0862872419208625 -0.0788909560406 0.0207654647362285
-0.0735857546039784 0.0923174530706198 -0.0813303957787759 -0.0367633880019093
-0.121344116480291 0.0223647350957224 -0.0375105993572065 -0.0860997052732635
-0.101951753217104 -0.0865314846568795 0.0073156507601546 -0.0444089090414879
-0.0513168375340733 -0.161248125848653 -0.0177585367496234 0.0359502272047191
1.8783327424869E-05 -0.136276094652633 0.0489007303370538 0.0954615067678756
-0.0461852686456651 -0.14438852007795 -0.0305065711688171 0.135069976549318
-0.129854819723322 -0.0737525389897611 0.0401612895590493 0.164359744912298
-0.140290761197538 0.0400534518672362 0.121564160316742 0.092832459868509
-0.0518646220577001 0.097466854463674 0.0968181792402255 -0.00264039193510482
0.0107224543901384 0.0879298983122503 0.0471408772936338 -0.0266779016328526
0.0582749405136206 0.0670836780681933 0.00971282366675712 -0.00831802326358006
0.0727519806279438 0.0472517606760956 0.00918196323323781 0.0152474505777563
0.0724383376411086 0.0455657955958367 0.00373728515395029 0.038520616208383
0.0434832343436959 0.0685837706278066 -0.0231448451675287 0.0509823975553547
0.0035253102115455 0.0826630700224644 -0.0688789221940988 0.0469617950814854
-0.0728739784435387 0.0863481032763103 -0.0824596949950067 -0.0116128848887949
-0.114425603403297 0.0125461037338279 -0.0448855083419877 -0.0675102511756418
-0.0818509191146442 -0.0873824047745224 0.00852042803580373 -0.0308495416707163
-0.0261282882307547 -0.143126572997403 -0.0148157118789934 0.0746984461130846
0.0226005829709638 -0.0924359481954653 0.027956113723663 0.136652514953252
-0.0119511101328098 -0.120678703647432 -0.0395684287830531 0.15037772013122
-0.0921430327815674 -0.0773533568116523 0.00846836445537201 0.160716699089807
-0.11829584024142 0.0178724218093546 0.0837021806579465 0.107119692880666
-0.0475764743832953 0.0762345814779004 0.0783848366222928 0.0315649515431966
0.00725461531092464 0.0701211258379888 0.05325360029472 0.00991013447206876
0.0473735184554181 0.0550980308251719 0.0299499524695198 0.015510104590918
0.061401626595271 0.0397196241144233 0.0297096636950829 0.0312208948596201
0.0620081803304271 0.0376975346853012 0.024843878568894 0.0548354043336913
0.039942054749883 0.0579934999808147 -0.00611727384684493 0.0704249388804998
0.0029193768067705 0.071635769296097 -0.0607301255128586 0.068879485293123
-0.0680419305558099 0.0690784662666989 -0.0834893020758166 0.00734994244890571
-0.0963425993396778 -0.00202892148458892 -0.0513530283152415 -0.0506280542222884
-0.0523762233235773 -0.0835907127904033 0.00757900244596797 -0.0197954438307629
0.0055475980373906 -0.109851914941512 -0.0165454065271381 0.103395818900284
0.0401008395762007 -0.0321391570365219 0.00968990809707895 0.154379617560848
0.0182253083895748 -0.0713957387416801 -0.0418398911871415 0.14944759358443
-0.0427553997382136 -0.0560110359069978 -0.0144223023110681 0.147111298858681
-0.0719056248028221 0.00278028707933789 0.052398968041547 0.111213508708598
-0.029083912092087 0.044467711842064 0.0648472680025871 0.0563439143492968
0.00560485522190842 0.0398360675878377 0.0587089021356567 0.0359980085762132
0.0299743442284769 0.0329597891693679 0.0467925991099034 0.0317359111934677
0.0408905173724667 0.0262696644599555 0.0439163056776661 0.0420198478881591
0.042718411702391 0.0258047117986676 0.0401241392139352 0.0669498856965556
0.031653371460681 0.0413732789688044 0.00456937758613102 0.0863646991183505
0.00169376200882477 0.0541424148698381 -0.0578268063088829 0.0859643175367103
-0.0557304029333952 0.046914846505289 -0.0885253958557603 0.0208248881117046
-0.0682295043154833 -0.0150785384303162 -0.0604151392420375 -0.0402485937551613
-0.0176742244258603 -0.0696159532758643 0.00349765297220551 -0.0143908706031584
0.035540255913661 -0.0622406380011371 -0.0228145029338633 0.12002870301115
-0.0557178933931205 0.00283469172609131 0.0152542221506359 -0.144118991143541
-0.00776186218943102 0.0399090686094848 -0.0297639974469397 0.000936277724939093
0.036168953370834 0.0259392472202154 0.0733777403280714 0.0522926968078274
0.0316956499316281 -0.0231415140734762 0.117967058648653 -0.0191472923518591
-0.00159705287652073 -0.0267958737463595 0.0762334264162551 -0.106604086673873
-0.0143041702768067 -0.0100791001116277 -0.0113464119565484 -0.122397056692249
-0.0151968240127175 -0.0110756626796912 -0.057538450149772 -0.0866776408025316
-0.0115086495959589 -0.0113118652598077 -0.0671241848324931 -0.0536399054019718
-0.00465991503375303 -0.00757679031050923 -0.071916461312718 -0.0419658169834881
0.00329146265704321 -0.00523182925739663 -0.0799608906126146 -0.0513740872168809
0.0124788198414109 -0.0053811092997299 -0.0731243000365668 -0.076471689103975
0.0196372597589635 0.0183537493399621 -0.0375094535030693 -0.124303593170164
-0.00480377915729173 0.0382898852800976 0.0162986238170524 -0.146860965298075
-0.0513337294745568 0.00941179745500252 0.0438769464986788 -0.124886341968379
-0.0596948516156905 -0.0312343959553282 -0.0121748744383352 -0.143514353968256
-0.0716061897951094 -0.0552730693487275 0.0413256381917063 -0.125691810364266
-0.0492713781390517 0.00101248267548692 -0.0203930734113262 0.0132857033205148
-0.0192015045856648 0.027799931723846 0.0909428364953841 0.0658203955206965
-0.00267156862291835 0.0143262895604029 0.140536085923776 -0.0183212205756304
-0.0025844868792743 0.00943368877865589 0.0864493702897603 -0.114000775540651
0.000286270740684144 0.0182583147497942 -0.00955689375494376 -0.128180967868049
0.0135804967135534 0.011200589527209 -0.0589298614157297 -0.0855080160972042
0.0190519027299605 0.0075239081037431 -0.0656030186658211 -0.0494278428024135
0.0217261028203919 0.0168563822809511 -0.0726297184924774 -0.0342094364662411
0.0104211061686007 0.0316786757686594 -0.0820266289524192 -0.0419885721345206
-0.00292636968840425 0.0318643815392351 -0.0808281429765979 -0.065007153187874
-0.0290790880499519 0.0403422731132845 -0.0478171315502942 -0.113723805995759
-0.0563475582922681 0.0206543322490596 0.00596158442843588 -0.137698294948916
-0.0763831555248772 -0.0415401875547144 0.0264840268793897 -0.105136786786769
-0.0682474002807518 -0.0975316992664401 -0.0202349810869146 -0.110568401384432
-0.0724542462259262 -0.109051704962048 0.0619202737313106 -0.0870871694870979
-0.0814688860031991 -0.0493139818060099 -0.0152788850484865 0.0396538761057232
-0.0791706302084674 0.0168867490532462 0.102364024527262 0.0930115540920361
-0.0490516715879884 0.0497407353206646 0.163253885224166 -0.0024092302350469
-0.00949153697517186 0.0513057800119002 0.10082439866899 -0.108534116652225
0.0125498502196899 0.0496003245916352 0.00168260444863909 -0.123206287715965
0.0394672886070611 0.0342605795956434 -0.0515636571378345 -0.0767875566710107
0.0473321314903358 0.0252981286154308 -0.0553354196207362 -0.0380953758098619
0.0469681418190064 0.0348726269145801 -0.0621104978281792 -0.0183769552150436
0.0227546407934307 0.0594115211026712 -0.0771336867960139 -0.0203811539450393
-0.00598861571212318 0.0640697365659891 -0.0894465185393162 -0.0388571424074062
-0.0594087222358294 0.0697081485927535 -0.0670388431072166 -0.0938172857707441
-0.0976184658944792 0.0202273550941272 -0.0132019156121181 -0.126359993498899
-0.10061402533094 -0.0712823120309169 0.0127672687787554 -0.085323514880897
-0.0745577413715918 -0.143356880036586 -0.0242444552601713 -0.0632270759380155
-0.0587576621360281 -0.14712943054668 0.0719763785585439 -0.0295778385530912
-0.0965387830684065 -0.101588437476619 -0.0137986853738801 0.0754021798169248
-0.1294461349315 -0.00869372481017381 0.100470142795423 0.126862406325806
-0.0979610544222533 0.0714384128921695 0.174118054892926 0.0272108611641888
-0.0228145389535884 0.0879490407316441 0.112353756844792 -0.0861322679898704
0.0192308238036023 0.0773230196730476 0.0184736738417529 -0.104119666702324
0.058259655893072 0.0550797240666047 -0.0352296396949159 -0.0594032968813331
0.0683386200777248 0.0380499602401422 -0.0365777324055379 -0.0222821486679587
0.0669509819190684 0.0446471211911566 -0.0429166792840097 0.00159849686871804
0.0361036668945749 0.0733728839353993 -0.0636550709772907 0.00655923127517645
-0.000594037402222769 0.0843658359664756 -0.091003685029008 -0.0064321593267826
-0.0707497924565533 0.0929974374740457 -0.0830017482609763 -0.0653395182243458
-0.121119758410104 0.0273170449715149 -0.0324968395055124 -0.110683381720451
-0.11449577933188 -0.0836596246317371 0.00640927154802374 -0.0663613760773499
-0.0736901013282735 -0.166514206158607 -0.0220260994290571 -0.0115808728982966
-0.0332244894067439 -0.161029477316158 0.0684839930410464 0.0365161672496455
-0.0858231272287499 -0.141096722229266 -0.0193830730266435 0.113542039294457
-0.152509581907849 -0.0443973330515243 0.0809057704959077 0.157244492642557
-0.136458099918141 0.0694746657786985 0.162962244294606 0.063042521150232
-0.0399943535551398 0.108147458540795 0.114040781663505 -0.0494552010013435
0.0190046002797131 0.0933238767023781 0.0351912598217901 -0.0707884943536646
0.0665580090523784 0.0679968197556523 -0.0135098682843777 -0.0352676281495449
0.0791305845420673 0.0459817301979098 -0.0131735063114458 -0.00291191462734736
0.0782186640333909 0.0471830882803938 -0.0189648788202881 0.0223018083843565
0.045664336227097 0.0766018102399955 -0.0439498813580076 0.032679542758298
0.00482428594819921 0.091119691016518 -0.0835400969993272 0.026080811856202
-0.0739277567858532 0.100841296167532 -0.0894701203607027 -0.035353779626965
-0.127123175089429 0.0274729696851751 -0.0455848048669295 -0.0905878524454901
-0.110263247032882 -0.0881620699081132 0.0066675777911138 -0.0492794425081296
-0.0598192850644161 -0.167738491600526 -0.0161201646673524 0.0378144779357123
-0.00448975743386055 -0.143920788973644 0.0542202475282748 0.0987645177149526
-0.0542582669375289 -0.151684157639913 -0.028215006319537 0.144021510879449
-0.140191092137143 -0.072942417916601 0.0494661033640024 0.172420085967857
-0.146683841609365 0.0480672441794112 0.132225571898508 0.0931333054293574
-0.0512201152035094 0.105111729783309 0.102477016361614 -0.00713994313886267
0.0142627269678924 0.0924616600354632 0.0476682078693129 -0.0301427756611745
0.0641900469917206 0.0686199284619217 0.0100692300356801 -0.00855038457948275
0.0783185322372268 0.045760503893504 0.01026121761995 0.0165524423819537
0.077790106875512 0.0447499848507563 0.00564327915368736 0.0410647773228515
0.0482261379581888 0.0712585850078183 -0.0224431766139448 0.0558283361375002
0.00693597626460639 0.0870722318919471 -0.07186040543779 0.0537134782133277
-0.0729562657464944 0.0938362197057237 -0.0897601775921552 -0.00914978587345339
-0.119886759491081 0.0174489263034157 -0.0524933178392935 -0.0698532039021483
-0.0894030386045874 -0.089697823323683 0.00754076982597987 -0.034969164535686
-0.0327572749513737 -0.150333559611658 -0.0120069810348964 0.0787992339206007
0.0209638281380825 -0.0995383256726874 0.0329623680233834 0.143854340980972
-0.0178878271810636 -0.127794519786351 -0.0373164087905172 0.16049812730888
-0.100982271420963 -0.0784048390893343 0.0153800509409681 0.170468678670208
-0.124350574332701 0.0238913546973239 0.0924947706932042 0.109050008388447
-0.0474052818633335 0.0825273279684535 0.0837077399111728 0.0304802652183708
0.0100176542385691 0.0737717668933951 0.0557640608649355 0.00835900195941591
0.051812259478273 0.0559656477779936 0.0321446385645905 0.0161208619395559
0.0665916858328855 0.0387547278289345 0.0316105789186391 0.0326388947906289
0.0665602733053808 0.0370462638866776 0.0280789976264629 0.0576796619865465
0.0443357602344983 0.0590551281056435 -0.00459261038214132 0.0756103479199464
0.00587416843125021 0.0751396652222676 -0.0620399545659457 0.0764768895494095
-0.0677478013042069 0.0761951635316187 -0.0898475545213857 0.0116151256803336
-0.101774772958772 0.00177939370199855 -0.0582797652182414 -0.0521423317192674
-0.0580250379979348 -0.0865951577491419 0.00629150039850537 -0.022741729040019
0.00154800239941358 -0.115930109365655 -0.0127845361809104 0.110086991091155
0.0410366189169308 -0.0360002953418245 0.0138148304097944 0.163252807802372
0.0153838548222411 -0.0763429239426842 -0.0403693693191419 0.159908178825292
-0.0486129028389634 -0.0574995139314481 -0.00970080251974106 0.157538993461393
-0.0759567994329131 0.00634180173432613 0.0591997781965971 0.115378018904411
-0.0288118680293199 0.0478091937490067 0.070574498024061 0.0569540193451849
0.0071457110124174 0.0414256301164616 0.0627709887178948 0.0355315648321498
0.0324961215316836 0.0330429025784394 0.0499988539536733 0.0321169096786341
0.044519631211855 0.0243631265735313 0.0475800467154001 0.04352942713304
0.0459343311314368 0.0240421089696177 0.0446408968180038 0.0698938718257886
0.0351811345586601 0.0415486782945275 0.00709327184010636 0.0915887215130797
0.0040784654852038 0.0565886948838208 -0.0586340533112915 0.094271175537482
-0.0561226337925466 0.0524795657852366 -0.0945407213541552 0.0257056009266677
-0.0721112677940736 -0.0130853534662018 -0.067228294116122 -0.0405487801386954
-0.0211647460693822 -0.0728504202019307 0.00194494199599271 -0.0168266978259698
0.0348367319328043 -0.0675454469462689 -0.0194639042369906 0.127896576350798
-0.0572044159442324 0.00814881301400095 0.00614236833356272 -0.150482251700632
-0.00539256015415669 0.0415841610069113 -0.031006378964821 0.00328331121138676
0.0392240314802758 0.0237495581587598 0.0796065065625631 0.0492705833721381
0.0305528180733197 -0.0261483139759695 0.121258362524953 -0.0279686581461613
-0.00387946248108558 -0.0275357943332688 0.0725383502574402 -0.116289472387764
-0.0149498808794796 -0.008787068602779 -0.0195203913660091 -0.125751188798498
-0.0163754694480253 -0.00895352892814563 -0.0647994345732342 -0.0859183275428312
-0.0128024315459597 -0.00982975772012838 -0.0722211198738126 -0.0512357709207799
-0.00538818458772157 -0.00688438687885324 -0.0765334110948996 -0.0386632591666766
0.00254929794424709 -0.00538569837379781 -0.0850965522560423 -0.0472715805874235
0.0114303545095824 -0.00618346191771017 -0.0807060938101663 -0.0741299404403992
0.0205819227113168 0.0170386680276832 -0.0485358009309876 -0.125547390418112
-0.00272042521834366 0.0385275676243087 0.00697361989866473 -0.15296954388837
-0.0524644025598619 0.0128730156919559 0.0399767177642539 -0.132876069700786
-0.0634440000651483 -0.0273757624901853 -0.0189175795056155 -0.148235963381525
-0.0773121862402148 -0.0512204394936795 0.0344732452241934 -0.13323688736748
-0.0502261381449426 0.0040316850091235 -0.0204296293199047 0.0152856142180607
-0.0171610045816446 0.0292643810865182 0.0985491229448211 0.0612010132155323
-0.00287115885794849 0.0145355712483298 0.144474021507192 -0.0283813975086756
-0.00299197722820173 0.0103448091032046 0.0822306428117356 -0.123993440908853
0.00163421935025664 0.0196061166868756 -0.018006934237121 -0.13175861220875
0.0145537557799779 0.0113601933380594 -0.0656213445433553 -0.0848331591517637
0.0195959224308603 0.00701631691871718 -0.070747947212449 -0.0467897865606693
0.0233831640798182 0.0164761656464185 -0.0759865939378585 -0.0306752964823783
0.0126091404372119 0.0326784844388221 -0.086550481745969 -0.037060400668623
-0.00175505393606467 0.0332354057643503 -0.0876227915409237 -0.0607237032316003
-0.0275101170827934 0.0430172561114789 -0.0587350346220611 -0.114390416976155
-0.0565542382088422 0.0234779748976924 -0.00351364813132047 -0.142702722686754
-0.0809981737359448 -0.0379891908313808 0.0227377876495051 -0.112656695811166
-0.0763869319711444 -0.0949187330540132 -0.0252350410843653 -0.114787740502846
-0.0810468275798354 -0.106772013815966 0.0586465874113577 -0.0945013089447463
-0.0866818090819134 -0.0463387192866064 -0.0133194409002507 0.0420668400278809
-0.079997629379101 0.0218807010331718 0.112671763333697 0.0886100858455923
-0.0478894135104619 0.0544229256096023 0.168862468490408 -0.0139442735908811
-0.00697572193315912 0.0538315318078492 0.0972753035969249 -0.119616949089821
0.0163143943160568 0.0504543020297098 -0.00673220263564612 -0.127075885777385
0.0426362420928439 0.0338123867483793 -0.0573534465250326 -0.0754272582839205
0.0496268503703635 0.0226783132771632 -0.058749700580568 -0.0358623693367727
0.0506069078175238 0.0331830816119971 -0.0642890527271951 -0.0145738654166403
0.0267887268197017 0.0604804997946868 -0.0808093382405923 -0.0144973440166421
-0.00321360626155899 0.0670696681583612 -0.0955066999928939 -0.0333778373287268
-0.0569952260721145 0.0753503065002734 -0.0779030413704141 -0.092469756226352
-0.0991205445079855 0.0257009418984548 -0.0233788043826204 -0.130956776108699
-0.107803169149878 -0.0673191656296648 0.00971135990304424 -0.0908497550191567
-0.0859610851108152 -0.142430128143874 -0.027096427468312 -0.0648380518410518
-0.0691257228708909 -0.147498001034068 0.0720218212824585 -0.0357078466898889
-0.104856299315407 -0.0989851428829353 -0.0102314575864682 0.0786779468048206
-0.133769859528362 -0.000532659585480337 0.112615754891426 0.123752862556327
-0.0965907671511143 0.0800136225585283 0.181710738662288 0.0160561041516323
-0.0181367985654956 0.0926043719888492 0.110388942660357 -0.0971008217743103
0.0247082674704878 0.0787560343986387 0.0115511754812719 -0.10816410778285
0.062570385511863 0.0537823925122023 -0.0393596006086163 -0.0587365646061547
0.072090598806684 0.0347957016097434 -0.0389218326557364 -0.020433302230205
0.0714378975625361 0.0416545063787351 -0.0440151876740855 0.0047406317585404
0.0420407270920727 0.0742352135190539 -0.0655985542523674 0.0118916210888897
0.00412461542567095 0.0869915869956375 -0.0948251916906906 0.00101944299868592
-0.0669009414487775 0.100374239972923 -0.0923603452040273 -0.062043926846105
-0.123136978971695 0.0351812998574067 -0.0423678392530917 -0.11236582036214
-0.123074694108211 -0.0793961989790584 0.0034357632232373 -0.0706138408014937
-0.0868563593511744 -0.166009152181556 -0.0213701661460141 -0.012018491219014
-0.0444653963307614 -0.162973638141471 0.0723704348498283 0.0328441277257507
-0.0968603299675805 -0.140482136766711 -0.0131716683152379 0.117911439111591
-0.159879090453992 -0.0354769734122152 0.0943822063202343 0.156495718480192
-0.136252982275476 0.08034204730106 0.172198180542096 0.053713845360904
-0.0347554780163353 0.113942894817936 0.11443609029762 -0.0595455809492426
0.0251953400480904 0.0956043228972933 0.0305100251863811 -0.0754536200319443
0.072617542358268 0.0658844713688465 -0.0153448240267889 -0.0351821035615179
0.083803566610494 0.0413889779876942 -0.0139812867857152 -0.00164795954489205
0.0829071032214547 0.0438132617387884 -0.0180044000320697 0.0245236454197036
0.0515494523828188 0.0760580032610334 -0.043576657158274 0.0382204087129474
0.0102470045452047 0.0939045896632122 -0.0850373469825278 0.0339737579554191
-0.0690318016044321 0.108821259145356 -0.097258871434817 -0.0305468798300669
-0.129060645335265 0.0361692472586183 -0.0545055697556973 -0.0909360393480073
-0.118650763050337 -0.0844937125797331 0.00353807904596683 -0.053198902568179
-0.0721465392323467 -0.168778676460883 -0.0129364785033578 0.0389713328128888
-0.0141817798927849 -0.148592810573588 0.060760348047489 0.0984567237672781
-0.0658430842928801 -0.153491697005383 -0.0207101066098771 0.14985108451356
-0.149166014971255 -0.0662418857950736 0.0625242224568742 0.17476123125444
-0.148987387748212 0.0595036139255585 0.142038755441586 0.0866878761932515
-0.0463310060376216 0.111640261418973 0.10503050492236 -0.0146538944328282
0.0200968137626323 0.0947890921353675 0.0462433357779722 -0.0342092943365567
0.0697527386600661 0.0665533683587473 0.010176295180316 -0.00874044316601976
0.0830486462831526 0.0412014739820092 0.0118974055880355 0.0172450049199505
0.0825060074316124 0.0404177383030439 0.00823633671842618 0.0425464893369979
0.053682828940481 0.0695498480135695 -0.0203975185564255 0.0602198938253202
0.0123907948339587 0.0891143951967987 -0.0710271364403523 0.0615734235218102
-0.0684742488589079 0.101457707949156 -0.0956046846449301 -0.00266656614112816
-0.121900088763736 0.0254946181453094 -0.0609268627302684 -0.0688791361782238
-0.0972452737174847 -0.0871560433111263 0.00490327340601034 -0.0381258505400775
-0.0433146712012112 -0.151704061921969 -0.00592481593624898 0.0814361623150524
0.0146066197291674 -0.103860044506558 0.0416818401601605 0.146550984216643
-0.026523560035163 -0.131042637567091 -0.0292321641044726 0.167837275104014
-0.109493252517079 -0.0739278909883644 0.0266914083405355 0.174992213998287
-0.12703164570086 0.0330796784985665 0.102303082933501 0.105859394159634
-0.0437440515091698 0.0887145799108401 0.0885463252460467 0.025373298906915
0.0147538294717736 0.0754332922177047 0.0566931324276863 0.00532937063111624
0.0563178512658125 0.053442363543008 0.0340702135146673 0.0153790885476129
0.0704271631996203 0.0341409701634038 0.0350454629911605 0.032672116554689
0.0704772917491836 0.0330200856335466 0.0322716062060201 0.0583973286826612
0.0493191110037263 0.0572931262147039 -0.000679030817907104 0.0792502158559806
0.0111099633032958 0.0768641555048569 -0.0593973804411463 0.0840892708288334
-0.0640232350133879 0.0832500287277828 -0.0939122829656246 0.0183295131087788
-0.103974926802057 0.00802433646725754 -0.0656071312945382 -0.0503227833874403
-0.0649401094854463 -0.0859601666610144 0.00396916289974296 -0.0251617546972837
-0.00652864744805418 -0.119462443064511 -0.00566347468468786 0.114086343073912
0.0388524277605946 -0.0396585100097686 0.0222624680712457 0.168197866562696
0.00962903268792383 -0.0794525449879037 -0.0324275877434217 0.167641824050062
-0.0543641036930459 -0.0556075141255772 -0.000454139798803611 0.163602903780263
-0.0783810067733466 0.0117324465633948 0.068202055923102 0.114868621818035
-0.0262776259217163 0.0513384157708261 0.0757601653913046 0.054037050911297
0.00964779997768363 0.0420272288801434 0.0661395728922474 0.0326466504840462
0.0355785968167677 0.0315156566275778 0.053132453875885 0.0308287860110667
0.0472871584303236 0.0215437813840433 0.0516087572519138 0.0434696211063968
0.0487368515170544 0.0211628223999507 0.0498307033095253 0.0695479984215606
0.0384654480962984 0.0393682675669464 0.012362306966349 0.0945972642477306
0.00801511151615714 0.0573697314957222 -0.0544682830309744 0.101815090891418
-0.052858056395056 0.0578692109682809 -0.0974625298430086 0.0332535743409298
-0.0747911585722135 -0.0084856920530593 -0.0737846734690197 -0.0376979611704274
-0.0262128179163671 -0.0739724750102082 7.71103857905282E-05 -0.0183857923289464
0.0314835942021116 -0.0716138564394875 -0.0110299687116414 0.13275610927474
-0.0561334190700834 0.0125212520396754 -0.00260599028171443 -0.149817408363056
-0.00335886598887667 0.0418967329709387 -0.0311404734806327 0.00545335975779251
0.0405443572517886 0.0206463607081094 0.0823930693571673 0.0441528420995392
0.0281421300061588 -0.0278689840123966 0.120597705970957 -0.0351078733105562
-0.00602767040199155 -0.0269143353594377 0.0663757633459328 -0.11992307103182
-0.0147339950508386 -0.00696396957323228 -0.0256612222186702 -0.123596207961816
-0.0161977746810916 -0.00716749699426161 -0.0692454997081556 -0.0818284004925342
-0.0128899924059559 -0.00822258670255466 -0.0742437971870039 -0.0470549229456439
-0.00539939378031548 -0.00600589416407574 -0.0775946367788823 -0.0342291359260806
0.00211156345355968 -0.00473644590659205 -0.0866699029301773 -0.0412607243439581
0.010088493419576 -0.00671119374469423 -0.0840140943880227 -0.0682834087998013
0.0209891067424029 0.0143778664318109 -0.056611043051773 -0.120962425248457
-0.00032263165610172 0.0372825807296747 -0.0016063001368944 -0.152341765912025
-0.0514236976801918 0.0161561320196799 0.0351592171597906 -0.135942918738811
-0.0641060615274021 -0.0227880890928442 -0.0250120241069462 -0.147199074504627
-0.0792382408576628 -0.0450597592628216 0.0275272300469856 -0.135022456222506
-0.0490052459500152 0.00685056165844967 -0.0193677927647334 0.0169748859502335
-0.0149030164667588 0.02935849485242 0.101822837064165 0.0543647352663376
-0.00230731574964391 0.0147759358905343 0.142920086315939 -0.0376452321206368
-0.00327847593230574 0.0108051755920948 0.0751712979491334 -0.128773880231052
0.00292068840387391 0.0196232207383776 -0.0250404167374291 -0.129564393515071
0.0150535314413515 0.0112972028154603 -0.0697652673129803 -0.0802258182467717
0.0195232257684318 0.0062130261199665 -0.0718127750841644 -0.0428435978887307
0.024151701936751 0.0156529869076495 -0.0766459828881069 -0.0259391045567139
0.0142627406528954 0.0322728121375843 -0.0879476301739087 -0.0309324912858256
-0.00113327171777929 0.0335589056423733 -0.0911213522244106 -0.0548459855951336
-0.0253857129679651 0.043127461681253 -0.0664063785660928 -0.109493266706102
-0.0553780471112912 0.024989420880551 -0.012345114099904 -0.142212208706889
-0.0819789970746274 -0.0333045830334566 0.0183110358808564 -0.11510217787409
-0.0805667016902662 -0.0885178712464677 -0.0292058235271897 -0.11403527189836
-0.0855764051328225 -0.100059707761167 0.0523916244960309 -0.0982228521604104
-0.0879269033793265 -0.0410314789503572 -0.0113259032930571 0.042764533515825
-0.0768720197517956 0.0259992622131149 0.117006532097703 0.0809930173535869
-0.0446476517727875 0.0562360747304732 0.167223280473041 -0.024481919928048
-0.00440280564654579 0.053635777482631 0.0894935664976645 -0.124964633215012
0.0190258399148027 0.0502953271223617 -0.0141968714246345 -0.12560840204353
0.0438435772255104 0.0319814332729608 -0.0605245635848092 -0.071779011558962
0.0500809516745092 0.0199484092550387 -0.0598729872919442 -0.0324584482054796
0.051857655848156 0.0305821994544399 -0.0638912491004013 -0.0106690316107335
0.0299690358749405 0.0589791502226314 -0.0802024054472835 -0.00876732364015839
8.05954832390921E-06 0.0671095902042365 -0.0971956391036887 -0.0269173340202114
-0.0525793734502425 0.0774063205701178 -0.0850732715254467 -0.0866569645726448
-0.0975191149907565 0.030197317226304 -0.031730192424545 -0.129082542220383
-0.110102395010553 -0.0617925753583233 0.00562985795686036 -0.0934432778190349
-0.0924666281461884 -0.135144026482967 -0.0280778060673593 -0.0645777213297802
-0.0763180837242487 -0.141656245457417 0.069368960826607 -0.0405763110699347
-0.109357220543278 -0.092994605035724 -0.00636164321144091 0.0783927070875306
-0.131793498399572 0.00652607683208649 0.119235859020355 0.115725466024329
-0.0918848467657878 0.0848715697325524 0.181405880460986 0.00434731264617945
-0.0134915543232214 0.0928129452015416 0.104061328812255 -0.103532552166574
0.0288399929551223 0.0772867977809727 0.00480119030280252 -0.107870353640073
0.0647369301806749 0.0500181814539593 -0.0414805177299181 -0.0553770973832421
0.0728701535750564 0.0302158204243613 -0.0392579791041107 -0.0176562568753771
0.0730913364677436 0.0373284632030065 -0.0424980193807078 0.00759023345462963
0.0455744465146558 0.0717547338387869 -0.0639510458519152 0.0172895435330518
0.00844094190617217 0.0866980005877935 -0.0940541468570264 0.00781152379977827
-0.0604945030920583 0.103351604710019 -0.0980094730144551 -0.0552640738011492
-0.120345811660904 0.0409367677157842 -0.0500510046506936 -0.11009898243986
-0.125400407277722 -0.0721269954643505 0.000105848798606496 -0.0731419995343852
-0.0944762499571989 -0.159015256061556 -0.0202658043150651 -0.0120463862819327
-0.053067203788044 -0.159157018302194 0.0727026169507212 0.0273777374391575
-0.103375731699556 -0.134463490750694 -0.00722318975141201 0.117529750200557
-0.160459357418363 -0.0261855796236346 0.103491539119783 0.149105831042007
-0.131621481668329 0.0873711729948982 0.174517947414903 0.0428333848141338
-0.0287018848405006 0.115168448481404 0.109622071505926 -0.066228163735322
0.0297888071111809 0.0935851008882316 0.0256109403612165 -0.0762789923551046
0.0749131445444629 0.0614079044107635 -0.0167082878604626 -0.0333479280698794
0.0848484916468993 0.035486145619882 -0.013800879177522 0.000166570697274064
0.0841756275859795 0.0382822233740717 -0.0161330096418703 0.0259551819855635
0.0552328601661859 0.0724692147208281 -0.0406549700429077 0.0414374614683442
0.0150031242285696 0.0930586153625081 -0.0822071273370905 0.039736281515862
-0.0618743045419466 0.11188221866956 -0.10088434468032 -0.0231335034330561
-0.126030496264904 0.0427821164028261 -0.0612462232864747 -0.0877877735551782
-0.121787921940115 -0.0775586773333422 0.000416641355881144 -0.0550821801539357
-0.0806633159496276 -0.161752315253295 -0.00909939193868304 0.0381840929721877
-0.0218866792317963 -0.146331780474826 0.064247082341595 0.093630890447259
-0.0736677006617646 -0.149332526828622 -0.0134078069824628 0.149347658031572
-0.152109660920096 -0.0566224119906102 0.0718920391929243 0.1695468434116
-0.144810134320135 0.0675779096215121 0.146259793986761 0.0773074236885334
-0.0399152421614881 0.113543184537587 0.103171129714758 -0.0210616147572525
0.0252127245441372 0.0932235551787751 0.043210657049754 -0.0359476018288594
0.0725917345381442 0.0616681758909631 0.00992950367879436 -0.00851061300974655
0.0842683502100419 0.0353297315789269 0.0126589657574774 0.0173439383997208
0.0836233132610716 0.0349488095673546 0.0108778628082769 0.0422869649980751
0.0573717844499032 0.0659783192030079 -0.0169886462899748 0.0619688642228998
0.0169972378802845 0.0876606034923676 -0.0672157576182101 0.0668028588544125
-0.0613354506570291 0.104474576865865 -0.0973250402477976 0.00361759050457669
-0.119445616082803 0.0317323108998522 -0.0663833967211661 -0.0651868458396891
-0.100920597944585 -0.0816550749172912 0.00182318387581364 -0.0394483404975926
-0.0519215307739511 -0.147315528612044 -0.00042799016609122 0.0808113193433656
0.00830369517704511 -0.103974583619652 0.0474189773595651 0.142946442580348
-0.034254977239064 -0.128903221388803 -0.0213321071024419 0.167490567523757
-0.113035581328565 -0.0659099472279594 0.0367463013128718 0.172221788845823
-0.124805609122075 0.0407213493322276 0.107317910487547 0.0997553019920445
-0.0387018884095135 0.0903402097029722 0.0883511140394146 0.020024108025343
0.0183490239765361 0.0742429913403625 0.0559739403198249 0.00246187826396274
0.0586577020799931 0.0499300858928938 0.0347378605187311 0.014018320799025
0.07114116247267 0.0288929993080802 0.0362858552098484 0.0317794222190692
0.0709185160247309 0.0277778276025355 0.0351791082831171 0.0564745892361259
0.0518152913730766 0.0535711552757156 0.00352337778895186 0.079353478446513
0.0152261833430385 0.0752192455382159 -0.0549819470539701 0.0881846448472278
-0.0579963763659867 0.0862003822240236 -0.0941508105513675 0.0247566031157638
-0.102072315944714 0.0143331438251327 -0.0700318947997771 -0.0461621821252785
-0.0692461333194739 -0.0819481953008113 0.00146265907521819 -0.0261848378074334
-0.013715422140733 -0.117781633643583 0.00162586944037443 0.112905456344299
0.0355497032817262 -0.0413797382251265 0.0294555185103749 0.166417357190043
0.00420101005878814 -0.0795268394666928 -0.0248210997096254 0.167962591057104
-0.0576230290369946 -0.0513494415734471 0.0086344457355037 0.163275527595288
-0.0773936790603714 0.0169307348653036 0.0743881768921 0.110085520160499
-0.0230990388140245 0.0526242430662148 0.0782409708983901 0.0491380653273459
0.0121036818788866 0.0412022564700096 0.0670851900410384 0.0291004281463912
0.0365828562550901 0.0288202028490922 0.0542873292040541 0.0282284724975672
0.0480068883212478 0.0169678116701017 0.0533312418356612 0.0413896444956723
0.048757194695306 0.0176462140930127 0.0530897763114144 0.066958743424516
0.0409794889512848 0.0362110054424505 0.0166323304842034 0.0934054470793081
0.0114546790778549 0.0563440652553311 -0.0481765696568973 0.105139865275725
-0.0487019215810848 0.0605372350870057 -0.0960295400264927 0.0390941786321781
-0.0740893166895176 -0.00373024123386044 -0.0770163687749917 -0.0333211511833066
-0.0300706559203738 -0.0722471739458512 -0.0020763403611035 -0.0192800587052651
0.0260681271655901 -0.0730520245530561 -0.0029690079802542 0.13246239799092
-0.0532100285509256 0.0179375329981396 -0.0309792552485192 -0.14347755333389
0.00265361479340394 0.0409524808609052 -0.0298370033645646 0.0127751932173066
0.0426285132478904 0.0121662811300647 0.0897940240582908 0.031078382624273
0.0215663893941345 -0.0332016085556582 0.116023210567112 -0.0549563696494452
-0.0119573319506782 -0.0258227958459497 0.0452062168329653 -0.131201262628642
-0.015898627848248 -0.00415463618535617 -0.0451024598345423 -0.117744822008018
-0.016440248955205 -0.00289143806399481 -0.0810676843829472 -0.0712373964918278
-0.014352705439642 -0.00454632711975018 -0.0791526304041687 -0.0355274883949082
-0.0063465103166028 -0.00357358804529044 -0.0812889287457992 -0.0219502884172952
0.000592479017366921 -0.00416048070120354 -0.0907279037939497 -0.0258299706609401
0.00734829072558614 -0.00714441745791723 -0.0929282952612946 -0.0515458023228743
0.0208907822520066 0.00907209202820451 -0.0749459109319853 -0.107427975242175
0.00384174421516864 0.0327992686331605 -0.0276023734618069 -0.147157247407925
-0.0458117880106866 0.0206602271382097 0.013630684998581 -0.140024630578586
-0.0652547991611729 -0.0154650768229818 -0.043432842453268 -0.140361112034624
-0.0812313319377338 -0.0346593501868291 -0.00083796995547175 -0.137718351153628
-0.04498336549247 0.0135581676391837 -0.0183340888589155 0.0199293572404522
-0.00830281651859995 0.0276571478941011 0.106484793503513 0.0378765716248673
-0.000806028404349986 0.0111024752214245 0.133335606091704 -0.0595354994361669
-0.00451051247708643 0.00916399165217247 0.0520619662565126 -0.137885317011905
0.00414627753753492 0.019611659335486 -0.0450029931629643 -0.121728740311532
0.0155423489921975 0.0101316485419822 -0.0804019071913563 -0.0679613166319978
0.0189376233731599 0.00479358107803562 -0.0760577967905183 -0.0309768939373774
0.0250034324406816 0.0128500735921715 -0.0793359211482714 -0.0136225858010305
0.0174472320146533 0.030247801834812 -0.0906837030522162 -0.0149676263332178
0.00118875771971648 0.0332134740190531 -0.0969431768934336 -0.0371545763443172
-0.0204064543042624 0.0438284160360595 -0.0829163122681641 -0.0951507122257825
-0.0500203816731708 0.0279216329780785 -0.036917596142032 -0.136810737437019
-0.0822351890553069 -0.022643064450681 0.00147884864322308 -0.117086582674604
-0.0895554557460098 -0.0767803238205024 -0.0418360372319992 -0.107765002945963
-0.0932906902880399 -0.0866621235697231 0.0296817061839816 -0.109841414138932
-0.0877273425772322 -0.0268458405247051 -0.00720200390172688 0.0413146128543775
-0.0667100474371574 0.0326662913974059 0.121238187919181 0.0594142235770387
-0.0333311732244198 0.0560368148898541 0.155111913086145 -0.0497126208482534
9.37602574344124E-05 0.0496894226209489 0.0664609926471242 -0.133594498017696
0.0230556891584057 0.0466958700792422 -0.0324261458388488 -0.118071132693186
0.0456320849944169 0.0256237362396379 -0.0688055999390023 -0.0592871183155709
0.049561491617282 0.0135344315852419 -0.0626017118783902 -0.0222045284699182
0.0538756351299683 0.0235864826238102 -0.0646652372336489 -8.39109435509048E-05
0.0367200228491547 0.0542095502331106 -0.081356805328213 0.00585665119159667
0.00578711284103169 0.0655286845774787 -0.0987124613455526 -0.00847715512328459
-0.0419219642541231 0.0799272224952808 -0.0973583789444809 -0.070992144432661
-0.0897325361327545 0.0377325349478429 -0.0550287546889933 -0.121500765133311
-0.113126901740471 -0.045824439183598 -0.00667708711248582 -0.0943508195815919
-0.106377254584815 -0.120073262120222 -0.0334150763663195 -0.0607927191899595
-0.0883567440638251 -0.126794681815188 0.0556218470722013 -0.0585233759005924
-0.114560480961657 -0.0733365542408402 0.00303472897421479 0.0729927537666733
-0.120227467766731 0.0222983968155149 0.125306031968455 0.0902572555411884
-0.072905016526019 0.0896241636375446 0.169446142215329 -0.0235861581934645
-0.00274355764379342 0.0873612236866955 0.0825689135617821 -0.112569496883433
0.036020767539779 0.0709774461860455 -0.011455987422735 -0.102280410402445
0.068153912010216 0.0396968280484273 -0.0469648239057476 -0.0447322537869465
0.0727858051294606 0.0203672818092121 -0.0402785652313257 -0.0100158014734015
0.0752644385188544 0.0269422771503008 -0.0415441184811902 0.0151186009392743
0.0534171710096427 0.0643662357972514 -0.0610881408606126 0.0289519293040009
0.0161830689380661 0.0837645852207347 -0.0903335272828788 0.0243949393273553
-0.0469189217302117 0.107018063595928 -0.105258710727573 -0.0386406553807254
-0.110361691876177 0.0516718370837624 -0.0702834928200095 -0.0999911130705474
-0.129771360984423 -0.0542106019877494 -0.00932384463827059 -0.0736897806971737
-0.111004893176332 -0.141994657851393 -0.0181366818994197 -0.0110061006721628
-0.0676149176987991 -0.145366576163686 0.0714834435317609 0.00572475369354313
-0.114626067283672 -0.113382723573213 0.00859718566371839 0.109348030872054
-0.150876544772269 -0.00435763919967268 0.113197994685785 0.122613335576133
-0.108797502282826 0.0989301616029593 0.165292613457697 0.0136499480340557
-0.0124633818133296 0.110842809800629 0.0931643285035942 -0.0751971020064005
0.0400785664661625 0.0867506254099586 0.0138497903653638 -0.0736065358662827
0.0794212617296036 0.0488366108249349 -0.0189155618018408 -0.0255909932525663
0.0851354583661823 0.0240712826321062 -0.0127306755614445 0.00355863307296403
0.0861605017819655 0.025733977544863 -0.013150714305007 0.0289627195127726
0.0633383425706046 0.0639219174044641 -0.0348497903738633 0.0492039182772797
0.0236258663128598 0.0891066094924694 -0.0734959774034035 0.0540718434017882
-0.0465794468315657 0.115840152723879 -0.102868412256755 -0.00704963940842683
-0.115493752869823 0.0543356097464792 -0.0779755155670172 -0.0759218622567412
-0.126626200892024 -0.0596197589069686 -0.00660903938842174 -0.0562319178971668
-0.0977766280743425 -0.146454448342748 -0.000130465372004242 0.0359516760409054
-0.0362214517125143 -0.136024315426971 0.0762608610184178 0.0716415227451953
-0.0877604311891651 -0.130575452277297 0.00885319131327846 0.141101058499102
-0.147329890416401 -0.0328212072040854 0.0882596591187233 0.146487076429343
-0.124024256792339 0.0833090602936951 0.14359362234412 0.0502299673952858
-0.0227083695166442 0.111160980182217 0.0927152908364579 -0.0301321891537124
0.035478112395708 0.0864410811670269 0.0373520725240671 -0.0366619336183956
0.0774002444546621 0.0490436415984157 0.0105741857739835 -0.00504934417298671
0.0846197991177603 0.023174398597036 0.0154184571572673 0.0167775179322968
0.085075235966688 0.0223995347488456 0.0158436563473903 0.040856930126783
0.0641827355950438 0.0569928218659519 -0.00801973250427613 0.0656357959165441
0.0252784625269203 0.0838441559038283 -0.0542169340968967 0.0771793783539438
-0.0469337355647709 0.109197103897558 -0.095120649287676 0.0189393672279979
-0.11040899580293 0.0435829826468723 -0.0792412053787415 -0.0529527341757018
-0.107779819514792 -0.0659310862433791 -0.00302137013723034 -0.0403639998400641
-0.0673956225032205 -0.135413503238404 0.0134490428569719 0.0760827180528841
-0.00234445648863829 -0.0982709206511469 0.0691191362040379 0.125445732446342
-0.0478401072569876 -0.115897655094772 0.00521661634264409 0.161407496061853
-0.112147139331462 -0.0458623873353955 0.0567847838653911 0.154579503745006
-0.10858402111848 0.0564480170931768 0.111093912222484 0.0776232481286975
-0.0232671867344288 0.0892859699042297 0.0859784944268556 0.0105801487800023
0.0271851197165924 0.0685095215283465 0.0559320594149379 -0.00220701577362075
0.0625725608822979 0.0392885443963947 0.0377706754388679 0.0131340249098156
0.0715483017204942 0.0180877324338834 0.0406219662246682 0.0277170043494672
0.0724819871280062 0.0168279184602644 0.0416217285305368 0.051226685245515
0.0576535128840266 0.0450323558188417 0.0146135795911668 0.0788823648733307
0.0224558044578028 0.0718268544145108 -0.0389000249352537 0.0960841863279004
-0.0454148629447341 0.0913799365383748 -0.0879575891738562 0.0382199126022803
-0.0960658698500192 0.0249168765502819 -0.0791760857123009 -0.0340486808046429
-0.0771623063375311 -0.0700656631615012 -0.00140852722549408 -0.0264369796967644
-0.0271087840739182 -0.110711799957865 0.0199819932371507 0.107968588628629
0.0312023042944527 -0.0413840470720595 0.0569247789396449 0.154375094388517
-0.00457656078411075 -0.0737137224170701 0.00320625455494324 0.164716269778465
-0.0582021296709695 -0.0387528528764459 0.0317072844094524 0.15313871817213
-0.0677250309104806 0.0277765985812168 0.084655655630903 0.0942749293760903
-0.013116389413994 0.0516139168229422 0.0821103075981422 0.0384662345602967
0.0170619164851403 0.0370721589096418 0.0710151286571405 0.0200542526518169
0.0387122757481059 0.0214025207354807 0.0589340884866705 0.0232540513210648
0.0482181161255576 0.00944014235910361 0.0588501064542856 0.033925197045246
0.0500807721075389 0.00960674006143171 0.0612559017256548 0.05801808082998
0.0444649130660652 0.0291968018975484 0.0305839222721268 0.0905852792499487
0.0174098496809691 0.0536515162635675 -0.029674408052606 0.111181536522813
-0.0397875338377767 0.0652581764512103 -0.0876214491800996 0.0534447389730425
-0.0713321067074923 0.00451161065009778 -0.0825306148177993 -0.0206354767241322
-0.0391455868362536 -0.0657313448025169 -0.00461867522116438 -0.0178448233061872
0.0162347385994865 -0.0719984909185368 0.0175659107699474 0.127919506026271
-0.0519345459693466 0.0182545692303631 -0.0292027504141226 -0.143287228392346
0.00260345506307848 0.0405979040089191 -0.0301232432447227 0.0129309127108602
0.0419413266843117 0.0117538356124457 0.0886591836105437 0.0323150573512902
0.0211370428626995 -0.0323028871357122 0.116145048029542 -0.054030888361231
-0.011824328313939 -0.0250455611470795 0.0468036874971505 -0.129613560053701
-0.015325156685407 -0.0038789171871075 -0.042539277854013 -0.117592440262796
-0.0156377586179995 -0.0027889765241731 -0.0796028511905857 -0.0715212007039191
-0.0139397109601317 -0.00429180702542687 -0.0779062488544027 -0.0368939179621882
-0.00619388900752716 -0.00336406587839128 -0.0795799770398442 -0.0231752269264299
0.0005170718118 -0.00365258929846134 -0.088912025032086 -0.0268864122030305
0.00680425589914617 -0.00716753348071208 -0.0910546698117122 -0.052358569569032
0.019907399402676 0.00888743027339044 -0.072666389312234 -0.106056255803204
0.00269073036570663 0.0317195418971601 -0.0250841908621382 -0.146444823219419
-0.0455299764098753 0.0198253120422088 0.0171232693274471 -0.140682856392997
-0.0640576379916606 -0.0152622378166102 -0.0389169213257385 -0.141373160436477
-0.0786241470370724 -0.0342793474148693 0.000603787895351092 -0.137140141116095
-0.0446583396668499 0.0122962616789239 -0.0188295046526656 0.0199768135998302
-0.00833487113605159 0.0268855094936128 0.104851003782561 0.038686894452415
-0.00155480650686038 0.0109717057897655 0.133466137422452 -0.05817052647815
-0.00521217767388191 0.00958776778623202 0.0539114486131002 -0.136140685616294
0.00397563544696442 0.0204991154859515 -0.0420269935137575 -0.120989377221348
0.0157196498146852 0.0109594440499178 -0.078205477242192 -0.0685589055354771
0.0183476888238706 0.00534794200751851 -0.0746274516634826 -0.0326059148532991
0.0244500667107271 0.0136963602750566 -0.0776001496203759 -0.0149087895901694
0.0165579515463533 0.0311734310867408 -0.0888827367296842 -0.0155812577909642
-0.00017577738760949 0.0330942655147355 -0.0953223002050416 -0.037701496521428
-0.0216236564380286 0.042373883437799 -0.0815385936316907 -0.094660490209081
-0.0506106827466632 0.0257811331944999 -0.0350972857253581 -0.136343197915225
-0.0806260006722908 -0.0240082399057921 0.00446200522884016 -0.118555589819231
-0.0862616454272975 -0.0765636458785288 -0.0375699779860361 -0.109289304668101
-0.0901470112236538 -0.0861826759702252 0.0304242294540036 -0.109197576670157
-0.0861306141784985 -0.0285381191224109 -0.00837489571868911 0.0405900764256342
-0.06620661234355 0.0310459815823138 0.119058058335663 0.0602904501762279
-0.0346858062016112 0.0554289960333731 0.15503831618141 -0.0479632108468238
-0.00147072530766705 0.0498484126972881 0.0673237644100573 -0.131873189636898
0.0224198087650987 0.0472939228751262 -0.030394860249135 -0.116732864856759
0.0448713463967126 0.0268825692169044 -0.0662740235496563 -0.0595751481870248
0.0482788951282978 0.0145626695170837 -0.0609648221563854 -0.0226387988223268
0.052872348553388 0.0246536504021759 -0.0633987697057248 -0.00120056793924834
0.0356309589646096 0.0549252303353581 -0.0794214685666234 0.00551112991103758
0.00414176992074963 0.0655469064237075 -0.0973060570126095 -0.00939002219562071
-0.0436130280094587 0.0785658257782679 -0.0963282472969268 -0.070721643938501
-0.0899786349117987 0.0354330675638645 -0.0534371023907545 -0.121807043937186
-0.110468921337509 -0.048338135921255 -0.00455342184602707 -0.0963014069170322
-0.102168160358195 -0.11979318295098 -0.030529387766222 -0.0626352142532984
-0.084740933493517 -0.126131360227524 0.0548434901698513 -0.0585374489463162
-0.112103869135574 -0.0749546994479609 0.000764573480217782 0.0723396214910349
-0.11908243491973 0.0202202982636389 0.12278089197899 0.091020237649079
-0.0738382609857909 0.0878000110421055 0.168153353572614 -0.0215490873226168
-0.00461518906579074 0.0873383725083097 0.0835810217935879 -0.110431817191619
0.0343980536740977 0.0715015021100721 -0.00970156220905871 -0.100645886582147
0.0668465167967878 0.0408151843624226 -0.0450320328024864 -0.0450011756092989
0.0710144724400425 0.0213949490223413 -0.0393341826217437 -0.0104911981819116
0.073321378261433 0.0279097838248686 -0.0404457416752135 0.0148349581987758
0.0521216475455578 0.0651614798651234 -0.0602649358174429 0.0287978061083943
0.0146062777149557 0.0837463796560727 -0.0897463723728352 0.0242698466991048
-0.0481416625624882 0.104912514170186 -0.104884235281998 -0.037914798363779
-0.11061450295786 0.0488064928925305 -0.0699803855707229 -0.100577967026355
-0.126912339302594 -0.0565504263646964 -0.00830785030129698 -0.0751271339250415
-0.106431703209682 -0.141615997557505 -0.0163623968693377 -0.0128806835753423
-0.0637623912288577 -0.144730688201406 0.0693779795201477 0.00605737237008131
-0.111473613512872 -0.114818308706798 0.00508814641149724 0.108057545598966
-0.149008431174984 -0.00639541299581203 0.110855804050746 0.123619851465121
-0.109386920798288 0.096962639564005 0.163725686015175 0.015357878943194
-0.0148265373233301 0.110139590233521 0.0932514664904216 -0.0735674441700209
0.0377204757486823 0.0871642035595404 0.0151118864105689 -0.0720101544490206
0.0776497350503189 0.049549855635408 -0.0174630479435103 -0.0252047289303209
0.0827267311228264 0.0249478706773484 -0.0121463247468609 0.00362500923330441
0.0841536854478033 0.0268088759425035 -0.0131255499297791 0.0292581672045202
0.0615878596402779 0.0647439279233213 -0.0347369783202705 0.0492742378448753
0.0218846453982389 0.088524603606976 -0.0728562131562928 0.05367420281709
-0.0478460907568025 0.113778638661069 -0.103725557159023 -0.00644560440049305
-0.11541783290217 0.0517618853270096 -0.0781203003026999 -0.0760633980730745
-0.123700233297884 -0.0615962684983613 -0.00605885651516323 -0.0574146477266973
-0.0938263085096497 -0.14573211063091 0.00041500530867451 0.0341221951474246
-0.0336900899507108 -0.134643506773044 0.0719919629561984 0.0721083542805349
-0.0851312340699113 -0.131296125234272 0.00418952807804264 0.139590129062649
-0.145037537164098 -0.0347698669801757 0.0849055718233039 0.146470676510432
-0.12449011324922 0.081225551175015 0.14136303198571 0.0516670148394312
-0.0246675056046805 0.110073102216368 0.0921937174326085 -0.0287622318366912
0.033566099390974 0.0866563228460452 0.0371134915720524 -0.0351286268633321
0.0754225046814996 0.0500874706486644 0.011424689819024 -0.00394589120241153
0.082587005382405 0.0234840396213661 0.0158458078955862 0.0175890825156631
0.0831001983935813 0.0227021144249286 0.0154031961319748 0.0416507552733624
0.0626921093640885 0.0572291735494195 -0.00861601172856819 0.065646584179379
0.0237853197955428 0.0834886535583532 -0.0544871666223763 0.0773543654362428
-0.0478004931471291 0.107343201742897 -0.0952403822549876 0.0196584794792252
-0.109432886468876 0.0411243789641112 -0.0795100776379111 -0.0534856988128303
-0.104977917449555 -0.0677381552017411 -0.00342296996200928 -0.0412940262515535
-0.0646850511316184 -0.134385835772835 0.0128139099479811 0.0744034077606221
-0.000445850654976082 -0.0970023654197096 0.0645175930208827 0.125693658037438
-0.045989402884406 -0.115838079701114 0.000223132395151781 0.159538575497658
-0.110067221554096 -0.0467355218904639 0.0537559244711729 0.154917711443604
-0.108767435147075 0.055471810807989 0.109272746058113 0.0784692778866443
-0.0242214440040953 0.0881354951275531 0.0846268573216645 0.0119755301303384
0.0257647871387286 0.0687783269815708 0.0554462233392612 -0.0010484520672135
0.0609612719054468 0.0394032140187168 0.0379980535466983 0.0142866469090812
0.0699934543899374 0.0184009793434823 0.0407219713772205 0.0289084862615447
0.070523934909927 0.0171883966218017 0.0410036460972013 0.0520972195994525
0.0557697300981379 0.0452645910512412 0.0132733817118205 0.0798226607903336
0.021395199853333 0.0714321374213714 -0.0398024095916718 0.095318388428924
-0.0461059924254306 0.089776499279949 -0.0886763358993343 0.0383216499943375
-0.0950770019596303 0.0231144413165021 -0.0789869441587627 -0.0346987089491099
-0.0750185731001595 -0.0709001816059341 -0.00204109354139348 -0.0268658452121206
-0.0254946431077008 -0.109084423028788 0.0190409038366532 0.106626735056272
0.031090826321829 -0.0408021479640258 0.0514629087771995 0.15470379005577
-0.00404067015117407 -0.0724860445174521 -0.00210997980659962 0.163989357011599
-0.0569882559479919 -0.0380866015699325 0.0284811449271377 0.153246051951496
-0.0671034345794947 0.0278262295296445 0.0824658705489987 0.0944449291508213
-0.0131759904258022 0.0509179498557419 0.0804729711967232 0.03934653635223
0.0161383137297192 0.0371391255403529 0.0697836709805167 0.0217883664222467
0.0379674448978227 0.0212828320289491 0.0582841410232978 0.0247880485911585
0.0466865409222424 0.00945472297875156 0.0588101460814996 0.0360476801689961
0.0484487021564294 0.00956208350887099 0.0597609437222694 0.0591160009320873
0.0430457632391699 0.0288037050500472 0.0282718461935533 0.0909568180366473
0.0164845338708923 0.0530676947419102 -0.0309313634081408 0.110119005124148
-0.0391376259098529 0.0637398446601194 -0.0884966768901168 0.0526687826490868
-0.0701144881362017 0.00382549744681988 -0.0828382783193973 -0.0213773554307626
-0.0377483584936518 -0.065591465963547 -0.00478590058346073 -0.0183922482103021
0.0166516174177682 -0.070248069325653 0.0162517000415487 0.126511220581587
-0.052762440385621 0.0182933325461548 -0.0251141346197782 -0.148708610233841
0.00142795284153043 0.0422583081385463 -0.0316344592334184 0.0134912754507816
0.0421474521082634 0.0124158552664856 0.090787310681235 0.036075350639038
0.0217329409521652 -0.0318714578546778 0.121012247742209 -0.0530721236946707
-0.0118053033238568 -0.0246833340638078 0.0528389623267091 -0.132276048607034
-0.0148692559204411 -0.00370551739825531 -0.0397147030131351 -0.122124654421381
-0.0158350884961368 -0.00217844755032436 -0.0788267304245923 -0.0752501471444334
-0.0140208469325835 -0.00381061020340803 -0.0786632786720391 -0.0409775078355853
-0.00602671478685182 -0.00244117118574531 -0.080681734233669 -0.0268438027794076
0.000416966356272058 -0.00324371329214156 -0.0897758806898018 -0.0303203032783842
0.00643421628275226 -0.0068291511432492 -0.0905598587374849 -0.0559806996668191
0.0189607699209555 0.0090892368671405 -0.0708344414197629 -0.110792928866564
0.00125290970881279 0.0316251912226357 -0.0207569776303506 -0.150928792068172
-0.047155681253753 0.018869306007748 0.0239656466352189 -0.145735683815476
-0.0643135526568911 -0.0170284168865366 -0.0334244280773648 -0.14801687139152
-0.078475481643566 -0.0368146269950919 0.00435299181153774 -0.141731676985971
-0.0458312563935225 0.0113185725937001 -0.0205455625533312 0.0202431269747917
-0.00941814468193938 0.0259945809489781 0.106866533383114 0.0430357127497337
-0.00282055076247335 0.0113257500642326 0.139541035867419 -0.0563073650260144
-0.00605236305399606 0.0105977976881676 0.0594432646362767 -0.138986222083194
0.00387560643503074 0.0213219049567687 -0.0386380932254574 -0.125169879185958
0.0160720436927597 0.0127581569004004 -0.0774979805199078 -0.0724061950020767
0.018347893308297 0.0073539099290882 -0.0749857470393367 -0.036248415645324
0.0242543658019701 0.0155299329998019 -0.0781848608304905 -0.0179363429206815
0.0159399227674112 0.0326831797226005 -0.0897928426020336 -0.0183403583593976
-0.00230629407998931 0.0345284139298966 -0.0958637817407201 -0.0415504641341901
-0.0242932992461446 0.0425968765172534 -0.0809667039097641 -0.0990170356048447
-0.0532757214921326 0.0239319100130644 -0.0321624258129721 -0.141656989578016
-0.0817576712119274 -0.0278598845736802 0.00989366710841376 -0.124096264771639
-0.0848002478691974 -0.0807102907464695 -0.0331636900646557 -0.11558265091611
-0.0883045406861802 -0.0906245643653178 0.0337203941587641 -0.111915695805177
-0.087445350420407 -0.0328023176659061 -0.0109426869863085 0.0419666501454716
-0.0687823890787292 0.028627579633792 0.120361887316596 0.0657457827510345
-0.0376832813481242 0.0558650874101665 0.160603295919579 -0.0450766908665959
-0.00410153066947145 0.0521401293212113 0.073899630024712 -0.134018246152592
0.0213546525031987 0.049930524280497 -0.0270333455462025 -0.11997761718842
0.0453887614118544 0.0295165314518323 -0.0655576916365945 -0.0631467200338255
0.0487439336781828 0.0173975867036028 -0.061462809832793 -0.0256845597027803
0.0526700791409689 0.0272945347852243 -0.0646208117532106 -0.00299327492484599
0.0345679719163902 0.0581064897885191 -0.0811177939674973 0.00368323480207499
0.00121818647966761 0.0678551513108139 -0.099090987673053 -0.0117085445086337
-0.0480978784785323 0.0791765359012317 -0.0979509487864606 -0.0740798134247269
-0.0943962366901324 0.0326393904127431 -0.0520397881317357 -0.127167866577164
-0.111501770540842 -0.0536660001171065 -0.000961895447991983 -0.101175896332849
-0.0996211893251666 -0.125169480113159 -0.0277507965050999 -0.0674534115925936
-0.0818852350128264 -0.132006763234758 0.0567491031677586 -0.0587859133471109
-0.112056732331634 -0.0815769181773343 -0.00321018540701335 0.0741882709783831
-0.122005646256297 0.0161400177596584 0.123264364195592 0.0970224408432543
-0.0791422262553552 0.0885083406916163 0.173499466804909 -0.0177171833944803
-0.00841459190585995 0.0902577782631595 0.0889561892470499 -0.111307514421444
0.0330775738633507 0.0755513086890665 -0.00658774583135664 -0.102912885271112
0.0670800301509865 0.0444840736294369 -0.0440898517467106 -0.047179229871354
0.071233841424403 0.0243851022717845 -0.0391810357651273 -0.0117338157381512
0.0736795225835844 0.0312929472818345 -0.041116372980244 0.0139651282077241
0.0511715678357374 0.0690016556326014 -0.0619860244564248 0.0284455315223923
0.0116306365611683 0.0867449685819569 -0.0921837459791833 0.0229871708357844
-0.0534756755433637 0.105752186191392 -0.107963829969334 -0.0401935233508923
-0.115133207869611 0.0459697227984423 -0.0703587686145811 -0.105611541443591
-0.127706983891522 -0.0636968322872371 -0.00613474138134106 -0.0795679328704926
-0.103508721504127 -0.147852802102491 -0.0152326061595719 -0.0162937867418118
-0.0601525625969377 -0.150358473053781 0.0691754591148184 0.00783519248132345
-0.110641380548033 -0.122553645295394 -1.61497322937012E-05 0.110786671563336
-0.152295450322838 -0.0111790385707416 0.109489000312952 0.130236565583918
-0.115728887185293 0.0962987931429377 0.167941113747499 0.020912622186228
-0.0193762178494876 0.112846713377441 0.0979863519274141 -0.0721989656312284
0.0358121052074794 0.0912045302520441 0.017483912082442 -0.0724285997545179
0.0779136930988988 0.0539408722273252 -0.0163382552767282 -0.0261591478469407
0.0837939316929118 0.0276226685723452 -0.0114638354345885 0.00367539015233624
0.0845307970075918 0.0302411419115503 -0.0132777943443075 0.0300738410963094
0.060996896735083 0.0689088254040815 -0.0364295470006389 0.0502223804979983
0.0190604103640415 0.0923197780720958 -0.0765722709191398 0.0539763158083653
-0.0531206052490909 0.115222264447077 -0.106912448431572 -0.00797004118782333
-0.120448790741662 0.0483637519879812 -0.0797089260489197 -0.0801996581830785
-0.124835698512324 -0.0685821275944113 -0.00515698894359488 -0.0604557231411031
-0.0903397539954288 -0.151409168683576 0.000267954768795859 0.0335794812896725
-0.0295327069935584 -0.138998556128546 0.0692311150352397 0.0763890667511588
-0.082833405573665 -0.138104004446269 -0.0029425037203524 0.143601127406534
-0.147210226081959 -0.0402047659280526 0.0821321099734835 0.152790972129296
-0.130276527647703 0.0804750883177166 0.143778860267797 0.0569103113965401
-0.029308098798701 0.112646604477626 0.095074605813508 -0.0268836802044809
0.0316921447415574 0.0906644007163968 0.0393665129822098 -0.0342799397498658
0.0755418730773224 0.0536260387269066 0.012838858872634 -0.00326100886119771
0.0832195685593412 0.0264553900389711 0.0164231297037221 0.0192804505152181
0.0835894617627715 0.0257458523637477 0.0149932427595426 0.0439674194759511
0.0618710717783077 0.060904745256907 -0.0104392481397316 0.0681053206577101
0.0216159960294935 0.0868644856076865 -0.0582747203760339 0.0784323040151396
-0.0524211590742043 0.108350318748532 -0.0994043539610711 0.0188247503498397
-0.113999249251949 0.038160367293911 -0.081909748702779 -0.0571514419053982
-0.105504836891667 -0.073521801402096 -0.00280651250853366 -0.0432686075205401
-0.0608888793066848 -0.139090260030163 0.0114339947272779 0.0756959073646673
0.00285747820669353 -0.0992614408710086 0.0591285848069052 0.131750725238928
-0.0433256864959758 -0.119987759789378 -0.00782639841819825 0.164531392616026
-0.11133891106752 -0.0511923282814573 0.0497119829989618 0.160835350058461
-0.113278637747035 0.0545347600476718 0.109480963078144 0.0836014177923454
-0.0278800886088262 0.0901405752035626 0.0859490503328032 0.0147440797377
0.0243200706375325 0.0716815274460695 0.0565606151528406 0.00159183297570145
0.0609361441320125 0.0420450314495348 0.0392049878436372 0.0169496377135417
0.0705908074461761 0.020202061515931 0.0419186462182446 0.0320896491606983
0.0711129022459524 0.0191682402230717 0.0403937898507005 0.055601029791185
0.0555786955893585 0.0477702863642941 0.0107780450700659 0.0830339325497219
0.0199932083264147 0.0737235822097241 -0.0432047131444021 0.097782713763553
-0.0499847745090265 0.0899269914136546 -0.0931360794906212 0.0381953078301966
-0.097972898909524 0.0205804850242949 -0.0824385237317874 -0.0377487298497439
-0.0749757527954094 -0.0753988473743087 -0.00225404857204732 -0.0282637012917769
-0.0223705242122261 -0.112352028799863 0.0165217096769083 0.109329065766718
0.0328730285841995 -0.0405578325806375 0.0455373336483237 0.162135718756074
-0.00192631843337103 -0.0742135967294791 -0.01011074418918 0.169488883426952
-0.0570698271971202 -0.0404220660014277 0.024849882865086 0.15883993454356
-0.0695273821686865 0.0278605580225163 0.0816669167458249 0.0995221676179149
-0.0149556651362579 0.0518553606353072 0.0810656386069536 0.0428569436433756
0.0151338703611962 0.0387055781286205 0.0711046977467958 0.0250621409356967
0.0378095790020955 0.0226460007830328 0.0599962119240217 0.0277247047157184
0.0472831049328131 0.0103350919423986 0.0598931951729882 0.0396199983779191
0.0490658655223217 0.010780211030199 0.0593971510427682 0.0628114733095691
0.0430368397926288 0.0301891328612918 0.0260794815337259 0.0951972225432761
0.0157406410294541 0.0546185377530699 -0.0353061287232434 0.112712943900293
-0.0414647146222136 0.0641113319945929 -0.0932164486145933 0.0522612294118138
-0.0711767043073011 0.00155821180677527 -0.0861550764943739 -0.0240886915414822
-0.0374172742562974 -0.0683375223658814 -0.00487438007946676 -0.0194761789938352
0.0188500344026486 -0.0707986316913798 0.0135796749735417 0.12969749139624
-0.0550361274607172 0.0192550313635044 -0.0246738189825713 -0.159667035158822
0.000751196493448842 0.0452236642921633 -0.0343855816221834 0.0142991199563597
0.0443790048809358 0.0132316657416995 0.0964157526688889 0.0403682956918163
0.0229205862644504 -0.0332783704468275 0.130725148274137 -0.0550250562782015
-0.0120932227089381 -0.0258619042682517 0.0585913414784566 -0.140817801011181
-0.0153757760754748 -0.00390914655683094 -0.0392631613632234 -0.130561551230128
-0.0162691846908553 -0.00195851720299994 -0.0823307000429202 -0.0812616675029362
-0.0150750307578412 -0.0032882263512798 -0.082609122432185 -0.0463761214008799
-0.00642860185464562 -0.00196356991618251 -0.0850596597068817 -0.030997985176733
0.00034762446985113 -0.00262327107767182 -0.094956102508103 -0.033872048158718
0.00597783911847914 -0.00662061846845866 -0.0953127536624289 -0.0621241536927201
0.0193221802174891 0.0100989008515605 -0.0727516776159279 -0.119629054814599
0.000292968183660217 0.0327051570644362 -0.0189577675448637 -0.161192194514386
-0.0511723643609213 0.0188475144671306 0.0304860394317464 -0.156781650179057
-0.0673385583759191 -0.0189081683168421 -0.0299823908269721 -0.160311910193548
-0.0813010258431576 -0.0403041153568902 0.00644426697174409 -0.151593987661632
-0.0483464187080931 0.0103584011037325 -0.0230746782075966 0.0218260639820916
-0.0105706911214116 0.0266385710316529 0.113067255971195 0.0480736268233954
-0.00397630622192833 0.012475259864348 0.150138924866897 -0.0582111242304898
-0.00743917703639819 0.0125576651302878 0.0664154764847566 -0.147447894270741
0.0042435083252917 0.0235161140836347 -0.0381299903692149 -0.134169839511428
0.0172444708038795 0.0146007361083622 -0.0804783690641848 -0.0783656941799328
0.0190783473478077 0.00881436392304691 -0.0789162287660674 -0.040442766087458
0.0255003880252714 0.0182651553195103 -0.0823595824055002 -0.0210682689917197
0.0160196914586741 0.0361885709847429 -0.0947997851464832 -0.0213514772602457
-0.0037343952256563 0.0371889934615018 -0.100511293869436 -0.0461881002718464
-0.0278762274733758 0.0444962830958913 -0.0846630230772837 -0.105973785796897
-0.0577509273866213 0.0235157503488619 -0.0319177307105462 -0.151752774617145
-0.0861993244792085 -0.0323078983770024 0.0146361663136658 -0.134126244175959
-0.0872948462436817 -0.0872074299842473 -0.0311244527173896 -0.126093786730647
-0.0909981306194036 -0.0976702719220873 0.0365298596577477 -0.11976500288809
-0.0922682362994103 -0.0373399609301755 -0.0138201263410629 0.0443939316564895
-0.073361389313146 0.028846004632057 0.127221436110976 0.0721678763369508
-0.0421416398118018 0.0593270986730727 0.172815405823958 -0.0458173751966128
-0.00606645154348643 0.0563762143103188 0.081799709560937 -0.141337307586818
0.0219827806840073 0.0543736828955022 -0.0260112223825383 -0.128598738229751
0.0475175756179259 0.0330522516696034 -0.0674939538072812 -0.0683380666068221
0.0507517200509919 0.0199935228411011 -0.0640219264419175 -0.028801164719557
0.0549834803459785 0.0310178614183658 -0.0674953241321915 -0.00488800539167837
0.03523389674629 0.0637922478631551 -0.0854121653011028 0.00250311180620264
-0.000610831845033158 0.0731436994987313 -0.104546000670882 -0.0139995483484604
-0.0534066086918912 0.0832085105391926 -0.102916156430927 -0.079507109702817
-0.101656363059683 0.0322301436207302 -0.0544031593708482 -0.137097186644838
-0.117536325537094 -0.0609018012200358 0.00184506704632698 -0.109538332542942
-0.102173999696212 -0.135100230524778 -0.0260524984858253 -0.0749172158384238
-0.0834517878692041 -0.141493672174932 0.0598453987371335 -0.0621396142331515
-0.118175640197806 -0.0898299347198635 -0.00646521078259109 0.0792958784361563
-0.130148023967537 0.0144155748078887 0.129555329212918 0.105478679983401
-0.0870404161101432 0.0929249398787011 0.185655286182367 -0.0164144822150134
-0.0113378681902403 0.0969755345260878 0.0975633298461196 -0.11709402593298
0.0337479583383317 0.0822197023811704 -0.00458812758100094 -0.109167558423362
0.0705761090572884 0.0493274191595507 -0.0445025066169273 -0.050816902545542
0.0750641252591721 0.0276626911354505 -0.0403163286847123 -0.0136329732327849
0.0769182220661311 0.0355370777399127 -0.0433352750081275 0.0142304009533271
0.0527587418828474 0.0754296896108301 -0.0660730154947209 0.0294581780413651
0.00989845211456769 0.0935268023406871 -0.0982542820255806 0.0239073279106624
-0.0598052701795168 0.112203737570723 -0.114330045558119 -0.0432811511572093
-0.12442019623997 0.0458272416118654 -0.0744267318263627 -0.11401570154845
-0.134670849885144 -0.0714793311967332 -0.00481633960928655 -0.0865372190499024
-0.105634785847392 -0.159488154821133 -0.0145265577596038 -0.019156338258879
-0.0600978463894082 -0.160944182620784 0.0711879006885893 0.00982801739547851
-0.114969729205804 -0.133625452478198 -0.00506706860986293 0.118567026252191
-0.16135482679556 -0.0161445956175722 0.11395761950944 0.140864848719093
-0.125715550347062 0.100985266013368 0.179332072208946 0.0243692474871048
-0.0237031198048608 0.120825043122925 0.105959619744081 -0.0755878894020511
0.0363247688969109 0.0991680409372632 0.0208195315008057 -0.0763718517857416
0.0813616437843474 0.0594888469983972 -0.015398610650357 -0.0282231203427436
0.0881326341673063 0.0313926227804208 -0.0114832432110293 0.00454775836907666
0.0881772376559984 0.0345941148961692 -0.0134697575330337 0.0327148932388141
0.0632250362174718 0.0751002469227356 -0.0392490167309725 0.0536947831738351
0.0179974192970382 0.0990722024098233 -0.0822259741113739 0.0579836915481093
-0.05987802807876 0.121870588404251 -0.114001742846997 -0.00804745358654814
-0.129181019680406 0.0492012617544617 -0.085218066430038 -0.0874917060317523
-0.131361583508343 -0.0763737784085308 -0.0047979250010541 -0.0656970345430433
-0.0918382732317339 -0.162977156983258 0.000445990501448513 0.0335580217754994
-0.0282289160992625 -0.148546838161892 0.0700855344626892 0.0835084891893756
-0.0852743666003668 -0.149422331937152 -0.00827616917687018 0.153975029036139
-0.155153914482801 -0.0458567086263292 0.0843857831450335 0.16452791797063
-0.141153249065592 0.0842331117948047 0.15187389751951 0.0627410011196236
-0.0338106241271137 0.119939882289729 0.10166566344515 -0.0263612921611077
0.0315937767935414 0.0979631801364343 0.0430330902300895 -0.035268875188299
0.0784773236209583 0.0586434220432709 0.0148373120597116 -0.00237212924387461
0.0874440249485194 0.0292577747092312 0.0186306416937789 0.0219714164951391
0.0871029564309519 0.029257373250784 0.0159947444942488 0.0484784269041926
0.0647248156375737 0.0661376503977405 -0.0125620378836422 0.0733398181142531
0.0211965471918914 0.0928257104093026 -0.0629024755117942 0.0841490059745531
-0.058558308144473 0.114688120642922 -0.106759811615846 0.0200030435387133
-0.122178193647312 0.0387946539356347 -0.0883212219031976 -0.0623028538746821
-0.110533326082175 -0.0812703510869958 -0.00322154376194527 -0.0473912536759978
-0.0618807995988576 -0.148939895613309 0.0112040226085515 0.0799477978374358
0.00501027720390231 -0.105766997326015 0.0579979224637172 0.142972492157239
-0.0436496662437637 -0.128840988254002 -0.0145875893392425 0.176795696505329
-0.117358585169442 -0.0567015910455431 0.0499412932884237 0.172985919585378
-0.121893837064598 0.0569925542910918 0.115128026255988 0.0907268750734387
-0.0319343821482279 0.0954068360019948 0.0911120979717284 0.0177041970562992
0.0238915750824383 0.0772792297236715 0.0604050551972369 0.00344361683631673
0.0637944349680164 0.0459280135950995 0.0427921612428282 0.0192916409238422
0.0740920128052902 0.022581129405773 0.045190936285353 0.0356503165634471
0.0742503476989382 0.0215125218212967 0.0423415046254115 0.0612761002636353
0.0577828003497902 0.0515330723640332 0.0101001567404733 0.0901876341635374
0.0193020297103945 0.0788373715252284 -0.0477466722272544 0.104354114739864
-0.0545880447980854 0.0955208975788137 -0.100224473626612 0.0410195991366994
-0.104479402753799 0.0197799070522316 -0.0884882288014072 -0.0414464958655393
-0.0782091020339954 -0.0821200093248977 -0.00240208227836047 -0.0310856303617992
-0.0213391974860695 -0.119414989282769 0.0158893520355884 0.116176041586914
0.0353190075513307 -0.0419871712888426 0.0434579111606767 0.175566925194062
-0.000678121100457569 -0.0786944288456978 -0.0168170311099619 0.181976557264291
-0.0593359856349953 -0.044083743331864 0.0231588199965664 0.170363940106362
-0.074462159972619 0.0296120548892091 0.0846776703976162 0.107315730761323
-0.0169102192697371 0.0547715890428954 0.0852231394837633 0.0475458429726709
0.0149509932570546 0.0413870934056725 0.075296593917216 0.0282647611419007
0.0393445663494678 0.0242459904323238 0.0636247098796667 0.031965350737337
0.0494790950181501 0.0105545518887974 0.064255658582446 0.0439677511575985
0.0514012085289628 0.0118346788111137 0.0619504075912466 0.0691232789424955
0.0450683753489818 0.0322083586331595 0.0249325097282936 0.103347726677118
0.0153523828828987 0.0585140888497882 -0.0389469541845087 0.120115292460099
-0.0449524793277886 0.0673718909647585 -0.101105259094277 0.0548605784727492
-0.0754126897851006 -6.0377190343912E-05 -0.092708850597595 -0.0272077343283595
-0.0381987858346127 -0.0731801989229046 -0.00560154081098434 -0.021374170759437
0.0210081426112498 -0.0741884613413658 0.0122805277787883 0.138186737532303
-0.0576800271205115 0.0226808527624105 -0.0309511816296377 -0.173367703746436
0.00217348947632728 0.0493825662228492 -0.0376870628638611 0.0177437093623911
0.0483493335113087 0.0127226747304119 0.105984867669267 0.0429193676731357
0.0236564789625713 -0.0365163236101367 0.140990451526835 -0.062979678823574
-0.0138724620614979 -0.0270071820875316 0.0619154645005781 -0.155768890280328
-0.0165487145937022 -0.00379786822260693 -0.0443420645572255 -0.142344441998421
-0.0172218771811708 -0.000999477247374642 -0.0908135003017095 -0.08696625248935
-0.0163719715976723 -0.00250445859844976 -0.0909625748601366 -0.0494155624162718
-0.0064632693834564 -0.000967410264898944 -0.0929865711962119 -0.0331592066605369
-1.73720608573191E-05 -0.00221470945938761 -0.103133753456019 -0.0355617849607871
0.00535149813433508 -0.00652529717742645 -0.103814474434581 -0.0661424532729178
0.0204777361750419 0.0104202615801758 -0.0808292082055768 -0.128709792154038
-0.00032274195974335 0.034844318794629 -0.0226072434391295 -0.175344564287262
-0.0554777778021443 0.0213244549756487 0.0324277648484618 -0.173596731360761
-0.0725644669859697 -0.0184550198340527 -0.033615759632412 -0.17632855132185
-0.0876117513740039 -0.0412361753169886 0.00278768006360938 -0.16639653107409
-0.0522959184535827 0.0121234052626443 -0.0255569598844635 0.0251078160795638
-0.0113003450112573 0.0282643748975609 0.124132861800056 0.0509896220908087
-0.00500572488979219 0.0138968378673127 0.162578311833415 -0.0667154024309293
-0.00812281573337742 0.0148621348581241 0.0701239092539715 -0.162423010903563
0.00486872678081046 0.0264170834064839 -0.0432036541771775 -0.14482851523987
0.018920595076679 0.0166620725171494 -0.0879664698093052 -0.0834647482839153
0.0208610900646795 0.0102433466702727 -0.0866426962696019 -0.0434782978358199
0.0283988953760812 0.0201334857211692 -0.0898079561773655 -0.0222348295200378
0.0180912301954056 0.0399875975573584 -0.102771318770934 -0.0212932437057505
-0.00469587443081528 0.0410391352498541 -0.109738929093521 -0.0479895218226412
-0.0304737005141444 0.0492885209045045 -0.0939712829280699 -0.113779585700559
-0.0631285310010566 0.0259864598441013 -0.037656927661276 -0.164755735751116
-0.094426226299173 -0.0344419436355903 0.0149111375374353 -0.148410964226727
-0.0956335030607922 -0.0925290890924776 -0.0344460568279436 -0.138881881731438
-0.0988652055167993 -0.104164778951002 0.0357592892478339 -0.131247206138992
-0.100618634899277 -0.039443739522882 -0.0150479595624939 0.0495196760563427
-0.0795790983177301 0.0315670385024384 0.139981348694432 0.0759403115396781
-0.0456561000693264 0.0660003372189059 0.187148792624152 -0.0543187079443122
-0.00603026583113707 0.0626616140367597 0.0865919489923597 -0.156024117353599
0.0252685443222189 0.0594146623467898 -0.0299073177221985 -0.138611985620743
0.0524761134840943 0.0362486255554563 -0.0736927728780944 -0.0730174828183031
0.0550028169426664 0.0214268047173651 -0.069907182250417 -0.0313888134881729
0.060558469365266 0.0337752521909108 -0.0725289029255429 -0.00431414630218797
0.0394315910306471 0.06913000295021 -0.092098476402728 0.00507579995535354
-0.000714787592663529 0.0801603397527498 -0.113307618373136 -0.0125815948771458
-0.0578687403306994 0.0915223485262365 -0.114265255683492 -0.0832374189369893
-0.110751202349055 0.0362281944166352 -0.0626055200079361 -0.148410850240972
-0.128797619635983 -0.0654053746603966 0.000466740212301518 -0.121724386252584
-0.112418348674417 -0.144482919640566 -0.0282288298610468 -0.0833607661773571
-0.0914847629707222 -0.152725030409421 0.0620188478870848 -0.069295385274372
-0.129405213368338 -0.0965509829082391 -0.00717423183653214 0.087327560963996
-0.141451974278838 0.0167127838849204 0.142328822504359 0.11346702942259
-0.0933854263734454 0.104095016281949 0.201979220624387 -0.0225214767381726
-0.0115729114976122 0.106986981501688 0.103993022917077 -0.129731557020804
0.0382724519714767 0.0895973297481032 -0.00659876123546427 -0.118258772714658
0.0771190856439408 0.0533447281114179 -0.0478920537036568 -0.0547093784066083
0.081541739950968 0.029093258191158 -0.0431214028655316 -0.0142516924962191
0.0841865268422429 0.0383373493665588 -0.0458980767292927 0.0160617017617877
0.0588694844903042 0.0819369415678283 -0.0704230971301258 0.0344131897732267
0.0118246614270348 0.10234364500098 -0.105008476120954 0.0290066289581418
-0.0644692586392274 0.123313275284218 -0.126175880298255 -0.0430427091171376
-0.135592630839716 0.0516904020719961 -0.0848238314716565 -0.122296795071897
-0.147652430400449 -0.0769504421592575 -0.00706637910700462 -0.0959621769367954
-0.116687906922073 -0.170738864528044 -0.0149217762355041 -0.0228282184287419
-0.066782384175894 -0.17397236449874 0.0749365605467866 0.00981305704302837
-0.127513703241512 -0.143849252689015 -0.00496347032910976 0.130285045575512
-0.175419361220868 -0.0151284520400716 0.126456366807234 0.15135647573531
-0.135734579063969 0.113684931317981 0.195327362057038 0.0216956288049021
-0.0237675152105092 0.132956399159605 0.113854852242254 -0.0846331284397177
0.0411464203047665 0.107708244413638 0.0212504265271199 -0.0826113830511466
0.0895371690632701 0.064029648563725 -0.0158337497780834 -0.0299934609523745
0.0959033667499006 0.0322572736037186 -0.0109043554490949 0.00531686118479087
0.0959943888808441 0.0360030321410504 -0.0133953059581001 0.0354948163455007
0.0701128033834994 0.0810658236902658 -0.0414802702125235 0.0601443196436338
0.0210916416389911 0.107898232759046 -0.0871278681408521 0.0659383121332633
-0.0637645768025999 0.134111877757928 -0.124665822933035 -0.00414718587130083
-0.139738661533611 0.05546351711424 -0.097259973204658 -0.0931687079781427
-0.144149314894981 -0.0822650057357261 -0.00764161496137564 -0.0730510969694378
-0.102452745233777 -0.175120486476179 0.00194480607347719 0.0354475660251669
-0.0322041862592424 -0.160386843766989 0.0751590699084351 0.0905535436006076
-0.0956111488736412 -0.161972989809534 -0.00878316478025519 0.169219103124267
-0.169804887766661 -0.0472816765631101 0.0947851616019794 0.177939264183723
-0.15229005149395 0.0953667143278224 0.166675087153186 0.0648470161888603
-0.0347846704660368 0.131867231454453 0.110225749845493 -0.0308669599798848
0.0362171321942525 0.106542101325754 0.045984582977644 -0.038146418448682
0.0862491747219022 0.0629847566517183 0.0174818555082036 -0.0028377064821698
0.095147102124021 0.0296477934848073 0.0220978978959181 0.0236608051947386
0.0944352673553275 0.0301582803123962 0.0197576585667295 0.0528714708458888
0.0711548877441543 0.0710974287606075 -0.0119114518293893 0.0814043324719382
0.0240970316324583 0.100779437636251 -0.0662399383135125 0.0942500930405899
-0.0615562800184483 0.126613436153057 -0.116041266019506 0.0259345363743404
-0.131562217099262 0.0441411005210705 -0.0993620122610417 -0.0651153047909852
-0.121601360987884 -0.0874209177177884 -0.00531909137978231 -0.0522728899861659
-0.0692559245398678 -0.160485188305681 0.0146235043324676 0.0854525759913086
0.00344255694504859 -0.114491582879314 0.0638701817760543 0.155600853869475
-0.0497787499800579 -0.139400917590564 -0.0149524948604737 0.194391748139866
-0.128136110147981 -0.0598529125166465 0.0578486481031451 0.187801945474336
-0.1317046369354 0.0660577067126078 0.126546599846595 0.0961520891921605
-0.0329037670238875 0.105155041040099 0.0985178940522018 0.0171957524309466
0.0272068392430666 0.0841963964082392 0.0660585641745577 0.00319843060260273
0.0700267383180965 0.0488735554584418 0.0474680995812626 0.0204814268650383
0.0805551002478496 0.0218428229121827 0.050898193756857 0.0388518273636479
0.0803760858768319 0.0220043539607871 0.0479600964707365 0.0665950725739216
0.0632264876987058 0.0545953825129796 0.0124869265784776 0.0988891769743645
0.0222624319936297 0.0850613701081678 -0.049352283001327 0.115425693583077
-0.057519078830609 0.104696456357273 -0.108986544357376 0.0475903783728803
-0.112463393946406 0.0234072529597158 -0.0988852160585327 -0.0426229907440643
-0.0868525897178214 -0.0888879884524784 -0.00401728733983214 -0.0345132669640155
-0.0256667615194857 -0.128931630941167 0.0202628214314603 0.125353773552101
0.0373906493089307 -0.0459245863410475 0.0484656619732282 0.192511356465067
-0.00267942382361909 -0.0855420060528634 -0.0173816316585617 0.200238582365271
-0.0652553633677276 -0.0463462520531367 0.0285841025707195 0.185816719950817
-0.0797645980068759 0.0349411355362246 0.0938575780036147 0.114721737917695
-0.0171432978852899 0.0599706547687318 0.0930630417337071 0.0496677497829116
0.0169102116495692 0.044756978342809 0.0825059261260248 0.0296622419442491
0.0431351965058583 0.025534651620077 0.0706392221018474 0.0337712727651214
0.0533309515308644 0.00968628290014692 0.0725126713810106 0.0472473996830749
0.0557264347656246 0.0116117112110666 0.0693159876819625 0.0754133936790875
0.0486279394212406 0.0333358081754279 0.0290516348342984 0.113137654898149
0.0185347974709112 0.0629105120471717 -0.0407170381255678 0.13230599925018
-0.0472744728639664 0.0747676280643847 -0.109451444136168 0.0626905494818654
-0.0814761270491525 0.00117508857642035 -0.103225932905322 -0.0269820614145626
-0.0432224408534028 -0.0787703121290122 -0.00720454063978042 -0.0236294062629653
0.0209570693551019 -0.0801210321450482 0.0168359604421194 0.1495134362084
-0.0660041823856376 0.0115577054385403 -0.00633605553803087 -0.186735678856431
-0.00549968164145532 0.0518485457216589 -0.0431252205415114 0.0160005395099468
0.0482403553472321 0.0198705112782651 0.108821239345293 0.0643418116914788
0.0293205779939405 -0.0367560762445635 0.165011892821758 -0.0459593662680726
-0.0123538516794546 -0.0320221391973175 0.0904513820152148 -0.158716433829849
-0.0181971268029119 -0.00705535983484032 -0.024285559121606 -0.160044716662238
-0.0181311670837289 -0.00392154326457216 -0.0831327428457176 -0.109569086792181
-0.0176859471427632 -0.00452608448945369 -0.0888685840744434 -0.0699322540614334
-0.00618933561247645 -0.00149512693191182 -0.0946328439595832 -0.0516080798210149
-0.00068332638152165 -0.00161110288577699 -0.103898757493653 -0.0544286762536275
0.00481350311831277 -0.00638351712272105 -0.0996461676764271 -0.0866592712551023
0.0190480425815404 0.0119253639229001 -0.0655845480552802 -0.150337626050377
-0.00710957212197291 0.0342496751813731 0.00469790828127457 -0.190804681898447
-0.0623923563473291 0.0100003239933811 0.0692794611283668 -0.180753111363284
-0.0753537348428793 -0.0365564928838957 0.00293721333831077 -0.193777624241303
-0.0843292319510173 -0.0609840560479472 0.0272392681903122 -0.177116311932066
-0.055863582522976 0.00321647969492672 -0.0338865824103206 0.0239304990059413
-0.0157935804320327 0.0246488343696343 0.123409946489366 0.0766992115636548
-0.00886454926378373 0.0108792513579503 0.185438310460634 -0.0444929178816118
-0.0147108655707627 0.012923907017659 0.101547801356783 -0.161788232969433
-0.000534942927115989 0.0291834047895874 -0.0216266864208489 -0.161695608681566
0.0164856372122627 0.0211417063872717 -0.0804826246744491 -0.103925797174651
0.0188231366624742 0.0161892105563835 -0.0848553132022089 -0.0619438761686294
0.0263116295582793 0.0279099031592148 -0.0934503933175801 -0.0389480436423473
0.0103925418473045 0.0470386082095699 -0.107022503638921 -0.039723778993919
-0.0158642411683925 0.0432685314191046 -0.108182466651814 -0.0704498660455395
-0.0427718836004524 0.0440311775930039 -0.0798962907275993 -0.139526135868574
-0.0730112634182562 0.0111862593878044 -0.0120564673840489 -0.18215394390375
-0.0932433430839886 -0.0580900968071697 0.0468925707038424 -0.155109516440875
-0.0848335949586835 -0.121787786774305 -0.00519721213530837 -0.150184474178392
-0.0832632694625879 -0.129285363946526 0.0552999179590253 -0.137349236445927
-0.0964575092000835 -0.0594366030427534 -0.0283419679792844 0.0496018729539044
-0.0864473069517132 0.0155227837298406 0.131033258306743 0.105986630445774
-0.0591232777262561 0.0571875325929963 0.205525379335917 -0.0240296222096407
-0.0209379700660876 0.0632247487177207 0.118315060310394 -0.149121551757607
0.0145615895589585 0.0681498424564414 -0.00823790814759032 -0.151123762252928
0.0485694802430866 0.0478639055669703 -0.0663288567058801 -0.0888113203006379
0.0529301406588863 0.0350346184870053 -0.0684252682783119 -0.0454610479285751
0.057785569945236 0.0483073701544075 -0.0787181939514058 -0.0167365476706159
0.0281500220637827 0.0824244918433298 -0.100491683516464 -0.00924065482493518
-0.0192710750248687 0.0860547250515697 -0.117794283158056 -0.0339593769426007
-0.0806587403432223 0.0856082599811508 -0.10689137520238 -0.113313507745294
-0.125961275741288 0.011524609482787 -0.0411818417432976 -0.168762937739904
-0.123735821427405 -0.0983169420835974 0.027837490700744 -0.127529562853379
-0.0926343894579603 -0.182301301106262 -0.0102109462028517 -0.086449123159447
-0.065486338216602 -0.178129138321654 0.0723428429277844 -0.0690348234521247
-0.115977231873246 -0.123923279703244 -0.0273943518136911 0.0892634975870406
-0.147222804686588 -0.0108449405576233 0.123661845319445 0.144491024696856
-0.113942063748244 0.0886540380933259 0.211465807529784 0.0137719354937721
-0.0341973257319558 0.107783362825866 0.133551425247454 -0.115693068088848
0.0230965075272315 0.101997210277528 0.0138348845937463 -0.124523958660004
0.0716978224189011 0.0702163639443835 -0.0409129784546238 -0.0637062045079633
0.0793500350473512 0.0481518190248474 -0.043199453495492 -0.0222365110790217
0.0813158150257114 0.0571378707277489 -0.0527809936558862 0.0104729626009787
0.0467758561823732 0.099546657603538 -0.082581592957871 0.0261955838277837
-0.0109645516005409 0.112663405959301 -0.11619641115926 0.0110667490898951
-0.092976694454507 0.119317060719466 -0.12631208134523 -0.0742540774225928
-0.15531337205318 0.0236905580480961 -0.0689832641868488 -0.145379093785879
-0.142034783463764 -0.114571877072788 0.0154552436557104 -0.100549852565831
-0.0917676019943711 -0.211810088315219 -0.00801236775511628 -0.0178288477946932
-0.034207331262869 -0.194875865451864 0.073828781693695 0.0157817065692646
-0.104222097059328 -0.172391367951119 -0.0328855301817138 0.13411039636492
-0.176600865519556 -0.0497592682035589 0.0978345099149376 0.180331170701913
-0.158691470068369 0.0922085157815911 0.193476357259578 0.0595450188377785
-0.0508882457210984 0.133006745393175 0.135078793875681 -0.0645012987055603
0.0232711161614179 0.122085788696899 0.0374159859129787 -0.0814173539230639
0.0824086003493945 0.0832252649436237 -0.01033051412903 -0.0311379822671622
0.0940158827928449 0.0540248802645522 -0.0115470054760814 0.00394497433632101
0.0944362999481239 0.0572608672047312 -0.0207849853206812 0.0373649801785758
0.0591131685357535 0.100395174700291 -0.0562463637602748 0.0591797956204045
-0.00229933641144263 0.120953195880703 -0.103087010173894 0.0535497247245384
-0.0943771345470013 0.132076289497418 -0.131840542351571 -0.0331742703246615
-0.161505616162406 0.0268287649459306 -0.0871395699431193 -0.11557306851132
-0.137155493436482 -0.119239457556376 0.0107551823115798 -0.0753688424142685
-0.0743274657512925 -0.212993824210343 -0.00244254120075083 0.0480928417028137
0.000323409670585719 -0.173644777669179 0.0610842774748599 0.102428932921977
-0.0678068112247595 -0.184974653155758 -0.0419078333226442 0.174741339505877
-0.164279431916656 -0.0821029106778388 0.0600645729367367 0.201039348428562
-0.1721252667234 0.0718078191728269 0.154510516398071 0.09856224695101
-0.061052799456054 0.130058051130669 0.121465709331748 -0.00712600531427387
0.0185534851299036 0.119896238844224 0.056576628664452 -0.0296554046915905
0.079154715430779 0.0812623215783704 0.0208312860181326 0.00427089282963588
0.0944491264165687 0.0509146990338696 0.0207965681466408 0.0297485031080114
0.0940221853710203 0.0504004272518722 0.0112180049819378 0.0616929440798647
0.0619507121669344 0.0896762418027544 -0.0283439168976383 0.0868798218200667
0.00310549914994504 0.114100408695446 -0.0853509224344409 0.0873090428088973
-0.0914276980804347 0.124402077492198 -0.127603590335719 0.00154433647252182
-0.149846850606784 0.0170929712315106 -0.0941975783099652 -0.0853350376740006
-0.112328698208918 -0.119298019928881 0.00790093286570812 -0.0523855820413667
-0.0421806969581157 -0.188844275086618 8.31525460539525E-05 0.103139966007283
0.029717191507542 -0.11724201425328 0.0384232927108679 0.171605619131322
-0.0240335781452074 -0.153587379639334 -0.0514183374452256 0.201428711699162
-0.118704496221575 -0.0854403395089421 0.0215901049103708 0.204830478449878
-0.144461207017602 0.0455451649935726 0.10793871354107 0.124324349865658
-0.0525550545881176 0.102094611613195 0.101448345502097 0.0412519811806675
0.0142865572210167 0.0945261430155552 0.0706772436253483 0.0172418159156531
0.0650838304018842 0.0634719682117225 0.0495471573417756 0.0336117648900821
0.0805288107105225 0.0391105969366305 0.0497383571680368 0.0505140954403088
0.0803357861558573 0.038303314999302 0.0404073189857461 0.0810522453977113
0.0568729362898465 0.070382802078866 -0.00419321864249814 0.109658163590574
0.00490595349376424 0.0968057851054384 -0.0713963960503088 0.113590396195113
-0.0822297451516223 0.102652494401392 -0.123812919729094 0.0265117916562855
-0.124755946565303 -0.000826450570830103 -0.0978835077403187 -0.0608424993031636
-0.0750896048666892 -0.112870894555498 0.00433914264271867 -0.0332107830679416
-0.000748427772231369 -0.14426353157092 -0.00263957032653051 0.144209219318441
0.051947683292457 -0.038798851498217 0.0171459860969119 0.210578272793199
0.0156969284932125 -0.0875841798405144 -0.053507607151205 0.209545332486145
-0.0563095973529416 -0.0589570555488835 -0.00570876994032236 0.199708945430349
-0.084570039081062 0.0229400081939366 0.0747387753110088 0.138426876643751
-0.027151849272345 0.0577926339738919 0.089625332290152 0.0723934006554445
0.0108771835164475 0.0501909329483933 0.0835318048435196 0.0470443509489719
0.0407096245087115 0.0337832899615045 0.0717044539303803 0.0507993027361992
0.054451529878573 0.0203952772263809 0.0709784716813394 0.0634815586466291
0.0560849234463808 0.0221328204546905 0.0613053534039511 0.0938042918409324
0.045730628227794 0.0442779442787632 0.0112216816969135 0.127733171042714
0.0060675981202863 0.0718985492575434 -0.064911055380625 0.132464224531338
-0.0647364723443454 0.0714870843472715 -0.126838492378693 0.0436175405308383
-0.0871982195861131 -0.0175106547537213 -0.104784674198655 -0.0446536234508588
-0.0307146302613557 -0.0930036267818894 -0.00250160900701657 -0.023198177235842
0.0398175168698557 -0.0811832323327881 -0.0115837951711725 0.165399138402194
-0.0654172402793261 0.0177069455654821 -0.0233343451596342 -0.192344689140786
-0.00109573577081994 0.0537334246157034 -0.0433055952349656 0.0210286092456611
0.0508880762660137 0.0156161977294209 0.118643665270026 0.0577174410170419
0.0264967438458861 -0.0396904955639926 0.166149657213978 -0.0614863658301762
-0.0155312781041511 -0.0310567108293535 0.0812990823970625 -0.171923019554719
-0.0186619733145836 -0.00552519601285414 -0.0373524641700287 -0.163944034042299
-0.0181956903470939 -0.00128653228663806 -0.094777148204412 -0.105803555582064
-0.0187030386861262 -0.00173166856471985 -0.0984845919247246 -0.065187093437494
-0.00646109316612705 -0.000121861486324093 -0.102489608552605 -0.0465365464638992
-0.00113295875792131 -0.000555452951200293 -0.110782782779129 -0.0482222308460519
0.00378202662161082 -0.00625126943706922 -0.10957901473675 -0.0816780707862783
0.0199492162282191 0.010364371984347 -0.0803780458020803 -0.150132277878726
-0.00564104799968467 0.0349524078649592 -0.00968789096516757 -0.197022700888644
-0.0638442903000135 0.016016192182967 0.0589003618914252 -0.194703274394174
-0.0791334834112924 -0.0308789251766311 -0.010758888108674 -0.202780385312117
-0.0899020451111653 -0.0561501775855457 0.0115759531942965 -0.184555894665926
-0.0570414779407456 0.0076810586174685 -0.0331797945597142 0.0286964307752207
-0.0149725331357257 0.0259943070732026 0.133770018368195 0.0691857196805237
-0.00884091451997407 0.012290814316806 0.187000507833369 -0.0616337171107633
-0.013944770492037 0.0158425348128775 0.0916167144482036 -0.176125834689135
0.00252177486150747 0.0306349360553848 -0.0353733969795525 -0.165268609624452
0.0192959746299101 0.0212734494236331 -0.0914172970351007 -0.100745914612937
0.0207363458263688 0.0163287731880403 -0.093326978555746 -0.0576726819570077
0.0299189921775938 0.0276288046507684 -0.099433112882214 -0.0339661180010445
0.0147706745202724 0.0492452082811695 -0.113151203368385 -0.0322665509506435
-0.0138748788944916 0.0469039204811529 -0.117185502831611 -0.0639720445007084
-0.0414751892788894 0.0492159578379503 -0.0946314586758748 -0.137454583329932
-0.0754257770464847 0.0164316149509946 -0.0273342346396524 -0.18718711928885
-0.100710969080705 -0.0530643768307976 0.0373081541912351 -0.166022980995825
-0.0956116488769645 -0.117907703206014 -0.0163368349613006 -0.156956008484614
-0.0947249174129719 -0.126548621130298 0.0438300350396954 -0.146466725017534
-0.104162607736739 -0.054044544632225 -0.0262802496425409 0.0548215130223272
-0.0884390685912592 0.0225299656849409 0.143552734747635 0.0989550494652069
-0.0568392534812058 0.064791601873554 0.209595710725787 -0.0429227128279974
-0.0168920012910649 0.0682752300612494 0.110393187068254 -0.164118860083594
0.0212243884043281 0.0699933260317658 -0.020076644775658 -0.155492384714404
0.0540773603271023 0.0462658984221249 -0.0747750283182331 -0.0863605324107683
0.0574151395883333 0.0324065834337662 -0.0748372785895703 -0.0422161804620822
0.0636283693890884 0.0459993653651362 -0.0821646856792884 -0.0110912936953261
0.0356466376712136 0.0844020975065975 -0.103901327470104 -0.0011529699832464
-0.0140647254132309 0.0916018768830175 -0.124092498192073 -0.025280172078933
-0.0768230941957907 0.0953280423740417 -0.119804966393473 -0.106855295232139
-0.129488831400829 0.0217069032238443 -0.0572449517317487 -0.171192016239994
-0.135788773370157 -0.092549340387064 0.0188465087889526 -0.136065143237461
-0.108952341352812 -0.179379821005252 -0.0161572974689974 -0.0910391975761528
-0.0798798247149091 -0.178527227013012 0.066844857114556 -0.0763750820350163
-0.129707295392549 -0.11949930371353 -0.0226269550513833 0.0947636088928651
-0.152470674535405 0.000531883638236422 0.138613928818556 0.138428855541525
-0.111126350737569 0.102122496940719 0.21907129444499 -0.00451489268414923
-0.0267784147226555 0.115669717327636 0.128210742230941 -0.130871245615402
0.0326861307000734 0.104389749180131 0.00421275766245949 -0.128773467831866
0.0798482386124901 0.0675254127450486 -0.0470340339077083 -0.0626480514924828
0.0856239054301086 0.0431989791156997 -0.0458710990437016 -0.0200597060306497
0.0890476865592839 0.0530197956192725 -0.0532442901413078 0.0146905440291541
0.0562791729529752 0.0999093915758403 -0.0826972503651245 0.0345392584079456
-0.00291931831225652 0.118329087022803 -0.118452150355752 0.0214716715024061
-0.0870163639808635 0.131477573494418 -0.137081947051664 -0.0645222917820092
-0.158993680020722 0.0364376643209466 -0.0850616576028888 -0.143694418469572
-0.155971290422456 -0.108020267034832 0.00750700377302983 -0.106752402095028
-0.110675677249455 -0.209719648505796 -0.00848129242206209 -0.0196294082055968
-0.0496541436739606 -0.198351554811168 0.0751937978425651 0.011722432371267
-0.121487739282586 -0.170442746067558 -0.0244035320369902 0.142287455115391
-0.186050692920165 -0.0377360602601456 0.115444085338378 0.177874601156696
-0.156287859151468 0.109635703247885 0.203953715706733 0.0445190494638402
-0.0421745479374438 0.142754230588099 0.134267619677056 -0.077400586180584
0.0346008092170241 0.125338867057357 0.0320253343610081 -0.0861559035720851
0.0919870495971909 0.0794821211439801 -0.0126384192634234 -0.030968155434747
0.100815801914335 0.0477151116902889 -0.0105790520993546 0.00496371748420707
0.101768235158956 0.0517931844948642 -0.0177603231147347 0.0400196259647583
0.0688512282674291 0.0995277685938877 -0.0525342154417738 0.0671862718627025
0.00709973436165269 0.125662763660291 -0.101222886744373 0.0648403226164388
-0.0870650604243126 0.144728249159032 -0.139446111698281 -0.0211310914452796
-0.164065340520841 0.0406446416664459 -0.101583881556743 -0.110934827316496
-0.151203200106128 -0.113289381121472 0.00390772638390206 -0.0796105160775686
-0.0932285290999546 -0.212785030887004 0.002342586682117 0.0481970353958262
-0.0123776152608937 -0.179128539116014 0.0686940904541797 0.102272189906166
-0.0850118661725982 -0.186490673689974 -0.0309728833343573 0.184673740277122
-0.175579311341708 -0.0711928257061542 0.0775091583926271 0.202506691176156
-0.17113943916127 0.0902672687874416 0.166235246124721 0.0887336706705336
-0.0520270666819697 0.140158832964343 0.124503526123698 -0.0170868312477973
0.029486666959866 0.122805262396943 0.0560556452445688 -0.0343373064777329
0.0886873271507269 0.0782035728148791 0.0230195412481917 0.00281265817819976
0.100961250350071 0.044035728597267 0.0250928392700067 0.0288260207388498
0.100681226040065 0.0443942282290612 0.0180613082422797 0.0624466812757531
0.071338494544722 0.0873148985813722 -0.0218118356694804 0.0937715157001079
0.012304374733822 0.117486877247134 -0.0805432524562206 0.098104584365436
-0.0833575838864828 0.136677609162941 -0.131838591285622 0.0136664037063706
-0.153017831541984 0.0289189766224471 -0.107054889778615 -0.078915010829004
-0.126143062363333 -0.115328723722778 0.00296344726518771 -0.0551725595654906
-0.0583177349720173 -0.190443127728074 0.0096938916814874 0.105260696623872
0.0219029351336455 -0.123399947806138 0.0517317644475389 0.17576264016023
-0.0377496905757754 -0.157128417371208 -0.0387121535853203 0.213752131958416
-0.129167576195025 -0.0784834726778368 0.0380543819796597 0.209802281288127
-0.144452238016304 0.0606157207731706 0.120773320158552 0.11908201834933
-0.0453634330083203 0.11019469653272 0.107004241643453 0.0347262705404919
0.0226496423172037 0.0967774958005726 0.0744044246541824 0.0129476686758598
0.071984517135297 0.0605186490390293 0.0547470603953893 0.0315268526279604
0.0859570909563033 0.03260457506059 0.0569494913338369 0.0480933798222996
0.0857090107467928 0.0325147245271392 0.0489467850151403 0.0809341299970949
0.0640265603828685 0.0673527047314005 0.00501307432720605 0.115920142460045
0.0127548046719231 0.0995514997760893 -0.0635408537041527 0.123260210436067
-0.0758098445527054 0.113164533696425 -0.125560624649288 0.0394553891949279
-0.128589048364821 0.00903326636739732 -0.108507126338462 -0.0534600541225922
-0.0867772804374753 -0.110812116638331 0.00106004632791829 -0.0346027915762698
-0.0122468181663643 -0.147579452829243 0.0103031460011575 0.1481591502298
0.0506187855615932 -0.0439027813999608 0.0338102803001554 0.217853314658141
0.00840029972198208 -0.0911507460879138 -0.0396580544250301 0.222730336790536
-0.0632900716502219 -0.0561040081129042 0.00999279329632235 0.207343702234977
-0.0840483134801526 0.0325540322367457 0.0874581105489336 0.136904613022444
-0.0228105842283677 0.0622608814623317 0.0974227814407721 0.0678945943910246
0.0152117834349261 0.0508899329249654 0.0901497067764743 0.0424263626166494
0.0445276252040996 0.0312536862981551 0.0791044843437825 0.0471017446972755
0.0575221571939302 0.015321305661436 0.0795474071670214 0.0595473401606711
0.0595358451713359 0.0173820061396401 0.0718380933640708 0.0918601629805516
0.0500000003773184 0.0411296799977793 0.0226326700052747 0.132518535834632
0.012649682572337 0.0730798822730558 -0.0559268302054704 0.143012560396172
-0.059804747520961 0.0792277687539037 -0.128212388855375 0.0567334790294846
-0.0907740296013641 -0.0118293952834396 -0.113807091940006 -0.0361888873685376
-0.0395068639081033 -0.0926631457516453 -0.00521669276165843 -0.0238532516822007
0.0340219023625676 -0.0854740665584679 0.00285110991671065 0.171176177500804
-0.0618373910176594 0.0209865728358161 -0.0359770988801384 -0.189345358464542
0.00247119826774492 0.0533402604842935 -0.0417611713291876 0.0249650063895751
0.0508623555410519 0.0119290313328083 0.122161694710482 0.0509726469239162
0.0233763362160393 -0.0405140288284867 0.161667815691272 -0.0719011617059296
-0.0173451049062534 -0.029545404813894 0.0708494528795159 -0.177297653478216
-0.0186714819222167 -0.00430028507127257 -0.0466666165998792 -0.161528728693084
-0.0174093896362225 0.000210903805815551 -0.100749931582789 -0.0995448989743393
-0.0180936555373756 0.000607946914626577 -0.102794981861752 -0.0598895686746108
-0.00526402283085911 0.00068652662551568 -0.106354660672864 -0.0409169492583219
-0.000846389069858189 0.000645498453076534 -0.113110183392705 -0.0424472799503872
0.00261301640196291 -0.00575548009791466 -0.113541209654531 -0.0746436622666728
0.0194027820282384 0.00887769266434333 -0.0886384992855878 -0.1449609104043
-0.00399773310121781 0.0344260249510217 -0.0206697601050228 -0.195865737342005
-0.0624174706558725 0.0202495269407735 0.0485552855196111 -0.199794787565276
-0.07885782398476 -0.0253960801354596 -0.0213171140893965 -0.203930274795222
-0.091063792666839 -0.0513108767099861 -0.00148699866672771 -0.184153156412405
-0.0559555900023226 0.0103542920149189 -0.032336907661527 0.0313702396928005
-0.0136478641303919 0.0260589891285079 0.137695452991668 0.0611651303328234
-0.0085841459264426 0.0140643962886284 0.182033504099399 -0.0725868379207931
-0.0130359052928056 0.017881983032912 0.0817820220123818 -0.18185628579514
0.00472783924228991 0.0307594006208499 -0.0444652694331549 -0.162764710176107
0.0215298244530991 0.0206481552354173 -0.0966955438017138 -0.0947027545325054
0.021980373832339 0.0161745174387482 -0.0971127640478269 -0.0529877394618877
0.0325318070477092 0.0265718115598682 -0.101466340039343 -0.0282029656421413
0.0175126141015005 0.0490150374118987 -0.114154785110781 -0.0257137929557068
-0.0120622599708822 0.0485694890038226 -0.120873973802352 -0.0569352784400513
-0.0392675478858766 0.0513692508309589 -0.102476688566095 -0.130394753619183
-0.0745316071265532 0.0200018964846171 -0.0387229018167454 -0.185211103225709
-0.10363007650974 -0.0471704091209057 0.0285696564673977 -0.170350958886902
-0.100231346380362 -0.111641918771847 -0.0239152799179469 -0.158365853040255
-0.0999608487199311 -0.120857831115684 0.0327561811804022 -0.147683539212961
-0.107064979165775 -0.0483132357339177 -0.0238090905667845 0.0568391735832226
-0.0867110227608322 0.0267819939652932 0.148710442470249 0.0900417600952825
-0.0528790205565079 0.0693577791598895 0.20554640464487 -0.0563685175162517
-0.0128061492158884 0.0707202797479927 0.100411845640192 -0.171385081471515
0.0257735960171273 0.0688992659273926 -0.0288384074593494 -0.153710983907229
0.057560337542455 0.0434757543469514 -0.0790349694987051 -0.0816815829817288
0.0587504075869381 0.029794436140251 -0.0773833465265581 -0.0377308424602443
0.06690778720212 0.0427051747538122 -0.0825259780541961 -0.00651340962185489
0.0411373462292897 0.0828618837096722 -0.103155451835455 0.00522550800118705
-0.00942328272491314 0.0932055740693358 -0.124864027097571 -0.017931083206461
-0.0713074283429801 0.100000213342668 -0.126505862278403 -0.0984249347774429
-0.128300014137492 0.0283315554412768 -0.0686801940193626 -0.166766172629899
-0.141091319028962 -0.0857047638813587 0.0109182194603728 -0.13860026122923
-0.117175670329202 -0.172000589297272 -0.0203256514599984 -0.0924372466417038
-0.0884387009024451 -0.173333310626945 0.0598588492531041 -0.0797893326175131
-0.136282870254372 -0.11251371347667 -0.0183698039861375 0.0972772304870041
-0.151974630652588 0.00889369004453227 0.146779843140655 0.13068289641987
-0.104021283439096 0.10936311444468 0.216882854285564 -0.0177908564556937
-0.0195342200860799 0.11803898871316 0.120157610645848 -0.138531593824901
0.0393918549867111 0.102372784722781 -0.00250582686232774 -0.128811068625808
0.0843341632702056 0.0631529433460524 -0.0495734010341463 -0.0598534626521908
0.0873777290790901 0.0384406303161071 -0.0464728758954423 -0.0176605156444905
0.0921547766980078 0.0481485923466447 -0.0518570542882307 0.0169816618960302
0.0623256567857008 0.097217482841008 -0.0793866455128664 0.0402301275080663
0.00363669979359192 0.119425358437732 -0.116388309266177 0.0291551774995198
-0.0791175148451928 0.137330187017765 -0.140872001194573 -0.0545052577171035
-0.156337707990336 0.0453304267269173 -0.0952379661257467 -0.136978468591492
-0.161841099805401 -0.100062504625271 0.00108185667385523 -0.108058459296423
-0.120381636329296 -0.201807969622123 -0.00843245390261269 -0.0214800242967874
-0.0593903175256146 -0.195366208658148 0.0735692543496715 0.00790343780574091
-0.131132300472855 -0.16359427240347 -0.0179654360743223 0.144274419889052
-0.187322580076494 -0.026369356187405 0.124346901182621 0.170662405494606
-0.147969568556796 0.120235407693796 0.204830512013387 0.0323651023991494
-0.0331066317515751 0.145618204921865 0.129087618896435 -0.0856082774193542
0.0423369223581667 0.122912544221985 0.0273217475982747 -0.0871303325950391
0.0968043403392698 0.0747614546349387 -0.0132882417046618 -0.0301894414770068
0.103450172707559 0.0413284714311958 -0.0102921379954672 0.00484213130503752
0.104682081139328 0.0456636830304646 -0.014510305774491 0.0407067332406967
0.0746864972305021 0.0958357802000499 -0.0472853939254398 0.0711370965747428
0.0141288334210386 0.12573565433168 -0.0967118083377716 0.0712535329468643
-0.077869030785914 0.150499434320089 -0.140169065718238 -0.0109368246366907
-0.161297116733749 0.0493694475011361 -0.110040692203007 -0.102859541401028
-0.158027525728297 -0.105526543117907 -0.00115257359246281 -0.0803437831426932
-0.10393872467043 -0.204901807500162 0.00641966056352791 0.0460796899822312
-0.0219140406154979 -0.178151330241667 0.0728299600907749 0.0989301989822529
-0.0960567939199092 -0.181732938720007 -0.0218713218553868 0.18712000749177
-0.179337073083098 -0.0607175338717035 0.087905036049317 0.19773267339824
-0.164280622191042 0.101600262188823 0.169541888772317 0.0789197490314492
-0.0434023556509048 0.14341433364692 0.122929634517132 -0.0239927387570662
0.0373307218177726 0.120838738936035 0.0542299866715118 -0.0370343699040482
0.093395099459186 0.0729626139598842 0.0237926939024728 0.00174336948016985
0.103005017949692 0.0367745768935272 0.0276677859380059 0.0272088066106302
0.102965545950936 0.0378802420060358 0.0224013941100851 0.0614478402677196
0.075811544426386 0.0831639102850337 -0.0149250569508389 0.0965302406496717
0.0188479941081505 0.116733426038576 -0.0737035738783873 0.103833603220797
-0.0745205070975385 0.142328424215419 -0.131042691813972 0.0239734063842502
-0.15059268168339 0.0371947730390495 -0.113466401150867 -0.0704778963448219
-0.132650695608741 -0.108208773652681 -0.000840031486264934 -0.0555594705074623
-0.0685597702628984 -0.185576435799093 0.01684207310969 0.103139377563394
0.0154123938726988 -0.124636547762772 0.0603954096863953 0.173931397577632
-0.0471497470728154 -0.154314026808867 -0.0276770953214512 0.216695013911788
-0.133306574438035 -0.0704593408643403 0.0494776528279474 0.207715464435668
-0.138854108399934 0.070566719188238 0.126945847904676 0.111791069065074
-0.0383329787761104 0.113317019978722 0.108231479995391 0.0290688468033806
0.028652829860077 0.0949249136730458 0.0752092424350495 0.00926400942219213
0.0753395063484519 0.056130019048083 0.0573763874156223 0.0290488033960734
0.0871183974303119 0.0261741063509468 0.0602988246327988 0.0445571726479713
0.0872494811856495 0.0266310561377816 0.0548560107527273 0.0777037692380372
0.0671761793430943 0.0628791456832814 0.0126680353473426 0.116631192987407
0.0189580493459017 0.0982585428322527 -0.056163141046378 0.127727209442246
-0.0677085293274884 0.117705453200114 -0.123539328998535 0.0484402372255394
-0.127120440623028 0.0156905538181354 -0.112878497201144 -0.0452395133256158
-0.0934980825126632 -0.105453169142603 -0.00181064077964549 -0.0346221842501345
-0.0205196695443148 -0.144929583979471 0.0201988980477412 0.146034817268731
0.048058544175736 -0.046914118327 0.0452412685318331 0.217308167327171
0.00299977117272905 -0.0912906038661176 -0.0278461051022451 0.226137802244194
-0.0657921477419542 -0.0523615848068762 0.0218875428407964 0.206621965491822
-0.0799930856813024 0.0388265672293882 0.0944521708999714 0.131435222813013
-0.0183169064123567 0.0629639256324269 0.100441136403243 0.0628093988059431
0.0183171180531902 0.0496320553514215 0.0924506734562524 0.0375890422203261
0.0463501652022191 0.0277146162996385 0.0822958768986518 0.0435827935392438
0.0574271506735746 0.0105995029241368 0.0838066754085826 0.0545005517705889
0.0600514679123887 0.0125516924002502 0.0773611229637399 0.0879310649582915
0.0516525080937936 0.0374403696793512 0.0310854943311795 0.132591905685063
0.0173991223609953 0.0715656546288876 -0.047548542513825 0.146482836464435
-0.054128722863835 0.0830317717386699 -0.125079535554282 0.0661064105471881
-0.0906853929442252 -0.00694475276857779 -0.116818008482226 -0.02787931289643
-0.0454688080760176 -0.0897314749991601 -0.0068372912809376 -0.0237962257897212
0.0292490568653964 -0.0855657699468355 0.0141493246092832 0.169044498924922
-0.05934244349978 0.0219168714049504 -0.0410999319705071 -0.186736271410613
0.00402091364404693 0.0527216673145182 -0.0410010335917984 0.026911030837217
0.0496540431380378 0.0099711016215772 0.123716365528312 0.0484784240979964
0.0216463493847689 -0.040900708953056 0.159391633008392 -0.0744547798828414
-0.0177434626271052 -0.0277701680771733 0.0669597651988124 -0.178072275418438
-0.0179008968244017 -0.00316273947636888 -0.0499613598665652 -0.160116550149863
-0.0163986332081774 0.00110296632438868 -0.102170716502117 -0.0960655804198647
-0.0175770183365216 0.00236871328713082 -0.104524341911624 -0.0575808023793954
-0.00480945401548748 0.00147358567789374 -0.107044656571549 -0.0388525001187627
-0.000596926679014809 0.0013697189484601 -0.112994983042902 -0.0401777772766631
0.00194302793696063 -0.00518508579385306 -0.114230997739955 -0.0716661724210167
0.0188022509171222 0.00771283053795823 -0.0920627352223629 -0.141435572189636
-0.00387352095508936 0.0341684350397017 -0.0238212480218593 -0.194333308770214
-0.0611699653275942 0.0219552876518855 0.0456168341957085 -0.20232747907123
-0.0770826617827138 -0.023261324643712 -0.0244235962499495 -0.204657907464049
-0.0897142307876339 -0.049578521537463 -0.00744481371830825 -0.182211523128918
-0.0552154251151123 0.0107474718130595 -0.0319452587687897 0.0331652259348667
-0.0135916508374224 0.0254950541464083 0.13850704114386 0.058522451673868
-0.00816430683502421 0.0145854661192667 0.178964863757273 -0.076417800458713
-0.0124346466917443 0.0189217380933601 0.0776682342632134 -0.183247598493847
0.00604985387425802 0.0311608681136482 -0.0473420658478944 -0.161277647421679
0.0225242504448084 0.0208969060741551 -0.0979639169654369 -0.09219700391308
0.022436927092755 0.0168339701705474 -0.0980728533581774 -0.0506008099274539
0.0335110683568894 0.0259382587549603 -0.10223796388181 -0.0260269114973809
0.0188940682820132 0.0497333382591515 -0.113432617320145 -0.0233857845352233
-0.0114235136888937 0.0494983834875905 -0.121585319107973 -0.0538449898855092
-0.0387352881290184 0.0520755861406128 -0.105187111567645 -0.12652190431648
-0.0745196758895564 0.0209765636822948 -0.0424724032056005 -0.182608242905907
-0.103702015114756 -0.045044669742788 0.0259252440445489 -0.17252152784725
-0.0998154939791954 -0.10807906936734 -0.0265249622501707 -0.159415319270415
-0.100217160452007 -0.11861794623978 0.0273831932119959 -0.146520632368933
-0.106965843295084 -0.0465251505823762 -0.0236859196922032 0.0583016923608025
-0.0857271283462396 0.0279861267371082 0.150102395850499 0.0870971236017601
-0.0505813919482697 0.0709454122276675 0.202497503580642 -0.0598918971470115
-0.0109360421406172 0.0713684226568743 0.0961861719831553 -0.172936777904997
0.0276495972695973 0.067986347260213 -0.0315206865381936 -0.152250793995635
0.0591083761282597 0.0424004283168666 -0.0802725238840415 -0.0796539773177421
0.0594327414855336 0.0289047572066588 -0.0779199227115962 -0.0363553379261236
0.0677176169564602 0.0415093253740451 -0.0823067597180081 -0.00510391130166238
0.0429838312845975 0.0828265361223475 -0.102182170816303 0.00798137833501967
-0.00783577138999285 0.0939557296686411 -0.124277531047583 -0.0147249817091625
-0.06965597480074 0.101102894747459 -0.127775812841994 -0.0936261927699679
-0.127413907323396 0.0304700897216599 -0.0728750908312993 -0.163610501173521
-0.141827990544032 -0.0831194455851228 0.00858529506292869 -0.139724182815823
-0.118107992900769 -0.167606580263968 -0.0214744879139468 -0.0942226521158002
-0.0900607318833441 -0.171228406459602 0.055677793885678 -0.0792966646183086
-0.137683632255055 -0.109286668712435 -0.0174524249791027 0.098044092847215
-0.151063033442203 0.0116805031988347 0.14775314321361 0.12697408649713
-0.100394080156701 0.112413060343919 0.21455738219549 -0.0227917200882383
-0.0166960156830129 0.118776471036008 0.116469685369607 -0.140255746532938
0.0418639840928911 0.101656410796477 -0.00500344532330207 -0.127549177943926
0.086080925597321 0.0612842389132998 -0.0504316828955005 -0.0582712512774272
0.0879462129419673 0.0364039442894683 -0.0468689924051518 -0.0168455210817869
0.0930502145098157 0.0460002535079296 -0.051407585727513 0.0180383606425731
0.0644724864508442 0.0961975774180569 -0.0775877652990306 0.0425095768997533
0.00586964481409916 0.119151968652996 -0.114685174724825 0.0320756084607959
-0.0759265476786518 0.138380739233307 -0.141314435024022 -0.0491554455918044
-0.155067734002197 0.0472232153493757 -0.0998412214253799 -0.133038040884172
-0.163154519018 -0.0968888009479549 -0.00109786274908431 -0.108764617335368
-0.122583117672844 -0.197136275718697 -0.00858437124391748 -0.0234961886565527
-0.0617718238126875 -0.193527999915968 0.0715521389481071 0.00739451154651385
-0.134465855504438 -0.160544429360801 -0.0155497210385854 0.144959046110967
-0.186782242991759 -0.0225461781870975 0.126488088648634 0.167258240272641
-0.143979768108763 0.123420947474728 0.202966363525994 0.0270712154515774
-0.0291706736786363 0.146429205761702 0.126309123612228 -0.0878585515067965
0.0452559978018589 0.121492167699632 0.0254138468172552 -0.0871649969596368
0.0988321451038638 0.0720959312551447 -0.0135931268870431 -0.0293904238137651
0.103027763495415 0.0384779705217598 -0.00978279692728209 0.00525761269854864
0.105332259779029 0.0430090790958537 -0.0136927318242928 0.0411980392997046
0.0766019837698484 0.0942328155812606 -0.0450748494897404 0.0728559253376094
0.0170016150736805 0.125436605793723 -0.0936545346969676 0.074035735202167
-0.0736475971124409 0.152050408635693 -0.139636231978241 -0.00570704363036778
-0.159601280754374 0.0516179469226423 -0.113227191589868 -0.0983020467078791
-0.159550903124552 -0.102527620616214 -0.00347971787780387 -0.0806515197782821
-0.106293721884731 -0.200727117836504 0.00814621760894862 0.0438456020658238
-0.0244243363948098 -0.177259145927018 0.073053845484252 0.098070978208037
-0.0993890276875222 -0.17905680692224 -0.0188410427924271 0.188271317812216
-0.17901010343844 -0.0564843140076857 0.0917868685006642 0.195093286916586
-0.159638163874706 0.105311909006542 0.169155867430351 0.0748064746015989
-0.0392941061415842 0.14449285298431 0.121479657470423 -0.0259189837514717
0.0402278127822494 0.119713053730314 0.0534839018616067 -0.0375688799739956
0.0949475684722885 0.0700578217772731 0.0245868912322387 0.00146023803326104
0.102581599937131 0.0339316593129634 0.0285347475815308 0.0263759093973454
0.103283822100022 0.0352419301613125 0.0237913187653271 0.0606430320161871
0.0772137429957689 0.0809862125049357 -0.0115119258425837 0.097438612185627
0.0217860026269311 0.1161292413243 -0.0707714515094177 0.105547863227066
-0.0697207854757133 0.143678737107916 -0.129727260449191 0.0284728312637114
-0.148953817052706 0.0393932313557243 -0.115815616579745 -0.0657539381686881
-0.134664687525966 -0.105681660165105 -0.00260681915488559 -0.0554166051991409
-0.0703355734849022 -0.181222898914268 0.0197963714991026 0.100224837259831
0.013051516533416 -0.124709441290404 0.0622209212115646 0.172869801492173
-0.0499529116866854 -0.153027170682528 -0.0237006768495868 0.217876067556373
-0.133643853362455 -0.0671035749711676 0.0535567666484889 0.206170796783591
-0.134581502792133 0.0737538911335156 0.127296704711722 0.108285384687033
-0.0349788884225719 0.113591498023714 0.108146101631793 0.0266756659221781
0.0309768349164778 0.0939849355306444 0.0752580133470833 0.00804090449116645
0.076568030513474 0.0537173000916798 0.0584095905571003 0.0283713980074055
0.0862139834151243 0.0235355702070301 0.0617193771278086 0.0429059388669737
0.0873727051437767 0.024081050513881 0.0561878708676944 0.0761334150712671
0.0676370111668923 0.0610370912232076 0.0163420667380137 0.117047746463111
0.0211258842138847 0.0971349803529801 -0.0523032252479971 0.129330960804333
-0.0630748455288359 0.11895705692268 -0.12215512690271 0.0525448279977713
-0.125891114020427 0.0178771081971644 -0.114497827290307 -0.0404563729371664
-0.0950126116329798 -0.102673744088617 -0.00287913800295481 -0.0350254156045279
-0.022551007489196 -0.142304050308732 0.0241611285060461 0.143212818071508
0.0466310327333893 -0.0480499207144104 0.0486848107046553 0.21618379689331
0.000616527866632631 -0.0903124475885754 -0.0230673119155224 0.227625934674249
-0.0661298173275443 -0.04958827295293 0.0261950743085697 0.205950627090459
-0.0766263297323492 0.0409428385899003 0.0963114668582595 0.128439705625768
-0.01647805669586 0.062752884048297 0.101384154098124 0.0606615657712442
0.0192659145374837 0.048386385129605 0.0932159820345405 0.0357279835458292
0.0465584080381071 0.0262366067572631 0.0841388245378738 0.0422390508626534
0.0564454953256444 0.00806347571122193 0.0853928355160635 0.05219064212018
0.0597366612853595 0.0102486463678835 0.0790818410985013 0.0855607876168314
0.0514763200111773 0.0351569522873142 0.0349695254831829 0.132171515486659
0.0191582283483075 0.0704868912917647 -0.0435916607189128 0.147183358329662
-0.0503389691858615 0.0833201475800161 -0.12335376495402 0.0698498171958342
-0.0901951131190238 -0.00549318759222085 -0.118064477450092 -0.0240100470976276
-0.0467571429300038 -0.0874033261518867 -0.00780394500264247 -0.0239541923396485
0.0276904576619092 -0.0846443358190359 0.0183961638915398 0.166215370324195
-0.0585265733610405 0.0214336405500925 -0.0430360177647668 -0.188923233184068
0.00446357476802726 0.0530228156598777 -0.0419225214813834 0.0291718611165466
0.0497164973493355 0.0093564465118788 0.126738117577206 0.0493588241957972
0.021587736718468 -0.041275204071817 0.162625534781488 -0.0756855187527336
-0.0179732315365948 -0.0275451541865438 0.0683690781184415 -0.182724995078974
-0.0180678039800528 -0.00290358727491762 -0.0504733764997244 -0.164041204854899
-0.0162957639839834 0.0012037457355458 -0.103340538352792 -0.0974802088402489
-0.0170072534136472 0.0032469292966148 -0.107234420063448 -0.058816604302189
-0.00419477508215147 0.00179804072881668 -0.109883037688713 -0.0394668277941818
-0.000508288259521726 0.0024120072226321 -0.115240404759329 -0.0417237312601302
0.00156794759853601 -0.0047542112864588 -0.115916674524071 -0.0731563940421255
0.018154429480843 0.00747510320006845 -0.0934323131306402 -0.143584564591747
-0.00457739611954505 0.0345612258360065 -0.0232548407445215 -0.197805821378843
-0.0619272834082678 0.0223847558718722 0.047502719778935 -0.208190447876623
-0.0767385492374134 -0.0238317140220004 -0.0237295717208269 -0.210235951467743
-0.0894635041695067 -0.051019161947982 -0.00883596064784222 -0.184437176242892
-0.0562475141650862 0.0102772701452658 -0.0326906748451152 0.0354979440498759
-0.0150368646132416 0.0253162617265681 0.14129332689244 0.060059034086827
-0.00854244597080397 0.0155474926137472 0.182228072161392 -0.0775908484337847
-0.0128469196933549 0.0200653027155986 0.0791498381633108 -0.187029140517747
0.00621123082898787 0.0320087975664488 -0.0476466888798283 -0.16438834026439
0.0236881760360254 0.0215185385708246 -0.0989791971043478 -0.0935081027250055
0.0233838814636738 0.0177125404006628 -0.100720131211072 -0.0514630616030018
0.0349637048357413 0.0271704218630482 -0.105066231590823 -0.0266646754587926
0.0198048070413325 0.051942765931488 -0.115771823789661 -0.0247370181131665
-0.012357880262739 0.0512497781359137 -0.123468623702052 -0.055095934769205
-0.0405069214221778 0.0523771861551786 -0.107390111574893 -0.128112503836766
-0.0764726037231862 0.0204941954517354 -0.0436165826403658 -0.185862833489431
-0.105494323897268 -0.0468069898862985 0.0274055092091741 -0.177521866598286
-0.0992177798806101 -0.110206906584642 -0.0259064570300781 -0.164833167784224
-0.100361738569978 -0.121949665631995 0.0263226666000638 -0.147816545846919
-0.109060146193038 -0.0481313029101773 -0.0251029720661302 0.0605460306631057
-0.0877299134655343 0.0280483004864421 0.152030863153599 0.0895501923195233
-0.0508674686867719 0.0725798065523682 0.205183098357963 -0.0607169488641455
-0.0108069599949572 0.0736417195740748 0.0985073616042632 -0.176362049131494
0.0284275988336157 0.0699330523800806 -0.0318941877270826 -0.154823555573878
0.0606476703353332 0.0434662777311035 -0.0809969983011036 -0.0807348050140808
0.0607127607575018 0.0298295261574221 -0.0797148266363835 -0.0369812321499238
0.0698295199113945 0.0424168344617207 -0.0844822673886644 -0.00538814771233431
0.044382632777945 0.0859496298838006 -0.103243674379995 0.00756162553962737
-0.00822169060558121 0.0965831802320449 -0.12691181161577 -0.0149638413960148
-0.0714781841976876 0.103271523388444 -0.130634823396299 -0.0945943461967315
-0.130695823001265 0.0298683013261498 -0.0751662867556787 -0.165524435422184
-0.144700112648511 -0.0859336348861612 0.0093909548570824 -0.144282764751955
-0.117277584088974 -0.170734224649809 -0.0214356224498245 -0.0984393465218808
-0.0902066459027629 -0.175606585036378 0.0549630671915805 -0.0792978641353853
-0.139623140819007 -0.112509553865364 -0.019043138233213 0.101129865660505
-0.152935898193734 0.0114076456074728 0.14979825657076 0.129960292539916
-0.10117790518296 0.114687746717046 0.216983615987507 -0.022654043877862
-0.016723892414219 0.122223380586309 0.118988465785662 -0.143517687346733
0.0427776936660083 0.103942597075433 -0.00502906165831583 -0.129632724016747
0.088517885234516 0.0621824498833457 -0.0509661502861046 -0.0592646904321621
0.0895504146084636 0.0371613062699054 -0.0477894226545363 -0.0170841950780185
0.0956358901295164 0.0469603433311703 -0.0523173058118706 0.0184786195632058
0.0659984185190083 0.0992111725964752 -0.0778724254046237 0.0436555273650178
0.0057404968357914 0.122217755447338 -0.116973012556018 0.0331715174370738
-0.0776202702571369 0.141764282970681 -0.143637175524384 -0.0486015465552716
-0.157905329789169 0.0471768630464354 -0.103218597786834 -0.133998734025971
-0.166383343902265 -0.0998499300315652 -0.00118777846620184 -0.112087796157797
-0.122186681237986 -0.200402257648088 -0.00777695791804801 -0.0259660409940659
-0.06178983103979 -0.197999974411048 0.0709322235406713 0.00908276086916922
-0.136477229277574 -0.164754237551024 -0.0179471859883547 0.148655236232944
-0.189495834842394 -0.0238368723296456 0.128196281963241 0.170879081657418
-0.145585052923843 0.126536315448679 0.205738394804263 0.0280212834515651
-0.0294976464324644 0.150320142025833 0.128886528046254 -0.0894469750912243
0.0466999119137037 0.124396357138946 0.026287497035978 -0.0885159004070344
0.100799413380272 0.0733530870401473 -0.0132627269767279 -0.029745340706673
0.104919861025432 0.0386429274001982 -0.00955064824819502 0.00574615415406339
0.107769726603707 0.0434246590568854 -0.0140513454906981 0.0415768730963733
0.0780651099437461 0.0964504504577649 -0.0445077927432206 0.0750043675479744
0.0174433892903263 0.128212350802387 -0.095774716462414 0.075605320963658
-0.0737350789345741 0.155522638325986 -0.142077153896871 -0.00438858363202469
-0.162355976062042 0.0517656161830954 -0.117472538712857 -0.0982807416055284
-0.162748150310132 -0.10598216503401 -0.00416233648534724 -0.0828007002324115
-0.10630041935541 -0.203359697151659 0.00869277183725281 0.0425965501443023
-0.0240266509624134 -0.181647494729777 0.072077397864418 0.10100046510035
-0.100904390291286 -0.182769504445475 -0.0202643188941021 0.193354644201972
-0.181807966898172 -0.0575644855936169 0.0926315641287901 0.199625723045275
-0.160560305545043 0.107615846092894 0.171334171915963 0.0762195316776194
-0.0397175214065028 0.147469201029815 0.123658084751958 -0.0264979873748516
0.0411691538557221 0.122590136849448 0.0545782564476748 -0.0376300235103301
0.0975622063779212 0.0713561846427596 0.0258303232974871 0.00239637717080753
0.104014044555532 0.0334911029498617 0.0295454807906939 0.0269965613008101
0.105260789373425 0.0352361538697689 0.0242713580894414 0.0614973062217582
0.078500197668785 0.0831735002054401 -0.0106290993031156 0.0999943829528624
0.0220604301874924 0.11860989318401 -0.0718569032079003 0.107721972928139
-0.0699690183722664 0.147007892447477 -0.131934398346504 0.030391154659788
-0.151695819008602 0.0391288253445063 -0.119510736819109 -0.0649629051432278
-0.137049811327546 -0.107972246155978 -0.00324036629052658 -0.0571658384697505
-0.069801028815494 -0.184030745579165 0.0205597070253111 0.100940845518574
0.0134728585975374 -0.127610182615781 0.0620237053428596 0.177600390038375
-0.0507448005924672 -0.156047062921945 -0.0255022107263065 0.222932991030664
-0.135436570732913 -0.0685342720168408 0.0538930204542952 0.209843385323281
-0.13566677024286 0.0761380625384705 0.128678474688232 0.110158909447296
-0.0356304224500619 0.115904987278743 0.110348357945379 0.027962260050817
0.0315219044665837 0.0958460413691264 0.0770744222096781 0.00884394847739399
0.0779458805323528 0.0539418963226245 0.0607487523793833 0.0292477007962576
0.087055720137935 0.022435235547578 0.0642170080442503 0.0440143855039357
0.0887918938430523 0.0233892123780956 0.0575726909019632 0.0777079575669472
0.069094150476218 0.0617632594261283 0.0177082006443681 0.120274429769171
0.0215275409198523 0.0990404769395241 -0.0532891762662521 0.131853186821758
-0.0630731761122618 0.121254193845364 -0.124737914096937 0.0550971343080053
-0.128378116828225 0.0169093060379019 -0.117973468145168 -0.039496750086384
-0.0961851257289316 -0.10451831028289 -0.00327859076281734 -0.0363128838553438
-0.0219691498901944 -0.144001569771377 0.024979028762351 0.144905998300284
0.0473334270141675 -0.0492002436763708 0.048216166857368 0.221688110728706
0.000103136371030803 -0.0914906488885398 -0.0246699853944261 0.233042477359637
-0.0664815753341238 -0.0502957200909313 0.0264157302277977 0.210043078041979
-0.0756640653317959 0.0420528167651798 0.0976022671426765 0.131326991209268
-0.0168343437774931 0.0640920159979814 0.103215925175364 0.0626675137014407
0.0196145345837995 0.0496943673466406 0.0951045547471109 0.0365905935376081
0.0465600514619472 0.0258728415006215 0.0871715736849499 0.0434194573792348
0.0565122675935659 0.00678479641199948 0.087654299876691 0.0534543663324334
0.0601491934907782 0.00915221718355072 0.0805695642906153 0.0881907164100565
0.0514430000180321 0.0353771639413722 0.0359908780221548 0.135231094586805
0.0199005958456154 0.0707202386791041 -0.0451131903466515 0.150738517942659
-0.0498439136750408 0.0846778322151336 -0.125887164284662 0.0722163548540355
-0.0919732674870532 -0.00574607542507825 -0.120318943389482 -0.0234456301739907
-0.046831007810595 -0.0883962225458234 -0.00830868927486798 -0.0254373090402568
0.0294287576790616 -0.0851359823216902 0.0190221047928132 0.168502047936159
-0.0481082376392738 0.0462119979025543 -0.124270838800358 -0.157946576519511
0.0272659615254627 0.0476520307930311 -0.0240134387141151 0.047326584431373
0.0490362264174478 -0.0138628358690846 0.143636201347202 -0.0125677739116116
-0.000231001659987027 -0.0480926988801742 0.120315307113275 -0.1476279873433
-0.0311613798741951 -0.0159192158844755 -0.020205009570413 -0.204392711754628
-0.018373688524173 0.00656546852035174 -0.122976342846122 -0.133120662328738
-0.013995044670081 0.00798091964851255 -0.142699351150234 -0.0457856264597281
-0.0133684625434815 0.0115156642161729 -0.130072145153583 -0.00620304405641786
-0.00264934885815612 0.00366272656012688 -0.123172978839362 0.0129382378462529
0.00126573419429078 0.00357161744128426 -0.128641434746019 0.0120225780065913
-0.00224914418538364 -0.00446976048443674 -0.141872270816172 -0.0171194951601834
0.0174564070262881 -0.0030178732740865 -0.152056424907728 -0.0932916544792918
0.0105398763850701 0.0327730696232405 -0.111149175755564 -0.175783636604617
-0.0472619306031453 0.04674433968867 -0.0474878638884228 -0.224640814503378
-0.0850657807585747 0.0105185264314318 -0.113083154780512 -0.197352379088996
-0.107262476669145 -0.0106528836500565 -0.0931344626880685 -0.168670012661741
-0.0478461912731688 0.0321072287628675 -0.0150389167011804 0.0511544683469908
-0.00489299908045943 0.0278272291569913 0.161635251570326 -0.00470642279756136
-0.00423929207931961 0.0166628721742261 0.139191638394938 -0.154765816920266
-0.00590804346812859 0.0267798777037556 -0.00933208598792027 -0.213133990689443
0.0195342244396593 0.0290737855564276 -0.119248571298155 -0.134054971749613
0.0324161826845187 0.009817304526814 -0.135298539252168 -0.043670933977261
0.0317500990300381 0.00846052408788521 -0.119692921945178 -0.00215447671464255
0.0456326766066636 0.010719987724608 -0.112756027921225 0.0237227044535784
0.0422186004415356 0.0425649823903164 -0.121265103873368 0.03063324126712
0.00940633186504039 0.0566023778406133 -0.143357306887158 0.00358635301390205
-0.018022698562571 0.0664619880393417 -0.163663958218828 -0.0737476681824486
-0.0658546843705576 0.0507835044213027 -0.124702101426085 -0.157911572451488
-0.121195080654832 -0.000437686344082769 -0.0500861722174792 -0.188631092300789
-0.147863971775342 -0.0623899200630405 -0.0897627580295532 -0.153565150702564
-0.147242759190913 -0.0749105114838821 -0.0463059724162494 -0.150578632012775
-0.122103924414057 -0.00134190157098547 0.00123171453056291 0.0731677477887866
-0.0726014441991037 0.0598839746838907 0.183924586025508 0.0212795392061029
-0.0189966132587484 0.0877422906775796 0.169114683526116 -0.145841615308108
0.0185091475342408 0.0762858571609525 0.01560267117422 -0.211350695763433
0.0571512050158929 0.0556422790409051 -0.0983202330990205 -0.131774793101228
0.0765253509647695 0.014533311607879 -0.110757742836154 -0.0397101508986277
0.0730348730674526 0.00424461983050215 -0.0928874543781622 0.00264670600111117
0.0865172574433883 0.0106496091661344 -0.083146214736854 0.0351286141273467
0.0807870788399672 0.0645467831131408 -0.0955333546208435 0.0569523669431744
0.0341664373085026 0.0995607972643605 -0.130693188738706 0.0436741642794411
-0.0242905745952219 0.12929943236446 -0.174690179208698 -0.0310419787598722
-0.114692578622508 0.0837736682110999 -0.147650742385461 -0.126231403106167
-0.177713547537053 -0.0206688927832185 -0.0506088629756001 -0.150664425683698
-0.193673802950429 -0.112686549558393 -0.0524002727134525 -0.0918234169897842
-0.158849872561343 -0.130830762906271 0.00875509392558429 -0.099063885060799
-0.177544411315661 -0.0498274121309283 0.0227212546633203 0.109646737560879
-0.140702891954115 0.070918078133806 0.197792691493347 0.0644669661357585
-0.0469149430634618 0.147786976811121 0.197400298577838 -0.111603880643437
0.0339646401033155 0.123736129254085 0.0515310278744721 -0.188045587679693
0.0858690983685119 0.0815484951559464 -0.0598947725192017 -0.119743672607252
0.111179964042534 0.0206848147205313 -0.0704960203095353 -0.0327280036004334
0.103238258822915 -0.00170523415185134 -0.0524580588126353 0.00692384372395029
0.11274700261474 0.00368490397412278 -0.0418651895242427 0.0440614808454848
0.108072724146834 0.0679603727084155 -0.0545559692750469 0.0801366029929744
0.0595157781298128 0.118124839848862 -0.101087666721181 0.0853653787771641
-0.011830334109302 0.168658556633694 -0.169990637578921 0.0195432071481162
-0.134632595704737 0.113052526589722 -0.160619848256889 -0.0844079920523865
-0.205626171937273 -0.0238108736204022 -0.0459618635753756 -0.116586227088596
-0.212749041866446 -0.138653342883824 -0.00616824660672724 -0.0285090186576219
-0.140808754385228 -0.166399910733886 0.0623701990801537 -0.0226349668286655
-0.19573452956557 -0.101234327535547 0.043568359119818 0.15430033613296
-0.188622733976166 0.0521857450250285 0.192795249820959 0.113707983043116
-0.0821416859539345 0.176614958442749 0.208112491067879 -0.0554528948702525
0.0340669835363604 0.154582249109064 0.0868793107679063 -0.140159558214646
0.0981161493912718 0.0994122745824509 -0.0112543914701809 -0.0946336363501857
0.127560998424624 0.0257749792944039 -0.0203379772702193 -0.0216015661621095
0.118086101429054 -0.00717610999100582 -0.00527819727407372 0.0106001015551545
0.122848447936173 -0.00469839118819713 0.00590062752086842 0.0483385586120033
0.118660122833726 0.0597320036006169 -0.00795702137516913 0.0952191293725893
0.0737113531347886 0.11875853564288 -0.0618552713653004 0.116658884911558
-0.0017686405472158 0.181381335384665 -0.148722483125445 0.0609974461655547
-0.137265940136215 0.119995316007026 -0.15778782273821 -0.0440706097535948
-0.204395447120395 -0.0305334910775199 -0.0356117222107209 -0.086885205363092
-0.198194499764037 -0.14864344393734 0.0398898484607415 0.0318374314200501
-0.0966133483808672 -0.16627576240543 0.105104017203014 0.0639046467604686
-0.169661956988297 -0.133671016847511 0.0610069388052222 0.196085767048993
-0.194916991500449 0.0169660557572602 0.170093180685288 0.155156697226419
-0.103310515717958 0.165388083603273 0.196136130817247 0.00575741015312841
0.0246839999829444 0.155309764208906 0.110447276579367 -0.0777939638829959
0.092414143444145 0.099016785789806 0.0389443979635874 -0.0589498049778647
0.122909303722723 0.0254297665209957 0.0317627292953072 -0.00894892620620038
0.11443955265004 -0.0119057744218882 0.0421156032772309 0.0130761479496328
0.116543590786709 -0.0118916335204663 0.052060768987568 0.0498527757621114
0.112435528381174 0.0460345846002687 0.0364122855187193 0.102973601646221
0.0742995390948849 0.10678401620557 -0.02430566138132 0.136785130576201
-0.001158175145328 0.171098758637093 -0.123322196543936 0.0888238935395048
-0.13183421915951 0.103350118157717 -0.144573200493154 -0.0117134251174827
-0.180511486681451 -0.0434706597275133 -0.0230384991219186 -0.0611223231833249
-0.153306202604511 -0.145569964640656 0.075576401114544 0.084180572632192
-0.0379583638211938 -0.131276858256199 0.131141721256682 0.140790028763402
-0.110900830006776 -0.129127567461372 0.0712797976039061 0.225804342003789
-0.155144827235592 -0.0116557897841222 0.13873429554624 0.179578638812075
-0.0922221296400772 0.124633863018523 0.170060529151285 0.0553010690776658
0.0155335304372601 0.123003641149104 0.121006748797494 -0.0202351453319927
0.0718370925958896 0.077048385315816 0.0801478314019055 -0.0254276790936633
0.0972520722077527 0.0175422096197308 0.0766632101428071 0.00086326329662157
0.092913947000406 -0.0162877141494696 0.082248872802968 0.0131815500894321
0.0951519614920195 -0.0163505372716921 0.0911457217518804 0.0496252500315297
0.0933055104881468 0.0300080175790956 0.0725031087565223 0.108602274616157
0.0651352844978759 0.0867500609515491 0.00434693730442707 0.150853190192992
-0.00587908447526891 0.143732163422901 -0.103332462237932 0.108339873526295
-0.118860612148196 0.0720110788469669 -0.130849944491254 0.0119133250890102
-0.13962742748842 -0.0578542240085549 -0.0141943100479431 -0.0386752857310703
-0.086943967587675 -0.128843760835136 0.0960761709570804 0.126443103495135
0.027368169831525 -0.0699250388394493 0.141118025839915 0.190254334326898
-0.0351977919178537 -0.0893456612322571 0.0788499067192211 0.233329378292513
-0.0816403335253039 -0.0226231662594118 0.115127452422173 0.188412643782038
-0.0507154521109683 0.0681068491526587 0.150906177387893 0.0852794067351443
0.0115938071554652 0.0653184936353379 0.128174321571984 0.0142868144961739
0.0403957984793273 0.0379002454969468 0.108572838025971 -0.00758572982591803
0.0552472021531239 0.00421213346178841 0.106006831978704 0.00175936770385588
0.0560358838828249 -0.0179838070944227 0.109102964646899 0.010355674006372
0.0612543438134937 -0.0174607369650195 0.118024571271228 0.0475916581734731
0.0648771224910552 0.0116143686279311 0.0975461358718911 0.113842383245515
0.0515465418919291 0.0600874089040933 0.022045705419326 0.164698242234052
-0.0100198706980976 0.1030893204155 -0.0941630521696269 0.124774716400351
-0.0936670947024889 0.0339571933499234 -0.124382105462561 0.0289640091871227
-0.0842581923241947 -0.0636029455515764 -0.0149762475569934 -0.023069702377633
-0.0102223021265609 -0.0957375093871752 0.0970335670785416 0.154054770123682
-0.0488101607525364 0.0495355099932267 -0.137645223870066 -0.163023125947864
0.0299754591033313 0.0495593849122549 -0.023378063042792 0.0522933212182689
0.0509257527743841 -0.0158967864651167 0.154115785064631 -0.017203090273673
-0.00236106861523573 -0.0511485164034621 0.124884932721264 -0.161790348596135
-0.0333165964944448 -0.0156404847156946 -0.0277847477157321 -0.219496601928578
-0.0186678970886328 0.00743815013820634 -0.135680890682806 -0.139309998149953
-0.014111170572619 0.00895175864400121 -0.153277235352535 -0.0445944213125772
-0.0126340720794591 0.0132670346801974 -0.139581393955871 -0.00178490899587993
-0.00209195151357168 0.00377502815801057 -0.13232836146744 0.0183566799474321
0.00215491512369322 0.00396443422367512 -0.13791051080409 0.0168072449233973
-0.0032378834982458 -0.00367521118476266 -0.151606236264023 -0.0141171747250869
0.0170494470141252 -0.00321137239700415 -0.165147660638946 -0.0940369904567109
0.0121885315225689 0.0342700906643189 -0.122945031902593 -0.18489455912691
-0.0483144584093648 0.0514193706317347 -0.0575816309516307 -0.240973037912608
-0.0890087084845029 0.0129272681390221 -0.126963990269995 -0.210152598486041
-0.113824241211679 -0.00952625775103521 -0.105084715648155 -0.176155504639785
-0.0502499920538527 0.0351042559570581 -0.0140637565437535 0.056333412967821
-0.00556487679323745 0.0297098817736537 0.17304053960672 -0.0102589935171891
-0.00389664968217711 0.0184137918976468 0.144485131054613 -0.169749814371867
-0.00447648879111324 0.0296362629204301 -0.0167747106098652 -0.228992061254116
0.0228472639153688 0.0308323902962364 -0.131279388229145 -0.140446606665998
0.0355388079762473 0.00964504047677037 -0.144802081085132 -0.0425693832247215
0.0351941646234999 0.00838681287571863 -0.128798573801128 0.00223476085043756
0.0505138363125028 0.00998833968340619 -0.119961220471845 0.0295502007717736
0.048099453813242 0.045253700903865 -0.129431572326323 0.0365887963855297
0.0115674098821631 0.0613548225378469 -0.153007272714091 0.00787947160202631
-0.0183325286872514 0.0723043151402608 -0.176643018942179 -0.0726832738898819
-0.0695087028919409 0.0557209480656789 -0.138246404399376 -0.164980547264253
-0.129333865354204 0.00270834017804905 -0.0591856531211882 -0.202270371203934
-0.157505787869165 -0.0634582662547657 -0.101087361819546 -0.163859451378242
-0.158692619037732 -0.0766314566352315 -0.0549936752120771 -0.157887022337017
-0.130957044768945 0.00166985364029007 0.00320144251870876 0.0797915448396793
-0.0756435746230623 0.0661816260047526 0.197113403373847 0.0180336323952807
-0.0170945510449691 0.0941822596497988 0.176515474892373 -0.160697647302967
0.0233316391029575 0.0814943582066744 0.0100353632834053 -0.22799479927024
0.0633973045929572 0.0585795439308885 -0.108542120737167 -0.138400407632643
0.0831238449110972 0.0128623888317099 -0.118802868955009 -0.0391641275527446
0.0784819087799296 0.00230673701679046 -0.0988386586837468 0.00577682789489415
0.0937203818789815 0.00795686618857052 -0.0879182816827619 0.0411917405629481
0.0901183056784519 0.0673226549454942 -0.100061459689705 0.0637575875133316
0.0396055925564945 0.106355161563429 -0.138663821716545 0.051209404165992
-0.0223645580214537 0.139461582419473 -0.186903549177718 -0.0268955646351168
-0.120959327767791 0.0925072729602233 -0.161686083620657 -0.129374965490189
-0.190346648056085 -0.0175309098668814 -0.05964124260482 -0.161456183873517
-0.20888643369557 -0.115965921423603 -0.0594726937262778 -0.0989516678012178
-0.173165166313386 -0.136224379961802 0.00567694580234815 -0.104045947144342
-0.191339884608469 -0.0484392440128587 0.0273037891833609 0.117944811904493
-0.14814901954132 0.0796123494676943 0.212669551634999 0.0631150077166873
-0.0446891592690409 0.158946861795321 0.207313430665545 -0.124568079060342
0.0413520920123527 0.131555586760679 0.0492326890522029 -0.204456763832706
0.0950382112083838 0.0852430381940104 -0.0675670204734799 -0.126264602494761
0.119702666130773 0.0181290548150174 -0.0753444419689305 -0.0322944342644307
0.109999058551813 -0.00522242930852764 -0.0555444501123069 0.0089154872348829
0.121245938406845 -2.71745591905377E-05 -0.0432652334227382 0.0488001146892511
0.119472449460955 0.0699967551883008 -0.0551516845783476 0.0875470755077524
0.0677956077358674 0.12546748402059 -0.105360603508266 0.0952441015243694
-0.00696887201993464 0.18176303836699 -0.179774690877696 0.026837910272387
-0.141354853144664 0.124375382015795 -0.174564815349277 -0.0833248552189225
-0.220774259162317 -0.0205250164891349 -0.0537611022752052 -0.124649885849681
-0.229022523960015 -0.142914791288001 -0.00799150043879954 -0.0324827234472177
-0.155157838034496 -0.174049394932113 0.0650534569166032 -0.0245392466482599
-0.212220411326323 -0.103032418452399 0.0512063320630775 0.164422923457902
-0.199866765624958 0.0610081407278355 0.209594099700794 0.116248296383809
-0.0809424432333269 0.19080008506944 0.220532760119023 -0.0652731030261016
0.0424731895762361 0.164498973759849 0.0885566054348694 -0.15446107440793
0.109114204317382 0.104049172787159 -0.0144121017845224 -0.100455598321114
0.137892199713435 0.0230427452202332 -0.0213498552154756 -0.0226130717048388
0.125177333450782 -0.0113937528910116 -0.00433362387733896 0.0117150647231845
0.1311744938229 -0.009621990901768 0.0085165670722669 0.0522863418443626
0.129826831330251 0.060940662103694 -0.00434926303996013 0.101886906990484
0.0828445006942877 0.124755701289982 -0.0629780516552861 0.127547647971958
0.00429046297972546 0.194287237510629 -0.156053972666576 0.0714856446774593
-0.143603807934415 0.132134999469436 -0.170396525180903 -0.0398378070876287
-0.219882912426592 -0.0268856039077752 -0.0412155044866389 -0.0929086347457218
-0.213842620030769 -0.154143728099035 0.0431810539249095 0.030697366020252
-0.108111443943098 -0.175400113188481 0.113488220947474 0.0666372973704583
-0.185110102856331 -0.138379608503636 0.0705801120168218 0.208652887377044
-0.207637905161957 0.0235707471660898 0.186029428243984 0.161024399922663
-0.10368054668282 0.179387541399173 0.20868033439137 -9.98837777218224E-05
0.0317109579965969 0.166096391628622 0.115749251867187 -0.0874591302956682
0.10279048078933 0.103383161494868 0.0399865530904006 -0.0640301586557619
0.132777123928733 0.0232229091729822 0.0352334862491409 -0.010815940799952
0.120393043774932 -0.0169549570819384 0.046392160313012 0.0123711283142058
0.123846103503583 -0.0172206779345347 0.0577950016574257 0.0519455616682481
0.122293484070972 0.0461588070654675 0.0432656497367311 0.109018275994776
0.0829110737422446 0.111849330978439 -0.0219414938074703 0.147841161982308
0.00533747000677481 0.182832379299046 -0.12788140646349 0.100559863428708
-0.138944483908922 0.114027671367617 -0.155052306579484 -0.00525237752767607
-0.194092607291292 -0.0411449416865223 -0.0279204970574181 -0.0656148045887385
-0.166319039860058 -0.15194078036145 0.0834739814591844 0.085873246519568
-0.0444285472469984 -0.138836663476402 0.143507840458189 0.148090676963023
-0.122324155177237 -0.134864049948037 0.0829243108888119 0.239308644499671
-0.165522660597276 -0.00794905841158311 0.152660394603357 0.187785387882596
-0.0932645172457624 0.135671584396813 0.182652768331269 0.0543576915114652
0.0207478578252677 0.131348057815305 0.129089327344436 -0.0253029613172373
0.0797375895665841 0.0805016034748754 0.0855196374261047 -0.0294693733792304
0.104424466616573 0.0156399858741745 0.0836754508330372 -0.00236472881865559
0.0970430075511902 -0.0202111956079056 0.0894330591850686 0.0109887788064518
0.100171022600466 -0.0213147419243581 0.09962762460705 0.0500641093495576
0.100832718319021 0.0293929968388706 0.082145805668508 0.113869468111943
0.0727877497784027 0.0905394680573237 0.00942438467369485 0.162140385656972
-0.000219513230384402 0.153012366866868 -0.105930965514346 0.119952667106914
-0.125210852588053 0.0807314315929176 -0.138837896061663 0.0187724472841312
-0.150512924882439 -0.0572164163258463 -0.017234760116245 -0.0415857187750501
-0.0959413103023763 -0.136084340723545 0.106822012605178 0.130820286704962
0.0263037011469522 -0.0749267914598626 0.155798680272108 0.199917491701421
-0.0403336680887491 -0.0938633695582045 0.0914800305742848 0.247476453439382
-0.0874083378604868 -0.0217374947151993 0.127538903738865 0.198206308358539
-0.0507120261525251 0.0732363692797849 0.162863739580946 0.0862527094098236
0.014714795392721 0.0694783205269709 0.137793262472257 0.0118043432229123
0.044465848027708 0.0391283428217871 0.116729022666755 -0.0108871861708643
0.0582935748484242 0.00246464016579125 0.115581837957845 -0.00218245916147111
0.0575940638889244 -0.02141951207799 0.117774543709289 0.00710339111933077
0.0633882636830459 -0.0213841457262385 0.129031282060397 0.0473656501576174
0.0691241326881134 0.0103612364445525 0.108376366271434 0.118125588335711
0.0568590331010312 0.0616896735996043 0.028940998380015 0.176343505672188
-0.00663790307042244 0.109502333853743 -0.0963523256478579 0.137671505098596
-0.0991796904145991 0.039342954974809 -0.131880572919524 0.0360391457670442
-0.0910272475409862 -0.0650210668208052 -0.0174707734409825 -0.0246810667979781
-0.0132285278813902 -0.102476193873798 0.108809280058669 0.160419507643912
-0.0469514114998395 0.05346227056239 -0.155170715589778 -0.161963841943101
0.0350964703805191 0.0499200509805581 -0.0207378104747775 0.0571951967473257
0.0518935973015674 -0.0195167572448327 0.162624015832971 -0.0280424107543918
-0.00621511802126338 -0.0536040990409191 0.123152985300145 -0.178257965085931
-0.035094381667142 -0.0142112428303853 -0.0438342261345428 -0.23205994609912
-0.0185807515125645 0.00874264475929399 -0.153295789312974 -0.140320133001356
-0.0136571304632352 0.010547738905945 -0.16383450904201 -0.0382441757168557
-0.0111219836183496 0.0149948190210378 -0.148827465910412 0.00684544603631101
-0.00141508386937157 0.00441206289694298 -0.139612007090566 0.0282628836914861
0.00355819310741334 0.00425288417557413 -0.145352653684586 0.0262277446164393
-0.0040983349373353 -0.00255989073829429 -0.160568002276766 -0.00620352230233347
0.0164481367978985 -0.00379137614005769 -0.179261950060337 -0.0890745877043784
0.0141707455252216 0.0348590138472028 -0.140235149592584 -0.187739388677178
-0.0472720241921923 0.0569523297239196 -0.0754730386011929 -0.253380183037694
-0.0915711336153114 0.0176508572220193 -0.147970361733591 -0.216473218969166
-0.119928258958391 -0.00455850222306639 -0.121956672869046 -0.177468895826569
-0.0511249379275388 0.0396917689684058 -0.0110551580423277 0.0613686230018135
-0.00449652628901741 0.0320180029129995 0.183088350263851 -0.0215570228107528
-0.0030205611752698 0.0195586396274473 0.142863582549874 -0.188243879852974
-0.00184745570054552 0.0317212581124091 -0.0327622468169735 -0.242741691616696
0.0272247818866941 0.0313713857250007 -0.147588107799066 -0.141258620627586
0.0390317412669343 0.00753225914702644 -0.155548953501641 -0.0364381076846979
0.0390067824024664 0.00722519349040338 -0.136658301388285 0.0107888676729413
0.0550207436784707 0.00703745567352845 -0.125737662962347 0.0393667299508661
0.0552261878629787 0.0454534650492628 -0.134945915383789 0.0460796769367003
0.0158784620679874 0.0656781446200422 -0.161166806273217 0.0178306192284379
-0.015449362939355 0.0784663072293846 -0.190632806046112 -0.0652467913743994
-0.0710425784721087 0.0620714044232588 -0.155822793741176 -0.164759666535381
-0.136265977995312 0.00976204684359259 -0.0760604102048909 -0.212668653217067
-0.16840935595322 -0.0593797972405183 -0.117966201876067 -0.169140647372947
-0.171209624558115 -0.0717076884873433 -0.0685017209681225 -0.161547991711727
-0.137979272337904 0.00881324582730428 0.00850467102506772 0.0849047210332846
-0.0766606654384324 0.0748585830465985 0.209689490393729 0.00693508105576558
-0.0116166408765817 0.100503456712261 0.176481293652497 -0.180549517934219
0.0311484784280349 0.0855810907918774 -0.00452268550362913 -0.24320574444644
0.0723333840184467 0.0577650862647979 -0.123625177778907 -0.139878676667029
0.0894225248144114 0.00828394890491329 -0.127526355043155 -0.0337916545886338
0.0836100662234278 -0.00212968159655381 -0.10428798798125 0.0127955104607184
0.10018769905911 0.0023995913765064 -0.0910403209778031 0.0494243346106966
0.101908895622996 0.0660107654495465 -0.101527347826374 0.073616608804344
0.0484076136069054 0.111549380405511 -0.143578492646112 0.0633121569844975
-0.0153584047459053 0.149763494163712 -0.198575431042534 -0.0159361223537177
-0.12340292308345 0.10425539586126 -0.178244367516305 -0.125366413513077
-0.202437670219066 -0.00782602427099959 -0.0742294165205825 -0.169829231159312
-0.224875439284947 -0.111183171967775 -0.0698342181314432 -0.103310012991003
-0.191169012778186 -0.134087221440979 -0.00139832443992616 -0.108678969270441
-0.206222743951666 -0.0403355187761315 0.0357354604957449 0.123441284539797
-0.151788534985637 0.0928942540710433 0.228304360571578 0.053186161306468
-0.0368600988402932 0.170185876595666 0.211235852477639 -0.144515089720966
0.0530465997794538 0.137143173601033 0.0385594458498775 -0.220525500099442
0.107329710095701 0.0848283817753931 -0.0789438990438097 -0.129526793252614
0.128489944061413 0.0113702190218639 -0.081179994625506 -0.0299481445687448
0.116253913793256 -0.0117441857147908 -0.0575085053618513 0.0132469557994808
0.1286071202068 -0.00790935032690543 -0.0423332110857614 0.0550330070745593
0.132919477159566 0.0666107243252814 -0.0527066537010951 0.0959260187631441
0.0799364207370699 0.129549166092686 -0.105322005185116 0.108145342797379
0.00415068365516365 0.192976488244611 -0.187405795446859 0.0401579604744095
-0.143086348933803 0.13960166767834 -0.188969323026344 -0.0750607729098814
-0.235573426804437 -0.00868514529915705 -0.065578371831604 -0.130018311494742
-0.248630345608048 -0.138743295848873 -0.0112134603750852 -0.035767266139771
-0.174210280146238 -0.174146377756364 0.0664163354841702 -0.0285524433656616
-0.230802031841419 -0.0969936791963378 0.0635643441756906 0.171417266988951
-0.206941945366186 0.0760026185437245 0.2278635101775 0.110164566706948
-0.0725016650035754 0.205861264038891 0.228867936894382 -0.0829051829716107
0.05634007030659 0.171368063817342 0.0834351166555056 -0.170247620168301
0.123148537400552 0.103557794977654 -0.0209817252422578 -0.105447013239324
0.148232716796942 0.0158846692363348 -0.0227191373849494 -0.0229965204526933
0.130969261772797 -0.0197217842658717 -0.00290396773647143 0.0118217802582577
0.137875105573434 -0.0191448470264455 0.0123806695113717 0.05506719245211
0.142373976391631 0.0565272264094885 0.00242963652614599 0.107567724691314
0.0953263728037625 0.127899028099162 -0.057684459750518 0.139468048948585
0.0181969185468276 0.205109865266656 -0.159370861006841 0.084947381054323
-0.145017149214661 0.148141404729636 -0.182202685159463 -0.028923361868217
-0.234269646595904 -0.0157753258654168 -0.0509750521728105 -0.0963732437493845
-0.233714668507828 -0.15098831779073 0.0469159567583862 0.0276935042880364
-0.124997462726312 -0.178686053593245 0.123138679703257 0.064741738786108
-0.204907373408515 -0.135581008934531 0.0870254272143471 0.216695151177831
-0.217447825972234 0.0367697227491946 0.20530403976001 0.158333221889276
-0.0967868424851231 0.195273136429887 0.219547082810557 -0.0129760721836865
0.0446376602557962 0.173750448379075 0.115992610704216 -0.100653892696048
0.116056361523317 0.103672588609563 0.0388244019812829 -0.0696482782789487
0.14201938918811 0.0162573406565048 0.0380942165534494 -0.0139833653879019
0.125636440977329 -0.0251246550155129 0.0506497855361945 0.00956522329109669
0.128713244499607 -0.0266133611757528 0.0655042296057991 0.0516699969031987
0.132794116161481 0.0411512851609063 0.0533386987181376 0.11215923683235
0.0948389749365817 0.11360084323776 -0.0135083712365847 0.158514815776109
0.0179751703057172 0.192831062980163 -0.128379057578918 0.114605237232546
-0.139996979461623 0.12955041691119 -0.163672326922506 0.00560300935548206
-0.207497718979665 -0.0318010849612597 -0.0344846694579894 -0.0677995122627116
-0.183476258876913 -0.15108957984249 0.093700528164116 0.083013238260894
-0.0555277774386408 -0.144080871697692 0.159765980467084 0.149464978650357
-0.138182753760192 -0.135136477091365 0.102144637654215 0.248303166103935
-0.174896698870765 0.00116287986797171 0.172218108192521 0.18968140285482
-0.0880544588181498 0.147865571171739 0.19558202372289 0.0451994796844261
0.0310360179401576 0.137928526850558 0.134648644707309 -0.0355793978075566
0.0905927274971459 0.0803438355945966 0.089341882815961 -0.0360040230552087
0.110945047599866 0.00941910687786305 0.0907507402730576 -0.00844202662799996
0.0995880027634847 -0.0274073879355054 0.0962003452686199 0.00496124078895181
0.102973622444919 -0.0293342589023718 0.11038281732682 0.0461940173367152
0.108264192838048 0.0245911446612805 0.0947059480641989 0.114344722936376
0.0825039218757042 0.0909696175328845 0.0203061706426047 0.171698854668222
0.0104923329238852 0.161202635145553 -0.104444714616992 0.134069579750306
-0.127605482803716 0.0930475856167644 -0.145797248524651 0.0297552054692182
-0.16215434822293 -0.0510306462624337 -0.0220149323689862 -0.0431093174192742
-0.108827936750314 -0.138617753684252 0.121385441347912 0.129650395178527
0.0229994985185137 -0.0805276356215287 0.176438302976317 0.203319911099511
-0.0484105372036583 -0.0960070625386942 0.111338463723431 0.255455022061991
-0.0934037059447177 -0.0172354597817111 0.146193244648194 0.202134647833196
-0.0470816965343546 0.0797854727138562 0.176899408905158 0.0809943381736899
0.02048655565787 0.0727502541482787 0.146813071462153 0.00416581376308357
0.050100352097583 0.0382834733834332 0.123560042497964 -0.01826194828006
0.0612851305475464 -0.000896189851413845 0.124004814298753 -0.0104092517380558
0.0576043561980145 -0.0260901816039012 0.126031265242498 -0.00129668435536842
0.0637666985462205 -0.0270921609670754 0.140383909460109 0.041363834730234
0.0732445362951321 0.00631813677991355 0.122658049073271 0.117571655459782
0.0637133745555696 0.060873759808373 0.041398984932443 0.185588434511184
0.00152406675417156 0.115351767530685 -0.0930145559285372 0.151378606713002
-0.102823112630615 0.0482554797588894 -0.136854634973169 0.0472080887161969
-0.0991571126579813 -0.0630141370464943 -0.0204508449723734 -0.0255627197029429
-0.0201223258600987 -0.107214473306003 0.125221763724047 0.160111277687791
-0.0436775394925812 0.056269869460494 -0.169800502462385 -0.153947686097247
0.0392119151195862 0.0486003809948631 -0.017115016861244 0.0604769465905108
0.0511082965081778 -0.0233641907818611 0.165670198472606 -0.040816263960983
-0.0112432013524016 -0.0546593862317597 0.115404895160875 -0.19276428518075
-0.0362746701816025 -0.0118680697492751 -0.0626805422599696 -0.236705254987009
-0.0173758881027504 0.00983636449389672 -0.168804112912433 -0.13435138004101
-0.0126826341196079 0.0111026535903577 -0.171786094315556 -0.0281253919572406
-0.00893666851213292 0.0163807050546231 -0.153107399001664 0.0186127302447476
-0.000188553493906474 0.0048071640978965 -0.143018449670088 0.0395538852436401
0.00501856392221043 0.00437159075567703 -0.148264943081972 0.0371690035273203
-0.00488166464658338 -0.00123963132488946 -0.164661137198435 0.00338858004156452
0.015756414059666 -0.00430110063067588 -0.189677830236228 -0.0781054700859337
0.016611395934347 0.0340075594814848 -0.155527633464445 -0.183331828933508
-0.0442295367633574 0.0610559157866259 -0.0955681363141304 -0.257433936383588
-0.0909375582368573 0.0224274944958271 -0.168138413817299 -0.213427858796829
-0.122536518555964 0.00215365780659606 -0.137363896378095 -0.171785476653133
-0.0499576115128846 0.0437965133277694 -0.00653917130189219 0.0646149739151686
-0.00264765212443488 0.0338862708780567 0.186892442238305 -0.0348113157531836
-0.00213032375879131 0.0207830372125513 0.134275998529845 -0.20353040477726
0.00169311301968693 0.0329632087213921 -0.052770578545406 -0.248676564000254
0.0312851607825938 0.0303466716333915 -0.162788771388052 -0.135856597781638
0.0413867468775253 0.00466733696455589 -0.161631894029231 -0.026657528896132
0.04165478571852 0.00455710603690786 -0.139782940602123 0.0214493545371891
0.057577056272938 0.0034768602880552 -0.127110759702019 0.0498657261717583
0.0619846245599028 0.0427433268495056 -0.135936142988741 0.0570081165103269
0.0206568360448392 0.0680996678535773 -0.164006155764916 0.030076608483935
-0.0116190451550673 0.0824103246520175 -0.199315800855063 -0.0531276798125436
-0.0694403724220651 0.0681068119463697 -0.170883778879926 -0.157876147876692
-0.139310044223823 0.0183360070536251 -0.0936221476902037 -0.215189888745293
-0.174685145942926 -0.0509704042147944 -0.133692490967444 -0.167196158925301
-0.179634372081753 -0.0629612248028049 -0.0817292365135208 -0.159146802338581
-0.14140130014701 0.0178741970948184 0.0145805052258807 0.0874020084367517
-0.0731421160863479 0.0821270385458145 0.215973114350865 -0.00779189577830528
-0.00435703723423775 0.103510821880578 0.169005193652618 -0.197503573673847
0.0390232667680429 0.0857022999108508 -0.0235403275905814 -0.251014585467928
0.0796904013433595 0.0549563977360101 -0.137098751891905 -0.135947570937978
0.0933491206589476 0.00152969097371213 -0.132470568414577 -0.0263824665590732
0.0864118867938963 -0.00808365537450773 -0.106611825939549 0.0204344119506775
0.103813148040271 -0.00525650616740963 -0.0899941874220208 0.0577247589524517
0.111007104983551 0.0612339302673253 -0.099205351070013 0.0826579793658555
0.0577623722031797 0.112621119788913 -0.142637808621054 0.0750372759898961
-0.00509785239757776 0.155360113136246 -0.204417116741665 -0.00212335734403822
-0.120750366026789 0.115458828971832 -0.191291062488413 -0.114398170311642
-0.208909882627145 0.00513583190692951 -0.0890732978828457 -0.170553491572565
-0.236378265896912 -0.100693987138913 -0.0804399553795721 -0.103328087838019
-0.20464055373744 -0.124709372439842 -0.00948840675555217 -0.110079521312361
-0.214433090951479 -0.0280426229517827 0.044756537363058 0.125423585209928
-0.14914176590316 0.105908432130083 0.238375583490567 0.0393946009381749
-0.024695943966203 0.176701347232998 0.20605834866257 -0.162669034895033
0.065885056321118 0.137577131648934 0.0218606084201514 -0.230688040867003
0.117819439940157 0.0800523555575393 -0.0905634560325881 -0.127805879386682
0.13359789717417 0.00250671540949193 -0.0842705210065793 -0.0254592837056127
0.118697378358777 -0.0200339080068069 -0.0576661615639318 0.0172437297873736
0.131537174760455 -0.0179353274294548 -0.0389090199144293 0.0600838281379888
0.143023844005133 0.059880808593522 -0.0468080394934642 0.101856960312546
0.091370376760223 0.128867668546468 -0.100432845953466 0.11931493984091
0.0185643002571497 0.198435104702487 -0.1890294685028 0.0552114766219667
-0.138123392888447 0.153775709733712 -0.198570735851688 -0.0619416711247806
-0.243039324272918 0.0059560038448721 -0.0780215379444476 -0.129902510231545
-0.26258134338693 -0.12676486200212 -0.0151119516543539 -0.0386950872595302
-0.190241658688436 -0.167387093468779 0.0655087806801057 -0.0324205859322262
-0.24460167797381 -0.0841986976530732 0.0763415482701277 0.171784685917668
-0.206888429777539 0.0927146996300545 0.240601926717889 0.0970212969399283
-0.0587427000306838 0.215545252552255 0.227865338512672 -0.100728513743116
0.0712092000626611 0.173385842240146 0.0714427538870099 -0.182033113486874
0.135744561501634 0.0982528968446135 -0.0291044309759814 -0.10663342331316
0.15370557775077 0.00505542952957789 -0.0235538986143525 -0.0224738595369079
0.132956096255707 -0.0292484453137303 -0.00188727935892083 0.0114034400566661
0.139457407666651 -0.0299756932547359 0.0174367857633209 0.0560606903072162
0.151806865186604 0.0477504112154744 0.0106468839483676 0.110412369902113
0.107524348193546 0.125159042743369 -0.0491425728410093 0.149181699209885
0.0340322386438545 0.209731929877859 -0.157320001352524 0.0993363988892953
-0.139271595497241 0.162616025063653 -0.188535679375487 -0.0151414095508024
-0.241984649360031 -0.000525726466767471 -0.060617925419357 -0.0961057274871022
-0.247902797455571 -0.140142258205208 0.0493844126136339 0.02266924897626
-0.140938276937762 -0.17453373865463 0.129818756910366 0.0594270121337549
-0.220288387882346 -0.125640954799057 0.103923706973707 0.216314299794447
-0.220578004043727 0.0526737047511864 0.220420886998291 0.148238732430354
-0.0842584210232535 0.206736560559115 0.224074099078281 -0.028385943852336
0.0594882628949958 0.17606085950233 0.11053510838733 -0.112400680198469
0.128058133559838 0.0987636545552171 0.0350991701581051 -0.0743709885083365
0.147411879557571 0.00609628620588163 0.0395629084282557 -0.0183491402241856
0.126058865307091 -0.034003515763676 0.0537128033403996 0.00519268625230985
0.129295562852498 -0.0369749861746141 0.0719115588019821 0.0478939585449873
0.140258960757194 0.0327805294884462 0.0636635170057857 0.111130781634148
0.105985107115696 0.10994358264322 -0.0021186706868205 0.164826164374651
0.0340049995815116 0.196003040297831 -0.123525973534486 0.126659255619651
-0.135416896807534 0.143775598928246 -0.166673065695362 0.0190087895446894
-0.215547033305616 -0.018973298064628 -0.0414793365668554 -0.0674368981226958
-0.19769989943183 -0.143065486914114 0.101632917130757 0.0765267363183939
-0.0670127435594206 -0.143934016865656 0.173799251875882 0.143316415401297
-0.151436036207682 -0.129205782106356 0.121400107263796 0.247615834132782
-0.179533937508638 0.0132940020969365 0.188522753844455 0.18282374264384
-0.0785830554261399 0.156947257513952 0.202953962307852 0.0336137476735205
0.0427674450023241 0.139957391811957 0.134612856118151 -0.0466146778685898
0.0996276498891005 0.0762424759083217 0.0899435619209665 -0.0427657136730118
0.114572477743734 0.00184915899489332 0.0941632676732944 -0.016302686235482
0.0988720899653677 -0.0346356502919381 0.10056766621514 -0.00352939387032077
0.102247234545524 -0.0372540679424006 0.11747390846956 0.0391843428930418
0.112808600077437 0.0175312424932244 0.106442926512435 0.11095488428869
0.0907466065106794 0.0872810134292974 0.0336113129723868 0.176022767645661
0.0231952733909207 0.164065047538034 -0.0976793164471635 0.145629089751133
-0.124824374006402 0.105360805636233 -0.146717118535418 0.0423716488181969
-0.169700433034447 -0.0416387254181285 -0.0266116768817131 -0.042891046918299
-0.120347355904214 -0.134717320169914 0.133791694772877 0.122254743238388
0.0176729709120219 -0.0836334329542029 0.195011050698956 0.198009892979159
-0.0564209540219475 -0.0947842454563792 0.131391361355363 0.255348580781589
-0.0967918057242578 -0.0113673940804353 0.162864447092899 0.197822001609516
-0.0415088130501451 0.0836460174560313 0.186006142756167 0.0713949816067431
0.0270720279230371 0.073252782922328 0.150949764427675 -0.00612166429911657
0.0542736851310946 0.035677931034496 0.126388421020287 -0.0270546580828953
0.0621088290106212 -0.00541242425668519 0.128681749578848 -0.0212443304782046
0.0559725446567255 -0.0302661107185167 0.13027410386082 -0.0119114775800305
0.0613582600226107 -0.0322249606022119 0.148003647438712 0.031801261895194
0.0750449877752553 0.00126634714633638 0.135132653234761 0.112229606095052
0.0692443718091479 0.0572901644452424 0.0563563072545715 0.188848662192757
0.00991055553221615 0.116863431069266 -0.0846311801678093 0.162983794370754
-0.102121041235025 0.0571303070691084 -0.137198454791964 0.0592004242048944
-0.105462489445808 -0.0577993168752278 -0.0238110253896083 -0.0249215073446699
-0.0278065788818708 -0.108550594524805 0.140198397468348 0.153891957207888
-0.0406839825807661 0.0565644148028938 -0.1778311584171 -0.144769823094735
0.041824631369393 0.0460829540609081 -0.0138291269264804 0.0623430324042164
0.0498406857146942 -0.0258956677464409 0.164845138813381 -0.0491964450194504
-0.0148807843180762 -0.0534453619520747 0.10668884495235 -0.200698167510155
-0.0366599079552836 -0.0103454181301113 -0.0772312350210588 -0.23536954526847
-0.0162741701292676 0.00977863687722432 -0.178783879427427 -0.126631184398873
-0.0113017320675275 0.0114536928436681 -0.174713653404574 -0.0199167134682251
-0.006895374111527 0.0168793735231449 -0.153905093100738 0.0281497427868713
0.000754419078885634 0.00453124556140155 -0.142260687041674 0.0484263396557407
0.00573566993692696 0.00390615425473228 -0.148139386843521 0.0454423870635737
-0.00534034642738913 0.000870647654611195 -0.16492423362612 0.0116402362725684
0.0146114628979425 -0.00415639685520509 -0.193804425288336 -0.068407502066341
0.0174567635657227 0.0323739944316962 -0.163850630839732 -0.176858058537383
-0.0406886006101593 0.0635764540042282 -0.109313373440445 -0.2561213838031
-0.0887456660631858 0.0251795393153266 -0.180745725443515 -0.207372870523784
-0.122053853417068 0.00677681038201407 -0.146889418862798 -0.164470603188627
-0.0480085636045018 0.0461359932940014 -0.00374987573863824 0.0658364150958387
-0.00103830797919735 0.034398430357129 0.186077241609342 -0.0446326521434007
-0.00113262717294816 0.0210564511735735 0.124958450352786 -0.211894826928702
0.00420417153188876 0.0330604368276985 -0.0676504140363693 -0.248047368518348
0.0345320607133531 0.0283006601423508 -0.172022995640213 -0.127801800270903
0.0425435143949431 0.00190659892026419 -0.164353563449272 -0.0186626149248588
0.043338196751247 0.00266182520890968 -0.140137529185515 0.0295208399998076
0.0590799108556901 -0.000341012099244586 -0.125903128558455 0.0581690252724479
0.0659350439607024 0.039409826626084 -0.134309600953693 0.0646186010830822
0.0246605415898891 0.0689373380477815 -0.163318521001528 0.0381557787901901
-0.00757501307918311 0.0845681480178164 -0.20205579693051 -0.0426426546365506
-0.0675007928414967 0.0715664183958622 -0.177620252286254 -0.149764785478502
-0.139371829265985 0.0249290908993799 -0.106119032882219 -0.213381320550801
-0.176655935282771 -0.044645117873616 -0.144707412690027 -0.163218379351129
-0.182835086199653 -0.0547702430956346 -0.0904084849705655 -0.154552751664248
-0.14156063085123 0.0245411658335574 0.0184106978810398 0.0882780706600833
-0.0690846387888365 0.0858411339431426 0.216820102653928 -0.0190559738221466
0.00117225089303952 0.104019156878028 0.159647840958713 -0.207109643448775
0.0450951205716748 0.0842746074957419 -0.0389655869507631 -0.252388859379723
0.0850313857644032 0.0507079321007869 -0.145318183109535 -0.129428944511243
0.0945812357565668 -0.00352271290122338 -0.133982920053559 -0.020011780448519
0.0875976177591846 -0.0124953646437723 -0.106359065685898 0.0260451543552872
0.104885900733151 -0.0112716197507516 -0.0876684613038306 0.0635004600896698
0.116967826610315 0.0549160292276244 -0.0959093664134532 0.0886795935307083
0.0647777160838169 0.112003580826896 -0.139652333372537 0.0836487034919949
0.00284000807066547 0.157526652475453 -0.204599648658478 0.00857513766196789
-0.116973283854338 0.122031533567456 -0.196758293318602 -0.104596318895285
-0.210478996216749 0.0145745010326306 -0.100125923725561 -0.168333520245404
-0.240783419758801 -0.0911830091106215 -0.0875540695014169 -0.101779461108676
-0.211149849933258 -0.115082572125365 -0.0156913647613275 -0.109034619428911
-0.217528314724542 -0.0179532242114714 0.0503312013983644 0.124046181317272
-0.144184805833471 0.113615741057165 0.240990142696047 0.0274154362980544
-0.0151676134243456 0.178559111769891 0.198314434734371 -0.174599760376434
0.0747789249789895 0.134781633706186 0.00731201000199584 -0.234616132687111
0.125160706390807 0.074650094835221 -0.0980916116979737 -0.124071795861996
0.134897855808305 -0.00508696873698272 -0.0850907711360944 -0.0219762508043845
0.118661195021307 -0.0259894296291672 -0.0569792656903022 0.0194280383623902
0.131359339406135 -0.0255668545875925 -0.0354477044485745 0.0632427205355923
0.148929642259681 0.0521057664341752 -0.0415121437231968 0.104913536404537
0.0997367817290485 0.126325643446347 -0.0942938851994696 0.125817420529685
0.0296602644946783 0.19949125023259 -0.186611063267723 0.0651624817589961
-0.132268234319737 0.16165003296941 -0.201695561484999 -0.0506926887635866
-0.244422728953444 0.0173335729830258 -0.0867618079935206 -0.127903145112572
-0.268687158104686 -0.116022565973113 -0.0186996070433326 -0.0397357919934902
-0.198886626373295 -0.158567581289572 0.0632309376167116 -0.034877110023996
-0.251040422221725 -0.0728943246161749 0.0843322980448348 0.169371733321883
-0.203354432653689 0.1027755389838 0.245369439548584 0.0849195642751773
-0.0474959487467304 0.219085044876949 0.222355105297686 -0.113091322537017
0.0823204742277287 0.170373327562028 0.0598826543776059 -0.187529095175613
0.143985873305138 0.0919130702715302 -0.0348487385740937 -0.105728767642275
0.155537027622484 -0.00319423220617175 -0.0236480927607705 -0.022836268375354
0.132261792484847 -0.0358975938465112 -0.000144808753596351 0.0106811118922873
0.138597171792129 -0.0381146814054854 0.0216475344126472 0.0556926588243034
0.157083565549138 0.039465790157942 0.0169133674127566 0.110340627006837
0.115591273790896 0.121452385430175 -0.0409713592365229 0.153152072346636
0.0464307823439052 0.208967442662926 -0.153089765495752 0.108572691118211
-0.132262989004789 0.171101242357311 -0.188823696192033 -0.00358387928906673
-0.243901036365339 0.0107771559134788 -0.0673666000411178 -0.0940529482877527
-0.25497999297614 -0.129204629563147 0.0498808431307219 0.0179400231335947
-0.149174915201985 -0.168321277701604 0.13269317503651 0.0542787044163468
-0.228928773542953 -0.115500415726017 0.113590796165927 0.212515110356228
-0.218968372972343 0.0635329855474554 0.227431335530457 0.138059854512772
-0.0734380838641489 0.21114395609797 0.221901580910059 -0.0398365626029632
0.0707327133074027 0.173918048627186 0.103010435207374 -0.119411899411945
0.136445925042034 0.0927702121227503 0.0320435013476187 -0.076228126541566
0.149259661011561 -0.00221497081814687 0.0402639125246372 -0.0217545622935318
0.124498674162169 -0.0404125013599432 0.0551865945227108 0.000175698119054203
0.126723172762046 -0.0440281935802069 0.0760647698550024 0.0439950056565537
0.143824719108032 0.0251616624757287 0.0700975549788589 0.108059842864083
0.112456710459518 0.105663365416629 0.00719641166820649 0.167493931514961
0.0456180599368746 0.194968535152744 -0.117205609395948 0.134825171444232
-0.128842379547945 0.151924620868448 -0.165229095026287 0.0294511714230798
-0.217943063015363 -0.00899589777212486 -0.0461310990887231 -0.0656530154022902
-0.204509913834746 -0.134203968767147 0.105617999254954 0.0694695292422919
-0.0738887691335482 -0.140675156290414 0.180992847223522 0.13658573779814
-0.15911514553137 -0.122329444802649 0.132970431333075 0.242926691095034
-0.179534516948309 0.0220186153857806 0.197046546710348 0.17428198434879
-0.0702612746386374 0.160803150119016 0.20412992087452 0.0235461405103118
0.0517665727370939 0.138447106596996 0.131841187171476 -0.0536342905518637
0.105420121929807 0.0714888520992839 0.089088792912719 -0.0472211772686869
0.115487643495023 -0.00446260678005076 0.0957026032647191 -0.022903069771067
0.096764647382041 -0.0390230003126964 0.101863232746745 -0.0109403383213972
0.0987386353564789 -0.0429253274290741 0.121936384117889 0.0325974323988626
0.114456723445568 0.0110566357901209 0.113820876872098 0.105230320227549
0.0959715802872613 0.0827352932167428 0.0435637711078456 0.177167322200991
0.0327394213550408 0.162769916094416 -0.0908202056671163 0.15248092193733
-0.119961672024806 0.112969547395645 -0.144539050574575 0.0517562999779462
-0.172833225015071 -0.0337115668793074 -0.0297824574792951 -0.0416802022791434
-0.126924429516313 -0.129251887689841 0.140557095858611 0.113852579036888
0.0132822653747013 -0.0848019748847368 0.205068726117735 0.190516521621384
-0.0612671753153448 -0.0912817988106122 0.144281146294547 0.24990178211373
-0.0978363861965461 -0.00617164971397128 0.172214656822605 0.191073466183092
-0.0364066454183478 0.084752014486266 0.189622991638818 0.0622051523650611
0.0319519022437528 0.0716500742009951 0.151304403681998 -0.0131146009818164
0.0565935858493811 0.0329259909196713 0.127030839790071 -0.0339295869131015
0.0617802896453975 -0.00846051029682806 0.130093699696667 -0.0299732125994209
0.0529183693664103 -0.0324370798735643 0.130974832786799 -0.0199917081070924
0.0579489126922223 -0.035511370402399 0.151168634401488 0.0228192131839177
0.0749727277714541 -0.00310128197508718 0.142389423392635 0.105288225751464
0.0724068678959635 0.0534102761984249 0.0674895469797707 0.187924580035029
0.0167555276556521 0.115725379270419 -0.0770631965655236 0.169067105291761
-0.0995328978387362 0.0631789055355402 -0.134423167721593 0.0675297914900178
-0.108715176652674 -0.0532269831809923 -0.0257370857930387 -0.0240880870511177
-0.0335486378868951 -0.107470740666721 0.149012095928363 0.145402585411066
-0.0447792007620336 0.0566420393104034 -0.17183001454098 -0.149569945458565
0.0405129597107548 0.0472140447864686 -0.0147384572708002 0.0616740596911302
0.0499101695481877 -0.0251085454620842 0.165806600901765 -0.0463461771380746
-0.0158486196116023 -0.0529687134442659 0.110923589413921 -0.200448917906508
-0.0382056388124305 -0.00949824590866721 -0.0751145263022326 -0.235949569220027
-0.0172130363081186 0.0103309405930595 -0.176851717716335 -0.129077874441565
-0.0130367112721239 0.0109066893398265 -0.175866312230876 -0.0231604677012944
-0.00657508482227983 0.0167154442689756 -0.155857246754352 0.0281827205186835
0.000339037708524463 0.00487275342694621 -0.145548698935364 0.0485278579633777
0.0058327661629908 0.00484937465334724 -0.150067794952097 0.0444417533255603
-0.00661037017081414 0.00266704423920864 -0.166108255269509 0.0077627192548923
0.0101144597219423 -0.00376117077731557 -0.190746838257278 -0.0721636021622719
0.0132847038840287 0.0294361611753812 -0.157577019997414 -0.180602621692523
-0.0425205096582707 0.0588018397294973 -0.104183377606237 -0.262066325285904
-0.092250704844952 0.0221222887651552 -0.173348702261408 -0.217749045275864
-0.12556335683021 0.00213653250618598 -0.143414800739449 -0.165310595558907
-0.0506730886032591 0.0431173194239981 -0.0043068223803305 0.0687107439552725
-0.0037929727860592 0.0329263850352592 0.188772523989318 -0.0382203043884396
-0.00507831915576067 0.0209811012596661 0.132107983886172 -0.209138542818214
0.00129538885289219 0.0358655292470738 -0.0631557888014214 -0.248590953418231
0.0345611264908918 0.0302176165801364 -0.168486464201387 -0.131969103204534
0.0417833519476581 0.00311732376519338 -0.164049575741114 -0.0226694525786801
0.0452899333974714 0.00391407419476682 -0.141132732922585 0.0289698160259504
0.060262198102454 0.00112893439087237 -0.127515099200984 0.059275247024545
0.0679807308520868 0.0423492710280676 -0.135873880400588 0.0652547024496016
0.0234333190859199 0.0739119342351752 -0.166224435002778 0.0369869107188713
-0.0140121960580133 0.0858389142160449 -0.204125017987462 -0.0443166351917413
-0.0746854583978701 0.0679402341158666 -0.174976624739528 -0.155211330973602
-0.142259680075184 0.018300719468207 -0.102442052071072 -0.222809450192479
-0.179280537876029 -0.0487543327036043 -0.137727279482315 -0.174968037073361
-0.185101819777782 -0.0640001750525748 -0.0905069629755901 -0.151239541541458
-0.144360779980517 0.0171290321571517 0.016365961498975 0.0940273189556446
-0.0745228164512427 0.0819596120357257 0.220237643198131 -0.00813495341815705
-0.00494863394403376 0.102996454332348 0.169423091382423 -0.200948995136733
0.0408089898416792 0.088290231045519 -0.0317795002610492 -0.252506568688256
0.085355735114035 0.0547688636978127 -0.140086389973693 -0.134232894718183
0.0950244318093621 -0.00093427485955693 -0.13237170009717 -0.0253849492858044
0.0911993347908789 -0.0100240640717191 -0.106181661809536 0.0252928073356364
0.107291313714584 -0.00927885078151417 -0.0878853798924081 0.0654294892904191
0.120772872252822 0.0590074771070435 -0.0972872468709538 0.0909037777280885
0.0642377903486437 0.11887097218799 -0.143569738510433 0.0855490699916497
-0.00363484500947176 0.160488456909193 -0.209624464339391 0.0105363366908536
-0.126055715214331 0.119440200244633 -0.19776436645248 -0.110152465412523
-0.214922527046883 0.00713912522107918 -0.0975155309569408 -0.179268256385799
-0.242828752965814 -0.0956872229446481 -0.0834531272877312 -0.114326599472928
-0.210635993528979 -0.12804199766774 -0.0204523817148621 -0.102768990058473
-0.219589671393358 -0.0297693364760868 0.0459372104423406 0.133812570931226
-0.151650331282448 0.104975472656776 0.242942545707647 0.0414958184797538
-0.0232668283151616 0.176046027360688 0.208601632916867 -0.163536417738514
0.0688727769334466 0.139735733813428 0.0166237418730678 -0.233301145697917
0.125553689592948 0.079501170452952 -0.0917364974950671 -0.127520172555301
0.136509010806269 -0.00116349439586515 -0.0824207233355 -0.0273369541065444
0.123180411751491 -0.0225388224764509 -0.0562000259288903 0.0183180611809664
0.134693189914648 -0.0232023844714562 -0.0349487419642766 0.0649317185374394
0.15352958642477 0.0558983878548879 -0.0418519836396651 0.108316305745597
0.100858332405116 0.134195006160419 -0.0989486090775985 0.131303696284365
0.0238869345643376 0.203529508586094 -0.193093195827335 0.0701687681582926
-0.14264505908432 0.160341674221522 -0.20597381071807 -0.0559249910883091
-0.250066812220988 0.010033153005651 -0.0860873014004413 -0.13876712137151
-0.269910521379734 -0.120580642115346 -0.0163543761113571 -0.0511278651122286
-0.195857459505305 -0.173086470862411 0.0546854513465094 -0.0257834481995701
-0.251497659127888 -0.0877214197217481 0.077030178791111 0.18170884418325
-0.211050148880908 0.0912377406054505 0.244366920525042 0.102171125949133
-0.0561694120125188 0.214636347114382 0.231783549283755 -0.09910449214416
0.0757622954943781 0.174920636389245 0.0697025535805695 -0.184465332012896
0.143637454704071 0.0974078379651899 -0.0279135737630897 -0.107781391370965
0.157317757812328 0.00148787930727545 -0.0191419029940575 -0.0275660864426689
0.137119535767181 -0.0323231250385557 0.00100561613964274 0.00887351925467304
0.142031837391577 -0.0350348278365087 0.0234078478740222 0.0572581567694891
0.16181037334443 0.0431471896157764 0.0173429173335075 0.114108295006925
0.117209961167656 0.12908162366374 -0.045303311845614 0.160216627233526
0.0421048857511181 0.213394244037001 -0.160038186220839 0.114789000637687
-0.142420872763705 0.171211987759687 -0.194538991433084 -0.00823809750349957
-0.249555526502534 0.00437556170818291 -0.0669938980787645 -0.103537011637425
-0.255640948177764 -0.13351106694958 0.0506701904995999 0.00978218196038949
-0.14435898862559 -0.181835746391999 0.12182796625869 0.0648581825093829
-0.226367185629821 -0.130687024699238 0.10354977433908 0.225083160377998
-0.224328042707811 0.0509065253381431 0.22295723422531 0.155171986986614
-0.0814109338401495 0.205063087378221 0.227734736174602 -0.0252516693467828
0.0643816868857459 0.177070859111157 0.112496981006463 -0.115647527992018
0.135973769760068 0.0973971766857371 0.0385662861521186 -0.0762976886648956
0.151452367062371 0.00257500062249011 0.0453117404623392 -0.0257492121384676
0.129184028629878 -0.0371323579356169 0.0574144955595578 -0.00150203770310835
0.130238497098606 -0.0421955773556951 0.0786742698011804 0.0459849383460795
0.148601919201292 0.0281115634291693 0.0715002827118309 0.112201564323581
0.114877676060581 0.112069486143823 0.00326292177333314 0.174300086747903
0.0417807919622494 0.19891657340415 -0.12511004413129 0.142211883924427
-0.13692060029793 0.152105338541994 -0.171593908873308 0.0250989980910699
-0.221943411718989 -0.0146391679229719 -0.046219901029583 -0.0736925899342785
-0.204376052834061 -0.13807905943613 0.104591390791462 0.0649458648172516
-0.0684780950341048 -0.150701865297823 0.169695254990337 0.14703483449231
-0.155214171503847 -0.133876193588619 0.121462645705658 0.253978400321828
-0.182004456754289 0.0109678792153278 0.190036659123101 0.189352388154119
-0.0750918268333873 0.1544967630992 0.206700065094578 0.036297082260827
0.0468015405090847 0.138890623987878 0.138264233276237 -0.0491020523067754
0.104715942359578 0.0742547275090483 0.0942119028858297 -0.0459608385331393
0.118086158158153 -0.000624736561446983 0.100204582362838 -0.0258426234020265
0.100104097616414 -0.03618698437218 0.104267610693626 -0.0121863925395557
0.101337360511902 -0.0415128214375166 0.124263380143042 0.0341264634688749
0.118119923809811 0.013211114220594 0.114967443998703 0.109197247463922
0.0981092214799733 0.0876392801838299 0.0404692602709954 0.183391617265028
0.0302125437105537 0.166480516337148 -0.0984282064789063 0.158709699163792
-0.126431965954516 0.113016398787912 -0.150893489820089 0.0471474564181815
-0.174898752548208 -0.0381726268707613 -0.0293755104755565 -0.0478445317251242
-0.125967524562226 -0.131403559343198 0.138407888557514 0.112184305908091
0.0184995452015272 -0.0892613579348956 0.195350160222005 0.199188038115573
-0.056415722387908 -0.0981635232116248 0.133245280957573 0.258386948044377
-0.0971151305859196 -0.0134597350409861 0.164314507358291 0.202118334401481
-0.0388955812150288 0.0794998156021585 0.189968334734319 0.0709971899957332
0.0291742054428124 0.0707871008401946 0.154865145059303 -0.00968741683549925
0.0561285711248161 0.0336501494678007 0.130389289102867 -0.0316708934940157
0.0635726352109544 -0.00669836176234099 0.133758181433726 -0.0315620715388967
0.0545431217582973 -0.0307198180791863 0.132950828535062 -0.021647786995707
0.0596736243852382 -0.0342556652863475 0.153566462517005 0.0237185570555164
0.0771093478843447 -0.00188664154747591 0.144531685909574 0.108442340557947
0.0740263201910474 0.0561688157874539 0.0644544403621688 0.193777674556184
0.0149819081175017 0.119217885628031 -0.0839490617975237 0.1735357613942
-0.103959391968476 0.0632930610613353 -0.139142850814271 0.0624737506363981
-0.109043454915943 -0.0562784954126989 -0.0245337886769915 -0.0282229387972246
-0.0314286348142265 -0.108198149984582 0.145845157245386 0.146968222757071
-0.045656604068594 0.0567834958014644 -0.177914797668822 -0.151576342381911
0.0420309808950292 0.0479943140077507 -0.0143702272630596 0.0649681055675827
0.0510252269919112 -0.026441718124613 0.170767481132222 -0.0496537715418739
-0.0176772857629937 -0.0534273795706973 0.113304538312722 -0.209103445500189
-0.0395550415287566 -0.00931695896365047 -0.0808468294746973 -0.242411414742501
-0.0174931647575908 0.00984684575711368 -0.185776050863461 -0.131386873459444
-0.0128705559064793 0.0111465792870443 -0.182335306885878 -0.0218653002071371
-0.00539672605640573 0.0169892613590224 -0.161283554457008 0.0326151958570882
0.00147305930335182 0.00495596032817335 -0.150265823463289 0.0535889286403373
0.00635938855348817 0.00493369953090854 -0.155576740221472 0.0477154972860317
-0.00675584314578758 0.00492099823784728 -0.17082004796295 0.00849242288966146
0.00954491631186471 -0.00272509981967364 -0.196578891234806 -0.0722869212680525
0.0127870367764639 0.0298463937789255 -0.162177349759244 -0.186031341477901
-0.0426928382196886 0.0600295203060026 -0.110807662626237 -0.271501108573159
-0.0941080054138663 0.0217647539753661 -0.1816373846019 -0.223617792826153
-0.128931111845095 0.00189671256669941 -0.149437686518957 -0.167469792188758
-0.052209899304324 0.0443224789139279 -0.00445387420486257 0.0720965268803747
-0.0030234682536435 0.0341467155890839 0.194440552860054 -0.0414411130465455
-0.00524390970693633 0.0226121236494281 0.135050918762902 -0.2176667342965
0.00239647497977694 0.0366085083412195 -0.0693696367096223 -0.255961801810578
0.0364527867717003 0.0296491799648352 -0.176602763444188 -0.134677083342935
0.0438979794172739 0.00263139091294033 -0.169969474759744 -0.0220244439855724
0.0477647425164634 0.00294806599999824 -0.145932143940261 0.0327142372024455
0.0626002748041254 0.00013034197334939 -0.13118751224088 0.0631912844893576
0.0724338793499534 0.0425978820978621 -0.140823039763826 0.0688777875155563
0.0257902191435144 0.0780299631437056 -0.171308534201856 0.0395864721565143
-0.0136405793694657 0.0902985404557977 -0.210013676865283 -0.0434229285279114
-0.0776517319532467 0.0705616177248665 -0.180526369752884 -0.158742815286539
-0.146650044501479 0.0186706898265252 -0.10831551521166 -0.230756702463094
-0.1844226459739 -0.0505777918140193 -0.145167802527346 -0.180166569706172
-0.189355216627681 -0.0652495819219213 -0.0950468563351738 -0.153483676646442
-0.148945589861395 0.0186928972134048 0.0169345689494039 0.0980628063855214
-0.0752018340892002 0.0847765662538826 0.226233373666289 -0.0110389076097918
-0.00431240961624724 0.106478506640823 0.172802540085968 -0.208999399619002
0.0439719521605239 0.0904454279361315 -0.0375041236159884 -0.259881422394073
0.0903730878292178 0.054545789247897 -0.146781646458959 -0.137100540243146
0.0987498116646858 -0.00240301622412045 -0.13720966954562 -0.0253342297323832
0.0946828054205469 -0.0111994154808877 -0.109633536185154 0.0272872712246401
0.110657955515028 -0.0111973310771647 -0.089857227141565 0.0693429093355374
0.12734174901709 0.0589808269902179 -0.099403261689749 0.0952220170008555
0.0690370881761752 0.12408536809286 -0.14711641158201 0.0900464178044793
-0.00219712942441863 0.167300676998475 -0.215413320286419 0.0127044530737568
-0.130023132078619 0.124662977545641 -0.203543718685862 -0.111749883315953
-0.222300072159008 0.00789401866371973 -0.103915120502648 -0.184899815806355
-0.250090648458403 -0.0994426191238777 -0.0876317500885032 -0.118893299455199
-0.216820349664146 -0.129915387766619 -0.0228006551925776 -0.104168131917007
-0.227454074374092 -0.0290797998700163 0.0470896670608879 0.138584450848324
-0.154671618230645 0.109270069684309 0.249539584225498 0.0411489373107036
-0.0222649541148356 0.181575862336734 0.212555320758813 -0.17115736526085
0.0740463821986888 0.143025395402911 0.0118843094911766 -0.240066552169585
0.132241954958114 0.0797385353729603 -0.0958975646796738 -0.130455010319196
0.141666465733238 -0.00333309638496513 -0.0846562366554366 -0.0282965732243351
0.127684770099785 -0.025216708568033 -0.058373984300258 0.0190978681509598
0.13877941334242 -0.0262100466756595 -0.0342721089951404 0.0677852602543531
0.161307805327791 0.055124260255887 -0.0422140214782611 0.112449740600563
0.106720266163907 0.138822789701588 -0.0999025948312026 0.137012339702563
0.0273725504356255 0.210181445609574 -0.197911702090421 0.0749995567106783
-0.145941325495553 0.167345687760297 -0.211575566839922 -0.0550054546301486
-0.258872960124384 0.0113274649817639 -0.0919370226886771 -0.142284654615342
-0.277892621606409 -0.124573692027574 -0.0184434468326422 -0.0546923416610018
-0.201649488086938 -0.176255121001195 0.0549557913536826 -0.0258946697421771
-0.260363397232727 -0.0885161192389301 0.0793008602983311 0.187002367709048
-0.21624705142514 0.095545430514388 0.251674865779647 0.103915044422448
-0.0554498556124345 0.221113348283888 0.236657852184882 -0.104236033904673
0.0814292203852984 0.179287122348755 0.0673877304759827 -0.191067094721743
0.152180608635632 0.0981673452096821 -0.02974655038952 -0.110987795777476
0.163764651755972 -0.000949487076157219 -0.0196677491433895 -0.0292020220534328
0.141011862867159 -0.0345260290264211 0.00110001080311522 0.00803907976490686
0.145615525298321 -0.0384241521531713 0.025452747568975 0.0584326465655947
0.169438840734503 0.0423152219483433 0.0197402972223774 0.117816006467921
0.123511654227144 0.132818673005994 -0.0441431762458072 0.166507256028633
0.0466749633045397 0.220155704209331 -0.163689187801471 0.120734442011366
-0.14530864305754 0.17885871376627 -0.198913616147651 -0.00536523699936589
-0.258199658696292 0.00590217055663062 -0.072083424250757 -0.106108321605873
-0.263347406978557 -0.136878839362162 0.0514734884202768 0.00721206350641108
-0.149668357604774 -0.185618271974892 0.124210564068807 0.0666976576465957
-0.235411163036297 -0.132763580028261 0.106655211666567 0.231434894498899
-0.230336206569433 0.0542163490937649 0.229719591374533 0.158495615485519
-0.0811012840200686 0.211697755277744 0.233254894099873 -0.0274113698099119
0.0697561370076623 0.180844580505372 0.112538405720346 -0.120330243317467
0.143839379152073 0.0982121984294409 0.0393737089227431 -0.0795133169866551
0.157556280939269 0.000498550265426156 0.0476579838381401 -0.0291627197724109
0.132387610039312 -0.0392296469507141 0.0589162273140146 -0.00367256008896806
0.132544609057965 -0.0449751162111524 0.0822665380889198 0.0457718959315308
0.154300551179843 0.026540451119563 0.0757035499838865 0.114868172748401
0.120157876752573 0.114702488991798 0.00684461015266904 0.180598792421617
0.0468433721963695 0.204664903242832 -0.127266724165396 0.148193915375719
-0.139869957958952 0.158586985653972 -0.17598055727756 0.0292111201440431
-0.230202383551978 -0.0127005227733028 -0.0490791605363914 -0.0755880918958436
-0.211369422324924 -0.141152360391117 0.108278349987823 0.0633370612851316
-0.0714698121615757 -0.154368018418066 0.174354808995739 0.151528587829743
-0.161655057960718 -0.136750306529113 0.126416452216232 0.261619189047705
-0.187642787831904 0.0135485740847727 0.195930020587486 0.19451286475336
-0.0756380278470574 0.158938127176207 0.211896757535962 0.0359443874087076
0.0510686687132718 0.142427429412363 0.140895708839999 -0.0524197792483002
0.110432817126932 0.0744774039448692 0.097784659245403 -0.0483572795096628
0.122530747115301 -0.00286818429374798 0.104831785941252 -0.0298762866648286
0.102322029685897 -0.037932854999163 0.107244933265268 -0.0154085976634313
0.102873163009165 -0.0433261792095636 0.12902843176562 0.0321954316396818
0.122162780159075 0.01175641836564 0.121285519962587 0.110918986605938
0.102512249222915 0.0891435619699175 0.0453758239230246 0.190204124385546
0.0341129055115146 0.170196793477349 -0.0996085753725777 0.165313704748561
-0.128638876038143 0.118410256754108 -0.154052217224669 0.0506295319145639
-0.180985463502753 -0.0382314153201285 -0.0310624343350182 -0.0488282242069102
-0.130408317209391 -0.133957740885411 0.144142221655253 0.111578294295603
0.0186236264850486 -0.0918472699830609 0.201996564213375 0.205003926238674
-0.0588522093769242 -0.0998679431998247 0.138918698185251 0.265956443175172
-0.100252190868954 -0.0123528393008191 0.170662822889877 0.207807910900961
-0.0386899598163381 0.0812363412195452 0.195006649771873 0.0718218669613079
0.0319981391307476 0.0719240166846622 0.159030035972662 -0.0121050268052223
0.0586171857917851 0.0334006433033349 0.136071085878983 -0.0340978924381693
0.065191156166834 -0.00755512590964406 0.13877174608207 -0.0362045754904809
0.054675606604228 -0.0312251223715386 0.137103613902342 -0.0258422405791975
0.0592164387862218 -0.0350401420662534 0.159088114261045 0.0216986236252322
0.0780663809162313 -0.00324860741848938 0.151046370571378 0.110135164861365
0.0762542710385378 0.0562597531800151 0.069848647985522 0.199860509187621
0.017293954264067 0.121537120078831 -0.084807848886415 0.181078374222245
-0.106053439845006 0.066510696456596 -0.142781848746149 0.0664824912095669
-0.112849942324868 -0.0566132793389895 -0.0257826889770418 -0.0290531819716763
-0.0334595358515056 -0.11030065393661 0.152563378449939 0.147467342348118
-0.0471217632055183 0.0590594145357678 -0.190082899650834 -0.155933855053224
0.0448045011567817 0.0494206903107141 -0.0134852302451426 0.0700748002444076
0.0534261723671638 -0.0289267293789233 0.181068307800371 -0.0555467273764467
-0.0203423579877552 -0.0552855613002121 0.11727125587783 -0.225042500062879
-0.0422536991341609 -0.00869176446504543 -0.0922827894889096 -0.255925223735916
-0.0186401010979553 0.0101638149256398 -0.201231271688364 -0.136059796594595
-0.0129920604592448 0.0118163670044573 -0.194587902628023 -0.0191845791359377
-0.00429469775061597 0.0179453941408634 -0.169872792547091 0.0396592741353453
0.00200546099309787 0.0052997003166832 -0.158755649140442 0.0609509956084498
0.00806805909474347 0.00498220476282439 -0.165268148772019 0.0524481876366988
-0.00628129784432617 0.00686946840924765 -0.181650188084298 0.0111836746162246
0.00873915355554703 -0.00241983017671068 -0.206617594801213 -0.0732448603957929
0.0126033408098263 0.0308655940824852 -0.17317866005526 -0.195385314720042
-0.0433136880801207 0.0632939789257276 -0.122519211723334 -0.28748717723644
-0.0986000302022556 0.0227713485423117 -0.19578743251559 -0.234895329801324
-0.134580970072075 0.00259024781752524 -0.160660557324868 -0.173473295117728
-0.0549995226416982 0.04717245488603 -0.00360857259200794 0.0776024755938455
-0.00269672235472271 0.0357142187914229 0.20546547705716 -0.0472687047073336
-0.0051485267375071 0.025094823409897 0.139486679667979 -0.233855151900427
0.00355389204595141 0.0390343368267303 -0.0795856879579542 -0.269597370475379
0.0396583058410933 0.030199784498431 -0.190870878386692 -0.139409839451535
0.0471797364051102 0.00156929082515177 -0.18130854379686 -0.0203023831766713
0.0520095774747284 0.00219391007383405 -0.1542124373584 0.0388224673265361
0.0672226557104537 -0.00121157595730899 -0.138192605922478 0.0708653586277114
0.078725062225454 0.0432084152205864 -0.148451501264479 0.0757388107046287
0.0296751650923649 0.0842182495932126 -0.180784948980091 0.0441349586298379
-0.0135920119670808 0.0967490429117196 -0.221979789621931 -0.0424817497940228
-0.0823927691263127 0.0756127948930358 -0.191898973121611 -0.165930906227905
-0.155207055975121 0.0211069698235028 -0.119824672322372 -0.24336553739304
-0.195648044933228 -0.0535465657612024 -0.157227468987689 -0.190435287488885
-0.199773424754769 -0.0666940960541708 -0.103981692023875 -0.159965188626173
-0.158137477907877 0.0218125921622351 0.0190174489176241 0.105159809011025
-0.0777649044737399 0.0909187873057325 0.2386560746829 -0.0147506380203871
-0.00259122511070019 0.113327020838898 0.17892006646627 -0.224136311292236
0.0488825018854638 0.0947322177718987 -0.0463733799274934 -0.273674181103
0.0977087700136516 0.0550136474603847 -0.159171137647869 -0.142659249017663
0.105573437099522 -0.00469751580687708 -0.145746827833636 -0.0246375613402557
0.101410803264656 -0.0143124317166512 -0.116295456458612 0.0318926512339532
0.117271556694839 -0.0143706124803002 -0.0938335319629838 0.0754731102968467
0.137954638117492 0.0591464757660226 -0.104383441326687 0.102306192966828
0.0768993208977413 0.131691610325195 -0.154157574551587 0.098170041140151
0.00136588636118256 0.177968468519778 -0.227785297637654 0.0172457385643444
-0.137142816190452 0.133959675312389 -0.215665533980118 -0.115332063762974
-0.236297608153824 0.0106940391393213 -0.114294009117405 -0.194850279309416
-0.265420502844801 -0.102991918720304 -0.0960461167971735 -0.126285600283401
-0.228599669502693 -0.134554195287798 -0.0271499396992965 -0.108486372839032
-0.241514545020751 -0.0279600922999387 0.0505774321831956 0.147019928820685
-0.160896538195238 0.117953655892221 0.263503027783756 0.0394555164630187
-0.0195884203292016 0.192582031008445 0.221962387529433 -0.183881955273618
0.081753809411132 0.149102268815309 0.00555783454277287 -0.254380251655702
0.143697362050463 0.0810105124189466 -0.104689068267044 -0.136685160762512
0.151427376187843 -0.0070270837729281 -0.0901276648922517 -0.0293052767796077
0.134958846371043 -0.029045710887774 -0.0620920211476716 0.0210781723568991
0.146552929218127 -0.0302531564500651 -0.0349929317903272 0.0721464864567316
0.173536401791965 0.0546466465139532 -0.0426596219271256 0.120227585917896
0.116328316551678 0.146197035499263 -0.102484403298425 0.147220168402203
0.034609279726687 0.223105250916732 -0.208442144894886 0.0825614309036977
-0.152605246135646 0.180278839169887 -0.223182098129103 -0.054737779123337
-0.275120705436661 0.0154319392611685 -0.100552960412754 -0.149418319393827
-0.2949209979499 -0.128966043866696 -0.0213592675259678 -0.0596847467137073
-0.213786264930071 -0.183179840035299 0.0556941126235243 -0.0270457737127577
-0.278087865158471 -0.0904602129271227 0.084577682891744 0.197242761632229
-0.227051748425984 0.103902179831435 0.26649201044096 0.106602736296544
-0.0540978271128981 0.234684115511755 0.24773985213965 -0.113195014297187
0.0912145437073198 0.187574063609721 0.0652425926334895 -0.203471627167308
0.165229603323591 0.0999364575412001 -0.033232466357844 -0.116781716209473
0.174901206935209 -0.00487371747409361 -0.0208648787341055 -0.0321369950363783
0.149367014075911 -0.0394896845011531 0.000157675495508477 0.00753372723188469
0.153136174066517 -0.0433316925421048 0.0289094219434926 0.0607140915948856
0.181084110187419 0.0403266998526624 0.0236733935503522 0.124814028707154
0.134633980062164 0.139458266164229 -0.0419150626817535 0.178425707388761
0.0553658753412992 0.231875226458134 -0.170948358933083 0.130741851508588
-0.150982050708083 0.19259402366214 -0.209721500486301 -0.0015561336212194
-0.274733787104674 0.00968429420060753 -0.0788478214839407 -0.111212842537179
-0.279785335989877 -0.142648144393444 0.0535177538370413 0.00465773079132968
-0.159309108065218 -0.193698323337773 0.130657762706012 0.0703407871912409
-0.251947867160914 -0.136810281137038 0.115118718029124 0.243828749486123
-0.242717865517672 0.0609869273690097 0.24403026909519 0.164928970777388
-0.0816230896576013 0.224516057078302 0.245140268027315 -0.0321479263722235
0.0785534490144501 0.189959349474221 0.114176536593906 -0.129001975868788
0.155582753766104 0.0998780949283101 0.0408941448778108 -0.0846287401946653
0.167751596544401 -0.0039187669737925 0.0509452466812381 -0.0332566109706414
0.139304003201715 -0.0439736783759474 0.0614617749592708 -0.00668659036861859
0.138727397139683 -0.0494963173259927 0.088426126828854 0.0454119943059383
0.164445775214292 0.0243828422600446 0.0833198297038781 0.120114133413605
0.13030427445745 0.11961848066586 0.0124297108971229 0.192297576417083
0.0553653481030527 0.214760035169894 -0.131974933888021 0.160185140812661
-0.144887043693414 0.171170154386999 -0.184876797436014 0.0346405600587142
-0.244599578068154 -0.0105130525912683 -0.053791807351358 -0.0789489773699699
-0.224782360572427 -0.146398510615777 0.11523537896245 0.0622445000288223
-0.0770813817223757 -0.162180755955233 0.18536134163744 0.159400153476346
-0.173805448127145 -0.142124668973636 0.136225376318065 0.275468003375449
-0.197846418449859 0.0167483228683643 0.209939954715091 0.204088331215481
-0.0766787136538935 0.168947014644529 0.223792767338527 0.0351078628678778
0.0580587130232479 0.149164098295929 0.146596484180965 -0.0578453362630863
0.119379103003304 0.076007542912417 0.104221924393192 -0.0533837290690897
0.130260449811094 -0.00566065325760925 0.110711323728764 -0.0362523490787204
0.106582915810783 -0.0418433511289159 0.112698527404767 -0.0205194814661688
0.106664961688868 -0.0472095052378032 0.137448761845713 0.0305807217837276
0.12913937769784 0.00977345530552921 0.130784433827748 0.115130035408454
0.11000874270792 0.0922701436814669 0.052993756566232 0.201470554257077
0.0405148134212015 0.178304828608667 -0.102384713536963 0.177660999639124
-0.134010437776116 0.127879294462414 -0.161649072788336 0.057699829298437
-0.192390213251598 -0.0369692375209722 -0.0341897463130561 -0.0512297656337958
-0.139138511311821 -0.139952578649174 0.154635503766851 0.112473806118395
0.0182338203718034 -0.0973596402569052 0.215345492322098 0.215387544770426
-0.0637719245974737 -0.1044678165477 0.150290404298425 0.280151914087333
-0.106051364095066 -0.011203215970316 0.183367910243621 0.21830101385614
-0.0392470027044245 0.0854062130374445 0.206292029825485 0.0727284386001247
0.0355534276788894 0.0741809937199912 0.167243090580691 -0.0156850235555258
0.0626936808432837 0.0333755132346122 0.145107904227047 -0.0395471738446781
0.0687121736480684 -0.00948636915207372 0.14736408437721 -0.043460298938375
0.0563504848030819 -0.0331080922676828 0.144311369034018 -0.0317098171249368
0.0607529027141136 -0.0374349499213858 0.169065673646792 0.0180798441645185
0.0813746849803466 -0.00463291154059337 0.16241587987622 0.113460016518563
0.081472884210512 0.0574607353048077 0.0785548776959567 0.211002467904974
0.0211901280077326 0.126960628215412 -0.0867299583573168 0.194449732845531
-0.110806908253903 0.0726103939590096 -0.149568995451504 0.0731538648481852
-0.119782176228345 -0.0582895532935748 -0.0277892347563842 -0.0310777032435564
-0.0364386823479812 -0.115045556815817 0.164363360259079 0.150261091680946
-0.0479877285725829 0.0628011254731177 -0.210621930353793 -0.158944136609114
0.0503459353195624 0.0509262029522853 -0.0110443826831723 0.0762339660305262
0.0551235911521759 -0.0337613479310771 0.19238855200477 -0.0686089634268781
-0.024351324398356 -0.0568798251812329 0.116217590731176 -0.24910704843012
-0.0454045416675602 -0.0066185991916817 -0.110954422100649 -0.270095401429211
-0.0202307031166873 0.0114377924381326 -0.225028612913628 -0.13558993750359
-0.0131569505611645 0.012990158591567 -0.210927485487456 -0.0108653154365715
-0.00249128124036422 0.0190585120794442 -0.179932509887939 0.0519725049910962
0.00347268936203185 0.00518240367949814 -0.168563589709918 0.0746211781695433
0.00966167462451463 0.00456860478428945 -0.175891141860984 0.0650003532067307
-0.00538045467755329 0.0092021393881081 -0.194741627428299 0.0180187996809938
0.00864302237582694 -0.002133988597899 -0.223464952677541 -0.0694566886588456
0.013474889250412 0.0322027709546174 -0.192849610026672 -0.204307723320948
-0.0438473509487053 0.068944786725722 -0.144326582562487 -0.304508764645687
-0.105221756360425 0.0263981560173781 -0.220764079901698 -0.24519044738763
-0.143046225818784 0.00673626335987983 -0.179726266792802 -0.177979826947966
-0.0571857158082076 0.0526743020088327 -0.00075544576167137 0.0847358246071737
-0.000955681960714235 0.0376768871569869 0.218785393557618 -0.0597464334017689
-0.00407955693554136 0.0280653088061242 0.139941898728949 -0.258512118238204
0.00574085146894264 0.0420367909869224 -0.0993770731038788 -0.285246495118686
0.0443896871178883 0.0300890075697989 -0.213389071754371 -0.140375814196978
0.0514120302519772 -0.000881133105852305 -0.196106063834894 -0.0130313135381336
0.0572486833807389 -0.00055788666194213 -0.163940201889367 0.0506327526053883
0.0731004491797017 -0.00515047921459487 -0.145514119511858 0.0840127471826583
0.0880399896687855 0.0419987198009921 -0.157466268919176 0.0887248784415142
0.0368255216716107 0.0907933160445842 -0.192377582555538 0.0543787393355005
-0.0103912288850568 0.106078158860574 -0.23941455574222 -0.0359388437337352
-0.0867032192453521 0.0845030148174649 -0.212091472864797 -0.171119634869487
-0.166668877516312 0.028015098547658 -0.13981739589406 -0.257519955540431
-0.211505809430268 -0.0512103178294556 -0.177668183279336 -0.19926081478965
-0.214904496956665 -0.0650816418368692 -0.118489087155796 -0.165229928999848
-0.168999049282299 0.0300112105144859 0.023510208990237 0.113031637830208
-0.0790632005360739 0.0995329155891709 0.255040460460027 -0.0258067683033177
0.00297952960163188 0.12243134324353 0.182792146828931 -0.249286286707099
0.0574407067766466 0.0994701378551162 -0.0634755476834568 -0.291443414305087
0.10855294294731 0.0536831615611881 -0.178616758568317 -0.145296081108285
0.114378932241277 -0.0107262408852526 -0.157807244361285 -0.0201452687561051
0.109162550745739 -0.020300963342248 -0.124057968669777 0.0405553745366453
0.126624187311411 -0.0204797984107867 -0.0970294911977873 0.0864186320233041
0.153409879684 0.0565513993813514 -0.10843615286637 0.115378872740628
0.0899563894095785 0.139998796656693 -0.160712398565501 0.112258734535031
0.00990149467520225 0.192830520992744 -0.243109901467125 0.028477956907104
-0.142365430719664 0.15026588510485 -0.235694072975173 -0.115476555696794
-0.254466842389261 0.0203430912213879 -0.13174219755863 -0.205162210877394
-0.288438832774316 -0.101752127233291 -0.109823730475731 -0.133918364025124
-0.248423787564673 -0.135690392717119 -0.0352608802023127 -0.113312095115201
-0.261422694944284 -0.0202378267747647 0.0591939889184731 0.157300908422804
-0.167449632472237 0.132110005663191 0.283799232752011 0.0317248072117866
-0.0123596850600802 0.20774539810767 0.229771651028788 -0.207051687775327
0.0959034750900541 0.156741642067729 -0.00791655420395104 -0.272531691005491
0.159600540633574 0.0789699809487507 -0.118986079989755 -0.141617563786634
0.163613480446352 -0.0151964328977488 -0.0979217437058114 -0.028149013239117
0.144746004895491 -0.0375705935792291 -0.0663787940737443 0.0254256378917406
0.156410679999422 -0.0395557534375846 -0.0333814375914829 0.079095803930283
0.191514896892278 0.049466889496306 -0.0404826952366796 0.131546415716848
0.133847452034873 0.153395194239723 -0.103134300779904 0.163508838454501
0.0476355917107956 0.238625821301737 -0.220475506665863 0.0980800646905737
-0.157230540270397 0.201046475189637 -0.240949128365763 -0.0486839850917157
-0.296696884803435 0.0271701788366534 -0.115637204974755 -0.156494282338339
-0.321808476913191 -0.128122811803487 -0.0265785484786636 -0.0656877251898945
-0.234628910951302 -0.18909201008129 0.0567301977781414 -0.0292389089874635
-0.303633562525036 -0.085602387692114 0.0976832436809537 0.20965277352254
-0.238309053531766 0.120149811065645 0.288951458628929 0.103884672300886
-0.0471842869536458 0.254422526061413 0.260426934265421 -0.131888128749882
0.107388670180613 0.19683619008947 0.057680869735703 -0.219823404423908
0.183672524291324 0.0979413384550895 -0.0412438545770049 -0.123690893854612
0.189092346019818 -0.0148157472694731 -0.0232716488306435 -0.0348804188557332
0.158829546807987 -0.0494666752412277 -0.000118178146483311 0.00740789997546679
0.162490269589958 -0.0534072171468054 0.0346701212878244 0.0637728248294555
0.198342241093543 0.033953261480172 0.0310770734148955 0.133083005544739
0.152225147676499 0.144764957606791 -0.0362639278893193 0.194372239660668
0.0714282560241055 0.246034613452676 -0.178521654931418 0.149293723153499
-0.154296603980599 0.214567215211901 -0.224103804087603 0.00820862167120721
-0.295996280321748 0.0218250708177914 -0.0899694056220972 -0.116069952502274
-0.306062163985328 -0.143043094926171 0.0566486769244579 -0.000344474349800424
-0.176852021703278 -0.202383896971371 0.141594729957195 0.0719885442535264
-0.278078082118254 -0.136677060759484 0.131570722217982 0.258309094120463
-0.258157506136257 0.0752815259172187 0.267610123919244 0.168089636808898
-0.0777485418128311 0.244133595185059 0.261033670593095 -0.044600534465384
0.093815290746447 0.19984345505965 0.113661915140989 -0.142349299270251
0.173438976397868 0.0989697859870034 0.041219516308472 -0.0928615407043217
0.181291212289046 -0.0131287648107213 0.0540605786011487 -0.0405297773504908
0.147612861751822 -0.0535115847446456 0.0652598637840032 -0.0111111780219159
0.145997384120795 -0.0594745174740143 0.0976954170713939 0.0437617763937544
0.177906210618391 0.0177583355945496 0.0953581775105156 0.12517791899972
0.145819195946117 0.123170536741327 0.0233807047994245 0.207070130819584
0.0702630729302534 0.227454962010681 -0.135288264901348 0.178958734355021
-0.148112347551422 0.190818644433835 -0.195740941260237 0.046102108721909
-0.263818704286089 -0.000905326413747213 -0.0616770945280328 -0.0823850180330597
-0.246905567964835 -0.14845504988283 0.1256290032108 0.0591602011392974
-0.0879189018489688 -0.17129264659005 0.204108382285481 0.165050662030552
-0.193026080336188 -0.145127261432774 0.155639631204359 0.290732815878779
-0.211847662367912 0.0270321725646374 0.232388440777532 0.210541459111842
-0.074483084015961 0.184011159054114 0.239370976772469 0.0287143572676361
0.0696247533279634 0.156525908812162 0.152286807977451 -0.0676908629703205
0.132717082525987 0.0748427840379079 0.110780392753778 -0.0625055402971785
0.139774314372936 -0.0133451927769417 0.118272637323999 -0.0465748653336951
0.112192736536874 -0.0490833282637999 0.11926854624836 -0.0290244570532092
0.111323436925498 -0.0548067990407168 0.14920563976787 0.0248366173311453
0.13833287392631 0.00435406385308003 0.146538941420251 0.117256023004471
0.123005020088778 0.0944848939679711 0.0671294745885498 0.214489013829198
0.0527220235164373 0.188889682372377 -0.102349878180357 0.196859342186541
-0.137386941318089 0.143731905464113 -0.170078702819726 0.0701612144290164
-0.208338068806775 -0.0318707827477015 -0.0391780373005287 -0.054073445794407
-0.15483266918186 -0.144028114207695 0.170215720468862 0.110854971125303
0.0154799995033276 -0.105477528404401 0.238875097146594 0.224561365761693
-0.0728539977962751 -0.10935674513638 0.171367772398441 0.294729007119154
-0.114099998274238 -0.00689050482070905 0.205399540702386 0.227793666752331
-0.0382235484886387 0.0923775421596713 0.222893086328142 0.0700473497426497
0.0424853351545185 0.0772824703077071 0.1771477098555 -0.0236885206745676
0.0690171815258114 0.0323194164931117 0.155133837097813 -0.0500559705479017
0.0729258754309488 -0.014092032181241 0.15684483531383 -0.0567236421642966
0.0586117233839579 -0.0369667328564774 0.153232040504636 -0.0428714608802181
0.0622421914722843 -0.0416560018084324 0.182500867018507 0.0108396484102045
0.0864173421168153 -0.00873852292398574 0.180857722660843 0.113854375414407
0.0898664038544628 0.0573446174343322 0.0953520597431381 0.223791836951811
0.0288266885591723 0.134236995654234 -0.0840960113390316 0.213550438014064
-0.114762159875187 0.0829603132693527 -0.157172210374542 0.0862706582758166
-0.130820628749093 -0.0569844768077263 -0.0310014735691384 -0.03291789608208
-0.0434028435945174 -0.121566951791104 0.182169983510185 0.150764982729832
-0.0470382124638776 0.0677317429598503 -0.234471919485569 -0.152256371755908
0.0576816752435282 0.0495930993546621 -0.00600355693594536 0.0827464491017847
0.0550706074371503 -0.0400891868696614 0.200622262836203 -0.0893584860140251
-0.0304580301158783 -0.0567765978622116 0.103526666669452 -0.276714673580986
-0.0489033535991854 -0.0028432923670843 -0.141191688590789 -0.279324787165227
-0.020851458755549 0.014417718943914 -0.252390427598592 -0.125297697872439
-0.0130727992909725 0.0153729687394379 -0.226754083841389 0.00627944807136064
-0.000250229689186442 0.0201642997737923 -0.187519024721301 0.0714883361208938
0.00512337729192467 0.00509702213799059 -0.173020267880853 0.0950911989407231
0.0109829994900895 0.00438277076168578 -0.184106935455343 0.0834324314183827
-0.00422595427084149 0.0114042801363887 -0.206449385794379 0.032735219221078
0.00867397399856691 -0.00173419828570271 -0.2418396109281 -0.0581277914626517
0.0150922799155381 0.0332121837995565 -0.219441828816601 -0.205236114139278
-0.0409393299382539 0.0758152906883879 -0.178050822143301 -0.314804748980619
-0.110028441349506 0.0348560318301549 -0.255210447359183 -0.245452313113332
-0.151618693195968 0.0150652002173187 -0.204093646371208 -0.174690716601611
-0.0572864719763061 0.0600698583896513 0.00560432185642543 0.0914090459852123
0.00144933441966102 0.0394529817202453 0.229145129568348 -0.0814225874209332
-0.00182317888313649 0.0314047847614487 0.128741806291482 -0.287565777500034
0.010139718909542 0.045214216881687 -0.129693711483629 -0.295948489575227
0.0497897345023998 0.0281448798680436 -0.239966692291999 -0.131944962051261
0.0551225263304604 -0.00549673240566964 -0.210220695565876 0.00203870208590575
0.0619123079885344 -0.00563119324644403 -0.170336425426652 0.0677693981894866
0.0782133672714008 -0.0117360520956166 -0.147940493497734 0.102577486052934
0.0986082121603101 0.0373828857675298 -0.162467589943065 0.107959369804831
0.0485019738525325 0.095883832011831 -0.200991913875175 0.0722929583475544
-0.00316996756185042 0.115243268843725 -0.256736264028505 -0.0206427467300199
-0.0880819936934475 0.0967586512432012 -0.236944112944843 -0.167830894955776
-0.175511252195267 0.0417844613088776 -0.170021042001165 -0.265305467865685
-0.228435813948461 -0.0403667837939855 -0.205589781269946 -0.200714882483679
-0.231920170228586 -0.0554751164575484 -0.139971525713255 -0.165396354606957
-0.178817694502474 0.0445880313298974 0.032678550840512 0.120636347329089
-0.0763214965882502 0.110533160705661 0.269698253635006 -0.0471899952595717
0.0136521264537703 0.130782077225609 0.17549184919369 -0.280616971799338
0.0701143601320593 0.10150965122304 -0.0934689930702141 -0.304522587295092
0.1209806225584 0.0477620774567429 -0.202956641361298 -0.140319083035594
0.121555004157377 -0.021847204925564 -0.169944340887465 -0.00865711540934705
0.115220730343314 -0.0309343161769834 -0.128728898124521 0.0537151969958045
0.133274169548772 -0.0330775085238392 -0.09629179561267 0.100196217855494
0.169536568976893 0.046910757295422 -0.107252510140339 0.132743716270523
0.108756934479771 0.14409323194623 -0.162769406123991 0.131969363146895
0.0264238715252016 0.205642624589023 -0.256426505597572 0.0489711561996344
-0.14223219763127 0.172241372660002 -0.258372468663234 -0.105111586943469
-0.271515880781453 0.039998101357367 -0.157838809169941 -0.209613536558368
-0.314523105990805 -0.0884174424690035 -0.128595675147018 -0.136368599523077
-0.27291487657348 -0.128551046274071 -0.0469329213849255 -0.116343651479015
-0.281748448525216 -0.00151194400465773 0.0729237910231233 0.165123270737473
-0.167681844520116 0.151849290113561 0.303788192970961 0.012665684467192
0.00391644231252818 0.221817554807633 0.228964699421961 -0.238444671795232
0.115405718949673 0.159084464240514 -0.0325101279602199 -0.288126442406858
0.177923196961149 0.0702046365972867 -0.139134250670601 -0.140999753603825
0.174084613592068 -0.0310661580307989 -0.106471826654568 -0.0225031561649558
0.152027981647853 -0.0524675976439842 -0.0695427600307921 0.0330285739511594
0.163725270793941 -0.0549896650062382 -0.0289689183559891 0.0870294749654559
0.20964405919998 0.0355726584960018 -0.0329908095851671 0.14429419444879
0.156771100582487 0.154910662610972 -0.0958014695646262 0.182280361818643
0.0711574875597873 0.250797783517988 -0.227142255582219 0.122488206791994
-0.153395209974764 0.227413592680171 -0.259179798421344 -0.0333737821358829
-0.316077408994807 0.0516000340360302 -0.136293305342428 -0.159208579024986
-0.352082027925104 -0.114221014063394 -0.0351017557917057 -0.0701194597438835
-0.262523990474314 -0.185453400913665 0.0569639387711808 -0.0331111765611154
-0.331420965936379 -0.068177895564981 0.118088939878612 0.217808775400467
-0.245254854594956 0.145310911453186 0.314234899365293 0.0894331391189642
-0.0305074420060119 0.274597945895943 0.265890531211597 -0.159678789234436
0.13051956830079 0.200736607424303 0.0406556795668529 -0.236800285615639
0.205810964203621 0.0877727999110509 -0.053794858509434 -0.128044237672605
0.201016489486936 -0.0328070182207459 -0.0271085217967681 -0.036681080126269
0.165703854708512 -0.0660900948050251 -0.000493941513213526 0.00800878287723813
0.168508957766825 -0.0704644771532237 0.0426231288350321 0.0646155736853982
0.215299289963477 0.0193416575548254 0.0442099206685774 0.139500547492528
0.175772159886689 0.143267379506366 -0.0216920563613078 0.209752129513201
0.0972180992067379 0.256899997564496 -0.178472763239141 0.174193768535422
-0.148418161934869 0.24097651807852 -0.237119660907449 0.026675463977816
-0.315464331610522 0.0457082008845964 -0.105587858090204 -0.116925413283864
-0.336805093865233 -0.129981298470372 0.0591085828090981 -0.00757437204138482
-0.202353798256285 -0.204112038714381 0.154971129682119 0.0687500828306151
-0.30809304819264 -0.124240899766158 0.15761492768693 0.265562875589219
-0.269275751682597 0.0989186075359021 0.296044882826959 0.159350648402948
-0.0633916754930712 0.265413360863119 0.272534967190975 -0.0669961372668959
0.116547125157118 0.204575415369344 0.106394071193697 -0.158442513892056
0.194176451821817 0.0899766367072605 0.0368328919749329 -0.101685922015995
0.193116956266961 -0.030944388743909 0.0549492239921617 -0.0495694317750159
0.15282068055271 -0.0694344732817223 0.0674585372170602 -0.0179263110383608
0.150245758683567 -0.0744510401013238 0.108165613160732 0.0381565073965775
0.191616201614742 0.00403180780178938 0.112572394098439 0.125740761489041
0.16681539696875 0.120143699796161 0.043003344033198 0.219349119824379
0.0946960686866712 0.235590632592249 -0.130137122091082 0.202461463088784
-0.142814983208081 0.215583768081319 -0.20348835214942 0.0652292249034993
-0.281604376230986 0.0195288305755486 -0.0722966956409389 -0.0835076960176804
-0.273517244697048 -0.140397026629086 0.137314712487605 0.049488532188735
-0.106703332099767 -0.177343124984371 0.228967462879503 0.163303625819617
-0.217540306111359 -0.139995314739847 0.186164796659747 0.298372143726581
-0.223715760627944 0.0444193803967686 0.262120059582926 0.207922834773367
-0.0653586524250716 0.200451787425939 0.255630217298549 0.0132800527136809
0.0878402115528698 0.160132177387976 0.153701044630637 -0.082134577170382
0.147883007989805 0.0678957550660039 0.114044042048829 -0.075728929762556
0.148005573553991 -0.0279075615602643 0.1228927212396 -0.061873443142005
0.115454547599802 -0.0614092286880421 0.12380344681962 -0.0416840364782334
0.113765090477596 -0.0668187774546055 0.160269052480833 0.0135879976978227
0.147410395344457 -0.00693983511829846 0.166542793197344 0.112928479447968
0.13840353621416 0.0903686375977077 0.0905316990275491 0.22367435952129
0.0724273687655827 0.195741568223062 -0.0940086327389819 0.219214905782865
-0.134373013406111 0.164593224912127 -0.174877158834058 0.0885337077550726
-0.224261208123826 -0.0172717330770486 -0.0460220127281803 -0.0550926528601832
-0.174870247507973 -0.141777424054337 0.188666910733626 0.101096058197506
0.00822038429665413 -0.113968142579852 0.270688610147416 0.223138220984657
-0.0862732459286832 -0.111244575425435 0.203653197275118 0.300836916500439
-0.121421840402924 0.00139929176228268 0.235716111375629 0.228333970143435
-0.033087366713705 0.0999314353078664 0.240478267561382 0.058828304344165
0.0516643703009579 0.077466971446011 0.184273057595253 -0.0372879490570795
0.0757339506755785 0.0281925585823069 0.163189339869973 -0.0660117985463286
0.0760524592548766 -0.0217613444452873 0.162342247032878 -0.0754759114961054
0.0587440907611744 -0.0433282834172538 0.157874139545657 -0.0598097394248609
0.0625904302133575 -0.0483664620530111 0.194337303626545 -0.00459759486643269
0.0899246342837586 -0.015181223787571 0.203047990359996 0.105892036048219
0.0996671001197041 0.0535718873583555 0.120465399734978 0.231991583104552
0.0424698083570984 0.139699186547629 -0.0731117969196917 0.234729351958058
-0.115228948155329 0.0977559118500776 -0.160493462165126 0.104935464135275
-0.142973903684502 -0.0507527777093877 -0.0360783259704368 -0.0336923813726148
-0.054520698553904 -0.125914866997176 0.204580135786685 0.142285014930079
-0.0741345276638039 0.0451604059669226 -0.156709118596045 -0.246634960987135
0.0343766042653757 0.0703796483459196 -0.0418511765679487 0.0750205645796482
0.06576373967513 -0.0159105872849885 0.226843349777913 -0.000547928604807865
-0.00902628278294455 -0.0635572136629919 0.214979967826052 -0.221719668238962
-0.0477939363263215 -0.0189792634517396 -0.0184096336656174 -0.324093056697483
-0.0276480326630101 0.00720601381644641 -0.187604044415702 -0.226155517300592
-0.0206972062182408 0.0104029057199342 -0.217784623120663 -0.0903337396900817
-0.00835417579791347 0.0199771357922621 -0.20654263903551 -0.0082890960987262
0.00362483854429084 0.00757278671322882 -0.204599162037635 0.0199874708130444
0.00850995559354985 0.0103483565314501 -0.209952550389024 0.00315422111383787
-0.00979609680949069 0.011791076948966 -0.210135519620763 -0.0576892586476409
0.00353796198281757 0.00356668504153355 -0.200966925966331 -0.158599220204725
-0.00395952441484538 0.0350398215703764 -0.117055150455596 -0.292211916085395
-0.0728975339855558 0.0492206443638523 -0.0305952082236455 -0.38501752855214
-0.119184982664465 -0.014049492884383 -0.127613119280267 -0.35492634669687
-0.150555588787015 -0.0499024262735961 -0.120143706750896 -0.251536726422411
-0.0802756255900919 0.0313836763390159 -0.0318016524461226 0.0898731303802199
-0.0193206485904267 0.0362567547677302 0.253308903945131 0.0187872813684548
-0.0186595194528688 0.0312182914704452 0.246467345597713 -0.222027878772944
-0.0122182842494108 0.0518603066814457 0.002319692792418 -0.336848312553283
0.0347656483633351 0.0497581564230347 -0.172389951650099 -0.230152261248652
0.0538906796499172 0.0186575243179904 -0.200103649938617 -0.0885066649123836
0.0625717241837982 0.0218393283083589 -0.188301356031263 -0.00548166987400343
0.0804172313523564 0.0222409622523017 -0.182534440137806 0.0377293223663414
0.0802681217260006 0.0775433789345848 -0.198536904942939 0.0364235216448448
0.00652094478954926 0.115282132578461 -0.223396137516293 -0.0142328743716982
-0.0556444075509162 0.10966949807714 -0.235271641275637 -0.126922737927125
-0.130175955707199 0.0514042408453723 -0.153307562119506 -0.26585852926448
-0.187071476418175 -0.0403018791890935 -0.0436024161953147 -0.336871308669667
-0.200051153531122 -0.13601903317868 -0.0997174776109459 -0.289354855362887
-0.196310655248814 -0.152931421480763 -0.0641436312611804 -0.21161344565416
-0.189503882257746 -0.0364557325186514 -0.0166722660167686 0.131983000010036
-0.123895226960813 0.0698148023808719 0.279801224518071 0.0703202752944129
-0.0458462806593914 0.130351570090732 0.290252931157927 -0.195167079080188
0.019559536679869 0.130688836186179 0.0429809418356006 -0.33201454024755
0.0949330021359409 0.0977256549647916 -0.132778033598096 -0.224005799913072
0.124613550203853 0.0305193648197449 -0.157048472748527 -0.0822714024961516
0.125162160469937 0.0199824637243919 -0.143406645117733 -0.00236374027173285
0.141793638995523 0.0242195165793351 -0.132045611910819 0.0568347743321458
0.14552085357125 0.114629799923297 -0.156642452242141 0.0836720026734752
0.0452621853741142 0.187361153030477 -0.211568198470978 0.0610648120813842
-0.0641279509167955 0.207824716388694 -0.2674623819588 -0.0581924591140714
-0.213807583103511 0.10001947637745 -0.203710613475206 -0.215454138839181
-0.278491125056676 -0.0810611481732289 -0.055847557118379 -0.280008599661549
-0.260910074366766 -0.218560540874762 -0.0549579245526389 -0.19506670595589
-0.202969709850667 -0.241819286428249 -0.000278074862002083 -0.122802865643992
-0.268757313864439 -0.124579076178307 0.00428186161509039 0.194986430548508
-0.229510952980519 0.0688270572940155 0.289268664149347 0.14449980910208
-0.0935925083058577 0.21125103036603 0.325379246659941 -0.130866977352311
0.0383896578541404 0.202996537756675 0.0967635905638338 -0.292338881695123
0.140897931994127 0.142171510083879 -0.0709275217636847 -0.199314431564444
0.18027384196315 0.0424594965676468 -0.0902185462071287 -0.0697759936854241
0.169364179222235 0.0149094138958826 -0.0786361879350535 0.00178249612820221
0.179835433820963 0.016125024621885 -0.0627882413321678 0.0716449231827218
0.188296434865579 0.12080936552191 -0.0903813946150284 0.125799405165193
0.0875930925063904 0.217091221822171 -0.168301690152488 0.138763719535337
-0.0385564354124081 0.270101132298728 -0.271668014222555 0.0252686169250549
-0.247858810501057 0.149381317557328 -0.237715390738106 -0.145534815790603
-0.325718923913447 -0.0883645912286655 -0.057561262072977 -0.222293033215571
-0.28538979751927 -0.257725017551286 0.00383608402263808 -0.0892814030974377
-0.169083395946786 -0.293206342828491 0.0618682270209885 0.00233887172176653
-0.289251778113993 -0.211473127685809 0.0239809347604892 0.266352596271937
-0.299963260065793 0.0284652657373733 0.266984095899156 0.224383574524277
-0.147185583668557 0.24500870174659 0.329356970191308 -0.0381068787080186
0.0354002637311713 0.247296317652227 0.146340810678192 -0.211512502968792
0.158929354901793 0.169726962664863 0.00511351008758371 -0.150186381233827
0.207779583443601 0.0508657341725707 -0.00853870968077286 -0.0501502940899459
0.188710972691284 0.00741224428707306 -0.00339912970291559 0.00579713012271225
0.190183733343377 0.00302069320932029 0.0147533053195791 0.0797648641284464
0.200251432396634 0.105600456422274 -0.0151638871061812 0.153575383170073
0.111174360803556 0.212991913335796 -0.108744247346127 0.197220481870172
-0.0149796294595974 0.286290018924685 -0.247974951234118 0.0961114013839473
-0.247858386277718 0.165634559617343 -0.242978795459187 -0.0782579099947249
-0.322298305287607 -0.0923093375159154 -0.0467388783688792 -0.16754342059189
-0.263685946726588 -0.267448849719523 0.0643905649891467 0.0137053518737954
-0.103594017643982 -0.286314501801065 0.110836481924965 0.141066912451147
-0.242995928679969 -0.255505979066372 0.0393272526477872 0.33053876535433
-0.302722018968688 -0.0264997659817892 0.218110190348097 0.285818499318772
-0.174624035026298 0.221395392548719 0.294322633796408 0.0547132438836204
0.0216236632537355 0.243000684249291 0.175232006676829 -0.108532849445799
0.147663164525217 0.16569483625835 0.0806612768511072 -0.0860071531535393
0.198735635349711 0.0489503681819341 0.0745523993536938 -0.0275908634483373
0.177779206475178 -0.0014271056726031 0.0715429303632497 0.0087923881992769
0.174500277733312 -0.00936134845359315 0.0869787784418487 0.0809019098887999
0.183421760292442 0.0811746250770249 0.0556709640628535 0.167862177778745
0.112016770176123 0.186302009331305 -0.050812246562096 0.232569467451022
-0.00709640214429598 0.264886121373618 -0.213676976603581 0.143595442185017
-0.23064683958258 0.145149332413013 -0.228310358190569 -0.0267734211933731
-0.278425669752482 -0.101915632599092 -0.0295699038214629 -0.119747843260005
-0.200321515901226 -0.249181744820701 0.111830849235658 0.104846380794661
-0.0243432054239913 -0.220790961384947 0.141907083054079 0.260929709149379
-0.149550752238616 -0.232316186332546 0.0505077722657452 0.371970051647771
-0.234055141318496 -0.0587426744889954 0.162610739557345 0.31643211261426
-0.14808550814541 0.158362569332405 0.24167431188801 0.123868597552171
0.0132928424436866 0.187234428956209 0.186054786235856 -0.0143293677428377
0.112508934643954 0.124597879833783 0.143001183916229 -0.0265785899857242
0.154358973366234 0.0337877705716674 0.144501120401309 -0.0102691892571142
0.137727675554297 -0.0101794352276125 0.133954096408776 0.0089442073244296
0.135923021753117 -0.0169807169581475 0.146678221861354 0.0787632672912668
0.144990925777499 0.0531021817145563 0.111598713981111 0.176276347192094
0.096833781991821 0.144582764255708 -0.00761685587124167 0.255770496192805
-0.0117015099564792 0.217379700016663 -0.1864331886381 0.173929385874634
-0.200310659826169 0.0995660708240865 -0.210461181689509 0.00788994559051356
-0.206490361638118 -0.11240317855256 -0.0167470951945006 -0.0796093833132012
-0.105419847318306 -0.208973097902306 0.135731583596378 0.178568028872584
0.0568922227989268 -0.111096160450119 0.157712642540297 0.333712039475008
-0.0350851151483424 -0.147964721196407 0.0630225914882079 0.379901401973067
-0.117586972175244 -0.055473436589822 0.126423079217709 0.321502490936401
-0.0747750920559004 0.0762710555601956 0.205415270395779 0.160303915936277
0.0142006683602638 0.0918477583027468 0.193041978993441 0.0420822120360563
0.059718708714767 0.0560317735828793 0.184005955850253 0.00545697014594629
0.0826988087171875 0.00937783895285289 0.18691487381626 -0.00622502737254467
0.0753437006540606 -0.0166572808406433 0.17326718625758 0.00658027051377193
0.0795903394772805 -0.0205807677276657 0.185287819364962 0.0748935353390667
0.0929514214101196 0.0215078486708131 0.148288313886989 0.18481704680256
0.0744313666567752 0.0922910820433847 0.0180824806937939 0.274687367947057
-0.016614326117889 0.15136467525996 -0.172753454264828 0.196693198500474
-0.153170459787705 0.0445779431918664 -0.20158058617116 0.028795589699897
-0.114579962994375 -0.10874912167472 -0.0165208395582789 -0.0526390713949347
0.00260880078447699 -0.142114039098731 0.130619025917844 0.226973910026281
-0.0729269275185478 0.0497737750195715 -0.179692757112167 -0.236038225269612
0.0405886985249218 0.0679066943276672 -0.0375957999732486 0.0800326443076923
0.0637654070312876 -0.0216732514959857 0.229766867858421 -0.0217306954102682
-0.014520583252901 -0.0620615192497408 0.197896324647645 -0.244912743780732
-0.0499142328699846 -0.0140646229958736 -0.0468460094241333 -0.325727222750794
-0.0273372837805624 0.0104264452350023 -0.211894233200677 -0.211451968826102
-0.0200882383668281 0.0132949806828456 -0.228832433823601 -0.0711554964998163
-0.00567227467540591 0.0212098338633655 -0.209920524650764 0.0115274701516476
0.00470143641644436 0.00703422471678614 -0.205702043809075 0.040420076339156
0.01028968346321 0.0101422287078876 -0.213307897833224 0.0215862562576732
-0.00840581830283559 0.0144060483843606 -0.218924790497303 -0.0420758231522692
0.00302491733576093 0.00402315398989617 -0.21468039261021 -0.14450161777849
-0.00301685320941374 0.0356939910770406 -0.141697209435403 -0.287689498110926
-0.0684346873657509 0.0560394772392259 -0.065098348394623 -0.389221936504359
-0.121343216299025 -0.00534190338375066 -0.159879640543609 -0.348428257884983
-0.156728348125351 -0.0406938524161187 -0.142223099543061 -0.243003247511583
-0.0789617806812649 0.038105512041721 -0.0265296967134043 0.0946084976701412
-0.0169974449280518 0.0377507005264444 0.257853877094422 -0.00399841366383665
-0.0153412431091099 0.0343793504756703 0.22991509437806 -0.247262051671157
-0.00758787148782515 0.0543280276262011 -0.0286424324104445 -0.340964183954263
0.0398979109997363 0.0474841870243357 -0.196412687294155 -0.216359415796451
0.0568645989187927 0.0138790826635472 -0.210933521591127 -0.071980099151114
0.0664308759835051 0.0165407229865987 -0.190890099401629 0.0125826001253277
0.084174705052853 0.0145802638021422 -0.18223080999959 0.0558792038366296
0.0894333943049284 0.0710609883280855 -0.199428867408294 0.055230356652246
0.0175431758737113 0.118452287367275 -0.228458309892743 0.00400850917746457
-0.0471735896582627 0.116923860763857 -0.247956734315915 -0.109029688100601
-0.129762731254253 0.0632869798385454 -0.175925927548008 -0.257105703185489
-0.193431000445427 -0.025550713203152 -0.0746178230129102 -0.338697419531271
-0.212608737611711 -0.121977612602159 -0.127175763877355 -0.286993942475847
-0.210789006292118 -0.140515602275753 -0.0842182546611814 -0.207010849409115
-0.195818270391042 -0.0209112136835445 -0.0074208308109308 0.135856116158309
-0.119747469255933 0.0798970092763303 0.288197456749774 0.0464940873966009
-0.034169751517276 0.136719490081331 0.276279066293504 -0.222916715050612
0.0325508654296439 0.131023752283516 0.0125701128825752 -0.338644582014808
0.105633692878488 0.0896052857444034 -0.155858146270032 -0.214197659989273
0.129710747722633 0.0184552520796528 -0.165885583310262 -0.0696525943649216
0.129164340264276 0.00903911167389391 -0.145743623874487 0.0116861988490581
0.146937035733462 0.0114610968239825 -0.128701914083276 0.0705133080518064
0.158724639334672 0.102216248129069 -0.152618234288897 0.0998796726828737
0.064179179110063 0.188168489201127 -0.209781908337095 0.0802963505106048
-0.0465026093848804 0.217206577048016 -0.276364141002863 -0.0355552019373476
-0.210261000791077 0.12063213658405 -0.222778399183235 -0.201666713602517
-0.289838074383704 -0.0584191622352196 -0.0816354015302932 -0.280479963339165
-0.281458837781659 -0.20058165344027 -0.0733538621538446 -0.195114782213116
-0.223544313810555 -0.229675576423448 -0.0120226357863241 -0.122885226563132
-0.284389228975345 -0.104100053051566 0.0178755587469293 0.198239175319878
-0.226496362327583 0.0878144317495796 0.303099385237456 0.121808120103727
-0.0748853759427797 0.222857055315048 0.316615147642825 -0.160201922661234
0.0575840634712032 0.202736062262749 0.0687305692216895 -0.301244131653406
0.156112587050946 0.130143581930686 -0.0903693434488227 -0.194061330770377
0.186910783332589 0.0252674627238456 -0.0966401947858428 -0.0631850137089117
0.173081644372334 -0.000644160076441082 -0.079697809362146 0.00948144667408457
0.183647341557296 -0.00115226372859802 -0.0565323551640276 0.0790056467925111
0.20268537407109 0.103641064833881 -0.0807460321482585 0.136572389211963
0.109801082075479 0.21416786252466 -0.158383657183553 0.155947227784612
-0.0142388421347536 0.277611671135847 -0.273621140611468 0.0507518289070852
-0.240192552524054 0.172904835309491 -0.251603772842073 -0.127177981332377
-0.338904733988526 -0.062621613004901 -0.0784669165483998 -0.221210339296296
-0.310129506245687 -0.239019700504044 -0.00464064203763574 -0.0941981517733763
-0.193830620823264 -0.285034268455543 0.060824673016137 -0.000803972595887955
-0.312816663392208 -0.189693592254242 0.0432598523447605 0.268701718371109
-0.301332333066337 0.053088522008998 0.285959748729894 0.2050125211254
-0.127194480945959 0.261166093697019 0.328100446819573 -0.0655472567455698
0.0583885598222172 0.247527526538756 0.125147917307362 -0.224474437587808
0.177650674432281 0.156787099254264 -0.00850900043080035 -0.151597107828898
0.215213959624186 0.0307414888369475 -0.0118746828574297 -0.0513406655598907
0.191432013963073 -0.00989190678392716 -0.00320763804753042 0.00638387962648284
0.192660485222039 -0.0147221127553741 0.02218371193212 0.0791016194269548
0.213252972048279 0.0882897607046517 -0.00135332488791539 0.157447738995909
0.133157877089451 0.206958183426984 -0.0925264069322229 0.209995662169972
0.0115749677850744 0.290743552916523 -0.243566809539083 0.121012207704736
-0.237622937509057 0.190160142875693 -0.250634096510632 -0.0577061742217704
-0.335397131266736 -0.0660562221341722 -0.062678422469525 -0.166340545724364
-0.289620325519246 -0.248675783857736 0.0654277426230631 0.00462016704714656
-0.127373307137358 -0.282613225916912 0.122665736021171 0.135736743476331
-0.269428029453328 -0.238017742497859 0.0649500472547375 0.332491237419151
-0.308491187911418 -0.00183007833751514 0.242370620888959 0.271442499473294
-0.156905993447246 0.239589187534927 0.300342818587513 0.0315980705872272
0.0439966937800849 0.244289539738374 0.163831315020749 -0.121674506645956
0.165345415906255 0.153548036053505 0.0745084215628874 -0.0929716446733064
0.205433974651635 0.0291100172647818 0.0741284486804202 -0.0364204182847299
0.179424098061856 -0.0181754240040276 0.072572369495582 0.0018646033715135
0.175529720263038 -0.0253804018541066 0.095490035603266 0.0737572300356854
0.193088252271789 0.0649972005523064 0.0710596458719222 0.165464248697419
0.131503078216974 0.178657860200408 -0.0305482705315549 0.241524258636034
0.0179524158264933 0.267774013686871 -0.205110858228385 0.166668939848423
-0.221054844907446 0.16729618621632 -0.231660402494098 -0.00569675123276962
-0.291108941756364 -0.0796015530356518 -0.040567596096109 -0.119413951622776
-0.222646204495712 -0.235967527033853 0.121682252187117 0.0925268683150138
-0.0427488804036514 -0.222545850011766 0.164122456246082 0.255059207156064
-0.17203493548845 -0.222032501588626 0.0798464383869964 0.373233937971648
-0.241785420232782 -0.0396363409994659 0.189096330344586 0.30721223106764
-0.135269057509907 0.17280981674972 0.252786884868982 0.106433929380251
0.031364473765456 0.187615709892001 0.183711016198899 -0.0271108180730288
0.125890219909907 0.114738059666766 0.143141825970532 -0.0381664151898225
0.158206799898182 0.0179048024315078 0.145977745395853 -0.0257836416142688
0.138198040716315 -0.0227381909168092 0.135855379478796 -0.00401666983445658
0.134790089591979 -0.0297422377436543 0.1556953534434 0.0660848129872061
0.150810960553287 0.0406495112564832 0.129414061003345 0.1690473609482
0.111825321734 0.138047309228401 0.0156733358562881 0.260596664040259
0.00913250072468214 0.219500913950315 -0.174167746496126 0.194514961678993
-0.193313405936607 0.118705097267989 -0.211336264815859 0.0274057849077012
-0.218448370593971 -0.0959187833966344 -0.0240644040568026 -0.0802020912617179
-0.123633404775797 -0.202467521683008 0.152479988400151 0.164961990705012
0.0475608695189116 -0.117421020624948 0.186675017721784 0.326745586206455
-0.0485723193073257 -0.146608378151132 0.0940533525512928 0.379558561695589
-0.122714746918307 -0.045289708453596 0.154059935573212 0.315900854858201
-0.0684064035156921 0.0825569964038898 0.219303105328792 0.145605592064525
0.0234421449916984 0.0906375912837643 0.196953786725366 0.0286423511640735
0.0650326728185353 0.0506025954847159 0.188368650260065 -0.0110946395871441
0.0829840452634198 0.00126415504310881 0.188899385570021 -0.0250925165685002
0.0740598485811055 -0.0232073095523461 0.175252323700575 -0.0105335805655763
0.0775225318158213 -0.0275421986196903 0.193282323188847 0.0589675538345865
0.0951842329131629 0.0138970892714595 0.166732558430282 0.172964007826427
0.0831628726791325 0.0860592475679244 0.0433734832681516 0.27739129488325
-0.00221095930353875 0.154175449689845 -0.158251627782776 0.214944329053239
-0.149752098646554 0.059054361281111 -0.201240163509473 0.0479671810339121
-0.124036007885746 -0.100541044470815 -0.0214619146260828 -0.0535213072372164
-0.00865705644970552 -0.143627748421937 0.151221448956719 0.214586275890487
-0.0717614263096348 0.0531576189105842 -0.196258705454776 -0.224030357331058
0.0447353262161044 0.0648815949872759 -0.0335303913020761 0.0838199385684128
0.0611429974516127 -0.0253687101254284 0.227874973914943 -0.0378780270467594
-0.0189632673032825 -0.0602183381752229 0.179991612827567 -0.260631894689653
-0.0510804913781509 -0.0093195856197243 -0.0707663837957729 -0.322818322488881
-0.0269762184249211 0.0136922484341449 -0.229443784951915 -0.194770392757356
-0.0183570261429099 0.016036633038121 -0.235387013469206 -0.0542415616680321
-0.00273290387205723 0.0221041408043593 -0.208580792686699 0.0272444180673295
0.00565196457953326 0.0063667661485307 -0.203912028065463 0.05689067072021
0.0117162749073504 0.00963625688803548 -0.214411600396638 0.0381020216975742
-0.00699927567431073 0.0163345519802513 -0.223637525232979 -0.0275860262278228
0.00220994713638281 0.00473450978589837 -0.22324906678364 -0.130236948838004
-0.00234793837738828 0.036525964112336 -0.159569016587363 -0.28120958647746
-0.0643300473838963 0.0599654091908932 -0.0927364216638052 -0.386331811435846
-0.121186815398595 0.00158892427145853 -0.183790764545125 -0.339624868403672
-0.160292261036316 -0.0320967372818735 -0.160154583050506 -0.233003171347257
-0.0768699201285633 0.0435269043614423 -0.0220005693503137 0.0984452618862368
-0.0149687780989447 0.0385869123971472 0.255983211581164 -0.0216120394903915
-0.0122473898927595 0.0361579529093412 0.212136464129204 -0.264611261085438
-0.0031983216406379 0.056385750568331 -0.0534997003276097 -0.338754175862939
0.0438739856565761 0.0449615823644242 -0.213829912814798 -0.200815175708169
0.0585624531659029 0.0101200939235306 -0.216388276043093 -0.056303803024034
0.0687218435662424 0.0118474403185481 -0.190225488703062 0.0274811151602835
0.0856116440901522 0.00816357991520464 -0.178486981266247 0.0702726954921726
0.0961962252851217 0.0645318340028552 -0.197121775805651 0.0707047190786904
0.0276386435751268 0.119664223494836 -0.229921860484823 0.0190938898312232
-0.039366717473189 0.122156154447081 -0.254978547759629 -0.092663067907219
-0.127619554484839 0.0728036173756127 -0.192047118874418 -0.248207002834477
-0.19648277704459 -0.0135483500885824 -0.0986972067432483 -0.335572909987088
-0.219780805258048 -0.109642547867275 -0.146978306233757 -0.280676554466389
-0.219617604554832 -0.129537328514472 -0.0996886117150563 -0.200420181245989
-0.198707742286775 -0.00797754307364823 -0.00112394206168642 0.139032794298854
-0.114789670980998 0.0874241610406139 0.290137468167449 0.026957664770973
-0.0232824529175519 0.139353314977967 0.2610012978973 -0.242470091617717
0.0423286759194244 0.12987012886035 -0.013276408797719 -0.338350405752286
0.113102957384437 0.0820282265929514 -0.172461558824311 -0.202051183086527
0.131703272909698 0.00855671056739444 -0.171181969312705 -0.0583540308459386
0.130697640703161 -0.000542637800347187 -0.144682814288737 0.0228590086244787
0.148121977720313 -1.77338334430652E-05 -0.123752005019665 0.0803497264438804
0.168510895870732 0.0907498735015522 -0.146386984812024 0.112240269361799
0.0796153986131595 0.185982828539624 -0.20556676801187 0.0952406649570542
-0.0309788128497331 0.221797736963669 -0.27925052727521 -0.0161140768783827
-0.204699396945746 0.136248378207699 -0.235437838373587 -0.188497858836159
-0.296900571675315 -0.0404671074783907 -0.102603750268354 -0.276566314463174
-0.294216045389477 -0.184079236363652 -0.0877416741891905 -0.192890477841988
-0.238429908297207 -0.217351355051635 -0.0219471118897007 -0.119820012094658
-0.293510627480593 -0.0854463727083647 0.0279155357919587 0.199224618835787
-0.220692390706902 0.102226911651179 0.309360789018603 0.101634805627574
-0.0583041811188114 0.227824375238623 0.305971391859029 -0.181461812250425
0.0726211310862467 0.199310093167798 0.0450896848607856 -0.304685772352463
0.166121557306218 0.118447922709421 -0.10459238851963 -0.186320234016485
0.18849607871287 0.0101244075438714 -0.100712966368577 -0.0573005612446461
0.173477485191668 -0.013629165578625 -0.0791309265419699 0.0159567649080489
0.183964640858502 -0.0144335847909967 -0.050368819764157 0.0833837140426934
0.212713991890915 0.088736548149928 -0.0719524499455111 0.144010052332936
0.127992707039783 0.208365613688617 -0.147943175143993 0.16786001264707
0.00660422423333724 0.279374644820219 -0.27124838388247 0.0709794403360348
-0.229974549836292 0.191647670627313 -0.258754663127076 -0.110725718859776
-0.346725671059127 -0.040321549957921 -0.0949511963599578 -0.216464873908759
-0.326058856259853 -0.219966115455517 -0.0125321805935302 -0.0967808733555181
-0.212274446776329 -0.274446189240361 0.0592434610651169 -0.00229957380528345
-0.327860316075859 -0.168565783848249 0.0582336454881772 0.268465105682252
-0.298605695621922 0.0725528816735966 0.298547831794527 0.186860585747622
-0.1078503882789 0.269831436442197 0.322556799086477 -0.0875128349448044
0.0770887923833722 0.24404900588087 0.107201964472975 -0.229643826894727
0.190235043494484 0.142641372315028 -0.0187526281951284 -0.148978681984366
0.217485122735966 0.0129592645960325 -0.0143623531320416 -0.0522598767263935
0.190763986438508 -0.0241577761088298 -0.00309410468411983 0.00700832126485665
0.191817929767743 -0.0290532716509239 0.028325517048034 0.0776928658042925
0.221243701731256 0.0720753674276145 0.00963640161704894 0.158544026092643
0.150551938684567 0.199249196310199 -0.0770753318142657 0.218056917403923
0.034181399069665 0.289827783508862 -0.235774227781564 0.140235305810763
-0.225709165510965 0.208585963489385 -0.253580636726232 -0.0401362034920679
-0.342847585782576 -0.0435940333921617 -0.0751113760087642 -0.163219851002338
-0.307116426167279 -0.230955960568 0.0646882385246194 -0.00301236347706408
-0.146336058470859 -0.277260343911103 0.130070451762205 0.130619848731019
-0.287360338951785 -0.220194342997831 0.0841023196184445 0.330013036506592
-0.309116977998453 0.0181472114392756 0.258999181472413 0.256575223022369
-0.139662976359479 0.250170210669843 0.301600928468817 0.0127916786560214
0.0622633325258307 0.241445332713314 0.152975087468861 -0.128918455197783
0.177343506096373 0.140046225774617 0.0689151303607739 -0.0966058306504723
0.207112849895111 0.0121933138187236 0.0725013547539432 -0.0442089601152553
0.177611255815147 -0.0314776130939271 0.0723277986742894 -0.00351886814186358
0.17290325386482 -0.0385336178548622 0.101968260727638 0.0668350928479124
0.198458693937735 0.0504924611182506 0.0836227442269531 0.161184600963387
0.145967312231878 0.170442323218821 -0.0123223419559904 0.244844289740555
0.0387526508961312 0.265448769286204 -0.19434186180823 0.18348185921813
-0.209502928001358 0.184260322403118 -0.231185873356434 0.0109214755314987
-0.298588260699975 -0.059890912684504 -0.049375694665432 -0.117187274368819
-0.238455576350782 -0.221752277930553 0.126732439934143 0.0809034953937252
-0.0581103326796479 -0.220906300585124 0.180961724717889 0.246581600132578
-0.188827546046587 -0.210947058265534 0.102016914691981 0.370071408443935
-0.244673859808068 -0.0235177126914586 0.208952484959132 0.296394327316636
-0.123246958425522 0.181929457227206 0.259091713202101 0.0906719664087095
0.0446329883999988 0.184795799529195 0.179270843494598 -0.0358728799664838
0.133766273335087 0.104997234993006 0.142675928692085 -0.0479902949187026
0.158783629596189 0.00493850654652969 0.144626368176906 -0.0385598926811849
0.13583375631011 -0.0327906949243181 0.134310324846571 -0.0145287654501091
0.132032515893178 -0.039180376160797 0.1602467912289 0.0545774205184487
0.153489827063102 0.0295165267363327 0.141723377713888 0.160347835643814
0.122548075590188 0.129572673284936 0.0350838600319602 0.261359453483721
0.0262748860472203 0.217384217667247 -0.161667517939656 0.209488929087211
-0.184532762369333 0.132956142216612 -0.208060622245405 0.0432312546995699
-0.226005657376986 -0.08131418041672 -0.0298640365816303 -0.0799803435719869
-0.136311435936874 -0.194547340281664 0.162424530515852 0.15122060675944
0.0392676059036231 -0.121161861752979 0.208526685569314 0.316761466317033
-0.0583662282587037 -0.143271665846322 0.116853706815893 0.374906634684919
-0.124959693312934 -0.0369742400264512 0.174621023688973 0.308993236691872
-0.0625223076861763 0.0867409999121086 0.227867079336304 0.132860313899875
0.0305765788763293 0.0878498546193556 0.197373358127255 0.0186284387537671
0.0684951482678733 0.0452533586111709 0.190048709436327 -0.0236895509150326
0.0820141200491298 -0.00524338765032979 0.188107250785243 -0.0406884772065783
0.0717011672806477 -0.028073413781381 0.17271094952332 -0.0243076295335387
0.0745329133513376 -0.0324208573342861 0.19709102147097 0.0446641784196888
0.0955211399304304 0.00773194520053374 0.180135287083729 0.161441552463605
0.0896046556357659 0.0792057880630902 0.0644351590056662 0.27600921353086
0.0094295084908996 0.152884887861984 -0.143554443512857 0.228763431853597
-0.14521765459594 0.0699294538344879 -0.197400239509522 0.0624962192653151
-0.131019865349069 -0.0921488153271108 -0.0256051453239183 -0.0536647964380387
-0.0175041850674032 -0.143666290014853 0.164650314894696 0.200809459708694
-0.0711618560281902 0.0567495609351908 -0.209651974951261 -0.214719959531653
0.0483516473800085 0.0625644580332091 -0.0308310056710399 0.0885528602564749
0.0591137107270897 -0.0285024829053346 0.225725427506798 -0.0511592376893504
-0.0218941973173608 -0.0583180884140935 0.165804297650053 -0.273867663871646
-0.0512855409501496 -0.00478804439413445 -0.090072474832789 -0.321452871650465
-0.0259514936343276 0.0163631178727781 -0.243140171830798 -0.180204897249254
-0.0163608594448984 0.0178529890880267 -0.241014310102933 -0.0394227490979012
-0.000276354332018781 0.0225464003438474 -0.207778612122275 0.0411667654134215
0.00598241890740709 0.00624425241798782 -0.202273061643323 0.0720071703973607
0.0130965255142502 0.00897848562107235 -0.21539073172073 0.0519353452801356
-0.00542822927871913 0.0185777018757027 -0.228110809392082 -0.0155993355302773
0.00172373604089742 0.00614061124532054 -0.230567609475028 -0.120053630112136
-0.00194977094101498 0.0372707090990676 -0.174634303703685 -0.276293997867926
-0.0605635790763668 0.0633402227638896 -0.115537418088594 -0.383748676445184
-0.121018104597784 0.00726266130197423 -0.204368315737915 -0.33205155652097
-0.163870799510554 -0.0250858612177426 -0.174140299984225 -0.225059768505901
-0.0755412785652589 0.0482462731135409 -0.0187631926659923 0.102367932578045
-0.0138138849325693 0.0396877025982083 0.255311392411839 -0.0365456451578118
-0.00937804165225474 0.0373316680596034 0.197819119745973 -0.279227984925045
0.000822472623009232 0.0582462680393818 -0.0736771518546775 -0.336981889045111
0.0474895489832541 0.043334982289642 -0.227952218161848 -0.188371655510579
0.0600536912969345 0.00689732195109262 -0.221722439952559 -0.0431017715970557
0.0709421556118921 0.00777392556640137 -0.18894844112885 0.0392706697628022
0.0869449635674273 0.00272177798110619 -0.175497679393999 0.0829362146022977
0.102069421793671 0.0589140202506442 -0.196142350418926 0.0843758423454683
0.037053169112205 0.120758562332905 -0.231775286437316 0.032442580885312
-0.0330016247695866 0.126776380697627 -0.26067265502517 -0.0789851690492188
-0.126128548583084 0.082021120472351 -0.206096762990985 -0.241887814876028
-0.198724614419816 -0.00348186586144193 -0.119017426135857 -0.332852925010447
-0.226706388879057 -0.0996374063889426 -0.164888760051548 -0.276101994641472
-0.228016144754521 -0.120132662391812 -0.111488029978064 -0.194389216737903
-0.201493262854285 0.0035390122135632 0.0046294859843242 0.142469694636992
-0.110969511684528 0.0940042698411585 0.291872222200777 0.0115199718806439
-0.0142638859846504 0.141354845803778 0.248118826479918 -0.259195146637755
0.0516742239341382 0.129070058181838 -0.0344642960780993 -0.337505614808743
0.119525855412287 0.0753663099126174 -0.185713607614962 -0.19120812791663
0.1334164786551 -0.000612673268138473 -0.175337892385782 -0.0489686204608449
0.132417936601203 -0.00854838034476321 -0.143779616490601 0.032344187020015
0.149248390152958 -0.00908606292514999 -0.119531603696364 0.0891604519075499
0.176588468468256 0.0806550317832634 -0.142209611429973 0.123476985652392
0.0940799502010807 0.184316912943575 -0.202180243413485 0.108064782194422
-0.0179506545782205 0.226502554410422 -0.281839563019111 0.000239293641202003
-0.199796673725333 0.149938122279033 -0.246083571566253 -0.178693213190771
-0.302482968994562 -0.0255404701475973 -0.119971198836544 -0.272529550824502
-0.305514747697146 -0.169693744949572 -0.101015581824762 -0.192027215615341
-0.251606754949524 -0.208953294380681 -0.0296278986580205 -0.117319287318423
-0.301066541810987 -0.0687868537389383 0.0362189826454841 0.201601191640904
-0.217708659568408 0.113966296159813 0.314533807302578 0.0861281521166199
-0.0445051736324823 0.23186590243403 0.296391289227433 -0.19943142133938
0.0861978770882119 0.197055443919866 0.0264509364413946 -0.305580742431798
0.175754443095916 0.108372143393414 -0.116143218193776 -0.178943534896923
0.190895075676457 -0.00261888101063896 -0.104300253165388 -0.0531475220843367
0.174219971446189 -0.0244462620949522 -0.0783127227214016 0.0212769698921862
0.184404919733701 -0.0265950828008113 -0.0454622365551625 0.0871961806122279
0.220459264050712 0.0754662799047908 -0.0641339946199737 0.151273806405256
0.143905581794263 0.204061533313689 -0.139831855979723 0.178611334476633
0.0235913722462821 0.281489972987898 -0.268593157767179 0.0891482511674593
-0.221770252509135 0.207942839077634 -0.265061589981094 -0.0984691068050521
-0.353806671544619 -0.0222645655637783 -0.108579124064499 -0.212813532009926
-0.339893549943283 -0.204819764420647 -0.0196573322309752 -0.0997157064659837
-0.228331375822171 -0.267522762993342 0.0581799781631639 -0.0034416438287225
-0.341588024710935 -0.151175696125226 0.0703539297308544 0.269314348342806
-0.296879607825247 0.0886643601924696 0.308515223959389 0.173094253083249
-0.0923414087155087 0.277016260361839 0.318154358115821 -0.10470620050785
0.0931109108175253 0.240910897918733 0.0926019173380954 -0.232671420484242
0.201093337457632 0.131494367172445 -0.0270068556470107 -0.146806994991773
0.219274734242868 -0.00178242102964642 -0.017431490231238 -0.0532930661998623
0.190483893906792 -0.0364015061777683 -0.00272209999418465 0.00763447280288203
0.19050983106255 -0.0417083032739664 0.0339475468316541 0.0763086579681063
0.227981317202439 0.0578706532551021 0.0190293558018004 0.160768698942168
0.165527238608938 0.192703097914196 -0.0644411471162038 0.224971015811269
0.052843493173814 0.289867084323655 -0.22961000751035 0.156617429609749
-0.215702645795926 0.224121380975489 -0.255206936409154 -0.0261403212828858
-0.349688812031887 -0.024346563697529 -0.0850083246161071 -0.160037836810501
-0.321047835187432 -0.215670476908158 0.0631262064689729 -0.00977440244518614
-0.162558847484664 -0.273333044250385 0.137072770983703 0.126146808484471
-0.303697012843163 -0.205010304032659 0.0997259998976879 0.330498364088069
-0.3105308271789 0.0339080062801126 0.272492752242066 0.245773167154098
-0.125266096967573 0.258847652008166 0.302175729833593 -0.00248130069851667
0.0779710219084233 0.23869493422457 0.144471364124816 -0.133270071800218
0.187482928476083 0.129499672290635 0.0658600618832535 -0.0993428919456334
0.208241480481117 -0.00208011922882517 0.0715641773698518 -0.0507773644130202
0.176374152416846 -0.0426629412713457 0.0721538794328332 -0.00790420043639839
0.170716463470491 -0.0497959733419746 0.106520061552665 0.060637648951819
0.202929236110413 0.0381024951415518 0.0939902579097574 0.158196678269521
0.158368295446784 0.162848256389529 0.00306824526267126 0.247986945176741
0.0561024581909079 0.263358007925782 -0.184908278402754 0.198749464546868
-0.199908957227073 0.197777648056041 -0.230329439008927 0.0247933761677699
-0.305399897698956 -0.0431066352716406 -0.0572364162765881 -0.116209158867896
-0.251956527979431 -0.209470554112032 0.130616800769155 0.0705768760423072
-0.070566031921115 -0.220055309692932 0.1942172047276 0.23996541895753
-0.202456257671496 -0.201125614862788 0.119682655540193 0.368998705632963
-0.247853450127389 -0.0110695070284191 0.22562103541331 0.289349644522236
-0.112997821258325 0.189494471601588 0.263937716602031 0.0787814044514928
0.056888642482532 0.182531924708582 0.177065892460783 -0.0416568314844353
0.141045568524824 0.0963581440298867 0.143099438530926 -0.0552959242939862
0.158695064620564 -0.00514998397239549 0.14421642758545 -0.0498012427635324
0.133914544273659 -0.0410424159223158 0.133012250025807 -0.0229562431103084
0.129522228517997 -0.0473732684626081 0.164650727210807 0.0450412327363247
0.155850816202475 0.0206547588481045 0.152553204231945 0.153664562233556
0.131477685759575 0.1227582680918 0.0523858492299552 0.261757796966089
0.0410266402237716 0.215477417499465 -0.149961251704268 0.222868617802298
-0.177162507242888 0.144852480071455 -0.205877168378355 0.0560731590753811
-0.231947764514979 -0.0688049504171879 -0.0357456259518909 -0.0800618488724281
-0.147349562092231 -0.188166159870939 0.170506072064409 0.139602634900041
0.031787878458698 -0.123982035220099 0.226239796777449 0.30881520487916
-0.0668333856105663 -0.140639486551348 0.136016372988997 0.373078653889916
-0.127591870739753 -0.0306224562036568 0.192119645195041 0.302684702029269
-0.0579090116893499 0.0897905983669365 0.235209475313073 0.122086967747373
0.0354301198942196 0.0853904958307481 0.199529447552691 0.0110432452151931
0.0707571337211833 0.04105087094077 0.192447255738293 -0.0344087300605739
0.0811951384058445 -0.0101392651409806 0.187032520274957 -0.0545794310448186
0.0701883849393941 -0.0318761800966457 0.171260636424821 -0.034518935461454
0.0724242470268301 -0.0368884396417557 0.200231779416416 0.0334978809649263
0.0957814458266265 0.00222136960173698 0.19108570524633 0.151829551002608
0.0943727921713257 0.0736389907253153 0.0825748657485004 0.274680808264607
0.0200404899487445 0.151606448302679 -0.131476697764084 0.240993818513373
-0.14114426791237 0.0789902773399882 -0.194010201778852 0.0745667100584693
-0.13572514540351 -0.0856253126341032 -0.029952743175241 -0.0541589872020715
-0.0247885786297962 -0.143694293436336 0.17597593253573 0.189552036791898
-0.0705014361292436 0.0612617179056516 -0.225204207322184 -0.205733095694053
0.0523323756923171 0.0615572876436076 -0.0277583376260301 0.0941463897287664
0.0580055698692231 -0.030850550534745 0.22539775388564 -0.0636548203386439
-0.0253750754157161 -0.0572076809435254 0.151631886163338 -0.287746058854819
-0.0517483697771305 -0.000395670770619244 -0.109248337414793 -0.321060284121905
-0.0247006348668448 0.0195834422754056 -0.257416230896833 -0.166296083128379
-0.0142507891841917 0.0196952903794101 -0.247142852989128 -0.0246878124675385
0.00231119933674398 0.0233802175450909 -0.207310926624834 0.0544594329002457
0.00643223945795549 0.00619736484425828 -0.200323667120183 0.0859660158870889
0.0142783331116133 0.00821669748808962 -0.216515701387973 0.0673159254678564
-0.00320713525373153 0.0205230979748688 -0.232882885967757 -0.00420232513337445
0.001636502721618 0.00760789197181766 -0.237943419157587 -0.110644371171182
-0.00106535254211374 0.0386134121630767 -0.191955808579414 -0.273391535544315
-0.0573200996513906 0.0668896542374823 -0.140268098142207 -0.382909128932437
-0.120949702926376 0.0126079595428985 -0.225559792304192 -0.326052848674972
-0.168454668726364 -0.0179323174944695 -0.189283641118542 -0.21808209749902
-0.0745687702850856 0.0534199596911263 -0.0150851467162134 0.108382961536636
-0.0123181421871677 0.0410884699316417 0.254186781576194 -0.0496986636363422
-0.00699990560082609 0.0386454124402501 0.183719514716502 -0.293841145910856
0.00534365403566883 0.0599460784513554 -0.094947936925665 -0.336124959281241
0.051557875079572 0.0416589552484825 -0.241946564361318 -0.17657300198286
0.062302638122366 0.00292738330794888 -0.228127078575397 -0.0307107163652332
0.0741246000988515 0.00384108423375154 -0.188565943607364 0.051564969075739
0.088401820898123 -0.00246739350611697 -0.173540634586594 0.0959170873818367
0.108214092357436 0.0533210898844588 -0.195280356860713 0.0992766932826372
0.0464106804765311 0.121803608186676 -0.234146881878812 0.0458664089432703
-0.0257317578897331 0.131850950433575 -0.267910865401092 -0.0663644535494524
-0.124908568154058 0.0913150094497116 -0.221518994470412 -0.236571654774346
-0.202724943765816 0.00685415840764815 -0.140894276159131 -0.331681694310891
-0.234093324606316 -0.0901657247970443 -0.182662925753797 -0.27083735048444
-0.237489663290158 -0.111953676415242 -0.124297716796393 -0.189215732715178
-0.204221860960625 0.0145843329066976 0.00961773555151395 0.148071984176439
-0.108309815396819 0.100379499653273 0.294225558347633 -0.00349882211274368
-0.00597404029123092 0.143295010318284 0.236820230657823 -0.276324176455019
0.0606875737220364 0.128842668878953 -0.054600550172849 -0.33821806226282
0.126204832173362 0.0696028307275858 -0.199267720768107 -0.181465947714123
0.135213616839453 -0.00857207265202607 -0.181337173861552 -0.0398823637350321
0.134391586931525 -0.0164695939080341 -0.143237905191579 0.0415939370447217
0.150925413863435 -0.0187054109915627 -0.11564028474012 0.0982233429096405
0.185411536447075 0.0698140766250225 -0.137007896320849 0.13567832421999
0.108846240024511 0.183060432572828 -0.199783447675814 0.121936300794603
-0.00429755352963595 0.231923264155315 -0.285549992669253 0.0161724428022919
-0.195501550547791 0.164967245945857 -0.258297900903062 -0.16919419669211
-0.30980376588176 -0.00934175421360506 -0.138091842072919 -0.270169069469887
-0.317945515282806 -0.156923775197923 -0.115173665303846 -0.190640913515614
-0.266060739312774 -0.200661704942163 -0.0375455161939677 -0.11491108727313
-0.310229481674561 -0.0529463964555773 0.044607639404021 0.20696742773037
-0.214772362351981 0.126060984942935 0.321668356827589 0.0719839956953952
-0.0313246022673112 0.236166857377111 0.288528561519131 -0.217715866130421
0.0997108187428887 0.194914765741673 0.00834553333586443 -0.307921182872024
0.185536450727669 0.0982446011976778 -0.127244240382695 -0.172755836644906
0.192686578651747 -0.0149905585513138 -0.10873261838885 -0.0489216926101288
0.175505190362204 -0.0349265950574784 -0.0781295433065413 0.0267048309223751
0.184738745874542 -0.0381726842836947 -0.040252608943797 0.0911059451956839
0.22930698431292 0.0623298945055798 -0.0566012615627904 0.159015789073929
0.160283665656664 0.199195188153658 -0.131022057989813 0.190478641913095
0.0413871697155185 0.283989459609717 -0.267364772824733 0.107159688230374
-0.213660694115793 0.224997826266242 -0.273060375573788 -0.086299073381806
-0.361647859527799 -0.00167258461186616 -0.123237620535754 -0.209986247419256
-0.355702301145104 -0.189306791169078 -0.0279162766929463 -0.102185269822209
-0.245422937319722 -0.261396997800833 0.0578853418205988 -0.00335505335966881
-0.355749677771167 -0.134441294573161 0.0827467516493757 0.273644874543393
-0.297315606615653 0.105059410192218 0.320100625396104 0.160835383841848
-0.0779586098322007 0.28458549479044 0.316802061971519 -0.122534896781358
0.109934429689989 0.238942039423401 0.0797909067824454 -0.236193581534717
0.211540365971333 0.120531378590876 -0.0335277105846373 -0.145039436809879
0.221091312927475 -0.0160552232805515 -0.0203318119899768 -0.0544933255682833
0.19064015622742 -0.0481160136225031 -0.00250767633832537 0.00801030623359928
0.189995417727739 -0.0535029984646021 0.0394339523942578 0.0751838010729844
0.235640264951852 0.0444527904326351 0.0291344198030862 0.163314374125054
0.18142864125817 0.185956315066591 -0.0513558250568612 0.23220152718832
0.0723244360152885 0.28996908639218 -0.223416792133155 0.174909888869338
-0.206196453846694 0.241027415504734 -0.258778422517655 -0.0127465526865336
-0.357387629484063 -0.00484903588665507 -0.0955889977446868 -0.157433471292984
-0.336352643395519 -0.201301224279697 0.0608026925984377 -0.0162019136080292
-0.178999504350729 -0.269787553332575 0.144784528287216 0.123076220290538
-0.31965104413713 -0.191022863586115 0.115673163795934 0.331992704380593
-0.314776516560693 0.0500890657929179 0.288385662863228 0.236743086673389
-0.112497464440527 0.268591206138863 0.304559711881808 -0.0171493973130018
0.09382512332559 0.236645863752591 0.138468604918998 -0.138264545154472
0.19778267448103 0.118878809697317 0.0636434528191482 -0.103269088817359
0.210110763646781 -0.0149530762646746 0.0696625776953346 -0.0579687420859113
0.176169071484662 -0.0537431172308041 0.0714908997524255 -0.0119009258450662
0.169134010465853 -0.0600853088404125 0.112178474087394 0.0551257664386724
0.208128018267558 0.0262642804076514 0.10529348201908 0.155985625789968
0.172088163260752 0.155565920850273 0.0194956247476259 0.253056968818897
0.0737231261297553 0.262202034360217 -0.175417944779676 0.21479383592911
-0.191184732261777 0.212972504177499 -0.229944856178763 0.0378156493397302
-0.312357953880619 -0.0262857748436133 -0.065149581588853 -0.11490348072203
-0.265357607434043 -0.199469509026419 0.133848767417717 0.0612158483829998
-0.084197578803085 -0.220051261619503 0.208272089567516 0.235127188994168
-0.217434798807085 -0.192616909624052 0.139002596397327 0.369894827952829
-0.25190587827645 0.00112275687355428 0.24365208611239 0.282878982048061
-0.104004547674656 0.197511015626543 0.270162683757213 0.0666011678861479
0.0685138575732577 0.180238265269104 0.177401490532083 -0.0470694576109811
0.148434022864943 0.089122529726174 0.144690091438655 -0.0636206757138464
0.159651551985407 -0.0154095328217545 0.14365953622478 -0.0609604259564517
0.133335404703658 -0.048958808784182 0.132619470256653 -0.0307796373610871
0.127314060715041 -0.0555640485121876 0.169552051290005 0.035904884733272
0.158884024030827 0.0117205452958237 0.164616413309011 0.146840799010528
0.140963127923655 0.115880581543109 0.069751493539875 0.263304974087313
0.055327310570666 0.214380713928917 -0.139027067472221 0.237606611094346
-0.170304230486874 0.157031085676665 -0.203712934197123 0.0692067956646638
-0.239070315090401 -0.057139568812973 -0.041416496025789 -0.0799966401687776
-0.158230737208569 -0.183181458366812 0.178227770785649 0.128004318104713
0.0253894930636619 -0.126830231737603 0.244458005968552 0.302597689041656
-0.0761309115734709 -0.138830377574627 0.155767088733743 0.372937976223723
-0.131498413929256 -0.0249376197583843 0.211524858992601 0.298401814156646
-0.0538340132743325 0.093652173012306 0.243404448253068 0.112220641975632
0.0408770896023152 0.0832147061788966 0.202735143731364 0.00356539871459597
0.0736518003308598 0.0370141613088041 0.195117158311903 -0.0469606031535252
0.0807081331397827 -0.0149748613070888 0.186542104022009 -0.0687246484720502
0.0693372465657652 -0.0359056668690804 0.170467400777324 -0.044981685499807
0.0700930421588728 -0.0409884074976717 0.205092513643305 0.0220892076332562
0.0968941716735034 -0.00248301054457807 0.203110563879399 0.142615828404457
0.0994561622233387 0.0681249588331659 0.101135779034433 0.274422267420031
0.0300926172087908 0.150095181168492 -0.118582960520684 0.254605927885266
-0.137775267912921 0.0879867173346833 -0.191570436560007 0.0872839120637437
-0.141733154659432 -0.0797492058936127 -0.0343586394976839 -0.0543224603834404
-0.0313841241428803 -0.144483102125298 0.187188563891767 0.179291794737025
-0.0764630332630755 0.048414743953952 -0.198340187653792 -0.241342713714567
0.0417701477929803 0.0666975974063525 -0.0463382623897195 0.0949889654768726
0.0601838783593608 -0.0175425167859238 0.234270240847339 -0.0252799989685737
-0.0149387984621651 -0.0541399228616614 0.196939157853534 -0.266029565258753
-0.0464937007186237 -0.00358213950601221 -0.0604527328697314 -0.337951248679957
-0.024760143837932 0.0180419891727591 -0.23448459237575 -0.206985292693553
-0.0155575802850331 0.0194868065690089 -0.247283768228412 -0.0644952717476556
0.0010193801716016 0.0243780738520532 -0.215290274600188 0.0214352900282786
0.00612449481304231 0.00779408259977304 -0.215103673170902 0.0564184074021005
0.0139285999229618 0.0106561087114574 -0.227858527372571 0.0320224456091426
-0.00553409790842031 0.0214149956388895 -0.233301177772807 -0.042633211996062
-0.00199312782669178 0.0107848444624172 -0.218054307016584 -0.153942671820131
-0.0120878929987458 0.0387397981289894 -0.148105717656754 -0.310429921502194
-0.0716797419519215 0.0553880060836765 -0.0796298243869225 -0.415503406451422
-0.122691397551231 -0.0100926164343136 -0.172994542143378 -0.379010811475887
-0.15876032913439 -0.0457700815030759 -0.160363916143608 -0.24933460820483
-0.0819728897672254 0.0412375810468273 -0.0345414170661637 0.106753499668349
-0.0201996204575686 0.042818024341473 0.258804331634145 -0.00895104554707895
-0.0112115252599548 0.0411173770595829 0.227665229238675 -0.267170471697471
0.000678133972842079 0.0655509079502713 -0.0447624225797886 -0.351798175397528
0.0475867483544147 0.0513704422886438 -0.218290036512612 -0.212977297137053
0.0625877148163921 0.0137767856002178 -0.226320625803886 -0.0676714544094336
0.0761805632607249 0.0159541112230898 -0.196450134042061 0.0214193708903149
0.0897486480651897 0.0123842928443463 -0.188618713595205 0.0700608467026706
0.100510346581215 0.0710255711729829 -0.210172910658565 0.0691191093897972
0.0269911357576981 0.131677475580235 -0.241250858297618 0.0110474153730808
-0.0500270806970447 0.128470434240958 -0.257308741238066 -0.109113836781277
-0.146785400553751 0.0689772858170316 -0.187850998666738 -0.275995292184167
-0.207261870316185 -0.0302978927533755 -0.0921235446539975 -0.365777610470909
-0.216825336780606 -0.133363329991909 -0.14225989325379 -0.315433720629701
-0.211745094894911 -0.149405653025119 -0.0992807542330487 -0.210888175410283
-0.205010227307051 -0.0159789466551428 -0.0136313315526985 0.146299728825417
-0.1246403633598 0.0853260255294374 0.288428491438972 0.0407550021138608
-0.0267683540437717 0.142955765942659 0.275444802222949 -0.240420216911328
0.0439630027347026 0.141408515414744 -0.0054172203023329 -0.347465355930661
0.11746855011232 0.0902651765022179 -0.174809066098718 -0.210619637390381
0.136410913850741 0.012264860682314 -0.176559066981894 -0.0689184505392825
0.140319726169516 0.00557786567707126 -0.149784128021083 0.0184321554070275
0.154163343973056 0.0063204882246535 -0.131395444741803 0.0814997992026618
0.175427137106304 0.0992853023874137 -0.156622165931802 0.116281075729757
0.0799773422023045 0.203178951067631 -0.216757157740926 0.0954507899362537
-0.0451672848995304 0.231634933250922 -0.288307002187463 -0.0242306817621318
-0.232101332900172 0.130807084540155 -0.238517793987882 -0.209812201721145
-0.31289630762992 -0.0647386211991838 -0.10000631768117 -0.304376743485336
-0.28982493822055 -0.215080567717658 -0.0869776386231289 -0.21969984760317
-0.226170468751966 -0.24255300875482 -0.0234794646473803 -0.123631297652257
-0.300246388881477 -0.0980864375982902 0.0158220084947612 0.207011971154911
-0.235242154624689 0.0941340042905456 0.303284391488018 0.117893682512972
-0.0665868451322133 0.229171029835769 0.316895539607254 -0.17381357413516
0.0713798505092117 0.212080161525049 0.0518884139779337 -0.306755033043525
0.170494548151037 0.127819753949147 -0.103984942494902 -0.190363715568878
0.194015490855309 0.0133483597464 -0.100632542079523 -0.0664277430204009
0.184074128354848 -0.00717616363958669 -0.0822118586161316 0.0139777028370693
0.190809757850796 -0.00688244384744479 -0.0542236980181264 0.0857287916371598
0.220366119820219 0.0980367139696652 -0.0794757781311996 0.153118760190226
0.128634009351728 0.227439089388576 -0.15646390942652 0.176377550165908
-0.00804659624412201 0.290239156866208 -0.285133613669625 0.0720975182179818
-0.260099322839172 0.187964131622913 -0.267463316334066 -0.125135561411047
-0.366002454632679 -0.0676149875767678 -0.0956755016169892 -0.240489946693186
-0.321574717153483 -0.255035631491029 -0.0142835268423992 -0.112849722157887
-0.198029970118749 -0.298264596618241 0.0558443394617941 0.00225462831254967
-0.335283213474808 -0.184881138299644 0.0471366508487928 0.277909771337496
-0.31488177240813 0.059376215348648 0.289094956618484 0.203211633828027
-0.120759114280225 0.268211847577094 0.328503203030696 -0.0745935880277824
0.07193112083396 0.256564926726704 0.112155863509396 -0.224645646456924
0.192374660691643 0.152427439801102 -0.0140409281224937 -0.147759818966045
0.22205299874046 0.0150016325393453 -0.00992659123760518 -0.0579040254496008
0.201543154470555 -0.0183732776885642 -0.00424421915044507 0.00801763479056312
0.197637441882195 -0.0220411307892201 0.0287418526871709 0.0827056720599049
0.228440089312046 0.0808256529922843 0.00522767729146898 0.171935417909474
0.15267665661656 0.216851799580504 -0.0823780167827823 0.23163806577858
0.0222329190874374 0.300177183461736 -0.250823224602269 0.148670703257804
-0.254690029357055 0.205926765507157 -0.265342558052909 -0.0477147002827368
-0.36106318654441 -0.0682834126819854 -0.0761448024792783 -0.182536164199662
-0.300536491989852 -0.263352774821984 0.0618392454952533 -0.00821947417937589
-0.134165598587938 -0.294973881725083 0.124728542580762 0.143674258673315
-0.293011752179239 -0.236508513600572 0.0724725456414208 0.343267100004147
-0.324305777800334 0.00193421364138726 0.247271676589875 0.272834076546422
-0.153361563959626 0.246287763846588 0.300862011021481 0.0288414389630002
0.0553267347478651 0.250394377294094 0.156322675539433 -0.117157300682516
0.178207188178686 0.148518948811622 0.0786952603726643 -0.0910932159742201
0.210294861098049 0.0138027175069293 0.0821357807784684 -0.0472058869095652
0.186590356547338 -0.0261259868319782 0.0726686395762106 5.73700974009986E-05
0.176943840102218 -0.0322324730630762 0.105310722683023 0.0738171084334141
0.203015228674299 0.0593326882213559 0.0816696546395082 0.175911342124059
0.147146006399412 0.184051016185807 -0.0150550116293315 0.261999036588687
0.0287950591905802 0.271518087488648 -0.209742918491315 0.19662979908271
-0.232521666778061 0.180357256540404 -0.24315681244852 0.00876771578381221
-0.309436406813147 -0.0818018955842483 -0.0512243016570064 -0.133979557737405
-0.229816962511939 -0.247842015915157 0.123630973466108 0.0847127803567367
-0.0512591744950948 -0.231029704186888 0.172865926767767 0.267553371737925
-0.192201440523705 -0.221937026396938 0.0902268156724727 0.387899399365068
-0.255780139511219 -0.0372933677218983 0.197370782989752 0.313677872601432
-0.134748011607324 0.177388810309447 0.253439381447799 0.107334551566307
0.0376095933991959 0.190082989632307 0.182510887078004 -0.0194219338872243
0.132213231842508 0.111447014928932 0.155695917053266 -0.0395991618760764
0.160270703076635 0.00721435061032717 0.156818880136602 -0.0391049446488987
0.142226856239567 -0.0285525088623185 0.136058846465898 -0.00879079284713941
0.134317150861975 -0.0337142144032933 0.16471995976165 0.063236089829658
0.155772138682881 0.0366178983592291 0.14210683987247 0.175466690469161
0.12148792139492 0.139038152941871 0.0328869855470788 0.279381491362252
0.0190554994628149 0.219880312294477 -0.177309285369963 0.223573748716567
-0.201300903825363 0.127265295511742 -0.22095752338532 0.0429836576772829
-0.229743824636946 -0.0992209569312879 -0.0318398097812804 -0.0931796353618218
-0.124919728656251 -0.213236822849525 0.158071280682072 0.162087330292711
0.0395919858720242 -0.120868911831791 0.198781943444114 0.3431063313412
-0.0605991950284461 -0.148307716114909 0.104877636439651 0.397826913346514
-0.131632905946838 -0.0446687254448382 0.164206166698478 0.327239663885274
-0.070197387851287 0.0836061158369059 0.221671389210924 0.149993079518741
0.0249276852262099 0.0883447561801238 0.201672537769421 0.035661962969345
0.065094002222938 0.0481512179559213 0.205393235275372 -0.0160393407013626
0.0811217457287013 -0.00354273027607492 0.201616148408511 -0.039511791561082
0.0751135054430392 -0.0248856684100894 0.176134144789285 -0.0173564568573752
0.0754429015928627 -0.0280243727836333 0.201709277982067 0.0556883403458626
0.0963400614886113 0.0126741043970007 0.179589739768361 0.176139281143839
0.0874044127172224 0.0835333653236861 0.0615009466013031 0.293352851797927
0.00560953809543998 0.152719491392756 -0.160205400111337 0.242330345507911
-0.154811815600428 0.0636944860264019 -0.210569822518446 0.0608536834276021
-0.127487389559375 -0.105280114405313 -0.0276423277040512 -0.0660273071728413
-0.00573683927593306 -0.151908225443605 0.159110584216805 0.215781555932632
-0.0748376773590605 0.0531108689144786 -0.213340776134365 -0.23043968565686
0.0461776062125552 0.0644696600491013 -0.0421195455154822 0.102064410261688
0.0594911276583527 -0.0205080486376604 0.233083702151381 -0.0378497757588165
-0.0180715830648002 -0.0524735116328479 0.180137268311012 -0.279258734663978
-0.0455604508357709 0.000341973133909672 -0.0811899734320731 -0.337046021393277
-0.0221082191712253 0.0204323409299406 -0.247495039948375 -0.191414023343342
-0.0133801875967177 0.0209886955255727 -0.252506170363998 -0.0469991577252014
0.00477273263382829 0.0243488811781807 -0.214395608604541 0.035645507489662
0.00723495500722771 0.0084306965782177 -0.212211816399824 0.0712500003540428
0.0146208054833039 0.0106603521234106 -0.22737251287139 0.0471574801063937
-0.00340659214061711 0.0227474530577163 -0.237620233012061 -0.0302420522457535
-0.00132561571280191 0.0118911404585879 -0.225935930601835 -0.142830225125423
-0.0110707136802676 0.0400003622720339 -0.16523333387303 -0.305417355498101
-0.067831252667723 0.059206802022442 -0.103483692601421 -0.413384086439665
-0.121926222465435 -0.00474900603307678 -0.19478757089282 -0.369472263271431
-0.161918657567694 -0.0377907375246154 -0.1763851889294 -0.239469010463302
-0.0795072754369354 0.046141028528047 -0.0296041856300258 0.113331155888663
-0.0176797978607374 0.0438591665025265 0.257917998147932 -0.0227795496990256
-0.00820286168996446 0.0421075778384203 0.212035819135651 -0.281495958001151
0.0061169921793214 0.0664795073343522 -0.0668293325518819 -0.349628570870798
0.0524553852136842 0.0491277980559507 -0.230867796136528 -0.198945655710047
0.0639965835985013 0.00989803352689925 -0.231681778336937 -0.0525361093249182
0.0794624974458045 0.0113018908445953 -0.195670006879368 0.0344188175915109
0.0916952035470909 0.00728839616271418 -0.184729927519971 0.0834070092215852
0.106285237349417 0.0646399006851918 -0.207845374658044 0.0845956618441401
0.0376617459078168 0.132017667368403 -0.242811609673204 0.0254625847573778
-0.0425409380515641 0.133104923359705 -0.263444902959435 -0.0940644893013862
-0.144321913535277 0.0781822433507379 -0.204702882013038 -0.26797568188827
-0.21007310801162 -0.0189976424131763 -0.114195158139665 -0.361762870975058
-0.223071053488805 -0.123326213399088 -0.160304340414188 -0.308447504836067
-0.220986133008945 -0.139983014835721 -0.112175419718858 -0.204962118148163
-0.207377152194392 -0.00379979830668244 -0.00693530404503971 0.151582335522979
-0.120883709716507 0.0924167458650501 0.29063415482998 0.0253874184881036
-0.0176015836165389 0.144589297557334 0.26207200839641 -0.256875048864524
0.054694874145832 0.139339593365691 -0.0264924047503651 -0.346361796746183
0.124673935193806 0.082923216392413 -0.187177953963868 -0.199601601539389
0.137687967063676 0.00290463990775038 -0.181529739525688 -0.0580308909338531
0.143038388821109 -0.00368398222729941 -0.14938981979281 0.0282671585966991
0.155627506182157 -0.00293526205846253 -0.126400071519858 0.0909504946002212
0.183324774104052 0.0871949760943135 -0.150682130727181 0.129217464517383
0.0951810575541732 0.200365077236677 -0.211957478958279 0.109422052672543
-0.0299569929485398 0.236093223179244 -0.29034945020415 -0.00656504957485914
-0.226061663379358 0.146502300458861 -0.251771667297763 -0.198367080663463
-0.319539932272777 -0.0479087340150207 -0.119519474718274 -0.299202388451244
-0.300315624790612 -0.200461124541628 -0.102023774445287 -0.217253520817392
-0.240825735517312 -0.232702576149 -0.0311946311155589 -0.120376947614324
-0.308988077807708 -0.0811617826825868 0.0263635251950912 0.210802733401404
-0.231877095389275 0.10663982434403 0.309628655226138 0.101753564782635
-0.0532075033237908 0.232973777208144 0.306389703655119 -0.191892977165175
0.0861382007516999 0.208408726763961 0.0331887036937886 -0.307715125573832
0.180145095412784 0.116897969857234 -0.113944831865604 -0.183173578742405
0.195466060959534 -0.000272919488679539 -0.105144822713096 -0.0608875129232481
0.185777486706114 -0.0191177286529181 -0.0822766908905268 0.0199525523138525
0.191382701801454 -0.0191700634501544 -0.0490388977728564 0.0901944726460667
0.228185886442439 0.0841104769918242 -0.0694643132646211 0.161117990780597
0.146351995117504 0.221122125514172 -0.146664723934928 0.18715625561199
0.0113256666807432 0.29259750329612 -0.281093816127685 0.0908589176524569
-0.251249574015007 0.205943181319067 -0.274818701878169 -0.110770985130844
-0.371710438423712 -0.0461508224297415 -0.110964815740206 -0.235727810612698
-0.334181703317028 -0.238003646827372 -0.0232568201047848 -0.114581999823268
-0.214708189364948 -0.290442434166299 0.0550454384848877 0.00141012300373702
-0.347904976960834 -0.165621168195906 0.0611494585433826 0.279739998743913
-0.314410590859306 0.0766714619124127 0.300377164008804 0.188465692630455
-0.104696031017921 0.275892949781624 0.323807606419059 -0.0921589565666143
0.0888970193197572 0.252792615700081 0.0989786156872456 -0.227171066272669
0.204005478041384 0.139807833820203 -0.0200746649871744 -0.147085373961756
0.222622309410963 0.000620785353963931 -0.0130111275702966 -0.0590433949700826
0.20181323332411 -0.0310661539823488 -0.0039524583878671 0.00918950403384113
0.19606324238347 -0.0343724898729065 0.0339555954431999 0.0807040432661619
0.234463157994432 0.0656247969814003 0.0170312398277932 0.174141736121121
0.169090840737931 0.208591645653321 -0.0679307061002734 0.238813369781206
0.042545568451339 0.298358312213846 -0.243039612847212 0.166761805544937
-0.242479824460683 0.222965964221134 -0.267053136862494 -0.0323980095469543
-0.366690857023236 -0.0478085358180085 -0.0872709760897696 -0.178362022486994
-0.31328970970674 -0.24732682564084 0.058801099800721 -0.0147209812007655
-0.151339170729665 -0.29038695844172 0.13190418472909 0.139873948354227
-0.30947306332984 -0.218874452270515 0.0913225261065845 0.343537926143904
-0.327660590344211 0.0203126532289069 0.261724098639188 0.260604511684179
-0.139102385508835 0.255661895541489 0.300751325992595 0.0127305421332898
0.0713702893877319 0.247584871800898 0.149690574266455 -0.121753556267574
0.188335377554119 0.138018087917518 0.0767639039984893 -0.0959677994943729
0.210855081879023 0.000349283461485328 0.0796688127853305 -0.0545059489032758
0.185951801588345 -0.0386528077512035 0.0732654861239439 -0.00382246919884615
0.174669258679318 -0.0430534868735269 0.10999276479524 0.0667022496203817
0.207738321741684 0.0454567154489457 0.0938790555714385 0.173227774289583
0.160674921680807 0.175407636799288 0.00260617400043165 0.264573087763219
0.04773195236673 0.268487350985188 -0.19803266197485 0.212778346488601
-0.222176859203429 0.195486204178147 -0.241674395254321 0.0232460471827933
-0.315348441175434 -0.0638412473072376 -0.0594514974808768 -0.131841387012811
-0.243110131439165 -0.235887986347722 0.126267388910855 0.0745972470675792
-0.064484867571657 -0.229848972732436 0.187141736515771 0.261061187179749
-0.206886492377933 -0.211091822693294 0.111845462308696 0.386684079513151
-0.260358711973855 -0.0223660002804203 0.214175692524561 0.304219805745073
-0.124795136207252 0.185512905263789 0.258060522546482 0.0944957367977935
0.0502210864776175 0.187152861787274 0.181935917675884 -0.0261189583134503
0.139513872690031 0.102590072710438 0.157128977825901 -0.0504274108146798
0.160319366955243 -0.00291665636741057 0.156155679142848 -0.05150791493333
0.141283428921312 -0.0377145953147744 0.135929617924666 -0.016866976058318
0.131704135852381 -0.0415738246771399 0.169422167551305 0.0527521396898547
0.158544359374632 0.0265839220824121 0.154089254713488 0.168048461317269
0.131059836825561 0.131255765212419 0.0520822016824902 0.278351953522065
0.0337189875956116 0.217250098992087 -0.163686331667317 0.23836116719423
-0.193985550681663 0.140316235598251 -0.218114755380912 0.0563740958644106
-0.2363579033245 -0.0863374129451436 -0.038481222806836 -0.0928343866747381
-0.13691327090407 -0.207533769601023 0.165726007496671 0.14963990727021
0.0325542947736079 -0.123781205650526 0.218109641189365 0.336315323222677
-0.0701006822642942 -0.145162094317234 0.126370639111156 0.395717944523223
-0.136106607078463 -0.0364584059845054 0.184029574362487 0.31986383610146
-0.0657562543625965 0.0875214406379211 0.228553317769293 0.139510961201722
0.0302080265528737 0.0863294215744332 0.20484950322457 0.027657472675958
0.0673335584425032 0.0440764363158963 0.207997011705917 -0.030678571651549
0.0804581904496492 -0.00860136930405654 0.200475008916874 -0.0548502898830309
0.0741245195990139 -0.0297873144358526 0.174914302432801 -0.0277645810287703
0.0728583018985871 -0.03274436317555 0.205875397365294 0.0429874196970055
0.0972692934978982 0.00687481383496749 0.192012134841789 0.165868449107026
0.0923430129179316 0.0776568956496878 0.0813073133216557 0.291357799454877
0.0153328196047473 0.150696493933254 -0.144896739945708 0.25441745312553
-0.150487132307139 0.0729573422394903 -0.206697674151579 0.0733521530431175
-0.133941940458238 -0.0989591173100685 -0.0325684886210716 -0.0654193130132286
-0.0146523377254393 -0.153411366450399 0.171193853159702 0.204466888904972
-0.073203347679511 0.056850448633638 -0.225801031606903 -0.220333717967055
0.0503360397896469 0.0620837070534675 -0.0374872344209639 0.107434679230699
0.0591203413538784 -0.0225965498949815 0.231534338948724 -0.0482921138021573
-0.0203645548546748 -0.0510367136251039 0.166541394757606 -0.288934258079746
-0.0440455515177263 0.00326083801750316 -0.0977686861216171 -0.33426487810443
-0.0196315048644015 0.0221417455799995 -0.257872485300537 -0.177660020234226
-0.010848616536722 0.0216205974633445 -0.254564294077032 -0.0312289315875576
0.00806899558939985 0.0237972277056998 -0.212861176540033 0.0480160339908001
0.00892864926198768 0.00891031541681477 -0.209018126670655 0.0850347969820391
0.0155543792000034 0.0100049144873851 -0.225936016682614 0.0606755101162831
-0.00169574064808927 0.0245116027893282 -0.240922194457661 -0.0192555722239755
-0.000748700900140729 0.0123248773769535 -0.231509474170681 -0.133860715177864
-0.00990025442559307 0.0410065935793334 -0.179508406107342 -0.300525963874359
-0.0639118726520289 0.0618480831517035 -0.122671571118113 -0.407908752222104
-0.120843900936994 -0.000917563642058347 -0.21033468211752 -0.361639523572986
-0.164225600855655 -0.0316274900405371 -0.188589632102738 -0.231195640360164
-0.076776331610197 0.0497844341362625 -0.0245291637472684 0.119214113370355
-0.015537464346982 0.0445387449639414 0.255910271075782 -0.0337351309690549
-0.0054865806311494 0.0430297736700989 0.19733435841748 -0.292669937688901
0.0114314302488721 0.0661267409326383 -0.083264784158498 -0.346103594533461
0.0568796559110855 0.0463060773693394 -0.240750269315707 -0.186313962251389
0.0655969018737162 0.00670158966945433 -0.234345887523537 -0.0387885877596878
0.0823320720011133 0.00635067729049795 -0.194274037772373 0.0458418029987807
0.0927882777744494 0.0022935929742631 -0.180468220416817 0.0944951971104863
0.110650533506297 0.0580179190213512 -0.203584571217001 0.0977836691988825
0.0464997426788688 0.131183568063743 -0.243412347472673 0.0375803048764039
-0.0349456055495374 0.136240644631961 -0.267822278108372 -0.0817518335479152
-0.142117226728876 0.0864377066903063 -0.21702531757675 -0.260747696985141
-0.212045290471623 -0.00945626255431616 -0.130446079245899 -0.356840040493145
-0.226627946381677 -0.114885806540556 -0.177446001089015 -0.302512930710797
-0.228552225497198 -0.131370398327415 -0.123087471600039 -0.198267802749022
-0.207974702098279 0.00627579952561216 -0.000237521459511018 0.156319825411068
-0.116467863254324 0.0977364979114979 0.290188902190296 0.0133451523958839
-0.00969799081162465 0.14511867905769 0.248523037155251 -0.269879664973052
0.0636377833742308 0.136798428096766 -0.0438231842378364 -0.342703965756722
0.130553094211995 0.0761825031947139 -0.196166584757678 -0.188858129387345
0.138524119996693 -0.00496935662507987 -0.184849515935299 -0.0480738185563664
0.144908337277271 -0.0120909688236995 -0.14855322805428 0.0374311033134579
0.156620463729658 -0.0114671578084995 -0.122143976090203 0.09946682111278
0.188891410856919 0.0772814240338438 -0.14422955310658 0.139807659292132
0.108513466672922 0.196869975478208 -0.208101009571401 0.120916317092269
-0.0165478515090468 0.238201924164245 -0.291102106633941 0.00896866346984686
-0.219933686859432 0.159064827803525 -0.260755791075515 -0.188227561347876
-0.323290215952015 -0.0326289548868094 -0.133762859543465 -0.293453755436577
-0.307123166508205 -0.1886808220007 -0.114521731350158 -0.213784199672714
-0.252100879599345 -0.223487295855747 -0.0374336440240261 -0.117377277123906
-0.314253362926885 -0.0651876819849966 0.035089967696875 0.214186675890108
-0.227995879134524 0.117640927398434 0.312513135754556 0.0888350054223118
-0.0413606077449787 0.23488795314451 0.296634538391466 -0.206073977825299
0.0981093095603634 0.204644511032966 0.0187662237732024 -0.305417895625792
0.187829762258795 0.107092466113736 -0.1214123426717 -0.177318759876575
0.19483561354169 -0.0111495171176389 -0.108576020711191 -0.0559434578922214
0.186270721252215 -0.0297013540412581 -0.0809401554724023 0.0254155482764077
0.190485192646799 -0.0297928145697759 -0.0444576526383052 0.0932476370160348
0.233302000646267 0.0702155634282909 -0.0604942216508548 0.167413238612129
0.161434421938856 0.215024668351441 -0.13745615644594 0.195661912809533
0.0278627796012503 0.291738436141367 -0.276378949633522 0.107214064081076
-0.24129610155602 0.220165211616262 -0.279519994466818 -0.0986593837846033
-0.377147164908482 -0.0275088687703837 -0.121931636838948 -0.231086467097926
-0.343764783024321 -0.225165106306679 -0.0309876334233508 -0.115313651430773
-0.22882736889595 -0.283263821375824 0.0546563740181143 0.00163525016383475
-0.358482361222111 -0.147483136735159 0.0723803656834312 0.281166448975712
-0.312761921551424 0.0918798286369878 0.306503751522491 0.176376513822981
-0.0916359775054839 0.281149571700798 0.3189380016083 -0.106273293518441
0.103262511567264 0.248177648101735 0.088341223947507 -0.227553547022511
0.211880740264635 0.129113794682092 -0.0247545385379811 -0.145957730310391
0.222443115298686 -0.0119987963817256 -0.0154354525265574 -0.0600404109979509
0.201121134216095 -0.0430870446128093 -0.00271929106107754 0.0102506104718337
0.19416913850044 -0.0447481558746327 0.0382330535991046 0.0791433014552325
0.238029795312136 0.0522361810736857 0.0270402289477864 0.176120581127336
0.183227501783941 0.200419443392373 -0.0546018945538983 0.243239330966528
0.0592933866458445 0.295047893067745 -0.233610167966727 0.182173625511208
-0.231668700162311 0.235898645565731 -0.267309032856827 -0.0204161862483742
-0.370076147897359 -0.0288088149922783 -0.0960271845787319 -0.174991595969586
-0.324479742350425 -0.234081392988021 0.0557530291899466 -0.0198066282524057
-0.16486734490155 -0.285952115169719 0.137597388450877 0.136266425449119
-0.321579692319697 -0.203687230091968 0.106194464888706 0.342098254813115
-0.328410107184107 0.036668903235302 0.271747212903607 0.250493685708316
-0.12706076932675 0.262502777771624 0.299983876594615 0.000855524403195294
0.0850828269726251 0.243706671867736 0.144806483378423 -0.124165836183427
0.195623997903776 0.126812518089205 0.0750226085128842 -0.101051680241021
0.210067390723099 -0.0117844569931258 0.0776589394532893 -0.0613122232439317
0.184692975692026 -0.0493569593791871 0.0736400441778168 -0.00729649950679168
0.172183287515966 -0.0519568329253549 0.113596623472292 0.0604931859826083
0.210128315258495 0.0337680367346184 0.105034398903637 0.16971123731689
0.171569018410516 0.166674542483896 0.0168056146823119 0.265098085140925
0.0624076772489422 0.263918618762008 -0.185967830688937 0.225801349827331
-0.211751417884449 0.207233551558349 -0.238649828314363 0.0343568783053912
-0.320042331840759 -0.0484459685106308 -0.0664365979679962 -0.129206852188227
-0.252732674198609 -0.225994575819851 0.127717011486255 0.0660168422395845
-0.0749856738831458 -0.228537318041558 0.198266629706642 0.2558013614097
-0.218571535974457 -0.200837734157058 0.128875638279255 0.384034617127853
-0.26277369346314 -0.00893314179847148 0.227373310928347 0.29504479142573
-0.115649373718451 0.19181901549305 0.260385491795399 0.0848307705157256
0.0600343256548704 0.184496225586059 0.181652360684152 -0.0303768022125274
0.144877731787944 0.0951292423819522 0.157821870033988 -0.0601063059334649
0.158895890736167 -0.0118817742088064 0.153633951704559 -0.0628882504198327
0.139375270440647 -0.0460722625815228 0.13550455376362 -0.0235123088574246
0.128604743628445 -0.047371112555728 0.172620723309127 0.0437117022698606
0.159406037546339 0.0180063796969436 0.164325227295005 0.160402393140863
0.138578818602357 0.123567432020623 0.0678386617885939 0.276255779589251
0.0457940796414875 0.21271950551882 -0.150366633064744 0.249152557243681
-0.185975487407315 0.149971590184231 -0.213240464476154 0.0666351964513216
-0.240665792229126 -0.0747386299273412 -0.0439587078329162 -0.0915319018261573
-0.14592781000823 -0.201797114957871 0.170955229984358 0.138818414746875
0.026711950936318 -0.125208111686041 0.232444330252375 0.329064620350177
-0.0781343029855842 -0.141209662363148 0.144830590272415 0.391323153886084
-0.138699023206511 -0.0289134573090101 0.19799506886746 0.312299270254794
-0.0603843424584666 0.0909695524873594 0.233433834360764 0.130399196015904
0.0343422834150192 0.0845002350649971 0.207311300667969 0.0208412974566191
0.0689353763711773 0.0406887229987569 0.209025527282302 -0.0439241667211069
0.0792464447897715 -0.0123838764235766 0.198188569743392 -0.0684377289653388
0.0728112900937027 -0.0339555078736358 0.174168621917399 -0.0366222512605793
0.0702163807073883 -0.0354110735000396 0.208210331330131 0.0325487285598963
0.0970293882535948 0.00242745251905137 0.20147056426638 0.155333844615532
0.0956448633269052 0.0716683810570874 0.0986483304942208 0.286138098796658
0.023437424030397 0.147298435437502 -0.13097062343087 0.264369370094217
-0.145967090477292 0.0811968281750445 -0.201507498928383 0.0831625006886459
-0.137877130677625 -0.0928206988829887 -0.0370489704398179 -0.0651508172427942
-0.0223197427131933 -0.152777527285799 0.179726937568201 0.193152203342684
-0.0720351331773185 0.0605158737006079 -0.237268677854868 -0.21339868492748
0.0543214932163776 0.0594105566501938 -0.0331925455065317 0.113905773421165
0.058857037090959 -0.0248696874358433 0.231730995569124 -0.057181411172519
-0.0223242343286792 -0.0499628581263054 0.156187600361733 -0.298426368990946
-0.0424367161033122 0.00511068250491777 -0.1130859357459 -0.335278303502871
-0.0170722843680451 0.0231341090578377 -0.26663830534513 -0.167271780371886
-0.00872271048571574 0.022686935555616 -0.257031256006483 -0.0189999074493756
0.0110344912212206 0.0225601619471616 -0.212977363858831 0.0579382686273286
0.0108247262355775 0.00877849126193568 -0.206129745943173 0.0960860627222061
0.0164176756209941 0.0099893899831279 -0.226583328752696 0.0714601958454581
0.00022770609011299 0.0255777810014545 -0.245223574015942 -0.0104951134358565
-0.00121571571474578 0.0130337914374486 -0.236500537931316 -0.12817275393297
-0.00925020070709746 0.0427003615553317 -0.191553537910647 -0.298273485217311
-0.0610107787513467 0.0642005940966403 -0.138882069096834 -0.406671384705958
-0.121272998624491 0.00126580480330477 -0.22518018037416 -0.357218154825441
-0.167310730319153 -0.0261504183151849 -0.199920407473686 -0.225497967470513
-0.0748808310094449 0.0528953237806814 -0.0204526521540762 0.125215487274614
-0.0136577985480166 0.045044669075462 0.25538868714672 -0.0424717751850899
-0.00309230989233789 0.043277275879557 0.187615907147536 -0.30213067619141
0.0157472467052935 0.0666492445314131 -0.0983762989123843 -0.346056186615206
0.0609693540046316 0.0437541159555155 -0.249830178885581 -0.176644793680286
0.0676982899712183 0.00318769429854054 -0.237861255471522 -0.0278399052215208
0.0853495479728142 0.00228047490042953 -0.194478467407072 0.0551451830649048
0.094830723007212 -0.00161080500484121 -0.178017983438059 0.105958818627194
0.1150603461542 0.054233689864628 -0.202054659181094 0.108898101777943
0.0541639236724863 0.131630215945978 -0.245382740807011 0.0482601030502881
-0.0293308956002488 0.139076750512726 -0.271581998990552 -0.0729615739929376
-0.140629216363303 0.0939022274539061 -0.227825230029881 -0.25599812470089
-0.213766320769487 -0.00222477834762826 -0.145642694854729 -0.354212899911894
-0.230446752477796 -0.110382074931772 -0.190393827070105 -0.298588607592448
-0.23440740687082 -0.12624749897733 -0.131981870966641 -0.194292469134148
-0.208857113330635 0.0152376350709902 0.00526769213575642 0.162104868537039
-0.113977806272448 0.102006699154759 0.29139534186376 0.00467568123283789
-0.00356000933277225 0.146123864736114 0.239599464560053 -0.280347103198748
0.0706212023267353 0.135720023017246 -0.0569155758737277 -0.34258084630002
0.136469213069556 0.0707529695056671 -0.204184378355648 -0.181994159643427
0.139228415768727 -0.0115182473497136 -0.187984845295578 -0.0404988695589389
0.147423537281536 -0.0194120768466621 -0.148443700125596 0.0451992872429294
0.158570220258331 -0.018426216532865 -0.119021460528501 0.106663622384811
0.194506134660927 0.0685881767242124 -0.138657064592135 0.14925664151343
0.120670702120595 0.195244807597722 -0.205978628795697 0.130532095423999
-0.00653090100436241 0.240731525280295 -0.291171031496304 0.0208330595433954
-0.216556845100903 0.17024096413026 -0.268548223856207 -0.181222933427262
-0.328450050934866 -0.0203979551665248 -0.145674846775006 -0.290629552605934
-0.313910744388526 -0.182076304736085 -0.123996170602178 -0.212311256305462
-0.262808092942073 -0.219460936520014 -0.0425741608656251 -0.115120317562313
-0.31989859377293 -0.0528167667140477 0.0425482334088495 0.219117305671085
-0.225820177680485 0.126709378321847 0.316218448401417 0.0799310193682321
-0.0315516186960038 0.238256086768254 0.290298141506686 -0.217071733101508
0.108352623880634 0.202122396343974 0.00844290912953311 -0.30549361586277
0.194855635638394 0.0990738159823037 -0.127970940982704 -0.17382446605997
0.195586188207382 -0.0200964418760065 -0.111275914385498 -0.053067802298668
0.187995354328751 -0.0393008590971701 -0.0802491404311428 0.0297200316594691
0.191180941973971 -0.0383043242839903 -0.0413713401252627 0.097132356315576
0.238693596249588 0.0603068859413889 -0.0522193317966231 0.174081514384325
0.175153357651951 0.21032064052677 -0.130792226260689 0.203253489553862
0.0413259968176247 0.291489235481367 -0.273044506398393 0.120981060816819
-0.235109921777973 0.232878214778716 -0.284072758974207 -0.0905151029714222
-0.38274159964754 -0.0131746157308783 -0.131303997392034 -0.227460021252297
-0.351273783414651 -0.216065026300312 -0.0379813003240818 -0.116311090345825
-0.241158686818666 -0.279383243167 0.0549413022723585 0.00200801532446954
-0.368361844577466 -0.135453076796498 0.0829130768548859 0.284235061442828
-0.313589548152599 0.104312050007471 0.31292923761383 0.167825108928874
-0.0814117939419809 0.286769793934363 0.31582164050091 -0.1173584110304
0.115102718272735 0.2460846615527 0.0817181184519028 -0.228232902297629
0.22013361893154 0.120955886894252 -0.0283172685201442 -0.147278978886573
0.222524473320269 -0.0225704495428709 -0.0179756763188057 -0.0625175448852118
0.201033525387125 -0.0531704262127742 -0.00184872426511323 0.0109897926393516
0.194037155789785 -0.0534466268571493 0.0412097598562157 0.0786374682483889
0.24275717472738 0.0417684075729303 0.0367682016405428 0.17741575312501
0.194939076699374 0.194118591059916 -0.0449618036398202 0.247017305488351
0.073397655989738 0.292587898943209 -0.226775137618423 0.195278958795212
-0.224674079918911 0.248599612890267 -0.268695332151324 -0.0120074572073138
-0.376866233393918 -0.015118439228127 -0.103269256486648 -0.172368055517098
-0.333566529204777 -0.225612887975437 0.0524930370227164 -0.0236777032664735
-0.17646600554144 -0.284003942849286 0.14299742689276 0.136166747607106
-0.333543531299652 -0.191818628816101 0.118097437642727 0.343787726711024
-0.331029348651079 0.0494102597361604 0.281506688876258 0.243633848038903
-0.117473849656799 0.269793203095347 0.30096058462108 -0.00794730793653689
0.0961311157476153 0.242170997578091 0.14260648192288 -0.126285028780716
0.202807173044545 0.119361706139615 0.0743555004724695 -0.106410713165538
0.210398596850596 -0.0213257781183942 0.0757972744246034 -0.068157656695715
0.183992392769898 -0.0588534835759199 0.0745660666763618 -0.00973894442601092
0.170463384112033 -0.0590677247141458 0.116571544566518 0.0561206666402486
0.212594471683554 0.0255517381183141 0.114720259342336 0.16782597838694
0.18143806217694 0.160067440067017 0.0287924749969354 0.266495977510397
0.0744056144164338 0.260650433771879 -0.176672704827176 0.237232332459956
-0.204562864159341 0.217966418009696 -0.23816017136318 0.0426757999358497
-0.325282061744691 -0.0356066097124 -0.0725460433645741 -0.127982019590603
-0.261666831235825 -0.219684977531953 0.128666894817971 0.0590435434593837
-0.0840603854677253 -0.228925574627217 0.207842214235581 0.253309563870952
-0.228622728960631 -0.192793735333577 0.142919968122093 0.383563930258473
-0.266591009878757 0.00177067471493157 0.238046760518685 0.290174746010149
-0.109267675594202 0.197818184408728 0.263720953015012 0.0780348137329388
0.0684356119281401 0.183133075639206 0.183661649170212 -0.0331522757009525
0.149676892251341 0.0899807282033552 0.158562034882579 -0.0691383203121462
0.159251043130658 -0.0186735713158842 0.152080055218038 -0.0733446506899359
0.138231426183986 -0.0531502132828747 0.136541241436004 -0.0293599853964462
0.126877551995573 -0.0528814881291701 0.175522292770544 0.0366986138068221
0.161534902936178 0.0118446607970667 0.172979529572532 0.155738568232367
0.145201927897505 0.11730747211178 0.0804746136778346 0.275355703116646
0.0548403244469079 0.210215099310013 -0.139868729542614 0.258387069916611
-0.180315412782749 0.159331554463001 -0.21062145185956 0.0745589311168895
-0.245674544898425 -0.0663603601111451 -0.048993915242848 -0.0906474225539138
-0.154276702286426 -0.198771213692844 0.175077942767021 0.130730049459986
0.0221231744872642 -0.127876597315229 0.245027656092559 0.327255014786633
-0.084098074783572 -0.138868180604032 0.159306725402272 0.390149247207109
-0.140654835794391 -0.0221865915767302 0.210622179872006 0.308150473025187
-0.0573017027739873 0.0938592932969715 0.237535049815043 0.125392001213251
0.0378382520570512 0.0827074029501669 0.210731296266515 0.0157691142554158
0.0704035389471197 0.0384362285228589 0.210221023848817 -0.0558871770308955
0.0789722434065605 -0.0156851866892086 0.196939884240794 -0.0812593205225323
0.0711276737058807 -0.0377273932681594 0.174665976417904 -0.0443411897219505
0.0688634990768917 -0.0378762469835128 0.211790736375034 0.0238817678628683
0.0974338893305306 -0.00129977809342163 0.209546349683315 0.148373241944814
0.098971475420309 0.0677529259824963 0.111049468142554 0.284373557413336
0.0291419299556104 0.145198779355674 -0.119472697380624 0.272477379988632
-0.143100272850068 0.0874277423642907 -0.198347811223754 0.0908691886196497
-0.142302537898538 -0.0890734882588512 -0.0410409689777425 -0.0649645348640603
-0.0288709014033386 -0.154174647613834 0.186603168392483 0.184769185049252
-0.0718973563085753 0.0650586998323977 -0.252835368892365 -0.209272491089101
0.0581738932377881 0.057673971619851 -0.029363758671598 0.122194724627409
0.0596265543295598 -0.028432466257628 0.235489391394109 -0.0663993251033737
-0.0245520122051869 -0.050170420930887 0.147251315922875 -0.311530996740357
-0.0424761749630878 0.00646365264194552 -0.1287232411543 -0.341080273051837
-0.0151013124405269 0.0237156632613801 -0.278991704805841 -0.1602407547389
-0.0065437179413779 0.0229967217342202 -0.26221105641441 -0.00658738391887072
0.0136959702459395 0.0214628839057039 -0.215846505635842 0.0699707274540453
0.0130103231087833 0.00839680353725691 -0.206729761599295 0.109169772420786
0.0181618574570047 0.00998943651188947 -0.229992520502486 0.0830151422335662
0.00199672195584001 0.0266141418707386 -0.253492729961129 -0.0020346136099546
-0.00122996906436233 0.0137630879629947 -0.245275837382029 -0.124214435924749
-0.00832439114908125 0.0453349596836795 -0.206296877726507 -0.302083421158096
-0.058862367069607 0.0668159932365849 -0.155341249569673 -0.412621077856057
-0.123212955709553 0.00243350244715214 -0.241435014753937 -0.357283689868232
-0.172344629236002 -0.021635777749975 -0.21424843713946 -0.223089035999799
-0.0745670107184467 0.0562477264106237 -0.0156688079066399 0.132903877096069
-0.0123326170332257 0.0457177837773063 0.259886807637708 -0.0514554954946677
-0.00137574553824291 0.0434558083034361 0.179253693140627 -0.316686716688009
0.0206247094571088 0.0672672057867833 -0.114189612525394 -0.351649346508712
0.0657698996097145 0.0417402332818182 -0.262981869158831 -0.170377349724624
0.0702859084933782 -0.000153254884350971 -0.244308060145987 -0.0170959752720365
0.0888702922957154 -0.00252142779080072 -0.196403966117178 0.0664155779577036
0.0983360870833379 -0.00594677824730295 -0.178092377867526 0.117233870400534
0.120915059311738 0.0505393036050936 -0.202179252786504 0.121291817250399
0.0629742949237385 0.13309003660565 -0.251435884856913 0.0590739666739079
-0.0240371931260722 0.144508994152285 -0.27913136811367 -0.0653187860192232
-0.141393110285027 0.102610738639191 -0.241884909926476 -0.25725863247896
-0.218408235304539 0.00474823462925182 -0.162939295299678 -0.357167659128331
-0.238451166397774 -0.108574372069791 -0.20596469571606 -0.299449683395991
-0.245102552729645 -0.122585317389479 -0.142975354452377 -0.192952660681556
-0.213241214138895 0.0230625355218255 0.011946271708421 0.170042420150646
-0.113363184998852 0.107776928877052 0.296729731477058 -0.00398223131001563
0.00244751642106942 0.14873096798634 0.234680540088203 -0.295119435927875
0.0794793812338945 0.135888987292848 -0.0699429283179832 -0.347907894487629
0.144172001401874 0.0661131306345946 -0.215838001852504 -0.178804395913515
0.142760039795961 -0.0179233395172618 -0.193798754337856 -0.0337046153683515
0.151427441411704 -0.0275788913233675 -0.149365612529929 0.0543139819111267
0.162092641098084 -0.0261092003422851 -0.117393047536533 0.115911081617895
0.203570463796552 0.0617600999125114 -0.135095476761605 0.160303245419976
0.134535146876658 0.194678527687563 -0.207037055027254 0.142797002322117
0.00412152274616997 0.246681210214631 -0.296004654521371 0.0330384687465048
-0.215856991344852 0.184240529076347 -0.282312252285036 -0.178661817047436
-0.338352086039225 -0.00952782281495281 -0.160501909564308 -0.292771122071447
-0.326397171916195 -0.179165970576403 -0.13710427644607 -0.213840392077866
-0.277028935203649 -0.218423444530344 -0.0480012809395126 -0.114355739139134
-0.329939460512171 -0.0423404309684064 0.0517832862224861 0.226965038141046
-0.228337888059104 0.137292003373669 0.32434898056355 0.0728161911092342
-0.0231242972169645 0.244606748226423 0.289824548011036 -0.23252624297417
0.120058141870366 0.202909833431964 -0.00130069490320726 -0.31131307181795
0.204934006610656 0.0930659146868653 -0.136137781760552 -0.173077711978148
0.199444609218112 -0.0296807698637928 -0.116130929195397 -0.0507708082014511
0.191551351864697 -0.0490954610057718 -0.0802718711879881 0.0346814208811871
0.194297647444359 -0.0473213323256097 -0.0387014657122941 0.102548472083819
0.248006612275471 0.0509211673516666 -0.0447811147807834 0.182288111069184
0.191061272898277 0.208120634481342 -0.126508998111743 0.214574024147943
0.0549825171526522 0.296702107783355 -0.273094549733908 0.136237464236926
-0.232458988375004 0.249148189873024 -0.293710821958417 -0.0840063614686544
-0.394382004183981 0.000193328226641316 -0.14349759644223 -0.228790871111884
-0.365397153181654 -0.21248203248433 -0.0462391853641831 -0.11889304585314
-0.256479127235764 -0.280852746576641 0.056127763376421 0.00263102915894878
-0.381866703472557 -0.123504715762012 0.0953723260677663 0.292247758685215
-0.317771985528453 0.118002877923963 0.324660993980389 0.163293941782909
-0.0720453783928544 0.296277394975457 0.318429389876507 -0.129367463678172
0.128302437041904 0.24787719963528 0.0775884520497991 -0.233819786260924
0.232012462116842 0.114286399112218 -0.0331932671673633 -0.15110760462459
0.226728108709073 -0.0328464184549282 -0.0212273706662309 -0.0659369724960235
0.203980481393182 -0.0643827015913265 -0.000604104757661788 0.0117770751592866
0.196351967714595 -0.0632448508377563 0.0455666708620395 0.0795260860585748
0.249994937788963 0.0328080262242042 0.047384645584582 0.182415566345206
0.210985413867385 0.189669480594673 -0.035763596212852 0.255602336105266
0.0876189117531543 0.295477291057009 -0.221884492333937 0.210546988227206
-0.220528245465463 0.264210552788884 -0.274355156185421 -0.00385157676929588
-0.388132259958507 -0.00124120880097974 -0.112046544185743 -0.172694078252352
-0.347902963558022 -0.221631738891498 0.0506138478164604 -0.027594560383575
-0.191616148801443 -0.287504506615677 0.151649035299944 0.13650638831911
-0.350561516846517 -0.183183047605888 0.134178886855002 0.351475030117642
-0.338715638815081 0.0635705164901696 0.294350241110252 0.240943371000943
-0.109513242625101 0.28071301088061 0.306122598521952 -0.0166339863770326
0.10947853253135 0.244331774023296 0.144252965154964 -0.130752665852649
0.213495185969404 0.114461028952174 0.0732855153407638 -0.114496164087606
0.214168588883716 -0.0308920538353948 0.0745680504800545 -0.0768479040984229
0.185242407293963 -0.0690767211931221 0.0772021973236971 -0.0137307609558623
0.171644502055154 -0.0677297303516612 0.121546648854637 0.0530616210481104
0.218835049743689 0.0172337939532334 0.125980086913059 0.168356290061288
0.194317808935438 0.155793932729137 0.0409714571783009 0.27171928999908
0.0866354121205004 0.261747696926571 -0.169653633576847 0.251796438161149
-0.200680036030316 0.231974624053375 -0.240441861733964 0.0515900458825304
-0.335353069666892 -0.0250622371008081 -0.0792998939212485 -0.128013389745041
-0.274944734565495 -0.217556718261527 0.130954191038631 0.0539008340854281
-0.0947223214556017 -0.233506711081753 0.222578513889769 0.255410492195632
-0.24214445547073 -0.188689019483818 0.159340462263736 0.391557792356677
-0.273251748639657 0.0131737160070391 0.253321984987446 0.291056363780034
-0.103705371554888 0.207048596978278 0.271360646054876 0.0733648482556984
0.0774758713669303 0.184718596632705 0.188691052782354 -0.0374883106567237
0.157147353258525 0.0867779934853827 0.161170916168533 -0.0798838686112911
0.161638723210835 -0.0259075603326364 0.152093740754941 -0.0854452918101197
0.138194153452063 -0.0612278427057613 0.139873193796104 -0.0359781443770818
0.127217614195308 -0.0594209076328295 0.180755512416508 0.0299017580413997
0.165552797141413 0.00613240012892534 0.18471767802604 0.152129778643283
0.153753930303154 0.113548562634304 0.0945650279052223 0.278658133199921
0.0643806577797184 0.210157649072171 -0.131116631792632 0.272258113164731
-0.177988944300486 0.170094210229743 -0.21174137626734 0.0829412792464552
-0.254294075424526 -0.0594176136862511 -0.0540852163786951 -0.0916412869545596
-0.164842239226191 -0.199123070366424 0.18111917869591 0.125257986809531
0.0175933666554568 -0.132546522921981 0.26322683154865 0.328567396125767
-0.091859435084728 -0.138169466658281 0.176256047328096 0.394928479685881
-0.144596392266939 -0.0154818108738098 0.225954174308538 0.308700614238427
-0.0552479591171699 0.0986554444861497 0.245779785287679 0.122838951582821
0.0420538777891234 0.0830508291715081 0.218041571250955 0.0116568469663639
0.0737043721626169 0.0374221143215002 0.213969141472549 -0.0680381819236159
0.079537290873186 -0.0190217276390591 0.197496227380608 -0.0945234342692251
0.0708685683662108 -0.0422544244253283 0.177309001594538 -0.0533300784405514
0.0687825604894787 -0.0409794261677344 0.2171303777329 0.0155919738248665
0.0996458895996762 -0.00478347612289519 0.221386379072328 0.143221510093775
0.102452071175303 0.0643732214222436 0.125836453632139 0.286919647975248
0.035008016212947 0.145202222131365 -0.109892296684601 0.284490761711347
-0.142028228501634 0.0955760898026171 -0.198910529105599 0.0991729247482626
-0.14907031425166 -0.0867256578036161 -0.0454336463676072 -0.0658071890818489
-0.0361065394766792 -0.156667802091819 0.196400947990742 0.180062214320502
-0.0208419101002557 0.0982487046346042 -0.333534010657905 0.00596782570612068
0.0813058174588051 0.00879414990079847 0.0638128099031323 0.118192793234415
0.03077705027452 -0.0621818794758588 0.147007871346862 -0.208335131076989
-0.0515499425453601 -0.0256056165798378 -0.09089737102942 -0.348760686833035
-0.0297756749269963 0.032318695899728 -0.32850103295531 -0.184875653099328
0.00416585497583054 0.02889045808907 -0.327043842542679 0.0584213463353189
0.0115772830755339 0.0224588536916104 -0.212744412167388 0.171367569079915
0.0258312340818053 0.0069275414121578 -0.124475273692339 0.198998673269014
0.0166476845137221 -0.0011264969196077 -0.0897183804222355 0.226727363638623
0.0223265657850764 -0.00287984574317195 -0.129715457094033 0.222005247949835
0.0197577299761642 0.0224944612457305 -0.204040214155234 0.167671151032952
0.00628856259072991 0.0153568655084379 -0.279569095099498 0.059576429589785
0.018403813920987 0.0442198455091765 -0.369442704708192 -0.10447256542951
-0.00902806046902388 0.0901157783658652 -0.408829946469012 -0.223397443313499
-0.105838847328669 0.0809607084533174 -0.437984979265204 -0.129979085442425
-0.157767229175744 0.087399386027499 -0.316946683764819 -0.0224527837289443
-0.0239915479210885 0.0898775008420876 0.0775915363278094 0.122960574439221
0.0190515595809903 0.0421973585984268 0.178112865762345 -0.206479825683101
0.0238312946050935 0.0331811817906476 -0.0628304949962962 -0.372285923315834
0.058834349521462 0.0410349408057818 -0.319969993134081 -0.204828340462987
0.0792731216081759 -0.00948836098684167 -0.318195726320632 0.0389498423862017
0.0563117239397327 -0.0449845238699098 -0.205690619150865 0.149037303310223
0.0692318758071129 -0.0627555181366541 -0.111398669498384 0.18398048036522
0.075818456779054 -0.0704966902074512 -0.0611010450667185 0.215209610492615
0.132999293453286 -0.0407001187322745 -0.0815368262329642 0.233892769361218
0.1426064631809 0.0667715080147676 -0.161118525439036 0.213028256955516
0.0742229383595415 0.137881226402991 -0.267035135570844 0.129929940351086
-0.0531516022465298 0.184541503607161 -0.366200909782428 -0.0455610503376689
-0.182557361778949 0.150844689530097 -0.375593886009828 -0.181121046388484
-0.278183227414644 0.0671491044747994 -0.362574653983619 -0.110801116687382
-0.280255213975215 0.0473407873892693 -0.244684497322867 -0.0398266684490193
-0.154182707564761 0.149154986334157 0.119086434779759 0.137971925720172
-0.0233422141612435 0.155764983201921 0.238936835738415 -0.185357001300785
0.0912190750607415 0.113596018891205 0.00108235569968644 -0.389128591160065
0.149238519171619 0.0584459494211665 -0.279499250511475 -0.230269066699308
0.157277092090965 -0.0403995799739831 -0.283516271687283 0.000604839933343245
0.101566872174034 -0.10633003759484 -0.176476212574924 0.100457775118184
0.10251714925364 -0.1240004116311 -0.0822654237303499 0.142863340203753
0.113649585191183 -0.129469967274086 -0.014058961757126 0.174446641796824
0.207372939787611 -0.0872461046206282 -0.000591540598482436 0.220705447187392
0.243097794669901 0.0680463978602523 -0.0698235132814197 0.249950579809929
0.166696093380151 0.202812258603166 -0.213730674217333 0.220628398896762
-0.0584403565836348 0.305906640988167 -0.343926169059511 0.0430653561443169
-0.28971762897054 0.222785448808062 -0.330032200341126 -0.133244005724492
-0.397363735482973 0.0701990646003101 -0.243702106124565 -0.0890356616292194
-0.365315946714036 -0.0124096155443687 -0.124278536278034 -0.0356703070990584
-0.285798849421536 0.170323730843989 0.182691607069952 0.159592717180838
-0.0965277776709487 0.25224115532258 0.309719638762027 -0.135225081011268
0.13008447882177 0.205757010995614 0.0896460782767657 -0.369482097345007
0.223492117070018 0.0862117462362775 -0.19709749317958 -0.246910665237975
0.223063455968744 -0.0582785074192402 -0.215219758210413 -0.0493671129135662
0.137818373261117 -0.152575454673957 -0.126722981247643 0.0324846704711809
0.119677341834744 -0.168061631404266 -0.0398484595865239 0.0815117958370247
0.126002267336707 -0.1689439631984 0.0394344065797271 0.110977508634791
0.235841874540003 -0.125931220855371 0.0871028160016504 0.177480878629788
0.29867031298601 0.0396001498921069 0.0419363059932126 0.252343508739669
0.242027801480759 0.208638084442938 -0.126974252242169 0.288373415269888
-0.0262923108648561 0.372391901171595 -0.289990759541293 0.12515842633963
-0.32823690974467 0.270687694973263 -0.273000332395891 -0.0958133029629141
-0.45185627098152 0.0711349441087196 -0.102914845516275 -0.0752010113471648
-0.386704851740955 -0.0764406588481375 0.031677743271575 -0.011217982069433
-0.378145995536358 0.138656672344953 0.255301040284308 0.182351667025811
-0.179642156128836 0.294331703771096 0.365500846215919 -0.0586179813745822
0.124664018627639 0.277205565672424 0.18270452340527 -0.301905439308989
0.259093940190761 0.115998571800051 -0.0821498345458094 -0.235955270299111
0.257459638281878 -0.0581745337233053 -0.117976772908938 -0.100049978386782
0.156117169070215 -0.173009523777925 -0.061934132284616 -0.0441457057799027
0.120265683773065 -0.188236822492833 0.00769831121607844 0.00962766837298724
0.117139127129733 -0.182382853671081 0.0901960112422208 0.036651760552549
0.224811248214386 -0.142949629728708 0.161391873630817 0.116212053847241
0.302031077797923 0.0112505487393097 0.141284798550699 0.223990700704999
0.268719500505284 0.185916278341537 -0.0366310719185377 0.314380383433872
-0.0032996820438478 0.376303389408739 -0.219332342603089 0.176752718251716
-0.32278058626395 0.265285145954885 -0.210128972137391 -0.0732944331160163
-0.440433434810281 0.0531721494695156 0.0373125255925806 -0.0668011518963
-0.334826426874876 -0.121206230882659 0.195024765107999 0.0288624199192432
-0.387582430888175 0.0713876548345829 0.323555331122055 0.201113770443366
-0.229407237364868 0.263913478255242 0.388684896395926 0.022909648194886
0.0858369471696261 0.288677257922602 0.245726320677333 -0.200828093270735
0.240559631793031 0.12499925610754 0.0386129182841981 -0.196770158890656
0.243277708869358 -0.0472517859794379 -0.0104293217117609 -0.141243539485335
0.146637054456999 -0.163208624700018 0.00720650389827235 -0.117160556840406
0.101312198477053 -0.179056832577116 0.0525271273745488 -0.061950139080571
0.0946834655290754 -0.169038048262429 0.132942623932913 -0.0362746232997674
0.18901329533597 -0.133609949095199 0.21462131517316 0.0515507159424194
0.265022791466567 -0.00508133617543198 0.213679310852599 0.185441430872194
0.244804881825871 0.157890772047941 0.0338994696367014 0.312083353262407
-0.0079511186001969 0.335510569406178 -0.155808470873622 0.19786256140597
-0.294830768472871 0.209321266179762 -0.151911988187257 -0.059375389275087
-0.375532219217617 0.00863702582534161 0.156066653173433 -0.0528316969432823
-0.22117948749498 -0.134802942529412 0.331972167587284 0.0702018371017831
-0.305398253288985 8.66463929453763E-05 0.370790628685812 0.210650530806548
-0.207279699989662 0.183077917948246 0.386939284041917 0.0852607022736338
0.0464381593869992 0.22697595639795 0.273935039013532 -0.106084831926148
0.177953498059661 0.0971753466462602 0.133101624601685 -0.151551800765203
0.180387227857321 -0.0327631973765564 0.0800294686334635 -0.171520550799653
0.109051990612861 -0.12544333139087 0.0625495145459152 -0.175506795143982
0.0695974883002163 -0.141281947491145 0.0863675140618286 -0.121837034139543
0.0642753777357153 -0.133092252929766 0.164877049649398 -0.0945890647018358
0.13856804328624 -0.107006675481974 0.250859270814041 -0.000225478570925428
0.203446787041615 -0.0105774324424704 0.260102793958815 0.15570701089561
0.192949833631362 0.130467872311477 0.0778484504188926 0.302487205952279
-0.0305574552688475 0.267643714976907 -0.111038915050851 0.203861844816773
-0.251587832442574 0.125395425289393 -0.105967447839073 -0.0445629920456081
-0.271643136211703 -0.0501721677558088 0.242086775159277 -0.0261723056803635
-0.0653885316206592 -0.119472730664337 0.41762213196344 0.0929344499818576
-0.154760873759403 -0.0527946766273009 0.39159288536707 0.19874173048438
-0.121443668439519 0.079281037077237 0.378031325700357 0.110090940853287
0.0189493620793944 0.110499673451062 0.282591898208065 -0.0536659407604218
0.0851545419582085 0.038473604468874 0.186410433560984 -0.131776589960325
0.0820875749137817 -0.0172620885676077 0.126322090120614 -0.196976131145333
0.0489018573630821 -0.0669502641685583 0.0916364193957853 -0.211624019898371
0.0282757603745896 -0.0809057370275884 0.105955016960709 -0.160524962375658
0.0295292954360276 -0.0790486902326713 0.184397676886708 -0.13201835040588
0.0782182155982269 -0.0716314169914849 0.273404275420769 -0.0318178181104991
0.127917791916826 -0.0158906949908895 0.289849023126059 0.141132863832259
0.12626373454338 0.0970026795169801 0.102821580167261 0.299098119792559
-0.0528352129275251 0.179983288681387 -0.0902845278707237 0.209720636726722
-0.183049668773526 0.0305840825282751 -0.080658098351158 -0.0264660339212197
-0.135644666027507 -0.102199963658705 0.287565240204446 0.0120724826451006
-0.0137494838931844 0.103418313358108 -0.346501569101924 0.0336301421869549
0.0846498485723799 0.00196064050623851 0.079783341536725 0.120534044661459
0.0265573938778772 -0.0668058553595714 0.137426946554106 -0.226547434868217
-0.0554217103183747 -0.0222982820485766 -0.122458591672378 -0.353812199076868
-0.0280961067304162 0.0350367224865731 -0.359531934958046 -0.166435704474579
0.00711983727565001 0.0284991945805615 -0.334740131129125 0.0878705903963612
0.0146576191270145 0.0215838357260631 -0.204283973599332 0.194909046043756
0.0269791444534211 0.00322816648302371 -0.111654021846613 0.217146160891047
0.0183310481356516 -0.00397707204843936 -0.0724446757423872 0.243620339382526
0.0239773868722379 -0.00531793734091678 -0.115860168054354 0.243683618383384
0.024172293016544 0.0218498944551838 -0.200965702833652 0.191255169272687
0.00771414227734896 0.0169432298268715 -0.287023123487238 0.0799929884163088
0.0228145604960731 0.0447603274420096 -0.394686214842838 -0.0828706125561423
-0.00332256562267546 0.0920777271923069 -0.44179812521936 -0.200826241645446
-0.107243584323413 0.090153593330388 -0.464532369186443 -0.105888627280015
-0.158197981553823 0.102004077069016 -0.331159991463936 0.00263674868845319
-0.0180775481916057 0.0941984119457723 0.0946157754897273 0.124268704392559
0.0219802107219485 0.0425149961265987 0.170022027463274 -0.225875111227542
0.0272773563318209 0.0324438366699765 -0.0943226779495135 -0.381343707633975
0.064977195520892 0.0365241874670845 -0.35041902922608 -0.186812259557779
0.0816636069505897 -0.0175183146498368 -0.3274299750158 0.0657569939902277
0.0552369695087926 -0.0523977947447165 -0.199348854928407 0.171056277873588
0.0666539799133886 -0.0730330336881251 -0.0985755020188523 0.201230662008487
0.072727326315548 -0.080853772821853 -0.0436943339074109 0.229370052386725
0.13609390568936 -0.0543429799825143 -0.0644717731872304 0.251658152058987
0.155505001832271 0.0570568735541497 -0.151232067541831 0.236936806371911
0.0886457038092445 0.138429536972738 -0.267072677179706 0.153008812281275
-0.0404863214123752 0.196675754804448 -0.38761440118623 -0.0218256155620225
-0.179451746332488 0.1698304887662 -0.403251560690607 -0.158897138166734
-0.28715897097159 0.087881435348871 -0.383893961951851 -0.0871685159140271
-0.289016792737654 0.0688906509037899 -0.257977154014072 -0.0208944681998385
-0.148633064808528 0.167032797839874 0.138335062922648 0.136558715552529
-0.0132346236649825 0.163936021890858 0.234420347097789 -0.207926522573895
0.103083560565753 0.110994288569776 -0.0296346265074635 -0.402600998911533
0.160604821431099 0.0472630856853521 -0.308786770605153 -0.217897857883492
0.160266389958425 -0.0564876499892198 -0.294357020036599 0.0222030538601283
0.0959259875379744 -0.119037063459266 -0.175335190092626 0.118837042592652
0.0960012816965757 -0.138911724335946 -0.0719852622867377 0.15569931996176
0.106920878957734 -0.144734929744375 0.00205373351102431 0.183951291321658
0.209210604937158 -0.108919492803639 0.0198244795921635 0.230620725981046
0.260059556279071 0.0489095852969412 -0.0529782064572799 0.267258556743544
0.189181506038478 0.197219509038059 -0.203502691612734 0.244369345376528
-0.0367786685195363 0.323558963804765 -0.356102457187349 0.0691764606935012
-0.285241972664502 0.254680512809718 -0.353226948703692 -0.113005849655303
-0.411654006876292 0.0987412443811726 -0.260790143955235 -0.0734621388765993
-0.382633391928374 0.0135069416628577 -0.130154721902742 -0.0261727504331724
-0.28411714872928 0.199655245739311 0.205552542609532 0.153655885130144
-0.0822033210490995 0.270757110056654 0.312405100895317 -0.160157119200793
0.151172876238212 0.203890266223663 0.0656021723380712 -0.390065413469443
0.24083708804584 0.0702580125517361 -0.22332686231115 -0.240723365544471
0.227146935666373 -0.080702406883753 -0.227863636873361 -0.0352273103775172
0.130010420093322 -0.169587541225283 -0.13120529701236 0.0437559306747839
0.109410339335567 -0.185472400232459 -0.0335041954592491 0.0879762110667999
0.115478385274361 -0.185888495462391 0.0524069050852525 0.114029115261905
0.23541188429508 -0.152401206125783 0.107613974626783 0.177031653779147
0.314975000401857 0.0148880834871884 0.0637965536356823 0.260572248121344
0.268529809932446 0.196247885108685 -0.107201416417511 0.308210145331835
0.00314796328310069 0.390115686223155 -0.293155333053572 0.151337882423071
-0.321228200297723 0.309222405375667 -0.290482282011156 -0.0794294711705713
-0.46720286249257 0.104147403493345 -0.114097485568359 -0.0691420195017485
-0.410578015810483 -0.0515215527302015 0.033933210187066 -0.0124752250400448
-0.381736576032849 0.17408992059526 0.282627695863623 0.170766056605955
-0.164664272483846 0.32180851429621 0.375988405850703 -0.0839373377011315
0.151389018206211 0.278774395489803 0.167072940719973 -0.326892010505635
0.279745144301997 0.0987801956911104 -0.100851565632348 -0.238871520335398
0.263715793651609 -0.0830304846007251 -0.131093513661061 -0.0965836220796524
0.146412278806286 -0.192739889319048 -0.0709038515123434 -0.0417051192625413
0.10764937137036 -0.206048420913314 0.00993517633362366 0.00864930864574624
0.105651378831269 -0.198425812459544 0.0986036900435383 0.0318375135283097
0.222588967862788 -0.168227407906283 0.179984394738352 0.105999859315396
0.315531425439363 -0.014811649427884 0.165151318985809 0.222954616261572
0.292737068304082 0.170994940004041 -0.0100534492672999 0.329049857032868
0.0276814096723747 0.392025824947849 -0.215440593455856 0.198590463585926
-0.31594123900458 0.30297611305285 -0.224440117196128 -0.0609638550849339
-0.456109977923003 0.0856742689174611 0.031106741106821 -0.0709630093356121
-0.360954974790902 -0.10167368115802 0.207736701140659 0.0171625589788872
-0.396693800076266 0.105046665012325 0.353512626370618 0.185002349014007
-0.217959634276734 0.294305695423304 0.40627392911489 -0.00265128435176206
0.112635913416862 0.29382264169448 0.241299072440741 -0.225046494378496
0.261112114690941 0.109415668589251 0.0280587521887497 -0.206982536488454
0.250493991171336 -0.0698497353256769 -0.0225814594350228 -0.148105320713201
0.137968324408292 -0.180999528455105 -0.00644121208261233 -0.123158696133458
0.0894956042431531 -0.19429360553649 0.0493331524031409 -0.0699059143225134
0.0830221527357986 -0.182605290137919 0.136186503158508 -0.0474709232831438
0.18548089873142 -0.155079992921076 0.229543225107547 0.0351325387874807
0.274663851589377 -0.0275892902079838 0.237242704256523 0.17620321112118
0.266378794477673 0.143042697332856 0.0627228582349434 0.321509594224815
0.0192710621328026 0.348841173117601 -0.147127138381524 0.215237646419963
-0.290307713112849 0.241265993123171 -0.162580160357085 -0.0500403744951022
-0.390872068065247 0.0348621428620148 0.154425252517121 -0.0656579502928009
-0.242368567832727 -0.123827540428836 0.353134956388654 0.0496762905417102
-0.317112404708379 0.0246003570316409 0.403193891758142 0.19104824159046
-0.200355094051688 0.20730618028828 0.409290879123577 0.062283910231124
0.0670475853285778 0.231923632580764 0.277531256917985 -0.127783666286502
0.193384220159572 0.0854944660586217 0.131008593633361 -0.166782769807205
0.186074498204251 -0.0490254768324976 0.0683301734219699 -0.186786774208521
0.102062333729489 -0.138940076287356 0.0464059009528898 -0.188132325695687
0.0593344205345499 -0.152158124496459 0.0796239071697517 -0.134275524584384
0.0557515922665331 -0.142211425427343 0.16401942832191 -0.111568502355347
0.135194510642129 -0.123053132433464 0.262284884580222 -0.0219395579302879
0.209666783974936 -0.0277898457891644 0.282860141091565 0.141585387926159
0.208885900164598 0.119255004249135 0.106618073388 0.307773131984394
-0.00983123283882763 0.279517551141475 -0.100101621013921 0.218820505950828
-0.252526009384788 0.149827788950217 -0.113792197509342 -0.0387910862276872
-0.28626669085871 -0.0323018202516434 0.246116276417239 -0.0448935997328075
-0.0787811960367905 -0.118542497117425 0.444177009876749 0.0668456163451091
-0.164843498133673 -0.042330880059539 0.422438380219791 0.176300154961621
-0.118009071011333 0.0923629662667525 0.402014739709923 0.0870494841007136
0.0296436685737314 0.113204156473599 0.291324680283638 -0.0740581674006009
0.0914705282908213 0.0322041713042843 0.186631887637314 -0.150486981123838
0.0847869951413453 -0.0243588134042874 0.114293533840916 -0.216036566250548
0.0453274499966929 -0.0727711308402258 0.0740724044211258 -0.22790205698063
0.021773802413426 -0.0862819628350038 0.095665947627249 -0.176108676373988
0.024501627743105 -0.0837639462235678 0.180545898506488 -0.151668565973908
0.075388448131009 -0.0806610305061377 0.281862215455924 -0.0552046356358125
0.130793910972134 -0.0263186500282462 0.313142451982529 0.123567809935822
0.137220941192033 0.0902817703870676 0.131069699955554 0.301293872205174
-0.0395455947626897 0.190709023294032 -0.077836591078174 0.223454488754032
-0.188930316290663 0.0460509871392111 -0.0868582643773936 -0.0217813241403604
-0.148555699901366 -0.0958814396872755 0.29561942948479 -0.00968140233228101
-0.0034064563416866 0.106026983295872 -0.348274317176626 0.0708873179225689
0.0849344247752037 -0.00741443396362938 0.0977244499127505 0.11549275368866
0.0203539730253983 -0.0704473182704326 0.118901073349833 -0.243146879080662
-0.0589598895372743 -0.0169327059595942 -0.159477634085682 -0.346399261563531
-0.0251950732020527 0.0383363315329879 -0.384668941162624 -0.131743235399531
0.00962296897206495 0.0272421342308411 -0.330832274006364 0.123593207146703
0.0175773731573296 0.0193248106242132 -0.185773221972226 0.218204960001975
0.0275665629480978 -0.00132151423595867 -0.0898505499628692 0.232308594460141
0.0184654178854143 -0.00696875195466406 -0.0458661796163655 0.255152543998373
0.0241381691477726 -0.00862767111141865 -0.0923493977060257 0.261335466223856
0.0277764932594243 0.019535392205503 -0.185958674390014 0.215718720605615
0.010070264510558 0.0173070163920065 -0.286874976200652 0.104781047542829
0.0281955815003125 0.0435595151362482 -0.413563774763465 -0.048045237430802
0.00421989360734723 0.0916652925823437 -0.466612689333048 -0.162456877926946
-0.102917117654511 0.10111191242968 -0.48127494720182 -0.0645050103124317
-0.151673559572252 0.118657479235068 -0.334711899534427 0.0371340811023597
-0.0104610106446145 0.0969892487002801 0.113164021280808 0.118498478032128
0.0261818240675517 0.0416012196035092 0.151864872999276 -0.243578226889132
0.0306251830771703 0.0307728257280758 -0.13333696997398 -0.377250915310062
0.0697973249261229 0.0293871650139728 -0.376420469593517 -0.15553714143433
0.081304262557916 -0.0277445113145045 -0.325531179121824 0.0997668892054999
0.0505522731070831 -0.0597010064873868 -0.184082977409478 0.194019588501067
0.0595817780739364 -0.0828635769754074 -0.0780588074873173 0.214388652673747
0.0654473513245664 -0.0904470786013123 -0.0177435467263289 0.238563038551126
0.133235951728589 -0.070746040893653 -0.0378700636890359 0.264367535374398
0.16539320787144 0.0410383063090621 -0.130454481773795 0.257779787697172
0.103856379475031 0.132200567959418 -0.257231922445762 0.178246546657696
-0.0217899416279034 0.205226013586258 -0.399612209552794 0.0141598067209644
-0.166797007811084 0.188984878458586 -0.425116662003023 -0.122831139880881
-0.286964397184257 0.114248481691419 -0.399966373266207 -0.0542914110544884
-0.290548660767685 0.0974869138887466 -0.262894853700244 0.00489680293457229
-0.135922698897303 0.183710767143437 0.157871812153926 0.126857210130946
0.000635073426646863 0.169268637452334 0.220103291558194 -0.230235487397753
0.115695457822257 0.10268828687051 -0.0699557714623115 -0.40509294549738
0.168514117556143 0.030759167119584 -0.336514091249503 -0.190678455083189
0.156906610357621 -0.0757417669028383 -0.297401901674961 0.0516137146677488
0.0850410313947763 -0.131150737005771 -0.16659781582287 0.138812708429889
0.0818847636356906 -0.152635732530296 -0.0555506569552644 0.165136106383935
0.0929162143277392 -0.158446269576735 0.0239341512918196 0.187353109796803
0.201595095724628 -0.134669740455978 0.0457042474579013 0.232247917857566
0.271247310371802 0.0213868443930563 -0.0265716064100587 0.279475551794671
0.21267041111271 0.181330152250802 -0.182616185137193 0.266045529341511
-0.00422341948842726 0.333721730300063 -0.358162815209478 0.103534538887261
-0.266939414491635 0.287426013582309 -0.369373743578533 -0.0816626309912088
-0.413207873338699 0.13602699679066 -0.273415755119599 -0.0493606465717745
-0.391640423423911 0.0500957364062721 -0.133496780393927 -0.0126550560237956
-0.269834319219606 0.230763173937643 0.227244842595017 0.136433724063603
-0.0579635180474485 0.284630708740853 0.303813213968411 -0.188768903701186
0.174124533156006 0.192491534979316 0.0293598489382177 -0.40134605282318
0.253298575187514 0.0451359395976191 -0.250062082024427 -0.222766048596336
0.223439121974777 -0.10721050471924 -0.23561938383155 -0.014614536236262
0.113275969223851 -0.185170749047352 -0.130835692697505 0.0581266576445902
0.0914389954924917 -0.201318194794744 -0.0236670750542356 0.091864359907566
0.0975530459566819 -0.200639644998442 0.0679981807578784 0.111217598293934
0.223420498173336 -0.18033836366248 0.130492724145052 0.168032554865717
0.322993029816124 -0.0189220016811151 0.0923344807570761 0.260554792389284
0.292446199813272 0.172330855123719 -0.0770445668115055 0.322669605983783
0.0430804897670081 0.397554842274336 -0.285305348916597 0.180825919440606
-0.296868334892695 0.346788538420198 -0.302403302659699 -0.0532370890438827
-0.469600525746477 0.146419025065096 -0.12413453990142 -0.0586452926401082
-0.426132853052796 -0.0128697986255489 0.0355957636581529 -0.0151749575072227
-0.37112964943027 0.216168484534554 0.305690906270202 0.146686042005751
-0.137632527104427 0.344741842643339 0.375087135927583 -0.11764979726232
0.181644650758243 0.268939035506298 0.139309238712582 -0.346053102456028
0.295843684190176 0.0709519460522659 -0.12337392391463 -0.232690043809396
0.260898658192808 -0.113722645428879 -0.143633203872982 -0.0869594314868858
0.128265801636075 -0.209772939496689 -0.0796112984262967 -0.0344529330396591
0.0867099761878195 -0.220570843553194 0.0117514083947179 0.00677314081097118
0.0855977827155572 -0.21189033787287 0.106106543222538 0.0226876962618619
0.209249940711421 -0.194619661849802 0.196481984210399 0.0871724204000037
0.319778983023974 -0.0484328487743037 0.191350989463038 0.211063866959629
0.314118807169058 0.1425670417133 0.0245049741019106 0.333879827448585
0.0685994100910864 0.396525265636011 -0.201101894363612 0.2211258339945
-0.291022119533825 0.340651203254657 -0.232977246120938 -0.0415303051148674
-0.458694244399125 0.126053146075124 0.0222875022123963 -0.0741108778782293
-0.3797549024877 -0.0694118566365239 0.215041474048103 -0.00142779339115912
-0.392978691846569 0.147529581023678 0.377369586301952 0.154005851904406
-0.191956814275464 0.321055518181924 0.413935949344219 -0.0372448932175479
0.144698551464823 0.287026706634653 0.224895219738272 -0.24929491015474
0.277546142094891 0.0833214375429096 0.0120818962782366 -0.21291295524986
0.248719461208737 -0.097723204194702 -0.0381641354616033 -0.149881971373636
0.120595531486324 -0.19719690716245 -0.0228502041442522 -0.123828710122809
0.0693750847454512 -0.206974983484458 0.0434002338144836 -0.0771185586257924
0.0648681624008455 -0.192821774140636 0.135933733315618 -0.0621055812186973
0.172850139982077 -0.176819786384706 0.238910194376635 0.00957861098428165
0.276180497786803 -0.0567796578993324 0.259002617271525 0.156478262731443
0.283354714218154 0.117654981394586 0.0971704054424376 0.318962015852369
0.0562823424413161 0.352715722163633 -0.128968697020699 0.231544070874161
-0.272094392117287 0.275244755523568 -0.170520660384505 -0.0365190948563346
-0.396186612994066 0.0709515941105586 0.148750458842096 -0.0808430059344058
-0.260793604609772 -0.102659948949921 0.365977944295528 0.0178619639175781
-0.319946624847883 0.0563607946909433 0.427678254320743 0.155478707958849
-0.182308304997754 0.23073973430087 0.422708677994349 0.0267177190541952
0.0922788030692929 0.228627901487889 0.27211658267805 -0.152705506145524
0.205624383607435 0.0657540208391111 0.121192745511102 -0.182133841188298
0.185828942154275 -0.0700775567035378 0.0498702735713851 -0.198417923896558
0.0886649455423361 -0.150410766642179 0.0240068138440001 -0.195251623994009
0.0437855044890656 -0.160214975405851 0.0669585024368504 -0.14557172543284
0.0416129384953281 -0.149037039152214 0.15639139959668 -0.130381254723719
0.124946552325562 -0.138456030902153 0.265567098916786 -0.0502128155045243
0.20961161427749 -0.0495333875276564 0.302027039069472 0.116425122271747
0.222342637356503 0.0996149582131497 0.140577302236592 0.30126102018721
0.0187909679663301 0.284047779785415 -0.0807149785693386 0.23045675880938
-0.242073459835353 0.177798565161345 -0.12068745062094 -0.0289687905292407
-0.295557013180461 -0.00647577420580658 0.242870340893231 -0.0693182912813093
-0.0927994525666077 -0.112284811876006 0.460533904230823 0.0273251169885886
-0.171067731597751 -0.0266215047831285 0.446207737293514 0.140128949226874
-0.109198639953352 0.104994516583584 0.417638533733305 0.0519624473361002
0.0419734976083192 0.110577105172103 0.291730114865329 -0.0996155448531769
0.0962594148328562 0.0219254653088261 0.179953960555596 -0.171162517362589
0.0844719551829148 -0.0339662412611815 0.093900961551054 -0.232562017047551
0.038338926565119 -0.0777883448762655 0.0486928750102779 -0.238912977261835
0.0125860343596072 -0.0892704490393321 0.078867757887318 -0.189045300849868
0.0160787035359101 -0.0869612743043325 0.168996167784736 -0.172957742292531
0.0688130288128728 -0.088968648160925 0.281030246519857 -0.0860728062167356
0.12931151842299 -0.0386607890386374 0.330990677896965 0.0945535888558212
0.1462287989843 0.0775517522241383 0.164139684358018 0.292616133654017
-0.0205865268766985 0.196579440071933 -0.0577411075233496 0.23327133137295
-0.188673839135291 0.0648644721233654 -0.0916631136844005 -0.0138764082470769
-0.160496948607497 -0.0823011274880357 0.296598580805424 -0.038516976928815
0.00653585655346745 0.104533795962881 -0.336120567599784 0.105512665852525
0.0822561546938489 -0.0160764449994529 0.112682016945131 0.104676657183217
0.0130757457834802 -0.0717849896626356 0.095840639515061 -0.250685424300184
-0.0596340747886473 -0.0102890604006891 -0.190851886320221 -0.325763848376751
-0.0209795743413891 0.0401993335163458 -0.396175413613288 -0.0913204217898109
0.0122773917919796 0.0254136119792665 -0.314363412318794 0.155435642659102
0.0205191675362682 0.0159374099486747 -0.160113399163346 0.232864980048592
0.0267716475671578 -0.00576341090751857 -0.0643327811936175 0.238593190219096
0.017700258512414 -0.00936044887076242 -0.0178925519985578 0.256271450489664
0.0235637582437909 -0.011383435169062 -0.0641932850961194 0.270044169415653
0.0310886418122892 0.016147645447926 -0.164091462728069 0.232927453432107
0.0116670834114344 0.0169287801556627 -0.276427255648679 0.127682978777063
0.0326270812000257 0.0402410869948374 -0.416927578927693 -0.00779962459122697
0.0114216013604295 0.0883584252597181 -0.475784650959173 -0.118057203687411
-0.0950791482616976 0.109561617965357 -0.484197691962348 -0.0225612484814296
-0.140169260735518 0.130088702557236 -0.326710859147854 0.0702206067343103
-0.00179141923739336 0.0963895601044593 0.128248138158302 0.105364136263881
0.0285287667632998 0.0388409932449665 0.12993850103477 -0.253102195103004
0.0326538015686302 0.0277823342420796 -0.168114363169298 -0.358858783343591
0.0723238555671793 0.0218447072719808 -0.389276618343869 -0.11542542531444
0.0771652912866496 -0.0363817470686626 -0.312557303767941 0.130733647798434
0.0444589513711002 -0.0646690433064315 -0.161570421293306 0.210086121485085
0.0494060052577721 -0.0891010028557519 -0.0545767181454553 0.219544286831123
0.0551881878696824 -0.0966340679208419 0.0096568073020596 0.237168477685428
0.124946813265887 -0.0853536721659451 -0.009030534870168 0.26631036444164
0.169329303613023 0.0229189188794903 -0.103936834210823 0.269411126154863
0.115704089458879 0.12117035448064 -0.238728852227959 0.198152796161349
-0.0010483960428936 0.205539799599712 -0.397013214066674 0.0516843941075574
-0.148995154633539 0.201984579668294 -0.42986048572805 -0.0817206131660568
-0.27786349381402 0.138560229267118 -0.400432888130364 -0.0160997051436128
-0.281079792931512 0.123701424426813 -0.258082165136691 0.0308519714162605
-0.117204911151554 0.195629618155443 0.17256762948806 0.110018198109138
0.0160520161151137 0.168716962133962 0.198885448556965 -0.245056952282892
0.123982575038704 0.0906739381330828 -0.10688664386963 -0.393922626000291
0.170448186693996 0.0118435178761584 -0.352024081710998 -0.155043783142003
0.147629076303236 -0.0920555820950474 -0.289064918542512 0.0799430354669031
0.0706193742996839 -0.13839117926119 -0.150670473836752 0.154742786885642
0.0645106828165582 -0.160573008528849 -0.0371626793864722 0.168223222487961
0.0747742986201326 -0.166185672564994 0.0465048531446412 0.182371666999
0.185662771268272 -0.155097230132203 0.0708685357553861 0.225190511536785
0.271889974748145 -0.00744042569316406 0.00208310955216735 0.281531204154254
0.227574118675611 0.158934325710876 -0.154521168025591 0.278096080813899
0.0289337700598569 0.331627622073102 -0.346869610847247 0.136335121335246
-0.238219018074773 0.310385061240497 -0.371714165286945 -0.0466327668895284
-0.400944377869338 0.1709986585882 -0.275396009067291 -0.0227786737833257
-0.386713306773179 0.0852787049936684 -0.131905645414806 0.000278912002399689
-0.245076827514264 0.255226715024555 0.241033105052337 0.113705963190527
-0.0311418692972013 0.289236954397834 0.28549354624839 -0.210611253728351
0.190529323864232 0.173336235900616 -0.00828565969675196 -0.398357813905585
0.255169399110855 0.0181574399261797 -0.26767771331665 -0.196045165858595
0.210221495477332 -0.13033322667202 -0.234736849414094 0.00794448995577216
0.0931787792974652 -0.193693840438207 -0.124207352842899 0.0720558465750241
0.0685450171880711 -0.208405601135116 -0.0127996528356303 0.0919406559025222
0.0755750250769339 -0.207385658693633 0.0819112925076952 0.102363441858845
0.202808068827461 -0.202588963766019 0.147858899384528 0.151442703606712
0.318478558442649 -0.0533227394785599 0.118568745377292 0.251181636357598
0.306020815251549 0.142036155986439 -0.0434203123002381 0.324159677534526
0.0828758416344213 0.390153060563047 -0.267449527224172 0.204812329940779
-0.262375670754827 0.373418395767204 -0.303422625805881 -0.0252600410339943
-0.454548542453422 0.187895546130313 -0.12973857035781 -0.0460603749136696
-0.427124717813861 0.0269554043345783 0.0356487666059151 -0.0185553968984619
-0.34780033101443 0.25078795542352 0.317800242853613 0.116295097194021
-0.103027046215559 0.356206913285993 0.363520046983369 -0.147572875435599
0.206641509487668 0.248408329106956 0.105996371044925 -0.354087931687884
0.300608296378298 0.0394787599970799 -0.142568196752499 -0.217573802866715
0.246492428554391 -0.140275412227863 -0.151395036385281 -0.0724846483053993
0.104827693072537 -0.218874296469542 -0.0846541440380523 -0.0243642941273624
0.0620974883438575 -0.227093606217277 0.0124660483772797 0.00413213263708509
0.0629853115202316 -0.216258612836375 0.110127377522252 0.011200045716569
0.186915593535537 -0.214069782182507 0.20444391479047 0.0641202984406753
0.311677474757284 -0.0820258217115617 0.21158632309137 0.192069393705602
0.323099975699904 0.109680644437714 0.0589080058152077 0.326333969092724
0.107955585337064 0.385531851191129 -0.178916474583326 0.236365532176477
-0.256050003423552 0.367480589225783 -0.234524251108988 -0.0208189229193421
-0.446618791701185 0.165404042420241 0.0138085119093013 -0.0742771545729324
-0.385835868528146 -0.0315866475730914 0.21484843177837 -0.0220982037581431
-0.374984906147543 0.183837880967124 0.388521113577259 0.116513177523066
-0.159163550892318 0.337054517884118 0.408295164053803 -0.071920908146145
0.17149583762455 0.269754043577936 0.201492909120845 -0.265423051107736
0.283875855203668 0.052954688378705 -0.00525427111762872 -0.211560494496826
0.236116551597643 -0.124461242230128 -0.053451665589077 -0.145730796747098
0.0988028450401536 -0.205671484450857 -0.0382031437598106 -0.118154455728628
0.0466148966383615 -0.210645371328524 0.0349823603325687 -0.0812576534773236
0.0448480941590518 -0.195605601273367 0.129830529851884 -0.0757783410643411
0.153200731536962 -0.192903615823428 0.238589121659975 -0.016916966876519
0.267758378759045 -0.0844012586351605 0.273010692183796 0.130537040906693
0.289897468078405 0.0883583285398958 0.129690497289264 0.304734006159527
0.0909112231648282 0.34264463188886 -0.106562853112984 0.239898512698888
-0.243900515809789 0.299318975410309 -0.172445874544389 -0.02173539474668
-0.388319826974194 0.104971312830751 0.136783920912194 -0.0923153193641897
-0.270308049015598 -0.0759403529071933 0.366047160665336 -0.0161426717756445
-0.31024942843357 0.0879207674720091 0.437358929912114 0.113789695271088
-0.157284595029313 0.245745197486276 0.42225027760395 -0.0101474616856984
0.114114071924068 0.216075695431604 0.257354168391452 -0.174249268994523
0.209474176864735 0.0434879029349741 0.107003286948561 -0.192169770845123
0.176966817407786 -0.0896576172944201 0.0289068427159986 -0.202247450466041
0.0722888983689048 -0.156611194831551 0.00095813076606818 -0.193665019343481
0.0256741033468011 -0.16266992245457 0.0508951707762881 -0.151487061123602
0.0258446597793659 -0.150201446210476 0.143092602782165 -0.14532680005911
0.109859594790559 -0.149040053162143 0.258220865091205 -0.0785571139648946
0.202075074030103 -0.0696805451463071 0.311216481702411 0.0861478026076613
0.227463578139551 0.0761071883693826 0.170133023817276 0.283422305603802
0.0470985713541728 0.27772236722556 -0.0586053168059039 0.234173559806661
-0.223264420673874 0.199769399987718 -0.122670841507742 -0.0182175710921092
-0.294459111961162 0.020257348693336 0.230469522857316 -0.0898232927492998
-0.103316494384424 -0.101080122544208 0.461182513486124 -0.0161973367647449
-0.171455506576704 -0.00915927052086856 0.452336278895418 0.0968175843278202
-0.0960345279901128 0.113060094366121 0.419521787144687 0.0139617234201069
0.0532215809358691 0.103488204420421 0.282692297086896 -0.12260488877829
0.0960615093547992 0.010841150108596 0.165631870774392 -0.187204454359761
0.0811774043219992 -0.0427936241493842 0.0688459238683456 -0.239967547515486
0.0301892047550355 -0.0798328416398519 0.0212853541060939 -0.239503125221834
0.00278766714930634 -0.0886798866472931 0.0583050090820747 -0.195972998122683
0.00794672266285324 -0.0871015000046237 0.150058650775772 -0.188735172285598
0.0588928939995027 -0.0954262976490802 0.269058534363097 -0.113859619611763
0.123895031415253 -0.0503817579352492 0.33672422435477 0.0620890857024813
0.15105464355346 0.0622179001671186 0.19147752348194 0.272944582783541
-0.000675594778997989 0.194440017216255 -0.0352222725095904 0.235044292050122
-0.181385849175357 0.0827669962016474 -0.093237885126777 -0.00509059362108964
-0.166796987731212 -0.0659132721267661 0.286820251066203 -0.0660700793000435
0.0137713065861336 0.100288801620383 -0.315986359467117 0.129054965922275
0.0768422406716684 -0.0222590491406934 0.121506792461302 0.0909600987846533
0.00682562080914396 -0.0706459551358417 0.0759886175645674 -0.250214319344557
-0.0579705413599362 -0.00487256612039549 -0.209318614454589 -0.300803446613685
-0.0173217486683279 0.0409120174053988 -0.393479581633831 -0.0555583507496094
0.0138811966041273 0.0227555269689138 -0.292648750133977 0.176440167451698
0.0212997772331525 0.0121363596944694 -0.134840275202505 0.237386763814941
0.0250407048201217 -0.00863886032138175 -0.0419397237953516 0.236446880115919
0.0169292091933123 -0.0118742993977471 0.00527828082692877 0.24966520410057
0.0222338177482199 -0.0135515781499167 -0.0390947623183145 0.269700020254961
0.0328590391413974 0.0121452462594462 -0.142588464843117 0.23951684483324
0.0130903000295524 0.016898883947891 -0.262144660853023 0.141879816011508
0.0344935861670384 0.0364874225367812 -0.408746807107214 0.0243402623700362
0.0155031416404709 0.0838029874685929 -0.468536347753729 -0.0808261623113832
-0.0861610692301273 0.114093290974793 -0.474793154390242 0.012297889102643
-0.128905631330396 0.137084874988147 -0.3107893220067 0.0938477829589028
0.00451379822305137 0.0937584780535861 0.136656391978241 0.092036480084031
0.0303864701650224 0.036090972366614 0.110379301999859 -0.254549728871202
0.0339704022686906 0.0245899077433187 -0.189999125868406 -0.334702580596056
0.0717927078877909 0.0146935198916129 -0.388067951310014 -0.0796961544600767
0.0717846277332636 -0.0426145714718231 -0.292866672002828 0.152091586734972
0.0383457385214584 -0.0674321492601541 -0.138506657899724 0.216553822397043
0.040061519840716 -0.0918955630214215 -0.0340272153608962 0.216942995317471
0.0459096185851734 -0.0987631243206872 0.0310157437613844 0.227671388354717
0.11440549413707 -0.0934183230377207 0.0144275949962552 0.259633063922091
0.16771513650567 0.00735610037993171 -0.0797062501771777 0.272408071887832
0.122158125816417 0.109280306745318 -0.218404801912374 0.207877424252949
0.014415796268516 0.200677851231012 -0.383852426706952 0.0800873371531863
-0.131907066965917 0.207220909919781 -0.421830013785058 -0.0490449483255295
-0.264076448935467 0.154297598935317 -0.392665574742596 0.0127685963192423
-0.266725642520868 0.141508208673448 -0.24715982299742 0.0502750881009479
-0.0999031037716139 0.199399600460862 0.179540999024829 0.0924672155652127
0.0284581709429547 0.16331536244705 0.178612115243501 -0.250026394807264
0.127093513286382 0.0784804583593924 -0.132576816025841 -0.373154325697682
0.166628065538212 -0.00239219625561432 -0.353246297583082 -0.121956119959047
0.135312271591051 -0.102666610493405 -0.275097015981268 0.10041883738601
0.0574390418253474 -0.139838873046417 -0.133624698704651 0.161730016523263
0.0486746502872753 -0.161727989495283 -0.0213805685077367 0.164990283593151
0.0591384828020704 -0.166930827423819 0.0627293949897254 0.171439803987201
0.16810141746065 -0.167158399752928 0.0890715434930543 0.212484575605171
0.264670648561736 -0.0314006747349046 0.0257709923083125 0.274929735197674
0.234312416322248 0.136977772644247 -0.129801984795648 0.279077387696352
0.0535506512148912 0.32055190383898 -0.329496218680293 0.15725831543798
-0.209307281167115 0.32035462080933 -0.362799906680831 -0.0196182787615826
-0.381748931076558 0.195553215219411 -0.270901499796995 -0.00330356997923023
-0.37267271222959 0.114228397640375 -0.126567141597895 0.00992072303110018
-0.218251571241048 0.267620519851918 0.244893954778011 0.0915186633172975
-0.00853466122957642 0.284415970217848 0.264906858344184 -0.222806180041348
0.198789940032429 0.153230316220403 -0.0382031525365581 -0.385696912142169
0.250023240463279 -0.00374244729420832 -0.274066455100011 -0.168701668269143
0.193135849340049 -0.145516607363579 -0.228419237287112 0.0262353627020605
0.0744084430745096 -0.195075826188809 -0.115088982944433 0.0813452396904378
0.0476444805090924 -0.208538845315804 -0.00443595387488299 0.0891717078528034
0.0558011017382049 -0.206164164587382 0.0910417541151793 0.09058856452784
0.181221867234947 -0.214100647659319 0.157216706409593 0.133732473015761
0.306037858159101 -0.0796451357789367 0.13720478285157 0.236281991379244
0.307297962241676 0.11350259087336 -0.0159842477522386 0.315423792220199
0.111407333243218 0.373010451933828 -0.245369628330663 0.217725762637139
-0.226435602655468 0.384480245231427 -0.296601214647433 -0.00399179788353271
-0.432649169274012 0.214321710724934 -0.130456283047054 -0.0345347878764888
-0.416121552476218 0.0598523533194189 0.0349982941047114 -0.0211425020013423
-0.317953212387542 0.270527588484635 0.318261758215809 0.0883240556969222
-0.0732313050458467 0.354949971903696 0.345737288039994 -0.166290505234173
0.219944082490655 0.225477127213378 0.0782499566879684 -0.349916583151276
0.295291428021107 0.0128112137001296 -0.152796036866374 -0.201158979123421
0.228532876928253 -0.158998918992851 -0.153359373725431 -0.0598314019809079
0.0843431820266354 -0.219422241783624 -0.0853158383690896 -0.0150675282855597
0.040650573679033 -0.225294391890419 0.0125811357626361 0.00177829472267826
0.0431510572497557 -0.213602019234357 0.110537534349114 -5.52836350269015E-05
0.164179469926065 -0.22442294604778 0.204429714871872 0.0438537140764804
0.29702455034754 -0.106375522487768 0.222840227231912 0.171652431918533
0.321564449904635 0.081209293897079 0.0845236200102827 0.30981517012588
0.135514511749661 0.36566057697998 -0.157383929427176 0.241253132857991
-0.220753604719727 0.376652591503305 -0.229522279265271 -0.00454621750646808
-0.424470114428621 0.192011886619836 0.0058431994371974 -0.0720681214619734
-0.38056666458971 -0.000952015372274414 0.208707105539178 -0.0377279691917002
-0.34986943864537 0.209095066469553 0.384659915756119 0.084036283573736
-0.129244196790446 0.341014151426192 0.394304209810757 -0.0971225018443786
0.188077981501643 0.248198220229702 0.177006271053131 -0.271161228381383
0.279427193906933 0.028382292132925 -0.0179732114928199 -0.205346508767008
0.219592194181938 -0.141888425983389 -0.0642635217885469 -0.138226296058846
0.079570932530339 -0.206412879315281 -0.0485909256866624 -0.109593345683392
0.0268955463181545 -0.207797553283828 0.0267673266484716 -0.0828167070939036
0.0280438076460107 -0.19169019535034 0.121838026472686 -0.0859249757210428
0.133064169858076 -0.199929280915621 0.230180007964136 -0.0375073078920827
0.253003429441165 -0.104161715010657 0.27807779187614 0.106438140611206
0.286311275704278 0.0622242509092325 0.151699010964246 0.284060541613117
0.116131266498889 0.324721965713223 -0.0863985102940623 0.23872969295559
-0.213814541276297 0.310610759767874 -0.169914008078445 -0.0103795510312122
-0.372383557029757 0.130161126132886 0.123596711860836 -0.098888097418851
-0.269981177375703 -0.0516741940871426 0.356558275394577 -0.0434759846543845
-0.294417027394849 0.109618695864864 0.431117438780398 0.0783704603777189
-0.132908250015902 0.250837230858671 0.410880375437521 -0.0389091168604669
0.127730418137187 0.199157494668743 0.239744961089471 -0.186590703003493
0.206240713641051 0.0240509414614617 0.0933888382417461 -0.195178124227155
0.16471968308601 -0.103375221211647 0.0114066141806043 -0.200290273467378
0.0575570926760999 -0.157346938375891 -0.0165241107465333 -0.186246717093942
0.0110525823394275 -0.159072274948554 0.0365842144580427 -0.152069239098591
0.0132687477021323 -0.146565779084361 0.128064819984784 -0.154334668235899
0.0948341196431237 -0.154010393393887 0.243662764364878 -0.0980536877132979
0.190459124935987 -0.083726016226762 0.310772600713814 0.0592963815895525
0.225067675866632 0.0561647207427759 0.189188636542009 0.260322342170827
0.0677468640132043 0.265334526674031 -0.0402858769768684 0.229592925939497
-0.202421949663823 0.21073343986123 -0.122339034751159 -0.00984222262713772
-0.285920900313425 0.0419258207329169 0.215004069035195 -0.103290165658342
-0.108501689420605 -0.0893599792495577 0.447704379985528 -0.0496135075551043
-0.166299064419938 0.00444617400176072 0.44496881081001 0.0614071153771261
-0.0830938692106575 0.115803284013598 0.40898048895464 -0.0165624438815641
0.0595714301713337 0.0945081485246185 0.268252771401682 -0.138875704443343
0.0929685607707589 0.00200032493048494 0.150540730216785 -0.195696520574312
0.0753977421279951 -0.0492353765336335 0.0468158136617104 -0.239162094907564
0.0230278696626839 -0.0793933029552329 -0.000758845099823512 -0.231966086208976
-0.00535570020632123 -0.0859809358456631 0.0401492817900252 -0.194700021393829
0.000583746978089661 -0.0846622305646094 0.130881621573392 -0.196251761563612
0.0497489594599919 -0.097463464175846 0.25184995914298 -0.132342361709571
0.116072922535887 -0.0584120675047459 0.333681202185139 0.0343663968665154
0.150008277934261 0.0484343804689297 0.207548926628378 0.24971571040153
0.014632955832284 0.188099020603071 -0.0182057662482864 0.229392371841245
-0.171083338436712 0.0945762166326851 -0.0928659897449583 0.00131046658378286
-0.167397633255137 -0.0505823923892412 0.270785504245695 -0.0844670680684393
-0.0295067246092491 0.0974464935131907 -0.323697996811323 -0.00362634045659693
0.0757354862550737 0.00967263520975452 0.0806050139979111 0.122895641062531
0.0330524231041617 -0.0617369148614818 0.160971616195943 -0.199534983459373
-0.0498815491239307 -0.0248105329044458 -0.0816132636617063 -0.349502472882347
-0.0275681691925377 0.0316781965603999 -0.335745493032983 -0.19465675451492
0.00516875202733237 0.0245955609012154 -0.328416337761402 0.0513427856677625
0.0151600632902528 0.017017122327725 -0.208055869762199 0.163526437309093
0.0256250652902038 0.000449541231788469 -0.122991513504415 0.198474189561705
0.0210295963708921 -0.00447581095120162 -0.0842576805989842 0.227532710102608
0.0275900796874805 -0.00401547293597467 -0.133099170979909 0.23306868371062
0.0280945340923792 0.0253795300300412 -0.217348068430623 0.16298399758394
0.00615312919495606 0.0245231281105947 -0.293342199581085 0.02649003179074
0.0160095495259167 0.0505235175192769 -0.377703874285549 -0.128750092718287
-0.0223484532542016 0.0841547451160648 -0.39781311681908 -0.241149828305281
-0.125974732212948 0.0797504102612636 -0.439661329741967 -0.172448516941119
-0.17712362311038 0.0725491343524747 -0.298898418280345 -0.0196549963853427
-0.0343921823822627 0.0845867378353861 0.0993039186044461 0.133884485002726
0.0128771529282888 0.0435467529598691 0.201396079925205 -0.190154874769998
0.0200806632825627 0.0367789127823344 -0.048165702699205 -0.378285111264502
0.0615502730809679 0.0422158042848707 -0.321337661606559 -0.219622948502084
0.0810990201048325 -0.0129045882271528 -0.320127781718697 0.0254453401454148
0.0589675620214024 -0.0468915492148939 -0.20393104092697 0.143682761862046
0.0685178428044001 -0.0701070256607055 -0.108418823360198 0.183543870406263
0.0775592630728903 -0.0730423824936364 -0.0509298156510235 0.216874141016229
0.138682490532166 -0.0459046512323958 -0.0785557283830179 0.244867026492606
0.154449292798934 0.0664942330761684 -0.170367963697233 0.217109103531106
0.0743121095419839 0.147523258297963 -0.276666017987396 0.105322743109133
-0.0574956861849773 0.197057817918305 -0.380376440050432 -0.0690313618501607
-0.197233012297504 0.148321749800884 -0.374118459793653 -0.200506163249412
-0.303939479976403 0.0569905116618558 -0.365336240139641 -0.151605324875426
-0.307041174760821 0.0197980888868447 -0.220051898570804 -0.0211066698485267
-0.168930174201591 0.13794383901852 0.141912180886654 0.15727794968403
-0.0382238850232991 0.157946238642766 0.272021132199789 -0.158061666219831
0.0813083522193832 0.120736913090891 0.02312647280106 -0.397236153072516
0.15316693482767 0.062305837621412 -0.273076260719044 -0.24971399003736
0.16032920180025 -0.0427691851980236 -0.285433473045494 -0.0179812200818332
0.103256508843285 -0.103784409688972 -0.181068611508106 0.0954303254436562
0.101499156591099 -0.1303915964721 -0.0781398562741965 0.140633527841168
0.11413019192961 -0.130167412078254 0.000505763590301451 0.176992745691297
0.212599778429875 -0.0949544358005119 0.00863040796823912 0.228576993142533
0.256864250613611 0.0630986418307317 -0.0752050997337511 0.259222373852544
0.167349381216802 0.210532126403162 -0.22118062626382 0.205371197583798
-0.060009140712277 0.322486024375498 -0.361412230149642 0.0227608620522159
-0.303293604197792 0.226169717162084 -0.33877996208668 -0.154398933478091
-0.426166745282087 0.0539089487840857 -0.249342427661445 -0.125019139309033
-0.394034246934331 -0.0500110418267809 -0.0967671253565283 -0.000379456781513926
-0.30131051261601 0.152356673148642 0.204012530275746 0.187792956878893
-0.117665309083081 0.253647831321281 0.347560578858769 -0.0966086035960426
0.115401054373924 0.215078377770641 0.121083894983164 -0.375092793327294
0.227518810796056 0.0932504926988273 -0.181601091636534 -0.266989192962732
0.227847158281613 -0.0600960643238595 -0.215814625326336 -0.0711986024397418
0.138019329947126 -0.146420912486484 -0.13604812825457 0.0281208490586956
0.118111471555253 -0.172790960787472 -0.0364726413297291 0.0775133090676796
0.124678112779055 -0.166725373910573 0.0561481255406848 0.114280082324481
0.23955963754602 -0.134985644506757 0.10059415566563 0.181027911865914
0.31108643092793 0.0319440004202688 0.0409117056040979 0.265979465340124
0.243444763181288 0.213115610842239 -0.128908795869065 0.282310921606171
-0.0217600647810908 0.390402953418885 -0.307998957704401 0.10868381914624
-0.340210621331237 0.280646828321356 -0.287303965780649 -0.11763897618632
-0.478738255711071 0.0540092241371745 -0.110172396222437 -0.1041009840717
-0.411970657985634 -0.11779936948204 0.0571142871986842 0.0375548755206916
-0.391341264759545 0.115581216157421 0.269969359862887 0.217939119443715
-0.202773857361042 0.293108634090762 0.40268594111323 -0.0103633893410864
0.106476712710154 0.285797622699525 0.219663330398677 -0.300194335244414
0.260576927145072 0.125226314085178 -0.05674244754363 -0.252939871852711
0.263585363595491 -0.0586500466734174 -0.116117790672291 -0.122860308022604
0.155802231280966 -0.164916583837473 -0.0742594693285857 -0.0481173762704119
0.116708313807126 -0.190117937975995 0.0106675827366926 0.00478674068481539
0.116002116037823 -0.177365873341757 0.106581738772259 0.0387389427585825
0.226968701482934 -0.148656482762004 0.175420149775751 0.114755958507471
0.311335505542568 0.00332132007015353 0.141949780947643 0.238224328726408
0.267934110995309 0.186105696343122 -0.0353781345404355 0.315022139014047
0.00506066831013147 0.390193039229734 -0.237561470364972 0.162591236437244
-0.330613102600542 0.27455720862865 -0.226845503299051 -0.0939618478098285
-0.461701513307559 0.036414697328918 0.0281748586319616 -0.0867491673561243
-0.352877138166841 -0.15771905232376 0.213886842985307 0.0849655919773144
-0.394370509612326 0.0465684161855887 0.327965575043405 0.241307834691198
-0.247500491639204 0.256887694739032 0.419362563669515 0.074862697318753
0.0695451177345073 0.293080704532265 0.283252987391006 -0.188194650841155
0.238158194757944 0.132803480909784 0.068588911109994 -0.205506886276197
0.249737239673623 -0.046609385020957 -0.00535275653193297 -0.160352074563663
0.146335416693934 -0.154799234105523 -0.00646375866532068 -0.12033048379957
0.0978828715031299 -0.178908762756513 0.0534023682493868 -0.066402901044957
0.0937756280218263 -0.163777578747589 0.146557468379039 -0.034957785834924
0.190747217637048 -0.137128737076704 0.22736048921116 0.0503586739644129
0.269635592337395 -0.0109966888250373 0.213795651346968 0.199819820486936
0.241213517068885 0.156676536613877 0.0348999563708726 0.316723768537694
0.000378883864562186 0.343258960550489 -0.171511805121515 0.185270186166116
-0.302522951166158 0.215591096469928 -0.168990344319695 -0.0779223583747908
-0.388936579256741 -0.0045833632055659 0.146802356376129 -0.0634234657600596
-0.229528747196961 -0.158909283368921 0.342635643344974 0.125830938603302
-0.305993148415224 -0.0190196863011577 0.365385551197616 0.250128023222726
-0.215281140656796 0.173485077264956 0.405639108820056 0.131455775945787
0.0344224308337016 0.225516868419454 0.305889800943896 -0.0848943082848113
0.172837705834954 0.100880334468347 0.165065480491442 -0.151067521844367
0.185794392237013 -0.0320906061372324 0.0855652008951482 -0.185345328452815
0.109421250982548 -0.118888173797823 0.0511779960737937 -0.177599928866926
0.0657388599957488 -0.140577965000196 0.0870009167730235 -0.124312160844581
0.0643117937911166 -0.128317857228888 0.175247904490666 -0.0935501748513886
0.139308043878587 -0.109016326875886 0.260413391839877 0.00015552417538582
0.205117145908256 -0.0135816438970397 0.260276186353235 0.169796857597345
0.187767880442245 0.128909078591902 0.076994248407081 0.308048319066885
-0.0223491384724428 0.270508940686897 -0.125816841321515 0.192591697602299
-0.257456099524802 0.127422888711682 -0.121092004867995 -0.0605237125237457
-0.277860672701663 -0.0580819591628852 0.234090248338709 -0.0284572280591378
-0.0639627078560831 -0.126484052351283 0.419389014252267 0.138617131966261
-0.150895468367178 -0.0626198852468098 0.377999453420914 0.232793302973877
-0.117839016054184 0.0705610330976552 0.386485206137244 0.147619342609625
0.0148765266566617 0.10471946862355 0.307891104125575 -0.0270114839228511
0.0790221227682939 0.0382926915398493 0.215098159823364 -0.125264443873376
0.0852187335758868 -0.0167751321182768 0.131516297903931 -0.203158050205936
0.0498318490562801 -0.0622698422482056 0.082453989852086 -0.21226554185347
0.0250381328866698 -0.0797053268083321 0.105959154079904 -0.161646806727016
0.0303836677892883 -0.0777139884402561 0.190809806363259 -0.131401803435177
0.0787103023972623 -0.0733470216928007 0.279827018871741 -0.0279875047310368
0.127261790580905 -0.0160052273561074 0.288741590629263 0.154574061497506
0.12214221301105 0.0954470617955245 0.096604050072351 0.304702721052265
-0.0466429170327775 0.180759086909002 -0.104690622366799 0.198528972404761
-0.189912993507979 0.0307078422204179 -0.0933853472412233 -0.0399037997974147
-0.13539115322116 -0.103659513575851 0.280109723398718 0.0159103637027799
-0.0249895554184868 0.0981512346678248 -0.319943216434299 0.0131341932958988
0.0738668949583454 0.00590724593043057 0.0887289688422184 0.115749114327098
0.0296843370533265 -0.0629509978889879 0.151218014362036 -0.206016918974011
-0.050411294712913 -0.0210809393962348 -0.0968828129698319 -0.341124255406908
-0.0252622076769937 0.0334688754940877 -0.34419214821571 -0.173487706743001
0.00647075248550369 0.02369139410758 -0.322526062017448 0.0698312161406303
0.0161086984171169 0.0144232381407436 -0.195107130922125 0.171797315134427
0.0251313756671294 -0.0021673642897417 -0.109740410850189 0.203102654904832
0.0208974932445147 -0.00675620611854252 -0.0692919176743948 0.230367926061297
0.0276324466065528 -0.00541718489068386 -0.117589650363779 0.239950021143312
0.0303691896235335 0.0233709571516982 -0.208082001948557 0.173106796926577
0.00791718146538103 0.0251085184244294 -0.292547725693324 0.0375164620765867
0.018261354482038 0.0489835054549633 -0.382513987089222 -0.108912501234644
-0.0197873483196576 0.0835837122778376 -0.403157213961877 -0.221694059266968
-0.122771537625716 0.0852193367603048 -0.446363804893027 -0.153581090316539
-0.174094892806795 0.0806100516880176 -0.295954707779528 -0.00343883795831824
-0.0304082334412161 0.0857531422824925 0.108135219104731 0.125802626555824
0.0144546777404671 0.0430908672998014 0.193423675739027 -0.196578701123514
0.0216888995116281 0.0354264084338598 -0.0658893590723376 -0.371314897191385
0.0644227516173569 0.0379121448039022 -0.331179979361278 -0.198094952068082
0.0798092190297552 -0.01818233208242 -0.316354360164574 0.0431991800622848
0.0566120934231841 -0.0507975233024126 -0.192239960244458 0.153013577797827
0.0633095629469778 -0.0736524172214782 -0.0959351083902557 0.187136466010246
0.0733185930554606 -0.0769629614725475 -0.0357917924205489 0.217066019185067
0.135168424961116 -0.0537602825666704 -0.0623884364173794 0.248142585029507
0.158256653948487 0.056466582298086 -0.157437735782967 0.22510420918285
0.0815083891725107 0.142551782609745 -0.271710297592957 0.114702305616898
-0.0472994000484641 0.198454517019028 -0.381864528759764 -0.0499755521390231
-0.190197559559504 0.156637368091597 -0.37938319430077 -0.183054853423889
-0.301775742780689 0.0709259878487088 -0.371428425169445 -0.133868570113186
-0.306778637665852 0.0351003557112712 -0.218002183163657 -0.0100411171872993
-0.160158250105703 0.145188070205162 0.151170635917555 0.147873699796248
-0.0303711984556739 0.159763631932688 0.265381086496545 -0.167974269976134
0.0866487428510068 0.115200847407429 0.00297590571694881 -0.392560476709119
0.155550772285495 0.0533509131581043 -0.283098030802874 -0.232371993298911
0.156286970219011 -0.0526330776085103 -0.283992114012737 -0.00173175531015857
0.0969160676865038 -0.109541542669092 -0.172686623796344 0.105191576262678
0.0924519969254711 -0.13538275038438 -0.0686226824646501 0.142837448407843
0.105811497572475 -0.134918005096046 0.0131401151975301 0.174544318643548
0.205398612671909 -0.107526325194545 0.0232245574229313 0.226344328398572
0.259955448082439 0.0469224843814761 -0.0598241944239797 0.262564903232351
0.177266325437385 0.200512069664438 -0.209772185063358 0.211644094996153
-0.0422905250656944 0.32400087822602 -0.358466717155857 0.0389025718015783
-0.292373672876341 0.241203728539458 -0.341122174143905 -0.138729471921767
-0.424395498221654 0.0725901724577586 -0.2547741897022 -0.112611027719325
-0.395673432275569 -0.0296991039351958 -0.0949590129354873 0.00363755363619279
-0.291078091339911 0.1666354468493 0.212248779829875 0.175381061563974
-0.104957044589556 0.259459859761005 0.343825737921313 -0.109299078655398
0.125234270352189 0.207035797884422 0.101755908390813 -0.376047787208882
0.231311239285564 0.0794419883494563 -0.192299994615169 -0.254003305889088
0.222307929950122 -0.07411142797597 -0.218235851219718 -0.0587053441589372
0.129491216710061 -0.152746356972481 -0.132790436466043 0.0361693462464525
0.10590849883076 -0.178282732995549 -0.0310885166581847 0.0783035389661921
0.114702706789889 -0.17126081169803 0.065047492932163 0.107837143822404
0.230059671916019 -0.148311542048317 0.111160911503324 0.173081425172142
0.312458862083707 0.013080784631598 0.0561406228530911 0.262404548194667
0.252609261592096 0.19878991910951 -0.113443075984778 0.283098358895579
-0.000891529365512818 0.388703235926153 -0.301962328850287 0.12095522025146
-0.325739500828096 0.29411749963036 -0.290191494822149 -0.104898360647126
-0.475755162789749 0.0747625621994511 -0.116040677154395 -0.0979620694645984
-0.4167745204559 -0.095182880241843 0.0591104084123149 0.0335658523967181
-0.380942041444577 0.134958839954691 0.277965704752129 0.202404524572107
-0.187215842423401 0.301629962558764 0.402217225191663 -0.0265223896121894
0.12097891210875 0.277691270373211 0.204338472740153 -0.305951697881445
0.264893024073734 0.109016563295457 -0.0669470474925427 -0.245826365980166
0.257536295507919 -0.075574271270805 -0.121813274157435 -0.115938404149579
0.145965538383731 -0.171514691762462 -0.0766928050927913 -0.0423922065000852
0.104254855858122 -0.19483063747638 0.010059360398007 0.0031825812519898
0.105337588465996 -0.18086331100809 0.109875435158306 0.0304272161053623
0.217950493681791 -0.16141737364209 0.181738364384904 0.103400262433276
0.30995743270555 -0.0159413471762675 0.155527292637421 0.230472729372879
0.274045274871268 0.170275615388604 -0.0169759630116974 0.311115201161587
0.0255473119981158 0.38718045461946 -0.22798217781098 0.170530009453215
-0.316056744610095 0.290545362307806 -0.230419126493089 -0.0850128876727939
-0.459425357499414 0.0566453543969449 0.0221493412129614 -0.0870967256008714
-0.361268904558306 -0.138010038939186 0.216682607307893 0.0739051408177819
-0.388147894873802 0.0666654858538364 0.334862413335233 0.22341483025825
-0.231959556281922 0.268784947878392 0.421209114849127 0.0564416663272258
0.0838768231219988 0.286713321391713 0.272340177151572 -0.197489718794902
0.243437889195262 0.118069669013539 0.0616732051467412 -0.206361288539944
0.244211208181257 -0.0622697005566318 -0.0138852655977701 -0.15981597377213
0.137332393593507 -0.16072539522738 -0.0141778801509529 -0.11751356262727
0.0856947995103084 -0.18251012142815 0.0490217583915866 -0.0690428066606566
0.084252156192894 -0.165752962655256 0.144671118282915 -0.0449063070712232
0.181179897531339 -0.147692316947689 0.228937555232487 0.0364044395749777
0.267398662586755 -0.0263818534851699 0.225904020494898 0.187778152660329
0.246613596036237 0.142505560177371 0.0530353902604214 0.309628723231362
0.0196649433447337 0.339840533750047 -0.162351132341692 0.189834569168609
-0.289798908893632 0.229609301897643 -0.172430015388115 -0.0709202026871945
-0.389223599066538 0.0131451997147541 0.1408099554011 -0.0692886091529032
-0.237647892444721 -0.145059656273265 0.346604915632442 0.108559004667691
-0.303750226260914 -0.00354801461314453 0.371673940453682 0.231279053113871
-0.20455021210497 0.182420114794601 0.409699488201074 0.113548791027078
0.0457886784997538 0.220818633953964 0.300664343464025 -0.0960475238897025
0.175973890873872 0.0904723397666133 0.160441341582 -0.158127438029303
0.182050386190848 -0.0436700610495875 0.0748774055747549 -0.189355291261042
0.101599439773665 -0.123556841420138 0.0394448704429141 -0.177431625255676
0.0559100717508819 -0.142126983796117 0.0786254734978964 -0.128357478282025
0.056766492958319 -0.129743854647745 0.168242341044672 -0.104405480854973
0.132080138897739 -0.117098368671513 0.25849512424496 -0.0140974842395063
0.201837292614054 -0.0246898364889832 0.269458808149696 0.155699992789433
0.191297452931294 0.117206344139701 0.0934247145000312 0.29991742422911
-0.0080820761218155 0.268408068855909 -0.115937619256585 0.195013717180758
-0.250507619652973 0.140313112772987 -0.125258532753036 -0.0554582387807251
-0.280321427683587 -0.0440796594004112 0.228636129452213 -0.0388617642286469
-0.0710803518264867 -0.120728940658698 0.42397500879149 0.117379339918407
-0.152347666752583 -0.0542479063611761 0.382961861944493 0.214547942838534
-0.11239087751286 0.075239627306097 0.390679168341295 0.127680592720226
0.0199856184310533 0.101453025176625 0.305875026700675 -0.0389250801739859
0.0792270939364975 0.0333172931695751 0.210989700878292 -0.134810881727978
0.0833082962262622 -0.0217106522369225 0.119089587236481 -0.209359794965512
0.046516383967627 -0.0643369597499185 0.0683903666530317 -0.2144540742419
0.0194183194703661 -0.0796539121873173 0.0956288940000983 -0.166019944371946
0.0260795213130559 -0.0780136428621907 0.181641175257283 -0.141201094419657
0.0736187372272437 -0.0777261100294538 0.275040139665095 -0.0422872367149228
0.124298804129919 -0.0224819188404106 0.296798790764319 0.138020732704822
0.125065352345247 0.087865166319902 0.111774810731633 0.296264596356191
-0.0361427666259239 0.180162092214372 -0.0952643033667267 0.200851033044221
-0.188094419080667 0.0411524838411717 -0.0967729144852714 -0.036297618965642
-0.139876453687707 -0.0952894608215646 0.276405552971506 0.00228660472213448
-0.0193044370498011 0.0995981800190202 -0.317957877525422 0.0335836571148779
0.0733790126675123 0.00119732309813115 0.0979521898576667 0.107749028081851
0.0253517235030934 -0.0649764248631112 0.139825518857381 -0.21529789309457
-0.0511908227641397 -0.0177161167999919 -0.116751303074433 -0.334380869516718
-0.0220292962654598 0.0352659897565554 -0.356672436471785 -0.148773980299897
0.0085093542329807 0.0223420196959228 -0.317208866592089 0.0912390346023319
0.0170676437356583 0.011816805386746 -0.182985734608852 0.18262569271751
0.0251149194119627 -0.00498619776195396 -0.0952788914247218 0.210468167385849
0.0208896275724313 -0.0088989737290908 -0.0518272566953501 0.234924431205539
0.0277205254807211 -0.00735851461709335 -0.099601926085296 0.248832791050104
0.032822344261777 0.0210455216386042 -0.199013220040517 0.18752146201468
0.00902848433140812 0.0256523928930907 -0.294848102910733 0.0538567017175032
0.0212866002655154 0.0474696377069794 -0.391276240850656 -0.085251322371307
-0.0163653310573657 0.0836534104156763 -0.414933423696767 -0.199653018786201
-0.119060546258869 0.0935171963145003 -0.457641623370056 -0.127664355095812
-0.170742002546639 0.0920735027974471 -0.295191389338883 0.0133043950223659
-0.0258537401531691 0.0879247976517364 0.117902846578321 0.117214065586193
0.0167515255438695 0.042470277755388 0.183845756524326 -0.208190268769485
0.0240633070703432 0.0342319490019232 -0.0878824032535624 -0.365598057985198
0.067550576676417 0.0335119748057307 -0.3439786958356 -0.175616307490249
0.0783908341628892 -0.0241061185494048 -0.31273158895111 0.0650325710641408
0.053021739229874 -0.0563301139994026 -0.180912585356612 0.164278309079675
0.0580299938084237 -0.0791447393287976 -0.0824442656918075 0.193042218796427
0.0684564899716565 -0.0830696121599475 -0.0187830228724211 0.218785750310046
0.131986793960438 -0.06416911740562 -0.0433973726553514 0.252975580231814
0.163291878175139 0.0443273922625115 -0.142963170827817 0.236335493261785
0.0905760723858945 0.138636933648077 -0.26767851804957 0.129782425291089
-0.0353232213401166 0.202130759560889 -0.386918791957231 -0.0272217219992756
-0.182888510380558 0.168425573078306 -0.389639379588816 -0.163506279178278
-0.301656084586427 0.0886751162302235 -0.380215136267706 -0.113566888470201
-0.306824542949782 0.0551684491095479 -0.218890836230007 0.00299003125236609
-0.151444683132015 0.156089115651048 0.161513057104542 0.137035375577317
-0.0203950892715042 0.162638338435964 0.258169408655482 -0.183036625124774
0.0941567648541978 0.109688615066445 -0.0194131775367693 -0.391376240886514
0.159787386950478 0.0419258500790589 -0.297250940293243 -0.212327031177962
0.152514531227761 -0.064486144345813 -0.283849699099211 0.01757493969871
0.0899180841858726 -0.116423945109107 -0.164694693647172 0.117141216801495
0.0824052556581447 -0.142065899056579 -0.0584027683025334 0.147121340409546
0.0972620195151114 -0.142281310578443 0.0272262095314485 0.171716985143421
0.198394714587592 -0.123243864852447 0.0407330778940937 0.224367340553381
0.264868128687972 0.0280905644339298 -0.041431431021062 0.268408802128202
0.190516966526484 0.189787117358692 -0.197872516357635 0.222230504620709
-0.0219085575614563 0.327362320392469 -0.358610709534542 0.0591932220559775
-0.279264048426349 0.259446883902166 -0.349675467939783 -0.120769776037183
-0.425424248584579 0.0978781137271824 -0.262798594539489 -0.0977683746137179
-0.400828249308385 -0.00431809043891985 -0.0952008037686435 0.00822110714372117
-0.281074758979842 0.184895016183415 0.223558293117107 0.161484701112063
-0.0884760372015628 0.267397760993586 0.341240861700925 -0.127104654652644
0.13840928945169 0.199204783417108 0.079806396492816 -0.38023618212865
0.237434457463094 0.0634164256676548 -0.206244928788276 -0.240929141512073
0.216952784410769 -0.0907604764595677 -0.221931752596386 -0.0439127211454383
0.119784494949403 -0.16208958230854 -0.129889888609788 0.0462754547570635
0.0929742802763973 -0.185009134446956 -0.0261332925106154 0.0797261667699123
0.103873428493663 -0.178403467954933 0.074365895595446 0.101064739416223
0.220257276409759 -0.165294498922902 0.12461650598369 0.164686901121655
0.314300484095519 -0.0103820390625773 0.0761570206960447 0.26119221866947
0.26522020753748 0.181737184166118 -0.0959569420980126 0.287743666982047
0.0249192961878988 0.390033056035555 -0.296783828738044 0.138368055046009
-0.309085860940933 0.316778026520533 -0.296731414503495 -0.090171355514037
-0.477370048098036 0.103685870113555 -0.123528449305557 -0.0909288017795483
-0.426461762674601 -0.0684749970082953 0.0614763641004112 0.0293023990687511
-0.371791279870468 0.159562040563482 0.289751296249426 0.186181077851404
-0.168750592692104 0.315279810260193 0.404237886964577 -0.0478900870329506
0.138629274210352 0.270347134855561 0.185622714873608 -0.316050370237669
0.273000082351672 0.0908705765231777 -0.0787645825178874 -0.240978442129066
0.251769024534577 -0.0941707022543523 -0.129142759783877 -0.107766607865401
0.134556617155072 -0.181537270336596 -0.0794352823451853 -0.0358881778177029
0.0892316144752891 -0.201508287181396 0.0102172704234763 0.00219565382880861
0.0944143812728321 -0.187127814679868 0.113859522079773 0.0199528711195272
0.206791987897347 -0.177886819210568 0.189846640452067 0.089920789269947
0.30956703927337 -0.0382043097392762 0.174446311368748 0.221860979686705
0.285112907914014 0.153460095149765 0.00267319025806225 0.309762817103436
0.0524514936414678 0.385401195181166 -0.219069115883976 0.183104224742622
-0.299582486624708 0.312546329189082 -0.236899179168599 -0.0732854210550755
-0.462141427843408 0.0836813806699976 0.0152749340024937 -0.0876767082946108
-0.371777603399992 -0.114583513178977 0.221962782927538 0.0603834286066982
-0.384608799984894 0.0906209835693384 0.348286463804792 0.203283188170247
-0.216247901929169 0.283574524272918 0.427612380468415 0.0337900659229839
0.10185339385622 0.281403886992734 0.261767310055577 -0.21216688463883
0.251543177687163 0.101436412778441 0.0529191711367787 -0.209762263988866
0.239261489717279 -0.0803616603153106 -0.0247278535100465 -0.159071489430349
0.126459884268054 -0.17036980663514 -0.0222977904356985 -0.11503806734845
0.0716871371880183 -0.187295401012783 0.0438642723515505 -0.072469302613937
0.0736772396438744 -0.170846860379715 0.142000665634742 -0.056869318471641
0.171471565451042 -0.160751654376039 0.232102918237929 0.0201085254336749
0.265246454201559 -0.0446199593062021 0.24072987233309 0.174907124163399
0.254772723050566 0.126598393300097 0.0730766328370895 0.305206879415817
0.0423242755061575 0.337479615562442 -0.152122802788525 0.197406160753839
-0.2763956970676 0.24947780165151 -0.179147675418042 -0.0629468887134852
-0.39143212586742 0.0371924852318563 0.135313846609128 -0.0772153322226714
-0.24842578965139 -0.128939443744997 0.354187584641633 0.088805962015453
-0.304690373106324 0.015516253464575 0.384075843922397 0.210692108336595
-0.193412715544709 0.195365375910092 0.418522401695582 0.0907787849141496
0.059526503236206 0.217081518569494 0.296205347635975 -0.111264181045291
0.181694507643154 0.0785292695606796 0.154840419463412 -0.167686619767873
0.177908398189219 -0.05718661194347 0.0620449723145076 -0.194777683295062
0.0939529961636831 -0.130589309661991 0.0261910443475483 -0.179236283920287
0.0446150685832926 -0.144649063855359 0.0688294363223105 -0.133928109366685
0.0482721400712868 -0.132852218839782 0.161461245986063 -0.117541876408973
0.123815781672697 -0.126065731128335 0.257789264659371 -0.0314213743333621
0.199566405275305 -0.0383974788073665 0.282345196766117 0.138652902796239
0.197877482870984 0.104866395145812 0.113121242605332 0.292627192040409
0.00997947128422036 0.267640720315069 -0.106057993563066 0.199950708091612
-0.24243605039746 0.157991125885543 -0.131460216791433 -0.0492880654269791
-0.285056269466037 -0.0267779113925948 0.224951224160566 -0.0520066692138611
-0.0794103326091431 -0.114840744250371 0.431124436633259 0.0945431685580436
-0.155841712305656 -0.044593312033037 0.393828523425477 0.195343238750013
-0.107503714284031 0.0809421533829994 0.399053018951832 0.106026363733371
0.0261616351603268 0.0986546323431847 0.305262305722432 -0.0555152607346607
0.080563491189601 0.0281525457187463 0.206340985958326 -0.149426829533857
0.0811737262271496 -0.0280462018887499 0.104575266329402 -0.217917433849527
0.0419261946126665 -0.0676750673840872 0.0524065462388124 -0.218592930662702
0.0125564263682436 -0.0798415605308332 0.0839955270359519 -0.172359070909393
0.0207922517778617 -0.0795438679272478 0.171796349657753 -0.155136610522735
0.0680778322673547 -0.0829711389281155 0.272821052043166 -0.0601468135383684
0.122281132155959 -0.0299630156858373 0.306856907282683 0.118462591080924
0.129691556017867 0.0797118079652362 0.130548659833 0.288345579713946
-0.0244445963939684 0.181289328146982 -0.0841622928874939 0.205418564720166
-0.186559368880804 0.0546912491115868 -0.101599744230897 -0.0304806671262296
-0.146474695645553 -0.0860937338074146 0.275066811661975 -0.0142111330915637
-0.0121483395776336 0.100116867392146 -0.311397270082348 0.0587915388374962
0.0714609883408636 -0.00449345033744156 0.106439878853915 0.0965749389781193
0.0195251546395996 -0.0667612443990141 0.121927464416199 -0.224493063664899
-0.0513945710243711 -0.0128790932313687 -0.139889612876247 -0.320879487810209
-0.0178161499263362 0.0371771597650802 -0.365072227753873 -0.115369016460431
0.0106980759592652 0.0206821577919842 -0.304637310825714 0.117642697751135
0.0175280394988902 0.00890950205026145 -0.164506302829408 0.194107249609303
0.0241640995190743 -0.0079949169545966 -0.0750784519891095 0.215272328240077
0.0194960985935528 -0.0111789122512858 -0.0293195288839101 0.235730479172833
0.0275398866134053 -0.0100625241313378 -0.0754306730377249 0.254787157470741
0.0351603613154314 0.0175454077990616 -0.182730453825623 0.203051470609302
0.0109038718127536 0.0259324182777491 -0.291274810501379 0.0752277294876887
0.0244865762977384 0.0448902266560565 -0.394308558415434 -0.0521132060534834
-0.0111937261054849 0.0839135589865029 -0.425125516941847 -0.16696162923991
-0.11109733247287 0.102313858736024 -0.464118432701785 -0.0913653361686464
-0.162707953859958 0.105504236574443 -0.29103448038636 0.0372595203354029
-0.0186664179384817 0.0888577580262384 0.126763076740813 0.104321684511178
0.0202194522989971 0.0405605350828944 0.167707198713231 -0.220989932221283
0.0265605133653651 0.0314283035836769 -0.114414024280781 -0.353515782851715
0.0699653584704613 0.0268600240990674 -0.353835406790795 -0.142445496262344
0.0751110374015795 -0.0316476405236869 -0.302116319184721 0.0914434535564729
0.0474034298470017 -0.061282160189408 -0.163490018229372 0.176217540734234
0.0498904773015349 -0.0839597336593066 -0.0645118469320599 0.196903690348096
0.0606004997048524 -0.0877210753919828 0.00225917679175142 0.216178532570141
0.125231339101141 -0.0760707359016829 -0.0194345796647329 0.254530219630876
0.166925959319561 0.0291025098691371 -0.121984697724461 0.247313051066103
0.101528979804835 0.13085752191028 -0.257415357940087 0.147454280152799
-0.0183144291894001 0.203026571069378 -0.38734966211709 0.00461709685234513
-0.169006327716057 0.181301963472531 -0.395512358463494 -0.132972782326429
-0.294009465296221 0.11281799502601 -0.38833724722526 -0.0819723627337071
-0.301344946799695 0.0801027192326726 -0.217364479675785 0.0193550133949858
-0.136668267467545 0.166575836518681 0.171376572187715 0.121251276897238
-0.00656588362545495 0.163434580341642 0.244427387273352 -0.201130033397292
0.102551958426263 0.100430435159863 -0.0496855219149715 -0.383376362640036
0.162400497721343 0.0270713068829489 -0.309803827216563 -0.183216145191816
0.144775888302929 -0.0781618076623924 -0.278660861418589 0.0420073401757666
0.0787644696316671 -0.123895990063042 -0.151287430316834 0.128996025872255
0.0684358522778766 -0.148150291531281 -0.0444061270427027 0.149976806672411
0.0840750916146298 -0.148781359599635 0.0435791928544962 0.164990828978347
0.185931953819665 -0.140240394954731 0.0611694342793961 0.218275211337837
0.265349095434104 0.00317537335190898 -0.016560013280018 0.270683888740343
0.20461096860281 0.172363224828501 -0.179387926508837 0.233845594710566
0.00576117051252377 0.326717325211582 -0.352088196671322 0.0873587290439816
-0.257555050771553 0.280815163365178 -0.354998872560478 -0.0943463672915353
-0.417031524159288 0.131435035424837 -0.268822357517149 -0.076065379002241
-0.399568249780849 0.0307946275819422 -0.0945815902445728 0.0151762938604225
-0.262136004910449 0.206571417714143 0.233861667333919 0.141005299632938
-0.0656138068232618 0.273329853439493 0.330959851748386 -0.151847193729998
0.15370205146117 0.185749555522315 0.0496963930987148 -0.380480410782594
0.240525810656273 0.0410387658506786 -0.221080019505312 -0.219278146258123
0.205661298328114 -0.109713235471299 -0.222333649048895 -0.0240565500246757
0.104048798362328 -0.170739576893782 -0.12366058707045 0.0571463661664343
0.0744905268180048 -0.190988854800957 -0.0191954985541956 0.0805801931087679
0.0879576599392992 -0.185058993295675 0.0834379113962863 0.0906033336988319
0.203449183979259 -0.184539336319769 0.139162053842836 0.151550000725604
0.310611201627931 -0.0396833074308879 0.0996599080788408 0.252939627353488
0.277955791607001 0.158916570284113 -0.0724125743030269 0.289844069858206
0.057963907078766 0.383918866114776 -0.28453938957556 0.159287994241728
-0.28170975814148 0.340501099647045 -0.301913447819926 -0.0679233526271437
-0.467121321401376 0.142205207909081 -0.13106359883453 -0.0803296456981604
-0.429175972980959 -0.0307958530092139 0.062122323038353 0.023512627912505
-0.35498964551926 0.188220401670941 0.300786491085607 0.160673918146947
-0.140300966613128 0.32722782051524 0.399449264876367 -0.0774503542132523
0.159360142739756 0.255723375531711 0.159996692861365 -0.325231935185108
0.278748374898485 0.0653858590508859 -0.0947510861168828 -0.231710396687449
0.240111268970716 -0.116901385920943 -0.135862843852645 -0.0955291125028022
0.117740205313746 -0.191828580018642 -0.0816644374328479 -0.027970679291725
0.0695771258857801 -0.205841998109727 0.01011008218539 0.000962647149331133
0.0779920100433314 -0.192860561192666 0.114262036806717 0.00736806878981349
0.188726493999858 -0.194262436706039 0.196810195520267 0.0719592489492379
0.303326923082027 -0.0662024590497006 0.194553149009483 0.204974355281798
0.294552103432546 0.126857983244756 0.0284358631052911 0.303302681239673
0.0852060424120672 0.3763583297082 -0.204694868851808 0.196696933451415
-0.272001705823532 0.335134014167416 -0.24220607562315 -0.0553359706391591
-0.455574671534373 0.12052293503865 0.00667283773139184 -0.0874026842977545
-0.378832622631466 -0.0809801804129213 0.224206330070822 0.0431819014886407
-0.372727378837124 0.121630259921497 0.358680721495788 0.175318116548497
-0.189639358614572 0.299120116634303 0.429282095450614 0.00150480954292864
0.124414457338206 0.269317880265209 0.24398552360572 -0.227581783310922
0.257955472257162 0.0785661940948643 0.0395030625844999 -0.211594174788354
0.228593262842893 -0.101665629427157 -0.0368110510414758 -0.156124989823775
0.110258019181974 -0.179344215310418 -0.032117153572327 -0.110543972940672
0.0529316773370421 -0.190016334976006 0.0365148629988625 -0.0755392804205294
0.0590714997673103 -0.173707789405142 0.135429183098884 -0.0708618448659321
0.155547811206315 -0.174450585815984 0.23204559168138 -0.000271392829123819
0.259090422865797 -0.0676692426695528 0.256399518282175 0.152688660561671
0.26211896544914 0.103654975267223 0.0981478343455983 0.292662472303937
0.0711777493010661 0.329858240729898 -0.136571456119549 0.206019314596852
-0.254469653624825 0.271744112581031 -0.1846728360018 -0.0485733505535378
-0.388236052389187 0.0681064555076338 0.126554953077901 -0.0863932574929231
-0.256434425900587 -0.105618315703966 0.356984144575636 0.0613112883347065
-0.299746313352003 0.0401254918433625 0.395237131263216 0.179548543010407
-0.174883059190575 0.209607996517918 0.422714609129902 0.0585582996484896
0.0765288067196392 0.208613787364779 0.286453381238071 -0.130432520851528
0.186409866544438 0.061815387076779 0.144194233412392 -0.179159499170048
0.170157740852694 -0.0728300994083659 0.0456558139984886 -0.198802031882197
0.0811399744637041 -0.137116779581039 0.0102974873117604 -0.177820609860849
0.0304738091557829 -0.145127270299016 0.0566068827270623 -0.137464629059973
0.0365394632930043 -0.134781695377201 0.148858583289875 -0.131470827810214
0.110798177072511 -0.136224655000866 0.253394213736526 -0.053194148233489
0.193966581866759 -0.0546288556888759 0.293342723515203 0.113529181337885
0.203305366926738 0.0863664185001884 0.136121898913475 0.278734566331494
0.0324462094178991 0.262769813251748 -0.0905911024437392 0.20558049060071
-0.227007084423119 0.178428096444279 -0.137010679297687 -0.0382273835054568
-0.285834443149615 -0.0025772220667449 0.217168536901835 -0.0690653421016676
-0.0880096423677119 -0.105195318696019 0.437310416361562 0.0608275337270587
-0.157874064474322 -0.0306450642205406 0.404196977965941 0.164861345984471
-0.0989289500854318 0.0883575330179289 0.404274104843227 0.0752580395377779
0.0328987749172699 0.0939775683814451 0.30036900815101 -0.0769289519879489
0.0817252404314712 0.0210730252558942 0.196461535777791 -0.166163873005975
0.0775752263755503 -0.0346561726111108 0.0853510017725562 -0.224913571860544
0.0354137698343427 -0.0703096834898359 0.0318859085086795 -0.219679416087071
0.00449310193924155 -0.0788672416823537 0.0675354169501446 -0.176824060059335
0.0136181585241195 -0.0799367533649169 0.1553561735029 -0.167765309159504
0.0590087408700627 -0.0886655948679757 0.265083921319435 -0.0825768307259456
0.118468192059305 -0.0393830045806601 0.315187364137592 0.091074630083328
0.133923723363988 0.0677916986455793 0.152669616359854 0.273803714470939
-0.00897194749365266 0.180238549712949 -0.0686921716742365 0.208808752751919
-0.179601728015536 0.0707689819929842 -0.105619852986717 -0.0213523831029531
-0.152188959659222 -0.0719369281973825 0.270001425318977 -0.0363792150455626
-0.00424690677558555 0.0972479073166891 -0.294568532796632 0.0815670689734067
0.0671611549934268 -0.00958505421995061 0.109060205583849 0.082170947075621
0.0128457340769845 -0.0659023067367202 0.100053165963393 -0.225842371420215
-0.0500943503252773 -0.00787039586412672 -0.158188682294605 -0.297095180722445
-0.0134248424063357 0.0366898883430076 -0.359617539895858 -0.0790886781734742
0.0117916079465318 0.0185720773333113 -0.28160153732126 0.138126835775152
0.0170551908822953 0.00623072535972974 -0.141328519680992 0.198285604728869
0.0222403477462901 -0.0106837652828325 -0.0529696326503988 0.212202124575614
0.0185960259714402 -0.0128950283410752 -0.00635954373415487 0.227239934365863
0.0269796576671878 -0.0120290104104771 -0.0490034389939739 0.251748819936549
0.0361939464815161 0.0137035245431572 -0.159587040779235 0.210817947934293
0.0130526103665657 0.0247976536251985 -0.27784444860514 0.0954724509220924
0.0261685282300618 0.0407547258717942 -0.38390524451708 -0.0177571282138873
-0.00512933972127114 0.0818257217915889 -0.419819738346179 -0.129686788899474
-0.0991822230807756 0.107599435636511 -0.456835092299012 -0.0525551271598177
-0.148769684462602 0.114928413472345 -0.277748822334894 0.0588659287865729
-0.0113754894005159 0.0869495883287386 0.12938934109261 0.0886434048225265
0.0225572134912892 0.0373615840157861 0.144687812640005 -0.225544531501664
0.0284526368935204 0.0280019920178823 -0.13617382445375 -0.330248599285883
0.070328655595569 0.0193108374564576 -0.35022582806981 -0.10577706721698
0.0691900418584799 -0.0377321987375166 -0.281283718002703 0.112978424553817
0.0397485585878375 -0.0631599489431894 -0.140873122615197 0.18182912107364
0.0403696738568267 -0.0852641127478378 -0.0437837727137338 0.193892229885562
0.0509643573265611 -0.0898573931999681 0.0215999227209722 0.20534403648116
0.114361861096843 -0.084518030357223 0.00534953865493991 0.245096957379425
0.163109981202079 0.0121134117747313 -0.0957958694413724 0.248726997906083
0.108294434149461 0.118088666676703 -0.239002554311787 0.161679120511792
-0.00109815984975607 0.196625111974852 -0.372911348485081 0.0356331379500626
-0.149608594097718 0.188643525460726 -0.390718188071029 -0.0991447770245876
-0.275730513524757 0.132634518352778 -0.380462540879307 -0.0497542252392712
-0.284147899656368 0.10290078279544 -0.208701300691351 0.0360110335401362
-0.118210935857651 0.171179732401038 0.173712926143545 0.101205263760236
0.00730029579607668 0.157568773198105 0.221679947527185 -0.211872429647486
0.106482301329947 0.0878184108605532 -0.0762931543696586 -0.363777623524974
0.158608234287337 0.01075546804663 -0.310810687278846 -0.149880652952774
0.131610331394143 -0.0882488986525511 -0.262019816241533 0.0637522560667119
0.0646134238710459 -0.126296550592647 -0.133244807696967 0.13592100364399
0.0524945915908845 -0.148345462946089 -0.0296009060265052 0.146937796207365
0.068631670098261 -0.150341082278554 0.0568944331879734 0.152048775634823
0.16620578011121 -0.152193145635393 0.0799417580193224 0.203524431877101
0.256050674208126 -0.0219114242596647 0.00815065182785823 0.262233843259726
0.211229495529282 0.148669308241345 -0.157087509372767 0.237967438857175
0.0325772134139535 0.313443773685328 -0.33287311021972 0.112149658525521
-0.226248934079262 0.292223617107299 -0.348994497585925 -0.0654848326817272
-0.393797554269574 0.160603901708616 -0.266364133596688 -0.0524425679290602
-0.382690104295571 0.0628681156729114 -0.0913699041975362 0.0220588816806532
-0.235235380330161 0.218910505714108 0.235415731648764 0.116927198165027
-0.0392802676757261 0.268802461360459 0.309850325499404 -0.172429015505814
0.163115406801088 0.165371156478814 0.0189800735444617 -0.367206535368628
0.235409629726252 0.0179735747749185 -0.227565228587565 -0.191541717022201
0.18795371551321 -0.124410128526878 -0.213813399383083 -0.00512376675876652
0.0852963596981872 -0.173904409383702 -0.113345766008744 0.0653038929150815
0.0546451330914184 -0.190047799077638 -0.011032571135815 0.0786319431999938
0.0696610429457309 -0.18504885989161 0.088507499117788 0.0771353862044044
0.179307389367199 -0.195742485152274 0.148674078003384 0.131861410601239
0.296046410986631 -0.0664729313770051 0.119793308385104 0.234861757555902
0.281072813897483 0.129066004070134 -0.0482135923926105 0.283111359020471
0.0884393234236509 0.363486176118077 -0.26323270613942 0.175569322721221
-0.244317704867232 0.351382071184308 -0.297165140496086 -0.0437359280218085
-0.44297734333921 0.174020295111264 -0.13371881134058 -0.0663060235720826
-0.415949928974109 0.00693908441451424 0.0601004909103915 0.0177734838681302
-0.325962729241184 0.209581552025128 0.301112598263243 0.13130359056343
-0.107290841353904 0.326186895170305 0.382025110462897 -0.104837083037733
0.174538692924449 0.232806991527387 0.129269097916599 -0.322772157866837
0.273673083591407 0.0383211979019046 -0.105474446437256 -0.214341203082917
0.219358916760391 -0.133010421096686 -0.137671514303444 -0.0815544537637418
0.0967494022015383 -0.194635295657587 -0.0797821820343449 -0.0193933359147457
0.0481920337979126 -0.202740971509626 0.0095890278094292 8.95731088730161E-05
0.0595629724008296 -0.191556882437844 0.110200224219666 -0.00503396887204319
0.163679215573405 -0.204251350722471 0.196673084033563 0.0510518369859204
0.286451960259684 -0.0905838399783588 0.207161558057895 0.181076891999975
0.293398808797798 0.0977463637032995 0.0513066943516935 0.287189124382481
0.113730541717547 0.35425159155938 -0.183323104092139 0.204447770800488
-0.23520063119806 0.346237532777881 -0.239653234899799 -0.0352267154382216
-0.430939924007554 0.152949133053945 -0.00119790283736225 -0.0841659261349411
-0.370723281339648 -0.0459701670311571 0.218382501244391 0.0232943474983499
-0.348747220549819 0.146473052208696 0.357515162879588 0.140900449596758
-0.157361925741832 0.303720667531964 0.415179452319972 -0.0307978093828085
0.141079895796514 0.248367575793146 0.21790661317949 -0.234985280220357
0.254797172573648 0.0521696315215317 0.02504401853499 -0.207114113845268
0.210258646709358 -0.117346511517865 -0.0475182413393532 -0.147795929663374
0.0905965751738427 -0.182572606499161 -0.040539968939517 -0.102471251828976
0.0344463907187056 -0.185544481937545 0.0286067703326624 -0.0751357738780353
0.0428142930598665 -0.172110152332355 0.12347233016782 -0.0808929547707843
0.133758286550219 -0.181558001170064 0.224405344643198 -0.0212708529741897
0.242617604118031 -0.0880999831002835 0.261865876235783 0.124123247956649
0.259587888169609 0.0770637454503598 0.117664452639972 0.270942985827025
0.0964541755626106 0.309442058071573 -0.117162007550819 0.207626918163824
-0.222017928238146 0.28390596144144 -0.183589906770957 -0.0324305974966472
-0.370383965742435 0.097818382629663 0.114052265440202 -0.0924634428887002
-0.254908379149872 -0.0790090046046543 0.349315714134786 0.0308572056126676
-0.28490367010205 0.0630879256698859 0.393545119664864 0.144312060017696
-0.150770383347132 0.215512205875546 0.413509228050773 0.0248349626709858
0.090196421857816 0.19398438399654 0.266735126690093 -0.145565555755446
0.184308592969269 0.0426679708464296 0.127796012073182 -0.185895752273866
0.156441070855012 -0.0842234908008221 0.0276108820195559 -0.196053495513303
0.06562014422311 -0.139040383759117 -0.00596854226327726 -0.171102161626303
0.0161115015635731 -0.140241601380547 0.0428144785596595 -0.136915855148962
0.0243979342026318 -0.131830136957466 0.130900950216751 -0.139894865536194
0.094193976633953 -0.14022160342127 0.238848148453655 -0.0733461562021151
0.181509153780949 -0.0688803970635252 0.293997042326762 0.0833731814778068
0.202247755964068 0.0654362436535446 0.153600851486634 0.254842311110851
0.0537431505251721 0.248050020836168 -0.0727997073395773 0.203172221784418
-0.203747845399081 0.190823958855309 -0.136445881456476 -0.0250028573374276
-0.276116526344477 0.0219522492745863 0.20251852502872 -0.0833180259200116
-0.0919469113221351 -0.0925028294842674 0.427207084866768 0.0258292074010483
-0.154319175908076 -0.0163845459816178 0.400466784280469 0.130181574394655
-0.0876829393128512 0.092147849965583 0.395352321276322 0.0414935994506356
0.0386001635785011 0.0869465934253777 0.284928272180614 -0.0950661393612977
0.0797371904983193 0.0129603494120885 0.177954301470607 -0.177040167595136
0.0712449771812146 -0.0398004840896106 0.0631092203670944 -0.223718076198838
0.0276281219975317 -0.0712095977415976 0.0114567272048986 -0.212716035986181
-0.00304098537989288 -0.074393483334994 0.0496868698833651 -0.175178010266331
0.00564170467677232 -0.0780398910802898 0.133724028216774 -0.175103611372261
0.0481919331998055 -0.0900535737788273 0.24839110597381 -0.101243881674989
0.110112436061258 -0.047050312678854 0.311470194152446 0.0604804423960259
0.133802465434654 0.0534607073370027 0.169992414160262 0.2493696513713
0.00656349105149374 0.172138213020336 -0.0510686263324808 0.204406371642737
-0.166668696286067 0.0847050921209671 -0.10523075136437 -0.011268159301357
-0.152370797354987 -0.0555215650712033 0.255246431524289 -0.0561419402267043
0.00993777477602347 0.0955650589089236 -0.264840479668736 0.111610477833959
0.0614470981569209 -0.0175410008912523 0.110995172404091 0.0599833131687282
0.000641063974061995 -0.0646242609130169 0.0587613040137969 -0.223029179845082
-0.0481750233276378 -0.0018087141995357 -0.194073413636131 -0.251812834347402
-0.00667840546896334 0.0343574207719146 -0.346450756657815 -0.017408136915866
0.0135417686410592 0.0157941687115734 -0.241979218463081 0.170165192418074
0.0161178659324316 0.00424663823461188 -0.104609096042888 0.206085427273256
0.0191301650094959 -0.0137555834215871 -0.0155641456569692 0.203575954975175
0.0158232004679329 -0.0161331551249681 0.0285392836101704 0.210225308091173
0.0240684422127235 -0.0165961389431664 -0.00458705092143576 0.23978237763823
0.0378021998073022 0.00570230352233169 -0.118889479048068 0.220055508270839
0.0186408927969982 0.0239191372421917 -0.250459472175191 0.130976286145784
0.0314072919684691 0.0357210832456072 -0.360418158116 0.0393704694260427
0.00689721914243261 0.0808541106765877 -0.408776293310699 -0.0575566894810648
-0.0738793603318985 0.118996630268036 -0.441328146823806 0.0214760999473962
-0.125940101581209 0.136722996798388 -0.241275231815117 0.0836948678842279
0.00200085371542584 0.0831205177386626 0.133368749652069 0.0594018193694883
0.0253902581538753 0.0301248272160704 0.10221457829099 -0.23485551285947
0.0293569734779442 0.0210433731657752 -0.180484968038497 -0.287375005263047
0.0684625869916071 0.00565492802021652 -0.345240118179813 -0.0461454115948994
0.0586961541676807 -0.0441822040393536 -0.247823391606517 0.146185044210687
0.0272333603580588 -0.0635273905085634 -0.107584056832197 0.189029468826777
0.0239971831462213 -0.0854301218042473 -0.0106717584008419 0.184798501416544
0.0345508589157991 -0.0920077734808331 0.0513072485588998 0.183979945892634
0.0930047770038043 -0.0974855636148515 0.0451151735066171 0.222765731824814
0.154228468847009 -0.0167517433328727 -0.0525602312174312 0.242828521324618
0.120571006669605 0.0945328101146217 -0.200221224037469 0.185333117236568
0.0314276392710369 0.1838552190517 -0.340061794062195 0.0916086046349829
-0.109039148618465 0.199537745181 -0.378281252583251 -0.0247691934749902
-0.232578073381008 0.168754412625969 -0.374756723370677 0.0125679215442439
-0.257842077516166 0.146392222201154 -0.1690518530089 0.0508774198220967
-0.08589723508979 0.175673279276543 0.179523375608072 0.0622673789176223
0.0297916711480752 0.144002978760168 0.178421167783756 -0.23870582782523
0.109847856105802 0.0659223892041928 -0.131128734999858 -0.330363129286618
0.148998208485633 -0.0147477923443951 -0.317710675601365 -0.0945749395469542
0.109270529710736 -0.100746975309507 -0.2407577198542 0.0963291018777186
0.0414612366401306 -0.125355690618374 -0.108823876359468 0.144795693843732
0.0260868032853486 -0.14570183018448 -0.00521046440730218 0.139436044035907
0.0414940369444545 -0.15084123101197 0.074983546112518 0.127852891321608
0.129343214948368 -0.167322939658874 0.107512345340469 0.17016526706266
0.234700732825064 -0.0635105776976761 0.0479312220557194 0.237134080675358
0.220125086732592 0.107074898044964 -0.108964026581146 0.242173248157636
0.082917652951744 0.285678211114305 -0.288083639802802 0.158395278627109
-0.163689772342083 0.305300751355788 -0.335826740647883 0.00725530401489301
-0.336780074238269 0.211930951072022 -0.271466476418873 -0.00575978698945046
-0.357427822129286 0.124179683515427 -0.0525703801558254 0.022052138257779
-0.188740730154516 0.23649270808882 0.242862203469295 0.066162418634455
0.00246175577731919 0.254227390058953 0.270298229746076 -0.219020870994188
0.173378319476717 0.130435626702545 -0.0418479098690353 -0.352999809305833
0.221525237038725 -0.019480231615001 -0.247964506858023 -0.149387258727239
0.155959587580593 -0.142375451342948 -0.208100276763903 0.0239285854352082
0.0543404716554392 -0.172733574538506 -0.100943488933661 0.0749279594350653
0.022098776107304 -0.183689227598106 0.00133107413170396 0.073554671968079
0.0375140867726081 -0.182853761963414 0.0921962102780815 0.0532861108348886
0.134848534819057 -0.209377615178938 0.159361034384278 0.091384030793601
0.263147287484006 -0.110395416580199 0.148449500962339 0.193751476733247
0.280007887264337 0.0772986897486533 0.00153205207182308 0.266278720189302
0.142226966279053 0.322143548128453 -0.211153879870047 0.206073922340447
-0.169793446612843 0.362683513618284 -0.284208118089833 0.0231216419663165
-0.379750795321056 0.230768404854181 -0.149249736465937 -0.037586263870991
-0.397544354060105 0.0735738982881524 0.0926597960565816 0.00039452808084627
-0.274905577798081 0.239721465199756 0.309272265131173 0.0709065124803844
-0.0521522373354168 0.318345511809232 0.351417387262857 -0.168671702495878
0.193362401156864 0.191641556208354 0.0693072119115057 -0.330593772061006
0.260430568135262 -0.00530887440813717 -0.137547736530736 -0.192385631518369
0.18434722426046 -0.155757738973501 -0.149000726679233 -0.0596669220597506
0.0611068261603737 -0.193986674651796 -0.0836034876296029 -0.00943983726996868
0.0141522180046804 -0.194575464425704 0.00839874529795591 -0.00231100462606614
0.0272656220048766 -0.187236338295572 0.0993976057154266 -0.0261067313746155
0.119314603485397 -0.213962222566518 0.190390172042493 0.00895930691127059
0.249746218870002 -0.13116599829769 0.221422396075703 0.129996386347163
0.285584798995553 0.0446486615866596 0.0943897110101104 0.255488044150345
0.163811976100305 0.308047307692727 -0.133159400195398 0.221401903607662
-0.163117836832501 0.354488889834303 -0.230017297574526 0.0221278393561498
-0.372714484333732 0.209904748545386 -0.0270478332518389 -0.0742190774831482
-0.360890823894105 0.0148572705045612 0.23893411319686 -0.0120411674633089
-0.304057418365265 0.182927688027129 0.364786952167109 0.0736184556783209
-0.101661154884735 0.304073049888157 0.395163205026698 -0.102925769571451
0.164521000423537 0.211037054277897 0.168338597743659 -0.263471427694999
0.244564198062418 0.0115438449191168 -0.0130280192532651 -0.206269489941317
0.177629580494733 -0.139972415016773 -0.0748373845800496 -0.135876151675428
0.0573651624125759 -0.181466671688651 -0.0587252797659355 -0.0943622219696242
0.00379950155144807 -0.175747962664271 0.0148204274807076 -0.0752981762497913
0.0138818696299336 -0.166212454425769 0.100291539708441 -0.0982350273096036
0.0940232785094352 -0.187051594902829 0.204423148321387 -0.0611805622866004
0.209647322758522 -0.120974898584745 0.264362760220463 0.0708371175272916
0.250162853019438 0.0300851277638379 0.155079696326549 0.230580822636409
0.139918248862344 0.268408689881143 -0.0721061753480592 0.214376025515988
-0.160175804193527 0.294411992398299 -0.179164824119417 0.0150642396234318
-0.324926006810841 0.147260873484246 0.082041771142387 -0.100580167613705
-0.254192062562504 -0.0355160697781894 0.355201171825143 -0.0189506235932194
-0.255425542625968 0.0972300630927394 0.396985501558363 0.0742732369128347
-0.107983404652441 0.220254148218434 0.400653581502095 -0.0469720040656852
0.109320918234482 0.16727518304156 0.229524802063999 -0.185270689620745
0.177821289576083 0.0134707571258101 0.0884642849155682 -0.201135243920796
0.132874524881184 -0.100921617179101 -0.0094414396007355 -0.191078396056348
0.0403744371580032 -0.138351113369235 -0.0358473744020725 -0.162895161053243
-0.0059626547005538 -0.131141296308818 0.0189024980794085 -0.133552952585781
0.00197052987986186 -0.125697157914029 0.0984065526129027 -0.151784581728515
0.0632904879383257 -0.142509233371952 0.210727462906301 -0.109015124853285
0.154970879684689 -0.0930614777215124 0.287260911970418 0.0294013033389434
0.194506690669197 0.028194308980685 0.185471702963705 0.211959047481218
0.0901029332220384 0.217575213281842 -0.032997410161669 0.203742062827765
-0.156553020085917 0.205796055176254 -0.135397126363028 0.0111219259297077
-0.249167817490236 0.0622221014282832 0.169343356601853 -0.107332076091353
-0.0997557311416469 -0.0750120923070954 0.413824359756553 -0.0303753586482876
-0.144155528209617 0.00584921021556385 0.399954881991512 0.0647859663045772
-0.0672212846952113 0.0962750558794261 0.381540820599654 -0.0222254596526745
0.0470363815375263 0.0745766249677254 0.254653833516794 -0.137533629312735
0.0765181450781813 0.00123832813307522 0.13881841443899 -0.198126456127004
0.0599934184350961 -0.0474871873892506 0.0234120695109234 -0.220279708530707
0.0145561598872931 -0.0697281229276451 -0.0241130232682617 -0.203263303963674
-0.0137981928963621 -0.0667036887888603 0.0191630511575109 -0.1698372251397
-0.00760370011861461 -0.07273493977871 0.0964664081830225 -0.183318714395544
0.028057727819563 -0.0896461313430454 0.214747203150091 -0.135512811298143
0.0922785000012447 -0.0612687229252499 0.300357689590625 0.00774172898204089
0.130527667709212 0.0262768275047022 0.198650778669826 0.206318089697644
0.0352246390211136 0.155397295685959 -0.0152426211218701 0.202276975812003
-0.137609819355432 0.103359802483066 -0.105376454602809 0.0150159057132282
-0.147060718979955 -0.0284677476790889 0.226123164500904 -0.0925856021837542
0.011105573553698 0.0904971052917894 -0.247854426714295 0.111194673165023
0.0571051741313873 -0.0171411817098547 0.104828453880093 0.0546436100685587
-0.00171028060815817 -0.0611739128948873 0.051996924529876 -0.21154640694686
-0.0454224428642089 -0.000391163802881494 -0.186420883468065 -0.236030416150047
-0.0050753941310282 0.0324151783952336 -0.327180653885043 -0.00805816483418611
0.0134080148050854 0.0139110514980759 -0.223679030569416 0.166089730365435
0.0145879389254869 0.00364006240602051 -0.0942656256062177 0.194566239584855
0.0173325951057088 -0.0138872614898452 -0.00971566743748311 0.191732451596305
0.0149696924331026 -0.0161922474794393 0.0323263714125802 0.196705637407797
0.0228885839631618 -0.0174051895947716 0.00200348280804976 0.226034184950352
0.0369306541539967 0.00371405153008833 -0.107785895668434 0.21160373681192
0.0191014323310002 0.022994248964355 -0.236598490608505 0.129719268372909
0.0292442046376181 0.0327811781859418 -0.338756226618652 0.0441052988443127
0.00774310464505398 0.0761368956308672 -0.386969564201331 -0.0491759702536209
-0.0677264699376196 0.113842519165538 -0.416763108147343 0.0278905131810821
-0.116615705251063 0.132746382401948 -0.22683940183426 0.0848145516381255
0.00313569689910943 0.0782337308309676 0.125752024862054 0.0533579052215912
0.0242960972188757 0.0272477607756124 0.0928947282977207 -0.223344032979891
0.0277474108918443 0.0190455024569773 -0.174016795281072 -0.267757227185103
0.0651844409211303 0.00308675179536576 -0.325599124785696 -0.0352836235059203
0.0540211235095062 -0.0441010117185004 -0.230321458176089 0.143493494765034
0.0235905190137654 -0.0606833592529445 -0.0971027814825662 0.179485828448403
0.0202153837485543 -0.0819106544659762 -0.00457653890259133 0.173756025117532
0.0304740663477965 -0.0880885708794586 0.053350838638687 0.169999795603133
0.0852229886938215 -0.0953577338971767 0.0494457402937577 0.207584939071578
0.146162202420252 -0.0207069675842659 -0.04306006972113 0.230907704358152
0.116181111904933 0.0877271914683054 -0.188614558894108 0.179808074662639
0.0328173798302333 0.17308173291126 -0.319327734477595 0.0935489874517742
-0.0998314117741963 0.191657282181502 -0.357944911480832 -0.0185600370079095
-0.217060468198599 0.164227560378772 -0.355040069679115 0.019759144189738
-0.24063813147589 0.145065841808871 -0.160204029663138 0.0524672846740874
-0.0776806618438614 0.167363356309891 0.168614488223764 0.055292398610771
0.0310188188674358 0.135581920778193 0.165363206109641 -0.229056267135834
0.105027771682134 0.0594915013790963 -0.127391310929717 -0.308990571021063
0.140557133108631 -0.0186329262555978 -0.300252442495118 -0.0820943881965768
0.0996367476774835 -0.0987007668041552 -0.224435714011062 0.0962093101908173
0.0353542854816403 -0.119819911741163 -0.0988540902080069 0.13809340595498
0.0203269329799282 -0.13825470331383 7.61471905532857E-05 0.13089510880876
0.0363471819269097 -0.143408800219022 0.0735974110505427 0.116587293558159
0.117594998306885 -0.16206719105684 0.106857808226049 0.156309926959371
0.220381730568794 -0.0677424441813232 0.052623541535713 0.222870206340211
0.210177211971091 0.0960590333660339 -0.100060076075842 0.230833288621228
0.0842204542378909 0.268172291314689 -0.269917356072269 0.155665601823821
-0.14915485361434 0.293185245243824 -0.318263687347053 0.011284554205552
-0.316009396793383 0.208059159755865 -0.257841209623432 -4.83620058721474E-05
-0.335294334945965 0.124894931448673 -0.0513166239038214 0.0232603596133641
-0.173715842724901 0.226865421569411 0.228492113423274 0.0577757612887576
0.00816555584924734 0.239850991975135 0.253077834192364 -0.212136680609073
0.166494773512337 0.118544421719171 -0.0446824067300649 -0.330946188674696
0.208734514283965 -0.0251586130256296 -0.234921161376699 -0.136433317027487
0.142548207170078 -0.139023762647994 -0.195980536526765 0.0266859759073657
0.0463253766089232 -0.164555984232994 -0.0929362586637796 0.0728617672949604
0.0164699040616869 -0.173308587226494 0.00425151890663619 0.0684776162087721
0.0315300248813027 -0.173697906388062 0.0875013375620057 0.0458005533853049
0.120854827316377 -0.201419475475151 0.153801141716979 0.0808349203033057
0.245614659339732 -0.113513460706424 0.147028772497019 0.178976092626568
0.266477717214544 0.0658664883362104 0.005139168490036 0.250475841392395
0.141834908879567 0.300472465860655 -0.196627737988952 0.199783216931745
-0.152923750485423 0.34766430751146 -0.270350547954501 0.0258987056441162
-0.356916361541977 0.226812918502411 -0.143048928871867 -0.0323517967151151
-0.374227581133804 0.0782571216482121 0.0859703732278835 -0.000317652250490958
-0.254043195611645 0.232753791285573 0.291212624655601 0.0610142836514972
-0.041494235490323 0.301412274932897 0.330932502629886 -0.166095010645418
0.186835129037727 0.176595482460621 0.0626433442454382 -0.311898352015355
0.245770109770271 -0.0126092613464945 -0.131156820974471 -0.179396686538196
0.168903925233419 -0.152534249985771 -0.142084525419003 -0.0539818428497885
0.0528663763723096 -0.1845867802031 -0.0787871809716274 -0.00708184238806741
0.00841001478990164 -0.183110916193018 0.00839917566869951 -0.00270621235879278
0.0212630916728976 -0.177647196539879 0.0926556306593518 -0.0290380327099418
0.106265553585102 -0.205267693572059 0.180675398221434 0.00198717448896243
0.232268060034137 -0.131565381740439 0.214407168148182 0.116822630344679
0.270680609591687 0.0352350263771017 0.0936631600589672 0.237920369929928
0.162102945380579 0.286388697454788 -0.123383767308816 0.211078129877747
-0.14628360594269 0.340027018784951 -0.219352940984341 0.0253287845974717
-0.349891280576945 0.207400664065434 -0.0284660902822434 -0.0689076886090633
-0.340623431386922 0.0220312678713824 0.225529690230377 -0.0142569794684955
-0.284033354580132 0.179980667950604 0.344301029403805 0.0635848868639067
-0.0894482725149095 0.289321228730483 0.372731860104285 -0.104254894572395
0.160104633756828 0.195505189638991 0.156839766823307 -0.249493173127239
0.230923447067226 0.00398620252260276 -0.0132600530898043 -0.196224831526367
0.1635609875251 -0.136717333007595 -0.0735796260432987 -0.127110645869992
0.0494474628964584 -0.173339117756217 -0.0581279329833511 -0.0868273674983699
-0.000957845018374246 -0.164910291332783 0.0126536245492171 -0.0714861748921369
0.00928309545186962 -0.156817871202242 0.0917500490918945 -0.0956568262486231
0.0838453439060438 -0.179644102005748 0.191556913032933 -0.0640794481730056
0.194706825231462 -0.120758143253803 0.253617056559291 0.0586451605547398
0.235920538617702 0.0225238013672919 0.150270800613937 0.213588013220727
0.138509953057378 0.248369845363554 -0.0664978183148369 0.203467224892174
-0.143899145196573 0.282783011818473 -0.170786424596518 0.0182670663921787
-0.305101086230172 0.147654070012366 0.0743199089874957 -0.0963802781118302
-0.240610310122257 -0.0285179074407798 0.335523920123872 -0.0239924041323648
-0.239040195336197 0.0970361063344855 0.374968683041462 0.0641097230599161
-0.0966725951343955 0.209416438517014 0.378304243660916 -0.0516599826376502
0.106472921883686 0.154764553674298 0.216636393064434 -0.177736509442288
0.167429591067268 0.00774301436248717 0.0821165371502904 -0.194218370260935
0.122525287037121 -0.09910059678005 -0.0136031577581327 -0.181094717014658
0.0343042584009154 -0.131314403138265 -0.037949294868888 -0.151707902143671
-0.00900562465650457 -0.121995617294547 0.0148195217154366 -0.126552025171691
-0.00119445293934067 -0.11903566804493 0.0884683850304286 -0.145816833716079
0.0557362802863357 -0.136409538034606 0.196368399844744 -0.109716686730798
0.144400928972427 -0.0921793994318361 0.273535835338729 0.0195656895125858
0.183116451106645 0.0221666991268603 0.179294944247642 0.19536700883549
0.0900556215028745 0.200944377545527 -0.0298658583742789 0.192780788750277
-0.142675929919102 0.198903388330988 -0.128790799429926 0.0145350825983733
-0.234559878819455 0.066122300196638 0.156489367793714 -0.104683548498209
-0.0950810837604648 -0.0681691099758778 0.391644184445171 -0.0358838812281701
-0.135712954951045 0.00925300007491967 0.377994151376104 0.0549224191879253
-0.0608666608614604 0.0914407324670388 0.361698013079787 -0.0282307641657389
0.0452353435688292 0.0691104101484541 0.240671323326529 -0.134454193905363
0.0715182958400131 -0.00112229419380412 0.129130139492929 -0.19262386464716
0.0554485937321135 -0.0464603134967904 0.0169826654826292 -0.209589907676741
0.0114924716354899 -0.0662783292197981 -0.0281491788227125 -0.190506110948821
-0.0148637179895265 -0.0616291645450673 0.0143576623581694 -0.160993436103036
-0.00921129748439827 -0.0678166537281977 0.0871632155503209 -0.174868355071868
0.0232113913554042 -0.0845883808124269 0.199942795812608 -0.13283419481685
0.0856376821741038 -0.0596663681306899 0.284439782915008 -0.00161530155925046
0.122564686996229 0.0217862457992053 0.191090188863629 0.190381039083218
0.0364604761747001 0.144225694654959 -0.0123273845396916 0.190283165267346
-0.12654188690422 0.101788972488724 -0.100104455075104 0.0174177630911378
-0.138880928287048 -0.0228553206847049 0.210174890884577 -0.0917357884000662
0.010767494467462 0.0886783915049385 -0.241786763255823 0.106994360465246
0.055116548617686 -0.0160749446632668 0.100288782720539 0.0543053598152376
-0.00198817291493044 -0.0587485836721114 0.0520276847599644 -0.20386809861588
-0.0442864285687172 0.000138498608770149 -0.17867793460392 -0.230754703135512
-0.00376141149716197 0.0305799333785502 -0.316913079738635 -0.00783088555151311
0.013106528658893 0.0128590494929526 -0.21748327322497 0.160600662295153
0.0141413788482049 0.00322740469466017 -0.0926056546307867 0.186798592802266
0.0161647264769565 -0.0141539389417314 -0.00953837574839824 0.1845706932182
0.0150860495988334 -0.0165151213005931 0.0313971418686109 0.189676133111277
0.0228689083118952 -0.0176028427155495 0.00323386081259045 0.217462662905781
0.0362093006312161 0.00271574453000837 -0.105827256353663 0.205667222811615
0.0190547649342055 0.0232674990197146 -0.23176960268867 0.12562182636838
0.0275117853532011 0.0323160675883806 -0.328965769577241 0.0410559376496987
0.00726157243715233 0.0734138877253443 -0.374901233225236 -0.05173053510834
-0.0660974634746485 0.110307395198641 -0.406183540090407 0.0242865431218745
-0.113474875178934 0.129644964772554 -0.221587900632933 0.0823159268262074
0.00249548357523295 0.0762018077350649 0.119664222565606 0.0530566946203851
0.0232579375965821 0.0266147434826832 0.091681666824017 -0.216297642209312
0.0260529282626178 0.0185016577710169 -0.166349936696468 -0.261592796357535
0.0634931485983086 0.00269095217451134 -0.314529607190235 -0.0346606172711319
0.052365316563042 -0.0436443593950723 -0.223208647842505 0.138387946484668
0.0227590936777236 -0.0587132368934661 -0.0939864719636887 0.172381892238874
0.0193430901492536 -0.0796491510212523 -0.00418667146933498 0.167245634773234
0.0297986732993659 -0.0862950696650831 0.0510111846247245 0.163123439455298
0.0826063748928415 -0.0935552523693369 0.0491653009092523 0.199809831297881
0.141885059300487 -0.0215732447698374 -0.0412591585264912 0.224669290735839
0.113629031258947 0.0853674286803732 -0.186034437267778 0.174445998360847
0.0311351147801853 0.168782943056977 -0.31055871497799 0.0888640221200445
-0.0975814402666774 0.18593930128834 -0.347512340537225 -0.0221133648508407
-0.21269209471098 0.158716959886349 -0.344123330443077 0.0171938393550018
-0.234092596094234 0.141219955374868 -0.157046294170509 0.0520244717315062
-0.0760229325865676 0.162220539992347 0.161377074426332 0.0548474949791694
0.0294881769167568 0.130791516405224 0.162995417906617 -0.221357280553964
0.100716356683336 0.057471291759711 -0.120568177924214 -0.300275110718308
0.136148426161411 -0.018668680780359 -0.289085521212757 -0.0807499282224142
0.0964529363334999 -0.0966435032700739 -0.217622117674658 0.0925369285024964
0.0339917171410178 -0.116534387546067 -0.0951171847966015 0.133111492164102
0.0190415200122652 -0.13407768770021 0.000423438558194771 0.125437112358314
0.0358371011280161 -0.13980857030213 0.0711710778046524 0.110337103145639
0.114143050930338 -0.158543110520508 0.10481350614711 0.149274077904599
0.213809577464882 -0.0679731737786251 0.0523362259055785 0.215747003055783
0.204767115024056 0.0935938340582437 -0.0995495438986909 0.223423660627132
0.0809007611117348 0.260306727710174 -0.264058087747364 0.149637885187458
-0.145824405581715 0.285661276131565 -0.31073598905847 0.00724276485019961
-0.309390948839154 0.201795448780311 -0.251787705500798 -0.000909735818249614
-0.326129846675594 0.121865219117166 -0.0510064561161947 0.0242735406797915
-0.168718071347851 0.219518112572811 0.219101766369981 0.0579859804482284
0.00776442747576582 0.23263432611355 0.248368398391779 -0.2044018810316
0.160688474702945 0.115206396955484 -0.0384937153745699 -0.320585273922424
0.202186191559083 -0.0255490386462554 -0.225688560238874 -0.133925240305608
0.137482016094733 -0.135865067413871 -0.189959701640757 0.0255114922184516
0.0440008047629788 -0.159823146104072 -0.0896949677883786 0.0707187418229646
0.0146504851558912 -0.167922595392101 0.00431815318677816 0.0654634585456692
0.031712873051127 -0.16911881496843 0.0846375012257257 0.0421912372403895
0.116619572629492 -0.197191276696979 0.14992712415572 0.0765713856529143
0.238684785579392 -0.112519347348257 0.14461321785402 0.172996593810336
0.257990383664988 0.0634966097565296 0.00216744941596107 0.242460344158036
0.137392573827062 0.291840362961028 -0.194854289591333 0.19278686224767
-0.150298036772294 0.338693567203431 -0.264547369342632 0.0237498471322464
-0.349652552925186 0.219939749598579 -0.14028475388063 -0.0317810445150013
-0.363497336231533 0.0750003888478389 0.082140624767239 0.00176630666516027
-0.247996739999591 0.223968379944674 0.279711853162535 0.0607830153421067
-0.0409962676528962 0.291927224593547 0.32394163134222 -0.159144068985434
0.181590677563452 0.171138138256912 0.0652270216973246 -0.300833114790268
0.237855338429329 -0.0135266805296274 -0.124160865907734 -0.176424836430001
0.162926946500323 -0.148912222577587 -0.138422111567364 -0.0529844551403493
0.0505653323068556 -0.179426397478761 -0.0764478109498558 -0.00587295610999522
0.00727464978491925 -0.177070037715482 0.0088658827389623 -0.00339944700946008
0.0210425808940162 -0.172324560865106 0.0889880399293494 -0.0297133124024504
0.102153597342624 -0.199849040160287 0.17543466600922 9.15315740873736E-05
0.225584278108321 -0.130089504630469 0.211092159428938 0.111733607177394
0.261966889696321 0.0335958444120501 0.0892770356212074 0.229911933146687
0.156909282810313 0.276703355195757 -0.123821853605013 0.204839758303816
-0.142337906548496 0.330982662277999 -0.214980428720051 0.0238233666428377
-0.341817104188936 0.201494199828925 -0.0279838975340297 -0.0665124525110498
-0.330854253420016 0.0207862373737781 0.218427287175453 -0.0117528382910064
-0.276234894405388 0.172878717087801 0.331172758141689 0.0642214265046608
-0.0869631839789394 0.279300111461429 0.364536284837941 -0.0999102845405003
0.154584702581217 0.189418337937954 0.157792157991744 -0.24027296842914
0.223751218649754 0.00224753349122337 -0.00949301707692534 -0.192543271007139
0.15781176058861 -0.13395174693416 -0.0716690387943141 -0.124369732766137
0.0470967888107987 -0.168310554022543 -0.0559757125972794 -0.083010433764154
-0.00141817755836583 -0.159049917145602 0.0125877062367484 -0.0697494028755833
0.00896257605842422 -0.152040264982466 0.0878690993615799 -0.0940514681824873
0.0800352960730175 -0.174289188278685 0.186933725429765 -0.0634273887282507
0.188788791370343 -0.118655756170752 0.247888466027338 0.0555035020364199
0.228041046660326 0.0216973015196318 0.144408308461371 0.206847458846501
0.133904295901866 0.239405821964883 -0.0679881384263209 0.196856389948084
-0.14029598562141 0.275223191517977 -0.166819192125806 0.0173605568938925
-0.29744353018742 0.143975786500083 0.071759438768317 -0.0927798284828131
-0.233805152563638 -0.0282579435192995 0.326262927869428 -0.0206155247948624
-0.232984093448668 0.0942150268882782 0.361810182717743 0.0655056530691407
-0.0941383741454022 0.202294833983986 0.36902375509124 -0.0482988015297675
0.102468897567361 0.150034168654384 0.214459191111826 -0.170215235214846
0.162146692543191 0.00691098430403466 0.0829844162144246 -0.190124297096088
0.118394005628116 -0.0967057172541085 -0.0132702038785022 -0.176424960553904
0.0325969115699776 -0.12738623830568 -0.0372292572927448 -0.146488398167166
-0.00902835929682093 -0.116799758648829 0.0145822830864734 -0.12324532651209
-0.00117923057806847 -0.114766243524971 0.0851093158203738 -0.14154286033419
0.0526809572273469 -0.131748729961887 0.19083928892573 -0.1073340795631
0.139906108767568 -0.0897031009586474 0.266384873420937 0.0173535023204232
0.176078226009157 0.0210241689064834 0.173112037820962 0.189346734484714
0.0859800539548542 0.193366059750101 -0.0320652755282233 0.186977690853739
-0.137891336357627 0.193277339939562 -0.126072360773705 0.014433820805985
-0.227797337220462 0.0642158075704494 0.150805709835938 -0.100563234579857
-0.0918756961839401 -0.0663999457449379 0.381278568895666 -0.032714480049685
-0.131620299388806 0.00958392298292526 0.365638213224002 0.0566963341961793
-0.0588776460686552 0.0883074570550903 0.351227296411625 -0.0260994184205827
0.042842584717491 0.0662936110910357 0.237177491669818 -0.128772599342664
0.0688246923249395 -0.00156984565932394 0.127357888947257 -0.18887640067032
0.0540562792359885 -0.0453876616783244 0.0162344582713683 -0.20398969262895
0.0106060858005927 -0.0634747112192782 -0.0277032363229634 -0.183384560113827
-0.0139318713053342 -0.0582023451500861 0.0136975528209468 -0.156561744171576
-0.00917283484211084 -0.0655297769911741 0.0838344194236072 -0.16950439772041
0.0217000099613818 -0.0813703959366873 0.194058896480814 -0.129762020507084
0.0832112205622254 -0.0575437495439117 0.276458774643319 -0.00207344524140957
0.117337784593996 0.0209873853891329 0.184196819133954 0.184993138194564
0.0344323965295439 0.138846809658998 -0.0146146024920939 0.184069293939552
-0.121992824179828 0.0985962301983587 -0.0977480968439836 0.0174065289591891
-0.133274083339766 -0.021110995196743 0.202774796651816 -0.0887024663776654
0.0110424082363272 0.0896390095317309 -0.243419766234658 0.107722106944818
0.0557853015629725 -0.0151863284976948 0.0998196903486154 0.0562290528667098
-0.00254654737336113 -0.0584665629108071 0.0536833457013482 -0.204409570295825
-0.0445434561975007 0.000338915239764009 -0.179399729384725 -0.234831434985121
-0.00294238405541992 0.0311162243360961 -0.318196973412 -0.00766154225731391
0.0129230319360619 0.0121833275585857 -0.219226620046614 0.161241051726955
0.0145767387121154 0.00337461939863603 -0.0953228324952264 0.186233960510203
0.0161358579885574 -0.0149331935764114 -0.00996045463403437 0.184538631014067
0.015285481388116 -0.0176896772237426 0.0306481394658568 0.189020764009722
0.0235570963486879 -0.0185460057540917 0.00397240872555759 0.217909876234003
0.0367456040158567 0.00210997167516344 -0.107260740393108 0.207303386867972
0.0200809009084423 0.0243575960863334 -0.23618746182832 0.125868969499156
0.0261495049804253 0.03320988624868 -0.330439881892467 0.0390766663285405
0.00607462971304258 0.0739961208746655 -0.376526404137936 -0.0567960130005265
-0.0674274964019134 0.110632679972882 -0.409118274437199 0.0224700370862838
-0.114319190955248 0.130994222465213 -0.224977072171193 0.0832403021847652
0.00231904203953418 0.0772666639426694 0.118661958393918 0.0548444849085259
0.0224913363273272 0.0271100070140985 0.0951563060141457 -0.216241346346334
0.0257729412481059 0.0192342411111406 -0.164596054292841 -0.265274741407422
0.0645201513748422 0.00244270384442004 -0.315321768632126 -0.0354727766128657
0.0520276011425174 -0.0444436894425056 -0.224518004736592 0.139301538936571
0.0224862361402199 -0.0592462186858758 -0.0958328599866028 0.172031305109813
0.0183239741613576 -0.0803697543042667 -0.00403604806820428 0.166681087282794
0.0306438333735456 -0.0877026660992432 0.051073449089663 0.162137266542295
0.083086339412647 -0.0951432180203728 0.0501416971857683 0.19970283329529
0.143359610988146 -0.0234292792866417 -0.0414964746206915 0.226111851850652
0.114666023907107 0.0871276907903946 -0.189386705772147 0.174809211600013
0.0299048038661902 0.170486268381447 -0.313320572880023 0.08714666548204
-0.10000179641915 0.187247991773364 -0.35036155818167 -0.0267908387968282
-0.216137685732057 0.159417258741817 -0.349554200251763 0.014970125716725
-0.235874121457953 0.14208257564384 -0.159864732308222 0.0530974528299463
-0.0771864202119479 0.163590415998446 0.159142261805288 0.0575248883275845
0.029403416804979 0.131720368714139 0.167036901523864 -0.221210752571539
0.100615352228039 0.0585024497633804 -0.11759066055861 -0.303346889392429
0.137262004526938 -0.0199152451700316 -0.289004696917498 -0.0826641788568582
0.096268363019396 -0.0978160168193044 -0.218501703135543 0.0926157357316084
0.0337394740560552 -0.117577376587857 -0.0963857362330546 0.132807231547071
0.0186964431171704 -0.134656989935976 0.000605203670379094 0.124546984612133
0.0364707888919632 -0.141503499571865 0.0708893620854345 0.109444168280711
0.114614164121669 -0.161445733703756 0.106411095906396 0.148523198869437
0.215117381096535 -0.0706667833930577 0.0543126959951448 0.21664795384141
0.206210208002938 0.094659972822895 -0.103502657271651 0.224580142176219
0.0809118276549844 0.263437226785164 -0.268470171747545 0.148856912101386
-0.147908532120776 0.288351040341778 -0.313689558074646 0.00440111560720255
-0.314421816894021 0.202710830358611 -0.254680555612195 -0.00244593691568159
-0.328573160712084 0.122288749356751 -0.0530676182275448 0.0258456346791764
-0.17069099609289 0.220857055560739 0.217591629252371 0.0610739605782271
0.00723976993302452 0.23340961235544 0.252785647140749 -0.203744052639444
0.161433741818067 0.116059975743187 -0.0344007101723551 -0.322660291974841
0.203276452363147 -0.0263381578487755 -0.224767090743743 -0.136736465662593
0.138229131333054 -0.137739437724197 -0.190481983431814 0.0250224608084448
0.0436534999074494 -0.16096594945823 -0.0903965423610331 0.0703512096073517
0.0136684326867212 -0.168653156976311 0.00469801960741724 0.0642340366504593
0.0320209600668342 -0.171069124432611 0.0841329009432056 0.0409220177425833
0.116914407532622 -0.199050033878479 0.151296784108898 0.074610601436265
0.239779004662986 -0.115508505041506 0.14814386601118 0.172542603183443
0.259991747873423 0.0639530336377468 -2.96407632098969E-05 0.243614825313731
0.138201387529637 0.294436358339109 -0.199475405097752 0.192714728778728
-0.152215805485706 0.343773350130437 -0.268087549256075 0.0212728080284843
-0.354009117334307 0.222657604530274 -0.142494871889605 -0.0326929874957571
-0.366514996252791 0.0755706024949112 0.0820926531481629 0.00344266589935512
-0.250561279967311 0.225981418420016 0.278756153878207 0.0641803952774037
-0.0419622506397835 0.293351627987575 0.328035384065136 -0.158125503652236
0.181320719081183 0.172095869027318 0.0712308262739395 -0.301971054364859
0.239179886066844 -0.0143697666979827 -0.121539164222345 -0.179520887240117
0.163728053942428 -0.150924163726488 -0.138467754670804 -0.05428891602162
0.050209546808796 -0.181278025035193 -0.0760559779601205 -0.00613063376377278
0.00683811290739219 -0.176764562753714 0.00920451804806202 -0.0046920941090238
0.0214751118069035 -0.174186605233723 0.088637426174984 -0.0316815354514656
0.102993580495622 -0.201962503458325 0.176626166011837 -0.00209301197327572
0.226841530602696 -0.133042188631178 0.214423781777627 0.110431057080326
0.263104527840036 0.0338008722125453 0.0874868706949904 0.231329379068765
0.157729100414871 0.277824611963206 -0.128321539606755 0.205178692950705
-0.142916158532543 0.335916540037597 -0.218124946466246 0.0228086535764822
-0.346662937721512 0.203471489210426 -0.0294742706549674 -0.0667314814931504
-0.333349814625549 0.0195720882343896 0.220182569374545 -0.00952163947055765
-0.27887353813664 0.1746739164837 0.330561978263081 0.068119593634842
-0.0881189457842489 0.280159054536272 0.368287315256955 -0.0982674112205415
0.154904848116762 0.190610135363026 0.163845747627685 -0.240649723980882
0.224507530684396 0.00199449653534821 -0.00631926591638715 -0.196577103533437
0.15833416521065 -0.136135647641024 -0.0722280613157015 -0.125991822396061
0.0466725917693565 -0.169270986012975 -0.055988565688963 -0.0833949935740241
-0.00151033940765461 -0.158331899676529 0.012241293185846 -0.0709246098940614
0.00916946868744162 -0.153168049532462 0.0875888218889227 -0.0955811011253435
0.0803457507105341 -0.176125443815666 0.18762839362595 -0.0658343896748318
0.189519417784847 -0.120385234602865 0.251302514300622 0.0548654003312406
0.228168340952028 0.022025399148357 0.144122110742614 0.207610284126017
0.133207150192934 0.239758650781463 -0.0720308671484497 0.198042804445917
-0.140341872953298 0.278127603945246 -0.169957445599752 0.016763104118258
-0.300202534519039 0.145222736488729 0.0711606471290939 -0.0927497846172995
-0.236093916791368 -0.0289585777051634 0.328732493138122 -0.0179659752584631
-0.234626360580361 0.0952075584672329 0.362096853960713 0.069247675440086
-0.0960562901329387 0.202490646072728 0.372019722853288 -0.0463473502766778
0.102029890929315 0.150895775642679 0.220537461210332 -0.169546933777299
0.162348898050152 0.00691882347567181 0.0853240246356874 -0.193410735596511
0.119118481326129 -0.0985899701432065 -0.0131250745608844 -0.17871613398462
0.0320902826779619 -0.127938807179904 -0.0371700360767893 -0.146110061367845
-0.00896217055819097 -0.116234211147248 0.0139823295089763 -0.124349105888999
-0.00175669218350761 -0.114890805321626 0.0852300127342447 -0.143111115773919
0.0532542518570938 -0.131790349338407 0.191712653031058 -0.108760650199646
0.140463727940939 -0.0906948840553563 0.269882667768277 0.0160758368997584
0.175931287422826 0.021093305046744 0.17286239185993 0.190575704888747
0.0849727798853236 0.192993833906701 -0.0358954988392538 0.188177533216889
-0.13823661058704 0.194860544586106 -0.128002822850302 0.0144591956506325
-0.228905473562287 0.0647510457464682 0.151578236073789 -0.100756653089831
-0.092078892457355 -0.066213496288232 0.386843523692712 -0.0309443511875994
-0.13145122285617 0.0105251937522265 0.367604571795307 0.0614456177686911
-0.0592365729342158 0.0879266049077583 0.353843874655121 -0.0237972402682377
0.0421729941846104 0.0667119963158177 0.242684133634039 -0.12856823155471
0.0683635580299918 -0.00142802261917294 0.130098918764117 -0.192213539177551
0.0545013582632445 -0.0462453900977448 0.0168999127714399 -0.206136747974291
0.0104971627640063 -0.0634409943801079 -0.0276419214766152 -0.183936359822346
-0.0138242038582435 -0.0570773088182513 0.0135521769377087 -0.157456505600543
-0.00984380269511733 -0.0650662165418187 0.0836137707674377 -0.170730142685377
0.0213104892012252 -0.0808059087680683 0.19483577217849 -0.131141531233542
0.0838564295167824 -0.0578524309359699 0.279102520431515 -0.0033238181204822
0.116606253070818 0.0218174229818966 0.184734672306409 0.186089611776244
0.0338606646300031 0.138014294437749 -0.0178710321131258 0.185315883169042
-0.121396072891155 0.0995762682572035 -0.0986451959249189 0.018095272164021
-0.132649889803731 -0.0207349916846033 0.203003418444435 -0.0885697198541946
0.013847678568771 0.0934094057142405 -0.250884293197363 0.116723879861183
0.0570648118542016 -0.0161277533276878 0.103896564131863 0.0586506725394195
-0.00487202170224969 -0.0595866963665763 0.0527498364824979 -0.211537853340506
-0.046192660011066 0.00263306468326572 -0.189521489433099 -0.241856722375939
-0.00127545272974905 0.0321097360157595 -0.329037591970333 -0.000197998271421726
0.0128691617817534 0.0117011517018838 -0.223357038071573 0.171951869571564
0.015209015955779 0.00282790445671248 -0.0957780938087931 0.194016324877804
0.0161328480830538 -0.0162881587460777 -0.00622985345896353 0.190240086354096
0.015713878045955 -0.0194758851016775 0.0360590314260686 0.193620729836853
0.024931488580907 -0.0205230292603596 0.00918324034659928 0.225288732185072
0.0384048756723353 0.000590398246279251 -0.106131897854688 0.218120710242816
0.0221636260125044 0.0255033856698022 -0.244222381941316 0.136191474482392
0.0272801757907042 0.034305077623516 -0.341428233302182 0.0465046654431263
0.00734253399082187 0.0753490521919393 -0.390449869198587 -0.0543810079174909
-0.0683032431662806 0.115587173839417 -0.425378872140957 0.0305938215504894
-0.11509067218624 0.139061668759216 -0.232523269118559 0.0920579780315092
0.00355287220345959 0.0802807673993511 0.122252085720592 0.0570694040806155
0.023163451600081 0.0276181612571323 0.095320410419394 -0.224979874807137
0.0267347453457557 0.0199809460081288 -0.174559426943866 -0.273037643373384
0.0672665352289737 0.000425638768855186 -0.326857764669166 -0.0298197615766739
0.0523016385987905 -0.0477603778192128 -0.229215735943395 0.148916481229857
0.0215137440516602 -0.0624075023985363 -0.0962287964885463 0.17866752011076
0.0170138755147307 -0.0838939108465658 -0.000482178769430699 0.171502668441262
0.0303909137622577 -0.0928016803864014 0.056225468854533 0.164896066169312
0.0841690364937719 -0.102296683480972 0.0574815435289742 0.203576093111573
0.14756870404122 -0.0290919214807323 -0.0366115745579582 0.235027585616315
0.1220930592981 0.0881135316192097 -0.195112185215083 0.185683477222163
0.0345185959934471 0.176669674650305 -0.323432133325019 0.0964190017334156
-0.0998823332787052 0.196356668328614 -0.365440634556829 -0.0234736931323362
-0.222234658557201 0.169830381651282 -0.363433944390284 0.0222334193263703
-0.241351759607821 0.153201028735643 -0.166441448742247 0.0599358798729687
-0.0765824270329712 0.170949840681631 0.163912856783709 0.0584506608696033
0.0329447639886334 0.135437999340832 0.169494234469752 -0.231866104858554
0.104828442198621 0.0586067417614303 -0.125403212211323 -0.312579269396459
0.142046562759078 -0.0246977397906241 -0.29986534656107 -0.0794242626358367
0.0961006439472706 -0.104544948477745 -0.224011903677803 0.1006421199001
0.0314734797472716 -0.122534234753781 -0.0966616123164707 0.138265061189094
0.0156427884033988 -0.13958098512478 0.00326590991154384 0.127385061660088
0.034854500677827 -0.148565925294693 0.0749637207357003 0.109282120512443
0.113691805421262 -0.171745346058999 0.114324149585182 0.149076503243966
0.220026787166718 -0.0798833027267405 0.0633782648512371 0.223005555937507
0.215973628315052 0.0928897244259861 -0.104939246324653 0.235392744918545
0.0894186812393096 0.271449071069246 -0.27746593817188 0.160183623363258
-0.14716650555941 0.303401605243525 -0.326622947055482 0.00897593340752746
-0.3237692139447 0.217396822220031 -0.266278663339507 0.00307269211435802
-0.338565181667036 0.134139628016571 -0.0560070578207247 0.0297014783723842
-0.172349980889397 0.23290765428327 0.223130350243274 0.0609972596683367
0.0124574657499803 0.241643183218586 0.259530625697931 -0.215039115045733
0.169019599282163 0.116569153991053 -0.0395706100142188 -0.334007177243559
0.210192695265529 -0.0330267567559577 -0.234079185893505 -0.137975406349792
0.13842197848699 -0.146835933108777 -0.196883284996076 0.029950378210729
0.0409109883381005 -0.167904540613145 -0.0910058016744337 0.0745731677445963
0.00959934117725055 -0.174148194487142 0.00695906009116698 0.0652100753079596
0.0296516946451061 -0.17890781974869 0.0870014322911632 0.0375360525838561
0.11586903132595 -0.210975865199937 0.158561236478467 0.0709001789955119
0.245301880088713 -0.128475445182639 0.159668679050726 0.174028096499259
0.271348148457183 0.0602771504666144 0.00316925144235893 0.252954672016624
0.149754851449729 0.301764128541246 -0.204984044251239 0.203821141016606
-0.148847442061676 0.360419622830446 -0.279134127817138 0.0263667598117245
-0.364345268035515 0.238714331055383 -0.150083343640759 -0.0302831172191265
-0.379542502503204 0.0864053703951522 0.0837698064353209 0.00400064246060779
-0.255412216665175 0.239736938416029 0.286565526491023 0.0633458485473555
-0.036660323724564 0.304825352054993 0.338079052449377 -0.170922560659367
0.191915083920285 0.174292374329986 0.0708422972093752 -0.314537406764747
0.247010938414772 -0.0220892754125758 -0.1278888501581 -0.185654843650341
0.165296691592078 -0.161710530203553 -0.144743350857312 -0.0533779500376012
0.0468241980747837 -0.188871893104016 -0.0784593974586051 -0.00450673638919125
0.00232552758307271 -0.182759794069492 0.00957155191879434 -0.0062694568988255
0.0182265962149874 -0.181497117520272 0.0904202445228867 -0.0366020371767808
0.100881223058592 -0.213310033345459 0.183317982416447 -0.0084841374131968
0.230625272245899 -0.145728251247882 0.227582153530383 0.107921233322071
0.271943220533213 0.0285399562889092 0.0943926002913253 0.23716994265993
0.169971818913978 0.2832282593222 -0.131315107632956 0.216310158126529
-0.140140817847814 0.352452068319633 -0.227332988218641 0.0280762873388123
-0.356285609561514 0.219924749224371 -0.0332167580521665 -0.0679199795882857
-0.346309162315559 0.0278675394762165 0.22771794718079 -0.0129342355824883
-0.284949755508271 0.188279194383219 0.341635619978744 0.0668985661994428
-0.0853978143414481 0.292013473878214 0.380581425188104 -0.108637837432968
0.164337127457739 0.193680901865762 0.16806432911457 -0.251967989758964
0.232102463469587 -0.00402375318464525 -0.00883427584125018 -0.206286309586708
0.160473330535055 -0.146399747954266 -0.077859971486063 -0.129988745501482
0.0440214732182242 -0.17652388672953 -0.0599062701123131 -0.0842558515434514
-0.00579552113334697 -0.162394693994167 0.0111507666445129 -0.0747848645440334
0.00589721443625912 -0.159346906319563 0.0873670036881684 -0.102099170670263
0.0783729642122257 -0.184203432628925 0.192264004102975 -0.0745545355488504
0.193460595913798 -0.130843386692686 0.263506251491746 0.0483562547415869
0.235908724760274 0.0170428642160076 0.152537832561029 0.210894501138604
0.143696860670574 0.243812114347006 -0.0738646098889884 0.207353439880722
-0.138403114926654 0.292491766163605 -0.177415555108604 0.0216566190524349
-0.308609778764386 0.158840006677641 0.0704893963271254 -0.0965633379917868
-0.245061247643522 -0.0243640607892145 0.341706290862807 -0.0249412943649867
-0.240339155799585 0.104342389242136 0.375179290657813 0.0680416716945305
-0.0950290247522765 0.211087763562631 0.38440549321326 -0.0552200500543666
0.108535941379604 0.153962874524407 0.228234215298011 -0.180519721805238
0.167501135151364 0.00252015673561984 0.0872335895365019 -0.205282145572345
0.120848754560619 -0.105924659000904 -0.0180317588084947 -0.185583917461939
0.0302704253124091 -0.132613492402441 -0.0418649100077735 -0.150313902094811
-0.0118626221208811 -0.118744791984282 0.0116081559003555 -0.129936842976565
-0.00464379181799868 -0.118228986396761 0.0843140460490709 -0.150716299062568
0.0512701080340027 -0.137934435003312 0.195640485774958 -0.118945895866303
0.143867331249511 -0.0981958479478884 0.280890046558213 0.00887805656264463
0.180779305911381 0.018820065969754 0.181828499970246 0.192922073702802
0.0923105027863408 0.196666308394544 -0.0355996729606789 0.195809328275104
-0.137895824760223 0.205640362791873 -0.13331416856323 0.0182789774536756
-0.234851210916302 0.0730683830775 0.153900459259679 -0.106723234943044
-0.097571650496249 -0.0656387616568226 0.402383532498786 -0.0383293904893423
-0.134785179403385 0.0147258303086602 0.382066888765682 0.0587259532296484
-0.0593444648200761 0.0917224893280029 0.36626887551067 -0.0310770295675187
0.0439736524773945 0.0681080697785708 0.251659600871853 -0.137660135831569
0.0703912162933659 -0.00311813497068676 0.131903656195941 -0.204273021817256
0.0550919287972563 -0.050319457039245 0.0134554833882791 -0.214882733757857
0.00949778444253054 -0.0651348795285029 -0.0333980691152552 -0.189114841599764
-0.0154678028331601 -0.0570036857039295 0.00987048466031098 -0.163997657406352
-0.0125610484405076 -0.0661520560722273 0.0825165736541433 -0.178929990402298
0.0198259476889857 -0.0831473756934372 0.199063008726189 -0.141252406305152
0.0856531977448397 -0.061394270643158 0.289089278916921 -0.0103240161073927
0.120553637928976 0.0199303199158479 0.194747796791348 0.188444013442893
0.0371050116629443 0.140936370586064 -0.0172704139936684 0.192869201771013
-0.122454134674344 0.105900313901904 -0.102544616382897 0.0209273110978255
-0.136671712097 -0.0182236860573505 0.207444276854847 -0.0960231350063917
0.0341550349707865 0.0916964565078813 -0.245804380592407 0.166533959697565
0.0557039259454138 -0.0257254264503247 0.116289740340345 0.0450955483291652
-0.0146951324447433 -0.0578332905285837 0.0179113393841848 -0.225363326094288
-0.0425962509403507 0.010273303027176 -0.24108996376885 -0.212028093016576
0.00515604511822997 0.0273508871749154 -0.337667134065638 0.0633563382607352
0.0151750892079604 0.00732894088504039 -0.198684438147694 0.219719454751201
0.0159747386291964 -0.000346476465963662 -0.0634065401611958 0.22081442528378
0.0124179714845126 -0.0204815587949453 0.0273651146924757 0.194597567681947
0.0108226824489196 -0.0235441565271002 0.0718293649764257 0.192456641235572
0.0196257930791479 -0.026945209339141 0.0504607473932685 0.228214491181095
0.0371996929645923 -0.0088097676411037 -0.0723810059259938 0.244309398578323
0.0299401219717639 0.0220754566248794 -0.230474285548809 0.183795882340913
0.0339560530537767 0.02989378370818 -0.343268776190746 0.107107494968052
0.0221140304784947 0.0745031721402829 -0.410366227785518 0.010819209529864
-0.0461975143029186 0.129899188737527 -0.435052421696889 0.104009302014091
-0.0908613833265226 0.165391969694169 -0.226237005474275 0.126452531138047
0.0168106593351779 0.0832374817481594 0.13495876255014 0.0358051643449718
0.029684298839547 0.0275931123992084 0.0557734336480015 -0.251506733862284
0.0342698311657165 0.0166189445842933 -0.234773579912446 -0.246787074085116
0.0700609108941677 -0.0164141717920189 -0.343793891727235 0.0345539440105276
0.045194934282462 -0.0610443254067532 -0.209875955140221 0.199923499919355
0.0115883270536906 -0.0682298420648766 -0.0676817855614129 0.205563909613999
0.00160127986388963 -0.0891744960687427 0.0296424866412189 0.173835872050201
0.0130192224795845 -0.100288247093392 0.0862288080952953 0.158558666192106
0.0647998732424392 -0.119587180094188 0.0956644778501856 0.196215886328332
0.142044747654854 -0.0579129658173363 0.00248122216773786 0.247753364873042
0.141513155549672 0.0687325346449761 -0.172689944458337 0.225321227083131
0.0680067511400475 0.172813772381852 -0.314909869090902 0.154481546407751
-0.0650922818472202 0.216169025753606 -0.374411459335184 0.0412299479016397
-0.192720726650819 0.212245424101601 -0.374289281085425 0.0864140232456134
-0.220590545345269 0.207124042275099 -0.156352454764156 0.0715067087959131
-0.0509638584716696 0.191763859623831 0.178024407934216 0.0244009412505529
0.0579852482387186 0.137295441665384 0.128245035924656 -0.278691735079352
0.120552992968233 0.0432764230355456 -0.194966300740053 -0.29808721959024
0.142274774197477 -0.0541603415784002 -0.329798475143049 -0.0211334418010137
0.0806243298185998 -0.126716990984705 -0.215475108219084 0.151802614081808
0.0111005414456145 -0.131474213451699 -0.0753385934475287 0.165149518826896
-0.00987379802325894 -0.14567999181037 0.0263226787852007 0.129041462511384
0.00788301915319604 -0.15781806397024 0.095528991366105 0.0976891038402726
0.0828255580309611 -0.195536339557115 0.142380746929628 0.129228673570547
0.205147158793564 -0.122850742925253 0.103132051500215 0.216939808742166
0.237630874944842 0.0570465002301846 -0.0709033488083955 0.259702395372406
0.141353178000119 0.259008627041902 -0.255890849965008 0.209997264102405
-0.0934713294409023 0.334005650145041 -0.328419865109264 0.0687361986592129
-0.287576001400928 0.278821474953756 -0.277202476238171 0.0506594680022755
-0.327869169364322 0.207566144880228 -0.040561796043777 0.0139981305362869
-0.14023564819507 0.273106918039441 0.241064620183047 0.0121267226474659
0.0553493099948155 0.250715523185409 0.221910764713906 -0.284923924576752
0.196398352933824 0.0933247376006179 -0.11298013012302 -0.340106802667579
0.210765819374834 -0.0738973818967107 -0.276307970138533 -0.0939287707362618
0.116206922037721 -0.177413680122248 -0.201816481313657 0.0757308150904396
0.013482375489456 -0.179771371601417 -0.0831858876820204 0.0991307615493983
-0.0212421172843021 -0.179156691422026 0.0182597236363856 0.0648886003629091
-0.00287116025347349 -0.187730905645356 0.0947661088872471 0.0216856079093773
0.0777915608258395 -0.235238183722092 0.173133155982116 0.0408983440430903
0.221973752995916 -0.174943225235063 0.19350548538488 0.148928697722904
0.286039978580079 0.0136686976342129 0.0429454542204349 0.257366569627401
0.208860145169876 0.277343481572509 -0.17503060417715 0.242647062239003
-0.084779043589279 0.392189042315068 -0.274507438559044 0.079798810301687
-0.327072634606774 0.308811043708231 -0.162715126654518 -0.00255936493398513
-0.379833641220457 0.167808849334557 0.105946865019679 -0.0401312084736095
-0.225441781797627 0.294636089721105 0.309752054238617 0.000592482531184996
0.0143034318153409 0.324974186183197 0.312129782008422 -0.257336163187997
0.228615528008922 0.149881754994171 0.00247908917962851 -0.34473159075054
0.250689689729316 -0.0672785253991128 -0.178951200940413 -0.164833420387627
0.140974795604956 -0.196742377144922 -0.165682892730569 -0.0193408747722496
0.0155719635261875 -0.201812600392138 -0.0861187436152133 0.0156301188232615
-0.0289157012891606 -0.186225923119001 0.00812740372306837 -0.00819174109902809
-0.0141752911695226 -0.187966201263337 0.0842424157604146 -0.055372536416485
0.0632897247794298 -0.234313052259346 0.18337347639623 -0.0454178941589343
0.204698757666472 -0.189712916635506 0.251221962565363 0.0688898808980602
0.280635099343176 -0.0192684650783718 0.134406612496005 0.225208259093428
0.2244195457166 0.254316947834747 -0.0965134624622406 0.242068930669365
-0.0778033837773003 0.38307766282087 -0.221583671846147 0.0722406962519045
-0.322273533125865 0.287387338462289 -0.0482220745487034 -0.0619325183980274
-0.35782520486433 0.100657491362163 0.253666495955167 -0.0800548573182779
-0.266461902462398 0.247417396633009 0.37064997380341 -0.00643569051042217
-0.0394642652171127 0.319846429801787 0.369532771542192 -0.202396712275421
0.202019730557041 0.175448386294019 0.115871111184936 -0.301008315276282
0.238934436908614 -0.0437904037421843 -0.0600530526078612 -0.211482656361989
0.139317311995387 -0.179236003873822 -0.11088244966484 -0.111921221345346
0.0150001735200429 -0.188956003313716 -0.0822083710188796 -0.072107837177626
-0.0333844001504227 -0.164076601712633 -0.00226863974963738 -0.0785646137249908
-0.0227313486481637 -0.162363676026841 0.0697260207547741 -0.121894157725899
0.0465271276050445 -0.19965204435075 0.181156087917949 -0.113527707769984
0.169860760203726 -0.166699661768328 0.278669988720749 0.00132635646232917
0.240738753813039 -0.0232578641132535 0.190392130198159 0.189051673766224
0.190115652085798 0.219018798875168 -0.038558855423529 0.223642017593897
-0.086330988494589 0.321118836763387 -0.172240713436993 0.0564776621271298
-0.283351505600356 0.216607272853193 0.0540965467994947 -0.110526680622452
-0.262739740686485 0.0270253897443897 0.367594677977651 -0.104957425822514
-0.233922785191807 0.153169330381373 0.406835691636744 -0.00725051481632431
-0.0636795079646015 0.23780611027935 0.387140415380268 -0.143497444080008
0.137409463060765 0.143606059547355 0.194147234332497 -0.237805130371437
0.173479384182295 -0.0241102897181806 0.0421268858795539 -0.230175479206525
0.10603255775225 -0.13043317556228 -0.0578636366738169 -0.183215891297741
0.00860734533612096 -0.141188883757928 -0.0760973991633891 -0.144282411110069
-0.0309104356594799 -0.11782773689093 -0.0119879516441003 -0.135158653112193
-0.0252760120055176 -0.117884548591459 0.0580785124334231 -0.170255310912901
0.0282586373315426 -0.147208271328742 0.177215675355261 -0.159455177795968
0.126637260782945 -0.123566933962232 0.289370157533201 -0.0423536549281742
0.185359328576429 -0.012276901416987 0.21955063466993 0.16507879050488
0.127789409626559 0.180720411917447 -0.000964158014863118 0.206318711642179
-0.101810511333341 0.231969944254554 -0.129505732921843 0.0461254218040971
-0.223613665602685 0.115632428399477 0.138048402347039 -0.135675795602535
-0.116329156568659 -0.0446795727860585 0.420783019362702 -0.120137141482065
-0.139316732714419 0.0420618235091414 0.411814424846093 -0.0122143466856653
-0.0481627726109639 0.106729337541404 0.374572314671566 -0.107326876674107
0.0559810407156566 0.066743226612291 0.229493715536797 -0.195451542967229
0.0728547641341288 -0.0128295742748462 0.0921712292322231 -0.237506550215514
0.0484794690953191 -0.0610165692957784 -0.0291999913111187 -0.222473525913366
-0.000760630462038699 -0.068031299544386 -0.0736004280023961 -0.188004458054106
-0.0237493288343569 -0.0540619947027069 -0.0193657202681682 -0.168451881389429
-0.0240694841911796 -0.0635665226325785 0.0515716874377102 -0.19861921495166
0.00598708326869257 -0.0847928775902183 0.177686244332347 -0.182317562084729
0.0743820328701731 -0.0757009475321835 0.294902142183959 -0.0630232262145674
0.123196264774286 -0.000612359793795623 0.23307817350171 0.159175526861567
0.0620807684349618 0.134811755811656 0.0171327361550855 0.20025911035288
-0.103804488510691 0.128009386282726 -0.0989279960901362 0.0428500610033711
-0.140585641270889 0.00483683626871649 0.195951190586909 -0.134492489774527
0.045150485164233 0.0876322407304717 -0.228669118035448 0.193981554390307
0.0537508101376789 -0.0313648526287272 0.122611967014505 0.0355472196026827
-0.0207107924561608 -0.054777533862325 -0.00313401644273289 -0.227184973617812
-0.0405279836711078 0.0154431645055895 -0.263689375777963 -0.18842443601802
0.00894169711353268 0.0257424731156946 -0.3296823432415 0.0992849244372519
0.0152697904740065 0.00586639645127902 -0.174249056158983 0.24087311162391
0.0164904213705257 -0.00213922754330977 -0.0419039652656123 0.227840864068412
0.00966067540001954 -0.0223362039063092 0.0470502414219311 0.190911656241665
0.00812641382554108 -0.0257843220035801 0.0911695676875453 0.183632391928601
0.0166831082337753 -0.0301539463335348 0.0746021020535415 0.221445653248138
0.0364807160412586 -0.0127546621164768 -0.0470593809978007 0.251362234079623
0.0334337229707722 0.0195574508367761 -0.212873920496609 0.209414673001993
0.036592728293901 0.0271306846869996 -0.331859666102865 0.14109979512787
0.0285760283243821 0.0714421990349908 -0.409646571527893 0.0495081521086632
-0.0325063761032507 0.13438783522555 -0.426146663541983 0.150579795742715
-0.072700176153202 0.175120871875665 -0.213370861582788 0.152968532313723
0.0259236963808426 0.0809693056282067 0.138145891013534 0.0258857561798318
0.0316089590997035 0.0248318178562815 0.032772255000943 -0.256753171397253
0.0364226541435549 0.0142367645135155 -0.259274902828573 -0.224296902040481
0.0683473212485832 -0.0248955691907922 -0.3383968189342 0.0706928735572168
0.0381764572201051 -0.0656839406293366 -0.188170183324253 0.221579610772904
0.00440170027452753 -0.0687774169117755 -0.0466303376373669 0.212664369640503
-0.00830358086419638 -0.0898642649676277 0.046965554112418 0.169767785871611
0.00147956965573001 -0.102914188322288 0.101226557367807 0.148019673785043
0.0511345126562851 -0.127921799850258 0.115604607224552 0.183727722134367
0.135103611686242 -0.0739751918114708 0.0293280757514979 0.246846116380296
0.149673531569604 0.0537714910144666 -0.150930715088762 0.24401873032204
0.0854711370870472 0.166121171963318 -0.299446386137238 0.18639804501993
-0.0424568092165309 0.222409543537611 -0.372187403290793 0.0774403958851004
-0.171540430862223 0.232547532483392 -0.366068971559293 0.126155937612268
-0.197781221623222 0.230960254282145 -0.150105357752352 0.0907189346873314
-0.0309138914464137 0.196959534578226 0.179683732627971 0.0103823292641674
0.0722839229023904 0.131157997937952 0.101794862263066 -0.291199381897737
0.125393088929716 0.0317105431842953 -0.223584291508247 -0.280286513568002
0.136253522236625 -0.0703596173442221 -0.330299223521608 0.0127403757069369
0.0661000975529551 -0.135535393501873 -0.198507634830908 0.173611391964905
-0.0030847820632996 -0.132278248092163 -0.0587146730638692 0.172184567374983
-0.0255955409504453 -0.143490649810417 0.0387473874436552 0.1245056164481
-0.00953793682622676 -0.159638229981876 0.104078443465588 0.085850846578001
0.0603449091231433 -0.204888658522958 0.155298021253274 0.110963276036113
0.191557963442535 -0.145870911132229 0.126635764197838 0.20362598546899
0.244211076746151 0.0318817973194603 -0.0459922578301949 0.267747689884367
0.169207669928265 0.24347224669836 -0.235538537092631 0.23677451311732
-0.0579681617339517 0.343340194917325 -0.322567512105737 0.102443833443981
-0.259038740848256 0.31000029727933 -0.273280916286449 0.0806536601142066
-0.30311770653097 0.24290233205 -0.0404006144218297 0.0203641661212712
-0.110988701499848 0.287475279499402 0.24072480943327 -0.00853404901428858
0.0811477402942523 0.244152192120475 0.193997227844632 -0.307231206658624
0.205977207021098 0.0731176987448732 -0.14598428940377 -0.329831182041518
0.202519476274915 -0.0978145149876457 -0.284440972227843 -0.0670338400159227
0.0959882044555413 -0.190635839216067 -0.193122285075489 0.0959103075858872
-0.00668302849999825 -0.180349502201592 -0.0727801792636122 0.107332164348939
-0.0401214576099579 -0.175995317914979 0.0246205236564181 0.061443983680693
-0.0233367087756022 -0.188226887005649 0.0944798332986353 0.00981110362638086
0.0511074448564958 -0.244362655307776 0.176305633991925 0.0197210854285808
0.2019109180762 -0.200614915959992 0.210906713794139 0.124975870837168
0.287197459020068 -0.0170686886626262 0.067588608769554 0.253123399034779
0.238035444718098 0.254708858588981 -0.151391441758295 0.262111694750452
-0.0421872140993672 0.401646748585398 -0.268326471733578 0.107704854472005
-0.293818547366252 0.343509750292953 -0.16425673952441 0.0162437153405001
-0.362640674937564 0.208959878303725 0.101069575818285 -0.0486452424408517
-0.1943460854608 0.317844160440573 0.308158745791985 -0.0270179696354286
0.047950742434231 0.323464509765606 0.287214965105623 -0.28919973422516
0.244241213136255 0.126356964568041 -0.0304428035241079 -0.346166595029214
0.242903320893503 -0.0949624431634485 -0.195271342765629 -0.14867979798103
0.118054947366629 -0.213225669260792 -0.167233402234223 -0.00291713919495815
-0.00707351378603841 -0.202763203450717 -0.0837595992092299 0.0238935247231305
-0.0488546400079985 -0.181555250552874 0.00635547803936255 -0.0103864601651723
-0.0345289370070884 -0.186347850526395 0.0762483253335614 -0.0654609721624952
0.0366914438616586 -0.24109952095445 0.177157396667635 -0.0670770151828508
0.182808212824777 -0.213375241024202 0.259531608963791 0.0383042345149793
0.278374030326937 -0.0483659495476743 0.156378103804446 0.211700839871757
0.250901881421641 0.228306244071178 -0.073629938570834 0.253893890604034
-0.0355288078254359 0.391530530626831 -0.21594837812683 0.0949943459529921
-0.291880517111589 0.320563760361349 -0.055505425849275 -0.0550854329312453
-0.346267115042949 0.13990021765417 0.244907588469675 -0.105689428712355
-0.239746912933634 0.274865568326589 0.367531501020582 -0.0402584311463675
-0.00760035435608504 0.323234287605738 0.348976817206572 -0.239788303222505
0.220984409752777 0.154361823685614 0.0868956446473486 -0.314277287793474
0.233086647239774 -0.0704365738745593 -0.0816448448767478 -0.208244806324496
0.11855102578359 -0.195166982427323 -0.12220859710135 -0.101213311061918
-0.00584900294307781 -0.189299068166916 -0.0892664842194754 -0.0628218196427676
-0.0498213022492745 -0.1591183643288 -0.0119125668221718 -0.0793995853930688
-0.0398173751706404 -0.159124908553644 0.0548363335717108 -0.130100563939598
0.0246123927392292 -0.2054062523127 0.16755408610631 -0.134016524877659
0.150614675717542 -0.186056578075836 0.279361691021861 -0.0322172923123842
0.236874094307636 -0.0485496118691148 0.209121175756767 0.168595024983249
0.211663182200596 0.19739065362551 -0.0173758517431729 0.228740234259551
-0.0503646708688158 0.329904511969967 -0.167780821512323 0.0757262771190821
-0.259892766442012 0.246129297805089 0.0420797456834992 -0.114123325765738
-0.259055624433733 0.0563086043360778 0.357000143535234 -0.142665845654673
-0.216781023429541 0.178071853732871 0.405984309456918 -0.0466686822481957
-0.0393652383577628 0.243237913048195 0.372400312603345 -0.182216128484688
0.152060611449829 0.129691529126458 0.171709686774245 -0.258755565967554
0.170462706961133 -0.0429495234272337 0.0179411093227505 -0.237369320911442
0.089850780955977 -0.142951722214222 -0.0776483923720224 -0.178356208699399
-0.00670023098192334 -0.140922316071596 -0.0908900295784461 -0.13604481830751
-0.0427301801482406 -0.112490017524932 -0.026960847678018 -0.133838679569064
-0.0376958413539529 -0.114294070597297 0.0386251427230933 -0.177404295615139
0.0118577962598508 -0.149983330659443 0.159167470843457 -0.17840552107321
0.112678408347174 -0.137512326462716 0.285886131336594 -0.0758706390272811
0.182687160581284 -0.030474553917246 0.235085194468379 0.141744251574627
0.145129434543262 0.165239844332189 0.0180770648213772 0.207079340927147
-0.0752049643793151 0.242106639038188 -0.125727082227134 0.0601736188464648
-0.21027174527245 0.138729989549698 0.123341394167385 -0.149245171139064
-0.120169114982595 -0.0308048744325772 0.408398433491453 -0.164614870086722
-0.133675408714198 0.0569470179663351 0.411326124756934 -0.0537368484959642
-0.0368660498052432 0.111022627221004 0.363255730430026 -0.144931233989341
0.062833305890299 0.0611881781805321 0.211462862399377 -0.219538842954455
0.070598402760633 -0.020196402910256 0.0673781273912301 -0.249287904800054
0.0404867812992347 -0.0675339125791995 -0.0527727271401611 -0.220636769750332
-0.00827771167752417 -0.0674759065287693 -0.0934997661222984 -0.17969098075128
-0.0286330789264106 -0.0502273771524428 -0.0375666646295009 -0.166656015515011
-0.0307829284396196 -0.0596161372485704 0.0301255058820682 -0.204121013192713
-0.00317646897964378 -0.0845442409457312 0.157732945501982 -0.201627659546272
0.0663746714341678 -0.083443557010797 0.288302722876973 -0.0956010448423912
0.122905137682851 -0.0126564032227699 0.248186326529771 0.133895174496369
0.0744702690989477 0.126858235065367 0.0361489279902772 0.199117898134896
-0.0888572886912107 0.138305101113312 -0.0951904647789923 0.0535771012248069
-0.1379043614567 0.0185024404798842 0.181131765105918 -0.154238822294625
0.0515405769118278 0.0781156206535351 -0.199702809798121 0.208510976333563
0.0481697533902991 -0.0349281449165824 0.12146227640121 0.0250541097444558
-0.0242066738603012 -0.0491676114199405 -0.0220182770306073 -0.214760859248345
-0.0353815517423233 0.0190402016850628 -0.268474578097675 -0.156568758904239
0.0114293631146879 0.0226899277313548 -0.301514973748144 0.124132679167704
0.0145834081802638 0.00438084066938085 -0.142170642781241 0.245365565901893
0.0155758990697 -0.00430477170958846 -0.0197396868278277 0.221559759470169
0.00683030650229244 -0.0223535258523673 0.0613006208685289 0.177757949485936
0.00449133722492403 -0.0263124122573406 0.103118209328949 0.165346026355481
0.0123135286924364 -0.0311232007672063 0.091228094275313 0.202134404037242
0.0335634770255941 -0.0153035038700822 -0.0218833744342335 0.24394387590464
0.035173815155598 0.0152976707084241 -0.184513207723121 0.219328944123163
0.0370745740872269 0.022904998422739 -0.301079179718992 0.163001892014941
0.0320350599949938 0.0647316426690788 -0.385161194307544 0.0827797206285764
-0.0192597457714917 0.130595513495849 -0.390093760870012 0.181321075260626
-0.0510278530260269 0.172439780961028 -0.188776965961857 0.167582995695514
0.03255299421851 0.073980992329138 0.134791646361471 0.0146202924503793
0.0325390383525367 0.0212478220327355 0.0093332699582283 -0.246386225049149
0.0366839444835671 0.0111564757933939 -0.266522696828839 -0.190793572656027
0.0628029969822214 -0.0310671389663395 -0.313808321101337 0.097847452002745
0.0290631815632514 -0.0657766743652087 -0.157400503161451 0.22761891467645
-0.00200894715591985 -0.0661646811758752 -0.0252906092261373 0.205771777898099
-0.0164205856736453 -0.0846006455967391 0.0592220544013037 0.156152457621552
-0.00889684709695882 -0.098659539082197 0.10856489383952 0.130069563640285
0.0355064860814444 -0.126884582162654 0.126024617188956 0.161996582223583
0.120319004662119 -0.0833837082845045 0.0511478508379065 0.230712139624823
0.148134838309603 0.0369508012962361 -0.121713762858506 0.24681339401541
0.0966594372053862 0.149684521213307 -0.267971585846202 0.203581656228267
-0.0207027817423361 0.21510398765663 -0.347592015191394 0.106257149062547
-0.141857689864488 0.237232529982163 -0.33635081588509 0.15444406890986
-0.164897465771173 0.237592406514074 -0.13488370632534 0.103726040252296
-0.0102255852862163 0.188921793708759 0.171817363019419 -0.00230359900627382
0.080371947485803 0.117744547888537 0.0720367561802796 -0.285769012720452
0.122139994905037 0.0191407548137368 -0.23783095648048 -0.246886398483224
0.123057883329604 -0.0804933625464144 -0.311426929289701 0.0403971650190014
0.0487740580184933 -0.135299414028209 -0.171506889041196 0.183519867896082
-0.0154672403997457 -0.124636483243818 -0.0395598946127441 0.168165676683285
-0.0379432835571559 -0.133849160696746 0.0469726794935132 0.113517060394417
-0.0251771881275331 -0.15158157928322 0.104278341880591 0.0704835227443104
0.0361998436969521 -0.201232706299554 0.156772915497185 0.0886391524654737
0.166054087564316 -0.158275414143286 0.140095154597488 0.179252543740708
0.235448414740182 0.00778337877601371 -0.0207342883377929 0.259239265352844
0.183451757804326 0.215187633255834 -0.202687168386889 0.24700607385744
-0.0231107163158332 0.33110801968904 -0.298609793161922 0.125276195549176
-0.218537107191675 0.318660651673217 -0.253267178090221 0.104168856057857
-0.263896252713429 0.259820362795185 -0.0372303395148304 0.0266767429647996
-0.0783440048309262 0.283006188011166 0.227663123722077 -0.0256691442853976
0.0991061706530935 0.223840017243227 0.158819017150696 -0.309590347625522
0.201991031403541 0.0507788146019555 -0.16703342118374 -0.301755368513124
0.182421182836114 -0.11291781336499 -0.276257199853145 -0.038652834792576
0.0708194454262551 -0.190835742900415 -0.174051137531985 0.108305040239498
-0.0238792925854418 -0.170548826539411 -0.0586685876733865 0.107242419842261
-0.055007413881478 -0.162464771053897 0.0273457088546407 0.0548627504572533
-0.0408504891629345 -0.176642682556125 0.0879729208760911 -0.000961717609234685
0.0241838850536906 -0.236997057309948 0.167097799163422 0.000398061489993821
0.169721749927236 -0.210938856219962 0.212147375018223 0.0957391494018819
0.270575013293668 -0.0429067180467243 0.0866228907352415 0.235202010223617
0.249494069541166 0.218074562342648 -0.120935361035963 0.263553662486508
-0.000602972451549765 0.384332637865823 -0.246921994961356 0.126835366889304
-0.248190803117555 0.355054860047492 -0.154577956844716 0.0330037842899561
-0.322310184008868 0.233207725377095 0.0904759767224378 -0.0539749931318042
-0.154097851300084 0.320353108664231 0.288483980134375 -0.0496069876079106
0.0749524285096024 0.301145753233231 0.247363189176735 -0.300384554696965
0.244190345643619 0.097224702524147 -0.0587140555729252 -0.327657843611062
0.221277503119449 -0.114008414819124 -0.198621303938099 -0.126425572819555
0.0898018118380943 -0.214352864421903 -0.158909070747241 0.0114841320629445
-0.0263846539707895 -0.191334856633764 -0.076329194607922 0.0295954620635936
-0.0630168665631312 -0.16664417696529 0.0034996720769886 -0.0107608752991098
-0.0510331540691241 -0.173369091856637 0.0634584966830744 -0.0707604980025743
0.0102468291622919 -0.233143602195324 0.160136991871137 -0.0820130397069102
0.150530855365509 -0.221324822833782 0.250592345888348 0.00813412659368256
0.258786058187737 -0.0722329774753531 0.166148555138811 0.187203622335499
0.259330306913579 0.193044427451364 -0.0482715576796901 0.248796970507337
0.00615017406310096 0.373348420690057 -0.197929665293386 0.111490123006318
-0.244871405506938 0.332809914832298 -0.0578908826879243 -0.045093928982605
-0.314636424740075 0.166825084310623 0.222719859158921 -0.120969204739681
-0.201276587245967 0.282632078527024 0.343698078840882 -0.0682592825797004
0.0230941262176379 0.306769723592177 0.310636326085741 -0.257978526352602
0.223912512182671 0.126498419639497 0.0560269570767988 -0.307056108927382
0.2139461720434 -0.089036954683301 -0.097023705449772 -0.192766966209236
0.0919593118449067 -0.197960459305619 -0.126425022238748 -0.0862718203070516
-0.0240512369579976 -0.178638392854903 -0.0900322320075074 -0.052140315452482
-0.061606751960473 -0.144690595632535 -0.0196995157037539 -0.0740197531295263
-0.05337995848616 -0.146340894821329 0.0376173765184399 -0.129399692563306
0.00284125742247252 -0.197031548982879 0.14502250919561 -0.144661031322739
0.123817752504821 -0.192398222879201 0.2619156153111 -0.0606930252035477
0.219871792570588 -0.0679547420418093 0.213376258636951 0.141017065444368
0.217200002794751 0.166222029349094 0.00247389663750274 0.221270870504906
-0.0155616748663247 0.316735201087585 -0.153852155930507 0.0886209608015791
-0.223215232631759 0.257978658584764 0.0292714038812689 -0.111149577514431
-0.239266645665274 0.0790360695658955 0.325179116944295 -0.167875689450305
-0.188555147512585 0.188925841442272 0.37964718434828 -0.0783919045072278
-0.0159341235450033 0.234027091198449 0.336329976022611 -0.205818025669811
0.156454693549999 0.109641102609636 0.141261272255352 -0.262055516923867
0.157111725873797 -0.0567891459720661 -0.0059855073324809 -0.229270508581717
0.0698982785146739 -0.145073989647312 -0.0909016945294798 -0.163914254934464
-0.020180371782765 -0.132922516557436 -0.0993521668064307 -0.120687366137261
-0.0499677209794208 -0.101722576632081 -0.0388762801289411 -0.124598423606874
-0.0467885908070967 -0.103325158736237 0.018185790856162 -0.172111167052623
-0.00305277444680514 -0.142841548244492 0.133055708891549 -0.185275432338863
0.092772342911885 -0.141911556805487 0.26343736349566 -0.101815938109676
0.170491865785635 -0.0457405639713395 0.235850609448926 0.112526615171105
0.151029641398804 0.143081414784184 0.0344230448842586 0.195853144899311
-0.047196123926745 0.236254233760392 -0.114739065851146 0.0701262705692658
-0.185830687824297 0.150115565552867 0.102890833526205 -0.152219765844329
-0.114897729742885 -0.0172360095728192 0.373716959493189 -0.191638985278023
-0.120165370375176 0.0663063255027358 0.38517973241825 -0.0871880884579506
-0.0253311945905914 0.107971589926341 0.330602046146783 -0.170219308320408
0.0652110288096016 0.0527149364678794 0.182366483217115 -0.228548457052658
0.0646346806135626 -0.025433555682171 0.0406967488939132 -0.244720790814774
0.0305579865109655 -0.0683791882389652 -0.070727697466787 -0.206393087582186
-0.0141669317812281 -0.0631224584559849 -0.10599875144081 -0.161761091027305
-0.0310540058540388 -0.0444115336218092 -0.0515621906137246 -0.154379386462964
-0.0350059099156262 -0.0513997437589221 0.0083650230276911 -0.196817536705747
-0.0113482498747969 -0.0792121598714388 0.130207448495953 -0.206900625559224
0.0544209194817538 -0.08579750139498 0.264121808373281 -0.120310012742928
0.115377720796786 -0.023080809947435 0.247327057072158 0.10479049190534
0.08139822560688 0.113518894663058 0.0510277026657503 0.186222724978008
-0.0707544673773254 0.138842110626668 -0.0864978316057269 0.0606878987144738
-0.128679599715014 0.029289240938999 0.156569204402153 -0.16313671836976
0.0524085161091011 0.0684811465686548 -0.173832958621092 0.205602064178949
0.0428551422008335 -0.0354523903005697 0.115488273098187 0.0193130253141409
-0.0249029467208711 -0.0437803921321926 -0.0283663534196613 -0.198407154807272
-0.0306968233168837 0.0196005941700997 -0.257709118082936 -0.13329602470553
0.0118724897131841 0.0195419178891964 -0.273023242811562 0.130668913595944
0.0136458414407327 0.00367631538719264 -0.118015346213913 0.234564698913738
0.0143991823399247 -0.00569941502037428 -0.00695212857251687 0.206860115532084
0.00487748661254496 -0.0217319437627752 0.0650434499850147 0.161092056455804
0.00200449672071506 -0.0252503804123177 0.102820998958259 0.14853606572889
0.00956835372822653 -0.0295957358625489 0.0941423473782206 0.181877447407595
0.0305357021583752 -0.0159984035972031 -0.00840744249701985 0.22715294769696
0.0339509416722922 0.0120594373387842 -0.160908413547927 0.213339866088737
0.0347984017204136 0.0201079129609964 -0.27053951096452 0.163794690862416
0.0309039139126846 0.0579115424292449 -0.354753673666193 0.0928589336896722
-0.0114387971851905 0.12147483084749 -0.352310085683833 0.186509687101958
-0.0375264288630842 0.161836213045353 -0.166072705861409 0.168278724780477
0.0336786311735862 0.0667323790626499 0.126696549911682 0.0099194234379949
0.0312701246236072 0.0186515159157725 -0.000942408559492146 -0.229581784547548
0.0351625195895718 0.00869449473313858 -0.256350050974935 -0.165217277570164
0.0566453874333137 -0.0334025985293909 -0.285287940550041 0.105699894202394
0.0232348962688271 -0.0628300871430753 -0.133291107795242 0.219048304783134
-0.00504699381892826 -0.0614155625238045 -0.0137147093693009 0.19265136640522
-0.0195481107992536 -0.0774692525525539 0.0618199609455325 0.141421988179062
-0.0141686856666919 -0.0920009639515916 0.105625091650485 0.11480023722485
0.0255440059316754 -0.120176515665062 0.124006854296583 0.142388915999353
0.107224638280355 -0.0840141251964592 0.058325159931128 0.210093936291035
0.140126748239347 0.026763306601955 -0.102033316150572 0.235772787216859
0.0965385491911365 0.134713745556133 -0.237922295346639 0.201440321672671
-0.0108269598911488 0.199794966096517 -0.31869129650021 0.113579933603819
-0.120210126716149 0.226515218669798 -0.304328908630239 0.16096481957297
-0.138769014991081 0.228087286508749 -0.119368864085201 0.106091165128764
-0.000295747466578216 0.174618119977494 0.160249920630584 -0.00646215637226966
0.0800132790128461 0.105068181161195 0.0550006079856306 -0.268301178211854
0.114811898847641 0.0123769062100343 -0.23185978679322 -0.218960941087283
0.1091752692432 -0.08212575083723 -0.28598762016064 0.0526174117580469
0.0366958184554418 -0.128072463442172 -0.149346506400084 0.178286391546439
-0.0209625518299506 -0.114811004966454 -0.0287318734842996 0.15730050452656
-0.0419215572897146 -0.121852847345435 0.0479326998314059 0.102692652178053
-0.0315587119753174 -0.140022178506929 0.0980689995672773 0.0593039998325198
0.0219504459363057 -0.18867537598598 0.148205095736392 0.0727310985240728
0.144323508097442 -0.156379054508811 0.139079301926288 0.156489488400737
0.218852441171996 -0.00507091797362418 -0.00808748260054112 0.242867080312986
0.180442594267885 0.189813008014786 -0.176702940167672 0.239271312545312
-0.00494409164605406 0.307251400317345 -0.272305220495405 0.130496491667318
-0.187923477054781 0.3073304515515 -0.228746959060226 0.110184903446097
-0.230569991735035 0.253659180045036 -0.0334582838930608 0.0294477118101997
-0.0584056731196717 0.265214355948184 0.209818544530249 -0.0301884387250953
0.102601554399244 0.202707883011767 0.133715854915692 -0.294543544099027
0.190073598967439 0.0370852312311754 -0.168737923387757 -0.272998664201013
0.162543394533161 -0.115339885267033 -0.257287062350747 -0.0240283098208953
0.0539737630369357 -0.181146521548886 -0.155687007364144 0.108448485434112
-0.0311620812167299 -0.156434861939927 -0.0484344629507809 0.101801052498567
-0.0586696920376846 -0.1468365074102 0.0267526334296742 0.0496031293585559
-0.0477613183752425 -0.161659093408366 0.0792247472033476 -0.00577029308528587
0.0077540528040378 -0.221613732682212 0.153014886162643 -0.00982715446136462
0.144729247196631 -0.205427051614742 0.200960159397037 0.0743150869298526
0.249288975864704 -0.0541063601610297 0.0904662136540413 0.215062828300644
0.241578652804487 0.188239352574037 -0.100430258634692 0.250976505139762
0.019506270937532 0.35472561621627 -0.22394869058598 0.130664594451724
-0.214760309712052 0.342560280709623 -0.140976495839259 0.0401022714907361
-0.284578330092048 0.232749803950634 0.0806482233471553 -0.0520494754785463
-0.127016334347996 0.303715038903282 0.264624401677623 -0.0552891496172383
0.083198602571123 0.275377907079374 0.215753949576134 -0.289871662067718
0.231170296954168 0.077581202805798 -0.0690686992409025 -0.301785660137291
0.198656157023366 -0.11800493846841 -0.191144324644951 -0.108978579139952
0.0697234468170865 -0.204732295072998 -0.147103806986861 0.0176061778356523
-0.0350560772677677 -0.175402760929242 -0.069168043207772 0.0311449227328994
-0.0662349881745209 -0.150012654384395 0.00162823082786353 -0.0108077792561061
-0.0569954798781087 -0.157967087028504 0.0529766860704471 -0.0685745020929317
-0.00369947632319902 -0.217095402646774 0.1419299942193 -0.0853325109885624
0.126213673932347 -0.214132972550787 0.231895150408262 -0.00920477913990006
0.236197569446483 -0.0803087880445986 0.162310810815367 0.165930074804688
0.248442503421189 0.164416040753132 -0.0341817944540812 0.234867684771339
0.02519808579134 0.345494700713294 -0.179024245763586 0.11437864911063
-0.211217700904361 0.322303190883695 -0.0550659402380425 -0.0373574619237264
-0.281551274076891 0.170510011478814 0.199736732656472 -0.121557478908396
-0.172151942387807 0.272299472276217 0.314334916248638 -0.0760444574540846
0.0353851546220401 0.28355040261682 0.27546222032282 -0.253684582980494
0.214160393616451 0.106063780346689 0.0384232455746866 -0.288602192618389
0.193412442274534 -0.0942732663624026 -0.100460997029465 -0.175888574660503
0.0721543406071582 -0.188829929052485 -0.122460208036696 -0.0746479490898464
-0.0317503238387436 -0.163811375127108 -0.0858823477029547 -0.0442531092418126
-0.0631880869457479 -0.13050731889423 -0.0227494004421405 -0.0678985715393545
-0.0571482767547735 -0.132373031018187 0.0262289420815395 -0.121348456605311
-0.00863915144475299 -0.182898444738871 0.12513329876463 -0.141962819188083
0.102802359626228 -0.185296219371753 0.238953444199227 -0.0730346435001276
0.199980520986238 -0.0729053989865655 0.203255173319399 0.120298601122204
0.208036573796541 0.143073670653089 0.0112591502110011 0.205670920804322
0.00282100797682542 0.293337211109256 -0.139063281681878 0.0911256810672749
-0.194176951445237 0.249789845080972 0.0224415400819985 -0.103198389930817
-0.215905409142119 0.085608536799263 0.2930009362068 -0.171074067401565
-0.164229511153726 0.184386068818375 0.347728926288046 -0.0889829098452494
-0.00419048852319404 0.217775290218175 0.301634673262733 -0.205893077263693
0.150295603863416 0.0935212695246184 0.119821632786265 -0.250263349007452
0.142696772053578 -0.0608229484166558 -0.0176589611446375 -0.214006126824438
0.0552181922296823 -0.138588022216063 -0.0938227927933036 -0.148712913339483
-0.0259319844042832 -0.121921035991332 -0.0977865220618077 -0.106861885535502
-0.0499250268704799 -0.091187399750525 -0.0431836334182644 -0.113673452646082
-0.0480487153189803 -0.0918384250618009 0.00651878396923016 -0.160116364506881
-0.010213292147208 -0.131689568961757 0.113386921562344 -0.179476228478928
0.0773750174560267 -0.136769656872874 0.238635942451241 -0.110403452166751
0.155136982417691 -0.0502080645676363 0.22339384334013 0.0927989023004444
0.145492917670636 0.124610223338 0.0393092830929892 0.181329528676802
-0.0307692161591529 0.220107820075763 -0.103266184228937 0.071774079477565
-0.164493903399872 0.147518769359499 0.0874670582914911 -0.145706501995251
-0.10601557718475 -0.00950954247318323 0.337811472604665 -0.197039439842056
-0.10695924998577 0.0682268816684814 0.353202782114632 -0.0980676274760538
-0.0191787760279831 0.100926372294253 0.298003390970762 -0.172491899369243
0.0626309954764212 0.0458504846231616 0.159435791811804 -0.220861347217111
0.0586668855544616 -0.0264737050502779 0.0244608798626753 -0.230134115164191
0.0232100938457913 -0.0650154757416533 -0.0784151540770647 -0.189230739291859
-0.0161114866953785 -0.0572215782259418 -0.106314779885862 -0.144793876816281
-0.0298488513695058 -0.0386630115069195 -0.0554932528890457 -0.141283617283945
-0.0343612211260764 -0.0443265409478657 -0.00311801165560957 -0.18227629279826
-0.0147342779447706 -0.072205805701962 0.109433972978167 -0.198431637454814
0.0455436627255977 -0.0829039413613428 0.237552589020627 -0.126363665492511
0.105451711731178 -0.027074931359013 0.233888676978972 0.0849225594004116
0.0793304413028562 0.100841964052494 0.054001816459578 0.171130533071359
-0.0575445836862782 0.131031568989002 -0.0769478990509608 0.0613543876811896
-0.117006641297948 0.0323687518071901 0.136280729035228 -0.159253579102362
0.0495176528344296 0.0627310705894644 -0.160696585215862 0.197819688529695
0.0394023934144425 -0.0337991580431591 0.111511874632001 0.0190877279023041
-0.0231077668400179 -0.0401121665461454 -0.0266723807909044 -0.187965292548272
-0.0274958240207272 0.0184121521685892 -0.245220307073726 -0.124763305520145
0.0116242369609881 0.0174077624221542 -0.254928283942125 0.124884895439065
0.0129734015367821 0.00355166671818399 -0.108342379403072 0.222333412863505
0.0135470681879194 -0.00614721359117707 -0.00509920087273789 0.196635897370786
0.00410813651208545 -0.0206521507199438 0.0627373765524944 0.152244803368762
0.00128433093400613 -0.0240533463699773 0.0980934218498786 0.139682338186505
0.0082742537211463 -0.0290297269343275 0.0892531592992949 0.17009158046527
0.029024651348772 -0.0155865117763166 -0.00705889136810023 0.214512652366846
0.0329717031524132 0.0108202797401505 -0.151405173075712 0.203054977273284
0.0325094052465529 0.0194765227057693 -0.254129454045613 0.15341120590027
0.0274353853314008 0.0546456984172238 -0.334320312252073 0.0868404606107987
-0.0103695861518884 0.114229190522817 -0.331160515707658 0.177693383276
-0.0335986792999092 0.151640490222726 -0.152812917273963 0.162775913950305
0.0316901165478228 0.0615706939008637 0.121795111828195 0.0117107953555084
0.0294864987348254 0.0173354139320873 -0.00085083294021573 -0.216916781031651
0.0340691703730674 0.00787003232539127 -0.24339102004414 -0.154845614894419
0.052849596760438 -0.0331307788739107 -0.26739942246327 0.101599837365337
0.020730674700766 -0.0592251400632153 -0.123187953847392 0.207463327625223
-0.00565952430515589 -0.0584525595370101 -0.0118367198567932 0.181682375579478
-0.0196695928273593 -0.0735528739612332 0.0585943542866475 0.133249734169047
-0.0148223612275534 -0.0871164704896243 0.0993075979929921 0.107781598985652
0.0214941347077911 -0.113770803903985 0.117170911327488 0.132036942678355
0.0997204935676042 -0.0807099659264677 0.0565661772201214 0.196460342917366
0.133163875592325 0.0238481030143459 -0.0953786120547696 0.224448236761054
0.0910768281896012 0.126767525704829 -0.223634208145043 0.190590297110767
-0.00958381576855172 0.188105769500036 -0.300846859647045 0.107269889211212
-0.11322425520364 0.214620889957635 -0.285376169698806 0.153722036928006
-0.127488865822228 0.215012895155204 -0.110476756596384 0.104340737484762
0.00143040633016207 0.164174272509951 0.151965405780662 -0.00319557197682691
0.0758153294990297 0.0987713997429394 0.052116977060448 -0.253808028355867
0.10851349399781 0.0109274911622687 -0.219162065982521 -0.205629884505696
0.101788320504197 -0.0799000965305133 -0.269029203300504 0.0511315751360908
0.0323796380551734 -0.121484919881517 -0.138506313491903 0.168624689621663
-0.0207708021141121 -0.1083737830216 -0.0258710456023129 0.148439875186387
-0.0403139116933727 -0.114568188313142 0.0448009581849175 0.0968660521728717
-0.0321056863640458 -0.13185054903113 0.0908469677182504 0.0555685948661546
0.017563693486867 -0.1786965458532 0.138972774626147 0.0657775207273288
0.133760570249234 -0.149101859229782 0.131445364365475 0.143785607103288
0.206836452685283 -0.00756979110045243 -0.00669769776037528 0.229918139732384
0.170313332185371 0.177153964547396 -0.165999459140182 0.227034801316476
-0.00279385412263939 0.289373732097367 -0.256837312179999 0.124455099050029
-0.175750019693583 0.291736316090224 -0.214271115634394 0.107212539404672
-0.213083751448896 0.240380447289835 -0.0303568301614447 0.0312353219351884
-0.0527223017244306 0.249963775280877 0.1974995670486 -0.025114184175314
0.097181449799592 0.189932423876663 0.125765126283936 -0.277933656493974
0.180441110516974 0.0339236271865637 -0.160032094268176 -0.257131116998796
0.151363232151002 -0.111030219074843 -0.242499240342766 -0.0221175116906536
0.04732008494522 -0.171512994515873 -0.146373851896784 0.10287195196824
-0.0317728073329509 -0.147115614137438 -0.0445202906047163 0.0956296483062423
-0.0563013431387555 -0.138173490403297 0.0248537709744541 0.0463776880079828
-0.0472516361376641 -0.152028145580954 0.0720942507382868 -0.0060181232934768
0.00434405903788528 -0.209550335194246 0.141950515980726 -0.0119415152419513
0.132354058427018 -0.195536042953277 0.189905757989271 0.0654293151443073
0.234812001435172 -0.0537861951100049 0.0858303054688438 0.203078822641283
0.228606602639754 0.174988126173287 -0.0943344520736823 0.239165014675395
0.0212711754632772 0.334261792243256 -0.211426809699885 0.125551106845457
-0.198430999930187 0.325085392980366 -0.131716575603401 0.0404647457521142
-0.264273594879204 0.220793688759051 0.0749799243050145 -0.0464333063674246
-0.116144336626179 0.286961770200579 0.248136170427275 -0.0500244787312281
0.0798022344021598 0.258571212287569 0.202612084102116 -0.274461646354293
0.218701487541747 0.0711462614359096 -0.0654935894591901 -0.285194023057638
0.185193390252107 -0.114071147967078 -0.181559920421173 -0.1029276245461
0.0608416752191724 -0.193436659321149 -0.139666147227872 0.0171394511913084
-0.035099687977302 -0.165306372387298 -0.0649513976695808 0.0289462582436253
-0.062955788198719 -0.140448977613343 0.000579619412769771 -0.0101814714484703
-0.0557930496319438 -0.147817246560286 0.046773865615955 -0.0647859046455245
-0.00671210779333112 -0.205239511620741 0.131823063775603 -0.0827648647404129
0.114976561258958 -0.203591370600217 0.216983321823427 -0.0144743069665125
0.221970086301442 -0.0775565825549119 0.153181532212455 0.156334201716296
0.233934071050992 0.152016894047078 -0.0324916600770601 0.223375066894261
0.0270336379574738 0.323897916124141 -0.168416686665231 0.111088323979908
-0.196564293542868 0.305469549279761 -0.0516107628827261 -0.0333070243758717
-0.261634723217438 0.162183817697663 0.186863980904537 -0.114087872905326
-0.158493359660769 0.2578203882344 0.294835677234034 -0.0700678710380045
0.0346276907013398 0.267573000534263 0.257781504433605 -0.239734721053895
0.203293126549049 0.0977948741874167 0.035403993690844 -0.273301234147444
0.181436422705385 -0.0913404869277369 -0.0964626674843613 -0.166512915518121
0.0638061656482092 -0.178860684566526 -0.117601628731167 -0.0701453192640805
-0.0326116539257634 -0.154406084668773 -0.0817692444638689 -0.0413813629967665
-0.0601836905394541 -0.12143379900021 -0.0229052126941373 -0.0640281940169352
-0.0548817899127334 -0.122474365165006 0.0214303394376572 -0.114380203657354
-0.0105977480567976 -0.17259585731517 0.115220819214102 -0.135714133974722
0.0938319483133049 -0.176251328158463 0.222919780511878 -0.0738634074179036
0.187533726134476 -0.0710188088073534 0.191931660077349 0.112833473145208
0.195802952127348 0.132097693611465 0.0106871614175182 0.195492152604533
0.00574515697824332 0.275244475614251 -0.13116417001108 0.089397782691191
-0.181239380292608 0.237179589871691 0.0204702750834277 -0.0975177143556239
-0.201082411120542 0.0817736255264881 0.274408826577781 -0.161277061897897
-0.152355420489335 0.175271369826504 0.325905272673019 -0.0826016755999139
-0.0032108564423981 0.205467740020319 0.282243885163871 -0.19442081457956
0.142782619559914 0.0871006031343031 0.112746781808399 -0.236743748994102
0.133682982852332 -0.0585839080956301 -0.0191881306693388 -0.202748456859777
0.0485393837203967 -0.13137778319543 -0.0918284339705928 -0.139635447742491
-0.0258655625888898 -0.114487170477015 -0.0934780967580097 -0.100587518534373
-0.0469401967431123 -0.0852116001288517 -0.041966475855963 -0.107198986157745
-0.0455492004334056 -0.0853743363199273 0.00340411690453896 -0.151056736505165
-0.0115717981474138 -0.124249393616722 0.10383661508441 -0.17078683197673
0.0709906835482261 -0.130060762653631 0.222524022743396 -0.108429969562631
0.14537897590285 -0.0488561015623061 0.210384570670983 0.0866094975031654
0.136414446503976 0.116240680738737 0.0371754511826311 0.172407328326502
-0.0264254385519185 0.206552011516019 -0.0964433903921514 0.0696843424096722
-0.154520497254059 0.139783444823187 0.0810340741718314 -0.138238374447221
-0.0986273651662243 -0.00803470898725212 0.316213027863164 -0.187670771254686
-0.0992296134685248 0.0648520264702362 0.331179046468923 -0.0933687071416213
-0.0177715605426238 0.0949601748163622 0.279378242259879 -0.163209365832457
0.0592750301206418 0.0424400863938112 0.149935423769702 -0.209618454363713
0.0550966574234382 -0.0253595621931739 0.0208999742346635 -0.217782406447333
0.0193777154968403 -0.0616739958857976 -0.0773703588844981 -0.178249068180823
-0.0161285669171607 -0.0538713099854183 -0.101371772210995 -0.136105074890361
-0.0270490924823026 -0.0358475368877022 -0.0538690765069115 -0.133272964219401
-0.0316819132639497 -0.0399773354885753 -0.00552333524754533 -0.171032167006313
-0.0146013392012583 -0.0671797507806464 0.100888065805437 -0.188556624766671
0.0417030959104351 -0.0784385638476415 0.222845338415661 -0.12194728765152
0.0992122395713614 -0.0260621532112827 0.220689838132967 0.0791351308960116
0.0741502650467268 0.0946434447832824 0.0504726037730896 0.161841366414933
-0.0523862077593134 0.122996055750601 -0.071816355260178 0.0592186760425148
-0.110181890645122 0.0304382486376788 0.125922306749207 -0.151564206021378
0.039878652491016 0.0648145544616518 -0.184521676091903 0.174883887390075
0.042117148960757 -0.02687810831011 0.108570437826821 0.0382594831047481
-0.0160828180074114 -0.0409715637303026 0.00375425220136314 -0.185679766311239
-0.0274580475108178 0.0120546286943703 -0.219754024017244 -0.152269433726279
0.00776421058747378 0.0165843186966314 -0.262795234973262 0.0854313533352984
0.0132798545087088 0.00524428933363781 -0.135843850381712 0.202111110510052
0.0145451447842147 -0.00393811024187896 -0.030340001707706 0.192115701063346
0.00759361445240128 -0.019544053893799 0.037983937636422 0.157048725663361
0.00561988406888833 -0.023292736233383 0.0736843253440817 0.151046701303612
0.0133110410892971 -0.0264741213386022 0.0600765874847777 0.177799875931557
0.0326086170465726 -0.00901545865121037 -0.0405500415435907 0.207285947142581
0.0328549463409891 0.0183560095168529 -0.179684354652132 0.174806928484867
0.0275394275819347 0.029652082935212 -0.268998309720139 0.106996556731567
0.0157795120207409 0.06139568953093 -0.337309465002893 0.0286041692815929
-0.0275569826664642 0.112181443459573 -0.351449565484096 0.118488088586552
-0.0506002300175424 0.139990057790344 -0.177411695073605 0.13343939708159
0.0205276465212872 0.0633038235127691 0.115936315115123 0.0304878860316664
0.0260997252189576 0.021942304889033 0.0280116150756797 -0.210298113955468
0.0332083158337777 0.0123898254021805 -0.21590505984042 -0.18002890662973
0.0546924559485154 -0.025167424835052 -0.272061515526625 0.0637557066437635
0.0294383369085088 -0.0541202578235829 -0.146782196865086 0.187573560874592
0.00397831060290634 -0.05733528479652 -0.0352267151781232 0.176965361822982
-0.00697590917753891 -0.073903509956408 0.0360680230270511 0.137627854553809
-0.000221533010078336 -0.0856687667299736 0.0788049977635261 0.119765968132591
0.0386728248704128 -0.106076846494617 0.0906222861314487 0.144155741807555
0.109165422694318 -0.0611807386261901 0.0222914902112121 0.197677761116784
0.127921247868439 0.0464378992736974 -0.129915898690017 0.203073955886019
0.0692505314728362 0.140438967487401 -0.244863013765529 0.145606202749245
-0.0400493369882025 0.182834862383103 -0.304288832173954 0.0538681849422758
-0.142089048043507 0.192149011595611 -0.301884834602865 0.103927503282165
-0.149236727628186 0.189866347353826 -0.128776119725629 0.0743645058132376
-0.0232213768660806 0.157779765805673 0.143426727244091 0.0166513579520754
0.0585746842322072 0.105987423371026 0.0787541101445488 -0.239598175044148
0.103442673851265 0.0268341374735098 -0.188853499063877 -0.224706831652202
0.108105978152322 -0.0626265307951702 -0.268167825793143 0.0180598491120111
0.0492907097391459 -0.112125400279678 -0.155365041633455 0.149721815806581
-0.00352220558032857 -0.108300228941765 -0.044515093542754 0.143302472841829
-0.0214525776529337 -0.116754435839779 0.0287213885688345 0.0998044310879945
-0.0104420927079751 -0.131459798269446 0.0775040175108711 0.0678468153650496
0.0431504710259046 -0.168916379064017 0.119871584214679 0.0833875094886804
0.151088209045689 -0.122772605561867 0.101959502552991 0.156186823130283
0.203846755664051 0.0264472592731642 -0.0454937005263997 0.222317476648907
0.138600848218757 0.20058726798656 -0.194769665990372 0.190186273686166
-0.0477371608636262 0.279886802978432 -0.262720306687241 0.0767962108639226
-0.215403172719627 0.255482903920922 -0.222369183346818 0.0702608621623007
-0.234366328549053 0.203751677303363 -0.0406018010536933 0.00701277207547753
-0.0866878461045729 0.232977558850096 0.187892148322504 -0.00222647251855081
0.0656556890249986 0.197637661270503 0.147667970815789 -0.254847345425945
0.168695506500644 0.060079392602503 -0.127683350308652 -0.265574412832994
0.161060050313335 -0.0842849544131766 -0.235884230807456 -0.0477393714846974
0.0697591774796091 -0.158013540850773 -0.153331376262814 0.0870078797401381
-0.00861187484241329 -0.147131110939628 -0.0559560915864351 0.0901850912513697
-0.0329745261613352 -0.14174339077907 0.0166301535736252 0.0476501859762478
-0.0223418581999068 -0.152974661417378 0.0672948097490323 0.00547002037011134
0.0339863150522624 -0.201572631681636 0.133969381992094 0.00886133265726163
0.156550618442485 -0.168066109528656 0.169069687560623 0.0875260773051819
0.237325794742735 -0.0154518228293019 0.0481314764423125 0.21066817824729
0.194584200236719 0.205187913911698 -0.128083197889905 0.211963049299558
-0.0307462417292467 0.325760372109459 -0.216457933647254 0.085441499070353
-0.243990972971835 0.283354349379095 -0.130293940117544 0.0174732346455618
-0.281887114914744 0.177936798775222 0.0748894666060024 -0.0577769695448566
-0.152803636570792 0.259867027331414 0.240305393307486 -0.0228805484298477
0.0387895969057744 0.262303550279857 0.218343694693719 -0.243040006092997
0.199761780019992 0.102474679517585 -0.0357974837612545 -0.280821797926518
0.193967223780021 -0.0813294664012963 -0.16761749386653 -0.116402663512318
0.085660114995978 -0.177307524109681 -0.135835332427303 0.00551505967094391
-0.0100819198878326 -0.165320125654428 -0.0671613024462076 0.0232142425661012
-0.0389293583128314 -0.145210040265152 0.00175998364018143 -0.0102777525694616
-0.0312804631784465 -0.149655477832343 0.0515691638863541 -0.054914531933225
0.0223843264302504 -0.198616689332813 0.133942090029768 -0.0610199525152525
0.139801674190687 -0.179282134583136 0.208292174864486 0.0149581136657859
0.227696393498402 -0.0422091999687612 0.120818454843777 0.175731831214991
0.20356506799934 0.182655028572419 -0.0664261113996719 0.207777117142954
-0.02356726665341 0.316449914606236 -0.172960637614133 0.0789901477245395
-0.239629732187663 0.262977687683927 -0.0397138690887507 -0.0417635789861918
-0.272822870639568 0.122972384616167 0.195183561076858 -0.107221096141918
-0.189515739904371 0.226189628912039 0.290351972941136 -0.0382183620069255
-0.00661851163463453 0.263560205018226 0.268362618907064 -0.204609687447156
0.179963169887163 0.125783042549997 0.0595904591168088 -0.257327027066086
0.187962662772624 -0.0595633597238074 -0.0778517382802184 -0.167844630163257
0.0854154045641583 -0.161891502720436 -0.103456730235032 -0.0766841143359456
-0.00930162677642672 -0.154466751239569 -0.0752493831745411 -0.0479168859081027
-0.0387673786034605 -0.126771988666819 -0.0129870584364912 -0.0656771099723226
-0.0346155915797554 -0.126215226468466 0.0346544704510385 -0.106401433437209
0.0144595934063822 -0.168171392052078 0.126915541645392 -0.114936315183499
0.11510345054667 -0.156552018161076 0.223789485643129 -0.0417255216221325
0.193200608167492 -0.0408532537282135 0.165612593803609 0.138921013000493
0.169517907176046 0.157068342648708 -0.0210770657860515 0.188362004264054
-0.0355537758429594 0.26561216640905 -0.133395730756182 0.0645058302756793
-0.213311172256976 0.198311321444624 0.0397573454656335 -0.0925368267252439
-0.20379077357888 0.0535498466708173 0.289584938142755 -0.136442992886219
-0.171379506797238 0.147243572823589 0.325374297760591 -0.0447989964728839
-0.0331821000352521 0.198422311428785 0.290608154999245 -0.157052803278418
0.123355778005429 0.106507743092929 0.131907977995092 -0.213499188606948
0.137494683323419 -0.0356925525069579 0.00277809494376091 -0.19411251333993
0.0641788971357834 -0.11832323752047 -0.069614902589114 -0.142959997543082
-0.00924687424312247 -0.115240986419052 -0.0794024515821243 -0.10749433306636
-0.0315271506350541 -0.0891523663060882 -0.0244657415189131 -0.110796161804137
-0.0311279215315616 -0.0883293649183618 0.0230880106800413 -0.144969978152554
0.00654040734818448 -0.121607926683371 0.122897137846426 -0.149707694796653
0.0862605344085675 -0.11624829225283 0.229097803648585 -0.0741705183834863
0.149582792360562 -0.0262400283907761 0.188795947453793 0.116156241327765
0.114865103957421 0.132453259544262 0.00759360251640001 0.171152944904306
-0.0569264709264906 0.193564791292361 -0.0984888274420242 0.0527142923421138
-0.172314968895571 0.108017504215851 0.103478420358806 -0.122429663492582
-0.0936410315314882 -0.0196710877441975 0.335985253467876 -0.146246393177262
-0.103483668586799 0.0497465261231636 0.335591902417643 -0.0503400105266545
-0.0314093057079862 0.0896231592565881 0.288630455167427 -0.123646828138855
0.0508199045649908 0.0508487666378013 0.168880684354945 -0.182166355489675
0.0574732820765285 -0.0158608936135199 0.0463671634077289 -0.206367225045069
0.0258143112165498 -0.0550960339368863 -0.0509089643320428 -0.182134557273685
-0.00879718422095864 -0.0552991674182284 -0.0830455308861054 -0.144432137857476
-0.0203833914920408 -0.0387827177949168 -0.0323564807392337 -0.137675504589118
-0.0251565744614674 -0.0430819684879354 0.0188202868209392 -0.166834008155166
-0.00443463415524234 -0.0672975090566967 0.123853312759412 -0.167724012331945
0.0509832691965276 -0.0713910398467039 0.231851617215596 -0.0858893259061305
0.100696226284818 -0.0128705540289784 0.201090887463035 0.110492265458279
0.0590549707885731 0.102245725969031 0.0230451547984296 0.16367681629611
-0.068176546650303 0.109440906080344 -0.0743562740868266 0.046837464998566
-0.11248230949261 0.00936000259467267 0.147783182893818 -0.128350053250251
0.0399783418010904 0.0649440280487674 -0.18247241117539 0.17906800385594
0.0417544330356863 -0.0275953370070421 0.112871312432399 0.039514000471699
-0.015408062950922 -0.0405778944013882 0.00444717058319923 -0.187016505578805
-0.0270073628595107 0.0119769684426914 -0.223405664581965 -0.153653678746093
0.0079257277781564 0.0152057440066423 -0.264455835650521 0.0869536417014996
0.0142126729546456 0.00561931672085647 -0.134256895571591 0.204607933056348
0.0147320446910273 -0.00497023768753536 -0.0291676151058621 0.195174686164963
0.00753096782341522 -0.0201662282496774 0.0383188548550284 0.159490043003532
0.0052568885512321 -0.024041920185014 0.0756353154101965 0.152930424328633
0.0129611993033191 -0.0270253992546848 0.0611018072399702 0.178894472888907
0.03333119333028 -0.00933290253501312 -0.0408950897378588 0.210179165871563
0.0337817937690901 0.018085737284317 -0.181858772933622 0.177864531134523
0.0271009270444256 0.030403417092156 -0.271073707142906 0.106722984876645
0.0142314098916797 0.0623372795565268 -0.341479983994035 0.0276308314418083
-0.0277300650863126 0.113334982738634 -0.355279680866837 0.120367572728799
-0.0502348456195333 0.14058870159194 -0.175323051773942 0.138691973432786
0.020719966776766 0.0636493580562276 0.119588883851046 0.0332146458500828
0.0260472407460068 0.0227696084046599 0.0293881611036656 -0.212352528676946
0.0340377959236269 0.0118214303556159 -0.219001756899279 -0.182094238928527
0.0546741885666901 -0.0275646080659383 -0.273663850858554 0.0648234249219042
0.0287382899563234 -0.0548832532281882 -0.1460237665996 0.190523327210647
0.00358536869070144 -0.058409383879481 -0.0338083193759742 0.179448384450121
-0.00822714930642897 -0.0750271882783358 0.0367983931596428 0.139803598417326
-0.0013755347302117 -0.0873114069932918 0.0796393746183606 0.121502600885174
0.0367192637092287 -0.108315186058903 0.0916590208034375 0.144517538774264
0.109694091296016 -0.0625765791783182 0.0228566480437544 0.198260795478566
0.130047174535632 0.0454507521085957 -0.131237755011294 0.206702418917144
0.0688912885037506 0.142519587778397 -0.247047177046065 0.14742134098978
-0.0413038800924028 0.18530214128728 -0.308643191126949 0.054194668222596
-0.143854106969929 0.195057747112543 -0.303727483093005 0.10687645505143
-0.14903650907677 0.190661070588162 -0.127286814870406 0.079106993435474
-0.0230293424386869 0.158780204009817 0.147184329735767 0.0205709163789035
0.0589453908636094 0.107236930882504 0.0809281556735852 -0.241437576362246
0.105066565965697 0.0263818664559091 -0.190840092370689 -0.226570145680289
0.108690360662684 -0.0655402713193713 -0.270378683026106 0.0184809561717677
0.0476008730140866 -0.11403202626188 -0.155992725469834 0.151992277647681
-0.00508300947085339 -0.109158947671739 -0.0436566329545098 0.14511914138881
-0.0224444791138032 -0.118348284244373 0.0287250409108978 0.100828181537818
-0.0119176051470861 -0.133055740576013 0.0770202764611862 0.0696306840688247
0.0411030912510721 -0.172001201852314 0.119994249679248 0.0827852981388026
0.151182443430624 -0.125386179749275 0.10270354603529 0.154831477527898
0.206942974665769 0.0249840860714093 -0.0458364494559757 0.226321424006505
0.139310220881854 0.201205214759303 -0.196806083300693 0.193051199345194
-0.0486026187213319 0.282867434001849 -0.265198676846622 0.0784269934389488
-0.216971274160974 0.260336202643632 -0.22328584884869 0.0728338191406242
-0.234170143838369 0.204474826295018 -0.039994045306277 0.0111441213318688
-0.0869521733651302 0.234541043732255 0.190792459794865 0.00219068983030535
0.0667753200572199 0.198960412108476 0.149617107898563 -0.257412004104725
0.170440727859421 0.0596187341038986 -0.128702979642386 -0.268091734582087
0.161070714512652 -0.0873318261664456 -0.237659883225201 -0.0472263727908499
0.0674385148823335 -0.160070986912043 -0.154582287458905 0.0883989112474078
-0.0101958822013453 -0.148476214498698 -0.0559127325517926 0.0912453959731807
-0.0340453058986377 -0.142672551554434 0.0161935915149815 0.0481943674338844
-0.0243392993115601 -0.154371325761546 0.0663329958936295 0.00649406021996538
0.0316384070345757 -0.204569067353016 0.133861285196467 0.00765259571289793
0.15525681267266 -0.172146708240231 0.169685082429965 0.0853055142362449
0.239583757911082 -0.0180684165351543 0.0489810311864389 0.213351439997823
0.19630890893338 0.206015815040724 -0.13037991458978 0.216686574110921
-0.0300126798125034 0.328439692640427 -0.218708024595048 0.0880131551381369
-0.245648686209874 0.287934342077013 -0.129699020924847 0.0199235049021949
-0.282297616608617 0.17967917072093 0.0757302216755358 -0.0555541369472046
-0.152787282036946 0.262215062896091 0.241864646235677 -0.018291811124701
0.0392603047780326 0.264356614165829 0.220790031076422 -0.245130421543714
0.201977939134585 0.101449727510319 -0.035943637330139 -0.283627475644761
0.194939895967976 -0.0847401096281891 -0.169810762315202 -0.11698515389172
0.0826828258143602 -0.179269454089611 -0.137539257146331 0.00672738839967704
-0.0120381309967516 -0.16675870807388 -0.0676791633707347 0.0235769845734241
-0.0394243203510092 -0.145954799584312 0.0012243436104099 -0.0102864502324092
-0.0323953290042662 -0.150584058522988 0.0494816388627991 -0.0548581281235694
0.0204428613949382 -0.201654102537556 0.132423978958597 -0.0632517135096792
0.138718494268294 -0.182612540763722 0.207787805344094 0.0105529021026408
0.229741061424359 -0.0446169016269573 0.121920967740311 0.177026358054264
0.205283836885502 0.182830794025695 -0.0680725061012092 0.212458667466013
-0.0217632040970879 0.318126513901455 -0.173753681258774 0.0810752605351546
-0.240076608618018 0.267942750758972 -0.0395624056755239 -0.0411527589797054
-0.272659660758785 0.124043502182214 0.19627624216659 -0.106413901356729
-0.189397985910057 0.22819365708447 0.291766122431379 -0.0345266003737367
-0.00608905036745266 0.266824236960201 0.270925947894675 -0.205667718066398
0.183279331641167 0.125726341859841 0.0610122418336191 -0.259922958843926
0.188615173686064 -0.0623018412193419 -0.0800564642491968 -0.16893981633073
0.0826417943009326 -0.164294827074046 -0.106220241068824 -0.0764332625760767
-0.0111892982677966 -0.155860081133899 -0.0763680660165909 -0.0480088196789341
-0.0386390223898722 -0.127436254899204 -0.0140090251156454 -0.0670645064137482
-0.0349679044817056 -0.126154144803015 0.0326605795660764 -0.107260494719123
0.0123616400368609 -0.170719906637851 0.12583170042479 -0.116959409804195
0.113411357409418 -0.15991343879358 0.223296298078712 -0.0461425422446206
0.194942684626016 -0.0437967710556497 0.167131194925992 0.139899433030499
0.170465297526073 0.157625223990299 -0.0217691286676202 0.192920258202921
-0.0342393702300679 0.267714758628193 -0.13361198741282 0.0670360360082676
-0.214517901907053 0.202533455813221 0.0396651930802719 -0.0929886085872984
-0.203844169721334 0.0537884171070205 0.291492427539024 -0.136511574897208
-0.170669721387243 0.149315775055351 0.327417910169059 -0.042480352483274
-0.0335384713292923 0.200992446950704 0.292259467946668 -0.157417194790619
0.126259066804144 0.106367961193404 0.133800094534046 -0.215353167568141
0.138611415145877 -0.0376645122756036 0.00200389412469371 -0.196022187914508
0.0613260785506216 -0.11965488015135 -0.0722561984993387 -0.144205683422613
-0.010766508530424 -0.116556900498554 -0.0817784073624496 -0.108309281718399
-0.0311927210789897 -0.0894429123939853 -0.0257467183107565 -0.112548705206295
-0.031061759361519 -0.0881276724377533 0.0218083746617901 -0.145809545887985
0.00482285248174827 -0.123108593350619 0.121661674989363 -0.152847794698614
0.0852008734572871 -0.118759691399849 0.229267757130444 -0.0781507618893358
0.150444932852342 -0.0281257048426131 0.191076313342952 0.117110056637332
0.115198957890586 0.134100947693552 0.00738937132312057 0.174398908458522
-0.0558810512682215 0.194958435451858 -0.0978020048847974 0.0544460184983046
-0.173853725254517 0.110313028944135 0.103579695594521 -0.124164241134708
-0.0930543199522893 -0.0196535163304549 0.338671075267666 -0.147688397655488
-0.102301788547042 0.0505706405519271 0.337230430514727 -0.0497874727061042
-0.0321013084778774 0.0909416919310453 0.291178904245634 -0.12391639094864
0.0516744495919627 0.0508210809995002 0.170897064589123 -0.184175759819166
0.0578422769447082 -0.0163160982521786 0.0466891754923168 -0.208111690514241
0.0243336050678535 -0.0554527816521782 -0.0535052048382054 -0.183814921219938
-0.00984474529234644 -0.0553344662739183 -0.0850542547306921 -0.145241324017456
-0.019244630558616 -0.0391056074253118 -0.0341148963740989 -0.139489121163083
-0.02439561146245 -0.0420975075192991 0.0167799543873953 -0.167849163130183
-0.00455300284886737 -0.0673359232707001 0.122760266745481 -0.170633764383026
0.0502180015978495 -0.072573554324432 0.232549014699029 -0.0900339837741432
0.101603779800283 -0.0136234416773336 0.20449311749201 0.110809873027581
0.0593650374445838 0.103355369009201 0.0219145271204947 0.167369208132687
-0.0679120898626936 0.109774103780781 -0.0751968733245113 0.0471773977752594
-0.113246362494968 0.0101437280228607 0.146831531759564 -0.130752537331186
0.0426213919572785 0.0633173268909246 -0.175742898068215 0.191467218678818
0.0405066633880532 -0.0296405016478547 0.120226417488824 0.0373358048363874
-0.0169674918700028 -0.0406320459219957 -0.000430166163584188 -0.190804913365198
-0.0266860892691376 0.0127319400792175 -0.234439589068228 -0.147495541242588
0.00849444006503791 0.0141665635906935 -0.265951298094532 0.0988704535893254
0.0153490890195741 0.00546901916451872 -0.126820127852677 0.214143006677286
0.0145568120866021 -0.00619465443421489 -0.0212138366909753 0.200521917107511
0.00614218208966343 -0.0221109694664508 0.0467487404808106 0.161767480857897
0.0038525257790187 -0.0248805174075746 0.0842645885426767 0.153409790836456
0.0115762273671846 -0.0285554559592583 0.0693588219887706 0.179815777916935
0.0339241844744525 -0.0116086606622744 -0.0341535649277768 0.21629475709821
0.0352574523115723 0.0170577668798712 -0.178316312872746 0.187629620989881
0.0278650539768289 0.0309226940227565 -0.272592132973013 0.116521094441938
0.0154230958500949 0.0634681635974741 -0.347878073547884 0.0393909900350827
-0.0245117032210982 0.115521346665282 -0.355718860612457 0.13684902571665
-0.0455743037380605 0.143350425838619 -0.170198653195715 0.150525276833158
0.0227775771269626 0.0635815028943024 0.127203069574117 0.0316910143847897
0.027550702448496 0.0221365538375913 0.0235052847666778 -0.217051250941468
0.0354305435011479 0.0106764364676998 -0.230551365976546 -0.176793318810478
0.0536549743463565 -0.0319075955146546 -0.276034136276193 0.0764453409335938
0.0270416896997266 -0.0568520575923123 -0.139208354659853 0.199789104802593
0.000376289901058486 -0.0602731453371329 -0.0263547500150132 0.184531630495865
-0.0111105447535204 -0.0767692255921337 0.0431476125379308 0.141846742986317
-0.0058385787020025 -0.0891814302792284 0.0858443414099863 0.121911375407546
0.0319382280804174 -0.112392654160705 0.0980297396890719 0.143317906095105
0.109318270700298 -0.0692715419014094 0.0298194567250729 0.200680655970244
0.134871830603505 0.0402950950585722 -0.125864183360902 0.216380009594868
0.0749533933839611 0.142999439592382 -0.245676564667307 0.159400142462377
-0.0362858866557019 0.189847120720081 -0.312333354327166 0.0663062029304419
-0.139238215415991 0.204806873037125 -0.303566743249106 0.121239104796936
-0.143191600644104 0.198035723336088 -0.124589563624381 0.0891452514682881
-0.0172907904309323 0.161557793638802 0.153818404341349 0.0190026153798552
0.0637355892891765 0.106615460235133 0.0738189482154189 -0.248513359721014
0.10841580152668 0.0220079190844421 -0.202511968452205 -0.223794415027519
0.106423677919929 -0.0725110333204629 -0.274222170825043 0.0293198801064466
0.0424368634616414 -0.117954679173718 -0.151024666663941 0.161677567740886
-0.0102844132750611 -0.110669938458 -0.0386532754453217 0.149604720214912
-0.0279109649594948 -0.11957128178876 0.0332489252703633 0.102030333092215
-0.0184268997495023 -0.135482091260581 0.0804497539844953 0.0683150127976409
0.0328301889941062 -0.17743065130237 0.124547859019713 0.0784394389789019
0.148300111556518 -0.13473552750042 0.108935019689545 0.152037500691873
0.211509971736958 0.0157115586096033 -0.0381529025155567 0.232866248248492
0.149341394443892 0.200449162569936 -0.194013413706492 0.204702077209775
-0.0386842933980536 0.290301404449458 -0.267218610054635 0.0899759951975232
-0.211178791067954 0.274817707076199 -0.222556216896097 0.084105356673802
-0.229368708936558 0.21562646904063 -0.0384876841242307 0.0157558413933674
-0.0785088457134611 0.241460991597908 0.196315951851188 0.000255163429629561
0.0752029356182526 0.200197255185657 0.144548220960177 -0.267066701146092
0.175910857694643 0.0529637880419817 -0.141129305711499 -0.268638039415139
0.158837804422635 -0.0974703657904031 -0.243319965033995 -0.0386366652701377
0.0597938064538779 -0.166100956700466 -0.153075043105337 0.0972311810284256
-0.017892705577289 -0.150856336299796 -0.0529847979592129 0.0944993292141415
-0.0399189445348854 -0.144390339757982 0.0178627230235307 0.0486656154702718
-0.0312756493156728 -0.156226320764529 0.0661741769618946 0.00511142193441969
0.0217411369347767 -0.210516466504836 0.134860526052207 0.00180933606261045
0.149809897034442 -0.182635563990525 0.174061683690248 0.0768946380493751
0.243222290028405 -0.0286862066310871 0.0571727817579399 0.216166550848744
0.206899801309262 0.201759336380538 -0.124195746416997 0.22805855917355
-0.0176726318996554 0.335861368204458 -0.21853685975339 0.0984894077950447
-0.237959336273418 0.305171812948004 -0.129620514000545 0.0260519913422517
-0.279564904206833 0.191983934002364 0.0754611508974584 -0.0562156954325658
-0.14441256948389 0.27211424499705 0.24651444782735 -0.0225005328047602
0.0501425588795762 0.268050502484046 0.215965023588096 -0.256472593688337
0.210515979029185 0.0952052493522093 -0.0456491462759071 -0.287708665763556
0.194054246256504 -0.0958669089329673 -0.177024031483728 -0.11243874227986
0.0745067356902722 -0.186031651888102 -0.140074192942708 0.0131567610194498
-0.0205273028757344 -0.168544225365317 -0.0680751749817482 0.02576868744691
-0.0453058846040335 -0.147253212724966 -0.000275878130718929 -0.010655517934598
-0.0391569469770001 -0.151634855792192 0.0462295342895429 -0.056517879533813
0.0103367865111914 -0.206892221359256 0.131169796015106 -0.0698838301182163
0.131419380384031 -0.193280674685942 0.209623266408659 -0.00020070671596536
0.231623773396046 -0.0557491362859757 0.130748946197515 0.176454155719298
0.215347667302992 0.178385246462799 -0.0610601029042044 0.221637320588425
-0.00885757506828332 0.324363739964289 -0.172536777893028 0.0903937113372236
-0.233256909210473 0.283967378482826 -0.0401466803017218 -0.0400321791839115
-0.271780588229184 0.135145110952573 0.195089276758051 -0.113206575721851
-0.181962406323528 0.238862947718016 0.295687428776282 -0.041229696991585
0.00407819096737711 0.272654282540343 0.268536490588794 -0.21833609346196
0.192035501993777 0.119694028691948 0.0535766710365107 -0.266800498626304
0.188732789325758 -0.0727901958279663 -0.0870484655016225 -0.168493459667514
0.0748229142565711 -0.169886381816144 -0.111905299194598 -0.0732701795556465
-0.0195236176422401 -0.158043523883867 -0.080381419002055 -0.0457392736235136
-0.0438099852586947 -0.128457015591745 -0.0175868430692178 -0.0680608001950438
-0.0398500788300311 -0.126140046943735 0.0274148644555038 -0.109324409302986
0.00379000331247766 -0.17457619365871 0.12174575008692 -0.12470429023468
0.107472015518758 -0.168228789591915 0.22310991394124 -0.0585523483061162
0.195871255585831 -0.0535987060841591 0.175602462627109 0.136541408903758
0.178525928027755 0.154247366708738 -0.0148745684997433 0.200124088232372
-0.0243476226209263 0.27246176512847 -0.131494483774838 0.0740263692809238
-0.209565557454594 0.216179812792652 0.0373992581613424 -0.09626306662791
-0.204353516272291 0.0623679191957374 0.290881182501105 -0.148217642059557
-0.165946073423926 0.158368895537625 0.33023374478216 -0.0523147849147323
-0.0263809447277221 0.207223644359152 0.291654357042171 -0.17023682652733
0.132985526923079 0.102772092821156 0.129763921026459 -0.224247834257987
0.139167321374675 -0.0450837091995999 -0.00452209661441157 -0.199407437871424
0.055438267106529 -0.123875863029545 -0.0803608488869946 -0.143216302135634
-0.0175090053387622 -0.117443153194169 -0.0880341478904663 -0.106537797778691
-0.0345067889415201 -0.0903476010518095 -0.0319581895928206 -0.114134864247466
-0.034053778929578 -0.0874984573174181 0.0146095181394874 -0.148476858770258
-0.000481219365259958 -0.125638257446489 0.11569960830937 -0.161163406560157
0.0808467221695092 -0.124637332604996 0.227932076247986 -0.0906328202006325
0.151203682401561 -0.0353717834014471 0.198315314893613 0.11161984689447
0.122247405876256 0.132900981772313 0.0135397829542271 0.18043618107548
-0.0486420339097798 0.199851563545437 -0.0965104666533263 0.0592370335083733
-0.171606890305246 0.120282104209338 0.0996271948782434 -0.130722170456483
-0.0938646598322398 -0.0168705344049173 0.337987306059921 -0.162672482081717
-0.0997904179773168 0.054820833567017 0.339521651348566 -0.0614003412231913
-0.0287678284991464 0.094354758077223 0.291692515074216 -0.135724945411641
0.0547178726327117 0.0487951715194571 0.168218086362784 -0.193267078426017
0.0582592235165806 -0.0195580540654694 0.0396375316978287 -0.213571521942525
0.0204121694123245 -0.0566475202641246 -0.0634107009890647 -0.184527200511445
-0.013300953192291 -0.0557133656213676 -0.0939596763977999 -0.144238671382827
-0.0204355558483962 -0.0393921365063126 -0.0417873469744924 -0.141562822217286
-0.0254472023070763 -0.0408796984888761 0.00909217760015921 -0.171378291878083
-0.008013091489297 -0.068025966388007 0.116238042852354 -0.179614455126347
0.0477047738698527 -0.0764001529472919 0.231304429498983 -0.101972656029155
0.101853630462507 -0.0184387992892871 0.21137300274952 0.105027122953977
0.0649306220047067 0.103697541887041 0.0280813121910951 0.171033470003659
-0.0639557279886028 0.113746826069302 -0.0735769846554053 0.0508323643888254
-0.114682534294357 0.0145949512373985 0.141574393848348 -0.139034083454756
0.0462012592178921 0.0592406501052301 -0.159300900381618 0.202363586198625
0.0379008176576714 -0.0324660372120759 0.125076078061779 0.0295862210533765
-0.0186527482789623 -0.0394849681865943 -0.0102256769874462 -0.188835445477529
-0.0254386897689336 0.0136854913696504 -0.242896614252862 -0.131370276816936
0.00882328803527338 0.0126527130261963 -0.258262974058141 0.115242592179176
0.0164602332108769 0.00395938127265356 -0.110250615788874 0.220124108529
0.0140659341599105 -0.00676777729789387 -0.00618469223880574 0.201768355926204
0.00445806983022548 -0.0228305485791606 0.0572206139729771 0.159460871360137
0.00161659608305786 -0.0256271011114933 0.0944574814740848 0.147160981371574
0.00918483412664231 -0.029482019341061 0.080320589225441 0.174271996213323
0.0336265352630049 -0.0138631366935568 -0.020459566812846 0.217982251086249
0.0363704241311782 0.0141825262645496 -0.165726842700101 0.198629847810489
0.0290610013418805 0.029609466929934 -0.263201773371859 0.13051368047453
0.0178204945847079 0.0626722189509804 -0.342927561749492 0.0594822096579313
-0.017399111453884 0.115557155802929 -0.343369139133081 0.156737975507628
-0.0357845600996674 0.143555407504716 -0.156117095035182 0.161888980279757
0.0261090241885921 0.0611076718964394 0.131783401248397 0.0248377700987953
0.0285664401628664 0.019772943450724 0.011372927326496 -0.21660496466251
0.0357111191175968 0.00771932312517886 -0.2398994366568 -0.161009993848808
0.0501860721821449 -0.036357851702222 -0.268593063210297 0.0937242768246621
0.0228258623286583 -0.0586060102011525 -0.123592141414503 0.206967061393677
-0.00354307115533761 -0.0595521509515937 -0.0141421818563881 0.185816370807618
-0.0173479730315995 -0.0759167974237798 0.0520890772077471 0.138902351252547
-0.0128037240587096 -0.0887482680833506 0.0937641654579373 0.115738959693874
0.0228123623624407 -0.114349591960388 0.106135326570566 0.135282365098092
0.103695504901386 -0.0769484422299558 0.0414327976489682 0.196770178453777
0.136478194426113 0.0303865648680301 -0.111519055933861 0.223315040671652
0.0822884771006305 0.138423465235491 -0.234588744363105 0.173151997686042
-0.0254028474257564 0.191768645473462 -0.306557487929793 0.0848846095215432
-0.125665252248234 0.212397121568079 -0.29098952908355 0.139211718976952
-0.128965656357652 0.204000843975776 -0.114765922659573 0.0984736411396814
-0.00754831208283434 0.160615884910964 0.157155107716386 0.0127062210247657
0.069686104571091 0.102134984325618 0.0594366492396059 -0.251108570224464
0.108978710742203 0.014464125321536 -0.214582975771174 -0.209910875395377
0.0992951867793921 -0.0803238268463373 -0.269329541693226 0.0463323852715326
0.0332231363347174 -0.119619426068245 -0.138372332348417 0.170135098473017
-0.0180726148890809 -0.10914844519008 -0.0284558527567667 0.150505736664209
-0.0357441784142756 -0.117579827888068 0.0395210826888393 0.100329719980643
-0.028207487873305 -0.133516413716638 0.0839292542391968 0.0637856336766017
0.0187401495931307 -0.178891591045899 0.127089669591828 0.0704715570563277
0.137071367791718 -0.144761680490093 0.116455758393652 0.143299393060281
0.210926348407724 0.000739202771900132 -0.0232766486793944 0.234407767999936
0.160007865267695 0.190227469339987 -0.178901288329086 0.216552001882529
-0.0209729583460362 0.290456024093935 -0.25866624960557 0.106301560605482
-0.191701056350856 0.287449641493614 -0.212768395040896 0.097547640211027
-0.213368683122663 0.226564705175229 -0.0355711828534944 0.0215910401828738
-0.0622638508952094 0.24306651839155 0.197744559650242 -0.00833978525934659
0.0863879470318203 0.194522573231118 0.128590394707984 -0.273264319827389
0.178450626836961 0.0405784571645623 -0.154824513800915 -0.257617023134226
0.150055040448994 -0.108502990630168 -0.243591998385415 -0.0230672984830696
0.0463380073851634 -0.168263430003785 -0.145177493977378 0.106637088227139
-0.0289071326241564 -0.147611949471317 -0.0473601067644131 0.0968519336812915
-0.049118192553571 -0.140822301896314 0.0203688155511073 0.047795656132412
-0.0415292733633316 -0.153519314757918 0.0652856697073775 0.00251638188135361
0.00497126590514637 -0.210681501627274 0.132705348908559 -0.00727415963060994
0.134979799992652 -0.192434940976809 0.175100480349911 0.0632506424706422
0.238937240494742 -0.0459886141460424 0.0704237317725848 0.211900513012384
0.21746855168374 0.18807220226923 -0.108256509372238 0.235528469093536
0.00279196916311438 0.334036176700412 -0.209876008932948 0.111589408290999
-0.215596027529814 0.319321305317427 -0.124359497774428 0.0339841749560846
-0.264032887173303 0.20650679499639 0.072063241852019 -0.0579669681524738
-0.125215395161629 0.278136922816141 0.24493469811183 -0.0327862236822797
0.0664594578862467 0.264023942332665 0.199507204338241 -0.267610805671994
0.214795481126204 0.079867898524845 -0.0615747639141318 -0.281459214381787
0.185188632064065 -0.109606698663342 -0.181933106948413 -0.100102508158592
0.0592303723036444 -0.18862209625595 -0.138419535780254 0.022415231402103
-0.0325987571676798 -0.165585324200694 -0.0665698835252169 0.0293246025002963
-0.0542240026434701 -0.143165230530026 -0.00184498313020507 -0.0106460546231833
-0.0487612931379329 -0.147660130611288 0.0411527421347086 -0.0577341926085161
-0.0057945096190152 -0.206234146558949 0.124026319929832 -0.0779681810959811
0.11659945579691 -0.201100768342991 0.204972881609144 -0.0165699904067868
0.224757152179594 -0.0718019648532988 0.141285774622537 0.167725109270982
0.224167385995574 0.163917960945799 -0.0455300660316308 0.226067813799527
0.0120871840524255 0.322266255280761 -0.163573188426392 0.100733677057443
-0.212412142063708 0.29841128168858 -0.0407576996947442 -0.0374978348029476
-0.260443208012654 0.149348810181711 0.186103483942597 -0.121918431548953
-0.164646927234112 0.247984756565956 0.291622734929669 -0.0556573363222171
0.0213785801877794 0.27125496009425 0.252811185454683 -0.232214375491467
0.198475423333868 0.106458085531556 0.0388044845944991 -0.267296124146426
0.181922112930266 -0.0859597897790651 -0.0958538976423702 -0.161760177237199
0.0607130014225369 -0.172636262859646 -0.115126061093984 -0.0647116737930777
-0.0309886608572882 -0.154568278658223 -0.0830011717484523 -0.0406763550556773
-0.0511262426986336 -0.124367098034369 -0.0228957221279408 -0.0667363116775077
-0.0469830258868171 -0.121880049294004 0.0187212201022725 -0.109185425812956
-0.00957213047723193 -0.17416871183705 0.111437815672741 -0.131280164684637
0.094243291835215 -0.175245407552516 0.214492126786807 -0.0749086950942745
0.189573573766908 -0.0662113439625476 0.182198907020114 0.125452992292186
0.186181638672295 0.14245318687109 -0.00140110458510007 0.202382343394654
-0.00642554654008504 0.271671932315836 -0.124353672675743 0.0820992562507081
-0.192676000107579 0.228793361568257 0.0317159873450161 -0.0982565194032182
-0.19764407802623 0.0728716729724286 0.278593168518978 -0.163368816982696
-0.153146918202749 0.166760280006119 0.324967196141157 -0.0696691146860031
-0.0132902191445218 0.207652218105552 0.279059386256295 -0.186471848955157
0.138726508203949 0.0928079935708014 0.116232150187218 -0.229929924053817
0.134977338827419 -0.0546161017764754 -0.0160874003852894 -0.197715659036862
0.0453273639455631 -0.125047538246188 -0.0894590078537853 -0.136152882376537
-0.0259525416697839 -0.114808548026424 -0.0950046531302365 -0.100498473960927
-0.0391691056737473 -0.0878763635144769 -0.0408173963581876 -0.112297477612007
-0.038424849311154 -0.0839447121278277 0.00321923119175832 -0.147122295923063
-0.00991131120727568 -0.124595027756761 0.102988345558368 -0.166945620407352
0.0710075650029818 -0.129773377766647 0.217586240081068 -0.106932976087495
0.147078404668354 -0.0454192238581591 0.204011393432076 0.0989378348737281
0.129291623417345 0.124559147027148 0.0248631589420258 0.179805985948682
-0.0350581637805335 0.201057774877775 -0.0905410380815494 0.0641855119618967
-0.161177091768157 0.131018680112647 0.0895495774546606 -0.135878153853701
-0.0931339915862967 -0.0115470634810935 0.324849136379649 -0.180600429679331
-0.0935147961748925 0.0593890233951532 0.333315033236072 -0.0793850677008915
-0.0225230327431277 0.0957731935471078 0.280993294993358 -0.151781930097431
0.0576114186044984 0.044219693653902 0.156711028757178 -0.20193156052266
0.0561339637665281 -0.023943056139058 0.0271796536967257 -0.214612683870355
0.0155402580532247 -0.0564747786158797 -0.0764798590112427 -0.178944911060087
-0.0176854700042218 -0.0539608791245841 -0.104327147592489 -0.136806947389128
-0.0212912593748065 -0.0381458801976949 -0.0521174054334918 -0.138894102761381
-0.0263965700413075 -0.0378694054605154 -0.00314765847320586 -0.169871507325044
-0.0122125547857581 -0.0659768431365311 0.102486528015907 -0.186079247621709
0.0413009793741276 -0.0790135616321595 0.220637075001832 -0.117621827873213
0.0994574986171826 -0.0252628263774261 0.215928910917076 0.0906424810361494
0.0707747337899362 0.0993213337586051 0.0377766149870125 0.169837344768357
-0.0559053351946096 0.115995601653067 -0.0692653241662011 0.054507085239304
-0.111938083617232 0.0222702373357418 0.129367787919788 -0.147317590163912
0.0467372629652563 0.053281373883894 -0.137279818506994 0.202283474903483
0.0332046603834698 -0.0331623225573684 0.124848746624794 0.0215237856011953
-0.0205734326812239 -0.0369931573664748 -0.018023210626112 -0.180344044656235
-0.0234269917541154 0.0147350941821549 -0.24030410900632 -0.111411247785019
0.00869548872793473 0.0109818371707056 -0.240947248904701 0.126003791622316
0.0163837118390441 0.0021738703255349 -0.0917366574091277 0.216283973690953
0.0132490249732173 -0.00836163701440058 0.00619583118807968 0.194254570627456
0.0021786318751109 -0.0228709683334588 0.0649521066071982 0.150511205171328
-0.000274850680469339 -0.0251093822729876 0.099799077665241 0.13595921408446
0.00655162385244907 -0.0289309953573372 0.0870762743076283 0.163124553861428
0.0317598267424893 -0.0162410807842208 -0.00815559582239096 0.211105946050337
0.0357447584625164 0.0112159300196104 -0.148985594633751 0.199754594018142
0.0292540085556057 0.027483315022695 -0.245673326119313 0.136692971517632
0.0193627335519265 0.0600112232990073 -0.326398947369294 0.073743926749681
-0.0109879114391973 0.111610860965099 -0.319044631161728 0.167994897382207
-0.0267747686983894 0.138223466347889 -0.136573879920802 0.164618723855245
0.0274018762326883 0.0566963949885374 0.131170708408235 0.0182401600922523
0.028257018095027 0.0174082946220792 0.00161372864341267 -0.207882296130425
0.0346950338570328 0.00520628568698543 -0.237838819329562 -0.141423253463366
0.044863724063505 -0.0384003191666766 -0.251553680104922 0.105225058341401
0.01797248625745 -0.0579501413234964 -0.105371357500677 0.205216710683627
-0.00669598915804205 -0.0566969111053132 -0.00228219970957854 0.179023159332203
-0.0213489624811959 -0.0721349839917036 0.0585801216783687 0.131316019573494
-0.0182580693954037 -0.0849977902620721 0.097195245775956 0.106441788134334
0.0140451581422386 -0.110906000456824 0.109193258232437 0.124286720071137
0.0947661197652367 -0.0808675969438317 0.0494139861170167 0.187082812280927
0.132924672198424 0.0207664342304233 -0.095235215341409 0.220478788318456
0.0861801080798334 0.129208086756077 -0.215124128757358 0.177411241082088
-0.0153660420173611 0.185988961292098 -0.288684027216387 0.0965822920980054
-0.108950700545223 0.211020400423313 -0.268774727479088 0.149267093306794
-0.112745241537041 0.200036996586215 -0.102023438534675 0.102712978648897
0.00121414869285148 0.153873976572363 0.154777670028811 0.0055558417894138
0.0715141729170762 0.0937776490485758 0.0456678081356012 -0.243422841061738
0.104799902863882 0.00762547736307127 -0.215530914257543 -0.189484504164264
0.0892323616241289 -0.083413308285916 -0.255166090514861 0.0592848358375395
0.0238680604849551 -0.11683025187322 -0.122497216160326 0.170634033579285
-0.0239672382988363 -0.103331791082936 -0.0185130281201119 0.145922387643842
-0.0413901614633111 -0.111070254533277 0.043557001078958 0.0945885150676402
-0.0355856306564979 -0.126821747880067 0.0841110658017313 0.0571580917232798
0.00545422370693598 -0.173020745146548 0.125542912588658 0.060139831102459
0.122660926658031 -0.148121257229557 0.117406248739264 0.129990059398193
0.201471598315934 -0.0119795904175054 -0.00996624730846728 0.227124426781031
0.163391561110734 0.174366260442525 -0.158602175081975 0.217177390820157
-0.00528167393287937 0.280220262787773 -0.240898120579889 0.115059662192737
-0.167222818770688 0.287517153837871 -0.196619174395522 0.104069270420772
-0.191866721572204 0.226723646768471 -0.031220253429178 0.0254889915881523
-0.0462696811427135 0.235462752851496 0.191748755652233 -0.0154386491715295
0.0938249501818571 0.182031114052919 0.108903635658118 -0.267991576817475
0.172979927997246 0.0287185856637008 -0.160860427043892 -0.239075173935155
0.135959614154564 -0.113992785001804 -0.233621346888067 -0.00870713341761201
0.0330738419348799 -0.163171790155476 -0.132440532661758 0.110174014327905
-0.0362362407997893 -0.139671049019065 -0.0394389755764343 0.0948324158806003
-0.0553329820431274 -0.132749305908904 0.0221152852480868 0.0451868141394148
-0.0493946123807684 -0.144701700098355 0.0620521728949196 -0.00026485717976924
-0.0098459400983782 -0.202319428729634 0.125823018950623 -0.0134690700411673
0.116694794771393 -0.193616702199641 0.168587251115365 0.0493631098020972
0.225026940145851 -0.0580342063871769 0.0793848955585599 0.200133107811783
0.218410195570053 0.169203170941574 -0.0898857605429239 0.232802791507193
0.0212738047872188 0.32033728932499 -0.193286562717528 0.117813222192611
-0.187773908160177 0.319002796594786 -0.115041021065575 0.0390376013027873
-0.241691234934579 0.20983941085244 0.0667743594645208 -0.0560302665349624
-0.104246586594235 0.271947036338174 0.235458772472752 -0.0410721125492026
0.0785434329510358 0.250010911214171 0.177275943782374 -0.266102082210249
0.210217563619253 0.0635473814543854 -0.0729538020937239 -0.267249484138412
0.169600800861612 -0.116681548923946 -0.178842258970973 -0.0864544581476689
0.0441416861718617 -0.183023529336818 -0.13082528319901 0.0294343208712559
-0.0415910916781724 -0.155548732855727 -0.0620301823413905 0.031796106627195
-0.0599549074371399 -0.134804654780199 -0.00294551175407709 -0.00982581555371409
-0.0547495774572399 -0.139116922600674 0.0353389437480539 -0.0562443610257145
-0.0200179409678621 -0.197796466430888 0.113005359366415 -0.0809864978940831
0.0985876639889746 -0.20114615795051 0.192135708463907 -0.0283853849442306
0.210353220109216 -0.0822503629820623 0.144415310824435 0.153612692011029
0.223333026638052 0.145622919258643 -0.0302447131993034 0.220212472280368
0.0291086084721365 0.307936148813931 -0.149771085620209 0.1047374070112
-0.185085671348 0.298541452663024 -0.0398221306234711 -0.0343670456319884
-0.240622838407272 0.155770486815994 0.172838220848053 -0.124014756394208
-0.142952974537017 0.245353865326239 0.27745107858524 -0.0648984535741624
0.0358929398865169 0.259593155009839 0.229290092005386 -0.234736844349299
0.19623427242138 0.0892114256803471 0.0238196560053624 -0.258324390345037
0.168141970672345 -0.0942267655076056 -0.099400750586424 -0.150193792671471
0.0461605886092522 -0.167693614066878 -0.114928686996375 -0.0552300916413902
-0.039559461623122 -0.144907025350757 -0.0829131660896761 -0.0345242797570669
-0.0550070172169021 -0.116880417477039 -0.0272153911780129 -0.0631833164906783
-0.0511996818108101 -0.113672974320677 0.011100746680226 -0.103954201880926
-0.0211267295490152 -0.165869040523255 0.0975354955296764 -0.132307841059544
0.0784321772932769 -0.174085318197876 0.197992169969774 -0.0845007597272699
0.176763506844064 -0.0751770129064719 0.181570135671332 0.110596569187661
0.185597551687054 0.126862056437754 0.0106284581928406 0.195461446886699
0.00936190267775118 0.260511547927103 -0.112747245448328 0.0840711960681963
-0.170668798788093 0.230124240679798 0.0254007268560415 -0.0968397188121852
-0.184738640480393 0.0792723481515846 0.258423269893276 -0.168840900222845
-0.136569449462413 0.166524603914183 0.307071093630824 -0.0812106622425207
-0.000365399282593407 0.19972107033336 0.256856250908855 -0.191385061530833
0.137854694076529 0.0801608158311242 0.101208943271551 -0.226470215108961
0.125141822435941 -0.0615126201726763 -0.0250222192361411 -0.188566623870119
0.0346195232046667 -0.121294465087891 -0.0942537039026343 -0.1252733575902
-0.0322016713193497 -0.107588454416158 -0.0978721394483328 -0.0903242686826379
-0.0413718164012471 -0.0825404592743714 -0.0467190059887914 -0.105602020466202
-0.0403809623352736 -0.0779516211281402 -0.00582625731686177 -0.140326799659843
-0.0179124122854887 -0.118237510509043 0.0873621918265361 -0.165982713905855
0.0589939054623448 -0.128816380910532 0.199624405576844 -0.115787438574252
0.1370223634105 -0.0525482222666934 0.201013409474747 0.0836967605132841
0.130451580790587 0.112577334340856 0.0344984212001758 0.172330725376305
-0.0222701827177349 0.193285002995646 -0.08218264440406 0.0653930015639723
-0.145922858103416 0.134418961921575 0.077637714097589 -0.135864984269429
-0.0887940368236148 -0.00690549303625095 0.300607244667963 -0.190118707310906
-0.084964856577156 0.0610486733555031 0.313695336694185 -0.092389745001514
-0.0155924360014564 0.0932597966254909 0.259894403944564 -0.159353184653087
0.0576633787610016 0.0387729463838275 0.141268086499999 -0.201939648854724
0.0518432494430951 -0.027213559710385 0.0157022087266286 -0.207815982483136
0.0105424686427125 -0.0536185757195269 -0.0835802551550212 -0.166651791114676
-0.020361893189311 -0.0495203418177609 -0.108904042103534 -0.1249640095702
-0.0217190632127236 -0.0357142264120137 -0.0595025667211847 -0.131049246107823
-0.0256639529772735 -0.0346996631299942 -0.0139383162720907 -0.162010433355843
-0.0157491780890188 -0.0620493168112319 0.0858541160446546 -0.183972982809386
0.0341632756168976 -0.0776079162181333 0.202766251213205 -0.126512344312035
0.0929029647231308 -0.0300487315523562 0.211506312925852 0.0750312028674329
0.0733444317453093 0.091159519598498 0.0458843578838123 0.161660966047925
-0.0467424142008455 0.113632691392697 -0.0629205542804154 0.0545965708701826
-0.105612174171701 0.0276031375049968 0.11406189307874 -0.147967159618221
0.0360382078949006 0.0532440939706433 -0.146023465988116 0.177512665215671
0.0336389766757847 -0.0262703536389073 0.118986709239958 0.0328545979718828
-0.0140820804084096 -0.0365317568958278 0.00592965181527251 -0.171138758302615
-0.0230711808616469 0.00933348739322653 -0.207926154656519 -0.128137637252157
0.00544391622807396 0.00976293951621195 -0.235405367188015 0.0920809610473923
0.0152986390800957 0.000820288379633246 -0.106606077316292 0.192334505258733
0.0142333888183796 -0.00732399253935141 -0.0131401341088963 0.182840430383705
0.00441468120487524 -0.0221349573500934 0.0455328732592311 0.150015616420012
0.00224302375921557 -0.0252487911343944 0.0805651407674706 0.140732214299081
0.00935060331471514 -0.0277286799560208 0.0641398233084689 0.164715142712314
0.0329393924176014 -0.0136630176122945 -0.0324400806204109 0.201057592467179
0.0360043199249724 0.0136556114796511 -0.166189001895027 0.174658218199281
0.0281299395713956 0.0312599584656687 -0.252088950585376 0.0999359661517874
0.0127192964307628 0.0614279653300904 -0.321807705714848 0.0317452575590383
-0.0202203979276437 0.105859702253963 -0.328043536143222 0.122018620600699
-0.0412737569289318 0.122428954940054 -0.148284776220826 0.141343201089378
0.0171933759801731 0.0553111528117537 0.121765782807474 0.0335083385911836
0.0236302374972125 0.0195756926892211 0.0252733917909576 -0.190534138053222
0.0318205038310916 0.00829349198419669 -0.20224465102527 -0.152569316574352
0.0458632216828571 -0.0311969806653747 -0.241692591795473 0.0728245714676076
0.0235484411857768 -0.0539988910994451 -0.115700331367069 0.180050965212514
0.00081792675206814 -0.0550590808239587 -0.0194045638618326 0.168382796829198
-0.0125641045305564 -0.0720529389211519 0.0411112878696507 0.131335209149201
-0.00768459516475801 -0.0833070873801051 0.0801505679968228 0.113521473077814
0.0252843227255064 -0.104369242119219 0.0874688987350366 0.132901968558442
0.0995233691243265 -0.0673288044767554 0.0209217213018335 0.185210842510854
0.126211109859457 0.0326098264965892 -0.120075085519578 0.201082444280303
0.0718236160873063 0.133340971110946 -0.227220422594285 0.138728539108197
-0.0337626049079082 0.176333378558087 -0.286147531767297 0.0524023887435829
-0.123885038488957 0.189329117943304 -0.275817856844748 0.103507406578173
-0.126433462964971 0.16930439503196 -0.116976573042766 0.0847674746510312
-0.0188777957884095 0.140008296148925 0.140102462738846 0.0276226981631624
0.0539444356932985 0.0962065391340013 0.0668387415587336 -0.213941954795179
0.096433061365051 0.0199625623089914 -0.176618136324909 -0.192264901222573
0.0933021424483604 -0.0668465135842579 -0.238449785568302 0.0324842312710618
0.0359077780856226 -0.107041237947835 -0.125628358719529 0.146085306136739
-0.010499870753695 -0.100069351358674 -0.0312367751995002 0.135577126404879
-0.0266109163919047 -0.111015901135827 0.0298552232770254 0.0949320219769969
-0.0194318071623502 -0.125123109104257 0.0723682007515824 0.0662169628665846
0.0230822765039264 -0.163262340751235 0.108253146056781 0.0754327867111897
0.132195744348375 -0.12795627060943 0.0888529887867285 0.139743567542815
0.194463593053028 0.00883294081793666 -0.0407876710068459 0.218261530411927
0.140151954722426 0.183861696438835 -0.179490978345525 0.182478523973531
-0.0343660625923962 0.266512418699683 -0.243239355173909 0.0710462495199164
-0.188214577268928 0.256624069421136 -0.199854624121997 0.064257511098976
-0.202004214508202 0.183583163352526 -0.048074225587327 0.0167669943470073
-0.0724412331895436 0.209027852777683 0.171800408004247 0.0134703628399357
0.0629435973976035 0.180347013694906 0.123810072169633 -0.22697580907071
0.156713060523436 0.0487880321379644 -0.12175609871838 -0.229347101262702
0.140994245807258 -0.0885931309669009 -0.21103526463502 -0.0256918431501365
0.0504681906544495 -0.14873073721641 -0.127389286228547 0.0889943486352246
-0.0179341714074853 -0.13480562997785 -0.0458810734651172 0.085811207586823
-0.0369460580204439 -0.132767697186862 0.014297040226054 0.0453066142370526
-0.0304157525750633 -0.14296280815822 0.0574201997712649 0.00976783988346429
0.011583429172345 -0.191781895973735 0.116360087322951 0.00587512726543008
0.130996510308775 -0.171500510659424 0.14549953936691 0.0704856285942479
0.220255632173056 -0.0333369688702858 0.047364166449943 0.203189148338615
0.193096558455662 0.1836528587109 -0.11739456115755 0.205262913641728
-0.0128151276291424 0.306499189756399 -0.198734738696818 0.0773042760594593
-0.211727186397568 0.28539603765286 -0.114358955111157 0.00801564880800449
-0.245897484043045 0.163413934465818 0.0492222928053105 -0.0517178933603786
-0.129090727779361 0.235279088089807 0.210841052191656 -0.00769115368551547
0.0410303992893333 0.241611672149048 0.18144730547033 -0.216499232726595
0.187003379471073 0.08681344339317 -0.0394425724617054 -0.244345674896352
0.173057005466676 -0.0858332510244907 -0.152405028453804 -0.090668986361725
0.0623024585504045 -0.164583907409525 -0.116824166143667 0.0139012813317164
-0.0221738969965069 -0.150356185306457 -0.060447077344435 0.0248136881377312
-0.0412554403166123 -0.135771776214714 -0.00341395549980839 -0.00972949535711469
-0.0361556724316498 -0.137496716329057 0.038467638190944 -0.0461739404726804
0.00108492936599892 -0.188147328330099 0.111667546796142 -0.0587516165556755
0.113430690088198 -0.179654034762182 0.177254013332045 -0.000538412406392891
0.207188460316408 -0.0571486283394504 0.115474225507055 0.165968745949178
0.19940129366559 0.160399917420822 -0.0588130111609213 0.201326391518621
-0.00354183831637886 0.295298112201248 -0.15574191891301 0.0697094008852093
-0.20684597029449 0.266431529694499 -0.0333575502202194 -0.0537015569414167
-0.238889943713286 0.113759488593178 0.156468029505452 -0.105246470726985
-0.161120996945295 0.206002397924898 0.251513666867792 -0.0285497449195915
0.00107877084520241 0.245191366324148 0.225142671759146 -0.18361252318819
0.170212586188522 0.109331356273797 0.0479008082508723 -0.225972300194556
0.169585737222125 -0.0656438637606247 -0.0735105572390803 -0.14181794231397
0.0636349659869212 -0.149268937573666 -0.0942806490416399 -0.0628305231495467
-0.0214822231007407 -0.139619529765487 -0.0734469415428715 -0.0395357124965272
-0.0386366946699976 -0.118577539159778 -0.0204605690270472 -0.0624737008926246
-0.0349447031868129 -0.113716284144901 0.02036218818188 -0.0942769335251176
-0.00311429621696233 -0.157902929380608 0.103339146759174 -0.109671512212883
0.0916750995565385 -0.156559146899363 0.190162598557539 -0.0547149527014758
0.173968945164341 -0.0535849481585847 0.156356392043156 0.128947568547796
0.165714771873304 0.138017776579292 -0.0166331954855457 0.182672517359861
-0.0177354430793568 0.247743956186854 -0.117595243239338 0.0554856142175463
-0.186476736104946 0.202725031731946 0.0364270821210862 -0.104132201774353
-0.178590213371884 0.0506685998964333 0.245834428751347 -0.137253268568271
-0.144910005532054 0.134565928331203 0.283812495816608 -0.0430808958094004
-0.0251154651984994 0.185310765196797 0.247054109373298 -0.14425760616237
0.117380424519109 0.0933821548417008 0.115355233481126 -0.190761138207615
0.124901851452219 -0.0407087351332311 -0.00136842910800439 -0.171624681902746
0.0471949545715676 -0.106754707725917 -0.0709892197404226 -0.125431077558986
-0.0189232146818549 -0.103205738090412 -0.0825759771676342 -0.0935238052740761
-0.0293929618839337 -0.0839324773760249 -0.0345934266879353 -0.105142987158307
-0.0286576158488577 -0.0774503354222803 0.00865685256217987 -0.13167426452825
-0.00510152086946259 -0.112267575788049 0.0985478276192341 -0.144493828028143
0.0680534632834253 -0.115365751250798 0.19635702611515 -0.0844618304968441
0.13316850336993 -0.0361618351627866 0.179224122359935 0.104193253075407
0.113860488623837 0.118649414614386 0.0100717184630438 0.164929871447879
-0.04079573175852 0.180824276368906 -0.0851226951038062 0.0436975756308446
-0.153501535455888 0.11333966637236 0.0909637758136879 -0.131563229141769
-0.0801167038735627 -0.017259537976752 0.294547945921246 -0.149911721563427
-0.0841699592579958 0.0439230681238419 0.296066216780325 -0.0542527652602633
-0.0254091207069815 0.0845994766232874 0.251931120387248 -0.117206642622144
0.048649077042402 0.0435679415840765 0.150725614784379 -0.167190488612065
0.0516971866016227 -0.0180010272314787 0.0370013049669677 -0.188028260069591
0.017523907288567 -0.0459727175068408 -0.0597421303444383 -0.163456758770272
-0.0139506294214829 -0.0479147482982314 -0.0901830564129563 -0.127253507603945
-0.0162651345485042 -0.0372148906326576 -0.0437170805028044 -0.130600549921265
-0.0200344060407497 -0.0349678618115802 0.00384517892843058 -0.154417860719869
-0.00823658169492806 -0.0589466206039958 0.0995562230278338 -0.163017226544327
0.0386076335921195 -0.0695445084602815 0.203164818721149 -0.0953911538101717
0.0886619169770269 -0.0201672304513382 0.191648544155131 0.0964923471355113
0.0614621921212145 0.0918904406739685 0.0229906185840753 0.15714503373867
-0.0558009926635989 0.102026806289252 -0.0651957661662077 0.0388745544521266
-0.103820372451272 0.0159200201248941 0.127680357964609 -0.134314494442749
0.0334294689236532 0.0506385234597228 -0.140512002002593 0.169426570749226
0.0317567023721583 -0.0244634832812491 0.116974559921639 0.0327788860027593
-0.0137415688051657 -0.0354665342987394 0.0101447059428395 -0.165289852976124
-0.0224680807309088 0.00902681585283009 -0.199016692797998 -0.125817208058304
0.00482620444234975 0.00914070742611385 -0.227977051167537 0.0871768031706186
0.0146063206724602 0.000398879866269402 -0.103197423671977 0.184300480766623
0.0140343843619478 -0.0079438161794539 -0.0135385769717081 0.177127312600592
0.00398908071664139 -0.0216669137146313 0.0444620420547557 0.145799704691091
0.00147691666593976 -0.024372096649895 0.0779702352999824 0.137263582100704
0.00917461912538728 -0.0269399937015265 0.0606854020241908 0.160107854798077
0.0317901541139871 -0.0132464460775588 -0.0343723470458874 0.195357676933597
0.0346932413987604 0.0137704155060477 -0.163679455338555 0.167305060352046
0.0262280778027559 0.0317608065299362 -0.244825389414338 0.0904392072564137
0.0108834031365318 0.0604835401846436 -0.3115576144464 0.0255682438433542
-0.0206149680166977 0.101649452253747 -0.317073494781253 0.112530906247952
-0.0418210155167746 0.116413334294143 -0.142084711502996 0.135505497387643
0.0148877186924556 0.0535522288090628 0.11971397851195 0.0341866409967825
0.0218097916659376 0.0196798763709683 0.0289498220446334 -0.183986593811403
0.03042028428959 0.00816969163174814 -0.193393395610592 -0.15022009054499
0.0436778663581642 -0.0302488252619565 -0.233985288425139 0.0683376932441759
0.0228798397868674 -0.0526685335856675 -0.112008244103371 0.172285731301343
0.00183913150002009 -0.053838777699936 -0.019765062930101 0.162179083856866
-0.0116767623721656 -0.0699745948176024 0.0401348242336495 0.127529230303479
-0.00762204349079328 -0.0809717410733149 0.0770751296249085 0.110522540181273
0.0243407474679209 -0.100842518612747 0.0831004788101029 0.129468532281743
0.0961859937018786 -0.0656953073461954 0.0173087850750734 0.180017930224769
0.121613732891268 0.0326242472696425 -0.118640405014242 0.193849293431799
0.0681571009997072 0.131215690299517 -0.221178571442378 0.12993499843884
-0.0357002777781089 0.171066122480974 -0.277931625148447 0.0449341501959458
-0.12149646341843 0.181852392394339 -0.266413460849421 0.0954832021327802
-0.124707356674341 0.160297291185526 -0.11056893094653 0.0821108353675518
-0.0207065698157919 0.134810929386965 0.137956479977214 0.0302119663095417
0.0507070823147564 0.0939234494412576 0.0691246136314599 -0.205446530800086
0.0928156998329934 0.0202110234815129 -0.167526695764747 -0.188497200602561
0.0895291650476081 -0.0644275245842689 -0.229921894124976 0.028451319450443
0.0343844692499237 -0.103272180216272 -0.121851331679186 0.13967022230187
-0.00878284669915773 -0.096571830043824 -0.030992752160452 0.130368483200397
-0.0249520576970529 -0.107874200169545 0.0287833919330293 0.0924775679265022
-0.0184174882572782 -0.121377652195316 0.0695511969820448 0.0659105027789218
0.0224517029319543 -0.157945709717594 0.103994016183524 0.0742286029742086
0.127235612198249 -0.124010212982065 0.0825628930783963 0.136613458733644
0.187073149943908 0.00978095784672851 -0.0421193405866081 0.210187587508627
0.133618596396617 0.180194086199646 -0.175812517340727 0.17336676590863
-0.0369218124455798 0.258327421209897 -0.236228126407804 0.0635406584812751
-0.184423649924347 0.246349055684855 -0.19215259790504 0.0585781640781802
-0.197495786523601 0.1745252842015 -0.0445079670411855 0.0174348874125225
-0.0727372132656923 0.200348844358306 0.168005999789694 0.0175358540949509
0.059047032010042 0.176117376356111 0.123555361050608 -0.216032579755103
0.151002711286298 0.0482589633768844 -0.114205113754943 -0.223898934399939
0.13590933247573 -0.084981981885668 -0.202415525635097 -0.0279986821751252
0.0484392923795881 -0.142733275015138 -0.12299935152009 0.0846207174815915
-0.0165424954828482 -0.130141975835072 -0.0451777657809913 0.0821292615315987
-0.0348205203339078 -0.129587763209619 0.0135101177852494 0.0445278588689989
-0.0285790447075836 -0.138723560664861 0.0553877269523463 0.0108961655393612
0.0105666115624945 -0.185575207687663 0.111830103517982 0.00738503876312904
0.126794147182171 -0.166381125438396 0.137720653436188 0.0700240577699918
0.212339785876341 -0.0298547955776817 0.0427053241718747 0.197763554046138
0.184623430729588 0.180358200552155 -0.114886631613355 0.196358784006027
-0.0158719681843513 0.297564476511385 -0.192286734555105 0.0699268762546716
-0.206274228097282 0.273690659373081 -0.108695679382495 0.00500057235094754
-0.239441203926183 0.153063934647084 0.0495380831446648 -0.0469850549498162
-0.127405281765443 0.224351244493347 0.204950274848586 -0.00146282726187993
0.0374504610106522 0.234671181689656 0.178733713353035 -0.205244371432669
0.179388033604481 0.0852532395244843 -0.0333533707183745 -0.236824848578779
0.166883425574098 -0.0828023165909343 -0.144920563918068 -0.0904432824664528
0.0603355315565059 -0.157884737124993 -0.112370092244034 0.0126590562273593
-0.0198142092349159 -0.144609649135229 -0.0593983645227813 0.0231542513735302
-0.0383173128375697 -0.132145986753886 -0.00385512201086188 -0.00922356201872087
-0.0335246960278821 -0.133866529757007 0.0369887484466931 -0.0430954637574082
0.000410402498920137 -0.182053835993834 0.108221512344472 -0.0550176694305478
0.109219495089618 -0.173805207707896 0.168437106316887 0.0014950145178038
0.200087519384982 -0.0539551109631006 0.109240468991606 0.16211565380563
0.191610296283739 0.158158951153414 -0.0588623169383653 0.194071113308761
-0.00604205486718523 0.285858553735546 -0.150920631369861 0.0631726705888395
-0.201701510437103 0.255224747758674 -0.0307633255886441 -0.0540997836947359
-0.232907667435608 0.105710533928843 0.153056275998822 -0.0975136686495028
-0.157982613510387 0.195577394598498 0.243858979501252 -0.0213116776542706
-0.0012090711545792 0.237396413759009 0.219272000001512 -0.172827050573162
0.162802002756209 0.106433803655385 0.0510566831586492 -0.218177867232493
0.163083874762833 -0.0626713402056224 -0.0677258473216736 -0.139237592046904
0.0615216470039262 -0.142791057617764 -0.0903257357910928 -0.0618265916144723
-0.019862977535579 -0.134531757653015 -0.0716592664317248 -0.0390859282961896
-0.0354013298904813 -0.115582911563242 -0.0207215979452043 -0.0607220278399124
-0.0321147703115598 -0.110402433986618 0.0203685594690365 -0.0902106016812786
-0.00318350868672325 -0.152190891987546 0.099905201925084 -0.104659068356757
0.0879431705168113 -0.151163295368391 0.181736456793593 -0.0509534476485815
0.167076172837279 -0.0508307360008793 0.150169988461797 0.125351706340653
0.159278652301124 0.135754981089791 -0.0171977404205862 0.176722599231905
-0.0190691062882695 0.238990027800193 -0.113377443965147 0.0501403474530167
-0.181063217004307 0.19369828459976 0.0359252771346465 -0.101186658278327
-0.173165499010966 0.0453408731277414 0.239256176455539 -0.127712984619788
-0.141843391395242 0.126513117755893 0.274043124396398 -0.0350975636737011
-0.0256308270050832 0.179196188398832 0.239416576343613 -0.134776416272596
0.112510057885044 0.0907244771057161 0.115666068691355 -0.18262327582049
0.119837220387488 -0.0390070292522326 0.00194036560601225 -0.166983833551361
0.0458389673130541 -0.101305496404302 -0.066949311490472 -0.121762930188342
-0.0180716457823487 -0.0992068067470428 -0.0796729763866332 -0.0906957640880752
-0.0274364124977784 -0.0824692920998559 -0.0342063987723478 -0.102222229350716
-0.0261423905707383 -0.0753115042346599 0.00843204029190608 -0.126296813875392
-0.00501061049789441 -0.108041202760476 0.0957012993471502 -0.13817838044444
0.065130103502135 -0.111178768889365 0.189147679980126 -0.0797673348888676
0.127712278981524 -0.0339183041952233 0.171888057415691 0.102584832117585
0.109303308226758 0.11569180794468 0.00814653483466401 0.160320082058112
-0.0406910487586042 0.174057176629822 -0.0828072750359585 0.0394674899068925
-0.148651623103289 0.107805126429348 0.0885828350375771 -0.126963462915112
-0.0771257248833693 -0.0182588710678282 0.286734291586423 -0.139481346747048
-0.0819548180279049 0.0403837837364471 0.285354692738457 -0.0474404121627973
-0.0248032065091411 0.0810962368992835 0.244264502966864 -0.108708939742081
0.0461599346744369 0.0425639458724036 0.150464684202151 -0.159791033284874
0.0488523079715785 -0.0175209464120242 0.038963329617696 -0.182307223262295
0.0167984174676153 -0.0432400634971774 -0.0565116514226912 -0.158374003739694
-0.01325004849171 -0.0456940215755634 -0.0867895542694099 -0.123279049340784
-0.0152056337382031 -0.0367883999641593 -0.0426057026314968 -0.127405026576413
-0.0177265369796375 -0.0336521704467643 0.00498689705781835 -0.148305297765245
-0.00801050879749979 -0.0566994233488548 0.0965871904036005 -0.156220832536801
0.0373226292300071 -0.0665256313813589 0.195889990266327 -0.0905197578009619
0.0848219785131907 -0.0185405325146677 0.183892806002259 0.0952742188072093
0.0589856202591222 0.0892859452412044 0.0203341110772086 0.153140141347846
-0.0553114136083244 0.0976448802428817 -0.0638317228121598 0.03553147130643
-0.0999137618925157 0.0140226402817327 0.122505570317812 -0.12792024546577
0.0312414072694166 0.0511891247217289 -0.141620045514538 0.165775925179921
0.0309396299626144 -0.0233270384663841 0.1188716525232 0.0347648779929189
-0.0130742033493831 -0.0350672781903269 0.0162760870002553 -0.166314924275941
-0.0224491435065597 0.00895628832899643 -0.196916674797527 -0.129938667855719
0.00413876085988436 0.00873520356205513 -0.230052076207904 0.0838334605495708
0.0148576150248939 -0.000150768812329895 -0.106010983175636 0.18224643099096
0.0146620138337103 -0.00866238901679322 -0.0157389790610652 0.177571220741505
0.00367042087346652 -0.0225522496051618 0.0438381877987294 0.147806030759765
0.00132669496979687 -0.0248708886501618 0.076938539362077 0.139383722124074
0.00935597843878878 -0.0271466917327274 0.0582953075695709 0.161461433930819
0.0324812660582795 -0.0131603526454381 -0.0381679157215499 0.196137542015008
0.0348738872078674 0.014734972134711 -0.167839370984579 0.164817908497855
0.0255282663397507 0.0333462450988887 -0.247873628784209 0.0841845919042582
0.00917003686102691 0.0619206332032937 -0.3139362928382 0.0170752386335429
-0.0231117107710409 0.100912535873019 -0.319292875912338 0.104634640034758
-0.0448141716305749 0.114668796046207 -0.142686169496749 0.132740743797867
0.0132278011428002 0.0542214574553205 0.122010254290716 0.0377491151374506
0.0211544059693856 0.0205225160903377 0.0355653292535699 -0.183832395206347
0.0297677616765025 0.00927661988123117 -0.189932598084803 -0.154955810961027
0.0431850857469982 -0.0298548896803247 -0.235863904038233 0.0641214074296507
0.0234028571600044 -0.0524778645197681 -0.115124038255246 0.170410242090486
0.00276971774167427 -0.0547345747486841 -0.0224118661699584 0.162740382711669
-0.0110509078719545 -0.0713897938358561 0.0389279580486521 0.129484572570227
-0.006739040091437 -0.0819866020436589 0.0758337788592341 0.112962666957501
0.0247138087261151 -0.10119620158075 0.0811340401708772 0.131869356034306
0.096994319894555 -0.0649794390316872 0.0131554035756292 0.181729837225792
0.121609194020343 0.0353047093595431 -0.123777555658054 0.192749459155061
0.0656843645254062 0.133997798183636 -0.224593110580795 0.124202573690096
-0.0401545994863417 0.172320873005999 -0.27976841379572 0.038263146502472
-0.125466673962467 0.179827055469967 -0.267778975148134 0.0887403063302011
-0.12891816038672 0.157475279629738 -0.110125417096255 0.0809240760252585
-0.0240187127302817 0.134492072369596 0.139779995747605 0.0349660913705877
0.0485050648954074 0.0960537233301991 0.075485798807415 -0.204330883113732
0.0921993061731207 0.021807150052661 -0.163176790413098 -0.193083419744708
0.0899325152087937 -0.0642912411261009 -0.231129445330293 0.0237127259753312
0.0354740137394178 -0.10283966392083 -0.123596616154185 0.137423181349554
-0.00660179806422164 -0.097979698611884 -0.0336027344969238 0.129980550681506
-0.0236171308722591 -0.109617340126253 0.0276474758415372 0.0942127888754448
-0.0170536252375999 -0.122683836459226 0.0691994285810075 0.0682771819697187
0.0233744119195269 -0.158113611544887 0.102973606416204 0.0766351543838018
0.129101935046819 -0.123336478785226 0.0794051437220577 0.13961719829912
0.187934943330161 0.0132452702620913 -0.0469592560211938 0.211546374889204
0.13157485955394 0.184510760360571 -0.179059433059982 0.169531797621059
-0.0430796955932446 0.25986609572204 -0.237805981666165 0.0569762409036334
-0.18855207613751 0.243631787570982 -0.192536954756557 0.0522954299971502
-0.202410280653984 0.169704523912624 -0.042715005197269 0.0185497104353527
-0.0776704330188773 0.198659994064311 0.170188018546673 0.0240597561807392
0.0553586641695508 0.177895996842448 0.129610451907165 -0.212905437531518
0.150095679983252 0.0510303243716511 -0.108268591393176 -0.227753556168314
0.136375031581169 -0.0843168410377987 -0.20189356886656 -0.0328264193507451
0.0499980095358942 -0.142033355767182 -0.12448766840117 0.0821712034423616
-0.0133613164349845 -0.131100122359525 -0.0470809914218171 0.0816271968885601
-0.0324061866128662 -0.131806909628626 0.0128648297423668 0.0449661115137901
-0.0267586443345626 -0.140111517847543 0.0556495579138386 0.012970902137224
0.0118207043830756 -0.186080556707128 0.111890868289499 0.00984732591267861
0.127288644872917 -0.16571749099957 0.134996752918566 0.0727229484248366
0.213323956451809 -0.0267067210787554 0.0385023717560039 0.199769101747601
0.183382943003449 0.184625476861956 -0.118909219971741 0.195020115191357
-0.0214114654451769 0.299033102378004 -0.19451171398502 0.0639882233961199
-0.210509881509789 0.270943426132112 -0.108374250949231 0.000616775410258635
-0.244310237928813 0.148100579575623 0.0521371190335159 -0.0441623982069698
-0.133397017840234 0.221711307172428 0.206035402341504 0.00587461467169868
0.0332026304657896 0.236603295264817 0.183998206741039 -0.199776079600406
0.178343856590665 0.0884132611489824 -0.0270865372607763 -0.238775734823644
0.167539508517194 -0.0811957450050357 -0.142355375708765 -0.0942733739019173
0.0619387932452919 -0.156824529702936 -0.112695946232737 0.0102288709031713
-0.0172273017948013 -0.145207210165714 -0.0607507011427854 0.0220911862846551
-0.0358173151315487 -0.134689688187655 -0.0040188197956506 -0.00936590011727764
-0.0315064647433762 -0.134522115875343 0.0377439257925334 -0.0415075838090074
0.00138926678755089 -0.182063896955853 0.108796765040975 -0.053501926582348
0.109852712051949 -0.174039847767749 0.167103682389481 0.00481132478364054
0.200402022246983 -0.0506178732307532 0.106600240867195 0.1651068469824
0.190709341969158 0.162891532049896 -0.0620328081171931 0.193488740600281
-0.0114865304509689 0.287648710884863 -0.15285102306686 0.0580388839405843
-0.204999265203856 0.251923624036109 -0.0299571425415208 -0.0564893352997108
-0.235920751073838 0.0998233003667925 0.156818095388825 -0.0927225908065069
-0.163370617419232 0.191418361862011 0.244932835717782 -0.013235563526103
-0.00532730745455033 0.238835805958607 0.223273300441515 -0.166465740924305
0.161995987560426 0.109612004441011 0.0574880510336103 -0.217679747119733
0.163492789231925 -0.0610246256837703 -0.0643952844078458 -0.14183478571541
0.0631325954553314 -0.141384167502365 -0.0895465077878467 -0.0631839134474441
-0.0175068102882175 -0.134857798674905 -0.071730228877651 -0.0397390832415739
-0.0338285678532474 -0.117708549417356 -0.02086108429711 -0.0618639901329148
-0.0295305450963646 -0.111101920272139 0.0213622847240714 -0.089287538368348
-0.0027281069665853 -0.152399150641404 0.101043547479429 -0.103032627311457
0.0884520634016838 -0.150707838249613 0.181113658374503 -0.0472846065327778
0.167408761499508 -0.047718469707051 0.147844948889074 0.129876306046282
0.157621220390315 0.139293485203545 -0.0204324347098907 0.177571344772531
-0.0227831474539358 0.239913871357569 -0.115447769231289 0.0456957152664886
-0.183813808728499 0.191150912670744 0.0380939176416892 -0.102455643156708
-0.175369933195992 0.0411468437135335 0.2432188996127 -0.121143776256945
-0.144680919369413 0.122896125602801 0.275198437790156 -0.0272081331848234
-0.0283877931357291 0.178980390116891 0.242680075553346 -0.127432400373327
0.111132316247099 0.092838906740977 0.122253775677215 -0.181277778803272
0.11974448229766 -0.0372848116113344 0.00658944620068881 -0.169212488708492
0.0469351535283891 -0.0999803274317516 -0.064811310741885 -0.123547960663792
-0.0164629518054797 -0.0994093167370375 -0.079918553287667 -0.0918926336185003
-0.0259246680201621 -0.084358168332877 -0.0340714823444884 -0.103828368300708
-0.0236775382635264 -0.0764932097501029 0.0105120464760229 -0.125786221627262
-0.00380461570203871 -0.107581651338702 0.0967693561485548 -0.136375637587032
0.0653822709346606 -0.110341084736182 0.18942319105674 -0.0769881331224594
0.127467071110805 -0.0319254413495598 0.170737121561472 0.106412281129885
0.107828615882224 0.118600228832561 0.00605313246000872 0.161651093553548
-0.0440104539129157 0.173602564707506 -0.0844667374081117 0.0356050894148022
-0.149570816793025 0.104636443878936 0.0895931897438397 -0.126331620702646
-0.07762817766726 -0.0206975295660365 0.29053663195683 -0.131874287676545
-0.0825924815823173 0.0377761083967305 0.286314430207647 -0.0398401536973415
-0.0260407024649306 0.0806658902184519 0.24699058980841 -0.101984488039223
0.0453423823139041 0.0433986396785689 0.156320718843876 -0.157048202683043
0.0485662761430661 -0.0164649429511344 0.044616058086143 -0.183205320391584
0.0171366329643641 -0.0420613267848823 -0.0542508748806123 -0.160212723891295
-0.0128892583976095 -0.0454062935809407 -0.0864417165613243 -0.123834221884516
-0.0142105944085228 -0.0383080609488295 -0.0429200246988252 -0.128743313099394
-0.0161659464439907 -0.0343586579284762 0.00638855996086171 -0.148451573118394
-0.00712664971200731 -0.0560773010821171 0.0990488340434433 -0.154826527334183
0.0379077532285936 -0.065714657141251 0.196257907579508 -0.0872083281150033
0.0846896416835424 -0.0174055203333043 0.182196045303674 0.098763869601365
0.0577304467144374 0.0909693733444372 0.0169892339622924 0.154212574362139
-0.0567624172686161 0.096875493113967 -0.0659132980198529 0.0329127226008933
-0.099890600917439 0.0115650408964162 0.123507258608841 -0.126471628895662
