TRXV5
3
4
4
9
string Extension=J
integer IsArchMeasurement=1
integer IsSpherical=1
string Generator=SPM
string GeneratorVersion=1.3.1 Dev
double ArchRadius=0.449999988079071
integer FrequencyAxisIndex=0
integer AzimuthAxisIndex=1
integer ElevationAxisIndex=2
Frequency
5 136 690000000 960000000 LIN
Azimuth
7 8 0 2.74889357189107 LIN
Elevation
7 15 -2.74889357189107 2.74889357189107 LIN
Polar H Real Part
13
Polar H Imaginary Part
14
Polar V Real Part
13
Polar V Imaginary Part
14
Polar H Magnitude (dB)
12 0xC0000002 0 1
Polar H Phase
7 0xC0000003 0 1
Polar V Magnitude (dB)
12 0xC0000002 2 3
Polar V Phase
7 0xC0000003 2 3
-0.0317611694335938 0.0268898010253906 0.0492134094238281 0.0219001770019531
0.00481033325195313 0.0364303588867188 0.0183696746826172 0.0182666778564453
0.0213737487792969 0.0110015869140625 0.00911521911621094 0.0258159637451172
0.0189781188964844 -0.00411415100097656 0.0274333953857422 0.0329341888427734
0.0131864547729492 -0.0123386383056641 0.04339599609375 0.0199737548828125
0.00618362426757813 -0.0213584899902344 0.0494537353515625 6.10351562499987E-05
0.00349235534667969 -0.0199985504150391 0.0438461303710938 -0.00693511962890625
0.00583076477050781 -0.01800537109375 0.032501220703125 -0.00412940979003906
0.0141143798828125 -0.0213718414306641 0.0188255310058594 0.0026397705078125
0.0244331359863281 -0.00719642639160156 0.00448942184448242 0.00302839279174805
0.0240268707275391 0.0132884979248047 -0.00662517547607422 -0.0138368606567383
0.0106964111328125 0.0258216857910156 0.00577926635742188 -0.0304431915283203
-0.0157394409179688 0.0266170501708984 0.0433082580566406 -0.0340042114257813
-0.0341110229492188 0.0195426940917969 0.0571823120117188 -0.0139961242675781
-0.0465469360351562 0.00761795043945313 0.0317287445068359 -0.00112152099609375
-0.0479278564453125 0.0203819274902344 0.0346813201904297 0.0315055847167969
-0.0137901306152344 0.0387191772460937 0.00783729553222656 0.0293483734130859
0.00992012023925781 0.0216426849365234 0.0054779052734375 0.0356369018554688
0.0159893035888672 0.0105228424072266 0.0251045227050781 0.0411949157714844
0.0182456970214844 0.000307083129882813 0.0416259765625 0.028076171875
0.0194931030273437 -0.0122528076171875 0.0497589111328125 0.00830459594726563
0.0175533294677734 -0.0155477523803711 0.0427932739257813 0.000549316406249999
0.017542839050293 -0.0131664276123047 0.0288887023925781 0.00290298461914062
0.0262279510498047 -0.0150127410888672 0.0127353668212891 0.00914859771728516
0.0337371826171875 0.00149345397949219 -0.00387716293334961 0.00815057754516602
0.0271053314208984 0.0237083435058594 -0.0161561965942383 -0.0109004974365234
0.00841522216796875 0.0367660522460938 -0.00560951232910156 -0.030426025390625
-0.0248756408691406 0.0334930419921875 0.0303726196289063 -0.0370368957519531
-0.0473785400390625 0.0197868347167969 0.039337158203125 -0.0158233642578125
-0.0597076416015625 0.00456237792968751 0.0123462677001953 -0.00182247161865234
-0.0586662292480469 0.0087890625 0.0135231018066406 0.0369720458984375
-0.0334072113037109 0.0339794158935547 -0.0101127624511719 0.0383796691894531
-0.00652885437011719 0.0301227569580078 -0.00284957885742187 0.046630859375
0.00888442993164062 0.0258255004882813 0.0203895568847656 0.0492324829101563
0.0205402374267578 0.0150279998779297 0.0371246337890625 0.034423828125
0.0295848846435547 0.000192642211914063 0.0457878112792969 0.0152740478515625
0.0291633605957031 -0.0081939697265625 0.0355606079101563 0.0072784423828125
0.0261039733886719 -0.00663375854492188 0.0204601287841797 0.00900650024414063
0.0340423583984375 -0.00743293762207031 0.00327587127685547 0.0156345367431641
0.0376472473144531 0.0077056884765625 -0.0139369964599609 0.0130577087402344
0.0271930694580078 0.0286426544189453 -0.0266876220703125 -0.00666809082031249
0.00785064697265625 0.0413093566894531 -0.0168914794921875 -0.0277309417724609
-0.0263633728027344 0.0372352600097656 0.0156135559082031 -0.0372238159179688
-0.0507621765136719 0.0207252502441406 0.0188961029052734 -0.0132083892822266
-0.064666748046875 0.00152206420898436 -0.00961780548095703 -0.00213623046875
-0.0597000122070313 -0.0033111572265625 -0.0111846923828125 0.0368576049804688
-0.0469512939453125 0.0231895446777344 -0.0321884155273437 0.0426826477050781
-0.0219097137451172 0.0319995880126953 -0.0147590637207031 0.0538101196289062
-0.00138473510742187 0.0370941162109375 0.0119705200195312 0.0546302795410156
0.0178604125976562 0.0281410217285156 0.0278892517089844 0.0371055603027344
0.0348854064941406 0.0134086608886719 0.0355758666992188 0.0195770263671875
0.0364418029785156 0.000743865966796875 0.0236835479736328 0.0115699768066406
0.0304279327392578 0.0006256103515625 0.00869560241699219 0.0139064788818359
0.0363922119140625 0.0007476806640625 -0.00788307189941406 0.0197010040283203
0.0367050170898438 0.0129165649414063 -0.0233478546142578 0.0164890289306641
0.0243244171142578 0.0292625427246094 -0.0346736907958984 -0.00223922729492188
0.0062713623046875 0.0394210815429687 -0.0258235931396484 -0.0225257873535156
-0.0249462127685547 0.0348529815673828 0.00224113464355469 -0.0322742462158203
-0.0471878051757813 0.0178718566894531 9.05990600585911E-05 -0.007598876953125
-0.0609130859375 -0.00244903564453125 -0.0300502777099609 -0.00162506103515625
-0.0499916076660156 -0.0140876770019531 -0.0340995788574219 0.0306110382080078
-0.0485458374023438 0.00896453857421874 -0.053680419921875 0.0395889282226562
-0.0319290161132812 0.0261917114257813 -0.0283851623535156 0.0555267333984375
-0.0128707885742187 0.0385780334472656 0.00181198120117187 0.0534820556640625
0.0106029510498047 0.0342540740966797 0.0172157287597656 0.0342903137207031
0.0317840576171875 0.0238151550292969 0.0220355987548828 0.0191478729248047
0.036102294921875 0.00925064086914063 0.00838184356689453 0.0129814147949219
0.0296726226806641 0.00757789611816406 -0.00500679016113281 0.0160913467407227
0.0341796875 0.00806427001953125 -0.0186595916748047 0.0218276977539062
0.0317630767822266 0.0181427001953125 -0.0317516326904297 0.0181789398193359
0.0185470581054688 0.0291652679443359 -0.0397911071777344 0.000888824462890619
0.000705718994140622 0.0356636047363281 -0.0291290283203125 -0.0174026489257812
-0.0246086120605469 0.0272045135498047 -0.00578689575195313 -0.0241012573242188
-0.0407333374023438 0.00936889648437499 -0.0145702362060547 0.000973701477050783
-0.0509567260742187 -0.0103607177734375 -0.0482025146484375 -0.00128555297851562
-0.0292816162109375 -0.0197296142578125 -0.0495109558105469 0.0211944580078125
-0.0361061096191406 -0.00467681884765626 -0.0680084228515625 0.0312423706054688
-0.0308017730712891 0.0127162933349609 -0.0391693115234375 0.0506095886230469
-0.0189800262451172 0.0281486511230469 -0.00794601440429688 0.046905517578125
0.000896453857421872 0.0307292938232422 0.00750732421875 0.0277366638183594
0.0216293334960938 0.0274486541748047 0.00803565979003906 0.015289306640625
0.0287551879882813 0.0165920257568359 -0.00588321685791015 0.0117225646972656
0.0247478485107422 0.0129642486572266 -0.0178546905517578 0.0151634216308594
0.0280704498291016 0.0143318176269531 -0.0282077789306641 0.0206928253173828
0.0241794586181641 0.0219955444335938 -0.0379257202148438 0.0154991149902344
0.0104694366455078 0.0287380218505859 -0.0409393310546875 0.000392913818359376
-0.00638580322265625 0.0304927825927734 -0.0290603637695313 -0.0150585174560547
-0.026611328125 0.016876220703125 -0.00982475280761719 -0.0171403884887695
-0.0336265563964844 -0.00299072265625 -0.0237846374511719 0.00457000732421875
-0.0359764099121094 -0.02105712890625 -0.0592803955078125 -0.00405120849609375
-0.00362586975097656 -0.0196857452392578 -0.0557022094726562 0.0119132995605469
-0.012359619140625 -0.013209342956543 -0.0731277465820313 0.0225830078125
-0.0176200866699219 -0.00249481201171875 -0.043548583984375 0.0442276000976562
-0.0182437896728516 0.00958633422851563 -0.0119094848632813 0.0383872985839844
-0.0081787109375 0.0176429748535156 0.00208473205566406 0.0186443328857422
0.00570297241210937 0.0242767333984375 -0.00294780731201172 0.00820636749267578
0.0158061981201172 0.0209140777587891 -0.017486572265625 0.00789356231689453
0.0150365829467773 0.0169544219970703 -0.0282821655273438 0.0131454467773438
0.0180034637451172 0.0180397033691406 -0.036529541015625 0.01763916015625
0.0142555236816406 0.0235042572021484 -0.0435028076171875 0.0112571716308594
0.00242805480957031 0.0270843505859375 -0.0427742004394531 -0.00341796875
-0.0130100250244141 0.0254898071289063 -0.0285377502441406 -0.0166568756103516
-0.0289630889892578 0.00583839416503907 -0.0113992691040039 -0.0159950256347656
-0.0252723693847656 -0.0166549682617187 -0.027618408203125 0.00370979309082031
-0.0186042785644531 -0.0312118530273437 -0.0643768310546875 -0.00952911376953126
0.0222721099853516 -0.0167388916015625 -0.0504646301269531 0.00671768188476562
0.0129728317260742 -0.0170841217041016 -0.0668563842773438 0.0175628662109375
-0.000106811523437502 -0.0153331756591797 -0.0411567687988281 0.0398750305175781
-0.0123319625854492 -0.0107364654541016 -0.0100898742675781 0.0330352783203125
-0.0150632858276367 0.00161457061767578 0.00228595733642578 0.0124874114990234
-0.0108184814453125 0.0161609649658203 -0.00778388977050782 0.00127172470092774
-1.52587890624981E-05 0.0214061737060547 -0.0231437683105469 0.00205421447753907
0.00287055969238281 0.0175971984863281 -0.0342311859130859 0.00842857360839844
0.00596046447753906 0.0188560485839844 -0.0428276062011719 0.0119171142578125
0.00368881225585938 0.0225067138671875 -0.047332763671875 0.00358200073242188
-0.00470161437988281 0.0217437744140625 -0.0441703796386719 -0.00993347167968749
-0.0172672271728516 0.0177669525146484 -0.0280990600585938 -0.0211143493652344
-0.0276222229003906 -0.00403785705566406 -0.0120258331298828 -0.0195941925048828
-0.0152473449707031 -0.0268955230712891 -0.028289794921875 -0.00433731079101562
0.000755310058593751 -0.038238525390625 -0.0626640319824219 -0.019256591796875
-0.0302257537841797 0.0347537994384766 0.0573921203613281 0.0241546630859375
0.0115394592285156 0.0401802062988281 0.0239849090576172 0.0195236206054688
0.0263271331787109 0.00835800170898438 0.0120887756347656 0.0263957977294922
0.0203876495361328 -0.008636474609375 0.0305652618408203 0.0329360961914063
0.0121603012084961 -0.0167932510375977 0.0479736328125 0.0197792053222656
0.00206184387207032 -0.0255794525146484 0.0535659790039063 -0.001617431640625
-0.000362396240234372 -0.0228538513183594 0.0486984252929688 -0.00928115844726563
0.00239372253417969 -0.0212287902832031 0.0372543334960938 -0.00554275512695313
0.0108985900878906 -0.0260086059570313 0.0230827331542969 0.00326347351074219
0.0256061553955078 -0.0126609802246094 0.00715303421020508 0.00574064254760742
0.0294055938720703 0.0101776123046875 -0.00790882110595703 -0.0117502212524414
0.0163841247558594 0.0266075134277344 0.00258255004882812 -0.0313568115234375
-0.0134029388427734 0.0334892272949219 0.0433006286621094 -0.0398941040039063
-0.0365447998046875 0.0283660888671875 0.0620307922363281 -0.0185775756835937
-0.0515365600585937 0.0161552429199219 0.0364227294921875 -0.000263214111328124
-0.0493545532226563 0.0272216796875 0.0425910949707031 0.0365676879882813
-0.00964736938476563 0.0428619384765625 0.0134639739990234 0.0325336456298828
0.0136451721191406 0.0209312438964844 0.00920867919921875 0.0375556945800781
0.0179462432861328 0.00794601440429688 0.0292282104492188 0.0432281494140625
0.0182533264160156 -0.00305938720703125 0.0473823547363281 0.028778076171875
0.0175418853759766 -0.0159006118774414 0.0559921264648438 0.00691604614257812
0.0161800384521484 -0.0183753967285156 0.0490341186523438 -0.00117874145507813
0.0158939361572266 -0.0158414840698242 0.0348281860351563 0.00243949890136719
0.0253887176513672 -0.0192031860351562 0.0179386138916016 0.0113449096679687
0.0360336303710938 -0.00266647338867188 -0.000438690185546874 0.0125160217285156
0.0320205688476563 0.0222148895263672 -0.0178470611572266 -0.00669097900390625
0.0137176513671875 0.039520263671875 -0.00957679748535156 -0.0291004180908203
-0.0241317749023437 0.0406875610351562 0.0285377502441406 -0.0416297912597656
-0.0514335632324219 0.027984619140625 0.0426139831542969 -0.0179786682128906
-0.0669593811035156 0.0116996765136719 0.0152730941772461 0.00103092193603516
-0.0632972717285156 0.0136222839355469 0.0194854736328125 0.0444679260253906
-0.0337448120117188 0.0383033752441406 -0.00513458251953126 0.0442276000976563
-0.00454139709472656 0.0314426422119141 0.00162887573242187 0.0501747131347656
0.0104217529296875 0.0263786315917969 0.0253562927246094 0.0526046752929688
0.0215969085693359 0.0144195556640625 0.04315185546875 0.0361251831054688
0.0311813354492188 -0.0020599365234375 0.0518302917480469 0.0145492553710938
0.0308437347412109 -0.0107898712158203 0.04205322265625 0.00650787353515625
0.0273017883300781 -0.00844001770019531 0.0263557434082031 0.00948524475097656
0.0354461669921875 -0.0103187561035156 0.00872421264648438 0.0183601379394531
0.0413589477539063 0.00595855712890625 -0.0106163024902344 0.0184535980224609
0.0322818756103516 0.0287609100341797 -0.0280609130859375 -0.0015716552734375
0.0119171142578125 0.0450859069824219 -0.0211982727050781 -0.0251789093017578
-0.0271682739257813 0.0440025329589844 0.0126228332519531 -0.0397720336914063
-0.0566177368164062 0.0271034240722656 0.0202960968017578 -0.0135231018066406
-0.0729904174804688 0.00668334960937499 -0.00948715209960938 0.00288581848144531
-0.0658378601074219 -0.00172805786132813 -0.0078277587890625 0.0458946228027344
-0.0510215759277344 0.0259666442871094 -0.0290870666503906 0.0505943298339844
-0.0235176086425781 0.0351715087890625 -0.01080322265625 0.0593986511230469
-0.00111770629882813 0.0403709411621094 0.0163307189941406 0.0584602355957031
0.0200309753417969 0.0301170349121094 0.034149169921875 0.039398193359375
0.0382423400878906 0.0130500793457031 0.0424079895019531 0.0195999145507813
0.0399932861328125 -0.00087738037109375 0.0295524597167969 0.0118751525878906
0.0342330932617188 -5.53131103515625E-05 0.014033317565918 0.0149412155151367
0.0402793884277344 -0.0008392333984375 -0.00297164916992187 0.0229549407958984
0.0415115356445313 0.0131149291992188 -0.0202999114990234 0.0221099853515625
0.0283565521240234 0.031768798828125 -0.0350551605224609 0.00365638732910156
0.008331298828125 0.0443916320800781 -0.0291519165039063 -0.0188617706298828
-0.02685546875 0.0406951904296875 -0.00064849853515625 -0.0322685241699219
-0.05377197265625 0.0220298767089844 -0.000160694122314456 -0.00530624389648437
-0.0694694519042969 -0.000190734863281258 -0.0327014923095703 0.00474166870117188
-0.0567779541015625 -0.0163116455078125 -0.0347251892089844 0.0403289794921875
-0.0545578002929688 0.00926971435546876 -0.0539817810058594 0.0490455627441406
-0.0362472534179688 0.0287246704101563 -0.0255661010742188 0.0625648498535156
-0.0136070251464844 0.0434188842773438 0.0059051513671875 0.0583229064941406
0.0124549865722656 0.0387954711914062 0.0223236083984375 0.0363616943359375
0.0368766784667969 0.0254554748535156 0.0272979736328125 0.0198326110839844
0.0413856506347656 0.00930023193359375 0.0121841430664063 0.0140857696533203
0.0352210998535156 0.0080413818359375 -0.0014190673828125 0.0179595947265625
0.0387763977050781 0.0089111328125 -0.0151004791259766 0.0257854461669922
0.0375328063964844 0.0199623107910156 -0.0286350250244141 0.0230255126953125
0.0216140747070312 0.0333538055419922 -0.0398063659667969 0.00630187988281251
0.00162506103515625 0.0416069030761719 -0.0318222045898438 -0.013671875
-0.0287570953369141 0.0318813323974609 -0.00815582275390625 -0.0228710174560547
-0.0481796264648438 0.0107688903808594 -0.0151004791259766 0.00472450256347657
-0.0599174499511719 -0.0110321044921875 -0.0524711608886719 0.00530624389648438
-0.0345497131347656 -0.0256748199462891 -0.0534934997558594 0.0294189453125
-0.0426559448242188 -0.00757980346679687 -0.0714263916015625 0.040863037109375
-0.0363388061523438 0.014007568359375 -0.0378341674804688 0.0584716796875
-0.0226783752441406 0.0331153869628906 -0.0047454833984375 0.0517234802246094
0.00124359130859375 0.0363922119140625 0.0104732513427734 0.0289936065673828
0.0263538360595703 0.0318870544433594 0.0108976364135742 0.0160589218139648
0.0351638793945312 0.0182723999023438 -0.00414180755615234 0.012965202331543
0.0299186706542969 0.0147838592529297 -0.0164146423339844 0.0178565979003906
0.0341873168945313 0.0161342620849609 -0.0266819000244141 0.0241737365722656
0.0299091339111328 0.0257167816162109 -0.0368423461914063 0.0197792053222656
0.0136547088623047 0.0341835021972656 -0.0421714782714844 0.00452804565429688
-0.00667190551757812 0.0373268127441406 -0.03094482421875 -0.0119991302490234
-0.0317840576171875 0.0210380554199219 -0.0119552612304688 -0.0158100128173828
-0.042022705078125 -0.00387191772460938 -0.0252513885498047 0.00892257690429688
-0.0441741943359375 -0.0245895385742187 -0.0648918151855469 0.00133132934570311
-0.00531959533691406 -0.0280017852783203 -0.0617904663085937 0.0182380676269531
-0.0170269012451172 -0.0195293426513672 -0.078033447265625 0.0308303833007813
-0.0234394073486328 -0.00427627563476562 -0.0432395935058594 0.051513671875
-0.0233669281005859 0.0126285552978516 -0.00966644287109375 0.0420417785644531
-0.0104522705078125 0.0233840942382813 0.00346183776855469 0.0188694000244141
0.00958824157714844 0.0302963256835937 -0.00226831436157226 0.00823497772216797
0.0218753814697266 0.0241565704345703 -0.0185813903808594 0.00895881652832031
0.0204372406005859 0.0199127197265625 -0.0292739868164063 0.0157012939453125
0.0241184234619141 0.0209178924560547 -0.0372505187988281 0.0209693908691406
0.0201396942138672 0.0283985137939453 -0.0438804626464844 0.01458740234375
0.00515174865722656 0.0324172973632813 -0.0442390441894531 -0.000797271728515623
-0.013946533203125 0.0319728851318359 -0.0307273864746094 -0.0150585174560547
-0.0352363586425781 0.009429931640625 -0.0127668380737305 -0.0146598815917969
-0.0336742401123047 -0.0189170837402344 -0.0301742553710938 0.00731658935546876
-0.025543212890625 -0.0369911193847656 -0.0714340209960938 -0.00653839111328125
0.0237884521484375 -0.0251693725585938 -0.0565299987792969 0.00954437255859375
0.0113353729248047 -0.0255031585693359 -0.0725250244140625 0.023468017578125
-0.00429725646972656 -0.0200214385986328 -0.0402336120605469 0.0461349487304688
-0.0182037353515625 -0.0103206634521484 -0.00771331787109375 0.03509521484375
-0.0188140869140625 0.00535392761230468 0.00292301177978516 0.0108232498168945
-0.00939559936523437 0.0228061676025391 -0.00895118713378906 8.58306884765658E-05
0.00489425659179688 0.0257968902587891 -0.0268421173095703 0.00274276733398438
0.00757026672363281 0.0213546752929688 -0.0378608703613281 0.0103988647460938
0.0115451812744141 0.0225467681884766 -0.0454521179199219 0.014617919921875
0.00817298889160156 0.0271892547607422 -0.0499267578125 0.00615310668945312
-0.00249099731445312 0.0277442932128906 -0.0470199584960938 -0.00825119018554687
-0.018280029296875 0.0242385864257813 -0.0306758880615234 -0.0199432373046875
-0.0337009429931641 -0.000732421874999995 -0.0143070220947266 -0.019134521484375
-0.0225543975830078 -0.0299549102783203 -0.0325756072998047 -0.00273132324218751
-0.00494766235351562 -0.0453910827636719 -0.0705947875976563 -0.0184860229492188
-0.0260124206542969 0.0409889221191406 0.0656013488769531 0.0236625671386719
0.019256591796875 0.0400352478027344 0.0303401947021484 0.0185928344726563
0.0298900604248047 0.00388336181640625 0.0142650604248047 0.0253734588623047
0.0205593109130859 -0.0137481689453125 0.0327796936035156 0.0327892303466797
0.00933074951171875 -0.0208282470703125 0.0511245727539063 0.0187034606933594
-0.00315666198730469 -0.0280570983886719 0.0571556091308594 -0.004547119140625
-0.00527000427246094 -0.0240325927734375 0.0526504516601563 -0.012542724609375
-0.00166130065917969 -0.0220432281494141 0.0415496826171875 -0.00835418701171875
0.00596237182617187 -0.0297870635986328 0.0280513763427734 0.00293159484863281
0.0242347717285156 -0.0186176300048828 0.0108928680419922 0.00723075866699218
0.0325393676757813 0.00490951538085938 -0.00799131393432617 -0.00841188430786133
0.0225257873535156 0.0254402160644531 0.000303268432617188 -0.0299339294433594
-0.00861358642578125 0.0384902954101563 0.0405426025390625 -0.0443191528320313
-0.035125732421875 0.03765869140625 0.0656280517578125 -0.0244064331054687
-0.0529022216796875 0.0261688232421875 0.0419883728027344 -0.000442504882812498
-0.0481796264648438 0.0333938598632813 0.0516166687011719 0.0389556884765625
-0.00521087646484375 0.0445823669433594 0.0207347869873047 0.0337982177734375
0.0163688659667969 0.0184898376464844 0.0127677917480469 0.0377540588378906
0.0182170867919922 0.00539970397949219 0.0332984924316406 0.0431251525878906
0.0166826248168945 -0.00532817840576172 0.0518569946289063 0.0283126831054688
0.0142078399658203 -0.0186500549316406 0.0605888366699219 0.00452804565429687
0.0136852264404297 -0.0204563140869141 0.0548629760742188 -0.00427627563476563
0.0144281387329102 -0.017338752746582 0.0405921936035156 9.1552734374999E-05
0.0230255126953125 -0.0223140716552734 0.0239334106445313 0.0114326477050781
0.0367660522460938 -0.00722122192382813 0.00461196899414063 0.0156068801879883
0.0365829467773438 0.0193748474121094 -0.0168285369873047 -0.00193119049072266
0.0192451477050781 0.0406455993652344 -0.0119476318359375 -0.0256671905517578
-0.0209388732910156 0.0470428466796875 0.0255508422851563 -0.0442848205566406
-0.0530853271484375 0.037017822265625 0.0451583862304688 -0.0208015441894531
-0.0710220336914063 0.0211715698242187 0.0196685791015625 0.00391578674316406
-0.0655288696289063 0.0187911987304687 0.0280914306640625 0.0494499206542969
-0.032073974609375 0.0415725708007813 0.0020599365234375 0.0479240417480469
-0.00363731384277344 0.031890869140625 0.00637054443359374 0.05145263671875
0.0113887786865234 0.0266857147216797 0.0300178527832031 0.0540657043457031
0.0227108001708984 0.0134696960449219 0.0488967895507813 0.0356826782226562
0.0310249328613281 -0.00409889221191406 0.0581169128417969 0.0119667053222656
0.0310325622558594 -0.0128860473632812 0.0481643676757813 0.003631591796875
0.0283603668212891 -0.0101795196533203 0.0328617095947266 0.00776481628417969
0.0357666015625 -0.0128860473632813 0.0151386260986328 0.0192070007324219
0.0438957214355469 0.00299835205078125 -0.00461578369140625 0.0218963623046875
0.0365142822265625 0.0283203125 -0.0265617370605469 0.00422286987304688
0.0167999267578125 0.0476112365722656 -0.0232944488525391 -0.0203933715820312
-0.0256500244140625 0.0494613647460938 0.00949859619140625 -0.0397911071777344
-0.0600357055664063 0.0344657897949219 0.0222358703613281 -0.0136127471923828
-0.0789794921875 0.0141830444335937 -0.00672197341918946 0.00786828994750977
-0.0714492797851563 0.000541687011718759 -0.00178527832031251 0.053619384765625
-0.0535049438476562 0.0295295715332031 -0.0231590270996094 0.0567474365234375
-0.0241889953613281 0.0376091003417969 -0.00523757934570313 0.0621337890625
-0.000118255615234377 0.0432319641113281 0.0222129821777344 0.0605354309082031
0.0218715667724609 0.0313720703125 0.0395698547363281 0.0394630432128906
0.041351318359375 0.0120429992675781 0.0482292175292969 0.017822265625
0.0433349609375 -0.0028839111328125 0.0350704193115234 0.0100822448730469
0.0372276306152344 -0.00137710571289063 0.01953125 0.014251708984375
0.0434608459472656 -0.00251007080078125 0.00337600708007813 0.0246753692626953
0.0458984375 0.0120391845703125 -0.0145683288574219 0.0259952545166016
0.0329360961914063 0.0334510803222656 -0.0331001281738281 0.00916862487792969
0.0124092102050781 0.0482940673828125 -0.03009033203125 -0.0137119293212891
-0.0273399353027344 0.0456695556640625 -0.00300025939941407 -0.0309162139892578
-0.0590858459472656 0.0275726318359375 0.00177741050720214 -0.00272631645202637
-0.0769882202148438 0.0047454833984375 -0.0315093994140625 0.0116920471191406
-0.0639533996582031 -0.0172004699707031 -0.0317001342773438 0.0488662719726563
-0.0612144470214844 0.0112266540527344 -0.0503349304199219 0.0577621459960938
-0.0397720336914063 0.0323371887207031 -0.0202484130859375 0.0669059753417969
-0.0140419006347656 0.0489997863769531 0.0106391906738281 0.0604972839355469
0.0152549743652344 0.0421867370605469 0.0268058776855469 0.0371742248535156
0.0422439575195313 0.026214599609375 0.0322284698486328 0.0184745788574219
0.0472640991210938 0.0082855224609375 0.0168046951293945 0.0136327743530273
0.0401611328125 0.00750350952148437 0.00267982482910156 0.0181293487548828
0.0447349548339844 0.00776290893554687 -0.00984191894531249 0.0271434783935547
0.0429306030273438 0.0206718444824219 -0.0240306854248047 0.0268726348876953
0.0264015197753906 0.0368156433105469 -0.037628173828125 0.0111236572265625
0.00439453125 0.0469818115234375 -0.031982421875 -0.00914764404296874
-0.0311813354492187 0.0368766784667969 -0.00895881652832031 -0.0207347869873047
-0.0554351806640625 0.0143547058105469 -0.0136852264404297 0.00862407684326172
-0.0684585571289063 -0.0088348388671875 -0.0527420043945313 0.012603759765625
-0.0416221618652344 -0.0299949645996094 -0.0541572570800781 0.0381698608398438
-0.0506668090820313 -0.00882720947265626 -0.0711669921875 0.0499801635742188
-0.0419654846191406 0.01654052734375 -0.0336875915527344 0.0638542175292969
-0.024658203125 0.0391616821289063 -0.000736236572265628 0.0540809631347656
0.00289154052734375 0.0419807434082031 0.0138702392578125 0.0293960571289063
0.0327072143554688 0.0348243713378906 0.0140457153320313 0.015599250793457
0.0427322387695312 0.0179481506347656 -0.00201034545898437 0.0135517120361328
0.0362167358398437 0.0151176452636719 -0.0143661499023438 0.0196914672851563
0.0408248901367187 0.0161018371582031 -0.0237960815429687 0.0261459350585938
0.0369873046875 0.0272865295410156 -0.0336284637451172 0.0231037139892578
0.0183677673339844 0.0385627746582031 -0.0403671264648438 0.00781631469726563
-0.00469970703125001 0.0436859130859375 -0.031005859375 -0.00840187072753906
-0.0356864929199219 0.0261192321777344 -0.0122480392456055 -0.0135421752929687
-0.0502204895019531 -0.00212478637695312 -0.0247268676757813 0.0136013031005859
-0.0535736083984375 -0.02545166015625 -0.0678749084472656 0.00799179077148436
-0.0107879638671875 -0.0348739624023438 -0.0660209655761719 0.0248794555664063
-0.0242538452148438 -0.0241470336914063 -0.0801925659179687 0.0394058227539063
-0.0301151275634766 -0.00400924682617187 -0.0400657653808594 0.05712890625
-0.0278797149658203 0.0177497863769531 -0.00668716430664063 0.0438079833984375
-0.0103187561035156 0.0296478271484375 0.00471878051757813 0.0185699462890625
0.0148334503173828 0.0351219177246094 -0.00182437896728516 0.00829458236694336
0.0292034149169922 0.0251483917236328 -0.0192928314208984 0.0103244781494141
0.0269222259521484 0.0205192565917969 -0.0294990539550781 0.0184860229492188
0.0312461853027344 0.021728515625 -0.0364990234375 0.023223876953125
0.0270214080810547 0.0306987762451172 -0.0429725646972656 0.0169944763183594
0.00968170166015625 0.0377311706542969 -0.0444488525390625 0.00210952758789063
-0.0122947692871094 0.0388908386230469 -0.0306949615478516 -0.0122966766357422
-0.0397224426269531 0.0149955749511719 -0.012965202331543 -0.0124177932739258
-0.0429153442382813 -0.0185470581054687 -0.0312671661376953 0.0117244720458984
-0.0351791381835938 -0.0409011840820313 -0.0767288208007813 -0.00122070312500001
0.0216007232666016 -0.0342464447021484 -0.0619049072265625 0.013580322265625
0.00638771057128906 -0.0329723358154297 -0.0756912231445313 0.0302276611328125
-0.00972175598144531 -0.0227909088134766 -0.0377044677734375 0.0507469177246094
-0.0238208770751953 -0.00763130187988281 -0.00542068481445312 0.0353202819824219
-0.0209102630615234 0.0108585357666016 0.00314235687255859 0.00906181335449219
-0.00555419921875 0.0286026000976562 -0.010711669921875 -0.000683784484863277
0.0116043090820313 0.0283927917480469 -0.0300960540771484 0.00412559509277344
0.013427734375 0.0231151580810547 -0.0404739379882813 0.013580322265625
0.0175113677978516 0.0238590240478516 -0.0472946166992188 0.0178756713867188
0.0146808624267578 0.0299835205078125 -0.0513839721679688 0.00878524780273439
0.00157928466796875 0.0321216583251953 -0.0482368469238281 -0.00584793090820312
-0.0171375274658203 0.0304508209228516 -0.0317535400390625 -0.0187320709228516
-0.0383834838867188 0.00376510620117187 -0.0153598785400391 -0.0175800323486328
-0.0313720703125 -0.0308818817138672 -0.0356101989746094 0.000751495361328131
-0.013214111328125 -0.0512161254882813 -0.0777740478515625 -0.01641845703125
-0.0198707580566406 0.0454216003417969 0.0732955932617188 0.0219345092773438
0.0261344909667969 0.038543701171875 0.0347423553466797 0.0162601470947266
0.0317173004150391 -0.00123023986816406 0.0158462524414063 0.0240211486816406
0.0188426971435547 -0.0175609588623047 0.0348014831542969 0.0329494476318359
0.00543022155761719 -0.0228996276855469 0.0536384582519531 0.0179786682128906
-0.00863456726074219 -0.0278148651123047 0.0595169067382813 -0.00596237182617188
-0.00929069519042969 -0.0230903625488281 0.0565834045410156 -0.0159149169921875
-0.00533485412597656 -0.0218391418457031 0.0452003479003906 -0.0110549926757813
0.00112533569335937 -0.0313377380371094 0.0326690673828125 0.00111961364746094
0.0214023590087891 -0.0226726531982422 0.01556396484375 0.00815963745117187
0.0342483520507812 0.0002899169921875 -0.00604963302612305 -0.0049595832824707
0.0271949768066406 0.02294921875 -0.00101661682128906 -0.0280361175537109
-0.0030059814453125 0.0418472290039063 0.0384559631347656 -0.0462226867675781
-0.031829833984375 0.0451698303222656 0.0680084228515625 -0.0285568237304687
-0.0509567260742187 0.0350112915039063 0.0479393005371094 -0.000892639160156248
-0.0459938049316406 0.03790283203125 0.0604286193847656 0.0389556884765625
-0.00103378295898438 0.0446739196777344 0.0263843536376953 0.0327739715576172
0.0175561904907227 0.0155754089355469 0.0156097412109375 0.0367889404296875
0.017390251159668 0.00270366668701172 0.0363502502441406 0.0434989929199219
0.0148601531982422 -0.00666713714599609 0.0559654235839844 0.0271644592285156
0.0112838745117188 -0.0188846588134766 0.0647010803222656 0.00230789184570312
0.0113506317138672 -0.020599365234375 0.0593299865722656 -0.008148193359375
0.0127887725830078 -0.0181522369384766 0.0457992553710938 -0.00323486328125
0.0205574035644531 -0.0246086120605469 0.0299587249755859 0.00956344604492188
0.036224365234375 -0.010589599609375 0.0104560852050781 0.016901969909668
0.0391006469726563 0.0163040161132813 -0.0140419006347656 0.00170707702636719
0.0241470336914063 0.0394287109375 -0.0122394561767578 -0.0221309661865234
-0.0171737670898438 0.0512046813964844 0.0230026245117188 -0.044342041015625
-0.0524711608886719 0.0448417663574219 0.0474853515625 -0.0230064392089844
-0.0720443725585938 0.0291900634765625 0.0250339508056641 0.00635337829589844
-0.0670089721679687 0.0225486755371094 0.0361557006835938 0.0525054931640625
-0.0313529968261719 0.0435905456542969 0.00925064086914062 0.0487785339355469
-0.00346183776855469 0.0315589904785156 0.00996398925781249 0.0513763427734375
0.0117931365966797 0.0263824462890625 0.0341300964355469 0.0543899536132813
0.0225372314453125 0.0135326385498047 0.0533714294433594 0.0349845886230469
0.0303859710693359 -0.004852294921875 0.0628089904785156 0.00948715209960938
0.0312671661376953 -0.0143356323242187 0.0533256530761719 0.000568389892578124
0.0291175842285156 -0.0111103057861328 0.0384674072265625 0.00496673583984375
0.03607177734375 -0.0148162841796875 0.0219459533691406 0.0177478790283203
0.0458526611328125 0.000762939453125 0.00213050842285156 0.0236663818359375
0.0401268005371094 0.0273513793945313 -0.0226116180419922 0.008331298828125
0.0212631225585937 0.0486335754394531 -0.0230140686035156 -0.0159416198730469
-0.02398681640625 0.0543251037597656 0.00769424438476563 -0.0388565063476562
-0.0618667602539062 0.041351318359375 0.0247211456298828 -0.0135269165039062
-0.082916259765625 0.0214004516601563 -0.0016622543334961 0.0126953125
-0.076812744140625 0.00295257568359373 0.00589370727539062 0.0585289001464844
-0.0563774108886719 0.0323028564453125 -0.0165519714355469 0.0602760314941406
-0.0256843566894531 0.0400848388671875 -0.000995635986328122 0.0628395080566406
0.00054931640625 0.0460662841796875 0.0261802673339844 0.061553955078125
0.0239734649658203 0.0328559875488281 0.0441207885742188 0.0388755798339844
0.0438270568847656 0.0115280151367187 0.0534248352050781 0.01513671875
0.0458755493164063 -0.0048065185546875 0.0397682189941406 0.00764846801757813
0.040069580078125 -0.00267791748046875 0.0246963500976563 0.0120105743408203
0.0459403991699219 -0.00415802001953125 0.00944519042968751 0.0238666534423828
0.0498847961425781 0.0108604431152344 -0.00797080993652343 0.0273094177246094
0.036712646484375 0.0346755981445312 -0.0294361114501953 0.0126438140869141
0.0155830383300781 0.0514297485351563 -0.0286636352539062 -0.00924110412597656
-0.0278663635253906 0.0509719848632813 -0.00352668762207032 -0.0290126800537109
-0.0633049011230469 0.0333442687988281 0.00450277328491211 -0.000893592834472654
-0.0828170776367188 0.010223388671875 -0.0278549194335938 0.0173549652099609
-0.0713653564453125 -0.0169296264648438 -0.0273551940917969 0.05584716796875
-0.0670127868652344 0.0140724182128906 -0.0453338623046875 0.0635452270507813
-0.0429191589355469 0.0360603332519531 -0.0157356262207031 0.0688209533691406
-0.0136909484863281 0.0541038513183594 0.0142021179199219 0.0620536804199219
0.0179405212402344 0.0458145141601563 0.0306625366210937 0.0364532470703125
0.0472030639648438 0.0271148681640625 0.036041259765625 0.0169296264648437
0.0523757934570313 0.0059661865234375 0.0204944610595703 0.0124282836914063
0.0451240539550781 0.00620651245117188 0.00660324096679688 0.0173892974853516
0.0503654479980469 0.00629043579101562 -0.00548362731933593 0.0268383026123047
0.0486183166503906 0.0202102661132813 -0.0189762115478516 0.0281600952148437
0.0308876037597656 0.0394134521484375 -0.0342483520507813 0.0140666961669922
0.00765228271484376 0.0517349243164063 -0.03009033203125 -0.00575637817382812
-0.0330734252929688 0.0426597595214844 -0.00828742980957031 -0.0183010101318359
-0.0618171691894531 0.0186576843261719 -0.0105695724487305 0.0119476318359375
-0.0763015747070313 -0.00566864013671876 -0.0508689880371094 0.0188636779785156
-0.0498771667480469 -0.0326614379882813 -0.0534286499023438 0.0457420349121094
-0.059234619140625 -0.00841140747070313 -0.0689811706542969 0.0571670532226563
-0.0468902587890625 0.0200004577636719 -0.0294570922851563 0.0666160583496094
-0.025970458984375 0.0455780029296875 0.00233078002929688 0.0552597045898437
0.00560760498046875 0.0470695495605469 0.0155792236328125 0.0292110443115234
0.0391654968261719 0.0362129211425781 0.016301155090332 0.014622688293457
0.049102783203125 0.0165634155273438 -0.000798225402832027 0.0136547088623047
0.0422439575195313 0.0137825012207031 -0.0118618011474609 0.0197124481201172
0.0475807189941406 0.0145454406738281 -0.0212421417236328 0.0268230438232422
0.0439872741699219 0.02777099609375 -0.0303306579589844 0.0237922668457031
0.0229606628417969 0.0423126220703125 -0.0381736755371094 0.009490966796875
-0.00191879272460938 0.0500335693359375 -0.0292720794677734 -0.00597953796386719
-0.0389480590820313 0.0319862365722656 -0.0103588104248047 -0.0115327835083008
-0.0582237243652344 0.00124359130859375 -0.0225715637207031 0.0173206329345703
-0.0630035400390625 -0.0245819091796875 -0.0682334899902344 0.0137748718261719
-0.0176849365234375 -0.0404586791992188 -0.0680961608886719 0.0311241149902344
-0.0328960418701172 -0.026611328125 -0.0804595947265625 0.04644775390625
-0.0361213684082031 -0.002838134765625 -0.0366935729980469 0.0602569580078125
-0.0309066772460938 0.0232696533203125 -0.0043487548828125 0.0444488525390625
-0.00856781005859375 0.0356369018554687 0.00519371032714844 0.0178165435791016
0.02105712890625 0.038421630859375 -0.00184345245361328 0.00776290893554688
0.0363731384277344 0.0248374938964844 -0.0196456909179687 0.0115928649902344
0.0334110260009766 0.0195693969726563 -0.0293083190917969 0.0200023651123047
0.0381927490234375 0.0214729309082031 -0.0361785888671875 0.0246467590332031
0.0340442657470703 0.0313987731933594 -0.0418853759765625 0.018280029296875
0.0147361755371094 0.0414314270019531 -0.0434722900390625 0.00356292724609376
-0.00960922241210938 0.0455360412597656 -0.0302619934082031 -0.0110378265380859
-0.0426406860351563 0.0213737487792969 -0.0121803283691406 -0.0111265182495117
-0.0517845153808594 -0.0157928466796875 -0.0310859680175781 0.0155200958251953
-0.0449714660644531 -0.04205322265625 -0.07965087890625 0.00348663330078125
0.0171852111816406 -0.0416603088378906 -0.0668601989746094 0.0180168151855469
-0.000606536865234373 -0.0381813049316406 -0.077239990234375 0.0361175537109375
-0.0160446166992188 -0.0240421295166016 -0.0348243713378906 0.05303955078125
-0.0284500122070313 -0.00369453430175781 -0.00396537780761719 0.0343303680419922
-0.0209274291992188 0.0169754028320313 0.00191497802734375 0.00762033462524414
-0.000232696533203128 0.0330333709716797 -0.0131311416625977 -0.000565528869628905
0.01763916015625 0.0287284851074219 -0.0331077575683594 0.00613975524902344
0.0191688537597656 0.0222797393798828 -0.0424919128417969 0.0167427062988281
0.0238895416259766 0.0234565734863281 -0.0491600036621094 0.0205421447753906
0.0209636688232422 0.0305080413818359 -0.0524139404296875 0.00983047485351562
0.00597572326660156 0.0350608825683594 -0.0490493774414063 -0.00530624389648437
-0.0143356323242188 0.0359916687011719 -0.0318698883056641 -0.0179023742675781
-0.0413818359375 0.00981521606445313 -0.0153408050537109 -0.0161714553833008
-0.0395584106445312 -0.0295219421386719 -0.0379638671875 0.00448989868164063
-0.0217514038085937 -0.0535888671875 -0.0838470458984375 -0.01348876953125
-0.0154342651367188 0.0482063293457031 0.0809860229492188 0.0199050903320313
0.0316047668457031 0.0364418029785156 0.0391769409179688 0.0132179260253906
0.0324211120605469 -0.00508880615234375 0.0165004730224609 0.0236644744873047
0.0167484283447266 -0.0208625793457031 0.0363845825195313 0.034759521484375
0.00175285339355469 -0.0241050720214844 0.0565605163574219 0.0185203552246094
-0.0134735107421875 -0.0275764465332031 0.0630416870117188 -0.006988525390625
-0.0131359100341797 -0.0215206146240234 0.0601348876953125 -0.0190696716308594
-0.00862693786621094 -0.0210914611816406 0.0494842529296875 -0.014923095703125
-0.00391387939453125 -0.0312576293945313 0.0377960205078125 -0.00111007690429688
0.0185012817382813 -0.0263557434082031 0.0208377838134766 0.008209228515625
0.0351295471191406 -0.00457763671875 -0.00313401222229004 -0.00282645225524902
0.0307712554931641 0.0197620391845703 -0.000101089477539063 -0.0255985260009766
0.0017852783203125 0.0445060729980469 0.0378952026367188 -0.0475006103515625
-0.0274429321289063 0.0516777038574219 0.0716629028320313 -0.0322799682617188
-0.0485916137695312 0.0419960021972656 0.055084228515625 -0.00168609619140625
-0.0444908142089844 0.0408821105957031 0.069122314453125 0.0387840270996094
0.00176239013671875 0.0445709228515625 0.0322341918945313 0.0310611724853516
0.0176792144775391 0.0137615203857422 0.0171432495117188 0.0359420776367188
0.0161151885986328 0.00195217132568359 0.0386390686035156 0.04498291015625
0.0130443572998047 -0.00673580169677734 0.0599479675292969 0.0275382995605469
0.00841140747070312 -0.0186347961425781 0.0695533752441406 0.000621795654296874
0.00999259948730469 -0.0206146240234375 0.0646476745605469 -0.0115928649902344
0.0117225646972656 -0.0178432464599609 0.0507926940917969 -0.00722122192382813
0.0189151763916016 -0.0250167846679688 0.036224365234375 0.00714111328125
0.0362396240234375 -0.0131912231445313 0.0163259506225586 0.0164680480957031
0.0413436889648438 0.0139617919921875 -0.0100336074829102 0.00449752807617188
0.027923583984375 0.0393218994140625 -0.0109672546386719 -0.0191574096679688
-0.0137481689453125 0.0549583435058594 0.0223846435546875 -0.0442924499511719
-0.0517234802246094 0.0520706176757812 0.0513153076171875 -0.0249176025390625
-0.0735244750976563 0.0365676879882812 0.0319290161132813 0.00745773315429688
-0.06982421875 0.0255622863769531 0.0448417663574219 0.0544166564941406
-0.0315818786621094 0.0452995300292969 0.015106201171875 0.0487556457519531
-0.00435829162597656 0.0323410034179688 0.0123291015625 0.0510635375976563
0.0111198425292969 0.0281219482421875 0.0368728637695313 0.0558586120605469
0.0227622985839844 0.0147914886474609 0.0576667785644531 0.0349998474121094
0.0307331085205078 -0.00504684448242188 0.0686225891113281 0.0074462890625
0.0321865081787109 -0.0155143737792969 0.0588188171386719 -0.00289535522460938
0.0302696228027344 -0.0116901397705078 0.0434532165527344 0.00103759765625
0.0377311706542969 -0.0161247253417969 0.0276851654052734 0.0156154632568359
0.0482444763183594 -0.00174713134765625 0.00845909118652344 0.0234355926513672
0.0435218811035156 0.0271415710449219 -0.0181350708007812 0.0109462738037109
0.0246009826660156 0.0508842468261719 -0.0207805633544922 -0.0125293731689453
-0.0227165222167969 0.0594863891601563 0.00766372680664062 -0.0381011962890625
-0.06439208984375 0.0479545593261719 0.0282402038574219 -0.0137405395507812
-0.0870361328125 0.027435302734375 0.00412750244140625 0.0155153274536133
-0.08294677734375 0.0048828125 0.0123863220214844 0.0627555847167969
-0.0607948303222656 0.0353202819824219 -0.0113334655761719 0.0620231628417969
-0.0282783508300781 0.0428810119628906 0.00197219848632812 0.0634841918945312
0.000724792480468752 0.0502166748046875 0.0290870666503906 0.0628585815429688
0.0256919860839844 0.0357666015625 0.0482368469238281 0.0388412475585938
0.04705810546875 0.0116539001464844 0.0579643249511719 0.0132637023925781
0.0493850708007813 -0.00635910034179688 0.0444984436035156 0.00484085083007813
0.0437240600585938 -0.00387191772460938 0.0294151306152344 0.00887680053710938
0.0502777099609375 -0.00558090209960938 0.0145092010498047 0.0215568542480469
0.0545883178710937 0.0103645324707031 -0.00257492065429687 0.0268764495849609
0.0417137145996094 0.036163330078125 -0.0247821807861328 0.0147056579589844
0.0192451477050781 0.0554580688476563 -0.0258445739746094 -0.00642585754394531
-0.02838134765625 0.0559577941894531 -0.00281524658203125 -0.0276908874511719
-0.068267822265625 0.0391921997070312 0.00850343704223632 0.000350475311279299
-0.08953857421875 0.0149459838867187 -0.0234317779541016 0.0214958190917969
-0.0802078247070313 -0.0165252685546875 -0.0234260559082031 0.0610313415527344
-0.0747909545898438 0.016754150390625 -0.042266845703125 0.0666427612304688
-0.0470008850097656 0.0406494140625 -0.0129890441894531 0.0700454711914063
-0.0135612487792969 0.0600204467773438 0.01702880859375 0.063323974609375
0.0209236145019531 0.04986572265625 0.0334281921386719 0.0366630554199219
0.0529136657714844 0.0271110534667969 0.0395736694335938 0.0150642395019531
0.0575637817382813 0.00419998168945313 0.0235328674316406 0.0109100341796875
0.0498313903808594 0.00471115112304687 0.00927162170410156 0.0157546997070313
0.0559234619140625 0.00498580932617188 -0.002197265625 0.0255661010742188
0.0552864074707031 0.02008056640625 -0.0147876739501953 0.0275726318359375
0.0361137390136719 0.0425491333007813 -0.0306854248046875 0.0147113800048828
0.0106086730957031 0.0571136474609375 -0.0279331207275391 -0.00363349914550781
-0.035186767578125 0.0486679077148437 -0.00706386566162109 -0.0175189971923828
-0.0691146850585937 0.0240592956542969 -0.00741100311279297 0.0142965316772461
-0.08465576171875 -0.0023345947265625 -0.0485610961914063 0.0233688354492188
-0.0593338012695313 -0.0343818664550781 -0.0528984069824219 0.0516700744628906
-0.0682487487792969 -0.00662231445312501 -0.0676383972167969 0.0621337890625
-0.053009033203125 0.0239639282226563 -0.0268287658691406 0.0686111450195313
-0.0272102355957031 0.0526084899902344 0.00345230102539063 0.0564994812011719
0.00894927978515625 0.0524063110351563 0.017333984375 0.0288162231445313
0.0458831787109375 0.0374488830566406 0.0181941986083984 0.01361083984375
0.0557289123535156 0.0145950317382813 0.000707626342773442 0.0135822296142578
0.0481338500976562 0.0119514465332031 -0.0104694366455078 0.0194873809814453
0.0545921325683594 0.0131149291992187 -0.0201625823974609 0.0269260406494141
0.0509910583496094 0.0277214050292969 -0.0283489227294922 0.0240802764892578
0.0287437438964844 0.0457534790039063 -0.0363693237304687 0.00993347167968751
0.0016326904296875 0.0558280944824219 -0.0277919769287109 -0.00512313842773437
-0.0419654846191406 0.0387763977050781 -0.00866317749023438 -0.0111265182495117
-0.0664863586425781 0.00579452514648437 -0.0201511383056641 0.0203933715820312
-0.072235107421875 -0.0228424072265625 -0.0684089660644531 0.0182762145996094
-0.0260124206542969 -0.044586181640625 -0.0707931518554688 0.0369110107421875
-0.0420455932617188 -0.0275497436523438 -0.08184814453125 0.0517120361328125
-0.042816162109375 -9.91821289062581E-05 -0.0347938537597656 0.0622100830078125
-0.0339908599853516 0.0302715301513672 -0.00426483154296875 0.0448837280273438
-0.00615692138671875 0.0412826538085938 0.00468540191650391 0.0173959732055664
0.0283355712890625 0.0409278869628906 -0.00286865234375 0.00799083709716797
0.0431861877441406 0.0231246948242188 -0.0205497741699219 0.0131931304931641
0.0389366149902344 0.0179519653320313 -0.0299282073974609 0.0211086273193359
0.044891357421875 0.0194854736328125 -0.0371665954589844 0.0260086059570313
0.0415725708007813 0.0312271118164062 -0.0418853759765625 0.0180244445800781
0.0201835632324219 0.0445098876953125 -0.0434112548828125 0.00320816040039063
-0.006072998046875 0.0511016845703125 -0.0292854309082031 -0.0109310150146484
-0.0459938049316406 0.0274124145507813 -0.0111465454101563 -0.0110321044921875
-0.0601310729980469 -0.0124664306640625 -0.030670166015625 0.0181102752685547
-0.0542755126953125 -0.0414161682128906 -0.08306884765625 0.00682830810546876
0.0121955871582031 -0.0474624633789063 -0.0724716186523437 0.0215301513671875
-0.00733566284179688 -0.0416374206542969 -0.0803680419921875 0.040435791015625
-0.0216503143310547 -0.0238399505615234 -0.0339851379394531 0.05487060546875
-0.0322513580322266 0.000942230224609382 -0.00415992736816407 0.0335311889648438
-0.0204639434814453 0.0225124359130859 -0.000285625457763672 0.00630903244018555
0.0057830810546875 0.035858154296875 -0.0160493850708008 -0.000560760498046876
0.0241775512695313 0.0282440185546875 -0.0360870361328125 0.00854873657226563
0.02490234375 0.0211353302001953 -0.0447731018066406 0.0199699401855469
0.0292015075683594 0.0223960876464844 -0.0516090393066406 0.0224647521972656
0.0273590087890625 0.0298843383789063 -0.0545692443847656 0.0104217529296875
0.0109939575195313 0.0378341674804688 -0.0508651733398438 -0.00518798828125
-0.0118560791015625 0.0408401489257813 -0.0327110290527344 -0.018463134765625
-0.043914794921875 0.0152091979980469 -0.0145540237426758 -0.0155210494995117
-0.0468902587890625 -0.0272941589355469 -0.0392303466796875 0.00799560546875
-0.0295448303222656 -0.0549812316894531 -0.0892105102539063 -0.0113449096679687
-0.0110282897949219 0.0504570007324219 0.08941650390625 0.01763916015625
0.0358123779296875 0.0339775085449219 0.0426673889160156 0.0101242065429688
0.0328502655029297 -0.00898933410644531 0.0167160034179688 0.0232887268066406
0.0147571563720703 -0.0236301422119141 0.0389633178710938 0.0362548828125
-0.00110626220703125 -0.0255203247070313 0.0611305236816406 0.0196571350097656
-0.0179595947265625 -0.0257339477539063 0.0688018798828125 -0.00802993774414063
-0.0163402557373047 -0.0198993682861328 0.0654373168945313 -0.0232734680175781
-0.0109348297119141 -0.0200481414794922 0.0539703369140625 -0.0192642211914063
-0.00754547119140625 -0.0313262939453125 0.0430221557617188 -0.00504684448242188
0.0155582427978516 -0.0287113189697266 0.0260505676269531 0.0066680908203125
0.0353355407714844 -0.008880615234375 0.000938296318054202 -0.00152921676635742
0.0343589782714844 0.0176868438720703 0.00130844116210938 -0.0241985321044922
0.00713348388671875 0.0464706420898438 0.0385932922363281 -0.0489463806152344
-0.0231285095214844 0.0579681396484375 0.0761184692382812 -0.0369033813476562
-0.0463027954101562 0.0491752624511719 0.0634002685546875 -0.004241943359375
-0.043914794921875 0.0441818237304688 0.0788497924804688 0.0388031005859375
0.004119873046875 0.0450897216796875 0.0367927551269531 0.0288047790527344
0.0172052383422852 0.0122499465942383 0.0183601379394531 0.0368499755859375
0.0150871276855469 0.00151348114013672 0.0421257019042969 0.0475540161132813
0.0120916366577148 -0.00660133361816406 0.065338134765625 0.0284347534179688
0.00699234008789063 -0.0177097320556641 0.0759963989257813 -0.00189208984375
0.00946044921875 -0.0204296112060547 0.0706939697265625 -0.016754150390625
0.0114803314208984 -0.0180492401123047 0.0562705993652344 -0.0125045776367188
0.0174846649169922 -0.0259952545166016 0.0424880981445313 0.0036773681640625
0.0359077453613281 -0.0154914855957031 0.0230903625488281 0.0153598785400391
0.0441513061523437 0.012298583984375 -0.00555229187011718 0.00630760192871094
0.0314712524414063 0.0388374328613281 -0.00888729095458984 -0.0169048309326172
-0.0111770629882813 0.0591964721679688 0.0235099792480469 -0.0452232360839844
-0.0512847900390625 0.0594253540039063 0.0558509826660156 -0.0286140441894531
-0.0748062133789062 0.0440673828125 0.0402259826660156 0.0075225830078125
-0.0738677978515625 0.0288848876953125 0.0539283752441406 0.0560035705566406
-0.0333900451660156 0.0481452941894531 0.0204696655273437 0.0483856201171875
-0.00615119934082031 0.0339488983154297 0.0146560668945312 0.0516700744628906
0.0116786956787109 0.0304450988769531 0.0407752990722656 0.0587959289550781
0.0235671997070313 0.0163211822509766 0.0634498596191406 0.0354118347167969
0.0320816040039063 -0.00512886047363281 0.07501220703125 0.004638671875
0.0335788726806641 -0.0160007476806641 0.065216064453125 -0.00738906860351563
0.0329532623291016 -0.0126609802246094 0.0489616394042969 -0.00339889526367188
0.0397872924804688 -0.0176200866699219 0.0337295532226563 0.0122394561767578
0.05145263671875 -0.00238418579101563 0.0146751403808594 0.0227451324462891
0.0479240417480469 0.027923583984375 -0.0139245986938477 0.0119781494140625
0.0288772583007813 0.0532493591308594 -0.0180587768554687 -0.0101528167724609
-0.0216789245605469 0.0650978088378906 0.00880813598632812 -0.0383872985839844
-0.0672416687011719 0.0565109252929687 0.0333480834960937 -0.0155467987060547
-0.0915069580078125 0.0346755981445312 0.0115890502929687 0.0172939300537109
-0.0906295776367188 0.00848388671875002 0.0198020935058594 0.0665016174316406
-0.0659675598144531 0.0402984619140625 -0.00705337524414063 0.0640182495117187
-0.0312690734863281 0.047515869140625 0.00398635864257813 0.065032958984375
0.00120925903320312 0.05560302734375 0.0332183837890625 0.066131591796875
0.0292510986328125 0.0389862060546875 0.0532035827636719 0.0393562316894531
0.0515556335449219 0.011688232421875 0.0632591247558594 0.0107040405273438
0.0535774230957031 -0.00923538208007813 0.0499954223632813 0.00164413452148437
0.0483665466308594 -0.00563430786132813 0.0332603454589844 0.00577545166015625
0.0549583435058594 -0.0078125 0.0190906524658203 0.0190200805664063
0.0599822998046875 0.0093231201171875 0.00309753417968751 0.0256824493408203
0.0472793579101562 0.0382270812988281 -0.0212554931640625 0.0155429840087891
0.0237770080566406 0.0605087280273437 -0.0235595703125 -0.00467681884765625
-0.0289535522460938 0.0635108947753906 -0.000955581665039066 -0.0275230407714844
-0.0738143920898438 0.047119140625 0.0126514434814453 3.62396240234404E-05
-0.0972747802734375 0.0209579467773438 -0.0186386108398438 0.0246181488037109
-0.0904388427734375 -0.0147781372070313 -0.0196762084960938 0.0673828125
-0.0837936401367188 0.0216445922851562 -0.0393295288085938 0.0709762573242188
-0.052093505859375 0.0464935302734375 -0.0111846923828125 0.0726318359375
-0.013153076171875 0.0676689147949219 0.019561767578125 0.0663070678710938
0.0256729125976562 0.0554084777832031 0.0370903015136719 0.0372161865234375
0.0595550537109375 0.0270729064941406 0.04327392578125 0.0136489868164063
0.063323974609375 0.00091552734375 0.0266952514648438 0.00900650024414063
0.055999755859375 0.0026702880859375 0.0124349594116211 0.0139694213867188
0.0627861022949219 0.00240325927734375 0.000467300415039066 0.024566650390625
0.0629158020019531 0.0192604064941406 -0.0115261077880859 0.0266208648681641
0.0428581237792969 0.0459823608398438 -0.0279998779296875 0.0146980285644531
0.0153617858886719 0.063629150390625 -0.0258731842041016 -0.0029144287109375
-0.036865234375 0.0558586120605469 -0.00464057922363282 -0.0175800323486328
-0.0764617919921875 0.0312042236328125 -0.00380420684814454 0.0153322219848633
-0.0943679809570313 0.00190734863281249 -0.0462112426757813 0.02703857421875
-0.0704803466796875 -0.03460693359375 -0.0529975891113281 0.0586624145507813
-0.078643798828125 -0.00365447998046875 -0.067718505859375 0.0678977966308594
-0.0591278076171875 0.0299873352050781 -0.0258255004882813 0.0715789794921875
-0.0279998779296875 0.0608062744140625 0.005096435546875 0.0586624145507813
0.0131454467773438 0.0586395263671875 0.0186748504638672 0.0298309326171875
0.053680419921875 0.0384674072265625 0.0194187164306641 0.012603759765625
0.0628814697265625 0.0116615295410156 0.00152778625488282 0.0136480331420898
0.0551261901855469 0.0096282958984375 -0.0104312896728516 0.0198478698730469
0.0621681213378906 0.0107002258300781 -0.0199337005615234 0.0270919799804688
0.0592994689941406 0.0265922546386719 -0.0275249481201172 0.0234050750732422
0.0359611511230469 0.0492706298828125 -0.0362396240234375 0.00937271118164063
0.00626754760742188 0.0625953674316406 -0.0268840789794922 -0.00562477111816405
-0.0446434020996094 0.0464019775390625 -0.00681495666503907 -0.0116548538208008
-0.07525634765625 0.0119247436523437 -0.0178279876708984 0.0229873657226563
-0.0834274291992188 -0.0197830200195312 -0.0696296691894531 0.0222282409667969
-0.0354118347167969 -0.0472793579101563 -0.074737548828125 0.0431365966796875
-0.052032470703125 -0.0270462036132812 -0.084381103515625 0.0579910278320312
-0.0495452880859375 0.00394439697265626 -0.034881591796875 0.0652656555175781
-0.0364189147949219 0.03692626953125 -0.004180908203125 0.0462608337402344
-0.00296783447265625 0.047882080078125 0.00375080108642578 0.0174789428710938
0.0359153747558594 0.0423240661621094 -0.00349569320678711 0.00768804550170899
0.0506706237792969 0.0208816528320313 -0.0221138000488281 0.0147647857666016
0.0453681945800781 0.0156898498535156 -0.0310192108154297 0.023529052734375
0.0523567199707031 0.017547607421875 -0.0391502380371094 0.0277824401855469
0.0489273071289063 0.03057861328125 -0.0439033508300781 0.0184440612792969
0.0268516540527344 0.0478553771972656 -0.0453300476074219 0.00254058837890625
-0.00224685668945312 0.057525634765625 -0.0295276641845703 -0.011688232421875
-0.0483627319335937 0.0345191955566406 -0.0095510482788086 -0.0111207962036133
-0.0689277648925781 -0.00785446166992187 -0.0299968719482422 0.0218734741210938
-0.0652542114257813 -0.0403404235839844 -0.087066650390625 0.0108261108398437
0.005615234375 -0.0528755187988281 -0.0782012939453125 0.0268325805664062
-0.0147323608398438 -0.044464111328125 -0.0845870971679687 0.04638671875
-0.0282936096191406 -0.0232429504394531 -0.0334014892578125 0.0573196411132812
-0.0358810424804688 0.00606536865234376 -0.00554275512695313 0.0334854125976563
-0.0193042755126953 0.0278873443603516 -0.00268793106079102 0.00595903396606445
0.01165771484375 0.0380592346191406 -0.0194034576416016 0.000482559204101569
0.0302886962890625 0.0265140533447266 -0.0392913818359375 0.01165771484375
0.0298671722412109 0.0193138122558594 -0.0479850769042969 0.0237884521484375
0.0355224609375 0.0202407836914063 -0.0554656982421875 0.0260505676269531
0.0334491729736328 0.0295524597167969 -0.0587196350097656 0.0121383666992188
0.015960693359375 0.040374755859375 -0.0540390014648437 -0.005462646484375
-0.00793838500976562 0.0459938049316406 -0.0341835021972656 -0.0193843841552734
-0.0458908081054688 0.0208206176757812 -0.0141410827636719 -0.0160980224609375
-0.0547370910644531 -0.0242576599121094 -0.0413017272949219 0.0113334655761719
-0.0385055541992188 -0.0553970336914063 -0.0965118408203125 -0.00862884521484375
-0.00622177124023438 0.0528755187988281 0.0992584228515625 0.0134735107421875
0.0414466857910156 0.0311431884765625 0.0466423034667969 0.00592422485351563
0.0333576202392578 -0.0134258270263672 0.0180301666259766 0.0241203308105469
0.0122928619384766 -0.0269851684570312 0.0432624816894531 0.0379180908203125
-0.00488662719726563 -0.0262374877929687 0.06793212890625 0.0191993713378906
-0.0227527618408203 -0.0238971710205078 0.075897216796875 -0.0120010375976563
-0.0188426971435547 -0.01837158203125 0.071533203125 -0.0301513671875
-0.0142192840576172 -0.0188694000244141 0.0586471557617188 -0.0257072448730469
-0.0126323699951172 -0.0302886962890625 0.0485267639160156 -0.0105171203613281
0.0123805999755859 -0.0316600799560547 0.0321636199951172 0.0036773681640625
0.0357475280761719 -0.0133743286132813 0.00475692749023438 -0.000996112823486329
0.0373992919921875 0.0142631530761719 0.00341987609863282 -0.0244216918945312
0.0130271911621094 0.0488929748535156 0.0392990112304688 -0.05242919921875
-0.0172195434570313 0.0645790100097656 0.0807342529296875 -0.0444488525390625
-0.0426445007324219 0.056915283203125 0.0728759765625 -0.008758544921875
-0.0443534851074219 0.0488700866699219 0.0902786254882813 0.0359268188476563
0.00637435913085938 0.0459861755371094 0.0424308776855469 0.0260429382324219
0.0169401168823242 0.0114593505859375 0.0205192565917969 0.037109375
0.0146684646606445 0.00112628936767578 0.0473823547363281 0.0498619079589844
0.0113735198974609 -0.00654888153076172 0.0725936889648438 0.0275802612304688
0.00526714324951172 -0.0172624588012695 0.0838470458984375 -0.00677490234375
0.00881576538085938 -0.0202598571777344 0.0769729614257813 -0.024261474609375
0.01171875 -0.0183010101318359 0.0614089965820313 -0.0196075439453125
0.0164680480957031 -0.0272693634033203 0.0485038757324219 -0.00226593017578125
0.0365104675292969 -0.0183677673339844 0.0298023223876953 0.0127544403076172
0.0471076965332031 0.0091552734375 -0.000922203063964841 0.00668001174926758
0.0365066528320313 0.0392074584960938 -0.00625419616699218 -0.0158119201660156
-0.00683975219726562 0.0644035339355469 0.0241546630859375 -0.0475692749023437
-0.049224853515625 0.0684394836425781 0.0610466003417969 -0.0341453552246094
-0.0758743286132813 0.053680419921875 0.0492439270019531 0.00506973266601563
-0.0792694091796875 0.0352630615234375 0.0653762817382812 0.0560111999511719
-0.0352249145507813 0.0532684326171875 0.0256843566894531 0.0478057861328125
-0.00693893432617188 0.0373344421386719 0.0173759460449219 0.0533599853515625
0.0127887725830078 0.0337696075439453 0.0466651916503906 0.0608367919921875
0.0261192321777344 0.0179424285888672 0.0707778930664063 0.0347976684570313
0.0341529846191406 -0.0055084228515625 0.0819931030273438 -0.0004730224609375
0.0364494323730469 -0.0187301635742187 0.071502685546875 -0.0145950317382813
0.0356254577636719 -0.0149307250976563 0.0537185668945312 -0.00989151000976563
0.0422286987304688 -0.0209274291992188 0.0396041870117188 0.006927490234375
0.0554161071777344 -0.00551605224609375 0.0212783813476563 0.0195236206054687
0.0541954040527344 0.0269088745117188 -0.00931739807128906 0.012394905090332
0.0349464416503906 0.0559539794921875 -0.0154209136962891 -0.009063720703125
-0.0196151733398438 0.0724334716796875 0.010040283203125 -0.0396804809570312
-0.069183349609375 0.06707763671875 0.0383529663085937 -0.0190925598144531
-0.096923828125 0.0447006225585937 0.0192356109619141 0.0178966522216797
-0.10028076171875 0.0142440795898437 0.0284767150878906 0.0699539184570313
-0.07183837890625 0.04815673828125 -0.00217437744140626 0.0665817260742188
-0.0340766906738281 0.0545272827148437 0.00685501098632812 0.0676956176757813
0.0042266845703125 0.0624198913574219 0.0383415222167969 0.0692596435546875
0.0340957641601563 0.0426559448242188 0.0600433349609375 0.0393257141113281
0.0571174621582031 0.0101394653320313 0.0697288513183594 0.00671768188476563
0.0586738586425781 -0.0128173828125 0.0553054809570313 -0.0034637451171875
0.0540046691894531 -0.00926589965820313 0.0374183654785156 0.000900268554687499
0.0611038208007813 -0.0121307373046875 0.0233478546142578 0.0155506134033203
0.0673828125 0.00624847412109375 0.00751113891601563 0.0244235992431641
0.0550537109375 0.0395698547363281 -0.0177726745605469 0.0159187316894531
0.0308151245117187 0.0653266906738281 -0.0211372375488281 -0.00381469726562499
-0.02874755859375 0.0725936889648438 0.000261306762695308 -0.0287303924560547
-0.079437255859375 0.0583877563476562 0.0175647735595703 -0.000680923461914059
-0.106117248535156 0.0307464599609375 -0.0131168365478516 0.0271778106689453
-0.102821350097656 -0.0102005004882813 -0.0143280029296875 0.073089599609375
-0.09283447265625 0.0301589965820313 -0.0369338989257813 0.0764846801757813
-0.0567703247070313 0.0557479858398438 -0.00901031494140626 0.0758438110351563
-0.010589599609375 0.0770416259765625 0.0234489440917969 0.0697479248046875
0.0319786071777344 0.0601959228515625 0.0416221618652344 0.03759765625
0.0681304931640625 0.0259590148925781 0.0477371215820313 0.0105056762695313
0.0707626342773438 -0.00412750244140625 0.0304489135742188 0.00672531127929687
0.0632133483886719 -0.0018310546875 0.0145502090454102 0.0116643905639648
0.07086181640625 -0.00252532958984375 0.00299835205078126 0.0228443145751953
0.071685791015625 0.0164794921875 -0.00947952270507812 0.025665283203125
0.0520973205566406 0.0482139587402344 -0.0270271301269531 0.0150432586669922
0.0223808288574219 0.0700340270996094 -0.0245285034179688 -0.00256156921386718
-0.0376853942871094 0.0659751892089844 -0.00349998474121094 -0.0190963745117187
-0.0844650268554688 0.0417327880859375 0.000576972961425778 0.0159053802490234
-0.104736328125 0.010467529296875 -0.0437507629394531 0.0318946838378906
-0.0830459594726563 -0.03277587890625 -0.052215576171875 0.066802978515625
-0.0897140502929688 0.00267028808593748 -0.0673904418945313 0.0755615234375
-0.0657424926757812 0.0383872985839844 -0.024383544921875 0.0759658813476563
-0.0265731811523438 0.071441650390625 0.00763320922851562 0.06219482421875
0.0197792053222656 0.0648384094238281 0.0203456878662109 0.0306034088134766
0.0636711120605469 0.0379562377929688 0.0213375091552734 0.0113639831542969
0.0706024169921875 0.00632476806640625 0.00278186798095704 0.0136795043945313
0.0622978210449219 0.00517654418945312 -0.0101680755615234 0.0205879211425781
0.07086181640625 0.0054779052734375 -0.0197067260742187 0.0282573699951172
0.069091796875 0.0235786437988281 -0.0281944274902344 0.023590087890625
0.0450668334960938 0.0521202087402344 -0.0371055603027344 0.00960540771484376
0.0129356384277344 0.0699043273925781 -0.0269527435302734 -0.00602149963378905
-0.0459632873535156 0.05609130859375 -0.00566482543945313 -0.0127401351928711
-0.084503173828125 0.0217056274414063 -0.0150680541992188 0.0251808166503906
-0.09478759765625 -0.0133895874023437 -0.0710220336914063 0.027679443359375
-0.0466995239257813 -0.0493125915527344 -0.0785064697265625 0.052276611328125
-0.0630035400390625 -0.0243301391601562 -0.0868072509765625 0.0662689208984375
-0.0575447082519531 0.009368896484375 -0.0340232849121094 0.0697479248046875
-0.0364227294921875 0.0464248657226563 -0.00379180908203126 0.0488395690917969
0.00175094604492188 0.0545234680175781 0.00324440002441406 0.0181922912597656
0.0450325012207031 0.0427474975585938 -0.00452184677124023 0.00822925567626953
0.0582084655761719 0.0165596008300781 -0.0239467620849609 0.0174198150634766
0.0525093078613281 0.0122909545898438 -0.0332221984863281 0.0268440246582031
0.0608291625976563 0.0127182006835938 -0.0409927368164062 0.030853271484375
0.0583305358886719 0.0275764465332031 -0.0468177795410156 0.0200920104980469
0.0351371765136719 0.0509262084960938 -0.0482749938964844 0.00274276733398437
0.00381088256835937 0.0638809204101563 -0.0314483642578125 -0.0128154754638672
-0.0505790710449219 0.0433502197265625 -0.00900077819824219 -0.0125865936279297
-0.0778884887695313 0.00031280517578126 -0.0291290283203125 0.0251312255859375
-0.07611083984375 -0.037017822265625 -0.0923690795898438 0.0163116455078125
-0.00150680541992188 -0.0573806762695313 -0.0855255126953125 0.0348892211914063
-0.0242691040039063 -0.0461692810058594 -0.0892333984375 0.0545425415039062
-0.0349941253662109 -0.0217113494873047 -0.0336341857910156 0.0611724853515625
-0.03912353515625 0.0125350952148438 -0.00664901733398438 0.0352554321289062
-0.0167980194091797 0.0335922241210938 -0.00524473190307617 0.00646543502807617
0.0187835693359375 0.0399055480957031 -0.0232353210449219 0.00196647644042969
0.0361137390136719 0.0237579345703125 -0.0434188842773438 0.0168228149414062
0.0346565246582031 0.0166854858398438 -0.0517158508300781 0.0292701721191406
0.0416908264160156 0.0175209045410156 -0.0594825744628906 0.0312843322753906
0.0406074523925781 0.0269126892089844 -0.0638847351074219 0.0148468017578125
0.0225143432617188 0.042327880859375 -0.0590248107910156 -0.00513839721679688
-0.0029296875 0.0513725280761719 -0.0372238159179688 -0.0210227966308594
-0.0473365783691406 0.0278701782226563 -0.014155387878418 -0.0171184539794922
-0.0628852844238281 -0.0192146301269531 -0.0425682067871094 0.0166015625
-0.04876708984375 -0.0547218322753906 -0.105514526367187 -0.00335693359374999
-0.000576019287109373 0.0550346374511719 0.109146118164063 0.004669189453125
0.04693603515625 0.0266838073730469 0.0498046875 -0.000572204589843748
0.0323848724365234 -0.0179328918457031 0.0195064544677734 0.0246639251708984
0.00882339477539063 -0.0301265716552734 0.0492973327636719 0.0382804870605469
-0.0084075927734375 -0.0264186859130859 0.07537841796875 0.0164260864257813
-0.0273895263671875 -0.0206241607666016 0.0819931030273438 -0.0194625854492188
-0.0224380493164062 -0.0159034729003906 0.0755386352539063 -0.0406036376953125
-0.0166759490966797 -0.0162525177001953 0.0616683959960938 -0.0357284545898438
-0.0176048278808594 -0.0285835266113281 0.0524101257324219 -0.01873779296875
0.00764274597167969 -0.0337409973144531 0.0376968383789063 -0.0016937255859375
0.034942626953125 -0.019073486328125 0.0093841552734375 -0.00232219696044922
0.0401077270507813 0.00937271118164063 0.00551795959472657 -0.0248298645019531
0.0204582214355469 0.0487213134765625 0.0396804809570313 -0.0572929382324219
-0.00905990600585938 0.0695533752441406 0.0840377807617187 -0.0556716918945312
-0.0362663269042969 0.0644607543945313 0.0816421508789062 -0.018096923828125
-0.0438041687011719 0.0551910400390625 0.102066040039063 0.0294036865234375
0.010406494140625 0.0470771789550781 0.0480537414550781 0.0204582214355469
0.0162858963012695 0.0109720230102539 0.0232200622558594 0.0375442504882813
0.0142335891723633 0.000994682312011719 0.0549163818359375 0.0498695373535156
0.0109691619873047 -0.00632381439208984 0.0819625854492187 0.0240402221679688
0.00405025482177734 -0.0165529251098633 0.0905532836914063 -0.0150527954101563
0.00880622863769531 -0.0213088989257813 0.0820083618164062 -0.0354537963867188
0.0118236541748047 -0.0193099975585938 0.0650100708007813 -0.0298385620117188
0.0150985717773437 -0.0291061401367188 0.05340576171875 -0.0112037658691406
0.036163330078125 -0.0223464965820312 0.0365333557128906 0.00712966918945312
0.0500984191894531 0.00527191162109375 0.00429010391235352 0.00593852996826172
0.0421867370605469 0.037353515625 -0.0032501220703125 -0.0159530639648437
-0.000930786132812508 0.0693244934082031 0.0235786437988281 -0.0505790710449219
-0.0443115234375 0.0787429809570313 0.064727783203125 -0.0422630310058594
-0.0745773315429688 0.0655288696289062 0.0587654113769531 -0.000408172607421871
-0.0830078125 0.0440902709960937 0.0770187377929688 0.0532608032226563
-0.03436279296875 0.0593795776367187 0.0324897766113281 0.0455245971679688
-0.00674819946289062 0.0411758422851563 0.0211830139160156 0.053955078125
0.0158348083496094 0.0375556945800781 0.0544204711914063 0.0621910095214844
0.0297985076904297 0.0187759399414063 0.0792617797851563 0.031005859375
0.0371780395507813 -0.0070343017578125 0.0886154174804688 -0.008758544921875
0.0389251708984375 -0.0231285095214844 0.0763015747070313 -0.0243911743164063
0.0381126403808594 -0.0191574096679688 0.0574913024902344 -0.0189247131347656
0.0443572998046875 -0.0260009765625 0.0441017150878906 -0.000606536865234377
0.0596542358398438 -0.0104560852050781 0.0275478363037109 0.015045166015625
0.0606307983398437 0.0244293212890625 -0.0044260025024414 0.011988639831543
0.0432205200195313 0.057464599609375 -0.0118064880371094 -0.0085296630859375
-0.0144729614257813 0.080108642578125 0.00952529907226563 -0.0418472290039062
-0.067962646484375 0.0802764892578125 0.0423393249511719 -0.0242958068847656
-0.100173950195312 0.0574111938476563 0.0277061462402344 0.0156631469726563
-0.109840393066406 0.0251922607421875 0.038818359375 0.0711669921875
-0.0752792358398438 0.059600830078125 0.00458526611328125 0.0681343078613281
-0.0343437194824219 0.0632896423339844 0.0117607116699219 0.0696029663085938
0.0106468200683594 0.0689773559570313 0.0457077026367188 0.0712738037109375
0.0416755676269531 0.045135498046875 0.067626953125 0.0363082885742188
0.063323974609375 0.00637054443359375 0.0761871337890625 -0.0007476806640625
0.0627098083496094 -0.0197715759277344 0.0598335266113281 -0.0116844177246094
0.0590553283691406 -0.0148239135742187 0.039886474609375 -0.00531005859375
0.0663833618164063 -0.0192146301269531 0.0270500183105469 0.0101795196533203
0.0747451782226562 -0.0005950927734375 0.0129470825195313 0.0207672119140625
0.0651893615722656 0.038055419921875 -0.0139751434326172 0.015681266784668
0.0406074523925781 0.0690231323242187 -0.0186977386474609 -0.0032825469970703
-0.0250701904296875 0.0829391479492188 0.000665664672851558 -0.0309696197509766
-0.080963134765625 0.0724716186523437 0.0217323303222656 -0.0038604736328125
-0.112579345703125 0.0447006225585938 -0.00620079040527345 0.0287265777587891
-0.115066528320313 -0.000595092773437491 -0.00650787353515626 0.07940673828125
-0.0997772216796875 0.042877197265625 -0.0315704345703125 0.0822525024414063
-0.0588798522949219 0.0677261352539063 -0.00399017333984375 0.0793228149414063
-0.00388336181640625 0.0870285034179687 0.0299453735351563 0.0724105834960938
0.0417900085449219 0.0631179809570312 0.0471267700195313 0.0362396240234375
0.0774612426757813 0.0214691162109375 0.0518302917480469 0.00592422485351563
0.07733154296875 -0.0125656127929688 0.0330982208251953 0.00272178649902344
0.0696678161621094 -0.00973129272460938 0.0158557891845703 0.00892829895019531
0.078460693359375 -0.0119400024414062 0.00506401062011719 0.0209236145019531
0.0815353393554687 0.00946807861328125 -0.00688362121582031 0.0239963531494141
0.0624351501464844 0.0475387573242187 -0.0253334045410156 0.0151271820068359
0.0326614379882813 0.074951171875 -0.0225925445556641 -0.00249862670898438
-0.03533935546875 0.0772171020507813 -0.00336074829101563 -0.0210800170898437
-0.0889358520507813 0.0566329956054687 0.00544166564941406 0.0151519775390625
-0.114334106445313 0.0233078002929687 -0.0406455993652344 0.0372467041015625
-0.096343994140625 -0.026153564453125 -0.0485992431640625 0.07635498046875
-0.0994720458984375 0.0139999389648437 -0.0651931762695313 0.0848922729492187
-0.0703048706054688 0.0502471923828125 -0.0208206176757813 0.0810089111328125
-0.0218048095703125 0.0824203491210938 0.0118370056152344 0.0655975341796875
0.0294876098632812 0.0692825317382813 0.0230960845947266 0.0308685302734375
0.0739288330078125 0.0337905883789062 0.0227489471435547 0.00950813293457032
0.0778656005859375 -0.0016937255859375 0.00398445129394532 0.0135650634765625
0.069671630859375 -0.002227783203125 -0.00951194763183594 0.0219688415527344
0.078460693359375 -0.00370025634765625 -0.0194263458251953 0.0295009613037109
0.0791168212890625 0.0168914794921875 -0.0277690887451172 0.0246524810791016
0.0562477111816406 0.0526237487792969 -0.03826904296875 0.0105972290039063
0.0228347778320313 0.07568359375 -0.0278415679931641 -0.00639152526855469
-0.0447196960449219 0.0675888061523438 -0.0057373046875 -0.0141878128051758
-0.0912857055664063 0.0349197387695312 -0.0115184783935547 0.027130126953125
-0.106170654296875 -0.00298309326171875 -0.0708694458007812 0.035491943359375
-0.0585670471191406 -0.0466499328613281 -0.07928466796875 0.0636215209960938
-0.0740814208984375 -0.0172271728515625 -0.0870132446289062 0.0780105590820313
-0.0631446838378906 0.0185470581054688 -0.0314865112304688 0.0749282836914063
-0.0350189208984375 0.0571937561035156 -0.00154876708984375 0.0516929626464844
0.00994110107421874 0.0599212646484375 0.00324440002441406 0.0197620391845703
0.05499267578125 0.0399169921875 -0.00544929504394531 0.00918865203857422
0.0652313232421875 0.00933837890625 -0.0242671966552734 0.0221633911132813
0.059722900390625 0.00564193725585938 -0.0332679748535156 0.0322132110595703
0.06744384765625 0.00507736206054687 -0.0424461364746094 0.0355186462402344
0.0677261352539063 0.0216026306152344 -0.0490913391113281 0.0230903625488281
0.044769287109375 0.0504188537597656 -0.0512008666992187 0.00503158569335939
0.0126457214355469 0.0691642761230469 -0.0337314605712891 -0.0134963989257812
-0.0496711730957031 0.0535812377929688 -0.00842952728271485 -0.014491081237793
-0.0862960815429688 0.0109939575195313 -0.0274600982666016 0.0291328430175781
-0.0877685546875 -0.0289077758789062 -0.0961227416992188 0.025390625
-0.0111503601074219 -0.0602149963378906 -0.090850830078125 0.0472412109375
-0.0342216491699219 -0.0454864501953125 -0.0914535522460938 0.0658798217773438
-0.0424842834472656 -0.0169181823730469 -0.0325241088867188 0.0660591125488281
-0.0409622192382813 0.0208358764648437 -0.00694656372070313 0.0375442504882813
-0.0118751525878906 0.0389137268066406 -0.00778484344482422 0.00817441940307617
0.0263900756835938 0.0387763977050781 -0.0260200500488281 0.00539779663085938
0.0422821044921875 0.01934814453125 -0.0458984375 0.0238418579101563
0.0397415161132813 0.0122718811035156 -0.0531463623046875 0.0373687744140625
0.0470962524414063 0.0117988586425781 -0.0618324279785156 0.0391731262207031
0.0474510192871094 0.0228347778320312 -0.0689353942871094 0.0205345153808594
0.0303382873535156 0.042022705078125 -0.0643653869628906 -0.00225830078125
0.00410079956054687 0.0548896789550781 -0.0407333374023438 -0.0212249755859375
-0.0475959777832031 0.0362892150878906 -0.0151233673095703 -0.0180454254150391
-0.070648193359375 -0.0110397338867188 -0.0426177978515625 0.0215606689453125
-0.0594863891601563 -0.0504264831542969 -0.113243103027344 0.00585937500000001
0.00566482543945312 0.0541152954101563 0.114463806152344 -0.0078125
0.049530029296875 0.0200080871582031 0.0490493774414063 -0.008026123046875
0.0286617279052734 -0.0222148895263672 0.0215778350830078 0.0241546630859375
0.00369644165039063 -0.0314559936523438 0.0548629760742188 0.0357437133789063
-0.0132122039794922 -0.0256671905517578 0.0814208984375 0.00962066650390625
-0.0306148529052734 -0.0170326232910156 0.0854873657226563 -0.0291976928710938
-0.0241584777832031 -0.0118560791015625 0.0760421752929688 -0.0526351928710938
-0.0171995162963867 -0.0143394470214844 0.0611343383789063 -0.0467758178710938
-0.0213489532470703 -0.0257396697998047 0.0527000427246094 -0.0272293090820313
0.00203895568847657 -0.0346584320068359 0.0405769348144531 -0.0090484619140625
0.0318241119384766 -0.02398681640625 0.0127553939819336 -0.00562191009521484
0.0420036315917969 0.0047454833984375 0.00636482238769531 -0.02685546875
0.0275077819824219 0.0462799072265625 0.0365715026855469 -0.0616683959960937
0.00114440917968749 0.0718841552734375 0.0819015502929688 -0.0669403076171875
-0.027679443359375 0.0703887939453125 0.086273193359375 -0.0301513671875
-0.0396995544433594 0.0613327026367188 0.110565185546875 0.0168533325195313
0.0134086608886719 0.0459747314453125 0.0499763488769531 0.0128402709960938
0.0149040222167969 0.009033203125 0.0258140563964844 0.0370559692382813
0.0146207809448242 0.00129985809326172 0.0616874694824219 0.0472793579101563
0.00957393646240234 -0.00641345977783203 0.0885543823242188 0.0157699584960938
0.00329303741455078 -0.0148868560791016 0.0932464599609375 -0.0261459350585938
0.00749778747558594 -0.02166748046875 0.0820083618164063 -0.0487213134765625
0.0108280181884766 -0.0205860137939453 0.0643386840820313 -0.0413742065429688
0.0126514434814453 -0.0302772521972656 0.0547370910644531 -0.0212287902832031
0.0340194702148437 -0.0258903503417969 0.0419960021972656 -0.00111770629882813
0.0525703430175781 0.0002288818359375 0.00832700729370118 0.00322771072387695
0.0480079650878906 0.0342521667480469 -0.00113677978515625 -0.0155935287475586
0.00728607177734375 0.0709457397460938 0.0218353271484375 -0.0545196533203125
-0.0365447998046875 0.0866241455078125 0.0637435913085938 -0.05133056640625
-0.0684280395507812 0.076202392578125 0.0663375854492188 -0.00932693481445312
-0.0837326049804688 0.0547027587890625 0.088165283203125 0.0457077026367187
-0.0314598083496094 0.0658836364746094 0.0391311645507812 0.03985595703125
-0.00443267822265625 0.0462913513183594 0.0250053405761719 0.0528182983398438
0.0208473205566406 0.038604736328125 0.0627937316894531 0.0571136474609375
0.0334072113037109 0.0180835723876953 0.0859146118164063 0.0246810913085938
0.0389175415039063 -0.00943756103515625 0.0924758911132813 -0.0195693969726563
0.0374565124511719 -0.02764892578125 0.0775909423828125 -0.0368118286132813
0.0386734008789063 -0.0238914489746094 0.0576095581054688 -0.0294761657714844
0.0443496704101563 -0.0311927795410156 0.0465965270996094 -0.00868988037109375
0.0610427856445313 -0.0183563232421875 0.0315761566162109 0.00800323486328125
0.0669441223144531 0.0185737609863281 0.000689506530761722 0.00965976715087891
0.05157470703125 0.05535888671875 -0.0102100372314453 -0.00823879241943359
-0.0057373046875 0.0856399536132813 0.00870513916015625 -0.0447425842285156
-0.0616607666015625 0.0927886962890625 0.0436515808105469 -0.0313796997070312
-0.09674072265625 0.0721054077148438 0.0355796813964844 0.0104179382324219
-0.114578247070313 0.0387191772460938 0.0496253967285156 0.0680351257324219
-0.0738143920898437 0.071044921875 0.0120887756347656 0.0670242309570313
-0.0320053100585938 0.0711593627929688 0.0180397033691406 0.0696907043457031
0.0177841186523438 0.0736541748046875 0.0541229248046875 0.0690994262695313
0.0491561889648438 0.0438003540039063 0.0738906860351562 0.0301437377929688
0.0678977966308594 -0.00063323974609375 0.0791091918945313 -0.0103683471679688
0.06439208984375 -0.027557373046875 0.0603523254394531 -0.0201225280761719
0.0613174438476562 -0.0225639343261719 0.0405960083007813 -0.0118751525878906
0.0688934326171875 -0.0287704467773438 0.0289306640625 0.00455474853515625
0.0797576904296875 -0.00897216796875 0.0163984298706055 0.0158472061157227
0.074981689453125 0.032684326171875 -0.0110073089599609 0.0137014389038086
0.0508232116699219 0.0683708190917969 -0.0168056488037109 -0.00329113006591796
-0.0159988403320313 0.0909881591796875 0.000270843505859374 -0.0329723358154297
-0.0768508911132813 0.0880203247070313 0.0250949859619141 -0.00814437866210937
-0.113410949707031 0.0614242553710938 0.00135421752929687 0.0280780792236328
-0.123710632324219 0.0123367309570312 0.00328063964843749 0.0821304321289062
-0.1007080078125 0.0581588745117188 -0.0229110717773438 0.0863876342773438
-0.05718994140625 0.078826904296875 0.00123596191406251 0.080841064453125
0.00611877441406249 0.0953826904296875 0.0370864868164063 0.0726242065429688
0.0526008605957031 0.0624923706054688 0.0513076782226563 0.0325393676757813
0.0831832885742187 0.0133819580078125 0.0529899597167969 -0.000900268554687499
0.07958984375 -0.0222549438476563 0.0349655151367188 -0.00321769714355469
0.072998046875 -0.0198898315429688 0.0171308517456055 0.00728034973144531
0.081634521484375 -0.0233001708984375 0.00630569458007813 0.0180206298828125
0.0863113403320313 -0.00140380859375 -0.0047454833984375 0.0217380523681641
0.0731964111328125 0.043304443359375 -0.0239200592041016 0.0153999328613281
0.0461654663085938 0.076171875 -0.022125244140625 -0.00263404846191406
-0.0275421142578125 0.0867538452148438 -0.00278091430664063 -0.0223102569580078
-0.0867385864257813 0.073150634765625 0.0099954605102539 0.0143814086914063
-0.118019104003906 0.040802001953125 -0.0349311828613281 0.0400390625
-0.107856750488281 -0.0147552490234375 -0.0421218872070313 0.0838394165039063
-0.104011535644531 0.0296783447265625 -0.0585250854492188 0.0936660766601563
-0.0691184997558594 0.063018798828125 -0.0145492553710937 0.0838623046875
-0.0115814208984375 0.090911865234375 0.0176010131835938 0.0655555725097656
0.040771484375 0.0708541870117188 0.0253505706787109 0.0292778015136719
0.0828018188476563 0.02459716796875 0.0227127075195313 0.00726890563964844
0.0821380615234375 -0.0126190185546875 0.00497722625732422 0.0134572982788086
0.07373046875 -0.01202392578125 -0.00877952575683593 0.0223598480224609
0.0828018188476563 -0.0152587890625 -0.0176029205322266 0.0314540863037109
0.086761474609375 0.006866455078125 -0.0271205902099609 0.0258197784423828
0.0676651000976563 0.0482215881347656 -0.0385169982910156 0.0116424560546875
0.0344009399414063 0.0765151977539063 -0.0281543731689453 -0.00566673278808594
-0.0392608642578125 0.077880859375 -0.00588321685791016 -0.0160408020019531
-0.0924911499023438 0.0506057739257812 -0.00685501098632813 0.0275020599365234
-0.112548828125 0.0126113891601563 -0.0671539306640625 0.0427093505859375
-0.0689048767089844 -0.0397300720214844 -0.0763015747070313 0.0745697021484375
-0.0818099975585938 -0.00817108154296876 -0.0813217163085938 0.0896072387695312
-0.0652008056640625 0.0289192199707031 -0.0266799926757813 0.0775909423828125
-0.0278396606445313 0.0656394958496094 0.00151824951171875 0.0540542602539063
0.0185623168945313 0.0621871948242188 0.00385856628417969 0.0198726654052734
0.0629997253417969 0.0332489013671875 -0.00808429718017578 0.0109043121337891
0.0709228515625 -0.00054931640625 -0.0233840942382812 0.0265541076660156
0.0629425048828125 -0.00240325927734375 -0.0308113098144531 0.0369987487792969
0.0730667114257812 -0.00469207763671875 -0.0409011840820313 0.0421867370605469
0.07470703125 0.0119094848632812 -0.0503311157226563 0.0287322998046875
0.0552139282226562 0.0479698181152344 -0.0534629821777344 0.009246826171875
0.0225982666015625 0.0711288452148438 -0.0350379943847656 -0.0127391815185547
-0.0452384948730469 0.0636520385742188 -0.00985336303710938 -0.0167627334594727
-0.0896682739257813 0.0251312255859375 -0.02276611328125 0.0334930419921875
-0.0973663330078125 -0.0171661376953125 -0.0957489013671875 0.035400390625
-0.0210533142089844 -0.0589256286621094 -0.0905380249023437 0.05938720703125
-0.0434112548828125 -0.0407028198242188 -0.0893478393554688 0.0786972045898438
-0.0491981506347656 -0.011199951171875 -0.0275421142578125 0.0688972473144531
-0.0386962890625 0.027557373046875 -0.00529098510742188 0.0398788452148438
-0.00550079345703125 0.042877197265625 -0.012028694152832 0.00940895080566406
0.0353012084960938 0.0352401733398438 -0.0285129547119141 0.0101966857910156
0.0465049743652344 0.0116157531738281 -0.0448493957519531 0.0316848754882813
0.043182373046875 0.0057373046875 -0.0511322021484375 0.0462608337402344
0.0505027770996094 0.0042877197265625 -0.061279296875 0.0482101440429688
0.0530052185058594 0.0156021118164063 -0.0710220336914063 0.0287094116210937
0.0382347106933594 0.0390777587890625 -0.0684356689453125 0.00207519531249999
0.0126152038574219 0.0572052001953125 -0.0451545715332031 -0.01898193359375
-0.0440826416015625 0.0448532104492188 -0.0157356262207031 -0.0191669464111328
-0.0748443603515625 -0.000129699707031237 -0.041259765625 0.027435302734375
-0.0679664611816406 -0.0433502197265625 -0.116813659667969 0.0186614990234375
0.0113601684570312 0.0521011352539062 0.114501953125 -0.01971435546875
0.0500907897949219 0.0127220153808594 0.0480194091796875 -0.0140914916992188
0.0257835388183594 -0.0253238677978516 0.0214118957519531 0.0231800079345703
0.000215530395507811 -0.0313262939453125 0.0585746765136719 0.0320091247558594
-0.0163631439208984 -0.0228595733642578 0.0842514038085938 0.00246429443359375
-0.0310516357421875 -0.0113296508789062 0.0849380493164063 -0.0382080078125
-0.0240135192871094 -0.00852203369140625 0.0709915161132813 -0.0617446899414063
-0.0188369750976563 -0.0109767913818359 0.0556144714355469 -0.0546531677246094
-0.0241546630859375 -0.0207004547119141 0.0506362915039063 -0.0369453430175781
-0.00208854675292969 -0.0329742431640625 0.0418357849121094 -0.0157737731933594
0.0273933410644531 -0.0276050567626953 0.0154886245727539 -0.00867366790771485
0.0406723022460938 -0.00144577026367188 0.00771141052246094 -0.0275325775146484
0.0332183837890625 0.041290283203125 0.0326499938964844 -0.0633964538574219
0.0101242065429688 0.0692787170410156 0.07769775390625 -0.0743408203125
-0.0197372436523437 0.0709915161132813 0.0876693725585938 -0.0413665771484375
-0.0351524353027344 0.0629234313964844 0.11285400390625 0.00534820556640625
0.0165176391601563 0.0440292358398437 0.0510177612304688 0.00637435913085938
0.0156278610229492 0.009765625 0.0273227691650391 0.0343666076660156
0.0139102935791016 0.000473976135253906 0.0659828186035156 0.0424652099609375
0.00986385345458984 -0.00590038299560547 0.0905990600585938 0.00858306884765625
0.00247955322265625 -0.0138912200927734 0.0925674438476563 -0.0358047485351563
0.00624275207519531 -0.0220088958740234 0.0774002075195313 -0.0585861206054688
0.0103130340576172 -0.0214462280273438 0.0597305297851562 -0.0507698059082031
0.0107440948486328 -0.0303516387939453 0.0520172119140625 -0.0307464599609375
0.0320854187011719 -0.0284824371337891 0.0423240661621094 -0.00826263427734375
0.0514068603515625 -0.00531387329101563 0.0129976272583008 -0.00162124633789063
0.0502243041992188 0.0284843444824219 0.00126266479492188 -0.0176200866699219
0.0148391723632813 0.069732666015625 0.0187950134277344 -0.0556068420410156
-0.0264892578125 0.08941650390625 0.0608787536621094 -0.0591239929199219
-0.0594253540039063 0.081512451171875 0.0688705444335937 -0.0195159912109375
-0.0799942016601563 0.0633468627929688 0.0934829711914063 0.0341110229492188
-0.026153564453125 0.0703353881835938 0.041229248046875 0.0337562561035156
-0.00263977050781249 0.047698974609375 0.0274429321289062 0.0504074096679688
0.0244712829589844 0.0379600524902344 0.0681304931640625 0.0543365478515625
0.0362586975097656 0.0161514282226563 0.0886611938476563 0.0159759521484375
0.0387763977050781 -0.0130577087402344 0.0907821655273438 -0.0293426513671875
0.0375633239746094 -0.0320701599121094 0.074127197265625 -0.0465850830078125
0.0385551452636719 -0.0288543701171875 0.0536041259765625 -0.0376205444335937
0.0420646667480469 -0.0367012023925781 0.0447120666503906 -0.0177040100097656
0.0600090026855469 -0.0236434936523438 0.0337677001953125 0.000692367553710936
0.0694389343261719 0.0118942260742188 0.00342559814453125 0.00562620162963867
0.058013916015625 0.0507354736328125 -0.00629234313964843 -0.00977993011474609
0.0026092529296875 0.087615966796875 0.0062713623046875 -0.0445823669433594
-0.0528945922851562 0.0998001098632813 0.0423736572265625 -0.0378189086914062
-0.090179443359375 0.083465576171875 0.040740966796875 0.00350952148437501
-0.113609313964844 0.0512847900390625 0.0583839416503906 0.0608787536621094
-0.0686187744140625 0.0806350708007813 0.0176429748535156 0.0632705688476563
-0.02581787109375 0.0782470703125 0.0212898254394531 0.0668067932128906
0.02655029296875 0.0739822387695313 0.0595588684082031 0.0645256042480469
0.0560226440429687 0.0397148132324219 0.0758819580078125 0.023712158203125
0.0694465637207031 -0.00733566284179687 0.0767745971679688 -0.0181350708007813
0.06341552734375 -0.0359077453613281 0.0584259033203125 -0.0286140441894531
0.0605239868164063 -0.0312423706054688 0.0387001037597656 -0.0191993713378906
0.0666732788085938 -0.0369758605957031 0.0286674499511719 -0.00156402587890625
0.0802459716796875 -0.01873779296875 0.0175018310546875 0.00974845886230468
0.0794677734375 0.0250320434570313 -0.00795555114746093 0.0112276077270508
0.05999755859375 0.0636177062988281 -0.0142269134521484 -0.0043649673461914
-0.00796508789062501 0.0951156616210938 -0.00136947631835938 -0.0339126586914062
-0.0699386596679687 0.0981826782226563 0.0263900756835937 -0.0130081176757812
-0.108612060546875 0.0742340087890625 0.00702285766601562 0.0241470336914063
-0.125999450683594 0.0270919799804688 0.0119476318359375 0.0810012817382813
-0.09735107421875 0.0710906982421875 -0.016204833984375 0.0857696533203125
-0.0496292114257813 0.0888900756835937 0.00600433349609375 0.0795745849609375
0.0161819458007812 0.0961380004882813 0.0425224304199219 0.0683975219726562
0.0611724853515625 0.0590476989746094 0.0534515380859375 0.0284080505371094
0.0869903564453125 0.0029144287109375 0.05218505859375 -0.0057830810546875
0.07891845703125 -0.032684326171875 0.0339031219482422 -0.00711250305175781
0.0731124877929688 -0.0288925170898437 0.0171871185302734 0.00244522094726562
0.0814743041992188 -0.0334930419921875 0.00706768035888672 0.0156526565551758
0.0900955200195312 -0.0116500854492187 -0.00342941284179687 0.0190410614013672
0.0816497802734375 0.0349960327148438 -0.0225124359130859 0.0143413543701172
0.055267333984375 0.0718612670898438 -0.0206642150878906 -0.00281333923339844
-0.0195159912109375 0.0935134887695313 -0.00485801696777344 -0.0240859985351562
-0.081817626953125 0.0851058959960938 0.0122823715209961 0.0102500915527344
-0.115989685058594 0.053741455078125 -0.0279159545898438 0.0408821105957031
-0.112068176269531 -0.00189971923828123 -0.0339279174804688 0.0881271362304688
-0.103744506835938 0.0424270629882812 -0.0498275756835938 0.0972824096679688
-0.0649642944335937 0.0733566284179688 -0.00965118408203125 0.0833740234375
-0.0016632080078125 0.09552001953125 0.0211143493652344 0.0648460388183594
0.0504035949707031 0.0678863525390625 0.0266056060791016 0.0274467468261719
0.0875091552734375 0.0152816772460938 0.0225696563720703 0.00575065612792969
0.0817337036132813 -0.0234146118164063 0.0057210922241211 0.0131120681762695
0.0734939575195313 -0.0217666625976563 -0.00632476806640624 0.0235214233398438
0.08306884765625 -0.0257644653320313 -0.0160617828369141 0.0316848754882813
0.0887298583984375 -0.00440216064453125 -0.0261516571044922 0.026702880859375
0.0750961303710938 0.0404586791992188 -0.0381240844726562 0.0135383605957031
0.045318603515625 0.0737457275390625 -0.0277519226074219 -0.00557327270507811
-0.0306854248046875 0.08465576171875 -0.00668907165527344 -0.0180339813232422
-0.08892822265625 0.064056396484375 -0.00236892700195313 0.0268497467041016
-0.112960815429688 0.0264968872070313 -0.0609016418457031 0.0468711853027344
-0.0767822265625 -0.03204345703125 -0.069976806640625 0.0835494995117188
-0.084930419921875 0.00380706787109376 -0.07476806640625 0.095855712890625
-0.0647964477539063 0.0381622314453125 -0.0211563110351563 0.0798797607421875
-0.0201568603515625 0.0721588134765625 0.00399398803710938 0.0538291931152344
0.02789306640625 0.0614967346191406 0.00250434875488282 0.0213413238525391
0.0695877075195313 0.0243911743164063 -0.00725936889648437 0.01251220703125
0.0706863403320313 -0.00959014892578125 -0.0212574005126953 0.028961181640625
0.0634078979492188 -0.0109901428222656 -0.0285072326660156 0.0408973693847656
0.0730667114257813 -0.0153350830078125 -0.03839111328125 0.045013427734375
0.0772323608398437 0.003387451171875 -0.0493507385253906 0.0314979553222656
0.0627670288085938 0.0406494140625 -0.0549278259277344 0.0111198425292969
0.0332565307617188 0.0680580139160156 -0.0369682312011719 -0.0106658935546875
-0.0380630493164062 0.0700111389160156 -0.0105905532836914 -0.0168571472167969
-0.088043212890625 0.0375289916992188 -0.0186614990234375 0.0338916778564453
-0.0993423461914063 -0.00435638427734375 -0.0928115844726563 0.0434951782226562
-0.0296363830566406 -0.0561332702636719 -0.0868988037109375 0.0702438354492187
-0.0499038696289063 -0.0337028503417969 -0.0821914672851563 0.0860061645507812
-0.0505790710449219 -0.00376892089843749 -0.0239791870117188 0.0708847045898438
-0.0339927673339844 0.0354042053222656 -0.00531005859375001 0.0402374267578125
0.0015411376953125 0.044097900390625 -0.012089729309082 0.0130090713500977
0.0397224426269531 0.0292892456054688 -0.0292911529541016 0.0148658752441406
0.0479888916015625 0.0052490234375 -0.0431900024414063 0.0390815734863281
0.04376220703125 0.00012969970703125 -0.04718017578125 0.0525703430175781
0.0516853332519531 -0.00333404541015625 -0.0575942993164062 0.0546798706054688
0.0551185607910156 0.00836181640625 -0.069488525390625 0.0348930358886719
0.0437889099121094 0.0345344543457031 -0.0696182250976563 0.00829696655273436
0.0192947387695313 0.0549888610839844 -0.0470695495605469 -0.0166053771972656
-0.0386314392089844 0.0491981506347656 -0.0177059173583984 -0.0188007354736328
-0.0742263793945313 0.00988769531249999 -0.0366439819335938 0.0318717956542969
-0.0730361938476563 -0.0338134765625 -0.116302490234375 0.0288848876953125
0.0136642456054687 0.0498580932617188 0.111671447753906 -0.0269622802734375
0.0482864379882813 0.00851058959960938 0.0446701049804688 -0.0171966552734375
0.0222244262695313 -0.0265235900878906 0.0217437744140625 0.0218639373779297
-0.00275230407714844 -0.0300521850585937 0.0601081848144531 0.0292243957519531
-0.017791748046875 -0.0205402374267578 0.0849990844726563 -0.00354766845703125
-0.0314388275146484 -0.00730514526367187 0.083099365234375 -0.0438156127929688
-0.0231170654296875 -0.00606727600097657 0.0660858154296875 -0.0672187805175781
-0.0188426971435547 -0.00920295715332031 0.0521163940429688 -0.059600830078125
-0.0243740081787109 -0.017852783203125 0.0467796325683594 -0.0420570373535156
-0.00484657287597656 -0.0314464569091797 0.0411796569824219 -0.0216827392578125
0.0237560272216797 -0.0287532806396484 0.0171356201171875 -0.0122013092041016
0.0394401550292969 -0.00450515747070313 0.00899314880371094 -0.0280399322509766
0.0355606079101563 0.0375900268554688 0.0307464599609375 -0.0638160705566406
0.01580810546875 0.0658111572265625 0.0736160278320313 -0.0780792236328125
-0.0129241943359375 0.0697593688964844 0.0863800048828125 -0.0486297607421875
-0.0317344665527344 0.0647201538085938 0.111801147460937 -0.00223541259765625
0.0169868469238281 0.0423011779785156 0.0489387512207031 0.001861572265625
0.0144329071044922 0.00966548919677734 0.0280055999755859 0.0330162048339844
0.0133953094482422 0.000977516174316406 0.0675468444824219 0.0388259887695313
0.0101146697998047 -0.00574684143066406 0.0908279418945313 0.00243377685546875
0.00226879119873047 -0.0124273300170898 0.0903549194335938 -0.0426483154296875
0.00592231750488281 -0.0215816497802734 0.0724258422851563 -0.0650100708007813
0.00966835021972656 -0.0226802825927734 0.0545692443847656 -0.0560264587402344
0.00935173034667969 -0.0299892425537109 0.0486907958984375 -0.0366172790527344
0.0296974182128906 -0.0298328399658203 0.0419120788574219 -0.0151100158691406
0.0496368408203125 -0.00878524780273438 0.0140581130981445 -0.00510215759277344
0.051849365234375 0.02520751953125 0.00340080261230469 -0.0189132690429688
0.0193099975585938 0.0672836303710938 0.0175247192382813 -0.0555992126464844
-0.0196304321289063 0.0892333984375 0.0581588745117188 -0.0631942749023438
-0.0533447265625 0.083343505859375 0.0699920654296875 -0.0266761779785156
-0.0770492553710938 0.0683746337890625 0.0947189331054688 0.0270919799804688
-0.0235519409179688 0.0711822509765625 0.041015625 0.0290603637695313
-0.000518798828124997 0.0498542785644531 0.0286750793457031 0.0484085083007813
0.0274124145507813 0.0378570556640625 0.0694084167480469 0.0497360229492188
0.038116455078125 0.0140953063964844 0.0888824462890625 0.0104904174804688
0.0383720397949219 -0.0149955749511719 0.0874557495117188 -0.0359268188476563
0.0359649658203125 -0.0342674255371094 0.069061279296875 -0.0531082153320313
0.0373611450195313 -0.0320892333984375 0.0491256713867188 -0.0429153442382813
0.0405082702636719 -0.0388870239257813 0.0416717529296875 -0.023834228515625
0.0587615966796875 -0.0279998779296875 0.0330543518066406 -0.00537872314453125
0.0702400207519531 0.00734329223632813 0.00528478622436524 0.00223636627197266
0.0612258911132813 0.0464019775390625 -0.00501346588134765 -0.0113191604614258
0.00826263427734375 0.08746337890625 0.00545883178710938 -0.0455970764160156
-0.0456390380859375 0.103141784667969 0.0408973693847656 -0.0414505004882812
-0.0841827392578125 0.0883331298828125 0.0436019897460937 -0.00260543823242187
-0.111358642578125 0.0591888427734375 0.061676025390625 0.0557975769042969
-0.0642547607421875 0.0853958129882813 0.0202064514160156 0.0589752197265625
-0.022064208984375 0.0822830200195313 0.022308349609375 0.0647697448730469
0.0324020385742188 0.0731048583984375 0.0619773864746094 0.0599174499511719
0.0596542358398437 0.0364418029785156 0.0759048461914063 0.0190353393554688
0.0693435668945313 -0.0121269226074219 0.0739517211914063 -0.0237503051757813
0.0610313415527344 -0.0407333374023438 0.055206298828125 -0.0336265563964844
0.0591278076171875 -0.0367851257324219 0.0356941223144531 -0.0232505798339844
0.0650825500488281 -0.0428657531738281 0.0265789031982422 -0.0066986083984375
0.0789947509765625 -0.02459716796875 0.0177383422851563 0.00569725036621094
0.081878662109375 0.018951416015625 -0.00669002532958984 0.00861310958862305
0.065185546875 0.0596122741699219 -0.012446403503418 -0.00625896453857422
-0.00135040283203124 0.0962142944335938 -0.00168991088867187 -0.0341320037841797
-0.0629501342773438 0.103958129882812 0.0261802673339844 -0.0163631439208984
-0.102882385253906 0.0816802978515625 0.011749267578125 0.0200958251953125
-0.125030517578125 0.0375747680664062 0.0167617797851563 0.0779953002929688
-0.0933074951171875 0.078826904296875 -0.0110702514648438 0.08355712890625
-0.0451126098632813 0.0939483642578125 0.00892639160156249 0.0774765014648437
0.02459716796875 0.0956954956054687 0.0449790954589844 0.0660285949707031
0.0669937133789063 0.0553016662597656 0.0530357360839844 0.0249443054199219
0.0878829956054688 -0.00335693359375 0.0499420166015625 -0.00902175903320312
0.0765304565429688 -0.0389785766601563 0.0328712463378906 -0.00996971130371094
0.0712966918945313 -0.0353546142578125 0.0165138244628906 0.000779151916503904
0.0790786743164063 -0.0412673950195313 0.00683975219726563 0.0133562088012695
0.0891952514648437 -0.0199050903320313 -0.00301074981689453 0.0167264938354492
0.08502197265625 0.028106689453125 -0.0217113494873047 0.0123157501220703
0.0613479614257813 0.0679435729980469 -0.0198097229003906 -0.00455093383789062
-0.0125885009765625 0.095733642578125 -0.00460624694824219 -0.0249385833740234
-0.0759506225585938 0.0932540893554688 0.0143165588378906 0.00746345520019532
-0.111946105957031 0.0630111694335938 -0.0225715637207031 0.0384063720703125
-0.113800048828125 0.00708770751953123 -0.028472900390625 0.0887222290039062
-0.101127624511719 0.0512008666992187 -0.0436782836914063 0.0972213745117187
-0.0611190795898438 0.0797882080078125 -0.00685882568359376 0.0814895629882813
0.0063629150390625 0.0968093872070312 0.0231590270996094 0.0629615783691406
0.0567283630371094 0.0639305114746094 0.0262851715087891 0.0264205932617188
0.0884170532226562 0.0076446533203125 0.02105712890625 0.00443267822265625
0.0797653198242188 -0.0306167602539063 0.00665092468261719 0.0127410888671875
0.0720596313476563 -0.0289306640625 -0.00607681274414062 0.0231113433837891
0.0807418823242188 -0.0343475341796875 -0.0154094696044922 0.0313816070556641
0.08856201171875 -0.0129852294921875 -0.0253944396972656 0.0264778137207031
0.0796356201171875 0.033721923828125 -0.0378379821777344 0.0135498046875
0.0523567199707031 0.0700340270996094 -0.0275173187255859 -0.00615501403808594
-0.0242080688476563 0.08819580078125 -0.0068359375 -0.0192337036132812
-0.0835342407226562 0.0724945068359375 -0.000146865844726565 0.0247898101806641
-0.110237121582031 0.0361404418945313 -0.05682373046875 0.0477561950683594
-0.080810546875 -0.0248031616210938 -0.0645294189453125 0.0871200561523438
-0.0844268798828125 0.0126571655273438 -0.0677947998046875 0.0978775024414063
-0.0626068115234375 0.04522705078125 -0.0182647705078125 0.0784378051757813
-0.0136642456054688 0.074859619140625 0.0046539306640625 0.052825927734375
0.03399658203125 0.0591278076171875 0.00219345092773438 0.0215682983398438
0.0711822509765625 0.0177841186523438 -0.00773143768310547 0.0136966705322266
0.0688934326171875 -0.0166664123535156 -0.0189247131347656 0.0311107635498047
0.0618476867675781 -0.0180702209472656 -0.0261611938476562 0.0427474975585938
0.0706329345703125 -0.0228424072265625 -0.03619384765625 0.047149658203125
0.0765914916992188 -0.00537109375 -0.0480613708496094 0.0341415405273438
0.0664443969726563 0.0345268249511719 -0.0548515319824219 0.0138397216796875
0.0392227172851563 0.0652580261230469 -0.0376205444335938 -0.0103111267089844
-0.0324325561523438 0.0728683471679688 -0.0110979080200195 -0.0175485610961914
-0.0838775634765625 0.0463485717773438 -0.0151920318603516 0.0338325500488281
-0.0986404418945313 0.00511169433593751 -0.0878219604492187 0.0472640991210938
-0.0341682434082031 -0.052490234375 -0.0833587646484375 0.075836181640625
-0.0519943237304688 -0.0276908874511719 -0.0769500732421875 0.0898284912109375
-0.0507659912109375 0.00209045410156249 -0.0214691162109375 0.07073974609375
-0.0293693542480469 0.0386238098144531 -0.00558090209960938 0.0406150817871094
0.00637435913085938 0.0427932739257813 -0.0135917663574219 0.0151119232177734
0.042205810546875 0.0241737365722656 -0.0293521881103516 0.0185279846191406
0.0477333068847656 -3.814697265625E-06 -0.0392684936523438 0.0425338745117188
0.04327392578125 -0.00469589233398438 -0.0431175231933594 0.056243896484375
0.0508804321289063 -0.00905990600585938 -0.0541725158691406 0.05816650390625
0.0552558898925781 0.001922607421875 -0.0681304931640625 0.0384864807128906
0.0464096069335938 0.0297279357910156 -0.07025146484375 0.0118255615234375
0.0244674682617187 0.0522308349609375 -0.0476722717285156 -0.0153579711914062
-0.0342330932617187 0.052032470703125 -0.0180683135986328 -0.0191593170166016
-0.0732269287109375 0.0167617797851563 -0.0326995849609375 0.0332107543945313
-0.0734329223632813 -0.0261459350585937 -0.113029479980469 0.0349884033203125
0.0153121948242187 0.0487136840820312 0.110984802246094 -0.0304183959960937
0.0467796325683594 0.00626373291015625 0.0426406860351563 -0.0189704895019531
0.020965576171875 -0.0268230438232422 0.0217723846435547 0.0224838256835937
-0.00429916381835937 -0.0290107727050781 0.06085205078125 0.02838134765625
-0.0188140869140625 -0.0191097259521484 0.08599853515625 -0.00623321533203125
-0.0306873321533203 -0.00444602966308593 0.0834884643554688 -0.04742431640625
-0.0225067138671875 -0.00467109680175781 0.0635986328125 -0.0710525512695313
-0.0183506011962891 -0.00867652893066406 0.0493278503417969 -0.062835693359375
-0.0236091613769531 -0.0155582427978516 0.0444259643554688 -0.0454978942871094
-0.00622940063476563 -0.0298061370849609 0.0408859252929688 -0.0257911682128906
0.0217514038085938 -0.0295219421386719 0.0186061859130859 -0.0150470733642578
0.0383415222167969 -0.00675201416015625 0.010986328125 -0.0290203094482422
0.0370750427246094 0.0346908569335938 0.0308151245117188 -0.0636367797851563
0.0183677673339844 0.0631446838378906 0.0720138549804688 -0.0809707641601563
-0.00987625122070312 0.0681304931640625 0.0873336791992188 -0.053497314453125
-0.0307350158691406 0.065460205078125 0.111976623535156 -0.0063629150390625
0.0168190002441406 0.0422286987304688 0.0467529296875 -0.000484466552734372
0.013890266418457 0.0112495422363281 0.0271644592285156 0.0328273773193359
0.0132503509521484 0.00184345245361328 0.0688438415527344 0.0375633239746094
0.0104093551635742 -0.00525188446044922 0.0916748046875 -0.00019073486328125
0.00304031372070312 -0.0117959976196289 0.089996337890625 -0.046356201171875
0.00642204284667969 -0.0220069885253906 0.0694847106933594 -0.0688400268554688
0.0100917816162109 -0.0230598449707031 0.0517539978027344 -0.0599021911621094
0.00902175903320312 -0.0299549102783203 0.0461692810058594 -0.040802001953125
0.0286750793457031 -0.0302982330322266 0.0413627624511719 -0.0196304321289063
0.04949951171875 -0.0105628967285156 0.0153694152832031 -0.00835132598876953
0.0522193908691406 0.0229835510253906 0.00500869750976563 -0.0208759307861328
0.0214767456054688 0.0669326782226563 0.0177230834960937 -0.0557060241699219
-0.016693115234375 0.0896377563476563 0.0571098327636719 -0.065582275390625
-0.0502090454101563 0.0843734741210938 0.0716018676757813 -0.0315933227539063
-0.0766525268554688 0.0722198486328125 0.0961227416992188 0.0231170654296875
-0.0223770141601562 0.0728836059570313 0.040008544921875 0.0263404846191406
3.20021279405983E-18 0.0522651672363281 0.0285263061523438 0.0477561950683594
0.0293731689453125 0.038330078125 0.0706710815429688 0.0484466552734375
0.0396575927734375 0.0133285522460937 0.089263916015625 0.007965087890625
0.0388870239257813 -0.0159950256347656 0.0863189697265625 -0.0393600463867188
0.0355415344238281 -0.0363960266113281 0.066497802734375 -0.0568122863769531
0.0371627807617187 -0.0345535278320313 0.046539306640625 -0.0465126037597656
0.0400848388671875 -0.0411148071289063 0.0394515991210938 -0.0276107788085938
0.0582847595214844 -0.0307693481445313 0.0330886840820313 -0.0101280212402344
0.071502685546875 0.0045318603515625 0.00635719299316407 -0.00143814086914063
0.0632896423339844 0.0447235107421875 -0.0030832290649414 -0.0135660171508789
0.010955810546875 0.0884628295898438 0.00626754760742187 -0.045806884765625
-0.0420684814453125 0.105545043945313 0.0410842895507813 -0.0443611145019531
-0.0811614990234375 0.0906524658203125 0.04632568359375 -0.00706863403320312
-0.111312866210938 0.065216064453125 0.0635719299316406 0.0528373718261719
-0.0620956420898438 0.0894317626953125 0.0207481384277344 0.0562171936035156
-0.0200042724609375 0.0856552124023438 0.0220146179199219 0.0639419555664063
0.0360794067382813 0.0735702514648438 0.0623321533203125 0.0587501525878906
0.0623664855957031 0.0345077514648438 0.076202392578125 0.0174407958984375
0.0702133178710938 -0.0145492553710938 0.0724334716796875 -0.0263595581054688
0.0606956481933594 -0.0440826416015625 0.05377197265625 -0.0362548828125
0.0588531494140625 -0.040863037109375 0.0340213775634766 -0.0259895324707031
0.0641860961914063 -0.0471343994140625 0.0250492095947266 -0.00965309143066407
0.0789337158203125 -0.0294265747070312 0.0170555114746094 0.00194072723388672
0.0843353271484375 0.0154571533203125 -0.00604534149169921 0.00539875030517578
0.0687980651855469 0.0581855773925781 -0.0109691619873047 -0.00873374938964843
0.00211334228515625 0.0983200073242187 -0.00162124633789063 -0.0354156494140625
-0.0595321655273437 0.108985900878906 0.0270481109619141 -0.0195598602294922
-0.100738525390625 0.0855941772460937 0.0146560668945312 0.0168542861938477
-0.126289367675781 0.0439682006835937 0.019195556640625 0.0764083862304688
-0.09075927734375 0.0836029052734375 -0.00959014892578126 0.0819931030273438
-0.0430831909179688 0.0990066528320313 0.00847625732421875 0.0763626098632813
0.0296173095703125 0.0962677001953125 0.0456733703613281 0.0646438598632813
0.0707626342773438 0.053253173828125 0.0527992248535156 0.0249786376953125
0.0885238647460938 -0.00734710693359375 0.0484733581542969 -0.0102157592773437
0.07568359375 -0.0435791015625 0.0320701599121094 -0.011688232421875
0.0710220336914062 -0.0402603149414062 0.0158863067626953 -0.00111198425292969
0.078277587890625 -0.04608154296875 0.005615234375 0.0112447738647461
0.089447021484375 -0.025054931640625 -0.00360107421874999 0.0148239135742187
0.0886764526367188 0.0243606567382813 -0.0215778350830078 0.0105419158935547
0.0663490295410156 0.0661392211914063 -0.0191898345947266 -0.00652503967285155
-0.00907897949218751 0.09881591796875 -0.00514984130859375 -0.0263023376464844
-0.0727081298828125 0.098663330078125 0.0153675079345703 0.00484561920166016
-0.110260009765625 0.0683441162109375 -0.0197219848632813 0.0361976623535156
-0.115943908691406 0.0132598876953125 -0.0257949829101563 0.0888290405273438
-0.100234985351563 0.0565948486328125 -0.0410079956054688 0.0966720581054688
-0.0592041015625 0.0850982666015625 -0.0069122314453125 0.080718994140625
0.0114364624023438 0.09814453125 0.0233383178710937 0.0623397827148438
0.0615043640136719 0.0618820190429688 0.0252456665039063 0.0267505645751953
0.089202880859375 0.003265380859375 0.0194511413574219 0.00458526611328125
0.0785064697265625 -0.0353851318359375 0.00694561004638672 0.0126438140869141
0.071685791015625 -0.0334091186523438 -0.00505828857421874 0.0234336853027344
0.0803756713867188 -0.0396347045898438 -0.0157527923583984 0.0316619873046875
0.08929443359375 -0.0185775756835938 -0.0259666442871094 0.0259361267089844
0.0826644897460938 0.0297164916992188 -0.0384979248046875 0.0129814147949219
0.0568046569824219 0.0684318542480469 -0.0280704498291016 -0.00695037841796875
-0.020294189453125 0.09112548828125 -0.00751876831054687 -0.0207462310791016
-0.0810699462890625 0.0786590576171875 0.00197601318359374 0.02301025390625
-0.109451293945313 0.042022705078125 -0.0539970397949219 0.047088623046875
-0.0835037231445313 -0.0196609497070313 -0.063079833984375 0.0890960693359375
-0.0851364135742188 0.017364501953125 -0.0660247802734375 0.0989608764648438
-0.0621910095214844 0.0502128601074219 -0.0179595947265625 0.0775909423828125
-0.00949096679687501 0.0766677856445313 0.00507354736328124 0.0531196594238281
0.0382728576660156 0.058197021484375 0.00128364562988281 0.02325439453125
0.0726394653320312 0.0130767822265625 -0.00850963592529296 0.0153846740722656
0.0684852600097656 -0.0213699340820312 -0.0179023742675781 0.0323619842529297
0.0621414184570312 -0.0226211547851562 -0.0246505737304687 0.043975830078125
0.0703659057617188 -0.0272598266601563 -0.0351181030273437 0.0487174987792969
0.0772323608398438 -0.0103988647460938 -0.0481719970703125 0.0345535278320313
0.0690155029296875 0.0308723449707031 -0.0554542541503906 0.0144615173339844
0.04339599609375 0.0634002685546875 -0.0380630493164063 -0.0106430053710938
-0.0293426513671875 0.075927734375 -0.0117683410644531 -0.0188255310058594
-0.0818328857421875 0.0518646240234375 -0.0132312774658203 0.0329761505126953
-0.0983505249023438 0.0104217529296875 -0.0859909057617187 0.0482635498046875
-0.0375328063964844 -0.0498886108398438 -0.0825576782226562 0.0790328979492188
-0.0538368225097656 -0.0238876342773437 -0.0753173828125 0.0913772583007813
-0.0516319274902344 0.00591278076171875 -0.0208930969238281 0.0701255798339844
-0.0271148681640625 0.0409622192382813 -0.00653457641601563 0.0413475036621094
0.00992584228515625 0.0428504943847656 -0.0144872665405273 0.0171747207641602
0.0431671142578125 0.0206642150878906 -0.0290470123291016 0.0218524932861328
0.0468521118164062 -0.00384521484375 -0.0371360778808594 0.0454063415527344
0.0430145263671875 -0.00795745849609375 -0.0404472351074219 0.058319091796875
0.0502052307128906 -0.0126380920410156 -0.0528297424316406 0.0607490539550781
0.0554618835449219 -0.00151443481445313 -0.0680999755859375 0.0411148071289062
0.0484886169433594 0.0270805358886719 -0.0708694458007812 0.0134963989257813
0.0276412963867188 0.0504379272460937 -0.0485382080078125 -0.0150222778320312
-0.0318679809570313 0.0532417297363281 -0.0186939239501953 -0.0200042724609375
-0.0715408325195313 0.020965576171875 -0.0301055908203125 0.0334415435791016
-0.0740814208984375 -0.0218505859375 -0.112289428710938 0.0378189086914062
0.0165634155273438 0.0485267639160156 0.114303588867188 -0.0327529907226563
0.0464134216308594 0.00542449951171875 0.04217529296875 -0.0204353332519531
0.0201339721679688 -0.0269393920898438 0.022125244140625 0.0233745574951172
-0.0053863525390625 -0.0290908813476563 0.0634994506835938 0.0293540954589844
-0.0203838348388672 -0.0187053680419922 0.0889511108398438 -0.008331298828125
-0.0307273864746094 -0.00281143188476562 0.08599853515625 -0.0526199340820313
-0.0224323272705078 -0.00376701354980468 0.064117431640625 -0.075897216796875
-0.0186328887939453 -0.00825119018554688 0.048431396484375 -0.0674400329589844
-0.0239791870117188 -0.0142669677734375 0.0443000793457031 -0.0500984191894531
-0.00708389282226562 -0.0294284820556641 0.0416755676269531 -0.0310020446777344
0.0203266143798828 -0.0304450988769531 0.0206451416015625 -0.0186958312988281
0.0384025573730469 -0.00799942016601562 0.0134563446044922 -0.031219482421875
0.0389289855957031 0.0341758728027344 0.0326347351074219 -0.0651664733886719
0.0204582214355469 0.0629768371582031 0.0738067626953125 -0.08453369140625
-0.00792694091796875 0.068756103515625 0.09088134765625 -0.0588150024414062
-0.0309219360351563 0.0681571960449219 0.115036010742187 -0.00886535644531249
0.0167388916015625 0.04315185546875 0.0462303161621094 -0.001556396484375
0.0142803192138672 0.0133047103881836 0.0271663665771484 0.0342350006103516
0.0142307281494141 0.002349853515625 0.0712738037109375 0.0380859375
0.0108575820922852 -0.00510883331298828 0.0948944091796875 -0.00182342529296875
0.00391864776611328 -0.0118331909179688 0.0915985107421875 -0.0501708984375
0.00669670104980469 -0.02294921875 0.06988525390625 -0.0741043090820313
0.0105056762695312 -0.0244541168212891 0.0508537292480469 -0.0644187927246094
0.00937080383300781 -0.0308246612548828 0.04559326171875 -0.044891357421875
0.0288982391357422 -0.0316829681396484 0.0421295166015625 -0.0244483947753906
0.0500106811523438 -0.01220703125 0.0174655914306641 -0.0120878219604492
0.0538291931152344 0.0228233337402344 0.00757408142089844 -0.0230712890625
0.0232582092285156 0.0683021545410156 0.0197334289550781 -0.0573768615722656
-0.015167236328125 0.0922698974609375 0.0588645935058594 -0.0697021484375
-0.0497512817382812 0.0871124267578125 0.0758132934570313 -0.0369720458984375
-0.0783462524414062 0.0770263671875 0.0989151000976563 0.021240234375
-0.022705078125 0.0765228271484375 0.039825439453125 0.0248222351074219
0.000949859619140619 0.0567131042480469 0.0281906127929688 0.0490379333496094
0.0318450927734375 0.0400924682617188 0.0731277465820313 0.04888916015625
0.0425834655761719 0.0134849548339844 0.0919647216796875 0.00652313232421875
0.040618896484375 -0.0170822143554688 0.0879592895507813 -0.04254150390625
0.0367774963378906 -0.0393028259277344 0.0665435791015625 -0.0617637634277344
0.0378036499023438 -0.0381355285644531 0.0456199645996094 -0.0505867004394531
0.0410270690917969 -0.0441551208496094 0.0381278991699219 -0.03179931640625
0.059722900390625 -0.0330924987792969 0.0334949493408203 -0.0147113800048828
0.0742340087890625 0.00217437744140625 0.00762653350830078 -0.00442934036254883
0.067108154296875 0.0445213317871094 -0.00120449066162109 -0.0160140991210937
0.0131912231445313 0.09173583984375 0.00768280029296875 -0.0476837158203125
-0.0408782958984375 0.110786437988281 0.0423660278320312 -0.04803466796875
-0.0817337036132813 0.0951004028320313 0.049530029296875 -0.0114021301269531
-0.114303588867187 0.0710983276367187 0.0659713745117187 0.0521659851074219
-0.0625381469726562 0.0948867797851563 0.0208892822265625 0.0552711486816406
-0.0193099975585938 0.09173583984375 0.0210380554199219 0.0652236938476562
0.0400390625 0.07635498046875 0.0644073486328125 0.0596122741699219
0.0674781799316406 0.0343132019042969 0.0780258178710938 0.0170822143554688
0.0726699829101563 -0.017120361328125 0.0727462768554687 -0.0282745361328125
0.0616188049316406 -0.0487518310546875 0.0536575317382813 -0.039947509765625
0.0602951049804687 -0.0452384948730469 0.0333747863769531 -0.0287284851074219
0.0654335021972656 -0.05133056640625 0.0237560272216797 -0.0121612548828125
0.0818862915039063 -0.0334548950195313 0.0174188613891602 -0.00101947784423828
0.0887908935546875 0.0131454467773438 -0.00630426406860351 0.00241327285766602
0.0736160278320313 0.0579452514648437 -0.0107002258300781 -0.0106115341186523
0.0046844482421875 0.103919982910156 -0.000885009765625002 -0.0373611450195312
-0.0588455200195313 0.115959167480469 0.0278053283691406 -0.0226840972900391
-0.102165222167969 0.0916824340820313 0.017125129699707 0.0138702392578125
-0.131179809570313 0.0500869750976563 0.0205001831054687 0.0773086547851563
-0.092681884765625 0.090362548828125 -0.00928497314453125 0.0824737548828125
-0.0423355102539063 0.106132507324219 0.00778961181640625 0.0779571533203125
0.034088134765625 0.1002197265625 0.046722412109375 0.0659103393554688
0.07647705078125 0.052886962890625 0.054046630859375 0.0253257751464844
0.0916900634765625 -0.0105056762695312 0.0484580993652344 -0.0107269287109375
0.0773468017578125 -0.0490036010742188 0.0326938629150391 -0.0133686065673828
0.072296142578125 -0.0457077026367187 0.0153522491455078 -0.00229072570800782
0.079620361328125 -0.0521240234375 0.00449466705322266 0.0104455947875977
0.09228515625 -0.0304107666015625 -0.00437641143798828 0.0130910873413086
0.09326171875 0.0217742919921875 -0.0226020812988281 0.00900077819824219
0.071685791015625 0.066619873046875 -0.0196609497070313 -0.00845336914062499
-0.00603485107421875 0.104164123535156 -0.0050811767578125 -0.0284938812255859
-0.0723876953125 0.106460571289063 0.0165281295776367 0.00269031524658204
-0.112022399902344 0.0745468139648438 -0.0185317993164063 0.0355796813964844
-0.120712280273438 0.0183868408203125 -0.0258407592773438 0.0915145874023438
-0.102394104003906 0.062896728515625 -0.0415802001953125 0.0982131958007813
-0.059814453125 0.0920867919921875 -0.00769042968750001 0.082733154296875
0.0159378051757813 0.102088928222656 0.0234603881835938 0.0640449523925781
0.0670204162597656 0.062164306640625 0.0254955291748047 0.0289058685302734
0.09295654296875 -0.00016021728515625 0.0185890197753906 0.00539588928222656
0.0803604125976563 -0.0403366088867188 0.00763130187988282 0.0127573013305664
0.0733413696289063 -0.0387496948242188 -0.00480842590332031 0.0237808227539062
0.0815582275390625 -0.0453109741210938 -0.0162067413330078 0.0324611663818359
0.0917510986328125 -0.0239791870117187 -0.0274753570556641 0.0260982513427734
0.087921142578125 0.0269927978515625 -0.0404891967773437 0.0129776000976563
0.0623435974121094 0.0685958862304688 -0.0294647216796875 -0.00821876525878906
-0.0180816650390625 0.0963592529296875 -0.00779533386230469 -0.0224571228027344
-0.0814285278320313 0.0860061645507813 0.00307846069335937 0.0218238830566406
-0.111763000488281 0.047454833984375 -0.0541114807128906 0.0476226806640625
-0.088043212890625 -0.0167465209960938 -0.0638427734375 0.093353271484375
-0.0875778198242188 0.0219497680664062 -0.0669708251953125 0.101516723632813
-0.0631561279296875 0.0557136535644531 -0.0189590454101562 0.0791397094726563
-0.0059051513671875 0.080322265625 0.003997802734375 0.0548553466796875
0.0433311462402344 0.0583724975585938 0.000392913818359378 0.0254993438720703
0.0756072998046875 0.0104522705078125 -0.00958251953125 0.0178966522216797
0.0696868896484375 -0.02490234375 -0.0171909332275391 0.0346145629882813
0.0632286071777344 -0.0265922546386719 -0.0235671997070312 0.0462112426757812
0.0713653564453125 -0.0325164794921875 -0.0365257263183594 0.0511360168457031
0.079498291015625 -0.0145111083984375 -0.0501060485839844 0.0370407104492187
0.0733108520507813 0.0290145874023437 -0.0582389831542969 0.0150146484375
0.0477371215820313 0.0636177062988281 -0.0400276184082031 -0.0119094848632812
-0.0279083251953125 0.0798721313476563 -0.012481689453125 -0.0205230712890625
-0.0821304321289063 0.0572967529296875 -0.0122413635253906 0.0333423614501953
-0.100128173828125 0.0144805908203125 -0.0871734619140625 0.0496292114257812
-0.0408363342285156 -0.0491943359375 -0.08477783203125 0.0838394165039062
-0.0565986633300781 -0.0213508605957031 -0.0761871337890625 0.094940185546875
-0.0529747009277344 0.00958251953125001 -0.0224761962890625 0.0714340209960938
-0.0252304077148437 0.0438613891601563 -0.0078887939453125 0.0433425903320312
0.0128402709960938 0.0433731079101563 -0.016143798828125 0.0202999114990234
0.0455551147460938 0.0185813903808594 -0.0302162170410156 0.0253524780273438
0.0478591918945313 -0.0067138671875 -0.0360488891601562 0.0491981506347656
0.0442085266113281 -0.0107040405273438 -0.0393638610839844 0.0615005493164063
0.0515518188476563 -0.0158233642578125 -0.0532684326171875 0.0643959045410156
0.0567626953125 -0.00479507446289063 -0.0701141357421875 0.0440521240234375
0.05120849609375 0.0256805419921875 -0.0738677978515625 0.0145797729492187
0.0301132202148438 0.0504798889160156 -0.0510520935058594 -0.0157508850097656
-0.0308914184570313 0.0556716918945313 -0.0196876525878906 -0.0212364196777344
-0.0722503662109375 0.0250778198242187 -0.0294036865234375 0.0345611572265625
-0.0749664306640625 -0.0193252563476563 -0.11468505859375 0.0405960083007812
0.0185317993164062 0.0499496459960938 0.119697570800781 -0.0376205444335937
0.0482940673828125 0.00424575805664063 0.0423965454101563 -0.0227241516113281
0.0203647613525391 -0.0283355712890625 0.0232219696044922 0.0248832702636719
-0.00658607482910157 -0.0294628143310547 0.0678138732910156 0.0298652648925781
-0.0222663879394531 -0.018280029296875 0.0944137573242187 -0.0127944946289063
-0.031890869140625 -0.000892639160156248 0.0894317626953125 -0.0600814819335937
-0.0236854553222656 -0.00249671936035156 0.0643157958984375 -0.0836563110351563
-0.0196628570556641 -0.00790214538574218 0.0475082397460938 -0.0742340087890625
-0.0250720977783203 -0.0132122039794922 0.0436134338378906 -0.0561408996582031
-0.008941650390625 -0.0292167663574219 0.0425643920898437 -0.0369987487792969
0.0189189910888672 -0.0322685241699219 0.0227622985839844 -0.0225067138671875
0.0394744873046875 -0.00971603393554688 0.015228271484375 -0.0343875885009766
0.042327880859375 0.0337562561035156 0.0342597961425781 -0.0691795349121094
0.0239715576171875 0.0646018981933594 0.0755462646484375 -0.0918197631835938
-0.0057373046875 0.071685791015625 0.0960693359375 -0.0677642822265625
-0.0310440063476562 0.0736541748046875 0.121139526367187 -0.0127487182617187
0.0181961059570313 0.0460395812988281 0.0472755432128906 -0.0041046142578125
0.0150918960571289 0.0153102874755859 0.0284652709960938 0.0359115600585938
0.0156993865966797 0.00328922271728516 0.0761184692382813 0.0385971069335938
0.0114870071411133 -0.00520610809326172 0.0998306274414063 -0.00551605224609375
0.00471210479736328 -0.0121698379516602 0.095184326171875 -0.0578384399414063
0.00686454772949219 -0.0252113342285156 0.0697860717773438 -0.0821762084960938
0.0102405548095703 -0.0268878936767578 0.0496368408203125 -0.0710906982421875
0.0099029541015625 -0.0328178405761719 0.044921875 -0.0513648986816406
0.0295791625976563 -0.034210205078125 0.0432167053222656 -0.0308570861816406
0.0518379211425781 -0.0144615173339844 0.0189533233642578 -0.0160198211669922
0.0578079223632813 0.0221405029296875 0.00941085815429688 -0.0260868072509766
0.02716064453125 0.0715484619140625 0.0207748413085937 -0.0611152648925781
-0.0125732421875 0.0975494384765625 0.0605545043945313 -0.0758895874023438
-0.049407958984375 0.09326171875 0.0809402465820313 -0.0441055297851563
-0.0809860229492187 0.0852890014648438 0.104415893554688 0.0187149047851563
-0.0221786499023438 0.0830078125 0.0407638549804688 0.0239524841308594
0.00293731689453125 0.0621147155761719 0.0292778015136719 0.0513420104980469
0.0360527038574219 0.0419540405273437 0.0779037475585938 0.0497894287109375
0.0463905334472656 0.0126609802246094 0.0967254638671875 0.00394439697265625
0.0431861877441406 -0.0196266174316406 0.0906600952148438 -0.0482559204101563
0.0371627807617188 -0.0440864562988281 0.0668869018554688 -0.0684890747070312
0.0390129089355469 -0.0429801940917969 0.0450172424316406 -0.0566177368164063
0.0421867370605469 -0.0490875244140625 0.0376319885253906 -0.0364761352539063
0.0621414184570313 -0.0380401611328125 0.0340709686279297 -0.0200824737548828
0.07916259765625 -0.00070953369140625 0.00815057754516602 -0.00794601440429688
0.07342529296875 0.0445480346679688 -0.000228881835937496 -0.0188541412353516
0.0173873901367188 0.0977630615234375 0.0074462890625 -0.0512008666992187
-0.0391693115234375 0.119285583496094 0.0437736511230469 -0.0532760620117187
-0.083282470703125 0.103736877441406 0.0538291931152344 -0.0169906616210937
-0.119392395019531 0.0811004638671875 0.0709152221679687 0.0524215698242188
-0.0631866455078125 0.104034423828125 0.0219802856445312 0.0559196472167969
-0.0164871215820312 0.100364685058594 0.022796630859375 0.0681266784667969
0.0470199584960938 0.0797042846679688 0.0690193176269531 0.061279296875
0.07379150390625 0.0334930419921875 0.0822830200195312 0.0159378051757813
0.0767135620117188 -0.0213165283203125 0.0751495361328125 -0.0314483642578125
0.063323974609375 -0.0550117492675781 0.0544815063476563 -0.045166015625
0.0614547729492188 -0.0521736145019531 0.0328426361083984 -0.0329036712646484
0.0673904418945313 -0.0589981079101562 0.0231189727783203 -0.0152854919433594
0.0852890014648438 -0.0401153564453125 0.0171308517456055 -0.00527763366699219
0.09588623046875 0.0091400146484375 -0.00686359405517578 0.000416755676269532
0.0818099975585938 0.0580825805664063 -0.0105133056640625 -0.0132884979248047
0.00959014892578125 0.110893249511719 -0.00141143798828125 -0.0397911071777344
-0.0571212768554688 0.1263427734375 0.0297451019287109 -0.0261497497558594
-0.104904174804688 0.10150146484375 0.0202579498291016 0.0107326507568359
-0.137153625488281 0.0602035522460937 0.0236663818359375 0.0805282592773438
-0.0950469970703125 0.100440979003906 -0.00870513916015626 0.0851516723632813
-0.0407562255859375 0.116539001464844 0.0088043212890625 0.08172607421875
0.0417709350585938 0.105583190917969 0.0498847961425781 0.0683975219726563
0.0844802856445313 0.0522384643554688 0.0566177368164063 0.0262832641601563
0.09710693359375 -0.0158157348632813 0.0493431091308594 -0.0117073059082031
0.0798492431640625 -0.0562210083007813 0.0337543487548828 -0.0157241821289063
0.0743942260742188 -0.0532455444335938 0.0153961181640625 -0.00365829467773438
0.0821380615234375 -0.060455322265625 0.00387954711914063 0.00983810424804687
0.0967178344726563 -0.0382537841796875 -0.00440502166748046 0.0119390487670898
0.101203918457031 0.0177154541015625 -0.024200439453125 0.00832366943359375
0.0803756713867188 0.0667800903320313 -0.0209693908691406 -0.00995826721191406
-0.0015869140625 0.112594604492188 -0.00550651550292968 -0.0303134918212891
-0.0714111328125 0.117774963378906 0.0179119110107422 0.00070381164550782
-0.116096496582031 0.0846023559570313 -0.0166740417480469 0.0351715087890625
-0.127891540527344 0.0265426635742188 -0.0250244140625 0.0975723266601562
-0.105735778808594 0.0716018676757813 -0.0419998168945313 0.103202819824219
-0.059844970703125 0.102470397949219 -0.00764465332031251 0.0869369506835938
0.0224609375 0.108085632324219 0.0250511169433594 0.0668258666992188
0.0751876831054688 0.062713623046875 0.0268440246582031 0.0307350158691406
0.0985031127929688 -0.0051727294921875 0.0190715789794922 0.00749778747558594
0.0830764770507812 -0.047698974609375 0.0086212158203125 0.0130081176757812
0.0756454467773437 -0.0462875366210938 -0.004241943359375 0.0249366760253906
0.0841903686523438 -0.0535202026367188 -0.0172042846679688 0.0346660614013672
0.0960922241210938 -0.031158447265625 -0.0289897918701172 0.02752685546875
0.0956573486328125 0.02349853515625 -0.0433349609375 0.0138931274414063
0.0703887939453125 0.069793701171875 -0.0313720703125 -0.00975799560546875
-0.0142669677734375 0.104072570800781 -0.0089263916015625 -0.0242786407470703
-0.0816726684570312 0.096343994140625 0.00495719909667968 0.0213642120361328
-0.115791320800781 0.056060791015625 -0.0547637939453125 0.0500221252441406
-0.0945205688476563 -0.0119171142578125 -0.0660781860351562 0.100311279296875
-0.0917434692382813 0.0282440185546875 -0.0674819946289063 0.108436584472656
-0.0645179748535156 0.0639266967773437 -0.0194778442382813 0.0837249755859375
-0.0017547607421875 0.086181640625 0.0042572021484375 0.058197021484375
0.0499153137207031 0.05889892578125 -0.000196456909179682 0.0291709899902344
0.0807647705078125 0.00611114501953125 -0.00996398925781249 0.0217266082763672
0.07208251953125 -0.031219482421875 -0.016204833984375 0.0377273559570313
0.065765380859375 -0.0322380065917969 -0.0230598449707031 0.0497550964355469
0.0738601684570312 -0.0390548706054687 -0.0366401672363281 0.0559158325195313
0.083251953125 -0.02044677734375 -0.052398681640625 0.0406379699707031
0.0800247192382813 0.0262680053710938 -0.0620040893554688 0.0172462463378906
0.05438232421875 0.0649795532226563 -0.0430717468261719 -0.01220703125
-0.0257034301757813 0.0865936279296875 -0.0135326385498047 -0.0223636627197266
-0.0838699340820313 0.0661087036132812 -0.0104236602783203 0.0338592529296875
-0.1043701171875 0.0206069946289062 -0.09039306640625 0.0543441772460937
-0.0454978942871094 -0.0488166809082031 -0.0879974365234375 0.0924148559570312
-0.0607681274414063 -0.019256591796875 -0.078460693359375 0.101837158203125
-0.0556182861328125 0.0136947631835938 -0.0225296020507812 0.0751495361328125
-0.0235939025878906 0.0479164123535156 -0.00868225097656251 0.0466537475585938
0.0167045593261719 0.04449462890625 -0.0177497863769531 0.0240898132324219
0.0491561889648438 0.0162010192871094 -0.0310478210449219 0.0302162170410156
0.0497283935546875 -0.0105934143066406 -0.0348358154296875 0.0540657043457031
0.0457115173339844 -0.0143280029296875 -0.0377845764160156 0.0670204162597656
0.0532951354980469 -0.0205764770507813 -0.0537338256835937 0.0708465576171875
0.0599327087402344 -0.00902938842773438 -0.0731201171875 0.0491256713867187
0.0561294555664063 0.0239143371582031 -0.078582763671875 0.018310546875
0.0350189208984375 0.0513992309570313 -0.0550689697265625 -0.0159759521484375
-0.0302352905273438 0.0605278015136719 -0.0209884643554688 -0.0230388641357422
-0.0741348266601563 0.030029296875 -0.0282020568847656 0.0364990234375
-0.07891845703125 -0.0164031982421875 -0.120040893554687 0.0462265014648438
0.0223808288574219 0.0513038635253906 0.125106811523438 -0.0464630126953125
0.0499420166015625 0.00188446044921875 0.0418853759765625 -0.0259017944335937
0.0194683074951172 -0.0307483673095703 0.0252647399902344 0.0260543823242187
-0.00907516479492188 -0.0302925109863281 0.0742263793945312 0.02850341796875
-0.0245819091796875 -0.0167179107666016 0.0992431640625 -0.0196304321289062
-0.0326976776123047 0.00224113464355469 0.0908889770507813 -0.0710678100585937
-0.0247974395751953 -0.000797271728515624 0.0621414184570313 -0.09368896484375
-0.0208740234375 -0.00677299499511719 0.0439224243164063 -0.0827407836914063
-0.0267505645751953 -0.0114612579345703 0.0414543151855469 -0.0645065307617188
-0.0118560791015625 -0.0292434692382812 0.0419349670410156 -0.044921875
0.01666259765625 -0.0343723297119141 0.0237789154052734 -0.0277900695800781
0.0402793884277344 -0.0132789611816406 0.0166473388671875 -0.0388565063476563
0.0465278625488281 0.032196044921875 0.03411865234375 -0.0750961303710938
0.0290260314941406 0.0658378601074219 0.0755386352539063 -0.102531433105469
-0.00145721435546875 0.0751571655273438 0.0998153686523438 -0.0800857543945313
-0.0290756225585938 0.0799484252929688 0.127799987792969 -0.0208587646484375
0.0212821960449219 0.048919677734375 0.0483322143554687 -0.00684356689453125
0.0174970626831055 0.0167570114135742 0.0313873291015625 0.036895751953125
0.0177059173583984 0.00292015075683594 0.082763671875 0.0371170043945313
0.0125856399536133 -0.00576591491699219 0.105201721191406 -0.0128097534179688
0.00525188446044922 -0.0126066207885742 0.0969772338867188 -0.068450927734375
0.00582313537597656 -0.0275154113769531 0.0674972534179688 -0.0924758911132813
0.0090179443359375 -0.0299148559570313 0.0460968017578125 -0.0796356201171875
0.00849533081054687 -0.0356636047363281 0.0421791076660156 -0.0588798522949219
0.0291595458984375 -0.0380096435546875 0.0427665710449219 -0.0388679504394531
0.0541152954101563 -0.0183982849121094 0.0198211669921875 -0.0211811065673828
0.0627975463867188 0.0197105407714844 0.0102386474609375 -0.0301036834716797
0.03350830078125 0.074493408203125 0.0198974609375 -0.0657577514648438
-0.00727844238281251 0.1041259765625 0.060028076171875 -0.0850906372070313
-0.047393798828125 0.101272583007812 0.0850372314453125 -0.0548171997070312
-0.0811386108398437 0.0970230102539063 0.111968994140625 0.0135421752929688
-0.0185317993164062 0.090911865234375 0.042877197265625 0.0219383239746094
0.00785064697265626 0.0680007934570313 0.0325164794921875 0.0536537170410156
0.0420913696289063 0.04278564453125 0.0846633911132813 0.0487518310546875
0.0513381958007812 0.0101547241210938 0.102699279785156 -0.00139617919921875
0.0454788208007813 -0.0236854553222656 0.0926666259765625 -0.0571060180664063
0.0367431640625 -0.049835205078125 0.0647354125976563 -0.0778884887695313
0.0379142761230469 -0.0491867065429687 0.0419044494628906 -0.0637588500976563
0.0418930053710938 -0.0556640625 0.0352096557617187 -0.0432167053222656
0.0636711120605469 -0.0456008911132813 0.033233642578125 -0.0265693664550781
0.0837326049804688 -0.006500244140625 0.00824069976806641 -0.0122013092041016
0.0809783935546875 0.0422744750976562 -5.91278076171811E-05 -0.0222225189208984
0.0255355834960938 0.103622436523438 0.00617599487304688 -0.055023193359375
-0.0335540771484375 0.130157470703125 0.0436897277832031 -0.0602569580078125
-0.0821914672851563 0.115509033203125 0.0578422546386719 -0.0242080688476562
-0.121971130371094 0.095855712890625 0.0779876708984375 0.0510330200195313
-0.06005859375 0.116058349609375 0.0244598388671875 0.05670166015625
-0.0103912353515625 0.110649108886719 0.0261688232421875 0.0712814331054688
0.05615234375 0.08203125 0.0755081176757813 0.0614547729492188
0.0819244384765625 0.0296783447265625 0.0878448486328125 0.0125808715820313
0.0807342529296875 -0.0283737182617188 0.0771865844726562 -0.0373916625976563
0.0628662109375 -0.0643272399902344 0.0535697937011719 -0.0519256591796875
0.0607337951660156 -0.061676025390625 0.0314445495605469 -0.0382041931152344
0.0672035217285156 -0.0689163208007813 0.0213184356689453 -0.0189094543457031
0.0874176025390625 -0.0499725341796875 0.0165290832519531 -0.00900554656982422
0.103218078613281 0.0019989013671875 -0.00728988647460937 -0.00165367126464844
0.0919647216796875 0.0560455322265625 -0.0113677978515625 -0.0158224105834961
0.0188751220703125 0.119247436523438 -0.00304794311523438 -0.0431098937988281
-0.0510940551757812 0.139717102050781 0.0297660827636719 -0.0314407348632812
-0.104843139648437 0.115379333496094 0.0243186950683594 0.00694847106933594
-0.142684936523438 0.07513427734375 0.0290374755859375 0.0837020874023438
-0.093902587890625 0.114845275878906 -0.00605010986328125 0.0892562866210938
-0.0350341796875 0.129783630371094 0.0123825073242187 0.0857315063476563
0.0527114868164062 0.109672546386719 0.0551376342773438 0.0692825317382813
0.0946273803710937 0.0490493774414063 0.061431884765625 0.0252838134765625
0.102279663085938 -0.0240631103515625 0.0518112182617188 -0.0134849548339844
0.080291748046875 -0.067108154296875 0.0341072082519531 -0.0196094512939453
0.0742568969726563 -0.0634765625 0.0156164169311523 -0.00635051727294922
0.082183837890625 -0.0717926025390625 0.00328922271728516 0.0100183486938477
0.0995941162109375 -0.0490341186523438 -0.00562477111816405 0.0110340118408203
0.110221862792969 0.0098114013671875 -0.0262012481689453 0.00875473022460937
0.0917510986328125 0.0651397705078125 -0.0228023529052734 -0.0111312866210937
0.00743103027343749 0.121871948242188 -0.00738906860351563 -0.0329399108886719
-0.0669403076171875 0.131950378417969 0.0193805694580078 -0.00222396850585937
-0.117401123046875 0.098419189453125 -0.0145149230957031 0.0356330871582031
-0.134613037109375 0.038848876953125 -0.0215911865234375 0.10491943359375
-0.10772705078125 0.0845870971679688 -0.0394973754882812 0.110450744628906
-0.0560073852539062 0.115859985351563 -0.00482940673828126 0.0914840698242188
0.0325546264648438 0.113739013671875 0.0292091369628906 0.0694160461425781
0.0855789184570313 0.0600509643554688 0.0293941497802734 0.0327835083007813
0.104621887207031 -0.0131378173828125 0.0206203460693359 0.00900459289550781
0.0839767456054688 -0.0580902099609375 0.0103063583374023 0.0135583877563477
0.076507568359375 -0.0561370849609375 -0.00277137756347656 0.0257835388183594
0.0850372314453125 -0.064544677734375 -0.0167732238769531 0.037841796875
0.0990447998046875 -0.042022705078125 -0.0294818878173828 0.0301055908203125
0.104209899902344 0.017059326171875 -0.0464134216308594 0.0166473388671875
0.0813674926757813 0.0683517456054688 -0.0346527099609375 -0.0099353790283203
-0.00694274902343749 0.113265991210938 -0.0109272003173828 -0.0261936187744141
-0.0788116455078125 0.109901428222656 0.00689888000488281 0.0211467742919922
-0.118873596191406 0.0685043334960937 -0.0537567138671875 0.0541191101074219
-0.101394653320313 -0.00441741943359374 -0.06524658203125 0.111740112304688
-0.095611572265625 0.0377273559570313 -0.0665283203125 0.117263793945312
-0.0645980834960938 0.0747833251953125 -0.0169219970703125 0.0890884399414063
0.00562286376953126 0.092254638671875 0.006011962890625 0.0622024536132813
0.0584831237792969 0.0583724975585937 0.000810623168945316 0.0328578948974609
0.0862197875976562 -0.000213623046875 -0.00920486450195312 0.0265750885009766
0.0734176635742188 -0.0397415161132813 -0.013458251953125 0.0414466857910156
0.0663604736328125 -0.0408859252929688 -0.0201454162597656 0.05438232421875
0.0748062133789063 -0.04852294921875 -0.0356063842773437 0.0619659423828125
0.0863418579101563 -0.0294189453125 -0.0535964965820312 0.0463981628417969
0.0874862670898437 0.0213165283203125 -0.0656051635742188 0.0220146179199219
0.0636405944824219 0.06402587890625 -0.047271728515625 -0.011138916015625
-0.02044677734375 0.0947189331054687 -0.0160541534423828 -0.0233249664306641
-0.0829238891601563 0.0774765014648437 -0.00843429565429688 0.035858154296875
-0.108352661132812 0.0299453735351562 -0.0923004150390625 0.061553955078125
-0.0521278381347656 -0.0472145080566406 -0.088836669921875 0.104591369628906
-0.0652542114257813 -0.0148162841796875 -0.0778121948242188 0.112388610839844
-0.0581741333007812 0.0201644897460937 -0.0207977294921875 0.080047607421875
-0.0199432373046875 0.0534629821777344 -0.00808334350585938 0.0506210327148437
0.0219917297363281 0.0444908142089844 -0.0178718566894531 0.0290470123291016
0.052947998046875 0.0126953125 -0.0305633544921875 0.03680419921875
0.0513420104980469 -0.015625 -0.0319061279296875 0.0605087280273437
0.0468330383300781 -0.0196914672851562 -0.03424072265625 0.0736846923828125
0.0541419982910156 -0.0264015197753906 -0.052215576171875 0.0794830322265625
0.0619316101074219 -0.01507568359375 -0.074615478515625 0.05755615234375
0.060882568359375 0.0206146240234375 -0.0830535888671875 0.0245590209960938
0.0410308837890625 0.0512504577636719 -0.0599594116210938 -0.0139656066894531
-0.0275077819824219 0.066925048828125 -0.0233192443847656 -0.0241432189941406
-0.0752639770507813 0.038177490234375 -0.0265693664550781 0.0395050048828125
-0.08294677734375 -0.0115127563476563 -0.1241455078125 0.0556411743164063
0.0268821716308594 0.0509986877441406 0.126533508300781 -0.058685302734375
0.0509452819824219 -0.00162506103515625 0.0404777526855469 -0.0293655395507813
0.017578125 -0.0328426361083984 0.0275325775146484 0.0262660980224609
-0.0119476318359375 -0.0298976898193359 0.07891845703125 0.0244293212890625
-0.0273933410644531 -0.0145225524902344 0.100898742675781 -0.0285873413085938
-0.0328941345214844 0.00632095336914063 0.0873794555664063 -0.082427978515625
-0.0251121520996094 0.00161933898925781 0.0551910400390625 -0.103805541992188
-0.022064208984375 -0.004791259765625 0.03692626953125 -0.09002685546875
-0.0276050567626953 -0.00900459289550781 0.0356216430664062 -0.0716400146484375
-0.0148658752441406 -0.0283336639404297 0.0380020141601563 -0.0525169372558594
0.0135154724121094 -0.036376953125 0.0232715606689453 -0.0333328247070313
0.0403976440429688 -0.0168609619140625 0.0161819458007813 -0.0431251525878906
0.0508499145507812 0.0286331176757812 0.0308074951171875 -0.08001708984375
0.03521728515625 0.0649261474609375 0.0706253051757813 -0.112548828125
0.00437164306640625 0.0770034790039063 0.0982818603515625 -0.0944137573242187
-0.023834228515625 0.0865859985351563 0.131187438964844 -0.0319747924804687
0.0254173278808594 0.0496482849121094 0.0477447509765625 -0.0107345581054687
0.0197887420654297 0.017333984375 0.0340461730957031 0.0375099182128906
0.0191001892089844 0.00211143493652344 0.0884780883789062 0.0325851440429688
0.0129060745239258 -0.00658607482910156 0.107627868652344 -0.0217971801757813
0.00534915924072265 -0.0131740570068359 0.093719482421875 -0.0795974731445312
0.00366020202636719 -0.0291767120361328 0.0606460571289062 -0.102348327636719
0.00671005249023437 -0.0322189331054688 0.0389862060546875 -0.0868453979492188
0.00639724731445312 -0.0381317138671875 0.0365753173828125 -0.0662498474121094
0.026885986328125 -0.041717529296875 0.0389556884765625 -0.0471343994140625
0.0539474487304688 -0.0237083435058594 0.0190677642822266 -0.0263614654541016
0.0661659240722656 0.01531982421875 0.00984764099121094 -0.0339279174804688
0.0407867431640625 0.07421875 0.0165023803710938 -0.0697555541992188
0.00110626220703125 0.10888671875 0.0562057495117188 -0.0933609008789063
-0.0408554077148437 0.108795166015625 0.0852203369140625 -0.0672760009765625
-0.0765838623046875 0.108856201171875 0.117080688476563 0.00484466552734376
-0.011810302734375 0.0972518920898438 0.0442085266113281 0.0190238952636719
0.0146102905273438 0.0722427368164063 0.0361175537109375 0.0537567138671875
0.0484771728515625 0.0416069030761719 0.0907745361328125 0.0447769165039063
0.0546188354492187 0.00578689575195312 0.105270385742188 -0.009521484375
0.0457839965820313 -0.0288848876953125 0.0906906127929688 -0.0667953491210938
0.0333213806152344 -0.0559463500976563 0.059417724609375 -0.0868911743164063
0.0343132019042969 -0.0556221008300781 0.035919189453125 -0.0705108642578125
0.0383720397949219 -0.06243896484375 0.030975341796875 -0.0486564636230469
0.0616874694824219 -0.0531578063964844 0.0303726196289063 -0.0335407257080078
0.0866012573242188 -0.014678955078125 0.00741004943847657 -0.0161590576171875
0.08831787109375 0.0368881225585938 -0.00107383728027343 -0.0251235961914062
0.0362930297851563 0.1063232421875 0.00286865234375 -0.0582542419433594
-0.02325439453125 0.138900756835938 0.0406608581542969 -0.0666465759277343
-0.0759124755859375 0.127418518066406 0.0596275329589844 -0.033660888671875
-0.118782043457031 0.111572265625 0.0843734741210937 0.0465621948242188
-0.0522842407226563 0.127006530761719 0.0277786254882812 0.0560111999511719
-7.62939453125111E-05 0.118293762207031 0.0308761596679688 0.07220458984375
0.0670318603515625 0.08099365234375 0.0815887451171875 0.0576629638671875
0.0882339477539063 0.0230331420898438 0.0910186767578125 0.00689697265625
0.0815963745117188 -0.0375823974609375 0.0766372680664063 -0.0444183349609375
0.0587310791015625 -0.072845458984375 0.050140380859375 -0.0588874816894531
0.05670166015625 -0.0703125 0.0271453857421875 -0.0428810119628906
0.06292724609375 -0.0790557861328125 0.0189018249511719 -0.0222187042236328
0.085723876953125 -0.0612258911132813 0.0144100189208984 -0.0135860443115234
0.108123779296875 -0.0082244873046875 -0.00883007049560546 -0.00337314605712891
0.101661682128906 0.0498199462890625 -0.0128021240234375 -0.0169429779052734
0.0309219360351563 0.122909545898438 -0.0059814453125 -0.0452003479003906
-0.04058837890625 0.151397705078125 0.028900146484375 -0.036163330078125
-0.0991668701171875 0.129692077636719 0.0265083312988281 0.00208091735839845
-0.141708374023437 0.0926055908203125 0.0365753173828125 0.084564208984375
-0.0874099731445312 0.129135131835938 -0.000709533691406252 0.0915145874023438
-0.0232009887695312 0.140213012695313 0.0175399780273438 0.088043212890625
0.065765380859375 0.109748840332031 0.0608673095703125 0.0680580139160156
0.103660583496094 0.0412521362304688 0.064697265625 0.0229110717773438
0.10491943359375 -0.0353775024414062 0.051971435546875 -0.0166130065917969
0.0764312744140625 -0.0778045654296875 0.0327911376953125 -0.0230579376220703
0.0703277587890625 -0.0742034912109375 0.0141572952270508 -0.00858211517333985
0.0776214599609375 -0.0840225219726562 0.00266838073730469 0.00965309143066406
0.0984878540039063 -0.0613174438476562 -0.00614261627197265 0.0101346969604492
0.116020202636719 -0.00115966796875 -0.0273952484130859 0.00955009460449219
0.102409362792969 0.0585556030273438 -0.0246734619140625 -0.0114078521728516
0.0198440551757813 0.1270751953125 -0.0101470947265625 -0.0343399047851562
-0.056610107421875 0.145126342773438 0.0200691223144531 -0.00506401062011718
-0.112960815429687 0.114181518554688 -0.0111637115478516 0.0350894927978516
-0.1368408203125 0.0542373657226563 -0.015228271484375 0.111320495605469
-0.104042053222656 0.0991744995117188 -0.033782958984375 0.116806030273437
-0.0469970703125 0.127845764160156 0.00055694580078124 0.0946807861328125
0.045562744140625 0.115867614746094 0.0336494445800781 0.0702018737792969
0.0953369140625 0.0537185668945312 0.0323410034179688 0.0334072113037109
0.107231140136719 -0.0246429443359375 0.022369384765625 0.0100936889648437
0.0810775756835938 -0.0694732666015625 0.012115478515625 0.013279914855957
0.0725936889648438 -0.0669097900390625 -0.00091934204101562 0.0265216827392578
0.0812225341796875 -0.0767974853515625 -0.0146598815917969 0.0409317016601562
0.0984649658203125 -0.0541305541992188 -0.0290908813476563 0.0329151153564453
0.110519409179687 0.00666046142578125 -0.0471153259277344 0.0203781127929687
0.091796875 0.0626220703125 -0.0373191833496094 -0.00811767578124999
0.00391387939453126 0.119560241699219 -0.0135650634765625 -0.0269317626953125
-0.0707473754882812 0.122917175292969 0.00966835021972656 0.0197944641113281
-0.116584777832031 0.08294677734375 -0.05096435546875 0.0590171813964844
-0.1060791015625 0.00652313232421873 -0.05987548828125 0.121902465820313
-0.0958709716796875 0.0487136840820313 -0.0607833862304688 0.126571655273438
-0.059234619140625 0.0859298706054687 -0.0126571655273438 0.0922393798828125
0.01544189453125 0.0957107543945313 0.00948715209960938 0.0638999938964844
0.0667533874511719 0.0541114807128906 0.00296783447265625 0.0360794067382813
0.0894927978515625 -0.00904083251953125 -0.00666618347167968 0.0308647155761719
0.0716629028320313 -0.0491790771484375 -0.00945663452148437 0.0441932678222656
0.0642433166503906 -0.0499305725097656 -0.0158004760742188 0.0575065612792969
0.0723419189453125 -0.0590286254882813 -0.0316123962402344 0.0681495666503906
0.0861968994140625 -0.0401153564453125 -0.0518341064453125 0.0527381896972656
0.0934524536132812 0.0125885009765625 -0.0671463012695312 0.0284652709960937
0.072479248046875 0.06005859375 -0.0511054992675781 -0.00852203369140625
-0.0121307373046875 0.101516723632813 -0.0187721252441406 -0.0235176086425781
-0.0779037475585938 0.0890731811523438 -0.0047760009765625 0.0365982055664063
-0.108352661132813 0.0416412353515625 -0.0903472900390625 0.070556640625
-0.0583229064941406 -0.0427780151367188 -0.0853500366210937 0.117599487304687
-0.0691947937011719 -0.008514404296875 -0.072509765625 0.122703552246094
-0.0578231811523438 0.0282783508300781 -0.0168609619140625 0.0836563110351562
-0.0150871276855469 0.0572891235351563 -0.00629806518554687 0.0538902282714844
0.027984619140625 0.0432357788085938 -0.0168304443359375 0.0340042114257812
0.0561370849609375 0.0069732666015625 -0.02752685546875 0.0431404113769531
0.0508193969726562 -0.022216796875 -0.0262107849121094 0.0660400390625
0.04595947265625 -0.0259284973144531 -0.0281143188476563 0.0794677734375
0.0531845092773438 -0.0332527160644531 -0.0465011596679688 0.0880661010742188
0.0622901916503906 -0.022216796875 -0.0725936889648438 0.0664138793945312
0.0652580261230469 0.014923095703125 -0.0849685668945313 0.0331573486328125
0.0477333068847656 0.0488548278808594 -0.0640220642089844 -0.0106468200683594
-0.0223007202148438 0.0719833374023438 -0.0258731842041016 -0.0241680145263672
-0.07354736328125 0.0465621948242188 -0.022796630859375 0.0422172546386719
-0.08551025390625 -0.00418090820312501 -0.124198913574219 0.0676727294921875
0.0302162170410156 0.0492019653320313 0.124519348144531 -0.0684356689453125
0.0503120422363281 -0.00487136840820313 0.0379791259765625 -0.0320091247558594
0.0157680511474609 -0.0339393615722656 0.02923583984375 0.0255756378173828
-0.014495849609375 -0.0290050506591797 0.0818405151367188 0.0197372436523437
-0.0288066864013672 -0.0111961364746094 0.0988693237304687 -0.0360565185546875
-0.0315341949462891 0.00951957702636719 0.0807952880859375 -0.0910720825195313
-0.0246829986572266 0.00445175170898438 0.0462799072265625 -0.109161376953125
-0.0227603912353516 -0.00296592712402344 0.0284271240234375 -0.0939102172851563
-0.0279541015625 -0.00690650939941406 0.0286178588867187 -0.0766754150390625
-0.0167560577392578 -0.0264701843261719 0.0322380065917969 -0.0577468872070313
0.00992965698242188 -0.0371131896972656 0.0214195251464844 -0.0385055541992188
0.03839111328125 -0.0201797485351563 0.0148658752441406 -0.0458183288574219
0.0529251098632813 0.024627685546875 0.026824951171875 -0.0825576782226563
0.0400276184082031 0.0627708435058594 0.0640640258789063 -0.118751525878906
0.00988769531249999 0.0766448974609375 0.0938720703125 -0.105171203613281
-0.0181198120117188 0.08978271484375 0.131149291992188 -0.0416946411132813
0.028778076171875 0.0494728088378906 0.0457229614257813 -0.0139999389648437
0.0222072601318359 0.0170364379882813 0.0363655090332031 0.0362205505371094
0.0203361511230469 0.00098419189453125 0.0912322998046875 0.0275802612304688
0.0129156112670898 -0.00752830505371094 0.106483459472656 -0.02978515625
0.00516033172607422 -0.0134239196777344 0.0877838134765625 -0.0878982543945313
0.00108718872070312 -0.0297489166259766 0.0514984130859375 -0.108421325683594
0.00393867492675781 -0.0332279205322266 0.03033447265625 -0.0910110473632813
0.00334930419921875 -0.0388870239257813 0.0298690795898438 -0.0706634521484375
0.0239067077636719 -0.0439834594726563 0.0337486267089844 -0.0527076721191406
0.0519828796386719 -0.0279045104980469 0.0174465179443359 -0.0312538146972656
0.0680313110351563 0.0102157592773438 0.00888442993164063 -0.0368728637695313
0.0472869873046875 0.0721282958984375 0.0130844116210937 -0.0716934204101562
0.00936126708984375 0.110527038574219 0.0502243041992187 -0.0990676879882813
-0.033538818359375 0.112785339355469 0.0820541381835938 -0.0772857666015625
-0.068878173828125 0.116851806640625 0.118904113769531 -0.00360107421874999
-0.00437927246093749 0.0998153686523437 0.0437088012695313 0.0160636901855469
0.0217971801757812 0.07318115234375 0.0387649536132813 0.0519790649414063
0.0528907775878906 0.0383758544921875 0.0938491821289063 0.0391921997070313
0.0560989379882813 0.00106048583984375 0.105140686035156 -0.01708984375
0.0445289611816406 -0.0331001281738281 0.0858306884765625 -0.0740890502929687
0.0285186767578125 -0.0593948364257813 0.0518264770507812 -0.0925521850585938
0.0289382934570313 -0.0593185424804688 0.0283355712890625 -0.0742340087890625
0.0330123901367188 -0.0673866271972656 0.0250892639160156 -0.052093505859375
0.0575637817382813 -0.0597190856933594 0.0258102416992188 -0.0387954711914063
0.0864105224609375 -0.0223541259765625 0.00556755065917969 -0.0194244384765625
0.0927734375 0.02960205078125 -0.00187110900878906 -0.0272006988525391
0.0453643798828125 0.105316162109375 -0.000110626220703116 -0.058685302734375
-0.0123748779296875 0.143783569335938 0.0361480712890625 -0.0712814331054687
-0.0672607421875 0.134750366210938 0.0585174560546875 -0.0422439575195312
-0.111557006835937 0.124069213867188 0.0880966186523438 0.0410385131835938
-0.042449951171875 0.133750915527344 0.0300254821777344 0.0541229248046875
0.0107955932617187 0.121658325195313 0.0342254638671875 0.0705490112304688
0.0752639770507813 0.076934814453125 0.0847854614257813 0.0539169311523438
0.0912857055664063 0.015289306640625 0.0917892456054688 0.00151824951171875
0.0801467895507813 -0.04473876953125 0.0738601684570312 -0.0494155883789062
0.0529403686523438 -0.0798797607421875 0.04473876953125 -0.06341552734375
0.0503082275390625 -0.07647705078125 0.022003173828125 -0.0457000732421875
0.0559463500976563 -0.086273193359375 0.0157833099365234 -0.0241508483886719
0.08123779296875 -0.0700912475585937 0.0114631652832031 -0.0169467926025391
0.108543395996094 -0.0184249877929687 -0.00991344451904296 -0.00482940673828125
0.107551574707031 0.0414505004882813 -0.0139923095703125 -0.0181522369384766
0.041961669921875 0.12347412109375 -0.00870132446289063 -0.0461196899414062
-0.0280914306640625 0.158096313476562 0.026947021484375 -0.0398139953613281
-0.090545654296875 0.139419555664063 0.0277118682861328 -0.00369644165039062
-0.135833740234375 0.106521606445313 0.0422592163085937 0.0833282470703125
-0.0774765014648437 0.137962341308594 0.00411987304687501 0.0913619995117188
-0.0115203857421875 0.146240234375 0.0212936401367187 0.0866851806640625
0.0768508911132813 0.105972290039063 0.064453125 0.0652046203613281
0.108314514160156 0.0322113037109375 0.0666046142578125 0.0194778442382813
0.10296630859375 -0.0448455810546875 0.0518798828125 -0.0191802978515625
0.0693817138671875 -0.0860977172851563 0.0312385559082031 -0.0262279510498047
0.063079833984375 -0.082183837890625 0.0122861862182617 -0.00989818572998047
0.0704421997070313 -0.0928268432617188 0.00293922424316407 0.0095071792602539
0.0934295654296875 -0.0717697143554688 -0.00716400146484374 0.00906085968017578
0.117774963378906 -0.0123748779296875 -0.0278663635253906 0.0104160308837891
0.109375 0.04949951171875 -0.0261917114257812 -0.0107860565185547
0.0315322875976562 0.12860107421875 -0.0123081207275391 -0.0345726013183594
-0.044464111328125 0.153121948242188 0.0204257965087891 -0.00803375244140624
-0.104804992675781 0.124618530273438 -0.00777626037597657 0.0331535339355469
-0.133872985839844 0.0679168701171875 -0.0081329345703125 0.114578247070313
-0.0965347290039063 0.109115600585938 -0.0268478393554688 0.119300842285156
-0.0362548828125 0.135017395019531 0.00463104248046875 0.0952072143554688
0.0568084716796875 0.114120483398438 0.0369415283203125 0.0693626403808594
0.100845336914063 0.0453567504882813 0.0347690582275391 0.0334606170654297
0.106513977050781 -0.034332275390625 0.0243396759033203 0.00993537902832031
0.0747909545898437 -0.0773086547851563 0.0130500793457031 0.0122909545898437
0.0665512084960938 -0.074859619140625 0.000528335571289066 0.0268306732177734
0.0742721557617188 -0.08587646484375 -0.0120315551757812 0.0426521301269531
0.0943984985351563 -0.0646133422851563 -0.0281639099121094 0.0343551635742187
0.112983703613281 -0.0040283203125 -0.0469818115234375 0.0231437683105469
0.0988006591796875 0.0548248291015625 -0.0387687683105469 -0.00626373291015624
0.0149154663085937 0.1219482421875 -0.0157070159912109 -0.0270309448242187
-0.0607376098632813 0.131439208984375 0.0117778778076172 0.0179252624511719
-0.110527038574219 0.0936203002929688 -0.0463981628417969 0.0611038208007813
-0.106414794921875 0.0167083740234375 -0.0525054931640625 0.129096984863281
-0.0923309326171875 0.0580825805664063 -0.0532150268554688 0.131248474121094
-0.0522384643554688 0.0932693481445313 -0.00836181640625 0.0933761596679688
0.0244979858398437 0.095916748046875 0.0115547180175781 0.0648231506347656
0.0721893310546875 0.0482254028320313 0.00545120239257813 0.0383529663085938
0.0895843505859375 -0.0179443359375 -0.00289344787597656 0.0335369110107422
0.0673828125 -0.0563201904296875 -0.00529098510742187 0.0459251403808594
0.0598411560058594 -0.0560531616210938 -0.0111007690429687 0.05877685546875
0.0671157836914063 -0.0667533874511719 -0.0261154174804687 0.0713348388671875
0.0825653076171875 -0.0489120483398438 -0.0486335754394531 0.0568504333496094
0.0958480834960937 0.0037841796875 -0.0662078857421875 0.0338172912597656
0.078460693359375 0.0542526245117188 -0.0528373718261719 -0.00529098510742187
-0.002838134765625 0.1044921875 -0.0206012725830078 -0.0233783721923828
-0.07049560546875 0.0972747802734375 -0.00147247314453125 0.0362052917480469
-0.105278015136719 0.0509719848632813 -0.0858383178710938 0.0764846801757813
-0.0616226196289063 -0.0370941162109375 -0.0789718627929687 0.127021789550781
-0.0700912475585938 -0.00199127197265624 -0.065643310546875 0.128372192382812
-0.0556373596191406 0.0347824096679687 -0.0130538940429688 0.084991455078125
-0.00916671752929687 0.059783935546875 -0.00475692749023438 0.0561561584472656
0.0322456359863281 0.0404624938964844 -0.0143165588378906 0.0378303527832031
0.0571098327636719 0.00123977661132812 -0.022674560546875 0.0481338500976563
0.0484199523925781 -0.026947021484375 -0.0198745727539062 0.0690269470214844
0.0433616638183594 -0.030548095703125 -0.0210189819335938 0.0819778442382813
0.0500068664550781 -0.0391731262207031 -0.0388946533203125 0.093048095703125
0.0602760314941406 -0.0281524658203125 -0.0680465698242187 0.073211669921875
0.0675201416015625 0.0088653564453125 -0.0836257934570312 0.040252685546875
0.0518569946289063 0.0448646545410156 -0.06610107421875 -0.00591659545898438
-0.016387939453125 0.07476806640625 -0.0279464721679688 -0.0230159759521484
-0.0697135925292969 0.0535240173339844 -0.0189094543457031 0.0436019897460938
-0.0848236083984375 0.00293731689453125 -0.1202392578125 0.0769577026367187
0.0322952270507813 0.0482406616210938 0.122184753417969 -0.0741424560546875
0.0499382019042969 -0.00664901733398438 0.035858154296875 -0.0328865051269531
0.0137481689453125 -0.0344142913818359 0.0300979614257813 0.0259933471679687
-0.0157833099365234 -0.0283527374267578 0.08294677734375 0.0167770385742187
-0.0289325714111328 -0.00899696350097656 0.0970382690429688 -0.0407485961914063
-0.0298652648925781 0.0115547180175781 0.07513427734375 -0.0948562622070313
-0.0240230560302734 0.00635147094726563 0.0393829345703125 -0.111679077148438
-0.0231456756591797 -0.00149345397949219 0.0224685668945313 -0.0950775146484375
-0.0275688171386719 -0.00521469116210937 0.0229034423828125 -0.0785446166992187
-0.0183277130126953 -0.0249805450439453 0.0272369384765625 -0.0606155395507813
0.00757217407226563 -0.0369071960449219 0.019317626953125 -0.041717529296875
0.0373115539550781 -0.0215606689453125 0.0145835876464844 -0.0485877990722656
0.054168701171875 0.0216255187988281 0.0242233276367188 -0.0834121704101563
0.04278564453125 0.0604248046875 0.0588531494140625 -0.121780395507813
0.012908935546875 0.0758819580078125 0.0894546508789063 -0.112297058105469
-0.013946533203125 0.0913619995117188 0.129348754882813 -0.047698974609375
0.0313377380371094 0.0491752624511719 0.0439605712890625 -0.0151710510253906
0.0238056182861328 0.0167465209960938 0.0366439819335938 0.0358543395996094
0.0209236145019531 0.000110626220703125 0.0919189453125 0.0242691040039063
0.0125942230224609 -0.00811576843261719 0.104522705078125 -0.0345687866210938
0.00549125671386719 -0.0136899948120117 0.0822830200195313 -0.0925140380859375
-0.000322341918945315 -0.0297527313232422 0.044891357421875 -0.110786437988281
0.00170135498046875 -0.0336151123046875 0.0234603881835937 -0.0926132202148437
0.00119400024414063 -0.0396003723144531 0.0240859985351563 -0.0728607177734375
0.0216217041015625 -0.0454330444335938 0.0284271240234375 -0.0564842224121094
0.0503005981445312 -0.0304946899414063 0.0151252746582031 -0.0343399047851563
0.0686683654785156 0.00696945190429687 0.00850677490234375 -0.0385780334472656
0.0506820678710938 0.0703964233398438 0.0116043090820313 -0.0719680786132813
0.014923095703125 0.110015869140625 0.0463333129882812 -0.101509094238281
-0.0287933349609375 0.114974975585938 0.0793685913085938 -0.0849075317382812
-0.0637435913085938 0.121772766113281 0.118759155273437 -0.00908660888671874
0.00104522705078125 0.101448059082031 0.0431861877441406 0.014068603515625
0.0271072387695312 0.07391357421875 0.0395431518554688 0.0511589050292969
0.0559349060058594 0.0357093811035156 0.0945816040039063 0.0362701416015625
0.0562705993652344 -0.00205230712890625 0.103065490722656 -0.021148681640625
0.0433769226074219 -0.0359954833984375 0.0817794799804688 -0.077667236328125
0.0246543884277344 -0.0609588623046875 0.0454025268554688 -0.0949935913085938
0.0252532958984375 -0.0610923767089844 0.0226821899414062 -0.0751724243164062
0.0285682678222656 -0.0696830749511719 0.020355224609375 -0.0541419982910156
0.0539779663085938 -0.06329345703125 0.0211105346679688 -0.0421066284179688
0.0851287841796875 -0.0279006958007812 0.00395202636718751 -0.0221500396728516
0.0945587158203125 0.0247650146484375 -0.00253677368164062 -0.0288963317871094
0.0517654418945312 0.104026794433594 -0.00174331665039062 -0.0592536926269531
-0.00428771972656248 0.145233154296875 0.0334701538085938 -0.0738296508789062
-0.061126708984375 0.138946533203125 0.0571403503417969 -0.0485725402832031
-0.105598449707031 0.131156921386719 0.0903854370117188 0.0373992919921875
-0.0353851318359375 0.136894226074219 0.0306625366210938 0.0522232055664063
0.0185546875 0.122749328613281 0.0348968505859375 0.0697784423828125
0.08087158203125 0.0728607177734375 0.0859375 0.0510482788085938
0.0927886962890625 0.00983428955078125 0.0912704467773438 -0.00170135498046875
0.0777435302734375 -0.0498199462890625 0.0713958740234375 -0.0524444580078125
0.0474777221679688 -0.0831756591796875 0.0405616760253906 -0.0656318664550781
0.0449981689453125 -0.080230712890625 0.0185775756835938 -0.0471382141113281
0.050140380859375 -0.0906829833984375 0.0126457214355469 -0.0256443023681641
0.076629638671875 -0.0758819580078125 0.00788879394531251 -0.0192737579345703
0.107856750488281 -0.0251922607421875 -0.0116081237792969 -0.00655651092529297
0.110443115234375 0.0350494384765625 -0.0144176483154297 -0.0189323425292969
0.0503387451171875 0.122520446777344 -0.0102310180664062 -0.0458641052246094
-0.0188140869140625 0.161483764648438 0.0249481201171875 -0.0423126220703125
-0.08367919921875 0.14471435546875 0.0282497406005859 -0.00849342346191405
-0.13006591796875 0.11541748046875 0.0458908081054687 0.0822067260742188
-0.0696258544921875 0.143096923828125 0.00652313232421874 0.09088134765625
-0.00189208984375001 0.148574829101563 0.0226211547851563 0.0861587524414063
0.0838470458984375 0.1024169921875 0.0652389526367188 0.0633811950683594
0.110115051269531 0.0257415771484375 0.0668754577636719 0.0179672241210937
0.100502014160156 -0.0513992309570313 0.0512619018554688 -0.0203018188476563
0.0638427734375 -0.090240478515625 0.0296306610107422 -0.0271930694580078
0.0576629638671875 -0.0861358642578125 0.0111923217773438 -0.0108976364135742
0.0638885498046875 -0.0983734130859375 0.00234699249267579 0.00913047790527343
0.0887603759765625 -0.0783767700195313 -0.00890159606933593 0.00797653198242187
0.117645263671875 -0.0201950073242188 -0.0287246704101562 0.0104560852050781
0.112838745117188 0.0431365966796875 -0.0267257690429687 -0.0105419158935547
0.0397872924804687 0.128364562988281 -0.0138759613037109 -0.0343551635742187
-0.0354461669921875 0.15753173828125 0.0203742980957031 -0.0102310180664062
-0.0982742309570313 0.131050109863281 -0.00650596618652344 0.0309181213378906
-0.130630493164063 0.0760040283203125 -0.00341033935546876 0.116188049316406
-0.0903701782226562 0.115493774414063 -0.0229034423828125 0.119575500488281
-0.0279388427734375 0.139083862304688 0.00657653808593749 0.0945281982421875
0.0637283325195313 0.111656188964844 0.0374183654785156 0.0689430236816406
0.103507995605469 0.0391693115234375 0.0362701416015625 0.033538818359375
0.104049682617188 -0.0412368774414063 0.0255451202392578 0.0104885101318359
0.069183349609375 -0.082275390625 0.014068603515625 0.0120649337768555
0.06146240234375 -0.0792160034179688 0.00154876708984376 0.0261096954345703
0.0684280395507812 -0.0914459228515625 -0.0100135803222656 0.0434112548828125
0.0897216796875 -0.0712509155273438 -0.0273628234863281 0.0352401733398437
0.11309814453125 -0.0121612548828125 -0.0468025207519531 0.025390625
0.102531433105469 0.0487289428710938 -0.0397987365722656 -0.00508499145507812
0.0222015380859375 0.122703552246094 -0.0168800354003906 -0.026641845703125
-0.0524063110351563 0.136573791503906 0.0125732421875 0.0163230895996094
-0.105262756347656 0.0999908447265625 -0.0439414978027344 0.0613479614257813
-0.105552673339844 0.0237350463867187 -0.0472869873046875 0.133125305175781
-0.089111328125 0.0638580322265625 -0.0484848022460938 0.132835388183594
-0.0460128784179688 0.09771728515625 -0.00632476806640625 0.0932693481445313
0.0306549072265625 0.09521484375 0.0123062133789063 0.0656242370605469
0.075347900390625 0.0431976318359375 0.00707626342773438 0.0403518676757812
0.0882644653320313 -0.0236663818359375 3.81469726562589E-05 0.0353546142578125
0.0629692077636719 -0.0609130859375 -0.00206375122070312 0.0464973449707031
0.0553054809570313 -0.0604171752929688 -0.00782012939453125 0.05914306640625
0.0624465942382812 -0.0715484619140625 -0.022216796875 0.073486328125
0.0792617797851563 -0.0547561645507813 -0.0463447570800781 0.0588645935058594
0.0962295532226562 -0.0025634765625 -0.0653419494628906 0.0372657775878906
0.0816192626953125 0.0491790771484375 -0.0534248352050781 -0.0027008056640625
0.00335693359375 0.105705261230469 -0.0217056274414063 -0.022613525390625
-0.0642318725585938 0.101890563964844 0.000684738159179686 0.0349254608154297
-0.101455688476563 0.0565872192382812 -0.082000732421875 0.0798187255859375
-0.063568115234375 -0.0327262878417969 -0.0743331909179688 0.132530212402344
-0.0700225830078125 0.00248336791992186 -0.061126708984375 0.130928039550781
-0.052886962890625 0.0387382507324219 -0.0114822387695312 0.0849227905273438
-0.00467300415039063 0.0604286193847656 -0.00394058227539063 0.0580940246582031
0.0350265502929688 0.0377693176269531 -0.0121803283691406 0.0407829284667969
0.0566825866699219 -0.00255966186523438 -0.0188026428222656 0.0509529113769531
0.0463790893554688 -0.0299263000488281 -0.01483154296875 0.0697669982910156
0.0406036376953125 -0.0331039428710938 -0.0155868530273437 0.0825119018554688
0.0472183227539062 -0.0421295166015625 -0.0335540771484375 0.09490966796875
0.0581512451171875 -0.0319595336914063 -0.0643386840820313 0.0767440795898438
0.0681953430175781 0.00453948974609375 -0.0823135375976563 0.0443878173828125
0.05419921875 0.0416221618652344 -0.0664710998535156 -0.00293350219726561
-0.01251220703125 0.076141357421875 -0.0288429260253906 -0.0227241516113281
-0.0657691955566406 0.0572013854980469 -0.0160903930664063 0.042999267578125
-0.0830535888671875 0.00675201416015625 -0.116806030273438 0.0825119018554687
0.0335617065429688 0.0481338500976563 0.123214721679688 -0.07904052734375
0.0503463745117188 -0.00737762451171875 0.0350456237792969 -0.0337047576904297
0.0131015777587891 -0.0350551605224609 0.0308628082275391 0.0267562866210937
-0.0174198150634766 -0.0278244018554688 0.0846633911132813 0.015716552734375
-0.0292453765869141 -0.00760841369628907 0.096343994140625 -0.0436248779296875
-0.0291805267333984 0.0123672485351562 0.07220458984375 -0.0983428955078125
-0.0235042572021484 0.0073089599609375 0.0358810424804687 -0.114608764648438
-0.0235939025878906 -0.000459671020507812 0.0184783935546875 -0.0969161987304688
-0.0281200408935547 -0.00429153442382813 0.0183639526367187 -0.08074951171875
-0.0193004608154297 -0.0241794586181641 0.024017333984375 -0.0639724731445313
0.0058441162109375 -0.0366630554199219 0.018524169921875 -0.0454788208007813
0.0363426208496094 -0.0232086181640625 0.0150032043457031 -0.0516548156738281
0.0553016662597656 0.0200042724609375 0.024627685546875 -0.0852508544921875
0.0447006225585938 0.0597724914550781 0.05767822265625 -0.125518798828125
0.01470947265625 0.0766372680664063 0.0889739990234375 -0.119575500488281
-0.0120620727539063 0.0943069458007813 0.130966186523438 -0.052093505859375
0.0332412719726563 0.0497055053710937 0.0437507629394531 -0.0160751342773437
0.0255775451660156 0.0173873901367188 0.0374641418457031 0.0369071960449219
0.0216903686523438 -0.000802993774414063 0.0940780639648438 0.0231475830078125
0.0131282806396484 -0.00863170623779297 0.104583740234375 -0.0364913940429688
0.00593090057373047 -0.0147790908813477 0.0802764892578125 -0.0955352783203125
-0.00145149230957032 -0.0299873352050781 0.0405120849609375 -0.113815307617188
-0.000192642211914064 -0.0343551635742188 0.0196990966796875 -0.0940704345703125
-0.000232696533203125 -0.0407142639160156 0.0199432373046875 -0.0749435424804688
0.019805908203125 -0.0470657348632813 0.0244674682617187 -0.0595741271972656
0.0496139526367187 -0.0325508117675781 0.0136795043945313 -0.0378265380859375
0.0699577331542969 0.00484848022460938 0.00884246826171875 -0.0414505004882813
0.0542793273925781 0.0697746276855469 0.0111770629882813 -0.0734481811523438
0.0185317993164062 0.112251281738281 0.0445632934570312 -0.105224609375
-0.02679443359375 0.118080139160156 0.0791702270507813 -0.0911941528320312
-0.0610504150390625 0.126678466796875 0.121414184570313 -0.0120620727539062
0.00437164306640624 0.1038818359375 0.0425376892089844 0.0135536193847656
0.0309677124023438 0.07550048828125 0.039459228515625 0.052520751953125
0.0591964721679688 0.0346488952636719 0.0962600708007812 0.0356063842773438
0.0574684143066406 -0.00418853759765625 0.10400390625 -0.0229339599609375
0.0434951782226563 -0.03875732421875 0.08038330078125 -0.0809707641601563
0.0223960876464844 -0.0634078979492188 0.0421142578125 -0.0977706909179688
0.0226058959960938 -0.063262939453125 0.0187759399414062 -0.0769882202148438
0.0261383056640625 -0.072723388671875 0.0174140930175781 -0.0555381774902344
0.0520477294921875 -0.067047119140625 0.0172386169433594 -0.0450019836425781
0.0856246948242188 -0.0311737060546875 0.00224685668945313 -0.0249519348144531
0.0977249145507813 0.0220718383789063 -0.00260162353515625 -0.0309219360351563
0.0562591552734375 0.104866027832031 -0.00240707397460938 -0.0601119995117187
0.000930786132812495 0.149093627929688 0.032562255859375 -0.0770492553710937
-0.0589752197265625 0.143508911132813 0.0572853088378906 -0.0543479919433594
-0.103225708007812 0.138008117675781 0.0923919677734375 0.035980224609375
-0.0313873291015625 0.14117431640625 0.0306205749511719 0.05218505859375
0.0244293212890625 0.126075744628906 0.0349960327148437 0.07086181640625
0.0857391357421875 0.0719985961914063 0.0872421264648437 0.0507888793945313
0.0947418212890625 0.0064697265625 0.0920333862304688 -0.00225067138671875
0.0775375366210938 -0.0541763305664063 0.0716476440429688 -0.0547943115234375
0.0445632934570313 -0.0860748291015625 0.038299560546875 -0.0680503845214844
0.0418624877929687 -0.0833816528320313 0.0158462524414063 -0.0478248596191406
0.0464324951171875 -0.0949325561523438 0.0108184814453125 -0.0263843536376953
0.07440185546875 -0.0805740356445313 0.00501060485839844 -0.0213871002197266
0.10888671875 -0.0310287475585937 -0.0127830505371094 -0.00800323486328125
0.114234924316406 0.03173828125 -0.0153121948242187 -0.0202426910400391
0.0562591552734375 0.124153137207031 -0.0105705261230469 -0.04656982421875
-0.012786865234375 0.165985107421875 0.0246047973632812 -0.0446510314941406
-0.080902099609375 0.15045166015625 0.0277729034423828 -0.0126552581787109
-0.128616333007812 0.122406005859375 0.0483474731445312 0.08270263671875
-0.06622314453125 0.148284912109375 0.006988525390625 0.0916671752929688
0.00431823730468752 0.15252685546875 0.0227279663085938 0.0873641967773438
0.0900650024414062 0.101493835449219 0.0663261413574219 0.0646018981933594
0.112754821777344 0.0217819213867187 0.0676383972167969 0.0183181762695313
0.100753784179687 -0.0568084716796875 0.0524101257324219 -0.0212478637695313
0.060516357421875 -0.0943984985351563 0.0290622711181641 -0.0288581848144531
0.0544052124023438 -0.090301513671875 0.00982761383056641 -0.0112619400024414
0.0601119995117188 -0.103401184082031 0.0016632080078125 0.00898742675781249
0.0866546630859375 -0.0842514038085938 -0.0103864669799805 0.00714492797851562
0.119132995605469 -0.026092529296875 -0.0296783447265625 0.0104904174804687
0.117454528808594 0.0394973754882813 -0.0277900695800781 -0.0108680725097656
0.0463027954101563 0.130386352539063 -0.0147647857666016 -0.0349578857421875
-0.0289764404296875 0.162582397460938 0.0210189819335937 -0.0124607086181641
-0.0961761474609375 0.136634826660156 -0.00572967529296875 0.0282268524169922
-0.130508422851563 0.0829925537109375 -0.00115203857421876 0.119407653808594
-0.08831787109375 0.120773315429688 -0.02191162109375 0.121505737304688
-0.0225372314453125 0.143478393554688 0.00616455078125 0.0959548950195313
0.0699310302734375 0.111717224121094 0.0379257202148438 0.0702972412109375
0.106521606445313 0.035491943359375 0.037261962890625 0.0348052978515625
0.104591369628906 -0.0465316772460938 0.0279445648193359 0.0113353729248047
0.0664825439453125 -0.0865020751953125 0.0146150588989258 0.0118017196655273
0.058624267578125 -0.082977294921875 0.00259590148925782 0.0264225006103516
0.0648727416992188 -0.0962905883789063 -0.0087890625 0.0441131591796875
0.0877532958984375 -0.07708740234375 -0.0276222229003906 0.0358314514160156
0.115127563476563 -0.017242431640625 -0.0474433898925781 0.0271263122558594
0.106895446777344 0.04541015625 -0.0407981872558594 -0.00440597534179687
0.0282821655273438 0.125099182128906 -0.0177040100097656 -0.0273170471191406
-0.04718017578125 0.14190673828125 0.0140256881713867 0.0147409439086914
-0.10369873046875 0.104927062988281 -0.0430984497070312 0.0611076354980469
-0.106765747070313 0.028564453125 -0.0460281372070313 0.138450622558594
-0.0881195068359375 0.0679168701171875 -0.0477294921875 0.135978698730469
-0.0426712036132813 0.101852416992187 -0.00720977783203125 0.0942230224609375
0.0360641479492187 0.0964508056640625 0.0124092102050781 0.0678329467773438
0.078033447265625 0.04107666015625 0.00833129882812501 0.0427322387695313
0.0883636474609375 -0.0278091430664062 0.00259780883789063 0.0372467041015625
0.060760498046875 -0.0642814636230469 -0.000442504882812501 0.0470390319824219
0.0529937744140625 -0.0639228820800781 -0.00573348999023437 0.0596847534179687
0.0597000122070313 -0.075775146484375 -0.0196075439453125 0.0749435424804688
0.078094482421875 -0.0595016479492188 -0.0462455749511719 0.0611610412597656
0.0980148315429688 -0.007110595703125 -0.0655021667480469 0.0397758483886719
0.08526611328125 0.046966552734375 -0.054962158203125 -0.00151443481445312
0.00756835937499999 0.108261108398438 -0.0228748321533203 -0.0232315063476562
-0.0607452392578125 0.107048034667969 0.00212478637695312 0.0341663360595703
-0.100776672363281 0.0600967407226563 -0.08148193359375 0.08197021484375
-0.0654640197753906 -0.0303153991699219 -0.0732345581054687 0.139289855957031
-0.0706863403320312 0.00554656982421876 -0.06011962890625 0.134956359863281
-0.0515098571777344 0.042022705078125 -0.0120925903320313 0.0860061645507813
-0.00177001953125 0.0620193481445313 -0.00468826293945313 0.0602073669433594
0.036529541015625 0.0370597839355469 -0.0110206604003906 0.043975830078125
0.0573196411132812 -0.00562286376953125 -0.01605224609375 0.0536537170410156
0.0448455810546875 -0.0324974060058594 -0.0124282836914063 0.071624755859375
0.0395393371582031 -0.0357475280761719 -0.0128173828125 0.083740234375
0.0457115173339844 -0.0451087951660156 -0.02996826171875 0.0975265502929688
0.0574684143066406 -0.0353851318359375 -0.0626602172851563 0.0799789428710937
0.0697479248046875 0.0013885498046875 -0.0819244384765625 0.04754638671875
0.0565338134765625 0.0403060913085938 -0.0684356689453125 -0.00101852416992187
-0.00986480712890625 0.0782318115234375 -0.0296916961669922 -0.0227775573730469
-0.0641212463378906 0.06109619140625 -0.0142440795898438 0.0428886413574219
-0.0833816528320313 0.00850677490234375 -0.116287231445313 0.0865554809570313
0.035858154296875 0.0495948791503906 0.127059936523438 -0.0857696533203125
0.0527305603027344 -0.00864410400390625 0.0356674194335938 -0.0359230041503906
0.0124740600585938 -0.036529541015625 0.0322341918945313 0.0282745361328125
-0.0187854766845703 -0.0286827087402344 0.0890731811523438 0.0150527954101562
-0.0304718017578125 -0.0069580078125 0.0995025634765625 -0.0470428466796875
-0.0288124084472656 0.0137691497802734 0.0720901489257813 -0.103874206542969
-0.0240669250488281 0.00882339477539062 0.0325927734375 -0.120231628417969
-0.0245590209960938 0.000694274902343749 0.0149459838867188 -0.101554870605469
-0.0291767120361328 -0.00329208374023437 0.0155792236328125 -0.0844039916992188
-0.0205001831054688 -0.0240840911865234 0.0210342407226562 -0.0681381225585938
0.0041656494140625 -0.0376930236816406 0.0173606872558594 -0.0500564575195313
0.0371971130371094 -0.0250625610351563 0.0163116455078125 -0.0552101135253906
0.058074951171875 0.0190086364746094 0.02569580078125 -0.0891036987304688
0.0480155944824219 0.0605659484863281 0.0578384399414063 -0.132377624511719
0.016265869140625 0.0796279907226563 0.0905685424804687 -0.129112243652344
-0.0103225708007813 0.0990447998046875 0.136360168457031 -0.0577850341796875
0.0368614196777344 0.0513114929199219 0.0446853637695313 -0.0177001953125
0.0278110504150391 0.0176029205322266 0.0389862060546875 0.0385971069335938
0.0227489471435547 -0.001373291015625 0.0987701416015625 0.02276611328125
0.0139293670654297 -0.00946044921875 0.107826232910156 -0.0398178100585938
0.00658893585205078 -0.0162038803100586 0.0803298950195313 -0.101493835449219
-0.0023193359375 -0.0313205718994141 0.0381011962890625 -0.119468688964844
-0.00208663940429688 -0.0356826782226563 0.0165863037109375 -0.0981369018554688
-0.00170135498046875 -0.0427474975585938 0.0169830322265625 -0.0791244506835938
0.0190544128417969 -0.0495109558105469 0.0213279724121094 -0.0640640258789063
0.0508308410644531 -0.0350494384765625 0.0128059387207031 -0.042510986328125
0.0731277465820313 0.00284576416015625 0.00966644287109376 -0.045501708984375
0.0586929321289063 0.0714492797851563 0.0116424560546875 -0.0763168334960938
0.022705078125 0.117050170898438 0.0448379516601563 -0.110740661621094
-0.0257110595703125 0.124351501464844 0.0803298950195313 -0.100631713867187
-0.060546875 0.134933471679688 0.126747131347656 -0.01568603515625
0.00788879394531251 0.109107971191406 0.04364013671875 0.0132942199707031
0.0356063842773438 0.0782470703125 0.0409812927246094 0.0546798706054688
0.0634689331054688 0.0341644287109375 0.100379943847656 0.03619384765625
0.0601272583007813 -0.00599288940429688 0.107383728027344 -0.0249862670898437
0.0447349548339844 -0.0424385070800781 0.0811233520507813 -0.0857391357421875
0.0207061767578125 -0.0666770935058594 0.040069580078125 -0.102691650390625
0.0207138061523438 -0.0663986206054688 0.01611328125 -0.0799789428710938
0.0241622924804688 -0.0773773193359375 0.0144157409667969 -0.0589752197265625
0.0517654418945313 -0.0721664428710938 0.0141563415527344 -0.0488471984863281
0.0881118774414062 -0.0361862182617188 0.000240325927734379 -0.0281906127929688
0.103202819824219 0.0198745727539062 -0.00238609313964843 -0.0341510772705078
0.0629119873046875 0.108413696289063 -0.002227783203125 -0.0627899169921875
0.00628662109375 0.156295776367188 0.0322647094726562 -0.08160400390625
-0.058380126953125 0.151809692382813 0.0580215454101562 -0.0613021850585937
-0.103500366210938 0.147964477539063 0.0975799560546875 0.03564453125
-0.027557373046875 0.14825439453125 0.03173828125 0.0537109375
0.0308990478515625 0.131385803222656 0.0355377197265625 0.0741119384765625
0.0926132202148438 0.0721359252929688 0.0903472900390625 0.0527420043945313
0.0992050170898438 0.0033111572265625 0.095306396484375 -0.003265380859375
0.0797119140625 -0.0593719482421875 0.073272705078125 -0.0575714111328125
0.042999267578125 -0.0914077758789063 0.0377578735351563 -0.0716171264648438
0.039642333984375 -0.0878219604492188 0.0139312744140625 -0.05035400390625
0.04443359375 -0.101325988769531 0.00920486450195313 -0.0281658172607422
0.0740280151367188 -0.0882186889648438 0.00218009948730469 -0.0236473083496094
0.1126708984375 -0.036865234375 -0.0147762298583984 -0.00973796844482422
0.121101379394531 0.0289993286132812 -0.0159969329833984 -0.0221061706542969
0.063934326171875 0.12872314453125 -0.0110931396484375 -0.0485954284667969
-0.00662231445312501 0.174774169921875 0.0248298645019531 -0.0485115051269531
-0.0811309814453125 0.159591674804688 0.0285491943359375 -0.0172672271728516
-0.130783081054688 0.133026123046875 0.0525970458984375 0.0861282348632813
-0.06353759765625 0.156997680664063 0.00747680664062499 0.09466552734375
0.0107574462890625 0.160003662109375 0.0225677490234375 0.0908203125
0.0982894897460938 0.102798461914063 0.0687141418457031 0.0672836303710938
0.118782043457031 0.0185089111328125 0.0709457397460938 0.0197525024414063
0.103172302246094 -0.0637054443359375 0.0551071166992188 -0.0222129821777344
0.0593490600585938 -0.100746154785156 0.0294837951660156 -0.0306320190429688
0.0528030395507813 -0.0962142944335938 0.00946426391601563 -0.0123977661132813
0.0574874877929688 -0.110885620117188 0.00147342681884766 0.00916290283203124
0.0865325927734375 -0.0924758911132813 -0.0127382278442383 0.00685024261474609
0.123313903808594 -0.0326385498046875 -0.0316619873046875 0.0110549926757813
0.124481201171875 0.0367813110351563 -0.0291538238525391 -0.0119953155517578
0.0540847778320313 0.135871887207031 -0.0153732299804687 -0.0366363525390625
-0.0232086181640625 0.171737670898437 0.0210208892822266 -0.0146980285644531
-0.0963287353515625 0.145721435546875 -0.00611686706542969 0.0263862609863281
-0.132904052734375 0.0919876098632812 0.00128173828125 0.125595092773438
-0.0883941650390625 0.128746032714844 -0.0220413208007813 0.1268310546875
-0.0178070068359375 0.151611328125 0.0052490234375 0.0994110107421875
0.0777587890625 0.114311218261719 0.0391616821289063 0.0739974975585938
0.1123046875 0.0334625244140625 0.0396614074707031 0.0373954772949219
0.107353210449219 -0.0526199340820313 0.0307064056396484 0.0122318267822266
0.0655899047851563 -0.09271240234375 0.0159616470336914 0.0118074417114258
0.057342529296875 -0.0891571044921875 0.00276374816894532 0.0267372131347656
0.0629119873046875 -0.1033935546875 -0.00789260864257812 0.0457534790039062
0.0878829956054688 -0.0843276977539063 -0.0293731689453125 0.037109375
0.11968994140625 -0.023468017578125 -0.0497283935546875 0.0283164978027344
0.1134033203125 0.0433425903320313 -0.0427474975585937 -0.00400161743164063
0.03509521484375 0.130813598632813 -0.0186309814453125 -0.0283584594726562
-0.043182373046875 0.150772094726562 0.0153713226318359 0.0136003494262695
-0.105369567871094 0.112388610839844 -0.0439262390136719 0.063018798828125
-0.110099792480469 0.0340805053710938 -0.04559326171875 0.147415161132813
-0.0893478393554687 0.0743637084960938 -0.048797607421875 0.142547607421875
-0.0410842895507813 0.10894775390625 -0.00836944580078126 0.0988998413085938
0.0417251586914063 0.0992813110351562 0.0126571655273438 0.0716552734375
0.0828628540039062 0.0399398803710937 0.0100440979003906 0.0460052490234375
0.0911026000976563 -0.0328140258789063 0.00502777099609376 0.0397987365722656
0.0601654052734375 -0.0692672729492188 0.00162124633789063 0.0486907958984375
0.0522651672363281 -0.0685501098632813 -0.00386428833007812 0.0616836547851563
0.0588302612304687 -0.0815582275390625 -0.0179519653320313 0.078277587890625
0.0788116455078125 -0.0656585693359375 -0.0469169616699219 0.0648765563964844
0.102302551269531 -0.01177978515625 -0.0677986145019531 0.0432014465332031
0.0909194946289063 0.0456161499023438 -0.0575828552246094 -0.000457763671875003
0.01220703125 0.113388061523438 -0.0235939025878906 -0.0243816375732422
-0.0587310791015625 0.113670349121094 0.00345993041992187 0.0341339111328125
-0.102836608886719 0.0653839111328125 -0.0834884643554688 0.0857315063476563
-0.0686531066894531 -0.0285682678222656 -0.0739593505859375 0.148788452148438
-0.0730514526367188 0.00798797607421875 -0.0610809326171875 0.1417236328125
-0.0519027709960938 0.0461273193359375 -0.0139617919921875 0.089599609375
0.00128555297851563 0.0642242431640625 -0.00503158569335937 0.0648231506347656
0.0395927429199219 0.0371246337890625 -0.01055908203125 0.0475921630859375
0.0591049194335938 -0.00844955444335938 -0.0132064819335938 0.0571746826171875
0.0453529357910156 -0.0358314514160156 -0.0095977783203125 0.0743865966796875
0.0395469665527344 -0.0385322570800781 -0.0100860595703125 0.0866317749023438
0.0449447631835938 -0.0490493774414063 -0.02801513671875 0.101509094238281
0.0581092834472656 -0.0393257141113281 -0.06365966796875 0.08489990234375
0.0729141235351562 -0.00089263916015625 -0.0844039916992188 0.0521926879882813
0.0600776672363281 0.0397987365722656 -0.071746826171875 0.000572204589843751
-0.00740051269531249 0.0829925537109375 -0.0317134857177734 -0.0240440368652344
-0.0644111633300781 0.0657157897949219 -0.012664794921875 0.0438728332519531
-0.0860977172851563 0.0103988647460937 -0.119697570800781 0.0925369262695313
0.0401840209960938 0.0514869689941406 0.132064819335938 -0.098114013671875
0.0555953979492188 -0.01123046875 0.0358200073242188 -0.0396957397460937
0.0115394592285156 -0.0395240783691406 0.0355911254882813 0.02972412109375
-0.0217876434326172 -0.0295982360839844 0.095306396484375 0.0128326416015625
-0.0321388244628906 -0.00564575195312501 0.103805541992188 -0.0532989501953125
-0.0288581848144531 0.0156154632568359 0.0704727172851563 -0.112617492675781
-0.0243778228759766 0.0104045867919922 0.0279617309570313 -0.128753662109375
-0.0262947082519531 0.00241279602050781 0.00972747802734374 -0.1080322265625
-0.0310478210449219 -0.00180053710937499 0.010498046875 -0.0903701782226563
-0.0233612060546875 -0.0239372253417969 0.0177078247070312 -0.0739059448242188
0.00207138061523437 -0.0397529602050781 0.0160102844238281 -0.0565719604492188
0.0376129150390625 -0.028472900390625 0.0162849426269531 -0.0621376037597656
0.0620841979980469 0.016876220703125 0.0251312255859375 -0.0954055786132813
0.053619384765625 0.0620231628417969 0.05633544921875 -0.142684936523438
0.0211639404296875 0.0840988159179688 0.0914764404296875 -0.143707275390625
-0.00707244873046874 0.106575012207031 0.143096923828125 -0.0683135986328125
0.04193115234375 0.0536537170410156 0.0462455749511719 -0.0206260681152344
0.0312671661376953 0.0181236267089844 0.042327880859375 0.0401725769042969
0.0245399475097656 -0.00289535522460938 0.105155944824219 0.0213241577148438
0.0141878128051758 -0.0104770660400391 0.111968994140625 -0.0463180541992188
0.00658607482910156 -0.0183162689208984 0.079498291015625 -0.110366821289063
-0.00381278991699219 -0.0334739685058594 0.033538818359375 -0.128173828125
-0.004486083984375 -0.0371894836425781 0.0116729736328125 -0.104103088378906
-0.00441360473632812 -0.0453910827636719 0.011993408203125 -0.0839080810546875
0.0170631408691406 -0.0538139343261719 0.0175552368164062 -0.0694770812988281
0.0513381958007813 -0.0399169921875 0.0108642578125 -0.0474128723144531
0.0778656005859375 -0.00046539306640625 0.00987625122070313 -0.0510406494140625
0.0665969848632812 0.0731048583984375 0.0109939575195313 -0.0819168090820313
0.029815673828125 0.123031616210938 0.0433349609375 -0.1204833984375
-0.0223236083984375 0.133369445800781 0.0812530517578125 -0.113807678222656
-0.05767822265625 0.146804809570313 0.1341552734375 -0.0225601196289062
0.0145492553710938 0.115821838378906 0.0462799072265625 0.0121650695800781
0.04345703125 0.0821533203125 0.0439414978027344 0.0575065612792969
0.0700416564941406 0.032867431640625 0.107322692871094 0.0350875854492188
0.0642509460449219 -0.010101318359375 0.112579345703125 -0.0296783447265625
0.0452651977539063 -0.0482711791992188 0.0818099975585938 -0.0935211181640625
0.018524169921875 -0.07183837890625 0.0368804931640625 -0.110870361328125
0.017913818359375 -0.0720977783203125 0.012542724609375 -0.0852203369140625
0.020904541015625 -0.0838546752929688 0.0114593505859375 -0.0631561279296875
0.0501251220703125 -0.0799102783203125 0.0100440979003906 -0.0530776977539063
0.091552734375 -0.043487548828125 -0.00230979919433593 -0.0319118499755859
0.110557556152344 0.0155487060546875 -0.00312042236328124 -0.037994384765625
0.0729904174804688 0.112220764160156 -0.00307464599609375 -0.0668754577636719
0.0154571533203125 0.166122436523438 0.0310821533203125 -0.0887527465820312
-0.055145263671875 0.164794921875 0.0589981079101563 -0.0712661743164063
-0.102691650390625 0.163345336914063 0.105918884277344 0.0338973999023438
-0.0212860107421875 0.158950805664062 0.0347785949707031 0.055328369140625
0.0417938232421875 0.138427734375 0.038787841796875 0.0778045654296875
0.103019714355469 0.071563720703125 0.097259521484375 0.053375244140625
0.105186462402344 -0.00171661376953125 0.101081848144531 -0.0063629150390625
0.0816268920898438 -0.0683670043945313 0.0755233764648438 -0.0637588500976563
0.0398788452148438 -0.0994873046875 0.0357437133789063 -0.0770950317382813
0.0366363525390625 -0.0957412719726563 0.0110511779785156 -0.0537834167480469
0.03997802734375 -0.110435485839844 0.00750923156738281 -0.0304241180419922
0.0730667114257813 -0.0981826782226563 -0.00127792358398437 -0.0262241363525391
0.117874145507813 -0.0462799072265625 -0.0176525115966797 -0.0113906860351563
0.130500793457031 0.0233383178710937 -0.0167007446289062 -0.024505615234375
0.0764999389648438 0.133712768554688 -0.0129051208496094 -0.0518264770507813
0.00386047363281249 0.186431884765625 0.0249900817871094 -0.0542793273925781
-0.0783233642578125 0.174224853515625 0.0290737152099609 -0.0228977203369141
-0.131698608398438 0.148406982421875 0.0597305297851562 0.0896682739257813
-0.0592041015625 0.170486450195312 0.0110092163085938 0.1007080078125
0.0213775634765625 0.169754028320313 0.024871826171875 0.0965347290039063
0.111236572265625 0.103691101074219 0.0742721557617188 0.0697250366210938
0.127220153808594 0.013641357421875 0.076385498046875 0.019287109375
0.105865478515625 -0.0735015869140625 0.0587539672851563 -0.0251693725585938
0.0567626953125 -0.110527038574219 0.029144287109375 -0.0345134735107422
0.0498733520507813 -0.105171203613281 0.00863075256347656 -0.0134906768798828
0.0538101196289063 -0.121543884277344 0.00161075592041016 0.00905036926269531
0.08563232421875 -0.103759765625 -0.0149984359741211 0.00719261169433593
0.129562377929688 -0.0427932739257813 -0.0342979431152344 0.0115833282470703
0.134918212890625 0.0316085815429688 -0.0308723449707031 -0.0122451782226563
0.0661773681640625 0.1419677734375 -0.0166893005371094 -0.039031982421875
-0.014434814453125 0.1845703125 0.0226726531982422 -0.0179271697998047
-0.0959014892578125 0.160110473632813 -0.00564956665039063 0.0262069702148438
-0.136314392089844 0.105720520019531 0.00708007812499998 0.135047912597656
-0.086029052734375 0.141754150390625 -0.0191574096679688 0.135704040527344
-0.00967407226562499 0.1627197265625 0.00696563720703124 0.106056213378906
0.0902175903320312 0.116973876953125 0.0434494018554688 0.0787124633789063
0.121429443359375 0.0290756225585938 0.0436172485351563 0.0398483276367188
0.110992431640625 -0.06298828125 0.0345134735107422 0.0125999450683594
0.0640487670898438 -0.102409362792969 0.0181293487548828 0.0118465423583984
0.0549087524414063 -0.097869873046875 0.00457000732421876 0.0277538299560547
0.0596542358398437 -0.1141357421875 -0.00614166259765624 0.0486679077148437
0.0872268676757812 -0.0960006713867188 -0.0307235717773437 0.0407676696777344
0.125450134277344 -0.0327377319335938 -0.0518913269042969 0.0322380065917969
0.123336791992188 0.0394287109375 -0.0455169677734375 -0.00263977050781249
0.0455856323242187 0.137214660644531 -0.0208091735839844 -0.0299968719482422
-0.0357666015625 0.16217041015625 0.016901969909668 0.0121784210205078
-0.1058349609375 0.125007629394531 -0.0441436767578125 0.0669479370117188
-0.114204406738281 0.0431060791015625 -0.04150390625 0.160842895507813
-0.0911407470703125 0.0836868286132813 -0.0468902587890625 0.153564453125
-0.0365829467773438 0.118003845214844 -0.00792694091796875 0.1051025390625
0.0505218505859375 0.103034973144531 0.0147247314453125 0.0779495239257813
0.0903396606445313 0.0376129150390625 0.0129890441894531 0.0501937866210937
0.094573974609375 -0.0410232543945313 0.00881195068359376 0.0425682067871094
0.0594406127929687 -0.0772018432617188 0.004913330078125 0.0511207580566406
0.051177978515625 -0.0762481689453125 -0.00132369995117188 0.06475830078125
0.0568084716796875 -0.0903701782226563 -0.0147476196289063 0.0835952758789063
0.0782318115234375 -0.074920654296875 -0.0471420288085938 0.070220947265625
0.108177185058594 -0.0186538696289063 -0.0702438354492187 0.0487594604492188
0.0990676879882812 0.0431365966796875 -0.0611381530761719 0.00210952758789064
0.0199508666992188 0.120498657226563 -0.0258903503417969 -0.0256595611572266
-0.05511474609375 0.124557495117188 0.00560379028320312 0.0342845916748047
-0.105705261230469 0.07415771484375 -0.0851516723632812 0.0941238403320313
-0.0737075805664063 -0.025848388671875 -0.0721435546875 0.164352416992187
-0.0770797729492188 0.0128402709960938 -0.060577392578125 0.1533203125
-0.0523452758789062 0.0521774291992188 -0.0139312744140625 0.0959854125976563
0.00587081909179687 0.0686416625976563 -0.00454711914062501 0.07061767578125
0.0443382263183594 0.0369911193847656 -0.00826263427734375 0.0532455444335938
0.0621185302734375 -0.0122871398925781 -0.00890731811523437 0.0623779296875
0.04547119140625 -0.0408096313476563 -0.0054473876953125 0.0794525146484375
0.0391654968261719 -0.0431365966796875 -0.00611114501953125 0.091644287109375
0.0450706481933594 -0.0555038452148438 -0.0241165161132813 0.108741760253906
0.0587997436523437 -0.0458488464355469 -0.0625076293945313 0.0929107666015625
0.0769271850585937 -0.00539398193359375 -0.0870742797851563 0.0594711303710938
0.0658531188964844 0.0388526916503906 -0.0761032104492188 0.003936767578125
-0.00353240966796876 0.0885467529296875 -0.0338916778564453 -0.0250988006591797
-0.0637588500976563 0.0724716186523438 -0.0115432739257813 0.0457191467285156
-0.0908432006835937 0.0139312744140625 -0.123527526855469 0.10302734375
0.0460090637207031 0.0511016845703125 0.133125305175781 -0.114875793457031
0.058319091796875 -0.0166130065917969 0.034759521484375 -0.0450820922851563
0.00922393798828125 -0.0420875549316406 0.0393524169921875 0.0297203063964844
-0.0259742736816406 -0.0290718078613281 0.102005004882813 0.007598876953125
-0.0345878601074219 -0.00281906127929687 0.105377197265625 -0.0634918212890625
-0.0293922424316406 0.01849365234375 0.0657119750976563 -0.123985290527344
-0.0241928100585938 0.0126533508300781 0.0188217163085938 -0.137504577636719
-0.0275630950927734 0.00519371032714844 0.000717163085937505 -0.113822937011719
-0.0328235626220703 0.000865936279296869 0.002655029296875 -0.0960235595703125
-0.0259494781494141 -0.0229091644287109 0.0113983154296875 -0.0797653198242188
-0.000804901123046878 -0.0412979125976562 0.0118217468261719 -0.0629959106445313
0.0374984741210937 -0.0331039428710938 0.0138053894042969 -0.0697135925292969
0.0666084289550781 0.0125923156738281 0.0217208862304688 -0.102149963378906
0.0609626770019531 0.0610580444335937 0.0499725341796875 -0.154800415039063
0.02886962890625 0.0876617431640625 0.0863494873046875 -0.161849975585938
0.00135803222656251 0.113525390625 0.1473388671875 -0.0843658447265625
0.0493507385253906 0.0530052185058594 0.0467453002929687 -0.0254783630371094
0.0352020263671875 0.0168952941894531 0.0465316772460938 0.0408363342285156
0.025970458984375 -0.00466156005859375 0.112297058105469 0.0156784057617188
0.0148019790649414 -0.0125932693481445 0.11529541015625 -0.055511474609375
0.00601005554199219 -0.0207881927490234 0.0755767822265625 -0.122726440429688
-0.00696754455566406 -0.0350227355957031 0.0251388549804688 -0.137161254882813
-0.00765609741210938 -0.0389366149902344 0.0032806396484375 -0.110450744628906
-0.00870132446289062 -0.0477142333984375 0.0050811767578125 -0.089752197265625
0.0135307312011719 -0.0581893920898438 0.0109634399414062 -0.07574462890625
0.0512008666992187 -0.0460052490234375 0.00640487670898438 -0.0531997680664063
0.0822601318359375 -0.00687408447265625 0.00769424438476563 -0.0573272705078125
0.076019287109375 0.07177734375 0.00782775878906251 -0.0876388549804688
0.0420684814453125 0.127777099609375 0.037994384765625 -0.1302490234375
-0.01361083984375 0.143585205078125 0.0774688720703125 -0.129249572753906
-0.049468994140625 0.160171508789063 0.141311645507813 -0.0341796875
0.0255126953125 0.121040344238281 0.0489768981933594 0.00964355468750001
0.0532913208007813 0.0831451416015625 0.0494537353515625 0.0588836669921875
0.0769805908203125 0.0286788940429687 0.115364074707031 0.0311431884765625
0.0672607421875 -0.0160369873046875 0.116859436035156 -0.038360595703125
0.0446510314941406 -0.0559616088867188 0.0797042846679688 -0.104293823242188
0.013763427734375 -0.0770492553710938 0.0296173095703125 -0.119148254394531
0.012298583984375 -0.0771484375 0.00527954101562499 -0.0906753540039063
0.0142135620117188 -0.0905609130859375 0.00518798828124999 -0.0672798156738281
0.0454483032226563 -0.0887603759765625 0.0039520263671875 -0.0575637817382813
0.0928115844726562 -0.0537796020507812 -0.00584411621093749 -0.0355873107910156
0.118614196777344 0.007110595703125 -0.00481414794921875 -0.0424041748046875
0.0872955322265625 0.112373352050781 -0.00661468505859375 -0.0706863403320313
0.031097412109375 0.174301147460938 0.0271148681640625 -0.0967864990234375
-0.045745849609375 0.179290771484375 0.0565261840820312 -0.0829391479492187
-0.0955963134765625 0.181198120117187 0.115798950195312 0.0277786254882813
-0.00897216796875002 0.170135498046875 0.0401954650878906 0.0559501647949219
0.0562286376953125 0.142852783203125 0.0444869995117188 0.0810928344726563
0.115921020507813 0.066314697265625 0.105674743652344 0.0513763427734375
0.112007141113281 -0.0107803344726563 0.106399536132813 -0.0123214721679688
0.0803146362304688 -0.0803680419921875 0.0757827758789063 -0.0723114013671875
0.0333938598632813 -0.107749938964844 0.0313568115234375 -0.0846710205078125
0.0300064086914062 -0.103904724121094 0.00713729858398437 -0.0577545166015625
0.0318222045898437 -0.120559692382813 0.0042266845703125 -0.0330715179443359
0.0674819946289063 -0.110458374023438 -0.00574684143066406 -0.0282840728759766
0.119735717773438 -0.0594329833984375 -0.0207595825195312 -0.0115089416503906
0.141036987304688 0.0136566162109375 -0.0186862945556641 -0.0266075134277344
0.0929336547851563 0.13507080078125 -0.0155181884765625 -0.0546493530273437
0.020477294921875 0.196914672851562 0.0228004455566406 -0.0593223571777344
-0.06964111328125 0.190994262695313 0.0282478332519531 -0.028879165649414
-0.127349853515625 0.1688232421875 0.070953369140625 0.0913925170898438
-0.0484161376953125 0.18450927734375 0.0177536010742188 0.105453491210938
0.03790283203125 0.177947998046875 0.0308837890625 0.101272583007813
0.127227783203125 0.100547790527344 0.082244873046875 0.0703964233398438
0.136543273925781 0.00308990478515625 0.0824356079101563 0.0164413452148438
0.105781555175781 -0.087677001953125 0.0614967346191406 -0.0304031372070313
0.0498733520507813 -0.120506286621094 0.0283126831054688 -0.0383682250976563
0.0429306030273437 -0.114486694335937 0.00729465484619141 -0.0154333114624023
0.0452957153320313 -0.133377075195313 0.00171661376953125 0.00890159606933593
0.0796661376953125 -0.117515563964844 -0.0174427032470703 0.00805377960205078
0.132926940917969 -0.0570449829101563 -0.0363922119140625 0.014190673828125
0.145553588867188 0.02117919921875 -0.0328216552734375 -0.0117340087890625
0.0836181640625 0.14453125 -0.0194244384765625 -0.04083251953125
0.00251770019531252 0.1961669921875 0.0229358673095703 -0.0217533111572266
-0.0886383056640625 0.176864624023437 -0.0046844482421875 0.0254669189453125
-0.136070251464844 0.123489379882812 0.017974853515625 0.143905639648438
-0.0794219970703125 0.156570434570312 -0.01165771484375 0.145187377929688
0.00358581542968751 0.172607421875 0.0120849609375 0.112770080566406
0.105941772460938 0.115394592285156 0.0497817993164063 0.0822677612304688
0.130851745605469 0.0204238891601563 0.049591064453125 0.040283203125
0.112030029296875 -0.0761947631835938 0.0389442443847656 0.0115432739257812
0.0581817626953125 -0.113304138183594 0.0202064514160156 0.0106468200683594
0.0489273071289063 -0.107833862304688 0.00656700134277344 0.0283832550048828
0.0524520874023437 -0.12628173828125 -0.0030364990234375 0.0510520935058594
0.08331298828125 -0.109123229980469 -0.0304756164550781 0.0447311401367188
0.129936218261719 -0.0468673706054687 -0.0531387329101563 0.0379219055175781
0.134231567382813 0.0307769775390625 -0.0472335815429688 -0.000183105468750001
0.0612945556640625 0.142135620117188 -0.02301025390625 -0.0308570861816406
-0.0230865478515625 0.174118041992188 0.0193767547607422 0.0102119445800781
-0.102272033691406 0.14013671875 -0.0426025390625 0.072998046875
-0.117240905761719 0.0555191040039063 -0.032012939453125 0.175018310546875
-0.089080810546875 0.0960845947265625 -0.0398101806640625 0.165573120117188
-0.0283584594726563 0.127861022949219 -0.0034942626953125 0.112342834472656
0.0630416870117188 0.104530334472656 0.0193634033203125 0.0829696655273437
0.0985260009765625 0.0322723388671875 0.0176124572753906 0.0539512634277344
0.0965042114257813 -0.051605224609375 0.0145187377929688 0.0452651977539063
0.0556793212890625 -0.0866622924804688 0.0102310180664063 0.0539817810058594
0.04742431640625 -0.08441162109375 0.0038909912109375 0.0679855346679687
0.051788330078125 -0.101219177246094 -0.00918579101562501 0.088409423828125
0.0759124755859375 -0.0863800048828125 -0.0448074340820312 0.0775222778320313
0.112876892089844 -0.0296707153320313 -0.07012939453125 0.0572013854980469
0.108901977539063 0.0369873046875 -0.0639228820800781 0.00696182250976562
0.0322723388671875 0.126235961914063 -0.0288753509521484 -0.0257644653320312
-0.0468215942382813 0.135078430175781 0.00934791564941406 0.0346221923828125
-0.106170654296875 0.0862045288085938 -0.08355712890625 0.105392456054687
-0.0792312622070312 -0.02081298828125 -0.0646209716796875 0.181991577148438
-0.0797271728515625 0.0202407836914063 -0.0536651611328125 0.167877197265625
-0.0505218505859375 0.0596466064453125 -0.0104293823242188 0.103050231933594
0.0128402709960938 0.0711898803710938 -0.000907897949218754 0.0768966674804687
0.0497474670410156 0.0349159240722656 -0.00427246093749999 0.0582618713378906
0.0642166137695313 -0.0191726684570313 -0.00339508056640625 0.0670394897460938
0.0442733764648438 -0.0470046997070313 0.00181579589843751 0.0837249755859375
0.0373954772949219 -0.0488815307617188 0.000968933105468756 0.0965194702148438
0.0422782897949219 -0.0619392395019531 -0.0160598754882813 0.116195678710937
0.0576515197753906 -0.0533103942871094 -0.0592575073242188 0.102424621582031
0.0810317993164062 -0.012664794921875 -0.087371826171875 0.0692901611328125
0.0731430053710937 0.03594970703125 -0.0803298950195313 0.00912475585937501
0.00435638427734374 0.0945968627929687 -0.0377120971679688 -0.0250015258789063
-0.0607147216796875 0.0811843872070313 -0.0080108642578125 0.0480003356933594
-0.0940628051757813 0.0211563110351562 -0.122764587402344 0.118118286132813
0.0521697998046875 0.0485382080078125 0.126884460449219 -0.131942749023438
0.0591812133789063 -0.0229225158691406 0.0315093994140625 -0.0504913330078125
0.0059814453125 -0.0442161560058594 0.0429420471191406 0.0283432006835937
-0.02874755859375 -0.0269241333007812 0.106880187988281 -0.000350952148437502
-0.0358772277832031 0.000335693359375004 0.103355407714844 -0.0737152099609375
-0.0280742645263672 0.0207195281982422 0.056060791015625 -0.133255004882813
-0.0229625701904297 0.0149650573730469 0.00645446777343749 -0.142776489257813
-0.0282955169677734 0.00902366638183594 -0.0102386474609375 -0.116188049316406
-0.0342655181884766 0.00471115112304688 -0.0074920654296875 -0.0987701416015625
-0.0289669036865234 -0.0205402374267578 0.00321197509765625 -0.083953857421875
-0.0059661865234375 -0.041717529296875 0.0051116943359375 -0.0679054260253906
0.0350990295410156 -0.0376472473144531 0.00918579101562501 -0.0755767822265625
0.0693778991699219 0.00632476806640625 0.01568603515625 -0.107460021972656
0.0680313110351563 0.0577888488769531 0.0383148193359375 -0.164306640625
0.0371856689453125 0.08837890625 0.07452392578125 -0.177963256835938
0.0121612548828125 0.117874145507813 0.145339965820313 -0.100433349609375
0.0558815002441406 0.0497245788574219 0.0454750061035156 -0.0309371948242187
0.0383987426757812 0.014068603515625 0.0509223937988281 0.0400886535644531
0.0271701812744141 -0.00708961486816406 0.117034912109375 0.00714111328125
0.0140552520751953 -0.0145397186279297 0.114852905273437 -0.0665969848632813
0.00400161743164063 -0.0229644775390625 0.0667495727539063 -0.132568359375
-0.0102996826171875 -0.0353317260742188 0.0121307373046875 -0.143264770507813
-0.0121231079101563 -0.0390090942382813 -0.00756835937499999 -0.113410949707031
-0.0140953063964844 -0.0484580993652344 -0.00396728515625001 -0.0922622680664063
0.00765228271484376 -0.0607032775878906 0.00247955322265626 -0.078857421875
0.0476951599121094 -0.052093505859375 0.00128936767578126 -0.0567665100097656
0.084075927734375 -0.0150680541992188 0.00408935546875001 -0.0626907348632813
0.08575439453125 0.0663604736328125 0.001953125 -0.0914154052734375
0.0560531616210938 0.128265380859375 0.0286712646484375 -0.13787841796875
-0.000579833984375017 0.150405883789063 0.068756103515625 -0.143569946289063
-0.03546142578125 0.170944213867187 0.143661499023438 -0.0494232177734375
0.0386199951171875 0.121894836425781 0.0503921508789063 0.00474548339843751
0.0644378662109375 0.0815048217773438 0.0546417236328125 0.05859375
0.0826492309570313 0.0223312377929688 0.121414184570313 0.0235595703125
0.0685005187988281 -0.0230445861816406 0.118431091308594 -0.0484237670898438
0.0401458740234375 -0.0631866455078125 0.0730209350585938 -0.114471435546875
0.006561279296875 -0.0813446044921875 0.0193557739257812 -0.124313354492188
0.00472259521484375 -0.0801315307617188 -0.00353240966796876 -0.0933151245117188
0.00469207763671876 -0.0943374633789063 -0.00212478637695312 -0.0693550109863281
0.0376052856445312 -0.0963668823242188 -0.00369262695312499 -0.0601310729980469
0.0907745361328125 -0.065460205078125 -0.0103492736816406 -0.03753662109375
0.123489379882813 -0.00527191162109375 -0.00723648071289062 -0.0459938049316406
0.102043151855469 0.107475280761719 -0.0107574462890625 -0.073486328125
0.049102783203125 0.176467895507813 0.020416259765625 -0.102828979492187
-0.03076171875 0.190399169921875 0.0499496459960937 -0.0933685302734375
-0.0812835693359375 0.196380615234375 0.122611999511719 0.017333984375
0.00723266601562502 0.17523193359375 0.0444412231445313 0.0538558959960938
0.0726470947265625 0.141830444335938 0.0503692626953125 0.0816497802734375
0.12664794921875 0.0566024780273438 0.1129150390625 0.0451278686523438
0.114181518554688 -0.02276611328125 0.108894348144531 -0.0213775634765625
0.0747451782226563 -0.09228515625 0.072296142578125 -0.0803680419921875
0.0238723754882812 -0.115203857421875 0.0247650146484375 -0.0898895263671875
0.020172119140625 -0.110198974609375 0.00121688842773437 -0.0601959228515625
0.0198516845703125 -0.127838134765625 0.000236511230468751 -0.0344619750976563
0.0575942993164063 -0.120315551757813 -0.0106563568115234 -0.0285320281982422
0.118057250976563 -0.0745086669921875 -0.0237674713134766 -0.011566162109375
0.14678955078125 -0.0005645751953125 -0.0207290649414062 -0.0284805297851563
0.11016845703125 0.130020141601563 -0.0193214416503906 -0.0559768676757812
0.0413360595703125 0.201339721679688 0.0190467834472656 -0.064300537109375
-0.0547943115234375 0.204742431640625 0.0252609252929688 -0.0354156494140625
-0.115234375 0.186737060546875 0.0823516845703125 0.08837890625
-0.031585693359375 0.194381713867188 0.0270767211914062 0.107009887695313
0.0559539794921875 0.179672241210938 0.03778076171875 0.1038818359375
0.14190673828125 0.0904998779296875 0.0900497436523438 0.067962646484375
0.140396118164063 -0.0101470947265625 0.0871810913085938 0.0111312866210938
0.0999069213867188 -0.102157592773438 0.0620384216308594 -0.0362930297851563
0.0389175415039063 -0.129264831542969 0.0257720947265625 -0.0425682067871094
0.032440185546875 -0.12261962890625 0.00541019439697266 -0.0174350738525391
0.0325469970703125 -0.142257690429688 0.00220775604248047 0.00848913192749023
0.0688323974609375 -0.129684448242188 -0.0184783935546875 0.00949668884277343
0.1314697265625 -0.0735549926757813 -0.0365028381347656 0.01763916015625
0.153289794921875 0.0072174072265625 -0.0338993072509766 -0.0114669799804687
0.101966857910156 0.140327453613281 -0.022613525390625 -0.0415725708007812
0.0218963623046875 0.200912475585938 0.0215225219726562 -0.0258522033691406
-0.075408935546875 0.190658569335937 -0.00330924987792969 0.0244617462158203
-0.127609252929688 0.140884399414062 0.0327911376953125 0.147811889648437
-0.0659027099609375 0.168777465820312 -0.000213623046874992 0.150665283203125
0.0209808349609375 0.177413940429688 0.019775390625 0.115791320800781
0.121307373046875 0.108245849609375 0.056976318359375 0.0821456909179688
0.137496948242188 0.00803375244140625 0.0552253723144531 0.0390968322753906
0.107383728027344 -0.0909423828125 0.0430564880371094 0.00858306884765624
0.0488052368164062 -0.122894287109375 0.0223236083984375 0.00857353210449218
0.040313720703125 -0.116325378417969 0.009002685546875 0.0278472900390625
0.040496826171875 -0.135810852050781 0.00127410888671875 0.0519866943359375
0.0733108520507813 -0.120674133300781 -0.0283889770507813 0.0478858947753906
0.129348754882813 -0.061431884765625 -0.0510368347167969 0.0436019897460937
0.142410278320313 0.017364501953125 -0.0480079650878906 0.00287628173828126
0.078369140625 0.139625549316406 -0.0260906219482422 -0.0312423706054687
-0.00497436523437502 0.1815185546875 0.0206680297851563 0.0068950653076172
-0.0926361083984375 0.154693603515625 -0.037872314453125 0.0772781372070313
-0.114212036132813 0.0692977905273438 -0.0164794921875 0.185104370117187
-0.081695556640625 0.107765197753906 -0.02655029296875 0.175689697265625
-0.0171966552734375 0.135299682617188 0.00323486328125001 0.117103576660156
0.0757369995117187 0.100822448730469 0.0261306762695313 0.0855865478515625
0.105270385742188 0.0228652954101563 0.02392578125 0.055694580078125
0.0939178466796875 -0.0634765625 0.0212860107421875 0.0459785461425781
0.0483169555664063 -0.0952224731445313 0.0162315368652344 0.0535163879394531
0.040496826171875 -0.0924072265625 0.0108184814453125 0.0683059692382812
0.042755126953125 -0.109283447265625 -0.000762939453125006 0.0916061401367188
0.06842041015625 -0.0969619750976563 -0.0398406982421875 0.0841293334960937
0.112991333007813 -0.0427627563476563 -0.0671844482421875 0.0650291442871094
0.116020202636719 0.0273361206054688 -0.0647163391113281 0.0117225646972656
0.046234130859375 0.126846313476563 -0.0313949584960938 -0.0258903503417969
-0.034332275390625 0.14337158203125 0.013092041015625 0.033050537109375
-0.101898193359375 0.0975494384765625 -0.0766830444335938 0.115264892578125
-0.0825958251953125 -0.0138168334960937 -0.049560546875 0.196212768554688
-0.0801315307617188 0.0280685424804688 -0.042755126953125 0.178421020507813
-0.0463447570800781 0.0669288635253906 -0.00325775146484376 0.107864379882812
0.0205078125 0.0719528198242188 0.00476837158203126 0.0812911987304688
0.0556526184082031 0.0316123962402344 0.00098800659179688 0.0618400573730469
0.0635643005371094 -0.0268058776855469 0.00460052490234375 0.069183349609375
0.0399322509765625 -0.0526809692382813 0.0109329223632813 0.0856475830078125
0.0333938598632813 -0.0542793273925781 0.0100860595703125 0.0980148315429688
0.0371475219726563 -0.0684394836425781 -0.00566101074218751 0.120147705078125
0.0533256530761719 -0.0606575012207031 -0.0514373779296875 0.110382080078125
0.0831985473632813 -0.02117919921875 -0.0830001831054687 0.078887939453125
0.0789718627929687 0.0298538208007812 -0.0809173583984375 0.0164566040039062
0.0142974853515625 0.0975723266601562 -0.0405693054199219 -0.0239715576171875
-0.0543594360351562 0.0884552001953125 -0.00373077392578125 0.0491752624511719
-0.0953140258789063 0.0305252075195313 -0.115516662597656 0.133293151855469
0.0563278198242188 0.0464630126953125 0.116653442382812 -0.143234252929688
0.0573234558105469 -0.027984619140625 0.0263862609863281 -0.0539283752441406
0.00272369384765625 -0.0451202392578125 0.0443191528320313 0.025115966796875
-0.0313930511474609 -0.0243549346923828 0.107246398925781 -0.008453369140625
-0.0353126525878906 0.0043182373046875 0.0985260009765625 -0.0817947387695313
-0.0264987945556641 0.0230617523193359 0.0455093383789062 -0.136894226074219
-0.0228958129882813 0.0171623229980469 -0.00535583496093749 -0.142532348632813
-0.0265712738037109 0.0122547149658203 -0.0209808349609375 -0.114578247070313
-0.0333499908447266 0.00770759582519531 -0.0158233642578125 -0.0979843139648438
-0.0313510894775391 -0.0175876617431641 -0.00588226318359375 -0.0841217041015625
-0.00849533081054687 -0.0419425964355469 -0.000625610351562508 -0.070953369140625
0.0326347351074219 -0.0410575866699219 0.002685546875 -0.0797576904296875
0.0698432922363281 0.000171661376953125 0.00989532470703126 -0.1087646484375
0.0737686157226563 0.0521697998046875 0.028045654296875 -0.168899536132813
0.0443649291992187 0.086090087890625 0.0612030029296875 -0.186599731445313
0.0209197998046875 0.118377685546875 0.137725830078125 -0.113990783691406
0.061126708984375 0.0451889038085938 0.0412406921386719 -0.0350379943847656
0.0400848388671875 0.0121383666992188 0.0530548095703125 0.0375289916992188
0.0259723663330078 -0.0103034973144531 0.119476318359375 0.000900268554687499
0.0144882202148438 -0.0164804458618164 0.110595703125 -0.0748291015625
0.002105712890625 -0.0246219635009766 0.0563507080078125 -0.137100219726563
-0.0128936767578125 -0.036468505859375 -0.000228881835937489 -0.143936157226563
-0.0155677795410156 -0.0377426147460938 -0.0174179077148438 -0.111663818359375
-0.0194129943847656 -0.0462417602539063 -0.0131607055664062 -0.092132568359375
0.00168609619140624 -0.0620155334472656 -0.00626373291015624 -0.0797653198242188
0.0437507629394531 -0.0563011169433594 -0.00551605224609375 -0.0600929260253906
0.0834732055664063 -0.023284912109375 -0.00105285644531249 -0.0658988952636719
0.09124755859375 0.0589218139648438 -0.00248718261718749 -0.092376708984375
0.0670928955078125 0.123931884765625 0.019012451171875 -0.140762329101563
0.01080322265625 0.151229858398437 0.0568084716796875 -0.152786254882812
-0.0222930908203125 0.174591064453125 0.141433715820312 -0.06304931640625
0.0491714477539063 0.120307922363281 0.0500068664550781 0.000785827636718757
0.071502685546875 0.0761184692382813 0.0575370788574219 0.0563697814941406
0.0868453979492188 0.0147247314453125 0.124794006347656 0.0167922973632813
0.0669784545898438 -0.0297393798828125 0.114768981933594 -0.058258056640625
0.0345382690429688 -0.0684967041015625 0.0643539428710938 -0.120384216308594
-0.000808715820312507 -0.0822601318359375 0.00875091552734376 -0.127128601074219
-0.00218963623046876 -0.0808792114257813 -0.0117340087890625 -0.0924148559570312
-0.00417327880859374 -0.0950241088867188 -0.00890350341796874 -0.0709075927734375
0.0262680053710938 -0.099334716796875 -0.0117835998535156 -0.05975341796875
0.0847320556640625 -0.074005126953125 -0.0146751403808594 -0.0376472473144531
0.124191284179688 -0.0165863037109375 -0.0114059448242187 -0.0489006042480469
0.111930847167969 0.0978012084960938 -0.0148849487304687 -0.073486328125
0.0649566650390625 0.172317504882813 0.0136871337890625 -0.105567932128906
-0.0162200927734375 0.195144653320313 0.0412521362304688 -0.101913452148437
-0.0646209716796875 0.20361328125 0.124610900878906 0.00628662109375001
0.0236663818359375 0.174880981445313 0.0481224060058594 0.0498313903808594
0.0850601196289062 0.137458801269531 0.056121826171875 0.0805892944335938
0.132392883300781 0.0460281372070313 0.116226196289063 0.0387420654296875
0.113136291503906 -0.0325927734375 0.108993530273437 -0.0279769897460938
0.065643310546875 -0.0993881225585937 0.0678253173828125 -0.0857772827148438
0.0136489868164063 -0.117622375488281 0.0169906616210938 -0.0918807983398438
0.00989532470703126 -0.111579895019531 -0.00498199462890625 -0.0615005493164063
0.00791931152343748 -0.1290283203125 -0.00387954711914063 -0.0346240997314453
0.0451126098632812 -0.125709533691406 -0.0157623291015625 -0.0279045104980469
0.111404418945312 -0.0862197875976563 -0.0275707244873047 -0.0106678009033203
0.148590087890625 -0.0150299072265625 -0.0226230621337891 -0.0297050476074219
0.123382568359375 0.120811462402344 -0.0222587585449219 -0.055999755859375
0.0595550537109375 0.197250366210938 0.0142593383789062 -0.0670166015625
-0.03790283203125 0.2105712890625 0.0210342407226562 -0.0404548645019531
-0.100082397460938 0.196502685546875 0.0909500122070313 0.0811767578125
-0.014373779296875 0.19708251953125 0.0347213745117188 0.104171752929688
0.0725250244140625 0.175445556640625 0.0436248779296875 0.102035522460938
0.149673461914063 0.0772247314453125 0.0948715209960938 0.062896728515625
0.14031982421875 -0.02191162109375 0.0881423950195313 0.0060272216796875
0.091583251953125 -0.111412048339844 0.0592765808105469 -0.0406684875488281
0.0275421142578125 -0.135086059570313 0.0221328735351563 -0.0448074340820313
0.021240234375 -0.125114440917969 0.00376510620117188 -0.0187301635742188
0.0186767578125 -0.144607543945313 0.00192737579345703 0.00751733779907226
0.0550918579101563 -0.136405944824219 -0.0201244354248047 0.0113697052001953
0.125282287597656 -0.087310791015625 -0.0367927551269531 0.0187950134277344
0.15606689453125 -0.006988525390625 -0.0348052978515625 -0.0101814270019531
0.11541748046875 0.132095336914063 -0.0244369506835937 -0.0420761108398437
0.0420379638671875 0.200347900390625 0.0213737487792969 -0.0292549133300781
-0.0597991943359375 0.198593139648438 -0.00234794616699219 0.0228996276855469
-0.115402221679688 0.152816772460938 0.0457916259765625 0.145217895507813
-0.052520751953125 0.173736572265625 0.01129150390625 0.1510009765625
0.036163330078125 0.176483154296875 0.0262222290039063 0.11669921875
0.130577087402344 0.0981826782226563 0.0627822875976563 0.0808944702148438
0.138847351074219 -0.00435638427734375 0.0588150024414063 0.0360984802246094
0.0986328125 -0.101516723632813 0.04534912109375 0.00608062744140624
0.0381317138671875 -0.127830505371094 0.0238208770751953 0.00696372985839843
0.0298004150390625 -0.119354248046875 0.00991630554199219 0.0271530151367187
0.0269775390625 -0.1395263671875 0.00550460815429688 0.0517921447753906
0.0618133544921875 -0.128318786621094 -0.0259552001953125 0.0508308410644531
0.12506103515625 -0.0746231079101563 -0.0477333068847656 0.0473747253417969
0.143936157226562 0.0038909912109375 -0.0475387573242187 0.00513076782226563
0.0922012329101563 0.133758544921875 -0.0279045104980469 -0.0310325622558594
0.0114288330078125 0.183212280273438 0.0214633941650391 0.00438308715820314
-0.0796966552734375 0.162368774414063 -0.0316238403320313 0.0794601440429688
-0.107192993164062 0.0781936645507813 -0.00123596191406251 0.189468383789063
-0.0728530883789063 0.115493774414063 -0.013702392578125 0.17742919921875
-0.00746917724609375 0.137245178222656 0.0108566284179688 0.118995666503906
0.086334228515625 0.0941009521484375 0.0306243896484375 0.0863418579101563
0.107734680175781 0.0143051147460937 0.0272865295410156 0.0562248229980469
0.0886611938476563 -0.0733642578125 0.0268478393554688 0.0428390502929687
0.0409317016601563 -0.0996246337890625 0.0220108032226563 0.0524024963378906
0.0326080322265625 -0.096649169921875 0.0161819458007813 0.067352294921875
0.0332412719726563 -0.114883422851562 0.00639343261718751 0.09033203125
0.0598068237304688 -0.102165222167969 -0.03399658203125 0.0851364135742188
0.10943603515625 -0.053619384765625 -0.0622482299804687 0.0704803466796875
0.118934631347656 0.0164108276367188 -0.0630989074707031 0.0171852111816406
0.0587310791015625 0.123130798339844 -0.0338153839111328 -0.0244865417480469
-0.0217437744140625 0.146194458007813 0.0157756805419922 0.0317363739013672
-0.094879150390625 0.106277465820313 -0.0681381225585937 0.122322082519531
-0.083587646484375 -0.00660705566406251 -0.033172607421875 0.203125
-0.076873779296875 0.0354690551757812 -0.0288848876953125 0.182907104492187
-0.0401077270507813 0.0712738037109375 0.00318908691406249 0.110404968261719
0.0279388427734375 0.0699844360351563 0.0100326538085937 0.0843505859375
0.0587539672851562 0.0255622863769531 0.00680160522460938 0.0641326904296875
0.0618057250976563 -0.0334014892578125 0.0115928649902344 0.0699844360351563
0.0356330871582031 -0.0576133728027344 0.0179214477539062 0.084869384765625
0.0299606323242187 -0.0574607849121094 0.0170516967773438 0.0962295532226563
0.0311431884765625 -0.0719070434570313 0.00465393066406251 0.120368957519531
0.048370361328125 -0.0667762756347656 -0.0432586669921875 0.113739013671875
0.0817031860351563 -0.0296554565429688 -0.076812744140625 0.086700439453125
0.08111572265625 0.02325439453125 -0.0799942016601563 0.0218963623046875
0.0216751098632812 0.0960769653320313 -0.0424385070800781 -0.0212440490722656
-0.0470428466796875 0.0925140380859375 -0.000831604003906249 0.0471153259277344
-0.0926437377929688 0.0382232666015625 -0.10455322265625 0.141387939453125
0.0583915710449219 0.0413589477539063 0.107894897460937 -0.150970458984375
0.0548248291015625 -0.03076171875 0.0218124389648438 -0.055145263671875
0.000942230224609378 -0.0446014404296875 0.0447425842285156 0.0251121520996094
-0.0320301055908203 -0.0227870941162109 0.106674194335938 -0.012451171875
-0.03515625 0.00539398193359375 0.0946426391601563 -0.08551025390625
-0.0256080627441406 0.0247592926025391 0.0384368896484375 -0.137741088867188
-0.0214881896972656 0.0184345245361328 -0.0135650634765625 -0.141265869140625
-0.0263042449951172 0.013946533203125 -0.0273971557617187 -0.112991333007813
-0.0330333709716797 0.00999641418457031 -0.0228195190429688 -0.0964889526367187
-0.0314464569091797 -0.0148963928222656 -0.0114059448242188 -0.0835800170898438
-0.01092529296875 -0.0402717590332031 -0.0059814453125 -0.0725860595703125
0.0297203063964844 -0.0427169799804688 -0.000534057617187493 -0.0818252563476562
0.0690269470214844 -0.00372314453125 0.00653839111328125 -0.110191345214844
0.0758743286132812 0.048187255859375 0.02069091796875 -0.169891357421875
0.0486297607421875 0.0839691162109375 0.050323486328125 -0.192489624023438
0.0276107788085938 0.117561340332031 0.130905151367188 -0.122138977050781
0.063873291015625 0.040985107421875 0.0387687683105469 -0.0383338928222656
0.0423164367675781 0.0089569091796875 0.0541915893554687 0.0360488891601562
0.0263729095458984 -0.0115680694580078 0.118865966796875 -0.0051116943359375
0.0128803253173828 -0.0171947479248047 0.106475830078125 -0.0795364379882813
-0.000333786010742187 -0.0244178771972656 0.0496368408203125 -0.139053344726563
-0.0147972106933594 -0.0345726013183594 -0.007080078125 -0.143112182617188
-0.0179176330566406 -0.0358734130859375 -0.02520751953125 -0.109619140625
-0.0218696594238281 -0.0454139709472656 -0.019256591796875 -0.0910263061523438
-0.00193786621093751 -0.0604515075683594 -0.0128326416015625 -0.0789566040039063
0.03997802734375 -0.0584030151367188 -0.00962066650390624 -0.0596466064453125
0.0816497802734375 -0.02783203125 -0.00353240966796875 -0.0686683654785156
0.0944290161132812 0.0540924072265625 -0.00495147705078125 -0.0920562744140625
0.0736846923828125 0.119621276855469 0.0135650634765625 -0.141952514648438
0.0190887451171875 0.151687622070312 0.0478668212890625 -0.157623291015625
-0.011871337890625 0.175796508789063 0.137901306152344 -0.0709609985351562
0.0553970336914063 0.11517333984375 0.0492630004882813 -0.00286483764648437
0.076629638671875 0.0719757080078125 0.0595779418945313 0.0551795959472656
0.0875396728515625 0.008697509765625 0.124153137207031 0.011138916015625
0.0645561218261719 -0.0346221923828125 0.111900329589844 -0.0613021850585937
0.0294113159179687 -0.0704345703125 0.0590744018554687 -0.122764587402344
-0.00524139404296875 -0.0825271606445313 0.00129699707031251 -0.125595092773438
-0.00708770751953124 -0.0800552368164063 -0.0191879272460938 -0.0905838012695313
-0.0108642578125 -0.0941314697265625 -0.01434326171875 -0.0691795349121094
0.0209884643554687 -0.0998992919921875 -0.0161895751953125 -0.0587539672851563
0.0799102783203125 -0.0787887573242188 -0.0183372497558594 -0.0378608703613281
0.122077941894531 -0.0245285034179688 -0.013519287109375 -0.0513496398925781
0.117431640625 0.0924606323242188 -0.0165786743164062 -0.0736923217773438
0.075469970703125 0.16864013671875 0.00914764404296874 -0.106697082519531
-0.00494384765625001 0.195877075195313 0.0352020263671875 -0.10491943359375
-0.0524139404296875 0.207443237304688 0.125083923339844 -0.000724792480468737
0.0326385498046875 0.171768188476563 0.050018310546875 0.0467872619628906
0.0941238403320313 0.130622863769531 0.05755615234375 0.0787582397460938
0.136276245117188 0.0365142822265625 0.117256164550781 0.0353317260742188
0.111152648925781 -0.0403289794921875 0.107414245605469 -0.03192138671875
0.0587310791015625 -0.104690551757813 0.0634002685546875 -0.0899734497070313
0.00675201416015626 -0.117790222167969 0.0110626220703125 -0.0918731689453125
0.00368499755859376 -0.112213134765625 -0.00979995727539062 -0.0591773986816406
-0.00108337402343751 -0.129570007324219 -0.00651168823242187 -0.034759521484375
0.0358428955078125 -0.128219604492188 -0.0193157196044922 -0.0265998840332031
0.105422973632812 -0.092987060546875 -0.0270576477050781 -0.0100688934326172
0.147003173828125 -0.02435302734375 -0.0241546630859375 -0.0307807922363281
0.129837036132813 0.112541198730469 -0.0233383178710937 -0.0561714172363281
0.0718994140625 0.192657470703125 0.0124397277832031 -0.0686111450195312
-0.0266265869140625 0.212783813476563 0.0179176330566406 -0.0428733825683594
-0.08709716796875 0.202560424804687 0.09625244140625 0.0756683349609375
-0.00309753417968752 0.196487426757813 0.0390090942382813 0.101348876953125
0.08282470703125 0.171478271484375 0.0471115112304688 0.100914001464844
0.1552734375 0.0684356689453125 0.0970306396484375 0.060211181640625
0.138099670410156 -0.0313644409179688 0.0890274047851563 0.0023651123046875
0.0819473266601563 -0.118331909179687 0.0592231750488281 -0.0445098876953125
0.0191802978515625 -0.135482788085938 0.0195960998535156 -0.0458564758300781
0.0133209228515625 -0.126976013183594 0.00121498107910156 -0.0184230804443359
0.00865173339843749 -0.146453857421875 0.00113821029663086 0.00730419158935546
0.046539306640625 -0.138633728027344 -0.0214176177978516 0.0115604400634766
0.118995666503906 -0.0948562622070313 -0.0358314514160156 0.02105712890625
0.153717041015625 -0.018463134765625 -0.0342864990234375 -0.0116767883300781
0.123695373535156 0.123786926269531 -0.0259628295898437 -0.0418319702148437
0.0539703369140625 0.19635009765625 0.0191993713378906 -0.0308971405029297
-0.049591064453125 0.201919555664063 -0.00288963317871094 0.0211620330810547
-0.105545043945313 0.158981323242188 0.0541229248046875 0.143768310546875
-0.0413970947265625 0.1754150390625 0.01812744140625 0.149124145507813
0.046539306640625 0.174423217773438 0.0305328369140625 0.11578369140625
0.137916564941406 0.0885772705078125 0.0658340454101563 0.079620361328125
0.138580322265625 -0.0125656127929688 0.0619583129882813 0.0346260070800781
0.09136962890625 -0.108474731445313 0.0471305847167969 0.00270462036132812
0.0293121337890625 -0.1298828125 0.0243206024169922 0.00445938110351562
0.0213851928710938 -0.121498107910156 0.0106983184814453 0.0250740051269531
0.0177001953125 -0.141937255859375 0.00771713256835937 0.0503196716308594
0.0518951416015625 -0.131546020507813 -0.0241317749023437 0.0515861511230469
0.119178771972656 -0.0840225219726563 -0.0458145141601562 0.05010986328125
0.145172119140625 -0.0058135986328125 -0.0471267700195312 0.00547409057617186
0.101104736328125 0.127105712890625 -0.0294628143310547 -0.0310649871826172
0.022613525390625 0.180389404296875 0.0223045349121094 0.00209426879882814
-0.0716400146484375 0.167572021484375 -0.0286636352539062 0.080078125
-0.102317810058594 0.0857162475585938 0.0103607177734375 0.189773559570313
-0.0659332275390625 0.11798095703125 -0.00511169433593751 0.178421020507813
0.00289154052734375 0.137252807617188 0.0145263671875 0.1185302734375
0.0915756225585938 0.0875015258789063 0.0348129272460938 0.0869979858398438
0.108863830566406 0.0064849853515625 0.0326881408691406 0.055755615234375
0.0831527709960938 -0.0787734985351563 0.030487060546875 0.0421562194824219
0.0336380004882813 -0.102256774902344 0.0250091552734375 0.0504913330078125
0.0252761840820312 -0.0972747802734375 0.0183982849121094 0.0649261474609375
0.024383544921875 -0.1162109375 0.0118942260742188 0.08929443359375
0.0513916015625 -0.107192993164062 -0.0296859741210937 0.0881195068359375
0.106765747070313 -0.06121826171875 -0.0578384399414062 0.0731964111328125
0.12042236328125 0.0088043212890625 -0.0617828369140625 0.0183296203613281
0.0664749145507813 0.119285583496094 -0.0345516204833984 -0.0240306854248047
-0.0123748779296875 0.14630126953125 0.0174064636230469 0.0292091369628906
-0.0879287719726563 0.111289978027344 -0.0617523193359375 0.124298095703125
-0.0825576782226563 -0.00119781494140624 -0.02044677734375 0.207061767578125
-0.0739898681640625 0.040252685546875 -0.01983642578125 0.184738159179688
-0.0362319946289063 0.073211669921875 0.00556182861328125 0.111198425292969
0.0323829650878906 0.067840576171875 0.013702392578125 0.0852737426757812
0.0608062744140625 0.0217208862304687 0.0117912292480469 0.0646438598632813
0.0584678649902344 -0.0374298095703125 0.0174674987792969 0.0682945251464844
0.0313186645507813 -0.058868408203125 0.02374267578125 0.0831527709960938
0.0255279541015625 -0.05853271484375 0.0229721069335937 0.094757080078125
0.02703857421875 -0.074554443359375 0.0109329223632812 0.119140625
0.0432968139648438 -0.0685920715332031 -0.0370864868164063 0.115989685058594
0.0794601440429688 -0.0348892211914063 -0.0717086791992187 0.0888519287109375
0.083740234375 0.0188674926757813 -0.0782623291015625 0.0253372192382813
0.0287933349609375 0.0953826904296875 -0.0433692932128906 -0.0211677551269531
-0.04071044921875 0.0941543579101562 0.00310897827148438 0.0461387634277344
-0.0910186767578125 0.0420379638671875 -0.0972442626953125 0.147232055664062
0.0594711303710938 0.0407981872558594 0.103057861328125 -0.156509399414063
0.0553359985351563 -0.0336380004882813 0.0180282592773438 -0.0563240051269531
-0.000148773193359374 -0.0447349548339844 0.04620361328125 0.0259056091308594
-0.0340499877929688 -0.0211563110351563 0.108444213867187 -0.0156784057617187
-0.03466796875 0.00725746154785156 0.0929183959960938 -0.0890960693359375
-0.0248966217041016 0.0263652801513672 0.0334091186523438 -0.13995361328125
-0.0204944610595703 0.0194683074951172 -0.0191650390625 -0.141998291015625
-0.0255947113037109 0.0156726837158203 -0.0319671630859375 -0.111335754394531
-0.0326766967773438 0.0126571655273437 -0.0278244018554688 -0.0961837768554688
-0.0329170227050781 -0.0131969451904297 -0.0157928466796875 -0.08367919921875
-0.0133285522460937 -0.0391159057617188 -0.0100250244140625 -0.0743637084960938
0.0274810791015625 -0.0438613891601563 -0.0033111572265625 -0.0846176147460938
0.0699615478515625 -0.00630569458007813 0.00528717041015625 -0.111473083496094
0.0785598754882812 0.0461349487304687 0.0168304443359375 -0.172515869140625
0.0533828735351562 0.0837326049804687 0.0435943603515625 -0.199432373046875
0.0315322875976562 0.118034362792969 0.127395629882813 -0.129425048828125
0.0660171508789063 0.0392532348632813 0.0363044738769531 -0.0399513244628906
0.0442390441894531 0.00714492797851563 0.0559425354003906 0.0365791320800781
0.02716064453125 -0.0136604309082031 0.120391845703125 -0.00858306884765625
0.0122299194335938 -0.0183296203613281 0.105064392089844 -0.08294677734375
-0.00240707397460938 -0.0251407623291016 0.045166015625 -0.141128540039063
-0.0170326232910156 -0.0342597961425781 -0.013397216796875 -0.143280029296875
-0.0197963714599609 -0.0345859527587891 -0.0297927856445313 -0.108818054199219
-0.0244216918945312 -0.0443458557128906 -0.0238800048828125 -0.0908737182617188
-0.00503540039062499 -0.0608253479003906 -0.0169754028320312 -0.0785751342773438
0.0372657775878906 -0.0612258911132813 -0.0129318237304688 -0.0615921020507813
0.0813064575195313 -0.0311126708984375 -0.00619506835937499 -0.0719375610351563
0.0969696044921875 0.0507888793945313 -0.00596618652343749 -0.09405517578125
0.0795516967773438 0.118698120117188 0.0108184814453125 -0.144943237304688
0.025482177734375 0.153915405273438 0.042205810546875 -0.163497924804688
-0.00582885742187501 0.179534912109375 0.136085510253906 -0.0767593383789062
0.0609512329101563 0.11334228515625 0.0480842590332031 -0.00496673583984374
0.0814971923828125 0.0696563720703125 0.0608139038085938 0.0556907653808594
0.0895767211914063 0.0044708251953125 0.126319885253906 0.0088958740234375
0.0640830993652344 -0.0379180908203125 0.111579895019531 -0.0645294189453125
0.0255355834960938 -0.0726470947265625 0.0555572509765625 -0.125518798828125
-0.009490966796875 -0.0836105346679687 -0.0039825439453125 -0.12646484375
-0.011138916015625 -0.0804061889648438 -0.0231781005859375 -0.0900344848632813
-0.0154342651367187 -0.0944061279296875 -0.0181236267089844 -0.0690383911132813
0.0154495239257813 -0.101669311523438 -0.0204696655273437 -0.0582733154296875
0.0767364501953125 -0.0836563110351563 -0.0211868286132813 -0.0392608642578125
0.122703552246094 -0.029632568359375 -0.0155181884765625 -0.0540199279785156
0.122108459472656 0.0885009765625 -0.0179977416992187 -0.075408935546875
0.0828399658203125 0.167129516601563 0.00732421875 -0.108970642089844
0.00158691406249999 0.198593139648437 0.0309982299804687 -0.109809875488281
-0.044952392578125 0.212478637695313 0.127098083496094 -0.00559997558593749
0.03955078125 0.171844482421875 0.0506057739257813 0.0442237854003906
0.100044250488281 0.129554748535156 0.0595321655273438 0.0798492431640625
0.139175415039063 0.0307540893554688 0.119659423828125 0.033477783203125
0.110397338867188 -0.0457916259765625 0.107749938964844 -0.034210205078125
0.05364990234375 -0.108291625976563 0.0615463256835938 -0.0925445556640625
0.00104522705078124 -0.120002746582031 0.0077972412109375 -0.0933685302734375
-0.00202941894531249 -0.11309814453125 -0.0133895874023437 -0.0585823059082031
-0.00763702392578124 -0.130516052246094 -0.00930023193359375 -0.0352249145507813
0.0297088623046875 -0.130447387695313 -0.0224933624267578 -0.0258312225341797
0.101852416992187 -0.0996170043945313 -0.0288181304931641 -0.00979232788085939
0.14697265625 -0.031524658203125 -0.0261173248291016 -0.0331668853759766
0.136253356933594 0.10833740234375 -0.0247764587402344 -0.0575523376464844
0.08099365234375 0.191925048828125 0.010955810546875 -0.0705642700195312
-0.0194091796875 0.216842651367188 0.0157318115234375 -0.0460205078125
-0.0797119140625 0.207656860351563 0.0998077392578125 0.07293701171875
0.00440979003906248 0.197067260742187 0.0411529541015625 0.0998611450195313
0.0905303955078125 0.16973876953125 0.0484161376953125 0.102546691894531
0.159759521484375 0.0611724853515625 0.099212646484375 0.0605392456054688
0.138046264648438 -0.0382537841796875 0.0904693603515625 0.00171661376953125
0.0769500732421875 -0.123741149902344 0.0593452453613281 -0.0472869873046875
0.0128555297851563 -0.138038635253906 0.0177497863769531 -0.0474166870117188
0.00762939453125001 -0.128410339355469 -0.000982284545898437 -0.0179691314697266
0.0015106201171875 -0.148223876953125 0.000212192535400391 0.00650024414062499
0.0390472412109375 -0.141738891601563 -0.0228996276855469 0.0134391784667969
0.11566162109375 -0.10235595703125 -0.0357589721679687 0.0218582153320313
0.155349731445313 -0.0262908935546875 -0.0360755920410156 -0.0134620666503906
0.130615234375 0.120185852050781 -0.0277633666992187 -0.04290771484375
0.0628814697265625 0.195281982421875 0.0186672210693359 -0.0334892272949219
-0.042694091796875 0.206680297851563 -0.00271415710449219 0.0207023620605469
-0.0997467041015625 0.164657592773438 0.06048583984375 0.143341064453125
-0.035064697265625 0.178070068359375 0.022613525390625 0.149002075195313
0.0538177490234375 0.174774169921875 0.03143310546875 0.117866516113281
0.142471313476563 0.0833892822265625 0.0687332153320313 0.0806961059570313
0.138824462890625 -0.019439697265625 0.0639190673828125 0.0350456237792969
0.0865097045898438 -0.11383056640625 0.0490646362304688 0.000766754150390618
0.0231552124023437 -0.132614135742188 0.0246353149414062 0.00338554382324218
0.015716552734375 -0.124099731445312 0.0108489990234375 0.0253410339355469
0.0108795166015625 -0.14459228515625 0.00916671752929687 0.0498886108398437
0.0454025268554688 -0.135154724121094 -0.0241203308105469 0.0529937744140625
0.116989135742188 -0.0913314819335938 -0.0442466735839844 0.0511856079101562
0.147018432617187 -0.0128936767578125 -0.0476570129394531 0.00494003295898437
0.107887268066406 0.124176025390625 -0.0306243896484375 -0.0320625305175781
0.0308837890625 0.180465698242188 0.0228080749511719 -0.000238418579101551
-0.0664825439453125 0.172775268554688 -0.0268936157226563 0.0803680419921875
-0.0989532470703125 0.0905532836914063 0.018402099609375 0.192108154296875
-0.061614990234375 0.1207275390625 3.05175781250056E-05 0.179412841796875
0.00785827636718751 0.138809204101563 0.0156631469726562 0.12078857421875
0.096282958984375 0.08489990234375 0.0370559692382813 0.0890045166015625
0.11016845703125 0.00162506103515625 0.0346832275390625 0.0569000244140625
0.0787277221679688 -0.0835723876953125 0.033599853515625 0.0412864685058594
0.0284881591796875 -0.105308532714844 0.0273246765136719 0.0494613647460937
0.021392822265625 -0.100486755371094 0.0203285217285156 0.0647239685058594
0.018951416015625 -0.119407653808594 0.0143280029296875 0.088958740234375
0.046905517578125 -0.110336303710938 -0.027496337890625 0.0895156860351563
0.1051025390625 -0.0680160522460938 -0.055999755859375 0.0755538940429688
0.123222351074219 0.003326416015625 -0.0617256164550781 0.0182876586914062
0.0725784301757813 0.118072509765625 -0.0358848571777344 -0.0246505737304687
-0.0056610107421875 0.147979736328125 0.0186538696289063 0.0282497406005859
-0.084869384765625 0.116523742675781 -0.0578460693359375 0.127479553222656
-0.0816421508789063 0.00148773193359376 -0.0125579833984375 0.2110595703125
-0.0729217529296875 0.0422821044921875 -0.0145721435546875 0.187545776367188
-0.0340042114257813 0.0759124755859375 0.00710296630859374 0.113121032714844
0.0356903076171875 0.0667266845703125 0.0154342651367188 0.0876388549804688
0.06201171875 0.019012451171875 0.0139999389648438 0.0660514831542969
0.0566596984863281 -0.0410499572753906 0.0211868286132813 0.068145751953125
0.0282707214355469 -0.0609664916992188 0.0277481079101562 0.082672119140625
0.0225296020507813 -0.0613059997558594 0.0263748168945313 0.0938568115234375
0.022979736328125 -0.0772628784179688 0.0152587890625 0.119056701660156
0.0406570434570313 -0.0717010498046875 -0.0334396362304688 0.118011474609375
0.07952880859375 -0.0392608642578125 -0.0692138671875 0.0925827026367188
0.0859451293945313 0.015472412109375 -0.0778884887695312 0.027008056640625
0.0327911376953125 0.0950469970703125 -0.0451736450195313 -0.0212059020996094
-0.0377120971679688 0.0963516235351563 0.0047454833984375 0.0456390380859375
-0.0906143188476563 0.0452651977539062 -0.09210205078125 0.152481079101563
0.0622901916503906 0.0413055419921875 0.100250244140625 -0.165618896484375
0.0559425354003906 -0.0369644165039063 0.01458740234375 -0.0582923889160156
-0.001068115234375 -0.0464057922363281 0.0479164123535156 0.0276870727539062
-0.0356674194335938 -0.0204277038574219 0.111503601074219 -0.0189590454101563
-0.0359153747558594 0.00895309448242188 0.09375 -0.0945816040039063
-0.0249366760253906 0.0283603668212891 0.03045654296875 -0.144134521484375
-0.0205535888671875 0.0214481353759766 -0.025177001953125 -0.145095825195313
-0.0251216888427734 0.0182285308837891 -0.0374298095703125 -0.11236572265625
-0.0333042144775391 0.0147972106933594 -0.0331954956054687 -0.0976486206054688
-0.0339908599853516 -0.0116062164306641 -0.0201950073242188 -0.0855636596679688
-0.0155143737792969 -0.0391807556152344 -0.013885498046875 -0.0775985717773437
0.0261001586914062 -0.0460853576660156 -0.005950927734375 -0.0892486572265625
0.0714111328125 -0.00859832763671875 0.00489044189453125 -0.116477966308594
0.0826568603515625 0.0452651977539063 0.0127716064453125 -0.17919921875
0.0581741333007813 0.0852203369140625 0.037628173828125 -0.209686279296875
0.0362625122070312 0.121566772460937 0.126846313476563 -0.138671875
0.0696983337402344 0.0374412536621094 0.03436279296875 -0.0423011779785156
0.0473480224609375 0.00614547729492187 0.0577735900878906 0.0385284423828125
0.027191162109375 -0.0155010223388672 0.124382019042969 -0.0113449096679688
0.0119724273681641 -0.0196800231933594 0.106605529785156 -0.0877914428710938
-0.0043487548828125 -0.0260105133056641 0.042266845703125 -0.14654541015625
-0.0198631286621094 -0.0346546173095703 -0.0188446044921875 -0.147003173828125
-0.0216407775878906 -0.0344772338867188 -0.0351181030273438 -0.110008239746094
-0.0275650024414063 -0.0437812805175781 -0.0294113159179688 -0.0924072265625
-0.008453369140625 -0.0617103576660156 -0.021697998046875 -0.080078125
0.0354042053222656 -0.0643501281738281 -0.0168228149414062 -0.0646171569824219
0.0822830200195313 -0.0356597900390625 -0.00927734374999999 -0.0765457153320312
0.10186767578125 0.0492477416992188 -0.00655364990234375 -0.0975799560546875
0.0867462158203125 0.119331359863281 0.00787353515625 -0.151260375976563
0.0314178466796875 0.158782958984375 0.0365142822265625 -0.172836303710938
3.05175781250176E-05 0.186325073242188 0.137596130371094 -0.0849685668945312
0.0669403076171875 0.113868713378906 0.0474395751953125 -0.00707244873046874
0.0880279541015625 0.068878173828125 0.0636711120605469 0.0579681396484375
0.0925216674804688 6.103515625E-05 0.130386352539062 0.00677490234375
0.0645294189453125 -0.0421333312988281 0.114112854003906 -0.0683135986328125
0.0221481323242187 -0.0766448974609375 0.0539474487304688 -0.13037109375
-0.0138397216796875 -0.0857696533203125 -0.008758544921875 -0.129997253417969
-0.01513671875 -0.0817413330078125 -0.0285110473632812 -0.090972900390625
-0.0207672119140625 -0.0957489013671875 -0.0224571228027344 -0.0701141357421875
0.0109024047851562 -0.104568481445312 -0.0250473022460937 -0.0587882995605469
0.0749740600585938 -0.0896835327148438 -0.0240859985351563 -0.0409355163574219
0.124893188476563 -0.036285400390625 -0.0184898376464844 -0.0579948425292969
0.129371643066406 0.0858535766601563 -0.0186691284179687 -0.078216552734375
0.09246826171875 0.169570922851563 0.00513458251953127 -0.114402770996094
0.00907897949218751 0.206314086914063 0.0267486572265625 -0.115928649902344
-0.038970947265625 0.221099853515625 0.130393981933594 -0.0109634399414062
0.0466766357421875 0.17474365234375 0.0516433715820313 0.0434150695800781
0.108627319335938 0.130767822265625 0.06170654296875 0.0829086303710938
0.145172119140625 0.02508544921875 0.124092102050781 0.0331268310546875
0.111534118652344 -0.0524063110351563 0.110809326171875 -0.0360565185546875
0.0493087768554688 -0.114219665527344 0.061187744140625 -0.0965347290039063
-0.00514984130859375 -0.123779296875 0.00411987304687499 -0.0961380004882813
-0.00736999511718749 -0.116233825683594 -0.0171127319335938 -0.0589523315429688
-0.0145034790039063 -0.134101867675781 -0.0122528076171875 -0.0360221862792969
0.0232467651367188 -0.135086059570313 -0.0257301330566406 -0.0254611968994141
0.0998077392578125 -0.107986450195313 -0.0309200286865234 -0.0100040435791016
0.149948120117188 -0.0392303466796875 -0.0286636352539062 -0.0361175537109375
0.144439697265625 0.106582641601563 -0.0263137817382812 -0.0604248046875
0.09124755859375 0.19403076171875 0.01019287109375 -0.0750808715820312
-0.0125274658203125 0.225341796875 0.0132980346679688 -0.049713134765625
-0.0746612548828125 0.21697998046875 0.10565185546875 0.0709915161132813
0.0115814208984375 0.201828002929687 0.0442352294921875 0.100654602050781
0.0998077392578125 0.172225952148438 0.0511322021484375 0.10638427734375
0.166778564453125 0.055908203125 0.103904724121094 0.0618057250976562
0.141021728515625 -0.045074462890625 0.094390869140625 0.00153350830078125
0.0721893310546875 -0.130393981933594 0.0604286193847656 -0.0506629943847656
0.0064239501953125 -0.142608642578125 0.016387939453125 -0.0495033264160156
0.00153350830078126 -0.132637023925781 -0.00341796875 -0.0181999206542969
-0.00630187988281251 -0.153182983398437 -0.000421047210693359 0.00629711151123046
0.0325927734375 -0.147491455078125 -0.02484130859375 0.0145378112792969
0.1134033203125 -0.111663818359375 -0.0367088317871094 0.0226211547851562
0.15838623046875 -0.034912109375 -0.0389366149902344 -0.0149116516113281
0.140037536621094 0.118316650390625 -0.0297317504882812 -0.0450668334960937
0.072601318359375 0.198257446289062 0.01922607421875 -0.0363693237304687
-0.03643798828125 0.21533203125 -0.00323104858398438 0.0196590423583984
-0.09619140625 0.173431396484375 0.06793212890625 0.145706176757813
-0.02911376953125 0.184234619140625 0.02630615234375 0.151901245117188
0.0620574951171875 0.17889404296875 0.0341110229492188 0.122383117675781
0.150848388671875 0.0792236328125 0.072357177734375 0.083740234375
0.14227294921875 -0.0261077880859375 0.0675125122070313 0.0364723205566406
0.0827789306640625 -0.1212158203125 0.0514869689941406 -0.000915527343750007
0.017120361328125 -0.137809753417969 0.0256595611572266 0.0022602081298828
0.010284423828125 -0.128494262695313 0.0103282928466797 0.0257701873779297
0.0033416748046875 -0.150466918945313 0.0100746154785156 0.0501441955566406
0.03955078125 -0.141189575195313 -0.0245819091796875 0.0556526184082031
0.115913391113281 -0.100433349609375 -0.044189453125 0.0536689758300781
0.150985717773438 -0.019927978515625 -0.0497245788574219 0.00434112548828124
0.116470336914063 0.123405456542969 -0.0327663421630859 -0.0335159301757812
0.038909912109375 0.184188842773438 0.0239162445068359 -0.00196075439453124
-0.0622100830078125 0.18115234375 -0.0259017944335937 0.0829849243164063
-0.0986251831054688 0.096160888671875 0.02716064453125 0.198028564453125
-0.059783935546875 0.125938415527344 0.00427246093750001 0.184677124023438
0.012542724609375 0.143722534179688 0.01800537109375 0.125274658203125
0.103080749511719 0.08294677734375 0.0407562255859375 0.0932998657226563
0.113746643066406 -0.0031280517578125 0.03802490234375 0.0598335266113281
0.076324462890625 -0.090057373046875 0.0374298095703125 0.0410652160644531
0.02410888671875 -0.109634399414063 0.030517578125 0.0499725341796875
0.0169525146484375 -0.104293823242188 0.0222816467285156 0.0665092468261719
0.0133132934570312 -0.124900817871094 0.017669677734375 0.0906448364257812
0.0425872802734375 -0.115753173828125 -0.0262374877929688 0.0934371948242187
0.105110168457031 -0.0759963989257813 -0.0547256469726563 0.0792236328125
0.127433776855469 -0.001800537109375 -0.0638160705566406 0.0191307067871094
0.0799636840820313 0.118011474609375 -0.0381622314453125 -0.0253753662109375
-0.000427246093749984 0.152114868164062 0.0203495025634766 0.0274677276611328
-0.084228515625 0.1234130859375 -0.0556640625 0.13226318359375
-0.0835952758789063 0.00421905517578124 -0.00424194335937501 0.21954345703125
-0.0735931396484375 0.0458984375 -0.0101165771484375 0.194015502929688
-0.0326690673828125 0.08001708984375 0.008941650390625 0.117538452148438
0.0395355224609375 0.0666160583496094 0.0185928344726562 0.0925064086914062
0.0648574829101563 0.016265869140625 0.0173149108886719 0.0699119567871094
0.055938720703125 -0.0447807312011719 0.02532958984375 0.0694770812988281
0.0262641906738281 -0.0640716552734375 0.0324478149414063 0.0833358764648438
0.0203056335449219 -0.0644073486328125 0.030548095703125 0.0958404541015625
0.019866943359375 -0.081390380859375 0.0200576782226563 0.121963500976563
0.03887939453125 -0.0761184692382813 -0.030670166015625 0.122299194335937
0.0805816650390625 -0.0443801879882813 -0.0677947998046875 0.0970077514648438
0.0898208618164062 0.0121536254882812 -0.0800857543945313 0.0290603637695313
0.0377273559570312 0.096221923828125 -0.0477218627929688 -0.0221595764160156
-0.0356903076171875 0.100456237792969 0.00689315795898437 0.0465164184570313
-0.0918960571289063 0.0496978759765625 -0.0894012451171875 0.1602783203125
0.0666122436523438 0.0408172607421875 0.0958099365234375 -0.178787231445313
0.05633544921875 -0.0423965454101563 0.0104255676269531 -0.0608634948730469
-0.00251007080078125 -0.0491867065429687 0.05169677734375 0.0289268493652344
-0.0386199951171875 -0.0192527770996094 0.116004943847656 -0.024322509765625
-0.0368232727050781 0.0111503601074219 0.094207763671875 -0.10284423828125
-0.0245895385742188 0.0315570831298828 0.0254974365234375 -0.151687622070312
-0.0198726654052734 0.0238990783691406 -0.033843994140625 -0.14923095703125
-0.0245246887207031 0.0216026306152344 -0.0451889038085938 -0.11480712890625
-0.0334186553955078 0.01873779296875 -0.0409393310546875 -0.0995712280273438
-0.0366439819335937 -0.00941085815429687 -0.0264663696289063 -0.0884552001953125
-0.0188560485839844 -0.0392684936523437 -0.0200881958007812 -0.0817413330078125
0.0248794555664062 -0.0493431091308594 -0.0108718872070313 -0.0950546264648438
0.0742874145507813 -0.0129165649414063 0.00200653076171875 -0.12274169921875
0.0893630981445313 0.0427780151367188 0.00630187988281252 -0.188888549804688
0.0654830932617187 0.0863113403320312 0.0282135009765625 -0.223922729492188
0.0444412231445312 0.127449035644531 0.124755859375 -0.152069091796875
0.0749282836914063 0.034881591796875 0.0322113037109375 -0.0461387634277344
0.0506515502929688 0.00365066528320313 0.0621910095214844 0.0401039123535156
0.02764892578125 -0.0184383392333984 0.129837036132813 -0.0165481567382813
0.0106353759765625 -0.0216464996337891 0.108726501464844 -0.0963287353515625
-0.00658226013183594 -0.0264720916748047 0.037628173828125 -0.154678344726563
-0.0230998992919922 -0.0350627899169922 -0.028350830078125 -0.151687622070313
-0.0244216918945313 -0.0340366363525391 -0.043121337890625 -0.111854553222656
-0.0311470031738281 -0.0433464050292969 -0.0369033813476563 -0.0943374633789063
-0.0131111145019531 -0.0630264282226563 -0.0285568237304688 -0.0822067260742188
0.0325279235839844 -0.0691871643066406 -0.0222282409667969 -0.0677833557128906
0.0833740234375 -0.0420761108398438 -0.0139923095703125 -0.0817642211914063
0.109161376953125 0.0467529296875 -0.00900268554687498 -0.103179931640625
0.097564697265625 0.120147705078125 0.00157165527343752 -0.16015625
0.041595458984375 0.1654052734375 0.02825927734375 -0.185272216796875
0.00926208496093749 0.19610595703125 0.139068603515625 -0.0969314575195312
0.0758514404296875 0.114784240722656 0.0471267700195313 -0.0102920532226562
0.0964889526367188 0.067779541015625 0.0679893493652344 0.0608100891113281
0.0968017578125 -0.00591278076171875 0.137245178222656 0.0027008056640625
0.0643119812011719 -0.0478935241699219 0.117561340332031 -0.075347900390625
0.017059326171875 -0.081085205078125 0.0503082275390625 -0.138877868652344
-0.0199737548828125 -0.088897705078125 -0.0159378051757812 -0.135108947753906
-0.0209808349609375 -0.0836715698242188 -0.0354537963867188 -0.0921554565429688
-0.0282440185546875 -0.0984878540039063 -0.028167724609375 -0.0721435546875
0.00434112548828125 -0.10919189453125 -0.0307350158691406 -0.0595130920410156
0.0719528198242188 -0.0982589721679688 -0.0282783508300781 -0.0427398681640625
0.127510070800781 -0.0449752807617188 -0.0235710144042969 -0.0623016357421875
0.139839172363281 0.0835113525390625 -0.0215377807617187 -0.0826339721679688
0.106185913085938 0.17193603515625 0.000877380371093744 -0.121192932128906
0.0196685791015625 0.216400146484375 0.0204620361328125 -0.12530517578125
-0.0299835205078125 0.233978271484375 0.135704040527344 -0.0186691284179687
0.058074951171875 0.178787231445313 0.0537910461425781 0.0420913696289063
0.121528625488281 0.13079833984375 0.0667495727539063 0.0867843627929688
0.15277099609375 0.01702880859375 0.131263732910156 0.0315170288085937
0.112777709960938 -0.0607757568359375 0.115516662597656 -0.0414962768554688
0.0429458618164063 -0.121818542480469 0.0600814819335938 -0.104263305664063
-0.0131301879882812 -0.12921142578125 -0.00061035156249999 -0.100425720214844
-0.0147628784179688 -0.120338439941406 -0.0223922729492187 -0.059814453125
-0.0243988037109375 -0.139030456542969 -0.016204833984375 -0.0370063781738281
0.0156707763671875 -0.141403198242188 -0.0302867889404297 -0.0245742797851563
0.0966262817382812 -0.1192626953125 -0.0337543487548828 -0.0107860565185547
0.154083251953125 -0.0503082275390625 -0.0337409973144531 -0.0393714904785156
0.157150268554688 0.10357666015625 -0.0296096801757812 -0.0630874633789063
0.106201171875 0.197402954101563 0.00741577148437501 -0.0804290771484375
-0.0014190673828125 0.237930297851562 0.0101089477539062 -0.0542793273925781
-0.0664825439453125 0.231231689453125 0.114120483398438 0.0683517456054688
0.0219268798828125 0.20904541015625 0.0486831665039062 0.10186767578125
0.113754272460937 0.175491333007813 0.0558319091796875 0.111930847167969
0.177322387695313 0.04791259765625 0.110679626464844 0.0624771118164063
0.144058227539063 -0.0560150146484375 0.0998611450195313 -0.000648498535156253
0.0659942626953125 -0.139762878417969 0.0619544982910156 -0.0561332702636719
-0.00260925292968749 -0.149169921875 0.0142593383789062 -0.0526618957519531
-0.00666809082031251 -0.13848876953125 -0.00599479675292969 -0.017974853515625
-0.0169677734375 -0.159622192382813 -0.00143051147460938 0.00654268264770507
0.0242462158203125 -0.155303955078125 -0.0271492004394531 0.0169029235839844
0.110809326171875 -0.124198913574219 -0.0375518798828125 0.0246696472167969
0.163070678710937 -0.0456695556640625 -0.0430221557617187 -0.0157737731933594
0.15283203125 0.115768432617187 -0.0329170227050781 -0.0466995239257812
0.08721923828125 0.202423095703125 0.018585205078125 -0.0410728454589844
-0.02703857421875 0.2288818359375 -0.00359535217285156 0.0195331573486328
-0.0912017822265625 0.185745239257813 0.0786590576171875 0.148590087890625
-0.021331787109375 0.192703247070313 0.032745361328125 0.156539916992188
0.07440185546875 0.184677124023438 0.0390853881835938 0.128120422363281
0.16156005859375 0.0735321044921875 0.0791549682617188 0.0867538452148437
0.14654541015625 -0.0356597900390625 0.0735855102539063 0.0372085571289063
0.0771484375 -0.131027221679688 0.0549278259277344 -0.00368118286132813
0.00869750976562501 -0.14501953125 0.0269527435302734 0.000879287719726554
0.001983642578125 -0.1346435546875 0.0111274719238281 0.026458740234375
-0.00740051269531252 -0.157669067382813 0.0124282836914063 0.051605224609375
0.031646728515625 -0.149703979492188 -0.0237998962402344 0.0595970153808594
0.114128112792969 -0.113136291503906 -0.0435066223144531 0.0575408935546875
0.156082153320312 -0.0307769775390625 -0.0534744262695312 0.00528717041015624
0.128738403320313 0.122993469238281 -0.0365219116210937 -0.0347938537597656
0.05120849609375 0.190048217773438 0.0255794525146484 -0.00495338439941405
-0.0563812255859375 0.1929931640625 -0.0233306884765625 0.0869903564453125
-0.0975799560546875 0.105392456054688 0.0391387939453125 0.206268310546875
-0.0555191040039062 0.133750915527344 0.0121917724609375 0.192031860351563
0.0209503173828125 0.15057373046875 0.0225296020507813 0.132476806640625
0.111846923828125 0.0800704956054688 0.0463485717773438 0.0981063842773438
0.118133544921875 -0.0101165771484375 0.0441055297851563 0.0624809265136719
0.0734710693359375 -0.0983428955078125 0.0425071716308594 0.0412254333496094
0.0179824829101563 -0.116348266601562 0.0344772338867187 0.0499000549316406
0.0106964111328125 -0.110542297363281 0.0259475708007813 0.0675697326660156
0.00477600097656251 -0.132064819335938 0.022674560546875 0.09332275390625
0.0365524291992188 -0.12408447265625 -0.0234909057617187 0.0988845825195312
0.104721069335938 -0.0868682861328125 -0.0532608032226562 0.0849380493164063
0.133209228515625 -0.0099334716796875 -0.0669403076171875 0.0220985412597656
0.09051513671875 0.119651794433594 -0.0421142578125 -0.0260810852050781
0.0078582763671875 0.158279418945313 0.0234413146972656 0.0264453887939453
-0.0814590454101562 0.133872985839844 -0.0510406494140625 0.140625
-0.0867538452148437 0.00777435302734375 0.00767517089843747 0.230606079101563
-0.0745849609375 0.0506210327148438 -0.00192260742187503 0.203216552734375
-0.0300369262695313 0.0865859985351563 0.0128250122070312 0.124031066894531
0.0455818176269531 0.0668182373046875 0.0236740112304688 0.098297119140625
0.0682258605957031 0.0127906799316406 0.0218734741210937 0.073883056640625
0.0543212890625 -0.0504989624023438 0.0308914184570313 0.0713729858398438
0.02325439453125 -0.0683364868164063 0.03857421875 0.0849609375
0.0167465209960938 -0.0689659118652344 0.0362930297851563 0.0977706909179688
0.014923095703125 -0.0875930786132813 0.0268173217773438 0.126045227050781
0.03497314453125 -0.0822906494140625 -0.026611328125 0.129638671875
0.0816726684570313 -0.0520248413085938 -0.0657730102539063 0.10479736328125
0.0947952270507813 0.007965087890625 -0.0831985473632813 0.033233642578125
0.0448379516601563 0.0986480712890625 -0.0518302917480469 -0.02191162109375
-0.0323944091796875 0.106185913085938 0.00998687744140625 0.0470848083496094
-0.0940933227539063 0.05645751953125 -0.0850830078125 0.17169189453125
0.0722274780273438 0.0400009155273437 0.085479736328125 -0.192520141601563
0.0547409057617187 -0.0485496520996094 0.00519943237304688 -0.0631942749023438
-0.00616455078125 -0.0515480041503906 0.0565757751464844 0.02899169921875
-0.0413398742675781 -0.0168266296386719 0.119194030761719 -0.0322036743164062
-0.0375633239746094 0.0145645141601562 0.0909805297851563 -0.113487243652344
-0.0229473114013672 0.0349864959716797 0.0155487060546875 -0.158538818359375
-0.0195026397705078 0.0266799926757813 -0.0462646484375 -0.152297973632813
-0.0231895446777344 0.0249099731445313 -0.0551605224609375 -0.114700317382813
-0.0323753356933594 0.0232391357421875 -0.050994873046875 -0.0999221801757813
-0.0380401611328125 -0.00579833984375001 -0.0351333618164063 -0.0898361206054688
-0.0230140686035156 -0.0391197204589844 -0.0283737182617188 -0.0840682983398438
0.0220375061035156 -0.0527572631835937 -0.0185089111328125 -0.0997848510742187
0.0763397216796875 -0.0186614990234375 -0.003692626953125 -0.1295166015625
0.09619140625 0.03790283203125 -0.00605773925781249 -0.197677612304688
0.0746612548828125 0.0856857299804688 0.0106048583984375 -0.236297607421875
0.0554046630859375 0.130729675292969 0.117431640625 -0.167648315429687
0.080230712890625 0.0295867919921875 0.0279273986816406 -0.0498924255371094
0.0536231994628906 -0.0012664794921875 0.0674896240234375 0.0401039123535156
0.0273075103759766 -0.0216426849365234 0.13397216796875 -0.0246734619140625
0.00879096984863282 -0.0232677459716797 0.107315063476563 -0.10736083984375
-0.0102138519287109 -0.0266265869140625 0.028411865234375 -0.162506103515625
-0.0272789001464844 -0.0340538024902344 -0.040283203125 -0.154541015625
-0.0280227661132812 -0.0326118469238281 -0.0532302856445313 -0.11138916015625
-0.0360679626464844 -0.0411262512207031 -0.0462493896484375 -0.0944671630859375
-0.0191993713378906 -0.06317138671875 -0.0369338989257813 -0.0827407836914063
0.02789306640625 -0.0737991333007813 -0.0295486450195312 -0.0698394775390625
0.0831527709960937 -0.0499954223632812 -0.0211715698242187 -0.0861358642578125
0.117141723632813 0.0404205322265625 -0.0144119262695313 -0.108200073242188
0.110984802246094 0.117538452148438 -0.00849914550781248 -0.168075561523438
0.0550994873046875 0.169387817382813 0.01385498046875 -0.1964111328125
0.024261474609375 0.204071044921875 0.136810302734375 -0.110954284667969
0.0868682861328125 0.112396240234375 0.046142578125 -0.0137214660644531
0.106399536132813 0.0625991821289063 0.0746841430664063 0.0612869262695313
0.0993194580078125 -0.0147171020507813 0.142562866210938 -0.004364013671875
0.0622367858886719 -0.0550651550292969 0.118263244628906 -0.0856170654296875
0.00995635986328126 -0.0849151611328125 0.04290771484375 -0.147186279296875
-0.0293426513671875 -0.0903549194335938 -0.0261154174804688 -0.138450622558594
-0.0283889770507812 -0.0840988159179688 -0.0439605712890625 -0.0911636352539063
-0.0383224487304688 -0.0988235473632813 -0.0367507934570312 -0.0724105834960938
-0.00538635253906251 -0.111984252929688 -0.0381202697753906 -0.0585670471191406
0.0655441284179687 -0.107170104980469 -0.0343055725097656 -0.0433502197265625
0.128616333007813 -0.0572052001953125 -0.0300483703613281 -0.0658035278320312
0.151611328125 0.0762481689453125 -0.0266265869140625 -0.0860977172851563
0.12353515625 0.169845581054688 -0.0065155029296875 -0.128044128417969
0.0367279052734375 0.22412109375 0.010467529296875 -0.133140563964844
-0.013824462890625 0.24560546875 0.13909912109375 -0.0301895141601562
0.0727081298828125 0.180038452148438 0.0565757751464844 0.0393638610839844
0.136909484863281 0.126304626464844 0.0736160278320313 0.0882492065429688
0.158737182617188 0.0047454833984375 0.138481140136719 0.02569580078125
0.111274719238281 -0.0721435546875 0.118919372558594 -0.0498428344726563
0.0331039428710938 -0.128646850585938 0.0553665161132813 -0.112510681152344
-0.0251617431640625 -0.132400512695312 -0.0088348388671875 -0.103813171386719
-0.0251617431640625 -0.122138977050781 -0.028350830078125 -0.0584945678710938
-0.0378265380859375 -0.141250610351563 -0.0213470458984375 -0.036895751953125
0.0036773681640625 -0.147186279296875 -0.0346565246582031 -0.0225582122802735
0.0889663696289063 -0.131546020507813 -0.0373191833496094 -0.00943756103515627
0.154800415039063 -0.0644989013671875 -0.0391921997070312 -0.0404624938964844
0.17138671875 0.0951995849609375 -0.0342826843261719 -0.0649452209472656
0.125442504882813 0.196090698242188 0.0024871826171875 -0.0863113403320312
0.015869140625 0.247665405273438 0.0043792724609375 -0.0583686828613281
-0.05279541015625 0.245132446289063 0.123245239257812 0.0616073608398438
0.0379791259765625 0.2138671875 0.0554580688476563 0.101852416992188
0.131439208984375 0.174331665039062 0.063720703125 0.114936828613281
0.186538696289063 0.0350799560546875 0.119232177734375 0.059967041015625
0.14385986328125 -0.0693511962890625 0.10577392578125 -0.00562286376953125
0.0553436279296875 -0.149520874023438 0.0611915588378906 -0.0628128051757813
-0.0158843994140625 -0.154022216796875 0.0108261108398438 -0.0556907653808594
-0.0189208984375 -0.14202880859375 -0.00850963592529297 -0.0167474746704102
-0.03253173828125 -0.163604736328125 -0.00270605087280274 0.00650358200073241
0.0115203857421875 -0.162460327148437 -0.028350830078125 0.0196819305419922
0.102783203125 -0.138984680175781 -0.0386924743652344 0.0269546508789062
0.164154052734375 -0.061431884765625 -0.0475807189941406 -0.0151939392089844
0.167755126953125 0.107986450195312 -0.0371170043945312 -0.0476760864257812
0.106033325195313 0.20245361328125 0.0166893005371094 -0.0457420349121094
-0.01202392578125 0.240066528320313 -0.00381851196289063 0.0191745758056641
-0.0810089111328125 0.199188232421875 0.0928955078125 0.148040771484375
-0.00848388671875001 0.20001220703125 0.043121337890625 0.159423828125
0.09124755859375 0.18658447265625 0.0473556518554688 0.132698059082031
0.172607421875 0.062744140625 0.0880966186523438 0.087158203125
0.148544311523438 -0.0483551025390625 0.0806198120117188 0.0357513427734375
0.0681610107421875 -0.141098022460938 0.05792236328125 -0.00845718383789063
-0.00311279296875 -0.150787353515625 0.02783203125 -0.00139045715332032
-0.00914001464843749 -0.139671325683594 0.0127754211425781 0.0276126861572266
-0.0222625732421875 -0.162612915039063 0.0155601501464844 0.0519218444824219
0.0194091796875 -0.157745361328125 -0.0212593078613281 0.0637893676757812
0.107185363769531 -0.127388000488281 -0.0412940979003906 0.0614852905273437
0.15850830078125 -0.0451507568359375 -0.0566444396972656 0.00815963745117187
0.143508911132813 0.11712646484375 -0.0404739379882813 -0.0342369079589844
0.06805419921875 0.192352294921875 0.0264854431152344 -0.0091114044189453
-0.04437255859375 0.205108642578125 -0.018768310546875 0.0907440185546875
-0.09295654296875 0.115982055664063 0.05621337890625 0.210983276367188
-0.04840087890625 0.142059326171875 0.024444580078125 0.198883056640625
0.03271484375 0.155807495117188 0.029754638671875 0.137451171875
0.1219482421875 0.073883056640625 0.0544815063476563 0.101104736328125
0.121109008789063 -0.0199737548828125 0.0513076782226563 0.0637969970703125
0.0669174194335938 -0.107582092285156 0.0477867126464844 0.0395965576171875
0.00865173339843751 -0.121376037597656 0.0399932861328125 0.04840087890625
0.00176239013671875 -0.115020751953125 0.0313529968261719 0.0681838989257812
-0.00738525390624999 -0.138160705566406 0.0296096801757813 0.094024658203125
0.0266494750976563 -0.131607055664063 -0.0179214477539063 0.104728698730469
0.10052490234375 -0.0997238159179688 -0.0489883422851562 0.091033935546875
0.137184143066406 -0.022125244140625 -0.0691947937011718 0.0267181396484375
0.102958679199219 0.116828918457031 -0.0462532043457031 -0.02508544921875
0.0199127197265625 0.162841796875 0.0268325805664063 0.0239887237548828
-0.0747833251953125 0.144989013671875 -0.04266357421875 0.148773193359375
-0.088958740234375 0.0136337280273437 0.0257110595703125 0.23895263671875
-0.0739364624023438 0.057769775390625 0.0108489990234375 0.211532592773438
-0.025299072265625 0.09326171875 0.0203628540039063 0.129547119140625
0.0523605346679687 0.0653533935546875 0.0309219360351562 0.10235595703125
0.0715179443359375 0.00769805908203125 0.0292129516601563 0.0765762329101563
0.0524711608886719 -0.0564918518066406 0.038543701171875 0.0714645385742188
0.018463134765625 -0.0726394653320312 0.0472564697265625 0.0847549438476563
0.011383056640625 -0.0727920532226563 0.044464111328125 0.098175048828125
0.00711059570312501 -0.09271240234375 0.0377273559570313 0.127845764160156
0.029388427734375 -0.0884323120117188 -0.0189590454101563 0.136421203613281
0.0803146362304688 -0.0617828369140625 -0.060638427734375 0.111862182617188
0.098876953125 -0.0002899169921875 -0.085052490234375 0.0396652221679687
0.0541534423828125 0.0995254516601563 -0.0557327270507812 -0.0196151733398437
-0.0261383056640625 0.111778259277344 0.0146331787109375 0.0472602844238281
-0.0939254760742188 0.0649948120117188 -0.0751190185546875 0.183441162109375
0.0772476196289063 0.0362625122070313 0.07098388671875 -0.20245361328125
0.0510597229003906 -0.0544204711914063 -0.00146102905273438 -0.0644989013671875
-0.0101203918457031 -0.0529975891113281 0.06036376953125 0.0274085998535156
-0.0428962707519531 -0.0139007568359375 0.119537353515625 -0.040252685546875
-0.0368576049804687 0.018096923828125 0.0836868286132813 -0.121719360351563
-0.0205764770507813 0.0375099182128906 0.004364013671875 -0.1610107421875
-0.0172824859619141 0.0290584564208984 -0.0586090087890625 -0.150192260742187
-0.0206832885742187 0.0272006988525391 -0.0645980834960937 -0.111152648925781
-0.0298194885253906 0.0271816253662109 -0.0605850219726563 -0.0960922241210937
-0.0394439697265625 -0.00201034545898438 -0.0441741943359375 -0.08831787109375
-0.0271110534667969 -0.0366783142089844 -0.0372238159179688 -0.083770751953125
0.018096923828125 -0.0554542541503906 -0.0264663696289063 -0.102363586425781
0.0759124755859375 -0.0249557495117188 -0.0110931396484375 -0.133270263671875
0.100852966308594 0.0309906005859375 -0.0201873779296875 -0.201126098632813
0.0831451416015625 0.0817642211914062 -0.00927734375000001 -0.241729736328125
0.067138671875 0.130172729492188 0.105056762695313 -0.180282592773438
0.0833206176757813 0.0227279663085938 0.0220451354980469 -0.0528068542480469
0.0552711486816406 -0.00648117065429688 0.0720977783203125 0.0382461547851562
0.0255184173583984 -0.0251846313476563 0.135169982910156 -0.03326416015625
0.0064849853515625 -0.0245590209960938 0.10137939453125 -0.116996765136719
-0.0133781433105469 -0.0253810882568359 0.0166168212890625 -0.166900634765625
-0.0313529968261719 -0.0314903259277344 -0.05291748046875 -0.153457641601563
-0.0302009582519531 -0.0299072265625 -0.0626907348632813 -0.107383728027344
-0.0396766662597656 -0.0376243591308594 -0.055877685546875 -0.0912857055664063
-0.0250205993652344 -0.061187744140625 -0.0451812744140625 -0.0807723999023438
0.02105712890625 -0.07598876953125 -0.0371208190917969 -0.06982421875
0.0800094604492187 -0.0572433471679687 -0.0289230346679688 -0.0880584716796875
0.122550964355469 0.0320816040039062 -0.0205078125 -0.111076354980469
0.122146606445313 0.109817504882813 -0.02032470703125 -0.171173095703125
0.0697174072265625 0.168624877929687 -0.00350952148437498 -0.201889038085937
0.040740966796875 0.207046508789063 0.129745483398437 -0.124214172363281
0.0963821411132813 0.105964660644531 0.0433273315429688 -0.0179443359375
0.113967895507812 0.0543212890625 0.0801544189453125 0.0600509643554688
0.098876953125 -0.0238723754882813 0.145172119140625 -0.0132598876953125
0.0573768615722656 -0.0607948303222656 0.115371704101563 -0.0953826904296875
0.00147247314453126 -0.08599853515625 0.03314208984375 -0.152557373046875
-0.0380325317382812 -0.0884552001953125 -0.0378189086914062 -0.137870788574219
-0.0357131958007813 -0.0823440551757813 -0.0518951416015625 -0.0878219604492188
-0.0476150512695312 -0.0958023071289062 -0.0444717407226563 -0.0693817138671875
-0.0152130126953125 -0.111701965332031 -0.0449447631835938 -0.0564460754394531
0.0560531616210938 -0.113876342773438 -0.0395736694335938 -0.0427665710449219
0.125068664550781 -0.0682220458984375 -0.0371131896972656 -0.0662879943847656
0.16033935546875 0.0659942626953125 -0.0313796997070312 -0.0878067016601563
0.139358520507813 0.162200927734375 -0.0160598754882812 -0.131233215332031
0.054779052734375 0.226669311523438 -0.0019073486328125 -0.1368408203125
0.00479125976562503 0.251846313476562 0.138046264648438 -0.042022705078125
0.08636474609375 0.175765991210938 0.0580787658691406 0.0354843139648438
0.149887084960937 0.117431640625 0.0806655883789063 0.0877609252929688
0.160614013671875 -0.00823974609375 0.1434326171875 0.0186004638671875
0.106010437011719 -0.0823898315429687 0.119247436523438 -0.0578536987304688
0.02166748046875 -0.13238525390625 0.0486679077148437 -0.118881225585938
-0.0372238159179688 -0.131637573242188 -0.0170669555664062 -0.1044921875
-0.0359954833984375 -0.121467590332031 -0.0339393615722656 -0.0554008483886719
-0.0515518188476563 -0.138786315917969 -0.0262718200683594 -0.0355186462402344
-0.0101318359375 -0.147720336914063 -0.0386123657226563 -0.0193748474121094
0.0771026611328125 -0.141204833984375 -0.0398941040039062 -0.00804138183593751
0.151214599609375 -0.078704833984375 -0.0450439453125 -0.0396156311035156
0.181564331054688 0.0835418701171875 -0.0389595031738281 -0.065185546875
0.143295288085938 0.188262939453125 -0.00373077392578125 -0.08990478515625
0.035125732421875 0.251678466796875 -0.00188064575195312 -0.0610084533691406
-0.03448486328125 0.253738403320313 0.129440307617188 0.0524444580078125
0.053375244140625 0.212432861328125 0.0610885620117187 0.0990142822265625
0.148101806640625 0.167617797851563 0.0722122192382813 0.115020751953125
0.191497802734375 0.019561767578125 0.125831604003906 0.0546112060546875
0.139892578125 -0.0815200805664063 0.109504699707031 -0.0121612548828125
0.0424652099609375 -0.155502319335938 0.0581436157226563 -0.0687637329101563
-0.029388427734375 -0.154251098632813 0.0063323974609375 -0.0576286315917969
-0.0309600830078125 -0.141555786132812 -0.0108737945556641 -0.0146608352661133
-0.048980712890625 -0.162063598632812 -0.00391530990600586 0.00639104843139647
-0.0037841796875 -0.164459228515625 -0.028411865234375 0.0229721069335937
0.090667724609375 -0.149826049804687 -0.0383033752441406 0.0290184020996094
0.16107177734375 -0.0762481689453125 -0.0511436462402344 -0.0129318237304687
0.179275512695313 0.0967559814453125 -0.0409431457519531 -0.0472412109375
0.124526977539063 0.19580078125 0.0138816833496094 -0.0500602722167969
0.0062713623046875 0.246307373046875 -0.00375747680664062 0.0186843872070313
-0.066986083984375 0.208236694335937 0.105575561523438 0.142593383789063
0.00561523437499999 0.2021484375 0.0534820556640625 0.158279418945313
0.108047485351563 0.1834716796875 0.0556106567382812 0.133682250976563
0.1790771484375 0.0491180419921875 0.0957412719726563 0.0847549438476563
0.145751953125 -0.0611114501953125 0.0867156982421875 0.031829833984375
0.05609130859375 -0.147933959960938 0.0592803955078125 -0.0134391784667969
-0.0165863037109375 -0.152313232421875 0.0281925201416016 -0.00393867492675782
-0.0211105346679688 -0.140251159667969 0.0139179229736328 0.0279521942138672
-0.039031982421875 -0.162322998046875 0.0182342529296875 0.0506820678710937
0.00500488281250002 -0.160598754882812 -0.0176239013671875 0.0666542053222656
0.0968017578125 -0.139129638671875 -0.0381202697753906 0.0645217895507812
0.156631469726563 -0.05938720703125 -0.0585784912109375 0.0114364624023438
0.155776977539063 0.107467651367188 -0.0435829162597656 -0.0330772399902344
0.0840911865234375 0.1885986328125 0.0263118743896484 -0.0128269195556641
-0.0294952392578125 0.213088989257813 -0.0128402709960938 0.0926437377929688
-0.08551025390625 0.124862670898438 0.07379150390625 0.21002197265625
-0.0389251708984375 0.146926879882813 0.0379180908203125 0.1998291015625
0.0459136962890625 0.157058715820313 0.0385589599609375 0.138908386230469
0.129043579101562 0.0647964477539062 0.0627288818359375 0.100929260253906
0.120414733886719 -0.030029296875 0.058990478515625 0.0626373291015625
0.0577468872070312 -0.114181518554688 0.0529899597167969 0.0359573364257812
-0.00160217285156251 -0.123931884765625 0.0445899963378906 0.0454330444335937
-0.00829315185546876 -0.116539001464844 0.0363883972167969 0.0673294067382812
-0.02166748046875 -0.138786315917969 0.0367507934570313 0.0922012329101562
0.01446533203125 -0.135360717773438 -0.0107345581054687 0.107109069824219
0.0930252075195313 -0.110664367675781 -0.0431137084960937 0.0954055786132813
0.136795043945313 -0.0341033935546875 -0.0695915222167969 0.0315399169921875
0.114425659179688 0.110603332519531 -0.0493392944335937 -0.0231437683105469
0.032928466796875 0.162994384765625 0.0292263031005859 0.0207748413085938
-0.064666748046875 0.153488159179688 -0.0324249267578125 0.153350830078125
-0.0892715454101563 0.0200881958007813 0.0458221435546875 0.241226196289063
-0.0712127685546875 0.0635910034179687 0.026123046875 0.214828491210937
-0.0181350708007812 0.0979537963867188 0.0280609130859375 0.131668090820313
0.0583572387695313 0.0618820190429687 0.03875732421875 0.104507446289063
0.0728530883789063 0.0015411376953125 0.0372772216796875 0.0774993896484375
0.0475311279296875 -0.0615882873535156 0.0459175109863281 0.0691986083984375
0.0125045776367188 -0.0756149291992188 0.0556106567382813 0.0816726684570313
0.00541687011718749 -0.0750732421875 0.0522994995117188 0.0955810546875
-0.00196838378906249 -0.0946884155273438 0.0471267700195312 0.125328063964844
0.02178955078125 -0.0929183959960937 -0.00816345214843749 0.139518737792969
0.0756149291992188 -0.070098876953125 -0.0535125732421875 0.117843627929688
0.100776672363281 -0.0086822509765625 -0.0839309692382813 0.045806884765625
0.0627975463867188 0.0967483520507813 -0.0587882995605469 -0.016998291015625
-0.0182647705078125 0.115234375 0.0192375183105469 0.0454025268554688
-0.0907135009765625 0.0730514526367188 -0.0614013671875 0.191116333007813
0.080322265625 0.03363037109375 0.0571136474609375 -0.206695556640625
0.0471115112304688 -0.0577163696289063 -0.00770950317382813 -0.0634078979492188
-0.0134468078613281 -0.0539436340332031 0.06341552734375 0.0259284973144531
-0.0439186096191406 -0.0117607116699219 0.118049621582031 -0.0466384887695313
-0.0360069274902344 0.0204238891601563 0.0775527954101563 -0.127037048339844
-0.0184822082519531 0.0396156311035156 -0.0046844482421875 -0.160842895507813
-0.0152359008789063 0.0307540893554688 -0.0678558349609375 -0.1461181640625
-0.0180873870849609 0.0290718078613281 -0.0709915161132812 -0.106597900390625
-0.0269279479980469 0.0297622680664063 -0.0670623779296875 -0.0914077758789063
-0.0396347045898438 0.00163269042968749 -0.0506134033203125 -0.085723876953125
-0.0292510986328125 -0.0338230133056641 -0.0436019897460938 -0.0824508666992188
0.0145721435546875 -0.0567512512207031 -0.0331649780273438 -0.102378845214844
0.07470703125 -0.0298309326171875 -0.0169296264648438 -0.134620666503906
0.102958679199219 0.0242996215820313 -0.0312957763671875 -0.20098876953125
0.0883331298828125 0.0769805908203125 -0.0252227783203125 -0.241729736328125
0.076171875 0.127838134765625 0.093109130859375 -0.186843872070312
0.0833511352539063 0.0171585083007813 0.0165901184082031 -0.0536384582519531
0.0553779602050781 -0.01116943359375 0.0751800537109375 0.0366973876953125
0.0233173370361328 -0.0272941589355469 0.134635925292969 -0.0400924682617188
0.00434684753417969 -0.0247306823730469 0.0958023071289063 -0.122467041015625
-0.0161380767822266 -0.0236263275146484 0.00740051269531249 -0.167343139648437
-0.0342788696289062 -0.0288047790527344 -0.0622406005859375 -0.149917602539063
-0.0317783355712891 -0.0277462005615234 -0.0689010620117187 -0.102394104003906
-0.0421791076660156 -0.0340461730957031 -0.0628814697265625 -0.0870132446289062
-0.0293769836425781 -0.0579071044921875 -0.051422119140625 -0.0776138305664062
0.0152359008789062 -0.0771255493164063 -0.0430831909179688 -0.0680732727050781
0.0761871337890625 -0.0627059936523438 -0.0346450805664063 -0.0885162353515625
0.124351501464844 0.0241470336914062 -0.02520751953125 -0.112327575683594
0.129302978515625 0.101325988769531 -0.0301513671875 -0.171524047851563
0.0806427001953125 0.165390014648437 -0.0171356201171875 -0.201934814453125
0.053802490234375 0.206329345703125 0.120941162109375 -0.132820129394531
0.101402282714844 0.0995254516601563 0.0398178100585938 -0.0207557678222656
0.118240356445313 0.0464401245117188 0.0839385986328125 0.0578384399414063
0.0968475341796875 -0.0308151245117188 0.145828247070313 -0.0197296142578125
0.0528678894042969 -0.0641860961914062 0.111412048339844 -0.101577758789063
-0.00561523437499999 -0.0849380493164063 0.025146484375 -0.15478515625
-0.0446014404296875 -0.0852203369140625 -0.0468292236328125 -0.135284423828125
-0.0406265258789063 -0.079498291015625 -0.0570144653320312 -0.0830154418945313
-0.0544052124023437 -0.0912322998046875 -0.0500106811523437 -0.0660896301269531
-0.023468017578125 -0.109153747558594 -0.049468994140625 -0.0527610778808594
0.0469818115234375 -0.11669921875 -0.0440483093261719 -0.0416374206542969
0.120185852050781 -0.076446533203125 -0.0419235229492187 -0.0657196044921875
0.165130615234375 0.0557708740234375 -0.03533935546875 -0.0882949829101563
0.150054931640625 0.152542114257813 -0.0233383178710937 -0.132469177246094
0.0682525634765625 0.223953247070312 -0.0120315551757812 -0.137779235839844
0.020050048828125 0.252975463867188 0.134803771972656 -0.0511703491210937
0.0957183837890625 0.169113159179688 0.0570297241210938 0.0316925048828125
0.15850830078125 0.108016967773438 0.08551025390625 0.0863494873046875
0.1590576171875 -0.0194091796875 0.145050048828125 0.012847900390625
0.100204467773438 -0.0880508422851563 0.118148803710938 -0.0635910034179688
0.011505126953125 -0.132438659667969 0.0427398681640625 -0.121978759765625
-0.046905517578125 -0.128440856933594 -0.0237655639648437 -0.103500366210938
-0.0438385009765625 -0.118438720703125 -0.0372123718261719 -0.052215576171875
-0.0618362426757813 -0.133857727050781 -0.0300579071044922 -0.0333156585693359
-0.0211334228515625 -0.145599365234375 -0.0409393310546875 -0.0164794921875
0.0660400390625 -0.145538330078125 -0.0422248840332031 -0.00675582885742189
0.145217895507812 -0.087860107421875 -0.0486602783203125 -0.0383224487304688
0.187454223632813 0.07244873046875 -0.0412216186523437 -0.0652542114257812
0.155715942382812 0.178543090820312 -0.00917053222656249 -0.0917205810546875
0.0500946044921875 0.250732421875 -0.00762176513671874 -0.0609703063964844
-0.019073486328125 0.255599975585937 0.131889343261719 0.0437850952148438
0.0648040771484375 0.207992553710938 0.0645065307617188 0.094757080078125
0.15960693359375 0.158599853515625 0.0768051147460938 0.1141357421875
0.191116333007812 0.0074462890625 0.128990173339844 0.0503158569335938
0.133560180664063 -0.08990478515625 0.110977172851563 -0.0169677734375
0.0310516357421875 -0.156463623046875 0.054931640625 -0.0732345581054688
-0.040985107421875 -0.151473999023438 0.00255203247070312 -0.0579643249511719
-0.0398712158203125 -0.138992309570313 -0.011622428894043 -0.0127468109130859
-0.061279296875 -0.15716552734375 -0.00530147552490235 0.00679016113281249
-0.0157012939453125 -0.1632080078125 -0.0280914306640625 0.0252227783203125
0.078643798828125 -0.155624389648438 -0.0378379821777344 0.0298805236816406
0.15478515625 -0.0866546630859375 -0.0533447265625 -0.0108489990234375
0.186187744140625 0.085418701171875 -0.0436286926269531 -0.0464706420898437
0.136276245117188 0.187286376953125 0.0104179382324219 -0.0530242919921875
0.0211639404296875 0.246688842773437 -0.00459861755371094 0.0184059143066406
-0.0544586181640625 0.2125244140625 0.114219665527344 0.135551452636719
0.016265869140625 0.200790405273438 0.0607452392578125 0.154678344726563
0.119857788085938 0.177734375 0.0613555908203125 0.133522033691406
0.181488037109375 0.037872314453125 0.100936889648438 0.0819854736328125
0.141265869140625 -0.069488525390625 0.0907440185546875 0.028228759765625
0.045166015625 -0.150314331054688 0.0597572326660156 -0.0177383422851563
-0.0277252197265625 -0.150131225585938 0.0281105041503906 -0.0063762664794922
-0.03045654296875 -0.138786315917969 0.0153141021728516 0.027801513671875
-0.051177978515625 -0.158187866210937 0.0199165344238281 0.0495033264160156
-0.00714111328125 -0.160125732421875 -0.0143280029296875 0.0680885314941406
0.0854339599609375 -0.145965576171875 -0.0350723266601563 0.0650520324707031
0.15185546875 -0.0699920654296875 -0.0587005615234375 0.0141029357910156
0.162551879882813 0.098052978515625 -0.0456924438476562 -0.0316276550292969
0.0963592529296875 0.182891845703125 0.0258159637451172 -0.0162029266357422
-0.0162353515625 0.21533203125 -0.00851440429687499 0.0925064086914063
-0.0781326293945313 0.129142761230469 0.0863037109375 0.204910278320313
-0.0312042236328125 0.148513793945313 0.048126220703125 0.197830200195312
0.056396484375 0.155868530273438 0.0443267822265625 0.13922119140625
0.132637023925781 0.056121826171875 0.0686492919921875 0.100196838378906
0.118461608886719 -0.0374221801757813 0.0646018981933594 0.0607566833496094
0.0494155883789063 -0.116905212402344 0.0561256408691406 0.0320091247558594
-0.0102386474609375 -0.123649597167969 0.0479660034179688 0.0421409606933594
-0.0161972045898438 -0.116104125976563 0.0399932861328125 0.0649986267089844
-0.0327682495117188 -0.136253356933594 0.0411453247070313 0.0893783569335937
0.00481414794921876 -0.136398315429688 -0.004547119140625 0.107803344726563
0.0847549438476563 -0.117286682128906 -0.037750244140625 0.0963897705078125
0.134452819824219 -0.043243408203125 -0.0684051513671875 0.0350456237792969
0.121269226074219 0.103469848632812 -0.0508918762207031 -0.0205650329589844
0.0427398681640625 0.160873413085938 0.0308361053466797 0.0172252655029297
-0.0562286376953125 0.158035278320313 -0.02374267578125 0.154251098632813
-0.0880279541015625 0.0245132446289063 0.0612640380859375 0.23876953125
-0.0683937072753906 0.0674018859863281 0.0377349853515625 0.213851928710938
-0.0115280151367188 0.100212097167969 0.0337448120117187 0.131881713867187
0.0618400573730469 0.0582237243652344 0.0443496704101563 0.104408264160156
0.0726165771484375 -0.00335693359375 0.0431060791015625 0.0765762329101563
0.0430335998535156 -0.0643272399902344 0.0514640808105469 0.0662460327148438
0.00722503662109375 -0.0766677856445312 0.061126708984375 0.0776138305664063
0.000434875488281255 -0.075714111328125 0.0585403442382813 0.0924835205078125
-0.00989532470703125 -0.0943145751953125 0.0548782348632813 0.121528625488281
0.0147171020507813 -0.0946121215820313 -0.000228881835937491 0.139686584472656
0.070648193359375 -0.0758285522460938 -0.0462799072265625 0.119735717773438
0.100425720214844 -0.0156707763671875 -0.0820083618164063 0.0505447387695313
0.0691680908203125 0.0934219360351563 -0.0602874755859375 -0.014251708984375
-0.011932373046875 0.116241455078125 0.0226593017578125 0.0425376892089844
-0.0868377685546875 0.0788650512695313 -0.050079345703125 0.193466186523438
0.0837173461914063 0.031829833984375 0.049102783203125 -0.20947265625
0.0443572998046875 -0.0601234436035156 -0.0124053955078125 -0.061981201171875
-0.0160102844238281 -0.0555000305175781 0.0657806396484375 0.0251121520996094
-0.0449142456054688 -0.01068115234375 0.118019104003906 -0.0504226684570312
-0.0362396240234375 0.0219612121582031 0.073638916015625 -0.129814147949219
-0.0172042846679688 0.041259765625 -0.00982666015625001 -0.161209106445313
-0.0140342712402344 0.0324859619140625 -0.073974609375 -0.143356323242188
-0.0160331726074219 0.0299835205078125 -0.0751419067382813 -0.103912353515625
-0.0248622894287109 0.0314369201660156 -0.0717239379882813 -0.08843994140625
-0.0394248962402344 0.00448608398437501 -0.0548095703125 -0.0833892822265625
-0.0310039520263672 -0.0320987701416016 -0.0477828979492188 -0.0815277099609375
0.0122566223144531 -0.058197021484375 -0.0370025634765625 -0.104621887207031
0.0740509033203125 -0.033447265625 -0.0196533203125 -0.137428283691406
0.104896545410156 0.0198287963867188 -0.0374908447265625 -0.202178955078125
0.0918731689453125 0.0748443603515625 -0.0353851318359375 -0.243270874023438
0.0827178955078125 0.12762451171875 0.0854644775390625 -0.1917724609375
0.0835342407226563 0.0135421752929688 0.012054443359375 -0.0538597106933594
0.0554885864257813 -0.0145416259765625 0.0779495239257813 0.03619384765625
0.0219249725341797 -0.0292110443115234 0.134605407714844 -0.0438766479492188
0.00226402282714844 -0.0248527526855469 0.092864990234375 -0.126457214355469
-0.0182723999023438 -0.0221538543701172 0.00212097167968748 -0.168777465820313
-0.0358963012695313 -0.026397705078125 -0.0688934326171875 -0.1478271484375
-0.0326023101806641 -0.0258979797363281 -0.07275390625 -0.0993576049804688
-0.0434455871582031 -0.0315170288085938 -0.0673904418945313 -0.0841827392578125
-0.0319709777832031 -0.0552864074707031 -0.05615234375 -0.0753707885742188
0.011383056640625 -0.0769805908203125 -0.0473213195800781 -0.0679054260253906
0.073974609375 -0.0661544799804687 -0.0383987426757812 -0.0899429321289063
0.126457214355469 0.0190048217773438 -0.0273513793945313 -0.114601135253906
0.134613037109375 0.0966796875 -0.035491943359375 -0.173049926757813
0.0873870849609375 0.164138793945312 -0.025970458984375 -0.203155517578125
0.0626068115234375 0.206878662109375 0.11529541015625 -0.138214111328125
0.104194641113281 0.095611572265625 0.0362739562988281 -0.0221366882324219
0.121551513671875 0.041229248046875 0.0867996215820313 0.0578994750976562
0.0951614379882813 -0.0354843139648438 0.146926879882813 -0.0232391357421875
0.0497932434082031 -0.0663261413574219 0.110160827636719 -0.10528564453125
-0.0100173950195313 -0.0838623046875 0.020233154296875 -0.1568603515625
-0.0493011474609375 -0.0826797485351563 -0.052398681640625 -0.134017944335938
-0.0437774658203125 -0.0774917602539063 -0.0596771240234375 -0.0802536010742188
-0.05889892578125 -0.0879364013671875 -0.0536880493164063 -0.0635337829589844
-0.028778076171875 -0.10711669921875 -0.0530471801757812 -0.05072021484375
0.0408935546875 -0.118270874023438 -0.0476036071777344 -0.0405387878417969
0.116981506347656 -0.0811920166015625 -0.0455551147460937 -0.0667610168457031
0.168746948242188 0.04974365234375 -0.036407470703125 -0.0899581909179688
0.156463623046875 0.1470947265625 -0.0276260375976562 -0.13427734375
0.0778656005859375 0.224044799804688 -0.0182266235351562 -0.138320922851563
0.0298309326171875 0.255020141601563 0.133026123046875 -0.0571517944335937
0.1009521484375 0.166000366210938 0.0554885864257813 0.0295791625976563
0.16400146484375 0.102340698242187 0.0882034301757813 0.0866622924804688
0.157684326171875 -0.02655029296875 0.147079467773438 0.010498046875
0.0966339111328125 -0.092041015625 0.118705749511719 -0.0673446655273438
0.00483703613281249 -0.132347106933594 0.0392303466796875 -0.1246337890625
-0.0533676147460938 -0.125907897949219 -0.0278854370117188 -0.103347778320313
-0.048797607421875 -0.116592407226563 -0.03900146484375 -0.0492172241210937
-0.0686187744140625 -0.129936218261719 -0.0329837799072266 -0.0313892364501953
-0.02789306640625 -0.1439208984375 -0.0433311462402344 -0.0146560668945313
0.0589599609375 -0.148162841796875 -0.0444259643554687 -0.00637817382812501
0.141769409179688 -0.094482421875 -0.0513076782226563 -0.0389976501464844
0.19207763671875 0.0653533935546875 -0.0427665710449219 -0.0666007995605469
0.163833618164063 0.172332763671875 -0.0120468139648437 -0.0938949584960937
0.0600738525390625 0.251983642578125 -0.0109519958496094 -0.0615615844726562
-0.00976562500000001 0.258148193359375 0.133438110351563 0.0388870239257813
0.070709228515625 0.2060546875 0.0654525756835938 0.09271240234375
0.167892456054687 0.153732299804688 0.0798416137695313 0.114814758300781
0.191452026367188 -0.000579833984375 0.132164001464844 0.0492401123046875
0.130218505859375 -0.0948715209960938 0.113304138183594 -0.020111083984375
0.023223876953125 -0.15692138671875 0.0536422729492188 -0.0761642456054688
-0.0481109619140625 -0.150115966796875 0.000331878662109367 -0.0587806701660156
-0.0461044311523438 -0.137603759765625 -0.0120954513549805 -0.0109968185424805
-0.069305419921875 -0.153427124023438 -0.0069417953491211 0.00741386413574218
-0.0240478515625 -0.161941528320312 -0.0284347534179688 0.0269889831542969
0.0706787109375 -0.159332275390625 -0.0381393432617187 0.0302886962890625
0.151580810546875 -0.093475341796875 -0.0549163818359375 -0.0104293823242188
0.191055297851563 0.078033447265625 -0.0449638366699219 -0.0474014282226563
0.145004272460938 0.18212890625 0.00855255126953126 -0.0553092956542969
0.030670166015625 0.248367309570312 -0.00521469116210937 0.0182037353515625
-0.047088623046875 0.216049194335938 0.119728088378906 0.131553649902344
0.0224761962890625 0.200531005859375 0.0644073486328125 0.15313720703125
0.128875732421875 0.175018310546875 0.0641708374023438 0.135292053222656
0.183029174804687 0.030792236328125 0.104438781738281 0.08209228515625
0.138778686523438 -0.0747756958007813 0.0949783325195313 0.02679443359375
0.0384368896484375 -0.151885986328125 0.06060791015625 -0.0208091735839844
-0.034942626953125 -0.149322509765625 0.0277767181396484 -0.00815010070800782
-0.036712646484375 -0.137702941894531 0.0161342620849609 0.0282611846923828
-0.0602874755859375 -0.155166625976563 0.020355224609375 0.0491180419921875
-0.0155487060546875 -0.159759521484375 -0.0126762390136719 0.0685768127441406
0.0777587890625 -0.15008544921875 -0.0336875915527344 0.0652999877929687
0.149520874023438 -0.0770263671875 -0.0590362548828125 0.0153579711914062
0.168182373046875 0.0918121337890625 -0.0470314025878906 -0.0315818786621094
0.103591918945312 0.179244995117188 0.0254974365234375 -0.0192127227783203
-0.00811767578124999 0.218170166015625 -0.00600433349609375 0.0931243896484375
-0.0734329223632812 0.13250732421875 0.0951690673828125 0.2021484375
-0.02679443359375 0.14984130859375 0.0541229248046875 0.196304321289062
0.0636444091796875 0.155624389648438 0.0471343994140625 0.140670776367188
0.135147094726563 0.0513381958007812 0.0723800659179688 0.101318359375
0.117210388183594 -0.0415420532226562 0.06890869140625 0.0601577758789063
0.0444412231445312 -0.119033813476563 0.058990478515625 0.0290870666503906
-0.0165557861328125 -0.123893737792969 0.0499420166015625 0.0398178100585937
-0.021209716796875 -0.116134643554687 0.0424423217773438 0.0644264221191406
-0.0401382446289063 -0.134689331054688 0.0438308715820312 0.0873870849609375
-0.0029144287109375 -0.13702392578125 -0.00121307373046876 0.10772705078125
0.0782318115234375 -0.122322082519531 -0.0349578857421875 0.0966110229492187
0.133216857910156 -0.0495376586914062 -0.0676651000976562 0.0368881225585937
0.126899719238281 0.0998001098632813 -0.0518226623535156 -0.020050048828125
0.0493927001953125 0.159194946289063 0.0320205688476563 0.0147743225097656
-0.050445556640625 0.16143798828125 -0.0186309814453125 0.155044555664063
-0.0881195068359375 0.02740478515625 0.0713653564453125 0.237030029296875
-0.0669174194335938 0.0708236694335938 0.0452423095703125 0.213546752929688
-0.0069122314453125 0.102806091308594 0.0361099243164062 0.133308410644531
0.0650405883789063 0.0561370849609375 0.0480880737304688 0.10565185546875
0.0731582641601562 -0.0053863525390625 0.047576904296875 0.0768508911132813
0.0399246215820313 -0.0667304992675781 0.0556640625 0.0638961791992188
0.00390625 -0.0775680541992188 0.0651626586914063 0.0740432739257813
-0.00295257568359374 -0.0762557983398438 0.0616912841796875 0.0904083251953125
-0.0155105590820312 -0.094329833984375 0.0588150024414063 0.119514465332031
0.00997161865234375 -0.0961380004882813 0.00458526611328124 0.139381408691406
0.0673065185546875 -0.0799942016601562 -0.0425033569335938 0.121078491210938
0.100730895996094 -0.0199737548828125 -0.0811767578125 0.05242919921875
0.0733108520507813 0.09185791015625 -0.0613288879394531 -0.0137252807617187
-0.00811004638671875 0.11773681640625 0.0249748229980469 0.0400772094726563
-0.0842208862304688 0.0824661254882813 -0.0434722900390625 0.195693969726563
0.0892257690429688 0.03155517578125 0.04345703125 -0.215789794921875
0.0433807373046875 -0.0627937316894531 -0.0171127319335937 -0.0620346069335938
-0.0187873840332031 -0.0571670532226562 0.0698432922363281 0.0261344909667969
-0.0468826293945312 -0.0100936889648437 0.121131896972656 -0.0542144775390625
-0.0368423461914062 0.0237274169921875 0.0729522705078125 -0.13494873046875
-0.0168342590332031 0.0440864562988281 -0.0133209228515625 -0.1649169921875
-0.0129318237304688 0.0347766876220703 -0.079620361328125 -0.144805908203125
-0.0147380828857422 0.0314960479736328 -0.07928466796875 -0.104690551757812
-0.0230712890625 0.0335922241210938 -0.0765762329101563 -0.0882186889648438
-0.0398826599121094 0.00724411010742188 -0.0596084594726562 -0.0842361450195313
-0.0329418182373047 -0.0311775207519531 -0.0520095825195312 -0.0830917358398437
0.0105667114257812 -0.0608787536621094 -0.0408935546875 -0.109024047851563
0.0754241943359375 -0.0369186401367187 -0.0218505859375 -0.143234252929688
0.108818054199219 0.0170135498046875 -0.0427093505859375 -0.207763671875
0.0974197387695313 0.0753707885742188 -0.0437774658203125 -0.250396728515625
0.0908584594726563 0.129745483398438 0.0812530517578125 -0.198455810546875
0.0849380493164063 0.0119171142578125 0.008026123046875 -0.0546722412109375
0.0568161010742187 -0.0179481506347656 0.08184814453125 0.0374374389648438
0.0209865570068359 -0.0312881469726563 0.138397216796875 -0.0470428466796875
0.00141143798828125 -0.0255317687988281 0.0933609008789063 -0.132308959960938
-0.0195884704589844 -0.0208244323730469 -0.0010833740234375 -0.173233032226563
-0.0378913879394531 -0.02484130859375 -0.0746002197265625 -0.1495361328125
-0.0336437225341797 -0.0253219604492188 -0.07684326171875 -0.0998916625976563
-0.0449867248535156 -0.0298995971679688 -0.071929931640625 -0.0833663940429687
-0.0344314575195312 -0.0540390014648438 -0.060302734375 -0.0756072998046875
0.00854492187500001 -0.0783843994140625 -0.0516090393066406 -0.0689544677734375
0.0733566284179687 -0.0704421997070313 -0.0423736572265625 -0.0938034057617188
0.131088256835938 0.0163421630859375 -0.0291671752929687 -0.120246887207031
0.141067504882813 0.0946197509765625 -0.04010009765625 -0.178451538085938
0.0947113037109375 0.167617797851563 -0.032501220703125 -0.208953857421875
0.0715179443359375 0.21270751953125 0.114471435546875 -0.145187377929688
0.108131408691406 0.095367431640625 0.0336799621582031 -0.0229034423828125
0.126724243164063 0.0382308959960938 0.0915679931640625 0.0606002807617187
0.0954818725585938 -0.0399856567382813 0.1517333984375 -0.0250396728515625
0.0492172241210938 -0.0690879821777344 0.113189697265625 -0.111289978027344
-0.0136260986328125 -0.0843582153320313 0.0177154541015625 -0.162216186523438
-0.0540695190429687 -0.0822372436523438 -0.0578460693359375 -0.13623046875
-0.0467376708984375 -0.0782012939453125 -0.0631256103515625 -0.0801773071289063
-0.0630111694335937 -0.0864639282226563 -0.0583038330078125 -0.0634536743164063
-0.03326416015625 -0.107215881347656 -0.0572090148925781 -0.0499801635742188
0.0375595092773438 -0.12164306640625 -0.0515251159667969 -0.0416908264160156
0.1177978515625 -0.0871429443359375 -0.0489234924316406 -0.069580078125
0.175827026367188 0.0462646484375 -0.0386123657226562 -0.0950851440429688
0.165679931640625 0.145477294921875 -0.03192138671875 -0.139450073242188
0.08587646484375 0.229782104492187 -0.0236663818359375 -0.14263916015625
0.037689208984375 0.26287841796875 0.13397216796875 -0.0628738403320312
0.106353759765625 0.167572021484375 0.0548362731933594 0.0298118591308594
0.17303466796875 0.100311279296875 0.0924758911132813 0.0904922485351563
0.160995483398438 -0.0316925048828125 0.15325927734375 0.010009765625
0.0965957641601563 -0.096893310546875 0.123222351074219 -0.0717391967773438
0.000305175781250009 -0.134452819824219 0.0376434326171875 -0.130210876464844
-0.0592269897460938 -0.126518249511719 -0.0321426391601563 -0.105178833007813
-0.053070068359375 -0.118194580078125 -0.0409698486328125 -0.0485801696777344
-0.0746917724609375 -0.129661560058594 -0.0362892150878906 -0.0306816101074219
-0.0338592529296875 -0.145248413085938 -0.0462265014648438 -0.0132102966308594
0.054168701171875 -0.152816772460938 -0.0473823547363281 -0.00654983520507814
0.14202880859375 -0.101104736328125 -0.0547103881835937 -0.0409889221191406
0.200149536132813 0.0618133544921875 -0.0447311401367187 -0.0703887939453125
0.173080444335937 0.17218017578125 -0.0146865844726562 -0.0986785888671875
0.0688018798828125 0.258880615234375 -0.014129638671875 -0.0633125305175781
-0.00381469726562502 0.267349243164063 0.137603759765625 0.0361175537109375
0.075836181640625 0.209869384765625 0.0662460327148438 0.0932540893554688
0.178085327148438 0.153091430664063 0.083984375 0.120635986328125
0.1962890625 -0.0061798095703125 0.138160705566406 0.0507278442382813
0.131782531738281 -0.100326538085938 0.119354248046875 -0.0221481323242188
0.018829345703125 -0.160964965820313 0.0538558959960938 -0.0806808471679688
-0.0553741455078125 -0.152099609375 -0.00179672241210938 -0.0606193542480469
-0.0512313842773438 -0.140052795410156 -0.0130672454833984 -0.010340690612793
-0.0772705078125 -0.153884887695313 -0.00819444656372071 0.00817632675170897
-0.031280517578125 -0.1634521484375 -0.0299301147460938 0.0283222198486328
0.065765380859375 -0.165664672851563 -0.0399284362792969 0.0307388305664062
0.152618408203125 -0.100616455078125 -0.0577545166015625 -0.0112571716308594
0.199813842773437 0.0751800537109375 -0.046875 -0.0499610900878906
0.154556274414063 0.182464599609375 0.00751113891601564 -0.05938720703125
0.038299560546875 0.256103515625 -0.00576210021972656 0.0191612243652344
-0.0430755615234375 0.223434448242188 0.126304626464844 0.131546020507813
0.0257720947265625 0.20550537109375 0.0675811767578125 0.1558837890625
0.13824462890625 0.176986694335938 0.067352294921875 0.14068603515625
0.188430786132813 0.02679443359375 0.109519958496094 0.0858993530273438
0.141220092773438 -0.0796356201171875 0.100975036621094 0.0261688232421875
0.0346221923828125 -0.15618896484375 0.0625762939453125 -0.0238609313964844
-0.041412353515625 -0.152542114257812 0.0279712677001953 -0.00954246520996095
-0.04150390625 -0.140541076660156 0.0177841186523438 0.0297641754150391
-0.0675048828125 -0.156295776367188 0.020355224609375 0.0495147705078125
-0.02191162109375 -0.16265869140625 -0.0127944946289062 0.0707550048828125
0.0737152099609375 -0.156280517578125 -0.0343894958496094 0.06658935546875
0.15106201171875 -0.0837554931640625 -0.0609855651855469 0.0159225463867187
0.176559448242188 0.0899200439453125 -0.0488204956054687 -0.0333023071289062
0.112258911132813 0.180618286132813 0.0258636474609375 -0.0222263336181641
-0.00262451171875 0.225387573242188 -0.00437927246093749 0.0954360961914063
-0.072998046875 0.138046264648438 0.10302734375 0.205276489257812
-0.025634765625 0.154830932617188 0.05889892578125 0.20050048828125
0.0701904296875 0.15948486328125 0.0497589111328125 0.146453857421875
0.14013671875 0.0490341186523438 0.0771484375 0.105621337890625
0.119827270507813 -0.0459136962890625 0.0751571655273438 0.0616683959960938
0.0411834716796875 -0.123046875 0.0629119873046875 0.0273933410644531
-0.021453857421875 -0.126960754394531 0.0526351928710938 0.0385284423828125
-0.0255050659179687 -0.11932373046875 0.0453758239746094 0.0657005310058594
-0.0467987060546875 -0.136146545410156 0.0457992553710938 0.0882797241210937
-0.00801849365234376 -0.139968872070312 0.000343322753906261 0.110000610351563
0.0757293701171875 -0.128288269042969 -0.0345077514648438 0.0989761352539062
0.135589599609375 -0.055511474609375 -0.0693893432617187 0.0386886596679687
0.134147644042969 0.0996551513671875 -0.0536956787109375 -0.020751953125
0.054962158203125 0.162338256835938 0.0337448120117188 0.012420654296875
-0.0478973388671875 0.167953491210938 -0.015594482421875 0.159637451171875
-0.089935302734375 0.0298538208007812 0.08038330078125 0.241806030273438
-0.0684585571289063 0.0739974975585938 0.050567626953125 0.218246459960938
-0.00321197509765626 0.10693359375 0.0384521484375 0.138397216796875
0.0685234069824219 0.0564537048339844 0.0521240234375 0.111068725585938
0.0754623413085937 -0.00749969482421875 0.0528411865234375 0.0792236328125
0.0389633178710938 -0.0696792602539063 0.0606040954589844 0.0636482238769531
0.00107574462890625 -0.0812301635742188 0.0694351196289063 0.0735855102539063
-0.00512695312499999 -0.0793380737304688 0.0655364990234375 0.0914688110351563
-0.0191268920898437 -0.0959548950195313 0.0627059936523438 0.120407104492188
0.00637817382812501 -0.0993118286132813 0.00717163085937501 0.142318725585938
0.0668716430664063 -0.0851516723632813 -0.0411148071289063 0.1236572265625
0.103248596191406 -0.0235824584960937 -0.082366943359375 0.0553359985351562
0.078155517578125 0.0937576293945313 -0.0636215209960938 -0.0133094787597656
-0.00588989257812499 0.121482849121094 0.0280914306640625 0.0395736694335938
-0.0849609375 0.0873870849609375 -0.0393829345703125 0.20166015625
0.0980148315429688 0.0301895141601563 0.0376129150390625 -0.228408813476563
0.0434837341308594 -0.0681266784667969 -0.0225028991699219 -0.0620841979980469
-0.0232810974121094 -0.0613822937011719 0.0756378173828125 0.026336669921875
-0.0502471923828125 -0.00982666015625 0.126838684082031 -0.0608749389648438
-0.0384864807128906 0.0265541076660156 0.0723114013671875 -0.144210815429688
-0.0153160095214844 0.0487213134765625 -0.0190887451171875 -0.17266845703125
-0.0119247436523438 0.0385246276855469 -0.0891265869140625 -0.149215698242188
-0.0136508941650391 0.0341625213623047 -0.08758544921875 -0.106681823730469
-0.0215187072753906 0.0365791320800781 -0.0843276977539062 -0.0890045166015625
-0.0404548645019531 0.0106735229492188 -0.0664901733398438 -0.086456298828125
-0.0362052917480469 -0.0308647155761719 -0.059326171875 -0.0862197875976563
0.0079803466796875 -0.0651512145996094 -0.0478057861328125 -0.115463256835937
0.0783233642578125 -0.0430068969726563 -0.0266571044921875 -0.153030395507813
0.115463256835938 0.0129852294921875 -0.0516204833984375 -0.218338012695313
0.106513977050781 0.0769271850585938 -0.0556488037109375 -0.262603759765625
0.103034973144531 0.134796142578125 0.077606201171875 -0.212432861328125
0.0896759033203125 0.00904083251953125 0.00307464599609376 -0.0562019348144531
0.0585250854492187 -0.0224761962890625 0.0889968872070312 0.0386505126953125
0.0196456909179688 -0.0346736907958984 0.14599609375 -0.0538330078125
-0.000249862670898437 -0.0266017913818359 0.09527587890625 -0.1429443359375
-0.0224361419677734 -0.0189914703369141 -0.00692749023437502 -0.18218994140625
-0.0411796569824219 -0.0230789184570313 -0.0843048095703125 -0.153854370117188
-0.03582763671875 -0.0248298645019531 -0.0839996337890625 -0.101837158203125
-0.0473976135253906 -0.0283546447753906 -0.079681396484375 -0.084136962890625
-0.037841796875 -0.0533599853515625 -0.0674591064453125 -0.0766677856445312
0.00501251220703124 -0.0814895629882813 -0.0582733154296875 -0.0719375610351563
0.073577880859375 -0.0772476196289063 -0.0487518310546875 -0.100143432617187
0.139656066894531 0.011016845703125 -0.0335845947265625 -0.129386901855469
0.152725219726563 0.0928497314453125 -0.048828125 -0.188491821289063
0.10693359375 0.174087524414063 -0.0436248779296875 -0.219482421875
0.0855255126953125 0.222808837890625 0.114089965820313 -0.157440185546875
0.116508483886719 0.0967788696289063 0.0312595367431641 -0.0244331359863281
0.135917663574219 0.0338973999023438 0.0993118286132813 0.0638275146484375
0.0983352661132813 -0.0467758178710938 0.160720825195313 -0.0298614501953125
0.048583984375 -0.0745773315429688 0.117012023925781 -0.12115478515625
-0.0186614990234375 -0.0863800048828125 0.0128936767578125 -0.171737670898438
-0.0608444213867188 -0.0828018188476563 -0.06634521484375 -0.1409912109375
-0.0522384643554687 -0.0796279907226563 -0.068878173828125 -0.0813980102539063
-0.069732666015625 -0.0874481201171875 -0.064971923828125 -0.0631599426269531
-0.039520263671875 -0.109207153320313 -0.0631446838378906 -0.0500297546386719
0.0334625244140625 -0.12841796875 -0.0577774047851562 -0.0428657531738281
0.119621276855469 -0.096771240234375 -0.05535888671875 -0.0746231079101563
0.188400268554688 0.0413360595703125 -0.0426406860351562 -0.102142333984375
0.18060302734375 0.1455078125 -0.03826904296875 -0.147994995117188
0.100128173828125 0.24072265625 -0.0308074951171875 -0.1495361328125
0.0509185791015625 0.276596069335938 0.138420104980469 -0.0709762573242187
0.116714477539062 0.173385620117187 0.0553855895996094 0.0295944213867188
0.187271118164063 0.0986175537109375 0.101036071777344 0.0961074829101563
0.1676025390625 -0.040252685546875 0.16314697265625 0.0078277587890625
0.0981597900390625 -0.105628967285156 0.130157470703125 -0.0803985595703125
-0.0060272216796875 -0.139823913574219 0.0357208251953125 -0.139671325683594
-0.069183349609375 -0.129920959472656 -0.037689208984375 -0.109382629394531
-0.0606613159179687 -0.122657775878906 -0.0445976257324219 -0.0488090515136719
-0.0847625732421875 -0.131729125976563 -0.0405693054199219 -0.0302314758300781
-0.042022705078125 -0.149337768554688 -0.0506591796875 -0.0121841430664063
0.049041748046875 -0.1622314453125 -0.0523796081542969 -0.00605392456054689
0.144882202148438 -0.1129150390625 -0.0598640441894531 -0.0433921813964844
0.214889526367188 0.056396484375 -0.0489349365234375 -0.0756759643554688
0.18963623046875 0.173309326171875 -0.0191497802734375 -0.105796813964844
0.0829620361328125 0.27197265625 -0.0180091857910156 -0.0663604736328125
0.00640869140625 0.282958984375 0.145919799804687 0.0323028564453125
0.0862884521484375 0.218795776367188 0.0702590942382813 0.0964584350585938
0.194549560546875 0.15478515625 0.091583251953125 0.128143310546875
0.205947875976563 -0.0141448974609375 0.148712158203125 0.051971435546875
0.135261535644531 -0.109825134277344 0.128646850585938 -0.0273971557617188
0.01263427734375 -0.168624877929688 0.0546646118164062 -0.08843994140625
-0.0654296875 -0.1568603515625 -0.00417327880859376 -0.0636405944824219
-0.0596160888671875 -0.14544677734375 -0.0133304595947266 -0.00928401947021485
-0.0883026123046875 -0.156784057617188 -0.00966453552246094 0.0100679397583008
-0.0402679443359375 -0.169342041015625 -0.0320892333984375 0.0312767028808594
0.0608673095703125 -0.176025390625 -0.0433540344238281 0.0333213806152344
0.155868530273437 -0.112716674804687 -0.0619239807128906 -0.0116996765136719
0.214767456054688 0.0712127685546875 -0.0505752563476563 -0.0533599853515625
0.170135498046875 0.185272216796875 0.00589752197265626 -0.0648956298828125
0.050262451171875 0.270156860351563 -0.00646400451660156 0.0199966430664063
-0.0373382568359375 0.237655639648438 0.137344360351563 0.133560180664063
0.032928466796875 0.215774536132813 0.0742645263671875 0.160903930664062
0.153961181640625 0.182144165039063 0.074188232421875 0.150405883789063
0.199493408203125 0.0210418701171875 0.119972229003906 0.0899200439453125
0.146408081054688 -0.0890045166015625 0.110359191894531 0.024749755859375
0.0291900634765625 -0.164718627929688 0.0658721923828125 -0.0293617248535156
-0.05072021484375 -0.158233642578125 0.0290126800537109 -0.0117645263671875
-0.05029296875 -0.146514892578125 0.0199050903320312 0.0315189361572266
-0.078521728515625 -0.160186767578125 0.0219535827636719 0.0519371032714844
-0.03125 -0.169021606445313 -0.012542724609375 0.0747833251953125
0.0693511962890625 -0.167739868164062 -0.035247802734375 0.0704421997070312
0.155380249023438 -0.0949249267578125 -0.0646247863769531 0.0176849365234375
0.190765380859375 0.0877685546875 -0.0524940490722656 -0.0349235534667969
0.125137329101563 0.185089111328125 0.0269355773925781 -0.0266780853271484
0.00559997558593748 0.239227294921875 -0.00177764892578126 0.100624084472656
-0.0727691650390625 0.14837646484375 0.116119384765625 0.21148681640625
-0.0233154296875 0.164260864257813 0.067718505859375 0.20855712890625
0.081695556640625 0.1661376953125 0.055938720703125 0.156005859375
0.150009155273438 0.0463409423828125 0.0860061645507813 0.112701416015625
0.1256103515625 -0.0521392822265625 0.083648681640625 0.0632858276367188
0.03826904296875 -0.13134765625 0.0685195922851563 0.02520751953125
-0.0286483764648437 -0.132942199707031 0.0569267272949219 0.0378990173339844
-0.0319900512695313 -0.124603271484375 0.05010986328125 0.06787109375
-0.0557861328125 -0.140434265136719 0.0502395629882812 0.0916595458984375
-0.0157318115234375 -0.146697998046875 0.00348663330078125 0.116020202636719
0.0732879638671875 -0.138282775878906 -0.0337448120117188 0.104454040527344
0.140510559082031 -0.0643539428710937 -0.0723114013671875 0.0417098999023437
0.146377563476563 0.10003662109375 -0.057373046875 -0.0214614868164062
0.0634765625 0.168670654296875 0.0373077392578125 0.00965118408203126
-0.0439910888671875 0.17962646484375 -0.0108489990234375 0.16839599609375
-0.0944976806640625 0.0340652465820313 0.0937347412109375 0.250732421875
-0.0699310302734375 0.0813217163085938 0.0603485107421875 0.228118896484375
0.00131988525390626 0.114128112792969 0.0439453125 0.147659301757813
0.0753173828125 0.0562896728515625 0.0598068237304688 0.118316650390625
0.0797805786132813 -0.0106277465820313 0.0605697631835938 0.0827865600585938
0.0378494262695313 -0.0754013061523438 0.0669288635253906 0.0635795593261719
-0.00321960449218751 -0.0864334106445313 0.0764007568359375 0.07391357421875
-0.00921630859375001 -0.0837936401367188 0.0726089477539063 0.094390869140625
-0.0249710083007812 -0.100410461425781 0.0692214965820313 0.124282836914063
0.001495361328125 -0.104927062988281 0.0117645263671875 0.149856567382813
0.0667037963867188 -0.0933303833007812 -0.0395431518554687 0.130882263183594
0.108879089355469 -0.0292816162109375 -0.0855255126953125 0.059967041015625
0.0868606567382813 0.0967636108398438 -0.0669441223144531 -0.0128822326660156
-0.00164794921874999 0.129051208496094 0.0321540832519531 0.0386581420898438
-0.0866546630859375 0.0954437255859375 -0.0341949462890625 0.212844848632813
0.10943603515625 0.0255889892578125 0.0245513916015625 -0.244735717773438
0.0408935546875 -0.0751190185546875 -0.029815673828125 -0.0619392395019531
-0.0302391052246094 -0.064239501953125 0.083587646484375 0.0246505737304688
-0.0553817749023438 -0.00719833374023437 0.131423950195312 -0.071929931640625
-0.0400276184082031 0.0313987731933594 0.0680084228515625 -0.157562255859375
-0.0119667053222656 0.0542449951171875 -0.0296478271484375 -0.181640625
-0.009033203125 0.0428848266601562 -0.103927612304687 -0.152328491210938
-0.0109100341796875 0.0374374389648438 -0.0994338989257813 -0.107223510742188
-0.0188674926757813 0.0405769348144531 -0.095611572265625 -0.0882339477539063
-0.0411796569824219 0.0156402587890625 -0.0772476196289062 -0.0870819091796875
-0.0410270690917969 -0.0290412902832031 -0.0693130493164063 -0.08868408203125
0.00333786010742187 -0.0700531005859375 -0.0591354370117188 -0.122756958007813
0.0803680419921875 -0.0517730712890625 -0.0374755859375 -0.164321899414063
0.123428344726563 0.00518035888671875 -0.0684661865234375 -0.229232788085938
0.120071411132813 0.07574462890625 -0.0780181884765625 -0.27581787109375
0.121574401855469 0.136589050292969 0.0680999755859375 -0.230560302734375
0.0950393676757813 0.00371551513671875 -0.00302886962890624 -0.05792236328125
0.0598602294921875 -0.029266357421875 0.098907470703125 0.0378494262695313
0.0177459716796875 -0.0388145446777344 0.152297973632813 -0.065155029296875
-0.00272369384765625 -0.0278663635253906 0.0930633544921875 -0.158096313476562
-0.0245285034179688 -0.0169715881347656 -0.0180206298828125 -0.193069458007813
-0.0447578430175781 -0.0197868347167969 -0.100021362304688 -0.1573486328125
-0.0393447875976563 -0.0233535766601562 -0.095245361328125 -0.102218627929687
-0.0515022277832031 -0.0257644653320313 -0.0907363891601563 -0.0836410522460938
-0.0433692932128906 -0.0524749755859375 -0.077972412109375 -0.0768280029296875
-0.000778198242187499 -0.0856552124023438 -0.0679702758789063 -0.0731048583984375
0.0721359252929688 -0.0876007080078125 -0.0594024658203125 -0.106285095214844
0.1490478515625 0.0010833740234375 -0.0434188842773438 -0.138763427734375
0.168197631835938 0.08709716796875 -0.06414794921875 -0.198150634765625
0.126358032226563 0.179718017578125 -0.0615081787109375 -0.231430053710938
0.10882568359375 0.23260498046875 0.11077880859375 -0.174758911132812
0.129112243652344 0.0952835083007813 0.0283069610595703 -0.0263862609863281
0.146774291992188 0.02545166015625 0.110496520996094 0.0643081665039063
0.100227355957031 -0.0571365356445313 0.170639038085938 -0.04052734375
0.0461502075195312 -0.0824203491210937 0.118698120117188 -0.136878967285156
-0.0261917114257812 -0.0884628295898438 0.00303649902343748 -0.184478759765625
-0.070770263671875 -0.0820236206054688 -0.080230712890625 -0.144744873046875
-0.0609359741210938 -0.0808029174804687 -0.077606201171875 -0.0809707641601563
-0.0798416137695312 -0.0862884521484375 -0.074371337890625 -0.0621871948242188
-0.0490798950195313 -0.111259460449219 -0.0717239379882813 -0.0480194091796875
0.0254364013671875 -0.137123107910156 -0.0655708312988281 -0.0430526733398438
0.11962890625 -0.110824584960938 -0.0650558471679687 -0.0786972045898438
0.203170776367188 0.03009033203125 -0.0517730712890625 -0.109611511230469
0.201095581054688 0.140975952148438 -0.050689697265625 -0.15692138671875
0.123580932617188 0.251205444335938 -0.0438385009765625 -0.157485961914062
0.0738525390625 0.29290771484375 0.142135620117188 -0.0849456787109375
0.13409423828125 0.177566528320313 0.0571708679199219 0.0292816162109375
0.20654296875 0.09075927734375 0.113777160644531 0.0998458862304688
0.174545288085937 -0.054931640625 0.17645263671875 0.000839233398437497
0.0972518920898437 -0.118843078613281 0.136550903320313 -0.0941238403320313
-0.01629638671875 -0.1461181640625 0.0288848876953125 -0.151138305664063
-0.0830535888671875 -0.131584167480469 -0.0482406616210938 -0.11358642578125
-0.0731735229492188 -0.125503540039063 -0.0497016906738281 -0.0479469299316407
-0.0995941162109375 -0.132209777832031 -0.0468902587890625 -0.028594970703125
-0.0557403564453125 -0.153350830078125 -0.0564651489257812 -0.00865554809570313
0.03961181640625 -0.1749267578125 -0.0579490661621094 -0.00386428833007814
0.146087646484375 -0.12969970703125 -0.0677375793457031 -0.0448417663574219
0.233673095703125 0.0447998046875 -0.056549072265625 -0.0806732177734375
0.2132568359375 0.169448852539063 -0.0271377563476562 -0.113639831542969
0.107086181640625 0.285736083984375 -0.0243682861328125 -0.0695304870605469
0.0262451171875 0.30126953125 0.157073974609375 0.02520751953125
0.10400390625 0.227859497070313 0.0781173706054688 0.0980224609375
0.2181396484375 0.15155029296875 0.105239868164063 0.134452819824219
0.21697998046875 -0.029144287109375 0.16387939453125 0.0493927001953125
0.136672973632813 -0.126121520996094 0.138160705566406 -0.0377883911132813
0.00117492675781248 -0.178359985351563 0.05279541015625 -0.0988540649414063
-0.08087158203125 -0.160995483398438 -0.00940704345703126 -0.0676689147949219
-0.073883056640625 -0.150146484375 -0.0141716003417969 -0.00812149047851563
-0.105026245117188 -0.158157348632813 -0.0116958618164063 0.0123310089111328
-0.05548095703125 -0.1748046875 -0.0339622497558594 0.0359420776367187
0.0507659912109375 -0.190185546875 -0.0456390380859375 0.0372848510742187
0.157318115234375 -0.130752563476563 -0.06781005859375 -0.0109024047851563
0.23443603515625 0.0598602294921875 -0.05706787109375 -0.0567550659179687
0.194168090820313 0.183746337890625 0.00173187255859376 -0.071990966796875
0.072235107421875 0.28533935546875 -0.00574111938476562 0.0216293334960938
-0.02392578125 0.256149291992188 0.15423583984375 0.132553100585938
0.047943115234375 0.227554321289063 0.086273193359375 0.166885375976563
0.177093505859375 0.1837158203125 0.0880279541015625 0.158935546875
0.212677001953125 0.008880615234375 0.134773254394531 0.0917205810546875
0.1505126953125 -0.104248046875 0.122634887695313 0.0190887451171875
0.018951416015625 -0.175338745117187 0.0682449340820313 -0.0368118286132813
-0.0668792724609375 -0.163589477539063 0.0296497344970703 -0.0149631500244141
-0.0639190673828125 -0.152008056640625 0.0239696502685547 0.0331840515136719
-0.095672607421875 -0.162216186523438 0.0251579284667969 0.0543098449707031
-0.0465087890625 -0.175537109375 -0.0101394653320312 0.0810165405273437
0.060394287109375 -0.182968139648438 -0.0347518920898437 0.07623291015625
0.158538818359375 -0.112091064453125 -0.0685844421386719 0.0209388732910156
0.210113525390625 0.079925537109375 -0.057342529296875 -0.0363044738769531
0.145584106445313 0.187255859375 0.0270729064941406 -0.0326004028320312
0.0225982666015625 0.25506591796875 0.00460815429687499 0.107269287109375
-0.0677032470703125 0.163070678710938 0.137100219726563 0.216415405273438
-0.0153961181640625 0.177505493164063 0.08282470703125 0.217178344726563
0.098907470703125 0.172027587890625 0.0676116943359375 0.16632080078125
0.162689208984375 0.0396881103515625 0.100341796875 0.117538452148438
0.131050109863281 -0.0636215209960938 0.0961990356445313 0.0622787475585937
0.0309906005859375 -0.14129638671875 0.074493408203125 0.02105712890625
-0.041290283203125 -0.139907836914063 0.062896728515625 0.0354843139648437
-0.043548583984375 -0.130828857421875 0.0582160949707031 0.0695381164550781
-0.0693206787109375 -0.144119262695313 0.0579376220703125 0.09478759765625
-0.028076171875 -0.15362548828125 0.00916290283203125 0.123153686523437
0.066864013671875 -0.152923583984375 -0.0305252075195313 0.11175537109375
0.145721435546875 -0.0785675048828125 -0.074920654296875 0.04779052734375
0.164108276367188 0.0966949462890625 -0.0622749328613281 -0.0209884643554687
0.079559326171875 0.175064086914062 0.0412101745605469 0.00506210327148439
-0.03460693359375 0.194793701171875 -0.000183105468749989 0.179046630859375
-0.0985794067382813 0.0428619384765625 0.116226196289063 0.25970458984375
-0.0700225830078125 0.091949462890625 0.077911376953125 0.238525390625
0.0105438232421875 0.122581481933594 0.054473876953125 0.157211303710938
0.0844192504882813 0.05499267578125 0.0729904174804688 0.125129699707031
0.0851669311523438 -0.0161972045898438 0.0721054077148438 0.0856552124023438
0.0346450805664063 -0.082550048828125 0.0764083862304687 0.0621719360351562
-0.010650634765625 -0.0926055908203125 0.0863800048828125 0.072357177734375
-0.0161972045898438 -0.0895309448242188 0.0831756591796875 0.0953598022460937
-0.0348358154296875 -0.104820251464844 0.0803146362304688 0.12744140625
-0.00717926025390626 -0.111465454101563 0.02081298828125 0.1585693359375
0.0635986328125 -0.104682922363281 -0.0349884033203125 0.140281677246094
0.11431884765625 -0.0396728515625 -0.0878219604492187 0.068511962890625
0.100578308105469 0.097930908203125 -0.0723114013671875 -0.01080322265625
0.00640869140624999 0.138092041015625 0.0386085510253906 0.0361175537109375
-0.0860977172851563 0.107276916503906 -0.0220489501953125 0.2283935546875
0.120185852050781 0.0149383544921875 0.00262451171875003 -0.258773803710938
0.0354232788085937 -0.0832138061523438 -0.0392837524414062 -0.0588722229003906
-0.0391654968261719 -0.0648231506347656 0.0914535522460938 0.0188674926757812
-0.060089111328125 -0.00254440307617187 0.131759643554688 -0.0869140625
-0.0397682189941406 0.0380020141601563 0.0570831298828125 -0.17034912109375
-0.00574111938476563 0.0594940185546875 -0.0464935302734375 -0.187103271484375
-0.00324249267578125 0.0467796325683594 -0.12286376953125 -0.149017333984375
-0.00629425048828125 0.0404396057128906 -0.11383056640625 -0.103401184082031
-0.0134315490722656 0.0444755554199219 -0.109107971191406 -0.082183837890625
-0.0399246215820313 0.0215835571289062 -0.0895843505859375 -0.0836715698242188
-0.0460662841796875 -0.0250015258789063 -0.0819549560546875 -0.0873260498046875
-0.00485229492187499 -0.0737228393554688 -0.0749664306640625 -0.125984191894531
0.07843017578125 -0.0632247924804688 -0.0543060302734375 -0.171615600585938
0.129257202148438 -0.006805419921875 -0.092498779296875 -0.234039306640625
0.134910583496094 0.0680007934570313 -0.109405517578125 -0.282196044921875
0.143905639648438 0.1312255859375 0.0489959716796875 -0.24822998046875
0.099700927734375 -0.0052032470703125 -0.0112113952636719 -0.0575027465820313
0.0589942932128906 -0.0381126403808594 0.108314514160156 0.0319671630859375
0.0124092102050781 -0.0426406860351563 0.155258178710938 -0.08111572265625
-0.00648689270019531 -0.0284442901611328 0.0834503173828125 -0.174362182617188
-0.0264396667480469 -0.0128841400146484 -0.0359954833984375 -0.201019287109375
-0.0478744506835938 -0.0143318176269531 -0.119522094726563 -0.155166625976563
-0.0425033569335938 -0.0200157165527344 -0.108863830566406 -0.0974349975585938
-0.0548820495605469 -0.0209770202636719 -0.103935241699219 -0.0781021118164063
-0.0495147705078125 -0.0485267639160156 -0.08953857421875 -0.0723114013671875
-0.00964355468750001 -0.0876617431640625 -0.0794448852539063 -0.0714950561523438
0.0657806396484375 -0.0986709594726563 -0.0742874145507812 -0.1090087890625
0.156265258789062 -0.014617919921875 -0.0583343505859375 -0.144943237304687
0.183670043945312 0.073822021484375 -0.0853271484375 -0.202850341796875
0.151779174804688 0.17694091796875 -0.08734130859375 -0.236907958984375
0.138076782226562 0.233718872070313 0.0997161865234375 -0.194305419921875
0.14404296875 0.08843994140625 0.0237274169921875 -0.0282135009765625
0.156448364257813 0.01116943359375 0.123687744140625 0.0599822998046875
0.0975723266601563 -0.0698394775390625 0.177459716796875 -0.0563507080078125
0.0398025512695313 -0.0907440185546875 0.113433837890625 -0.155838012695313
-0.0354690551757812 -0.08746337890625 -0.013824462890625 -0.193572998046875
-0.0817108154296875 -0.0762863159179687 -0.0982208251953125 -0.143356323242188
-0.0714340209960938 -0.0783309936523437 -0.08856201171875 -0.0768585205078125
-0.0909194946289063 -0.0812301635742187 -0.08447265625 -0.0564727783203125
-0.0617294311523438 -0.109153747558594 -0.0806350708007813 -0.0431060791015625
0.01226806640625 -0.1441650390625 -0.0749664306640625 -0.0395431518554688
0.113937377929688 -0.128158569335938 -0.0771942138671875 -0.0795211791992188
0.216278076171875 0.0102386474609375 -0.0643463134765625 -0.114006042480469
0.224090576171875 0.12567138671875 -0.068115234375 -0.161300659179688
0.155624389648437 0.252334594726563 -0.0618743896484375 -0.161941528320312
0.1072998046875 0.300537109375 0.141021728515625 -0.102401733398437
0.156295776367188 0.173812866210937 0.0592842102050781 0.0264358520507813
0.225982666015625 0.0742645263671875 0.130378723144531 0.0982894897460937
0.176406860351563 -0.074493408203125 0.187530517578125 -0.0129547119140625
0.0905838012695313 -0.133956909179688 0.136543273925781 -0.1129150390625
-0.0313873291015625 -0.149093627929688 0.0161590576171875 -0.16217041015625
-0.100395202636719 -0.127998352050781 -0.0615768432617188 -0.113929748535156
-0.088592529296875 -0.123703002929688 -0.055450439453125 -0.0447196960449219
-0.116340637207031 -0.126823425292969 -0.0528793334960938 -0.0237083435058594
-0.07305908203125 -0.15252685546875 -0.0615043640136719 -0.00238037109375
0.0233154296875 -0.184829711914063 -0.0632400512695312 0.000747680664062497
0.139572143554688 -0.150634765625 -0.0773391723632812 -0.043701171875
0.24969482421875 0.0223541259765625 -0.0674057006835937 -0.083709716796875
0.238723754882813 0.154830932617188 -0.0396041870117188 -0.118766784667969
0.14111328125 0.2918701171875 -0.0328521728515625 -0.0708389282226562
0.057464599609375 0.315216064453125 0.166412353515625 0.0107421875
0.128997802734375 0.2301025390625 0.0874786376953125 0.0965347290039063
0.244766235351563 0.137435913085938 0.12384033203125 0.136543273925781
0.224136352539063 -0.0514678955078125 0.17926025390625 0.0399627685546875
0.132217407226563 -0.146026611328125 0.144393920898438 -0.0535888671875
-0.016937255859375 -0.184722900390625 0.04541015625 -0.10955810546875
-0.102005004882812 -0.1590576171875 -0.0168991088867188 -0.0694236755371094
-0.0925445556640625 -0.149703979492188 -0.0148115158081055 -0.00576972961425782
-0.126205444335938 -0.152969360351563 -0.0126914978027344 0.015045166015625
-0.0761260986328125 -0.175994873046875 -0.0338287353515625 0.0420341491699219
0.0330352783203125 -0.202926635742188 -0.046356201171875 0.0425758361816406
0.151641845703125 -0.152557373046875 -0.07366943359375 -0.00765228271484376
0.252349853515625 0.0391998291015625 -0.0654983520507813 -0.057373046875
0.2200927734375 0.172348022460938 -0.00490570068359374 -0.0782546997070312
0.104034423828125 0.2940673828125 -0.00409889221191406 0.0229740142822266
-0.000518798828125024 0.271575927734375 0.174163818359375 0.123916625976563
0.0697479248046875 0.235321044921875 0.102676391601563 0.166534423828125
0.204208374023438 0.176055908203125 0.107223510742188 0.162796020507813
0.223098754882813 -0.011383056640625 0.15325927734375 0.0868072509765625
0.148727416992188 -0.124038696289062 0.133293151855469 0.00801086425781249
0.00234985351562501 -0.18487548828125 0.0679893493652344 -0.0460014343261719
-0.0873260498046875 -0.163986206054688 0.0294036865234375 -0.0185680389404297
-0.082366943359375 -0.152801513671875 0.0285491943359375 0.033233642578125
-0.11651611328125 -0.159255981445313 0.02978515625 0.0555419921875
-0.0669708251953125 -0.177169799804687 -0.00454711914062501 0.0866928100585937
0.0435791015625 -0.196395874023438 -0.0309219360351563 0.0824203491210937
0.154296875 -0.133468627929687 -0.0713882446289062 0.026214599609375
0.229232788085938 0.0630645751953125 -0.0643081665039062 -0.0356521606445313
0.170623779296875 0.18115234375 0.0250473022460938 -0.0400733947753906
0.0486297607421875 0.2667236328125 0.014984130859375 0.111686706542969
-0.0556488037109375 0.177734375 0.164169311523437 0.213531494140625
-0.000396728515625 0.188400268554688 0.10491943359375 0.219589233398437
0.121719360351562 0.172470092773438 0.0858001708984375 0.171951293945313
0.174667358398438 0.0262298583984375 0.118675231933594 0.117012023925781
0.1326904296875 -0.0801544189453125 0.109771728515625 0.0561370849609375
0.0178985595703125 -0.150680541992187 0.0800704956054688 0.0135726928710937
-0.059326171875 -0.141433715820313 0.0691909790039063 0.0304298400878906
-0.0593414306640625 -0.133186340332031 0.0679817199707031 0.0680885314941406
-0.0884857177734375 -0.142654418945313 0.0678176879882813 0.0945358276367187
-0.045989990234375 -0.156448364257813 0.01971435546875 0.12896728515625
0.0538177490234375 -0.166168212890625 -0.0229721069335937 0.118927001953125
0.144668579101563 -0.09759521484375 -0.0752944946289062 0.0554656982421875
0.183013916015625 0.0861053466796875 -0.0671806335449219 -0.018310546875
0.0999908447265625 0.175567626953125 0.0438690185546875 -0.00177764892578124
-0.017822265625 0.208343505859375 0.016632080078125 0.187301635742188
-0.100326538085938 0.0545272827148437 0.146026611328125 0.2606201171875
-0.0654525756835938 0.104202270507812 0.102127075195313 0.242477416992188
0.0241165161132813 0.129417419433594 0.0713348388671875 0.162734985351562
0.0948410034179687 0.0492095947265625 0.0908203125 0.126983642578125
0.089141845703125 -0.0261306762695313 0.086181640625 0.0837020874023438
0.027679443359375 -0.090179443359375 0.0860824584960938 0.0568389892578125
-0.022216796875 -0.0960159301757813 0.0972518920898437 0.06671142578125
-0.0269927978515625 -0.0930328369140625 0.096588134765625 0.0921096801757812
-0.0476913452148438 -0.106208801269531 0.0956573486328125 0.126785278320313
-0.019927978515625 -0.115837097167969 0.0350189208984375 0.164474487304688
0.0557098388671875 -0.116706848144531 -0.02435302734375 0.149612426757813
0.116607666015625 -0.0532150268554688 -0.0863800048828125 0.078704833984375
0.116302490234375 0.09375 -0.076995849609375 -0.00696563720703125
0.0198516845703125 0.145355224609375 0.04443359375 0.0308685302734375
-0.0802993774414063 0.121559143066406 -0.00148010253906249 0.2403564453125
0.125083923339844 0.0005340576171875 -0.0238494873046875 -0.263626098632813
0.0268096923828125 -0.0883865356445312 -0.0470123291015625 -0.0520172119140625
-0.0484390258789062 -0.0619049072265625 0.0955810546875 0.0119705200195312
-0.06298828125 0.00394058227539063 0.126655578613281 -0.0998611450195313
-0.0372238159179688 0.0440711975097656 0.042144775390625 -0.177810668945313
0.00231552124023437 0.0617942810058594 -0.063507080078125 -0.185714721679688
0.00373077392578125 0.0484657287597656 -0.138694763183594 -0.138778686523437
-0.00114059448242188 0.0410614013671875 -0.125358581542969 -0.09393310546875
-0.00724029541015625 0.0459747314453125 -0.119087219238281 -0.0718154907226563
-0.0365447998046875 0.0273551940917969 -0.100265502929687 -0.0760116577148438
-0.0491485595703125 -0.0186729431152344 -0.0928573608398438 -0.082489013671875
-0.013641357421875 -0.0748138427734375 -0.0903854370117188 -0.122856140136719
0.0720672607421875 -0.0733642578125 -0.0724639892578125 -0.171218872070313
0.130027770996094 -0.0206985473632813 -0.116241455078125 -0.228485107421875
0.146530151367188 0.05462646484375 -0.140487670898438 -0.275543212890625
0.1614990234375 0.117095947265625 0.0241851806640625 -0.257720947265625
0.0999526977539063 -0.0155487060546875 -0.019775390625 -0.0543251037597656
0.0549163818359375 -0.04534912109375 0.114341735839844 0.0240859985351562
0.00636291503906251 -0.0443077087402344 0.151535034179688 -0.0962677001953125
-0.0104827880859375 -0.0272731781005859 0.068603515625 -0.184951782226563
-0.0270938873291016 -0.00815391540527343 -0.0554656982421875 -0.2003173828125
-0.048736572265625 -0.00801849365234374 -0.136993408203125 -0.145034790039063
-0.0439682006835938 -0.0159645080566406 -0.119720458984375 -0.08807373046875
-0.0562744140625 -0.0147895812988281 -0.113807678222656 -0.0675201416015625
-0.0532112121582031 -0.0424308776855469 -0.09918212890625 -0.0643997192382813
-0.0191574096679688 -0.0854110717773438 -0.089141845703125 -0.0656585693359375
0.0556716918945313 -0.106239318847656 -0.0881118774414062 -0.10601806640625
0.156356811523437 -0.0319976806640625 -0.0739288330078125 -0.144454956054688
0.193008422851562 0.0547027587890625 -0.1065673828125 -0.198440551757813
0.174591064453125 0.16424560546875 -0.113555908203125 -0.232101440429688
0.167205810546875 0.222518920898438 0.0803680419921875 -0.208755493164063
0.154129028320313 0.0755462646484375 0.0181007385253906 -0.0285167694091797
0.159210205078125 -0.0061492919921875 0.13299560546875 0.0516738891601562
0.0903472900390625 -0.0807876586914063 0.177093505859375 -0.073089599609375
0.0306396484375 -0.0960235595703125 0.10113525390625 -0.170166015625
-0.0449371337890625 -0.0829696655273438 -0.0323486328125 -0.195068359375
-0.090606689453125 -0.0672454833984375 -0.113288879394531 -0.135597229003906
-0.0796432495117187 -0.0717697143554688 -0.0964279174804688 -0.0691680908203125
-0.099456787109375 -0.071685791015625 -0.0919723510742188 -0.0477371215820313
-0.07269287109375 -0.102043151855469 -0.087799072265625 -0.0346755981445312
-0.0029449462890625 -0.145065307617188 -0.08184814453125 -0.033172607421875
0.101638793945312 -0.141250610351563 -0.0887908935546875 -0.0762710571289063
0.220169067382813 -0.0130462646484375 -0.077423095703125 -0.113380432128906
0.238937377929687 0.103713989257812 -0.0853271484375 -0.1585693359375
0.185623168945313 0.241744995117188 -0.079315185546875 -0.157913208007812
0.142333984375 0.294342041015625 0.13250732421875 -0.119583129882812
0.175216674804688 0.161865234375 0.0595054626464844 0.0229072570800781
0.237655639648438 0.0514373779296875 0.143661499023438 0.0904388427734375
0.170196533203125 -0.093658447265625 0.19256591796875 -0.02996826171875
0.0782012939453125 -0.145858764648438 0.129463195800781 -0.129379272460938
-0.0476226806640625 -0.145980834960938 0.0005340576171875 -0.166839599609375
-0.115371704101563 -0.117034912109375 -0.0740127563476563 -0.109161376953125
-0.102729797363281 -0.115715026855469 -0.0598716735839844 -0.0389213562011719
-0.130928039550781 -0.114501953125 -0.057159423828125 -0.0171852111816406
-0.089691162109375 -0.144607543945312 -0.0639572143554687 0.00468444824218748
0.00357055664062502 -0.188064575195313 -0.0659713745117188 0.00672531127929687
0.125534057617188 -0.166854858398438 -0.085662841796875 -0.039642333984375
0.255569458007813 -0.0041046142578125 -0.0776519775390625 -0.0821990966796875
0.256561279296875 0.130767822265625 -0.0530929565429687 -0.118621826171875
0.17529296875 0.282958984375 -0.0408363342285156 -0.069183349609375
0.092041015625 0.314422607421875 0.17034912109375 -0.00654602050781248
0.1529541015625 0.221237182617188 0.094696044921875 0.090667724609375
0.2640380859375 0.114227294921875 0.140899658203125 0.130538940429688
0.221420288085937 -0.0747833251953125 0.189971923828125 0.024688720703125
0.120101928710938 -0.1622314453125 0.143768310546875 -0.0697784423828125
-0.0363311767578125 -0.18359375 0.0350189208984375 -0.116241455078125
-0.121185302734375 -0.148544311523438 -0.0242424011230469 -0.06890869140625
-0.109786987304688 -0.14190673828125 -0.014073371887207 -0.00381946563720704
-0.14404296875 -0.1402587890625 -0.0126075744628906 0.0185394287109375
-0.0954742431640625 -0.167724609375 -0.0314407348632813 0.0475044250488281
0.0116424560546875 -0.208221435546875 -0.0449943542480469 0.0472640991210937
0.137985229492188 -0.17083740234375 -0.0783004760742187 -0.00291442871093749
0.26092529296875 0.012176513671875 -0.0732421875 -0.0551834106445313
0.23980712890625 0.151336669921875 -0.0137405395507812 -0.0818862915039062
0.138397216796875 0.289794921875 -0.00254249572753906 0.0231189727783203
0.0274200439453125 0.276779174804687 0.18853759765625 0.106842041015625
0.093292236328125 0.233108520507812 0.117080688476563 0.159561157226563
0.22613525390625 0.15911865234375 0.125457763671875 0.159713745117187
0.225784301757813 -0.0330810546875 0.167190551757812 0.0751495361328125
0.139450073242188 -0.142196655273438 0.139076232910156 -0.00601959228515626
-0.0172119140625 -0.186141967773438 0.0639266967773437 -0.0539512634277344
-0.107406616210938 -0.155609130859375 0.0275936126708984 -0.0215721130371094
-0.10040283203125 -0.146743774414062 0.0334053039550781 0.0311450958251953
-0.1353759765625 -0.147567749023438 0.0343589782714844 0.05535888671875
-0.0870819091796875 -0.170272827148437 0.00260162353515624 0.0898666381835937
0.02252197265625 -0.20245361328125 -0.0250015258789062 0.0858917236328125
0.142105102539063 -0.151519775390625 -0.071929931640625 0.0315322875976562
0.240097045898438 0.0391693115234375 -0.0698814392089844 -0.0330276489257813
0.190567016601563 0.165512084960938 0.0209007263183594 -0.0462417602539062
0.077789306640625 0.266952514648438 0.02606201171875 0.111198425292969
-0.0391998291015625 0.18719482421875 0.187515258789063 0.198974609375
0.01751708984375 0.19281005859375 0.125808715820313 0.212722778320313
0.142669677734375 0.163894653320313 0.104156494140625 0.170257568359375
0.180374145507813 0.00933837890625 0.135017395019531 0.109443664550781
0.127685546875 -0.0958099365234375 0.11962890625 0.0460586547851562
0.002044677734375 -0.153411865234375 0.0821380615234375 0.00536346435546874
-0.0767440795898438 -0.13641357421875 0.0728378295898438 0.02337646484375
-0.0753021240234375 -0.129043579101563 0.076416015625 0.0626678466796875
-0.106086730957031 -0.134681701660156 0.0773086547851563 0.090484619140625
-0.06463623046875 -0.152999877929687 0.0318450927734375 0.130157470703125
0.036163330078125 -0.174530029296875 -0.01336669921875 0.1229248046875
0.136566162109375 -0.114486694335937 -0.0729446411132812 0.062042236328125
0.196090698242187 0.0677947998046875 -0.0707778930664062 -0.0151214599609375
0.1190185546875 0.16754150390625 0.0438385009765625 -0.00966262817382811
0.00393676757812498 0.214324951171875 0.0363311767578125 0.18798828125
-0.0970535278320313 0.0654830932617187 0.17474365234375 0.248641967773438
-0.056365966796875 0.113548278808594 0.126220703125 0.236083984375
0.0392303466796875 0.1302490234375 0.087615966796875 0.161514282226563
0.101974487304688 0.0398635864257813 0.106880187988281 0.123008728027344
0.0892257690429688 -0.0366363525390625 0.098236083984375 0.076507568359375
0.018096923828125 -0.0947418212890625 0.0935134887695313 0.0479507446289063
-0.03485107421875 -0.0949478149414063 0.10552978515625 0.0567169189453125
-0.0387115478515625 -0.092376708984375 0.107696533203125 0.084136962890625
-0.0608291625976563 -0.102256774902344 0.108818054199219 0.120018005371094
-0.0335845947265625 -0.115287780761719 0.050994873046875 0.164199829101562
0.0435791015625 -0.125770568847656 -0.01190185546875 0.153564453125
0.113471984863281 -0.0671463012695313 -0.0816650390625 0.0874404907226563
0.130134582519531 0.0838851928710938 -0.079437255859375 -0.00202941894531251
0.03472900390625 0.145980834960937 0.0480918884277344 0.0233306884765625
-0.0689926147460938 0.132423400878906 0.02203369140625 0.244064331054688
0.126022338867187 -0.0114898681640625 -0.0455780029296875 -0.260604858398438
0.0191574096679688 -0.090606689453125 -0.0516433715820313 -0.0441856384277344
-0.055450439453125 -0.0579376220703125 0.0982666015625 0.0051727294921875
-0.0645561218261719 0.00970840454101561 0.120468139648437 -0.108062744140625
-0.034088134765625 0.0483016967773437 0.029632568359375 -0.179534912109375
0.00930786132812501 0.0619850158691406 -0.0756988525390625 -0.181747436523438
0.0099639892578125 0.0484962463378906 -0.148651123046875 -0.127227783203125
0.00371170043945313 0.0405235290527344 -0.132110595703125 -0.0833282470703125
-0.00168609619140625 0.0455093383789062 -0.124488830566406 -0.0615463256835938
-0.0314292907714844 0.0308647155761719 -0.106895446777344 -0.0677413940429688
-0.0497474670410156 -0.0130958557128906 -0.100715637207031 -0.0762252807617188
-0.0212249755859375 -0.0732498168945313 -0.102249145507812 -0.117408752441406
0.06414794921875 -0.0791244506835938 -0.085418701171875 -0.166458129882813
0.127571105957031 -0.0314712524414063 -0.131805419921875 -0.218780517578125
0.152023315429688 0.04132080078125 -0.16314697265625 -0.263290405273438
0.17218017578125 0.101181030273437 0.002777099609375 -0.25909423828125
0.0980758666992188 -0.0237503051757813 -0.0258636474609375 -0.0486183166503906
0.0487594604492188 -0.0504837036132813 0.118202209472656 0.0171661376953125
0.000431060791015629 -0.0442428588867188 0.14599609375 -0.106719970703125
-0.0132465362548828 -0.0249137878417969 0.0552978515625 -0.189804077148438
-0.0260009765625 -0.00436210632324219 -0.0701141357421875 -0.196014404296875
-0.0470619201660156 -0.00270462036132812 -0.147079467773438 -0.13348388671875
-0.0440330505371094 -0.0126953125 -0.125907897949219 -0.0786972045898437
-0.0555000305175781 -0.0103874206542969 -0.118789672851563 -0.0578231811523437
-0.0540885925292969 -0.0360870361328125 -0.104873657226563 -0.055999755859375
-0.0255661010742188 -0.081268310546875 -0.0958938598632813 -0.0595245361328125
0.0457000732421875 -0.11016845703125 -0.0990829467773437 -0.101669311523438
0.151657104492188 -0.0452728271484375 -0.0856781005859375 -0.140716552734375
0.195388793945313 0.0385589599609375 -0.121078491210938 -0.190109252929688
0.189544677734375 0.149322509765625 -0.132980346679688 -0.22235107421875
0.186965942382813 0.207565307617188 0.0624542236328125 -0.215438842773438
0.1595458984375 0.062591552734375 0.0128955841064453 -0.0269107818603516
0.15728759765625 -0.0203094482421875 0.139122009277344 0.0442733764648438
0.0811767578125 -0.0876846313476563 0.17376708984375 -0.085906982421875
0.0220108032226562 -0.0978012084960938 0.0889129638671875 -0.178329467773438
-0.0500717163085937 -0.076812744140625 -0.04718017578125 -0.192459106445313
-0.0941314697265625 -0.0572586059570312 -0.124076843261719 -0.125831604003906
-0.0846328735351563 -0.0647735595703125 -0.100662231445313 -0.0614166259765625
-0.103378295898437 -0.062255859375 -0.0960540771484375 -0.0389022827148437
-0.0788726806640625 -0.0933837890625 -0.0911102294921875 -0.0270156860351562
-0.0144500732421875 -0.142135620117187 -0.0858154296875 -0.0274658203125
0.08929443359375 -0.148544311523438 -0.0979690551757813 -0.0718765258789063
0.217529296875 -0.0317840576171875 -0.0871963500976562 -0.109870910644531
0.244308471679688 0.08270263671875 -0.0976715087890625 -0.152862548828125
0.206710815429688 0.225814819335938 -0.0929718017578125 -0.151718139648438
0.167449951171875 0.281219482421875 0.12152099609375 -0.131332397460937
0.186904907226562 0.148040771484375 0.0573272705078125 0.0204582214355469
0.241470336914063 0.03082275390625 0.152755737304688 0.0826873779296875
0.160552978515625 -0.106918334960938 0.193145751953125 -0.042816162109375
0.066131591796875 -0.152008056640625 0.120941162109375 -0.140518188476563
-0.0588912963867188 -0.13934326171875 -0.0129241943359375 -0.166519165039062
-0.124458312988281 -0.104850769042969 -0.0822525024414063 -0.102149963378906
-0.111709594726563 -0.106658935546875 -0.061431884765625 -0.03436279296875
-0.138275146484375 -0.101211547851563 -0.0587081909179688 -0.0108909606933594
-0.100433349609375 -0.133628845214844 -0.0644989013671875 0.0110702514648438
-0.012237548828125 -0.185302734375 -0.0674476623535156 0.0111083984375
0.11053466796875 -0.176345825195313 -0.0917205810546875 -0.035369873046875
0.25372314453125 -0.0262603759765625 -0.0854873657226563 -0.079254150390625
0.26495361328125 0.108551025390625 -0.0626220703125 -0.115821838378906
0.199050903320313 0.268218994140625 -0.046875 -0.06597900390625
0.117919921875 0.306182861328125 0.16778564453125 -0.0214996337890625
0.168914794921875 0.209579467773438 0.0975875854492188 0.08441162109375
0.2725830078125 0.0924072265625 0.152191162109375 0.123626708984375
0.213958740234375 -0.0922393798828125 0.194610595703125 0.0119476318359375
0.107070922851563 -0.172149658203125 0.140190124511719 -0.0824966430664063
-0.05120849609375 -0.17816162109375 0.0254135131835937 -0.118705749511719
-0.132972717285156 -0.135787963867188 -0.0295524597167969 -0.0667991638183594
-0.121284484863281 -0.1324462890625 -0.0134000778198242 -0.00242900848388673
-0.154571533203125 -0.12615966796875 -0.0117721557617188 0.0214824676513672
-0.108627319335937 -0.1558837890625 -0.0291252136230469 0.0513191223144531
-0.00689697265625 -0.205963134765625 -0.0428619384765625 0.0505409240722656
0.122146606445313 -0.18109130859375 -0.081329345703125 0.00132751464843748
0.260696411132813 -0.00994873046875 -0.0793075561523438 -0.053009033203125
0.249176025390625 0.130218505859375 -0.0212783813476562 -0.0830307006835937
0.162078857421875 0.278579711914063 -0.00106239318847655 0.0225563049316406
0.05023193359375 0.273834228515625 0.195724487304688 0.0904388427734375
0.110336303710937 0.226547241210938 0.125732421875 0.150390625
0.240814208984375 0.140335083007812 0.13824462890625 0.153350830078125
0.222305297851563 -0.0515289306640625 0.175643920898438 0.063812255859375
0.127685546875 -0.153915405273438 0.140357971191406 -0.0176620483398438
-0.0326690673828125 -0.182022094726563 0.0587882995605469 -0.0591812133789063
-0.120895385742188 -0.143630981445313 0.0256710052490234 -0.0241317749023438
-0.112884521484375 -0.137359619140625 0.0367851257324219 0.0290451049804687
-0.1474609375 -0.133102416992187 0.0377426147460937 0.0539932250976562
-0.101165771484375 -0.159500122070313 0.008270263671875 0.0906753540039062
0.00450134277343749 -0.203125 -0.02032470703125 0.087432861328125
0.128753662109375 -0.163192749023438 -0.0718231201171875 0.0352859497070312
0.242996215820313 0.0189971923828125 -0.0741729736328125 -0.0303726196289062
0.201751708984375 0.149139404296875 0.0156478881835938 -0.0502281188964844
0.1005859375 0.260650634765625 0.0347518920898438 0.107955932617188
-0.024200439453125 0.190109252929687 0.201828002929688 0.182952880859375
0.0313873291015625 0.192291259765625 0.138427734375 0.202117919921875
0.1572265625 0.153396606445313 0.117767333984375 0.16485595703125
0.181015014648437 -0.0053558349609375 0.145797729492188 0.100540161132813
0.120582580566406 -0.106727600097656 0.124755859375 0.0355300903320312
-0.010955810546875 -0.152542114257813 0.082305908203125 -0.00147247314453126
-0.089874267578125 -0.127685546875 0.0743408203125 0.0173416137695312
-0.0871429443359375 -0.122489929199219 0.0820465087890625 0.0564956665039062
-0.1175537109375 -0.1240234375 0.0831375122070312 0.0855026245117187
-0.0776214599609375 -0.144729614257813 0.0405502319335938 0.128372192382813
0.02032470703125 -0.176864624023437 -0.0054931640625 0.123481750488281
0.126251220703125 -0.126083374023438 -0.0696334838867187 0.0662841796875
0.201858520507813 0.05157470703125 -0.0738296508789062 -0.012176513671875
0.131195068359375 0.15814208984375 0.0416183471679688 -0.0161247253417969
0.0221405029296875 0.21435546875 0.0505523681640625 0.183670043945313
-0.0922775268554687 0.0737533569335938 0.193191528320313 0.233810424804687
-0.0477828979492188 0.118843078613281 0.142471313476562 0.225265502929688
0.051513671875 0.127449035644531 0.0996246337890625 0.157180786132813
0.105804443359375 0.0312347412109375 0.11822509765625 0.11541748046875
0.0868682861328125 -0.0451889038085938 0.1060791015625 0.0685806274414063
0.0094757080078125 -0.0957794189453125 0.0969619750976563 0.0398178100585937
-0.0450439453125 -0.0909881591796875 0.109764099121094 0.0474700927734375
-0.0479354858398438 -0.0889358520507812 0.114982604980469 0.0756301879882813
-0.070526123046875 -0.09674072265625 0.11737060546875 0.112030029296875
-0.0443801879882812 -0.111259460449219 0.062286376953125 0.160690307617188
0.0318145751953125 -0.129463195800781 -0.00190734863281248 0.153564453125
0.107734680175781 -0.0772933959960938 -0.0763092041015625 0.092559814453125
0.137977600097656 0.0731277465820313 -0.0810165405273437 0.00139617919921877
0.04644775390625 0.14398193359375 0.0493087768554688 0.0153884887695313
-0.058074951171875 0.137657165527344 0.0418853759765625 0.240432739257812
0.125816345214844 -0.0211105346679687 -0.0616455078125 -0.257736206054688
0.0132598876953125 -0.092498779296875 -0.0542984008789063 -0.0373420715332031
-0.0604705810546875 -0.0537223815917969 0.10052490234375 0.00121307373046875
-0.0656890869140625 0.0151519775390625 0.116874694824219 -0.113983154296875
-0.0315933227539063 0.051849365234375 0.0213623046875 -0.180419921875
0.0148124694824219 0.0616035461425781 -0.0844879150390625 -0.178466796875
0.0158004760742188 0.0474052429199219 -0.155242919921875 -0.118972778320312
0.00714492797851563 0.0394096374511719 -0.136428833007812 -0.0767288208007812
0.0026092529296875 0.0439796447753906 -0.127571105957031 -0.0543899536132813
-0.0271568298339844 0.0327911376953125 -0.111457824707031 -0.0615768432617188
-0.04962158203125 -0.0081024169921875 -0.107131958007813 -0.071929931640625
-0.0271530151367188 -0.07159423828125 -0.110557556152344 -0.113479614257813
0.0585784912109375 -0.083526611328125 -0.093841552734375 -0.162918090820313
0.125205993652344 -0.0397415161132813 -0.142181396484375 -0.2122802734375
0.155654907226563 0.0308837890625 -0.178604125976563 -0.252960205078125
0.179794311523437 0.0888214111328125 -0.0140228271484375 -0.25958251953125
0.0956802368164063 -0.0296630859375 -0.0295333862304687 -0.0437202453613281
0.0447006225585938 -0.0532913208007812 0.12152099609375 0.0123214721679687
-0.00431060791015625 -0.0429496765136719 0.142181396484375 -0.114028930664063
-0.01580810546875 -0.0230140686035156 0.046234130859375 -0.193099975585937
-0.0243053436279297 -0.00188827514648437 -0.0798797607421875 -0.192596435546875
-0.0447998046875 0.00128173828125 -0.15423583984375 -0.124649047851563
-0.0436592102050781 -0.00996017456054688 -0.129348754882813 -0.072174072265625
-0.0538330078125 -0.00719070434570313 -0.121978759765625 -0.0501022338867188
-0.05389404296875 -0.0316925048828125 -0.108863830566406 -0.049591064453125
-0.0293502807617188 -0.0771636962890625 -0.100852966308594 -0.0553131103515625
0.0381088256835938 -0.112098693847656 -0.107254028320313 -0.0984420776367187
0.14739990234375 -0.054443359375 -0.09356689453125 -0.137977600097656
0.195465087890625 0.02630615234375 -0.130462646484375 -0.183853149414063
0.199066162109375 0.1373291015625 -0.146591186523438 -0.214324951171875
0.20001220703125 0.194839477539062 0.048614501953125 -0.219390869140625
0.162307739257813 0.0536651611328125 0.00904464721679688 -0.0239372253417969
0.155181884765625 -0.0299224853515625 0.144821166992188 0.0390777587890625
0.0744400024414062 -0.091339111328125 0.172042846679687 -0.09454345703125
0.0153961181640625 -0.0984344482421875 0.0807037353515625 -0.184005737304688
-0.0531234741210937 -0.0714797973632813 -0.0577239990234375 -0.190902709960938
-0.0959930419921875 -0.0497283935546875 -0.130729675292969 -0.118270874023438
-0.0877609252929687 -0.0596694946289063 -0.102813720703125 -0.0560379028320313
-0.105155944824219 -0.0550460815429687 -0.0980987548828125 -0.0325927734375
-0.0823287963867187 -0.0865020751953125 -0.09344482421875 -0.0207672119140625
-0.0220565795898438 -0.138755798339844 -0.0899429321289063 -0.0235748291015625
0.079345703125 -0.153518676757813 -0.105072021484375 -0.0686569213867188
0.21380615234375 -0.04486083984375 -0.0945816040039063 -0.107772827148437
0.247467041015625 0.0677337646484375 -0.106231689453125 -0.148513793945313
0.221206665039063 0.21331787109375 -0.102340698242187 -0.146560668945312
0.185455322265625 0.271194458007813 0.111984252929688 -0.139366149902344
0.194671630859375 0.137725830078125 0.0553169250488281 0.0202140808105469
0.243270874023438 0.015777587890625 0.16058349609375 0.078155517578125
0.152664184570313 -0.11553955078125 0.194076538085938 -0.052886962890625
0.05645751953125 -0.156265258789063 0.115097045898437 -0.148696899414062
-0.0662841796875 -0.133102416992188 -0.0216064453125 -0.165908813476563
-0.129928588867188 -0.0945587158203125 -0.0880126953125 -0.0975494384765625
-0.117790222167969 -0.099761962890625 -0.0622825622558594 -0.0314521789550781
-0.143508911132813 -0.0918121337890625 -0.0597991943359375 -0.005889892578125
-0.106033325195313 -0.124916076660156 -0.0647773742675781 0.0162506103515625
-0.02313232421875 -0.182403564453125 -0.0689926147460937 0.0146522521972656
0.099151611328125 -0.18182373046875 -0.097442626953125 -0.03204345703125
0.25164794921875 -0.0416259765625 -0.0917587280273437 -0.0771636962890625
0.268798828125 0.092681884765625 -0.0696640014648437 -0.114013671875
0.216171264648438 0.256515502929688 -0.0515213012695312 -0.0641441345214843
0.136749267578125 0.299468994140625 0.165130615234375 -0.032867431640625
0.17987060546875 0.201065063476563 0.0982437133789063 0.0813522338867188
0.279129028320313 0.0761566162109375 0.162261962890625 0.11907958984375
0.207717895507813 -0.104034423828125 0.198440551757813 0.00262451171874999
0.096466064453125 -0.179489135742188 0.137596130371094 -0.09124755859375
-0.0606689453125 -0.172378540039062 0.0188980102539062 -0.120506286621094
-0.141281127929687 -0.124969482421875 -0.0337333679199219 -0.0647697448730469
-0.129348754882813 -0.124488830566406 -0.0121231079101563 -0.00213146209716797
-0.161117553710938 -0.115036010742187 -0.0111675262451172 0.0241966247558594
-0.116836547851563 -0.14605712890625 -0.0269584655761719 0.0545120239257812
-0.0198974609375 -0.204147338867188 -0.0424652099609375 0.0524444580078125
0.110916137695313 -0.18829345703125 -0.0843734741210938 0.0036773681640625
0.259765625 -0.0261383056640625 -0.0843658447265625 -0.0508041381835938
0.254806518554688 0.114639282226563 -0.0269699096679687 -0.0835418701171875
0.179641723632812 0.268402099609375 -0.00103187561035155 0.0225563049316406
0.065521240234375 0.271011352539063 0.199493408203125 0.0782928466796875
0.121871948242187 0.221237182617188 0.13031005859375 0.144699096679688
0.24981689453125 0.126235961914063 0.148880004882813 0.149948120117188
0.218521118164063 -0.0640411376953125 0.182449340820313 0.0558929443359375
0.119537353515625 -0.162979125976563 0.14111328125 -0.02655029296875
-0.0436248779296875 -0.178314208984375 0.0551795959472656 -0.0626068115234375
-0.130134582519531 -0.133819580078125 0.0238437652587891 -0.0258522033691406
-0.122154235839844 -0.130157470703125 0.0396232604980469 0.0267486572265625
-0.155502319335938 -0.122146606445312 0.040130615234375 0.0539360046386719
-0.1104736328125 -0.150405883789063 0.012451171875 0.0921478271484375
-0.00868225097656249 -0.20172119140625 -0.0175323486328125 0.0882415771484375
0.118316650390625 -0.170654296875 -0.0728988647460937 0.03765869140625
0.244094848632813 0.003692626953125 -0.078369140625 -0.0284652709960938
0.208572387695313 0.137283325195313 0.0115394592285156 -0.05389404296875
0.11639404296875 0.255020141601563 0.0405197143554687 0.105545043945313
-0.0138092041015625 0.191818237304687 0.211288452148438 0.17041015625
0.0416717529296875 0.191177368164063 0.146865844726563 0.194793701171875
0.168228149414063 0.14447021484375 0.12750244140625 0.162078857421875
0.180557250976563 -0.0160675048828125 0.153488159179688 0.093505859375
0.114639282226563 -0.1160888671875 0.128860473632813 0.0282058715820312
-0.0206756591796875 -0.150238037109375 0.0819473266601562 -0.00669097900390626
-0.0989151000976563 -0.120201110839844 0.0749053955078125 0.0125656127929687
-0.0958099365234375 -0.116752624511719 0.0862503051757813 0.0519638061523438
-0.125679016113281 -0.114990234375 0.0873794555664063 0.082275390625
-0.0868606567382812 -0.137992858886719 0.0466384887695312 0.127662658691406
0.00779724121093749 -0.177566528320313 -0.000358581542968762 0.123077392578125
0.117835998535156 -0.134010314941406 -0.0681648254394531 0.0690155029296875
0.205947875976563 0.038909912109375 -0.0769805908203125 -0.0103912353515625
0.139022827148438 0.150588989257813 0.0390892028808594 -0.0216636657714844
0.034912109375 0.2130126953125 0.06072998046875 0.179641723632813
-0.0892486572265625 0.0797195434570312 0.205352783203125 0.221954345703125
-0.0410308837890625 0.122978210449219 0.1519775390625 0.217239379882813
0.0612106323242188 0.125328063964844 0.108306884765625 0.154251098632813
0.108039855957031 0.0249710083007812 0.12652587890625 0.110191345214844
0.0844955444335937 -0.0516204833984375 0.111846923828125 0.0627593994140625
0.00272369384765624 -0.095977783203125 0.0993576049804688 0.0335311889648437
-0.052520751953125 -0.08673095703125 0.112014770507813 0.0401382446289062
-0.0554275512695312 -0.0856704711914063 0.11956787109375 0.0691680908203125
-0.0782318115234375 -0.0916061401367188 0.122917175292969 0.106910705566406
-0.0523147583007812 -0.107658386230469 0.070709228515625 0.158432006835937
0.0228118896484375 -0.131988525390625 0.00537109375000001 0.153640747070312
0.10284423828125 -0.085052490234375 -0.0728912353515625 0.095611572265625
0.143905639648438 0.06524658203125 -0.0834884643554687 0.00359344482421877
0.0544891357421875 0.142654418945313 0.0485954284667969 0.00971221923828126
-0.0500946044921875 0.141586303710937 0.0552825927734375 0.236831665039063
0.127235412597656 -0.0299606323242188 -0.0760345458984375 -0.2596435546875
0.008575439453125 -0.0949554443359375 -0.0565872192382813 -0.0321617126464844
-0.0662422180175781 -0.0507850646972656 0.104827880859375 -0.002044677734375
-0.0675010681152344 0.020477294921875 0.116867065429688 -0.120750427246094
-0.0295677185058594 0.0568923950195312 0.01605224609375 -0.185012817382813
0.0205078125 0.0620956420898438 -0.0926666259765625 -0.179885864257813
0.0210227966308594 0.0466957092285156 -0.16326904296875 -0.115020751953125
0.0101470947265625 0.0391502380371094 -0.142990112304688 -0.0729522705078125
0.00579071044921875 0.0437889099121094 -0.132591247558594 -0.04937744140625
-0.0234508514404297 0.0339145660400391 -0.11712646484375 -0.0577468872070312
-0.0492362976074219 -0.00443267822265626 -0.114547729492187 -0.069427490234375
-0.0323944091796875 -0.0708847045898438 -0.120368957519531 -0.112380981445313
0.0537567138671875 -0.0881118774414063 -0.1007080078125 -0.1640625
0.12554931640625 -0.0462493896484375 -0.151229858398437 -0.211517333984375
0.160446166992187 0.0228729248046875 -0.193466186523438 -0.248977661132813
0.187652587890625 0.0798492431640625 -0.02825927734375 -0.26416015625
0.0955963134765625 -0.0350494384765625 -0.0332794189453125 -0.0388603210449219
0.0413665771484375 -0.0561599731445313 0.127761840820313 0.00887298583984375
-0.0079803466796875 -0.0413055419921875 0.143020629882813 -0.122451782226563
-0.0177345275878906 -0.0210838317871094 0.040557861328125 -0.19873046875
-0.0229568481445313 0.000858306884765621 -0.08880615234375 -0.194183349609375
-0.0429153442382813 0.00386428833007812 -0.162841796875 -0.120315551757813
-0.0436973571777344 -0.00852966308593749 -0.135238647460938 -0.0690383911132813
-0.0536956787109375 -0.00508499145507813 -0.127365112304687 -0.045440673828125
-0.0531044006347656 -0.0289115905761719 -0.114158630371094 -0.0455245971679688
-0.0319747924804688 -0.0754623413085938 -0.108238220214844 -0.05303955078125
0.0322952270507813 -0.115379333496094 -0.11669921875 -0.0975494384765625
0.14630126953125 -0.062469482421875 -0.100814819335938 -0.138618469238281
0.199142456054688 0.017333984375 -0.139541625976563 -0.183303833007813
0.210189819335938 0.129379272460938 -0.159530639648437 -0.211715698242188
0.21453857421875 0.186798095703125 0.0367279052734375 -0.226837158203125
0.167327880859375 0.0471343994140625 0.00579452514648438 -0.0209999084472656
0.156097412109375 -0.0387115478515625 0.1527099609375 0.035675048828125
0.0693359375 -0.0949935913085938 0.174591064453125 -0.103759765625
0.010009765625 -0.100303649902344 0.07550048828125 -0.1925048828125
-0.0556259155273437 -0.068145751953125 -0.0661468505859375 -0.192276000976563
-0.0980148315429688 -0.0440826416015625 -0.138252258300781 -0.114433288574219
-0.0911483764648438 -0.0566024780273437 -0.107154846191406 -0.0536422729492188
-0.108352661132813 -0.0509414672851563 -0.102104187011719 -0.0277862548828125
-0.084808349609375 -0.0826873779296875 -0.0975341796875 -0.0161361694335937
-0.0281829833984375 -0.137466430664063 -0.0953445434570312 -0.0207672119140625
0.07318115234375 -0.158447265625 -0.114059448242187 -0.0673904418945313
0.214813232421875 -0.0562896728515625 -0.101676940917969 -0.108078002929688
0.253143310546875 0.0575714111328125 -0.114227294921875 -0.147918701171875
0.236648559570312 0.206802368164062 -0.111968994140625 -0.1448974609375
0.202957153320313 0.265945434570313 0.105712890625 -0.1480712890625
0.203689575195313 0.132095336914063 0.0537681579589844 0.0220909118652344
0.249038696289062 0.0039825439453125 0.171096801757813 0.0751953125
0.148330688476563 -0.1241455078125 0.199081420898438 -0.062164306640625
0.049713134765625 -0.161895751953125 0.112274169921875 -0.1580810546875
-0.0718307495117187 -0.130126953125 -0.0294647216796875 -0.168685913085938
-0.134605407714844 -0.0874786376953125 -0.0942916870117188 -0.095367431640625
-0.124244689941406 -0.09552001953125 -0.0641899108886719 -0.0297698974609375
-0.14910888671875 -0.08538818359375 -0.0612258911132813 -0.00184631347656249
-0.11151123046875 -0.119667053222656 -0.0662498474121094 0.0205078125
-0.0321197509765625 -0.1827392578125 -0.0719985961914063 0.0173568725585937
0.0918426513671875 -0.189376831054687 -0.104515075683594 -0.0306243896484375
0.253677368164063 -0.0540008544921875 -0.0989990234375 -0.0769500732421875
0.276092529296875 0.082000732421875 -0.076568603515625 -0.115447998046875
0.233734130859375 0.251358032226562 -0.0565719604492187 -0.0628662109375
0.154144287109375 0.298553466796875 0.164596557617188 -0.04168701171875
0.191482543945313 0.197784423828125 0.09991455078125 0.081756591796875
0.2904052734375 0.06414794921875 0.174118041992188 0.1175537109375
0.205841064453125 -0.115402221679688 0.206832885742188 -0.00563049316406251
0.08905029296875 -0.188247680664063 0.137863159179687 -0.100570678710938
-0.0691680908203125 -0.170913696289063 0.0137939453125 -0.1239013671875
-0.149063110351563 -0.116973876953125 -0.0373916625976562 -0.0643424987792969
-0.138092041015625 -0.119575500488281 -0.0114231109619141 -0.00210762023925782
-0.168960571289063 -0.107254028320312 -0.00995254516601563 0.0264911651611328
-0.123764038085938 -0.141128540039063 -0.026214599609375 0.0586128234863281
-0.03070068359375 -0.20513916015625 -0.0432090759277344 0.0549125671386719
0.103790283203125 -0.196517944335938 -0.0898895263671875 0.00629425048828122
0.263229370117188 -0.0389251708984375 -0.0908355712890625 -0.0505828857421875
0.262603759765625 0.105361938476563 -0.0325469970703125 -0.08587646484375
0.196380615234375 0.266983032226563 -0.000432968139648426 0.0226726531982422
0.0799102783203125 0.273696899414063 0.205291748046875 0.069427490234375
0.133438110351563 0.222061157226563 0.134811401367188 0.143798828125
0.262557983398438 0.117523193359375 0.160736083984375 0.149551391601563
0.219711303710938 -0.0752410888671875 0.191558837890625 0.049896240234375
0.11383056640625 -0.173004150390625 0.144943237304688 -0.034515380859375
-0.0520172119140625 -0.1778564453125 0.0533638000488281 -0.0667266845703125
-0.139152526855469 -0.126739501953125 0.0225238800048828 -0.0274467468261719
-0.131607055664063 -0.125785827636719 0.0424690246582031 0.0251541137695312
-0.1641845703125 -0.115280151367187 0.0432167053222656 0.0550193786621094
-0.118942260742187 -0.145645141601563 0.0157012939453125 0.0949554443359375
-0.020294189453125 -0.204025268554688 -0.0156326293945312 0.0905838012695312
0.111831665039062 -0.18011474609375 -0.0760650634765625 0.0402908325195313
0.24932861328125 -0.0078125 -0.0840682983398437 -0.0271987915039062
0.2181396484375 0.130615234375 0.00800323486328126 -0.0575599670410156
0.130828857421875 0.25518798828125 0.0449447631835938 0.105690002441406
-0.00552368164062502 0.196762084960937 0.221649169921875 0.163162231445313
0.050140380859375 0.194747924804688 0.154205322265625 0.193069458007813
0.180267333984375 0.139968872070313 0.138412475585938 0.163162231445312
0.184005737304687 -0.02484130859375 0.162612915039063 0.0898284912109375
0.112075805664063 -0.125137329101563 0.134506225585938 0.0226058959960937
-0.0281219482421875 -0.151351928710938 0.0827713012695313 -0.0105667114257813
-0.107284545898437 -0.114784240722656 0.0765762329101563 0.00865936279296874
-0.104667663574219 -0.113975524902344 0.0911941528320313 0.0485916137695312
-0.13470458984375 -0.109611511230469 0.0924835205078125 0.081817626953125
-0.0954437255859375 -0.1343994140625 0.0524063110351563 0.129623413085938
-0.0027923583984375 -0.18145751953125 0.00288391113281249 0.125
0.11395263671875 -0.14300537109375 -0.0692367553710937 0.0722885131835937
0.212631225585938 0.02978515625 -0.0814590454101563 -0.00844573974609376
0.1483154296875 0.148040771484375 0.0373306274414063 -0.02642822265625
0.045623779296875 0.216751098632813 0.069244384765625 0.179962158203125
-0.0880355834960937 0.0866546630859375 0.218826293945313 0.216064453125
-0.0362701416015625 0.128273010253906 0.161041259765625 0.214401245117188
0.0709152221679687 0.125770568847656 0.116195678710938 0.155349731445313
0.11175537109375 0.0195770263671875 0.135360717773437 0.108428955078125
0.0842437744140625 -0.0586090087890625 0.118995666503906 0.0594024658203125
-0.00189208984375 -0.09765625 0.102714538574219 0.0294570922851562
-0.059539794921875 -0.0836944580078125 0.115707397460938 0.035186767578125
-0.0628890991210938 -0.0840301513671875 0.125694274902344 0.0647201538085937
-0.085906982421875 -0.0885848999023437 0.130317687988281 0.1048583984375
-0.0597076416015625 -0.1058349609375 0.0782623291015625 0.160079956054687
0.0144424438476562 -0.136489868164062 0.0101318359375 0.15618896484375
0.101081848144531 -0.092132568359375 -0.0725021362304687 0.100326538085938
0.15203857421875 0.05950927734375 -0.0880355834960937 0.00636291503906249
0.062469482421875 0.14422607421875 0.0483932495117188 0.00461959838867188
-0.0446624755859375 0.147064208984375 0.0667266845703125 0.238311767578125
0.130928039550781 -0.04046630859375 -0.0957489013671875 -0.26458740234375
0.00252532958984375 -0.0998687744140625 -0.0596504211425781 -0.0265655517578125
-0.072265625 -0.047393798828125 0.111610412597656 -0.00713348388671875
-0.07000732421875 0.02734375 0.117530822753906 -0.132003784179688
-0.0268058776855469 0.0635566711425781 0.00906372070312499 -0.194122314453125
0.0272102355957031 0.06341552734375 -0.1051025390625 -0.18359375
0.0280265808105469 0.0453224182128906 -0.176315307617188 -0.111099243164063
0.014190673828125 0.0396080017089844 -0.15399169921875 -0.068878173828125
0.00977706909179688 0.0439987182617187 -0.141632080078125 -0.044219970703125
-0.019989013671875 0.0360260009765625 -0.126556396484375 -0.0532455444335938
-0.0497932434082031 -0.000659942626953131 -0.125831604003906 -0.0660476684570312
-0.0389175415039062 -0.0708999633789063 -0.133796691894531 -0.111282348632813
0.0496978759765625 -0.0949249267578125 -0.112167358398438 -0.167861938476563
0.127479553222656 -0.056182861328125 -0.167510986328125 -0.213348388671875
0.169158935546875 0.0132293701171875 -0.21563720703125 -0.247161865234375
0.20111083984375 0.0701904296875 -0.0464324951171875 -0.272933959960937
0.0962142944335938 -0.0419692993164063 -0.0374984741210937 -0.03411865234375
0.0385093688964844 -0.0605659484863281 0.136543273925781 0.00315093994140625
-0.0115509033203125 -0.0402870178222656 0.145278930664063 -0.135482788085938
-0.0195503234863281 -0.01837158203125 0.0328521728515625 -0.209930419921875
-0.0208492279052734 0.00262832641601562 -0.10205078125 -0.198593139648438
-0.0408706665039063 0.00642395019531251 -0.175277709960937 -0.116546630859375
-0.0446815490722656 -0.00666809082031251 -0.1448974609375 -0.0651397705078125
-0.0544166564941406 -0.00275421142578124 -0.135421752929688 -0.039794921875
-0.0540885925292969 -0.0269050598144531 -0.122245788574219 -0.040252685546875
-0.0357513427734375 -0.0748672485351562 -0.118232727050781 -0.0500946044921875
0.0263595581054687 -0.120697021484375 -0.130355834960937 -0.0966339111328125
0.14666748046875 -0.073211669921875 -0.112014770507812 -0.14117431640625
0.2064208984375 0.006866455078125 -0.1541748046875 -0.184982299804688
0.227020263671875 0.121719360351563 -0.178604125976562 -0.210983276367188
0.23480224609375 0.180648803710938 0.0231475830078125 -0.23785400390625
0.175704956054687 0.0397491455078125 0.00316429138183595 -0.0175724029541016
0.159454345703125 -0.049652099609375 0.165191650390625 0.030029296875
0.065887451171875 -0.101249694824219 0.179412841796875 -0.118026733398437
0.00361633300781249 -0.103195190429688 0.0693511962890625 -0.205795288085937
-0.0595817565917969 -0.0662803649902344 -0.0786285400390625 -0.197586059570313
-0.101264953613281 -0.0389785766601562 -0.150955200195313 -0.111831665039063
-0.0974197387695313 -0.05316162109375 -0.114791870117188 -0.051055908203125
-0.11444091796875 -0.0459671020507813 -0.108421325683594 -0.02276611328125
-0.0900115966796875 -0.0801162719726563 -0.103263854980469 -0.0107879638671875
-0.0356826782226562 -0.139801025390625 -0.103034973144531 -0.0171432495117187
0.066436767578125 -0.168304443359375 -0.126617431640625 -0.0656509399414062
0.218994140625 -0.0700836181640625 -0.112442016601563 -0.109428405761719
0.264495849609375 0.0456085205078125 -0.126785278320312 -0.150039672851563
0.259140014648438 0.201400756835938 -0.125595092773437 -0.144119262695313
0.227432250976563 0.26507568359375 0.09930419921875 -0.160736083984375
0.218673706054687 0.127029418945313 0.0544929504394531 0.0236740112304688
0.259811401367188 -0.0105133056640625 0.186752319335938 0.0702362060546875
0.146682739257813 -0.136123657226563 0.2080078125 -0.0758819580078125
0.041015625 -0.17095947265625 0.109634399414063 -0.171798706054688
-0.0805206298828125 -0.129463195800781 -0.0395965576171875 -0.174560546875
-0.14306640625 -0.081024169921875 -0.103843688964844 -0.0935897827148437
-0.134445190429688 -0.0920562744140625 -0.0678138732910156 -0.0285873413085937
-0.158599853515625 -0.079193115234375 -0.0639152526855469 0.00272750854492187
-0.120185852050781 -0.116874694824219 -0.0687065124511719 0.0264091491699219
-0.042999267578125 -0.18572998046875 -0.0770797729492187 0.0216293334960938
0.0848846435546875 -0.201934814453125 -0.114692687988281 -0.0274887084960938
0.260055541992188 -0.071014404296875 -0.108749389648438 -0.0766143798828125
0.289459228515625 0.07025146484375 -0.0866394042968749 -0.11767578125
0.2587890625 0.248550415039063 -0.0638885498046875 -0.0621490478515625
0.178497314453125 0.301300048828125 0.167068481445313 -0.0537109375
0.209716796875 0.196792602539063 0.104927062988281 0.0827713012695313
0.30633544921875 0.048797607421875 0.19189453125 0.115127563476563
0.206985473632812 -0.130172729492188 0.2178955078125 -0.0167694091796875
0.08074951171875 -0.201416015625 0.139556884765625 -0.113914489746094
-0.0806427001953125 -0.171722412109375 0.00751495361328126 -0.130180358886719
-0.159744262695312 -0.110260009765625 -0.0430412292480469 -0.06512451171875
-0.150848388671875 -0.11639404296875 -0.0115137100219727 -0.00303840637207032
-0.18109130859375 -0.100631713867188 -0.00928497314453126 0.0301761627197266
-0.135414123535156 -0.137100219726563 -0.0246086120605469 0.0640678405761719
-0.0440216064453125 -0.209197998046875 -0.045013427734375 0.0596504211425781
0.0958404541015625 -0.209915161132812 -0.0973663330078125 0.0102157592773437
0.272171020507813 -0.0559539794921875 -0.100151062011719 -0.048309326171875
0.278411865234375 0.0956573486328125 -0.0397415161132812 -0.089874267578125
0.221267700195313 0.267059326171875 -0.000265121459960926 0.0239753723144531
0.0991668701171875 0.280487060546875 0.2156982421875 0.0597991943359375
0.150009155273438 0.225799560546875 0.144485473632813 0.14434814453125
0.28173828125 0.106597900390625 0.178253173828125 0.149612426757813
0.223892211914063 -0.09002685546875 0.205230712890625 0.0423126220703125
0.108154296875 -0.187835693359375 0.150863647460938 -0.0455474853515625
-0.06365966796875 -0.180618286132813 0.0518341064453125 -0.0726470947265625
-0.1513671875 -0.121200561523438 0.0215091705322265 -0.0301570892333984
-0.145187377929688 -0.122512817382813 0.0466842651367188 0.0227890014648437
-0.178024291992188 -0.108673095703125 0.04833984375 0.0571327209472656
-0.1309814453125 -0.141983032226563 0.0209121704101563 0.0996856689453125
-0.0343170166015625 -0.2098388671875 -0.0143508911132813 0.0948486328125
0.105392456054687 -0.193801879882813 -0.0804977416992188 0.0451736450195312
0.259841918945312 -0.0227813720703125 -0.0917205810546875 -0.025054931640625
0.23358154296875 0.1246337890625 0.00347900390625001 -0.0626869201660156
0.151596069335938 0.258895874023438 0.0523681640625 0.10748291015625
0.005279541015625 0.206741333007813 0.238311767578125 0.156219482421875
0.0623016357421875 0.20263671875 0.166824340820313 0.194305419921875
0.197860717773438 0.135467529296875 0.153823852539063 0.164520263671875
0.189910888671875 -0.036468505859375 0.176666259765625 0.0855560302734375
0.108673095703125 -0.138511657714844 0.14361572265625 0.01495361328125
-0.0379180908203125 -0.155349731445312 0.0850677490234375 -0.0155792236328125
-0.118614196777344 -0.1102294921875 0.0795211791992187 0.00418853759765624
-0.117584228515625 -0.111183166503906 0.0983963012695312 0.0448532104492187
-0.147552490234375 -0.104461669921875 0.101531982421875 0.0817947387695312
-0.106796264648438 -0.131828308105469 0.0607681274414063 0.133827209472656
-0.015045166015625 -0.187973022460938 0.00743865966796874 0.129829406738281
0.10955810546875 -0.155746459960938 -0.0712509155273438 0.078521728515625
0.2244873046875 0.017486572265625 -0.088623046875 -0.00526428222656248
0.162704467773438 0.147201538085938 0.0354995727539063 -0.0322113037109375
0.0601959228515625 0.22308349609375 0.0814208984375 0.182998657226563
-0.086669921875 0.0962448120117188 0.238327026367187 0.211257934570313
-0.03076171875 0.137535095214844 0.1761474609375 0.215576171875
0.0832672119140625 0.126434326171875 0.129287719726563 0.15838623046875
0.117744445800781 0.0128936767578125 0.149322509765625 0.106643676757813
0.0842514038085938 -0.0680770874023438 0.129638671875 0.0548171997070312
-0.00848388671875 -0.101699829101563 0.108261108398437 0.02471923828125
-0.0680389404296875 -0.0815277099609375 0.121658325195313 0.0291595458984375
-0.0720291137695312 -0.082855224609375 0.13555908203125 0.0597763061523437
-0.0966033935546875 -0.0858230590820312 0.142410278320313 0.103713989257813
-0.068817138671875 -0.105567932128906 0.08990478515625 0.164199829101563
0.00474548339843751 -0.143768310546875 0.0170440673828125 0.162063598632813
0.0994796752929688 -0.102729797363281 -0.0724334716796875 0.107818603515625
0.163604736328125 0.0527801513671875 -0.0941619873046875 0.0102310180664062
0.07421875 0.14813232421875 0.0487022399902344 -0.000957489013671866
-0.03900146484375 0.1558837890625 0.08270263671875 0.243789672851562
0.133087158203125 -0.05560302734375 -0.123138427734375 -0.26739501953125
-0.00627899169921874 -0.104522705078125 -0.0631561279296875 -0.0187873840332031
-0.0806427001953125 -0.0427322387695312 0.118301391601562 -0.015838623046875
-0.0705795288085937 0.0369720458984375 0.115066528320313 -0.148651123046875
-0.0213851928710937 0.0713119506835938 -0.00428771972656251 -0.20416259765625
0.0367202758789063 0.0636329650878906 -0.123260498046875 -0.18560791015625
0.0351448059082031 0.0431861877441406 -0.193511962890625 -0.101959228515625
0.0196151733398437 0.0389480590820313 -0.168289184570313 -0.0594024658203125
0.0155105590820313 0.0435142517089844 -0.15313720703125 -0.033905029296875
-0.0158767700195312 0.0382881164550781 -0.138160705566406 -0.045562744140625
-0.0501174926757813 0.00456237792968749 -0.140121459960937 -0.0596923828125
-0.0480766296386719 -0.0692672729492187 -0.152069091796875 -0.106842041015625
0.0421905517578125 -0.102592468261719 -0.129684448242188 -0.169586181640625
0.128097534179688 -0.0699005126953125 -0.1910400390625 -0.21124267578125
0.178451538085938 -0.00164794921875 -0.245712280273438 -0.239044189453125
0.2156982421875 0.054290771484375 -0.0730743408203125 -0.279434204101563
0.0959701538085938 -0.0517349243164063 -0.0415306091308594 -0.02813720703125
0.0340309143066406 -0.06591796875 0.146438598632812 -0.0078887939453125
-0.0161170959472656 -0.0385589599609375 0.143524169921875 -0.153701782226563
-0.0216884613037109 -0.0149459838867187 0.018463134765625 -0.223175048828125
-0.0184612274169922 0.00575828552246093 -0.121612548828125 -0.200393676757813
-0.0389480590820313 0.00885009765625 -0.193649291992188 -0.107147216796875
-0.0456733703613281 -0.00376510620117188 -0.158035278320313 -0.056732177734375
-0.05572509765625 0.001190185546875 -0.146316528320313 -0.02978515625
-0.0558204650878906 -0.0241050720214844 -0.132637023925781 -0.0314102172851562
-0.0409317016601563 -0.0737228393554687 -0.130935668945313 -0.04241943359375
0.016754150390625 -0.127098083496094 -0.147994995117188 -0.0916595458984375
0.145828247070313 -0.087982177734375 -0.128448486328125 -0.141311645507813
0.214935302734375 -0.0096588134765625 -0.17559814453125 -0.183029174804688
0.248687744140625 0.10723876953125 -0.204925537109375 -0.203598022460938
0.261886596679688 0.166305541992188 0.00132751464843751 -0.250015258789063
0.186126708984375 0.027191162109375 0.00084972381591798 -0.0134010314941406
0.162384033203125 -0.06597900390625 0.179214477539063 0.01800537109375
0.059417724609375 -0.109352111816406 0.180953979492188 -0.138259887695313
-0.00514221191406251 -0.106109619140625 0.05682373046875 -0.221832275390625
-0.0646247863769531 -0.0624580383300781 -0.0979156494140625 -0.200668334960938
-0.106163024902344 -0.0319671630859375 -0.166763305664062 -0.103805541992188
-0.104774475097656 -0.0478363037109375 -0.124732971191406 -0.0445709228515625
-0.120925903320313 -0.038421630859375 -0.116142272949219 -0.0135650634765625
-0.0976409912109375 -0.0754776000976563 -0.10980224609375 -0.0016632080078125
-0.0475234985351563 -0.140525817871094 -0.112579345703125 -0.00945281982421875
0.0547027587890625 -0.180450439453125 -0.142196655273438 -0.0594635009765625
0.222274780273438 -0.09112548828125 -0.127159118652344 -0.107925415039062
0.277877807617187 0.02630615234375 -0.144561767578125 -0.148040771484375
0.288421630859375 0.188232421875 -0.144256591796875 -0.13934326171875
0.261550903320312 0.255752563476563 0.08721923828125 -0.176055908203125
0.2388916015625 0.116165161132812 0.0567512512207031 0.0252571105957031
0.271133422851563 -0.0346527099609375 0.20550537109375 0.0592498779296875
0.141189575195313 -0.152923583984375 0.214080810546875 -0.096160888671875
0.02783203125 -0.181137084960938 0.101638793945313 -0.190948486328125
-0.0926132202148437 -0.126449584960938 -0.0550537109375 -0.179550170898438
-0.152877807617188 -0.0714874267578125 -0.117019653320313 -0.0890121459960938
-0.147903442382813 -0.0840911865234375 -0.07373046875 -0.0253143310546875
-0.17120361328125 -0.0673980712890625 -0.0670623779296875 0.00961685180664062
-0.13299560546875 -0.1104736328125 -0.07080078125 0.0351638793945312
-0.05975341796875 -0.187759399414063 -0.0822982788085938 0.029205322265625
0.0708160400390625 -0.21746826171875 -0.127288818359375 -0.0203704833984375
0.265472412109375 -0.09600830078125 -0.121315002441406 -0.073089599609375
0.3077392578125 0.04986572265625 -0.100837707519531 -0.11822509765625
0.292724609375 0.238494873046875 -0.0724868774414062 -0.058746337890625
0.2127685546875 0.300048828125 0.1671142578125 -0.0710906982421875
0.23553466796875 0.190277099609375 0.113273620605469 0.0819854736328125
0.3253173828125 0.024169921875 0.213455200195313 0.105361938476563
0.204605102539062 -0.152877807617188 0.2298583984375 -0.03521728515625
0.066436767578125 -0.218017578125 0.138412475585938 -0.132591247558594
-0.0973968505859375 -0.171417236328125 -0.00279998779296876 -0.136604309082031
-0.174026489257813 -0.0993194580078125 -0.0509757995605469 -0.0639915466308594
-0.16748046875 -0.10791015625 -0.011805534362793 -0.00285434722900391
-0.197372436523438 -0.088043212890625 -0.00684356689453126 0.0343723297119141
-0.151275634765625 -0.129486083984375 -0.021087646484375 0.0710830688476562
-0.0640869140625 -0.212753295898438 -0.04571533203125 0.0664176940917969
0.0816497802734375 -0.227569580078125 -0.105766296386719 0.017578125
0.27978515625 -0.0814056396484375 -0.110488891601562 -0.0441207885742188
0.2979736328125 0.076995849609375 -0.0499725341796875 -0.0929641723632812
0.254913330078125 0.260513305664063 0.00130271911621096 0.0255813598632813
0.128265380859375 0.28558349609375 0.228118896484375 0.04339599609375
0.175140380859375 0.225372314453125 0.158920288085938 0.14276123046875
0.3055419921875 0.086822509765625 0.2015380859375 0.143341064453125
0.226242065429688 -0.112762451171875 0.220413208007813 0.0280303955078125
0.0957183837890625 -0.206619262695313 0.155624389648438 -0.0616455078125
-0.080841064453125 -0.182159423828125 0.04779052734375 -0.0796432495117188
-0.166976928710937 -0.110397338867188 0.0191307067871094 -0.033477783203125
-0.162826538085937 -0.114486694335938 0.0509910583496094 0.01861572265625
-0.194747924804687 -0.0963134765625 0.056121826171875 0.0573654174804688
-0.147750854492187 -0.1356201171875 0.0294876098632812 0.104766845703125
-0.0547637939453125 -0.214553833007812 -0.0103378295898437 0.100875854492187
0.09332275390625 -0.212509155273438 -0.0849456787109375 0.05316162109375
0.270721435546875 -0.0462799072265625 -0.100166320800781 -0.0191421508789063
0.254318237304687 0.111358642578125 -0.00361251831054686 -0.0681533813476562
0.180923461914063 0.258590698242188 0.0630035400390625 0.108070373535156
0.023284912109375 0.216079711914063 0.25958251953125 0.141494750976563
0.0821533203125 0.208877563476563 0.186203002929688 0.191726684570313
0.221420288085938 0.124786376953125 0.175094604492188 0.161514282226563
0.195266723632813 -0.053863525390625 0.194000244140625 0.0758514404296875
0.101226806640625 -0.1552734375 0.153213500976563 0.00292968749999999
-0.053131103515625 -0.158309936523438 0.0872421264648438 -0.0234756469726563
-0.132957458496094 -0.102287292480469 0.0824813842773437 -0.00265502929687501
-0.133552551269531 -0.104507446289063 0.107170104980469 0.0375900268554687
-0.164443969726563 -0.094635009765625 0.114151000976562 0.0786590576171875
-0.123252868652344 -0.127418518066406 0.0746612548828125 0.137336730957031
-0.0343017578125 -0.1939697265625 0.0156173706054688 0.13555908203125
0.100982666015625 -0.173782348632813 -0.0715560913085938 0.0874481201171875
0.238449096679687 -0.00067138671875 -0.0953598022460937 0.00154113769531248
0.182891845703125 0.141387939453125 0.0326499938964844 -0.0392532348632812
0.0816650390625 0.229202270507812 0.10040283203125 0.184326171875
-0.0825653076171875 0.108879089355469 0.264816284179688 0.200119018554687
-0.020477294921875 0.147216796875 0.197906494140625 0.212051391601563
0.100410461425781 0.125244140625 0.147125244140625 0.15740966796875
0.124244689941406 0.00279998779296875 0.16632080078125 0.100204467773438
0.0811767578125 -0.0800552368164062 0.142196655273438 0.0449981689453125
-0.0189361572265625 -0.105667114257813 0.114608764648438 0.0164947509765625
-0.0793609619140625 -0.0768585205078125 0.129188537597656 0.0198516845703125
-0.0844573974609375 -0.0789566040039063 0.147201538085938 0.05023193359375
-0.109931945800781 -0.0796279907226562 0.158676147460938 0.0972747802734375
-0.0825042724609375 -0.103485107421875 0.1075439453125 0.165939331054688
-0.010162353515625 -0.15045166015625 0.0285186767578125 0.168609619140625
0.0948410034179688 -0.1180419921875 -0.0687637329101562 0.119247436523438
0.178375244140625 0.0399627685546875 -0.100250244140625 0.0186386108398438
0.09112548828125 0.149856567382813 0.0485801696777344 -0.00799942016601562
-0.027679443359375 0.167388916015625 0.106430053710937 0.247879028320312
0.130393981933594 -0.0738143920898438 -0.15594482421875 -0.259246826171875
-0.01910400390625 -0.106719970703125 -0.0646553039550781 -0.00850677490234375
-0.0882644653320313 -0.033935546875 0.122383117675781 -0.0289459228515625
-0.0678329467773438 0.0483207702636719 0.105972290039063 -0.165542602539062
-0.0120010375976563 0.078094482421875 -0.0235748291015625 -0.210769653320313
0.047882080078125 0.0600166320800781 -0.145706176757813 -0.1805419921875
0.0429573059082031 0.0370559692382813 -0.210235595703125 -0.084503173828125
0.0260658264160156 0.0362548828125 -0.18017578125 -0.042572021484375
0.021697998046875 0.0413589477539063 -0.162506103515625 -0.0176239013671875
-0.00993728637695313 0.0393180847167969 -0.14788818359375 -0.0316619873046875
-0.0486679077148438 0.0108718872070313 -0.153106689453125 -0.0459442138671875
-0.0583114624023438 -0.0642280578613281 -0.170242309570313 -0.0943450927734375
0.0306854248046875 -0.109954833984375 -0.150527954101563 -0.165283203125
0.123252868652344 -0.0857009887695313 -0.216827392578125 -0.19927978515625
0.183929443359375 -0.0225372314453125 -0.27728271484375 -0.217483520507812
0.227554321289063 0.0297698974609375 -0.107391357421875 -0.277069091796875
0.0918731689453125 -0.0629196166992188 -0.044036865234375 -0.0194091796875
0.0272750854492188 -0.071319580078125 0.152847290039063 -0.0238037109375
-0.0208454132080078 -0.0349102020263672 0.1341552734375 -0.173858642578125
-0.0226879119873047 -0.00980377197265625 -0.0032806396484375 -0.232559204101562
-0.0149221420288086 0.00731468200683594 -0.145416259765625 -0.194854736328125
-0.0360374450683594 0.0115089416503906 -0.21026611328125 -0.0899810791015625
-0.0457038879394531 -0.000362396240234366 -0.169784545898438 -0.041015625
-0.0551872253417969 0.00600051879882813 -0.155197143554688 -0.013092041015625
-0.0566062927246094 -0.019500732421875 -0.140945434570313 -0.017547607421875
-0.0478019714355469 -0.0698432922363281 -0.142135620117187 -0.029205322265625
0.00294494628906249 -0.130622863769531 -0.16546630859375 -0.0787353515625
0.139305114746094 -0.105171203613281 -0.146621704101563 -0.13580322265625
0.21868896484375 -0.032958984375 -0.198898315429688 -0.171661376953125
0.267227172851563 0.0826263427734375 -0.23187255859375 -0.185989379882812
0.28759765625 0.140869140625 -0.027557373046875 -0.255508422851563
0.193328857421875 0.00872802734375 -0.000157833099365222 -0.00875520706176758
0.158645629882813 -0.0859222412109375 0.189895629882813 -0.00108337402343751
0.04840087890625 -0.1160888671875 0.175033569335938 -0.161529541015625
-0.0166091918945312 -0.106117248535156 0.036468505859375 -0.235137939453125
-0.0702590942382813 -0.0564041137695312 -0.12139892578125 -0.197280883789063
-0.108558654785156 -0.0220718383789062 -0.18341064453125 -0.0885162353515625
-0.111640930175781 -0.038330078125 -0.133949279785156 -0.0327682495117187
-0.126922607421875 -0.0259017944335938 -0.121917724609375 0.000373840332031254
-0.104957580566406 -0.067230224609375 -0.114181518554687 0.0111541748046875
-0.0613479614257813 -0.137741088867188 -0.120170593261719 0.00332641601562502
0.0361785888671875 -0.19036865234375 -0.157318115234375 -0.0465087890625
0.217910766601563 -0.116668701171875 -0.1427001953125 -0.100250244140625
0.28704833984375 -0.00177001953125 -0.16455078125 -0.139511108398437
0.318511962890625 0.16168212890625 -0.163177490234375 -0.125656127929687
0.29742431640625 0.232879638671875 0.0675811767578125 -0.189712524414063
0.257431030273438 0.0940704345703125 0.0594367980957032 0.0254440307617188
0.274276733398438 -0.0667266845703125 0.22076416015625 0.03863525390625
0.127792358398437 -0.170684814453125 0.213973999023438 -0.121810913085938
0.00718688964843751 -0.187484741210937 0.0853424072265625 -0.208969116210938
-0.106300354003906 -0.11859130859375 -0.076171875 -0.179168701171875
-0.162399291992188 -0.0556793212890625 -0.130401611328125 -0.0784454345703125
-0.159927368164063 -0.0703887939453125 -0.0789108276367188 -0.0186767578125
-0.181976318359375 -0.0498504638671875 -0.0682487487792969 0.0190925598144531
-0.14593505859375 -0.0981903076171875 -0.0693893432617188 0.0450439453125
-0.0801849365234375 -0.184524536132813 -0.0848770141601563 0.0400009155273437
0.0487060546875 -0.230804443359375 -0.138740539550781 -0.00758361816406254
0.262420654296875 -0.1263427734375 -0.133811950683594 -0.0645370483398438
0.3199462890625 0.019012451171875 -0.117202758789062 -0.112678527832031
0.327972412109375 0.213531494140625 -0.0810012817382813 -0.0513534545898437
0.251495361328125 0.28460693359375 0.160964965820313 -0.090606689453125
0.261764526367188 0.172256469726563 0.122451782226563 0.0770034790039063
0.337799072265625 -0.012237548828125 0.233932495117188 0.0859375
0.1934814453125 -0.177963256835938 0.2359619140625 -0.060333251953125
0.043304443359375 -0.230499267578125 0.129531860351563 -0.153305053710938
-0.116744995117188 -0.163803100585937 -0.0176239013671875 -0.139976501464844
-0.186996459960938 -0.081817626953125 -0.0606727600097656 -0.0602188110351563
-0.184112548828125 -0.0919342041015625 -0.0130014419555664 -0.00276851654052735
-0.21099853515625 -0.06707763671875 -0.00280761718750002 0.0380287170410156
-0.16705322265625 -0.11578369140625 -0.0149307250976563 0.0772628784179687
-0.08856201171875 -0.20941162109375 -0.0434341430664062 0.07421875
0.058990478515625 -0.24273681640625 -0.111923217773437 0.02972412109375
0.279251098632813 -0.113906860351562 -0.119766235351562 -0.034576416015625
0.31329345703125 0.04833984375 -0.06365966796875 -0.0925064086914063
0.29119873046875 0.240447998046875 0.00437164306640627 0.0268802642822266
0.162979125976563 0.279006958007812 0.235244750976563 0.019561767578125
0.204269409179688 0.215362548828125 0.175155639648438 0.133514404296875
0.32489013671875 0.054840087890625 0.223953247070313 0.125991821289062
0.220108032226562 -0.13922119140625 0.232513427734375 0.00559997558593749
0.0746002197265625 -0.223052978515625 0.154708862304688 -0.0819854736328125
-0.102096557617188 -0.177459716796875 0.0401382446289062 -0.0867996215820313
-0.181365966796875 -0.093170166015625 0.014556884765625 -0.0356597900390625
-0.180023193359375 -0.098907470703125 0.0537948608398437 0.0124855041503906
-0.211044311523438 -0.0756988525390625 0.064910888671875 0.0548248291015625
-0.16571044921875 -0.12176513671875 0.0413970947265625 0.106590270996094
-0.0809173583984375 -0.211822509765625 -0.00299072265625 0.10565185546875
0.0715484619140625 -0.228530883789063 -0.0857391357421875 0.0643844604492188
0.274200439453125 -0.078460693359375 -0.106834411621094 -0.00976562500000001
0.272842407226563 0.0882415771484375 -0.013092041015625 -0.0723648071289062
0.215286254882812 0.246673583984375 0.076385498046875 0.104301452636719
0.0474090576171875 0.219970703125 0.27874755859375 0.116607666015625
0.10699462890625 0.2080078125 0.207611083984375 0.180313110351562
0.243301391601563 0.103347778320313 0.197982788085938 0.149017333984375
0.195114135742188 -0.07647705078125 0.209625244140625 0.0584716796875
0.085784912109375 -0.172012329101563 0.159011840820313 -0.01483154296875
-0.071685791015625 -0.156600952148437 0.0871200561523437 -0.0327835083007813
-0.146728515625 -0.0885162353515625 0.0834732055664062 -0.0111618041992188
-0.1494140625 -0.091949462890625 0.114364624023438 0.02557373046875
-0.180206298828125 -0.0767364501953125 0.127182006835938 0.06976318359375
-0.140838623046875 -0.115509033203125 0.0913543701171875 0.135406494140625
-0.0584259033203125 -0.194259643554688 0.0272369384765625 0.138687133789063
0.083343505859375 -0.190765380859375 -0.0680084228515625 0.0977325439453125
0.246536254882812 -0.028472900390625 -0.1002197265625 0.0121536254882812
0.203536987304688 0.127166748046875 0.0266609191894531 -0.046295166015625
0.109237670898438 0.228012084960937 0.123687744140625 0.178176879882813
-0.0728607177734375 0.12164306640625 0.29119873046875 0.175567626953125
-0.0049285888671875 0.155258178710938 0.222061157226563 0.199600219726563
0.119583129882813 0.117218017578125 0.167633056640625 0.1497802734375
0.127601623535156 -0.0111618041992188 0.182479858398438 0.0868988037109375
0.0729904174804688 -0.0931243896484375 0.15264892578125 0.0302734375
-0.0323104858398438 -0.106468200683594 0.119682312011719 0.00552368164062499
-0.0903396606445313 -0.068115234375 0.134307861328125 0.00675201416015625
-0.096923828125 -0.0704803466796875 0.157028198242187 0.0348358154296875
-0.124168395996094 -0.0683517456054687 0.17535400390625 0.0836334228515625
-0.0971908569335937 -0.0955886840820313 0.128585815429688 0.161148071289063
-0.0293121337890625 -0.152755737304687 0.04541015625 0.171310424804688
0.0836715698242188 -0.133392333984375 -0.0611953735351563 0.129570007324219
0.190017700195313 0.0204620361328125 -0.103500366210937 0.030120849609375
0.111282348632813 0.145904541015625 0.0470390319824219 -0.0165519714355469
-0.0107269287109375 0.176177978515625 0.136383056640625 0.242034912109375
0.12103271484375 -0.0897293090820313 -0.183349609375 -0.2392578125
-0.0314788818359375 -0.103805541992188 -0.0620841979980469 0.00130844116210936
-0.0917587280273437 -0.0228347778320313 0.121200561523437 -0.0420303344726562
-0.0614585876464844 0.0581932067871094 0.0903472900390625 -0.176589965820313
0.000244140625000004 0.0809707641601563 -0.0444488525390625 -0.208892822265625
0.0570449829101562 0.0521430969238281 -0.16412353515625 -0.16766357421875
0.0475234985351563 0.0287399291992188 -0.21832275390625 -0.061676025390625
0.0307807922363281 0.0311412811279297 -0.184494018554688 -0.0221099853515625
0.0275382995605469 0.0370826721191406 -0.164566040039062 0.00190734863281248
-0.00359344482421875 0.0391578674316406 -0.151611328125 -0.0145263671875
-0.0450057983398438 0.0160331726074219 -0.159957885742188 -0.02777099609375
-0.0659637451171875 -0.0550422668457031 -0.182266235351563 -0.0760040283203125
0.0175018310546875 -0.111419677734375 -0.167587280273438 -0.152023315429688
0.112785339355469 -0.0991897583007813 -0.236129760742188 -0.176986694335937
0.181259155273438 -0.044158935546875 -0.2982177734375 -0.18389892578125
0.22894287109375 0.0018768310546875 -0.138168334960937 -0.261505126953125
0.0840606689453125 -0.0724716186523438 -0.04388427734375 -0.0102615356445313
0.0177001953125 -0.0730209350585938 0.151901245117187 -0.0413055419921875
-0.0238780975341797 -0.0297641754150391 0.117889404296875 -0.18896484375
-0.0211334228515625 -0.00529861450195312 -0.026153564453125 -0.2327880859375
-0.0101442337036133 0.00814151763916016 -0.16583251953125 -0.180938720703125
-0.0326614379882813 0.0126686096191406 -0.219940185546875 -0.0661773681640625
-0.0445976257324219 0.00323104858398437 -0.174530029296875 -0.0222625732421875
-0.0523414611816406 0.0110435485839844 -0.156539916992187 0.00564575195312503
-0.0558547973632813 -0.014556884765625 -0.1436767578125 -0.00119018554687502
-0.0519866943359375 -0.0638160705566406 -0.147384643554687 -0.012786865234375
-0.01190185546875 -0.128067016601563 -0.177536010742188 -0.0603179931640625
0.126518249511719 -0.117713928222656 -0.160903930664063 -0.1234130859375
0.212615966796875 -0.05523681640625 -0.215805053710938 -0.150894165039063
0.276321411132813 0.052001953125 -0.249557495117187 -0.157974243164062
0.30120849609375 0.10528564453125 -0.0576171875 -0.249038696289063
0.19293212890625 -0.011627197265625 -0.000446796417236316 -0.00395965576171875
0.146804809570313 -0.104034423828125 0.191024780273437 -0.02276611328125
0.0356369018554687 -0.11883544921875 0.160202026367187 -0.180435180664062
-0.0271682739257813 -0.10137939453125 0.0119476318359375 -0.239456176757813
-0.0723648071289063 -0.0481643676757813 -0.141937255859375 -0.184524536132812
-0.10797119140625 -0.0110092163085938 -0.19232177734375 -0.068450927734375
-0.114601135253906 -0.027008056640625 -0.138252258300781 -0.0178909301757813
-0.126907348632813 -0.0123748779296875 -0.121414184570313 0.0157089233398438
-0.109062194824219 -0.0559005737304687 -0.113624572753906 0.025604248046875
-0.073822021484375 -0.128898620605469 -0.122581481933594 0.0177993774414062
0.0151519775390625 -0.192031860351563 -0.166793823242188 -0.0289764404296875
0.203948974609375 -0.138580322265625 -0.153518676757813 -0.0880584716796875
0.2838134765625 -0.031982421875 -0.179519653320312 -0.123077392578125
0.335052490234375 0.125 -0.175369262695312 -0.106063842773437
0.321533203125 0.196868896484375 0.043304443359375 -0.194488525390625
0.266281127929688 0.067291259765625 0.0614700317382813 0.0238494873046875
0.264785766601563 -0.09820556640625 0.226821899414063 0.01300048828125
0.108261108398438 -0.182220458984375 0.202896118164063 -0.145355224609375
-0.013275146484375 -0.185775756835938 0.063232421875 -0.218475341796875
-0.116134643554687 -0.105567932128906 -0.0943603515625 -0.1708984375
-0.1641845703125 -0.03765869140625 -0.139533996582031 -0.063262939453125
-0.166595458984375 -0.053009033203125 -0.0817718505859375 -0.0104751586914062
-0.1849365234375 -0.0286712646484375 -0.0654411315917969 0.0279617309570312
-0.152725219726563 -0.0819244384765625 -0.0653839111328125 0.054534912109375
-0.0984039306640625 -0.17230224609375 -0.0838699340820313 0.0504150390625
0.022674560546875 -0.2340087890625 -0.144058227539063 0.00863647460937497
0.247634887695313 -0.154251098632813 -0.141525268554687 -0.052337646484375
0.319122314453125 -0.014373779296875 -0.130195617675781 -0.101860046386719
0.350921630859375 0.175811767578125 -0.085693359375 -0.0411224365234375
0.281768798828125 0.253692626953125 0.146392822265625 -0.107452392578125
0.279403686523438 0.144927978515625 0.128265380859375 0.0683517456054688
0.335479736328125 -0.05120849609375 0.244064331054688 0.0595855712890625
0.173187255859375 -0.197128295898437 0.231918334960938 -0.0854339599609375
0.0165863037109375 -0.233078002929688 0.113418579101562 -0.168212890625
-0.131973266601563 -0.14935302734375 -0.0324783325195313 -0.137451171875
-0.19232177734375 -0.0600128173828125 -0.0679779052734375 -0.0523796081542969
-0.193145751953125 -0.0711517333984375 -0.0140037536621094 -0.00146579742431641
-0.2166748046875 -0.04150390625 0.00203323364257811 0.0396003723144531
-0.176666259765625 -0.096282958984375 -0.00658416748046876 0.0810470581054688
-0.110687255859375 -0.195831298828125 -0.0385055541992188 0.0801849365234375
0.03033447265625 -0.247817993164063 -0.113624572753906 0.0427322387695313
0.26617431640625 -0.1441650390625 -0.124259948730469 -0.023468017578125
0.316802978515625 0.0155029296875 -0.0748977661132812 -0.0870742797851562
0.318115234375 0.207763671875 0.00734138488769533 0.0268383026123047
0.1920166015625 0.259231567382813 0.232696533203125 -0.00584411621093748
0.226776123046875 0.193984985351563 0.185714721679688 0.118865966796875
0.330596923828125 0.017242431640625 0.238113403320313 0.102279663085938
0.20428466796875 -0.162460327148438 0.234970092773438 -0.0194091796875
0.04803466796875 -0.230300903320313 0.14617919921875 -0.09991455078125
-0.120330810546875 -0.164154052734375 0.0307235717773437 -0.0900955200195313
-0.188934326171875 -0.0720672607421875 0.00988006591796874 -0.0367431640625
-0.190536499023438 -0.0775909423828125 0.0546226501464844 0.00575637817382812
-0.218093872070313 -0.0501861572265625 0.0716171264648437 0.0479812622070313
-0.1767578125 -0.101287841796875 0.0527801513671875 0.103958129882813
-0.104248046875 -0.199569702148438 0.00492858886718749 0.107078552246094
0.044525146484375 -0.235610961914063 -0.0834808349609375 0.0740509033203125
0.265350341796875 -0.109085083007812 -0.108749389648438 0.000869750976562496
0.280807495117188 0.0591888427734375 -0.0232620239257812 -0.0727615356445312
0.242218017578125 0.222625732421875 0.0876312255859375 0.0951385498046875
0.071380615234375 0.214004516601563 0.286590576171875 0.085693359375
0.129409790039063 0.197158813476563 0.222396850585938 0.16064453125
0.255447387695313 0.074615478515625 0.213607788085938 0.129501342773438
0.186019897460938 -0.0972747802734375 0.217498779296875 0.0360107421875
0.064422607421875 -0.181045532226563 0.158111572265625 -0.0341339111328125
-0.0891265869140625 -0.147506713867187 0.0834579467773438 -0.0414199829101563
-0.155014038085938 -0.070281982421875 0.0811996459960937 -0.0198745727539063
-0.15985107421875 -0.073150634765625 0.116195678710937 0.0121002197265625
-0.188552856445312 -0.0542755126953125 0.135017395019531 0.0557403564453125
-0.152679443359375 -0.09747314453125 0.106185913085937 0.126693725585938
-0.081298828125 -0.184661865234375 0.0397720336914062 0.136756896972656
0.0604705810546875 -0.200302124023438 -0.0606231689453125 0.105033874511719
0.243850708007812 -0.0572509765625 -0.099639892578125 0.0221023559570312
0.2178955078125 0.10455322265625 0.0187454223632813 -0.0513038635253906
0.134506225585938 0.215728759765625 0.14215087890625 0.162628173828125
-0.0593643188476563 0.129554748535156 0.304962158203125 0.142181396484375
0.0124053955078125 0.15625 0.2392578125 0.17767333984375
0.134292602539062 0.102226257324219 0.183258056640625 0.1341552734375
0.125740051269531 -0.0257720947265625 0.193328857421875 0.0678863525390625
0.0604324340820312 -0.102073669433594 0.156829833984375 0.0117950439453125
-0.0457382202148437 -0.101707458496094 0.120010375976563 -0.00727081298828126
-0.0975265502929688 -0.0556640625 0.134124755859375 -0.0084075927734375
-0.105339050292969 -0.0574722290039063 0.160202026367188 0.0159149169921875
-0.1326904296875 -0.0513076782226563 0.185104370117188 0.0631256103515625
-0.108665466308594 -0.0827713012695313 0.146255493164063 0.14849853515625
-0.04827880859375 -0.14776611328125 0.061431884765625 0.167327880859375
0.06707763671875 -0.144729614257813 -0.0495147705078125 0.136222839355469
0.193191528320313 -0.0029754638671875 -0.101646423339844 0.0411376953125
0.128669738769531 0.133430480957031 0.0418167114257813 -0.0240936279296875
0.0094757080078125 0.178009033203125 0.16192626953125 0.224380493164063
0.10809326171875 -0.1004638671875 -0.199966430664063 -0.215774536132812
-0.0411529541015625 -0.0991897583007813 -0.0578804016113281 0.00871276855468749
-0.0920791625976563 -0.0127410888671875 0.116683959960938 -0.0518341064453125
-0.0540504455566406 0.0647163391113281 0.0757598876953125 -0.182830810546875
0.0112228393554688 0.0802230834960938 -0.058990478515625 -0.202438354492187
0.0634002685546875 0.0430374145507813 -0.17633056640625 -0.153305053710938
0.0494651794433594 0.0204200744628906 -0.2198486328125 -0.0426483154296875
0.0334815979003906 0.0261116027832031 -0.183670043945313 -0.00453186035156252
0.0304985046386719 0.0318260192871094 -0.160797119140625 0.0184326171875
0.00154495239257813 0.0368118286132813 -0.15087890625 2.07307266859343E-17
-0.040374755859375 0.0197639465332031 -0.160751342773438 -0.0126190185546875
-0.0694160461425781 -0.0453987121582031 -0.18731689453125 -0.0580902099609375
0.00614929199218751 -0.109344482421875 -0.177627563476563 -0.138198852539063
0.100532531738281 -0.107048034667969 -0.244979858398438 -0.154617309570312
0.173263549804687 -0.061126708984375 -0.30523681640625 -0.152740478515625
0.221710205078125 -0.0200653076171875 -0.158294677734375 -0.241668701171875
0.0748672485351563 -0.0779647827148438 -0.0415725708007812 -0.00331115722656251
0.00994873046875 -0.07183837890625 0.147201538085938 -0.05419921875
-0.0254783630371094 -0.0245876312255859 0.102447509765625 -0.196365356445313
-0.0179920196533203 -0.00142669677734375 -0.04400634765625 -0.2265625
-0.00587320327758789 0.00688934326171875 -0.178009033203125 -0.164779663085937
-0.0293426513671875 0.0125732421875 -0.221054077148437 -0.0464630126953125
-0.042205810546875 0.00503540039062501 -0.173919677734375 -0.00553894042968748
-0.0486068725585938 0.0137710571289062 -0.152740478515625 0.0208587646484375
-0.0536003112792969 -0.0111160278320312 -0.14215087890625 0.0129241943359375
-0.0533828735351563 -0.0575981140136719 -0.14788818359375 0.00148010253906249
-0.02276611328125 -0.121810913085937 -0.182693481445313 -0.0437622070312501
0.112815856933594 -0.124679565429688 -0.168746948242188 -0.110366821289063
0.201614379882813 -0.0715179443359375 -0.223434448242188 -0.131271362304687
0.27520751953125 0.02508544921875 -0.256393432617187 -0.13140869140625
0.3021240234375 0.074005126953125 -0.0799102783203125 -0.23651123046875
0.187362670898438 -0.027557373046875 0.000500500202178967 0.000657021999359129
0.133316040039063 -0.11383056640625 0.187057495117187 -0.039276123046875
0.0248031616210937 -0.116508483886719 0.1441650390625 -0.191574096679688
-0.0335159301757812 -0.0942230224609375 -0.00801086425781251 -0.236526489257813
-0.0716934204101563 -0.0411911010742187 -0.154800415039063 -0.169326782226563
-0.104331970214844 -0.00308990478515627 -0.195022583007813 -0.0497589111328125
-0.113555908203125 -0.0175018310546875 -0.137947082519531 -0.00527954101562499
-0.123367309570312 -0.00109863281249999 -0.117477416992188 0.0275192260742188
-0.108688354492188 -0.0463943481445312 -0.110466003417969 0.03668212890625
-0.080291748046875 -0.118949890136719 -0.121070861816406 0.0294113159179687
-0.00190734863281252 -0.186737060546875 -0.169937133789063 -0.01239013671875
0.1876220703125 -0.152420043945313 -0.159469604492188 -0.076202392578125
0.273941040039062 -0.054351806640625 -0.186721801757813 -0.106369018554687
0.340118408203125 0.092071533203125 -0.179473876953125 -0.0872802734375
0.329833984375 0.162078857421875 0.022674560546875 -0.192153930664063
0.266265869140625 0.04327392578125 0.0624580383300781 0.0227813720703125
0.249114990234375 -0.1192626953125 0.224014282226563 -0.00735473632812501
0.089324951171875 -0.185684204101563 0.189895629882813 -0.160751342773438
-0.02886962890625 -0.177627563476563 0.0445556640625 -0.220733642578125
-0.119651794433594 -0.0926895141601563 -0.106765747070313 -0.159393310546875
-0.161575317382813 -0.022979736328125 -0.142242431640625 -0.049224853515625
-0.167770385742188 -0.0377197265625 -0.0819473266601563 -0.00287628173828124
-0.180908203125 -0.0116729736328125 -0.0612640380859375 0.0352745056152344
-0.153793334960938 -0.066619873046875 -0.0596237182617188 0.0613632202148437
-0.109161376953125 -0.159011840820313 -0.0811004638671875 0.05877685546875
0.0014190673828125 -0.229568481445313 -0.145233154296875 0.02239990234375
0.22943115234375 -0.172119140625 -0.144805908203125 -0.0420989990234375
0.310150146484375 -0.0404052734375 -0.137649536132812 -0.090087890625
0.359832763671875 0.141326904296875 -0.086273193359375 -0.0322189331054688
0.2965087890625 0.22198486328125 0.130302429199219 -0.11639404296875
0.285919189453125 0.1190185546875 0.129898071289063 0.06103515625
0.322601318359375 -0.08087158203125 0.24481201171875 0.03741455078125
0.1522216796875 -0.206634521484375 0.222503662109375 -0.105056762695313
-0.00431823730468751 -0.227584838867188 0.0966644287109375 -0.175735473632813
-0.140167236328125 -0.133407592773437 -0.0433197021484375 -0.131988525390625
-0.191238403320313 -0.04217529296875 -0.07171630859375 -0.0443115234375
-0.195175170898437 -0.0522613525390625 -0.0150165557861328 -0.000494956970214848
-0.214065551757813 -0.019805908203125 0.00638580322265624 0.039642333984375
-0.178939819335938 -0.0779876708984375 -0.000152587890625017 0.0817337036132813
-0.1240234375 -0.1798095703125 -0.0340652465820313 0.08404541015625
0.0067901611328125 -0.243423461914063 -0.112449645996094 0.05316162109375
0.248184204101563 -0.164810180664063 -0.125587463378906 -0.01446533203125
0.310699462890625 -0.01153564453125 -0.0835418701171875 -0.0803070068359375
0.330352783203125 0.1754150390625 0.0100288391113281 0.0257434844970703
0.209991455078125 0.236221313476563 0.222381591796875 -0.0249481201171875
0.238861083984375 0.171981811523438 0.189346313476563 0.105377197265625
0.325714111328125 -0.01397705078125 0.242218017578125 0.0811614990234375
0.185897827148438 -0.176071166992188 0.23114013671875 -0.0389556884765625
0.0261688232421875 -0.228485107421875 0.134895324707031 -0.111923217773438
-0.131515502929687 -0.149490356445313 0.02294921875 -0.0905685424804688
-0.189239501953125 -0.0534210205078125 0.00580978393554686 -0.0356941223144531
-0.1939697265625 -0.0589599609375 0.0532569885253906 0.000648498535156246
-0.216720581054687 -0.0270538330078125 0.07525634765625 0.0416717529296875
-0.180221557617188 -0.08203125 0.0610427856445312 0.0996017456054688
-0.119598388671875 -0.183502197265625 0.0109634399414062 0.106369018554687
0.0208892822265625 -0.234298706054687 -0.0790786743164063 0.0809478759765625
0.251296997070313 -0.131668090820313 -0.108116149902344 0.00876617431640625
0.280227661132813 0.034271240234375 -0.0320053100585937 -0.0705108642578125
0.2578125 0.196945190429687 0.0940322875976563 0.0848617553710938
0.08770751953125 0.202865600585938 0.283599853515625 0.059539794921875
0.1441650390625 0.183761596679687 0.228866577148438 0.142532348632813
0.25738525390625 0.0491485595703125 0.219985961914063 0.110733032226563
0.173751831054688 -0.111434936523438 0.2177734375 0.01739501953125
0.0460052490234375 -0.1832275390625 0.15167236328125 -0.0485076904296875
-0.100486755371094 -0.135528564453125 0.0782089233398438 -0.0473098754882813
-0.156524658203125 -0.05352783203125 0.0772247314453125 -0.0262069702148438
-0.163436889648438 -0.0561676025390625 0.113746643066406 0.000862121582031247
-0.188858032226563 -0.0330352783203125 0.138298034667969 0.043121337890625
-0.157806396484375 -0.0803985595703125 0.115577697753906 0.116806030273438
-0.0970458984375 -0.17095947265625 0.0474777221679687 0.132102966308594
0.0394134521484375 -0.201568603515625 -0.0540924072265625 0.109321594238281
0.234878540039063 -0.0799713134765625 -0.0975494384765625 0.02947998046875
0.2236328125 0.0841827392578125 0.0110626220703125 -0.0539169311523437
0.151779174804688 0.1998291015625 0.152328491210938 0.14581298828125
-0.0468597412109375 0.132301330566406 0.306121826171875 0.11322021484375
0.0264739990234375 0.15325927734375 0.246078491210938 0.156448364257813
0.142547607421875 0.0860595703125 0.190628051757812 0.119384765625
0.12115478515625 -0.0365676879882813 0.196502685546875 0.0512237548828125
0.0486373901367188 -0.105728149414062 0.15496826171875 -0.00277709960937501
-0.0549240112304687 -0.0949172973632812 0.117134094238281 -0.0170059204101563
-0.100608825683594 -0.0444717407226562 0.129539489746094 -0.0200653076171875
-0.109321594238281 -0.0457916259765625 0.157379150390625 0.000625610351562497
-0.135757446289063 -0.0353775024414063 0.18707275390625 0.045135498046875
-0.114555358886719 -0.0695571899414062 0.15728759765625 0.134140014648438
-0.0626907348632813 -0.138748168945313 0.0724639892578125 0.159881591796875
0.050506591796875 -0.1483154296875 -0.039947509765625 0.138076782226563
0.190399169921875 -0.022979736328125 -0.09765625 0.0487747192382813
0.139778137207031 0.119911193847656 0.0356216430664063 -0.0295791625976562
0.0260162353515625 0.17449951171875 0.17755126953125 0.2041015625
0.0964202880859375 -0.106422424316406 -0.20989990234375 -0.197479248046875
-0.04803466796875 -0.0944747924804688 -0.0539894104003906 0.01373291015625
-0.0915298461914063 -0.0046234130859375 0.113014221191406 -0.0581588745117188
-0.0472412109375 0.0694732666015625 0.0652923583984375 -0.185806274414063
0.0197601318359375 0.0782241821289063 -0.0688018798828125 -0.196807861328125
0.0664710998535156 0.0347824096679688 -0.184417724609375 -0.141525268554687
0.0491256713867188 0.0135993957519531 -0.219757080078125 -0.02801513671875
0.0340538024902344 0.0214405059814453 -0.181289672851563 0.00807189941406248
0.0328140258789063 0.0269012451171875 -0.156478881835938 0.0302276611328125
0.00588798522949218 0.0344429016113281 -0.148971557617188 0.010894775390625
-0.0359954833984375 0.0218696594238281 -0.16046142578125 -0.00111389160156252
-0.0706558227539063 -0.037078857421875 -0.190292358398438 -0.04461669921875
-0.00171661376953124 -0.10565185546875 -0.183975219726562 -0.128021240234375
0.09130859375 -0.111717224121094 -0.248367309570312 -0.138717651367188
0.165924072265625 -0.07330322265625 -0.305328369140625 -0.130584716796875
0.213470458984375 -0.03558349609375 -0.170791625976562 -0.224502563476563
0.06707763671875 -0.0809249877929688 -0.03839111328125 0.00251388549804688
0.00429153442382812 -0.0698318481445313 0.142379760742188 -0.062530517578125
-0.0252647399902344 -0.0196495056152344 0.0906219482421875 -0.201126098632813
-0.0142793655395508 0.000819206237792969 -0.0561065673828125 -0.221588134765625
-0.00287199020385742 0.00470352172851563 -0.186508178710938 -0.152816772460937
-0.0276832580566406 0.0113716125488281 -0.220870971679688 -0.0313568115234375
-0.0414886474609375 0.00608444213867187 -0.17181396484375 0.00683593749999999
-0.0453948974609375 0.0144157409667969 -0.148468017578125 0.0326080322265625
-0.0509452819824219 -0.00926589965820313 -0.139511108398438 0.022979736328125
-0.0534629821777344 -0.0534553527832031 -0.147384643554687 0.0125579833984375
-0.02996826171875 -0.115646362304687 -0.185501098632812 -0.03033447265625
0.102210998535156 -0.128059387207031 -0.173736572265625 -0.100875854492188
0.1929931640625 -0.082244873046875 -0.226806640625 -0.116302490234375
0.271438598632813 0.00506591796875 -0.257049560546875 -0.11163330078125
0.29827880859375 0.05108642578125 -0.09490966796875 -0.224014282226563
0.18115234375 -0.03863525390625 0.00180578231811525 0.00466251373291015
0.121139526367188 -0.119651794433594 0.181930541992188 -0.050567626953125
0.0171585083007813 -0.113075256347656 0.132308959960938 -0.19952392578125
-0.0369491577148437 -0.0883712768554688 -0.02117919921875 -0.233108520507813
-0.0698966979980469 -0.0373268127441406 -0.163375854492188 -0.158309936523437
-0.101348876953125 0.0016937255859375 -0.1951904296875 -0.035491943359375
-0.112678527832031 -0.011077880859375 -0.136772155761719 0.00458526611328128
-0.119522094726563 0.00537872314453125 -0.113502502441406 0.0367889404296875
-0.107177734375 -0.0396728515625 -0.106475830078125 0.0448226928710937
-0.0832672119140625 -0.111549377441406 -0.119606018066406 0.03875732421875
-0.0135650634765625 -0.181243896484375 -0.172195434570312 -0.000183105468750003
0.174102783203125 -0.15966796875 -0.163253784179687 -0.06805419921875
0.264389038085938 -0.068878173828125 -0.190292358398437 -0.09417724609375
0.340972900390625 0.067474365234375 -0.179550170898437 -0.0736541748046875
0.33184814453125 0.136810302734375 0.00752258300781253 -0.187469482421875
0.263961791992188 0.0269622802734375 0.0628814697265625 0.0233497619628906
0.235137939453125 -0.133529663085938 0.220779418945313 -0.0207061767578125
0.0758514404296875 -0.185989379882813 0.178665161132813 -0.17144775390625
-0.0386199951171875 -0.171188354492188 0.030731201171875 -0.220611572265625
-0.120285034179688 -0.0835952758789062 -0.115203857421875 -0.150787353515625
-0.158218383789063 -0.0132293701171875 -0.143646240234375 -0.0380859375
-0.167282104492188 -0.0265960693359375 -0.0818023681640625 0.00289154052734374
-0.176956176757813 -6.10351562499974E-05 -0.0575408935546875 0.0398063659667969
-0.152755737304688 -0.05609130859375 -0.0549774169921875 0.0662155151367188
-0.115020751953125 -0.148040771484375 -0.07843017578125 0.0655059814453125
-0.0134735107421875 -0.223358154296875 -0.146697998046875 0.0328521728515625
0.213943481445312 -0.18310546875 -0.147537231445313 -0.035125732421875
0.300994873046875 -0.05804443359375 -0.142654418945312 -0.0805816650390625
0.363037109375 0.1143798828125 -0.0852813720703125 -0.0258255004882813
0.303802490234375 0.197540283203125 0.116737365722656 -0.12017822265625
0.288482666015625 0.100494384765625 0.130828857421875 0.0573272705078125
0.309906005859375 -0.101226806640625 0.2430419921875 0.022430419921875
0.135726928710938 -0.211395263671875 0.214752197265625 -0.118240356445313
-0.0190277099609375 -0.221466064453125 0.08477783203125 -0.180252075195312
-0.14385986328125 -0.121444702148438 -0.0509185791015625 -0.126937866210938
-0.188766479492188 -0.0293121337890625 -0.073974609375 -0.0378036499023437
-0.196121215820312 -0.0386810302734375 -0.0159025192260742 0.000603675842285156
-0.209854125976562 -0.00521850585937503 0.00918579101562498 0.0396499633789063
-0.178756713867187 -0.06427001953125 0.00527191162109374 0.0826339721679688
-0.131759643554687 -0.166641235351563 -0.0311431884765625 0.0874176025390625
-0.00949096679687502 -0.23809814453125 -0.1124267578125 0.06158447265625
0.233596801757813 -0.179000854492187 -0.127204895019531 -0.00881195068359378
0.3035888671875 -0.02972412109375 -0.0893478393554687 -0.07513427734375
0.33709716796875 0.149871826171875 0.0118789672851563 0.0243282318115234
0.220046997070312 0.217620849609375 0.212493896484375 -0.0371856689453125
0.2457275390625 0.155548095703125 0.19085693359375 0.0968170166015625
0.318511962890625 -0.0352783203125 0.24285888671875 0.0661773681640625
0.17138671875 -0.183578491210938 0.226943969726563 -0.05364990234375
0.0103607177734375 -0.225601196289063 0.125663757324219 -0.119636535644531
-0.137046813964844 -0.137474060058594 0.0172576904296875 -0.090179443359375
-0.187911987304688 -0.0393524169921875 0.00292778015136718 -0.0343265533447266
-0.195343017578125 -0.0445556640625 0.0510635375976562 -0.00264739990234375
-0.213043212890625 -0.0109100341796875 0.0768280029296875 0.0364151000976563
-0.180633544921875 -0.067596435546875 0.0665740966796875 0.0959320068359375
-0.129531860351563 -0.170166015625 0.01422119140625 0.106468200683594
0.00418090820312503 -0.230255126953125 -0.0777359008789063 0.0865020751953125
0.238418579101563 -0.147064208984375 -0.108161926269531 0.0134735107421875
0.277603149414063 0.0161285400390625 -0.0389251708984375 -0.0687141418457031
0.267166137695313 0.176528930664063 0.0976409912109375 0.0762939453125
0.0981903076171875 0.193679809570313 0.27752685546875 0.0417022705078125
0.153900146484375 0.172958374023437 0.231216430664063 0.129776000976563
0.256820678710938 0.029754638671875 0.223342895507813 0.097564697265625
0.163726806640625 -0.120162963867187 0.217315673828125 0.00344848632812499
0.03216552734375 -0.183151245117188 0.146331787109375 -0.0577392578125
-0.107421875 -0.125625610351562 0.0747451782226563 -0.0510177612304688
-0.157058715820313 -0.0411529541015625 0.0735321044921875 -0.0300445556640625
-0.165420532226563 -0.0439300537109375 0.110725402832031 -0.0066986083984375
-0.187240600585938 -0.017669677734375 0.139053344726563 0.0327835083007813
-0.159088134765625 -0.0662994384765625 0.121528625488281 0.109085083007813
-0.106979370117188 -0.159271240234375 0.0523605346679688 0.128738403320313
0.0231170654296875 -0.200515747070313 -0.0504150390625 0.112129211425781
0.2255859375 -0.0965576171875 -0.096160888671875 0.0338973999023437
0.226272583007813 0.068023681640625 0.00351715087890626 -0.0549087524414062
0.163070678710938 0.186676025390625 0.1580810546875 0.132461547851563
-0.0382766723632813 0.133308410644531 0.303009033203125 0.0921630859375
0.0362396240234375 0.150115966796875 0.2491455078125 0.1419677734375
0.146728515625 0.073272705078125 0.195053100585938 0.109161376953125
0.116188049316406 -0.0443191528320313 0.197616577148438 0.0385284423828125
0.039459228515625 -0.107353210449219 0.151992797851563 -0.0133209228515625
-0.0610427856445312 -0.0889205932617188 0.114669799804688 -0.0237503051757813
-0.101661682128906 -0.0356369018554688 0.1260986328125 -0.0283660888671875
-0.111160278320312 -0.0358810424804688 0.154251098632813 -0.0107421875
-0.135871887207031 -0.0229644775390625 0.18756103515625 0.0316619873046875
-0.117355346679688 -0.0584716796875 0.163925170898438 0.122756958007813
-0.0723876953125 -0.129951477050781 0.0790557861328125 0.154510498046875
0.0374755859375 -0.14959716796875 -0.0336227416992188 0.138870239257813
0.186508178710938 -0.03814697265625 -0.0946502685546875 0.0530242919921875
0.147354125976563 0.108291625976563 0.0292129516601563 -0.0330600738525391
0.0377655029296875 0.169921875 0.18548583984375 0.187820434570313
0.088348388671875 -0.111175537109375 -0.2197265625 -0.184402465820313
-0.0550384521484375 -0.0913619995117188 -0.0509757995605469 0.0185394287109375
-0.0924453735351563 0.00158691406250001 0.111862182617187 -0.063690185546875
-0.0412673950195313 0.074188232421875 0.0569305419921875 -0.19146728515625
0.0280227661132812 0.0766677856445313 -0.077606201171875 -0.195205688476562
0.0687217712402344 0.0276756286621094 -0.194229125976563 -0.133468627929687
0.0484848022460938 0.00856399536132813 -0.222518920898438 -0.0159454345703125
0.0352973937988281 0.0182075500488281 -0.181915283203125 0.0189361572265625
0.0343246459960938 0.0233745574951172 -0.154708862304688 0.0399017333984375
0.00885963439941406 0.0321922302246094 -0.149093627929688 0.0196380615234375
-0.0326194763183594 0.0226764678955078 -0.162078857421875 0.00885009765625002
-0.072235107421875 -0.0303497314453125 -0.19451904296875 -0.0336151123046875
-0.00827789306640626 -0.103897094726563 -0.192001342773437 -0.121734619140625
0.08416748046875 -0.117179870605469 -0.25439453125 -0.127395629882812
0.160614013671875 -0.084747314453125 -0.309173583984375 -0.11370849609375
0.208572387695313 -0.0473480224609375 -0.182464599609375 -0.212738037109375
0.0611801147460938 -0.0836410522460938 -0.0363998413085937 0.00735855102539063
-0.000389099121093746 -0.068511962890625 0.140731811523437 -0.0695953369140625
-0.0245914459228516 -0.0155487060546875 0.0812835693359375 -0.207977294921875
-0.0111103057861328 0.0022430419921875 -0.066619873046875 -0.220367431640625
-0.000580549240112305 0.00159478187561035 -0.1959228515625 -0.144699096679688
-0.0270824432373047 0.0106735229492188 -0.224151611328125 -0.0185394287109375
-0.0416793823242188 0.00703048706054687 -0.1729736328125 0.01690673828125
-0.0440406799316406 0.015045166015625 -0.146865844726563 0.042388916015625
-0.0495986938476563 -0.00844955444335937 -0.138885498046875 0.0317459106445312
-0.05401611328125 -0.0512542724609375 -0.148971557617188 0.0216522216796875
-0.0347824096679688 -0.111412048339844 -0.190277099609375 -0.018157958984375
0.0953521728515625 -0.131584167480469 -0.180892944335938 -0.0959014892578125
0.187286376953125 -0.0916595458984375 -0.232574462890625 -0.105987548828125
0.270660400390625 -0.011383056640625 -0.260818481445313 -0.0977478027343749
0.29815673828125 0.0350341796875 -0.1083984375 -0.215789794921875
0.178085327148438 -0.047149658203125 0.00352811813354493 0.00845527648925781
0.11322021484375 -0.125625610351563 0.18011474609375 -0.0599822998046875
0.0121231079101562 -0.11138916015625 0.12408447265625 -0.208786010742188
-0.0391006469726562 -0.0859375 -0.03240966796875 -0.23388671875
-0.0691490173339844 -0.0356254577636719 -0.172149658203125 -0.15081787109375
-0.100143432617188 0.00525665283203123 -0.197845458984375 -0.023895263671875
-0.113792419433594 -0.00567626953124999 -0.137733459472656 0.0129623413085938
-0.117973327636719 0.0105514526367187 -0.111473083496094 0.0443801879882812
-0.106834411621094 -0.0351409912109375 -0.10491943359375 0.0528793334960938
-0.0868759155273438 -0.107452392578125 -0.120849609375 0.0469894409179688
-0.022247314453125 -0.178726196289063 -0.176712036132813 0.0114593505859375
0.166030883789063 -0.16796875 -0.169830322265625 -0.062744140625
0.260055541992188 -0.0820770263671875 -0.195724487304687 -0.085693359375
0.3436279296875 0.048126220703125 -0.181777954101562 -0.06341552734375
0.3363037109375 0.117950439453125 -0.00480651855468748 -0.184616088867188
0.264739990234375 0.0134429931640625 0.0648193359375 0.0245819091796875
0.225921630859375 -0.146560668945313 0.219924926757813 -0.0318145751953125
0.0661163330078125 -0.187423706054688 0.172607421875 -0.182815551757813
-0.046844482421875 -0.167770385742187 0.01959228515625 -0.2239990234375
-0.122268676757812 -0.0778045654296875 -0.1236572265625 -0.145599365234375
-0.158065795898438 -0.00573730468750002 -0.146331787109375 -0.0287933349609375
-0.169265747070313 -0.018035888671875 -0.083282470703125 0.00794982910156251
-0.17498779296875 0.00939941406249998 -0.055389404296875 0.0438156127929688
-0.153488159179688 -0.0486602783203125 -0.0520401000976563 0.0717849731445313
-0.120193481445312 -0.1407470703125 -0.0776901245117188 0.0718841552734375
-0.0249481201171875 -0.22100830078125 -0.14996337890625 0.0438995361328125
0.204391479492188 -0.194656372070313 -0.152755737304688 -0.0304107666015625
0.296661376953125 -0.072113037109375 -0.14825439453125 -0.074462890625
0.36932373046875 0.09307861328125 -0.0860519409179687 -0.020904541015625
0.311431884765625 0.18096923828125 0.106552124023438 -0.123558044433594
0.29388427734375 0.086273193359375 0.133308410644531 0.0552749633789063
0.30401611328125 -0.11822509765625 0.244720458984375 0.0105743408203125
0.124465942382812 -0.216293334960938 0.21087646484375 -0.131088256835938
-0.03009033203125 -0.220046997070313 0.075958251953125 -0.186416625976563
-0.148178100585938 -0.114456176757812 -0.056976318359375 -0.12451171875
-0.189117431640625 -0.0193939208984375 -0.0769500732421875 -0.0326080322265625
-0.199005126953125 -0.02777099609375 -0.0173349380493164 0.00153636932373047
-0.208236694335937 0.00677490234375003 0.0115165710449219 0.0397720336914063
-0.179962158203125 -0.0546417236328125 0.0101165771484375 0.0850067138671875
-0.13909912109375 -0.158432006835937 -0.0293121337890625 0.0920791625976562
-0.022613525390625 -0.236587524414063 -0.11431884765625 0.0704345703125
0.223831176757813 -0.19293212890625 -0.130836486816406 -0.00411224365234375
0.30218505859375 -0.045013427734375 -0.095916748046875 -0.0710678100585938
0.345489501953125 0.131072998046875 0.0136451721191406 0.0233135223388672
0.229751586914063 0.206192016601563 0.206436157226563 -0.0458831787109375
0.254470825195313 0.143844604492188 0.1943359375 0.0916748046875
0.3160400390625 -0.05401611328125 0.246658325195313 0.0552520751953125
0.161376953125 -0.191864013671875 0.226409912109375 -0.0663604736328125
-0.00212097167968751 -0.22576904296875 0.11962890625 -0.127662658691406
-0.143402099609375 -0.130035400390625 0.013031005859375 -0.091278076171875
-0.189422607421875 -0.0290679931640625 0.000364303588867174 -0.0335063934326172
-0.19873046875 -0.033233642578125 0.0497360229492187 -0.00592422485351563
-0.212692260742188 0.00253295898437497 0.0792388916015625 0.0326004028320313
-0.183029174804688 -0.056304931640625 0.0725173950195312 0.0944290161132813
-0.137435913085937 -0.161575317382813 0.0172576904296875 0.108604431152344
-0.00947570800781251 -0.229400634765625 -0.0783004760742188 0.0930938720703125
0.230072021484375 -0.162460327148438 -0.110610961914062 0.0177841186523437
0.279373168945313 0.001678466796875 -0.04559326171875 -0.0678329467773438
0.277557373046875 0.1605224609375 0.101058959960938 0.0707244873046875
0.107696533203125 0.18902587890625 0.27471923828125 0.0286712646484375
0.1639404296875 0.165939331054688 0.235626220703125 0.122726440429688
0.25927734375 0.0141143798828125 0.2281494140625 0.0889892578125
0.157180786132813 -0.128936767578125 0.219802856445313 -0.00788879394531251
0.02166748046875 -0.185256958007812 0.144012451171875 -0.0665283203125
-0.114051818847656 -0.118927001953125 0.0726547241210937 -0.0548858642578125
-0.158660888671875 -0.0317230224609375 0.0712890625 -0.033843994140625
-0.169174194335938 -0.033355712890625 0.109657287597656 -0.0134353637695313
-0.187652587890625 -0.00512695312499996 0.14080810546875 0.025543212890625
-0.162277221679688 -0.0561981201171875 0.128181457519531 0.103652954101563
-0.116073608398437 -0.151199340820313 0.057037353515625 0.128654479980469
0.0103759765625 -0.201309204101562 -0.0483856201171875 0.116455078125
0.22039794921875 -0.111648559570312 -0.096771240234375 0.03759765625
0.231185913085937 0.0556640625 -0.00296020507812499 -0.0564804077148438
0.173873901367188 0.177154541015625 0.164337158203125 0.122909545898438
-0.0315704345703125 0.136192321777344 0.303955078125 0.077545166015625
0.045501708984375 0.14923095703125 0.254104614257813 0.133041381835938
0.152359008789063 0.0633697509765625 0.202011108398438 0.102828979492188
0.113945007324219 -0.0513916015625 0.202926635742187 0.029205322265625
0.032012939453125 -0.110435485839844 0.151901245117188 -0.0220794677734375
-0.0674896240234375 -0.0848388671875 0.114486694335937 -0.0295867919921875
-0.103599548339844 -0.0278244018554688 0.123580932617188 -0.0356826782226563
-0.114753723144531 -0.0283432006835938 0.152923583984375 -0.0203399658203125
-0.13714599609375 -0.011993408203125 0.189682006835938 0.02099609375
-0.120956420898437 -0.0498886108398437 0.171951293945313 0.11431884765625
-0.0813522338867187 -0.123878479003906 0.085693359375 0.152297973632813
0.02655029296875 -0.151443481445313 -0.0299835205078125 0.141921997070313
0.184112548828125 -0.051849365234375 -0.0944747924804687 0.0575637817382813
0.155227661132813 0.0997314453125 0.0240898132324219 -0.0362968444824219
0.047607421875 0.167938232421875 0.193710327148438 0.176162719726563
0.0809249877929688 -0.118110656738281 -0.235107421875 -0.172622680664063
-0.06414794921875 -0.088287353515625 -0.0484428405761719 0.0239181518554687
-0.0947265625 0.00927734374999999 0.111732482910156 -0.0712966918945313
-0.0343170166015625 0.0804443359375 0.0473480224609375 -0.200515747070313
0.0365219116210937 0.0752639770507813 -0.09075927734375 -0.197128295898438
0.0721435546875 0.0201492309570313 -0.207992553710937 -0.125381469726563
0.0487174987792969 0.0032196044921875 -0.228805541992187 -0.00115966796874996
0.0369186401367188 0.0149765014648438 -0.185043334960938 0.0330657958984375
0.0362548828125 0.0192451477050781 -0.15447998046875 0.052764892578125
0.0120201110839844 0.0291328430175781 -0.151519775390625 0.0304412841796875
-0.0297870635986328 0.0246429443359375 -0.1673583984375 0.020904541015625
-0.074127197265625 -0.0235671997070313 -0.202392578125 -0.020843505859375
-0.0155029296875 -0.103317260742188 -0.205047607421875 -0.115264892578125
0.0772552490234375 -0.124725341796875 -0.265960693359375 -0.116546630859375
0.156219482421875 -0.098052978515625 -0.31854248046875 -0.096466064453125
0.207061767578125 -0.061492919921875 -0.199569702148438 -0.20245361328125
0.0556716918945313 -0.0881576538085938 -0.0344905853271484 0.0123672485351562
-0.00585174560546874 -0.0684127807617188 0.14013671875 -0.0787506103515625
-0.0240879058837891 -0.0115642547607422 0.0712890625 -0.2196044921875
-0.00762653350830078 0.00230264663696289 -0.080169677734375 -0.223052978515625
0.000683784484863281 -0.0012822151184082 -0.210784912109375 -0.136474609375
-0.0277061462402344 0.0100746154785156 -0.230438232421875 -0.00303649902343755
-0.0424957275390625 0.00859451293945313 -0.176589965820312 0.0301971435546875
-0.0437355041503906 0.0161056518554687 -0.146697998046875 0.0544586181640625
-0.0489959716796875 -0.00788879394531249 -0.140472412109375 0.0430679321289063
-0.055450439453125 -0.0497093200683594 -0.153488159179688 0.0334930419921875
-0.0413894653320312 -0.109130859375 -0.198715209960938 -0.00471496582031253
0.0889968872070313 -0.138069152832031 -0.192718505859375 -0.08917236328125
0.184356689453125 -0.104278564453125 -0.243057250976562 -0.0952301025390625
0.273834228515625 -0.0305633544921875 -0.268524169921875 -0.0830841064453125
0.303741455078125 0.01666259765625 -0.124710083007812 -0.209381103515625
0.177459716796875 -0.058349609375 0.00569820404052736 0.0127296447753906
0.105789184570312 -0.133857727050781 0.180877685546875 -0.0716400146484375
0.00643157958984376 -0.111572265625 0.114700317382812 -0.222763061523438
-0.0427169799804688 -0.0841522216796875 -0.0467987060546875 -0.2391357421875
-0.0708236694335938 -0.0343017578125 -0.186264038085938 -0.1441650390625
-0.101249694824219 0.0100936889648438 -0.204193115234375 -0.0100860595703125
-0.117599487304688 0.000587463378906226 -0.1416015625 0.023681640625
-0.118354797363281 0.0162582397460937 -0.110816955566406 0.0542373657226563
-0.10931396484375 -0.0310287475585937 -0.104209899902344 0.062103271484375
-0.0923614501953125 -0.104682922363281 -0.122894287109375 0.05810546875
-0.032867431640625 -0.178573608398437 -0.184112548828125 0.02630615234375
0.15924072265625 -0.180953979492188 -0.1802978515625 -0.056427001953125
0.258514404296875 -0.0985260009765625 -0.205001831054687 -0.0763702392578125
0.352142333984375 0.024871826171875 -0.187042236328125 -0.053009033203125
0.347412109375 0.099029541015625 -0.0192718505859375 -0.184036254882812
0.27056884765625 -0.0020904541015625 0.0681838989257813 0.0260581970214844
0.219085693359375 -0.16375732421875 0.222854614257813 -0.0451812744140625
0.0560455322265625 -0.192459106445313 0.166183471679688 -0.199676513671875
-0.0570220947265625 -0.166946411132813 0.00679016113281248 -0.232437133789062
-0.127792358398438 -0.0730056762695313 -0.135940551757813 -0.14154052734375
-0.1607666015625 0.003387451171875 -0.151611328125 -0.0184478759765625
-0.175125122070313 -0.00701904296875002 -0.0857009887695313 0.0147781372070312
-0.17657470703125 0.019561767578125 -0.0539016723632813 0.0503120422363281
-0.157333374023438 -0.0409088134765625 -0.0484085083007813 0.07843017578125
-0.129364013671875 -0.135986328125 -0.0782852172851563 0.0815277099609375
-0.0391998291015625 -0.222396850585937 -0.1549072265625 0.058013916015625
0.196456909179688 -0.211441040039063 -0.161514282226563 -0.023956298828125
0.298004150390625 -0.091522216796875 -0.157394409179687 -0.06793212890625
0.383209228515625 0.06964111328125 -0.0874404907226562 -0.0160903930664062
0.327117919921875 0.164642333984375 0.0977020263671875 -0.129112243652344
0.305908203125 0.069793701171875 0.139274597167969 0.0522994995117188
0.300537109375 -0.140655517578125 0.2510986328125 -0.00273132324218751
0.113189697265625 -0.22711181640625 0.209503173828125 -0.148681640625
-0.0446319580078125 -0.222015380859375 0.0661773681640625 -0.196792602539063
-0.15679931640625 -0.107620239257813 -0.0662612915039063 -0.124282836914063
-0.193130493164063 -0.00779724121093746 -0.0803985595703125 -0.02655029296875
-0.20587158203125 -0.0146484375 -0.0184116363525391 0.00355148315429688
-0.21087646484375 0.0210723876953125 0.0142135620117187 0.0409393310546875
-0.1845703125 -0.04400634765625 0.0159683227539062 0.0878829956054688
-0.150131225585938 -0.151626586914063 -0.027069091796875 0.0989837646484375
-0.0385894775390625 -0.238037109375 -0.117317199707031 0.0833892822265625
0.215240478515625 -0.21185302734375 -0.137901306152344 0.00153350830078125
0.30487060546875 -0.064239501953125 -0.10498046875 -0.0673294067382813
0.361114501953125 0.110107421875 0.0151214599609375 0.0228462219238281
0.246002197265625 0.196792602539062 0.203567504882813 -0.0570526123046875
0.269989013671875 0.13201904296875 0.202621459960938 0.0858917236328125
0.31866455078125 -0.076751708984375 0.25604248046875 0.0431976318359375
0.152923583984375 -0.20501708984375 0.228851318359375 -0.083404541015625
-0.01678466796875 -0.230453491210938 0.114555358886719 -0.1395263671875
-0.154052734375 -0.123504638671875 0.00782012939453124 -0.0939712524414063
-0.19354248046875 -0.0167236328125 -0.00265502929687501 -0.0328292846679688
-0.206771850585938 -0.019195556640625 0.0490798950195312 -0.00899887084960938
-0.215576171875 0.0176239013671875 0.0829391479492187 0.02850341796875
-0.18841552734375 -0.04541015625 0.0807952880859375 0.0932159423828125
-0.150314331054687 -0.153839111328125 0.0219497680664062 0.112747192382812
-0.025177001953125 -0.23175048828125 -0.078399658203125 0.103752136230469
0.223587036132813 -0.18212890625 -0.11517333984375 0.023468017578125
0.285491943359375 -0.016204833984375 -0.0537223815917968 -0.0671005249023438
0.294097900390625 0.1448974609375 0.106651306152344 0.0649566650390625
0.121109008789063 0.187408447265625 0.277923583984375 0.0137176513671875
0.179031372070312 0.160491943359375 0.245956420898437 0.114013671875
0.2666015625 -0.00384521484375 0.240463256835938 0.079498291015625
0.152725219726563 -0.1422119140625 0.225570678710938 -0.0225372314453125
0.00897216796874999 -0.1910400390625 0.143264770507813 -0.0778961181640625
-0.124664306640625 -0.113754272460938 0.0716323852539062 -0.0606307983398438
-0.163650512695313 -0.02056884765625 0.0697860717773437 -0.0384025573730469
-0.176025390625 -0.021270751953125 0.109725952148437 -0.0217056274414062
-0.190750122070313 0.00935363769531249 0.14569091796875 0.016937255859375
-0.167877197265625 -0.0455474853515625 0.138931274414063 0.0990142822265625
-0.129058837890625 -0.144439697265625 0.0642776489257812 0.130340576171875
-0.00418090820312499 -0.2047119140625 -0.046630859375 0.124755859375
0.216033935546875 -0.131591796875 -0.0994873046875 0.04364013671875
0.24053955078125 0.0407562255859375 -0.0100860595703125 -0.0582313537597656
0.189483642578125 0.168136596679688 0.173736572265625 0.1142578125
-0.02435302734375 0.142166137695313 0.310272216796875 0.061492919921875
0.057220458984375 0.150100708007812 0.265304565429688 0.123214721679688
0.160308837890625 0.052001953125 0.213973999023437 0.0955657958984375
0.113166809082031 -0.0606460571289063 0.211456298828125 0.0166473388671875
0.02392578125 -0.115394592285156 0.154998779296875 -0.032806396484375
-0.0758514404296875 -0.0809402465820313 0.115943908691406 -0.0378036499023438
-0.107826232910156 -0.0189437866210937 0.123001098632813 -0.04486083984375
-0.120216369628906 -0.0189132690429688 0.153289794921875 -0.0313262939453125
-0.140426635742187 -0.000221252441406228 0.195037841796875 0.008209228515625
-0.126266479492187 -0.0413360595703125 0.183624267578125 0.106399536132813
-0.0919647216796875 -0.119216918945313 0.0950927734375 0.152069091796875
0.0145416259765625 -0.155929565429688 -0.0247802734375 0.14892578125
0.183547973632813 -0.068389892578125 -0.095428466796875 0.0643844604492188
0.166595458984375 0.089752197265625 0.0183944702148438 -0.0398750305175781
0.06005859375 0.167861938476563 0.2069091796875 0.1666259765625
0.0705108642578125 -0.126724243164063 -0.2542724609375 -0.153656005859375
-0.074981689453125 -0.08294677734375 -0.0444831848144531 0.0308609008789063
-0.0957183837890625 0.0204010009765625 0.110504150390625 -0.0823440551757813
-0.0246124267578125 0.0860595703125 0.0316162109375 -0.2109375
0.0475082397460938 0.0715179443359375 -0.109115600585938 -0.19635009765625
0.0740737915039063 0.0109710693359375 -0.226043701171875 -0.110122680664063
0.0482368469238281 -0.00267791748046875 -0.235260009765625 0.0194549560546875
0.038177490234375 0.0105857849121094 -0.186141967773438 0.052001953125
0.0378570556640625 0.0145530700683594 -0.15185546875 0.0691375732421875
0.0159149169921875 0.0258045196533203 -0.152862548828125 0.04559326171875
-0.0268955230712891 0.0262527465820313 -0.170791625976563 0.0378265380859375
-0.076141357421875 -0.0155258178710937 -0.210098266601563 -0.00219726562499997
-0.024871826171875 -0.102264404296875 -0.220779418945312 -0.102462768554688
0.0659332275390625 -0.133888244628906 -0.280288696289063 -0.09857177734375
0.147979736328125 -0.115081787109375 -0.329742431640625 -0.0708923339843751
0.20391845703125 -0.079925537109375 -0.221328735351563 -0.186553955078125
0.0475006103515625 -0.0935745239257812 -0.0316905975341797 0.0185356140136719
-0.0126571655273438 -0.0673942565917969 0.137886047363281 -0.0922622680664063
-0.0220317840576172 -0.00784492492675781 0.0550384521484375 -0.23223876953125
-0.00489568710327148 0.00250673294067383 -0.101242065429687 -0.224136352539063
0.000806093215942383 -0.00433778762817383 -0.228713989257812 -0.121063232421875
-0.027923583984375 0.0111675262451172 -0.23626708984375 0.0185699462890625
-0.0432929992675781 0.0111770629882813 -0.1781005859375 0.04840087890625
-0.0432929992675781 0.0179977416992188 -0.144210815429688 0.0706024169921875
-0.0501480102539063 -0.0070343017578125 -0.139678955078125 0.0578536987304687
-0.0592727661132813 -0.0475006103515625 -0.156112670898438 0.0499114990234375
-0.0496063232421875 -0.105804443359375 -0.205184936523437 0.01483154296875
0.079345703125 -0.147308349609375 -0.207275390625 -0.0773468017578125
0.177078247070313 -0.121978759765625 -0.255325317382813 -0.0786743164062501
0.2750244140625 -0.056610107421875 -0.278106689453125 -0.0614471435546875
0.308349609375 -0.00921630859375 -0.145553588867188 -0.199813842773438
0.1746826171875 -0.0749969482421875 0.00902843475341798 0.0159788131713867
0.09429931640625 -0.144927978515625 0.179443359375 -0.0878753662109375
-0.000801086425781251 -0.111839294433594 0.09869384765625 -0.239410400390625
-0.048614501953125 -0.0820770263671875 -0.068206787109375 -0.243118286132813
-0.07391357421875 -0.0312118530273437 -0.204376220703125 -0.1319580078125
-0.10223388671875 0.0175399780273437 -0.209518432617188 0.00978088378906247
-0.120437622070313 0.0104904174804687 -0.14312744140625 0.038421630859375
-0.119216918945312 0.0256500244140625 -0.107681274414063 0.067291259765625
-0.112350463867188 -0.0253829956054688 -0.100685119628906 0.0751266479492188
-0.101524353027344 -0.100143432617188 -0.122566223144531 0.0729751586914063
-0.04742431640625 -0.177703857421875 -0.188400268554688 0.04656982421875
0.14630126953125 -0.197906494140625 -0.19256591796875 -0.043792724609375
0.254470825195313 -0.121612548828125 -0.216812133789062 -0.0620574951171875
0.360504150390625 -0.007415771484375 -0.193588256835937 -0.0376434326171875
0.361053466796875 0.071197509765625 -0.0372772216796875 -0.182540893554688
0.275161743164063 -0.02490234375 0.07318115234375 0.025115966796875
0.207611083984375 -0.185775756835938 0.22479248046875 -0.0637664794921875
0.0417938232421875 -0.199081420898438 0.153411865234375 -0.220657348632813
-0.07098388671875 -0.165054321289063 -0.01324462890625 -0.240570068359375
-0.135589599609375 -0.065216064453125 -0.152069091796875 -0.13336181640625
-0.162689208984375 0.0165557861328125 -0.156509399414063 -0.00314331054687498
-0.1805419921875 0.00831604003906252 -0.0871505737304688 0.0240478515625
-0.177978515625 0.0348358154296875 -0.0505523681640625 0.0578498840332031
-0.16192626953125 -0.0295257568359375 -0.0419769287109375 0.0870285034179687
-0.141448974609375 -0.1285400390625 -0.0748214721679688 0.0941619873046875
-0.05767822265625 -0.222122192382812 -0.157196044921875 0.07794189453125
0.181304931640625 -0.233413696289063 -0.171340942382812 -0.0126190185546875
0.29510498046875 -0.118133544921875 -0.167770385742187 -0.0565643310546875
0.39599609375 0.03619384765625 -0.0897750854492187 -0.00900268554687498
0.346588134765625 0.141693115234375 0.08563232421875 -0.136619567871094
0.318389892578125 0.04498291015625 0.1466064453125 0.046417236328125
0.293212890625 -0.1708984375 0.256591796875 -0.0230560302734375
0.0964813232421875 -0.240066528320313 0.202163696289063 -0.172348022460938
-0.06427001953125 -0.222198486328125 0.05072021484375 -0.2091064453125
-0.168426513671875 -0.0968475341796875 -0.0790557861328125 -0.121772766113281
-0.196624755859375 0.00907897949218746 -0.0845260620117188 -0.017822265625
-0.21319580078125 0.00476074218749996 -0.0197181701660156 0.00638580322265625
-0.212127685546875 0.0398101806640625 0.018280029296875 0.0415687561035156
-0.19049072265625 -0.029693603515625 0.02545166015625 0.0904617309570313
-0.164596557617188 -0.140670776367187 -0.0210800170898437 0.107490539550781
-0.0594482421875 -0.238632202148438 -0.116500854492188 0.100776672363281
0.200302124023438 -0.23687744140625 -0.145492553710938 0.012359619140625
0.30560302734375 -0.0916748046875 -0.115219116210937 -0.0613174438476563
0.378387451171875 0.079071044921875 0.0180091857910156 0.0213623046875
0.266571044921875 0.180953979492187 0.198715209960938 -0.0727386474609375
0.288330078125 0.1124267578125 0.213836669921875 0.0749969482421875
0.318359375 -0.107269287109375 0.265777587890625 0.023834228515625
0.138076782226563 -0.221893310546875 0.228424072265625 -0.107040405273438
-0.0381317138671875 -0.233779907226563 0.105377197265625 -0.1534423828125
-0.167556762695313 -0.112350463867187 0.000198364257812499 -0.0967788696289063
-0.197891235351563 0.000564575195312538 -0.00588417053222657 -0.0317401885986328
-0.213470458984375 0.000778198242187462 0.0484848022460937 -0.0131454467773438
-0.21685791015625 0.0384368896484375 0.0875778198242187 0.021942138671875
-0.194503784179688 -0.02911376953125 0.0923690795898437 0.09002685546875
-0.165481567382812 -0.142074584960938 0.0301742553710937 0.117134094238281
-0.0472412109375 -0.2333984375 -0.0748519897460937 0.117324829101563
0.211029052734375 -0.207855224609375 -0.119766235351562 0.03289794921875
0.290283203125 -0.042388916015625 -0.0639801025390625 -0.0644607543945313
0.31201171875 0.12060546875 0.114128112792969 0.0560836791992188
0.1390380859375 0.1820068359375 0.280059814453125 -0.00650024414062499
0.199142456054687 0.148651123046875 0.2601318359375 0.099853515625
0.272079467773438 -0.029876708984375 0.252609252929688 0.0623626708984375
0.143890380859375 -0.158584594726563 0.23004150390625 -0.043548583984375
-0.00921630859374999 -0.1959228515625 0.139884948730469 -0.0933074951171875
-0.137855529785156 -0.104721069335937 0.0684432983398438 -0.0688858032226563
-0.167404174804688 -0.0050811767578125 0.0675811767578125 -0.0443077087402344
-0.183029174804688 -0.00350952148437501 0.108360290527344 -0.0320053100585938
-0.19329833984375 0.02923583984375 0.15045166015625 0.003662109375
-0.174301147460938 -0.0299072265625 0.1517333984375 0.0895843505859375
-0.144256591796875 -0.133865356445313 0.0752487182617187 0.130851745605469
-0.0244293212890625 -0.20684814453125 -0.0400314331054688 0.135307312011719
0.207931518554688 -0.155868530273438 -0.101112365722656 0.0524978637695312
0.250289916992188 0.018768310546875 -0.0188217163085937 -0.0594978332519531
0.208145141601563 0.154312133789063 0.18585205078125 0.100112915039063
-0.0121002197265625 0.149154663085938 0.317047119140625 0.039031982421875
0.0737457275390625 0.148239135742188 0.279617309570313 0.106918334960938
0.169143676757813 0.0364990234375 0.228927612304688 0.082275390625
0.110183715820312 -0.0734024047851562 0.219818115234375 -0.0015716552734375
0.011993408203125 -0.120803833007812 0.155960083007813 -0.048553466796875
-0.0858078002929688 -0.0744171142578125 0.116592407226563 -0.0491104125976563
-0.111137390136719 -0.00754547119140627 0.120979309082031 -0.056671142578125
-0.125381469726562 -0.00627136230468752 0.152099609375 -0.046539306640625
-0.142898559570313 0.0152435302734375 0.199691772460938 -0.0096282958984375
-0.132133483886719 -0.0287246704101563 0.19842529296875 0.09228515625
-0.105392456054688 -0.110984802246094 0.108444213867187 0.149810791015625
-0.000869750976562489 -0.15997314453125 -0.01544189453125 0.156829833984375
0.179916381835938 -0.08935546875 -0.0948638916015625 0.073486328125
0.179824829101562 0.074310302734375 0.0112648010253906 -0.0431785583496094
0.07659912109375 0.164993286132813 0.224151611328125 0.150833129882813
0.0557479858398437 -0.133094787597656 -0.269485473632813 -0.12506103515625
-0.0857467651367187 -0.0724334716796875 -0.0387916564941406 0.0367622375488281
-0.0934371948242188 0.0331573486328125 0.104873657226563 -0.0936126708984375
-0.01123046875 0.0890045166015625 0.010833740234375 -0.216110229492187
0.0574760437011719 0.0638084411621094 -0.130462646484375 -0.188262939453125
0.07427978515625 0.000213623046875 -0.239669799804688 -0.0867767333984376
0.0460662841796875 -0.00928497314453125 -0.234024047851562 0.0460357666015625
0.0387763977050781 0.00473403930664063 -0.180206298828125 0.074005126953125
0.0387649536132813 0.0083160400390625 -0.1431884765625 0.0858612060546875
0.0184764862060547 0.0213489532470703 -0.14874267578125 0.0629730224609375
-0.0224037170410156 0.0279979705810547 -0.168533325195313 0.0578765869140625
-0.076019287109375 -0.00523376464843751 -0.211212158203125 0.0216217041015625
-0.035369873046875 -0.0983734130859375 -0.234054565429688 -0.081817626953125
0.049713134765625 -0.140792846679688 -0.289459228515625 -0.072052001953125
0.133087158203125 -0.131378173828125 -0.333160400390625 -0.037506103515625
0.193359375 -0.100418090820312 -0.239913940429688 -0.159820556640625
0.0355300903320312 -0.0970458984375 -0.0266933441162109 0.02484130859375
-0.02020263671875 -0.0635910034179688 0.13055419921875 -0.106475830078125
-0.0195980072021484 -0.00415611267089843 0.03131103515625 -0.24029541015625
-0.00162220001220703 0.000937700271606445 -0.125350952148437 -0.215988159179688
-4.19616699218746E-05 -0.00742483139038086 -0.24395751953125 -0.097747802734375
-0.0275802612304688 0.0121555328369141 -0.234451293945312 0.0450439453125
-0.0432472229003906 0.01495361328125 -0.172836303710938 0.0706329345703125
-0.0418319702148438 0.0206794738769531 -0.135406494140625 0.088348388671875
-0.0500564575195312 -0.00490951538085937 -0.134544372558594 0.0740585327148437
-0.0624351501464844 -0.0433120727539063 -0.152557373046875 0.069610595703125
-0.0590286254882813 -0.0991668701171875 -0.205703735351563 0.03912353515625
0.0647430419921875 -0.154953002929687 -0.218368530273438 -0.057891845703125
0.162994384765625 -0.139450073242188 -0.263320922851563 -0.0543060302734375
0.265960693359375 -0.08642578125 -0.281036376953125 -0.0329437255859375
0.306243896484375 -0.040924072265625 -0.166656494140625 -0.180801391601563
0.165069580078125 -0.0918121337890625 0.0135974884033203 0.0188083648681641
0.0780181884765625 -0.152923583984375 0.17242431640625 -0.106048583984375
-0.0101165771484375 -0.109657287597656 0.0743408203125 -0.252853393554687
-0.0551376342773437 -0.0778656005859375 -0.0944976806640625 -0.238662719726562
-0.0769119262695313 -0.0260162353515625 -0.220367431640625 -0.110107421875
-0.100173950195313 0.026824951171875 -0.208694458007813 0.0340423583984375
-0.120368957519531 0.0232391357421875 -0.139495849609375 0.05718994140625
-0.116836547851563 0.0366439819335938 -0.0995330810546875 0.0812149047851563
-0.1142578125 -0.0159683227539063 -0.0924911499023438 0.0879592895507812
-0.109832763671875 -0.0911483764648438 -0.117439270019531 0.0900421142578125
-0.0644378662109375 -0.171890258789063 -0.186233520507813 0.07073974609375
0.126174926757812 -0.213104248046875 -0.201034545898438 -0.0262603759765626
0.240737915039062 -0.147109985351563 -0.223587036132812 -0.041168212890625
0.358154296875 -0.046417236328125 -0.194717407226562 -0.01800537109375
0.36737060546875 0.033843994140625 -0.0576171875 -0.174423217773438
0.272140502929687 -0.0537567138671875 0.0779571533203125 0.02197265625
0.18621826171875 -0.206649780273438 0.219985961914063 -0.0863189697265625
0.0225372314453125 -0.202178955078125 0.130859375 -0.239303588867188
-0.087677001953125 -0.157424926757813 -0.0385589599609375 -0.241592407226562
-0.14117431640625 -0.0527801513671875 -0.167343139648438 -0.1181640625
-0.160308837890625 0.03271484375 -0.156112670898438 0.0154876708984375
-0.18035888671875 0.0288848876953125 -0.0853958129882813 0.0357666015625
-0.173873901367188 0.0532684326171875 -0.0436744689941406 0.0652503967285156
-0.163986206054688 -0.0150146484375 -0.0321121215820313 0.0935134887695313
-0.153106689453125 -0.11474609375 -0.0669784545898438 0.106231689453125
-0.0801239013671875 -0.214675903320312 -0.151641845703125 0.099853515625
0.156265258789063 -0.253097534179688 -0.177520751953125 0.00430297851562498
0.28179931640625 -0.1478271484375 -0.175506591796875 -0.04052734375
0.3983154296875 -0.007843017578125 -0.0891036987304687 -0.000289916992187506
0.36102294921875 0.10565185546875 0.0687408447265625 -0.141311645507813
0.3231201171875 0.011993408203125 0.153045654296875 0.036712646484375
0.274032592773438 -0.202255249023438 0.2559814453125 -0.0477752685546875
0.072509765625 -0.249130249023437 0.184829711914063 -0.196426391601563
-0.087615966796875 -0.214981079101562 0.0284423828125 -0.21697998046875
-0.1776123046875 -0.0803680419921875 -0.0921630859375 -0.114189147949219
-0.194183349609375 0.029296875 -0.0862197875976563 -0.00662231445312502
-0.21337890625 0.0291900634765625 -0.0201969146728516 0.0100021362304688
-0.206893920898438 0.0631561279296875 0.0230789184570312 0.041015625
-0.192031860351563 -0.010345458984375 0.0365753173828125 0.0900039672851562
-0.178024291992188 -0.123641967773438 -0.0117950439453125 0.114204406738281
-0.084228515625 -0.231048583984375 -0.108352661132813 0.118461608886719
0.1744384765625 -0.25885009765625 -0.148666381835938 0.027099609375
0.295166015625 -0.1239013671875 -0.124015808105469 -0.0495834350585937
0.38568115234375 0.03704833984375 0.0202274322509766 0.0186252593994141
0.285858154296875 0.1546630859375 0.188125610351563 -0.0889739990234375
0.300872802734375 0.08160400390625 0.221939086914063 0.0576934814453125
0.30615234375 -0.1431884765625 0.269943237304688 -0.00180053710937501
0.11590576171875 -0.236434936523437 0.2176513671875 -0.132965087890625
-0.0637664794921875 -0.229537963867188 0.0889739990234375 -0.166839599609375
-0.179428100585937 -0.094818115234375 -0.0101165771484375 -0.0980300903320312
-0.19635009765625 0.0223846435546875 -0.00819587707519533 -0.0298709869384766
-0.213851928710938 0.02587890625 0.0458755493164062 -0.0173568725585938
-0.212234497070313 0.06304931640625 0.0897979736328125 0.0136795043945313
-0.195831298828125 -0.00857543945312503 0.103302001953125 0.0810699462890625
-0.179031372070312 -0.123489379882813 0.0416717529296875 0.11883544921875
-0.072113037109375 -0.226882934570313 -0.0654525756835938 0.1309814453125
0.186843872070313 -0.232254028320313 -0.120613098144531 0.0456314086914062
0.28515625 -0.073333740234375 -0.0740509033203125 -0.0584564208984375
0.325225830078125 0.0858154296875 0.118827819824219 0.0437088012695313
0.159454345703125 0.16943359375 0.275466918945313 -0.0322418212890625
0.215850830078125 0.1279296875 0.269744873046875 0.0778350830078125
0.2689208984375 -0.0612335205078125 0.260955810546875 0.0382080078125
0.127227783203125 -0.174972534179688 0.22705078125 -0.06951904296875
-0.0319671630859375 -0.195266723632813 0.130760192871094 -0.110000610351563
-0.14971923828125 -0.0888519287109375 0.0618820190429688 -0.076812744140625
-0.16668701171875 0.0143280029296875 0.0631446838378906 -0.0506515502929687
-0.183425903320313 0.019256591796875 0.10406494140625 -0.04345703125
-0.188583374023438 0.0521697998046875 0.150848388671875 -0.012603759765625
-0.175994873046875 -0.0100250244140625 0.162551879882813 0.07373046875
-0.157501220703125 -0.116607666015625 0.0874557495117187 0.127479553222656
-0.047607421875 -0.203567504882813 -0.02825927734375 0.143936157226562
0.18878173828125 -0.180526733398438 -0.0996627807617188 0.0635452270507812
0.25225830078125 -0.0096893310546875 -0.0288162231445312 -0.0583686828613281
0.224899291992187 0.130950927734375 0.194976806640625 0.079681396484375
0.00506591796874999 0.152008056640625 0.317108154296875 0.00866699218750001
0.0911102294921875 0.140625 0.28936767578125 0.082000732421875
0.173309326171875 0.0147857666015625 0.240081787109375 0.06011962890625
0.101936340332031 -0.0865097045898437 0.221237182617188 -0.025421142578125
-0.00341033935546875 -0.122421264648438 0.15277099609375 -0.0660552978515625
-0.0948562622070313 -0.0634765625 0.112678527832031 -0.0627822875976563
-0.110336303710938 0.00653839111328123 0.114448547363281 -0.0695037841796875
-0.126144409179688 0.0104522705078125 0.145370483398438 -0.063568115234375
-0.140235900878906 0.0335693359375 0.198150634765625 -0.03216552734375
-0.134666442871094 -0.012725830078125 0.209503173828125 0.0709228515625
-0.118034362792969 -0.0973434448242188 0.123626708984375 0.141830444335938
-0.0198211669921875 -0.158676147460938 -0.000915527343749999 0.161972045898438
0.168060302734375 -0.111312866210938 -0.0896453857421875 0.0837249755859375
0.188629150390625 0.0526885986328125 0.00273895263671877 -0.0449981689453125
0.094207763671875 0.157089233398438 0.238479614257813 0.126113891601563
0.03997802734375 -0.134353637695313 -0.2734375 -0.0928192138671875
-0.09136962890625 -0.058990478515625 -0.0311279296875 0.0402297973632812
-0.0866241455078125 0.0439376831054688 0.094970703125 -0.102218627929688
0.00159454345703125 0.086883544921875 -0.0111236572265625 -0.213546752929688
0.0643463134765625 0.0531883239746094 -0.146499633789063 -0.17205810546875
0.0707244873046875 -0.00972747802734375 -0.243209838867188 -0.060272216796875
0.0420112609863281 -0.0148735046386719 -0.2230224609375 0.07025146484375
0.0376319885253906 -0.000202178955078125 -0.16650390625 0.092315673828125
0.037109375 0.00159835815429688 -0.128211975097656 0.0989608764648438
0.0193710327148438 0.0153846740722656 -0.139015197753906 0.0774154663085937
-0.017791748046875 0.0279388427734375 -0.158843994140625 0.0760498046875
-0.0720748901367188 0.00485992431640624 -0.203887939453125 0.0427093505859375
-0.0442123413085938 -0.0900344848632813 -0.2374267578125 -0.058135986328125
0.0316162109375 -0.141250610351563 -0.288360595703125 -0.043701171875
0.112442016601563 -0.141098022460938 -0.32275390625 -0.00506591796874997
0.176727294921875 -0.116683959960937 -0.248062133789063 -0.128936767578125
0.0234909057617187 -0.0958404541015625 -0.0197811126708984 0.0286712646484375
-0.0260162353515625 -0.056854248046875 0.11883544921875 -0.116966247558594
-0.0156116485595703 -0.00212860107421875 0.00657653808593752 -0.238449096679688
0.00052952766418457 -0.000881731510162353 -0.144546508789063 -0.199676513671875
-0.00143718719482422 -0.0102834701538086 -0.249099731445312 -0.0698699951171875
-0.0265846252441406 0.0126228332519531 -0.223190307617188 0.0701141357421875
-0.0412826538085938 0.0181922912597656 -0.160079956054688 0.08892822265625
-0.0397148132324219 0.0221138000488281 -0.121116638183594 0.101142883300781
-0.0493354797363281 -0.00299453735351562 -0.123664855957031 0.0877838134765625
-0.0635871887207031 -0.0375785827636719 -0.142990112304688 0.0860748291015625
-0.064208984375 -0.089141845703125 -0.197189331054688 0.0611114501953125
0.0474853515625 -0.155715942382813 -0.221343994140625 -0.0360565185546875
0.142623901367188 -0.151046752929688 -0.261215209960937 -0.0285949707031251
0.246963500976563 -0.11102294921875 -0.2728271484375 -0.00602722167968753
0.29132080078125 -0.07049560546875 -0.1795654296875 -0.155136108398438
0.149505615234375 -0.104507446289062 0.0186977386474609 0.0199851989746094
0.0597686767578125 -0.154312133789063 0.159561157226563 -0.119659423828125
-0.0177459716796875 -0.104454040527344 0.0476531982421875 -0.2552490234375
-0.0597076416015625 -0.0704574584960938 -0.117355346679688 -0.224884033203125
-0.0771484375 -0.019683837890625 -0.226898193359375 -0.084930419921875
-0.0951995849609375 0.0347671508789063 -0.198501586914062 0.056060791015625
-0.11517333984375 0.03497314453125 -0.129570007324219 0.0718765258789063
-0.110504150390625 0.0457916259765625 -0.0874481201171875 0.091552734375
-0.11248779296875 -0.00740051269531249 -0.080169677734375 0.0963592529296875
-0.115257263183594 -0.0798416137695312 -0.105995178222656 0.103630065917969
-0.078094482421875 -0.159744262695313 -0.175384521484375 0.09197998046875
0.101226806640625 -0.219772338867188 -0.2020263671875 -0.0069122314453125
0.217788696289063 -0.1661376953125 -0.221969604492188 -0.0194854736328125
0.340057373046875 -0.08197021484375 -0.1884765625 0.00148010253906248
0.35986328125 -0.00433349609375 -0.0736083984375 -0.159835815429688
0.257858276367188 -0.0792388916015625 0.0806655883789063 0.017852783203125
0.158309936523438 -0.21917724609375 0.206787109375 -0.105056762695313
0.0040130615234375 -0.197021484375 0.102935791015625 -0.248397827148438
-0.0998687744140625 -0.144622802734375 -0.0634765625 -0.233978271484375
-0.141372680664063 -0.0381622314453125 -0.17596435546875 -0.0978240966796875
-0.151458740234375 0.046905517578125 -0.14935302734375 0.0327606201171875
-0.172775268554688 0.04730224609375 -0.0791702270507813 0.0456695556640625
-0.163589477539063 0.0688018798828125 -0.0344810485839844 0.0696640014648438
-0.160263061523437 -0.000183105468750032 -0.02020263671875 0.0963516235351563
-0.15899658203125 -0.09716796875 -0.05523681640625 0.114776611328125
-0.098480224609375 -0.199844360351562 -0.139083862304688 0.11798095703125
0.125457763671875 -0.262054443359375 -0.176559448242187 0.0218048095703125
0.258087158203125 -0.171615600585938 -0.176406860351562 -0.0229034423828125
0.3841552734375 -0.04937744140625 -0.0851593017578125 0.00803375244140624
0.36083984375 0.067291259765625 0.0514678955078125 -0.139625549316406
0.314544677734375 -0.0208740234375 0.15411376953125 0.025360107421875
0.244598388671875 -0.22418212890625 0.24554443359375 -0.0707244873046875
0.0472564697265625 -0.24847412109375 0.159591674804688 -0.211776733398438
-0.10699462890625 -0.200149536132812 0.00463867187499997 -0.216644287109375
-0.18023681640625 -0.0605926513671875 -0.101905822753906 -0.101943969726563
-0.1844482421875 0.0478363037109375 -0.0832290649414063 0.00373840332031252
-0.204116821289063 0.0519561767578125 -0.018829345703125 0.013458251953125
-0.194183349609375 0.0833740234375 0.0273590087890625 0.038726806640625
-0.186080932617188 0.00785827636718753 0.0462722778320312 0.0849609375
-0.183868408203125 -0.101974487304688 -0.000160217285156251 0.117210388183594
-0.104217529296875 -0.215255737304688 -0.095428466796875 0.132095336914063
0.141036987304688 -0.269546508789063 -0.14642333984375 0.0413360595703125
0.273544311523438 -0.149551391601563 -0.128395080566406 -0.0362777709960937
0.376373291015625 -0.0042724609375 0.0226211547851563 0.0154705047607422
0.294158935546875 0.122344970703125 0.171493530273438 -0.100921630859375
0.301605224609375 0.048492431640625 0.22222900390625 0.0390625
0.28179931640625 -0.17205810546875 0.263931274414063 -0.027252197265625
0.0893402099609375 -0.241790771484375 0.198394775390625 -0.152923583984375
-0.0860443115234375 -0.216278076171875 0.069305419921875 -0.173477172851563
-0.18402099609375 -0.0737762451171875 -0.0197372436523438 -0.0947723388671875
-0.187149047851563 0.041961669921875 -0.00985145568847658 -0.0267276763916016
-0.205276489257813 0.049530029296875 0.0417518615722656 -0.0205421447753906
-0.19818115234375 0.084686279296875 0.089508056640625 0.00468444824218751
-0.189682006835938 0.0116729736328125 0.109947204589844 0.0690383911132813
-0.185745239257813 -0.101333618164062 0.0519561767578125 0.115638732910156
-0.0933990478515625 -0.2119140625 -0.051422119140625 0.139350891113281
0.155685424804688 -0.245986938476563 -0.116874694824219 0.0570068359375
0.269134521484375 -0.101089477539063 -0.0814971923828125 -0.049896240234375
0.32293701171875 0.049591064453125 0.119522094726563 0.029388427734375
0.173141479492188 0.149887084960938 0.261428833007813 -0.0545196533203125
0.22454833984375 0.10186767578125 0.269699096679688 0.053375244140625
0.254913330078125 -0.0898590087890625 0.259552001953125 0.0127105712890625
0.106292724609375 -0.184432983398437 0.213973999023437 -0.092041015625
-0.052703857421875 -0.186111450195313 0.116348266601563 -0.122039794921875
-0.154708862304688 -0.0702056884765625 0.0529556274414062 -0.0818023681640625
-0.158599853515625 0.03216552734375 0.0564422607421875 -0.0548973083496094
-0.176071166992188 0.040802001953125 0.0955657958984375 -0.0523605346679687
-0.1761474609375 0.072662353515625 0.144744873046875 -0.0276336669921875
-0.170364379882813 0.0086517333984375 0.1676025390625 0.0550537109375
-0.164596557617188 -0.0955810546875 0.0981979370117187 0.118721008300781
-0.0679168701171875 -0.191177368164063 -0.01409912109375 0.147720336914062
0.162887573242188 -0.196731567382812 -0.0933837890625 0.0720977783203125
0.2440185546875 -0.0367431640625 -0.0379447937011719 -0.0538673400878906
0.231552124023438 0.103744506835938 0.196563720703125 0.0576324462890625
0.0223236083984375 0.1494140625 0.305999755859375 -0.01885986328125
0.104621887207031 0.126419067382813 0.289276123046875 0.055084228515625
0.169540405273438 -0.0072784423828125 0.241806030273438 0.0362091064453125
0.0894699096679688 -0.095947265625 0.213958740234375 -0.0484161376953125
-0.0177764892578125 -0.117652893066406 0.141998291015625 -0.08160400390625
-0.099884033203125 -0.050079345703125 0.103584289550781 -0.07391357421875
-0.104637145996094 0.0198287963867187 0.103874206542969 -0.0789794921875
-0.120880126953125 0.026031494140625 0.132781982421875 -0.0769805908203125
-0.130867004394531 0.0500259399414063 0.188888549804688 -0.0518798828125
-0.130928039550781 0.00294494628906251 0.211746215820313 0.046478271484375
-0.12457275390625 -0.0805816650390625 0.135108947753906 0.128715515136719
-0.037200927734375 -0.151107788085938 0.014129638671875 0.161026000976563
0.149627685546875 -0.12847900390625 -0.0813369750976562 0.0914154052734375
0.188949584960937 0.0289459228515625 -0.00612640380859374 -0.0438804626464844
0.107864379882813 0.142547607421875 0.24298095703125 0.098297119140625
0.0263519287109375 -0.131202697753906 -0.267669677734375 -0.0656585693359375
-0.0928878784179688 -0.0464096069335937 -0.0236434936523438 0.04156494140625
-0.077667236328125 0.0517501831054687 0.085479736328125 -0.106552124023438
0.0111083984375 0.0813674926757813 -0.0268096923828125 -0.205810546875
0.0668563842773438 0.0432891845703125 -0.15509033203125 -0.155166625976563
0.0651168823242188 -0.0169296264648438 -0.239944458007813 -0.038726806640625
0.037261962890625 -0.0188446044921875 -0.207931518554688 0.0862579345703125
0.0348491668701172 -0.00477790832519531 -0.150772094726563 0.103469848632812
0.0340652465820313 -0.00356674194335937 -0.112754821777344 0.104988098144531
0.0182456970214844 0.0111789703369141 -0.127212524414063 0.0867233276367188
-0.0141792297363281 0.0265350341796875 -0.146469116210937 0.0878448486328125
-0.0652732849121094 0.0117263793945313 -0.1927490234375 0.057861328125
-0.0489959716796875 -0.081329345703125 -0.234039306640625 -0.03887939453125
0.0163421630859375 -0.136199951171875 -0.278533935546875 -0.0215911865234375
0.0937957763671875 -0.1427001953125 -0.30419921875 0.0169677734374999
0.157730102539063 -0.125259399414063 -0.245864868164063 -0.102325439453125
0.0136947631835937 -0.0908279418945313 -0.013397216796875 0.0303955078125
-0.0286331176757813 -0.0498809814453125 0.106887817382813 -0.12200927734375
-0.0121288299560547 -0.0015411376953125 -0.012664794921875 -0.230941772460938
0.0017390251159668 -0.00264978408813477 -0.15618896484375 -0.182052612304687
-0.00294876098632813 -0.0118684768676758 -0.244873046875 -0.0468597412109375
-0.0260086059570313 0.0129795074462891 -0.207412719726563 0.086212158203125
-0.0389900207519531 0.0198783874511719 -0.144622802734375 0.100082397460938
-0.0381088256835938 0.02264404296875 -0.105857849121094 0.107437133789062
-0.0486602783203125 -0.00200271606445312 -0.110923767089844 0.0955429077148438
-0.0632438659667969 -0.0332603454589844 -0.130699157714844 0.0969772338867187
-0.0662765502929688 -0.079437255859375 -0.185104370117188 0.07659912109375
0.033416748046875 -0.151931762695313 -0.217636108398437 -0.0196533203125
0.12347412109375 -0.153717041015625 -0.252593994140625 -0.00938415527343749
0.224716186523437 -0.125152587890625 -0.257598876953125 0.0133209228515625
0.271286010742188 -0.0900726318359375 -0.182601928710937 -0.131057739257813
0.133773803710938 -0.110275268554688 0.0232658386230469 0.0199604034423828
0.044464111328125 -0.15032958984375 0.146102905273438 -0.127593994140625
-0.0220870971679687 -0.0982131958007813 0.0244293212890625 -0.250167846679688
-0.0616111755371094 -0.06396484375 -0.131546020507813 -0.208282470703125
-0.075225830078125 -0.0148696899414062 -0.225372314453125 -0.0626678466796875
-0.0885848999023438 0.0393447875976563 -0.184707641601563 0.0712890625
-0.107856750488281 0.0429306030273437 -0.116851806640625 0.0815658569335938
-0.102394104003906 0.051666259765625 -0.0746536254882812 0.0955429077148438
-0.108650207519531 -0.000740051269531262 -0.0689239501953125 0.100570678710937
-0.1158447265625 -0.0692367553710938 -0.094024658203125 0.111083984375
-0.0852813720703125 -0.146255493164063 -0.161972045898438 0.105331420898438
0.0796661376953125 -0.217330932617187 -0.197967529296875 0.00839233398437502
0.19439697265625 -0.174301147460938 -0.215438842773438 -0.00331115722656252
0.31573486328125 -0.10504150390625 -0.177230834960937 0.0133056640625
0.341766357421875 -0.0316162109375 -0.0823822021484374 -0.1429443359375
0.239166259765625 -0.095123291015625 0.0828018188476563 0.0142440795898437
0.133468627929688 -0.221359252929688 0.192153930664063 -0.116165161132813
-0.00941467285156251 -0.188644409179688 0.0784759521484375 -0.247787475585938
-0.106025695800781 -0.130500793457031 -0.0809783935546875 -0.221221923828125
-0.138282775878906 -0.0274810791015625 -0.177154541015625 -0.079498291015625
-0.141220092773438 0.0554351806640625 -0.138816833496094 0.0444564819335937
-0.162277221679688 0.0602569580078125 -0.0721817016601563 0.052032470703125
-0.150543212890625 0.0784454345703125 -0.0258941650390625 0.0713119506835937
-0.15289306640625 0.0105743408203125 -0.0105209350585938 0.094696044921875
-0.159378051757813 -0.081817626953125 -0.043670654296875 0.118370056152344
-0.108551025390625 -0.183181762695313 -0.124359130859375 0.128898620605469
0.0990142822265625 -0.260009765625 -0.171783447265625 0.0347442626953125
0.232925415039063 -0.183364868164063 -0.17279052734375 -0.00920104980468748
0.36138916015625 -0.077178955078125 -0.0791168212890625 0.0126495361328125
0.350341796875 0.035797119140625 0.0377731323242188 -0.133018493652344
0.299560546875 -0.0443115234375 0.1524658203125 0.015777587890625
0.21453857421875 -0.23419189453125 0.2314453125 -0.086578369140625
0.0261993408203125 -0.240966796875 0.135757446289063 -0.2169189453125
-0.118392944335937 -0.183151245117188 -0.013946533203125 -0.2100830078125
-0.176712036132813 -0.04449462890625 -0.106483459472656 -0.0894927978515625
-0.17169189453125 0.059539794921875 -0.0775833129882813 0.0114974975585937
-0.19146728515625 0.0679168701171875 -0.0166778564453125 0.0162267684936523
-0.17779541015625 0.0952301025390625 0.0304107666015625 0.0367240905761719
-0.176422119140625 0.0208892822265625 0.05224609375 0.07855224609375
-0.1829833984375 -0.084014892578125 0.00971221923828124 0.116325378417969
-0.1160888671875 -0.197158813476563 -0.08074951171875 0.139450073242188
0.112457275390625 -0.269821166992188 -0.141265869140625 0.0524139404296875
0.24957275390625 -0.164443969726563 -0.12847900390625 -0.0252685546875
0.3572998046875 -0.03399658203125 0.0234642028808594 0.0115509033203125
0.2921142578125 0.094818115234375 0.155364990234375 -0.10528564453125
0.292877197265625 0.0228271484375 0.217987060546875 0.0243072509765625
0.254684448242187 -0.188934326171875 0.252182006835938 -0.04498291015625
0.0673370361328125 -0.238296508789063 0.177642822265625 -0.163101196289063
-0.1007080078125 -0.200241088867187 0.0517425537109375 -0.173690795898438
-0.181304931640625 -0.055633544921875 -0.02685546875 -0.0896987915039062
-0.174087524414063 0.054779052734375 -0.0103397369384766 -0.0239830017089844
-0.191543579101562 0.066802978515625 0.03839111328125 -0.0217247009277344
-0.180526733398438 0.098175048828125 0.0864791870117187 -0.00155639648437499
-0.17864990234375 0.02587890625 0.112419128417969 0.0574188232421875
-0.184478759765625 -0.0814666748046875 0.05938720703125 0.110710144042969
-0.10528564453125 -0.193984985351562 -0.038116455078125 0.143280029296875
0.127365112304688 -0.248016357421875 -0.1112060546875 0.0646438598632812
0.249359130859375 -0.118896484375 -0.0849456787109375 -0.041015625
0.311492919921875 0.021148681640625 0.115859985351563 0.0181198120117188
0.179794311523438 0.13092041015625 0.2445068359375 -0.0679168701171875
0.22406005859375 0.0787811279296875 0.263336181640625 0.033843994140625
0.2353515625 -0.108978271484375 0.251510620117188 -0.00624084472656251
0.086883544921875 -0.185256958007813 0.1978759765625 -0.105316162109375
-0.066619873046875 -0.173812866210938 0.101875305175781 -0.127555847167969
-0.153213500976563 -0.0533294677734375 0.044830322265625 -0.0830612182617188
-0.147308349609375 0.0443115234375 0.0507545471191406 -0.0569076538085938
-0.1641845703125 0.0558013916015625 0.08612060546875 -0.0565719604492188
-0.16058349609375 0.085357666015625 0.136695861816406 -0.0373306274414062
-0.16046142578125 0.022674560546875 0.165756225585938 0.0386962890625
-0.164047241210938 -0.0767974853515625 0.10394287109375 0.109771728515625
-0.08074951171875 -0.17626953125 -0.00215148925781249 0.147491455078125
0.137252807617188 -0.2020263671875 -0.0869903564453125 0.07684326171875
0.230194091796875 -0.056396484375 -0.0444679260253906 -0.0479621887207031
0.229263305664063 0.080780029296875 0.190963745117188 0.03912353515625
0.035797119140625 0.141403198242188 0.289215087890625 -0.037109375
0.111953735351563 0.111061096191406 0.281341552734375 0.034149169921875
0.160369873046875 -0.023406982421875 0.236526489257813 0.01763916015625
0.0766525268554688 -0.100082397460938 0.201705932617188 -0.063812255859375
-0.0287246704101563 -0.110397338867188 0.130546569824219 -0.0908737182617187
-0.0997543334960938 -0.0377120971679688 0.0939559936523437 -0.0804290771484375
-0.09649658203125 0.028778076171875 0.0934677124023438 -0.0838699340820313
-0.111778259277344 0.0379562377929687 0.119354248046875 -0.0838775634765625
-0.118766784667969 0.0612258911132813 0.175949096679687 -0.0655059814453125
-0.123725891113281 0.0148696899414063 0.20733642578125 0.0263824462890625
-0.125389099121094 -0.0648040771484375 0.13995361328125 0.115676879882813
-0.0485000610351563 -0.139938354492188 0.0259246826171875 0.15673828125
0.129539489746094 -0.136573791503906 -0.0732269287109375 0.0941314697265625
0.183273315429688 0.009796142578125 -0.0133514404296875 -0.04132080078125
0.1156005859375 0.127616882324219 0.238784790039062 0.0753326416015625
0.01629638671875 -0.127235412597656 -0.259841918945313 -0.0470733642578126
-0.0921478271484375 -0.0360488891601563 -0.01776123046875 0.04156494140625
-0.0699577331542969 0.0561714172363281 0.0783309936523438 -0.108528137207031
0.0174560546875 0.0756072998046875 -0.0380859375 -0.1981201171875
0.068023681640625 0.0353355407714844 -0.159744262695313 -0.142486572265625
0.0594367980957031 -0.0217819213867187 -0.235031127929687 -0.02301025390625
0.0322685241699219 -0.0212345123291016 -0.194656372070312 0.0970458984375
0.0316944122314453 -0.00766944885253906 -0.13702392578125 0.109878540039063
0.030059814453125 -0.00620841979980469 -0.101554870605469 0.106842041015625
0.0163650512695313 0.00715827941894531 -0.117912292480469 0.0920333862304687
-0.0112590789794922 0.0249805450439453 -0.136276245117188 0.095855712890625
-0.0588111877441406 0.0159034729003906 -0.183135986328125 0.0670318603515625
-0.0514297485351562 -0.0737533569335938 -0.229873657226563 -0.026702880859375
0.00557708740234376 -0.129837036132813 -0.2686767578125 -0.00798034667968749
0.079742431640625 -0.141098022460938 -0.288177490234375 0.02947998046875
0.142898559570312 -0.12823486328125 -0.240081787109375 -0.0825042724609376
0.00782775878906251 -0.0853424072265625 -0.00737953186035156 0.0303516387939453
-0.0289688110351562 -0.0440139770507813 0.0986251831054688 -0.124359130859375
-0.00918769836425781 -0.00196075439453125 -0.025665283203125 -0.223480224609375
0.00326204299926758 -0.00484657287597656 -0.162322998046875 -0.167678833007813
-0.00461578369140625 -0.0135059356689453 -0.240692138671875 -0.0308685302734376
-0.0256061553955078 0.0127716064453125 -0.194046020507813 0.0966644287109375
-0.0376396179199219 0.0210418701171875 -0.131729125976562 0.106521606445313
-0.0368881225585938 0.0225906372070313 -0.0943069458007813 0.110107421875
-0.048492431640625 -0.00192642211914062 -0.101753234863281 0.100372314453125
-0.0622215270996094 -0.0306129455566406 -0.120498657226563 0.104171752929688
-0.065399169921875 -0.0718307495117188 -0.174713134765625 0.08599853515625
0.02392578125 -0.146896362304688 -0.214080810546875 -0.00849914550781248
0.108245849609375 -0.1529541015625 -0.243759155273438 0.00257873535156246
0.207061767578125 -0.1319580078125 -0.243942260742188 0.02349853515625
0.253753662109375 -0.101181030273438 -0.181640625 -0.113616943359375
0.121345520019531 -0.111663818359375 0.0274639129638672 0.0196495056152344
0.0342864990234375 -0.145034790039063 0.136001586914063 -0.131370544433594
-0.0242156982421875 -0.093719482421875 0.00936889648437501 -0.243759155273438
-0.0610160827636719 -0.0591773986816406 -0.140182495117188 -0.194305419921875
-0.0733871459960938 -0.012481689453125 -0.221343994140625 -0.04693603515625
-0.083770751953125 0.0413818359375 -0.172622680664062 0.0804290771484375
-0.102218627929688 0.0475997924804687 -0.106964111328125 0.0873794555664063
-0.0967254638671875 0.0545425415039063 -0.0645904541015625 0.0976409912109375
-0.105140686035156 0.00286865234375 -0.0601654052734375 0.10235595703125
-0.114959716796875 -0.0619430541992188 -0.0844802856445313 0.116241455078125
-0.0881500244140625 -0.135841369628906 -0.150238037109375 0.114105224609375
0.064239501953125 -0.212814331054688 -0.19366455078125 0.0182647705078125
0.176483154296875 -0.176712036132813 -0.208511352539063 0.00747680664062495
0.295928955078125 -0.11724853515625 -0.167800903320312 0.0195770263671875
0.325531005859375 -0.049896240234375 -0.0862350463867188 -0.129188537597656
0.224227905273438 -0.104019165039063 0.0841064453125 0.0120162963867187
0.114730834960938 -0.218826293945313 0.180572509765625 -0.122512817382813
-0.017547607421875 -0.179962158203125 0.0609588623046875 -0.244232177734375
-0.108482360839844 -0.119728088378906 -0.09234619140625 -0.21044921875
-0.134323120117188 -0.0202789306640625 -0.17596435546875 -0.065643310546875
-0.132453918457031 0.0596923828125 -0.129791259765625 0.0518035888671875
-0.152450561523438 0.06817626953125 -0.0650100708007813 0.0567512512207032
-0.140792846679688 0.0833282470703125 -0.01904296875 0.0713119506835938
-0.146484375 0.0161895751953125 -0.00375366210937502 0.0924072265625
-0.157608032226562 -0.0718536376953125 -0.0351333618164062 0.120857238769531
-0.112960815429688 -0.170242309570313 -0.112197875976563 0.135536193847656
0.0802459716796875 -0.255477905273438 -0.1673583984375 0.0432281494140625
0.213531494140625 -0.188018798828125 -0.16851806640625 6.10351562499562E-05
0.3406982421875 -0.093841552734375 -0.0740203857421875 0.0143661499023437
0.33856201171875 0.01507568359375 0.0293350219726563 -0.126091003417969
0.285247802734375 -0.059173583984375 0.150955200195313 0.01019287109375
0.191009521484375 -0.237442016601563 0.220550537109375 -0.0945281982421875
0.0132904052734375 -0.233413696289063 0.117813110351563 -0.217330932617188
-0.1241455078125 -0.169387817382813 -0.026947021484375 -0.203475952148437
-0.171966552734375 -0.03369140625 -0.108444213867188 -0.0802001953125
-0.161163330078125 0.0654754638671875 -0.0728683471679688 0.0160140991210937
-0.179901123046875 0.078094482421875 -0.0145969390869141 0.0187320709228516
-0.164016723632813 0.101959228515625 0.0329017639160156 0.0350131988525391
-0.167648315429687 0.0285491943359375 0.0560531616210937 0.0732269287109375
-0.180023193359375 -0.0706329345703125 0.0162353515625 0.116050720214844
-0.12213134765625 -0.182403564453125 -0.0696258544921875 0.144012451171875
0.091705322265625 -0.26544189453125 -0.136756896972656 0.0592498779296875
0.229995727539063 -0.171417236328125 -0.127281188964844 -0.0170516967773438
0.34033203125 -0.05230712890625 0.02313232421875 0.00847816467285156
0.286834716796875 0.0748291015625 0.142715454101563 -0.105606079101563
0.283233642578125 0.004638671875 0.213150024414063 0.0154266357421875
0.232742309570312 -0.196762084960937 0.242202758789063 -0.0563507080078125
0.051666259765625 -0.233840942382813 0.161544799804688 -0.168426513671875
-0.108871459960937 -0.1865234375 0.038970947265625 -0.172271728515625
-0.1766357421875 -0.043182373046875 -0.0308609008789063 -0.0849990844726563
-0.163330078125 0.0621337890625 -0.00984764099121095 -0.0219573974609375
-0.179168701171875 0.0766754150390625 0.0356254577636719 -0.0217628479003906
-0.166152954101563 0.105926513671875 0.0842514038085937 -0.00576782226562499
-0.169204711914062 0.034698486328125 0.112388610839844 0.0489501953125
-0.18109130859375 -0.0677337646484375 0.0648193359375 0.107406616210938
-0.11224365234375 -0.179718017578125 -0.0280609130859375 0.144622802734375
0.106063842773437 -0.245849609375 -0.106918334960938 0.0700149536132812
0.232025146484375 -0.128173828125 -0.08734130859375 -0.0342025756835938
0.30010986328125 0.003173828125 0.112014770507813 0.0107269287109375
0.1817626953125 0.116119384765625 0.229812622070312 -0.0746917724609375
0.220779418945313 0.06231689453125 0.256332397460938 0.022674560546875
0.218399047851563 -0.12091064453125 0.2435302734375 -0.018707275390625
0.0725860595703125 -0.183990478515625 0.184951782226562 -0.11309814453125
-0.07586669921875 -0.162673950195313 0.0896377563476562 -0.130104064941406
-0.150482177734375 -0.0415802001953125 0.0384063720703125 -0.08367919921875
-0.137184143066406 0.0507888793945312 0.046600341796875 -0.0573463439941406
-0.153305053710938 0.06536865234375 0.0791397094726562 -0.0585250854492187
-0.1461181640625 0.093017578125 0.129386901855469 -0.0435943603515625
-0.1513671875 0.031341552734375 0.162567138671875 0.0280303955078125
-0.161849975585938 -0.0631561279296875 0.10760498046875 0.103233337402344
-0.0874481201171875 -0.163040161132812 0.00677490234374999 0.145751953125
0.117538452148438 -0.202590942382812 -0.0821609497070312 0.0802688598632813
0.217422485351562 -0.0691375732421875 -0.0494041442871094 -0.0425186157226563
0.22491455078125 0.06414794921875 0.18499755859375 0.0271759033203125
0.0454483032226563 0.133888244628906 0.27423095703125 -0.0472564697265625
0.114906311035156 0.098724365234375 0.27276611328125 0.0211944580078125
0.150619506835937 -0.0350799560546875 0.23095703125 0.00506591796875
0.0666732788085938 -0.101882934570313 0.191436767578125 -0.0734405517578125
-0.0360031127929688 -0.104011535644531 0.120536804199219 -0.0966796875
-0.0980224609375 -0.028656005859375 0.085968017578125 -0.0839691162109375
-0.0891799926757813 0.0338973999023438 0.0855789184570313 -0.0868301391601563
-0.103477478027344 0.0450668334960938 0.109153747558594 -0.0867538452148438
-0.107337951660156 0.0676803588867187 0.165069580078125 -0.0740509033203125
-0.116172790527344 0.0233230590820312 0.201309204101563 0.012969970703125
-0.124000549316406 -0.053375244140625 0.142669677734375 0.10577392578125
-0.0558700561523438 -0.130157470703125 0.0341644287109375 0.153045654296875
0.114128112792969 -0.139572143554688 -0.067535400390625 0.095977783203125
0.176223754882813 -0.003692626953125 -0.0195274353027344 -0.0374984741210938
0.119758605957031 0.115951538085937 0.232528686523438 0.0586090087890625
0.00872039794921875 -0.124015808105469 -0.254623413085938 -0.0335693359375
-0.0908050537109375 -0.0281906127929688 -0.01324462890625 0.0410995483398437
-0.0632095336914063 0.0597572326660156 0.0740203857421875 -0.111892700195312
0.0223388671875 0.0714950561523438 -0.046417236328125 -0.194137573242188
0.0694122314453125 0.0284805297851563 -0.164886474609375 -0.133682250976563
0.0555648803710937 -0.0257072448730469 -0.233123779296875 -0.0110626220703125
0.0286808013916016 -0.0227432250976563 -0.184890747070312 0.106338500976563
0.0297908782958984 -0.00974655151367188 -0.127250671386719 0.11505126953125
0.02691650390625 -0.00914192199707031 -0.0938949584960938 0.108901977539063
0.0141973495483398 0.00457096099853516 -0.111351013183594 0.09686279296875
-0.0095062255859375 0.0233402252197266 -0.128593444824219 0.102485656738281
-0.0538482666015625 0.0181236267089844 -0.176834106445313 0.074951171875
-0.0531501770019531 -0.0685234069824219 -0.228256225585937 -0.0176544189453125
-0.0024566650390625 -0.124923706054687 -0.26287841796875 0.00152587890625004
0.069793701171875 -0.140380859375 -0.277847290039063 0.0368347167968751
0.131874084472656 -0.130867004394531 -0.237228393554688 -0.067535400390625
0.00376892089843749 -0.081024169921875 -0.00244712829589844 0.0305633544921875
-0.0289115905761719 -0.04010009765625 0.0920791625976563 -0.127975463867188
-0.00687789916992188 -0.00276041030883789 -0.0362548828125 -0.218780517578125
0.0042109489440918 -0.00680065155029297 -0.168106079101562 -0.15771484375
-0.00659751892089844 -0.0145559310913086 -0.2381591796875 -0.0179443359375
-0.0262432098388672 0.0127315521240234 -0.183944702148437 0.105728149414063
-0.0367698669433594 0.0219383239746094 -0.121665954589844 0.112312316894531
-0.0368118286132812 0.0226669311523438 -0.0855941772460938 0.112350463867188
-0.0490531921386719 -0.00145339965820313 -0.0947113037109375 0.104156494140625
-0.0626983642578125 -0.0292282104492187 -0.112937927246094 0.110816955566406
-0.0637588500976562 -0.0680427551269531 -0.167861938476562 0.094207763671875
0.01690673828125 -0.143707275390625 -0.212890625 1.52587890625198E-05
0.09722900390625 -0.151412963867188 -0.237991333007813 0.0115203857421875
0.194229125976563 -0.136566162109375 -0.235031127929687 0.0294342041015625
0.241531372070312 -0.110305786132812 -0.181350708007812 -0.1002197265625
0.112884521484375 -0.112274169921875 0.0315608978271484 0.0188140869140625
0.0272979736328125 -0.142044067382812 0.128646850585938 -0.135726928710938
-0.0255889892578125 -0.0912094116210938 -0.00328063964843749 -0.240249633789063
-0.0611152648925781 -0.0562171936035156 -0.1490478515625 -0.185256958007813
-0.0727386474609375 -0.0107269287109375 -0.220291137695313 -0.03466796875
-0.08099365234375 0.0430984497070313 -0.163375854492188 0.0879669189453125
-0.0984725952148437 0.0516204833984375 -0.0984344482421875 0.0925064086914063
-0.0932998657226563 0.0569076538085938 -0.0567092895507813 0.0992965698242187
-0.104118347167969 0.00540924072265623 -0.0534210205078125 0.104278564453125
-0.115585327148438 -0.0575485229492187 -0.0767745971679688 0.121307373046875
-0.0901565551757813 -0.129745483398438 -0.141708374023438 0.122451782226562
0.053253173828125 -0.210906982421875 -0.19354248046875 0.0263824462890625
0.163955688476563 -0.17852783203125 -0.204452514648437 0.015289306640625
0.28173828125 -0.1270751953125 -0.16162109375 0.0236663818359375
0.314697265625 -0.0628662109375 -0.0891494750976562 -0.119636535644531
0.213531494140625 -0.110107421875 0.0865631103515625 0.00944519042968749
0.1007080078125 -0.21844482421875 0.173599243164063 -0.128280639648438
-0.0233154296875 -0.175933837890625 0.04833984375 -0.242965698242187
-0.110664367675781 -0.113189697265625 -0.102890014648437 -0.202743530273438
-0.131515502929688 -0.0154037475585937 -0.176071166992188 -0.05523681640625
-0.1270751953125 0.0636672973632812 -0.123153686523437 0.0577850341796875
-0.145782470703125 0.07464599609375 -0.0593223571777344 0.06024169921875
-0.133773803710938 0.0879669189453125 -0.0135955810546875 0.0718154907226563
-0.142807006835938 0.0208282470703125 0.00163269042968749 0.0918426513671875
-0.157241821289062 -0.0642547607421875 -0.0281600952148438 0.123741149902344
-0.116317749023437 -0.162246704101563 -0.103317260742188 0.142807006835937
0.066558837890625 -0.253280639648438 -0.166580200195312 0.0504302978515625
0.19903564453125 -0.192108154296875 -0.166641235351563 0.00671386718749997
0.327728271484375 -0.105438232421875 -0.0710830688476562 0.0145950317382813
0.3314208984375 0.000640869140625 0.0236892700195313 -0.121337890625
0.275863647460938 -0.0704498291015625 0.151870727539063 0.0058441162109375
0.174407958984375 -0.24066162109375 0.213546752929688 -0.102584838867188
0.00422668457031252 -0.22845458984375 0.10516357421875 -0.218963623046875
-0.129104614257812 -0.15960693359375 -0.0380706787109375 -0.199127197265625
-0.168930053710938 -0.026153564453125 -0.110107421875 -0.0725021362304688
-0.154312133789063 0.07080078125 -0.069183349609375 0.0195732116699219
-0.17083740234375 0.08636474609375 -0.0123786926269531 0.0203838348388672
-0.154464721679687 0.107192993164063 0.0357131958007812 0.0336151123046875
-0.161834716796875 0.03436279296875 0.0597496032714844 0.0698623657226563
-0.179031372070313 -0.06170654296875 0.0225982666015625 0.117057800292969
-0.126724243164062 -0.173263549804688 -0.0599822998046875 0.149215698242188
0.076904296875 -0.263839721679688 -0.135284423828125 0.0652542114257813
0.216262817382813 -0.177520751953125 -0.128196716308594 -0.010650634765625
0.329437255859375 -0.0660400390625 0.0232868194580078 0.00553512573242187
0.284698486328125 0.060272216796875 0.134498596191406 -0.10546875
0.277481079101563 -0.0080718994140625 0.212142944335938 0.00848388671875
0.21673583984375 -0.204254150390625 0.236770629882813 -0.06500244140625
0.0407867431640625 -0.23162841796875 0.150497436523437 -0.172119140625
-0.115676879882813 -0.17742919921875 0.0282745361328125 -0.17205810546875
-0.17462158203125 -0.0340423583984375 -0.0346145629882813 -0.0821075439453125
-0.155563354492188 0.067657470703125 -0.00945472717285157 -0.0209426879882812
-0.17034912109375 0.0857391357421875 0.0346488952636719 -0.0215854644775391
-0.155441284179687 0.111572265625 0.0833587646484375 -0.00888824462890624
-0.162734985351563 0.0403594970703125 0.113548278808594 0.0426025390625
-0.17926025390625 -0.0572967529296875 0.0701904296875 0.105995178222656
-0.116958618164063 -0.170089721679688 -0.0196990966796875 0.14764404296875
0.091033935546875 -0.245315551757812 -0.105003356933594 0.0744705200195312
0.22039794921875 -0.13629150390625 -0.09033203125 -0.02838134765625
0.293304443359375 -0.009613037109375 0.109947204589844 0.00461578369140625
0.18536376953125 0.104324340820312 0.221176147460938 -0.078857421875
0.219284057617188 0.0502471923828125 0.2545166015625 0.014190673828125
0.20574951171875 -0.129867553710938 0.240554809570312 -0.027740478515625
0.062347412109375 -0.18377685546875 0.175918579101563 -0.11968994140625
-0.0831146240234375 -0.15509033203125 0.0814285278320313 -0.133575439453125
-0.148330688476563 -0.032745361328125 0.0334014892578125 -0.0846633911132813
-0.130393981933594 0.05615234375 0.0435714721679687 -0.0586051940917969
-0.144775390625 0.0736541748046875 0.0746307373046875 -0.0599441528320312
-0.135673522949219 0.09857177734375 0.125160217285156 -0.0486831665039062
-0.145156860351563 0.0379638671875 0.160919189453125 0.0191497802734375
-0.16021728515625 -0.053070068359375 0.111328125 0.0992813110351563
-0.092803955078125 -0.154922485351563 0.0141448974609375 0.146087646484375
0.10345458984375 -0.20416259765625 -0.0797653198242188 0.083343505859375
0.208343505859375 -0.0785369873046875 -0.0533561706542969 -0.0379142761230469
0.223480224609375 0.052825927734375 0.180618286132813 0.0179595947265625
0.0531768798828125 0.127822875976563 0.264968872070313 -0.0542144775390625
0.117774963378906 0.0897445678710938 0.2689208984375 0.0125732421875
0.1435546875 -0.0430755615234375 0.22845458984375 -0.0039215087890625
0.05914306640625 -0.103225708007813 0.18505859375 -0.0808258056640625
-0.04156494140625 -0.098602294921875 0.11346435546875 -0.101974487304688
-0.0967330932617188 -0.021270751953125 0.0803070068359375 -0.0882644653320313
-0.0836105346679688 0.0381011962890625 0.0791702270507813 -0.089202880859375
-0.0969467163085937 0.0513687133789063 0.102462768554688 -0.0891265869140625
-0.0986328125 0.0725631713867188 0.157669067382812 -0.0804443359375
-0.111198425292969 0.0288619995117188 0.1978759765625 0.0024566650390625
-0.123199462890625 -0.0446243286132812 0.145858764648438 0.0992889404296875
-0.0613937377929688 -0.122970581054688 0.041046142578125 0.150527954101563
0.1021728515625 -0.14263916015625 -0.0640869140625 0.0980072021484375
0.170852661132813 -0.0143585205078125 -0.0240821838378906 -0.0344371795654297
0.123176574707031 0.107498168945313 0.229049682617188 0.0472412109375
0.000534057617187502 -0.122642517089844 -0.253311157226563 -0.0178985595703125
-0.0903854370117187 -0.0206756591796875 -0.00843048095703126 0.0415534973144531
-0.0567436218261719 0.0638656616210938 0.0686874389648437 -0.116477966308594
0.0270195007324219 0.068115234375 -0.056427001953125 -0.191650390625
0.0709991455078125 0.0212249755859375 -0.173263549804687 -0.125640869140625
0.0512161254882813 -0.0294570922851563 -0.233963012695312 0.00222778320312497
0.0246982574462891 -0.0240306854248047 -0.176834106445313 0.117401123046875
0.0278491973876953 -0.0119838714599609 -0.118049621582031 0.121688842773438
0.0239448547363281 -0.0103588104248047 -0.0874557495117188 0.112617492675781
0.0125513076782227 0.00293540954589844 -0.105674743652344 0.104560852050781
-0.00756645202636719 0.0219268798828125 -0.121871948242187 0.111366271972656
-0.0491447448730469 0.0207099914550781 -0.172653198242188 0.085968017578125
-0.0557785034179688 -0.0639572143554688 -0.230819702148438 -0.00610351562499997
-0.0100021362304687 -0.120147705078125 -0.260223388671875 0.0128631591796875
0.0602569580078125 -0.141464233398438 -0.271896362304688 0.0452423095703125
0.121971130371094 -0.135986328125 -0.237640380859375 -0.053466796875
-0.000381469726562502 -0.0777206420898438 0.00226402282714844 0.0303745269775391
-0.0288543701171875 -0.0368499755859375 0.0860748291015625 -0.133834838867188
-0.00485134124755859 -0.00354814529418945 -0.0477447509765625 -0.217575073242188
0.00481986999511719 -0.00959205627441406 -0.178268432617188 -0.148605346679688
-0.00879764556884766 -0.0161352157592773 -0.238922119140625 -0.00357055664062496
-0.0274715423583984 0.013519287109375 -0.175949096679687 0.11590576171875
-0.0364799499511719 0.0236015319824219 -0.1126708984375 0.119125366210938
-0.0376701354980469 0.0244865417480469 -0.0777816772460937 0.116325378417969
-0.0507736206054688 -0.00086212158203126 -0.0881423950195313 0.110450744628906
-0.0641098022460937 -0.0270156860351562 -0.10614013671875 0.119476318359375
-0.0641517639160156 -0.0650672912597656 -0.161483764648437 0.10546875
0.010040283203125 -0.14227294921875 -0.216217041015625 0.0111541748046875
0.0878143310546875 -0.152435302734375 -0.23614501953125 0.0220947265625
0.184234619140625 -0.144454956054688 -0.23040771484375 0.036651611328125
0.231842041015625 -0.120819091796875 -0.183349609375 -0.0882110595703125
0.10589599609375 -0.115524291992188 0.0363044738769531 0.0170211791992187
0.0199127197265625 -0.140716552734375 0.1224365234375 -0.142837524414063
-0.028350830078125 -0.090057373046875 -0.016510009765625 -0.239395141601562
-0.0624275207519531 -0.0544090270996094 -0.159622192382812 -0.176681518554688
-0.0733642578125 -0.00870513916015624 -0.22198486328125 -0.0214080810546875
-0.079559326171875 0.0466079711914063 -0.155960083007813 0.0977783203125
-0.0953826904296875 0.0567626953125 -0.0902099609375 0.09869384765625
-0.0911407470703125 0.0616836547851563 -0.049346923828125 0.102340698242188
-0.104965209960938 0.00880432128906248 -0.0469970703125 0.107963562011719
-0.117996215820313 -0.0529022216796875 -0.0685806274414063 0.128913879394531
-0.0941619873046875 -0.125251770019531 -0.133918762207031 0.132514953613281
0.04180908203125 -0.211532592773438 -0.195419311523438 0.0366668701171875
0.152435302734375 -0.183639526367188 -0.203598022460938 0.0243988037109375
0.27227783203125 -0.13958740234375 -0.158401489257812 0.028045654296875
0.30816650390625 -0.078033447265625 -0.0934371948242188 -0.111068725585937
0.205307006835938 -0.1197509765625 0.0906143188476563 0.00576782226562499
0.087371826171875 -0.220703125 0.167449951171875 -0.137649536132813
-0.0304107666015625 -0.173477172851562 0.03460693359375 -0.244873046875
-0.115127563476563 -0.107246398925781 -0.115814208984375 -0.196670532226563
-0.131881713867188 -0.00997161865234377 -0.178878784179688 -0.044097900390625
-0.123291015625 0.0688018798828125 -0.117668151855469 0.0650100708007813
-0.140609741210938 0.082916259765625 -0.0536689758300781 0.0645713806152344
-0.128204345703125 0.0946044921875 -0.00745391845703125 0.0723648071289062
-0.141220092773438 0.0267181396484375 0.00724029541015623 0.09283447265625
-0.160171508789063 -0.0565948486328125 -0.019683837890625 0.128700256347656
-0.122848510742187 -0.155349731445313 -0.093536376953125 0.15142822265625
0.05194091796875 -0.254989624023438 -0.166732788085938 0.0605621337890625
0.18743896484375 -0.199005126953125 -0.1673583984375 0.01507568359375
0.318634033203125 -0.121124267578125 -0.0692520141601562 0.0156745910644531
0.32891845703125 -0.01812744140625 0.017822265625 -0.118438720703125
0.269180297851563 -0.0839385986328125 0.15447998046875 -5.13958706083442E-18
0.158233642578125 -0.247756958007812 0.208770751953125 -0.112930297851563
-0.00685119628906252 -0.228134155273438 0.0925445556640625 -0.22406005859375
-0.136672973632813 -0.152099609375 -0.0514373779296875 -0.197067260742188
-0.168975830078125 -0.0182952880859375 -0.113739013671875 -0.0654144287109375
-0.149185180664063 0.0780181884765625 -0.0661582946777344 0.023529052734375
-0.164352416992188 0.095947265625 -0.00952148437500001 0.0221939086914063
-0.147384643554688 0.115386962890625 0.0391616821289062 0.0316658020019531
-0.158401489257813 0.041656494140625 0.0636749267578125 0.066802978515625
-0.181167602539063 -0.0518341064453125 0.0312118530273438 0.118598937988281
-0.134140014648438 -0.16558837890625 -0.0500335693359375 0.1556396484375
0.061309814453125 -0.265457153320313 -0.135200500488281 0.0740890502929688
0.205459594726563 -0.187026977539063 -0.130714416503906 -0.00328063964843751
0.322906494140625 -0.082366943359375 0.0231037139892578 0.00275611877441406
0.28704833984375 0.0435791015625 0.1280517578125 -0.108200073242187
0.274200439453125 -0.0225677490234375 0.2137451171875 -0.000137329101562501
0.202239990234375 -0.214584350585938 0.234130859375 -0.0768280029296875
0.0284423828125 -0.231903076171875 0.140243530273438 -0.17938232421875
-0.125595092773438 -0.168655395507813 0.0170440673828125 -0.173751831054688
-0.174957275390625 -0.0248870849609375 -0.0393524169921875 -0.0795745849609375
-0.14996337890625 0.0749664306640625 -0.00944900512695314 -0.0203323364257812
-0.163238525390625 0.0959625244140625 0.0342445373535156 -0.0223178863525391
-0.1466064453125 0.11920166015625 0.0841140747070313 -0.0132675170898437
-0.158096313476562 0.048187255859375 0.116302490234375 0.0367050170898438
-0.180633544921875 -0.0473175048828125 0.0774612426757812 0.105003356933594
-0.12457275390625 -0.162643432617188 -0.0098419189453125 0.151565551757813
0.0750885009765625 -0.247817993164063 -0.103492736816406 0.0816574096679687
0.210464477539063 -0.14739990234375 -0.0941009521484375 -0.0220794677734375
0.29058837890625 -0.02459716796875 0.108810424804688 -0.00194549560546875
0.191543579101563 0.0926666259765625 0.214263916015625 -0.0858306884765625
0.219940185546875 0.037200927734375 0.25494384765625 0.0042877197265625
0.195114135742188 -0.14111328125 0.239456176757813 -0.0395355224609375
0.0519561767578125 -0.1864013671875 0.168991088867188 -0.128250122070313
-0.0921630859375 -0.147857666015625 0.072296142578125 -0.138847351074219
-0.148605346679688 -0.0233154296875 0.0283432006835937 -0.0868072509765625
-0.124809265136719 0.0624771118164062 0.0405311584472656 -0.0610504150390625
-0.137733459472656 0.0820083618164063 0.0714569091796875 -0.0626678466796875
-0.126701354980469 0.105430603027344 0.122795104980469 -0.05499267578125
-0.14080810546875 0.045654296875 0.162078857421875 0.010406494140625
-0.160842895507813 -0.042938232421875 0.118698120117187 0.0954666137695313
-0.100326538085938 -0.147857666015625 0.02362060546875 0.148330688476562
0.0891265869140625 -0.208221435546875 -0.077789306640625 0.0892410278320312
0.201492309570313 -0.09027099609375 -0.0586471557617187 -0.0328598022460938
0.225204467773437 0.040374755859375 0.180343627929688 0.008026123046875
0.0613784790039062 0.121971130371094 0.259414672851563 -0.063629150390625
0.121772766113281 0.0810546875 0.268951416015625 0.0020904541015625
0.13751220703125 -0.0521697998046875 0.229461669921875 -0.01519775390625
0.0519943237304688 -0.105789184570312 0.180694580078125 -0.0906829833984375
-0.0480117797851562 -0.0938339233398438 0.106674194335937 -0.109550476074219
-0.0971832275390625 -0.0138397216796875 0.0745925903320312 -0.0932998657226563
-0.0794906616210938 0.0424957275390625 0.073822021484375 -0.0931930541992188
-0.0908050537109375 0.05755615234375 0.0960464477539062 -0.0935592651367188
-0.0905990600585938 0.0780715942382813 0.152053833007812 -0.0892181396484375
-0.107879638671875 0.035400390625 0.197036743164063 -0.0083770751953125
-0.123794555664062 -0.0355377197265625 0.152236938476563 0.0929107666015625
-0.0671157836914063 -0.118331909179688 0.049652099609375 0.150604248046875
0.090789794921875 -0.1474609375 -0.0608901977539063 0.102134704589844
0.167282104492188 -0.0253753662109375 -0.0290164947509765 -0.0307731628417969
0.129371643066406 0.0991897583007813 0.229415893554688 0.03497314453125
-0.0648541199691478 0.0633622441626223 -0.117219396864104 -0.208407562263959
0.0435781452985171 0.0770962723897289 -0.0268294953398697 0.0037229997458473
0.0824765698660949 0.0173844798133975 0.137353397676536 -0.0214358520067411
0.0424417985449901 -0.0566486145608416 0.117977070851028 -0.15133668877504
-0.0211463075288092 -0.0540780017205231 0.00547909824974537 -0.218544528596507
-0.0302792298687519 -0.0136716026631554 -0.111409156162959 -0.194181038206129
-0.0227845233710726 -0.0138692202549008 -0.175013440302951 -0.111501966952142
-0.0192771661650571 -0.0194268027505668 -0.1717673547032 -0.0441834826413184
-0.0141855554156411 -0.0171503465883189 -0.140826188636329 -0.0268914471650939
-0.00165509754207216 -0.0167067040405935 -0.140569930157431 -0.0339663815732577
0.0260902229825377 -0.013221279181114 -0.164399293259121 -0.0530666129192307
0.0553765763381336 0.0209690504338477 -0.163055279639821 -0.117488210586718
0.0169217468295172 0.0844302569503412 -0.11910424537583 -0.1896392387377
-0.0642139752630053 0.0784297170660239 -0.134194942959061 -0.20112677223529
-0.121461108069023 0.0228074894991564 -0.198714261345302 -0.159480790658251
-0.142177578521374 -0.0197570730318722 -0.0871214868078175 -0.198447952577564
-0.0603032851751752 0.0462115131616771 -0.012665798074088 0.0297564053668356
-0.0155081580040466 0.0581944506191702 0.182357041770647 0.00234064400655204
0.00537478836913727 0.0238998722811463 0.167304507319499 -0.156587123020368
0.0075334282376305 0.0158386922841344 0.029628568536763 -0.245802660544061
0.0179159031082337 0.0220599526724244 -0.106885951681923 -0.210009032042483
0.0373526214827387 0.0108524944946287 -0.171327380083568 -0.120348742651172
0.0469830175820479 0.00188999087820389 -0.168119280292729 -0.0472308536909009
0.0506979515106976 0.0121748880692579 -0.137678126783604 -0.0239675986921564
0.0362616088771602 0.0334778801936079 -0.130234229112772 -0.0214307628160801
0.0296423039845024 0.0599493046109285 -0.154149609428211 -0.0350929472616711
-0.0067188497731101 0.0869986564231167 -0.16453515894489 -0.0878285333933324
-0.0823790229374354 0.0989899871226688 -0.122815717996873 -0.158000222688534
-0.147864328209551 0.0264615735004553 -0.138627076488167 -0.168477798342652
-0.187871604141777 -0.0667703729775055 -0.180073168913669 -0.133299170822579
-0.195467990957015 -0.108539393060901 -0.0382067144090577 -0.16064595305452
-0.161654560270707 -0.0092774096727466 0.00941764340354088 0.0757567396802425
-0.130699857155886 0.0847358704772429 0.229273520169098 0.0512617177778945
-0.0508991012616411 0.107192218659063 0.227856541629377 -0.137380173157359
0.0256894412043815 0.0982770396292072 0.0728202888073002 -0.255162668330635
0.0618217468605368 0.0663786775844336 -0.0802875036167387 -0.212347157045212
0.0923511192377893 0.0382443037327181 -0.143583728736714 -0.119056682829176
0.107196807809542 0.0220135027986959 -0.138426280817339 -0.0428081858080508
0.110863441384625 0.0339699165502177 -0.111227714636731 -0.0108847530932682
0.0762917481414937 0.0683148398540844 -0.102058309176785 0.00539468588299239
0.0471777372890246 0.115690012817099 -0.135940779400196 0.000967575336444931
-0.0383618431663266 0.14843683159931 -0.165234374268186 -0.0437578215566934
-0.150088638005927 0.126464615345355 -0.129857768319571 -0.119607978597697
-0.211547057347173 -0.00219421746070979 -0.130212666253363 -0.133511186014435
-0.233015652825854 -0.13428233334002 -0.139920137486207 -0.0857444549475968
-0.213901108930473 -0.186143785879162 0.0205937719221961 -0.0938273004190017
-0.234711013496992 -0.0812222583429541 0.0363481985582588 0.136114684583881
-0.239426518336348 0.0802570100019226 0.260948323600502 0.119192616408092
-0.121724759780349 0.170423271515323 0.281018120795367 -0.0868667798098988
0.0253728142874535 0.176581051741546 0.126256816462641 -0.235202435133744
0.0938756987324424 0.111040438939084 -0.0370599786006881 -0.194127433450541
0.132863731078206 0.0650102965061224 -0.0957417622607609 -0.103358975540319
0.151848785167097 0.0383178511428113 -0.0891473929760765 -0.0308965699583632
0.156884252285792 0.0453928385860364 -0.0654334877111648 0.00811912201319535
0.110553833422224 0.0857143496980423 -0.059650587958294 0.0374519694851129
0.0713263093814386 0.146995891182072 -0.106783276415022 0.0417952030348388
-0.0472126358862811 0.190970977948913 -0.154218920167643 0.00340267926482003
-0.18633131810029 0.150542234518738 -0.130575279942773 -0.0796109593770794
-0.246747489227528 -0.0167587381189826 -0.107548311784954 -0.10474947888317
-0.247831745849473 -0.177197514333029 -0.0831336923722279 -0.0293595352517536
-0.191616375430572 -0.232272849974057 0.0808048281218247 -0.00827993196072054
-0.254937889839965 -0.151971446915063 0.0596241116098346 0.197021620585812
-0.308341864228774 0.0402136414061965 0.260818093901648 0.189572766708076
-0.188286116386516 0.188967620203013 0.304127960395189 -0.0125515744473945
0.00455913024439172 0.226234741428926 0.171039424205914 -0.179889193729592
0.105112691883433 0.144508201990693 0.0153328160830299 -0.152787269657325
0.151683131316472 0.0842333644100612 -0.0356077864526926 -0.0755823026589942
0.17407670902382 0.0487371767809871 -0.02757540387572 -0.0143194604813775
0.18143467205141 0.0501558586902502 -0.00817295044869808 0.0291425431173812
0.130127133766511 0.0905617143002481 -0.00918049439925464 0.0677530640624335
0.0860106253254272 0.157811129676749 -0.0698625346494725 0.0803326589898384
-0.0504140852605689 0.205403595316898 -0.133604248744538 0.0448907028652949
-0.201015054444989 0.151499440821873 -0.123149344336295 -0.0446224145420766
-0.250338135143493 -0.0346734447649293 -0.0767476811834642 -0.0840862829241635
-0.225642154261289 -0.19866080096511 -0.0191853086544185 0.0271979530962931
-0.134162142421111 -0.232428712916196 0.131046168231741 0.0779988068369677
-0.21700459329015 -0.194186061316209 0.0787808205444089 0.244810672648561
-0.31247477551859 -0.0165960663151763 0.229325835892606 0.23972551487317
-0.2211378435345 0.161083349878072 0.287684480288223 0.0619124974607502
-0.0219417707972581 0.230053746901656 0.192987603846236 -0.103293746546288
0.0969560121860677 0.152038020453802 0.0638941751724913 -0.0946144607084905
0.146854466897983 0.0886175510048923 0.0267729360519724 -0.0406307599398952
0.170089183701402 0.050552839925075 0.0356879032945457 0.00424440434419696
0.179822711656922 0.0476016979731695 0.0517702654028805 0.0491364693764483
0.132221720185779 0.0869763169278889 0.0404860876808217 0.0949688863553966
0.0877736014765005 0.153210872933002 -0.0341368893747985 0.114268459505107
-0.0551154357191796 0.195878028529356 -0.110492674636489 0.0791226056223107
-0.202061887680908 0.129453074032731 -0.113350101530978 -0.015232252570078
-0.227704461176543 -0.0603398566513215 -0.0459685603025823 -0.0666122095190469
-0.171012289354831 -0.20280309710235 0.0386574193420004 0.0812280624319918
-0.0549452529243501 -0.185501593327727 0.163105049555108 0.146155408425768
-0.139432875693146 -0.190630504997129 0.0927264127217031 0.267206424212579
-0.25103708357969 -0.0581082146429103 0.182554974509374 0.256038703625983
-0.202883418053871 0.106425692118089 0.243916273623159 0.115190988120738
-0.0373512575082203 0.189357540112192 0.190055907887082 -0.0287405132932711
0.0751017219548106 0.131604102176262 0.10055209296048 -0.0364492614754569
0.119819657032528 0.0758727295548131 0.0809770811500651 -0.00549650920738755
0.14173674253906 0.0443258387530941 0.0922441135308715 0.0205064765164342
0.1532887883167 0.0414457428473041 0.106297784395408 0.0674818731368677
0.116885570790799 0.0772757217409041 0.0831670874364581 0.120871260306594
0.075681006912967 0.135789835580236 -0.00634111089158099 0.147799576490539
-0.0590277057791462 0.166728932346719 -0.0944170417127251 0.107018993414787
-0.187975841868759 0.0908418538346813 -0.107988341741142 0.00788974441836702
-0.183148806248443 -0.0865069358788721 -0.0209035374846299 -0.0481597985262558
-0.09310173328384 -0.18692574603031 0.0799427828130748 0.133263678804522
0.0313070614702416 -0.102720800246583 0.177982644093301 0.177301398587136
-0.0423604964525106 -0.140633697431095 0.106561374316039 0.258120807560485
-0.145123427322994 -0.0680777809154768 0.14123349670212 0.239026310276233
-0.137767273011104 0.0455688559803369 0.197171976182618 0.135305033805683
-0.0360571314865725 0.116023424016361 0.175785548634326 0.0243731049914648
0.0449875097807026 0.0867403481361357 0.122953207153304 0.0068874109900822
0.0751628947552107 0.0487164490077417 0.119651506709526 0.0193484263408574
0.0926833714818039 0.0302499800180266 0.133894182657511 0.0327335250245741
0.105909582001546 0.0291361006015437 0.148350096118858 0.0835522722574094
0.0866766124166631 0.0596890534864707 0.112939149632543 0.14409892741682
0.0542249745852064 0.104307325668701 0.00897623016801456 0.179088259364758
-0.0564035517719396 0.120637074541426 -0.0896579215794455 0.130653198128741
-0.151698277423256 0.0452412796155168 -0.112958694506225 0.0254571702847916
-0.118117465542062 -0.101087286641506 -0.0074277189872098 -0.0303495033518761
-0.00384140809902423 -0.146775117023445 0.0996238616403167 0.178993801451994
-0.0566409857470653 0.0668409121678492 -0.13126644794959 -0.193302059959586
0.0490457383910129 0.0694173141918334 -0.0251490065671702 0.00765896757693691
0.0805524623468698 0.00857922099573335 0.134934452222997 -0.0313358770680394
0.0341243763022624 -0.0581909721080832 0.10537102189258 -0.157743607110771
-0.0269384328816287 -0.0486139476176263 -0.011814991678016 -0.215993181712542
-0.0294107396385546 -0.00927586585844496 -0.126626785854213 -0.182211438810391
-0.0220063735199791 -0.010592843608096 -0.180193817609589 -0.0938209360189474
-0.0200081760436851 -0.0162165174413596 -0.170614911133769 -0.027303237918679
-0.0138203122609369 -0.014046608513637 -0.140162833258092 -0.0152622042563589
-0.00221627693764249 -0.0142302920339402 -0.141125151023871 -0.0211595669695227
0.0234014767576442 -0.0137795547906703 -0.165882146388226 -0.0362864242837921
0.0526898465440628 0.0149136076274362 -0.170496781253999 -0.101453277208424
0.0236173330593876 0.079880835887442 -0.133520649880218 -0.178996575744922
-0.0543090373664561 0.0795866005298768 -0.144510410917838 -0.188049599847886
-0.115482061693743 0.0327538825658531 -0.2033052087566 -0.143036614986901
-0.138305453825768 -0.00807289387607614 -0.100705382627972 -0.185789314817499
-0.0548067446135435 0.0479125613154499 -0.00841395986675049 0.0318760324549007
-0.0111326565139966 0.0563747707917008 0.18029377657545 -0.0114867834901922
0.00445068782055006 0.0227221290223045 0.152329024008463 -0.166681057674289
0.00603771215220824 0.0175487592776366 0.00878509576498654 -0.244585165839756
0.0198018514247163 0.0224720084070225 -0.122864991408632 -0.197356877582493
0.0380088069053757 0.00847123384464675 -0.177193837750175 -0.1024718395442
0.0464316508557267 -0.00131646410611194 -0.167339897713025 -0.0292279206606676
0.0519019923756393 0.00928202768675367 -0.136525014279325 -0.0116725858054853
0.0386916731585166 0.0321641160270002 -0.130187327898884 -0.00930692982387295
0.0329516338847112 0.0578402415063494 -0.155424011756217 -0.0190337567858986
-0.00259661220990156 0.0855530514864952 -0.17008473374975 -0.0708611720176895
-0.0726778750943808 0.101634580919961 -0.135164108064513 -0.147701010445695
-0.140709466168637 0.0351047431626665 -0.147231338444343 -0.156260544052003
-0.187637431343583 -0.0502875544376371 -0.183921598474589 -0.119298076430462
-0.197966314215209 -0.0904740718321021 -0.0505252664192145 -0.152284956718832
-0.157562294717903 0.00202967466732428 0.0172703351069797 0.0754220106131045
-0.120139186290649 0.0915487281065806 0.230105198401077 0.0322032655774979
-0.0436973566724598 0.108166389642966 0.212991818224401 -0.153010296240128
0.0311593358981513 0.0955113395591249 0.0495005697135137 -0.258030542017443
0.0657452217706838 0.0620768145296248 -0.0968435376869114 -0.200933183870193
0.0937622930185176 0.0315653395613424 -0.149689734617919 -0.103110510045657
0.107315243436386 0.0133361590513475 -0.138549550654016 -0.0279091028614822
0.112579777642503 0.0254863968091469 -0.109197388807248 -0.000336630254191943
0.0798822686236367 0.062612634242584 -0.100904980303986 0.0155010146017501
0.0550160162034656 0.110618466789364 -0.135052105997574 0.0149357012465931
-0.0285130832898232 0.148847905560473 -0.166986034267761 -0.027149426944234
-0.136736806681248 0.13530304607538 -0.140403080122134 -0.109162316234064
-0.206093370634812 0.0127310540132899 -0.137044042604976 -0.122905573587185
-0.237523720022074 -0.11315630408395 -0.141603566974749 -0.07549812729489
-0.222715777237459 -0.165309334904454 0.0114080963891328 -0.0910955004543631
-0.234541553978156 -0.0618267857970925 0.0474732422369791 0.13263415417815
-0.226566297500936 0.0970629784627163 0.266316120245028 0.0971780475461678
-0.107675638475167 0.175359295049588 0.268198402318862 -0.107531480982385
0.0373063201048074 0.171468690074204 0.103324630487739 -0.241900553280277
0.100321041341312 0.103014030453319 -0.052312277135028 -0.186822384646492
0.135536385207032 0.0538589859177633 -0.102021817605296 -0.0918766473072993
0.152289224385979 0.0247080240016591 -0.0893973732984945 -0.0205217066900045
0.158336147062463 0.0322052560808059 -0.0627084435644568 0.0153845969503871
0.114509073370993 0.0767542118449059 -0.0558784399164985 0.0433839297814974
0.0812386233006964 0.13896911749237 -0.10274888282952 0.053633362248582
-0.0328841411923121 0.190826406475691 -0.153067111614416 0.0192967252577618
-0.170234329067068 0.161554911519308 -0.138593037781376 -0.0697247344452626
-0.241905786112504 0.00149208302649702 -0.114955882608616 -0.0959625868411758
-0.255519752268133 -0.153744476114897 -0.082450433795905 -0.0246628877381339
-0.205507234245446 -0.21264273947031 0.075953938606975 -0.0125132818418492
-0.260704379857047 -0.129228455579183 0.0750690194560259 0.191341506370165
-0.297758197091014 0.0633748149576856 0.271171102537014 0.166074288914515
-0.171470969277809 0.199294161859432 0.297184600147659 -0.036340586231207
0.0227545331492167 0.221204979156499 0.151411805077625 -0.192009907652121
0.114636858903165 0.133864041744731 0.00231452764885746 -0.150256148768144
0.15485900089516 0.0707547570024968 -0.0407874111457111 -0.0698207653881561
0.174270335219626 0.032575235816251 -0.027955744297564 -0.00940428582967264
0.181381538197489 0.0339617031339308 -0.00450213693814713 0.0310649699072094
0.133889375115058 0.079422241510472 -0.00420320365248667 0.0689664613828564
0.0967326996755127 0.147524312085213 -0.0637488454945487 0.0890274762569498
-0.0340200910302542 0.205596849588359 -0.12902753253922 0.0583929605096677
-0.184501289105149 0.164517021891335 -0.128375234146719 -0.0356132169854741
-0.24716997191333 -0.015205357632902 -0.0844424323406253 -0.0774980937055302
-0.236289236491938 -0.177672742725459 -0.0159727484100171 0.0263363372442228
-0.150596059722252 -0.217161097582366 0.131523741771055 0.0684468549490495
-0.227412594962287 -0.172880040245633 0.0969508286675747 0.236631171939015
-0.305819528930769 0.0101189800562185 0.244708530707112 0.218254772091079
-0.206019263408587 0.17545456553535 0.287217748435831 0.0383788385507271
-0.00187343911043988 0.226930581355629 0.179102488902959 -0.119288382109034
0.10749941165113 0.141438338014141 0.0547619988211767 -0.0976914899731356
0.149871867033423 0.07490093541458 0.0228740596346971 -0.0406689153267744
0.170356820216094 0.0342428020264932 0.0352537121676407 0.00253061192419098
0.178950952625928 0.0309598496689946 0.05538364708416 0.0451638535020671
0.135472002625306 0.0750083212561564 0.0474931822152781 0.0911840257600232
0.0979836774865762 0.141818046184135 -0.0252690206781108 0.119656739947191
-0.0392624951218335 0.196141713961099 -0.103038326269552 0.089942370876088
-0.18641492648356 0.143176561291848 -0.116425991712898 -0.00679509102047182
-0.227045830122919 -0.0413578559061962 -0.0533825560236522 -0.0625264938826287
-0.183688364872511 -0.18550084957521 0.0444988079591474 0.0754754613112399
-0.0699104844495355 -0.177903524503398 0.168250468261192 0.132360895628677
-0.151533938116393 -0.175216729192801 0.110771176163723 0.257800632253882
-0.249948830453507 -0.0348626588751666 0.199907228881196 0.238192041573945
-0.190472194617048 0.1211444735261 0.248860331810153 0.0934699714416605
-0.0198290129632939 0.188220213907172 0.182916002669097 -0.0455961493189397
0.0849726132215639 0.121446747010451 0.0949210277996673 -0.0439666094010491
0.122382247751239 0.063487239568383 0.0793319212334711 -0.0116809744719435
0.141681849163881 0.0302158784872418 0.0917985454985732 0.0130446171103745
0.152217703032851 0.0260871846036169 0.109782878772738 0.0579290518609133
0.119816246604312 0.0656532975869847 0.091385396132258 0.112855931203122
0.0847967036355761 0.125557576995956 0.00539576915363479 0.149139802553371
-0.0451459608784387 0.16715503072554 -0.085168765602129 0.115452575771184
-0.17463266757232 0.104768023963926 -0.108617973158893 0.0154247056745285
-0.186215160697317 -0.0690136093726028 -0.0275281810957241 -0.0456569031752934
-0.106704243771664 -0.176372858949136 0.0889720687298973 0.123528416270443
0.0206151903661993 -0.103030248896578 0.184397827575782 0.162435022204933
-0.0535399375176178 -0.134070616405416 0.123190430444014 0.247030103307264
-0.146728816737998 -0.0522056289118274 0.158586326076919 0.224120624616638
-0.130392791938005 0.0570742149815168 0.205389271439341 0.116975765795727
-0.0237483447678133 0.116243675889829 0.17368488784051 0.00767272198798395
0.0520292017849735 0.0792949168156107 0.12116402062554 -0.00395895521516909
0.0768863543732141 0.039921238104961 0.118737015838472 0.00890807836151684
0.0921611072150653 0.0203141497460367 0.133343600571492 0.020484267271811
0.104544898990896 0.0177083422387247 0.151840663819546 0.0689703755266309
0.0893213207661249 0.0500238409872928 0.122469173279046 0.13204430413032
0.062160721599941 0.0964697149731387 0.0229411578168336 0.177506593170164
-0.0451704519123024 0.122196969887932 -0.0789850641296094 0.137071132720025
-0.142212906452229 0.0573442652734783 -0.112162149352899 0.0332276782121889
-0.123752929649441 -0.0871716545625382 -0.0129514457948902 -0.0297167995846414
-0.0170724256869585 -0.143365696509148 0.112094423537141 0.167669878102622
-0.0475924932922796 0.0680001718760691 -0.139070185475435 -0.174560865084604
0.0516921311332521 0.0609880107504537 -0.0226590180573052 0.0109207448780741
0.0765452037386599 0.0005945460244637 0.129359121817568 -0.0394001207971377
0.0266403238307607 -0.0574730782665987 0.0912947966532826 -0.160499997364723
-0.0309975588365184 -0.0411614035563082 -0.027150242448673 -0.208790362193427
-0.0278309701144845 -0.00502591102401095 -0.136400113470616 -0.166495220538609
-0.0207851925288326 -0.00805919752177146 -0.179302834609524 -0.0756696323560906
-0.0200729807659198 -0.0128686305071414 -0.164331887584258 -0.0127261955711967
-0.0130960696938765 -0.0111923363227668 -0.135921248712258 -0.00499671809355401
-0.00228577093868081 -0.0125254429514476 -0.13853979744081 -0.00876408133337516
0.0206566171563938 -0.013466428921572 -0.162040614575499 -0.0208612728396925
0.0492820682874666 0.0102623873105711 -0.171714475214068 -0.0844679784670806
0.0287947663090774 0.0730049293804685 -0.142478332194942 -0.164893699946649
-0.0451482524705603 0.0777848749355531 -0.149998764006951 -0.173421899804614
-0.106427408094391 0.0400153667933017 -0.201820834041576 -0.126890050367302
-0.131703531375362 0.00127095038245097 -0.110138193385477 -0.168931569887088
-0.0483369834033922 0.0473284853429947 -0.00458723408746678 0.032680047690696
-0.00721131922381674 0.0530597770145317 0.173663426606064 -0.0236970858996555
0.00353929713958434 0.0216159272789164 0.134926900135563 -0.171580280341705
0.00556546633329609 0.0187810230649937 -0.00994191512040867 -0.237548835757081
0.0211878624247648 0.0221316719147217 -0.133029393786226 -0.18071727716881
0.0380964227812433 0.00665477933289153 -0.177597466353814 -0.0833804224904298
0.0451958709814019 -0.00407401634270707 -0.16124039556878 -0.0143962540193767
0.0524640784497158 0.00605135724050505 -0.132002111820762 -0.000874265750967965
0.0403321612721745 0.0299618212395448 -0.126291075514984 0.00206926602413041
0.0351976380903181 0.0548002605021859 -0.150845778902514 -0.0042621283860935
0.00114491787414245 0.0818166455894749 -0.169285086430463 -0.0545295595445323
-0.0623885804850877 0.101821079042367 -0.143458150476908 -0.13464106516935
-0.13152248742121 0.0409660507403965 -0.150842486510463 -0.141898744442342
-0.182172885647977 -0.0350174972963769 -0.18214873453313 -0.105227167241083
-0.195183295568149 -0.0735584038972895 -0.0600568058646793 -0.140294722665598
-0.150027154567922 0.0111843652593597 0.0235245367822897 0.0731312859723692
-0.109051391163233 0.0949691189872126 0.224900160000336 0.0155875921645201
-0.0371697224643866 0.106636162765834 0.193960122030132 -0.162350326948773
0.0354283182125722 0.0909876600223465 0.0280641931450705 -0.252201818506333
0.0677428773320136 0.0568983050129703 -0.108361944552092 -0.186349595087218
0.0926861085698417 0.0244302821303552 -0.151059734601867 -0.0859087801861114
0.104482516932268 0.00489914796317326 -0.133797763560372 -0.0144793608701492
0.111017222477805 0.0165187448741995 -0.104713498165131 0.00879628920956863
0.0820204289221722 0.0565628008897785 -0.0963337679636597 0.0239175446145427
0.0608935909007476 0.103899793515588 -0.130018444148747 0.0285120212525728
-0.0192329325287743 0.145495602280973 -0.163574826889474 -0.0113660717669894
-0.121862740378197 0.138687948508576 -0.14552176588515 -0.0971081182084689
-0.195805688781112 0.0247075069186802 -0.140404779422372 -0.110224626314518
-0.234607514420153 -0.0920687748812112 -0.139713128985446 -0.0653641473333542
-0.224811248115583 -0.142978369620826 0.00344025933515389 -0.0862526995794279
-0.228004450363146 -0.0444690097671651 0.0565309075272465 0.126242547073221
-0.209472630005707 0.108338699702489 0.263998078080325 0.0743943358189741
-0.0937524512024375 0.175914511565489 0.250394896548795 -0.122009133351996
0.0477440028790597 0.162866687123975 0.0786821986986957 -0.241053234342079
0.103185188205802 0.0933393378375305 -0.0641578540302807 -0.175248757777367
0.133789287936431 0.0427552770996998 -0.104079893567887 -0.0788911828478381
0.148374164775908 0.0118237910878502 -0.086483048029171 -0.0107507389877724
0.155100751069737 0.0190076926569287 -0.0585549165099958 0.0207042992352318
0.115494802753052 0.0676002488990006 -0.0508707023765398 0.0478742165399898
0.0876040902353187 0.128535543436565 -0.0960707088206176 0.0639672514831525
-0.0201640869012335 0.18625948236897 -0.146492997024705 0.0325134426226163
-0.151962097267 0.166419936411659 -0.141766017064251 -0.0582414358770461
-0.231469123967342 0.0171443202993122 -0.118169835748843 -0.0857504511081166
-0.255180906169676 -0.129872158393999 -0.0792627169250004 -0.0197411936849975
-0.212491571368349 -0.189740295411111 0.0701502747689352 -0.0146396396452675
-0.257805788045782 -0.107028331313121 0.0865009384423402 0.180486257777491
-0.28020940931654 0.0824596116262774 0.273786748743237 0.141541714392382
-0.152345905231778 0.203860806386566 0.283140585005781 -0.0557457873641486
0.037565486037116 0.210823608168777 0.129429397991417 -0.196981811290329
0.119504547932729 0.121178560020544 -0.00930860923959975 -0.144514072583137
0.153471260393971 0.0571277148591458 -0.0437342487605616 -0.0620092144990614
0.169365143114213 0.0175479326265553 -0.0265390715745293 -0.00514398413216334
0.176570649291277 0.0183493563084639 -0.00145367010496486 0.0315288751066777
0.134207814801378 0.0680618979853473 0.00185740412669598 0.0684157074507201
0.103433942146238 0.135288329105907 -0.0553349384538551 0.0946118857883057
-0.0198112542341639 0.200299254476071 -0.120863931753869 0.0688518799118391
-0.164541786743102 0.170364332877598 -0.130269434971627 -0.0251692187580114
-0.238365841911532 0.00225553963514155 -0.0888696466139258 -0.069209968696796
-0.239546622848451 -0.154147841360676 -0.0132165208088352 0.024967689116154
-0.160209453170054 -0.197955690752892 0.127853805209525 0.0591699534383175
-0.230158372646712 -0.15133595257859 0.109512866578344 0.222835097134137
-0.292297864710339 0.0315962318984385 0.250994659164415 0.193252830060677
-0.186168630883756 0.184152365471072 0.279237070728559 0.0172111810340628
0.0151294774304472 0.218422548589348 0.161004353985594 -0.128720556542448
0.113621630156113 0.128037678693092 0.0449443509392249 -0.0977321302163586
0.149160699900771 0.0611196736099125 0.0193612276364336 -0.0394421312008342
0.165865864804794 0.0190825265046662 0.0347931550211307 0.00113725215389786
0.173372582373725 0.0151818943114401 0.0575233154237983 0.0400429960016272
0.135034979806855 0.062795370872375 0.052940261159665 0.0859322440269929
0.103762386962139 0.12874268520522 -0.0154528012003113 0.121056835368623
-0.023942561095891 0.191557991074261 -0.0941538977428013 0.0973006990416227
-0.167686575129259 0.150655523692973 -0.116480087019033 0.00129096884035553
-0.220313323909017 -0.023258964118784 -0.058242718719849 -0.056488141863544
-0.190089815875095 -0.165474847893272 0.048056221989714 0.0683574222102881
-0.081851281576103 -0.165626115750963 0.167263532087182 0.118352309907759
-0.158013239929858 -0.158565772863898 0.123682594985903 0.242202493952244
-0.241714628998464 -0.0141619109265946 0.209970730001528 0.215931175743248
-0.175013797304459 0.13091928912892 0.246450220365829 0.0729913848297261
-0.00392646128089993 0.181538887642876 0.171006088285554 -0.0584714586053673
0.0910061449232269 0.109635006593323 0.0876281277675472 -0.0489432308021869
0.121242559891606 0.051649759847201 0.0756655251882507 -0.0170048635968605
0.13750190772777 0.017233707733807 0.0887677796383839 0.00661550067379561
0.146930201123767 0.0122566143898369 0.110684672375791 0.0476289077965229
0.119329050169761 0.0541902341596939 0.096776826078459 0.102339737978733
0.0902773794154277 0.112941612277103 0.0160657961512146 0.146973157998208
-0.0311681536535632 0.163974344617188 -0.0746812825597234 0.11953108646493
-0.158603947184436 0.113660117515029 -0.106989258432372 0.0222776338185923
-0.183113912271638 -0.0519365988991661 -0.0326912762894352 -0.0421933098390665
-0.116543743790359 -0.161950149167618 0.0938725303491969 0.112122097907928
0.0109843388507138 -0.100950501107994 0.184821792773379 0.146075068860687
-0.061366332284661 -0.124428654031735 0.134201165111679 0.231535804837064
-0.143988933940159 -0.0372057258558751 0.16950219208933 0.205891536681464
-0.120625252546697 0.0656499224678187 0.206722791378105 0.0984206603036489
-0.0123993523939819 0.113184286050861 0.166916375193272 -0.00643005971271787
0.0561736191561724 0.0701976957743401 0.115890816413303 -0.0132462790298892
0.0759711647222679 0.0311947877176048 0.114719322386145 -0.000225769105408007
0.0887589330916774 0.0109657981932869 0.129084081162324 0.0098361427027277
0.10022361491073 0.00733379283888865 0.151100553813044 0.054834158854682
0.0890303176956541 0.040713609813085 0.127992251017152 0.118152881884396
0.0663698030159448 0.0863172401551787 0.0356300573181915 0.17136506969306
-0.0337646552240221 0.120475214862444 -0.067564688385169 0.139436783219657
-0.130649721707739 0.0663754410358526 -0.107531111628288 0.0396404375052397
-0.124159794913794 -0.0727456065480966 -0.0175926269144378 -0.0272494286354529
-0.0278117509154878 -0.136266068868078 0.119693099248479 0.152606645635681
-0.0201814294091307 0.0785052466860951 -0.184621436209874 -0.111590665301829
0.0680902456818783 0.0344864268873939 -0.0188122694693307 0.0191609308565486
0.0667543311327205 -0.0293911659151941 0.10377741230804 -0.0746017648991204
0.000629486450944745 -0.0604938559823052 0.0318000214174846 -0.174844172011151
-0.0422607537915591 -0.0245609064601013 -0.0934049755985812 -0.180753695191347
-0.0263710437562628 0.00358664982274576 -0.180340100608008 -0.102136627908592
-0.0217007290659273 1.41240088974148E-05 -0.185129628008367 -0.00348261906981659
-0.0216552210317948 -0.00393719293690142 -0.148019467811303 0.0465750386903823
-0.0138604003627993 -0.00533295502307137 -0.123172803675322 0.0422225378482038
-0.00473874992461581 -0.00905521912040898 -0.126487566675012 0.039763190919865
0.0133823960600352 -0.0178086085044406 -0.149810917520618 0.0385483081861648
0.0454421059296006 -0.00674293464494466 -0.182137443331083 -0.0170356518675465
0.0491711828456535 0.0544859061103684 -0.184098873449958 -0.102199325002786
-0.0125606009005934 0.0845404996728661 -0.18832201496568 -0.10997068652056
-0.0802324689046841 0.0707580666185537 -0.215043895565132 -0.0521084557110569
-0.120560836648927 0.0480222215831481 -0.152669085546594 -0.118249155100783
-0.0265892372210466 0.0588090249057572 0.00835777737693817 0.0285116274274829
0.0113686299994826 0.0476565145586954 0.147689189180571 -0.0818403232499801
0.00923376205818285 0.0181534964235618 0.0631059528082707 -0.202074034778174
0.0103431817648075 0.0154920262695607 -0.0903905293528956 -0.210747090558478
0.0256960593001925 0.0116792515260017 -0.184017213881231 -0.114613568701481
0.0366254827606256 -0.00731583021722248 -0.188010911793212 -0.0101904427199801
0.0384860929432616 -0.0180188928945191 -0.145666102429251 0.0458260702330314
0.049417600787375 -0.012322145313346 -0.117919081960368 0.0455938738467684
0.0477583904203304 0.0148176923916704 -0.113359731946525 0.0461314308316703
0.0498923204992358 0.0380551827017376 -0.13612399320654 0.0499318969719473
0.0267513529377485 0.0741594587956018 -0.170107128703889 0.0074540257234604
-0.0223088728228001 0.11075417617615 -0.173983718137796 -0.0750465117623915
-0.102799174126561 0.0807964149736248 -0.178463954526772 -0.0794444095641387
-0.173811883666081 0.0268182713389281 -0.191490942478502 -0.0347133269517501
-0.205253637824682 0.00229679452694547 -0.0941071253811483 -0.108395894468742
-0.13040355494542 0.0627661617462967 0.0515237532065659 0.0517897562486528
-0.0631030147459191 0.121109133993418 0.20555219864173 -0.0704456348324077
0.00482370637605388 0.108287967796973 0.115421808652796 -0.216351834734575
0.0617198784802848 0.0688948386812721 -0.0654206498348035 -0.236594543725516
0.0787744778657469 0.0262505370335126 -0.164762972375271 -0.126861305910741
0.0920822463814845 -0.00952160293557122 -0.167393494162589 -0.0215155536377195
0.093599355323818 -0.030723130085697 -0.122359436965312 0.038166787370327
0.10507160876778 -0.0231278022251857 -0.0901172094037224 0.0456930908964359
0.0937488881751716 0.0246895885196179 -0.0796044153233141 0.0552787648910102
0.0892468408276927 0.0726975999694951 -0.107610446250792 0.0718608148799766
0.0303979111061126 0.137539590202743 -0.150564702606721 0.0435866738641366
-0.0630878258918241 0.163509118030976 -0.163042083564826 -0.0398580441937713
-0.166233297998287 0.0879392574240108 -0.159918055367253 -0.0526550794644149
-0.240859750771924 -0.00757934664385437 -0.141745029173602 -0.0097488001015465
-0.25753147985434 -0.0504461277623307 -0.016759608353302 -0.0796792215811252
-0.220781877663249 0.0419575295322315 0.103510317939387 0.0869740342866958
-0.147524307910788 0.169506661633462 0.26237891109441 -0.0354436405507669
-0.0187364409958422 0.191032503234923 0.176871018489988 -0.203901107242706
0.0983232440493392 0.126969817577538 -0.0194852526682346 -0.244095066033208
0.12342614632277 0.0465461596405276 -0.123111472245071 -0.131152587063598
0.135769021247606 -0.0071754372883023 -0.124356208993137 -0.0315954536882385
0.134758458883807 -0.0393398529939949 -0.0797630916167661 0.0253675188149024
0.143830266307651 -0.0363158358736429 -0.0446158747141136 0.0411530684753469
0.126643811043934 0.0225477395475767 -0.0315592971876856 0.0619985015172206
0.121938330318602 0.0850742738536975 -0.0663360275298558 0.0922187728439583
0.0439510111712907 0.174883068201686 -0.120990978551484 0.0772390072862755
-0.0798471548059165 0.199080630590312 -0.146225041243059 -0.00593633821319913
-0.200589441790733 0.0937660830483956 -0.132523351127651 -0.0357129405123183
-0.273322433973627 -0.0348132917953457 -0.0748900694160064 0.0135166249834911
-0.262152295171154 -0.0969615706979605 0.0678300929463236 -0.0362192230332527
-0.270551026181652 -0.00375583812067615 0.152251653987175 0.126747089294049
-0.21847291624427 0.173297861469017 0.295915469236646 0.0171755508415671
-0.0594785508636091 0.237874644003255 0.22877924879987 -0.158101219649126
0.108042644444459 0.17311470939666 0.0385212356630287 -0.222356850075216
0.147530841510551 0.0654517340587238 -0.0639807475101108 -0.122429108981515
0.158632692901656 -0.00133477638750069 -0.0654704916276042 -0.0389206830136903
0.155289817235914 -0.042016276159118 -0.0261430430144866 0.00975357892275196
0.162129199514691 -0.0449880180366343 0.0100153323410775 0.0313849461218149
0.142906485962913 0.0160324666811166 0.0222653289625116 0.062672486201341
0.137442331905136 0.0850178047625572 -0.0191808081182269 0.106293150284951
0.0496911120885819 0.186554286834144 -0.0859417843260937 0.100986444444454
-0.0893244321991489 0.206902471163829 -0.124441428416215 0.0201838648753069
-0.211648422505943 0.082734752407759 -0.101342754226631 -0.0298463297344082
-0.267724451910494 -0.0617074499406576 -0.00300377564086002 0.0335368672012174
-0.217728701094813 -0.123374672013536 0.143748042480586 0.0127377462075814
-0.261456977111948 -0.0531115340291389 0.187211341055469 0.160409809285845
-0.246597990194455 0.132384900307831 0.296215615026605 0.0720952822273691
-0.0962630757961105 0.232687784399536 0.251194778610127 -0.0922516865253282
0.0913399338817326 0.186750148632871 0.0903688932820857 -0.173111602930664
0.145026693673675 0.0734657729445326 0.000303964990942903 -0.0999192451921065
0.155944989215083 0.00332331838130505 -0.00124673699540486 -0.042106337248994
0.151941139587152 -0.0398913582524797 0.0296744589941786 -0.00690004219612285
0.157859776902534 -0.046554395144193 0.0651199829496771 0.0186345570709737
0.14159984424877 0.0102973184198091 0.0744038018844447 0.0606558150511668
0.135201802516597 0.0785501672221355 0.0248607487897413 0.115875511717418
0.0429913877367248 0.179534230189518 -0.052667831529903 0.11698071845116
-0.0982900143592956 0.190397487341838 -0.103213413652646 0.0400115609466264
-0.204593540253095 0.0550114038148949 -0.0706487172590199 -0.0274670233655887
-0.227614595166674 -0.0878099558310546 0.063421706026986 0.0522572969037533
-0.134186294729426 -0.122597719951252 0.195770111314254 0.0551450683631928
-0.198703822331202 -0.0848436986944814 0.204208543238671 0.17679814876883
-0.21749354940811 0.0747904204135272 0.268463283852992 0.110013579553477
-0.104782301253453 0.182512573908085 0.244454168028308 -0.0298342345113346
0.0626794713663197 0.160920192758015 0.124858866063609 -0.113614131938653
0.119137181588925 0.0644436511479253 0.0561745900449848 -0.0723406218075793
0.127637845423399 0.00391836948430514 0.0573368611873684 -0.0416950549534522
0.126134056573493 -0.0320830646666001 0.0797732579829862 -0.0222308496476115
0.132566695395504 -0.0406388064214606 0.114676630325526 0.00700253659990608
0.123960093854624 0.00692470498294552 0.118813981811467 0.0604068632403041
0.118134847057579 0.0686392256495151 0.0616966153611686 0.126683945137226
0.0278650362610635 0.156899907117932 -0.0276544226503303 0.13060479765219
-0.102031068745178 0.154657126844011 -0.0872449168407985 0.0563076369367168
-0.18034109738278 0.0169667191015113 -0.0442086710312723 -0.0225686280502678
-0.160409745245241 -0.108817271805984 0.116988160557837 0.0747486647172705
-0.0259411515068383 -0.0958138809378016 0.216876740787695 0.0755995364661754
-0.0992385205955898 -0.08931499329564 0.205673547801049 0.167077503787729
-0.139011036587104 0.0192973239794126 0.228371644245815 0.120992948446109
-0.0802293971091922 0.103115429867884 0.219546604825624 0.010457896699205
0.0306690864502181 0.102929149824063 0.142640456695645 -0.0651533448642473
0.0752108606942409 0.0409778760701344 0.0951713418618775 -0.0510206269481683
0.0792602864165999 0.000683981523311743 0.0990888147091284 -0.0418719152893598
0.0813774607359683 -0.0209271778360101 0.116106389419002 -0.0347313300051244
0.0893548125412614 -0.0286849527061184 0.151971254476114 -0.00181669653107133
0.092435073930312 0.00425233468168486 0.152344885572148 0.0633519176162695
0.0875860311755265 0.0525177292402559 0.0883027093920448 0.141689739647205
0.0106488796598855 0.118422613028661 -0.014847897921545 0.145791056329198
-0.0917263458311608 0.102982474528193 -0.0824864352404387 0.0719703770782904
-0.13472097568237 -0.0210051854897046 -0.0263751112226884 -0.0149379079234919
-0.0722417349039748 -0.114481407065059 0.15135253843396 0.0999857323648407
-0.0147803106925769 0.0749463312374185 -0.181250857906316 -0.0999408933288293
0.0656247421311881 0.0294385872315211 -0.0157255661052958 0.0200141847192989
0.060508042556821 -0.0315947985059511 0.0999304149452542 -0.0760710323741502
-0.00297777939915503 -0.0565751510379057 0.0248983180708458 -0.172265249963041
-0.0410143519470429 -0.0189038611720785 -0.098521871063812 -0.17249808975044
-0.0242100472870179 0.0049327603399533 -0.180226515630321 -0.0910346614062808
-0.0198178566507531 0.000818309849022822 -0.178676673050019 0.00472964596589912
-0.0205355951439392 -0.00162016329836293 -0.138808508472523 0.0507071303366774
-0.0127806711775413 -0.00437166775360236 -0.117916386183957 0.0465231005307597
-0.00399416559154749 -0.00754456311614993 -0.120546227433357 0.0447501257325324
0.0120304428340903 -0.0163302289397714 -0.142363911811911 0.0445863690800684
0.0416218272103826 -0.00788971472070511 -0.176947876336661 -0.00822075879652064
0.0486947185869246 0.0491221751540924 -0.183683920418776 -0.0930797302367296
-0.00865003198010293 0.0803752260537365 -0.184458106852488 -0.102388473301922
-0.0731937333334375 0.0707943050557427 -0.20838018347588 -0.0460939461759907
-0.113421013926061 0.0494994058250276 -0.150377280052041 -0.106498555212778
-0.0245330516550466 0.0556554036018309 0.0109991101633699 0.0276168570203175
0.0108924316846549 0.0445506242264361 0.141309128212552 -0.084867525964865
0.00814377963500322 0.0191260614331429 0.0539852332258713 -0.199569654344263
0.0109066124764573 0.0171794942692281 -0.0968755644887075 -0.201009045892598
0.026565861055109 0.0109972641900278 -0.183661187858292 -0.102704526581541
0.0362731744311236 -0.00771736958806128 -0.180818867631784 -0.001620225064779
0.0374152338251745 -0.0186097400152776 -0.136690746651629 0.0504602899709095
0.0481496385838274 -0.0139167242885559 -0.112495257987593 0.0500261028771259
0.0478867464970531 0.0133905930831571 -0.10743687666556 0.0510803003918099
0.0501118929115317 0.0359963847591236 -0.128906685116209 0.0558424616479884
0.0267901129614515 0.0721758271791481 -0.164152320679796 0.0152456750799816
-0.0179189430553095 0.106861563680306 -0.174066429008518 -0.0663007319783597
-0.0967139238981848 0.0799326786974933 -0.175532499600227 -0.0730291723804483
-0.165619043979707 0.0320336774414928 -0.18561646860582 -0.0293337086762082
-0.197284691209367 0.00919754112782853 -0.0942707946268408 -0.0989617208154606
-0.12398856992371 0.0633193937105963 0.0534843802383174 0.0490539746217978
-0.0575132909447802 0.117796044067418 0.197296629382308 -0.0759341646298159
0.00715121484295591 0.1061227462005 0.10394784496475 -0.213883186631275
0.0621539500600171 0.0657463325248234 -0.0742215978059689 -0.225699835318377
0.0784193442682784 0.0237045275035961 -0.165084669693044 -0.115210469160488
0.0898166310785948 -0.0120086259396656 -0.160872588450001 -0.0126283317238536
0.0893093500192099 -0.0333398541368786 -0.114416681904243 0.0427411947262403
0.10104070078822 -0.027622807151205 -0.0845128481293868 0.0491430355472951
0.0926955407140731 0.0217092769680141 -0.0738224444739653 0.0586879524574347
0.0895664010018765 0.0672926655039241 -0.099772448849751 0.0768446133244461
0.0333932947857634 0.133463719391396 -0.14415083094085 0.0500674806902198
-0.0550204580955453 0.160224867923766 -0.16273424688051 -0.0323489389614595
-0.158313656099624 0.0895318091121328 -0.156507997029351 -0.0465866179498774
-0.232445978399526 0.00128983879952699 -0.13727714463316 -0.00687547495789973
-0.249642503624639 -0.0394408490790259 -0.0189252376213445 -0.0735433012118261
-0.212154483278958 0.0464189825058624 0.104530614438812 0.0809213317755563
-0.135620128754616 0.168076697672163 0.252884807402532 -0.0452187524428201
-0.0122498648106437 0.186317855022562 0.164069264881779 -0.203758752660095
0.100097876344669 0.11999565838747 -0.0301010474411558 -0.23491409942573
0.121355139598329 0.041131556690619 -0.124622251674608 -0.120713400561893
0.131957907329141 -0.0117559353109203 -0.119954241484023 -0.0243887678994812
0.128340850591848 -0.0441603368068009 -0.0737108900654954 0.0290725903089038
0.137433796991288 -0.0418861738078714 -0.0404182717285743 0.0426795653994669
0.12448162603727 0.0178993626252262 -0.0268950552885841 0.0628340429093772
0.120975318075817 0.0777126150860533 -0.0583148832059647 0.0952302880060909
0.0483728078592928 0.16873540666646 -0.113779716696264 0.0821698065968809
-0.069783507710828 0.195599517454421 -0.145168706709145 0.00116955750274165
-0.191221281577737 0.0961233749222147 -0.130691361490084 -0.0300318284653201
-0.265091196271039 -0.0238077792051491 -0.0718543156620839 0.0138597924419629
-0.256206361979126 -0.0837781398041472 0.063230002085131 -0.0340918499945985
-0.26139269918554 0.00538274901474675 0.152434477853567 0.118209492830553
-0.203582887984903 0.174876248271736 0.288009740842985 0.00545702879273972
-0.0498656015202576 0.23310640258769 0.215921547871633 -0.161453355045862
0.111364886077182 0.163210648231819 0.0261137147997964 -0.215690514250122
0.145553326563702 0.0579201493020344 -0.0669343601647374 -0.114473982248631
0.153739999236613 -0.00716959009553344 -0.0640519928243231 -0.0339969458778134
0.147865875398391 -0.0479695048831673 -0.0232991187869753 0.011534183914789
0.154409869232879 -0.0508895501549194 0.0120977568218905 0.0303495510889048
0.139030765449337 0.0109656627123294 0.0255227720824538 0.0614763316728888
0.135758355383356 0.0768050036695295 -0.012578440660138 0.106958211978967
0.0547704750284958 0.179603583374345 -0.078482110456927 0.104062253904651
-0.0783628199358065 0.20318014108132 -0.123310885728313 0.0258644440490992
-0.201448000510035 0.0875042230139569 -0.100721776666804 -0.0244518621463183
-0.261607227780279 -0.0497783782715684 -0.0014961606861464 0.030426515663683
-0.215501987813254 -0.110376602767895 0.137800086191952 0.0111027101207835
-0.254987987283221 -0.0423098573256613 0.187573838121283 0.149952235406051
-0.232275631714464 0.137657395968219 0.291209167493265 0.058593163198179
-0.0843603864994683 0.229827458087752 0.24078604561364 -0.0988945867509459
0.0967700887572767 0.17659919215419 0.0784249003790593 -0.170675444556318
0.14338034820279 0.0644584642733125 -0.004090477204384 -0.0959385533572166
0.150551852457068 -0.00313304726026665 -0.00212217058590388 -0.0395735046179467
0.144488349524182 -0.0457184400000644 0.0292187440461501 -0.00694900701399202
0.149707456233632 -0.052356346953859 0.0644842067876287 0.0157079290828863
0.136994724304878 0.00442430906213167 0.0754293072082409 0.0562347253032236
0.132821154922122 0.0699209180567378 0.0306357970599963 0.113950992841021
0.048162148512165 0.172716737183653 -0.0458539554933345 0.118328146960862
-0.0861148372336926 0.188081750706249 -0.101119409300632 0.0445250721060791
-0.194932002370332 0.0610073211167923 -0.0712810430924573 -0.0226104932313334
-0.223920455239332 -0.07585879394866 0.0634919564818651 0.0469038777154167
-0.134896354358497 -0.112153845322502 0.189212834696392 0.0504562499569611
-0.195855077245586 -0.0750239213478445 0.203804988412486 0.166774199294872
-0.206261584959027 0.0812486903503489 0.265361706914579 0.0965747285032213
-0.093049489029919 0.180766461676977 0.236279594109662 -0.0386099798009363
0.0678690377420588 0.152109629675385 0.114421840015419 -0.114944608319849
0.11759969739473 0.0562954358674873 0.0509966987766999 -0.0714729035911773
0.123031009104558 -0.0012980558634429 0.0538673433735511 -0.0422754484756706
0.119955743076533 -0.0373148282161277 0.0762855207041952 -0.0242505426536127
0.124720230092746 -0.0454039010987866 0.111030709546045 0.00186235105331512
0.119561784584561 0.00192794425012786 0.1187952817933 0.0538690022375211
0.115965936130451 0.0605381402298674 0.066805631500139 0.122585083660365
0.0329220515224192 0.150350467024577 -0.0216647983018704 0.130146542397449
-0.0905648627599522 0.152813247558438 -0.0852135423662805 0.0595378206815433
-0.172200549549482 0.0236508518087939 -0.0453668791832447 -0.019097184918066
-0.159991894364881 -0.0981590529943462 0.115765383687972 0.0674232373414344
-0.0298175762659477 -0.090373059293366 0.211191489760899 0.069612256227257
-0.0997481053991542 -0.0815360577463523 0.205409133579774 0.157127778500259
-0.131797904039496 0.0245758158388833 0.226793883397387 0.108411305667587
-0.0722503924166694 0.102886848258039 0.213956196396211 0.0015291973430358
0.0356880151199673 0.096547596113169 0.134054460353159 -0.0696364151201094
0.0733493014457889 0.0345242173901774 0.0900349868239837 -0.0527130790124003
0.0752348838665819 -0.00272491800728249 0.094368606113544 -0.0445091099633669
0.0762718542563711 -0.0246977083057858 0.109575006848637 -0.0379410438691661
0.0829069841272841 -0.0323284182875032 0.146856200567899 -0.00815530710598423
0.088557691588474 -0.000680665273046168 0.150485198918978 0.054935998636518
0.0861546938591322 0.0462402946635687 0.0930209561060122 0.135054324223861
0.0157251357769504 0.113316594974126 -0.00905654433693726 0.144082152944143
-0.0821054918419209 0.102650993012653 -0.0800819939765449 0.0742757084957445
-0.129928067778224 -0.0139164969956715 -0.0278822940491473 -0.0126329415713823
-0.0751203022856003 -0.106751130070438 0.149647245675769 0.0901124614513922
-0.0111784812066777 0.0726175721188356 -0.181097227199164 -0.0910472355460092
0.0643914084110389 0.0244814489485221 -0.0125642480332922 0.0210285044688224
0.0557657769686765 -0.0332895992094281 0.0978959286970827 -0.0794051302887347
-0.00644812031175737 -0.054056452116283 0.0178320746139298 -0.171568697947569
-0.0395808272423896 -0.0143154069484735 -0.104692214341711 -0.167174644497778
-0.022461018021618 0.00643487237407547 -0.182277221587269 -0.082485946318264
-0.018649360440542 0.00210321305763128 -0.174546367038692 0.0119146048794637
-0.019620961020282 3.55851644921398E-05 -0.133076231565703 0.0549138558408932
-0.0121090870710674 -0.00387937224814314 -0.114445097607443 0.0514012409088084
-0.00287676491466173 -0.00661620629721026 -0.116552456535862 0.0498718412645834
0.0115301090999622 -0.0157598973617432 -0.13722231444939 0.0507345974333105
0.0386000094636406 -0.00790340704316836 -0.174091957814868 -0.000218344317433
0.0491042812293483 0.0450388402507229 -0.186506805036432 -0.0852451399333047
-0.00598085285818135 0.0778356204342376 -0.184963564941437 -0.0972104938193757
-0.0671224717341995 0.0713732709327277 -0.206471420948072 -0.0417258198935222
-0.108756773628933 0.0511501885993012 -0.151347059679457 -0.0975853569545532
-0.0230855939677848 0.0536884576971302 0.0137488146074939 0.0277308113341152
0.0104222448276301 0.0426160929562724 0.137691330654835 -0.0894119204358483
0.00689214783077764 0.0202870831569227 0.0459976824939302 -0.198493356767199
0.0125620307306445 0.019087964906727 -0.105145711979343 -0.194459043644024
0.0274536717440161 0.0107503892253767 -0.185292765418953 -0.0933521774235792
0.0365732040688275 -0.00852287125753992 -0.176515864708979 0.00619119425295022
0.0366544605625743 -0.0195697447332352 -0.129832723980786 0.0554620070301468
0.0477201448082433 -0.0158941202687781 -0.107767095615585 0.0547586917769849
0.0488160173722247 0.0126120089376072 -0.103098553848558 0.0559989007286835
0.0507503619816318 0.034574294853513 -0.122807967297013 0.0617857609908599
0.0272184092642683 0.0713779753939552 -0.160956147106051 0.0230692580049335
-0.0145548180883209 0.104619046443453 -0.175994765018372 -0.0588551694348606
-0.0928315934739828 0.0808095120327048 -0.17546783508164 -0.0678424097954256
-0.160195822050785 0.0367266033037267 -0.183019488448154 -0.0259282212365695
-0.192848844227728 0.0150980113598223 -0.0953473921178999 -0.0921567004711756
-0.12063641708316 0.0653276801715402 0.0564130148631799 0.0465446042645975
-0.053096056247301 0.117107195048946 0.193047995216905 -0.0822961419007288
0.00898777562016462 0.105998260415527 0.0944875754414 -0.215373738823453
0.0640368923276902 0.0643474473785145 -0.0835099939026656 -0.219326620040543
0.0785215936937417 0.021280860531489 -0.167294437305986 -0.106317495321128
0.0891326578106867 -0.0148065256821483 -0.157307322965618 -0.0055802730478968
0.0867639455247608 -0.036622931248051 -0.107836166347241 0.0473120406217959
0.0984944060725086 -0.0311702938622368 -0.0799664409449436 0.0528967482070694
0.0933045895909325 0.0186481418583118 -0.0694431539810196 0.0627223055344875
0.091108647077244 0.0638599762872226 -0.0935892449082 0.0821469378688992
0.0366911160100287 0.131644944809585 -0.139802196359244 0.0568013549605
-0.0487525863456181 0.158589513476061 -0.164528324451436 -0.0245038179265554
-0.152923123061771 0.0929208195840987 -0.156587372913383 -0.0415027773813888
-0.227796234682669 0.00955458847690212 -0.134976965344847 -0.0042615725761543
-0.245808583299302 -0.0296000751280581 -0.0206015950956232 -0.0686311872947254
-0.207043679167058 0.05211245558865 0.107443103405493 0.0766565506005371
-0.126861653434842 0.16943561451475 0.248526928040297 -0.0542651321395344
-0.00715641741579701 0.18574545515737 0.15489012887333 -0.206793047510129
0.103700919743845 0.115218558589665 -0.0407889643379337 -0.229072740436658
0.121841516652221 0.0364992768019533 -0.127325097295666 -0.113115308866833
0.129582900214241 -0.0156661628353366 -0.116904407919702 -0.0181794249428218
0.124603996076345 -0.0490622955769233 -0.0691621822247469 0.0320156461921235
0.133066933498525 -0.0476557654882342 -0.036607382057101 0.0446926626330643
0.124131468991397 0.0140826165417454 -0.0222665293635551 0.0642893256954379
0.122496450557368 0.0727206838493975 -0.0518293181185897 0.0991633324574132
0.0533494086987828 0.165362827360535 -0.108539456307667 0.0880461160585475
-0.0610021678172128 0.194401370921232 -0.146641120735048 0.00798873250024856
-0.185037672629857 0.101595307237437 -0.130178699345332 -0.0252658725904533
-0.261956982991778 -0.0138610396636171 -0.0705428851649211 0.0146119379059446
-0.255463574368047 -0.0729900413865304 0.061596648725914 -0.032020235123823
-0.257548187771213 0.0136005213150113 0.155517683380735 0.112217109663181
-0.192885500724686 0.178186929001638 0.284643362629996 -0.00595404015799266
-0.0408206001817577 0.232531171821545 0.20703320439427 -0.167087424804048
0.116297755803208 0.155931693535092 0.015501634525819 -0.2130057748133
0.146034986444262 0.0514968110995927 -0.0703075644346435 -0.109378899486542
0.151315088065191 -0.0124373471689407 -0.0626782318342502 -0.0300818447145673
0.142962737068297 -0.0542739700668451 -0.0204917111836437 0.0132185083511925
0.148374789397133 -0.0577372144705872 0.0145104460240973 0.0303635253655701
0.137824862411322 0.00585697961783541 0.0290530243695166 0.0605055610322331
0.13632041196379 0.0705922903051322 -0.00525411666615532 0.108921888864037
0.0603717610359591 0.175636799876657 -0.0725775113431455 0.108510671230979
-0.0683283571395071 0.202982597712015 -0.123644863658581 0.0324517706258675
-0.19542981602568 0.0934547135822872 -0.100513820995866 -0.0197018572031059
-0.259619160859719 -0.0388748353025407 -0.000785067372851807 0.0288331737278684
-0.21594266005014 -0.100299879011651 0.135962919922047 0.0102914009919107
-0.253149581309061 -0.0335404427358877 0.190845088527481 0.143118277994294
-0.221792381807867 0.143369399988768 0.288736505844938 0.0461162303618736
-0.0743391401490854 0.230518106277176 0.233909961520624 -0.107590489819849
0.102969264335787 0.169085653358288 0.0685639970095302 -0.170854734225404
0.143260579150833 0.0571362277149424 -0.00702656533936049 -0.0931295548945735
0.148526586074535 -0.00859973415214093 -0.00257603353786586 -0.0384209047208376
0.139495122126828 -0.0518098890262509 0.0295780402079108 -0.00713458084146136
0.142797768388961 -0.0587502518552988 0.064648882988777 0.0127824748629484
0.135247941997672 -0.000458090982006417 0.0778350379687268 0.0527496476042884
0.133265070376825 0.0633051246604111 0.0375529537723359 0.113148530984561
0.05410394639362 0.168414235569574 -0.0400516435853936 0.120916087680105
-0.0769108842764482 0.187756489692282 -0.101067780271725 0.0501709102365177
-0.18900499691549 0.0667287022061834 -0.0720013434396679 -0.0186567261386533
-0.223972454336538 -0.0656376690186419 0.0635015029711134 0.0427042362306573
-0.137639422841264 -0.104808156145936 0.187808911191525 0.0468103006289707
-0.196206494107176 -0.0664658270977071 0.207208596114084 0.158412584295971
-0.197784288737924 0.0877669208479336 0.265275057234286 0.0845012437530242
-0.0842800999915401 0.182359882616692 0.231638782273902 -0.0473523989375495
0.0741678731485141 0.14584575572299 0.106952622357564 -0.117520282505974
0.117444749563384 0.0491457553649203 0.0476691094290957 -0.071345676522239
0.119954312801866 -0.006811826085391 0.0512301012287238 -0.0435722974650903
0.115529671126617 -0.0422899003158439 0.0735089946184406 -0.0261543555720209
0.118575779196922 -0.0508871080831827 0.11000428556256 -0.00245460686525336
0.116921532626769 -0.00396574349441247 0.119929823905808 0.0481449044784828
0.115453778167003 0.0538328809288087 0.0727261130128328 0.120062823523235
0.0379737263460691 0.1469412985136 -0.0158266424768758 0.131633020083519
-0.0812108805802916 0.153369888741897 -0.0844127573059382 0.0637250842137733
-0.167904164492188 0.0302673192472338 -0.0464287406545588 -0.0153193638227384
-0.162282417751824 -0.089402777833691 0.116038296080921 0.0610105365064473
-0.033400544378295 -0.0867413936399961 0.208945451960815 0.064934235429705
-0.102171771715396 -0.0763424341015474 0.208038935414306 0.15022221300242
-0.126718678273529 0.0302486614518867 0.228302006591438 0.0980134912054988
-0.0654461876446437 0.104699959179115 0.211686445966473 -0.00811097956489006
0.0401323700351792 0.0915409003077914 0.128175718986865 -0.0743299027749639
0.0726781884444289 0.0289611017454332 0.086379197526616 -0.0551836649199339
0.0723015345659188 -0.00640060719263517 0.0905059601578874 -0.0476664214066584
0.0728395860045215 -0.0279155293002203 0.105976296991303 -0.0416272430624851
0.078425800981974 -0.0360503369236978 0.142980659399359 -0.0141184611268313
0.0857017442911912 -0.00527013749412864 0.150698436501123 0.0475357514237932
0.0859004411356207 0.0399473368093111 0.0981766954826804 0.129884009895056
0.0204213588191026 0.110882810854643 -0.0030525359584304 0.14412807252698
-0.0753830916847021 0.103348622932282 -0.0776344905646535 0.0779500592769965
-0.12664853842736 -0.00763387926339618 -0.0288020956882433 -0.0102535142805713
-0.0796767660199174 -0.100919079520633 0.150948481224762 0.0823791917120918
-0.00699695493354429 0.070373268605706 -0.183922083777364 -0.0792257178877834
0.0631547597015643 0.0195939741076669 -0.00942599293666056 0.0217000849348451
0.0510389955981164 -0.035854630381816 0.0946106019381853 -0.0852139421729096
-0.0107238643801612 -0.0508780196986387 0.00905408890570057 -0.172010625607343
-0.0387233856035262 -0.0101394758316185 -0.114796809708031 -0.160479522342778
-0.0209006556492114 0.00822401680077609 -0.186575708404747 -0.07154089300283
-0.0174282683380729 0.0030194833587219 -0.171834057787073 0.0211426921185926
-0.0180021310934501 0.00152811069175623 -0.1267404970224 0.0608619299969457
-0.0107908310057792 -0.00273943410489916 -0.110173455601024 0.0581082552992262
-0.00223369794747992 -0.00648945969624751 -0.112568533062622 0.0570657811826258
0.010901106112027 -0.0148704450931367 -0.131910011687454 0.0583114211043857
0.0358279476023715 -0.00855355704699023 -0.172224391209023 0.0107199673422665
0.049264944347596 0.0406077523729254 -0.191306337613356 -0.0744737254172435
-0.00219392188010476 0.0761883903797043 -0.188202153331275 -0.0894407723858733
-0.0610292184024758 0.0730303211757863 -0.2059466690936 -0.03439116689543
-0.104298909217285 0.0550091209971289 -0.154180914391413 -0.0877941426970686
-0.0220159714437147 0.0526363707234726 0.0170120681470046 0.0275003443471756
0.0102533264731708 0.0415699385855593 0.133229820740679 -0.0967259284068752
0.00619551773373579 0.0215045263163729 0.0351312225660565 -0.199646619961267
0.0141520913737501 0.0201053916727383 -0.116254870301851 -0.186524624464451
0.0290942131496331 0.010389867853349 -0.18972089872979 -0.0823004691582594
0.036802864692992 -0.0104052698295235 -0.173659250797431 0.0161026765270938
0.0355511345099485 -0.0212617873689644 -0.122935610424647 0.0616397190763542
0.0468598770442268 -0.018578898175468 -0.103165770097129 0.0616409256579843
0.0506816927467232 0.00994332847812506 -0.0980759499944282 0.0629276007998124
0.0528767913190841 0.0324283967002789 -0.117061041614162 0.0695996821161616
0.0296118980317451 0.0708201579568873 -0.15805644070791 0.0333574767403062
-0.00963958902704133 0.103187505459585 -0.180812931107755 -0.0484719479388214
-0.0878515031665473 0.0837609241348904 -0.177368383311351 -0.0605840439394245
-0.155657020345836 0.0438781251885481 -0.182874972465313 -0.0191800938771254
-0.188735828211823 0.0243181285151039 -0.0980039756736401 -0.0841577691296666
-0.117267565285219 0.0691626349026465 0.0597976886462873 0.043617226205669
-0.0479410240172431 0.117702359045141 0.188305082746161 -0.0929464826814923
0.0132587967091523 0.105973240516057 0.0828330574844159 -0.218340591572493
0.0675978168470937 0.0615270204697613 -0.0966728395699457 -0.212009245942082
0.0795985394340612 0.0177314154095994 -0.171656127001641 -0.0951973672695693
0.0882082658926411 -0.0192106554910242 -0.154766210475536 0.00393301757929381
0.0843298903282341 -0.0416991763088118 -0.101034091291835 0.0529256602493631
0.0956546633837443 -0.0371646119858794 -0.0749638368000371 0.0585686610545752
0.0951351228328049 0.0138550191090718 -0.063744424042632 0.0680106351763179
0.0940892952233698 0.0589534416530827 -0.0859018549484365 0.0885265736863705
0.042421769509762 0.13018150463237 -0.134772533129787 0.0669682731454531
-0.0404493674031085 0.159642429916993 -0.16729484540514 -0.0143625029874972
-0.147277550743012 0.0988158730169909 -0.157875610866867 -0.0341630388986728
-0.224363972926875 0.0208906778582073 -0.134385439561517 0.00020433287661961
-0.244389617248486 -0.0170380859300309 -0.0231814500250725 -0.0648217801105777
-0.203038622528871 0.0605551637978411 0.111586977481796 0.0708737471035135
-0.117128015547989 0.173383686659437 0.24407910789058 -0.0678053185356957
0.00186110560277066 0.185407018071484 0.141953558383127 -0.213509909727472
0.109084161392821 0.108444840348672 -0.0548600322455239 -0.223863346521351
0.122752607285714 0.0300298911269467 -0.132168890090351 -0.104485241011731
0.129101745339407 -0.0223358663842481 -0.115629226307111 -0.0107966745691298
0.120564448866717 -0.0562345225155585 -0.0634597999546326 0.0362303446727341
0.128651186296839 -0.0552088561886138 -0.0324617425853449 0.0473722580253327
0.124880769813173 0.00768862709630169 -0.0164460812181365 0.0664463660155214
0.125141930434088 0.0658418396093169 -0.0429526961187422 0.103658105000887
0.0614792866143064 0.162858248677626 -0.101411358389521 0.0962083161817293
-0.050216095145041 0.195660975727724 -0.147844739420627 0.0184419170612577
-0.178466763030044 0.109809214730593 -0.1312359076467 -0.0190115460148179
-0.260126212358554 0.00103908122282995 -0.0690838859443833 0.0160482783347982
-0.256444154589596 -0.0581989709431174 0.0599984100088438 -0.031450296927623
-0.255287525389415 0.0258306757415965 0.161097606562448 0.10402287179666
-0.180769796181869 0.185375735246957 0.282384509050875 -0.0218772733853035
-0.0285431350378904 0.233781080953266 0.196514726303752 -0.177615442479279
0.124376738007541 0.147885134367862 0.000889413209814982 -0.210457364064552
0.147087267492251 0.04260629127203 -0.0752877328779868 -0.10362253285753
0.150197861294235 -0.0205554366794357 -0.06257844375593 -0.0260604244354635
0.13775375849507 -0.0626531227589546 -0.0174893798034343 0.0150440438778523
0.141713437836657 -0.0663044584700312 0.0172410595357134 0.029748466217459
0.137740622023271 -0.00121480962171168 0.0341065950352269 0.0589100958043805
0.138851700100799 0.0618435402511637 0.00353027371984305 0.110146388054139
0.0693868495527885 0.172008754199969 -0.0651960804443042 0.114948060118273
-0.0562154903410756 0.204908016537504 -0.123285276484276 0.0413633532928861
-0.188376740619478 0.102463542199865 -0.102093989173278 -0.0141016277600904
-0.259968507089751 -0.0236074790903968 0.000256966698205098 0.0271953159892608
-0.219223598935187 -0.0872224595955324 0.135640443177257 0.00706999466748124
-0.253501550333303 -0.0204566919384388 0.197486346235627 0.132826085314557
-0.210988886783558 0.153682533670627 0.289079793846847 0.0297924684172725
-0.0617545146442686 0.233407594694191 0.22596683659748 -0.118977898818436
0.11203349846416 0.160438169925587 0.0562696003828341 -0.17171932670024
0.145044536247762 0.0477983431410701 -0.0118420953850119 -0.0909929870732443
0.14630025161779 -0.0170892865652353 -0.00412730090739014 -0.0374674424439378
0.134289829423222 -0.0601977800023703 0.0300910857619574 -0.0078930170661274
0.136240487740635 -0.0673313227303934 0.0659885727774931 0.00964237568293358
0.133960032850281 -0.00819488133960232 0.0818205946231156 0.0480271149272691
0.134457444815284 0.0545457380344856 0.0460782475158616 0.112179335222035
0.0623297075849946 0.164774001685835 -0.0322004112259365 0.125314887558868
-0.0647305289080045 0.189860286492187 -0.0997930417039791 0.0576055972077418
-0.183178672588266 0.0767578637126522 -0.0731770416095247 -0.0136962487314478
-0.226253123466635 -0.0517507747007704 0.0645146471406596 0.0381649767316696
-0.141976882965511 -0.0953134902918465 0.188613774151363 0.0410695228181909
-0.198998215179376 -0.0556147047759755 0.214587076758173 0.148832641752111
-0.189870915987381 0.098064993742626 0.268212435128464 0.0690759641894172
-0.0732101103405618 0.185935000435896 0.227285803576873 -0.0603512665836414
0.0822294460359517 0.138158756237991 0.0976352524839523 -0.121893107062823
0.117983498521821 0.040278985498101 0.0439720144006413 -0.0723116278015989
0.118051246483597 -0.0136411028477936 0.0490413314479058 -0.0455684244902342
0.110183706712356 -0.0498609936581133 0.0717729648123221 -0.0291921985102643
0.11260758974865 -0.0576207902034906 0.108702884422735 -0.00896976779296246
0.115222326991838 -0.0101817850758786 0.122928035645242 0.0403192458394473
0.116220910554388 0.0460420219834234 0.0811696237823509 0.115925299863698
0.0462077645859528 0.143638059293409 -0.00751656003207331 0.134302958860317
-0.0705532396263702 0.15581129397657 -0.0818184069910796 0.0701581539643626
-0.163568420851707 0.0392728190731127 -0.0474764199434883 -0.0115011916064648
-0.166192945119169 -0.0784642232614512 0.11780225786564 0.0528777215144539
-0.0386941472321684 -0.0834187043107465 0.210066749730936 0.0578257321131854
-0.106255425833299 -0.0697092044815614 0.215346856161138 0.140804954738928
-0.122143658837734 0.0369775875801041 0.232399369963413 0.0848748930428811
-0.0580265683509953 0.106929051725931 0.210033008530668 -0.0210695718255976
0.0452627855435492 0.086398774380421 0.122065862257653 -0.0806359401201847
0.0724301976067311 0.022564000146596 0.0826631060295742 -0.0584454933095633
0.0701982371912416 -0.0109907180282742 0.0863165592018134 -0.0516886521435997
0.0688254399085864 -0.0325071322274235 0.101368017946406 -0.0458052270877149
0.0728879175258084 -0.0404913510559491 0.140566187765 -0.0228422704446484
0.083636259091721 -0.0112127547607422 0.152316484717925 0.0378178030833846
0.0862660525988962 0.0334358355275879 0.106433332240295 0.124029830738945
0.0273219210408957 0.107920319832206 0.00527566531173527 0.145250947934427
-0.0666081831663524 0.105856319440095 -0.074321066843725 0.0834053808549804
-0.124767300269087 -2.56830403657665E-05 -0.0302746269138956 -0.00730909560143274
-0.0855020626512965 -0.0944269370075704 0.153230143126262 0.0723153214411399
-0.00170378900381446 0.0679990139825161 -0.184851068081202 -0.0644309420902253
0.0616164064926964 0.0138023832427179 -0.00573278480396732 0.021470005665647
0.0447276046631767 -0.0377797487035459 0.0889388662067777 -0.0911968598343518
-0.0147368226838532 -0.0475275852922018 -0.00332345180878526 -0.17000234096746
-0.0369734471066742 -0.00518509115585988 -0.12510118303267 -0.149461385471683
-0.0189079270568183 0.00971292749198725 -0.18938012598884 -0.0552387274752263
-0.0160835209372264 0.00426789131926803 -0.165683242999989 0.0333409402004028
-0.0165211174145964 0.00346707862574928 -0.11829864900942 0.0671186359628837
-0.0100371440773132 -0.00158746635927755 -0.102807355977458 0.066038574367397
-0.00184568194064462 -0.00566898956015288 -0.105065795045109 0.0651965898979698
0.0101787182591309 -0.0147789152572965 -0.123557645622495 0.0671860722652711
0.0332213726789983 -0.0102980237899477 -0.166931803377015 0.0236160852402967
0.0496127656069445 0.0353651107691524 -0.194144759246863 -0.0601316862491045
0.00342345444656646 0.0728992727729573 -0.190620317476365 -0.0774808475968852
-0.0529593418827666 0.0742225342061186 -0.204127334802398 -0.0234274874925409
-0.0978440338038896 0.0599373670631493 -0.155062535198053 -0.0743067994984193
-0.0191596885961822 0.0518101954066994 0.0201086437868569 0.0250119107958695
0.0107349080950399 0.039687118243568 0.125283508751489 -0.105017758434005
0.00666757488856446 0.0230937196473688 0.0210788241114323 -0.19836659805877
0.0163206057039324 0.0205018314005825 -0.127884272599111 -0.174431636082738
0.0299961908319126 0.00855447564835974 -0.192636226116369 -0.0655829420258396
0.036559561407104 -0.0129130611762637 -0.167864701960601 0.0284119765322547
0.0344565280606591 -0.0230377846961526 -0.11337966850549 0.0684214437490862
0.0447750115936356 -0.0216769022662361 -0.0949992639922391 0.0692851824215585
0.051401309057762 0.00672358006962999 -0.0904701150123589 0.0698271623766243
0.0545921798162128 0.0283125878569076 -0.107989879131166 0.0778000554974249
0.0330935558856974 0.0692188783814801 -0.151535855818206 0.0459489977866851
-0.00395857103948647 0.100895304526442 -0.182204835612752 -0.0340394145514684
-0.0804050876335213 0.0863080023364394 -0.178102787562991 -0.0495723498530287
-0.14773286970543 0.0529565932746482 -0.180447935846542 -0.00951452460197639
-0.182962953108767 0.035460723701014 -0.100370298291405 -0.0746604401470574
-0.111203002403285 0.0741972726615442 0.0627052618978038 0.0387540386450778
-0.0396167355176094 0.117733399328909 0.178376476000814 -0.104967461191387
0.0188178218063355 0.104805541723148 0.0664775423166721 -0.21961229616956
0.0709276543872983 0.0561010202130306 -0.110774767091851 -0.199878336946464
0.0803416282744256 0.012536711491361 -0.175404625261113 -0.0800894775107124
0.0864169849916723 -0.0252897554818595 -0.150078303908403 0.0153577836401316
0.0801875806222498 -0.0470297499725519 -0.0927182183443157 0.0582436697168618
0.0907267769119543 -0.043641449353692 -0.0676800527160825 0.0639927602461893
0.0952166837978931 0.00733394014028865 -0.0560002689785964 0.0723242117688892
0.0970320385078242 0.0512784092756434 -0.0759934591553649 0.0946764236636187
0.0497363183020231 0.126569785679935 -0.126489835376604 0.077370314218272
-0.0294276953672585 0.158539703697181 -0.166859019438651 -0.000433622616697586
-0.137865064151569 0.106267711903325 -0.157319623095332 -0.024623431461816
-0.217047121822304 0.0359266446792276 -0.131402169759414 0.00695181891169839
-0.239862592433714 -0.000743487133743623 -0.0253126862851755 -0.0586567278416014
-0.195935579279525 0.0716644851605659 0.115585352742073 0.0622008219769333
-0.103285810617037 0.176164956606549 0.234110872449875 -0.0834901966034853
0.0135005955107361 0.183395381732457 0.125186164504959 -0.219351193579071
0.114394149908101 0.0989477566955445 -0.0709092684424366 -0.213694553126434
0.12347242871549 0.0212185571779179 -0.13664366520645 -0.0914763937528563
0.125873997409872 -0.0312776306409787 -0.1127495069479 -0.00212875303529654
0.113429443282571 -0.0645566664515001 -0.057615699392072 0.0398021747898373
0.120940670122945 -0.0641394139945471 -0.0262551932291852 0.0497449224863286
0.124056683729799 -0.00116875089209734 -0.00963632146901874 0.0673620045312136
0.127293548183814 0.0557804432925236 -0.0321219032008981 0.106279656667322
0.071334166361994 0.156578566319516 -0.0915859925524688 0.104020972299639
-0.036008581658779 0.194857835385812 -0.145424245204033 0.0307264734080316
-0.167638047382809 0.119066221698148 -0.130443083121952 -0.010242287862452
-0.253432334545726 0.0186320107175582 -0.0672483825819622 0.0184847716350395
-0.253759766541762 -0.0391791475627687 0.0579624046422297 -0.0320514099113291
-0.249207567947153 0.0418111662780188 0.16634626757026 0.0917154251293046
-0.16342028834778 0.193002920854966 0.274352314675553 -0.0414084323322727
-0.0132247507911811 0.232596061186061 0.181201895030763 -0.187555357612665
0.132145279795681 0.13475554047867 -0.0153946348330752 -0.204483802847993
0.146607531024496 0.031482123487686 -0.0802815393623741 -0.0948339055950388
0.146060399828852 -0.0312595539516881 -0.0618438540796855 -0.0198134164413931
0.129684135794516 -0.0716824625851 -0.013687929520699 0.016166834658698
0.132441077668259 -0.0755651140949853 0.0203261976571746 0.028934840078863
0.135581777876437 -0.0111636060148162 0.039612895137026 0.0556954043816977
0.139762895897541 0.0509871423550912 0.0142831850752377 0.10963915623403
0.0801663142013841 0.164607001838215 -0.0545603457328912 0.119970181937493
-0.0403926161424355 0.203994208713731 -0.119495849613088 0.0524021880301732
-0.176996683281946 0.112995072273749 -0.101563448537875 -0.00666584761622862
-0.256064071331754 -0.00465930675180109 0.0012589810752104 0.0252243638573096
-0.220341416477044 -0.0699771197718071 0.133652625170686 0.00143008694667255
-0.250672402927529 -0.0028698395580843 0.203410788180913 0.117927634544974
-0.195024823779693 0.164049577327227 0.285015776374933 0.00949722698362721
-0.0439877491237078 0.233964696853425 0.213656831282283 -0.132980004814806
0.121369526660573 0.148267268572843 0.0414205181837417 -0.171277896147703
0.144552968753556 0.0361732452244551 -0.0168607533847956 -0.0876288778998463
0.142184669872333 -0.0275056789405009 -0.00570243278647689 -0.0354766227079451
0.125768365356051 -0.0691684372620255 0.0302922054149301 -0.0092148780954876
0.126650187076214 -0.07584114304935 0.0661976890439455 0.00474986537914836
0.130436690428477 -0.0174493064051804 0.0855345432815304 0.0411396935434753
0.135002399950329 0.0435173965108836 0.0560328718390357 0.107705077022323
0.0734691548594393 0.157129336338913 -0.0215904560475674 0.127451477558603
-0.0485823530939039 0.189815796544404 -0.0953064795401274 0.0666856782632725
-0.173306763893614 0.0880586298586778 -0.0733298575081622 -0.0080257055064303
-0.225171089799308 -0.0338768094206129 0.0652098666753308 0.0318412287657382
-0.145815600529894 -0.0831461596440465 0.187978342426739 0.0313213474025149
-0.200417787890596 -0.0403413803760943 0.222120307298037 0.132759116069737
-0.177835660645296 0.108498043964129 0.266851725270368 0.0490284285129308
-0.0584290557632092 0.18746246677294 0.219164435790529 -0.0755755841045544
0.0905665871207267 0.127492788988967 0.0854235642899295 -0.12514840952649
0.117226563446795 0.0301833802856304 0.0388213434836127 -0.0737952908353568
0.114064514792203 -0.0223195595529703 0.0452134762035081 -0.0475925991414436
0.102739887855223 -0.0571337061599921 0.0688332495588771 -0.0331828184817984
0.103459889261131 -0.0648108922453025 0.105494188507368 -0.0165664725333716
0.111203362011344 -0.0188836853667511 0.123885764017291 0.0306385232095411
0.115518885566825 0.0357659259711487 0.0903168339406748 0.108638178855593
0.0559260100861853 0.137217107148989 0.00327227231212178 0.134133082613937
-0.0566524701608305 0.156730759343818 -0.0767802271092284 0.077502012604246
-0.156277106399044 0.0500404983194594 -0.0482640273086461 -0.00750356644078266
-0.168745620721062 -0.0639465630321265 0.117819055857347 0.0432197230946839
-0.0436127315566002 -0.0784698036418959 0.210462700835009 0.0465157150985012
-0.109476060469183 -0.0596026403874862 0.221723055470273 0.125352712206777
-0.115636619801972 0.0442372504640385 0.23335380812012 0.0669359404491244
-0.048359735891903 0.108905477480767 0.204350219589211 -0.0367419059403765
0.0504679947903972 0.0794263226667472 0.1123175184861 -0.0873257160835268
0.0703636868938919 0.0153936129876494 0.077661166209018 -0.0627541704480809
0.0665289949158538 -0.0157585761303743 0.0808634806793635 -0.0566562110469097
0.0635412619145472 -0.037164172565081 0.0953806871615108 -0.0514341210890531
0.0660322981623851 -0.0450094454931644 0.135545891880093 -0.0323985863132386
0.0800346047175313 -0.0170138187657389 0.152281304858368 0.0250724249973231
0.0857591896373223 0.0251073542250556 0.114009962026942 0.114146437514647
0.0351081810923456 0.103352744998525 0.0162348365286797 0.142852563027661
-0.0560196233513116 0.107465024482266 -0.0680482309599647 0.0890704618469545
-0.120320672178336 0.00912104809767616 -0.0311944850285783 -0.00455258045952438
-0.0902896295137012 -0.0849460190712188 0.153929578960863 0.0592232962787567
0.00675972890148058 0.0636700812560067 -0.184514470193367 -0.0296085282535542
0.0580733565180617 0.000805258427536935 -0.00260989260049211 0.0230123309506444
0.0333656207372008 -0.0449394719434375 0.0698382233493066 -0.0999761281137797
-0.0245036527166226 -0.0427506611204583 -0.0300141885652727 -0.159819552673234
-0.0377029187677014 0.00109483063462441 -0.145057888537383 -0.120199086160971
-0.0194483621303788 0.0139929988552547 -0.187403072050232 -0.0185075047872329
-0.0155665742189854 0.00871485456047505 -0.148891205471345 0.0595124559085501
-0.013812320643541 0.00764016025533073 -0.0992671927825874 0.0809827122419175
-0.00865108037547184 0.00153280635748866 -0.0869108804797951 0.0785220033433617
-0.000727366535572253 -0.00395771231469554 -0.0903942090734145 0.0785073089541605
0.00791535552272469 -0.0140890866573777 -0.105746099849576 0.0822991704921552
0.0299947811254547 -0.0119736586168127 -0.154684212532246 0.0466469424163876
0.0520318590540841 0.0278762822895033 -0.196007586479634 -0.0297368933449747
0.0155263342382364 0.0685783335674641 -0.192655599519535 -0.0491832721258028
-0.0381635753661975 0.0787155803194558 -0.194147069338434 0.00210512793366768
-0.0843636410135565 0.0737657181570593 -0.156298082089927 -0.047438886722846
-0.00891387268557166 0.0509561559196955 0.0219051487260455 0.0178774026863638
0.0163003655823609 0.0335932955317737 0.0984795016335521 -0.12165938640591
0.00892896329397546 0.0185750158805019 -0.0155169111125378 -0.191205567713334
0.0158359160136611 0.0152805013985204 -0.153059345836651 -0.140846703085805
0.0260116101620616 0.00465354875776411 -0.192079338314942 -0.0266759428460432
0.0321706210148082 -0.0177111364995654 -0.153174617192498 0.0565594437809416
0.0290712363149481 -0.025505308556639 -0.0939290636394362 0.0820289032156353
0.0397605979948079 -0.0268489232221333 -0.0784117069985228 0.0808336066283822
0.0521149627042168 -0.00117576234216622 -0.0754572397267637 0.0806952301121805
0.0572199843213286 0.0192385035045423 -0.0898849587063103 0.0900688153439814
0.044291828575775 0.0640252316793437 -0.137321061287116 0.0636689433220145
0.0127838477526649 0.0981453130352313 -0.178941191201001 -0.00757421627752629
-0.0613657430792342 0.0948547734819494 -0.175220395054086 -0.0222899030431999
-0.131794931598621 0.073009449573892 -0.169183331189207 0.0158191146182114
-0.167355582976929 0.0665847505632673 -0.101775123996501 -0.0588331369339728
-0.0893573996309928 0.0893792059349096 0.0653897952739732 0.0191052652916737
-0.0158856892008816 0.114754354474811 0.144906857747508 -0.133649408177603
0.0367070829866127 0.0924468833213435 0.0198183708657281 -0.220327191360842
0.0726734739650744 0.0380571171944967 -0.143114804849416 -0.165046287922241
0.0735675969410728 -0.000786678006731956 -0.178831905094664 -0.0414416621495571
0.07759748318118 -0.0391980785472822 -0.140142176114488 0.0426116130606861
0.0673613463628877 -0.0555238033746485 -0.0746335442327938 0.0703035941131188
0.078836710139958 -0.0562692561935595 -0.0522265436256207 0.071850901547968
0.0941593380940557 -0.00856073242906561 -0.0427780578331145 0.0781324041166569
0.101694569665689 0.0327921120892263 -0.0573306714749162 0.101706592134528
0.0717322039823294 0.114740195761894 -0.109595748889392 0.0898879661091584
-0.00134888117234886 0.156170752247521 -0.158529188867888 0.0219467490941375
-0.112462201979574 0.122208745474006 -0.151367114895335 0.000725279693842011
-0.200568131932374 0.0676797275053199 -0.120260223061995 0.0266109241905193
-0.226201483956812 0.0435163171270639 -0.0267102434437386 -0.0585747066987838
-0.167808070248781 0.103710231084783 0.120584372534454 0.0289706835052626
-0.0626454441630641 0.1804813675923 0.199359535370228 -0.127985282857575
0.047652278533866 0.166056293566232 0.0717913093487454 -0.232181382443407
0.121474554723806 0.0686462441124272 -0.110252639857923 -0.18327249355701
0.114964185937802 -0.000931672471942129 -0.144836371291779 -0.0578786511637921
0.11415564218585 -0.0531456035900027 -0.109371828778113 0.0206338771015265
0.0953914723096705 -0.0778600525510756 -0.0440643401468642 0.0481974039552121
0.102995246166529 -0.0815100773421349 -0.0155182845761956 0.0524555605879365
0.119866389424299 -0.0228105729734194 0.000525962148323225 0.0667571699087751
0.131259250156018 0.0310867007773155 -0.0140909928010709 0.106687400502079
0.0977018983919399 0.139021020454335 -0.0728188784317281 0.110133388038768
-0.000403931544410277 0.190871083635397 -0.132506953520563 0.0483706987594713
-0.138365101015732 0.139979238124499 -0.123012962139369 0.0113343373864879
-0.237592590476576 0.0576821783710799 -0.0576686061042293 0.0308852160255649
-0.245013388254404 0.00921210366911556 0.0574720135181425 -0.0461624808026781
-0.221683016068909 0.0852949297006032 0.175405695913625 0.0467594321044527
-0.115018665917563 0.207247927605452 0.24407514789009 -0.0977207043782741
0.0341714918777863 0.2173454703197 0.128133823269913 -0.215198396789316
0.145234303093101 0.0983943614987362 -0.0575886213059858 -0.184116117903057
0.139870595946117 0.0034771773513509 -0.0927118599276377 -0.0705035617429301
0.133888441405812 -0.057550673595955 -0.0656474178041049 -0.00462891932322126
0.108783348018138 -0.0878336430201768 -0.00758950712884342 0.0195327232645723
0.111500060867911 -0.0952352317648007 0.0252628493402614 0.0253858949360848
0.127588344229139 -0.0346678210285175 0.0457494245178468 0.0485038230078842
0.14139940284007 0.0234320596897016 0.0299541436078587 0.10316670202833
0.10746049286935 0.144031821572756 -0.0355002695285149 0.120326783695833
-0.00274026908954726 0.19929133776001 -0.104458165075145 0.0654675594899095
-0.147986332189534 0.13581638008335 -0.0944976594581263 0.0118166447515652
-0.243141984218271 0.0356636963102141 0.00730469202646017 0.0286386842216064
-0.218256507203035 -0.025494867089437 0.13452852114123 -0.0253254187391137
-0.23061566502772 0.0449814389943556 0.217204392583468 0.066446892302862
-0.148676829847383 0.186980627573162 0.26471397308379 -0.0528596602986705
0.00668852711023666 0.225121238879067 0.168731297033912 -0.171051670074743
0.138315323708781 0.112150158591797 0.00155793864367437 -0.163085972513571
0.138754973983822 0.00667202881947614 -0.0326579289921164 -0.0739728081958774
0.131161871018243 -0.0540037692934027 -0.0152635022235745 -0.0294651790107662
0.105727965064731 -0.0857977517117473 0.0292223113272625 -0.0116934419531935
0.105570602403569 -0.09501652084238 0.0646207189367723 -0.0044064427178659
0.120768541815529 -0.0406443359613262 0.0864693443746157 0.0275663502279125
0.134791365265558 0.0171053698340974 0.0689367467747614 0.0950550398738209
0.0998707303044462 0.136843156199225 -0.00278778310809792 0.122926774756063
-0.01265657087646 0.186565679720549 -0.0790522945496574 0.0757242415961978
-0.147963575112114 0.111712676199752 -0.0682002364048273 0.00733013124433068
-0.219344313655698 0.00267910103129207 0.067404970292947 0.0265821002538764
-0.149239079921574 -0.0522574299431648 0.188153754631865 -0.00260978731102528
-0.189662829630681 0.000374856438541651 0.237617704509862 0.080150351774901
-0.142207848426413 0.13247300110223 0.257100194131599 -0.0102129072676839
-0.014597034738985 0.184356635294535 0.186014130680898 -0.117229421750057
0.107488776798948 0.0985279976921818 0.0517023536130264 -0.129331156104217
0.112897108162458 0.00514278168261324 0.0226525348753163 -0.0715501846821388
0.104546277493561 -0.043957397452723 0.0311876617049009 -0.0497948026336684
0.0859200585316553 -0.0713336167838873 0.0603550185850442 -0.040075414110468
0.0852905394159965 -0.080414657496338 0.0984312921894477 -0.030699623921193
0.101910317433234 -0.039213524872912 0.121369849186077 0.011412600309915
0.115125396086032 0.0130154486678372 0.101136361983146 0.090028393858697
0.079914866061892 0.120015502867927 0.0212182195334095 0.125635020826813
-0.0251335529036876 0.15583491667015 -0.0596951007026894 0.0834548233512347
-0.137815224786112 0.073555306476472 -0.0454640962771803 0.00389797012802567
-0.170714098428856 -0.0346885105547438 0.116972084427184 0.0292750903224972
-0.0525190513537763 -0.0665824296894726 0.209165561089182 0.0120279722499436
-0.108693934278854 -0.0346285809802092 0.23595064505166 0.0779257416712739
-0.0953642117725441 0.0614361679153774 0.230699491221529 0.0167351069241366
-0.020182523058919 0.109016086106078 0.182274523787403 -0.0753930301581098
0.0626225806469451 0.0601843065146462 0.0859596678195608 -0.100027774408401
0.0673649617389663 -0.00114438246097843 0.0615533727573038 -0.0701454116731435
0.0599663055409289 -0.0288485836037303 0.0640916238411306 -0.0655457307420864
0.0524169291201787 -0.0467617132038085 0.0811818311377212 -0.0613349908415874
0.0536663997238999 -0.0554255674429245 0.122740919804399 -0.0507736041284804
0.0716656074651012 -0.0324526337292724 0.147229466828857 0.00145275849444615
0.0843675200758687 0.00709932852180124 0.124700741152833 0.091433462912675
0.0534189584488712 0.090543812797933 0.0356368284226305 0.132950510323356
-0.0325246034357849 0.109354065603567 -0.0500465680450522 0.094160643466328
-0.109948756871041 0.0287131890754472 -0.0294598973377516 0.00344540623439764
-0.0994295551871687 -0.0667939858396115 0.15209394583324 0.0377518685249492
0.00914217651581778 0.0581010337912254 -0.173958861776523 -0.0185001708906612
0.0529338945460906 -0.0022147678749638 -0.000866460877611347 0.0211233550325805
0.0277956755185771 -0.0421276279859283 0.0614009245837867 -0.0991153078855214
-0.0246355006880107 -0.0369817027451213 -0.0361393615950724 -0.149402469211269
-0.0333963151827678 0.00362614712906562 -0.142626100469207 -0.104677280796707
-0.0164237819162495 0.0145563733362359 -0.177929118304539 -0.00621747269250433
-0.0128393386328772 0.00852504354363982 -0.13778393257438 0.0636474777198642
-0.0112737396456282 0.00785727661602418 -0.0890244741365186 0.0801317022101792
-0.0067021154832293 0.00183106058596702 -0.0767891940668318 0.0784934220106458
-0.000273611628945767 -0.00339809051482021 -0.0804981026266266 0.0787156419299433
0.0068198154041262 -0.0131168966557728 -0.0938903346015323 0.0827094882343722
0.0267675556728683 -0.0117064139515706 -0.142677429946397 0.0511151344674435
0.0489743661710707 0.0229861961316559 -0.1867197642424 -0.0172837501799096
0.0169544174323576 0.0616920182839502 -0.184297759512716 -0.0384224454258201
-0.0318160297462018 0.0739292688521036 -0.183449348740071 0.00850242402390401
-0.0760076715831233 0.0722242010325824 -0.147591177512324 -0.036588911103807
-0.00794433113243167 0.0481336366086902 0.0220343405119263 0.0150219846138764
0.015447737236481 0.0315186907849214 0.0871144877711975 -0.120054634033743
0.00883681439422201 0.0194141656927948 -0.023378189221609 -0.179299962257836
0.0169864790229221 0.0145811757766203 -0.151565428900475 -0.123269442324388
0.0259298937650533 0.00365173618506475 -0.182392494470818 -0.0135729769141244
0.0300308759852438 -0.0192946927828608 -0.140204027524345 0.0612106224800034
0.0269450266311568 -0.0260750939509622 -0.0828023508895025 0.0802575970084244
0.036445896654968 -0.0274928265222041 -0.0677980578689938 0.0805300039918251
0.0501924955447765 -0.00353628713303905 -0.0655231431367926 0.0796731803869754
0.0553633187414608 0.0156049979766264 -0.0781230406636217 0.0896541051133594
0.0444102924908969 0.0590011080404185 -0.12511635055619 0.0674555518217755
0.0152501479726934 0.0914168463905008 -0.169823019945754 0.00336424769135857
-0.0542175096866687 0.0903074895744253 -0.167317947115901 -0.0137965323505901
-0.119565169757928 0.0733373853637405 -0.159064013561035 0.020177559911231
-0.153363487519159 0.0698297246838554 -0.0968203734894498 -0.0495338825810449
-0.0809619261547571 0.0877790708222057 0.0629183905495851 0.0138859823547904
-0.010458984774875 0.108454776681255 0.129971451549921 -0.133159892129792
0.0383525571551964 0.0873340200040153 0.00862268940444592 -0.208158771608535
0.070899585933016 0.0335089115528075 -0.142761635603207 -0.146435881212091
0.0700370325327693 -0.00374661110696774 -0.170262305865595 -0.0282864475176971
0.0717306294661609 -0.0417942172081234 -0.12809718628628 0.0475281077693653
0.0609655036036465 -0.0562105549285688 -0.0652100462248551 0.0681076081309264
0.0709934245109522 -0.0568073836515827 -0.0435150223006382 0.0707718178151562
0.0893167408022644 -0.0131917869789452 -0.0345083449738126 0.0759756057189409
0.0973884645010788 0.026072719344336 -0.0468044803856605 0.0993241940753586
0.0731358269767433 0.105930323094418 -0.0967442242461887 0.0908532906933284
0.0054808397909116 0.146434333240372 -0.149285638199388 0.0303939323867857
-0.100209151240802 0.118904242446445 -0.142965879810753 0.006943345828547
-0.184307974932869 0.0716748905774497 -0.112412451307414 0.0286062888997463
-0.208874063492275 0.0505728021443299 -0.0262687152140086 -0.0527029890604629
-0.153248709085673 0.104573675471101 0.115156242822 0.0210527730769854
-0.0516508656263531 0.17212172636769 0.180935974595481 -0.128949447063971
0.052668932266191 0.155879116606118 0.056762313348631 -0.222181683065605
0.117364142308139 0.0592602604562787 -0.113225769360248 -0.164896296120276
0.108264607265293 -0.00581543929260931 -0.138178632877033 -0.0465946548630896
0.104917130126427 -0.0568819896749925 -0.100450728631001 0.0256510335182316
0.0854219595397878 -0.0781624565149073 -0.0370247232437215 0.0465110189567877
0.0917525566481889 -0.0816781210455776 -0.0102677284668911 0.0501388740133717
0.112198809884105 -0.0276728507399597 0.00540688014822373 0.0625858396684302
0.124325353597264 0.0226499300319581 -0.00555081223746614 0.101749295077696
0.0994323213304573 0.127044928427984 -0.0614974186741193 0.108975716150489
0.00858693730292677 0.178745944745886 -0.123189343403265 0.0546182632786853
-0.123291135045385 0.137385655897814 -0.115512868714475 0.0164682258928267
-0.219873910162255 0.0649102358154418 -0.0535312772609554 0.0305170081826544
-0.228494578261578 0.0203770998978965 0.0529412911045862 -0.0450903325614801
-0.205574519675133 0.0905946195901086 0.167503962503353 0.0357910278410305
-0.0986719846298285 0.199740246234139 0.224797298439513 -0.103092363299032
0.0425467467574012 0.204564134024588 0.110586716447231 -0.20870083855279
0.14056476806349 0.0848202114969496 -0.0641038876775261 -0.167571190024082
0.131221103644274 -0.00393431239163908 -0.0902782402621711 -0.0610641593134141
0.123401180471741 -0.061688025953504 -0.0605639370314139 -0.000728028312574354
0.0972611188437745 -0.0888801628373258 -0.00455904797508189 0.0174788912285085
0.0984594230341984 -0.094945559201035 0.0265771481761311 0.0223690862322808
0.118708326783176 -0.0390495603929837 0.0464929667816908 0.0423626068420582
0.133738660408347 0.0154917239668691 0.0358812353610088 0.0953528863618772
0.10939998173013 0.131040233414869 -0.0252886646601935 0.116369150900829
0.00750113754388316 0.186753394396332 -0.0956647426030815 0.069413134262578
-0.132130983417475 0.134082157786963 -0.0888999184833885 0.0150869327221842
-0.225802974178698 0.0452971491316363 0.00782849441101182 0.0256520657132856
-0.204730070214999 -0.0138096883458094 0.126319554261531 -0.0282171840760343
-0.215585445829884 0.0532412110323009 0.208085373376283 0.0524713766265519
-0.129998788178565 0.18234873989344 0.246064121047658 -0.0621552066942105
0.0171806624733653 0.212395044852647 0.150662138222009 -0.169133083290078
0.135134669578706 0.0971647536562727 -0.00797249632597833 -0.150576090718712
0.129637551773521 -0.000853098855365093 -0.0336604257010873 -0.0678275819052728
0.119910318114602 -0.05824427034747 -0.0150686108923493 -0.0262743690379594
0.0937765726399115 -0.0863797759355773 0.027849218846088 -0.0124782095695753
0.0923043589571314 -0.0940904681227301 0.060919563449141 -0.00760869715103181
0.111419025381302 -0.0443579161895417 0.0835550575089291 0.0205960470424266
0.126937498048951 0.00952947254129586 0.0720003446900286 0.0858042367137764
0.101681678925032 0.123892635318226 0.00523463500530745 0.11704107285656
-0.00208275312349235 0.174563094348998 -0.0707590357352341 0.0777933792989396
-0.132963518625396 0.111461201104699 -0.0647987873685294 0.0105345366106005
-0.205186499556634 0.0142327467889271 0.0640561528120373 0.0207240362676663
-0.142710726170683 -0.0413853473675587 0.177983229280828 -0.00915554238804752
-0.17902421067314 0.0102894871531272 0.228678984779269 0.0644634565442997
-0.126933239778002 0.130595921179503 0.240435310412512 -0.0209115783125409
-0.00376452844046993 0.175262060963699 0.168958340498532 -0.119797340638647
0.105758502486195 0.0857854083451965 0.0414592343682325 -0.122948397548198
0.104251189203464 -0.000815889753842063 0.0186525406185307 -0.0685155347785775
0.0952150215057107 -0.0473863589292685 0.0270702901380423 -0.0481216729347568
0.0760074356975084 -0.0715306844910454 0.0552155377733569 -0.0399539186964994
0.0740496998540652 -0.0795745479244739 0.09064089932123 -0.0337151097706569
0.0927304774587861 -0.0422571830634392 0.114978596602772 0.0031888987944644
0.107738473082182 0.00582060312806291 0.101362162418055 0.0797169478484818
0.0814422077045376 0.108258268929938 0.0277878592393428 0.118433210318059
-0.0149171191949718 0.14674923823013 -0.0517331905535808 0.0836571257652987
-0.1241413529312 0.0752503214845989 -0.042726405730328 0.00622593038845095
-0.161274814765137 -0.0232608797179634 0.110565589877446 0.0214752372019431
-0.0530863573762123 -0.0591798201722059 0.198034245500047 0.00381600334511009
-0.103913708221929 -0.0263518089063735 0.225979674830332 0.0623505807342196
-0.0861007481487215 0.0619768613451081 0.217998820458072 0.00510774155593717
-0.0127087004319662 0.10299364672481 0.166670866034517 -0.0805763833283014
0.0615463199623434 0.0517264433380976 0.0748451184664855 -0.0978059280614663
0.0610633004400957 -0.00498645704011955 0.0547378426355671 -0.0692499454236699
0.0537646738789227 -0.030123946942884 0.057144701071176 -0.064396990730939
0.0459634583095459 -0.0462784254122054 0.07332561492664 -0.0609705937176367
0.045999394204655 -0.0538789501657534 0.112021214971613 -0.0535367084745175
0.0639189877952021 -0.0345315521738084 0.137653734985522 -0.00677950293158458
0.0784822268712989 0.00199211792209273 0.122670315168296 0.0799661963426421
0.0554915940086479 0.0812839884589067 0.0411070955604272 0.124474363073137
-0.0238570902546532 0.102664923789351 -0.0427667316847407 0.0925826940386959
-0.100008437343638 0.0325188176640465 -0.028220329884446 0.00552898930033821
-0.0966876658234662 -0.0563310758707784 0.144019741240714 0.027693317923858
0.00898273393666442 0.0532677174336256 -0.163129088181828 -0.0128716496213599
0.0486927831648952 -0.00364593825240182 -0.000473725986662201 0.0196960095001965
0.0244130187265281 -0.0388877422559272 0.0554602312893176 -0.0962161094008813
-0.0243540558510516 -0.0328929219045393 -0.0375501536096761 -0.140788412844192
-0.029700949239393 0.00523336764062254 -0.138018190046275 -0.0945059680607447
-0.0137748496341342 0.0140093735911011 -0.168400292653037 0.000671772343214037
-0.0115789571148707 0.00837120500202343 -0.127662321201448 0.0642196866642159
-0.00940964598824649 0.00734153422718855 -0.0820319476456276 0.0769030458440617
-0.00540004157301923 0.00197925856870732 -0.0698539824543768 0.0762715113953782
0.000432701228601549 -0.00313342225689202 -0.0733668984166134 0.0772273963107549
0.00634732691837726 -0.0123304648519261 -0.0858744160510648 0.0802303255516916
0.0243537483228367 -0.00983656814545805 -0.132507382116845 0.0510909317499552
0.0451867737348369 0.0202537640180304 -0.177946196056439 -0.0116689184689775
0.0166560659309293 0.0558014626384309 -0.175564343885242 -0.0338264726827703
-0.028386606334627 0.068579905709474 -0.173825323729311 0.00898077353992009
-0.0699441016281002 0.068296938712119 -0.139202867074001 -0.0310900477674457
-0.00740756394792142 0.0450827103363908 0.0208919087668605 0.0134393028223752
0.0140345625131577 0.030451347114746 0.0794999828245608 -0.116316320190057
0.00901705739183221 0.0200422890651185 -0.0264356311572707 -0.169695520358849
0.0177147162737626 0.014200010356796 -0.14578519043092 -0.111559755714233
0.025784579803054 0.00314870796026147 -0.172391733685007 -0.00683941834023952
0.0278131695517044 -0.0192896686929837 -0.129985239928679 0.0620026779789702
0.0259058517901507 -0.0258127239713914 -0.075534874567072 0.0763842816242154
0.0343592962289067 -0.0271371147046614 -0.0608996679679655 0.0778325336086667
0.0484425809953995 -0.00476075809616981 -0.0590353032241833 0.0779378984412239
0.0529270671966047 0.0137592522552834 -0.0704184827482645 0.0868395627474113
0.0430015928976141 0.0561026089335687 -0.115270050177086 0.0671433425731069
0.0154347435275059 0.0856229015507008 -0.161526371457837 0.00776117447615577
-0.0500187300825714 0.0843633651067358 -0.159456956659458 -0.0106358118488204
-0.111173061877508 0.0700392117058232 -0.150778574893649 0.0200107616244201
-0.143072959669403 0.0677423844344326 -0.0914738847050851 -0.0441269536812905
-0.0758087203647466 0.0843228900962923 0.0597538019700412 0.0119372967966163
-0.00911224026034137 0.103071095198866 0.119865285274542 -0.128960408540412
0.0388053524358901 0.0836247494242712 0.00326380609504105 -0.198007138116623
0.0684426891471279 0.0305119807733998 -0.137769983124502 -0.133132805926567
0.0674698454337283 -0.00452531136320512 -0.160626657519156 -0.0219715819382027
0.0664536885018729 -0.0421211732168609 -0.118387775219657 0.0489762666759257
0.0566130079919251 -0.0550126523773697 -0.05855323604998 0.0645273271263309
0.0653110221760487 -0.0555749175855689 -0.0378737953581092 0.0675434606888935
0.0852794805991734 -0.015102654288503 -0.0296157511530276 0.0729788993325003
0.0931690406441872 0.0224787297732173 -0.039842513201528 0.0951998823892011
0.0721413116102349 0.0997735266781972 -0.0879870949864624 0.0886916290938038
0.00823136431988843 0.137716265057751 -0.140971197696515 0.033894744331335
-0.0930336233037739 0.113166584719206 -0.136389081772599 0.00842680450074386
-0.171660667496615 0.0704025491643792 -0.106460418382321 0.0275495533954769
-0.195580333648799 0.0511819313384369 -0.0246799418153481 -0.0485564534740089
-0.143656063659721 0.101083833974162 0.10955331272079 0.0174190417537706
-0.0459536879970586 0.162915680341146 0.168407835501061 -0.125643696113395
0.05310541512986 0.148236532263234 0.0495050705258846 -0.211858476495404
0.112321786213411 0.0538169670396778 -0.11050939921623 -0.150761294847737
0.103352293175792 -0.00800508424366038 -0.131578458123443 -0.0398661981382217
0.097893308730374 -0.0577089205710976 -0.0926078318877512 0.0273237512424443
0.0786202498524876 -0.0766959737980552 -0.0328040030823664 0.0429884158040082
0.0837438689823395 -0.0789895567897707 -0.00628967829623865 0.0472923982176116
0.10613298991273 -0.0290396613719177 0.00808369756511231 0.0589502641516767
0.118009652427632 0.0185092460218155 -0.000609629761149918 0.0963693896546956
0.0973813312472151 0.118858660049243 -0.0535424570599887 0.105526480259101
0.0116622225579779 0.168255666960947 -0.115435258691727 0.0560345243791192
-0.113209546455141 0.131172372495984 -0.110383726661432 0.017296372113245
-0.205948352346772 0.0652721681537922 -0.0507205247602331 0.0286034010853362
-0.214005439432418 0.0229482704220568 0.0502254600270872 -0.0422675114412829
-0.192415103770705 0.0896441295329488 0.158953500669274 0.0299482258569854
-0.0897722852227495 0.190271133651396 0.210128960175998 -0.102111863310288
0.0453312556672142 0.193760288475104 0.099529693885019 -0.200241568180851
0.134694817469141 0.0772780593931846 -0.0638598722719506 -0.154944278479206
0.123554591994151 -0.00631962635313792 -0.0861354831853451 -0.0548254866229374
0.113882051340324 -0.0621729566472823 -0.0555050992895968 0.00111758722311653
0.0894470925479273 -0.0871199839895528 -0.00253774418047118 0.0152954202294839
0.0893942596325804 -0.0914619826788911 0.0270240492287543 0.0200455562125288
0.111554059118579 -0.0404250119709964 0.045747504912335 0.038194552021588
0.126434997445839 0.0113166339246323 0.0386033091519136 0.0897068463528308
0.106565216709461 0.121559967683582 -0.0191523960190249 0.1123362933186
0.0110340133178945 0.175806005475025 -0.0888355256342025 0.0696754246815078
-0.121296894558271 0.128956480982836 -0.0848103995871025 0.0167675055398111
-0.211388425830893 0.0476685316954651 0.00725027247472552 0.0236306448857303
-0.192785805208688 -0.00898027971262819 0.120088979764829 -0.0278942672483531
-0.203066336401814 0.0553913697747003 0.198121178584347 0.0452340828112815
-0.119434173780462 0.174457829880235 0.231171483261524 -0.0628701694066823
0.0222320705961005 0.201232752235968 0.138014354073884 -0.16383264535113
0.129289072422519 0.0882403807043972 -0.0109542893217242 -0.139959081012857
0.121634495875485 -0.00331377657348669 -0.0325000899848644 -0.0634411883715034
0.111102781412987 -0.0586580213858888 -0.0135481595621073 -0.0240534151670957
0.085971224315475 -0.0842646342116472 0.0269358200144612 -0.0135919200144911
0.0829669000773947 -0.0904020136923707 0.0582770018996477 -0.00838789859836946
0.103764418721847 -0.0446571716570858 0.0797977452798499 0.0165761114288704
0.119112589373223 0.00546025223646029 0.0720251038997586 0.0796502405587632
0.0996165919211346 0.114873610795903 0.00955857505600919 0.111751130284509
0.0023765099313759 0.16417319043571 -0.0650073807892248 0.0771190655050143
-0.121800256857627 0.107558785752572 -0.0613305917885689 0.0113596604061417
-0.192594244063326 0.0181774444748622 0.0601867334200307 0.0180043750029451
-0.135247755061127 -0.0357620752457238 0.168968175215215 -0.010054719863711
-0.169051344655838 0.0143969100444385 0.217807813248329 0.0566548160193887
-0.116306902628949 0.126019766133038 0.227149452217703 -0.0244810099269389
0.00164623739220229 0.166162807204905 0.156282439262952 -0.118212887614221
0.101397101047137 0.0771228433053925 0.035912085453425 -0.114903979275662
0.0971689611023036 -0.00322818163933742 0.0165604975912092 -0.0653500997973014
0.0878761734910252 -0.0471653400865145 0.0252532188905512 -0.0460011592061566
0.068984625602555 -0.069380538096929 0.0519250275382717 -0.0390485133301292
0.0659787449933508 -0.075953878730005 0.0846260304926446 -0.0340339845617546
0.0855150871051397 -0.0420806776775266 0.108376131488051 -0.000585537482867846
0.1004875229635 0.0026074875666697 0.0985568022492654 0.0729816084845094
0.0803482287398242 0.0994689085339556 0.0304916695605583 0.112264162080448
-0.0100832994992013 0.137190814760664 -0.0471044327173115 0.0821621813680826
-0.113950747585744 0.0732774599135129 -0.0408745905327795 0.00726109294039681
-0.152746409792782 -0.01728394536846 0.104655645144177 0.0176322709812673
-0.0517386690399097 -0.054415796381087 0.188345411680284 0.00207231384035521
-0.0984260236612947 -0.0214942683850433 0.215997307899924 0.0550360400890008
-0.0787662408344789 0.0606377768289044 0.206100767864245 0.000537723432545019
-0.00821772361799693 0.0973575539945516 0.15509449142609 -0.0809791434504629
0.0584007748632018 0.0461290841490465 0.0675396496660271 -0.0935540958130176
0.0557643298522411 -0.00589890518034469 0.050413953340747 -0.0665098150321605
0.0485938589356339 -0.0297307107998723 0.0519097803791907 -0.0621409875367653
0.0408395257619042 -0.0443401501792108 0.0678503125304499 -0.0586572502927414
0.0400328278625303 -0.0513153429528368 0.103977319018201 -0.0530604688471752
0.0581564203914625 -0.03419228133598 0.129059949005375 -0.0105610779794676
0.0728409595184838 -0.000268807415915477 0.118711717848879 0.0725737978375161
0.0544351315357375 0.0745580342667321 0.042654325624617 0.117266132292595
-0.0195539101779507 0.0961932150316559 -0.037884041055278 0.0898250379603675
-0.0921736185146644 0.0325351997572036 -0.0271993335043433 0.0060761011802819
-0.0920551202448526 -0.0500332498485635 0.13549582072999 0.0225966254946774
0.00800360699038286 0.0505611275349454 -0.155666105211323 -0.0112865370279737
0.0451463317147451 -0.003442195508411 -0.000157514093754698 0.0193615146917889
0.0230878118606701 -0.0362123215862011 0.0528134043953363 -0.0942073166913481
-0.0233631851575571 -0.0298787199745678 -0.0373628902711341 -0.13608063934394
-0.0270040816750374 0.00542771542698529 -0.133477707301515 -0.0900030692281304
-0.0117243772308537 0.0137493589792209 -0.162047466507975 0.00412051501378325
-0.0104215557727755 0.00822694223579961 -0.121792457497145 0.0632667652813959
-0.00823656985435747 0.00638425261615997 -0.0789092096346938 0.0745437881086645
-0.00448823179930894 0.00148978747185484 -0.0664120796055217 0.0740704337474127
0.00125049241907019 -0.00337869082833606 -0.0692999067954994 0.0754298773550241
0.00600529479939663 -0.0109535862760028 -0.0809298425925006 0.0769835656133999
0.0227301987049207 -0.00851838166794177 -0.126854726612095 0.0496891606248534
0.0427769342486262 0.0193033879411896 -0.17213059957258 -0.00926841557672515
0.01459038553422 0.052050066047015 -0.169726367592786 -0.0322748962236853
-0.0270533398693146 0.065199848418396 -0.168699524081617 0.00703675664146152
-0.067337638812246 0.0649666660093126 -0.132510522104234 -0.0283468482954677
-0.00800612657514564 0.043495250987559 0.0204547588797954 0.0132597536879722
0.013220639011294 0.0306999588478815 0.0761091766345675 -0.113371666022028
0.00919877873800572 0.0213558892189057 -0.0258209981861607 -0.163430236656202
0.0184985166496938 0.0141582929777004 -0.141135552326495 -0.105118123209239
0.0262202192041913 0.00305946495701321 -0.16558185835759 -0.00317488252511927
0.0272387138815621 -0.0194206156311978 -0.123835549323542 0.0613995538991937
0.0250993306904554 -0.0256356660254432 -0.0720833810742142 0.0734984528104755
0.0334602442284488 -0.0262955781186244 -0.0566899301055037 0.0751569082658933
0.0475929295308364 -0.00524493786463062 -0.0552718981607238 0.0763199008211261
0.051174826094243 0.0129956092788223 -0.0654907699769096 0.0840322428160607
0.0419868321258213 0.055311988933851 -0.109583600049842 0.0653469084644365
0.0148262202507516 0.0827133306124099 -0.156334629616031 0.00945558558627411
-0.0489723195120736 0.0800186740506815 -0.154557101650893 -0.00983202218332325
-0.106893549329539 0.0666787921237698 -0.146113426180533 0.0176854006000056
-0.137291820274785 0.0645808002420136 -0.0865071357342511 -0.0418834874684651
-0.0731423403230148 0.0808774340710006 0.0572594317424058 0.0111276890047894
-0.0089723810368367 0.10002481312948 0.115207400072584 -0.125269403115912
0.0378138838974512 0.0825289720730791 0.00272189354017238 -0.191012292839051
0.0671676545487081 0.0295815581033148 -0.133385837683111 -0.125837393306319
0.0662452986618884 -0.00466106072610975 -0.154939102129949 -0.0182694472853147
0.0639358313350721 -0.0416700484719022 -0.111959889843256 0.0485446567799274
0.0540710973284042 -0.0544789122320448 -0.0554060146280043 0.0612937044516112
0.0627136347791539 -0.054142799211473 -0.0340297987868298 0.065280767825637
0.0829379152276115 -0.0152008516151856 -0.0266803574152025 0.0703157741094914
0.0899043199330562 0.0211149801954382 -0.0354972174138108 0.0924284168645896
0.0709959029953017 0.0967093854383843 -0.0827645997063241 0.0869183965443146
0.00783356055636501 0.132801881996216 -0.136465255297152 0.0345502553358078
-0.0892255305322869 0.108195507350896 -0.132629485828668 0.00829670803762087
-0.164898722985828 0.0679581921984236 -0.103090846706939 0.0255034031050422
-0.187376719978565 0.0492112285116928 -0.0228352962678014 -0.0458346765625493
-0.13826745327004 0.0976550300895428 0.10532249353295 0.0159223283049447
-0.0446919200545043 0.157711168117927 0.162038953686016 -0.12209579843833
0.0531901922434395 0.144933660597089 0.046339935756144 -0.205294589536137
0.108917143294868 0.0513412724286959 -0.106659124795435 -0.142341933615383
0.100273803880833 -0.00808809000668471 -0.126504220106194 -0.0362496607465368
0.0936218893614927 -0.0567161284676596 -0.0871159504217847 0.027732950902438
0.0751269895000278 -0.075313948045741 -0.0305147996799376 0.0401876167586191
0.0792310395533711 -0.0760692392152127 -0.00429765339864936 0.0454300718656563
0.102576314601868 -0.0293486073940528 0.00905141668861041 0.0560092764755843
0.114336876686384 0.0170124652032569 0.00216020289321876 0.0932404564565216
0.0960429529298279 0.114353583663398 -0.0488983893938116 0.103031235565377
0.0120773924096301 0.161911599495269 -0.111774805399369 0.0563593152019891
-0.108715987622778 0.125794648949679 -0.10761587720236 0.0173147778577117
-0.197311381277851 0.0631226820536158 -0.0494711492024011 0.0264146786415391
-0.205806388161849 0.0221412245839301 0.0491447562411804 -0.0399760115662517
-0.185396527487435 0.0871502496922304 0.15338674455256 0.0277377642143719
-0.0861092405191453 0.18315519059598 0.202015538707556 -0.0988922039771587
0.0458793044783528 0.188121706050745 0.0946081468744299 -0.194436172179037
0.130667652534529 0.0733127546824543 -0.0625355538447389 -0.146470773021579
0.119199752156356 -0.00632742004563093 -0.0829593882591299 -0.0518265122666148
0.109135766222192 -0.0617829330499337 -0.052036522689909 0.00254156188257369
0.0850122134357285 -0.0851069352075216 -0.00117069935785357 0.0138630759126792
0.0843826901953916 -0.0881197290947003 0.0279121345372583 0.018762488820661
0.106985534786504 -0.0400699157995921 0.045032338021011 0.0361040620523934
0.121661986867773 0.0101394579975477 0.0398616481105754 0.0863479835063009
0.105001005097924 0.116863095770872 -0.0158223726996965 0.10917883238668
0.0116079857636244 0.1683092781946 -0.0852068892176088 0.069482731677117
-0.115949607060293 0.124124614977889 -0.0826338437128158 0.0168485123874966
-0.202777996966006 0.0466479582195262 0.0063746091346829 0.0215577671424928
-0.185420848822244 -0.00803868238756434 0.116206470169893 -0.026183431100708
-0.195130362016392 0.0542012768524843 0.190804903877505 0.0420698175804819
-0.114733388253151 0.168850563375692 0.222684397272669 -0.0619572477113772
0.0247054135968359 0.195023737273185 0.131897679462033 -0.159948402423734
0.125216900038431 0.0834826457273389 -0.0112605932664148 -0.133011365646957
0.116679879643534 -0.00401521713842314 -0.0312393497058852 -0.0603626080967687
0.106062189141732 -0.0583117420008726 -0.0124543429752356 -0.0229064585604301
0.0813360291395676 -0.082617022093581 0.0268020850202729 -0.0137613458652298
0.0777102158947222 -0.0868731090102079 0.0568655341205132 -0.00912669080344215
0.0989563298357921 -0.0445135661766947 0.0768942892651786 0.0145025881480539
0.113960707069325 0.00464963410238531 0.0719060594704841 0.0759704956183063
0.0976725692936533 0.109399361773591 0.0117702317356252 0.1087788622217
0.00340867090092757 0.157543080089315 -0.0617378471467795 0.0762706175471466
-0.115802010221801 0.103283745883841 -0.0601855249643728 0.0119441409491681
-0.18527531649026 0.0190108348959606 0.0571522701811524 0.0164406182079402
-0.130311293086429 -0.0337469396448365 0.163560357143469 -0.00890582309256407
-0.163010959183933 0.0151934702724037 0.210174479536166 0.0535555029413627
-0.111310403841068 0.122313211392638 0.219465570913253 -0.024350865025052
0.0043357056757597 0.160044955180924 0.149127388769564 -0.115882278147404
0.0975482969727728 0.0727861506183639 0.033684309892681 -0.109503355331645
0.0923652241316229 -0.00353178104646948 0.0157464438746139 -0.0635034131770019
0.0833534335041402 -0.0468254578594209 0.0239303214713973 -0.0441790202160268
0.0651781082778858 -0.0677125378618321 0.0501695547027316 -0.0382198261113705
0.0619208455080443 -0.0732310856553719 0.0819441558681597 -0.0338167926043218
0.0813044511615292 -0.0410956308539898 0.103880109050337 -0.00238387461716205
0.0960279801142053 0.00136277997991966 0.0970961696625172 0.0694713468337876
0.0788103149167969 0.0948004994156313 0.0310920906047585 0.109066339161212
-0.00828244919533519 0.13125680187631 -0.0446402267990175 0.0807471742546226
-0.107737045789599 0.0704248543044794 -0.040322747348996 0.00736753582038437
-0.146525098103306 -0.0149298558483856 0.0997093948856934 0.0158637569625063
-0.0504589689557969 -0.0518750953486609 0.18201717813195 0.00343864089619152
-0.0946819493444713 -0.0193564274524835 0.208975521948441 0.0522760243853626
-0.0744914452054454 0.0589350406214832 0.199157636043119 -0.000878315035448223
-0.00600214779535852 0.0935215673711495 0.148474946509828 -0.0802408591051464
0.0562764500009443 0.0427438501853969 0.0641163003167092 -0.0896412061787242
0.0517311380924918 -0.00568769838117852 0.0483546028700986 -0.0651229872530248
0.0459855929907369 -0.0285711915031688 0.0496104909145469 -0.0602091884761724
0.0384615914581092 -0.0428806246929855 0.0648838605105513 -0.0566077340374707
0.0372393740583715 -0.0485330471334844 0.0993340680452045 -0.0519956316553027
0.054779141052894 -0.0328457047596793 0.12351456164018 -0.0118609621741007
0.0694280282892186 -0.0013403632922038 0.115896774270222 0.068678973260878
0.0538785834632896 0.0705068900154752 0.0427297076196355 0.113119897867642
-0.0175220630671062 0.0916226668435841 -0.036298144750611 0.0880132272942223
-0.086633239211215 0.0315167155465308 -0.0270401515727648 0.00607908565198869
-0.0888682895107558 -0.0463395745814078 0.129808850257526 0.0206830389217363
0.00759299199008569 0.0490174877687594 -0.152781333230548 -0.00940226429280614
0.0430557228746535 -0.00391008744834294 0.000263474520128515 0.0199326976258425
0.0222250340421458 -0.0348110028956742 0.0514143980907244 -0.09430574199539
-0.0231070907042054 -0.0278974199300848 -0.0377829586929507 -0.134885670617226
-0.0249244152685797 0.00627742023902083 -0.13290850378427 -0.0869103412310271
-0.00967081132451995 0.0136453847842555 -0.159681116832947 0.00756710559212207
-0.00947332941238113 0.00789982900011014 -0.118942586963985 0.0641732639413914
-0.0074614323645269 0.00574259838533631 -0.0772772345700384 0.074169067622684
-0.00319041858832868 0.00122413400855271 -0.0644575144750183 0.0738651770757734
0.00214333476311 -0.00319242139918037 -0.0666195093366352 0.0758772491392774
0.00618258430177585 -0.0105644148225948 -0.0784339751178811 0.0762138419865574
0.0224353282919894 -0.00724515638585291 -0.125030846560366 0.0499976450006598
0.0413220259796627 0.0182422171629598 -0.171018705054426 -0.00665834435527733
0.0127456873832798 0.0498766616428095 -0.168312183124109 -0.0321112609374056
-0.0266910622335124 0.0632740973696618 -0.168141902121306 0.00522130939390785
-0.0669821297436272 0.0636530807670882 -0.130008797199088 -0.0267449531384666
-0.00923755130152963 0.0427096766379757 0.0200342821059989 0.0132214748125378
0.0130064922641779 0.031031163831619 0.0741587492038362 -0.112751728960459
0.00973435689098406 0.0223628739447118 -0.0271486100103315 -0.162316965741609
0.0198644609715286 0.0144062758546838 -0.139976667927777 -0.101561109175075
0.0277840497003258 0.00251629965526388 -0.163132241183416 0.00046641821615694
0.0274137331135069 -0.0196310090961137 -0.120009388250347 0.0622511756584235
0.0246935304454928 -0.026598171747052 -0.0701452204929938 0.0726499522630673
0.0333974719083584 -0.02675845257504 -0.0541666237021036 0.0748388890368441
0.0483554554241183 -0.00607684070148176 -0.0531125092267315 0.0758334381570023
0.051049659856184 0.0125592627538872 -0.0630765808088368 0.0838436836768076
0.0426045674254346 0.0558472634092069 -0.107392519704457 0.0652016100986146
0.013999539952929 0.0811206363268667 -0.155839013125627 0.0123411647031358
-0.0499469946972217 0.0779596788582829 -0.153486251504615 -0.00980207551673754
-0.105295368805016 0.0656040719228517 -0.145713143618512 0.0163635201797835
-0.134826099015145 0.0638322031341974 -0.0851307961234975 -0.0403269919060867
-0.0724330540094137 0.0794141918320336 0.0563421628573857 0.0108924552311099
-0.0088007140350122 0.0998626722215114 0.113000578192255 -0.124978306759877
0.0389812577326906 0.0832259512775702 0.000750929056888504 -0.190045267059264
0.0670138464483386 0.0293200315477989 -0.13173790699373 -0.121353857979383
0.0670704459238643 -0.00527993155249164 -0.152331963603541 -0.014962869406356
0.0630478422492562 -0.0423936528809422 -0.108445708936159 0.0493999783106264
0.0530339082401322 -0.0554106953641357 -0.0537987981948675 0.0599775649844132
0.0617557406376896 -0.0537598225951286 -0.0315055614512492 0.0646585046892395
0.0827048526506025 -0.0166022430514561 -0.0246892603387405 0.070562425232778
0.0896454035473772 0.0205398063519049 -0.0330121730635016 0.091782771597141
0.0718036267828916 0.0960472502352663 -0.0798467332764674 0.0868574907034863
0.00798958122913324 0.131230074852925 -0.135736176627662 0.0367194189257799
-0.0890203372856669 0.106015871381668 -0.131943454946416 0.00896202889999492
-0.162944167415079 0.067278963697706 -0.102996904897915 0.0241498410503928
-0.184382716916989 0.0483928386522869 -0.0220173292374963 -0.0445439650231748
-0.136440093559113 0.0964928826489079 0.10346114575025 0.0154693600843771
-0.0433676896890718 0.156753573949053 0.159629085570534 -0.122701772541646
0.0548340507504295 0.144268718946949 0.0429965999367075 -0.204239363731755
0.108151698621726 0.0501325986864111 -0.105914926812583 -0.137952477154925
0.0997058820950334 -0.00864045371432672 -0.124332536061068 -0.033457675050583
0.091838850776166 -0.0579345219571257 -0.0836803741254506 0.0285861714462037
0.0732072254231368 -0.0763535798381495 -0.0291312094124991 0.0388554457059424
0.0775645908506069 -0.0760609121539322 -0.00233394997219891 0.0440546359773159
0.101809529705089 -0.0303506962111807 0.0105842366045471 0.0554854706850696
0.113182323208337 0.0157402049110694 0.00511296483041527 0.0925228425347997
0.0971045381149061 0.113107685464612 -0.0455054048595697 0.102846361329224
0.0130764134269679 0.160036932161312 -0.110204693589362 0.0582201070243624
-0.107347430486473 0.123817299629865 -0.107141905616855 0.0179954789841851
-0.19446499039552 0.0631978313297294 -0.0496665250758419 0.0253790267106025
-0.202414755818382 0.0221037595515116 0.0490666038796202 -0.0393799854190912
-0.182895146287893 0.087570794154805 0.151272943781532 0.0265074246866807
-0.0841293683232712 0.182082326347892 0.199590331603215 -0.099071082845869
0.0487324780145938 0.187583650728719 0.0913096793573882 -0.194355407404631
0.129520698244388 0.0709911347480913 -0.0620976808602594 -0.1421553333709
0.118330453310638 -0.00718160770494618 -0.0815228313594399 -0.0498854663619407
0.106725994439799 -0.0631737605965614 -0.0494688820015834 0.00326015929219624
0.0823888456139931 -0.0862021591017375 -0.000756259537073232 0.0126762670969562
0.0814646717107262 -0.0875538405614271 0.0287389754579887 0.0177076679227634
0.105789357782101 -0.0409453676820374 0.0451269223859526 0.0347351634184295
0.120118889355169 0.0087160621076298 0.0419619689008644 0.0852305272980939
0.106079787789057 0.114114322427607 -0.0125658134677001 0.108706678567245
0.013372265507088 0.165962929990831 -0.0841724739679431 0.071250933961325
-0.113447121466461 0.122054244987465 -0.0826477594834503 0.0174278133287629
-0.200314548290019 0.0478170826917802 0.00563083843176044 0.0199445112714422
-0.183383624161639 -0.00730877735547732 0.114916852241821 -0.0249366799189166
-0.192671839577898 0.0550352751190671 0.188789275850288 0.040923790350222
-0.111922455901774 0.168085467523653 0.219868345540863 -0.0627940132329397
0.0269955909517805 0.192925277853748 0.128004125442 -0.160025957467204
0.124389174047126 0.0807985105275399 -0.0122147233677573 -0.129776765622687
0.115056582888248 -0.00416886201063821 -0.0310216446406902 -0.0597019910803164
0.103274675395266 -0.0591173206903574 -0.0109456790795214 -0.0220859875979649
0.0786043326731991 -0.0831153956084393 0.0269196458129344 -0.0146684254733337
0.0750641564937736 -0.085704616055672 0.0570254097965348 -0.0102029646521262
0.0970696035125851 -0.0447414804344159 0.0765542810699954 0.013039119016093
0.112048437204525 0.0034100675719433 0.0734047239651412 0.0742281409628382
0.098300867604008 0.107188972366712 0.0146404345684652 0.108404666736177
0.00488329044588191 0.154776312309019 -0.0605637698679973 0.0776760932199608
-0.113093206177616 0.102003905560544 -0.0605049372553428 0.0128715885011641
-0.182797022083812 0.0208215769931527 0.0561228597096061 0.0151355615603339
-0.12966005451281 -0.0327370166612881 0.16218144956692 -0.00781533572142303
-0.16042283517368 0.0173030469218584 0.208642722886478 0.0512728567585701
-0.107896617605035 0.121356505695869 0.215924016701581 -0.0256593922471901
0.00689725591714366 0.158249588137012 0.145358812473374 -0.116591407390013
0.0969559317237634 0.0692807563275111 0.0321001307214733 -0.107402110320706
0.0900302018008304 -0.00407329463410111 0.0152078660850951 -0.0632051855235875
0.081296744170105 -0.0469694810422728 0.0240224842985232 -0.0438308861662405
0.0623908962652926 -0.0679647768776306 0.049509240798442 -0.0389252117484761
0.059210519051445 -0.0716125912257954 0.0807890485948738 -0.0343247170627813
0.079174158165384 -0.0416694003584527 0.101832556267704 -0.00370756309029167
0.0939508206644088 0.00044622902911828 0.0980498812110873 0.0673132065497366
0.0790867838605099 0.0921856266139174 0.0340180623088303 0.107952591658926
-0.00673311248757235 0.1288481677123 -0.0437441573308979 0.0818391909744365
-0.105247583335678 0.0694883250326412 -0.0412486773358522 0.00860745695073941
-0.144801996915103 -0.0128407143726586 0.0981032620954358 0.0145515005168213
-0.050814653619691 -0.0500466312695066 0.181295990055104 0.00428827855699972
-0.0935541023571167 -0.0173691592767391 0.207269185062531 0.0501539143177718
-0.0722556025025419 0.0588563917408748 0.196813962354291 -0.00231429058968286
-0.00410252261812828 0.0920579424143135 0.144669298048092 -0.0815657187662928
0.0554602785565322 0.0402458215532992 0.0613442037688218 -0.0884367649864074
0.0496761084410219 -0.0057129450227646 0.0470418310739744 -0.0655132354040096
0.0442459653648596 -0.0284787250502854 0.0481507373131758 -0.0603513685188791
0.03643320078349 -0.0427738877539036 0.0638492865635198 -0.0563773074646809
0.0350714024297728 -0.0472399477591484 0.097645321856574 -0.0523278823849581
0.0530050563809645 -0.0331966164517197 0.120750500873877 -0.0129339889542822
0.0672229098123067 -0.00229445431290118 0.115801457396302 0.0668232804514182
0.0541122748025899 0.0687009212374912 0.0443584325836244 0.111798636809436
-0.0158201035517211 0.0898114847229261 -0.0350997548743657 0.087987672286688
-0.0839210911741041 0.0308528506351641 -0.0277189551024618 0.00618637817781423
-0.0880246439530001 -0.0436496243451288 0.127977980401495 0.0187596850020455
0.0114250283554679 0.048279044401438 -0.154766478445015 -0.000213474928034124
0.0403675989426007 -0.00833232673455032 0.00219233861728221 0.023416716538922
0.0166728041282522 -0.0372584152808295 0.046412540049937 -0.0958452472203816
-0.0268011238947911 -0.02494676555076 -0.0457400249228421 -0.132592983837687
-0.0247954333591924 0.00926068952364945 -0.14032225830104 -0.0764064066562156
-0.00865593176459637 0.0159569648209812 -0.157032131732392 0.0215874015446743
-0.00821555011868223 0.00968310792298071 -0.111582065419695 0.0736290474895337
-0.00592761709244279 0.00670432923349037 -0.0702254486484221 0.0805407479884176
-0.00242615492036774 0.000899557482304665 -0.0582437410741831 0.0804445975548158
0.00217027773145135 -0.00442497279562582 -0.0616003167353512 0.0833309552460661
0.00449811525802293 -0.0117340766988835 -0.0728205251089307 0.0840388622575362
0.0217056761191658 -0.0107135322828962 -0.124679475996141 0.0612503254250158
0.0427899913071788 0.0109150542958602 -0.177743185311664 0.00787649424963465
0.0173224374693415 0.0461492968683882 -0.174180086578669 -0.0235578224075414
-0.022232424863499 0.0634612334697165 -0.168053866970267 0.0117983493996665
-0.0586419770219265 0.0706999369096241 -0.134476013649028 -0.0240429372488002
-0.00499321049945428 0.0423009685132576 0.0193553768886916 0.0116758282860622
0.0146729943104363 0.0279833973017658 0.0626617818182236 -0.117673045650267
0.011425132800401 0.0209072143441929 -0.0417491682608381 -0.159174182936228
0.0189896430212962 0.0126982786451631 -0.148086317941763 -0.0876035268457603
0.0273773478517732 0.00188101233946428 -0.160849726828143 0.0161518946498999
0.0248962773638521 -0.022349702428688 -0.112009227073042 0.0752202867180901
0.022597002775437 -0.0284654995363828 -0.0629187786393581 0.0781860258873032
0.0310515829937424 -0.0305729627332541 -0.0472534920584172 0.08036112081449
0.0472924705349485 -0.0123072856843839 -0.0471951506663593 0.0833322443766654
0.0511837911828978 0.00650255613395517 -0.0570973861890675 0.0906244407703554
0.0483256090942746 0.0499249123627901 -0.106395180367546 0.074721873596388
0.0218142191745597 0.0771447522869669 -0.159958531850098 0.0230221465630083
-0.044284615393254 0.0804004234279778 -0.153620197139351 -0.000638415761870336
-0.102368571702637 0.0723912508932074 -0.140510399317824 0.0238199239689947
-0.12522963352474 0.0775323190652494 -0.0896891944467982 -0.0449384064326205
-0.0624080518448231 0.0844127555305421 0.0521367221732971 0.00289147899408228
0.00180157461101037 0.097319347617546 0.0943890401509134 -0.134947633044357
0.0478558864206629 0.0755935761140928 -0.0219220804746831 -0.187704385336226
0.0666244993428438 0.02213360092052 -0.142600414795602 -0.104206231344915
0.0649211058586018 -0.00962126701165337 -0.151396632448644 0.00161305778949735
0.0570874110663208 -0.0495381997931626 -0.101944692916658 0.0643315166399085
0.0474437541686354 -0.0593205021068228 -0.0465976571296275 0.0639527039416609
0.0547794777473187 -0.0599072381013441 -0.0255030572803155 0.0675590333301351
0.0802483934687222 -0.0261457814018229 -0.0191794639194021 0.0754894820174045
0.0888308743189621 0.0102179678955005 -0.0258281868633489 0.0970286941050331
0.0821460195694907 0.0866468555483534 -0.0777687501647306 0.0942716430877046
0.0207972043357542 0.127502049863386 -0.138645473153812 0.0445299406889557
-0.081106286731725 0.112489408364948 -0.12724292812918 0.0165949251326238
-0.161320139178768 0.079600533820141 -0.0931265395904773 0.0321444900588069
-0.174214919503603 0.0674658776948476 -0.0267678655179997 -0.0560197987471703
-0.122105851794638 0.107697547972621 0.0982685684671034 -0.000186521682352861
-0.0250969595054393 0.156777731388504 0.135941680637162 -0.139191308006235
0.0711513638067295 0.133372154707853 0.0140034428974237 -0.204930930891564
0.108834354256289 0.0374085063516502 -0.118658675840041 -0.11986284781248
0.0970469705025973 -0.0163701062836197 -0.12482928659238 -0.0175623557160363
0.0836752268679878 -0.0691850404959524 -0.0797403308521905 0.0438183110093773
0.0651968607178542 -0.0820094349839846 -0.0231582005424752 0.0406960510643029
0.0681278864823794 -0.0831167284585881 0.00263499730629443 0.0439641568938355
0.0977879215413245 -0.0414143008239151 0.0148724154552208 0.0576800624870607
0.111855915336303 0.00415013899894611 0.0133658835000174 0.0952298723242768
0.108593978093073 0.100490148737374 -0.0417631104839932 0.10816724284477
0.0277070925327954 0.155864776892049 -0.110835811059939 0.0637768536321857
-0.097852148192211 0.132077155234187 -0.100019921601045 0.0238945683723719
-0.194207035609433 0.0796748397069906 -0.0367827810052316 0.0314522535511812
-0.19452283465449 0.0435743331219224 0.0463429433957455 -0.0551425191662882
-0.167691865297214 0.103098900295428 0.147662857569755 0.00498227827673823
-0.0615383139220778 0.185851470006239 0.175599154315049 -0.122491817539581
0.0713894765551048 0.174773353483541 0.0584040987107645 -0.199686262034111
0.131652594646321 0.0545327097984737 -0.0777659733278653 -0.126260756144111
0.114975551835012 -0.0171469382181409 -0.084130024642869 -0.0367525054671847
0.097740087939184 -0.0762866206620012 -0.0488756353892975 0.0165614926359407
0.0728897266196517 -0.091802669904431 0.00290689406160052 0.0120147425816034
0.0703164167572 -0.0943681411991763 0.0316258112854386 0.0143381521326968
0.0999373893326441 -0.0516972366476209 0.0484642872897637 0.033487728661001
0.117777801292991 -0.00315563170045459 0.0501195426875694 0.0843071400622799
0.116671381642296 0.100907198654198 -0.00734091517973476 0.111549571379806
0.0288211348891049 0.16209899978697 -0.0826220629017555 0.0744403103745119
-0.103882953822426 0.131191501422558 -0.0745821334086532 0.0222991483120133
-0.201233889177788 0.0650028406892424 0.0184594457592185 0.024095901826792
-0.178470271548723 0.0116178599369807 0.114622656454644 -0.0432273419035572
-0.180153261897593 0.0730881044876437 0.187700582959091 0.0158048430056491
-0.0884936290945218 0.174760438896933 0.199283538819211 -0.0897168524678285
0.0522419414278578 0.182535644008833 0.0972284488539885 -0.170385890627557
0.128278340918465 0.0637118497167456 -0.0275156426642602 -0.117932291880518
0.111546633628867 -0.0145057044664093 -0.0351175123514909 -0.0509344366940963
0.094712003368305 -0.071679135282033 -0.013562840241483 -0.0124022986657413
0.069481160393906 -0.0890892820611381 0.0275682540843424 -0.0174788429051329
0.0638699357790884 -0.0916447573199956 0.0570699782729105 -0.0161454543146552
0.0911448383896422 -0.0541158872218038 0.0779346923472746 0.00875499461438231
0.109006036198243 -0.00720437759051192 0.0814986932177601 0.0711164697758374
0.107888880784402 0.0944357804497439 0.0210146126353376 0.108732536041845
0.0195656082754933 0.151477344457449 -0.0574144462268686 0.0790127950687563
-0.10449573349519 0.111029193183121 -0.0531753401337947 0.0166155870214437
-0.184970521147303 0.0373904504152015 0.0675154665104177 0.0165997486800587
-0.129430645536914 -0.0189909021159515 0.164405334327603 -0.0246561838302645
-0.152323008124573 0.0322003131532994 0.210304406551411 0.0269597677091411
-0.0900777815225149 0.129808994488102 0.203202222194136 -0.0521780351619525
0.028197379300686 0.150982824264182 0.120634075315168 -0.129506721609898
0.10059174488817 0.0551190148743702 0.0184499002084692 -0.101154230642495
0.0874349938463514 -0.0125452584440591 0.0104391866589149 -0.059971116450849
0.0746607740240438 -0.0571298314365832 0.0190065091814902 -0.0389316315496264
0.0550358907901292 -0.0729033473593369 0.0477802314499555 -0.0430427660460628
0.0500406577253545 -0.0759943170586984 0.0788508971188919 -0.0425623178076331
0.0728378750005696 -0.0482517627683975 0.102396866714867 -0.0107745515778502
0.0902328337577792 -0.00804643663340229 0.105306803002504 0.0615837714844805
0.0868141896257771 0.082107099991779 0.0413899520955978 0.106746651157737
0.00545127386909478 0.126861915103292 -0.0389649847698506 0.0826490116384755
-0.0988453612601468 0.0781356863216213 -0.0343676483883253 0.0120535823720291
-0.148608430090537 0.0010766808449803 0.106779558389689 0.0136072596489102
-0.0550595290384669 -0.0446438233675396 0.185049359462874 -0.00772038069942188
-0.0905949684156599 -0.00875201777970653 0.211220459374116 0.0306079371296268
-0.0619622515594436 0.0634179346891851 0.190850105859978 -0.023800444662573
0.00954862404201588 0.0868226061274106 0.128629977765157 -0.0945314879227417
0.0574024585878345 0.0305102048169675 0.0508235088102786 -0.0885129102047662
0.0469467548864932 -0.0105578682930952 0.0418594358558497 -0.0666890266160884
0.040088444380234 -0.0342382575485107 0.04180284621451 -0.0597440059482029
0.0315383408728208 -0.0457461800969953 0.0597627898682507 -0.0615558079327533
0.028998156726767 -0.0492794122572177 0.0942412622056118 -0.0614654993280081
0.047650617521321 -0.0371330912151563 0.12063212910938 -0.0222522054114148
0.0635807281678033 -0.00812999040863236 0.123279609592353 0.0591106655543677
0.0593687814006779 0.060988066710532 0.0527559887697351 0.110066823318397
-0.00775060924266234 0.0885319205787994 -0.0288917249797387 0.0894455722269313
-0.0813358225048597 0.0376049687177905 -0.0230970368999277 0.0105022566217613
-0.0938559008809763 -0.0339678526904884 0.133530643432529 0.015962290603221
0.0128560602092288 0.0467010908558758 -0.15226846731708 0.00780385606406987
0.0382060268586001 -0.0096399265238082 0.00430791698743829 0.0235747348136348
0.0139982995518143 -0.0363976561788236 0.0418261427885445 -0.098732511453514
-0.0273613789993208 -0.0213794711524452 -0.0528332443440608 -0.129873510177178
-0.0224467702685741 0.0103607337892268 -0.142623091912897 -0.0675738825893691
-0.00603985873600677 0.0158394156224018 -0.153143480882315 0.0309007315162554
-0.00729411076573024 0.00964600886049162 -0.105738863936248 0.0797848694539618
-0.00536035049825105 0.00639825563676459 -0.0657133332691767 0.0833413397853581
-0.00186263877166394 0.000588196174664636 -0.0522693901568257 0.0832192257295024
0.00220617673264416 -0.00480239940526753 -0.0551009073081329 0.0866219705034913
0.00357148065700296 -0.0114685722767798 -0.0670491565321219 0.0862448896452082
0.0208546709264092 -0.0106964578333309 -0.120162474925064 0.0678395083040633
0.041824666883743 0.00854198233176761 -0.175984608739922 0.0186907308071716
0.017838426483202 0.0446662239211098 -0.17374558435373 -0.0160003991158942
-0.0184777606842991 0.0633882928157987 -0.167780408897402 0.0180389237082714
-0.0555355646196511 0.0721106469124563 -0.133053666295628 -0.017231074559802
-0.0041563303846354 0.0423635272496767 0.0198009588293139 0.0114969319810791
0.0160427218367037 0.0275561184265768 0.0559246218395762 -0.120784677232114
0.0138931359274411 0.0212856352401566 -0.0500916412859572 -0.15599147051261
0.0209908183212028 0.0118365583999386 -0.150497576632206 -0.0782765776520575
0.0285337002035429 -0.000472003893572425 -0.156869924192419 0.0256195995345539
0.0233672021273903 -0.0240326525968125 -0.10517110456434 0.080398789685475
0.0207685072230667 -0.0303840622689708 -0.0575287132715561 0.0802107688724944
0.0295070780110207 -0.0322685169460861 -0.0416594475859522 0.0820015988638375
0.0468751502789383 -0.0153371541714664 -0.0406584630398133 0.0854290895088262
0.0513950571758739 0.00455576837173195 -0.0504075564116733 0.0926207096548685
0.0515364796012907 0.0477839051740879 -0.101249695262763 0.0795668441533006
0.0243500514124902 0.0749689317749423 -0.157686364041987 0.0330789068988921
-0.0413757205467861 0.0813399020322021 -0.152520622517241 0.00611905104250309
-0.0980690170032245 0.0767073796981446 -0.139828875451493 0.029492497075964
-0.12042868553188 0.0822590609562894 -0.0905451317804829 -0.0398852356790891
-0.0588543052028919 0.0866616103667917 0.0522392805531358 0.000792982187705894
0.00657433497848317 0.0975711287240475 0.0869491534021543 -0.139021368696375
0.0525946374498869 0.0742051184268271 -0.0313021195235614 -0.185242956161504
0.06804175753454 0.0186784323131897 -0.145147268888684 -0.0950919702606847
0.0654352908383032 -0.0134398594199628 -0.148379465982339 0.0104799759564891
0.0537274548157053 -0.0534357773772193 -0.0953905809004695 0.0689014266431066
0.0435303020165834 -0.0623568834684808 -0.0419157477329358 0.065129389086603
0.0515618355885358 -0.0628832747933711 -0.0201139725598629 0.0680328174705699
0.0786837093184423 -0.0308874197259018 -0.0136494989624967 0.0757505317278996
0.0894411823911082 0.00600427061884556 -0.0187017519572253 0.0970097213684292
0.0869919791853969 0.0823178457031368 -0.0716254210864324 0.0974919611100093
0.0264771408637695 0.124925361873702 -0.135188239100497 0.0535436411343464
-0.0762638042937942 0.11534432963139 -0.125808246210757 0.0225284359049136
-0.155923708267645 0.0869105334040778 -0.0917808041933552 0.0355133607604252
-0.16993493189948 0.0747087792373389 -0.0282594082569528 -0.0533879451059302
-0.116771930362683 0.112953668114214 0.0980268481678359 -0.00457446613010733
-0.0171538191175158 0.156720650594754 0.127802297268736 -0.145072191328626
0.0789906589736989 0.128696030874401 0.00257703725747576 -0.204247852981728
0.110180201495584 0.0312297890648157 -0.122441241608081 -0.111550828169248
0.0964345155008861 -0.0217111033988736 -0.123778237432899 -0.0103989617121881
0.0785183759648382 -0.0732666686114443 -0.0743738302941934 0.0468513795363944
0.059157084133359 -0.0852134208672125 -0.0205183889669751 0.0403052537321288
0.0629003120241345 -0.0862134577593735 0.00645026589629331 0.0425568981691018
0.0948457745711671 -0.047155005393113 0.0191582827525053 0.0559246764747255
0.111103290757655 -0.00182361771138096 0.0197658684403859 0.093161029811312
0.113936696994139 0.0939541045543881 -0.0344771574705948 0.109500644407892
0.0354353009823828 0.15308137040776 -0.106697721600374 0.07090832242734
-0.0911776239188602 0.135475101156728 -0.0985648001535923 0.0289953386745476
-0.188178268708209 0.088692944190731 -0.0361388558259922 0.0319219353877653
-0.191201441125009 0.052225350540695 0.0434175781566656 -0.0558465847884355
-0.161728578155331 0.110172926330868 0.146182206771344 -0.00177879911912317
-0.0508460335337096 0.18778416738542 0.167759622631947 -0.130403657343448
0.0818339289441625 0.170204030589733 0.046359984128285 -0.201042296549782
0.133065935646159 0.0470544123598336 -0.0816851461771123 -0.119675594489638
0.113506803561759 -0.0234467219977042 -0.0842915939747936 -0.0313847030913691
0.0918262378020875 -0.0813036908041635 -0.0455230130889838 0.0181813513613878
0.0662649739706283 -0.0963303333977783 0.00308560696998621 0.0106802252260244
0.0643923766462763 -0.0970827872698948 0.032683619007571 0.0116760954444151
0.0961150610976792 -0.0572982061262875 0.0507181099518961 0.0305404710647628
0.116421872509492 -0.0095200170484519 0.0565693768703832 0.0800843068869326
0.12269133286374 0.0938768940782057 0.000198632355896302 0.110803043109974
0.0370785390868598 0.158640570563284 -0.0778105288482951 0.0800621498901381
-0.0967173154265751 0.134874486433094 -0.0736952054022542 0.0262800674107588
-0.195700170664668 0.0755306371584563 0.0190333931803772 0.0224701426250106
-0.177199582939273 0.0206141829805727 0.112148010713764 -0.0465977554451348
-0.174911869948371 0.0811758154158412 0.186210962554406 0.00649745602897634
-0.0786104344237047 0.178148599042235 0.193205228279402 -0.098932368682628
0.0623543769532742 0.178415559213308 0.0861426995413503 -0.173985965653881
0.129656142026452 0.0557659210316326 -0.0323338061329079 -0.11404172865434
0.109933887339882 -0.0207359454286453 -0.0371200140453242 -0.0489718263886339
0.088879203540727 -0.0767115390415576 -0.0123254236482865 -0.0121544583607369
0.0626330484502738 -0.0928421574129326 0.0266408801345189 -0.0191821761245285
0.057906582569887 -0.0940325703856216 0.0563523813695183 -0.0196930372651919
0.0866125279068991 -0.0588242492075309 0.077898205202117 0.00408899152076595
0.107197810614434 -0.0127083327533457 0.0859094971755667 0.0654429740938164
0.113175960926604 0.0876255592138388 0.0283903207929082 0.106552642876681
0.0274185923134303 0.148807414625473 -0.0527583012635938 0.0833354636198233
-0.0982474022364803 0.114713080582866 -0.0521656124076793 0.0200103744060434
-0.180923225161513 0.0471659541211612 0.0667701104309194 0.0127039082738769
-0.129645340572169 -0.0118063657579313 0.162665739150611 -0.0306817514553236
-0.14872740837685 0.0402037719744394 0.208989764956782 0.0162645828535298
-0.0814822349087939 0.132824376438261 0.198506716367489 -0.0616195192865209
0.0374017801009842 0.147809230698538 0.111197387301623 -0.13495974104685
0.101952958536956 0.0482980464098051 0.0132955329364392 -0.100392869399666
0.0849621274651682 -0.0165702745197639 0.00722024381828416 -0.0603869932033643
0.0694091573378557 -0.0605196019594165 0.0178560721024252 -0.0397536161603946
0.0492444960841649 -0.0752945590750779 0.045394385480321 -0.045733404609103
0.0447625946459367 -0.0768003316010843 0.0758256370617514 -0.0467189846330069
0.0692159248614433 -0.0519595272673263 0.100535185093346 -0.0160971216055647
0.0883754876520275 -0.0124041069670272 0.109185116071602 0.0548349134809767
0.0911763951398178 0.0761689666208732 0.047565547171288 0.103724443890442
0.0126861311249384 0.124743253208534 -0.0343871348746397 0.0848181691140312
-0.0937226530763341 0.0814779718309486 -0.034475068181238 0.0142349821122617
-0.146742460751417 0.0103505580058206 0.106340718700324 0.00753982723291076
-0.0571027677947483 -0.0406452089502899 0.184622596462964 -0.0148829772303531
-0.0896629409109845 -0.00342470815009331 0.210409246805734 0.0199520033888662
-0.0568381626267805 0.066057854388668 0.187800104830159 -0.0335167797054473
0.0150773088682675 0.0847280113681973 0.120427139222002 -0.100292636076874
0.0573953527726186 0.0260872644581386 0.0455434261656258 -0.0892731213317803
0.0452068112610852 -0.0122100243969164 0.0372256784031945 -0.0687811436980054
0.0368713041310551 -0.0355703401814327 0.0382234359204646 -0.0615521727050835
0.0278502748349366 -0.0467297088332319 0.055986416364367 -0.0640302460572595
0.0255141921901587 -0.0496778989563852 0.0893862213189369 -0.0666006420384267
0.0442291677910316 -0.0391439987455662 0.117588019539508 -0.0285342978902038
0.0614779104517557 -0.0115411656972968 0.126588162493069 0.0511985543735187
0.0621361270607127 0.0561577338039394 0.0587173003421617 0.106522569807503
-0.00238117142131192 0.0871668658507927 -0.0242122209644062 0.0913188387608537
-0.0776406484448428 0.0403296897013065 -0.0235824151477716 0.0117786489912633
-0.0937675708153519 -0.0274672809593211 0.132101760792418 0.00824265268263947
0.0147595439272076 0.04461726820575 -0.146075102795623 0.0150327062458593
0.0351618355407657 -0.0104119294041064 0.00676033924357297 0.0232184729347741
0.0110922881050239 -0.035215367548485 0.0352481545637367 -0.0986353685724614
-0.0267426352401481 -0.018374317372082 -0.0590178710518733 -0.12334578553854
-0.019642474471319 0.0105326135269089 -0.141260952909004 -0.0565603309060186
-0.00432296488105071 0.0149688428111276 -0.1442267688696 0.0394903778735989
-0.00597678967045772 0.00920765330382261 -0.0964630634697203 0.0835336956559879
-0.00441918505388802 0.00603119784242543 -0.0583064630515589 0.0842333324810815
-0.00145275554227037 0.000265475476119449 -0.0451704800126762 0.0832006587075487
0.00245001946626004 -0.00467575499392919 -0.0468451537527403 0.0864964931453721
0.00328735613804764 -0.0105584795360928 -0.06004609208271 0.0863800666757967
0.0198205947607074 -0.0106807944865519 -0.112599441939342 0.0717624629260154
0.0393032597744338 0.00603465433657753 -0.168388427024999 0.0288485340436076
0.0177106701512304 0.0426740729910572 -0.16866782516543 -0.00713022918164097
-0.0149511156130501 0.0614375248911768 -0.162802274411297 0.0253853945036258
-0.0500165178207457 0.0728719046327291 -0.128817635767627 -0.00963492187637055
-0.00295720988747719 0.041458870642484 0.021011623961207 0.0108138284495942
0.0168853278708398 0.0270594478469631 0.0477744520757922 -0.120868899099406
0.0154233471026402 0.021050613587402 -0.0573278782628772 -0.148597175765325
0.0223336497178905 0.0105375721401182 -0.148521877919342 -0.0667441908483659
0.0292936475168925 -0.00290816713684057 -0.148359012825911 0.0340028943004265
0.0211895026439865 -0.0250287659197382 -0.095516482584403 0.083211761556796
0.018210240694038 -0.0308064738193945 -0.0506571413977268 0.0797652692462746
0.0265975543854494 -0.0339703170133277 -0.034114212672568 0.081103913671509
0.0451143865833505 -0.0181486878088659 -0.0332012283450951 0.084224516251073
0.050195924166331 0.00171745105869586 -0.0426306850700113 0.0912273597296668
0.0533094827803552 0.043873921602621 -0.0935363016758488 0.0822016105296959
0.0268479074428785 0.0712324010500832 -0.150705819056573 0.0419983285931818
-0.0375718583374827 0.0809124411026442 -0.14750589650892 0.0132281472755522
-0.0904685427208042 0.0787179251622134 -0.135007153410524 0.0345024602787157
-0.112633392048446 0.0851419611118257 -0.0885344597797782 -0.0337872831363778
-0.0535776446181464 0.087128045424357 0.0510168370887024 -0.00114403534086318
0.0111041479075165 0.0942097060877998 0.0767039284225332 -0.13997011546414
0.0562114946611295 0.0690510874969266 -0.0410460907046873 -0.177091564550785
0.0677579556330269 0.0146486757942193 -0.143908731364132 -0.0834529792091685
0.0631853536195433 -0.0172276899444857 -0.140827300922195 0.0189840717393493
0.0485860205666611 -0.0543374828232589 -0.085511971061918 0.0706324453670352
0.0375853804778177 -0.0635163445634429 -0.0367953137208027 0.0644590317489026
0.04599573468321 -0.0642893954062567 -0.0141624827776496 0.0655785441764669
0.0750894964412605 -0.0351208863919554 -0.00736878861693463 0.0733296604376201
0.0870317498583028 0.00088518733168785 -0.0110539664826201 0.0943586707124654
0.0897976672704946 0.0751545993868412 -0.0626882171506848 0.0981348175307527
0.0314856879079372 0.119950148955144 -0.127384271712207 0.0612732584363819
-0.0695826859273025 0.115648262227583 -0.120900809943909 0.028683293350514
-0.14607242874443 0.0924617233784905 -0.0878477306170435 0.038083613129941
-0.160340113580031 0.0804974834826085 -0.0297564303575915 -0.0492216634727688
-0.107482981909938 0.11484785193195 0.0942316624821484 -0.00866793175141872
-0.00843778605037713 0.153122611985752 0.115840309071914 -0.147368194381539
0.0850638113517745 0.120443041735887 -0.00965305220674016 -0.197017326107436
0.108776922308307 0.0241395910021952 -0.122628978372508 -0.0999193371442016
0.0928115125926924 -0.0268163416553743 -0.119065443602163 -0.0029295452977831
0.071054892436186 -0.0757126010564651 -0.0667076676405633 0.048690921483347
0.0510266094631334 -0.0871348665974581 -0.0173699461563945 0.0394812239572625
0.0553748367444396 -0.0869670245954626 0.00930324848369433 0.039926645713373
0.0889084893155596 -0.0511135946375205 0.023040662388479 0.0527992892529644
0.108156405092067 -0.00777716313424313 0.0261067725961752 0.0875287698343659
0.117312326904447 0.0844894356139371 -0.0260055230923374 0.107660018932668
0.0424225621414882 0.145915260298052 -0.0992880109501482 0.0764631163467174
-0.0824279156241623 0.135597651309856 -0.0942362413766855 0.0338756070273273
-0.176538337878829 0.0958313985752908 -0.0341982754860743 0.0319760447970706
-0.181874449494288 0.0599558147324378 0.0397098760985778 -0.0548427350879498
-0.150707869593924 0.114806841892332 0.140489035983234 -0.00891445271965825
-0.0394999450046484 0.185030569851849 0.155179408084486 -0.135698111762514
0.0896659759211356 0.159402944771267 0.0331679635104855 -0.196447041332423
0.131465049902441 0.0379198415302901 -0.0841500713144093 -0.110008776966043
0.108905037454325 -0.0293484720309279 -0.082900294368931 -0.0262847203713923
0.0828361292607326 -0.0840878118347542 -0.0406125991515728 0.0196742785332252
0.0571687646667442 -0.0975927549183624 0.0039161415602104 0.00959021933488351
0.0562220896458956 -0.0973405429513424 0.0326327909735266 0.00836486046875587
0.0894481066502894 -0.0610955497472679 0.051276024485642 0.0258710117020762
0.111624264830327 -0.0154295687771062 0.0605571737081784 0.073105776772664
0.125061717350344 0.0830762381705607 0.00779777910744244 0.107303061757576
0.044828691842752 0.150828120064327 -0.0705181595940809 0.0839846300389124
-0.0869845731220861 0.134961993041038 -0.0702044379833838 0.030494692382885
-0.184146816848479 0.0838921458189922 0.0183378211724898 0.019850989956771
-0.170218460457101 0.0290737841245807 0.106668523755262 -0.0497625947914618
-0.165522625797882 0.0882653864506537 0.179880760299311 -0.00249382987800748
-0.0659158109305893 0.176434872822176 0.180989569958192 -0.106235452629021
0.0718641884072388 0.168391702261162 0.0720467478404264 -0.172417867121304
0.127613221531974 0.0464425322145208 -0.0365685671296226 -0.107325749572815
0.105120856630477 -0.0256090181520587 -0.0380422521893828 -0.0453841486109195
0.0800436767761244 -0.0794478918101811 -0.0113039551514941 -0.011613345137816
0.0538546129005211 -0.093618779966755 0.0247778288192327 -0.0208282117427838
0.049973408996065 -0.0933024349896797 0.0534214398308421 -0.0232864651470283
0.0796479257477858 -0.0614422241860028 0.0758729411236641 -0.000570953819278592
0.102409388234865 -0.0180507054450959 0.0879239698587883 0.0574539204742349
0.115055024792206 0.0775288583273718 0.0343904866862723 0.100952163985021
0.0353633840903552 0.141115849241641 -0.0460384773357673 0.0846998045602567
-0.0888054367074521 0.114991024696322 -0.0499282875798892 0.0227376765949932
-0.17128187041848 0.0564031111764692 0.0644026219411046 0.00810140626127994
-0.126482623004989 -0.00377226194455185 0.15657639089614 -0.0366021119316954
-0.141658199454401 0.0468426061370473 0.202689774215875 0.00592258364959585
-0.07085498290475 0.13242558651881 0.188324318270539 -0.0703381030695668
0.0452693184339023 0.139790832309403 0.0984765626313581 -0.135428811618857
0.0997805890855992 0.0404038269097651 0.00793870166034481 -0.0966030541547756
0.0811746979296415 -0.0206087624722916 0.00380803192001228 -0.058694759302109
0.0625071276198759 -0.0625202668553703 0.0159746024829288 -0.0400332994062277
0.0422134399315092 -0.0759175489376306 0.0408694773321778 -0.0467170770388642
0.0384119187253487 -0.0763155823086468 0.070281253134339 -0.0498437735018327
0.0626390942015188 -0.0539076411473009 0.0959686040587733 -0.0213396664109535
0.0841763270007768 -0.0170252975522528 0.109679060833967 0.0459913316422985
0.092271119091028 0.0672501615762815 0.0526535367963878 0.097755461056556
0.0191931019847353 0.118884868385664 -0.0284193532432834 0.0857132130481045
-0.0861774354624636 0.0830831313996375 -0.0334140878686351 0.0165644399896183
-0.139850762086789 0.0192139462494285 0.101880049622884 0.000894088294264546
-0.0580372259981945 -0.0348892566662269 0.17891358781031 -0.0218867290377581
-0.0868498089882675 0.00218643598777293 0.204812988320107 0.00862050899511666
-0.0505150519658793 0.0661791385571467 0.179151108999043 -0.0422569168148453
0.0197092030293651 0.0801877744576481 0.10910793759629 -0.102746927178067
0.0556933944329693 0.0213730365437509 0.0390552113458856 -0.0877048711169113
0.0420506356448817 -0.0141801787881736 0.0319267080473248 -0.0691866171340973
0.0325825930758257 -0.0357787099422482 0.0337732738991351 -0.0613901661879889
0.0236681909875875 -0.0464107145749255 0.0506397450650101 -0.0651811254634338
0.0216310774583407 -0.0485884038202352 0.0820357222976812 -0.0692220905680844
0.0399073748921437 -0.0399263904399924 0.110902199915241 -0.0337858767386222
0.0581104446713415 -0.013877499844015 0.125540951717347 0.0413457294781837
0.0636346483334742 0.0499072987789691 0.0633538121813503 0.0996520554836999
0.0029897506362225 0.0829695031768033 -0.018233124983423 0.0905898145863795
-0.0722924079975224 0.0429091957036573 -0.0226103514931561 0.0130827690200021
-0.0906885846302382 -0.0197955057231013 0.126879876971672 0.000296893562813412
0.0146639663355099 0.0420196867579553 -0.137217317024095 0.0187883357268235
0.0317334223432557 -0.0102728989384975 0.00869967533838358 0.0215817842149653
0.00950020582257456 -0.0326402295731539 0.0295890619576637 -0.0965683149943436
-0.0249323381055509 -0.0157558450641297 -0.0606433371614003 -0.115173162633545
-0.0168955076704599 0.0102667049404126 -0.135919600394701 -0.0488346255082482
-0.00254616146231801 0.0131951261183972 -0.133825570586811 0.0430263085863992
-0.0049510418328316 0.00914510559820298 -0.0875418639415432 0.0827633547206524
-0.00348730849431622 0.00540482303847267 -0.0519162083098101 0.0817040353077123
-0.000676318651666319 -0.000503994225346394 -0.0392528981007746 0.0800678918402473
0.00272510924843786 -0.00523139376803106 -0.0410121647401836 0.0832676050187617
0.00276059011934254 -0.00991578371336496 -0.0540439441927358 0.0832149911802601
0.0192278790307473 -0.0101348543646637 -0.104811604437164 0.0719882315166588
0.0360783597786104 0.00433883802262123 -0.157912411535317 0.0340438711372521
0.0168265198455614 0.0406171029385997 -0.160557644563392 -0.00310478983887767
-0.011956797815507 0.0578252546823696 -0.15550998493348 0.0273318682331897
-0.0459780868592563 0.0703892233810429 -0.12171170758016 -0.005425254507979
-0.0025623165905193 0.0399461389854259 0.0214155144001462 0.00957827122394096
0.0165390419645917 0.0256067806810057 0.041443918562272 -0.116856302185324
0.0163626639112348 0.0199508408842717 -0.0600033642240315 -0.139409323111527
0.0227446440073284 0.00893651401532429 -0.142941186741873 -0.0584833892575054
0.028280124881272 -0.00424005841849853 -0.13803327100198 0.0378573143929948
0.0192133766875432 -0.0245482925046363 -0.0860646977586109 0.0814616259367956
0.0159665631279139 -0.0308005914256756 -0.0453655081411863 0.0775363623426831
0.0244083443135759 -0.033582777260425 -0.028473498090987 0.0774418299001832
0.0426765849756391 -0.0190893012892123 -0.0274881925393867 0.0806376919440535
0.0480007227212298 3.71699990054297E-05 -0.0369106981132644 0.0873542875558236
0.0531012098647784 0.0402728454745192 -0.0855679709624358 0.0818652935336084
0.0263591081623943 0.0668847136396579 -0.140914891404312 0.046324985655962
-0.0343687183511894 0.0786607066680709 -0.140217006309766 0.0163929878981929
-0.0834608256891688 0.0767875002232364 -0.128161351873152 0.0358828104824086
-0.104664793765672 0.0841996941495367 -0.0848403257037983 -0.0289492732138009
-0.0488488442920728 0.0845764237299508 0.048901066283087 -0.00189956740320109
0.014010470687911 0.0898500349324989 0.0675496666246511 -0.135951756693401
0.0573435899275626 0.0642262724878443 -0.0458813635072609 -0.167087096375339
0.0658139036251395 0.011680328746363 -0.138099708332539 -0.0744758675233803
0.0603623213910096 -0.0194784492508818 -0.131725996330081 0.0227788370044716
0.0439105655028959 -0.0535915057039111 -0.0773298228195574 0.0689674084713739
0.0327435452392787 -0.0622912590767009 -0.0327849954631415 0.0618395191063922
0.0414076422074493 -0.0630281720640777 -0.0101937708827733 0.0619190123973602
0.0702791914481731 -0.0362243090252605 -0.00309626518413013 0.0694394460638316
0.083425952012238 -0.00223423792747152 -0.00634677009131359 0.0884365641672439
0.0892773894818341 0.0679894580065422 -0.0555954402799968 0.0952305802300048
0.0330166436820823 0.112362489644502 -0.118492696362225 0.0641740075005111
-0.063403617760824 0.112307919577901 -0.114587111071954 0.0304552650407071
-0.135120068544398 0.0923084719690098 -0.0838491077047829 0.0372326191197425
-0.150026586243749 0.0811698061971705 -0.028904778671567 -0.0454077975905172
-0.0995182841863079 0.112342912071636 0.0889547639463823 -0.0103638856807386
-0.00270483891604354 0.146230733821526 0.104893388567767 -0.144190469120262
0.0864183341880721 0.111353902338924 -0.0165782095783153 -0.186548190135279
0.104144319551564 0.0198037768472876 -0.118196872385229 -0.0911411096808577
0.0875781992263928 -0.0296862730460475 -0.111904959900149 0.00158269095687376
0.0638953598107695 -0.0743477984658518 -0.0599576231582535 0.0469369313323928
0.0442519157105504 -0.0853042595608868 -0.0151802261592311 0.0370474048463204
0.0494321657592666 -0.0849502814270821 0.010723003456916 0.0361844241540203
0.0829156604816755 -0.0526794775821256 0.0246286617393577 0.0487362947207359
0.102588864758765 -0.0111886320530425 0.0291768650495384 0.0808440730002957
0.115551092930937 0.0758673487780138 -0.0201491399729167 0.102705914330706
0.0450737347092802 0.136896009350169 -0.0908446231606084 0.0781086358115455
-0.0743898178793878 0.1311194271213 -0.0890894228835846 0.0353842086703627
-0.163705764911686 0.097074185184762 -0.0328862966203589 0.0303145467861096
-0.171560755070169 0.0622687100939588 0.0371249001745532 -0.0523158359961441
-0.140309226903294 0.113904798806786 0.133018081793935 -0.011971425008811
-0.0310823438788773 0.176748247666179 0.142432719080339 -0.133855496721559
0.0920548228167613 0.14815742220015 0.0233264879617689 -0.187213413516663
0.125800895296042 0.0314419850720018 -0.0822745744919419 -0.100908283524325
0.102464864601187 -0.0319295591903504 -0.0783307753907887 -0.0219060808323292
0.0750679663177 -0.0828446145343347 -0.0361802239020903 0.0183558321241705
0.0491596195166309 -0.0948949791788264 0.00409995378818884 0.00829347228038373
0.0496540053566635 -0.0939471337125467 0.0315243557033545 0.00565343088416157
0.0822059905923539 -0.0615253895150091 0.0503337867151794 0.0222169498556693
0.105542013648208 -0.0186740329945936 0.0612076995001831 0.0660374587064938
0.122689633627032 0.0741345476407062 0.0125284859739538 0.100885174194801
0.0475204853242359 0.14144788941089 -0.0637776760110824 0.0840486870681409
-0.0786119764226817 0.130301896565449 -0.0660980694620115 0.0313126034556275
-0.171296423785158 0.0860444722676966 0.016637231148983 0.0175039829181777
-0.161192892036301 0.0331408336143496 0.100965660813239 -0.0488121453679145
-0.154400152489445 0.0891003120214622 0.170643300320768 -0.0074475925969414
-0.0560565702198355 0.169300771014429 0.168440521110107 -0.107054728492025
0.0751609262158128 0.156713665506851 0.0613290296344312 -0.165162380467342
0.122313137023555 0.0391756422307377 -0.036994018776195 -0.100059113314662
0.098825371614178 -0.0284081121977194 -0.0377129340879499 -0.0420056470112304
0.072045332977031 -0.0778667760588197 -0.00952230798152687 -0.0117627953231844
0.0463271392875317 -0.0907638790508579 0.0227205081403269 -0.0209717942114695
0.04399058249699 -0.090166076514964 0.0496208937416463 -0.0247485377829281
0.0731875935292269 -0.061065492427799 0.0718640411179722 -0.003635693498789
0.096644273011991 -0.0204253527351047 0.0867753005683505 0.0500804492051309
0.112926545426744 0.0688388917158653 0.0374125079495925 0.0946290882597961
0.0383448350198974 0.132187170262905 -0.040808855599143 0.0840863991050668
-0.0806330242198893 0.111846532532218 -0.0470191836226152 0.0240502597210235
-0.159750279090836 0.0598763355679149 0.0602902389844569 0.00508438359697546
-0.120185852609867 0.00129329313402897 0.149434003248953 -0.0381791339780187
-0.133364144544615 0.049791577431283 0.192790955518462 -0.000373312205090918
-0.062258308353307 0.128040429855018 0.176630640696422 -0.0731735140663411
0.0486212344569897 0.129718893361771 0.0873777147619681 -0.131232949507483
0.0952300889841371 0.0349474636959545 0.00484342256036548 -0.0914151986130034
0.076321657944305 -0.0222347965556367 0.00125361013850282 -0.0564129858023013
0.0564026885413444 -0.0614269364256209 0.0148520710531184 -0.03917509971661
0.0360277824060749 -0.0735005981779285 0.0375960878229849 -0.0457133031318835
0.0332003887195464 -0.0733117630787303 0.0646394834792892 -0.0503029329146911
0.0573809363222803 -0.0534729238683952 0.089876153862783 -0.0233642235249752
0.0784664136035963 -0.0187425215742555 0.106419238801079 0.038969864718145
0.0913714129700215 0.059586840401814 0.054294975606058 0.0906842641153621
0.0228737265673964 0.110695634623929 -0.0237628461067024 0.0835409715998413
-0.0787033402245339 0.0811531306780138 -0.0311731823625965 0.0172113327271247
-0.131197130062159 0.0238466422819672 0.0952979089413456 -0.00246215658129731
-0.0563132641772187 -0.0299870642532041 0.171041774054729 -0.0255288095284401
-0.0820559645914872 0.00614288672216845 0.194869145456486 0.00260901352209548
-0.0452564135192757 0.0640888085923011 0.168772910611751 -0.045472639357941
0.0213446686392087 0.0742379516191765 0.0988543308477915 -0.100393389753013
0.0522275379325446 0.018122056982462 0.0340313138020814 -0.0840763538478672
0.0387373323752383 -0.014383946040157 0.0275662866504306 -0.0667835909310217
0.0290675383344486 -0.0346814173571276 0.030332809333795 -0.0593277085478399
0.0197620383225337 -0.0449190021560566 0.045993488521045 -0.0633503128230604
0.0182584614569041 -0.0461517959845157 0.0745595318684261 -0.0683300499524176
0.0352125286224272 -0.0390786047318992 0.103360348976955 -0.0354641586532405
0.0536209399219791 -0.01529447329847 0.120647132422498 0.0346090887963455
0.0620326531509736 0.0437440808427064 0.0642232242616664 0.0922663126212546
0.00582367397644658 0.0775888888799755 -0.0138925622752574 0.0878972715671529
-0.066758584168464 0.0424340985760865 -0.0218340633483454 0.0135940191569374
-0.0859198971789539 -0.0148964934357983 0.119395152080055 -0.00375422771786953
0.0139992399658814 0.0402419757221261 -0.131492165702376 0.0183504345305968
0.0295646234692689 -0.00911456970767224 0.00936537180713348 0.0200872650411121
0.00904978970310113 -0.0309448775891428 0.0266695112402854 -0.0935680266363812
-0.0230668139969542 -0.0146295277047983 -0.0595686271677054 -0.10990944847197
-0.0150987052465426 0.00927008656307814 -0.130472148812909 -0.0451077313605165
-0.00138151277439744 0.0118507879165753 -0.125981420937568 0.0422537338489969
-0.00409362290431395 0.00829617044094227 -0.0820252264306267 0.0795875858304379
-0.00293777166036697 0.0047570936435624 -0.0495516795694248 0.0784107267918433
-0.000495121213210086 -0.00105542998537098 -0.0362675643615294 0.0768783203088227
0.00290539503636831 -0.00513598057384021 -0.0372919851690234 0.0795960399327292
0.00321264690131315 -0.00865190262102663 -0.05043350242864 0.0796130475578558
0.018265720881513 -0.00934712084693093 -0.0995860585213699 0.0698285863108383
0.0331088035325969 0.00417228902163868 -0.1492825381769 0.0344115774553849
0.0153751794821675 0.0390286013129567 -0.154117243149865 -0.00298615284349127
-0.0112903761355462 0.0548169303022797 -0.150385535849825 0.0257710431459522
-0.0436536866328044 0.0672186319270201 -0.116335804578473 -0.00445017362048568
-0.00295581308785576 0.0386703599515659 0.0210609286154889 0.00894898495681429
0.0163365667534368 0.0255651218159714 0.0382650731662734 -0.113456202543989
0.0174265287770372 0.0190506889078009 -0.0593406493915764 -0.133263057780843
0.0230981950062858 0.00799248144044806 -0.13582127818749 -0.0546260395831335
0.02802196214208 -0.00564173367047128 -0.13024897563477 0.0371989399542479
0.0186398829647721 -0.0240280003954675 -0.0805401316226875 0.0777063668505887
0.0142650039936751 -0.0302183585482333 -0.0424807388259022 0.0739747365657206
0.0229013055728066 -0.0332041103365973 -0.0258094370163816 0.0734881223654157
0.0411538387470921 -0.0189662754174203 -0.0244293926047459 0.0766991559007809
0.0464994496117888 0.000247026004613982 -0.0337920609298376 0.0831059839296334
0.0521029593587954 0.0384216428234555 -0.0813822192938524 0.078891003616314
0.0244355126954731 0.0640334968049334 -0.133782560196265 0.0461366817237638
-0.0334801048102135 0.0759719418537386 -0.134519269533096 0.0158598461619413
-0.0793437374804518 0.0738134554077012 -0.123999537568688 0.0338227568425428
-0.099417759275601 0.0808803759343673 -0.080706315393012 -0.0272593320093769
-0.0467607085626395 0.0812569450487989 0.0472115544859451 -0.002060645378934
0.0141154715511655 0.0862453592706731 0.0636657868239771 -0.131479564280041
0.0565517673331192 0.0610911698124722 -0.0456646897290175 -0.159576674360765
0.0638212460864378 0.0104514547281339 -0.132056728404773 -0.0704690197315251
0.058329937787738 -0.0202634580148333 -0.124748274491201 0.0228450129275168
0.0410274131224216 -0.0517751506549298 -0.0721231990786039 0.065127967853458
0.029795576342914 -0.0603092678832332 -0.0305504310001689 0.0585761072501217
0.0392316828457214 -0.0610053920580725 -0.00842156046507939 0.0581839712343151
0.0669934712147724 -0.0360779212648302 -0.00146890977252958 0.0656973927951648
0.0798018023927161 -0.00238382611139241 -0.00466145684016567 0.0840455060829427
0.0869842716759557 0.0640445874282093 -0.0523200671730642 0.0913824355327938
0.0318343141398612 0.107803167151943 -0.112085832865175 0.0632051402593992
-0.060868618596239 0.107969830515169 -0.109491578754884 0.0296667832378405
-0.12903873899721 0.0885714790930995 -0.0812539178293372 0.0353005241843826
-0.143640770611661 0.0784245078409864 -0.0273224425596787 -0.0426592581681458
-0.0951953886585032 0.107845841613969 0.0855282503338949 -0.00969668648685655
-0.00134068701331757 0.140511418649545 0.0992224946360667 -0.139561965929908
0.0846407595446857 0.105643058658654 -0.0180240480975576 -0.178030879045653
0.100455814953169 0.0180272674194841 -0.112827293940138 -0.0865261595466753
0.0843049076203155 -0.0301934029770667 -0.106473118601601 0.00240138486146606
0.0602622069719315 -0.0717992905692759 -0.0554655974474378 0.0436277194587448
0.0406462050056259 -0.0825421139458872 -0.0140429898956634 0.0353642201983481
0.0461321427803005 -0.0816057301202676 0.0113870257748216 0.0334326284075989
0.0783904526612119 -0.05149141218693 0.0248683988621255 0.0455562148225738
0.0983468899815306 -0.0118785780586114 0.0294670158849562 0.0763486804689585
0.111903219466498 0.0712993996040374 -0.0175219956479723 0.0983614755001211
0.0435467000900315 0.130509265845955 -0.0856705701529121 0.0772468993114791
-0.0713831814016966 0.126116978946376 -0.085270932105227 0.0344372255614501
-0.155910280931971 0.0937062141679984 -0.0325107575238756 0.0284970181381025
-0.164296233029535 0.0606479328395207 0.0359934850920678 -0.0495809504154445
-0.134476518817523 0.109792039595468 0.127191163190184 -0.0115196162376107
-0.0278823636390248 0.16964696787473 0.135071050810609 -0.129682789908317
0.0900314967024751 0.140107695286767 0.0196818520201121 -0.178992327353482
0.12082212888889 0.0293289440554434 -0.0783601917706899 -0.0966116221790861
0.098016944510165 -0.0319172889616059 -0.0750439322258499 -0.020049378096486
0.0696584018916692 -0.0792956339947159 -0.0330453810384218 0.0165968279556793
0.0444381512718589 -0.0917118435281102 0.00429428675792002 0.00716079322920411
0.0460901283063262 -0.0905627392919268 0.0305246551197705 0.00414149548948557
0.0777640049891634 -0.05927167063709 0.0492067321444511 0.0205106423964845
0.101202662295333 -0.0184319498539745 0.0606532540960941 0.0617309205345972
0.118653820345688 0.0689370405922864 0.013594693706985 0.0963756858281827
0.0464188475144503 0.134947773585083 -0.0594641139735569 0.0819397106638375
-0.074971538786659 0.125045892323565 -0.0638104072764995 0.0311126341841474
-0.162342072458917 0.0835567808392666 0.015242461487849 0.0162021734341198
-0.154210685072271 0.0328275484643176 0.0972447717464432 -0.0461587382612242
-0.14740988165621 0.0864014375351339 0.163000465139195 -0.00716353318269145
-0.0524625474684243 0.162981830905051 0.160077429876969 -0.103752553245076
0.0740458126721244 0.149010128502502 0.056613841388129 -0.158087577729969
0.116784668135688 0.0367934903176085 -0.0353143208856492 -0.0953409304030349
0.0942227311069671 -0.02816000380763 -0.0362035528681408 -0.0395253202297607
0.0673605586688626 -0.0747491683702003 -0.00804948497145154 -0.0125643723104216
0.0419410871681872 -0.0876102942513582 0.0213001650013811 -0.0205855425365737
0.0406137828406572 -0.0863883686639435 0.0471094805814079 -0.0248427409938796
0.0691101430372792 -0.0590271581097407 0.0689390942005491 -0.0044661906805712
0.0917666189000014 -0.0201961670527001 0.0844462821728026 0.0460096142083625
0.109233752274227 0.0636335891865472 0.037468110563427 0.0896554182768843
0.0380282333231252 0.125639743351236 -0.0375233533091143 0.0818872418820258
-0.0767032542995289 0.107169607758104 -0.045420449162719 0.0239255763980794
-0.151001800478344 0.05856803969067 0.0564676768107956 0.00431278639492575
-0.115368268389028 0.00303164720949225 0.143431429883373 -0.0361646295286256
-0.127452335624074 0.0495414878690037 0.184359980824637 -0.000688679665010111
-0.0584844873061124 0.123043571321685 0.168266240155162 -0.0710268558331021
0.0481449999149603 0.123035659884677 0.0817360198653142 -0.124794017317681
0.090473215305997 0.0324057679169562 0.00433092081703986 -0.0871143761180634
0.0722433211658622 -0.0214761925965124 0.000174261462149525 -0.0536314004793452
0.0520756760450534 -0.0586166887057672 0.0144473315583743 -0.0381925751625317
0.0322591923750246 -0.0705840130738158 0.0358545146819491 -0.0440934958825173
0.0306642588899308 -0.0701944718223937 0.060648970550893 -0.0486979882747248
0.0536146393058258 -0.051020811953439 0.0855495415640957 -0.0235056203018642
0.0746159805192614 -0.018265723912711 0.102637440539266 0.035015010552384
0.0878810204534285 0.0550265827783296 0.0532039727189214 0.0858608342196827
0.0224581329736612 0.104679507220998 -0.0220306566543773 0.0811157497946444
-0.0745092422082883 0.0774755615801901 -0.031195180324433 0.0171779587994741
-0.124265271893487 0.0242633267554324 0.0903060219359647 -0.00278576652611106
-0.0542794626867269 -0.0268169001674452 0.165017650286103 -0.024008801872448
-0.078196997026377 0.00716041827507594 0.186863784800105 0.00134906735363997
-0.0423116645773585 0.06090853873489 0.160934825554308 -0.0448192508413842
0.021480669424225 0.0698165926936147 0.0926421401901645 -0.0959765233166644
0.0487540996370817 0.0164835864156537 0.0319898094587647 -0.0794167376857336
0.0364335892785907 -0.0132533724963298 0.0252748260281801 -0.0640850081678354
0.0268873775869893 -0.0330102015296326 0.0291506287112069 -0.057337489050946
0.0174453265870644 -0.043105527529309 0.0437267163394092 -0.0607371143871479
0.0166040910897727 -0.0440026689870353 0.0699670681715539 -0.0656849202132223
0.0326226340948062 -0.0373183697391376 0.0986167216599661 -0.034546565228874
0.0502254843213581 -0.0146793796142751 0.116246016448776 0.0313773543199004
0.0600693778678458 0.0402255175085745 0.0625006550649519 0.0875837854066151
0.00642505281872695 0.0728484710780867 -0.0127372163233528 0.0845669944467424
-0.0628994869265846 0.0405641436919844 -0.0212619301801799 0.0140906136864447
-0.0811770698153721 -0.0126579934440553 0.113276985746452 -0.00451519512139923
0.0194194785403458 0.035376113053217 -0.128281395152986 0.0445023193223364
0.0260954726339867 -0.0126692133127389 0.0149725852502267 0.0190639095543087
0.00275309791126565 -0.0304311702697872 0.0112603055822338 -0.0983344796022397
-0.025082357924736 -0.00901165924348801 -0.0782724576971039 -0.0997243487068822
-0.0137270584131384 0.0120632593336127 -0.136929000931851 -0.0206311829459319
0.00172796541608332 0.0120752006421248 -0.115835323255963 0.0637228698885315
-0.00163788911103907 0.00917919960700083 -0.0656564014044256 0.0906585475770502
-0.00195903784099064 0.00512454088881963 -0.0335356689525928 0.0848401476818728
-0.000449283981557511 -0.000742272738676585 -0.0214279464064876 0.0817350143416579
0.0017708343463969 -0.0049053594141872 -0.0216485408025401 0.0859124292827673
0.00077894387796179 -0.0073845678773671 -0.0345306452781811 0.0880545237587796
0.013721169094479 -0.0121090009909627 -0.0846125059393268 0.0891642150725289
0.0289758141993049 -0.00237616687982799 -0.141064614512652 0.0640744617090072
0.0200469958784841 0.03310854925768 -0.155811787275497 0.0251711900557009
-0.00352892451222415 0.0533546935493282 -0.147077091045317 0.0489051702014271
-0.0296872733602983 0.0696675115665909 -0.121841654373286 0.0175029330619338
0.00410796598866718 0.037160856250022 0.0215823300933118 0.00599778550068437
0.0200176757144741 0.0205540410832565 0.0154944089361652 -0.116735453807696
0.0191036015354187 0.0145962529043283 -0.0830682031703524 -0.118626838179928
0.0219629434321406 0.00391520094944941 -0.142539896980969 -0.0277789366166084
0.0260897761228759 -0.00940599940031059 -0.118533095839951 0.0600896620900696
0.0128376872364492 -0.0254912275636634 -0.0619069199614453 0.0892755830291725
0.00872672930938447 -0.0308685755582114 -0.027950627489905 0.0786848506955625
0.0157472572358356 -0.0353973002860888 -0.011880482843473 0.0768813637624826
0.0354995377553307 -0.0248756133523044 -0.009384456116463 0.0814177960739204
0.0431740920767179 -0.00622178774338236 -0.0174567389614652 0.0887531292859722
0.0542038740484154 0.0273534820680583 -0.0663299943432331 0.0952335910774056
0.0321967850468595 0.0556366881751623 -0.12563121309057 0.0726953180936381
-0.0200434164760235 0.0780624216124727 -0.131417203859576 0.0367551789275017
-0.0654280038043542 0.0847484448678993 -0.116919981423131 0.0491105825867731
-0.079585728119035 0.0915642797946935 -0.0930532015807064 -0.0130336406654585
-0.0298939796898307 0.0849408194989318 0.0423943697221018 -0.0099383041744466
0.0288275760525875 0.0771671189418523 0.0331800760200035 -0.136556310749939
0.0637117649458001 0.0452643704103419 -0.0767060307144835 -0.142789376574216
0.061037940361527 -0.00134574786960139 -0.139656450795459 -0.0424072391150943
0.0521144287024304 -0.0287708563695442 -0.114065976594584 0.0458555278938822
0.0281927367567375 -0.0561971915371685 -0.0536354255221963 0.0765397690654504
0.017676888453931 -0.061909495944721 -0.0183295213636938 0.0617331827457782
0.0263130987779143 -0.0642718980936117 0.00165721346184499 0.0585669801432499
0.0573161073411625 -0.045423721563672 0.0110712003512992 0.0667541192296477
0.0743538684581026 -0.0144524309455065 0.0119940201590374 0.0843783882356334
0.0918465636631948 0.0458487559924631 -0.035656151926835 0.102149104708505
0.0467694461656442 0.0953073669899288 -0.102730283491144 0.0856618824007421
-0.0404044121563326 0.113727050340656 -0.104027581743 0.0436669344461905
-0.109407238283387 0.108196426236254 -0.0723898862744603 0.0405765642916287
-0.120502734921674 0.0963896373237631 -0.0441594406838658 -0.040109223325957
-0.0705507994493185 0.118642435729814 0.0767315638255609 -0.02537116712908
0.0244350600913184 0.129907695525987 0.0624767268949193 -0.148756143531152
0.0985711283464749 0.0802868330441122 -0.0546803738997189 -0.161989546356795
0.0964358995510006 -0.000857730227106245 -0.122699176360821 -0.059128497641573
0.0743021959626468 -0.042278935141363 -0.0986526839685174 0.0235671904669696
0.0418449408598833 -0.0782779931462921 -0.0390365568665535 0.0532059260077381
0.0236171988119214 -0.084375593341785 -0.00671112365724205 0.0365253333962657
0.0294786457793278 -0.0848780507182419 0.0166211580247295 0.0308046344963416
0.066255799667318 -0.061813435099553 0.0332013130000714 0.041772404707605
0.0900661019261665 -0.0259258790971883 0.0442338593164519 0.0701816998907229
0.117877976662054 0.0478058476884453 -0.00071972303816741 0.102066114660612
0.0620790061196086 0.115070586543958 -0.0748105634757497 0.0941172130171577
-0.0464677554245357 0.133503817484142 -0.0785942045546756 0.0430443276904662
-0.134202291783181 0.118802217200923 -0.0238853579736367 0.0242015262607787
-0.142643370201701 0.083941392342027 0.0185114093110065 -0.0600545008558059
-0.106556012224197 0.127089779882412 0.116698220958025 -0.0360478532431268
0.00549595225591605 0.162444295807852 0.0967351759547394 -0.145627382198474
0.110336415221168 0.110903511281214 -0.0202428561761407 -0.167084047173747
0.117133665158324 0.00574088487051032 -0.0897376204984673 -0.0731393998595967
0.0870797873302839 -0.0468743533286248 -0.0719200580003098 -0.00326801826208502
0.0493891913581806 -0.0876021719462882 -0.0208912725790789 0.0237125607020451
0.0263041772511317 -0.0938823210443457 0.00637088827810673 0.00604714313085802
0.0281799376466352 -0.093427086418461 0.0294922328190564 -0.000620145022758404
0.0640189118276625 -0.0693393728986274 0.0523666745491907 0.0126530537352377
0.0917863009929959 -0.0327993454136455 0.0719002748640414 0.0496687840240622
0.12383248809794 0.044933311834989 0.029902286506424 0.0941704968083535
0.0656036274400618 0.1179555365295 -0.0485886383948145 0.0943009446348125
-0.0497325047561996 0.133400773170555 -0.0576981029885918 0.0359748067591114
-0.140788785308544 0.110575756381742 0.0218731921409286 0.00404575677423951
-0.137991295369699 0.0572275036355587 0.0822639506077498 -0.0684430996922586
-0.122810630584082 0.107673814987082 0.15339814494461 -0.0394012252235057
-0.0182064958568859 0.160015676192083 0.125434874491853 -0.126270273273057
0.0978270690525135 0.121490600916452 0.0186041250811333 -0.154051893426172
0.115113986610782 0.0129962799405674 -0.048065159439811 -0.0789324126505515
0.0837810829295359 -0.0427493232664526 -0.0380333302126581 -0.0289376932803263
0.0476347393934228 -0.082617806690913 -0.00231472069522165 -0.0082988967252787
0.0240580176000842 -0.0897787616424132 0.0180562347039125 -0.0236309624967886
0.023470914153247 -0.088011954970668 0.0406981326952759 -0.0320873114069429
0.0559479617698189 -0.0677581420896495 0.0673600813530203 -0.0153081124159063
0.0829499374051869 -0.0328475924188875 0.0926190964954991 0.0299045448017102
0.11335291668899 0.0416355675700973 0.0527102628439538 0.0829355587500807
0.0562689108034814 0.110863055067603 -0.026423232042533 0.0893499903445163
-0.0542325537058522 0.115921787680555 -0.0403643401446574 0.0262059519301214
-0.133812605141897 0.0844422397333423 0.0612427656767151 -0.0129549185638164
-0.106572294295414 0.0230082875955535 0.133809171879749 -0.0662854097579457
-0.11037799283172 0.0686713075667015 0.178134785768992 -0.0371376750886106
-0.0306362680538948 0.123890050710867 0.141761750976311 -0.097756771740951
0.0686099990743197 0.102446730654844 0.0503110077589816 -0.128587803922245
0.0892895474958652 0.0136878912899128 -0.00792972925592301 -0.0793719306971728
0.0632700021329385 -0.0325852800685693 -0.00585079319307414 -0.0498893557212213
0.0365916744780885 -0.0648495494173077 0.013516502352772 -0.0369035173201747
0.0180519718362598 -0.0720219167046849 0.0277464478833343 -0.0490763540856628
0.017129494866775 -0.071292114137855 0.0499118793867205 -0.0580698473170839
0.0421188927272265 -0.0568496629867803 0.0804509719105194 -0.0375679150933021
0.0672156748322036 -0.028054285026833 0.108032585596097 0.0153421870043443
0.091923258133365 0.0373270758943674 0.0673227089468814 0.0757318600535267
0.038435310773349 0.0938977476636247 -0.00988291642532434 0.0856572655455952
-0.0573782622467939 0.0876770262734761 -0.026568673265875 0.0186435201289868
-0.112854481145764 0.0466597563687169 0.0933861477321572 -0.0239632633046381
-0.054226101631301 -0.014783839894624 0.161549441826341 -0.0570962286061201
-0.0712185708748301 0.0198733810188199 0.184353171115132 -0.0345765343538387
-0.0276067694457726 0.0636511730881965 0.144719364216667 -0.0724514622440645
0.0331382077162101 0.0579808269630948 0.0693716006188032 -0.105729728936718
0.047231467112331 0.00624722119727643 0.0189160691501887 -0.079990474123523
0.031075961396851 -0.018619071738858 0.0153318060139298 -0.0658103113446254
0.0183455438246788 -0.0364216302691482 0.0215761573358213 -0.0592252591658281
0.00882218288362411 -0.0436731115973518 0.0322189448596022 -0.0664846887672374
0.0087941071038106 -0.0443013622468885 0.0561186754721196 -0.0764669483114329
0.0247439571092632 -0.0405106232604663 0.0908891331481776 -0.0508067097491075
0.0453298325675615 -0.0210971959062447 0.120498010707475 0.00859322653673257
0.0626569976972954 0.0280650274528387 0.0780954109162151 0.0751093363794172
0.0178248849492112 0.0666550165790298 0.00111529453400844 0.0866486979283621
-0.0531178475357877 0.0499338193636673 -0.0176827136243562 0.0151833173409557
-0.077946858765094 0.00315128769247735 0.114369406680594 -0.0264520636773593
0.0197296502652715 0.0355499159960817 -0.128936223425227 0.0455005313971428
0.025867689379157 -0.0122910865565604 0.0151105578651782 0.0188801653157202
0.00258674515741284 -0.0302417475646187 0.00922288820192005 -0.0989132761612006
-0.0243945547654492 -0.00838450724016158 -0.0796786840460693 -0.0995869078397751
-0.0128361791091469 0.0114048718202347 -0.137995732920609 -0.0200573605264446
0.00164717048827654 0.0111187762393784 -0.114878492613874 0.0647317405182741
-0.00115964162019625 0.00885581062923567 -0.0653177879526084 0.0911872317350047
-0.00165439137953115 0.00465992154062653 -0.0332088078535128 0.0856265896892623
-8.18778876026239E-05 -0.00164528835156097 -0.0211470850430748 0.0820089801031028
0.00197910225055564 -0.0050793840663984 -0.0207765668842733 0.0861215966695205
0.0011810950294347 -0.00729338666765024 -0.0345407262619239 0.0884324366799745
0.0137710944340656 -0.0119338991133755 -0.0843338210148699 0.0906065920271778
0.0279754318835769 -0.00205167484524379 -0.141014662992056 0.0653790465700337
0.0198964219540454 0.0341289417879625 -0.157132041007875 0.0252072194651283
-0.00326777315578356 0.0530097341248501 -0.149685073993591 0.0496947001102708
-0.0291667218144863 0.0702834896552753 -0.122328364428078 0.0182031831201434
0.00368650829006969 0.0381608450071662 0.0222707886602599 0.00581143889359368
0.0205571994870074 0.020544025163844 0.0132225117690345 -0.117739458137171
0.0203863520338347 0.0142745988838567 -0.0854080415864753 -0.118422880755678
0.0227071515879769 0.00344493645116884 -0.143436337081042 -0.0271066554193772
0.026387336006067 -0.010883454560947 -0.118152477071969 0.0608850850748249
0.0129987852570176 -0.0261517440396165 -0.06111655484567 0.0895381955587508
0.00788895655413636 -0.0316041171482774 -0.0271837091131851 0.079184055121019
0.0155421747980519 -0.0363917697993813 -0.0116312088088659 0.0763032758996833
0.0358371764290683 -0.0258618641107992 -0.00842974400263617 0.0813037317153721
0.0439654863279978 -0.00660176138267815 -0.0167061424610917 0.089070856225804
0.0552560199148372 0.0268403121203936 -0.0658104563698272 0.0969470619282575
0.0316554290933324 0.0564797318997525 -0.124519123131303 0.074168070217991
-0.0201002603667245 0.0790217487459 -0.133309446012218 0.0368276317799249
-0.0653684472373687 0.0852043322926867 -0.119205086271601 0.0495446322857176
-0.0792408077089786 0.0924424939153425 -0.093441423617741 -0.0129649205776883
-0.0302004070394674 0.0859191498295329 0.0426050543862761 -0.0101286845099424
0.0301365192683608 0.0780570055427802 0.0310015224334425 -0.137277559708505
0.0655523927465475 0.0448588224039222 -0.078659483443692 -0.142224933605557
0.0617968284034562 -0.00209787283161285 -0.140552372498534 -0.0414789093167765
0.0522458977854968 -0.0304931727886795 -0.113907746900197 0.0470749202705686
0.0285061394407564 -0.0569495398384458 -0.0526228138081399 0.0753023450881813
0.0168072195112886 -0.0629505410581433 -0.0182590073467964 0.0617548718349876
0.0258720921825491 -0.0656018060568695 0.00207979943264522 0.0577908489742918
0.0578633133375928 -0.0466192450354244 0.0125616435100131 0.0661884902794125
0.0747740452924446 -0.0153937939576511 0.0131463199748372 0.0838507855957769
0.0936646662575425 0.0442244305909202 -0.0351118782722265 0.103496337765178
0.0469801729390084 0.0964386994658844 -0.101779896469613 0.0875093064689587
-0.0406118012501204 0.11521245379664 -0.10541613060009 0.0445259492017163
-0.109651033839784 0.109318584033589 -0.0744371746254166 0.0410243694997957
-0.120853694733272 0.0977205710983503 -0.0442215791383024 -0.0397766236324033
-0.0705604611565246 0.119905985182859 0.0769802170573271 -0.025550658797621
0.0260407976605308 0.131337575513915 0.060508308962347 -0.150148647271863
0.100735021849913 0.0798423676818946 -0.057367915997941 -0.162452487573433
0.0979844360955876 -0.00153184846389429 -0.123573968847894 -0.0588877802014517
0.0748242804166303 -0.043936748095771 -0.098941881956458 0.024380797158785
0.0413420891719141 -0.0790555218985094 -0.0389359605777288 0.0523367480154146
0.022091133587704 -0.0850067336304629 -0.00610016857242226 0.0356724126996755
0.0283380392445371 -0.0862970745790986 0.0166884365414912 0.0301364673603347
0.0663098111230392 -0.0631537781871632 0.033992296923003 0.0411251689644891
0.0907144213371366 -0.0268816099615801 0.0455994402026181 0.0692815048660899
0.11954811026443 0.0462998362938161 0.000546177442326187 0.10317067627051
0.0632407969655488 0.115736650567446 -0.073794582724534 0.096084679824603
-0.0469240070784826 0.135083503658086 -0.0798744767294536 0.0439403351753155
-0.134009971871052 0.120031928927399 -0.0253547744357516 0.0244318591302141
-0.142903775026599 0.0851652717538699 0.0189764174733749 -0.0596459811344502
-0.106731794385767 0.128936848090702 0.117319518460419 -0.0366213946486132
0.00681542239755591 0.163462667477949 0.0952671129654508 -0.147203317284316
0.112826605427782 0.110151592400662 -0.0221582940907121 -0.167233027696576
0.118347656959837 0.00515440792286681 -0.090740151413623 -0.0730902207936913
0.0869232337998527 -0.0483363910319512 -0.0720079833804355 -0.00256395990054208
0.0484290476644132 -0.0884655741027969 -0.0211317008895473 0.0226149647856658
0.0239593495070577 -0.0945160291546223 0.00611040913300641 0.00571413682188522
0.02682455882092 -0.0940473596299326 0.029241373456199 -0.00208555048683979
0.0639913661029544 -0.0704222430045593 0.0530832010129357 0.0116948701966692
0.0923412642174451 -0.0338680116560864 0.073188819550591 0.0483249171321149
0.125250598356618 0.0431283596595601 0.0313123478373903 0.0943009723822079
0.0667332119574416 0.118647203654377 -0.0469627606947054 0.0964196556220431
-0.0498610627341385 0.134677022273752 -0.058390844015338 0.0370111631272089
-0.140723789029384 0.112171664402573 0.020909132452584 0.00425172849532915
-0.138260517805111 0.0587100760157745 0.0835871511362135 -0.0688173788792562
-0.123022851379389 0.109947572189887 0.154406478436614 -0.0401207577851065
-0.0165994616665721 0.1613266919391 0.124553284208294 -0.127322454920324
0.0994819102502772 0.120608204266325 0.0165107104262106 -0.15374334868212
0.115800599921883 0.012210708512916 -0.0485192075550373 -0.0790097249943576
0.0835876664821731 -0.0434981162995456 -0.0380698479989749 -0.028456786710729
0.0473265619576938 -0.083287292677017 -0.00218715040897529 -0.0096076092491947
0.0223504222344107 -0.0902601593285073 0.0182305693662492 -0.0246695249130228
0.0224397089382817 -0.0887734351771106 0.0404471208214949 -0.032505662356382
0.0550414881917181 -0.0682114700007117 0.0679883470168892 -0.0162444808532869
0.0830818449001951 -0.0336712300009295 0.0932827353333793 0.0278654336738191
0.114691871860806 0.0399092734100188 0.053941247146821 0.0826935035686757
0.0573781923672821 0.11056379959646 -0.0250508310522248 0.0919333395597521
-0.054068909855642 0.117078321955283 -0.0410030623677228 0.0273662537567931
-0.133158635806495 0.0859675620133099 0.060810515798693 -0.0133687911883761
-0.106455234622753 0.0245540407505356 0.135694460469731 -0.0666384603377824
-0.110247874658684 0.0705872373699361 0.179088243792036 -0.0379154767699833
-0.0294440564976384 0.124658700214338 0.141223505205666 -0.0989145021097581
0.0700252205034025 0.101608791421727 0.0489003688799531 -0.128116043911553
0.0896228033242802 0.01344748710981 -0.00844161752491383 -0.0791805526447277
0.0636253121788474 -0.0329354766872905 -0.00607306516725898 -0.049660873515823
0.0356680305284672 -0.0649540790336732 0.0135577396802211 -0.038558797124501
0.0165233861721592 -0.072144874810812 0.0278468222212875 -0.0505155221187704
0.0161725369361916 -0.0709061648090744 0.0495896914384053 -0.0587936628474714
0.0416889626332632 -0.0570014528560598 0.0806590916382846 -0.0384270374404361
0.067038939413556 -0.0288529189649804 0.108884843580581 0.0135967408631322
0.0923531251703351 0.0352475036218783 0.069092360999768 0.0758830706463161
0.039410601531056 0.0930668297942598 -0.0089670684377381 0.0870558740259284
-0.057183460691408 0.0880262368626903 -0.0269911569679103 0.0201362767826716
-0.1128313449918 0.047836834630471 0.093555595397679 -0.024435903523611
-0.0541157870391379 -0.0131660124782973 0.163787618528524 -0.057429889677936
-0.0707310761137513 0.0216101299169685 0.185293933754821 -0.0355014102016142
-0.0270730633673567 0.0636022917032411 0.144674596795009 -0.073170844367412
0.0336430446017443 0.0576944740450187 0.068667746171707 -0.105051856427246
0.0465778093325571 0.00601484091916261 0.0190206629188524 -0.0801847967237181
0.03104100646909 -0.018355784247249 0.0146454859566535 -0.0659596918000415
0.0175583422055832 -0.035949400853828 0.0219021801629552 -0.0596563370148779
0.00752964660819492 -0.0432257851950472 0.0325867958560064 -0.0669932809995785
0.00791430147841502 -0.0441908980985656 0.0553989933096829 -0.0766497246213881
0.0241024905918285 -0.0401474867574748 0.0911620330020009 -0.0520682724620612
0.0445332955726159 -0.0211013157710975 0.121159603273902 0.00749850945431822
0.0627782234282992 0.0265430459538336 0.0787545098216687 0.074917194750242
0.0179115098952257 0.0659302378236462 0.00208356254826182 0.0880240877974848
-0.0522107281896247 0.0500393091628741 -0.0182676107465847 0.0163091553970531
-0.0776920144669455 0.00440308033794072 0.115166871659838 -0.0271172564943045
0.0216154977426279 0.0350763897671005 -0.129385933810316 0.0505033598664282
0.0258317329057918 -0.0127682317983628 0.0161423350980687 0.0183954855101717
0.00184144490239547 -0.0305193486881065 0.0044164814066896 -0.10041875376708
-0.0239346779910097 -0.00764233344867523 -0.0850192918227935 -0.097700074878833
-0.0125876396820281 0.0113290843916385 -0.140377012874405 -0.0150061640670938
0.00270018454915522 0.00995917762157016 -0.113239456166975 0.069135327879371
-0.000445541674337828 0.00803158886971596 -0.0617690647890339 0.0949023807226858
-0.00136827807228902 0.00446204925961144 -0.0302252704703067 0.0877448464931646
-8.73544489722205E-05 -0.00233744564856474 -0.0181721392945661 0.0835900102831548
0.00212009236303303 -0.00567150647863802 -0.0174235633020095 0.0874692949771193
0.00166120641327253 -0.00702400749345205 -0.0319623160247482 0.0909720378230851
0.013432794667307 -0.0122472058708168 -0.0807193385590516 0.0957361796473511
0.0272336832529176 -0.00218745727460602 -0.138889509760419 0.071276553518427
0.0210980802492195 0.0343705942137998 -0.159247961976803 0.0298616273347682
-0.00185505606765694 0.0534710139658663 -0.152210760508088 0.0554820160988403
-0.0268012276858685 0.0721269837822265 -0.123488034398109 0.0226686854769787
0.00467341275608027 0.0391391938110573 0.0224730466347854 0.00549213129064229
0.0220650477063051 0.0200786545641875 0.00783666287399889 -0.118643771986374
0.0221042614011644 0.0136938067296033 -0.0912772734906284 -0.116298365419483
0.0239042804550823 0.00172307817173981 -0.146508396114382 -0.022186024537749
0.0264167263565519 -0.0133684512706545 -0.116800259389816 0.0660493304751585
0.0122619177761224 -0.0273824487472406 -0.0577942008874068 0.0919039919009859
0.0065033497354815 -0.0324103520281892 -0.0248467367833506 0.0810016104463805
0.0141335036521678 -0.0379158785812915 -0.00847697760682524 0.0772001516265377
0.0357975668589713 -0.0283043341171366 -0.00491112871310474 0.0819862326017381
0.0447247341422261 -0.0088661717712292 -0.0139556660034562 0.0902173804708994
0.0575977342422171 0.0249037543706152 -0.0624868252005998 0.100903802318151
0.0332829159135471 0.0570023372579905 -0.122835540551663 0.0800532601215079
-0.0185210238713603 0.0816005119960593 -0.134341634037212 0.0414975133722048
-0.063101702593507 0.0880471210124098 -0.121090306380198 0.0539489395914121
-0.0769746497115872 0.0958583303376187 -0.0953651743113269 -0.0101211677319909
-0.0278162196237002 0.0888384671946005 0.0429669746699307 -0.0113123276040045
0.0344516194714641 0.0780244703505038 0.0248854071967376 -0.139207192448437
0.0691341060955212 0.0426585082070818 -0.085446748067631 -0.140574257806346
0.063444782538342 -0.00497794472726068 -0.144537622263125 -0.0370323520336726
0.0520164897458341 -0.0337201530747099 -0.112850570762953 0.0516671910842734
0.0266611930157261 -0.0591253186762127 -0.0502991547585106 0.0777081831943495
0.01378651997183 -0.0641044719918545 -0.0163615567285983 0.0630329813889472
0.0229635882353462 -0.0679162401496009 0.00425553181681845 0.0576852213033286
0.057305516867865 -0.0503119103306533 0.0157859588963359 0.0656329558203036
0.0757496178499553 -0.0183048469963778 0.0163767753015936 0.0841281272641488
0.0977701530051613 0.0412234968727379 -0.0305630765180982 0.106819877892057
0.0513561904618612 0.0968930685205251 -0.0991252234488551 0.0928598022303458
-0.0377216833933502 0.118867912107264 -0.106459896808615 0.0486260429582416
-0.106608229187215 0.114844940228105 -0.0756379528380656 0.0439658166890438
-0.11868169265275 0.103031248265135 -0.045429550015778 -0.0386452189557089
-0.0675284130411485 0.124378844427266 0.0768891869171733 -0.0284454163053958
0.0319763640183416 0.131672254745679 0.0544797466495646 -0.153226680431956
0.10625583017104 0.0764111564596979 -0.064670729906482 -0.161065156557277
0.0995358123094837 -0.00550654817953332 -0.127215051140222 -0.0551430638906611
0.0742385455386601 -0.0478559803674235 -0.0985073302779597 0.0285610684466093
0.0384144633284077 -0.0816660067276893 -0.0368632618462646 0.0531482105279946
0.0181083786632298 -0.0868362544816986 -0.00489981045246167 0.0357918553980296
0.025180743120167 -0.0884702436316851 0.0176795602289275 0.0289372660238353
0.0645674632027958 -0.0673864203431897 0.0368476431549644 0.0393749819183958
0.0913703323081497 -0.0311487853727434 0.0486443072030771 0.0673687379495816
0.123467182156493 0.0410830201716904 0.0048898634662804 0.105127500494439
0.0686580196911226 0.115509645434643 -0.0702796578408655 0.100858929582692
-0.0428988480320852 0.13830157706465 -0.0804065246124529 0.0480069721126423
-0.130543938178567 0.126560992038859 -0.0260466878304865 0.0249237137516712
-0.141672818289033 0.091334521977266 0.017449925831879 -0.0611534447334198
-0.103850753339156 0.134839374856856 0.116907737635009 -0.0407226023108364
0.0137764158703784 0.165439779331008 0.0895120604452412 -0.151353570277072
0.119158486427678 0.106967914064739 -0.0288549854279231 -0.166659497212972
0.120221208950285 0.000568825164832932 -0.0945012150033391 -0.0705607195891551
0.0866495417619346 -0.0523135893199349 -0.0724491931089149 0.000538792252523228
0.0454469480344882 -0.0911416447070503 -0.0201072673087795 0.0216045683702896
0.0195775274921568 -0.0964727656407022 0.00681222757987072 0.00498633318375103
0.022708010940866 -0.0962205758732163 0.0295944966470308 -0.0035839737092483
0.0623552485466092 -0.0743544274343391 0.0545329772820197 0.00874550422780317
0.0923940148893896 -0.037914999318983 0.0759138294650031 0.045156605427832
0.128984135638116 0.0373881116145708 0.0358453229171675 0.0948866865654353
0.0727327878061847 0.117387713795759 -0.0431422363934246 0.100402347415999
-0.0459433110174152 0.13800055128779 -0.0585187368850639 0.0399345755222723
-0.137911673136345 0.11913416580046 0.0204547485154552 0.00332139685067107
-0.137444563069853 0.0653115692487686 0.0833480336014954 -0.0722288627518593
-0.120277853269617 0.116094883653638 0.154269172919845 -0.0458020507344863
-0.0099080655118656 0.164064347337359 0.119984422492386 -0.13296208064131
0.105722347000375 0.118300121063288 0.0105525787582303 -0.154368852067676
0.117789134920844 0.00823500610222517 -0.0519908141975756 -0.0779861864121538
0.0830966360662094 -0.0471629666290692 -0.0392968393651307 -0.0266649554768458
0.0444764201008404 -0.0853741092718778 -0.00227665632005541 -0.010795306862398
0.0180191788649708 -0.0913684404150084 0.0175662006976668 -0.0260575826077885
0.018436776859309 -0.0905540739761142 0.0393262043528298 -0.0354721784228245
0.0531228895212302 -0.0708662771908819 0.0679878585401839 -0.0198387037296776
0.0829228918965103 -0.0373530676093876 0.095474217104193 0.0237436658949146
0.117619367989649 0.0348317006310852 0.0582523515437666 0.0819219337603627
0.0623848209745358 0.109168177130218 -0.0208332826670691 0.0947935685129356
-0.0505317556301433 0.120030476916309 -0.0408727650236499 0.0302722493354294
-0.130180858678653 0.0924060342036543 0.0609661553586373 -0.0162382022316482
-0.106418011184661 0.0297212686203798 0.136426822769636 -0.0714325407684309
-0.107821940844123 0.0767486554729395 0.179422687732884 -0.0441104906395937
-0.0244738360255377 0.127671715211647 0.138385602885896 -0.10471944252879
0.0747468323293015 0.0999121624473919 0.0448125544742263 -0.130038571345518
0.0912663263570444 0.0101238687028216 -0.0110865834206074 -0.0795107627700719
0.0633059026073271 -0.0352853733425598 -0.00810967171020966 -0.0495273707511415
0.0333876620871154 -0.0666416159678527 0.0126092851851155 -0.0404022617622796
0.0126443297801552 -0.0730790207186818 0.0265630810720848 -0.0520626784499137
0.0129746656442947 -0.072252640597756 0.0472080927202992 -0.0616049927762506
0.0398210647946422 -0.0590200158645227 0.0802493665365037 -0.0422143711525152
0.0661797324785937 -0.0309200367135357 0.111707215186357 0.00848443797596216
0.0946998442774169 0.0319144715864217 0.0736583190507409 0.0734359449302171
0.0428078632544646 0.0921375830353392 -0.00499048981494512 0.0892802898200173
-0.0540826430698658 0.0901933107304587 -0.0266436721654915 0.0218956849953141
-0.11119700262569 0.0530144124662381 0.0935903700833163 -0.0280027312921764
-0.0540205276350238 -0.0101507453960798 0.16582051429915 -0.0632062655672689
-0.0698376786611754 0.0253119585495403 0.186119744227417 -0.0423707169950345
-0.0240951832392018 0.0658732023870684 0.143768111457736 -0.0793321712274089
0.0361506830886084 0.0569541183085917 0.0652348288702784 -0.107947147782107
0.0475152352716356 0.00478343468094796 0.0166772792750701 -0.0811531260828081
0.0304885435075231 -0.0190103811622821 0.012603838146006 -0.0669636124230502
0.0164637041984538 -0.0364809060267802 0.020425412922742 -0.0618639331977535
0.00534330837076127 -0.0433472222310495 0.0309525483259514 -0.0694610877211212
0.00616464898411508 -0.0444243948293846 0.0529741981630379 -0.0796225508175018
0.0222568152109454 -0.0411385943398613 0.0898283758108657 -0.0556569983988304
0.0435370087817094 -0.022532307310693 0.122926718443647 0.00207831059748514
0.0637418320237042 0.0240747583101582 0.0830013240462063 0.0728893418702038
0.0201470175510515 0.0650074960985198 0.00627943486570316 0.0900017713646329
-0.0509166559296547 0.0519880234278882 -0.0182751094123483 0.0181294787104984
-0.0773721244754186 0.00768496947020026 0.115304500202086 -0.031873362109568
0.0240574867114504 0.0329995941450549 -0.124926129044915 0.0575946140239176
0.0252716042470774 -0.0134285982132423 0.017206364723663 0.0174264545428105
-0.000246180271680825 -0.030200596625075 -0.00237752695265855 -0.0985146217250383
-0.0237235018446227 -0.00560435015618953 -0.0900622265466195 -0.091294079812714
-0.0113415237856889 0.0115507995602676 -0.139728602166855 -0.00614058453877992
0.00310494494820521 0.00834432325918737 -0.107140101225863 0.0756922830345935
0.000720398495641885 0.00718109366995788 -0.0547439412253528 0.0976958509364845
-0.000956878870721729 0.00380251273684671 -0.0242180137906766 0.0889802509015155
-0.000410422201645902 -0.00281713439037917 -0.0126534193689364 0.0838708595598123
0.00245843493330194 -0.00665876554279394 -0.0114042879603144 0.0872314592423716
0.0017601141867451 -0.00713509806524098 -0.0260270833965466 0.0915916287070388
0.0128577344719844 -0.0122944035415471 -0.0737768846101162 0.0996204470837031
0.02595847951387 -0.00269497070162345 -0.132417675712103 0.0782682774851639
0.0222397530655669 0.0328983175030323 -0.156815435438075 0.0379108878406698
0.0017040419650649 0.052272288573136 -0.149346944941087 0.0635652720411793
-0.0219002967859129 0.0727222579758152 -0.120804185574174 0.0301329150513827
0.0065529853518936 0.0387611282344024 0.0222041988562408 0.0040847287653905
0.0232028593134474 0.0187067292926363 -0.000572468405707481 -0.11710681155796
0.0237118601055025 0.0120160784380595 -0.0972745008879617 -0.109292384427614
0.0242773636930692 -0.000228335751750032 -0.146625256959477 -0.012848909162972
0.0254838632943246 -0.0154564379311791 -0.110464531388563 0.072271688857476
0.0105599553718927 -0.028693181191192 -0.0513863359431592 0.0940108537725197
0.00406169502723303 -0.0323206273119448 -0.0192971895230835 0.0814762745370172
0.0116692870877157 -0.0389886930185359 -0.00390503712350967 0.0761289000777083
0.03397593752745 -0.0310960132341019 -1.41323689413858E-05 0.0807010259648164
0.0444190267781084 -0.011335111109449 -0.00796188727303563 0.0899288450010559
0.0587767239917209 0.0214423094954828 -0.054622589769538 0.104173212236648
0.0361298386364229 0.055359856504129 -0.116090552883014 0.0864134842917972
-0.0135867519493593 0.0822841448707161 -0.131446440951247 0.0483079613837974
-0.0564694431224287 0.0902683759851511 -0.118610397407901 0.0603484271642691
-0.0704142613488717 0.0992794701665429 -0.095254395095008 -0.00404387267323282
-0.0228642664695346 0.0893225837657611 0.0417337392674333 -0.0135581563879055
0.0392907000309213 0.0747833366954027 0.0149299721236791 -0.138154103164979
0.0721397711117841 0.0378030473385775 -0.0933805876407684 -0.133062404705887
0.0631350897139724 -0.00929252443444492 -0.144851257399513 -0.0274517664874846
0.0492344491264561 -0.0373415314022912 -0.107347927484947 0.0577457929825897
0.0221603818412411 -0.0603852158251751 -0.0448488286094114 0.0782921814109075
0.00862096074319134 -0.0639478217712242 -0.0121523118991046 0.0627801830113085
0.0178500403071675 -0.0691742244014084 0.00760515838161551 0.0558420011363365
0.0533320522664329 -0.0544448367382584 0.0198486601604842 0.0629857368947948
0.0746925205338692 -0.0234439809557331 0.0214035128989141 0.0807564848631521
0.09989872040951 0.0342180140427973 -0.0233706947542604 0.107877966629363
0.0564891611075024 0.0933946824132434 -0.0918973802116492 0.0981601854734003
-0.0303379009406558 0.120413017053225 -0.103211060279983 0.0542912610759969
-0.0981805031326863 0.11925418936103 -0.0741161350851435 0.0478805348562035
-0.111323869897126 0.108511644513038 -0.0475639978928902 -0.0353944133466222
-0.0596771841112729 0.127576366564668 0.0737818469756802 -0.0321597781351525
0.0403570659903502 0.128351237398056 0.0431485109390689 -0.153767121723534
0.110453350020483 0.0693688293475696 -0.0739342816370094 -0.154168195907371
0.0984383095487003 -0.0117536843830074 -0.129309557759898 -0.0462198585929687
0.0703854924309853 -0.0526018502210163 -0.0947552815052042 0.0343819017913675
0.0329837387320691 -0.0831254468743019 -0.0337198608823623 0.0534571818976578
0.0114380758242149 -0.0863724502451691 -0.00306931755115436 0.0349577066258159
0.0183736590190255 -0.0895322553022227 0.0189999509054399 0.0271128926258364
0.0599789976242789 -0.0712465680753324 0.0387590519116588 0.0356989700616407
0.0890976494976422 -0.0369810195510219 0.0524437941295901 0.0625623746561305
0.124988236654619 0.0320991875592774 0.012355762850599 0.10401056881576
0.0751238315157772 0.110119059552599 -0.0626075171422981 0.104617820182824
-0.03410285709354 0.140188440463497 -0.0773627094257663 0.0523415055318694
-0.120749510608121 0.132925857976921 -0.0257684393665413 0.0264999838901888
-0.134400308964527 0.0990597526320986 0.0139059364414839 -0.0613199992652638
-0.0946478465634599 0.139917442556324 0.112714282621506 -0.0465125167088164
0.0252504026406391 0.163152603093086 0.0778382306821452 -0.154122056438313
0.125281147821188 0.0985373385206954 -0.0397284269081075 -0.161448720701523
0.119560800816321 -0.00718080724769058 -0.0973484774541584 -0.0630184383367221
0.0827466428103385 -0.0573601753106452 -0.0707977990002846 0.00539289905483622
0.0392298085423485 -0.0927611433545875 -0.0187023117964254 0.0210072812972802
0.0121873612785195 -0.0957218515964469 0.0067255755305022 0.00372444338657791
0.0156535144023676 -0.0965933664787853 0.028820424140075 -0.00593092207173994
0.0569716754275044 -0.0772643603485736 0.0545652952420894 0.00506655014881244
0.0893345419635108 -0.0434526671813068 0.0781854518075765 0.0388697016912641
0.129985158632349 0.0282293743364765 0.0422866566808235 0.091879987817665
0.0793185773913764 0.111641256993707 -0.0357812254456871 0.102650966835043
-0.0372920021848921 0.139393754247592 -0.0557858907785004 0.0441603577201148
-0.128298184067938 0.125722714083957 0.0195021985535378 0.00166645426986385
-0.13184081217055 0.0733076378726987 0.0787477659709992 -0.0756650201865336
-0.111564935840414 0.122334983048004 0.14893312922041 -0.0540080733808124
0.00145950755935572 0.162473908852648 0.109738036791107 -0.137520756320888
0.112600584759345 0.109769587768666 0.00128636112033625 -0.151668908171294
0.117300171620554 0.000976085633571811 -0.0551177378739148 -0.0731128633074018
0.0794407062544603 -0.0516955176787207 -0.0396947807684449 -0.0238853448754573
0.0381075284621521 -0.0871088567306281 -0.00303514430329642 -0.0119163739078582
0.0107578943832487 -0.0908754160738934 0.0157595015622006 -0.0276559739225647
0.0121196634559657 -0.090253409654206 0.0362248807540343 -0.0373414836504753
0.0480156210143789 -0.0734042036509283 0.0659448939179343 -0.0245817713989454
0.0798070322236826 -0.042305808722564 0.0960012656646509 0.0164369954990488
0.118287235496776 0.0260576710502551 0.0633795701367776 0.0781044814980417
0.0683077830062665 0.103646606105647 -0.0139457218394607 0.0958772597449371
-0.0427636874479832 0.121637741455719 -0.0390780873929981 0.0332135581785665
-0.122445433421063 0.0992137881218935 0.0584961520599284 -0.0196962553513048
-0.102964320882396 0.0361114152930304 0.132279543872801 -0.0785899703803418
-0.101080534834181 0.0823448184105053 0.173827808654355 -0.0539500662027787
-0.0151966865025646 0.127044142835606 0.13005435805453 -0.111301645213469
0.0806121417400727 0.0938263721013936 0.0363691610958232 -0.129589441994991
0.0905825924003397 0.00421435641873224 -0.0149657068335498 -0.0775183047841524
0.0606426557538396 -0.0384456370261266 -0.0100878684122345 -0.0485559896198394
0.0290160862364 -0.0672534563813274 0.010105739500746 -0.0418105340297639
0.00720051509849278 -0.0720912853367254 0.0229518494897501 -0.0541263894704661
0.00767093970288344 -0.0722226108503709 0.0428111587069357 -0.0638060951151034
0.0357093352690914 -0.0605983286502816 0.07647501586113 -0.0468383010321457
0.063669927903794 -0.0347004627356795 0.110391321573442 0.000871180077090159
0.094829000125022 0.0243838711867576 0.0775619271358219 0.0687436505319096
0.0481174994107975 0.0873036795900065 0.00141323692537066 0.0897893436660055
-0.0479105522054657 0.0923359624511112 -0.0255622288108124 0.0237050473941385
-0.105438990303239 0.0594295333707167 0.0904340414323964 -0.0338015756862645
-0.0535406640720047 -0.00609627513930891 0.162217783051394 -0.0720294072694131
-0.0662291543206684 0.0293681794580567 0.180609813362136 -0.0528857136663458
-0.0192211629226438 0.0661628889339734 0.137071399304872 -0.0859727164048309
0.0394271250014691 0.0536885210136375 0.0583741726014798 -0.109430699875224
0.0466250467788782 0.00226112189287394 0.0121255966842348 -0.080538922995103
0.0291954347310824 -0.0197360755044937 0.00894606195695787 -0.0668578238315165
0.0135030448956468 -0.0363845322869336 0.0165081317768955 -0.06287528825793
0.00209213661374624 -0.042408549763407 0.0263434826332713 -0.0714303241733001
0.00291131653757136 -0.0438973024549395 0.047000303281115 -0.0815717029636694
0.0190495571930379 -0.0414331860961398 0.0851693251082815 -0.0601362242186509
0.0420757391044753 -0.024568205925638 0.122144125783336 -0.0060389231611668
0.06386060328943 0.0190195958332686 0.0868592674286205 0.0674888275127764
0.0236220933477517 0.0621047039847674 0.0119312878135848 0.0888691583186536
-0.0472475755576113 0.0539015522428085 -0.0167988854040181 0.0201812893043995
-0.0748475703597648 0.0128319478351581 0.112089804302105 -0.0390872472910583
0.0252221770243152 0.0294831802217754 -0.116154240460415 0.0621870343953433
0.0233553020231308 -0.0136010973379966 0.0173533167299574 0.0163843880552722
-0.00182352024075512 -0.028672870343674 -0.00769844148136289 -0.0933130514796258
-0.0223789751559988 -0.00463732658541823 -0.091270879153426 -0.0822845888207609
-0.00990081548871315 0.0111764068931357 -0.133253781740543 0.00193544579159097
0.00333501075095917 0.00706703988245877 -0.0975547351373268 0.0778163927512886
0.00124872408215702 0.00613263021557881 -0.0463118019011884 0.0962414921049465
-0.000571276167332374 0.0035347044707776 -0.0179737488761012 0.0858861256194118
-0.000718887716425524 -0.00282273669028339 -0.00733451530844603 0.0806339062266917
0.00181291238183138 -0.00675747111115454 -0.00646024164134767 0.0833446829057698
0.00208017013700027 -0.00699078248613618 -0.0197962216303246 0.0884608535335234
0.0116201246642174 -0.0116690756929295 -0.0635948191489292 0.0989748972684963
0.0240018259835124 -0.00295111093482877 -0.121448982393082 0.0812738615815157
0.0232463043760431 0.0307427401111367 -0.148525658967429 0.0433838546467513
0.00452767462005134 0.0490699626645483 -0.140580085461777 0.0685066651288499
-0.0168853634929116 0.0696706252145105 -0.11415669437161 0.0351480218600882
0.00850832070151641 0.0367823984483479 0.0218679511418815 0.00357097622650892
0.0235136476486533 0.0167337089174327 -0.00693826300995659 -0.110972292546045
0.024127764121925 0.0097342076160508 -0.0988721431915723 -0.0981162826251073
0.0234038193897298 -0.00182573695236632 -0.140371542300653 -0.00375729232327917
0.0236748405243847 -0.0171023202459518 -0.100489154950556 0.074865793163785
0.00827449469116686 -0.02827246449096 -0.0442073777215587 0.0918338752016568
0.00188037741077673 -0.0313549961141589 -0.0143680141280188 0.078251776460953
0.00853900787422761 -0.0381743169426847 0.000296200463985846 0.072282677005187
0.0307655781415651 -0.0321355232122518 0.00487876300620401 0.0759817044413262
0.0426454994120146 -0.0133488548637819 -0.00319055670691399 0.0854958339126736
0.0576925512113412 0.0169598492624308 -0.0455610861956938 0.102333645982711
0.0373319954999974 0.0518229780961099 -0.105245905736509 0.0886724879883527
-0.00903078500396776 0.0793806730437485 -0.123957292416375 0.0524101490207695
-0.0488693690131062 0.0883851757375624 -0.111881417213298 0.0639791518645888
-0.0617006037349159 0.0980345353488015 -0.091485114443296 0.00123702288953052
-0.0175877486989808 0.0866313559435345 0.0390197235188268 -0.0143319650922278
0.0414566497006232 0.0690169958566218 0.00642513590672545 -0.131466388319483
0.0720723675474095 0.0318795509322825 -0.0965267058258978 -0.121311463457816
0.0601106544959787 -0.0124215631302703 -0.139429533839263 -0.018112659199239
0.0451336492062776 -0.0391570240674537 -0.0985978141817029 0.0611592789218547
0.0180831372204822 -0.0592003148606839 -0.0387371509228899 0.0765992812798038
0.00400354174273035 -0.0614305260901009 -0.00829255047963454 0.0598402214675737
0.0127285904702736 -0.0671965936749235 0.0102879513170032 0.0520446117758035
0.048067434410665 -0.0554934343714075 0.022399748273289 0.0583607879619438
0.0707479218819458 -0.0270857356973105 0.0247339313124191 0.0753228137736816
0.0971115025925669 0.0265256254462482 -0.0153961879480702 0.104338788502236
0.0590399970333402 0.0866456756660965 -0.0813764284877617 0.0985584313506696
-0.0228355695640306 0.116626821713536 -0.0963325363109967 0.0573831165967086
-0.0860838442443223 0.118761007946648 -0.0699688284906232 0.0492430866259866
-0.10035391590842 0.109166038230026 -0.0473671046919631 -0.0311255237081654
-0.050720485983976 0.124698470345794 0.0682847430602283 -0.033677115339313
0.0459066196057949 0.119952077767133 0.0321520274746758 -0.147625139817619
0.110071528632987 0.0597621820442011 -0.0788230578462968 -0.141636050300482
0.0938395535417995 -0.0172882407755824 -0.125775629730601 -0.0370221737708054
0.0646100412805328 -0.0547730106697644 -0.0877742840355914 0.0381565645835934
0.0267447005123727 -0.081395267929128 -0.0292308794159628 0.0515571143843653
0.00523592163295846 -0.0824925588017363 -0.00128385756041898 0.0330824321955869
0.011796879402668 -0.0859397805076833 0.0193835991233321 0.0239330294905247
0.0529983698849487 -0.0719118966480078 0.03882659435185 0.0313460144791378
0.0831231263340396 -0.0403310536487103 0.0538131258916536 0.0560736721137134
0.121257722759063 0.0232404537591937 0.018447124571945 0.0986854841038542
0.0778191235214181 0.101587268036839 -0.0534398081632923 0.103411003564827
-0.025706723961755 0.135638801640689 -0.0712125087848754 0.0544714141440468
-0.10698687044678 0.132648158051105 -0.0246183066986788 0.0259573549902761
-0.12282452822144 0.101167412858623 0.010614378645981 -0.0585549896531271
-0.0829554142846809 0.138419887550025 0.104318036023333 -0.0491558787164984
0.0331087259467091 0.153424208106655 0.0655289181357249 -0.149915744398445
0.125845262669985 0.0863187360437031 -0.0460402082165703 -0.150922395889935
0.113982263641241 -0.0134196736103805 -0.0960477677507037 -0.0543805221881953
0.0759477800533006 -0.0596493033829319 -0.0665137807356842 0.00897350488439891
0.0322147706147018 -0.0906092706315715 -0.0170370961316785 0.0199090711371188
0.00538994958167476 -0.0913554464253675 0.00594861469055342 0.00237170359332172
0.0089226963865472 -0.0926093787923513 0.0266882809986198 -0.00773053234898805
0.0499786210592562 -0.077393479306457 0.0518361561107291 0.000755137456219754
0.0833558014404428 -0.04673149869346 0.0765729687684773 0.0319848709915834
0.125105480595477 0.0190608801932827 0.0466301334077122 0.0854158487045196
0.0819996746937812 0.102611114587639 -0.0274148187224691 0.100344863987351
-0.0283272180697527 0.134787802682624 -0.0514491071963291 0.0455391668927255
-0.114120990879311 0.126969251021049 0.0175651177366316 0.000385305678792088
-0.121191482671508 0.0770308661439684 0.071708881609096 -0.0760492159504636
-0.0995545479425586 0.122969566952322 0.138705899997586 -0.05827670666795
0.0107593120672022 0.154501644069122 0.0968592334559933 -0.135679431954217
0.114038162887757 0.0985049005281116 -0.00657972682537345 -0.143229624781881
0.112362883936987 -0.00559245311623077 -0.0560697201080836 -0.0661908343936692
0.0734759264199914 -0.0538716002437873 -0.0380774698975208 -0.0205521697204455
0.0315313632034336 -0.0845279291108641 -0.00380231146207821 -0.0126609446291607
0.00443940250209818 -0.0863251226428567 0.0132788679866958 -0.0280029048387571
0.00569435856954066 -0.0860707867749958 0.0324068171750445 -0.0380896073700632
0.0416786578024011 -0.072644277189006 0.0615996307014456 -0.0270482830669554
0.0740235611063258 -0.0442412146587822 0.0923049121147559 0.00969944096443091
0.113937956783041 0.0174861027508286 0.0657136284174577 0.0707046536950583
0.0707144776190689 0.0951243944559419 -0.00735355640141811 0.0925857270871601
-0.0345019174334915 0.117857787519496 -0.0351551354771709 0.0346605631324586
-0.110331399345184 0.101513559507449 0.0540894376074557 -0.0223760294284408
-0.0953183918484402 0.0404974311575641 0.123246723494458 -0.0814664605796895
-0.0914415039333907 0.0839063790119855 0.162066882318813 -0.0596974537842913
-0.00667724774876173 0.12114934485384 0.117298022492638 -0.111415276177181
0.082452484081872 0.0852054652584035 0.0277340644712331 -0.12439169147417
0.0872341304157709 -0.000828301665686618 -0.0179115440287733 -0.0722453832255863
0.0560304676748955 -0.0395120205538112 -0.0113835296141488 -0.0457242007007268
0.0236993625517669 -0.0653481062167946 0.00727718002949288 -0.041230937131462
0.00251947694956141 -0.0684089188182319 0.0192646683378861 -0.0534831420183733
0.00300870341882796 -0.0683746863402769 0.0368874388534452 -0.0632838047626153
0.0304728143878096 -0.0594202398930897 0.0696901097012772 -0.0488235479616256
0.0592243554115959 -0.0360944140399918 0.104928972711572 -0.00611934304387856
0.0912604020645228 0.0178243923014527 0.0783365172049872 0.0608883871652389
0.0503621979301564 0.0802461272288856 0.00700273898340707 0.085812140429192
-0.0415324612396248 0.0901101621985216 -0.0224818810255196 0.0250394574604896
-0.0962069898672763 0.0625673575812069 0.0841483270090234 -0.037985479703487
-0.0499898314689992 -0.00252635490942844 0.152422834030746 -0.0770687935542411
-0.0601459963079909 0.0318671965093147 0.169228268971494 -0.0584858154630924
-0.0138499921050411 0.0636816872214816 0.125640328322568 -0.0885779021381684
0.0407511141656992 0.0488019925498809 0.0497773617882256 -0.106057600433259
0.0445880453608716 -0.000324416434168984 0.00797366106477039 -0.0772301312521357
0.0270189613540545 -0.0204388727186475 0.00554500331281596 -0.0646671250752193
0.011141199932534 -0.0351039222956045 0.0123778853855681 -0.0615648902731022
-0.00105656936693819 -0.0400231013182332 0.0217207015487044 -0.070071655491833
0.000310690154041099 -0.0414656889480608 0.0402643289791007 -0.0801899829532105
0.0157308397524515 -0.040007768873045 0.0778114719526159 -0.0619451966437758
0.0385764915936407 -0.0254442958703951 0.11544066840539 -0.0133711315595193
0.0609968670292389 0.0142947981547631 0.087180323778935 0.0589828847744639
0.0254259397694517 0.057241630026707 0.0170513347349639 0.0842702605822471
-0.0420313742783266 0.0534535965274776 -0.0145671672933101 0.0205903451504585
-0.0694119714717794 0.0166236278364659 0.104153977964913 -0.0439344887562189
0.0256708470935012 0.0259169546653891 -0.0964788648720701 0.0778910311793646
0.0200758961910949 -0.0154853180293542 0.0209469798145732 0.0123332229543485
-0.00682015747064638 -0.0259089569576734 -0.0211094000852379 -0.0874243804760345
-0.0221458879127099 0.00025982880958506 -0.100055492073361 -0.0641233651437665
-0.00785704744944993 0.0139294954231642 -0.125271988328889 0.023199750584865
0.00444149203152429 0.0065239226767238 -0.0795584336521687 0.0873951333847033
0.00243923206717044 0.00536862172997258 -0.0297228793175927 0.0979679454279308
0.000447432833587173 0.00336904212622855 -0.00463443861701855 0.0829661338069754
-0.000694859558607901 -0.00307832695713268 0.00555295862404265 0.0774962304965259
0.00113851548190116 -0.00577598391522378 0.00753920555159566 0.0791623751472312
0.00172904023267115 -0.00559568096445674 -0.00457077842284596 0.0855317474422201
0.00853174261285413 -0.0108184992760427 -0.0428408719516189 0.101565563657044
0.0203897707436601 -0.00365798459040936 -0.0993867406938039 0.0945044526581687
0.0226965855963368 0.0256589136916634 -0.132198868638797 0.0634371966258944
0.00830872789270736 0.0460553387949532 -0.123356828353033 0.0837456962975761
-0.00847439805967539 0.0671153467265106 -0.10134806906187 0.0546244371767846
0.0125150317239231 0.0323665994944874 0.0213510129210716 0.0015597687315675
0.0216080690088752 0.0114925409034061 -0.0220923883659308 -0.100048319014112
0.0215344576657383 0.00672300519316746 -0.106981793160257 -0.0753543567485631
0.0207626787904415 -0.00234133174073787 -0.130456711392956 0.0181291739720683
0.0206631758617387 -0.0181531060570095 -0.081727616239212 0.0843879837537024
0.00469797787124579 -0.0271197725228525 -0.027472398452195 0.0923327001695899
-0.00169416159526046 -0.0287718264306455 -0.0021345427466159 0.0749914535741384
0.00332723740090842 -0.0367398129343752 0.0116456218211118 0.0687605545579801
0.0248504718833975 -0.0338399155923188 0.0171019876784815 0.071148213942691
0.0384204217148196 -0.016952396567276 0.0103539376054322 0.0802533468208977
0.055747546686892 0.00994161574462558 -0.0269331198510789 0.101966499426509
0.0389775346364362 0.0447328551619006 -0.0843434968537156 0.0998221621627768
-0.000363950337181229 0.0745384074677489 -0.108488651946195 0.067298303777539
-0.036402820928901 0.0892755618006662 -0.0970954708358828 0.0744615414027984
-0.0460223371653885 0.0975954461709283 -0.087704595362313 0.0210162328481728
-0.00491535687718164 0.0812886593243624 0.0331160823726626 -0.0158926960124948
0.0445426229727992 0.0562091702763512 -0.0128250185354169 -0.117144958996269
0.0673447657402866 0.0190269661529034 -0.105979194378526 -0.0939024139843425
0.0529445863039989 -0.0165532211655839 -0.129564075995952 0.0044844236601261
0.0376579724023232 -0.0412208670305947 -0.081396987891588 0.0704097353472376
0.00911858694834644 -0.0567546336721322 -0.0241622473596599 0.0752707392457991
-0.00333293363064741 -0.0568546048342827 0.000865888773749598 0.0563601925594236
0.00307911167605213 -0.0641238381570178 0.0179724645663693 0.0487531141484147
0.0380593514767468 -0.0582075513704273 0.0308653238339547 0.0523321298405874
0.0633999979552083 -0.0321197128604065 0.0349865721032201 0.0660275354582113
0.0940308746880672 0.0130315102275032 0.00130183322903611 0.100016337450266
0.0635830580952412 0.0739407475731329 -0.0603300015101048 0.10661649357651
-0.00762512448246738 0.11159270742915 -0.0824618659199001 0.0667231406041968
-0.0677391458351816 0.121464337044526 -0.060560110389169 0.054645687335235
-0.0804767068536725 0.110963800644798 -0.0541068142895854 -0.0158535140285034
-0.0306232922345978 0.119060696636019 0.0556889593093906 -0.0369361836688589
0.0548748926156282 0.100948533450334 0.00788314827352874 -0.132330069924699
0.105699619125561 0.0384118029574922 -0.0904894921681072 -0.112373397934158
0.0825651249595478 -0.0258757645844647 -0.116801618835393 -0.0147733186820812
0.0533243603662476 -0.0579548381456674 -0.0732031791666238 0.0464711537962485
0.0141253654332095 -0.0783286225608485 -0.0177981716006407 0.0492740239236077
-0.00480106841960587 -0.0765210015405922 0.00383505791780163 0.0304146593226219
-0.000344862725214914 -0.0812427541870307 0.0224360232917084 0.0207202284883766
0.0405301072177362 -0.0743667189497386 0.0424965793595749 0.0241733584170466
0.0738461528386732 -0.0465446024761849 0.0584717037669429 0.0438886493161008
0.11668941323367 0.00683216509130137 0.0311029034393032 0.0893075595594412
0.0826395880676116 0.0852571211631958 -0.0332020651479672 0.106894868653366
-0.00743378213436584 0.129373430117255 -0.0597502232653699 0.0604458100366603
-0.0844160242332745 0.137158981051304 -0.0213775802357917 0.0263451855936904
-0.101352755706033 0.105991561589154 -0.00520108735598658 -0.0507770031031605
-0.0580357353758181 0.135634148716666 0.0855978952602673 -0.0570111339421081
0.0484105783289583 0.132161941210768 0.037356434336024 -0.137481117698169
0.123608714360803 0.0600930466863534 -0.0611734715258063 -0.123947023852776
0.101522603407616 -0.0256996489313939 -0.0903281703886352 -0.0359803707998668
0.0629031132258494 -0.0639026923216179 -0.0569592705439253 0.0151951838630644
0.0173912179995111 -0.087403752787849 -0.0102245904232872 0.0174558786928127
-0.00566508418917677 -0.0843595707527106 0.00711021556316738 -0.000117697599179317
-0.00422281506497654 -0.0869240829116098 0.0247749272717815 -0.0103637726640613
0.0368448780445658 -0.0792687122793697 0.050078497919108 -0.00640625002198257
0.0727151520319023 -0.0523125573606239 0.0760817980692597 0.0171832871388267
0.119868404400257 0.00249174038159934 0.0550224009291265 0.0725013525149207
0.0862618588419336 0.0854499315907731 -0.00940373724285141 0.100089604328138
-0.00930971483531441 0.128894299326207 -0.0421055437635648 0.0483226894684483
-0.0909021431750616 0.131431229242395 0.014702773030459 -0.00376839805828651
-0.101900241446189 0.0822517065356771 0.0494249440739247 -0.0782215438155414
-0.0745632293469262 0.122701560927776 0.115203601466259 -0.0715881927192664
0.0286821240182094 0.135523889242617 0.0668117693210816 -0.129753035530948
0.114886166771239 0.0714725474976226 -0.0245602112634208 -0.122153300660794
0.100111328848968 -0.0193917077164177 -0.0548850441621921 -0.0525103674922835
0.0611422308311805 -0.0583843054129287 -0.0349283573043465 -0.016277071780701
0.0174250422450855 -0.0820454921478257 -0.00226188073444962 -0.0153318485378052
-0.00627266086090316 -0.0796476063578038 0.00955134312477281 -0.0292849420098167
-0.00621912649898634 -0.0807119891096053 0.0258123238733922 -0.0396284750982867
0.0296310881539264 -0.0731951795434438 0.0545575068039782 -0.0340119903464005
0.0644323106921613 -0.0492631448836019 0.0876787941400518 -0.00594302230527586
0.109009836510254 0.00258915372185525 0.0707636110267684 0.0557680872811941
0.0756925220736636 0.0795311061076232 0.00806915361905176 0.0897041850140087
-0.0170380147916942 0.114073764038063 -0.0285151897227141 0.0360302750653749
-0.0895757679482748 0.106772561894616 0.0454554735987539 -0.0297321978707455
-0.0811679798822077 0.0452433111953562 0.0967862325789657 -0.0940701198396662
-0.0717246952401523 0.0854464066485556 0.137969863268975 -0.0780685161261701
0.00936692050846464 0.107488346183853 0.0895986005488723 -0.11338449022639
0.0848098568645183 0.0633143353103859 0.00931483995427535 -0.112104688325228
0.0772435518545982 -0.0122008976934388 -0.021562507833511 -0.06445892773149
0.0464728780662666 -0.0436777167391417 -0.0143510973727748 -0.043769574629335
0.0128081992434216 -0.0628368542460099 0.00360626374680332 -0.0433091144934003
-0.0061005909286814 -0.0629621769511491 0.0111916710588286 -0.0546465189384499
-0.00667470146309305 -0.0636890414130959 0.0260165496930784 -0.0642312960342094
0.0204521247462017 -0.0597515803834343 0.0590943511840672 -0.055871353793024
0.0515415678378138 -0.0404540357358816 0.097032529547008 -0.0227661963845454
0.087894853616937 0.00531558960637398 0.0812990819598203 0.0447617080844498
0.0548140325451892 0.0683247238218999 0.0209039900509187 0.0808281280649451
-0.0269128952968352 0.0886993013374966 -0.017744925318249 0.0255521722785182
-0.0801685962887585 0.0687549358796807 0.0717871334027185 -0.0480211596298919
-0.0441430726013663 0.000452180373030154 0.127689977637739 -0.0961951428652019
-0.0495209475849339 0.0331814706785898 0.146262140541124 -0.08026659180103
-0.0044278738927922 0.0559744209966946 0.101406657189777 -0.0973930635534948
0.0422195100742104 0.0362315661456682 0.0323347547855598 -0.101974886345403
0.0386884498546231 -0.00633172188937888 -0.00174770227288708 -0.0731062488781498
0.02169357032392 -0.0219226861526657 -0.00293315644218832 -0.0630755581102766
0.00508326935991594 -0.0336297339500875 0.00479209488185799 -0.0627098975017205
-0.0061478286420304 -0.0365173891792665 0.0110011650036504 -0.0699413070736813
-0.00576647994281942 -0.0384562791968358 0.0262738700595321 -0.0805327437129515
0.00954024450206616 -0.03948069618724 0.0640605986047366 -0.0698266384308156
0.0338622984460024 -0.0281307395275318 0.105153709575198 -0.0308649099861061
0.0591860644878318 0.00635742983867217 0.0890989335628255 0.0415650190104913
0.0295624907666277 0.0498041224831157 0.028986218303209 0.0772271045998087
-0.031900323537027 0.054992485382649 -0.0105216350189583 0.0201689955004476
-0.0609180816173702 0.0229148435954045 0.0899961335508704 -0.0563719107297247
0.0241401654998094 0.0243670136256278 -0.0931454493867773 0.0728928028082482
0.0194083600567823 -0.0142905631048605 0.0201086160448193 0.0127382568805162
-0.00611918461042794 -0.0241743644863514 -0.0186721677951148 -0.0829054693905982
-0.0205942249995519 -6.41600933599853E-05 -0.0940667565639617 -0.0620935665484858
-0.00696197490520546 0.0124528469822926 -0.11977196894163 0.020429286642591
0.00405231848646331 0.00590319869074726 -0.0764263207183198 0.0813574188259837
0.00216969009106683 0.00445274804711497 -0.0292045591233523 0.0927999212907961
0.000462002628706918 0.00271493982702112 -0.00588447142081799 0.0790265880933575
4.61876401561413E-05 -0.00304361240022786 0.00371216996606669 0.0735869716766026
0.00132138719396825 -0.00591795621556016 0.00597752357813193 0.0754183605740351
0.00181021227530432 -0.00545607550646659 -0.00599301448474935 0.0814017375756237
0.00880403863203376 -0.0096254367200936 -0.0422752500672158 0.0948564145966451
0.0194665606679823 -0.00229280196554863 -0.095855971161607 0.0879784743089669
0.0213462443245294 0.0249767235700571 -0.128280527753709 0.0577543183091484
0.00681865361052866 0.0433249981922053 -0.119986871410747 0.0783870219753158
-0.00892479797667591 0.0631305290344175 -0.097952609082522 0.0510589998652836
0.011547503025957 0.031504368524031 0.0206078684943425 0.00236917120407163
0.0205488978728853 0.0114128843209431 -0.0195795081023188 -0.0945599390175458
0.0211338397578492 0.00652750187881086 -0.10052118607292 -0.0728830258801102
0.0204124182054966 -0.00231578372548334 -0.124290380665007 0.0156653495869804
0.0193875883512681 -0.0177781010555086 -0.0785505021585631 0.0789543200394007
0.00438168594594797 -0.0264187157797838 -0.0269130603103729 0.0869910643101626
-0.00142874075934356 -0.0276408186726255 -0.00327492381660037 0.0710696290783942
0.00321503797295521 -0.0347725765077241 0.0101003446949255 0.0653818834729442
0.0239551161870268 -0.0324729619354773 0.0154489511586728 0.0678787318281337
0.03748084000768 -0.0155077754467482 0.00879348763895803 0.0759240725371441
0.0534926594341581 0.0100193821584462 -0.0264628517377694 0.0962254287187107
0.0368522033291808 0.0441472199910883 -0.0810951138698396 0.09388119434274
-0.00175767788458362 0.071692612908933 -0.10561984162621 0.0620306291091026
-0.0360721550573024 0.0834673260030332 -0.0951101151595089 0.0698326163208859
-0.0458799514435016 0.0917093809139885 -0.0840273778044218 0.0192983853118854
-0.00631486797504543 0.077545068535631 0.0320527422344903 -0.0137127694242944
0.0418121729532236 0.0541919085489066 -0.0102285701647032 -0.110704620412788
0.0648383412014004 0.0189389366674295 -0.0993121460888321 -0.0908362056812412
0.0512829416683155 -0.015965813318115 -0.123038080110869 0.00248596070372218
0.0365424650933323 -0.0393587174197444 -0.0774127058619016 0.0654838997522991
0.00901099059575609 -0.0541821499893655 -0.0238902854132435 0.0708395495233936
-0.00271545645677319 -0.0541088821197312 -0.000239708296926706 0.0534924130974729
0.00348474734416187 -0.060997151620691 0.016043886474412 0.0463415714953833
0.0367476625166263 -0.0557380624766283 0.0286767637458844 0.0492095784704207
0.0612314497953631 -0.0303084186521651 0.0320644244148797 0.0630947240603807
0.08998862573473 0.013708645389982 0.000195355208843958 0.0945504334631127
0.0596981711087803 0.0720119721886625 -0.0587823976947655 0.100549823407219
-0.00964939529919954 0.106400923239931 -0.0804853642059227 0.0626653580786855
-0.0661393518597541 0.114199982968794 -0.0601946734130046 0.0514084632970776
-0.0779063389399475 0.104905430643404 -0.0510251137356698 -0.0152868373130386
-0.0313262083237885 0.113741606467266 0.0537429023319711 -0.0328559373766592
0.0511614222659542 0.0969193479347452 0.00992262127600339 -0.124183938469538
0.101185835490465 0.0378304563943048 -0.0843561327354965 -0.108008710070632
0.0798755933142566 -0.0234464192096283 -0.110420624259806 -0.0154754827212296
0.0517688173166272 -0.0551348503876384 -0.0694522564982762 0.0423925976274103
0.0141328340800091 -0.0745204549168925 -0.0181433661960475 0.0456388188997542
-0.00398130463663807 -0.0724892348084108 0.0030653169692616 0.0283768858068423
7.61477235245917E-05 -0.0773359279581745 0.0208783959184657 0.0196096337954899
0.0396724359075093 -0.0708619246302099 0.0400749799131915 0.0233047577568987
0.071175948715471 -0.0438654636521808 0.0550769358833754 0.0417240579645589
0.110809257102261 0.00771002515977906 0.0296694176099515 0.0855219380296045
0.078190955392243 0.0828503167190317 -0.0325446161453126 0.101617080875047
-0.00941297167599712 0.123225753514908 -0.0584506399182119 0.0568230333687173
-0.0819277346582534 0.128358359247676 -0.0220230209952979 0.0252737457548035
-0.0980914247701042 0.0990712632218414 -0.00440391644278885 -0.0477138390988075
-0.0578586268548991 0.128590641048683 0.0821294849226707 -0.0516114969810321
0.0447150856529349 0.126143008507532 0.0378670703858166 -0.128876729677436
0.117696212727794 0.0582831912751208 -0.055639896599898 -0.117917468283545
0.0971508798622115 -0.0229916794897041 -0.0846592429393043 -0.0351226677005509
0.0614894099004184 -0.0604457705248892 -0.053826421765489 0.0135269362330066
0.0175154452227266 -0.0830022112414103 -0.0107596490756626 0.0152401692214601
-0.0048457215103478 -0.0801673322481609 0.00631268194426108 -0.000253127219754183
-0.00314031859894392 -0.0826374806797197 0.0234074200128751 -0.0101054278054376
0.0358087796483712 -0.0751392774565641 0.0475211774298262 -0.00593023332831034
0.070135664095909 -0.0494987867638316 0.0722202034060718 0.0172550835498104
0.114272854131844 0.00301546524161125 0.0523465775420102 0.0696044895545863
0.0815614745550263 0.082339119609061 -0.00996920818049241 0.0955965611097539
-0.0115125115206315 0.12284494687469 -0.0412348179060276 0.0458469417502511
-0.0880967755611161 0.123202109535565 0.0129582557834169 -0.00280926651542508
-0.0977929020066835 0.0768001989383228 0.0489392987582084 -0.0733908491188217
-0.0729422272755123 0.115647387308614 0.110771428638966 -0.064303693777806
0.0259848912325801 0.128951486789318 0.0660788980821637 -0.121688697891503
0.109530416791264 0.069106802919099 -0.0207893026422884 -0.116297166057692
0.0959775390056976 -0.017136838392849 -0.0506063597286152 -0.0511763011094579
0.0594638600630151 -0.0555180584743345 -0.0326938357166817 -0.0167189507892286
0.0173070188483394 -0.077759272554381 -0.00219844308668182 -0.0158693396388378
-0.00527841332102503 -0.0756120616188326 0.0088970736428967 -0.0286787484614697
-0.00531893146100915 -0.0764542347371395 0.0244672051783355 -0.0378471833232892
0.0288471316257939 -0.0696005610799791 0.0522311747720398 -0.0320091370600123
0.0624033993475105 -0.0464335326260165 0.0832823875687849 -0.0054906462089871
0.103687688703862 0.00344868274902761 0.0673723513270711 0.0538613848721536
0.0708168483066262 0.0765504843218167 0.00700339019608699 0.0858281791199215
-0.0183445214648127 0.108287754472608 -0.0277265189741577 0.0338600809218623
-0.0858937063015292 0.0996731398949796 0.0432002800256183 -0.0277483292026752
-0.0777938989292732 0.0422153001459007 0.0951164021838526 -0.0871119126705682
-0.0692766448430351 0.0800898089815556 0.133240109088824 -0.0708214604452857
0.00722765910627106 0.102113513064539 0.0875519737986315 -0.105793898769921
0.08074664879532 0.0610672114660124 0.0111210661613967 -0.105937118240083
0.0740692403670468 -0.0100437288054737 -0.0191832318567602 -0.0614750095652617
0.0453764965305019 -0.0407920669017885 -0.0127843449064841 -0.0426514620693246
0.0128864123690225 -0.0593542691430482 0.00395041140936379 -0.042396522076746
-0.00539820621577806 -0.0593141237414667 0.0108848965989887 -0.0524201399602183
-0.00549212125341326 -0.0605817259573583 0.0259122116809404 -0.0605410956518598
0.0204261219656762 -0.0560566364204549 0.0568666059199609 -0.052454657283744
0.0496786801947985 -0.0375936521857087 0.091942564735195 -0.0207016311943718
0.0830894013581793 0.00625540119787395 0.077625065764554 0.0439055826579575
0.0511428560360965 0.065268526795179 0.0186226593437388 0.0775348339987362
-0.0267727932244983 0.0844735332123801 -0.0171618864633325 0.024187306149275
-0.076630774540021 0.0637306686215026 0.0684767139762829 -0.044973746451728
-0.041334662428267 -0.0001502302082351 0.1248315023665 -0.0897657237214543
-0.0471978012145204 0.0304531160050161 0.141415773006271 -0.0728177433750052
-0.00447715491941547 0.0523901101928088 0.098530369757803 -0.090703039348285
0.0401140690151744 0.0348862094577051 0.0327022958043913 -0.096369705673321
0.0367787621372148 -0.00530080431055527 0.000335081864383807 -0.0697190910418029
0.0211064951833276 -0.0202324773967814 -0.00181702537985622 -0.0603981884100191
0.00501727422122367 -0.0316517917768663 0.00528799974602279 -0.0606999212210319
-0.00547026527861452 -0.0339639155179915 0.0113745910957605 -0.0676153135858947
-0.00511480689698213 -0.0363479616003726 0.0257855332088895 -0.0765431041630556
0.00981160221526874 -0.0371625782068486 0.0619762441278332 -0.0655851317261373
0.0323582642928259 -0.0262281999006686 0.100292326318415 -0.0284567482525249
0.0560656741769836 0.00631839351906064 0.0850246933128571 0.0408258608416608
0.0267123738519923 0.0475501869435182 0.0270381793479158 0.0739521053458282
-0.0310552961644261 0.0520063349035959 -0.0101780394004008 0.0193285858746395
-0.0569024683917053 0.0209338174894848 0.0860573187125757 -0.0528400499615194
0.0234948186997026 0.0239207876208829 -0.0947014449581028 0.0697174820223164
0.0196661863288978 -0.0134825917242019 0.0204558436278208 0.0128309016481694
-0.0057263522805945 -0.0238163346687599 -0.0159276870579542 -0.082037222010412
-0.0199042849146007 -0.00056541678808298 -0.0914326912591803 -0.0633666103712
-0.006905618455086 0.0117640012289625 -0.118767562603146 0.0166638505845103
0.0035798612267762 0.00557446966032499 -0.0774835770113836 0.0783334951581705
0.00188832156617339 0.00411552232448871 -0.0307435003911998 0.0902439599301995
0.000399049899383946 0.00250921820869636 -0.00788471428254549 0.0783215418022984
-0.00028069919946492 -0.00325574999995958 0.0017291029591739 0.0730997301927885
0.00171056580000028 -0.00623071738642418 0.00378046914128797 0.0743923699346922
0.0025628961713292 -0.00507153244021753 -0.00852938422307535 0.0796964989449077
0.00964688624801914 -0.00894409269766306 -0.0445471111958793 0.0913380261128363
0.019073069313419 -0.000888191657088611 -0.0967507910785734 0.0828693422326553
0.019623293562385 0.0256404372970751 -0.128805925904955 0.0527638071775579
0.00506910518002235 0.042337559549444 -0.122386342506827 0.0741080669612286
-0.0104126168489396 0.0616627211532915 -0.098334513718162 0.0479423100192982
0.0099971725096938 0.031793140909826 0.0209414736218858 0.00341178340531703
0.0196865876716244 0.0121732198660045 -0.0157535946845118 -0.0935409117520031
0.0215434061124903 0.00660089103266829 -0.0971377738657591 -0.074255387888966
0.0209011144699335 -0.00228575663799762 -0.123039354104973 0.0116875299544008
0.0197975253460671 -0.0178767917964465 -0.0796253506334497 0.0748554948225006
0.00496161722574696 -0.0263341543926945 -0.029010648441999 0.0843915487395289
-0.00061108850723728 -0.027299832023381 -0.00562676202313974 0.0699183569986665
0.00418261744884835 -0.0346610047469521 0.00784342393853689 0.0646450963608854
0.024596200973372 -0.0315000523446881 0.0130766444059428 0.0665270805088188
0.0377029989329388 -0.0145531743647839 0.00597682494090829 0.0747928143902857
0.0528029802394724 0.0117668250805497 -0.0283371207726187 0.093262649390306
0.0349040897259924 0.0455526858284644 -0.0825027362953825 0.0897506374584935
-0.0049316664750536 0.0711026248167909 -0.10669610811443 0.0586056636149704
-0.0385950842038419 0.0808988634280776 -0.0981364520622348 0.0664982583732936
-0.0480632797975014 0.0884441959362586 -0.0839667735403291 0.0171424078771641
-0.00884897831792049 0.0769305806379944 0.0320086982872345 -0.0115186053390271
0.0400422507626174 0.0547710052387659 -0.00622357927399794 -0.108917874035313
0.0643505682758201 0.0201175613921838 -0.0950048033866577 -0.0922099071763848
0.0517315252691079 -0.0144504279322996 -0.120950975833577 -0.00133070007502675
0.0372908863777805 -0.0386341549783221 -0.0780297917015842 0.0614661225069694
0.0103149668021281 -0.0534551286620407 -0.0258150710083148 0.0682952776386629
-0.00135680982247772 -0.0531509206564539 -0.00241914968575128 0.0525871156372269
0.00466266887203801 -0.059958471246787 0.0144068390589778 0.0460834895709276
0.0378172194548249 -0.0543966204730897 0.02619053151636 0.0490618631870416
0.061471149349206 -0.0286924745127842 0.0295294823152102 0.0627991724368134
0.088879307562794 0.0158903430329962 -0.00163239128329478 0.0927802009063647
0.0572826976393061 0.0736263089824781 -0.0609771847017193 0.097353278856556
-0.0129421950398737 0.10520475918248 -0.0818509145060202 0.059673685311008
-0.0687144747373123 0.109936999786448 -0.0625070308629659 0.0489918065997163
-0.0804931096980541 0.100673848790753 -0.0501192606998167 -0.0154574383210105
-0.0348288995336255 0.111846730632566 0.0541517321397204 -0.0299198510234971
0.0482649548501912 0.0967924512175704 0.013684690708323 -0.121696422925895
0.0997103545133507 0.039733391741674 -0.0798124028362966 -0.108496277436012
0.0803197461563597 -0.0212771533090793 -0.108111198819894 -0.0189691241581891
0.053397158120793 -0.0532251970277379 -0.0695978717689383 0.0391208059252418
0.0157832535242887 -0.0733310376115349 -0.019130482596296 0.0435155840475688
-0.00195314336052205 -0.071395183068324 0.00193381443506994 0.027332823638739
0.00230962661790173 -0.0759027392528126 0.0197585505454761 0.0193793661994911
0.0408224768162195 -0.0687932427908997 0.0385894383365412 0.0229706158769169
0.0719547152036403 -0.0416955867407472 0.0528709743225832 0.0423748064899773
0.109686012962901 0.0107345310804652 0.0273697316868672 0.0843198774724103
0.0750740715252675 0.0842073814501785 -0.0349085826057513 0.0999294810909429
-0.0137673437160571 0.121848856940834 -0.0594797503240618 0.0550023293526787
-0.0846807489915333 0.123416614683653 -0.024036218741876 0.0243361528101284
-0.0997086887408108 0.0951125991728861 -0.00202133970786932 -0.0465621341383439
-0.0609579783871243 0.125784248493171 0.0832178876993735 -0.0468058279543901
0.040490212749486 0.125531760939513 0.0415268124423232 -0.124779631201824
0.11537090572463 0.0604081682096355 -0.0514412746741234 -0.117662736792625
0.0974375165069732 -0.0203006560444911 -0.0819650548709904 -0.0374771526157256
0.0624420757961239 -0.0585234440521531 -0.0529751816804838 0.0108792035607067
0.0198141744793877 -0.0814982918362419 -0.0112768464362949 0.0135029765777186
-0.00307498279422544 -0.0785460118642789 0.00606264476602541 -0.000997426126130081
-0.00122744285761916 -0.0808441179310178 0.0234797276564932 -0.00992583258376917
0.0375252456958443 -0.0732998815588238 0.0466032396419441 -0.00506146735758456
0.0710419772470289 -0.0474175955210112 0.0704940813362419 0.0180605618204326
0.112693930359421 0.00632952640269083 0.0508014981547391 0.0692249021615887
0.0787570292902469 0.0835414704909243 -0.0124056200331091 0.0946868348032395
-0.015705628344825 0.121047118367249 -0.0418906200592283 0.0443942329678122
-0.0900412163185502 0.117894421395902 0.0118179599257836 -0.00252370987496516
-0.098678233268158 0.0729415503084016 0.0511106385119109 -0.0698984095434584
-0.0754723548325947 0.112231129288964 0.111998719612749 -0.05895952708044
0.0219000315955965 0.127204020920216 0.0695833784774496 -0.116673654153215
0.106530990044521 0.0708712866158416 -0.016526995254345 -0.115000913224119
0.0957546765878667 -0.0140438808093242 -0.0477254632999537 -0.0520544798040467
0.0604092111703083 -0.0530356335979017 -0.0310274369974842 -0.0184483706205643
0.0191410097362103 -0.0762186732789769 -0.0022944525269877 -0.0168416850689947
-0.0034148274187104 -0.0739708248269712 0.0094250287772169 -0.0289158267008016
-0.00323658131117672 -0.0748038233616271 0.0251886169449759 -0.0366066032596027
0.0303077420192748 -0.0681780565963578 0.0524255343688489 -0.0304470685968082
0.0629947140026251 -0.0442280732688986 0.0822087179031002 -0.00337129299392946
0.102170287137873 0.0063749023068431 0.0658266572504989 0.0546641301940956
0.0676445057055383 0.0771281683939588 0.00552037028026284 0.085075038688207
-0.0213173371408776 0.106390405202006 -0.0285898384596189 0.0329605031535741
-0.0871100785265155 0.0956586777476155 0.0426651824436653 -0.0260128776197231
-0.0770575965604673 0.0392356145467499 0.0978071296157779 -0.0826072761407258
-0.0703342806052391 0.0772049661954675 0.133828180454365 -0.0641073700346646
0.0046182261492901 0.099953885605593 0.0897363440669944 -0.100746989631744
0.0783408970424574 0.0618322289967826 0.0150284367010256 -0.103329808111459
0.0735069019842443 -0.00801901638706783 -0.0164721564617839 -0.0614716048037471
0.0460167349444873 -0.0392213963183353 -0.0110879797863539 -0.0428715108800114
0.0141798722782102 -0.0583182987032911 0.00462800169715885 -0.0427065025820788
-0.00385159438143916 -0.0582183814572262 0.0121224193018744 -0.0524708135624577
-0.00405360624297219 -0.0589482815290859 0.0270586033765375 -0.0594435022752186
0.0211685070888774 -0.0547564565278567 0.057924207177278 -0.0502258722228945
0.050229307557568 -0.0356207592112015 0.0911170324645937 -0.0182301231467331
0.0815817178505035 0.00842878345561579 0.0756927012985159 0.0448092294529281
0.048146089581376 0.0655568597590329 0.0170402601225015 0.0773423911430206
-0.0292352557990497 0.0824241189067575 -0.0178075218374936 0.0239224899966426
-0.0763796707148004 0.0605122437733188 0.0683760924865726 -0.0423309773599172
-0.0401194321245802 -0.00123050694143174 0.127300069655396 -0.0851275492343924
-0.0467986338337218 0.0285788641070636 0.142492124414547 -0.0666895467424947
-0.00564592596381468 0.0509059162179778 0.100468412066062 -0.0861082840780546
0.0393860543103818 0.0350389270588435 0.0352501372713224 -0.0934534214972105
0.0363563706304066 -0.00429382500182317 0.00304438705873325 -0.0681282714586599
0.022012038174832 -0.0191969132062081 0.000218325876711566 -0.0603257849562531
0.00581921875908411 -0.0305794538604537 0.00624821814960828 -0.0606451978279289
-0.0046046503789678 -0.033439045913977 0.0126166424391891 -0.0675334436672633
-0.0041179685187257 -0.0355791624174311 0.0279773402803529 -0.0747076050036321
0.0103225280044213 -0.0358589308798481 0.0634643165615322 -0.0626338002957231
0.0327479097386587 -0.0247228514897263 0.0994438650373334 -0.025246159721481
0.0541523865782129 0.00802400230028353 0.0827475166586759 0.042810105727271
0.0246239754279883 0.0472792181519615 0.0252408102623739 0.0742301987065399
-0.031707208553009 0.0499899632795442 -0.0104945172543696 0.0189515590239507
-0.0560036526371989 0.0188517904662883 0.0860305360893964 -0.0496935045909265
0.0233613306030075 0.0241786356149044 -0.0984926339550336 0.0702886596605608
0.020830491240053 -0.0134415124859028 0.0217620830210921 0.0142162220140616
-0.00540174651899593 -0.0241810544247749 -0.0144616614319838 -0.0840268832900805
-0.0194271406732514 -0.00138517761518883 -0.0928836109181984 -0.06607608539549
-0.0068838886293979 0.0114061812995927 -0.121816122984671 0.0150009227584831
0.00357002416647826 0.0049393167552887 -0.080413182224138 0.0779972589966005
0.00198165721761684 0.00366405692767849 -0.0326388732290869 0.0911341773516834
0.000553257412219713 0.00248334521471411 -0.00966100307775115 0.0800680426714414
8.98474181915761E-05 -0.00419823903749924 3.0570636147089E-05 0.0750663611789028
0.00230873368934286 -0.00635585890773539 0.0026283361169782 0.0759644008922695
0.00298040201468746 -0.00529200988099317 -0.01050499835775 0.0810878944294786
0.0103632001647488 -0.00868033251049085 -0.0472003579545153 0.0914656885719125
0.019435587985289 0.00044464612315606 -0.100198746492952 0.0821782820860563
0.0194560348455603 0.0270534600289105 -0.133844292552428 0.0505651632815469
0.00395169259648111 0.0424526484814389 -0.128148934633738 0.0740069472562113
-0.0126370581460569 0.0620526300120468 -0.101731700471772 0.048423438250127
0.00975398116982951 0.0332223625987995 0.0219657736663779 0.00476878932882499
0.0199643263865219 0.0131339255435181 -0.0146110560683208 -0.0955045903843675
0.0226551054017662 0.0068919644494511 -0.0983747065570243 -0.0778091720197705
0.0222186649576685 -0.00236016956669527 -0.126075108464513 0.00951452350000592
0.0203296001456054 -0.0187665870182998 -0.0825265245082004 0.0746969772554845
0.00595286829411913 -0.0271401214169738 -0.0311197265949366 0.085284389644805
2.41077942026847E-05 -0.0279376846326862 -0.00691681444815699 0.0721525170226603
0.00513123017909889 -0.0354759444792441 0.0066894667743093 0.0663662852861263
0.0257183770508764 -0.0322316066808234 0.0115890640645458 0.0683693725895819
0.0394243415367692 -0.0142435433738861 0.00404015931699088 0.0759452329587657
0.0542669243167682 0.0132280432841587 -0.0303358645832677 0.0941884559746371
0.0351697438612377 0.0478713573885962 -0.0860352757721165 0.0902493375575619
-0.00669949911416567 0.0732794735273497 -0.110678647413964 0.0574560106916373
-0.0414403230196652 0.0811868237455044 -0.102694110075298 0.0666092179357668
-0.0508165817988767 0.0893145993006859 -0.0861563573583564 0.0172651856703471
-0.0106426715764496 0.0792388818162266 0.03369355837199 -0.0100694397187929
0.0397243410044514 0.056909574350692 -0.00389502361276116 -0.110948626438465
0.0662373219296765 0.021290538916347 -0.0951889252619994 -0.0957589713515678
0.0538056913931371 -0.0143929125941915 -0.123729777966175 -0.00382085676478963
0.0386966834782978 -0.0396396862117845 -0.0803175357976042 0.060994228070145
0.0112481250332726 -0.0548600080274581 -0.0279417402653178 0.0685544412433914
-0.000777548791540075 -0.0542125997683764 -0.00377830130607574 0.0533439347018704
0.00598085627846154 -0.0613793741248753 0.0136075980724935 0.0468640680384691
0.0394749110945811 -0.0553055101608333 0.0259062579971822 0.0500100132169473
0.0638848513249984 -0.0283691403226066 0.0287140009411871 0.0638380568780345
0.0908544994008258 0.0181566617988114 -0.00278403570304904 0.0944591297216525
0.0579640821776194 0.0768197673952596 -0.0637724636597756 0.0989025242228937
-0.0161569477517232 0.108109267866901 -0.0856405792906175 0.0600353092167045
-0.0720849438321467 0.110745924319478 -0.0662396552959298 0.0495650880419611
-0.0841932089351417 0.101192481995734 -0.0506027909127523 -0.0157666325101276
-0.0378970139693385 0.114584640727816 0.056413768278388 -0.0278561817993251
0.0476154617885418 0.10007857525276 0.0167213621050564 -0.123512049773696
0.102438519088362 0.041572503100059 -0.0795396367817704 -0.112113407383865
0.0832579964865731 -0.0209610861415043 -0.109920188160086 -0.0218120685156078
0.0555566770767104 -0.0545942769326297 -0.0711333423428443 0.0383354219397147
0.0170009230500783 -0.0750717362356967 -0.0214460258210746 0.0431331664975938
-0.00137771335957959 -0.0730230774546076 0.000916060824276526 0.0276122551028719
0.00349570355145507 -0.0770374268393956 0.0197717915674234 0.0195191204541976
0.0433236787128058 -0.070643954737299 0.038659587464905 0.0240631661039459
0.0741735752329278 -0.0418104311395665 0.0536128160797167 0.0433887021736023
0.112670368113874 0.0123755472295912 0.027477963169689 0.0858484602645769
0.0757330937031004 0.087471306331833 -0.0368903183748166 0.101990809586257
-0.0167097921566878 0.125110472258373 -0.0621953919963615 0.0550035971996882
-0.0889557490245431 0.124226434407701 -0.0261554281648521 0.0247229835764565
-0.103522518526531 0.0952169050535909 -6.48863442083892E-05 -0.0470937017821228
-0.0650052045345692 0.128170412225682 0.0865620608572084 -0.0448593207718408
0.0395292881910054 0.128786665402164 0.0452082838526711 -0.126076516882332
0.118066228916735 0.0631840954717732 -0.0499658838143564 -0.121210108697178
0.100769019740729 -0.0191669877226323 -0.0828258373373754 -0.0405432654921414
0.0655692946842054 -0.0596928618030882 -0.0537266626964618 0.00947930235139279
0.021304113921056 -0.0827452934121123 -0.0123386333011061 0.0127737925739234
-0.00190366161174759 -0.0801948039795345 0.00530518761180811 -0.00209785149578385
8.34902295175449E-05 -0.0820473664508004 0.0239289218194939 -0.00996421903745372
0.0396889182452079 -0.0747701713506434 0.0479466889509005 -0.00433012842379859
0.0735214754423762 -0.0475766935522551 0.0715687713518569 0.0189788794568815
0.115575256738864 0.00817641873499973 0.0516054685377595 0.0714097470256681
0.0792612612990141 0.0865720984790596 -0.0131879488443433 0.0969690137811011
-0.0182363080602064 0.124033286075571 -0.0437856593371699 0.0452762656296152
-0.0944298831245373 0.11889872681688 0.0111308112492806 -0.00230306357271127
-0.101689354724002 0.0724953244653019 0.0555064668155525 -0.0700875599549644
-0.0793633240855087 0.113801566449637 0.116895671928753 -0.0564258075069688
0.0204977002781276 0.12990814653073 0.0734596599240669 -0.117176315281659
0.108941602950937 0.0737319014872201 -0.0144941671934734 -0.116977468805592
0.0990001361720839 -0.0128657463475385 -0.0476454351190658 -0.0542662760679286
0.0633766806309037 -0.0534634575767822 -0.031136361217792 -0.0201930371727667
0.0208396554133014 -0.0773867884069146 -0.00286453772491106 -0.0184087604759337
-0.00271699322032825 -0.0752917305288488 0.00973025732352323 -0.0306489458843123
-0.00243225959957745 -0.0757512211492086 0.026716519707756 -0.0377908655341842
0.0325667685894278 -0.0692729750227899 0.0538796796526742 -0.030588615132803
0.0651151240267459 -0.0439701208274712 0.0838530894823604 -0.00264891968600096
0.104653800388291 0.00829971140646759 0.0675216712046042 0.056124471381073
0.0679100147324911 0.07968298353493 0.00433886889901851 0.0879231748107631
-0.0241357711521578 0.10811606998439 -0.0297057723252299 0.0339609015899547
-0.0904618775715029 0.0953424564019852 0.0437503846810184 -0.0258609508485116
-0.0790167849569358 0.0389934492955583 0.103362436277546 -0.0828963680513641
-0.0736021679862682 0.0773692154583388 0.139316257313771 -0.0616298378405419
0.00307756448134327 0.101603872319326 0.0942819556844472 -0.100409822087801
0.0799846475499489 0.0639954580806255 0.0173145718289817 -0.105219088469979
0.0758510748896042 -0.00673472139461377 -0.0150767567425684 -0.0630893833730446
0.0478984692349993 -0.0391984826754176 -0.0103339409659899 -0.0445753020761095
0.0155020227367569 -0.059035816348349 0.00510505366591423 -0.0449637478280798
-0.00382043933494157 -0.0592121433899866 0.0126433985092465 -0.0545137068019492
-0.00330664296192735 -0.0597174497943854 0.028838127172105 -0.0609817584131003
0.0228829112188272 -0.0552330942965504 0.0602159681416952 -0.0507504062674526
0.0517749939372159 -0.0359879094603822 0.0933076948782557 -0.0171231199795446
0.0837438984140645 0.00996785210424936 0.0774566584214504 0.0467715319456197
0.0479097069557831 0.0675061066244879 0.0166259789964323 0.0797488095741819
-0.0311350736226738 0.0833597587054705 -0.0185668005381381 0.0246064463842005
-0.0784375362399392 0.0600292516099623 0.0704296609697218 -0.0425221699135102
-0.0404011960893858 -0.00174728663033151 0.133600898527182 -0.0848836238326375
-0.0477568940241919 0.0281014737402644 0.148615293848846 -0.0647218113893654
-0.00685511128821293 0.051528129407331 0.104688072505713 -0.0860598920584318
0.0395210062372083 0.0353571383506547 0.0380337586854473 -0.0942216939120616
0.0373263613351948 -0.00363554218413109 0.00475269021413376 -0.0701759309526472
0.0230129570214041 -0.0189291614707468 0.00128175379091502 -0.0619670922594724
0.00658465623824726 -0.0307479810065687 0.00717428823630756 -0.0627536635396389
-0.00476731446473528 -0.0339557319605822 0.0140804335701797 -0.0698852960803687
-0.00398399683248928 -0.0359106203621166 0.0299183847349729 -0.075980099954149
0.0108798541248436 -0.0359324724585368 0.0661232378493292 -0.0629199151155218
0.0339691942064862 -0.0243720786892367 0.10200324269862 -0.0240047938131614
0.054942043543872 0.00882173877659979 0.0842771765410602 0.0451319682628145
0.0237182348692197 0.0480176669329271 0.0247402698691228 0.0765665252822661
-0.0330723978778616 0.0504154619943431 -0.0114168332265382 0.0195399087803525
-0.0561965814237102 0.0174247307054861 0.0879840076662812 -0.0497629058937558
0.0242107061246234 0.0236565777113512 -0.101172934835219 0.0760286987886384
0.0215656125945451 -0.0140115000866507 0.0231349028823806 0.0140736234180395
-0.00636351995553184 -0.0249934540717353 -0.015846644482204 -0.0873685473251564
-0.0199370924459984 -0.00078689184793247 -0.0975931540689764 -0.0671535759813318
-0.00703516917206256 0.0114532874269108 -0.127010896135071 0.0178166121481881
0.00349527145696326 0.0044546684364804 -0.0823884670947028 0.0827910172279076
0.00199110870259055 0.00330734247422813 -0.0316908298473286 0.0955640590119743
0.00071033440085046 0.0025426605142598 -0.00793814114319461 0.0841077691944207
9.04400169976852E-06 -0.00431320742700904 0.00195225721371005 0.0787263561955732
0.00240382839001695 -0.00728476445580954 0.00344982733925864 0.0795447180117877
0.00320785929085387 -0.00561844891196591 -0.0101811305103043 0.0845425495065854
0.0112196799557613 -0.0088228996233021 -0.0479600545758592 0.0960310333101116
0.0205155930917251 0.00114199576041912 -0.102791284593794 0.08659589738113
0.0208607299235752 0.0285790845141983 -0.139680498272147 0.0546126598783895
0.00485023468960613 0.0438792217952818 -0.134116490038272 0.0797382969059978
-0.0116204768902646 0.0638714568829611 -0.105191933455444 0.0535226518037805
0.010429716692027 0.03470096459582 0.0238974591167391 0.00491296789178625
0.0215754260882276 0.0133689819751996 -0.0161826404461267 -0.0992855484276469
0.0248123329745456 0.00639839582461926 -0.104245886862396 -0.0790640131770805
0.0237847509222913 -0.00356301057660937 -0.131489844061598 0.0122373290044003
0.0206878261968868 -0.0201858428378294 -0.0842165425829207 0.0791073289254159
0.00510438485560003 -0.0291273301014489 -0.0303472770586267 0.0892513748917898
-0.000812210632631272 -0.0292979652439115 -0.00609907141821526 0.0755832667092963
0.00463442315489651 -0.0376664184490168 0.00800082598785655 0.0693245769155582
0.0267062263085659 -0.0346957524658153 0.0133824335974688 0.0707752047790179
0.0409249085711164 -0.015721449492706 0.0052200184608562 0.0792492936087507
0.057001948973219 0.0125781800848917 -0.0296808418729555 0.0983000848767494
0.0380161413986134 0.0501906453945938 -0.0873602074988022 0.0951712619013677
-0.00578768564920449 0.0773581490570237 -0.115543026372416 0.0615238374020506
-0.0419732335113942 0.0848754851877946 -0.107816270134963 0.072540790807514
-0.0518386566946419 0.0934829430644227 -0.0896390042857116 0.0207999302521782
-0.0100789058498691 0.0830933342507167 0.0358847853862448 -0.0104063476483115
0.0431935988973999 0.0586083015361025 -0.0054299654171969 -0.114906491386568
0.0708947992028522 0.0202711202139232 -0.101490027023507 -0.0971003931263008
0.0568355427320025 -0.0168139318249335 -0.129482542806366 -0.00205430601172952
0.0397414210011617 -0.0431758170816015 -0.0824554847309906 0.0643379990511218
0.0108349795037396 -0.0578334806579366 -0.0280924672924899 0.0712326345425771
-0.00212122836118531 -0.0564648128280158 -0.00361888140948832 0.0560181679993069
0.00497824588590461 -0.0641869499044651 0.0144050542073748 0.0480131676060825
0.0405141900336943 -0.0588811517786526 0.0277402395686246 0.0514932537004935
0.0662985938351095 -0.0314750189933147 0.0306932727485537 0.0657506381725843
0.0958070257081575 0.0168387321705756 -0.000920241788731203 0.0980076693509912
0.0622712488876378 0.0794469865146675 -0.0640856462268754 0.10475323557921
-0.0152343086008547 0.113717136819522 -0.0884312965440523 0.0638531588467964
-0.0735960219536122 0.11623088278472 -0.0696101191327161 0.0531671304041096
-0.0860569175823442 0.106840614530373 -0.0523716725926159 -0.0144243178664528
-0.0378010541705369 0.121174951994382 0.0595275524447325 -0.029394151017782
0.0522538455996998 0.103438723672468 0.0155477231797479 -0.127967512719246
0.108759181893002 0.0411299721636438 -0.0849476800129839 -0.114918186595394
0.0874884313868415 -0.0242310648632635 -0.115079872027942 -0.0210013693656989
0.0568008062063359 -0.0589521997113179 -0.0730925053519644 0.0403927230062704
0.0165032399435054 -0.0789399047066266 -0.022126013011702 0.0446141293420837
-0.00358572801266008 -0.075654213423593 0.000915668727903525 0.0288168639469089
0.001541687183558 -0.0805148542459653 0.0200419234648263 0.0192393374213938
0.043582969322623 -0.0748193331847662 0.0406774949066864 0.0239960184910967
0.0768983443439594 -0.0455679794042767 0.0561191662416906 0.0436988363567577
0.118258337821675 0.0107172082180512 0.0311748350144457 0.0880357373942182
0.0814080216138701 0.0900576461443212 -0.0363648014299536 0.107377056723053
-0.0153061480168097 0.13161831103166 -0.0639505072200813 0.0591607827998181
-0.0904289934382325 0.130697404797882 -0.0282181556758619 0.0265352842872204
-0.106197848328275 0.100948892010873 -0.000248859649062716 -0.048045677222875
-0.0659023067333749 0.135178873130785 0.0904493269947287 -0.0471416249264076
0.0435593650651333 0.133430421882612 0.0451938189142518 -0.131598118412105
0.125947025854264 0.0627472267772383 -0.0542023807481688 -0.1245332679351
0.105716381213382 -0.0230545836780034 -0.0867516996627435 -0.0410493144378011
0.0671424596894419 -0.063886421989793 -0.055318593425215 0.010014405198394
0.0202740808197574 -0.0875088743367261 -0.0136891677230185 0.0125107620806836
-0.00408268721210973 -0.0831049027334199 0.005053047548477 -0.00255465608212251
-0.00192544644564441 -0.0857113156616101 0.0240751205967062 -0.0115043820606357
0.0397644685523476 -0.0790607801567828 0.0495198870267878 -0.00616085231754327
0.0758592809402457 -0.0510737688698068 0.0748680884786308 0.0177658349683087
0.121243376686022 0.00589941419029925 0.0558133945429913 0.0723164835373214
0.0845633167619889 0.088721465086863 -0.0112911257048062 0.102063721031517
-0.0171222758531232 0.129970374206794 -0.0448039152756517 0.0486936470000886
-0.0955316119441294 0.125276837144834 0.0107198405809514 -0.00271847109583703
-0.104655400001001 0.0775730376469068 0.0579292014708311 -0.0738411842753655
-0.0810979166501337 0.120841700840689 0.121938990283743 -0.0603716878010978
0.0241947164013063 0.134563033378015 0.0748411383038466 -0.122641281156495
0.115944744208622 0.0738967534105206 -0.0169192812814998 -0.121305052313944
0.103461305192012 -0.0160727600052742 -0.0500677351039386 -0.055976057462643
0.0655143959484847 -0.0576325579779303 -0.0323649953315593 -0.0211560322386414
0.0197642989037734 -0.0811685094880149 -0.00396228900513458 -0.0200535166430895
-0.00506494883195768 -0.0779687311644929 0.00874377070861211 -0.0330432424022102
-0.00419063261805206 -0.0786645048526444 0.0265085137560592 -0.0409824840871143
0.0323075048697651 -0.0727093071010872 0.0556081189689853 -0.0332220590375646
0.0669918372704943 -0.0477319551610797 0.0873172985513939 -0.00491904092172282
0.109410370585635 0.00611108975758936 0.072532831148398 0.0563832004801571
0.072475986914029 0.0814691645839645 0.00723713028162946 0.0921135105955146
-0.0234628810991968 0.113784888621831 -0.0301295853780515 0.0365259487484513
-0.0919977073803201 0.101095926143196 0.0447134181781741 -0.0284048468618285
-0.0815922565243611 0.0419101297359604 0.108055729191739 -0.0883462240364007
-0.0752516486143696 0.0824759473077958 0.145441032325375 -0.0664113861483331
0.00508821665403495 0.105546505562337 0.0965759999833504 -0.105940107699673
0.0851549860577241 0.0641071402545005 0.0164096046746765 -0.109119195724098
0.0791764489257447 -0.00887801682382079 -0.0161480340571668 -0.0654340431567947
0.0495121414334244 -0.0420761271653275 -0.0111379430781351 -0.0471687933727477
0.0146421731982207 -0.0618511167738074 0.0034016733274833 -0.0481537673525849
-0.00563601297126268 -0.0612282471011869 0.0112634279825475 -0.058129623638848
-0.00492362865003249 -0.0622390397495456 0.0289040457551925 -0.0646522710680064
0.0224753054290579 -0.0579696876059674 0.0617608106614473 -0.0538901829407779
0.0532293351528093 -0.0380470541487838 0.0969032379842563 -0.020380695480214
0.0874778071101174 0.00802644219258968 0.0817222561265157 0.046585326061901
0.0508360175184493 0.0690866629937252 0.0198050668093021 0.083132557413851
-0.0310152502240181 0.0875617385744561 -0.0184258574198721 0.0259101197574675
-0.0796331324113548 0.0633872534797917 0.0719400101107947 -0.0462548820833789
-0.0416106486586207 -0.00118855955568534 0.139554770341772 -0.0916310595356478
-0.0488276073177615 0.0297118419317619 0.154557314310749 -0.069518676412624
-0.00614352235607586 0.052951970898321 0.10772841913899 -0.0905044947986217
0.042535059410841 0.0356207002788792 0.038119124710521 -0.0984368833176682
0.0387384513569776 -0.00415650979255234 0.00416143030762405 -0.0729289153114426
0.0234945741057684 -0.0199408495674407 0.000307324080755777 -0.0652286664859148
0.00601770886659704 -0.0320539343661233 0.00628313816561494 -0.0666269682513874
-0.00582847483122248 -0.034555555354099 0.012169628221583 -0.0738029069606361
-0.00484100755484888 -0.0370690916864138 0.0298727178152676 -0.0804920565661044
0.010388950202712 -0.0375245905713456 0.0682093331077916 -0.0667572374279232
0.0345180145771467 -0.0266408458447769 0.105723829048557 -0.0272997045750963
0.0574702014924268 0.00826150325922246 0.0897691156276266 0.0453044090700983
0.0253879716532242 0.0494240250564699 0.0278096644089579 0.0800042409422228
-0.0331198794729893 0.052545912616341 -0.0116748558524886 0.0208336940298591
-0.0573162981402456 0.0190443959058188 0.0905541242789309 -0.0540302470258713
0.0196693994273092 0.0295906914717806 -0.113002172272801 0.0621312192499699
0.0236632545514551 -0.0104746096846299 0.0230859412529367 0.0178198232396319
-0.00264879877087322 -0.0253314510794563 -0.00254525851542931 -0.0924979938979844
-0.0209888809862488 -0.00317852094027971 -0.0903567232311621 -0.0847583813560471
-0.00849493553636495 0.012233932324356 -0.132990327504761 -0.000429184534323495
0.00257999725067628 0.00597260571176642 -0.097228115099558 0.0718175007791746
0.00179251225768237 0.00329967967182975 -0.0466403317878879 0.0932371738314589
0.000721178378447525 0.00280973890103793 -0.0221648499813387 0.0861928762756769
0.00106339499725603 -0.00495923107497329 -0.0104300592855939 0.0821125074150713
0.00401976300897828 -0.00666521746870058 -0.0084103242048639 0.0819711551792836
0.00484085802712309 -0.00414361561695487 -0.023713506200074 0.0846563306440992
0.0115822793209785 -0.00644342085230715 -0.0650423685329032 0.0905861095259611
0.0191487655010905 0.00586581181943714 -0.11834567984666 0.0713296075610184
0.0140355512957708 0.0330805740458843 -0.152100488916731 0.0307107371138724
-0.00498780986957897 0.0470116499434599 -0.152323177190712 0.055819127980863
-0.0242070322239828 0.0631937686540109 -0.115608544569443 0.039828879265696
0.00459893402688009 0.0362912494404307 0.0244361852897262 0.010294173727064
0.0174706370238764 0.0170942993142755 0.00100411704528421 -0.102195547455843
0.0222890232734175 0.0112202262653094 -0.0923776171361185 -0.09615038582031
0.0244048633635787 0.00226564078955082 -0.135235737024033 -0.0086138485210502
0.0247731773130841 -0.0164437706225529 -0.0979383650106141 0.0667057205850985
0.00964512783050103 -0.0281134217279236 -0.0446755737667954 0.0858143499626902
0.00518287686600637 -0.0292685237467213 -0.0188787364899727 0.0770667813966539
0.0111152493360489 -0.0379402867324205 -0.00266219411151528 0.0732440792608849
0.0338192314839926 -0.0305193083328633 0.00254910420180114 0.0754997818515191
0.0453345246552789 -0.00734662951448409 -0.00842182198739109 0.0818806187574374
0.0564277191378412 0.023888421620586 -0.0497149811048272 0.0949940745022381
0.0272323707353064 0.0596637268358496 -0.104494874218811 0.0817014435101984
-0.0229241075348858 0.0785710487176967 -0.127036190120222 0.0397915497043845
-0.0616769965129382 0.0810354153405676 -0.120368760654322 0.0514414329307404
-0.069775621034362 0.0849911966420161 -0.0954625616714705 0.0107347444086969
-0.0243408967477242 0.0814054705232525 0.0383063337988229 -0.00179346578215089
0.0310935558411805 0.0654062152587388 0.0152362794024346 -0.113002407349177
0.0655996508288 0.0321988886566361 -0.0843874899204197 -0.112743643684654
0.0602848292102597 -0.00551801429096176 -0.129158076202156 -0.0237648613357829
0.0480022152295345 -0.036153200903363 -0.0933518095011083 0.0515943037233182
0.0201114322111136 -0.056433872198277 -0.0388649877079159 0.0676315507670999
0.00903708729682567 -0.0573232031633737 -0.0127762230375945 0.0567064088691285
0.0164807621092154 -0.0642389686290207 0.00759161326751768 0.0528433911112373
0.0527630422253418 -0.052769068655317 0.0204765362573693 0.0582779753327735
0.0752070940092355 -0.0183948105798798 0.0185188020391357 0.0723704041018023
0.09548624876851 0.0344722234788274 -0.0213632689891757 0.0999284192663004
0.0463690355579264 0.094828100655351 -0.0822980520240263 0.0945388508037915
-0.0394294039582287 0.114849955959176 -0.0992163466409354 0.0448454474129015
-0.101406202642612 0.107249997551802 -0.0755687650122669 0.0388834253519976
-0.106258181553007 0.0910558439726353 -0.0537526242142066 -0.01858838095809
-0.0587225363961091 0.113871419890907 0.0646539861954643 -0.0159439141806822
0.0321650678709907 0.110751208317781 0.039556136810368 -0.120172565708454
0.0997494511658668 0.0584816378808251 -0.0624959505292563 -0.126074759843801
0.0917958871147364 -0.00791013319832132 -0.109848498159395 -0.0418085524637124
0.0681779455082527 -0.0497611000701196 -0.0793398349796542 0.0280473794681265
0.029194341264288 -0.0766491670115046 -0.0279058513168951 0.0399369526426363
0.0113148816333757 -0.0769397935725358 -0.00435787890353984 0.0288002710876634
0.0163506294760264 -0.0812860965172746 0.0184326991563433 0.0240308151825639
0.0579396820427243 -0.0689417431824191 0.0384228094062078 0.0325239443874616
0.0888511402928301 -0.0308105011321326 0.0476690754281757 0.0536882090645475
0.119714396699467 0.0315761153834866 0.0112028436472024 0.0960937709365855
0.0640003443338245 0.109114175007884 -0.0538952217256424 0.101999675006098
-0.0423007771674752 0.132694535582939 -0.0734283485324705 0.0438307667408894
-0.121119867627773 0.119447711865182 -0.0269083906037552 0.0182865720667223
-0.12525851915307 0.0805949711668655 0.00389579888966231 -0.0448880333093498
-0.0890240102231211 0.122928865710092 0.0979535727364106 -0.0289926861841094
0.0188939682436445 0.138914311674161 0.0692797535763505 -0.117140258088716
0.113366419991813 0.081793149764239 -0.0287931538781743 -0.1284911803791
0.109332881625664 -0.00398926213111719 -0.0763145547649129 -0.0576400810035903
0.0796413262582248 -0.0533657851122441 -0.0563908937004949 -0.000588566867626963
0.034662092262986 -0.0844921821343814 -0.013683598601905 0.00805101494633679
0.0113303860251905 -0.0848892625029471 0.00502208934813202 -0.0026600220826369
0.0132071416993234 -0.0869192870856941 0.027251291959276 -0.00745289721616723
0.054789335008735 -0.0736909687399601 0.0522180119014831 0.00330626663314895
0.0886570056199617 -0.0371058219317351 0.0708665677130351 0.0302802238547754
0.124633636268694 0.0275462492928 0.0389291578636513 0.0842297496964385
0.0676962570257999 0.108280895148756 -0.0279292553381903 0.100264787181844
-0.0436406354823697 0.130585857574024 -0.051775589555277 0.0362640868920476
-0.124697347821663 0.11259773716029 0.018349052781854 -0.00517700628423663
-0.119188166906365 0.0563145569560844 0.0668452523304632 -0.0624477730817706
-0.101513924338151 0.104654117871905 0.131802421090337 -0.0378210206758623
-0.000812640012150694 0.136184933720696 0.0966177711526008 -0.10369551471089
0.102059199768746 0.0903837805505661 0.00798287726770518 -0.118378853953228
0.105363011588491 0.00230936952215189 -0.0365977077554551 -0.0665147501920553
0.0762519330341147 -0.047534903542656 -0.0277396375598723 -0.028509302027449
0.0339048362081626 -0.0785176327222309 0.000941591888353934 -0.0237562660489687
0.00946119901586911 -0.0802494498123925 0.0135894573829585 -0.0331698539229227
0.0100115784714844 -0.0801098974601744 0.0343674755321095 -0.0373901124735934
0.0460031543716439 -0.0686059383566748 0.063066845010785 -0.02389620074622
0.0791007097970692 -0.0353775387556462 0.0870753683257866 0.00884463189727317
0.111939071861011 0.0256444575560958 0.058866556073136 0.0705209381160128
0.0566885064119257 0.0983341410111615 -0.00721941520904506 0.0935999298873475
-0.0467341439814198 0.112519918693598 -0.0347442990551429 0.027452124910441
-0.115591318625283 0.0870963340244763 0.0568203077589689 -0.0243699669098848
-0.0887580603831275 0.0235136766106665 0.121431274714139 -0.0699863246550166
-0.0885184980841099 0.0665306105486374 0.156924878979484 -0.0418758696269986
-0.0142891663077637 0.103373493905495 0.11494915929877 -0.0851399841746425
0.0730498364926196 0.0752631833811108 0.038321496761513 -0.10199496213661
0.0799789760198647 0.00429165240908094 -0.00153823512629245 -0.0702121571685042
0.0575847103189752 -0.0344846583826951 -0.00246753981617892 -0.0513657224603415
0.0253336474158064 -0.0597726052251158 0.0126001614975743 -0.0507823264330647
0.005426107689822 -0.0634641673302071 0.01997729732595 -0.0585808989558168
0.00618825034031349 -0.0630896708138733 0.0399750397286264 -0.062119664048766
0.0333875691253753 -0.0553029521410795 0.0724507422285126 -0.0450098368928827
0.0631041065785181 -0.0287248835000713 0.0999096216243592 -0.00505318653376293
0.0888098932199591 0.0240444070335093 0.0716442598068009 0.0616519757670638
0.036923442123309 0.0811895198629661 0.00717858883529568 0.08658292591167
-0.0484619954361582 0.0837948280507345 -0.0210678188933059 0.0200132765243518
-0.0950005151092379 0.0499442813871457 0.086568183804906 -0.0364831546981142
-0.0406727689730628 -0.0124666693587234 0.155336001564984 -0.0701676301259954
-0.0537498376297881 0.0185673838923214 0.16783891425175 -0.0455187586221433
-0.0153762449004113 0.0491139470963552 0.123689068781276 -0.0708107698382979
0.0354024543885678 0.0397435337671462 0.0569717502910554 -0.0906416590166259
0.0381929698762196 0.0021084241972933 0.0188124714359712 -0.0742787342428217
0.0269228685067133 -0.0167146710999675 0.0110912846724039 -0.0678766149162506
0.0112736721046393 -0.0313313350863945 0.0174804875491979 -0.0691051625629214
0.000340324708237045 -0.0364132917408967 0.0233939705029944 -0.0754043908865422
0.0015769327314421 -0.038189882952793 0.043563735157404 -0.0782239277516313
0.0173338169471649 -0.0363926670602484 0.0810103750413897 -0.0575129312604021
0.0413956767404687 -0.0202131030573013 0.110845436084949 -0.010748706054203
0.0580625584682488 0.0189790710144473 0.0802490691881484 0.0611594433289876
0.0148503878909461 0.0561818518831724 0.0161363881157303 0.0844289760985261
-0.0438785596457182 0.0475525907106273 -0.0137671498295137 0.0170032002148543
-0.0623077483930716 0.00781274083093961 0.104932508260575 -0.0397310494021901
0.0210918453194734 0.0266413038236474 -0.106159996366729 0.0708320580753862
0.0223287452511473 -0.012335266183192 0.0246683647759681 0.0158519525577712
-0.00472806532919724 -0.0242741091551949 -0.00877563332606374 -0.0911597028157243
-0.0200003927722661 -0.0014855498280617 -0.0950170387236523 -0.0758947030015958
-0.00736905464864606 0.0122432315650722 -0.131203772401083 0.00993425198767166
0.00311255041448672 0.00519593517663323 -0.0899871547472863 0.0781927325947096
0.00168555705698953 0.00298955110813732 -0.0386640324968157 0.0951727627683031
0.00148450824509371 0.00233195516524556 -0.0144761402308429 0.0870758867575796
9.94262226158933E-05 -0.00549632447244648 -0.0034718397057337 0.082264769189141
0.0040220759410514 -0.00712353872331042 -0.00215734055268034 0.0815329671087208
0.00473469816572775 -0.00441176290059504 -0.0170161246162915 0.086030967850897
0.0114608837398935 -0.00722256883037186 -0.0573262567700589 0.093723320847623
0.0193095134426991 0.00522980470741227 -0.110618498482629 0.0786818793046019
0.0161854559051819 0.0321626311852363 -0.148319213620048 0.041191197889019
-0.00172408817567323 0.0461649167869287 -0.147124268470613 0.0675665702018351
-0.0194865507509581 0.0636456187990906 -0.110096014513248 0.0498294326905785
0.00722344736568692 0.0358196057681837 0.0258908534326596 0.0087856498228633
0.0191299208039415 0.0160073004872361 -0.0063804628709057 -0.100264528501832
0.023417878629131 0.00870959441933295 -0.0978726141940281 -0.0871932143700115
0.0248605543804917 -0.000367345532396191 -0.134021460025858 0.0022677978669025
0.0225895332165479 -0.0187484225018288 -0.0912279495649921 0.0732008149481465
0.007450924683724 -0.0293865370266409 -0.037404388496024 0.0876973958199245
0.00279310595227823 -0.0295294479203128 -0.012573835257584 0.0775176356809393
0.00785322881314858 -0.0385545630393893 0.00353747609571896 0.0727778356252932
0.0313439531443698 -0.0333907689681793 0.00855837102169251 0.0743108124800315
0.0447289676562946 -0.0108886645875233 -0.00218554092120608 0.0815114307284709
0.0577740429620454 0.0187750313538603 -0.0415355958933215 0.0976356618257112
0.0317531463323663 0.057292956561495 -0.0961334553154824 0.0883447100098113
-0.0164498855594275 0.0800648039401858 -0.122821494370873 0.0488199682255433
-0.0546258319814847 0.0839243118745585 -0.116385695800286 0.0607485199175563
-0.0620791972561327 0.0888720225556338 -0.0928504321134905 0.0189925511728246
-0.0176643985953297 0.0826131011664124 0.0380536134926849 -0.00422399384625045
0.0362447150911192 0.0622676842217919 0.00696822175610359 -0.112040783580177
0.0685041624861137 0.0255748683959252 -0.0914668999850123 -0.10366498840312
0.0595589415592682 -0.0110293581678122 -0.128821022408548 -0.013308667032136
0.0441117636750902 -0.0403164522033925 -0.0877076477660295 0.0573750071225132
0.0152699960215611 -0.0576588448012694 -0.033252194827474 0.0688911991924316
0.00379730170223358 -0.0570894151514762 -0.00831346034395399 0.0574614233325467
0.010655077016072 -0.0651854771913839 0.0114636210075126 0.051416954363919
0.0474599379074373 -0.0569066224423826 0.0243502197341526 0.0557508743455363
0.0725514888035103 -0.0243461168862706 0.0231627865157109 0.0697795655236049
0.0973774795872965 0.0259216792258492 -0.0129532944886685 0.0993133666668321
0.0537567378995682 0.0897798711803591 -0.0731201255521453 0.0995789246795276
-0.0300567250827099 0.116844587790718 -0.0945804630275457 0.0522611609817223
-0.0910700753512641 0.112816771375317 -0.0732399742341903 0.0445381346321684
-0.0980103055050473 0.0976059790163729 -0.0538542766448801 -0.0134262042743842
-0.0491456735635476 0.117739693845987 0.0626018783057278 -0.0198673477837533
0.0406080937249041 0.106682314438026 0.0302147220084322 -0.120383443812158
0.104179799823645 0.0479539549461769 -0.0708710924640002 -0.118231974362592
0.0906266795757996 -0.0160148265440941 -0.111330386052828 -0.0325072906215987
0.0633330573940553 -0.0554953269318544 -0.0760461315926736 0.0332624434047055
0.0226637977385831 -0.0783739557573678 -0.0250161669214574 0.0411934594392439
0.00424640159530355 -0.0764883826595724 -0.00255608809216866 0.028518434831549
0.00945521215342261 -0.0815081961971738 0.0195013343059606 0.0220256838763521
0.0517418521133847 -0.0727789446196034 0.0405167292578472 0.0285206066800808
0.0855882298781874 -0.0377842312039971 0.0502364083339367 0.0489633663842358
0.121292768430078 0.0212569694933057 0.0190395833458822 0.0929376725205883
0.0718741329619536 0.102608797123935 -0.0447782799042243 0.105207007409071
-0.0322102488964084 0.135160137024942 -0.0686395719504019 0.0485878432483436
-0.109742327350232 0.126960748735183 -0.0264457084810808 0.0198938443667167
-0.11755572582048 0.0888867766784009 0.00146895855753954 -0.0440820585422408
-0.078108423799201 0.128470043523398 0.0946112845600415 -0.0352987554122273
0.0303239589326312 0.135248382994496 0.0597716872433226 -0.119249517023607
0.119380427211658 0.0705336437058316 -0.0377934303341485 -0.123223659829163
0.107905202323871 -0.0131941565197666 -0.0793017392482521 -0.0508068393791585
0.07429456925338 -0.0596113136786867 -0.0551270192354133 0.00300686703737232
0.0273912350192928 -0.0867280961910894 -0.0138561954396761 0.00820253568880337
0.00354703528050733 -0.0844394176448033 0.00367811946962656 -0.00329515603610662
0.00599230431336342 -0.0866802679450281 0.025386646737459 -0.00960330131040023
0.0482470261205827 -0.0774896972889772 0.052137292980456 -0.00137849259447612
0.0846000524437106 -0.0436506110047095 0.0715476515742584 0.0240999460316659
0.125627561464102 0.0165730956487932 0.0458958315014398 0.0786208533403117
0.0753574607255425 0.101114925879865 -0.0188685267913232 0.101723915171269
-0.0332983617027433 0.132800473036794 -0.0478084411897599 0.0398682405017465
-0.113728060881938 0.120177760594051 0.0169234494209872 -0.00652729074186488
-0.112947580642766 0.0644366266077133 0.0624024532844791 -0.0667321428287515
-0.0917768554177472 0.111354255170886 0.127597042944245 -0.0467669860279698
0.00999910465850928 0.134067535316581 0.0875136646716603 -0.107723188692502
0.10840165878871 0.0798178046359781 -0.000703677198360632 -0.115993041354464
0.10459806165473 -0.00686629965724772 -0.0403328106114428 -0.0627308907269317
0.0714080978345024 -0.0536482264478487 -0.0291260544251088 -0.0265750343001028
0.0267863244244359 -0.0801811731322517 -0.00156494406995411 -0.0244840826540441
0.00244820113662166 -0.0793607669133349 0.00963292378475924 -0.0344970342284888
0.00296651983539403 -0.0797944216673669 0.0299668422402462 -0.0398225541066438
0.0399203678082161 -0.0712742007383609 0.0602970047128781 -0.0290599828889587
0.0751134546334654 -0.0413075109850869 0.08605820400278 0.00168308050205983
0.113185070743363 0.0154101006328805 0.0638038971192047 0.0640906092799454
0.0631376265252422 0.0919572470458901 0.00172721045647479 0.093424443789116
-0.0373174821046171 0.114680296064534 -0.0316251194878737 0.0294671798241712
-0.106235860062064 0.0945366985103163 0.0533196387249392 -0.0285795216778343
-0.0851813313943564 0.0300391232612053 0.115127529515633 -0.0787607630730577
-0.0822506842359581 0.0728426553521898 0.152185073720819 -0.0532655079984032
-0.00551215891281646 0.102233683285392 0.10737953176114 -0.0909281895381635
0.0781802236397083 0.0670713074471362 0.0309127673894577 -0.10237452285535
0.0790997215005826 -0.00258202384614912 -0.00620141001651878 -0.0694643442159581
0.0539696869876164 -0.0391409783708356 -0.0057367332544132 -0.0512922479260397
0.0197015959756946 -0.0609251607612482 0.00809122483057418 -0.052056074933725
-0.000365137698954401 -0.0619637051320135 0.014213679935771 -0.0603983670187305
0.00045224556577924 -0.0630742088457074 0.0341575245657745 -0.0643628656177622
0.0281671389593605 -0.056680742619363 0.068084555075816 -0.050086304590102
0.0597969707661355 -0.0331622160337011 0.0974649562444214 -0.0126768939962622
0.0893846552941828 0.0162771427156487 0.0759697678659547 0.0549469941964689
0.0421660489683555 0.0770783206836755 0.01468892314988 0.085078070838152
-0.0413503961849594 0.0860153519177882 -0.0189449949165076 0.0214049268836479
-0.088793273468062 0.0562187485394101 0.0818037057693424 -0.0428786595047811
-0.0403866612931252 -0.00908018323631866 0.149160436922347 -0.0815961619481351
-0.0509802036331841 0.0223658605198297 0.162395959884222 -0.0579216383628302
-0.0115781022340711 0.0493950334585604 0.1162299309447 -0.0787216132101742
0.0375963580501607 0.0350955558612496 0.049918617481949 -0.0935515236156995
0.037696087911761 -0.00109613938604342 0.0134160972036051 -0.0741302074647948
0.0255306221334886 -0.0188088074898459 0.00642133068327429 -0.0682247970334969
0.0084275162553099 -0.0317110957062529 0.0110254962364356 -0.0703849392956611
-0.0030866244773875 -0.0350842236985883 0.0163203306270196 -0.0765790908120128
-0.00200632905566813 -0.0375876991314607 0.0363086858293585 -0.0807944951084518
0.013871331152514 -0.0368244418303918 0.0754699851370883 -0.0635973343424793
0.0388345199743648 -0.02329206639269 0.108142712681144 -0.0192438786950993
0.0582275644915712 0.0137219235786981 0.0847470254498728 0.0539237365213611
0.0181304355236981 0.053694793055146 0.0236744796276485 0.0822983363657393
-0.0391056767994039 0.0497277874872635 -0.012272064705728 0.0179070095345655
-0.0592644960877418 0.0121289480856689 0.0993761196569821 -0.0481917529487434
0.0207272831148879 0.0233969516124738 -0.0961893030012546 0.0740434295298372
0.0204178446730259 -0.0127931786847151 0.024968723674854 0.0139876706863368
-0.00560478166198903 -0.0221742416259669 -0.0129463731460942 -0.0861310497667655
-0.0182979892576847 -0.000611915546699348 -0.0939814775877451 -0.0661552374965423
-0.00595241462054455 0.0114554508021066 -0.123868565831224 0.0167548240463626
0.00273694883418977 0.00459866229337396 -0.0812901150980239 0.078916577288876
0.00189625163518055 0.00193250186141799 -0.0310728213064426 0.0922584742319969
0.00174869860620177 0.00174064385448925 -0.00903483146318519 0.0837637210203227
-0.000197281492010219 -0.0057653824542335 0.00129181777017149 0.0788258746683789
0.00375524086743399 -0.0074591539846201 0.00187055916429737 0.0777366718850831
0.00473205336815479 -0.00446967668334597 -0.0117141668828765 0.0825833234590962
0.0107497843713035 -0.00708616948853099 -0.0494583401147071 0.0921503276087482
0.019074516223811 0.00441357387867959 -0.101240404125699 0.0794035425863161
0.0174472632265426 0.0297823053302759 -0.139536488433459 0.0472905861717155
0.000561940000453788 0.0428488279528487 -0.137340660774501 0.0729482533608712
-0.0157341321831544 0.0608657339475524 -0.100801358824603 0.0540520407951833
0.00859991757933439 0.0340660705056952 0.0252189989055359 0.0072095427224883
0.0191115484019072 0.0141538291315959 -0.0112628876606956 -0.0946333368733664
0.0234793609699661 0.00646689443906938 -0.0975244322447964 -0.0764850020446758
0.0241193057084734 -0.0024002244380547 -0.126733352694473 0.00935014637532875
0.0203211839086155 -0.0198815968980716 -0.0822700561652156 0.0741214574511031
0.00531163516175457 -0.0282061557556609 -0.0304772873747093 0.0851015643740012
0.0007777147754969 -0.0286290499791456 -0.00744361055465607 0.0749792229564712
0.00512497331111982 -0.0375252200814483 0.00710355756311906 0.0696478672375698
0.0280361838546907 -0.0341112984709067 0.0118384026983436 0.0702508469497283
0.04237915081386 -0.0129408450328752 0.00180714885110791 0.0777074484012051
0.056284194043581 0.0147788799732044 -0.0335001548199412 0.0941348527016507
0.0335587169620616 0.0530749816923349 -0.086455477390799 0.0885049346925584
-0.0117205915130265 0.077386450679734 -0.1146216521661 0.0527475205344056
-0.0477435684456436 0.0818731674273506 -0.108301498709517 0.0650803690787329
-0.0548864240254649 0.0871793704453996 -0.086336656335966 0.0238760582854146
-0.0122776997311948 0.080416373483817 0.0367540439303693 -0.00502132680972808
0.0382829355191999 0.0569530542974574 0.000612708763521704 -0.106302244417151
0.06722601739043 0.0196905805411799 -0.0916061715719132 -0.0932817511299591
0.0560822975902418 -0.0147899841183798 -0.123324071044497 -0.00610456319633537
0.0393791519890815 -0.0413698317193553 -0.0802671397844537 0.0588681449978588
0.0106293848997837 -0.0559761513827606 -0.0282839978066419 0.0670031416639508
0.000344053977041009 -0.0543167520053494 -0.00474018904112807 0.0549300400694436
0.00610232229796322 -0.0624608909738641 0.0139604296331204 0.0485764824824689
0.0418308705632038 -0.0574468493089386 0.0258901780037916 0.0516877138132499
0.0682629890641034 -0.0274817650665697 0.0251617213644695 0.0650091991002345
0.0945930671944215 0.0188603763855186 -0.00676475107811872 0.0947669514101576
0.0563260864907329 0.0824771356686608 -0.0631493588456589 0.0988616518968207
-0.0225154904768285 0.113377510292882 -0.0871646903468936 0.0547624416517409
-0.0806108945354837 0.111795026607113 -0.068341546514178 0.0462874322107727
-0.0881981013850916 0.0979598878541938 -0.0510400422152053 -0.0089190559329404
-0.039885857299721 0.114962715897491 0.0591300116323305 -0.0213669314576147
0.0451593207585946 0.0989127400872984 0.0230480520238931 -0.114614441895435
0.102501232100313 0.0388855370868231 -0.0727620166241349 -0.107762647237053
0.0858249916831012 -0.0211125793010599 -0.107278225646734 -0.0253372601169059
0.0563835469034973 -0.0569017984477748 -0.0698920669823547 0.0353153828466935
0.0171069470344885 -0.0760695097668783 -0.022043720347739 0.0401769105777438
-0.000595807424860985 -0.0725775235294314 -0.00140560869862973 0.0277551327428859
0.00354807236960374 -0.0781509597203878 0.0194322222339521 0.0201071944262753
0.0453013148051039 -0.0726797721252901 0.0394833047300406 0.0246800286752447
0.0792776162105588 -0.0410042602629185 0.0501768927765208 0.0431301021080182
0.117092709354795 0.0125911633555557 0.0232157736990102 0.0865503522392864
0.0739578879610916 0.0932514035817092 -0.0351977933767269 0.102616129318257
-0.0234584004709629 0.130940468783345 -0.0629688597666012 0.0497914894142103
-0.0970328664543817 0.126042826750456 -0.0247497290494148 0.020869784360093
-0.106975765299683 0.0902097980756587 0.000211690615699165 -0.0416551978688517
-0.0672341096365203 0.127061008835541 0.0887270259484885 -0.0377640917981671
0.035985148718026 0.126380335276285 0.0508711178666958 -0.115388644226116
0.117960707083804 0.0588990286519998 -0.041529084104217 -0.114353344659133
0.102478716860808 -0.0198644786836063 -0.0781763405007574 -0.044687540803628
0.066764721501759 -0.0616544493500375 -0.0519750377711046 0.00530026279392028
0.021074788439475 -0.0839881802137525 -0.013352428092142 0.00862312806024277
-0.00178045943382512 -0.0799326703199205 0.00291297420134998 -0.00303292973418642
0.000714642943563845 -0.0823699431938924 0.0229653818739142 -0.0104296843892965
0.0412842941011941 -0.0763599946350541 0.0494337604663951 -0.00434869893607135
0.0781163269134771 -0.0467230724961777 0.0685123089520325 0.0187887265380468
0.120781096847518 0.00754373335561352 0.0479385849315902 0.0718038194697831
0.0771830889996563 0.0915216419067832 -0.0108078967888911 0.0975106171670576
-0.0243051466055996 0.129032466019068 -0.0431544426977149 0.0400604216166316
-0.100611536052811 0.119230192545712 0.0148358962402992 -0.00708254188384631
-0.103728684727225 0.0669980238156344 0.0565813788256435 -0.0664853551498809
-0.0810336627761168 0.111196940359014 0.118776071340561 -0.0504185112642579
0.0170579094660243 0.126100036113258 0.0780580615768807 -0.105488745409578
0.107493999186833 0.0684129809196968 -0.00612502467493008 -0.109319556383996
0.0992657279054573 -0.0129976218732435 -0.0410458909359783 -0.058026052864779
0.0647150520217514 -0.0556903932891124 -0.0289550633919933 -0.0245026140557892
0.0207485329267684 -0.0779904810149885 -0.00313285276012146 -0.023733274351061
-0.00274571592105211 -0.0749327210001619 0.00686022644340067 -0.0335913243478552
-0.00183056136339258 -0.0758904454909525 0.0257987969975153 -0.0398319216701991
0.0335432188650696 -0.0698846022028062 0.0557655834950292 -0.0312893459992889
0.0690960605048606 -0.0433871469024124 0.0813223895090907 -0.00326696965483167
0.108524835378578 0.0073508272119172 0.0643122751153596 0.0562142816337659
0.0649026218709087 0.0835719339909833 0.0078465959823378 0.088496272095404
-0.029170187945188 0.110886711678967 -0.0282326300652279 0.0294493619465718
-0.0951315679144754 0.0948869733617764 0.048119973939493 -0.030524221638706
-0.079074243986902 0.033126433099798 0.106327968796493 -0.0816699421135403
-0.0736335787634357 0.0732996601275151 0.142083189417441 -0.0582506086706883
0.000279242623274278 0.0969613391707623 0.0970554960957601 -0.0911287106182608
0.0782202464505683 0.0576563097185041 0.0246139202580728 -0.098290778219051
0.0750910377344229 -0.00700627055805697 -0.00861162990794822 -0.0659735578790568
0.0490516009217352 -0.0406979297755664 -0.00845408536341595 -0.0492536640608267
0.0152518257098712 -0.05916487737624 0.00401942342533524 -0.0508574905811465
-0.00445974575342855 -0.058345906556081 0.00932797829229404 -0.0585589086375504
-0.0035001371342698 -0.0594506146721843 0.0281333210856656 -0.0635209668106239
0.0236486943153808 -0.0552532418580165 0.0620987149457874 -0.0521940392378719
0.0551373691877178 -0.0354340593203151 0.0918624769530791 -0.0177983293424922
0.0860537488989138 0.0100665626930599 0.0758519866799805 0.0473038773468247
0.0435406381824946 0.0702856004266561 0.0196791127153472 0.080138914617488
-0.0347421646288339 0.0834875722402763 -0.0170412474105243 0.0213676294274572
-0.080190598278133 0.0575599155356908 0.0745348180778654 -0.0462117317727544
-0.0385670254768019 -0.00631892590102683 0.137842840174591 -0.0864515160506336
-0.0463057084831785 0.023652052892872 0.15103216850673 -0.0637596989692511
-0.00834284304858056 0.0465466809998547 0.107049107080293 -0.0802230863332539
0.0378751162334021 0.0295739864130778 0.0430787170292405 -0.0907435026845029
0.0358879088546457 -0.00341052458387496 0.0101007832481246 -0.0715282380563348
0.023132127373112 -0.0193590789630638 0.00235422356843324 -0.065682188577577
0.00624940501157031 -0.030268782241762 0.00641579362491218 -0.068447869273517
-0.00551670417273468 -0.0327222874058634 0.0102765545488842 -0.0741113867379478
-0.0044048746614366 -0.035307846342745 0.0294960494651881 -0.0789104785605003
0.0114112561185149 -0.0353001809742452 0.0682247407626325 -0.0649632477647036
0.0355515245142557 -0.0243286435337041 0.101241475804483 -0.0244828231434604
0.0554577239434352 0.00951763563887835 0.0836878537386718 0.0462017789507918
0.0198778718169682 0.0500108023741987 0.0273892545055897 0.076659396889077
-0.034132184980583 0.0490648860637267 -0.0104023219123679 0.0178192080708092
-0.0547497903907687 0.0141799614867103 0.0904913408772089 -0.0512642251556708
0.0191053709350799 0.0211668705087803 -0.0889758690169595 0.0720475569669608
0.0189608991643976 -0.0121766318845754 0.0245541017612842 0.0130676040802231
-0.005445339218832 -0.0203429019470354 -0.0136980932712202 -0.0815155497903464
-0.0175256170758988 -0.000399091874987566 -0.0892683229092172 -0.0614842283476781
-0.0055958277460231 0.0105462542523879 -0.117048927094836 0.0178507913402214
0.00246688675675873 0.00402657559201989 -0.0753780399917366 0.0756874321169125
0.00124657039803749 0.00143139639352556 -0.0276796743765763 0.0869286530034409
0.00197703817084247 0.00116383453609263 -0.00667869949871194 0.0799782040015083
-0.000230475364978672 -0.00579830806128726 0.0029837566577593 0.0751183840194883
0.00382260124215765 -0.0077176060847919 0.00280874213667383 0.0738362051857604
0.00450764015808984 -0.00438499387402903 -0.0100898883186659 0.0781053116766957
0.0104327944788466 -0.00662563655451355 -0.0450504668565895 0.0872930665958031
0.018144175291673 0.00436197903108834 -0.0947297733399183 0.075788327753104
0.0169786981600403 0.0282688077266556 -0.131515941406932 0.0466790471499332
0.000612024506546136 0.0394002442441336 -0.129999925379189 0.0721255210801791
-0.0143716978450205 0.057206930668336 -0.0937414249686068 0.0535478650590476
0.00901866331988015 0.0322615145625881 0.0251767231720514 0.00655332222712638
0.0187287007004024 0.013300977738042 -0.0112999993312922 -0.0889252369065205
0.0229829028876051 0.00492790867149083 -0.0927188841801585 -0.0713378003618997
0.0228429997689164 -0.00349483396990575 -0.120110966005831 0.0104596019985403
0.0182601697780472 -0.0193291344271883 -0.0766711895388897 0.071291293608362
0.00395929327059423 -0.0271236189429664 -0.0274157611917702 0.0809705951090436
0.00028062837307263 -0.0270065163117491 -0.00528229188353337 0.0713447079792002
0.00371042425336234 -0.035703065454994 0.00775106471358804 0.0662036790490449
0.0261408780552132 -0.0330574895510771 0.0121225023423478 0.0663180460064528
0.0402470125958346 -0.0130342514288622 0.00265371454088594 0.0736407510896706
0.0539269579786663 0.0124621810092857 -0.0304430009014574 0.0896183853203217
0.0329293222145856 0.0496513506511103 -0.0801119468560849 0.0844896815244735
-0.00985002057205664 0.0738938743731423 -0.107674335299154 0.0512924369456549
-0.0438635141298308 0.0771520060672055 -0.102407810147782 0.0635594965409622
-0.0512369346937633 0.0833082640942091 -0.0803050239160738 0.024548201080722
-0.0101214677756096 0.0765523384368797 0.0352470961839207 -0.00456182186462973
0.0377033313678716 0.0529838128354322 0.000182962776417129 -0.0993748016516771
0.0641459902999597 0.016278022293399 -0.0871845073510555 -0.0858854429718187
0.0533138274977877 -0.0160900697267327 -0.116778202690563 -0.00358319200485381
0.0360545239568149 -0.0402516150625776 -0.0744723170430743 0.0566671785080721
0.00855968478075282 -0.0536322411170005 -0.0253483653104189 0.0636122373285583
-0.00114152425952936 -0.0514409268376369 -0.00363600341612964 0.0526280548177884
0.00410800506287473 -0.0600089993563837 0.0136391010949909 0.0461508184098051
0.0389023028101484 -0.0556223436589938 0.0256759813022187 0.0482620428898209
0.0642441052650615 -0.0273853650288934 0.0248561169942254 0.0614882939366003
0.0900119956178043 0.0156813931651507 -0.00446921128135092 0.0890365703242881
0.0548637906218327 0.0773296306970265 -0.0575386415683862 0.0937950248446941
-0.0196267779597015 0.107929622130213 -0.0823573627692916 0.0527699987836923
-0.0741335764642741 0.105941364773477 -0.0643914753796442 0.0459029681377573
-0.0825959014706009 0.0935515581645668 -0.0472630408138611 -0.00755480365840884
-0.036318668410983 0.109814793313974 0.0563525132407434 -0.0201307642853829
0.0445029879506078 0.0923884002526297 0.0209883451941018 -0.108203201264407
0.0976040687563146 0.0335399417528736 -0.0696704674484146 -0.100285865744609
0.080973303077787 -0.0224532958942909 -0.101515214360813 -0.0225091815593382
0.0522668527002174 -0.0554921335225017 -0.0655684622022244 0.0340139408264354
0.0140582980747336 -0.0725952363807002 -0.0206491227951435 0.0381608546265192
-0.00255085431136056 -0.068577703096159 -0.000681194267325014 0.0264618299564852
0.00171886843362796 -0.0743372746297174 0.0179241127725159 0.0192589936455958
0.0415298998958643 -0.0700670428982559 0.0376594464338052 0.0221561345238355
0.074445005432155 -0.040721396367573 0.0473941598401606 0.0405258963553628
0.111640830034171 0.00891581586403428 0.0238784150983583 0.0804733567851558
0.0718048329928437 0.0866318269733594 -0.0309284376674536 0.0976294403214104
-0.0202563997975068 0.124522179871414 -0.0586487052649822 0.0480522086166467
-0.0890987501880074 0.119830950509124 -0.0239236305409594 0.0202204674234857
-0.100003751448164 0.0868823853617852 0.000330330998622425 -0.0389386761229416
-0.0609543726487477 0.121587035405668 0.0835126327175255 -0.0360760657531128
0.036618358939099 0.118591079921229 0.0469612837582461 -0.108625331226307
0.112668552209535 0.0525983793277379 -0.0401521981859709 -0.107097446957387
0.0966711689833807 -0.0217138475078147 -0.0740371292421485 -0.0409683005177572
0.0622102261927005 -0.0604985068840394 -0.048988343448787 0.0052555778869942
0.0178280065495097 -0.0800284548226923 -0.0128756743705336 0.00754638345384624
-0.00382112502478373 -0.0751425028217427 0.00196900785460623 -0.00284743221319475
-0.00152220541272137 -0.0783128869878511 0.0209426598912677 -0.010034060005455
0.0377764141956047 -0.0733402061551408 0.0465948992451095 -0.00558551955669322
0.0730188675900682 -0.0460586627976632 0.0646590383662747 0.0168002521148851
0.114253826731996 0.00435115822289495 0.0468846009382135 0.0660772510016178
0.0745174345160916 0.0848799191900982 -0.00749621332836394 0.0923690963744707
-0.0210172157962612 0.122232506069046 -0.040411938903402 0.0387953087638618
-0.0926292624545858 0.113567619096383 0.0130195280063833 -0.00697379044797535
-0.0973436990882969 0.0646562038103125 0.0533074349823786 -0.0641414739384778
-0.0745198461768363 0.106591488143548 0.111822964460295 -0.0491524088796083
0.0184659372741736 0.118464137333596 0.0725109792374827 -0.100322773108575
0.103328021149278 0.0614851170222726 -0.00645357872634738 -0.102893403041276
0.0937091631905746 -0.0146316583624824 -0.0397798983546308 -0.054536206367169
0.0598793285352218 -0.054012461417803 -0.0277519574059291 -0.0230506390685011
0.0175316943806092 -0.0743941982181521 -0.00438769609564378 -0.0230321802377275
-0.00480296532077245 -0.0700780897767855 0.00482780301111925 -0.0318060189667179
-0.00399296384549352 -0.0716637220966235 0.0231575634169374 -0.0375238053277183
0.0305307760212647 -0.0670551649341125 0.0517007688747991 -0.0313259465565886
0.0647079708038358 -0.0427586104773012 0.076709272457272 -0.00444967454538234
0.102978574619169 0.00448552689612968 0.062029871347728 0.0515487194813328
0.0626324762594423 0.0780625443459125 0.00971494810543 0.0830972434389879
-0.0257152262919972 0.105747928571956 -0.0261994255918822 0.0282641273991553
-0.087340723008969 0.0902645583028317 0.0443053339722782 -0.0300748442891705
-0.0741688475742966 0.0327149918901953 0.0992325119137158 -0.0794438457176438
-0.0686188896755319 0.0707176701583427 0.133547549709807 -0.0571929478298909
0.00191626031153765 0.0910761779127514 0.0914883241958932 -0.0874040984091614
0.0750444036213817 0.0521363671718244 0.0224435827197982 -0.0929327309267931
0.0708113859712405 -0.00821422372188061 -0.0085872328292653 -0.0623477868578181
0.0457525427005986 -0.0395538491905434 -0.00865851458959983 -0.0468713068112974
0.0133352396532366 -0.05616293659543 0.00271833482876872 -0.0489063547957632
-0.00565987853761572 -0.054316306651169 0.00692624669981963 -0.0557887459074225
-0.00491334617942256 -0.055618862969852 0.0249623145899809 -0.0606531238489154
0.0212455378133111 -0.0523820632657725 0.0572944466074583 -0.0507713530318441
0.0508869409367995 -0.0342118152479895 0.085865365992331 -0.0182546910489735
0.0811486464851634 0.00694043668731031 0.0725882443549698 0.0432573923733281
0.0421412220943898 0.0657944184332063 0.0208716301923294 0.0749619679477434
-0.0312224150423499 0.0800320906563232 -0.0154886603522286 0.0202733602187313
-0.0740255129653431 0.0548787031920319 0.068676858975346 -0.0453467172166793
-0.0363933969576884 -0.00559826429616837 0.129194725627677 -0.0845084784790702
-0.0432703683672626 0.0229471894277196 0.142272069287961 -0.0627432783372104
-0.00708548069069832 0.0439663624606422 0.100145955274214 -0.0773984991250999
0.0359202610442082 0.026611369835044 0.0396621410235933 -0.0858935093318966
0.034063268912415 -0.00351946208421684 0.00811535777101619 -0.0679082245946257
0.0216848030967574 -0.0185749066690094 0.000848574312427368 -0.0628850915722206
0.00499609483392186 -0.0287212250182859 0.00427122780387489 -0.0656201758099842
-0.00573283909053733 -0.0300597534853689 0.00778159627148042 -0.0703813799891544
-0.00525621693540988 -0.0329219464397961 0.0264663145667815 -0.0752270833523735
0.00993597605867929 -0.0328442118562304 0.0635237943085762 -0.0635161762565983
0.0332182327812804 -0.0235545385865981 0.0953303596838038 -0.0247169946015559
0.0524900577126244 0.0072805193900727 0.0803556026805391 0.0420070849786704
0.0187609387790847 0.0471163606129371 0.0279187078783338 0.0719026843677696
-0.0310792892996889 0.046198755672134 -0.00978921206929825 0.0168651093598414
-0.0511517744039828 0.0132634675788024 0.0835710729632956 -0.0506699216496985
0.0174661043909183 0.0202135684601494 -0.0857138704193334 0.0690410785320221
0.0182387768217683 -0.0112147368565568 0.0243936977559884 0.012442888853144
-0.00512306428906783 -0.0194775836660538 -0.0124018687651445 -0.0788548478918537
-0.0163701988500581 -0.000784862425123403 -0.0851735777156296 -0.0602974598268216
-0.00497044001642582 0.00977559203593238 -0.113398099398782 0.0160760908163821
0.00202374741994091 0.00340859591325957 -0.0735472849142295 0.0726151422664092
0.00107477157161143 0.00140046095716044 -0.0267919258443232 0.0837590288579341
0.0018557857439291 0.000728295380302044 -0.00629791439339104 0.0774098427696148
-0.000378387976183371 -0.00609221527405104 0.00291801850278348 0.0732874194401364
0.00379096434717425 -0.00757941781247936 0.00171948940724333 0.0719398403222433
0.00475952949399986 -0.00427481377132219 -0.0104290727988808 0.0753887732951822
0.0102041355238275 -0.00601583751094813 -0.0446636692355501 0.0834664154666336
0.0181215386199178 0.00497521526827649 -0.0918819537283432 0.0711680972236569
0.0163903825481697 0.0274872220426363 -0.128466872178624 0.0433016687033061
-0.000439876656826425 0.0378117242412521 -0.126600653842268 0.0694074451805145
-0.0151625027205597 0.0548270215946707 -0.0902944105591665 0.0515032864186645
0.00788108770551966 0.031579714699038 0.0251726772837746 0.00739915528878817
0.0182266076368806 0.0132011606986616 -0.00958972055534643 -0.0860808053536325
0.0223502190291026 0.00429961660300596 -0.0882644541053791 -0.0694668511480973
0.022346805859764 -0.00407003294020157 -0.116365241592578 0.0092302315301528
0.0176708391275117 -0.0188877580235085 -0.0747611015652045 0.0679455007560948
0.00368438329607751 -0.0263644317089462 -0.0267022491152913 0.0774644906030893
0.000475558733594358 -0.0266118669697122 -0.00526819003793834 0.0692551083405144
0.00364604920138853 -0.0347062914363271 0.00770721441301705 0.0645233527613713
0.0257674493593982 -0.0324498162233505 0.0107064979522424 0.0644506482363938
0.0392624388935705 -0.0124837612907156 0.00174425325567738 0.0713570198054643
0.0519914617812903 0.0128447238459705 -0.0297821286024903 0.0853137787259698
0.0317816032628288 0.0484526606930843 -0.077713908235897 0.0804382460891997
-0.00991456172138379 0.0718271504032883 -0.105334311090957 0.0479720469754429
-0.0439431549670862 0.0736393544749342 -0.100112167324052 0.061407094079536
-0.0503022599774019 0.0795720871967796 -0.0767642234764026 0.023712460817737
-0.0105071019956771 0.0741823472089705 0.0351942729527108 -0.00357321445626184
0.0360193625716193 0.0515653527627015 0.00165341339820355 -0.0963242391995078
0.0619377570038825 0.0152306162747733 -0.0829651812371951 -0.084045076552494
0.0517611172037949 -0.0158595962022762 -0.112830728966554 -0.00487537874716206
0.0349124026539019 -0.0391549682433963 -0.0726291066252999 0.053807165319457
0.00808301498289018 -0.0520534540677409 -0.0251076635970718 0.0613741495597352
-0.00112515614690946 -0.0494306914992253 -0.00383104014282833 0.0512173408660594
0.00417530974684587 -0.0578636035164191 0.0130704732738481 0.0447971534722831
0.0378799106361011 -0.0541801003388257 0.0239199440381654 0.0472903932380918
0.0626256746417524 -0.0265418973437122 0.0235422951724339 0.05952976946704
0.0873619769110514 0.0152940505977246 -0.00467193494069264 0.0855008843151244
0.0522637157918782 0.0751103185623925 -0.0556434942270038 0.0902969140881682
-0.0204184590447994 0.105053915849971 -0.080093958832557 0.0499553885802787
-0.07281532187623 0.100952088540292 -0.0635989581365175 0.0447622845148824
-0.0810775406907812 0.0898690254716214 -0.0449039206743788 -0.00714074886605541
-0.0360738652741375 0.106104696932185 0.0553825200871664 -0.0180351379404999
0.0424413713407207 0.0894045929301801 0.0219419537681554 -0.104093732501996
0.0947411428308705 0.0319330410688528 -0.0654177223194531 -0.0971431557585041
0.0785433479177674 -0.0221881947048389 -0.0979091340378021 -0.023578607111791
0.0505220616920616 -0.0536647214782273 -0.0637348790440675 0.0319268502228311
0.0130498962893907 -0.0704519831998915 -0.0204305546098875 0.0367823874081853
-0.00238583504519695 -0.0656317219234085 -0.00115083728006681 0.0256041535582115
0.00146448484821246 -0.0721209664381591 0.0173464924128345 0.0187079970544225
0.0405177431008325 -0.0679408538402225 0.0362209679805039 0.0216453922752408
0.071857719774738 -0.0392623059875351 0.0457486168158459 0.0395902594932402
0.107956926395703 0.00879536420766295 0.0228837842702206 0.0769931928659369
0.0690784862247529 0.0844380759768208 -0.0298306753791528 0.0937452298022376
-0.0207852500502913 0.120933290389389 -0.0568280610805163 0.0455595420353203
-0.0871610823800912 0.113874968487423 -0.0244596346758898 0.0198767851888268
-0.0978917291766053 0.083483842177642 0.00133097042273018 -0.0376704276726515
-0.0601041964783222 0.117113736786778 0.0822601243368167 -0.0337083503154318
0.0344545411716627 0.114170320366236 0.0474042525276794 -0.104364901808964
0.108869891996559 0.0500870462666425 -0.0371697941601311 -0.103176739815208
0.0939451725852791 -0.0209241720225299 -0.0713513279952716 -0.0412254020624945
0.0599687281291096 -0.0581072427332533 -0.0473955967803621 0.00432062279567109
0.0173719141843317 -0.0775722046538595 -0.0131246835464172 0.00700030121345578
-0.00397780138878571 -0.0719006988691492 0.00230911596139346 -0.00317239753080374
-0.00174209999423028 -0.0754614049710081 0.0204320182371654 -0.00929324670240782
0.0369497567529327 -0.0713134875207936 0.0444691542839469 -0.00554394918955193
0.0709108734370216 -0.044196304892102 0.0622717210662956 0.0166849082441001
0.110716799504928 0.0039014320503165 0.0453252815168407 0.0637427090725606
0.0708508731240927 0.0827907610835519 -0.0069136503746618 0.0889965599479316
-0.0213499942662985 0.118441641477694 -0.03932838381493 0.0364023546982797
-0.0906082913479548 0.108342632627764 0.0118043901247191 -0.00645260616668647
-0.0950781941844622 0.0622739195566061 0.0523165205342647 -0.0614514219618351
-0.0729323613940712 0.102500630871058 0.109248061682909 -0.0460106858594459
0.0168860357854193 0.114070515075492 0.0716714726317296 -0.0958108583854191
0.0991952389769395 0.0584257417677836 -0.0044421692575457 -0.0989793575622444
0.090733528843335 -0.014192691519558 -0.0376033294815107 -0.0538035305632509
0.0584143200222753 -0.0523455838581919 -0.0270287043710921 -0.0232622217546448
0.0173753827145383 -0.0724000812272007 -0.00453198490129242 -0.0229108829730017
-0.00483620657495607 -0.0672881413503084 0.00503148068428635 -0.0308050196608344
-0.00393193708913683 -0.0691444174947296 0.0221600147031815 -0.0363052082419308
0.0302835755554775 -0.0648521200209482 0.0502788196374988 -0.0304825374824099
0.062737280197911 -0.0411823778852225 0.0737423597962433 -0.00350034781595484
0.099493516217485 0.00405026562733364 0.0600840955349201 0.049570314757951
0.0599389819386094 0.0760091509195343 0.0098825103860804 0.0801047161267129
-0.0260794788399186 0.102113378806217 -0.02536653671948 0.0269030342593338
-0.0849327492838146 0.0855847575791828 0.0424996258857874 -0.0288377273436153
-0.0720087477459356 0.0307638664739961 0.0973331378133097 -0.0763665976545786
-0.0662789036369829 0.0677016497656242 0.12990678574737 -0.0539505709987768
0.00125739370448047 0.0875402739401636 0.0891182754372883 -0.0829238738785285
0.07174531237 0.0497038534059061 0.0229670866286273 -0.0891502317902956
0.068541580817572 -0.0084536891946672 -0.00756099753581072 -0.0607547229173549
0.0443652297589102 -0.037988781260957 -0.00802319005924662 -0.045970855543633
0.0128750643344212 -0.0539198898691355 0.00226215721432844 -0.0482046019581458
-0.00561770595760312 -0.051789437754794 0.00669378920523678 -0.0540000545544231
-0.00484517147990173 -0.0535810680168151 0.0242901336215692 -0.0584586634133678
0.0212322542420091 -0.0505722408722349 0.0553831251518189 -0.0495243172841487
0.0494704535765925 -0.0327067070546623 0.0831684937576803 -0.017105806602896
0.0783460282322196 0.00676686714050221 0.0693933039158993 0.0415065756384034
0.0398252540874923 0.064057624855296 0.0204569768226966 0.0726377040982942
-0.0305641393060732 0.0766735693992425 -0.0155463267812582 0.0191866173432392
-0.0715459625847235 0.051505204055813 0.0660167544720405 -0.043376180794246
-0.0349357947903385 -0.00559733888796137 0.125775126140103 -0.0815996181818007
-0.0417126871078032 0.02167693004853 0.137849471288885 -0.0594340208458832
-0.00700531964338412 0.0414940877849463 0.0972001067845963 -0.0737175040291904
0.0342637296581739 0.0251110136567092 0.0392436113822375 -0.0824564292627414
0.0330347271498775 -0.00332401845160376 0.00941845090697731 -0.0659378365712503
0.021323624056408 -0.0180943937196462 0.00130546355206263 -0.0613192496672776
0.00493472927486611 -0.0272389760640049 0.00422667077913593 -0.0642358742898335
-0.00564164482354434 -0.0286658033221536 0.00692259245231702 -0.0684759342725491
-0.0051589314619358 -0.0312843368840043 0.0259942085485442 -0.0726136311866916
0.00978524754610877 -0.0312424802126756 0.0616672105642555 -0.0613939246670919
0.0317315178907177 -0.0225429673732665 0.0923489343978562 -0.0228773628373836
0.0501338214053244 0.00731206053596902 0.0773146452204201 0.040715026610494
0.0174681777330987 0.0457648771862853 0.0265430598477888 0.0696023266855169
-0.0303376279119234 0.0436081389468437 -0.00990909735428753 0.016336932373957
-0.0492171454705514 0.0114289526468935 0.0804476252147577 -0.0487061029381546
0.0249743908675447 0.0117059283901755 -0.0486128656510625 0.0972102828669074
0.0116661694352568 -0.0172614497525748 0.027487544871376 0.000412787778043347
-0.0124011192209743 -0.0145872160263507 -0.0437535304844502 -0.0666759623338065
-0.0148282656153738 0.00725370611732217 -0.10303983960625 -0.0192789632467984
0.000535339610437941 0.011234089366321 -0.0957408750228917 0.0627282466022915
0.00415410908231007 0.00197010248502383 -0.0362309212745542 0.0964787499094268
0.00123151317034774 0.000842741190848623 0.010500300632435 0.0867922416707375
0.0021126616764044 -0.000675804878294551 0.0279087848658826 0.0723720572788859
-0.00302805311616872 -0.00523974582315916 0.0345310833687342 0.0652825625499959
0.000701757382023334 -0.00872240962228704 0.03211969539396 0.0644505909635203
0.00332723243971799 -0.00540604098372802 0.0216586786194806 0.0720378832570895
0.00659532255362914 -0.00832128591036683 -0.00567775556828071 0.0939370129174511
0.017549949980179 -0.00215263460686197 -0.0534080569471272 0.101758308796144
0.0246870897825668 0.0185819608536816 -0.100797050208421 0.0920198241145434
0.0148369789280472 0.0359296948794396 -0.089729772691431 0.114835500548291
0.00814834784583491 0.0562579687033299 -0.0586892678617848 0.0845286899592404
0.0192100148734921 0.0254906026578249 0.0271916786732709 -0.00394162266386038
0.0210717519511047 0.00599053785239971 -0.0428826215037169 -0.0746777586883216
0.0214535219664484 -0.00382736527518722 -0.107658849342554 -0.0277603839934449
0.0198351945887895 -0.0120192126408072 -0.101289819842246 0.0562081431405865
0.00904979679856849 -0.0241603473214273 -0.0390705503217595 0.0918676813175944
-0.00793191529828091 -0.0255761247457199 0.00783669064806962 0.080607725649422
-0.00991491124334802 -0.0250994944238142 0.02491299611098 0.0647786046732562
-0.0112386591595596 -0.0333544569007258 0.035297034658902 0.0552461275170332
0.0106167190608473 -0.0408583446521244 0.0381723225034525 0.0541854359974098
0.0317971689571 -0.0277839206306726 0.0321619460098109 0.0654669910061661
0.0523220162263856 -0.00913159256997664 0.00923160777625522 0.0931144390731837
0.0477545069194458 0.0326421998344 -0.0383866817174178 0.105477874260897
0.0194184660955267 0.070581909830175 -0.0804867113095236 0.0859790548255735
-0.00971637183644887 0.0883980354989724 -0.0700584445240966 0.0947763839337324
-0.0151604260252519 0.0926604567478659 -0.0578014017710867 0.0561020472449434
0.0189513312716174 0.0708262658122579 0.0331393341531981 -0.0167985802951366
0.0517797232360148 0.0335856640494283 -0.0341920490733808 -0.0884566452248604
0.0605906894961744 -0.0100209532688219 -0.107429218500891 -0.0442259803200614
0.0412452334208867 -0.0339588481328386 -0.104397462603997 0.0408765072295522
0.0159363332107542 -0.0494510870608869 -0.043110052274862 0.0774011434948231
-0.0136946812706235 -0.0501300252223923 0.00197818374979534 0.0641194166422962
-0.0206365373881919 -0.0459495050468524 0.0189789329102832 0.0473261725425762
-0.0200308121377829 -0.0546627441814863 0.0320331253744781 0.0348770394395995
0.012954546322169 -0.0655504959816653 0.043373012725924 0.0320475778926214
0.0477376396908253 -0.0502246414511698 0.0471457199956858 0.0469088885746699
0.0852188050109423 -0.0215123542255824 0.0323613142330451 0.0846991181193853
0.0782413083218406 0.0489404020639236 -0.0151522355188167 0.106038582532593
0.0242745941335045 0.105444708359109 -0.05822207414655 0.0767666632544219
-0.0242326228060241 0.126472792510389 -0.0452086183258997 0.0616929565029873
-0.0395562458477563 0.113441079474581 -0.0416769773072342 0.0160649521545895
0.00810648795767049 0.109425148748762 0.0460409685064235 -0.0375967688521785
0.071387754278989 0.0649524278571214 -0.0173555402596955 -0.103329323996123
0.0959970514629141 -0.00829563446651445 -0.0955261981968159 -0.0637117797387118
0.0626763430100224 -0.050534290164187 -0.0983143349282162 0.0171356207643171
0.0244564370634793 -0.0689712820914823 -0.0445675040946643 0.0531663448179972
-0.0166918634066154 -0.0688105451167433 -0.00439398912267367 0.0393307634190836
-0.0284895284037853 -0.0599275388030365 0.0100783676207496 0.023411645970572
-0.0281818489726302 -0.0665674023394521 0.0250351231666882 0.00931232417942781
0.00982088141869733 -0.0797629490272681 0.0438027121299975 0.00430121681320402
0.0513478322734484 -0.0665856899767364 0.0596244261324517 0.020020362145007
0.101489466049411 -0.0365098179602993 0.0553224677826914 0.0672273317010407
0.0976468899214009 0.051013573368431 0.00969747469501279 0.0992340046215738
0.0311596127647057 0.120485786077757 -0.0400810172470406 0.0634735438543904
-0.0319287872698228 0.144257718690879 -0.0198715076985709 0.0218339630919807
-0.0582355299654645 0.113320473410533 -0.0127888419773156 -0.0298889658737377
-0.00997459025226397 0.128769168661689 0.063419822637048 -0.0620364049195097
0.0732990791081823 0.0898206766784053 0.00621893875034529 -0.113097112914634
0.114845942910439 0.0019513982112395 -0.0705845505389858 -0.0810473845058105
0.0764374266291055 -0.0554981312082473 -0.0811885807192788 -0.0114468584892134
0.0312477658916403 -0.0773942038153094 -0.0413775502474803 0.0211476728507521
-0.0160591551229397 -0.0770014637152016 -0.00987809095779104 0.0087159274478133
-0.0322101499097973 -0.0649566191688167 0.000513832588698726 -0.00405391561389885
-0.0319989142869781 -0.0683937699681691 0.015640828437568 -0.0176345789532166
0.004791656019419 -0.0809303569977929 0.0399511664722022 -0.0243032746400226
0.0482402069564585 -0.0705892210187928 0.0651148978247997 -0.00805523678571307
0.102223962504351 -0.0426365973361353 0.0701781221908118 0.0456321606490369
0.0993004899312781 0.0485639389771662 0.0283877403258397 0.0856074198305502
0.0295003003376689 0.11860933662596 -0.0271772349380508 0.0480986635538511
-0.0363975858287882 0.139892297111125 0.00284570818364194 -0.0168412674015561
-0.0641272432879808 0.0928133961642389 0.0237426443907758 -0.073292622811437
-0.0279101492012078 0.119944226558065 0.0826334861192571 -0.0844918237447805
0.0571972986565435 0.0962361261954172 0.0312189433984295 -0.114483955340513
0.109301886033446 0.0132094937220457 -0.0395467969039011 -0.0896551710628281
0.0760230865673776 -0.0485804505838534 -0.0556071126033165 -0.0363390275222259
0.0315268156578825 -0.0710690829672505 -0.0344447202914348 -0.0125310595379336
-0.0133797588346579 -0.0716796703225731 -0.0148446065253927 -0.0219271370486012
-0.0310282671041454 -0.0596596402928242 -0.00928975227959662 -0.0305351422945815
-0.0316208949971228 -0.0614619331223409 0.00589870476706441 -0.0428256298134764
0.00104951572990674 -0.0723346059177714 0.0341464814757146 -0.0489964527170696
0.0415180669522287 -0.064677233317459 0.0667237003267699 -0.0315400197312012
0.0922582557431083 -0.0377136544475629 0.0776817405349685 0.026142976055507
0.086027900268066 0.0467366794356274 0.0399145717897354 0.0704870784564682
0.0186205899757883 0.104796435244062 -0.0174820780305136 0.0332721909541157
-0.0413447149496307 0.116041862674969 0.0225123428167731 -0.0492074791553943
-0.0560335142958298 0.0550725922892142 0.0576929348877706 -0.10583703034073
-0.0358103230440707 0.0861869977435922 0.0969653239879459 -0.100561414041025
0.0327143009490046 0.0779222601794669 0.0507728536486705 -0.109787599621401
0.0810536403024332 0.0162583100501406 -0.011854879647342 -0.0915049478322104
0.0577957737290643 -0.0337168279467521 -0.0318693419224696 -0.0547406546812681
0.024464526175121 -0.0526079300665608 -0.0269501912044464 -0.0404097155409284
-0.0102061849627927 -0.0538593073776439 -0.0195436922394049 -0.0471124771779328
-0.0258765062767384 -0.0451794081391707 -0.0173199542715276 -0.0518239464786181
-0.026219325424065 -0.0468074244687029 -0.00230561221070817 -0.0637458350723085
-0.00098372942195653 -0.0552800874120658 0.0303362251596189 -0.0687847646169343
0.0323566471780689 -0.0512018010975421 0.0699254418741237 -0.0477160812716516
0.0740165302298495 -0.026848291502398 0.0821618315940808 0.0138974489733764
0.0631251664250389 0.0441521407616813 0.0461828066620043 0.0582179290909426
0.00323190607443074 0.0831565574737996 -0.0103325132918924 0.0223611718501069
-0.0433843947813601 0.0782473192670669 0.0395186379936172 -0.0713577666823811
-0.0357725557893971 0.007551000959226 0.081167190470885 -0.12372817204128
-0.0313738030539269 0.034880549423065 0.100622563802101 -0.109934472758202
0.00754644615637505 0.0398996189581588 0.0597773113489885 -0.104557492170178
0.0378930638182062 0.00898805494624305 0.00353447888236703 -0.0914326035837002
0.0271545099176482 -0.0153752631085004 -0.0189851789056297 -0.0646428302382011
0.0114190519700647 -0.0247288584995136 -0.0245567716895248 -0.0573979864582641
-0.0063136166597564 -0.0267541134627388 -0.0243095430987599 -0.0617344134551584
-0.0164985053430421 -0.0229934476136369 -0.0230768718350914 -0.0651938747007897
-0.0173912291356445 -0.0260463973079643 -0.00729778414177689 -0.0772888021492639
-0.00330230019013202 -0.033091429323597 0.0301205505874109 -0.0817039099978461
0.0201722832419719 -0.0343917653250302 0.0744812010525345 -0.0577831135957489
0.0492443729975209 -0.0142864828945002 0.0875108619862515 0.00846128025020016
0.0352781963920106 0.0362859842581378 0.0507414299464626 0.0518130276026158
-0.00962786547152125 0.0524071448301216 -0.00508612615954093 0.0175259444763478
-0.0397130324146479 0.0312681428878136 0.0527948307489211 -0.0798214573825641
0.0246337327540939 0.0119544041641697 -0.0470208648364983 0.0992744373424807
0.0117153523815395 -0.0175578035829112 0.0284439585757435 -0.000412637164495757
-0.0121504900061936 -0.0143074106519233 -0.045429079248374 -0.0674065639812237
-0.0145752792236412 0.00731770261642496 -0.104730019804921 -0.0188675228707896
0.000661312177378863 0.0113636670906417 -0.0967181480973563 0.0650300196537152
0.00396183702896078 0.00184375470658983 -0.0360595194235786 0.0981932558321175
0.000906141021377475 0.000862965012025611 0.0122431909238593 0.0871278087169868
0.00185766410040762 -0.00126199822935334 0.030041192906999 0.073102875225439
-0.0034282544451716 -0.00493116387763822 0.0367091798663811 0.0657134945744685
0.000393320357901332 -0.00964841206385453 0.0338421468756409 0.0655649872236526
0.00368524314511467 -0.00570877870243557 0.0227060026699909 0.0731134110896099
0.00724034312439757 -0.00805898019761313 -0.00452643305647468 0.0951574347392754
0.0180042457021094 -0.00239456720256715 -0.0536400625246756 0.103473359773744
0.0253878035314125 0.0184390929519783 -0.101904040307419 0.0946867475811979
0.0145535581199336 0.0358795330525485 -0.0895617812182297 0.119173971336615
0.00843458867741236 0.0569298652329167 -0.0577865449221651 0.0867513884384206
0.0200323345352984 0.0260135324972794 0.0283108356033334 -0.00433307042091751
0.0217656078687705 0.00592991009546495 -0.0441213879639496 -0.0757170496721016
0.0215894800226382 -0.00453231113666822 -0.109469299421988 -0.027496992759388
0.0194280469298948 -0.0131211559858402 -0.102884049936072 0.0585283122980007
0.00865524961707489 -0.0249461068808243 -0.0387050401693973 0.0933576610039217
-0.00878733421681898 -0.02576964771056 0.0091336009532631 0.0810375963058926
-0.0104314078901287 -0.0254193437694541 0.0270282733740674 0.0650871829584442
-0.0124477981573648 -0.0338051091983981 0.0371243690277778 0.0554445617348231
0.0104083310966409 -0.042653102598276 0.0394560556746951 0.0547509452843238
0.0319148271506548 -0.0287386791197643 0.0328907962597829 0.0659205307470599
0.0530469269451836 -0.0102530934996328 0.0100387178012213 0.0942169589189811
0.0493713137620691 0.0330945600251009 -0.0371250963061823 0.106502908071077
0.0206175665962449 0.0715016759142005 -0.081197894871796 0.0882405836131495
-0.0096856584699868 0.0889935636612524 -0.0703648305985942 0.0973787866612999
-0.0143551177106836 0.0941684527862574 -0.0571602902485754 0.0575533097684277
0.0201552400561752 0.0717832749488354 0.0344712499852683 -0.0177866553198189
0.0531821929118982 0.0329328292864084 -0.0353808531825121 -0.0889813813230162
0.0608877379533497 -0.0119500020767854 -0.109036558638583 -0.0439833384162863
0.0409127168246948 -0.0359281009282141 -0.105835568810055 0.0427326929898918
0.015520156915848 -0.0510359808989082 -0.043133473122591 0.079295538518273
-0.0156285915696897 -0.0505987329915711 0.00330156364304799 0.0649087742492697
-0.0218816385925187 -0.045836797610685 0.0201792094393533 0.0475373005299173
-0.0219293842571991 -0.0547808703571585 0.0335829838376306 0.0352523419130646
0.0116567908049324 -0.0679027173158547 0.0446085051927193 0.0325700562512858
0.0477636918445787 -0.052076115570632 0.0486058917930239 0.0471098026610848
0.0863067446103771 -0.0238785212427645 0.0338245843494644 0.0852742006598562
0.0803736881595895 0.0486821895306058 -0.0133810091246092 0.106957763682895
0.0260335010935461 0.107229716824286 -0.0584891233613962 0.0785613687439953
-0.0238411690556585 0.127797219749507 -0.0452416139274102 0.0637968663472415
-0.038782865851305 0.115825255850438 -0.0413845417730335 0.0170756323791463
0.0100857613983428 0.111358059295282 0.0468317967199071 -0.0385156488863256
0.0737180600406256 0.0644429296209784 -0.0183589659125348 -0.104361136472345
0.0961332814351359 -0.0108881799985889 -0.0971121780675535 -0.0636089763069055
0.0622875039159643 -0.0529886642836769 -0.10036457254912 0.018733551098645
0.0236261145621839 -0.070979966732566 -0.0447616525448555 0.0543756524026613
-0.018846041618103 -0.0695578421275109 -0.00367821199947095 0.0395855466858499
-0.0301199413116094 -0.0597259626686241 0.0108006956282806 0.0231769720203406
-0.030103266607172 -0.0666821513065894 0.026009534252799 0.00933895462628636
0.00790742476238038 -0.0817878379881468 0.04456223694317 0.00385394983015091
0.051088172098495 -0.0683644174744229 0.0610615643550516 0.0195424344533009
0.102062277893178 -0.0392292671561195 0.0569327839454142 0.0667584742024394
0.0998142845819432 0.0506268137977393 0.0119391795890115 0.0998222175709162
0.0329697066533156 0.122018372931804 -0.0402010770693338 0.0651319452122549
-0.0306269385491566 0.146153046065625 -0.0206239032788431 0.0233224023186786
-0.0571915367847235 0.116451733221653 -0.0127321064525573 -0.0299042168164286
-0.00847020947001963 0.130848695732831 0.0641906681269813 -0.0635621128453194
0.0754079107923208 0.090109860208784 0.0059389957628678 -0.114636880784652
0.115763307181657 -0.000677323784471815 -0.0724669762762937 -0.0813745697984346
0.0765110901320783 -0.0579926974680657 -0.0831062292865965 -0.0102568266664708
0.0302568831855601 -0.079340282283557 -0.042099790625939 0.0218156404189929
-0.017830660275946 -0.0778244664295519 -0.0104349533142176 0.0088729880359676
-0.0335639989350957 -0.0648022629730926 2.18062152184827E-06 -0.00437379736342824
-0.0341894211929046 -0.0684942658572626 0.0155844931439306 -0.0181620844666521
0.0033796023165162 -0.082990921425901 0.0396659053122928 -0.0248988377182381
0.047887324537505 -0.0727956314973586 0.0661336806795706 -0.00896831286115608
0.102633760133242 -0.045720161481363 0.0710850560754943 0.0442453706434707
0.101717317736827 0.0481517194087252 0.030745122933054 0.0857711465424136
0.0314456010729081 0.119976817344397 -0.027154789496578 0.0494317224954349
-0.0362174007011348 0.141812608856579 0.00163576538081024 -0.0168151155048073
-0.0636328652770586 0.0950894102900805 0.0234981011346708 -0.074443866830284
-0.0263960648144553 0.122328837234192 0.0829229975491773 -0.0863088275289808
0.0591036051590632 0.0962063157804181 0.0311197012281593 -0.116057661009567
0.110452504345712 0.0108057619759617 -0.0405863911036536 -0.090524107794575
0.0758269345891726 -0.0508506779218742 -0.0574481505693876 -0.0367508074463573
0.030937557202485 -0.0730727646795223 -0.0349694335406863 -0.0126368367502314
-0.0150027738749568 -0.0726435292703185 -0.0163228246157991 -0.0222561385706057
-0.0326356823759618 -0.0590568917427733 -0.0104051865003141 -0.030789991880747
-0.0335449878147485 -0.061473681288018 0.00485724327141155 -0.0437487519979584
-0.000177237293775269 -0.0734842932415267 0.0331427020208169 -0.0503283696849564
0.0410313743641159 -0.0659865037572611 0.0678709375251203 -0.032521101998543
0.0923754602365047 -0.0404112858226319 0.0783768511399568 0.0253567800283406
0.0877988754607351 0.0465833218802661 0.0421871311796177 0.0700693168092209
0.0206379675219985 0.106409855771845 -0.0178473970127416 0.0340532175439048
-0.0404112492827166 0.117663155862652 0.0211153896197645 -0.0502013518883617
-0.0555654906655602 0.0565932243843444 0.0573742685111702 -0.107997111990883
-0.034890101136086 0.087844502935105 0.0966594026328432 -0.103040921769393
0.0338624823463921 0.078228356873441 0.0505567797894467 -0.111351490938273
0.0815790562922744 0.0145895110645249 -0.0126386409847653 -0.0925756442306677
0.0581492171094882 -0.0355277037612306 -0.033176540513317 -0.0555862779460535
0.0237961663268765 -0.0538845849365874 -0.0281041242213858 -0.0411453118217879
-0.01110651597703 -0.0543222962245211 -0.0213052151155609 -0.0480583199511329
-0.0267424771895876 -0.0441514308376973 -0.0192612218528575 -0.0525840275683045
-0.0277067078271511 -0.046613616717125 -0.00363596906264388 -0.0644903893571443
-0.00196184813184277 -0.0559038351464422 0.0292945765703501 -0.0703886827814799
0.0321877306238525 -0.0526300821500847 0.0699737700283301 -0.0495468793950486
0.0741985705520774 -0.0283645257786792 0.0830765503060009 0.0126674734190293
0.0648056684025495 0.0440856638214526 0.0480130025494287 0.0578692326431302
0.00476785607631893 0.0838985054181564 -0.0104926334592572 0.0227764659645274
-0.0433831417754711 0.0792280675112975 0.0384444539617729 -0.0725752207482539
-0.0358886304280711 0.00814557855908598 0.0808155374413923 -0.126729041701215
-0.030949573049334 0.0353642267818317 0.100199417181876 -0.112212554484825
0.00827827131920066 0.0401193697988678 0.0597649635592972 -0.106135123344121
0.0378805925854841 0.00841649120391327 0.00307638963811714 -0.0922520765250307
0.027370006772222 -0.0161455001430865 -0.0200643054330231 -0.0660406283706978
0.0115112066876178 -0.025079826706795 -0.0260496220571677 -0.0584198538215584
-0.00687167758841889 -0.0268371427079676 -0.026776871413934 -0.0627501490816421
-0.0167423120931224 -0.0224918215478876 -0.0255989481526554 -0.065840329675764
-0.0179311291766424 -0.0253255374170875 -0.0092725738932711 -0.0786263929214442
-0.00364686699142492 -0.0332928373677639 0.0287046252962471 -0.0835230111963031
0.0195589164434292 -0.0348823847211778 0.0752075416411263 -0.0595981739822932
0.0489843535579385 -0.0151048864219822 0.0890179923187525 0.00734433126379212
0.0362430841948558 0.03632401871671 0.0523191319745708 0.0515850795237822
-0.00929669841795189 0.0526573537975049 -0.00489811005894761 0.0179638136273541
-0.0402497590535188 0.0315953732355898 0.0513260911310449 -0.0820663843522916
0.0242775555764448 0.0108331451582596 -0.0419291659348567 0.10109614196834
0.0109973178569637 -0.0177863425002866 0.0288808484979651 -0.00146606356083939
-0.0125450494852307 -0.0137227468808921 -0.0478894051385897 -0.0659179584225021
-0.0143733987120595 0.0078303318670074 -0.105872454831881 -0.0155482873263173
0.00102383647989531 0.0107214527603729 -0.0950197777155688 0.069552097347092
0.00366560389216731 0.00181983272945433 -0.0320930896039886 0.100972570215142
0.00106893543909416 0.000925619111005685 0.0153302733586204 0.0870447132310784
0.00175042780700293 -0.00166760076985633 0.0337858293762972 0.0719282907236037
-0.0036746517817012 -0.00518808426268245 0.0403930539376454 0.0645736021346339
-0.000562183433397918 -0.0101401210539607 0.0371616282190018 0.0650300399838766
0.0039815326566617 -0.00554078241094826 0.0251966917031929 0.0724231105646391
0.0069447968734619 -0.00858356201311156 -0.00122778717370216 0.0952147005610252
0.0181598159065487 -0.00284462499289123 -0.0504030416602461 0.104806443247803
0.0261550848470921 0.0175419897053186 -0.0997323268972933 0.0986512935074519
0.0151639825431127 0.0351658346970602 -0.0855426980142294 0.123803684994315
0.0103460570857319 0.0567625175239771 -0.0537185314958454 0.0892515577676355
0.0210603797887718 0.025250136955086 0.0290991172693833 -0.00563568748501519
0.0222346713305951 0.00487049954110864 -0.0465566865326961 -0.0746741784617871
0.0210735392241235 -0.00619923095431029 -0.110924866401288 -0.0235930058100824
0.0184937608848519 -0.0141963112858283 -0.101364739282862 0.0634712007004623
0.00724598436535444 -0.0256740485876407 -0.0356253663307934 0.095729343947709
-0.0101415724879465 -0.0253873152555378 0.0121656196635575 0.0806714187354268
-0.0121151753888017 -0.0250381032723563 0.0301826374290577 0.0645062895095779
-0.0141762985948853 -0.0331297983128529 0.0405053909632674 0.0540527421871544
0.00762916135349468 -0.0438070337295843 0.0420945009699351 0.053913669241462
0.0313759871399171 -0.0303279414880768 0.036237682447755 0.0651787515057886
0.0531295797334282 -0.0124623826773496 0.0137482645947133 0.0933308890653035
0.0508928207312048 0.0310370637128889 -0.0335697802007652 0.107628147807082
0.023481341809907 0.0713522151524114 -0.0784688877992419 0.0919459287917375
-0.00678769191960759 0.089455198475382 -0.0667315532940411 0.10168563494604
-0.0106580147910182 0.0951229948640103 -0.0543328558270039 0.0599849009773845
0.0232890853466846 0.0719447362388828 0.0345538884355012 -0.0192656526989897
0.0547654252174179 0.030835767382553 -0.0383892034036096 -0.088841028935437
0.0601486836419236 -0.0152994404806982 -0.110933578817594 -0.0398877940565947
0.0395912606205149 -0.0387134820804541 -0.105471174047106 0.0480416260502761
0.0131643843501988 -0.0523057056875688 -0.0403374554720927 0.0811385695999656
-0.0182771960428368 -0.0498887084682732 0.00553416661283067 0.0649044306940595
-0.0237647318586902 -0.0451966128125941 0.0224252931844582 0.047094789270237
-0.0247645001856448 -0.0543075467711036 0.0360386513834052 0.0338992829061814
0.00860203026979307 -0.0695525333782241 0.0460305244125202 0.0310124275806728
0.0459153444462276 -0.0547346756000123 0.0509081738727315 0.0457076107320066
0.0853414690718721 -0.0278964417230675 0.0370721515993725 0.0838124314816085
0.082578365726198 0.0456388388195498 -0.00913306746127929 0.107512576804521
0.0307645402216398 0.10692414227957 -0.0563316415611699 0.0813120325859786
-0.0190551301311395 0.129541775613733 -0.0431533217764348 0.0668768625083013
-0.0339013102227633 0.117807415938955 -0.0403134442023221 0.0187608821124602
0.0143537844981254 0.111378608317637 0.0463132120111191 -0.0404952550031085
0.0762425737422225 0.0612254811749254 -0.0215275093295606 -0.104694464649401
0.0956313940113783 -0.0153551526564631 -0.0996743654589127 -0.0605443951905245
0.0599326728107222 -0.0565344465028626 -0.101092035235349 0.0232269990712927
0.020596060683422 -0.0727500308617648 -0.0430021069858661 0.0560843028707409
-0.0219955883325095 -0.0686709869720983 -0.00285256600514669 0.0394566612954238
-0.0327688858631969 -0.0583875338874443 0.0116834454235047 0.0228910618902929
-0.0338237195003405 -0.0655769184702838 0.0267505810781695 0.00817363203689082
0.0044638749851911 -0.0835008266884529 0.0446014870146711 0.00216740335240368
0.0485208571750505 -0.0712560994178327 0.0619611140474546 0.0175984723298669
0.100889416229422 -0.0445006313387664 0.0590851914831172 0.0646819890178453
0.10240196564318 0.0470780554937304 0.0164888648685752 0.0989396566921537
0.0381259694990129 0.121907221452486 -0.0379248908639174 0.067205649059289
-0.0254680090864592 0.147037498075951 -0.0203032831090382 0.0246646479165886
-0.0524661205690608 0.119030682626577 -0.0137047125157913 -0.0299186951805946
-0.00332038446132462 0.132213889837642 0.0624965991019409 -0.0659186107809777
0.0791461230459618 0.0863403497696615 0.00235596183586955 -0.115352613709981
0.115480536575447 -0.00609394328144501 -0.0752871440032364 -0.0790904931161166
0.0737358162005008 -0.0625827191764575 -0.0846207125880525 -0.00676955715426602
0.0270694699346247 -0.0818110902750889 -0.0417147941404093 0.0234187219794042
-0.0217332423494116 -0.0770222092462159 -0.0106438254308116 0.00929033029945464
-0.0369821441064155 -0.0627135447534534 -0.000585807926044495 -0.00455027764699184
-0.0377388703640072 -0.066777193257578 0.0149048473996291 -0.0189468851063152
-0.000335014162452485 -0.0839724289727194 0.0384508968090864 -0.0268564106398127
0.044853277491432 -0.0754430963777488 0.0665455151341534 -0.0114060243187638
0.101106103178664 -0.0508981148966817 0.0729788627006628 0.0419596985943346
0.104326543231232 0.044359257156475 0.0346809208703008 0.0841521465049996
0.0365504417136622 0.119621896750609 -0.0254126282806791 0.0508383732141823
-0.0304705182830977 0.142968655137047 0.00013377531548407 -0.0165626593274763
-0.0599460366904626 0.0980050084904992 0.020758814354608 -0.0757528051535797
-0.0219570045578426 0.124265031346228 0.079707362281511 -0.0895214610725926
0.062957587695269 0.094105859944712 0.0270774165738438 -0.117391607775945
0.110286897103517 0.0058583176724576 -0.0439883757661995 -0.0893779785150211
0.0739643845598808 -0.0549687683093392 -0.0596365358260821 -0.0342060403212542
0.0280865707979691 -0.075465505006005 -0.0359630977062558 -0.0118989454830606
-0.0185777641733626 -0.0722295176797497 -0.0177818277026346 -0.0222601640251839
-0.0351839978478144 -0.0573236777323674 -0.0124327706020614 -0.0306420571628391
-0.036273900445841 -0.0593091851967567 0.00300586421130816 -0.0441414430836674
-0.00320740942520646 -0.0741417746299401 0.0309952092433788 -0.0521840760698099
0.0382740980031381 -0.0684277833443146 0.0667937653773093 -0.0354217214901439
0.0905252380338421 -0.0450297538356471 0.0792941117191419 0.0220953660565792
0.090464488269333 0.0431755368682708 0.045441421944735 0.0680222210189201
0.0244798137682004 0.105836725186391 -0.0167335267453424 0.0354894275772572
-0.0364667172895238 0.119093789748447 0.0181924326825792 -0.0513866643105259
-0.0531501827042038 0.0590337504190043 0.0538492352385789 -0.11124157647311
-0.0316772040456046 0.089644798721235 0.0932393360158335 -0.106067789620211
0.0368187358511639 0.0771309538272796 0.0471505096460366 -0.112795062793322
0.0816534535994634 0.0107526711032439 -0.0155779042429572 -0.0921200318809332
0.0564560723225359 -0.0384288743684341 -0.0355333088382565 -0.0547539725093902
0.0215699171795026 -0.0559478800004633 -0.0301915478371773 -0.0408901413134082
-0.0138644148072702 -0.0542172023175836 -0.0246967176745049 -0.0479855185468937
-0.0283823920577063 -0.0426305549082022 -0.0226515189787404 -0.0521574325645699
-0.0296758035536416 -0.0449432104374679 -0.00684604056203243 -0.0646561808099122
-0.00449764004081321 -0.0561295034311626 0.0263271897013003 -0.0716452393009076
0.0298007819377609 -0.0543167048992225 0.0684185429427427 -0.0524050498272545
0.0727326508608256 -0.0321905793814022 0.0834934682514617 0.00959112228518543
0.0671154850254954 0.0417275604777476 0.0506561305739044 0.0557498944987565
0.00754713274700729 0.0836928632241467 -0.0094468192814297 0.0238163123818687
-0.040542197362206 0.0810369586689524 0.0343479957239538 -0.0745310459117364
-0.0352870490364369 0.00946614856575341 0.0760423757309863 -0.130765509246808
-0.0295030238085047 0.0364864758796925 0.0959604480563477 -0.116248220754289
0.00939051856159392 0.039347222452699 0.0565236993662534 -0.108092404393797
0.0376578384562055 0.00623395645360306 4.98365500069157E-05 -0.0924868655758356
0.0268992037287885 -0.0175800289484065 -0.022958211920146 -0.0661594830681887
0.0100733615528087 -0.0261657580744997 -0.0287921634992074 -0.0581715456358955
-0.00761508452750811 -0.0259658636354621 -0.030698583715648 -0.0621157488208108
-0.0171431383302547 -0.0210581128913158 -0.0295832251450306 -0.0648936066862735
-0.0189343952728421 -0.0238958491430708 -0.0133163909148864 -0.0782705478671361
-0.00562149622885755 -0.0329607282664458 0.0251275328672378 -0.085052797937247
0.0179984257932673 -0.035796063673382 0.0735300335670204 -0.0628186066107275
0.0480789699378767 -0.0173665874060351 0.0893969474230786 0.00379003137667003
0.0380745141096811 0.035297026684334 0.0543625878037212 0.0496659533353139
-0.0078251308495111 0.0528641849727683 -0.00445673769052112 0.018760193733216
-0.0389806510150202 0.0333051618148711 0.046856938930166 -0.0841464459081363
0.0234756495468024 0.00990063175403742 -0.0361363023744347 0.100200752284167
0.010279717427148 -0.0176154847690066 0.0289683332144742 -0.0029163479956508
-0.0122220112203746 -0.0128314073885618 -0.0493819700860379 -0.0629505614626544
-0.0137734669168253 0.00843954326848574 -0.104775562825074 -0.0108839046794592
0.00102529761360563 0.0100928829054308 -0.0897405828175772 0.0726970027023809
0.00349328624897488 0.00123416556513955 -0.0269452404588625 0.100839864470408
0.000619537281190963 0.000922050533034507 0.0188886164988325 0.0842519563273466
0.00160343335324031 -0.00207735175458426 0.0370412675083296 0.0690788139697588
-0.00407684910570958 -0.00483953459318344 0.0431390726070126 0.0612688215254331
-0.0012441312030542 -0.0102742620510373 0.0394518603669326 0.0621534103044008
0.00409696553658958 -0.00559331897349288 0.0275284214699049 0.0699658019661494
0.00674869225822913 -0.00829796768320777 0.00338881749299822 0.0927074617416997
0.0174818665441528 -0.00352291790030443 -0.0448505113111409 0.103876188574413
0.0265876346405855 0.0160697111009374 -0.0937667588498795 0.10073039019979
0.0156363770541048 0.0338036760624842 -0.0782818259821043 0.125310935743467
0.0121465106641822 0.0550212484360573 -0.0479489355364223 0.0890610434056168
0.0218726025409558 0.0240988314281504 0.0288343686414283 -0.00708601587322337
0.0224012660739223 0.00320548292437394 -0.0489092374254741 -0.0712421480007204
0.0201248922133425 -0.00689285399199119 -0.109731048101122 -0.0186412498498687
0.0171205813024271 -0.0153039469853387 -0.0965946370747048 0.0673700459741438
0.00528828785978628 -0.0262079211825084 -0.0305778031456378 0.0956659616792266
-0.0112716022292085 -0.0240014972087362 0.0155486883140101 0.0783307851292844
-0.0131528857135349 -0.0240347102733187 0.0332800067910834 0.0614970450242804
-0.0158264849523747 -0.0319194727290464 0.0424130987776993 0.0508448591398811
0.00527691281973008 -0.0433206368172996 0.0440079630754652 0.0511889316879657
0.0297310745981595 -0.031359578049015 0.0382841563249595 0.0623885083736649
0.051742281230454 -0.0147588654886652 0.0170570989638164 0.0905366231884957
0.0511095418384526 0.0288353702341944 -0.0279118097265203 0.105489828312452
0.026108252483694 0.0688707271041965 -0.0735107883949398 0.0935027461706712
-0.00357503222804312 0.0873450151593627 -0.0607213226456632 0.103338016694783
-0.00625608823329171 0.0934550204920342 -0.0495083416886743 0.0605606798220359
0.0263256246996307 0.0691696258196463 0.0337220752606421 -0.0200885908603738
0.0550075121399042 0.0270495418070672 -0.0411446679477228 -0.0853466554634139
0.0574766587311834 -0.0181883923145251 -0.110445677194955 -0.0347776733361408
0.0361317124076489 -0.0400216451374337 -0.10123369502288 0.0528055138116342
0.0101828367635533 -0.0526193023539011 -0.0360418955045958 0.0813531875656555
-0.0203495367646495 -0.0477595654111268 0.00831006922939728 0.0629369442802132
-0.0257853980144009 -0.0428855764288664 0.0240856540152011 0.0449356249603466
-0.0270601532867843 -0.0517482963974571 0.0366518117611737 0.0313699781607641
0.00426843707171283 -0.0688433971621438 0.0466812859582549 0.0286248794504103
0.0424917953512918 -0.0560465235329644 0.0521164351283712 0.0429759164213574
0.082486619303295 -0.0316738390792374 0.0394189973024075 0.079790564116046
0.0831409968244505 0.0412582111348985 -0.00415504602657335 0.104237074400342
0.0351498768513986 0.103498923455107 -0.0516748415711289 0.0823392811769624
-0.0137438898130912 0.126478552353939 -0.0397473467126236 0.0681388326039901
-0.0276218945466037 0.116697872090306 -0.037689769847495 0.0200040574351047
0.0191475270003269 0.108979052393304 0.0440413014525087 -0.0413539351446418
0.077398903666261 0.0560245590808599 -0.0255277601082574 -0.10117781029716
0.092030997549521 -0.0201196557286625 -0.100190622911617 -0.0548012938585321
0.0552056214845583 -0.0589302276875375 -0.0981517634339018 0.0284658029191973
0.0161581864985242 -0.0730482492498704 -0.0400020825813509 0.0570881571703592
-0.0253696994428467 -0.0662469980369909 -0.00123493746257023 0.0387048207159242
-0.0351214786984328 -0.0552462272099929 0.0120231681075578 0.0219537218961638
-0.0363189916691135 -0.0618096736638183 0.0265055103959699 0.00661435019539318
-0.000392554104087817 -0.082347751041477 0.0436365043825447 0.000371461454520118
0.0441455033996578 -0.0723566628331347 0.0623693133923513 0.0147479779752579
0.0961016191375345 -0.0490508620225551 0.0603585874598101 0.0603132038242467
0.102468855492718 0.0410200545685929 0.0205159802026804 0.0952514212252595
0.0429953808392111 0.117709768505618 -0.0344284869268717 0.067438947545883
-0.0189876797870929 0.14468516726627 -0.0191536546597579 0.0254803945496728
-0.0459965586678739 0.1182974595199 -0.0143872959412265 -0.0285282731269328
0.00279059782398016 0.12988490976078 0.0585349226237839 -0.0667013915760598
0.0810811841852555 0.080957883071408 -0.00259725687821162 -0.112088746629119
0.111887928889013 -0.011858907220296 -0.0766568628319677 -0.073899055991055
0.0684126687517545 -0.0650960570632754 -0.0836777346912 -0.00150041138629856
0.022232577278289 -0.0821202793038947 -0.0400591836153742 0.0245882297034537
-0.0253735253440972 -0.0744451248096273 -0.0109973978125186 0.00934358536370716
-0.0386063096850713 -0.0592323765406872 -0.00100948071374087 -0.00408511710700637
-0.0404304612400481 -0.0627466887219165 0.0137793275301135 -0.0192436629444425
-0.00473166403069705 -0.0827485543856733 0.0361483514476264 -0.0277482047138429
0.0403020030972735 -0.0761321383815996 0.0647075714800266 -0.013830893212731
0.0952628755915801 -0.0550771857219201 0.0730675823330808 0.0373411739972789
0.104170817169369 0.0385197668340296 0.0380783851999016 0.0798252929025112
0.0411839395013757 0.11544024227974 -0.0230747017425468 0.0508300871053501
-0.0238122199890113 0.140481908672905 -0.0013725863118917 -0.0161368369554312
-0.05399661491769 0.0981630758154021 0.0175291993866246 -0.0748163406550257
-0.0157559254954783 0.122538391312001 0.0739011512053654 -0.0904899995572686
0.0652632701106858 0.0889719348530849 0.0218927758193496 -0.115098020723165
0.107632079004416 0.00027407961750832 -0.0464213550284362 -0.0853986403490301
0.0695049678670328 -0.0576584437696682 -0.0601378727279245 -0.0300053257430496
0.0232792021973248 -0.0758011694433463 -0.0360347129141702 -0.0103274382601872
-0.0217334847675081 -0.0697063411078574 -0.0197235907123691 -0.0212262417225494
-0.0365616775812204 -0.054019712618416 -0.0142279071858144 -0.0290797556771153
-0.0383728218426514 -0.0552881480566585 0.000577804102939814 -0.0434262683993753
-0.00721386099991196 -0.0726766126049233 0.0278502474982966 -0.0518954087188277
0.0341225571223713 -0.0687931776147587 0.064016974396311 -0.0374582998470142
0.0859723463142539 -0.0492460705692035 0.077830555820351 0.0182089639750772
0.0907503590646451 0.0381565620218661 0.0475835712694678 0.0638587206269141
0.0287888561111178 0.102745019466849 -0.0149433745157872 0.0355256966007693
-0.0306371722036577 0.117738283140168 0.0143714872289818 -0.0506071170313779
-0.0492087867599176 0.0600079464520496 0.0476517092475746 -0.110419812792958
-0.0267613443828518 0.0890172917823183 0.0860025021555806 -0.107302958834906
0.0392952917305889 0.0731630555821534 0.0414203659659043 -0.111762884492505
0.0795897645357319 0.00651471443408203 -0.0190251949237651 -0.0889105171873808
0.0535283436138742 -0.0407418333744193 -0.0378235431157297 -0.0516934991130589
0.0185261561980409 -0.0560245629391462 -0.0317321517556138 -0.0390403180502523
-0.0159308200734682 -0.0521367695189506 -0.0273013684594986 -0.0459603062150487
-0.0292107797402688 -0.0399324850358057 -0.025504155068 -0.0496861219055713
-0.0308044481163213 -0.0413321997684373 -0.0105461451171456 -0.0630769059889534
-0.00728435546419046 -0.0550050853773757 0.021909398206098 -0.0710831743074576
0.0266149557475875 -0.0542276142894811 0.0649570122612367 -0.0542886937988721
0.0693801846495786 -0.035236143844561 0.0817845080617833 0.00551025682036168
0.0674417062601322 0.0375757343461733 0.0521161870545492 0.051797767996248
0.0110684958449983 0.0813987982779554 -0.00889511238567596 0.0237149983080911
-0.0361377967529364 0.0805781048245266 0.0292665494055641 -0.0744108341451093
-0.0336437980903273 0.0108529229141395 0.0688013396515838 -0.130862946524933
-0.0264683912457304 0.0366032952397328 0.0881770372550533 -0.116799890913964
0.0107789667704977 0.0382572518816205 0.0510336735886044 -0.10762701664376
0.0361695001768627 0.00461314202906368 -0.0038723934436693 -0.0905114001676249
0.0253375462667881 -0.0186436217720971 -0.0249811948695738 -0.0639445597519365
0.00886017439958315 -0.0260127167431024 -0.0311432789843467 -0.0564240139248389
-0.00860255006527975 -0.0250047734530452 -0.0344165139723937 -0.0600602659771334
-0.017247484437848 -0.0192294398313427 -0.0327337137714699 -0.0617400357354174
-0.0191166199936587 -0.0219286046619064 -0.0171559660317572 -0.0757430787425952
-0.00670752657836219 -0.0319069312913635 0.0204466504719752 -0.0843634370781931
0.0156423267090222 -0.0359295015541927 0.0688476964760444 -0.0648430418927258
0.0461582108027321 -0.0189430941445311 0.08725019334898 -0.000347057089447603
0.0390125932625575 0.0327695597647818 0.0549781586475911 0.0461331427536954
-0.00557990408668762 0.0517413860039697 -0.00361242184703945 0.0184292167252679
-0.0367300812206765 0.0339292216540066 0.0412443708748478 -0.0842715984164493
0.0222162247376785 0.00901302301302659 -0.0316161289347326 0.0963224865171712
0.00926717003384146 -0.0168923240451779 0.0278618919274888 -0.00360153277078196
-0.0118469314441867 -0.012042485281177 -0.0492121414561408 -0.0594969306897243
-0.0128232279464832 0.00877996281766891 -0.10106280544629 -0.00860160664265006
0.000884394964953393 0.00969528515043422 -0.0845934799563443 0.0726709568558185
0.00261966005640148 0.00134006987366367 -0.0231351189188505 0.0978697988763884
0.000174194664993195 0.00065633738003542 0.0206505837838434 0.0804415752216362
0.000680686268941947 -0.00207955423921655 0.0380699736114245 0.0653537610802881
-0.00404414774141633 -0.00471289536877862 0.0435781313524129 0.057831711819766
-0.00181687983702925 -0.0100680345064761 0.0398686033084449 0.0591823823772369
0.00439593923428138 -0.00562796185758616 0.0276342051352613 0.0664601226330537
0.00655257733831963 -0.00858175440327875 0.00464728905764225 0.0885008050101131
0.0166876385040248 -0.00340575837108691 -0.0412984152864881 0.0997751448256887
0.0256898834059791 0.0148025735033872 -0.0883814537566574 0.0991676680983432
0.0145339517973049 0.0316784340181842 -0.0713044496646348 0.123318506676654
0.0127055200652515 0.0524217096111811 -0.04281622425731 0.0860881515803656
0.0216777757559993 0.0229129721541172 0.0279294256938351 -0.00756081093345224
0.0215425410121837 0.00220910134908029 -0.0483869230130819 -0.0672069993900609
0.0190015518573364 -0.00739261051878495 -0.105795517442972 -0.0159092858533712
0.0156284914917382 -0.0156664646195097 -0.0908346644880675 0.0677301927991852
0.00410368045023076 -0.0254995421122945 -0.0269828836545072 0.093223012293591
-0.0122491606818089 -0.0229696612762999 0.0165948797567897 0.0748785224847634
-0.0135800340906362 -0.0228889184912543 0.0337801439328451 0.0578546226658466
-0.0161806145212342 -0.0303591427640915 0.042494788585632 0.0475603747879334
0.00300540232776248 -0.0425336111124715 0.0437592829316441 0.0480427792261169
0.0282177479966171 -0.0310708665181197 0.0380158001494463 0.0589541911861456
0.0496171621505079 -0.0157433238308876 0.0179802210153271 0.0862303890870111
0.0501315920571581 0.0262769894120833 -0.024753494836515 0.101463766332134
0.0268278909622879 0.0656596504531737 -0.0684749981211501 0.0915529781422876
-0.00208169933258652 0.083323229328394 -0.0558501627134999 0.101003185386087
-0.00410291002450113 0.0893952656664331 -0.0454048887156998 0.059319218140875
0.0270394410580353 0.0661116259502875 0.0323494817494607 -0.019755439642914
0.0531604923831615 0.0241173314536282 -0.0406926849119439 -0.080939150194314
0.0540235307741943 -0.0194258695258868 -0.106284650584601 -0.0310675062398011
0.0328954107336907 -0.040237904273973 -0.0961427339079013 0.0541379628515042
0.0077030033914144 -0.0511389427551307 -0.0327385494837393 0.078925717705776
-0.0216760037766897 -0.0452376212330896 0.00899732754632712 0.0600502332775137
-0.0260782479193503 -0.0402305596141009 0.0246871641649071 0.0423250295868094
-0.0279888463329276 -0.0483076553245526 0.0369322824975193 0.029118220281382
0.00176628561456848 -0.0669732652529237 0.0456183943929979 0.0266442825100252
0.0397795300635239 -0.055189948993943 0.0510842656476879 0.0396712005013115
0.0781884201301714 -0.0329896577764906 0.03982132279312 0.0752864314034422
0.0809188472940688 0.0377822795230186 -0.0014402322815193 0.0990674412996631
0.0360537255247161 0.0988482110643779 -0.0481211943060122 0.080647753812563
-0.0110017795529726 0.121031532046297 -0.0366556941002503 0.0669984529116938
-0.0237791292450067 0.112232443117706 -0.0357730120644014 0.0200083194451331
0.021117873519356 0.10416799679303 0.0417993918198808 -0.0399597938273076
0.0755343662975264 0.0513884262266298 -0.0261454355064576 -0.0961229619337283
0.0869390761614168 -0.0221311285196195 -0.0971848379240733 -0.0502502221812805
0.0509595864281992 -0.0588495466836999 -0.0936110578021338 0.0306788394156997
0.0133742809667755 -0.071718681294593 -0.0370965078962793 0.0558373590578459
-0.0267525006912984 -0.0628359084418444 -0.000435541701962882 0.0369997242161927
-0.0347643987945746 -0.0517650406218325 0.011918521738645 0.0201897627735051
-0.036878341521077 -0.0577997890117664 0.0258739362731917 0.0052383349043838
-0.00318919550098238 -0.0795595024105714 0.0419808453930178 -0.000469853385740947
0.0404610215394029 -0.0707489575091515 0.060396295759805 0.0122748988785747
0.0904058121263298 -0.0499907655265095 0.0593824012469962 0.0563453735448053
0.0996216346075191 0.0369754163794763 0.0222054275750133 0.0895235691402311
0.0442764578813699 0.11223535292909 -0.0319516061164196 0.0657143960393195
-0.015399129190701 0.138536629059049 -0.0184063077080683 0.0257023813874317
-0.0406699679310239 0.114467514565922 -0.0142506146485283 -0.0264587197283354
0.00605265868363064 0.124728485613354 0.0543910454123159 -0.0641927346883978
0.0797638627931712 0.0749655462989961 -0.00433216826247597 -0.107358680046551
0.106557046785651 -0.0148694708843659 -0.0750251951750462 -0.0690034625827022
0.0637659208518318 -0.0650767255684924 -0.0801809414542099 0.0016807361243264
0.0187241273301896 -0.0802754901514669 -0.0380321836177943 0.0244262643411858
-0.0265355222622043 -0.0707743790377492 -0.0108408834947705 0.00875807688478764
-0.0384617911613222 -0.0558019872488213 -0.00213725616972241 -0.00371174725370054
-0.0409117850787623 -0.0585253151527295 0.0125482574211797 -0.0194828294853008
-0.00795270331338728 -0.0797623073230757 0.0338911389019172 -0.0271895833023556
0.0366892575453556 -0.0743094484562332 0.0622560438699709 -0.0149573099961004
0.0896358548148237 -0.0564339591408573 0.0700280828927445 0.0345748502320686
0.100645222573828 0.0341582060056214 0.0385233238435641 0.074511472461735
0.0423480255894204 0.109542673638677 -0.0208411926234607 0.049979814474683
-0.0200121836968384 0.13495856379971 -0.00255603578468767 -0.014746015823233
-0.04840821508213 0.0952733463548952 0.014943055670967 -0.0718993934890165
-0.012019841200249 0.118151624689027 0.0689828167072481 -0.0871727658781696
0.0647989075857881 0.0833002998962216 0.0190710031004672 -0.110228550886889
0.102360607516438 -0.0026681285455096 -0.0458501081706201 -0.0801956443996927
0.0648735597410067 -0.0579833343290756 -0.0584797128863261 -0.0266941719430926
0.0201987917584087 -0.0741910839483924 -0.0352107184298257 -0.00921959246584752
-0.0233900144935008 -0.066203984965063 -0.0200872786304918 -0.0198579161715895
-0.0363957829614549 -0.0502807016150487 -0.0154387818591742 -0.0276229144949554
-0.0386112752828872 -0.0514707853512564 -0.00107023494333154 -0.0416376510982733
-0.0093693006269302 -0.0696103489638113 0.0253690947116987 -0.0503270880736568
0.0312484283231858 -0.0670586433055053 0.0608977561457654 -0.0376696373882999
0.0801032338931657 -0.0499124195705298 0.0754304119050954 0.015937070781465
0.0880196834194007 0.0338769979727493 0.0471634520575148 0.0592467963473996
0.0301068969482679 0.0977981093246944 -0.0138187671968462 0.0345486904784596
-0.0267254141435014 0.113040780911167 0.0114586561678711 -0.0485475617983546
-0.0453351052019725 0.0583735220372228 0.0435293665293433 -0.107335695902102
-0.0234774838569848 0.0858157732628408 0.0798099871275084 -0.103877551129716
0.0393642694314335 0.0690478674178664 0.0381660871285676 -0.107714954994127
0.0760401354073664 0.00409568673812313 -0.0196247178435564 -0.0845903463157248
0.0502694920687325 -0.0411519208335738 -0.0369860516596788 -0.0486810340710403
0.016084979327101 -0.0545449576263383 -0.0314289506740701 -0.0374983072590202
-0.0167736628419759 -0.0495967598645861 -0.0286269887839177 -0.0433594485790232
-0.0285552354788063 -0.036935935321487 -0.0269151174335389 -0.0467382445088009
-0.0302869594101625 -0.0382543606459121 -0.0120334510687904 -0.0601498331489802
-0.00882954169605392 -0.0525804157472372 0.0188117079902853 -0.0688869948838197
0.0243392491555029 -0.0528264731404782 0.0613535228373764 -0.0540377518009574
0.0648754407226173 -0.035772285458893 0.0786485579872189 0.00378423477132814
0.0657460170989949 0.0340260351339425 0.0513606984197418 0.0481060179670064
0.0123770373270963 0.0780446158102806 -0.00759399341061075 0.0231658538352736
-0.0326316071913626 0.07758460214376 0.025033434381821 -0.0716930420510623
-0.0319172051355062 0.0110862668575799 0.0626551276252913 -0.127435812025944
-0.0247903303188567 0.0357035527774522 0.0816496525819147 -0.113588117882033
0.0110984886878411 0.0361773014676241 0.0472842212403687 -0.10412986122197
0.0341906964297209 0.00324952913236578 -0.00502380904916616 -0.0863507796058953
0.0238670381680634 -0.0190610750558388 -0.0254426099446365 -0.060970379146637
0.00737622855295744 -0.0255703157819948 -0.0319099585320395 -0.0540993136984934
-0.00875930367917382 -0.0234297563294369 -0.0355750096855922 -0.0569715218137827
-0.016452066380232 -0.0180376860672029 -0.0341021825697917 -0.0580201135123573
-0.0186948037648005 -0.0197038575377679 -0.0192686042828807 -0.0723206728180127
-0.00757219913179912 -0.0305216130461505 0.0168222836587841 -0.0815496565122641
0.0144798638801176 -0.0342304941591419 0.0648094610960049 -0.06409716286497
0.0432207298032331 -0.0197027993261868 0.0839223987831894 -0.00182387346824953
0.0379788777711348 0.0302922883611202 0.0541819175915932 0.0425797791827016
-0.00433471748370683 0.049634563494689 -0.00348082277446632 0.0177216550881252
-0.034055732760824 0.0332094241394787 0.0358626764897445 -0.0815717309127802
0.0212965318785408 0.0105617426542251 -0.0356102943655179 0.0897889120325726
0.00998536034490558 -0.0156737236108955 0.0273174269563115 -0.00246039911761288
-0.011178815973992 -0.0117634047745778 -0.0437573317356561 -0.0591558635228588
-0.0122186213324548 0.00859050426235467 -0.0967511917573939 -0.0132387367150225
0.00142643405535704 0.00967333748404216 -0.083456222214669 0.0660896818360589
0.00279382838532671 0.00117823559756249 -0.0265062120510255 0.0924091447214306
0.000175783006821214 0.00125601587024567 0.0160585069801264 0.0784117358534734
0.00104458994828344 -0.00209168293391113 0.0349196185358923 0.0640335506808763
-0.00357591703519189 -0.0044657427694475 0.0407260984573375 0.0575803519914711
-0.00107557422046819 -0.00969058485695728 0.0366484647703169 0.0582577909267511
0.00519061842468501 -0.00524395294359625 0.023344314700662 0.0652211894564324
0.00745070696021554 -0.00654411580409016 0.000527089643159045 0.0845293060257721
0.0155711004065492 -0.000702571752168568 -0.0452306679311612 0.0920767588447642
0.0226003137670386 0.0162903739065978 -0.0906402755303107 0.0904475466904892
0.0124473962793492 0.0329483668481075 -0.076692608800964 0.113016803978339
0.00899638101031212 0.0523591184647833 -0.0439698070286765 0.0805149766169939
0.0192089761775744 0.0238131604572823 0.0287102998650334 -0.00615477832980638
0.0203325928607545 0.00391364454221776 -0.041642137431871 -0.0680109003125807
0.0187809169442535 -0.00491986176266918 -0.100405819911498 -0.0216960523828786
0.0166788386514825 -0.0135823662871576 -0.0900269994636811 0.0604030354953397
0.00530573343376145 -0.0243137408649684 -0.0300360703753057 0.0867930897540374
-0.0104510804560353 -0.0219488973839731 0.012356085908903 0.0721844164375741
-0.0120547965253175 -0.023223632470268 0.0307796065241999 0.0568490935870194
-0.0143977479823361 -0.0298183128343345 0.0403121279725072 0.0468852168607717
0.00497461220821714 -0.0419970310926006 0.0415439253964349 0.0478510666793402
0.029573182203394 -0.0295708920793127 0.0351813524062144 0.0589070374575708
0.0486907089012736 -0.0115702535278319 0.0151766355793908 0.0839332466834491
0.0468202486278437 0.0298356169409846 -0.0294273610658955 0.0958272130170139
0.0214582132592343 0.065844211839065 -0.0730378959575675 0.0850401549385131
-0.00527179067161307 0.0817543143495587 -0.0621472543154938 0.0931873025646662
-0.00976931514615086 0.0872002307108494 -0.0434322270429678 0.0557656305355603
0.0210048381462734 0.0659058170512599 0.0348164505411386 -0.0177403173700594
0.0490282333643833 0.0273503734800707 -0.0329443305245371 -0.0816726554374214
0.0525370088343389 -0.0143811834055383 -0.0991040293648607 -0.0373231494307074
0.0344779946288693 -0.0360330584509917 -0.0944953544807274 0.0457179042632693
0.0100470035871247 -0.0493551984434886 -0.0361337605470824 0.0733528641096772
-0.0182619176751943 -0.0441864987156168 0.00448441732419941 0.0575465268700667
-0.0232603400231142 -0.0410138971798782 0.0217280110029394 0.0411398145692152
-0.0249231898510652 -0.0484050884527104 0.0351057273817383 0.0286541928473083
0.00419902723027151 -0.0660975943945389 0.0440597783690212 0.0267848669786186
0.0419197440115815 -0.0526649839325964 0.0497125704931593 0.0408735658365969
0.0776609164547022 -0.0277457157278948 0.0373748916686242 0.0752880765450193
0.0768389317030071 0.0422749321736065 -0.00676388905626412 0.0962810236123277
0.0294454043852082 0.098506183950902 -0.0536913870264092 0.0755541848401791
-0.0149976744580982 0.117157217231021 -0.0430259503471344 0.062115673639094
-0.0307153096457564 0.107805550742884 -0.0310841098370913 0.0199594784785022
0.0129692488982027 0.102450580951734 0.0460571116820421 -0.0362423280462686
0.0684864388042987 0.055040022669586 -0.0165226259631094 -0.0956825313093599
0.0837645009708354 -0.0153512573708691 -0.0885236771451287 -0.0566701206282874
0.0528727448517055 -0.0530469505200122 -0.0913608428588114 0.0226372290913065
0.0162970514623361 -0.0688375841252968 -0.0391298959388042 0.0500995905748959
-0.0223330331970035 -0.0617577686978697 -0.00419343470608126 0.0349806043890656
-0.0315371127167127 -0.0527786211305802 0.00989081164005722 0.0199773864410399
-0.0331287631824758 -0.0578832500645735 0.0252597341782055 0.00537777927337042
-0.000676446606347257 -0.078740303991237 0.041699042601049 0.000614556586429555
0.0437425050043099 -0.0685481290207004 0.0599856719701774 0.0146514468656654
0.0902083447711141 -0.0444982608864496 0.0582027127156538 0.058084661847396
0.0952218504440203 0.0421170909503781 0.0164979422142237 0.0892313581831603
0.0371380385347771 0.111706568467666 -0.037501138108391 0.0630740977803467
-0.0196383006624604 0.133611822599977 -0.0234200944164035 0.024022795440623
-0.0484647029405852 0.108652215590784 -0.00786404020324133 -0.0231510485713314
-0.00315974013375437 0.121341900825607 0.0602922911204779 -0.0583035499943105
0.0707208293251207 0.0787526495858417 0.00597895274601265 -0.104715039805332
0.100908600335616 -0.00689596986133239 -0.0653636627927822 -0.07337742653189
0.065295700001885 -0.0582642092154122 -0.0770040159644471 -0.00503750052886701
0.0221104067444417 -0.0766069114834058 -0.0388464292479704 0.0194970672136199
-0.0221365563179012 -0.06958520025201 -0.0131773293304975 0.00706515697704217
-0.0344580459636966 -0.056364792509653 -0.00308931393119661 -0.00387576786167817
-0.0367056075887815 -0.0587484996603803 0.0132445127222323 -0.0188913536788159
-0.00444260479113714 -0.0788614208019181 0.0350257238506534 -0.025561325928359
0.0396636800672096 -0.0721008237049124 0.0632067723009185 -0.0115152563248985
0.0894903023737484 -0.050348084941456 0.0705691847957944 0.0372978437569099
0.0968660292290405 0.0392008979444149 0.0332499831903121 0.0758096431930431
0.0354743184538159 0.109161854846161 -0.0258694365584945 0.0480148353604689
-0.0238719108235247 0.128803305551465 -0.00621003798478208 -0.0133380767818322
-0.0553758582507852 0.089175949633714 0.0223435298995445 -0.0648837130067048
-0.0208474014841561 0.113592492016749 0.0750708320709863 -0.0787436561129184
0.0552173702182745 0.0852228271120567 0.0292607850289642 -0.105979125148257
0.0964841085725314 0.0037381236920298 -0.0363546373903865 -0.0824790562628236
0.0653740068554278 -0.0513557466720945 -0.0550123708822893 -0.0314454074400871
0.0229549917185869 -0.0708772456329678 -0.0344578604196935 -0.0124066245550492
-0.0190146857968702 -0.0654669579348273 -0.0212309948143725 -0.0208301516257086
-0.032197974081245 -0.051472681287593 -0.0153110547263692 -0.0272441746389134
-0.0350460730374613 -0.0517980406997742 0.000596237553893931 -0.0411498948089334
-0.00689939393917489 -0.0690492354915547 0.0267590466093542 -0.0481780779620608
0.0336111013908956 -0.0652384239879015 0.0626128811528453 -0.0336636281534761
0.0802559094793387 -0.0449748859870282 0.0757180735561651 0.0199755376267055
0.0845942204747235 0.0380807698996533 0.0425769118231147 0.0614668017966814
0.0244542435403146 0.0966034665747516 -0.0176686082619176 0.0334218307388637
-0.0291606139164313 0.1077043966476 0.00964416317076652 -0.0455884732378972
-0.0496067849626642 0.053590799480853 0.0500962311844006 -0.0974669250277256
-0.0299355093758228 0.0812742574251589 0.0851794867137998 -0.0939965003940108
0.0316006038013972 0.069314625180972 0.0468655669752047 -0.100864092508351
0.0704541476004677 0.00862892721388062 -0.0115916824987842 -0.0839907210182862
0.0499325793992453 -0.0363004818905006 -0.0331811147120631 -0.0502951372393854
0.0176852120424003 -0.0518587143583921 -0.0295380503089759 -0.0385310837912195
-0.0138696692778546 -0.0493029828423256 -0.0280593428582883 -0.0437244821761304
-0.0256663765373414 -0.0380954748513248 -0.0252471810331248 -0.0455899708893872
-0.0277000696540473 -0.038746377874283 -0.0100322412645088 -0.0587905872885324
-0.00659314170998807 -0.0520867602657065 0.020901392718365 -0.0660695778705779
0.0258834819099877 -0.0513952730674465 0.0630502751237561 -0.0490248452833579
0.0647026521767231 -0.0322348045702622 0.0784082938818909 0.00857427554228646
0.062783044447054 0.0371638568250605 0.0465523718993465 0.0507291155248441
0.00825461874097233 0.075944449971615 -0.0109590202980872 0.0221260054377871
-0.0339732791625416 0.0727496049689809 0.0248398174766103 -0.0668129821373205
-0.0335981192108869 0.00843727130907064 0.0684209794065186 -0.117223595431731
-0.02772555758964 0.0325942590815408 0.086066729510765 -0.102452844355331
0.0069665113907048 0.0355274065635191 0.053815791787903 -0.0961078530877867
0.0312059278911978 0.0056290961184805 0.00122434685501432 -0.0836385181991817
0.0231806411336529 -0.0164900058263044 -0.0215295246011992 -0.0610141583488263
0.00813815400403432 -0.0239659889882866 -0.0289907425161084 -0.0543007640755212
-0.00715573665677762 -0.0235201927703218 -0.0335057750241104 -0.0563690155390183
-0.0146223548955899 -0.0183071037744057 -0.0319826506595381 -0.0570234897349207
-0.0169742843947039 -0.0199300055197184 -0.016266059711132 -0.0702937241541464
-0.00619231832005356 -0.0301684115758532 0.0193536257671527 -0.0778866603781226
0.0152550219678094 -0.0332769525352834 0.0661235725236666 -0.0588472662144604
0.0433216224376804 -0.0171907591741287 0.0824719912778292 0.00311321464046055
0.0357161863004171 0.0318367746994498 0.048979698444574 0.0451146338213885
-0.00662552431258534 0.0480721088244513 -0.00544697459129284 0.0167940259325112
-0.0338760949619221 0.0298207988266446 0.0372694190232174 -0.0761419395885216
0.0204294784067437 0.0112971243326112 -0.0365975130075201 0.087943041173307
0.0101366999457014 -0.0151348601974354 0.0278039169761809 -0.00183674430202087
-0.0102614157360905 -0.0121062081124399 -0.0420313386781261 -0.0598823286750792
-0.0119104694338133 0.00807792678542761 -0.095667311569517 -0.0154926766686588
0.000966068695927891 0.00995486361684688 -0.0833506428773345 0.0641620919258931
0.0021844835979557 0.00178754204659726 -0.0276289050564951 0.0911366257475344
-0.000128616366660534 0.0015138532674646 0.0151855341246838 0.0776229454382481
0.000705432902024415 -0.00227694956948717 0.0340809883129547 0.0636195789323074
-0.0037660871351316 -0.00464591192945552 0.0403368090927571 0.0572322041730899
-0.00100349577508525 -0.00994452918601192 0.0354431925440758 0.0587184844556535
0.00545101968532832 -0.00585277482803908 0.0215834158156977 0.0654220851447833
0.00740946866387575 -0.00573277295211512 -0.00124027926081616 0.0830784327000663
0.0156202849922011 4.42644347119084E-05 -0.047538165147564 0.0897413615863278
0.021623377984621 0.0167548053017677 -0.0918896344113738 0.0874631913079177
0.0111466507908001 0.0328560333661605 -0.0777919020029435 0.110607572086455
0.0077695745504432 0.0516622563934072 -0.0443869918027334 0.0784516609568355
0.0188193200182914 0.0239016851562652 0.0294123022055771 -0.0054602731234307
0.0198460849238379 0.00431247556490508 -0.0395941054429866 -0.0679317276110681
0.0184591719703774 -0.00486032174485977 -0.0987958302111325 -0.0237757621078011
0.0163057174382678 -0.0132133094958795 -0.089900372902406 0.0581861541985433
0.00504356884476934 -0.0240974964175791 -0.0315994602585046 0.0863061682975555
-0.0103167321234575 -0.0215941628894502 0.0109769296414944 0.0715599499161358
-0.0117183111653963 -0.0235368754837233 0.0299135694920001 0.0565865719117841
-0.0140654183424585 -0.0295025098898798 0.0398303993447576 0.0471021022486323
0.00504155185563832 -0.0416676304645153 0.0404616606343173 0.0483591961456947
0.0302912100185133 -0.0290903222786186 0.0332003675143166 0.0591300970999636
0.0488868320462103 -0.0107479899327898 0.0132323631917148 0.0829649754193588
0.0458151675075143 0.0305136542974978 -0.0320337281087884 0.093467596958817
0.0202394513890904 0.0656642768919831 -0.07421127827424 0.0823707692291608
-0.00797987134467665 0.0807928780015868 -0.0630343962060349 0.0913646057894082
-0.011414049068476 0.0855524055880909 -0.043355022726093 0.0541896498822995
0.0195989058934761 0.0652616001634494 0.0355545517380418 -0.0164654845007465
0.0477754772343409 0.0272116191953173 -0.0303392049501122 -0.08127615596026
0.0520265447663643 -0.0136898552982648 -0.0972121867632454 -0.0391806200635377
0.0344682174930412 -0.0355395268089836 -0.0938877267588187 0.044172365545832
0.00992171697657358 -0.0490978953909951 -0.0368458961915248 0.0719221983780383
-0.0177970379528665 -0.0439168935852431 0.00360554792606855 0.0568724786554127
-0.0224310928985307 -0.0410310753337265 0.0209807250207608 0.0413181610808249
-0.0243150434570494 -0.0480116260286841 0.0342763730129617 0.0285256994583136
0.00465145970091582 -0.0657556537133198 0.0434271428320658 0.0275891017592937
0.0429858921974283 -0.0518891241293427 0.048409238172224 0.0417850547926901
0.0774931020974784 -0.026117719497042 0.035377927582998 0.0754236290685512
0.0750028288470334 0.0434004608416741 -0.00888236514329102 0.0942482765630751
0.0272696717790192 0.09815105790516 -0.0545997046372426 0.0739570366541124
-0.0178888225785329 0.115267943998768 -0.0439856152337113 0.0610654504790688
-0.0325254803549869 0.10514004746801 -0.0304055272925163 0.0193099761212991
0.0109309270217816 0.10144662290479 0.0469166763305474 -0.0346115121934378
0.0663722067575523 0.0551285867290669 -0.0135010236968826 -0.0946901797010018
0.0826438751161109 -0.0139553327783604 -0.085733390597101 -0.05773400575248
0.0524175670737771 -0.0519166570120233 -0.0899767946202213 0.0217899560311441
0.0164853621240292 -0.0681011814135396 -0.0397623306602863 0.048803174955853
-0.0215871577951385 -0.0614142619166897 -0.00530227396387333 0.0344322031341456
-0.0302650657400582 -0.0525047920411614 0.00969443323291917 0.0203364575060822
-0.0322885830056016 -0.0576402870035525 0.024773945392095 0.0055069017776534
0.000293435504788874 -0.0781255922950535 0.041591733852117 0.00152289205957916
0.0446850661427602 -0.067223203972004 0.0591258779644173 0.0157985451656171
0.0896960992864176 -0.0427879174067459 0.0561192401767572 0.0586150875407338
0.0938504090307295 0.0431034812797255 0.0145627316228715 0.0878961590163357
0.0345307297785197 0.11155612143737 -0.0384841243037906 0.0613204874495637
-0.0226205310528598 0.130972147696068 -0.0241296001834687 0.0237823961170611
-0.0499055108957591 0.105795538371217 -0.00685172352566156 -0.0225409588513254
-0.0062381091806569 0.119997286586132 0.0611502036199406 -0.0554248938512697
0.0678507163320989 0.0782805436203269 0.00896694605689924 -0.102427181059126
0.0996536814306169 -0.00553155490352687 -0.0623791377164787 -0.0738675487150957
0.0649492059767211 -0.0568165841580568 -0.0760565551986168 -0.00624973069551738
0.0220959730286511 -0.0762230089876371 -0.0389754208836704 0.0188404581770282
-0.0208363070881816 -0.0694106584191079 -0.0138394795155358 0.00684014395754421
-0.0333249492146424 -0.056362844799844 -0.00335225691907134 -0.00361046395372039
-0.0354197138156644 -0.0579270492910274 0.0131669611200022 -0.0185116646444792
-0.00444897748831117 -0.0781816289613841 0.0352998070079662 -0.0243365916638593
0.0404251049019243 -0.0710296733838952 0.0632190930481108 -0.0104667095629367
0.0887548429290628 -0.0484790549755175 0.0686162649359571 0.0383477612216058
0.0954595115250017 0.0402032228226819 0.0310494827052677 0.0750925481453021
0.0328920837988366 0.109031415887995 -0.0263121604715486 0.046983672045583
-0.026792159887421 0.126725830836192 -0.00666305316927674 -0.0129237645311676
-0.0561076285179138 0.0864260869646836 0.0237259176626044 -0.0630727250298195
-0.0227055071184134 0.112271802301185 0.0760031364336427 -0.075362443167936
0.0528481574312249 0.0850707643164463 0.0318180483998096 -0.103371228622568
0.0947738695324429 0.00555726303042317 -0.0339423116231383 -0.0817964447268133
0.0650153370171838 -0.0503108197827012 -0.0535492630101189 -0.0318783506518079
0.0227703766040588 -0.0703717583567454 -0.0343854551956273 -0.013515412876335
-0.0182374732904786 -0.0655886609369623 -0.0217568616593183 -0.0208777766560938
-0.0312236817557467 -0.051172305182198 -0.015302279973263 -0.0263794559364004
-0.0336480783104441 -0.0509260287819839 0.000848476910677697 -0.0405484735395417
-0.00607991265768136 -0.068457723099366 0.0270858748241823 -0.0470468716117979
0.034352381300994 -0.0639808367427768 0.0630068004482936 -0.0322912434702627
0.0795675088360152 -0.0436067849557202 0.0740999296795405 0.0210287000677783
0.0828911762472998 0.0386435519577024 0.040623080598373 0.0610281433444581
0.0221106717022631 0.0959056814002002 -0.0182379480879341 0.0328333965860134
-0.0312754674363507 0.105352176109647 0.00970827152615028 -0.044260800746641
-0.0499196485425819 0.0513343747748661 0.0516456829319013 -0.0949927333466
-0.0313130248113929 0.080109065305012 0.0864304769449704 -0.0900815899058603
0.0294828794078186 0.0690434062535407 0.0489049839647923 -0.098020725258075
0.0692811843614567 0.00975280218605165 -0.00930532419170655 -0.0827610893570887
0.0496016294066524 -0.035456861842198 -0.0316214047582053 -0.0505457539029026
0.0181309848869051 -0.0514510837693173 -0.0293757937243947 -0.0395967058886895
-0.0132677650828935 -0.0489990370389345 -0.0282462324230325 -0.0439342697267432
-0.0245061375808246 -0.0375159848927199 -0.0249462283331631 -0.0451452245424892
-0.0265866394189115 -0.0382955057577096 -0.00956794035357103 -0.0581900408419894
-0.00601945967606724 -0.051355383404213 0.0223036951302378 -0.0646714388904488
0.0264423328986422 -0.0501753296366104 0.0633392973591131 -0.0477622109300776
0.0639062729670399 -0.0305809101505364 0.0776672568736511 0.00986866870876234
0.0615521888652269 0.0373183546682362 0.0448574959654373 0.0503809263614432
0.00669577939351222 0.0754161864958425 -0.0113319170140033 0.0217846886341471
-0.0349568883983516 0.070867837775882 0.0249957607696191 -0.0653204313444126
-0.0328979427736171 0.00741581792482493 0.0702724580667481 -0.113883923973756
-0.0279777314810596 0.0310190279422507 0.087147702115479 -0.0989049000310995
0.00601220824967893 0.0348387029117454 0.055843453558914 -0.0935050625832218
0.0301478755664052 0.00640487885076082 0.00347527696467937 -0.0818690627364139
0.0227151967013009 -0.0159775447500112 -0.0201848631182907 -0.0609648822077213
0.00850122627648246 -0.0235298306911612 -0.0277899061656879 -0.0546748561621605
-0.00659733010704035 -0.0233997576652824 -0.033788198744248 -0.0564515492671818
-0.0139201510676327 -0.0180541628872564 -0.0313853659877933 -0.0562991419546005
-0.0157766268228806 -0.0199822392641951 -0.0154696912657149 -0.0693422163548367
-0.00568293210460112 -0.0296319060218649 0.0204319986218613 -0.0766333100313309
0.0155044457407846 -0.0328119820737784 0.0663306867631757 -0.0570507029274311
0.0425282468568024 -0.0163905548207999 0.0815803268996257 0.0044769663011198
0.0348652588697551 0.0319071715932232 0.0473098714612857 0.0452884785576408
-0.00767053002748756 0.047175531237341 -0.00615385925803711 0.0164394155360076
-0.0335328890305348 0.0282418572577712 0.0369352740047858 -0.0743926751977755
0.0201086113517477 0.0119305517723988 -0.0376717823636852 0.0882059406072744
0.0105562652521226 -0.0151819308479384 0.0284803055166154 -0.00156704032425751
-0.0105137330679455 -0.0125077077544325 -0.0418473689749674 -0.0618229771134509
-0.0122739852359814 0.0081175396614585 -0.097869229924996 -0.017298911335201
0.000785807531471187 0.00984638705675292 -0.0855314813520291 0.0644197892966166
0.00216472437555778 0.00212630785920304 -0.0287231893885698 0.0932916479290118
4.00594024693927E-05 0.00182702736022909 0.0142190066987534 0.0797548961373094
0.000690406276769212 -0.00245533940969058 0.0347897570122339 0.0648026227512477
-0.00418925387966723 -0.00472474587714814 0.0408797283844142 0.0588325359509567
-0.00120238107052165 -0.0102584586374269 0.0361799965370523 0.0611404686756006
0.00639105854088541 -0.00613808546015015 0.0206242727316726 0.0670650524186638
0.0083586847392495 -0.00587812176805106 -0.00299325368903324 0.0839132709846456
0.0156218220024581 0.000787818705629503 -0.0508971933180518 0.0894066928363381
0.0216913972071366 0.0171810783134316 -0.0948939562080343 0.0877787843794872
0.00949351092579816 0.034178719585238 -0.0802064838132121 0.111393852740119
0.00662330324783847 0.0526873851435127 -0.0457645769225244 0.0791021946506555
0.0187404000267485 0.0247203738017895 0.0305497912545738 -0.00499984981335654
0.0199519923491348 0.00410773791499661 -0.039346650283533 -0.0698667464069469
0.0189926113846887 -0.0049689349949062 -0.100565908593374 -0.0257984539601175
0.0164284452012991 -0.0133432906610053 -0.0918040756008535 0.0587058947386728
0.00510215505826025 -0.0242811543544156 -0.0330096615060988 0.0875768859315808
-0.0101856276562133 -0.0225525716241372 0.0103187240043004 0.0730942402757254
-0.0116320294605957 -0.0236929886553364 0.0302705884216177 0.0575706636225578
-0.0144808356712313 -0.0303209636651747 0.0405307205522496 0.0484943119115895
0.00533947354959602 -0.0429757525467002 0.0411297593922928 0.050168474862508
0.0315798622221019 -0.0297733875289165 0.032987021831594 0.0610055547225341
0.0499645424730193 -0.0107070380539763 0.0117180044485406 0.0843802484912417
0.0462756606997522 0.0319585292491551 -0.0345386692635314 0.0936846466694089
0.0189360556773112 0.0674846474571436 -0.0765166748186835 0.0826579970819345
-0.00975475142828157 0.0821170555870566 -0.0653615270316137 0.0925846430347302
-0.0128946259956294 0.0863980749322473 -0.0448496943208998 0.0547756980079844
0.0195316046172759 0.0673420499816571 0.0369832897375808 -0.0161690120891694
0.0478841879921818 0.027996909080641 -0.0291554223026759 -0.082844470579979
0.0527967295261141 -0.0133185982931896 -0.0980958532915572 -0.0419363396617289
0.0350233868171715 -0.0358363372332342 -0.0954903461021148 0.0442654547179303
0.0101094296718351 -0.0495718212375359 -0.0383959390753448 0.0731568535463346
-0.0176571589795329 -0.0449953629636779 0.00283980960298573 0.0583127872609367
-0.022693642090068 -0.0416990555503161 0.0213502755315122 0.0423833726897829
-0.023774005711356 -0.0483989162851946 0.0350810663776548 0.0296543040946514
0.00468189513384005 -0.0673208706893732 0.0442123878514173 0.0290214066703244
0.0442496238202659 -0.0530000285737529 0.0488595688890847 0.0431952750458661
0.0786444845033513 -0.0262583355089493 0.0344208560316986 0.0770531126530982
0.0760310530415686 0.0449749528837339 -0.0108534832487468 0.0952918958871819
0.0258104715102464 0.100714136642978 -0.0571484900604301 0.074724622384967
-0.0207425147587369 0.116837577766188 -0.0456216192981573 0.061855562163543
-0.0347968334142738 0.105203409169172 -0.0304752062628247 0.0195832271657379
0.00982311522637434 0.103579918144183 0.0490269914786094 -0.0331039762616957
0.0660872959296277 0.0565013811361841 -0.01215607871888 -0.0959281245161535
0.0837199651970782 -0.0137447186193097 -0.0855831607118159 -0.060194001106832
0.0535233324307846 -0.0527596415641699 -0.0915274241083647 0.0216059932749304
0.0166640560491055 -0.0695690464838826 -0.0412667253981845 0.049303330820226
-0.0214930909328746 -0.0629977167249985 -0.0063194278642351 0.0352566415058648
-0.0300958478753029 -0.0536272957121205 0.00909131686080581 0.0210967076577945
-0.0324381919990534 -0.058151742066905 0.0253535372874891 0.00595962086688292
0.000466779703658401 -0.0800803611935696 0.0424535385637396 0.00244801077683191
0.0460567218665735 -0.0687271248418076 0.0607156384029721 0.0167541583174223
0.0914803038405132 -0.0428458602499088 0.0557434111418274 0.0606051455345898
0.0950390993136452 0.0450602999903486 0.0129582503395635 0.0888006331429226
0.0336414910630108 0.114470614091589 -0.0404709938897952 0.0620039222957355
-0.0257108446311672 0.132359123665312 -0.0258306073885112 0.0246275056971427
-0.0522572936665565 0.105602528312011 -0.00578516756150832 -0.0226342178619391
-0.00769728264708808 0.122257627769404 0.0638767401364685 -0.054228211980428
0.0676900737459694 0.0803243754115736 0.0113235229170973 -0.103939573188465
0.100770385426391 -0.00454448078375126 -0.0617574187149938 -0.0761426038050486
0.0654882085194466 -0.0578946887082707 -0.0765424429183721 -0.00630504852595695
0.0226836542454294 -0.0781655253431773 -0.0403133300269239 0.0184229557998569
-0.0211544671519661 -0.0710983327816064 -0.0150131663158701 0.00680760562032461
-0.0329434954770173 -0.0575666013147921 -0.00363792842454945 -0.00297642554780703
-0.0353306616331798 -0.0590490397922468 0.0133182615086195 -0.0185322748279969
-0.00390341988982154 -0.080055592083905 0.0360231393772799 -0.0240562886307181
0.0420154421191744 -0.0719833634850688 0.0646461403198176 -0.00974368328629089
0.0906827586995746 -0.0496144224734761 0.0691384431677524 0.040671842921626
0.096876902138659 0.041759487104441 0.0303162614537237 0.0761911209324427
0.0321093793613599 0.111775787281982 -0.0276637029458037 0.0474221039891789
-0.0295073111805602 0.128292811155128 -0.00740412958573867 -0.0130299088706009
-0.0583954593011831 0.0862699170417104 0.0254444954491517 -0.0631950342579619
-0.0247564539969427 0.113966762083315 0.078784681084046 -0.0745472192118938
0.0522814489058555 0.0867112649140559 0.0348364554131571 -0.104144382638834
0.0958599608022943 0.00661601454110762 -0.0322483392287747 -0.0840403990644019
0.065850090468385 -0.0507251352607749 -0.0534568374843674 -0.0322314187074978
0.0239867051739917 -0.0718162703926025 -0.0351608276848099 -0.0143657890973894
-0.0183203200211096 -0.06695724907088 -0.0226367408101266 -0.0215614357114596
-0.0313039516684025 -0.0523629974870377 -0.0158101882206311 -0.0264921917955298
-0.0334649062356818 -0.0519376746230268 0.000820540784730218 -0.0411688300756616
-0.0058473846384209 -0.0698924388067222 0.0280190027454726 -0.0471557716101155
0.0355475226191971 -0.0649495067057235 0.064811089156471 -0.0321394962096747
0.0808752792996512 -0.0440024713109274 0.0750207537401388 0.0228893986352439
0.0839221714300253 0.0402832418648832 0.0405051718120043 0.0621972832966823
0.0213417232280511 0.0981894407352833 -0.018888932905295 0.0330113909875927
-0.0332800226133945 0.106089270112381 0.00901332851791346 -0.0447158290436657
-0.0513064161251804 0.0510971796979571 0.0548745862816757 -0.0953359374736565
-0.0323881085821527 0.0808051434057463 0.0891529133488572 -0.0891935860584796
0.0287651734923204 0.0703550572100257 0.0519578231158097 -0.0988028484231221
0.0695229477572983 0.0108546328662453 -0.00773124911460646 -0.0840226116852196
0.0504312892106361 -0.0356718128184608 -0.0315921478077285 -0.0513769315172144
0.0181596853382232 -0.0524828942977212 -0.0297274382900915 -0.0407666302123578
-0.013318435946752 -0.0500220083993482 -0.0291381627321136 -0.0448669969780056
-0.0243526168034897 -0.0383800929094547 -0.0258296450204102 -0.0454656719577714
-0.0258754249418772 -0.0386291985506352 -0.00943033575286052 -0.0586822380519139
-0.00590227923264127 -0.0520977694336717 0.0229855699821745 -0.0656230237988446
0.0274857657424672 -0.050674588671458 0.0653872909916957 -0.0478039022561315
0.0649417028305506 -0.0306787919583602 0.0789912519899729 0.0113453396628639
0.0620453318967076 0.038436404841825 0.0449278397783158 0.0516083242999462
0.00569672371954019 0.0770386073841729 -0.0121740267589279 0.0216456014902462
-0.0361908185932616 0.071519326126683 0.0247426888686278 -0.0658775930935857
-0.0334473488632247 0.00632861069478657 0.0733128368871486 -0.114313677730293
-0.0288780963078885 0.0310525000767874 0.0902403308433277 -0.0985922413329909
0.00573093827566734 0.035484174962463 0.0588965660953819 -0.0940121297779129
0.0301638930512447 0.00688989837558149 0.00524940440333826 -0.0826870135186748
0.0230307912416754 -0.0161099437758247 -0.0194961878080165 -0.061644755817081
0.00819007474736225 -0.0237933799821102 -0.0285592613758786 -0.0565843612138802
-0.00676421644521088 -0.024285490030737 -0.0348075723460325 -0.0574650355994024
-0.0134869523001326 -0.0186320706579498 -0.0318675291438788 -0.0567009053593926
-0.015700483057943 -0.0202637023324996 -0.015461494793737 -0.0703604420236036
-0.00527761237525343 -0.029827285017646 0.0214821087794199 -0.0775987464264497
0.016171288592247 -0.0325828236576969 0.0684993024150809 -0.0578931949184328
0.0432583411819706 -0.016214491210608 0.083260579165778 0.00622928572013155
0.0352180254551027 0.0327963301935988 0.0472336788134519 0.0468748307008618
-0.00841540885588543 0.0475171033178811 -0.00697396987800245 0.0163876873308467
-0.0343030585221646 0.0279351333254964 0.0373661280414681 -0.0743168038524663
0.0200719561757741 0.012077369479838 -0.0379654745621427 0.0912069778354801
0.0109788244199487 -0.0158346816614915 0.0303060952375537 -0.00229661320152141
-0.0111520024742853 -0.0129239432254575 -0.0436490190082873 -0.0636364538480034
-0.0121328045893711 0.00837291476797952 -0.101853368690711 -0.0167428489946564
0.000672775485454406 0.0106125880423408 -0.0875263144381178 0.068425745561191
0.00212635927052463 0.00225942864403016 -0.0281470325861841 0.0976777555218008
-0.000147104916712752 0.00161852363200936 0.0162173477625441 0.0819251180316162
0.000351430248535445 -0.00268815517015758 0.0377422234913138 0.0658526347101776
-0.00447984944815867 -0.00519205401441812 0.0443836244549676 0.0601661624936235
-0.00162264751377299 -0.0107670662908238 0.0382293745551407 0.0632798224038547
0.00659839022854282 -0.00670346253642439 0.0215527343873127 0.0698090706098659
0.00862832642347639 -0.00624629551535213 -0.00256345056232951 0.0863463717180953
0.0162791167637375 0.000979177918315807 -0.0525811901600847 0.0925224247129622
0.0223334426213056 0.0178146771400467 -0.0978710462935694 0.0918396936798342
0.0101618340463828 0.0350702905245762 -0.0820241742795318 0.116468829047617
0.00676491076917718 0.0539068564686562 -0.0459879323178882 0.0820551596167852
0.0198271972248778 0.0257896756195477 0.0324657850243366 -0.0054026521949768
0.0202890111916851 0.00394566374747774 -0.0408782433916298 -0.0721223081218707
0.0195233931898543 -0.0054862647350766 -0.104712355425093 -0.0259640263511641
0.0168533347271884 -0.0142267029597857 -0.0939994742302643 0.0622272947113876
0.00469609679837824 -0.0253390305422566 -0.0328647689624427 0.0915511709173907
-0.0113174919136946 -0.023163101649341 0.0119876089148241 0.0756863064318299
-0.0128721305996881 -0.0245337781946119 0.0325551438709751 0.0591317183321738
-0.0157786200929039 -0.0312506057755676 0.0432070201408631 0.0495920999037979
0.0042099680226772 -0.0446130437020927 0.0435042401221072 0.0521073548546777
0.0325403925474304 -0.0318481651501958 0.0344641199870896 0.0633632979813254
0.0519688407983316 -0.0119956082077584 0.0123815967818839 0.0870939901265958
0.0484018203318598 0.0330290075188717 -0.0357955489078752 0.096745989061327
0.020405041907625 0.069965795715894 -0.0792346941163359 0.0864899764145739
-0.0100823580439116 0.0848427078201881 -0.0670674936579472 0.0965745866530103
-0.0131986737673422 0.0882732243415847 -0.0444793972913864 0.0571426061318142
0.0209867853500505 0.069694954526574 0.0393789597959338 -0.0163844963735841
0.0498667346047307 0.0276523757509176 -0.0306232261159617 -0.0854678004433956
0.054520714826954 -0.0149103195281269 -0.102091677351221 -0.0423117332067265
0.0352526871093245 -0.0381083247550029 -0.098142444958274 0.0473737976495782
0.0089762023717512 -0.0519735971440617 -0.0386813729517002 0.0765075991477999
-0.0192432216027133 -0.0465173965996246 0.00360471809419951 0.0604672390530077
-0.0243375063097159 -0.0429652595707319 0.022913771400277 0.04387959408203
-0.0262401057988909 -0.0499607839065968 0.0368904136507353 0.030222923857401
0.00323265399622954 -0.070307725067697 0.0467529217566889 0.02997613634193
0.0455735680389505 -0.0560569788944556 0.0511911027356933 0.0444930347170182
0.0811065632756909 -0.0287752694234022 0.0362887762716795 0.0796994935092498
0.0793476177532261 0.0458063643421515 -0.0114574777565247 0.0977923675373752
0.0282970385977186 0.104221263024493 -0.0586043977060711 0.0776256668647576
-0.0209162384099054 0.120997794762429 -0.0467935221440635 0.0649744254113312
-0.0353322582411099 0.10837611907773 -0.0309035130689309 0.0205937765232388
0.0115553708460855 0.107432511393272 0.0512714623801075 -0.0344051769013428
0.068905709645502 0.0573751611245155 -0.0124922935937308 -0.0987858575100755
0.0863868233251454 -0.0152702424551898 -0.0888751925122151 -0.0616223798262968
0.0538655773980747 -0.0554459023716524 -0.0939080019231487 0.024355154818294
0.0155530457978002 -0.0727724233063052 -0.0417593375300498 0.0519385954554302
-0.0238963839659857 -0.0650560355897222 -0.00605234138339697 0.0364388078125709
-0.0320692480869075 -0.0548560691368178 0.0104741785691627 0.0222586179179891
-0.0342616418499201 -0.0598421004182579 0.0264602060102789 0.00570338372300346
-0.00146706312711531 -0.0834626237080494 0.0443718237784363 0.00243196793617925
0.0467694239814265 -0.072169843901583 0.0626310669808802 0.0170644706718865
0.0935572114203049 -0.0463810168666384 0.0586877852092023 0.0627635729195398
0.0987701676436493 0.0456162847145688 0.0137459376883542 0.0912254180663624
0.0358838101635026 0.118501145430561 -0.0411191612079702 0.0649453859239324
-0.026010420445634 0.137302323727513 -0.0268074546782218 0.0259239486352314
-0.0533871985165243 0.108941558343803 -0.00570157894003768 -0.0227674408897017
-0.00663469797491502 0.12690613956985 0.0659796615476334 -0.0559379793382543
0.0703728283641644 0.082009500627721 0.0113627573736861 -0.10710044889977
0.103857653247491 -0.00613423832080095 -0.064364144156437 -0.0781305965601192
0.0669676336809898 -0.0610690940952628 -0.0788142124993299 -0.00501436696087344
0.0214547704242798 -0.0813256528496131 -0.0417101646366741 0.0194051912634082
-0.0236993171630712 -0.0737060241051375 -0.0159211238741644 0.007510561351358
-0.0354977025361377 -0.0588682298326404 -0.00391396204727756 -0.00239186851246526
-0.0375915801287788 -0.0601413074976527 0.0134330544953221 -0.0195166140266298
-0.0057674570407271 -0.0832117185209412 0.0368983462797385 -0.0252386396421573
0.0426052326086565 -0.075826115596784 0.0668106968683463 -0.0113369366252666
0.0924964843221993 -0.0530665057655517 0.0720201421424319 0.0417833701577702
0.100848819378884 0.0420089364360504 0.0319329087264468 0.0779199344125992
0.0344563186599859 0.115826346031279 -0.0283595928758917 0.0494487441706888
-0.0297057782810828 0.132851232713454 -0.00875150418987601 -0.0127937380597229
-0.0600784595295062 0.0891832195982926 0.0264338356356311 -0.0650100409477567
-0.0241324330524483 0.118717744183078 0.0811289333035762 -0.0767646076378463
0.0545691722337374 0.0887711504242542 0.0358140333732828 -0.106699301708238
0.0988873427598616 0.00538413403680513 -0.0337697099211538 -0.0863816593324487
0.0669488366204272 -0.0538837604474472 -0.0553954999383982 -0.0320299184014064
0.0225072054322156 -0.075160157793298 -0.0369943669297941 -0.0144537447591935
-0.0207126435280364 -0.0689768206394941 -0.0245467865859184 -0.0223592511785058
-0.0329263643067681 -0.0532434229660699 -0.016973197345736 -0.026477409633445
-0.0351970371158205 -0.0528263013067038 -9.35549993865075E-06 -0.0420526845672138
-0.00795494267409221 -0.0722539944843397 0.0286573896877918 -0.0492005399295626
0.0359501194986394 -0.068070951914538 0.0669001121243958 -0.034491161206785
0.082287965367973 -0.0472650196911699 0.0779487226117238 0.0232629465891438
0.0878028664582554 0.040061934947775 0.0421319529021293 0.0636642858801814
0.0230859311290269 0.101601990976594 -0.0195213019717601 0.0342458580576556
-0.0338930101226227 0.10984713131687 0.00780560587533078 -0.0453226219189235
-0.0529058317103955 0.0529380589675191 0.0562289592362538 -0.0988975070438584
-0.0329593091574774 0.0839137882567053 0.091948324632337 -0.0923192553109284
0.0305178181769535 0.0725462268554902 0.0536694276503689 -0.101589034946342
0.0716886030518569 0.010409544427171 -0.00773307550131207 -0.0865116210117004
0.0512226800151429 -0.0379503559395252 -0.0326994328216113 -0.0520482155325641
0.0173162601562265 -0.0548025224267704 -0.0318574346884097 -0.0421776857045752
-0.0150261436034865 -0.0515304706693604 -0.0322587812314276 -0.0459939156442008
-0.0252926254589292 -0.039478111884246 -0.0279175247811417 -0.0459528730213807
-0.0273941535750751 -0.0392287671122848 -0.0105101407872332 -0.0603674394203697
-0.00689503584966833 -0.05378162376554 0.0232753436681659 -0.0681722763127394
0.0276314737111032 -0.0527298392568932 0.067056647413226 -0.0507901871927095
0.0662282703825599 -0.0332971656090994 0.0818591429107581 0.011377102267158
0.0647614883428168 0.0389615466640282 0.04724336531563 0.0530078433944131
0.00682259737636507 0.0796561932730987 -0.0130691322831988 0.0225286150171574
-0.0369609534825638 0.0731627978536431 0.0235071576601107 -0.0678550148098003
-0.0341435185693527 0.00676872062142992 0.0754446070661744 -0.118965369357949
-0.0298136561274201 0.0319371901323401 0.0923034092250458 -0.101668574549969
0.00625647673247445 0.0366258389096259 0.0605861490853903 -0.0978226226997807
0.0307061268465437 0.00722666720962507 0.00515276485515144 -0.085614734253099
0.0231907998619308 -0.0171907290795287 -0.0207295757804246 -0.0635348739936449
0.00823948618608467 -0.0246210904866484 -0.0307874277250819 -0.0585077020140514
-0.00717707864267729 -0.0247667619883968 -0.0380683043502179 -0.0588288504121261
-0.0138296063439754 -0.0189829121712357 -0.0345882312682924 -0.0574406488663349
-0.0155445557605172 -0.0203266208013358 -0.0172618525510956 -0.0720208440437469
-0.00567787201212817 -0.0306853587103278 0.021127995992267 -0.0806045364488568
0.0159963027774847 -0.0340146377852097 0.0704525408150183 -0.0609058892755806
0.0440721672082183 -0.0173815721633703 0.0863559846515133 0.00521138948208737
0.0367323569267236 0.0332475763721657 0.0495202501908631 0.0478547290290845
-0.00853346894918192 0.0492603992542806 -0.00723940350528363 0.0171519823858321
-0.0348788294007739 0.0284809762518329 0.0364737806157623 -0.0775887135232168
0.0203681120058093 0.0118915915171465 -0.0351597367169421 0.0951579034993842
0.0104836004889982 -0.0164837409717933 0.0310484702847726 -0.00349475450671214
-0.0119005625435675 -0.0126964011371786 -0.0483630889452583 -0.0639144151499317
-0.011529209939756 0.0085428360491797 -0.106176210700172 -0.0129207151141395
0.00140720182490914 0.0107476611892055 -0.0871384576679001 0.0743306979001541
0.0022441789831541 0.00277015373480695 -0.0234789108793766 0.102149250221232
-0.000104176626581314 0.00176067586701771 0.0213501516928168 0.0840520100353108
0.000134449635129175 -0.00287987822243834 0.0422138838953507 0.0657279588074909
-0.00500490915060558 -0.00536252321852683 0.0491305340313585 0.0596673463689476
-0.00289302510849125 -0.0111009036434928 0.0428107337012878 0.0634727444622186
0.00678266455231398 -0.00747349530199421 0.0248901526582717 0.0719633489535487
0.00879569458213673 -0.00671507840206194 0.000401540380613305 0.0883879247502099
0.0168160758772006 0.000690766080313358 -0.0512899363743127 0.0972905790499329
0.0235146242425293 0.0172216235981157 -0.097469662489896 0.0988852165050461
0.0112389190810726 0.0356963674297505 -0.0791067572624909 0.123438195838682
0.008547399236373 0.0550017563060102 -0.0437151134980269 0.0858407234080303
0.0219383010418617 0.0254105968006927 0.0338469498138793 -0.00707801479021419
0.0208986965209113 0.00254864838206959 -0.0455056418808492 -0.0724651438520171
0.0198839260960688 -0.00719616411062004 -0.109355783080391 -0.0224301308597023
0.0166285895870485 -0.0153841526521302 -0.0935835767576885 0.0684657190142516
0.00316325084245116 -0.0258296200370367 -0.0291173295798967 0.0964316824348125
-0.0129759202190494 -0.0232049140454853 0.0160397105098919 0.0775805625380073
-0.0143639954958716 -0.0247974548752357 0.0371967428094329 0.0590034257868485
-0.017739404667263 -0.0311853689779391 0.0470499898691822 0.048432205005781
0.00180707433719104 -0.0462394469559508 0.0476565049671687 0.0523634635532591
0.0325300696490314 -0.0348313446676502 0.0381581711813254 0.0640999145446222
0.0527202354037039 -0.0148587051379978 0.0161965011949009 0.0891505269698896
0.0514754943205398 0.0321607870786395 -0.0337016158671878 0.100856561696519
0.0241293592852385 0.0711977403048835 -0.0785530956441397 0.0927757559149041
-0.0073149494392143 0.0878880725861264 -0.0649360080815405 0.102641059382112
-0.0106467318641786 0.0909893276401832 -0.0433974103543492 0.0608254675804426
0.0245889174603928 0.0710307997961783 0.0404156393291472 -0.0182171855176201
0.0518037208360043 0.0257559653416216 -0.0349240846995029 -0.0862622742849129
0.0548935089766126 -0.0186230579429122 -0.107173424751439 -0.0392105120409087
0.0342944369431265 -0.0406333993629641 -0.0981446070290858 0.0537398941386372
0.00617173732860557 -0.0538672554453098 -0.0360635056083154 0.0808918107044207
-0.0222555314316565 -0.0469456591542746 0.00639634673737371 0.0617522034425463
-0.0272206614421666 -0.0429708066944154 0.0259290195019234 0.0441112225826708
-0.0292512295118064 -0.049999777292223 0.0399309102809171 0.0290531037251805
-0.000669464206617932 -0.0725384438476649 0.0501421948507153 0.0293235926660305
0.0445883186580956 -0.0604989158434966 0.0543729582265658 0.0435321437579983
0.0820355615458928 -0.0335812445086972 0.0405460314227862 0.0806875652742342
0.0841789887599794 0.0438561667003234 -0.00825784149168407 0.100767484435149
0.0333680555440571 0.106415230629471 -0.0575213928496263 0.0826840998050974
-0.0170500699576716 0.125488748907399 -0.0462396263747017 0.0691942172197142
-0.0327807806924104 0.112461589630234 -0.0301884078581437 0.0228245508288455
0.0169792342871218 0.110475543582274 0.0523774630686934 -0.0368561104258108
0.0729854588617462 0.055825580169982 -0.0165885739429277 -0.101257588288303
0.0876259437272478 -0.0203233460454314 -0.0943100869982407 -0.0594914068709382
0.0525399257205208 -0.0597540447471619 -0.0945184067689617 0.029874334778652
0.0115494442550503 -0.0759795134662568 -0.040804768342031 0.0553952077035097
-0.0284417017554523 -0.0656736644509145 -0.00490524635898738 0.0377124513357441
-0.0361261381086318 -0.0550662124685465 0.0116047954185976 0.0226306296056225
-0.038298729901825 -0.0595342427969043 0.0274787758918414 0.0045229967699569
-0.00647632193231958 -0.085855563436952 0.0458276399685994 0.0005972887057111
0.045317202940311 -0.0773779218612437 0.0653223425085612 0.0143697806450638
0.0940532701255032 -0.0524555011714419 0.0632080847444143 0.061966585723523
0.104058693912415 0.0424541417206834 0.0178625422042265 0.0924713856124264
0.0424485651578035 0.120831308156761 -0.0401551853108556 0.0686140972661672
-0.0213717518307225 0.142419810496533 -0.0274410664421391 0.0284278001683607
-0.0509605220757184 0.113406235762582 -0.00620145139966159 -0.0230684977606484
-0.000682384576552012 0.131500334471708 0.0665812012551515 -0.0597599729993618
0.0755447642181436 0.08111841184355 0.0084277726748722 -0.11039241519929
0.106099142740363 -0.0115895077929474 -0.0692263196616411 -0.0778216075846843
0.0653060220490353 -0.0661895088067812 -0.0805223745484596 -0.00057659453206483
0.0170785294981713 -0.0854280213425359 -0.0417877768425504 0.021884148011493
-0.0288264514566925 -0.0745707471290311 -0.0168511107286879 0.00830671564374487
-0.0394057284059051 -0.0583861903718285 -0.00399666729362919 -0.00195698310039017
-0.0416068248295359 -0.0599443366791554 0.0127515133680492 -0.0204517581225095
-0.0104209955972372 -0.0853333293701216 0.037462046912423 -0.0278422268248426
0.0402877961528295 -0.0803525308339545 0.068358624188627 -0.0148675838699064
0.0922045438903582 -0.0593131612202134 0.0757331409592572 0.0398382611673181
0.10593003994836 0.0386127242443871 0.036156816995831 0.0784542748051195
0.0408037705996954 0.118246844377797 -0.0275371942544618 0.0519766323621318
-0.0254688289831692 0.138138117950071 -0.0105312757104725 -0.0125396957081597
-0.0584430944864861 0.093694447485631 0.0254604094582904 -0.0681959486921974
-0.0198752617670549 0.123586772071024 0.081193580282666 -0.0814012973784501
0.0595507443455397 0.0890496709041721 0.0335304634890803 -0.111075071501583
0.101478479630522 0.00131175272688357 -0.037746537514458 -0.0869476181912369
0.0659149328217468 -0.058429038148904 -0.0573536232457362 -0.0295519742808425
0.0189163276630976 -0.0785582180328306 -0.0388958228229013 -0.0133343448126284
-0.0256556103271852 -0.0698619994582179 -0.0274121618196988 -0.0212221003394952
-0.0367194535839122 -0.0533381719690005 -0.0194205553063685 -0.02550566995941
-0.0386883361058221 -0.0527684803975444 -0.00250827512019817 -0.043451975069783
-0.0116706241387388 -0.0737684461107396 0.0272451731079198 -0.0521574532876341
0.033927526193811 -0.0721185815729198 0.0672236136120137 -0.0385440956806965
0.0819995793249332 -0.0527834314932503 0.0815829461184208 0.0206911747117034
0.0920384353005263 0.0372133759379764 0.0461299803472421 0.0631758347560685
0.0286662401350382 0.104341200248328 -0.0188362727454519 0.0359303110452397
-0.0303504020402102 0.113690276888071 0.00482996721643298 -0.0468228237634601
-0.0522805003890189 0.0564316487676414 0.0545111980336937 -0.104097627209299
-0.0301008497481057 0.0880179445597389 0.0909070097864108 -0.0975122041024436
0.0345172660826119 0.0730974759613916 0.0513666006439518 -0.106794151820191
0.0739465375813301 0.00771173061107805 -0.0111312119556832 -0.0884450343861909
0.0505064247754535 -0.0415725137533986 -0.0352527330559454 -0.0516927548003979
0.0149103880883362 -0.0573869457673474 -0.0352968158144327 -0.0424317841992465
-0.0185881306717266 -0.0523913564616004 -0.0363816270266569 -0.045504374965428
-0.0281875940473046 -0.0391220770593317 -0.0311980772077133 -0.0449906004716278
-0.0295379150714002 -0.0387555896874433 -0.014453895662103 -0.0612896048575789
-0.00975611447836446 -0.0547542954007988 0.0204976864704685 -0.0714525412229499
0.0258900281399978 -0.0561480043324004 0.0667422641269274 -0.0554089950029217
0.0662247449187738 -0.0374107909009081 0.0850582949494636 0.00815936795514075
0.0683692736535447 0.0363542567756163 0.0507675568849788 0.0522644450563533
0.0105390012175377 0.0816540506278309 -0.0126478583210431 0.0240120986503934
-0.0348367670190668 0.0767304604619252 0.0199168348389247 -0.0702703067137473
-0.0353337285591218 0.0082974966824067 0.0730867733509427 -0.125284554748927
-0.0293925018979425 0.0341944122986383 0.0909123556775907 -0.107274772649457
0.00760495433490477 0.0371259198253704 0.0588861614856725 -0.10248499161037
0.0313880667943974 0.00584200893014133 0.00222525810843944 -0.0877143256533774
0.0226330112273002 -0.0186062868818044 -0.0236431950471161 -0.0641622879797311
0.00705507319465501 -0.0258025793704452 -0.0350558861233007 -0.0592862550830971
-0.00922065703768203 -0.0247308932894437 -0.0431400660175759 -0.0583361241939055
-0.0151891071627702 -0.0190746551677723 -0.0391764993851697 -0.0567103029691737
-0.0168440726908654 -0.0204547914067324 -0.0213893385902592 -0.0726703141211909
-0.00700031481609745 -0.0305216670538157 0.0177571622256298 -0.0840384578455727
0.0149186118253293 -0.0354897249694117 0.0702091732780069 -0.065859897509494
0.0444205526887312 -0.0198242878432435 0.0896972871608921 0.00183487422943883
0.0394574233914226 0.0323107682861996 0.0533177277079574 0.0468409594150255
-0.00640178393084479 0.0506139989514829 -0.00736509374440958 0.0180194523207399
-0.0347171432161126 0.0301288691693666 0.0327166433719925 -0.0805742158145441
0.0132809553068758 0.01992225486737 -0.073728206313215 0.0707866654868994
0.0162067630674303 -0.0105126821692057 0.0300180297461903 0.0111574956878524
-0.00547512197114314 -0.015721717247804 -0.0156468583896075 -0.0781420909332775
-0.0130987431721757 0.00373843215549764 -0.0913216273438643 -0.0580836359571206
-0.00178588733177612 0.0109024166210175 -0.110771556602426 0.0291313432594543
0.00162802345521167 0.00374521135144875 -0.066456880140174 0.0827560142134269
-9.3568554064948E-05 0.00264447586091948 -0.0173027963063373 0.0848396085849232
0.0013744236818152 -0.00265987094746521 0.0105818789570869 0.0769804309188128
-0.00202451127702975 -0.00710050221150986 0.0196974303885843 0.0744035643354224
0.00276999900806773 -0.0112880708761177 0.0118856798088993 0.0759892640370719
0.0101740586419079 -0.00381593098050248 -0.00890833994555995 0.0758871761587698
0.0116139645150964 -0.00080342981274499 -0.0389973847747384 0.0787379292359656
0.0146551745793132 0.00974164071090594 -0.0911354353353443 0.064201527855279
0.0127627751088161 0.0269374025840883 -0.134956992961173 0.0449257257688938
-0.0057551445462515 0.0375656691784169 -0.130598514895393 0.0736939400124196
-0.0162817820824368 0.0535366898242444 -0.0765022242751216 0.0590684005982232
0.00819584756794183 0.0325609383134452 0.0340306048622277 0.00774222283936655
0.0173303393926737 0.0129437838151058 -0.00925349279728209 -0.0859216413745238
0.0220399622636524 0.0029437129681011 -0.0904125776966428 -0.0689103343917212
0.0231228442745094 -0.00583686468864255 -0.115346866057047 0.0207602261435371
0.0146034997073818 -0.0223702153123799 -0.0692008665406267 0.0745227068198529
-0.00143194726738188 -0.0258273740881836 -0.0196228649015166 0.0767703938480993
-0.00247131253775188 -0.0294073455126025 0.00838501166634007 0.0684861079525869
-0.00305157582651643 -0.0358467029361487 0.0231314525282951 0.0633481910694799
0.0209930315581783 -0.0419659334986423 0.021876094074035 0.0671013149339252
0.0455089421737773 -0.0182722427466941 0.00773851697403655 0.0752559987372949
0.0545529218837569 0.0101046080618773 -0.0239378345281865 0.0875603429674028
0.031886153648317 0.0536508238432516 -0.0768521293609529 0.075935246792316
-0.0106971605056269 0.0762963140113403 -0.116308306256552 0.0483525949797878
-0.0450019149261937 0.0763792494630276 -0.108537661229994 0.061604266307623
-0.0500370211388584 0.0775758611120051 -0.0636554176364294 0.0367316349519697
-0.00905988010018892 0.0755854875985192 0.0462315543182655 -0.000595862006666308
0.0347238235329864 0.0477400045653702 0.00651589415313428 -0.0949202789245586
0.0578251062793958 0.00793860905508357 -0.0809371405700029 -0.0839529257207878
0.0501451968972715 -0.0211751009562375 -0.114140318162301 0.00430394852512565
0.0291982666744245 -0.0460538577518774 -0.0692135959685781 0.057396466744535
-0.000553275360713921 -0.0522411336635361 -0.0219437339932741 0.0585281608380456
-0.00601273979080005 -0.0514172089972817 0.00445936437974647 0.0510906991352348
-0.00558022334451277 -0.0581744433110565 0.0241923855779197 0.0432380236594738
0.030123693454554 -0.0670892402362666 0.0335825979318 0.0475721339475464
0.0672607995105325 -0.0369519336542967 0.0323962631094304 0.0636693227282019
0.0890792440904079 0.0055722549024683 0.00286077016444375 0.0915601871097698
0.0566187337972729 0.078643735281415 -0.0537133020981398 0.0888796500403038
-0.0173307014598294 0.112725088809779 -0.0930948078715087 0.0488193224173369
-0.0698225396904164 0.105958150097344 -0.0763168312370122 0.0393935933051742
-0.0792894387278483 0.0869092961901075 -0.0341005960245604 0.0087610191519271
-0.0339832394982127 0.108262098026061 0.0658228376971745 -0.0130041852593604
0.0403789578541194 0.083688840752063 0.0306814404014055 -0.10095201056862
0.0877473725033899 0.0205894461606946 -0.0600373733043921 -0.0977822077792631
0.0746478365545359 -0.0301106948359321 -0.1009482995717 -0.016541295540347
0.0433234197705201 -0.0637945436708299 -0.0633209122176736 0.0322143113932645
0.00174671293925268 -0.0721835384432967 -0.0217411335398569 0.0318662978396257
-0.0090457617928122 -0.0660648881441828 0.000536316504467401 0.0253678359161121
-0.00940462891074763 -0.0703936584079482 0.0236341497977276 0.0155841195761048
0.0296477686866107 -0.0815111176728922 0.0425999704579919 0.0196541667505055
0.0752440625066955 -0.0525446671196389 0.0554716663791826 0.0418792162986777
0.107971505209531 -0.0072956183503406 0.0318674338061527 0.0849010600567067
0.0755091435344354 0.0857577790524055 -0.0262463337904905 0.0939256033119246
-0.0145841195438855 0.129496891938429 -0.0713197701173893 0.0438019081658902
-0.0814332959788084 0.119451784213501 -0.0406327530146636 0.0114537077863757
-0.0977296074308278 0.0802957395443544 0.0085753519935266 -0.0218647888037146
-0.059749858067088 0.120038932735575 0.0891649537992198 -0.0271088442847075
0.0314730443844453 0.10848088332908 0.0576187228266296 -0.0985841301207974
0.100206100775998 0.0364699261215049 -0.0283259134558426 -0.103488810708059
0.088499343284891 -0.0304586948716719 -0.0744508940117981 -0.0384068606011316
0.0518945100731069 -0.0703008500969828 -0.0499446654672246 0.00136981382006674
0.00479497781448248 -0.0806104807054013 -0.0206637029507826 0.000333119585546327
-0.0106547564355882 -0.0712703431716492 -0.00368201883275559 -0.00305058771792623
-0.012266229976208 -0.0721656241988369 0.0203079665486756 -0.0132363682484376
0.0256386339887924 -0.0827585243746149 0.0466362674764338 -0.00904400033837282
0.0717907109756442 -0.0572329615731402 0.0705331177121702 0.0161063863359118
0.10925570925031 -0.0146227406550801 0.0539868309638732 0.0709939418879529
0.0795177488467564 0.0826817353412015 -0.00260996871916986 0.0892532566350267
-0.014952188146677 0.126155175347259 -0.0525631107908219 0.0339601094581885
-0.0829174546747729 0.113470113333717 -0.00580374922569945 -0.0175114641851195
-0.0960184511314262 0.0590296852848936 0.0565600219370091 -0.0489415578411895
-0.0739382719529473 0.104703375155235 0.112679397680563 -0.0399888735605741
0.0134294985435257 0.10858064920939 0.0812020625127711 -0.0882383386967102
0.0901208674978496 0.0457747620312561 0.00443558545739981 -0.097935673932197
0.0852394337365653 -0.0231942897386213 -0.0403219346123528 -0.0543639559494094
0.0505156902843432 -0.0633881713699995 -0.0313984132321864 -0.0296689058776965
0.00589992262652318 -0.0752311641133348 -0.0169426995778404 -0.0315153160322371
-0.0103017130212477 -0.0655135118426199 -0.00735506658345817 -0.0306209144745228
-0.0129997390137098 -0.0639416658724777 0.0163108767483017 -0.0398040229279643
0.0199752105301788 -0.0728308729502437 0.0473046022079929 -0.0352476229805762
0.062258983717719 -0.0521251441974313 0.0794723977436801 -0.00618947367856963
0.0969982624275235 -0.013396036616313 0.0671678324673868 0.0561453386139619
0.0674257357634893 0.0752471456252251 0.0136786707323395 0.0799673171555817
-0.0194154487122592 0.107546480869451 -0.0368700644572898 0.0234694452770118
-0.0766899261324316 0.0896778639574519 0.0241275982080377 -0.0412425482492241
-0.074382531526687 0.0278104516399795 0.098221048142583 -0.0688371928035606
-0.0679975509979367 0.0680241408761265 0.12797665725765 -0.0492226616176319
-0.002355490015798 0.0822965706602587 0.0959639611465368 -0.0747609915947613
0.0623000746781157 0.0396315992372101 0.0296272343972876 -0.0866476164113948
0.0627679903558835 -0.0148965661285064 -0.0102843526266301 -0.0639751311085468
0.0375556220136273 -0.0455257436871821 -0.014799476604746 -0.0548294038829454
0.00466666497138128 -0.0556791623260045 -0.014507559457609 -0.0571792954110243
-0.00870076747545179 -0.0487313801749801 -0.0101106460401365 -0.0533890922305946
-0.0106903660644451 -0.047673964246343 0.0129085376406547 -0.0605174392965157
0.0138469344943098 -0.0546682451341039 0.0487891540409374 -0.0555080146776668
0.0478629281025633 -0.0409662942469669 0.0864488917652628 -0.0210869821431611
0.0760695150690247 -0.00613631128122462 0.0756869094149573 0.0460100210466609
0.0461474722696931 0.0638104987891845 0.022517879172801 0.0714245609823028
-0.0259053250390596 0.0786648363268192 -0.0248281202132666 0.0150332619312026
-0.0649001916379599 0.0539808365426461 0.0492544857038545 -0.0552250014861518
-0.0378187491150096 -0.00766541953458702 0.123400414392471 -0.0802648758514097
-0.0436931033505055 0.0188015861044063 0.13140573002241 -0.0569173231145394
-0.0106191428740594 0.0376607641623429 0.0999850826377985 -0.0667050451204627
0.0247875326054658 0.0199237412250317 0.0414531335722007 -0.0789350285084912
0.0275072189105844 -0.00660706807233341 0.00675318495676881 -0.0693514353468026
0.016552192978446 -0.020086467624503 -0.00647354900455605 -0.0696569909732204
0.00166141430890213 -0.0271491912875576 -0.0150017008394861 -0.0714036455264297
-0.00549365227923369 -0.0238072765030639 -0.011678482949985 -0.066760686953415
-0.00697484327927678 -0.0255113414830197 0.0108895049007093 -0.0744743293852325
0.00648710086013176 -0.0310042122675416 0.0515646753013502 -0.0682588766383503
0.0285681916766952 -0.0265384145935121 0.09281168447957 -0.0296143311240374
0.0492914108575658 0.000495851788128555 0.080974757328723 0.0420905566862154
0.0214733228164869 0.047031278519394 0.0265561204959032 0.0678465003234462
-0.0280766602263364 0.0432608501205975 -0.016638106272803 0.0117016325883265
-0.0444336663113832 0.0116393637714908 0.066005948792056 -0.0579201376403113
0.0137759041294941 0.0194173910201226 -0.0685775404137436 0.0728046702120484
0.0156515005034085 -0.0111442445843614 0.0304346656453056 0.00976480500641694
-0.00601921719014982 -0.0146393351631987 -0.0197854883404193 -0.0756210954133067
-0.0125283158174109 0.00426384952623741 -0.0926872669964883 -0.0518630863591719
-0.00113564296679843 0.0107880355408083 -0.106728259947253 0.0347586308698009
0.00228074539299716 0.00386026144326347 -0.0594077008892689 0.0846591312659937
0.000368222560741936 0.00242823891871437 -0.0119514060156836 0.0840479744100138
0.00154114898781818 -0.00292060113252305 0.0151840119147715 0.0745190816063369
-0.00285527691987341 -0.00678465553887451 0.0245266063732594 0.0722518631231019
0.00212216106358389 -0.0112673796840886 0.0157635097146647 0.0740888440777429
0.00972760937851414 -0.00471788104803386 -0.00480562275254818 0.0755001549268057
0.0115674451456805 -0.00125217749482594 -0.0346851795471365 0.0791531400799378
0.0148316713946953 0.00913668790772546 -0.0865777088214194 0.0672287396822817
0.0135382875903979 0.0257397202515811 -0.130084280322782 0.0516322509777467
-0.00366641167535808 0.0371499460559803 -0.123880165178965 0.0796146392148737
-0.0140664643942609 0.0534463106631272 -0.0716013007640102 0.0617925865562474
0.00977271064832257 0.0317588431350182 0.0345154015960834 0.00674105291466487
0.0172591884126092 0.0114342962864075 -0.0138684393047428 -0.0833686523907262
0.0215009523251056 0.00118468588938093 -0.092136700485418 -0.0624880087631033
0.0226528071638202 -0.00728307278394042 -0.111778576081874 0.0269917726255393
0.0130042703103258 -0.0221911673564112 -0.0630047332639911 0.0772008917414409
-0.00317077417759552 -0.0254626022225459 -0.0146874846485347 0.0762035511374081
-0.00420668527797857 -0.0282566109512654 0.0129256314625763 0.0662706989109074
-0.00498226943995583 -0.0351098273984153 0.0263678342486279 0.0606248530234845
0.0182060558592188 -0.0427174865930758 0.0252662777621152 0.065327532826126
0.0439973027108506 -0.0208535870872665 0.011291408287041 0.0739231936054774
0.0540275885805238 0.00697444860607243 -0.0189541697040397 0.0871653429127188
0.0341357592133776 0.0508557300434399 -0.0722571174463197 0.078100479851586
-0.00618090845167392 0.0760100960411808 -0.111295940575845 0.0530745675627747
-0.0403983852320719 0.0771448289643797 -0.10308965001635 0.066177470853228
-0.0454037293951951 0.0783083795964212 -0.0594698495948783 0.0394686970761441
-0.00450418058478514 0.0749718299926943 0.045613494304755 -0.00189333194177743
0.0365703525746639 0.0447007753728253 0.00137085944850413 -0.0931570348713997
0.0570351479677813 0.00421138238173892 -0.0835027186242084 -0.078058162871229
0.047551020504508 -0.0236976471772345 -0.110967336380416 0.0114524447228936
0.0257990814798557 -0.0471483276718751 -0.0646862604139187 0.0604576126371028
-0.00395964337050813 -0.0510900179971032 -0.0180811667817269 0.0585042472107354
-0.008735861758355 -0.0496021708214704 0.00749272080468351 0.0492199443351169
-0.00886586375983757 -0.0564415969465618 0.0268503900595322 0.0403069634897217
0.0249908545394917 -0.0680664670232575 0.0360963694362222 0.0455185675015542
0.0643760314100785 -0.0409347525431295 0.034602715971168 0.0609669976176799
0.0874719091781645 0.000191893703013995 0.00781977292889257 0.0895874940728591
0.0597983589919862 0.0741494277320777 -0.0482144008690604 0.0891406178347069
-0.0111264642163624 0.111820346040645 -0.0892067564774226 0.05277881960595
-0.0633512335371814 0.10748173836742 -0.0736442264617403 0.0429409723707479
-0.074152781503552 0.088883571800174 -0.0323547018366938 0.0108158895993479
-0.0277499730627958 0.108522601471523 0.0643160782135162 -0.0148354301766287
0.0434891617316371 0.0799204740335412 0.0250149080003389 -0.0995276463739087
0.086549888383329 0.01469440446408 -0.0633585256252609 -0.0928159887093418
0.0708661720760633 -0.0342863987281399 -0.0985231141174952 -0.00964491337800774
0.0378579567821945 -0.0653691242851586 -0.0597836941795918 0.0352428388120126
-0.00313142417347625 -0.0706353706577051 -0.019924341115361 0.0327454570068777
-0.012884121743682 -0.0640850817829989 0.00206169239040977 0.0252446087477804
-0.0137871742914969 -0.0682081029889171 0.0238471587048747 0.0138399120605719
0.0242467507826985 -0.0819052802515865 0.0431841921928892 0.0176723906171225
0.0709538574841658 -0.0561592318806227 0.0563437890738941 0.0381090698373529
0.105011345821174 -0.0135497475796207 0.0360046566496256 0.0817332072212418
0.0789676760451708 0.079924359153964 -0.0208895590515408 0.0927298815982098
-0.00798144242853631 0.128202649303142 -0.0676572278681099 0.0467188399200285
-0.0735855175407625 0.120855040643874 -0.0400837537089077 0.0136633695839731
-0.0919684322851063 0.0831270743957551 0.00748384202581299 -0.0209956362961951
-0.0517697139183733 0.121068912161308 0.0863954813317342 -0.0295575224708075
0.036150351409082 0.104304367683828 0.0520172536199929 -0.0989226420867139
0.100021184066773 0.0298111294173371 -0.0327651853323541 -0.0998192449353008
0.0846571183647496 -0.0349341585898881 -0.0739617580064966 -0.0320933387575901
0.0460694617764218 -0.0718290580214522 -0.0484337133835781 0.00404840661605721
-0.000893000425198579 -0.0789320952256292 -0.0202815273459621 0.00110268317238275
-0.0147511721703939 -0.0690708317568907 -0.00352494798645281 -0.00255532714977452
-0.016570679266183 -0.0695405839884681 0.019365363476281 -0.0140666608012505
0.0197826728879607 -0.0826468884315286 0.0453721319949986 -0.0114380021018487
0.0675989505241992 -0.0609361713996593 0.0707069729460162 0.0118441960657681
0.105686930884712 -0.020780161274724 0.0571100441504952 0.0671212270226897
0.0825918957599662 0.0762156609034197 0.00229519756757631 0.0867771339691948
-0.00790893541176996 0.124895527121744 -0.0496233900766667 0.036381170077409
-0.0752423710453233 0.115026668995175 -0.00804553150744823 -0.0165183871483776
-0.0913936678995032 0.0624029535101826 0.0533804678518977 -0.0506286647474149
-0.0664419313527151 0.107115040132862 0.108039929936207 -0.0435716586164756
0.0187549473515413 0.105223838621257 0.0757314693501689 -0.0895792195343128
0.0905668017530179 0.0397291375638257 0.0001817261082564 -0.096021014632557
0.0816489941012875 -0.0280275964477988 -0.0414170780144081 -0.0502965762033815
0.0446610546752459 -0.0652766900320362 -0.0321841029828924 -0.0277985273044405
0.000728646217560352 -0.0739839727764998 -0.0195447551254884 -0.0299304028806292
-0.0141248891695381 -0.0630469065814282 -0.00901796932788791 -0.0295876379766237
-0.0164968446840145 -0.0618325334075196 0.0134543782366531 -0.0398444413193342
0.0150040903428132 -0.0723223581197087 0.0446376968955883 -0.0372058513097219
0.058052160507718 -0.055125467373954 0.0777422092225507 -0.0104441815119847
0.0936360670845132 -0.0191312462766798 0.069435738959606 0.051577628949363
0.070135120400768 0.0693508620021846 0.0175146974552832 0.0768067056758644
-0.0132671402534961 0.10628772384967 -0.0355429415198268 0.0249206027496165
-0.0707568103565233 0.0923040929809829 0.0203577136939789 -0.0414503434383714
-0.0718429256077554 0.0311085935599405 0.0931623284077328 -0.0721930042571424
-0.0629839047621439 0.0698833272407332 0.122810415130679 -0.0539222149160604
0.0018222190625028 0.0803682336903317 0.0907116483191625 -0.0773786821614647
0.0628763665560135 0.0354181654565673 0.0249142388951613 -0.0861061618772258
0.0608711818942005 -0.0181841457832479 -0.0121204301268359 -0.0617387336304902
0.0333139898652534 -0.0468687025315112 -0.0174924653510292 -0.05299547888001
0.000535014952819227 -0.0549710908126706 -0.018499022458477 -0.0547909177649111
-0.0117617312625269 -0.046872932702864 -0.0134084089163153 -0.051028334030228
-0.0134489798371074 -0.0460969830078705 0.00853948136217213 -0.0600218318289637
0.0103860842300163 -0.0539910809417012 0.0449162305460723 -0.0569399725464521
0.0443578384191103 -0.0428281283950342 0.083313054011066 -0.0259283928948352
0.0738355884302009 -0.0108606156017512 0.0766151598812904 0.04166394188292
0.0488784972812746 0.0596445394584953 0.0259421581343693 0.06878413452275
-0.0210590485252413 0.0783277292308716 -0.0239189827668088 0.0161569284015535
-0.0607111251650154 0.0554978582479252 0.0437122891148406 -0.0562974133665718
-0.0373890920288894 -0.00553252830025288 0.117272501310288 -0.085027411671333
-0.0417809684857062 0.0206564285189157 0.125686237431338 -0.0611608945592816
-0.00855956859199993 0.0371882532409872 0.0951693710322136 -0.0700904727984197
0.0248439787477895 0.0182171382493972 0.0375903035048256 -0.0790322177510201
0.0263706144452882 -0.00807577967449464 0.0036258761094766 -0.0677202596456318
0.0148643872685961 -0.0206097736334765 -0.0100163930686781 -0.0682222518788538
-0.000176990725827715 -0.0260862396347993 -0.019757350246273 -0.0688609290937332
-0.0065517759983004 -0.0230130054843923 -0.0158998859224678 -0.0640503758994666
-0.00805686186900043 -0.0242592856455227 0.00667310218133054 -0.072621399201193
0.00431709337267716 -0.0307869254635481 0.0461591721996132 -0.0692712626417145
0.0267021421460586 -0.0275971108198546 0.0891224034001208 -0.0336552414355649
0.047694694852696 -0.00264249552598182 0.0819137691103891 0.0371372456745716
0.0236802001137092 0.0446763333816187 0.0298688250781204 0.0642320374398743
-0.025247641910489 0.0432035314145341 -0.0166106418629235 0.012654592078014
-0.0427486370400146 0.0134222898634975 0.0600708240894947 -0.0601193792126978
0.0136228898758546 0.019366574919303 -0.0640140047769453 0.0730612992154606
0.0149863698919051 -0.0112671023566477 0.0304305846221379 0.00914439916050934
-0.00627566598713566 -0.0137314965705808 -0.0220022610169576 -0.0726096761887955
-0.0116839917303715 0.00408574768275496 -0.0920005149772055 -0.0466776844911956
-4.50986962446571E-05 0.0102042077382605 -0.101593434676466 0.0378262541742602
0.00262286036133673 0.0037359804908009 -0.0536537925889201 0.0846905871785545
0.000445170548298371 0.00236248051800351 -0.00790473095526368 0.0821532880395641
0.00127296342630258 -0.00308118816011372 0.0179554351630294 0.0709402772665426
-0.0032466584698575 -0.00637901113793969 0.0269695056794573 0.0683216034520961
0.00149704793097167 -0.0109159897988296 0.0189238832841317 0.0720571258132092
0.00985790068563052 -0.00522251242592508 -0.00269897962860303 0.0738035423495025
0.0112699720753101 -0.00189161358764649 -0.0311093408532271 0.0773020808586371
0.0149328604891765 0.0086126465326642 -0.0827821576834031 0.0676114409498652
0.0139246252565953 0.0244094997640587 -0.124032591233394 0.0544553038836249
-0.00263376664485269 0.0357516052271971 -0.116827364607815 0.0813341159011633
-0.011983991096598 0.0524210472903247 -0.0666087247086359 0.0625464908590477
0.0107830620560591 0.0304985138065828 0.0342232692917653 0.00588523428159005
0.0171317648622999 0.0105633124824752 -0.0161990859017914 -0.0796755482176326
0.0209186498750952 9.68552970343527E-05 -0.0920951989587668 -0.0570504506005819
0.0215266920105451 -0.00823737828165783 -0.106708998074855 0.0303368576529779
0.011592249792049 -0.0222061633944643 -0.0575963612397142 0.0775647075587417
-0.00421791481067288 -0.024129108743993 -0.0112388107641447 0.0741468557076456
-0.00505909757588398 -0.0274472376623473 0.0151704544272328 0.0636396214996439
-0.00640332613484958 -0.033533166255233 0.0284717444364575 0.0577996162243517
0.015643291794097 -0.0422427032616122 0.0280991332042787 0.0628822131047394
0.0420389068873406 -0.0225632136914518 0.0139626458940972 0.0716270923878676
0.0532150580344189 0.00455042591025195 -0.0155255990768468 0.0845023830543199
0.0354974330752375 0.048323523006006 -0.0679523277489713 0.0775300189379664
-0.00356419439588014 0.0737273461837381 -0.105890140995446 0.0554208660795358
-0.0367577575643211 0.0756093482313136 -0.0977152923073562 0.0678146755637963
-0.04179272019372 0.077118867272642 -0.0560394003563066 0.0405891781275781
-0.00132832799587715 0.073088084404497 0.0451772843934169 -0.00263928096814124
0.0362826603821721 0.0422065847378368 -0.00154570378407442 -0.0894248801367468
0.0551020736710597 0.00122830326764125 -0.0838518532814102 -0.072919071337541
0.0452420089283212 -0.0248618740655532 -0.106067315450555 0.0156558610218723
0.0225132115081728 -0.0464828848770145 -0.0592250068093253 0.0615076715193404
-0.00622326837915817 -0.0487560277224715 -0.0153656259346224 0.0575431595879995
-0.0109063326273959 -0.0477072016590746 0.00996120725082622 0.0470861971388904
-0.0112330210268877 -0.0540361601203518 0.0277202822799503 0.0383071105643799
0.0206947461593042 -0.0669229122511649 0.0371432970394259 0.0427048840183393
0.0609262012577357 -0.0427205234671414 0.0357942959707302 0.058557583832806
0.084707182192478 -0.00364662766554362 0.0106856917400711 0.0865233037789317
0.0610396867144876 0.0698439965285441 -0.0442169823646315 0.0875326958572213
-0.00626313215573174 0.10949342276989 -0.084466398236824 0.0541335258097151
-0.0578942318498703 0.10608367504889 -0.070133456234386 0.0445404709182203
-0.069560062058241 0.088421716923601 -0.0303363254576542 0.0120281904945817
-0.0222326224787772 0.106569484468156 0.0627555833383493 -0.0154572246640423
0.0446521889947843 0.0753354744536816 0.0210995707487176 -0.0965928953502317
0.0840015439154103 0.0104884867301347 -0.0640405883561943 -0.0875580416359224
0.0670181083412629 -0.0359986779324884 -0.0948287658766198 -0.00497130463393293
0.0334398374882323 -0.0647271098547615 -0.0560222946791052 0.0362397728599325
-0.0066547480677412 -0.0678160121328253 -0.0189181491895244 0.0322203221498426
-0.0153850449433054 -0.0613033199207865 0.00364845723193336 0.0244208854671425
-0.0163426549254489 -0.0648837489162887 0.0238499993625116 0.0121734066222472
0.0192588562862258 -0.0805308123378978 0.0430241038695534 0.0156078673091589
0.0666162422598157 -0.0579885279799548 0.0560968408193285 0.035357862561682
0.10096407706673 -0.0174733056143666 0.0382603649598934 0.0782966430856244
0.0799322058303579 0.0748003698837828 -0.0177258528657939 0.0900498477481936
-0.00251957620491225 0.125139668153468 -0.0640444033666904 0.0475117153766327
-0.0672934034636136 0.1196882207583 -0.0390335349181246 0.0151841502664955
-0.0870380191288671 0.0833420982865081 0.00729197087634602 -0.0208073912841872
-0.0455691465622301 0.119820418472626 0.0840121916129471 -0.0304666494490434
0.0387510766388956 0.0993532834460403 0.0479160855617621 -0.0966643838352964
0.09741605746194 0.0244235903336893 -0.0344889345221789 -0.0955024724568494
0.0804451081160119 -0.0375647703639775 -0.0712252793401921 -0.0280321709858016
0.0407523783439286 -0.0719165640642942 -0.0462755024295585 0.0055105179109552
-0.00498081429270498 -0.0760642224130306 -0.020355254797671 0.00178484829141792
-0.0175040313526041 -0.0661332851700334 -0.00328370333028867 -0.00214034823907092
-0.0191748607164715 -0.0661677671419022 0.0179025079007898 -0.0144302199285386
0.0153018085306927 -0.0810310837712547 0.0437012080271215 -0.0125320339096095
0.0627138507179961 -0.0626516307477165 0.0687371099904849 0.00908906668714044
0.100638039693359 -0.024948505651738 0.05836579024115 0.063075565487639
0.0832286591634612 0.0708650605658795 0.00527595666950634 0.0833562332851687
-0.00238521960025542 0.121542575660952 -0.0472311675316286 0.0368887501481762
-0.0687243766283236 0.114017688657383 -0.00952414335532573 -0.0152568127749746
-0.086872441958429 0.0634161574807482 0.0505942631194441 -0.0502593374165862
-0.0602606638149915 0.106498520412137 0.103722799491172 -0.0447633283296248
0.0215677433085084 0.10131013700988 0.0711410779206784 -0.0884365953857471
0.0887301581262144 0.0347366329795967 -0.00238748790603777 -0.0927157930599579
0.0778108686029833 -0.0309986479793086 -0.0401954197221807 -0.0463395748974027
0.0404249628813209 -0.0650186224598173 -0.0317399513265611 -0.025915818591487
-0.00334405060382831 -0.0708792581620255 -0.020751180204553 -0.028317042206063
-0.0165867261122341 -0.0604329864997207 -0.0101031858963736 -0.0275131767322511
-0.0185882432802295 -0.0586879280675871 0.0113202762766869 -0.0388042879754638
0.0113317940631922 -0.0708895746311985 0.0417167714651037 -0.0375762501931313
0.0536933861511986 -0.0565814185233148 0.0753863978350965 -0.0133325791982525
0.089334495211991 -0.0227716236452733 0.0696544941145059 0.0477744345230176
0.0704689193471362 0.0641951714568274 0.0196782673308126 0.0733289748822574
-0.00831243123897276 0.103654420244945 -0.0337247650107859 0.025184272704242
-0.0654209585288313 0.0908444429120973 0.0168723162864445 -0.0403282826785166
-0.0686582353082287 0.0325960540772731 0.0881015875174413 -0.0728860968726971
-0.0581720613475495 0.0704073907638045 0.117336454278923 -0.0549520440066141
0.00423222836326829 0.0776915927802671 0.0856085778815206 -0.0777465674713372
0.0620995201779221 0.031352296548035 0.0223424061585427 -0.0837189064406194
0.0576012584873724 -0.0203118516084928 -0.0128190170877687 -0.0581540927614503
0.0303055530370601 -0.0465894982899454 -0.0188384372132856 -0.0511288617196668
-0.00260925242234269 -0.0525749485429926 -0.0213279893148159 -0.0524340816811802
-0.013090407385184 -0.0446488384391389 -0.0152705718434078 -0.0482482681522987
-0.0145191169130352 -0.0435460079535647 0.00610191433024573 -0.0582010981832183
0.00776866910138495 -0.0524554751856319 0.04136070156918 -0.0570042431603982
0.0409220500146124 -0.0437499721033578 0.0802129154943843 -0.0282157741001839
0.0702551700442529 -0.0141094319405147 0.0765738326292266 0.0376868218792646
0.0493975676931284 0.0556257865986692 0.0274636638832345 0.0648168191260405
-0.0176333091029796 0.0769956269728599 -0.0228930937573718 0.0165965346668438
-0.056356237210947 0.0556368173717589 0.0387466634783068 -0.0559449159253208
-0.0362484793792757 -0.00387223673478912 0.110731921009865 -0.0863021459375314
-0.0395202587716409 0.0213381120548086 0.11957145937516 -0.0629220026531636
-0.00715995221501981 0.0361182859176208 0.0902394295348323 -0.0707609332008893
0.0246291912341765 0.0165418378907372 0.0337597310812354 -0.0774168891191083
0.0248891283823371 -0.00874627278309801 0.00233030931963113 -0.0657174629380273
0.01346297382513 -0.0203104530319506 -0.0130558492747107 -0.0664966926115352
-0.00149000110078716 -0.024893545375575 -0.0226085402065158 -0.0655862140251168
-0.00722812761478899 -0.0221696858814721 -0.0186485315206109 -0.0607771636740058
-0.00854204057850583 -0.0228858627683479 0.00347449537683992 -0.0702916548744558
0.00342356741111534 -0.029691735650744 0.0420003046157347 -0.069008984579095
0.0241793180831438 -0.0276826007866375 0.0852842547410821 -0.0364932143753001
0.0454798277022305 -0.00458048084479681 0.0815264735789858 0.0332192458003011
0.0247905185117099 0.0418602381163408 0.0311105939243398 0.0612037707578977
-0.0229295832085035 0.0425235946229883 -0.0163788780827157 0.0130473969488695
-0.0413224244978159 0.0138997909939224 0.0550026023085556 -0.0595307626392676
0.0134832512861646 0.0190647671228555 -0.059995193673347 0.0722607927947282
0.014206226870583 -0.0109110587653328 0.0304762903529219 0.00868219995077011
-0.00613635003303756 -0.0130700051337182 -0.0227956640475662 -0.0693871755972696
-0.0112867485010382 0.00440736475389984 -0.0905438585661748 -0.0430112809734207
0.000456091487817136 0.00999572733158086 -0.0981922127740796 0.0387740623717042
0.00270133990827571 0.00324732356692302 -0.0490038543699837 0.0834976255259922
0.000788592231601977 0.00203510000258588 -0.00498926878419412 0.0798128942552162
0.00122032710823655 -0.00298343137575147 0.0200147827583214 0.0679090343753632
-0.00299716679508403 -0.00570720924480836 0.0288445039515603 0.0659888365351212
0.00111697317924067 -0.0110834858577694 0.0208449400705553 0.0699579669524933
0.00995791359716666 -0.00526083806271964 -0.000643095552039092 0.0724260061067144
0.0112738854499699 -0.0017595745608797 -0.0295770939580004 0.0752748678960983
0.0152367974185431 0.00843786366352626 -0.0798350138786777 0.0664461531003366
0.014319516195697 0.0234922964970422 -0.119044127936791 0.0557094723811917
-0.00210597971790701 0.0348931475549803 -0.11189368656667 0.081561291782882
-0.0110491346630846 0.051564536046937 -0.0626955045093774 0.0624063546751727
0.0115157089701012 0.029885231917473 0.0341557794109696 0.00554148706492387
0.0171981598590089 0.0101491864829585 -0.0172758307014388 -0.0767745772914816
0.0203242276451372 -0.000991245865152922 -0.0903600185260924 -0.0531644197166086
0.0210276894749772 -0.00881376860083804 -0.102247750249301 0.0322162325600736
0.0107747415920796 -0.0219434245206148 -0.0533293339220898 0.0769039866783387
-0.00453100498338374 -0.0237407485413607 -0.0089180086466384 0.0728685489612592
-0.0058665199417296 -0.0266057393197025 0.0169373516962621 0.0606275148722797
-0.0074269687372291 -0.0324136320147475 0.0297301869007069 0.0555136922451063
0.0135476935339001 -0.0419122102540382 0.0292459346234897 0.0611220296417444
0.0408260178261997 -0.0237604701069106 0.0150662152168621 0.0699231383915919
0.0519563254581529 0.00314323490760504 -0.0137460241941715 0.0823552508111895
0.03603206594098 0.0469450323058138 -0.0652321798284524 0.0760928318382834
-0.00209095398851051 0.0718425007929975 -0.101972901082539 0.0562590083091293
-0.0343838189698162 0.0743838749828852 -0.0935441747668236 0.0684757513778828
-0.0396762405962006 0.0760219083716832 -0.0528113123336677 0.040870417913609
0.000608001626586855 0.0713077460797621 0.0452030569967278 -0.0030311918859233
0.0360404892870671 0.0399719269531134 -0.00298657545414814 -0.0864209914693325
0.0529694302838123 -0.00059701118945959 -0.0829205410254546 -0.0689769822899908
0.0432346325337488 -0.0256263205035928 -0.10229616132471 0.0180530995589384
0.0204370635678547 -0.0460276342422158 -0.0554280201461911 0.0610317425975969
-0.00776820056572695 -0.0471963208770779 -0.013845778498426 0.0561706959451445
-0.0116677663889596 -0.0459627062672479 0.0110432096670106 0.045269399058827
-0.0127596002331448 -0.0520149258594801 0.028344047670712 0.0362680683089199
0.0179260052006429 -0.0662252229361978 0.0384862847753778 0.0409194224108116
0.0588527560583855 -0.0433976162034773 0.0366722079405944 0.056381177124798
0.082538087175932 -0.00613665453630994 0.0122635813451484 0.0842457306204
0.0614790873595681 0.0669775333435133 -0.0420256932029494 0.0855128741978536
-0.00382989590329473 0.106698916552375 -0.0809993282498562 0.0546573906552467
-0.0543409420833316 0.103991730577489 -0.067734321020457 0.0453533991133305
-0.0662353685517959 0.0871291632133808 -0.0287126639384664 0.0126694094601822
-0.0187504748452639 0.104521431772806 0.0615721617693552 -0.0152100460074829
0.0449216226375109 0.072556048356691 0.0194550178340344 -0.0936717237272719
0.0814881693939521 0.00775241660592678 -0.0640367019256494 -0.0833860290295967
0.0642669836149657 -0.0373908927776585 -0.0907612921586024 -0.00275031477675904
0.030197625368396 -0.0642582119909085 -0.052893322673107 0.0368104929960663
-0.0088063388502413 -0.0653385818370715 -0.0176183214710281 0.0313976990437412
-0.0163827821158402 -0.0589337844642159 0.00403638577283707 0.0234552716181203
-0.0176240140696701 -0.0623964255681567 0.0235681273626547 0.0113544924017302
0.0160050870000388 -0.0788591714485251 0.0429297623487186 0.0142123891629028
0.0632049590700307 -0.0588113059502013 0.0560841446749049 0.0330066516137917
0.0974885520941358 -0.0201605967616896 0.0393736208734061 0.0751439875614365
0.0797762306848738 0.0708707457545431 -0.015178205019983 0.0873050584559238
0.000583730413204359 0.122188271233014 -0.0612622025289658 0.0479204521614355
-0.0628163253173522 0.117524537622133 -0.038423724304901 0.0163660749225084
-0.0831399292354943 0.0825250476737834 0.00733793502871298 -0.0197118867860882
-0.040840760291325 0.118182319358649 0.0816709574524542 -0.0300346011353217
0.0389755058876993 0.0957599388374309 0.0448674054515273 -0.0937860805455285
0.0950066397446016 0.0212927542656502 -0.0353825564563152 -0.0918073596981707
0.0770929391628348 -0.0388657657801154 -0.068439123187415 -0.0250275142374464
0.0373680078494922 -0.0707925637664067 -0.044199461961169 0.00622108041537068
-0.00767190127371755 -0.0733277361452065 -0.0203058188074335 0.00242975467547371
-0.0188305111303526 -0.0632253262170034 -0.00318159647930917 -0.00160086514310988
-0.0204907832900448 -0.0632170047230082 0.0173626656315137 -0.0143692997122958
0.0118414033882768 -0.0792106551936878 0.0431766166497879 -0.0131884090122753
0.0593375446132437 -0.063312107313728 0.0676911860703729 0.00719473405635858
0.0973682211423183 -0.0274503246142131 0.0586569600382789 0.0603166564584725
0.0826912026840378 0.066599558410189 0.00639562959298151 0.08045668697385
0.000745387962119785 0.119115320981848 -0.0447758222031222 0.0365738449529869
-0.0644327880298868 0.112069925314243 -0.0104575739021201 -0.01366413459856
-0.0832937173419603 0.0633261726670231 0.0487765984510805 -0.049914632896657
-0.0559855095195474 0.105501169127907 0.100646974942431 -0.0444695519470098
0.0227910577221374 0.0978092689455075 0.0681373012940831 -0.0867940993566494
0.0868246252603928 0.0312202834841029 -0.00388297615916789 -0.0896458197032709
0.0743147638084744 -0.0324809363582994 -0.038570450175015 -0.0439066831215085
0.0366157027799179 -0.0642754685687182 -0.0314218440438689 -0.0254433374384984
-0.00598436732965805 -0.0683096433678137 -0.0218262696964436 -0.0267338496563224
-0.0178130173690286 -0.0573990866939417 -0.0101877159313097 -0.0260101632242902
-0.019825888891723 -0.0561415984305139 0.00966594638730809 -0.0382457472511339
0.00832421681321531 -0.0688585066302612 0.040233826701984 -0.0374969982155515
0.0506098203338338 -0.0566332333357521 0.0729980741194431 -0.014642789469852
0.0855005413406371 -0.0246025217788617 0.0698182583679797 0.044798659846411
0.0704436849656583 0.0605016736697024 0.0207845039797513 0.0701646297713852
-0.00599458871809794 0.101058619860801 -0.0322095459359055 0.0251623385818546
-0.0611763583056547 0.0893623248755604 0.0141684653170505 -0.0390252641366812
-0.0662836044694882 0.0331162564122529 0.0844126775627611 -0.0723893341364346
-0.0548116058786165 0.0701772031787596 0.113181733893763 -0.0547808758708095
0.00539652012479209 0.0751689069209703 0.0827770930393433 -0.0766543720317118
0.0604598251670125 0.0292029016638454 0.0205909241077546 -0.0814439316285285
0.0552199008658657 -0.0212457872189244 -0.0123594187639226 -0.0566901027517074
0.0277421502717007 -0.0463563275757819 -0.0197851270540753 -0.0503062082282806
-0.00413399003810443 -0.0504255564691753 -0.0231333038628836 -0.0503902938784015
-0.0136597659302176 -0.0428108892984266 -0.0160829863967976 -0.045742218025143
-0.0152242867994228 -0.0413883666848155 0.00440645209482401 -0.0564669001515284
0.00600010257876645 -0.0509774942847812 0.0383520869105176 -0.056042280139639
0.0383996502133359 -0.0435690723047003 0.0771420725537041 -0.029645981756571
0.067503546880885 -0.0159383143521625 0.0761917457364434 0.0347133671055206
0.0492715792501943 0.0523203876079646 0.0280407962414692 0.0623468034699963
-0.0152643686396543 0.0748283105738607 -0.0225900523469463 0.0168985043697804
-0.0535914504806197 0.0547752397986816 0.0351648543078968 -0.0546523693570032
-0.0351176548477405 -0.00300041763087132 0.106062726807676 -0.0861332116434039
-0.0379602811793798 0.0217322379388454 0.115388032522457 -0.0626929403308451
-0.00615059961579018 0.0349659628390982 0.0871500738626862 -0.0706715029086186
0.023959515405274 0.0155806563752313 0.0319539949136821 -0.0754458758691421
0.0236306458304915 -0.00928244168904846 0.00172339207445297 -0.0639789409771268
0.0122961528981655 -0.0201208021070007 -0.0149116469253464 -0.0649313747255366
-0.00189379039616302 -0.0236275019969127 -0.0244794255351424 -0.0631921322765997
-0.00732568102984356 -0.0210775072935282 -0.0196266318731329 -0.0581064253865123
-0.00865578906564667 -0.0217140695675586 0.00146602227845803 -0.0678394796078437
0.00246448164783752 -0.028844747598028 0.0389714031457108 -0.0678243327753407
0.022561465559638 -0.0273797486999582 0.0822676562330035 -0.0380077261669245
0.0439040212371241 -0.00584173816590499 0.0806490424630317 0.0303974381909872
0.0250122702315243 0.0399265837362488 0.0318698994223876 0.0585110374857509
-0.0214850798870282 0.0415554438596412 -0.0161742791106715 0.0133960558509005
-0.0394191400528333 0.0144009206173684 0.0508015976865837 -0.0589803365076065
0.0136031688068013 0.0189538058998521 -0.0574527002336635 0.0722056082678715
0.0139975235281968 -0.0108456489929891 0.0307793465970658 0.00816792930553657
-0.00583185261945704 -0.0125697201120027 -0.0231357574107838 -0.0672662335960063
-0.0111577388036268 0.00419641757676713 -0.0894454661558871 -0.0403835293596923
0.000916681467948662 0.00929209720644483 -0.0951217290845912 0.0399023626998314
0.00310448762412065 0.00347333553712642 -0.0453253465945604 0.0832449549489632
0.00133653836918452 0.00194267640961052 -0.00258333748889737 0.078277306462609
0.00146369799897889 -0.00333240242045455 0.021027996205863 0.0657575190981403
-0.00339129354358883 -0.00526343340592255 0.0307078386319522 0.0636699725821706
0.000585517875363738 -0.0106113370513405 0.022550600563578 0.0679327197476059
0.00986086863260102 -0.00589125907306229 0.000895718238001892 0.0714908108326748
0.0114499077208982 -0.00201386529581111 -0.0281918844959049 0.0738580489287631
0.0153336695415118 0.00821784530502266 -0.0781287217486161 0.0661863016364665
0.0145098054091927 0.0224566024681853 -0.115590388086982 0.0558531332254991
-0.00169259763144684 0.0340383379120329 -0.107436393063267 0.0819481231361154
-0.00989950848893729 0.0506492436334761 -0.060135552757239 0.0621890111406651
0.0120709874501911 0.0287928877324584 0.0346969593933048 0.00534159328161128
0.0164927471868884 0.00959567542627876 -0.0172871771355975 -0.0743116722543352
0.0196332173237486 -0.00183157738221153 -0.0897529973326037 -0.0501125229165877
0.0203777857958785 -0.00910663533262991 -0.0993811828073411 0.0337215321621199
0.0100262519825022 -0.0220807226159719 -0.0497230614338154 0.0766037968764532
-0.00501081451831361 -0.0226762790095502 -0.00663401264356014 0.0711824842943269
-0.00637243487342912 -0.0260619814148436 0.0180615725232949 0.0589935696445842
-0.00787892076569543 -0.0311361203964466 0.0308812893889465 0.0536986257987341
0.0120434600239658 -0.0418511907470323 0.0307176533393761 0.0594282888330582
0.039344955595161 -0.0246220239511354 0.016024811437747 0.0684773585373652
0.0512124275927897 0.00173995269536288 -0.0119820583663021 0.0811149763241366
0.0361282287036988 0.0451924737839336 -0.0635268151475255 0.0754032754654616
-0.000721869294468751 0.0709536797499411 -0.0980593728039499 0.0569153829556727
-0.0325773361435433 0.0731660098455378 -0.0902841681111249 0.068738364054823
-0.0379449465172479 0.0753674577582298 -0.050273005639567 0.0410886682105455
0.00207630063992187 0.0703566332985496 0.0453935165101687 -0.00255054717983557
0.0357807968141586 0.0384969918433031 -0.00353211774914249 -0.0836749341595937
0.0514783493528145 -0.00205521340993801 -0.0821884875949667 -0.0655686881975511
0.0417865778939504 -0.0265294936222077 -0.0984660090594192 0.0197529028477614
0.0185841077067921 -0.0457473122628351 -0.0525202759911052 0.0609116707439713
-0.00903367946753566 -0.0458193835602875 -0.0117306982731458 0.055368851656318
-0.0124984315380542 -0.0445362490131423 0.0120409634828975 0.0440891093256849
-0.0138871828522531 -0.050202121492281 0.0286401350198326 0.0347620197198125
0.0157798617754716 -0.0652619291290505 0.0391352255515539 0.0395745625000611
0.0567417893466232 -0.0447651783733116 0.037417398098525 0.0546823639302579
0.0806692525440036 -0.00782008910346112 0.0139853813706441 0.0824236640734855
0.0620823205523884 0.0641554293600668 -0.0402362117488865 0.0840213150370064
-0.00141449279758208 0.105272588033186 -0.0784899766228081 0.0549280729189555
-0.051650914726766 0.102078139409171 -0.0655845341845825 0.0462169622862014
-0.0639886208997526 0.0863282974558401 -0.0268149237225539 0.0131434422171929
-0.0160090015525736 0.103226176789578 0.0613068277673435 -0.0156043831865105
0.0449544996867289 0.0699869152932365 0.0176747588457949 -0.0914777666920212
0.0789695611943856 0.00536727384648611 -0.0641374102601616 -0.0805478068731614
0.0618011085965844 -0.0382020651442896 -0.0883886569575742 -0.000162106902692859
0.0280610884719422 -0.063566677694138 -0.0501152917042875 0.0367294654125192
-0.010415756513558 -0.0631937058504333 -0.0171344018628686 0.0318209381024582
-0.0178458621106535 -0.0570114378338646 0.00475474470221448 0.0230705640791261
-0.0192864330898594 -0.0602296058531866 0.0233699676958794 0.0106255822617264
0.0135486988830529 -0.0780348783326553 0.043338964948735 0.013461095574737
0.0606968980485274 -0.0598475647371193 0.0553046431824448 0.0311765036921359
0.0947962009976377 -0.0221527808539854 0.0403383097141041 0.0730669577662107
0.080179040373425 0.067277926452169 -0.014356274266753 0.085000126595723
0.003458621368683 0.119925514494135 -0.059059927453606 0.0481868452093462
-0.0597479750902411 0.11576312618499 -0.0377132885400691 0.0170176558366539
-0.080439184453344 0.0823150592213291 0.00754244052768033 -0.0192217105876194
-0.0377964497165716 0.116887071634616 0.0805680555536416 -0.0302827363873513
0.0396665773546125 0.092786475848551 0.0434793692007723 -0.0924621640424032
0.0925172461145002 0.0183344582638001 -0.0354269898983829 -0.0890783753704355
0.0743589375702797 -0.0405662184494523 -0.066006993148844 -0.0230907484288778
0.0342827636932428 -0.0703436957427726 -0.0427815978755997 0.00642257335812406
-0.00998446400648832 -0.0714482498122702 -0.0203576800911921 0.00288488050831824
-0.0197871349029212 -0.0614493823322282 -0.00313140489163466 -0.00126969598138269
-0.0218032509013672 -0.0608706839297192 0.0165791377054125 -0.0148764535279539
0.00955703197062697 -0.078274030440761 0.0421507068734698 -0.0137131173688468
0.0565627513638415 -0.0640037687545401 0.0663231440110051 0.00557527764291758
0.0939859285947951 -0.0299068218950734 0.0592095489395955 0.0580028064003003
0.0826744303809007 0.0633077447372829 0.00739211476996448 0.0779620312577243
0.00334628487951913 0.1163633597444 -0.0438017329663932 0.0369329039853936
-0.0610503505675357 0.110904325536152 -0.0109443883731061 -0.0126801305845268
-0.0811406063130636 0.063510577019782 0.0476923859214749 -0.0493819662666391
-0.0525678267864607 0.104362953968529 0.0984424096973399 -0.0443078748728866
0.0241779000363558 0.0955382548342379 0.0658390144448583 -0.0856674507011729
0.0847704937725887 0.0284054689026833 -0.00471587573680521 -0.087479293677395
0.0717746569543361 -0.0335279293700672 -0.0368146788645871 -0.0419626217343386
0.0340873333083013 -0.0638525656392165 -0.0310801756030971 -0.0244839781506682
-0.00765837299929025 -0.0662427997153692 -0.0226401226787031 -0.0259579076365782
-0.0188638057792545 -0.0557640981678826 -0.0104462027249621 -0.0249685613223634
-0.0206808302123648 -0.0540178170275104 0.0088420949062416 -0.0375628461532238
0.00613323998498785 -0.0674627630021084 0.0391920042759576 -0.0375251380024511
0.0477467463394622 -0.0569464874939621 0.0715859608260822 -0.0159652151270064
0.082436796698987 -0.0268022689493152 0.0694475955349325 0.0428638394040752
0.0704541260928127 0.0571637135580353 0.0214137110584444 0.0679058884886361
-0.00367590004357887 0.0995895675222983 -0.0315573793438484 0.0250899658999447
-0.058131180252654 0.0885433124766508 0.0121491481373653 -0.0377470528134297
-0.0641985254462505 0.0331388447578847 0.0818644281492166 -0.0721767726017064
-0.0525037546817938 0.0696406311573903 0.110350823487376 -0.0549724753395051
0.00676026610416893 0.0736573506046389 0.0803994110773993 -0.0759385143416367
0.0593958137505559 0.0269536040387669 0.0191471800552464 -0.07998755975894
0.0531137872112419 -0.0224583498361843 -0.0117085014308311 -0.0553356040917587
0.0258239490193862 -0.0462279095170792 -0.020248523697649 -0.0494588180729692
-0.00513430771008109 -0.0487913222587259 -0.0246715713975151 -0.0486068014044161
-0.0145677982830692 -0.041451146565175 -0.0167355381121096 -0.0439341205618458
-0.0162777020223864 -0.0403024104784695 0.00274835949945587 -0.0550274836331399
0.00457835145775561 -0.0499448635451996 0.0367089608059368 -0.0556936331549884
0.0365378036364118 -0.0438049384754484 0.0752179560643008 -0.0307703317383433
0.0645916137421359 -0.0173776711184103 0.0756782456104978 0.0324905754237642
0.0491368990067375 0.0502350802975617 0.0286569315998202 0.0596142702706312
-0.0135094188802843 0.0740009531093176 -0.0225201594803419 0.0165153718857227
-0.0517654674874406 0.0539847235321683 0.0323626487590983 -0.0535371695253678
-0.0344543962212762 -0.00230639819385425 0.102434343960194 -0.0861399751847388
-0.0367723573493823 0.0218433733550579 0.111860182228795 -0.0621966480145868
-0.00598940136167738 0.0343759296543912 0.0849202679493894 -0.0704605521781223
0.0237547953315834 0.0144918909495984 0.0306007243450723 -0.0743330251443399
0.0226197108754606 -0.00956793333870227 0.00145083382574783 -0.0630767430148514
0.0115916721328972 -0.0194789909337762 -0.0162546527277252 -0.063718274022062
-0.00259805292908474 -0.0229608663531568 -0.026104888287469 -0.0610773642339754
-0.00801051729987347 -0.0207510034843912 -0.0204026606915913 -0.0549078935478477
-0.00895573269624868 -0.0210292139606697 -0.00053235357681393 -0.0660741507070678
0.00169268792158056 -0.0282360001967108 0.0367966896775973 -0.0671097170869915
0.0212590094129471 -0.0274437451954997 0.0797093661489915 -0.0390423264487282
0.0425063950585214 -0.00709492148226355 0.0800784164474053 0.0283477416639096
0.0250184092128779 0.0383617541002324 0.032352233423965 0.0560323919566856
-0.0202196084535396 0.0408363733001288 -0.0162576458017233 0.0133435176696487
-0.0387230851669122 0.0143297596424169 0.047485455202354 -0.0581324663662835
0.00907369288024412 0.0195366904083302 -0.0685367731769591 0.0598812757875412
0.0151474637710734 -0.00730291705017872 0.0301308900589835 0.0148530817141931
-0.00201862503812168 -0.012908189959472 -0.00817780252050272 -0.068542818444432
-0.00933182947325059 0.00162958878036265 -0.0788786238542378 -0.0554306648076214
0.000103799555834154 0.00788002228521018 -0.0989827179646213 0.0204020953648062
0.00302488528365182 0.00299037348699598 -0.0591359581137856 0.0712326705512727
0.00134829126513197 0.00172538193653174 -0.0172315627844891 0.0754710157707893
0.00212149350583524 -0.00335176728554441 0.00835432071440341 0.0666364577450254
-0.0022477522024554 -0.00592383758065721 0.0176520050094082 0.0670322127560932
0.00247722185795389 -0.0105899915134543 0.00852391864373453 0.069936407430945
0.0105677506498786 -0.00389005225177019 -0.0131540773683264 0.0687743679467622
0.0117068513134866 0.00104570512972815 -0.0423370723169949 0.0646331363145763
0.0128640326470771 0.0121831048240014 -0.0890400692699805 0.0490320513981661
0.00902557793533435 0.0251429459647557 -0.124268829453537 0.0324014024622448
-0.00892971222174582 0.032007497047288 -0.123713571954172 0.0573442605672894
-0.0196768643022058 0.0450247274188728 -0.0693718865719835 0.0500396557718537
0.00630562458013273 0.0296823513774721 0.033071886603687 0.0122143597443324
0.01551463621751 0.012309798328432 -0.00264608838022488 -0.0734101959824487
0.0192006685409906 0.00160758288799598 -0.0765901510057578 -0.0649854195832166
0.0224456482890799 -0.00650789057555424 -0.101916392816294 0.0145780383146199
0.013962609196049 -0.0197818065990828 -0.0617793263546742 0.0646622900563941
-0.000170642015490519 -0.0230987605441865 -0.0201846012846049 0.0677490114999469
-0.000532597374439984 -0.0269609515495945 0.006178802110333 0.0595386205876014
-0.00137235541793685 -0.0317739230687549 0.019654573582465 0.0575379040771836
0.0196301774717692 -0.0375644380822169 0.0188482492439628 0.0626736066998329
0.043188788288945 -0.0161705858278783 0.00347911594950205 0.0687468347148727
0.0487463188916982 0.0126663074943805 -0.0268040208580734 0.074456313895785
0.0253207601628425 0.052309642779144 -0.0761471962040779 0.0616956406589103
-0.0152710831961997 0.0688743329883632 -0.108571087098616 0.0366725556421651
-0.0465502017599452 0.0629323499101729 -0.104200663716743 0.0493985215352612
-0.0504783509904855 0.0623657257711779 -0.0565578679412893 0.0316001053959048
-0.0102315092146733 0.0666217067859098 0.0427403684173827 0.00568498420107408
0.0274872162150244 0.0436068870247363 0.0120699895160163 -0.079101602223657
0.0490266547452538 0.00720529319709225 -0.0664293813195152 -0.0771959265674272
0.0455494005994264 -0.0184638933453383 -0.0983875088660532 0.00127762707659345
0.0266919148266886 -0.0404182807500562 -0.060895067794837 0.0496710436607938
-8.4045127614861E-05 -0.0452548877389633 -0.0221834594325847 0.0513459639224713
-0.00349365952527871 -0.0458956099910029 0.00293972343323116 0.0442602613929302
-0.00331479185729979 -0.0506397878648986 0.0212431181841565 0.0380768658766794
0.0271643437580483 -0.0597362286413092 0.0309991762091426 0.0449043538348876
0.063259526273294 -0.0317371111264577 0.0271047744556575 0.0589023332536392
0.0786555339843594 0.00896467361566536 -0.00135730224691335 0.0809774721930055
0.045985026074802 0.0762525441353072 -0.0546745489042195 0.0750632218956474
-0.0231379499701625 0.101791346935698 -0.0889459895099404 0.0392932212613796
-0.0710185757323565 0.0872697109365616 -0.0751550990671113 0.0325758732758903
-0.0773149069528538 0.06870295206717 -0.0292312304055591 0.0088227688631087
-0.0332260687931784 0.0948046800104458 0.0597463419072213 -0.00444201945707694
0.0300744468817023 0.0755995925239089 0.0331102251606808 -0.0822157528828968
0.0736528551720333 0.0193881061217504 -0.0462809630821237 -0.0873323314406057
0.0665573314656955 -0.0253287185504108 -0.0842514023713164 -0.0157391765218287
0.0388246054744336 -0.0557980089506406 -0.0545596405146758 0.0269291384009005
0.00108711869558962 -0.0619189709902433 -0.0219570386169292 0.0268129528898546
-0.00620936209291221 -0.058501648885366 0.000844183583793895 0.0233156182164447
-0.00623261355730902 -0.0609746979557795 0.0211431566039326 0.0141433889388568
0.027287687849162 -0.072101161480087 0.0399090738594097 0.0203329389482786
0.0702517892184314 -0.0456952387310626 0.0497388839773249 0.0394920667752331
0.0945913375622786 -0.00207268617388705 0.0271789481457501 0.0776713674348717
0.0632089891490112 0.0829586968776106 -0.0282146077622882 0.0815292485683741
-0.0217848805904897 0.11681239493004 -0.0693539540042281 0.036237619278237
-0.0814104869963939 0.0986602863212747 -0.0413418878767752 0.00999826103627248
-0.0920768637113685 0.0622179269758522 0.0101641021058283 -0.0160288713967919
-0.05593397023468 0.105120187758111 0.0803176377747377 -0.0158556668334962
0.0207559689909361 0.0968948367298615 0.0569850075026304 -0.0787048610615494
0.0835080388760638 0.0341722912106578 -0.0170525334014743 -0.0899799130793922
0.0785912747328456 -0.0246186475053966 -0.0590419516989071 -0.0332794562628927
0.0453822961465739 -0.0604495755966614 -0.0412590192259311 -0.00105016305156275
0.00283139123914115 -0.0693613655235716 -0.0200633971621496 -0.00166428745838923
-0.00777444537038824 -0.0629991237538673 -0.00233938192709455 -0.00151103600491269
-0.00835638863913163 -0.0621917595929713 0.0186813334791112 -0.0113768844695498
0.0236129022234926 -0.0729114807617933 0.0444962089312649 -0.00575293654180115
0.0667397394769371 -0.0503795818186655 0.064868234132386 0.0163819966918642
0.0948307532018491 -0.00929006989851363 0.0483003023157895 0.0667689158597579
0.0664276753343842 0.0793163152581071 -0.00551756194126249 0.0785077746252454
-0.0209439643992542 0.113578017084791 -0.0517732421561415 0.0289420594942937
-0.0814293160962006 0.0933695833932152 -0.00930859241051977 -0.0139414356819258
-0.0886969668820157 0.0448803173718446 0.0537789975769518 -0.0383634937683133
-0.0672753597337956 0.0909736519323435 0.100148893015111 -0.0262770533617645
0.00497089066815186 0.0963087332606495 0.0766465190790987 -0.0687388469067587
0.0746923159253945 0.0427655324851411 0.0114970729223101 -0.0822533249430053
0.0745294459560261 -0.0184616489209303 -0.028076890366718 -0.0466977654824835
0.0441713604857956 -0.0542742909392905 -0.0246018089595346 -0.0286613728480927
0.00374026105631556 -0.0638383655341089 -0.0172038016324002 -0.0298793610883449
-0.0080282608432563 -0.0574416545936206 -0.00522676754336481 -0.0253338282239637
-0.00938993681095882 -0.0548717894249562 0.0155156760300156 -0.0346366747076916
0.0188401238718327 -0.0629809368025082 0.0453761945874274 -0.0289548709704555
0.0570614815488635 -0.0453953212238314 0.0732399232499619 -0.00316197856245651
0.0831782240974447 -0.00863459016207956 0.0613651811451307 0.0545065008290843
0.055904123712654 0.070426621019084 0.00962642808943057 0.0714993938962675
-0.0239273463762774 0.0947160161656173 -0.0377979740291745 0.0197356401391758
-0.0745792769279439 0.0725458998255445 0.0192365522265629 -0.0341759369666821
-0.0670065075176549 0.0204196606738006 0.091668956908828 -0.0543379156015719
-0.0613600493326131 0.0586990618406986 0.11444719885124 -0.0343567471679646
-0.00736514833048029 0.0724226537503673 0.0888764905049273 -0.057010898439227
0.0505569434967487 0.0369199075940825 0.0330194745413587 -0.0713295708800657
0.0541826014752304 -0.0102922259876882 -0.00149496063055309 -0.0545565034321689
0.0331925842528829 -0.0383268177560655 -0.0100947526665678 -0.0516594722333611
0.00306753326945869 -0.0470442972541139 -0.0142964266442456 -0.0524459159542521
-0.00605255478513956 -0.0423323337047721 -0.00778469894837172 -0.0444354877468272
-0.0069939053159105 -0.0410324946916808 0.0133208164348552 -0.0524918443752672
0.0134931145876811 -0.0468014761117233 0.0465071456677582 -0.0461440023088183
0.043166824688013 -0.0345135725943933 0.0792264120259104 -0.0166192473765292
0.0641288556947227 -0.00381120983073863 0.0688027653732439 0.0456895014545076
0.0371867971452415 0.0587550494630503 0.0178729375487637 0.0643600088788728
-0.0287312938000265 0.0676707331038896 -0.0269332030598236 0.0133009000316036
-0.0609039337846656 0.0411015074743258 0.0422545472544375 -0.0454809595498249
-0.0321465900741615 -0.00700184389573763 0.114771486254741 -0.0641748565598987
-0.0388412322540004 0.0163197524399966 0.118861431798824 -0.040220675978989
-0.01165534129902 0.0334094153785831 0.0932622143300423 -0.051394663040089
0.0195839705610149 0.0192480324290619 0.0431833328050908 -0.0641364969064579
0.0232892797192512 -0.00390070748329391 0.013483985144894 -0.0601482579817467
0.0146652260041949 -0.016139051536061 -0.00359104359343964 -0.0650889109125965
0.00154901523023996 -0.0222626532665352 -0.0139933868942583 -0.0646364223617165
-0.00324446462020405 -0.0212576501154108 -0.00952062573275651 -0.0559322086444938
-0.00446238064178493 -0.0214446583083689 0.012634817615911 -0.0632753890226327
0.00663349794744366 -0.026184713140026 0.0484769427502261 -0.0570253968849555
0.0253289737174861 -0.022231856436662 0.0846025046988306 -0.0231197629561312
0.0416111786251702 0.00172797663577159 0.0729975402950493 0.0426470578939163
0.0163965887358832 0.0423592427453512 0.0208676314952081 0.0615274599670582
-0.0280993542582093 0.0347388178626244 -0.0200821265852373 0.0106363521356252
-0.0404749519371143 0.0049988578559117 0.0581832336668319 -0.0470664039024278
0.00868509838227306 0.0190150087913136 -0.0658816234031023 0.0595261705210799
0.0146810561725991 -0.00775805199791445 0.0304486353275316 0.0140515115095664
-0.00197665487096261 -0.01255512096469 -0.00907434340114989 -0.066005643105998
-0.00916887028179627 0.00175043914189606 -0.0774499691953766 -0.0528035931566612
0.000859103333739286 0.00697938990515472 -0.0958306285805012 0.0212704583165703
0.00305046877622805 0.00245372421059131 -0.0559252182650002 0.0703489839954463
0.00145115859036096 0.00122513773116558 -0.0147907080839168 0.0736114716285461
0.00202776310919908 -0.00376690793593759 0.00939951447426674 0.0645867743265402
-0.00150236417232936 -0.005809439272227 0.0188420866947525 0.0646586285972802
0.00261582498850691 -0.0103568201378998 0.0102146035662233 0.067988392637702
0.0108540857802332 -0.00458010649661444 -0.0116517769705253 0.0675173113945082
0.0117744005482304 0.000537909710290047 -0.0406134205541731 0.0630046425796796
0.0126985318823211 0.0118210525259416 -0.086500467527601 0.0482070557960304
0.00920495958130936 0.0241052882624838 -0.11986969435891 0.0324177451278028
-0.00832996346324047 0.0309372845188385 -0.118979567612953 0.0582575868150192
-0.018445918288998 0.0435144694871471 -0.0669946891376294 0.0495886327627363
0.00669393027565357 0.028773302074137 0.033306004671406 0.0117606552440995
0.0151485250986467 0.0116123094742512 -0.0028321741376837 -0.0708126589417982
0.0187093889729507 0.000836083321897061 -0.0754985978683357 -0.0614851037104047
0.0216555516719152 -0.00719964934133359 -0.0981102699298737 0.0155950621337906
0.013415782271075 -0.019889952704056 -0.058171892865564 0.0634688086038523
-0.00100279943862888 -0.0220678272488723 -0.0178136341073108 0.0661025660216359
-0.00135497388908902 -0.0261707678571831 0.00723846444986719 0.0576742765365638
-0.00178082316466443 -0.030805448051355 0.0207285278720178 0.0552173382948341
0.0176537739620501 -0.0370551625233509 0.0200117029850805 0.0606375006563155
0.0421325074466306 -0.0169069415490529 0.00439247682715477 0.0671948246131761
0.0476579061766644 0.0111410956676518 -0.0251364723860585 0.0729319838252283
0.0256343046100558 0.0507435118820597 -0.0737283692427 0.0604970266191906
-0.0136494285493144 0.0672966697261488 -0.104716723296228 0.0373391808525676
-0.0445808572141005 0.0609884792095931 -0.100401673629991 0.0493069468209117
-0.0483867734294707 0.0612451741725395 -0.0541363677190914 0.0314178048317321
-0.00894191211149022 0.0649814739906672 0.0426940496290363 0.00556880731590205
0.0273089540775684 0.0414491790533105 0.0105811135058444 -0.076551489622082
0.0475675934983537 0.0056944526235371 -0.0654558752739375 -0.0737598971523677
0.0437927482993469 -0.0193220134762445 -0.0948453085461461 0.00303828539467944
0.0245778351057338 -0.03999012849282 -0.0581089199603537 0.0486817488362249
-0.00114281526953722 -0.0436992557847672 -0.0205122322189856 0.0498006019476528
-0.00435255991861783 -0.0451086359535519 0.00442172723962278 0.0432549591914494
-0.00434289137422122 -0.0487302668688431 0.0218514312572123 0.0369302637876185
0.0246407454941092 -0.0583110614770122 0.0317500567729243 0.0433982715028169
0.0610742129438515 -0.0330321664286519 0.0272440171560738 0.0571510078749674
0.0762321987794479 0.00669448927040396 0.000470548364460466 0.0791049804081685
0.0465427943497479 0.0734066053177603 -0.0525327891737397 0.0735529156329639
-0.0205372408936475 0.0995951753888566 -0.0855745564968237 0.0390883836327813
-0.0677675805599024 0.0848614598807856 -0.072971088979047 0.03339559253721
-0.0742837529538124 0.0673614569947067 -0.0280124068369147 0.00941971142788928
-0.0308083088505852 0.0929956051544464 0.0589311164638297 -0.003933394050496
0.0301302123998739 0.0728728018139225 0.031120426457074 -0.0796279500687799
0.0714255910651335 0.0172480972254945 -0.0457707977488848 -0.0836581649512138
0.0639279966943695 -0.0266328502413085 -0.0810653968714592 -0.0135945045799384
0.035798345311475 -0.0550908332524012 -0.0515496398865821 0.0262014203854422
-0.000369179450411514 -0.0596543036702009 -0.0211498096033409 0.0266601254475547
-0.0072680983225611 -0.0571972773760019 0.00123990507655811 0.0223822596694211
-0.00729357255080114 -0.0591432787886396 0.0208947536661341 0.0135492619492883
0.0246159044125441 -0.0705673276382993 0.0399518124560402 0.0188973033777259
0.0673046978226687 -0.0469130407651177 0.0493285945205397 0.0376506813688293
0.0912767646531526 -0.00422395576448477 0.0278042058694603 0.0751309956428323
0.0628919684645245 0.0797209932358755 -0.0264979905391654 0.0783779579012493
-0.01858906680934 0.114430497203919 -0.0669608472612812 0.0359899699883088
-0.077602407874359 0.0965822739878794 -0.0407438822368158 0.0112363461401679
-0.0893430322676827 0.0613998840951324 0.0103502118357176 -0.0155930359491536
-0.0524427426103411 0.103171205917173 0.0786819986758426 -0.0158194870470114
0.0214385211932525 0.0935399894622066 0.0541434699302354 -0.0763670171304869
0.0810087249533743 0.0317681174907076 -0.0178467564762702 -0.0867996121054696
0.0753235072963439 -0.0257100711537043 -0.0564031519249525 -0.0312428708066346
0.0426778999195923 -0.0600539611712857 -0.0398635178174476 -0.00127418059562936
0.000887903061145432 -0.0667611042056957 -0.0200439181503435 -0.00147014860540945
-0.00875045329974534 -0.0611303211024334 -0.00237020405800935 -0.00171746419633722
-0.00992523416904531 -0.0595586138017373 0.0178724682107805 -0.0111379234061827
0.0205109631212354 -0.0712642148382759 0.0437209866083893 -0.00671356508342151
0.0640346667701215 -0.0507398333429125 0.0634830913914249 0.0150541183652972
0.0910482382761661 -0.0115445248905671 0.0489554905780845 0.0637322487712587
0.0665091890580531 0.075132010106881 -0.00469780166344677 0.0758160255549221
-0.0182074888955459 0.110364655171372 -0.0498739162549744 0.0290352964423288
-0.0774849275245494 0.0912725528190728 -0.00986874304147288 -0.0124145251713564
-0.085802830142086 0.0448531929199164 0.0521597913208036 -0.0375994271404988
-0.0637164344404728 0.0897763087165633 0.0973104866169193 -0.0265487451021955
0.00612544102273737 0.0935711712709877 0.0739496335731606 -0.0670424005279539
0.0726201465988943 0.040391615932317 0.0113051130307745 -0.080180267321731
0.0717360704584797 -0.0195846492742375 -0.0263466105151907 -0.0452575897120797
0.0413217139037958 -0.0536367969746988 -0.0245642882337734 -0.0286095200179475
0.00227859406156277 -0.0620476171039474 -0.0178854510880343 -0.0289241814167013
-0.00931636841704179 -0.055442777755643 -0.00509184335428336 -0.0241419469287778
-0.0099190848763488 -0.0526511988049506 0.014678452162306 -0.0336743388934518
0.0165961556730246 -0.0610904988231532 0.0442124223769407 -0.0290526601313144
0.0541220522890074 -0.0458606270276138 0.0714175084865386 -0.00507511850864108
0.0799566106035375 -0.0106847196636739 0.0613329198206974 0.051905438241771
0.0554820609216686 0.0671883488150315 0.0104039204946898 0.0681502553483729
-0.0215039619390666 0.0925636675978923 -0.0365684129566139 0.0194766831026387
-0.0711843737978515 0.0706873444224074 0.0171851960476932 -0.0324407387355797
-0.0652470398913445 0.0207301729175209 0.0886971615739422 -0.0535863939122244
-0.0586701844931156 0.058026236126448 0.111141479424716 -0.0342995123127179
-0.006518518179943 0.0708801375648815 0.0859555858814831 -0.0561265643896552
0.0499920537206674 0.0351973122576274 0.0320488603985489 -0.0689491781520642
0.0523617376778821 -0.0115614181210426 -0.000738343619585777 -0.0535260271468898
0.030717228707241 -0.0376030104610921 -0.010969525759177 -0.0509810598785361
0.00190016041839034 -0.0452039815713145 -0.0161485725371524 -0.0507453326731978
-0.00755324868882182 -0.0411637172438918 -0.00786022885108405 -0.0428867700255637
-0.00784741358896752 -0.0392376066882894 0.0118987993478311 -0.0510414780788579
0.011989376483761 -0.0451711938162831 0.0446344822877245 -0.0455215630058758
0.0412388405025878 -0.034566850274867 0.076954638588957 -0.0174900747579999
0.0619987958883041 -0.00494097025843517 0.0681326703162366 0.0435224682922713
0.0369117039025858 0.0562775355905754 0.018246202460482 0.062022452719396
-0.0264817858280185 0.0663135558842147 -0.0261624392197975 0.0128570642872665
-0.058454056721268 0.0404785798090096 0.039021350135757 -0.0442414036558193
-0.0310339645822706 -0.00657306899232072 0.110624586008989 -0.0631768185573574
-0.0370941395218038 0.0165246039492204 0.114610141807351 -0.0406279487052154
-0.0108672800686535 0.0328570361118225 0.0900962114489432 -0.0503955402618838
0.0195542595504589 0.0186998550364315 0.0419194711714381 -0.0623336773443936
0.0222647174334932 -0.00436304123510306 0.0125686087954002 -0.0586016309620966
0.0138014569880671 -0.0154473894110645 -0.00556183251978912 -0.063817373110026
0.00111201556117057 -0.0211351852759703 -0.0154989793328503 -0.0626768154799947
-0.00396456813090041 -0.0206207651242046 -0.00955968564230205 -0.0538593753633621
-0.00436468500441359 -0.0205807247431648 0.0110291720680773 -0.061548411470709
0.00651573739606734 -0.0256490027605893 0.04607858219935 -0.055924314019835
0.0240819945882171 -0.0216296431910502 0.082304562513401 -0.0240189281606482
0.0394185957344878 0.000248523827574588 0.0723132565456875 0.0402456510824519
0.0162928684990714 0.0405019112388353 0.0212486249642601 0.0588073494640618
-0.0269838346174564 0.03417587390735 -0.0194258702988109 0.0102716164257698
-0.0393785693802413 0.00552604740273063 0.0548316730693735 -0.046216618541257
0.00870188883842962 0.0187786700352711 -0.0633164494392082 0.0576694740133955
0.0140009946100075 -0.00793721442594293 0.0308116775896332 0.0137539668643277
-0.00187308017580213 -0.0121973576295165 -0.0084765237796817 -0.0643212650940762
-0.00911153518756112 0.00147516730861233 -0.0751726173578789 -0.0507499597616733
0.000854361541779087 0.00683537096036391 -0.0929730540849761 0.0211035894044398
0.00334287637274697 0.00165019549764946 -0.0529831487361491 0.0682609837343877
0.00124900957955321 0.00115332846333177 -0.0132759451648968 0.0715975374776113
0.00205448936492112 -0.00411634255022238 0.00943629258153176 0.0626664620466983
-0.00115657278058044 -0.00593371079802765 0.0196238955296241 0.0624735572868567
0.00235407672591713 -0.00939876592035627 0.0113074391845936 0.0662204762100982
0.0104984398913455 -0.00454202223404714 -0.0117486407872226 0.0660001989893899
0.0113044706686387 0.000658836832187191 -0.0395553771942838 0.0605539583409467
0.01296525046206 0.0113315326764314 -0.0847564683615419 0.0466432275339923
0.00861451775168083 0.0232832832686167 -0.116164977081383 0.0315460953733019
-0.00857956093372775 0.0294658855644676 -0.115433603266598 0.0557746682299459
-0.0180775488723919 0.0427722989688161 -0.0643458732504269 0.0483935021328818
0.00701197544282673 0.0276529289830406 0.0333078303381582 0.0117912058547623
0.0146564361799925 0.0106550343117652 -0.0025779270811866 -0.068327469199113
0.0184398563540847 0.000492801516456053 -0.0728990789417769 -0.0596277579766681
0.0204943654619013 -0.00742879200322432 -0.0948678465593151 0.015206880919512
0.0126382921721602 -0.0196197960230207 -0.0559874124053948 0.0619504186416467
-0.00133847064629751 -0.0218272001039472 -0.0164833350840669 0.0644872852473668
-0.00142326837767016 -0.0259550457613277 0.00777754197262072 0.0560217579850928
-0.00192835992543313 -0.0299667177968803 0.0213885433064221 0.0530282396965286
0.0168056340996697 -0.0361257313740847 0.0210267571205674 0.0586637053942157
0.0407795374623181 -0.0172031599655109 0.00489884520658489 0.0659559359481613
0.0462870336211134 0.0102952329054328 -0.0244030434678297 0.0708755987604394
0.0254948495380045 0.0492279773281499 -0.0720566536360294 0.0586485853776176
-0.0133807194057749 0.0655474430039137 -0.101621258726914 0.0358878268338531
-0.0434629363330057 0.058659879192045 -0.0973489438611757 0.0485264429222959
-0.0474634677021622 0.0594456828489511 -0.052055597920226 0.0304854924787334
-0.0080246241156521 0.0630341629934091 0.0425106930890363 0.00528900747622022
0.0267086333673257 0.040135787293506 0.0106797530777657 -0.073853752419988
0.0458680085961661 0.00500038950289473 -0.0634731424161851 -0.0711547345879037
0.0418329998864204 -0.019125280759394 -0.0913390688072388 0.00275997146954617
0.0237423185339174 -0.0395353473024267 -0.0555375233882414 0.0469278987594698
-0.00163521684356849 -0.0423634336095033 -0.0196138607852612 0.0486862501532624
-0.00485832328071954 -0.0439084534365547 0.00456227962874427 0.0417802580320335
-0.0044246479485033 -0.0475589414543055 0.0216060335789536 0.0361674354750227
0.023088024789887 -0.0570508262986251 0.0318167952511773 0.0420861152977687
0.0593443022766684 -0.0328089462435431 0.0273051501366117 0.0556228017468681
0.0740589775314267 0.00589742443958543 0.000407247466610797 0.0766312005210503
0.0458153321946792 0.0715181237192326 -0.0510668974956435 0.0709227745431822
-0.0199703917823887 0.0966676885633028 -0.083211364401013 0.0383204562506285
-0.0660514244496925 0.0818462379147401 -0.0703822084989378 0.0327964692669886
-0.073168086773185 0.0657944819618896 -0.0264037248253128 0.0087620522581659
-0.0290232844399405 0.09079108151111 0.0584494570849297 -0.00395687781694973
0.0291775617231044 0.0706410122375198 0.0310716293129077 -0.0767281138359902
0.0692426523867717 0.0163898518772018 -0.0439133798464949 -0.0817834056076912
0.0616918165619827 -0.0263259914358827 -0.0779776796190992 -0.0130932130499571
0.0342846513805873 -0.0536081258525771 -0.0502158259665529 0.0253786039641987
-0.00115729767304016 -0.0577121278782955 -0.0208389494932479 0.025754568180543
-0.00744520805363417 -0.0555382284770772 0.00133947288176168 0.0221878764051135
-0.00788045454740406 -0.0572149060056371 0.0205616575501073 0.0132935752377675
0.0231714136269586 -0.0685451218625931 0.0403971272018607 0.0180925516985518
0.0653920876078782 -0.0464872841808055 0.0480065153382775 0.0362614223637223
0.0882946919745207 -0.00540133379119221 0.0274853344058725 0.0729388129221638
0.0617644072361531 0.0769102334407498 -0.0260258955225453 0.0764125136918922
-0.0182617971939013 0.111211439148017 -0.0643873999468105 0.0346240555054924
-0.07560088173441 0.0928642896639751 -0.0399267760658254 0.0112482791412576
-0.0866945275267817 0.0594726141129489 0.0102962788914275 -0.0150273324744269
-0.0500485273214498 0.100425974848285 0.077397449367296 -0.0146728326700062
0.0207190977058919 0.0912727260554284 0.0530836615939012 -0.0736156178525145
0.0791267907306299 0.0305662574009974 -0.0168572639361606 -0.0840422541702331
0.0729408134195548 -0.0256925196726212 -0.0538575797396643 -0.0306242489415691
0.0404614590013052 -0.0583456971804093 -0.0386856602858432 -0.00209954376880783
0.000258395860536392 -0.0645587690259052 -0.019957628634762 -0.00140119389418692
-0.0095915739525669 -0.0591646314603551 -0.00177529737135407 -0.001404622742769
-0.0097369007869246 -0.0576561580126381 0.017359404104287 -0.0107207405030191
0.0193141102937319 -0.0689132743259514 0.0434031341010374 -0.00661986127126682
0.0616175899809754 -0.0506038372852383 0.0621252289294371 0.0141326718555382
0.0879741175666025 -0.0122823819164503 0.0481159378669872 0.0619429916227444
0.0649002615730366 0.0727395667664671 -0.00452862817379346 0.0732080229354217
-0.0173894075413266 0.107563814978479 -0.0479557687015493 0.0271433448263911
-0.0754300169256574 0.0880706941229199 -0.0100742605293169 -0.0116330772173139
-0.0834982567075887 0.0431672570905803 0.0518367979117426 -0.0364724937332101
-0.0615057939987708 0.0877280948669867 0.0954146462886737 -0.0249472202475795
0.00630611221551843 0.091402464975416 0.0722835063791285 -0.0645702610199813
0.070729480659198 0.0387525918121282 0.0107118900985454 -0.0772770398302987
0.0694187583012624 -0.0192777606701465 -0.0245048403577057 -0.0435740714410002
0.0396045456048904 -0.0523120621957676 -0.0241726911668021 -0.0283827876010723
0.00127135798602831 -0.0597640971430685 -0.018431651181326 -0.0280778551961171
-0.00949487454486959 -0.0536628896058264 -0.00521421574215811 -0.0233231316026213
-0.00993557125496564 -0.0510955922962181 0.0139133929673063 -0.0325544471817754
0.0154771681346838 -0.0598562556075057 0.0429074985561884 -0.0286257947441383
0.0517930582420854 -0.0451070339359464 0.0695372765588243 -0.00524198283418363
0.0766959420829093 -0.0114400531200874 0.0601168206019538 0.0497629609045457
0.054517398033542 0.0648425427014537 0.0101635282976366 0.0653486502724042
-0.0203290510619973 0.0901427905277004 -0.0353195779125882 0.0189241145228984
-0.0691954232270914 0.0687457476472901 0.0156169819936634 -0.0308037600571846
-0.0633060006995868 0.0199128401503619 0.0864653999600403 -0.0518850462103004
-0.0564591910780652 0.0566492029496602 0.108351484986307 -0.0324332945353836
-0.00521557869229887 0.0693479849068705 0.0837305979936324 -0.0540536377478818
0.0481673137151692 0.0339240332483082 0.0312322789937768 -0.0661514564659021
0.0507244465474406 -0.0116669658948647 0.000526407579703323 -0.0516058852943591
0.0297848642170842 -0.0366891861741083 -0.0118055278519444 -0.0500450249616733
0.00170441946846395 -0.0441379508108984 -0.016663585090988 -0.0488675178079005
-0.00770567526927879 -0.0401201211668396 -0.00818562508638218 -0.0417357490943951
-0.00809515756523308 -0.0375198434560089 0.0112700873214402 -0.0493679774758696
0.0113194074549701 -0.0442358522470023 0.0431579380655076 -0.0451359818715763
0.0394503428537037 -0.0340391900794942 0.0745502302272625 -0.0176537097071781
0.0591873319554746 -0.00545951195426658 0.0668954900180819 0.0419723563303018
0.0362984110878845 0.054009533723121 0.0176254378978701 0.0596360870005241
-0.0253977630120171 0.0643456469257177 -0.0257335115729049 0.012675020140673
-0.0569092003230997 0.0389549686509238 0.0369643618360484 -0.0418734829512113
-0.030314631202203 -0.00638209837889919 0.108048915601518 -0.0609320967115058
-0.0355628972560608 0.0164114740360562 0.11186011290925 -0.0387223672224365
-0.010264447755721 0.031906321628913 0.0877301421494624 -0.0490839829286299
0.0189720178979949 0.0176275724795612 0.0412521175870156 -0.060174144100865
0.0215396403334648 -0.00449199088379145 0.012923436772296 -0.0568953946573915
0.012957000848858 -0.0146258807349976 -0.00638220144735458 -0.0626549830917806
0.000683850705959162 -0.0200293976492537 -0.0165115349750162 -0.0607115873297229
-0.00405825187869227 -0.0198164506881696 -0.00978178609573645 -0.0520814308140239
-0.00413287263618141 -0.0198368816622837 0.0101262533408936 -0.0593117554288814
0.00624042963004592 -0.0248235005044258 0.0441641795628999 -0.0547912092608144
0.0229776558516747 -0.0206478639170728 0.0790586468027971 -0.0241572907034142
0.037737254535781 0.000589979849996383 0.0702715662731259 0.0384087687906041
0.0162328111402187 0.0393153513853734 0.0204627673615024 0.0567142540666545
-0.0262316789000636 0.0333034771428732 -0.018998623817109 0.0107620815284381
-0.0383538173371204 0.00553660478566567 0.0519276203713859 -0.0444220862900614
0.00856988416037782 0.0185766173221548 -0.0624595871021211 0.0559765107784507
0.0137279722132303 -0.00740396180851972 0.0310704683621548 0.0140395535610709
-0.00181455491705972 -0.012325264896039 -0.00673877336559521 -0.063033991903771
-0.00878120853635425 0.00139450080274361 -0.0735596152945683 -0.0502843409424346
0.000744663454368424 0.00604184956953948 -0.0918216217581299 0.0198085511243358
0.00333539106069346 0.00149262092942671 -0.0524300189413608 0.0664199885332311
0.0013870155827357 0.000634923348684153 -0.0127047599034043 0.0699009736301007
0.00194669892235721 -0.00448409772663284 0.00923048738880298 0.0615111189581071
-0.00107525357061014 -0.00580535131533383 0.019289889432045 0.061310821398167
0.00239205164720993 -0.00972961415759671 0.0108234011829455 0.0652926341984865
0.0104402843229316 -0.00450723866927757 -0.012167204306748 0.0653954484540824
0.0110372138309736 0.00058439950935814 -0.0401736504728963 0.0586608240581138
0.0125819713138451 0.0116677106300929 -0.0843065153022976 0.0447668827610529
0.00852751999400275 0.0220810231995501 -0.114340398758676 0.0291046542944036
-0.00928688332159913 0.0285015832850066 -0.113137351397556 0.0532812503951976
-0.0186599868868143 0.0417533664991691 -0.0634745373893535 0.046958635947525
0.00669960930668136 0.027175444996864 0.0338148838224414 0.0118965892976177
0.0138901708858216 0.0108725004632522 -0.0010576775051694 -0.0666788178418243
0.0174451559949282 0.00061529133810239 -0.0712040128452391 -0.0591398072784266
0.0204778839964654 -0.0072982295605415 -0.0933080980480416 0.0137159871200549
0.0125944647824892 -0.0197065836150491 -0.0545926545723356 0.0599316325596773
-0.00114975859946526 -0.0214232205908463 -0.0157861867795166 0.0630528870165979
-0.00171063352017726 -0.0257580565899998 0.00775076748885255 0.0549970849093384
-0.00191432045308037 -0.0292374593935595 0.0210182544320528 0.0526320877224238
0.0167744827953465 -0.0353880656498027 0.0205852256643327 0.0584379301939911
0.0402236071193279 -0.0170937162727515 0.00348512042633441 0.0653748785222011
0.0451087144173131 0.0103245649883285 -0.025026509094469 0.0685731872480296
0.0245563939282025 0.0484737175293313 -0.0717421299379829 0.0562104089098916
-0.0134788881265846 0.0636327513242971 -0.0996485921779415 0.0339430802281381
-0.0442022042857995 0.0562408994242161 -0.0956612152108319 0.0465934026665713
-0.0476076836870396 0.0578713572637864 -0.0512499878111267 0.0297952053060784
-0.00795571636664225 0.0617710957086261 0.0429407303766614 0.00593027275560513
0.0251491053506715 0.0398961542636354 0.0125844325985713 -0.0716734178703732
0.0443605243982256 0.0051630496497681 -0.0611719065878834 -0.0708827655518268
0.0414599817141562 -0.0189066834397153 -0.0891076072994843 0.00173828981449409
0.0230129638878166 -0.0388147910041673 -0.0550048078907384 0.0453329181436963
-0.00158125819081544 -0.0415637966111851 -0.0190250559552033 0.0475604794867277
-0.00472966050965866 -0.0428108131612016 0.00440649954897427 0.0413824909932228
-0.00412799879982051 -0.0462276901470282 0.0217129348043199 0.0355274514524695
0.0227379098145996 -0.05579539070273 0.0317574361797873 0.041261626771275
0.0585682140973356 -0.0326592085573938 0.026066226455971 0.0553365566419275
0.0721751341537226 0.00583105758525176 3.63987574490211E-05 0.0747776380249806
0.0444060938769159 0.0706604839122278 -0.0513947109499706 0.0685950904973935
-0.0203220925818967 0.0947821631465442 -0.0816710614224337 0.0360293852532541
-0.0664754102183219 0.0786655545458786 -0.0696240725328689 0.0321746249759081
-0.0726661730843887 0.0634188704358923 -0.0254928762478866 0.00862583746590151
-0.029063774795124 0.0888030636849488 0.0581646600890567 -0.00254653482412679
0.0277447346156687 0.0695414837716008 0.0320814189511737 -0.074278553705587
0.0671144479233465 0.0164296403150186 -0.041640461508631 -0.0804899133372212
0.0607307926244784 -0.0254642747596053 -0.0753604347433468 -0.0144399618983909
0.0338375900628376 -0.053129725742308 -0.0491040516530902 0.0237678450420875
-0.00108900656216517 -0.0566828234998124 -0.0206804081127148 0.0251527029448276
-0.00750702088039567 -0.0545943402562669 0.00158100076535755 0.0211280929709952
-0.00693310963468369 -0.0555793676711823 0.020242779431268 0.0132136362756454
0.022383525557949 -0.0676566173504083 0.0397132868504032 0.0179531074924771
0.0642010645881734 -0.0459323149757796 0.0465564935187278 0.0362524344231732
0.0863173670749465 -0.00493691666418964 0.0269036726657219 0.0716730792866087
0.0600051260018677 0.07593013757441 -0.0269117326531697 0.0735180430726368
-0.0189893656231278 0.108902217822323 -0.0634338552315089 0.0336652376450503
-0.0754094671205526 0.0893886825894592 -0.0398159607642159 0.0115799293934793
-0.0865627480786332 0.0570595596387015 0.011037203143807 -0.0144805642627239
-0.0499615557778655 0.0981504226545923 0.0768019784566715 -0.0129221637812602
0.0193725832285142 0.0900026458125096 0.0537208082322334 -0.0703974300933642
0.0768105263781852 0.0304148836606674 -0.0145414670460884 -0.0822660466129953
0.0713145209929905 -0.0247032620386665 -0.0513443194026987 -0.031050166097303
0.039779233706646 -0.0573388020119233 -0.0383135821246211 -0.00272356886692394
0.000544902607634938 -0.0625111735235393 -0.0200777945759979 -0.00150015528636092
-0.00928445558612504 -0.058246605434722 -0.00145196658687847 -0.00144917152591082
-0.00934536654660357 -0.0567636067752249 0.0171480823383694 -0.0101356555151718
0.0192282665639827 -0.0675956571560709 0.0428724671093414 -0.00643857700032065
0.06061426151826 -0.0497087471873948 0.0604815980437104 0.0146161608594293
0.0857016430323035 -0.0114947329182748 0.0470970291494802 0.0609027340715137
0.0630228370369573 0.0716740152878795 -0.00574513184670383 0.0711234765548032
-0.0181340367443231 0.105659820895499 -0.0478623131413793 0.0262777753060575
-0.0752634161976883 0.084184362745859 -0.0105608086065504 -0.0107197035055189
-0.0832246540827202 0.0410160111397731 0.0513935876399624 -0.0347828503285262
-0.0612877653217691 0.0854654039595093 0.0948206237290131 -0.0229651838646151
0.00498263688174313 0.0899927604539798 0.0718995060539357 -0.0613771888484581
0.0687095257436271 0.0383075569749611 0.0124781916685496 -0.075316142298436
0.0676648721685686 -0.0186364834778997 -0.0225540605788968 -0.043491350599546
0.0388869220122387 -0.0509583261402824 -0.0244564907413767 -0.0290529036826522
0.00154942245642306 -0.0577185126840166 -0.01881969493063 -0.0273590900722483
-0.00919961343431443 -0.0527934013429105 -0.00509469610399225 -0.0231333195754084
-0.00932464507430683 -0.0494741264565712 0.0138990170265358 -0.0314667314527087
0.0158565122918345 -0.058664899451829 0.042320987158989 -0.0276027013430228
0.0512413995204077 -0.043941209996079 0.0679468200363552 -0.00450807081519676
0.0744587943531905 -0.01064194840788 0.0593785325749898 0.0491773046757099
0.0525640649624717 0.0637685854677483 0.00832590815332272 0.0639954348638798
-0.0208987759997026 0.087966935517988 -0.0354571990922147 0.0181889463749404
-0.0686715776118381 0.0658955270121109 0.0151352793697593 -0.0297478065798166
-0.0626005742202225 0.0183204804063433 0.085657611479304 -0.0496096474782161
-0.0557865316484999 0.0554086199456567 0.107119351004005 -0.030161805576008
-0.00627932349981709 0.0678813659491771 0.0832204433668806 -0.051460838872834
0.047057153548172 0.0334321925566182 0.0322139645217435 -0.0640343183323827
0.0498207288156508 -0.0108500452104157 0.00188476941814424 -0.0514996812597384
0.0291024899078828 -0.0355866017445598 -0.0116713546344718 -0.0499083377775309
0.00171826023284431 -0.0427596695112775 -0.0173829705399686 -0.0476408967393316
-0.00773738232139827 -0.0393695845402333 -0.00745225693217631 -0.0404270404890151
-0.00746047209677351 -0.0369175465744432 0.0113599894185614 -0.047887080516985
0.0116506159749238 -0.042915623870763 0.0428305052771999 -0.0436368093409264
0.038271161356065 -0.0330518169573761 0.0731327090281959 -0.0170603107903246
0.0573054339660675 -0.00504186638593709 0.0655354030403198 0.0411009239910287
0.0346757810177414 0.0532153746312979 0.0163362279792102 0.0582685809065042
-0.0255029962950951 0.0626743009757633 -0.0254505353277749 0.0123103145689142
-0.0564815361491468 0.0374262029462375 0.0358829451988948 -0.0404743492679852
-0.0298968162227549 -0.00670348388188607 0.107060696425073 -0.0580891029585488
-0.0351721717412178 0.0154185366886403 0.110004566713379 -0.0357742768664065
-0.0102463264194455 0.0311604366304361 0.0865791909881801 -0.0462820312751616
0.0182261996875397 0.0175419848520327 0.041895701407599 -0.0575393831605038
0.0209276564051279 -0.00394140482560871 0.0145876678116913 -0.0560771160140519
0.0134460971174472 -0.014324807658263 -0.00674475464780194 -0.0619685678181937
0.000942819860901841 -0.0194012030063614 -0.0166602827137365 -0.0595267108452342
-0.00400151335712607 -0.019548882228435 -0.00900475085693577 -0.0511175469339818
-0.00367237663387598 -0.0191509603176742 0.0106118303142865 -0.0581903437679792
0.00613690688335061 -0.024607862407439 0.0436705969065695 -0.0528418509311695
0.0222385559147834 -0.0201692433128115 0.077587842136766 -0.023494035712269
0.0363388700237646 0.000544259532232563 0.069117996987618 0.0383560423700445
0.0152381077274183 0.0381032471125279 0.0194355464364333 0.055761575244103
-0.0262433220368885 0.0320843237252512 -0.0188716707821092 0.0104011090573751
-0.037735318310931 0.00548117127134315 0.0505786161375173 -0.043026517592625
0.00848588778872785 0.0191423063640294 -0.0629814805811015 0.0559301689659294
0.0138826824218265 -0.00756745849536376 0.0321467079097307 0.0146608586177602
-0.00152941272254144 -0.0128480490781855 -0.00580934441539339 -0.0630142200668638
-0.00902999799692503 0.00111125578433158 -0.0729377606355326 -0.0518916188132841
0.000506216274757188 0.00601765539147468 -0.0929903520923837 0.0186441563924464
0.00315312339145745 0.0010372364429294 -0.0528023058833746 0.0652801775931515
0.00180691983929718 0.000757707909624218 -0.0128021097236828 0.0693486261864353
0.00123831566383952 -0.00449949120478364 0.00913792105366593 0.0613165803657992
-0.000814658658744706 -0.00633922952062546 0.0194662492592901 0.0615280198793526
0.00235734083080082 -0.00955015946660907 0.0101703446311157 0.0658946362052701
0.0105833015073857 -0.00457390340066937 -0.0132315346868149 0.0659468183137676
0.0111028652590969 0.00113208419955938 -0.041629648908437 0.0575707240270763
0.0129733147331111 0.0118218628505673 -0.0859803194375872 0.0424158058978636
0.00793946106050169 0.0224992184093548 -0.114466485833982 0.0264231804657503
-0.0101244898296364 0.0279275181735909 -0.114495553981776 0.0508713405452599
-0.0193248465825622 0.0415610393791571 -0.0637882661821137 0.0464575553353145
0.00600912876336838 0.0269160760048045 0.0351810551547362 0.0127416502961148
0.013662045314304 0.0107472418429837 0.000604425314518159 -0.0668657299321173
0.0173413524474339 0.000685896476095831 -0.0704493711806751 -0.0600413371113528
0.0205409721224599 -0.00764784022356438 -0.0937098884824549 0.0121951591272751
0.0126295038294522 -0.0195628065710022 -0.0554502197247934 0.0591126703559463
-0.000728152876326156 -0.0215387612019505 -0.0170217152346451 0.0624283341910014
-0.00148189110054091 -0.0263860268502919 0.00744378768468119 0.0551090547100057
-0.00168428724579834 -0.0292283325086178 0.0211115603862534 0.0528980997805169
0.016908844515503 -0.0357991465267017 0.0203808181413117 0.0585496553306416
0.040927490663888 -0.0173031020439689 0.00277306069986458 0.0658554714774402
0.044803599224595 0.0106725769889193 -0.0264431534719458 0.0683545956481735
0.0236613351787355 0.0490258309440231 -0.0735859664147493 0.0542767617834627
-0.0144894154729753 0.0634981893301895 -0.100642596007481 0.0317553513057179
-0.0458499132671002 0.054994391376921 -0.0964076361301212 0.0447550807898126
-0.0490872529971944 0.0566939290741406 -0.0512134563933523 0.0290389653561857
-0.00891721256011769 0.0619100533464374 0.0443616349829186 0.00727096917452215
0.0241196120733214 0.0398442821249407 0.0141339939221579 -0.0711934447850378
0.0442393478549272 0.00552385652054298 -0.060088145763716 -0.0716782193403368
0.0416090011569986 -0.018840051345261 -0.0890681184276629 0.00037615552131522
0.0233949947960046 -0.038669631066531 -0.0553487069399548 0.0444016983353625
-0.00111793823496958 -0.0414948154342752 -0.019601674604517 0.0472934315242049
-0.0043347960193388 -0.0435114154312102 0.00450216323855933 0.0413718209959829
-0.00402486979762686 -0.0467471877070326 0.0219099989420041 0.0361690946457914
0.0233124824664447 -0.0558984520292251 0.0321412753142573 0.0415372143619773
0.0592404872057502 -0.0327957851506167 0.0255240588482764 0.0564550850240209
0.0720336592728023 0.00647713800968351 -0.00123887488403461 0.0750573186020404
0.0434863018360731 0.0709963067548542 -0.0534266281282015 0.0672826658896287
-0.0217712777378363 0.0948495525147417 -0.0821339953974764 0.0340489185344581
-0.0687734536240632 0.0766494138347382 -0.0704531606462642 0.0309986225584315
-0.0742761713975643 0.0621484772780063 -0.0251342053752966 0.00799041222120274
-0.0301797216729463 0.0883545943891487 0.0592657329964288 -0.00142681177486942
0.0264270049613781 0.0703662072555083 0.034220157082049 -0.0727573953340922
0.0667305471667106 0.017436237312231 -0.0399855411127722 -0.0811546252170077
0.0607107478169129 -0.025173490371574 -0.0749050651230102 -0.015567357022522
0.0338898149564569 -0.0525896220300336 -0.0498343810460474 0.0226824628895151
-0.000508973692298423 -0.0560083675350577 -0.0210430519903037 0.0251262867430348
-0.00739736122784975 -0.0550995258752606 0.00155563292143687 0.0214392559329446
-0.00688009584234247 -0.0559067826795983 0.0204385994105907 0.0141400840289738
0.0230654365228662 -0.0672672869128666 0.0405586866637221 0.0181337274577043
0.0645857221559119 -0.0457304453814011 0.0467231907948408 0.037740800360838
0.0860086450528367 -0.00410321078431332 0.0266038031212197 0.071379655894266
0.0594184996282136 0.0769871079312226 -0.028720984133198 0.0729792506867752
-0.0206155111087126 0.109449328540649 -0.0642698766428236 0.0322300162815478
-0.077751451043502 0.0874315039248822 -0.0397714735795199 0.0111759026282642
-0.0882326617942678 0.0558707471546351 0.0118604553268687 -0.0141348036989099
-0.0507629887407734 0.097661413805511 0.0778586747524136 -0.0113303348939727
0.017751992095074 0.0903713144893658 0.0558636729368478 -0.0688510893204162
0.0762494679358428 0.0317324978953094 -0.0126331450134767 -0.0825083181393256
0.0715811053281547 -0.0240994810486809 -0.0495562105838255 -0.03248578318104
0.0407027990991539 -0.0573177571950111 -0.0387981001571441 -0.00373893312690158
0.00094129918054956 -0.062713607889321 -0.0209717485709519 -0.00138324779724608
-0.00898086118726854 -0.0585060778764404 -0.00156247537290696 -0.00152900744935388
-0.00888213769849452 -0.056474205428659 0.0177741958502181 -0.00975691713578131
0.0195970367752614 -0.0669944630175569 0.043751490983501 -0.00633190585349322
0.0606401227562357 -0.0501196311332878 0.0607516437413068 0.0156922317013406
0.0851535850464672 -0.0106287383146962 0.0466417756381878 0.0615300171239611
0.0622182497900564 0.0723149562756737 -0.00726818357623785 0.0707606015118953
-0.019536473668585 0.105541244180232 -0.0481208150271249 0.0251757104967782
-0.0773151295733336 0.0828624686165828 -0.0103523837156514 -0.0102738855432678
-0.0846858674450846 0.039374859427441 0.0527708923142334 -0.0338776555694306
-0.0616881246986761 0.0849324736478071 0.094759862992357 -0.0206542625311028
0.00389268130157858 0.0901840050815019 0.0737468323647364 -0.0591057633166837
0.0681192825792893 0.0391522418808857 0.0146345114720341 -0.0746624717524984
0.0681038191022411 -0.0179600825536768 -0.0207424310055275 -0.0447803329288216
0.0394069896393306 -0.0507479650325519 -0.0241457481526157 -0.0298711693069604
0.00195626518160114 -0.0581078698330169 -0.0192946239408547 -0.0277064258421097
-0.00913661856569599 -0.0525033532946027 -0.00471808060832611 -0.0233122500909551
-0.00905932965381879 -0.0492950505738336 0.014416087077773 -0.0310707541463345
0.0160056226791164 -0.0580930574117493 0.0439361123032106 -0.0275331447020079
0.0510689630296743 -0.0437929127886909 0.0679749722168728 -0.00374843230073706
0.0736950035472359 -0.00977140733515316 0.0587217607599874 0.0501119759706034
0.0519542249263021 0.0641546904779926 0.00685717183739028 0.0637765822415818
-0.02227480887273 0.0878825695818049 -0.0359521570207485 0.0175765867934801
-0.0699511312869596 0.0641134274618701 0.0145487388861372 -0.0286463986721071
-0.0636328945178787 0.0176086107974751 0.0876710389783975 -0.0478300551208037
-0.0560587257128717 0.0544829104975482 0.107830787545174 -0.0279868644831039
-0.00702211936422164 0.0684020384659221 0.084792430512734 -0.0495812382392372
0.0468604661499123 0.0340727112374241 0.0342978592740602 -0.0633009221695311
0.0498599796735952 -0.0105070484710164 0.00341745948776693 -0.0513960319342448
0.0297483677411281 -0.0352332428721921 -0.0117497521638912 -0.0507241449933212
0.00215641478444422 -0.0426107713463783 -0.0173833118427672 -0.0478754209227809
-0.00738551781576707 -0.0394426014561672 -0.00686369100348113 -0.0408661685883832
-0.00710588097550744 -0.0364174013306369 0.0120259660067959 -0.0480946968616426
0.0118616393796517 -0.0431138614464248 0.0434823155120421 -0.0433834765117632
0.0380899414210603 -0.0329212073526569 0.0733835836855205 -0.0161796931977936
0.0566268053768014 -0.00420049237565551 0.0652746485789847 0.042310817948728
0.0342358792377024 0.0532621058813059 0.0150198576706228 0.0581672559497857
-0.0268040106296812 0.0621327480564088 -0.0263192892657047 0.0122987941712001
-0.0571244330910481 0.0362342028870639 0.0354045291976661 -0.0393853711431099
-0.0295293935338411 -0.00713164600962693 0.109067619527944 -0.0562265833315481
-0.0350430228900503 0.0151599897219212 0.111047426383847 -0.033606885692724
-0.0104833820263388 0.0308867640057082 0.0881290955397632 -0.0444226054202235
0.0181853300094696 0.0178991488381945 0.0434957984369089 -0.05629403857387
0.020966046092314 -0.0036629822835834 0.0156011875383865 -0.0564431120432453
0.0136179227050117 -0.0143817666137301 -0.00647329873892522 -0.0624768941617235
0.00124852121618543 -0.0193518769226107 -0.0175750108744423 -0.0597478964943012
-0.00382924921362895 -0.0193663800103577 -0.00912610368875591 -0.0514916929390813
-0.00367252001732799 -0.0192845288953844 0.0113976252779982 -0.0577728707284749
0.0061367246979957 -0.024197998393613 0.0445653997963136 -0.0527943420824891
0.0224261882319965 -0.0195072054777697 0.0779223982847918 -0.0221749641027184
0.0360232831413365 0.0013898565765269 0.0688682901713628 0.0385754829364484
0.0148547482623374 0.0383638900190677 0.0179128652281836 0.0557742103455306
-0.0271492909477409 0.03160859394219 -0.0198838246764449 0.0105138390586159
-0.0379997805572588 0.00496257439526815 0.0501856132906021 -0.0417229964778405
0.0179061705614081 0.0117168386745436 -0.0160597145445222 0.0833677321570199
0.00669007574206229 -0.0140576686890367 0.035760985011687 -0.00920582983776757
-0.00895423470351322 -0.00923299435976767 -0.0421929548570796 -0.0490156085749682
-0.00726504652172551 0.00625756430139347 -0.0916860920552855 0.00176179424335859
0.00392680378289423 0.00483024093318839 -0.0646827022151216 0.0713190616450153
0.00343753097053478 -0.00106664082783993 -0.00353590293314446 0.0852925340461808
0.00181287719820207 -0.000712890334591158 0.0320167797117857 0.0643813869558549
-0.00157760942615873 -0.00498368603693113 0.044997923572277 0.0443795412832825
-0.00431758420785825 -0.0043299404613788 0.0538310838944246 0.0378086464742688
-0.00346075044171165 -0.00985110468053675 0.0493937647593256 0.0481301070855465
0.00632582771582925 -0.00983668691633625 0.029462312056017 0.0618477258538487
0.0106743291793474 -0.0049216263364925 0.00015819817973743 0.072627240776702
0.0181199832271176 0.00318610871607681 -0.044725154871669 0.0878795403539541
0.019231948103541 0.01508069805839 -0.0780995349746417 0.0941115487613939
0.00679828975735491 0.0315512115912562 -0.0636569419510815 0.112752797702423
0.00686619836089746 0.0462072417038109 -0.0206945664180888 0.0774220748889244
0.0201475113145541 0.0178617730667673 0.0377554271056474 -0.0107486538911976
0.0167268429655715 0.00094142561172046 -0.0377762128512829 -0.0553540077535789
0.0132001802183446 -0.00913719853617982 -0.0936478924220157 -0.00843374465131163
0.0122434489088815 -0.01785083783164 -0.0688975452218047 0.0659119285132247
-0.00149034983138951 -0.0233706181804882 -0.00956074739839681 0.0805470177510735
-0.0131078545329024 -0.0168545546754031 0.0247838819465099 0.060868793240713
-0.0173583172090931 -0.0206505327300711 0.0398427796125818 0.0402016760111675
-0.0193880222313816 -0.0233499721664457 0.050467286652521 0.0299017844419192
-0.00799812811739927 -0.0399686140415365 0.0531693602010469 0.0356113207646936
0.0235125098945493 -0.0394877064952353 0.0420915542115446 0.0520368435884926
0.0449205443029446 -0.0177927778884874 0.0189291924271742 0.0718167425505791
0.0519214352324805 0.0282742278109 -0.0274333650504037 0.090093504059528
0.026538174541321 0.0637608996894881 -0.064522837522773 0.0888068424907659
-0.0067328070105794 0.0771467608019502 -0.0530344874037949 0.0945669069828916
-0.0102106452261777 0.0757188702156314 -0.0193362926859046 0.05752398810814
0.0277706250043546 0.0542549831157722 0.0427799017400915 -0.0193160251659142
0.0422351876246592 0.0184222193948437 -0.0272699562098672 -0.0672081266899879
0.0381135080614906 -0.0198571707803574 -0.0911961178671886 -0.025166766548973
0.0229171136390263 -0.0391974183726971 -0.0722197243352258 0.0521978913616934
-0.0040939425640483 -0.0452798667865826 -0.0183501449174409 0.0680564436807125
-0.0256526993104761 -0.0324085144631381 0.0119412904750629 0.050460257819729
-0.0302775550979664 -0.0327803855301913 0.0291432649068173 0.0305782276427786
-0.0316426544091321 -0.0360277072114819 0.0409653527177057 0.0157503086778297
-0.0155054037392035 -0.0610105820442127 0.0524748950865538 0.0147457376130566
0.0287170576340555 -0.0642490050987417 0.054879106755411 0.0305662346523372
0.0649337122024482 -0.0380854065973939 0.043763782905736 0.0615879782084816
0.0822619601811812 0.0348955626688269 -0.00347794849520277 0.0873486881123008
0.040596515467114 0.0946313669338376 -0.0490546910376079 0.0797015605624734
-0.0114919987154463 0.109136003849991 -0.0403025335864767 0.065630157582106
-0.0286730066099228 0.093955264514746 -0.0100438555640364 0.0261351366327918
0.0253526364887062 0.0881215244445523 0.0506140671282594 -0.0339963560037454
0.061579704069169 0.0419661812466745 -0.0105951256021231 -0.0798322110078509
0.0630432513742124 -0.0233046682715646 -0.0795380654121137 -0.0448817760941587
0.0348209493236043 -0.0552810309236847 -0.0699717493070087 0.0296343991950759
-0.0035526278800429 -0.0627817581176082 -0.0266973572594167 0.0469066247341626
-0.0337131357743841 -0.0449500494368652 -0.00295063470646221 0.0331585954875648
-0.0396300122874895 -0.0406425891794355 0.0148158410756676 0.0159323238910956
-0.0397724799471995 -0.0419678502701989 0.0267892102844265 -0.00141285777861489
-0.0226898605306906 -0.0699275126110633 0.0451608090217556 -0.00985227798547622
0.0251754779428043 -0.0789410699046316 0.0602149955270465 0.00247570252661419
0.0703697879021689 -0.056038808068412 0.0644207501362734 0.0427028172562327
0.100243110753205 0.0291703145902165 0.0199915962514701 0.0771137008126817
0.0515371909156094 0.106041699032703 -0.0361862294197743 0.0664375183741382
-0.0118377429405623 0.123182175857305 -0.0277914566797809 0.0294330633823443
-0.0434508446408582 0.0961793464763072 0.00637378625481948 -0.0134887774331411
0.0140340417267659 0.10707914090215 0.0591428645605894 -0.0521625167467501
0.0669448743985883 0.0636805820050928 0.010561031572369 -0.0885506463627151
0.0785508793313436 -0.0172205530073383 -0.0566487982907743 -0.0625771905406339
0.0441779064693169 -0.06132427338942 -0.0592632049259662 0.00105437813437787
-0.00115190604160448 -0.0702333666200882 -0.0338852468614937 0.018060024631491
-0.0361639152377164 -0.050445543849319 -0.0194218259832181 0.0115812002260754
-0.0429844639638253 -0.0418082814636129 -0.00151369767221435 -0.000367418835611441
-0.0418109786661208 -0.0412077070586882 0.00978152515825175 -0.018414169121639
-0.0254001588017721 -0.0679939428181869 0.0327204445695881 -0.0325618359255836
0.0197278944267979 -0.0793262598192202 0.0578026373582882 -0.024393142366354
0.065288713910575 -0.0609215347829727 0.0754674513621762 0.0217311394480467
0.0994542155415341 0.0231211736865372 0.0361691270985521 0.0617828076540085
0.0499107442550217 0.101996941036527 -0.0272092165476911 0.0508697073249358
-0.0141125152273788 0.118752429108293 -0.0169344930986724 -0.00645608805981105
-0.0493175620245351 0.0803601488536044 0.0268882291046882 -0.0536884690866485
-0.00211076047257163 0.102677622427814 0.0664567816221902 -0.0700545856929816
0.0549089892502542 0.0712411619408129 0.030716335768945 -0.090532987970553
0.077133871422593 -0.00652391661186417 -0.0287496136705534 -0.0723728706986654
0.0448070644736642 -0.0534950505693319 -0.0426439639359401 -0.0259455234174076
0.00228005857495226 -0.0645251939895393 -0.0376303734547143 -0.0113152803856602
-0.0330190778804588 -0.0471195680704089 -0.0342916268089313 -0.0106035053566757
-0.0400661115754871 -0.0373642405771625 -0.0179971109569658 -0.0161888194965491
-0.0375252577798989 -0.0355956604388157 -0.00652461720565563 -0.0342808932564781
-0.0227648898763037 -0.0580087029863803 0.0195969105753925 -0.0497632419095068
0.015390063978805 -0.0693831259933383 0.0526012517069085 -0.0445475405996678
0.0560920383419309 -0.0530718852662838 0.0784814573732288 0.00471455692503988
0.0857673376339688 0.022238018209794 0.0437823968208928 0.0469469584134002
0.0368766510104698 0.0886890638447363 -0.0211746887520087 0.0364091686650778
-0.0190538006818264 0.0978273499794711 -0.00702066792990839 -0.0366996032353925
-0.0434277401816881 0.0501822748054265 0.0450354714270566 -0.0874180109191221
-0.0148793974955902 0.0751227396219025 0.0715210001919766 -0.0837726405951866
0.0336498487949467 0.0589613272371346 0.0444605364033786 -0.0884695690488683
0.0565823974536817 0.0010558040974973 -0.00578848400560046 -0.0737955414510266
0.0341663585924507 -0.0374546304695016 -0.0271450266590923 -0.0460061995989286
0.0028512003480949 -0.0462278781636228 -0.0406149229496831 -0.035239467962224
-0.0235966696404532 -0.0350619202528594 -0.0451418633120514 -0.0283690865807311
-0.0299994138384119 -0.0272774622145902 -0.0304864744605025 -0.0284627553726915
-0.0282492714338465 -0.0256794595342635 -0.0189354756391641 -0.0459582671010102
-0.0172816268304029 -0.0429128983431773 0.0102167971828134 -0.0623436372759916
0.0115593074065403 -0.0512770829576947 0.0493263010971826 -0.057578367125884
0.0449307613390426 -0.0383995554443918 0.0786694537501148 -0.00567748010439024
0.0635343210600498 0.0240469008762994 0.0468155090045473 0.0375644761863586
0.0165348264785987 0.0700973756073444 -0.0159129873254842 0.0254971293115051
-0.0254285341442888 0.0665559784408208 0.00465673725968089 -0.0574537311439676
-0.0287353644202093 0.0101459300630812 0.0550632430413391 -0.108848128335298
-0.0196215467131338 0.0312780342154932 0.0695882588663151 -0.0918404015793929
0.00992259903820845 0.0303078294652252 0.0479695092483574 -0.0876143281642446
0.0241907946549639 0.00329844453437032 0.00448006103366577 -0.0732852884951215
0.0145647502816662 -0.0151973913868633 -0.0201307390388095 -0.0565873422836782
0.0022958050735875 -0.0191030481889549 -0.0435089114722943 -0.0472046184658884
-0.0104508280152996 -0.016125433840345 -0.0512968174635059 -0.0377294184171589
-0.0152460464180398 -0.0132643476196469 -0.0387301444551362 -0.0365504280601474
-0.0151560133677227 -0.0139968529001637 -0.0256928210294206 -0.0537089079016975
-0.00996618560372462 -0.0241750901444713 0.00478270674418484 -0.0700976988493491
0.00697186423849627 -0.0302776000266665 0.0498218387640105 -0.0657839556853101
0.031638818961779 -0.0208834641185462 0.0801803641321863 -0.0102390105392845
0.0375221302024632 0.0233673077867606 0.0482552817683962 0.0336038160988337
-0.00275198153635611 0.0438234207878115 -0.0109922023045582 0.0203043829485437
-0.0284166567144736 0.0275128647162068 0.0159631958176613 -0.0671688124129106
0.0188184660393027 0.0113730352488026 -0.0142355757376731 0.0859019432581713
0.00606905703294126 -0.014735748559899 0.0375952058539173 -0.0109697958739779
-0.00929746281011033 -0.00934352964234088 -0.0440660098656833 -0.0497932256613897
-0.00706818602882851 0.0063204332617438 -0.0941792244480385 0.00378575319303948
0.00400421086914418 0.00490332319486983 -0.0650866788632927 0.0756129393547946
0.00332602443478514 -0.00104888464735394 -0.00144305345792718 0.0875456052709391
0.00168775346492664 -0.00107684830304397 0.0347010779795686 0.0644618322462001
-0.00254917832807907 -0.00504901130881383 0.0470724484056513 0.0438506062123245
-0.00432459844874414 -0.00487458306701588 0.0567258529750343 0.0369645152212025
-0.00343309814939949 -0.0100931275034838 0.0524836377626761 0.0483743918321902
0.0064816763832929 -0.0110276356951683 0.0322807071910919 0.0635986241485137
0.0105356978960295 -0.00543525956136775 0.000505270317845571 0.075003851462414
0.0187413684424968 0.00306547707784447 -0.0451799715641885 0.0916570367512967
0.019574870315275 0.0149397433072166 -0.0780677443515803 0.0974632446873689
0.00700826177940366 0.0328309781033745 -0.0636061666962456 0.116709158683356
0.00768519164693286 0.0474696482161083 -0.0198384480535344 0.0804153549275114
0.0208729557101538 0.0179489413647249 0.0398123351553354 -0.0127474386432714
0.0172454281204435 0.000811189070277689 -0.0392899951385788 -0.0562131463997034
0.0132281136587534 -0.00916715747633308 -0.0963341394894488 -0.00678266659571433
0.0115798661081543 -0.0186543557905041 -0.069654771434129 0.0696509254483163
-0.00272910321265327 -0.0242685985896906 -0.00787703140585569 0.0829267623810817
-0.014155625032992 -0.0169941637191625 0.027193005656637 0.0617489753031043
-0.0187826848702941 -0.0206599721484118 0.0424822601096902 0.0398689952944978
-0.0207015036203601 -0.0235275037824562 0.0533450943864894 0.0287337827332353
-0.00945520993928633 -0.0411081631360957 0.0563061593406234 0.0348400067651824
0.0229339784535844 -0.0415423048957175 0.0454616367439239 0.0531895193297331
0.0456218104490368 -0.0193505970186534 0.0205803218900119 0.0731530460771644
0.0540172472895579 0.0276269159558544 -0.0275165132324797 0.0937406066736412
0.0281389520207772 0.0651560503023987 -0.0644705319058722 0.092262338189104
-0.00581599686205722 0.0794316215326832 -0.052890632268036 0.0982281023629768
-0.00901732312468611 0.078904762766927 -0.0182774031908397 0.0595114096301402
0.0292985774217432 0.0556253351925385 0.044740261857623 -0.0214267799708797
0.0439737151770623 0.0187153542632919 -0.0286217165597379 -0.0685043329402113
0.038533319665997 -0.0209559161948605 -0.0942751943132786 -0.0234686345043446
0.0221636264392043 -0.0408919292549485 -0.0732743087171504 0.0551126055282685
-0.00557910327574692 -0.0466829339672041 -0.017423836876287 0.0703970223712895
-0.0268710049878443 -0.0324817875967137 0.0139066524550555 0.0518067713980994
-0.0323837378780002 -0.0330037898299618 0.0309541516190118 0.0303652683469722
-0.0334306058089499 -0.0361108438745152 0.0429995981780607 0.0144592186789173
-0.0175179798183065 -0.062081543934141 0.0548595704486781 0.0131271343883313
0.0275106196528302 -0.0674416629837233 0.0576687607443889 0.0306122288354274
0.0658798637071931 -0.0407058891915145 0.0461268162580677 0.0624872986317118
0.0857023928609477 0.0335152439699967 -0.00263273833946822 0.0903754479755577
0.0438611551680006 0.0969723753490062 -0.0490381398876281 0.0822755667126317
-0.010795376132543 0.113104534462621 -0.0399567531178291 0.0683719568078953
-0.0281165718269571 0.0980536367228947 -0.00907177559189945 0.0270955074011865
0.0279988443136064 0.089726765086925 0.0523086241741546 -0.0366316586123591
0.0645620369752736 0.042411086304038 -0.0112041211769906 -0.0822498986527
0.0642147794240925 -0.0253269389842941 -0.0826856525598426 -0.0449184711725478
0.0341856730192474 -0.0578664210203675 -0.0711710929850032 0.0313396011233119
-0.00593085374665201 -0.0647126625435435 -0.0271008419937435 0.0485570998850545
-0.0358255361561104 -0.0449560014488744 -0.00283780574822834 0.0345030952748843
-0.0420997723126298 -0.0403445760409895 0.0155276661005584 0.0155908688822656
-0.0421774869764804 -0.0419121974647197 0.0278735164985679 -0.00258524190290763
-0.0251504546983402 -0.0716655013370887 0.0462459014092638 -0.0120626940171654
0.0236411307775561 -0.0822614661874528 0.0632026057167945 0.000951339003566377
0.0706120591584839 -0.0582867180177851 0.067133088002933 0.0421207148845061
0.104203393098422 0.0276865950107717 0.021166822378166 0.0789201339429424
0.0553730036803726 0.107612813246791 -0.0359969643070495 0.0685729902141066
-0.0109099106605006 0.127512471230176 -0.027803270625788 0.03124415691536
-0.0434970175796081 0.100471768137746 0.00666168424129313 -0.014233785441245
0.0169154597626809 0.109688493806445 0.0601097139732934 -0.0549281768733876
0.0701706635988038 0.064333668218766 0.0106225554314569 -0.0911065665817029
0.0804027210643642 -0.0195879367335252 -0.0591272711694058 -0.0639603859157051
0.0438785842990618 -0.064109674473505 -0.0608836062930197 0.00137691639450856
-0.00289509042293494 -0.0723185761460702 -0.0348133788165957 0.0195855883354549
-0.0389272697342061 -0.0502809378640866 -0.0197386836426278 0.0129928833467479
-0.0456718241870094 -0.0416726661626731 -0.00138811257085972 -0.000629622236728735
-0.044227685934305 -0.0408784708936447 0.0100853955263983 -0.0194563975914099
-0.0279831917233523 -0.0691773478736891 0.0328905896519633 -0.0346945762691711
0.0181633561925264 -0.0825635110528741 0.0594791100162179 -0.0262416104611829
0.0647600645047591 -0.0638287762213639 0.0778366655802499 0.0201566886874504
0.103431475699604 0.0211636111962148 0.0371717799098457 0.0629898030353814
0.0541539305420533 0.103743525600835 -0.0274738577011751 0.0525251594198224
-0.0132470999325514 0.122106080257977 -0.0175097984147144 -0.00518577867999151
-0.0497395926188687 0.0845275199096791 0.0268779646845055 -0.0562243013143579
-0.000185953051981526 0.105754769637088 0.0677383713859439 -0.0733789757142214
0.0583117952461355 0.0721154464305165 0.0311656830034692 -0.0935614042940313
0.0790443367793137 -0.0083928094249894 -0.0304666307762646 -0.0738963478930151
0.044643998362402 -0.0567938794760407 -0.0443704499597629 -0.0273477610157965
0.0003952445837627 -0.0666381726543631 -0.0397101785159854 -0.0109946512196367
-0.0350054476515022 -0.0470242054134605 -0.0360266813957735 -0.00853142939072714
-0.0416470699563867 -0.0365549604166337 -0.0187593727153393 -0.0161374695047234
-0.0397792449515737 -0.0352108903993295 -0.00726683113449358 -0.0346306077723253
-0.0250427193570844 -0.0587959275682976 0.0183982832227406 -0.0520350746181148
0.0139230702749881 -0.0714780566441102 0.0534839008295359 -0.046587378500406
0.0556367626722562 -0.0558611504039389 0.0806555795374623 0.00237359440634701
0.0886981335751445 0.0206094149900911 0.0453296276440949 0.0473018607067884
0.0397681735397225 0.0904394989453437 -0.0215156053082377 0.0374661926560467
-0.0181905202206993 0.100907469715171 -0.00777243938814365 -0.0367223215215171
-0.0440469704853111 0.0526732473913536 0.0449544658666158 -0.0912992308358922
-0.0133496396529026 0.0774212009870176 0.0718351192668778 -0.0880017752540771
0.0360930993775877 0.0593043913939784 0.0447805097371622 -0.0916413875978259
0.0583743611865784 -0.000466919314217496 -0.00657317020250845 -0.0759849105769976
0.0339659563594879 -0.0395620965047969 -0.0284894512809853 -0.0480391651188418
0.0019011181827057 -0.0478025056023924 -0.043011119478919 -0.0351683876739725
-0.0252763727081322 -0.0349254063981118 -0.0477135633534182 -0.0265963973148802
-0.0315145448604868 -0.0269801232956095 -0.0320267020680006 -0.0288997863430012
-0.0298094297879159 -0.0261237165167647 -0.0205068996546379 -0.0470542282535591
-0.0183487277066041 -0.0435133462903718 0.0085330064931493 -0.0645645485820437
0.0107692737353202 -0.052892428265706 0.0495664592542391 -0.0601429846056297
0.0452993186769329 -0.0402397981197739 0.0807618502060813 -0.00805332859660536
0.0659152967129906 0.0227958584215022 0.0486195304088231 0.0373761631889796
0.0186027476662688 0.0711864809816645 -0.0161630332267627 0.0267547505595827
-0.0249270797187455 0.0685465624160145 0.00362734390697823 -0.0583304659338152
-0.0293372553852909 0.0112524499432426 0.0555912112671149 -0.113596107021516
-0.0194533367568296 0.0323378264648215 0.0699593398466797 -0.0952455580012593
0.0108495700139058 0.0305125990185764 0.0482597517087019 -0.0907427829246575
0.0250306720405144 0.00268881616040993 0.00403720060657117 -0.0759853327139982
0.0139023857928197 -0.016127196547697 -0.0217635973106363 -0.0587174229773163
0.00215294993810793 -0.0200394406430561 -0.0463253926793602 -0.0470905896119294
-0.0115296193868658 -0.0161640767644098 -0.0543725405850798 -0.0361514179849767
-0.0159883116929203 -0.0133161550620493 -0.04060526570227 -0.0361545937592773
-0.0154410566619244 -0.0140076581191246 -0.0277251436936847 -0.0545995513013413
-0.0107557462335868 -0.0248021635682451 0.00312965114627538 -0.072578692621215
0.00648710116936091 -0.0312153189451286 0.0493973686374116 -0.0683657134752549
0.0319969386438493 -0.0222876276963151 0.0817178322250299 -0.0124584562139968
0.0387342442262682 0.0232382555576525 0.0495955783279353 0.0339886521288126
-0.0023016418588986 0.0454162206146161 -0.0115894274823877 0.0214155728903689
-0.0285463151623826 0.0288579072356908 0.0145366244855231 -0.0685251688798331
0.0196987150705555 0.0109633141548431 -0.0100922828741349 0.0877064556856517
0.00548026126689169 -0.0151488743539281 0.0381687282231902 -0.0134728813122944
-0.00987076632252807 -0.00928143839856777 -0.046326512905353 -0.0490721802945213
-0.00709409618745507 0.00698660277552137 -0.0951732378715546 0.00795226143072847
0.00401672209650808 0.00456120858916815 -0.0626775388278294 0.080642091387762
0.0029295560147372 -0.00107355579286021 0.00254604234378907 0.0888850829473455
0.00130620658697037 -0.00178380139284685 0.0383003936226411 0.0626795505416378
-0.00281568707957757 -0.00534825659220651 0.0500154285115827 0.0421296162987178
-0.0048659954147672 -0.00476854409410199 0.0593439129645855 0.034251463664469
-0.0040374450796448 -0.0101289635988622 0.0559400359980521 0.0458477205666323
0.00597872886475741 -0.0115721966253575 0.0353866025147647 0.0636061993627237
0.0104749915536981 -0.006082517082583 0.00275340899814322 0.0762067456724414
0.0192023915495084 0.00230409266215765 -0.0430415588155946 0.0954792720476587
0.0198325852637518 0.01447833543381 -0.075694743672296 0.101525408131833
0.00834857103154715 0.0337028782898876 -0.0602706199575481 0.120659025815116
0.00930454963424016 0.0481321193810154 -0.0157954407047508 0.0817379939077479
0.0217314754498315 0.0178877112910892 0.0408410883824321 -0.0157311853597849
0.0171083380507719 0.000334073500530385 -0.0410889768241219 -0.0556862862025934
0.0130714961736963 -0.00981927305657776 -0.0977008550081533 -0.00209413891465438
0.0107837099939899 -0.0192085076561246 -0.0670812601106213 0.0742096661454306
-0.00410426205616992 -0.0242031897301587 -0.00415588147614567 0.0848144004189813
-0.0148333264872609 -0.0164939030681318 0.0304744723660143 0.060670602946028
-0.0208704311957342 -0.0197191134561881 0.0448442501188784 0.0378068006548736
-0.0224615375114595 -0.022685213410582 0.0558495447647445 0.0257433424389391
-0.0115303882874693 -0.0411693520309268 0.0588547701050396 0.0327839706909827
0.0211065477959816 -0.0438554092903278 0.0488662261071127 0.0523466179026221
0.0452507313090706 -0.0215320794134056 0.0229030079911708 0.0734685086622319
0.0559003476425131 0.0258822934418905 -0.0249529845100824 0.09660306125426
0.0311304059738129 0.0643877720414139 -0.0614117788562274 0.0957192351711551
-0.00352411967919408 0.081549743300828 -0.0498611519870412 0.101612410937415
-0.00643197498318814 0.0806156171716941 -0.0156966685393363 0.0604964257866608
0.0321081062242147 0.0548505747720402 0.0445983224097645 -0.0244588809096434
0.0454740718962801 0.0172506525118459 -0.0305746766527325 -0.0687208323833753
0.0377631408879378 -0.0228100368098611 -0.0964227304871259 -0.0202868413625336
0.0204001654913171 -0.0425355359162464 -0.0717956784445656 0.0590604283035951
-0.00806970635477697 -0.0468846179692057 -0.0144181958346865 0.0723498086116232
-0.0288045957058181 -0.0313976403263378 0.0168025515323698 0.0519170735065001
-0.0345852942443479 -0.0314445953707456 0.032799039561288 0.0283643439310208
-0.0357337514705351 -0.0347274795917122 0.0448505023481543 0.0121709402569627
-0.0209120191147377 -0.062288111709124 0.0563478224132226 0.0103618263136118
0.0245799527096326 -0.0699224364361935 0.0607155742301914 0.0283985735509003
0.0648119528199211 -0.0441017399844779 0.0491166849446368 0.0607106736719047
0.0887854715754936 0.030133538102826 0.000459400738057218 0.0921630236249227
0.0490199173533693 0.0966447152737418 -0.0463715195047797 0.0848357704579564
-0.00728608684412996 0.115555967017643 -0.0375857066457727 0.0712575577814266
-0.0246026172531918 0.101310043943584 -0.00809643527907829 0.0276085584681295
0.0326956950861963 0.089914397017506 0.0518213909274595 -0.0396131904637632
0.0672413495519744 0.0403722026020208 -0.0132164832873411 -0.0827627474873039
0.063408376496985 -0.0284263302320776 -0.0855228886448165 -0.042114750298048
0.0315382153511838 -0.0608311251377124 -0.0706211798985722 0.0351403368915551
-0.00908516861972739 -0.0651581367939258 -0.0255298464907341 0.0504893878420657
-0.0386083159364347 -0.0432033624606748 -0.000897208102812837 0.0356665372038152
-0.0448901412283973 -0.038383069658134 0.0163572667831507 0.0145926312044355
-0.0445992930926644 -0.0399530153523087 0.0285705028508502 -0.00435752043160625
-0.0295705243754222 -0.0710681377653349 0.0463116622607574 -0.0153938460696567
0.0195243492318535 -0.0846196400935973 0.0642907781765052 -0.00179625669124426
0.0684068347060197 -0.0625652756159265 0.0693155442609578 0.0386609481952481
0.106918398200532 0.0230110258604782 0.024310184046817 0.0795203641528603
0.0616186657247739 0.107478028338186 -0.0340574949345839 0.0705969237076559
-0.00672086397550934 0.130188555349066 -0.0268127678313194 0.0336282616342229
-0.0401638605492921 0.104469005964855 0.00624786381411414 -0.0155029392236801
0.0220145167158475 0.110668762280162 0.058689845823099 -0.0592043930911353
0.0739577386610857 0.0622377220391023 0.00822294865688864 -0.0923238544301897
0.0808582421089805 -0.0232544475767147 -0.0620540601651193 -0.062438374721421
0.0410588553646431 -0.0670439875185626 -0.061663069636388 0.00392864840126662
-0.00707055430621629 -0.0735037934521552 -0.0351400825478546 0.0214808646851219
-0.0415492663756824 -0.0488859553052104 -0.0200299625897503 0.0151784181447643
-0.0483380996892944 -0.0394868701860967 -0.00228976405346649 -0.000436005554165816
-0.0460602924277747 -0.0388194122084477 0.0096914593464731 -0.0210763912338419
-0.0321596592838442 -0.0688729982203404 0.0315124482423568 -0.0374175871312597
0.0136167500859631 -0.0843655641004607 0.0598839491360024 -0.0292583901922058
0.062576382442498 -0.0672227334005408 0.0798574383162849 0.0161046487800604
0.105719203435875 0.0169375653281218 0.0401022980637236 0.062292637822239
0.0599798936286551 0.102956040517489 -0.0259819950491296 0.0538055278505395
-0.00945645451691824 0.124619448749558 -0.017910445994539 -0.0042631179729026
-0.0466656530820218 0.0881115177675352 0.0252026715033864 -0.0589349692762509
0.00524947922990251 0.107174676271691 0.0654217028828023 -0.0772025503894602
0.0621955552331017 0.0705769233267511 0.0284562462714206 -0.0960385207763733
0.0794011517932073 -0.0126135225731549 -0.0333537593889825 -0.0742845647971364
0.0422272083606278 -0.0599240542484826 -0.045774829501975 -0.0264841506780107
-0.00339224932666035 -0.0678027519264801 -0.0411135464386265 -0.00881134656707641
-0.0372426473559232 -0.0459297859876219 -0.0369496565504102 -0.00598316942189944
-0.0440557550560767 -0.0350057814274202 -0.0199565177919258 -0.0155805847560133
-0.041498279764794 -0.0333506965462987 -0.00848929613136336 -0.0350386972409139
-0.0284816773240573 -0.058434596899554 0.0166523668110306 -0.0542123244682522
0.0102660534207313 -0.0726604296396235 0.0523652581210347 -0.0498064521255052
0.0537070894495416 -0.0584382169531005 0.0819723322792766 -0.00145119714918731
0.0906354856225748 0.016797278904539 0.0471349163286755 0.0463869431721739
0.0445504125791064 0.0902953972773359 -0.0206951036519128 0.039139802235932
-0.0150252987562755 0.103241378259052 -0.00923268736951341 -0.0360321327019922
-0.0425813213605618 0.0554599579547517 0.0422916281856324 -0.0949537697895749
-0.00966216066668436 0.0788353051198762 0.0695401297156039 -0.0915735987906563
0.0392858668846371 0.0585617041495611 0.042349911882615 -0.0946157803683502
0.0588928787360046 -0.00313617082149603 -0.00888305235685117 -0.0771075767274843
0.0319407815340092 -0.0417209262239212 -0.0300393879560401 -0.0483652077550166
-0.00061940832454808 -0.0488949126777214 -0.0458714366176184 -0.0334590139992896
-0.027105762675345 -0.0338284854678167 -0.049620593643186 -0.0236786408338766
-0.033153168622751 -0.0253023647570313 -0.0338088826157418 -0.0272154975304692
-0.030924371022514 -0.0245521023514168 -0.0223588704037478 -0.0465717067901263
-0.0211146132239645 -0.0433651412905489 0.00550265122882013 -0.0656974226300145
0.00833763668896582 -0.0539667856483943 0.048038273539207 -0.0628413246663596
0.0435425201071609 -0.0420929273605759 0.0819943947455847 -0.0115035595031756
0.0673237215374086 0.020335818632373 0.0498136233302692 0.0361295732518897
0.0220672512812476 0.071715771681155 -0.0157877079774482 0.028112338953463
-0.0231668268363354 0.0703606946787173 0.000962647394324872 -0.0582832621358292
-0.0291358629847398 0.0133552085973768 0.0523622519169683 -0.117271307468405
-0.0184634425664297 0.0336093459723023 0.0666233765282069 -0.0990852823435327
0.0126400543389147 0.0299427414121801 0.0457230379251706 -0.0942716040177438
0.0255631764950446 0.00119993757447248 0.0021676737954602 -0.0771271901207845
0.0133062149425928 -0.0169994860795773 -0.0240919164839317 -0.0596912320480284
0.00162917372096605 -0.020656403383158 -0.0494025660118927 -0.0450731163785062
-0.0121930703165522 -0.0156984086175865 -0.0569380894726458 -0.0330751617324067
-0.016942250792815 -0.0125806492771429 -0.042683861554792 -0.0341634343723606
-0.016340655225597 -0.0135806635401088 -0.0310093004814732 -0.0543314269836116
-0.0120393853270969 -0.0243783362998675 -0.000337242271703814 -0.0732625044754636
0.00512901684254063 -0.0314889206519671 0.0467414870567005 -0.0716202562945447
0.0310775853752288 -0.0233837538070324 0.0820548482848052 -0.0162011667453422
0.0400136291203083 0.0216418481788589 0.0508935785580606 0.0324358631800861
-0.000670137428301175 0.0460621386229844 -0.0109065366938424 0.0225972701380478
-0.0277320240098496 0.030021832963853 0.0113823908216112 -0.0690353507740295
0.0197094098915527 0.0098029270997381 -0.00517832890808373 0.0869961639952406
0.00443125260974214 -0.0148115359673283 0.0379110796828812 -0.0163052428083508
-0.0101549200819803 -0.0087363968022006 -0.0471728639532606 -0.0463703227446985
-0.00660964896362415 0.00744813485880409 -0.0933602748651349 0.0121945156322252
0.00446600968414458 0.004811811119206 -0.0580967007881386 0.0831365333889387
0.00292708321689867 -0.00151077400187462 0.00708523253326674 0.0878153061015388
0.00141703450297365 -0.00151751261219672 0.0406394837021797 0.059323055208124
-0.00352989272198211 -0.00484222353273838 0.0517242845407078 0.0385308676114393
-0.00548716080447927 -0.00438922874247984 0.0606659814460504 0.0299155204688011
-0.00496010325006583 -0.00990004264509719 0.0582669481238675 0.0429580980854769
0.00574844160614877 -0.0119962577160391 0.0387086220053984 0.0612200489051704
0.010448735700798 -0.00678711948120266 0.00447341748869675 0.0757343869486114
0.018938845399721 0.00100625065807493 -0.0389249123647264 0.0973591372769227
0.0198820094328534 0.0136162328793242 -0.0702671552580501 0.102825715803512
0.00930115000640611 0.0336480951444142 -0.054813186868265 0.12207036003405
0.0116723828480298 0.0472883506726445 -0.0111635072866554 0.0814240642824933
0.022344461957295 0.016385817949365 0.0400374608623771 -0.0184674802632979
0.0174828652656817 -0.000381533268261571 -0.0427228638275573 -0.0538381892821519
0.0122736333606277 -0.0102879155867307 -0.0967113301856334 0.00196922652299665
0.00949794741472637 -0.0198607707962668 -0.0635080935638905 0.0773262194470714
-0.00557304909407096 -0.0236852638723549 -7.48278602096066E-06 0.0840294629944632
-0.0157324514913787 -0.0157460093661123 0.0330292371064401 0.0579435722498551
-0.0215693258909119 -0.0182240804018374 0.046710906850702 0.0346275997903593
-0.0228822316993579 -0.0213484840585413 0.0564735491378945 0.0217016089762251
-0.0140269161674658 -0.0404584060927681 0.0608834292073043 0.0288189366652682
0.0185599577771008 -0.0444239965672581 0.0513307515327596 0.0492230719593228
0.0438845347740333 -0.0235142761846147 0.0256084204434326 0.0718843932826909
0.0568349803269656 0.0229184417610041 -0.0209293499148896 0.0974004481635609
0.0334338922495099 0.0632653845632092 -0.0563422706932051 0.0964524894009355
-0.000578755268603536 0.0816836656914457 -0.0452455054650874 0.102552887496996
-0.00299284450924651 0.0807014284712912 -0.012806771828789 0.0605448452801286
0.0345806856043725 0.0528199666818106 0.0439787638285887 -0.0273616321031889
0.0462381793736639 0.0155546036554162 -0.032183409041943 -0.0671879330104544
0.0362522345234232 -0.0243849644411998 -0.0963337416023698 -0.0159930150901745
0.0178004469164816 -0.0435428051518457 -0.0679984979566061 0.0620803757849267
-0.0111030343515789 -0.0460001547882776 -0.011200640000683 0.0721872993665045
-0.03026227862372 -0.0294621376769817 0.0190340195075004 0.0501557058581326
-0.0361922510836084 -0.0289359906458339 0.03405782602308 0.0260907931890337
-0.0373929772339793 -0.0322428982589499 0.0456819086518011 0.00862296751870924
-0.0244958464150647 -0.0607577563205 0.0566579948124665 0.00682605144222108
0.020484844178298 -0.0707375559548133 0.0623034637798106 0.0251035524138434
0.0617244282698475 -0.0469836048233787 0.0510498987811936 0.0580238429962626
0.0892194002325066 0.0254018183718114 0.00385016076512547 0.0917241165982184
0.053054276836843 0.0934193361417011 -0.0418766176662123 0.0861340104227893
-0.00293415436291256 0.115680362080493 -0.0340515293597603 0.0718133764519861
-0.019855602095637 0.102091973297641 -0.00669643821315103 0.0266528012138229
0.0367783997170063 0.0875197499714205 0.0497195602330695 -0.0422089796057624
0.0685794460442034 0.0373891541445432 -0.0155529094373707 -0.081682114082958
0.0617181375727996 -0.0313261515032009 -0.0859584259075275 -0.0379359883239276
0.02805624635159 -0.0614601186836009 -0.0682241416339901 0.0374748436029994
-0.0130757359275788 -0.0641472654064713 -0.0230920251098932 0.0514828544195219
-0.0402423033538815 -0.0405220002980762 0.00107703500646122 0.0360232893462783
-0.0462874943775705 -0.0350360616732263 0.0168493312418389 0.013599842941158
-0.0458561302064274 -0.0370473632341433 0.0284582462986152 -0.00690160345379856
-0.0331979367440668 -0.0690113437430021 0.0449278202535322 -0.0182918031956579
0.0149253849013503 -0.085196051682753 0.0644596763246069 -0.00485448071288142
0.0641968713981402 -0.065216361312311 0.0705795385931959 0.0356212561134399
0.106628542328349 0.0176818632864366 0.0268226164731315 0.0780543578835982
0.066076619438727 0.103904639475102 -0.0309171970210276 0.0702977390142383
-0.00234663622086346 0.129906746237802 -0.0250787767439433 0.0340181603931145
-0.0356460095357958 0.10638942951975 0.00546409636393713 -0.015832966254755
0.0274933465817808 0.108454359690062 0.0556057043000076 -0.0605174045656754
0.0765422053821751 0.0581116157931746 0.00533467310725675 -0.0927055004374983
0.078871801381954 -0.0272118799118886 -0.0639175146602953 -0.0593833547813948
0.0368123535287976 -0.0687271324878437 -0.0605087841360887 0.0058096976075526
-0.0112972933923519 -0.0725528659191021 -0.0341754557392767 0.0227716398221001
-0.0434056723371974 -0.0460092582537397 -0.0187377892399656 0.0170250426707795
-0.0496865948229419 -0.0361257296243909 -0.00209978646018367 -0.000604923775065006
-0.0473353786843527 -0.0356991912373023 0.00846100020970396 -0.0217498991026526
-0.0352360436639985 -0.066175761546104 0.0289488360982069 -0.0387585468243959
0.00892054398619076 -0.0846472699922971 0.0586744353508097 -0.0319008835980469
0.0581966882620096 -0.069832824123525 0.0796410764659552 0.0119831580342251
0.105592849545922 0.010870518638832 0.0416384546136681 0.0601346624626757
0.0645951602920446 0.0994823605816664 -0.0239690373582632 0.0541084765197565
-0.00417015539394547 0.124547271227558 -0.0178165552159104 -0.00325510769969115
-0.0428389265814156 0.0902829433316203 0.0224529562389047 -0.0599428989772203
0.0101253682041304 0.105789871739851 0.0614721580021799 -0.0796870422134651
0.0654491033593103 0.0672611884905141 0.0249237664749754 -0.0965019523274377
0.0781657434755541 -0.01622381181373 -0.0356740297039217 -0.0722839505411973
0.0383715478385337 -0.061604632571079 -0.0464579281816915 -0.024885744702214
-0.0067604297938955 -0.0671908005401099 -0.0419396448645635 -0.00689464449553883
-0.0387282454646959 -0.0429087822078329 -0.0365462139299194 -0.00351770523707397
-0.0453275839056193 -0.0318560543633212 -0.0206746565632381 -0.014616679792344
-0.0418928871696557 -0.0303048637526949 -0.0100361084840766 -0.0351486316456887
-0.0309536983783381 -0.0563595077457943 0.0132721145125977 -0.0553218114189235
0.00646165766609699 -0.0726402033439933 0.0502391573231551 -0.0520380947469086
0.0496449468274161 -0.0602702410451549 0.080916760905344 -0.0059703885276281
0.0905575557820152 0.0117682378334192 0.0481326435183447 0.0440161580283891
0.0485306045342135 0.0871078251754197 -0.0189480398842257 0.0397760047142792
-0.0108725859880205 0.103390624172159 -0.0109638837894994 -0.0347367760406271
-0.0396906420666106 0.0576760593919121 0.0379655078611401 -0.0963026433103904
-0.005690812252476 0.0785156726568519 0.0645383532703764 -0.0928056148966051
0.0416153426298543 0.0558976562688065 0.0389838265162839 -0.095870323273492
0.0579177452268066 -0.00606950338296478 -0.0116303343698491 -0.0768237300899395
0.0292702816203508 -0.0430152370323742 -0.0323475371876923 -0.0476099215376706
-0.00331822593810249 -0.0484850603720634 -0.0473185589201401 -0.0304721943496539
-0.0283475386903749 -0.0317804829683471 -0.0500005488701389 -0.0198320768845264
-0.0339890252453314 -0.0229369787274471 -0.0353330940481102 -0.0252944473045718
-0.0309537588428796 -0.0230683269875414 -0.0248340160120722 -0.0449862159223807
-0.0227028990978991 -0.0418457036282909 0.00198837918541453 -0.0658775348861537
0.00555616791513798 -0.0541416900207052 0.0448453232054996 -0.0646955083711845
0.0406205804193273 -0.0434866602296911 0.0804199040815922 -0.0161713836235357
0.0676307341736856 0.0166865268153572 0.0505676835885923 0.0334613172999329
0.02537350595606 0.0695966232632536 -0.0147495701259919 0.0284130823976403
-0.0198368533123747 0.0710209160779134 -0.00196579939676099 -0.0569360638184546
-0.0286238351028358 0.0146103573247015 0.0465217207356801 -0.119354217057396
-0.0163249824849211 0.034207024978364 0.0623166703682639 -0.100216463059754
0.0135731137469892 0.0288672352961996 0.0418201645645977 -0.0950407471124392
0.0246818155178873 -0.000224056275121122 -0.000350261614999936 -0.0771739306818435
0.0116749133396692 -0.0175592711859351 -0.0263372330505268 -0.0594596815318206
3.6973791777762E-05 -0.0205889381847607 -0.0514039237432128 -0.0425312663164082
-0.0125104830944503 -0.015210179491138 -0.0580271278633248 -0.0290302134858435
-0.0176007309727237 -0.011063698962327 -0.0440928374959852 -0.0315146032340362
-0.016443283885879 -0.0127027984413301 -0.0338044494579861 -0.0515803830232417
-0.0130347013198329 -0.0239362263451332 -0.00382032217149269 -0.0727045795977204
0.00389404339598523 -0.0311978599351579 0.043436737687686 -0.0731994023656022
0.0289972934571632 -0.0245438893726259 0.0807893354409683 -0.0196849357232981
0.0404760680409867 0.019065803718243 0.0520454644969748 0.0298173635292681
0.00161756701957906 0.0461438934962011 -0.0102517965024862 0.0230525320288654
-0.025920657913004 0.0310559194330129 0.0078041662976367 -0.068158678944349
0.019421520391284 0.00874556941097377 -0.00183921581914411 0.0843609417626529
0.00381402202101838 -0.0145810394490529 0.0361592933262391 -0.0185268959958221
-0.0100931170996871 -0.00802173845273634 -0.0474374562125557 -0.0443210928704354
-0.00629358302968189 0.00741498817576208 -0.0906959055541877 0.0147500925802202
0.00448695192489492 0.00416779867208112 -0.0536700685967761 0.083473176465575
0.00258454985024478 -0.0014604171408634 0.00990069361043231 0.0850444709280784
0.000814310508592642 -0.00185341814512452 0.0413337406205311 0.0558794181157238
-0.00335509187097002 -0.00467855774679797 0.0517584254455123 0.0352294548295022
-0.00553615286878239 -0.00444940589169795 0.0603438216264047 0.0264643678407946
-0.00502831500003375 -0.00920376524102419 0.0589931107610875 0.0394964526354769
0.00525960788670168 -0.0120295085944321 0.0399162142833679 0.0593358865130997
0.0102425615192426 -0.00646348957072919 0.0058062126382227 0.074556969287098
0.0186151246405399 0.000490939668802875 -0.0352426490666837 0.0966287266562096
0.01927810847565 0.0131224582514728 -0.0658533676632947 0.101523441515675
0.00995878079919934 0.0332308652321286 -0.0508799661746399 0.119830746567857
0.0125612867940839 0.04624316577538 -0.00817040736464573 0.0793427582467875
0.0221378996219468 0.0151830101973271 0.0386467846482399 -0.0202121890657588
0.0166260824121722 -0.000769765178191271 -0.0423975059245075 -0.0520623448700384
0.0117986397893766 -0.0100575196857728 -0.0943545851676592 0.00501781977133892
0.00891782906219544 -0.0193361847640192 -0.058996128626287 0.0775313781737122
-0.00606246879574865 -0.0230207191596243 0.00310695336069055 0.0815963159987489
-0.0159476198634986 -0.0151332629172457 0.0341311321093702 0.0550364110316742
-0.021666940954221 -0.0169943788820167 0.0467377895293159 0.0316010894716725
-0.023147181591464 -0.0199392752771468 0.0557305280876329 0.0184932961905546
-0.0152279593850725 -0.0387731825704591 0.0611697717453365 0.0256188259895386
0.0165783929971189 -0.0445904105905332 0.0523398235782292 0.0466425940175598
0.0422072587358711 -0.0240498963499901 0.0259323126309833 0.0692112322787799
0.0558972964993088 0.0204130542360451 -0.0181263298030586 0.0962922045369909
0.034891365361405 0.0609741314608192 -0.052853038606112 0.0948926622673003
0.00136721176796532 0.0806093045540676 -0.0412791017717458 0.101283310605641
-0.000619587796487665 0.0794741128652964 -0.0102130478117821 0.0588724319435275
0.0357513725193547 0.0506888446818871 0.0424733300274976 -0.0286466359562853
0.0454269638434398 0.0134785989435776 -0.0324976023773231 -0.0650511516398892
0.0345498342325958 -0.0247772666116605 -0.0938206529262947 -0.0122799116440808
0.0156979224645333 -0.0431319330880889 -0.0642659904759878 0.0627217887742378
-0.0126029448877227 -0.0443601634898721 -0.00840030082856839 0.0707736555866893
-0.029825520675265 -0.0273799487594194 0.0204610248596449 0.0483247331385271
-0.0366033876839187 -0.0268395830871798 0.033913039430989 0.0243268733896564
-0.037086148625843 -0.0298423336624901 0.0443037609370733 0.00604149270464741
-0.0263302870214981 -0.0582600620603878 0.0557582564224172 0.00380052825871544
0.0169714730508341 -0.0701186557389432 0.0622981925033619 0.0224217476038851
0.0589458927545734 -0.0471954642850369 0.0506440582243341 0.0548018327280707
0.0885010596626547 0.0223966881997635 0.00590388353692115 0.0903910674018986
0.0548883874568227 0.0901510668108443 -0.0393385970906978 0.0845516028610052
-0.000735685794482435 0.114132238492043 -0.0315886328969996 0.0712618188308128
-0.0168077885358632 0.101310236933879 -0.00591838088726465 0.0263172057953394
0.039242735899633 0.0839445618971592 0.0478070570448366 -0.0432171088398359
0.068184750649743 0.034403280576711 -0.0160761481999775 -0.0798445245084165
0.0589436242036667 -0.0322974756532202 -0.0846174433690226 -0.0346197185731516
0.0250602122186062 -0.0616428869603922 -0.065268213489618 0.0382069307467657
-0.0152554768599019 -0.0620588149432488 -0.0210566494260651 0.0508028396726639
-0.0399625942150116 -0.0381908300545555 0.00273868047375514 0.0352515688165523
-0.04642159867085 -0.0323641997586862 0.0168934529192083 0.0122515679939398
-0.0457436543781875 -0.033978159013788 0.0272185787001309 -0.00888202939221998
-0.0350173964509171 -0.0661745207537339 0.0429983803577073 -0.0197734969869633
0.01120404069492 -0.0836265930488762 0.0636246302892934 -0.00712794261452314
0.0603242048136245 -0.0653009165919854 0.0698008667137616 0.0316557815964128
0.104966545135436 0.0134216260324139 0.0278026150402109 0.0756002555385167
0.0681061085340045 0.0995765259885671 -0.0289479612830425 0.0692179728233442
0.000344611475317774 0.12780374705659 -0.0232737179869864 0.034534219189522
-0.0313945088795504 0.105602625968921 0.00522399581941303 -0.0159332359668818
0.0303134055895093 0.104757520285737 0.0525005780592261 -0.0609544265318282
0.0769046198120304 0.054784972175969 0.0039568298638125 -0.0908175024166797
0.0756370629691984 -0.0290922572131651 -0.0639325594401125 -0.0565715049553306
0.033299461738255 -0.0685745145709632 -0.0588123445827271 0.00683318546930336
-0.0140418448598288 -0.0702277692350364 -0.0328074528785184 0.0234659328610259
-0.0434672879612549 -0.0430651257375536 -0.0173666138305334 0.0175317087817709
-0.0497821255259761 -0.0333108112626887 -0.00224218428604542 -0.000843512319360755
-0.0470569603608239 -0.0332241058259521 0.00717933932528333 -0.0224428079364391
-0.0368314556650236 -0.0634728966780194 0.0269392924381597 -0.0398511499792653
0.0053593702548105 -0.0834566712943223 0.0570288635014233 -0.033310323557495
0.0541204107670851 -0.069245179716216 0.077972369889806 0.00902176050726085
0.103471123558098 0.00709504301181235 0.0417409928177606 0.0579264239769241
0.0661239902692916 0.095056428757026 -0.0222240693119626 0.0536847083023502
-0.00130296947454328 0.12211384676272 -0.0175836381632365 -0.00205665925330134
-0.039048973721192 0.0900988177996227 0.0202555073750977 -0.0595731764993846
0.0136332478498911 0.102448488353622 0.0576933597315076 -0.0784930003160088
0.0656726549656344 0.0632246569526308 0.0231286278111958 -0.0953687976767354
0.0753527371987477 -0.0184535820461394 -0.0362203810996647 -0.0700478103498406
0.0350880212450618 -0.0615856511447879 -0.0457362295794896 -0.0240514577617579
-0.00992465363184204 -0.0655163192948903 -0.0414712412827556 -0.00500038968691969
-0.0393566453060737 -0.0404129862838634 -0.0351911925767322 -0.00149284310684088
-0.0455176821560784 -0.0291049277976694 -0.021045644415032 -0.0129567357737968
-0.0419511216159342 -0.0281355283437203 -0.0113860179673079 -0.0342352634430916
-0.0321347637791652 -0.0537262670000983 0.0105248214625483 -0.0544601336215518
0.00359027995091367 -0.0711188768711821 0.0481531998925514 -0.0522893250599564
0.0465331275019713 -0.0599005078958196 0.0789815599846517 -0.00884689808335251
0.0885825174249186 0.00848164393115585 0.0476319278162853 0.0414903483937642
0.0503138445555909 0.0835116856316646 -0.018399781995057 0.0391613694065759
-0.00800133108994255 0.101498187494831 -0.0117652244735112 -0.0328588097255496
-0.0371231844894043 0.0577997573558217 0.0342485768352167 -0.0953747533626549
-0.00326103549112075 0.0769629337737698 0.0606017446535496 -0.0916190868583346
0.0422569041459391 0.0531257830584223 0.0359494757684357 -0.0948420298071563
0.0559869117766337 -0.00830880391535116 -0.0129208991119037 -0.0751749348048586
0.0266180927268279 -0.0428314352718328 -0.032781806793655 -0.0469493774726156
-0.00551225505531002 -0.0475436089401822 -0.047556510574808 -0.0280363033484908
-0.0283004728333962 -0.030366459324131 -0.0495447042040413 -0.0169093145854637
-0.0341719618071511 -0.0207618147523682 -0.0350248190633221 -0.0232398849481189
-0.0311185559736688 -0.0207787872040289 -0.025509923509577 -0.0436195046009977
-0.0237527669398202 -0.0398431539931144 -0.000369652878090441 -0.0643498087467261
0.00351689640704867 -0.0526524648873077 0.0420227856210488 -0.0650727506278111
0.038381629311177 -0.0433634947062178 0.0780789886705945 -0.0185484927452083
0.0660416557480954 0.0135475805953792 0.0493293469484411 0.0312214296491241
0.0266762757098754 0.0674595980742352 -0.0143832061215857 0.0288579920182338
-0.0172395040051388 0.0699016818182348 -0.00371802292857935 -0.0550491359861762
-0.0271797588360618 0.0154080967907333 0.0419959290389759 -0.117942217740002
-0.0148000641437906 0.0335808084535909 0.0578008184253235 -0.0982107699561701
0.0143119412411206 0.0273365513119597 0.0390622850686492 -0.094022687039333
0.0237934657613925 -0.00126846242711793 -0.00146241280463915 -0.0761269320835565
0.0106425935197223 -0.0173131173395944 -0.0274884312816861 -0.0581241896214039
-0.000872063610756262 -0.0201781685820698 -0.0518190354742042 -0.0398371441279155
-0.0128462332846171 -0.0142702338706685 -0.0575236677913079 -0.0258764481091731
-0.0176093036192675 -0.00971158583864222 -0.0440738103856068 -0.0289927945826807
-0.0164624840038307 -0.0117418082284956 -0.0345867185669838 -0.0496774204302253
-0.013513478370396 -0.0227128996473395 -0.006350117334348 -0.070994528064825
0.00288629155254235 -0.0305578176424424 0.0401111272752971 -0.0728721530939301
0.0276081625146336 -0.0245999148555642 0.0781407428280286 -0.02189288215701
0.0397424657238697 0.0173575262451219 0.0507873435552299 0.02757408494485
0.00291808753428017 0.0453095535799818 -0.00968344597511755 0.023128859184988
-0.0240699629496767 0.0310249065017406 0.00558889398129276 -0.0659471471889492
0.0135770333052049 0.0172407281997613 -0.0354279351971433 0.072077994448276
0.0093973511170509 -0.0107033885192419 0.0396956997259653 -0.00281207454148624
-0.00609920318137941 -0.0118036109777765 -0.0239898183242371 -0.0595777161885176
-0.00792794075488795 0.00437145081364236 -0.0871942662977228 -0.0237857488267855
0.00264579388686571 0.0054988548318036 -0.0821556988792468 0.0520437235985888
0.00251777746492469 -0.000458594591481949 -0.0261774660714876 0.0795734537511043
0.00144763977406012 -0.00198202341789218 0.0138205639780175 0.0662933861128806
-0.00120034785918202 -0.00558150807640512 0.0318908384557477 0.0515967489304272
-0.00286019367568551 -0.00638877292451709 0.0435352493147459 0.0474542800404712
-0.000640282783207292 -0.0108355673419677 0.0375752343943163 0.0589820927697992
0.0100452818137512 -0.00897357929117174 0.0112602968073488 0.0692823565982815
0.0125951458983716 -0.001789722977779 -0.0266145014183391 0.069090586185544
0.0176800087242128 0.00878744511769022 -0.070789986064574 0.0718054230863342
0.0122321780782137 0.0214038399759715 -0.100173873721074 0.0646948623494623
-0.00359181320024345 0.0365747451946442 -0.0974610497174449 0.0861607358286001
-0.00975548710428945 0.0482374163232466 -0.0351291345088175 0.0651217386688294
0.0127132024363892 0.0235524169942526 0.0441934220723497 -0.00442089011864194
0.0152088750482549 0.00653027383348361 -0.0153025443275843 -0.0659999602898035
0.0147306782844926 -0.00346733129868331 -0.0871579227887733 -0.035260085668471
0.0163959058468734 -0.0140631390465121 -0.0853288143720734 0.0441402981954982
0.00360485164526352 -0.0231224453977602 -0.0319405023172554 0.0735245217637655
-0.00791212126250521 -0.0193098012964851 0.00811028272827754 0.0627285186821874
-0.0129555371462927 -0.0239050585426513 0.0287171121480309 0.0464936771624937
-0.0124830449989863 -0.0269281761692739 0.0431823661112614 0.037870891335253
0.00170910106134465 -0.0411240808840694 0.045492553177916 0.0468414037596612
0.0323880575562909 -0.034288254815554 0.0278824956391883 0.0629244284964759
0.048829927667362 -0.00491167460001598 -0.00586756664253875 0.0726862514468872
0.0445687238607438 0.0411591478976964 -0.055778450641869 0.0793999545043131
0.00849395162001988 0.069863246660081 -0.0873975319030611 0.0651281205250459
-0.0296253956054464 0.0767743960655033 -0.0829796873145373 0.0726699199959591
-0.0368440247773446 0.0723281725623392 -0.0246001533944407 0.0468115862169791
0.0092759700864551 0.0597984365125703 0.0530955117888579 -0.010459321352339
0.0342920060677773 0.0312659458629607 0.0010880685482171 -0.0752264201876589
0.0409183187098579 -0.00671685899357762 -0.0803402991322776 -0.0527068692389359
0.0321580111458949 -0.0314738488342166 -0.0852383131933166 0.0280389619696041
0.00691696873109479 -0.044610209630457 -0.0384769704074662 0.0588856696930199
-0.0154819832981612 -0.0365310487066134 -0.00158632731327886 0.0513427674820342
-0.0223684286448592 -0.0384541568672165 0.0206126122462607 0.0348530652086903
-0.0211556615320943 -0.041719639322292 0.0377176511288842 0.0218709725034665
-0.00128829785134359 -0.0627258580063447 0.049467843937626 0.0254901419082065
0.0432287003141801 -0.0573840072066507 0.0472830366403354 0.0449941688679873
0.072022232884429 -0.019285954761572 0.0225351845553878 0.0696401611660746
0.07390502661147 0.0547388845195597 -0.0317953934671922 0.0838402389489685
0.0160735433387426 0.10362759226154 -0.072799962025894 0.0625810527206639
-0.0438847939476721 0.106004096581934 -0.0629543765394379 0.0490628725839297
-0.0615035870858895 0.0848379127159623 -0.00452615454537494 0.020737149937192
-0.0024164056114982 0.0905971975491038 0.0654345186852719 -0.0209505382847235
0.0464448857012855 0.0597439241320761 0.0233496677086398 -0.082982603644863
0.0652632809463189 -0.00259026297320368 -0.0625450234907337 -0.0706772540881996
0.0481376607948837 -0.0437233600423189 -0.0769718292337456 0.00489157412657943
0.0118105646138784 -0.0611259884948844 -0.0423012118665589 0.0353558795297334
-0.0196682918695981 -0.0492889308291867 -0.0127064293825262 0.0321156357646519
-0.0291255095936771 -0.0472220236775837 0.00988273895973592 0.0175172120376917
-0.0273131319746164 -0.0484544662870509 0.0283168551492355 0.00150023376027521
-0.00594109841110704 -0.0726264082790652 0.0474434256048885 -0.00150971973811322
0.0421260942859525 -0.0720141497709937 0.0603040660305914 0.0192857734111525
0.0801394796665579 -0.0354986104108487 0.049655636792116 0.0568597452832209
0.0920379136265458 0.0526249421724931 -0.00619051999173062 0.0804552320813195
0.0246847994361747 0.116531923569977 -0.0578264560491893 0.0545907325343809
-0.0476257728977552 0.118149065864894 -0.0411800178306567 0.0186664439104153
-0.0769498603207795 0.0820828479521196 0.0233039666784991 -0.0108589488120425
-0.0190314438198078 0.105288685432762 0.0787900373939604 -0.0340925434436467
0.0447938818682919 0.0811793794458023 0.0470441505455355 -0.0847666503604302
0.0786272046767035 0.00757778096196269 -0.0343388986050919 -0.082498270836216
0.0579133903844843 -0.0465189496974214 -0.057940121349926 -0.0213474111479992
0.0163936719270726 -0.0679713556651935 -0.0419170166782742 0.00629914867516376
-0.0206116298710661 -0.0554417788925114 -0.023453889631747 0.00901834246951615
-0.031476739348685 -0.0491971896905356 -0.00183985817647532 -0.00179514288593426
-0.0288192999403112 -0.0476999526942815 0.0159945527246695 -0.01893944186118
-0.00922572415058631 -0.0716773695379326 0.0411577497652388 -0.0259070236928089
0.0369153103935061 -0.0731461234748498 0.0652541241639309 -0.00731821108471984
0.0763865285064771 -0.0419295109876016 0.0669061518412702 0.0392814828839453
0.0931501989471819 0.0453854993368842 0.0129777463975142 0.0701349938938256
0.0243339554996529 0.111854431042293 -0.0455003357522349 0.0430354168671629
-0.047845222847961 0.111762143253222 -0.0206006019712367 -0.0109311927360336
-0.0766365767130936 0.0645879214149675 0.0531275841446966 -0.0426547563906891
-0.032706841006403 0.0959198312392798 0.0901438050701361 -0.0462902201328153
0.0314332237329339 0.0839465829373795 0.0665019892792389 -0.0799078649659516
0.0733948663519799 0.0162560812368686 -0.00257145716784817 -0.0836772647089136
0.0564238468567894 -0.0389635961693728 -0.032922220683862 -0.0436672288841778
0.0179486449583536 -0.0618882659015834 -0.0376738294880096 -0.0234015929344595
-0.0179271888667713 -0.0515606540069456 -0.0317082384884807 -0.0154952031223534
-0.0290502445928275 -0.043948138259293 -0.0136060588630392 -0.0200139294746657
-0.0259588836655204 -0.0414649657134738 0.00382016999901408 -0.0364608703968458
-0.00863072988853111 -0.0606516041596433 0.0322022194727011 -0.045198163841585
0.0303545639182126 -0.0634989902541072 0.0649774958002936 -0.0274579877015174
0.0654842744830011 -0.0361552655301595 0.0753024569836923 0.0246699427176704
0.0784136810715357 0.0408617475125864 0.0246399829916351 0.0578783892323491
0.0142751192493868 0.094787100346422 -0.0362535184161928 0.0314679030263837
-0.0459415658612979 0.08978959412972 -0.00150518634316783 -0.0358264447002295
-0.059926575758686 0.0359069833608914 0.0773545425287334 -0.0685640361461877
-0.0364396644429928 0.0657544962073638 0.0964895000673003 -0.0556608936484964
0.0150921904032205 0.0649402986886569 0.0768729436361705 -0.0720716198088188
0.0520390139068908 0.0167402026151427 0.0207807118991804 -0.0768946161186177
0.0414261620436939 -0.0260710296827999 -0.0110454460049775 -0.0585878582284463
0.0147673370279254 -0.0437733893930464 -0.0324462398000642 -0.0457769641288083
-0.0125843501960487 -0.038028580618112 -0.0378222268608094 -0.035068406657711
-0.022163309754948 -0.0321055733311509 -0.0220024147618937 -0.0346421529696992
-0.0198346499944271 -0.0304851107938688 -0.00491945131417815 -0.0498311007327673
-0.00603287015166273 -0.0447050935023537 0.0262876903782666 -0.0583767174348677
0.022958597799034 -0.0466512596636918 0.0644971980239395 -0.0403593147770276
0.0510885256996481 -0.0240629085806427 0.0777322695992586 0.0155375213780967
0.0558701253066842 0.0371006456361329 0.0304235885835864 0.0493085609738756
-0.000871438906124157 0.0718856377744179 -0.0278980145743327 0.0222973731682453
-0.0425241914084215 0.0564922293602773 0.0161985025118934 -0.0523329307189828
-0.0310845330737679 0.0016145236289824 0.0893754237366047 -0.0851746435811545
-0.0276210039386533 0.0231629834627172 0.095152161681022 -0.0615437136887838
0.000792906090189669 0.0296895379819831 0.0761893034843435 -0.0691592490702692
0.0208413874938261 0.00894791475785952 0.0310264584723926 -0.0715522043666008
0.0164451959995998 -0.00997498763323989 -0.000987744856563427 -0.0652453228003076
0.00749506718019776 -0.0183033039380398 -0.0309916559192355 -0.057061122453656
-0.00534272335671627 -0.017626177618674 -0.0413721432561764 -0.0457457659891589
-0.0113970533770967 -0.0154218211800366 -0.0271297593017867 -0.043562712455011
-0.0102288957227714 -0.0172294881889198 -0.0104979490066419 -0.0585201604158316
-0.00439075044812104 -0.0256879329283138 0.0231837321428653 -0.0663110715128733
0.0135325442307108 -0.0273673837484304 0.065700950594639 -0.0480393804976224
0.0338638300817754 -0.0119402564978845 0.0789847074268073 0.0129697859673752
0.0309800291393056 0.0303528829893253 0.0326079145166462 0.0464017623969065
-0.0143413749734272 0.0425262767637758 -0.0207373980569183 0.0179374920203063
-0.0336233096210364 0.0185462555282729 0.0309757439580415 -0.0578194666875998
0.0134885869543199 0.016993350030016 -0.0341550111564972 0.0723656441435621
0.00911405811084051 -0.0110427138033749 0.0396624127807052 -0.00380928969066653
-0.0061860748253202 -0.0116028976596585 -0.0242804559818913 -0.0592647238148603
-0.00777789249285652 0.00452167203797408 -0.0869922594614212 -0.0225901515553323
0.00282515756114486 0.00542431272084081 -0.0809748018095766 0.0538791757936218
0.00281406230833456 -0.000798787525135142 -0.0245950297541002 0.0798940393980149
0.00133688758609388 -0.00186546021753671 0.0145901137460563 0.065017951901848
-0.00177290371202346 -0.00533661798897131 0.0330816604035999 0.0508900943297535
-0.00294927320062127 -0.00652989254854078 0.0442879574366042 0.0460553103279075
-0.000561483959643877 -0.010492847606001 0.0390407976878455 0.0580333394607765
0.00941355805052614 -0.00981462213232412 0.011951406935948 0.0695363843230585
0.0126891905590362 -0.0014828176245269 -0.0271237409019546 0.0691029200086366
0.0174992480582463 0.00858328716264151 -0.0705120980703767 0.0727066881968058
0.0121695813939641 0.0209446154887891 -0.0999374725747987 0.0641394989574897
-0.00361554408858329 0.0367571268056612 -0.0967840499721084 0.0870317517446244
-0.00962212407123996 0.0486356658960514 -0.0339712123894448 0.0651802930089995
0.012909319447918 0.023218238955971 0.0440743733403079 -0.0056125460817779
0.0152893267338269 0.00626328979544846 -0.0153012162717347 -0.0656565127130705
0.0142878533381721 -0.00341430966562698 -0.0876374218741193 -0.0340470070901061
0.016110045348231 -0.0142464077648304 -0.0842418226052434 0.0450481002796193
0.00319280992322708 -0.0229436983165633 -0.0306223216333824 0.0736512919401772
-0.00847525537476151 -0.0195503236582687 0.00923887551290076 0.0615232490554799
-0.0133480257468289 -0.0232452204860476 0.0290053925376955 0.0454837704036849
-0.0130848411882998 -0.026743376938201 0.043656289176683 0.0362933601018929
0.000686798691364304 -0.040983681420836 0.0462007263469462 0.0458463747570682
0.0319601620279831 -0.0350398153011797 0.0290205293240576 0.0624375088227415
0.0477999217703444 -0.00542435902957501 -0.00591025557416491 0.0724026580099147
0.0452295307499509 0.0403371273598798 -0.0556300258943627 0.0797870273828553
0.00895788385866763 0.0699825664903747 -0.0868068510544492 0.0648479857421328
-0.0293124272687036 0.0771948427620283 -0.082399546644163 0.0726791882031972
-0.0362100408416587 0.0735727560213077 -0.0238730716923815 0.0466337419288588
0.00982238633853582 0.0594759853559733 0.0531812507491298 -0.0115301518968241
0.0349152643033343 0.031213544555964 0.00128508575217827 -0.075880957507182
0.0402973517126679 -0.00684008092803447 -0.0804042839791812 -0.0521281988490735
0.0316209841554989 -0.0321383118556431 -0.0846748955878438 0.0287304564727263
0.0060731399379917 -0.0443813766586527 -0.0376335591986584 0.0592614374618301
-0.0156072362603444 -0.0365318026816877 -0.00103438131708804 0.050915390353575
-0.02321916783667 -0.0378399252655382 0.0208971273710914 0.0339397677244681
-0.0214900435003457 -0.0409338275115011 0.0383747081926041 0.0200721750426863
-0.00233099988289566 -0.0628658616608925 0.0501306321458504 0.0244703450470977
0.041820983890738 -0.0582725560235733 0.0483992060277306 0.0442957752229069
0.0714307774395507 -0.0204677877430505 0.0227458025108594 0.0692266318911494
0.0742613139020911 0.053806611095965 -0.0322027898273473 0.084455490913475
0.0170291913107414 0.103078215333912 -0.072371077295503 0.0621656995569724
-0.043398942961921 0.107241972290744 -0.0630080265069555 0.0494287309782213
-0.0608822371882777 0.0861884225706549 -0.00462920910032029 0.0206600471200511
-0.0013019167611296 0.0904892433399372 0.0653127173863128 -0.021623320470827
0.0470482450686705 0.059639800278206 0.0240466033107256 -0.0837462583677347
0.0647322453805449 -0.00353009948376374 -0.0624882368162155 -0.0702037072294927
0.0473125208923993 -0.0446046776235253 -0.0760566048150904 0.0053264097084628
0.00982037574395697 -0.0610272898297099 -0.0419570614286304 0.0359176631394818
-0.0203677812575944 -0.0492434606380579 -0.0120997814144219 0.0326714815378087
-0.0294965337780269 -0.0464158711946285 0.00980346523174702 0.0170986652262609
-0.0275183272773082 -0.0478278157982075 0.0283271520086017 0.000499829689245715
-0.00782734025542133 -0.0726876214858678 0.0478145648410608 -0.00240978432042985
0.0408785043994061 -0.0731032171632655 0.0616593050565939 0.0180385092338787
0.079654677677049 -0.0361576662252294 0.0495874621559316 0.0554617501618725
0.0930708503779455 0.0511856824401138 -0.00616823358309658 0.0808577210460706
0.0257268863128407 0.116365440192455 -0.0578578522247769 0.0547978496626831
-0.0473357741544632 0.119007491593382 -0.0416680651142375 0.01962463306362
-0.0759272557508041 0.0834251438534823 0.0231815995126189 -0.0115721534795201
-0.0178353487868789 0.105084604296447 0.0783525613021134 -0.0342473561814025
0.0459780378166448 0.0806078908229583 0.0476376030846725 -0.084856669569078
0.0780249533361555 0.00638219925935794 -0.0343679424054502 -0.0818446782219442
0.0574908506039227 -0.047106551813195 -0.0577362512003579 -0.0217224665564517
0.014769542570426 -0.0682158597990761 -0.0416545352504389 0.00666067110430085
-0.0214434799692367 -0.0546897297173551 -0.0226742771654617 0.00911824647686018
-0.032262734470219 -0.04830236431447 -0.00270450401339144 -0.00212288929723911
-0.029146047229805 -0.0470473304808782 0.0158239391033355 -0.0196733332574999
-0.0106183724004578 -0.0710279998759463 0.0405274092644256 -0.0268213528870713
0.0349453389565745 -0.0743062480921917 0.0660308918219 -0.00778582973662046
0.0749571904036547 -0.0426456656552332 0.0665736483062317 0.0384625190196428
0.0936368704157039 0.0443500741821185 0.0129050963223915 0.0697412650756958
0.026002147716942 0.111503671269106 -0.0462312237283137 0.0430087805854405
-0.0471681265965128 0.113109237535842 -0.0209750509426727 -0.0110332888428697
-0.0761997080221571 0.0659656441709572 0.0530267270431079 -0.0429374427056467
-0.0315637938275477 0.096019041631534 0.0896421218882699 -0.0460358464293907
0.0326727923690835 0.0837972103832533 0.0667448398765279 -0.0801044545873768
0.073550853359211 0.0153588281378493 -0.00253891367803351 -0.0833665102279764
0.0556780666174727 -0.0400288036437667 -0.0329245663819316 -0.0443679124104255
0.0166768530744136 -0.0622314223906418 -0.0382018606533402 -0.0227673796443587
-0.0185080508688804 -0.0513735293869391 -0.031944976840701 -0.0143581776808932
-0.0301189929895961 -0.0424772708789338 -0.0139574567477866 -0.0196015536153599
-0.0261929290860942 -0.0410043806557052 0.00320800086364728 -0.0369601470179457
-0.00986924353196304 -0.0607007568872756 0.0314705365107519 -0.0458223217972804
0.0289845430900991 -0.0636962725149378 0.0654952934088218 -0.0283485972036325
0.0642046069896127 -0.0367710984339574 0.0749721269214238 0.0231821194097312
0.0788103682108323 0.039481664670466 0.0240788078254573 0.0573293491993401
0.0152053659008692 0.0947141160715046 -0.0362658143175735 0.0310630714740349
-0.046226365634623 0.0906216728689836 -0.00198583178979537 -0.0357101217119147
-0.0594964013357629 0.037000783060863 0.0767504726193706 -0.068609784122716
-0.0352196041836251 0.0654850067815543 0.0958363877859692 -0.0556327083238074
0.0156161292582945 0.064363651182232 0.0766620990884768 -0.0721923530995222
0.0519903212112662 0.0162174159116131 0.0211421050087845 -0.0770753268396331
0.0407916230025628 -0.0265426586301687 -0.0110667155032957 -0.0589561768895994
0.0134620810645748 -0.0440107276623715 -0.0337788056178439 -0.0458025919544726
-0.0130958187052095 -0.0374686887955738 -0.0378176469461246 -0.0337440507468651
-0.0226327837145325 -0.0309496607706804 -0.0228713717684714 -0.0338214863676635
-0.0199697513430943 -0.0303504293896141 -0.00576302588100006 -0.0500166871261988
-0.00691340220183586 -0.0445197618089046 0.0253807158319245 -0.0586868534991744
0.0222806447691048 -0.0466293286780135 0.0645604182217461 -0.0417262878139282
0.0501575642249045 -0.0245583229514132 0.0781450393147529 0.0147556544659148
0.0566027242783601 0.0358655303756425 0.0302979570557314 0.0486070054481417
2.70226545993958E-05 0.0717525469448979 -0.028208961432916 0.0228979716718362
-0.0423027841682297 0.0577665628774929 0.0153759805188544 -0.0514129439504777
-0.0309487586753182 0.00225945979318508 0.0886887948966836 -0.0865112463120533
-0.0277122759182138 0.0236879526868152 0.094055594411959 -0.0614635849834865
0.000957525561788733 0.0292180427938754 0.0766535230215873 -0.0692519280223564
0.0204096105826789 0.0088097261711231 0.0317752098365431 -0.071532784856947
0.0162989918611733 -0.00974692236543123 -0.00128072988587403 -0.0656664166581414
0.00695667921965701 -0.0185267888171252 -0.0322039136542418 -0.0566330546814967
-0.00588367851198766 -0.017799551444575 -0.0417394828311508 -0.0443905586593358
-0.0120051089999945 -0.0148770768068569 -0.0281067888556365 -0.0427143349214846
-0.0108254549954892 -0.016824871795034 -0.0110654985876482 -0.0576655404294971
-0.0044086627658182 -0.0254442712009372 0.0228297397256958 -0.066175095201466
0.0132808914933252 -0.0273212228071883 0.0652993594671495 -0.0486750366166893
0.0338389386078526 -0.012311177113249 0.0789830329932092 0.0115077484659574
0.0308591537423541 0.029668994009821 0.0325041822019108 0.0460505637413267
-0.0137518690191249 0.0429162690786799 -0.0210197598188454 0.0184880565238853
-0.0335206267507901 0.0189691569468104 0.0299719126519096 -0.0574711208431221
0.0138884480411182 0.0170641920338544 -0.0325426910085864 0.073271785568842
0.0085667830668142 -0.0108764452478358 0.0400229669626134 -0.00595466393390389
-0.00674940776963067 -0.0110172798360667 -0.025471615737284 -0.060103839468143
-0.00779363316891395 0.00461113839802301 -0.0879380647395754 -0.0213722210618604
0.00304232281144859 0.00528532963850835 -0.0799843893736049 0.056867297715883
0.00247733956175172 -0.000740442273253946 -0.0223429597663563 0.0811980981122856
0.000894734056941467 -0.00239067493151706 0.0167462006094549 0.0645142649684936
-0.00184555478526336 -0.0057635372929209 0.0346141718613557 0.0499552415940471
-0.00352257139861222 -0.00662472214106249 0.0466343592214573 0.0447780300728807
-0.000689049984049846 -0.010937917232896 0.0424654887528266 0.0570471649104511
0.00951125823652133 -0.0101078715445115 0.0139891585950978 0.0694561861365434
0.0128429571762945 -0.00143487585879134 -0.0263208842713502 0.0708188920556704
0.0176974565868613 0.0078039145649891 -0.0696881624596701 0.075713025975606
0.012311702346637 0.0210044047148161 -0.0993603433137273 0.066277400268772
-0.00269972596486151 0.0376344947679883 -0.096140755187878 0.0899097921803458
-0.00881937342907531 0.0495771992703624 -0.0328253276576795 0.0665414884689273
0.0135776659271618 0.0227993133755713 0.0444827078267623 -0.00737075998817865
0.0156146102403176 0.00617611273835391 -0.0162705251614786 -0.0671368987377669
0.0147369891924631 -0.0041293786998431 -0.0884848419315359 -0.0327408386346199
0.0160748494143142 -0.015151183385394 -0.0835664704964351 0.0484837817786104
0.00239791124431044 -0.0235844388243317 -0.0283247692817828 0.0749753082194925
-0.00935276977442458 -0.0195925594637225 0.0109113235135438 0.0613764682544544
-0.0148168627953964 -0.0234204277749626 0.0308017001817803 0.0446008183159377
-0.0137571665183706 -0.0268265334613408 0.0453795833552703 0.0346236963292042
-0.000369098650153391 -0.041645332737371 0.0484613697122255 0.0446908155488858
0.0311925029757243 -0.0366565580650732 0.031804521641293 0.0622672437279852
0.0487305215888347 -0.00675102978296051 -0.0053209563208053 0.0738927606513868
0.046308794804613 0.0399769436606008 -0.0547625453921255 0.0826123774039843
0.0102789440237086 0.0706554764248867 -0.0867184896046518 0.0665631077093225
-0.028240059159074 0.0793265053077424 -0.0817171255968414 0.075487683255027
-0.0344536675851114 0.0756424246824833 -0.0233682575677175 0.0471702436715994
0.0118223985927012 0.0599262410279945 0.0532670552012893 -0.0138432102305653
0.0359449237134049 0.0306086692524603 0.000297782919100309 -0.077005288004684
0.0403185445351134 -0.00816933832050003 -0.0814986682267789 -0.0501241346103696
0.0310404251986441 -0.033385996326508 -0.083592867585401 0.0315008940721434
0.00441684332657861 -0.0452356083451622 -0.0358742215143959 0.0607707096111455
-0.0168848228756155 -0.0364868298616358 0.00087993823839278 0.0512561589179675
-0.024656324816406 -0.0370505168471892 0.0221203874996812 0.033477353430268
-0.02271257313549 -0.0407844073758153 0.0397265446665205 0.0181724084554048
-0.00461245235744385 -0.0633109001507224 0.0520758886875621 0.0218866429431119
0.0401714797281026 -0.0603537552862474 0.0507663476733228 0.0436327427448691
0.0715630948087135 -0.0220022297301535 0.0237202525950603 0.0692711913300681
0.0767099520747517 0.0522725244142867 -0.0307758804587221 0.0867389733514791
0.019341863916487 0.104329210000638 -0.0720355324837256 0.0637422050776023
-0.0426159136640717 0.109844481718304 -0.0625545565556458 0.0514414977192299
-0.0589049883664225 0.0890754028004912 -0.00407634697319132 0.02049935715278
0.00143132844951769 0.0911294475112369 0.0655435787953632 -0.023444946704397
0.0495335663126231 0.0589306098011699 0.0230284986815185 -0.0856007842874767
0.0651710504325712 -0.00502573852368846 -0.0640834282381634 -0.0690630200410581
0.0462973254222544 -0.0466069875224867 -0.07609723882435 0.00732436761132032
0.00807072935061114 -0.0623278694910994 -0.0406915033151316 0.0374673299668008
-0.0220531952772011 -0.0489263308444247 -0.0107922655219694 0.0330742634323974
-0.0315291774609725 -0.0454551772453164 0.0103685296176454 0.0168457023447131
-0.0288854426344486 -0.0474752143943326 0.0282870987182563 -0.00153429132345264
-0.0104358618825841 -0.07349657295686 0.0485648680020942 -0.0043532708753996
0.0389386979330575 -0.0753322856695445 0.0633776488827166 0.0163057560280129
0.0790681279782396 -0.0383412831722673 0.0507914834164221 0.054775881171564
0.0954145480579275 0.0487401265863934 -0.0053073182576495 0.0821814693517791
0.0288334335337213 0.117003089196024 -0.0578992209975544 0.0556304546304962
-0.0456033701773571 0.12248850588822 -0.0414428406697158 0.0209528857973843
-0.0744761087805146 0.0870803549472482 0.0233447322601732 -0.012270543670865
-0.0146471858435968 0.106381058332176 0.0780225680653819 -0.0355488951291341
0.0487703982010445 0.0804858721630857 0.0473682742206316 -0.0873741201084613
0.0791032341186564 0.00454366305263845 -0.0358051081317967 -0.0818538256160408
0.056094717956358 -0.049688578173578 -0.0583548296458753 -0.020678504774752
0.0123256043930166 -0.0692072169496828 -0.0418199185665954 0.0078235128680297
-0.0228355975591311 -0.0547776067890872 -0.0227239939990238 0.010440833718806
-0.0342966395549845 -0.0471779647334356 -0.00250828649503091 -0.00162425822080062
-0.0304501071718546 -0.0466796502033594 0.0151285508812582 -0.0209655060376119
-0.0131776830315005 -0.071162805306836 0.0400331088477449 -0.0289489545978158
0.0327893505829273 -0.0761179362499837 0.0669819008974066 -0.010322625150688
0.0742179726323065 -0.0445405200934309 0.0679488795023487 0.0361978479712261
0.0958108895519129 0.0417773634523569 0.0143132532080309 0.0702417239919989
0.0295073640881703 0.112159334248984 -0.0465891992837714 0.044525992152975
-0.0460523170079376 0.115884803702426 -0.021348125611299 -0.0101955156600448
-0.0751912571539752 0.0689379647588706 0.0523453361026426 -0.0445860929666404
-0.0293313779462293 0.0973745086840998 0.0887522012408396 -0.047863243349413
0.0351702264700993 0.0839494384850612 0.0665303102476161 -0.0825726364415215
0.0741714157594769 0.0134261355213673 -0.00418684003001231 -0.0837605938948913
0.0549461471290367 -0.0418196963494494 -0.0335859298180384 -0.0445981469140848
0.0143376929265943 -0.0633349477344788 -0.0390023805217361 -0.0216552644517946
-0.020074763305884 -0.0508133662219721 -0.0324405491967 -0.0129646085794906
-0.0315823915374761 -0.0413696311959333 -0.0147043020123246 -0.0192682361719162
-0.027228079066566 -0.040403223403842 0.00120769721678772 -0.0377380958268817
-0.0120648498754053 -0.0603899795051757 0.0307734522059096 -0.0472304593661438
0.0273419574060998 -0.0651399214030656 0.065717580233946 -0.0310743148998656
0.0634883106287416 -0.0387478890751367 0.0754428392509479 0.0208011040602896
0.0807144380409281 0.0374266263785445 0.0250370480722009 0.0573792385237053
0.0182162632743527 0.0959269516589052 -0.0371556932847851 0.0323950238306196
-0.0444822517709205 0.092940564245033 -0.00304850702275945 -0.0351509869403327
-0.0590921477255676 0.0394245965495299 0.0763852174613245 -0.0713053936043896
-0.0339507091369633 0.067540886684214 0.0953978876179021 -0.0571324830707025
0.0168763673371894 0.0642965870771325 0.0763822315838953 -0.0748595650121394
0.0521577794704698 0.0148780969643554 0.019911881017888 -0.0783954337324812
0.0402227639712147 -0.0279744728484427 -0.0122598408253808 -0.0604884622598179
0.0118529824966725 -0.0447519021037799 -0.0355227592413353 -0.0449122535107673
-0.0145647537374787 -0.0376696710718831 -0.039222532810236 -0.0325325480167668
-0.0235994565961355 -0.0298038183067483 -0.0242946451819812 -0.0332974563590296
-0.02067038649791 -0.0299455962436696 -0.0079831192242091 -0.0503410372958287
-0.00882613005448501 -0.0449920795300666 0.0239111004162656 -0.0596843317419809
0.0207245905548822 -0.0481394753095471 0.0642216359218797 -0.0442805521794059
0.0504135170645659 -0.026142085972165 0.0788677981666851 0.0123119434360854
0.057407018765018 0.034346256970997 0.0305997056882501 0.048699700663446
0.00195147812408409 0.0729364198987019 -0.0283414203590604 0.0237278738740624
-0.041511728353543 0.059497548306484 0.01444298077613 -0.0523568692955513
-0.0310546007335121 0.00364393157878865 0.0877141267415507 -0.0883080491001327
-0.026974116681362 0.0245320640716006 0.0940374080451852 -0.0632133066916917
0.001635137650106 0.029337064235972 0.0761098199443478 -0.0713208294870798
0.0204654181136119 0.00828299576377365 0.0312279929312448 -0.073407549555947
0.0158980774520145 -0.0100511342985021 -0.0027755192911168 -0.0673883067874688
0.00662534983414863 -0.0186087591378626 -0.0341335450698715 -0.0561390793089574
-0.00632509343708773 -0.0175399587020224 -0.0433263283289202 -0.0431081590848618
-0.0126861997933674 -0.0142299038900394 -0.0297448398137533 -0.0417203022901901
-0.0110509755227891 -0.0166368136350468 -0.013749175191241 -0.058603683730295
-0.00560313234730661 -0.025532762260949 0.0209055883465811 -0.0670357360611508
0.0131261930546217 -0.0272913713373896 0.0649284596285268 -0.0516111828697047
0.0333067899191952 -0.0132419069849732 0.0799103385831354 0.00994578696719164
0.0316387505767991 0.0291360048571354 0.0333495134738239 0.0455286714129807
-0.0124871379242663 0.0440477471719659 -0.0212496871649366 0.019621980261053
-0.0332123043200019 0.0200210738709162 0.0286002291758389 -0.0583264662371729
0.014747299327463 0.0164744799409566 -0.0290595106666792 0.0746723687541631
0.00822349677732034 -0.0110152851001365 0.0388897227019398 -0.00839131984960582
-0.00743479505923115 -0.0111333370346142 -0.0279500808767222 -0.0589834282613131
-0.00764251385004913 0.00519459333113146 -0.0882184688792189 -0.0171901059115247
0.00352573800023906 0.00489940839493409 -0.0761021757885412 0.0610902911390097
0.00244178661951625 -0.000815963713755657 -0.0181714170720753 0.0813540269092282
0.000803714113021566 -0.00199387401516199 0.0195350757341722 0.0626705681644407
-0.00237745041920756 -0.00598305632623806 0.0373309527165698 0.0476381197706577
-0.0033854383955593 -0.00651810310649325 0.0490542999007224 0.0412025756807783
-0.00133546189329144 -0.0111232080480293 0.0451353744833358 0.0544508687639929
0.00916981376699839 -0.0107046862938221 0.0176245471062005 0.0694016197765373
0.01266389490448 -0.00180912301371956 -0.024470244563906 0.0725625274035108
0.0181133472447063 0.00702510089645189 -0.0657846716374451 0.0782332588842321
0.0132631134210721 0.0208912184411127 -0.0962739833953654 0.0698691494115665
-0.000791168642161114 0.038068751829751 -0.0920666231225089 0.0940810548326529
-0.00568078563719316 0.0503845368987985 -0.029291675675193 0.0675976822156509
0.014703417583933 0.022387641850495 0.0437089653667074 -0.0100097799615127
0.0157634418469556 0.00504616305984182 -0.0189101392013617 -0.066498957949362
0.014182740446806 -0.00491568306980913 -0.0890635510037186 -0.0286171635980211
0.0148753523763469 -0.0161295492231453 -0.0803050803474888 0.0523213315280984
0.000896822998200825 -0.023185100064929 -0.023979899547228 0.075952461663985
-0.010616282962353 -0.0188757707656585 0.0142858013031509 0.0601863131857506
-0.0157539245464678 -0.0222736507205129 0.0328742497824739 0.0428073383406858
-0.0153372495514106 -0.025668548134455 0.0470923575678176 0.0311420412155194
-0.00300870045607326 -0.0418598545968494 0.0513246340404226 0.041040526297196
0.0291333531820531 -0.0382974497161168 0.0350126293428127 0.0604620993595787
0.0481241433437795 -0.0089432425941956 -0.00305410241330532 0.0745586607054138
0.0478930168535385 0.0376042791667741 -0.0512014037257087 0.0850052536984254
0.013630225489346 0.0704539927804276 -0.0840106928587505 0.0697357945568736
-0.0242140066556208 0.0811216354251609 -0.0785069476902387 0.0788918421086994
-0.0307839619075612 0.0780289680751958 -0.0216651716352942 0.0486520225240503
0.0147126399351849 0.0589103095032536 0.0520457774606748 -0.0162486099882781
0.038131161238478 0.0286756509428551 -0.00208242781632297 -0.0776197639713652
0.0397378213589529 -0.0100835015661838 -0.0834150507756192 -0.0467149667215228
0.0287089251789425 -0.0351966920256472 -0.0814749157014253 0.0349257368700187
0.0014531524339601 -0.0451970194033025 -0.0326798235061859 0.0621806082103863
-0.0191132000698087 -0.0354788440446807 0.00377226117441075 0.0501135295528605
-0.0264727340787165 -0.0353831638697147 0.0239262891951948 0.0319434408035718
-0.0245402832798375 -0.0392695636660776 0.0397011597107183 0.0154114439635042
-0.00827819940365323 -0.0630534265086944 0.0534356787225248 0.0187173086763732
0.0364801248581648 -0.0628369859011054 0.0534555878064173 0.0410402413065467
0.0704248224312723 -0.0260884787125353 0.026311397459789 0.0686474842390885
0.0789177944846336 0.0477415050521995 -0.027155226088367 0.0876330398226211
0.0243786825304403 0.1033747144817 -0.0697319708787155 0.0666319617775633
-0.037526178751899 0.112592879264753 -0.0602349057070133 0.0543961348644846
-0.0547700522456773 0.0925980155850946 -0.00352838874943494 0.0207265682981958
0.00582186418222566 0.0907611599369088 0.0634948275454958 -0.0265285559242275
0.0524782956927239 0.0562669225336057 0.0201772609095814 -0.0870611437843119
0.0647030512738369 -0.00879001324951285 -0.0668251359194902 -0.0659575171915579
0.0433399966172532 -0.0491583803539558 -0.0748356740039871 0.0104132721102188
0.00407375535022538 -0.0621782192271274 -0.038360606381808 0.0392916741711473
-0.0245411536132221 -0.0481956627991938 -0.00869303282614434 0.0333141202561392
-0.0336128152081543 -0.0436736496662507 0.0112149434824411 0.0163683241269626
-0.0308647867007105 -0.0459315578566102 0.0280150925222112 -0.00347169585415881
-0.014513247400909 -0.072577418776878 0.048537013371806 -0.00767422405197513
0.0340379272020703 -0.0775797605778912 0.064602909265795 0.0128573693835954
0.0770054729994558 -0.0426529053191388 0.0528580797143742 0.0521459870905562
0.0978618150775231 0.0437224549770872 -0.00222205853137066 0.0821188050168594
0.0349892727856623 0.116038013982595 -0.0557299368009393 0.0578318227444415
-0.0411178302590328 0.125216007596859 -0.0402584609018719 0.0228757544970255
-0.0703938194000171 0.0909202621172146 0.0217967727054949 -0.0134740365941985
-0.00946237478465693 0.106553234498002 0.0760327298171938 -0.039042315310284
0.0528118627567569 0.077641073486843 0.0447911384693058 -0.0901173748888519
0.0788131490981688 0.000348617764146474 -0.0385879146346201 -0.0800454277074764
0.0534149882430578 -0.0524655434049889 -0.0583464289949343 -0.0187006494774301
0.00799289229185523 -0.069667255734922 -0.0414942305694918 0.00966264416543202
-0.0255091001916107 -0.0535777189557723 -0.0215805400634025 0.0116712286211057
-0.0362085393800078 -0.0442454923722282 -0.00274727115488714 -0.0012270543905396
-0.0325282726306853 -0.0449165317419928 0.0137858727355728 -0.0222890816056921
-0.0172125131907054 -0.0708902585014897 0.038466245960191 -0.0311625443807406
0.0287511339353832 -0.0780800532901503 0.0670006872228445 -0.0146854318251958
0.0714873764072201 -0.0483316491909613 0.069174737426755 0.0327171847194434
0.0978558547728606 0.0368436414098385 0.0165238613083299 0.0701175386287873
0.0351920554032801 0.110668580260563 -0.0448384795062226 0.0465178025933631
-0.0406218549986005 0.1190401577984 -0.0213575384449631 -0.00841989848501963
-0.0713094849008312 0.0730342172794153 0.0502711064567772 -0.0470285176481251
-0.0243558310825437 0.0984903630813191 0.0865204675072543 -0.051613924794583
0.0395345523984113 0.0820513734812471 0.0636459376759156 -0.0854336317530106
0.0747357211400214 0.00955635941755201 -0.00749798940805616 -0.0835371687106944
0.0525132435095211 -0.0450169973529595 -0.0348962566013326 -0.0439995909920482
0.0105379134938915 -0.0633802462629616 -0.040209005532267 -0.0201215011712827
-0.022922612306671 -0.0492769219074994 -0.0327133009826993 -0.0110930556494968
-0.0331268765950952 -0.0390214026836546 -0.0157838151868495 -0.0184023599285362
-0.0287875797208243 -0.038691530670406 -0.000405942582839553 -0.0377818059301452
-0.0154339410154726 -0.0602534692331404 0.0278552441408098 -0.0489859172069824
0.0238222463009897 -0.0667631551760257 0.0644961779528029 -0.0348646173351018
0.0614585716446694 -0.0416871436435888 0.0762259739995814 0.0172103917853438
0.0819798033817146 0.0331826472985586 0.0268708910100543 0.0570539704794529
0.0233037367268266 0.0949553824191023 -0.0362093218781297 0.0345510420683598
-0.0404956717202483 0.0959349635176599 -0.00438558708583219 -0.0351431549680789
-0.0570060837544279 0.0423615756284703 0.0730692594990095 -0.0744662026837499
-0.0304267174504925 0.0684516646338404 0.0927159516617339 -0.0607763851148793
0.0200961609859085 0.0634956285890409 0.0738286802081829 -0.0782005287182472
0.0524147220968473 0.0120436202702149 0.0175849407962121 -0.0793219957825216
0.0380594593769185 -0.0299891030564799 -0.0147403499763507 -0.0604029764824282
0.00891073204874295 -0.0457152419145603 -0.0378439571969578 -0.0432299341936074
-0.0165016580620492 -0.0365534890741708 -0.0410724792584439 -0.0301363803807363
-0.0251800854325918 -0.0280247838522932 -0.0254766550283261 -0.031926888158394
-0.0222551638096118 -0.0285944923506242 -0.0108159558771748 -0.0495848938609284
-0.011514237618799 -0.0440625940456475 0.0210169881028828 -0.0611604095927858
0.0184028206790846 -0.0487382607481304 0.0624956839400737 -0.0478630725551887
0.0483681708607466 -0.0289001296990143 0.0788284465990775 0.00770652476705539
0.0589656230378932 0.0313337566515208 0.0320022589347944 0.047838658109038
0.00572656432391203 0.072508864311513 -0.0280646678697892 0.0256695263628712
-0.0388040856018325 0.0615027533681026 0.0118510296769324 -0.0522218541694296
-0.0304580399694795 0.00506943477417376 0.0837983430964122 -0.0926435672530073
-0.0256715937049942 0.0256551778472315 0.0907271148092688 -0.0662547358798479
0.00287740354581565 0.028926706584711 0.0731776249132727 -0.0746865383334991
0.0203543464356909 0.00711831745850557 0.0284153454311403 -0.0750873323015191
0.0152202327673855 -0.0111598543981914 -0.00563409066838623 -0.067922705350795
0.00522634884664637 -0.0187796449019566 -0.0374237446921089 -0.0543762603456022
-0.00735485749310969 -0.0171978679902324 -0.045953246276691 -0.0403592089402804
-0.0128613272609294 -0.01307511310289 -0.0317851776465947 -0.0397738755378389
-0.0124546566445286 -0.0157465038211352 -0.0166899634536882 -0.0567744195073895
-0.0074216727051198 -0.0249823654621076 0.0175516711986572 -0.0682030787554325
0.0113742313221674 -0.0277919293009471 0.0625078679914416 -0.0545964905405816
0.033009422095452 -0.0146696144020373 0.0801037477586167 0.00584587721649101
0.0326211188991337 0.0272621405832814 0.0340496429146517 0.0443819651659207
-0.0098484256729521 0.0452145391143629 -0.0210290992657509 0.0210695246266435
-0.0322939335139332 0.0215954773398408 0.0258852930815797 -0.0593175699021511
0.0153862464192089 0.0152075560962246 -0.0245168185255393 0.0735212196769539
0.00698191004375033 -0.0107545340649364 0.0370530282530134 -0.0105509764523415
-0.00761251776164947 -0.0102894787314935 -0.0298613168774908 -0.0554580576915168
-0.00714559087818921 0.00514597816986646 -0.0861292130054656 -0.0132312680056917
0.00394357073101336 0.00438924904953476 -0.0703616704481796 0.0630167552873973
0.00209049337814418 -0.00128086329933019 -0.0130958234759878 0.0796950328604628
0.00037030966599729 -0.00195386106154171 0.0216500353354663 0.0590962221520948
-0.00281294993780777 -0.00542308768625788 0.0387165696110028 0.0438228220028745
-0.00374136340534765 -0.006129980368852 0.0493633054225347 0.0364378253219964
-0.00177450087200526 -0.0111519846777939 0.0469985673364524 0.0498779871893938
0.00832816526857186 -0.0109580119592923 0.0208744556541774 0.0666635549487185
0.0125893337068968 -0.00227549828373753 -0.0202187031589566 0.0727505976680132
0.0173638470593244 0.0058972309388181 -0.0600313074557288 0.0795550267563676
0.0133887585142793 0.0198108068571921 -0.0904224406376226 0.0712445411243377
0.00114196836516226 0.0374578819910907 -0.0847895062126289 0.0955724213623991
-0.0031947956650486 0.0492203883530433 -0.0255017349726932 0.0673684651782692
0.0153473820382481 0.0206127903075385 0.041394884114001 -0.0120598844354033
0.0154541345291159 0.00437267777532121 -0.0212480711052707 -0.0640261139747199
0.0133110442969369 -0.00525830609577617 -0.0873549914586921 -0.0237466268867687
0.0134222879850397 -0.0162287041373847 -0.0750990791451699 0.0550536058499868
-0.000822700097643254 -0.0227818557444192 -0.0190776852595536 0.074706241216689
-0.0114676610097712 -0.0177473112778744 0.016319238058025 0.056747565537817
-0.0166782314957952 -0.0203742865885156 0.0343592038225775 0.0391114847322987
-0.0157208619541585 -0.0237953587599214 0.0470946379283173 0.0269074551232499
-0.00527318858229119 -0.040552463274192 0.0521239083056741 0.0364056286521723
0.0258483041894864 -0.0389892123313598 0.0378678566891585 0.0572823700833191
0.0464587553315292 -0.0110183721959208 -1.38685888625563E-06 0.0728656293272942
0.0483025075569141 0.0341048303408823 -0.0452890727033447 0.0853251885015249
0.0166043198943453 0.0681626542127174 -0.0785466943838691 0.0704931047554303
-0.0200164205726236 0.0801507561463985 -0.0725381227169625 0.0801080905404249
-0.025869087771676 0.077150056300825 -0.0183751037834886 0.0484341418502171
0.0173612119316906 0.0559432645905133 0.0493439730618428 -0.0182880821682794
0.038450712542951 0.0257530886205864 -0.00535520184273584 -0.0757009389332157
0.0376374366956317 -0.0118476178062788 -0.0826331465212349 -0.0410117051062517
0.025690364618265 -0.0355869082893295 -0.0767762611958368 0.0380600885429399
-0.00130199990221291 -0.0438378964959219 -0.027934223732734 0.0618361699440467
-0.0206396324799167 -0.0331000514968041 0.00593878892307278 0.0482973988885656
-0.0277800080955893 -0.0329749909806168 0.0248076381702242 0.0295462508414327
-0.0258037891556845 -0.0366837117440757 0.0391802727308312 0.0122615606900779
-0.0120759769109386 -0.0608176340635757 0.052613560408207 0.0150519857602274
0.0316672226043833 -0.0630413381141608 0.054786981925995 0.0360508127179152
0.0667449906029776 -0.0285896563978921 0.0279686256970997 0.0648608664379918
0.0793465099509701 0.0425129616128825 -0.022794217158758 0.086593667213782
0.0291521692419233 0.0995240318743762 -0.0646353880179461 0.0670223934035977
-0.0307499690288079 0.111850705823749 -0.0560304456234685 0.0552521553885842
-0.0481495361560565 0.0928422963107397 -0.00273246783333461 0.0206997578588039
0.010286721454841 0.0872567721398067 0.0601770127856836 -0.0285554705813853
0.0538383692626341 0.0514529334502597 0.0163022167694589 -0.0861693836204279
0.062062728308996 -0.0119001183852784 -0.0676783597590694 -0.0604551037561327
0.0389075661024074 -0.0501827479704969 -0.0714037438864362 0.0129411764363238
0.000245876517449899 -0.0608023266359896 -0.0354904298515351 0.0399306655826858
-0.0266792494269398 -0.0445206609391181 -0.00652201422626932 0.0325325811241144
-0.0351802436254448 -0.039872824670784 0.0119482903762728 0.0150113098858663
-0.0323334279486774 -0.0420319688021957 0.0262702424489399 -0.00555035609461988
-0.0180238753710038 -0.0701176953322437 0.0462172314611608 -0.0103984789268649
0.0286046778824279 -0.0773927275779616 0.0638852379943735 0.00833500136264605
0.0718241957289899 -0.0454703704943552 0.0528061986583897 0.0481315133038627
0.0968885597374287 0.0371088435960622 0.00126347302533288 0.0803307422484494
0.0399728746362825 0.111243437989053 -0.0525050148550746 0.0591664011506762
-0.0338434016812142 0.124342124691269 -0.0379240801804957 0.0243348577643543
-0.0632560634652675 0.091803127764675 0.0203002170748531 -0.0135964416984606
-0.00378913838538662 0.103480427961956 0.0718587412772841 -0.0415532535820405
0.0555777201900012 0.0729658877063978 0.0395907083934218 -0.0900619608810113
0.0762108082594274 -0.00353270020022981 -0.0405894208450897 -0.0758275481617269
0.048895863707245 -0.0539716155965607 -0.0567655921573308 -0.0158699285676967
0.00334879242048895 -0.0676029645881171 -0.039853201151084 0.0111225878154109
-0.0280805356984089 -0.0500346615797189 -0.0199885160423273 0.0123754707938353
-0.0377957083305287 -0.0408035849498704 -0.00227111261686489 -0.000979600942359093
-0.033442739152371 -0.041960299329927 0.0114545818615447 -0.0224821557706638
-0.0206197103790041 -0.067102874466602 0.0358828558882442 -0.0327071779546066
0.0232316466725181 -0.077632043643417 0.0648508008214015 -0.0180004183504006
0.0669080980183663 -0.0507223686341601 0.0678873508525716 0.0282278757774806
0.096367863489806 0.0300365536923211 0.0182682276336045 0.0674166551450873
0.0397347509170052 0.105843357058866 -0.0421471584616681 0.0470175708859615
-0.0340728302226879 0.118217037599962 -0.021504863695269 -0.00708407717953847
-0.0650433638415356 0.0747007285640664 0.0463223193805893 -0.047702416785278
-0.0188433219069427 0.0967454874772345 0.0819339494204785 -0.0535735914246657
0.042351072983786 0.0772166604884274 0.0585502206310821 -0.087057936436619
0.0727110026169672 0.00537165703482839 -0.0101443631929515 -0.0803833558051144
0.047952256024004 -0.0464942187977916 -0.0358729592245194 -0.0420201084156382
0.00621446426223208 -0.0621495306295637 -0.0404231535639757 -0.0179254926697888
-0.0250406022225328 -0.0464592393175564 -0.0321453284624468 -0.00906710898507361
-0.0340724257857508 -0.0352599425588197 -0.0161746979274867 -0.0168104111042001
-0.0303050276656368 -0.03609892362275 -0.00288395398098104 -0.0365820914024995
-0.0186003804914082 -0.0569459113735299 0.0244424244284507 -0.048905956591855
0.0186921408596108 -0.0659064761327712 0.0610768659845227 -0.0380824880144954
0.0568676568173891 -0.0434099641776808 0.0743798773469864 0.0125330657985877
0.0812499457494075 0.02754858735991 0.0281792132891363 0.0540158631275496
0.0275329645094268 0.0911934265620035 -0.0337106890344408 0.0354770118925505
-0.0345325724974069 0.0954288516669691 -0.0061830263048546 -0.0335467093866606
-0.0524860092903295 0.0441982409417144 0.0674483226383944 -0.0759999193053644
-0.0258307633828991 0.0678733747676282 0.0871917890373729 -0.0625061213570778
0.0229525426279359 0.0600395979691154 0.0683432042834281 -0.0797227873798613
0.0513863464070404 0.00912508528888318 0.0139935775556588 -0.0773744616829154
0.035135500241286 -0.0309387325191376 -0.0168285407590175 -0.0589738924038291
0.00604421540749535 -0.0438875957905744 -0.0391964147920932 -0.0399149862131603
-0.0179697056405208 -0.034299098276844 -0.0412436703635257 -0.0263351640254948
-0.02556866369918 -0.0252957608009156 -0.0261449623452347 -0.0288294586572698
-0.0226877825938028 -0.026398668910861 -0.013429315764609 -0.0474814117147684
-0.0135985172847891 -0.0418934817031595 0.0168312874969351 -0.06043915900712
0.0151547106479096 -0.0482665734709555 0.0583001004709756 -0.0499468586348997
0.0447636396007018 -0.0300091123368062 0.0765620281604263 0.00344410389813042
0.0579112649276966 0.0269668134809037 0.0328613054705621 0.0450947877280521
0.0101981039518443 0.0704774795982569 -0.0258700924340725 0.0266485351664369
-0.0343654931172206 0.0620187612899504 0.00897215071108109 -0.0510513268334451
-0.0286630651352371 0.00643840194309082 0.0773058559873228 -0.0939473665981421
-0.0236426839192098 0.0262451565842234 0.086377918666207 -0.0678571401121149
0.00414759071114993 0.0278865173345804 0.067978624710745 -0.07524852800304
0.0200435519812358 0.00599412684859145 0.0246176484080534 -0.0744689270053678
0.0139596556294035 -0.0115091299008279 -0.00893614276085913 -0.0669399806555954
0.0039922681485747 -0.0186847781319775 -0.0396138320008131 -0.0509159372935957
-0.00801046896880163 -0.0161820759002672 -0.0466235397756692 -0.0361811208909864
-0.0131261684080679 -0.0117720375539928 -0.0327890033502196 -0.0366216932035237
-0.0127094077135684 -0.0144003172919353 -0.0188599713655177 -0.0541643224338861
-0.00849954212901562 -0.0237468911467966 0.0139124855704936 -0.0670933267765994
0.00965627266196002 -0.0277077488876825 0.0578605448980297 -0.0564408858788738
0.0312770243611743 -0.0154573150654192 0.0779113579038312 0.00141310300887979
0.032553635401141 0.0244719166270259 0.0352131923490925 0.0418333693468296
-0.00685573763674143 0.0439089395617039 -0.019022092236782 0.0222717447495134
-0.0299732905615828 0.0228612491065105 0.0215921768149759 -0.0588833146932405
0.0166740316088453 0.0134070810227369 -0.0158035158331612 0.0713062209265998
0.00602979246268944 -0.0110451950255551 0.0334351470959287 -0.0139111549729602
-0.00912839925058428 -0.00888828056806688 -0.0347431770996942 -0.0491168812417171
-0.00624256153950126 0.00544728953535929 -0.0822606055061283 -0.00163519881375974
0.0036844808290323 0.00343686605570901 -0.0583493233693539 0.0681409457342707
0.00215940189438597 -0.00140268879058868 -0.00252467697409333 0.0767884800777586
6.50432301209494E-05 -0.00170117954208448 0.0271634154222063 0.0535279862974851
-0.00344947967928493 -0.00470205907955685 0.04120190123114 0.0355378551127069
-0.00432601092478096 -0.0053283836323633 0.0502721091227393 0.0280846853578863
-0.00296771876754767 -0.0103389394644555 0.0508073205947954 0.040417860293584
0.00661199449101735 -0.0119565809294554 0.027133812288161 0.0604181775812248
0.0122921562136494 -0.00383378931068621 -0.0111866820066038 0.071903997801563
0.0179685682661691 0.00335413042893071 -0.0470559557174621 0.0819412967413667
0.0158543961204739 0.0174051248508024 -0.0759407302099007 0.077977417636466
0.00737356002274708 0.0350654769585827 -0.0693020462184798 0.102249276961434
0.00359198491431604 0.0489149694520952 -0.0163936063290455 0.0622091026847894
0.0168620123971228 0.017859816447102 0.0366859765479276 -0.0171114060149023
0.0144572542332464 0.00173865210953593 -0.0279765484458506 -0.0584626154265255
0.0116444255783612 -0.00628963983118771 -0.0856879927713917 -0.0109615543155468
0.0106253941542068 -0.0170414721225951 -0.0638007862920073 0.0612607140502102
-0.00353788962930638 -0.0211993061931468 -0.00976400636112774 0.0730387056293978
-0.012337685963624 -0.0151267138920335 0.0217086821464539 0.0522801365370144
-0.0179634081269933 -0.0175162871367647 0.0364573863955639 0.031982528067513
-0.0174331367410677 -0.0209213883857757 0.0463173547428113 0.0191208591781019
-0.0100732633461064 -0.0370397844017586 0.0529829606853193 0.0267808440070363
0.0187803247508722 -0.0401891715481945 0.04138340882605 0.0488055167286944
0.0425020420561928 -0.015608697955096 0.00830418176406439 0.0687524046583726
0.0502213933752475 0.0250047674188278 -0.0313914547972551 0.0851825983356632
0.0245089307816661 0.061177677639819 -0.0634990155180341 0.0778096646455645
-0.00718884982873597 0.0778623023984348 -0.0601461707164146 0.0876769652866553
-0.014543805432601 0.0786165826373636 -0.0107027811790158 0.0409693834004666
0.0224573035211274 0.0506978883750521 0.0433694232153442 -0.0251733347626189
0.0385946577205375 0.0190992974068902 -0.0150138676885725 -0.072778476996239
0.0338188502289065 -0.0149446616125597 -0.0846059920400936 -0.0283636122093424
0.0197002853583781 -0.0371899542480336 -0.0690571878275487 0.0461370278610437
-0.00629369769037427 -0.0403919333788504 -0.0201724672577157 0.0625470778341082
-0.0226617606686557 -0.028476987805268 0.0102671498818245 0.0449963178692228
-0.029730071289836 -0.0270694838728954 0.0265009833141961 0.0241019859337257
-0.0287330787413928 -0.0317638900733571 0.0368725991550959 0.00561785752451884
-0.018986025950352 -0.0553059145026432 0.0501366478217099 0.00568195729895121
0.0210450397194448 -0.063683519168792 0.0543703913454966 0.0265970535113344
0.0595525112599418 -0.0348216251396931 0.0337270859970794 0.05738648116975
0.0797134354971804 0.0287217419156758 -0.00896932892502987 0.0836283299987719
0.0396951420097886 0.0888968217498342 -0.0492809532333884 0.0738824964663189
-0.013644139917882 0.108070798817041 -0.0475301769056138 0.0627493681867355
-0.0337604825728392 0.0964173373101721 0.00229176215297659 0.0113643070383384
0.0190316862450558 0.0810402578177399 0.0529239826175823 -0.0372882708965586
0.0561388273571222 0.0419881346663721 0.00351430655814606 -0.0865090800963556
0.056705695997621 -0.0171167031269336 -0.0730874635734183 -0.0492907655268407
0.0307905476537927 -0.0519244234668861 -0.0679112215069673 0.0217691508268298
-0.00686090788801137 -0.0566386847131321 -0.0305126628064652 0.0431003934369005
-0.0294357212022109 -0.0385374637262343 -0.0039445179858151 0.0318768010033526
-0.0374839210845494 -0.0328597441749419 0.0123228013051742 0.0123606789881112
-0.035395719207747 -0.0361223832052686 0.0227456229741188 -0.00874285161333924
-0.0259808805217259 -0.0624110612302106 0.0406782450723338 -0.0173340543007306
0.0164423803038929 -0.0762535111683589 0.0598506131104425 -0.00116430788709758
0.0617186961211625 -0.0515830503626735 0.0551301872168934 0.0374586907125791
0.0959295056288657 0.0212457240987024 0.0126482937382744 0.0745623592832503
0.0511118536496106 0.0976361703722187 -0.038311385527011 0.0655476465458874
-0.0145647477285971 0.119696556757885 -0.0343517364215812 0.03172034823192
-0.0485853271133688 0.0967711245599486 0.0210955364598959 -0.0237097567713912
0.00783027229325277 0.0974412568726716 0.062770298375433 -0.0505526330984291
0.0607092777530648 0.0614309201522734 0.0254361665319856 -0.0940225820199014
0.0708464482612796 -0.0114575192063599 -0.0501078130874565 -0.0674300709728847
0.0394557094356668 -0.0563333148983697 -0.0583271201212694 -0.00776042223267359
-0.00485683769278447 -0.0638852494414461 -0.038397197915637 0.0168894344886713
-0.0317350277202272 -0.0434455196093341 -0.019086277884191 0.0146719516740391
-0.0396268942078604 -0.0334299725306933 -0.00274345837961301 -0.00107126619168285
-0.0367377596245828 -0.0351513603952058 0.00645811488331033 -0.0230501793180406
-0.027611807127262 -0.0597785572358274 0.027590963722535 -0.036155466193544
0.0109792551644523 -0.0754185685761808 0.0580572039256047 -0.0260449366725467
0.0555237268492254 -0.0553724806482684 0.0669663053973311 0.0163731180607508
0.0938132638958464 0.0142281350934202 0.0273544352011406 0.060199134784904
0.0503083300672712 0.0933435478985085 -0.0306453907172342 0.0536538084870192
-0.0160902791253591 0.113906402326437 -0.0225801570867365 -0.000796922151976237
-0.0530398521498867 0.0798920117408629 0.0424130344968987 -0.057517029358908
-0.00704456537347943 0.0926237409540814 0.0709910344080245 -0.0628100686614177
0.0489560115290929 0.0674391643778281 0.0439229444002275 -0.0934444251459038
0.0685461378476023 -0.00229412697852983 -0.0218954390895745 -0.0769678247647538
0.0395519499698703 -0.0496154763717657 -0.0417721430197282 -0.0357008579551034
-0.00126292639746618 -0.0584666355270619 -0.0423740942646028 -0.0109217094638128
-0.0285333427021371 -0.0403913392833665 -0.0332690108815816 -0.00393840693253526
-0.0357005298191185 -0.0289123606406089 -0.0170265788054712 -0.0137114704155697
-0.0324892095462097 -0.0299899163396902 -0.00790376591293099 -0.0344242634131231
-0.0246100859426468 -0.0501061638839266 0.0151792189446301 -0.0502606013957346
0.00903204590350772 -0.0638012556356873 0.0519334323420902 -0.0442283959921296
0.0468588526260718 -0.0476014563205352 0.071302839282841 0.00127084960126586
0.0791656214010006 0.0137833806304906 0.0347185610619883 0.0469475303939479
0.037010342143735 0.0805149739656563 -0.0245085819743955 0.0414330984866013
-0.01951523920801 0.0930194317171242 -0.0109139582203576 -0.0282608384879665
-0.0443793548185016 0.0490182577884946 0.0587865971024565 -0.08369156058592
-0.0169487346985711 0.0662973840597696 0.0759218198303537 -0.0712545548694545
0.0281006647632874 0.0534288336623601 0.0552926293303953 -0.0863949953732583
0.0487266022058444 0.00288471377208006 0.00255537153330607 -0.0768142119588683
0.0299539767617336 -0.0333019617339491 -0.025265016469058 -0.0545517780610792
0.00041766922496432 -0.0419499654177167 -0.0435173256461049 -0.0321588599284224
-0.0208284264093272 -0.030055375355716 -0.0433950159696723 -0.0194350163599722
-0.0264274314232383 -0.0205000510851503 -0.0283747305772068 -0.0240227053131602
-0.0244712887484138 -0.0220206655306106 -0.0190246143291575 -0.0430745665950952
-0.0178762346665092 -0.0367123258456446 0.00724220670544933 -0.059339090738056
0.00746308523641127 -0.0465459900598139 0.0482923166113885 -0.05502653506113
0.037876166979209 -0.0335508649240958 0.0727420501315659 -0.00700753048436133
0.0576911849229511 0.0168121693936592 0.0376787956509771 0.0378679122537499
0.01794731141853 0.0633932910863692 -0.0190727511825247 0.0312271562780539
-0.0242665755817258 0.0613883236005455 0.000910660150678771 -0.0477824033776208
-0.0271736798906624 0.00870414417280246 0.0648425676182243 -0.0983489940758595
-0.019049283959667 0.026341337614428 0.0739059138782984 -0.0749776763575466
0.00696462176444896 0.0247946907372172 0.0554780529367988 -0.0807864348363731
0.0186530142929989 0.00325569388066122 0.0134136720675347 -0.0746069132646828
0.0119865934541819 -0.0123438676042139 -0.0178888389046008 -0.0630093085793472
0.00133122408895744 -0.0178458483170494 -0.0439424383358199 -0.0428219818576804
-0.0097386342938529 -0.0138710741426787 -0.0492853506839053 -0.0280166035251895
-0.0133987543925397 -0.0090830120741929 -0.035071866299328 -0.0302074152873032
-0.0136672928282938 -0.0114299647533059 -0.0250963408721584 -0.0481872303107491
-0.011197791748407 -0.0202463288821729 0.00427388299050963 -0.0652480639545623
0.00490806238829043 -0.0265522448433966 0.0472450047247296 -0.0604081418275478
0.0263945417528572 -0.0190260877949783 0.0741296529805014 -0.00870713220806192
0.0338329411873319 0.0177273626180843 0.038998892139355 0.0350211246379356
-0.000137473832844849 0.0410679476417511 -0.0142411209022126 0.025470501896196
-0.0250320214091235 0.024323644804941 0.0125870996505053 -0.0573589308510039
0.0158691207937635 0.0128238529153609 -0.0156778764715112 0.0675477711551647
0.00592480732153038 -0.0103393820402227 0.0312488884800781 -0.0125033389017847
-0.00877334315761716 -0.00833104944226571 -0.0324975531588611 -0.0466084423687277
-0.00621190630485411 0.00533514208892359 -0.0788635213654677 -0.00270238857588882
0.00365755672674806 0.00312180108552387 -0.0552472009906916 0.0638146688399706
0.00186956693392944 -0.0013958642112459 -0.00330458140286089 0.0722325074247521
0.000171722297861643 -0.00196498494962586 0.0247649347401279 0.0508215828589687
-0.00360600852593346 -0.0044413088488323 0.0386463013616806 0.0336304066824352
-0.00429296202466936 -0.00541464930658173 0.0474665778808942 0.026437187459141
-0.00290975455884468 -0.0100732441513355 0.0477334051856004 0.0379646653426223
0.00583268702732968 -0.011396202587356 0.0256336277319032 0.0579022457520262
0.0117608837937726 -0.00296089817319745 -0.0118344980002345 0.0688639750178433
0.0165835596650287 0.00357857831085874 -0.0452300938287273 0.076987579371798
0.0151256399718912 0.0166243014426512 -0.0731035427436585 0.0722276179164972
0.00667331586608085 0.0335333836692222 -0.0668679534214784 0.0963988893139239
0.00349720288673235 0.0464116538870298 -0.0163642680697498 0.0591872492095924
0.0159021664324176 0.0170191311521697 0.0349181691745023 -0.0158252148394532
0.0134478438926707 0.0016676441187891 -0.0260868781670318 -0.0564177435949193
0.0106117317171728 -0.0061169982090921 -0.0811446404472094 -0.0117671912494058
0.0100014764026581 -0.0164265814223968 -0.06131321163382 0.0575099616401807
-0.00318094721398526 -0.0200732283591284 -0.00982685733805506 0.0692331293622517
-0.0117760514834845 -0.0145676989278778 0.0199024620341954 0.0489819741704231
-0.0172934881741457 -0.0165259654974475 0.0344484574449036 0.0299877750687378
-0.0165832052447651 -0.0199875997982646 0.043665864945367 0.0178559194668992
-0.00982939974477382 -0.0355387318015535 0.0503556598717831 0.0250363005425652
0.0178171783661229 -0.0383557102867588 0.0393929429546912 0.0465317890938789
0.0402974190214273 -0.0144648956166917 0.00716533480405015 0.0658634973033835
0.0476273266766701 0.0242789504076053 -0.030802276785928 0.0809728710851274
0.0225421364009427 0.0585758247185848 -0.0613322937515634 0.0727959835264029
-0.00753115835502368 0.0738408497105791 -0.0579320572963195 0.0824441747958397
-0.0146403310585973 0.0750952299566572 -0.0108515301644201 0.0393594359425439
0.0210527143255256 0.0482238203524229 0.0407508592182122 -0.0228116740305355
0.0359294115780134 0.0186514663873313 -0.0132839020801929 -0.0699485302323749
0.0315888459511777 -0.0139934149678246 -0.0791771519864356 -0.0276572033620614
0.0182514990639973 -0.0350694497342132 -0.0656198838313078 0.0425128710605227
-0.00594557537835437 -0.038454169957515 -0.0191961070476178 0.0589595057604613
-0.0216176601865783 -0.0267764481627204 0.00944738711196593 0.0424810777967674
-0.0279622902665928 -0.0258139026388873 0.0251341192982283 0.0226265392042223
-0.0270706180945204 -0.0302915725224107 0.0344428050921473 0.00546763558785586
-0.0180247854023657 -0.0524745780669905 0.0476154798409454 0.00500974822647004
0.0194930808987041 -0.0607734771236731 0.0518112625252904 0.0249482005419302
0.0564125815146086 -0.0327999408197892 0.0310371010471731 0.0553342844628532
0.0754712676123117 0.0276702745958189 -0.009573455630318 0.0797156394503358
0.0374309948124667 0.0851093938520539 -0.0484899557318468 0.0696256994484548
-0.0138826381146131 0.102913313858449 -0.0459302129143165 0.0593525825939097
-0.0330653782531211 0.0913267151664298 0.00204941481951162 0.0113816320873914
0.0176714807310472 0.0766620929138679 0.0503357508616194 -0.0339927922894106
0.053448993002198 0.0399700929722216 0.00463793262568154 -0.0828944628905685
0.0535984881119654 -0.0162373457175938 -0.0681031744073536 -0.04798983401948
0.0287885090348432 -0.0492178388756764 -0.0644079540869727 0.019482181897054
-0.00648664073993409 -0.0535376096424808 -0.0289088915609048 0.0404073207502513
-0.0282279780794835 -0.0366698896381677 -0.0036261850380184 0.0304866032159662
-0.0355414760172889 -0.0309452026133865 0.0118700509135585 0.0117037627450637
-0.0333986846076969 -0.0343665461255319 0.0212568475994519 -0.00867377433811864
-0.02495012261216 -0.0592075748429177 0.0385715517680802 -0.0165350607036251
0.0148691361808254 -0.0724947141733213 0.0570598879367312 -0.00166664238966463
0.0589154353399312 -0.0482745115669493 0.0517303449359035 0.036074401812426
0.0906562066188078 0.0209325804714912 0.010834729419093 0.0712362782228945
0.0485566348219615 0.0938457587160226 -0.0376215454378242 0.0611828485095229
-0.0150865628700653 0.114611949870074 -0.0334064739926228 0.0298496525045333
-0.0472796578890002 0.0916311585011381 0.0205232833246334 -0.0213739517644471
0.0065439336080314 0.0927399590971342 0.0597592346131626 -0.0469930025478791
0.0568935684674249 0.0583765342022036 0.0254002854949012 -0.0897208065395816
0.0670626840580937 -0.0106931368408872 -0.0462223177619744 -0.0648384522567745
0.0370419903913175 -0.053550891064054 -0.0555624513858159 -0.00899443584358679
-0.0049060031305167 -0.0604370297271183 -0.0367529188518218 0.0157723330139216
-0.0301254887115053 -0.0413534890542964 -0.0182766517929467 0.0142215636326088
-0.037329171231487 -0.0315359152946239 -0.0023513494625981 -0.0010143045690478
-0.0346325249165808 -0.0337800517400091 0.00596549263402746 -0.0217996525462718
-0.0260593667837474 -0.0568053853404949 0.0263230026898599 -0.0348605036878244
0.0103823112331718 -0.07142323121534 0.0549878828082053 -0.0255080203046081
0.0530673532540789 -0.0521087744796653 0.062672181731881 0.0163020887965332
0.0888034162682737 0.0140402576029406 0.0246437661548384 0.0576660170698819
0.0472763332406709 0.0888423158518897 -0.0293516797000428 0.0506238879636289
-0.0164058906900056 0.108465449796802 -0.0217969982109916 -0.000874801432636753
-0.0509744728130186 0.0754536233177217 0.0411566550146993 -0.0540489050257623
-0.00720427411750865 0.0879271714251252 0.0679532918531457 -0.0584131538702374
0.0455691009496104 0.0636363003656259 0.0433868561182909 -0.0880071722091304
0.0647792585773668 -0.00194179081038084 -0.0184431146117609 -0.0732355848031135
0.0373439669404981 -0.0465587435844935 -0.039490722458586 -0.0347657289500677
-0.0016187533857979 -0.0552956672925564 -0.0406392024945992 -0.0105511472745991
-0.0272662749947223 -0.0384729238042012 -0.0310520623612318 -0.00393042866974713
-0.0335503496946508 -0.027518514275176 -0.0162540864026417 -0.0129344977731718
-0.0307805978124374 -0.0287691123276879 -0.00834982691584707 -0.0323191171280477
-0.0229305152773477 -0.0475755403616077 0.0146348779065684 -0.0475697392104492
0.00828144253175118 -0.0609055734918663 0.0496901782492881 -0.042700979665027
0.0446210300114546 -0.0449768509486392 0.0671746875356344 0.00147659766432702
0.0744816738995604 0.0130309718900043 0.0315584489923203 0.0457460021232753
0.0346725708670642 0.0768667858230555 -0.0232497673563915 0.0390880407635193
-0.0190555609259094 0.0880924065726827 -0.0103172678373006 -0.0267606693398569
-0.0426124916452363 0.0458919227389431 0.0569825315372794 -0.079166032355972
-0.0165694118788769 0.0625986764312127 0.0730714056791558 -0.06604383140751
0.0264727463853188 0.0505979093798344 0.0534231535920693 -0.0817822689588453
0.0462022769604899 0.00297941438799105 0.00385497353561336 -0.0732859572523267
0.0279019590312645 -0.0314092355589928 -0.0239729779976999 -0.052901249459053
0.000483352903421353 -0.0397665535872526 -0.0414662800394153 -0.0310461057623152
-0.0199362615291485 -0.028177971519621 -0.0411349576784671 -0.0183312802131748
-0.0245669114596352 -0.0189832912998315 -0.0267454617298904 -0.0229430208746521
-0.0230193195402375 -0.0205926231286875 -0.0176579181956827 -0.0406616298014011
-0.0170464438900389 -0.0348749914240032 0.00737648687083628 -0.0566187970910612
0.00742369442635754 -0.0441907035342556 0.0461439095742394 -0.0525686947838864
0.0354441139119697 -0.0314437577570491 0.0689169446578648 -0.00611738824973139
0.0538102681912806 0.0158051137805466 0.0350296395292563 0.0367973116883046
0.0166738686271758 0.0605615297220264 -0.0181296424382356 0.0299354454933867
-0.0231180976449651 0.0585659904728792 0.0013398298307572 -0.0451709854811493
-0.0254208329612803 0.00814558455759888 0.0629943444301982 -0.0932389754897119
-0.0182758489944376 0.0250037835347895 0.071439677291741 -0.0695979564022338
0.00620661789992346 0.0236537925946386 0.0538135395156588 -0.0760811612006556
0.0179750774194575 0.00347945223445447 0.0145894333045837 -0.0713050848724269
0.0112950358312898 -0.0116633495264867 -0.0171027100306165 -0.0606547842787453
0.0010448894861922 -0.0169915118149172 -0.0419043502301754 -0.0406741446609143
-0.00880326684398208 -0.0131387150605709 -0.0467565599031883 -0.0265325799972263
-0.0124663738067653 -0.00851094554087132 -0.0329938053022752 -0.0290327722520503
-0.013045034048757 -0.0110573302243243 -0.0231606269595643 -0.0454645563673201
-0.0105585621894478 -0.0190572744150825 0.00402499667143483 -0.0616723400111728
0.00478603887157062 -0.0253043976448282 0.0448219836642361 -0.0576295207974897
0.0251975269005979 -0.0174133446697536 0.0703974847023771 -0.00745050340677317
0.0313768385061669 0.0171297335381836 0.0364394623009805 0.0345003450868241
-0.000543349488310755 0.0387387330020415 -0.0140564510348309 0.0248433884679948
-0.0239039555890791 0.023103691641958 0.0119474638124015 -0.0540366355200648
0.0154202179907028 0.0135366992770215 -0.0171504413669232 0.0655836298887593
0.00601421732986951 -0.00959438663988353 0.0306502613162494 -0.0108704738279595
-0.00820225121247082 -0.00846606016106003 -0.0294536178137951 -0.0469335970508815
-0.00630029387725886 0.00519431779814573 -0.0764046884662649 -0.00522624638778726
0.00344442245305971 0.00296449877492457 -0.0560090813462202 0.0607691716761368
0.00175073780587735 -0.00126507054853034 -0.00550493783592548 0.070105216433213
0.000334207768350712 -0.00142974068915717 0.0219066326149374 0.0499770105869998
-0.00348891771818742 -0.0046484356804207 0.0363466391097536 0.0337479496991137
-0.00391348920434277 -0.00590356903692441 0.044780728472182 0.0266490263674243
-0.00256507989607023 -0.0100527904073572 0.0459189659925298 0.0381018092975494
0.00650368372165439 -0.0110803075574721 0.0235779875334892 0.0570691335615098
0.0119833218825997 -0.00279535497110072 -0.01440864849654 0.0671361114874339
0.0158555826460962 0.00409111945311536 -0.04725843763134 0.0732717117810966
0.0140203928693736 0.0169124936570327 -0.0744395377273713 0.0669938802550293
0.00527606739292081 0.0326975530539162 -0.0687653285485321 0.0915381301200578
0.00201284293799597 0.045354236146675 -0.0178590197331971 0.0577522192975843
0.0147930020951891 0.0171048155083863 0.0338527815695736 -0.013290013494072
0.0127706836131531 0.00216117639903174 -0.0228210788411069 -0.0560931373935351
0.0103735929699203 -0.00522259573826506 -0.0785214846624887 -0.0149970554298674
0.0100608279451164 -0.0157152272617487 -0.0609542285097358 0.0536673955453219
-0.00257758915616752 -0.0192569073749836 -0.0115284039754073 0.0668503273820885
-0.0111720843543897 -0.0143331444812136 0.0173490450793684 0.0479134613609398
-0.0160471975644801 -0.0164383604826125 0.0327881113421297 0.0299671048515233
-0.0159453340536622 -0.0201369331340015 0.0415957019398652 0.0183187937510912
-0.00849589059564844 -0.0348962344543638 0.0482468471985722 0.0249550878515258
0.018304681859285 -0.0369665387542829 0.0373018565514819 0.0460897630326853
0.0399878502507299 -0.0131200728466386 0.00427325043598005 0.0650668517261676
0.045500377007974 0.0251386090737188 -0.0326973688717414 0.0774031076019966
0.0201285014371711 0.0580913391638026 -0.063300161374905 0.06834250658176
-0.00961153454804471 0.072099216573947 -0.0593151247332927 0.0783190173237978
-0.0159763152442963 0.0726410254476055 -0.0120834285033152 0.0383140187754752
0.0187700292628544 0.0475158645597852 0.0406096680477918 -0.0204418928158316
0.0345984538356551 0.0188710291883119 -0.0103865462072493 -0.0689314884014775
0.0311501092794326 -0.0124878234184693 -0.0759006973943181 -0.030463354273412
0.0188303655620515 -0.0334382694017592 -0.065292637920869 0.0394407194701153
-0.00510374166158988 -0.0376166004177688 -0.0212628137874228 0.0567411617841545
-0.0204892540249803 -0.0268247803014065 0.008023618048021 0.0413596096201289
-0.0265559008753767 -0.0257621944383688 0.023665941352424 0.0223072012854124
-0.0257757853895047 -0.0302588494853264 0.0332056581898382 0.00609046168745334
-0.0162302879061582 -0.0515005808574798 0.045844913554516 0.00547895347039421
0.0209864848726166 -0.0590571323512445 0.0501461995458441 0.0256725296392499
0.0563394552427258 -0.0302430485537325 0.0280677565026857 0.0552816264764044
0.0730299383225794 0.029509514759887 -0.0123286115848412 0.0777553479044109
0.0336201511906412 0.0842871764672811 -0.0498960826979118 0.065964530815431
-0.0169756767378989 0.100325885117903 -0.0470106935712928 0.056157378014923
-0.0347640564943335 0.087951646923711 0.00146315304807013 0.0119464711471283
0.0145661555988643 0.0754108397731417 0.0498785686866901 -0.0306343638973255
0.0506219192358759 0.0401754262285545 0.00746123171432028 -0.0809639034340374
0.0523728324022736 -0.0143783890204216 -0.0642723031784299 -0.0491756845466251
0.029124059634548 -0.0472149978273812 -0.0634042174293177 0.0164807545546746
-0.00489766680338588 -0.0523552389538541 -0.0297519860911808 0.0386904830969395
-0.0265678264618419 -0.0363294336330282 -0.0047081261719352 0.0293293021009579
-0.0337233533470806 -0.0310567397606852 0.0110312708795196 0.0115177707896778
-0.0311935940676498 -0.0348544614118025 0.0203794749421487 -0.00797843481798551
-0.0228294019070538 -0.0582900847621606 0.0378158017343518 -0.0151771329280677
0.016237487379633 -0.0703960929232171 0.0562866441326475 -0.000739667226906496
0.058834476209099 -0.0454494532628846 0.0488221708343076 0.0373043035405552
0.087570816503719 0.0225589913734219 0.00775045666288326 0.0701472027738399
0.0445744506220831 0.0929965051575375 -0.0393031343560676 0.0589535999744468
-0.0186364311595157 0.111519489641864 -0.0333194438770551 0.0279040616942256
-0.0486419987350035 0.0879901496980086 0.0209124194738756 -0.0200833912154473
0.00333741532416905 0.0902048506226138 0.0593018653405899 -0.0425271186997516
0.0536637411309603 0.0584449953310013 0.0282248508876365 -0.0868187807680883
0.0654286079097729 -0.00855906488436767 -0.0414459860188405 -0.0652478225755291
0.0373052224245656 -0.0513561863955317 -0.0536184141958296 -0.0113008076095245
-0.00308079124398091 -0.0588556757149064 -0.0365188797730721 0.0138816051189135
-0.0285159444973942 -0.0410724450819761 -0.0179349443260591 0.0133838747060924
-0.0355181749368674 -0.031540291001986 -0.00210157105480588 -0.00113932755113225
-0.0326241780841851 -0.0336577593375894 0.00618590206255275 -0.0211232551270349
-0.0245917299467486 -0.0561542044467553 0.0264526705614196 -0.0334473775373891
0.0117879740510708 -0.070020363897844 0.0547241817213943 -0.0240253737830141
0.0531036336299375 -0.0493367175550656 0.0604694018507976 0.0174456706229366
0.0860032478827382 0.0161892376529716 0.0214214934562896 0.0582121396865506
0.0432264248053088 0.0884924232641594 -0.0312613946699064 0.0485933650726334
-0.019712398027648 0.105760339025202 -0.0210357815711823 -0.00114017542399394
-0.052022167485608 0.0720051077129483 0.0420628018740557 -0.0509196146610078
-0.010332956791712 0.0853077289459335 0.0677872595929559 -0.0538380438505576
0.0424005641956174 0.0634714800432074 0.0457358432280238 -0.0848750073412516
0.0629590350587753 -0.000150242878000709 -0.0146868950943741 -0.0722315297381264
0.0374932928992518 -0.043948048234439 -0.0377094642759696 -0.0357725480094581
0.000207487299159568 -0.0541127955457847 -0.0391440075260067 -0.0113984901141718
-0.0254769108845655 -0.038173971768821 -0.0298137357581031 -0.0045728322367983
-0.0320461018126082 -0.0274247856890575 -0.0152841069382103 -0.013599078095904
-0.0289380315725825 -0.0288863022372647 -0.00698092478042326 -0.0316729238209707
-0.0210584234410405 -0.0469758399233429 0.0157490847206746 -0.0462404836924615
0.00988315992126367 -0.0589597232409632 0.0496916294496582 -0.0403743106833839
0.0441837380945845 -0.0420226923544883 0.0655310526467321 0.00363787875498677
0.0716824515055212 0.0150545620748476 0.0287672310059596 0.0456372111419743
0.0317989200607406 0.0759054403885103 -0.0246537615645998 0.0377693327003319
-0.0217745090131678 0.0856967346187412 -0.00889739817442781 -0.026321512728442
-0.043533352997352 0.0431064312505973 0.0580938686585653 -0.074978529642441
-0.0183614566907504 0.0605402945874144 0.073438743577003 -0.0613073150191237
0.0241346711053011 0.0501562069245601 0.0551392389374634 -0.077648645158217
0.044529297328687 0.00453822323423098 0.00720474607064219 -0.0720543498616674
0.0278298622266352 -0.0298307999360736 -0.0217292911680464 -0.0533482457549759
0.00164193249763253 -0.0387336276345786 -0.0397350049653497 -0.0315673906578724
-0.0185508024052616 -0.0277655487030765 -0.0390660822159925 -0.0184152313268568
-0.0232943653176689 -0.0190638646420264 -0.0250243937811703 -0.0232864849870259
-0.0222555134226207 -0.0204976181084975 -0.0163141641880776 -0.0400152339658896
-0.0152205993676577 -0.0342577905083866 0.00902144938165234 -0.0550931192013071
0.00826449581111289 -0.0425831580839866 0.0467598316434303 -0.0503276579405073
0.0352573824001714 -0.0293093335630475 0.0670149952225136 -0.00343029084736332
0.0517580446025203 0.0170468993640213 0.032117886023848 0.0377007866786144
0.0147123131940524 0.0590483826205684 -0.0185499515486901 0.0289313359424674
-0.0238126126564777 0.0561034823031762 0.00254855551021864 -0.0436490462463053
-0.0249586678983701 0.00704589089862716 0.0649518754155816 -0.0886821679451748
-0.0178745093073796 0.0238525921311389 0.0727200474636288 -0.0648914951761339
0.00511406567074105 0.0229554622703769 0.0554573203705262 -0.0726690442482434
0.0168015415884136 0.00401206551117682 0.0171343500916806 -0.0694922961566947
0.0108783852638378 -0.0110062463614916 -0.01475368145179 -0.060245663154889
0.00180352548009026 -0.0162761877583988 -0.0399322146830172 -0.0412580699434322
-0.008172755478143 -0.0128139485032092 -0.044411441968455 -0.0268750607330939
-0.0118960944971526 -0.00843614188523795 -0.031303335789353 -0.029388988187648
-0.012624898076008 -0.0106031407606767 -0.0209175597814541 -0.04481285477825
-0.00968378127765936 -0.0185713036490309 0.00612055441526132 -0.0595598768468179
0.0051695825766197 -0.024339011857681 0.0457928081614209 -0.0549078521278518
0.0246283942269905 -0.0159708306592184 0.0683232090990823 -0.00480094520554175
0.0295720944633898 0.0172501798782265 0.0333372241185206 0.0353355890376161
-0.00155091171815469 0.0379813649283628 -0.014393784781337 0.0239221124048253
-0.0235382876022607 0.0214774856860604 0.0132912412696877 -0.052055258672968
0.0152847865978714 0.0139685193201176 -0.0196539236489978 0.0657343981307846
0.00656460033890543 -0.0095366303346554 0.0318436964691589 -0.00913657188936887
-0.0079444180859591 -0.00808768811324555 -0.027209549320025 -0.048452927916686
-0.00598375871131007 0.00504357589659129 -0.0772485227166926 -0.00921476799877917
0.00352624094498824 0.00300227559712817 -0.0586744941407356 0.0594820732786113
0.00174849501754577 -0.00173700547131716 -0.00794226877156893 0.0704470913119188
-0.000109064325702182 -0.00158298866660326 0.020137437022073 0.0510317262539138
-0.00328361788400791 -0.0045344147343907 0.0352894900062946 0.0349994734200311
-0.00381889007640414 -0.00616672141881695 0.0439796951667046 0.0281357581005734
-0.00235667854481138 -0.0106154933279061 0.0444096964667378 0.0395635856689798
0.00690911826522412 -0.0110147356199992 0.0217565075993912 0.058738092956097
0.0121950128159464 -0.00248533714839626 -0.0173780339545067 0.0677194272931951
0.0155239546662639 0.00496145135485586 -0.0505554877175472 0.0722530421097846
0.0134012972682871 0.0171248384774911 -0.0783450180801058 0.0641870094871909
0.00387348960501056 0.0332774589558994 -0.073139060693383 0.0895026985856781
0.000954596784376934 0.0463313795094975 -0.0201024602479235 0.0579380807406712
0.014453055399873 0.0179083526132678 0.0347572030204519 -0.0115631627630471
0.0129615779875413 0.00280181162247457 -0.0204773600210175 -0.057590379118761
0.010913115177913 -0.00434111830223347 -0.0785806900780884 -0.018423939669727
0.0107613927908027 -0.0155306083396127 -0.0634046747997161 0.0522427480822554
-0.00227408636010929 -0.0196423775698947 -0.0139760826712198 0.0668689100902663
-0.0107623819373728 -0.0147837862350024 0.0156200257193948 0.0488269456495434
-0.0157945732714214 -0.0168317302494971 0.0319028900330175 0.0308764783757804
-0.015108739599478 -0.0213388751112372 0.0409829118225385 0.0194441031234683
-0.00749735653262121 -0.0355243958176082 0.0479117506528778 0.0264385507535711
0.0195516649380513 -0.0366958799656621 0.0360913112658922 0.0480440303125957
0.0412463927765021 -0.0118372472264702 0.0013842043430476 0.0663297836118459
0.044715289916099 0.0272227820351282 -0.0363220227439311 0.0770770248305665
0.0184847749638134 0.0592698265858548 -0.0674506869579215 0.0662535049742585
-0.0124702985774237 0.0726617055525435 -0.0637247024450408 0.0770124155921673
-0.0182106563689459 0.0727365831919473 -0.0136486444077084 0.0391811840353232
0.0171279091520774 0.0482488954428847 0.0415660679539348 -0.0180977311953849
0.0342895498251682 0.0202160154409517 -0.00748736167906424 -0.0703120733486096
0.0317098159558708 -0.0115703319273668 -0.0752953053524063 -0.0338306392697601
0.0200803863133163 -0.0333583231596575 -0.0670968247267711 0.0366730523582698
-0.00408663241326256 -0.0381281639976188 -0.0228477094066001 0.0565626701104161
-0.0197156867871793 -0.0276653461205054 0.00636547860671064 0.0421488095118947
-0.0260944793193207 -0.0267209347844834 0.0233885557275787 0.0229898311493143
-0.0246145909925446 -0.0316556808456545 0.032487578962768 0.00685681005666003
-0.0148896705184972 -0.0525280441547271 0.046239959000735 0.00662904983353097
0.0221573099838843 -0.0590694137384677 0.0502305157843429 0.0273081533552124
0.0575896198542051 -0.0287361284684999 0.0259997189069794 0.0572871905003106
0.0722425551571263 0.0322570121718829 -0.0159247055969916 0.0782075105774209
0.0314502244937154 0.0867469701035647 -0.053973152654435 0.0646554100229144
-0.0204958356374031 0.101233598277882 -0.0501503784394956 0.0554160574060296
-0.0382177214027006 0.0880430863560805 0.000991027063281428 0.0125930973867547
0.0121318036156597 0.0765509734747878 0.0512601318712914 -0.0284517336958146
0.0494798837461815 0.042308815602786 0.0113218271646957 -0.0819608700731402
0.0531590901182599 -0.0123725418924713 -0.0622261969315352 -0.0530598390001894
0.0304534518487454 -0.0467286285162364 -0.064302806052618 0.0133532329006611
-0.00398219004745895 -0.0526731893316541 -0.0316136243830045 0.0380844753263705
-0.0257038925388581 -0.0375164530886064 -0.005213991532599 0.0295605060723097
-0.0328223350137826 -0.0319554698509345 0.010618243876223 0.0115862329144398
-0.0303916109299657 -0.0364492247527577 0.0205307888497908 -0.00746980317769013
-0.0213889632502113 -0.0600106265317971 0.0384111358822451 -0.015192902404424
0.0180852333920913 -0.0709406114109088 0.0571565797380888 0.000768398368365934
0.0608195232566383 -0.0439218631514787 0.0475686223650571 0.0395040034520737
0.0877284300020055 0.0255930571400961 0.00470662162687913 0.0719930875347496
0.0424313041466977 0.0960542434778902 -0.042827324802683 0.0586347645325236
-0.0221918517078361 0.112618751083332 -0.0351576804638516 0.0273190841964769
-0.0522804274617574 0.0876041307980047 0.0218215052413289 -0.0188642665314884
5.49770641972646E-06 0.0917320402194528 0.0616775418593215 -0.0400220524297806
0.0515984728400968 0.0607424019823141 0.0322504692484419 -0.0868669612425054
0.0660469748673896 -0.00630479717255277 -0.0390444311901025 -0.0681605490253961
0.039211341349494 -0.0504747693607532 -0.053763743475605 -0.0140278778937063
-0.00153068276175103 -0.0597467775349231 -0.037702616906158 0.0127073933686671
-0.0274025434831893 -0.0423304377092273 -0.0183442837985937 0.0126511117021491
-0.0346909715699644 -0.0329245928414981 -0.0026955656218658 -0.00137066522005916
-0.0315190815688857 -0.0352365087726942 0.00655301455213618 -0.0210813957995148
-0.0228721568988569 -0.0574614071216692 0.0276411503721833 -0.0336076990201953
0.0134768829528476 -0.0703601291968876 0.0563428792145127 -0.0229165811162551
0.0547233144393455 -0.0478647550294084 0.0600596890255576 0.0207398320277271
0.0860812388252181 0.0190527263524874 0.0192271350540608 0.0597818285967701
0.0420404431852726 0.0908999221186289 -0.0336496636742012 0.0482233904873877
-0.023151444592129 0.107324121728355 -0.0215195516829374 -0.00191514495848512
-0.0552094042319919 0.0708651121212834 0.0439950946758353 -0.0494518234111875
-0.0132313105015081 0.0860350437156206 0.0706529529936469 -0.0514206545511716
0.0403140626931054 0.0654526489198416 0.0494499522689253 -0.0844322115562254
0.0638081951023409 0.00231298169647863 -0.0116343870104599 -0.0748489442219061
0.0391593619858068 -0.0433004175689953 -0.0360276270503137 -0.0390433523451455
0.00143720154633277 -0.0547304855481061 -0.0394578356603951 -0.0129607062974074
-0.0248751111605942 -0.0393168164825517 -0.0303774427939164 -0.00505214440716273
-0.030971803241908 -0.0281028589596636 -0.0153297896767893 -0.0142759638981327
-0.0282495379925332 -0.0304846410948428 -0.00609033864452227 -0.0324290242497822
-0.020033107423836 -0.0476903500070496 0.0171145184008893 -0.0464076905240011
0.0110096839281191 -0.0591167324048135 0.0520701782618399 -0.0398489953133102
0.0460269508929488 -0.0407637632132833 0.0654307685317748 0.00644769936937992
0.0711646812209954 0.0174163887295175 0.0270706215559842 0.0480786992567548
0.0302898041457527 0.0778143602281843 -0.0262984798879741 0.0377159395609104
-0.0245184969036637 0.086425995615957 -0.00835298975469556 -0.026847414363534
-0.045247604489461 0.0421089288799654 0.0613846152392047 -0.0736033272166433
-0.0205059692664139 0.0608093011615468 0.0763648649727192 -0.0583689644568692
0.0220106151134585 0.051078588487435 0.0589423960108333 -0.0768359557990897
0.0447712988854229 0.00608247190722221 0.0104005424715819 -0.0726394158348713
0.0289457720304959 -0.0288505998587681 -0.0205349503290873 -0.0554549943231232
0.00242501428611949 -0.0393117098177697 -0.039286006376541 -0.0331081359813013
-0.0176918275701652 -0.0289664911918164 -0.038957458599193 -0.0203162882681574
-0.0224065202554596 -0.0195349333520879 -0.0246706677931391 -0.0243418918863105
-0.0213951562778754 -0.0210706781400072 -0.0153154493899142 -0.0410305714406875
-0.0144818425096163 -0.0345636111424531 0.0103443273468543 -0.055204697555405
0.00942774694575572 -0.0428479591587943 0.048656298963322 -0.0497926522287094
0.0366367913819946 -0.0277794017499511 0.0673193495022174 -0.00100679595708555
0.0510610000528143 0.0188024123671632 0.0304389230248702 0.040437870916247
0.012889067903781 0.0603291346869667 -0.0202489660031514 0.0290871019992555
-0.0259546112267927 0.0562575892006774 0.00408125792580789 -0.043755161661589
-0.0257229516695599 0.00623329088346433 0.0691584409044829 -0.0871409553999044
-0.0190542399102196 0.0235217728116344 0.0759926681470013 -0.0619598204371951
0.00444565192343739 0.0230124517909898 0.0590185389979625 -0.0709406802826862
0.0165914965277265 0.0046897551936947 0.02038488969574 -0.0697391900777598
0.0113037884916076 -0.0104249616552475 -0.0126711504715547 -0.0618456354442058
0.00213243921227408 -0.0167408451569563 -0.0385621980456354 -0.0426073221943197
-0.00781930267072572 -0.0132697572812024 -0.0441226427933963 -0.0282655817222984
-0.0112813899865514 -0.00837178471373867 -0.0304520586001603 -0.0302465976779667
-0.0120992983992107 -0.0111015516596347 -0.0199449949444821 -0.0454329286020259
-0.00917342827213266 -0.0185502823067247 0.008205864174886 -0.0603617158350041
0.00648402357265206 -0.0248926203478856 0.0478179899406823 -0.0538122459152512
0.0250286250501619 -0.0151319643673072 0.0690110275225181 -0.00270937939438686
0.0286822500945828 0.0183814308421744 0.0319814214168882 0.0371793572320553
-0.00258342198747077 0.0377305960465245 -0.0154406845307981 0.0238224693557096
-0.024495658672582 0.0208115060604271 0.0153171678285083 -0.0519015994584942
0.0159718577888323 0.0148248475787907 -0.02131909714506 0.0687273140406875
0.00696863810854657 -0.0101106580686689 0.0334326164522876 -0.00890975349355589
-0.00871837948050951 -0.00854419873085484 -0.0273723889954837 -0.0511565542635505
-0.00661626943070024 0.00583010966482715 -0.0807771341454597 -0.0106225028472746
0.00392448908297152 0.00317261534300966 -0.0611305150728023 0.0610465399579441
0.00173223132710384 -0.00128644334003087 -0.0083961941924723 0.0734479360600344
0.000156262950642506 -0.00200027719685613 0.0196181961778011 0.0537639030100719
-0.00313306749590057 -0.00525378207318445 0.0363523667870458 0.0366367525358332
-0.00402105868367152 -0.00649889744501528 0.0450987452540667 0.0297008439985291
-0.00236384483384191 -0.0113315591876664 0.0457232875063099 0.041087828313761
0.00703614558441217 -0.0116492785992483 0.021896115928298 0.0613414475662672
0.0132093137697707 -0.00251586535089258 -0.0191042690078626 0.0714734781446232
0.0161196277587048 0.00552903457688468 -0.0541281210165829 0.0739805157322843
0.0134433686798317 0.0180472868133696 -0.0832545367946498 0.0655534500313656
0.00366125920144529 0.0347183612255578 -0.0777558121288403 0.0924212528011613
0.000492493819807439 0.048178588122121 -0.0214378935349178 0.0606533478770707
0.01498983302599 0.0184501526329174 0.0366896989228455 -0.01152325874965
0.0132571799009752 0.00343541933337239 -0.0202887095020437 -0.0603890816400542
0.0109426513215306 -0.00474026294452058 -0.0821910417242114 -0.0204168021669407
0.0113336218876424 -0.0163996503732538 -0.0665463201728023 0.0532436120405675
-0.00199915614896754 -0.0203405116012303 -0.0152128934547648 0.0690798025539692
-0.0112817594448263 -0.0156216826526824 0.0151954009717927 0.0511643443545834
-0.0162763840185671 -0.0177181506079029 0.0322105365883645 0.0321382389390188
-0.0157755429163607 -0.0226786932119776 0.041958617812555 0.0203954565556827
-0.0077756836757714 -0.0371916540401277 0.0489233349473179 0.0275373024139515
0.0202728162791445 -0.0382981582222225 0.0381257348409687 0.0499535426044017
0.0429702453041607 -0.0120010271579057 0.00031252161406612 0.0699132469897607
0.046326354097232 0.0293612630788043 -0.0393990176011302 0.0799653035863699
0.0185266113297859 0.0621700582505188 -0.07163328859479 0.0678115640989742
-0.0140194791936209 0.0759189161298105 -0.0677129052717626 0.0793845657095291
-0.0198170647246818 0.0760390479189784 -0.0141672686320983 0.0411317864222288
0.0177343150773739 0.0508910670539202 0.0436034921527262 -0.0178039685718539
0.0350583562560779 0.0214124450636263 -0.00668915485816017 -0.0732103551562435
0.0330843152776093 -0.0112265178493977 -0.0778164333657889 -0.0372875424537744
0.0207733075676233 -0.0348628140315957 -0.0700894935447467 0.0372438624934788
-0.00437573226696916 -0.0396972191377724 -0.0249334960570407 0.058572300641371
-0.0202937116734005 -0.0289550903184366 0.00612668413154318 0.0435275346871577
-0.0267656424432502 -0.0276362464575822 0.0231014118548816 0.0237538267945193
-0.0255624390615658 -0.0335593793208325 0.0336473260951717 0.00718998765748772
-0.0157382966237457 -0.0552576857635845 0.0479194237925585 0.00665910262983285
0.0235058722788561 -0.0620906617881137 0.0525005010433151 0.0281719164475353
0.0604221591491818 -0.0295350162869995 0.0261982865295472 0.0605349139825922
0.0754003626084087 0.0341881442700214 -0.0179622542521202 0.0818206290595386
0.0319242482212786 0.0904381267804833 -0.0578985081204284 0.0666683749011082
-0.0227087032682699 0.105833098958795 -0.053107260370054 0.0572620728779141
-0.0404329362168164 0.0914186435926944 0.00113672204220666 0.0138557012740376
0.0120885952909129 0.0800717945748692 0.0539918474708489 -0.028117192804661
0.0510690932420866 0.0442420325126153 0.0127928860292684 -0.0853572891254862
0.0552476581533373 -0.0123322707563356 -0.063819699543857 -0.0565079799585891
0.0325028858366434 -0.0485919494294515 -0.0676439103625076 0.0127584734452053
-0.00408993207599473 -0.0551431323868853 -0.0331793901311456 0.0392617175778085
-0.0264379611199303 -0.0388637951308483 -0.0063200874187599 0.030352685740875
-0.0335403935530171 -0.0333010623885839 0.011200352218426 0.0119390290749282
-0.0316405329356947 -0.0384523801562114 0.0208275844962448 -0.0082579592565582
-0.0224045391283231 -0.0622488444133976 0.0400218058865803 -0.0159015633131202
0.0187845475022754 -0.0738630469241895 0.0599111305760642 0.000436701974172877
0.0639065985660397 -0.0454291380172136 0.0485201274772052 0.0423140978893539
0.0906481967524431 0.0278291276879703 0.00357451050828118 0.0755498572488473
0.0431504675523746 0.100339581198876 -0.0460387372377272 0.0601982279943418
-0.0246566517901632 0.118278676266375 -0.0373253385505305 0.0283939168780504
-0.0553253944848828 0.0912012471336269 0.0229080610733257 -0.0185619088620401
-0.000664947939835316 0.0956502879486109 0.0646138901455242 -0.0401126834018924
0.0536806699409111 0.0637985089459031 0.0350927444932571 -0.0905644083895082
0.0693429905879111 -0.00575179698031946 -0.0392179167925484 -0.0725385391678017
0.0409100153804744 -0.0525565229991504 -0.0557750860511589 -0.01578226809482
-0.00132331838741598 -0.0624117221662 -0.0394661433328615 0.0132051579489582
-0.0284740347659911 -0.0438326552818872 -0.0191471914313179 0.0126885858948698
-0.0357266055536121 -0.0341114990191777 -0.0029592670472359 -0.00194730923411355
-0.0329245855264234 -0.0371156660426611 0.00614436918823781 -0.0222082261201961
-0.0237900520374745 -0.0599038890051404 0.0288271077987985 -0.0351000734410723
0.0142664692117487 -0.0737837275896355 0.0587991048121764 -0.0246133997897107
0.0575048519570776 -0.0494848877398528 0.0621890691324623 0.022557417594255
0.0892145720744123 0.0204288760051041 0.0188192660415789 0.0634074540192909
0.0430564627289085 0.0956393948418561 -0.0360785512323386 0.0499406324524873
-0.0253826291716256 0.11202319645792 -0.0228746662258264 -0.00183547503256358
-0.0582815860954967 0.0732974873638003 0.0467678015678709 -0.0506633582248924
-0.0148761437922355 0.0894233969487861 0.0742387814021075 -0.0507935946203054
0.0414146725626743 0.0685363512322869 0.0530448251355009 -0.087332178959826
0.0660821080576596 0.00305617460656241 -0.0104194212092306 -0.0787364803971776
0.0410616755790464 -0.0451346447018177 -0.0380922748353776 -0.0417635919738693
0.00158729014422653 -0.0573529308223191 -0.0414800732235001 -0.0138467856312663
-0.025870302298591 -0.0411651617629717 -0.031518790411394 -0.00581457964277859
-0.0320633342645963 -0.0293508315010054 -0.0157306646666708 -0.0151592835240773
-0.0296366446766097 -0.0313932002945411 -0.00677747244625085 -0.0335587889917311
-0.0203487635460233 -0.0500293830375307 0.0179674777825028 -0.0484554589382602
0.011743812788455 -0.0619889548267618 0.0544966236901798 -0.0417901206771714
0.0484523118690526 -0.0416082524638235 0.0676793802266964 0.00733397013830656
0.0741114516713327 0.0188788880819867 0.0270949739038426 0.0514380919444842
0.0304800420854217 0.0816676364085683 -0.028235811894844 0.039292614341768
-0.026262006565548 0.0901631023504657 -0.00863195046008827 -0.0277250056668188
-0.0477011412216302 0.0438601833380351 0.0656222858518391 -0.0756729278652456
-0.0217279007332013 0.0635360013874287 0.0805909081388429 -0.0587608174204033
0.0224513505744712 0.05337507822889 0.0629262911958479 -0.0795542726497916
0.0465555807210225 0.00694477575466739 0.0126894780351284 -0.0769283989664857
0.0303624095420184 -0.0301150632650415 -0.0211283533555971 -0.0589727636974382
0.00236754370097279 -0.0412589865059431 -0.04047039284069 -0.0352005217310496
-0.0182133959791944 -0.0300253715064354 -0.0401691922475829 -0.0210754780460002
-0.0232701198299039 -0.0205775750087049 -0.0262058350549919 -0.0258845029589914
-0.0220632933229509 -0.02231445999031 -0.0160228336182487 -0.0425727174344863
-0.015260109459096 -0.0357621792845574 0.0113654275163477 -0.0575113561039838
0.00971807189159732 -0.0444881131726222 0.0512546118877517 -0.0519115224100251
0.0379441922401021 -0.0287174813165728 0.0703991036070208 -0.000580759565344716
0.0526220055211109 0.0198238890839925 0.0304198079917474 0.0427271397016399
0.0131050007973371 0.0628111521037355 -0.0217425347431578 0.0301785264055793
-0.0273155069418773 0.0584532950129956 0.004719036673934 -0.0455312587994024
-0.0265068737139195 0.00658719850574957 0.0737690308879077 -0.0905401702968213
-0.0197676620442791 0.0244460890775917 0.0804804572925783 -0.0631514572874431
0.00429951331224861 0.0239403158052249 0.0624447886627753 -0.0732747402643311
0.0174540286423935 0.00532689039494575 0.0229922302248888 -0.0731954033144005
0.0116325828814888 -0.0109104414756682 -0.0130415067669778 -0.0658525386375387
0.0022992201374853 -0.0178829736716672 -0.0399481098498459 -0.0456832761661581
-0.00847010715642748 -0.0134528714934553 -0.045567141036763 -0.0299850234026977
-0.0111690389738481 -0.00877779547112121 -0.0318778397187306 -0.0313950409785911
-0.0124600656304597 -0.0113675305006034 -0.0203929503993891 -0.0479752474826041
-0.00885312618491414 -0.0191013845747921 0.00913323024078994 -0.0627188300953066
0.00712117312687858 -0.0256996696685973 0.0504404180821711 -0.0561900600922557
0.0261516087638459 -0.0152833976974546 0.0716930185863844 -0.00144574912852056
0.0298505273824962 0.019390608433102 0.0326406855721097 0.0398114377490566
-0.00267968442168114 0.0391492978028942 -0.0160879901206488 0.024471711872432
-0.0251177203387591 0.021162696939971 0.0162213616480166 -0.0535624671342944
0.0191887912213413 0.0119627293729184 -0.0134494764120212 0.0755905191433369
0.00606070364887113 -0.0111080760508733 0.0341077729656868 -0.0134128313501112
-0.00984602474706281 -0.00752527004532774 -0.0356771940669332 -0.0492352386391399
-0.00490982291589021 0.00584098769164555 -0.0860419727537396 0.00173679510433576
0.00373648430977038 0.00122512693457628 -0.053701338074777 0.0734274784331519
0.00106420967158277 -0.00199726351647057 0.0021792527763083 0.078333922037918
2.67825818351434E-05 -0.0021031995794086 0.0292059653811077 0.0536292768739321
-0.00486347085254526 -0.00481170102939266 0.0424502289017461 0.0321870746568382
-0.00563665849055476 -0.00629268895562809 0.0513547281088263 0.0241219400719802
-0.00478195782217679 -0.0111914619541367 0.0540367563152507 0.0357512379990962
0.00466464979720602 -0.0130737506815916 0.0320922359187002 0.0619740818796568
0.0140047413878294 -0.00478985641625914 -0.0101653075277611 0.0778648561114874
0.0175291043334964 0.00331495285425537 -0.0458236841358113 0.0845789229749049
0.016704555012995 0.0162262431846632 -0.0771526639347098 0.0793055794877191
0.00983237181147793 0.0348192285172727 -0.0688846109508081 0.107638702946397
0.00868425179370129 0.0499625809475826 -0.0158434789923112 0.0644589388902906
0.0186108577133287 0.0178394439564066 0.0355523416862467 -0.0169303857227895
0.0151560407113077 0.0018753709518177 -0.0314101201862657 -0.0604324000584346
0.0115845829605573 -0.00643152271372528 -0.0892331596991867 -0.00774167597119974
0.00858729612859452 -0.019601736575306 -0.0608884376028624 0.0672665284804054
-0.00551798773529217 -0.021614663878949 -0.00458542045132553 0.0759715319363536
-0.0136938278038178 -0.014715765553105 0.0239806195964855 0.0518169218514524
-0.0197040793433278 -0.0157575935707747 0.0380707077172145 0.0281739946006297
-0.0199174295023226 -0.0208161472706345 0.0461114543205885 0.0150455171896929
-0.0146537016278496 -0.0370689726903666 0.0545906261580728 0.0208183521516973
0.0141748044993749 -0.0424228215995953 0.0461090989625337 0.0472449228952112
0.0431881231429422 -0.018667895873688 0.00956624152537456 0.0739062570336934
0.0522360224020355 0.0227584652268407 -0.030080511027307 0.0882107744815706
0.0281325312713598 0.0610139424126124 -0.0637242045586471 0.0801754776256058
-0.00278571069304305 0.0798017752522155 -0.0594197027465652 0.0929926388710403
-0.00806314748107077 0.0831989232995686 -0.0116768517641675 0.0400362928503268
0.0257283583950206 0.0513087201674165 0.0410435562371245 -0.0256750838786831
0.0402383645234657 0.0183356129601723 -0.0206132461628693 -0.0767718486989949
0.0334457086188301 -0.0169751705458832 -0.0886467259528833 -0.0254028759685095
0.0163188591198243 -0.0398253153601711 -0.0676030256102961 0.0521492094780922
-0.0106500178015721 -0.0409033188670201 -0.0158112935123616 0.0668917472274355
-0.0252140551896379 -0.0273713979128334 0.013664116516483 0.0457223305727236
-0.0318630384072853 -0.0245350143437653 0.0272341106230324 0.0212935925784759
-0.0312674293145063 -0.0306756132651139 0.035307108397017 0.00233021559578622
-0.0247050136880244 -0.0542653024693143 0.0497319317669519 -0.000469367684082961
0.0137341111215346 -0.0665630325374887 0.0584055196318172 0.0219192916800467
0.0583345070799773 -0.0391995803577129 0.0349630563271589 0.0596632562227161
0.0822687180365961 0.023706149434685 -0.00739271847905522 0.0873550241561602
0.0463727287901236 0.0880252640572705 -0.0487934034501998 0.0767408256970379
-0.00756890109137617 0.112146875405921 -0.0478571030378115 0.0682023100951663
-0.0273755739206052 0.103462978041108 0.000495604500393319 0.00630176158441822
0.023762183855854 0.0831391691535925 0.0495978838743873 -0.0392823735220282
0.0602666584706387 0.0400405714830137 -0.00317445559895353 -0.0928644877309947
0.0570065633131334 -0.0203751081803053 -0.0785531039152733 -0.047898296385063
0.0261666308316579 -0.0557248516419187 -0.0695835112371868 0.0266550985751337
-0.0124084254093673 -0.0571431824568571 -0.0283596767821258 0.0482718351864576
-0.0330631356995924 -0.0366236078760622 -0.00115496420431661 0.0343799456012149
-0.0398880750481524 -0.0296466305730117 0.0129687928964717 0.0103497393176997
-0.0382796930922274 -0.0349912836550729 0.0202144969009158 -0.0112738172940688
-0.0322999594157285 -0.0607986618469752 0.0380921505677576 -0.0228277516202424
0.00749494318751576 -0.0784554014300996 0.0619109311973108 -0.0079229399712552
0.0585486652322078 -0.0553493342932008 0.0556653194151855 0.0376294467320277
0.0975993243569729 0.0138430874332363 0.013476022761619 0.0775908975481709
0.0596234736722651 0.0960538683575154 -0.0369050732669004 0.0686844496841006
-0.00752155277174887 0.124692585875568 -0.035100491869339 0.0358713144739312
-0.0435497562065969 0.106014074906524 0.0187017654043482 -0.0323210872120901
0.0125959873200313 0.10159488676633 0.0599669756747118 -0.0547869976627455
0.0653544542793691 0.0600407048106974 0.0178370864415647 -0.102924144517881
0.0721123560337731 -0.0149379361960086 -0.0558236463873486 -0.0690262353617809
0.0349201651978044 -0.0608668566644722 -0.0628880727522409 -0.0055187510297005
-0.010796697215799 -0.0647152919777392 -0.0385229782078056 0.0225479035329896
-0.035757312639191 -0.0416501467146731 -0.0179961351932805 0.0183003563087216
-0.0416233182717127 -0.029767126507231 -0.00347656733910023 -0.00139334124784519
-0.0398477841625369 -0.0332509125464101 0.00280289521396874 -0.0240702432523057
-0.0332285048472289 -0.0578408339986453 0.0234671692955389 -0.0408722098687264
0.00290032640782856 -0.0767143857240561 0.0578260012368973 -0.0335180724782191
0.051959762403413 -0.0584591821394753 0.0666870180581341 0.0149401463858859
0.0942181702785042 0.00713107491872095 0.0278556632247306 0.0623142580838037
0.0583695314419418 0.0913485524566445 -0.0285185820026353 0.0565353574185253
-0.00899543598927352 0.118464905769095 -0.0239815336823234 0.00212237826309755
-0.0490914217619454 0.0883421236957817 0.0405093606870578 -0.069143725683988
-0.00290420056086004 0.0972419190005673 0.0683982838092548 -0.0685938775802868
0.053134011728847 0.0669344925749364 0.0380709247803211 -0.102851040927478
0.0696682382483277 -0.00537483365370619 -0.0270461631330759 -0.0804022395410254
0.0365891182070627 -0.0529245317118123 -0.048730353781168 -0.0358668492089771
-0.00676757577768592 -0.0599677773527908 -0.0454417584569683 -0.00536286910020345
-0.032291300097743 -0.0391120267951725 -0.0333634258741072 0.00073360698593753
-0.036865367766165 -0.0257105125355459 -0.018688459874843 -0.0134814745572172
-0.0346895753812532 -0.0278330089680663 -0.0123316634818676 -0.0342761207665238
-0.0282742513736569 -0.0482834871750418 0.0105449801709373 -0.0532945242101943
0.00256271904872186 -0.0644623056951494 0.0502727980095232 -0.0518624319315724
0.0431872439421219 -0.0497068092272597 0.0705028121049785 -0.0017576154303506
0.0781866077158076 0.0076566033375099 0.0350837413166469 0.0489054901759315
0.0439926968596692 0.0788752517979694 -0.0223705591664186 0.0445581807972517
-0.013721619745996 0.0963816410904744 -0.0131961175218741 -0.0264990032878788
-0.0423629366362644 0.0554909944128214 0.0575077201795482 -0.0964822952994483
-0.0137442284450219 0.0700547840985032 0.0751972320242611 -0.0767720845881351
0.0309915198423543 0.0539125184786284 0.0507598335903535 -0.0955227285257265
0.049926064829169 0.00191464308741618 -0.00172916763783071 -0.08262574964483
0.0277952780391014 -0.0352359225845638 -0.0332579240475024 -0.0569352378610026
-0.00332929726602383 -0.0434245645813795 -0.0482668501973508 -0.0282504541732091
-0.0231638512908407 -0.0284254711298142 -0.045590029036959 -0.0147296057390475
-0.0263501178564405 -0.0177683395284278 -0.0304377045954223 -0.0224328340672256
-0.0255489719458127 -0.0198416581333357 -0.0232135799475588 -0.0416654725588719
-0.0201547969601344 -0.0344591691064133 0.0025243341750093 -0.06176024031913
0.00407299631719177 -0.0472698692105845 0.045753079490612 -0.0617564736598759
0.034338537701438 -0.03463774996332 0.0725530101031121 -0.0105490180624258
0.0561976243086308 0.0123565684796061 0.0381392055682307 0.039966717449751
0.0231754810728953 0.0620030979325608 -0.0165758807626963 0.034500117990673
-0.0196306943384469 0.0637115787839459 -0.00229942924945418 -0.0481005360535376
-0.0267300400804977 0.0127238333952716 0.0644652586979418 -0.109082712337384
-0.0168547321281476 0.029277297518769 0.0754742997013598 -0.0795236181790282
0.0076376848246051 0.0252532548667447 0.0535333567456082 -0.0879648123682986
0.0192606663635159 0.00390214674372429 0.0104517753616372 -0.0805558052460939
0.0113524183986221 -0.0129387688644723 -0.0255527009000359 -0.0660327290105662
-0.000183949752125572 -0.01880768690972 -0.0495735124950217 -0.0406608074364576
-0.0102705123822065 -0.0132156243417288 -0.0522430421272536 -0.0231541550756035
-0.0120496242423999 -0.00791446130447016 -0.0372623319245687 -0.0277181054417545
-0.0140236292719711 -0.00949522131688349 -0.028381464646809 -0.046917904419476
-0.0114476420082822 -0.0182505449972306 -0.000709432901349922 -0.0664406763948616
0.00346739754266397 -0.0263471503741118 0.0444872580274302 -0.0659992883122602
0.0241464107566204 -0.0192030376598035 0.0742311046131395 -0.0125150332319652
0.0331553969522076 0.0155558955596366 0.0398398543425647 0.036667799937029
0.00275582994340211 0.0401512076241077 -0.0123142826386819 0.0280142769051779
-0.0230755608529249 0.0249186993522679 0.00889942845018029 -0.0577700295752091
0.0202882590335214 0.0107531647843078 -0.00750033945220643 0.0779735703437854
0.00517477515957153 -0.0117431496453362 0.0341370744825968 -0.0159422208795041
-0.00999922769454612 -0.00651067593763262 -0.0395398395052797 -0.0475257898682203
-0.00476652876511068 0.00653997498438524 -0.0875137061697719 0.00781505369612412
0.00365345135419006 0.000657102241932558 -0.0488026872056057 0.0782248371889605
0.000765244592151652 -0.00195650959399507 0.00841209247016704 0.078775115638653
-0.00022183884350238 -0.00230999764587903 0.033401729571677 0.0524696095865652
-0.00460139807268396 -0.00442918074840939 0.0452721455748781 0.029277774072001
-0.00611065429582196 -0.00592558848908585 0.0535679727135337 0.0200910694255896
-0.00586690450100765 -0.0109704479184811 0.0570162073462956 0.0317881547128894
0.00400454052585139 -0.0133571917758874 0.036946417513171 0.0599365066722467
0.0140956860171288 -0.00575821856907105 -0.00479725456859495 0.0800134615242108
0.0177722362887231 0.00208374811831726 -0.0404592756773814 0.0883671863326728
0.017323724454596 0.0153600095941735 -0.0731108824544432 0.0852654201831166
0.0127568504133222 0.0344348436779689 -0.0618050986705615 0.114250726982143
0.0127679652394926 0.0501067158274949 -0.011080919794053 0.066827182196633
0.0199542426545794 0.0164285960711421 0.035497826411103 -0.019537701116484
0.0150824187377084 0.000816919379133113 -0.0355573704604014 -0.0593156852809325
0.0113823596203411 -0.00700454853646425 -0.0912175725852988 -0.00187216999463941
0.00737639722284819 -0.0205783213483982 -0.0562374942870964 0.0720454076574757
-0.00757973227860556 -0.0210978588483334 0.0010847944256023 0.0767432536880539
-0.0148850167185779 -0.0137641385995512 0.0278285283223883 0.0511709659166028
-0.021366701890679 -0.0144413345176925 0.0402629598861552 0.0256625920108584
-0.0217233310272564 -0.0197225170399805 0.0474421257453274 0.0109687115293912
-0.0175029936448976 -0.0364337994050849 0.0566808948364033 0.0167004531169022
0.0110473475556061 -0.0441698639073138 0.0501372450354694 0.0438707027641912
0.0425305052769095 -0.022077739796169 0.01455538320777 0.0742766516084301
0.0546747990081048 0.0193511793993319 -0.0239532764127061 0.0916734974241622
0.0326388594662851 0.0593715389550993 -0.0597159032803915 0.0848311454146484
0.00303498384327987 0.0810276888357536 -0.0533471989915228 0.0986614564420243
-0.00143187143923299 0.0852025605714465 -0.00820980199649428 0.0422556742043941
0.0295953646887364 0.0493714112134668 0.0411045349200618 -0.0280764081669158
0.0418577890723871 0.0151376700577936 -0.0259534422215201 -0.0764369481483515
0.0327543937406951 -0.0186944578838425 -0.0911010923732347 -0.0202201936203145
0.0130615717955911 -0.0417320864777499 -0.0643903564665126 0.0570117734108056
-0.014018468954277 -0.0403926907658004 -0.0108949695511565 0.0683446051364626
-0.0277023189808905 -0.0250998981304969 0.0169798690065466 0.0451037505971962
-0.0338120755185607 -0.0226108458592222 0.0288086666259269 0.0191119055381413
-0.0341930802236603 -0.0286605530041323 0.0349385558668389 -0.000166474997126687
-0.0299241725510599 -0.0526879964766114 0.0497969955504915 -0.00458053075990298
0.00836555364568467 -0.068392824598718 0.0603490035596757 0.0170586681315627
0.055746361339184 -0.0438855648439371 0.0388655158898356 0.0588692461650285
0.0848978582866652 0.0174308547969908 -0.00184493798210771 0.0888630760207783
0.053753790456185 0.0852798600763199 -0.0446209282068863 0.0812459161842193
0.000935196518488349 0.113732785535851 -0.0430935859933701 0.0729955315588767
-0.0192942279092044 0.106700685823257 0.00110995443371082 0.00739389245511411
0.0303234283470028 0.081640019360156 0.0484709521295805 -0.042400620253351
0.0639598474753462 0.035594077701636 -0.00973559531581878 -0.094463074632515
0.0560635563332464 -0.0247712343722555 -0.0828188561335639 -0.0437849703614923
0.0220221783972883 -0.0586762360565473 -0.0687655724222012 0.0315411747536065
-0.0176297632964814 -0.0566105113196943 -0.0247434222082584 0.050977824375593
-0.0359564136968727 -0.0344319736671811 0.00171060482489929 0.034543285228958
-0.0421080555383566 -0.0269500167558269 0.0136740104392136 0.00918525776599203
-0.0415927828599196 -0.0324141542843812 0.0183577945984465 -0.0127156213313533
-0.0376163627059614 -0.0583298240635057 0.0361252060348839 -0.0262484393479852
0.0004236956048454 -0.0796843376423119 0.0617048273093622 -0.0131648445159036
0.0552333741096798 -0.0602682525218168 0.0582756210323057 0.0346595908118226
0.0994978573301944 0.00661244500860347 0.0197108316964765 0.0779210545744276
0.0680506406014559 0.0926259164518629 -0.0330462363031138 0.0720992581585933
0.00216176523436545 0.127173919265081 -0.0327834875815601 0.0392362501188651
-0.0355813120857072 0.110452796237733 0.0174251070724735 -0.0337425603940762
0.0205539454139754 0.101378067193476 0.0566904151664586 -0.0579398465916004
0.0705179365500441 0.0556414620271133 0.0113039715041986 -0.106082117067317
0.0716203411203899 -0.0206365268105243 -0.0612568014611924 -0.0662193934158501
0.0302804175331483 -0.0642095706924748 -0.0648113647855195 -0.00145949093229481
-0.0166632176057601 -0.0646004556255612 -0.0372093507421233 0.0255151621577743
-0.0393655499220767 -0.0388879113881335 -0.0169516085060102 0.019442810588176
-0.0438618141243493 -0.0270395416858899 -0.00356087641303461 -0.00158963683968102
-0.0423166689176879 -0.0309413266580234 0.000780480541598555 -0.0241309202137731
-0.0384814408335089 -0.055325630516887 0.0202944891917262 -0.0431518950940269
-0.00354709424445533 -0.0777706323951531 0.0552356372294644 -0.0396324734060341
0.0478365907322286 -0.0632770534678259 0.0681469279606865 0.0107271734122492
0.0959626266601161 -0.000586680576774828 0.0327757901116391 0.0624730494863194
0.0663451244526213 0.0877077701955831 -0.0253117255882408 0.0600359101929779
-0.000165938540785302 0.120578521159031 -0.023565356662634 0.00425656390135452
-0.0429861317638367 0.0935200052304636 0.0361584851614816 -0.0726394431394689
0.00456564641260162 0.0984631161866424 0.0647816244866408 -0.0726975755581802
0.058348950664986 0.0634446533611932 0.0310633560321219 -0.107265189117977
0.0700356828150302 -0.0106685392125138 -0.032828259076494 -0.0805588048951903
0.0324017576117783 -0.0563102359171228 -0.0523922599089287 -0.0332274435686942
-0.0121778708537132 -0.059622767954075 -0.0466986467295925 -0.00236779956533613
-0.0353152075427833 -0.0363821539056844 -0.033933109240009 0.00342859537019987
-0.0389149243551445 -0.0230283729152348 -0.0197571805691163 -0.0117022871577093
-0.0368572783375456 -0.0254101911345587 -0.0154036463457867 -0.0333862206243201
-0.0326535303381869 -0.0463595996166524 0.00605627740393005 -0.0544799620473566
-0.00273280412678061 -0.0657299895521959 0.0465285643891624 -0.0571817119669286
0.0399491614759565 -0.0528239742869223 0.071202768156253 -0.0068470736676547
0.079365559333706 0.00170912061245375 0.0389244204884287 0.0478878678423661
0.0505172696688814 0.0758255350458254 -0.0193832118620195 0.0472480982949707
-0.00605401895991729 0.0979883479033102 -0.0155768371064022 -0.0260035154694097
-0.0384247269497057 0.0595277905643506 0.0509221655662224 -0.101145288080052
-0.00854668488095274 0.0720570249658136 0.070988954514965 -0.0821468100772713
0.0350616896009198 0.0519336748961452 0.0447379429272472 -0.100201296500082
0.0505942075372443 -0.00174156686173495 -0.00732049715821679 -0.0838259937860552
0.0249096037763777 -0.0374227450117061 -0.038946908604146 -0.0555171671788378
-0.00707093788977993 -0.0435527204350856 -0.0514720119013828 -0.0253612120152699
-0.0256464144106441 -0.0268997063429613 -0.0470774015666913 -0.0111435508377429
-0.0280848367196189 -0.0157652799701261 -0.0323973758239984 -0.0202823332259282
-0.0271968336849054 -0.0173226014640081 -0.0265083570340926 -0.0408352731069667
-0.0230911396095468 -0.0327756012760271 -0.00245326692819531 -0.0627356024092337
-0.00028204431415359 -0.0477212905143939 0.041201434400159 -0.0663646752390645
0.0323611395088642 -0.0371671061058447 0.0721286537793298 -0.0156380319569958
0.0571215496461239 0.00849117037501811 0.0415460517428677 0.0385010711985758
0.0280636371574222 0.0609721252884722 -0.0145497529762037 0.0365606633029834
-0.0148112851084074 0.0650307791813783 -0.00556609538541028 -0.0479868766689263
-0.0255655233695615 0.0149278041485138 0.0572291894436105 -0.115371716677444
-0.0146474745962318 0.0305789065463374 0.0711612245658493 -0.0857399764807238
0.0093161860028543 0.0249455560756572 0.0481271846376172 -0.0926397353268647
0.0201719643064359 0.00266031512923559 0.00509672293210177 -0.0832453794520439
0.0105182381268415 -0.0137437870701963 -0.0311537551558475 -0.0656986317474782
-0.00215270765297944 -0.0191381029042655 -0.0536836295165736 -0.037187194567545
-0.0112442815378817 -0.0122457630455465 -0.054595838751592 -0.0192605244056639
-0.0126401433364883 -0.00677992874728376 -0.0398507210928389 -0.0255419596592764
-0.0147573801879786 -0.00810012305397559 -0.0320905100839501 -0.045105952247591
-0.013000284709632 -0.0169516572602716 -0.00549177647714218 -0.0676583951483184
0.00178306320282247 -0.0272129501337182 0.03950726631072 -0.0703561507346644
0.0233151651831459 -0.0211013005501745 0.0740001265626106 -0.0175003212253094
0.0341985525042091 0.0133197871225504 0.0426436398910021 0.0355421210466582
0.00611912402625074 0.0403462394824419 -0.0104342802467447 0.0298257975754902
-0.0210326301529711 0.0265880299249579 0.00441162026098705 -0.0591294565432656
0.0206551758703681 0.00862850815798356 -0.00139171077804882 0.0760521005160407
0.00449736406564807 -0.0120564105325559 0.0322093967180295 -0.0167832898256251
-0.00971833448116249 -0.00559347609278869 -0.0402688296410726 -0.0435005519862668
-0.00350033088852534 0.00643081096855247 -0.0839476803423765 0.0125426250937076
0.00348794018084415 -6.43130825649051E-05 -0.0419752712185928 0.0785800976313517
0.000729195109253426 -0.00179663667317274 0.013735096980273 0.0755061947917202
-0.000309873548287805 -0.00223182232425942 0.0356050568574461 0.0485136600661466
-0.00534784594812889 -0.00392349140411927 0.045457237763532 0.0256749406896751
-0.0067578911024354 -0.00533641831646613 0.0526960062202483 0.0157458722217999
-0.00646606312287872 -0.0101613254665517 0.0564008020678104 0.0263166340340387
0.0023939335771751 -0.0131200670879975 0.0395570374083793 0.0550690908515619
0.013449822927266 -0.00682807323648712 0.000358705986725018 0.0782830681693475
0.0171322517990849 0.00112186602644455 -0.0330361593834991 0.0878433162488133
0.017507420799042 0.0141025905372135 -0.0652083021283907 0.0862970914696096
0.0144399862504472 0.0322163283213021 -0.0522686764775464 0.113926139322974
0.0155933144215205 0.0470797299131138 -0.00573620609918614 0.0657512537601496
0.020386475762628 0.0140877668012267 0.0339276458554669 -0.0204750637228351
0.0147584464770674 -7.49263927461466E-05 -0.0375020868277882 -0.0551780799040124
0.0106953234534339 -0.0076060147986158 -0.0880528032206332 0.00364533698200442
0.0055025673551963 -0.0203082143024087 -0.0492583202633263 0.072793766646279
-0.00904408842305208 -0.0196760477330727 0.00602212954699569 0.0737643081956878
-0.0151123891342496 -0.0122621168667647 0.0302623561412646 0.0467094078015022
-0.0212626011789088 -0.0122272026750959 0.0400471672473496 0.0221507809711029
-0.022854286370258 -0.0175109248411094 0.0455780720412325 0.00828907886272246
-0.0195797605516736 -0.0334530582443616 0.0553036521820662 0.0118173297763504
0.00701287727050333 -0.043073573219429 0.0512217497665433 0.0386299197521085
0.0393359771176442 -0.0241010912951285 0.0187309750991858 0.0712916758760998
0.0536672300518822 0.015108629912702 -0.0175028332901271 0.0897872679571244
0.0351985347615753 0.0548750501249913 -0.0527108904760027 0.0852726471126892
0.0085607771669124 0.0781539266940837 -0.0451081305118371 0.098775761561225
0.0042645371535494 0.081531384673467 -0.00450699693051073 0.041949553964251
0.0317720340797588 0.0458570928075486 0.0377492920990741 -0.0293248529674677
0.0412604402914707 0.0117177218313593 -0.0291666701531355 -0.0725358676863416
0.0302713243527423 -0.0199423135750411 -0.0894072769621581 -0.0140134220841896
0.0093979012291312 -0.0413122314566075 -0.0586496921398469 0.0585484181662219
-0.0166988657883084 -0.0378754471286725 -0.00613375104568088 0.0662661407422779
-0.0279541956111851 -0.022066866738408 0.0194140123812403 0.042300885304493
-0.0342496796741341 -0.0193268490586098 0.0283506537367696 0.016388362942662
-0.0350814146411977 -0.0253515431819322 0.0334038330639205 -0.00242287630829211
-0.0324895655715236 -0.0488255356828698 0.0468567950906252 -0.00797641775492061
0.00274449125216841 -0.0661592462933766 0.0596900473018566 0.0119419818675508
0.0509567239163 -0.0461599590210977 0.041511093057467 0.0551398106487738
0.083317659364908 0.0112821941683395 0.00390858872894882 0.0865771179067716
0.0574879634105078 0.0780921810129651 -0.0382981635273386 0.0811246681602412
0.0084030549912601 0.110187608414061 -0.0368256432772315 0.0734100732956273
-0.0107646806825546 0.104060641445242 0.0019440552537212 0.00766479960077394
0.0345316182329202 0.0762214937672133 0.044289484907306 -0.0430240472308199
0.0633700899686112 0.0298798968074302 -0.0148446248293488 -0.0907152781311151
0.0525596218216535 -0.0271323216359041 -0.082493123167722 -0.0377447552991665
0.0167695604352894 -0.0575482717692673 -0.0642944626715651 0.034458628834659
-0.0212087595731613 -0.053409934467717 -0.0200664973589422 0.0505042299830343
-0.0374280110614134 -0.0305814112187217 0.00364945774680213 0.0327837470019374
-0.0424541449653157 -0.0226028320923589 0.0132638499746941 0.00808563345251519
-0.0425964660713664 -0.0280875093532621 0.0162390608533029 -0.0139171671122121
-0.0406099481377567 -0.0537526744225702 0.0327135103748667 -0.0276721173075365
-0.00508810578771598 -0.076763627547547 0.0578812050152796 -0.0181759732165966
0.0492002130105808 -0.0617940310078839 0.0578984038255658 0.0302863098357346
0.0957631749871591 -0.000113996951935271 0.0237191425363301 0.0743750653932898
0.0714786054326959 0.0840761067693862 -0.027304497406736 0.072384889683992
0.0103122439322147 0.122682360381319 -0.0288062199569795 0.0402079229903689
-0.026132702287703 0.108738220568611 0.0143343799961953 -0.0330091244264302
0.0260816428623016 0.0958671067978291 0.0515214236568999 -0.0589665884962499
0.0712133179607019 0.0488853931434534 0.00458144588123708 -0.102767800367566
0.0678794542375944 -0.0246890125295343 -0.0636089482450975 -0.0609623944606053
0.0242888241207131 -0.0641399393045102 -0.0628196191469807 0.0024059331461231
-0.0209815746546985 -0.0608158733110546 -0.0344354765417324 0.0270116023497717
-0.0406587463713446 -0.0343536132715361 -0.0147305295463983 0.0197306053323185
-0.0438411035704544 -0.0227602171964057 -0.00436237610751146 -0.0008344632746844
-0.0428689576169803 -0.0264015242474279 -0.0017983441086231 -0.0234231821023958
-0.0415439148510181 -0.0506232657668966 0.0156589020448322 -0.043074368191782
-0.00963911705848166 -0.0748449590024581 0.0498373258068371 -0.0422461831521301
0.0414288814550267 -0.0635684219061743 0.0658287240650353 0.00670627944556037
0.0911901087525243 -0.00686436375724904 0.0354192779896321 0.0587785474679154
0.0702509324065072 0.0790983992447588 -0.0202387919302564 0.0599524348110272
0.00782982765450546 0.116185498961825 -0.0220135514904932 0.0063002525749212
-0.0345437374542287 0.092748075140237 0.0302905622335174 -0.0714781837222447
0.01133395624111 0.0940839587192252 0.05825733372319 -0.0731271975299732
0.0600022463383028 0.0576911708724321 0.023208568052603 -0.105259911790709
0.0671382291791363 -0.0146453304769266 -0.0366173856611386 -0.075789357993842
0.0272100034471964 -0.0563332291107117 -0.0532929991225099 -0.0292940667744601
-0.0164140007782476 -0.0562802628903426 -0.0453348428801941 0.000874763028237806
-0.0366855744421682 -0.0325317089278661 -0.0323760583423192 0.0053439697129097
-0.0382244938933244 -0.0197075331405241 -0.0200401048423925 -0.0101189079054135
-0.0376369150185901 -0.0220296642188175 -0.0174396274302457 -0.0307822629098585
-0.0348934209617779 -0.0424157991846847 0.00174464301688729 -0.0528342261341423
-0.00764935749982011 -0.0629455953689565 0.0405813802430299 -0.0587226109983628
0.0353299554742939 -0.0533023239630873 0.0680736964755694 -0.0108373521194067
0.0755913709660583 -0.00333584841837945 0.0405849060867837 0.0445235805361545
0.0539758511255264 0.0692435293561618 -0.0162816021474628 0.0475043870554851
0.000329843631411617 0.0944605438719194 -0.0161953016516916 -0.0238185204025856
-0.033076650706662 0.0599235824547036 0.0427811864158365 -0.10089675208442
-0.00379995264961366 0.0698525219141334 0.0637838612836533 -0.0829581069332031
0.0372395176722973 0.0481196785757632 0.0367310860400906 -0.0995644608583818
0.0488611463642411 -0.0050768678620287 -0.0122670955301499 -0.0810304891918531
0.0217260891023875 -0.0376022486954459 -0.0412712348687911 -0.0518387672276554
-0.0101827412101692 -0.0410864503859513 -0.0515728802894335 -0.0209716907945233
-0.0266151915355027 -0.0238958733098425 -0.0462146309633615 -0.00758449855862727
-0.0274629594165376 -0.013697181815318 -0.0328269989925311 -0.0172526218760922
-0.0272354735534022 -0.0149348084657356 -0.0288025152364287 -0.0370906197857267
-0.0240876234532395 -0.0301301527957527 -0.00696703352711657 -0.060027243128728
-0.00350532281396969 -0.0462294620555014 0.0347666609411181 -0.0670489450936053
0.0289405175275927 -0.0376388555030279 0.0687044755100721 -0.019608890753004
0.0554481863772514 0.00456921303655268 0.0422991394436116 0.0347450158107799
0.0311074541705279 0.056106788453463 -0.0118950733369664 0.0367097470861172
-0.00996425830392884 0.0635560024194681 -0.00896093129316224 -0.0450303479722864
-0.0230883346999313 0.0158309781446375 0.0478402335301216 -0.114692220107098
-0.011650222244006 0.0302403326520333 0.0628450887079986 -0.0871491451137895
0.0102559581187646 0.0235136095343596 0.0402206326224178 -0.0923138412963528
0.0192457212885228 0.00147037999202779 -7.62236812507524E-05 -0.0810782902638826
0.00914795131009546 -0.0135315294169561 -0.0348011143779034 -0.0614175051418071
-0.00349445767822601 -0.0180391270869766 -0.0543946166347183 -0.0327655984502118
-0.0117603918350831 -0.010997931973178 -0.054123808125198 -0.0147055895704192
-0.0123941512780515 -0.00579470275304187 -0.0404452986724586 -0.021918480972247
-0.0144700846733641 -0.0066292472992456 -0.0344963659029858 -0.0411425568467127
-0.0135003184058677 -0.015046008571243 -0.00996548900319301 -0.0647942880805816
-0.00053385765347985 -0.0261522853569933 0.033579173332475 -0.0705063970060499
0.0207592962509552 -0.0213376191191122 0.0703142435104987 -0.0217877350775292
0.0332089763533724 0.0109850362524904 0.0432772991739214 0.0315569804753583
0.00860902841163566 0.0382825336506144 -0.00827600973578694 0.0293665917930367
-0.0187727024554554 0.0263717529079164 0.000503651934395131 -0.0568528052685179
0.0193256300148348 0.00713551309066746 0.00119248479417078 0.072274124807293
0.00335153042139521 -0.0112433621221345 0.0309160207133212 -0.0172481088360028
-0.00920376019858277 -0.00491687427497494 -0.038782431976871 -0.0406258233361749
-0.00293393670571697 0.00592642031300549 -0.078885612970188 0.0138997920929198
0.00317005905532772 -6.52973323649801E-05 -0.0372562491977855 0.0743574794688927
0.000436132180536574 -0.00153656287483614 0.0145914973112592 0.070618355771402
-0.000325626869674151 -0.0021006490215359 0.0343450136306331 0.0451159680101229
-0.00465903452985882 -0.00374992391387223 0.0432910309416166 0.0231125926312482
-0.00671704733376554 -0.00494193965200762 0.0493684766082407 0.0139621720803323
-0.00663465053624743 -0.00934102888398223 0.0534746368086576 0.0234521817036273
0.00199321855755696 -0.012710074389222 0.0387712023931311 0.0513202124779824
0.0125203345792702 -0.0068791057543793 0.00201398335016397 0.073986285102434
0.0160434380297524 0.000988305096255425 -0.0296594891606987 0.0827148221861382
0.0164175578790258 0.0129205466519151 -0.0608313585758084 0.0819423641136202
0.0140685229314206 0.029524641715477 -0.0469401937663844 0.107851265268704
0.0163272806849243 0.0436267652314314 -0.0029821847897958 0.0622836161322086
0.0188836817914002 0.0123977274202383 0.0323132101965989 -0.0196367563896511
0.0134374686645377 -0.000393823836856131 -0.0358933164163959 -0.0519582452826914
0.0103393680198576 -0.0072660808499761 -0.0832245514975737 0.00528320248690161
0.00445682410993912 -0.019598669258494 -0.0444087959872299 0.069103241572824
-0.00904572995350232 -0.0178608460236951 0.00770659219903978 0.0692799582610954
-0.0142149532545735 -0.0110748365467587 0.0294824976306823 0.0437592860664788
-0.0205512872445126 -0.0113332216706081 0.0378480837436035 0.0197070227026285
-0.0220564887930116 -0.0161086720070441 0.0425217031829574 0.00657839827975668
-0.0194683067759183 -0.0311979179191304 0.0516351218758396 0.00951486459691317
0.00583675824059411 -0.0407759111737046 0.0490692151397228 0.0349925762382708
0.0367178969844819 -0.0234145953411888 0.0195081437349473 0.0675492243800764
0.0506373844225148 0.0129373767526557 -0.0146502764151156 0.0847719098240253
0.034105333520496 0.0507069954520089 -0.0487297379623485 0.0814906186726642
0.00940148696992436 0.0731475456384097 -0.0402285049181874 0.0940317938104447
0.00672439167755864 0.0759241138815127 -0.00312285832961643 0.0404293372812662
0.0308916704270093 0.0418487315467883 0.0357799860657071 -0.0276343341503634
0.0389205295312921 0.010216529024562 -0.0287382741876381 -0.0683157955909399
0.028237795252767 -0.019393317191685 -0.0843442839147241 -0.0116602587241418
0.00794419280026562 -0.0391126847341889 -0.0534248404147138 0.0561796014469887
-0.0169627115954655 -0.034821157359631 -0.00372161582095558 0.0621514825608309
-0.0267768220981937 -0.0200953940593511 0.0189025437856401 0.0391608263978115
-0.0324117266329485 -0.017337867705408 0.0270949912155488 0.0148421830712327
-0.0340870788682192 -0.0225440947369057 0.0310346591171021 -0.00267667152712406
-0.0319189828183786 -0.0443246877981617 0.0432060178302215 -0.00866560311290639
0.000144663647026666 -0.0617940847952546 0.0554630316159678 0.00915132009638245
0.0471072428209534 -0.0442209036403991 0.039960373213454 0.0510364307695193
0.0778838572302454 0.00847770383792197 0.00544517370559292 0.0814311841076048
0.0553009008055757 0.0722266134596008 -0.0349748535348695 0.0773463671532976
0.0107777041095081 0.103288862070097 -0.0323348447645253 0.0700410562845735
-0.00755626432549189 0.0979550793734141 0.00247626098168376 0.00792680836890293
0.0343966711219244 0.0707713191099716 0.0415220240023588 -0.0402353066896462
0.059900737436526 0.0266484166294177 -0.0154493829972725 -0.0851628331082312
0.0488254131758257 -0.0270745278765943 -0.0783236798671727 -0.0340378123514919
0.0139308821339725 -0.0546767572203473 -0.060048853041401 0.0334805704375282
-0.0216889495612674 -0.0488425740321015 -0.018211612276079 0.0478390339918052
-0.035901262841174 -0.027548418508164 0.00400387492001933 0.0303607465744777
-0.0400446616703914 -0.0201571639834673 0.0122927893179436 0.00757252042722027
-0.0406221860585004 -0.0252087300931646 0.0143241727621078 -0.0126925035860054
-0.0401269894619398 -0.0495883943574165 0.0293811996879825 -0.0268021216373022
-0.00746226762584992 -0.0716874507954895 0.0534203820055663 -0.0191434495358975
0.0447167302964439 -0.0595112335012845 0.0557619468497531 0.0279926138752404
0.0897136522278088 -0.00263355665051332 0.0237510592981191 0.0698987711262601
0.0694754736661571 0.0773563745902862 -0.0241680214954791 0.0687602316986736
0.0126652154928428 0.115135850401415 -0.0253118191239298 0.0390275034697241
-0.0211415342811422 0.102300021461635 0.0132037242751745 -0.0306460676501467
0.0277220802889505 0.0890170249257217 0.0477509214360031 -0.0554205675525545
0.0679094720884601 0.044347177276353 0.00234811321597909 -0.0965660187344479
0.0630209602253994 -0.0244643693209218 -0.0610178373388752 -0.0561148694377443
0.0208947473630074 -0.060651070939769 -0.0597340633329635 0.00348016350782327
-0.0217763890733395 -0.0561992905401254 -0.0320640648158616 0.026059982554741
-0.0388925727763634 -0.0313937595713084 -0.0131966007994316 0.0188831315053291
-0.0413432348565252 -0.0200720368602987 -0.00390791071162335 -0.000647052989290926
-0.0410688689103838 -0.0235786069627397 -0.00264662917790855 -0.0215403891356086
-0.0404093458876699 -0.0464165059550608 0.0130793535306506 -0.0406962675846072
-0.0116549391121857 -0.0700202972128176 0.0455485169908911 -0.0420208084848657
0.0377372130412486 -0.0605757182065446 0.0627820555095779 0.00521780362928195
0.085436520172877 -0.00869883432476842 0.0345023151309384 0.0548768990405103
0.0679768552986469 0.0723922062683098 -0.0176231575669042 0.0572867353209212
0.0105039616785297 0.108938713339924 -0.0204243035190182 0.00627838654120393
-0.0298262026389921 0.0878261437873829 0.0266103021409646 -0.0672667491513671
0.0127567336647588 0.0879984534881588 0.0536597694938158 -0.0692740322276623
0.0572740583298732 0.0527435402242993 0.02015259020252 -0.0988782438982873
0.0629898255033344 -0.0155773381176394 -0.0357805736027731 -0.0708846779556572
0.0239434341827768 -0.0534818314029764 -0.0514045463426153 -0.0263168322941623
-0.017616543408587 -0.0526179041181229 -0.0428843534799703 0.00171247430510732
-0.0354985646047926 -0.0296112970963011 -0.0299163493882482 0.00565577135642634
-0.036001722841977 -0.0172966132917996 -0.0196561258583817 -0.00867604351734044
-0.0353990120231233 -0.0194194942117929 -0.0175696482502687 -0.0281034901715352
-0.0341846609759828 -0.0388736999806279 -0.000178587219078903 -0.0497445393175694
-0.00939772772031114 -0.0590382606660839 0.036128435426828 -0.0565335606707483
0.0315215991060355 -0.0508800545225046 0.0636576703219828 -0.0114672482655099
0.0701141856752442 -0.00498271380702726 0.0392315640148979 0.0414674027352134
0.0524987554304179 0.0633168365222292 -0.0138563317841892 0.0453016595075827
0.00215401445248107 0.0891559977465922 -0.0153552802728946 -0.0219198470885744
-0.0293831479128341 0.0563407418930794 0.0378029861972955 -0.0949848175896224
-0.00128578500195151 0.0653633189441593 0.0579535631103754 -0.0782963806212093
0.0353912797487118 0.0446834031712964 0.0325718776144292 -0.0936233767241458
0.045890496202695 -0.00591238038609839 -0.0132790508913353 -0.0762969207451293
0.0194286539136692 -0.0361510222245306 -0.0405116732822524 -0.0477276013088901
-0.0114518590932113 -0.0381104503007261 -0.0494179989796143 -0.0183865092666296
-0.0254863053290206 -0.0216611671517181 -0.0433917573285773 -0.00613842841213355
-0.0259031882889025 -0.0121308941927357 -0.0315155055266363 -0.0150020501515714
-0.0256586913181288 -0.0132396638606525 -0.0280929390757744 -0.0339751649036582
-0.0235809770707784 -0.0278521514350719 -0.00790910738615116 -0.0562305422543983
-0.00461035588622664 -0.0431238165281729 0.0303201910378324 -0.0644295687081421
0.0263402301654127 -0.035399557931341 0.0638291350503066 -0.020138743475577
0.0514919626784978 0.00350986090607354 0.0405370040672208 0.0325042577356206
0.0307072101951606 0.051576466523304 -0.0103012580235866 0.0352758389048232
-0.00835475673053535 0.0596109937197492 -0.00890231499614324 -0.0426897835658278
-0.0209978699699525 0.0156683600708532 0.0424353636816559 -0.108858429701917
-0.0100777069586048 0.028675551486945 0.0573761458169243 -0.0825927573758093
0.0101632588069006 0.0218785828831441 0.0362004006591544 -0.0868657439496897
0.0181566489456336 0.000599264093639276 -0.00134438034570597 -0.0762876587812009
0.00814007157582028 -0.0132161876558833 -0.0342561273315183 -0.0568255346575083
-0.00434576608907382 -0.0167725705615944 -0.0524964340717303 -0.0290962316909625
-0.0116280102583251 -0.0101546857668716 -0.050731707192514 -0.012382995851975
-0.0114388309529273 -0.00476499877958948 -0.038104552867204 -0.0200521352712307
-0.0135830875057851 -0.00551019425826435 -0.0333448378550461 -0.0377176132721328
-0.0129746227700666 -0.0140081213542166 -0.0107518195507064 -0.0605823349559741
-0.0013296657143006 -0.0243394615708172 0.0293561800733589 -0.0673030755631632
0.019066215441973 -0.0207370112952611 0.0658411577655272 -0.0220783103246991
0.0311557007177192 0.00983178714230434 0.0406629576606951 0.0291772060280893
0.00895889009756031 0.0352440139019793 -0.00741399770407899 0.0283518880592814
-0.0169204443640423 0.0250289280989568 -0.00145828422927056 -0.0536794861932345
0.0183633224130755 0.00723826799193046 0.000850382521596103 0.0689766360589763
0.00360512713630794 -0.0107939210972361 0.0308980925785965 -0.0154381609162029
-0.00875475184419642 -0.00472804807625209 -0.0357818405475848 -0.0403484872236581
-0.00290535328785695 0.00536189829914803 -0.076230463614565 0.0116229096781764
0.00316181129730532 -0.000305699334852428 -0.0365721811635246 0.0704502967037529
0.000849761541230334 -0.00154332093065507 0.013054321600403 0.067399447909931
-0.000240498066356576 -0.00215612430257609 0.0323739851105269 0.0437299111664301
-0.00488216171286493 -0.00372907148884912 0.0406925294785825 0.0230123061418799
-0.00678517640541582 -0.00486694037907478 0.0473608370200274 0.0138796693565897
-0.00624231964647287 -0.00940818528523286 0.0503590729723232 0.0234019006663851
0.00234726351170223 -0.0123146498411866 0.0358645730602194 0.0500440257190408
0.0124829399621322 -0.00639998118211653 0.000641642258995357 0.0711538750843718
0.0154873222853803 0.00152865659012391 -0.0305913066257042 0.0778067516497978
0.0151189209653167 0.012754641914854 -0.0604163591355157 0.0772822511314212
0.0126182183542575 0.0287282948160091 -0.0468803108361797 0.102236839911592
0.0150300758854616 0.0411658087807839 -0.00327030337027174 0.0602100790285421
0.0180547166278963 0.0122607210529239 0.0324822542855442 -0.0177363766291042
0.0131101873233512 -0.000174932238534934 -0.0329210163518331 -0.0505834318940681
0.0103007359413409 -0.00674691862750275 -0.0801146943090696 0.00308292537752814
0.00427174061844409 -0.0188562964720138 -0.0441704302621369 0.0649822781120054
-0.00842594645931953 -0.0172927040989848 0.00631196349766788 0.0660440565615182
-0.0138916246794676 -0.0110860966214382 0.0271900544780451 0.0422910855841164
-0.0193410053469986 -0.0108802802871215 0.0356861987796092 0.0201053444478051
-0.0212640770279821 -0.0157607357643258 0.0410210953012898 0.00731343365695663
-0.0186166224610458 -0.0299821517505417 0.0488316431647662 0.0100283110241129
0.00614075956166008 -0.0386155658968079 0.0460479269360407 0.0340105690553194
0.0355084785141275 -0.0221138158447089 0.0170146414083394 0.0650284122242201
0.0480256409195882 0.0133893224602055 -0.0156535049197151 0.0805435288550453
0.031359857837219 0.0493094273594368 -0.0483297493425486 0.0767908221567398
0.00767359017075128 0.0701717870904766 -0.0395814224997678 0.0894660450703345
0.00506037209496463 0.0725048489034824 -0.00266944983426255 0.0389350438350568
0.0285141390037279 0.0403268787346518 0.0360850619709615 -0.0249620228406899
0.0366420837690421 0.0100994247398493 -0.0260256842515358 -0.0659593634881895
0.0275114466268973 -0.017908404005776 -0.0809415922106579 -0.0132156324834085
0.00772654834669734 -0.037418059869198 -0.052506427001688 0.0523413673399522
-0.0157913101783595 -0.0333232426488204 -0.00509760098057627 0.0594655294166717
-0.0255192399897651 -0.0198610238219713 0.0172906595769043 0.0375944945007179
-0.0308638805130045 -0.0168527757021032 0.0256065697493277 0.0147048368916483
-0.0326739309677598 -0.0224523647883916 0.0294166242842538 -0.00200664137300057
-0.0303742049486714 -0.0433235577960662 0.0410964591813514 -0.00761916181976657
0.0015158586124413 -0.059485040021977 0.0523639481776857 0.00930132947204342
0.045822007783757 -0.041836442988445 0.0376893080035056 0.0503081096861737
0.0749459980877278 0.00984552716023009 0.00352651970486555 0.0779914253999763
0.0517531555635589 0.0696261275739952 -0.0352475987666512 0.0737347961785085
0.00844349884238748 0.0994918026621854 -0.0320444729564956 0.0664544172168675
-0.0086664651908366 0.0928609624323906 0.00287841294830601 0.00843881752707876
0.0315159079508252 0.0679348707205387 0.0411432044775285 -0.0365554205253475
0.0566030236822425 0.0269589074255466 -0.0127337295235023 -0.0818376450303495
0.0468294563599673 -0.0248328491245103 -0.0743968814149481 -0.0342599340702792
0.0134501811857013 -0.0523198937734603 -0.0583120054789566 0.0308914270022917
-0.0204645436768502 -0.0471795540129288 -0.0183128795371071 0.045207725331121
-0.0338602602159594 -0.0267938851997136 0.00319583650400686 0.0290701353733031
-0.037808696621614 -0.0197141644574008 0.0116503570327054 0.00743482103603636
-0.0387054520970236 -0.0247893950123869 0.0132925670188874 -0.0113530298080831
-0.0380660098951172 -0.0473676886743297 0.0278810104929952 -0.0252527317777949
-0.00662192857642032 -0.0687584749008629 0.050900940034821 -0.0177409118343716
0.0436365228294014 -0.055873669221406 0.0528714861486357 0.0283247398103656
0.085770496403348 -0.00107640653466162 0.0215678982198013 0.0680402518065849
0.0649832413510558 0.0747984055201368 -0.0249331532821302 0.0659502859874167
0.010122187532068 0.110503301423471 -0.0246567035788615 0.0370804673123306
-0.0222766351630819 0.0971368194405081 0.0134060446150343 -0.0282384168482033
0.0245034967444251 0.0855427292370242 0.0474800285041016 -0.0504599875543541
0.0637143309836918 0.0436432830445813 0.00422070192681974 -0.0922906242442323
0.0607005725980897 -0.0225522906018811 -0.0570129604720074 -0.0552030399511577
0.0208678502963654 -0.0578669973178625 -0.0573203067341303 0.00179133440171514
-0.0208269592876364 -0.0539678876345756 -0.0314826951759966 0.0248743719118476
-0.0372013631107806 -0.0301986618033018 -0.0130784778701257 0.017800410302321
-0.0388019411897417 -0.0201624208417383 -0.00396641173022487 -0.000557633965629017
-0.0390206713668291 -0.0227771242690504 -0.00277021666506592 -0.0201200267551173
-0.0380349005947767 -0.0443474830681437 0.0128299068406316 -0.0385901246306328
-0.0106952678263331 -0.0667265445484976 0.0431594233374268 -0.0404213004475142
0.0366338315913766 -0.0576576206393253 0.0593548023977208 0.00614045097274983
0.0811664287181351 -0.00671228221863629 0.0317594011995081 0.0539146815372411
0.0638249636214038 0.0702392985144466 -0.0181832264498933 0.0547803352810282
0.00799767178431803 0.104729621733481 -0.0193932140868391 0.00578167648662066
-0.0300842800171394 0.0830871381676391 0.0271228994049509 -0.0635746369211905
0.0107838375275906 0.0841123725937558 0.0533821431240623 -0.0640800636055498
0.0536939445512117 0.0517355717536319 0.0213335764688869 -0.0939109579585091
0.06029863337802 -0.0137994989987381 -0.0326758515346116 -0.0692184082821923
0.0235663193056713 -0.0507962163985962 -0.0491047679612898 -0.0262340597795963
-0.0165886040403388 -0.0501256832476561 -0.0418255538609004 0.00117318609483711
-0.0333562936205 -0.0282974434801682 -0.0287926506338805 0.0049473619271016
-0.0341002010614282 -0.0174103081394446 -0.0184251924212907 -0.00888534618337381
-0.0333577894078017 -0.0188361351341828 -0.0167245976402299 -0.0266809920265956
-0.0321691184029572 -0.0373877566058471 0.000164304436520826 -0.0476041570040154
-0.00872459587598129 -0.0563381922278213 0.0345365870110443 -0.0541539240992567
0.0307723142912366 -0.0480472997052282 0.0611098079066662 -0.0092615406368739
0.0666000555543703 -0.00323923505968723 0.0363958805477089 0.0413194553981452
0.0490337395482312 0.0613551400230766 -0.0132270736562694 0.0436498329500324
0.000950728953036515 0.0852673239867558 -0.0142920814411811 -0.0208982592217281
-0.0286821400119328 0.0535603504660061 0.0381795568086418 -0.0898281822286343
-0.00242196527140191 0.0626068907477513 0.0578072564561025 -0.0730371398978495
0.0330617019562202 0.0434924196417915 0.0333357497608754 -0.0887228790378777
0.0438764265119765 -0.00467353789799787 -0.0107451897371934 -0.0744715473036782
0.0191707249505596 -0.0342884703110566 -0.0379562401999391 -0.0464365205443926
-0.0105247463007985 -0.0363696976900769 -0.04730103741972 -0.0180914026381356
-0.0242081998208817 -0.0212979764441481 -0.041480782920307 -0.00635167374695253
-0.0244377155724034 -0.0118391746057352 -0.0296818362590657 -0.0148569193435504
-0.0240917027239424 -0.0124008611155748 -0.0266429792657712 -0.0323229392984392
-0.0224680354476227 -0.0268281002740198 -0.00663302282683754 -0.0538698308806306
-0.00452187734252034 -0.0410176125062657 0.0299013453559284 -0.0614609600137898
0.025536069618693 -0.034064306782836 0.0614436548378692 -0.017338164549314
0.0488553122053468 0.00429094817324931 0.0380055152357306 0.0327595674631979
0.0282023516370892 0.0497947697324963 -0.0097514773079501 0.0339517402984865
-0.00924775046574556 0.0570917734091372 -0.00770116213782461 -0.0405922837700278
-0.0204710001186293 0.0139743330876181 0.0422881973601779 -0.102866065563484
-0.00995774767152209 0.0270678267312172 0.0565916950348299 -0.0777953440423876
0.00909034444016466 0.0209511699285919 0.0364570504704947 -0.0824472534287017
0.0170912090878391 0.0010588761106592 0.000448624178559611 -0.0734837999381343
0.00805631421072496 -0.0120208507799991 -0.032341959825703 -0.0548771394951489
-0.00442916110369973 -0.0153384561675772 -0.0499548177613979 -0.0283331881859229
-0.0107780540715714 -0.00978396228154931 -0.049175876119282 -0.0129608208753538
-0.0106309155366138 -0.00514721410266558 -0.0364895521541739 -0.0191404855186756
-0.0121359095776339 -0.00542771350722657 -0.0313472653385389 -0.0365841278080368
-0.0121911180219493 -0.0134754296924827 -0.00973957281952532 -0.0582455153874804
-0.00135289093835155 -0.0234902070538352 0.0287288014497278 -0.064420904118082
0.0186293623371287 -0.0197570423748004 0.0627854017345921 -0.0196133598857882
0.0297648721097688 0.0100422343867484 0.0387211400577587 0.0292914630252387
0.0078103417289155 0.0336455434121328 -0.00691589908078298 0.0269570880055283
-0.016996792635368 0.0238506475259381 -0.000671181752819361 -0.0516216478174924
0.0164768371299029 0.00859788580020738 -0.0104498284556461 0.0695844567066694
0.0049946210951382 -0.00995020279379726 0.0342285491479622 -0.0100996285337615
-0.00720661068414377 -0.00603517866657424 -0.0281432367407982 -0.0458480782634547
-0.0033585490627096 0.00434267788665241 -0.076281744535032 -0.000810044786639963
0.00215570964221285 -6.42373891912608E-05 -0.0475502855605752 0.0621035680997698
0.00111411555433107 -0.00182859197795241 0.00189474217242716 0.068491692296439
0.000325784820121721 -0.00253299380436839 0.0251695865193468 0.0486271969007627
-0.00395936148675664 -0.00457151504363587 0.0359201611955567 0.0302487184621672
-0.00509435417176314 -0.00644961119490659 0.0438349081316607 0.0226513027079059
-0.00434966864857878 -0.0103753060248958 0.0451934807172445 0.0321460240782406
0.00521009302079476 -0.0111223768428168 0.0257187569579807 0.0555978865399892
0.013977651020464 -0.00378557076515536 -0.0127238669259269 0.0704371423471829
0.0158178807380156 0.00559060027620467 -0.0449181219130627 0.0694967254679319
0.0124326125591132 0.0163508867283129 -0.073837078065318 0.063699432886462
0.00823476408447854 0.031143605581727 -0.0654528583096082 0.0920405715525429
0.00837713869977426 0.0419423210133401 -0.0147611494080743 0.0582209711372019
0.0150029460094438 0.0151229515126019 0.0345987635926101 -0.0118946452062442
0.0127438978530476 0.00221205700378687 -0.0245465206105268 -0.0548451383004154
0.0115100160329547 -0.00509679956269074 -0.0786968540990391 -0.00913122031227394
0.00698851735991848 -0.0178740810184351 -0.0537712431338256 0.0572498658503494
-0.00485265622704985 -0.0182407773526033 -0.00360347086179982 0.0666284622166123
-0.0114458765720195 -0.0132784257242332 0.0208902033167298 0.0463280598135819
-0.016862910190606 -0.0144999865418401 0.0312845749988868 0.0258566152075733
-0.0174701515838853 -0.0189717614793038 0.038527229601647 0.0148514325720531
-0.0128134186340986 -0.0325630318796267 0.0455950880831198 0.018563046040482
0.0128549860878138 -0.0364518542634335 0.0381458986939601 0.041225567720411
0.0400862095459253 -0.0152044054342643 0.00445933868862822 0.0679901421077685
0.0447951810437963 0.0228551182495002 -0.0308666023929478 0.074974465398212
0.0213548797612837 0.0544818815247342 -0.061001263940473 0.0652492311204641
-0.00452995996731423 0.0711962511505327 -0.0561349872347624 0.0798358293997823
-0.0056691566055266 0.0708153784174715 -0.0126672661198881 0.0359005564806717
0.0205390726148716 0.043960964144613 0.03826690383298 -0.0179894473091258
0.0340688897443072 0.0162394674446788 -0.0165321287691515 -0.0681101000538673
0.0299118668268037 -0.0129741298621319 -0.0773884829190236 -0.0240551718535125
0.0134628226231112 -0.0348374320500683 -0.0593239114998764 0.0443215451385519
-0.00969404326474807 -0.0354352097222603 -0.0135096143652019 0.0585093244044576
-0.0213387566965863 -0.0238631250546668 0.0115389652306721 0.0405814298546631
-0.0270014185284765 -0.0222795264261494 0.0221490794026437 0.0187837739690722
-0.0274912153335035 -0.0274382443981971 0.0282640077383735 0.00409893441000144
-0.0218259589811943 -0.047033580293166 0.0404880101871487 0.000216786312593054
0.0114874883457456 -0.0571608719625058 0.0485521874296965 0.0182487523488014
0.0527896945075174 -0.0330634611682868 0.0271921800118517 0.057313935593406
0.0712082965437121 0.0232713256576568 -0.0116150764370062 0.0761616000228343
0.0377156381563387 0.0777906007400184 -0.0469336884979429 0.0638554483755644
-0.0100951351187883 0.0988664900897069 -0.043027906369733 0.0588765676365032
-0.0222397286509451 0.0884962352923949 -0.00329196768237356 0.00523305697457126
0.019309214854576 0.071428928166295 0.043625898510212 -0.0288762012855341
0.050909645899505 0.0357094982499655 -0.00276566845828534 -0.0815160888249677
0.0500926819444405 -0.0154834081308911 -0.0681542155007422 -0.0432576150600719
0.0223898183018833 -0.0480783301524871 -0.0617377698413712 0.0233728045250379
-0.0122552978334575 -0.0492543431387992 -0.0235998911751332 0.0429524144257569
-0.0282959031438481 -0.0322463660565999 -0.000441770424325872 0.0303840514178242
-0.0331467069749061 -0.0264386488621527 0.0096328614052771 0.00924949771425626
-0.0331441668315268 -0.0311380814828377 0.0144613766925471 -0.00818984454725322
-0.0290402068637001 -0.0526343817842514 0.0301339727167403 -0.0187496375024947
0.0055994662889532 -0.0679372917505389 0.0514012819873868 -0.00873657816750957
0.0530677935881233 -0.047283151512111 0.0459002180735582 0.037849046044633
0.0840987572992764 0.0141294040674561 0.00780065654506268 0.0693341450135228
0.0500802669271154 0.0844869845946505 -0.0352093098285803 0.0579870485086544
-0.0101433794149063 0.109841978215438 -0.0300780383178616 0.0306712590617809
-0.0360830022033992 0.0914514342392817 0.0129939178525816 -0.0301042666842968
0.00931915740658042 0.0874898153062068 0.0511795552884298 -0.0426720200872636
0.0545921635502258 0.0536406146924981 0.0148060817036333 -0.0890346591420624
0.063082650120007 -0.0112596434535466 -0.0492211445272134 -0.06077503537348
0.0299313828354038 -0.0520057439930024 -0.0566961465859249 -0.00437798477729119
-0.0112921025688591 -0.0556061424688693 -0.0330845331424064 0.0205597797874494
-0.0308166230937207 -0.0362187242174094 -0.0151238607155042 0.0162174281913477
-0.0340963258933035 -0.0268084988873332 -0.00401950691888942 -0.00136491658980863
-0.0335037407785951 -0.0288896742846102 0.000341651020015875 -0.0194959964069815
-0.0297061885060203 -0.0505620525689155 0.0180413719510561 -0.03475326257142
0.000844471311830039 -0.0667653058375729 0.047541698958085 -0.0320532777234357
0.0468444313333978 -0.0499810225633933 0.0567839852263594 0.0175189824253499
0.0804194303794018 0.00767873221265244 0.0211754211107913 0.0584435073528391
0.0494575849033477 0.0786665977504815 -0.0262394136246877 0.0486242544769769
-0.0111386959671969 0.103428468377773 -0.0191960798198709 0.00128940730466442
-0.0416371106027748 0.0765498372743084 0.0326389364372138 -0.0628522125957977
-0.00357264817751624 0.0837612824841182 0.0595740201861858 -0.0551993726114746
0.0435336860620862 0.0600059135401263 0.0317797843862358 -0.08848195969416
0.0615570888799016 -0.00254027076955389 -0.0229432979802222 -0.0707286346471874
0.0318993349473089 -0.0451001837565284 -0.0444732592002997 -0.030696733456288
-0.00784719446704736 -0.0509327532753334 -0.0393562761229793 -0.00393371164447437
-0.0281067060067959 -0.033986704031593 -0.028826106918742 0.00115870955367625
-0.029902871485153 -0.0229335026971447 -0.0164041055132008 -0.0119941688350631
-0.0291711771278033 -0.0235840222067499 -0.0119045413801384 -0.0286539571648278
-0.0249568513272022 -0.0417940150072757 0.007533885585773 -0.0457149477188596
0.000796274708883103 -0.0563612728740746 0.042319818734009 -0.0472360827505516
0.038817219588218 -0.042037077457683 0.0611903163951201 0.00225611355226951
0.0663084401408376 0.00872169283113042 0.0276366126665033 0.0468510237793891
0.0369280682150479 0.0679255595742121 -0.0200664733049762 0.0387389528895642
-0.0152886736497546 0.083100347970286 -0.00926639862595946 -0.0242762215958282
-0.0361766484654904 0.0476658988341281 0.049500701841301 -0.0857329383665327
-0.0125446315735218 0.0608793078722038 0.0667349020772155 -0.0639796914556291
0.0247946698978926 0.0482320605434485 0.0438828474059453 -0.0813644092924958
0.0436532360782496 0.0032102771767605 -0.000766089043933187 -0.0721348952011207
0.0247912614732404 -0.0298106643055024 -0.0308915585276073 -0.0495875242672216
-0.00481754135924695 -0.0368118813139687 -0.0429098553395818 -0.0243884919395587
-0.0203398010643915 -0.0250787508464365 -0.0397514142124721 -0.0121821168217917
-0.0211428665198416 -0.0160575602776962 -0.0269990719889179 -0.0200975055112889
-0.0209153802558627 -0.0164242121840472 -0.0211001380202835 -0.0359103644430362
-0.0174987597531774 -0.0298061220556883 0.00227011346070105 -0.0533030364782449
0.00245238548090766 -0.0409360058594216 0.0392131532045749 -0.0552478550668722
0.0310203289718916 -0.0289149065375113 0.0631631639490704 -0.00556259464275069
0.0472646630998666 0.0128589806146741 0.0312806954779869 0.0390575654815343
0.0187433487222824 0.0531481956067113 -0.0147698281261663 0.0304317257334614
-0.0197741612957206 0.0537487206683797 9.12018795588854E-05 -0.0420161645704791
-0.0217495806853573 0.0111546623332683 0.0579634587185541 -0.096285672192914
-0.0138526477086241 0.0249213079601968 0.068078227697052 -0.0676648909008469
0.00511262835005798 0.022871154122993 0.048623735770486 -0.0751877517553226
0.0167320436889291 0.0045527498746216 0.0111845205953011 -0.0716748277510174
0.010162856615301 -0.0105270812415804 -0.0229514636781178 -0.0585394278397398
-0.00161379209132127 -0.0154901664171207 -0.0444344292129117 -0.0358667596167492
-0.00939023577028405 -0.0114992165706443 -0.0461233457714521 -0.0196943725040117
-0.00933673439601283 -0.00706001037165892 -0.0322445376253263 -0.0255720603932888
-0.011052748743514 -0.00735103768600225 -0.024631256708994 -0.0405680881360938
-0.00948196937470393 -0.0154281470846134 5.73693591072377E-06 -0.058762433049444
0.00260940900950936 -0.0235320363269832 0.0390442670520533 -0.058073115827338
0.0213497104662141 -0.0166713471486395 0.0655476180382951 -0.00772888802825715
0.0272827239032931 0.0147902379617768 0.032333251166319 0.0357820371138696
0.00130584043959569 0.0340492291422524 -0.010770916872547 0.0246829467486583
-0.0220321971128098 0.0198032342285548 0.00904749361074023 -0.0510823122939656
0.0168971976646194 0.00975560829480179 -0.0106169656758248 0.0710145899130011
0.00501584818756897 -0.0101434080621662 0.0367358274735021 -0.00933267600969855
-0.00722706832795365 -0.00598261140608966 -0.0274692334289993 -0.0478881459510775
-0.00357415823011476 0.00450902945244273 -0.0787228680242495 -0.00226480887477397
0.00225217523871425 3.17293159478335E-05 -0.0493630722410458 0.0630941608583105
0.00169307730400995 -0.00170161987947133 0.00119578934932752 0.0702656401121273
8.89104648598497E-05 -0.0028126414589363 0.0254312472543542 0.0506580244565978
-0.00438344114478597 -0.00486209002495889 0.036535818609454 0.0315207045454601
-0.00551301300738121 -0.00633730835515544 0.0449109457114842 0.0241140880366883
-0.0042057837781849 -0.0107362004920771 0.0455213511704113 0.0331928073359722
0.00590387906536018 -0.0116609826099412 0.0254309863308564 0.0580498934933603
0.0144809423424975 -0.00388700545885369 -0.0143466972929757 0.0728091474818505
0.0159153770100785 0.00647806854713311 -0.0473444310793261 0.070379670995532
0.0122659410405819 0.0173493958760607 -0.0776821584777 0.0638497556049267
0.00802185525212027 0.0324313883791627 -0.0690230654210334 0.09302318978632
0.0076510204512323 0.0427002268700109 -0.015012841979561 0.0602374953325945
0.0149206933201374 0.0159255434471633 0.0369407385092157 -0.0108481668721699
0.0127529451903205 0.00260756766827192 -0.0238388245717871 -0.0571845002221283
0.0119162303467341 -0.00520040229218268 -0.080822436407852 -0.0107927041541462
0.00700356178096505 -0.0181000142454276 -0.0553499775665403 0.0576145313434892
-0.00454300076457027 -0.0190593342719473 -0.00482931118316552 0.0681079712543215
-0.0114219365050755 -0.0138410949226682 0.0202579673932336 0.0482455525909202
-0.017042670268408 -0.0153719564693421 0.0317180145965303 0.0274428769564067
-0.0179137751679449 -0.0198096216437577 0.0394198927579133 0.01608232313759
-0.0127342632232719 -0.0336850845660353 0.0457581011886155 0.0201412709239474
0.0137483092513123 -0.0373381707649299 0.0380667520431012 0.0438452820094579
0.0414785583873605 -0.014746870948892 0.00352913414131743 0.0698684306326319
0.045749163108128 0.024281878372282 -0.0329474665501649 0.0764760035163445
0.0207185107168611 0.0566115167272065 -0.0641774578866585 0.0657104177772466
-0.00603633634615442 0.0725017704686728 -0.0585478384118051 0.0809040702082394
-0.00666602008095187 0.0719232552702635 -0.0128822378777773 0.0369839559959773
0.020040787997193 0.0450796038671113 0.040594320165317 -0.0169705699864649
0.0345722401202607 0.0176798789243106 -0.0147116494553877 -0.0701190882003725
0.0310067925380695 -0.0128514802333179 -0.0791666995221597 -0.0269715788099006
0.0140645854355171 -0.0356081408827349 -0.0618668871850633 0.0445778949142764
-0.00972548566907969 -0.0362693266799555 -0.0144486627653977 0.0597330378877021
-0.0216124096192757 -0.0246456034363385 0.0114817406412316 0.0418053416078973
-0.027197122304957 -0.0230059306680935 0.022496395770996 0.0199125954697487
-0.0278078574889571 -0.0287394997008552 0.028849653684389 0.00496287877185784
-0.0222306960280624 -0.0486164166192147 0.0411471296921006 0.000575029482202503
0.0123049634662319 -0.0584275974981441 0.0485675120944534 0.0195087752096654
0.055109366696365 -0.033191613932847 0.0266282041083065 0.0595069991268823
0.0723761119599084 0.0251559155156631 -0.0130489811475292 0.0782970704329099
0.0372124694909901 0.0806363398447624 -0.0496968503361065 0.0646448505632027
-0.0118461516357019 0.101807240677593 -0.0446868481766427 0.0596862699017891
-0.0242615299844979 0.0895905342862078 -0.00255370049912141 0.00644447785803355
0.0182602478423314 0.0733097601450459 0.046891371990598 -0.0280050990893359
0.0510022198374018 0.03769715508724 -0.000880393041225529 -0.0837082917801961
0.0518081443692369 -0.0156417092867166 -0.0690400535662687 -0.0458779778865205
0.0232715674397293 -0.0489817928831582 -0.0641417721803609 0.0225126881623833
-0.0123057163149008 -0.0501737534203282 -0.024588130256567 0.0432281635301937
-0.029011855000055 -0.0337016368856164 -0.00108017888654671 0.030933791597673
-0.0333958658832464 -0.0276321975808189 0.0099081049797547 0.00963904443920953
-0.0334581320681745 -0.032087271719438 0.0150331045779204 -0.00747818086821664
-0.029455426984629 -0.0545890088694425 0.0314399835619148 -0.0189242314671263
0.00599108655616679 -0.0694450921805113 0.0520658773293288 -0.00839178783350765
0.0553644057322641 -0.0476832423776748 0.0462531528155045 0.0401995139532191
0.0856369250081902 0.0161564011522414 0.00648165479256974 0.0726912559842074
0.0493487253720305 0.0874654013207124 -0.0372955767733157 0.0589598678768274
-0.0125685140651094 0.112889316093714 -0.0315984915258061 0.031067475473681
-0.0386495837360714 0.0918880574748423 0.0141000900300435 -0.0297208598349864
0.00833679621951128 0.0892329394839762 0.0547682364346567 -0.0412732966903262
0.0548009247426633 0.0558465699394597 0.0174173731859733 -0.0907729972541203
0.0649841778641162 -0.010367828541213 -0.0485222413326812 -0.063853585240013
0.0314148853061167 -0.0531428215633659 -0.0580230933074509 -0.00537809553865832
-0.0113966412564075 -0.056695170626812 -0.0346441461525627 0.0206708643581667
-0.0314524306394463 -0.037477894459761 -0.0159447364926755 0.0164052615122359
-0.0345624917494545 -0.0279282065899236 -0.00411187535074612 -0.00158036929028789
-0.0339895150927252 -0.0304125623770172 0.000154895285141552 -0.0191592858693325
-0.0301465920862073 -0.0521130925534827 0.0186930895390462 -0.0351766127771693
0.00160128581197554 -0.0683371947471523 0.0488240715560018 -0.0323358974884742
0.0484033510925906 -0.0511375500565298 0.0573090419791385 0.0195104729182251
0.0823575770941568 0.00927433997690905 0.0206180984514353 0.0606638917494199
0.0494309945796654 0.082065694953262 -0.0278648027888463 0.0500077410078791
-0.0133019498448611 0.106316859196404 -0.0195376220069487 0.000949404449988741
-0.0439321579745576 0.0770147515862773 0.0346952144979563 -0.0632981713670619
-0.00505629669066634 0.0858444654728872 0.0628133081153147 -0.0541260938817266
0.0435652515975203 0.0626370673045552 0.0344934209940672 -0.0895775162963258
0.0631158652914357 -0.00179363208006067 -0.0223370249742715 -0.0732639025389602
0.0330801115553975 -0.0457925854978409 -0.0449186144775979 -0.0321255477516325
-0.0078898716162465 -0.0521767152134456 -0.0406159069581079 -0.00432124038879659
-0.0283642699356867 -0.0350412649409343 -0.0295228587456089 0.000876218904571431
-0.030160286550792 -0.0241906027639801 -0.0172676428417614 -0.0125135092330025
-0.0292780488871546 -0.0247937671798296 -0.0121626202694464 -0.0287894547705202
-0.024995870479324 -0.0430035609589884 0.00785914078511643 -0.0467929890943282
0.00129280596024557 -0.0578112363262665 0.043048514502371 -0.0481633696866795
0.0404472087095442 -0.0427249817077129 0.0622106961837631 0.00418762163573373
0.06757377498855 0.0101262948412996 0.0276490018219943 0.0495104229709799
0.0368499164400268 0.0701019473530199 -0.0210702911948443 0.0395039198862942
-0.0173341794822023 0.0851306759515166 -0.00927500418715208 -0.0253405614282385
-0.0376486580473067 0.0476898446066632 0.0519871202146766 -0.0864131493400419
-0.0132091745451903 0.0618267912476296 0.0694002226777862 -0.0628473560042238
0.0245730429262698 0.0498952356146993 0.046850531440235 -0.0826959746769282
0.0449737376394375 0.00395313435539541 0.00132507219493468 -0.0743963908096394
0.0254650367435932 -0.0303742648837989 -0.0308507851866823 -0.0513995187766522
-0.00468016962147093 -0.0374055636937061 -0.0440144482394399 -0.0255061479762453
-0.0212146281479948 -0.0260317329338842 -0.0411875138905145 -0.0129091234347053
-0.0211723316591488 -0.017071743000829 -0.0269237394017393 -0.0214429507634684
-0.0208737189958995 -0.0170612277816061 -0.0204209596985558 -0.0368483000405977
-0.0175865466884739 -0.0307278382957164 0.00234033689333583 -0.0549614297242931
0.00250286857533889 -0.0418581982042584 0.0404067312557402 -0.0558541917299259
0.0321640126948348 -0.0293479791128175 0.0646714074500542 -0.00436869130800673
0.0483112551659069 0.0142689646404745 0.0313087031764048 0.0414403311006331
0.0184200074983208 0.0546908433895098 -0.0152414351641196 0.0311449515198855
-0.02143263688385 0.0546078500628761 0.000708035480154536 -0.0435867403196029
-0.0225610448650302 0.010516959291083 0.0615813713423428 -0.0972912494888166
-0.0142715048613266 0.0250112037292062 0.0717627205126485 -0.0681115174552005
0.0049840957291485 0.0232716995349171 0.0513761144771322 -0.0755493920782956
0.0171840873069603 0.00443070769927281 0.0131846576968289 -0.0734633895468454
0.0108110987423396 -0.0108241468255255 -0.0232765324719234 -0.0606895250562685
-0.00204338545221819 -0.0153683324921251 -0.0452191755308684 -0.0377811597601275
-0.00941347023584708 -0.0117887752745298 -0.0471875847639215 -0.0207054567412025
-0.00908235386799572 -0.00769392716755966 -0.0327452660250186 -0.0272061784800529
-0.0109773223420027 -0.00737600461655362 -0.0245693986116293 -0.0422343850072677
-0.00949699815408262 -0.0154075115439712 0.0010677955002953 -0.0597369187226394
0.00268140938975725 -0.0241118981093608 0.0402716188554892 -0.0587916104145354
0.0221051801028699 -0.016956100583519 0.0671892474353616 -0.00633778176356116
0.0281421062175773 0.0158966438608874 0.0324759984496481 0.0382267209610518
0.000920386044743413 0.0346396261324554 -0.011624033256979 0.0249353128500227
-0.0225542784324126 0.0195082597706095 0.00920999769777199 -0.0519825105559699
0.0176616306640905 0.00887105330547834 -0.00874523656462585 0.0738520781290976
0.00523786928708644 -0.0102097972347066 0.0387577018273447 -0.0110840373827653
-0.00747689745439212 -0.0062111339271833 -0.0286355583330134 -0.0493098574644538
-0.00335849276616846 0.00432425014860338 -0.0819428579959629 -0.000620764658164658
0.00258649444978379 -0.000519524568844311 -0.0501826264290924 0.066740027384552
0.00171675691578443 -0.00181847824850257 0.00290306630789377 0.0723830626237411
-7.55025677430202E-05 -0.00312311899987998 0.0277862356649825 0.0522369117259529
-0.00482499236193926 -0.00516217617227798 0.0385509132403639 0.0320785095708257
-0.00554327909477402 -0.00632738037059768 0.0470577299226555 0.0241761146241905
-0.00502404042326434 -0.0112090106213374 0.0478118740775648 0.0338584403136586
0.0060520111547779 -0.0123943323132019 0.0273360514679323 0.0599667754496607
0.0154070142514614 -0.00460283042206235 -0.0136870068404361 0.0755240127976944
0.0164093472394183 0.00661132203466802 -0.0480021433684467 0.0735041644316913
0.0125323881785551 0.01823626980732 -0.0798766879369975 0.0666450091820019
0.00850230688422875 0.0333617512021604 -0.0695427944658325 0.0971558668835912
0.00852742913178149 0.043619044450587 -0.0134724722156523 0.0626868805216738
0.0155512508202274 0.0158927201618704 0.0390840032449127 -0.0118785932765313
0.0133668453962153 0.00208741985756513 -0.0257061938738775 -0.058559456163984
0.0120494078485039 -0.00595754761063994 -0.0837357417613087 -0.00974537157572914
0.00658389771294326 -0.0193106044146305 -0.0565134130880202 0.0607923776687564
-0.00549516237424385 -0.0194446301322127 -0.00320943541881649 0.0703512653112776
-0.0121200730864913 -0.0142936498540222 0.0222639578192062 0.0492922428020443
-0.0181371620783222 -0.0155112472346789 0.0333685638643625 0.027782458013136
-0.0193102185964809 -0.020034427891704 0.0411636621310887 0.0162071723779682
-0.0146297040967557 -0.0343278336376209 0.0480856394530755 0.0198902151298812
0.0133480731591202 -0.0391988448439073 0.039874705131389 0.0442638379183986
0.0423571368957535 -0.016787279187846 0.00427139659363594 0.0730351761875567
0.0475575985403818 0.0244721684689073 -0.0330207061015052 0.0799980561322029
0.0224414888623286 0.0584588306951664 -0.0655867150264342 0.0692483887932739
-0.00492487590211243 0.0751638754827004 -0.0586371768917435 0.0851903429010171
-0.00581176110089562 0.0740065953661192 -0.011256339996456 0.0392280198762213
0.0217810713662998 0.0463599097797431 0.0428868329088036 -0.01783460802502
0.035784360628225 0.0174147759879521 -0.016501889418871 -0.0728803976757595
0.0321312653760035 -0.0141292966959275 -0.0825216729752837 -0.0264517077442591
0.0133016914345849 -0.0373287289293325 -0.0631361130371542 0.0469611610498311
-0.0113052761402361 -0.0371413012237123 -0.0134365728103998 0.0622279651352898
-0.0228438852323946 -0.0252564298827939 0.012826585778137 0.0430073962734339
-0.0287309490404654 -0.0234694500762393 0.0236179074085942 0.0202287317369805
-0.0296295308914619 -0.02875035900385 0.0299413988697122 0.00458257884612224
-0.0250984209087809 -0.0497107786511658 0.0425903622622763 -0.000164060598841362
0.0115433274236469 -0.061111656684962 0.0504368564509082 0.0193054014187688
0.056493486812596 -0.0353187620758403 0.0288036931839588 0.0619627438564795
0.0754346140802634 0.0248771694689121 -0.0122434188826027 0.0817861846315746
0.0398959942486102 0.0829688001812897 -0.0503180153678147 0.0678345683789019
-0.00966663331820258 0.105945613545442 -0.0446511566377427 0.0623507509006997
-0.0232897325970716 0.0929788320235509 -0.00184014790031495 0.00700825870753868
0.0202196390725778 0.0753604720547939 0.0492876408139768 -0.0287438671867903
0.0535348029059183 0.0384900384847659 -0.00157687360704841 -0.0863479840645263
0.0533126260275065 -0.0171485124201417 -0.0722824381656177 -0.0467180994081103
0.0221393009513384 -0.0516146160504325 -0.0656312294877531 0.0244683635544965
-0.0141642787507653 -0.0512367518089736 -0.0247036540808933 0.0453766283443001
-0.0307188054267264 -0.0334868719866014 -0.00073895200164559 0.031385446964587
-0.0354567271901763 -0.0279127969511885 0.0103391125162627 0.0099225051053999
-0.0354780719328466 -0.0323520550118936 0.0150016630988832 -0.00799770268314933
-0.0323195208278531 -0.0555366114948917 0.0315068974838679 -0.0200384072793236
0.00444350250694925 -0.0721555237545183 0.0532252678343729 -0.0102920734549268
0.0555319961956999 -0.0508136310270061 0.0489678433396743 0.0412474334337389
0.0883500780200575 0.0152520701244092 0.00855434550928176 0.0755147473898938
0.0534659231437984 0.0895328958288732 -0.0367790140432299 0.0620150791214278
-0.0102767462604968 0.117534341118888 -0.0307827705560263 0.0325831854009705
-0.0379413779262914 0.0956897257957661 0.0144767941199339 -0.0306180719811315
0.0103363506949561 0.0919398573836963 0.0568920177946255 -0.0427633929365529
0.0579075327626023 0.0572779650209273 0.0169727813979986 -0.0943660709726667
0.0673052354801766 -0.0122210377687007 -0.051272896583148 -0.0653615091421359
0.0309087841445286 -0.0558004402398839 -0.060556646849142 -0.00441940078450388
-0.0134936168796627 -0.0574798383678079 -0.0350640006898816 0.0220300880099012
-0.0335278442351045 -0.0376682436027393 -0.0165096048776261 0.0169449032433815
-0.0358699393122507 -0.0280283024160221 -0.00448155578361749 -0.00176420899725402
-0.0354736308949431 -0.0306902230700019 -0.0002800123238407 -0.0194733476384259
-0.0329042085587511 -0.0529731541511634 0.0182802814716928 -0.0365871517233166
-0.000418865084178793 -0.0706085067799706 0.0485049316012392 -0.0346433322660909
0.048717229547328 -0.0538571704464071 0.0600638641760162 0.0193835304795152
0.0851422549705397 0.00814216782331155 0.0228065347352465 0.0637548237022616
0.0525041192498893 0.0836539062133022 -0.0274045205499024 0.0526678133097692
-0.0116537956596109 0.11101512823936 -0.0197319695610149 0.000864647304221054
-0.0439412343529248 0.0792405679736051 0.0349358961694263 -0.0647741634022585
-0.00345992928975779 0.0884921090305436 0.0648787162964198 -0.0561131492855396
0.04682146938759 0.0640046558658102 0.0345977981980984 -0.0934014358812491
0.0654291023786708 -0.00337625327870236 -0.0240425711917903 -0.0753335113447165
0.0331502716082824 -0.0486129801122368 -0.0473450342489048 -0.0327366614047669
-0.0100325262157184 -0.0529857444534405 -0.0423998288940636 -0.00332651580715796
-0.03072208036041 -0.0352165107651313 -0.0312778881118191 0.00147895972546631
-0.0315379924521403 -0.0243559431919964 -0.0184194580256617 -0.0128835463654072
-0.0304897807540708 -0.0249559189968841 -0.0135479180179944 -0.0293719086065731
-0.0277427736642604 -0.0442048298632789 0.0071888881973448 -0.0481000076773073
-0.000614488287305323 -0.0593113443499362 0.0426869130040845 -0.0508263905441321
0.0404520765850037 -0.0451611010387491 0.065100383302966 0.00302000820249635
0.0699302010928991 0.0091122516019315 0.0298282446650928 0.0516260290728029
0.0391266375716973 0.0717927574740784 -0.0205996374718377 0.0411972990402875
-0.0154857078915389 0.088763542434614 -0.00991056525538432 -0.0257131612194261
-0.0378753258832015 0.0496093290082954 0.0524797515347904 -0.090161087731432
-0.0124292386585979 0.063832042966529 0.0711747045951665 -0.0652731259544918
0.0267621068130677 0.0516821498927619 0.0474763272513765 -0.0862008835593625
0.046842649297645 0.0027747663815549 0.000434646981474644 -0.0772180079593071
0.0257149041435567 -0.0323457393052279 -0.0330667773003358 -0.0530857404119371
-0.00608573657784247 -0.0379155052591483 -0.0462361224559033 -0.0251045337457926
-0.0221263752834212 -0.0259040393590307 -0.0425200738135581 -0.0123651322286776
-0.0218269633149451 -0.0175527223066478 -0.0289055522601517 -0.0215957769217513
-0.0219004572966737 -0.0171121067436059 -0.0226873875354302 -0.0374208899253975
-0.0190977392372397 -0.0317922262207384 0.000830709819348192 -0.0570090669217526
0.0013650237765827 -0.0435027133801946 0.0397511349067251 -0.0594352373179233
0.0326322600654874 -0.0314035900630448 0.0670924303877178 -0.00582748615168941
0.0499503403367678 0.0138382645521644 0.0328786463501127 0.0432214238030298
0.0203213196174297 0.0555769628165149 -0.0147837276055294 0.0320514092493625
-0.020644723180927 0.0571986207101186 -0.000446819574519187 -0.0443669333586422
-0.02246262156999 0.0112902696106228 0.0611306943987897 -0.10156370389835
-0.013718823125359 0.0256210490125589 0.0728141261430498 -0.0706189293011514
0.00562088561555942 0.0241613244819419 0.0520307496165469 -0.0793792585161728
0.0179285352489889 0.00415910756543406 0.0124305722319707 -0.0761609584695852
0.0106955026444077 -0.0114133993847669 -0.0247593367740825 -0.062348726005278
-0.00263246554855557 -0.0155862631059134 -0.0486998679096379 -0.0373654346423292
-0.0103818554442899 -0.0116633051157678 -0.0498285987159841 -0.0206136436175381
-0.00974109472494659 -0.0081821731207494 -0.0349116387131878 -0.0274544180186344
-0.0112133832935729 -0.00753358318677055 -0.0269041679525353 -0.0427670564233235
-0.0101889598936255 -0.0157830293620402 -0.000753909944482255 -0.0617555851762597
0.00196687485707014 -0.0250873471849674 0.0401393380836735 -0.0618172700028546
0.0226443745721705 -0.0184147285192611 0.069810111923452 -0.00766203895125787
0.0294047675731758 0.0162598504400822 0.0339684546223257 0.0394373525139705
0.00179769279141632 0.0354747863789285 -0.0118380464485102 0.0260247958209586
-0.0231635278815094 0.0210359222826808 0.00784181082035951 -0.053502005631748
0.0178365789363351 0.00802414358222426 -0.00439013854783514 0.0744871892446542
0.00455897553814811 -0.0104714884550952 0.038970919339299 -0.0130745698676358
-0.00784144919751362 -0.00613358562034334 -0.0309793894132347 -0.0484969899717332
-0.00340212247695151 0.0047355937301431 -0.0828214784326619 0.00337520406123393
0.00191189703772613 -0.000902412141556973 -0.0480872166801913 0.0697783441145673
0.00194100719635528 -0.00212073338065034 0.00680282676185415 0.072738588105308
-1.1105157926241E-05 -0.00285726962023818 0.0310171739481879 0.0511976535600859
-0.00501795340409103 -0.00519113402683639 0.0409249769759938 0.0306333135055139
-0.00637484931304762 -0.0064185418900385 0.048823943224285 0.0216579243449138
-0.00544079241402927 -0.0108566908436 0.0503203000259621 0.0315176467833874
0.00515348688985278 -0.0129678196064279 0.0306968748530539 0.0592629214860486
0.0148640763040823 -0.00565640926212047 -0.0101503804460556 0.077745875216231
0.0166920618638339 0.0060712763818112 -0.0455831254416467 0.075792377118432
0.0134957570922023 0.018385270930537 -0.077979178446689 0.0706629105729638
0.0099378259217579 0.0330780094115016 -0.0649732564052141 0.101396523914564
0.0106760128492706 0.0433228689225017 -0.00902197247686657 0.0640314335155953
0.0162583815418232 0.0151450240251149 0.040274228732421 -0.0141968233139753
0.013665737969287 0.0021170578681084 -0.0276652102364106 -0.0586284919794586
0.0116082549092638 -0.00642750146536771 -0.0852121557913816 -0.00600712315001367
0.00505745880733018 -0.019694109928182 -0.054208138104257 0.0637691899056675
-0.00644885326485844 -0.0192065155284665 0.000486733484071846 0.071058518760277
-0.0128456436295546 -0.0138198888135771 0.0246934545414645 0.0491667930451112
-0.0190244202968519 -0.0146410829830548 0.0359477724947128 0.026692330816697
-0.0204256141721148 -0.0195049623876169 0.0425491513789553 0.0143495936836685
-0.0166225821098623 -0.033812573878239 0.0489126941603977 0.0178183517573065
0.0116926214196629 -0.0403574102545666 0.042357044212405 0.0428818939449993
0.0420173489276888 -0.0188523762998173 0.00798934448180736 0.0739955820349612
0.0490644823949863 0.0235972396643209 -0.0298466080173292 0.0819373465959269
0.0252414571745484 0.0583831073559689 -0.0635422390000083 0.0725578992699433
-0.00122320412146674 0.0766071861322537 -0.054353538741581 0.0880048336250804
-0.00272049067839491 0.0743281631737561 -0.0084033823157135 0.0408406177959875
0.0238433256890806 0.045769228527748 0.0439396620968419 -0.0195596009078411
0.0370016740953509 0.016181879559834 -0.0193741390398888 -0.0730944010373335
0.0314719452876765 -0.0158095781293176 -0.0846572396869659 -0.0227037393106743
0.0108412515555693 -0.0385764763239275 -0.0613384743583341 0.0504715759475691
-0.0132234078026286 -0.0362038886285098 -0.0100866692497008 0.0629654451478622
-0.0247369833495101 -0.0238763418587012 0.0149335175820655 0.0424576357610661
-0.0301732211950957 -0.0223864705185602 0.0250154348096716 0.0198331390701353
-0.0312006913165602 -0.027906423836422 0.0303703085275246 0.00392507940895196
-0.0283951850856337 -0.0486661770912536 0.0428043205808653 -0.00165487318932778
0.00827514272482881 -0.062045780461673 0.0509769679834393 0.0169717774158933
0.0548173430697324 -0.038795868628584 0.0323582994903369 0.0614992203505678
0.0773357604826726 0.0218944100245324 -0.00813788908693045 0.0831216504002709
0.0440161132053996 0.0822616555868202 -0.0474893533976817 0.070915703749069
-0.00457800289388738 0.107628608595717 -0.0412404444853477 0.0648302498079126
-0.0193491672013323 0.093719252807531 -0.000579767282506036 0.00786796047625996
0.0239506388012685 0.0745480194021493 0.0500701833144917 -0.0304477897909257
0.0557162675934246 0.0359926995142198 -0.00545356431804814 -0.0873537326517791
0.052884707965527 -0.0202312557524202 -0.0748725471083777 -0.0438907187642275
0.0192963386878535 -0.0529673462593848 -0.0647686628110155 0.0279708458646025
-0.0173854099157995 -0.0504609795861108 -0.022223171791325 0.047596959313489
-0.0326894617413726 -0.0322212552312887 0.000687345639877822 0.0315753605561867
-0.0364063929883164 -0.0264031242003854 0.010482854505985 0.00972974447135069
-0.0373066862007761 -0.0307056317462219 0.0148280016830988 -0.00814508314510169
-0.0359258261002786 -0.0540675804164319 0.0301984013203138 -0.0217864512673251
0.000688179707194141 -0.0731193748931183 0.0515852223738521 -0.0128019504571291
0.0536771479658418 -0.0543804954816837 0.0513453040838206 0.0397634532397218
0.0901463209509294 0.0117981967589586 0.0125421411523419 0.0759663137854092
0.057799638242933 0.0876537851423619 -0.0339909354444083 0.0640386396958152
-0.00410660336456469 0.119289855439307 -0.0289903282334487 0.034084595837027
-0.0337880284224199 0.0971331293797292 0.0141479676532317 -0.0308938576709107
0.0148546344371795 0.0920178577267016 0.0567107383857315 -0.0444385990262383
0.0611112330698813 0.0557493030929197 0.0126763018001085 -0.0958511522917223
0.0667296963909324 -0.0164504060952965 -0.0546534016866226 -0.0636858795777616
0.027713405285287 -0.0583097595963949 -0.0611216352088038 -0.00179440344130808
-0.0168228763663446 -0.0570157160610911 -0.0343949588362845 0.0242847758474523
-0.0360183890612013 -0.0360172095780542 -0.0155621013160716 0.0178417972378995
-0.0373647680977076 -0.0269082320589359 -0.00491823076575251 -0.00121933613820785
-0.0375100640345524 -0.0290990544189428 -0.00098206057940766 -0.0189549707914294
-0.0365657707897282 -0.0511211570608889 0.0168220207903651 -0.0372105705817827
-0.00478906990178038 -0.0712592076410854 0.045831910391434 -0.0373090134337719
0.0460003838201674 -0.0568422975547486 0.0620574529653684 0.0171900392426845
0.0862845697538351 0.0049032355567749 0.0264237844886595 0.0637374215141799
0.0570034972952022 0.0817248163485495 -0.0249848030159161 0.053590202453663
-0.00529184672674028 0.112549016349488 -0.0194151492447658 0.00157082564603601
-0.0403515573025151 0.0818958572156742 0.0323561421434394 -0.0664635401122423
0.000980807113205577 0.0888172121210917 0.0630732163521927 -0.0585085971393536
0.0498469883454191 0.0631573111300629 0.0308837576785555 -0.0955098562964972
0.0657444515103333 -0.00674536082103609 -0.0272138656710497 -0.075615826076443
0.0305825121402856 -0.0507351563134934 -0.0496261516004256 -0.030893920280379
-0.0132376126688037 -0.0525349090821203 -0.0434251676484313 -0.000769411924757286
-0.0326526186493717 -0.0332747149444807 -0.0314499616513542 0.00303547503185354
-0.032738231729737 -0.0232050347911521 -0.0192101139420515 -0.0114625105874265
-0.0316129883880179 -0.0236808415626714 -0.0154420176536019 -0.0282342238095287
-0.0304812199723022 -0.0431041135515671 0.00459677993653785 -0.0492977877115454
-0.00373987047399873 -0.059882204069348 0.0397138092274007 -0.05335218161615
0.0385197441956516 -0.0475588042619526 0.0654408471184299 0.000547759463670603
0.0710754884353282 0.00665202757023944 0.0331700842385951 0.0512566672173131
0.043133399658983 0.0701864617403925 -0.0182857716975414 0.0423325212377203
-0.0107859020537754 0.090487768643743 -0.0117068476723614 -0.0259909698362854
-0.0358194177264966 0.0513598601580684 0.0490492815900946 -0.092517237019978
-0.00955637340813059 0.0644256072718749 0.0695590649650126 -0.0686295595541965
0.0298073786669452 0.0510438948818761 0.0441726793656516 -0.0885634957596721
0.0470888203630586 0.000541026720224021 -0.00264682113132577 -0.0786710692772997
0.0241311873374023 -0.0341758479247951 -0.0355802701352749 -0.0518003060071381
-0.00840657655408506 -0.0375738907164049 -0.0484493004773862 -0.0225347815870823
-0.0238374523846998 -0.0246962111410605 -0.0440420764784902 -0.00986250816712836
-0.0229284461516435 -0.0170272792442181 -0.0305589338330109 -0.0202949585143829
-0.0223857859861584 -0.01636974267636 -0.0242861595087903 -0.0357658600692103
-0.0213662634717005 -0.0305978645102148 -0.00201304967474894 -0.0572242575326358
-0.000895500313707308 -0.0439341053322644 0.0365025160686389 -0.0616533668628981
0.030667862591673 -0.0333931809411738 0.0675667664186933 -0.00836375204205646
0.0511930243800681 0.0119725707631323 0.0360984977040814 0.042429463873447
0.0231465103219647 0.0553225901740157 -0.0134421919981303 0.0323957289629097
-0.0180557494318184 0.0587973421663602 -0.00277322567220995 -0.0451732683473221
-0.0222029069824699 0.01175928002523 0.0573412196180473 -0.104733555252924
-0.012358163349973 0.0258201589916394 0.0703329587496451 -0.0738132981595598
0.00720982100960002 0.0240570498840348 0.0486518136580827 -0.0818838142041705
0.01868839384534 0.00316435340991489 0.00934350813913914 -0.07822059343846
0.010442320809573 -0.0123255939524467 -0.0276419853521839 -0.0620811683080009
-0.00336854286682135 -0.0146852348195514 -0.0510406120575219 -0.0349911583345284
-0.0107994823187142 -0.0111983017660481 -0.0514236587719777 -0.0179843817278641
-0.00989106660062644 -0.00784839201763132 -0.037579418627181 -0.0259522508562087
-0.0107144912623578 -0.00698022654765117 -0.0291710741320343 -0.0415565801734662
-0.011358229401758 -0.0150951520498322 -0.0043840015350783 -0.0622931910010966
0.000593200870138749 -0.025563812676478 0.0367155274082268 -0.0643234998014801
0.021656353818426 -0.0190535473981762 0.0699581981341166 -0.0109899677301401
0.0305363561449489 0.0147577907921084 0.0367880117460372 0.0389485468050445
0.00341939314742343 0.0354517440538132 -0.0109587876118436 0.0267201823138227
-0.0222390689376291 0.0218009006138212 0.00526255586020554 -0.054543133843531
0.0174100057505913 0.00677585527175813 0.000132673857763002 0.0720960373314454
0.00373147720607516 -0.0105698037080214 0.0383396365675074 -0.0151551224885703
-0.00791205902788076 -0.00576923319175273 -0.031581403541617 -0.0463119188290687
-0.00302901524177942 0.00431470675352855 -0.0807118162313566 0.00664649314479426
0.00155479391791535 -0.000396922404958317 -0.0433013723894201 0.0702807385052043
0.00195341758786793 -0.00233571482336621 0.00998574331535915 0.0697595870416513
-0.000140812428311904 -0.00311851974548347 0.0326581040982133 0.0482314094702604
-0.00562362633943217 -0.00475057113271919 0.0420507120934659 0.0276961724130077
-0.00667208649621446 -0.00606020754364559 0.0488758110917157 0.0188046858891801
-0.00607907841055263 -0.010434404972067 0.0501457616030498 0.0287507142387356
0.0047621188430073 -0.0130947185498708 0.032562328464104 0.0569874787217675
0.0144064773839652 -0.00597307515487083 -0.00671980887096918 0.0760692520608005
0.0163372143381771 0.00542405006735573 -0.0416389730527503 0.0751844847920974
0.0138005006280415 0.0176831186770138 -0.0734914571113429 0.0720315102360895
0.0109118573057897 0.0323105147353437 -0.0592064006515405 0.0999945364358574
0.0118279225189449 0.0412577642116115 -0.00492572223568551 0.0624902865644075
0.0162104874086414 0.0141957428991104 0.0399655503121843 -0.0157437196762103
0.0132346364380689 0.00123130665563663 -0.0290967493959423 -0.0560858158188089
0.0111246352784629 -0.00671337163010549 -0.0836020584357415 -0.00267288199620912
0.00385918323744412 -0.0196346379177092 -0.0503126574888971 0.0645369856418553
-0.00730837934663201 -0.0185986493654345 0.00356979460629469 0.0686492732597753
-0.0133409621256228 -0.0123868737819143 0.0268603705152272 0.0464226912829628
-0.0196187015023345 -0.0138294550681188 0.0365042511661728 0.0249398057752258
-0.0214107140169444 -0.0176666763783842 0.0422608371419245 0.0124130099932303
-0.0180671988363158 -0.03201700860393 0.048276562628089 0.015315957359028
0.00955555520061923 -0.0397321054193098 0.0427419976053964 0.0402658125606141
0.0400202294929869 -0.0205539827801849 0.0109587670615488 0.0718470744341257
0.0489300334871197 0.0211407820189374 -0.0262225573717852 0.080847309549927
0.0269020903060084 0.0557724685632024 -0.0592432315152245 0.0728667463576116
0.00206854656379068 0.0746628051726868 -0.0487661992906793 0.0873203363072341
0.000238458667654428 0.0718497789026745 -0.00557220935936973 0.0399963602858607
0.0250514721604267 0.0428909103822201 0.0432659427402255 -0.0210284379636002
0.0362798167935335 0.0142952948690047 -0.0214122497023942 -0.0708407437558523
0.0300860957553283 -0.016840969607355 -0.082718482485461 -0.0193033072638842
0.00850485305435842 -0.0380869411053184 -0.0576432168753928 0.0514796389260067
-0.0149581587517072 -0.0344796872368916 -0.00689247347143054 0.0619143537890402
-0.0247503000288479 -0.0221864419835238 0.0164281243949704 0.0404635448826652
-0.0308519261269273 -0.0205152543530465 0.0255472308743327 0.0187823412045961
-0.0322183527585652 -0.025717786982621 0.0301396819548425 0.00257835654263848
-0.0300748864280028 -0.0458628194593411 0.0414466919726082 -0.00348256944979293
0.00464859552182778 -0.0610323397608107 0.0498789239217535 0.0144707342505002
0.0512127429942301 -0.0403438652143177 0.0334072262842205 0.0587749621780661
0.0757699858820945 0.0189047554538581 -0.00458991384781704 0.0816610948991218
0.0460511483692315 0.0781564827719953 -0.043530320002952 0.0709354136498264
0.000157227437145537 0.104589228566809 -0.0371105678888757 0.0641420180259878
-0.0154582274053911 0.0917967239529034 0.00075233911983602 0.00818020480496371
0.0260464294985645 0.0712162125183032 0.0486744759649008 -0.031518563729873
0.0559332372036133 0.0331583606650363 -0.00899807712107128 -0.0848446474806528
0.0502267367826739 -0.0220859418616898 -0.0743911014680454 -0.0402525968301471
0.01598749032189 -0.0525588371347575 -0.0618476655384395 0.0297997647284221
-0.0195154850673585 -0.0479190946340737 -0.0196256446336094 0.0470467272437528
-0.0329553874084472 -0.0296710561896167 0.00186618498297374 0.0307310114623893
-0.0369939079209843 -0.0241821358293077 0.0111570048956254 0.00934496154529265
-0.0380096141677489 -0.0286335958565882 0.0146576917604448 -0.00787051492543683
-0.0379884839913152 -0.0507475985693236 0.028619654318474 -0.02216227348182
-0.00324632346036314 -0.0709619984122655 0.0490041526575601 -0.0144467611810804
0.0492249163690851 -0.0551861929436525 0.0514689905885514 0.0369045292246563
0.0886778457202583 0.00781468653379002 0.0156269986290727 0.0739571083236953
0.0602525017626449 0.082791207138917 -0.0304600610278708 0.0634372487242224
0.00170610097701747 0.11652500057945 -0.0264876369415581 0.0336206607560611
-0.0292613223821851 0.0955472395595817 0.0129330413988919 -0.0301285373758515
0.0183075310777246 0.0883676129870383 0.0543792647132059 -0.0447214343090617
0.0620043419031365 0.0516848486481331 0.00869777262214482 -0.0936518640157129
0.0643716816783896 -0.0190260678271933 -0.0555264876925867 -0.0606515779867776
0.0239520733485213 -0.0580740873658552 -0.0592941724700869 0.000490394546923448
-0.0194509530684462 -0.054056978321811 -0.032215932474384 0.025560732642381
-0.0360325618420722 -0.0327776087019977 -0.0145766137827391 0.0180922716433566
-0.0377565931566423 -0.0246181665964958 -0.00461402810068983 -0.00025056052142283
-0.0373776457189082 -0.0266839216144618 -0.00185441335784756 -0.017938492404292
-0.0383452809072321 -0.0482552851529727 0.0141928030708376 -0.0371206185057759
-0.00827787341072209 -0.0690203387599069 0.0424230629251527 -0.0378162519659989
0.0418895707610474 -0.0572880097717137 0.0605257502258781 0.0146185066284984
0.0845465910973115 0.00128616494181946 0.0286875027547159 0.0613045148003087
0.0594194365278269 0.0774274595788784 -0.0217397052453496 0.05240245500733
-0.000361187754362139 0.110008388732704 -0.0183326736619857 0.00144333975756904
-0.0360876435741614 0.0810683561923132 0.0298185802311979 -0.0652526913716182
0.00424703363050746 0.0858200359693386 0.0604051209376537 -0.0586869722498739
0.0519330699254289 0.0592926204595455 0.0262569329840056 -0.0935111671166949
0.0632891657261128 -0.00957887690444755 -0.0291518508494651 -0.073369795610665
0.026827078904855 -0.0508892459692677 -0.0491955397357666 -0.0281480624461275
-0.0153781637397338 -0.050056345039794 -0.0419717916531455 0.000881434481973505
-0.033350403327017 -0.0304355478560739 -0.0308519812816656 0.00426780088121179
-0.0331345505863964 -0.0215060884454178 -0.019402082999212 -0.0102911403115552
-0.0313197705243365 -0.021530164404945 -0.0159637079112181 -0.0264940749291841
-0.0320634452389117 -0.0397970195831409 0.00210852576505953 -0.0477819063503341
-0.00708503687769167 -0.0581462908082914 0.0355250291952258 -0.0534003518508418
0.034659453652482 -0.0477151955057651 0.0638471466472547 -0.00202343075697715
0.0692056005874951 0.00339727275107176 0.0353854416125769 0.0484609901776425
0.0447214643826168 0.0665460636650913 -0.015742809233491 0.0415937163583973
-0.00645838839546885 0.0884181322662439 -0.0118592738195835 -0.0251651978624201
-0.0330863770684245 0.0508298531903452 0.0445316047136401 -0.0910850215871035
-0.00655778955635093 0.0624747268470818 0.0657310258397746 -0.0688514376605278
0.0310114875699547 0.0487234660635116 0.0395611009583604 -0.0876876307251463
0.0462929718816802 -0.00193253012992509 -0.00524094603924418 -0.0761285600550659
0.0211492787694029 -0.0343118241929811 -0.0364740005819026 -0.0492656998367177
-0.0102650587686322 -0.0355102267431563 -0.0476207784445213 -0.0198382758933872
-0.0247540381807351 -0.0226206057067435 -0.0436098732679635 -0.00745269804700008
-0.0230887392036741 -0.0154996870313851 -0.0311382911115193 -0.0182050604947705
-0.0221669561380202 -0.0148838688031065 -0.02558408146236 -0.0332819918382176
-0.0219408559808996 -0.0281970725898442 -0.00487314823233551 -0.0552636546509842
-0.00344529289751922 -0.0423952219709973 0.0318666968957571 -0.0608443619937256
0.0284606948598405 -0.0335594566345925 0.0657852118587599 -0.0109188180374623
0.0504627503741897 0.00950238719870646 0.0369392014381885 0.0402345538785784
0.0245099617925423 0.0526624611651665 -0.0116009183894517 0.0325740639565689
-0.0149159388574005 0.0577678163295668 -0.00514420251212865 -0.0439987420344798
-0.0212770485004579 0.0117584251917665 0.0517222029431374 -0.103523198736641
-0.0107669669609003 0.0256069145459263 0.0653052639340647 -0.0741468016376462
0.00789820699652756 0.023196139567864 0.0437637803171467 -0.0814648745924831
0.0176316780947459 0.00192843579941179 0.00658366909548421 -0.0765873136021856
0.00911344700221537 -0.0125291534463617 -0.0298376704842571 -0.0592408708861768
-0.00381142591845111 -0.0138661825128075 -0.0515709376094596 -0.0310275118551417
-0.0111556048276643 -0.0102078375464559 -0.0512236527226866 -0.0146200837619483
-0.00971406447364556 -0.00729747735508294 -0.0381592494101756 -0.0234870706612512
-0.0107552314988385 -0.00646853375083073 -0.030181647900554 -0.0387216714749185
-0.0113012834963343 -0.0142812697615331 -0.00711607242283741 -0.0602779664327993
-0.000770760562559361 -0.0246766537402055 0.0323862956018928 -0.0637378111054146
0.020100324668958 -0.019489500765688 0.0675068215778656 -0.0133759293835029
0.0307354575636794 0.0131862933826447 0.037270807325688 0.036719862108515
0.00503220148845191 0.0342349744658403 -0.00944165647734999 0.0259379583177118
-0.0208103914938754 0.022673408688347 0.00223050099913412 -0.0529044610735476
0.0150052269425413 0.00876038033890567 -0.00711929547415699 0.0681133747378469
0.00460810100196243 -0.00928455521253856 0.0391016636817157 -0.0102966830922851
-0.00657625847282383 -0.00653541603383668 -0.0236156896397927 -0.0485658185527465
-0.0037826588243279 0.0033311626257905 -0.0755971168116285 -0.00339918364664644
0.00137763437044893 -0.0005137582613442 -0.0491740136439025 0.0603357472758735
0.00153928682610037 -0.00300362939642331 0.00130421139077808 0.0666128592522107
0.000443225210268571 -0.00339215010106631 0.0256324264823058 0.0494933502054903
-0.00479972431079111 -0.00571055385411573 0.0365000433481741 0.0320926480110897
-0.00564168279784595 -0.00664297441042485 0.04489239686594 0.0247044749819257
-0.00452966247118424 -0.0108639631329425 0.044827650009613 0.0340323923167907
0.00630900457844332 -0.0124776102862209 0.0239818496346638 0.0593769673941714
0.0151145606567189 -0.00459538700819276 -0.0166808766941366 0.0733761362011652
0.0166148897586056 0.00711008149241836 -0.0512015380090234 0.0667440488781748
0.0116080248645026 0.0188918252117422 -0.0811517494073351 0.0596622133872568
0.00741708404563742 0.0319925179727307 -0.0711224952809082 0.0892586201605882
0.00507522869440873 0.0395676729302631 -0.0131800519908245 0.0594127581014018
0.0129808545715412 0.0155009138663613 0.0400451406256862 -0.00942668194004538
0.0122430499922902 0.00320434360518267 -0.0194642997278159 -0.0558344888632208
0.0113643254606506 -0.00513144970563964 -0.0764376346964522 -0.0119048488932358
0.00604536329647516 -0.0179561975728679 -0.0537585572175648 0.0551175557686475
-0.00498094362814112 -0.0190591472422871 -0.0035462007064966 0.0641040175493361
-0.0112539004932998 -0.0140767922805411 0.0201829013391944 0.0470702260973672
-0.0171309897183061 -0.0155386027441485 0.031507279960293 0.0280916230731675
-0.0180619026778089 -0.0200428279750457 0.0396239838578238 0.0175053420894493
-0.013334019491947 -0.0330431086766895 0.0446616963784962 0.0220876561060493
0.0141876364792985 -0.0374885626222859 0.0349446002375266 0.0459710932518531
0.041449164069711 -0.0157129337672553 0.000549062148876539 0.0721480526118525
0.0455709224279997 0.0257516342362497 -0.0371357837798225 0.0731334794123249
0.0192323835003553 0.0573724197218772 -0.067665140456692 0.0604579704968412
-0.00614396810789485 0.0724311949202308 -0.0603554403439837 0.0762947781417007
-0.00936835380017328 0.0665142074472752 -0.0136137579254399 0.0384642289044535
0.0169971387240246 0.0432987646667583 0.0435091167966183 -0.0127007732229337
0.0318955833836227 0.0184801229191735 -0.0111598551390638 -0.0665984874667376
0.0303634369108233 -0.0114326954208899 -0.0739362243147425 -0.0266754588680042
0.0133464233617878 -0.0344078977802536 -0.0583788512209493 0.042152216513225
-0.00962925048259619 -0.034766154455727 -0.0125144106443127 0.0562892704809495
-0.020953648162937 -0.02416059344955 0.0108783676726822 0.0404969932092221
-0.0268323294703441 -0.0237805787358499 0.0219019750908042 0.0207406867129932
-0.0276956299533509 -0.0287564088844367 0.0288668336851515 0.00706499441071096
-0.0234829094737154 -0.0477893806176992 0.0402345148577523 0.00358194520894871
0.0119069113204478 -0.0583369746293456 0.0447458340068399 0.0221183898287374
0.0541860008342191 -0.033524667889184 0.0235932939433473 0.0626932704596614
0.0719954173114746 0.026890099034254 -0.0173339085901858 0.0765267903091772
0.035013312857926 0.0808580244233932 -0.0535366226761772 0.0592669764348441
-0.0117271255051353 0.101141202537701 -0.0463156316452467 0.0536829955143278
-0.0265198044300101 0.0824913790468424 -0.0054614784842354 0.00891276816403666
0.0139273709535815 0.069035558763078 0.0479811310658232 -0.0201255942076745
0.0474917012449969 0.0388041861943875 0.00216780705295952 -0.0771359844969807
0.0503373195968734 -0.0131828476697875 -0.0631477943050144 -0.0444198880270275
0.0225013874103718 -0.0473661507094199 -0.059323147096299 0.0212131049779262
-0.0118771327899146 -0.0475833029955217 -0.0221671000507745 0.0411372036598375
-0.0277645039091588 -0.0326144228238493 -0.00136762977748675 0.0298183005444088
-0.0323973963935558 -0.0281423708662284 0.00894142844083595 0.0103244238935931
-0.0326469865089313 -0.0320150371993946 0.0150280653001489 -0.00493761818904351
-0.0301905350110912 -0.052890090334599 0.0299215381031226 -0.0154244525385792
0.00483235706269816 -0.0687869719725265 0.0472160606061343 -0.00490739186320307
0.0540049395786274 -0.0477038822318014 0.0445687491767542 0.044147195616332
0.0846691511234596 0.017255025495935 0.00325150969251732 0.0725973059216349
0.0477596975222426 0.0873933278059047 -0.0404473281719777 0.0538057705860192
-0.0120084007967816 0.112948734031421 -0.0325615561031141 0.0238617813896162
-0.0399868102863784 0.0844834867650131 0.00981193218671927 -0.0250346797558264
0.00481742818999812 0.0844486430391577 0.0543588649378746 -0.0321268770389322
0.0509181265604947 0.0567994071025735 0.0186119256262544 -0.0821997944812483
0.0630885395171974 -0.00827124651920127 -0.0427775224132671 -0.0604887379293793
0.0308119528323378 -0.0511720494598597 -0.0535213101369066 -0.00521197059054939
-0.0109583621595058 -0.0533713511189267 -0.0313448740991605 0.0189326909107113
-0.0302871235387237 -0.0359754635602951 -0.0153977723612779 0.0158965120665116
-0.0331527744382885 -0.0291131671187108 -0.00481534499442587 -0.000698378089463123
-0.0324770995016215 -0.0301033164563474 0.000790890213519863 -0.0162662219536391
-0.0311933345361353 -0.050193447647797 0.0184015505818031 -0.0319384331174113
8.58865684285161E-06 -0.0669477645439251 0.0443301534747473 -0.0282426363536139
0.0465304643245374 -0.0503867612188473 0.056475191104612 0.0237812186422567
0.0812511806839504 0.0104373678987321 0.0176611900172453 0.0621980438192399
0.0481698962270377 0.081253113049734 -0.0304594383957589 0.0445847430857655
-0.0127578522556664 0.106022017229361 -0.0205788490677975 -0.00547710250929443
-0.0444169937176237 0.0703066547338644 0.0299147910922479 -0.0573004368999092
-0.0077410371323245 0.0802209129722051 0.0609290118593712 -0.0452466707968183
0.0403335852838444 0.0626060773788278 0.03418221949067 -0.0802405143106152
0.0609697443552367 3.89255221679446E-05 -0.0175414899600597 -0.0685772635526852
0.0327323740575366 -0.0440583763841013 -0.0407559814185521 -0.0307212725725847
-0.00743102971635714 -0.0485296635607061 -0.0377547507206069 -0.00508241006902419
-0.0277486912501679 -0.0331584925217775 -0.0293212732757151 0.000820868723465827
-0.028922111457087 -0.0252260089617122 -0.0180840564769672 -0.0119793309094899
-0.0273747200438783 -0.0250324987064746 -0.0115640669187922 -0.0263046871443072
-0.0259983662344088 -0.0420214822776523 0.00776597679244041 -0.0440441478848519
-0.000256648941104796 -0.0565301491828426 0.0393245050138419 -0.0445735850728093
0.0384343460526646 -0.0420693719190883 0.0614239626434047 0.00751602134599472
0.0667034149032505 0.0107868443671394 0.0255595437150757 0.0509861504398503
0.0352473040473907 0.0688836054030516 -0.0227261138442776 0.0351090999558646
-0.0161848588991689 0.0847254728577888 -0.0106359672526219 -0.0300758226963408
-0.0371501622895457 0.0430408897538276 0.0483422860548132 -0.0805590267833596
-0.0145235147890687 0.0570208605969076 0.0672986060813002 -0.0553651230920853
0.0225322653098634 0.0499515700736124 0.0457426353419897 -0.0744463713279658
0.0434326790873881 0.00484339174191302 0.00472527669152342 -0.070178898144232
0.0251884078803526 -0.0290184668127516 -0.0265824993882222 -0.0497719411162337
-0.00407809794728057 -0.034165005213367 -0.0414605737802235 -0.0249715682366669
-0.0203854476245115 -0.0239344287612658 -0.0404160972731669 -0.0121947901151507
-0.0203130343588595 -0.0180195088755661 -0.0281724147454621 -0.0212108275977955
-0.018565640783948 -0.0165862115588829 -0.020276849875561 -0.0347873112753897
-0.0177665360553582 -0.0296710982150859 0.00185763551337934 -0.0518422789379399
0.00161869725592875 -0.0409223200917324 0.0379019554018862 -0.0533548660730136
0.0305765384891902 -0.028432963706647 0.0642206169546442 -0.00182130213046235
0.0477607906225708 0.0141630359442659 0.0295139163915296 0.0432331230649993
0.0177031466575713 0.0530337709089046 -0.0169464253855742 0.0269036459977623
-0.0213868027078177 0.0543187673629229 -0.000409108039315421 -0.0461039257252737
-0.0212892933080766 0.00847624064882509 0.0587927238810552 -0.0916259086194731
-0.0133799796448222 0.0216853243918208 0.0693433646404738 -0.0616518888795979
0.00468773709133581 0.0229697703402933 0.0508990978058622 -0.0696490463851873
0.0164729284491089 0.00467975338830447 0.0157313490684101 -0.0695080481834932
0.010404443822681 -0.0106928800471305 -0.0199402248884789 -0.0589241354865156
-0.00142988117296163 -0.0131019719855983 -0.0447223122833382 -0.0360404572144667
-0.00941450234651046 -0.010188461072352 -0.0467136780212369 -0.0194113898408363
-0.00861385716747314 -0.00834601169259937 -0.0343518695786027 -0.0269902533429791
-0.00921637585168111 -0.00732345187326689 -0.0243761852284264 -0.0404365589746364
-0.00927780269583313 -0.0143339109194897 0.000335764836346674 -0.0578215281578839
0.00169047388470717 -0.0228798133162559 0.0387522584170578 -0.056709634923643
0.0205754224939542 -0.0162861498705387 0.0666010574589543 -0.00423153594411165
0.0281588501832603 0.0151984925607451 0.0304037146085179 0.0400291512264555
0.000627286954207095 0.0331300955193317 -0.0129846015606726 0.0225747959149681
-0.0226992288318009 0.0192399650077632 0.00777241148727464 -0.0527738235991295
0.0139981952683077 0.00874195598838587 -0.00789001814240114 0.0661079456051926
0.00441634875099068 -0.00851494080941612 0.0391611725615881 -0.00976235412182781
-0.00654895282406577 -0.00660970414006844 -0.0210543081932841 -0.0485489346848919
-0.00345013263064831 0.00344508051281024 -0.0738778673963132 -0.00559798058416326
0.00117288260958659 -0.000569465302119886 -0.0489943577351953 0.0582654449821047
0.00134961087605714 -0.00308558646800575 0.000373780616856593 0.0651746887937933
0.000835409434912767 -0.00340736838600528 0.0241673040564061 0.0491737743802747
-0.00459298166617353 -0.00538207909824198 0.0357451108820756 0.0321470763036189
-0.00561166660854999 -0.00702252345830541 0.0436216274684869 0.0245566647006489
-0.00440421782709056 -0.0105354913805529 0.0432440637636121 0.034421283954933
0.00584057772604296 -0.0120161961724816 0.0218727591733481 0.0596131745981664
0.0149620492399321 -0.00438032864325087 -0.0182980290432488 0.0718736381315802
0.0159498143187584 0.00763425373147435 -0.0522781570403916 0.0632343592477507
0.0111560921863117 0.0188810134119952 -0.0814729847070939 0.0556320865636976
0.00638535669986238 0.031436688126858 -0.0720411739193497 0.0848679031288035
0.00410181248022239 0.0385052566052772 -0.0130561004014777 0.0570468576010075
0.0119366438359039 0.0149892717669708 0.0403068425932496 -0.00854477125965738
0.0114811086573712 0.00339003995241243 -0.0172317631083475 -0.055087273355787
0.0110593755498441 -0.00454714703446091 -0.0746365220329195 -0.0139377064742955
0.00612692749572094 -0.0174295136639245 -0.0540669868749191 0.0522778360793007
-0.00445044958803916 -0.0184373608047803 -0.00500585477544726 0.0628049080037787
-0.0102759458403125 -0.0142149749247196 0.0188757930093838 0.0463871103056762
-0.0166355321575478 -0.0159457967079846 0.0310766340353531 0.0282978183444679
-0.0175590995883752 -0.0198923261477676 0.0382535787220787 0.0181432497281873
-0.0129649786161885 -0.0323525948534268 0.0432122516537805 0.0225606881246961
0.0141546188579736 -0.0366171305381531 0.0330796128086761 0.0458146396833416
0.0407320447180312 -0.01445155302558 -0.00188052833120562 0.0707326801744708
0.0444607669750955 0.0267824404105855 -0.0384736122968588 0.0705094371561247
0.0176286860756426 0.0571434440248362 -0.0684022695095761 0.0575035773137469
-0.00789258922495597 0.0706826336288249 -0.0602727593109082 0.0725919006466547
-0.0108495046959849 0.064333143143029 -0.0125850674211978 0.0372722725652959
0.0153269597597126 0.0427904956575301 0.0437986736096743 -0.0112686355665458
0.0305253627246142 0.0190913156191295 -0.00854425703071531 -0.0658273423319765
0.0295526629845273 -0.0107356540953122 -0.0712724154798321 -0.0283146945134437
0.0130022514174881 -0.0337181419499774 -0.0578250613502813 0.0392713359388656
-0.00913890720634567 -0.0341047150337505 -0.0129426873318713 0.0544842427004121
-0.0195860090674149 -0.0244458927140022 0.00977102219598144 0.0392948638866062
-0.0257600592345399 -0.0243248211620732 0.021077457548526 0.0213651204950491
-0.0263515908131651 -0.0283707513213718 0.028568686565418 0.0076076479153566
-0.0223326771992067 -0.0470251445709196 0.0388981860517106 0.00432845268780585
0.0124740236138871 -0.0570047876204063 0.0429036144096091 0.0233993882464819
0.0539375144408361 -0.03117596799462 0.0219771804609375 0.0621539120260817
0.069812737517707 0.0283222667664142 -0.0188490070707088 0.0741216941371486
0.0327636469901429 0.0805518052911522 -0.0539548015141303 0.0559723589834875
-0.0137351876459042 0.0985923917505282 -0.0459602251791767 0.0503054865023608
-0.0278963828590562 0.0801174475571745 -0.00484742367485856 0.00918241001966655
0.0121255352725934 0.0678809771524812 0.0490309103533449 -0.0184868529640755
0.0456617720169249 0.0388882067949945 0.00460213611527727 -0.0748480094444547
0.0494744580209327 -0.0120475169631384 -0.0605156148742044 -0.0454048457558799
0.0225038058731237 -0.0457065416871256 -0.058474572873611 0.0189389929040411
-0.0112098209233982 -0.0465374771314915 -0.0221779659601448 0.0391027862760845
-0.0266147460417804 -0.0322124540428864 -0.00172301243709135 0.0288065734428407
-0.031372912974083 -0.0286317686136935 0.00886827710565744 0.0105361056380839
-0.0315165911568899 -0.032039872200955 0.0154001626519908 -0.00433059460119938
-0.0291513835402306 -0.0522471766439218 0.0295394065628463 -0.0145723766612804
0.00556177865107625 -0.0669697395760479 0.0461161425369255 -0.0036962980162167
0.0535667978467202 -0.0450963608868019 0.0422366769000988 0.0447237350222128
0.0831226838591337 0.0194025199772126 0.00153712519446741 0.0705998370963794
0.0449790338769322 0.0866895939546357 -0.0413327800352908 0.0509868868569023
-0.0140994821962702 0.10982311086892 -0.0324178095054428 0.0223228085836342
-0.0413753376142938 0.0814625221702952 0.0110956755683831 -0.0236808620308374
0.00195105730891468 0.0823867432872905 0.0549205462047183 -0.0293797408984928
0.0487714781809557 0.0569961699729554 0.0208022411561335 -0.0796160655528776
0.0620614022833301 -0.00665669541652449 -0.0400254291046671 -0.0602740839083366
0.0310080428566696 -0.0494566744386414 -0.0519383953943665 -0.00675947495326542
-0.00977441379371958 -0.0518042117152521 -0.0311595226433794 0.0178947513831727
-0.0292545361621194 -0.0356864676529936 -0.0158992604418838 0.0150907807513214
-0.0316053749936405 -0.0293197184996673 -0.0046783207127479 -0.000992805068263285
-0.0311773948089322 -0.0306230719744705 0.000677115806994751 -0.0157739785220079
-0.0303839598618845 -0.0494121670831777 0.0185009633943133 -0.0304330462137577
0.000772211676271096 -0.0658025714568346 0.0433183827101582 -0.0263989344250269
0.0463243244676774 -0.0480770436731202 0.0546072977346478 0.0246399979728715
0.0795480763522394 0.0120365738378207 0.0159373538950382 0.0614264294948938
0.0452456994337243 0.0804533892293084 -0.0308482129362429 0.0426985236679668
-0.0142336142646545 0.103084524762471 -0.020486691939591 -0.0060904922755435
-0.0453318856628823 0.0674975949281805 0.0306842840697171 -0.0547498696074661
-0.00951534314636384 0.0778293641604129 0.0609988215111817 -0.0416051162775165
0.0379979266526624 0.0622271467210892 0.0358747830757591 -0.0773161996204796
0.0597655723659869 0.00151204571470708 -0.0149066505487034 -0.0678976901812939
0.0328070203873787 -0.0426858772243052 -0.0388843094821083 -0.0316309622198807
-0.00649086032815803 -0.0471719064197198 -0.0368413893731576 -0.00583785312700626
-0.0266697583289786 -0.0325885731821846 -0.0289824342390041 0.000463426058182506
-0.0277278073349606 -0.0258393654549934 -0.0178770754329594 -0.0122372125312478
-0.0256827349341953 -0.0250334630204526 -0.0105155340107815 -0.0260530598919671
-0.0249525617793529 -0.040810544229266 0.00854711772177003 -0.0424357289049638
0.000511833800691151 -0.0554542326218495 0.0386324598745787 -0.0425347174741205
0.038045493108785 -0.0401854909515796 0.0601374147156137 0.00881624940440564
0.0650553090786485 0.0118885393193213 0.0245543674251677 0.0507680266378961
0.0331951994121297 0.0682004958153686 -0.0232355552434209 0.0332793171736099
-0.0174527497990961 0.0824091829890684 -0.00969706656130955 -0.0302771442701542
-0.0379382546486382 0.0406293139234208 0.0492061313672487 -0.0769796583787626
-0.016194008984004 0.054960133773088 0.0669310284558777 -0.0514741655818181
0.0210983085215715 0.0488397631858733 0.0467318420809905 -0.070660338198721
0.0424262779607775 0.0060988876517217 0.00698526506013252 -0.0686273890623823
0.0249692730613338 -0.0280289864097835 -0.025458913965234 -0.0499544285130242
-0.00338794273983718 -0.0332161316579028 -0.0399706741765286 -0.0253501265982791
-0.0198123491350255 -0.0234776700545479 -0.0390294672451824 -0.0120106204255438
-0.0192999198821081 -0.0186232632298522 -0.02745794375658 -0.0211261959010336
-0.0182664144257743 -0.0171582394426968 -0.0190313494258837 -0.0341699586850889
-0.0163890740668843 -0.0285656879491654 0.00294966316255099 -0.0509556363810299
0.00139032069160282 -0.0400029164737916 0.0373540421388992 -0.0509176663812767
0.030208616477419 -0.0275221402057748 0.0628554244995462 -0.000321363061196454
0.0464149369656514 0.01494742814997 0.0276682947986529 0.0428153868043641
0.0159252330628452 0.0521756260448498 -0.0174676184812798 0.0250936986016221
-0.021563843247169 0.052600134158717 -0.000466428850563098 -0.045433840631894
-0.0211227030673076 0.00720917659353135 0.0608314708955453 -0.0880341416148135
-0.0140007254848541 0.0200238910540454 0.0688426597905452 -0.0573818563095285
0.0045010048498101 0.0224299594464164 0.0513622399142748 -0.0666166395173006
0.0158444422912376 0.00448303648868324 0.0180886727760064 -0.0683016985478369
0.0101769950217351 -0.0102646644276542 -0.0180345659397633 -0.0585462643165927
-0.000935202114849761 -0.0123469715741752 -0.0431456312578979 -0.035846044530803
-0.00878209642524991 -0.010497111753133 -0.0456243010479241 -0.0199152347125567
-0.00835737912080432 -0.00845393108363467 -0.0329836549259628 -0.026792063691522
-0.00810574512805605 -0.00752036906334961 -0.022965670498756 -0.0399603344769294
-0.00873571888142488 -0.0144173410334653 0.00136472908478547 -0.0565713806281247
0.00194638266071585 -0.0222411772867358 0.038289685758671 -0.0547305219257378
0.0201849007259007 -0.015511345259433 0.0650012428344084 -0.00257963469364245
0.0269223744017955 0.0158460244575262 0.0290348305098191 0.0400192360550696
-4.83332547710148E-05 0.0324810210889758 -0.0140296685081914 0.0215534627050262
-0.0226035482496257 0.0181777270911364 0.00884960318624149 -0.0511464070356137
0.0135196807671893 0.00900170723601282 -0.00962558369305738 0.066115437709918
0.00450874461417414 -0.00852374917981585 0.0410723731865163 -0.00910003334367861
-0.00640181743222298 -0.00614905603747438 -0.0190736903242756 -0.0506282859306907
-0.00359510449910102 0.00294059292675964 -0.0750220140132676 -0.0078605993102209
0.000987926235523975 -0.000396126236671554 -0.0513513435388546 0.0573489339542682
0.00145683770509645 -0.00307738868473446 -0.00176842839144694 0.0658397615784002
0.000650121184771504 -0.00424300558584504 0.0228073422800996 0.0506820278769059
-0.00489245510587667 -0.00571359058304521 0.0357183964219752 0.0336475856074423
-0.00582890220915674 -0.00698825406316042 0.0441147203685228 0.0262782340682781
-0.00423089478923944 -0.0109987336586255 0.042867133745636 0.0362025679165855
0.00685335306800916 -0.0123633465115134 0.0208981182562113 0.0611411616900596
0.0152556299476863 -0.00359468878781499 -0.0211212276153115 0.0724375204589953
0.015978603382963 0.0083889123458369 -0.0556706653666612 0.0621712931171191
0.010558220927916 0.0201168282093421 -0.0848008602735491 0.0539207398730536
0.00520771777214278 0.0316353016585871 -0.0755928622491539 0.0832957253908397
0.00262798746250513 0.0391359585965139 -0.0144947381928491 0.0568220539827326
0.0113118745835508 0.0160675072811439 0.042239491905586 -0.00722313091730337
0.0114024360243278 0.00416660492352102 -0.015184479959694 -0.0572369607513406
0.0114333509050134 -0.00401475657120095 -0.0748281527435411 -0.0165809962056665
0.00598305198113113 -0.0175401685442379 -0.0560427164702754 0.0517435795787127
-0.00427830375867555 -0.0190037905460067 -0.00661869072522263 0.0630107037817332
-0.0101611082648634 -0.0150619256925128 0.0181253551063514 0.0474725928717946
-0.0165064705803011 -0.0168512112270125 0.0306006512865542 0.0294617933872951
-0.0174247617716435 -0.02097433780461 0.0385764231791289 0.0195426137305915
-0.0124194855031815 -0.0331847111829589 0.0434155646709797 0.0236716349530758
0.0148566624351914 -0.0367968677887087 0.0322292930183194 0.0479333198944298
0.0419877716777639 -0.0130194359045397 -0.00426538728611656 0.0721934811062087
0.0443297194804258 0.0285837038163899 -0.0413693249962952 0.0699439534691195
0.0160635044065801 0.0590879105722227 -0.0715185722215195 0.0554518796161796
-0.0101685785900309 0.07089069505806 -0.0635260519293186 0.0705296936225622
-0.013410451322319 0.0648167105570898 -0.0130411255605896 0.0375854511223148
0.0139738558929866 0.0436538696341725 0.0456433601197211 -0.0100199113357674
0.0305859761042679 0.0202976804367139 -0.00618028628537646 -0.0670361827326305
0.0301285185299524 -0.00984302609003937 -0.0712123900197428 -0.0316317516441981
0.0136557982376639 -0.0335442493395058 -0.0600951478310577 0.0380537240072684
-0.00854385684970211 -0.0346883745014681 -0.0148046197349947 0.0549646383937704
-0.0191776785529596 -0.0253192904674371 0.00935724388517473 0.040590507062176
-0.0256360227594844 -0.0254970633322962 0.0214978866256129 0.0220790479979991
-0.0262479509197287 -0.0303813732103293 0.0287616169291367 0.00869870984904212
-0.021763003901297 -0.047819631227006 0.0396224816866198 0.00602113048896701
0.0139275249620405 -0.057499909753513 0.0423529041431054 0.0254363474644928
0.0554779825370749 -0.0303547047299343 0.0198418936505372 0.0639716182026689
0.070842103623546 0.0307994084245069 -0.0216583905575611 0.0748701282173308
0.0304998082471293 0.0829776235789313 -0.0572049058002362 0.0542115295912225
-0.0165761033729 0.0992804971918309 -0.0488594969982996 0.049271182311124
-0.0311056259408582 0.0798821832766143 -0.00433404374238626 0.0094604330054928
0.00988485184342688 0.0691641359960094 0.0514178974050264 -0.0165976616688744
0.0451333317910688 0.0414834811718254 0.00800811614912202 -0.0760516157616236
0.0502982121693767 -0.0105264318178127 -0.0597735368064708 -0.0484669049649306
0.023435398531262 -0.0457167709321848 -0.0599368874827048 0.0173211599654033
-0.0103068237129364 -0.0473341273932277 -0.0239281722607409 0.039149142978327
-0.0257616431417886 -0.0332025235814896 -0.00281853932492874 0.0292772131179136
-0.0310822088696356 -0.0299220719245462 0.00860828704235056 0.0108353489518553
-0.0307163484921672 -0.033285456305338 0.0155320044211007 -0.00376376185848967
-0.0292529656437242 -0.0530935637891227 0.0307813841283176 -0.0136770934617556
0.00706105917235573 -0.0681007936421199 0.0462703980697906 -0.00140726080679641
0.055057321824923 -0.0444282652274974 0.0417886215682319 0.0469347392893569
0.0840305585745229 0.0218794168516298 -0.000725748103291925 0.0718246737902263
0.0431365756185949 0.089483064609476 -0.0438667720129597 0.0496668863479812
-0.0174319937711712 0.11100706542491 -0.033026355096323 0.0205495690038284
-0.0449210857758438 0.080880569471205 0.0127708436362624 -0.0234755941910223
-0.000575324916216185 0.0830376312533813 0.0571859738513234 -0.0272091241511109
0.0477896849545924 0.0597168712480058 0.0243283268687809 -0.0795700300698323
0.0629161818998061 -0.00503842372583235 -0.0386887683689988 -0.0633697913820715
0.0319589406987911 -0.0493689794941115 -0.0526872438664313 -0.00883501375181919
-0.00882920808681944 -0.0525206829502653 -0.0316455764358109 0.0171818847320027
-0.0286359204535561 -0.0366919378547548 -0.01640960965857 0.0150160448315893
-0.0318646000825667 -0.0307928523870363 -0.00509583898269558 -0.00110266973754669
-0.0304800819809998 -0.0314367348805255 0.00189294443368282 -0.01544455931025
-0.0294243830123333 -0.0507776135776826 0.0193173658018718 -0.0305269614749912
0.00190632144077218 -0.0662386808845005 0.0444062866979036 -0.0249564572351594
0.048152177420701 -0.0474198834453356 0.0545443917955222 0.0271960426718768
0.0807566085905672 0.0147473901474445 0.0143990001586454 0.0629400164808168
0.0437616628642783 0.0834440817808425 -0.0333882438771587 0.0414167636983408
-0.0173871487738668 0.103873638614957 -0.0207050024974003 -0.0078334254748612
-0.0483802255102578 0.0667581859274798 0.033482633654684 -0.0540979886821327
-0.0125187936166339 0.0781759984457488 0.0636174011112145 -0.0398083096094287
0.0370442393146942 0.0644653412088053 0.0394064893368649 -0.0764242461753631
0.0602425982716514 0.0030255881299586 -0.0123582462185115 -0.070036870569977
0.0338614761189425 -0.0422090754596269 -0.0381286117651574 -0.0340402123518746
-0.00543182962138389 -0.0475251261539006 -0.0372174996579983 -0.00682513875831279
-0.0256973844953735 -0.0336319960508264 -0.0291147366495808 -0.000681024475219563
-0.0276499472857766 -0.0269383410958079 -0.0177757515712397 -0.0125199140423909
-0.0255552106292049 -0.0260563531031827 -0.0103316887115923 -0.0261883591050397
-0.0246376363696841 -0.0416382019161187 0.00951289566956531 -0.0426312784869212
0.00134218567633388 -0.0557032632668277 0.0403997621281084 -0.0410475927468195
0.0391860511334217 -0.039065719709109 0.0605888386152141 0.0112179110245521
0.0658839200859388 0.0142235744124335 0.0228346223394631 0.0522836790908691
0.0316152298961996 0.0701551909406843 -0.0253240588170645 0.0321312897443148
-0.0200667869714214 0.0821741470288025 -0.0094755719153553 -0.0314973839992613
-0.0401276507815765 0.0399223560794523 0.0532292472538414 -0.0763319635201763
-0.0179445881757401 0.0548750646952632 0.0699821003112402 -0.0494269299734482
0.0200490738725911 0.0503566166168263 0.050149118164937 -0.0698475288771391
0.0425851038657547 0.00702487236785368 0.00951446405926751 -0.0700694758168789
0.0256028452315703 -0.0276265440243904 -0.023977581308296 -0.0517971456535845
-0.00262492871492232 -0.0332830729105336 -0.0395958134969746 -0.0265395519342087
-0.0192062717951191 -0.0242173651360279 -0.0396035011465202 -0.0129939200818187
-0.0197141943555652 -0.0195784935319957 -0.0278118979497447 -0.0219685488604074
-0.0173354544995573 -0.0183420273233465 -0.0183686624038971 -0.0348108382497143
-0.0165593778958991 -0.0293102660430661 0.00461160254167507 -0.0513853933620415
0.00260839843947846 -0.0403117988103722 0.0386764856522624 -0.0505138510112485
0.0308034253690532 -0.0270543713532012 0.0638070558003192 0.00231255617735852
0.0460871976776709 0.0167360577724399 0.0270587289561315 0.0447737511128726
0.0147205344026317 0.0538397665035624 -0.0194331950113022 0.0250255423200144
-0.0236228552178558 0.0521589955185739 0.00107751093128901 -0.0459229277116321
-0.0216643339159067 0.00673069881259353 0.0641669514777994 -0.0866327491048355
-0.0146213124729593 0.0199892651202911 0.0716489950003464 -0.05528092586233
0.00358162291235296 0.0225252452281033 0.0545845101455139 -0.0649500040860074
0.0161059949281942 0.00541837385329701 0.0211939334042119 -0.0690122133158735
0.00992608600310762 -0.00979235185870649 -0.0160176333532942 -0.0599946134706533
-0.000496518655449482 -0.012455973180362 -0.0422281127473853 -0.0374881153014948
-0.00845699235243925 -0.0104346996876603 -0.0460356070564837 -0.0205286047662215
-0.00849895099928905 -0.00932299974334113 -0.0333450985611095 -0.0278845004974296
-0.00767519806968931 -0.00802822088704236 -0.0220347873430479 -0.0407521766914457
-0.00808965469877063 -0.0147388029404 0.00300130644438696 -0.0568692722358088
0.00256730707192475 -0.0225955362891599 0.0402607441447528 -0.0538653272188533
0.0209114235127954 -0.0151214572412487 0.0661642434361648 -8.05981753032809E-05
0.0269029393704319 0.0168149819027214 0.0279153297459712 0.0416204040534174
-0.000957886604763905 0.0327985836630463 -0.0152493431412338 0.0210396488700401
-0.0232602717854396 0.0173706985157925 0.00950784127782545 -0.0508867104867617
