TRXV5
3
4
4
9
string Extension=J
integer IsArchMeasurement=1
integer IsSpherical=1
string Generator=SPM
string GeneratorVersion=1.3.1 Dev
double ArchRadius=0.449999988079071
integer FrequencyAxisIndex=0
integer AzimuthAxisIndex=1
integer ElevationAxisIndex=2
Frequency
5 136 690000000 960000000 LIN
Azimuth
7 8 0 2.74889357189107 LIN
Elevation
7 15 -2.74889357189107 2.74889357189107 LIN
Polar H Real Part
13
Polar H Imaginary Part
14
Polar V Real Part
13
Polar V Imaginary Part
14
Polar H Magnitude (dB)
12 0xC0000002 0 1
Polar H Phase
7 0xC0000003 0 1
Polar V Magnitude (dB)
12 0xC0000002 2 3
Polar V Phase
7 0xC0000003 2 3
0.0296840667724609 0.0201416015625 0.0189743041992188 0.0897979736328125
0.0504188537597656 -0.00200271606445313 0.0286941528320313 0.0411376953125
0.02069091796875 -0.0394325256347656 -0.00186920166015625 -0.0191917419433594
-0.0139503479003906 -0.0359077453613281 -0.0479660034179687 -0.0105743408203125
-0.0242404937744141 -0.0181827545166016 -0.0544471740722656 0.030303955078125
-0.0305309295654297 -0.00306892395019532 -0.0413970947265625 0.07354736328125
-0.0223751068115234 0.0101547241210937 -0.0113372802734375 0.097076416015625
-0.0203514099121094 0.00411033630371094 0.00354766845703125 0.0973663330078125
-0.0207958221435547 -0.002044677734375 -0.00426483154296875 0.0897140502929687
-0.0157260894775391 -0.00782489776611328 -0.0288619995117188 0.0727767944335938
-0.00401973724365234 -0.0101814270019531 -0.0362663269042969 0.0433082580566406
0.00253582000732422 -0.00768327713012695 -0.0257987976074219 0.0169239044189453
0.009063720703125 0.00243377685546875 -0.00471687316894531 0.0313205718994141
0.00561904907226562 0.0210170745849609 -0.0157241821289063 0.103889465332031
-0.0128173828125 0.0273075103759766 -0.103378295898438 0.12738037109375
0.0495071411132813 -0.033660888671875 0.0229110717773438 0.0887985229492188
0.0515480041503906 -0.052398681640625 0.0296707153320313 0.0433502197265625
0.00331115722656249 -0.073333740234375 0.00419425964355469 -0.00763225555419922
-0.0459136962890625 -0.0529289245605469 -0.0350074768066406 -0.003173828125
-0.0570564270019531 -0.0136337280273437 -0.0389213562011719 0.02764892578125
-0.0569419860839844 0.0252265930175781 -0.0301170349121094 0.0665931701660156
-0.0346870422363281 0.0452384948730469 -0.00248718261718751 0.0844802856445313
-0.0303001403808594 0.0355796813964844 0.0120391845703125 0.0852432250976563
-0.0346088409423828 0.0338306427001953 0.0050811767578125 0.0806350708007812
-0.0399971008300781 0.0240135192871094 -0.0186805725097656 0.06890869140625
-0.0383033752441406 0.00393676757812499 -0.0242996215820313 0.0436744689941406
-0.0364265441894531 -0.0132331848144531 -0.0181140899658203 0.0247745513916016
-0.0183372497558594 -0.0327186584472656 -0.00417327880859375 0.0468597412109375
0.00401687622070313 -0.0339851379394531 -0.0202865600585937 0.109977722167969
0.00429153442382812 -0.0311660766601563 -0.105735778808594 0.129898071289063
0.061248779296875 -0.0852432250976563 0.0315017700195313 0.0732192993164062
0.0436553955078125 -0.0976104736328125 0.0298576354980469 0.0363044738769531
-0.0174179077148437 -0.0987167358398438 0.00723218917846679 0.00301456451416015
-0.072296142578125 -0.061798095703125 -0.0191421508789063 0.00664329528808593
-0.0815277099609375 -0.00633239746093748 -0.0174770355224609 0.0234413146972656
-0.0756301879882812 0.0496444702148438 -0.0134239196777344 0.0510063171386719
-0.0413742065429688 0.0733184814453125 0.00705718994140625 0.0600051879882813
-0.035888671875 0.0617485046386719 0.0180397033691406 0.059539794921875
-0.0426902770996094 0.0642509460449219 0.0133857727050781 0.0586967468261719
-0.0589447021484375 0.0523262023925781 -0.0054779052734375 0.0546188354492188
-0.0678977966308594 0.0182723999023438 -0.00823593139648438 0.0370101928710937
-0.072662353515625 -0.0162582397460938 -0.00564193725585938 0.029571533203125
-0.0445213317871094 -0.0645484924316406 -0.00168609619140625 0.0583915710449219
0.000320434570312506 -0.0845260620117187 -0.0246429443359375 0.104995727539063
0.0187530517578125 -0.0866851806640625 -0.100044250488281 0.113716125488281
0.0624160766601563 -0.126495361328125 0.0415115356445313 0.0437088012695313
0.0266189575195312 -0.132118225097656 0.0275974273681641 0.0201740264892578
-0.0409088134765625 -0.110145568847656 0.00729942321777343 0.0113649368286133
-0.0927658081054688 -0.0595626831054688 -0.00103855133056641 0.0157394409179687
-0.095062255859375 0.00430297851562498 0.00568389892578124 0.016387939453125
-0.082122802734375 0.068450927734375 0.00571632385253906 0.0281238555908203
-0.041290283203125 0.0906829833984375 0.0163249969482422 0.0260753631591797
-0.036865234375 0.0781936645507813 0.0220012664794922 0.0249843597412109
-0.0455703735351562 0.0862884521484375 0.0196151733398438 0.0268363952636719
-0.0690078735351563 0.0731582641601563 0.00981330871582031 0.0302104949951172
-0.08807373046875 0.0306167602539063 0.0110816955566406 0.0228862762451172
-0.0987548828125 -0.016265869140625 0.0103054046630859 0.0297088623046875
-0.06494140625 -0.0864105224609375 0.00347137451171874 0.0634269714355469
-0.0039825439453125 -0.121917724609375 -0.0270919799804687 0.0864944458007812
0.028533935546875 -0.1275634765625 -0.0855026245117187 0.0828170776367188
0.0535888671875 -0.149948120117188 0.0497665405273438 0.00293350219726562
0.00482177734375001 -0.1483154296875 0.0210018157958984 -0.0031108856201172
-0.0609664916992188 -0.106727600097656 0.00467395782470703 0.0161466598510742
-0.101608276367188 -0.0469741821289062 0.0157852172851562 0.0203990936279297
-0.0943756103515625 0.0162277221679688 0.0275497436523437 0.00484085083007813
-0.0759658813476563 0.0779342651367187 0.0221176147460937 0.000183105468750005
-0.0348892211914062 0.0948638916015625 0.02154541015625 -0.0111770629882812
-0.0324859619140625 0.0829315185546875 0.0222206115722656 -0.0139598846435547
-0.041839599609375 0.093109130859375 0.0234699249267578 -0.0101089477539062
-0.0676803588867188 0.0809707641601563 0.0240840911865234 -5.14984130859325E-05
-0.0918121337890625 0.036651611328125 0.0295391082763672 0.00403404235839844
-0.10662841796875 -0.012786865234375 0.0262527465820312 0.0242710113525391
-0.0745391845703125 -0.0928573608398437 0.00883102416992187 0.0602951049804687
-0.00691223144531251 -0.1376953125 -0.0279312133789063 0.0582313537597656
0.03192138671875 -0.148910522460938 -0.0666160583496094 0.0410232543945312
0.03887939453125 -0.149703979492187 0.0565261840820313 -0.0421180725097656
-0.011688232421875 -0.141845703125 0.0132656097412109 -0.0296421051025391
-0.0687255859375 -0.0900421142578125 0.00107383728027343 0.0143260955810547
-0.0948715209960937 -0.0298614501953125 0.0290966033935547 0.0187149047851562
-0.08056640625 0.0247344970703125 0.0426216125488281 -0.00932693481445312
-0.0593948364257813 0.0758132934570313 0.0326690673828125 -0.0281867980957031
-0.0230941772460938 0.0848922729492188 0.0227394104003906 -0.0467567443847656
-0.0230331420898438 0.0749435424804688 0.0190849304199219 -0.0505599975585937
-0.0317001342773438 0.0843963623046875 0.0248947143554687 -0.0453948974609375
-0.0545196533203125 0.0741729736328125 0.0368080139160156 -0.0299606323242187
-0.0780792236328125 0.0360946655273437 0.0450096130371094 -0.0140457153320312
-0.0941009521484375 -0.00737762451171874 0.0392990112304687 0.0174369812011719
-0.0699005126953125 -0.080841064453125 0.0125656127929687 0.0515480041503906
-0.00995635986328126 -0.128150939941406 -0.0266571044921875 0.0242252349853515
0.0280303955078125 -0.145095825195313 -0.0436973571777344 -0.00381851196289063
0.0221710205078125 -0.125587463378906 0.06341552734375 -0.0842819213867188
-0.0196304321289063 -0.112831115722656 0.00754165649414063 -0.0561103820800781
-0.0602073669433594 -0.0629844665527344 -0.00246286392211915 0.00607204437255859
-0.072296142578125 -0.0123519897460937 0.0369796752929688 0.0110054016113281
-0.0563697814941406 0.0268898010253906 0.049713134765625 -0.0242118835449219
-0.03680419921875 0.0612907409667969 0.0360641479492188 -0.0534820556640625
-0.00999069213867187 0.0629806518554688 0.0187530517578125 -0.0754776000976562
-0.0100555419921875 0.0551605224609375 0.0126266479492188 -0.0795516967773438
-0.0162200927734375 0.0616111755371094 0.0228729248046875 -0.0735549926757813
-0.0303840637207031 0.0559196472167969 0.0448799133300781 -0.05377197265625
-0.0495758056640625 0.0309791564941406 0.054046630859375 -0.0277252197265625
-0.0650138854980469 0.00227737426757813 0.0463714599609375 0.0107383728027344
-0.0556373596191406 -0.0524406433105469 0.013153076171875 0.0382194519042969
-0.0149612426757813 -0.0970993041992188 -0.0242862701416016 -0.0071258544921875
0.015045166015625 -0.120849609375 -0.0223045349121094 -0.0438995361328125
0.00411987304687501 -0.0809173583984375 0.0687789916992188 -0.115745544433594
-0.018890380859375 -0.0666847229003906 0.0065155029296875 -0.0773468017578125
-0.0399017333984375 -0.0308837890625 -0.00570964813232422 -0.00624179840087891
-0.0392799377441406 0.00162124633789062 0.0380477905273438 0.000324249267578125
-0.0248908996582031 0.0211391448974609 0.0484619140625 -0.036346435546875
-0.0111465454101563 0.0359611511230469 0.032745361328125 -0.0709075927734375
0.00367546081542969 0.0311222076416016 0.0118026733398438 -0.0931396484375
0.00408744812011719 0.0269279479980469 0.00472259521484376 -0.0962600708007813
0.00242996215820313 0.0297145843505859 0.0183868408203125 -0.08984375
-5.1498413085937E-05 0.0305881500244141 0.0470390319824219 -0.0666885375976563
-0.0126457214355469 0.0245895385742188 0.0565261840820312 -0.0341758728027344
-0.0276641845703125 0.0163803100585937 0.0465888977050781 0.00697708129882813
-0.0388717651367188 -0.013946533203125 0.0111808776855469 0.0247745513916016
-0.024139404296875 -0.0520591735839844 -0.0219955444335937 -0.0311508178710938
-0.0048828125 -0.0806808471679688 -0.00653839111328125 -0.0737762451171875
0.0365142822265625 0.0204544067382813 0.0320053100585938 0.089447021484375
0.0561599731445313 -0.00821685791015625 0.0364494323730469 0.0387687683105469
0.0189857482910156 -0.0462417602539063 -0.00275802612304688 -0.0198955535888672
-0.0194816589355469 -0.0387916564941406 -0.0498390197753906 -0.00619125366210939
-0.0302639007568359 -0.0176773071289062 -0.0520172119140625 0.0356330871582031
-0.0358314514160156 0.000782012939453128 -0.0345001220703125 0.07928466796875
-0.0260105133056641 0.0143775939941406 -0.000709533691406244 0.0994110107421875
-0.0236682891845703 0.00749588012695312 0.015045166015625 0.0984649658203125
-0.02569580078125 0.000410079956054688 0.00650024414062501 0.09210205078125
-0.0196800231933594 -0.00798225402832031 -0.0212326049804688 0.0777435302734375
-0.00578594207763672 -0.0131435394287109 -0.0322723388671875 0.0489234924316406
0.00434398651123047 -0.0107765197753906 -0.0258083343505859 0.0211677551269531
0.0136423110961914 0.00165462493896484 -0.0038604736328125 0.0319099426269531
0.0117988586425781 0.0246753692626953 -0.0066986083984375 0.105072021484375
-0.00778388977050781 0.0346126556396484 -0.0938491821289062 0.136817932128906
0.0499343872070313 -0.0370559692382813 0.036712646484375 0.0893707275390625
0.0516242980957031 -0.0591201782226562 0.0387191772460938 0.0406303405761719
-0.0015106201171875 -0.0782470703125 0.00516605377197266 -0.00923156738281251
-0.0526199340820312 -0.0523300170898438 -0.0353813171386719 0.000247955322265618
-0.0619010925292969 -0.00969696044921876 -0.0351371765136719 0.0319900512695313
-0.0585060119628906 0.0317497253417969 -0.0222091674804688 0.0701637268066406
-0.0328254699707031 0.0508079528808594 0.00797271728515625 0.0850982666015625
-0.02960205078125 0.0401229858398437 0.023590087890625 0.08416748046875
-0.0342903137207031 0.0380401611328125 0.0165786743164062 0.0814285278320313
-0.0405921936035156 0.0267829895019531 -0.00949859619140625 0.073211669921875
-0.0387649536132813 0.00556564331054687 -0.0188751220703125 0.0487442016601563
-0.0365219116210938 -0.0116310119628906 -0.0166740417480469 0.0298271179199219
-0.0181407928466797 -0.0306262969970703 -0.00115966796875 0.0490150451660156
0.00349998474121094 -0.0308914184570312 -0.0106887817382813 0.113456726074219
0.00236892700195312 -0.0271320343017578 -0.0959014892578125 0.141372680664063
0.0556716918945312 -0.0898971557617188 0.04498291015625 0.0740890502929688
0.0375595092773438 -0.103370666503906 0.0388107299804688 0.0345573425292969
-0.0246353149414063 -0.100593566894531 0.0102939605712891 0.00160789489746093
-0.0804519653320313 -0.0576400756835938 -0.0173826217651367 0.00891399383544921
-0.0851516723632813 0.000457763671874994 -0.0133781433105469 0.0260543823242188
-0.0732040405273438 0.0584030151367187 -0.00550460815429688 0.052032470703125
-0.0357131958007813 0.079376220703125 0.0163078308105469 0.058074951171875
-0.0316581726074219 0.0667724609375 0.0281333923339844 0.0572280883789063
-0.03900146484375 0.0709686279296875 0.02349853515625 0.0581245422363281
-0.0557289123535156 0.0585556030273437 0.003265380859375 0.0572662353515625
-0.0674285888671875 0.0238990783691406 -0.00214767456054688 0.0407943725585937
-0.0742721557617188 -0.0101852416992188 -0.00271415710449219 0.0341377258300781
-0.0490837097167969 -0.060455322265625 0.00322341918945312 0.0616798400878906
-0.00566864013671876 -0.0829925537109375 -0.0156478881835938 0.109512329101563
0.0111236572265625 -0.0857315063476562 -0.0917434692382812 0.12646484375
0.0506515502929688 -0.133148193359375 0.0524787902832031 0.0447921752929687
0.0152664184570313 -0.135932922363281 0.0346584320068359 0.0191574096679687
-0.0510330200195312 -0.1090087890625 0.012176513671875 0.0103273391723633
-0.100532531738281 -0.0521163940429688 0.00214290618896484 0.0162267684936523
-0.0966415405273438 0.0137863159179687 0.0106716156005859 0.016383171081543
-0.07568359375 0.0776901245117188 0.0126857757568359 0.0270843505859375
-0.0324020385742188 0.0963516235351563 0.0226383209228516 0.0230236053466797
-0.0292587280273437 0.0840835571289063 0.0283088684082031 0.0210952758789063
-0.0372238159179688 0.0930328369140625 0.0270137786865234 0.0245952606201172
-0.0623321533203125 0.0818099975585937 0.0169105529785156 0.0309562683105469
-0.0858993530273438 0.0392303466796875 0.0168190002441406 0.0246944427490234
-0.101516723632813 -0.00636291503906249 0.01416015625 0.0330753326416016
-0.0727996826171875 -0.080322265625 0.00984954833984375 0.0674285888671875
-0.015106201171875 -0.121780395507813 -0.0195083618164062 0.0924453735351563
0.0159683227539063 -0.130348205566406 -0.0805206298828125 0.0944595336914062
0.0376129150390625 -0.157821655273438 0.0565605163574219 0.00377655029296874
-0.0106048583984375 -0.14990234375 0.0255203247070313 -0.00277900695800782
-0.0723419189453125 -0.102287292480469 0.0103263854980469 0.0160331726074219
-0.108207702636719 -0.0367279052734375 0.0206413269042969 0.0197734832763672
-0.0941543579101563 0.0274734497070312 0.0319786071777344 0.00295639038085938
-0.066925048828125 0.0874252319335938 0.0270137786865234 -0.00303077697753906
-0.023468017578125 0.0992965698242188 0.0237712860107422 -0.0159053802490234
-0.0230712890625 0.0884628295898438 0.0240917205810547 -0.0183696746826172
-0.0313568115234375 0.099609375 0.0269069671630859 -0.0136260986328125
-0.0588150024414062 0.0901336669921875 0.0282382965087891 -0.00163269042968749
-0.0889739990234375 0.0471115112304688 0.0339450836181641 0.00305747985839844
-0.109603881835938 -0.00114440917968749 0.0312404632568359 0.0255260467529297
-0.0839691162109375 -0.0854263305664063 0.0160980224609375 0.063995361328125
-0.02142333984375 -0.138557434082031 -0.0229530334472656 0.0648574829101562
0.0159149169921875 -0.153656005859375 -0.0660324096679688 0.0503120422363281
0.0218963623046875 -0.15777587890625 0.0583343505859375 -0.0418777465820313
-0.029937744140625 -0.143356323242188 0.0137958526611328 -0.0283622741699219
-0.0801849365234375 -0.0835342407226562 0.00603389739990234 0.0152568817138672
-0.100120544433594 -0.0184783935546875 0.0341129302978516 0.0168647766113281
-0.078369140625 0.0356826782226563 0.0458717346191406 -0.0132255554199219
-0.0492782592773438 0.0839080810546875 0.0342121124267578 -0.0324211120605469
-0.011932373046875 0.0887298583984375 0.0206375122070312 -0.0517959594726562
-0.013214111328125 0.0789566040039063 0.0169715881347656 -0.054840087890625
-0.0206146240234375 0.0897674560546875 0.02362060546875 -0.050384521484375
-0.04498291015625 0.0819549560546875 0.0378837585449219 -0.0337371826171875
-0.0745315551757813 0.0459747314453125 0.0478668212890625 -0.0179328918457031
-0.0962753295898437 0.00452423095703123 0.0434684753417969 0.0161552429199219
-0.07958984375 -0.0727462768554687 0.0193443298339844 0.0536727905273437
-0.0252227783203125 -0.1292724609375 -0.0248680114746094 0.0302276611328125
0.010467529296875 -0.151382446289063 -0.0470619201660156 0.00249099731445311
0.00692749023437501 -0.132965087890625 0.0593719482421875 -0.085906982421875
-0.0353775024414063 -0.114097595214844 0.00458908081054687 -0.0542564392089844
-0.0713043212890625 -0.0573043823242188 0.000561714172363277 0.00748538970947265
-0.0764999389648438 -0.00240325927734376 0.0402030944824219 0.00814437866210938
-0.0533065795898438 0.0359916687011719 0.0503196716308594 -0.0291175842285156
-0.0265731811523437 0.0676918029785156 0.0335693359375 -0.0582008361816406
0.000991821289062494 0.0645942687988281 0.01226806640625 -0.0798110961914063
-0.0012359619140625 0.0573005676269531 0.00583648681640624 -0.0831069946289063
-0.00633621215820312 0.0644950866699219 0.0175399780273438 -0.078155517578125
-0.0212059020996094 0.0606689453125 0.0424957275390625 -0.0589942932128906
-0.0454254150390625 0.038299560546875 0.0548629760742188 -0.0333938598632813
-0.06524658203125 0.0122032165527344 0.0497093200683594 0.00838470458984375
-0.0632171630859375 -0.0443840026855469 0.0187263488769531 0.0393943786621094
-0.02874755859375 -0.097259521484375 -0.0267658233642578 -0.00194358825683595
-0.00144195556640626 -0.126564025878906 -0.0305976867675781 -0.0407257080078125
-0.00663757324218751 -0.087249755859375 0.0611572265625 -0.119735717773438
-0.0296592712402344 -0.06829833984375 0.000473022460937501 -0.076324462890625
-0.0474624633789062 -0.0267448425292969 -0.00403070449829102 -0.00582313537597656
-0.0422019958496094 0.00810623168945313 0.0404243469238281 -0.00447463989257812
-0.0224342346191406 0.0272502899169922 0.0468330383300781 -0.0422325134277344
-0.0033416748046875 0.0396156311035156 0.0268020629882812 -0.0761871337890625
0.0117073059082031 0.0306873321533203 0.00129699707031249 -0.0966033935546875
0.010101318359375 0.0260028839111328 -0.00584411621093751 -0.098907470703125
0.00948143005371094 0.0292568206787109 0.00991058349609374 -0.0934219360351563
0.00730323791503906 0.0312137603759766 0.0424423217773437 -0.0720596313476563
-0.00775718688964844 0.0282135009765625 0.0548820495605469 -0.0394287109375
-0.0254058837890625 0.0234336853027344 0.0487060546875 0.003662109375
-0.0430068969726563 -0.00674819946289062 0.0140743255615234 0.0256290435791016
-0.0345458984375 -0.0505943298339844 -0.0281944274902344 -0.0277347564697266
-0.018096923828125 -0.0845718383789063 -0.0181884765625 -0.0731124877929688
0.0420570373535156 0.0182876586914062 0.043731689453125 0.0823974609375
0.0594139099121094 -0.0160293579101562 0.0424346923828125 0.0327033996582031
0.0152168273925781 -0.051971435546875 -0.00349617004394531 -0.0202903747558594
-0.0250053405761719 -0.0394859313964844 -0.0496673583984375 -0.00175094604492188
-0.034698486328125 -0.0153732299804687 -0.0473213195800781 0.0389213562011719
-0.0387306213378906 0.00553894042968751 -0.02618408203125 0.07977294921875
-0.02728271484375 0.0189266204833984 0.00945281982421875 0.0966415405273437
-0.0258331298828125 0.0116844177246094 0.02581787109375 0.09344482421875
-0.0291366577148438 0.00431632995605469 0.0163726806640625 0.0891342163085938
-0.0237178802490234 -0.007415771484375 -0.0119705200195312 0.078094482421875
-0.00824356079101563 -0.015690803527832 -0.0260009765625 0.051910400390625
0.00451374053955078 -0.0149459838867187 -0.0242176055908203 0.0245952606201172
0.0178108215332031 7.82012939453125E-05 -0.00355339050292969 0.0319290161132813
0.0188007354736328 0.0261211395263672 0.001190185546875 0.10052490234375
-0.000537872314453128 0.0392189025878906 -0.0820388793945312 0.138427734375
0.0504913330078125 -0.0378074645996094 0.0495071411132813 0.0831298828125
0.04998779296875 -0.0639114379882813 0.04559326171875 0.0350074768066406
-0.0072479248046875 -0.0800628662109375 0.00584030151367187 -0.010162353515625
-0.0578079223632813 -0.0494956970214844 -0.0337505340576172 0.00343513488769531
-0.0643577575683594 -0.00440597534179687 -0.0301609039306641 0.0338363647460938
-0.0571212768554688 0.0380325317382813 -0.0136222839355469 0.0691299438476562
-0.0296363830566406 0.05419921875 0.0176925659179687 0.0803756713867187
-0.0276031494140625 0.0433731079101563 0.033203125 0.0781173706054688
-0.0335006713867187 0.0416793823242188 0.0260848999023438 0.0770797729492187
-0.0395965576171875 0.0290145874023438 0.000144958496093753 0.0728530883789063
-0.0385780334472656 0.00601959228515624 -0.0123291015625 0.0512008666992188
-0.0356674194335938 -0.0107078552246094 -0.0127849578857422 0.0332965850830078
-0.0160617828369141 -0.0284385681152344 0.00160980224609374 0.0495872497558594
0.00540351867675782 -0.0267276763916016 -0.00137329101562501 0.110855102539063
0.00275802612304687 -0.0216732025146484 -0.0827484130859375 0.1448974609375
0.0490188598632812 -0.0903091430664063 0.0572967529296875 0.0682525634765625
0.03118896484375 -0.104141235351563 0.0458946228027344 0.0286674499511719
-0.031646728515625 -0.0985488891601563 0.0122890472412109 -0.000288009643554694
-0.0844573974609375 -0.05133056640625 -0.013885498046875 0.00990962982177734
-0.0848236083984375 0.00730133056640624 -0.0080394744873047 0.0253105163574219
-0.0680160522460938 0.0644416809082031 0.00264739990234375 0.049285888671875
-0.0286026000976563 0.0815887451171875 0.0241012573242187 0.052734375
-0.0262527465820313 0.0694656372070312 0.0358543395996094 0.0505027770996094
-0.0325088500976563 0.0738143920898438 0.0316238403320313 0.0525932312011719
-0.0501022338867188 0.0620994567871094 0.0124053955078125 0.0560493469238281
-0.06396484375 0.0277900695800781 0.00455093383789063 0.0421829223632813
-0.0718994140625 -0.00475311279296876 0.00181961059570312 0.0368194580078125
-0.0492744445800781 -0.0540237426757813 0.00843048095703124 0.0626106262207031
-0.00951385498046874 -0.0774154663085937 -0.00584411621093749 0.108955383300781
0.00489044189453124 -0.080169677734375 -0.07989501953125 0.131736755371094
0.0385284423828125 -0.131546020507812 0.0625724792480469 0.0409507751464844
0.00391387939453124 -0.132774353027344 0.0409278869628906 0.0154457092285156
-0.0576019287109375 -0.102897644042969 0.0150079727172852 0.00813961029052734
-0.102348327636719 -0.0428695678710938 0.00648212432861328 0.0157833099365234
-0.093231201171875 0.0212860107421875 0.0153026580810547 0.0147552490234375
-0.0668563842773438 0.0824737548828125 0.0182895660400391 0.0225429534912109
-0.0223007202148438 0.0970993041992188 0.0266971588134766 0.0172653198242188
-0.02099609375 0.0853424072265625 0.0327396392822266 0.0153522491455078
-0.0274429321289063 0.0945281982421875 0.0322036743164063 0.0191230773925781
-0.0528564453125 0.0856170654296875 0.0240116119384766 0.0286598205566406
-0.0802459716796875 0.0453338623046875 0.0220775604248047 0.0241775512695313
-0.0980987548828125 0.00310516357421873 0.0190773010253906 0.0341510772705078
-0.07574462890625 -0.0703582763671875 0.0162162780761719 0.0677680969238281
-0.0237960815429687 -0.115043640136719 -0.0106582641601563 0.093994140625
0.00372314453124999 -0.125137329101563 -0.0713882446289063 0.101348876953125
0.021026611328125 -0.155624389648438 0.0633888244628906 0.00172805786132812
-0.0248870849609375 -0.143585205078125 0.0297069549560547 -0.0036907196044922
-0.0792694091796875 -0.0923004150390625 0.0146188735961914 0.0140113830566406
-0.108047485351562 -0.0250473022460938 0.0246982574462891 0.0179080963134766
-0.0878143310546875 0.0354232788085937 0.0346584320068359 -0.00062751770019531
-0.0547561645507813 0.0904617309570313 0.03009033203125 -0.00803947448730468
-0.0116729736328125 0.0980072021484375 0.0240612030029297 -0.0205535888671875
-0.0126953125 0.0877838134765625 0.0243587493896484 -0.0227565765380859
-0.01904296875 0.0999298095703125 0.0282096862792969 -0.0177993774414062
-0.0471038818359375 0.0934906005859375 0.0319404602050781 -0.00460624694824218
-0.081756591796875 0.0546875 0.0373497009277344 0.000839233398437503
-0.106086730957031 0.0100021362304688 0.0353546142578125 0.0247688293457031
-0.0881118774414062 -0.0741195678710938 0.0235328674316406 0.0637245178222656
-0.0337905883789063 -0.131561279296875 -0.0163955688476563 0.0679244995117187
6.10351562499901E-05 -0.14959716796875 -0.0602951049804687 0.05804443359375
0.00405883789062498 -0.155960083007813 0.0592002868652344 -0.0413398742675781
-0.0454635620117188 -0.135002136230469 0.0154323577880859 -0.0267009735107422
-0.0869216918945313 -0.07257080078125 0.0101184844970703 0.0139007568359375
-0.0985336303710938 -0.00589752197265626 0.0377731323242187 0.0138969421386719
-0.0706634521484375 0.0431137084960938 0.0466194152832031 -0.0169181823730469
-0.0365982055664063 0.0853195190429688 0.0337257385253906 -0.0373115539550781
0.000358581542968747 0.0854949951171875 0.0170326232910156 -0.0545883178710937
-0.0028839111328125 0.0769882202148438 0.0123176574707031 -0.0577278137207031
-0.00836944580078124 0.088470458984375 0.0205726623535156 -0.0531997680664063
-0.03216552734375 0.0841140747070313 0.0377464294433594 -0.0371322631835937
-0.0662879943847656 0.053131103515625 0.0486831665039063 -0.0213813781738281
-0.0917510986328125 0.0156478881835938 0.0468826293945312 0.0140228271484375
-0.0830459594726563 -0.0608673095703125 0.02606201171875 0.0528450012207031
-0.0387420654296875 -0.122428894042969 -0.0213737487792969 0.0348834991455078
-0.00733947753906251 -0.148101806640625 -0.0471916198730469 0.0102996826171875
-0.00913238525390625 -0.131767272949219 0.0557022094726563 -0.0839309692382813
-0.0504074096679688 -0.107513427734375 0.002532958984375 -0.050384521484375
-0.0769805908203125 -0.0468673706054688 0.00431728363037109 0.00702381134033203
-0.0754318237304688 0.00824737548828124 0.0425071716308594 0.003997802734375
-0.0459747314453125 0.0421943664550781 0.0485763549804688 -0.0331916809082031
-0.0151176452636719 0.0678749084472656 0.0296478271484375 -0.0616340637207031
0.0109901428222656 0.0603790283203125 0.00506591796875001 -0.0808334350585937
0.0074462890625 0.0544815063476563 -0.0016021728515625 -0.0831069946289063
0.00404739379882813 0.0618896484375 0.0112457275390625 -0.0792465209960938
-0.0101509094238281 0.060302734375 0.0387306213378906 -0.0619697570800781
-0.0374755859375 0.0427932739257812 0.0527801513671875 -0.0366058349609375
-0.0599899291992188 0.0214958190917969 0.0516242980957031 0.00506973266601563
-0.0653648376464844 -0.0336456298828125 0.0239334106445313 0.0387611389160156
-0.0408172607421875 -0.090667724609375 -0.0261936187744141 0.00309562683105468
-0.018402099609375 -0.12396240234375 -0.0359420776367188 -0.0337677001953125
-0.0182952880859375 -0.0882186889648437 0.0527191162109375 -0.118011474609375
-0.0407028198242187 -0.0648155212402344 -0.00400543212890625 -0.0716476440429688
-0.0528678894042969 -0.0202865600585937 -0.00163745880126953 -0.00553464889526367
-0.0419197082519531 0.0159263610839844 0.0401420593261719 -0.0086822509765625
-0.0172252655029297 0.0316486358642578 0.0421943664550781 -0.0457687377929688
0.00491714477539063 0.0390548706054687 0.0194320678710938 -0.077239990234375
0.018585205078125 0.0265426635742188 -0.00800323486328125 -0.09454345703125
0.0158901214599609 0.0231685638427734 -0.0151138305664063 -0.0960159301757813
0.0158462524414063 0.0261154174804688 0.00160980224609376 -0.092071533203125
0.0148105621337891 0.0283412933349609 0.03631591796875 -0.0747146606445313
-0.000917434692382814 0.0293846130371094 0.0510635375976563 -0.0428199768066406
-0.0197563171386719 0.0286865234375 0.0487098693847656 0.000133514404296877
-0.0431365966796875 0.00178909301757812 0.0172157287597656 0.0248908996582031
-0.0436210632324219 -0.0447425842285156 -0.0310020446777344 -0.0209693908691406
-0.0317611694335938 -0.0818710327148437 -0.0279998779296875 -0.0669898986816406
0.0466270446777344 0.0156021118164063 0.0503692626953125 0.0726165771484375
0.0602188110351562 -0.0231170654296875 0.0454673767089844 0.0254859924316406
0.0110588073730469 -0.0551261901855469 -0.00456619262695313 -0.0202255249023438
-0.0298042297363281 -0.0390815734863281 -0.0474281311035156 0.000709533691406257
-0.0384368896484375 -0.0125999450683594 -0.0431251525878906 0.0392608642578125
-0.0408973693847656 0.0108871459960937 -0.0197372436523438 0.0773696899414062
-0.0273342132568359 0.0232925415039063 0.015411376953125 0.0901565551757813
-0.0263862609863281 0.0152721405029297 0.0312728881835938 0.0863189697265625
-0.0314350128173828 0.00861167907714844 0.0223236083984375 0.0825881958007812
-0.0276966094970703 -0.00565719604492188 -0.00589752197265625 0.0752716064453125
-0.0110950469970703 -0.0174083709716797 -0.0210647583007813 0.0523262023925781
0.00380516052246094 -0.0182456970214844 -0.021484375 0.0270633697509766
0.0214996337890625 -0.00266265869140625 -0.00387191772460937 0.031646728515625
0.0263767242431641 0.0261211395263672 0.00447082519531249 0.094085693359375
0.00736618041992187 0.0415496826171875 -0.0724105834960938 0.133399963378906
0.0501136779785156 -0.0368080139160156 0.0577774047851563 0.0733566284179688
0.0484771728515625 -0.0665435791015625 0.0488357543945313 0.0276069641113281
-0.0109024047851563 -0.08087158203125 0.00619792938232422 -0.0116767883300781
-0.0608062744140625 -0.0470771789550781 -0.0307884216308594 0.00445175170898437
-0.0649070739746094 -0.000888824462890615 -0.0254745483398438 0.0326900482177734
-0.055450439453125 0.0414047241210937 -0.00758743286132813 0.0648155212402344
-0.0271682739257812 0.0558891296386719 0.0226974487304688 0.073150634765625
-0.0257186889648438 0.0454483032226562 0.0383415222167969 0.069732666015625
-0.0322761535644531 0.0437965393066406 0.032012939453125 0.069671630859375
-0.0395393371582031 0.0300636291503906 0.00741195678710938 0.069091796875
-0.0376052856445313 0.00535202026367187 -0.00617218017578126 0.0507240295410156
-0.0335865020751953 -0.0111751556396484 -0.00935554504394531 0.03497314453125
-0.0123443603515625 -0.0272121429443359 0.00281524658203125 0.0490570068359375
0.00921821594238281 -0.0234107971191406 0.00331878662109376 0.105239868164063
0.0063333511352539 -0.0162191390991211 -0.0720672607421875 0.141204833984375
0.0445938110351562 -0.0859375 0.0655059814453125 0.0606193542480469
0.0279083251953125 -0.102180480957031 0.0497817993164062 0.0224113464355469
-0.0345840454101563 -0.0954818725585938 0.0137052536010742 -0.00298595428466797
-0.0852584838867188 -0.0464096069335937 -0.0107755661010742 0.00984954833984375
-0.0824661254882812 0.0109786987304688 -0.00367736816406251 0.0235061645507813
-0.0624771118164062 0.0660209655761719 0.00728988647460937 0.0438880920410156
-0.0235519409179688 0.0805816650390625 0.0275650024414063 0.0453224182128906
-0.0218734741210938 0.069061279296875 0.0392494201660156 0.0422821044921875
-0.0282058715820313 0.0732421875 0.036773681640625 0.0449562072753906
-0.0458641052246094 0.0616874694824219 0.0195236206054687 0.0512771606445313
-0.0605697631835937 0.0284767150878906 0.01019287109375 0.0409698486328125
-0.06781005859375 -0.00230407714843749 0.0059814453125 0.037933349609375
-0.0458793640136719 -0.0487403869628906 0.011932373046875 0.0617904663085938
-0.00963592529296875 -0.0710906982421875 0.000396728515625009 0.105224609375
0.0032806396484375 -0.0721969604492188 -0.0691299438476562 0.130477905273438
0.0298995971679687 -0.12469482421875 0.0699119567871094 0.0357131958007812
-0.00137329101562501 -0.125007629394531 0.044921875 0.0106086730957031
-0.059234619140625 -0.0956878662109375 0.0178356170654297 0.00534439086914062
-0.10009765625 -0.035888671875 0.00943279266357421 0.0137042999267578
-0.0879440307617188 0.0250167846679687 0.0188045501708984 0.0118503570556641
-0.0584793090820313 0.0823745727539063 0.0217361450195312 0.0170516967773438
-0.0151290893554688 0.0930099487304688 0.0283946990966797 0.0107688903808594
-0.0152206420898438 0.0826339721679688 0.0345382690429688 0.00857543945312501
-0.0208282470703125 0.0920562744140625 0.0355072021484375 0.0125770568847656
-0.0450820922851562 0.0842666625976563 0.0292987823486328 0.0243511199951172
-0.0739974975585938 0.0475540161132812 0.0267753601074219 0.0223789215087891
-0.092010498046875 0.00812530517578124 0.0235214233398437 0.0337715148925781
-0.0733108520507813 -0.0628128051757812 0.021148681640625 0.0663375854492188
-0.0265121459960937 -0.106391906738281 -0.00439453125 0.0922927856445312
-0.00278472900390626 -0.115791320800781 -0.0622634887695313 0.103096008300781
0.0097198486328125 -0.146957397460938 0.0688323974609375 0.000419616699218741
-0.03228759765625 -0.132431030273438 0.0334205627441406 -0.0052776336669922
-0.0798416137695313 -0.08282470703125 0.0178890228271484 0.0111141204833984
-0.1031494140625 -0.0171966552734375 0.0273571014404297 0.0147628784179688
-0.0799713134765625 0.0381393432617188 0.0370597839355469 -0.003662109375
-0.0456085205078125 0.0880661010742188 0.0313892364501953 -0.0127773284912109
-0.00429534912109375 0.0923919677734375 0.0238628387451172 -0.0246677398681641
-0.00570678710937501 0.0834426879882813 0.0236682891845703 -0.0270233154296875
-0.010711669921875 0.0958099365234375 0.0285758972167969 -0.0225429534912109
-0.0371932983398438 0.0914993286132813 0.0346546173095703 -0.00824928283691406
-0.0728073120117187 0.0572509765625 0.0396003723144531 -0.001312255859375
-0.09844970703125 0.0168685913085937 0.0385551452636719 0.0237464904785156
-0.0861129760742188 -0.0637283325195313 0.0288887023925781 0.0617752075195312
-0.0393295288085938 -0.121604919433594 -0.0097503662109375 0.0686492919921875
-0.0100173950195313 -0.138786315917969 -0.0542106628417969 0.0624237060546875
-0.00926208496093749 -0.147415161132812 0.0619659423828125 -0.0389328002929688
-0.0536727905273438 -0.122482299804688 0.0181617736816406 -0.0246753692626953
-0.0877304077148437 -0.0611648559570313 0.0143966674804687 0.0118188858032227
-0.0928802490234375 0.00298309326171873 0.0391273498535156 0.01031494140625
-0.0623970031738281 0.0460090637207031 0.04638671875 -0.0202369689941406
-0.0261688232421875 0.0819015502929688 0.032623291015625 -0.0400772094726562
0.00748443603515625 0.0782394409179688 0.0139884948730469 -0.0557441711425781
0.00382232666015626 0.0716552734375 0.00934982299804687 -0.0582275390625
0.000198364257812497 0.0828094482421875 0.0185775756835938 -0.0547065734863281
-0.0223541259765625 0.0804443359375 0.0373611450195313 -0.0399627685546875
-0.0568695068359375 0.0548629760742188 0.048248291015625 -0.0235671997070312
-0.0840530395507813 0.0228271484375 0.0484542846679688 0.0117454528808594
-0.0814437866210937 -0.0510025024414063 0.0311508178710937 0.0502166748046875
-0.0457687377929687 -0.112060546875 -0.016845703125 0.0375289916992187
-0.0197296142578125 -0.13800048828125 -0.0453834533691406 0.0167922973632813
-0.02099609375 -0.126045227050781 0.0544586181640625 -0.0784683227539063
-0.0587310791015625 -0.0972671508789063 0.00445556640625 -0.0455322265625
-0.0784378051757812 -0.0374679565429687 0.00801277160644531 0.0057992935180664
-0.07012939453125 0.0161285400390625 0.0426292419433594 0.000732421875000001
-0.0378150939941406 0.0452003479003906 0.0465507507324219 -0.0352210998535156
-0.0057525634765625 0.0639419555664063 0.0265998840332031 -0.0622634887695312
0.0171661376953125 0.0531959533691406 0.000373840332031253 -0.0782318115234375
0.0129623413085937 0.0484886169433594 -0.00649261474609375 -0.0805511474609375
0.0108451843261719 0.0560455322265625 0.00658416748046876 -0.0777740478515625
-0.00202560424804687 0.0559730529785156 0.0357666015625 -0.0626869201660156
-0.0291671752929687 0.0434989929199219 0.0511054992675781 -0.0387725830078125
-0.0524063110351563 0.027099609375 0.0516929626464844 0.00217819213867188
-0.0636711120605469 -0.0244979858398438 0.0278358459472656 0.03662109375
-0.0479660034179688 -0.080841064453125 -0.0245590209960938 0.00800514221191405
-0.030364990234375 -0.114891052246094 -0.0380210876464844 -0.025634765625
-0.0275650024414063 -0.0851974487304688 0.0488128662109375 -0.11102294921875
-0.0481681823730469 -0.0589179992675781 -0.0042877197265625 -0.0654983520507813
-0.0547027587890625 -0.0134086608886719 0.000974655151367184 -0.00629854202270508
-0.0387802124023438 0.0218467712402344 0.0391044616699219 -0.0120964050292969
-0.0120525360107422 0.03369140625 0.0379524230957031 -0.0470962524414063
0.0118484497070313 0.0363235473632813 0.0143203735351563 -0.0756454467773438
0.0230998992919922 0.0208015441894531 -0.0142135620117188 -0.0896148681640625
0.0195884704589844 0.0183773040771484 -0.02099609375 -0.0901947021484375
0.0203227996826172 0.0202274322509766 -0.00414276123046875 -0.0881423950195312
0.0205669403076172 0.0233688354492188 0.0310211181640625 -0.0737152099609375
0.00572395324707031 0.0281829833984375 0.0472793579101563 -0.0443038940429688
-0.0133209228515625 0.0314712524414063 0.0483055114746094 -0.0021820068359375
-0.0405464172363281 0.00883865356445313 0.0189228057861328 0.0233345031738281
-0.0488662719726563 -0.0367202758789063 -0.0316486358642578 -0.0148582458496094
-0.0418624877929687 -0.0748977661132813 -0.0339279174804688 -0.0578536987304688
0.0514373779296875 0.013275146484375 0.0527000427246094 0.0635337829589844
0.0608787536621094 -0.0287437438964844 0.0452308654785156 0.0192985534667969
0.00783920288085938 -0.0583343505859375 -0.00428581237792968 -0.0215511322021484
-0.0340385437011719 -0.0387191772460937 -0.0459251403808594 0.00142288208007812
-0.0409317016601563 -0.0100517272949219 -0.0400657653808594 0.0377922058105469
-0.0419387817382813 0.0157012939453125 -0.0178298950195313 0.0736923217773438
-0.0272045135498047 0.0274810791015625 0.0172882080078125 0.0844192504882812
-0.0271053314208984 0.0188484191894531 0.0329818725585938 0.079864501953125
-0.033538818359375 0.0133190155029297 0.024322509765625 0.0775680541992188
-0.0310153961181641 -0.00336265563964844 -0.00226593017578126 0.0710678100585938
-0.0146121978759766 -0.0193347930908203 -0.0174560546875 0.0511016845703125
0.00251579284667969 -0.0218944549560547 -0.0194473266601563 0.0283088684082031
0.0250167846679688 -0.00585556030273438 -0.00577354431152344 0.03173828125
0.0328350067138672 0.0250091552734375 0.00336456298828126 0.08880615234375
0.0147666931152344 0.0427970886230469 -0.06951904296875 0.126449584960938
0.0526504516601562 -0.0355987548828125 0.0611801147460938 0.0644302368164063
0.0492591857910156 -0.0687294006347656 0.0500411987304688 0.0208892822265625
-0.0125045776367187 -0.081634521484375 0.00598335266113281 -0.0136632919311523
-0.0634002685546875 -0.0451583862304687 -0.0282840728759766 0.00376319885253906
-0.065887451171875 0.00109481811523437 -0.0222492218017578 0.0310611724853516
-0.0550155639648437 0.0437355041503906 -0.00489425659179688 0.0599288940429688
-0.026153564453125 0.0576286315917969 0.0236091613769531 0.0662918090820313
-0.0252609252929688 0.0472030639648438 0.0392723083496094 0.0627555847167969
-0.0324058532714844 0.0455970764160156 0.0344276428222656 0.0627555847167969
-0.0406684875488281 0.0300445556640625 0.0118293762207031 0.0646171569824219
-0.0384292602539063 0.00312042236328125 -0.0017242431640625 0.0494842529296875
-0.0323677062988281 -0.0135288238525391 -0.00632095336914063 0.0363655090332031
-0.00756072998046875 -0.0276203155517578 0.00296401977539063 0.0492706298828125
0.0150814056396484 -0.021728515625 0.00421905517578125 0.100799560546875
0.0112323760986328 -0.0118513107299805 -0.0678024291992188 0.135589599609375
0.045257568359375 -0.0807418823242188 0.0703582763671875 0.0529632568359375
0.0281600952148438 -0.100395202636719 0.0516738891601563 0.0162734985351562
-0.0341796875 -0.0933151245117188 0.0143918991088867 -0.00514411926269532
-0.0837631225585938 -0.0446090698242187 -0.00827217102050782 0.00847291946411133
-0.081268310546875 0.0121917724609375 -0.00106620788574219 0.0201778411865234
-0.0601272583007812 0.0661697387695313 0.00932693481445312 0.0384864807128906
-0.02166748046875 0.0794143676757813 0.0279121398925781 0.0383377075195313
-0.0206146240234375 0.06817626953125 0.0398712158203125 0.0351409912109375
-0.0267791748046875 0.0730514526367187 0.0382843017578125 0.038116455078125
-0.0441055297851563 0.06005859375 0.0236434936523437 0.0470390319824219
-0.0586013793945313 0.0267486572265625 0.0147514343261719 0.0392112731933594
-0.0644874572753906 -0.00342941284179686 0.00969696044921874 0.0388984680175781
-0.0402793884277344 -0.0469398498535156 0.0127754211425781 0.0619430541992187
-0.00529479980468749 -0.0660896301269531 0.00193023681640624 0.101570129394531
0.00523757934570313 -0.0651168823242188 -0.0642242431640625 0.127655029296875
0.0279312133789063 -0.116645812988281 0.07562255859375 0.0308151245117187
-0.00177764892578126 -0.118560791015625 0.0478897094726563 0.00608444213867187
-0.056854248046875 -0.09161376953125 0.0194492340087891 0.00210952758789062
-0.0967178344726563 -0.0334701538085937 0.0111761093139648 0.0122203826904297
-0.0842208862304688 0.0249786376953125 0.0211544036865234 0.00798797607421875
-0.0550308227539063 0.0798797607421875 0.0233001708984375 0.0114517211914063
-0.01318359375 0.0894088745117188 0.0280323028564453 0.00526809692382813
-0.0125503540039063 0.080169677734375 0.03424072265625 0.00220680236816407
-0.0177154541015625 0.0891571044921875 0.0364875793457031 0.00679397583007813
-0.0417709350585938 0.0815277099609375 0.0324897766113281 0.0198993682861328
-0.0699348449707031 0.045806884765625 0.0307998657226563 0.0206584930419922
-0.0866928100585938 0.00843048095703126 0.0271568298339844 0.0340385437011719
-0.0674476623535156 -0.0590972900390625 0.0242729187011719 0.0655136108398438
-0.0245895385742188 -0.0998458862304688 -0.000885009765624999 0.0905227661132813
-0.0026397705078125 -0.106658935546875 -0.0566558837890625 0.102523803710938
0.00543975830078124 -0.136810302734375 0.07452392578125 -0.00135803222656251
-0.033233642578125 -0.123519897460938 0.0373420715332031 -0.00762939453125001
-0.0767364501953125 -0.0765914916992188 0.0204639434814453 0.00776100158691406
-0.0978164672851563 -0.0140151977539063 0.0295524597167969 0.0121917724609375
-0.0749282836914063 0.038330078125 0.0385360717773437 -0.00664901733398437
-0.0406265258789063 0.0835952758789062 0.0318241119384766 -0.0174064636230469
-0.00131988525390625 0.0863494873046875 0.0230884552001953 -0.0281791687011719
-0.00305175781249999 0.0792312622070313 0.0224609375 -0.0311260223388672
-0.007080078125 0.0901412963867188 0.0286827087402344 -0.0270195007324219
-0.0320281982421875 0.0866165161132813 0.0372581481933594 -0.0114860534667969
-0.0671501159667969 0.05621337890625 0.0429420471191406 -0.00337982177734375
-0.0918807983398438 0.0186080932617187 0.0414924621582031 0.0229949951171875
-0.0809402465820313 -0.0584030151367187 0.0321311950683594 0.0600738525390625
-0.03912353515625 -0.113166809082031 -0.00586700439453126 0.0681648254394531
-0.0134201049804687 -0.128616333007813 -0.0496406555175781 0.0643196105957031
-0.0149307250976563 -0.137565612792969 0.0671577453613281 -0.0372734069824219
-0.0553359985351562 -0.112327575683594 0.0223674774169922 -0.0237407684326172
-0.0843887329101563 -0.053558349609375 0.0170154571533203 0.00935554504394531
-0.0867462158203125 0.00679016113281251 0.0405921936035156 0.0077667236328125
-0.0554618835449219 0.0452499389648438 0.0469894409179688 -0.0215835571289062
-0.0210494995117187 0.0760726928710938 0.0324020385742188 -0.0430946350097656
0.0110626220703125 0.0708541870117188 0.0127296447753906 -0.0574417114257812
0.00678253173828124 0.0660629272460937 0.00793457031250001 -0.0590629577636719
0.004058837890625 0.0767288208007813 0.0173263549804688 -0.0562400817871094
-0.0159988403320312 0.0755233764648438 0.0373954772949219 -0.0417861938476562
-0.0503311157226562 0.0534706115722656 0.0499038696289063 -0.0251007080078125
-0.0767898559570312 0.0251693725585938 0.0506019592285156 0.0107078552246094
-0.0768814086914063 -0.0436325073242188 0.0340385437011719 0.0482902526855469
-0.04718017578125 -0.10296630859375 -0.0132369995117188 0.0390777587890625
-0.0248870849609375 -0.1279296875 -0.042236328125 0.0208168029785156
-0.0290298461914063 -0.1187744140625 0.05792236328125 -0.0729217529296875
-0.0629806518554688 -0.0879287719726563 0.00787734985351562 -0.0418853759765625
-0.0771865844726563 -0.0296630859375 0.0108156204223633 0.00311756134033203
-0.06475830078125 0.0208625793457031 0.0430641174316406 -0.00138092041015625
-0.0315589904785156 0.0442390441894531 0.0449104309082031 -0.0362129211425781
0.000179290771484379 0.0585098266601563 0.0249481201171875 -0.0620460510253906
0.0204277038574219 0.0460128784179688 -0.00155639648437499 -0.0763320922851563
0.0155792236328125 0.0429916381835938 -0.00793457031249999 -0.07861328125
0.0143051147460938 0.0492057800292969 0.00536346435546875 -0.0770339965820313
0.0032501220703125 0.0498771667480469 0.0346488952636719 -0.0630569458007813
-0.0225105285644531 0.0418357849121094 0.0504837036132813 -0.0399742126464844
-0.0454254150390625 0.0287055969238281 0.0524482727050781 0.00115966796875
-0.0597991943359375 -0.0183601379394531 0.02972412109375 0.0348873138427734
-0.0512847900390625 -0.0719223022460938 -0.0216903686523438 0.0110969543457031
-0.0366592407226563 -0.105484008789063 -0.0369987487792969 -0.0183868408203125
-0.0344924926757813 -0.0814743041992187 0.0496444702148438 -0.104263305664063
-0.0532760620117188 -0.0537796020507813 -0.00135421752929687 -0.0609283447265625
-0.0560150146484375 -0.00755310058593751 0.0033721923828125 -0.00730943679809571
-0.0355072021484375 0.0265579223632812 0.037628173828125 -0.0135993957519531
-0.00649642944335938 0.0345611572265625 0.035400390625 -0.0466575622558594
0.0167808532714844 0.0322475433349609 0.0118789672851563 -0.073089599609375
0.0255870819091797 0.0149478912353516 -0.0162734985351563 -0.0853271484375
0.0213680267333984 0.0136318206787109 -0.0234375 -0.0856399536132813
0.0225982666015625 0.0148334503173828 -0.00615692138671874 -0.0843963623046875
0.0236320495605469 0.0179805755615234 0.0291748046875 -0.0722122192382813
0.0109825134277344 0.0261039733886719 0.0455398559570313 -0.0432167053222656
-0.00741958618164063 0.0324287414550781 0.04833984375 -0.00321578979492187
-0.0367965698242188 0.0144729614257813 0.0198898315429687 0.0235424041748047
-0.0519752502441406 -0.0292549133300781 -0.0299491882324219 -0.0100173950195313
-0.0483779907226563 -0.0679893493652344 -0.0358200073242187 -0.0491104125976563
0.0559539794921875 0.0111808776855469 0.0528717041015625 0.0564918518066406
0.0617446899414062 -0.0358314514160156 0.0447196960449219 0.0140647888183594
0.00391769409179688 -0.0620765686035156 -0.0048828125 -0.0219593048095703
-0.0389633178710937 -0.0381622314453125 -0.0456771850585938 0.00100708007812499
-0.0441169738769531 -0.00748443603515626 -0.0389671325683594 0.0361900329589844
-0.0434532165527344 0.0200119018554687 -0.017333984375 0.0715713500976563
-0.0274333953857422 0.0324954986572266 0.0164947509765625 0.0811996459960938
-0.0273971557617188 0.0230712890625 0.03253173828125 0.0757675170898438
-0.0351276397705078 0.0186119079589844 0.0252761840820312 0.0735092163085938
-0.0352554321289062 -0.000728607177734379 -0.000450134277343755 0.0694541931152344
-0.0188674926757813 -0.0202846527099609 -0.0152511596679687 0.0506629943847656
0.000623703002929686 -0.0260906219482422 -0.0180149078369141 0.0297355651855469
0.0283756256103516 -0.0105571746826172 -0.00711631774902344 0.0335445404052734
0.0403289794921875 0.0223617553710937 0.000274658203125006 0.086181640625
0.0218009948730469 0.0426864624023438 -0.0721206665039062 0.122138977050781
0.0568313598632813 -0.0348968505859375 0.0637283325195313 0.056396484375
0.050750732421875 -0.0728683471679687 0.0501937866210938 0.0154953002929687
-0.0142593383789063 -0.0844497680664063 0.00623130798339844 -0.0151491165161133
-0.0657958984375 -0.0455970764160156 -0.0275287628173828 0.00330924987792969
-0.0679473876953125 0.00214767456054687 -0.0212688446044922 0.0274906158447266
-0.0556221008300781 0.0471839904785156 -0.00458908081054688 0.0567398071289063
-0.0260734558105469 0.0602798461914062 0.0236053466796875 0.061553955078125
-0.0259780883789062 0.0501136779785156 0.0385475158691406 0.0567398071289063
-0.034088134765625 0.0491256713867188 0.0347023010253906 0.05755615234375
-0.0430908203125 0.0312385559082031 0.014556884765625 0.0604209899902344
-0.041259765625 0.00103759765624999 0.00147628784179687 0.0482254028320313
-0.0325088500976563 -0.0171051025390625 -0.00363540649414063 0.0371284484863281
-0.00322151184082031 -0.0301742553710937 0.00235748291015625 0.050506591796875
0.0221405029296875 -0.0222110748291016 0.00263977050781249 0.0987472534179687
0.0182647705078125 -0.008880615234375 -0.0680465698242188 0.132286071777344
0.0485916137695313 -0.0780181884765625 0.0743637084960937 0.0460433959960937
0.0307235717773438 -0.100761413574219 0.0529937744140625 0.0106277465820312
-0.033935546875 -0.0949783325195313 0.0151386260986328 -0.00807285308837891
-0.0853958129882813 -0.0449066162109375 -0.00713539123535157 0.0066828727722168
-0.0817413330078125 0.0125656127929688 0.00117683410644531 0.0171146392822266
-0.0609321594238281 0.0665321350097656 0.00980567932128906 0.0336227416992188
-0.0215682983398438 0.0798110961914063 0.0272655487060547 0.0330181121826172
-0.0208854675292969 0.0689544677734375 0.0387344360351563 0.0288658142089844
-0.0280227661132812 0.0736465454101563 0.038818359375 0.0324172973632813
-0.045196533203125 0.060089111328125 0.0267982482910156 0.0422286987304688
-0.059295654296875 0.02496337890625 0.0190391540527344 0.0372314453125
-0.0630531311035156 -0.00584793090820312 0.0131568908691406 0.0398712158203125
-0.0361251831054688 -0.0484428405761719 0.0141258239746094 0.0632553100585938
0.00101470947265626 -0.064788818359375 0.00218200683593749 0.100715637207031
0.0106239318847656 -0.0605201721191406 -0.0626602172851562 0.125450134277344
0.0296859741210937 -0.110694885253906 0.0816802978515625 0.0245819091796875
0.00102996826171875 -0.116462707519531 0.05059814453125 0.00150680541992187
-0.0547714233398437 -0.0914764404296875 0.0210590362548828 -0.00135421752929688
-0.0952682495117187 -0.0332183837890625 0.0133810043334961 0.00934314727783203
-0.0836715698242188 0.0243759155273437 0.0232715606689453 0.00379180908203125
-0.0546112060546875 0.0782012939453125 0.0233268737792969 0.00661468505859376
-0.01300048828125 0.0877761840820313 0.0268688201904297 -0.000127792358398432
-0.0123367309570312 0.0783233642578125 0.0333347320556641 -0.0034332275390625
-0.0174484252929688 0.0880203247070313 0.0360145568847656 0.000900268554687506
-0.0406494140625 0.0793380737304687 0.0356674194335938 0.0147628784179688
-0.0685157775878906 0.0439300537109375 0.0346031188964844 0.0174522399902344
-0.0837173461914063 0.00701904296875 0.0313453674316406 0.0342597961425781
-0.0632247924804688 -0.0585670471191406 0.0262718200683594 0.066162109375
-0.020477294921875 -0.096923828125 0.00127410888671874 0.0899810791015625
0.000442504882812501 -0.100189208984375 -0.0539321899414062 0.102493286132813
0.0053863525390625 -0.130126953125 0.0815811157226562 -0.00410461425781251
-0.0313262939453125 -0.117034912109375 0.0416641235351563 -0.00996398925781251
-0.0728302001953125 -0.073822021484375 0.0227127075195312 0.00472831726074218
-0.0946502685546875 -0.0135421752929688 0.0314178466796875 0.009796142578125
-0.0718841552734375 0.0356521606445313 0.0403404235839844 -0.0102653503417969
-0.0397720336914063 0.0799026489257813 0.0315971374511719 -0.0220508575439453
-0.000602722167968745 0.0824432373046875 0.0215606689453125 -0.0324459075927734
-0.00257873535156251 0.0757369995117188 0.0214996337890625 -0.03466796875
-0.00610351562500001 0.0867767333984375 0.0282382965087891 -0.0316276550292969
-0.02972412109375 0.0834503173828125 0.0389404296875 -0.01617431640625
-0.0640182495117188 0.0543251037597656 0.0461997985839844 -0.00567245483398437
-0.0875015258789063 0.0182876586914062 0.0458183288574219 0.0221138000488281
-0.0763473510742188 -0.0565567016601562 0.0352363586425781 0.0602073669433594
-0.036895751953125 -0.108650207519531 -0.00249481201171876 0.0682029724121094
-0.0126266479492188 -0.121253967285156 -0.0458793640136719 0.0665359497070312
-0.0172500610351563 -0.130569458007813 0.0742416381835938 -0.0368423461914063
-0.05609130859375 -0.104598999023438 0.0280399322509766 -0.0247344970703125
-0.081390380859375 -0.0491867065429687 0.0204296112060547 0.00628662109375
-0.0819854736328125 0.00867462158203125 0.0422630310058594 0.00515365600585938
-0.0514068603515625 0.0432510375976563 0.0482521057128906 -0.0246505737304687
-0.0179061889648438 0.0709457397460938 0.032928466796875 -0.0455894470214844
0.0110092163085937 0.0655670166015625 0.0119667053222656 -0.0593414306640625
0.00780487060546875 0.0621414184570313 0.00701141357421875 -0.061614990234375
0.0051422119140625 0.0716552734375 0.0167198181152344 -0.0593032836914063
-0.0128250122070313 0.0706405639648438 0.0391731262207031 -0.0452461242675781
-0.0458145141601562 0.0517921447753906 0.051727294921875 -0.0275421142578125
-0.0709686279296875 0.0253524780273438 0.0536766052246094 0.00981903076171875
-0.0727310180664063 -0.0406723022460938 0.0372543334960937 0.0472793579101563
-0.0472793579101563 -0.0963668823242187 -0.00943374633789063 0.0401954650878906
-0.0266799926757812 -0.119560241699219 -0.0391464233398438 0.0255928039550781
-0.03326416015625 -0.113395690917969 0.0644607543945313 -0.0704879760742188
-0.06451416015625 -0.0805282592773437 0.0138778686523438 -0.0409126281738281
-0.075439453125 -0.0239791870117188 0.0137624740600586 0.00196552276611328
-0.0600967407226562 0.0239830017089844 0.0437126159667969 -0.00329971313476562
-0.0262031555175781 0.04351806640625 0.0453605651855469 -0.0376052856445313
0.00361251831054688 0.0533981323242187 0.0247306823730469 -0.0638465881347656
0.0213890075683594 0.0396308898925781 -0.001861572265625 -0.0762405395507813
0.01617431640625 0.0380401611328125 -0.00904083251953125 -0.0784683227539063
0.015289306640625 0.0431900024414063 0.00421905517578125 -0.0771026611328125
0.00591278076171875 0.0446662902832031 0.0348434448242188 -0.0645217895507813
-0.0174674987792969 0.0390357971191406 0.0512428283691406 -0.0399513244628906
-0.0394935607910156 0.0291900634765625 0.0538902282714844 0.000621795654296877
-0.0554733276367188 -0.0133895874023438 0.0320224761962891 0.03448486328125
-0.0521278381347656 -0.0652618408203125 -0.0187549591064453 0.0143814086914062
-0.040496826171875 -0.0978012084960938 -0.0354957580566406 -0.0123977661132813
-0.0405960083007812 -0.0800094604492188 0.054656982421875 -0.0999603271484375
-0.0579414367675781 -0.0482711791992188 0.00403213500976562 -0.0579757690429688
-0.0563621520996094 -0.00284194946289062 0.00550460815429687 -0.00917243957519531
-0.0328426361083984 0.0304126739501953 0.0370063781738281 -0.0148811340332031
-0.00193595886230469 0.0349235534667969 0.0339088439941406 -0.0456390380859375
0.0209083557128906 0.0280647277832031 0.0113754272460937 -0.0723876953125
0.026824951171875 0.00894546508789062 -0.0168075561523437 -0.0821151733398438
0.0223808288574219 0.008544921875 -0.022979736328125 -0.0828933715820313
0.023040771484375 0.00917625427246094 -0.00652313232421875 -0.0819549560546875
0.0265884399414063 0.0121517181396484 0.0289459228515625 -0.071075439453125
0.0156230926513672 0.0228958129882813 0.04559326171875 -0.0426788330078125
-0.00121879577636719 0.032379150390625 0.0480880737304688 -0.0030364990234375
-0.0336551666259766 0.0188827514648438 0.0212993621826172 0.0231952667236328
-0.0538101196289063 -0.0220947265625 -0.0278110504150391 -0.00574302673339844
-0.0533332824707031 -0.0608901977539063 -0.0355453491210938 -0.0412521362304688
0.06182861328125 0.00716781616210938 0.0526504516601563 0.0487937927246094
0.0627632141113281 -0.0436325073242188 0.0434112548828125 0.00858688354492187
-0.000804901123046871 -0.066192626953125 -0.00660896301269531 -0.0240421295166016
-0.0447120666503906 -0.03753662109375 -0.0460777282714844 0.000865936279296881
-0.0480384826660156 -0.00395584106445312 -0.0396385192871094 0.0360984802246094
-0.0441322326660156 0.0264358520507813 -0.0178375244140625 0.071380615234375
-0.0261383056640625 0.0371017456054688 0.0166091918945313 0.0801925659179688
-0.0277080535888672 0.0284652709960938 0.0326919555664063 0.0732498168945313
-0.0364913940429688 0.0244407653808594 0.0259628295898438 0.0707473754882813
-0.0390853881835937 0.00308990478515625 0.000812530517578127 0.0675888061523438
-0.0241374969482422 -0.0213184356689453 -0.0133438110351563 0.0507240295410156
-0.0028839111328125 -0.0297412872314453 -0.0167942047119141 0.0313930511474609
0.031036376953125 -0.0162715911865234 -0.00882339477539063 0.0359420776367188
0.0480499267578125 0.018524169921875 -0.00302886962890625 0.08660888671875
0.0303764343261719 0.0419502258300781 -0.07568359375 0.120849609375
0.0628395080566406 -0.0374069213867188 0.0655670166015625 0.0485153198242188
0.052398681640625 -0.07952880859375 0.0497169494628906 0.00953292846679687
-0.017974853515625 -0.0885696411132813 0.00584602355957031 -0.0182266235351563
-0.0710067749023438 -0.0452499389648438 -0.0269832611083984 0.00171852111816406
-0.0714645385742188 0.00539398193359376 -0.0209770202636719 0.0255565643310547
-0.0572547912597656 0.0520248413085937 -0.00529098510742188 0.0540924072265625
-0.0253448486328125 0.064697265625 0.0224227905273437 0.0588455200195313
-0.0259361267089844 0.0536537170410156 0.0381660461425781 0.0524177551269531
-0.0345726013183594 0.0544662475585938 0.0351676940917969 0.0531120300292969
-0.0458412170410156 0.0342979431152344 0.0163307189941406 0.0573348999023438
-0.0452346801757813 0.000476837158203129 0.0049896240234375 0.0472259521484375
-0.0344429016113281 -0.0206165313720703 -0.000644683837890628 0.0390510559082031
0.00037384033203125 -0.0355377197265625 0.00305938720703126 0.0534133911132813
0.0296058654785156 -0.0247650146484375 0.000877380371093761 0.099151611328125
0.026123046875 -0.00776100158691406 -0.0697021484375 0.132026672363281
0.0541305541992188 -0.0775299072265625 0.0786590576171875 0.0378036499023437
0.0332489013671875 -0.105316162109375 0.0542411804199219 0.00458526611328124
-0.0355300903320312 -0.0988998413085938 0.0154247283935547 -0.0113801956176758
-0.0885772705078125 -0.0455551147460937 -0.00624895095825196 0.00389909744262695
-0.0847396850585938 0.0137786865234375 0.00159454345703124 0.0128383636474609
-0.0621223449707031 0.0700721740722656 0.00899314880371093 0.0292091369628906
-0.0215225219726562 0.0824661254882813 0.0257644653320312 0.0283851623535156
-0.0206451416015625 0.0716552734375 0.0370979309082031 0.02362060546875
-0.0280227661132812 0.07684326171875 0.0382919311523438 0.0265426635742188
-0.0469284057617188 0.0613822937011719 0.0292167663574219 0.03778076171875
-0.061981201171875 0.0232391357421875 0.0229988098144531 0.0353279113769531
-0.0637092590332031 -0.00855636596679687 0.017913818359375 0.0403938293457031
-0.0323066711425781 -0.051849365234375 0.01654052734375 0.0654220581054688
0.00691986083984376 -0.065948486328125 0.00302886962890625 0.102470397949219
0.0176315307617187 -0.0575408935546875 -0.061767578125 0.126632690429688
0.033660888671875 -0.108352661132813 0.087799072265625 0.0177459716796875
0.00395965576171876 -0.117294311523438 0.053314208984375 -0.00471496582031251
-0.0539474487304687 -0.0932693481445313 0.0219154357910156 -0.00498008728027344
-0.0960693359375 -0.034210205078125 0.0151863098144531 0.00634670257568359
-0.0844650268554687 0.0235137939453125 0.0240898132324219 -0.000476837158203124
-0.05560302734375 0.079071044921875 0.0227336883544922 0.000946044921875005
-0.01312255859375 0.08770751953125 0.0249691009521484 -0.00545501708984374
-0.012664794921875 0.079315185546875 0.0308876037597656 -0.00935173034667968
-0.0176162719726563 0.0882034301757813 0.0355606079101563 -0.00526046752929687
-0.041412353515625 0.0789794921875 0.0380821228027344 0.00963211059570313
-0.0689277648925781 0.0430717468261719 0.0391845703125 0.0146064758300781
-0.0830535888671875 0.00511169433593751 0.036590576171875 0.0338325500488281
-0.0596847534179687 -0.0608634948730469 0.030120849609375 0.0676231384277344
-0.0162277221679688 -0.0967559814453125 0.00384521484375 0.0912704467773437
0.00463104248046876 -0.0967025756835938 -0.0517959594726562 0.104446411132813
0.00653076171874999 -0.12518310546875 0.089202880859375 -0.00951385498046876
-0.029205322265625 -0.114952087402344 0.0461997985839844 -0.0153465270996094
-0.0710983276367188 -0.0737075805664063 0.0245609283447266 0.000988006591796871
-0.0924224853515625 -0.0139617919921875 0.0336971282958984 0.00634574890136719
-0.071319580078125 0.0344619750976563 0.0420341491699219 -0.0147590637207031
-0.038848876953125 0.0780258178710937 0.0311126708984375 -0.0268993377685547
-0.00121307373046876 0.0798873901367187 0.0199165344238281 -0.0372390747070312
-0.00235748291015625 0.0743942260742188 0.0193672180175781 -0.0400581359863281
-0.0050506591796875 0.0855178833007813 0.0271949768066406 -0.0368537902832031
-0.0285186767578125 0.0811843872070313 0.0410881042480469 -0.0218009948730469
-0.0627555847167969 0.052337646484375 0.0496253967285156 -0.00978469848632812
-0.0853195190429687 0.017303466796875 0.0506439208984375 0.020721435546875
-0.0731201171875 -0.0563278198242188 0.0391883850097656 0.0601425170898437
-0.0354537963867187 -0.106407165527344 0.00108718872070312 0.0694923400878906
-0.0112838745117188 -0.116775512695313 -0.0428962707519531 0.0697669982910156
-0.0194244384765625 -0.125518798828125 0.0834732055664063 -0.0399093627929688
-0.05572509765625 -0.099945068359375 0.0333786010742188 -0.0277805328369141
-0.0789108276367188 -0.0463943481445313 0.0227108001708984 0.00287628173828125
-0.0779647827148438 0.00947570800781251 0.0445671081542969 0.00235748291015625
-0.0488815307617187 0.0413551330566406 0.0495796203613281 -0.028076171875
-0.0165138244628906 0.0672264099121094 0.0319480895996094 -0.0501518249511719
0.0108795166015625 0.0611228942871094 0.0102615356445312 -0.0627212524414063
0.00780868530273438 0.0583457946777344 0.00450897216796875 -0.0651473999023438
0.00602340698242188 0.0677108764648438 0.0153579711914062 -0.0628700256347656
-0.0119209289550781 0.0665969848632813 0.039764404296875 -0.0497817993164062
-0.043212890625 0.0491561889648438 0.0541877746582031 -0.0306434631347656
-0.0670356750488281 0.0241966247558594 0.05755615234375 0.00766754150390625
-0.069366455078125 -0.0384063720703125 0.0408935546875 0.0459022521972656
-0.04779052734375 -0.0922775268554687 -0.00593948364257813 0.041656494140625
-0.0273666381835938 -0.112945556640625 -0.0355567932128906 0.0299911499023437
-0.037750244140625 -0.108413696289063 0.073150634765625 -0.071380615234375
-0.0671920776367188 -0.074127197265625 0.0200347900390625 -0.0421638488769531
-0.07427978515625 -0.0190200805664063 0.0161514282226562 -0.00122833251953125
-0.0556678771972656 0.0266914367675781 0.0449943542480469 -0.00576400756835937
-0.02203369140625 0.0423316955566406 0.0462417602539063 -0.0393142700195313
0.00615692138671875 0.0485458374023438 0.0244140625 -0.065948486328125
0.0210189819335937 0.0340633392333984 -0.00312042236328125 -0.0779800415039063
0.0160560607910156 0.0339012145996094 -0.0107269287109375 -0.0794296264648437
0.0157508850097656 0.038238525390625 0.00335693359375001 -0.0791473388671875
0.00750732421875 0.0385246276855469 0.0358200073242188 -0.0675277709960938
-0.0134963989257813 0.0356864929199219 0.0527305603027344 -0.043060302734375
-0.033721923828125 0.0291080474853516 0.0566139221191406 -0.00103759765625
-0.0516433715820313 -0.00985717773437501 0.0351753234863281 0.0327072143554688
-0.0528450012207031 -0.0581169128417969 -0.0155925750732422 0.0160455703735351
-0.0441970825195312 -0.0901336669921875 -0.0328960418701172 -0.00674629211425782
-0.0471420288085938 -0.0764083862304688 0.0615234375 -0.0991134643554688
-0.0618629455566406 -0.0424842834472656 0.00934982299804686 -0.0588226318359375
-0.05743408203125 0.00314331054687501 0.00757694244384765 -0.0118169784545898
-0.0287265777587891 0.034912109375 0.03692626953125 -0.0166282653808594
0.0027313232421875 0.0341949462890625 0.0334625244140625 -0.0474929809570313
0.0240287780761719 0.0237827301025391 0.0111541748046875 -0.0729751586914063
0.0263175964355469 0.00345802307128906 -0.01715087890625 -0.0816802978515625
0.0218143463134766 0.00434112548828125 -0.0240554809570313 -0.0824356079101562
0.0225563049316406 0.00369453430175781 -0.00663757324218749 -0.0823516845703125
0.0276432037353516 0.00589752197265625 0.0293655395507812 -0.0729598999023438
0.0196666717529297 0.0192470550537109 0.0466156005859375 -0.0442543029785156
0.00448989868164063 0.0322856903076172 0.0496101379394531 -0.00373458862304687
-0.0295314788818359 0.0232696533203125 0.0234527587890625 0.0223846435546875
-0.0553817749023438 -0.0142288208007812 -0.0255146026611328 -0.00132369995117187
-0.0587234497070313 -0.0537872314453125 -0.0343799591064453 -0.0339527130126953
0.0676078796386719 0.0003662109375 0.0514106750488281 0.0415191650390625
0.0605239868164063 -0.05322265625 0.04058837890625 0.00322341918945312
-0.00753021240234375 -0.0698127746582031 -0.00870323181152344 -0.0249862670898438
-0.0512275695800781 -0.0349159240722656 -0.0471267700195313 0.00189590454101563
-0.0522575378417969 0.00102615356445312 -0.0409088134765625 0.0370597839355469
-0.0439262390136719 0.0339164733886719 -0.0168304443359375 0.0726470947265625
-0.0235671997070312 0.0435218811035156 0.0171966552734375 0.0792083740234375
-0.0255565643310547 0.03387451171875 0.0339508056640625 0.0716323852539063
-0.0353164672851562 0.0319442749023438 0.0263290405273437 0.0687370300292969
-0.0420684814453125 0.00927734375 0.00279998779296874 0.0657310485839844
-0.0305423736572266 -0.0203514099121094 -0.0106239318847656 0.0504875183105469
-0.00867271423339844 -0.0334644317626953 -0.0147876739501953 0.0333824157714844
0.0320758819580078 -0.0233898162841797 -0.0086669921875 0.0395469665527344
0.0552024841308594 0.0104331970214844 -0.00453948974609375 0.0888290405273438
0.0391120910644531 0.03900146484375 -0.0792083740234375 0.123275756835938
0.0685234069824219 -0.0428085327148438 0.0658187866210938 0.0394515991210937
0.0513381958007813 -0.0884170532226563 0.0486373901367188 0.00284194946289062
-0.0246429443359375 -0.0926589965820313 0.00410270690917969 -0.0211849212646484
-0.078216552734375 -0.0426788330078125 -0.0271492004394531 0.00071525573730469
-0.0753097534179687 0.0095367431640625 -0.0218334197998047 0.0240230560302734
-0.0566825866699219 0.0595664978027344 -0.00612640380859375 0.0525245666503906
-0.0230178833007812 0.0702476501464844 0.0210609436035156 0.0555267333984375
-0.0241584777832031 0.0587959289550781 0.0372314453125 0.049224853515625
-0.0341377258300781 0.0605812072753906 0.0354080200195313 0.0490646362304688
-0.0483627319335938 0.0392074584960937 0.0182228088378906 0.0530128479003906
-0.0505599975585938 0.00171279907226563 0.00830459594726562 0.0452766418457031
-0.0385246276855469 -0.0233306884765625 0.00365829467773437 0.0393562316894531
0.0018463134765625 -0.0418243408203125 0.00516510009765625 0.0566749572753906
0.0365066528320313 -0.0309181213378906 0.00189971923828126 0.102195739746094
0.0340671539306641 -0.00980758666992188 -0.0702438354492188 0.135086059570313
0.0590286254882812 -0.080596923828125 0.0811920166015625 0.0272598266601563
0.0329360961914063 -0.112228393554688 0.0533294677734375 -0.00347518920898438
-0.0398712158203125 -0.102462768554688 0.0141201019287109 -0.0142908096313477
-0.0939712524414063 -0.0436553955078125 -0.00623750686645508 0.00150489807128906
-0.0880508422851563 0.0173492431640625 0.00182437896728515 0.00922584533691406
-0.0616836547851562 0.0755386352539063 0.00795555114746093 0.0262222290039063
-0.01953125 0.086212158203125 0.0224456787109375 0.0245342254638672
-0.0199966430664062 0.0757598876953125 0.0350437164306641 0.0186672210693359
-0.0267562866210938 0.0815582275390625 0.0371894836425781 0.0206298828125
-0.0477180480957031 0.0657119750976563 0.0307540893554687 0.0323600769042969
-0.0657081604003906 0.0248451232910156 0.0269489288330078 0.0314388275146484
-0.0664520263671875 -0.0104293823242188 0.0236434936523437 0.0396347045898438
-0.0308418273925781 -0.0570068359375 0.0210647583007812 0.0672836303710938
0.0124435424804688 -0.0705184936523438 0.005889892578125 0.104072570800781
0.0235977172851563 -0.0574531555175781 -0.05938720703125 0.129623413085937
0.0364837646484375 -0.108367919921875 0.0920486450195313 0.00784301757812499
0.00515747070312499 -0.120674133300781 0.0544166564941406 -0.0121231079101563
-0.0559616088867187 -0.0954132080078125 0.0216732025146484 -0.00921249389648438
-0.09918212890625 -0.0335922241210937 0.015477180480957 0.00241279602050781
-0.0866470336914063 0.0255584716796875 0.024871826171875 -0.005645751953125
-0.0561065673828125 0.0824203491210938 0.02069091796875 -0.00372314453125
-0.0116806030273437 0.0892257690429688 0.0213108062744141 -0.0103054046630859
-0.0117645263671875 0.0810699462890625 0.0274257659912109 -0.014801025390625
-0.0167922973632812 0.0904693603515625 0.0339717864990234 -0.0113334655761719
-0.0411529541015625 0.0796737670898438 0.0386123657226563 0.00250625610351563
-0.0701484680175781 0.0431480407714844 0.0427207946777344 0.009674072265625
-0.0836715698242188 0.00443267822265626 0.0420494079589844 0.0313339233398438
-0.0586433410644531 -0.063262939453125 0.0358238220214844 0.0673141479492188
-0.0134658813476563 -0.0988388061523438 0.00805664062500001 0.0923995971679687
0.00903320312499999 -0.095123291015625 -0.0467529296875 0.107582092285156
0.00651550292968751 -0.122383117675781 0.0952682495117188 -0.0185470581054688
-0.0281829833984375 -0.113922119140625 0.0493278503417969 -0.022613525390625
-0.0708389282226563 -0.0740280151367187 0.0254230499267578 -0.00418853759765625
-0.0922775268554687 -0.0133285522460938 0.0346393585205078 0.00188255310058594
-0.0717697143554688 0.0340805053710938 0.0430984497070313 -0.0212554931640625
-0.0382766723632813 0.078460693359375 0.0291919708251953 -0.0335903167724609
-0.00102996826171875 0.078399658203125 0.015655517578125 -0.0427131652832031
-0.0020599365234375 0.0736770629882813 0.0147628784179687 -0.0451164245605469
-0.00452423095703124 0.084442138671875 0.0238761901855469 -0.0431098937988281
-0.02838134765625 0.0802230834960938 0.0411415100097656 -0.0290565490722656
-0.0615386962890625 0.0521278381347656 0.0519142150878906 -0.0159530639648437
-0.0838394165039063 0.0166397094726563 0.0556831359863281 0.0173606872558594
-0.0720062255859375 -0.056427001953125 0.0451164245605469 0.0583686828613281
-0.0347137451171875 -0.105064392089844 0.00616836547851563 0.0702705383300781
-0.00975036621093749 -0.1126708984375 -0.0370559692382813 0.0734710693359375
-0.02130126953125 -0.120033264160156 0.0916824340820312 -0.0474929809570313
-0.0560836791992188 -0.0944976806640625 0.0383872985839844 -0.0334663391113281
-0.077301025390625 -0.0436325073242187 0.0243301391601562 -0.00198745727539063
-0.0748748779296875 0.01129150390625 0.0447959899902344 -0.0018463134765625
-0.0463714599609375 0.0400276184082031 0.0502510070800781 -0.0339889526367188
-0.0155982971191406 0.063934326171875 0.0307388305664063 -0.0560035705566406
0.0105934143066406 0.0574264526367188 0.00677490234375 -0.0664100646972656
0.007598876953125 0.0555152893066406 0.0011138916015625 -0.0693702697753906
0.00562286376953125 0.0646286010742187 0.0118141174316406 -0.0676536560058594
-0.0112571716308594 0.0625877380371094 0.0386734008789063 -0.0558509826660156
-0.041259765625 0.0471305847167969 0.0546188354492188 -0.0368537902832031
-0.0634536743164062 0.0237579345703125 0.0622062683105469 0.00323104858398438
-0.0658721923828125 -0.0362434387207031 0.0459251403808594 0.0445365905761719
-0.0475006103515625 -0.0876922607421875 -0.000244140625000004 0.0422134399414062
-0.0289459228515625 -0.107498168945313 -0.0308189392089844 0.0346546173095703
-0.043487548828125 -0.102317810058594 0.079986572265625 -0.0752792358398437
-0.0698432922363281 -0.0666122436523438 0.0248527526855469 -0.0458488464355469
-0.0715103149414063 -0.0133895874023438 0.0185832977294922 -0.00496864318847656
-0.0509490966796875 0.0287704467773438 0.04559326171875 -0.0092926025390625
-0.0178909301757813 0.0400161743164063 0.0462760925292969 -0.0443229675292969
0.007080078125 0.0433769226074219 0.0230827331542969 -0.06982421875
0.0198402404785156 0.0287609100341797 -0.0059661865234375 -0.0804977416992188
0.0152378082275391 0.0297985076904297 -0.0142974853515625 -0.081695556640625
0.0144615173339844 0.0335979461669922 0.000358581542968746 -0.081939697265625
0.00803184509277344 0.0328044891357422 0.0335311889648437 -0.0722503662109375
-0.0102272033691406 0.0315742492675781 0.0534934997558594 -0.0476226806640625
-0.0279731750488281 0.0269317626953125 0.0595169067382813 -0.00499725341796875
-0.0466041564941406 -0.00667953491210937 0.0389518737792969 0.0308952331542969
-0.0531806945800781 -0.0510406494140625 -0.0106868743896484 0.0178394317626953
-0.0472869873046875 -0.0821914672851563 -0.0291957855224609 -0.00119590759277344
-0.0557708740234375 -0.0719223022460938 0.0680923461914063 -0.101707458496094
-0.066558837890625 -0.0350074768066406 0.0134315490722656 -0.0617446899414063
-0.0573348999023438 0.0100135803222656 0.00803565979003906 -0.0146923065185547
-0.0229644775390625 0.0389060974121094 0.03656005859375 -0.0192184448242187
0.00828742980957031 0.0328445434570313 0.0324630737304688 -0.0487747192382813
0.0260601043701172 0.0182685852050781 0.00891876220703126 -0.0739898681640625
0.0255813598632813 -0.003021240234375 -0.0188140869140625 -0.0813827514648438
0.0207138061523438 -0.000135421752929688 -0.026519775390625 -0.0820159912109375
0.0208263397216797 -0.00227737426757813 -0.00745391845703124 -0.0831680297851563
0.0268592834472656 -0.00121116638183594 0.0276412963867188 -0.0761795043945313
0.022674560546875 0.0129222869873047 0.0459632873535156 -0.0469169616699219
0.0104141235351562 0.0296001434326172 0.051239013671875 -0.005584716796875
-0.0235538482666016 0.0279369354248047 0.0262908935546875 0.0216007232666016
-0.05560302734375 -0.00618362426757812 -0.0218734741210938 0.00108146667480469
-0.0633125305175781 -0.0447273254394531 -0.0315971374511719 -0.0266571044921875
0.0683784484863281 -0.00816726684570313 0.0479011535644531 0.0329360961914063
0.0545310974121094 -0.0621910095214844 0.0367660522460938 -0.00192642211914063
-0.017303466796875 -0.0696067810058594 -0.0122280120849609 -0.0262260437011719
-0.057220458984375 -0.029266357421875 -0.0470848083496094 0.00396728515624999
-0.0526924133300781 0.009033203125 -0.0402641296386719 0.0372734069824219
-0.0397377014160156 0.041748046875 -0.0154037475585938 0.0720748901367188
-0.0181312561035156 0.0470466613769531 0.0180816650390625 0.0777816772460938
-0.022552490234375 0.0389900207519531 0.0344772338867188 0.0694236755371094
-0.0312881469726563 0.0396919250488281 0.0271110534667969 0.0656204223632812
-0.0423202514648438 0.016143798828125 0.00452041625976563 0.0635490417480469
-0.0355911254882813 -0.0163917541503906 -0.00763320922851562 0.0488128662109375
-0.0136699676513672 -0.0350017547607422 -0.00960731506347656 0.0340900421142578
0.03125 -0.0312671661376953 -0.00645065307617187 0.0435714721679687
0.0579681396484375 0.000713348388671875 -0.00424194335937501 0.0910797119140625
0.0469589233398437 0.0313186645507813 -0.0795059204101563 0.125984191894531
0.0717086791992188 -0.0488739013671875 0.06219482421875 0.0292320251464844
0.0454940795898438 -0.0977401733398438 0.0439872741699219 -0.00430679321289063
-0.0318222045898438 -0.0913772583007812 0.000785827636718747 -0.0224475860595703
-0.0826263427734375 -0.037322998046875 -0.0281200408935547 0.00043296813964843
-0.0768203735351562 0.017303466796875 -0.0207996368408203 0.0211200714111328
-0.0521659851074219 0.0656280517578125 -0.00504684448242188 0.0514678955078125
-0.0188064575195313 0.0741424560546875 0.0194892883300781 0.0525856018066406
-0.019683837890625 0.0627098083496094 0.03656005859375 0.0457038879394531
-0.030548095703125 0.06597900390625 0.0345001220703125 0.0441741943359375
-0.0472373962402344 0.0442886352539063 0.0202980041503906 0.0482444763183594
-0.0551834106445313 0.00508880615234376 0.0123977661132813 0.0413589477539063
-0.0433082580566406 -0.0233802795410156 0.00801849365234374 0.03717041015625
0.00139617919921875 -0.0480079650878906 0.00887680053710938 0.0585060119628906
0.0390243530273437 -0.0388145446777344 0.0031585693359375 0.102401733398438
0.0418357849121094 -0.0146217346191406 -0.0661849975585938 0.136306762695312
0.0618820190429688 -0.0836563110351563 0.078277587890625 0.0169754028320312
0.0295639038085938 -0.11773681640625 0.0489692687988281 -0.0107803344726563
-0.0441436767578125 -0.103500366210938 0.0115900039672852 -0.0167369842529297
-0.0980606079101563 -0.0400848388671875 -0.00636959075927735 -0.00052452087402344
-0.0883255004882813 0.0214462280273437 0.000260829925537104 0.0048680305480957
-0.05902099609375 0.0829086303710938 0.00548744201660156 0.0230751037597656
-0.0161972045898438 0.0889434814453125 0.0198993682861328 0.0203819274902344
-0.0156173706054688 0.077239990234375 0.0312747955322266 0.0131435394287109
-0.0226058959960938 0.0846481323242188 0.0353813171386719 0.0137443542480469
-0.0482673645019531 0.0689926147460938 0.0321445465087891 0.0260868072509766
-0.0657844543457031 0.0268440246582031 0.0299797058105469 0.0262680053710938
-0.0692367553710938 -0.00992584228515626 0.0287246704101563 0.0369911193847656
-0.0321617126464844 -0.0612640380859375 0.0271492004394531 0.0670089721679688
0.0136871337890625 -0.0766067504882813 0.00999450683593749 0.104713439941406
0.0284385681152344 -0.0598564147949219 -0.053558349609375 0.130783081054688
0.0378875732421875 -0.107513427734375 0.090545654296875 -0.00489807128906251
0.000770568847656261 -0.122367858886719 0.0512123107910156 -0.0217781066894531
-0.0586090087890625 -0.095977783203125 0.0192451477050781 -0.0139598846435547
-0.100692749023438 -0.030548095703125 0.0149936676025391 -0.000641822814941408
-0.0875473022460938 0.027557373046875 0.0242137908935547 -0.0107765197753906
-0.0525588989257813 0.0855636596679688 0.0188732147216797 -0.00885963439941406
-0.0102920532226562 0.0907745361328125 0.0167570114135742 -0.0151472091674805
-0.0106887817382813 0.0813751220703125 0.0217666625976563 -0.0194110870361328
-0.0140533447265625 0.09075927734375 0.0280132293701172 -0.0172328948974609
-0.0398330688476563 0.0823822021484375 0.0366973876953125 -0.00492858886718749
-0.0698661804199219 0.0437202453613281 0.0442161560058594 0.00171661376953125
-0.0844345092773437 0.00534820556640624 0.0479011535644531 0.0252647399902344
-0.0583915710449219 -0.06597900390625 0.04180908203125 0.065948486328125
-0.0138931274414063 -0.100776672363281 0.0129241943359375 0.0903854370117188
0.0114669799804688 -0.0942535400390625 -0.0402145385742187 0.10888671875
0.00854492187500001 -0.11688232421875 0.0988845825195313 -0.0313491821289063
-0.0277557373046875 -0.11114501953125 0.0493850708007813 -0.0294532775878906
-0.0709457397460938 -0.0720443725585937 0.025177001953125 -0.0108375549316406
-0.0905609130859375 -0.0121612548828125 0.0343914031982422 -0.00385475158691406
-0.070556640625 0.03369140625 0.0382957458496094 -0.02685546875
-0.0378952026367188 0.076507568359375 0.0247116088867187 -0.0368309020996094
-1.52587890625003E-05 0.0770416259765625 0.010345458984375 -0.0467605590820312
0.000793457031250006 0.0740737915039062 0.00953292846679687 -0.0476264953613281
-0.003692626953125 0.0827560424804688 0.0180778503417969 -0.0467453002929687
-0.0258026123046875 0.07781982421875 0.037994384765625 -0.0375328063964844
-0.061767578125 0.0497169494628906 0.0527381896972656 -0.0239295959472656
-0.0815277099609375 0.0167694091796875 0.0585784912109375 0.0098876953125
-0.07147216796875 -0.0570144653320313 0.0502128601074219 0.053558349609375
-0.0328521728515625 -0.103652954101563 0.012542724609375 0.068267822265625
-0.00820922851562501 -0.1070556640625 -0.0294265747070313 0.076171875
-0.0235061645507813 -0.112068176269531 0.0932846069335937 -0.056915283203125
-0.0566787719726563 -0.0875244140625 0.0395393371582031 -0.0410575866699219
-0.0747299194335938 -0.039703369140625 0.0241966247558594 -0.00612068176269532
-0.071868896484375 0.0101089477539063 0.0429000854492187 -0.007904052734375
-0.041900634765625 0.0360488891601562 0.0484352111816406 -0.0400009155273438
-0.0146522521972656 0.0628318786621094 0.0262374877929687 -0.0608978271484375
0.008026123046875 0.0521659851074219 0.000736236572265624 -0.0701828002929688
0.00680160522460937 0.0517959594726563 -0.00494766235351563 -0.0695533752441406
0.00545501708984376 0.0626716613769531 0.00601959228515625 -0.07049560546875
-0.01007080078125 0.0593299865722656 0.0338897705078125 -0.0620460510253906
-0.0396614074707031 0.0440788269042969 0.0544471740722656 -0.0423202514648438
-0.058837890625 0.02374267578125 0.0633544921875 -0.0032806396484375
-0.0613517761230469 -0.0341415405273437 0.0519599914550781 0.0397529602050781
-0.0455322265625 -0.083465576171875 0.005950927734375 0.03948974609375
-0.0301361083984375 -0.100296020507813 -0.0234146118164063 0.036895751953125
-0.047698974609375 -0.0943984985351563 0.0825576782226563 -0.0839004516601563
-0.07061767578125 -0.0589599609375 0.0281791687011719 -0.0514755249023438
-0.0687370300292969 -0.00728607177734376 0.0184535980224609 -0.00887680053710938
-0.0459022521972656 0.0300788879394531 0.0457191467285156 -0.0132179260253906
-0.0137176513671875 0.0383720397949219 0.0438194274902344 -0.0476226806640625
0.00806045532226563 0.038665771484375 0.0184707641601563 -0.0717926025390625
0.0165596008300781 0.0223808288574219 -0.010040283203125 -0.0796051025390625
0.0131492614746094 0.0258350372314453 -0.01934814453125 -0.0812835693359375
0.0123310089111328 0.0290985107421875 -0.00395965576171875 -0.0831680297851563
0.0071258544921875 0.0273475646972656 0.02960205078125 -0.0748214721679688
-0.00878143310546875 0.0257301330566406 0.0519981384277344 -0.0516128540039063
-0.0249214172363281 0.0245475769042969 0.0608482360839844 -0.0101432800292969
-0.0407333374023438 -0.00460052490234376 0.0425529479980469 0.0267219543457031
-0.0490303039550781 -0.0435333251953125 -0.00707244873046875 0.0177631378173828
-0.0461959838867188 -0.072113037109375 -0.0220756530761719 0.00461006164550781
-0.0615196228027344 -0.0634384155273438 0.070648193359375 -0.107620239257813
-0.0693130493164063 -0.0250396728515625 0.0159492492675781 -0.0647811889648438
-0.0519485473632813 0.015777587890625 0.00817108154296875 -0.0194549560546875
-0.0144615173339844 0.0402488708496094 0.0348453521728516 -0.0216350555419922
0.0120391845703125 0.0304679870605469 0.0285835266113281 -0.0514640808105469
0.0269069671630859 0.0111064910888672 0.00580596923828126 -0.0745468139648438
0.0210781097412109 -0.00913047790527344 -0.02069091796875 -0.08050537109375
0.0163688659667969 -0.00467872619628906 -0.0287399291992187 -0.0806655883789063
0.0165271759033203 -0.00751495361328125 -0.0108718872070313 -0.0844192504882813
0.0242691040039063 -0.0101280212402344 0.0263900756835937 -0.0784683227539063
0.0255222320556641 0.00593948364257813 0.044769287109375 -0.0503959655761719
0.0167655944824219 0.0268630981445313 0.0526390075683594 -0.0100212097167969
-0.0172195434570313 0.0305938720703125 0.0284652709960938 0.0199661254882813
-0.0511894226074219 0.0043487548828125 -0.0165472030639648 0.00142669677734375
-0.0642852783203125 -0.0322036743164063 -0.0264472961425781 -0.0197830200195313
0.0677947998046875 -0.0172843933105469 0.0410079956054688 0.0262413024902344
0.045318603515625 -0.067047119140625 0.0314159393310547 -0.00344085693359375
-0.0240707397460937 -0.0666923522949219 -0.0140724182128906 -0.0241641998291016
-0.0602340698242188 -0.0220260620117188 -0.0472259521484375 0.00475692749023437
-0.051544189453125 0.0142364501953125 -0.0378189086914063 0.037445068359375
-0.0337562561035156 0.0459480285644531 -0.0130462646484375 0.0710906982421875
-0.0119857788085937 0.0497474670410156 0.0185928344726563 0.0756454467773438
-0.0169029235839844 0.040985107421875 0.033294677734375 0.0651702880859375
-0.0263137817382813 0.0428390502929687 0.0255165100097656 0.0615119934082031
-0.0413284301757813 0.02239990234375 0.00435638427734375 0.0597991943359375
-0.0396766662597656 -0.01129150390625 -0.00505828857421875 0.0474357604980469
-0.0191535949707031 -0.0332698822021484 -0.00828361511230469 0.0331516265869141
0.0256576538085938 -0.0371284484863281 -0.00540924072265625 0.0435600280761719
0.0583229064941406 -0.008819580078125 -0.00429534912109374 0.0905609130859375
0.0508460998535156 0.0237274169921875 -0.0776443481445312 0.126022338867188
0.0702323913574219 -0.0561370849609375 0.0559120178222656 0.0196762084960937
0.0385589599609375 -0.100448608398438 0.0372314453125 -0.00687789916992188
-0.0381927490234375 -0.089996337890625 -0.00161933898925781 -0.0228595733642578
-0.08514404296875 -0.031494140625 -0.0293941497802734 0.000259399414062493
-0.074951171875 0.02203369140625 -0.0228347778320313 0.0206165313720703
-0.0466384887695313 0.0698432922363281 -0.00585556030273437 0.0491485595703125
-0.0123672485351563 0.0744094848632813 0.0173683166503906 0.0504379272460938
-0.0151596069335938 0.065216064453125 0.0317153930664063 0.0413284301757813
-0.0245742797851562 0.0688209533691406 0.0299415588378906 0.0402107238769531
-0.0459060668945313 0.0488853454589844 0.0175552368164062 0.0437088012695313
-0.0577163696289063 0.00802230834960938 0.0131034851074219 0.0369834899902344
-0.0463790893554688 -0.023956298828125 0.0114097595214844 0.0348796844482422
-0.0010528564453125 -0.0529708862304688 0.0124549865722656 0.0579147338867188
0.0402870178222656 -0.0463943481445313 0.00621795654296874 0.101448059082031
0.0464439392089844 -0.0202903747558594 -0.0635147094726563 0.135223388671875
0.0615997314453125 -0.0882720947265625 0.0739517211914063 0.00495147705078124
0.0238418579101563 -0.119338989257813 0.0437278747558594 -0.0164527893066406
-0.0500411987304688 -0.101226806640625 0.00859832763671875 -0.0201416015625
-0.0992813110351563 -0.0351028442382812 -0.00847339630126954 -0.00264644622802735
-0.0875167846679688 0.0260772705078125 -0.00202584266662598 0.00224471092224121
-0.0532150268554687 0.0838699340820313 0.00306320190429687 0.020843505859375
-0.0116958618164063 0.0882720947265625 0.0140533447265625 0.0185070037841797
-0.0124893188476562 0.0780410766601563 0.0248870849609375 0.0109844207763672
-0.0192642211914062 0.0861358642578125 0.0286846160888672 0.0113258361816406
-0.0447540283203125 0.0712738037109375 0.0283718109130859 0.01885986328125
-0.0684852600097656 0.028778076171875 0.0305271148681641 0.0191249847412109
-0.0701828002929688 -0.0102996826171875 0.0317592620849609 0.0309963226318359
-0.0313987731933594 -0.0643386840820313 0.0307998657226563 0.0638046264648438
0.016082763671875 -0.0806427001953125 0.0137939453125 0.101142883300781
0.0336647033691406 -0.0625076293945313 -0.0481338500976562 0.12860107421875
0.0398635864257813 -0.108367919921875 0.0879745483398438 -0.0173263549804688
0.00102996826171874 -0.121826171875 0.0467872619628906 -0.0268898010253906
-0.060211181640625 -0.0947723388671875 0.0163431167602539 -0.0172958374023438
-0.10137939453125 -0.0287933349609375 0.0132684707641601 -0.00483989715576172
-0.0867919921875 0.0296478271484375 0.0187320709228516 -0.0156631469726563
-0.049530029296875 0.0856094360351563 0.0126924514770508 -0.0110292434692383
-0.00786590576171875 0.0885238647460938 0.00990676879882813 -0.0157070159912109
-0.00736236572265626 0.0802764892578125 0.0140972137451172 -0.0208988189697266
-0.0110321044921875 0.0907745361328125 0.0225105285644531 -0.0210094451904297
-0.037139892578125 0.0816650390625 0.0332317352294922 -0.0107517242431641
-0.0696334838867188 0.0445823669433594 0.0437698364257812 -0.00426483154296875
-0.0832595825195313 0.00452423095703123 0.0489730834960937 0.0196075439453125
-0.0570831298828125 -0.0658950805664063 0.0455513000488281 0.0608978271484375
-0.0106887817382813 -0.101348876953125 0.0192947387695313 0.087371826171875
0.0156021118164063 -0.0930709838867188 -0.0337753295898438 0.106109619140625
0.00897216796875 -0.114616394042969 0.0940170288085938 -0.0420074462890625
-0.0264816284179688 -0.108345031738281 0.0451126098632813 -0.0381698608398438
-0.0673370361328125 -0.07073974609375 0.02197265625 -0.0134525299072266
-0.0885848999023438 -0.0118637084960938 0.0325222015380859 -0.00716781616210938
-0.0695037841796875 0.0324172973632813 0.0356903076171875 -0.0315284729003906
-0.0367660522460937 0.0756759643554688 0.0192031860351562 -0.0407943725585937
-0.00237274169921876 0.0745773315429688 0.00307083129882812 -0.0463218688964844
-0.000518798828125005 0.0704345703125 0.0012969970703125 -0.0494384765625
-0.00307464599609374 0.0805130004882813 0.0126686096191406 -0.0493698120117188
-0.0250320434570313 0.0757369995117188 0.0326194763183594 -0.0412864685058594
-0.059295654296875 0.049407958984375 0.0489578247070313 -0.0286598205566406
-0.0786285400390625 0.0153656005859375 0.0594482421875 0.00481414794921875
-0.0665702819824219 -0.055877685546875 0.0533905029296875 0.048797607421875
-0.0319671630859375 -0.101089477539063 0.0162086486816406 0.0633621215820313
-0.00508880615234374 -0.103927612304688 -0.022308349609375 0.071807861328125
-0.02191162109375 -0.105751037597656 0.093231201171875 -0.0663223266601563
-0.0514450073242187 -0.0819320678710938 0.0391349792480469 -0.0467605590820313
-0.0690765380859375 -0.0376968383789063 0.0220375061035156 -0.0115795135498047
-0.0658607482910156 0.00928115844726563 0.0432395935058594 -0.0117340087890625
-0.0431632995605469 0.033721923828125 0.0429267883300781 -0.043365478515625
-0.0157012939453125 0.056732177734375 0.0200271606445313 -0.0615005493164062
0.00513839721679688 0.0508003234863281 -0.00455474853515624 -0.0690422058105469
0.00481033325195313 0.0496253967285156 -0.0115280151367188 -0.0687179565429688
0.00351715087890625 0.0576744079589844 0.00101470947265625 -0.0715789794921875
-0.0121269226074219 0.0545616149902344 0.0295066833496094 -0.0653839111328125
-0.0369796752929688 0.0387496948242188 0.0502433776855469 -0.0479202270507813
-0.0561294555664063 0.0201301574707031 0.063018798828125 -0.00780487060546875
-0.0577125549316406 -0.0343513488769531 0.050628662109375 0.0331764221191406
-0.042449951171875 -0.0775375366210937 0.00832366943359375 0.0364837646484375
-0.0254898071289062 -0.0927658081054688 -0.0149993896484375 0.0355033874511719
-0.0466690063476563 -0.084564208984375 0.0842361450195312 -0.0894851684570313
-0.0654487609863281 -0.0496749877929688 0.0291709899902344 -0.0559806823730469
-0.0621147155761719 -0.00412750244140625 0.0171747207641602 -0.0135746002197266
-0.0381393432617188 0.0280570983886719 0.0438385009765625 -0.01739501953125
-0.0115947723388672 0.0315933227539063 0.0397071838378906 -0.0496482849121094
0.00541496276855468 0.0313987731933594 0.0142822265625 -0.0729904174804688
0.0122947692871094 0.0207138061523438 -0.0146865844726562 -0.0791091918945312
0.00996017456054687 0.0219955444335938 -0.0222549438476563 -0.07916259765625
0.00830459594726562 0.0246543884277344 -0.00856781005859375 -0.0823974609375
0.00347709655761719 0.0219497680664063 0.0251235961914063 -0.0784530639648438
-0.00774192810058594 0.0203571319580078 0.0479087829589844 -0.05419921875
-0.0189571380615234 0.0194530487060547 0.0586814880371094 -0.0135841369628906
-0.0342445373535156 -0.00393867492675781 0.0423736572265625 0.0220375061035156
-0.044891357421875 -0.0375099182128906 -0.00223922729492188 0.0153102874755859
-0.0435905456542969 -0.0618476867675781 -0.0147905349731445 0.00521659851074218
-0.0619392395019531 -0.0533866882324219 0.0716781616210938 -0.109512329101563
-0.0644073486328125 -0.0157737731933594 0.0173072814941406 -0.0690765380859375
-0.0476226806640625 0.0221748352050781 0.0068817138671875 -0.0212841033935547
-0.00969314575195313 0.0384483337402344 0.0328445434570313 -0.0238113403320313
0.0160026550292969 0.02484130859375 0.0268630981445313 -0.0498161315917969
0.0251388549804688 0.00453948974609375 0.00316619873046875 -0.0730972290039063
0.0163364410400391 -0.0125255584716797 -0.022369384765625 -0.0778579711914063
0.0126142501831055 -0.00817775726318359 -0.0309600830078125 -0.0771942138671875
0.0118169784545898 -0.011383056640625 -0.0131607055664063 -0.082061767578125
0.0195045471191406 -0.0133686065673828 0.0219345092773437 -0.0781173706054687
0.0235881805419922 -0.00074005126953125 0.0432014465332031 -0.0509185791015625
0.02056884765625 0.0181522369384766 0.0512962341308594 -0.011474609375
-0.00942039489746094 0.0295486450195313 0.0280475616455078 0.0158977508544922
-0.0442886352539063 0.00994873046875001 -0.0128192901611328 0.00280094146728516
-0.06005859375 -0.0232620239257813 -0.0182590484619141 -0.0157985687255859
0.0653457641601563 -0.0225181579589844 0.032470703125 0.0230884552001953
0.0383415222167969 -0.0691757202148437 0.0250473022460938 -0.00413894653320313
-0.0281867980957031 -0.0627059936523438 -0.0146274566650391 -0.0229625701904297
-0.0596580505371094 -0.016754150390625 -0.0461997985839844 0.00584411621093751
-0.0490608215332031 0.0180435180664063 -0.0378379821777344 0.0363388061523438
-0.0279617309570312 0.0475616455078125 -0.0132484436035156 0.0697059631347656
-0.0078887939453125 0.0495376586914063 0.0165328979492188 0.0738601684570313
-0.0125617980957031 0.0415840148925781 0.0303382873535156 0.0632438659667969
-0.0207252502441406 0.0442771911621094 0.0227317810058594 0.0600051879882813
-0.0381050109863281 0.0261650085449219 0.00214385986328125 0.0566978454589844
-0.0408058166503906 -0.00731277465820312 -0.00500488281250001 0.0431556701660156
-0.0230083465576172 -0.0314121246337891 -0.00639724731445313 0.0311145782470703
0.0214920043945313 -0.0401115417480469 -0.00374603271484374 0.0452156066894531
0.0558586120605469 -0.01617431640625 -0.00531005859375 0.0910263061523438
0.0518379211425781 0.0169906616210938 -0.078125 0.124069213867187
0.0695724487304688 -0.0603866577148438 0.0477676391601563 0.0151252746582031
0.033355712890625 -0.101028442382812 0.0313262939453125 -0.00835227966308594
-0.04150390625 -0.0867767333984375 -0.00370597839355469 -0.0226993560791016
-0.08404541015625 -0.0267333984375 -0.0293998718261719 0.000289916992187504
-0.0724639892578125 0.0245895385742188 -0.0238780975341797 0.0181980133056641
-0.0416107177734375 0.0707473754882813 -0.00792694091796876 0.0476036071777344
-0.00968170166015624 0.0740966796875 0.0135269165039063 0.0496711730957031
-0.0124168395996094 0.0642776489257813 0.0268936157226562 0.0397377014160156
-0.0205192565917969 0.06982421875 0.0254898071289062 0.0382957458496094
-0.0442619323730469 0.0512275695800781 0.0144424438476562 0.03961181640625
-0.0583114624023438 0.0104217529296875 0.0127124786376953 0.0322151184082031
-0.04876708984375 -0.0237007141113281 0.012664794921875 0.0319061279296875
-0.00341796875 -0.0564918518066406 0.0135688781738281 0.0564422607421875
0.0405158996582031 -0.0524559020996094 0.006317138671875 0.0996551513671875
0.0490150451660156 -0.0252151489257813 -0.0629959106445312 0.131446838378906
0.0626220703125 -0.0895156860351562 0.0647621154785156 -0.000869750976562505
0.0223464965820313 -0.119575500488281 0.0371627807617187 -0.0180778503417969
-0.050445556640625 -0.0996475219726563 0.00568199157714843 -0.0211353302001953
-0.09783935546875 -0.0324935913085938 -0.00945663452148438 -0.00434494018554688
-0.085845947265625 0.027618408203125 -0.00483989715576172 -0.000161170959472655
-0.0495223999023437 0.0833816528320312 -0.000192642211914067 0.0188159942626953
-0.0102005004882812 0.0872344970703125 0.00890731811523437 0.0180320739746094
-0.0112991333007812 0.0774154663085937 0.0192852020263672 0.0102500915527344
-0.017059326171875 0.0854949951171875 0.0233669281005859 0.00959396362304688
-0.043731689453125 0.0709609985351563 0.0236339569091797 0.0153560638427734
-0.0697898864746094 0.0292854309082031 0.0288314819335937 0.0148239135742188
-0.0708236694335938 -0.0115890502929687 0.0322475433349609 0.0265674591064453
-0.0316314697265625 -0.067535400390625 0.0322952270507812 0.0612297058105469
0.0172653198242188 -0.0844192504882813 0.0150222778320313 0.0980911254882813
0.0384941101074219 -0.0648422241210938 -0.0467910766601562 0.123664855957031
0.04376220703125 -0.107048034667969 0.080230712890625 -0.0230712890625
0.00308990478515624 -0.121391296386719 0.0413398742675781 -0.0298881530761719
-0.058502197265625 -0.094757080078125 0.0136814117431641 -0.0189437866210938
-0.0993881225585937 -0.0290679931640625 0.0108451843261719 -0.00761604309082031
-0.0849075317382813 0.029083251953125 0.0153102874755859 -0.01788330078125
-0.0486907958984375 0.08428955078125 0.0082550048828125 -0.0122089385986328
-0.0083465576171875 0.0869064331054688 0.00453758239746094 -0.0152645111083984
-0.00833892822265626 0.0791244506835938 0.00876998901367188 -0.0202369689941406
-0.0113143920898437 0.089569091796875 0.0169410705566406 -0.0212421417236328
-0.0379867553710938 0.0800247192382813 0.0276927947998047 -0.0142555236816406
-0.0704345703125 0.0434112548828125 0.04095458984375 -0.00840377807617187
-0.0828323364257813 0.00200653076171876 0.048675537109375 0.0146026611328125
-0.0544548034667969 -0.0689277648925781 0.0463676452636719 0.0564804077148437
-0.0076446533203125 -0.102630615234375 0.0194549560546875 0.0829391479492187
0.0213088989257813 -0.0918960571289063 -0.0302581787109375 0.100830078125
0.0144729614257813 -0.109573364257813 0.0896835327148438 -0.0473861694335938
-0.0216445922851562 -0.106155395507813 0.0410957336425781 -0.0419845581054688
-0.0632781982421875 -0.072296142578125 0.0188617706298828 -0.0164718627929688
-0.086181640625 -0.0151519775390625 0.0294284820556641 -0.0102519989013672
-0.0697402954101563 0.0305252075195312 0.0317630767822266 -0.0335559844970703
-0.037139892578125 0.073089599609375 0.0147590637207031 -0.040985107421875
-0.0047760009765625 0.0736846923828125 -0.00179672241210937 -0.0455360412597656
-0.00336456298828125 0.0689430236816406 -0.00313949584960938 -0.0476570129394531
-0.00493621826171875 0.0784912109375 0.00677108764648438 -0.0492630004882812
-0.027801513671875 0.0732574462890625 0.0273208618164063 -0.042999267578125
-0.059234619140625 0.0454292297363281 0.0465126037597656 -0.0319557189941406
-0.0768661499023438 0.0121383666992188 0.0581626892089844 -9.53674316406243E-05
-0.0628776550292969 -0.0578880310058594 0.052520751953125 0.0434188842773437
-0.0268096923828125 -0.100013732910156 0.0178756713867188 0.0583534240722656
0.00160217285156251 -0.0999832153320312 -0.0183982849121094 0.0678749084472656
-0.0160140991210938 -0.0995941162109375 0.0906982421875 -0.0702972412109375
-0.0447158813476563 -0.0782012939453125 0.0375137329101563 -0.0507774353027344
-0.0626068115234375 -0.0387611389160156 0.0194816589355469 -0.0151405334472656
-0.0618820190429687 0.00483703613281251 0.0405540466308594 -0.0144577026367188
-0.0426406860351563 0.0298500061035156 0.03973388671875 -0.0447158813476563
-0.0184898376464844 0.053131103515625 0.01629638671875 -0.0613975524902344
0.00102996826171875 0.0489730834960937 -0.00774383544921876 -0.0671043395996094
0.00104904174804687 0.0482902526855469 -0.0143165588378906 -0.0677757263183594
0.000209808349609375 0.0551300048828125 -0.00257492065429688 -0.0699005126953125
-0.0150489807128906 0.0507469177246094 0.02484130859375 -0.0660820007324219
-0.0382232666015625 0.0345840454101563 0.0471000671386719 -0.0493316650390625
-0.0531082153320312 0.0150985717773438 0.0604896545410156 -0.0114250183105469
-0.0523452758789063 -0.0357551574707031 0.0503349304199219 0.0293922424316406
-0.0361862182617187 -0.0752792358398438 0.0108089447021484 0.0321121215820312
-0.0184478759765625 -0.0863265991210938 -0.00965499877929688 0.0327281951904297
-0.04241943359375 -0.0773544311523437 0.0846405029296875 -0.0917892456054688
-0.0581588745117188 -0.0449333190917969 0.0292892456054687 -0.0601119995117188
-0.0553169250488281 -0.00469589233398436 0.0155086517333984 -0.016636848449707
-0.0327854156494141 0.0232868194580078 0.0414161682128906 -0.0190238952636719
-0.0113506317138672 0.0267562866210938 0.0370903015136719 -0.0498275756835937
0.00282478332519531 0.0276527404785156 0.0119094848632813 -0.0717697143554688
0.006927490234375 0.0186100006103516 -0.01519775390625 -0.0771484375
0.005706787109375 0.0204601287841797 -0.0237503051757812 -0.0763931274414063
0.00362777709960938 0.0234375 -0.00975799560546876 -0.0813369750976563
-0.00157356262207031 0.0183067321777344 0.0229568481445312 -0.0777206420898437
-0.00979423522949219 0.0147733688354492 0.04541015625 -0.0552749633789062
-0.0175762176513672 0.0132656097412109 0.0569992065429687 -0.01629638671875
-0.0289268493652344 -0.00646209716796875 0.0411186218261719 0.019012451171875
-0.0378761291503906 -0.0340423583984375 0.000779151916503905 0.0124244689941406
-0.0368995666503906 -0.056243896484375 -0.00706577301025391 0.00436019897460937
-0.05975341796875 -0.0456199645996094 0.0726776123046875 -0.110069274902344
-0.0594062805175781 -0.0113105773925781 0.0191116333007812 -0.0710296630859375
-0.0415611267089844 0.0235176086425781 0.005218505859375 -0.0233345031738281
-0.0044403076171875 0.0347881317138672 0.0308723449707031 -0.0245304107666016
0.0167179107666016 0.0193538665771484 0.0251617431640625 -0.0486030578613281
0.0213279724121094 0.00041961669921875 0.00197601318359375 -0.0704345703125
0.0112323760986328 -0.0133552551269531 -0.0218353271484375 -0.0752639770507813
0.00931835174560547 -0.00953292846679688 -0.0292587280273438 -0.0748443603515625
0.00698089599609375 -0.0116119384765625 -0.0126266479492187 -0.08050537109375
0.0140628814697266 -0.0166110992431641 0.0211639404296875 -0.0773696899414062
0.0209827423095703 -0.00635337829589844 0.0415916442871094 -0.0504379272460938
0.0207157135009766 0.0128498077392578 0.0503120422363281 -0.0124664306640625
-0.00413322448730469 0.0266284942626953 0.0278701782226563 0.0137004852294922
-0.03753662109375 0.0135116577148438 -0.00856924057006836 0.00108909606933594
-0.054107666015625 -0.0167350769042969 -0.00985240936279297 -0.0141849517822266
0.0636711120605469 -0.0258827209472656 0.0244693756103516 0.0219974517822266
0.033935546875 -0.0693778991699219 0.0206413269042969 -0.00272941589355469
-0.0296821594238281 -0.0601654052734375 -0.0156593322753906 -0.0219326019287109
-0.0589675903320313 -0.0137252807617188 -0.0457725524902344 0.00541305541992187
-0.0469741821289063 0.0196914672851562 -0.0390396118164063 0.0346908569335937
-0.0239982604980469 0.0482406616210938 -0.0152320861816406 0.0686149597167969
-0.0050048828125 0.0494194030761719 0.0134124755859375 0.0740966796875
-0.0100326538085937 0.0422286987304688 0.0266876220703125 0.063385009765625
-0.0173110961914062 0.0453910827636719 0.019073486328125 0.0604057312011719
-0.0363197326660156 0.0285911560058594 -0.00136566162109375 0.0559577941894531
-0.0413398742675781 -0.00436401367187501 -0.0062103271484375 0.0410537719726563
-0.0251350402832031 -0.0301418304443359 -0.00650978088378907 0.0295944213867187
0.01806640625 -0.0423431396484375 -0.00363540649414062 0.0457954406738281
0.0537681579589844 -0.0201263427734375 -0.00779724121093749 0.091949462890625
0.0525283813476563 0.0122795104980469 -0.083251953125 0.122268676757813
0.0705337524414063 -0.06256103515625 0.0396575927734375 0.0133132934570312
0.0313491821289063 -0.10150146484375 0.0260982513427734 -0.00819778442382813
-0.0418014526367187 -0.0863876342773438 -0.00475692749023438 -0.0224056243896484
-0.0832977294921875 -0.0250167846679687 -0.0300388336181641 -0.00113868713378907
-0.0717315673828125 0.02569580078125 -0.0258636474609375 0.0165195465087891
-0.0392227172851563 0.0706939697265625 -0.0108871459960938 0.04632568359375
-0.008331298828125 0.0740585327148437 0.0096282958984375 0.0504264831542969
-0.0116310119628906 0.0644989013671875 0.0219459533691406 0.0410003662109375
-0.0193328857421875 0.0707244873046875 0.0208892822265625 0.0379829406738281
-0.0438575744628906 0.0530204772949219 0.00983047485351562 0.0379867553710938
-0.060272216796875 0.0119476318359375 0.0108966827392578 0.0299167633056641
-0.0508537292480469 -0.02496337890625 0.0128269195556641 0.0295009613037109
-0.0046539306640625 -0.0605850219726562 0.0141258239746094 0.0561866760253906
0.0407829284667969 -0.0575065612792969 0.003570556640625 0.0992050170898438
0.0526390075683594 -0.0287208557128906 -0.0674514770507812 0.128326416015625
0.06695556640625 -0.0909347534179688 0.0575904846191406 -0.003326416015625
0.0231475830078125 -0.120399475097656 0.0325870513916016 -0.0185203552246094
-0.0501632690429688 -0.100967407226563 0.00390815734863281 -0.0215702056884766
-0.0973052978515625 -0.033233642578125 -0.0113162994384766 -0.00516605377197266
-0.0864944458007813 0.0269241333007812 -0.00793838500976563 -0.0015716552734375
-0.049102783203125 0.0826187133789063 -0.00333023071289063 0.0180740356445313
-0.0105133056640625 0.087432861328125 0.00489234924316406 0.0194320678710938
-0.0118637084960938 0.0775299072265625 0.0141992568969727 0.0116491317749023
-0.0176010131835938 0.0866622924804688 0.0187225341796875 0.0101432800292969
-0.0452957153320313 0.071197509765625 0.0186634063720703 0.0137805938720703
-0.0718460083007813 0.0285720825195313 0.0268421173095703 0.0124950408935547
-0.0727386474609375 -0.0141830444335937 0.0318946838378906 0.0238704681396484
-0.031005859375 -0.0725479125976562 0.0319290161132812 0.0597724914550781
0.020111083984375 -0.089019775390625 0.0131454467773438 0.0963134765625
0.0443649291992188 -0.0677719116210938 -0.0496902465820313 0.119529724121094
0.0499649047851562 -0.107101440429688 0.0749740600585938 -0.0258560180664063
0.00731658935546874 -0.122940063476563 0.0366973876953125 -0.031219482421875
-0.05548095703125 -0.0978469848632813 0.0114593505859375 -0.0196743011474609
-0.098388671875 -0.0315322875976562 0.00887393951416015 -0.00841426849365235
-0.0867691040039063 0.0270004272460938 0.0120449066162109 -0.0192909240722656
-0.0499343872070313 0.0832595825195313 0.0048837661743164 -0.0127716064453125
-0.0107345581054687 0.0876922607421875 0.000189781188964844 -0.0140161514282227
-0.010101318359375 0.0793838500976563 0.00443649291992187 -0.0187397003173828
-0.0135116577148437 0.0896224975585938 0.0128707885742188 -0.0207805633544922
-0.0406875610351563 0.079071044921875 0.0234394073486328 -0.0155124664306641
-0.073028564453125 0.0407028198242188 0.0380935668945312 -0.0111732482910156
-0.084228515625 -0.001983642578125 0.0480155944824219 0.0122108459472656
-0.0521774291992187 -0.0738296508789063 0.0461959838867188 0.0544471740722656
-0.00263977050781249 -0.106590270996094 0.0183029174804687 0.0804061889648438
0.0285873413085937 -0.0933990478515625 -0.0313339233398438 0.0966415405273437
0.0227584838867187 -0.109001159667969 0.0869827270507813 -0.0503463745117188
-0.0151214599609375 -0.107254028320313 0.0389442443847656 -0.0437393188476563
-0.0590972900390625 -0.0766067504882813 0.0161495208740234 -0.0181598663330078
-0.0854263305664063 -0.0196914672851563 0.0272407531738281 -0.0117588043212891
-0.071502685546875 0.0268173217773437 0.0291042327880859 -0.0345993041992188
-0.0405960083007813 0.0711746215820312 0.0122184753417969 -0.0408287048339844
-0.008209228515625 0.0735855102539063 -0.00419998168945313 -0.0444526672363281
-0.006805419921875 0.0688400268554688 -0.006134033203125 -0.0463142395019531
-0.009033203125 0.0784225463867188 0.0040130615234375 -0.0486946105957031
-0.031951904296875 0.0714797973632813 0.0241851806640625 -0.04388427734375
-0.0627861022949219 0.0420875549316406 0.0442733764648437 -0.0339012145996094
-0.077423095703125 0.00735473632812501 0.0572052001953125 -0.0028533935546875
-0.05938720703125 -0.0629005432128906 0.0521621704101562 0.0412712097167969
-0.0203018188476563 -0.102043151855469 0.0170021057128906 0.0554389953613281
0.0103683471679688 -0.0996246337890625 -0.0163726806640625 0.063629150390625
-0.00794219970703124 -0.0971603393554688 0.0914306640625 -0.0733108520507813
-0.0368881225585938 -0.0789413452148437 0.0361785888671875 -0.0540885925292969
-0.0571632385253906 -0.0427322387695313 0.0180892944335937 -0.0174922943115234
-0.0605964660644531 -0.000804901123046877 0.0384597778320312 -0.0157890319824219
-0.0443687438964844 0.0250816345214844 0.0381851196289063 -0.0450820922851563
-0.0225372314453125 0.0510826110839844 0.0151824951171875 -0.0610733032226563
-0.00383377075195313 0.0495414733886719 -0.00932312011718751 -0.0659751892089844
-0.00214767456054687 0.0481414794921875 -0.0156707763671875 -0.06671142578125
-0.005126953125 0.0550765991210938 -0.00357818603515625 -0.0697669982910156
-0.0198326110839844 0.0490341186523438 0.0231513977050781 -0.0663375854492188
-0.04144287109375 0.0302543640136719 0.0463218688964844 -0.0502433776855469
-0.0530014038085938 0.00928878784179687 0.0593719482421875 -0.0131034851074219
-0.0476150512695313 -0.0404167175292969 0.0490798950195313 0.0271339416503906
-0.0292434692382812 -0.0757522583007812 0.0111427307128906 0.028717041015625
-0.00965881347656249 -0.0850143432617187 -0.00608253479003906 0.0296554565429687
-0.0362167358398438 -0.0738677978515625 0.088043212890625 -0.0940704345703125
-0.0512313842773438 -0.0438919067382813 0.0301513671875 -0.0632438659667969
-0.0501937866210938 -0.00665283203125001 0.0137119293212891 -0.0188884735107422
-0.0308074951171875 0.0185279846191406 0.0394363403320313 -0.0194320678710938
-0.0130081176757813 0.0221786499023438 0.0365524291992188 -0.0492057800292969
-0.00130462646484375 0.0249614715576172 0.0118560791015625 -0.0707931518554688
0.00214004516601563 0.0186367034912109 -0.0143890380859375 -0.0764846801757812
0.00211906433105469 0.0209159851074219 -0.022857666015625 -0.0763778686523437
-0.00137901306152344 0.0233745574951172 -0.00928497314453125 -0.0809555053710938
-0.00682353973388672 0.016571044921875 0.0220870971679688 -0.0778656005859375
-0.0133142471313477 0.0103855133056641 0.0448989868164063 -0.0558128356933594
-0.0175704956054688 0.00838279724121094 0.0563926696777344 -0.0162696838378906
-0.0241184234619141 -0.0102996826171875 0.0402908325195313 0.017791748046875
-0.0311470031738281 -0.0336933135986328 0.00259208679199219 0.00929069519042968
-0.0292205810546875 -0.0534896850585938 -0.00101017951965332 0.00226831436157226
-0.0567741394042969 -0.0416107177734375 0.0783233642578125 -0.110816955566406
-0.054931640625 -0.00851440429687501 0.0216445922851562 -0.0736160278320313
-0.037567138671875 0.0237083435058594 0.00441741943359375 -0.0241622924804688
-0.00160026550292969 0.031524658203125 0.0301704406738281 -0.0242900848388672
0.0166492462158203 0.015263557434082 0.0260848999023438 -0.04669189453125
0.0178050994873047 -0.00225448608398438 0.00413131713867188 -0.0689926147460938
0.00713920593261719 -0.0133419036865234 -0.0194320678710937 -0.0751266479492188
0.00595760345458984 -0.00946807861328125 -0.02630615234375 -0.0747909545898438
0.00298690795898437 -0.0115756988525391 -0.0106964111328125 -0.0807342529296875
0.00923728942871094 -0.0180816650390625 0.022796630859375 -0.077056884765625
0.0180301666259766 -0.009613037109375 0.04302978515625 -0.050048828125
0.0206336975097656 0.00841712951660156 0.0500106811523437 -0.0123481750488281
-0.00013542175292969 0.0233955383300781 0.0276546478271484 0.0134811401367188
-0.0315971374511719 0.0140552520751953 -0.00554704666137695 -0.000969886779785155
-0.0478973388671875 -0.0136642456054688 -0.00206184387207032 -0.0144500732421875
0.0633087158203125 -0.0287132263183594 0.0174789428710938 0.0231723785400391
0.0312957763671875 -0.0707473754882813 0.0169038772583008 -0.000958442687988286
-0.031524658203125 -0.0596923828125 -0.0156707763671875 -0.0219879150390625
-0.0596275329589844 -0.0115890502929688 -0.0469932556152344 0.00455093383789062
-0.0467872619628906 0.0218238830566406 -0.0417366027832031 0.0339889526367188
-0.0218238830566406 0.0491180419921875 -0.01776123046875 0.0696678161621094
-0.00267791748046875 0.0506324768066406 0.0109405517578125 0.0772781372070313
-0.00809097290039063 0.0430221557617188 0.0238151550292969 0.0665817260742188
-0.0146293640136719 0.0467720031738281 0.0161857604980469 0.0629501342773438
-0.0350017547607422 0.0311374664306641 -0.00487136840820313 0.0573196411132813
-0.0429878234863281 -0.00181198120117187 -0.00844192504882813 0.0407600402832031
-0.0279998779296875 -0.0300216674804688 -0.00690078735351563 0.0291423797607422
0.0159225463867187 -0.0450210571289063 -0.00387954711914062 0.047698974609375
0.0529518127441406 -0.0247230529785156 -0.0108718872070313 0.0955581665039063
0.0537223815917969 0.00889968872070313 -0.091461181640625 0.1241455078125
0.0730972290039063 -0.0663909912109375 0.0324802398681641 0.01361083984375
0.0309219360351563 -0.104759216308594 0.0227909088134766 -0.00680732727050782
-0.0425949096679687 -0.088165283203125 -0.00622940063476563 -0.0226497650146484
-0.0848464965820313 -0.024810791015625 -0.0316314697265625 -0.00224113464355468
-0.0728530883789063 0.0261764526367188 -0.0291862487792969 0.0161857604980469
-0.0385055541992188 0.0716018676757813 -0.0139884948730469 0.046844482421875
-0.00775146484375001 0.0760726928710938 0.00623703002929687 0.0539436340332031
-0.01123046875 0.0666999816894531 0.0186843872070313 0.0437164306640625
-0.018829345703125 0.0731430053710938 0.017425537109375 0.040069580078125
-0.0450706481933594 0.0554885864257813 0.00619125366210937 0.0389289855957031
-0.0636863708496094 0.0132217407226563 0.00863456726074218 0.0287055969238281
-0.0540504455566406 -0.02667236328125 0.0127925872802734 0.0286293029785156
-0.00557327270507812 -0.0657691955566406 0.014251708984375 0.0580368041992187
0.04266357421875 -0.0631942749023438 0.000953674316406257 0.101966857910156
0.057403564453125 -0.0333175659179688 -0.07501220703125 0.129043579101563
0.073028564453125 -0.095001220703125 0.0520439147949219 -0.00439834594726563
0.0253982543945313 -0.125137329101563 0.0281543731689453 -0.0174484252929688
-0.049560546875 -0.105209350585938 0.00214385986328125 -0.02191162109375
-0.099273681640625 -0.0351333618164062 -0.0127735137939453 -0.00671768188476563
-0.0893478393554687 0.026763916015625 -0.0108022689819336 -0.0026712417602539
-0.0505752563476562 0.0839004516601563 -0.00699043273925781 0.0180702209472656
-0.0120620727539063 0.0906753540039063 0.00140380859375 0.0219268798828125
-0.01336669921875 0.0804824829101563 0.010981559753418 0.014338493347168
-0.018463134765625 0.0895843505859375 0.015228271484375 0.0113391876220703
-0.0482559204101562 0.074066162109375 0.0149240493774414 0.0134992599487305
-0.0766143798828125 0.028778076171875 0.0247573852539062 0.0105876922607422
-0.0767593383789063 -0.01763916015625 0.0321865081787109 0.0221309661865234
-0.031402587890625 -0.0791778564453125 0.031982421875 0.0610694885253906
0.02392578125 -0.0957260131835938 0.010986328125 0.0979766845703125
0.0507049560546875 -0.0723953247070313 -0.0547561645507813 0.119216918945312
0.0584640502929688 -0.110603332519531 0.0716629028320313 -0.0280380249023438
0.0116119384765625 -0.128303527832031 0.0337772369384766 -0.0320930480957031
-0.0547409057617188 -0.104103088378906 0.00886535644531249 -0.0203876495361328
-0.1007080078125 -0.036224365234375 0.00722694396972656 -0.00988674163818359
-0.0914306640625 0.0253829956054688 0.00986289978027343 -0.020050048828125
-0.0530776977539063 0.0835800170898437 0.00230789184570312 -0.0130882263183594
-0.0139083862304688 0.0909652709960938 -0.00271797180175781 -0.0122289657592773
-0.0128860473632813 0.0824966430664063 0.0015268325805664 -0.0174074172973633
-0.0165634155273438 0.0924530029296875 0.00949859619140625 -0.020416259765625
-0.044647216796875 0.08135986328125 0.020355224609375 -0.0160770416259766
-0.0789871215820313 0.0402069091796875 0.0375785827636719 -0.0130043029785156
-0.0882110595703125 -0.00661468505859374 0.0480422973632812 0.0100364685058594
-0.0521469116210938 -0.0814361572265625 0.0464248657226563 0.0543746948242188
0.00233459472656251 -0.113311767578125 0.0168685913085937 0.0807418823242187
0.0373153686523438 -0.0980453491210937 -0.0342025756835938 0.0951614379882812
0.0318450927734375 -0.112152099609375 0.0868682861328125 -0.0529556274414063
-0.00920867919921875 -0.11285400390625 0.037139892578125 -0.0460929870605469
-0.056915283203125 -0.0836410522460937 0.0141487121582031 -0.0191936492919922
-0.0876235961914063 -0.0252532958984375 0.0259227752685547 -0.0128707885742188
-0.0768280029296875 0.024200439453125 0.0274734497070312 -0.0358467102050781
-0.0455551147460938 0.0722198486328125 0.0105552673339844 -0.0420341491699219
-0.012786865234375 0.0768203735351563 -0.00652694702148437 -0.0435600280761719
-0.0105972290039062 0.0719146728515625 -0.00791168212890625 -0.0456695556640625
-0.0130615234375 0.0811691284179687 0.0018768310546875 -0.0494232177734375
-0.0360488891601563 0.0725631713867187 0.0215606689453125 -0.0455131530761719
-0.0682449340820313 0.039764404296875 0.0444908142089844 -0.03558349609375
-0.0810089111328125 0.00208282470703125 0.0576019287109375 -0.0040435791015625
-0.0574607849121094 -0.0700607299804688 0.0521583557128906 0.0404205322265625
-0.014923095703125 -0.108383178710938 0.0162925720214844 0.0540313720703125
0.0190963745117187 -0.103408813476562 -0.0165519714355469 0.0611801147460937
-0.000114440917968747 -0.0982589721679688 0.09429931640625 -0.0765914916992188
-0.0304718017578125 -0.0826034545898437 0.0369224548339844 -0.0579605102539063
-0.0548248291015625 -0.0490570068359375 0.0165767669677734 -0.0186653137207031
-0.0615081787109375 -0.0062408447265625 0.0380058288574219 -0.0164375305175781
-0.0488739013671875 0.0223808288574219 0.0375213623046875 -0.046173095703125
-0.02801513671875 0.0504684448242188 0.0148048400878906 -0.0623092651367187
-0.00807571411132812 0.0519294738769531 -0.0100784301757813 -0.0673141479492188
-0.0062713623046875 0.0502433776855469 -0.0168685913085937 -0.0670242309570313
-0.00976562499999999 0.0573234558105469 -0.00463104248046875 -0.071746826171875
-0.0257987976074219 0.0492362976074219 0.0228614807128906 -0.0684242248535156
-0.0462684631347656 0.02734375 0.0474281311035156 -0.0521316528320313
-0.0557594299316406 0.00391769409179688 0.0598983764648438 -0.0138778686523438
-0.0450668334960937 -0.0463752746582031 0.0492591857910156 0.0265235900878906
-0.0227813720703125 -0.0803070068359375 0.0109043121337891 0.0271968841552734
-0.00110626220703124 -0.0866470336914063 -0.00323867797851563 0.0273361206054687
-0.0307693481445312 -0.0738143920898437 0.0944900512695312 -0.0976181030273437
-0.0462074279785156 -0.045562744140625 0.0327644348144531 -0.0679588317871094
-0.0468788146972656 -0.0103416442871094 0.0128402709960937 -0.0202751159667969
-0.0303516387939453 0.0137653350830078 0.0393524169921875 -0.0204200744628906
-0.0151576995849609 0.0183448791503906 0.0374298095703125 -0.0499382019042969
-0.00598526000976563 0.0243682861328125 0.0130233764648438 -0.0722274780273438
-0.00194358825683594 0.0201759338378906 -0.0134048461914063 -0.078857421875
-0.00173568725585937 0.0216503143310547 -0.0220413208007813 -0.0783538818359375
-0.00566673278808594 0.0242710113525391 -0.00836181640624999 -0.0834503173828125
-0.0115718841552734 0.0161142349243164 0.0230865478515625 -0.080169677734375
-0.0174016952514648 0.00713157653808594 0.0469398498535156 -0.0564613342285156
-0.0185337066650391 0.00330734252929687 0.0577812194824219 -0.0166778564453125
-0.0213623046875 -0.0148754119873047 0.0401954650878906 0.0172042846679688
-0.0253982543945313 -0.0358047485351562 0.00337886810302734 0.00675821304321289
-0.0227508544921875 -0.0538444519042969 0.00431632995605469 0.000127553939819333
-0.0544281005859375 -0.0391006469726562 0.0851211547851563 -0.114486694335938
-0.0515365600585938 -0.00778961181640625 0.0245132446289063 -0.0789871215820313
-0.0344562530517578 0.0231761932373047 0.00381278991699218 -0.0262107849121094
2.67028808593771E-05 0.0289020538330078 0.0301380157470703 -0.024871826171875
0.0162649154663086 0.0126247406005859 0.0278549194335937 -0.0469627380371094
0.0153923034667969 -0.00407314300537109 0.006317138671875 -0.0706100463867188
0.00396060943603515 -0.0134105682373047 -0.016937255859375 -0.0778350830078125
0.0035085678100586 -0.00946617126464844 -0.0244522094726563 -0.0777587890625
-0.00029468536376953 -0.0118513107299805 -0.00909423828125 -0.0836105346679688
0.00496101379394531 -0.0191860198974609 0.0250320434570312 -0.0796279907226563
0.0156345367431641 -0.0126981735229492 0.0456314086914062 -0.0502738952636719
0.020538330078125 0.00449752807617188 0.0518836975097656 -0.0122413635253906
0.00258445739746094 0.0207118988037109 0.0282573699951172 0.0132923126220703
-0.0270423889160156 0.0141620635986328 -0.00376987457275391 -0.00366497039794922
-0.0433464050292969 -0.0123786926269531 0.00509929656982422 -0.0164003372192383
0.0634498596191406 -0.0329093933105469 0.0111618041992188 0.0255928039550781
0.0286178588867187 -0.0737838745117188 0.0146236419677734 0.00119972229003906
-0.0350837707519531 -0.0599899291992187 -0.0172538757324219 -0.0218181610107422
-0.0611610412597656 -0.00844192504882814 -0.0490074157714844 0.00430679321289063
-0.0469207763671875 0.0247344970703125 -0.0449790954589844 0.0359077453613281
-0.0186347961425781 0.0516242980957031 -0.0200347900390625 0.0735626220703125
0.000228881835937497 0.0530319213867187 0.0106887817382813 0.0824432373046875
-0.00570297241210938 0.0452728271484375 0.0234756469726563 0.0712738037109375
-0.0118751525878906 0.0494346618652344 0.0152854919433594 0.0676116943359375
-0.0344448089599609 0.0349941253662109 -0.00740814208984376 0.0608863830566406
-0.0453224182128906 0.00115585327148437 -0.0103263854980469 0.0418891906738281
-0.0311660766601563 -0.0301418304443359 -0.00699043273925781 0.0296802520751953
0.0133514404296875 -0.0485572814941406 -0.00302886962890625 0.0515861511230469
0.0530624389648438 -0.0298080444335938 -0.0124740600585938 0.10198974609375
0.0564727783203125 0.00459671020507813 -0.0996627807617187 0.131027221679688
0.07684326171875 -0.0728683471679688 0.0264625549316406 0.0148773193359375
0.0293731689453125 -0.110664367675781 0.0190658569335938 -0.00508499145507813
-0.04583740234375 -0.091339111328125 -0.00755691528320313 -0.0225372314453125
-0.0881423950195313 -0.0241470336914062 -0.0337848663330078 -0.00284576416015625
-0.0757369995117188 0.0291671752929687 -0.0324993133544922 0.0166187286376953
-0.0379180908203125 0.0757064819335938 -0.0167388916015625 0.0497245788574219
-0.00601959228515625 0.0806808471679688 0.00439834594726563 0.0585746765136719
-0.0101776123046875 0.0707931518554688 0.0174560546875 0.0483436584472656
-0.0172653198242188 0.078094482421875 0.01531982421875 0.0439643859863281
-0.0458946228027344 0.0604705810546875 0.00287628173828124 0.0419540405273438
-0.0682716369628906 0.0161361694335938 0.00732040405273437 0.0286769866943359
-0.0593681335449219 -0.0275993347167969 0.0131969451904297 0.0281333923339844
-0.00875091552734376 -0.0719833374023438 0.015380859375 0.0609207153320312
0.0435714721679688 -0.0710296630859375 0.000167846679687496 0.107658386230469
0.0623588562011719 -0.0396919250488281 -0.0811843872070313 0.135421752929687
0.078521728515625 -0.103294372558594 0.0476531982421875 -0.00476074218750001
0.0259246826171875 -0.133460998535156 0.0257148742675781 -0.017730712890625
-0.0524978637695312 -0.111831665039063 0.000244140624999999 -0.0224075317382813
-0.104103088378906 -0.0367965698242188 -0.0150661468505859 -0.00701904296875
-0.0941238403320313 0.0291671752929688 -0.0142650604248047 -0.00319099426269531
-0.0518722534179687 0.0886611938476563 -0.00999069213867188 0.0194168090820313
-0.0122451782226562 0.0960464477539062 -0.00112724304199219 0.0258617401123047
-0.0130233764648437 0.0858306884765625 0.00836277008056641 0.0174722671508789
-0.0185699462890625 0.095367431640625 0.0129289627075195 0.0132226943969727
-0.0506820678710938 0.0792312622070312 0.0121526718139648 0.0145034790039063
-0.0825424194335938 0.0316543579101562 0.0241184234619141 0.00921249389648438
-0.0831222534179688 -0.019256591796875 0.0331687927246094 0.0210723876953125
-0.03424072265625 -0.087188720703125 0.03448486328125 0.0628395080566406
0.0252456665039063 -0.105712890625 0.01116943359375 0.1021728515625
0.0576171875 -0.0803985595703125 -0.05963134765625 0.123786926269531
0.0652542114257813 -0.119400024414063 0.0695228576660156 -0.0308494567871094
0.0136566162109375 -0.137481689453125 0.0315532684326172 -0.0338478088378906
-0.0570220947265625 -0.1126708984375 0.00697898864746094 -0.0215358734130859
-0.106391906738281 -0.0394973754882813 0.00563049316406249 -0.0109128952026367
-0.0976638793945312 0.0271072387695313 0.00655746459960937 -0.0221843719482422
-0.0571670532226563 0.0888442993164063 -0.000725746154785159 -0.0135507583618164
-0.015411376953125 0.097076416015625 -0.00581169128417969 -0.0110969543457031
-0.0137786865234375 0.0879669189453125 -0.00169467926025391 -0.0154457092285156
-0.0176849365234375 0.099517822265625 0.00652503967285156 -0.0202312469482422
-0.04840087890625 0.08709716796875 0.0179195404052734 -0.0169239044189453
-0.0855636596679688 0.0423202514648438 0.0372276306152344 -0.0155181884765625
-0.0950164794921875 -0.00861358642578126 0.049560546875 0.00828933715820313
-0.0547256469726562 -0.0902786254882813 0.0488204956054688 0.0552177429199219
0.00388336181640626 -0.123603820800781 0.0175323486328125 0.0828781127929687
0.0445556640625 -0.106300354003906 -0.03643798828125 0.0971908569335938
0.0385894775390625 -0.118911743164063 0.0879135131835938 -0.0581893920898438
-0.0059661865234375 -0.121665954589844 0.0365257263183594 -0.0497856140136719
-0.0586013793945312 -0.0920639038085938 0.0126819610595703 -0.0207500457763672
-0.0926513671875 -0.0298004150390625 0.0248622894287109 -0.0140552520751953
-0.0833206176757813 0.0245361328125 0.0264053344726562 -0.0378456115722656
-0.04986572265625 0.0760726928710937 0.00860595703124999 -0.0438308715820312
-0.0154190063476563 0.0830154418945313 -0.00895309448242188 -0.0445747375488281
-0.0128402709960937 0.0768356323242188 -0.0110321044921875 -0.0461158752441406
-0.015716552734375 0.0876388549804688 -0.00105667114257813 -0.051544189453125
-0.0410995483398438 0.0775604248046875 0.0204124450683594 -0.0478363037109375
-0.0749282836914063 0.041107177734375 0.044403076171875 -0.0392036437988281
-0.0872650146484375 -0.00120544433593749 0.0592460632324219 -0.00671005249023437
-0.0594558715820312 -0.077972412109375 0.0542678833007812 0.0407028198242187
-0.0125885009765625 -0.117607116699219 0.0171432495117187 0.0543899536132812
0.02630615234375 -0.110603332519531 -0.0161933898925781 0.061248779296875
0.00615692138671874 -0.103950500488281 0.0988006591796875 -0.0837631225585938
-0.0265045166015625 -0.0891494750976563 0.0374183654785156 -0.0634002685546875
-0.0544967651367188 -0.0557899475097656 0.0152187347412109 -0.0204887390136719
-0.0652618408203125 -0.0110626220703125 0.0379867553710938 -0.0183563232421875
-0.0543975830078125 0.0212554931640625 0.0377578735351563 -0.0487403869628906
-0.0329208374023438 0.0531768798828125 0.0138587951660156 -0.0655670166015625
-0.0115203857421875 0.0565109252929688 -0.0112113952636719 -0.0694122314453125
-0.00926971435546875 0.0539512634277344 -0.0186500549316406 -0.0695877075195313
-0.013153076171875 0.062103271484375 -0.00705718994140625 -0.0751876831054688
-0.0302772521972656 0.0523452758789063 0.0212631225585937 -0.07196044921875
-0.0525398254394531 0.0270233154296875 0.0479316711425781 -0.0555534362792969
-0.0602989196777344 0.000202178955078134 0.0622367858886719 -0.0164108276367188
-0.0454521179199219 -0.0534553527832031 0.0504798889160156 0.0258102416992187
-0.0200653076171875 -0.08697509765625 0.0118179321289063 0.0257282257080078
0.00540924072265626 -0.0918502807617188 -0.000230789184570311 0.0251121520996094
-0.0266189575195313 -0.0755996704101562 0.100776672363281 -0.105842590332031
-0.0431556701660156 -0.0483665466308594 0.0342864990234375 -0.074462890625
-0.0453262329101563 -0.0137062072753906 0.0122737884521484 -0.0226974487304688
-0.0316219329833984 0.009918212890625 0.0402984619140625 -0.0221214294433594
-0.018463134765625 0.0166492462158203 0.0390396118164063 -0.0524063110351563
-0.00988388061523437 0.0243759155273438 0.0128860473632812 -0.0760955810546875
-0.00571060180664062 0.02252197265625 -0.0144882202148437 -0.0826492309570313
-0.00489997863769531 0.023468017578125 -0.0234146118164063 -0.08203125
-0.00982666015625 0.0273170471191406 -0.0100173950195312 -0.088165283203125
-0.0163145065307617 0.0173540115356445 0.02337646484375 -0.0844955444335938
-0.0220298767089844 0.0051422119140625 0.0491561889648438 -0.0604629516601563
-0.0211906433105469 -0.000581741333007814 0.0600357055664063 -0.0188636779785156
-0.0197639465332031 -0.0196266174316406 0.0411186218261719 0.0165443420410156
-0.0215225219726563 -0.0395355224609375 0.00508213043212891 0.00448846817016601
-0.0171546936035156 -0.055633544921875 0.00964164733886719 -0.00299358367919922
-0.0536689758300781 -0.0378265380859375 0.0935287475585938 -0.122665405273438
-0.0499382019042969 -0.006256103515625 0.0272674560546875 -0.086029052734375
-0.0322418212890625 0.0233116149902344 0.00322914123535156 -0.0286369323730469
0.0015716552734375 0.0266342163085938 0.0309123992919922 -0.0257034301757812
0.0155668258666992 0.0101394653320313 0.0294036865234375 -0.04937744140625
0.0121564865112305 -0.00554466247558594 0.00719451904296875 -0.0734405517578125
0.000517845153808593 -0.0136051177978516 -0.0163345336914062 -0.0828475952148438
0.000303268432617187 -0.00988006591796875 -0.025115966796875 -0.0823440551757813
-0.0041656494140625 -0.0113277435302734 -0.008636474609375 -0.0892410278320313
0.00113677978515625 -0.0200366973876953 0.0267333984375 -0.0843505859375
0.0130891799926758 -0.0158891677856445 0.0485267639160156 -0.05401611328125
0.0200309753417969 0.000722885131835938 0.0543251037597656 -0.0138015747070313
0.00543403625488281 0.0187873840332031 0.0293712615966797 0.0127887725830078
-0.0234279632568359 0.0142612457275391 -0.0014958381652832 -0.00609588623046875
-0.0401420593261719 -0.0112495422363281 0.0118331909179688 -0.0197334289550781
0.0627365112304688 -0.03851318359375 0.00585174560546876 0.0290279388427734
0.0232772827148438 -0.0778045654296875 0.0123567581176758 0.00330162048339843
-0.0401802062988281 -0.0587310791015625 -0.0193405151367188 -0.0216560363769531
-0.0625381469726563 -0.00416183471679688 -0.0517425537109375 0.0062408447265625
-0.046295166015625 0.0292510986328125 -0.0473403930664063 0.0400848388671875
-0.0144844055175781 0.0541152954101562 -0.019439697265625 0.0788421630859375
0.005035400390625 0.0549087524414063 0.013275146484375 0.0881805419921875
-0.0018157958984375 0.0475349426269531 0.0263137817382812 0.075927734375
-0.00716400146484374 0.0524482727050781 0.0169677734375 0.0722503662109375
-0.0322799682617187 0.0396499633789063 -0.00779342651367188 0.0658760070800781
-0.0474205017089844 0.00614547729492188 -0.0105667114257813 0.0443992614746094
-0.0354232788085938 -0.0289535522460938 -0.00669097900390625 0.0307769775390625
0.00890350341796875 -0.0526618957519531 -0.000102996826171871 0.0554618835449219
0.05194091796875 -0.0361137390136719 -0.01025390625 0.109512329101562
0.0589027404785156 -0.00138473510742187 -0.1038818359375 0.143234252929687
0.0776290893554687 -0.0823135375976563 0.0219154357910156 0.0162525177001953
0.0243759155273438 -0.117820739746094 0.0169820785522461 -0.00357246398925782
-0.0521926879882813 -0.0938262939453125 -0.00952529907226563 -0.0222740173339844
-0.0926589965820312 -0.0208358764648438 -0.0364265441894531 -0.00182342529296875
-0.0770797729492187 0.0347366333007813 -0.0358772277832031 0.0191688537597656
-0.0348129272460938 0.0807571411132813 -0.018310546875 0.0539741516113281
-0.001434326171875 0.0852737426757813 0.0051422119140625 0.0641555786132813
-0.006195068359375 0.0750885009765625 0.0179443359375 0.0528373718261719
-0.0126800537109375 0.082733154296875 0.0155105590820313 0.0476188659667969
-0.0450286865234375 0.0673332214355469 0.00165557861328124 0.0451583862304688
-0.072052001953125 0.0222930908203125 0.00714874267578125 0.0291862487792969
-0.0657081604003906 -0.0266036987304687 0.0142269134521484 0.0275173187255859
-0.0143356323242187 -0.0780563354492188 0.0199508666992188 0.0636749267578125
0.0423812866210938 -0.0805740356445312 0.00305175781250001 0.114181518554688
0.0658340454101563 -0.0486831665039063 -0.0842437744140625 0.145950317382813
0.08056640625 -0.114463806152344 0.0435638427734375 -0.00655746459960938
0.02154541015625 -0.143051147460938 0.0222930908203125 -0.018096923828125
-0.0599365234375 -0.116554260253906 -0.00203323364257813 -0.0221633911132813
-0.111061096191406 -0.0351181030273438 -0.0172042846679688 -0.0072164535522461
-0.0985946655273437 0.03485107421875 -0.0176544189453125 -0.00271987915039062
-0.051055908203125 0.0957107543945313 -0.01275634765625 0.0212020874023438
-0.0076751708984375 0.103141784667969 -0.00237464904785156 0.0299263000488281
-0.009552001953125 0.0921249389648438 0.00695419311523437 0.021240234375
-0.0149154663085938 0.1026611328125 0.0108699798583984 0.0150718688964844
-0.050323486328125 0.0876388549804687 0.00983810424804687 0.0161161422729492
-0.087982177734375 0.038177490234375 0.0237941741943359 0.00742340087890625
-0.0909423828125 -0.01812744140625 0.0343723297119141 0.0191116333007812
-0.0412368774414062 -0.0940933227539063 0.0389595031738281 0.0642433166503906
0.0226898193359375 -0.117256164550781 0.0144729614257812 0.106521606445312
0.0615081787109375 -0.0912628173828125 -0.0610122680664063 0.131599426269531
0.068756103515625 -0.130683898925781 0.0674591064453125 -0.034881591796875
0.0106353759765625 -0.148544311523437 0.0286331176757812 -0.0360908508300781
-0.0640487670898438 -0.11956787109375 0.00464820861816406 -0.0224151611328125
-0.114761352539062 -0.0398406982421875 0.00347042083740234 -0.0118513107299805
-0.103950500488281 0.0325164794921875 0.00357818603515624 -0.0230464935302734
-0.0579986572265625 0.0957794189453125 -0.00375747680664063 -0.0133695602416992
-0.0125732421875 0.104347229003906 -0.00827550888061524 -0.00844955444335937
-0.0119247436523437 0.0948486328125 -0.00425052642822266 -0.0137472152709961
-0.015228271484375 0.107025146484375 0.00368118286132812 -0.0199871063232422
-0.0492935180664062 0.094635009765625 0.0147790908813477 -0.0174531936645508
-0.0915603637695312 0.0484085083007813 0.0363578796386719 -0.0188407897949219
-0.10284423828125 -0.00731658935546874 0.0510406494140625 0.00489425659179688
-0.0616836547851563 -0.0977401733398437 0.0531501770019531 0.0546646118164062
0.0011749267578125 -0.135269165039063 0.0205001831054688 0.0848922729492187
0.0478973388671875 -0.117782592773437 -0.0357284545898438 0.101547241210937
0.0421676635742188 -0.128959655761719 0.0879669189453125 -0.0663986206054688
-0.0077972412109375 -0.131301879882813 0.0336532592773438 -0.0544929504394531
-0.0638351440429688 -0.099884033203125 0.0104732513427734 -0.0219631195068359
-0.100730895996094 -0.0314407348632813 0.02392578125 -0.0164680480957031
-0.0902786254882813 0.028594970703125 0.0235862731933594 -0.0412139892578125
-0.0525436401367188 0.0825271606445313 0.00474548339843749 -0.0457534790039062
-0.0143051147460938 0.0902633666992188 -0.0129203796386719 -0.0443305969238281
-0.0119476318359375 0.0836334228515625 -0.0152549743652344 -0.0460968017578125
-0.015411376953125 0.0949020385742188 -0.00493240356445313 -0.05328369140625
-0.0431060791015625 0.084625244140625 0.0165443420410156 -0.0505027770996094
-0.0808792114257812 0.0458526611328125 0.0437774658203125 -0.0443916320800781
-0.0947723388671875 -0.000633239746093762 0.0605850219726562 -0.0108451843261719
-0.0652236938476563 -0.0852890014648438 0.0581245422363281 0.0393028259277344
-0.0142364501953125 -0.127426147460938 0.0187034606933594 0.0542411804199219
0.0295639038085938 -0.120315551757813 -0.0142593383789063 0.0618171691894531
0.00927734375000001 -0.110275268554687 0.100433349609375 -0.094207763671875
-0.0269317626953125 -0.0957870483398438 0.0355224609375 -0.070220947265625
-0.0573768615722656 -0.0621299743652344 0.013214111328125 -0.022552490234375
-0.0705490112304688 -0.0139541625976563 0.0378074645996094 -0.021331787109375
-0.0599632263183594 0.0231704711914063 0.0366668701171875 -0.0530433654785156
-0.0360794067382812 0.057708740234375 0.0103759765625 -0.0692558288574219
-0.0126228332519531 0.0620346069335938 -0.015777587890625 -0.0720291137695312
-0.0104637145996094 0.0595588684082031 -0.02313232421875 -0.0710220336914063
-0.0140571594238281 0.0678253173828125 -0.011505126953125 -0.0782852172851563
-0.033721923828125 0.0575294494628906 0.0181350708007813 -0.076385498046875
-0.05792236328125 0.0291938781738281 0.0473289489746094 -0.061279296875
-0.0657730102539063 -0.000766754150390622 0.0636520385742187 -0.0213508605957031
-0.0481643676757813 -0.0593719482421875 0.0533065795898438 0.0239334106445312
-0.019927978515625 -0.0942535400390625 0.0125617980957031 0.0235137939453125
0.00890350341796875 -0.0987548828125 0.00303840637207031 0.0229129791259766
-0.0256195068359375 -0.0775146484375 0.103919982910156 -0.117271423339844
-0.0419921875 -0.0510902404785156 0.0336151123046875 -0.0827713012695313
-0.0457916259765625 -0.0169830322265625 0.0109844207763672 -0.02496337890625
-0.0332508087158203 0.00713539123535156 0.0404319763183594 -0.02490234375
-0.0217094421386719 0.0164546966552734 0.0385360717773438 -0.0566291809082031
-0.0137710571289062 0.0263690948486328 0.0109329223632813 -0.0803909301757813
-0.00864791870117188 0.0256900787353516 -0.0180130004882813 -0.0868301391601563
-0.00708198547363281 0.0268115997314453 -0.02801513671875 -0.0852813720703125
-0.0118541717529297 0.0312404632568359 -0.014373779296875 -0.0930938720703125
-0.0208759307861328 0.0199546813964844 0.0205230712890625 -0.0902099609375
-0.0268955230712891 0.00466728210449218 0.0489921569824219 -0.0663032531738281
-0.0246181488037109 -0.00335121154785156 0.0623817443847656 -0.0226898193359375
-0.0193290710449219 -0.0243873596191406 0.0431594848632813 0.0145950317382812
-0.0193061828613281 -0.042938232421875 0.00512599945068359 0.00203561782836914
-0.0138359069824219 -0.0586814880371094 0.0141143798828125 -0.00703144073486329
-0.0543098449707031 -0.035858154296875 0.0975265502929688 -0.135086059570313
-0.0484237670898438 -0.0047760009765625 0.026336669921875 -0.0939407348632813
-0.0295581817626953 0.0241546630859375 0.00112533569335937 -0.0310230255126953
0.00337982177734375 0.024200439453125 0.0315628051757812 -0.0283908843994141
0.0146846771240234 0.00820732116699219 0.029876708984375 -0.0525779724121094
0.00906181335449219 -0.00698089599609375 0.00623321533203125 -0.077880859375
-0.00300025939941406 -0.0131940841674805 -0.0195388793945313 -0.0875091552734375
-0.0028696060180664 -0.00962638854980469 -0.028076171875 -0.0865554809570313
-0.00751399993896484 -0.010066032409668 -0.0120773315429688 -0.0947418212890625
-0.0032501220703125 -0.0202312469482422 0.024749755859375 -0.0911636352539063
0.00914573669433594 -0.0192546844482422 0.0497169494628906 -0.0594711303710938
0.0193862915039063 -0.00304412841796875 0.0569190979003906 -0.01666259765625
0.00848102569580078 0.0157566070556641 0.0308856964111328 0.0116176605224609
-0.0196762084960937 0.0146331787109375 -0.000621318817138674 -0.00875329971313476
-0.0378341674804687 -0.00970840454101563 0.0177974700927734 -0.0240306854248047
0.0594062805175781 -0.0444488525390625 0.00161552429199219 0.0329647064208984
0.0157089233398438 -0.0800399780273438 0.0107631683349609 0.00558090209960937
-0.0450897216796875 -0.0550804138183594 -0.0211029052734375 -0.0200996398925781
-0.0623664855957031 0.00164031982421875 -0.0525894165039063 0.00930404663085938
-0.0430221557617188 0.0341072082519531 -0.0467071533203125 0.0446701049804687
-0.00875473022460937 0.0551643371582031 -0.0161361694335938 0.0832061767578125
0.0109672546386719 0.0551033020019531 0.018463134765625 0.0913314819335938
0.00350189208984375 0.04815673828125 0.0302352905273437 0.0785598754882812
-0.001434326171875 0.0538368225097656 0.0208053588867188 0.074920654296875
-0.028076171875 0.0438461303710938 -0.00526046752929688 0.0702743530273438
-0.04742431640625 0.0118446350097656 -0.00967788696289063 0.0461692810058594
-0.0396080017089844 -0.0253410339355469 -0.00531196594238281 0.0313262939453125
0.0030364990234375 -0.0542869567871094 0.0041046142578125 0.0578536987304688
0.0480575561523438 -0.0427513122558594 -0.0046539306640625 0.115020751953125
0.059326171875 -0.00849151611328125 -0.101913452148438 0.155258178710938
0.0738983154296875 -0.0909957885742188 0.0168132781982422 0.0178585052490234
0.0162124633789063 -0.122825622558594 0.0147380828857422 -0.0021352767944336
-0.0601119995117187 -0.0923385620117188 -0.012115478515625 -0.0211715698242188
-0.0952529907226563 -0.0147933959960937 -0.0383224487304688 -0.000221252441406249
-0.0759963989257813 0.041290283203125 -0.0369453430175781 0.0228843688964844
-0.0291824340820312 0.0841140747070313 -0.0174522399902344 0.0575218200683594
0.005889892578125 0.0872802734375 0.008087158203125 0.0678749084472656
-0.000183105468749993 0.0775527954101563 0.0210113525390625 0.0557327270507813
-0.00588226318359375 0.0868377685546875 0.0170440673828125 0.0497779846191406
-0.0405044555664063 0.073577880859375 0.0023345947265625 0.0481948852539063
-0.072845458984375 0.029571533203125 0.00708389282226562 0.0291252136230469
-0.0712966918945313 -0.0225830078125 0.0150604248046875 0.0263557434082031
-0.0223541259765625 -0.0811309814453125 0.0247955322265625 0.0641021728515625
0.0366287231445313 -0.089385986328125 0.00926971435546875 0.118110656738281
0.0653076171875 -0.0586814880371094 -0.081298828125 0.155105590820312
0.07672119140625 -0.125251770019531 0.0385589599609375 -0.00757217407226563
0.012420654296875 -0.149505615234375 0.0192375183105469 -0.0173072814941406
-0.0691986083984375 -0.117378234863281 -0.00483322143554688 -0.0216960906982422
-0.115913391113281 -0.029632568359375 -0.0198249816894531 -0.00633811950683594
-0.0995101928710938 0.0427398681640625 -0.0205745697021484 -0.00069808959960937
-0.046173095703125 0.101173400878906 -0.0140666961669922 0.0243492126464844
-0.000495910644531241 0.107322692871094 -0.0018463134765625 0.0333118438720703
-0.00384521484375001 0.0960845947265625 0.00762176513671875 0.0244426727294922
-0.00823974609374999 0.107757568359375 0.00984668731689453 0.0170230865478516
-0.046051025390625 0.0950241088867187 0.00865364074707031 0.0179901123046875
-0.0897369384765625 0.04669189453125 0.0225696563720703 0.00563812255859375
-0.0972976684570313 -0.0134735107421875 0.0356178283691406 0.0156631469726563
-0.0501861572265625 -0.0980072021484375 0.0444297790527344 0.0627632141113281
0.0161285400390625 -0.126411437988281 0.0200424194335938 0.108528137207031
0.0600814819335938 -0.102195739746094 -0.0573272705078125 0.13818359375
0.065643310546875 -0.141433715820313 0.062347412109375 -0.0397605895996094
0.003448486328125 -0.1558837890625 0.0247726440429687 -0.0375289916992188
-0.0737457275390625 -0.122932434082031 0.00163841247558593 -0.0222339630126953
-0.121734619140625 -0.0354766845703125 0.00123310089111328 -0.0121479034423828
-0.106735229492188 0.040069580078125 -8.01086425781305E-05 -0.0236434936523438
-0.054534912109375 0.103080749511719 -0.00746631622314454 -0.0121889114379883
-0.00617980957031251 0.110145568847656 -0.010523796081543 -0.00559902191162109
-0.00662994384765624 0.099761962890625 -0.00621891021728516 -0.0110816955566406
-0.0094146728515625 0.11322021484375 -0.000181198120117188 -0.0188102722167969
-0.0458984375 0.102195739746094 0.011540412902832 -0.0171480178833008
-0.0941390991210938 0.055999755859375 0.0340614318847656 -0.0222816467285156
-0.109001159667969 -0.00263214111328123 0.0512809753417969 0.000164031982421875
-0.070709228515625 -0.100334167480469 0.0572853088378906 0.0517730712890625
-0.0056304931640625 -0.144256591796875 0.0248336791992187 0.0844650268554687
0.04608154296875 -0.128204345703125 -0.0323333740234375 0.105018615722656
0.0406646728515625 -0.138275146484375 0.0833511352539063 -0.0739822387695313
-0.0128173828125 -0.138046264648438 0.0292282104492187 -0.0583000183105469
-0.07183837890625 -0.103431701660156 0.00731086730957031 -0.0229282379150391
-0.107757568359375 -0.029205322265625 0.0217399597167969 -0.0179424285888672
-0.093292236328125 0.034698486328125 0.0201530456542969 -0.0434684753417969
-0.05126953125 0.0895156860351563 6.10351562499932E-05 -0.0460319519042969
-0.010101318359375 0.0961227416992187 -0.0171051025390625 -0.0431175231933594
-0.00818634033203126 0.0888824462890625 -0.0192604064941406 -0.0443000793457031
-0.0110931396484375 0.101371765136719 -0.0104217529296875 -0.0529899597167969
-0.04119873046875 0.09136962890625 0.0117988586425781 -0.0518417358398438
-0.083984375 0.0519332885742187 0.0402870178222656 -0.048736572265625
-0.100189208984375 0.00252532958984373 0.0602874755859375 -0.0160903930664063
-0.0723724365234375 -0.0881118774414062 0.0607490539550781 0.03509521484375
-0.02020263671875 -0.134613037109375 0.0212516784667969 0.0523605346679687
0.0278396606445313 -0.129287719726563 -0.0111274719238281 0.0617294311523437
0.00814056396484375 -0.115425109863281 0.0970077514648438 -0.105400085449219
-0.0296783447265625 -0.100852966308594 0.0312118530273437 -0.0757598876953125
-0.061614990234375 -0.0655059814453125 0.010528564453125 -0.0241680145263672
-0.0757217407226563 -0.01361083984375 0.0355339050292969 -0.0238456726074219
-0.06353759765625 0.0263595581054688 0.0329132080078125 -0.0563240051269531
-0.0372200012207031 0.0631675720214844 0.00506591796875 -0.0713958740234375
-0.0108070373535156 0.0674629211425781 -0.0213775634765625 -0.0719070434570313
-0.00895309448242188 0.0639839172363281 -0.0285263061523438 -0.0703048706054688
-0.0126190185546875 0.07354736328125 -0.018218994140625 -0.0795135498046875
-0.034088134765625 0.0629615783691406 0.011810302734375 -0.0790557861328125
-0.0626182556152344 0.0329818725585938 0.0438499450683594 -0.06622314453125
-0.0703353881835938 0.000564575195312515 0.0632514953613281 -0.0264434814453125
-0.0520210266113281 -0.0629348754882813 0.0547370910644531 0.0207443237304687
-0.02276611328125 -0.0985260009765625 0.0133495330810547 0.0213527679443359
0.00823211669921875 -0.104324340820313 0.00626754760742188 0.0197792053222656
-0.0256576538085938 -0.0784378051757813 0.101142883300781 -0.130271911621094
-0.0418815612792969 -0.0521621704101563 0.0294570922851562 -0.0894851684570313
-0.0458183288574219 -0.0185356140136719 0.00818824768066406 -0.0267372131347656
-0.0348892211914062 0.00568771362304687 0.0385551452636719 -0.0278701782226563
-0.0242786407470703 0.0164470672607422 0.0354728698730469 -0.060882568359375
-0.0161037445068359 0.0287380218505859 0.005859375 -0.0830841064453125
-0.00939559936523437 0.0295028686523438 -0.024078369140625 -0.0881423950195313
-0.00768089294433594 0.0299167633056641 -0.03387451171875 -0.086090087890625
-0.0128269195556641 0.0351295471191406 -0.0211715698242188 -0.0949172973632813
-0.0230579376220703 0.0234622955322266 0.0145416259765625 -0.0948410034179688
-0.0310382843017578 0.00572013854980469 0.0459213256835938 -0.0717391967773438
-0.0275096893310547 -0.0048675537109375 0.0619277954101562 -0.0279502868652344
-0.0201358795166016 -0.0279827117919922 0.0437393188476563 0.0116195678710937
-0.01873779296875 -0.0456352233886719 0.00535011291503906 -0.0010066032409668
-0.0124130249023438 -0.0605926513671875 0.0173511505126953 -0.011744499206543
-0.0541572570800781 -0.0319099426269531 0.095306396484375 -0.147506713867188
-0.0457878112792969 -0.00285339355468751 0.0221481323242187 -0.101142883300781
-0.0265789031982422 0.0246524810791016 -0.0015106201171875 -0.0321407318115234
0.00498199462890625 0.0221977233886719 0.0294170379638672 -0.0305976867675781
0.0142831802368164 0.00501537322998047 0.0278587341308594 -0.0554695129394531
0.00578880310058594 -0.00735044479370117 0.00290679931640626 -0.0807571411132813
-0.00643730163574219 -0.0118684768676758 -0.0243377685546875 -0.0901031494140625
-0.00552749633789063 -0.00856351852416992 -0.0336227416992188 -0.088226318359375
-0.0108327865600586 -0.007843017578125 -0.018341064453125 -0.0977401733398437
-0.00812339782714844 -0.0189113616943359 0.0199737548828125 -0.0967636108398437
0.00489044189453125 -0.0212154388427734 0.0472679138183594 -0.0646286010742187
0.0177040100097656 -0.00724220275878906 0.0578765869140625 -0.0209846496582031
0.0113639831542969 0.0125579833984375 0.0319480895996094 0.00960731506347656
-0.0156040191650391 0.0139331817626953 7.62939453124811E-06 -0.0109272003173828
-0.0348377227783203 -0.00804901123046876 0.0217170715332031 -0.0294342041015625
0.0546379089355469 -0.0478858947753906 -0.00181579589843749 0.0368728637695313
0.00839996337890624 -0.0781478881835938 0.00915241241455078 0.00799274444580078
-0.0482177734375 -0.0500259399414062 -0.0215721130371094 -0.0179023742675781
-0.0602340698242188 0.00650787353515624 -0.0523262023925781 0.0119285583496094
-0.0395278930664063 0.0367546081542969 -0.0448646545410156 0.0475959777832031
-0.0040740966796875 0.0539932250976563 -0.011962890625 0.0847549438476563
0.0159988403320313 0.0526008605957031 0.0228118896484375 0.0921478271484375
0.00854110717773438 0.0467529296875 0.0344772338867188 0.0781936645507813
0.00392150878906249 0.052642822265625 0.0239639282226563 0.0755233764648438
-0.0232658386230469 0.0460090637207031 -0.00180816650390625 0.07208251953125
-0.0451774597167969 0.0166511535644531 -0.00799560546875 0.0466270446777344
-0.0415191650390625 -0.0211639404296875 -0.00408363342285157 0.0306320190429688
-0.00276947021484375 -0.0536079406738281 0.00831222534179687 0.0578384399414062
0.0422744750976563 -0.0464859008789063 0.000968933105468743 0.116554260253906
0.0567970275878906 -0.0147552490234375 -0.0955657958984375 0.1622314453125
0.0678863525390625 -0.0962066650390625 0.0121440887451172 0.0200099945068359
0.00711822509765624 -0.122161865234375 0.0121145248413086 8.5830688476555E-05
-0.0651092529296875 -0.087554931640625 -0.0134220123291016 -0.0193672180175781
-0.0947418212890625 -0.00879669189453124 -0.0387992858886719 0.00239944458007812
-0.0722732543945313 0.0466766357421875 -0.0376472473144531 0.0252723693847656
-0.0232009887695313 0.08465576171875 -0.0158843994140625 0.0602493286132813
0.0123443603515625 0.0863113403320313 0.0114898681640625 0.0693588256835938
0.00607299804687501 0.0771408081054688 0.0233306884765625 0.0568084716796875
0.00120544433593751 0.0866165161132813 0.0185394287109375 0.051116943359375
-0.0352401733398438 0.076904296875 0.00373077392578124 0.0500869750976563
-0.071685791015625 0.03564453125 0.00726509094238281 0.0286064147949219
-0.0742034912109375 -0.0176925659179687 0.0155353546142578 0.0241756439208984
-0.0291366577148437 -0.0805282592773438 0.0289421081542969 0.06219482421875
0.0295944213867187 -0.0941543579101563 0.0145416259765625 0.117530822753906
0.0617752075195312 -0.0660667419433594 -0.07550048828125 0.160430908203125
0.0711517333984375 -0.131378173828125 0.0327548980712891 -0.00753784179687501
0.00354003906250001 -0.150909423828125 0.0159788131713867 -0.0162868499755859
-0.0762481689453125 -0.114395141601562 -0.00640106201171875 -0.0200080871582031
-0.117790222167969 -0.0232467651367187 -0.0214366912841797 -0.005340576171875
-0.0971603393554687 0.0490264892578125 -0.0226306915283203 0.00122451782226563
-0.0404205322265625 0.10357666015625 -0.0145378112792969 0.0269870758056641
0.00642395019531249 0.107452392578125 -0.000503540039062499 0.0364570617675781
0.0022430419921875 0.096954345703125 0.00850868225097656 0.02642822265625
-0.000808715820312498 0.108863830566406 0.00914192199707031 0.0190296173095703
-0.0405426025390625 0.0985870361328125 0.00775909423828125 0.01953125
-0.0880813598632813 0.0529632568359375 0.0209197998046875 0.00415802001953125
-0.100112915039063 -0.00834655761718751 0.0346202850341797 0.0126056671142578
-0.0577163696289062 -0.0976333618164063 0.0477676391601562 0.0592918395996094
0.00846099853515625 -0.131317138671875 0.0246200561523438 0.106407165527344
0.0559310913085937 -0.109237670898438 -0.051727294921875 0.140823364257813
0.0606536865234375 -0.147369384765625 0.0554542541503906 -0.041748046875
-0.00524902343749999 -0.157852172851563 0.0198898315429688 -0.0373878479003906
-0.0812759399414063 -0.121452331542969 -0.000543594360351567 -0.0210342407226563
-0.125251770019531 -0.0299606323242187 -0.00109100341796876 -0.0120344161987305
-0.105583190917969 0.046417236328125 -0.00357818603515626 -0.0222091674804687
-0.0497894287109375 0.107025146484375 -0.0101041793823242 -0.00982379913330078
-1.52587890625122E-05 0.111854553222656 -0.0115804672241211 -0.00191116333007812
-0.00050354003906251 0.101448059082031 -0.00767326354980469 -0.00787210464477538
-0.0028228759765625 0.115669250488281 -0.0032958984375 -0.0168838500976562
-0.0406341552734375 0.106559753417969 0.00856685638427734 -0.0163688659667969
-0.0932388305664062 0.06268310546875 0.0307960510253906 -0.0243072509765625
-0.112297058105469 0.00220489501953126 0.0493927001953125 -0.00403594970703125
-0.0774307250976562 -0.100051879882813 0.0590553283691406 0.0478935241699219
-0.01318359375 -0.1483154296875 0.02764892578125 0.0819625854492187
0.04217529296875 -0.134475708007813 -0.027740478515625 0.10479736328125
0.0374755859375 -0.142745971679688 0.0761795043945313 -0.0787124633789063
-0.0185317993164063 -0.140365600585938 0.0238227844238281 -0.0594253540039063
-0.07794189453125 -0.103446960449219 0.00497627258300781 -0.0228176116943359
-0.111534118652344 -0.0257644653320312 0.0186195373535156 -0.0191287994384766
-0.0938873291015625 0.0401687622070313 0.0153007507324219 -0.0437889099121094
-0.0482025146484375 0.09393310546875 -0.00496292114257813 -0.0447921752929687
-0.00528717041015625 0.09869384765625 -0.0202445983886719 -0.0397567749023437
-0.00405120849609375 0.0912017822265625 -0.0220489501953125 -0.0406532287597656
-0.00621032714843751 0.103919982910156 -0.0150566101074219 -0.050872802734375
-0.0381011962890625 0.09552001953125 0.00679779052734374 -0.050811767578125
-0.08428955078125 0.0574798583984375 0.0355072021484375 -0.0513191223144531
-0.102745056152344 0.00681304931640624 0.0577583312988281 -0.02044677734375
-0.0774307250976563 -0.088348388671875 0.0611801147460937 0.0307273864746094
-0.0259170532226563 -0.138084411621094 0.0222320556640625 0.0494880676269531
0.0249099731445313 -0.133842468261719 -0.00780868530273437 0.059234619140625
0.00678253173828125 -0.117919921875 0.0898208618164063 -0.111900329589844
-0.0321578979492188 -0.102287292480469 0.0255813598632812 -0.0784072875976563
-0.0654258728027344 -0.0663528442382812 0.00796890258789062 -0.0247745513916016
-0.0787200927734375 -0.0122451782226562 0.0327529907226562 -0.0254592895507813
-0.0649795532226562 0.0292167663574219 0.0281524658203125 -0.0579109191894531
-0.0366897583007813 0.0665550231933594 -1.52587890625096E-05 -0.0703353881835938
-0.00872039794921876 0.0707015991210938 -0.0258026123046875 -0.0693588256835938
-0.00672912597656249 0.0665054321289063 -0.0331497192382813 -0.0676536560058594
-0.00968170166015624 0.0766677856445313 -0.0240478515625 -0.0776596069335938
-0.0333290100097656 0.0669441223144531 0.00601196289062501 -0.078857421875
-0.0642318725585938 0.0367965698242187 0.0385208129882812 -0.0688819885253906
-0.0729522705078125 0.00189208984374999 0.0601882934570313 -0.0305213928222656
-0.0559234619140625 -0.0644264221191406 0.0543174743652344 0.0163612365722656
-0.025421142578125 -0.101783752441406 0.0133705139160156 0.0186119079589844
0.00745391845703126 -0.107376098632813 0.00819301605224609 0.0159997940063476
-0.0250778198242187 -0.0776519775390625 0.0948104858398438 -0.137924194335938
-0.041595458984375 -0.0522041320800781 0.02392578125 -0.0927886962890625
-0.0459251403808594 -0.0201759338378906 0.00549507141113281 -0.0278339385986328
-0.0366020202636719 0.00386810302734376 0.0356330871582031 -0.030181884765625
-0.0261173248291016 0.0171737670898437 0.0311622619628906 -0.0619468688964844
-0.0175495147705078 0.0305747985839844 0.0010833740234375 -0.0830612182617188
-0.00987815856933593 0.0323619842529297 -0.0287857055664063 -0.0862503051757812
-0.00786399841308594 0.0323848724365234 -0.0387344360351562 -0.08355712890625
-0.0128898620605469 0.038238525390625 -0.027435302734375 -0.09381103515625
-0.0252971649169922 0.0271167755126953 0.00798797607421876 -0.0950927734375
-0.0346450805664063 0.00756263732910156 0.0413284301757813 -0.0746841430664062
-0.0307064056396484 -0.00588417053222657 0.0593910217285156 -0.0314979553222656
-0.0211830139160156 -0.0309352874755859 0.0432167053222656 0.0091094970703125
-0.01812744140625 -0.0479965209960938 0.00473356246948242 -0.0033407211303711
-0.0113296508789063 -0.0613136291503906 0.0200996398925781 -0.0173606872558594
-0.0520172119140625 -0.0278587341308594 0.0889739990234375 -0.155685424804688
-0.0430259704589844 -0.00127029418945313 0.0165023803710938 -0.104743957519531
-0.0228958129882813 0.023712158203125 -0.00362396240234375 -0.0327224731445313
0.00557136535644531 0.0188121795654297 0.0273609161376953 -0.0320987701416016
0.0125703811645508 0.003173828125 0.0252265930175781 -0.0569381713867188
0.00280857086181641 -0.0072941780090332 -0.000968933105468744 -0.0810775756835938
-0.00980949401855469 -0.00962066650390625 -0.0288009643554687 -0.08941650390625
-0.0075840950012207 -0.00592184066772461 -0.0383987426757813 -0.0872116088867188
-0.0130996704101563 -0.00514984130859375 -0.0245208740234375 -0.0976638793945313
-0.012333869934082 -0.0165538787841797 0.013763427734375 -0.09844970703125
-5.72204589843699E-06 -0.0212688446044922 0.0439414978027344 -0.0676193237304688
0.0152835845947266 -0.00988483428955078 0.0559539794921875 -0.0246925354003906
0.0121688842773438 0.00877571105957031 0.0315494537353516 0.00749015808105469
-0.012054443359375 0.0126113891601563 -0.000597000122070312 -0.0135211944580078
-0.0305099487304688 -0.00651359558105468 0.0243301391601562 -0.0349864959716797
0.0500106811523438 -0.0487098693847656 -0.00518035888671875 0.0403556823730469
0.00411224365234376 -0.0751266479492188 0.00805759429931641 0.0104656219482422
-0.0481338500976563 -0.0459861755371094 -0.0214862823486328 -0.01605224609375
-0.0569076538085938 0.00927734375 -0.051055908203125 0.0132217407226563
-0.03564453125 0.037506103515625 -0.0432891845703125 0.0486526489257813
-0.000598907470703129 0.0518455505371094 -0.00972747802734375 0.084716796875
0.0194969177246094 0.0495452880859375 0.0251388549804688 0.0911331176757813
0.0112838745117187 0.0447349548339844 0.035614013671875 0.0774612426757813
0.00795364379882813 0.0506858825683594 0.0253982543945312 0.0753021240234375
-0.0189704895019531 0.0469207763671875 -0.000465393066406257 0.0724945068359375
-0.0429000854492188 0.0194244384765625 -0.00746917724609375 0.0461883544921875
-0.04205322265625 -0.0182991027832031 -0.00426864624023438 0.0301971435546875
-0.00629043579101563 -0.0519218444824219 0.0103988647460937 0.0568008422851562
0.0379219055175781 -0.0478668212890625 0.0034637451171875 0.11566162109375
0.0539779663085938 -0.0188102722167969 -0.0923004150390625 0.164016723632813
0.0627670288085938 -0.0976791381835938 0.0075836181640625 0.0232295989990234
0.00185394287109376 -0.119804382324219 0.0100116729736328 0.00224876403808593
-0.066864013671875 -0.0838088989257813 -0.0139427185058594 -0.0174894332885742
-0.0925216674804688 -0.00559234619140627 -0.0391616821289063 0.0034942626953125
-0.0691795349121094 0.0477485656738281 -0.0369148254394531 0.0267410278320313
-0.0196304321289063 0.0837173461914062 -0.0147056579589844 0.0609283447265625
0.0158615112304687 0.083709716796875 0.0129966735839844 0.0702590942382813
0.00905609130859375 0.07574462890625 0.02392578125 0.0570487976074219
0.00525665283203125 0.0854721069335938 0.0187301635742188 0.0516510009765625
-0.0307540893554688 0.0779037475585938 0.004150390625 0.0512123107910156
-0.0693931579589844 0.0391387939453125 0.00641632080078125 0.0280685424804688
-0.0752029418945313 -0.0146026611328125 0.0148658752441406 0.0228958129882813
-0.033111572265625 -0.0798721313476563 0.0304679870605469 0.0602798461914063
0.02490234375 -0.096435546875 0.0165481567382812 0.115837097167969
0.0592117309570313 -0.0700531005859375 -0.072418212890625 0.16107177734375
0.0669326782226563 -0.133201599121094 0.0272026062011719 -0.00546455383300782
-0.00134277343749999 -0.149429321289063 0.0133371353149414 -0.0139265060424805
-0.0790481567382812 -0.111236572265625 -0.00720787048339844 -0.0184879302978516
-0.1171875 -0.0198593139648437 -0.0220909118652344 -0.00412559509277344
-0.0941009521484375 0.0513992309570312 -0.0237464904785156 0.002960205078125
-0.036529541015625 0.103179931640625 -0.0153675079345703 0.0285453796386719
0.0108108520507813 0.105941772460938 7.62939453125319E-06 0.03863525390625
0.00621032714843751 0.0956268310546875 0.0084686279296875 0.0282058715820313
0.00362396240234375 0.108818054199219 0.007843017578125 0.0203914642333984
-0.0366058349609375 0.100555419921875 0.00719070434570312 0.0211277008056641
-0.0866317749023438 0.0568161010742188 0.0189952850341797 0.00349235534667969
-0.101188659667969 -0.00511169433593749 0.0331497192382812 0.01043701171875
-0.0615310668945313 -0.0968856811523438 0.0483360290527344 0.0560111999511719
0.00286102294921876 -0.13372802734375 0.0262451171875 0.104148864746094
0.05303955078125 -0.113418579101562 -0.0492706298828125 0.140213012695313
0.0572509765625 -0.15020751953125 0.0499343872070313 -0.0411911010742188
-0.0090179443359375 -0.157760620117188 0.0167350769042969 -0.0356597900390625
-0.0846023559570313 -0.119354248046875 -0.00178337097167969 -0.0199680328369141
-0.125694274902344 -0.0273590087890625 -0.00287342071533204 -0.0113992691040039
-0.103431701660156 0.049713134765625 -0.00549888610839844 -0.0211296081542969
-0.04681396484375 0.108169555664062 -0.0122575759887695 -0.0075540542602539
0.0036468505859375 0.111778259277344 -0.0119991302490234 0.000503540039062507
0.00232696533203125 0.101631164550781 -0.00818252563476563 -0.00495767593383789
0.00110626220703125 0.115455627441406 -0.00502395629882812 -0.0146799087524414
-0.0373992919921875 0.1083984375 0.00659370422363281 -0.0143966674804687
-0.0919418334960937 0.0663604736328125 0.027557373046875 -0.024810791015625
-0.11297607421875 0.00481414794921873 0.0468673706054687 -0.00614547729492188
-0.0809249877929688 -0.100181579589844 0.0592498779296875 0.0441436767578125
-0.0179443359375 -0.149505615234375 0.0280075073242187 0.0791397094726562
0.0396804809570313 -0.137985229492187 -0.0262374877929688 0.102767944335937
0.036163330078125 -0.144943237304688 0.0704345703125 -0.0795745849609375
-0.0205535888671875 -0.141311645507813 0.02008056640625 -0.0589866638183594
-0.081085205078125 -0.103538513183594 0.00335311889648437 -0.0218772888183594
-0.113365173339844 -0.0242156982421875 0.0166110992431641 -0.0190391540527344
-0.09368896484375 0.0426864624023438 0.0121726989746094 -0.0428390502929688
-0.0468292236328125 0.0955276489257813 -0.00715255737304688 -0.0424690246582031
-0.00262451171875 0.0991439819335937 -0.0215072631835938 -0.0366897583007813
-0.00244140625 0.0918731689453125 -0.0235824584960938 -0.0376129150390625
-0.00326538085937499 0.105110168457031 -0.0181083679199219 -0.0480117797851562
-0.0359954833984375 0.0976104736328125 0.00403594970703125 -0.0490570068359375
-0.0843276977539063 0.06048583984375 0.0322418212890625 -0.0514144897460937
-0.1041259765625 0.00817108154296877 0.0548248291015625 -0.0222663879394531
-0.0802841186523438 -0.0885848999023438 0.0598640441894531 0.0277976989746094
-0.028717041015625 -0.139053344726563 0.0219459533691406 0.0468978881835938
0.0241470336914063 -0.135841369628906 -0.00687408447265625 0.0567359924316406
0.007171630859375 -0.118400573730469 0.0845947265625 -0.114036560058594
-0.0320663452148438 -0.103012084960938 0.0216751098632812 -0.0789871215820312
-0.0668716430664063 -0.0680351257324219 0.00612449645996093 -0.02423095703125
-0.0810775756835938 -0.01318359375 0.0298728942871094 -0.0257816314697266
-0.0654754638671875 0.030975341796875 0.0245895385742188 -0.0569992065429687
-0.0367202758789062 0.0686721801757813 -0.00294113159179688 -0.06878662109375
-0.00742340087890625 0.0720367431640625 -0.0273056030273438 -0.0667228698730469
-0.00555419921874999 0.068206787109375 -0.0343856811523438 -0.06475830078125
-0.00823211669921876 0.078643798828125 -0.027069091796875 -0.07537841796875
-0.0327796936035156 0.0694007873535156 0.00222778320312499 -0.0774688720703125
-0.0652618408203125 0.0388641357421875 0.0344810485839844 -0.0695419311523438
-0.074859619140625 0.00221252441406251 0.0573921203613281 -0.0324859619140625
-0.0574913024902344 -0.0660324096679687 0.0526504516601563 0.0143394470214844
-0.0266342163085938 -0.103691101074219 0.0123090744018555 0.0157680511474609
0.007965087890625 -0.10845947265625 0.00944232940673828 0.012333869934082
-0.0229034423828125 -0.076690673828125 0.09002685546875 -0.141372680664063
-0.039215087890625 -0.0533447265625 0.0203781127929687 -0.0946044921875
-0.0458106994628906 -0.0222091674804687 0.00395965576171875 -0.0277023315429688
-0.0378952026367188 0.00207901000976562 0.0333652496337891 -0.0304641723632813
-0.0276355743408203 0.0170211791992187 0.0285606384277344 -0.0619621276855469
-0.0189685821533203 0.0323925018310547 -0.00128173828125 -0.0813827514648438
-0.0100307464599609 0.0345306396484375 -0.030853271484375 -0.0847091674804688
-0.00805854797363281 0.0347862243652344 -0.04052734375 -0.0810089111328125
-0.0127754211425781 0.0409011840820313 -0.0301742553710937 -0.09185791015625
-0.0263156890869141 0.0295372009277344 0.00464630126953125 -0.0938491821289063
-0.0374107360839844 0.0087890625 0.0379104614257813 -0.0751266479492188
-0.0328464508056641 -0.00689888000488281 0.0570411682128906 -0.0330467224121094
-0.0218181610107422 -0.033782958984375 0.0419502258300781 0.0070343017578125
-0.0167503356933594 -0.0501251220703125 0.00418329238891601 -0.00539922714233399
-0.00861740112304688 -0.0618438720703125 0.0209846496582031 -0.0214290618896484
-0.0491409301757813 -0.0258407592773438 0.0855255126953125 -0.158554077148438
-0.03948974609375 -0.00101089477539062 0.0135574340820312 -0.105789184570313
-0.0206813812255859 0.0216045379638672 -0.00491905212402344 -0.0323638916015625
0.00476646423339844 0.0158252716064453 0.0254535675048828 -0.0325050354003906
0.0104923248291016 0.00123691558837891 0.0230522155761719 -0.0569534301757813
0.000137805938720703 -0.00625276565551758 -0.00287628173828126 -0.0801315307617188
-0.0108375549316406 -0.00695610046386719 -0.0307846069335938 -0.0882339477539063
-0.00978374481201172 -0.00391960144042969 -0.0395965576171875 -0.0855255126953125
-0.0146503448486328 -0.00307655334472657 -0.027374267578125 -0.0963363647460938
-0.0147485733032227 -0.013819694519043 0.00983428955078124 -0.0979843139648438
-0.00365638732910156 -0.0205192565917969 0.0409889221191406 -0.06884765625
0.0123577117919922 -0.0122356414794922 0.0544052124023438 -0.0260391235351563
0.0131635665893555 0.00515651702880859 0.0307197570800781 0.00645256042480469
-0.0089874267578125 0.0104141235351563 -0.000518798828124999 -0.0155191421508789
-0.0273532867431641 -0.00650787353515625 0.0264701843261719 -0.0397720336914063
0.0476951599121094 -0.0488014221191406 -0.0087738037109375 0.0446357727050781
0.00168609619140625 -0.0732574462890625 0.00693416595458984 0.012913703918457
-0.0478363037109375 -0.0437545776367188 -0.0211238861083984 -0.0153255462646484
-0.0551681518554688 0.0103034973144531 -0.0513038635253906 0.0137062072753906
-0.0336380004882813 0.0373954772949219 -0.0431060791015625 0.0490455627441406
0.000835418701171879 0.0502243041992188 -0.009918212890625 0.0855178833007813
0.0203819274902344 0.0477371215820312 0.025665283203125 0.092437744140625
0.0125083923339844 0.0435752868652344 0.0358352661132813 0.0785598754882813
0.01007080078125 0.04925537109375 0.0255661010742188 0.0764999389648438
-0.0164299011230469 0.0464210510253906 0.000129699707031243 0.0737686157226563
-0.0411224365234375 0.0207328796386719 -0.00768661499023438 0.0467643737792969
-0.0427780151367188 -0.0162773132324219 -0.00448417663574219 0.0297126770019531
-0.00847625732421874 -0.0507316589355469 0.0115776062011719 0.0566864013671875
0.0348320007324219 -0.0488433837890625 0.00366973876953125 0.116767883300781
0.0518341064453125 -0.0209159851074219 -0.0933685302734375 0.165878295898438
0.0618057250976563 -0.0986785888671875 0.00333213806152344 0.0269527435302734
-0.00052642822265625 -0.118385314941406 0.0082859992980957 0.00477218627929687
-0.067413330078125 -0.0821304321289062 -0.0138101577758789 -0.0168819427490234
-0.0915069580078125 -0.00487518310546874 -0.0390357971191406 0.004302978515625
-0.067718505859375 0.0483131408691406 -0.0376014709472656 0.02764892578125
-0.01837158203125 0.0827178955078125 -0.0149116516113281 0.0623779296875
0.017822265625 0.0826873779296875 0.0133895874023438 0.0716094970703125
0.01043701171875 0.07513427734375 0.0242042541503906 0.0584602355957031
0.00750732421874999 0.0849456787109375 0.0181159973144531 0.05352783203125
-0.02886962890625 0.0785446166992187 0.00401687622070312 0.0526275634765625
-0.0687637329101563 0.0408668518066406 0.00528907775878906 0.0281715393066406
-0.0766372680664063 -0.0133514404296875 0.013763427734375 0.0227260589599609
-0.0357742309570313 -0.080322265625 0.0312614440917969 0.0591850280761719
0.0220108032226563 -0.0988388061523437 0.0162200927734375 0.116310119628906
0.0581207275390625 -0.0733184814453125 -0.0740509033203125 0.162216186523438
0.06658935546875 -0.135368347167969 0.0227317810058594 -0.00310897827148438
-0.00296020507812499 -0.149246215820313 0.0115337371826172 -0.0121564865112305
-0.0802688598632813 -0.111663818359375 -0.00768375396728516 -0.0174922943115234
-0.11749267578125 -0.0198593139648437 -0.0233001708984375 -0.00359153747558594
-0.0932235717773438 0.0523529052734375 -0.0252418518066406 0.00403022766113282
-0.0358047485351563 0.103759765625 -0.0161151885986328 0.0307064056396484
0.0118179321289063 0.105522155761719 -0.000152587890624997 0.0406341552734375
0.00741577148437501 0.0963287353515625 0.00837516784667969 0.030181884765625
0.00542449951171875 0.108749389648438 0.00695037841796875 0.0221042633056641
-0.0348663330078125 0.101943969726563 0.00639533996582031 0.0230560302734375
-0.0870590209960938 0.05938720703125 0.0173482894897461 0.003204345703125
-0.10345458984375 -0.00430297851562498 0.0312385559082031 0.00969314575195312
-0.0642318725585938 -0.0981369018554688 0.0483512878417969 0.0547943115234375
0.00081634521484374 -0.136543273925781 0.0255203247070312 0.103919982910156
0.053192138671875 -0.117233276367187 -0.050323486328125 0.140533447265625
0.058380126953125 -0.152786254882813 0.04571533203125 -0.0398635864257813
-0.0103607177734375 -0.159072875976562 0.0147113800048828 -0.0347919464111328
-0.0867385864257812 -0.120750427246094 -0.00243186950683594 -0.0190830230712891
-0.127517700195313 -0.02734375 -0.0038900375366211 -0.0105066299438477
-0.103973388671875 0.0506820678710938 -0.00742340087890626 -0.019561767578125
-0.04620361328125 0.1094970703125 -0.0134649276733398 -0.00585651397705077
0.00527954101562499 0.112388610839844 -0.0125675201416016 0.00306129455566407
0.00341033935546874 0.102981567382813 -0.00875997543334961 -0.00320863723754882
0.0027618408203125 0.117034912109375 -0.00666236877441407 -0.012791633605957
-0.0371475219726563 0.11065673828125 0.00553607940673828 -0.0126581192016602
-0.0934371948242188 0.0682220458984375 0.0255622863769531 -0.0250720977783203
-0.115669250488281 0.00562286376953124 0.0451622009277344 -0.00722122192382812
-0.0836334228515625 -0.10205078125 0.0583000183105469 0.0421791076660156
-0.0197906494140625 -0.153472900390625 0.02740478515625 0.078125
0.040802001953125 -0.141250610351563 -0.026824951171875 0.101760864257812
0.0379486083984375 -0.147476196289063 0.06695556640625 -0.0797576904296875
-0.0206298828125 -0.14361572265625 0.017974853515625 -0.0592384338378906
-0.0836029052734375 -0.106178283691406 0.00211906433105468 -0.0210437774658203
-0.11590576171875 -0.0252838134765625 0.0150699615478516 -0.0184097290039063
-0.0951309204101563 0.0435867309570313 0.0102195739746094 -0.041717529296875
-0.047088623046875 0.0977020263671875 -0.00914764404296875 -0.0408210754394531
-0.00185394287109376 0.101043701171875 -0.0220413208007812 -0.0351314544677734
-0.00160980224609376 0.0937118530273438 -0.0241279602050781 -0.0358543395996094
-0.00212860107421876 0.107040405273438 -0.01995849609375 -0.045806884765625
-0.0358657836914062 0.100067138671875 0.00253677368164062 -0.0479660034179687
-0.08624267578125 0.0625152587890625 0.0300064086914062 -0.0516433715820312
-0.106582641601563 0.00806427001953126 0.0524864196777344 -0.0234489440917969
-0.0823211669921875 -0.0919265747070313 0.058868408203125 0.0264472961425781
-0.0296478271484375 -0.142684936523438 0.0203704833984375 0.0454216003417969
0.0259628295898438 -0.139022827148438 -0.00681686401367187 0.0542716979980469
0.0107269287109375 -0.120849609375 0.0822601318359375 -0.11566162109375
-0.0309906005859375 -0.106010437011719 0.020172119140625 -0.0802764892578125
-0.0681610107421875 -0.0710830688476563 0.00508117675781249 -0.0242214202880859
-0.0841522216796875 -0.0145492553710937 0.0288410186767578 -0.0256233215332031
-0.0679244995117188 0.0315322875976562 0.02301025390625 -0.0567512512207031
-0.0380096435546875 0.0710983276367188 -0.00420761108398438 -0.0669784545898438
-0.00721740722656249 0.0739593505859375 -0.0280075073242188 -0.0655479431152344
-0.00564956665039062 0.0697555541992188 -0.0352210998535156 -0.0631103515625
-0.008148193359375 0.0809326171875 -0.02899169921875 -0.0736083984375
-0.0335464477539063 0.0719680786132812 0.000625610351562494 -0.0761566162109375
-0.0674171447753906 0.0408973693847656 0.0332565307617187 -0.0697593688964844
-0.07763671875 0.00167846679687499 0.0559425354003906 -0.0328521728515625
-0.0586204528808594 -0.0692329406738281 0.0512237548828125 0.01324462890625
-0.026123046875 -0.106986999511719 0.0107011795043945 0.0146884918212891
0.0111312866210938 -0.110877990722656 0.00969123840332031 0.00908184051513671
-0.0189971923828125 -0.0780563354492188 0.08984375 -0.144012451171875
-0.0371284484863281 -0.0549888610839844 0.0190048217773437 -0.0964431762695312
-0.0455741882324219 -0.0252342224121094 0.00286674499511718 -0.0279102325439453
-0.040771484375 -6.10351562499926E-05 0.0323867797851563 -0.0302257537841797
-0.0296344757080078 0.0166378021240234 0.0270156860351563 -0.0615425109863281
-0.0210781097412109 0.0344600677490234 -0.00191497802734376 -0.0810089111328125
-0.0104942321777344 0.03704833984375 -0.0309371948242188 -0.0843048095703125
-0.009033203125 0.0360755920410156 -0.0408172607421875 -0.0807113647460938
-0.0130767822265625 0.0430679321289063 -0.0316925048828125 -0.0906906127929688
-0.0278873443603516 0.0321636199951172 0.00257873535156251 -0.0936050415039063
-0.0403213500976563 0.0103569030761719 0.0364761352539062 -0.0756912231445313
-0.0359039306640625 -0.00754547119140625 0.0556373596191406 -0.0340042114257813
-0.0224151611328125 -0.0373802185058594 0.0406723022460937 0.0065155029296875
-0.0151863098144531 -0.05303955078125 0.00326728820800781 -0.00722646713256836
-0.00534057617187499 -0.0633659362792969 0.0230369567871094 -0.0250587463378906
-0.0457763671875 -0.0253448486328125 0.085968017578125 -0.161163330078125
-0.0369300842285156 -0.00196075439453124 0.0131683349609375 -0.107749938964844
-0.0194358825683594 0.0196285247802734 -0.00540733337402344 -0.0328578948974609
0.00369358062744141 0.0136175155639648 0.0248603820800781 -0.0320415496826172
0.00881385803222656 0.000530242919921875 0.0228271484375 -0.056549072265625
-0.00246524810791016 -0.00559663772583008 -0.00291442871093749 -0.08062744140625
-0.0124616622924805 -0.00502872467041015 -0.0309982299804688 -0.088592529296875
-0.0105295181274414 -0.00287437438964844 -0.0406265258789062 -0.0855865478515625
-0.0155010223388672 -0.000452995300292966 -0.028076171875 -0.0966415405273438
-0.0165910720825195 -0.0112829208374023 0.0080413818359375 -0.097869873046875
-0.00633811950683594 -0.0198154449462891 0.0399322509765625 -0.0696945190429688
0.010406494140625 -0.0132083892822266 0.0539932250976563 -0.0268592834472656
0.0126962661743164 0.00251865386962891 0.0297126770019531 0.00589752197265625
-0.00691699981689453 0.00803756713867187 -0.000302314758300781 -0.0174531936645508
-0.0239944458007813 -0.00712394714355469 0.0292587280273438 -0.0437736511230469
0.0472221374511719 -0.0491065979003906 -0.0130157470703125 0.0496597290039063
0.000297546386718753 -0.0728530883789063 0.00606346130371094 0.0156126022338867
-0.04833984375 -0.042572021484375 -0.0210475921630859 -0.0145740509033203
-0.0544204711914063 0.0109939575195312 -0.0527687072753906 0.0141677856445313
-0.0325393676757813 0.038238525390625 -0.0445327758789062 0.0499076843261719
0.00172042846679688 0.0503463745117188 -0.0100936889648437 0.0875396728515625
0.0220756530761719 0.0472030639648438 0.0264205932617188 0.0954742431640625
0.0142097473144531 0.0429840087890625 0.0362091064453125 0.0806427001953125
0.0120010375976563 0.0492820739746094 0.0256118774414062 0.0789794921875
-0.0154609680175781 0.0474739074707031 0.000190734863281248 0.0765151977539063
-0.0408401489257813 0.0223007202148437 -0.00885391235351563 0.0476531982421875
-0.0435562133789063 -0.01513671875 -0.00522041320800782 0.0303554534912109
-0.010009765625 -0.0507621765136719 0.012481689453125 0.0578804016113281
0.0331230163574219 -0.0510826110839844 0.0032958984375 0.119422912597656
0.0501937866210937 -0.0236091613769531 -0.097991943359375 0.171661376953125
0.0621185302734375 -0.101707458496094 -0.000556945800781243 0.0307788848876953
-0.00173950195312501 -0.119735717773437 0.00746774673461914 0.00741291046142578
-0.0694580078125 -0.0833816528320313 -0.0140590667724609 -0.0161905288696289
-0.0920639038085938 -0.00485992431640626 -0.0405464172363281 0.00495147705078126
-0.0677261352539062 0.0496253967285156 -0.0386962890625 0.0284767150878906
-0.0182952880859375 0.0841445922851563 -0.0159225463867188 0.0644569396972656
0.0190887451171875 0.0832901000976563 0.0141220092773438 0.0750045776367188
0.011932373046875 0.0765380859375 0.0250625610351562 0.0618476867675781
0.0091705322265625 0.0865554809570313 0.0179862976074219 0.0563125610351563
-0.0275802612304688 0.081329345703125 0.00338363647460937 0.0557060241699219
-0.069976806640625 0.0435905456542969 0.00455284118652343 0.0289363861083984
-0.0795364379882813 -0.0129165649414063 0.0129947662353516 0.0224628448486328
-0.0383377075195313 -0.0824966430664063 0.0317497253417969 0.05963134765625
0.0194854736328125 -0.102729797363281 0.0160293579101562 0.119270324707031
0.0575408935546875 -0.0778961181640625 -0.07769775390625 0.16668701171875
0.06817626953125 -0.139495849609375 0.0192985534667969 0.000169754028320304
-0.00430297851562501 -0.152923583984375 0.00990772247314453 -0.0106010437011719
-0.0834274291992188 -0.113990783691406 -0.00837230682373047 -0.0167999267578125
-0.121124267578125 -0.0201950073242187 -0.0243453979492188 -0.00311470031738282
-0.0954971313476563 0.0540847778320313 -0.0268306732177734 0.00471305847167969
-0.0359268188476563 0.106857299804687 -0.0176715850830078 0.032958984375
0.01324462890625 0.107864379882813 0.0004730224609375 0.0434036254882813
0.00844573974609376 0.0984878540039063 0.00858497619628906 0.0330581665039063
0.00693511962890625 0.111534118652344 0.00621414184570312 0.0252742767333984
-0.035003662109375 0.105445861816406 0.0057373046875 0.0247859954833984
-0.089599609375 0.0623397827148437 0.0164518356323242 0.00361442565917969
-0.107826232910156 -0.00334930419921877 0.0307846069335937 0.009490966796875
-0.068206787109375 -0.101295471191406 0.0491142272949219 0.0549736022949219
-0.00167846679687501 -0.14263916015625 0.0246429443359375 0.105560302734375
0.0547714233398437 -0.122764587402344 -0.053253173828125 0.143630981445313
0.0615386962890625 -0.15875244140625 0.0433158874511719 -0.0389480590820313
-0.0109710693359375 -0.164443969726563 0.0139122009277344 -0.033966064453125
-0.0902786254882812 -0.125396728515625 -0.00293922424316407 -0.0188522338867188
-0.132171630859375 -0.0281829833984375 -0.00529575347900391 -0.0100822448730469
-0.107192993164063 0.0522003173828125 -0.00882339477539064 -0.0190391540527344
-0.0481796264648438 0.113288879394531 -0.0150575637817383 -0.00420188903808593
0.00605010986328125 0.115425109863281 -0.0125408172607422 0.00506687164306641
0.00397491455078125 0.106178283691406 -0.00880908966064453 -0.00116539001464843
0.00347900390625 0.120941162109375 -0.00748729705810547 -0.0110797882080078
-0.036834716796875 0.114990234375 0.00516986846923828 -0.0113649368286133
-0.096710205078125 0.072479248046875 0.0249576568603516 -0.0257987976074219
-0.120651245117188 0.00588989257812499 0.0438880920410156 -0.0078582763671875
-0.0879364013671875 -0.107292175292969 0.0590744018554687 0.0422821044921875
-0.021392822265625 -0.1600341796875 0.025665283203125 0.0791778564453125
0.043243408203125 -0.147705078125 -0.02899169921875 0.102798461914062
0.04168701171875 -0.153701782226563 0.0653152465820313 -0.0809478759765625
-0.02020263671875 -0.149566650390625 0.0170669555664063 -0.0599212646484375
-0.0868301391601562 -0.111747741699219 0.00155448913574218 -0.0216045379638672
-0.121902465820313 -0.0263137817382812 0.0139846801757812 -0.0178871154785156
-0.099212646484375 0.0448989868164063 0.00836944580078124 -0.0412940979003906
-0.04925537109375 0.1016845703125 -0.0101089477539063 -0.0402183532714844
-0.00214385986328126 0.104827880859375 -0.0223903656005859 -0.0342273712158203
-0.001220703125 0.0972747802734375 -0.0244731903076172 -0.035003662109375
-0.0018463134765625 0.111488342285156 -0.0214042663574219 -0.0452003479003906
-0.0369796752929687 0.104835510253906 0.0018310546875 -0.0475273132324219
-0.0907058715820313 0.0656585693359375 0.029052734375 -0.0527496337890625
-0.111968994140625 0.00759887695312499 0.0525283813476562 -0.0236396789550781
-0.0858306884765625 -0.0967864990234375 0.0582199096679687 0.0264816284179687
-0.0310516357421875 -0.149826049804688 0.0192337036132813 0.0451202392578125
0.0290985107421875 -0.145294189453125 -0.0072784423828125 0.0531959533691406
0.0146713256835938 -0.125862121582031 0.0833053588867188 -0.119407653808594
-0.0297698974609375 -0.111640930175781 0.0193939208984375 -0.0829620361328125
-0.0709228515625 -0.0759124755859375 0.0046539306640625 -0.0251827239990234
-0.088775634765625 -0.0164031982421875 0.0281829833984375 -0.0253715515136719
-0.07159423828125 0.0323715209960938 0.0223808288574219 -0.0570640563964844
-0.0405731201171875 0.074066162109375 -0.00508117675781251 -0.0679130554199219
-0.00784301757812499 0.07781982421875 -0.028717041015625 -0.0664710998535156
-0.00646972656249999 0.0737228393554687 -0.0362548828125 -0.0637359619140625
-0.00808715820312499 0.0850982666015625 -0.0308303833007813 -0.0743255615234375
-0.0356063842773438 0.0761337280273438 0.000450134277343754 -0.0772247314453125
-0.0720367431640625 0.0430526733398437 0.032196044921875 -0.0713119506835938
-0.0821380615234375 0.000297546386718751 0.055877685546875 -0.0342369079589844
-0.0613174438476562 -0.0745773315429688 0.0504837036132812 0.0132255554199219
-0.0268630981445313 -0.112747192382813 0.00979328155517578 0.0139293670654297
0.014312744140625 -0.11529541015625 0.0107975006103516 0.00585174560546874
-0.0163726806640625 -0.08099365234375 0.0917205810546875 -0.148635864257813
-0.0357856750488281 -0.0588912963867188 0.019287109375 -0.1007080078125
-0.0469779968261719 -0.0289268493652344 0.00238037109375 -0.0290431976318359
-0.0440597534179687 -0.00156784057617188 0.0321636199951172 -0.0308113098144531
-0.0324897766113281 0.0164909362792969 0.0274505615234375 -0.0623397827148438
-0.0235061645507813 0.0372161865234375 -0.00251007080078126 -0.0827407836914063
-0.0113906860351562 0.0398178100585937 -0.0318527221679688 -0.0862808227539063
-0.0101318359375 0.038787841796875 -0.0416793823242188 -0.0814437866210938
-0.0143165588378906 0.0462913513183594 -0.0335006713867188 -0.0922012329101562
-0.0295982360839844 0.0354804992675781 0.002044677734375 -0.0948486328125
-0.0435752868652344 0.0116691589355469 0.0369186401367188 -0.0769577026367188
-0.0391426086425781 -0.00915145874023437 0.056610107421875 -0.0346145629882813
-0.0233078002929688 -0.04150390625 0.0407905578613281 0.0063934326171875
-0.0145835876464844 -0.0571136474609375 0.00241184234619141 -0.00867795944213868
-0.00213241577148437 -0.0663566589355469 0.0244102478027344 -0.0299148559570313
-0.0440940856933594 -0.0259246826171875 0.0895233154296875 -0.167526245117188
-0.0353927612304688 -0.00313186645507813 0.0142898559570313 -0.112464904785156
-0.0192241668701172 0.0181350708007813 -0.00581169128417969 -0.0348167419433594
0.00286197662353516 0.0125322341918945 0.0248184204101563 -0.0325679779052734
0.00766897201538086 2.57492065429688E-05 0.0232925415039063 -0.0584716796875
-0.00409460067749024 -0.00402498245239258 -0.00278472900390625 -0.0825958251953125
-0.0139961242675781 -0.00348567962646484 -0.0315475463867188 -0.0919189453125
-0.011871337890625 -0.00114250183105469 -0.0412521362304688 -0.0884857177734375
-0.0172128677368164 0.00124549865722656 -0.0295181274414062 -0.098846435546875
-0.0188388824462891 -0.0100650787353516 0.0073089599609375 -0.100471496582031
-0.00942611694335937 -0.0197486877441406 0.0409774780273438 -0.0713729858398437
0.00841712951660156 -0.0149049758911133 0.0551986694335938 -0.0274467468261719
0.0129528045654297 -0.000725746154785156 0.0298690795898437 0.00628852844238281
-0.00530099868774414 0.00560855865478516 -0.00103759765625 -0.0196857452392578
-0.0210685729980469 -0.00795364379882813 0.0321884155273438 -0.049591064453125
0.0456428527832031 -0.051727294921875 -0.0155601501464844 0.0568199157714844
-0.00296783447265624 -0.0736083984375 0.00514411926269531 0.0193977355957031
-0.0502395629882812 -0.0418968200683594 -0.0222797393798828 -0.0144557952880859
-0.054107666015625 0.0124626159667969 -0.0546188354492188 0.015411376953125
-0.0323486328125 0.0393524169921875 -0.0452919006347656 0.0530509948730469
0.00383377075195312 0.0509796142578125 -0.00884246826171876 0.0919342041015625
0.0248794555664063 0.0465850830078125 0.0298385620117188 0.0997085571289063
0.0161972045898438 0.0431175231933594 0.0394134521484375 0.0846023559570313
0.0147056579589844 0.0497779846191406 0.0277481079101563 0.0829086303710938
-0.0130767822265625 0.0491752624511719 0.00141906738281251 0.0803756713867188
-0.0411605834960938 0.0248222351074219 -0.008880615234375 0.0504035949707031
-0.0462837219238281 -0.0136604309082031 -0.00592422485351563 0.0320320129394531
-0.0131759643554687 -0.0516471862792969 0.0144271850585937 0.0595703125
0.0311698913574219 -0.053558349609375 0.00504302978515624 0.125640869140625
0.0497856140136719 -0.0268898010253906 -0.100372314453125 0.181732177734375
0.0622177124023438 -0.107048034667969 -0.00440216064453124 0.0366897583007812
-0.00524139404296874 -0.12359619140625 0.00575351715087891 0.00947093963623046
-0.07318115234375 -0.0847244262695313 -0.0148172378540039 -0.0155496597290039
-0.0955123901367188 -0.0035858154296875 -0.0421295166015625 0.00560379028320313
-0.0698204040527344 0.0521125793457031 -0.0408821105957031 0.0310020446777344
-0.0162734985351563 0.0871810913085938 -0.0153999328613281 0.0688018798828125
0.0220794677734375 0.0852737426757813 0.016357421875 0.0795211791992188
0.0149002075195313 0.0788040161132813 0.0264396667480469 0.0651817321777344
0.0128936767578125 0.0896072387695313 0.0195045471191406 0.0599594116210938
-0.026123046875 0.0855255126953125 0.00504302978515625 0.0586395263671875
-0.0716705322265625 0.0481948852539062 0.00402450561523437 0.0301322937011719
-0.0843124389648438 -0.010345458984375 0.0124664306640625 0.0230827331542969
-0.0440521240234375 -0.085723876953125 0.034088134765625 0.061065673828125
0.0165939331054688 -0.108589172363281 0.017059326171875 0.12384033203125
0.0582275390625 -0.0845718383789062 -0.07977294921875 0.175994873046875
0.0690765380859375 -0.148727416992188 0.0159091949462891 0.00283718109130858
-0.00787353515625001 -0.159011840820312 0.00857162475585938 -0.0093374252319336
-0.08984375 -0.116683959960937 -0.00840282440185547 -0.0169944763183594
-0.1263427734375 -0.0189971923828125 -0.0257606506347656 -0.00181007385253906
-0.0986175537109375 0.0575714111328125 -0.028411865234375 0.0067596435546875
-0.0351181030273437 0.111907958984375 -0.0180702209472656 0.0357475280761719
0.016265869140625 0.111549377441406 0.000957489013671879 0.0470390319824219
0.0111312866210937 0.102897644042969 0.00914764404296875 0.0356636047363281
0.0104827880859375 0.116935729980469 0.0062103271484375 0.0277957916259766
-0.0333709716796875 0.111564636230469 0.00624275207519531 0.02703857421875
-0.0925445556640625 0.06842041015625 0.0161514282226562 0.00352764129638672
-0.114814758300781 -0.00164794921875 0.0303554534912109 0.0095062255859375
-0.07489013671875 -0.10614013671875 0.051025390625 0.0554656982421875
-0.0059051513671875 -0.150924682617188 0.0261993408203125 0.109458923339844
0.055267333984375 -0.131599426269531 -0.05499267578125 0.150283813476562
0.0624847412109375 -0.16851806640625 0.0404167175292969 -0.0388374328613281
-0.0139312744140625 -0.172378540039063 0.0116386413574219 -0.0346336364746094
-0.0978317260742188 -0.129814147949219 -0.00366020202636719 -0.0184535980224609
-0.140655517578125 -0.027496337890625 -0.00645542144775392 -0.00964450836181641
-0.1123046875 0.0568313598632812 -0.0112514495849609 -0.0188884735107422
-0.048248291015625 0.11956787109375 -0.0155124664306641 -0.0021371841430664
0.00794219970703124 0.120712280273437 -0.0126209259033203 0.00711441040039063
0.00650787353515626 0.111412048339844 -0.0100936889648438 0.00095081329345704
0.00677490234375 0.12725830078125 -0.00920677185058594 -0.00845813751220702
-0.0358963012695313 0.122016906738281 0.0047454833984375 -0.0104942321777344
-0.100479125976563 0.0786361694335937 0.0240192413330078 -0.0270538330078125
-0.12847900390625 0.00807189941406248 0.0441703796386719 -0.0090789794921875
-0.0959548950195313 -0.111869812011719 0.0607872009277344 0.0425262451171875
-0.027252197265625 -0.169036865234375 0.0271453857421875 0.0811004638671875
0.0439453125 -0.15789794921875 -0.02960205078125 0.1068115234375
0.0431060791015625 -0.162628173828125 0.0646209716796875 -0.0850830078125
-0.0234832763671875 -0.157791137695313 0.0149803161621094 -0.0630531311035156
-0.0942306518554688 -0.116752624511719 0.000318527221679681 -0.0217323303222656
-0.129463195800781 -0.0263214111328125 0.0135822296142578 -0.0183753967285156
-0.103935241699219 0.0492935180664062 0.00738906860351562 -0.0422821044921875
-0.0501632690429688 0.108573913574219 -0.0117301940917969 -0.0397491455078125
0.000396728515625 0.110855102539063 -0.0237140655517578 -0.0341930389404297
0.00045776367187501 0.103408813476562 -0.0263385772705078 -0.0341567993164062
0.000289916992187504 0.118232727050781 -0.0241127014160156 -0.0452957153320312
-0.03619384765625 0.111610412597656 0.000503540039062501 -0.0482711791992188
-0.0948715209960938 0.0723190307617187 0.0286331176757812 -0.0556144714355469
-0.119392395019531 0.010162353515625 0.0522003173828125 -0.0259933471679688
-0.0931625366210938 -0.102005004882813 0.0599555969238281 0.0259552001953125
-0.035308837890625 -0.158615112304688 0.0191307067871094 0.0455093383789062
0.0308074951171875 -0.154251098632813 -0.00787353515625 0.0532341003417969
0.0160751342773437 -0.134475708007812 0.0823135375976563 -0.126243591308594
-0.0315475463867188 -0.1187744140625 0.0171051025390625 -0.0878067016601563
-0.0765838623046875 -0.0803146362304688 0.00317192077636719 -0.0260601043701172
-0.0960845947265625 -0.016845703125 0.0277919769287109 -0.0266742706298828
-0.076171875 0.0351104736328125 0.0215606689453125 -0.0588760375976563
-0.0416183471679687 0.0805130004882813 -0.00759887695312501 -0.0695953369140625
-0.00757598876953126 0.0831451416015625 -0.0311470031738281 -0.067352294921875
-0.00541687011718751 0.0785293579101563 -0.0384979248046875 -0.0647926330566406
-0.00760650634765625 0.0908889770507813 -0.0339202880859375 -0.0753021240234375
-0.0356674194335938 0.0824203491210938 -0.00131988525390625 -0.0793609619140625
-0.0765838623046875 0.04779052734375 0.0325393676757812 -0.0751495361328125
-0.0880813598632813 0.00114440917968748 0.0563392639160156 -0.0364303588867188
-0.066650390625 -0.0790023803710938 0.0520477294921875 0.0127830505371094
-0.0297012329101562 -0.119255065917969 0.00915241241455078 0.0126180648803711
0.0161972045898438 -0.123619079589844 0.0108757019042969 0.00278377532958984
-0.0146560668945312 -0.0858383178710938 0.0925445556640625 -0.158096313476562
-0.0360870361328125 -0.0636062622070313 0.0179061889648437 -0.107658386230469
-0.0496673583984375 -0.0318832397460937 0.000938415527343749 -0.0309181213378906
-0.0485916137695313 -0.00280380249023438 0.03228759765625 -0.0320854187011719
-0.0360603332519531 0.0176506042480469 0.0271568298339844 -0.0646934509277344
-0.0245552062988281 0.0404472351074219 -0.00449371337890624 -0.0854873657226563
-0.01202392578125 0.0437812805175781 -0.0340652465820313 -0.0896453857421875
-0.0110244750976562 0.0424346923828125 -0.0447998046875 -0.084259033203125
-0.0140800476074219 0.050689697265625 -0.0366592407226562 -0.0952072143554688
-0.0312309265136719 0.0401039123535156 8.39233398437582E-05 -0.098541259765625
-0.0482940673828125 0.0138969421386719 0.0362014770507813 -0.0817947387695312
-0.0430068969726563 -0.00986480712890626 0.0573921203613281 -0.0374603271484375
-0.0259361267089844 -0.04541015625 0.0416412353515625 0.00675582885742187
-0.0159950256347656 -0.0619163513183594 0.00158882141113281 -0.011113166809082
0.000656127929687508 -0.0713729858398437 0.025970458984375 -0.0348796844482422
-0.0428733825683594 -0.0264472961425781 0.091156005859375 -0.177963256835938
-0.0347061157226563 -0.00482368469238281 0.012542724609375 -0.119667053222656
-0.0194759368896484 0.0171184539794922 -0.00728225708007813 -0.0359764099121094
0.00177574157714844 0.0105113983154297 0.0252056121826172 -0.0343379974365234
0.00603103637695313 -0.00114965438842773 0.023284912109375 -0.0598869323730469
-0.00618362426757813 -0.00332307815551758 -0.00402069091796875 -0.086395263671875
-0.0153398513793945 -0.00161457061767578 -0.0341567993164062 -0.0954208374023438
-0.0135116577148437 0.000646591186523436 -0.0448379516601563 -0.0915298461914063
-0.0183010101318359 0.00284957885742188 -0.0327606201171875 -0.102020263671875
-0.0203399658203125 -0.00788116455078125 0.00563812255859375 -0.104263305664063
-0.01171875 -0.0191974639892578 0.0407485961914063 -0.0763092041015625
0.00624465942382813 -0.0168323516845703 0.0564041137695313 -0.0302505493164063
0.0125217437744141 -0.00257205963134766 0.0303859710693359 0.00633621215820312
-0.00418210029602051 0.00403380393981934 -0.00115013122558594 -0.0228710174560547
-0.0188388824462891 -0.00972938537597656 0.0337791442871094 -0.0564651489257813
0.0440826416015625 -0.0545806884765625 -0.016632080078125 0.0641326904296875
-0.0074005126953125 -0.0735092163085938 0.00528144836425781 0.0224876403808594
-0.0531539916992188 -0.0399208068847656 -0.0226726531982422 -0.0136928558349609
-0.0541114807128906 0.0151176452636719 -0.0553932189941406 0.0182991027832031
-0.0306739807128906 0.0422134399414063 -0.045501708984375 0.057037353515625
0.0066375732421875 0.0515861511230469 -0.00524902343749999 0.0959854125976562
0.0279121398925781 0.0464286804199219 0.0352630615234375 0.102653503417969
0.0197601318359375 0.0426521301269531 0.0442123413085937 0.0871353149414063
0.0188026428222656 0.0494537353515625 0.0320892333984375 0.0861968994140625
-0.00926971435546875 0.0512886047363281 0.00531005859374999 0.08428955078125
-0.0403480529785156 0.028594970703125 -0.00766754150390626 0.0528678894042969
-0.0484123229980469 -0.0109596252441406 -0.00537872314453125 0.0335845947265625
-0.0167655944824219 -0.0522270202636719 0.01800537109375 0.0610198974609375
0.0274848937988281 -0.0574722290039063 0.010223388671875 0.13067626953125
0.048370361328125 -0.0313873291015625 -0.0982208251953125 0.194900512695313
0.0591583251953125 -0.114326477050781 -0.006072998046875 0.0424003601074219
-0.0115814208984375 -0.126113891601563 0.00561332702636718 0.0125436782836914
-0.0792160034179688 -0.08367919921875 -0.0152606964111328 -0.015172004699707
-0.0989837646484375 0.00081634521484375 -0.0436859130859375 0.00846862792968749
-0.068817138671875 0.0570793151855469 -0.0413398742675781 0.0346183776855469
-0.013214111328125 0.0909652709960938 -0.0133132934570313 0.07330322265625
0.0268707275390625 0.0865859985351562 0.0203094482421875 0.08294677734375
0.0192947387695312 0.0808639526367188 0.0302848815917969 0.0682487487792969
0.0186386108398438 0.0919189453125 0.0218009948730469 0.0631141662597656
-0.0215606689453125 0.0905075073242188 0.00799179077148437 0.0616607666015625
-0.0723876953125 0.0542068481445313 0.00466728210449218 0.0317401885986328
-0.0891571044921875 -0.00654602050781249 0.0122585296630859 0.0237827301025391
-0.0503387451171875 -0.0868072509765625 0.0377845764160156 0.0621414184570312
0.00994110107421876 -0.114974975585938 0.0226821899414063 0.128509521484375
0.0554580688476563 -0.0925140380859375 -0.0769805908203125 0.187179565429688
0.065521240234375 -0.157989501953125 0.01318359375 0.00632858276367187
-0.015594482421875 -0.16424560546875 0.00684690475463867 -0.0072612762451172
-0.0982589721679687 -0.117874145507813 -0.00967788696289063 -0.0161342620849609
-0.1319580078125 -0.0142669677734375 -0.0274772644042969 -0.000459671020507811
-0.100090026855469 0.0641098022460938 -0.0302085876464844 0.00916099548339844
-0.0316085815429688 0.118179321289062 -0.0175437927246094 0.0395622253417969
0.0218124389648438 0.114906311035156 0.00400161743164063 0.0503807067871094
0.0168075561523437 0.106300354003906 0.0112991333007812 0.0386428833007813
0.017181396484375 0.121490478515625 0.00689888000488281 0.0306491851806641
-0.0284957885742187 0.118789672851563 0.00829315185546875 0.0288867950439453
-0.0931930541992187 0.0764541625976563 0.015751838684082 0.00355911254882813
-0.120750427246094 0.00421142578125 0.0299606323242187 0.00871849060058594
-0.0842971801757813 -0.1082763671875 0.0548019409179687 0.055145263671875
-0.0153045654296875 -0.158187866210938 0.0301361083984375 0.112007141113281
0.051544189453125 -0.141845703125 -0.0521240234375 0.158493041992188
0.0588836669921875 -0.179519653320313 0.0369796752929688 -0.0402908325195313
-0.0223236083984375 -0.1788330078125 0.0085601806640625 -0.0351238250732422
-0.108253479003906 -0.131271362304688 -0.00522994995117188 -0.0188522338867188
-0.147979736328125 -0.0229034423828125 -0.00824260711669923 -0.00909519195556641
-0.114486694335938 0.0643463134765625 -0.0129680633544922 -0.0180168151855469
-0.044586181640625 0.127883911132813 -0.0173883438110352 0.000409126281738291
0.0141830444335938 0.12603759765625 -0.0125865936279297 0.00974082946777344
0.011810302734375 0.116294860839844 -0.00926303863525391 0.00315284729003907
0.0137100219726563 0.132705688476563 -0.0104255676269531 -0.00672435760498046
-0.030792236328125 0.130287170410156 0.00426006317138672 -0.00977611541748046
-0.101776123046875 0.088134765625 0.0225486755371094 -0.02899169921875
-0.135139465332031 0.0143661499023438 0.0433616638183594 -0.0110244750976562
-0.106620788574219 -0.113853454589844 0.0629501342773437 0.0411224365234375
-0.037628173828125 -0.1767578125 0.0295257568359375 0.0822372436523437
0.0404205322265625 -0.168182373046875 -0.0276412963867187 0.111335754394531
0.0403900146484375 -0.173965454101563 0.0601425170898438 -0.089599609375
-0.0313568115234375 -0.165267944335938 0.0107421875 -0.0656166076660156
-0.104423522949219 -0.119171142578125 -0.00128746032714844 -0.0231132507324219
-0.138778686523438 -0.0223388671875 0.0125350952148437 -0.0185337066650391
-0.1080322265625 0.0562973022460937 0.00504684448242187 -0.0429039001464844
-0.0477371215820312 0.117362976074219 -0.0142745971679688 -0.0393447875976562
0.0048675537109375 0.116539001464844 -0.0260257720947266 -0.0327720642089844
0.00489044189453126 0.108375549316406 -0.0290031433105469 -0.0326614379882812
0.00650024414062501 0.124496459960938 -0.0272712707519531 -0.0440673828125
-0.0327987670898438 0.119880676269531 -0.00189971923828125 -0.0487136840820312
-0.0969467163085938 0.0806427001953125 0.0261993408203125 -0.0586433410644531
-0.125877380371094 0.0153656005859375 0.0512428283691406 -0.0293350219726562
-0.103286743164063 -0.104156494140625 0.0614967346191406 0.0240859985351562
-0.0452423095703125 -0.165420532226563 0.0194244384765625 0.0461082458496094
0.02728271484375 -0.164901733398438 -0.006744384765625 0.0537528991699219
0.0137939453125 -0.142440795898438 0.0786590576171875 -0.135162353515625
-0.0367507934570313 -0.125091552734375 0.0126571655273437 -0.0925369262695313
-0.0847320556640625 -0.0829696655273438 0.000932693481445306 -0.0277652740478516
-0.103675842285156 -0.0139694213867187 0.0272445678710937 -0.0281333923339844
-0.079925537109375 0.0405426025390625 0.0190505981445313 -0.0608177185058594
-0.0409011840820313 0.0873641967773438 -0.010284423828125 -0.070709228515625
-0.00407409667968749 0.0887069702148437 -0.0350112915039063 -0.0681343078613281
-0.00295257568359375 0.0840377807617188 -0.0427665710449219 -0.0642967224121094
-0.00360107421875 0.096771240234375 -0.0389404296875 -0.0755844116210938
-0.033416748046875 0.0887908935546875 -0.00559997558593749 -0.0813980102539063
-0.0792770385742187 0.054473876953125 0.029052734375 -0.079071044921875
-0.09429931640625 0.00502777099609375 0.0552902221679688 -0.0402297973632813
-0.0741043090820313 -0.0819015502929687 0.05316162109375 0.0114212036132812
-0.0357208251953125 -0.125625610351563 0.00861835479736328 0.0118865966796875
0.0148391723632813 -0.130973815917969 0.0115184783935547 -0.000736236572265633
-0.0161895751953125 -0.0904159545898437 0.0892333984375 -0.170257568359375
-0.0386085510253906 -0.0672683715820313 0.0128402709960937 -0.11346435546875
-0.053436279296875 -0.0335884094238281 -0.00108718872070313 -0.0332908630371094
-0.0523948669433594 -0.00215530395507812 0.0314407348632813 -0.0342750549316406
-0.0387649536132813 0.0205726623535156 0.0246200561523437 -0.0679435729980469
-0.0257339477539062 0.0450820922851563 -0.00781250000000001 -0.0878372192382813
-0.0108718872070312 0.0479621887207031 -0.0393753051757812 -0.0910720825195313
-0.00961685180664063 0.0465469360351563 -0.0499725341796875 -0.0853729248046875
-0.0128898620605469 0.0550079345703125 -0.0427780151367187 -0.0966949462890625
-0.0308189392089844 0.0448417663574219 -0.00521087646484374 -0.102088928222656
-0.0510101318359375 0.018310546875 0.0330276489257813 -0.0864486694335938
-0.0471687316894531 -0.00945281982421876 0.0570030212402344 -0.0417289733886719
-0.0300636291503906 -0.049102783203125 0.0418281555175781 0.0047607421875
-0.0176200866699219 -0.0660934448242188 0.000324249267578123 -0.0131912231445313
0.000610351562499998 -0.0764694213867188 0.0260238647460938 -0.0418548583984375
-0.0429191589355469 -0.026824951171875 0.088104248046875 -0.19122314453125
-0.0344104766845703 -0.00547599792480469 0.00809478759765624 -0.127426147460938
-0.0187149047851562 0.0165557861328125 -0.0095977783203125 -0.0379066467285156
0.00161933898925781 0.00938034057617187 0.0243453979492188 -0.0364112854003906
0.00434422492980957 -0.00176715850830078 0.0222663879394531 -0.0627555847167969
-0.00723838806152344 -0.00161457061767578 -0.00724029541015625 -0.0896987915039063
-0.0159883499145508 0.00110435485839844 -0.0389175415039063 -0.0988388061523437
-0.0143013000488281 0.00241470336914063 -0.0500259399414063 -0.0938262939453125
-0.0194950103759766 0.0057373046875 -0.0389480590820313 -0.104995727539063
-0.0222644805908203 -0.00500679016113281 0.000129699707031243 -0.108680725097656
-0.0150032043457031 -0.0179500579833984 0.0383834838867188 -0.0807037353515625
0.00438117980957032 -0.0180015563964844 0.0571632385253906 -0.0346221923828125
0.0124626159667969 -0.00630664825439453 0.0316944122314453 0.00485420227050781
-0.00290012359619141 0.00207853317260742 -0.00239181518554688 -0.0252857208251953
-0.017003059387207 -0.0105018615722656 0.0349922180175781 -0.0644035339355469
0.0402984619140625 -0.0564308166503906 -0.0147247314453125 0.0708999633789063
-0.0125198364257813 -0.0716476440429688 0.00676345825195312 0.0255622863769531
-0.0553512573242188 -0.0365066528320313 -0.0230770111083984 -0.012115478515625
-0.0529861450195312 0.0172500610351563 -0.0554924011230469 0.0214004516601562
-0.0267715454101563 0.0439834594726563 -0.0428543090820313 0.0602302551269531
0.01031494140625 0.0510673522949219 -9.91821289062506E-05 0.0980224609375
0.0305747985839844 0.0436134338378906 0.0423965454101562 0.102882385253906
0.0232582092285156 0.0414581298828125 0.04962158203125 0.0869293212890625
0.0227622985839844 0.0473442077636719 0.037384033203125 0.0864410400390625
-0.00537490844726563 0.0519523620605469 0.0103225708007812 0.0856246948242188
-0.0376396179199219 0.031707763671875 -0.0057830810546875 0.0541229248046875
-0.0500640869140625 -0.00745010375976562 -0.004364013671875 0.0352020263671875
-0.0207138061523437 -0.0506858825683594 0.0207405090332031 0.0606269836425781
0.02191162109375 -0.0595970153808594 0.0165863037109375 0.13311767578125
0.0455245971679688 -0.034881591796875 -0.08953857421875 0.204696655273438
0.0534744262695313 -0.118560791015625 -0.00646591186523438 0.0486869812011719
-0.0202102661132813 -0.126625061035156 0.00569820404052734 0.0152406692504883
-0.0839614868164063 -0.0789718627929688 -0.0157098770141602 -0.0140600204467773
-0.0993728637695313 0.00620269775390626 -0.0447807312011719 0.0109138488769531
-0.0664520263671875 0.0614662170410156 -0.0410118103027344 0.038116455078125
-0.00756072998046875 0.0927047729492188 -0.0096282958984375 0.0753021240234375
0.032684326171875 0.0856857299804688 0.0259017944335937 0.0843124389648438
0.0242233276367187 0.08056640625 0.0342178344726563 0.0682296752929688
0.0254974365234375 0.0921249389648437 0.0260810852050781 0.0645675659179688
-0.0153274536132812 0.0928497314453125 0.0115509033203125 0.0633697509765625
-0.0695304870605469 0.0608444213867188 0.0058135986328125 0.0313873291015625
-0.0922622680664063 0.000198364257812498 0.0126457214355469 0.0238513946533203
-0.0572967529296875 -0.085662841796875 0.041351318359375 0.0600204467773437
0.00148010253906251 -0.118125915527344 0.0279769897460938 0.128807067871094
0.0497589111328125 -0.0975341796875 -0.0692596435546875 0.19537353515625
0.057647705078125 -0.1661376953125 0.0106267929077148 0.00961780548095702
-0.025360107421875 -0.164840698242188 0.00416374206542968 -0.00514793395996095
-0.106552124023438 -0.113632202148437 -0.0106019973754883 -0.0147428512573242
-0.1356201171875 -0.00634765625 -0.0275669097900391 0.00229835510253906
-0.097991943359375 0.0712356567382812 -0.0312538146972656 0.0116672515869141
-0.0248947143554687 0.121940612792969 -0.0158004760742188 0.0424423217773438
0.0289230346679687 0.115959167480469 0.00770187377929687 0.05194091796875
0.0239791870117188 0.106613159179687 0.0136184692382813 0.0404052734375
0.0253753662109375 0.122749328613281 0.00954437255859376 0.0327663421630859
-0.0203018188476563 0.122230529785156 0.00979614257812499 0.0300178527832031
-0.090728759765625 0.0848007202148438 0.0150213241577148 0.0029439926147461
-0.123924255371094 0.0120315551757812 0.0292644500732422 0.00785636901855469
-0.0935592651367188 -0.105224609375 0.0573005676269531 0.0523300170898437
-0.0265350341796875 -0.161392211914063 0.0353240966796875 0.111732482910156
0.04449462890625 -0.14886474609375 -0.045562744140625 0.164535522460938
0.0508880615234375 -0.186508178710938 0.032257080078125 -0.0390777587890625
-0.032867431640625 -0.181503295898438 0.00428009033203125 -0.0347023010253906
-0.118370056152344 -0.127670288085937 -0.00730133056640626 -0.0177059173583984
-0.152694702148437 -0.0138092041015625 -0.00869321823120118 -0.00813484191894531
-0.114120483398438 0.0722885131835938 -0.0147600173950195 -0.0161514282226562
-0.0378570556640625 0.133476257324219 -0.0180683135986328 0.0020122528076172
0.0220870971679688 0.127639770507812 -0.011601448059082 0.0113353729248047
0.0188446044921875 0.118736267089844 -0.00908565521240234 0.00547504425048829
0.0223464965820313 0.135276794433594 -0.0118560791015625 -0.00440692901611327
-0.0223159790039063 0.135475158691406 0.00399160385131836 -0.00870084762573241
-0.0989837646484375 0.097320556640625 0.0204792022705078 -0.0299720764160156
-0.138900756835937 0.0229873657226563 0.0413894653320312 -0.0133247375488281
-0.116867065429687 -0.11090087890625 0.0650138854980469 0.0377159118652344
-0.0491943359375 -0.179473876953125 0.03314208984375 0.0810699462890625
0.0319671630859375 -0.176132202148438 -0.0232391357421875 0.113616943359375
0.0322418212890625 -0.181564331054688 0.0533294677734375 -0.0929031372070313
-0.041015625 -0.168106079101563 0.0050811767578125 -0.0662307739257813
-0.114845275878906 -0.116783142089844 -0.0030670166015625 -0.0233058929443359
-0.144424438476562 -0.0137939453125 0.00987052917480468 -0.0187492370605469
-0.107589721679688 0.0651473999023438 0.00164031982421874 -0.0429649353027344
-0.0423431396484375 0.12310791015625 -0.0177536010742187 -0.0376968383789062
0.0118637084960937 0.119522094726563 -0.0276927947998047 -0.0298233032226562
0.0114669799804688 0.111808776855469 -0.0305576324462891 -0.0306015014648438
0.014495849609375 0.127174377441406 -0.0304641723632813 -0.0407142639160156
-0.0257415771484375 0.125602722167969 -0.00410079956054688 -0.0493354797363281
-0.0944137573242187 0.090087890625 0.0218925476074219 -0.061126708984375
-0.129852294921875 0.0229721069335937 0.0487785339355469 -0.0317306518554688
-0.113136291503906 -0.101905822753906 0.0624351501464844 0.0214080810546875
-0.056243896484375 -0.167266845703125 0.0207443237304687 0.0454978942871094
0.0211181640625 -0.1708984375 -0.00509262084960938 0.0531463623046875
0.00871276855468749 -0.147354125976563 0.0709228515625 -0.142684936523438
-0.0438461303710938 -0.127906799316406 0.00563812255859375 -0.0943679809570313
-0.0920028686523438 -0.082916259765625 -0.00131034851074219 -0.0288009643554688
-0.107795715332031 -0.00888824462890625 0.0251331329345703 -0.0291748046875
-0.0804901123046875 0.0465240478515625 0.0150146484375 -0.0612106323242187
-0.0362548828125 0.0930252075195313 -0.0144615173339844 -0.069793701171875
0.0014801025390625 0.0929412841796875 -0.039306640625 -0.0662612915039063
0.0021514892578125 0.0877532958984375 -0.047149658203125 -0.0620155334472656
0.00259399414062499 0.100692749023437 -0.0441360473632812 -0.0731887817382813
-0.0279617309570313 0.0932693481445313 -0.0104141235351563 -0.081268310546875
-0.07794189453125 0.0615997314453125 0.024383544921875 -0.0818710327148438
-0.0976715087890625 0.00985717773437498 0.052520751953125 -0.0434684753417969
-0.0813522338867187 -0.0812301635742188 0.0528106689453125 0.00852966308593749
-0.0436630249023438 -0.128211975097656 0.00727653503417968 0.0102386474609375
0.0111923217773438 -0.136177062988281 0.011103630065918 -0.00411987304687501
-0.0183563232421875 -0.09283447265625 0.0811004638671875 -0.178848266601563
-0.0415611267089844 -0.0691337585449219 0.00432586669921875 -0.118522644042969
-0.0564727783203125 -0.0331344604492187 -0.00391006469726563 -0.0339584350585937
-0.0559043884277344 -0.00031280517578124 0.0296630859375 -0.0357551574707031
-0.0396804809570313 0.023193359375 0.0213165283203125 -0.0693740844726563
-0.0244979858398437 0.0497398376464844 -0.0130233764648438 -0.0884017944335938
-0.00796127319335937 0.0520591735839844 -0.0455169677734375 -0.0897674560546875
-0.00739288330078125 0.0488319396972656 -0.0555038452148438 -0.0838775634765625
-0.00964736938476562 0.0592498779296875 -0.0490875244140625 -0.095123291015625
-0.0287322998046875 0.0493736267089844 -0.0104751586914063 -0.102806091308594
-0.0524559020996094 0.0230674743652344 0.0284194946289062 -0.0892486572265625
-0.05120849609375 -0.00703048706054689 0.0543594360351563 -0.0451202392578125
-0.0349655151367188 -0.0505104064941406 0.0421180725097656 0.003143310546875
-0.0212516784667969 -0.0681838989257813 -0.00187015533447266 -0.0144138336181641
-0.000640869140624994 -0.0794448852539062 0.0242881774902344 -0.0476341247558594
-0.0411300659179688 -0.0255203247070312 0.078948974609375 -0.201080322265625
-0.0333099365234375 -0.00567626953124999 0.000915527343750008 -0.132331848144531
-0.0174150466918945 0.0157928466796875 -0.0123939514160156 -0.0379371643066406
0.000609397888183593 0.00895881652832031 0.0217247009277344 -0.0380096435546875
0.00335359573364258 -0.00212264060974121 0.0189933776855469 -0.064483642578125
-0.0083928108215332 0.000310420989990235 -0.012664794921875 -0.0902023315429688
-0.0158271789550781 0.00347995758056641 -0.0449295043945312 -0.0989227294921875
-0.0145664215087891 0.00547218322753906 -0.05572509765625 -0.09228515625
-0.0198078155517578 0.00825309753417969 -0.0458831787109375 -0.104721069335938
-0.0232563018798828 -0.00247955322265625 -0.00723266601562499 -0.109565734863281
-0.0179347991943359 -0.0163955688476563 0.0344390869140625 -0.0847625732421875
0.000455856323242188 -0.01885986328125 0.0555458068847656 -0.0383071899414063
0.0112190246582031 -0.00860977172851563 0.0321941375732422 0.00310325622558594
-0.00243067741394043 3.07559967041017E-05 -0.00372886657714843 -0.0268688201904297
-0.015131950378418 -0.0115108489990234 0.0312576293945312 -0.0716552734375
0.0354156494140625 -0.0570411682128906 -0.0126495361328125 0.07684326171875
-0.0145149230957031 -0.0670318603515625 0.00604438781738281 0.028411865234375
-0.0548286437988281 -0.03173828125 -0.0220985412597656 -0.0112209320068359
-0.050018310546875 0.0201950073242187 -0.053009033203125 0.0229682922363281
-0.0239715576171875 0.0446968078613281 -0.0410423278808594 0.0614891052246094
0.0129890441894531 0.0498847961425781 0.0041351318359375 0.0978317260742188
0.0322761535644531 0.0410575866699219 0.0450286865234375 0.101119995117188
0.0237960815429688 0.0379219055175781 0.0532302856445312 0.0848541259765625
0.025787353515625 0.0441551208496094 0.0414886474609375 0.0846176147460938
-0.000137329101562497 0.0513648986816406 0.015045166015625 0.0832672119140625
-0.0344867706298828 0.0330677032470703 -0.00336837768554688 0.0537185668945313
-0.050994873046875 -0.00305938720703126 -0.00179481506347657 0.0350723266601563
-0.0222244262695313 -0.0486068725585937 0.02252197265625 0.0581893920898438
0.0177574157714844 -0.0595703125 0.022216796875 0.131584167480469
0.0414543151855469 -0.0365829467773438 -0.0814361572265625 0.20892333984375
0.0472488403320313 -0.121086120605469 -0.00518798828125 0.0527229309082031
-0.0258331298828125 -0.121070861816406 0.00459480285644531 0.0193309783935547
-0.08575439453125 -0.0756912231445313 -0.0167074203491211 -0.0125207901000977
-0.0966949462890625 0.00952911376953123 -0.0434341430664063 0.0143051147460938
-0.0626182556152344 0.0638427734375 -0.0382843017578125 0.0396804809570313
-0.0020294189453125 0.0931015014648438 -0.00620269775390625 0.0771255493164063
0.0361709594726563 0.0834884643554687 0.0291519165039063 0.0836715698242188
0.0298538208007813 0.0782012939453125 0.0386505126953125 0.0684356689453125
0.0303955078125 0.0887298583984375 0.0287628173828125 0.0656013488769531
-0.00862884521484375 0.0924453735351563 0.0133438110351562 0.0634117126464844
-0.0652122497558594 0.0642013549804688 0.00617218017578125 0.0314407348632813
-0.09149169921875 0.00379943847656251 0.0137405395507812 0.0240116119384766
-0.0623779296875 -0.0822219848632812 0.0424766540527344 0.0566177368164062
-0.00552368164062499 -0.117416381835938 0.0312576293945313 0.126617431640625
0.04425048828125 -0.100051879882813 -0.0620574951171875 0.197891235351562
0.050140380859375 -0.167007446289063 0.00892639160156251 0.0129709243774414
-0.0322723388671875 -0.161880493164063 0.00244402885437011 -0.00384736061096192
-0.10986328125 -0.107749938964844 -0.0108461380004883 -0.0148849487304688
-0.135406494140625 -0.00112915039062499 -0.0276641845703125 0.00358390808105469
-0.0935745239257812 0.0757217407226563 -0.0306072235107422 0.0144100189208984
-0.0189132690429688 0.122268676757813 -0.0143394470214844 0.0447540283203125
0.03448486328125 0.113815307617187 0.00996017456054688 0.05242919921875
0.0287933349609375 0.105873107910156 0.0167579650878906 0.0410041809082031
0.0325775146484375 0.120353698730469 0.00933456420898438 0.0349216461181641
-0.0126419067382813 0.122993469238281 0.0118045806884766 0.0297431945800781
-0.085784912109375 0.0888595581054688 0.0137310028076172 0.00139427185058594
-0.123626708984375 0.0193328857421875 0.0275859832763672 0.00661849975585938
-0.100318908691406 -0.100936889648438 0.0576095581054687 0.0509529113769531
-0.0354766845703125 -0.15887451171875 0.0380783081054688 0.1083984375
0.035919189453125 -0.151382446289062 -0.039154052734375 0.164154052734375
0.0451202392578125 -0.189498901367188 0.0281448364257813 -0.036956787109375
-0.040985107421875 -0.178131103515625 0.00114059448242187 -0.0318527221679688
-0.123092651367187 -0.121902465820313 -0.00799751281738282 -0.0177402496337891
-0.152801513671875 -0.00738525390624999 -0.0103225708007813 -0.00709247589111328
-0.109542846679687 0.0783920288085937 -0.0148725509643555 -0.0140390396118164
-0.030120849609375 0.13616943359375 -0.0183010101318359 0.00440979003906251
0.027679443359375 0.126312255859375 -0.0106496810913086 0.0146150588989258
0.0248260498046875 0.118049621582031 -0.00669002532958984 0.00792121887207032
0.0287322998046875 0.134918212890625 -0.0114974975585938 -0.00194454193115234
-0.0164794921875 0.135673522949219 0.003265380859375 -0.00942134857177734
-0.0944747924804688 0.103530883789063 0.018463134765625 -0.0295753479003906
-0.136878967285156 0.02947998046875 0.0396499633789062 -0.0114555358886719
-0.123008728027344 -0.105598449707031 0.0652313232421875 0.0357170104980469
-0.0583648681640625 -0.177017211914063 0.033843994140625 0.0799331665039062
0.0249481201171875 -0.176712036132813 -0.0184326171875 0.112556457519531
0.0267181396484375 -0.18414306640625 0.0483474731445313 -0.0916824340820313
-0.0475006103515625 -0.1644287109375 0.00048446655273437 -0.0659828186035156
-0.119842529296875 -0.111045837402344 -0.00505638122558594 -0.0217666625976563
-0.14617919921875 -0.00765991210937502 0.00887870788574218 -0.0176868438720703
-0.105720520019531 0.0686416625976563 -0.00138092041015625 -0.0424919128417969
-0.0376434326171875 0.127365112304688 -0.0192108154296875 -0.0352401733398437
0.0185165405273438 0.119583129882813 -0.0291633605957031 -0.0278205871582031
0.0182266235351563 0.111991882324219 -0.0298442840576172 -0.0267963409423828
0.0231552124023437 0.126846313476563 -0.0313377380371094 -0.037872314453125
-0.0189971923828125 0.126007080078125 -0.00563812255859375 -0.0454750061035156
-0.0915756225585937 0.0949935913085938 0.0184707641601562 -0.0602836608886719
-0.129737854003906 0.0298004150390625 0.0452117919921875 -0.0320625305175781
-0.118675231933594 -0.0982894897460938 0.0620536804199219 0.0199127197265625
-0.06182861328125 -0.164993286132813 0.021331787109375 0.0447616577148437
0.0144195556640625 -0.17352294921875 -0.00361251831054687 0.0504264831542969
0.0041656494140625 -0.149887084960938 0.0621795654296875 -0.142684936523438
-0.0479660034179688 -0.126556396484375 -0.000640869140624994 -0.0941009521484375
-0.0967941284179688 -0.08026123046875 -0.00359916687011719 -0.0273838043212891
-0.111465454101563 -0.00354766845703123 0.0241565704345703 -0.0311222076416016
-0.0794677734375 0.0515899658203125 0.0129776000976562 -0.0609016418457031
-0.0316162109375 0.0962982177734375 -0.0168266296386719 -0.0676727294921875
0.00476837158203124 0.0946121215820312 -0.0424003601074219 -0.0631904602050781
0.005523681640625 0.0897445678710938 -0.0475273132324219 -0.0587577819824219
0.00910186767578126 0.101760864257813 -0.0477180480957031 -0.069580078125
-0.022613525390625 0.0956268310546875 -0.0161590576171875 -0.079742431640625
-0.0769729614257812 0.066192626953125 0.0196990966796875 -0.082000732421875
-0.098541259765625 0.0151748657226562 0.0481529235839844 -0.0453376770019531
-0.0861587524414063 -0.0780410766601563 0.0530509948730469 0.00731658935546874
-0.0485916137695312 -0.126441955566406 0.00548076629638672 0.0108833312988281
0.0052490234375 -0.138336181640625 0.00852870941162109 -0.00763082504272462
-0.0201034545898438 -0.0922088623046875 0.0710601806640625 -0.180526733398438
-0.0439338684082031 -0.0701255798339844 -0.00185394287109375 -0.117156982421875
-0.057830810546875 -0.0338935852050781 -0.0058746337890625 -0.0340290069580078
-0.0566062927246094 0.00137329101562499 0.0283393859863281 -0.0382919311523438
-0.0415420532226563 0.0234642028808594 0.0172882080078125 -0.0695762634277344
-0.0208244323730469 0.0511398315429688 -0.0176315307617188 -0.0856857299804688
-0.006134033203125 0.0543594360351563 -0.0488204956054687 -0.088226318359375
-0.00613784790039063 0.0502815246582031 -0.0568389892578125 -0.0793228149414062
-0.00703811645507812 0.0608177185058594 -0.054351806640625 -0.089874267578125
-0.0258598327636719 0.0525245666503906 -0.0166702270507812 -0.10064697265625
-0.0530853271484375 0.0261154174804688 0.02392578125 -0.0881576538085938
-0.0523262023925781 -0.00624847412109374 0.0506820678710938 -0.04730224609375
-0.0382919311523438 -0.0510292053222656 0.0411796569824219 0.0014495849609375
-0.0234832763671875 -0.0688591003417969 -0.00330448150634766 -0.0153131484985352
-5.3405761718753E-05 -0.0801773071289063 0.0210380554199219 -0.0518684387207031
-0.0400428771972656 -0.0249786376953125 0.06866455078125 -0.2037353515625
-0.0321292877197266 -0.005859375 -0.00615692138671874 -0.133934020996094
-0.0180702209472656 0.015960693359375 -0.0146598815917969 -0.0382575988769531
0.000943183898925781 0.00579023361206055 0.0221328735351563 -0.0385589599609375
0.00134706497192383 -0.00461006164550781 0.0158004760742188 -0.0640525817871094
-0.00973224639892578 0.00106620788574219 -0.0140228271484375 -0.0898971557617188
-0.0144567489624023 0.00552654266357422 -0.0503311157226563 -0.0955123901367188
-0.0161075592041016 0.00669193267822266 -0.06011962890625 -0.0886001586914063
-0.0200157165527344 0.0123157501220703 -0.0506134033203125 -0.101997375488281
-0.0238418579101563 0.000949859619140625 -0.0110092163085937 -0.106407165527344
-0.0184288024902344 -0.0134735107421875 0.02960205078125 -0.0863113403320313
-0.000509262084960936 -0.0202713012695313 0.0526542663574219 -0.0401878356933594
0.0107784271240234 -0.0121889114379883 0.0326023101806641 -1.33514404296882E-05
-0.000815033912658691 -0.00111150741577148 -0.00613021850585938 -0.0274467468261719
-0.0125331878662109 -0.0119991302490234 0.0300750732421875 -0.0774765014648438
0.0347976684570312 -0.0554466247558594 -0.01190185546875 0.0802688598632813
-0.0168037414550781 -0.0648460388183594 0.00788307189941406 0.0310344696044922
-0.0529708862304688 -0.0304412841796875 -0.0218734741210938 -0.00959205627441406
-0.048065185546875 0.0197334289550781 -0.05255126953125 0.0246391296386719
-0.0223846435546875 0.0439262390136719 -0.0393562316894531 0.0619087219238281
0.0143013000488281 0.0469551086425781 0.00579071044921874 0.0960693359375
0.0325126647949219 0.0388145446777344 0.0479888916015625 0.099609375
0.0257110595703125 0.0360755920410156 0.05426025390625 0.0838775634765625
0.0272750854492187 0.0417404174804688 0.0421142578125 0.084442138671875
0.0010223388671875 0.0493812561035156 0.0152511596679687 0.0837554931640625
-0.0328197479248047 0.0350456237792969 -0.00275039672851562 0.0536842346191406
-0.0484428405761719 -0.00173950195312499 -0.00207138061523438 0.0351715087890625
-0.0244369506835937 -0.04620361328125 0.0250434875488281 0.0568504333496094
0.0154151916503906 -0.057647705078125 0.0229110717773438 0.130622863769531
0.0373153686523438 -0.0369071960449219 -0.077178955078125 0.208511352539063
0.04327392578125 -0.119651794433594 -0.00673675537109375 0.0574188232421875
-0.0272445678710938 -0.117721557617188 0.00525856018066406 0.0209388732910156
-0.0863189697265625 -0.0717849731445312 -0.0157089233398438 -0.0114154815673828
-0.0951919555664063 0.0116500854492187 -0.0429573059082031 0.0135154724121094
-0.0603256225585938 0.0640296936035156 -0.037689208984375 0.0400047302246094
-0.000160217285156259 0.0903396606445313 -0.0050048828125 0.0764923095703125
0.0364990234375 0.0815811157226563 0.0317764282226563 0.0828018188476563
0.03033447265625 0.0763626098632813 0.0396575927734375 0.0673141479492188
0.0329208374023437 0.0863494873046875 0.0294876098632813 0.0648345947265625
-0.00575256347656251 0.0915069580078125 0.0156631469726562 0.0617828369140625
-0.0624008178710937 0.065887451171875 0.00666427612304688 0.0319652557373047
-0.090606689453125 0.00822448730468749 0.0123615264892578 0.0245590209960938
-0.064117431640625 -0.0786666870117188 0.0424652099609375 0.05523681640625
-0.00973510742187501 -0.115531921386719 0.0328445434570312 0.125984191894531
0.040191650390625 -0.101264953613281 -0.057708740234375 0.197006225585938
0.046478271484375 -0.16558837890625 0.00717544555664063 0.0182819366455078
-0.035125732421875 -0.1580810546875 0.00204062461853027 9.29832458495997E-05
-0.110511779785156 -0.104713439941406 -0.0119152069091797 -0.0133781433105469
-0.133171081542969 0.00153350830078124 -0.0279197692871094 0.00442695617675781
-0.0914764404296875 0.0767593383789063 -0.0295677185058594 0.0152549743652344
-0.0152664184570313 0.122039794921875 -0.0130500793457031 0.0457916259765625
0.0360946655273437 0.112289428710938 0.0121536254882812 0.0532798767089844
0.0307998657226562 0.104057312011719 0.0193939208984375 0.0416526794433594
0.0350265502929688 0.117813110351562 0.0109214782714844 0.0347785949707031
-0.00890350341796876 0.122276306152344 0.0115642547607422 0.0301437377929688
-0.0829391479492188 0.0920791625976563 0.0126152038574219 0.00244426727294922
-0.123214721679688 0.0225830078125 0.0269966125488281 0.00823593139648438
-0.10137939453125 -0.0985794067382813 0.0571403503417969 0.0474281311035156
-0.0392303466796875 -0.156723022460937 0.038116455078125 0.108489990234375
0.0337982177734375 -0.151458740234375 -0.036590576171875 0.16302490234375
0.0389251708984375 -0.188522338867188 0.0254497528076172 -0.0323657989501953
-0.043487548828125 -0.174896240234375 -0.00088119506835938 -0.0289211273193359
-0.124427795410156 -0.118423461914062 -0.00905513763427735 -0.0158567428588867
-0.1529541015625 -0.00329589843749999 -0.00997543334960938 -0.00622940063476563
-0.107978820800781 0.0797348022460937 -0.0159339904785156 -0.0129680633544922
-0.0269088745117188 0.135185241699219 -0.0174417495727539 0.00681591033935548
0.0302886962890625 0.125923156738281 -0.00898551940917968 0.0149736404418945
0.0276107788085937 0.117073059082031 -0.0052347183227539 0.00954246520996094
0.0331268310546875 0.132064819335938 -0.011988639831543 0.000575065612792978
-0.0113677978515625 0.1341552734375 0.00341463088989258 -0.00828170776367187
-0.0915908813476563 0.105270385742187 0.0156078338623047 -0.0302352905273437
-0.136871337890625 0.0335693359375 0.037841796875 -0.0122299194335938
-0.12396240234375 -0.102752685546875 0.0637359619140625 0.0341758728027344
-0.06231689453125 -0.173309326171875 0.0332183837890625 0.0778427124023437
0.0221710205078125 -0.177459716796875 -0.0177230834960937 0.110519409179687
0.0231475830078125 -0.183761596679688 0.04248046875 -0.0890655517578125
-0.0493927001953125 -0.163604736328125 -0.00234985351562501 -0.0617637634277344
-0.120803833007813 -0.109542846679688 -0.00539588928222657 -0.0210533142089844
-0.145462036132812 -0.00427246093750001 0.00774955749511718 -0.0180435180664063
-0.103279113769531 0.0722274780273438 -0.000514984130859378 -0.0397758483886719
-0.0316543579101563 0.127220153808594 -0.0190238952636719 -0.0326423645019531
0.0214309692382813 0.119338989257812 -0.0279560089111328 -0.0252132415771484
0.0187606811523438 0.111351013183594 -0.0290317535400391 -0.0248775482177734
0.0245285034179687 0.126663208007813 -0.0319728851318359 -0.0349063873291016
-0.0152969360351563 0.126197814941406 -0.00731658935546875 -0.0450668334960937
-0.0878219604492188 0.09808349609375 0.0151138305664062 -0.0597267150878906
-0.129081726074219 0.0328445434570313 0.04315185546875 -0.0318374633789063
-0.120391845703125 -0.0947799682617188 0.0602607727050781 0.0179443359375
-0.066497802734375 -0.16290283203125 0.0193672180175781 0.0425567626953125
0.01324462890625 -0.173187255859375 -0.00374984741210938 0.0495529174804687
0.00309753417968752 -0.149917602539062 0.0572052001953125 -0.139625549316406
-0.0495071411132813 -0.125968933105469 -0.0040435791015625 -0.0926742553710938
-0.0959854125976563 -0.0774459838867187 -0.00457382202148438 -0.0271530151367188
-0.110702514648438 -0.00159454345703123 0.0215225219726562 -0.0292148590087891
-0.0798873901367188 0.0519943237304688 0.0116462707519531 -0.0597457885742188
-0.0291976928710937 0.0981903076171875 -0.0193061828613281 -0.0654754638671875
0.0089874267578125 0.094329833984375 -0.041717529296875 -0.0611343383789063
0.00893402099609375 0.0887222290039063 -0.0471839904785156 -0.0545196533203125
0.010345458984375 0.101890563964844 -0.047119140625 -0.0661735534667969
-0.0204238891601562 0.0974655151367188 -0.0156707763671875 -0.077056884765625
-0.0751190185546875 0.069854736328125 0.0167160034179688 -0.0812149047851563
-0.0987548828125 0.01763916015625 0.0460052490234375 -0.0435028076171875
-0.0881500244140625 -0.0772705078125 0.0507850646972656 0.00724411010742187
-0.051025390625 -0.125648498535156 0.00571632385253906 0.00968742370605468
0.00678253173828126 -0.139175415039063 0.00871562957763672 -0.00954627990722657
-0.0202255249023438 -0.0940704345703125 0.065673828125 -0.181472778320313
-0.0431976318359375 -0.0689353942871094 -0.00580596923828124 -0.116630554199219
-0.0588607788085938 -0.0331573486328125 -0.00759887695312501 -0.0323848724365234
-0.0583343505859375 0.0030517578125 0.0256118774414062 -0.0370597839355469
-0.0419425964355469 0.0255851745605469 0.0165977478027344 -0.0676803588867187
-0.0207977294921875 0.0538215637207031 -0.01702880859375 -0.0847702026367188
-0.00356674194335938 0.0547409057617188 -0.04931640625 -0.0857467651367188
-0.00352859497070313 0.0528488159179688 -0.0573654174804687 -0.0762939453125
-0.00524139404296875 0.0621871948242188 -0.0544281005859375 -0.0886459350585938
-0.0251960754394531 0.0533561706542969 -0.0177078247070313 -0.0977020263671875
-0.0524368286132812 0.0286178588867188 0.020599365234375 -0.0880508422851563
-0.0543937683105469 -0.00290298461914062 0.0492057800292969 -0.04632568359375
-0.0394401550292969 -0.0499687194824219 0.0405693054199219 0.00179672241210937
-0.025177001953125 -0.069244384765625 -0.00445938110351563 -0.0161371231079102
0.000122070312500006 -0.0816574096679687 0.0195884704589844 -0.0551414489746094
-0.0373268127441406 -0.0245704650878906 0.0654754638671875 -0.2044677734375
-0.0306587219238281 -0.00766563415527344 -0.00955963134765625 -0.131973266601563
-0.0162868499755859 0.0140895843505859 -0.0164909362792969 -0.0372161865234375
-0.00166463851928711 0.00766420364379883 0.0197105407714844 -0.0379638671875
0.000450253486633301 -0.00196671485900879 0.0155143737792969 -0.0630874633789063
-0.0100193023681641 0.00353717803955078 -0.0158462524414062 -0.0882415771484375
-0.0151739120483398 0.00764369964599609 -0.0506134033203125 -0.0955352783203125
-0.0151195526123047 0.00964260101318359 -0.05963134765625 -0.0877838134765625
-0.0193996429443359 0.0129909515380859 -0.0510635375976562 -0.0991134643554688
-0.0232830047607422 0.00353622436523438 -0.01373291015625 -0.105644226074219
-0.0204944610595703 -0.0122566223144531 0.0267105102539062 -0.0853424072265625
-0.00363922119140625 -0.0185089111328125 0.050811767578125 -0.0414237976074219
0.00796222686767578 -0.0122108459472656 0.0310173034667969 0.00264358520507812
-0.000830411911010742 -0.00302243232727051 -0.00745201110839844 -0.0284042358398437
-0.0109634399414062 -0.0144596099853516 0.0270614624023438 -0.0792465209960938
0.0343399047851563 -0.0545692443847656 -0.012115478515625 0.084136962890625
-0.0169448852539063 -0.0625381469726563 0.00820541381835938 0.033365249633789
-0.052734375 -0.0300979614257813 -0.0214138031005859 -0.00982666015625
-0.0472183227539063 0.0191001892089844 -0.0524177551269531 0.023712158203125
-0.0216102600097656 0.0428466796875 -0.0392570495605469 0.06170654296875
0.0150527954101563 0.0463066101074219 0.00479888916015626 0.0962677001953125
0.0327568054199219 0.038238525390625 0.04815673828125 0.0996780395507813
0.0259590148925781 0.0356483459472656 0.0550994873046875 0.0841903686523438
0.0275115966796875 0.0404586791992188 0.0418624877929688 0.085693359375
0.00213623046875 0.0485382080078125 0.0157318115234375 0.0837631225585938
-0.0317649841308594 0.0355606079101562 -0.00283050537109375 0.0539321899414063
-0.0481948852539063 -0.000644683837890631 -0.00254440307617188 0.0356712341308594
-0.0243682861328125 -0.0455169677734375 0.0244598388671875 0.0572624206542969
0.0129966735839844 -0.0576171875 0.0216522216796875 0.131988525390625
0.0360069274902344 -0.0364837646484375 -0.07769775390625 0.210113525390625
0.04376220703125 -0.119270324707031 -0.0072021484375 0.0620689392089844
-0.0276947021484375 -0.116355895996094 0.00469970703125 0.0242385864257812
-0.0853347778320312 -0.0720672607421875 -0.0157241821289063 -0.0109128952026367
-0.0955429077148438 0.01129150390625 -0.0427436828613281 0.0140838623046875
-0.0596122741699219 0.0643272399902344 -0.0382080078125 0.0403823852539063
0.00067901611328124 0.0906143188476563 -0.00560760498046876 0.0771942138671875
0.0376968383789063 0.0815811157226563 0.0328140258789062 0.0835418701171875
0.0312652587890625 0.0759124755859375 0.0407905578613281 0.0687599182128906
0.033782958984375 0.0855789184570313 0.0294532775878906 0.0661964416503906
-0.00459289550781251 0.0911636352539063 0.0158348083496094 0.0625686645507813
-0.0619049072265625 0.0672340393066406 0.00559043884277343 0.0316295623779297
-0.09130859375 0.0087432861328125 0.0120468139648437 0.0250797271728516
-0.0647125244140625 -0.0794296264648438 0.04241943359375 0.0557212829589844
-0.011199951171875 -0.115707397460937 0.032012939453125 0.127166748046875
0.0399703979492188 -0.10211181640625 -0.0595245361328125 0.198348999023438
0.0467681884765625 -0.166305541992188 0.00581550598144532 0.0222454071044922
-0.03497314453125 -0.157257080078125 0.00117802619934082 0.0035107135772705
-0.109962463378906 -0.105522155761719 -0.011113166809082 -0.0116043090820313
-0.133796691894531 0.0021514892578125 -0.0282154083251953 0.00459480285644531
-0.0911712646484375 0.077117919921875 -0.0298881530761719 0.0153884887695313
-0.0140609741210938 0.123054504394531 -0.0132217407226563 0.0467529296875
0.0374832153320313 0.113319396972656 0.0124626159667969 0.0545158386230469
0.0316619873046875 0.104644775390625 0.0197296142578125 0.0426521301269531
0.0367889404296875 0.118209838867188 0.0106620788574219 0.0368576049804688
-0.00766754150390626 0.122238159179688 0.0121116638183594 0.0303173065185547
-0.0827560424804687 0.094146728515625 0.0120954513549805 0.00263404846191407
-0.124168395996094 0.0237197875976562 0.0269050598144531 0.00908660888671875
-0.102928161621094 -0.0990447998046875 0.0570106506347656 0.0480613708496094
-0.0401611328125 -0.158035278320313 0.035980224609375 0.109130859375
0.03448486328125 -0.1533203125 -0.038330078125 0.163436889648438
0.0400543212890625 -0.189971923828125 0.023834228515625 -0.0299663543701172
-0.04412841796875 -0.175247192382813 -0.00158309936523438 -0.0260848999023438
-0.124526977539063 -0.120223999023437 -0.00835418701171876 -0.0147514343261719
-0.153839111328125 -0.00299072265624998 -0.0105514526367188 -0.00557613372802734
-0.108352661132812 0.0808029174804688 -0.0161428451538086 -0.0119600296020508
-0.025634765625 0.137336730957031 -0.0175247192382813 0.00891208648681641
0.0317535400390625 0.127426147460938 -0.00784683227539063 0.0159664154052734
0.0281524658203125 0.117835998535156 -0.00433063507080078 0.0100059509277344
0.0346145629882813 0.133430480957031 -0.0108470916748047 0.00232601165771485
-0.00951385498046876 0.135604858398438 0.00379753112792969 -0.00716876983642577
-0.0913772583007813 0.107879638671875 0.0148773193359375 -0.029754638671875
-0.138557434082031 0.03509521484375 0.0370063781738281 -0.0109024047851562
-0.126533508300781 -0.1036376953125 0.0630607604980469 0.0340309143066406
-0.0634002685546875 -0.175460815429687 0.0308685302734375 0.0787506103515625
0.024169921875 -0.179107666015625 -0.0198440551757813 0.110725402832031
0.0247650146484375 -0.18475341796875 0.0413818359375 -0.08648681640625
-0.049468994140625 -0.165206909179687 -0.00391769409179688 -0.0600166320800781
-0.121345520019531 -0.110298156738281 -0.00686073303222657 -0.01953125
-0.147720336914063 -0.00314331054687499 0.00779056549072265 -0.0172615051269531
-0.103797912597656 0.0734329223632812 -0.000820159912109383 -0.0389289855957031
-0.0309295654296875 0.129135131835938 -0.0192718505859375 -0.0313930511474609
0.0221176147460937 0.121757507324219 -0.0269546508789063 -0.0245571136474609
0.0207366943359375 0.112930297851562 -0.0277061462402344 -0.0238628387451172
0.0259323120117188 0.128578186035156 -0.0321292877197266 -0.0332832336425781
-0.0134353637695312 0.127418518066406 -0.00708770751953125 -0.0449104309082031
-0.08856201171875 0.10052490234375 0.0141830444335937 -0.0593414306640625
-0.130783081054688 0.0335845947265625 0.0429534912109375 -0.0302391052246094
-0.122161865234375 -0.0960845947265625 0.0593109130859375 0.0186004638671875
-0.06756591796875 -0.163787841796875 0.0174942016601563 0.0429420471191406
0.01519775390625 -0.175811767578125 -0.00560379028320312 0.0479545593261719
0.0047760009765625 -0.151153564453125 0.056396484375 -0.139358520507813
-0.0495681762695313 -0.127998352050781 -0.00507354736328125 -0.091796875
-0.0972976684570312 -0.0796051025390625 -0.00581359863281251 -0.0264835357666016
-0.113243103027344 -0.00135040283203123 0.0210742950439453 -0.0293006896972656
-0.0802688598632813 0.0541000366210937 0.0116081237792969 -0.058807373046875
-0.0291824340820312 0.100364685058594 -0.0181465148925781 -0.0640373229980469
0.00952911376953125 0.0970230102539063 -0.0411453247070313 -0.0609588623046875
0.00921630859375 0.0907821655273438 -0.0459938049316406 -0.0548973083496094
0.0111770629882813 0.103935241699219 -0.0475349426269531 -0.06488037109375
-0.0199127197265625 0.0983657836914063 -0.01507568359375 -0.07672119140625
-0.0761642456054688 0.0717315673828125 0.0156784057617188 -0.080474853515625
-0.100898742675781 0.0180511474609375 0.0460968017578125 -0.042572021484375
-0.089447021484375 -0.078765869140625 0.049957275390625 0.00749588012695312
-0.0511474609375 -0.126396179199219 0.00362491607666015 0.00898742675781249
0.00880432128906249 -0.141357421875 0.00723457336425781 -0.0114583969116211
-0.0171737670898438 -0.0957183837890625 0.0652313232421875 -0.1810302734375
-0.0428085327148438 -0.0720901489257813 -0.00638580322265624 -0.117645263671875
-0.0589637756347656 -0.0346908569335938 -0.00821304321289063 -0.0323524475097656
-0.0607147216796875 0.00286102294921875 0.0255813598632812 -0.0368118286132813
-0.0429191589355469 0.0271034240722656 0.01715087890625 -0.0673065185546875
-0.0213394165039062 0.0558509826660156 -0.0171661376953125 -0.0841522216796875
-0.0026397705078125 0.0567970275878906 -0.0493240356445312 -0.0858993530273438
-0.0029296875 0.0548629760742188 -0.057159423828125 -0.0774612426757812
-0.00534820556640624 0.0643310546875 -0.0536727905273438 -0.0883865356445312
-0.0241012573242188 0.0548629760742188 -0.0174026489257812 -0.097442626953125
-0.0531272888183594 0.0308036804199219 0.020172119140625 -0.088775634765625
-0.0561065673828125 -0.00320434570312499 0.0486602783203125 -0.0457878112792969
-0.0410995483398437 -0.0514564514160156 0.0399360656738281 0.00255584716796875
-0.024505615234375 -0.0709609985351563 -0.00532245635986328 -0.0164642333984375
0.00220489501953126 -0.084686279296875 0.0182647705078125 -0.056915283203125
-0.0363655090332031 -0.0258636474609375 0.0646209716796875 -0.206207275390625
-0.0298423767089844 -0.00905227661132813 -0.0103073120117187 -0.133377075195313
-0.0160121917724609 0.0121574401855469 -0.0169525146484375 -0.0372238159179688
-0.00326681137084961 0.00704479217529297 0.0190696716308594 -0.0383796691894531
-0.00121462345123291 -0.00143837928771973 0.016143798828125 -0.0633468627929688
-0.010772705078125 0.00439834594726562 -0.014862060546875 -0.0880966186523438
-0.0144586563110352 0.00877571105957031 -0.0507278442382812 -0.0957260131835938
-0.0139188766479492 0.0108852386474609 -0.0597076416015625 -0.088531494140625
-0.0191020965576172 0.0145473480224609 -0.0512008666992188 -0.100074768066406
-0.0228748321533203 0.00456428527832032 -0.0137557983398437 -0.105613708496094
-0.0220718383789063 -0.0109272003173828 0.0268020629882812 -0.0850906372070312
-0.00459480285644532 -0.0185165405273438 0.05096435546875 -0.0403556823730469
0.00718402862548828 -0.0135774612426758 0.0310840606689453 0.00222587585449219
-0.00112009048461914 -0.00486373901367188 -0.00757026672363281 -0.0307865142822266
-0.00869083404541016 -0.0166597366333008 0.0270538330078125 -0.0830841064453125
0.0347862243652344 -0.0549659729003906 -0.0128936767578125 0.0897750854492188
-0.0170097351074219 -0.0620231628417969 0.00899505615234375 0.0369377136230469
-0.0532989501953125 -0.0303726196289062 -0.0209598541259766 -0.00984001159667969
-0.0469551086425781 0.0192451477050781 -0.0539665222167969 0.0246849060058594
-0.0219841003417969 0.0429267883300781 -0.0408554077148438 0.0628738403320313
0.0152549743652344 0.0469207763671875 0.0051116943359375 0.0990142822265625
0.03363037109375 0.0383491516113281 0.0499649047851563 0.1033935546875
0.0268402099609375 0.0354232788085938 0.0564651489257813 0.0872268676757813
0.0288162231445312 0.0399513244628906 0.0430831909179688 0.0890731811523438
0.00400924682617188 0.0487136840820313 0.0162353515625 0.0862274169921875
-0.0314216613769531 0.0369224548339844 -0.00351333618164062 0.0554771423339844
-0.0488014221191406 0.000198364257812498 -0.00292968750000001 0.0371170043945312
-0.0251617431640625 -0.0461769104003906 0.02496337890625 0.0583343505859375
0.011932373046875 -0.0588226318359375 0.0211029052734375 0.137199401855469
0.0358657836914062 -0.0369338989257812 -0.0808258056640625 0.216094970703125
0.0449447631835938 -0.121421813964844 -0.00879669189453125 0.067779541015625
-0.0275802612304688 -0.117805480957031 0.00449562072753906 0.0275230407714844
-0.087066650390625 -0.07354736328125 -0.0152759552001953 -0.0109519958496094
-0.0977859497070312 0.0118560791015625 -0.0441360473632813 0.01422119140625
-0.0604896545410156 0.0652732849121094 -0.0398941040039063 0.0412254333496094
0.00139617919921874 0.09320068359375 -0.00565338134765625 0.0796966552734375
0.0390090942382812 0.0836257934570312 0.0340652465820312 0.0867080688476563
0.0322265625 0.0771331787109375 0.0419387817382813 0.0714187622070313
0.035552978515625 0.087371826171875 0.0300827026367188 0.0697860717773437
-0.00325775146484374 0.0926742553710938 0.0163421630859375 0.0643043518066406
-0.0629768371582031 0.0699920654296875 0.00493240356445313 0.0329494476318359
-0.0933151245117188 0.01031494140625 0.0122718811035156 0.0269908905029297
-0.066650390625 -0.0815887451171875 0.0430259704589844 0.057281494140625
-0.0131149291992188 -0.118988037109375 0.0313034057617188 0.131698608398438
0.0403671264648438 -0.104911804199219 -0.0620269775390625 0.20379638671875
0.0486907958984375 -0.170562744140625 0.00462722778320313 0.0269317626953125
-0.0355072021484375 -0.160385131835938 0.000999927520751951 0.0065631866455078
-0.112655639648437 -0.108467102050781 -0.011204719543457 -0.0119361877441406
-0.137458801269531 0.002471923828125 -0.0290393829345703 0.00528335571289062
-0.09375 0.0793914794921875 -0.0313453674316406 0.0158443450927734
-0.0139999389648438 0.126266479492187 -0.0136451721191406 0.0485725402832031
0.039581298828125 0.116661071777344 0.0134353637695313 0.0568351745605469
0.033050537109375 0.10772705078125 0.0205612182617188 0.0443687438964844
0.0390853881835938 0.121490478515625 0.0114059448242188 0.0403709411621094
-0.00674438476562499 0.125 0.0123691558837891 0.0316944122314453
-0.0842056274414063 0.0985183715820312 0.0112848281860352 0.00327205657958985
-0.127426147460938 0.0248565673828125 0.0266685485839844 0.0107994079589844
-0.106422424316406 -0.102455139160156 0.0575828552246094 0.0491447448730469
-0.0429534912109375 -0.16192626953125 0.0352706909179688 0.11334228515625
0.0356292724609375 -0.158065795898438 -0.0410003662109375 0.167800903320313
0.0427703857421875 -0.194427490234375 0.0230731964111328 -0.0269031524658203
-0.0434112548828125 -0.179550170898438 -0.00216865539550781 -0.0239849090576172
-0.127883911132813 -0.124008178710937 -0.00851440429687501 -0.0147495269775391
-0.158340454101563 -0.00219726562499997 -0.0107660293579102 -0.00506877899169922
-0.111442565917969 0.0830078125 -0.0170660018920899 -0.012176513671875
-0.0252685546875 0.1409912109375 -0.0177650451660156 0.00978088378906251
0.0342941284179688 0.131790161132813 -0.00783061981201171 0.0174036026000977
0.02996826171875 0.121429443359375 -0.00328636169433594 0.0107460021972656
0.0365447998046875 0.137413024902344 -0.0111026763916016 0.00374603271484376
-0.00904083251953126 0.139205932617188 0.00367021560668945 -0.00702905654907226
-0.0934066772460938 0.112594604492187 0.0135936737060547 -0.0298118591308594
-0.1434326171875 0.037017822265625 0.0373382568359375 -0.00992202758789062
-0.130645751953125 -0.107749938964844 0.0641860961914062 0.0351028442382813
-0.0652618408203125 -0.179641723632812 0.0298690795898437 0.0812911987304688
0.026153564453125 -0.185882568359375 -0.0219879150390625 0.112815856933594
0.027435302734375 -0.190032958984375 0.041290283203125 -0.0857391357421875
-0.050323486328125 -0.170730590820313 -0.00521469116210938 -0.0586471557617188
-0.124320983886719 -0.115028381347656 -0.00654602050781251 -0.0198326110839844
-0.152511596679688 -0.00270080566406253 0.00749111175537109 -0.0167837142944336
-0.108024597167969 0.0763702392578125 -0.00128173828125 -0.0395851135253906
-0.0307159423828125 0.134048461914063 -0.0193901062011719 -0.0308399200439453
0.0242462158203125 0.12579345703125 -0.0269966125488281 -0.0241775512695312
0.0214691162109375 0.116691589355469 -0.0272331237792969 -0.0241451263427734
0.0279693603515625 0.133346557617188 -0.0327377319335937 -0.0322341918945312
-0.0132904052734375 0.131248474121094 -0.00736236572265625 -0.0451240539550781
-0.0911407470703125 0.104789733886719 0.0137367248535156 -0.0605888366699219
-0.135368347167969 0.035614013671875 0.0437583923339844 -0.029541015625
-0.126235961914063 -0.0992355346679688 0.0608940124511719 0.0200576782226562
-0.069305419921875 -0.169174194335938 0.0166130065917969 0.0444183349609375
0.018341064453125 -0.182022094726562 -0.00698471069335938 0.0482521057128906
0.00640869140625001 -0.157119750976563 0.0572509765625 -0.141357421875
-0.0498046875 -0.133567810058594 -0.00639343261718751 -0.0926666259765625
-0.100143432617188 -0.083587646484375 -0.00657081604003907 -0.0263957977294922
-0.117843627929688 -0.000427246093749993 0.0208969116210937 -0.0287590026855469
-0.08380126953125 0.0563201904296875 0.0117683410644531 -0.059906005859375
-0.0293426513671875 0.104545593261719 -0.0181121826171875 -0.0650520324707031
0.0112380981445312 0.100257873535156 -0.0418128967285156 -0.0618476867675781
0.010467529296875 0.0942535400390625 -0.0460891723632813 -0.0562782287597656
0.0129623413085937 0.108787536621094 -0.0481605529785156 -0.0652618408203125
-0.01953125 0.10205078125 -0.015167236328125 -0.0782318115234375
-0.078521728515625 0.075286865234375 0.01556396484375 -0.0819778442382813
-0.104850769042969 0.0195083618164063 0.0470466613769531 -0.0423851013183594
-0.0928955078125 -0.0818099975585938 0.0513458251953125 0.00838851928710937
-0.0515823364257812 -0.131813049316406 0.00231552124023437 0.00906372070312499
0.0115814208984375 -0.147216796875 0.00639533996582031 -0.0130414962768555
-0.0155868530273438 -0.099151611328125 0.0665283203125 -0.185256958007813
-0.043212890625 -0.075531005859375 -0.00701141357421874 -0.120361328125
-0.0605430603027344 -0.0373649597167969 -0.00934219360351563 -0.0331916809082031
-0.0635147094726563 0.00338363647460938 0.0255203247070312 -0.0369796752929688
-0.045379638671875 0.0286445617675781 0.0180130004882812 -0.0683746337890625
-0.0216255187988281 0.0589027404785156 -0.016815185546875 -0.0857925415039063
-0.00239944458007813 0.0594749450683594 -0.0506134033203125 -0.0881500244140625
-0.00209808349609374 0.0580368041992187 -0.057769775390625 -0.07952880859375
-0.00425720214843749 0.0677719116210938 -0.0547332763671875 -0.0898208618164063
-0.0242424011230469 0.0575904846191406 -0.0177078247070312 -0.0994720458984375
-0.0548629760742187 0.0333099365234375 0.0201416015625 -0.0903701782226563
-0.0595588684082031 -0.00274658203124999 0.0499229431152344 -0.0458984375
-0.0431251525878906 -0.0536231994628906 0.0411529541015625 0.00284576416015625
-0.0248031616210938 -0.0744400024414063 -0.00642204284667969 -0.0178184509277344
0.00537109375 -0.089691162109375 0.0181465148925781 -0.0605583190917969
-0.0352554321289063 -0.0271034240722656 0.0670013427734375 -0.212265014648438
-0.0297985076904297 -0.0110721588134766 -0.0107955932617188 -0.138229370117187
-0.0159101486206055 0.0114688873291016 -0.0174713134765625 -0.0382232666015625
-0.00449562072753906 0.0070953369140625 0.0192680358886719 -0.0390968322753906
-0.00232958793640137 -0.000998973846435546 0.0166168212890625 -0.0647544860839844
-0.011012077331543 0.00612640380859375 -0.0144577026367187 -0.090789794921875
-0.0140924453735352 0.00990581512451172 -0.0519866943359375 -0.0991287231445313
-0.0141925811767578 0.0121860504150391 -0.0613174438476563 -0.0911941528320312
-0.0185604095458984 0.0170040130615234 -0.05279541015625 -0.103050231933594
-0.0237674713134766 0.0059051513671875 -0.0134048461914063 -0.108184814453125
-0.0228958129882813 -0.009918212890625 0.0269851684570313 -0.086669921875
-0.00679588317871094 -0.0186843872070313 0.0514717102050781 -0.0414314270019531
0.00648880004882813 -0.0145940780639648 0.0320644378662109 0.00261306762695312
-0.000645160675048828 -0.00629615783691406 -0.00858497619628906 -0.0329990386962891
-0.00691413879394531 -0.0192108154296875 0.0267868041992188 -0.0874176025390625
0.0352859497070313 -0.0570755004882813 -0.0121994018554688 0.0968780517578125
-0.0187225341796875 -0.0623283386230469 0.0106773376464844 0.0404891967773437
-0.0549850463867188 -0.030364990234375 -0.0211315155029297 -0.0102500915527344
-0.0479850769042969 0.02020263671875 -0.0559501647949219 0.0264892578125
-0.02142333984375 0.0445289611816406 -0.0417289733886719 0.0662841796875
0.0174026489257812 0.0471878051757813 0.00647735595703126 0.103416442871094
0.0358390808105469 0.0387687683105469 0.0541152954101562 0.107398986816406
0.0283737182617188 0.0354537963867188 0.0606918334960938 0.0904312133789063
0.030609130859375 0.0397872924804688 0.0463943481445313 0.093170166015625
0.005706787109375 0.0499191284179687 0.0177841186523437 0.08990478515625
-0.0312881469726562 0.0391311645507813 -0.00355911254882812 0.0579681396484375
-0.0501747131347656 0.00170516967773437 -0.00241470336914063 0.0389556884765625
-0.0273933410644531 -0.0472831726074219 0.026458740234375 0.0606040954589844
0.0106315612792969 -0.0603981018066406 0.023895263671875 0.143890380859375
0.0350837707519531 -0.0383453369140625 -0.0823211669921875 0.22808837890625
0.0455093383789063 -0.126861572265625 -0.00876617431640625 0.0740280151367187
-0.0306930541992188 -0.120468139648438 0.00529861450195313 0.0317134857177734
-0.0910797119140625 -0.0750656127929688 -0.0152883529663086 -0.0108623504638672
-0.100662231445313 0.0137939453125 -0.0458030700683594 0.0159530639648437
-0.0619888305664062 0.0691070556640625 -0.0412139892578125 0.0436859130859375
0.00371551513671876 0.0960006713867187 -0.00468444824218749 0.0841445922851563
0.0432281494140625 0.0860748291015625 0.0369873046875 0.0902633666992187
0.0353240966796875 0.0792007446289063 0.045654296875 0.0739059448242188
0.0389328002929687 0.089691162109375 0.0327835083007813 0.0732040405273438
-0.000640869140624997 0.0962448120117188 0.0178260803222656 0.0668830871582031
-0.0630035400390625 0.0752410888671875 0.00449752807617187 0.0342979431152344
-0.097564697265625 0.0131301879882812 0.0132331848144531 0.0283660888671875
-0.0720977783203125 -0.0840835571289063 0.0447731018066406 0.0591583251953125
-0.0166168212890625 -0.123588562011719 0.0330581665039063 0.138771057128906
0.0401535034179687 -0.110122680664062 -0.062347412109375 0.214111328125
0.048614501953125 -0.17901611328125 0.00433921813964844 0.0313644409179687
-0.03961181640625 -0.164703369140625 0.000760078430175779 0.0097360610961914
-0.119331359863281 -0.112030029296875 -0.0114898681640625 -0.0123567581176758
-0.14239501953125 0.00579833984375002 -0.0305728912353516 0.00626182556152344
-0.0959854125976563 0.0839920043945313 -0.0323886871337891 0.0175037384033203
-0.01068115234375 0.132064819335938 -0.0134773254394531 0.0523796081542969
0.0445098876953125 0.121101379394531 0.0156173706054688 0.0600700378417969
0.0373611450195312 0.111228942871094 0.0236091613769531 0.0462303161621094
0.0437545776367187 0.125968933105469 0.0130767822265625 0.0427780151367188
-0.003662109375 0.130569458007813 0.0135116577148437 0.0329704284667969
-0.085113525390625 0.105445861816406 0.0106725692749023 0.00349521636962891
-0.132591247558594 0.0293426513671875 0.0282382965087891 0.0112018585205078
-0.113449096679687 -0.105819702148438 0.0599937438964844 0.0502357482910156
-0.0483551025390625 -0.168899536132813 0.0374069213867187 0.118499755859375
0.035369873046875 -0.16656494140625 -0.041229248046875 0.175338745117188
0.0426177978515625 -0.2039794921875 0.0227718353271484 -0.0247268676757813
-0.0480194091796875 -0.186050415039063 -0.00308990478515625 -0.0220451354980469
-0.13531494140625 -0.128616333007813 -0.00933074951171876 -0.0146484375
-0.165252685546875 0.000778198242187508 -0.0117063522338867 -0.0045928955078125
-0.114654541015625 0.0897598266601562 -0.0184211730957031 -0.0117340087890625
-0.0223541259765625 0.14825439453125 -0.0183067321777344 0.0125484466552734
0.0389633178710937 0.13702392578125 -0.00682830810546875 0.01983642578125
0.0344696044921875 0.125938415527344 -0.00211906433105469 0.0115594863891602
0.0424652099609375 0.143707275390625 -0.0102663040161133 0.0059041976928711
-0.0058746337890625 0.145111083984375 0.00365781784057617 -0.00712013244628905
-0.0950851440429687 0.120933532714844 0.0123958587646484 -0.0306053161621094
-0.148895263671875 0.042205810546875 0.0389175415039062 -0.00963211059570312
-0.138580322265625 -0.110916137695313 0.0663719177246094 0.035919189453125
-0.072021484375 -0.187408447265625 0.0313949584960938 0.0853729248046875
0.0261077880859375 -0.195358276367188 -0.0226974487304687 0.117576599121094
0.027587890625 -0.2001953125 0.0412445068359375 -0.087432861328125
-0.0543060302734375 -0.177505493164063 -0.00693130493164063 -0.0594520568847656
-0.13177490234375 -0.120147705078125 -0.0075206756591797 -0.0199604034423828
-0.15985107421875 0.000579833984375013 0.00666332244873046 -0.017125129699707
-0.1116943359375 0.0820693969726562 -0.00231552124023438 -0.0407600402832031
-0.0279388427734375 0.140945434570312 -0.0204963684082031 -0.0304088592529297
0.0284881591796875 0.131332397460938 -0.0279960632324219 -0.0241622924804687
0.0260009765625 0.122138977050781 -0.0273666381835937 -0.0245323181152344
0.033233642578125 0.139503479003906 -0.0338916778564453 -0.0318527221679687
-0.01068115234375 0.137252807617188 -0.00831222534179688 -0.0468292236328125
-0.0925064086914063 0.113121032714844 0.0121231079101563 -0.0620765686035156
-0.141159057617188 0.0401153564453125 0.0452346801757812 -0.0305557250976563
-0.133995056152344 -0.103492736816406 0.0629234313964844 0.01995849609375
-0.0749664306640625 -0.176071166992188 0.016632080078125 0.0466651916503906
0.0178985595703125 -0.191879272460938 -0.00813674926757812 0.0497055053710937
0.00663757324218749 -0.164459228515625 0.0570831298828125 -0.1461181640625
-0.0533370971679688 -0.139122009277344 -0.00885772705078125 -0.0956573486328125
-0.1065673828125 -0.0876312255859375 -0.00756835937500001 -0.0268154144287109
-0.12420654296875 0.00162506103515623 0.0203437805175781 -0.0296001434326172
-0.0876083374023438 0.0614089965820313 0.0109024047851562 -0.0619926452636719
-0.0276336669921875 0.110755920410156 -0.0196495056152344 -0.066497802734375
0.0147171020507812 0.105796813964844 -0.0443649291992187 -0.0632896423339844
0.0133590698242188 0.0990982055664063 -0.0476722717285156 -0.0573463439941406
0.0167388916015625 0.114631652832031 -0.050811767578125 -0.0664024353027343
-0.0181503295898438 0.1072998046875 -0.0166854858398437 -0.0810012817382812
-0.0802154541015625 0.0816268920898438 0.0137786865234375 -0.0846405029296875
-0.110038757324219 0.0225372314453125 0.0486412048339844 -0.0442123413085938
-0.0996627807617187 -0.08477783203125 0.0533828735351562 0.00809860229492187
-0.0561599731445313 -0.137809753417969 0.000988960266113278 0.00951862335205077
0.0121002197265625 -0.156173706054688 0.00541496276855469 -0.0153579711914063
-0.0154647827148437 -0.104446411132813 0.0668792724609375 -0.19378662109375
-0.04522705078125 -0.079437255859375 -0.00993347167968749 -0.125289916992188
-0.0637969970703125 -0.039642333984375 -0.0109405517578125 -0.0339164733886719
-0.0672454833984375 0.00468826293945313 0.0258216857910156 -0.03826904296875
-0.0479393005371094 0.0319976806640625 0.0175399780273438 -0.0711898803710938
-0.02099609375 0.0632209777832031 -0.0181045532226562 -0.0890884399414062
-0.000232696533203122 0.0631370544433594 -0.0533447265625 -0.0909957885742188
-0.000514984130859371 0.0617637634277344 -0.0610809326171875 -0.0824127197265625
-0.00202178955078125 0.0725631713867188 -0.0584564208984375 -0.092498779296875
-0.0240669250488281 0.0620193481445313 -0.0193023681640625 -0.10284423828125
-0.0572967529296875 0.0369186401367188 0.0189132690429688 -0.0938949584960938
-0.06341552734375 -0.00120925903320312 0.0510368347167969 -0.0474586486816406
-0.0463180541992188 -0.0561981201171875 0.0431137084960938 0.00244522094726562
-0.0267410278320312 -0.07861328125 -0.00829315185546875 -0.0190582275390625
0.00543212890624999 -0.09552001953125 0.016876220703125 -0.0655403137207031
-0.0350151062011719 -0.0288276672363281 0.0668792724609375 -0.22296142578125
-0.0310935974121094 -0.0121726989746094 -0.0150604248046875 -0.144622802734375
-0.0159931182861328 0.0109043121337891 -0.0195541381835938 -0.0399360656738281
-0.00511789321899414 0.00683927536010742 0.0189094543457031 -0.040557861328125
-0.00351262092590332 -0.00054025650024414 0.0175971984863281 -0.0674629211425781
-0.0114660263061523 0.00760936737060547 -0.0160140991210938 -0.0948410034179688
-0.0147237777709961 0.0113964080810547 -0.0557174682617188 -0.103157043457031
-0.0139884948730469 0.0141334533691406 -0.0643310546875 -0.0937652587890625
-0.0192356109619141 0.0201892852783203 -0.0568771362304688 -0.106925964355469
-0.0242958068847656 0.00771522521972656 -0.0160980224609375 -0.111785888671875
-0.0251922607421875 -0.00922203063964844 0.0264511108398438 -0.090545654296875
-0.00866889953613281 -0.0188331604003906 0.0532073974609375 -0.0435218811035156
0.00600814819335938 -0.0162410736083984 0.0338516235351563 0.00223159790039062
-0.000399112701416015 -0.00832939147949219 -0.0102462768554688 -0.0354194641113281
-0.00574684143066406 -0.0215702056884766 0.0259628295898438 -0.0946578979492188
0.0338592529296875 -0.059661865234375 -0.00888824462890626 0.104438781738281
-0.0215072631835937 -0.0617866516113281 0.0129966735839844 0.0442771911621094
-0.0573272705078125 -0.0286827087402344 -0.0221614837646484 -0.00984573364257813
-0.0481529235839844 0.0221977233886719 -0.0568046569824219 0.0296173095703125
-0.0200614929199219 0.0466156005859375 -0.0413093566894531 0.0700950622558594
0.020111083984375 0.0473442077636719 0.0104827880859375 0.107246398925781
0.0390777587890625 0.0377883911132813 0.0605850219726562 0.109344482421875
0.0306529998779297 0.0339336395263672 0.0661849975585938 0.091094970703125
0.0337600708007812 0.0383567810058594 0.0520172119140625 0.0955352783203125
0.00862884521484375 0.0502700805664063 0.0219345092773437 0.0924453735351563
-0.029632568359375 0.0419044494628906 -0.001708984375 0.0603256225585938
-0.0515556335449219 0.00401306152343751 -0.000953674316406255 0.0412483215332031
-0.0306968688964844 -0.0478286743164063 0.0292129516601562 0.0614814758300781
0.00697708129882812 -0.0623703002929688 0.0301666259765625 0.1490478515625
0.0341529846191406 -0.0405082702636719 -0.0763702392578125 0.240142822265625
0.0421066284179688 -0.132469177246094 -0.006011962890625 0.0812149047851563
-0.0356903076171875 -0.1220703125 0.00726699829101562 0.0356101989746094
-0.0971298217773437 -0.0744857788085938 -0.0158901214599609 -0.0109977722167969
-0.10272216796875 0.0182723999023438 -0.0466194152832031 0.0188064575195313
-0.0610733032226563 0.0736083984375 -0.0414886474609375 0.046905517578125
0.00872802734375 0.0982284545898438 -0.00180053710937501 0.0879669189453125
0.0492172241210938 0.0868759155273438 0.0423812866210937 0.0926666259765625
0.0398330688476563 0.0796585083007813 0.0506820678710937 0.0747833251953125
0.0452880859375 0.0904617309570313 0.0376129150390625 0.0759506225585938
0.00421905517578126 0.0990524291992187 0.0208015441894531 0.0684051513671875
-0.0612335205078125 0.0814743041992188 0.00524520874023438 0.0359611511230469
-0.100143432617188 0.0179901123046875 0.0148124694824219 0.0294685363769531
-0.0787506103515625 -0.0845489501953125 0.0482254028320312 0.0591888427734375
-0.0239715576171875 -0.126853942871094 0.0396881103515625 0.14312744140625
0.0367584228515625 -0.116539001464844 -0.0573883056640625 0.223861694335937
0.04449462890625 -0.186660766601563 0.00510406494140626 0.0363540649414062
-0.04644775390625 -0.16778564453125 0.00130558013916015 0.0131158828735351
-0.127479553222656 -0.112022399902344 -0.0120792388916016 -0.0119142532348633
-0.146484375 0.011932373046875 -0.0312767028808594 0.00825691223144531
-0.0955734252929688 0.0908889770507813 -0.0337753295898438 0.0198707580566406
-0.00450897216796876 0.136222839355469 -0.0116119384765625 0.0558624267578125
0.0520706176757813 0.122962951660156 0.0191574096679688 0.0622787475585938
0.0441207885742188 0.113182067871094 0.02752685546875 0.0466880798339844
0.0519180297851562 0.12860107421875 0.0159988403320313 0.0452728271484375
0.00282287597656251 0.134819030761719 0.0153560638427734 0.0335826873779297
-0.0829086303710938 0.113632202148437 0.0101785659790039 0.00411128997802735
-0.136238098144531 0.0367050170898437 0.0300483703613281 0.0112762451171875
-0.123191833496094 -0.105903625488281 0.0634880065917969 0.0496826171875
-0.0577850341796875 -0.172882080078125 0.0422134399414063 0.122344970703125
0.030242919921875 -0.17529296875 -0.037139892578125 0.183746337890625
0.0380096435546875 -0.213638305664063 0.021942138671875 -0.023284912109375
-0.0562896728515625 -0.190139770507813 -0.00431251525878907 -0.0198764801025391
-0.145355224609375 -0.129058837890625 -0.0102014541625977 -0.0146636962890625
-0.170791625976562 0.00782775878906248 -0.0128536224365234 -0.00322437286376953
-0.115310668945313 0.0976181030273437 -0.0206356048583984 -0.0112724304199219
-0.0158233642578125 0.154541015625 -0.0178699493408203 0.0150890350341797
0.0474472045898437 0.140144348144531 -0.00566101074218749 0.0215625762939453
0.0417404174804688 0.129241943359375 -0.00041866302490234 0.0117483139038086
0.05181884765625 0.146865844726563 -0.00996017456054687 0.00813674926757813
0.000732421874999994 0.150985717773438 0.00388145446777344 -0.00761032104492187
-0.0922393798828125 0.130302429199219 0.0105438232421875 -0.0317211151123047
-0.15289306640625 0.05029296875 0.0407180786132812 -0.0113029479980469
-0.14886474609375 -0.110671997070312 0.0690155029296875 0.0346870422363281
-0.0828399658203125 -0.191314697265625 0.0347442626953125 0.0880279541015625
0.02069091796875 -0.205673217773438 -0.0198822021484375 0.121963500976562
0.0229339599609375 -0.208633422851563 0.0388412475585938 -0.0898056030273438
-0.06219482421875 -0.181671142578125 -0.0095672607421875 -0.0591468811035156
-0.14215087890625 -0.120681762695312 -0.00912284851074219 -0.0198478698730469
-0.165634155273438 0.00755310058593752 0.00608539581298827 -0.0174016952514648
-0.112785339355469 0.0903091430664062 -0.00447463989257814 -0.0415534973144531
-0.022216796875 0.147689819335938 -0.0218391418457031 -0.0289859771728516
0.0363388061523437 0.135635375976562 -0.0292930603027344 -0.0230159759521484
0.0326766967773438 0.125869750976563 -0.0279369354248047 -0.0247573852539063
0.0417022705078125 0.144073486328125 -0.0354576110839844 -0.0302696228027344
-0.00457763671875 0.143218994140625 -0.0104408264160156 -0.0483856201171875
-0.090911865234375 0.122314453125 0.00944900512695312 -0.06439208984375
-0.145156860351563 0.0477447509765625 0.0460166931152344 -0.0332221984863281
-0.144058227539063 -0.102706909179688 0.0654106140136718 0.0184783935546875
-0.084503173828125 -0.180343627929688 0.0173530578613281 0.04827880859375
0.013092041015625 -0.201889038085938 -0.00745773315429687 0.0506477355957031
0.0030364990234375 -0.172088623046875 0.052947998046875 -0.151580810546875
-0.0597381591796875 -0.143081665039063 -0.0132980346679688 -0.0972213745117188
-0.114143371582031 -0.0887680053710938 -0.00941276550292969 -0.0272655487060547
-0.12945556640625 0.00743865966796873 0.0194664001464844 -0.0311222076416016
-0.0891571044921875 0.0676422119140625 0.00837707519531249 -0.0643119812011719
-0.0234375 0.117118835449219 -0.0227012634277344 -0.0672264099121094
0.0209274291992188 0.109207153320313 -0.0475730895996094 -0.0633392333984375
0.0182037353515625 0.103218078613281 -0.0509414672851563 -0.0581016540527344
0.0237045288085938 0.119194030761719 -0.0549049377441406 -0.0661392211914062
-0.0135421752929688 0.113243103027344 -0.0208969116210938 -0.0828094482421875
-0.0798416137695312 0.0896759033203125 0.0103073120117187 -0.0875778198242188
-0.114273071289063 0.0284271240234375 0.0491905212402344 -0.0466194152832031
-0.107063293457031 -0.0853042602539063 0.0553207397460938 0.00644302368164062
-0.0635833740234375 -0.14141845703125 0.000311851501464839 0.00931358337402343
0.00854492187499999 -0.164459228515625 0.00374031066894531 -0.017329216003418
-0.0177001953125 -0.109367370605469 0.06158447265625 -0.202392578125
-0.049285888671875 -0.082427978515625 -0.0161972045898437 -0.129074096679687
-0.0678749084472656 -0.0412254333496094 -0.0132980346679688 -0.0342521667480469
-0.0705718994140625 0.00806427001953125 0.0243492126464844 -0.0402870178222656
-0.0489616394042969 0.0355987548828125 0.0156936645507812 -0.0746002197265625
-0.0184440612792969 0.0672798156738281 -0.021820068359375 -0.09100341796875
0.00315475463867188 0.0664176940917969 -0.0594711303710938 -0.092254638671875
0.002471923828125 0.0648918151855469 -0.0657501220703125 -0.0832061767578125
0.00214385986328125 0.0768356323242188 -0.06451416015625 -0.0930938720703125
-0.0220108032226563 0.0660514831542969 -0.02459716796875 -0.105827331542969
-0.0579948425292969 0.0424690246582031 0.0152816772460937 -0.0972747802734375
-0.0665473937988281 0.0020904541015625 0.0511589050292969 -0.0508651733398437
-0.05133056640625 -0.0573577880859375 0.0445938110351563 0.000976562499999997
-0.0307693481445312 -0.0815048217773437 -0.0106182098388672 -0.0202522277832031
0.00382232666015625 -0.10174560546875 0.0140151977539062 -0.0702896118164063
-0.0356636047363281 -0.0298004150390625 0.0603485107421875 -0.232345581054687
-0.0316810607910156 -0.0135307312011719 -0.0211334228515625 -0.149826049804688
-0.0162563323974609 0.00992393493652344 -0.0223541259765625 -0.040130615234375
-0.00581502914428711 0.00779819488525391 0.0176734924316406 -0.0423736572265625
-0.00417089462280273 0.000182628631591797 0.0156097412109375 -0.0704879760742188
-0.011749267578125 0.00965499877929688 -0.0200119018554687 -0.09765625
-0.0148611068725586 0.0131435394287109 -0.0621261596679688 -0.105049133300781
-0.0135202407836914 0.0160694122314453 -0.0703125 -0.0956573486328125
-0.0180892944335938 0.0227546691894531 -0.0635452270507812 -0.1080322265625
-0.0247535705566406 0.0107002258300781 -0.0211334228515625 -0.114967346191406
-0.0267066955566406 -0.00753593444824219 0.02337646484375 -0.0944366455078125
-0.0106620788574219 -0.0186061859130859 0.0528602600097656 -0.0464515686035156
0.00477218627929688 -0.0175600051879883 0.03497314453125 0.000501632690429686
-0.000587463378906251 -0.00997543334960938 -0.0129852294921875 -0.0373954772949219
-0.00565719604492187 -0.0243396759033203 0.0222854614257812 -0.101112365722656
0.0317955017089844 -0.0614242553710938 -0.00358581542968749 0.10919189453125
-0.0243949890136719 -0.0593643188476563 0.0165061950683594 0.0465202331542969
-0.05914306640625 -0.0254707336425781 -0.0225753784179688 -0.00931930541992188
-0.0471458435058594 0.0243949890136719 -0.056243896484375 0.0326347351074219
-0.0180244445800781 0.0475273132324219 -0.039459228515625 0.073150634765625
0.0230560302734375 0.0460662841796875 0.0155715942382813 0.108551025390625
0.0418586730957031 0.0352668762207031 0.0669631958007813 0.108184814453125
0.0324554443359375 0.0321502685546875 0.07147216796875 0.08966064453125
0.03558349609375 0.0364189147949219 0.0577316284179688 0.0950546264648438
0.0115432739257813 0.0492477416992187 0.0264816284179687 0.0926361083984375
-0.0267372131347656 0.0436744689941406 0.00079727172851562 0.0613822937011719
-0.051361083984375 0.00677490234374999 0.000885009765624997 0.041473388671875
-0.0340957641601563 -0.0466995239257813 0.0322456359863281 0.0611381530761719
0.002716064453125 -0.0626182556152344 0.037811279296875 0.150588989257813
0.0318222045898438 -0.0418205261230469 -0.066497802734375 0.24639892578125
0.0374908447265625 -0.135887145996094 -0.00267028808593749 0.0860061645507812
-0.0410079956054688 -0.119636535644531 0.00983047485351563 0.0383834838867187
-0.1015625 -0.0708999633789063 -0.016143798828125 -0.0103111267089844
-0.102455139160156 0.0219650268554687 -0.046539306640625 0.0209808349609375
-0.0580215454101562 0.0766525268554688 -0.0400657653808594 0.049896240234375
0.0146102905273437 0.0984573364257813 0.0025177001953125 0.0898971557617188
0.0548782348632813 0.0850753784179687 0.047698974609375 0.0927734375
0.0444488525390625 0.0783004760742188 0.055145263671875 0.0733413696289063
0.0509567260742188 0.0884857177734375 0.0421524047851563 0.0761947631835938
0.00974273681640626 0.098968505859375 0.0245895385742187 0.0683517456054688
-0.0572662353515625 0.085723876953125 0.00666046142578124 0.0366325378417969
-0.100662231445313 0.0234222412109375 0.0162715911865234 0.0289955139160156
-0.0844650268554688 -0.0826873779296875 0.0505294799804687 0.0580291748046875
-0.0314865112304688 -0.127197265625 0.0460662841796875 0.14459228515625
0.0319595336914063 -0.119850158691406 -0.0479736328125 0.230224609375
0.0381011962890625 -0.19171142578125 0.00665664672851563 0.040130615234375
-0.053619384765625 -0.166549682617187 0.00268268585205078 0.0164003372192383
-0.134422302246094 -0.10784912109375 -0.0124015808105469 -0.011530876159668
-0.147628784179688 0.0184783935546875 -0.0319633483886719 0.00987434387207031
-0.0926971435546875 0.0963516235351563 -0.0342617034912109 0.0217037200927735
0.00322723388671874 0.137947082519531 -0.0087127685546875 0.0584144592285156
0.059539794921875 0.121597290039063 0.0236129760742188 0.062896728515625
0.0504531860351563 0.112327575683594 0.0300865173339844 0.0461273193359375
0.0600051879882813 0.127326965332031 0.0190505981445313 0.04638671875
0.00991058349609376 0.135795593261719 0.0168170928955078 0.0335788726806641
-0.076995849609375 0.120071411132813 0.00940799713134765 0.0042257308959961
-0.136398315429688 0.04351806640625 0.0313682556152344 0.0100383758544922
-0.130416870117188 -0.102310180664063 0.0657081604003906 0.0475921630859375
-0.0670928955078125 -0.172653198242188 0.0472564697265625 0.12347412109375
0.0233917236328125 -0.180389404296875 -0.02972412109375 0.187957763671875
0.0308837890625 -0.219451904296875 0.0206394195556641 -0.0211238861083985
-0.0641937255859375 -0.18975830078125 -0.00485515594482422 -0.0172700881958008
-0.15362548828125 -0.125869750976563 -0.0108880996704102 -0.0137796401977539
-0.172653198242188 0.0160064697265625 -0.0133466720581055 -0.00224781036376953
-0.111862182617187 0.104644775390625 -0.0222034454345703 -0.0102176666259766
-0.0070953369140625 0.1568603515625 -0.0170803070068359 0.0170698165893555
0.0562362670898438 0.140174865722656 -0.00378227233886718 0.0227775573730469
0.0486831665039063 0.129158020019531 0.00111484527587891 0.0116548538208008
0.06121826171875 0.147079467773438 -0.0088663101196289 0.00990867614746095
0.00881958007812499 0.152587890625 0.00306224822998047 -0.00780963897705077
-0.08624267578125 0.137748718261719 0.00886154174804687 -0.0314788818359375
-0.152801513671875 0.0581207275390625 0.0407752990722656 -0.0130043029785156
-0.157470703125 -0.106338500976563 0.0709915161132812 0.0315475463867187
-0.093231201171875 -0.191314697265625 0.037933349609375 0.0887832641601563
0.0129241943359375 -0.211273193359375 -0.0153045654296875 0.124244689941406
0.0159454345703125 -0.214035034179687 0.0346755981445313 -0.0895309448242188
-0.07012939453125 -0.182205200195313 -0.0127067565917969 -0.0574111938476563
-0.150527954101562 -0.117828369140625 -0.0105514526367188 -0.0191535949707031
-0.167816162109375 0.0153350830078125 0.00487232208251952 -0.0165128707885742
-0.110626220703125 0.0969390869140625 -0.00733566284179688 -0.0414772033691406
-0.01397705078125 0.15081787109375 -0.0225963592529297 -0.0274677276611328
0.044525146484375 0.136009216308594 -0.0299930572509766 -0.0216331481933594
0.0391845703125 0.126480102539063 -0.0287647247314453 -0.0243415832519531
0.051239013671875 0.144378662109375 -0.0368080139160156 -0.0279312133789062
0.00300598144531251 0.145721435546875 -0.0129508972167969 -0.048065185546875
-0.0854339599609375 0.129608154296875 0.00568008422851562 -0.0647926330566406
-0.1453857421875 0.0552825927734375 0.0456390380859375 -0.034942626953125
-0.151626586914063 -0.0987548828125 0.06658935546875 0.015838623046875
-0.09423828125 -0.179977416992188 0.0188980102539062 0.048553466796875
0.00573730468750002 -0.207809448242187 -0.00644683837890625 0.0513458251953125
-0.00257873535156248 -0.176651000976563 0.046905517578125 -0.154647827148438
-0.06634521484375 -0.144500732421875 -0.0184249877929687 -0.0967941284179688
-0.120841979980469 -0.0875320434570313 -0.0112209320068359 -0.0262928009033203
-0.131553649902344 0.0141220092773438 0.0185756683349609 -0.0315208435058594
-0.0875091552734375 0.0734786987304688 0.00494384765625 -0.06524658203125
-0.0172348022460937 0.120346069335937 -0.0251960754394531 -0.0660514831542968
0.0269317626953125 0.110427856445313 -0.0511283874511719 -0.0620079040527344
0.02459716796875 0.104362487792969 -0.0533866882324219 -0.05706787109375
0.0321044921875 0.120674133300781 -0.0584373474121094 -0.0633277893066406
-0.00775909423828126 0.116142272949219 -0.0250778198242187 -0.08270263671875
-0.0760955810546875 0.0963363647460938 0.00542449951171875 -0.0885848999023438
-0.11517333984375 0.0344619750976563 0.047760009765625 -0.0494918823242187
-0.113739013671875 -0.0830917358398438 0.05572509765625 0.00413894653320312
-0.071014404296875 -0.141937255859375 -0.000615119934082036 0.00988292694091796
0.0031585693359375 -0.170669555664062 0.00215339660644531 -0.0184402465820313
-0.021087646484375 -0.111610412597656 0.0532684326171875 -0.207550048828125
-0.0530548095703125 -0.0833892822265625 -0.022796630859375 -0.130096435546875
-0.0716094970703125 -0.04107666015625 -0.0154705047607422 -0.0339546203613281
-0.0721511840820313 0.0116424560546875 0.0222206115722656 -0.0412101745605469
-0.048858642578125 0.0388984680175781 0.0125732421875 -0.075775146484375
-0.01513671875 0.0702552795410156 -0.0258255004882813 -0.0912246704101563
0.00662994384765625 0.0677032470703125 -0.0645065307617188 -0.090972900390625
0.00609207153320313 0.0666961669921875 -0.0702362060546875 -0.0817642211914063
0.00768280029296876 0.079010009765625 -0.0701141357421875 -0.0907821655273438
-0.0186805725097656 0.0691566467285156 -0.0298233032226562 -0.105857849121094
-0.0572128295898438 0.0473403930664062 0.010284423828125 -0.0988388061523438
-0.0680084228515625 0.00558471679687501 0.050140380859375 -0.0537910461425781
-0.0553932189941406 -0.0574073791503906 0.0450782775878906 -0.00132369995117188
-0.0348968505859375 -0.082733154296875 -0.0132236480712891 -0.0203342437744141
0.000595092773437512 -0.106155395507813 0.00984954833984375 -0.0731887817382812
-0.0350131988525391 -0.0293407440185547 0.0509796142578125 -0.239395141601563
-0.0322265625 -0.0135993957519531 -0.0287933349609375 -0.15185546875
-0.016047477722168 0.00906467437744141 -0.0249977111816406 -0.0391960144042969
-0.00676298141479492 0.00790643692016602 0.0160560607910156 -0.0434417724609375
-0.00516271591186523 0.000576972961425782 0.01263427734375 -0.0719375610351563
-0.0111007690429688 0.0106477737426758 -0.0244979858398438 -0.0986175537109375
-0.0145120620727539 0.0148887634277344 -0.068267822265625 -0.103752136230469
-0.0127086639404297 0.0179500579833984 -0.0753326416015625 -0.09423828125
-0.0164585113525391 0.0251235961914063 -0.0698089599609375 -0.106491088867188
-0.0242099761962891 0.0127964019775391 -0.0268936157226563 -0.115425109863281
-0.0279922485351563 -0.00453948974609375 0.0186767578125 -0.0963821411132813
-0.0126361846923828 -0.0180072784423828 0.0517425537109375 -0.0496025085449219
0.00372314453125 -0.0185184478759766 0.0354042053222656 -0.00143814086914063
-0.000169754028320312 -0.0114269256591797 -0.0161857604980469 -0.0381889343261719
-0.00606536865234375 -0.0268516540527344 0.0172958374023438 -0.105133056640625
0.0293540954589844 -0.0618095397949219 -1.52587890624979E-05 0.112327575683594
-0.0250701904296875 -0.0564994812011719 0.0191116333007813 0.0485954284667969
-0.0583915710449219 -0.022979736328125 -0.0225925445556641 -0.00880813598632812
-0.0456924438476562 0.0246734619140625 -0.0552978515625 0.03424072265625
-0.0162506103515625 0.0474967956542969 -0.0371856689453125 0.0745010375976563
0.0245895385742188 0.0443458557128906 0.0190353393554688 0.108139038085938
0.0433807373046875 0.0329780578613281 0.0706558227539063 0.106529235839844
0.0330104827880859 0.0301856994628906 0.07366943359375 0.0877532958984375
0.0363655090332031 0.03375244140625 0.0612335205078125 0.0936737060546875
0.0139656066894531 0.0477981567382813 0.0291748046875 0.0916671752929688
-0.0243988037109375 0.0442771911621094 0.00267791748046875 0.0610771179199219
-0.0509033203125 0.0085601806640625 0.00227737426757813 0.0419654846191406
-0.0356178283691406 -0.0450553894042969 0.0337982177734375 0.0603752136230469
-0.000213623046875002 -0.0616264343261719 0.041961669921875 0.150421142578125
0.0295448303222656 -0.0422515869140625 -0.0587005615234375 0.248214721679688
0.0331192016601563 -0.136878967285156 0.000358581542968754 0.0890960693359375
-0.0432586669921875 -0.116592407226563 0.0123062133789062 0.0411109924316406
-0.102874755859375 -0.06756591796875 -0.0166807174682617 -0.00991058349609375
-0.100715637207031 0.0250701904296875 -0.0455741882324219 0.0230178833007812
-0.0551986694335938 0.0776443481445313 -0.0398902893066406 0.0514793395996094
0.0180435180664063 0.0966720581054688 0.0055389404296875 0.0903701782226563
0.0581207275390625 0.0818405151367188 0.0518875122070313 0.091552734375
0.0465850830078125 0.0762557983398438 0.0571136474609375 0.0719528198242187
0.0540084838867188 0.0857467651367188 0.044891357421875 0.0755538940429688
0.0136032104492187 0.0972442626953125 0.0261192321777344 0.0675926208496094
-0.0531692504882812 0.0878448486328125 0.00708007812499999 0.0366592407226563
-0.0997390747070312 0.026611328125 0.0174217224121094 0.0289230346679688
-0.0883712768554688 -0.0800552368164062 0.0518569946289062 0.0564422607421875
-0.0364456176757813 -0.125625610351563 0.0499420166015625 0.144134521484375
0.0276718139648438 -0.121139526367188 -0.04217529296875 0.231201171875
0.0335235595703125 -0.19281005859375 0.00785064697265626 0.0434837341308594
-0.0565643310546875 -0.163131713867188 0.00398445129394531 0.0192050933837891
-0.137306213378906 -0.104118347167969 -0.0127725601196289 -0.0107736587524414
-0.146347045898438 0.0220489501953125 -0.0311145782470703 0.0117435455322266
-0.0894775390625 0.0988235473632813 -0.0341072082519531 0.0232810974121094
0.00856018066406249 0.136497497558594 -0.00656127929687499 0.0593910217285156
0.0644912719726563 0.118728637695313 0.02630615234375 0.0624771118164063
0.0540008544921875 0.109748840332031 0.0317039489746094 0.0448036193847656
0.065582275390625 0.124183654785156 0.0213699340820313 0.0466156005859375
0.0152206420898438 0.134567260742187 0.0170230865478516 0.0331745147705078
-0.0720062255859375 0.122909545898437 0.00973892211914062 0.00528240203857423
-0.135124206542969 0.047943115234375 0.0310230255126953 0.00919151306152344
-0.134651184082031 -0.0992355346679688 0.0659446716308594 0.0461502075195312
-0.0738372802734375 -0.170272827148438 0.05084228515625 0.122543334960937
0.0188751220703125 -0.182144165039063 -0.0255126953125 0.188003540039062
0.0261077880859375 -0.220413208007812 0.0202980041503906 -0.0182285308837891
-0.06884765625 -0.186965942382813 -0.00496482849121094 -0.0143194198608399
-0.157882690429688 -0.1217041015625 -0.0114965438842774 -0.0129461288452149
-0.171646118164063 0.020965576171875 -0.0134248733520508 -0.00112438201904297
-0.109039306640625 0.107177734375 -0.0233116149902344 -0.00861167907714843
-0.00100708007812499 0.156585693359375 -0.0156078338623047 0.0189552307128906
0.0615997314453125 0.1376953125 -0.00224876403808594 0.0234203338623047
0.0530853271484375 0.12762451171875 0.00156021118164063 0.0110673904418945
0.0672760009765625 0.144058227539063 -0.00784873962402344 0.0113334655761719
0.0148468017578125 0.152175903320313 0.00247716903686523 -0.00728321075439452
-0.08038330078125 0.140975952148438 0.00761222839355468 -0.0307483673095703
-0.151275634765625 0.063079833984375 0.0404396057128906 -0.0141448974609375
-0.16156005859375 -0.102890014648437 0.070892333984375 0.0299530029296875
-0.09906005859375 -0.188140869140625 0.0392837524414062 0.0883331298828125
0.00762939453125 -0.213424682617188 -0.0125198364257812 0.124275207519531
0.0116729736328125 -0.215988159179688 0.0323028564453125 -0.0882110595703125
-0.0741119384765625 -0.180419921875 -0.0141334533691406 -0.0546379089355469
-0.154983520507813 -0.115097045898438 -0.0113449096679688 -0.0184116363525391
-0.167526245117188 0.020843505859375 0.00434780120849608 -0.0161027908325195
-0.107582092285156 0.100334167480469 -0.00951385498046876 -0.0404701232910156
-0.00851440429687501 0.151199340820313 -0.0227031707763672 -0.0257530212402344
0.0498580932617188 0.134468078613281 -0.0302906036376953 -0.0200271606445312
0.04364013671875 0.125068664550781 -0.0289077758789062 -0.0234813690185547
0.0576629638671875 0.142135620117188 -0.0367851257324219 -0.0258293151855469
0.00869750976562501 0.145370483398438 -0.0147895812988281 -0.0472373962402344
-0.080352783203125 0.133041381835938 0.00299453735351563 -0.0635414123535156
-0.143997192382813 0.0598602294921875 0.0442543029785156 -0.0363960266113281
-0.155548095703125 -0.0957794189453125 0.0660133361816406 0.0139884948730469
-0.0997314453125 -0.177322387695313 0.0191116333007813 0.0485343933105469
0.00134277343749999 -0.210006713867188 -0.00546646118164063 0.0504722595214844
-0.00511169433593751 -0.178298950195312 0.0424957275390625 -0.154129028320313
-0.06988525390625 -0.143173217773437 -0.021514892578125 -0.095306396484375
-0.124931335449219 -0.0859375 -0.0124778747558594 -0.0259475708007813
-0.131324768066406 0.0178909301757812 0.0171604156494141 -0.0312786102294922
-0.0858612060546875 0.0761566162109375 0.00261306762695312 -0.0647315979003906
-0.0121612548828125 0.120697021484375 -0.0270004272460937 -0.0644760131835937
0.0314178466796875 0.110084533691406 -0.0524177551269531 -0.0594139099121094
0.0282363891601563 0.104240417480469 -0.0547714233398437 -0.0560073852539062
0.0373077392578125 0.119606018066406 -0.0595436096191406 -0.0604896545410156
-0.00313568115234375 0.116806030273438 -0.0278091430664063 -0.0811080932617187
-0.0724868774414062 0.0997772216796875 0.00212097167968749 -0.0875320434570313
-0.114585876464844 0.0382156372070313 0.0460243225097656 -0.0507888793945313
-0.116241455078125 -0.0812301635742188 0.0552940368652344 0.00231170654296875
-0.0753402709960937 -0.140296936035156 -0.00163650512695313 0.00998306274414062
-0.000595092773437514 -0.172515869140625 0.000179290771484374 -0.0196342468261719
-0.0221405029296875 -0.112617492675781 0.047576904296875 -0.20770263671875
-0.054534912109375 -0.0833816528320313 -0.0269393920898438 -0.128974914550781
-0.0736846923828125 -0.04150390625 -0.0169296264648437 -0.0332069396972656
-0.0727462768554688 0.0135040283203125 0.0210151672363281 -0.0411148071289063
-0.0481147766113281 0.0407981872558594 0.0100860595703125 -0.0758132934570313
-0.0123519897460938 0.0709152221679687 -0.0282363891601562 -0.0899429321289062
0.00899505615234375 0.0683097839355469 -0.0673141479492187 -0.08856201171875
0.00863265991210938 0.0670623779296875 -0.0722503662109375 -0.0796966552734375
0.0117645263671875 0.0794830322265625 -0.0723495483398438 -0.0877532958984375
-0.015167236328125 0.070556640625 -0.0329742431640625 -0.104209899902344
-0.0555953979492187 0.050262451171875 0.00675964355468749 -0.098358154296875
-0.0692100524902344 0.00807952880859374 0.0478477478027344 -0.0556411743164062
-0.058135986328125 -0.0563926696777344 0.0441970825195312 -0.00254058837890625
-0.0369949340820312 -0.0828170776367188 -0.0150337219238281 -0.02001953125
-0.00104522705078125 -0.1085205078125 0.00727081298828125 -0.0745773315429688
-0.0347042083740234 -0.0300045013427734 0.0442657470703125 -0.240280151367188
-0.0321311950683594 -0.0141029357910156 -0.0341644287109375 -0.150863647460938
-0.0157604217529297 0.00743293762207031 -0.026336669921875 -0.0385780334472656
-0.00699853897094727 0.00756216049194336 0.0144805908203125 -0.0435943603515625
-0.00591421127319336 0.000797271728515624 0.010589599609375 -0.0719451904296875
-0.0103769302368164 0.0122718811035156 -0.0276718139648437 -0.0983428955078125
-0.0139551162719727 0.0166540145874023 -0.0716094970703125 -0.102088928222656
-0.0117435455322266 0.0199680328369141 -0.078521728515625 -0.0919570922851563
-0.0150279998779297 0.0264034271240234 -0.073211669921875 -0.104255676269531
-0.0231685638427734 0.0149593353271484 -0.0303115844726563 -0.114158630371094
-0.0285205841064453 -0.00251007080078125 0.0152053833007812 -0.0958480834960938
-0.0142583847045898 -0.0171213150024414 0.0498504638671875 -0.0513038635253906
0.00247001647949219 -0.0196914672851562 0.0349502563476563 -0.00253105163574219
-0.000843048095703124 -0.0125503540039062 -0.0189208984375 -0.0385971069335938
-0.006072998046875 -0.0285530090332031 0.0128936767578125 -0.106964111328125
0.0288772583007813 -0.0619583129882813 0.00138854980468749 0.114959716796875
-0.0242996215820312 -0.05450439453125 0.0216102600097656 0.0503616333007812
-0.0576171875 -0.0222587585449219 -0.0223045349121094 -0.00879478454589844
-0.0446929931640625 0.0248870849609375 -0.0548744201660156 0.0349311828613281
-0.0155181884765625 0.0470390319824219 -0.0368804931640625 0.0747528076171875
0.0252838134765625 0.0426597595214844 0.0206375122070313 0.108222961425781
0.0439071655273438 0.0311470031738281 0.0719833374023438 0.106246948242188
0.0333003997802734 0.0293025970458984 0.07440185546875 0.08807373046875
0.0368766784667969 0.0326499938964844 0.062164306640625 0.0939102172851562
0.0148696899414062 0.0460777282714844 0.0295944213867187 0.091094970703125
-0.0227432250976563 0.0442543029785156 0.00271987915039063 0.0616645812988281
-0.0503349304199219 0.00930404663085937 0.00287246704101562 0.04180908203125
-0.0366134643554688 -0.0445823669433594 0.0342216491699219 0.060577392578125
-0.00214004516601563 -0.0606689453125 0.0435028076171875 0.151504516601563
0.0287208557128906 -0.0415382385253906 -0.058013916015625 0.249801635742188
0.0328826904296875 -0.137641906738281 0.00169372558593751 0.092498779296875
-0.0426483154296875 -0.114463806152344 0.0141181945800781 0.0435791015625
-0.102943420410156 -0.0668411254882813 -0.0163631439208984 -0.00977039337158203
-0.100357055664063 0.0255279541015625 -0.0453758239746094 0.0232772827148437
-0.0546798706054687 0.0783233642578125 -0.0397872924804688 0.0521697998046875
0.0199127197265625 0.09576416015625 0.00659179687499999 0.0910110473632812
0.0599441528320312 0.080413818359375 0.0535202026367187 0.0916595458984375
0.0473785400390625 0.0750808715820313 0.058258056640625 0.0716476440429688
0.0558090209960937 0.0845108032226563 0.0461654663085937 0.0761032104492188
0.0157928466796875 0.0971450805664063 0.0262489318847656 0.0675582885742188
-0.0512161254882812 0.088134765625 0.00698089599609374 0.0370140075683594
-0.0994033813476563 0.0279388427734375 0.0175304412841797 0.0286521911621094
-0.0901107788085938 -0.0798568725585938 0.052001953125 0.056671142578125
-0.038482666015625 -0.125152587890625 0.051544189453125 0.145065307617188
0.0270233154296875 -0.121612548828125 -0.041107177734375 0.231948852539063
0.0330657958984375 -0.19439697265625 0.00873184204101563 0.046722412109375
-0.0563812255859375 -0.1617431640625 0.00529861450195312 0.0219669342041016
-0.138961791992188 -0.103912353515625 -0.0127019882202149 -0.0101661682128906
-0.145339965820312 0.0231475830078125 -0.0313091278076172 0.0124855041503906
-0.0887069702148438 0.0993881225585937 -0.0351791381835938 0.0240058898925781
0.010711669921875 0.135810852050781 -0.00531387329101563 0.0605583190917969
0.066802978515625 0.117729187011719 0.0279350280761719 0.0629806518554688
0.0548095703125 0.1097412109375 0.0321540832519531 0.04473876953125
0.0681304931640625 0.122795104980469 0.02239990234375 0.0474929809570313
0.0174407958984375 0.134300231933594 0.0173206329345703 0.0331935882568359
-0.0695724487304688 0.124038696289062 0.00914955139160156 0.00558948516845704
-0.135086059570313 0.0492630004882813 0.0311012268066406 0.00939178466796875
-0.137191772460938 -0.098846435546875 0.0654716491699219 0.0457992553710938
-0.07568359375 -0.169677734375 0.0510025024414063 0.123481750488281
0.0184783935546875 -0.18365478515625 -0.024688720703125 0.188278198242187
0.0264434814453125 -0.222564697265625 0.0199699401855469 -0.0154762268066406
-0.0682220458984375 -0.186126708984375 -0.00424957275390625 -0.0118350982666016
-0.159423828125 -0.123062133789063 -0.0111989974975586 -0.0126733779907227
-0.171646118164063 0.02178955078125 -0.013127326965332 -0.000686645507812498
-0.108642578125 0.108604431152344 -0.02392578125 -0.00798416137695313
0.000976562499999993 0.15631103515625 -0.0147933959960938 0.0202751159667969
0.0643234252929687 0.137260437011719 -0.000949859619140623 0.0241260528564453
0.054229736328125 0.127288818359375 0.00171947479248047 0.0115518569946289
0.070648193359375 0.14300537109375 -0.00663185119628906 0.0126438140869141
0.01739501953125 0.151840209960938 0.00234603881835938 -0.00682449340820312
-0.0778350830078125 0.142257690429688 0.00694847106933593 -0.0301189422607422
-0.151840209960938 0.064666748046875 0.0398483276367187 -0.0145263671875
-0.164413452148437 -0.102371215820313 0.0701942443847656 0.0297470092773437
-0.101608276367188 -0.187789916992187 0.0395736694335938 0.0891036987304687
0.00706481933593751 -0.215530395507813 -0.0128250122070312 0.1236572265625
0.0126800537109375 -0.21844482421875 0.0320587158203125 -0.0860366821289063
-0.0739898681640625 -0.180572509765625 -0.0143547058105469 -0.0530128479003906
-0.157608032226562 -0.116470336914063 -0.0111465454101563 -0.0179805755615234
-0.16802978515625 0.021697998046875 0.00426101684570312 -0.0155181884765625
-0.10791015625 0.101638793945312 -0.0104713439941406 -0.0396881103515625
-0.00553894042968751 0.151031494140625 -0.0221843719482422 -0.0245227813720703
0.052154541015625 0.134529113769531 -0.0290279388427734 -0.0191516876220703
0.0452804565429687 0.125823974609375 -0.0288543701171875 -0.0236473083496094
0.0608367919921875 0.141586303710938 -0.0358390808105469 -0.024627685546875
0.0111083984375 0.145538330078125 -0.0151290893554688 -0.0466499328613281
-0.078155517578125 0.134597778320313 0.00238418579101562 -0.0625686645507812
-0.144363403320313 0.0611724853515625 0.0439300537109375 -0.0362739562988281
-0.158599853515625 -0.095611572265625 0.0653305053710937 0.0136680603027344
-0.101852416992188 -0.177581787109375 0.0185813903808594 0.0489578247070312
0.000732421874999989 -0.212432861328125 -0.005950927734375 0.0501251220703125
-0.0045928955078125 -0.180252075195313 0.0414276123046875 -0.152755737304688
-0.0701141357421875 -0.1446533203125 -0.0226058959960938 -0.0938949584960938
-0.127311706542969 -0.0875473022460938 -0.0127220153808594 -0.0253028869628906
-0.132476806640625 0.0189437866210938 0.0170459747314453 -0.0306339263916016
-0.0860977172851563 0.077667236328125 0.00136947631835937 -0.0643424987792969
-0.0104522705078125 0.12109375 -0.0271072387695312 -0.0632286071777344
0.0338821411132812 0.110725402832031 -0.052734375 -0.0589027404785156
0.0294113159179687 0.104759216308594 -0.05517578125 -0.0560264587402344
0.0408935546875 0.119590759277344 -0.0594482421875 -0.0594329833984375
-0.00127410888671875 0.117195129394531 -0.0287399291992187 -0.0809326171875
-0.071044921875 0.10186767578125 0.00102233886718749 -0.0868606567382813
-0.115440368652344 0.039031982421875 0.0455703735351562 -0.051300048828125
-0.11865234375 -0.0811309814453125 0.0549774169921875 0.00224685668945312
-0.0761871337890625 -0.141189575195313 -0.0025930404663086 0.0101108551025391
-0.000442504882812509 -0.176132202148438 -0.000392913818359374 -0.0202751159667969
-0.0212326049804688 -0.114753723144531 0.045684814453125 -0.207809448242188
-0.0547943115234375 -0.0849075317382813 -0.0291595458984375 -0.128921508789063
-0.0755996704101563 -0.0430068969726562 -0.0171012878417969 -0.0326824188232422
-0.0738296508789063 0.013916015625 0.0205001831054688 -0.040802001953125
-0.048919677734375 0.0416526794433594 0.0088653564453125 -0.0757217407226563
-0.0112838745117188 0.0716552734375 -0.0291061401367187 -0.0893096923828125
0.0103836059570312 0.069793701171875 -0.068023681640625 -0.0880661010742188
0.00945663452148437 0.0682792663574219 -0.072784423828125 -0.0803680419921875
0.0136566162109375 0.0795364379882813 -0.072784423828125 -0.0868682861328125
-0.0141220092773437 0.0713119506835938 -0.0338897705078125 -0.103912353515625
-0.05462646484375 0.0520172119140625 0.00552368164062499 -0.0973434448242188
-0.0695991516113281 0.00916671752929686 0.0472068786621094 -0.0555267333984375
-0.0594635009765625 -0.0572280883789063 0.0438804626464844 -0.00296783447265625
-0.0377731323242188 -0.0836105346679688 -0.0165824890136719 -0.0202732086181641
-0.00100708007812499 -0.110755920410156 0.00585174560546875 -0.0759124755859375
-0.0333938598632813 -0.0307750701904297 0.0428619384765625 -0.241470336914063
-0.0323371887207031 -0.0155544281005859 -0.03619384765625 -0.151702880859375
-0.0166311264038086 0.00609779357910156 -0.0266532897949219 -0.0383567810058594
-0.00751399993896484 0.00750207901000976 0.0142669677734375 -0.0437393188476563
-0.00687456130981445 0.00125551223754883 0.0100784301757813 -0.0717620849609375
-0.0104513168334961 0.01263427734375 -0.0283889770507813 -0.097869873046875
-0.0141277313232422 0.0178012847900391 -0.0732650756835937 -0.101844787597656
-0.0116329193115234 0.0206642150878906 -0.0796279907226563 -0.0923614501953125
-0.0141239166259766 0.0272598266601563 -0.07403564453125 -0.103446960449219
-0.0227260589599609 0.0158939361572266 -0.0314178466796875 -0.113090515136719
-0.0291175842285156 -0.00136566162109374 0.0142974853515625 -0.0953826904296875
-0.0148773193359375 -0.0162839889526367 0.0492324829101563 -0.0516738891601563
0.00174331665039063 -0.019989013671875 0.0347213745117188 -0.00302314758300781
-0.000820159912109373 -0.014007568359375 -0.0206031799316406 -0.0391921997070313
-0.005828857421875 -0.0304222106933594 0.0113372802734375 -0.108734130859375
0.0290756225585937 -0.0629234313964844 0.00183868408203125 0.119400024414063
-0.0233497619628906 -0.0542755126953125 0.0237808227539063 0.0534782409667969
-0.0577583312988281 -0.0228767395019531 -0.0224494934082031 -0.00881958007812501
-0.0453147888183594 0.0246467590332031 -0.0559120178222656 0.0360069274902344
-0.0161056518554687 0.0478935241699219 -0.0381088256835937 0.076629638671875
0.0261878967285156 0.0430793762207031 0.0203781127929687 0.110740661621094
0.0453338623046875 0.0304298400878906 0.0742950439453125 0.10894775390625
0.0337905883789063 0.0290298461914063 0.0756378173828125 0.0903549194335937
0.0377006530761719 0.032073974609375 0.0631561279296875 0.097015380859375
0.0151481628417969 0.0464897155761719 0.0297622680664062 0.0934829711914063
-0.0221786499023438 0.0449447631835938 0.00228118896484375 0.0629081726074219
-0.0513572692871094 0.00985717773437501 0.00262451171875 0.0428276062011719
-0.0377922058105469 -0.0450897216796875 0.0346565246582031 0.062774658203125
-0.00275421142578125 -0.0610084533691406 0.045074462890625 0.155853271484375
0.0293960571289063 -0.0419502258300781 -0.0608978271484375 0.254989624023438
0.03466796875 -0.141021728515625 0.00152587890625001 0.0974197387695312
-0.041107177734375 -0.115959167480469 0.0162773132324219 0.047332763671875
-0.10430908203125 -0.0687713623046875 -0.016383171081543 -0.00971794128417969
-0.101791381835938 0.0252761840820313 -0.04632568359375 0.0242576599121094
-0.0561981201171875 0.07952880859375 -0.0414276123046875 0.0535888671875
0.0209884643554688 0.09710693359375 0.00728607177734374 0.0933837890625
0.061737060546875 0.0812911987304688 0.0554733276367188 0.0941925048828125
0.0486984252929688 0.0768890380859375 0.0588912963867187 0.0739593505859375
0.057586669921875 0.0852508544921875 0.0474700927734375 0.0789871215820313
0.0164413452148437 0.098419189453125 0.0261154174804688 0.0697135925292969
-0.0514755249023437 0.0903244018554688 0.00696182250976562 0.0382766723632813
-0.101806640625 0.0284423828125 0.0179653167724609 0.0295143127441406
-0.0931015014648437 -0.0819473266601562 0.0523185729980469 0.05902099609375
-0.039886474609375 -0.127334594726563 0.0519561767578125 0.14947509765625
0.0287933349609375 -0.125022888183594 -0.044403076171875 0.237380981445313
0.03594970703125 -0.199356079101563 0.00926589965820313 0.0509147644042969
-0.054962158203125 -0.164840698242188 0.00659751892089843 0.0247974395751953
-0.141510009765625 -0.10760498046875 -0.0126256942749024 -0.0102558135986328
-0.148712158203125 0.0225372314453125 -0.0314216613769531 0.0131473541259766
-0.0912399291992187 0.101066589355469 -0.0367660522460938 0.0250282287597656
0.011383056640625 0.138092041015625 -0.00501251220703124 0.0628852844238281
0.0690689086914063 0.119873046875 0.0289840698242188 0.0651206970214844
0.056304931640625 0.11260986328125 0.0328598022460938 0.0459823608398438
0.0706100463867187 0.125160217285156 0.0235328674316406 0.0498733520507813
0.018402099609375 0.136932373046875 0.0170173645019531 0.0342674255371094
-0.0703582763671875 0.127090454101563 0.0092477798461914 0.0061941146850586
-0.139083862304688 0.05029296875 0.0316352844238281 0.00967025756835938
-0.141738891601563 -0.102203369140625 0.0663375854492187 0.0479240417480469
-0.078033447265625 -0.174301147460938 0.0516510009765625 0.127510070800781
0.02020263671875 -0.188812255859375 -0.027191162109375 0.192169189453125
0.029998779296875 -0.22894287109375 0.0210704803466797 -0.0126495361328125
-0.066802978515625 -0.19134521484375 -0.00366020202636719 -0.0100107192993164
-0.164291381835937 -0.12713623046875 -0.0111846923828125 -0.0126399993896484
-0.175430297851563 0.0213775634765625 -0.013575553894043 0.00015354156494141
-0.111625671386719 0.110877990722656 -0.0256576538085938 -0.00740623474121093
0.00151062011718749 0.159133911132813 -0.0146026611328125 0.0216522216796875
0.0668182373046875 0.140052795410156 0.000253677368164067 0.0250530242919922
0.0555877685546875 0.131317138671875 0.00235271453857422 0.0113258361816406
0.07330322265625 0.145553588867188 -0.00589370727539062 0.0133562088012695
0.0183563232421875 0.154876708984375 0.00191593170166016 -0.00656700134277343
-0.079254150390625 0.145782470703125 0.00678634643554687 -0.0300121307373047
-0.155746459960938 0.0654754638671875 0.0408859252929687 -0.0145225524902344
-0.169692993164063 -0.106597900390625 0.07086181640625 0.0315399169921875
-0.104049682617188 -0.192840576171875 0.0392379760742187 0.0921630859375
0.01007080078125 -0.222625732421875 -0.0147247314453125 0.126007080078125
0.0159149169921875 -0.225082397460938 0.0335159301757813 -0.0850830078125
-0.07330322265625 -0.186416625976563 -0.013885498046875 -0.0524139404296875
-0.16259765625 -0.121292114257813 -0.0114059448242188 -0.0179710388183594
-0.172454833984375 0.021240234375 0.00419425964355468 -0.0152616500854492
-0.1116943359375 0.103874206542969 -0.0116920471191406 -0.0396003723144531
-0.00588989257812499 0.1549072265625 -0.0219955444335938 -0.0237808227539062
0.0546112060546875 0.138114929199219 -0.029205322265625 -0.0191974639892578
0.0463485717773438 0.129959106445313 -0.0296573638916016 -0.0248394012451172
0.0636138916015625 0.144821166992188 -0.0358238220214844 -0.0245132446289062
0.0117034912109375 0.149276733398438 -0.0154609680175781 -0.0473213195800781
-0.079498291015625 0.138381958007812 0.00251388549804687 -0.0636482238769531
-0.149002075195312 0.062255859375 0.0442237854003906 -0.0369338989257813
-0.163482666015625 -0.0994110107421875 0.0660133361816406 0.0146331787109375
-0.103652954101563 -0.182785034179687 0.0180931091308594 0.0510330200195312
0.00376892089843748 -0.220046997070313 -0.00757217407226563 0.0505027770996094
-0.00154113769531249 -0.18634033203125 0.0438995361328125 -0.154312133789062
-0.0690155029296875 -0.14971923828125 -0.0226287841796875 -0.0955123901367188
-0.131996154785156 -0.0927810668945313 -0.0129737854003906 -0.0257720947265625
-0.136428833007813 0.0187225341796875 0.0171222686767578 -0.0311965942382813
-0.089508056640625 0.079742431640625 0.000522613525390618 -0.0649490356445313
-0.0103912353515625 0.1243896484375 -0.02655029296875 -0.0637283325195313
0.0352859497070313 0.114089965820313 -0.0530967712402344 -0.0599479675292969
0.0304718017578125 0.108978271484375 -0.0557365417480469 -0.0578956604003906
0.0431747436523438 0.12249755859375 -0.0597000122070313 -0.0603485107421875
-0.00041961669921874 0.120254516601563 -0.0290679931640625 -0.0818557739257813
-0.072540283203125 0.1043701171875 0.00147247314453125 -0.087615966796875
-0.11895751953125 0.0399398803710937 0.0466079711914062 -0.0518531799316406
-0.122482299804688 -0.0851364135742187 0.05535888671875 0.00284194946289062
-0.0779876708984375 -0.145431518554688 -0.00347614288330079 0.0103282928466797
0.00160217285156248 -0.18206787109375 -0.000970840454101562 -0.0216445922851563
-0.0191497802734375 -0.119338989257813 0.0483245849609375 -0.211624145507813
-0.0552291870117187 -0.0889205932617188 -0.0296783447265625 -0.131538391113281
-0.0790176391601562 -0.0462799072265625 -0.0174579620361328 -0.0338172912597656
-0.0763168334960938 0.0136337280273438 0.0212249755859375 -0.0418281555175781
-0.0512123107910156 0.0427818298339844 0.00888824462890625 -0.0768203735351563
-0.0111007690429688 0.073577880859375 -0.0288925170898437 -0.0907135009765625
0.0113143920898437 0.072479248046875 -0.06927490234375 -0.0902252197265625
0.009613037109375 0.0706024169921875 -0.0739669799804688 -0.0824661254882813
0.0149612426757812 0.08172607421875 -0.0737228393554688 -0.0886993408203125
-0.013946533203125 0.0734329223632813 -0.03436279296875 -0.105644226074219
-0.0558128356933594 0.0539627075195312 0.0057525634765625 -0.0993194580078125
-0.0721054077148438 0.00928497314453126 0.0480995178222656 -0.0565681457519531
-0.0612220764160156 -0.0593795776367188 0.0443077087402344 -0.00293350219726563
-0.0384445190429687 -0.0867156982421875 -0.0181713104248047 -0.0211238861083984
0.000572204589843757 -0.115669250488281 0.00544738769531249 -0.0788116455078125
-0.0323448181152344 -0.0331993103027344 0.0453948974609375 -0.246002197265625
-0.0324287414550781 -0.0174922943115234 -0.0372467041015625 -0.15576171875
-0.0173263549804687 0.00368118286132813 -0.0270729064941406 -0.0392913818359375
-0.0088348388671875 0.00715160369873047 0.01422119140625 -0.0446586608886719
-0.0077977180480957 0.00146484375 0.0110855102539063 -0.0738677978515625
-0.0111045837402344 0.0137109756469727 -0.0284500122070313 -0.100196838378906
-0.0141582489013672 0.0193748474121094 -0.0752944946289062 -0.10455322265625
-0.0112838745117188 0.0219230651855469 -0.0806808471679688 -0.095184326171875
-0.0135650634765625 0.0283870697021484 -0.0757904052734375 -0.105850219726563
-0.0233936309814453 0.0172157287597656 -0.03155517578125 -0.115341186523438
-0.0301532745361328 -0.000333786010742188 0.0147323608398437 -0.0968170166015625
-0.0161352157592773 -0.0166692733764648 0.0501365661621094 -0.0523033142089844
0.00153160095214844 -0.0217914581298828 0.0350074768066406 -0.00335884094238281
-0.000614166259765625 -0.0154685974121094 -0.0223960876464844 -0.0407447814941406
-0.00457954406738281 -0.0331554412841797 0.0119705200195313 -0.112197875976563
0.030059814453125 -0.0655097961425781 0.00351715087890626 0.127517700195313
-0.0234413146972656 -0.0552711486816406 0.0273361206054688 0.0574264526367187
-0.0598182678222656 -0.0229339599609375 -0.0233745574951172 -0.00893211364746094
-0.0469741821289063 0.0260276794433594 -0.0578765869140625 0.0385704040527344
-0.0161933898925781 0.05029296875 -0.0395355224609375 0.0806427001953125
0.0282974243164063 0.0432929992675781 0.0225982666015625 0.11578369140625
0.0474510192871094 0.0298690795898437 0.079559326171875 0.113197326660156
0.0355186462402344 0.0295867919921875 0.08001708984375 0.0952529907226563
0.0399665832519531 0.0322227478027344 0.06707763671875 0.102081298828125
0.01666259765625 0.0471687316894531 0.0311737060546875 0.0981369018554687
-0.0219764709472656 0.0472450256347656 0.00238037109375 0.0656547546386719
-0.053253173828125 0.0109825134277344 0.00279617309570312 0.0453605651855469
-0.0408592224121094 -0.0461540222167969 0.0373077392578125 0.0658111572265625
-0.00419616699218751 -0.0626068115234375 0.0492706298828125 0.164031982421875
0.030242919921875 -0.0438499450683594 -0.062744140625 0.268157958984375
0.03570556640625 -0.14813232421875 0.00322723388671875 0.104408264160156
-0.0418701171875 -0.11993408203125 0.0188140869140625 0.0507926940917969
-0.109664916992187 -0.0717086791992188 -0.0167484283447266 -0.00959587097167969
-0.10614013671875 0.0263442993164063 -0.0477943420410156 0.0260276794433594
-0.05828857421875 0.083770751953125 -0.04351806640625 0.05755615234375
0.0232925415039063 0.100135803222656 0.0089111328125 0.0981597900390625
0.0658111572265625 0.0831298828125 0.0596084594726563 0.0986251831054688
0.051666259765625 0.079864501953125 0.0622787475585938 0.0779800415039063
0.0618743896484375 0.0878143310546875 0.0509490966796875 0.0835342407226563
0.018402099609375 0.102073669433594 0.0274124145507813 0.07330322265625
-0.05194091796875 0.094970703125 0.00727081298828124 0.0400276184082031
-0.106948852539063 0.030517578125 0.0180644989013672 0.0310993194580078
-0.0997085571289063 -0.0850067138671875 0.0551834106445312 0.0618476867675781
-0.0441131591796875 -0.132064819335938 0.056488037109375 0.157745361328125
0.0298919677734375 -0.131820678710938 -0.0462188720703125 0.248916625976563
0.037811279296875 -0.209945678710937 0.0107536315917969 0.0560264587402344
-0.0565185546875 -0.172439575195313 0.00887870788574218 0.0283489227294922
-0.150039672851562 -0.111862182617188 -0.0132856369018555 -0.0105276107788086
-0.155380249023438 0.0245513916015625 -0.0325336456298828 0.0142631530761719
-0.0955429077148437 0.106605529785156 -0.0392570495605469 0.0277099609375
0.0140533447265625 0.144012451171875 -0.00396347045898438 0.0668869018554688
0.0745697021484375 0.124061584472656 0.0322799682617188 0.068267822265625
0.0600738525390625 0.117912292480469 0.0348243713378906 0.0484542846679688
0.0763320922851563 0.129104614257813 0.0258216857910156 0.0527687072753906
0.0213165283203125 0.142044067382813 0.0177803039550781 0.0362586975097656
-0.071441650390625 0.133697509765625 0.00953578948974609 0.00667190551757813
-0.145919799804688 0.0536651611328125 0.0325908660888672 0.0101222991943359
-0.150558471679688 -0.1063232421875 0.0687828063964844 0.0502738952636719
-0.083984375 -0.1817626953125 0.0548782348632813 0.134597778320313
0.0213623046875 -0.199996948242188 -0.0286865234375 0.201324462890625
0.0322265625 -0.242645263671875 0.0233135223388672 -0.0106487274169922
-0.0691680908203125 -0.20037841796875 -0.00262451171875001 -0.00847005844116212
-0.17388916015625 -0.132858276367187 -0.0117387771606445 -0.0130414962768555
-0.1837158203125 0.0235748291015625 -0.014164924621582 0.00063037872314453
-0.1173095703125 0.117095947265625 -0.028045654296875 -0.00619316101074218
0.00457763671875 0.166336059570313 -0.0139179229736328 0.0237884521484375
0.07257080078125 0.145904541015625 0.00148200988769532 0.0271167755126953
0.05987548828125 0.137619018554688 0.00242233276367188 0.0120868682861328
0.0795745849609375 0.151290893554687 -0.00534343719482421 0.0153932571411133
0.021209716796875 0.161651611328125 0.00201511383056641 -0.00634288787841796
-0.0806427001953125 0.15386962890625 0.00663185119628906 -0.0308361053466797
-0.163787841796875 0.0698394775390625 0.0416488647460937 -0.0150146484375
-0.180618286132812 -0.11077880859375 0.0739822387695313 0.0330810546875
-0.110687255859375 -0.20159912109375 0.0414810180664062 0.0971603393554687
0.0102691650390625 -0.23577880859375 -0.0160140991210938 0.132362365722656
0.018096923828125 -0.23907470703125 0.0353240966796875 -0.0869674682617188
-0.0764617919921875 -0.195770263671875 -0.0138664245605469 -0.0532722473144531
-0.172866821289063 -0.12713623046875 -0.0123443603515625 -0.0188865661621094
-0.181167602539063 0.0234527587890625 0.00395202636718749 -0.0159225463867188
-0.117782592773437 0.110618591308594 -0.0134735107421875 -0.0400199890136719
-0.00433349609375 0.162124633789063 -0.0217609405517578 -0.023294448852539
0.0599212646484375 0.144546508789063 -0.0287799835205078 -0.0190372467041015
0.0503616333007813 0.136764526367188 -0.030670166015625 -0.0258674621582031
0.0693206787109375 0.15087890625 -0.0366096496582031 -0.0244674682617187
0.014434814453125 0.155532836914063 -0.016265869140625 -0.0490455627441406
-0.081329345703125 0.14593505859375 0.00197601318359374 -0.06573486328125
-0.1563720703125 0.0663909912109375 0.0459785461425781 -0.0389633178710937
-0.173690795898438 -0.1038818359375 0.0685691833496094 0.0153045654296875
-0.111160278320313 -0.190872192382812 0.0180282592773437 0.0538787841796875
0.00367736816406252 -0.233123779296875 -0.0087738037109375 0.0527267456054687
-0.000488281250000015 -0.198226928710938 0.0456085205078125 -0.160568237304688
-0.0726776123046875 -0.158233642578125 -0.0242462158203125 -0.09820556640625
-0.14117431640625 -0.097412109375 -0.0135478973388672 -0.0269947052001953
-0.14373779296875 0.020233154296875 0.0173416137695312 -0.0326290130615234
-0.0952377319335938 0.0844192504882813 -0.000125885009765629 -0.0670242309570313
-0.00923919677734374 0.131149291992188 -0.0274887084960938 -0.0656509399414062
0.0389175415039063 0.119979858398438 -0.0553054809570312 -0.0621223449707031
0.0334930419921875 0.115074157714844 -0.0585670471191406 -0.060699462890625
0.0473861694335938 0.128273010253906 -0.0620498657226563 -0.062255859375
0.0013580322265625 0.126266479492188 -0.030609130859375 -0.0850906372070312
-0.0746383666992188 0.110755920410156 0.000869750976562498 -0.0908737182617188
-0.125389099121094 0.043182373046875 0.0478286743164062 -0.0543060302734375
-0.130111694335938 -0.0894088745117187 0.0576629638671875 0.00242233276367187
-0.0832672119140625 -0.152923583984375 -0.00522136688232422 0.0115060806274414
0.00231933593750001 -0.193588256835938 -0.00229454040527344 -0.0233688354492188
-0.0182723999023438 -0.126686096191406 0.0501556396484375 -0.2205810546875
-0.0576934814453125 -0.0944061279296875 -0.032562255859375 -0.137527465820313
-0.084930419921875 -0.04986572265625 -0.0188369750976563 -0.0354270935058594
-0.0814743041992188 0.014892578125 0.02099609375 -0.0441780090332031
-0.0553054809570313 0.0460929870605469 0.00853729248046874 -0.0795745849609375
-0.0111618041992188 0.0784988403320313 -0.0300064086914063 -0.0938568115234375
0.0128555297851562 0.0767974853515625 -0.0734024047851563 -0.0934600830078125
0.0117111206054688 0.075439453125 -0.0782241821289063 -0.0861740112304688
0.0176849365234375 0.0861358642578125 -0.0772628784179688 -0.09222412109375
-0.01312255859375 0.0775604248046875 -0.0362701416015625 -0.110183715820313
-0.058013916015625 0.0580787658691406 0.00521087646484374 -0.102668762207031
-0.0766220092773438 0.010345458984375 0.0501480102539062 -0.0592193603515625
-0.0656318664550781 -0.06292724609375 0.045806884765625 -0.00397491455078125
-0.041259765625 -0.092071533203125 -0.0208644866943359 -0.0217056274414063
0.000877380371093761 -0.123878479003906 0.00463867187499999 -0.0836944580078125
-0.032745361328125 -0.0361862182617187 0.046600341796875 -0.258071899414063
-0.0339336395263672 -0.0201892852783203 -0.04058837890625 -0.163330078125
-0.0193729400634766 0.00251960754394532 -0.0291938781738281 -0.0412788391113281
-0.0103216171264648 0.00740909576416016 0.0142440795898437 -0.0471572875976563
-0.00921344757080078 0.00150203704833984 0.0112457275390625 -0.0768814086914063
-0.0119075775146484 0.0153446197509766 -0.0302352905273438 -0.104301452636719
-0.0145492553710938 0.0216751098632813 -0.0795211791992188 -0.108726501464844
-0.0113487243652344 0.0237178802490234 -0.0857391357421875 -0.09991455078125
-0.0132179260253906 0.0308151245117187 -0.0797348022460938 -0.110755920410156
-0.0235729217529297 0.0189151763916016 -0.0334701538085938 -0.120895385742188
-0.032135009765625 0.000865936279296873 0.0141830444335938 -0.101234436035156
-0.0182170867919922 -0.0169734954833984 0.0519676208496094 -0.0550041198730469
0.000972747802734377 -0.0239467620849609 0.0362930297851563 -0.00416183471679688
-0.00139808654785156 -0.0180377960205078 -0.0255699157714844 -0.042877197265625
-0.0047607421875 -0.0365982055664063 0.0110855102539062 -0.119033813476563
0.0290985107421875 -0.0697898864746094 0.00797271728515624 0.136215209960938
-0.0246315002441406 -0.0562667846679688 0.0330390930175781 0.0606231689453125
-0.0629653930664062 -0.022003173828125 -0.0242519378662109 -0.00864219665527344
-0.0477371215820313 0.0282173156738281 -0.058807373046875 0.042633056640625
-0.0147018432617187 0.0533065795898438 -0.03887939453125 0.0868682861328125
0.0313301086425781 0.043853759765625 0.0282363891601563 0.121421813964844
0.050872802734375 0.0284957885742188 0.088348388671875 0.117080688476562
0.0381202697753906 0.02899169921875 0.0883407592773438 0.0983810424804688
0.0435943603515625 0.0315399169921875 0.0748367309570313 0.106536865234375
0.0194587707519531 0.0482215881347656 0.0356903076171875 0.1031494140625
-0.0197982788085938 0.0499267578125 0.00445938110351563 0.0692558288574219
-0.0555343627929687 0.0138206481933594 0.00486373901367187 0.0478172302246094
-0.0453758239746094 -0.046234130859375 0.0421333312988281 0.0689048767089844
-0.00754928588867187 -0.0646820068359375 0.058929443359375 0.1719970703125
0.0303077697753906 -0.0473289489746094 -0.0579833984375 0.2857666015625
0.0333404541015625 -0.158203125 0.007354736328125 0.112632751464844
-0.0463180541992188 -0.124626159667969 0.0240554809570313 0.0550003051757812
-0.118255615234375 -0.071533203125 -0.0176658630371094 -0.00974845886230469
-0.110549926757813 0.031097412109375 -0.049041748046875 0.0299110412597656
-0.0587005615234375 0.0906143188476562 -0.0443878173828125 0.0626792907714844
0.0290679931640625 0.104301452636719 0.0132980346679688 0.10369873046875
0.0733184814453125 0.0844879150390625 0.0676651000976563 0.102264404296875
0.0578689575195312 0.0820541381835938 0.0687179565429688 0.0808029174804688
0.0694046020507813 0.0898590087890625 0.0573654174804688 0.086944580078125
0.0235595703125 0.106208801269531 0.0309829711914062 0.0768356323242188
-0.0501708984375 0.101837158203125 0.0088348388671875 0.0419654846191406
-0.111968994140625 0.0365371704101562 0.0200901031494141 0.0326271057128906
-0.109344482421875 -0.085662841796875 0.0604820251464844 0.0642585754394531
-0.0519180297851562 -0.137115478515625 0.06536865234375 0.165115356445312
0.0271987915039063 -0.140472412109375 -0.0411224365234375 0.26513671875
0.0331268310546875 -0.224624633789063 0.0136680603027344 0.0612411499023437
-0.0633544921875 -0.17962646484375 0.012237548828125 0.0317668914794922
-0.162490844726563 -0.113494873046875 -0.0140266418457031 -0.0105381011962891
-0.163070678710938 0.030914306640625 -0.0337181091308594 0.0163097381591797
-0.0978164672851562 0.11627197265625 -0.0408821105957031 0.0317115783691406
0.021026611328125 0.151123046875 -0.000526428222656241 0.0711441040039063
0.0838775634765625 0.127799987792969 0.0377960205078125 0.0709762573242188
0.0684051513671875 0.122695922851562 0.0386619567871094 0.0506057739257813
0.0860671997070312 0.132606506347656 0.029571533203125 0.0560989379882813
0.02783203125 0.148544311523438 0.0195579528808594 0.0381317138671875
-0.0697784423828125 0.143508911132813 0.00986289978027343 0.00742053985595704
-0.152923583984375 0.061676025390625 0.0342884063720703 0.0104904174804688
-0.165420532226563 -0.107040405273438 0.0746994018554687 0.0514984130859375
-0.09600830078125 -0.187591552734375 0.06268310546875 0.140731811523438
0.0168914794921875 -0.213180541992187 -0.024627685546875 0.213836669921875
0.0269317626953125 -0.259246826171875 0.0248203277587891 -0.00995063781738283
-0.077606201171875 -0.210067749023438 -0.00138282775878907 -0.00618028640747072
-0.189849853515625 -0.135635375976563 -0.0130147933959961 -0.0137596130371094
-0.193923950195313 0.030914306640625 -0.015009880065918 0.00109195709228516
-0.120880126953125 0.128440856933594 -0.0309200286865234 -0.00402641296386717
0.010986328125 0.175064086914063 -0.0123310089111328 0.0265789031982422
0.0823974609375 0.15093994140625 0.00369644165039063 0.0286540985107422
0.068878173828125 0.143402099609375 0.00300407409667969 0.0130605697631836
0.0908355712890625 0.156082153320313 -0.00380134582519531 0.0174999237060547
0.0293121337890625 0.169754028320313 0.00191593170166016 -0.00620317459106444
-0.078643798828125 0.165939331054688 0.00571060180664062 -0.0321788787841797
-0.171676635742188 0.0796966552734375 0.0430908203125 -0.0168075561523437
-0.196731567382813 -0.111160278320313 0.0783233642578125 0.0328445434570312
-0.124771118164063 -0.208694458007812 0.0462646484375 0.102302551269531
0.00485229492187498 -0.25189208984375 -0.0135116577148438 0.13958740234375
0.0124969482421875 -0.255783081054688 0.0358428955078125 -0.091094970703125
-0.085418701171875 -0.206375122070313 -0.0161056518554688 -0.0538978576660156
-0.189605712890625 -0.130172729492188 -0.0138530731201172 -0.0200309753417969
-0.191162109375 0.030242919921875 0.00352764129638671 -0.0165462493896484
-0.121673583984375 0.121536254882813 -0.0163154602050781 -0.0403938293457031
0.00257873535156249 0.171249389648438 -0.0222034454345703 -0.0227432250976562
0.0694122314453125 0.150848388671875 -0.0310878753662109 -0.0190868377685547
0.059173583984375 0.1434326171875 -0.0333023071289062 -0.0263137817382812
0.0802764892578125 0.15655517578125 -0.0382537841796875 -0.0236587524414062
0.0219268798828125 0.164031982421875 -0.0186309814453125 -0.0508460998535156
-0.0803070068359375 0.157867431640625 -0.000453948974609372 -0.0688323974609375
-0.163848876953125 0.0765533447265625 0.0466232299804687 -0.0422935485839844
-0.188629150390625 -0.10504150390625 0.0718765258789062 0.014556884765625
-0.123580932617187 -0.197799682617188 0.0203323364257812 0.0572013854980469
-0.00164794921874999 -0.249267578125 -0.00811386108398438 0.0552558898925781
-0.00531005859374998 -0.212005615234375 0.0439605712890625 -0.169891357421875
-0.0809326171875 -0.166885375976563 -0.0287933349609375 -0.102081298828125
-0.154541015625 -0.09991455078125 -0.0165824890136719 -0.0282802581787109
-0.15252685546875 0.0263214111328125 0.0160541534423828 -0.0345516204833984
-0.0988388061523437 0.09368896484375 -0.00326538085937501 -0.0694236755371094
-0.00447082519531249 0.139137268066406 -0.0299339294433594 -0.0670928955078125
0.047119140625 0.126449584960938 -0.0599517822265625 -0.0633964538574218
0.040679931640625 0.121124267578125 -0.0638542175292969 -0.0627975463867188
0.0559844970703125 0.133216857910156 -0.0670318603515625 -0.0632171630859375
0.00723266601562501 0.133827209472656 -0.0350189208984375 -0.08880615234375
-0.0747528076171875 0.120597839355469 -0.00250244140625 -0.0954360961914062
-0.131889343261719 0.0498886108398438 0.0481414794921875 -0.0586891174316406
-0.142822265625 -0.0902099609375 0.0599327087402344 0.000881195068359369
-0.09344482421875 -0.1590576171875 -0.00665473937988282 0.0132122039794922
-0.0030975341796875 -0.2071533203125 -0.00400924682617187 -0.0256729125976563
-0.021881103515625 -0.136375427246094 0.045867919921875 -0.234375
-0.063690185546875 -0.100151062011719 -0.039154052734375 -0.14324951171875
-0.0930862426757813 -0.0516357421875 -0.0219039916992188 -0.0370368957519531
-0.0866470336914063 0.0183334350585937 0.0198707580566406 -0.0471649169921875
-0.0581932067871094 0.0512504577636719 0.00611877441406249 -0.0837631225585938
-0.00890350341796875 0.0837860107421875 -0.033599853515625 -0.097442626953125
0.0175628662109375 0.08221435546875 -0.08001708984375 -0.0963592529296875
0.0157546997070312 0.0801773071289063 -0.0852508544921875 -0.0894088745117188
0.0229644775390625 0.0905532836914063 -0.0842666625976563 -0.0946197509765625
-0.010101318359375 0.0828094482421875 -0.0415802001953125 -0.114639282226563
-0.059600830078125 0.0640144348144531 0.00208282470703124 -0.108184814453125
-0.0812911987304687 0.0140533447265625 0.0502281188964844 -0.0645599365234375
-0.0727386474609375 -0.0656585693359375 0.046966552734375 -0.0053863525390625
-0.0471343994140625 -0.0966110229492187 -0.024322509765625 -0.0218715667724609
-0.0026397705078125 -0.1334228515625 0.001251220703125 -0.0894775390625
-0.0341873168945313 -0.0384941101074219 0.0411224365234375 -0.274551391601563
-0.0363388061523438 -0.0216102600097656 -0.049407958984375 -0.171066284179687
-0.0213871002197266 0.00153732299804687 -0.0326461791992188 -0.042816162109375
-0.0112361907958984 0.00817489624023438 0.0122947692871094 -0.0503044128417969
-0.0110797882080078 0.00261020660400391 0.00917816162109375 -0.081329345703125
-0.0122671127319336 0.0175027847290039 -0.0350570678710938 -0.108299255371094
-0.0140647888183594 0.0248622894287109 -0.0880050659179688 -0.112525939941406
-0.0107097625732422 0.0264148712158203 -0.0937118530273437 -0.103469848632813
-0.0124397277832031 0.0336341857910156 -0.0880050659179688 -0.113922119140625
-0.0237674713134766 0.0215110778808594 -0.0391845703125 -0.125999450683594
-0.0336837768554688 0.00309562683105468 0.0118637084960937 -0.106254577636719
-0.0207691192626953 -0.0169334411621094 0.0528144836425781 -0.0598335266113281
-0.000585556030273435 -0.0264701843261719 0.0370292663574219 -0.00627517700195313
-0.00236320495605469 -0.0203342437744141 -0.0303306579589844 -0.0447616577148438
-0.00587081909179687 -0.0401191711425781 0.0076141357421875 -0.127601623535156
0.024993896484375 -0.074005126953125 0.0171051025390625 0.14349365234375
-0.0278167724609375 -0.0557632446289063 0.0400123596191406 0.062042236328125
-0.0657424926757813 -0.0185966491699219 -0.0250701904296875 -0.007232666015625
-0.0473785400390625 0.0318794250488281 -0.0576095581054687 0.0480499267578125
-0.0110931396484375 0.0564804077148438 -0.03509521484375 0.09307861328125
0.0353927612304688 0.0428390502929688 0.0367660522460937 0.12408447265625
0.0545730590820313 0.0249862670898438 0.0999069213867188 0.116256713867187
0.0411376953125 0.0267448425292969 0.0979385375976563 0.0979766845703125
0.0471687316894531 0.0287666320800781 0.0848464965820312 0.107391357421875
0.0233268737792969 0.0481452941894531 0.04254150390625 0.106285095214844
-0.01666259765625 0.0527114868164062 0.00843048095703126 0.0715713500976563
-0.0568199157714844 0.0183486938476563 0.00786972045898437 0.0497856140136719
-0.0500946044921875 -0.0439376831054688 0.04888916015625 0.0692062377929688
-0.0123672485351562 -0.0650634765625 0.073150634765625 0.175384521484375
0.0284385681152344 -0.0508079528808594 -0.0433349609375 0.301055908203125
0.024322509765625 -0.16693115234375 0.0154571533203125 0.119125366210937
-0.0538177490234375 -0.12640380859375 0.0303153991699219 0.0572090148925781
-0.126869201660156 -0.0668792724609375 -0.0187492370605469 -0.00914382934570313
-0.112701416015625 0.0389785766601562 -0.04833984375 0.033935546875
-0.0551300048828125 0.0979156494140625 -0.0424728393554687 0.0686798095703125
0.0371475219726563 0.105361938476562 0.0209503173828125 0.107101440429688
0.0818023681640625 0.0818023681640625 0.0773239135742188 0.102027893066406
0.06524658203125 0.0810775756835937 0.0765533447265625 0.0803298950195313
0.0779876708984375 0.08709716796875 0.065673828125 0.088714599609375
0.0314407348632812 0.108139038085938 0.0365371704101563 0.0784072875976563
-0.0441970825195312 0.108612060546875 0.0111808776855469 0.0435867309570313
-0.11474609375 0.0453109741210938 0.0229892730712891 0.0339698791503906
-0.120315551757812 -0.0811996459960938 0.0675544738769531 0.0637054443359375
-0.0625839233398438 -0.137992858886719 0.0790863037109375 0.168228149414063
0.0193023681640625 -0.149322509765625 -0.0274658203125 0.279342651367188
0.021514892578125 -0.237625122070313 0.018585205078125 0.0656814575195313
-0.0749359130859375 -0.18377685546875 0.0163841247558594 0.0342864990234375
-0.176345825195312 -0.108352661132813 -0.0152177810668945 -0.0106229782104492
-0.167816162109375 0.0413360595703125 -0.0341014862060547 0.0197486877441406
-0.094757080078125 0.128074645996094 -0.0411262512207031 0.0371856689453125
0.0320281982421875 0.154190063476563 0.00495910644531251 0.074615478515625
0.0960540771484375 0.126365661621094 0.0449676513671875 0.0714569091796875
0.0790634155273438 0.122726440429688 0.0439300537109375 0.0502510070800781
0.0993423461914063 0.131729125976563 0.0356636047363281 0.0579414367675781
0.0391845703125 0.1522216796875 0.0227813720703125 0.0393142700195313
-0.0621490478515625 0.153350830078125 0.00983905792236328 0.00724792480468751
-0.156173706054688 0.0742950439453125 0.0360298156738281 0.00974273681640626
-0.180068969726563 -0.100128173828125 0.080322265625 0.0498275756835937
-0.111312866210938 -0.18768310546875 0.074127197265625 0.143447875976563
0.00491333007812498 -0.22528076171875 -0.01434326171875 0.224273681640625
0.0130767822265625 -0.274429321289063 0.0254898071289063 -0.00967979431152345
-0.0911865234375 -0.2154541015625 -0.000482559204101568 -0.00437235832214357
-0.2069091796875 -0.130218505859375 -0.0148897171020508 -0.0135459899902344
-0.200088500976563 0.043670654296875 -0.0160608291625977 0.00292205810546875
-0.118743896484375 0.142623901367188 -0.032989501953125 -0.000490188598632811
0.0236053466796875 0.180450439453125 -0.00970268249511719 0.0289764404296875
0.096832275390625 0.151657104492188 0.00692176818847657 0.0295200347900391
0.0819549560546875 0.145156860351562 0.00394535064697266 0.0132684707641602
0.10565185546875 0.155319213867188 -0.00174713134765624 0.0190086364746094
0.0420989990234375 0.173583984375 0.00136280059814453 -0.00644969940185546
-0.07049560546875 0.177383422851563 0.00380516052246094 -0.0331172943115234
-0.174514770507813 0.0937652587890625 0.0432548522949219 -0.0190963745117187
-0.21307373046875 -0.103713989257813 0.082489013671875 0.0301666259765625
-0.142654418945313 -0.208663940429688 0.0543975830078125 0.10382080078125
-0.00965881347656249 -0.265304565429688 -0.00694274902343751 0.146499633789062
-0.00199890136718753 -0.269729614257813 0.0322036743164063 -0.0954742431640625
-0.0999298095703126 -0.211090087890625 -0.0186080932617188 -0.0530776977539063
-0.206985473632813 -0.124740600585938 -0.0165462493896484 -0.0200214385986328
-0.198226928710938 0.04327392578125 0.0014963150024414 -0.0172567367553711
-0.120697021484375 0.135818481445313 -0.0201225280761719 -0.0395240783691406
0.01422119140625 0.1778564453125 -0.0229072570800781 -0.0216445922851562
0.0838470458984375 0.152053833007813 -0.0320339202880859 -0.0179538726806641
0.0710906982421875 0.145858764648438 -0.0360984802246094 -0.0261039733886719
0.094757080078125 0.156524658203125 -0.0401496887207031 -0.0219306945800781
0.0344696044921875 0.169189453125 -0.0222282409667969 -0.0511131286621094
-0.073028564453125 0.169601440429688 -0.00470733642578125 -0.0710601806640625
-0.167312622070313 0.0896759033203125 0.04571533203125 -0.0460624694824219
-0.204376220703125 -0.097808837890625 0.0747299194335938 0.011322021484375
-0.141464233398437 -0.197708129882813 0.023406982421875 0.0588302612304687
-0.0162811279296875 -0.2625732421875 -0.0064697265625 0.0579185485839844
-0.017303466796875 -0.223922729492187 0.03558349609375 -0.178359985351562
-0.0932464599609375 -0.171127319335937 -0.035552978515625 -0.103401184082031
-0.169342041015625 -0.0958251953125 -0.019887924194336 -0.0286884307861328
-0.158157348632813 0.0368194580078125 0.0137367248535156 -0.0364952087402344
-0.0984344482421875 0.105186462402344 -0.00801849365234376 -0.0704345703125
0.00485229492187501 0.1456298828125 -0.0329093933105469 -0.0676689147949219
0.0584640502929687 0.128860473632813 -0.0652618408203125 -0.0623207092285156
0.0506362915039063 0.124473571777344 -0.0705108642578125 -0.0614547729492188
0.0676956176757813 0.134819030761719 -0.0725479125976563 -0.0614700317382812
0.0171051025390625 0.138389587402344 -0.0414657592773438 -0.09033203125
-0.0693435668945313 0.13055419921875 -0.00824737548828126 -0.0985870361328125
-0.135520935058594 0.0608978271484375 0.0455436706542969 -0.0633964538574219
-0.155044555664063 -0.086517333984375 0.0610122680664062 -0.00188827514648438
-0.107376098632813 -0.160049438476562 -0.00765419006347657 0.0151510238647461
-0.014892578125 -0.21832275390625 -0.00647354125976563 -0.0268802642822266
-0.0304718017578125 -0.143569946289063 0.0353546142578125 -0.246688842773437
-0.0721969604492187 -0.102729797363281 -0.050048828125 -0.146560668945313
-0.102554321289063 -0.049530029296875 -0.0261726379394531 -0.0374031066894531
-0.0905532836914062 0.024566650390625 0.01666259765625 -0.0495414733886719
-0.0588722229003906 0.0576400756835937 0.001007080078125 -0.0863723754882813
-0.00343322753906251 0.0886917114257813 -0.0395050048828125 -0.0989151000976563
0.025421142578125 0.0851058959960938 -0.0889053344726563 -0.0950698852539063
0.022125244140625 0.0831375122070313 -0.0949249267578125 -0.0886459350585938
0.0307159423828125 0.0926437377929688 -0.0930709838867188 -0.0936126708984375
-0.0043487548828125 0.0875167846679688 -0.0500946044921875 -0.116477966308594
-0.057403564453125 0.0714569091796875 -0.0044708251953125 -0.112136840820313
-0.0850830078125 0.0202255249023438 0.0482025146484375 -0.0698509216308594
-0.080902099609375 -0.0646209716796875 0.0472259521484375 -0.00812911987304688
-0.0554733276367188 -0.0983428955078125 -0.0287551879882813 -0.0206127166748047
-0.0104827880859375 -0.141098022460938 -0.00515747070312499 -0.0937118530273438
-0.036651611328125 -0.0399856567382813 0.026580810546875 -0.2886962890625
-0.0397796630859375 -0.0218887329101562 -0.06256103515625 -0.175704956054688
-0.0236339569091797 0.00138282775878906 -0.0379981994628906 -0.0426979064941406
-0.0125713348388672 0.008697509765625 0.00865554809570312 -0.0524635314941406
-0.0118436813354492 0.00414276123046875 0.005340576171875 -0.0849990844726563
-0.0113506317138672 0.0199432373046875 -0.0422439575195313 -0.110786437988281
-0.011962890625 0.0284061431884766 -0.0988616943359375 -0.1119384765625
-0.00882148742675781 0.0293312072753906 -0.104354858398437 -0.102500915527344
-0.0103225708007813 0.0366630554199219 -0.0985946655273437 -0.113410949707031
-0.022979736328125 0.0249233245849609 -0.0482559204101563 -0.128860473632813
-0.0351066589355469 0.00695991516113281 0.00617218017578125 -0.110443115234375
-0.0231304168701172 -0.0158138275146484 0.0506401062011719 -0.0658721923828125
-0.00296211242675781 -0.0286617279052734 0.0370140075683594 -0.00851821899414063
-0.00409889221191406 -0.0222568511962891 -0.0360946655273437 -0.0437507629394531
-0.00833892822265625 -0.0435028076171875 -0.000480651855468755 -0.134063720703125
0.0197982788085938 -0.0750350952148437 0.027069091796875 0.14569091796875
-0.0299720764160156 -0.0535354614257813 0.0464019775390625 0.060272216796875
-0.0663032531738281 -0.0139694213867187 -0.0252285003662109 -0.00599288940429687
-0.0452384948730469 0.0344696044921875 -0.0537147521972656 0.05181884765625
-0.00696182250976562 0.0573348999023438 -0.0294113159179688 0.09613037109375
0.0383987426757813 0.039215087890625 0.0445556640625 0.122200012207031
0.055572509765625 0.0199432373046875 0.108695983886719 0.109992980957031
0.0423164367675781 0.0237770080566406 0.105682373046875 0.093292236328125
0.0486907958984375 0.0247001647949219 0.093170166015625 0.103515625
0.0266304016113281 0.0456466674804688 0.0497970581054688 0.104713439941406
-0.0124053955078125 0.0534553527832031 0.0124282836914062 0.0723037719726563
-0.0556755065917969 0.0226669311523438 0.0114173889160156 0.0500640869140625
-0.0536422729492188 -0.0394630432128906 0.0546379089355469 0.0663337707519531
-0.0168914794921875 -0.063262939453125 0.0863800048828125 0.170623779296875
0.0248641967773438 -0.05242919921875 -0.024505615234375 0.3070068359375
0.0126800537109375 -0.170150756835938 0.0235519409179688 0.121604919433594
-0.0607986450195313 -0.123466491699219 0.036651611328125 0.0569381713867188
-0.131515502929688 -0.0586700439453125 -0.0189170837402344 -0.00827598571777344
-0.110908508300781 0.04595947265625 -0.0459785461425781 0.03778076171875
-0.0484695434570312 0.103134155273438 -0.0380172729492188 0.0729598999023438
0.0452804565429688 0.102203369140625 0.0288314819335937 0.10638427734375
0.0874404907226563 0.0749740600585938 0.08538818359375 0.0976104736328125
0.0706787109375 0.07696533203125 0.082763671875 0.0770721435546875
0.0844573974609375 0.081695556640625 0.0732269287109375 0.0861358642578125
0.0398178100585937 0.105499267578125 0.0414505004882812 0.0775299072265625
-0.03662109375 0.111747741699219 0.0137939453125 0.043426513671875
-0.112686157226563 0.0537796020507812 0.025115966796875 0.0332660675048828
-0.127349853515625 -0.0724868774414062 0.0724411010742187 0.0596847534179687
-0.072662353515625 -0.133193969726563 0.09136962890625 0.164230346679688
0.0100860595703125 -0.15283203125 -0.01031494140625 0.2833251953125
0.00608825683593749 -0.242156982421875 0.023345947265625 0.0672531127929687
-0.085906982421875 -0.180801391601563 0.0208778381347656 0.0349311828613281
-0.185562133789063 -0.0977325439453125 -0.0163431167602539 -0.00962638854980469
-0.166168212890625 0.0520477294921875 -0.0327129364013672 0.0221118927001953
-0.0873794555664062 0.136177062988281 -0.0390892028808594 0.041290283203125
0.043212890625 0.151947021484375 0.010986328125 0.0746231079101563
0.106338500976562 0.119522094726563 0.0510292053222656 0.0694313049316406
0.08807373046875 0.118385314941406 0.0472450256347656 0.0483016967773438
0.108940124511719 0.124549865722656 0.0409202575683594 0.0566978454589844
0.050323486328125 0.149673461914063 0.0254707336425781 0.0383415222167969
-0.051788330078125 0.15850830078125 0.0100307464599609 0.00673103332519532
-0.153045654296875 0.08624267578125 0.0364456176757812 0.00821304321289063
-0.189102172851562 -0.088592529296875 0.0842208862304687 0.04571533203125
-0.124420166015625 -0.180862426757813 0.0840682983398437 0.139869689941406
-0.00967407226562499 -0.229827880859375 -0.000213623046875001 0.227401733398437
-0.00439453124999997 -0.279296875 0.0255775451660156 -0.00881958007812502
-0.104598999023437 -0.212371826171875 0.000844478607177728 -0.00291824340820314
-0.218780517578125 -0.11785888671875 -0.0163097381591797 -0.0133657455444336
-0.19970703125 0.057281494140625 -0.0163812637329102 0.00455856323242188
-0.1112060546875 0.152542114257813 -0.0333366394042969 0.00359344482421876
0.03668212890625 0.179275512695313 -0.00616836547851563 0.0299453735351563
0.109085083007813 0.14471435546875 0.00963973999023438 0.0289878845214844
0.0921173095703125 0.141082763671875 0.00514698028564454 0.0133571624755859
0.117935180664063 0.1478271484375 0.000913619995117193 0.0198116302490234
0.0550384521484375 0.171371459960938 0.00115203857421875 -0.00581073760986327
-0.0587158203125 0.18353271484375 0.00104331970214844 -0.0335979461669922
-0.170883178710938 0.106674194335937 0.0418777465820312 -0.0211677551269531
-0.223556518554687 -0.0898590087890625 0.0849990844726562 0.0260848999023437
-0.157608032226563 -0.199813842773438 0.0613784790039062 0.102188110351562
-0.027008056640625 -0.26983642578125 0.0011749267578125 0.1484375
-0.0186309814453125 -0.275253295898438 0.02691650390625 -0.096099853515625
-0.113800048828125 -0.209197998046875 -0.0214271545410156 -0.0512351989746094
-0.219345092773438 -0.112518310546875 -0.0189895629882813 -0.0191020965576172
-0.197982788085938 0.05682373046875 -0.000527381896972669 -0.0162057876586914
-0.113357543945313 0.145675659179687 -0.0228500366210938 -0.0362281799316406
0.027191162109375 0.177078247070313 -0.0226936340332031 -0.0199031829833984
0.095550537109375 0.147232055664063 -0.0326366424560547 -0.0164222717285156
0.0823211669921875 0.143157958984375 -0.0384407043457031 -0.0241050720214844
0.107406616210938 0.150665283203125 -0.0406074523925781 -0.0194473266601562
0.046875 0.167282104492188 -0.0262031555175781 -0.0501899719238281
-0.0618438720703125 0.176071166992188 -0.0101089477539063 -0.0710601806640625
-0.163894653320312 0.102340698242188 0.0424156188964844 -0.0484161376953125
-0.214141845703125 -0.0846710205078125 0.07550048828125 0.00794982910156249
-0.1552734375 -0.189743041992188 0.0267181396484375 0.0592536926269531
-0.033660888671875 -0.26715087890625 -0.0031585693359375 0.0586585998535156
-0.0319366455078125 -0.228439331054688 0.025146484375 -0.181182861328125
-0.105010986328125 -0.169113159179687 -0.0421066284179688 -0.101211547851563
-0.180130004882813 -0.086578369140625 -0.0231761932373047 -0.0279560089111328
-0.158737182617188 0.0481109619140625 0.0106468200683594 -0.0363616943359375
-0.09368896484375 0.1142578125 -0.0126571655273438 -0.0684852600097656
0.0155792236328125 0.145919799804688 -0.0359077453613281 -0.0658187866210937
0.0693817138671875 0.125885009765625 -0.0692405700683594 -0.0583381652832031
0.0602645874023438 0.1229248046875 -0.0754165649414062 -0.0582275390625
0.0785751342773438 0.130577087402344 -0.07623291015625 -0.0569839477539063
0.0267181396484375 0.137733459472656 -0.047882080078125 -0.0878372192382812
-0.0603713989257813 0.1370849609375 -0.01519775390625 -0.0983657836914062
-0.133689880371094 0.0703659057617188 0.0414657592773437 -0.0662765502929688
-0.163848876953125 -0.076995849609375 0.0603713989257812 -0.00468063354492188
-0.11822509765625 -0.153854370117188 -0.00726127624511719 0.0168075561523437
-0.0292816162109375 -0.222869873046875 -0.00909423828125 -0.0272407531738281
-0.039093017578125 -0.145233154296875 0.019744873046875 -0.251510620117187
-0.07958984375 -0.101394653320312 -0.0596466064453125 -0.144073486328125
-0.1087646484375 -0.0443267822265625 -0.0306129455566406 -0.03582763671875
-0.0913619995117187 0.030670166015625 0.0125350952148437 -0.0498886108398438
-0.0564460754394531 0.0638236999511719 -0.004486083984375 -0.0860214233398438
0.00338745117187499 0.0896224975585938 -0.0449447631835937 -0.0972976684570313
0.0330352783203125 0.0843505859375 -0.0950851440429688 -0.0904006958007813
0.0291976928710937 0.0835418701171875 -0.101608276367188 -0.084014892578125
0.0383529663085938 0.0913467407226563 -0.0997390747070313 -0.0881729125976562
0.002349853515625 0.0882186889648438 -0.058319091796875 -0.114326477050781
-0.0531692504882812 0.0772476196289063 -0.0115966796875 -0.111663818359375
-0.0852890014648438 0.0265045166015625 0.043304443359375 -0.0731048583984375
-0.0874710083007813 -0.0605392456054688 0.0461082458496094 -0.00997543334960938
-0.0619964599609375 -0.0957565307617188 -0.0316219329833984 -0.0174064636230469
-0.0190887451171875 -0.144393920898438 -0.0116806030273437 -0.0948944091796875
-0.0383377075195313 -0.0396156311035156 0.00881958007812497 -0.2928466796875
-0.0420875549316406 -0.0205421447753906 -0.0752716064453125 -0.172988891601563
-0.0254669189453125 0.00157737731933594 -0.0417861938476563 -0.0405311584472656
-0.0131549835205078 0.00991153717041016 0.00434875488281249 -0.0526237487792969
-0.0122518539428711 0.00520515441894531 0.000144958496093756 -0.0853195190429688
-0.0101509094238281 0.0215435028076172 -0.0482406616210938 -0.10919189453125
-0.00882530212402344 0.0300884246826172 -0.107276916503906 -0.106170654296875
-0.0055389404296875 0.0308704376220703 -0.112403869628906 -0.0971832275390625
-0.00698471069335938 0.0378990173339844 -0.107086181640625 -0.108055114746094
-0.0208415985107422 0.0264472961425781 -0.0569610595703125 -0.126350402832031
-0.0346755981445313 0.0103893280029297 -0.00152587890625 -0.111541748046875
-0.025299072265625 -0.0137367248535156 0.0463790893554688 -0.0693511962890625
-0.00663948059082031 -0.0299873352050781 0.0354881286621094 -0.0104179382324219
-0.00604438781738281 -0.0226173400878906 -0.0408172607421875 -0.0406112670898438
-0.0113868713378906 -0.0450019836425781 -0.0101089477539062 -0.135787963867188
0.01580810546875 -0.0737533569335938 0.03314208984375 0.14544677734375
-0.0306930541992188 -0.0516586303710938 0.04986572265625 0.0574722290039063
-0.0649147033691406 -0.0106620788574219 -0.0247135162353516 -0.00518798828125
-0.0424575805664063 0.03582763671875 -0.0499114990234375 0.0529327392578125
-0.00347900390625 0.0570030212402344 -0.0249557495117187 0.09674072265625
0.0399131774902344 0.0360183715820313 0.048797607421875 0.118675231933594
0.0547904968261719 0.0161018371582031 0.112472534179688 0.103630065917969
0.0425376892089844 0.0207748413085938 0.10858154296875 0.0879669189453125
0.0490036010742188 0.0211257934570313 0.0974884033203125 0.0990371704101563
0.0284690856933594 0.0430717468261719 0.0531845092773437 0.101661682128906
-0.0090179443359375 0.05224609375 0.015167236328125 0.0711898803710938
-0.0538825988769531 0.0248947143554688 0.0138587951660156 0.0493736267089844
-0.0540390014648437 -0.0350799560546875 0.0571022033691406 0.0624771118164063
-0.0197906494140625 -0.0599327087402344 0.0929412841796875 0.163772583007813
0.0216102600097656 -0.0526199340820313 -0.01043701171875 0.3043212890625
0.00450134277343749 -0.168121337890625 0.0287322998046875 0.121665954589844
-0.063690185546875 -0.119422912597656 0.0403709411621094 0.0552482604980469
-0.1318359375 -0.0519180297851563 -0.0196933746337891 -0.00797271728515626
-0.107093811035156 0.04974365234375 -0.0434494018554688 0.0386848449707031
-0.0439071655273437 0.10394287109375 -0.0346450805664062 0.0744247436523438
0.049072265625 0.0976409912109375 0.03271484375 0.103370666503906
0.089813232421875 0.0687332153320313 0.0892410278320312 0.0924148559570313
0.0726852416992188 0.072784423828125 0.0853118896484375 0.07281494140625
0.0868682861328125 0.0751113891601563 0.0768203735351563 0.0828781127929687
0.0439834594726563 0.101364135742188 0.0442047119140625 0.075164794921875
-0.0303726196289063 0.111190795898438 0.0147666931152344 0.042724609375
-0.109230041503906 0.058746337890625 0.0264225006103516 0.0326938629150391
-0.129180908203125 -0.0645370483398438 0.0741958618164062 0.0562744140625
-0.07696533203125 -0.12677001953125 0.09808349609375 0.157760620117188
0.00305175781250002 -0.152313232421875 0.00154113769531252 0.28106689453125
-0.005523681640625 -0.240036010742188 0.0263748168945312 0.0682563781738281
-0.09112548828125 -0.17523193359375 0.0241527557373047 0.0347194671630859
-0.187942504882813 -0.088043212890625 -0.016937255859375 -0.00904178619384766
-0.161941528320313 0.058990478515625 -0.0316524505615234 0.0236530303955078
-0.0803070068359375 0.138999938964844 -0.03729248046875 0.0444488525390625
0.05029296875 0.146331787109375 0.0149307250976563 0.0727081298828125
0.11077880859375 0.112113952636719 0.0539588928222656 0.0662460327148438
0.092529296875 0.112716674804688 0.0489692687988281 0.0466575622558594
0.113670349121094 0.11627197265625 0.0441932678222656 0.0547637939453125
0.0570220947265625 0.144119262695313 0.026031494140625 0.0376968383789063
-0.0435791015625 0.158737182617187 0.00944995880126953 0.00679588317871095
-0.1480712890625 0.0922393798828125 0.0364646911621094 0.00767135620117188
-0.191390991210938 -0.0780487060546875 0.0850906372070312 0.0420684814453125
-0.129959106445313 -0.172042846679687 0.0893096923828125 0.134567260742188
-0.020050048828125 -0.228561401367188 0.00796508789062498 0.225326538085937
-0.017120361328125 -0.277572631835937 0.0252704620361328 -0.00741767883300783
-0.111068725585938 -0.206756591796875 0.00277304649353027 -0.00179100036621095
-0.22283935546875 -0.107437133789063 -0.0183219909667969 -0.0122756958007813
-0.19549560546875 0.0649566650390625 -0.0163431167602539 0.00614643096923828
-0.104049682617187 0.157058715820312 -0.0327377319335938 0.00647926330566407
0.045135498046875 0.173995971679688 -0.00349617004394531 0.0294513702392578
0.115669250488281 0.137161254882812 0.0115509033203125 0.0283679962158203
0.0977859497070312 0.135482788085938 0.0055379867553711 0.013066291809082
0.123458862304688 0.139839172363281 0.00286293029785157 0.0196323394775391
0.0624542236328125 0.165451049804688 0.000248432159423833 -0.00587940216064452
-0.04949951171875 0.183639526367187 -0.00116157531738282 -0.0329723358154297
-0.165298461914063 0.113357543945313 0.040435791015625 -0.0215225219726562
-0.2252197265625 -0.0785369873046875 0.0851364135742187 0.0231704711914062
-0.163009643554688 -0.18994140625 0.0651473999023437 0.0989532470703125
-0.0378265380859375 -0.268203735351562 0.00703430175781251 0.146621704101562
-0.030426025390625 -0.273101806640625 0.02264404296875 -0.0946273803710938
-0.120330810546875 -0.2041015625 -0.0219802856445313 -0.0487594604492188
-0.224227905273438 -0.102584838867187 -0.0212135314941406 -0.0174808502197266
-0.194549560546875 0.065155029296875 -0.00156879425048829 -0.014801025390625
-0.106887817382812 0.1510009765625 -0.0238819122314453 -0.0332393646240234
0.035797119140625 0.172805786132813 -0.0215072631835937 -0.0201969146728516
0.102668762207031 0.140113830566406 -0.0322589874267578 -0.0145931243896484
0.0885848999023437 0.138153076171875 -0.0389747619628906 -0.0224533081054688
0.113204956054688 0.14239501953125 -0.0400733947753906 -0.0175666809082031
0.05450439453125 0.162033081054688 -0.0276451110839844 -0.0481529235839844
-0.0526580810546875 0.176971435546875 -0.0134773254394531 -0.0691299438476562
-0.158233642578125 0.10821533203125 0.0393028259277344 -0.0484848022460937
-0.216705322265625 -0.0742950439453125 0.0743637084960937 0.00579833984375
-0.160491943359375 -0.181137084960937 0.0286064147949219 0.05792236328125
-0.0439910888671875 -0.265182495117188 -0.00158309936523438 0.0581016540527344
-0.040618896484375 -0.226547241210937 0.0175933837890625 -0.179275512695313
-0.110671997070312 -0.164794921875 -0.04547119140625 -0.0968856811523438
-0.18438720703125 -0.0787200927734375 -0.0259838104248047 -0.0257625579833984
-0.1563720703125 0.0545654296875 0.00812530517578124 -0.03533935546875
-0.0888748168945313 0.118621826171875 -0.0151519775390625 -0.0659713745117187
0.0229644775390625 0.142745971679687 -0.03680419921875 -0.0644111633300781
0.0759506225585937 0.121223449707031 -0.0702667236328125 -0.0552139282226563
0.0660934448242188 0.119041442871094 -0.0775833129882813 -0.0550613403320313
0.0849761962890625 0.125099182128906 -0.0771942138671875 -0.0533599853515625
0.034423828125 0.134429931640625 -0.0507354736328125 -0.0846710205078125
-0.0534286499023437 0.138778686523438 -0.0197067260742188 -0.0958633422851562
-0.130142211914063 0.07647705078125 0.0381202697753906 -0.0663719177246094
-0.1663818359375 -0.069488525390625 0.0592422485351562 -0.00593185424804688
-0.123123168945313 -0.146820068359375 -0.00700187683105469 0.0182304382324219
-0.0380706787109375 -0.221435546875 -0.0107326507568359 -0.0270843505859375
-0.044097900390625 -0.14422607421875 0.00886535644531248 -0.24853515625
-0.0831985473632812 -0.0986175537109375 -0.0654678344726562 -0.139076232910156
-0.112190246582031 -0.0403213500976563 -0.0330982208251953 -0.0330162048339844
-0.0900650024414063 0.0349197387695313 0.00981903076171875 -0.0484886169433594
-0.0537490844726562 0.0670509338378906 -0.00780487060546876 -0.0836181640625
0.00778961181640625 0.0885238647460938 -0.047271728515625 -0.09490966796875
0.0378341674804687 0.0820236206054688 -0.0981826782226563 -0.0856399536132812
0.0331497192382813 0.081787109375 -0.104560852050781 -0.0793991088867187
0.042724609375 0.08782958984375 -0.101882934570313 -0.0832061767578125
0.00683593749999999 0.0871124267578125 -0.0626220703125 -0.111228942871094
-0.0485153198242188 0.0795211791992187 -0.0169601440429688 -0.109695434570313
-0.0842361450195313 0.0308685302734375 0.0389556884765625 -0.0737762451171875
-0.0901031494140625 -0.0569839477539062 0.0448074340820313 -0.0107650756835938
-0.0655746459960937 -0.0921783447265625 -0.0324897766113281 -0.0145797729492188
-0.0252838134765625 -0.144012451171875 -0.0161361694335938 -0.094268798828125
-0.0388717651367188 -0.0400390625 -0.00354003906250001 -0.290191650390625
-0.0432167053222656 -0.019927978515625 -0.082611083984375 -0.167633056640625
-0.0265560150146484 0.00199508666992188 -0.0442237854003906 -0.0373802185058594
-0.0140438079833984 0.010101318359375 0.00168228149414062 -0.05078125
-0.0132522583007813 0.0070648193359375 -0.00307464599609375 -0.0841140747070313
-0.00896072387695312 0.0219135284423828 -0.0513916015625 -0.10626220703125
-0.0062408447265625 0.0306625366210938 -0.110733032226563 -0.100212097167969
-0.003936767578125 0.0312862396240234 -0.116157531738281 -0.0919265747070312
-0.00461959838867187 0.0386314392089844 -0.110969543457031 -0.102729797363281
-0.018585205078125 0.0279979705810547 -0.0616378784179688 -0.12274169921875
-0.0338077545166016 0.0130901336669922 -0.00617218017578126 -0.109489440917969
-0.0261306762695313 -0.0119724273681641 0.0419769287109375 -0.0703048706054688
-0.00930976867675781 -0.0301437377929688 0.0338287353515625 -0.0107212066650391
-0.00764274597167969 -0.0234832763671875 -0.0428962707519531 -0.0372962951660156
-0.0130805969238281 -0.0460700988769531 -0.0165557861328125 -0.135368347167969
0.0135040283203125 -0.072296142578125 0.035980224609375 0.145553588867188
-0.0301094055175781 -0.0499954223632813 0.0517539978027344 0.0566139221191406
-0.0630531311035156 -0.00993728637695312 -0.0242633819580078 -0.00522041320800781
-0.0412330627441406 0.0356101989746094 -0.0486946105957031 0.0525093078613281
-0.001708984375 0.0561180114746094 -0.02301025390625 0.09613037109375
0.0396919250488281 0.0335540771484375 0.0502853393554687 0.116363525390625
0.0530281066894531 0.0137138366699219 0.11297607421875 0.100753784179687
0.0411643981933594 0.0196075439453125 0.109268188476562 0.08685302734375
0.0476799011230469 0.0191802978515625 0.0986785888671875 0.0978775024414063
0.0287857055664062 0.0414276123046875 0.0541229248046875 0.100730895996094
-0.00784683227539063 0.0508499145507813 0.0157661437988281 0.07025146484375
-0.0526466369628906 0.0261039733886719 0.0150222778320312 0.0495071411132812
-0.05389404296875 -0.032684326171875 0.0577545166015625 0.0605316162109375
-0.0206565856933594 -0.0578498840332031 0.095184326171875 0.159805297851563
0.019927978515625 -0.0519561767578125 -0.00552368164062501 0.301849365234375
0.000595092773437516 -0.1663818359375 0.0316390991210937 0.122444152832031
-0.0636825561523438 -0.116973876953125 0.0426864624023437 0.0544471740722656
-0.131263732910156 -0.0494766235351563 -0.0196189880371094 -0.00757789611816406
-0.104469299316406 0.0504989624023437 -0.0421714782714844 0.0388336181640625
-0.0404739379882812 0.104133605957031 -0.033050537109375 0.0756378173828125
0.050689697265625 0.0939788818359375 0.0342636108398438 0.101417541503906
0.089569091796875 0.0651779174804688 0.0899200439453125 0.0898818969726563
0.0733184814453125 0.0705184936523437 0.0858688354492188 0.0713882446289063
0.08721923828125 0.0710906982421875 0.0784835815429688 0.08148193359375
0.0452804565429688 0.0982284545898438 0.04449462890625 0.07464599609375
-0.0277252197265625 0.110221862792969 0.0147895812988281 0.0421867370605469
-0.107131958007813 0.060089111328125 0.0270442962646484 0.032522201538086
-0.128684997558594 -0.0607757568359375 0.0745086669921875 0.0542984008789062
-0.0782470703125 -0.122894287109375 0.099456787109375 0.153900146484375
-0.000366210937500012 -0.151168823242188 0.005828857421875 0.27783203125
-0.0100250244140625 -0.238540649414063 0.0282135009765625 0.0695343017578125
-0.091461181640625 -0.172866821289063 0.0262088775634766 0.0350399017333984
-0.187759399414063 -0.0842437744140625 -0.0181350708007813 -0.00875663757324219
-0.159515380859375 0.060821533203125 -0.0305595397949219 0.0247840881347656
-0.0764694213867188 0.140373229980469 -0.0354881286621094 0.0455780029296875
0.0523834228515625 0.142379760742188 0.016387939453125 0.0711288452148438
0.111968994140625 0.106788635253906 0.0549545288085938 0.0644607543945313
0.093597412109375 0.110084533691406 0.0489921569824219 0.0456390380859375
0.114639282226563 0.111824035644531 0.0457649230957031 0.0538558959960938
0.0594329833984375 0.140228271484375 0.0260009765625 0.0373878479003906
-0.0396575927734375 0.157485961914062 0.00864505767822265 0.00671577453613282
-0.14605712890625 0.094390869140625 0.0364875793457031 0.00803756713867188
-0.191436767578125 -0.0732727050781249 0.0852127075195312 0.0407867431640625
-0.131072998046875 -0.1669921875 0.09039306640625 0.131752014160156
-0.023956298828125 -0.227554321289062 0.0112762451171875 0.222991943359375
-0.0217132568359375 -0.276412963867188 0.0259761810302734 -0.00582313537597658
-0.11328125 -0.204498291015625 0.00395464897155761 -0.000889062881469739
-0.224456787109375 -0.102569580078125 -0.0200386047363281 -0.0115680694580078
-0.193023681640625 0.0673370361328125 -0.0161771774291992 0.00719928741455078
-0.100265502929687 0.158706665039063 -0.0319385528564453 0.00865364074707032
0.0482940673828125 0.16973876953125 -0.00212860107421875 0.0284366607666016
0.11712646484375 0.131553649902344 0.0125617980957031 0.0277805328369141
0.0998306274414063 0.133308410644531 0.0053997039794922 0.0128755569458008
0.12554931640625 0.134620666503906 0.0044384002685547 0.0197410583496094
0.0650177001953125 0.161117553710938 -0.000114917755126949 -0.00553798675537108
-0.0450897216796875 0.182662963867188 -0.0023651123046875 -0.0319766998291015
-0.16253662109375 0.115631103515625 0.039459228515625 -0.020599365234375
-0.224822998046875 -0.073577880859375 0.0847549438476562 0.02239990234375
-0.163619995117188 -0.184707641601563 0.0655441284179687 0.097137451171875
-0.043304443359375 -0.2667236328125 0.00836181640625001 0.144729614257812
-0.034759521484375 -0.273101806640625 0.0216903686523438 -0.09295654296875
-0.121902465820312 -0.201889038085938 -0.0212211608886719 -0.0468025207519531
-0.225784301757812 -0.098358154296875 -0.0229282379150391 -0.0166721343994141
-0.192535400390625 0.0683441162109375 -0.00186347961425782 -0.0135002136230469
-0.10400390625 0.153457641601563 -0.0241317749023438 -0.0306072235107422
0.0391998291015625 0.169387817382813 -0.0209369659423828 -0.0197372436523437
0.105690002441406 0.135726928710938 -0.0314998626708984 -0.0144462585449219
0.09063720703125 0.135627746582031 -0.0394554138183594 -0.0214309692382812
0.115470886230469 0.137779235839844 -0.0390090942382812 -0.0169715881347656
0.0570526123046875 0.157867431640625 -0.0289039611816406 -0.0469818115234375
-0.04815673828125 0.176284790039063 -0.0150413513183594 -0.0676078796386719
-0.156021118164063 0.11053466796875 0.0379486083984375 -0.04766845703125
-0.216476440429688 -0.07061767578125 0.0744857788085937 0.00533294677734375
-0.160812377929688 -0.176620483398437 0.0295448303222656 0.0575103759765625
-0.0486602783203125 -0.2646484375 -0.0012664794921875 0.0571975708007812
-0.04351806640625 -0.226730346679687 0.014892578125 -0.177093505859375
-0.112823486328125 -0.16339111328125 -0.045806884765625 -0.0951614379882813
-0.186676025390625 -0.07501220703125 -0.0279045104980469 -0.0242233276367188
-0.1552734375 0.0578155517578125 0.00716972351074218 -0.0336017608642578
-0.0866012573242188 0.121063232421875 -0.0159454345703125 -0.0640068054199219
0.0258407592773438 0.14013671875 -0.0361480712890625 -0.0642738342285156
0.0791778564453125 0.117424011230469 -0.0704879760742188 -0.053863525390625
0.0684432983398438 0.117149353027344 -0.0784072875976563 -0.0536880493164062
0.0869216918945313 0.120811462402344 -0.0768203735351563 -0.0527801513671875
0.0366058349609375 0.13134765625 -0.0526504516601563 -0.0828933715820312
-0.0497894287109375 0.139175415039063 -0.0216827392578125 -0.0942916870117187
-0.128677368164063 0.0782928466796875 0.0360984802246094 -0.0659408569335938
-0.167037963867188 -0.0659332275390625 0.0587501525878906 -0.00558090209960938
-0.12322998046875 -0.143997192382813 -0.00688743591308595 0.0186882019042969
-0.0412445068359375 -0.221359252929688 -0.0115528106689453 -0.0267696380615235
-0.0453338623046875 -0.144729614257813 0.00503540039062498 -0.245880126953125
-0.0842819213867187 -0.097991943359375 -0.0674514770507812 -0.136322021484375
-0.114219665527344 -0.0383834838867187 -0.0346164703369141 -0.0313682556152344
-0.0897445678710937 0.0371246337890625 0.00845718383789062 -0.0470390319824219
-0.0533485412597656 0.068511962890625 -0.00875854492187501 -0.0822601318359375
0.00907135009765625 0.0869522094726563 -0.0470352172851563 -0.0939712524414063
0.0404129028320312 0.0801239013671875 -0.0980606079101563 -0.0832595825195312
0.035308837890625 0.080902099609375 -0.105728149414063 -0.0772933959960937
0.0444107055664062 0.0864639282226562 -0.102241516113281 -0.0814132690429687
0.0094146728515625 0.0852890014648438 -0.0638809204101562 -0.10845947265625
-0.045928955078125 0.0803375244140625 -0.0186309814453125 -0.107833862304688
-0.0838699340820313 0.03240966796875 0.0367889404296875 -0.0728378295898437
-0.0921707153320313 -0.055267333984375 0.0437240600585937 -0.0103721618652344
-0.0664291381835938 -0.090850830078125 -0.0326099395751953 -0.0130081176757813
-0.0273590087890625 -0.1448974609375 -0.0181350708007813 -0.0936965942382813
-0.0380477905273438 -0.0410652160644531 -0.00823974609375001 -0.287628173828125
-0.0433807373046875 -0.0204963684082031 -0.0853118896484375 -0.1644287109375
-0.02801513671875 0.00197601318359375 -0.0453910827636719 -0.0349769592285156
-0.0145998001098633 0.0115776062011719 0.000434875488281251 -0.04925537109375
-0.013789176940918 0.00766563415527344 -0.00396728515625001 -0.0833816528320312
-0.008392333984375 0.0219783782958984 -0.052520751953125 -0.105155944824219
-0.00438690185546875 0.0305252075195313 -0.111175537109375 -0.0982284545898438
-0.00261497497558594 0.031402587890625 -0.117408752441406 -0.0898666381835938
-0.00286483764648437 0.0382270812988281 -0.112159729003906 -0.100006103515625
-0.0173149108886719 0.0282840728759766 -0.0631179809570312 -0.120361328125
-0.0330791473388672 0.0150051116943359 -0.00769805908203126 -0.107894897460938
-0.0272178649902344 -0.0108470916748047 0.0397262573242187 -0.0699729919433594
-0.0108661651611328 -0.0303974151611328 0.0328998565673828 -0.0104351043701172
-0.00804519653320313 -0.0236988067626953 -0.0435523986816406 -0.0355186462402344
-0.0139045715332031 -0.0472755432128906 -0.0189208984375 -0.133857727050781
0.013092041015625 -0.0718002319335938 0.0374908447265625 0.148880004882812
-0.0290489196777344 -0.0501937866210937 0.0537528991699219 0.0567703247070313
-0.0625762939453125 -0.00992202758789062 -0.0248374938964844 -0.00549507141113281
-0.0407829284667969 0.0351371765136719 -0.0486831665039062 0.0526390075683594
-0.000907897949218748 0.0560035705566406 -0.0231170654296875 0.097442626953125
0.0400657653808594 0.0324440002441406 0.05029296875 0.116806030273438
0.05242919921875 0.0130500793457031 0.114372253417969 0.10162353515625
0.0409736633300781 0.0195732116699219 0.111427307128906 0.0881423950195313
0.0478706359863281 0.0185470581054688 0.100723266601562 0.0996856689453125
0.0287284851074219 0.0408210754394531 0.0544815063476563 0.102592468261719
-0.00720977783203125 0.0505447387695312 0.0157012939453125 0.0712203979492188
-0.0524826049804688 0.0264320373535156 0.0152168273925781 0.0498123168945312
-0.0535621643066406 -0.0315628051757813 0.058349609375 0.0604171752929688
-0.0208244323730469 -0.0571632385253906 0.0956878662109375 0.160430908203125
0.0195503234863281 -0.0521125793457031 -0.00573730468749999 0.3048095703125
0.000198364257812486 -0.16717529296875 0.03326416015625 0.125968933105469
-0.0629501342773438 -0.118370056152344 0.0447998046875 0.0549736022949219
-0.131599426269531 -0.0495758056640625 -0.02069091796875 -0.00782203674316407
-0.10504150390625 0.05084228515625 -0.042694091796875 0.0392951965332031
-0.0400543212890625 0.105300903320313 -0.032623291015625 0.0767288208007812
0.0508804321289062 0.0925369262695313 0.0344390869140625 0.101982116699219
0.0898056030273438 0.063751220703125 0.0912551879882813 0.09075927734375
0.073883056640625 0.0712966918945313 0.0873870849609375 0.072906494140625
0.0880279541015625 0.0705795288085938 0.0803604125976563 0.0830459594726562
0.0461578369140625 0.097442626953125 0.0449752807617187 0.0764236450195313
-0.0275344848632812 0.110595703125 0.0137443542480469 0.0431060791015625
-0.108543395996094 0.0619583129882812 0.0278244018554687 0.0332565307617188
-0.129646301269531 -0.0605545043945312 0.0758895874023438 0.0548858642578125
-0.0780487060546875 -0.123046875 0.10028076171875 0.15472412109375
-0.000793457031249992 -0.1534423828125 0.00588989257812502 0.28167724609375
-0.0106964111328125 -0.241180419921875 0.0297622680664062 0.073150634765625
-0.09149169921875 -0.175582885742187 0.0281295776367187 0.0359001159667969
-0.1907958984375 -0.0848236083984375 -0.0195369720458984 -0.00876426696777344
-0.160659790039063 0.06121826171875 -0.031219482421875 0.0251674652099609
-0.0770111083984375 0.142593383789063 -0.0353431701660156 0.047149658203125
0.0534820556640625 0.14154052734375 0.0166854858398437 0.0711441040039063
0.113235473632813 0.105247497558594 0.0565376281738281 0.0647354125976563
0.094970703125 0.111236572265625 0.0499305725097656 0.046539306640625
0.115859985351563 0.111297607421875 0.0470809936523438 0.0547676086425781
0.05999755859375 0.139945983886719 0.025909423828125 0.0379905700683594
-0.0392608642578125 0.158416748046875 0.00743436813354492 0.00738811492919923
-0.147903442382813 0.0961456298828125 0.0368423461914062 0.00894546508789063
-0.193222045898438 -0.073516845703125 0.086639404296875 0.041351318359375
-0.131591796875 -0.167800903320312 0.0915298461914063 0.132888793945313
-0.0245819091796875 -0.2315673828125 0.010955810546875 0.22564697265625
-0.0226287841796875 -0.280517578125 0.0266857147216797 -0.00359153747558595
-0.113006591796875 -0.208358764648438 0.0055093765258789 0.000199317932128894
-0.227920532226563 -0.103302001953125 -0.0218868255615234 -0.011199951171875
-0.195083618164063 0.069000244140625 -0.0164432525634766 0.00818061828613282
-0.10101318359375 0.161911010742188 -0.0318012237548828 0.0101737976074219
0.0491943359375 0.170074462890625 -0.00180625915527343 0.0279979705810547
0.119483947753906 0.130714416503906 0.0135002136230469 0.0274257659912109
0.10174560546875 0.134750366210938 0.0051565170288086 0.0134162902832031
0.127578735351563 0.134780883789063 0.00530433654785157 0.0199489593505859
0.0660400390625 0.161270141601563 -0.000430583953857418 -0.00498151779174804
-0.0440673828125 0.184677124023438 -0.00351715087890625 -0.0319080352783203
-0.16546630859375 0.117340087890625 0.0405006408691406 -0.0197219848632812
-0.228317260742187 -0.0742950439453125 0.0863418579101562 0.02313232421875
-0.163589477539063 -0.1864013671875 0.0666122436523437 0.0977249145507813
-0.0434417724609375 -0.2718505859375 0.00805664062500001 0.1463623046875
-0.0353240966796875 -0.277816772460938 0.0224533081054687 -0.0919189453125
-0.123199462890625 -0.206512451171875 -0.0205192565917969 -0.0465164184570313
-0.231094360351563 -0.0992431640625 -0.0254478454589844 -0.0156955718994141
-0.195602416992187 0.0698089599609375 -0.00203227996826173 -0.0122318267822266
-0.104476928710937 0.157318115234375 -0.0243339538574219 -0.0298881530761719
0.0396881103515625 0.169540405273438 -0.0201778411865234 -0.0210475921630859
0.108085632324219 0.13470458984375 -0.0312843322753906 -0.0150299072265625
0.0930938720703125 0.137550354003906 -0.0408554077148438 -0.0219039916992187
0.117431640625 0.138236999511719 -0.0385932922363281 -0.01751708984375
0.058441162109375 0.158203125 -0.0299453735351562 -0.0474395751953125
-0.0475311279296875 0.178619384765625 -0.0162506103515625 -0.0680770874023437
-0.158798217773437 0.112869262695313 0.0384902954101562 -0.047119140625
-0.2197265625 -0.0715484619140625 0.0757980346679687 0.00609588623046875
-0.161178588867187 -0.178970336914063 0.0296554565429687 0.058258056640625
-0.0497283935546875 -0.269805908203125 -0.0015411376953125 0.0574417114257812
-0.0443267822265625 -0.231613159179688 0.0155792236328125 -0.17791748046875
-0.114456176757813 -0.167755126953125 -0.0460205078125 -0.0954513549804688
-0.191513061523437 -0.075286865234375 -0.0300521850585938 -0.0232334136962891
-0.157516479492188 0.059326171875 0.00700378417968749 -0.0327167510986328
-0.0876541137695313 0.124435424804687 -0.01556396484375 -0.0637664794921875
0.026092529296875 0.140655517578125 -0.0359039306640625 -0.0657691955566406
0.0815277099609375 0.116783142089844 -0.0706634521484375 -0.055023193359375
0.0703887939453125 0.118667602539063 -0.0800323486328125 -0.054656982421875
0.0885391235351562 0.121574401855469 -0.0775146484375 -0.0536956787109375
0.0375137329101562 0.130958557128906 -0.0526123046875 -0.0838623046875
-0.0491790771484375 0.141204833984375 -0.022552490234375 -0.0951461791992188
-0.13055419921875 0.0799560546875 0.0363006591796875 -0.0658302307128906
-0.170242309570313 -0.06805419921875 0.059844970703125 -0.00522232055664063
-0.124176025390625 -0.145828247070313 -0.00718879699707032 0.0198211669921875
-0.0423126220703125 -0.225753784179688 -0.012420654296875 -0.0276279449462891
-0.045806884765625 -0.148605346679687 0.00527954101562498 -0.248443603515625
-0.0859527587890625 -0.101310729980469 -0.0680999755859375 -0.137496948242188
-0.117713928222656 -0.0383758544921875 -0.0360527038574219 -0.0303916931152344
-0.0919189453125 0.0384445190429688 0.00820159912109375 -0.0461654663085937
-0.0540008544921875 0.0711517333984375 -0.00858306884765626 -0.08270263671875
0.00980377197265626 0.0875930786132813 -0.047271728515625 -0.0961380004882812
0.0424728393554687 0.0797042846679687 -0.099456787109375 -0.0845184326171875
0.037200927734375 0.0818634033203125 -0.108009338378906 -0.078887939453125
0.0460739135742188 0.0866165161132813 -0.1036376953125 -0.082855224609375
0.00933074951171875 0.085540771484375 -0.0651092529296875 -0.109359741210938
-0.0454177856445313 0.082122802734375 -0.019439697265625 -0.108177185058594
-0.0857009887695312 0.033599853515625 0.036956787109375 -0.0733108520507813
-0.0938339233398438 -0.0563812255859375 0.0452995300292969 -0.00950241088867188
-0.0665359497070313 -0.0922698974609375 -0.0330982208251953 -0.0123291015625
-0.028564453125 -0.148284912109375 -0.019012451171875 -0.0953750610351563
-0.0380630493164062 -0.0433616638183594 -0.00845336914062498 -0.290374755859375
-0.0442237854003906 -0.0216331481933594 -0.0866546630859375 -0.165969848632813
-0.0296611785888672 0.00178527832031251 -0.0462379455566406 -0.0343208312988281
-0.0156440734863281 0.0121030807495117 0.000129699707031252 -0.0488395690917969
-0.0146970748901367 0.00828170776367188 -0.00461578369140626 -0.084320068359375
-0.00865554809570313 0.0229778289794922 -0.0518569946289062 -0.106971740722656
-0.00359535217285157 0.0309200286865234 -0.112754821777344 -0.099365234375
-0.00196075439453125 0.0324211120605469 -0.119377136230469 -0.0911636352539062
-0.00252151489257812 0.0390396118164063 -0.113723754882813 -0.101676940917969
-0.0171546936035156 0.0290908813476563 -0.0639495849609375 -0.121788024902344
-0.0329570770263672 0.0153980255126953 -0.00778198242187499 -0.108169555664063
-0.0286788940429688 -0.0100421905517578 0.0393524169921875 -0.0707626342773438
-0.0127410888671875 -0.0315265655517578 0.0334262847900391 -0.00995826721191406
-0.00928306579589843 -0.02490234375 -0.0448684692382813 -0.0345306396484375
-0.0147628784179687 -0.0494766235351563 -0.0200958251953125 -0.136573791503906
0.0132598876953125 -0.0727462768554688 0.04119873046875 0.154815673828125
-0.0295028686523437 -0.051361083984375 0.0570793151855469 0.0587081909179688
-0.06396484375 -0.01031494140625 -0.0261459350585938 -0.00622749328613281
-0.0416831970214844 0.0354652404785156 -0.0496406555175781 0.0544013977050781
0.000522613525390629 0.0573348999023438 -0.0225448608398437 0.100837707519531
0.0414962768554688 0.032073974609375 0.051513671875 0.120620727539063
0.0529937744140625 0.0123329162597656 0.119552612304688 0.103919982910156
0.0420646667480469 0.0194587707519531 0.116836547851563 0.0914535522460938
0.0488357543945313 0.0174789428710937 0.1063232421875 0.103355407714844
0.0295944213867188 0.0407752990722656 0.056884765625 0.106437683105469
-0.00727081298828126 0.0513420104980469 0.016021728515625 0.073516845703125
-0.0543479919433594 0.028167724609375 0.0166893005371094 0.051971435546875
-0.0546073913574219 -0.0315322875976562 0.0606422424316406 0.0618667602539063
-0.0217437744140625 -0.0572853088378906 0.1002197265625 0.164154052734375
0.0191459655761719 -0.0535964965820313 -0.00399780273437499 0.31549072265625
-0.00122070312499999 -0.172378540039062 0.0362472534179688 0.131927490234375
-0.064727783203125 -0.12225341796875 0.0478057861328125 0.0570411682128906
-0.137107849121094 -0.0506439208984375 -0.0227527618408203 -0.00794219970703125
-0.108177185058594 0.0524368286132813 -0.0433502197265625 0.0413436889648438
-0.039764404296875 0.108818054199219 -0.0332107543945313 0.0797805786132812
0.0531158447265625 0.0936965942382813 0.0354843139648438 0.104469299316406
0.0927810668945313 0.0635299682617188 0.09588623046875 0.0927886962890625
0.0765609741210938 0.0724105834960937 0.0913772583007813 0.0760040283203125
0.0914154052734375 0.0709915161132812 0.0853500366210938 0.0862579345703125
0.0478591918945313 0.0991592407226563 0.0463638305664063 0.0791778564453125
-0.027374267578125 0.11376953125 0.0136032104492187 0.0450286865234375
-0.1124267578125 0.0652084350585937 0.0294303894042969 0.0348243713378906
-0.134185791015625 -0.0613479614257812 0.0786895751953125 0.0558242797851562
-0.0809402465820312 -0.125312805175781 0.104965209960938 0.1590576171875
-0.0028076171875 -0.159347534179688 0.00744628906249999 0.291259765625
-0.0133209228515625 -0.249420166015625 0.03192138671875 0.077178955078125
-0.0940399169921875 -0.181793212890625 0.0308303833007812 0.03753662109375
-0.198501586914063 -0.0864105224609375 -0.0220413208007813 -0.00840568542480469
-0.165878295898438 0.0639495849609375 -0.03131103515625 0.0270919799804688
-0.0772705078125 0.148544311523438 -0.0362167358398438 0.0502204895019531
0.05633544921875 0.144256591796875 0.0176010131835937 0.0731887817382813
0.117424011230469 0.106071472167969 0.0591049194335938 0.0660247802734375
0.099456787109375 0.114646911621094 0.0522232055664063 0.0486259460449219
0.121162414550781 0.112632751464844 0.0505638122558594 0.0570793151855469
0.0630035400390625 0.142669677734375 0.0266838073730469 0.0400161743164063
-0.0389556884765625 0.1636962890625 0.00685548782348633 0.00795269012451173
-0.153427124023438 0.101333618164063 0.0390357971191406 0.00952529907226563
-0.200851440429688 -0.0748443603515625 0.09002685546875 0.0415496826171875
-0.135711669921875 -0.1728515625 0.0949554443359375 0.136177062988281
-0.027801513671875 -0.240188598632813 0.01275634765625 0.23333740234375
-0.02618408203125 -0.291168212890625 0.0286884307861328 -0.00171089172363283
-0.1185302734375 -0.216506958007813 0.00755167007446288 0.000774860382080065
-0.238235473632813 -0.104812622070312 -0.0246162414550781 -0.00992584228515626
-0.201644897460937 0.0726470947265625 -0.0165719985961914 0.00968456268310548
-0.102691650390625 0.170272827148438 -0.0324668884277344 0.0121746063232422
0.05194091796875 0.173187255859375 -0.00133132934570312 0.0283241271972656
0.124862670898438 0.131988525390625 0.01458740234375 0.0278415679931641
0.107025146484375 0.13836669921875 0.00503063201904298 0.0145492553710938
0.132774353027344 0.136940002441406 0.00665664672851563 0.020294189453125
0.0692901611328125 0.16485595703125 -0.00114393234252929 -0.00470638275146483
-0.0438079833984375 0.190994262695312 -0.00481033325195313 -0.032379150390625
-0.171066284179687 0.123733520507813 0.0419502258300781 -0.0201301574707031
-0.237075805664063 -0.0760345458984375 0.0902481079101563 0.0225601196289063
-0.169815063476563 -0.191970825195313 0.0689849853515625 0.100669860839844
-0.046905517578125 -0.283355712890625 0.00892639160156249 0.151229858398438
-0.038330078125 -0.289031982421875 0.0230636596679687 -0.0940170288085938
-0.128753662109375 -0.214889526367188 -0.0203590393066406 -0.04766845703125
-0.241836547851563 -0.10076904296875 -0.028310775756836 -0.0144271850585938
-0.202529907226563 0.074127197265625 -0.00208377838134767 -0.0112495422363281
-0.107315063476562 0.164993286132813 -0.0250148773193359 -0.0296154022216797
0.0424346923828125 0.173934936523438 -0.0207252502441406 -0.0225200653076172
0.113739013671875 0.136383056640625 -0.0318508148193359 -0.0155105590820312
0.09808349609375 0.141632080078125 -0.042938232421875 -0.022491455078125
0.122940063476562 0.141082763671875 -0.040008544921875 -0.0184211730957031
0.0612640380859375 0.161941528320313 -0.0318222045898437 -0.0485343933105469
-0.0467376708984375 0.185165405273437 -0.0181388854980469 -0.0691871643066406
-0.164810180664063 0.118621826171875 0.039520263671875 -0.0482101440429687
-0.229156494140625 -0.072784423828125 0.078948974609375 0.00572967529296874
-0.167388916015625 -0.18408203125 0.0306243896484375 0.0605087280273437
-0.0528564453125 -0.28118896484375 -0.00188827514648438 0.0584945678710937
-0.047210693359375 -0.241607666015625 0.015045166015625 -0.182952880859375
-0.119781494140625 -0.174835205078125 -0.0478363037109375 -0.09747314453125
-0.201400756835937 -0.076751708984375 -0.0322494506835938 -0.0219211578369141
-0.163177490234375 0.0633697509765625 0.00681686401367187 -0.0324535369873047
-0.0904083251953125 0.131385803222656 -0.0164527893066406 -0.0646934509277343
0.0281219482421875 0.144729614257813 -0.0367088317871094 -0.0686149597167969
0.0859451293945313 0.118179321289062 -0.0733642578125 -0.0565567016601562
0.0750198364257813 0.122901916503906 -0.084075927734375 -0.056304931640625
0.0932159423828125 0.124267578125 -0.0805892944335938 -0.0557403564453125
0.039581298828125 0.134437561035156 -0.0559310913085937 -0.0867156982421875
-0.0486297607421875 0.146484375 -0.0247650146484375 -0.09686279296875
-0.135772705078125 0.0845870971679688 0.0372734069824219 -0.0675849914550781
-0.178054809570313 -0.0694122314453125 0.0628471374511719 -0.00564956665039063
-0.128555297851563 -0.151031494140625 -0.00761413574218751 0.0204219818115234
-0.0453643798828125 -0.235763549804688 -0.0135383605957031 -0.0299835205078125
-0.0481414794921875 -0.155288696289063 0.00347900390625003 -0.256484985351563
-0.090118408203125 -0.105674743652344 -0.0716094970703125 -0.141220092773438
-0.123764038085938 -0.0389862060546875 -0.0383529663085938 -0.0289955139160156
-0.0951690673828125 0.0409088134765625 0.00807571411132812 -0.0465850830078125
-0.0561141967773438 0.0753173828125 -0.00936889648437501 -0.0851058959960937
0.0105743408203125 0.0904388427734375 -0.0487060546875 -0.09991455078125
0.0454940795898438 0.0808944702148438 -0.103561401367188 -0.0874099731445313
0.03948974609375 0.0845718383789063 -0.113410949707031 -0.081268310546875
0.0492477416992187 0.089019775390625 -0.108863830566406 -0.0858306884765625
0.0107574462890625 0.08795166015625 -0.0675430297851562 -0.113052368164063
-0.045867919921875 0.085723876953125 -0.020965576171875 -0.111213684082031
-0.0891799926757813 0.0358428955078125 0.0375289916992187 -0.0755844116210938
-0.0993881225585938 -0.0584793090820312 0.047393798828125 -0.0103378295898438
-0.0695571899414063 -0.0962753295898437 -0.0351715087890625 -0.0122032165527344
-0.03045654296875 -0.154861450195313 -0.0211563110351563 -0.0994033813476563
-0.0396232604980469 -0.0465278625488281 -0.010833740234375 -0.300384521484375
-0.0467948913574219 -0.0231819152832031 -0.0917205810546875 -0.170852661132812
-0.0319690704345703 0.00180625915527343 -0.0482292175292969 -0.032958984375
-0.0167198181152344 0.0135812759399414 -0.00031661987304688 -0.0498847961425781
-0.0160140991210938 0.00988483428955078 -0.004669189453125 -0.0869522094726563
-0.00893974304199219 0.0240802764892578 -0.0537872314453125 -0.111175537109375
-0.00242424011230468 0.0316257476806641 -0.117721557617187 -0.103103637695313
-0.000967025756835935 0.0337486267089844 -0.125831604003906 -0.094329833984375
-0.00187301635742188 0.0402107238769531 -0.119338989257813 -0.104827880859375
-0.0170116424560547 0.0298538208007812 -0.066497802734375 -0.126182556152344
-0.0327301025390625 0.0172824859619141 -0.00884246826171876 -0.111564636230469
-0.0302524566650391 -0.00916481018066406 0.0395736694335937 -0.0737075805664063
-0.014892578125 -0.0331096649169922 0.0346660614013672 -0.01007080078125
-0.00956535339355469 -0.0266017913818359 -0.0471038818359375 -0.0349044799804687
-0.0156707763671875 -0.0522689819335938 -0.022552490234375 -0.142059326171875
0.0115127563476563 -0.0749664306640625 0.0489959716796875 0.161727905273437
-0.0306663513183594 -0.0520248413085938 0.0618972778320312 0.0593338012695313
-0.0665550231933594 -0.00932693481445314 -0.0283794403076172 -0.00523757934570313
-0.0423851013183594 0.037322998046875 -0.0495643615722656 0.0578842163085937
0.00315093994140625 0.0581321716308594 -0.0204391479492187 0.105567932128906
0.0435447692871094 0.0309257507324219 0.0565719604492188 0.123908996582031
0.0544319152832031 0.0104751586914063 0.127853393554688 0.104225158691406
0.0439567565917969 0.0189666748046875 0.126190185546875 0.0924453735351563
0.0511703491210938 0.0159568786621094 0.115882873535156 0.105216979980469
0.0319023132324219 0.0412254333496094 0.06256103515625 0.11041259765625
-0.00582504272460937 0.0533027648925781 0.018646240234375 0.0762405395507813
-0.0549049377441406 0.0311508178710938 0.0197639465332031 0.05364990234375
-0.0567207336425781 -0.0308380126953125 0.0650291442871094 0.062286376953125
-0.0238075256347656 -0.0578689575195313 0.10919189453125 0.167327880859375
0.0178070068359375 -0.0561065673828125 0.00595092773437498 0.3282470703125
-0.00680541992187502 -0.178421020507813 0.043731689453125 0.137931823730469
-0.0696945190429687 -0.126289367675781 0.053741455078125 0.0581321716308594
-0.144027709960938 -0.048828125 -0.0252189636230469 -0.00691604614257812
-0.111328125 0.0569992065429688 -0.042724609375 0.0441741943359375
-0.0371780395507813 0.114662170410156 -0.0311508178710937 0.084747314453125
0.0577316284179687 0.0940628051757812 0.0401153564453125 0.107704162597656
0.0978317260742188 0.0617294311523437 0.102752685546875 0.0935821533203125
0.0822982788085938 0.0729217529296875 0.0986709594726563 0.0774078369140625
0.0970077514648438 0.070098876953125 0.0931167602539063 0.0879745483398438
0.0525665283203125 0.100906372070313 0.050384521484375 0.0823516845703125
-0.0241546630859375 0.118843078613281 0.0149803161621094 0.0465240478515625
-0.114913940429687 0.0720901489257813 0.0326957702636719 0.0361099243164063
-0.142135620117188 -0.059234619140625 0.0839767456054687 0.055389404296875
-0.0872039794921875 -0.128288269042969 0.113739013671875 0.16143798828125
-0.00801086425781248 -0.166336059570313 0.017120361328125 0.302520751953125
-0.022491455078125 -0.259536743164063 0.03790283203125 0.0814361572265625
-0.10369873046875 -0.18743896484375 0.0353317260742187 0.0384750366210937
-0.2099609375 -0.0835113525390625 -0.0253524780273438 -0.00658416748046876
-0.170928955078125 0.0716552734375 -0.0311908721923828 0.0295085906982422
-0.075164794921875 0.157943725585937 -0.0353584289550781 0.0541191101074219
0.062835693359375 0.146743774414062 0.020843505859375 0.075408935546875
0.125175476074219 0.10498046875 0.0644645690917969 0.0669097900390625
0.107521057128906 0.115943908691406 0.0564537048339844 0.0501174926757813
0.129539489746094 0.112686157226562 0.0558433532714844 0.0578956604003906
0.070037841796875 0.145294189453125 0.0287055969238281 0.0420074462890625
-0.03515625 0.171234130859375 0.00679492950439453 0.00887203216552735
-0.157073974609375 0.110626220703125 0.0414199829101563 0.00928497314453126
-0.21234130859375 -0.0720672607421875 0.0956649780273437 0.0401687622070312
-0.145294189453125 -0.176300048828125 0.103187561035156 0.138832092285156
-0.03704833984375 -0.251220703125 0.0203704833984375 0.242645263671875
-0.037017822265625 -0.30462646484375 0.0310592651367187 -0.000843048095703144
-0.129135131835938 -0.223526000976563 0.00927352905273437 0.000948905944824205
-0.253463745117188 -0.101211547851563 -0.0279083251953125 -0.00743293762207032
-0.207763671875 0.08258056640625 -0.0167360305786133 0.0112953186035156
-0.100662231445313 0.181869506835938 -0.0325908660888672 0.014678955078125
0.0599822998046875 0.17791748046875 -9.3460083007806E-05 0.0294780731201172
0.134017944335938 0.131523132324219 0.016998291015625 0.0282058715820313
0.1168212890625 0.141433715820313 0.00518894195556641 0.0152273178100586
0.143524169921875 0.137039184570313 0.00821495056152345 0.0208930969238281
0.0764312744140625 0.168350219726562 -0.0018014907836914 -0.00447750091552733
-0.039276123046875 0.19964599609375 -0.00697898864746094 -0.0323696136474609
-0.175918579101563 0.135635375976563 0.0436515808105469 -0.0216827392578125
-0.250900268554688 -0.0724029541015625 0.0950927734375 0.0205459594726562
-0.181137084960937 -0.196685791015625 0.0745773315429688 0.102912902832031
-0.05841064453125 -0.296142578125 0.013885498046875 0.156906127929688
-0.049896240234375 -0.302886962890625 0.0221099853515625 -0.096893310546875
-0.140457153320313 -0.222427368164062 -0.0217628479003906 -0.0486526489257813
-0.257400512695313 -0.0969696044921875 -0.0317859649658203 -0.0118179321289063
-0.20880126953125 0.08441162109375 -0.00257015228271486 -0.0105781555175781
-0.105941772460937 0.177352905273438 -0.0260009765625 -0.0286216735839844
0.0494384765625 0.179550170898438 -0.0215435028076172 -0.0235004425048828
0.122787475585937 0.136329650878906 -0.03338623046875 -0.0159244537353516
0.1080322265625 0.144790649414063 -0.0460472106933594 -0.0213241577148437
0.133499145507813 0.1414794921875 -0.0423851013183594 -0.0186805725097656
0.0688934326171875 0.165054321289063 -0.0349311828613281 -0.0496101379394531
-0.042205810546875 0.19384765625 -0.0212631225585938 -0.070526123046875
-0.169174194335938 0.12994384765625 0.0408401489257812 -0.0507659912109375
-0.242965698242188 -0.0699462890625 0.0828781127929687 0.0027313232421875
-0.178115844726563 -0.188247680664063 0.0333709716796875 0.062042236328125
-0.0643310546875 -0.294464111328125 -0.000537872314453136 0.0600852966308594
-0.0572052001953125 -0.252899169921875 0.0107879638671875 -0.190353393554688
-0.13043212890625 -0.18084716796875 -0.0521621704101562 -0.100257873535156
-0.21429443359375 -0.0735931396484375 -0.0359153747558594 -0.0199127197265625
-0.168960571289063 0.07177734375 0.00672531127929687 -0.0327930450439453
-0.0895843505859375 0.141571044921875 -0.0188560485839844 -0.0661392211914063
0.0334014892578125 0.149581909179688 -0.040130615234375 -0.0706939697265625
0.0939407348632813 0.118865966796875 -0.077911376953125 -0.0574569702148437
0.0829315185546875 0.125602722167969 -0.0911026000976563 -0.055877685546875
0.101898193359375 0.125091552734375 -0.0867080688476563 -0.0560302734375
0.04571533203125 0.137939453125 -0.0614700317382813 -0.08880615234375
-0.044891357421875 0.154159545898437 -0.0291519165039063 -0.0993270874023437
-0.139923095703125 0.0935134887695313 0.0367813110351562 -0.0707855224609375
-0.189376831054688 -0.06781005859375 0.0657005310058594 -0.00846099853515625
-0.1376953125 -0.154754638671875 -0.00793075561523438 0.0221004486083984
-0.0546875 -0.247390747070313 -0.0159416198730469 -0.0316276550292969
-0.055267333984375 -0.164031982421875 -0.00437927246093748 -0.266433715820312
-0.0983810424804688 -0.108985900878906 -0.078948974609375 -0.144912719726563
-0.132987976074219 -0.0370559692382813 -0.0412483215332031 -0.027130126953125
-0.097930908203125 0.0463790893554688 0.00692367553710937 -0.0478324890136719
-0.056396484375 0.0820159912109375 -0.0120315551757813 -0.0876235961914063
0.0134506225585937 0.0944442749023438 -0.0531692504882813 -0.103240966796875
0.0505905151367187 0.08203125 -0.110580444335938 -0.0883255004882813
0.0454788208007813 0.0872573852539063 -0.122360229492188 -0.0814208984375
0.0539779663085938 0.0913619995117188 -0.117088317871094 -0.0869369506835938
0.0140304565429688 0.09088134765625 -0.0743789672851563 -0.115974426269531
-0.0438385009765625 0.0910797119140625 -0.025970458984375 -0.114311218261719
-0.0926132202148437 0.0412216186523438 0.0362014770507812 -0.0797042846679688
-0.107109069824219 -0.0586395263671875 0.04864501953125 -0.0123672485351563
-0.074981689453125 -0.0994186401367187 -0.0372085571289063 -0.0109977722167969
-0.037109375 -0.162811279296875 -0.0261001586914063 -0.103652954101563
-0.0422859191894531 -0.0492019653320312 -0.02142333984375 -0.3121337890625
-0.0506401062011719 -0.0236167907714844 -0.101303100585938 -0.174850463867187
-0.0340328216552734 0.00292968749999999 -0.0503005981445313 -0.0322761535644531
-0.0170631408691406 0.0152425765991211 -0.00208282470703125 -0.050628662109375
-0.0170116424560547 0.0114784240722656 -0.00806427001953126 -0.0903701782226563
-0.00841712951660156 0.0264682769775391 -0.0585403442382813 -0.114952087402344
-0.000652313232421875 0.0325965881347656 -0.126243591308594 -0.103874206542969
0.000869750976562498 0.0350704193115234 -0.135650634765625 -0.0945510864257812
0.000190734863281249 0.0426788330078125 -0.129287719726563 -0.106460571289063
-0.0166797637939453 0.0320968627929688 -0.0735092163085938 -0.129608154296875
-0.0331439971923828 0.0195236206054687 -0.0129470825195312 -0.11541748046875
-0.0321407318115234 -0.00831794738769531 0.0385360717773438 -0.0765228271484375
-0.0182266235351563 -0.0342979431152344 0.0361099243164063 -0.0117454528808594
-0.0115013122558594 -0.0286769866943359 -0.0504112243652344 -0.0345039367675781
-0.0177841186523437 -0.055816650390625 -0.028900146484375 -0.147857666015625
0.0080413818359375 -0.0766677856445313 0.0599212646484375 0.164169311523438
-0.0333099365234375 -0.0522842407226563 0.0682106018066406 0.0577850341796875
-0.06854248046875 -0.00606918334960938 -0.0299930572509766 -0.00359344482421875
-0.0420036315917969 0.03936767578125 -0.0472526550292969 0.0617485046386719
0.00652313232421876 0.0587654113769531 -0.0146255493164063 0.109237670898438
0.0458259582519531 0.0280342102050781 0.0638427734375 0.124900817871094
0.055084228515625 0.007781982421875 0.137458801269531 0.100761413574219
0.0455513000488281 0.017120361328125 0.136238098144531 0.0887985229492188
0.0527610778808594 0.0124015808105469 0.127159118652344 0.102691650390625
0.0348396301269531 0.0394821166992188 0.0701980590820313 0.111763000488281
-0.00347518920898437 0.0542869567871094 0.0225448608398437 0.0772018432617188
-0.054534912109375 0.0352363586425781 0.0239295959472656 0.0537948608398438
-0.0587577819824219 -0.0285110473632813 0.0703201293945313 0.0598068237304687
-0.0273094177246094 -0.057342529296875 0.1209716796875 0.165115356445313
0.0151214599609375 -0.0583610534667969 0.024444580078125 0.336517333984375
-0.016693115234375 -0.18310546875 0.0539093017578125 0.140625
-0.0772781372070313 -0.126380920410156 0.0591011047363281 0.0570755004882812
-0.1512451171875 -0.042327880859375 -0.0275001525878906 -0.00394058227539062
-0.111473083496094 0.0640182495117187 -0.0412063598632813 0.0476417541503906
-0.0310592651367187 0.118965148925781 -0.0268020629882812 0.0889511108398438
0.064300537109375 0.0920944213867188 0.045867919921875 0.109130859375
0.102470397949219 0.0574417114257813 0.111259460449219 0.0907135009765625
0.0883865356445313 0.0708847045898438 0.106544494628906 0.0747909545898437
0.10284423828125 0.065521240234375 0.102668762207031 0.0859756469726562
0.0589752197265625 0.100318908691406 0.05615234375 0.0831146240234375
-0.0189361572265625 0.122810363769531 0.0172080993652344 0.047821044921875
-0.114982604980469 0.0808868408203125 0.0364875793457031 0.0352401733398438
-0.148406982421875 -0.0536041259765625 0.0897216796875 0.051544189453125
-0.096221923828125 -0.127059936523438 0.12518310546875 0.16009521484375
-0.01739501953125 -0.171432495117188 0.03375244140625 0.310455322265625
-0.0373992919921875 -0.266036987304688 0.044281005859375 0.0828933715820312
-0.115707397460937 -0.188873291015625 0.0396957397460937 0.0380973815917969
-0.2218017578125 -0.074249267578125 -0.027853012084961 -0.00268936157226563
-0.17242431640625 0.082244873046875 -0.0297374725341797 0.0322132110595703
-0.0675506591796875 0.166580200195312 -0.0325813293457031 0.0579795837402344
0.072052001953125 0.145721435546875 0.02508544921875 0.0762863159179688
0.133430480957031 0.0991363525390625 0.0702095031738282 0.0653114318847656
0.117279052734375 0.113639831542969 0.0611038208007813 0.0495109558105469
0.139701843261719 0.10687255859375 0.0617103576660156 0.0568695068359375
0.078643798828125 0.1451416015625 0.0315818786621094 0.0425376892089844
-0.0266265869140625 0.177780151367188 0.00663375854492187 0.00997161865234376
-0.157012939453125 0.123794555664063 0.0442924499511719 0.00809478759765626
-0.223114013671875 -0.0638427734375 0.100357055664063 0.0353775024414063
-0.158248901367188 -0.17431640625 0.112777709960937 0.137214660644531
-0.051727294921875 -0.258346557617188 0.033233642578125 0.247955322265625
-0.05438232421875 -0.31201171875 0.0334320068359375 -0.000984191894531269
-0.144699096679688 -0.225112915039063 0.011134147644043 0.000847816467285142
-0.267822265625 -0.0899200439453125 -0.03057861328125 -0.00294303894042969
-0.21063232421875 0.0959930419921875 -0.0155649185180664 0.0134496688842773
-0.09283447265625 0.193389892578125 -0.0322494506835938 0.017791748046875
0.0704345703125 0.1781005859375 0.00142478942871094 0.0296840667724609
0.14404296875 0.126113891601563 0.0192451477050781 0.0282630920410156
0.128807067871094 0.139480590820313 0.00657272338867188 0.0161752700805664
0.15533447265625 0.131729125976563 0.0100307464599609 0.0206565856933594
0.0877685546875 0.16790771484375 -0.00219702720642089 -0.00386095046997069
-0.0289306640625 0.207687377929688 -0.00951004028320312 -0.0318317413330078
-0.174697875976563 0.150161743164062 0.0446662902832031 -0.0239524841308594
-0.2635498046875 -0.06201171875 0.09893798828125 0.0150070190429688
-0.196182250976563 -0.193679809570312 0.0817337036132813 0.101348876953125
-0.076202392578125 -0.30413818359375 0.0216217041015625 0.159942626953125
-0.06756591796875 -0.310577392578125 0.0187530517578125 -0.0996932983398438
-0.157577514648438 -0.223037719726562 -0.0236396789550781 -0.0479202270507813
-0.272689819335938 -0.0858306884765625 -0.0338153839111328 -0.00748443603515626
-0.211441040039063 0.0980072021484375 -0.00256347656250001 -0.00997924804687499
-0.0986785888671875 0.1904296875 -0.028167724609375 -0.0270957946777344
0.060150146484375 0.180953979492188 -0.0230789184570312 -0.0237026214599609
0.133529663085937 0.131942749023437 -0.0349159240722656 -0.0149421691894531
0.119766235351563 0.1435546875 -0.0494041442871094 -0.0191268920898437
0.145492553710938 0.137588500976563 -0.0447463989257812 -0.0169639587402344
0.0790863037109375 0.165756225585938 -0.0387115478515625 -0.0488357543945313
-0.0318145751953125 0.201675415039062 -0.02667236328125 -0.0704269409179687
-0.16802978515625 0.144271850585938 0.039276123046875 -0.0541877746582031
-0.255508422851563 -0.059722900390625 0.0857620239257812 -0.0030975341796875
-0.192916870117187 -0.185394287109375 0.0371856689453125 0.0620574951171875
-0.08221435546875 -0.302001953125 0.00151062011718749 0.0617866516113281
-0.073089599609375 -0.259109497070313 0.00154113769531251 -0.194915771484375
-0.14471435546875 -0.180923461914063 -0.0580902099609375 -0.099822998046875
-0.22705078125 -0.0635986328125 -0.0378761291503906 -0.0152206420898437
-0.170501708984375 0.0834808349609375 0.00567436218261718 -0.0333290100097656
-0.0839080810546875 0.152999877929688 -0.0224380493164063 -0.0656585693359375
0.04217529296875 0.151947021484375 -0.043914794921875 -0.0721359252929687
0.102386474609375 0.11566162109375 -0.0832443237304688 -0.0555038452148437
0.0929336547851563 0.125106811523438 -0.09783935546875 -0.0521011352539062
0.112907409667969 0.123207092285156 -0.0932388305664063 -0.0535812377929687
0.0537338256835938 0.138694763183594 -0.0679168701171875 -0.0881118774414062
-0.0373077392578125 0.160736083984375 -0.0358963012695312 -0.0998153686523437
-0.139854431152344 0.104438781738281 0.0341262817382812 -0.0745468139648437
-0.199905395507813 -0.06011962890625 0.0671463012695312 -0.0131874084472656
-0.149154663085938 -0.153228759765625 -0.00762367248535157 0.0234336853027344
-0.070526123046875 -0.254119873046875 -0.0191402435302734 -0.0321998596191406
-0.0661468505859375 -0.167404174804688 -0.0178070068359375 -0.27313232421875
-0.107536315917969 -0.108314514160156 -0.088623046875 -0.144500732421875
-0.140007019042969 -0.0305633544921875 -0.0433464050292969 -0.0242385864257813
-0.0986785888671875 0.0536880493164063 0.00525665283203124 -0.0481491088867188
-0.0534820556640625 0.0890274047851562 -0.0171585083007813 -0.08856201171875
0.0193023681640625 0.0967864990234375 -0.0592575073242188 -0.104866027832031
0.0566864013671875 0.0804443359375 -0.119155883789063 -0.0860366821289062
0.0517349243164063 0.0873794555664063 -0.131782531738281 -0.0770797729492187
0.0615921020507813 0.0907058715820312 -0.127006530761719 -0.0834732055664062
0.0193252563476562 0.0924835205078125 -0.0828399658203125 -0.115898132324219
-0.03936767578125 0.0958480834960938 -0.0325088500976563 -0.115470886230469
-0.0936737060546875 0.0485305786132813 0.0327224731445312 -0.0826797485351563
-0.115310668945312 -0.0549468994140625 0.0497665405273437 -0.0159111022949219
-0.0820846557617188 -0.09918212890625 -0.0394020080566406 -0.008758544921875
-0.0472869873046875 -0.16796875 -0.0335540771484375 -0.105949401855469
-0.0468254089355469 -0.0504684448242188 -0.03790283203125 -0.3193359375
-0.053619384765625 -0.021820068359375 -0.113723754882812 -0.173690795898438
-0.0356521606445312 0.004669189453125 -0.0523529052734375 -0.0293617248535156
-0.0164222717285156 0.0168399810791016 -0.00429916381835938 -0.0511283874511719
-0.0175800323486328 0.0140724182128906 -0.0125885009765625 -0.092041015625
-0.00775718688964843 0.0285835266113281 -0.0657730102539063 -0.116218566894531
0.00155830383300781 0.0332927703857422 -0.136367797851563 -0.101371765136719
0.00321197509765625 0.0363960266113281 -0.146011352539063 -0.09063720703125
0.00336837768554688 0.0445365905761719 -0.140899658203125 -0.102630615234375
-0.0147609710693359 0.0341472625732422 -0.082672119140625 -0.1298828125
-0.03216552734375 0.0222434997558594 -0.0190582275390625 -0.117538452148437
-0.0339832305908203 -0.00603866577148438 0.03497314453125 -0.0809860229492187
-0.0224208831787109 -0.0346317291259766 0.0367202758789063 -0.0138816833496094
-0.0136928558349609 -0.0298576354980469 -0.0539016723632813 -0.0317764282226563
-0.0219917297363281 -0.0582046508789063 -0.03851318359375 -0.151077270507813
0.00427246093749999 -0.0762557983398438 0.07025146484375 0.161453247070312
-0.0358810424804688 -0.0508689880371094 0.0722427368164063 0.0544586181640625
-0.0684661865234375 -0.00288009643554689 -0.0307941436767578 -0.00109291076660157
-0.0402336120605469 0.0413284301757813 -0.0433082580566406 0.0630645751953125
0.010040283203125 0.0568656921386719 -0.00841522216796874 0.109214782714844
0.046295166015625 0.0240020751953125 0.06964111328125 0.122314453125
0.0546379089355469 0.0046539306640625 0.14385986328125 0.0936431884765625
0.0458412170410156 0.0146408081054688 0.142532348632813 0.0820465087890625
0.0518836975097656 0.008514404296875 0.134483337402344 0.095916748046875
0.0366630554199219 0.0367927551269531 0.0768508911132813 0.108833312988281
-0.000972747802734375 0.0539054870605469 0.0263748168945312 0.0765151977539063
-0.0528068542480469 0.0385856628417969 0.0271339416503906 0.0522003173828125
-0.059600830078125 -0.0254020690917969 0.0736465454101563 0.0557937622070312
-0.0301551818847656 -0.0550918579101563 0.129684448242188 0.158035278320313
0.0113410949707031 -0.0587234497070312 0.042572021484375 0.333404541015625
-0.02685546875 -0.181396484375 0.062835693359375 0.138175964355469
-0.0835723876953125 -0.122970581054688 0.0638084411621094 0.0539779663085937
-0.153411865234375 -0.0338134765625 -0.0280647277832031 -0.000688552856445312
-0.108200073242187 0.069610595703125 -0.0378379821777344 0.0495338439941406
-0.0237655639648438 0.120140075683594 -0.0215301513671875 0.089752197265625
0.0683822631835938 0.08709716796875 0.05084228515625 0.106666564941406
0.104324340820313 0.050628662109375 0.117050170898438 0.0848388671875
0.0922317504882812 0.06573486328125 0.112541198730469 0.0693130493164063
0.105644226074219 0.0582351684570313 0.108779907226563 0.0800704956054688
0.064208984375 0.095977783203125 0.0613861083984375 0.0814590454101563
-0.0123062133789062 0.122993469238281 0.0191001892089844 0.0475807189941406
-0.110603332519531 0.08795166015625 0.0392608642578125 0.03326416015625
-0.151535034179688 -0.04638671875 0.0923690795898437 0.0461959838867188
-0.102218627929687 -0.121871948242188 0.13360595703125 0.152359008789063
-0.0277252197265625 -0.17138671875 0.04986572265625 0.307159423828125
-0.0522918701171875 -0.2637939453125 0.0505905151367187 0.0819168090820312
-0.125625610351563 -0.184127807617188 0.0435447692871094 0.0357017517089844
-0.22650146484375 -0.061431884765625 -0.0284309387207031 0.00124168395996093
-0.168045043945313 0.091552734375 -0.0274658203125 0.0336856842041016
-0.057464599609375 0.170501708984375 -0.0284156799316406 0.059783935546875
0.079620361328125 0.140487670898438 0.0288314819335938 0.0748367309570313
0.137619018554688 0.0910263061523438 0.0746078491210938 0.06158447265625
0.123992919921875 0.107315063476562 0.0648193359375 0.0462417602539063
0.14508056640625 0.097625732421875 0.066009521484375 0.0532798767089844
0.0863189697265625 0.140388488769531 0.0337791442871094 0.0419578552246094
-0.0166473388671875 0.178695678710938 0.00633907318115234 0.0104818344116211
-0.150604248046875 0.133224487304688 0.04571533203125 0.00532531738281251
-0.227493286132812 -0.051910400390625 0.102241516113281 0.02850341796875
-0.1669921875 -0.166534423828125 0.119338989257812 0.130439758300781
-0.066680908203125 -0.257461547851563 0.04534912109375 0.2449951171875
-0.072235107421875 -0.31011962890625 0.0348987579345703 -0.00156402587890627
-0.156951904296875 -0.218887329101563 0.0130119323730469 0.00047969818115233
-0.27484130859375 -0.0745086669921875 -0.0308151245117188 0.00157165527343749
-0.20611572265625 0.107635498046875 -0.0142650604248047 0.0148344039916992
-0.080535888671875 0.1995849609375 -0.0305194854736328 0.0199623107910156
0.07965087890625 0.173080444335938 0.00306129455566406 0.0287437438964844
0.150497436523438 0.116729736328125 0.0216712951660156 0.0268363952636719
0.137077331542969 0.132354736328125 0.00780010223388672 0.0163469314575195
0.163116455078125 0.12152099609375 0.0113964080810547 0.0202693939208984
0.0966033935546875 0.1622314453125 -0.00269007682800292 -0.00254797935485839
-0.017303466796875 0.208099365234375 -0.0120258331298828 -0.0305519104003906
-0.166854858398437 0.161087036132813 0.0443572998046875 -0.026336669921875
-0.268997192382813 -0.0479583740234375 0.0986557006835938 0.008453369140625
-0.205841064453125 -0.184051513671875 0.08636474609375 0.0974578857421875
-0.09423828125 -0.30230712890625 0.0292816162109375 0.158340454101562
-0.086151123046875 -0.307952880859375 0.0143280029296875 -0.0990219116210938
-0.170028686523438 -0.216552734375 -0.0249862670898438 -0.0470390319824219
-0.279022216796875 -0.070220947265625 -0.0340118408203125 -0.00213432312011719
-0.206253051757813 0.109710693359375 -0.00229072570800783 -0.00913619995117187
-0.0868682861328125 0.1971435546875 -0.0289478302001953 -0.02471923828125
0.070068359375 0.17669677734375 -0.0238094329833984 -0.0238151550292969
0.139854431152344 0.123291015625 -0.0352821350097656 -0.0139007568359375
0.128677368164063 0.137351989746094 -0.0505828857421875 -0.0155181884765625
0.15411376953125 0.128082275390625 -0.046142578125 -0.0152473449707031
0.0878143310546875 0.16064453125 -0.042022705078125 -0.0463294982910156
-0.0202178955078125 0.203216552734375 -0.0307197570800781 -0.0678977966308594
-0.16094970703125 0.154983520507813 0.0370750427246094 -0.0558967590332031
-0.261184692382813 -0.04638671875 0.08465576171875 -0.00856781005859375
-0.202255249023438 -0.176895141601563 0.0397796630859375 0.0600738525390625
-0.100067138671875 -0.3004150390625 0.00370025634765624 0.0605659484863281
-0.0881805419921875 -0.2572021484375 -0.0081024169921875 -0.194381713867188
-0.154998779296875 -0.174606323242188 -0.0629425048828125 -0.0968170166015625
-0.232254028320312 -0.0507659912109375 -0.0378074645996094 -0.0108222961425781
-0.166641235351562 0.0928955078125 0.00460815429687499 -0.032257080078125
-0.07415771484375 0.159011840820313 -0.0253372192382813 -0.0634613037109375
0.0509796142578125 0.149505615234375 -0.0477523803710938 -0.0711898803710938
0.108840942382813 0.108848571777344 -0.0863723754882813 -0.051971435546875
0.100830078125 0.120246887207031 -0.101699829101563 -0.0458908081054688
0.120262145996094 0.115737915039063 -0.0972976684570312 -0.0485992431640625
0.0606765747070313 0.135055541992188 -0.0734939575195313 -0.0841751098632812
-0.02783203125 0.1624755859375 -0.0411376953125 -0.0966567993164062
-0.134605407714844 0.114234924316406 0.030303955078125 -0.0760345458984375
-0.205825805664063 -0.0496673583984375 0.0657119750976562 -0.017822265625
-0.15716552734375 -0.14642333984375 -0.00675201416015626 0.0242595672607422
-0.0848541259765625 -0.252655029296875 -0.02191162109375 -0.0313606262207031
-0.076019287109375 -0.165557861328125 -0.03192138671875 -0.271835327148438
-0.114151000976563 -0.10333251953125 -0.0960540771484375 -0.139541625976563
-0.142913818359375 -0.02294921875 -0.0433158874511719 -0.0199050903320313
-0.0965423583984375 0.0592422485351563 0.00317764282226562 -0.0478706359863281
-0.0482635498046875 0.09375 -0.0210113525390625 -0.0871429443359375
0.0245590209960938 0.09619140625 -0.0643463134765625 -0.103141784667969
0.0607452392578125 0.076629638671875 -0.124549865722656 -0.0803375244140625
0.0576248168945313 0.0848236083984375 -0.137748718261719 -0.0695419311523437
0.0680770874023437 0.0870361328125 -0.132827758789062 -0.0758590698242188
0.0245285034179688 0.0909576416015625 -0.089935302734375 -0.111473083496094
-0.0332107543945313 0.09808349609375 -0.03875732421875 -0.112869262695313
-0.0914306640625 0.0548019409179688 0.0279541015625 -0.0842056274414062
-0.120323181152344 -0.0488815307617187 0.0483589172363281 -0.0191268920898438
-0.0875473022460938 -0.0961532592773437 -0.0399894714355469 -0.005767822265625
-0.05706787109375 -0.167388916015625 -0.0404586791992188 -0.104026794433594
-0.0494155883789063 -0.0491371154785156 -0.055206298828125 -0.316558837890625
-0.0552711486816406 -0.0195808410644531 -0.122573852539062 -0.167617797851563
-0.0361175537109375 0.0065460205078125 -0.0526962280273438 -0.0260658264160156
-0.0152740478515625 0.0175743103027344 -0.00698471069335938 -0.0501556396484375
-0.0165996551513672 0.0161428451538086 -0.0170822143554688 -0.0906448364257813
-0.00618362426757813 0.0295734405517578 -0.0716400146484375 -0.114730834960938
0.00386238098144532 0.0331192016601563 -0.1427001953125 -0.0949554443359375
0.00618362426757812 0.03607177734375 -0.153182983398438 -0.082366943359375
0.00678634643554688 0.0446319580078125 -0.1484375 -0.09423828125
-0.0125942230224609 0.0350685119628906 -0.0903701782226563 -0.125518798828125
-0.030426025390625 0.0245685577392578 -0.0251922607421875 -0.1156005859375
-0.0348358154296875 -0.00292205810546874 0.0299453735351562 -0.0820083618164063
-0.0262413024902344 -0.0328598022460938 0.0354080200195313 -0.0161018371582031
-0.0155277252197266 -0.0300235748291016 -0.056304931640625 -0.0281906127929688
-0.0258712768554688 -0.0587387084960937 -0.0478057861328125 -0.148788452148438
0.00197601318359375 -0.074371337890625 0.0740966796875 0.157150268554688
-0.0364646911621094 -0.049285888671875 0.0740737915039063 0.0513992309570312
-0.067138671875 -0.000495910644531259 -0.03045654296875 0.00139808654785156
-0.0390548706054687 0.0419158935546875 -0.0406837463378906 0.0628890991210937
0.0112228393554688 0.0547218322753906 -0.00541687011718751 0.106903076171875
0.0451583862304688 0.0212059020996094 0.0714035034179688 0.11932373046875
0.0530929565429688 0.0022125244140625 0.144973754882812 0.0880126953125
0.0451164245605469 0.0131416320800781 0.144821166992188 0.0760345458984375
0.0503196716308594 0.00614547729492187 0.137077331542969 0.08941650390625
0.0368003845214844 0.0347099304199219 0.0795669555664063 0.106330871582031
0.000404357910156254 0.0526199340820312 0.0269241333007813 0.0747756958007813
-0.0503883361816406 0.0398483276367187 0.0290908813476562 0.0502433776855469
-0.0591278076171875 -0.0235404968261719 0.07470703125 0.0517120361328125
-0.0308799743652344 -0.0528182983398438 0.131912231445313 0.150482177734375
0.00909423828125 -0.0578765869140625 0.051727294921875 0.325408935546875
-0.03216552734375 -0.177169799804687 0.0670089721679687 0.134429931640625
-0.0860824584960937 -0.119392395019531 0.0660057067871094 0.0512199401855469
-0.152130126953125 -0.0284423828125 -0.0275840759277344 0.00260353088378906
-0.105026245117188 0.0717391967773437 -0.0354995727539063 0.0493545532226563
-0.0194091796875 0.118194580078125 -0.01849365234375 0.0883026123046875
0.068939208984375 0.0820693969726563 0.0532913208007813 0.103996276855469
0.103408813476563 0.0461654663085938 0.118911743164062 0.0798263549804688
0.0930557250976563 0.0623626708984375 0.114181518554688 0.0653533935546875
0.104911804199219 0.0528411865234375 0.111793518066406 0.075286865234375
0.0652999877929688 0.0917434692382813 0.0632781982421875 0.07952880859375
-0.0081024169921875 0.120811462402344 0.0196380615234375 0.0467987060546875
-0.106582641601563 0.0907363891601562 0.0400238037109375 0.0311164855957031
-0.151016235351563 -0.0414276123046875 0.0919189453125 0.0417022705078125
-0.103286743164063 -0.116981506347656 0.1353759765625 0.144927978515625
-0.032470703125 -0.16796875 0.05810546875 0.299163818359375
-0.05987548828125 -0.258255004882813 0.0537185668945312 0.0795822143554687
-0.129364013671875 -0.178756713867188 0.0457954406738281 0.0340499877929687
-0.225982666015625 -0.0520782470703125 -0.0270862579345703 0.00512695312499999
-0.163314819335937 0.0955963134765625 -0.0250873565673828 0.0341072082519531
-0.05010986328125 0.169418334960938 -0.0259323120117187 0.0597877502441406
0.081512451171875 0.133827209472656 0.0301742553710938 0.0724563598632813
0.137184143066406 0.0839614868164063 0.0768203735351563 0.0578155517578125
0.126487731933594 0.102378845214844 0.0666694641113282 0.0443382263183594
0.1458740234375 0.0904998779296875 0.0677566528320313 0.0503196716308594
0.0885467529296875 0.134193420410156 0.0348472595214844 0.0414466857910156
-0.0109100341796875 0.175796508789063 0.00616073608398437 0.0107717514038086
-0.144073486328125 0.136962890625 0.0455284118652344 0.00392150878906251
-0.226837158203125 -0.0443878173828125 0.100807189941406 0.0243682861328125
-0.168853759765625 -0.15911865234375 0.121086120605469 0.12445068359375
-0.0739898681640625 -0.252395629882813 0.0517730712890625 0.239044189453125
-0.08203125 -0.30322265625 0.0357208251953125 -0.00169754028320314
-0.162246704101562 -0.212173461914063 0.014348030090332 0.000173568725585925
-0.273757934570312 -0.0637054443359375 -0.0294570922851563 0.00602149963378906
-0.199569702148438 0.112655639648437 -0.0125799179077149 0.0152244567871094
-0.072021484375 0.199935913085937 -0.0285625457763672 0.0211372375488281
0.0835418701171875 0.166702270507813 0.00378608703613282 0.0273952484130859
0.150909423828125 0.109237670898438 0.02288818359375 0.0252742767333984
0.139701843261719 0.126228332519531 0.00871086120605469 0.0169353485107422
0.164047241210938 0.113388061523438 0.0123500823974609 0.0195560455322266
0.0995941162109375 0.156280517578125 -0.00246310234069824 -0.00165295600891112
-0.010009765625 0.205368041992188 -0.0129337310791016 -0.02850341796875
-0.160079956054688 0.16534423828125 0.043121337890625 -0.0271720886230469
-0.26837158203125 -0.0394439697265625 0.0964126586914062 0.00434112548828125
-0.208358764648438 -0.176361083984375 0.0871429443359375 0.093597412109375
-0.1029052734375 -0.297119140625 0.032623291015625 0.153884887695312
-0.095184326171875 -0.302001953125 0.0124664306640625 -0.0976638793945313
-0.174652099609375 -0.209762573242187 -0.024688720703125 -0.0451774597167969
-0.278518676757813 -0.058563232421875 -0.0321388244628906 0.00159263610839843
-0.200393676757813 0.115859985351562 -0.00122976303100587 -0.00799179077148437
-0.0783843994140625 0.198074340820313 -0.0286674499511719 -0.0226573944091797
0.0739898681640625 0.170974731445312 -0.0246639251708984 -0.0236587524414062
0.141036987304688 0.116180419921875 -0.0347766876220703 -0.0131778717041015
0.132255554199219 0.13153076171875 -0.050384521484375 -0.0130424499511719
0.15576171875 0.120086669921875 -0.0466041564941406 -0.012786865234375
0.0908966064453125 0.155059814453125 -0.0428581237792969 -0.0437583923339844
-0.0131072998046875 0.199920654296875 -0.0324363708496094 -0.064788818359375
-0.154067993164063 0.158798217773438 0.0348548889160156 -0.0558624267578125
-0.261322021484375 -0.037353515625 0.0815582275390625 -0.0116195678710938
-0.20379638671875 -0.1690673828125 0.0403175354003906 0.0588874816894531
-0.108856201171875 -0.294586181640625 0.00392532348632812 0.0594940185546875
-0.0948944091796875 -0.252105712890625 -0.012908935546875 -0.19024658203125
-0.158935546875 -0.16961669921875 -0.0638275146484375 -0.093719482421875
-0.23211669921875 -0.0420074462890625 -0.0364799499511719 -0.00730514526367188
-0.1617431640625 0.09747314453125 0.00389671325683592 -0.0312576293945312
-0.0673828125 0.160110473632813 -0.02618408203125 -0.0612564086914063
0.0546722412109375 0.145706176757813 -0.0492706298828125 -0.0700263977050781
0.110313415527344 0.103378295898438 -0.0872802734375 -0.0488204956054688
0.1046142578125 0.11578369140625 -0.102272033691406 -0.0412979125976563
0.122390747070313 0.109573364257813 -0.0983047485351562 -0.0440597534179687
0.0646133422851563 0.131179809570313 -0.0757217407226563 -0.0804443359375
-0.0211334228515625 0.160507202148438 -0.0430679321289063 -0.0929412841796875
-0.128791809082031 0.117622375488281 0.0275497436523438 -0.075103759765625
-0.206497192382813 -0.042724609375 0.0628662109375 -0.0198936462402344
-0.159286499023438 -0.141036987304688 -0.00676727294921876 0.0248374938964844
-0.0924530029296875 -0.248260498046875 -0.0239524841308594 -0.0296077728271485
-0.0805206298828125 -0.162796020507813 -0.0388031005859375 -0.265335083007813
-0.115776062011719 -0.0991744995117188 -0.09832763671875 -0.134544372558594
-0.142959594726563 -0.017547607421875 -0.0419692993164063 -0.0173454284667969
-0.093109130859375 0.0617523193359375 0.00190353393554687 -0.0463943481445313
-0.04364013671875 0.0948715209960938 -0.0233383178710938 -0.0839385986328125
0.0272979736328125 0.0941314697265625 -0.066314697265625 -0.1014404296875
0.06201171875 0.07342529296875 -0.125900268554687 -0.0757904052734375
0.0604934692382813 0.0820236206054688 -0.13922119140625 -0.0636062622070312
0.0702896118164063 0.0830307006835938 -0.134727478027344 -0.0696792602539063
0.0270614624023438 0.0885772705078125 -0.0927886962890625 -0.106880187988281
-0.0289764404296875 0.0977020263671875 -0.0412445068359375 -0.109451293945313
-0.0884475708007813 0.0583343505859375 0.02484130859375 -0.0831375122070312
-0.122177124023437 -0.0441970825195313 0.0462722778320312 -0.0204620361328125
-0.0892257690429687 -0.0933761596679688 -0.0401649475097656 -0.00340652465820314
-0.062286376953125 -0.164932250976563 -0.0435867309570313 -0.100624084472656
-0.0506477355957031 -0.0485916137695313 -0.063446044921875 -0.308868408203125
-0.0547561645507813 -0.0172843933105469 -0.126312255859375 -0.1611328125
-0.0364952087402344 0.00695800781249999 -0.0508537292480469 -0.0242805480957031
-0.0146808624267578 0.0180931091308594 -0.00762176513671875 -0.048492431640625
-0.0155754089355469 0.0173845291137695 -0.019317626953125 -0.087738037109375
-0.00493812561035156 0.0304985046386719 -0.0734176635742188 -0.112236022949219
0.00479507446289063 0.032470703125 -0.145187377929688 -0.09002685546875
0.00747299194335937 0.0358390808105469 -0.155303955078125 -0.0758819580078125
0.00867462158203125 0.0442161560058594 -0.150650024414063 -0.0874481201171875
-0.0112457275390625 0.0350933074951172 -0.0936813354492188 -0.12139892578125
-0.0284347534179688 0.0252895355224609 -0.027557373046875 -0.113067626953125
-0.0342903137207031 -0.0010223388671875 0.0268173217773438 -0.08154296875
-0.0280361175537109 -0.0312461853027344 0.0337276458740234 -0.0169925689697266
-0.0166969299316406 -0.0302333831787109 -0.0563430786132813 -0.0254745483398438
-0.0281486511230469 -0.0581779479980469 -0.052093505859375 -0.143951416015625
0.00145721435546875 -0.0731658935546875 0.0745086669921875 0.155410766601563
-0.036102294921875 -0.0484657287597656 0.0743484497070313 0.050872802734375
-0.0657539367675781 -0.000186920166015619 -0.0296516418457031 0.00230789184570313
-0.0384140014648437 0.041229248046875 -0.0399894714355469 0.0616874694824219
0.0115852355957031 0.0534858703613281 -0.00531005859375 0.105056762695313
0.0439872741699219 0.0198860168457031 0.0710678100585938 0.119155883789063
0.0515365600585938 0.00194931030273438 0.14520263671875 0.086273193359375
0.0446319580078125 0.0127143859863281 0.145477294921875 0.074188232421875
0.0486564636230469 0.00519943237304688 0.138542175292969 0.0875473022460938
0.036407470703125 0.0338706970214844 0.08056640625 0.105552673339844
0.000633239746093745 0.0521583557128906 0.0265731811523437 0.0745010375976563
-0.0493354797363281 0.0397567749023437 0.0295028686523437 0.0489234924316406
-0.0580215454101563 -0.0234832763671875 0.0740432739257813 0.0504379272460938
-0.0306129455566406 -0.0513916015625 0.130584716796875 0.147979736328125
0.00855255126953124 -0.0565338134765625 0.0517578125 0.320037841796875
-0.03277587890625 -0.174331665039063 0.0675582885742187 0.13299560546875
-0.0855255126953125 -0.118293762207031 0.0667381286621094 0.0503044128417969
-0.150833129882812 -0.0265350341796875 -0.0265884399414063 0.00462532043457031
-0.103866577148438 0.0717239379882813 -0.0344924926757813 0.0484046936035156
-0.0178298950195313 0.116714477539063 -0.0180282592773437 0.0872726440429688
0.067962646484375 0.07958984375 0.0526657104492187 0.103530883789063
0.101593017578125 0.0445175170898438 0.119255065917969 0.0781478881835938
0.0923309326171875 0.0615234375 0.114891052246094 0.0641098022460938
0.103370666503906 0.051025390625 0.112213134765625 0.0736465454101563
0.0648880004882813 0.0895614624023437 0.0643157958984375 0.0793228149414063
-0.0080108642578125 0.119415283203125 0.018890380859375 0.0470046997070313
-0.105064392089844 0.0911331176757812 0.0406723022460937 0.0303192138671875
-0.150711059570313 -0.041168212890625 0.0909881591796875 0.039642333984375
-0.102493286132813 -0.115737915039063 0.133895874023438 0.142623901367188
-0.034271240234375 -0.166488647460938 0.058197021484375 0.29443359375
-0.0613555908203125 -0.254745483398438 0.054779052734375 0.0788955688476562
-0.12921142578125 -0.177200317382812 0.0470008850097656 0.0334129333496094
-0.2242431640625 -0.05010986328125 -0.0255565643310547 0.00757217407226562
-0.161468505859375 0.095611572265625 -0.024383544921875 0.0341072082519531
-0.047698974609375 0.167465209960937 -0.0254020690917969 0.0591278076171875
0.0812301635742188 0.130683898925781 0.0296554565429687 0.0716934204101563
0.135871887207031 0.0814895629882813 0.0774154663085938 0.056304931640625
0.126136779785156 0.100578308105469 0.0673141479492188 0.0438270568847656
0.144027709960938 0.0876312255859375 0.0683403015136719 0.0492744445800781
0.0884780883789063 0.131607055664063 0.03564453125 0.0419921875
-0.010101318359375 0.17352294921875 0.00540065765380859 0.0116682052612305
-0.142654418945313 0.137771606445313 0.0461387634277344 0.00405883789062501
-0.226272583007813 -0.043426513671875 0.0985183715820312 0.0232467651367187
-0.167526245117188 -0.158035278320313 0.120323181152344 0.122268676757812
-0.0756072998046875 -0.2508544921875 0.0510406494140625 0.235824584960937
-0.08355712890625 -0.300262451171875 0.0360908508300781 -0.00104522705078127
-0.162002563476563 -0.210983276367187 0.0159311294555664 -0.000556945800781263
-0.272384643554688 -0.0603027343750001 -0.0268325805664063 0.00878143310546874
-0.197235107421875 0.113754272460937 -0.0118188858032227 0.0154924392700195
-0.0692901611328125 0.198333740234375 -0.0280418395996094 0.0215778350830078
0.0833282470703125 0.16302490234375 0.00325393676757813 0.0269756317138672
0.149261474609375 0.106170654296875 0.02374267578125 0.0242538452148438
0.140899658203125 0.124908447265625 0.00923252105712891 0.0171165466308594
0.163238525390625 0.109893798828125 0.0127067565917969 0.0194950103759766
0.0993499755859375 0.153427124023438 -0.00264263153076171 -0.000953912734985342
-0.00810241699218748 0.202957153320313 -0.0136260986328125 -0.0271930694580078
-0.157623291015625 0.166610717773438 0.0434341430664062 -0.0268211364746094
-0.268203735351563 -0.0375061035156251 0.0943222045898438 0.00339508056640625
-0.206390380859375 -0.174835205078125 0.0859909057617187 0.0923233032226562
-0.1044921875 -0.29541015625 0.0316009521484375 0.151824951171875
-0.0965576171875 -0.29949951171875 0.0131607055664063 -0.0960235595703125
-0.174575805664062 -0.208847045898438 -0.0233306884765625 -0.0456924438476563
-0.278091430664063 -0.055755615234375 -0.0304012298583985 0.004119873046875
-0.1983642578125 0.116470336914063 -0.000677108764648449 -0.00793075561523437
-0.0749359130859375 0.197265625 -0.027496337890625 -0.0214290618896484
0.0742340087890625 0.168228149414063 -0.0246105194091797 -0.0240421295166015
0.140029907226563 0.1131591796875 -0.0349159240722656 -0.0133094787597656
0.132804870605469 0.130256652832031 -0.0504150390625 -0.0120277404785156
0.155838012695313 0.11669921875 -0.0463066101074219 -0.0119438171386719
0.0914764404296875 0.152145385742188 -0.0429267883300781 -0.0430183410644531
-0.0115203857421875 0.197891235351563 -0.0325241088867188 -0.0623817443847656
-0.151702880859375 0.159927368164063 0.0350837707519531 -0.0548286437988281
-0.261474609375 -0.0355224609375 0.0797653198242188 -0.0123138427734375
-0.20330810546875 -0.167831420898438 0.0391311645507812 0.058837890625
-0.110809326171875 -0.294097900390625 0.00317001342773436 0.0591354370117187
-0.096435546875 -0.249908447265625 -0.0124359130859375 -0.188186645507813
-0.158187866210938 -0.167739868164063 -0.0632781982421875 -0.092803955078125
-0.2318115234375 -0.039276123046875 -0.0342369079589844 -0.00543975830078126
-0.159637451171875 0.0980224609375 0.00458717346191405 -0.0307464599609375
-0.0649566650390625 0.159927368164063 -0.0255470275878906 -0.0596923828125
0.0549163818359375 0.14337158203125 -0.0494232177734375 -0.0703353881835937
0.108833312988281 0.10107421875 -0.0872421264648438 -0.0486831665039063
0.104850769042969 0.114776611328125 -0.102386474609375 -0.03973388671875
0.122360229492188 0.106803894042969 -0.0982894897460937 -0.0423202514648437
0.0641021728515625 0.128952026367188 -0.0756149291992188 -0.0787582397460937
-0.0198974609375 0.158935546875 -0.0431900024414062 -0.0906600952148437
-0.127532958984375 0.118843078613281 0.0273895263671875 -0.0740585327148437
-0.207733154296875 -0.040740966796875 0.0614509582519531 -0.0201416015625
-0.158309936523438 -0.140182495117187 -0.00688743591308595 0.0257415771484375
-0.094268798828125 -0.247817993164062 -0.0245685577392578 -0.0291671752929688
-0.0808563232421875 -0.161697387695313 -0.038909912109375 -0.262222290039063
-0.115684509277344 -0.0993194580078125 -0.0981369018554688 -0.132957458496094
-0.142745971679688 -0.016265869140625 -0.0403709411621094 -0.0164375305175781
-0.0918807983398438 0.0615997314453125 0.002105712890625 -0.0453376770019531
-0.042510986328125 0.0952301025390625 -0.0223388671875 -0.0823135375976562
0.0276718139648438 0.0937423706054688 -0.0666351318359375 -0.101913452148437
0.061859130859375 0.07232666015625 -0.12664794921875 -0.0756378173828125
0.06134033203125 0.081756591796875 -0.139335632324219 -0.0615463256835938
0.070892333984375 0.0817184448242187 -0.135055541992188 -0.0675125122070313
0.0271377563476562 0.0875396728515625 -0.093353271484375 -0.10577392578125
-0.0277252197265625 0.0967025756835938 -0.0410079956054687 -0.1070556640625
-0.08697509765625 0.0590896606445313 0.024261474609375 -0.0820693969726563
-0.123245239257813 -0.0423583984375 0.0447998046875 -0.0206413269042969
-0.088897705078125 -0.09326171875 -0.0400199890136719 -0.00185394287109376
-0.063507080078125 -0.165069580078125 -0.043914794921875 -0.098785400390625
-0.0503387451171875 -0.0485877990722656 -0.06329345703125 -0.304931640625
-0.0548210144042969 -0.0173110961914062 -0.12591552734375 -0.159423828125
-0.0362396240234375 0.00655364990234376 -0.0499191284179687 -0.0247383117675781
-0.0144481658935547 0.0176067352294922 -0.00712966918945312 -0.0474395751953125
-0.0154781341552734 0.0185794830322266 -0.0184478759765625 -0.0864181518554688
-0.00420379638671875 0.0310707092285156 -0.073333740234375 -0.112716674804688
0.00529289245605469 0.0326728820800781 -0.145278930664063 -0.088531494140625
0.00749969482421875 0.0355644226074219 -0.15582275390625 -0.0741424560546875
0.00989151000976562 0.0435447692871094 -0.1514892578125 -0.084747314453125
-0.0106735229492188 0.0352516174316406 -0.09429931640625 -0.119941711425781
-0.0276889801025391 0.0253219604492187 -0.0275192260742188 -0.111412048339844
-0.0340213775634766 0.000337600708007812 0.0257644653320312 -0.0795745849609375
-0.0295982360839844 -0.0300140380859375 0.0326004028320313 -0.0171165466308594
-0.017578125 -0.0299072265625 -0.0563240051269531 -0.0235595703125
-0.0287208557128906 -0.0582847595214844 -0.051910400390625 -0.142013549804688
0.0020599365234375 -0.0732421875 0.0744781494140625 0.158706665039063
-0.0361824035644531 -0.0492057800292969 0.0766372680664063 0.0518112182617188
-0.0664443969726562 -0.000564575195312511 -0.0293979644775391 0.00344276428222657
-0.0392112731933594 0.0416679382324219 -0.0406951904296875 0.0618362426757812
0.0114898681640625 0.0534477233886719 -0.00717926025390626 0.105979919433594
0.0436897277832031 0.0196304321289063 0.071044921875 0.122108459472656
0.0511360168457031 0.00232696533203125 0.147735595703125 0.0882720947265625
0.0446662902832031 0.0133285522460938 0.148284912109375 0.0767822265625
0.0485115051269531 0.00521087646484375 0.140945434570313 0.0897064208984375
0.0359039306640625 0.0340499877929688 0.081695556640625 0.108924865722656
0.000320434570312503 0.0525169372558594 0.025543212890625 0.0762939453125
-0.0501632690429687 0.0404777526855469 0.0298309326171875 0.0493316650390625
-0.0587615966796875 -0.0245323181152344 0.0750198364257813 0.050628662109375
-0.0303077697753906 -0.0519294738769531 0.130767822265625 0.1497802734375
0.00857925415039063 -0.0569839477539063 0.048065185546875 0.32293701171875
-0.03155517578125 -0.176223754882813 0.0677490234375 0.135902404785156
-0.0859298706054687 -0.120719909667969 0.0691909790039063 0.0510635375976562
-0.152206420898438 -0.0274505615234375 -0.0254154205322266 0.00619125366210937
-0.105461120605469 0.0719070434570313 -0.0351524353027344 0.048828125
-0.0186233520507812 0.117240905761719 -0.0194091796875 0.0881805419921875
0.0667037963867188 0.0800018310546875 0.0519866943359375 0.106437683105469
0.101325988769531 0.0453109741210938 0.121696472167969 0.080047607421875
0.09332275390625 0.0633010864257813 0.118110656738281 0.0659255981445312
0.103309631347656 0.0515518188476562 0.114402770996094 0.07501220703125
0.0648651123046875 0.0912246704101562 0.0649490356445313 0.0818252563476563
-0.00899505615234375 0.120742797851562 0.0178718566894531 0.048980712890625
-0.107223510742188 0.0920639038085938 0.0413131713867187 0.0304489135742188
-0.152923583984375 -0.042938232421875 0.0911483764648437 0.0404739379882813
-0.102333068847656 -0.118125915527344 0.133834838867188 0.145034790039063
-0.0336761474609375 -0.16973876953125 0.0543212890625 0.29754638671875
-0.0607147216796875 -0.258224487304688 0.0555572509765625 0.0806427001953125
-0.129409790039062 -0.180618286132813 0.048980712890625 0.0341300964355469
-0.226409912109375 -0.0503692626953125 -0.0241813659667969 0.0100517272949219
-0.163955688476563 0.0959625244140625 -0.0243186950683594 0.0341434478759766
-0.0487060546875 0.169784545898438 -0.0259132385253906 0.0601921081542969
0.0797882080078125 0.131675720214844 0.02899169921875 0.0734710693359375
0.135406494140625 0.0830001831054688 0.0787811279296875 0.0572052001953125
0.128364562988281 0.103752136230469 0.0694656372070313 0.0449943542480469
0.144454956054688 0.088958740234375 0.0704345703125 0.050506591796875
0.0875778198242188 0.133377075195313 0.0366172790527344 0.0435676574707031
-0.0110931396484375 0.176116943359375 0.00472927093505859 0.0131845474243164
-0.1455078125 0.139862060546875 0.0476303100585937 0.00403976440429688
-0.230728149414062 -0.0458221435546875 0.098785400390625 0.02392578125
-0.167953491210938 -0.162185668945312 0.119842529296875 0.124732971191406
-0.0754852294921875 -0.256423950195313 0.04779052734375 0.238037109375
-0.082305908203125 -0.3040771484375 0.0382881164550781 -0.000438690185546894
-0.162841796875 -0.215682983398438 0.0171604156494141 -0.000824928283691419
-0.2767333984375 -0.0615234375 -0.0256748199462891 0.0106754302978516
-0.200790405273438 0.113983154296875 -0.0117311477661133 0.0160703659057617
-0.070526123046875 0.200653076171875 -0.0280742645263672 0.0219230651855469
0.0820465087890625 0.164825439453125 0.00257110595703125 0.0270748138427734
0.149322509765625 0.107742309570313 0.0242424011230469 0.0238208770751953
0.14312744140625 0.127975463867188 0.00976181030273438 0.0179004669189453
0.163726806640625 0.111465454101563 0.0133533477783203 0.0203437805175781
0.0986328125 0.155670166015625 -0.0022897720336914 -9.84668731689361E-05
-0.00979614257812499 0.20526123046875 -0.0136852264404297 -0.0261745452880859
-0.161285400390625 0.168502807617187 0.045440673828125 -0.0266876220703125
-0.273773193359375 -0.0399627685546876 0.0944900512695313 0.00421142578125
-0.207534790039063 -0.1802978515625 0.0859298706054687 0.0943145751953125
-0.10498046875 -0.301666259765625 0.0291900634765625 0.153732299804687
-0.0958251953125 -0.303802490234375 0.0152130126953125 -0.096405029296875
-0.17620849609375 -0.214370727539062 -0.0225028991699219 -0.0469589233398438
-0.28271484375 -0.05718994140625 -0.0290031433105469 0.00549507141113281
-0.20208740234375 0.117095947265625 -0.00034618377685548 -0.00732183456420898
-0.07708740234375 0.200225830078125 -0.0273284912109375 -0.0213794708251953
0.0733642578125 0.1708984375 -0.0252971649169922 -0.0248279571533203
0.140190124511719 0.114959716796875 -0.0348682403564453 -0.0141792297363281
0.135429382324219 0.1337890625 -0.05096435546875 -0.0117301940917969
0.156417846679688 0.118911743164063 -0.0469474792480469 -0.0115585327148437
0.090576171875 0.154678344726563 -0.0431175231933594 -0.0427589416503906
-0.0132598876953125 0.200088500976563 -0.0327110290527344 -0.0623550415039062
-0.1549072265625 0.162139892578125 0.0370635986328125 -0.0551719665527344
-0.266952514648438 -0.0377349853515625 0.0794219970703125 -0.0113449096679688
-0.204833984375 -0.173583984375 0.0388832092285156 0.0604515075683594
-0.11114501953125 -0.30084228515625 0.00176239013671874 0.06005859375
-0.0959014892578125 -0.25518798828125 -0.0106048583984375 -0.189712524414063
-0.160507202148438 -0.173858642578125 -0.0631332397460938 -0.0948638916015625
-0.235549926757813 -0.04095458984375 -0.0331001281738281 -0.00490951538085938
-0.163101196289062 0.0983428955078125 0.00547790527343749 -0.03033447265625
-0.0665130615234375 0.162551879882813 -0.0244712829589844 -0.0596656799316406
0.0544891357421875 0.145828247070313 -0.0502395629882813 -0.0729446411132812
0.109619140625 0.103355407714844 -0.0882568359375 -0.0509185791015625
0.107170104980469 0.118003845214844 -0.104095458984375 -0.040008544921875
0.123321533203125 0.108955383300781 -0.0997772216796875 -0.0425567626953125
0.064208984375 0.130805969238281 -0.0763702392578125 -0.0799560546875
-0.021209716796875 0.160507202148438 -0.0429153442382813 -0.091400146484375
-0.1298828125 0.120567321777344 0.0286407470703125 -0.07391357421875
-0.21185302734375 -0.0420989990234375 0.06072998046875 -0.0193634033203125
-0.15924072265625 -0.144668579101563 -0.00708389282226564 0.0267829895019531
-0.0947723388671875 -0.253875732421875 -0.0250358581542969 -0.0291175842285156
-0.0800323486328125 -0.165252685546875 -0.036163330078125 -0.26483154296875
-0.116302490234375 -0.102760314941406 -0.09844970703125 -0.136573791503906
-0.145919799804688 -0.01806640625 -0.0394210815429688 -0.0170021057128906
-0.09429931640625 0.0619430541992187 0.00341033935546874 -0.0457344055175781
-0.043426513671875 0.0973892211914063 -0.0208892822265625 -0.083038330078125
0.02777099609375 0.0955429077148438 -0.0667495727539063 -0.105133056640625
0.062408447265625 0.0738067626953125 -0.128494262695313 -0.0776901245117187
0.0625228881835938 0.0839920043945313 -0.142181396484375 -0.062408447265625
0.0716934204101562 0.0832366943359375 -0.137413024902344 -0.0677719116210938
0.02716064453125 0.0892791748046875 -0.0947418212890625 -0.107276916503906
-0.02880859375 0.0976409912109375 -0.0401077270507813 -0.108665466308594
-0.0888900756835938 0.06005859375 0.0252532958984375 -0.08203125
-0.126213073730469 -0.0429916381835938 0.0446205139160156 -0.02056884765625
-0.0899581909179688 -0.0960235595703125 -0.0409088134765625 -0.0015106201171875
-0.064117431640625 -0.168716430664062 -0.0438461303710938 -0.0997314453125
-0.0506668090820312 -0.0506362915039063 -0.060791015625 -0.30853271484375
-0.0545539855957031 -0.0186958312988281 -0.127059936523437 -0.162796020507813
-0.0380096435546875 0.00593948364257812 -0.0496559143066406 -0.0257148742675781
-0.0150356292724609 0.0171995162963867 -0.00649642944335937 -0.0475921630859375
-0.0159130096435547 0.0187892913818359 -0.0163803100585937 -0.0872879028320313
-0.00420761108398438 0.0322818756103516 -0.0737228393554688 -0.116401672363281
0.00558853149414062 0.0333805084228516 -0.148483276367188 -0.0909423828125
0.00806808471679688 0.0367889404296875 -0.15850830078125 -0.07550048828125
0.0103492736816406 0.0445442199707031 -0.153305053710938 -0.08587646484375
-0.0108909606933594 0.0356864929199219 -0.0957794189453125 -0.122230529785156
-0.0279960632324219 0.0255756378173828 -0.026336669921875 -0.113029479980469
-0.0343914031982422 0.000476837158203131 0.0264968872070312 -0.0799636840820313
-0.0309123992919922 -0.0300064086914063 0.032684326171875 -0.0166282653808594
-0.0185165405273437 -0.0311126708984375 -0.0568618774414062 -0.0235519409179688
-0.0294113159179688 -0.0603523254394531 -0.0511627197265625 -0.143325805664063
0.002471923828125 -0.0756301879882812 0.07769775390625 0.16497802734375
-0.0368003845214844 -0.0505714416503906 0.0808486938476563 0.0535507202148438
-0.0684051513671875 -0.000148773193359377 -0.0291175842285156 0.00460433959960937
-0.0406265258789063 0.0429420471191406 -0.042022705078125 0.0637435913085938
0.011474609375 0.0544815063476562 -0.0083770751953125 0.110176086425781
0.0440559387207031 0.0193977355957031 0.07330322265625 0.1280517578125
0.0521430969238281 0.00210189819335938 0.154525756835938 0.0911712646484375
0.0467338562011719 0.0136489868164063 0.15679931640625 0.0788116455078125
0.0493087768554688 0.00510787963867188 0.148483276367188 0.0929107666015625
0.0370674133300781 0.0343017578125 0.086181640625 0.114471435546875
0.000602722167968751 0.0546188354492188 0.02581787109375 0.0799026489257813
-0.0523490905761719 0.0425224304199219 0.031402587890625 0.0504417419433594
-0.0606956481933594 -0.026031494140625 0.0776901245117188 0.0515823364257812
-0.0310821533203125 -0.0530281066894531 0.134796142578125 0.154861450195313
0.00821304321289063 -0.0586814880371094 0.047607421875 0.334686279296875
-0.032867431640625 -0.182205200195313 0.0710906982421875 0.141036987304688
-0.0893783569335938 -0.124916076660156 0.0733642578125 0.0526657104492187
-0.158309936523438 -0.02764892578125 -0.0249195098876953 0.00803756713867187
-0.109359741210938 0.07470703125 -0.0358123779296875 0.0499420166015625
-0.018463134765625 0.121253967285156 -0.0209274291992188 0.0916061401367188
0.0684738159179688 0.0819320678710938 0.0538253784179688 0.111679077148437
0.104415893554687 0.0465774536132812 0.127716064453125 0.0821685791015625
0.0980224609375 0.0657882690429688 0.124946594238281 0.0681915283203125
0.106575012207031 0.0535125732421875 0.121223449707031 0.0780715942382812
0.0665283203125 0.0940399169921875 0.068817138671875 0.0859298706054688
-0.00952148437500001 0.125648498535156 0.01788330078125 0.05157470703125
-0.111618041992188 0.0965805053710937 0.0438346862792969 0.0313758850097656
-0.160049438476563 -0.0445556640625 0.0943756103515625 0.0414581298828125
-0.106452941894531 -0.12298583984375 0.13824462890625 0.14990234375
-0.0359344482421875 -0.177001953125 0.054595947265625 0.308929443359375
-0.0621337890625 -0.267364501953125 0.0583038330078125 0.08441162109375
-0.135116577148437 -0.188125610351563 0.0526313781738281 0.0343666076660156
-0.235809326171875 -0.0514068603515625 -0.023040771484375 0.0120334625244141
-0.170013427734375 0.0999298095703125 -0.0250091552734375 0.0351219177246094
-0.0496673583984375 0.175567626953125 -0.0270652770996094 0.0624771118164063
0.0824127197265625 0.135932922363281 0.03009033203125 0.0772933959960938
0.140380859375 0.0856857299804688 0.0830764770507813 0.0591659545898438
0.134223937988281 0.108016967773438 0.0736312866210938 0.047332763671875
0.1500244140625 0.091522216796875 0.07501220703125 0.052642822265625
0.0909957885742188 0.138023376464844 0.0388336181640625 0.0460395812988281
-0.0114593505859375 0.18267822265625 0.00448799133300781 0.0150232315063477
-0.15191650390625 0.146499633789063 0.0503730773925781 0.00412368774414063
-0.241470336914063 -0.0474090576171875 0.102073669433594 0.0243301391601563
-0.1746826171875 -0.169662475585938 0.123466491699219 0.129440307617188
-0.0798492431640625 -0.267105102539063 0.0482330322265625 0.247467041015625
-0.08575439453125 -0.316253662109375 0.039947509765625 -8.77380371093944E-05
-0.16998291015625 -0.225555419921875 0.0188865661621094 -0.00151062011718751
-0.2880859375 -0.06231689453125 -0.0248565673828125 0.0127925872802734
-0.208175659179688 0.1192626953125 -0.0115499496459961 0.016880989074707
-0.0720367431640625 0.208892822265625 -0.0290126800537109 0.0238399505615235
0.0843658447265625 0.171218872070312 0.00230979919433594 0.0287036895751953
0.154739379882812 0.111907958984375 0.0258293151855469 0.0244598388671875
0.150558471679688 0.134109497070313 0.0114154815673828 0.0191688537597656
0.171127319335938 0.115463256835938 0.0146751403808594 0.0219230651855469
0.102447509765625 0.161117553710938 -0.00154078006744384 0.000624775886535654
-0.0103759765625 0.212966918945313 -0.0146656036376953 -0.0257949829101562
-0.168136596679687 0.176239013671875 0.0480194091796875 -0.0275001525878906
-0.286712646484375 -0.04107666015625 0.0972366333007812 0.00449371337890625
-0.215591430664062 -0.1883544921875 0.0890426635742187 0.0987930297851562
-0.110931396484375 -0.31561279296875 0.029266357421875 0.160690307617188
-0.099212646484375 -0.315673828125 0.0163726806640625 -0.099639892578125
-0.184234619140625 -0.2242431640625 -0.0225105285644531 -0.0490150451660156
-0.295379638671875 -0.057891845703125 -0.028127670288086 0.0071430206298828
-0.210433959960938 0.122207641601562 0.000116825103759753 -0.00694084167480468
-0.07861328125 0.209259033203125 -0.0275058746337891 -0.0213756561279297
0.0759429931640625 0.1767578125 -0.0268936157226562 -0.0268287658691406
0.145477294921875 0.119308471679688 -0.0363693237304687 -0.0156745910644531
0.142959594726563 0.139785766601563 -0.0529441833496094 -0.0112762451171875
0.163345336914062 0.12286376953125 -0.0480308532714844 -0.0108299255371094
0.094024658203125 0.159942626953125 -0.0451622009277344 -0.0437965393066406
-0.0133819580078125 0.207504272460938 -0.034088134765625 -0.0633735656738281
-0.161270141601563 0.16937255859375 0.0394783020019531 -0.0565376281738281
-0.27996826171875 -0.0382080078125 0.081329345703125 -0.0114059448242188
-0.21295166015625 -0.181884765625 0.0404167175292969 0.0636558532714843
-0.1170654296875 -0.3145751953125 0.000782012939453119 0.0627861022949219
-0.09918212890625 -0.265960693359375 -0.0101470947265625 -0.197006225585938
-0.167877197265625 -0.181777954101563 -0.0655364990234375 -0.099639892578125
-0.246795654296875 -0.0422515869140625 -0.0330390930175781 -0.00472068786621094
-0.170059204101563 0.102783203125 0.0060138702392578 -0.0313701629638672
-0.068695068359375 0.170547485351563 -0.0241241455078125 -0.061248779296875
0.056243896484375 0.152069091796875 -0.0527496337890625 -0.076995849609375
0.113723754882813 0.106819152832031 -0.0929183959960937 -0.0525741577148437
0.113571166992188 0.123481750488281 -0.109443664550781 -0.0407180786132812
0.129043579101563 0.11322021484375 -0.104522705078125 -0.0427322387695313
0.0661697387695313 0.135765075683594 -0.0801773071289062 -0.0829544067382813
-0.021453857421875 0.166732788085937 -0.04425048828125 -0.0938568115234375
-0.135292053222656 0.125709533691406 0.030670166015625 -0.0767822265625
-0.222885131835938 -0.0429229736328125 0.0622482299804687 -0.0195808410644531
-0.166427612304688 -0.151580810546875 -0.00785255432128907 0.0294170379638672
-0.100006103515625 -0.264907836914063 -0.0260105133056641 -0.0296878814697266
-0.0828704833984375 -0.172439575195313 -0.036956787109375 -0.275222778320313
-0.121635437011719 -0.107818603515625 -0.102462768554688 -0.142288208007813
-0.153305053710937 -0.01904296875 -0.0405998229980469 -0.0176010131835938
-0.0980224609375 0.0640869140625 0.00370788574218749 -0.0467071533203125
-0.0450668334960938 0.102302551269531 -0.020477294921875 -0.0862350463867187
0.0288543701171875 0.100067138671875 -0.069915771484375 -0.11077880859375
0.06475830078125 0.07666015625 -0.134788513183594 -0.080322265625
0.0668258666992188 0.0878219604492188 -0.1490478515625 -0.063720703125
0.0755386352539063 0.0862655639648438 -0.143661499023438 -0.069427490234375
0.0278549194335937 0.0931854248046875 -0.0993576049804688 -0.111495971679688
-0.029205322265625 0.101425170898438 -0.0417022705078125 -0.112129211425781
-0.0919036865234375 0.06329345703125 0.0269088745117187 -0.0847091674804688
-0.132736206054688 -0.0438385009765625 0.04510498046875 -0.0203895568847656
-0.0941238403320313 -0.100738525390625 -0.0426750183105469 -0.00013732910156251
-0.0683746337890625 -0.176651000976563 -0.0448532104492188 -0.102920532226563
-0.0527496337890625 -0.0535774230957031 -0.061767578125 -0.32061767578125
-0.0569534301757813 -0.0202102661132812 -0.132476806640625 -0.168701171875
-0.0401840209960938 0.00502014160156251 -0.0521926879882812 -0.027618408203125
-0.0167407989501953 0.0175933837890625 -0.00683212280273438 -0.0493583679199219
-0.0168876647949219 0.0211143493652344 -0.0161209106445313 -0.0908355712890625
-0.00354385375976563 0.0345344543457031 -0.0768966674804688 -0.122688293457031
0.00615310668945313 0.0351943969726563 -0.15667724609375 -0.093658447265625
0.00954437255859375 0.0388145446777344 -0.167526245117188 -0.077117919921875
0.011810302734375 0.0470924377441406 -0.161239624023437 -0.088043212890625
-0.0110282897949219 0.0371437072753906 -0.100738525390625 -0.126426696777344
-0.0282917022705078 0.0266494750976563 -0.027130126953125 -0.117172241210938
-0.0353622436523437 0.00132369995117187 0.0266647338867187 -0.0822830200195313
-0.0333423614501953 -0.0303058624267578 0.0334758758544922 -0.0163097381591797
-0.0198993682861328 -0.0336456298828125 -0.0587387084960938 -0.0225791931152344
-0.0313072204589844 -0.0634651184082031 -0.052490234375 -0.14801025390625
0.000335693359374998 -0.0785293579101563 0.0853271484375 0.1712646484375
-0.0399856567382813 -0.0514373779296875 0.08758544921875 0.05340576171875
-0.0712127685546875 0.00228118896484376 -0.029083251953125 0.00624465942382812
-0.0415420532226563 0.0457687377929687 -0.042022705078125 0.0669975280761719
0.0141067504882813 0.055572509765625 -0.00696563720703126 0.116256713867188
0.0455551147460938 0.0187835693359375 0.0806350708007813 0.133903503417969
0.0541267395019531 0.001007080078125 0.165664672851562 0.0910491943359375
0.0491104125976563 0.0133285522460938 0.168609619140625 0.077545166015625
0.0503654479980469 0.00367355346679687 0.15997314453125 0.0924835205078125
0.0393600463867188 0.0345039367675781 0.0940780639648438 0.118057250976563
0.00175094604492188 0.0570831298828125 0.0283432006835938 0.0836715698242188
-0.0534706115722656 0.0465583801269531 0.0341377258300781 0.051116943359375
-0.0644454956054688 -0.02606201171875 0.0827255249023438 0.050750732421875
-0.03369140625 -0.0541038513183594 0.143966674804688 0.157669067382813
0.006988525390625 -0.0617179870605469 0.05596923828125 0.349212646484375
-0.03857421875 -0.189224243164063 0.0784454345703125 0.146682739257813
-0.0965957641601562 -0.128555297851563 0.0797805786132813 0.0526046752929687
-0.165542602539063 -0.02386474609375 -0.023672103881836 0.00968170166015624
-0.112258911132813 0.0808334350585938 -0.0357742309570313 0.0527992248535156
-0.0161895751953125 0.12689208984375 -0.0208816528320313 0.0972213745117188
0.0727615356445313 0.0833892822265625 0.058990478515625 0.116744995117188
0.109466552734375 0.0460128784179688 0.137275695800781 0.0819778442382813
0.1053466796875 0.0667343139648438 0.134727478027344 0.0676956176757813
0.112434387207031 0.05322265625 0.131546020507813 0.0789413452148438
0.07208251953125 0.0965194702148438 0.0757293701171875 0.0894088745117188
-0.00651550292968749 0.132026672363281 0.0192794799804687 0.0551528930664063
-0.1148681640625 0.105049133300781 0.0476875305175781 0.0315361022949219
-0.16949462890625 -0.042572021484375 0.0990524291992187 0.0404815673828125
-0.114242553710938 -0.126419067382812 0.14788818359375 0.152938842773438
-0.0424346923828125 -0.184417724609375 0.062835693359375 0.32183837890625
-0.0720062255859375 -0.278564453125 0.0637588500976563 0.0873641967773438
-0.146377563476563 -0.193984985351562 0.0571441650390625 0.0337638854980469
-0.24786376953125 -0.0471343994140625 -0.0213050842285156 0.01470947265625
-0.174957275390625 0.109329223632813 -0.0242729187011719 0.0377311706542969
-0.046905517578125 0.185150146484375 -0.0271873474121094 0.0668869018554688
0.0880661010742188 0.140083312988281 0.032958984375 0.0808792114257813
0.14825439453125 0.085906982421875 0.089508056640625 0.058319091796875
0.14556884765625 0.110321044921875 0.0798263549804688 0.0471725463867188
0.159408569335938 0.0920257568359375 0.0817337036132813 0.0538711547851563
0.098541259765625 0.141494750976563 0.0426216125488281 0.0482101440429688
-0.00785827636718748 0.191864013671875 0.00509738922119141 0.0171823501586914
-0.155319213867188 0.158340454101563 0.0544395446777344 0.00261306762695313
-0.255661010742188 -0.04290771484375 0.106361389160156 0.0233078002929687
-0.186813354492188 -0.174118041992188 0.131988525390625 0.132545471191406
-0.0916290283203125 -0.27935791015625 0.0546875 0.257736206054688
-0.096832275390625 -0.329071044921875 0.0429573059082031 -0.000682830810546895
-0.184814453125 -0.232315063476562 0.0214653015136719 -0.00258827209472658
-0.303985595703125 -0.056915283203125 -0.0228500366210938 0.015228271484375
-0.214996337890625 0.130645751953125 -0.0108757019042969 0.0181884765625
-0.0691070556640625 0.221237182617188 -0.0293922424316406 0.0261211395263672
0.0925750732421875 0.1766357421875 0.00291633605957032 0.0305328369140625
0.16436767578125 0.112503051757813 0.0281238555908203 0.0236797332763672
0.163650512695313 0.13677978515625 0.0137271881103516 0.0203800201416016
0.181854248046875 0.1162109375 0.0177879333496094 0.0235023498535156
0.111358642578125 0.165802001953125 -0.00134861469268798 0.000997066497802745
-0.00512695312499999 0.223648071289062 -0.0157337188720703 -0.0249156951904297
-0.170989990234375 0.190109252929688 0.0514259338378906 -0.0304603576660156
-0.303558349609375 -0.0338134765624999 0.100379943847656 0.00293731689453125
-0.230728149414063 -0.19390869140625 0.0948333740234375 0.101638793945312
-0.124969482421875 -0.328643798828125 0.0330963134765625 0.167938232421875
-0.1112060546875 -0.32989501953125 0.0154037475585937 -0.103965759277344
-0.199859619140625 -0.231124877929688 -0.0247879028320313 -0.0514678955078125
-0.311981201171875 -0.052215576171875 -0.0272312164306641 0.00918769836425781
-0.216781616210938 0.133804321289062 0.000260829925537096 -0.0064711570739746
-0.0765533447265625 0.221969604492187 -0.0286579132080078 -0.0215778350830078
0.0839385986328125 0.18359375 -0.0292224884033203 -0.0276050567626953
0.155227661132813 0.121612548828125 -0.0384712219238281 -0.0159072875976563
0.156356811523438 0.143463134765625 -0.0553321838378906 -0.0095672607421875
0.174880981445313 0.124649047851563 -0.0501174926757812 -0.00939559936523438
0.102340698242188 0.165313720703125 -0.0486335754394531 -0.0443305969238281
-0.00849914550781249 0.218215942382813 -0.03668212890625 -0.0644989013671875
-0.16436767578125 0.183013916015625 0.0413627624511719 -0.0602378845214844
-0.296478271484375 -0.0311279296875001 0.083770751953125 -0.0133056640625
-0.22802734375 -0.186325073242187 0.0435295104980469 0.0664253234863281
-0.132476806640625 -0.327484130859375 0.00177764892578125 0.0664405822753906
-0.111068725585938 -0.27728271484375 -0.01446533203125 -0.205047607421875
-0.180740356445313 -0.187210083007813 -0.0712814331054688 -0.102851867675781
-0.26123046875 -0.0365753173828125 -0.0334091186523438 -0.00308609008789062
-0.175750732421875 0.112350463867188 0.00605773925781249 -0.0317001342773437
-0.0669097900390625 0.182113647460938 -0.026153564453125 -0.0633773803710937
0.0628204345703125 0.157989501953125 -0.0578842163085938 -0.0803375244140625
0.121879577636719 0.109306335449219 -0.0994033813476562 -0.0536727905273437
0.124282836914063 0.126922607421875 -0.115921020507812 -0.0380783081054688
0.139167785644531 0.115234375 -0.110382080078125 -0.04052734375
0.0724639892578125 0.140480041503906 -0.086822509765625 -0.0843963623046875
-0.017791748046875 0.175552368164063 -0.0481491088867187 -0.096038818359375
-0.138114929199219 0.136734008789063 0.0311279296875 -0.0809249877929687
-0.236648559570313 -0.038177490234375 0.0635414123535156 -0.0212287902832031
-0.178573608398438 -0.156112670898438 -0.00753784179687501 0.0321044921875
-0.11260986328125 -0.2763671875 -0.0280838012695313 -0.029684066772461
-0.0908050537109375 -0.180831909179688 -0.044525146484375 -0.286773681640625
-0.131027221679688 -0.111289978027344 -0.111526489257813 -0.146774291992188
-0.162933349609375 -0.015594482421875 -0.0427398681640625 -0.0177688598632813
-0.102447509765625 0.0698471069335938 0.00259017944335937 -0.04803466796875
-0.0443267822265625 0.109756469726563 -0.0221786499023438 -0.08990478515625
0.0327835083007813 0.10467529296875 -0.0769882202148438 -0.115943908691406
0.0699615478515625 0.0785903930664063 -0.145172119140625 -0.0806732177734375
0.0735397338867188 0.0914688110351563 -0.1600341796875 -0.0615234375
0.083038330078125 0.0894241333007812 -0.152816772460937 -0.0673370361328125
0.0314712524414062 0.0967636108398438 -0.107627868652344 -0.113822937011719
-0.0280990600585938 0.10723876953125 -0.0456085205078125 -0.115791320800781
-0.0947952270507813 0.0689239501953125 0.0267410278320313 -0.089080810546875
-0.141738891601563 -0.0418243408203125 0.0463066101074219 -0.0214309692382813
-0.102043151855469 -0.104103088378906 -0.0443077087402344 0.00219345092773436
-0.07611083984375 -0.1842041015625 -0.0488967895507813 -0.106117248535156
-0.0556259155273437 -0.0563201904296875 -0.072235107421875 -0.333251953125
-0.0602035522460938 -0.0207099914550781 -0.143539428710937 -0.174163818359375
-0.0433464050292969 0.00602722167968749 -0.05523681640625 -0.0281486511230469
-0.0174236297607422 0.0181846618652344 -0.00835800170898438 -0.0509223937988281
-0.0170936584472656 0.0232887268066406 -0.0176162719726562 -0.0951919555664063
-0.00205612182617188 0.0367050170898437 -0.0842208862304687 -0.128715515136719
0.00782394409179687 0.0366706848144531 -0.168533325195313 -0.0943756103515625
0.0116348266601563 0.0410194396972656 -0.179367065429688 -0.0740509033203125
0.0147781372070312 0.0490875244140625 -0.172561645507813 -0.0865020751953125
-0.0105972290039063 0.0396766662597656 -0.1097412109375 -0.130126953125
-0.0291156768798828 0.0289211273193359 -0.03076171875 -0.121574401855469
-0.0369644165039063 0.00242233276367187 0.0262985229492188 -0.0864486694335938
-0.036651611328125 -0.0305671691894531 0.0337944030761719 -0.0173969268798828
-0.0220584869384766 -0.0349674224853516 -0.0623207092285156 -0.0211143493652344
-0.0350990295410156 -0.0665931701660156 -0.0577545166015625 -0.153915405273438
-0.00331878662109375 -0.0802230834960937 0.0963897705078125 0.173797607421875
-0.0429725646972656 -0.0506477355957031 0.09466552734375 0.0500640869140625
-0.0718612670898438 0.00533294677734375 -0.0278434753417969 0.00763893127441407
-0.0398178100585938 0.0490379333496094 -0.0400390625 0.0704727172851563
0.0170326232910156 0.0560760498046875 -0.00246429443359374 0.120735168457031
0.0473098754882813 0.0163764953613281 0.090240478515625 0.136672973632813
0.0551490783691406 -0.0010223388671875 0.177230834960938 0.0855712890625
0.0515213012695313 0.0113716125488281 0.180145263671875 0.07073974609375
0.0516319274902344 0.0009307861328125 0.172210693359375 0.087615966796875
0.042327880859375 0.0333404541015625 0.104995727539062 0.118194580078125
0.00460052490234375 0.05914306640625 0.0326309204101562 0.086578369140625
-0.0528182983398438 0.0513572692871094 0.0377311706542969 0.0506172180175781
-0.0680770874023438 -0.0241813659667969 0.0870819091796875 0.0472488403320312
-0.03680419921875 -0.0534820556640625 0.154998779296875 0.155517578125
0.00384902954101563 -0.0632667541503906 0.0723876953125 0.358062744140625
-0.0491943359375 -0.193679809570313 0.0880126953125 0.148101806640625
-0.105690002441406 -0.127578735351563 0.0860519409179688 0.049102783203125
-0.171615600585938 -0.0163421630859375 -0.0219688415527344 0.0117912292480469
-0.112083435058594 0.0887908935546875 -0.0339164733886719 0.0560836791992187
-0.0103759765625 0.131378173828125 -0.017059326171875 0.101768493652344
0.0778884887695313 0.0820236206054688 0.0676193237304688 0.119270324707031
0.114692687988281 0.0427322387695312 0.147171020507813 0.077545166015625
0.113197326660156 0.0644302368164063 0.144622802734375 0.06280517578125
0.1181640625 0.0492706298828125 0.142135620117188 0.0743865966796875
0.0789108276367188 0.0954971313476563 0.0838699340820313 0.089691162109375
-0.000610351562500014 0.13726806640625 0.0225944519042969 0.0574417114257813
-0.113609313964844 0.115394592285156 0.0510826110839844 0.0289535522460938
-0.178512573242188 -0.0359344482421875 0.103874206542969 0.0363388061523438
-0.123641967773438 -0.125442504882813 0.15875244140625 0.151077270507813
-0.0538330078125 -0.189239501953125 0.078033447265625 0.3297119140625
-0.086822509765625 -0.28411865234375 0.07049560546875 0.0869293212890625
-0.160720825195313 -0.193557739257813 0.0621681213378906 0.0309715270996094
-0.258529663085938 -0.035614013671875 -0.0189304351806641 0.0168113708496094
-0.175125122070313 0.12109375 -0.0223197937011719 0.0402603149414063
-0.0389404296875 0.193740844726563 -0.0254135131835938 0.0709152221679688
0.0967559814453125 0.139419555664063 0.0382461547851563 0.08331298828125
0.156356811523438 0.08209228515625 0.09600830078125 0.05499267578125
0.1578369140625 0.107559204101562 0.0867996215820313 0.044769287109375
0.169265747070313 0.087310791015625 0.0891189575195313 0.051605224609375
0.108367919921875 0.141693115234375 0.0475387573242188 0.0481452941894531
0.000946044921874992 0.19879150390625 0.00579833984375 0.0191879272460938
-0.153564453125 0.172500610351563 0.0576133728027344 -0.00074005126953124
-0.268402099609375 -0.0307159423828125 0.110206604003906 0.0188369750976563
-0.201217651367188 -0.172760009765625 0.141036987304688 0.131195068359375
-0.109344482421875 -0.284820556640625 0.067535400390625 0.2650146484375
-0.11572265625 -0.33660888671875 0.045257568359375 -0.00231170654296877
-0.202911376953125 -0.232101440429687 0.0230350494384765 -0.00447273254394533
-0.318115234375 -0.0430908203125 -0.020803451538086 0.0177116394042969
-0.216079711914063 0.144805908203125 -0.0095806121826172 0.0199317932128906
-0.0595855712890625 0.232574462890625 -0.0290069580078125 0.0287513732910156
0.103378295898438 0.177520751953125 0.00445747375488282 0.0317420959472656
0.175079345703125 0.108963012695313 0.0302772521972656 0.0219707489013672
0.178558349609375 0.13446044921875 0.016448974609375 0.0207595825195313
0.194915771484375 0.111190795898438 0.0215511322021485 0.0238189697265625
0.1229248046875 0.165878295898438 -0.000906229019165032 0.00185096263885499
0.00529479980468752 0.232437133789062 -0.0172576904296875 -0.0233707427978515
-0.168350219726563 0.206573486328125 0.0530509948730469 -0.0347366333007812
-0.31793212890625 -0.019683837890625 0.103416442871094 -0.00121307373046875
-0.248092651367188 -0.189926147460937 0.102249145507812 0.101936340332031
-0.146270751953125 -0.33514404296875 0.0416412353515625 0.172409057617187
-0.130462646484375 -0.33660888671875 0.0122909545898437 -0.107650756835938
-0.21881103515625 -0.23114013671875 -0.0272979736328125 -0.0536384582519531
-0.32745361328125 -0.037841796875 -0.0258331298828125 0.0115604400634766
-0.218460083007812 0.148651123046875 0.00111055374145506 -0.00635480880737304
-0.0673675537109375 0.2347412109375 -0.0302276611328125 -0.0198173522949219
0.0946197509765625 0.186370849609375 -0.0319576263427734 -0.0272369384765625
0.165740966796875 0.118392944335938 -0.0404624938964844 -0.0152549743652344
0.171554565429688 0.141159057617188 -0.0570259094238281 -0.00624084472656248
0.188079833984375 0.120620727539062 -0.051025390625 -0.00569152832031249
0.113723754882813 0.16607666015625 -0.0520858764648437 -0.0430145263671875
0.001800537109375 0.225997924804688 -0.0402488708496094 -0.0638847351074219
-0.161331176757813 0.198135375976562 0.0411643981933594 -0.0648574829101562
-0.309600830078125 -0.0168762207031249 0.0852508544921875 -0.0165023803710937
-0.244720458984375 -0.1834716796875 0.0479545593261719 0.0682601928710937
-0.153717041015625 -0.333770751953125 0.00498199462890623 0.0692481994628906
-0.126953125 -0.28302001953125 -0.0238800048828125 -0.210586547851563
-0.196884155273438 -0.1864013671875 -0.0786972045898438 -0.1036376953125
-0.2747802734375 -0.0255279541015625 -0.0338191986083984 -0.00108718872070312
-0.177139282226563 0.1246337890625 0.00530052185058592 -0.0321140289306641
-0.059234619140625 0.193069458007812 -0.0294265747070313 -0.0641059875488281
0.0725860595703125 0.160980224609375 -0.0643768310546875 -0.0809707641601562
0.131149291992188 0.107429504394531 -0.106651306152344 -0.050994873046875
0.137741088867188 0.126007080078125 -0.122146606445312 -0.0332489013671875
0.1514892578125 0.1121826171875 -0.115516662597656 -0.035552978515625
0.0821990966796875 0.142333984375 -0.0943069458007813 -0.082427978515625
-0.0100555419921875 0.182373046875 -0.0540008544921875 -0.0967788696289062
-0.136505126953125 0.1488037109375 0.0300369262695313 -0.0854339599609375
-0.248138427734375 -0.0262908935546875 0.0642509460449219 -0.0237350463867188
-0.192596435546875 -0.154190063476563 -0.00614166259765626 0.0351829528808594
-0.130859375 -0.281143188476563 -0.0296134948730469 -0.0290756225585938
-0.102264404296875 -0.184066772460938 -0.058441162109375 -0.29351806640625
-0.141021728515625 -0.110153198242187 -0.123123168945313 -0.146408081054688
-0.171188354492188 -0.00833129882812496 -0.0441970825195313 -0.0162277221679688
-0.103729248046875 0.0771942138671875 0.000831604003906247 -0.0487518310546875
-0.03997802734375 0.11688232421875 -0.0262832641601563 -0.0920867919921875
0.0395584106445313 0.107688903808594 -0.086700439453125 -0.117462158203125
0.0768051147460938 0.0784683227539063 -0.1558837890625 -0.0762786865234375
0.08282470703125 0.0911636352539062 -0.169052124023438 -0.0538177490234375
0.0912551879882813 0.0882568359375 -0.16204833984375 -0.0609588623046875
0.0372390747070313 0.0993499755859375 -0.117431640625 -0.112319946289062
-0.023406982421875 0.112052917480469 -0.0518722534179687 -0.117149353027344
-0.0949249267578125 0.0765304565429687 0.0239334106445312 -0.0928955078125
-0.150009155273438 -0.0345001220703125 0.0462150573730469 -0.0233726501464844
-0.110549926757813 -0.103843688964844 -0.0453071594238281 0.00611877441406249
-0.08905029296875 -0.18780517578125 -0.0548095703125 -0.107284545898437
-0.0598220825195313 -0.0569496154785156 -0.08868408203125 -0.340362548828125
-0.0629997253417969 -0.0195770263671875 -0.157806396484375 -0.172805786132812
-0.0463600158691406 0.00775527954101563 -0.0593452453613281 -0.0264739990234375
-0.0181789398193359 0.0199604034423828 -0.0111122131347656 -0.051422119140625
-0.0162029266357422 0.0258674621582031 -0.022308349609375 -0.0986404418945313
0.000293731689453122 0.0388984680175781 -0.0940093994140625 -0.131370544433594
0.00982284545898438 0.0376815795898438 -0.1806640625 -0.0892333984375
0.0154762268066406 0.0422019958496094 -0.191177368164062 -0.067108154296875
0.0191497802734375 0.0501976013183594 -0.183364868164063 -0.0796051025390625
-0.00914764404296875 0.0425643920898437 -0.1209716796875 -0.129310607910156
-0.0286369323730469 0.0317039489746094 -0.0369949340820313 -0.124801635742187
-0.0380935668945312 0.0045623779296875 0.0237274169921875 -0.089385986328125
-0.0403213500976563 -0.02874755859375 0.0339889526367188 -0.0185737609863281
-0.0252838134765625 -0.0359344482421875 -0.0646438598632813 -0.0175247192382813
-0.0396194458007812 -0.0676651000976563 -0.0655059814453125 -0.156448364257812
-0.0075836181640625 -0.0798416137695312 0.104873657226562 0.171493530273438
-0.0447273254394531 -0.0486793518066406 0.0989990234375 0.0446548461914063
-0.0707931518554687 0.00890350341796875 -0.0258712768554688 0.00866127014160157
-0.0378379821777344 0.0515213012695312 -0.036773681640625 0.0721817016601563
0.0198211669921875 0.0550804138183594 0.00298309326171875 0.122512817382813
0.0477447509765625 0.0137977600097656 0.0987091064453125 0.1353759765625
0.0554847717285156 -0.00370407104492188 0.184310913085937 0.0773773193359375
0.0529823303222656 0.0091552734375 0.187698364257813 0.06103515625
0.0511741638183594 -0.000835418701171875 0.180679321289063 0.0786895751953125
0.0440444946289063 0.03125 0.11334228515625 0.114898681640625
0.00812911987304688 0.05938720703125 0.0367813110351563 0.0875320434570312
-0.050445556640625 0.0546035766601563 0.0407867431640625 0.0488548278808594
-0.0704879760742188 -0.0211257934570313 0.0899124145507813 0.0420913696289063
-0.0392608642578125 -0.0518760681152344 0.162643432617188 0.149154663085938
0.000469207763671871 -0.0635604858398438 0.08782958984375 0.357635498046875
-0.058685302734375 -0.192779541015625 0.095703125 0.145431518554688
-0.112251281738281 -0.123878479003906 0.09014892578125 0.0439682006835937
-0.173416137695313 -0.00811767578125001 -0.0192623138427734 0.0127372741699219
-0.108619689941406 0.0941848754882813 -0.0310821533203125 0.0575485229492188
-0.003692626953125 0.132270812988281 -0.0127410888671875 0.104316711425781
0.081817626953125 0.0785598754882813 0.0747451782226562 0.118934631347656
0.117904663085937 0.037872314453125 0.153564453125 0.06988525390625
0.118759155273438 0.059844970703125 0.15130615234375 0.0548095703125
0.121788024902344 0.0438003540039063 0.149551391601563 0.067138671875
0.0838775634765625 0.0920791625976563 0.090484619140625 0.087005615234375
0.00572204589843751 0.139091491699219 0.0249176025390625 0.0591163635253906
-0.109306335449219 0.12286376953125 0.0536003112792969 0.0258102416992188
-0.183242797851563 -0.027587890625 0.105751037597656 0.0311431884765625
-0.130279541015625 -0.121253967285156 0.166091918945313 0.145034790039063
-0.064300537109375 -0.188018798828125 0.09210205078125 0.33013916015625
-0.1015625 -0.283294677734375 0.0759429931640625 0.08514404296875
-0.171661376953125 -0.187469482421875 0.0650253295898437 0.0269012451171875
-0.262985229492188 -0.02252197265625 -0.0158672332763672 0.0178394317626953
-0.17138671875 0.130477905273438 -0.0202064514160156 0.0413436889648438
-0.0289154052734375 0.1968994140625 -0.0225677490234375 0.07379150390625
0.104057312011719 0.1357421875 0.0428390502929688 0.0836868286132813
0.161697387695313 0.075408935546875 0.100418090820313 0.04986572265625
0.166854858398437 0.101028442382812 0.0915451049804688 0.0403213500976563
0.175491333007812 0.080322265625 0.095306396484375 0.0471649169921875
0.116058349609375 0.137710571289063 0.0512733459472656 0.046630859375
0.0106964111328125 0.201858520507812 0.00688934326171875 0.0208225250244141
-0.146926879882813 0.1834716796875 0.0588264465332031 -0.00522232055664061
-0.274429321289063 -0.01763916015625 0.111587524414063 0.01385498046875
-0.211685180664063 -0.165435791015625 0.148239135742188 0.126495361328125
-0.125 -0.282745361328125 0.0789947509765625 0.264801025390625
-0.13299560546875 -0.334869384765625 0.0463447570800781 -0.00405120849609377
-0.216156005859375 -0.224960327148437 0.0233154296875 -0.00700759887695314
-0.323883056640625 -0.0268859863281251 -0.0175056457519531 0.01904296875
-0.21148681640625 0.1566162109375 -0.0074901580810547 0.0205039978027344
-0.0482330322265625 0.238479614257813 -0.0277233123779297 0.0315341949462891
0.112503051757813 0.174209594726563 0.005615234375 0.0326328277587891
0.1820068359375 0.101608276367188 0.0319900512695313 0.0198574066162109
0.189682006835938 0.127105712890625 0.0187950134277344 0.0199222564697266
0.203506469726563 0.10296630859375 0.0252265930175781 0.0226287841796875
0.13201904296875 0.161651611328125 5.34057617187582E-05 0.00240421295166017
0.016632080078125 0.234725952148438 -0.0180225372314453 -0.021493911743164
-0.160385131835938 0.217864990234375 0.0532112121582031 -0.0387344360351562
-0.323822021484375 -0.00326538085937494 0.103744506835937 -0.00506591796875
-0.26031494140625 -0.181365966796875 0.107879638671875 0.0991134643554687
-0.16552734375 -0.332244873046875 0.0494842529296875 0.17340087890625
-0.147796630859375 -0.33575439453125 0.00803375244140625 -0.109870910644531
-0.2327880859375 -0.223052978515625 -0.0302772521972656 -0.0529708862304688
-0.3336181640625 -0.02099609375 -0.0236225128173828 0.013519287109375
-0.214141845703125 0.160888671875 0.00199651718139647 -0.00522375106811522
-0.055450439453125 0.2412109375 -0.0305309295654297 -0.0184364318847656
0.105331420898438 0.183486938476562 -0.0345821380615234 -0.0262260437011719
0.173187255859375 0.112030029296875 -0.0427627563476562 -0.014007568359375
0.1832275390625 0.134552001953125 -0.057464599609375 -0.00310134887695311
0.197525024414063 0.111892700195313 -0.0500602722167969 -0.003265380859375
0.122970581054688 0.161895751953125 -0.054840087890625 -0.0407752990722656
0.01275634765625 0.229217529296875 -0.0434226989746094 -0.0613822937011719
-0.1546630859375 0.20977783203125 0.0396156311035156 -0.0689964294433594
-0.31597900390625 -0.000274658203125059 0.0850677490234375 -0.0196304321289063
-0.256851196289062 -0.174636840820313 0.0515594482421875 0.0682182312011719
-0.172576904296875 -0.329620361328125 0.00859451293945311 0.0701980590820312
-0.1412353515625 -0.282257080078125 -0.0329437255859375 -0.211761474609375
-0.209548950195312 -0.180389404296875 -0.0851669311523438 -0.101264953613281
-0.280609130859375 -0.01104736328125 -0.0326995849609375 0.000751495361328128
-0.174057006835938 0.135162353515625 0.00516510009765624 -0.0312366485595703
-0.0496826171875 0.199325561523438 -0.0317115783691406 -0.0633506774902344
0.0814971923828125 0.16009521484375 -0.070159912109375 -0.0797805786132812
0.138145446777344 0.102775573730469 -0.111480712890625 -0.0461502075195313
0.148452758789063 0.120651245117188 -0.125114440917969 -0.0260696411132813
0.1605224609375 0.105865478515625 -0.117630004882812 -0.0287017822265625
0.0899124145507813 0.140060424804688 -0.0994873046875 -0.0781478881835937
-0.00103759765625 0.185028076171875 -0.0586776733398438 -0.0943145751953125
-0.13116455078125 0.157806396484375 0.02703857421875 -0.0880966186523437
-0.253387451171875 -0.012725830078125 0.0634651184082031 -0.02593994140625
-0.202774047851562 -0.147689819335938 -0.00380706787109376 0.0372047424316406
-0.147109985351562 -0.279067993164063 -0.0306606292724609 -0.0272312164306641
-0.112014770507813 -0.182891845703125 -0.0716552734375 -0.293365478515625
-0.148788452148438 -0.105560302734375 -0.132278442382813 -0.142532348632812
-0.175262451171875 0.000808715820312539 -0.0452690124511719 -0.0135993957519531
-0.101936340332031 0.0833053588867188 -0.000297546386718757 -0.0485687255859375
-0.033660888671875 0.121665954589844 -0.0300827026367188 -0.0922470092773437
0.045745849609375 0.107284545898438 -0.0948562622070312 -0.116294860839844
0.0816192626953125 0.07635498046875 -0.16290283203125 -0.069366455078125
0.0899887084960938 0.0877685546875 -0.173812866210938 -0.0449066162109375
0.0979156494140625 0.08392333984375 -0.166656494140625 -0.05181884765625
0.042724609375 0.0987777709960938 -0.124954223632812 -0.10711669921875
-0.0181045532226562 0.114494323730469 -0.0574722290039062 -0.115951538085938
-0.091705322265625 0.0826644897460938 0.0204315185546875 -0.094696044921875
-0.154266357421875 -0.026885986328125 0.0453948974609375 -0.0245590209960938
-0.117668151855469 -0.100318908691406 -0.0442466735839844 0.0100593566894531
-0.099853515625 -0.186370849609375 -0.0587921142578125 -0.105552673339844
-0.0631904602050781 -0.0564765930175781 -0.104461669921875 -0.339202880859375
-0.0650672912597656 -0.0180702209472656 -0.167938232421875 -0.166717529296875
-0.0477828979492188 0.0104293823242187 -0.0614395141601563 -0.0237503051757813
-0.0182132720947266 0.0208530426025391 -0.0126800537109375 -0.0500946044921875
-0.0151348114013672 0.0282955169677734 -0.0263137817382812 -0.098968505859375
0.0024871826171875 0.0400772094726563 -0.103530883789063 -0.129913330078125
0.0116958618164063 0.0379600524902344 -0.188827514648438 -0.08050537109375
0.0186843872070313 0.0418891906738281 -0.197219848632813 -0.056243896484375
0.02301025390625 0.0496788024902344 -0.189605712890625 -0.06951904296875
-0.00657272338867188 0.0441398620605469 -0.129096984863281 -0.123725891113281
-0.0273666381835937 0.0329036712646484 -0.043060302734375 -0.124893188476563
-0.0387115478515625 0.00683212280273438 0.019195556640625 -0.0912628173828125
-0.0425872802734375 -0.0260467529296875 0.0335617065429688 -0.019195556640625
-0.0275955200195313 -0.03558349609375 -0.0654411315917969 -0.0130424499511719
-0.0439109802246094 -0.0675239562988281 -0.0717926025390625 -0.155181884765625
-0.00971984863281249 -0.0782318115234375 0.1094970703125 0.169265747070313
-0.045135498046875 -0.0466575622558594 0.101104736328125 0.0404434204101563
-0.0695991516113281 0.010467529296875 -0.0244178771972656 0.00836181640625
-0.0356826782226563 0.0520057678222656 -0.0346450805664063 0.0720062255859375
0.0212593078613281 0.0536766052246094 0.00587463378906251 0.123489379882813
0.0469017028808594 0.0117568969726562 0.103729248046875 0.133132934570313
0.05511474609375 -0.00546646118164063 0.18829345703125 0.070587158203125
0.0530471801757812 0.00803756713867187 0.190185546875 0.0537567138671875
0.0502738952636719 -0.00199127197265625 0.1845703125 0.0714569091796875
0.04449462890625 0.0291671752929688 0.11810302734375 0.111587524414063
0.0100173950195313 0.059051513671875 0.0393905639648438 0.087982177734375
-0.0482749938964844 0.0566787719726562 0.0413436889648438 0.0464057922363281
-0.0710983276367188 -0.0185623168945312 0.0898818969726562 0.0382003784179687
-0.0400772094726563 -0.0499382019042969 0.165924072265625 0.143768310546875
-0.00186920166015625 -0.0630416870117188 0.095458984375 0.354827880859375
-0.064117431640625 -0.189559936523438 0.0992279052734375 0.142868041992188
-0.115371704101563 -0.119987487792969 0.09197998046875 0.04022216796875
-0.172470092773438 -0.00244140625000001 -0.0171403884887695 0.0125865936279297
-0.10546875 0.0969161987304687 -0.0286750793457031 0.0576858520507813
0.000686645507812495 0.131187438964844 -0.010162353515625 0.105972290039063
0.0829925537109375 0.0751190185546875 0.0789337158203125 0.117813110351563
0.118629455566406 0.03387451171875 0.156707763671875 0.0642242431640625
0.122154235839844 0.0558547973632813 0.153900146484375 0.04852294921875
0.123008728027344 0.0403671264648438 0.153350830078125 0.0611572265625
0.0860595703125 0.0891265869140625 0.0945205688476563 0.0845260620117188
0.0102157592773437 0.139190673828125 0.0270462036132812 0.0596694946289063
-0.104759216308594 0.127372741699219 0.054718017578125 0.0230484008789063
-0.184677124023437 -0.0208282470703125 0.105552673339844 0.027435302734375
-0.1336669921875 -0.117530822753906 0.169265747070313 0.14031982421875
-0.0701904296875 -0.185958862304688 0.099609375 0.32720947265625
-0.109375 -0.279525756835938 0.0780868530273438 0.0827713012695312
-0.17669677734375 -0.181869506835938 0.0662498474121094 0.0235061645507812
-0.263076782226563 -0.0135498046875 -0.0132465362548828 0.0178089141845703
-0.166595458984375 0.135238647460938 -0.0175628662109375 0.0415611267089844
-0.0219879150390625 0.1976318359375 -0.02020263671875 0.0755538940429688
0.107345581054688 0.131851196289062 0.0459442138671875 0.0832672119140625
0.164230346679687 0.07025146484375 0.102470397949219 0.045806884765625
0.1722412109375 0.0957183837890625 0.0947418212890625 0.036529541015625
0.178390502929688 0.07391357421875 0.0992050170898438 0.0430068969726563
0.119491577148438 0.1337890625 0.0539207458496094 0.0456085205078125
0.0173187255859375 0.201446533203125 0.00774955749511719 0.0228157043457031
-0.1412353515625 0.188323974609375 0.0594329833984375 -0.00831222534179686
-0.275894165039063 -0.00788879394531255 0.110603332519531 0.0107421875
-0.216140747070313 -0.160079956054687 0.151275634765625 0.122451782226562
-0.1334228515625 -0.278457641601563 0.085052490234375 0.262710571289063
-0.142242431640625 -0.33154296875 0.0462226867675781 -0.00531768798828127
-0.222976684570313 -0.217971801757813 0.0230903625488281 -0.00899505615234376
-0.3250732421875 -0.0157470703125 -0.0149936676025391 0.0195350646972656
-0.206375122070312 0.162506103515625 -0.00549888610839845 0.0208377838134766
-0.039886474609375 0.239593505859375 -0.0264854431152344 0.0330181121826172
0.116561889648438 0.170639038085938 0.00692749023437501 0.0330429077148438
0.184219360351562 0.096527099609375 0.0320396423339844 0.0185298919677734
0.196517944335938 0.120758056640625 0.0206546783447266 0.0191936492919922
0.207138061523438 0.0958099365234375 0.0277748107910156 0.0210323333740234
0.136505126953125 0.157119750976563 0.000530481338500985 0.00255918502807618
0.023590087890625 0.235031127929688 -0.0180149078369141 -0.0191802978515625
-0.153640747070313 0.22430419921875 0.0528564453125 -0.0421485900878906
-0.3253173828125 0.008575439453125 0.102859497070312 -0.0077972412109375
-0.26531982421875 -0.175506591796875 0.110687255859375 0.0963058471679687
-0.17572021484375 -0.327362060546875 0.054046630859375 0.172088623046875
-0.15802001953125 -0.332489013671875 0.00544738769531248 -0.10919189453125
-0.239883422851562 -0.216217041015625 -0.03192138671875 -0.0527458190917969
-0.335662841796875 -0.00897216796875002 -0.0221538543701172 0.0140876770019531
-0.2095947265625 0.167373657226562 0.00344133377075194 -0.005312442779541
-0.046478271484375 0.2435302734375 -0.0312252044677734 -0.0170364379882812
0.110031127929688 0.180328369140625 -0.0358200073242187 -0.0244827270507812
0.177139282226562 0.106781005859375 -0.0446548461914062 -0.0132102966308594
0.189910888671875 0.127670288085938 -0.0571174621582031 -0.000785827636718744
0.201980590820313 0.104782104492188 -0.0483932495117187 -0.00198745727539063
0.127456665039063 0.158157348632813 -0.0558662414550781 -0.0382461547851563
0.0200653076171875 0.2291259765625 -0.0442008972167969 -0.0593757629394531
-0.147674560546875 0.215194702148437 0.038665771484375 -0.0715103149414062
-0.316619873046875 0.0117187499999999 0.0840072631835937 -0.02105712890625
-0.262664794921875 -0.168380737304687 0.0538864135742187 0.0681686401367187
-0.182525634765625 -0.32568359375 0.0109672546386719 0.0701179504394531
-0.149627685546875 -0.27978515625 -0.039215087890625 -0.20989990234375
-0.2154541015625 -0.174362182617188 -0.088470458984375 -0.099151611328125
-0.282623291015625 -0.000427246093749988 -0.0320835113525391 0.00214004516601563
-0.1707763671875 0.140487670898438 0.0054645538330078 -0.0311336517333984
-0.0425567626953125 0.201690673828125 -0.0328712463378906 -0.0620574951171875
0.086578369140625 0.157867431640625 -0.07373046875 -0.0778732299804687
0.141342163085938 0.0990142822265625 -0.114418029785156 -0.0421600341796875
0.154434204101562 0.1153564453125 -0.126075744628906 -0.02093505859375
0.164901733398437 0.099090576171875 -0.11724853515625 -0.0251541137695313
0.0942306518554688 0.137603759765625 -0.102752685546875 -0.0747299194335937
0.00477600097656248 0.185501098632813 -0.060821533203125 -0.092010498046875
-0.126007080078125 0.162490844726563 0.0246810913085937 -0.0897598266601563
-0.254425048828125 -0.00320434570312497 0.0627555847167969 -0.0265579223632813
-0.207199096679687 -0.142410278320312 -0.00152969360351564 0.0387802124023437
-0.155899047851563 -0.2744140625 -0.0302600860595703 -0.0269794464111328
-0.117599487304688 -0.18145751953125 -0.0791015625 -0.290496826171875
-0.152481079101562 -0.1019287109375 -0.136962890625 -0.137794494628906
-0.177032470703125 0.00698852539062502 -0.0451278686523438 -0.012237548828125
-0.100257873535156 0.0863876342773438 -0.000522613525390627 -0.0474662780761719
-0.0293426513671875 0.123443603515625 -0.0320358276367188 -0.0918655395507812
0.049468994140625 0.106826782226563 -0.0997772216796875 -0.114768981933594
0.0835494995117188 0.074737548828125 -0.16668701171875 -0.06353759765625
0.0949554443359375 0.0849990844726563 -0.175537109375 -0.0372161865234375
0.102195739746094 0.080291748046875 -0.167587280273438 -0.0456695556640625
0.0458602905273438 0.0973358154296875 -0.129493713378906 -0.102310180664063
-0.0142745971679688 0.115043640136719 -0.06085205078125 -0.11444091796875
-0.0897140502929688 0.0858306884765625 0.0177764892578125 -0.095947265625
-0.155441284179688 -0.020233154296875 0.045013427734375 -0.0244712829589844
-0.121047973632813 -0.0976028442382812 -0.0428428649902344 0.0125350952148437
-0.10577392578125 -0.183914184570313 -0.0603790283203125 -0.104393005371094
-0.0643310546875 -0.0564651489257813 -0.112701416015625 -0.3349609375
-0.0662498474121094 -0.0165748596191406 -0.173583984375 -0.160797119140625
-0.04852294921875 0.012359619140625 -0.0622711181640625 -0.0218620300292969
-0.0183162689208984 0.0217761993408203 -0.0133705139160156 -0.0490150451660156
-0.0132331848144531 0.0289421081542969 -0.0282135009765625 -0.099334716796875
0.00445175170898437 0.0410270690917969 -0.109336853027344 -0.127899169921875
0.0132865905761719 0.0383758544921875 -0.193115234375 -0.073150634765625
0.0204048156738281 0.0415000915527344 -0.199600219726563 -0.04827880859375
0.0256996154785156 0.0486602783203125 -0.192031860351563 -0.0619964599609375
-0.00496673583984375 0.0447425842285156 -0.134086608886719 -0.119293212890625
-0.0261592864990234 0.0343685150146484 -0.0463485717773438 -0.124420166015625
-0.038482666015625 0.00829315185546876 0.0171432495117187 -0.0915603637695313
-0.0444526672363281 -0.0239181518554688 0.0329113006591797 -0.0187149047851563
-0.0294990539550781 -0.0352706909179688 -0.0643997192382813 -0.0104103088378906
-0.0463485717773438 -0.0668373107910156 -0.074127197265625 -0.153564453125
-0.0103607177734375 -0.0776519775390625 0.111663818359375 0.169631958007813
-0.0447540283203125 -0.04620361328125 0.102615356445313 0.037994384765625
-0.0693473815917969 0.0106201171875 -0.0237503051757813 0.00762748718261719
-0.035552978515625 0.0521278381347656 -0.03460693359375 0.0718231201171875
0.02203369140625 0.0526390075683594 0.00677490234375 0.125534057617188
0.0462799072265625 0.0107574462890625 0.107650756835937 0.1346435546875
0.0549964904785156 -0.00623703002929687 0.19171142578125 0.0675201416015625
0.0542678833007812 0.00716400146484375 0.193603515625 0.0495452880859375
0.0502243041992188 -0.00215530395507813 0.18853759765625 0.0683441162109375
0.0448532104492188 0.0285568237304688 0.122306823730469 0.111473083496094
0.0111961364746094 0.0595664978027344 0.0408554077148437 0.0898895263671875
-0.0470237731933594 0.0583953857421875 0.0422286987304688 0.0456962585449219
-0.0721359252929688 -0.0177383422851563 0.0893630981445313 0.0366592407226563
-0.0403861999511719 -0.0491218566894531 0.166824340820313 0.142471313476563
-0.00292205810546875 -0.0627098083496094 0.09722900390625 0.35693359375
-0.066314697265625 -0.189865112304688 0.101043701171875 0.14300537109375
-0.116943359375 -0.118766784667969 0.0933303833007812 0.037750244140625
-0.173355102539063 -0.000442504882812495 -0.0156440734863281 0.0119237899780273
-0.104713439941406 0.098602294921875 -0.0283470153808594 0.0576324462890625
0.00261688232421874 0.13165283203125 -0.0091094970703125 0.108039855957031
0.0831756591796875 0.0741195678710938 0.0819473266601563 0.118827819824219
0.119361877441406 0.0325393676757813 0.159347534179688 0.0619354248046875
0.125045776367188 0.05419921875 0.157455444335938 0.045654296875
0.12420654296875 0.039581298828125 0.15740966796875 0.058013916015625
0.087005615234375 0.0884857177734375 0.0977401733398438 0.0842514038085938
0.0124053955078125 0.140609741210938 0.0283088684082031 0.06219482421875
-0.104446411132813 0.1300048828125 0.0553359985351562 0.0218238830566406
-0.187118530273438 -0.0185699462890625 0.105209350585937 0.0258941650390625
-0.135528564453125 -0.116767883300781 0.170623779296875 0.139556884765625
-0.073028564453125 -0.186553955078125 0.1016845703125 0.32952880859375
-0.113204956054687 -0.279998779296875 0.0790023803710938 0.082733154296875
-0.179794311523437 -0.180801391601563 0.0663375854492187 0.0213127136230469
-0.264389038085938 -0.00915527343749999 -0.0115756988525391 0.0172204971313477
-0.166717529296875 0.1375732421875 -0.0165863037109375 0.0414848327636719
-0.0191802978515625 0.198776245117188 -0.0197372436523438 0.0777511596679688
0.108016967773437 0.130966186523437 0.0481338500976563 0.0841522216796875
0.165313720703125 0.0687103271484375 0.103744506835938 0.044036865234375
0.177032470703125 0.0931854248046875 0.096893310546875 0.0342864990234375
0.181396484375 0.072021484375 0.102302551269531 0.040283203125
0.121864318847656 0.133033752441406 0.0556221008300781 0.0456962585449219
0.0200042724609375 0.203903198242187 0.00874137878417969 0.0244197845458984
-0.139846801757813 0.193191528320313 0.0601997375488281 -0.0103530883789062
-0.278732299804687 -0.00415039062499995 0.111175537109375 0.0093841552734375
-0.219451904296875 -0.159271240234375 0.1533203125 0.122817993164062
-0.1380615234375 -0.279388427734375 0.0868377685546875 0.264694213867188
-0.14794921875 -0.33258056640625 0.0464859008789062 -0.00561523437500002
-0.227798461914062 -0.216766357421875 0.022623062133789 -0.01043701171875
-0.3277587890625 -0.00961303710937503 -0.013387680053711 0.0197639465332031
-0.206771850585938 0.1661376953125 -0.00403404235839845 0.020965576171875
-0.03619384765625 0.241653442382813 -0.0259304046630859 0.0348949432373047
0.118759155273437 0.169876098632813 0.00722122192382813 0.0339374542236328
0.187332153320313 0.0945281982421875 0.0322799682617188 0.0179824829101563
0.202438354492188 0.118179321289063 0.0216407775878906 0.0185050964355469
0.210678100585938 0.0930633544921875 0.0305805206298828 0.0194664001464844
0.138626098632813 0.156173706054687 0.000722408294677743 0.0034470558166504
0.027252197265625 0.236831665039063 -0.0178546905517578 -0.0176372528076172
-0.15264892578125 0.229141235351563 0.0531692504882812 -0.0446968078613281
-0.32818603515625 0.0140686035156249 0.102806091308594 -0.0080108642578125
-0.269668579101563 -0.173965454101562 0.112129211425781 0.097076416015625
-0.18133544921875 -0.328155517578125 0.0552520751953125 0.173309326171875
-0.1629638671875 -0.334564208984375 0.00444793701171874 -0.109725952148438
-0.245529174804688 -0.215225219726562 -0.0333938598632813 -0.0532035827636719
-0.33929443359375 -0.00238037109375001 -0.0200366973876953 0.0142192840576172
-0.20989990234375 0.172119140625 0.00487518310546874 -0.00517511367797851
-0.0430145263671875 0.246475219726563 -0.0309066772460938 -0.0159702301025391
0.112808227539063 0.180557250976563 -0.0372695922851562 -0.0245399475097656
0.179702758789063 0.105926513671875 -0.0460891723632812 -0.0120964050292969
0.1964111328125 0.125503540039063 -0.0567398071289062 0.000156402587890623
0.206192016601562 0.10162353515625 -0.0467910766601562 -0.00214767456054688
0.130294799804688 0.15802001953125 -0.0571441650390625 -0.0373191833496094
0.023590087890625 0.231460571289062 -0.04486083984375 -0.0578269958496094
-0.14642333984375 0.220138549804688 0.038482666015625 -0.0738677978515625
-0.320068359375 0.01739501953125 0.084075927734375 -0.0211181640625
-0.266387939453125 -0.167312622070313 0.0561180114746094 0.0687789916992187
-0.188262939453125 -0.3262939453125 0.0120086669921875 0.0706100463867187
-0.1551513671875 -0.281158447265625 -0.0406646728515625 -0.21075439453125
-0.220291137695313 -0.17401123046875 -0.0913162231445313 -0.0982437133789063
-0.285675048828125 0.00463867187500003 -0.0312519073486328 0.00299072265625
-0.171340942382813 0.143402099609375 0.00671005249023436 -0.0314655303955078
-0.039337158203125 0.20416259765625 -0.0334701538085937 -0.0625801086425781
0.0892333984375 0.15802001953125 -0.0766754150390625 -0.0779953002929687
0.14410400390625 0.098602294921875 -0.117721557617187 -0.0405654907226563
0.159271240234375 0.113571166992188 -0.126724243164063 -0.01849365234375
0.168930053710938 0.097015380859375 -0.117271423339844 -0.0232925415039062
0.0964126586914062 0.137382507324219 -0.104400634765625 -0.0727615356445312
0.007659912109375 0.186904907226563 -0.0619430541992188 -0.0912094116210937
-0.125335693359375 0.166229248046875 0.024627685546875 -0.0916519165039062
-0.257080078125 0.00148010253906256 0.0624275207519531 -0.0257720947265625
-0.211029052734375 -0.141708374023438 -0.00042724609375001 0.040740966796875
-0.1607666015625 -0.2762451171875 -0.0297641754150391 -0.0269947052001953
-0.120880126953125 -0.183441162109375 -0.0819091796875 -0.29156494140625
-0.155364990234375 -0.101669311523438 -0.140151977539063 -0.136428833007812
-0.179107666015625 0.0107421875 -0.0453605651855469 -0.0109367370605469
-0.1005859375 0.08831787109375 0.000190734863281242 -0.0474967956542969
-0.0272445678710938 0.125198364257812 -0.0328292846679688 -0.0931167602539062
0.0517807006835937 0.107643127441406 -0.104049682617188 -0.114822387695313
0.08587646484375 0.0748214721679688 -0.170822143554688 -0.0608062744140625
0.0978012084960938 0.084014892578125 -0.177825927734375 -0.0334930419921875
0.104866027832031 0.07855224609375 -0.168869018554687 -0.04296875
0.0474624633789063 0.0979461669921875 -0.131866455078125 -0.100425720214844
-0.0132827758789063 0.116493225097656 -0.0620346069335938 -0.114234924316406
-0.0895156860351563 0.0880661010742187 0.0169906616210937 -0.097503662109375
-0.15753173828125 -0.0174102783203125 0.0451850891113281 -0.0240211486816406
-0.123466491699219 -0.0975418090820312 -0.0416984558105469 0.0144309997558594
-0.108383178710938 -0.184829711914063 -0.0604019165039063 -0.10479736328125
-0.0661697387695312 -0.0578193664550781 -0.115509033203125 -0.3363037109375
-0.0667953491210938 -0.0165252685546875 -0.177261352539063 -0.158859252929687
-0.0496559143066406 0.0135307312011719 -0.06341552734375 -0.0209770202636719
-0.0185184478759766 0.0222053527832031 -0.0127449035644531 -0.0490036010742188
-0.0127506256103516 0.0301723480224609 -0.0290908813476562 -0.101356506347656
0.00577545166015625 0.0416259765625 -0.113967895507812 -0.129310607910156
0.0144004821777344 0.0392646789550781 -0.197433471679688 -0.07012939453125
0.0218315124511719 0.0414047241210937 -0.202072143554688 -0.043670654296875
0.027252197265625 0.0480155944824219 -0.194534301757813 -0.0584564208984375
-0.0040283203125 0.0459022521972656 -0.13726806640625 -0.117904663085938
-0.0257339477539063 0.0354766845703125 -0.0483932495117188 -0.12542724609375
-0.0389251708984375 0.00926971435546875 0.0159912109375 -0.0922698974609375
-0.0453567504882812 -0.0232009887695313 0.0337982177734375 -0.0181446075439453
-0.0309600830078125 -0.0359306335449219 -0.0633544921875 -0.00856399536132813
-0.0478401184082031 -0.0676803588867188 -0.0746917724609375 -0.155380249023437
-0.0103530883789062 -0.0781631469726563 0.114593505859375 0.1748046875
-0.0453643798828125 -0.0470428466796875 0.10528564453125 0.037139892578125
-0.0703277587890625 0.0106887817382812 -0.0234451293945313 0.00697708129882812
-0.0363006591796875 0.0537872314453125 -0.0354080200195312 0.0736770629882813
0.0225067138671875 0.05303955078125 0.00814056396484375 0.1302490234375
0.0463905334472656 0.0100021362304688 0.112937927246094 0.138206481933594
0.0562515258789063 -0.00719833374023438 0.198593139648438 0.0661468505859375
0.0559921264648438 0.0067901611328125 0.200439453125 0.0469818115234375
0.0512962341308594 -0.00200653076171875 0.195404052734375 0.066986083984375
0.0455055236816406 0.0286636352539062 0.127937316894531 0.113540649414063
0.0119705200195313 0.0609207153320313 0.0430068969726562 0.0937576293945313
-0.0472564697265625 0.0606727600097656 0.0436477661132813 0.0460395812988281
-0.0743179321289063 -0.0176773071289063 0.0902328491210937 0.0360870361328125
-0.0406723022460937 -0.0491981506347656 0.170440673828125 0.144882202148438
-0.003387451171875 -0.0633163452148437 0.09881591796875 0.36761474609375
-0.0685272216796875 -0.193756103515625 0.103546142578125 0.146881103515625
-0.119804382324219 -0.121078491210938 0.095184326171875 0.0365066528320312
-0.177215576171875 0.00152587890625001 -0.0150222778320313 0.0115928649902344
-0.107200622558594 0.101524353027344 -0.0285720825195313 0.0586090087890625
0.00380706787109376 0.134254455566406 -0.00857543945312499 0.112373352050781
0.08416748046875 0.0749359130859375 0.0860366821289063 0.12286376953125
0.122398376464844 0.0322189331054687 0.164642333984375 0.0615234375
0.130157470703125 0.054168701171875 0.163467407226563 0.0435333251953125
0.128036499023438 0.0396347045898438 0.16412353515625 0.0562896728515625
0.0893707275390625 0.0903396606445313 0.102592468261719 0.0859298706054688
0.01434326171875 0.144744873046875 0.0302009582519531 0.0657882690429688
-0.105789184570313 0.134979248046875 0.05694580078125 0.0206947326660156
-0.19268798828125 -0.0171051025390625 0.106765747070312 0.0254440307617187
-0.139320373535156 -0.119674682617188 0.174728393554687 0.14263916015625
-0.0765380859375 -0.190277099609375 0.10382080078125 0.338531494140625
-0.11712646484375 -0.286834716796875 0.0805892944335938 0.0849075317382812
-0.185577392578125 -0.183883666992188 0.0679397583007812 0.0202865600585937
-0.270919799804688 -0.00563049316406249 -0.01055908203125 0.017186164855957
-0.170639038085937 0.142105102539063 -0.0161056518554688 0.0418586730957031
-0.0178680419921875 0.203445434570313 -0.0194625854492188 0.0818328857421875
0.1103515625 0.1334228515625 0.0505752563476563 0.0872268676757813
0.170196533203125 0.06884765625 0.107353210449219 0.0438919067382813
0.184646606445313 0.093658447265625 0.100761413574219 0.0333023071289063
0.186981201171875 0.072357177734375 0.107353210449219 0.0382614135742188
0.124862670898437 0.13592529296875 0.0586051940917969 0.0469017028808594
0.02252197265625 0.209762573242187 0.0101509094238281 0.0268764495849609
-0.142471313476562 0.200729370117188 0.0615425109863281 -0.0125732421875
-0.286712646484375 -0.000610351562499991 0.112754821777344 0.0094451904296875
-0.225875854492188 -0.1627197265625 0.157272338867188 0.12591552734375
-0.143829345703125 -0.2864990234375 0.08935546875 0.272674560546875
-0.153472900390625 -0.34051513671875 0.0467910766601563 -0.00574111938476565
-0.2347412109375 -0.220947265625 0.0223827362060547 -0.0115852355957031
-0.3365478515625 -0.00555419921874996 -0.0123119354248047 0.0198230743408203
-0.211410522460938 0.171234130859375 -0.00305938720703126 0.0208225250244141
-0.0345611572265625 0.248825073242188 -0.0259361267089844 0.0373039245605469
0.122512817382813 0.173904418945313 0.00753021240234376 0.0354499816894531
0.193283081054687 0.0955047607421875 0.0329132080078125 0.0183582305908203
0.211227416992187 0.1182861328125 0.0233325958251953 0.0181865692138672
0.2177734375 0.0932159423828125 0.0330219268798828 0.018280029296875
0.142410278320313 0.159698486328125 0.00168704986572266 0.00414490699768067
0.0308837890625 0.244125366210938 -0.0178756713867187 -0.0166873931884765
-0.154632568359375 0.238037109375 0.0542526245117188 -0.0480308532714844
-0.3375244140625 0.0177001953125 0.104537963867187 -0.0080413818359375
-0.2784423828125 -0.177780151367188 0.116081237792969 0.100227355957031
-0.188201904296875 -0.336578369140625 0.057647705078125 0.177978515625
-0.169769287109375 -0.342742919921875 0.00393676757812498 -0.111846923828125
-0.254058837890625 -0.219589233398438 -0.0356063842773438 -0.0548782348632813
-0.347900390625 0.00244140625000001 -0.01934814453125 0.0151405334472656
-0.21490478515625 0.177581787109375 0.00624418258666991 -0.00566768646240233
-0.0414886474609375 0.254074096679688 -0.03173828125 -0.0152721405029297
0.116424560546875 0.185089111328125 -0.0391159057617188 -0.0242958068847656
0.18585205078125 0.107757568359375 -0.0475730895996094 -0.0111923217773437
0.204986572265625 0.126144409179688 -0.0575294494628906 0.000743865966796873
0.213455200195313 0.101715087890625 -0.0470771789550781 -0.00259017944335936
0.1339111328125 0.161041259765625 -0.0586471557617188 -0.0368576049804687
0.0264739990234375 0.237930297851563 -0.0457611083984375 -0.0582695007324219
-0.149063110351563 0.228347778320313 0.0387344360351562 -0.077667236328125
-0.328460693359375 0.0213928222656249 0.0857620239257812 -0.0212249755859375
-0.275466918945313 -0.17120361328125 0.0587081909179688 0.0721664428710937
-0.196136474609375 -0.33465576171875 0.0134048461914062 0.0722122192382812
-0.1610107421875 -0.290069580078125 -0.0425262451171875 -0.215805053710938
-0.227340698242188 -0.177749633789062 -0.0949478149414063 -0.10009765625
-0.2939453125 0.00958251953125 -0.0309600830078125 0.00310325622558593
-0.175323486328125 0.148696899414063 0.00852203369140624 -0.0324211120605469
-0.0379791259765625 0.210739135742188 -0.03485107421875 -0.0635185241699219
0.092620849609375 0.162063598632813 -0.0810394287109375 -0.0794525146484375
0.149490356445313 0.101089477539063 -0.122200012207031 -0.0391311645507813
0.166641235351563 0.11431884765625 -0.130081176757813 -0.0168914794921875
0.174728393554688 0.097259521484375 -0.119941711425781 -0.0229949951171875
0.099273681640625 0.140106201171875 -0.108055114746094 -0.0730743408203125
0.00965881347656248 0.192306518554687 -0.06353759765625 -0.09295654296875
-0.127639770507813 0.17266845703125 0.0240020751953125 -0.0952682495117187
-0.2642822265625 0.00540161132812495 0.06414794921875 -0.0259628295898437
-0.218429565429688 -0.14483642578125 0.00153350830078123 0.0432815551757812
-0.166900634765625 -0.282806396484375 -0.0295124053955078 -0.0282459259033203
-0.125686645507813 -0.18963623046875 -0.084625244140625 -0.297760009765625
-0.16058349609375 -0.103866577148437 -0.14495849609375 -0.138092041015625
-0.184402465820313 0.013641357421875 -0.0461540222167969 -0.0107917785644531
-0.103515625 0.0916519165039062 0.001068115234375 -0.0492019653320312
-0.0264434814453125 0.129539489746094 -0.0345535278320312 -0.0959320068359375
0.0539169311523438 0.110794067382813 -0.10943603515625 -0.117630004882812
0.0891571044921875 0.07720947265625 -0.177352905273437 -0.059112548828125
0.102684020996094 0.08538818359375 -0.182815551757813 -0.0317230224609375
0.109054565429688 0.079132080078125 -0.173736572265625 -0.042205810546875
0.049407958984375 0.1007080078125 -0.137161254882812 -0.101646423339844
-0.0123214721679687 0.120040893554687 -0.0642166137695313 -0.116767883300781
-0.09149169921875 0.0912857055664062 0.0167694091796875 -0.100509643554688
-0.162246704101563 -0.0157623291015625 0.0469284057617187 -0.0235519409179688
-0.128379821777344 -0.0999526977539063 -0.040985107421875 0.0164718627929687
-0.113067626953125 -0.189788818359375 -0.0609054565429688 -0.108818054199219
-0.0686187744140625 -0.0603256225585937 -0.118133544921875 -0.34375
-0.0689888000488281 -0.0174446105957031 -0.182479858398438 -0.1607666015625
-0.0516319274902344 0.0152320861816406 -0.0648384094238281 -0.0202903747558594
-0.0199756622314453 0.0229721069335938 -0.0124130249023437 -0.0502052307128906
-0.0128211975097656 0.0314846038818359 -0.0307159423828125 -0.104888916015625
0.00707244873046875 0.0435333251953125 -0.120048522949219 -0.132484436035156
0.0153732299804688 0.041412353515625 -0.20489501953125 -0.0682373046875
0.0233840942382812 0.0424537658691406 -0.208663940429688 -0.0413665771484375
0.0290489196777344 0.0488510131835938 -0.200714111328125 -0.056976318359375
-0.00357818603515625 0.047332763671875 -0.142318725585938 -0.118972778320313
-0.0259590148925781 0.0365791320800781 -0.0505828857421875 -0.128684997558594
-0.040313720703125 0.00984573364257813 0.0153427124023437 -0.094573974609375
-0.0474128723144531 -0.0222892761230469 0.0350799560546875 -0.0178871154785156
-0.0333786010742187 -0.0370407104492188 -0.0637092590332031 -0.00733566284179688
-0.0495796203613281 -0.070098876953125 -0.0756378173828125 -0.160400390625
-0.011566162109375 -0.080474853515625 0.1220703125 0.180511474609375
-0.0476226806640625 -0.0484657287597656 0.109779357910156 0.0353469848632813
-0.0727386474609375 0.0126266479492187 -0.0240535736083984 0.00713729858398438
-0.0366058349609375 0.056671142578125 -0.0357208251953125 0.077362060546875
0.0238265991210938 0.0541648864746094 0.0115203857421875 0.137184143066406
0.0468826293945313 0.00952529907226563 0.123031616210938 0.1424560546875
0.0575714111328125 -0.00886917114257813 0.209609985351563 0.0630340576171875
0.0591659545898438 0.00534439086914063 0.210968017578125 0.0424346923828125
0.0537109375 -0.0029754638671875 0.207015991210937 0.0644683837890625
0.0477447509765625 0.0282974243164063 0.137870788574219 0.115707397460938
0.014068603515625 0.0633583068847656 0.0472183227539063 0.0987625122070313
-0.047454833984375 0.064697265625 0.04638671875 0.0469894409179688
-0.0781402587890625 -0.016021728515625 0.0931243896484375 0.0348129272460938
-0.0423851013183594 -0.0500984191894531 0.178817749023438 0.147476196289063
-0.00569534301757813 -0.0656013488769531 0.107879638671875 0.382659912109375
-0.0755157470703125 -0.200225830078125 0.10943603515625 0.151962280273438
-0.126823425292969 -0.123100280761719 0.09942626953125 0.0347137451171875
-0.184066772460937 0.00573730468750001 -0.0147609710693359 0.0114765167236328
-0.109825134277344 0.1080322265625 -0.0285263061523438 0.0605316162109375
0.00665283203125 0.139312744140625 -0.00609588623046875 0.118988037109375
0.0879592895507813 0.0758895874023438 0.0940475463867188 0.127235412597656
0.127777099609375 0.0310821533203125 0.174057006835938 0.05987548828125
0.138229370117188 0.053253173828125 0.172210693359375 0.040008544921875
0.135177612304688 0.038482666015625 0.173980712890625 0.05303955078125
0.0946044921875 0.092071533203125 0.109855651855469 0.0879287719726563
0.0186767578125 0.150909423828125 0.0341377258300781 0.0698127746582031
-0.106887817382813 0.144332885742187 0.0593452453613281 0.0194091796875
-0.201583862304688 -0.012969970703125 0.110275268554687 0.0249404907226562
-0.146682739257813 -0.121780395507812 0.183853149414063 0.145431518554688
-0.083953857421875 -0.197525024414063 0.11248779296875 0.353485107421875
-0.12774658203125 -0.295745849609375 0.08489990234375 0.0874176025390625
-0.1961669921875 -0.187026977539063 0.0699539184570312 0.018585205078125
-0.281646728515625 0.000610351562499983 -0.00925064086914064 0.0176963806152344
-0.174911499023438 0.15118408203125 -0.0153579711914063 0.0436210632324219
-0.0134124755859375 0.211990356445312 -0.0184783935546875 0.0870819091796875
0.116806030273437 0.136795043945313 0.0556411743164063 0.0912704467773438
0.178512573242188 0.0684356689453125 0.113082885742188 0.0431671142578125
0.197250366210937 0.092681884765625 0.107284545898438 0.0311737060546875
0.196884155273437 0.071136474609375 0.114242553710938 0.035614013671875
0.132377624511719 0.138946533203125 0.0632286071777344 0.0481948852539063
0.0290679931640625 0.21875 0.0119991302490234 0.0293083190917969
-0.144287109375 0.213760375976563 0.0633964538574219 -0.0158767700195312
-0.300048828125 0.00573730468750006 0.116493225097656 0.0084075927734375
-0.239089965820313 -0.16595458984375 0.165542602539063 0.12908935546875
-0.15606689453125 -0.296661376953125 0.09765625 0.283447265625
-0.167633056640625 -0.35321044921875 0.0482978820800781 -0.0061149597167969
-0.248748779296875 -0.224411010742188 0.0216464996337891 -0.0130386352539063
-0.350341796875 0.00408935546874999 -0.0110397338867188 0.0202732086181641
-0.217514038085937 0.183700561523438 -0.00184631347656252 0.020843505859375
-0.0294342041015625 0.260345458984375 -0.0263748168945313 0.041259765625
0.130264282226563 0.178909301757813 0.00933456420898439 0.0379180908203125
0.203094482421875 0.096466064453125 0.034841537475586 0.0186347961425781
0.225570678710937 0.117813110351562 0.0253219604492188 0.0178585052490234
0.229782104492188 0.0916748046875 0.0364341735839844 0.0164375305175781
0.151565551757813 0.163742065429688 0.00249624252319337 0.00468492507934571
0.037994384765625 0.254562377929688 -0.0174169540405273 -0.0156803131103516
-0.156814575195313 0.253280639648437 0.0548362731933594 -0.0532112121582031
-0.352294921875 0.0272216796875 0.108421325683594 -0.00969696044921875
-0.294708251953125 -0.180328369140625 0.123680114746094 0.103240966796875
-0.203704833984375 -0.349029541015625 0.0626220703125 0.185409545898437
-0.185638427734375 -0.355072021484375 0.00127410888671875 -0.116195678710938
-0.268753051757813 -0.22314453125 -0.0393753051757813 -0.0564002990722656
-0.362823486328125 0.0121459960937501 -0.0187568664550781 0.0158481597900391
-0.221664428710938 0.189773559570312 0.00749683380126952 -0.0071582794189453
-0.036651611328125 0.266128540039062 -0.0328636169433594 -0.0138187408447265
0.124923706054687 0.190933227539062 -0.0420150756835937 -0.0235099792480469
0.19635009765625 0.108474731445312 -0.0505828857421875 -0.00967025756835937
0.21978759765625 0.1258544921875 -0.0598220825195312 0.00233840942382814
0.225830078125 0.100616455078125 -0.0484390258789062 -0.00289916992187499
0.142547607421875 0.165603637695313 -0.061279296875 -0.0364112854003906
0.0333099365234375 0.247711181640625 -0.047882080078125 -0.0587043762207031
-0.151092529296875 0.242523193359375 0.0378189086914062 -0.0831527709960937
-0.3433837890625 0.03094482421875 0.0893936157226562 -0.02252197265625
-0.291473388671875 -0.172576904296875 0.0635528564453125 0.075042724609375
-0.21160888671875 -0.34765625 0.01605224609375 0.07470703125
-0.174896240234375 -0.300201416015625 -0.048095703125 -0.223831176757813
-0.240463256835938 -0.1806640625 -0.101661682128906 -0.102012634277344
-0.306396484375 0.01806640625 -0.0310897827148438 0.00421905517578125
-0.181365966796875 0.158859252929688 0.00942611694335936 -0.0345706939697266
-0.0339508056640625 0.221694946289062 -0.0377197265625 -0.0652236938476562
0.100112915039063 0.16851806640625 -0.0871429443359375 -0.0808029174804687
0.158935546875 0.10296630859375 -0.128761291503906 -0.0364151000976562
0.179107666015625 0.114883422851562 -0.135704040527344 -0.0132522583007812
0.184814453125 0.09698486328125 -0.125 -0.0219573974609375
0.10595703125 0.14483642578125 -0.114677429199219 -0.072906494140625
0.014739990234375 0.201141357421875 -0.067596435546875 -0.0952911376953125
-0.13031005859375 0.183761596679688 0.0222702026367187 -0.101226806640625
-0.276321411132813 0.0120849609375 0.0665016174316406 -0.0267333984375
-0.231536865234375 -0.147018432617187 0.00432586669921874 0.0463714599609375
-0.180908203125 -0.29364013671875 -0.0304679870605469 -0.0299549102783203
-0.135894775390625 -0.196853637695313 -0.09283447265625 -0.309234619140625
-0.169647216796875 -0.105270385742188 -0.154891967773438 -0.140335083007812
-0.192855834960938 0.019195556640625 -0.0475959777832031 -0.0100135803222656
-0.107696533203125 0.0979080200195312 0.00153350830078124 -0.0514411926269531
-0.0239791870117187 0.136878967285156 -0.0381622314453125 -0.09942626953125
0.0592803955078125 0.115249633789063 -0.118698120117188 -0.120658874511719
0.09588623046875 0.0797958374023437 -0.187240600585937 -0.0560760498046875
0.110511779785156 0.0863800048828125 -0.191314697265625 -0.02691650390625
0.115966796875 0.0793609619140625 -0.18182373046875 -0.039154052734375
0.053436279296875 0.104873657226563 -0.145248413085938 -0.10211181640625
-0.00983428955078124 0.125961303710938 -0.0695877075195313 -0.120529174804687
-0.093963623046875 0.097930908203125 0.0145111083984375 -0.105049133300781
-0.170394897460938 -0.01177978515625 0.0489540100097656 -0.0243682861328125
-0.136772155761719 -0.10198974609375 -0.0404281616210938 0.0189208984375
-0.12213134765625 -0.197235107421875 -0.0638351440429688 -0.114234924316406
-0.0739517211914062 -0.0629348754882813 -0.127838134765625 -0.357086181640625
-0.0714492797851563 -0.0167465209960937 -0.193634033203125 -0.1627197265625
-0.0537948608398438 0.0171699523925781 -0.0676116943359375 -0.019805908203125
-0.0210437774658203 0.0241470336914063 -0.0132980346679688 -0.0522232055664063
-0.0117416381835938 0.0337905883789063 -0.0344924926757813 -0.109870910644531
0.00881195068359375 0.0454635620117188 -0.130546569824219 -0.136260986328125
0.0179023742675781 0.0436820983886719 -0.216476440429687 -0.0644073486328125
0.025787353515625 0.0443229675292969 -0.218582153320313 -0.036224365234375
0.0317649841308594 0.0498542785644531 -0.211135864257813 -0.0537567138671875
-0.00279998779296875 0.0502204895019531 -0.152145385742188 -0.120391845703125
-0.0262794494628906 0.0389518737792969 -0.0556793212890625 -0.133407592773438
-0.0422706604003906 0.01129150390625 0.0133438110351563 -0.0983428955078125
-0.0500717163085938 -0.0218048095703125 0.0373802185058594 -0.0185089111328125
-0.0365333557128906 -0.0380058288574219 -0.0647621154785156 -0.00590133666992187
-0.053558349609375 -0.0731277465820313 -0.0804290771484375 -0.16851806640625
-0.0772733632837025 0.0334547152936299 -0.0777256509739184 0.219579021050773
-0.0208072748045676 0.070659637795067 0.0367183715816951 0.121743330251536
0.0569982199728143 0.0530585693886482 -0.0142677638978666 -0.0382083783155899
0.0783127229331803 -0.0164876297523686 -0.100835821433331 -0.010549872069803
0.0181247065993232 -0.0723554800564929 -0.132934688976186 0.0944456376162707
-0.0332607367725411 -0.0588704538631452 -0.0787782362806564 0.187276215190907
-0.0519230084806914 -0.0510144615589954 0.0101037215407556 0.234692910756523
-0.0504620389128055 -0.0485339428560814 0.0616612345294622 0.235275541590053
-0.0472710573479039 -0.0550490053931438 0.025666505358922 0.231392998748723
-0.0187632325408555 -0.0611900067069869 -0.0411343733194889 0.179803239847212
0.0358417475666957 -0.0605477212175557 -0.0789211977765069 0.0912683125653385
0.0846479466001065 -0.00353159716708805 -0.0211973279700262 0.0533684905818228
0.0411827072747378 0.0611694352505855 0.029826537369242 0.0919128985753093
-0.0222084953932075 0.0538501402257477 -0.0343131325515521 0.236937096487414
-0.0564658894491075 0.0191843982663412 -0.235750634691045 0.32578117903609
-0.14045658506176 0.154518345211107 -0.0386934200858253 0.193464556480066
-0.030037772563197 0.186160667754926 0.0544569247379198 0.108256529861652
0.118576558373749 0.152065526894735 0.001079911750448 -0.0516352226684043
0.176650173800423 0.0123005167449999 -0.0857883817313589 -0.0380613112938385
0.0971737873443204 -0.122544151871983 -0.139312405659457 0.0617880856981484
-0.00401103304984339 -0.132532463993928 -0.090769637751778 0.155040683438636
-0.051498265485636 -0.137134098568446 -0.0129457737443299 0.200269220632923
-0.0656998854634096 -0.139775463967018 0.0369414045331433 0.200641691179219
-0.0576561091967332 -0.150337558331913 0.010850742971863 0.198303816331657
0.00341643957515038 -0.140882000056287 -0.0421247290659448 0.138954496873978
0.100056080412788 -0.12426117730732 -0.0673809308052081 0.0553696673248911
0.192413502833574 6.29309495638521E-05 0.0110292240283254 0.0348394226323023
0.134649647445021 0.143712055022972 0.0563059951637646 0.0905227879339574
-0.0145012834314021 0.179319661955686 -0.0148267495249769 0.242891317832648
-0.122081853508475 0.150874606383874 -0.200777968881432 0.324968545868868
-0.187141227862171 0.258741216710959 0.0212652853638514 0.135679804120769
-0.0344599901724577 0.287041081530216 0.0742570033463647 0.0690841807585014
0.174111106773754 0.238255554095663 0.0110277112816741 -0.0656149914519815
0.262527990833475 0.0401472059486635 -0.0660621251696603 -0.0582407569765929
0.169160985216819 -0.159189361863267 -0.127102683237497 0.0263842217938593
0.0280838439385283 -0.190212816595341 -0.0860251521239255 0.102832088413763
-0.0412285782430876 -0.203999112957777 -0.0310521455058331 0.135240610209933
-0.0707651565189098 -0.20973398697203 0.00659745003789572 0.135527567020832
-0.0631972240055132 -0.223047574097062 -0.00632667165294648 0.135561221649654
0.0199802847477698 -0.200851992146593 -0.0392349894214845 0.0760149352837359
0.145065473660906 -0.17791158736031 -0.0479986009287874 0.00809220754208978
0.277662291571192 -0.00937780853130334 0.0438105334344056 0.00688043379228916
0.219434686797488 0.198190685501818 0.0791142727538814 0.0783961170580459
0.00883516372816025 0.278836500951825 0.00320714747390893 0.219282229743427
-0.163515010864575 0.262709158139215 -0.146094499007158 0.281869847384466
-0.207069547752428 0.332683445347752 0.093023517834589 0.0485849064668724
-0.0254051841528119 0.358822166461356 0.0932123951805857 0.00293033874466699
0.218838093952212 0.293920884382976 0.0142067628123066 -0.0817086399334093
0.322063439478751 0.0569364607036876 -0.0409950986137543 -0.0727566714790044
0.218669797198684 -0.1800466079669 -0.0957335035589386 -0.0119705689805118
0.05668965157998 -0.222296862111326 -0.0663949446071556 0.0336405345484264
-0.0247876388543656 -0.240958262658274 -0.0430092972989311 0.0488347304539628
-0.0652522141151566 -0.248062094438875 -0.0248554242603534 0.0501442902066856
-0.0602023226029928 -0.261228149310579 -0.0264599871628541 0.0529433384020831
0.031750764325737 -0.231364287484342 -0.0359590271991819 -0.00017255756082781
0.166468388697348 -0.206871598568431 -0.0240112021019619 -0.0459579752667882
0.321750450510398 -0.0211810272991744 0.0719203815372415 -0.0270099810750913
0.27345540304988 0.219894534760773 0.091767955046592 0.0565869404773719
0.0335787652593237 0.332483762237451 0.010734971003513 0.168389496825839
-0.178630721258675 0.331905656089539 -0.0843321952034132 0.199889760789935
-0.192686687611303 0.36226581820513 0.165752069919089 -0.0582926274393506
-0.00437219460174218 0.377397910358153 0.105397769780343 -0.0812638285316414
0.234606924336195 0.301095399319073 0.013527954186774 -0.0955688479207469
0.329554501083427 0.0584104701960054 -0.0118965971060454 -0.0802801704386757
0.230330599375414 -0.174824611429734 -0.0481943294494805 -0.052185335572111
0.073702933510645 -0.219311550287318 -0.0350212837413314 -0.0436843790801499
-0.00411520748563493 -0.239910413570309 -0.0478332899508874 -0.0472842159592272
-0.0492528272590656 -0.248651951241434 -0.0536640154373852 -0.0428147881658252
-0.0439476982135895 -0.259372413343544 -0.0459030846921333 -0.0381068204720761
0.0431264036921565 -0.22403989863236 -0.030452346075485 -0.0774841117278422
0.165539212150773 -0.197022769934951 0.00281670517877523 -0.0975198581679339
0.309249225586906 -0.0177378728915933 0.0918918168029641 -0.0562610025364343
0.270058027387359 0.212153712211181 0.0910608980232571 0.0341420313754497
0.0413337985274206 0.32729683795032 0.00495165394730032 0.100697766134694
-0.16936672957649 0.342915794191471 -0.0247000656024352 0.0946689446809662
-0.145589798852796 0.335662997790455 0.22406501255269 -0.16787427956738
0.0201022606220292 0.328838335183299 0.106903820224558 -0.165947613103173
0.206429337640139 0.250535462528929 0.0100486022032918 -0.101757406193046
0.273991834993447 0.0482494414251842 0.017845096473469 -0.0781896563056765
0.196717291305551 -0.137887598459792 0.00561768341283981 -0.0850250777409011
0.075622274584327 -0.179185874692136 0.0012543049789353 -0.114715124676115
0.0158448683692858 -0.201156424996198 -0.0455563190925393 -0.136179870783423
-0.025333829312972 -0.210702692905749 -0.073404230927286 -0.12958956779948
-0.0181686188094875 -0.218409429256642 -0.0578918243552032 -0.122305706171687
0.0543206044384657 -0.180338358229663 -0.0192551305540521 -0.143152147783953
0.14369951836081 -0.147589451277372 0.0346918976483123 -0.132339411859031
0.244975496745796 0.00322260598908385 0.104041419596643 -0.06991191661855
0.209061555926954 0.180608591019286 0.0791163223014211 0.0196613863945577
0.0275084450528811 0.267023250375551 -0.00678181725515183 0.0338768874858799
-0.140123849781271 0.296146349411946 0.027076377363369 -0.0116762951729413
-0.0734415845389024 0.256415534200933 0.25641197548056 -0.261345739800623
0.0415747030980806 0.222368084895653 0.0958177158404903 -0.234247348293183
0.139718331852082 0.152459585446179 0.000476692969033942 -0.0987075395699555
0.166796126259442 0.0288215217980336 0.0363877020038747 -0.0668005755029874
0.126450137453347 -0.0768684267587856 0.0511846525079735 -0.101973261683924
0.0632421343106152 -0.108402619886493 0.0336751467751775 -0.165721008466439
0.0322673611970246 -0.129797980386954 -0.0375555386357 -0.20377725051368
0.00381731611241173 -0.140455259892516 -0.083087431305387 -0.196056139740915
0.0113067983557927 -0.144574362667545 -0.0588720500269237 -0.188661148749385
0.0594970840269766 -0.110052531279769 0.000990048464338825 -0.184557333396274
0.104875386973461 -0.0744945298129187 0.0688818538046243 -0.142543648903109
0.146438251401042 0.026446916443866 0.108236352057964 -0.064002720770349
0.115264612857506 0.126147588433954 0.061458368245931 0.0163962589624035
0.00762506984439 0.167703166481398 -0.0172009136448108 -0.020191687861514
-0.0908561482200712 0.203718559331303 0.0661017310036199 -0.100036379664835
0.00836207352024936 0.136395035008185 0.255331954125519 -0.323282772350831
0.0555681238213825 0.0833330423489557 0.0702711956275866 -0.278916863658796
0.0545463089881905 0.035968779505278 -0.0166513201323743 -0.0908470670779765
0.0396270471509239 0.00563292436434632 0.0382284490008239 -0.0480780182386393
0.0405531587851003 -0.0067129645263176 0.0793218572368195 -0.100741557882308
0.0415324978690841 -0.0220289456884785 0.0565131768343732 -0.18719792845182
0.0439768100458951 -0.0384505879680932 -0.0256688536204626 -0.238563687275907
0.0311420755663124 -0.0487945218532055 -0.0804563862358281 -0.233452541178623
0.0381353822278584 -0.0503548395985877 -0.0484037117460021 -0.226640926323545
0.0529721037704718 -0.0275271264665767 0.0256532243619531 -0.197848393720735
0.0502541598323725 -0.000337527469970835 0.0983738634760101 -0.128672397363264
0.036890996795631 0.0362763731399988 0.103393041659612 -0.0433769199530892
0.0204664757256624 0.0507128067499449 0.0424881455012183 0.0199782450319635
-0.00320921275416644 0.0526172864903382 -0.0215887839042787 -0.0563685762563495
-0.025948188642367 0.0886916899663759 0.0918310805317096 -0.15967796243319
-0.0774016556249572 0.0372748221092234 -0.0691840813402972 0.229193040400707
-0.0170318072652862 0.0730982576151331 0.0445982552915129 0.121936426459781
0.0606531546592157 0.0502568905651733 -0.0163193336857686 -0.0384830603864646
0.0789588460794508 -0.0216391070620395 -0.103652841272014 -0.0055123706586316
0.014237867778447 -0.0739662639163393 -0.131385098995711 0.105384364671274
-0.0365581125940256 -0.0580068203119682 -0.0697128390441894 0.198221950722716
-0.05609425381923 -0.0485830269721893 0.0264623593486546 0.239869393199301
-0.0556551260743387 -0.0465858342931418 0.0805417550046286 0.237064823571403
-0.0523732780687907 -0.0535608931110417 0.0422115166870725 0.236416352967915
-0.0226795454443509 -0.0613942888253059 -0.0303980917895567 0.188644245141519
0.032544119513654 -0.064643441743408 -0.0758829043618274 0.100484725441846
0.0861498441328142 -0.00941530897192897 -0.0186630488752261 0.0555317809447494
0.0462407028173639 0.0601988102887742 0.0347185107994037 0.0904501120325365
-0.0202721945513615 0.0560486089895041 -0.0227275150024258 0.243520541932008
-0.0557871247888811 0.0228008080142592 -0.225754161414419 0.34798511778536
-0.134697777661185 0.165623987845455 -0.0308496328153054 0.200525072252109
-0.0201752139730231 0.190975139185504 0.0615732296080952 0.106447373220942
0.130591606250945 0.147187066541167 -0.00141267578317105 -0.0534243097958186
0.181666200167215 0.00354506898052178 -0.0898562701144686 -0.0346628664075447
0.0921207787755541 -0.130257808301679 -0.140114897480913 0.0735809295720777
-0.0111338757098003 -0.135214340284597 -0.083647882972281 0.166029382708383
-0.0611979616032005 -0.137395671693443 0.000115784183067239 0.206215203045894
-0.0771383744699383 -0.139040379344557 0.052665368489023 0.202885969928493
-0.0693667377948599 -0.151254020378042 0.0253840049454273 0.202480488944874
-0.00411373362838486 -0.143598077969324 -0.033547887483377 0.146301924882702
0.0947061310760654 -0.13427803432167 -0.0666519498317262 0.0630804516340816
0.198902833201313 -0.0118194768662324 0.0139798734496003 0.0331075447092685
0.146772783255411 0.139851377369637 0.0612218689158111 0.0883960510791099
-0.00487501533104298 0.184682340914694 -0.00249354534413284 0.249502902708721
-0.115824148547383 0.162296012702214 -0.189278086982421 0.34516800090219
-0.176878957914671 0.275999452809925 0.0278088343814486 0.137944489829182
-0.0189130315216253 0.295328126005793 0.0788254434993434 0.0652284248882412
0.192448506818832 0.23204723884083 0.00756339699502957 -0.0676967359364137
0.272417160941343 0.0275480020628523 -0.0700970372001163 -0.0567545393585437
0.163523793542829 -0.173400249572666 -0.129245002735446 0.0374301242890368
0.0197313222731134 -0.196531697206481 -0.0828703700908046 0.111797831640738
-0.0542877127387744 -0.20616043654251 -0.0224286262368941 0.141133128817687
-0.0876027137247908 -0.211261541982617 0.0167986370504067 0.138630530141801
-0.0798019451392755 -0.224825297458318 0.00386079409368457 0.139070828925696
0.00935024732188237 -0.206851546667538 -0.0352204402371503 0.0815468551976354
0.138024310071334 -0.19186754812041 -0.0485852501727393 0.0136606594663272
0.285769218944854 -0.0273020740291495 0.0453814541976507 0.00263693194094533
0.238244002112884 0.190179913436859 0.0841752630064617 0.0750145435434303
0.0245783116789514 0.286059144967166 0.0149143153588336 0.225306974585552
-0.152503858446771 0.280193557047192 -0.135330928233785 0.296959991209275
-0.193292269563855 0.353733171639734 0.0966516581660023 0.0450589574532718
-0.00551251529722704 0.367592366483776 0.0940148041191959 -0.00302730970780505
0.241572750087322 0.287417881542244 0.0104032272893051 -0.084367733975935
0.333913180530493 0.0410904802697597 -0.0451511753589555 -0.0724756889164026
0.213131403480517 -0.198376266333206 -0.0997529297674024 -0.00425259641873484
0.0459733383578454 -0.231399804749833 -0.0665109739309575 0.0392101682519148
-0.0397134562638325 -0.245551456843199 -0.0408162990088009 0.0532833510805681
-0.084578571050331 -0.25055593004175 -0.0217336236162227 0.0532850809290431
-0.0788676037437663 -0.26484790137256 -0.0219604095184302 0.0554201055609427
0.0195342457322638 -0.23905536202852 -0.0364776772755442 0.00293601987492062
0.157948069379584 -0.223075962928663 -0.0273239817728231 -0.0440950899119521
0.330401937222034 -0.0413432154167092 0.0719296694325395 -0.0337051451994403
0.294870376026627 0.209604635887003 0.0961858448059591 0.0527143079136742
0.0531943894423877 0.339847538336321 0.0207049207415317 0.172953355854569
-0.163966933223037 0.352677793299035 -0.0749527870464102 0.20932773567554
-0.176644628879115 0.38287593082958 0.165269346310018 -0.0684968764331351
0.0162877940112129 0.386519042112563 0.101874877202246 -0.0899948694939503
0.258924531399373 0.292877592919354 0.00844430386484828 -0.0983163084024157
0.343767586451226 0.0420506364588787 -0.0153959960223939 -0.0819685784811041
0.225225266131626 -0.193617528193327 -0.0530242592360491 -0.0482941084961262
0.0636178649950652 -0.230202769175209 -0.0395757775819506 -0.0426345120671819
-0.0186555046129056 -0.246854540643754 -0.0524839336816338 -0.0447691729668679
-0.0682693916625424 -0.253064489034792 -0.0572820291631017 -0.0396665618572692
-0.0626752097309949 -0.263606458343531 -0.0484498497025559 -0.0363587499375265
0.0324718183338194 -0.232298656134486 -0.0362552454713871 -0.0773857459472569
0.15767163581468 -0.212432553031563 -0.00261943633822834 -0.0986688292729711
0.318564535894812 -0.0367153522011044 0.0904739409858032 -0.065492149750533
0.291546795157881 0.201223093749278 0.0941038467621038 0.0297851277762587
0.0606295599157671 0.334264625863426 0.0119323169501342 0.105216052340995
-0.154357843646624 0.363446939499918 -0.0187824233665424 0.0977084071802108
-0.129351732678277 0.354230065217624 0.220285554197909 -0.184039006045869
0.0381971180837517 0.336196833118182 0.0985673804505344 -0.175888962935614
0.22650293528819 0.243977179054148 0.00433581754070669 -0.104327260370553
0.286226712536384 0.0349224791069137 0.0148255925666674 -0.0821747560973171
0.193840945717097 -0.15435661150516 -4.29392653777275E-05 -0.0863444013181117
0.067909420424915 -0.189465333204221 -0.00666156210674986 -0.118574950699387
0.00420997182305034 -0.209042875112922 -0.05625410217739 -0.136319081056063
-0.0403632461193399 -0.215754870695076 -0.084233640191346 -0.127262033156701
-0.0328372821405774 -0.223339969352819 -0.0668540578964196 -0.122470246861107
0.0461255946252615 -0.188346471660558 -0.0279994618947067 -0.145368170338154
0.13846938522704 -0.160392438646566 0.027998926445567 -0.136877420962937
0.25320209318458 -0.0117392808902643 0.102078910345381 -0.078805788601792
0.22649810506248 0.172744857116893 0.0819160043122258 0.016712431383743
0.0444537969330267 0.272282536935048 -0.003461530604271 0.0368577992156908
-0.127050125004698 0.313393021308407 0.0290768191030128 -0.0143426178222825
-0.0607491774819059 0.269094469162802 0.249239454857288 -0.281496692975024
0.0545016592932704 0.225428022416057 0.0829915155485555 -0.24522662272909
0.152126211109249 0.148801589534216 -0.00490614519365515 -0.101029490530059
0.174508065733942 0.0210587952942965 0.0342290148286448 -0.0708384135657593
0.125779135184313 -0.0876248424534382 0.0463322405972816 -0.107362771449668
0.058686537510976 -0.11616832467992 0.0236289268653652 -0.173244134866485
0.0253357665188038 -0.136972576276756 -0.052738587929939 -0.206139265727601
-0.00591445390498255 -0.145563852276117 -0.0989775257610636 -0.194554134992919
0.00243955592485783 -0.149289700282265 -0.0729765824327017 -0.189906553904547
0.0555635370128479 -0.11693112744034 -0.0107553306362153 -0.189849555527803
0.103102433411745 -0.0826012702402868 0.0619734211580599 -0.150289403352034
0.153165527677824 0.0188217539839235 0.106272177375881 -0.0726049143406885
0.12675520056765 0.122687170429523 0.064459586490857 0.0144932393785925
0.0176083527981563 0.172218180722855 -0.0173336189297144 -0.0177000923907799
-0.0818060421756116 0.216373233442854 0.0650515567047265 -0.108139420649609
0.016406807235648 0.14074638132754 0.245603852564632 -0.345095948554669
0.0607045405768778 0.0826829235020548 0.0551163826512589 -0.288804330195569
0.0580824650807506 0.0347796248262295 -0.0221181155736432 -0.0917742080825152
0.0423510803789824 0.0036833989935312 0.0365396116111678 -0.0513797403928377
0.0413429913777498 -0.0101643331922791 0.0762166169350076 -0.108212446961863
0.0415206180876305 -0.0258056149560583 0.0461472896171351 -0.196814257151115
0.0424189095829026 -0.043571780989215 -0.0430917343023456 -0.243262543971084
0.0286769684096717 -0.0531332899651093 -0.0982958739172468 -0.233594459187915
0.0360420580582473 -0.05432314381926 -0.0647785524741628 -0.229224047047795
0.0529323407413488 -0.0328081946122863 0.0134647435498421 -0.205009720536793
0.0520781659883206 -0.00370017732446512 0.0934488382099523 -0.138677968195205
0.0412646507668742 0.0349828905721596 0.102605045095494 -0.0502334447377238
0.024862886009645 0.0506792271131942 0.0455725196933487 0.0192840292590232
-0.000270289628796056 0.0549183457674267 -0.0235470657769582 -0.0551730435757325
-0.0221315765574493 0.0936281632775982 0.0876921219424062 -0.170529687599898
-0.0753856778195147 0.0405229699138268 -0.0585841177795289 0.234493204675253
-0.0133385284174367 0.073548837895857 0.0510152203936652 0.118436669798082
0.0630925049850936 0.0471697220136622 -0.0175742473667029 -0.0384521364882469
0.0776870796176299 -0.0251158319598637 -0.104827514659547 -0.000478250635012776
0.0106629975189654 -0.0741947219334737 -0.126251895596244 0.113552137379685
-0.0392225458828729 -0.0550811605506207 -0.0583841241959847 0.204149363466959
-0.0587525643161211 -0.0454318416872701 0.0416465931908819 0.237998756502993
-0.0587446720409094 -0.0430325792913627 0.0961476309395039 0.232149692080687
-0.0559601820116138 -0.0507186758881633 0.0578389971802816 0.235337316630965
-0.0263157255994767 -0.0591100355302089 -0.0192574448497068 0.1922041587063
0.0284215640797769 -0.0668228084770433 -0.0715520483697488 0.106562312110558
0.0857815925142837 -0.0147316544576311 -0.0157199310470116 0.0554852007433774
0.0500213230656918 0.0576819614754822 0.0377282268802468 0.087230252430521
-0.0177299499678603 0.05701955681954 -0.0120511227299906 0.243403236297306
-0.0538211416480429 0.0251624557661749 -0.211056502674618 0.361129809036943
-0.126311862692315 0.172935023371406 -0.0221755382187536 0.202945652508767
-0.0106914074768285 0.191755459169893 0.0663539526531677 0.102426829614055
0.13830299195912 0.139655466039983 -0.00366766823562073 -0.0537567998816044
0.182833051691379 -0.00546278549315119 -0.0916618895916648 -0.0308296028714485
0.0846444401307522 -0.135175546715259 -0.136771268845299 0.0828358137404925
-0.0171363226088526 -0.134536566046271 -0.0748659236109387 0.172426882980746
-0.067732775620274 -0.134131446781658 0.0129204758580524 0.206480994154919
-0.0868395884976638 -0.135396929638292 0.0665045856658279 0.199741226596437
-0.0793278387555102 -0.147929085465668 0.0394220890506926 0.201721443554461
-0.0108652121781462 -0.14377074276877 -0.0247161272829569 0.149791093008237
0.0869359120311551 -0.139549655426691 -0.0634164708788304 0.0691073861022535
0.19864473145603 -0.024242787538432 0.0149113947862268 0.0311142001566747
0.155842329706701 0.13278213822084 0.0644500946473678 0.0847944063539045
0.00394312771791497 0.185548535644147 0.00870938719942427 0.249950836951626
-0.107971885279799 0.169342171056687 -0.173486500970061 0.356906811106372
-0.162709040781884 0.286056970161321 0.0328055379273472 0.137270872184484
-0.00428213560627161 0.295974807959308 0.0809093435299995 0.0604044276062258
0.204788088111541 0.220777776276374 0.00461725817408792 -0.0685304531787124
0.274857848681842 0.0143562075983169 -0.0721176956715711 -0.0538885792402186
0.153983525991565 -0.182383300421743 -0.127812304313296 0.0460741964389367
0.0099966370380082 -0.198087020766239 -0.0768129335637133 0.11767253806571
-0.0656701168299313 -0.204207899305095 -0.0133771272123866 0.143042015883817
-0.101813097434016 -0.206599600372349 0.0267189926321725 0.137331640072316
-0.0940205582917753 -0.221387542203475 0.0140923808220801 0.138553394324131
-0.000511638155779958 -0.208160901476827 -0.0294552626569392 0.0848251013229602
0.126937023167051 -0.199972564768808 -0.0478341637401873 0.018491927540774
0.286389518970764 -0.0426407199421996 0.0454167605402552 -0.00215840567491165
0.250714379120273 0.178418144888788 0.0863926682676683 0.0705889353041278
0.0389106548930805 0.28605386181239 0.0259716405297896 0.225450282781199
-0.138611735557443 0.290159239371277 -0.121163928304663 0.305628031643125
-0.174855938623779 0.365218282154787 0.0979581105869538 0.0409877057746148
0.0123966215501125 0.368698433960809 0.0924196348418615 -0.00791490801949381
0.257698885363403 0.272844950883867 0.0062341346382755 -0.0848162744179863
0.338511479354567 0.0243448586463288 -0.0476252590829076 -0.0713478888444706
0.201556146993767 -0.210362151111785 -0.100140891910011 0.0038133420490337
0.035095464364807 -0.23569316128714 -0.0652999860711154 0.0439517686954766
-0.0529850279731798 -0.244775802287862 -0.0375105746788138 0.0562022413780861
-0.101861969531216 -0.247536467876098 -0.0174693195950559 0.0544338373441603
-0.0958367459940685 -0.261169753106027 -0.0176202379119377 0.0566128693300317
0.00858721756812575 -0.241274666950679 -0.0356595521122704 0.00511530616335138
0.145654894460894 -0.233122089185714 -0.0293920423459293 -0.0404509174477768
0.33098923633593 -0.0605288559707783 0.0695619677489297 -0.0400413592104182
0.309017623671272 0.194129973331888 0.0980447904604433 0.0480979579165272
0.0704408220885914 0.338608102639621 0.0301828149920751 0.173682432740781
-0.14628129461849 0.363863280655349 -0.0641390977411218 0.213806870201937
-0.156168589536084 0.394962265439307 0.161536130009908 -0.0762470286727098
0.0356916419202555 0.386067506717086 0.0952377679981315 -0.0946446211606352
0.27530915970027 0.279114806287662 0.00343764752167354 -0.098750552848707
0.349152221492742 0.0255121634518635 -0.0183085831168802 -0.0825318201870481
0.214583433524688 -0.207300550992501 -0.0557308371441431 -0.0433249866101884
0.0526068070700441 -0.235695130168677 -0.0427187074520768 -0.0400052477919669
-0.0324722199103451 -0.248127777644666 -0.0553450031964234 -0.0408982676860973
-0.0852039166172321 -0.250314180309311 -0.0592746636541353 -0.0358915928067664
-0.0798931554371223 -0.261082120067235 -0.0493784969603186 -0.0339887911749599
0.0210649531162247 -0.235615717338993 -0.0403296308888079 -0.0756678558360669
0.146289938599615 -0.221905129166094 -0.00717015393283607 -0.0974730115956829
0.318744996410836 -0.055514033727344 0.0865724067146479 -0.0719348237311029
0.30450844033908 0.186506249782627 0.0954466804801972 0.0254030686754106
0.0774798716476547 0.333003703595803 0.0188645667241725 0.106086030838418
-0.136697384558936 0.374861661927533 -0.012717945915494 0.0983282676928904
-0.111553097818716 0.363229603312587 0.211043350862653 -0.194239728040703
0.0540853503733025 0.335248315322232 0.0879223013824775 -0.18050445565546
0.241584437066233 0.232011491314863 -0.000839365979430267 -0.104350009839544
0.290319541442885 0.0206637802716865 0.0120108968524683 -0.0833602780449757
0.185196921672692 -0.165930084384348 -0.00413635504440403 -0.0847597958796556
0.0589246339036568 -0.195182336986175 -0.0140713461418234 -0.118506338804304
-0.00744730828389636 -0.211449029056559 -0.0648755813124956 -0.132464566039985
-0.0543527213754282 -0.21501971553541 -0.0922512928875933 -0.121906007614444
-0.0473857208879883 -0.222389822478468 -0.0738277834649256 -0.119237149171112
0.0373198749963724 -0.192493444819843 -0.0365471032947713 -0.144791490362393
0.130295500537713 -0.167999278878708 0.0213562187492929 -0.13836609779054
0.255308478108768 -0.0258819982800458 0.097033939719027 -0.0858158249305304
0.237977186087269 0.160901012955276 0.082899654820516 0.0135807932973865
0.057874519202615 0.272039919421326 7.54883385483859E-05 0.0389920938274158
-0.110758697050912 0.323727096414098 0.0295522961753084 -0.0174979742060635
-0.0473887820335176 0.274498193007378 0.236608118538418 -0.293765146940475
0.0640927538528599 0.224332690215665 0.0702143177882759 -0.248420633906485
0.161523700631386 0.142372292257385 -0.00953367334960578 -0.100821098334748
0.178426106287069 0.0127847005646475 0.0320785454253235 -0.0731891373850732
0.121119838126491 -0.0956336884878896 0.0413583376624955 -0.109720335351041
0.0532649509586577 -0.121302742565309 0.0133447826172979 -0.176388167375967
0.0177536656318136 -0.140359510001557 -0.0660937623105679 -0.203133866921497
-0.0149909061847909 -0.146864564631165 -0.110920839633877 -0.188250180483028
-0.00631592824048896 -0.150688119669331 -0.0845741575925041 -0.186108362118558
0.0500541486432558 -0.121632244758684 -0.0225875767193249 -0.190180031968634
0.0989773302662811 -0.0889672618152 0.054378428766446 -0.153826340195683
0.156432006311525 0.0100486139401628 0.1017993229268 -0.0787550998675162
0.135089247741921 0.11566308856574 0.0658079806592144 0.0121424922562423
0.0264484752518079 0.172066432086745 -0.0159360961570945 -0.0151117079153308
-0.0711393355117247 0.22314021383474 0.0614381733608212 -0.113750285949537
0.0233466328302495 0.141844390611555 0.230031328043406 -0.357242678303708
0.0636970848868991 0.0804733970212288 0.0402637283779335 -0.290938399699654
0.0609606610409623 0.0324938572928578 -0.0269335554528247 -0.0909683428340063
0.0434754377852047 0.00253910186981658 0.035741771103339 -0.0533690405188511
0.0411402911113351 -0.0129426519720397 0.0714132066265997 -0.113112193217073
0.0400016988541696 -0.0290209093432218 0.0344581548933814 -0.201540497873681
0.0400633719873001 -0.0473326542112843 -0.0581768230289013 -0.241137420655148
0.0256219000002003 -0.0556901084747325 -0.11330856983522 -0.227202588109439
0.032813019836165 -0.057184894840108 -0.0791011982509919 -0.225911750723798
0.0520580910560146 -0.0367025865763311 0.000905085894802575 -0.207050847705081
0.0521680819929448 -0.00670763326873278 0.0861623003879748 -0.1446355622894
0.0445157789196276 0.0329411769798009 0.0991645985532833 -0.0557259624925342
0.0287235966339906 0.0498292883608162 0.0476926330735967 0.0174753990238835
0.00296827430095555 0.0554396174673954 -0.0243372267618346 -0.0528785499097089
-0.0176357493089971 0.0964881830229788 0.0807693412189856 -0.177975705129449
-0.055885960725029 0.0668567319459651 0.02144523051319 0.237756568868817
0.014944159684761 0.0741762191673103 0.0841971850219466 0.0911559692638277
0.074864275114905 0.0222265940467944 -0.0331868969535178 -0.027984848874546
0.061904214001813 -0.0511511917034074 -0.0997018471692992 0.0396986308563147
-0.0161050278871423 -0.0700653240318563 -0.0779031696427225 0.151762744124107
-0.0545942692691051 -0.0349231082625065 0.0187198438323099 0.212053196882191
-0.0702165794402623 -0.0208934002091158 0.126194058728868 0.207999884441285
-0.0678589877855468 -0.0190275089518057 0.172365376854409 0.17876696139546
-0.0696042949343675 -0.0273228798221023 0.135728867260238 0.198861452419352
-0.0434266758202446 -0.0463804492833992 0.048447844938103 0.187255285496348
0.00306016511212487 -0.0713404465301555 -0.0295802190161345 0.126178750639641
0.0743082382235791 -0.0429392810259384 0.00114477115591109 0.0563295339545742
0.0659123017973161 0.0368079111597788 0.061177163709745 0.0673128367146134
0.00262641935801232 0.0570596068171401 0.0664186182369344 0.232636519818158
-0.0424363828225753 0.0383841047559928 -0.0842535012595705 0.403471658410513
-0.0570790363297864 0.211738543901772 0.0428770810040453 0.19148964967284
0.0599567193610542 0.184849878919932 0.0870560629044679 0.068171505701736
0.17800065120605 0.0814880485957777 -0.0322237885180151 -0.0438809519813476
0.168071268000433 -0.072255750646603 -0.100131132661679 0.0118784405113252
0.0312889215801392 -0.152552950991599 -0.0960474575493114 0.130555861743103
-0.0615541980954247 -0.116561215277223 -0.00490174495339381 0.189204935815407
-0.110155737465247 -0.102835257051261 0.0900408306237984 0.191398497790416
-0.125439069186003 -0.0952785310624293 0.13626833642332 0.15969871116559
-0.124091650287668 -0.10934818080507 0.10880007846693 0.173318229941215
-0.0571731765672789 -0.13059352043727 0.0300055501886586 0.151244119071538
0.0330543697873315 -0.159414530992385 -0.0339435240239878 0.090906046202672
0.178051783934249 -0.0895006318056218 0.0194846768772583 0.0245982183311083
0.190226920299108 0.0716449424131258 0.0836114708567317 0.0539595700757465
0.0664088948146795 0.171683682107726 0.0899576879882991 0.229785460223301
-0.047525592302818 0.193064584535887 -0.0459492159560287 0.386001255522549
-0.0521745617152349 0.331895945851102 0.0696815389203323 0.107519520403172
0.102643290144911 0.281037023548568 0.0821917876691139 0.0212093033346578
0.268921816159406 0.133191595047927 -0.0355053560262854 -0.0575831911129922
0.261327293420609 -0.0875170611023171 -0.0919511938533918 -0.0116319250388886
0.0794232438058291 -0.220707727507041 -0.098783380737777 0.0971045131083487
-0.057484703165876 -0.186094465518682 -0.0241930067199682 0.140820736590863
-0.132427647585786 -0.170716815178638 0.0428624877922968 0.144155790723722
-0.164200093007758 -0.156751808320635 0.0786688080785974 0.116281664901965
-0.16354185137412 -0.1731563986083 0.0641509746885826 0.123379975566354
-0.0687024861239102 -0.194713864635324 0.00393271854628207 0.0928795217148987
0.050382067756628 -0.228921013460559 -0.0355377683739195 0.0404361559388832
0.254447631446927 -0.137400199945735 0.0347647824046849 -0.0149397231403828
0.294318320487385 0.0834191949002024 0.0987648245555298 0.0323481521350094
0.132382333700933 0.254238511432708 0.100155445791557 0.199855380568334
-0.0378424275413548 0.319607502308273 -0.00887233791808659 0.31961334213594
-0.0357781322856256 0.41182079510008 0.0974799757718537 -0.00722365157530247
0.144429082008769 0.343343670584642 0.0664814093330792 -0.0478749560813002
0.338254936065894 0.163550644792488 -0.0432883389455091 -0.0714968923704403
0.325041112636434 -0.101640337279972 -0.0764829123619203 -0.0334925803364133
0.114561645581951 -0.26429795368232 -0.0855834321213086 0.0500163955168818
-0.0470413478946066 -0.230711476023917 -0.037448847850122 0.0690975634522704
-0.134933454557817 -0.215265601226898 -0.0103234272870896 0.0736306871752531
-0.177743375135446 -0.194003537251309 0.00967470609707545 0.0563014472185703
-0.178572897909396 -0.209786456669383 0.00724814415416675 0.0567409733857566
-0.0719584765493885 -0.228497614188131 -0.0276150523257787 0.02128039121574
0.0568637663980876 -0.265932872143612 -0.0382124703380259 -0.020031780013067
0.290559518073798 -0.16870150314248 0.0441462589780491 -0.0576832627570786
0.353875293535807 0.0792798737771835 0.101679076149167 0.00666030772202801
0.179893498417478 0.293482885915656 0.0894079325333383 0.148987339841825
-0.0210968696887918 0.392888276373932 0.0186254888898871 0.215030549575334
-0.00813570277465662 0.432317574843974 0.117516206068442 -0.13891241678349
0.172118405685309 0.352226229314034 0.0392172318790919 -0.129917941530131
0.358256712073359 0.162071138775126 -0.0515717416219761 -0.0830867364912518
0.336462143118758 -0.105455322262345 -0.05222182148155 -0.0536106164367819
0.128146625717488 -0.267297863327177 -0.0601699178715299 -0.00825687728143555
-0.0306304480415558 -0.238255975599686 -0.04601193853652 -0.0172259700223043
-0.117058448394485 -0.226587998057724 -0.0621159482794639 -0.0103722391714025
-0.164227837437053 -0.203489839158547 -0.0611829106447964 -0.0121296893881461
-0.163552042532313 -0.215521181090177 -0.0532590300728085 -0.0160019037288335
-0.0586915499356771 -0.22819812527336 -0.0600159567379813 -0.0529034019762398
0.0611749845860098 -0.255866345030437 -0.0373673356036139 -0.0805175887068629
0.281995191772091 -0.159257579699598 0.0496626452328579 -0.0924080454856216
0.346263188307501 0.0730789145640075 0.0930704344220398 -0.0127692322095884
0.184443469747893 0.285184347175594 0.0578791295659304 0.0887684580520238
-0.00798775455515954 0.401659898948003 0.0306410011108943 0.0904647101183304
0.023587390319728 0.386384621665145 0.125835436080716 -0.264965199686354
0.170453292023601 0.297369328598854 0.00684088168933157 -0.205601200847928
0.309205213360022 0.131956895707466 -0.0540214407215186 -0.0880873394108441
0.281201497776863 -0.0873196720719582 -0.0227026438591571 -0.0680473002814128
0.114959217436877 -0.219554748477534 -0.0270345977572156 -0.0665325655469205
-0.0115098158311839 -0.203941745187972 -0.0483046205653744 -0.101782135109466
-0.0812273414848635 -0.201259399106024 -0.105440957469733 -0.0929165742751723
-0.124876358411238 -0.18154985254698 -0.122572620532332 -0.0784556317394853
-0.120461547309829 -0.190216459869679 -0.10558182246252 -0.0859926646366555
-0.0297919986495799 -0.192819837048975 -0.0805209963126959 -0.119349135164068
0.0649342777438938 -0.20011751000478 -0.0255584387033699 -0.129805208483564
0.231861915673289 -0.110242571838128 0.0564798441619046 -0.109783306985454
0.276711120394129 0.0710543729169228 0.0790294691725937 -0.0196663290506088
0.145787101994023 0.235811909654276 0.0187654339289931 0.0328666714211731
-0.0010983113370251 0.345286314843779 0.0328754766252255 -0.0304825337675038
0.0519144373061437 0.276865817791591 0.118635355520463 -0.362844324577308
0.138929310948616 0.188438809224478 -0.0279360690348005 -0.259906223834357
0.202286036208978 0.075711969144587 -0.0542607956877059 -0.0845991553054104
0.172638127826514 -0.0538247534531274 0.00264211372289632 -0.0712519732862948
0.0800150880261348 -0.132725441586857 0.00538933661541695 -0.109841638555304
0.00862918334926276 -0.134225762730896 -0.0454672408852974 -0.166528606713555
-0.0331667704413951 -0.143286502413183 -0.133606872503509 -0.160325726732634
-0.0651175222646321 -0.132254097313623 -0.165630149750738 -0.133690298207221
-0.0580482015911966 -0.137740551119543 -0.140380432499732 -0.143940072071021
0.00551103087439214 -0.130957395124199 -0.0835582773862857 -0.167856913621901
0.0625567439910301 -0.116500617137381 -0.00164460127797987 -0.15764296248531
0.151142175224299 -0.0428748181698294 0.0654376624005373 -0.104954841009839
0.165166230002255 0.0624799353455209 0.0646154808776622 -0.0130562987457979
0.0826403884084895 0.153652306270342 -0.0154310386084379 -0.0114155417093219
0.00490401896251849 0.237645237577226 0.0294553429849709 -0.129496287563746
0.0713916396451903 0.124061703275555 0.0950302285167536 -0.416017156310725
0.0862298718590151 0.0524675834361894 -0.063016836586081 -0.285868329120454
0.0685033630146319 0.00959050884428935 -0.0582182658573611 -0.0734952526861619
0.0425817892112226 -0.0139714150450151 0.0151531078399879 -0.061170438379159
0.0337563968083279 -0.0282606868791282 0.0305467065143168 -0.128781007578492
0.0273414843686731 -0.0445118562065199 -0.0376094754256469 -0.199953552247383
0.0199544791731969 -0.0620264357924619 -0.14219383854868 -0.201236298791963
0.00347266031140796 -0.0618777920670172 -0.184313908483471 -0.167904388610652
0.0105299606019945 -0.0649319321851512 -0.150137730768381 -0.182421134670005
0.0352139429163677 -0.0522356104480265 -0.0693148821161849 -0.192889324561152
0.0471557572411808 -0.0242061032785481 0.0302065134123235 -0.162720993723028
0.0537306279794407 0.0153474369305657 0.0725987461287563 -0.0835408372601836
0.0436003466323514 0.036634415666976 0.0517785659614663 -0.000388117697989189
0.0218456585858044 0.0519970480028775 -0.0371066933257561 -0.0424835525287916
0.0146426799616251 0.100135594885058 0.0236746464778715 -0.194781995551082
-0.0549597610563871 0.0677347416592655 0.0250229045571344 0.239412624893921
0.0158722991928594 0.0729154898626039 0.0847448724756256 0.0896941742418596
0.0747454073486989 0.0207851598904313 -0.0338010971873681 -0.0278948273360566
0.0610595353935049 -0.0518327755169042 -0.0988953762856818 0.0418342861600032
-0.0168119593181386 -0.0690669520040422 -0.0746466080967737 0.154715140772189
-0.0547346163275422 -0.0334823616992513 0.0244857819594472 0.213109570371038
-0.0704178890999919 -0.018981135988413 0.132371198302562 0.204370112107488
-0.0691048065204281 -0.0168067250585334 0.177894310956833 0.17319730966835
-0.0705873293101722 -0.0250127318751747 0.142797499445822 0.195566496808758
-0.0441563839813418 -0.0456818730216533 0.0542847680048396 0.187846581454652
0.00137057015660159 -0.0709859713538845 -0.026087783018609 0.128454396308387
0.0724052355958263 -0.0449939732895985 0.00153616585005478 0.0562274328064772
0.0673002169020618 0.0352395292352655 0.0601452811664634 0.0661391990761852
0.00361610990357967 0.0567348596465286 0.0689197257099378 0.232555372624476
-0.041222964594123 0.0382876025542373 -0.0787464392254574 0.407216796415249
-0.052985507580265 0.213503261450956 0.0448915158919394 0.191983974323339
0.0628841658306435 0.183727733072239 0.0870968847156703 0.0667131386841318
0.179184055363582 0.0772985396163581 -0.0330301391684916 -0.0436464582512671
0.167230601279078 -0.0753873357110894 -0.0995140852505228 0.0136705087882997
0.0292164369872464 -0.152979876026269 -0.0924738812100535 0.134470192839091
-0.0627226540012578 -0.116010260286089 0.000239266184855415 0.191786779665576
-0.112655635560929 -0.100817567154581 0.0959867033123808 0.189020948914574
-0.129322893019963 -0.0916478992310341 0.141068871959984 0.155271059439663
-0.128505394920521 -0.106414796109937 0.115312478358449 0.170482643169375
-0.0596820891651402 -0.130432956605819 0.0345905395956315 0.151327377928972
0.0293316032904822 -0.16036985365285 -0.0312017301355349 0.0932821167401132
0.17696188142039 -0.0941554604431659 0.0186607686556536 0.0236585342446588
0.193603859217933 0.0674852471680247 0.0828236116343192 0.0525987834036492
0.0696623776184423 0.171376963446439 0.0941885553747121 0.228913037706871
-0.0431975077007825 0.195386618445513 -0.039655060580309 0.389128466063707
-0.0449725269435974 0.334713275699104 0.0713626573885997 0.107218557692711
0.107477375007038 0.279916532557757 0.0812721002144795 0.0203519707269581
0.27170164066813 0.126856157912483 -0.0365252289968646 -0.0569346670128059
0.261500125912169 -0.092662116350103 -0.092019946797457 -0.0112805576929462
0.0753871109862312 -0.222853678336815 -0.0960368428467311 0.100881996041177
-0.0607175560210767 -0.185910453083573 -0.0202345734044016 0.142756792811529
-0.136398799683723 -0.169290241270726 0.0473228315417856 0.142549872607025
-0.170002616540125 -0.152352371226773 0.0830967862410752 0.113297250032204
-0.168972388601532 -0.168480841079079 0.0692505047161004 0.120766894802865
-0.0720679727050837 -0.19450485955397 0.00736121295631338 0.0931265510702888
0.0454695664366617 -0.230571614701171 -0.034007033423969 0.042078096459502
0.252529240081849 -0.144335487378903 0.0331315348352396 -0.0163464896696222
0.298081152576522 0.0775728395679281 0.0984443203351985 0.0309544389502309
0.137725166098486 0.25425913537674 0.104379297486895 0.198577889306499
-0.0311029649284385 0.322931157007939 -0.00335565873263971 0.3214250021127
-0.0268563010775006 0.413440602475739 0.0972199150879593 -0.00811929773983371
0.149898533986279 0.343035826316583 0.065081144130026 -0.04820156501888
0.341988383028626 0.155893452135887 -0.0449020976341979 -0.070020142570371
0.326538517154598 -0.109297997659808 -0.0773936652197666 -0.033259368785423
0.108739198432206 -0.267828333633238 -0.0837426305097194 0.0535058404824131
-0.0513951451155494 -0.230668348248131 -0.0353425186447217 0.0706014285866332
-0.140585137707947 -0.213878783277998 -0.00770810030291229 0.0737589489660021
-0.185546149032685 -0.190038040936828 0.0119152447364741 0.0557346019171553
-0.186064260691204 -0.204846923535982 0.0097698871053484 0.055892896347799
-0.0759027502934415 -0.229123174045442 -0.0268952265685936 0.0216911522201276
0.0510724379666233 -0.26773952089641 -0.0375980772546978 -0.0184429503552378
0.289143794210366 -0.175959619413501 0.0416507882815879 -0.0589340248775248
0.358091935557856 0.071473165043176 0.101375493386 0.00622846446361137
0.185365629156898 0.292100539203587 0.0934084041514983 0.147219420243409
-0.01302104902631 0.396491182731081 0.0222573518231638 0.214775147164626
0.00142591290669407 0.434653168938624 0.115961565781035 -0.140981197999581
0.177946012570649 0.351824700067099 0.0369395403939457 -0.130140128766953
0.361660202224494 0.15494692304144 -0.0526648594554558 -0.0815176465673956
0.337747131331918 -0.112459877273029 -0.0531654497779968 -0.054468817343054
0.121802992356242 -0.271288931227241 -0.0590077028919645 -0.00593273940122398
-0.0362175074247419 -0.239785427495647 -0.0462315819170808 -0.0161275723667521
-0.124234727253712 -0.225625107596335 -0.0619318508221881 -0.00832152338621039
-0.172120753623447 -0.199786384128643 -0.0605900526362901 -0.0104477614887742
-0.171236524712465 -0.211166078248801 -0.0534190275055257 -0.015216927056299
-0.0632507251077704 -0.22829825357746 -0.0610046076477863 -0.0518817176214716
0.0552507292987717 -0.257282181102711 -0.0380321531507274 -0.0798365811906998
0.280765724071282 -0.167533952862488 0.0466748470653918 -0.0939322970676214
0.351274130061118 0.064809098322076 0.0927627283393622 -0.0136031863791734
0.190584441218915 0.283802392215569 0.0616081430033274 0.0875877644529742
0.000890630562587173 0.404515750315023 0.0326436554439777 0.0888937506056026
0.0317108967237794 0.387600427535492 0.122665491006776 -0.267398043808445
0.175959952165015 0.297113609296949 0.00340086372591811 -0.20534288282815
0.313383904788367 0.12480439615005 -0.0559012372088672 -0.0870641220839151
0.282655269193728 -0.0943855299931682 -0.0245850218908882 -0.0691207203003129
0.10976774593518 -0.223851131397323 -0.0276010510373208 -0.0658042927072564
-0.0164857086094215 -0.206459155387145 -0.0510999032516797 -0.1009428516965
-0.0878120287943359 -0.201911076549252 -0.107305249025794 -0.0896663662322383
-0.131566541231423 -0.179460944040562 -0.124108072665834 -0.0747260144161052
-0.12666452513314 -0.187424029492204 -0.108137390508056 -0.0837079802220137
-0.0336849969883818 -0.194775595197646 -0.0842577240038921 -0.117788687952679
0.0608331150644524 -0.202297304081351 -0.027730925454737 -0.129721642026657
0.23184826952107 -0.116929246932679 0.0535948478063027 -0.111135129682627
0.280069916688798 0.0634939825525671 0.0790019583704572 -0.0205661357250745
0.150950862289555 0.234836075439625 0.0217219245868631 0.0319514667150673
0.00715857716801592 0.348870996022742 0.0328186430246993 -0.0330411984936956
0.0572861736467152 0.277824301096616 0.114202326785097 -0.366185842768277
0.142433094265198 0.18884288057534 -0.0319049058081806 -0.259282582273723
0.204982435658896 0.0716839308918866 -0.056273935977437 -0.0833263837412484
0.174297635364035 -0.0574039680551142 0.00122479054362605 -0.073152058411938
0.0768656249565763 -0.136009389115719 0.00355794208753529 -0.110874930802677
0.00449455752620082 -0.135934750341204 -0.0491599808102114 -0.166854786860346
-0.038059586055287 -0.144680792513107 -0.137449069216526 -0.155875942711161
-0.0702561079308182 -0.131762205763368 -0.16896680628376 -0.128558018540077
-0.0622572033930823 -0.137179996441878 -0.145242517026549 -0.14042360216869
0.00270163772709837 -0.133018637645869 -0.0890794527156497 -0.166445861612172
0.0605478685455411 -0.1182883373638 -0.00505018834335385 -0.158960902072524
0.152183047107085 -0.0474340260447981 0.062858666644067 -0.106501194150831
0.168068299064614 0.0587706953800864 0.0659338968961872 -0.0140058989307987
0.0861784871055642 0.153168092751356 -0.0133545718163319 -0.0114861544242044
0.0100929036850668 0.240935998473617 0.027310329658101 -0.132131823086273
0.0739974774088382 0.123910075360527 0.0903129961907063 -0.419016624300213
0.0865240854798866 0.0526262511482208 -0.0672564637838991 -0.285077512413114
0.0699958646325488 0.00884083947897125 -0.0592917599000801 -0.0724557776217244
0.0435220501753959 -0.014721162223841 0.0140210415290007 -0.0624533844067103
0.0331348661360309 -0.0292689666794656 0.0278759713350414 -0.131019619917546
0.0256817053710171 -0.0452817550388574 -0.0428427541410387 -0.201132309082386
0.0173422834618564 -0.0636054750457124 -0.147600714124911 -0.197079849751766
0.00137701022915613 -0.063140374071452 -0.189130033890816 -0.162210367149819
0.00839626305082078 -0.0661103736091066 -0.156181105815111 -0.178074343343563
0.0340459981404987 -0.0541836597340864 -0.0747065850905959 -0.191643414739499
0.0469637936471882 -0.0256923499977607 0.0260969604428086 -0.164264784760503
0.0556927266586223 0.013873939298377 0.0713716329613445 -0.0845122157997181
0.0454274049046613 0.0355176712370986 0.053379132181869 -0.00124947683053807
0.0229664898038701 0.0525367657188161 -0.036384004439052 -0.0423599852662646
0.0169856825195868 0.101978557588053 0.0204443977209095 -0.198042219632288
-0.0545585093220966 0.0694924613795498 0.0279218080174557 0.245393455100072
0.0171447363067317 0.0734007037202111 0.0870654692881705 0.0898251805599015
0.0758863437325828 0.0204985077436434 -0.0349992297644613 -0.0281651541356475
0.0612535009546862 -0.0535553551445719 -0.0993616554455363 0.0451829324163712
-0.0183203851141322 -0.069508853636405 -0.0719904271243105 0.160670594951724
-0.0557149656608271 -0.0324996686328735 0.0308635034016147 0.218426086041145
-0.071727829148886 -0.017600974307628 0.139231448381132 0.204325197842778
-0.0706665782143373 -0.0148640717124069 0.185090836451735 0.169801359332448
-0.0732905347860488 -0.022718633876475 0.152682325732913 0.194412891556271
-0.0461101734685086 -0.044749700230125 0.0617526592316326 0.190179108655207
-0.000467434067828306 -0.072068016384188 -0.0236790151162293 0.132338295282539
0.0722661603997398 -0.0475732399585318 0.001690263216162 0.0566484785180525
0.0694786980787465 0.0340774707660293 0.0603062454781953 0.0665281527806722
0.00463560392633654 0.0574147478946073 0.07320636009413 0.235966552163748
-0.0407194612626463 0.0388940622537608 -0.0736986967831238 0.418457525278691
-0.0496724187976172 0.217949016227396 0.0476451609279907 0.19653978995355
0.06712385615377 0.185832939500755 0.0889994317365335 0.0667126258723207
0.183270704203685 0.075234558256682 -0.0345758200180211 -0.0434563587046504
0.169511652133216 -0.0790160303163876 -0.100902321797865 0.0152650573325467
0.0266511662682496 -0.156093048226798 -0.0907478539361173 0.140335562229679
-0.0653399958729925 -0.116948040450893 0.00486150421233196 0.196309897640434
-0.116610281574728 -0.100590680061393 0.102443997991668 0.189191575586054
-0.13517374954613 -0.0897379488582096 0.147357922603417 0.152720780036709
-0.134015076301168 -0.104344867321672 0.123301390005099 0.16980340806518
-0.0623154423065197 -0.132181023071071 0.0404749144657201 0.153559642234335
0.0268169232057024 -0.163482232262407 -0.0289315872712107 0.0965932319727051
0.178257124391896 -0.100399118486239 0.0190477645062059 0.0231441287304531
0.199134828746892 0.0645267153677143 0.0838603374073178 0.0527326180104847
0.0739770349934747 0.173767727759115 0.0991928349872931 0.232033646536742
-0.0395233054271345 0.200688269499509 -0.0341359726885059 0.398711096345708
-0.0390140939513297 0.340515932037576 0.0732104770127618 0.108927284729402
0.113928221445268 0.283812527521066 0.0823924070335177 0.0202641559332234
0.278021601427569 0.123270065277562 -0.038203312788634 -0.0569306352742988
0.266349100334295 -0.0990420625968118 -0.0939340485648597 -0.0100969462537919
0.0722381485198751 -0.228685159986649 -0.0946321044398771 0.106831336045158
-0.0644710379241548 -0.188631728094375 -0.0168248104165679 0.146616709246102
-0.143474067750647 -0.17083060091874 0.051858386702063 0.143951882847722
-0.178850507749004 -0.150703303749124 0.0873860819068864 0.112399856278844
-0.177677366161751 -0.16721733592626 0.0750777691504244 0.120263762444856
-0.077319014796158 -0.198573100481047 0.0105738608695435 0.0946599323799304
0.0413268163819522 -0.236084456870269 -0.0329413694677212 0.0443652199114996
0.255706569146322 -0.153096644687513 0.0323229206480644 -0.0176259822992615
0.307278200522241 0.0724346596657209 0.0993835929555897 0.0305582628556613
0.145220153111639 0.257561087481671 0.110469395992426 0.200762630893032
-0.0245811179978737 0.331161954971835 0.00256806020845314 0.32763423623034
-0.0190427634421791 0.422048201607502 0.0987339154497039 -0.00960360493831881
0.157672174401309 0.347717231491218 0.0647243841154451 -0.049249161169617
0.350663600020924 0.151467212370463 -0.0471409348373274 -0.0702786200893741
0.332983863171269 -0.117091296483559 -0.079109315845424 -0.0342730559386194
0.105531622771968 -0.275421961287932 -0.0826861324112674 0.0578962874834702
-0.0566372742244542 -0.235695106909086 -0.0343311273378462 0.0731852188550351
-0.14814916735307 -0.216806415777926 -0.00556705117664136 0.0748888069051636
-0.195691924093674 -0.188816678176897 0.0145616263378918 0.055649726484296
-0.195401539870317 -0.203265528388785 0.0129215133061566 0.0555934183531836
-0.08128078797245 -0.233301004474813 -0.0263305737121033 0.022538182531341
0.0462151304924647 -0.273657212072646 -0.0375351383633301 -0.0179327608319946
0.292069839779438 -0.186891995783743 0.0401957552464242 -0.0609273984863558
0.368698084193205 0.0642786390816873 0.102740871396232 0.0045210530852599
0.194705158929421 0.296703533382515 0.0988872412558417 0.148048491597707
-0.00413181151593904 0.406566371371694 0.0266612513214579 0.218024706998744
0.0102280132053366 0.442650103886296 0.116036872514258 -0.145001404785269
0.186315896922461 0.357582260173255 0.0360387815287831 -0.131629683278263
0.370699470971789 0.149683499975469 -0.0553795633645558 -0.0808340727542886
0.344576391042911 -0.121404822265055 -0.0553200596996684 -0.0560673096290595
0.118353699286727 -0.278738163645957 -0.0592959646653373 -0.0039557723345896
-0.0420441551649246 -0.244454399716967 -0.0472051237548918 -0.0152930027184251
-0.131986050257727 -0.229545710967798 -0.0626625471705033 -0.00721300426672333
-0.182938986478734 -0.199343962343105 -0.0611459860479348 -0.00923949574616236
-0.180780757542126 -0.210316908995676 -0.0538018715417551 -0.0150475756889589
-0.0685828381388599 -0.23347164402256 -0.063515099307499 -0.0517914782820513
0.051093218111658 -0.263419188850467 -0.0399256041928272 -0.080526908643793
0.284231743298158 -0.178051832797718 0.0450037049280821 -0.096301107515917
0.361194098820758 0.0579131284148722 0.0945152352071846 -0.0153909294855622
0.199853764401237 0.288259757792604 0.0661070063589182 0.0874717771582208
0.0102340978428441 0.415325567055421 0.0351754676545164 0.0892348527219951
0.0402298856300225 0.39509394208101 0.121516577612533 -0.275357757013709
0.183188622175236 0.303272351106803 0.000695697334569774 -0.207610437408004
0.322055789462071 0.121598533655575 -0.0581560650937143 -0.0864458625491404
0.289067303400666 -0.102403332056014 -0.0263334176703724 -0.0720411296130154
0.106425466634888 -0.231215677090397 -0.0282123044698269 -0.0664954601407328
-0.0213484110804898 -0.210917532782366 -0.0543986657767891 -0.102844199444285
-0.095282217343234 -0.205567777827401 -0.11097300194369 -0.0883015108842982
-0.141330863981209 -0.179534162678606 -0.126946854892048 -0.0724651859832001
-0.134894582563462 -0.187667143639682 -0.112226960476703 -0.082839871181719
-0.0379717239612853 -0.199537172642054 -0.0891467617475698 -0.117808881224122
0.0574611631777693 -0.207039587918877 -0.0309047093645433 -0.131253758516327
0.234868844477378 -0.125489601100016 0.0515526242752778 -0.113476760924354
0.288830166498595 0.0589146840317758 0.0812085758132464 -0.0221982385666628
0.158040618167426 0.238627169958785 0.0247073306464524 0.0313645786726958
0.0147579821860859 0.357777787784839 0.032964048566874 -0.0352952509242711
0.0634550559126286 0.282941110386908 0.112496262973286 -0.376039399961082
0.147911707394082 0.192975846004169 -0.0358942897925011 -0.263409111959643
0.211221774590158 0.0697049250191873 -0.0581573035385235 -0.083603830503648
0.178610545341711 -0.0625614891816124 -0.000826987029682691 -0.0761257698631758
0.0747472977184211 -0.140650516828601 0.00251640213887654 -0.113677754602969
0.00110498105230606 -0.139877481948998 -0.0545566299045423 -0.170746315132394
-0.0438986335592967 -0.148145676738974 -0.143572059649716 -0.155510678271493
-0.07701954708497 -0.132426730329749 -0.174441276438295 -0.125590997223763
-0.0680089147306208 -0.138397625480311 -0.151700769526128 -0.139421705402168
-0.000650162848158574 -0.136981632664575 -0.0951078624438497 -0.167469414901064
0.0588737575930682 -0.12156526485502 -0.00801378986678816 -0.161743085224126
0.155314533232218 -0.0529552628188534 0.061260380907955 -0.108591201065757
0.173507977050258 0.0551669462780718 0.0679402123069095 -0.0156792747629009
0.0904857739836664 0.156248719830781 -0.0115663792216955 -0.0123438036691477
0.0161401263886783 0.247603278614486 0.0255485394809602 -0.137347794916964
0.0773080255220201 0.125745819580347 0.0863460626007404 -0.429049523033499
0.0882372587093522 0.0544780212860128 -0.0719255380210394 -0.288524815339933
0.0719869300061134 0.00789663739122192 -0.0614843175743653 -0.072709530872606
0.0454375383403793 -0.0162931415024948 0.0120139050400445 -0.0651127479129176
0.0322273291636132 -0.0312425670022865 0.0261057195130233 -0.135082860787379
0.0240564812707762 -0.0476384591020878 -0.0484396374627912 -0.205846339467175
0.0150790988989872 -0.0664089953864326 -0.155114456953937 -0.196676009006603
-0.00193524615183116 -0.0650220177387567 -0.194998035497584 -0.15972214465742
0.00660322556835565 -0.0692417026913769 -0.16504097151264 -0.176681531442858
0.0332892217904699 -0.057300006271967 -0.0819351249955308 -0.193700968220372
0.0470843217332132 -0.0281049113364777 0.0222567016869616 -0.168661440450246
0.0580087080243507 0.011594764312251 0.0709119243258778 -0.0870900665185679
0.04736653728644 0.0343170018692858 0.0554080620369418 -0.00250600537008838
0.02432386621561 0.0540243917534178 -0.0360050580083815 -0.0434563747852904
0.0198655866520518 0.105100370084065 0.0173889423034502 -0.204298262624522
-0.0532341542673345 0.0725080224668032 0.0361230876075243 0.252841399766632
0.0198253892322319 0.0743996553128302 0.0913053160046506 0.0892000193068307
0.0782986637546971 0.0186619198478162 -0.0370048044355849 -0.0280222755708335
0.0613872948625174 -0.0568460158990284 -0.0996484206794672 0.0495709157257682
-0.0202934146650116 -0.0703165314299817 -0.0667532160162616 0.168806379203529
-0.0568739872447023 -0.0308351833563895 0.0414691373040298 0.224715411989186
-0.0743679545648025 -0.0149639635256274 0.151332135009646 0.203870440326685
-0.073564316688703 -0.0117300215481935 0.196046001370152 0.165836019061662
-0.0757698872095018 -0.0194652701511 0.166158765477751 0.192359913077424
-0.0482550926345718 -0.0445497079511273 0.0722277009102188 0.193184153176608
-0.00319031848480828 -0.0737379602917885 -0.0191594076493952 0.13787153839472
0.0719288717985495 -0.0513209279650437 0.0030515677364887 0.0575770277319823
0.0725884778565929 0.031840373853384 0.0618409397384055 0.066837819944738
0.00642831704824662 0.0578826878718159 0.0814589897195295 0.24084923882976
-0.0399941793435047 0.0402895570496652 -0.0613294566048861 0.433009926787221
-0.0426857871182941 0.224207697410904 0.0539146557643623 0.201594987496618
0.0744724178183384 0.188677293170015 0.0927729984441542 0.065769625868939
0.189524180315119 0.0706492441635389 -0.036666328372143 -0.0431985069963201
0.17214137450276 -0.0867667043331843 -0.102535825834369 0.0185477289761797
0.0222618849409728 -0.160160953059447 -0.0869519659285154 0.148472911548033
-0.0706225537659056 -0.117675158014121 0.013889540298621 0.202972522836885
-0.124300471668337 -0.0997707737945394 0.113159490742788 0.190320598592253
-0.143171514290741 -0.0862018786130843 0.156893090486023 0.149397819483134
-0.141951294638444 -0.100279438512105 0.135086332712313 0.16795933778126
-0.0687995683034874 -0.13457749452576 0.0491973345760617 0.156073794230092
0.021967688772908 -0.168830992516346 -0.0252179707187715 0.101067770510469
0.180291796765066 -0.109999747039971 0.0188562287435511 0.0233527827916308
0.207891374771419 0.0588388548166992 0.085838147003496 0.0523926823055893
0.0822226197604263 0.176365890818599 0.108382136963796 0.235238007183895
-0.0328342687299145 0.207677820645178 -0.0211432682904966 0.411377863204772
-0.0267710890474991 0.350832346721377 0.0775330371044568 0.109992179075845
0.125169927271549 0.287774329470674 0.0845605229911708 0.0184224976886453
0.288546182840604 0.116730683394412 -0.0409590640858373 -0.0561540948087676
0.27179091941032 -0.111278057863271 -0.0963760723711493 -0.00904884265097592
0.065948151610789 -0.236299019218691 -0.0912425984331261 0.114017431782185
-0.0727192048715279 -0.192520448077226 -0.0108603504409566 0.152405985538551
-0.154093225400443 -0.171601070887365 0.0595298456856626 0.145478655728385
-0.191167256765023 -0.147416150750688 0.0941090739846351 0.110196381002192
-0.190305771330497 -0.163134953384126 0.0830157843231382 0.119128550952972
-0.0856916225623016 -0.202127121625824 0.0151535511006521 0.0960111774145911
0.0341330861299555 -0.24380545256771 -0.0311140564384994 0.0475167168448441
0.258730621957396 -0.1673795844995 0.031717054927863 -0.0194205546661078
0.319706419831352 0.0622152508905968 0.102338048728174 0.0292030225119776
0.158087175562224 0.261133781621324 0.119497245621498 0.201849175069865
-0.0126264202354787 0.34183880889407 0.0131487245585725 0.336719847148427
-0.00409770677694539 0.433310549929241 0.100143817182618 -0.0127482051791797
0.173277588991323 0.353567712847219 0.0647059349113963 -0.0516859381659223
0.363447101155513 0.14300803258741 -0.0497943439149654 -0.0691242502725016
0.339813903134582 -0.132440704081732 -0.0822736065953554 -0.0339863699832093
0.0982095334469414 -0.286578207391838 -0.0812174582728612 0.0635054835537252
-0.0667055202067713 -0.240674409946393 -0.0323606057773061 0.0767481354861079
-0.161827379257778 -0.218697355107568 -0.00219182955851054 0.0770932296548592
-0.210394287230926 -0.185157308465912 0.0176273229138119 0.0552226330069598
-0.20991606692573 -0.199608055230048 0.0161361313204389 0.0551629779570699
-0.0921690537474003 -0.238362589831035 -0.025635656370682 0.0234798377537438
0.0376148117567669 -0.28225488993874 -0.0384350416175899 -0.0167378269921397
0.295033144517717 -0.204244284647272 0.0383899362995318 -0.0637132617662106
0.381840039291661 0.0527617184253839 0.105409308620613 0.00225044300916608
0.210841153573887 0.299518126444833 0.107116176073085 0.147685223282453
0.011742672710351 0.420079495214327 0.0350453878454905 0.223175874921456
0.025911609824558 0.45429469875752 0.114293571414157 -0.153226223850879
0.202965428005403 0.363009635642435 0.0326575380929635 -0.135571352271586
0.385995733598179 0.140725893466882 -0.0585655602888319 -0.0803593903446079
0.352208406597353 -0.137904719442148 -0.0597797227172657 -0.0569122000387677
0.110350640575479 -0.291927419252938 -0.0589213221628725 -0.000792469666495266
-0.0521202301517108 -0.251328694656843 -0.0491841044200344 -0.0148988957064247
-0.145491151781814 -0.232480898805586 -0.063828191789649 -0.00488485624349723
-0.197821012065888 -0.196520493087053 -0.0619771348844487 -0.0072894228993534
-0.195229262224722 -0.208133646798578 -0.0555208727344848 -0.0139270749437369
-0.0784920250761337 -0.23882140471598 -0.0671796663045076 -0.0513535420541966
0.0437568881554876 -0.271657455172552 -0.0433969624794958 -0.0816037587810108
0.287611956579662 -0.195042958775096 0.0420656331315775 -0.100645990303559
0.373634454446644 0.0454497754762926 0.0969992462114195 -0.0183634628743043
0.215329639732156 0.291006069319231 0.0718920874718302 0.0858661317452805
0.0267670418710585 0.427795865067006 0.0392238486087007 0.0896298076750499
0.0548357126863657 0.403876393187377 0.11683433411509 -0.287045078590078
0.197718982335415 0.307609884896114 -0.00523859099735875 -0.213112105171528
0.335233355699049 0.113145992702425 -0.0615039481431651 -0.0862081204043477
0.296039907804683 -0.115181338081887 -0.0306525556104022 -0.074495209386716
0.100164036083708 -0.241543955110823 -0.0303775810571918 -0.0666280931426348
-0.030461996350739 -0.21717592347795 -0.0604352747452641 -0.104491138044704
-0.107129520143257 -0.209803149631285 -0.11621278943382 -0.0862396702298864
-0.154128153343519 -0.17848855221348 -0.131964621811728 -0.0694308960641282
-0.14781292276815 -0.187212719050677 -0.118457290419718 -0.0803099228502149
-0.0465168648087725 -0.205249050377513 -0.0967294005143466 -0.118011204118934
0.0519926822440953 -0.21450464414662 -0.036190139365269 -0.134041074930524
0.238225402738883 -0.139445632928643 0.0487221996480715 -0.117943351560336
0.299340382792658 0.0480942158332326 0.083467918381261 -0.0251423613589315
0.170769046680983 0.241062204916094 0.0281048513231725 0.0300658079351866
0.0296076829245268 0.368831556046033 0.0330679585924942 -0.0390414702923319
0.0755121384293928 0.288161389627551 0.10388927760804 -0.389867759024279
0.15758738944636 0.195829501655136 -0.0442051379002509 -0.269119703485441
0.219932332268368 0.064384753283586 -0.0620796674060581 -0.083192166963868
0.183641608804096 -0.0709577042124295 -0.00451346591209827 -0.0787750617723036
0.0708171444953964 -0.147852298613466 -0.000871429185963403 -0.117299105417634
-0.00521318812670418 -0.14483755561279 -0.0636563403130236 -0.174827540366584
-0.0520745393538132 -0.151715180416033 -0.152614851823847 -0.15369044515703
-0.0866151900500385 -0.133461880025835 -0.182427473724785 -0.120743169498955
-0.076639174429435 -0.140352002868145 -0.161430655975321 -0.135858324344537
-0.0059231436823374 -0.142600829165908 -0.104942416531 -0.168459945400089
0.0560472974909827 -0.127606250845385 -0.0151195404555117 -0.165815065849837
0.159225469324706 -0.0619144355418942 0.0591628470216239 -0.11313755848189
0.18144055015308 0.0494436142527698 0.0702786793424142 -0.0188557422787349
0.0989731937024117 0.158669108669065 -0.011136162495526 -0.0134331850872478
0.0274113664682971 0.25599294220196 0.0223196410675624 -0.143551426425281
0.0830753884269541 0.127483668873091 0.0768982799477719 -0.443768254443633
0.0923590202974171 0.0547921959090369 -0.0818173645716642 -0.294150912268591
0.0751955587592046 0.00590420527235602 -0.0659323324376308 -0.0722513002831058
0.0469475714934765 -0.0178998452050904 0.00957963875124578 -0.0675402643768464
0.0314626137650804 -0.0336028232276655 0.0218135981986495 -0.140822360640463
0.0218577595564541 -0.0505288805224721 -0.0593186291153218 -0.211808889558579
0.0114415081701947 -0.0694520086453777 -0.16661590991189 -0.195257406540779
-0.00565136127300787 -0.0668383705015469 -0.206227441407518 -0.153946267653031
0.00267687807110101 -0.0717397497315161 -0.177040303489659 -0.173282545217036
0.0313886380091788 -0.0609978886823626 -0.0931226483809132 -0.194984794391204
0.0475275242088259 -0.0305769988941362 0.0164439058154687 -0.173978810149971
0.0610512554627366 0.00839196322833899 0.0702698599737153 -0.0913991459056073
0.0506895555818193 0.0326589131458015 0.0580563572010075 -0.00525302123740288
0.0273671183138686 0.0560132016041292 -0.0372769564503939 -0.0441959464251593
0.0247609715555321 0.108991784433276 0.0103847583469754 -0.212752852706816
-0.050237413556059 0.0754269417802968 0.0479186532504797 0.257070327474582
0.0238528187005902 0.0730822626778062 0.0956664076445259 0.086761401836977
0.080083185752521 0.015058750216346 -0.0394121613698356 -0.0264320201187899
0.0597976373829593 -0.0606698281447595 -0.0981580903166293 0.0548669188275024
-0.0241799863660666 -0.0698286092521015 -0.0576379883199794 0.176068353520102
-0.0584352362318121 -0.0283245858778138 0.0555980163757131 0.228173683223432
-0.0760509767160816 -0.0117207258558817 0.16523364024386 0.199506771517847
-0.0747406024760364 -0.00777301750278147 0.207627126473263 0.156219761780839
-0.0781906323944231 -0.0144005432384511 0.18111083475563 0.184743790742561
-0.0512114795954093 -0.0425158924137053 0.0852911081185896 0.192489423803332
-0.00784008890102374 -0.0742547461553788 -0.0111075808721788 0.142274491373373
0.0695279563009936 -0.0554651332691393 0.00547860528899792 0.0587821618118085
0.0751466499220243 0.0278925369147197 0.0642997957397669 0.0659697078511801
0.00911718911695179 0.0575742170456686 0.093244370013491 0.24099996123435
-0.0385115871605516 0.0416542087409137 -0.0428719664281872 0.443696225759637
-0.0317815413446479 0.228854959169538 0.0635096182136525 0.203842612010246
0.0848893675811483 0.187311994447764 0.0960964673596562 0.0634228278028962
0.195102944586494 0.062214160055944 -0.0390588147257993 -0.0415910637068499
0.171530074385803 -0.0972150998588117 -0.102523585819474 0.0230856550648611
0.014668939301328 -0.164026710565265 -0.0784719597358204 0.156621633328548
-0.0764821832688665 -0.116634382017223 0.0259394701908495 0.206981622979759
-0.132090207716159 -0.0958382193049053 0.125682142556985 0.187183922733772
-0.150897401994937 -0.0794437876049904 0.167007454584762 0.141935240064132
-0.150575952662468 -0.0927369024902479 0.148165681256484 0.161489622589216
-0.076639190383128 -0.134048234420652 0.05933908441995 0.155592812212595
0.0131542466617741 -0.172726338440132 -0.0198488133291701 0.104588057134726
0.177826529682308 -0.121957205165452 0.0202015231610202 0.0228039304613075
0.214732045995106 0.0475328260449573 0.0879575921747552 0.0506114564957237
0.0921395056505941 0.174761384262872 0.120458216798944 0.234273661647669
-0.0218513738207291 0.212295377697695 -0.002731624991324 0.420396002095082
-0.0099447478528451 0.356897141029148 0.0822751635594321 0.109357344269504
0.141434412406063 0.286658940769728 0.0858979721249651 0.0153870825336785
0.298167162855772 0.104253869149918 -0.0433602352115223 -0.0544426806782096
0.272333774658209 -0.127325446241755 -0.0982417091323462 -0.00552906232231272
0.0551092912561537 -0.243065376802857 -0.0853279419731281 0.121868731879358
-0.0827650795138897 -0.192633012505239 -0.00302393282564573 0.156478522891463
-0.166930989550907 -0.167539129456118 0.0688303076690193 0.144435359231995
-0.204014313712696 -0.138424791666219 0.101299104293726 0.105199457631453
-0.202626005186062 -0.154336288680228 0.0925469248705858 0.114203334630735
-0.0976795039877516 -0.202631441061095 0.021321208242827 0.0959326037272705
0.022946328838256 -0.24957633078892 -0.0284337428980021 0.0498046929161584
0.255638091922327 -0.185580663852692 0.0305252698957823 -0.0210540582094261
0.328609222083714 0.0459224017696672 0.103983982183041 0.0261972923939603
0.173775203524625 0.258425860553883 0.130053920624495 0.199403769619513
0.00604419799535128 0.34808125445697 0.0295048005909906 0.341959390432541
0.0171208104684231 0.439032314850784 0.0996819517019424 -0.017333154563554
0.192922278756363 0.351620297912197 0.0625758047993346 -0.055438804388421
0.375121634029725 0.126544414393657 -0.053235485652562 -0.0661825991844912
0.34090528760485 -0.151545804810518 -0.0855710368205276 -0.031779748044778
0.08491425309243 -0.295667949137387 -0.077066663917542 0.0696359771685906
-0.0791772261137399 -0.242505110011183 -0.0285895739828842 0.0797330820080449
-0.176902447365059 -0.214833027056176 0.00273009360918374 0.0786373508786601
-0.225986587639173 -0.176127035225135 0.0206988109890412 0.0537866190675027
-0.225103982075509 -0.190289316453506 0.0200252822448865 0.0534008069438702
-0.106055095486969 -0.240089972515384 -0.0245979685640133 0.0247467162701603
0.0250845268170769 -0.288978047543402 -0.039194958010488 -0.0151205175890445
0.291541434026607 -0.224959200121164 0.0354794960911646 -0.0667737172135479
0.391890379954273 0.0331169361826636 0.106868753797552 -0.00207715567106718
0.229555440558611 0.295700933400776 0.115924588300583 0.144436020400263
0.0340203135129151 0.426843770313323 0.0466140113940269 0.224629936631319
0.0486004191599211 0.459567064253231 0.107845288652258 -0.16131845105371
0.224211663949425 0.361627229855789 0.0266309229787025 -0.139402482370858
0.39808142525187 0.123319437628251 -0.0627526777419188 -0.0779303535962895
0.354023040390724 -0.158336951966839 -0.0641558287060159 -0.0566490439688461
0.0966383133896231 -0.302348076388546 -0.0584551059835916 0.00305735125783464
-0.0659324881914274 -0.254035117974897 -0.0514372887142477 -0.0129784718605519
-0.162431444875117 -0.230579901909114 -0.0639685707464279 -0.00156224198506881
-0.21388582101779 -0.188092827866462 -0.0626488356509445 -0.00530754949036726
-0.211085725177976 -0.199895804206624 -0.0564871330974371 -0.0119109117496779
-0.0931169779871366 -0.241089858011813 -0.0718296585390711 -0.0488737003842308
0.0309738059861717 -0.278325356902233 -0.047553747762054 -0.0805817834905491
0.283776961613693 -0.215044307524944 0.037739393629941 -0.103698337316867
0.383249493240353 0.0255249989691592 0.0975957320165394 -0.0229317681415214
0.234137752871843 0.286752978524264 0.0774628140617338 0.082596521761356
0.0503610642460895 0.434728999867252 0.0447517508514299 0.0879784201797278
0.0760583496527826 0.408133994616822 0.10474260804647 -0.298082875491455
0.216344763889991 0.305819529441254 -0.0151881037637947 -0.216595070465855
0.346441249592624 0.0989190040332071 -0.0657184172685382 -0.0836965598032928
0.298663937371535 -0.13281935586282 -0.0357348108546517 -0.0757708242192137
0.0895243479090941 -0.251488820920431 -0.0334947027558037 -0.0660560606049493
-0.0429465159314952 -0.220148210114419 -0.0679658407346445 -0.104306980464173
-0.122872241858113 -0.209204015381549 -0.122280110224099 -0.0814341347274315
-0.168882838112605 -0.172487950205629 -0.136446390173154 -0.0637006986143881
-0.161127637543686 -0.181493846971011 -0.124518924086859 -0.075223278326428
-0.0585618980879718 -0.207816445200276 -0.105091183368751 -0.115026982128884
0.0425822955678039 -0.220940074679606 -0.0439540561646839 -0.134601009647844
0.237193573718281 -0.155916376998475 0.0434995494709222 -0.121740543477388
0.308153239631752 0.0321836900130555 0.0844275689895091 -0.0298251210823772
0.186648189331356 0.237888152640211 0.0308358085149844 0.027533280397141
0.0512475043928446 0.374124288389898 0.0319173865218008 -0.0431097789693981
0.0906891580859899 0.290443247406022 0.0879336109710088 -0.402421130709573
0.169775985703756 0.194539988455142 -0.0559411887339049 -0.272032132568822
0.227616551678168 0.0552036182022633 -0.0656417056196622 -0.0811680263098074
0.185723271262111 -0.081576374193816 -0.00940214675834249 -0.0807440668412445
0.0637596110830738 -0.153832386999483 -0.00733553350422976 -0.119653449987728
-0.0137863406449334 -0.147763517813162 -0.0760064274684319 -0.175835571783066
-0.0633154610187203 -0.152840105224517 -0.162593047242307 -0.14828345475672
-0.0972422450434377 -0.130960632460753 -0.19085271586396 -0.112338740516485
-0.0873735420869405 -0.137719732417815 -0.171139332104293 -0.127941101709265
-0.014019546807133 -0.146234763137453 -0.116827895163812 -0.165183637278566
0.0514559522138641 -0.132416530303827 -0.0238470691993331 -0.167975057349216
0.159713177434034 -0.0726434366221963 0.0546461373377578 -0.117848242937653
0.18731001447658 0.0391901396793986 0.0714636390388584 -0.0232355032937627
0.109426477237261 0.157462079233826 -0.0111238332112747 -0.014733424802138
0.043015495836331 0.259170335653278 0.0155425182502518 -0.148879703629237
0.0904354852550039 0.125883336506586 0.0586107684436899 -0.455690364952553
0.0964317877374122 0.0540602801930545 -0.0958811552460844 -0.296269541819993
0.0776245109802325 0.00271986455640802 -0.0699093532284781 -0.0706389020822139
0.0487289015911871 -0.0210425521087617 0.00538485895151315 -0.0693210067040565
0.0299644666904235 -0.0355400286565185 0.0143328945477579 -0.145749077677865
0.0186277174138219 -0.0524998363251656 -0.0735347886608784 -0.213501255422503
0.00691621157846591 -0.0717522746636045 -0.179865666971878 -0.18902791957049
-0.0110756525191943 -0.0679983913848443 -0.216430240044966 -0.144450041238641
-0.00235477484399585 -0.0737153626649234 -0.189076306604571 -0.164768007206571
0.0278593166157671 -0.0652363328917576 -0.106363591955265 -0.192783335424539
0.0470007021270031 -0.033971163602167 0.00686754082191494 -0.177763325478392
0.0633381321501467 0.00400276614791378 0.0670283739185427 -0.095857351851637
0.0535305652414806 0.0299589874428571 0.0599258212729375 -0.00956402284959828
0.0317915731697982 0.0570771527786863 -0.039146420058093 -0.0439211149112309
0.0325923923762865 0.110847263917783 0.000134181441119133 -0.218443157542034
-0.0324497401669226 0.085616696537969 0.0833278352858981 0.241878003488688
0.0384960125782603 0.0660997401351721 0.10293880413722 0.0711310667312974
0.080128141443464 0.000857365025401382 -0.045875453581257 -0.0157962931643705
0.0456771993636105 -0.0681855824673989 -0.0852947244013838 0.0734004578152114
-0.0336834100225172 -0.0602536581856439 -0.0243773528021781 0.182055368060163
-0.0554947828017743 -0.0145913368542081 0.0936918610187481 0.21288840939558
-0.073877193583176 0.00199227834423725 0.197125370579163 0.168944069301081
-0.0704680530384218 0.00304060120302404 0.225386686467027 0.119182876454907
-0.0751756823304312 -0.00195102114980989 0.205246888374817 0.155425858624453
-0.0547209861729965 -0.0347191722310483 0.112755517954719 0.179740210576401
-0.0179302806864258 -0.0713871013301755 0.008696785934099 0.143892089201578
0.0605925279664659 -0.0667361342520836 0.0101956299307844 0.0596945302094789
0.0783789463852621 0.0141216008234617 0.0685194983776667 0.0576827313384194
0.0174983371635761 0.0515091132335747 0.124467340781095 0.228890804748208
-0.0283435339288185 0.0447361161444939 0.0114968636167205 0.443819476165343
0.012544775481948 0.231754666322473 0.0834201920722926 0.184267532909281
0.118174640674363 0.166496487397189 0.0932912325574426 0.0483432814097919
0.200955566295703 0.0267687294438777 -0.0520940881837029 -0.0257270655116113
0.148881899174473 -0.124841041088797 -0.0970165058185659 0.0488463166764534
-0.0124338866573995 -0.158538971827059 -0.0438998531940187 0.169643741338884
-0.0886289218780418 -0.0981696017542669 0.0646025390797478 0.197717725314722
-0.146506132459222 -0.0718342204778201 0.159452557827006 0.166007494825997
-0.156416917103183 -0.0545296218120064 0.185422328984253 0.109767904160072
-0.160946030323768 -0.067176736337958 0.170180100668831 0.136219963967547
-0.0953246694321702 -0.122176630727496 0.0823785118686661 0.148228597055714
-0.0128142513776392 -0.171511141937325 -0.0039969877501637 0.109618345069477
0.158292096874062 -0.150673465367527 0.017535336849785 0.0236593927245699
0.218762566942951 0.0129106257550231 0.0874196256975546 0.0374075111107122
0.116885759472924 0.156367177681355 0.152535192979956 0.214769794300248
0.0124500684479029 0.211920460404759 0.051258809931447 0.412053285697821
0.0557768838397119 0.351595986478828 0.0819783953836588 0.0864491504755138
0.190770681847877 0.254022095348825 0.0708591597719846 0.0036929651458611
0.308528951399278 0.0505649913916021 -0.0622018423285839 -0.0329028106051547
0.24306829171357 -0.17315127017876 -0.09947367538928 0.0258122073166804
0.0136148217451591 -0.243773842401525 -0.0524513669821826 0.139029395570738
-0.107958433935994 -0.172773110199323 0.0300045797487111 0.152752955208528
-0.195649928071775 -0.138393094507517 0.0994557272788244 0.135318167981092
-0.217950830114746 -0.103924079371792 0.117195405685669 0.0833296010367587
-0.224079701477076 -0.118789299537598 0.10869659282433 0.0969776507779975
-0.128839878270302 -0.187642159809677 0.0371369569134524 0.0949896160342971
-0.0163976029431992 -0.248827723851386 -0.0189908455350945 0.0576578871514143
0.224855810669142 -0.227065886760472 0.0212362762450692 -0.0190047959811854
0.330063449596492 -0.00659413889887753 0.0973893946866909 0.0103757194705036
0.210321364461106 0.227792458264141 0.159781968096896 0.175373031946179
0.0579660293186549 0.344238372160232 0.077627466026631 0.328840182392571
0.0958811622552528 0.4256302945644 0.0759736844392602 -0.0409154878514315
0.252148591694392 0.308853251089117 0.0338264808464648 -0.0617174487401619
0.388405510649266 0.0598801724001248 -0.0762210375900991 -0.0401812264066051
0.307991498452179 -0.21059245716788 -0.0927268148539682 0.00143100968019631
0.0338042540352735 -0.301148411297393 -0.0509529328500108 0.088908979740431
-0.114729808161358 -0.223059181874104 -0.00620441672617526 0.0823391960931058
-0.216513031082606 -0.184581336621696 0.0252952876908728 0.0822354200265354
-0.247425795401415 -0.137489123966319 0.0315859235559501 0.0447683526397423
-0.253421902384799 -0.150500264871308 0.0295345711516086 0.0469941686628449
-0.143915788320611 -0.22266981120254 -0.0180651548741451 0.0305791056540328
-0.0200754256605061 -0.287568323641885 -0.037744841317007 -0.00457657813829175
0.253950051210696 -0.272685628956833 0.0196204482261001 -0.0636165356339704
0.390778620277198 -0.0292086021952612 0.0954171871806988 -0.0188518813093896
0.270659520460433 0.257240724617427 0.138970241897641 0.120019005187668
0.0963817543908957 0.418516815084963 0.0825343242440975 0.208478397835638
0.127964684263147 0.437812140342343 0.0619295939777072 -0.182235042438939
0.282127472363492 0.31165607847866 -0.0154674731366123 -0.137481521901504
0.410569764976889 0.053203579957238 -0.0865518252310798 -0.0488106732899922
0.319864910439292 -0.220209492632899 -0.0754944018185556 -0.0249135578211198
0.043914045662579 -0.310935114433113 -0.0437552069738227 0.0199859470622511
-0.105705879546608 -0.237787816010241 -0.0436996141889421 -0.00415510451796519
-0.206239916717646 -0.20232749814472 -0.053391873054238 0.0151131220718868
-0.239202039843938 -0.150741419183496 -0.058067493692775 0.0006217435703028
-0.242691470900465 -0.162118348559244 -0.0556663639064213 -0.00655757618256241
-0.132026996252325 -0.225598353232039 -0.0749926529446222 -0.0362555745051394
-0.013685466613231 -0.278710815179424 -0.0548750086814819 -0.0687731487746258
0.247167082550518 -0.262191362407977 0.0174482731120068 -0.100796842371754
0.380681134357101 -0.0350119501218309 0.0843206349187078 -0.0388438188908114
0.273670519297516 0.24870417296756 0.0930280694193673 0.0632082852921761
0.113736639756304 0.424881315221541 0.0647204218154967 0.0722757601667294
0.143421114810254 0.381169155592244 0.0389460493754427 -0.31336962926923
0.262994113374529 0.258510372722719 -0.0650909843111852 -0.20717053625874
0.355667322167539 0.0378284230258101 -0.0890155165728509 -0.0563255582865096
0.270607290379295 -0.186334470086827 -0.0505874131865472 -0.0509422675386281
0.0443997654780743 -0.260885369011054 -0.0320984448798028 -0.0532264026153449
-0.0805995933938652 -0.210394608307525 -0.0761731439612981 -0.0904018089060417
-0.164829304813508 -0.18836057794027 -0.124723220685378 -0.0545265006117703
-0.194406106565188 -0.141958093424204 -0.138519780085917 -0.0441142067544185
-0.192651080705912 -0.15101904155322 -0.13105434262611 -0.058232608137245
-0.0944012050589673 -0.196577041532911 -0.117671318683833 -0.0971508419209703
0.00599935616622967 -0.223154059811166 -0.0588257927072252 -0.123294391720225
0.209289784571159 -0.195248117677178 0.0218934618776256 -0.120950027949859
0.306603459707642 -0.0168782920829335 0.0725840308424192 -0.044219245696721
0.21941868251355 0.207771103001754 0.0391184903711794 0.0156255318652618
0.104392327196162 0.365608218868224 0.0355327431000906 -0.0540630805351672
0.136555986530898 0.261584122297734 0.0121886468951717 -0.409889246698873
0.196820664297245 0.158147524826549 -0.108890729256863 -0.255996079239266
0.232304083547569 0.015213056144246 -0.0840477700097954 -0.0590777011995463
0.169009957760106 -0.116183671706739 -0.0246590520255407 -0.0665950425658066
0.035815207107457 -0.163841030161119 -0.0195928890400159 -0.112231042867518
-0.0417038474814224 -0.145454067173399 -0.0984166521118136 -0.159501298776362
-0.0963813379613836 -0.142266706215304 -0.178031601619969 -0.114603569865953
-0.119005656797634 -0.111683011943037 -0.199302019203413 -0.0821817054563079
-0.113052720076304 -0.120561472281944 -0.185161089946821 -0.102191555607188
-0.0410090303745611 -0.142030686946635 -0.137605814511973 -0.145519517257566
0.0278907651087404 -0.138634211204675 -0.0457874467223702 -0.160386312510371
0.145507266835211 -0.100811105166671 0.0354986233311558 -0.120392964913316
0.189074119747258 0.00879080943164221 0.0642054916411693 -0.0356291519499975
0.132353676328282 0.140455415737676 -0.00875142394988952 -0.01859231985058
0.0788457313003991 0.252651422772438 0.00398329799884966 -0.154908590934909
0.106030410405074 0.0999320778317534 -0.0178368122210752 -0.454190600233207
0.098226424003558 0.0335613506830736 -0.143917801969929 -0.274260597714822
0.0756630910007434 -0.00998759252605776 -0.0801993101504407 -0.054526228888452
0.0455296652904297 -0.0311420171274694 -0.00715337916335345 -0.0653099336468146
0.021946363149426 -0.042662735953202 -0.0083461721395969 -0.144934845660826
0.00419480954670824 -0.0576227023396012 -0.105647992591705 -0.197460513191393
-0.0113504242872315 -0.0743658716703803 -0.206256404337724 -0.154962002777736
-0.0257185019538213 -0.0638957136578424 -0.230427982899533 -0.107481104326675
-0.0190200930412928 -0.0720956157983717 -0.209047201785559 -0.134564493424429
0.0133540894022993 -0.068292470972552 -0.131988568586448 -0.174667313395114
0.0390906102400558 -0.0414801820198946 -0.0173890557543331 -0.174863392616173
0.0623820062123197 -0.00829452525190706 0.0524435144278395 -0.102583374769085
0.0572978031594449 0.019896807417477 0.0574396046356874 -0.0197473863358886
0.0407336908187173 0.0534057821917026 -0.0432612986414779 -0.0411543917698435
0.0468555350613953 0.107562985493404 -0.0231675317635181 -0.218571267631672
-0.0293381886955736 0.0838436595710149 0.0880188364297198 0.236374224368602
0.0385787046028168 0.06284283520443 0.102490555412035 0.0679472393721904
0.0778800518282231 -0.00154893242256264 -0.0453134308111409 -0.0134514338918702
0.0427295955571634 -0.0679167268092807 -0.0811491924416144 0.0738149841453621
-0.0344462224734691 -0.0579427753086938 -0.0162621745821297 0.179158362736546
-0.0539334010543146 -0.013683192194942 0.102188836418031 0.205946142628297
-0.0725449408663827 0.00485228413517751 0.200636475053237 0.158643496163291
-0.0690979583691285 0.00557300718072337 0.223301020439186 0.109204568329383
-0.0723603950288416 0.000986856682560796 0.207022362806397 0.143112000046026
-0.0544889382294137 -0.0320139983832293 0.118005232936007 0.172074304883613
-0.0202427032435798 -0.0694744931192751 0.0142158486826276 0.141535852226154
0.0568231439650153 -0.0670028650901246 0.0107593285389929 0.0581902255624017
0.0766081641741101 0.0110502705617255 0.0681218966780599 0.0567168910776489
0.0171141965255284 0.0493841278728008 0.127438322365815 0.222336485072282
-0.0265793002328216 0.0437382793625826 0.022821981169149 0.435826400634503
0.0193332446956589 0.225848867554421 0.086162338123487 0.179180969154132
0.120275753658631 0.158634858186493 0.0924322269534875 0.0460906740676877
0.196795270771233 0.0203381004346583 -0.0509896563898875 -0.0233786915402471
0.143215465895408 -0.127051760608611 -0.0936189756818133 0.0498845933202248
-0.0165459769553703 -0.154934884329883 -0.0354572798950756 0.16780865644826
-0.0890892479245322 -0.0946343465669768 0.0713631507665526 0.191955444220514
-0.146571515886365 -0.0654647346726063 0.163191127657007 0.156242011939811
-0.155873947701767 -0.0477838010582912 0.184155424018903 0.100880405561949
-0.159632590017998 -0.0598451675631232 0.171591700856258 0.125500796402349
-0.0979540624841236 -0.117039538657296 0.0866741143435051 0.141919410810195
-0.0185161945815915 -0.168821757573698 0.000472058926038565 0.108480105600468
0.15034182158488 -0.153973296889872 0.0173824592080231 0.022830628327411
0.214519068307231 0.00507926988833354 0.0863682655750078 0.0361979263093936
0.1191716500656 0.149676708681663 0.155077657018472 0.207454062669448
0.0190648117105801 0.206412192469805 0.0616219426740476 0.402981710015383
0.0644002396493105 0.341196907095708 0.0814927603225301 0.084141412768995
0.193947437564857 0.242534635007986 0.0686319786790929 0.0033611140187177
0.303496614937583 0.0408041527429277 -0.0611423504396189 -0.0305360095070771
0.235247142368599 -0.177900393727228 -0.0975048392396596 0.0269963068582275
0.00621188336064186 -0.238677245185918 -0.0445191776883047 0.138150175770944
-0.111777198286 -0.166827359602547 0.0355992017110236 0.149700596617927
-0.198895811841281 -0.128704811995997 0.103829477975256 0.128274509753392
-0.21886978723411 -0.0933096573000976 0.116224661381622 0.0770497096717027
-0.223153304087803 -0.107539798637836 0.109803618128892 0.0890606623385086
-0.132518447673203 -0.180619990202163 0.0401259636124656 0.0915106094802201
-0.0233477986572205 -0.244551723061842 -0.0160399399830133 0.0575600065093295
0.214303195867479 -0.231898605762341 0.0197591295839798 -0.0196220172869194
0.324035975350901 -0.0168913894707257 0.0956753287453545 0.00841397615945674
0.213341286807637 0.217378175636036 0.161028761996638 0.168007457270049
0.0685234066316797 0.335034019987573 0.0846469429875624 0.319695619294687
0.10485075853435 0.412563483837784 0.0713814546425768 -0.041090155568779
0.255913645486183 0.296018231496477 0.0304637448156774 -0.0603597085496793
0.382141692861816 0.047826407636586 -0.0744113196134359 -0.0376294326548551
0.29805406959686 -0.218007482409639 -0.0928029059999592 0.00352343587250962
0.0236506317855674 -0.295692339767974 -0.0447618592809295 0.0885607025020648
-0.11937099520308 -0.216602732321028 -0.0036559069651127 0.0815823456741335
-0.221529035396845 -0.17416446005091 0.0288384372590819 0.0784771565551199
-0.248820101325791 -0.125514028817938 0.0317892772882955 0.0421223922456289
-0.253610239894739 -0.137277435979055 0.0307447417481433 0.0432882113661485
-0.149817086998995 -0.215255134544524 -0.0174877401408305 0.0302250446702395
-0.0284925092545758 -0.282214014529719 -0.036496114014281 -0.00357365342814431
0.241270004828719 -0.278522731970786 0.0171686942767047 -0.0637732627731167
0.38249575431995 -0.0415501887854512 0.0928549125117847 -0.0207071179290441
0.273117411309962 0.24457281287848 0.139090060134477 0.114092889772943
0.108589153652733 0.40703616793965 0.0867022093748532 0.200531987282684
0.137579762669207 0.42414400210758 0.0540708993177153 -0.179571231363986
0.286187971082569 0.299526658327473 -0.0196262664125031 -0.134652404405486
0.404949808359011 0.0412109367323296 -0.0854644664598407 -0.0461994076483019
0.310567744705469 -0.227382255440389 -0.0768210210946377 -0.0232465469501345
0.0337072500242291 -0.305502292342072 -0.0399466949261317 0.0208798793127817
-0.111751388797882 -0.230559481445639 -0.0438640582315131 -0.00227047854834769
-0.212377940750393 -0.191999917918418 -0.0504767033420803 0.015764032989473
-0.24150397434286 -0.139018043742314 -0.0573887205305242 0.00158165841690915
-0.243826436469851 -0.148071695408916 -0.0540747401096261 -0.00559519980375197
-0.138178997383526 -0.21765518520987 -0.0755961309011115 -0.0327015179631413
-0.0216971506044588 -0.273168982040058 -0.0553846616873284 -0.066156013354263
0.233966567722739 -0.267318030541373 0.0142825180106273 -0.0996399995015364
0.372463210436197 -0.0471822962108364 0.0818540560531622 -0.0403378678367605
0.276979765056172 0.235913564480438 0.0921740602327672 0.0585818470916904
0.125468714727888 0.412743791405715 0.0654564050074177 0.0679151854661239
0.150987137516801 0.368597235116604 0.0283371866169616 -0.307605189137952
0.266466914966818 0.248251535897186 -0.0703682765463392 -0.202342300777023
0.350515786205189 0.0275190775939484 -0.0872582874676389 -0.053603749605597
0.2626484777426 -0.192828631478037 -0.0527953130538102 -0.0488921189862395
0.0362064028658815 -0.257148525602537 -0.0320739000139036 -0.0507465931111084
-0.0865512312839318 -0.204137802991763 -0.0796684083784682 -0.0867986369116798
-0.17119418895301 -0.179251171779397 -0.123457381202707 -0.0502913311890068
-0.196710790006459 -0.13191615880902 -0.136801946099626 -0.039853390864513
-0.194869504291295 -0.140049109665947 -0.130040892869214 -0.0529632199936477
-0.100268538300091 -0.190894962556936 -0.120469780886747 -0.0905850764508787
-0.000905178170765282 -0.220099246707266 -0.0613502512548006 -0.118953897843923
0.199297891864134 -0.201244542525774 0.0186842076672776 -0.119990460639686
0.299881798514008 -0.0275743453411928 0.0697015624784669 -0.0462330874105782
0.223011920636412 0.19711283460331 0.0382848212961899 0.0132528777018402
0.115261756377525 0.354841256156761 0.0335454227642404 -0.0556724644568556
0.140652036005133 0.252320404421408 0.000242610785485046 -0.403392675267191
0.198672316391728 0.151781853819449 -0.114072976740188 -0.249073344675013
0.228941712870383 0.00864271154340504 -0.0831993740929163 -0.0567404305776867
0.165429077039798 -0.120739473396288 -0.0277967777511895 -0.0648014754318794
0.0300085416988458 -0.161219233632799 -0.0225383423292292 -0.109938484801568
-0.0464115847978071 -0.140834797984456 -0.104310006925227 -0.153354995383404
-0.102005845094086 -0.136781825737084 -0.178876586805571 -0.106559240455585
-0.122903839151306 -0.104756475776896 -0.197291863600473 -0.073923454051352
-0.116255639982755 -0.113081473447777 -0.184645687163549 -0.0932776338717244
-0.0456911796278405 -0.138805996231729 -0.140979600186408 -0.136634081928113
0.023376444294597 -0.137175676806308 -0.0499599449313112 -0.154912870155148
0.139495021175438 -0.105677850581202 0.0315816505372019 -0.119095490442122
0.185688527654622 0.00165810326345368 0.0618574397240681 -0.037946589397225
0.135191613634953 0.133982126568184 -0.00919067357360538 -0.0187591390294471
0.0866488533802248 0.24546238616685 -0.00056681461034753 -0.153509384062848
0.106398071028682 0.0957391519737952 -0.029340921456714 -0.445449917201585
0.0982070759328217 0.0316433216893779 -0.148185065919026 -0.265767711978279
0.0746917060057788 -0.0115211367585919 -0.0792864822451249 -0.0517099833229233
0.0444488675731676 -0.0329849539518631 -0.00921579236282682 -0.0636860223182138
0.0205863886126367 -0.0422277248590128 -0.0135473766241676 -0.141849110987309
0.0016902508746322 -0.0561388606017924 -0.112835457336564 -0.189889933762545
-0.0154656829193529 -0.0725202354223272 -0.20733582424867 -0.144683030439359
-0.0283646470471758 -0.0620360883517894 -0.228194727903932 -0.0975885991762391
-0.0227742543232156 -0.0695684246345569 -0.208001313176523 -0.122890300933571
0.00992777424078605 -0.0682395717659531 -0.135967475810463 -0.165294000522998
0.0372334749854985 -0.0426116092966763 -0.0231186827064458 -0.170612035382626
0.0605248613322312 -0.0115610417034696 0.048582476786789 -0.102113449168714
0.0571268682231775 0.0171920399982711 0.0555320894765065 -0.0225733124942735
0.0431764475701401 0.0512746655408617 -0.0431891139892057 -0.0401818350174098
0.0503518812689665 0.104255689297081 -0.029130378166451 -0.215242506654224
-0.0283315522493601 0.0821301808695945 0.0880028892166045 0.23477332563192
0.0372853996697421 0.0602595024303914 0.101336696579692 0.0682562015164924
0.0766985781064762 -0.00236908239019817 -0.0448490494131886 -0.0128273523656896
0.0418903111112387 -0.06664724405315 -0.0794411453507324 0.0728745540174096
-0.0341900938435103 -0.0569463606996464 -0.0135519162502271 0.176766311836576
-0.0523780418753514 -0.0142145402118508 0.104786686707472 0.202646938528509
-0.0712882282306386 0.00609373436144298 0.200047655115809 0.15402207096257
-0.0684154920106738 0.00641448784692635 0.220907726139352 0.105350904295693
-0.0706154749371364 0.00187344261506202 0.205189766319904 0.138252769402226
-0.0541565570173096 -0.031123074985805 0.119452801078869 0.168514730380604
-0.0208397184025726 -0.0684965360797251 0.0155234299072733 0.14044051856092
0.0551532971872713 -0.066254311149531 0.0107855456902252 0.0575372979334542
0.0754263762494502 0.00998199907811244 0.0669360666942243 0.0574551256579914
0.0161707422051857 0.0485294607579964 0.127162942976322 0.219990893151587
-0.02640566135194 0.0420111212108896 0.0232872542973081 0.431669158960744
0.0197614406163882 0.221278967949209 0.0844764083954915 0.178874390703682
0.118420135886005 0.155235517273575 0.0910892995532591 0.046740776823836
0.193965007992601 0.0192036577818961 -0.0506834830743888 -0.0223376635878684
0.141940245544216 -0.126995452544518 -0.0927985664455462 0.0492284307325896
-0.0171163611969546 -0.152516201209675 -0.0317884084124106 0.165332873836619
-0.0883049154381345 -0.0940867971311905 0.0744839551954504 0.18956121524944
-0.146256980634095 -0.0631073773149317 0.164063022577875 0.151928548886107
-0.156259009954014 -0.0449097821607825 0.181316384932456 0.0978482723175103
-0.157129865154144 -0.0572142774742852 0.170309930266018 0.119556038790052
-0.0982983151161793 -0.115380098080076 0.0875572187989836 0.138811710722682
-0.0196181963094008 -0.167116131107557 0.00193051694416103 0.10705030743213
0.14745336949159 -0.153970058607462 0.0167330095193284 0.0225983260071619
0.211563208803893 0.00374690854533071 0.0844574276464287 0.0373922513885351
0.117537256784938 0.147577364829221 0.153765809636187 0.20585696729439
0.0194475561954548 0.203606705815806 0.0620313729251243 0.398711547286907
0.0644619018254401 0.335236808639182 0.0786741727783647 0.0846089088523597
0.192374559850464 0.238440679326546 0.0675275752473922 0.00413175449241324
0.299569009603146 0.0394038049764941 -0.059028964066077 -0.0302604762302712
0.233105148302798 -0.178347768836622 -0.0976790695708527 0.0262001341822884
0.00475720614002034 -0.235745335463281 -0.0409388172659894 0.1360599281822
-0.111270306709119 -0.165305921593974 0.0379106666938852 0.148509341462164
-0.199643101082932 -0.124105052527234 0.105146188240756 0.124474410729863
-0.219215672407356 -0.0898756002011998 0.114136638788424 0.0749010515186934
-0.2208874722336 -0.103248300840445 0.109176975484084 0.0849104231142918
-0.133570642559632 -0.178462504831456 0.0400758795096566 0.0895556314619828
-0.0248191328268247 -0.241904479658339 -0.014435403220104 0.0569170401971027
0.2104729134674 -0.232951774864772 0.0190864144048551 -0.0199210425946657
0.319948503595816 -0.0193875358114525 0.0938151972241359 0.00950705122745472
0.211402221243181 0.213908518567895 0.159297353688623 0.167354951923382
0.0690945099754355 0.330445030542862 0.084795308425321 0.315852031853657
0.104280294933535 0.406771288724506 0.0687909998694416 -0.038914390098862
0.254090556317618 0.291798299010226 0.029078671400149 -0.0590686211140404
0.378208085242047 0.0466295161746386 -0.072640421478643 -0.0377685547764198
0.295973598754474 -0.21913666016285 -0.0932836251870697 0.00351839006851411
0.0220626953687483 -0.292587865884729 -0.0416944842240045 0.0865906412184642
-0.120030540181957 -0.214349271708239 -0.00266150613097607 0.0815361763548587
-0.223066148946588 -0.169291593717445 0.0304207604742254 0.0761195363874489
-0.24982560685483 -0.120713148639592 0.0305334591550498 0.0404998571147419
-0.252091500301449 -0.132322134022611 0.0303335065715048 0.0407357555272066
-0.150564048323763 -0.212649508851308 -0.017619807249551 0.0301259149990254
-0.0299836339483096 -0.279786047328571 -0.0353978843925924 -0.00346270889218488
0.237324810526181 -0.279120240503337 0.0166552045948637 -0.0631908748367523
0.377726184226147 -0.0438973056957124 0.0911029235844047 -0.0197787253668584
0.271586955947532 0.241123441086736 0.136932054557632 0.113238995634378
0.110365068131873 0.401204939974668 0.0858266520695166 0.197238059049175
0.136561639798703 0.418168797751581 0.0510705112789342 -0.176149495478924
0.285219627276149 0.295311473729631 -0.0207506022173106 -0.132784179069573
0.401069203081421 0.0399656977118735 -0.0836187198440994 -0.0466066553629737
0.308854653389534 -0.230610587340966 -0.078624809396865 -0.022446644934821
0.0316058490095046 -0.302702395026459 -0.0373690908022796 0.0204831287778014
-0.112213439276088 -0.228393339379265 -0.0448729120898309 -0.00153122204384291
-0.214500632995992 -0.187768037801637 -0.0490901677086512 0.0142194154491249
-0.242231125623247 -0.134167673462428 -0.0572516403978697 0.000844455105995087
-0.241723201725543 -0.142709825137235 -0.0539592794355526 -0.00669694637921072
-0.139900336999455 -0.215788693600986 -0.075903579955178 -0.0311821149766081
-0.0229195788824382 -0.270098335736536 -0.0543999089475562 -0.0652089552143169
0.230276429561967 -0.268708728940448 0.0134973428259473 -0.099220852851513
0.367923353353593 -0.048686513460155 0.0804771355024967 -0.0403408702498799
0.275029129121814 0.232243547212102 0.0911930930664506 0.0581007023899301
0.127491761058922 0.406319533480762 0.0649912346594227 0.065144576096947
0.149246811028331 0.363091779091012 0.0265997424616319 -0.303139087302465
0.265510754643681 0.246138626570317 -0.0711513235904222 -0.200119657607143
0.348223683137229 0.026702389551081 -0.0860489394753615 -0.0540833196976637
0.262226249199246 -0.194977931870703 -0.0545783878427912 -0.0480221128455392
0.033541381377588 -0.255617685702119 -0.0308360800127511 -0.0508366173562801
-0.0873642197440866 -0.201373229324779 -0.0816356264317502 -0.0844319472116667
-0.173504453176106 -0.175376286364372 -0.121863117806773 -0.0493854568770106
-0.198026290843003 -0.127825183677687 -0.136405500999096 -0.0389087256606776
-0.193812273277456 -0.134953888873982 -0.128384754984118 -0.051556695040735
-0.10163725013517 -0.189247000490707 -0.120334449747644 -0.0876119857598447
-0.00205831013279501 -0.217758239833099 -0.0611378532500088 -0.117418598793229
0.195614554910134 -0.203297649143821 0.0178935769473578 -0.118836030633533
0.296162695823471 -0.0291027457457482 0.0679987624052572 -0.0464815042804674
0.22199487027422 0.193720154287549 0.0372632836297472 0.012772383372154
0.117643152555914 0.349301112828661 0.0327558627585754 -0.0576245091628539
0.138824597004221 0.249282815518366 -0.000332082387550028 -0.397627032939051
0.197877535678914 0.151571628504257 -0.11385328936603 -0.246635067705445
0.227834686251887 0.00881699927038335 -0.0820346228672793 -0.0571010195737257
0.165237191823086 -0.123081277860288 -0.0290598807373999 -0.0632681677471788
0.0289205957999439 -0.159660052864285 -0.0229610283626233 -0.108741549842946
-0.0475898896298087 -0.138958599718714 -0.106804981165279 -0.150322476761873
-0.104199926360533 -0.134176747215926 -0.178016499289745 -0.104595605387884
-0.123901104478103 -0.10213744845654 -0.195167776028279 -0.0724587158569873
-0.116484786093468 -0.109806162172014 -0.182008816173252 -0.0898898644979021
-0.0478286179831304 -0.137400381061603 -0.140967423311027 -0.132271220215767
0.0222913445041976 -0.136232947125118 -0.0499709146390818 -0.152924183151006
0.136915912128285 -0.107742460897037 0.0310878929005579 -0.118040993666415
0.183791287319506 -8.43385847516839E-05 0.0604052602146271 -0.0389544136897819
0.135544124623029 0.131696782090448 -0.00957248215191143 -0.0188217556901405
0.0881918939541054 0.242300763134774 -0.000853919144428347 -0.153612677224151
0.105420791490276 0.0948575680960797 -0.0297656770492318 -0.440980384360802
0.0981048963065096 0.033044368079898 -0.147279139015003 -0.263661267288395
0.0751586810357508 -0.0111544853852239 -0.0783603669341754 -0.0514958640784092
0.0452554589104135 -0.0340701696170787 -0.00974360125318575 -0.0621861341667232
0.0205658924769611 -0.042027005200478 -0.0151135715936989 -0.140148289150791
0.00111724731839171 -0.0547815750844738 -0.116004554339962 -0.186835784804159
-0.0179374397317537 -0.0717053701240417 -0.206682630440148 -0.140354276638269
-0.0295760404729396 -0.0606509235072218 -0.225211072890518 -0.0948843709193522
-0.0245217789790324 -0.067841109814781 -0.206078302579418 -0.118532667456694
0.00821504050518925 -0.0678997662921749 -0.136236493988804 -0.16096740526873
0.0364755411520803 -0.0434907944584808 -0.0242834804989984 -0.167907149635733
0.059658897392621 -0.0139237870181673 0.047579970312844 -0.100532485494908
0.0575220660798359 0.0162089322863634 0.0542960937562922 -0.0240961576155648
0.044323825372871 0.0503552655881304 -0.0430820664933288 -0.0398889561370579
0.0520981772292949 0.103362197795943 -0.029691821491528 -0.214909851284325
-0.0297384688642888 0.081782501802838 0.0861183528783115 0.239195591732092
0.0354231014848337 0.0604833314984598 0.102760630112005 0.0715104510670397
0.0766450352425705 -0.00230229426338046 -0.0450804067278283 -0.0127643416241404
0.0433874759802306 -0.0666281029240437 -0.0807396641912261 0.0720965061661219
-0.0336781041383044 -0.0575245842335992 -0.0132353083399874 0.177615015387215
-0.0523191689844729 -0.0158827767343234 0.107551500273338 0.204343409474777
-0.0714655726809959 0.00588996244375116 0.202185607161753 0.154575091618936
-0.0695124761449536 0.00680480334687486 0.221980817425555 0.107342423409655
-0.0702455910768755 0.00155304460039124 0.207187373420255 0.137936065668468
-0.0540418639886536 -0.0312968239619262 0.121337672721224 0.169137421794058
-0.0210765312423453 -0.0686094682924013 0.0156840766242088 0.142661398268822
0.0561866066751785 -0.0659628548330502 0.00988182208307774 0.0586541196561242
0.0750635981614266 0.0104379926411098 0.0669785198330729 0.0606779248192086
0.0145652105349638 0.0493490838745343 0.125795611541222 0.224576771777988
-0.0276443677522525 0.0415532171836668 0.0186396921703072 0.437699547834703
0.0177396912419577 0.222179748290489 0.0822536919560872 0.183189209863008
0.116584948399244 0.156822292827812 0.0916191604591002 0.0496576389925902
0.195100471829986 0.0209401950709064 -0.0499217057397221 -0.0233472466280974
0.145348286850612 -0.128151405492613 -0.0947445260196535 0.0484496148788951
-0.0161239850321487 -0.15375154153348 -0.0318451282959983 0.165485775191139
-0.0884187411473754 -0.0968793216513383 0.076529462310117 0.191236555001587
-0.148498199316319 -0.0630445323891783 0.166004044245782 0.151282854687801
-0.158947026816886 -0.0449867511746948 0.181735312534579 0.0997266625293574
-0.157673489743263 -0.0581246621025722 0.17152959181356 0.119411748410009
-0.0987917188346237 -0.117386669503722 0.0885334660092916 0.139906499571282
-0.0187717863006183 -0.168458867174963 0.00233236450488203 0.10880671382129
0.150392747741277 -0.155730954713438 0.0156171041299256 0.0224062155817586
0.213911365237664 0.00501947084753334 0.0852417671131152 0.0401918802801487
0.116805924733297 0.150603140076654 0.153302263254222 0.211159665576021
0.0171275294625899 0.204761083826692 0.0576244580882934 0.40458570978138
0.0613919582336048 0.337749173595846 0.0769948176699436 0.0887086862129164
0.191539781712838 0.241587651323893 0.0675724933515279 0.00641212139406761
0.302269005210126 0.0426178780756473 -0.0596046514218988 -0.0315033164135958
0.238783493222825 -0.180823670598954 -0.100415862233738 0.0254970826215799
0.00664121655796598 -0.237653956497669 -0.0401850746069807 0.135430864052237
-0.110937857422759 -0.169415160475151 0.0383849293847392 0.149819209930159
-0.202493421712675 -0.125908817019154 0.106599635979383 0.123801095235078
-0.222838817746297 -0.0909398420904385 0.113835348651807 0.0759905116822966
-0.222112600355364 -0.104841183029191 0.10959313451377 0.0839486596781965
-0.134782132540579 -0.182309315966393 0.040419564079444 0.0904841783967937
-0.0237223360971116 -0.245191316810063 -0.0143862586079387 0.0576755941309361
0.21468118001513 -0.235765370353945 0.0189911150200399 -0.0204598678884745
0.32458481342213 -0.0172937174606524 0.0947353962561093 0.0113302348049957
0.211631200796709 0.2186280138849 0.159014194447841 0.171553152284847
0.0669333698252014 0.334443129787206 0.0818007087945417 0.320013471961015
0.100546861538468 0.410532890866764 0.0682847947828627 -0.0361644195758189
0.254547091813944 0.297417149189274 0.0292047079517537 -0.0579387611175652
0.382511369146435 0.0499999308151099 -0.0732741170120396 -0.0400528830139738
0.303617778521436 -0.221782546188899 -0.0964045589454133 0.00233229222932886
0.0244429566877733 -0.295990698505949 -0.040746321348959 0.0862991388595892
-0.120259659499195 -0.218926230600098 -0.00320149083245042 0.0828948069673367
-0.227191060545104 -0.171059196755982 0.0314751109493624 0.0748816162966451
-0.254309398873449 -0.121877998108479 0.0297088686138305 0.0417166785113844
-0.2530617547728 -0.133384551094147 0.0298242103683883 0.039065247146969
-0.151635169689074 -0.217004763992278 -0.0184731219379019 0.0304545849420637
-0.0279539484231843 -0.283889610846583 -0.0351177766923586 -0.00391677383641373
0.241828944022261 -0.283379249194591 0.0168667563101804 -0.0646827139214554
0.382777334248848 -0.0421929156509142 0.0917501545767241 -0.0184842805792838
0.272698397742225 0.246050842898659 0.137429240017611 0.116933242839874
0.108252622043108 0.406711464077306 0.0843878209631695 0.198770003997955
0.132549049383292 0.422990793910681 0.0523128296679389 -0.175824227870683
0.285805670989537 0.30275704621678 -0.0201328908093514 -0.13327626775617
0.406097374416364 0.045645763042515 -0.0840726002318487 -0.0495534314793686
0.3169692470845 -0.234015987537056 -0.0813619221586727 -0.0232731550263416
0.0346619405642229 -0.305968767099269 -0.0367589530129031 0.0190047911074945
-0.112427008373265 -0.232984528492425 -0.0459798815152616 -0.0011284705082168
-0.219222001420122 -0.189216932268045 -0.0488873509773761 0.0122530292573048
-0.2470983011299 -0.135301354585463 -0.0585746808997581 0.000906465073498222
-0.243152771751786 -0.144251422655345 -0.0549704070667188 -0.00811432167304749
-0.141052302834466 -0.219123737684176 -0.0772960104895331 -0.0313100703513119
-0.0209136778895033 -0.27418592804567 -0.0540595539083982 -0.066485889296767
0.235008360203687 -0.27297213565664 0.0142921614353061 -0.101470535449153
0.372447556095501 -0.0473133608242052 0.0805926081292191 -0.0397558481043346
0.276667640104309 0.236683277630583 0.0912005737371106 0.0606767228248176
0.125063455371743 0.41221005853629 0.0645233326116488 0.0646747985152666
0.146017408215909 0.368413713354367 0.0295617023264101 -0.305065139825937
0.26746376098122 0.252833577656559 -0.0707008661275444 -0.202910578772918
0.353088416063093 0.0312787303051649 -0.0868293713340831 -0.0570630085496084
0.268938191364483 -0.19903857202379 -0.0571220631444635 -0.0488626800501056
0.0363890445949187 -0.257714185259754 -0.030208405894127 -0.0525705483354125
-0.0877966729468395 -0.205115440674161 -0.0833111701641028 -0.0849366193268906
-0.177243538821344 -0.177366761995464 -0.123008584697507 -0.052232147724642
-0.202077772242919 -0.128678008369221 -0.138055545406415 -0.040013475856025
-0.195447785703927 -0.136726809267137 -0.129647850468659 -0.0531496283543578
-0.103066226370812 -0.191805939603837 -0.122276149258219 -0.0878140547443134
-0.000563117802668155 -0.220737424877942 -0.0608694393490365 -0.119160502188278
0.198865704823495 -0.206558956508844 0.0186175308221807 -0.120214213322375
0.300468611845899 -0.0275347822558029 0.0686461757427782 -0.0466483819419531
0.223427557250709 0.197766392988432 0.0374997870538856 0.0135837686853774
0.116361590311695 0.354362296237132 0.0334766054770974 -0.0596018678417587
0.137563659852751 0.253792818941168 0.00330184480040523 -0.401286995518792
0.200152495579861 0.156606152612887 -0.113927339672799 -0.250926847612679
0.231980251387501 0.0117932021382906 -0.0821845631836518 -0.0594821770489301
0.169329794878009 -0.125914882026119 -0.0304084459893368 -0.063381367071443
0.030887547585564 -0.161887234476674 -0.0225275600784356 -0.110715944070275
-0.0477012915342762 -0.14018276283262 -0.109869115841216 -0.151854481674381
-0.107108402609088 -0.135016220072487 -0.179445805634943 -0.106453187016243
-0.126321478838374 -0.103067862856325 -0.196906232944236 -0.0743178143754015
-0.11841879650365 -0.110524560313017 -0.183022074351049 -0.0913073223435119
-0.048849949542305 -0.1401378590067 -0.142465617170076 -0.132449670665946
0.0239296597581334 -0.138245294410027 -0.0495789256134361 -0.155006995362809
0.13899952383287 -0.109877563586872 0.0319103124691457 -0.119548662461781
0.185711205746668 0.00100013520373627 0.0603454609009459 -0.0395236877188823
0.136628722646279 0.13361997071313 -0.00950095457554267 -0.0191742087702623
0.088095929134709 0.245363726432337 7.71723394996147E-05 -0.157326136032278
0.10487365480718 0.097784347052162 -0.024440164165195 -0.445613775456552
0.100674280361871 0.036337473420684 -0.147199501465021 -0.269099623971504
0.0775508564250362 -0.00937696874545073 -0.0791232256973768 -0.0539716843269201
0.0471709484247196 -0.0358137823341807 -0.0103240856823545 -0.0621851651586667
0.0210912202938564 -0.042641606946012 -0.0146063261274839 -0.141519241900429
0.00127865795549994 -0.0547100057135398 -0.118712605322923 -0.188718808119113
-0.0187953807987777 -0.0726279678758305 -0.209842526061478 -0.141880913956565
-0.0307054240717535 -0.0619475055560995 -0.226590905224384 -0.0974149172467003
-0.0250466413131798 -0.068399550250758 -0.206812348031744 -0.119088116527925
0.0071426678489684 -0.0692389993440796 -0.137042473292343 -0.16140108162509
0.0373749053701643 -0.0446962637782843 -0.0235240484523773 -0.169618991323236
0.0601841567363283 -0.0146966386873052 0.0492052920747274 -0.101604379778693
0.0579959629474228 0.015928742777585 0.0540072598589484 -0.0250662599145109
0.0462295397672716 0.0511325271095124 -0.0431871412411715 -0.0407925638804242
0.053056043808475 0.105369440500216 -0.0284857042978842 -0.219304119989866
-0.030590390207011 0.0839959218613119 0.0874212652493749 0.249716722792988
0.0350475374331309 0.0626405230087395 0.106823872697632 0.0748976221783033
0.0785323144518572 -0.00219269912721005 -0.0464409542423358 -0.0132668981013192
0.0455430232295164 -0.0687418791326661 -0.083188062374973 0.0733557575910228
-0.0343903883553394 -0.0594290837907663 -0.0125312110049852 0.183026394246499
-0.0542746104323221 -0.0175225782146376 0.114975532933073 0.211047328351575
-0.0738297403858389 0.00716325594076118 0.210827921761357 0.157992191770166
-0.0726355465522487 0.00802966668229547 0.23007715736248 0.111030162969104
-0.0725647244179896 0.00184238398531446 0.215244267221327 0.141211236864507
-0.0555877954812322 -0.0321924322959675 0.127227990788609 0.174171949312256
-0.0218168362509586 -0.0703173391884305 0.0168214239762411 0.148697304259852
0.0577711325399916 -0.0685847348823413 0.00950484359477478 0.0613026043797826
0.0772844689048526 0.010682734819669 0.0693955858865099 0.0646603793745233
0.0141578641285609 0.0516837814924348 0.130370730981301 0.234227231394121
-0.0289357774121771 0.0426542513097859 0.0173509635144872 0.456272944023777
0.0172404337861453 0.229399743244204 0.0830676749960409 0.193118816783997
0.119414222788953 0.161880654383978 0.0951317964579004 0.0531371863096685
0.201868213021452 0.0218979429082725 -0.0519008524594137 -0.0247313815364105
0.152552888380492 -0.133951603569713 -0.099036193724717 0.0488568806919802
-0.0160674439608383 -0.159470402128907 -0.0315004649400179 0.170429225194566
-0.0925789702384998 -0.102011507144356 0.0813546791293752 0.19763340415346
-0.154457833335416 -0.063738260213999 0.173193009100256 0.154344776422765
-0.16663179778825 -0.0452916269104773 0.187958612853727 0.102826233169457
-0.163694824183531 -0.0597524103177314 0.178151460080405 0.121966823514813
-0.103024793042871 -0.121947418320674 0.0930903685832954 0.1441935772224
-0.0199913965410825 -0.175012651360573 0.0029938684782705 0.113612414003363
0.156362070174422 -0.162941448961148 0.0157621535688682 0.0231741503613394
0.222134833694929 0.00521149522412575 0.0879145163128051 0.0435683102675104
0.120002818542406 0.157555304738066 0.158459971066889 0.220290563142442
0.0178019642046044 0.2133675381199 0.0582913146468522 0.421222831747405
0.0616022309098459 0.349935568833194 0.0781177824287765 0.0949043821953732
0.197004367331637 0.250715835476729 0.0700395436389594 0.0082581361586835
0.31397828080125 0.0444623136553504 -0.0616601488977415 -0.0335441936604342
0.249550622731836 -0.190248543066946 -0.105307716777927 0.0258700662275072
0.00741898488491088 -0.247193241961571 -0.0402366560945491 0.139170721815675
-0.116348510722193 -0.177315932389293 0.04137362719638 0.155829142318293
-0.212098161378865 -0.128736379111422 0.111198603173914 0.12556192526665
-0.234915555125857 -0.0917680981923049 0.117558758464042 0.0792341022248122
-0.230837092898959 -0.107878587203013 0.112681258601811 0.0852540279605707
-0.14110183582252 -0.189796463210783 0.0423367203942189 0.0934968633637397
-0.0251158687314914 -0.255188160758845 -0.0140056877650656 0.0595867765378515
0.222886635107955 -0.247300294176805 0.0187685543654241 -0.021622185286695
0.337413458031376 -0.0180978678240094 0.097749740213365 0.0139308879962449
0.218685229967165 0.228003533327237 0.165365768369624 0.179887700625994
0.0696392030173444 0.348473267790473 0.0840698969467405 0.33266317542769
0.102603051701365 0.426023944521439 0.069484054980818 -0.0347530845783765
0.262560828121345 0.308555070283504 0.0301338849239067 -0.0587059081771582
0.398477156273689 0.0537031076665495 -0.0758984433736303 -0.0427177953765617
0.317549387287456 -0.234082598244556 -0.102109238054979 0.00273029278528989
0.0266154320618982 -0.307566487431109 -0.0414559803902485 0.087719066383958
-0.125439854610814 -0.228734680984442 -0.00295131555883466 0.0865777201644776
-0.238428800085175 -0.175238267269495 0.0329784418050949 0.0745416332167129
-0.267858995071542 -0.123757148176565 0.0299326645018055 0.0435138287159371
-0.263474079726684 -0.137255532694389 0.0299078300141704 0.0391379377288439
-0.158987479797696 -0.225658453525361 -0.0188710157777171 0.0323778427201629
-0.0293528463739417 -0.295262103890244 -0.0359588732755475 -0.00478499625113096
0.250953147274196 -0.297848044513833 0.0166920579150308 -0.0683102281623721
0.398437491445438 -0.0435005494575671 0.0949103347949007 -0.0177589795779287
0.282242006688406 0.256624331468469 0.142329703085499 0.122933188991374
0.11273734696921 0.423608196213026 0.0868119652085415 0.205932970648073
0.134839557827474 0.43918400343886 0.0537575506888256 -0.179766629122605
0.296580247087833 0.315509109851103 -0.0219898315138657 -0.13757966349856
0.423769707561064 0.0479408589892255 -0.0876255376258219 -0.0524141134326885
0.331698260630386 -0.24730292196023 -0.0873163443042255 -0.0237530106174605
0.0360398026029835 -0.318704339531139 -0.0372883899563458 0.0182802782299746
-0.117385461141248 -0.242624353154248 -0.0485794373396982 -0.000168265080785047
-0.229601698653777 -0.194762149343663 -0.0508007587215225 0.01038324233027
-0.26022625331729 -0.137751344803988 -0.0619884465974947 0.00137078017971458
-0.253055576580958 -0.147709533917868 -0.0574357285262671 -0.00955432969250867
-0.148488678797289 -0.228604531461854 -0.0804966629377518 -0.0310814903322781
-0.0212517983673651 -0.285979697768672 -0.0559960625099023 -0.0695381258337254
0.24361797807588 -0.287250120447314 0.0138081130154877 -0.106152960961378
0.387702786569129 -0.0491123855577232 0.0830866845667909 -0.0401318179436936
0.286683294250797 0.246433402468036 0.0952783631826848 0.0637185035284116
0.129946562903505 0.428875758297961 0.0664619309281202 0.0659662938063516
0.149541376097838 0.383330282324999 0.0312493567407507 -0.315023425484037
0.277742014768632 0.264902232314443 -0.0742675628617936 -0.210304449943361
0.369059785963624 0.0340452294598115 -0.0907291942398779 -0.0607315172612312
0.28166931222825 -0.210330334507464 -0.0611371156799017 -0.049526048839942
0.0378668687286455 -0.269255195230575 -0.0309262964056001 -0.0557333829995791
-0.0913670697937129 -0.214371099763886 -0.0888634412003188 -0.0870454081796491
-0.187435242108358 -0.182524942535007 -0.127740034370599 -0.0554415554511545
-0.212955019382131 -0.13176911761057 -0.143468385469392 -0.0407814807662953
-0.203210422238749 -0.139477344060507 -0.135012579813416 -0.0555881422535118
-0.108611855230203 -0.199787086514106 -0.127026052620511 -0.0888689173776341
-0.000249172249616719 -0.229958129778622 -0.0624679341440134 -0.124427903349686
0.206296954612218 -0.217017649822216 0.0191430717068915 -0.126153231245009
0.31247945986849 -0.0286779040066322 0.0700918421397696 -0.0483600096578685
0.231468622044957 0.205455627372268 0.0393059597309808 0.0146355464237323
0.121564816879184 0.367516982456152 0.0344597038499048 -0.0640845547695383
0.140699670098869 0.264631032336486 0.00585163564739147 -0.415918807579591
0.20917949585755 0.165052131648594 -0.118614829509727 -0.261353207085186
0.243559696317946 0.013503418551479 -0.0863425841220733 -0.0631371256557024
0.17794829605294 -0.133635126666018 -0.0332033207631887 -0.0648770696986936
0.031911885292008 -0.168674503382725 -0.0231917884867392 -0.115471646061684
-0.0495110703429015 -0.146304894078623 -0.116634890276171 -0.156443344976678
-0.114313541432999 -0.139708579682593 -0.186942913623393 -0.11089243334533
-0.133776381207888 -0.106073630639411 -0.20471447431804 -0.0766378616998979
-0.122938729538345 -0.113350693215629 -0.189997488227956 -0.0946249744285625
-0.0521726679189631 -0.145633083853528 -0.148008195532753 -0.135529518624677
0.0247910054814943 -0.144175813560463 -0.0515708111665398 -0.160701873468015
0.143723678746691 -0.116019424613155 0.0331906310176092 -0.124576016988607
0.194104276010062 -0.000195496868029446 0.0618067317802496 -0.0417593913493079
0.142283336171739 0.138039123915019 -0.0100237287614518 -0.0199698699853559
0.0925600798317648 0.254807307220072 0.000186817379229916 -0.166101837798183
0.10837225171179 0.102824046903922 -0.0224312856625872 -0.463173746658448
0.105368983923131 0.0395598519471053 -0.152765501770387 -0.280914662806267
0.0821258603871401 -0.00949987093139646 -0.0829789587022891 -0.0568983984333522
0.0492472561920284 -0.038493369912041 -0.0110601773917366 -0.0629042674219387
0.0219711467918331 -0.0446672648150083 -0.0165909473020115 -0.146993234334058
0.00132435245130893 -0.0569559869262654 -0.126944032895633 -0.194771800591205
-0.0220031062946148 -0.0750641352109724 -0.218306784578992 -0.146121029100731
-0.0334696948408403 -0.0641178689448022 -0.234689959856929 -0.100486530956343
-0.0267931231314554 -0.07035463259976 -0.214233504147677 -0.122190506891233
0.00653475805827818 -0.0723032280755541 -0.142714698995094 -0.164897715647064
0.0388335762339137 -0.0469485847533355 -0.0247469126459602 -0.176050432828361
0.0620515637896556 -0.0167521200838363 0.0505598967791743 -0.105351297095994
0.0615895755410112 0.0157682109028188 0.054803785692786 -0.0267920342225716
0.0487783393658348 0.0525280309621008 -0.044795270736646 -0.0425570140800559
0.055842150819999 0.109731004724238 -0.0288318307995879 -0.229629190136588
-0.0173973922103796 0.088299798171141 0.0991396566886568 0.25565847286998
0.0437590167144628 0.0582918906899543 0.113931060752707 0.0733784649449462
0.079807486049979 -0.0109590259474384 -0.0500189240640585 -0.00413990275211595
0.0386483043607024 -0.0751206847199708 -0.0771167288799226 0.0873408924420637
-0.0389138490172878 -0.0547351308396352 0.00678291819118009 0.188657886226617
-0.0538671273883881 -0.0133404215752996 0.140174847038719 0.205467559962987
-0.073272144613923 0.0173659045255081 0.237689568982787 0.139650450918723
-0.0724958229850896 0.0148222896141334 0.24930217012207 0.0942393678352138
-0.0741777371489161 0.00964962728815818 0.240944253561318 0.130358526350624
-0.0629198692511639 -0.0269272136039328 0.153743747620657 0.174740195440618
-0.0322902219316087 -0.0703718718167777 0.0324770521625485 0.159735585548548
0.0512665445689345 -0.0784370844412335 0.0145398035708149 0.0688864191526936
0.0792311189481137 0.00468406362178044 0.0767669066763842 0.0651119429317069
0.0134865562426052 0.0554331145857077 0.159894027200386 0.239319578175213
-0.0345089284123295 0.0474705194846017 0.0502950279313571 0.486639060032979
0.0476285524237137 0.232049978628463 0.0802181539399477 0.199060591827257
0.140897449830316 0.151212112194987 0.0929591729821627 0.0562729257909476
0.209467239608637 -0.00156564419319592 -0.0603105548053309 -0.00459590154395497
0.139478852544254 -0.156872676474508 -0.0920249482279924 0.0733790917804425
-0.0309334925149584 -0.159391706635414 -0.00651776570122498 0.177183660816269
-0.101482419553426 -0.0969483760089539 0.108201715160542 0.194071997391406
-0.167626746666843 -0.0463314153924437 0.205687836236287 0.137709443190962
-0.175087053119198 -0.0307835428066916 0.204592668173569 0.0878578904410115
-0.175613852370964 -0.0427356227540593 0.20010661050441 0.113294150480575
-0.121812616998512 -0.116222145366925 0.115852252647491 0.147180724875424
-0.0401034076593527 -0.179469169676286 0.0164435707502603 0.124149284009521
0.143889246937925 -0.188540196180269 0.01659204986122 0.032584150659548
0.231856074602408 -0.0156334232642144 0.0880428819465265 0.0432729821458288
0.135921087088151 0.15896229516486 0.187827590357635 0.213706281029749
0.0307995607578835 0.227913448767646 0.0950742849343919 0.434533757091345
0.10539924814784 0.349317008467281 0.059393681575 0.100104531912864
0.230098134497834 0.233872828751864 0.0571860842174657 0.0162836577830028
0.328500277325515 0.00840653853416683 -0.0745606246642342 -0.00304190592642654
0.233569880310762 -0.228933718241358 -0.0989634010505464 0.0604101973498767
-0.0171637538828958 -0.253084006872608 -0.0122143121949244 0.146996043597325
-0.134214082885526 -0.172493926859814 0.0665290336194907 0.153066387825712
-0.236892405403822 -0.106329072422829 0.14536566404713 0.112569208951806
-0.250853674645992 -0.0726540398439694 0.12840612686589 0.0682283945778481
-0.250981958518349 -0.0849673350739781 0.12750507426814 0.0792985398525999
-0.168759263625527 -0.182823063201587 0.0585401048641826 0.099062498532735
-0.0527571424113756 -0.262364013103912 -0.0052072307968043 0.069297965559231
0.205535410658155 -0.284783498693062 0.0151173876152587 -0.012953005115444
0.351133642622864 -0.0514478459118932 0.0910730879250954 0.0137170549355395
0.248673952314357 0.226067919100423 0.18947955476275 0.16257807830139
0.0990290122366163 0.369322455023636 0.118856478198274 0.327164810324708
0.152876926779281 0.421900090940077 0.0375142223476173 -0.0326141816404884
0.303844539188856 0.286017843270298 0.00614503350720244 -0.0468542138433695
0.417180859907826 0.00805993681923077 -0.0917627080010379 -0.00463893891097653
0.297440635794491 -0.283784004505123 -0.0947725544627033 0.043419713595671
-0.00565966302279726 -0.317727404934032 -0.0133360754655831 0.094962522777859
-0.150516082026439 -0.225354915502376 0.0166142947691512 0.0850195022939654
-0.272413406644642 -0.15183378580507 0.0630299561351318 0.068055305215914
-0.289093148982215 -0.102537837103861 0.0340009260861835 0.0381307166643785
-0.287303991865812 -0.111535585198251 0.0345129813671374 0.0373388229160097
-0.190778909100618 -0.219402933902082 -0.0124198180145568 0.0394019295849746
-0.0609807286796736 -0.303642139939376 -0.0334137261892857 0.0023798291344197
0.229906503209827 -0.339943707534786 0.00888210760566946 -0.060651431480068
0.414520073359697 -0.084649663884531 0.0820118488496704 -0.0190303894979365
0.319859786110378 0.250093111805478 0.158266363628938 0.0985299647179975
0.153286874072045 0.44674796954593 0.114388750461094 0.185706964775981
0.184513469672688 0.432594598042599 0.0119184623655785 -0.181966234944457
0.337651345088351 0.290937111602796 -0.0541786525822878 -0.123967615419367
0.443580558322404 -0.00133355874047645 -0.104750495781609 -0.0107104934631785
0.310891485378558 -0.299525439393878 -0.0802179588374437 0.0166703505647196
0.00278140481379067 -0.331978266997253 -0.0141116122458383 0.0227153849313621
-0.145564065472802 -0.241440264026712 -0.0381048071996394 0.000170929607561036
-0.268050841839685 -0.173544577890878 -0.0297266983394902 0.0106841232720472
-0.28288972037793 -0.117964157119442 -0.0657219809752451 0.0024156457758839
-0.277957561290751 -0.1246341680751 -0.0630343610961377 -0.0061623099800022
-0.178672593772569 -0.223068902727375 -0.0838009376567368 -0.0232061044411751
-0.051119978516668 -0.29422785416664 -0.0603804179681511 -0.0662668661341749
0.223337506189597 -0.328246941755006 0.00299290103982816 -0.102012792163515
0.402172610430207 -0.089445567198219 0.0678483981139337 -0.0423742891480415
0.325080232280042 0.237589817602479 0.101611770276327 0.0390277719156405
0.175077208229507 0.451804271042147 0.0837475134139982 0.0358893338227442
0.192436800300221 0.373303216859735 -0.0149638790059146 -0.321293556055149
0.311967452987582 0.242271758752123 -0.111146062210712 -0.198327734359821
0.386710505060217 -0.00869133680175046 -0.106872986940499 -0.0240407198350859
0.263829527523964 -0.256169855579533 -0.0567812525491443 -0.0172917980075301
0.00932516313616679 -0.281827805910663 -0.0179681884951596 -0.0547042383484958
-0.117183018567702 -0.2133190111091 -0.0895430455465428 -0.085562990322308
-0.222163955383534 -0.166102782775788 -0.119070290179416 -0.048749147826107
-0.234681777537163 -0.115692593811864 -0.15500192396866 -0.0344806333042839
-0.226215101487942 -0.12193389724116 -0.149168885739677 -0.0473576202734385
-0.133812544059161 -0.197394824613293 -0.139560312758993 -0.0813997386380365
-0.0218971282059018 -0.239298782118256 -0.0739246171059937 -0.124980049715246
0.191784798941953 -0.249978379260292 0.0070894035429831 -0.12713038823483
0.325305995668792 -0.0613012349293543 0.0562973421563827 -0.0515457039433332
0.264131953985657 0.198120683282772 0.0389655050889 -0.00551660105227303
0.161777065133423 0.386801729457054 0.0401755699126041 -0.0982400650285103
0.167950259433809 0.253203804777753 -0.038296301623265 -0.425950365135847
0.228420754382899 0.147343385462495 -0.154265862782762 -0.251997212178504
0.253656923009163 -0.015111950921263 -0.0994100586286517 -0.0380533063147626
0.166370848358867 -0.163283208404776 -0.032418747698789 -0.045437000002519
0.0134423539900738 -0.178570591898925 -0.0218040466519207 -0.116960582720653
-0.0684310149873297 -0.146709246633098 -0.127899815766612 -0.153448049358367
-0.141170091631825 -0.131415890687517 -0.191557243612799 -0.0975706471301599
-0.150451018015984 -0.0963417170894783 -0.221366220360786 -0.0649034696780457
-0.140286827450005 -0.103405208800197 -0.210323031259491 -0.0830720061146783
-0.0692937739328802 -0.14725548102398 -0.167564936690866 -0.12910711154016
0.0130350344953045 -0.152785743656692 -0.0668870746087016 -0.165643098624519
0.138174793758479 -0.137178559089438 0.0223479701742483 -0.130659151461863
0.203986327672782 -0.0194296009348184 0.0526512409528992 -0.0466834629344837
0.164784559595428 0.133846476873411 -0.0144969714045149 -0.0322336191541172
0.123550758159465 0.266580550677515 -0.00577550461388788 -0.197661415035378
0.115468505787729 0.0914651057340309 -0.0574601286164294 -0.476302383103305
0.10814084974883 0.0308488867350887 -0.183346275729765 -0.276890505278098
0.0843471062841833 -0.0194213547405189 -0.0906647321503712 -0.0458633748386711
0.0456550548363569 -0.0479152641259738 -0.0144683213182845 -0.0582428811293759
0.0157370325345849 -0.0498279877278733 -0.0266426235204101 -0.150327263558658
-0.00754990774174311 -0.0590886150714492 -0.146939124518456 -0.190880898167971
-0.0366432761873928 -0.0757623832209904 -0.236393460996104 -0.128677143643909
-0.0431685391333843 -0.0622548105553 -0.255039419476887 -0.0839586035453907
-0.036154287119353 -0.0695047672225571 -0.2382279690601 -0.110851746194326
-0.000318072168822748 -0.0766135385466422 -0.165968343505696 -0.161376853255736
0.0373533033869748 -0.0532030442220259 -0.0416619144883209 -0.185195358630021
0.0634211073705576 -0.0239382017548043 0.0437041669703478 -0.115522159291075
0.067145504781963 0.0100524426450163 0.0529767394408822 -0.0328936148388833
0.0582088397276384 0.0505844414017366 -0.0524940941926986 -0.0461916654779404
0.0740060968060678 0.113126570146915 -0.0448764397231419 -0.25423533129786
-0.0131553090485703 0.0917819941837419 0.116112377502279 0.26280227979868
0.0473045208269302 0.0581492304884774 0.122736053822263 0.0696273415798148
0.081266024749089 -0.0155643830918179 -0.0530498575377824 -0.00144187551955104
0.0361856415129274 -0.0806153376042921 -0.0758493651674744 0.0940308875713728
-0.0433595661566899 -0.054902928724561 0.0182980922475297 0.193675111371001
-0.056683802257715 -0.0111530993521351 0.158964689734927 0.203237894449831
-0.0737609759482111 0.0230294791484498 0.254959778033864 0.129050370096032
-0.0741387230871329 0.0209893629476616 0.264972737219116 0.0827915144507792
-0.0766115943829917 0.0152166955764002 0.258622481234632 0.119141893356306
-0.06618658516379 -0.0239646643699879 0.170379133602051 0.171238039110662
-0.0370433380964458 -0.0710243931583459 0.0436859287586971 0.164330040365145
0.0485257734270815 -0.0843654422124362 0.0186825831647447 0.0713642047162022
0.0822762725893597 0.00117904662092252 0.0837539087303261 0.0644895138201912
0.0165435470163599 0.0575659375782777 0.179430751260527 0.240361882042684
-0.0334903547114716 0.0501880928940158 0.0776241236929864 0.504676809931633
0.0615285071158398 0.237364631243103 0.0928938411456597 0.206000459139869
0.152658222086371 0.148528790062705 0.100413712595846 0.0538704747338121
0.217829880664132 -0.013380246908286 -0.0640004005039081 -0.00151799570263531
0.136431891259266 -0.173420125023116 -0.0930357330331585 0.0816226417554324
-0.0410508450601874 -0.164469427871551 0.00355641888825406 0.182535422115427
-0.111476170510815 -0.0961708215724844 0.124719906952729 0.19378312269006
-0.176431457231137 -0.0368649862296536 0.221342370789424 0.128022939753474
-0.184739705728497 -0.0194275062886857 0.217641745192044 0.0794268563815849
-0.185527715548494 -0.0342131493137684 0.213368416458774 0.103529255171837
-0.133923933404723 -0.113449632752361 0.129176388557495 0.144740716398074
-0.052253533795686 -0.184259101132912 0.0249842349595982 0.128378939901587
0.139161076877429 -0.205390134430174 0.0183251799168865 0.0329455327014737
0.240484247319811 -0.029208534068595 0.0949247885034568 0.0419489464415037
0.150539639148429 0.159213285973649 0.208028118229161 0.212522531431824
0.0452109412217143 0.235074471768472 0.122635518081671 0.446586837061899
0.12727442613165 0.356725744046786 0.0664165389420173 0.104217553094778
0.251018455789418 0.230181050920166 0.0609580192800592 0.0153245360326886
0.342792851481158 -0.010059356902836 -0.0787324472389696 0.00081844130784734
0.229724945764657 -0.254259411961569 -0.100186355034988 0.0689160116965574
-0.0317668028502686 -0.262311064432492 -0.00449188503404028 0.151029383756832
-0.150714473851792 -0.173000812332899 0.0787110181109054 0.155029468713668
-0.252837234860735 -0.0953711665059859 0.155822689764789 0.105654623196773
-0.266916941428165 -0.0573283095929249 0.137129226371198 0.0635096889148224
-0.26624448737973 -0.0733593671983334 0.135764101901722 0.0732204359767705
-0.187230114584563 -0.180443000990588 0.0667557593429729 0.0988445708145574
-0.0704752207037984 -0.270324119475681 -0.00124387393818434 0.0722041700146554
0.196950228296984 -0.310798674689542 0.0138421384737124 -0.0141679729113201
0.362987988211584 -0.0738386303781428 0.0956965866850956 0.0110637317441669
0.271013843418604 0.222567443061836 0.206831215571789 0.159132132912321
0.124884997173525 0.378962559251742 0.140687400112357 0.334050956563382
0.180521109140412 0.43049425885833 0.0368084136432613 -0.0328333084486338
0.330040864429495 0.281576558561739 0.0043893015387441 -0.0470191932259732
0.436630139767292 -0.0155214818414823 -0.0971833946223243 0.00039804396851312
0.293427971261866 -0.317100921452446 -0.0973011129237072 0.0517357540787857
-0.0229066654861657 -0.330471949955742 -0.00863937145237885 0.0966608912910154
-0.170831144343646 -0.22779023005036 0.0220966477876332 0.0886133013569419
-0.29327644005216 -0.140574333647453 0.0670296438103094 0.0641318753488599
-0.308829021096586 -0.0860714335944515 0.0367596002504195 0.037743458360109
-0.306513549973198 -0.0989848664529494 0.0367472330143259 0.0361591391859965
-0.213109277202416 -0.217693271681787 -0.0103147754119576 0.0418136223756684
-0.0810224709874074 -0.313329580192525 -0.0346109308101522 0.00411075779583023
0.218721975983969 -0.370620313962748 0.00468142112904148 -0.0639095037009429
0.426991148305657 -0.112225638791524 0.0847381943761825 -0.0219674818981764
0.347789211992805 0.244199308257672 0.171606517148031 0.094379021231767
0.186827041043516 0.457576093691277 0.128956761484809 0.185512044541503
0.214598782504394 0.440705817930821 0.00362006806198374 -0.18746542897485
0.366846177770318 0.285595595917711 -0.06306592200893 -0.124268082899701
0.464281689391982 -0.0272609698062514 -0.111398935582685 -0.00574638620144025
0.306964271524487 -0.335204253975685 -0.0837201251551361 0.0236584921476935
-0.0144700902832618 -0.345929430310856 -0.0141431978344684 0.0224499586073385
-0.166372923959205 -0.244477105578513 -0.0405873221933461 0.0044983032928838
-0.289790898421717 -0.162293790699642 -0.032647987821431 0.00971517894357433
-0.304436503048234 -0.102497080904562 -0.0687021330505377 0.00716388571046004
-0.297397835045353 -0.112474612660126 -0.0673691003951516 -0.00263891778024109
-0.200740362223643 -0.222069313563628 -0.0880678763937708 -0.018250865578201
-0.0694471077608883 -0.305123166732916 -0.0678228001294429 -0.0659084794346554
0.212979299474859 -0.357742866889807 -0.00419275380028779 -0.106718010162453
0.415099012189018 -0.117504980091934 0.068080926581685 -0.0457894997318801
0.350682543649995 0.230797617916354 0.109465976857906 0.0359109487126003
0.209231150936473 0.460721000290458 0.0882744696461557 0.0305601271434712
0.219493727093037 0.379829376165862 -0.0318032716386322 -0.332810566683867
0.338474933137625 0.2370068450531 -0.126576355850177 -0.198632584782138
0.404536064657536 -0.0316532569319976 -0.113553166953855 -0.0197716575371189
0.260399856781409 -0.286329810794179 -0.0604816533602849 -0.0125987980230672
-0.00600240174583109 -0.294230727775375 -0.0221681175293581 -0.0566720489565911
-0.135416382023325 -0.216837973045644 -0.0993998162508397 -0.0812636430607765
-0.242570541670598 -0.157453314301609 -0.128873849797214 -0.0453548275515713
-0.253885484404076 -0.103420773237073 -0.163222392194532 -0.0256179961893938
-0.243296780759693 -0.112214944410913 -0.158712144459433 -0.0399467279161642
-0.152777891768164 -0.19809750931353 -0.1492440820927 -0.0752399366205221
-0.036369935629767 -0.249050329404202 -0.0851064227742185 -0.126035600156577
0.183977167603948 -0.273791883769227 -0.00107850436810725 -0.13274423118025
0.335720358334747 -0.0842542323025093 0.0556248559609018 -0.054997538583284
0.285069426708902 0.191689215591121 0.0410721872946012 -0.00729599320829803
0.192535376257164 0.39265867659972 0.0347246916044119 -0.106666988976949
0.188371043527979 0.256094696627596 -0.0609092871723333 -0.442383944719552
0.247547825490759 0.142717369439277 -0.175183355415758 -0.253676574125811
0.266365138559281 -0.0302428307715369 -0.106487087825028 -0.0341326386511778
0.164036413235499 -0.182226196856496 -0.0363542729131922 -0.0438766779215813
0.00389939323943268 -0.187014267474898 -0.0300259063073628 -0.120520921415841
-0.0803323101479389 -0.149491021993295 -0.143803440325011 -0.14955239956251
-0.157067402083109 -0.12674342468815 -0.206573081906846 -0.091520350559219
-0.164921359717551 -0.0894402643650379 -0.23360651008833 -0.0528640248175126
-0.15306065034809 -0.0983755049870199 -0.223416433982807 -0.0733355235456704
-0.0820943302901334 -0.148909693341889 -0.181007721662973 -0.122923948024056
0.0042940724667344 -0.160937215709801 -0.0796995931727767 -0.168754380922075
0.134686482204662 -0.153291891329055 0.015114868896634 -0.137454535778471
0.211505925523521 -0.0338494114401494 0.0514666349239512 -0.0502686744244355
0.178676793651178 0.129993035803023 -0.0159550258326977 -0.032446759061456
0.145855812134815 0.270097582308426 -0.0179753735569052 -0.207595990714974
0.125673227960833 0.0899472007071634 -0.0835630418017362 -0.494887894382911
0.116265322830987 0.0272331486450386 -0.206685591707772 -0.277585348999124
0.0886311509447526 -0.0246899927572393 -0.0970239300050919 -0.0425730312351844
0.0450911068714474 -0.0533946752141094 -0.0173791029770726 -0.0593712537153571
0.0139364465372955 -0.0526579053804821 -0.0360627115901801 -0.154422182901959
-0.0108127762240791 -0.061037861093012 -0.165977485445513 -0.187350860405879
-0.0442897193861761 -0.0754984747163875 -0.252880844514176 -0.120186239681708
-0.0503594161277264 -0.0614570504305521 -0.269268405631405 -0.0728170025004985
-0.0435399417737364 -0.069821237772327 -0.253048814035223 -0.0996864701721395
-0.00606039131169756 -0.0800422753004336 -0.180764826461997 -0.156614596508648
0.0354156585952921 -0.0584570151664361 -0.0543020998409666 -0.190233856936543
0.0640114901941121 -0.0298439760679141 0.0390336450335274 -0.122916860754888
0.0709101469702253 0.00497679855726005 0.051699375900336 -0.0372911399978445
0.0643521182793731 0.0494729222848065 -0.0562505709729453 -0.0449233212699684
0.0850367979541163 0.113581655332187 -0.0615372192063395 -0.263945005472317
-0.00801085911084148 0.0927272885313345 0.133854999010983 0.261178783150576
0.0497930818050156 0.0549847451762008 0.128623678263576 0.062519639308293
0.0807048990658621 -0.021201293926711 -0.054703464284385 0.00256204418662202
0.0313171817373694 -0.0848404960906995 -0.0714750401032645 0.0989969363895936
-0.0464232524503269 -0.0533684587580012 0.030913995477689 0.193000291307557
-0.0581410926494934 -0.0087494295901259 0.174544551750809 0.192141558119332
-0.0719422860940803 0.0273912395845647 0.264503335170983 0.110852626632684
-0.0725523142597122 0.0272641225988817 0.272098115604038 0.0654654922449294
-0.0755790836088037 0.0202106071388213 0.268092844031241 0.100949429593289
-0.0677381443971516 -0.0198272245731612 0.18224488435279 0.159826603567108
-0.042367050286958 -0.0685806388376876 0.0555981120380338 0.164244314353909
0.0432607111381444 -0.0877664130146794 0.0237152393928045 0.0713439216563988
0.083053766289942 -0.00350806982622299 0.0900488491960803 0.0604974640466194
0.0202056910278695 0.0574495590609915 0.196004303406024 0.231511912436788
-0.0305736814693505 0.0525369540624923 0.110343620914119 0.50578176146452
0.0767014170037914 0.235381101708488 0.10699944804691 0.206156887844351
0.161853767305692 0.140472180617755 0.105232209140942 0.0489724100249822
0.21841894342499 -0.0280042590017951 -0.0656216749170194 0.00333601907831013
0.126258334872437 -0.18562808573707 -0.0893574190675178 0.0886803568138188
-0.0509988698737941 -0.163971964421752 0.0147559294640716 0.181870279197984
-0.119890818159603 -0.09017344714224 0.140386155409938 0.185975907909022
-0.180212134273388 -0.0244698585871766 0.229820106722738 0.112609764381168
-0.187912709387247 -0.00453549600124788 0.22437297327161 0.0656346396005784
-0.189846139197816 -0.0210219840576182 0.221545813249478 0.0882983421933905
-0.142849548066683 -0.105989304160999 0.140066753455744 0.136720866300693
-0.065360037958082 -0.183286048307888 0.033846707604235 0.128692472839638
0.126335508113708 -0.21855250453379 0.0198571232969877 0.0324112758947674
0.241422452880912 -0.044741560758789 0.0991964254117621 0.0376306574752678
0.161833029884788 0.152413393490061 0.223740395602238 0.20174456106608
0.0611006383809862 0.234840280524304 0.151668094523626 0.444513319060244
0.150261317553328 0.352555946879914 0.0737353558417184 0.10500269072733
0.265847054044058 0.21736487838692 0.0631329680840963 0.0129913310916402
0.345774902596733 -0.0332947366857456 -0.0807150298300801 0.00614745794147002
0.214497723672804 -0.275465399446879 -0.0983952750728912 0.076898992526107
-0.0482218349121857 -0.263801566616453 0.00416838994365464 0.151235802453374
-0.165266647035421 -0.165759091796669 0.0904481963771647 0.151400847826859
-0.262159659316564 -0.0776113447682109 0.161311460393383 0.0938654507890075
-0.274400716895004 -0.036619196759744 0.142229487029466 0.0552750464039222
-0.274191480106957 -0.0552738110845126 0.140248154864233 0.0634658711879626
-0.20186010940164 -0.170600554156302 0.0736353945485788 0.094590115964679
-0.0890836633039277 -0.269923872206584 0.00324431807784803 0.0730694651491179
0.177345334075193 -0.329541262500907 0.0118687305308723 -0.0149753578345568
0.36372986847645 -0.0983494651591228 0.0986342018763918 0.00685664317337729
0.28837405754621 0.209273788700861 0.220377812215754 0.148274536736002
0.151151989834321 0.375062712773477 0.162410506585725 0.328832202063221
0.208466640087205 0.425763649980335 0.0353581579147828 -0.0325461274947182
0.350419762920436 0.265321323005618 0.00194212551074596 -0.045796018944895
0.441547943594822 -0.0454880280868214 -0.0991518491877859 0.00741029960215365
0.275257201554772 -0.344467471718485 -0.0961828153456004 0.0599272320477093
-0.0437991935157196 -0.334013745571162 -0.00394186880516889 0.0966041642047218
-0.189150354113307 -0.219966032069577 0.028911181645383 0.0896054648417019
-0.305805763741247 -0.119631315915029 0.069083299815345 0.0582038095262329
-0.3194115945239 -0.0628131347409872 0.039490003992508 0.036729706805642
-0.317435354670091 -0.0786226759664619 0.0378057396982803 0.0336607757936144
-0.230831339806482 -0.205603016145117 -0.00748512359325568 0.0425443370537526
-0.1026096130693 -0.313658983967695 -0.0356659551173256 0.00536146284507685
0.195064789619967 -0.39207984668357 -0.00141982786723194 -0.0643079413460853
0.425709747112615 -0.142655992176977 0.085609101527122 -0.0252352896650905
0.366557257404856 0.225882818840451 0.181035449242454 0.0849149311015093
0.220375797820966 0.450914002632506 0.140263027301697 0.177822753049346
0.244109775249206 0.434288102261683 -0.00741766357324449 -0.187787875463648
0.388953463850619 0.267609802659197 -0.0712208614248587 -0.119529906485868
0.469605506547052 -0.0581811513053168 -0.114003665924418 0.00135865779448249
0.288180868183474 -0.363304433728513 -0.0836129528164557 0.0313225857406022
-0.0377868995990339 -0.349557538819787 -0.0139463105439079 0.0220429125477594
-0.186111250744739 -0.237418076478305 -0.0405827990182199 0.00936290879543112
-0.3059896619856 -0.141617761029823 -0.0352752571347185 0.0105780512755708
-0.316687899053617 -0.0790829002352847 -0.0685239936691791 0.0125618662386382
-0.309028715070234 -0.0927179946379305 -0.0694014596833558 0.00143723856240201
-0.219213667086558 -0.211314803261328 -0.0899297712056661 -0.0122708686552993
-0.0904693994342889 -0.305919462821077 -0.0736053856336725 -0.0627907532852113
0.189853889482576 -0.378637061672302 -0.012480205749399 -0.107448945855361
0.412434393629427 -0.147459604338188 0.0669031838836764 -0.0488273689527141
0.370549810599415 0.212479995612146 0.114957179393109 0.0288423586271553
0.243446439612248 0.450425928946878 0.0889255246994649 0.0233609131888346
0.24397267832099 0.372267284751595 -0.0509624772982876 -0.333852232382254
0.357847668954179 0.220161296187798 -0.140044549099342 -0.191411028934924
0.409330650195549 -0.0592436473715849 -0.117306396085266 -0.0125343648280038
0.244465769720908 -0.311277544488786 -0.0623546097016004 -0.00704967023869146
-0.0246100336180494 -0.297528809528749 -0.0266259278850173 -0.0569515614527666
-0.152151006095122 -0.211255097712201 -0.106033277296009 -0.0726232184492935
-0.258282410199276 -0.140166169287299 -0.135323050481005 -0.0383487501977177
-0.266271229614814 -0.0836028417909874 -0.165790210507797 -0.0143888444732508
-0.254065568482288 -0.0965567104648438 -0.162656159887823 -0.0298333991500005
-0.169140017128951 -0.189597020815986 -0.154585280912863 -0.0654421221916937
-0.053675550973384 -0.250930033434239 -0.09454401526193 -0.122473028408711
0.166264534013079 -0.291925334104928 -0.010913619174119 -0.133864574463514
0.333918694629652 -0.10814944957275 0.0533826857272034 -0.0574142027353345
0.300705051037667 0.177043096725276 0.0432371851376075 -0.0103702929824018
0.2222641598299 0.383799376244992 0.0268069468218755 -0.112102823456847
0.205632152952448 0.248687127588108 -0.0872464268792713 -0.444416801349015
0.261231046363479 0.130409757995825 -0.192767013731993 -0.245028983573045
0.269695498485514 -0.0480251492799852 -0.109832737319672 -0.0277803077037581
0.154069817743577 -0.198295688475882 -0.0388193471913041 -0.0406103536026264
-0.00784889826048311 -0.189846631719325 -0.0388094899029488 -0.11978458624768
-0.0916305452868176 -0.146683473433206 -0.155874984049825 -0.138691453593768
-0.168713007049328 -0.114339061798472 -0.216080485151337 -0.0783886676283547
-0.175057411618688 -0.0766284576062989 -0.239214747576633 -0.0373981109585176
-0.162389622657617 -0.0888148649798707 -0.229508042950046 -0.0581179387424452
-0.0946110781228142 -0.14473325397867 -0.189465042339957 -0.110640130192876
-0.00623968060782192 -0.164720245053348 -0.0926759564861311 -0.165593972004706
0.124133654126628 -0.165327984052497 0.0054793518138721 -0.139011622340116
0.211201574978385 -0.0503970216695918 0.0489746245443795 -0.0525989000870599
0.188809563159727 0.120438879180641 -0.0171603764980976 -0.0316845201950982
0.166483144719327 0.262782766675447 -0.0326582431353404 -0.210913783764583
0.132369939523668 0.0844713324954649 -0.113288574597037 -0.497469088800452
0.12011915958737 0.0218453788451157 -0.225703967667811 -0.267182640887632
0.0897537264251045 -0.0312693419974499 -0.101080036954123 -0.0369783514298964
0.042095139512778 -0.0582078662965797 -0.0204881065304892 -0.0576224049338415
0.010989826045601 -0.0539615278353281 -0.0465961278798355 -0.153255261817372
-0.0147955340506926 -0.0610738589715078 -0.180789871004636 -0.175918026420559
-0.0506954662793448 -0.0718305139733146 -0.263606913838604 -0.103613148136793
-0.0566105620903836 -0.0578854852945155 -0.276620182395004 -0.0555685419585169
-0.0493271474076819 -0.0673522836915147 -0.261438507667826 -0.0825795599265378
-0.0134422239124941 -0.0800706711492172 -0.191737530480127 -0.144636388195961
0.0316302744515388 -0.0622093935559676 -0.0683050068926747 -0.188892654044795
0.0620253376191978 -0.0355585297323638 0.0309041684793427 -0.126358652736608
0.072329810001399 -0.00139166003678064 0.0493503720124332 -0.0403091305127825
0.0688398758887847 0.0460152279130596 -0.0586599342133693 -0.0419912079276342
0.0943303949111755 0.108759224666092 -0.0800237675931224 -0.264974240654066
-0.0038828535419293 0.0911013686430946 0.143682298236509 0.255537339431275
0.04967000106778 0.0516476331997651 0.129913747434661 0.0561765211188144
0.077889000383493 -0.0247990257678214 -0.054950303324076 0.00602227049379812
0.0269650065111473 -0.0856474079897376 -0.0669275203212641 0.101527540023645
-0.0479231955405762 -0.0508147183745183 0.0383530449876462 0.188200275660482
-0.0583288625702489 -0.00628445487466173 0.182001327274697 0.179898352905159
-0.0687628751666021 0.0306448823824697 0.265270626948486 0.0964856969862945
-0.0697554144815432 0.0310665267839015 0.271573374397426 0.0520049680937768
-0.0731859789633717 0.0237036618121805 0.26838966443438 0.0851246943139068
-0.0665939311801886 -0.016393270285653 0.187253449238153 0.148875815921986
-0.044769933003827 -0.0656737778069606 0.0639737621998417 0.160536403809419
0.0381631431185608 -0.0886655540601994 0.0266354475702143 0.0699400157947039
0.0816744264108464 -0.00595590017802208 0.0916515305206286 0.0560688769161206
0.0222224243498235 0.0564120917271184 0.203885474450697 0.220967088269313
-0.028431915333568 0.0529533393713288 0.130635184171278 0.497745713875963
0.0860763413448372 0.228355869845964 0.114519618034031 0.202816247936705
0.16486187414066 0.131769761236255 0.106483344228043 0.044619180352768
0.214221942210125 -0.038591565523324 -0.0657609492621062 0.00778475860187417
0.115733005482312 -0.191015970615445 -0.0852898532699736 0.0915756855837247
-0.0580071972046367 -0.160229988905676 0.0217243961611429 0.177421404631649
-0.124018264920737 -0.083985201385972 0.148200234665628 0.176149661999919
-0.178772985884902 -0.0146590992880656 0.229899697503958 0.0989284749130726
-0.185823080163895 0.00738074821293122 0.224713200036049 0.0540731638023498
-0.188443629525324 -0.0110294018092087 0.221475658641169 0.0754542778071884
-0.146304216929121 -0.0985785748583379 0.143806990645458 0.127559896567011
-0.0730594769579678 -0.178756006505954 0.0401135282627942 0.126232909196935
0.113614023867014 -0.223518382480969 0.0201522410182943 0.0321023452891467
0.237001287771667 -0.055895712035482 0.10088411648807 0.034053125226461
0.167034025466321 0.144303851291628 0.230926674035491 0.189844627461146
0.0715170320832335 0.229301413487477 0.169053498871644 0.434319898779891
0.16377965306765 0.342634463064265 0.0772962773868378 0.103934278520014
0.271390914457607 0.204196088809681 0.0637067798137119 0.0115548640894917
0.340804745852408 -0.0499039801962177 -0.0809525429874138 0.0112678101414238
0.199054240681114 -0.285204865373012 -0.0946157468430078 0.0813701897888685
-0.0593505026328031 -0.260229855776868 0.00919481487404042 0.148193032724461
-0.172761142217844 -0.157279443366287 0.0978309318522385 0.145454116597079
-0.262700469932559 -0.0625259198944526 0.160666178984139 0.0844692881563009
-0.273945711634853 -0.0195671365161779 0.142933385614011 0.0486069935160224
-0.274761813015003 -0.0405468195784495 0.140065675237592 0.0552936334160928
-0.208019862025637 -0.159091549130342 0.0768342862534307 0.0897506493947382
-0.101079931270213 -0.264270800483461 0.00693568621825827 0.0727080103705813
0.158646610172399 -0.337508612971668 0.00956044928936726 -0.0143673395463275
0.355897256153801 -0.115144385003219 0.099407200135871 0.00369044326190562
0.294978230376354 0.195370118271641 0.225678561380594 0.136994436613037
0.16876496692988 0.363490906298321 0.173245200901821 0.317762763026347
0.224846033792555 0.412437340202051 0.0340602914019139 -0.0313880679758602
0.357507553354381 0.248195806627751 0.00101763966897636 -0.0439800007926678
0.435677684448183 -0.0669385671055022 -0.0993547598236302 0.0126689675519711
0.255582352880547 -0.357828510480341 -0.0937863701211515 0.064918384104251
-0.0584832355464037 -0.330278598277191 -0.00159794648704531 0.0949447196436685
-0.200232881215648 -0.209868680326921 0.033649913117167 0.0889177988379748
-0.309559861817202 -0.101763250523075 0.0676552070911314 0.0537550000200273
-0.320579786530809 -0.0417673546115741 0.0406079812393679 0.0350212982798859
-0.318103623733091 -0.0613242717544211 0.0375231158470422 0.0312311456679354
-0.239108982514589 -0.192449858318758 -0.00535933892931914 0.0425540368009795
-0.116763608043644 -0.307220535287402 -0.0358088916956747 0.00784094525167098
0.172726048704358 -0.400672579735934 -0.0056822726724736 -0.06297633519904
0.415146154772061 -0.16235120360152 0.0847812379083424 -0.0271640345621795
0.373322974210818 0.208582578487127 0.18451742028136 0.0759674005793756
0.238112410338135 0.435191368496015 0.144999807384914 0.169775126902169
0.260335611829332 0.420287201069702 -0.015084629903189 -0.184070930752185
0.398382260929566 0.250065662754591 -0.07430289542372 -0.114102298542867
0.463535249710521 -0.0801201173429281 -0.113640772298105 0.00711540926684633
0.266998132690683 -0.377246910845535 -0.0822026052556871 0.0357267356758557
-0.0521956461482367 -0.346368399813081 -0.0152632101400418 0.0222772054363949
-0.197654588424057 -0.226665801869236 -0.038694289987487 0.0135533086602057
-0.311043773054619 -0.123341849512319 -0.0379864236122781 0.011764949284256
-0.318822682345944 -0.0586415428453737 -0.0671026926608862 0.0163155457920938
-0.311334478708159 -0.0758758135901683 -0.0686514276153123 0.00556063134054922
-0.228043927004056 -0.197942701842584 -0.0894214309616332 -0.00787713216269542
-0.103889306965105 -0.299816940987733 -0.0766819048568481 -0.0588358305054096
0.167465842097568 -0.386172213349614 -0.0185134983959685 -0.105056329720858
0.401839649350504 -0.166211727122465 0.0648504653913283 -0.0494002098504419
0.376450151992469 0.194797487399919 0.1164391529597 0.0230757556964795
0.263405585940674 0.434045109980447 0.0876458694204938 0.0173809173838499
0.25755768428361 0.359624588054635 -0.0639257909696978 -0.328398565373868
0.365480026249902 0.204877852699701 -0.146781861150908 -0.182710121075905
0.405853672225567 -0.0780476740819047 -0.117350102373499 -0.00704307870698356
0.226990755558435 -0.322937720824527 -0.0623022946818655 -0.00315576600443513
-0.0372404410864238 -0.295203433017872 -0.0311527411881099 -0.0548843741908742
-0.162148493227586 -0.20253015696973 -0.108286228549441 -0.0640007914021505
-0.263486213762466 -0.123680074623871 -0.138626425742957 -0.0313577819295171
-0.268110133959405 -0.0662885492175739 -0.164735128302416 -0.00590748508410035
-0.257658009827284 -0.0816458074182972 -0.162350081685253 -0.0205345041663118
-0.177853354846589 -0.179045722111727 -0.155427233548531 -0.0562410367189198
-0.0649791344123697 -0.247380975213106 -0.100594433493338 -0.116932916484117
0.148540546774909 -0.29895496173221 -0.0183008085639606 -0.131589655481956
0.325388372580341 -0.124731165604807 0.051230518463271 -0.0577593898459616
0.30601585592325 0.16236671744974 0.0434132984800577 -0.0124172218959168
0.238522337529256 0.368246131468516 0.0199771397361323 -0.114161712269601
0.215001266065431 0.238262817315109 -0.104706656634902 -0.437061282709003
0.265573476680094 0.120247890965524 -0.201127572919206 -0.232870673453229
0.267163567080532 -0.0614380928892297 -0.110697655184557 -0.0233383264897741
0.143409147577608 -0.206380422702875 -0.0406237628004244 -0.037851868131622
-0.0160173693215555 -0.188591941252762 -0.0449268485285059 -0.116538852319644
-0.0985592930223717 -0.140738477233015 -0.16077558453923 -0.126872617027641
-0.173945063240746 -0.102885960415528 -0.2191538946579 -0.0671325097217355
-0.177855584885462 -0.0640367953620399 -0.238276379833078 -0.025972381541242
-0.16641952781475 -0.079105496123738 -0.228962314726437 -0.0453936208114617
-0.10248940674233 -0.138145628259788 -0.191497438085294 -0.0991462127174693
-0.0146745579570941 -0.163790437770987 -0.0997476975017684 -0.159555287462542
0.113551741541604 -0.171687377119586 -0.00206231160944894 -0.137574599247396
0.206475447259117 -0.0613868786252185 0.0464355400913035 -0.0530724070268565
0.192760865695267 0.111378385171169 -0.016731892508576 -0.0309534457133003
0.17793458309404 0.250945661472279 -0.0431616994039306 -0.209453949418523
0.134902212769579 0.0787257031705812 -0.133126076962101 -0.49013054500952
0.121864558658771 0.0171583690548884 -0.234757502792409 -0.254819939207876
0.0890814721026828 -0.0351554933143496 -0.102052079549776 -0.0329024536076999
0.0389017264260435 -0.0608238747879351 -0.0224797830008196 -0.0559730239177031
0.00891364501597084 -0.0542719672476344 -0.0537715043450705 -0.1489075156224
-0.0177732322149413 -0.0598749202311292 -0.187611332294184 -0.162656483703031
-0.0548961022802718 -0.0670755548621912 -0.266425885914475 -0.0893525089358918
-0.0602112304719109 -0.0529677382332583 -0.27552411089891 -0.0411102993428935
-0.0537107820843419 -0.0641190930046413 -0.260519284450333 -0.0673811469896958
-0.018493168885448 -0.0786122025093572 -0.195399540668598 -0.133458426534123
0.0279080656661793 -0.0643143504762878 -0.0771157495831381 -0.183211771456727
0.0586021799289758 -0.03957565223806 0.0243986036675287 -0.126359476205174
0.0709562915248119 -0.00600375600776496 0.04739798038642 -0.0411236898296894
0.0709871512810809 0.0416808468422811 -0.0591351391951345 -0.0383652179335671
0.0994541783906708 0.102100030682657 -0.0919970717754865 -0.260175504686096
-0.00198092069177081 0.0891480604381928 0.148262091915244 0.253704746832679
0.048392168103236 0.0504082989168004 0.130361776258064 0.0537019773674619
0.0760368213635534 -0.0263349645849195 -0.0547651598998989 0.00914603228221811
0.0246029443141784 -0.0859390451993006 -0.0647099242724688 0.102507656571722
-0.0489390598964985 -0.0497533432824428 0.0415057062549509 0.185365412542316
-0.0585736383326054 -0.00536049838931752 0.184685433984379 0.171896974613979
-0.066429588343897 0.031299414793742 0.264235210829307 0.0884190786502929
-0.0676153467637007 0.0330306084446266 0.269827189299534 0.0453742000227519
-0.0714056399816618 0.0253313543583227 0.267183723356553 0.0770081932429671
-0.0655844721014494 -0.0151758246897307 0.188706289944721 0.14209456820916
-0.0459554747807857 -0.0638931392462677 0.0683811469367585 0.158436841693314
0.0360028501919288 -0.088587680823291 0.0276737094611248 0.06931677145177
0.0810368825438539 -0.00751525145614933 0.092351312881517 0.0550596930903617
0.0229799256979994 0.0558070171098016 0.206481231430939 0.215304008346999
-0.0270299597645698 0.0530095273027364 0.139820239554967 0.492539452889296
0.089520237879531 0.224450410898733 0.117540495998479 0.202051948566002
0.163342022182779 0.126933863830975 0.1070873384127 0.0431884814713527
0.211146192583123 -0.043649895861195 -0.0653539190421515 0.0110218626524526
0.109036916907586 -0.19357973413025 -0.0834671677790855 0.0940423716090838
-0.0606374979362159 -0.159450425187549 0.023368931606505 0.175281219539283
-0.126221932299986 -0.0812673083581139 0.151427388548905 0.170481383085539
-0.176881684850414 -0.0101146286641338 0.227888406962832 0.0929457625730259
-0.184158158731465 0.0131986764311508 0.223384470216453 0.0496326486287194
-0.187302539533115 -0.00668472680671855 0.219655228160374 0.0684120419523786
-0.146996541272683 -0.094505563442564 0.144898398220078 0.122638118547601
-0.0769234399971566 -0.176414291233341 0.0432938900482854 0.125607319451044
0.107084600305802 -0.225463629281765 0.020124880665968 0.0324421508937397
0.234768781728199 -0.0600582497246245 0.101715274572666 0.03263748881624
0.168310197775878 0.14094038913882 0.232603866941504 0.184420267065111
0.0766618573611864 0.225029807011871 0.175162320462982 0.42892860588589
0.168676628943564 0.336614585447484 0.0790570110703993 0.105030212573218
0.271756876726277 0.196914932342889 0.0643582703250875 0.0116049236575047
0.336764318907432 -0.0582706008982254 -0.080193189835784 0.0149073960289613
0.189351111002493 -0.289941330677597 -0.0930648406422389 0.0845798160724558
-0.064672662522301 -0.25829196526706 0.0101340542951263 0.146520926774116
-0.177146282537464 -0.152002034862262 0.101557443946097 0.142410983197016
-0.262064440909376 -0.0547509490530303 0.158690511585432 0.0804889032307433
-0.272519687440975 -0.00918079797022337 0.142902409198054 0.0458249563588746
-0.274017110532945 -0.0327884079497397 0.138731606134201 0.0512567085926572
-0.210651500995372 -0.153647653053399 0.0776875509235786 0.0870063191371798
-0.106739536499313 -0.261392095766718 0.00803045054001536 0.0727524176139756
0.148596238153505 -0.340947574039001 0.00834363385829085 -0.0133353184911097
0.352188513192793 -0.122803479714407 0.100389895517049 0.0032548363467793
0.297433131016998 0.190018235053116 0.227067220482264 0.131494497998857
0.175940423584687 0.355944055647176 0.177086957135549 0.313440221161338
0.231123383045326 0.40590642229773 0.0337099123917373 -0.0284972137676047
0.360077140827241 0.240290762068143 0.00150940215842868 -0.0419862938425146
0.432089211062861 -0.0774902382332544 -0.0995297922665941 0.0165511024729277
0.243943447140489 -0.363829430005519 -0.0928210158440021 0.068764660113479
-0.0649972683353891 -0.328157317515619 -0.00222036344986715 0.0947789979416463
-0.205731530667171 -0.204265498137656 0.0369061468471969 0.088781041378205
-0.310727868481365 -0.0919045694386225 0.0651860586464474 0.052160994847747
-0.319637755618854 -0.0296187001622439 0.0411426922840187 0.0344744496229292
-0.317865983856958 -0.0521119026455322 0.036881032979122 0.0296747563429487
-0.242629965976789 -0.18605304300983 -0.00487748639093512 0.0424652828382714
-0.123822771296266 -0.303796684611938 -0.0358466534738952 0.0091596629730114
0.161106360473202 -0.404834017112661 -0.0086303228722074 -0.0608922633849749
0.409976622308124 -0.170595391046137 0.0855475794975381 -0.0273938902008233
0.375659593059761 0.201727640004342 0.186148645624954 0.0716828436792519
0.247030327948485 0.425846684771024 0.145972911565975 0.165182764413743
0.265926897783736 0.412746465029818 -0.017645622846897 -0.181087003607213
0.401631029817064 0.242124984248329 -0.0754455356231597 -0.110852329108784
0.460861866801177 -0.0913613165586794 -0.114457474303522 0.0105967498575844
0.255558017338848 -0.38448845561164 -0.081626709605679 0.0397022814933464
-0.0593193807635278 -0.345093743327068 -0.0167990079860683 0.0235511692298515
-0.203741928431165 -0.220844639804863 -0.0366309734840889 0.016806786022847
-0.311888930490493 -0.112321351573868 -0.0412079866391279 0.0133044115465505
-0.318597700711308 -0.0464407188934059 -0.0662987091153641 0.0176607855273989
-0.31143079658823 -0.0667309982968792 -0.0692294865032284 0.0071809504967846
-0.231928682484689 -0.191650881918768 -0.0881258905786346 -0.00520442734191
-0.110883907082759 -0.297433333885928 -0.0786698897289766 -0.0556303177779874
0.15599024465667 -0.390545977500372 -0.02198764636708 -0.102815539930516
0.395931482006803 -0.176168924198181 0.0654656903905448 -0.0489134195749901
0.377817555645946 0.187532326209339 0.117405546941495 0.0200136922744729
0.272507613005818 0.423569415031682 0.0855383012489793 0.0142884953442051
0.263077400665196 0.353622014095546 -0.0693739477467348 -0.325501028694013
0.369950299064341 0.197519087781137 -0.147978442528069 -0.178043933730851
0.403577251223441 -0.0882502261615693 -0.118348090984556 -0.0036101417703908
0.218095403264023 -0.33067605865056 -0.0633604107143255 0.000131747455409955
-0.0429783356133039 -0.294698835547955 -0.0334533772925091 -0.052429528961521
-0.167845610468552 -0.1977045309064 -0.107379235326127 -0.0581119711578917
-0.266197043921552 -0.113943749432143 -0.141290225705587 -0.0275083092875942
-0.2690746714852 -0.0552103141746451 -0.163471980831426 -0.00166855359344516
-0.258959009583614 -0.0744140371906449 -0.161508419608505 -0.0160422678157589
-0.181449479526378 -0.173623511582577 -0.155267424454025 -0.0522360111603963
-0.0712821203528111 -0.246015673323141 -0.103860230123457 -0.112716526868727
0.138680143931151 -0.303421302794117 -0.0226119741004034 -0.129051235216853
0.32064135290588 -0.133187658057067 0.0510207677239332 -0.0571284789325664
0.307576063161596 0.155665030422225 0.0443678198218297 -0.0136072058648152
0.245699018670304 0.358460158381483 0.0158159902799684 -0.11591627867432
0.217801304517533 0.233695035830245 -0.11228832810869 -0.433498916507101
0.269731996856973 0.116071381427067 -0.203748955183933 -0.228171981311941
0.266656984356499 -0.06751294887049 -0.111803051967879 -0.0207683637066734
0.137609075263307 -0.210454846059138 -0.0414302624415761 -0.0356601149545164
-0.0190218982557142 -0.18826139788634 -0.0485327664387651 -0.11367332271418
-0.102185021835317 -0.138274443795291 -0.161285664773132 -0.119359730535558
-0.176192526706325 -0.0953165346115662 -0.220784293053522 -0.0613406523255345
-0.179727959283025 -0.0566148998304807 -0.235969862237725 -0.0206400115922071
-0.167999818196873 -0.0733605270344551 -0.227349852117509 -0.0393816122281395
-0.105229607931575 -0.134041523632838 -0.191714464624178 -0.0941922830441587
-0.0190161452341573 -0.163671447833858 -0.104201749551238 -0.155265037990218
0.107198349093181 -0.174232216459217 -0.00561566367098855 -0.135667747451645
0.203488722773711 -0.0667772427156365 0.0457754579368286 -0.0531089367700235
0.194155935710819 0.106739332148186 -0.0156068536257891 -0.0306734295135946
0.183543675781417 0.243757906641559 -0.048850297406345 -0.209258206885445
0.13574717261524 0.0765994133601238 -0.140846605979765 -0.486836791708356
0.123613584229189 0.016034867866258 -0.238709186390821 -0.248653436565433
0.0897963833471481 -0.036997478735863 -0.102203487154347 -0.031178936709986
0.0382697626547433 -0.0622272395986659 -0.023102567612589 -0.0545511107369498
0.00843239509138575 -0.0539738594109403 -0.0562635903094886 -0.1459592339145
-0.0188986368879323 -0.0589855155424324 -0.189692633996207 -0.155184404130663
-0.0567230628161311 -0.0635283163404712 -0.266513126704535 -0.082206736939913
-0.0621015196757566 -0.0492567607573883 -0.273142007062116 -0.0357549209881187
-0.0553272458496417 -0.0614366336646953 -0.258851445862135 -0.0603587142542612
-0.0215429046503923 -0.0767060684341538 -0.195425558686431 -0.126995655186327
0.0252122510720081 -0.0655232723840248 -0.0817736259167018 -0.179499643982302
0.05614712437005 -0.0418810648956599 0.0213816246193906 -0.125701001549324
0.0698123310576727 -0.0092698440409528 0.0459892787664282 -0.0417398895168919
0.0720032580987727 0.0398553397190168 -0.0578400715135715 -0.0368674712030998
0.101192786635762 0.0984704914774261 -0.0977369533395331 -0.258808976462347
0.0147749854343458 0.0854667694818135 0.202342269118864 0.238488293426241
0.0556085616723672 0.0381547364800743 0.143843366141169 0.0337489596532164
0.0656457706774969 -0.0406262694396444 -0.0472181179630524 0.0255841530483169
0.00509260947487615 -0.0867265639081485 -0.0380075023684263 0.115818560536147
-0.0551851379467121 -0.0378706498706365 0.0784776322102376 0.173470991844743
-0.056480850788024 0.00352733083021053 0.217201836772036 0.132591767885339
-0.0548084991263973 0.0428978297176973 0.276652469331915 0.0336032229765979
-0.0580882675592226 0.043878688307169 0.277127291584965 -0.00780954653202536
-0.061691303293663 0.0380599821435687 0.285710249754586 0.0225303403248681
-0.0651043017275109 -0.00090585302520115 0.22414895123326 0.103587862550756
-0.0553553165677345 -0.0503948357251027 0.105636997979263 0.146022445718854
0.0176879642589113 -0.091182179723227 0.0452692982291161 0.0667893558855504
0.0771981351852263 -0.0213271925715943 0.106020876243897 0.0404620023940464
0.0326127453618765 0.0555654985655937 0.25474048303108 0.172294175412455
-0.0176323248291589 0.0647751387391787 0.239955249586476 0.472869091504261
0.12782410822303 0.19797757197441 0.158399295694539 0.201462559474063
0.182652865502927 0.0897448777416188 0.119020751899983 0.034391795611251
0.192467187271056 -0.0851307961938434 -0.0501485612615398 0.0376952713888081
0.0616112029190534 -0.208285364341098 -0.0473381367113664 0.115029023311971
-0.0887241175762214 -0.142187445536398 0.0631144324339109 0.162716883469565
-0.137622434699373 -0.0560195137837958 0.185390637394586 0.132405400970243
-0.170938969673512 0.0279785621344929 0.241039986408773 0.0357929425607397
-0.175397821500046 0.047838178350145 0.231716627219855 0.00453549269461798
-0.180704271005205 0.0304502768998445 0.237970285987922 0.0248397486062673
-0.161441487977771 -0.0632754738036808 0.178569588300197 0.0939206828202935
-0.107050593944098 -0.154047653914937 0.075141325047667 0.117599113310894
0.0590738085859807 -0.239511443260036 0.031837212475112 0.0340139739096558
0.216223232983988 -0.102743550279219 0.112289471179843 0.0238053875945474
0.19585078626471 0.109536498865964 0.266178623322804 0.135160772506247
0.121563161397634 0.214874355353127 0.252063496971327 0.394808950825374
0.224857888555499 0.291191309050054 0.0976428872013925 0.117983970441295
0.302832045352501 0.135967254083941 0.0694310836189076 0.0171765544139623
0.310457792056392 -0.126101926779806 -0.0577736030166023 0.0525435341777873
0.116959854887964 -0.320363733427209 -0.0495366487194394 0.11097058152929
-0.113666900956609 -0.238424753669403 0.0483510484998044 0.131464277772314
-0.202183615076858 -0.115048408734103 0.132137059783486 0.110094315985242
-0.263089983254488 0.00454209787482246 0.170196239786489 0.0293451384591371
-0.266406916728579 0.0441212721688885 0.150777984991534 0.0158043640198708
-0.27091236322398 0.0217096970370549 0.153502729625171 0.0241938334823982
-0.235778829605363 -0.109497419014574 0.104723614680435 0.0720553113945318
-0.152407001021301 -0.231014632742223 0.0285507017109232 0.071400612946135
0.0772965740479614 -0.361405732872361 0.0117553427815681 -0.00701407618390409
0.317036637410641 -0.187636796379829 0.106110837079379 -0.000602284233115974
0.333510966498461 0.130248034660298 0.241982988262487 0.0846519908348595
0.24767841947945 0.323036912944532 0.221797246547806 0.27269671775519
0.29758681971474 0.346708930305202 0.0222139734106561 -0.00561973651065808
0.397126970914553 0.160608774868719 -0.00479915878897128 -0.0210015000631609
0.399154899829979 -0.164772488963612 -0.0711251948762772 0.0632274418291743
0.152368779875112 -0.404212410896432 -0.0441844968252587 0.0967709341064995
-0.129508061293884 -0.307124321257435 0.0294113648252123 0.0785544093552363
-0.241329774698113 -0.159035587996025 0.0587567455764719 0.0659798748318004
-0.318217517489578 -0.0188786071137314 0.0724934482125462 0.0144097244857848
-0.317334528070196 0.0333037958005697 0.0477205561458855 0.0247064766684234
-0.318880680636542 0.0114622456283038 0.0466520663360968 0.0239849229802695
-0.274082292196036 -0.134969729563824 0.0120577433273482 0.0438310714872791
-0.17663466651148 -0.271068474439682 -0.0292819771142574 0.0168209341909129
0.0764343417664368 -0.427273766220181 -0.0145159453653839 -0.051345804643431
0.364154306645555 -0.246805470498063 0.0866060261310009 -0.0253529579110614
0.414057469783209 0.124854555209056 0.182422504297631 0.0335188724534416
0.334410276471896 0.375153702599773 0.153459433749832 0.126754556687116
0.33369026527641 0.346983337620959 -0.0613468147999848 -0.151084235524098
0.438144976316326 0.154333824458917 -0.0967885958453429 -0.0748354010046933
0.425231839563421 -0.184195122081837 -0.0858072884571124 0.0610739115891622
0.159541464216212 -0.427569155470633 -0.0370456922474977 0.0653357919786844
-0.127446881097725 -0.325280624150718 0.00133648304477772 0.00925254492381511
-0.243308542159013 -0.175169665946956 -0.0284467827212546 0.00822610445167184
-0.325616447224186 -0.039252555227918 -0.0390085138236891 -0.00429649358135328
-0.320212268750714 0.0178195478954295 -0.0627723919595937 0.0293731352981121
-0.316867390622977 -0.0032954295264454 -0.0646074417433249 0.0229407479161167
-0.265248262881978 -0.143042079430534 -0.0831154476771114 0.0133077052021283
-0.163978978843348 -0.267786737531893 -0.0872311024550811 -0.0403564434093263
0.0736455629855347 -0.413173697773453 -0.0380350122682014 -0.0908851890546403
0.349189828351315 -0.249441429413226 0.0619801644053454 -0.0438069727018585
0.413955858216978 0.108356517233608 0.101268474024609 -0.00316613854527236
0.358156838289367 0.365555470733087 0.0601792820451393 -0.0148922617836538
0.318966851144669 0.289880767366732 -0.141822143362877 -0.293176502092914
0.398394931182518 0.118386521479978 -0.184619791846574 -0.132561066687035
0.371196355356424 -0.169231718182374 -0.0958970231897997 0.0427657647816046
0.135419689804934 -0.367107580846836 -0.0314590532461312 0.0203677584071632
-0.102975401609164 -0.279380883057728 -0.0320146448681561 -0.0615580555465882
-0.204642642521207 -0.159078403837097 -0.114238353186557 -0.050853343512807
-0.282551885464602 -0.0492540177640827 -0.145585285336217 -0.0219447970394843
-0.274205661862691 -0.000339992008821934 -0.163084098503816 0.0288297283304182
-0.267320397960276 -0.0214812344872017 -0.162988528197678 0.0185663069230428
-0.212733978721483 -0.135778409995626 -0.162438052393844 -0.0197462888542372
-0.115693945311981 -0.226443712434265 -0.126395212688178 -0.0922778074049934
0.0751981473876012 -0.324644155700774 -0.0455408791657819 -0.118828541062662
0.28341831667299 -0.192785189296408 0.0438582796603706 -0.0527736437477598
0.337001391780489 0.0906193409023523 0.0241987792527163 -0.0223887882226134
0.318212448779792 0.303434708296088 -0.0335949089690643 -0.131537299786017
0.253321933718376 0.182834760703859 -0.205158038508429 -0.405502168391629
0.284089054982456 0.0593463396945238 -0.251895605505535 -0.180115545065272
0.244403516118439 -0.120624522753328 -0.100516001847147 0.0159303179123111
0.0851789582625039 -0.235008576349549 -0.0276945852403734 -0.0229621415842543
-0.0584044970815889 -0.180187472550654 -0.0620466753742336 -0.114711410165106
-0.128899198996617 -0.113672498157423 -0.182165816268799 -0.0964826485450184
-0.192266606179442 -0.0512761575750158 -0.230440693222172 -0.0336869934182576
-0.187359795841279 -0.0187850322617105 -0.238860026589939 0.0253312427240724
-0.179868970505335 -0.0378377354524918 -0.235256797405493 0.00770394669016799
-0.131276004376622 -0.112020187459121 -0.210057454018358 -0.0544816190234828
-0.0501760219997653 -0.157261625122841 -0.137072554664323 -0.134721382109275
0.0691476594575723 -0.192817265607976 -0.0322152533611974 -0.131757009628826
0.182967192938972 -0.105861450363301 0.037466351420122 -0.0534327142423052
0.214946932516249 0.0641593513040361 -0.034247968151921 -0.0272607089698869
0.232376085172088 0.200689401082634 -0.110715222381836 -0.21081687784924
0.144699569687105 0.047087939316425 -0.241488235282693 -0.464912468443338
0.122623454260624 -0.00766107112756438 -0.292136331332228 -0.203468757974227
0.0806521210182639 -0.0545654722097257 -0.103864691733223 -0.00741999822886135
0.0221016571604975 -0.0696275785070666 -0.0277000762235401 -0.0495620712364323
-0.0043647240107123 -0.0560101022860942 -0.081842229290136 -0.138479386169084
-0.0321777154976815 -0.0524884880366015 -0.218930828588459 -0.120934381939474
-0.0712261941006246 -0.0461731168386925 -0.278953891576962 -0.0369061709868586
-0.0714321212814903 -0.0345567833629175 -0.279602418609839 0.0183615770727024
-0.0688917119775511 -0.0483397573616503 -0.272098254829109 -0.00799339031629331
-0.0376660068757555 -0.0719598730553075 -0.223449307999327 -0.0875799187878077
0.0107801905022396 -0.0704968221617387 -0.120783093373605 -0.164172227603381
0.0467081905419738 -0.0532236750042504 -0.00578210882009389 -0.130078451313829
0.0657713032942242 -0.0240198165599519 0.0376310555671045 -0.0489122660229883
0.0799379659258614 0.0226628149578082 -0.0705426958696864 -0.0247922169322862
0.121719347506618 0.072409432711342 -0.161507346184222 -0.247730541906095
0.0168586369236841 0.0866159956448395 0.215430001832759 0.244668286089525
0.0559979024985233 0.0391809816773207 0.150305351724041 0.0321220557697535
0.0649166968053837 -0.0423769221871053 -0.0467028132733238 0.0287884597961772
0.00229329422558019 -0.089224847400383 -0.0366849682840119 0.120396247586619
-0.0585375074137329 -0.0384757406406946 0.0836745580251343 0.177945471826141
-0.0589630106370856 0.00511190767568525 0.226892385568499 0.130359916390837
-0.0552640603832468 0.0449623405067093 0.285864361319053 0.0277906968559484
-0.0580131676896799 0.0469568897280879 0.28644234542688 -0.013505927254289
-0.0625638424876259 0.0408877457370929 0.294773590471343 0.0161375499516506
-0.0673820202467595 -0.000298994927303831 0.233534140066971 0.101408157905766
-0.0582673793191075 -0.0506639405328577 0.114011252295941 0.148347167880441
0.0161196914635269 -0.0941845032820646 0.0487913734081049 0.0680852343899963
0.0795388687799597 -0.0229749283216974 0.110731299585161 0.0403829556925257
0.035030497305038 0.0569213965170588 0.266625092986634 0.173405223525205
-0.0166302882173109 0.066094513820665 0.258519571507655 0.48522070944501
0.135470693998031 0.200529066851994 0.169358402415392 0.209231108632069
0.189175540712473 0.0894072020166392 0.124381056563967 0.0341713502602931
0.194700566265635 -0.0930565426375386 -0.0496241352063252 0.0422260235199619
0.0576232065256371 -0.218388320416748 -0.0465868188034801 0.121015765581074
-0.0962631291654362 -0.14577848476065 0.0681647548567515 0.167802533306753
-0.144716266656702 -0.0543599995727126 0.195380523357832 0.13173053302957
-0.175195771377636 0.0338458497056717 0.248497927292442 0.0318536379557632
-0.178794371831685 0.0555637480061218 0.239921139491893 -0.000181048848193648
-0.186012075909433 0.0363885032805733 0.244053813601933 0.0204325762889065
-0.168728527076051 -0.0622463540160909 0.186878621341503 0.0922153262266497
-0.114956802304763 -0.156887714995714 0.0816943840532123 0.120618423531315
0.0546599326995595 -0.250209649429461 0.0341661974852691 0.0359199106369917
0.221603845799564 -0.112294272339846 0.118053605773047 0.023253510065946
0.205350081888209 0.110102477048474 0.27763608989745 0.134160950300515
0.130743467882553 0.217549991855104 0.269015980124002 0.406056602701075
0.238822464438887 0.295325520925729 0.104399504214413 0.123854128167019
0.313978396607445 0.134870024601988 0.0730243649083185 0.0171350252941163
0.316734539874856 -0.138999768017502 -0.0574197915210511 0.0579994407863601
0.110351448564879 -0.334933456215963 -0.0476304137618961 0.118011059245331
-0.124118045075146 -0.245460934075148 0.0527456633428766 0.137704475846296
-0.212705196784309 -0.114135965623259 0.140527534961235 0.110073524940764
-0.271701387212318 0.0127133826504372 0.174950166224798 0.0275752570223644
-0.273118930690845 0.0553635717281017 0.15660910163497 0.0139034550712902
-0.279961717877378 0.0303514171953234 0.157878451889623 0.022423373963065
-0.247988134557928 -0.108293135853118 0.109528368439891 0.072374002892889
-0.163612094125373 -0.236681620202626 0.0321624347476225 0.0743682386691798
0.0687571445083778 -0.377200240242934 0.012251265148551 -0.00555881469625566
0.324271986221365 -0.202765119710507 0.112089467321076 -0.00162864762977719
0.34924109265801 0.129497774240637 0.252622938950007 0.0823037342931645
0.264008860619436 0.328073338143275 0.234918304923842 0.278955395496172
0.315946653366342 0.351970654964751 0.0235589469869751 -0.00303686754414231
0.4152810027162 0.157962299108284 -0.00483022162312804 -0.0207604452740241
0.408470236463228 -0.181281157417781 -0.0714630045624865 0.0698430697308108
0.145551732934309 -0.424063572630946 -0.0424920380894929 0.103944076114294
-0.142193019511325 -0.317375982724169 0.0324241051422493 0.0836797320112727
-0.254787807086246 -0.158361426785025 0.0649110702523659 0.0670968116108173
-0.329268976203176 -0.0103502864586192 0.0730808331107562 0.0158969189200236
-0.325560258430198 0.0462911697882589 0.0496816911560806 0.0250141554568361
-0.329669059526623 0.0213719613506203 0.0482124472996102 0.0246754195189082
-0.288038163328825 -0.133863088188516 0.0137048253324735 0.0456177816733376
-0.190484138239106 -0.277118962742123 -0.029548282732593 0.0189669926358036
0.0650922927921711 -0.446684878086119 -0.0162850470309733 -0.0501931228680297
0.371232224247794 -0.265851768193862 0.0912896634634001 -0.0274221767187347
0.432601248566323 0.121506398755499 0.190682116088894 0.030509236254917
0.355614982476633 0.378613466155339 0.159908457153065 0.128265247310396
0.351992158958692 0.352563207710601 -0.0659914691006186 -0.153865318455973
0.458480567932647 0.150233455065703 -0.101000945436349 -0.0745920459196074
0.437392199932808 -0.203744139888706 -0.0875116055932965 0.0682657661738981
0.152509446941128 -0.449540548135142 -0.0357444550202206 0.0717202255178732
-0.141699160198152 -0.336183237963419 0.00198998878434299 0.0123703958540141
-0.257549839842123 -0.175553176832985 -0.0263681159880581 0.00994194932987013
-0.337343138030147 -0.0289803411192231 -0.0426572418345304 -0.000851984602906398
-0.329886858220704 0.0310702208156783 -0.0644561092795394 0.0323173060977223
-0.327902237478969 0.00644858232446508 -0.0667545652060591 0.0265224204741893
-0.278845165744773 -0.142545494876937 -0.0862378098183278 0.0159550392327487
-0.177733479976498 -0.274813743508415 -0.0914998500209005 -0.0382962925410923
0.0633949802830003 -0.43132771870452 -0.0413018493916836 -0.0904948608258973
0.355115429144704 -0.269016113336623 0.0648681730831197 -0.0460411256987352
0.431175893519695 0.104313557692836 0.106605703634338 -0.00640786531970645
0.379782097202287 0.3680621742103 0.0597386570763035 -0.0170502932309161
0.336164289437878 0.293535069959453 -0.152685293039795 -0.300149118527397
0.417992649269737 0.114930026337004 -0.19371763061323 -0.132854609516601
0.382741055750561 -0.187829402454464 -0.0993621866651685 0.049157720038857
0.129538986933166 -0.386232628713695 -0.0304090398189225 0.0242218753129325
-0.113957867510394 -0.290070665542195 -0.0334918401507411 -0.0607025564644395
-0.215961151215724 -0.159644400825587 -0.116528046745798 -0.0482483983317174
-0.293021964704022 -0.0417840475209614 -0.153574066673361 -0.0172367597494447
-0.282658841028565 0.0113879120209175 -0.168889400982925 0.0341599801647026
-0.277157872005585 -0.0132275319964075 -0.167882610452376 0.0231300151907066
-0.224083148768749 -0.135906600874975 -0.168200356009481 -0.0158646025875578
-0.127137955374794 -0.23230215081151 -0.133536548535081 -0.0913921649410836
0.0668612681107607 -0.338561178979636 -0.0500818458822421 -0.119980799883653
0.287876122608279 -0.208371923327312 0.0457894267629419 -0.0554619294124597
0.350824926859043 0.087014354297217 0.0262144642107812 -0.0250033437079715
0.337123821465958 0.305180226678745 -0.0400396919989634 -0.13724570120919
0.265777334315518 0.185455365147676 -0.220332785076463 -0.416222460984739
0.29774037067976 0.0559521688054773 -0.264927675434534 -0.18079589416469
0.252353082454371 -0.133280492119943 -0.10449204533013 0.0199648588472823
0.0816981865975394 -0.247713674001848 -0.0283582816181515 -0.0213104527711739
-0.0650392311352414 -0.187908327555579 -0.0663073638927472 -0.115959731924426
-0.136570947242487 -0.114317936536153 -0.188296687763111 -0.0944097128666842
-0.200336635454273 -0.0458314396652702 -0.240857850336921 -0.0274874199565673
-0.193394791754502 -0.0114554055086523 -0.246879362806999 0.0315841740809312
-0.187360612485287 -0.0329332285958253 -0.241215996775451 0.013908610286508
-0.138922305422886 -0.112342561212197 -0.218040103461013 -0.051359474637382
-0.0573666074892797 -0.162068621776433 -0.145786028122837 -0.134897170642908
0.064857850785574 -0.201522231584803 -0.0372117147892251 -0.133492870475626
0.186055239521902 -0.115415290053928 0.0387129068829599 -0.0565173000857558
0.22342556017598 0.0617268328351793 -0.0339247950301046 -0.0285131021908258
0.245338661459504 0.200662947833377 -0.122092072286978 -0.217926136272678
0.150437610391502 0.0466489247119457 -0.260440541906057 -0.479131795783886
0.129439647728415 -0.010900435607197 -0.307130076623095 -0.205472912569711
0.0843220186034081 -0.0600344935185823 -0.108654890266408 -0.00561329090811925
0.0215561452162579 -0.0735192333785598 -0.029018747055716 -0.0499808842668158
-0.00508564646607881 -0.0589768101257166 -0.0872183660153719 -0.141392551313225
-0.0343738113045905 -0.0537954581695874 -0.227304281652027 -0.118859304244796
-0.0745072401296254 -0.0448224114291034 -0.290136813121145 -0.0305628791778461
-0.0746876956815705 -0.0321543180952111 -0.288729317596651 0.0251253434395904
-0.0729055576622236 -0.0468550875660177 -0.279871122069193 -0.00197030845086963
-0.0411239262485953 -0.0726921578373622 -0.231909120283883 -0.0853617859044487
0.00831500408482888 -0.0738350976581679 -0.129732324662348 -0.165584122102001
0.0453695092615191 -0.056626387200301 -0.00936822840479284 -0.133245774081209
0.0669331716999462 -0.0276101081739355 0.038480303103288 -0.0515351522170298
0.0837019048888092 0.0214364437491795 -0.0715655100904262 -0.0253865112636388
0.127866936177604 0.0716541673533238 -0.174972463430533 -0.25490316716993
0.0212800252801102 0.0875180260529379 0.237167575236949 0.24530078837015
0.0577469241614407 0.0388915345804354 0.158288216410209 0.0260988952141295
0.063451109981655 -0.0459263827142369 -0.0454236309355334 0.0327861103163116
-0.00320008034889118 -0.0923035457489963 -0.0316545787810275 0.12692096779004
-0.062904839356908 -0.0357509399329407 0.0955981755739885 0.18024736030317
-0.0615272651236857 0.00875257676208417 0.24136759519457 0.121580756650035
-0.0547805439921681 0.048928728759724 0.297115795885692 0.0128083804154712
-0.0566533793767339 0.0520692492630114 0.296490168963909 -0.0292904998135315
-0.0617997102684645 0.0454464917077236 0.304566899092151 5.822999884906E-05
-0.0696927365800692 0.00293553991913613 0.247374527214235 0.0919997887884205
-0.0631947058920634 -0.0492039009822492 0.127677680927244 0.14733193136897
0.0119749959818728 -0.0982680485655289 0.0548618441834393 0.0678066041711736
0.0818403755698612 -0.0275425996729761 0.117342521041948 0.0361389548442664
0.0388617917217317 0.0578881034856765 0.284249910275317 0.166756564053649
-0.0145523182972879 0.0686573432195972 0.295795644309383 0.492498457201945
0.150522697545694 0.199507092164913 0.188193797408774 0.211462881945376
0.198054139841083 0.0843927073172399 0.131607381835791 0.0294059185664214
0.194545077620137 -0.105972160230496 -0.0472034911279065 0.0477006185788272
0.0452709421850265 -0.229491066752671 -0.0404430213280446 0.128775881565678
-0.1088297560825 -0.145799962797075 0.0794094442977528 0.172076401589942
-0.153435791142084 -0.0481829554363389 0.209797175595532 0.124620680569682
-0.178924646421582 0.0446217926290513 0.258352088072084 0.0199073439091366
-0.180903857148491 0.0691126787504718 0.248651052762543 -0.0114858334913581
-0.190459415638234 0.0491915061104653 0.253036723606094 0.00766641103709148
-0.179587353102522 -0.0564816154683419 0.198122884939211 0.0860842297458808
-0.128792250890506 -0.156641219233311 0.0922530708583436 0.12073028326915
0.0418285586912347 -0.263263610807984 0.0385661369588264 0.0363505762726007
0.224493831452788 -0.128517000986523 0.124465349658318 0.0179104573311132
0.218901951642077 0.103768402979678 0.294463749054926 0.126159053621944
0.146789454313307 0.217294882847327 0.301421660698948 0.409747213897776
0.262378379412787 0.293283473609042 0.116278460322712 0.127322247539135
0.330816988848357 0.124153394458828 0.0778171569509246 0.0154416233457332
0.318892304088327 -0.162009566137182 -0.0545369813118168 0.0657723779536439
0.0938889501552027 -0.354993117903729 -0.0414214736865298 0.126590757061426
-0.143770897512324 -0.248449176551411 0.0624598587305899 0.141667856087012
-0.22753593766508 -0.106138738734643 0.153346294730319 0.105717604142549
-0.279471457844449 0.0292272421014467 0.181192872447376 0.0209694102590229
-0.27828915503857 0.0749539406998113 0.162784294318377 0.00725106976290935
-0.288486539669951 0.0483827682065156 0.163430352545269 0.0155881794791014
-0.264150512221991 -0.0990154184151828 0.116999565640421 0.069351504703534
-0.184685300067517 -0.237168110173725 0.0383561650424931 0.0768339927306679
0.0482348177494044 -0.395830400525497 0.0138674298008184 -0.00478652886819867
0.326798484516812 -0.229447039968189 0.117717041810257 -0.00789258863243289
0.368750841238595 0.115924248763613 0.266893510438131 0.0721610619252059
0.291440901705753 0.323395325555995 0.257100618940013 0.278839289802989
0.345050474030548 0.34842038499184 0.0258585533958083 -0.000901176868184964
0.438012744354641 0.142807520944581 -0.00502160401497527 -0.0201269162271254
0.412838556060346 -0.213018940058666 -0.0690042799300997 0.0792929489645992
0.124704658390296 -0.449950421608784 -0.0365912861567712 0.11288444215102
-0.167606164213103 -0.322854931580398 0.039176674423476 0.0871542024370562
-0.273962694964314 -0.150129759581927 0.0734523145607199 0.0657167439658892
-0.340815129468539 0.00867629237379016 0.0747795106574344 0.0149475158899908
-0.333137133493527 0.070236647967562 0.0524627561586643 0.0245777743175413
-0.340763470865608 0.0420893018286311 0.0501021418074448 0.0242570402284698
-0.307877747275995 -0.123661979232542 0.016059102747774 0.047517518471871
-0.214904309259305 -0.278194134723853 -0.0295723534581472 0.0226421525203341
0.0405474491920765 -0.467652378839393 -0.0180986737417987 -0.0491464778781077
0.37063820845118 -0.298658008224312 0.0954320395532497 -0.0327190892878322
0.455320627951516 0.103624122061912 0.199960043348088 0.0214215841098736
0.389632210611767 0.371685062458614 0.170598216573913 0.126047560344685
0.383514428629067 0.34869002873187 -0.0757362396407999 -0.153556663902748
0.483787101601231 0.133031330943369 -0.107990343479345 -0.0715838878092353
0.443125523793883 -0.238967167203082 -0.0859187299463963 0.0786796080527195
0.130510043312172 -0.47789779826146 -0.0308248197845569 0.0784377300497815
-0.167518453230724 -0.343284593942965 0.00497746712305857 0.0148744612051486
-0.277547409833653 -0.16757327914533 -0.0240079837403333 0.0116019889904418
-0.350484773912258 -0.00970622165535991 -0.0461950002555603 0.00472316182056063
-0.337911555744558 0.0544753964064651 -0.0651121191049231 0.0377105690598985
-0.339302673713492 0.0274247253757227 -0.0681578930018714 0.0316219433721543
-0.298941003894865 -0.132252068939347 -0.0885041927253805 0.0223633855919101
-0.200829328643909 -0.276262570890862 -0.0971752454994671 -0.0330767660367031
0.0385261736470597 -0.452160277745888 -0.0471376913174513 -0.0891944815441626
0.352808484604556 -0.299966621324206 0.0675871611514566 -0.0512008978954266
0.453699097429434 0.0857477028101236 0.110813695084295 -0.0135900900150419
0.414154495123639 0.3585283753807 0.0582766763555611 -0.0211734762752962
0.364117268861389 0.289195375055355 -0.173967137389436 -0.302715088532492
0.441904532066115 0.0962924833575246 -0.208710729774304 -0.127736710774657
0.38834124071945 -0.218674048752839 -0.0997051189658424 0.0585108912843724
0.111481358874823 -0.410642636211293 -0.0280918444083804 0.0291269630214953
-0.135603516781052 -0.297034616396634 -0.0368062412497022 -0.0591915656656091
-0.233647701504388 -0.153874137665167 -0.120737327236227 -0.0440142454005787
-0.305382755029546 -0.0247478548344615 -0.161544469124208 -0.00663810184705553
-0.290798284210264 0.0302993998998527 -0.1733427870664 0.0447660011075684
-0.288584719111164 0.00411147431709312 -0.172568755489449 0.0335572445847622
-0.241365223396863 -0.127808144644301 -0.174630807948402 -0.00706393952325482
-0.145109529204199 -0.235079366990414 -0.144216603521609 -0.0857018977527906
0.0473743990791776 -0.355947141819355 -0.0572513349758101 -0.118813632481833
0.286433808942596 -0.233405419146313 0.046722647242884 -0.0599892642991483
0.369688241894529 0.071739902448541 0.0271709606788823 -0.029048263556774
0.3665370625736 0.29602409951685 -0.052476057055425 -0.141186924077291
0.284994047874209 0.180526379715372 -0.250885646494022 -0.42070113264124
0.314740058243931 0.0419676631444076 -0.285013344262653 -0.173241346163469
0.256836882871404 -0.155637209107443 -0.107673038548572 0.0279773942068533
0.0704050427617733 -0.264022959819655 -0.0285773463559559 -0.019205146490342
-0.0787791360721203 -0.193355430982877 -0.0730983854113586 -0.11626639850599
-0.147990519286981 -0.112182977035241 -0.198268409375438 -0.0875667271385839
-0.209277330242674 -0.0344580610312276 -0.252101022216324 -0.0131461263906439
-0.199909841529339 0.00157900057642944 -0.254711443456512 0.0460717617136039
-0.196450440396202 -0.0214895458033229 -0.248888390444229 0.0274889368981891
-0.151342401705618 -0.108276028870821 -0.228223713484968 -0.0408303351005085
-0.0691283910150934 -0.164902829755341 -0.158651875238487 -0.130895184317395
0.0541098288955856 -0.213562336947888 -0.04525916351439 -0.134621027341073
0.18520726980945 -0.131185490517105 0.0386079147891037 -0.060603016721686
0.23567867986964 0.051549712880227 -0.0357721553621143 -0.0292767283048327
0.26511954495615 0.193402285002958 -0.141615345441849 -0.221085182731896
0.159088091681769 0.0422410000220076 -0.295607697347564 -0.486575185006222
0.13622602337636 -0.0184362657057343 -0.329792852927961 -0.19750074165293
0.0860908773027726 -0.0694741160508488 -0.113156613877481 0.000896496424485529
0.0182921735438217 -0.0789594356146309 -0.0311735787664473 -0.0500514300060483
-0.00867861832793845 -0.0624011413741424 -0.09765125110594 -0.142876430713245
-0.0381515268227797 -0.054933123204707 -0.241370684737793 -0.110155154826718
-0.079362208183386 -0.0411336795963109 -0.303372114319208 -0.0139980892359441
-0.0787542206036652 -0.0275397101359054 -0.298976618995883 0.0409356516644493
-0.0792668493712279 -0.0433035534794934 -0.289440781971595 0.0126502577781467
-0.0474347057970279 -0.0727849361288352 -0.244947459783092 -0.075517654007785
0.00366060636564579 -0.0775403108999256 -0.143222534940939 -0.163651768364958
0.0423842429634741 -0.0615406806062376 -0.0170650488078627 -0.136191967081026
0.0672650715216612 -0.0340484453100745 0.0374351180580425 -0.0552606271106057
0.0887153867504549 0.01718665636469 -0.0743368243772623 -0.0237746810189434
0.136763110608567 0.0667605481562292 -0.197902575012973 -0.257209156342991
0.0264675981113328 0.085035992329066 0.259912246636209 0.23337441235067
0.0592595000146447 0.0371065167660747 0.162303983707895 0.0144267472854771
0.058944599073981 -0.0490028092858322 -0.0412997978373435 0.0364431771163158
-0.0110941636064463 -0.0925722531913745 -0.0219107917731456 0.130349919247121
-0.0660515138010464 -0.0313576643150624 0.109972545684134 0.175326938200735
-0.0618325843233997 0.0138419342756033 0.252020103535086 0.10391776416421
-0.0512787260494935 0.0531046174286536 0.300540174050115 -0.009952986423538
-0.0526598404962565 0.0566722210798178 0.296808648393839 -0.0508359139927269
-0.0585092369522997 0.0505693926966556 0.305670703309108 -0.0214224567023121
-0.0698048235736055 0.0078417368399418 0.255288911504013 0.0737428775828029
-0.0680377083695407 -0.0445585696898083 0.141323573332933 0.138051274445888
0.00492251487035596 -0.100007630587113 0.0609868845970562 0.0635326173712611
0.0810995256197355 -0.0332153066168952 0.121724630261835 0.0282387058056157
0.0432490826843147 0.0554274434236469 0.297982412370327 0.148546045848194
-0.0105914549832172 0.0690057319803284 0.335987569234735 0.47637500998382
0.164999371942564 0.189143519093387 0.208158595816279 0.203098719548949
0.203998958401557 0.0719992878462408 0.13555663962497 0.020106139559618
0.185978076937147 -0.120563541515037 -0.0417872948864092 0.05244211417046
0.0268433798147688 -0.23480245494542 -0.0302934030939161 0.133515168505808
-0.121344009832192 -0.138807190994636 0.0939550923563514 0.168294336865184
-0.15887568685782 -0.0363399460365022 0.221638328270157 0.108771345475142
-0.176584406241 0.0586131812995976 0.26130178551165 0.00188796244113551
-0.174992702488296 0.0846841096490775 0.24998702131501 -0.0292875826522868
-0.187161140591869 0.0646965774705249 0.254929968081048 -0.0107582657247975
-0.18587445429753 -0.0432796650644243 0.205629100966005 0.0719893039432611
-0.142474365913005 -0.148577469006907 0.103360795890201 0.114891706336125
0.0210550786554961 -0.268876142196881 0.0427348862728261 0.033682419584871
0.217133084110381 -0.147202272087162 0.128642823254769 0.00889919732824806
0.228542971595742 0.089366880782469 0.306359798548944 0.106455506179644
0.163826046636499 0.206270649060115 0.332745944905732 0.393024144796984
0.285907758670014 0.276010830224534 0.128291443801169 0.123814115916542
0.341275517659139 0.102473339868258 0.0806863430277773 0.0104561760012685
0.306981212981866 -0.188328422083875 -0.047601285213227 0.0718555968145581
0.0647471496330882 -0.366034530225884 -0.0302112768378264 0.131450866745723
-0.165183212725931 -0.240707018929311 0.0756375743359466 0.139848493410505
-0.238558708112809 -0.0887617171880365 0.164257053953538 0.0935144589503554
-0.278698455456984 0.051706880836526 0.183560101316241 0.00979886010629311
-0.27244734156247 0.0991101890005466 0.165421442501459 -0.00385191499132509
-0.286273539190757 0.0725522956034672 0.16517517477187 0.00392865899828853
-0.275184990883856 -0.0803829961972715 0.123061607551589 0.0621028438002735
-0.205727475020513 -0.225888849734019 0.0454109865541544 0.0749023721437553
0.0158027693444908 -0.404086754054944 0.015548088532877 -0.00559763279194036
0.311458039673505 -0.257757018759423 0.120073849515136 -0.0162626919587812
0.382103870680352 0.0907411585165204 0.275257007542607 0.0536589872577985
0.317874900713131 0.302082493886938 0.279456676344563 0.264019280159565
0.374519694810502 0.327078835830154 0.0276663971572087 0.000742922419561378
0.451689314327056 0.113507090612879 -0.00584370115770053 -0.0187969606447017
0.398162058094651 -0.248600981676352 -0.0610981409489942 0.0872230695486578
0.0883836710844859 -0.464984204904431 -0.0260343450242272 0.117148539901801
-0.195452707080952 -0.314546987329228 0.0484088728187516 0.0872814971897217
-0.288998372431866 -0.130833880363013 0.0809880854684575 0.0599441125092264
-0.342203816230401 0.0370253626248942 0.0756565427485788 0.0124383922716322
-0.328062809196301 0.0993653503430131 0.0553748290591108 0.0222437953596021
-0.339659365302915 0.0720910109931001 0.0521462318790904 0.0208949009251733
-0.321682802827467 -0.101449102039808 0.0199172952480809 0.0471566500777566
-0.240106155269702 -0.264916587124293 -0.0270163102252846 0.0265172880623704
0.00198199852702541 -0.474964769806204 -0.0196757083778252 -0.0470292064499101
0.349586840743464 -0.331257340489057 0.0957516973436408 -0.0401818519773881
0.468300485480659 0.0701600413821099 0.203614372669497 0.00506851307875131
0.419745580881933 0.342762902924511 0.179696827307125 0.114964787535728
0.412828097221891 0.324567616893148 -0.086792397917031 -0.146643259685812
0.499434837211529 0.098224719602438 -0.114268720326817 -0.062747211683229
0.428251748209245 -0.277706781244311 -0.079151766293625 0.0880250122408356
0.0930268558755263 -0.494595183661178 -0.0230908842760886 0.0828116039200484
-0.197396548155565 -0.336165995093736 0.00801993740710903 0.0163016020817607
-0.293934528362426 -0.14835962583969 -0.0208182123055121 0.0128371408083095
-0.353049665135851 0.0185644332234615 -0.0476309108627757 0.0114484632066833
-0.333915600738312 0.0837494272933821 -0.0631968056369532 0.0447215207376654
-0.339088654210098 0.0563254328369612 -0.0664219915326799 0.0373815208321321
-0.313125909572349 -0.11043064600374 -0.0871922426224389 0.0303767859361212
-0.225759157892479 -0.263814251764777 -0.0998152579694068 -0.024283888972337
-0.000128964205437841 -0.458543322020267 -0.0515017386774255 -0.0846261863209121
0.331809645007572 -0.331955565552159 0.065937656754237 -0.0569744825404215
0.465235452057877 0.0525684266358684 0.111146658278613 -0.023473917089748
0.443915123161628 0.329891316814073 0.0542036030415592 -0.0257947539207411
0.388969793516777 0.266456522077832 -0.196981664627876 -0.291578769522296
0.453843418920744 0.0650036796441658 -0.220211459035403 -0.111862624320106
0.374671722300388 -0.253701760371856 -0.0951331579934493 0.0686296400548017
0.0785039081070708 -0.426040678660386 -0.0243660841785131 0.0323422722217088
-0.162218343863096 -0.291528513185046 -0.0397078181488502 -0.0566532475701227
-0.248262532038426 -0.138429493834219 -0.123162167955236 -0.0364280247682477
-0.308213515189718 -1.17470594985947E-05 -0.164890582162301 0.00825565085667047
-0.288296065286935 0.056210771179026 -0.171142952262759 0.0598002908948982
-0.2890153223433 0.0289722858328762 -0.171373212218634 0.0470085212958192
-0.254779893581815 -0.11062718298665 -0.176136847889259 0.00736600445433351
-0.166285400896757 -0.226751959499274 -0.151310932842701 -0.0733364573153443
0.0170700833971754 -0.362862551180354 -0.0650358828370103 -0.113351371612075
0.269914986943523 -0.259050856584222 0.0439926427471552 -0.0642326175188576
0.378812565283006 0.0448453159805848 0.0259025567359057 -0.0329896361936796
0.391680172970834 0.267848785297958 -0.0671923562673737 -0.138837958368079
0.301629610916492 0.163125357511014 -0.283559093537268 -0.407371602106848
0.322747321941584 0.0192259519881993 -0.300119089263066 -0.154121368570888
0.24762380144341 -0.180235444743276 -0.10585946776239 0.0376892441921547
0.0499895722161441 -0.273840844304842 -0.0286877231001681 -0.0168591901094889
-0.0954433570783858 -0.19138471378053 -0.0819140043063899 -0.11191322606233
-0.158547807297958 -0.102446632918509 -0.204875242225958 -0.0741045391508791
-0.212505184603426 -0.0172632868139844 -0.256337794122386 0.0080844855059388
-0.200202850730559 0.0190787535684265 -0.254217360926576 0.0663282940756515
-0.199479084312785 -0.00446087819894757 -0.248429472334818 0.0455694330243102
-0.161624391577634 -0.097502470674804 -0.232548070499667 -0.0238492355265277
-0.0832924641036938 -0.161631670024123 -0.169906583591573 -0.11804138213734
0.0361939095788203 -0.218991717214642 -0.0543598653023469 -0.130190227403555
0.175102332676365 -0.147991036517358 0.0352652426682678 -0.0641418908791877
0.242036883209223 0.0342002144707641 -0.0371528944502712 -0.0291362634801907
0.28203054634186 0.173329244283328 -0.162498195602897 -0.21365393147792
0.163428198119838 0.0325769229546883 -0.333271105069758 -0.469682327318496
0.137105711676775 -0.0296742963190815 -0.347667615193305 -0.175085498336941
0.0828011938394288 -0.0799268218785596 -0.114320307843781 0.0103617158829999
0.012745692561546 -0.0830824455792775 -0.0343152426409649 -0.0476284556298227
-0.0133840905568207 -0.0634510160522007 -0.107684739030746 -0.137419245813952
-0.0436361057416447 -0.0535028259047107 -0.251499858252249 -0.0935254053050877
-0.0823094802748321 -0.0345001265467247 -0.307406117217128 0.00999851548290302
-0.0814611508415827 -0.0205155834125038 -0.298306946434478 0.0631537053773423
-0.083537308684878 -0.0359480841702646 -0.289366381540861 0.0336772535639736
-0.0544080812748077 -0.0691710611953314 -0.251054216716652 -0.0575087406769357
-0.00282538653493308 -0.0785764783002602 -0.157749461056051 -0.152118516590756
0.0368803316166123 -0.0651865643896876 -0.0268709193983799 -0.134446975375988
0.0636884498181535 -0.0405403044231325 0.0335589617060894 -0.0589958653544389
0.0914184396223963 0.0107082217305121 -0.0758748302986552 -0.0206383777794532
0.143639897661798 0.0558830591002929 -0.222785216887274 -0.246652210834236
0.0298903087812214 0.0791239466077049 0.269139485215856 0.211607869792012
0.0586323499377853 0.0341792263352317 0.159029732536093 0.00316861474682157
0.053819275550609 -0.0489408480647669 -0.0370351920779251 0.0375148934479543
-0.0170868504951675 -0.0879435447564483 -0.0131283479739816 0.128030956328857
-0.0659824462549717 -0.0255476582944142 0.118101577900034 0.163920685969515
-0.0589913896542162 0.0177274465640261 0.249759999157452 0.0833848614922146
-0.0465029172026436 0.054703596818779 0.290255915944563 -0.0293362820915638
-0.046703279342604 0.0585893673052065 0.285656959442511 -0.0678545527168126
-0.052550590720405 0.0523254542500825 0.293974455630247 -0.0407795156361649
-0.0673604934453652 0.0117293106231653 0.252006111627759 0.0550029586859631
-0.068989704569766 -0.0377827197922749 0.147119154781622 0.123625668914858
-0.00147648887969829 -0.097189743951584 0.062838101127811 0.0569276723155679
0.076902806076837 -0.0373302279891855 0.120619525369251 0.0198566253069592
0.0446461224203337 0.0515850837053808 0.297975962179615 0.127349191068203
-0.00687927729198929 0.0666986479189248 0.357089249750422 0.44185322028111
0.1712604412892 0.171386646366544 0.217347142842665 0.187320987861956
0.200714651651959 0.0599696389299 0.134124371512622 0.0112319145348544
0.170718272972361 -0.127757014717838 -0.0351714560116237 0.0534689042579493
0.00901734920379441 -0.228610458458734 -0.0194046310023474 0.130905303463099
-0.12677317208919 -0.126897500496329 0.103245361821837 0.158054812211689
-0.156545449554771 -0.0246382277945911 0.221808048677472 0.0903323542136219
-0.16648318020689 0.0683868154531896 0.252946750913802 -0.0141450787075068
-0.163234869143858 0.094589730441194 0.241659141976787 -0.0438952939770196
-0.176381297027353 0.0752424397698417 0.245162181120298 -0.0264982300530188
-0.183706838108419 -0.0298909311775688 0.203521228039274 0.0569522473350214
-0.148965199168341 -0.134072239565232 0.1092778199923 0.104001392830475
0.00236808888643553 -0.262074437961037 0.0446644871498315 0.0289932346824852
0.201644919682126 -0.157173375823313 0.126906857487854 0.000445078905346869
0.226711171189444 0.072820173976777 0.304023949090887 0.0851862373333217
0.170363523379885 0.18798337026914 0.34999215327457 0.361601488692244
0.294253897260439 0.248587904690586 0.135629627068021 0.115454234805814
0.336528087413097 0.0800848756609277 0.0800480180777249 0.00548549388557034
0.282721132593877 -0.202187925680287 -0.0388974828197717 0.073433872960803
0.0370301021766186 -0.358948070880752 -0.0192149922462052 0.129199939846505
-0.17741065062773 -0.223060377246676 0.0838856905647247 0.1313386635351
-0.237358034320319 -0.0705819962684322 0.166555109813609 0.0791997901151758
-0.266417966147975 0.0688971630698348 0.178351287250803 -0.000166791801886448
-0.255688408001855 0.115724470572839 0.160896446249949 -0.0129561894205417
-0.271712175289997 0.0907510786209374 0.159550664540074 -0.00649409897571375
-0.273585293064186 -0.0600651083785843 0.123296131678769 0.0528790646932553
-0.216321549893624 -0.205252835833274 0.0504174178394567 0.0700027128864202
-0.012883658559968 -0.392224992616995 0.0169476818026021 -0.00692321406203001
0.285660791639319 -0.270938030927771 0.117422916553452 -0.0237182895375314
0.376058634790819 0.0643243107918119 0.270307364999127 0.034876151932561
0.326070080252547 0.270067442448262 0.28707816365275 0.239786273652041
0.384113605367332 0.293697745070484 0.0299131719777856 0.00250411960894702
0.445066183725519 0.0832208286410625 -0.00561144964664648 -0.0170800476315034
0.367420296503052 -0.268188497506827 -0.0511562430046829 0.0899353639848824
0.0521646188945927 -0.458587545014804 -0.0154527947001792 0.115719612044029
-0.212034963833008 -0.292434180738697 0.0543672167115084 0.0818826907240756
-0.289477693048776 -0.107536602946717 0.0839644788915803 0.051230707842979
-0.328772414506079 0.0591038978244695 0.0737702932104769 0.0101302734324567
-0.309218659427678 0.120082199259193 0.0557921331092373 0.019486471319967
-0.322904836832105 0.0939925573175713 0.0509966865623422 0.0179675312679259
-0.320004920800169 -0.0765640785144689 0.0221416150122504 0.0453708940393142
-0.251987655241474 -0.241223651585298 -0.0233418411302183 0.0283268426907469
-0.0323270633582722 -0.461259220652426 -0.0201780273969746 -0.0444333015275905
0.316902152484267 -0.345563295341171 0.0924476330618804 -0.0451677366980185
0.459542743165116 0.0399358472432672 0.19834093141502 -0.0081071933578218
0.42650944018747 0.302432995381193 0.180077751480124 0.101550679359322
0.422503223935447 0.290202109174078 -0.0910650438862975 -0.134233357863448
0.491747860074936 0.0660586810652036 -0.113671269810185 -0.0526046914801088
0.393767301190701 -0.300664375983935 -0.0684638809239405 0.0918408999523721
0.0551522387740819 -0.488890791988857 -0.0150825085949198 0.082236621756202
-0.216193073654239 -0.313745023030773 0.0112107009512658 0.015403720186706
-0.296095332812717 -0.125415707996752 -0.0175978939098577 0.0123559215288217
-0.340472654817637 0.0413310945595471 -0.0462398497622426 0.0178398268002852
-0.315381240291209 0.105357714440874 -0.0577403524120484 0.04836147212514
-0.32451569159138 0.0790067866826158 -0.0622573435932837 0.0412614552323057
-0.312049873402136 -0.0865630207694565 -0.0822892944097172 0.0355201040983137
-0.238209620738404 -0.241759003153301 -0.0974079544442273 -0.0149281776492457
-0.0320195740589314 -0.444921366047132 -0.0532019542703238 -0.0784605358387609
0.29874524021974 -0.345403551066949 0.0620976531777097 -0.0593786500461822
0.45487763064035 0.0222599842698997 0.106886549795332 -0.0319587208617928
0.450421594914022 0.286886175333721 0.0476038261478911 -0.0276170703660367
0.395281544430946 0.236579265249062 -0.208485271610261 -0.269417127863526
0.445859714824758 0.0356470905854301 -0.22001628150223 -0.0938307334327615
0.345970050942863 -0.274659793654314 -0.08610587377483 0.0740630645511789
0.0468128572693811 -0.421792477106534 -0.01988147711483 0.0327935385268669
-0.178683986603239 -0.273748666948024 -0.0403346580839909 -0.0526038986246135
-0.251439361478324 -0.118725844492547 -0.120403904035724 -0.0275646518848427
-0.298520187837103 0.021195953873034 -0.160028195250418 0.0226459938914735
-0.274130923342655 0.0752679680493837 -0.162313332104248 0.0695920937164169
-0.277953925738791 0.0488925172671948 -0.163019313662343 0.0568080304563129
-0.255058795238043 -0.0901392584015989 -0.169686864328599 0.0188988018873342
-0.178064869616892 -0.209584021530591 -0.150984888865131 -0.0594695950274053
-0.0103168117637511 -0.351999499082269 -0.068523062412126 -0.105371354369155
0.242330390361163 -0.270896518659908 0.0398104594847776 -0.0653124786934556
0.370716819465195 0.0197654010878807 0.0231516622440866 -0.0360528983256997
0.39554139442518 0.232360785797093 -0.0779176834965489 -0.130131761817281
0.303864103365421 0.14138123152156 -0.300655887253035 -0.37765565962143
0.315267545707168 -0.00179169780473337 -0.300899394747708 -0.129783561631287
0.228241168404795 -0.194480047777464 -0.0998323272048271 0.0436002904954643
0.0292564479293533 -0.271860827986716 -0.0278731897648119 -0.0150027156140165
-0.106605009720845 -0.180762043643894 -0.0857510949028248 -0.103870074367196
-0.161852941722568 -0.0901184330851902 -0.202471126882031 -0.058711235482689
-0.206832544367215 -0.00236923679981435 -0.24880608195147 0.0271435608486394
-0.191337330150792 0.0333774190612264 -0.242938777730657 0.0809495194368124
-0.192736294816412 0.0103292724844182 -0.237702469038122 0.059961642970088
-0.164362277357181 -0.0825561722993944 -0.22590442638351 -0.0072454267542971
-0.0924635960219167 -0.152587522767898 -0.171859791734926 -0.10125080799382
0.0180459360283258 -0.21406670556759 -0.0593130821846984 -0.122070924515384
0.15813625210914 -0.155909528039745 0.0306410166908587 -0.0647511195957178
0.236817834672151 0.0176083137127034 -0.0377532242812235 -0.0280595359162949
0.28304598273181 0.147406476338919 -0.17593039180997 -0.196511462451866
0.161903487801408 0.0234669812242224 -0.353088108127611 -0.438840827866061
0.132427606081968 -0.0381488210232048 -0.348536758155038 -0.148643060522339
0.0750734177436906 -0.0860338369244221 -0.1103951785835 0.0172473679152984
0.0065617018554174 -0.0832621331586094 -0.0356061333887246 -0.0444210515406585
-0.017508875607369 -0.0621145397351271 -0.113863768396415 -0.127233540581438
-0.0462274302910988 -0.0498632940985969 -0.249310718329604 -0.0738658549632343
-0.0818572850312646 -0.0273638962735206 -0.297878038023793 0.0307940073610243
-0.0795938948537091 -0.0134314175385454 -0.286503844416229 0.0803938771181723
-0.0835504934511314 -0.0276739233289422 -0.277814278158615 0.0505543734995624
-0.0575367821860278 -0.0627256851063392 -0.246781237076715 -0.0396715667441225
-0.0090701725912764 -0.076750966339321 -0.162159759444888 -0.135448041196961
0.0298980966991072 -0.065653389103966 -0.034117734198335 -0.127359814940256
0.0576189663809336 -0.0443258745022571 0.0286280267761963 -0.0599199294027769
0.0907359385963887 0.00359409698321836 -0.0746893546720288 -0.0175534944931947
0.14296076607168 0.04453706584037 -0.234581087514967 -0.225387038814955
0.0426053817235712 0.068312076367546 0.293410930599288 0.157654431073183
0.0588854409579226 0.0230450430531395 0.153324183477442 -0.0226477142491822
0.0436439642064708 -0.0494245171870768 -0.0237460441780938 0.0393479234345584
-0.0264228651973521 -0.0759899592074923 0.0108982873855589 0.117660821920727
-0.0605428242411513 -0.0162305279719155 0.135283959877147 0.134301126681073
-0.0523228069267372 0.021592351901892 0.249263205917683 0.0409872121147275
-0.0352016281481955 0.0543612687307921 0.272255792922426 -0.0709214508693913
-0.0358576156232598 0.0584551929363131 0.262683006615359 -0.107888177489864
-0.0421422782673077 0.0538561919493879 0.275319627559091 -0.0872640520237171
-0.0603093958964098 0.0189812800490973 0.249998733634957 0.00843667847886588
-0.0668484707872796 -0.0267192669550727 0.161485892277808 0.091484345210894
-0.0137288294688518 -0.0915910978553797 0.068638702441144 0.0448581553937342
0.0687797930003567 -0.0433943416818855 0.119088665227244 -0.000784656571774851
0.0517718389494759 0.0461894709438767 0.300214404967994 0.0718063943720261
0.00730680620597843 0.068486739110042 0.401546396854268 0.364597573468401
0.184676320713025 0.137068944088612 0.247296948345883 0.149212959023648
0.19423551031347 0.0272468146888008 0.137161899246532 -0.00804330880695756
0.139772522559964 -0.138230928056089 -0.00945373824193866 0.0509367879236122
-0.0244460362105412 -0.209255735840061 0.0125361324104203 0.114079994786919
-0.131653303225781 -0.101308781512216 0.11746914991927 0.123420821009011
-0.149499538898207 -0.00501962450552018 0.219926519014181 0.0490420369074629
-0.145370942136787 0.0856979303902998 0.233637411260425 -0.05165990515814
-0.139673566172569 0.108359878451481 0.224040414271273 -0.078384358911084
-0.154974292424803 0.0933388152516502 0.232270697334374 -0.0677535734297053
-0.177263501689 -0.00358898583358469 0.206756968491306 0.0159411270841893
-0.15415811523775 -0.108461604153528 0.122796317678735 0.0798428239512424
-0.0339970849952889 -0.248273394178542 0.0494214782502887 0.0246250126342894
0.170207814238908 -0.170765069423643 0.125512351634312 -0.0196350475672366
0.226787865960063 0.0403712697678617 0.296385566367363 0.0323953761108802
0.190654673514279 0.1602293149288 0.380656764416093 0.291007199467884
0.307153389738812 0.194953976044382 0.164350743482533 0.099694259035387
0.322991306566405 0.0288228273891025 0.091153861899122 -0.0026430040308739
0.231836204261919 -0.223490232203857 0.000149387369445751 0.0667411464013257
-0.0193228088491324 -0.333400210159448 0.0197773553402062 0.105474574202429
-0.1926639985722 -0.183278445264336 0.092986558460259 0.0946434757928309
-0.232060874173758 -0.0370305840172642 0.16195304983979 0.0444237307837429
-0.238039742871208 0.101035284037822 0.159446348887337 -0.0287561595107265
-0.223149740871216 0.140443323032131 0.150462456944186 -0.0378583948657701
-0.24285033022514 0.122745038476944 0.154990448623323 -0.0365153799039503
-0.267791127474371 -0.0182591212911439 0.130534323511338 0.0235417815906162
-0.227351005160346 -0.167608490121763 0.06241571025041 0.0584082625584836
-0.0673712496528067 -0.3701284676827 0.019266088884728 -0.00285973678536799
0.233654783851939 -0.288526519952378 0.115179999781031 -0.0413865638646948
0.366170362246517 0.0106808791221768 0.25422129693522 -0.0077780592061138
0.348140614220556 0.216676707348632 0.302354671335069 0.187153745794554
0.395063767102811 0.223940669360667 0.0485554862735474 0.0144379690066822
0.425091731294205 0.0164847083204103 0.00993148902618789 -0.00819750692000561
0.300388420530977 -0.296416996212063 -0.00181888515144298 0.0814597832392528
-0.0213090739865938 -0.428706390035021 0.0259905933780297 0.0859046658049046
-0.23701414282204 -0.243051310218884 0.0554193401842765 0.0472573784705512
-0.2867161654818 -0.0637500589375061 0.0767411695540075 0.0290992246454368
-0.29688360811719 0.102141959675373 0.0579937251003397 -0.00369921230707
-0.272811876611368 0.15213131211551 0.0545481313754063 0.0089366274063141
-0.290337330570041 0.134364862638737 0.0556549451702089 0.00342901121996675
-0.31439239183019 -0.0279580791498539 0.0336621778868509 0.0330935046641568
-0.266323863333154 -0.197683288374759 -0.0146922945217844 0.0321926547983188
-0.0963320582118446 -0.432907243706861 -0.0200762292635654 -0.030963141553005
0.252802351067493 -0.362400121073442 0.0893881739106017 -0.0581464920719358
0.43969440073197 -0.0252790045886726 0.178624545128293 -0.0347921452246231
0.445989259652697 0.232492502032693 0.178608837221005 0.0734227988603255
0.425815846316464 0.217409350330747 -0.0880525008436763 -0.0940414561354255
0.46454046140688 -0.00558560291038332 -0.0973683602130619 -0.024440898742929
0.320563900840616 -0.330817542168399 -0.0159214548602868 0.0851587376474312
-0.0250430179145483 -0.457997495704884 0.022864208280056 0.0523161593682126
-0.245669020692568 -0.261570672705098 0.00258471288105002 -0.0102774259856136
-0.296131683502097 -0.0781180482072726 -0.026691208972386 0.00736426044023692
-0.310484834101943 0.0893144290390663 -0.0565144837707049 0.0206095159528159
-0.280674457093679 0.140742374199323 -0.0497654398078952 0.053403191229011
-0.293818378291964 0.120695739369353 -0.0489445012434202 0.0439760079500509
-0.309565054175998 -0.0374673689468176 -0.0676310363928855 0.0417553678078283
-0.254330456863345 -0.199855922668216 -0.0924212790491523 0.00370603234510361
-0.0939380771400717 -0.417272718847282 -0.0568052326098739 -0.0583540583266262
0.235313521194905 -0.358792258079845 0.0586346674335142 -0.0671403392607546
0.431527858605564 -0.0425450665027953 0.0891355298517259 -0.0412411792234276
0.462189436889753 0.213254955397222 0.0347443106312185 -0.0276388502127509
0.392761415126243 0.171406690415968 -0.22326008781262 -0.204314369352478
0.417158275272824 -0.0259416093304585 -0.207423521492145 -0.0468944969198203
0.279859685270586 -0.300878879801515 -0.0399799279801015 0.071716785856222
-0.0224810028087998 -0.396477240180174 0.00659118650632296 0.0103862488547728
-0.206849187267895 -0.229461294222304 -0.0558484531058476 -0.0635804903070323
-0.253740159901233 -0.0767504807011546 -0.129672275460759 -0.0138774349383865
-0.274484066643859 0.0646112750549676 -0.164105875609388 0.0424045886854544
-0.246064390905409 0.107468543587502 -0.146786001834383 0.0898068702433958
-0.254292171034179 0.0872336051065008 -0.143595939509337 0.0754361011115492
-0.255668333431133 -0.0476524888500102 -0.154234226292411 0.041389661148726
-0.19446626718875 -0.176679190229218 -0.150787193157604 -0.0289585709653083
-0.0597486754283558 -0.332775565247415 -0.0766846100774062 -0.0824148789812833
0.191535166016536 -0.282431805913965 0.0348572360823765 -0.0688975018341273
0.350727529985004 -0.0340601252572247 0.0102583548846212 -0.0324483775714008
0.401810949772673 0.167805496532904 -0.0985211211710788 -0.106345015354793
0.292589893749696 0.0936464234507061 -0.333782577960327 -0.295987520267812
0.290286879726629 -0.0417895294157198 -0.295989770533766 -0.0706628541404394
0.182590151950475 -0.21137474037975 -0.0675531514318397 0.0488793448408945
-0.0166344378216791 -0.256343133226926 -0.015641180791802 -0.0258132053162111
-0.127367128426865 -0.152417477276876 -0.103830555277646 -0.0983319577050624
-0.165846415312541 -0.0609808882294969 -0.210032704607004 -0.0291953352420525
-0.192609596884048 0.0301052498315743 -0.244724179065982 0.0608977245788609
-0.174689263114187 0.0583038227945042 -0.220948216682966 0.112984064433655
-0.180124595221621 0.0400391287306825 -0.214875821663608 0.0921115228244044
-0.16892353937222 -0.0540634258039237 -0.213280911627454 0.0275171365497518
-0.107933592888468 -0.132839408756133 -0.17854941713451 -0.0652956277671076
-0.0139316006291021 -0.205852018530641 -0.0727015319569326 -0.101532700900999
0.127207479632919 -0.165311459010522 0.022639048640866 -0.0665376482860915
0.224945364254714 -0.0166496615358154 -0.0437792096739321 -0.0175006973760286
0.28336061835725 0.101744631049367 -0.19964765833001 -0.156249875653202
0.143467495536194 0.00199105698295726 -0.401494611185819 -0.350093104692398
0.114241345267503 -0.049411247883949 -0.351936060324323 -0.083448432688887
0.0561258482391584 -0.0900062004441698 -0.0953639593663223 0.0299013916989891
-0.00876857057535863 -0.0790787591287774 -0.0371709213814904 -0.0425702543449117
-0.0284489509078364 -0.0542148832847371 -0.130239269800766 -0.107513409003994
-0.0516649225275209 -0.0379702007733247 -0.252227472523254 -0.0336507275691148
-0.0798827207976633 -0.0104983711339271 -0.286459560113026 0.0725013738202425
-0.0763835416306331 0.000246598444065382 -0.262450435488759 0.120147867499774
-0.0824494858275921 -0.0109640417485115 -0.256798838595504 0.0913491146154735
-0.0655080283530331 -0.0500851045044504 -0.239625982942556 0.00274875978370991
-0.0206630430618533 -0.0718942718095312 -0.176317364347489 -0.100195885429552
0.0179615567367754 -0.0675838915775154 -0.0515053188288644 -0.112678370135444
0.0474279856617313 -0.0492841777053702 0.0185993357823507 -0.0610226052146027
0.084965374004752 -0.0110959173313172 -0.074838550360301 -0.00378457930306054
0.136618375808196 0.0217460506487712 -0.258400005909255 -0.175730231868259
0.0384905618970414 0.0657691650419549 0.284496587336415 0.158055974064547
0.0565521365754839 0.0250381767955789 0.14826675481277 -0.0195077427463349
0.0435964860094524 -0.0456393579725676 -0.0222931565517286 0.0374183709826372
-0.0244251412083016 -0.0727959921640598 0.00979283434178307 0.113833064954156
-0.0579329161896175 -0.0161793376514336 0.130374366368956 0.131687796551142
-0.0510704944603774 0.0207529851461969 0.240050196320618 0.0422282742892708
-0.0345657337280061 0.0518078198329553 0.263448944532903 -0.0659373040192249
-0.0347416461077737 0.0563871253267245 0.25705258240021 -0.101388968858305
-0.0410499049398333 0.0513342041892522 0.266746997456832 -0.0805819393060666
-0.0586270209708615 0.0174035953983399 0.241300868003798 0.0109265234969103
-0.0636792949434456 -0.0261005185822292 0.155077854919146 0.0895233887572299
-0.0119634989286788 -0.0893584610413112 0.0651232782767693 0.0443288532977701
0.0677948988530865 -0.0414889629489134 0.115537181109054 0.000846574273402117
0.0491731200148805 0.0464300490247309 0.290480367014498 0.0745434083951178
0.00514439365291916 0.0663649592962275 0.384833186705765 0.358499806835727
0.176119135061419 0.134247579755748 0.240774928881941 0.149505824231455
0.187263935113658 0.0312060445241146 0.132748337404685 -0.00558645621384413
0.13621767913506 -0.130854278318391 -0.0086334464916089 0.048628678851938
-0.0220636660555976 -0.202468242695814 0.0113151723719803 0.109791860883704
-0.126928996720599 -0.0996756233015619 0.112876661314876 0.120551645605373
-0.145400834273809 -0.00676234564808475 0.211484721084183 0.0491948463375734
-0.140656728167562 0.0811652919454984 0.226720869913207 -0.0464190617078913
-0.135034855497616 0.103137380054288 0.219038632007389 -0.0733741936170017
-0.150854479385886 0.0890690830045695 0.225689778849624 -0.0621319318222354
-0.172144678433772 -0.00563427669414177 0.199972598209536 0.0184124447462551
-0.148184620881447 -0.106298490714747 0.118629090490419 0.078588574193941
-0.0306849134766066 -0.241179010203296 0.0473150470737786 0.0237336180106201
0.167228344273033 -0.164321889668039 0.122611765815818 -0.0178727721199041
0.218778739735395 0.0432078142282405 0.2873179702032 0.0357921783524855
0.181015779384827 0.157501439433522 0.366093914111247 0.287381884577654
0.294142305709495 0.190829099345046 0.162108716109059 0.101117647789346
0.312629529913777 0.0332645681483832 0.0888459311855857 -0.000693574046580891
0.225402392766536 -0.212821118268732 0.000715039778847379 0.0647847390854342
-0.0177862997647402 -0.323395696464728 0.018516605907357 0.101868049713436
-0.185938113163347 -0.179590700481844 0.0896274294304103 0.0923768051763173
-0.225825024174103 -0.0385280070617314 0.156039102497618 0.0435297793389163
-0.230605786279769 0.0954077069164639 0.155285091784071 -0.0245351669060761
-0.215500365882671 0.134978961770394 0.147791505499017 -0.0346434376634155
-0.234928873920956 0.116594807324339 0.149716624594464 -0.0330498768335196
-0.259617224244171 -0.0206418629644106 0.126152850682792 0.0247881158494775
-0.218924980894032 -0.164565313860957 0.0602191633515947 0.0571864519501365
-0.0620502047800051 -0.359299849715754 0.0189440732046651 -0.00377923100873829
0.229716152099247 -0.277917058628179 0.113773469009899 -0.0390728477398945
0.354114634169361 0.0166726025398465 0.246766030125189 -0.00372407681351252
0.331890007605353 0.213221315298596 0.289593720808375 0.186869684046178
0.378801076878899 0.220978811767959 0.0514743673228919 0.0164702207323466
0.411432660649851 0.0221403222883124 0.0112010284679593 -0.00711583024659465
0.292020953242246 -0.284298462576137 -0.000946644306602656 0.0789167914476826
-0.0190017941277028 -0.415589377672586 0.0242244673750777 0.0831134946109849
-0.228686253925665 -0.238465873005007 0.0538367744337036 0.0461337833324943
-0.278706343301888 -0.065223308002182 0.0741199053353446 0.0275221285632917
-0.288013257602889 0.0959569623919682 0.0569966656400392 -0.000574419099295101
-0.263252646179022 0.146040209903079 0.0538449952383823 0.00985062656790156
-0.281043300522477 0.127351617274032 0.0530963050766965 0.00425950226505151
-0.305289125078514 -0.0293768195513097 0.0328219145368471 0.0333178174843541
-0.257138047010215 -0.193523680669301 -0.0134774173045948 0.0308967926970571
-0.0898481958100136 -0.419307652833505 -0.0179796435882194 -0.0325327232732819
0.248692958594267 -0.349636783680795 0.0893596215779952 -0.0557498213785417
0.425703769967989 -0.0188518429440376 0.173972627951355 -0.031447606455713
0.425902992472112 0.230195349692667 0.171150878167413 0.0751910261999893
0.410726023787343 0.215172441800781 -0.0806807681467725 -0.0907531603065657
0.451165484160094 0.00238249242795762 -0.0921869837919429 -0.0244917014945057
0.313033924545886 -0.318421226480714 -0.0156295242972398 0.0820278273100251
-0.0228073870740588 -0.444914979227848 0.021192220157138 0.0509627191563882
-0.23790410933423 -0.25676606843113 0.00310910524582504 -0.0103923935547406
-0.287469191884022 -0.0794486477789402 -0.0257606451925436 0.00544093594782314
-0.301325664930243 0.0841606685417514 -0.0544056127926504 0.0220674296354211
-0.271148251345138 0.135109890363878 -0.0480073786222996 0.0519013074689277
-0.283285467033089 0.115661472633588 -0.0483679495239679 0.0419127210031783
-0.300572340596449 -0.0385046277697429 -0.0655823112069111 0.0403163699282272
-0.245944141335093 -0.196322659271535 -0.0884473096679733 0.00319903393791387
-0.0882239823999746 -0.404433160097071 -0.0533144516222483 -0.0590126210602102
0.229948305948734 -0.34643472328566 0.0597715066738677 -0.0648959940556096
0.418198666295013 -0.0348234535157062 0.0868438908995148 -0.0397684942378701
0.441633268963625 0.210848119317121 0.0319563646178622 -0.0246034423450996
0.377972645761388 0.171663294394581 -0.212015421104476 -0.200453568798399
0.406508277348752 -0.018748610839668 -0.198725925396308 -0.0480690337390387
0.273032377709294 -0.290510660999146 -0.0384959297104774 0.069329628084952
-0.0203620311867915 -0.385972503721818 0.00612062477057507 0.0100072398555974
-0.200038726305212 -0.22478833041036 -0.0527881005605935 -0.0627325495378244
-0.24631555484612 -0.0775439113374347 -0.124814993720896 -0.0160146429510267
-0.265565418136961 0.0608095930092695 -0.158552976653724 0.0422677406768593
-0.237625613685647 0.103221762023307 -0.143517749690666 0.08618364821717
-0.245394804272676 0.0833431575364926 -0.140552813545441 0.0718023697825531
-0.248227546878235 -0.0485922711549453 -0.149273072591361 0.0386747451384028
-0.187843127854943 -0.172782318424217 -0.144741231573583 -0.0289165635718059
-0.056014055731061 -0.321532710478996 -0.0717258496103859 -0.0824308910284348
0.186196813610082 -0.271632589616852 0.0358316032328028 -0.066840930052195
0.340022578243036 -0.02863073390162 0.00954723731786742 -0.0324489929702889
0.383297611092629 0.166214155235377 -0.0966621387842621 -0.102863854242778
0.283734387923414 0.0964506470817015 -0.318676431850136 -0.291865329981878
0.283646181734347 -0.0359190656720787 -0.285086840053058 -0.07342376591087
0.177709218051349 -0.204721607094804 -0.0658328420044318 0.0464650985205397
-0.0155975853231926 -0.250521583703315 -0.0150497908143303 -0.0248760325805915
-0.123736797591606 -0.150157543942925 -0.0993704855141652 -0.0974924700702184
-0.160908026728585 -0.0614387963461057 -0.202219233793059 -0.0312020704384751
-0.186648683960973 0.0283696623131342 -0.237648612065026 0.0590870442000971
-0.168764112233741 0.0555069836066921 -0.216904992923592 0.10775032982805
-0.17394422265292 0.0377460817497735 -0.209788547064869 0.0864015780547164
-0.163691588840398 -0.0536255111750311 -0.206236519926672 0.0247294550736929
-0.105069538940562 -0.129738483415011 -0.170614679438247 -0.0643696530265065
-0.0120668346342589 -0.198959048736037 -0.0674721164373318 -0.100214515284539
0.122673304110756 -0.15891672885152 0.0237529710842619 -0.0646336347254169
0.218103974236919 -0.0142617504641387 -0.0429216526488637 -0.0190835112429898
0.270910602700956 0.101072077288623 -0.193535082611237 -0.152843117993382
0.140821681818086 0.00481107979427549 -0.383870985742349 -0.345414519358866
0.112491663905673 -0.0466109803972366 -0.33939752829073 -0.0863966180265481
0.0545965592525202 -0.0885542946112562 -0.0925685781396548 0.0275429558016131
-0.00952892673050795 -0.0776767661168134 -0.0355666142399018 -0.0415466025311391
-0.0281712780634089 -0.0534860105558534 -0.125277459917637 -0.106108162636442
-0.0501145060806969 -0.0377303616961814 -0.243445246373373 -0.0354899588908472
-0.0772465938078339 -0.0103385473777709 -0.278510264433272 0.0684969096709189
-0.0735818946939593 0.000111234429385267 -0.25726373900061 0.113804103215622
-0.0796446663300391 -0.00973462293236138 -0.249377801105491 0.0850095921145822
-0.0630612685293803 -0.0478786380769349 -0.231893633305315 -0.00101915083556982
-0.0208750299289372 -0.0695902537222113 -0.168225277724195 -0.0978550171392373
0.0172734354824893 -0.0643703093364333 -0.0474669829988566 -0.110376879889889
0.0451079544780676 -0.0471007347804941 0.0185060265586836 -0.0594154874725321
0.0828083633166402 -0.0109884794104547 -0.0733311048826226 -0.00546480089314837
0.131387306214896 0.0220432360667511 -0.250598419247971 -0.17337762649335
0.0344718691427797 0.0666501841396416 0.284344104224217 0.169722450401384
0.0557390015912337 0.0289245247643328 0.149144892533212 -0.013943494503922
0.0459747827885328 -0.0433278519669023 -0.0229111438312586 0.0370249137605961
-0.0219781158947739 -0.0733044447747808 0.00678102248979818 0.114244409018019
-0.0579442462746747 -0.0184466233857717 0.127042493845325 0.136251907856401
-0.052382224546035 0.0194259114063422 0.239172164124227 0.0493776035516845
-0.0365897919803531 0.0507673868655127 0.266212448643918 -0.0581781145590673
-0.0360086457196119 0.0555360072345019 0.263387660860682 -0.0948425165276658
-0.0424077043126055 0.0490728674529426 0.270681422491483 -0.0726207015667431
-0.0589035328089477 0.0151855281989907 0.241852135733359 0.0193356988689302
-0.0625209220019988 -0.0276803196057261 0.152820717789557 0.0938059701868488
-0.00940703126055597 -0.0901873560900376 0.0638221268341976 0.0464125795565989
0.0698454794874321 -0.0398409085011361 0.116384727710356 0.00473443304790425
0.0479586851110057 0.0495320055179852 0.289611996164191 0.0841923590512871
0.00237630306587045 0.0671618197305849 0.377178791808098 0.373882777618939
0.170224030908184 0.139110316957008 0.241351385615503 0.159194915128215
0.187703348518616 0.0393106322719253 0.134031271723006 -0.00054407749645831
0.140534263546673 -0.12604880569249 -0.00881242526845246 0.0487172831123235
-0.0165899762046081 -0.203186238136283 0.00869127346774002 0.110260191823179
-0.125292693686619 -0.104535672849606 0.109742442714666 0.124588715414394
-0.146447679098402 -0.0109032647140461 0.20991765788199 0.0546769158764975
-0.143339182580046 0.0768396426691422 0.228732370647964 -0.0396590281637505
-0.137467853102603 0.100436032496507 0.224745915420596 -0.0674422797764707
-0.153334988291178 0.084240025759706 0.228397378237576 -0.0546007274507677
-0.173021414607435 -0.0109310885768517 0.200354540959673 0.0253169092720092
-0.145630282983229 -0.110443477030308 0.116740876383541 0.0813973452431056
-0.0239261991491204 -0.242829290492349 0.046399853472428 0.0247317859655012
0.172861396313529 -0.16075859652178 0.125332487814637 -0.013872252143799
0.21848429971566 0.0521918687936604 0.287611894013785 0.0457796264489853
0.175653235829198 0.16372697596589 0.359545597047299 0.301921758071085
0.289067160452716 0.199508854706043 0.163642104557611 0.107993796384609
0.313810701947558 0.044865576243033 0.0902517187729915 0.00300020749554645
0.231271635807307 -0.206251160713451 0.000363858285543613 0.0643617057067178
-0.0100059864018064 -0.325013178252826 0.0157486644185065 0.102483672222561
-0.182508493929006 -0.186249353289529 0.08710602420795 0.0953873412950245
-0.22672895890137 -0.0451650832937833 0.154776457917574 0.0472606105221757
-0.234020542907676 0.0894053918663141 0.157150678972546 -0.0185771706694582
-0.218891231811709 0.129660989588381 0.151019285021023 -0.0301226421897921
-0.238238413511335 0.110260249851035 0.151124999120986 -0.0277528424057171
-0.261433663627799 -0.0279101381498926 0.126622992419039 0.0301347020842865
-0.215450985840355 -0.171472988496739 0.0590843475171535 0.0588067890152067
-0.052647415103262 -0.363123828700417 0.0190128618824816 -0.00464178496947233
0.238135034251575 -0.273012452667044 0.117751363479055 -0.0359493452643021
0.356462470030572 0.0292834774434224 0.248757835414651 0.00304916003666533
0.324632425128252 0.224860341430351 0.285745903944887 0.198070414484754
0.37358289691912 0.23385719605138 0.0547242933681076 0.0193488429458006
0.414085600872313 0.037090393771619 0.0126608900243725 -0.00677655327645225
0.29948959552165 -0.27710353239105 -0.00190835733026685 0.0794285311970306
-0.0097683991447329 -0.419474571830954 0.022169508416763 0.0846962543452537
-0.224951455455877 -0.246535360080117 0.0525686502046615 0.047791846268901
-0.279222097605899 -0.0737720745398649 0.0734781173120656 0.0286842441830395
-0.291327473922195 0.0886728569886277 0.0576845620580996 0.00307422271042044
-0.266790730371591 0.140291778144424 0.0545493338821947 0.0116913903903528
-0.28472070355263 0.119876143228016 0.0525569920334894 0.00680838039294907
-0.306884535011289 -0.0385764639726079 0.0319824389088322 0.0355309223979515
-0.254356018992864 -0.201985620328924 -0.0141104284038276 0.0311475748011101
-0.0773149576647955 -0.423482524553705 -0.0174251190513652 -0.0356098847843201
0.258453862947636 -0.344125097118359 0.0940595670852861 -0.0540956213325369
0.428743161017101 -0.0022617484111302 0.175728920582349 -0.0275100516854262
0.417450882679518 0.244049352312198 0.168836386149261 0.0824268121505444
0.406987171191324 0.229058404518832 -0.0752981240845944 -0.0933275076338384
0.455243759232285 0.0161090202293024 -0.0908170643816467 -0.0275376369850837
0.321938907615568 -0.311449756071832 -0.0166737883540464 0.0823368941027299
-0.012730088926972 -0.448416688541487 0.0197220625142426 0.0521338040012149
-0.233761525952485 -0.26546817877401 0.0034389958030218 -0.0106684276643385
-0.288380807488675 -0.0882900218017696 -0.0256883121791399 0.00322938281233698
-0.304244754851194 0.0769345173973609 -0.0544828834145033 0.0234230430819752
-0.275017275705225 0.128820698111334 -0.0491297590254701 0.0516040276751174
-0.287274123459782 0.108520280993619 -0.0509798088033626 0.0415703817391367
-0.301169480493709 -0.0475890154311522 -0.0665318617416207 0.0395049333641923
-0.243029198790247 -0.203942770020755 -0.0877795016260667 0.000585307953475904
-0.0777968795937598 -0.408444193633065 -0.0512148859273969 -0.0633750528498743
0.239523955295291 -0.341308921294673 0.0643812678117664 -0.0642010685712211
0.42152282692291 -0.0205340928663021 0.0878525431744487 -0.0383178754825523
0.435024075119051 0.226265640662011 0.0311371223145037 -0.0223890696180722
0.377178442259654 0.184582729923709 -0.205100679386108 -0.208063508509098
0.411546285345465 -0.00631455833350253 -0.197883792730516 -0.0551647278142376
0.280868032298572 -0.284328716246139 -0.040496401925195 0.0688725649018963
-0.0122741787052112 -0.389826102878766 0.00580615456489778 0.0104856073826982
-0.196068055578551 -0.232568746619535 -0.0514911157235116 -0.0652081329153726
-0.24738054350771 -0.0857884965436629 -0.124327814502769 -0.0212918918671107
-0.26783267187774 0.0541994457847298 -0.159597936326696 0.0404887497258145
-0.240282411733038 0.0978198752851801 -0.146884909652758 0.0830850892484976
-0.247759591808591 0.0775262907061158 -0.144158478634942 0.0673605947834129
-0.248558232627881 -0.0557833894745773 -0.151202848329612 0.0355375889074876
-0.18580632931087 -0.179186514457839 -0.143036850887411 -0.0333176427465804
-0.0470741724969991 -0.324439968409063 -0.0685934764145876 -0.0868385094933433
0.193389597459967 -0.267303621345656 0.0399118994986025 -0.0670998509246058
0.341885489196445 -0.0175970194624997 0.0104713994976843 -0.0331492561646347
0.377635556080649 0.178767201665444 -0.0958575675714899 -0.105351758759813
0.283864786994153 0.106103352731235 -0.310920699350588 -0.303984729286414
0.28845701764884 -0.0275379540939954 -0.28397806974767 -0.0835599971823037
0.183596857485747 -0.201647604574716 -0.0677999490443017 0.0448985597691055
-0.0108052235139591 -0.253810483345144 -0.0143620807295765 -0.0251831388505107
-0.121051334564345 -0.155515997703481 -0.0973388601120872 -0.100890662920478
-0.161014434717478 -0.0672727457722804 -0.20192948100553 -0.038017439811335
-0.187790439336992 0.0239665084153414 -0.23986083431946 0.0537002594106848
-0.169840201440167 0.052456098185537 -0.22166926879185 0.102894413132884
-0.174458576744357 0.0346078666899021 -0.214059629469276 0.0795143363421136
-0.162945899295676 -0.0576004392322275 -0.20730687340426 0.0185967172778849
-0.103542559423223 -0.132585245554455 -0.168339717638615 -0.0692997192240575
-0.00698508649367 -0.199336028512984 -0.0637716856122178 -0.103748883148849
0.126360934977562 -0.155531807392898 0.027215853651788 -0.0647702136652771
0.219228054008865 -0.00786228086160638 -0.0424425084450388 -0.0212361938679066
0.26750010395594 0.110039823539666 -0.192265634274054 -0.159523693010911
0.143345222971018 0.0100530301010432 -0.376014013950798 -0.361285733610997
0.115694450548435 -0.0440848080689204 -0.338830639493425 -0.0998561093253562
0.0563650890086064 -0.0888794283104479 -0.0941983891772091 0.024702297326441
-0.00871911663177826 -0.079448197486366 -0.0344236308762014 -0.0428268325454485
-0.0265667469173476 -0.0552360103963286 -0.123120958023555 -0.110308669131876
-0.0498074369073549 -0.0400836842632579 -0.243195805712189 -0.043434826657984
-0.0768351159673522 -0.0119791986054054 -0.281127146083531 0.061888071473945
-0.0737410417611158 -0.001000671935016 -0.263550998679401 0.108041645663642
-0.0790209406272892 -0.0108857487733687 -0.254079289881707 0.0767827162723119
-0.0625309757512499 -0.0486910520258744 -0.232135032871533 -0.00806171965679578
-0.0204175330191197 -0.0702673563001244 -0.164524945085367 -0.10288547326583
0.0185285727833998 -0.0636739037057972 -0.043493122900821 -0.112416504374911
0.0450459558006489 -0.0461947445904991 0.0210840635873391 -0.0589030914919018
0.0833175498503761 -0.00975589920658727 -0.0736198771171619 -0.00873622866827197
0.130373221659135 0.0259312565790041 -0.248856573378614 -0.18149190037832
0.0323170034865717 0.0696347452148609 0.296677681946406 0.184683563623736
0.0571755858015119 0.0330101612267223 0.156291213288708 -0.0100051031188101
0.0493888577007073 -0.0427865148031181 -0.0239653877947525 0.0376074483106773
-0.0206208857960081 -0.0762252139452482 0.00522110299594266 0.117857269761512
-0.0606750163372669 -0.0207010639119064 0.129952868048146 0.144596229722952
-0.0553682159151985 0.0200477837602838 0.247787469696095 0.0570741766232949
-0.0387829649959489 0.0517203678080449 0.27867419665543 -0.0554119341110971
-0.0384692549274298 0.0572523254434012 0.278303907072559 -0.09495010794509
-0.0456148857020804 0.0498463846471495 0.285121968583607 -0.0694241317687062
-0.0622969043054406 0.013837777393917 0.252973987212146 0.0254043318197694
-0.0639313688778145 -0.0301102444501162 0.157403657539764 0.100669667131183
-0.00810412243408394 -0.0947556565470451 0.0651329475685803 0.0501658191583964
0.074334071639242 -0.0405642156696711 0.121432091322475 0.00798498695661814
0.0490116487240649 0.0545956033436432 0.301157156244312 0.0953069052977907
0.000277674186852775 0.069911693558886 0.386650837753231 0.398811214175427
0.172602314258651 0.148571684127038 0.252898511359659 0.17304160187633
0.19516915961616 0.0469604914333175 0.141195119971544 0.00360958354873298
0.149052987925016 -0.12792726439899 -0.00890250052554546 0.0500133793003425
-0.0138898918364451 -0.212334655993967 0.00684202464523433 0.114937872444957
-0.129319821056219 -0.111790497939344 0.111895924743748 0.132431759030579
-0.153555570575102 -0.013404192859638 0.217371427799203 0.0609415750677351
-0.150851426667229 0.0774029172102883 0.239599758348258 -0.0361625404116021
-0.144741999463539 0.102466144585772 0.237500416113614 -0.066751297150162
-0.160904941697734 0.0846468633375691 0.239520280576441 -0.0514179932901222
-0.181351471721012 -0.0155578642664628 0.209581064759837 0.0313828651710439
-0.149747841023048 -0.118446734137122 0.120022192043775 0.0877694616637445
-0.0205967332559251 -0.254982088652305 0.0476026246570719 0.0254817790153694
0.183603824869954 -0.165042961127377 0.132094772558173 -0.0119300956512708
0.228053149420182 0.0616683002041191 0.300295332292708 0.0537204056610024
0.178274762604816 0.174875375025345 0.369389275807498 0.323990367184709
0.295138209106742 0.213695352440484 0.172940609071022 0.117639790448796
0.327429296510878 0.0550264021235502 0.0951822930440662 0.00555461048579644
0.243816284834877 -0.209936116045017 0.000356090876422385 0.0671192107813835
-0.00529410152666739 -0.339883895314393 0.0142634757111861 0.107723839168647
-0.188572397346622 -0.198834304585378 0.0887874904695377 0.101686175456833
-0.237544173649909 -0.051656978264274 0.160193377272341 0.05151365466998
-0.244929754016848 0.0891603665818552 0.164432627570933 -0.0144587228229778
-0.229614930033005 0.13292388478685 0.159898059698665 -0.0281901016601162
-0.25013564973915 0.110424506279496 0.157603496332138 -0.0246078930020829
-0.273008595823324 -0.035102660400363 0.132143847223914 0.0349588794540756
-0.222373249087427 -0.183220105247513 0.060641424073342 0.0625443899249652
-0.0485457078575433 -0.381006904585467 0.0192729164928001 -0.00616359203776547
0.253623031955836 -0.281913680014815 0.12541635925274 -0.0357696388512765
0.372004134706165 0.0408256253800933 0.260157593359516 0.00826762462067257
0.332452864716249 0.241475607154337 0.294916021396506 0.214594441370239
0.38318068850492 0.252031451382572 0.060444404238951 0.0219928055182952
0.43286312159075 0.0483973744110875 0.0146969621897039 -0.00664904956422258
0.316800284649129 -0.283424334843359 -0.00195919657781674 0.0826722765501216
-0.00485724723166805 -0.438314230085016 0.0216108296618045 0.089809346567664
-0.232380482444381 -0.263588870363451 0.0538583372270356 0.0516512188326237
-0.292685646590288 -0.0823894246538558 0.076085658768047 0.0299004459851965
-0.305564150849329 0.0872686902766277 0.0607256896812859 0.0072765321240162
-0.279919556665671 0.142836587865413 0.0577949898956868 0.0137306658304944
-0.298218064676889 0.119737167790765 0.0535314661509409 0.00941445436705484
-0.321265927988181 -0.046236948276111 0.0335754070000926 0.0387405051110142
-0.262621986476603 -0.216123569544262 -0.0145622425956928 0.0321532211986832
-0.0748223705738474 -0.445026075727657 -0.0184498597981879 -0.0395392743157342
0.277008747008329 -0.355572666849582 0.101303034336873 -0.0556460495619408
0.449666179783497 0.00910943430181784 0.184139289670898 -0.025792640948611
0.429425370659353 0.263669373103811 0.173686196396169 0.0916146022187246
0.420313229204035 0.247211538114651 -0.073694021567087 -0.098788528584257
0.477525567894939 0.0282900695100949 -0.0932559977038775 -0.0312139053820468
0.340795937230659 -0.319080042773707 -0.0180800094143123 0.0860111591400348
-0.00699181021024957 -0.470763257156554 0.0196874371081002 0.0563564159168621
-0.240472661368154 -0.283362365581307 0.00407357213555065 -0.01015158166243
-0.302243427883471 -0.0983914813855424 -0.0268895954752889 0.00168468350800571
-0.318270715728929 0.0745283843115388 -0.0565793858161756 0.02628128542275
-0.287718761638055 0.131514007079668 -0.0527810706887508 0.0540034239061118
-0.300699033012537 0.10736733990178 -0.0556645618419298 0.0428924351549607
-0.315043379792416 -0.0553512393390046 -0.0696927811124397 0.0406346205333636
-0.251390126508797 -0.21718625020994 -0.0906682113269075 -0.000872315155573614
-0.0736559240315909 -0.428446049826767 -0.0531505476153336 -0.0694940803785732
0.255825715374007 -0.352258781839875 0.0710308322887111 -0.0670576691382153
0.440656001763757 -0.010956604883459 0.0933263511208004 -0.0388544989085745
0.446422607427367 0.246166054467492 0.0314769044985767 -0.0212253804288974
0.390300086583717 0.201312369562481 -0.208339499687575 -0.2223635021917
0.432979624336014 0.00355177760426899 -0.205450021755002 -0.0635201252229413
0.297947133001725 -0.2928995166087 -0.043195110132972 0.0713915387518559
-0.00848596689916911 -0.409726091223568 0.00604752549562713 0.012863051011225
-0.201755780401745 -0.248974813188756 -0.0527760142807973 -0.0684426922787814
-0.25879420217016 -0.0954165195879256 -0.129286526026746 -0.0258563471363508
-0.280390547795595 0.0518545982163141 -0.1666528548841 0.041576721682777
-0.252369380184339 0.0996360349263991 -0.155944057776642 0.0854282518474901
-0.259127248211077 0.0772397201850401 -0.153231052547435 0.0680199818302961
-0.259586214143112 -0.0625578059871318 -0.157441701218251 0.0344583423995434
-0.191912182576647 -0.190774744767733 -0.147733125299639 -0.0373421512897929
-0.0437715954133882 -0.339422540694851 -0.0702422383328162 -0.0939462088210856
0.205335028685931 -0.275622361949741 0.0453577066252471 -0.0704042251666666
0.357616608250148 -0.00947280453602349 0.0119802765181021 -0.0356901553231792
0.388003753330926 0.195575598694297 -0.100399813173794 -0.110980613539787
0.296328232821692 0.117740563204018 -0.318114539750746 -0.325820933749713
0.304011853887976 -0.0218548941175844 -0.295743813555461 -0.0949687199997814
0.194899346399663 -0.208064321761899 -0.071734731041114 0.0458688019179843
-0.00872438882456411 -0.266723833980888 -0.014492263270923 -0.0249939655104073
-0.124884849883175 -0.166201172023196 -0.0993077516294424 -0.107320943678927
-0.169031202185837 -0.074109118984623 -0.210349391404671 -0.0453546409069457
-0.19566803526867 0.0219382908034875 -0.250996693455715 0.0533342122334141
-0.178163967713424 0.0526618978220884 -0.234938536347237 0.104338820893318
-0.182031893933892 0.0338708813026537 -0.226689825394851 0.0783440579955327
-0.16977100136573 -0.0626726479649958 -0.216535526151373 0.014837460768281
-0.106993083943696 -0.140275596860654 -0.172829882846266 -0.0755058267865511
-0.00427951645855573 -0.20798480166053 -0.0646545897749706 -0.111573234962205
0.133355378510638 -0.159867412392757 0.0313147613307504 -0.0677942281342253
0.228295516745514 -0.00346703727361804 -0.0437126004289491 -0.024445355613753
0.275543019745182 0.120824503698761 -0.200202897678668 -0.170269385401508
0.151371652977122 0.0146629572768971 -0.386876479442148 -0.389092386755981
0.123645541052962 -0.0435907964579626 -0.353582856342011 -0.113367981779204
0.0598074435966251 -0.0923212053631443 -0.0993333337291206 0.0237342236054386
-0.00921779466785226 -0.0842661287558249 -0.0348393463094943 -0.0450743546729201
-0.0275868590462019 -0.0591006187574122 -0.126163487750915 -0.119033657838928
-0.0520791165707718 -0.0436179141051048 -0.253093175964654 -0.0512794988197803
-0.0796172743759058 -0.0129251131136081 -0.294302220352182 0.0601338452149972
-0.0766323504097262 -0.00133471464659451 -0.278897572289618 0.108309995603182
-0.0809312784575873 -0.0111735349421541 -0.267782490875554 0.0748244945465488
-0.0643176291709492 -0.0513627433514011 -0.242621028689211 -0.0139791130385752
-0.0212426174539591 -0.073305628493687 -0.168777806475318 -0.110785379056898
0.0199040083538548 -0.0650394329336574 -0.0423463885420671 -0.118980801889427
0.0468168534635216 -0.0470736525197393 0.0233134945867684 -0.0616202396351166
0.0868364398332463 -0.00934629864931235 -0.0767438691680536 -0.0116070036168824
0.135312558793409 0.0298605119241396 -0.259166388158587 -0.195160469201221
0.0335732105599461 0.0740584040056157 0.323117504990897 0.193134803656066
0.0615424689978107 0.0362000347125457 0.168059237682244 -0.0118390700711282
0.0530526571101609 -0.0459671203967965 -0.0243421513572346 0.0399233305303441
-0.0224532646983213 -0.0809366939446054 0.00728778269518841 0.12454501761792
-0.0652083246774822 -0.0208902685126182 0.140543675728078 0.152182813299704
-0.0588579041446176 0.0230950741634606 0.265695291478607 0.0571116591753669
-0.0411806438293137 0.0552689789340492 0.296423365233381 -0.0638373496071456
-0.0394601709100636 0.0617466984808877 0.297484161715046 -0.107536726501653
-0.0482881867843266 0.0532219439946267 0.304149559911572 -0.0780754941451367
-0.066752401883854 0.0151041480874744 0.27096602294279 0.023972023715617
-0.067092678387883 -0.0313890047468008 0.169254444594843 0.104869309094067
-0.0100707317386196 -0.101120582500348 0.0700913296485354 0.0527799858500732
0.0791129634075459 -0.0447936604719717 0.130357558500081 0.00670597987364191
0.0544248398162683 0.0588698945127873 0.323099477938277 0.0983596321191893
0.000905877016478516 0.0747162455181769 0.420794330572148 0.422276616023048
0.184525200273026 0.155559652356164 0.277216391636603 0.181824936157897
0.209588240757964 0.0483247950495547 0.152558563450007 0.00286076664471463
0.156213186149787 -0.13771474742208 -0.00790939795056383 0.052780716898333
-0.0190969200818414 -0.226272911389878 0.00935562146868128 0.121862923061257
-0.140964365886714 -0.11751503369666 0.121325056935991 0.140212749249809
-0.165334760259338 -0.0112920678055853 0.232891694531395 0.0618691728409686
-0.159202116199627 0.0852148407030633 0.255792753374683 -0.0413901886275067
-0.151387278692061 0.112555481054941 0.25440614799845 -0.0766821565309845
-0.170661621439379 0.0929317940100104 0.255164305042634 -0.058735974637927
-0.19448932911985 -0.0141552640568065 0.224881843159706 0.031095211456932
-0.161241313053669 -0.124357653692717 0.129403093296435 0.0917138891580159
-0.0266330292612962 -0.2727745513933 0.0500987616041851 0.0257250247499262
0.193540187538037 -0.180412067800922 0.142899979102232 -0.0151736172181498
0.246058991239378 0.0646010503543577 0.321726831167764 0.0535908630263867
0.192264475245702 0.184735914530567 0.400891025456331 0.342797766426547
0.316999946909621 0.223229144164115 0.191530569817357 0.123471053524615
0.35150021446312 0.0549244821755642 0.103826176366044 0.00534052139555623
0.255850175242507 -0.228027776730142 0.00241263706165332 0.0713164374144486
-0.0135083207790838 -0.362935531692004 0.017823348693008 0.114838273495418
-0.206958131895983 -0.209752526177394 0.0971092932251127 0.108001416390697
-0.25611944270824 -0.05025335664356 0.171626354333396 0.0523521147966779
-0.260341470612247 0.0992715786364663 0.176359416178097 -0.0161172737379229
-0.241422442689725 0.147297781600748 0.171852186217764 -0.0337343402946022
-0.264904483328331 0.121759227600774 0.168044416655017 -0.0275732028029145
-0.293764852253162 -0.0327493666989928 0.143067645176306 0.0360483860534088
-0.24117181828934 -0.191499310907998 0.066236567778796 0.0665798951593745
-0.0597718707184224 -0.406987059696609 0.0193594825169296 -0.0078120799008856
0.265625904136275 -0.305974466715651 0.13625692085974 -0.0414708521651756
0.399880067423924 0.0406743998326533 0.278358516218787 0.00373277179760684
0.358086313434048 0.254025743114191 0.318407636683458 0.225524858547635
0.413184222896944 0.261224140923702 0.0683894152428046 0.023194559688268
0.465432634107164 0.045722262601203 0.0164383665769835 -0.00686614370593477
0.331266087764568 -0.307621096423153 -0.000178399574230951 0.0884746047854595
-0.0152558856968232 -0.469383002321717 0.0249526781404562 0.0968429808163077
-0.255197338712918 -0.277644328235242 0.058459400898539 0.0553041547278048
-0.316469925298544 -0.0825243337626553 0.0813334496389238 0.0303520101533262
-0.324229707132384 0.099018978485514 0.0663216813812237 0.0092210637757733
-0.294154465861823 0.159372312301212 0.0634688419546614 0.0139536193159285
-0.315515160836064 0.133762306857714 0.0565427350802022 0.010215000810635
-0.345892087508218 -0.0440025466941785 0.0375190778023307 0.0415720044311634
-0.285400563109881 -0.225531185372608 -0.0144470407812634 0.0351994134495499
-0.0885745296601909 -0.475225186164355 -0.0219412843897251 -0.0432635451708604
0.287417135935954 -0.385312468810393 0.11072535093427 -0.0626819710281621
0.480124346138445 0.00494442208261434 0.196445686735297 -0.0316537248889262
0.462188232790186 0.274565580620389 0.18638599583437 0.0962644070483944
0.452508341411911 0.259111345755043 -0.0785090778158425 -0.10437935896937
0.512743060293748 0.0223134738091828 -0.0998562444580242 -0.0318395614647259
0.356033003031526 -0.346696541820645 -0.0168277261218147 0.0925778728131427
-0.0207430877712681 -0.504904563410042 0.0228969645777624 0.0614845358775602
-0.264924302682668 -0.29985824338355 0.00408362858386747 -0.00972204036790383
-0.327694851378868 -0.100237605819547 -0.028983060361346 0.00131473609596679
-0.33874505956017 0.085709582503438 -0.0585653634662012 0.0318592188944688
-0.30304971523243 0.147126245547581 -0.0550411617565308 0.0598035745055026
-0.318284211086139 0.120964846221827 -0.0598301941610702 0.0485161871648511
-0.338141970461369 -0.0537885073589219 -0.0726105841950612 0.045535480606682
-0.274129131671384 -0.227823524308311 -0.0968476960322174 0.00161592214307893
-0.0884178840930957 -0.457887976715401 -0.0594585368968591 -0.0749120829952817
0.264598344905423 -0.382305440987108 0.0775078451173083 -0.0748317637335773
0.472137433023215 -0.0163039761148381 0.0986911156326033 -0.0454098784468725
0.479407753700512 0.255654991490665 0.0314495307015715 -0.0215842734550542
0.420323748012279 0.209634363058722 -0.225821917698118 -0.235638402648131
0.46591130924995 -0.00289857887058041 -0.221479903642441 -0.0655446598942961
0.312305970829315 -0.318851660300748 -0.0445609094110952 0.0780397220970991
-0.0201786737325523 -0.439504671316033 0.00751431779089833 0.0155995022570406
-0.223389381157207 -0.263992988092056 -0.05697788067615 -0.0715418859197794
-0.281263030516669 -0.097603368272658 -0.139695618104262 -0.0270192014441875
-0.298570719296685 0.061690169023305 -0.176377480848368 0.0500778957818293
-0.265945411046581 0.112984308834565 -0.164638740986369 0.0956168122228939
-0.274012179444179 0.0871247269599784 -0.164389250604539 0.0754432570785481
-0.278611418948858 -0.0624365084117997 -0.167076336405796 0.0398489595728651
-0.209570664358961 -0.199201863323997 -0.157926686791726 -0.0372234500131115
-0.053432812766721 -0.362741213069921 -0.0784004545318224 -0.100914986798149
0.212612623966105 -0.297800342450911 0.0500746791091648 -0.0778689945922438
0.382121659301049 -0.0139946767715622 0.0127214193629663 -0.0406480581224871
0.417631966288119 0.203275205398263 -0.111618983971288 -0.116491609959685
0.319323687622842 0.121280770233053 -0.346941066173728 -0.345547450355836
0.327437987978395 -0.0281946521806179 -0.319336681938763 -0.098150257954789
0.203832535770692 -0.227528568537381 -0.0752025292919231 0.0511612444019797
-0.0173091319274899 -0.286370868733473 -0.0147742376076371 -0.0253710878476827
-0.138306050183143 -0.176326310867224 -0.107953044952074 -0.112993737479164
-0.184120003470993 -0.0766889934507694 -0.225899312139645 -0.0462035540743508
-0.208516565749012 0.0281069213632085 -0.26542583981913 0.0629121023940966
-0.188028161879937 0.0614437689066136 -0.250449957999675 0.118039283379958
-0.19310629188757 0.040416283102673 -0.242651483076745 0.0882755540444938
-0.182800349244998 -0.0637604559843344 -0.230431644494069 0.019165056222219
-0.118148878981507 -0.147016891302289 -0.185327685346057 -0.0783204654113122
-0.00937040185976526 -0.222349245023571 -0.0714230580568113 -0.118853078134237
0.137123608297028 -0.173072841502337 0.034072006343968 -0.0748246165320048
0.24330187669743 -0.0065133244089513 -0.0474643675465191 -0.0271994787600384
0.295312701022752 0.124108272656666 -0.220222523593339 -0.177576740411756
0.163831068563401 0.0131767497419283 -0.421914240352801 -0.411080850103061
0.133040602672379 -0.0488712580890481 -0.382221668737417 -0.117569202845197
0.0610185126538963 -0.101048467223203 -0.105071738572573 0.0277675230446236
-0.0132620163945523 -0.090325256694887 -0.0373803649823986 -0.046294409915964
-0.0310886912301587 -0.0638115980669751 -0.1368811310572 -0.124904670986761
-0.0580592456151993 -0.0463648631971338 -0.271976707989114 -0.0514979179194391
-0.0849439517744806 -0.0120221964237025 -0.313581919944254 0.0704556508999151
-0.0815749806815738 0.0014817641153663 -0.296898707399193 0.122708695815174
-0.0864112123926249 -0.00933143499689357 -0.286613381794932 0.0835482156702905
-0.0701949373001485 -0.0526583790638566 -0.258248808046769 -0.0116503594082223
-0.0257907253955939 -0.0765466167673168 -0.180729823589095 -0.116064353440464
0.0188862366021576 -0.0701000519610071 -0.0468878092044036 -0.126733009480229
0.047558080850016 -0.0512414730970587 0.0246019854466875 -0.0665581411725466
0.0915531807893415 -0.0119469659463646 -0.0815901158930555 -0.0117822372851356
0.144882953665626 0.0300506262106001 -0.283895380855597 -0.204138080219529
0.0262526509631383 0.0796101775685799 0.304782822909754 0.258591624647339
0.0561892285974798 0.0466601346648223 0.180671649556602 0.0181515730563646
0.0634606956838511 -0.0351919948823716 -0.0280394173339854 0.0346185018930916
-0.00661190909792007 -0.085266384241338 -0.0131814730492497 0.125602987834084
-0.0595337719777499 -0.0352568029355127 0.119111534684253 0.182597991692123
-0.0627957514726031 0.0115662326846352 0.268254671878411 0.103618561058783
-0.0510923207397986 0.0487919133287704 0.322144039854358 -0.0180719068739404
-0.051696708189544 0.0536191674186996 0.333626281307187 -0.0640980659208545
-0.0605566936140211 0.0463380854106389 0.335483177101104 -0.0354248500176517
-0.071474306947275 0.0022759430063756 0.283072418718201 0.0673150997146963
-0.0621007165692835 -0.04648592271164 0.162446108209187 0.137684852491781
0.00779829281586516 -0.10755834369535 0.0666563846789039 0.072567681065585
0.0942448279650314 -0.0294662432023371 0.132976935892288 0.0291672402952534
0.050011261692542 0.077125299457284 0.316200131433116 0.155472134755704
-0.00918066670901207 0.0844016047512616 0.367849341495317 0.518153445907196
0.165223036106935 0.191585110679387 0.265522767144685 0.24330797527384
0.205836880101558 0.0856717498421819 0.166493083567054 0.0305422590586075
0.18496308497345 -0.110980384514969 -0.00646283723475935 0.0453411433898429
0.0199051821779016 -0.232631341211983 -0.00641638576932738 0.114535835440654
-0.121135331218616 -0.147714847373566 0.0960147444165657 0.162063748735625
-0.168385751874838 -0.0431413860569113 0.23093940437654 0.101508949623668
-0.178673403211881 0.0597108114100323 0.27232593063346 -0.00238412730586873
-0.178747516416513 0.0847443659131098 0.282167855235773 -0.0388660705389073
-0.195130781118294 0.0645503415768461 0.281879050695141 -0.0231535747720618
-0.200931814807152 -0.051788191155125 0.237193478422697 0.0661086564013267
-0.142155249351214 -0.164352668591088 0.126475938640517 0.122011305010827
0.0204211629313191 -0.291761267418758 0.0543450888448614 0.0503977735483935
0.242459792874666 -0.1477301969108 0.147302202552819 0.00997684238324633
0.251695697008016 0.121242791043338 0.313230247777334 0.105402499080065
0.174146279830521 0.241573866734829 0.35255131653204 0.420062469875944
0.286102658425556 0.286410462248092 0.190341649206343 0.172198406309453
0.35066891773164 0.11749857441815 0.11972480396771 0.0256212694090816
0.302545047821706 -0.185033944986926 0.00801709443045685 0.0612724114312797
0.0460183126221594 -0.372252070442676 0.00826127267051764 0.100743622482862
-0.173773158772535 -0.254485753208835 0.0707950749519479 0.119813321082963
-0.257692501447689 -0.099577448786462 0.16546859251717 0.0801607645738525
-0.285052338361741 0.0574801066595398 0.181477400544245 0.0102215073182974
-0.278281525637825 0.10391887692859 0.187805307986143 -0.00674293534170628
-0.298399191861567 0.0777256682514204 0.184617108647617 -0.00614933540484777
-0.301819837072193 -0.0897373803718095 0.151632512538571 0.0575810566431124
-0.213398210973365 -0.252435980021937 0.0672024048107082 0.0880290584483492
0.00923142347820196 -0.439927448249784 0.0319997648788567 0.0158013246474435
0.344057960267488 -0.264484570433689 0.142596069321228 -0.0157020860487568
0.417678240725849 0.12634476013769 0.269068717102828 0.0469381436855972
0.336869932080511 0.349410548450934 0.27992680959178 0.275200986701922
0.375678180099185 0.344885623863402 0.0836326017929258 0.0498797579440537
0.468147703491923 0.128875170748226 0.0336124475394708 -0.00195326360718594
0.393988314479754 -0.252609222762777 0.00755782660166704 0.07388157702568
0.0599031854157148 -0.48135728846469 0.0222523025632336 0.0767231899895688
-0.213060752031929 -0.332789090593186 0.0357174508940362 0.0551982472221676
-0.315431321417185 -0.143773539832449 0.0724331602026614 0.0408511938114679
-0.351573024731156 0.046351444050476 0.0592519833026354 0.0179108905283511
-0.33677719415087 0.107630251758834 0.0645647885089362 0.0256821887702024
-0.35362979138648 0.080572712593793 0.0609738322880511 0.0158257012158221
-0.354450683048823 -0.110164226887199 0.0414376935042111 0.04589967379725
-0.253764201220461 -0.297213586996565 -0.0108422690757145 0.04421211062195
-0.0104390494043988 -0.517500035615493 -0.00217901647212455 -0.024207953798392
0.382134731421745 -0.343175163926368 0.11963658447461 -0.0418398391377639
0.509895101604992 0.103376996343442 0.186872216380431 -0.00332179517376929
0.442834427035427 0.392635757032431 0.158477616011837 0.111631550805319
0.412174914303007 0.348152961038644 -0.0453909007450569 -0.106836194991147
0.521780145905369 0.116432905967432 -0.0837273666661369 -0.0479182446814301
0.427299329439198 -0.289756452950333 -0.00879420417945489 0.0735374861001064
0.0604449953911127 -0.518871613076197 0.025809150277404 0.0375015606408948
-0.221305131782239 -0.357382189716003 -0.0112720576876195 -0.0229951589570187
-0.325831817402729 -0.163397908801117 -0.0392351849699726 -0.00765438489687049
-0.364579085130008 0.0309322196242107 -0.0770144209617579 0.0208426294459891
-0.34429628947686 0.0939606080706447 -0.0683126126185848 0.0547501112499116
-0.353036526193559 0.067471965754431 -0.0686808572073963 0.0370761627448628
-0.346614804343174 -0.118876310765873 -0.0757163345648202 0.0322422582167131
-0.242679998285637 -0.296895486999161 -0.0915682151368136 -0.00390415061632894
-0.0123971624733986 -0.499659163106994 -0.0364091395285714 -0.0652447200467739
0.357903286419039 -0.343775551337266 0.0872538987770056 -0.0600826790218132
0.502240348438391 0.0780908501513197 0.0877491475929282 -0.0329418429211758
0.463384941980155 0.373737697167469 0.0162172698865565 -0.0402798149016974
0.386169727462792 0.295118751666239 -0.177193528638859 -0.269611154691264
0.47733242085229 0.0834953262275209 -0.20718178251367 -0.104174609137272
0.377035477984115 -0.26785304381543 -0.0380825576935177 0.0553346548577476
0.0487852202758048 -0.452665680846575 0.0164363259980771 -0.00956319234825289
-0.186691551195016 -0.312089146528197 -0.062293652037557 -0.0972128082444377
-0.279735340953119 -0.151749516824771 -0.15041682892281 -0.0557163760852036
-0.319244843613528 0.0128618119920279 -0.203219109391877 0.0206719450345718
-0.299678209227066 0.0668780674223985 -0.190460200681858 0.0745664274317788
-0.300808984733833 0.0398027108618424 -0.184362290157895 0.0504886780092745
-0.282201448420492 -0.116849181429125 -0.174697249576958 0.0112437628852763
-0.180958651739645 -0.25437888664866 -0.151642976336549 -0.0557803459758707
0.00715233471509467 -0.393953253902943 -0.0551383706314182 -0.10059510016301
0.284726553865111 -0.266567348240651 0.0605104788208375 -0.0700774847180698
0.40488385489231 0.0614086241157274 0.00166408398409905 -0.0425239068435595
0.405536484381532 0.303677546407638 -0.115800670625911 -0.161651130716826
0.295753209838554 0.185713123934703 -0.287399253012378 -0.408461759002552
0.339751859977084 0.0333213027580562 -0.309741845384444 -0.156480319962095
0.249928124686916 -0.194393945617466 -0.0732380761370202 0.0272809690048768
0.0261053598236963 -0.295976573496982 -0.00377720560719278 -0.0472546129061202
-0.114462221411324 -0.206821521872417 -0.104105243198685 -0.144935891442225
-0.182414616472051 -0.112280857485716 -0.23546012168039 -0.0887968392953068
-0.220929401661795 -0.00645556190750246 -0.298675012689743 0.0204755671678564
-0.208499400970686 0.0296364370920154 -0.284289730859048 0.083743145986771
-0.208008014792103 0.00660658964987824 -0.270583532146119 0.0522286125267346
-0.18116757822545 -0.100345997965603 -0.24045410656222 -0.0193177113054174
-0.0954387388288544 -0.180444926625315 -0.177039416806703 -0.104990454660927
0.0282720827019462 -0.237953859500834 -0.0501338009410401 -0.124641640168861
0.179608250093095 -0.151459150262181 0.0441762736173581 -0.0711010927335258
0.256609420180592 0.0409433359245073 -0.0556504950696834 -0.0378612854483571
0.289735548650222 0.194548837262716 -0.214035928645332 -0.240010256262291
0.153973050270726 0.0455004648685258 -0.359398559952294 -0.494313860953497
0.142819078462207 -0.0218772170686286 -0.378753880402665 -0.188064498569798
0.0800097943217309 -0.0918483074978623 -0.109717213534989 0.00560833341113249
-0.00215738817907575 -0.0941480679432231 -0.0287096037119196 -0.0608096674982466
-0.0241692630589231 -0.0701123993727867 -0.125761487144588 -0.157250849035265
-0.0553889062332033 -0.0572903541339002 -0.279678094290852 -0.100464815453679
-0.0862529589212275 -0.0260776677563191 -0.345874215369799 0.0213155102455318
-0.086695239341938 -0.011829550265484 -0.335178859093224 0.0820169368355366
-0.08779249030885 -0.0248088405394634 -0.317023707984706 0.04149264058518
-0.0652156655833838 -0.0672589517386775 -0.269251919669218 -0.0544535336426952
-0.0135742202417132 -0.0863041214137224 -0.169126402582078 -0.147004644271756
0.0317135570286076 -0.0720911807985038 -0.0272126594356776 -0.136368704473476
0.0599560771052309 -0.0436359451694775 0.0354601291154739 -0.0657050625734569
0.0972512001896024 0.00403280860320167 -0.0867089057460226 -0.0277873761509048
0.146241742171578 0.0610259293329125 -0.270253787458576 -0.270713135824146
0.0306677669595185 0.0787355689152985 0.334275069187006 0.238331373566488
0.0606910098446627 0.0450262587297988 0.186611911621739 0.00485723945301324
0.0620516493790881 -0.0400327802859003 -0.0259780712336983 0.037526199960609
-0.012486933795573 -0.0863307712842368 -0.0042212927843581 0.128156972602721
-0.0631057283914727 -0.0307940356389804 0.135856590674915 0.176318460264666
-0.0628908583810997 0.0173674691237943 0.280939578770921 0.0848497472620414
-0.0487077762490636 0.0539437374726041 0.325494717074712 -0.0434522990648216
-0.047737467623408 0.0581284470720721 0.334412411215458 -0.0946660280482503
-0.0578979983645179 0.0511078176021583 0.338476821583754 -0.0631875630817414
-0.0730848541873502 0.00768493193110578 0.293906531846778 0.0463613505996493
-0.0659604179804241 -0.0425392938914832 0.176295793356869 0.126856648697855
-0.000818834242624342 -0.110165144906905 0.0722375653010162 0.0681849586258794
0.0934546706453329 -0.0382651946130855 0.13725466973027 0.0198661367945184
0.0577263430885762 0.0749549735248323 0.333382759457852 0.133764604682228
-0.00358720597023868 0.0861097752532423 0.416570772349425 0.496065766871281
0.180692863980971 0.181076465120956 0.293225901010695 0.225454042947333
0.215468204020535 0.0722771573325407 0.173112489041178 0.018918771036684
0.178063795631439 -0.126789118561761 -0.00223164840568081 0.0462858655358382
0.000964531963882903 -0.238121697686716 0.00272776432843583 0.116115393422905
-0.135981801039138 -0.140238101565782 0.110161349585338 0.158024181991479
-0.17454438702135 -0.0292771347018657 0.242290176381881 0.0849949320080723
-0.176710418727576 0.0751380466562029 0.277219462476847 -0.0228265535724589
-0.17282482888806 0.101582336810863 0.285075588812442 -0.0636671994409382
-0.192877708800644 0.08104830382944 0.285235112581367 -0.0457990464789634
-0.209373346288938 -0.037128595695882 0.247231321618815 0.0487560126881152
-0.157187583222912 -0.155809774377576 0.138657638699655 0.114068507510864
-0.00332661450546867 -0.298794043812102 0.0581345471564203 0.0465720194401227
0.233543357553812 -0.170297686595649 0.151094195322356 -0.00241989014115269
0.267242904020675 0.104990853840793 0.326193763915049 0.0825391475465077
0.195006462630454 0.230832850586242 0.393132713785686 0.399236998522562
0.311918883495748 0.26679798935351 0.211227695568231 0.159253419188282
0.365516106329647 0.0928975180623199 0.125158018040556 0.0170252384531835
0.290306262319122 -0.210726298483588 0.0140627820451727 0.0609421369840077
0.013922336656604 -0.380982890391242 0.0166963204660311 0.10179132197094
-0.199330216470996 -0.244561479266201 0.0817309280941841 0.117616593768514
-0.270484184031734 -0.0788137016699273 0.174150177434809 0.0685057935184682
-0.284660397160042 0.0820028590458778 0.187073829723186 -0.00265263229333371
-0.272792099106187 0.129271144616707 0.191587239933288 -0.0226357956435476
-0.296586752707933 0.103386022456867 0.187808076727985 -0.0196800563774224
-0.315378750170917 -0.0671160078087387 0.160367262016084 0.0467207873623922
-0.236803284196744 -0.239374231655246 0.0759564702914748 0.0853864597774635
-0.0275657287050732 -0.448041181983773 0.0316713036803894 0.0131469295498109
0.327098071598724 -0.296403343398252 0.145569502896353 -0.0300864624286354
0.437019548673451 0.0967170377694166 0.276134138028737 0.0251559977462629
0.369489568815616 0.327142978851699 0.30652526600714 0.258122460156011
0.40699864762809 0.319176059580313 0.092772531910508 0.0444573564047284
0.486587963098004 0.0938064610459788 0.0354038588792105 -0.00344740400053448
0.377325771080827 -0.288986209538683 0.0153855445230129 0.073948764353252
0.0177897731788308 -0.494383268960584 0.0299175751068727 0.076996135308156
-0.246944694949399 -0.320661754805091 0.0419035354983205 0.0545535904254824
-0.334200725875123 -0.118893777112836 0.0770144088562589 0.0359839116975221
-0.35412098421312 0.0762800098454003 0.064308112855957 0.0159473256785489
-0.330991636756658 0.138299851038999 0.0692738607524283 0.0213273198871809
-0.351769135419547 0.11129847775679 0.0634765654076478 0.0127703869205475
-0.370502591957611 -0.0834261193048328 0.0468103113727178 0.0434884969707139
-0.282093352757885 -0.281914161271843 -0.00644752473172876 0.0472058292655885
-0.0544865910962374 -0.52639603085109 -0.00639249963936869 -0.0255299101213461
0.35903585290753 -0.378917529563426 0.120648586495908 -0.0547957369496921
0.527700271573876 0.0669667506579456 0.188273189477797 -0.0197728277929654
0.478871581688393 0.36351046902862 0.169326022529184 0.102274166737382
0.445734897235151 0.321988377122359 -0.052631318889128 -0.104445134316877
0.5408474127847 0.0761078504180506 -0.0881397276024374 -0.0414463383288447
0.408926380016967 -0.328411574243045 -0.00161702471423299 0.0751413684337038
0.0140527966592739 -0.533586666458997 0.0311511076474561 0.0370105953772696
-0.257416278585095 -0.345163159149685 -0.0128802275567491 -0.0211123340360366
-0.347168970239288 -0.137956772256 -0.0409958587869223 -0.0051337459560154
-0.368103251818769 0.0611816135623719 -0.0737973619161564 0.0304789312657094
-0.339468661266665 0.126311435392689 -0.0631718684398298 0.0618379596031845
-0.352457999227849 0.0983719068277399 -0.0671539213733274 0.0458306075248777
-0.362786406585987 -0.0928487131904716 -0.0729815265714428 0.0390977838952498
-0.270266307474738 -0.282335522134532 -0.0920500263679295 0.00419024430420672
-0.0560165954719004 -0.507651065251329 -0.0447021481422149 -0.0639879489536532
0.333415787926316 -0.377701331593154 0.0861522722573968 -0.0714292695015796
0.518304787231736 0.0427155053064061 0.0853681801018918 -0.0427775571856885
0.499687539549875 0.342676895115546 0.0106575274606717 -0.0408714013450104
0.415399697055103 0.26856013970181 -0.20092704052926 -0.259350346586102
0.493074675264357 0.0452320287473963 -0.21942963235624 -0.0891633849887177
0.360416773238845 -0.304728516697424 -0.0320184173290641 0.0593288865932274
0.00820671427591626 -0.46435871069272 0.0176923315259806 -0.00999019952638153
-0.218113853373658 -0.303415784038025 -0.0708953888416333 -0.0926629279249147
-0.29837350284651 -0.13140353332844 -0.157548169927364 -0.0450408129107361
-0.323481714299257 0.0391481181083914 -0.202961323469075 0.0400229866092449
-0.296346711538631 0.094874222175177 -0.186603360441177 0.0932521148167029
-0.301999634986885 0.0668593023581539 -0.184044028024252 0.0688282724431051
-0.297094947295663 -0.0958519723491411 -0.176032644520688 0.0257976855838754
-0.205418587917296 -0.243726241312401 -0.156820685159995 -0.0434417464737542
-0.0274828702582346 -0.400441607880633 -0.0657735361893541 -0.0982038262245861
0.265011446057219 -0.292676076096921 0.0573749651764388 -0.0792022558388023
0.417459353006449 0.0322247502002408 -0.0025481072486183 -0.0456830040408858
0.434465773155401 0.277017086310417 -0.133272365378763 -0.154103054805882
0.315913733130428 0.165968619239906 -0.32564319611588 -0.391395413588055
0.349841142801355 0.00550341842680971 -0.328619965207766 -0.133925976239483
0.237150447339847 -0.219721310432504 -0.0703498744741741 0.0339122924040045
-0.00082560300889324 -0.303174162032707 -0.00603785009892932 -0.0470807550217789
-0.135939084135597 -0.201422798921024 -0.11738671757957 -0.139425071494506
-0.19670254884357 -0.0989219447939181 -0.247342411677201 -0.0725779165006434
-0.225070040452559 0.0116841566076978 -0.30078192611994 0.0465506986774195
-0.207922883469481 0.0495955576710794 -0.281824862968196 0.109913650782952
-0.209664029717518 0.0250304103351414 -0.271482325916823 0.0768023117245688
-0.193413950813598 -0.0865162582633563 -0.245645258708901 -0.000405795811553674
-0.112400763094171 -0.174647595752996 -0.186609228788965 -0.0924448897932377
0.00824371445782269 -0.243809554288816 -0.0615541313801269 -0.123302002757809
0.168379393078432 -0.167279783955633 0.0408127858599895 -0.0783601629794786
0.264246755511594 0.0223622178136834 -0.06022446199734 -0.0363459932216103
0.308450880605979 0.173477893573837 -0.24094535567502 -0.224999055203381
0.160805717733145 0.0344607476520282 -0.40755258088195 -0.473570670761822
0.144972122621775 -0.0343372917760848 -0.401422904208863 -0.160464976527165
0.0733905645189648 -0.100398044804997 -0.10954246869005 0.013778238853493
-0.0117189982487275 -0.0955828295131741 -0.0329725272826934 -0.0598547544047756
-0.031638819347642 -0.0697894255278123 -0.140625444295998 -0.150361778644697
-0.0623676077954932 -0.0535403590199921 -0.293856899136537 -0.0806203771479263
-0.0899595216971898 -0.0193652663929909 -0.350635608289581 0.0509056544104343
-0.0874517220403794 -0.00334521172447462 -0.334368451973468 0.112038482459914
-0.0901849611226781 -0.0168668171018317 -0.31959115755936 0.0684756909110389
-0.0716102337190438 -0.0620139168437061 -0.278020662615729 -0.0351688734609667
-0.0215251225316442 -0.0856432316490463 -0.18261929343258 -0.136006690609498
0.0250582217902073 -0.0752442313355383 -0.038343649238318 -0.137109076062146
0.0565397615226769 -0.0488599388281938 0.0309932479166391 -0.0713987234086314
0.0982499736661257 -0.00314114982706452 -0.0898875053771865 -0.0232183339312687
0.153269720657928 0.0503955611005521 -0.299729879319965 -0.252302143427143
0.0332230444394791 0.0758985491683536 0.34566574383504 0.21220947854862
0.0619834676763977 0.0426503206765481 0.184783554805457 -0.00654240338510275
0.0586339395407482 -0.0422184047729996 -0.0234863684546069 0.0380689535050598
-0.0168894102344596 -0.0838808865986857 0.00250294126390069 0.124626044763985
-0.0635932541095253 -0.0263785181945483 0.143692442976728 0.164629702662417
-0.0603467692136299 0.0215236382062462 0.281953171147771 0.0673128307019657
-0.0446721970121885 0.0558626771150241 0.317116180795776 -0.0621826745707706
-0.0435922162661407 0.0599535011431003 0.32224254322048 -0.11425953579727
-0.0541539741093817 0.0532945606018213 0.330060493921056 -0.0825760246378618
-0.0715349829722648 0.0109047980028353 0.291930191405836 0.0289654537321579
-0.0662369171344305 -0.0385240198576064 0.180018819012384 0.114052089387734
-0.00757274960351248 -0.107653057230481 0.0751345836427076 0.0630318664950861
0.0888614725039406 -0.0435372970095155 0.136223055312876 0.0117015478409927
0.0617485312847086 0.0701871014947724 0.334097949694597 0.112872204906964
0.000845928185214444 0.084080950372297 0.437744322354155 0.462949866253197
0.185414915640924 0.167272420573548 0.303482917520211 0.201875803971477
0.215572730293959 0.0600519987416239 0.173101645304988 0.00788635860759485
0.165992163955459 -0.133479441113165 0.00093123064946121 0.0449521472414401
-0.0148731220657352 -0.233044763426201 0.0094260671739843 0.112674573220394
-0.142304393036 -0.129324400426199 0.118179359578082 0.148780424618234
-0.173010342092266 -0.0172635619797252 0.242940795172515 0.069896346728875
-0.168488562656866 0.0843199082057851 0.271713454376736 -0.0384594065174122
-0.16235141542343 0.109894536898427 0.276842511784111 -0.080641919138708
-0.18490859009828 0.0915824932838119 0.278017930350131 -0.0618941275664401
-0.208559233316452 -0.0242487534763603 0.247115526383162 0.0333737514436523
-0.163085121010887 -0.144546488001008 0.143510058314289 0.104393838577199
-0.0221894701403625 -0.293124045023307 0.0587219881790539 0.0421941517239644
0.218135910507565 -0.180322215733657 0.148457880557248 -0.0121763673541382
0.27009085723483 0.088665054439469 0.322896021864825 0.0622737682697159
0.203714771359857 0.214356663604927 0.409322218131078 0.368123046310154
0.319593856190953 0.243378402360744 0.21990135007612 0.142141971306131
0.36362956174301 0.070168124436055 0.126197144466675 0.00923757124073406
0.269649493004592 -0.222702944050902 0.0186484270765107 0.0576513142306704
-0.0115420707228831 -0.374506958722512 0.0230958102406926 0.0979339416003239
-0.211870026014461 -0.226915874720112 0.0879149110242822 0.111469428829073
-0.27016717218921 -0.0600547862458442 0.175379460581837 0.0570643059006328
-0.274054660616835 0.0979938770801567 0.185639991951734 -0.0125589462605451
-0.257031551108652 0.144594884546437 0.187885353558936 -0.0352985673240459
-0.284630816392481 0.120086970881161 0.183994153405629 -0.0301360997751146
-0.314750663891908 -0.0472586815185387 0.161570332608029 0.0360104525678258
-0.247072313578078 -0.221005064004483 0.0811726628919143 0.0798744981400174
-0.0559697826582419 -0.439712597332112 0.03002388561129 0.0110291302343049
0.301273415515192 -0.30934712299812 0.142502918009349 -0.0406399480671162
0.436810430696744 0.0714869256027653 0.270038578627734 0.0085302805826763
0.381936297439825 0.296796545844372 0.314062320313077 0.235467091858961
0.415568148673719 0.28906117764231 0.0960794683721085 0.0373690400370103
0.484443746918416 0.0637230264248579 0.0358814855451128 -0.00562357538881298
0.349523286245562 -0.305145746704552 0.0207991683557936 0.0704709525829641
-0.0166326301162504 -0.484348877294122 0.0347109620044884 0.0734711014897143
-0.264889947734468 -0.299258793753425 0.0447218667679547 0.0522862255224522
-0.336575657897145 -0.0945736538389528 0.0777897077373235 0.0306001717071832
-0.342240512921923 0.097227603485459 0.0668754013638368 0.0136494406903126
-0.312820581159215 0.157606531537102 0.0706070034777455 0.0162448996715895
-0.338036365163741 0.1310374964574 0.0641451803352175 0.0107582409918426
-0.369991551474224 -0.0595330154945597 0.0497711753961913 0.0394164183768991
-0.294332258168044 -0.259485097547496 -0.00153006920679394 0.0473021748294703
-0.0859114466285456 -0.513052205236916 -0.0100361487389848 -0.0243191503528461
0.327664976492657 -0.391995099342869 0.116398480002769 -0.0645894433507459
0.525078613831615 0.0367164853179688 0.180991161543382 -0.0320389050291119
0.489110397731283 0.324896860245265 0.1702608019959 0.091824310474101
0.455586701387791 0.288901411429718 -0.0565012599222093 -0.0984542689260032
0.53721234275118 0.0423361500863157 -0.0878434394241016 -0.0349133989791607
0.37751917024977 -0.346874951102014 0.00458904182637096 0.0724606569670265
-0.0223921619734823 -0.522810214173479 0.0342292723692433 0.0343172646629216
-0.276617475721144 -0.3229019646691 -0.0131671989051392 -0.0191335982995488
-0.350125462294409 -0.113422307574776 -0.0403373383378496 -0.00312897623899175
-0.357176864478593 0.0830840106002319 -0.0675784265530312 0.0362786385863892
-0.322407426486103 0.146516494441838 -0.0570676996309233 0.0649893184436077
-0.339045669191252 0.118180946435221 -0.0623881646798387 0.0511569119522126
-0.36294857294907 -0.0699278641338257 -0.0689067684757667 0.0419094890731529
-0.282976419451723 -0.261041886344739 -0.0878384890754881 0.0104733278323653
-0.087521078427104 -0.494513189447237 -0.0497134937149538 -0.0604009559912503
0.301745820006748 -0.38787386770399 0.0813236002546325 -0.0792429284303059
0.512101985531114 0.013697137466619 0.0791001522771625 -0.0486718626838278
0.506916992760463 0.305376867204929 0.00588927486676539 -0.0389663431541218
0.423344988628697 0.239771064061918 -0.211026661569844 -0.241424961501136
0.487935465148093 0.0148704222412087 -0.220338478301176 -0.0741416019987248
0.333772709772723 -0.32081967552824 -0.0272067616066859 0.0590436344794546
-0.024198048864046 -0.456034688013214 0.0183394310041326 -0.0110333335042012
-0.235778709262015 -0.283913469407898 -0.074534937210749 -0.0863100757697442
-0.302663275446663 -0.109560643899497 -0.158052749967403 -0.0348985722093874
-0.314870559348215 0.0593261215098918 -0.194195876808655 0.0538027572844137
-0.281871402742682 0.113015948592859 -0.177099852161662 0.103564733269113
-0.291514411717658 0.0850839219353313 -0.17585500835461 0.0797976274825705
-0.298368664744523 -0.075760204172264 -0.17137015890187 0.0345310588818488
-0.216920162025403 -0.227264640171109 -0.15526601182762 -0.0327055359676398
-0.0527674457739422 -0.391455233891774 -0.0717485932016975 -0.0929775001606594
0.240922089382531 -0.300741031921853 0.0525970907323749 -0.0845814196805663
0.412785643542712 0.00903092975699467 -0.00643839088558415 -0.0468783201997923
0.439644891392702 0.244028128380656 -0.142960733842393 -0.140866776930204
0.319354040718744 0.144239848033626 -0.343301780314587 -0.362800354715938
0.345090692252738 -0.0155783889580167 -0.330808934309859 -0.111759497161049
0.217427155996202 -0.229798342157416 -0.0664568598523255 0.0360064056122426
-0.0225466281301098 -0.296793714129499 -0.00758749710549115 -0.045981583464947
-0.148358017088417 -0.18928887534271 -0.123425872106835 -0.129425608456291
-0.200320343929273 -0.0846614343882016 -0.248349720683986 -0.0562469583882418
-0.219896786702028 0.0258759187064626 -0.290904368921795 0.0653253908366382
-0.198478555907498 0.0623127016836313 -0.269987984008131 0.126633588287762
-0.203319959763291 0.0382279664708027 -0.262302361315934 0.0930689496204619
-0.19480189276428 -0.0732851240696274 -0.241483077314825 0.0131732585162139
-0.121438545022244 -0.164526575182682 -0.18793837423282 -0.0792925993645376
-0.0085103102037137 -0.239547669219699 -0.0682237001814891 -0.117314333325502
0.153708883839517 -0.172387282530345 0.0353839645171482 -0.0818874969282786
0.260595440976459 0.0076070923192704 -0.0621121168825433 -0.0342365972644151
0.311124437074507 0.15174813356161 -0.25218422892154 -0.204311200186654
0.160723689302173 0.0244099252238357 -0.428690456013604 -0.438604518900769
0.140919359867011 -0.0439685735917654 -0.405384975292933 -0.132738505767018
0.0650504007466449 -0.104097481488494 -0.106510140853008 0.0192619239558838
-0.0186885733829181 -0.0921419980405766 -0.0354824031867414 -0.0571857008518235
-0.0364485758356741 -0.0672425775993404 -0.147465525284354 -0.13982199083464
-0.0651994685640968 -0.0488898740464729 -0.293789710395409 -0.0625002301571025
-0.0893338767030237 -0.0130893426908119 -0.340673173762307 0.0715402259658183
-0.084982636221302 0.00281423583511753 -0.321160172088301 0.131759939769149
-0.0883839815622345 -0.00982854558348653 -0.30973300648269 0.0871835002802678
-0.0745229051741047 -0.0561723816117871 -0.275637529507416 -0.0185161039779184
-0.0271232493746339 -0.0818831166809628 -0.186140967856844 -0.123671407002481
0.0191417437065745 -0.0746279918299618 -0.0458318131768027 -0.131909363586485
0.0520427282471285 -0.0502024838890648 0.0259915350075582 -0.0727856597334312
0.0958763128229091 -0.00874513279557197 -0.0899196901012268 -0.0189945814910594
0.152944751471217 0.0406334437352336 -0.31183124486194 -0.228187668904427
0.0327862867128797 0.0736589680604179 0.345192653968937 0.196645503005852
0.0616186387622818 0.0421770539248086 0.182304497402169 -0.0112291629609644
0.0570255894857659 -0.0415099710064314 -0.0215500520578251 0.0377166426483503
-0.0183904270482309 -0.0818191390503237 0.00470433979739165 0.120785617287588
-0.0626767552072336 -0.0242395237214829 0.144517443901368 0.157821542394306
-0.0576810911237663 0.0229086553937419 0.277481599492494 0.058716002692615
-0.0424761498851944 0.0562341109289023 0.308455308618285 -0.0679432125685635
-0.0411340596399673 0.0593529140714621 0.312877910245117 -0.12131374322678
-0.0526281851656169 0.0528608536052212 0.320795836090036 -0.0896112044862067
-0.071103887287188 0.0121731650538986 0.28748060917206 0.0219240578162201
-0.0652637312502609 -0.0369308968425605 0.178303917280527 0.107406311797887
-0.00996855115721399 -0.105173585862422 0.0743698056522579 0.0598894124441462
0.0851326457917752 -0.0447487735661617 0.133538136365077 0.00898853006843341
0.0626967209070987 0.0672206503329138 0.327935156424385 0.104330654197617
0.00225667114407634 0.0816353896931021 0.439214531215434 0.440931313995812
0.1833361028325 0.158884150510072 0.304329868744466 0.187928865263595
0.212212941587491 0.0546987881884866 0.170839515316404 0.00344744332067782
0.158208731655664 -0.133058035556763 0.00215893330290137 0.0433908962706278
-0.0213986765642071 -0.226748251284007 0.0112377574911139 0.108951411322286
-0.143160519007336 -0.121900463113146 0.118847899545136 0.142746132754361
-0.168619453277215 -0.0114866130458992 0.239748703821422 0.0621654892090576
-0.162806439548605 0.0868329932257381 0.266076716335509 -0.0433305519719738
-0.155135001281047 0.112114932804037 0.269326735456918 -0.0875834099249797
-0.17887155607671 0.0935643464076297 0.271311439918231 -0.0672685253537116
-0.205451532794949 -0.01900159634434 0.2431076170048 0.0268142760005199
-0.163011308614778 -0.13773075883153 0.143349235023888 0.0989804032267895
-0.0292240792065239 -0.286390496803914 0.0568901525173559 0.0399882574414699
0.208519167565204 -0.180467244900098 0.145376462330577 -0.0169185470088346
0.267692111406326 0.0811297728121775 0.316106195979027 0.0545657936735824
0.202597204053556 0.203553976610079 0.408125028979374 0.35088238632192
0.315151689214418 0.230072869330387 0.220544002069754 0.132447550314069
0.355963631922328 0.0606784371496412 0.124931498162339 0.00575696238673747
0.255684949396152 -0.223030006085844 0.0196047701590537 0.0548739159179073
-0.0237932605439717 -0.363342630869272 0.024851089335657 0.0943608501951101
-0.214172398612488 -0.215243890616064 0.0892748759023574 0.107710553329845
-0.265524391229088 -0.0505219734913375 0.172938984484153 0.0512615810937967
-0.265247842542563 0.103085646879375 0.183814233575754 -0.0160943103446035
-0.245564753968575 0.148337103657489 0.183581159901134 -0.0402603593859964
-0.275036654020391 0.125192670946598 0.180479964965806 -0.0333858017731225
-0.310460920036681 -0.038869260187456 0.159868818815851 0.0311788360748858
-0.246631383862019 -0.211043376885779 0.0828277133188922 0.0769159264286255
-0.0661944997465923 -0.428109010276335 0.02837935082503 0.0102674074352719
0.286004173296612 -0.308108468940087 0.138785645480406 -0.0456254696054957
0.431240093268293 0.0607886545665133 0.262516372380945 0.00256357556529671
0.37416838455704 0.281176194947956 0.31285776461438 0.223754337261338
0.410866281902578 0.273148883697346 0.0967425597597298 0.033704235360716
0.473031955203625 0.0523719171039163 0.0373773461003215 -0.00678514013218764
0.331417420374342 -0.303982806219177 0.0221766511100046 0.066988352946113
-0.031525263400833 -0.471118043110212 0.0361630537357332 0.0700238220610312
-0.268019130754479 -0.284251518738505 0.0458562958751496 0.0516980143159559
-0.330716929161422 -0.0819401467080453 0.0773968594016409 0.027962197045419
-0.331740402733419 0.104283652309307 0.0687159454492809 0.01219261370784
-0.298996456450791 0.162753077125904 0.0706688317336723 0.0136368831108607
-0.325993669692476 0.137854647398708 0.0644712034261068 0.00955697055035105
-0.364628995082716 -0.0491530794620624 0.0504914559763767 0.036956901787859
-0.294595795422861 -0.246598158347247 0.00169723881102716 0.0463177914277817
-0.100158432693764 -0.49980921322907 -0.0120570862108185 -0.0232191817382219
0.308859250394544 -0.389056259415062 0.112947724153785 -0.0692293884515831
0.515770206769584 0.0249010628959948 0.174180759503289 -0.0354529815634154
0.481105923478728 0.30563954603147 0.166828204192834 0.0861427793355939
0.450861454543107 0.272364507215868 -0.055413532439139 -0.0946068848827654
0.525942127312648 0.0295135900810164 -0.0855339241108559 -0.03209182532249
0.356885124936994 -0.347534143925578 0.00634023117525257 0.0692149421745172
-0.0390143723608485 -0.508570857671712 0.035061165488419 0.0326169983412218
-0.281748108272308 -0.307388974602716 -0.0123244038315643 -0.0167914920324305
-0.345783239920703 -0.100496086274795 -0.0392978204333134 -0.00225906682082261
-0.346718777618856 0.0912998743123827 -0.06218489143155 0.0378406091956495
-0.30869114743119 0.152062350772025 -0.0525426286165503 0.0652075898866612
-0.328124158521665 0.125351896332307 -0.0578158648064717 0.0523680596418381
-0.357746896904891 -0.0588731563306602 -0.0660631029762439 0.0425499231875066
-0.283934609237358 -0.247772007128173 -0.0837446302849912 0.0120749866428831
-0.100144577791869 -0.48083442459915 -0.0517253630849786 -0.0578046790030887
0.284929251074945 -0.383413297310844 0.0785506309457248 -0.0833056670509596
0.503271068886987 0.0028752762936674 0.074178046606185 -0.0501038442225359
0.498561955501917 0.285236304458928 0.00307151081037775 -0.0363018358756554
0.419616336567728 0.22338629346199 -0.211620274856132 -0.229159234657976
0.478735300827629 0.0030149030882025 -0.216464330959633 -0.0668743276889655
0.316185884440847 -0.321442681907667 -0.0252987874204483 0.0572210459648348
-0.038265159322536 -0.443534779854679 0.0186878635040159 -0.0104996900798364
-0.240303661921969 -0.270682126689064 -0.0747058703052132 -0.0810106621889678
-0.300080801138913 -0.0982116739902523 -0.155309907200905 -0.0308679470806509
-0.305748930763548 0.0664587086419748 -0.185774149792449 0.0582791560868872
-0.269760558325192 0.118093167855686 -0.169385772692982 0.106258012304075
-0.281304971054742 0.0914442813138262 -0.169497960849618 0.0841140544560946
-0.294712070592376 -0.0668922968921414 -0.16692545574852 0.0376731202175838
-0.21879573545893 -0.216350353573754 -0.149839435269716 -0.0282578702264352
-0.0629368732177467 -0.381721376490196 -0.0741074245744332 -0.0881964682425453
0.227670137560651 -0.296585165142586 0.0496856315082095 -0.0876952564390794
0.404824617961394 0.00112467848636469 -0.00939970432563756 -0.0468340857053643
0.432648894627067 0.227877206159881 -0.145453422538205 -0.132359214657417
0.315598839138853 0.134822709936491 -0.344065431947871 -0.344529448486721
0.33792834454657 -0.0244754319919219 -0.326684598579482 -0.100644295653494
0.205316831071115 -0.230158243322299 -0.0637981145903517 0.0356747605463162
-0.0317241828269653 -0.28802195091535 -0.00735741783485659 -0.0445877302694656
-0.151324018178589 -0.181476464034905 -0.123474035023934 -0.123520233791587
-0.199325990612133 -0.0770733255104818 -0.244381612662979 -0.0499185222792419
-0.213905169769417 0.0316250262223632 -0.280952407569787 0.0729921172263798
-0.190317414198179 0.0669841986763344 -0.259862676265376 0.131432589935895
-0.196656524271228 0.0439716930571392 -0.253804451953231 0.0978101043834514
-0.193571618952359 -0.0665761701645642 -0.236937846094527 0.0181154100712756
-0.123554675225327 -0.157313222615977 -0.183530305776169 -0.0731635953309682
-0.0159304009289876 -0.233398375608875 -0.0707463849941589 -0.112605589679927
0.145278511617713 -0.170890070728641 0.0330487837539765 -0.0829853547070228
0.255649758713895 0.00197322482859094 -0.0625553952964496 -0.0333734655785942
0.306457091446065 0.141326595577794 -0.254477784826747 -0.192687176214108
0.15825406928889 0.0204168697851105 -0.42947054731156 -0.4156094440966
0.137183448286347 -0.0468051442547194 -0.400498667556007 -0.119771888699133
0.059506229035695 -0.103848786127499 -0.103505556023356 0.0201003625730122
-0.0217367510816141 -0.0885286176104649 -0.03487126133144 -0.0545849651816692
-0.0380272969133494 -0.0651453697260088 -0.147820971933425 -0.133385865387012
-0.0661374949566945 -0.0457442694811628 -0.29006307870476 -0.0541002730631232
-0.0877472822844632 -0.0101268575595362 -0.330445268125047 0.079600888431584
-0.0812790188090639 0.00551750635283552 -0.311069227102641 0.13801806001475
-0.0852149707938518 -0.00601590732422937 -0.302001437700973 0.0937692051677435
-0.0742742450157216 -0.0528031604025827 -0.27087782957309 -0.0117769573360342
-0.0290306837909267 -0.0785362153022644 -0.184394897169833 -0.117265238613283
0.0163925379169409 -0.0733627770572719 -0.0488053351712598 -0.127755908072901
0.0486699280837053 -0.050151746480427 0.0231508676821518 -0.0718935433142472
0.0932738745914718 -0.0106966761885843 -0.0884880443053246 -0.0178701033142948
0.150057208211074 0.0366203294793249 -0.312864323399572 -0.213806670928327
0.0314705489173395 0.0743742353223811 0.346352242769918 0.193637999937737
0.0623016014547685 0.0439155321432768 0.18363280693184 -0.0122868302068977
0.0575631192422205 -0.0402092367803278 -0.0218165733566362 0.0377135706425504
-0.0183453877928787 -0.0819476727168312 0.00376284325276842 0.120518490217733
-0.0628156646720844 -0.0238623851276816 0.144302237618999 0.158456795818393
-0.0564449443630897 0.0231166703713312 0.277801139956589 0.0588346284276796
-0.0423289504587245 0.0563089159150651 0.308866357209797 -0.0689990428794186
-0.0408429706459576 0.0594695260916761 0.312776254890054 -0.123849730917985
-0.0532089000979401 0.052909699679491 0.32228102378477 -0.0907609983786308
-0.0709620386310055 0.0120251209050092 0.28824555648864 0.0211912916408176
-0.0647202923220601 -0.0371360915285303 0.177778387387007 0.107378698415903
-0.0101113554952322 -0.104986909134581 0.0740260686406257 0.0596034456526196
0.0844487231271074 -0.0445975559059597 0.13385904176547 0.0086342820280395
0.0629589734615594 0.0672695276136038 0.327745650890258 0.106195479660082
0.0014940328194177 0.0808482590300437 0.440010815905977 0.439641114534242
0.182034842494849 0.158712691708 0.305691569900067 0.185087049211082
0.211447057533659 0.0564626359742756 0.172641970705767 0.00175155713852725
0.157410607642721 -0.131195789208359 0.00175289819624283 0.0428011539663593
-0.0230014172328518 -0.225042801952312 0.0106518239127058 0.108469454159619
-0.144449449775575 -0.121342655007994 0.119505389487066 0.143424665189996
-0.167996378279345 -0.0107824738182569 0.240126653478586 0.0618524700685501
-0.162514511566019 0.0879612804073484 0.268095698736571 -0.0439688802697984
-0.15331284084063 0.113357240280682 0.269518329024245 -0.0894944617881719
-0.179138785387459 0.0942006756088105 0.272330613185782 -0.068123969247891
-0.206850604364658 -0.0191055350891967 0.244630950486042 0.0261970776395245
-0.162728365346599 -0.138287607948758 0.143916314919082 0.0988323276709904
-0.0308375325187088 -0.286233914483735 0.0565705314253377 0.0400038811720594
0.207444544890256 -0.179535296692863 0.146252738719783 -0.0184606966122685
0.26923827460994 0.0815571680153303 0.313530758352334 0.0558573301038376
0.200357093123867 0.202382951580869 0.407967041501587 0.350064488140339
0.313779884716311 0.230340262707772 0.222326468993787 0.130568332521601
0.355754754934316 0.0620480802233071 0.126616522177109 0.00426492460502767
0.253806611502248 -0.220677643335771 0.0189490944276988 0.05398466394174
-0.0268924285955959 -0.360759077871917 0.0246072998932657 0.0937781693517682
-0.215763472897644 -0.213680373591436 0.0898789906729459 0.108570642326525
-0.264931943040769 -0.0488340531127714 0.173539967833187 0.0506104592280462
-0.264509775637428 0.104507289000463 0.186472241686471 -0.0167732277070639
-0.242784312445775 0.149631763501675 0.184354988966794 -0.0415697364223328
-0.274574419853541 0.125776557191436 0.18201494434316 -0.033877059083643
-0.312113134688788 -0.0374287038905705 0.16087293275504 0.0300960551135343
-0.247328354374084 -0.210372038091843 0.0842712888594982 0.0763045894914215
-0.0687707815934984 -0.427455880386762 0.0267585783403198 0.0106975453387792
0.284808952372986 -0.306286850726749 0.139350301927339 -0.048460652595337
0.43294409104026 0.062114288956113 0.260197749446918 0.00345338477862005
0.371721101510395 0.2799164719565 0.311561107236658 0.223858225071228
0.409478941829654 0.272693996402601 0.0984803851645949 0.0334631004552432
0.473290988112037 0.0522750911431376 0.038575369258911 -0.00762352905268475
0.328949262448607 -0.303460233834272 0.0215018545692197 0.0656636161993655
-0.0364850119131781 -0.467665983839674 0.0364774803728809 0.0699891721315606
-0.270340570374544 -0.28236786076588 0.0471672027940941 0.0531137355314818
-0.330651283387787 -0.081014230576204 0.0778401375123892 0.0266475208808579
-0.330574816370202 0.106618130998717 0.0719240914927508 0.0118896871538255
-0.295932364021338 0.164550725893157 0.0715648543890548 0.012415745784288
-0.325412187045398 0.139785162968687 0.0659395717046961 0.0094403564763384
-0.366999062728084 -0.0487176104428278 0.0507759818293544 0.0365769735554112
-0.29554710706941 -0.246078311527193 0.00389567501114402 0.046104748070034
-0.103975026299991 -0.499427157478954 -0.0134020732114783 -0.0228754886526765
0.308067942499123 -0.386658575255386 0.112987538530326 -0.0734295096889026
0.517685863341477 0.0257252415823776 0.172016624233479 -0.035354038611631
0.478202689808021 0.303583885455002 0.165529231349361 0.0877983302734258
0.45004285033957 0.271961205810898 -0.0540165286692239 -0.0932214120483581
0.525616451921809 0.0291536781173643 -0.0843302500107321 -0.0326495255911239
0.355653506397013 -0.346718323894758 0.00608214018094546 0.0683337614821829
-0.0436766988031535 -0.506174246613458 0.0358524753546292 0.032446445516109
-0.28415561538239 -0.30538945795365 -0.0109056474713586 -0.0148671248179645
-0.346397441284756 -0.0988082182833769 -0.0388979297478651 -0.00292612313148241
-0.346686393225174 0.0936239915833789 -0.0585684292509458 0.0379731502088485
-0.30491199350253 0.154623937404863 -0.0513852523710948 0.0649544009345362
-0.326571284463246 0.127482474466383 -0.0566038747540035 0.0531152814783861
-0.359337779218401 -0.0583530978040093 -0.0655913947981454 0.0421078517816021
-0.285362244576763 -0.247764307587989 -0.0815096955332085 0.0118635465681066
-0.103256407449525 -0.481171789723037 -0.0534824912797075 -0.0566420731785059
0.283178663743923 -0.380777796632017 0.0784074438494663 -0.087694994948269
0.505674152346664 0.0038640933889131 0.0719345309745401 -0.0503143144839436
0.495576746333134 0.283987502200769 0.000506055283379933 -0.0342712149977745
0.41865757280015 0.2238019743245 -0.210051408914939 -0.226780034560959
0.478550152220128 0.00183072984325791 -0.215853215311926 -0.0662814726128391
0.313227766487929 -0.321907729497559 -0.0250530626700544 0.0562162146727482
-0.0420378750775165 -0.441412990571049 0.0198366933352901 -0.0110469366795317
-0.242791607149075 -0.269959619187183 -0.0735165401439875 -0.079727120006022
-0.301539551696891 -0.0964994454460764 -0.155328290870475 -0.0308937654864
-0.305963583127225 0.0680781796016036 -0.183665392250049 0.0595220113911308
-0.2665932031494 0.120166504130029 -0.167994551612357 0.107242659121181
-0.279786860964341 0.0928771549637479 -0.168086461755849 0.08513782263027
-0.296458920520691 -0.0655877264232283 -0.167018634244774 0.0372316963077596
-0.219764094842088 -0.215497349678349 -0.148105091229359 -0.0290256843726023
-0.066629337736489 -0.380947352236409 -0.0751762395390437 -0.0876398169280564
0.22614339299708 -0.295600187526535 0.0495882976013184 -0.0909061633305928
0.405925614972166 0.00112513311683465 -0.0108710242410466 -0.0470455933445694
0.429591768906169 0.227417757311635 -0.14790602665695 -0.129695417647923
0.31587308180434 0.134449292298228 -0.341652388041434 -0.341818783810975
0.338155455884035 -0.024592678770084 -0.327196783791443 -0.0999462284827334
0.203669922892784 -0.230702041555108 -0.0640251710855959 0.0351979475035973
-0.0341383463175762 -0.287184018264723 -0.00643978632142203 -0.0439547163182899
-0.153241102967792 -0.181409890516437 -0.123460816917194 -0.122404878912104
-0.201048391390504 -0.0759246282473969 -0.245393606083053 -0.0496472019688787
-0.214322493615744 0.0332080658744408 -0.279262567505572 0.0742463497543354
-0.187697255909815 0.0680818331601606 -0.259105182289988 0.134113946398246
-0.19511378148316 0.0453424083286584 -0.254078212420717 0.0991486726394141
-0.19411901832554 -0.0654030217546848 -0.237758568194438 0.0183292791298262
-0.124631377656229 -0.156783886022507 -0.182118708400439 -0.0736054863278225
-0.0184556862887521 -0.232624881319656 -0.0713828475419698 -0.111828218453879
0.144677043410641 -0.169647125080073 0.0320622823292002 -0.0849718035893215
0.255615828072287 0.0022668811394877 -0.0637483509231794 -0.0340459054741394
0.304283322374855 0.140987313992626 -0.257662866674425 -0.189396828167576
0.159034416215036 0.0202783211374583 -0.428825121928207 -0.411913291110744
0.137110597394716 -0.0485212322989866 -0.401028087521434 -0.1180159107883
0.0584282322530787 -0.104449670124096 -0.103158388747141 0.0191872665233091
-0.0228946659720738 -0.0875630028216005 -0.0339475561363933 -0.0545251991562417
-0.0390304174587718 -0.065611214665912 -0.147266578708593 -0.132840747405807
-0.067484541709123 -0.045704056449538 -0.290974986523471 -0.0539902837637565
-0.0876011508004828 -0.0095829079686012 -0.330155046365427 0.0812308838158819
-0.0799935971913796 0.00585473645240659 -0.311044956512082 0.141397566305693
-0.0842369413753802 -0.00497598268570668 -0.301861401444579 0.095248775759478
-0.074279955854005 -0.0517240843022996 -0.271775815723588 -0.0117293710785993
-0.0300733994724344 -0.0778878843839442 -0.183596555543757 -0.116922298107224
0.014279085136762 -0.0729048567554142 -0.0487154893845757 -0.126959316772132
0.0485647258584973 -0.0503091299018117 0.0226685172257704 -0.0729099679786354
0.0933930727664482 -0.0105857992444623 -0.0888832371579536 -0.019025589038749
0.14990761033857 0.0363226852091512 -0.315728479154742 -0.211267555070008
0.0566919709736088 0.050644559431122 0.410931849842676 0.0311915409926222
0.0736277522968832 0.0144220694124176 0.167287772345324 -0.0950867109572789
0.038745050756282 -0.0610597401910993 -0.00438332933484098 0.0413854163916961
-0.0488662139072709 -0.0683773664538714 0.0515530364914327 0.108772825451094
-0.0679455843342372 0.000903474589205405 0.202303487320373 0.0843052636690609
-0.0432863524751933 0.0433472304870891 0.284343287272943 -0.067814540275916
-0.0150639183122338 0.0699268463081824 0.257491754150331 -0.19961738494899
-0.0162259557019591 0.0741790056534411 0.234408519847729 -0.257403181185681
-0.0273263026175727 0.0724521297862429 0.257501398261475 -0.230892018935822
-0.0618492026987644 0.0413413790767185 0.276853078226581 -0.112184171565452
-0.0764583932559934 -0.00847236797423718 0.213431846998112 0.0186553759542482
-0.0542019867808706 -0.0922348957389405 0.100848667337812 0.0190038994089351
0.0627985783086061 -0.0774863252999169 0.129716850218799 -0.0474008746588653
0.0933548612356333 0.0375528285052274 0.347663095771692 -0.0372535206719983
0.0426684879635664 0.0789054949585363 0.595886511732264 0.22106039060833
0.230949527035797 0.0699333254895869 0.375636464348879 0.0375093852816118
0.216730213335449 -0.0345370909091935 0.164309723928991 -0.0811900914777855
0.0930244538794692 -0.185333799383847 0.016066436209126 0.029584866946887
-0.114219593466028 -0.195518551506382 0.0478280667970894 0.0900376511444096
-0.183619114222609 -0.0537066305500162 0.16878646777999 0.0839110529138294
-0.161504594035482 0.0594383246962493 0.247823756086462 -0.0464323646060522
-0.112302643905907 0.150758776654755 0.227431339930909 -0.155764368166436
-0.0994926354884041 0.171699855118587 0.207779122869684 -0.20675364851082
-0.128373015560042 0.16660187460123 0.2208270747399 -0.18977575916546
-0.203965639582818 0.0713733645250101 0.23629185003016 -0.0915142299615553
-0.214571835136015 -0.0619592222600674 0.182476095422278 0.0196556804775179
-0.154137275614338 -0.25161622345708 0.0865820514650543 0.000595627115981252
0.121893260943637 -0.259199735525579 0.135083889669227 -0.0749745722350161
0.29530555025781 -0.0403677118047455 0.312791385868296 -0.0677159197439041
0.288327555498441 0.102690681225675 0.517928046366096 0.160898457402094
0.383702581047005 0.0849777106829628 0.280122435919091 0.0194820101695578
0.35200496160412 -0.0888611154775233 0.123603742310898 -0.0628828039902696
0.144102405749854 -0.307782334034405 0.0338024099675022 0.0266880233444154
-0.17522911045821 -0.315502819233121 0.0495426909173121 0.0660256141608035
-0.289050901105653 -0.10679625726968 0.121451930753552 0.0662960067632719
-0.267802135428724 0.0660507516142854 0.178496873538726 -0.0264307757794138
-0.199778637298001 0.209004178545041 0.160592276397773 -0.0918983401408714
-0.167741561101762 0.244527468308335 0.149608830640247 -0.123704870459238
-0.204502701077662 0.237952242281521 0.151092030999261 -0.117847109692164
-0.312451579773392 0.0989419864752498 0.158805552646765 -0.0525901085812639
-0.327264030173258 -0.0945154300689574 0.120210900901327 0.0196883109117106
-0.253509545814622 -0.365582750002897 0.054217489460845 -0.0211175931944351
0.141211353318175 -0.412689001365586 0.120554918125176 -0.0989149116895136
0.4399303743373 -0.132322334457881 0.240441523694754 -0.0850082178831911
0.48606023640382 0.0960890258354588 0.36653225092971 0.0936986859215558
0.491028506892565 0.0882229936227997 0.127023062345089 -0.0203915436487577
0.457298257543339 -0.145341913870266 0.0369960386712963 -0.0381958989887936
0.179248295547101 -0.413950427758753 0.0387693492397049 0.0311243557401721
-0.229317184996779 -0.407907955153963 0.0462601490552736 0.0354368109535217
-0.368980052257244 -0.146061512646758 0.0538312783733578 0.0352164909208859
-0.343214391374111 0.0661643302446908 0.0766950988391442 -0.00441635104435334
-0.260250949786938 0.239282663575021 0.0651567152078468 -0.0130796638726881
-0.211389985022506 0.280579323972961 0.0693869342185146 -0.0217842772469186
-0.24623273339401 0.272077696313585 0.0623006066146698 -0.0254916004726333
-0.368389537228309 0.113276921326326 0.0587889243160588 0.00160086862819725
-0.389585478669708 -0.106636481127164 0.0342771739538554 0.0247472637737553
-0.318109760904751 -0.417430286483496 0.0055237720361215 -0.0387217118771311
0.128489024763446 -0.499655258484288 0.0887024241111792 -0.110588029987121
0.502872999306042 -0.205675184378677 0.143314047139088 -0.0781334805327692
0.59691954784889 0.069513923897209 0.16882098434982 0.0359383694781016
0.52929572648163 0.0751834198056619 -0.0681477222166629 -0.0741741780780589
0.497870884620303 -0.187398130642082 -0.0887468221617663 -0.00830807048086426
0.186285764978366 -0.465496173913394 0.0236131008038766 0.0384141923002733
-0.252862888184316 -0.438600622673709 0.028176938018925 -0.000487230018551793
-0.392306813492048 -0.159709276845381 -0.0316140003215603 -0.00157288403835123
-0.365890563513162 0.0579043871591139 -0.0455336048206384 0.0201436243171418
-0.280639728415757 0.234869867841469 -0.0454914809053872 0.0698342995833605
-0.222528400349057 0.274333912420693 -0.0212732103798492 0.0825534364938538
-0.252433510986093 0.261295371925963 -0.0319257093124497 0.0700577989077582
-0.365730240047356 0.101959352949665 -0.0469821410791784 0.0591632664850882
-0.380997707187806 -0.110732860524095 -0.0596530078491801 0.0308778026087371
-0.311037317587789 -0.399489749987977 -0.047101845122396 -0.0519465221482886
0.106224885483157 -0.483448211825086 0.0499781912540433 -0.109782679863691
0.479913400224464 -0.220276050103734 0.0451818803499826 -0.0505391401925191
0.602884014530919 0.0422073039899386 -0.0375696795968441 -0.00496608812442332
0.482093396866109 0.0460490583706101 -0.273648814832107 -0.131772106772461
0.446695059995705 -0.191399875882743 -0.2277166464521 0.0207730373692888
0.158106275052513 -0.425941322703881 -0.00989078903734178 0.0431684172634103
-0.225389020614249 -0.381405711083943 -0.00323684003871216 -0.0320002019349967
-0.339540378810525 -0.143192880190242 -0.117164995273301 -0.0342480327476704
-0.323163227428757 0.041106462336543 -0.165947209176873 0.0451414577153664
-0.254716131614288 0.194340623110602 -0.152042614503967 0.144274721400818
-0.199395957603113 0.22582578392729 -0.110026205758259 0.174852652441168
-0.223612683548236 0.208859025922065 -0.120647844509962 0.151442431708904
-0.309388622803974 0.0671383021748391 -0.141932534786175 0.102038315309162
-0.304873989053556 -0.108812806911474 -0.140334458444327 0.0262796977598358
-0.233036263242395 -0.322662398201225 -0.0861481833884502 -0.0657614832855636
0.0885682288862546 -0.379075078209571 0.0175591580008863 -0.100839908740845
0.383996252656448 -0.179051414540181 -0.0309553450642049 -0.0173122628216188
0.514175553171968 0.0153210380209442 -0.214278127719848 -0.0325355488367219
0.349940777453135 0.00674755483979968 -0.451907718469912 -0.181249074948261
0.305411153578878 -0.158067809962849 -0.347905727103076 0.0427034353480928
0.0937618023247137 -0.296914678263673 -0.0519825258347061 0.0466263975438095
-0.153405078164237 -0.244891026139944 -0.0365756116979485 -0.0466555735320309
-0.219264825591742 -0.0987476389885451 -0.177911474494241 -0.0539831924887946
-0.220451595131652 0.0181071759474336 -0.256101426497063 0.0666285778288347
-0.184716510547765 0.12198815640873 -0.233394095039244 0.199203864055906
-0.146364500220364 0.143435582007147 -0.181696643097665 0.241815390130496
-0.164008124757622 0.127072613802275 -0.191923661323542 0.205034042827592
-0.212370489729506 0.0239345982063973 -0.214778461151147 0.118609779379824
-0.1889414090366 -0.0932923466082252 -0.194269220703105 0.00470685436749919
-0.12261560670839 -0.207743834385137 -0.100656688231072 -0.0814386434078681
0.0645228268832878 -0.224600495949877 -0.000290533741936457 -0.0895202376492069
0.241716233731784 -0.111040313428579 -0.0744833583584807 0.00844240001601987
0.353608054285753 -0.00826618163591913 -0.335688881627466 -0.046794738965465
0.157452110010879 -0.0343378367863907 -0.570066591837317 -0.20700122893302
0.111491675578443 -0.0951365613049677 -0.426204841956442 0.0637526163856542
0.0114034815043856 -0.119759852959999 -0.0918457138065009 0.058190778285056
-0.0584811277582538 -0.0682128246451866 -0.0588072038788959 -0.0379109425985841
-0.0645193954778946 -0.0406841640626227 -0.199437565864316 -0.0565322583535305
-0.0827694875462537 -0.0104549696837513 -0.296795393137806 0.0811688686398529
-0.0852546184075519 0.0283439751412041 -0.274556452235128 0.225258527127683
-0.0699826970523054 0.0386037555810152 -0.225198903332039 0.271558244657091
-0.0811171877402904 0.0312601463443652 -0.238449510194755 0.224435157906134
-0.0931979453013094 -0.0148572398306362 -0.258654139975053 0.110048160650449
-0.0642480249326727 -0.0596327004972295 -0.217930322765543 -0.0292961234163094
-0.0204701215912416 -0.0745980091826453 -0.0951729760463372 -0.0971188534886769
0.0243368453436647 -0.0698550941875407 -0.00890881858107755 -0.0751767164928321
0.0820718127716311 -0.0515408703674456 -0.0909382446464495 0.0245799483619074
0.157891251211352 -0.036202979480412 -0.391764312111588 -0.0493361292145923
0.0599802391958674 0.0518014191041057 0.428341579431312 0.0170784234612047
0.07845871274033 0.0138272516788943 0.171751119579692 -0.105671541804106
0.039820757095076 -0.0646326888752671 -0.00318461969688638 0.0435515495952863
-0.0530254425264371 -0.0694326321422809 0.0567286871689761 0.113018679437583
-0.0709028836235808 0.00354071283515865 0.215373714326252 0.0823901950114996
-0.0433848825140533 0.0460386137671661 0.295719095913799 -0.0802101144173201
-0.0131148962022501 0.0741001450452967 0.263852504621064 -0.217859064944103
-0.0144477383863584 0.0781528463016971 0.235974537933233 -0.278437095013735
-0.02624834290217 0.0773198903556601 0.262157073123707 -0.251773630855927
-0.064063239549738 0.0451429947118635 0.287190308577784 -0.1266870727971
-0.0800534866729285 -0.00759612094043385 0.223138773279075 0.0134928562966988
-0.0594245141935988 -0.0948094594848899 0.105179552266188 0.0166524934111291
0.0631919803269804 -0.0822466307168887 0.133503925306548 -0.0537286233653544
0.0989551910855745 0.0363463761028087 0.363175453072556 -0.0473516895369939
0.0454007439513115 0.0810363852115313 0.628577776013749 0.21066950697689
0.242502999819952 0.0661540092037966 0.393892587170514 0.0254373014484406
0.225813740281305 -0.0420731185430988 0.169021149594095 -0.0922934773333765
0.0915326641874308 -0.195267092916823 0.0173118269968703 0.0312268414602114
-0.125535727343937 -0.198524317525941 0.0520932377743741 0.092947292620867
-0.193724441327596 -0.0487687575810847 0.180285639032403 0.0833186828619549
-0.167004963521995 0.0667005355510538 0.258121585380034 -0.0569947142078169
-0.112583797344667 0.16134114646874 0.233631700076479 -0.171851865948936
-0.0972033830506852 0.182968288045796 0.209623924411079 -0.224642191638685
-0.128243409894374 0.179395938840205 0.22513296742997 -0.207129621300885
-0.212444216622295 0.0815482460939397 0.245172475413886 -0.10408354806618
-0.227200528344036 -0.0592396696010056 0.192590316923451 0.0142934089190638
-0.170181877159691 -0.257501708307572 0.0897581672224703 -0.00156885570606264
0.119807198803185 -0.273814374183795 0.137034461950184 -0.0841687456785181
0.307823404280818 -0.0517034128119539 0.325366037985994 -0.0781929334597297
0.301664738699125 0.0990805264184685 0.547033625429622 0.151091924875231
0.40095127042357 0.0766124105269302 0.294782753595226 0.0100250897843263
0.364860092126632 -0.102774857412513 0.127189087499758 -0.0714804922825719
0.139835145290152 -0.322853807388376 0.0357941717172066 0.0281084395522724
-0.193791921383041 -0.320822457346483 0.0537828845794748 0.0679743154688481
-0.30616016315024 -0.100550916172037 0.132019985368222 0.0668838874167492
-0.278005800297061 0.0780376310434405 0.185961724942792 -0.0341695189144523
-0.20156718266177 0.22539430347826 0.16610328115043 -0.103248866997993
-0.165762590995074 0.260433591790615 0.152314584772318 -0.135328529572007
-0.20532377179564 0.256989538807736 0.154708921290128 -0.129678100061246
-0.325202405493532 0.114631918335086 0.16551358066666 -0.0606956122832274
-0.345745424542818 -0.08839690471935 0.127861289371897 0.0159745258396001
-0.277993572732262 -0.372979019892286 0.0551975348679403 -0.0224331215768054
0.135876930618865 -0.434956813200142 0.12090312927327 -0.110075041621243
0.457197693464265 -0.152047552996142 0.249139829153505 -0.0936585721555407
0.508375168692607 0.0865552358162171 0.383712781493004 0.0867912153183794
0.513179280722629 0.0758446619345413 0.134842367575695 -0.0255605685994935
0.473446625135387 -0.16529611244463 0.0376546458732132 -0.0423600131518356
0.174065642396377 -0.434041220727386 0.0409940964290017 0.032413914982531
-0.253992975335663 -0.414338506021469 0.0502067842794993 0.0360661156634935
-0.390909587699893 -0.137891375711342 0.0609955329362266 0.0369037217627355
-0.357240604678656 0.0805060166338439 0.0803070253822309 -0.0083202364955785
-0.263891439740077 0.258901852026913 0.0694216089185579 -0.018228999170328
-0.208913733516551 0.298929719186085 0.0718101175132824 -0.0260811105636054
-0.247225160896305 0.293818262274876 0.0653072677484099 -0.0299797422381466
-0.383337587466859 0.13151021005884 0.0622958840162026 -0.000555607425461141
-0.411379160241826 -0.0989943393115896 0.0383612596156815 0.0228155024393679
-0.347469708367728 -0.422387327428462 0.00376409005621666 -0.0394288248077356
0.119544211455838 -0.52267315900415 0.0863070808782232 -0.12213905952001
0.521313554366702 -0.229069702132971 0.146875481038284 -0.0849095507116217
0.622209316777125 0.0562632815581985 0.176071808148325 0.0346335628757794
0.553484525316541 0.0607984517675532 -0.0696462809353982 -0.0753467183925483
0.515074124719552 -0.210407910454569 -0.0924657779481793 -0.00699512810254404
0.177947712009349 -0.489501423543743 0.0255616293636009 0.0401896052748717
-0.280128575874244 -0.44769310070092 0.0306478349148817 -0.000344055641452729
-0.415764825118521 -0.152107865592861 -0.029450290931392 0.00103271730981044
-0.38151164021448 0.0733028336097134 -0.0477249140573723 0.0215729497256877
-0.285564106458907 0.255525201897271 -0.0437491352174287 0.0725470989906691
-0.219920894077184 0.292846146918911 -0.0192205822464498 0.0870422477324464
-0.253562161833135 0.282240239148513 -0.0298438094120961 0.0732560527034591
-0.380800242732291 0.119923825920493 -0.0467537019174247 0.0633259489298702
-0.401956238213851 -0.103188605173873 -0.0596777981231453 0.0314529829477289
-0.339298283981397 -0.40465560004579 -0.0512555934908357 -0.0512650781829822
0.0968899211624085 -0.508493056516845 0.0457818618936006 -0.11895618384573
0.495978000628569 -0.244346785509684 0.0450202238030128 -0.0532462135641086
0.628553197465294 0.0255526243024643 -0.0405885450623539 -0.000408198514642409
0.503971977873256 0.0332700906992892 -0.28555993704197 -0.128243100098025
0.460062319721099 -0.212922233184128 -0.236165654142658 0.0286315538743872
0.150600403663462 -0.448376201901369 -0.00899158984969934 0.0457822839554696
-0.248781213953382 -0.388695954295486 -0.00271693954321364 -0.0327688353233271
-0.36081079013352 -0.136993164285677 -0.120708053358974 -0.0312138238914595
-0.337959830617964 0.0541907901662907 -0.17273438389864 0.052003358886989
-0.259192926853237 0.211758025983448 -0.152995585370199 0.154119835035315
-0.198985453982098 0.241423408055396 -0.108032918465386 0.18687428614275
-0.224587459830337 0.226419267681216 -0.120409336001647 0.161967617009464
-0.322734600332899 0.0815097728702161 -0.144510617663107 0.112005162505295
-0.323009830870641 -0.103275611526879 -0.144725333633393 0.0290288188120708
-0.256312150191528 -0.327901807625671 -0.0918928022542585 -0.0638829761068756
0.0812022905676101 -0.397283975734082 0.0128472578118156 -0.108864960218775
0.396585247177795 -0.198111508580396 -0.0333808644329075 -0.0172170693423429
0.534277289698431 0.00187786494069971 -0.225627727907504 -0.0226721365427608
0.366080327981716 -0.00420500718943572 -0.472907311627455 -0.173899963970826
0.315507003902861 -0.173742260702507 -0.360548250901887 0.0558618004693547
0.0875907648491793 -0.3122214387936 -0.0537705510546405 0.050494364834287
-0.168935471026903 -0.248820690181104 -0.0380340426720621 -0.0480469450949884
-0.233522115175348 -0.0952585843709361 -0.186294122216678 -0.0510853001460017
-0.231151050744244 0.0272339458713464 -0.267288114455562 0.0777931943507886
-0.18873526494673 0.133610962086515 -0.237163076500866 0.215699237813496
-0.146552931395331 0.153368498684542 -0.180621435647219 0.259756277225417
-0.164938715335672 0.138533739312148 -0.193863406825859 0.221295554746592
-0.222215844152924 0.0331377258195367 -0.221224637103784 0.13196198555609
-0.201110230846731 -0.0904640810593704 -0.202149243348555 0.009137120546752
-0.136157514363928 -0.210739859278963 -0.107460199997907 -0.0805573777909876
0.0601684605600659 -0.235968578587856 -0.00464289245405303 -0.0951390921740598
0.249865637168927 -0.123443721781329 -0.0782120196936087 0.0105477277261287
0.368221734793764 -0.0188428641184034 -0.353085017919423 -0.0344449741737976
0.163726947851868 -0.0410887934038017 -0.598109642681174 -0.199412425807858
0.113699965269789 -0.103505623742607 -0.441867635486686 0.0818595124539887
0.00699742259213511 -0.125293032777091 -0.0948360419674475 0.0622941777424547
-0.0633426845891111 -0.0685896546541628 -0.0621278561562472 -0.0385787939887981
-0.0694709074155777 -0.0404168180097831 -0.210023878983275 -0.0524158993907209
-0.0875239806560984 -0.00739224081209574 -0.30946316514165 0.0950883620572999
-0.0875505751842288 0.032737263843357 -0.279451733314628 0.246132557183798
-0.0712823473737063 0.0418106616072961 -0.225320453341554 0.293430105149832
-0.0821092639628855 0.034737379707307 -0.241044636460163 0.244107907778307
-0.0978030664431557 -0.0116269773666218 -0.267382082167129 0.124454198618398
-0.0695768315549784 -0.0590943519187019 -0.229620440844809 -0.0248589559872671
-0.0251103249570331 -0.07602879421807 -0.101937166602347 -0.0976434968389636
0.0222538112691612 -0.074488738217745 -0.0118704328009826 -0.0783927834131149
0.0842816980633965 -0.0566056011749972 -0.0956982194061037 0.0276926284891263
0.163802088645346 -0.0427365819217068 -0.411602725966049 -0.0350741730883765
0.0640383192646548 0.0502420451482219 0.441410554846559 -0.0101983497238332
0.0828653006956265 0.010514135221374 0.170056506888064 -0.121179363844618
0.0380810553164192 -0.069343910508088 -0.000757081742729544 0.046219649660044
-0.0580224835071351 -0.0686285089537421 0.0648373922607552 0.11398388623081
-0.0725530728954723 0.00824003167995333 0.228765664463522 0.0726863086987166
-0.0417301613279614 0.0498840147744748 0.301830073413833 -0.101371046144279
-0.00871105919300256 0.0778134192605694 0.258789362333176 -0.241622065757722
-0.00976206381400133 0.0820730247895513 0.224836728452373 -0.303405767098495
-0.0230872409310681 0.082539121150707 0.254108093560062 -0.27705702375055
-0.0645434958452387 0.0503811392178827 0.289352996258197 -0.149456078667229
-0.0830513400044117 -0.00399263188563186 0.232012172408047 0.00125750218921954
-0.067360278444239 -0.0942816403690583 0.108712479920531 0.0110469615272507
0.0608285285877943 -0.0876567637861114 0.133954796554248 -0.0627712448260407
0.103890984388993 0.031045273954629 0.372814015453662 -0.0684493106070544
0.0494922673374015 0.0812049492979021 0.658499583247409 0.178091435175655
0.251633553652684 0.0541799637582034 0.406684758215906 0.00113276735018252
0.231402742691333 -0.0555643214821744 0.168013802500201 -0.106598442028756
0.0825900849703308 -0.205367668050097 0.0201818497195384 0.0322092489738684
-0.141310139413858 -0.195367661638611 0.0599172981545238 0.0940413244023181
-0.202972087208256 -0.0372487122735795 0.194301648413007 0.07545024979049
-0.168664579128158 0.0790713777923117 0.264573990277404 -0.0750188942964101
-0.105514376608099 0.174090206845113 0.231337361544444 -0.193190680306656
-0.087807348785265 0.194024427110276 0.201546305661905 -0.246067375292829
-0.121735015232481 0.194592596744312 0.219314700330604 -0.229576576719647
-0.216161482402738 0.0984371614047046 0.247973886625282 -0.123376758030743
-0.23804758259779 -0.0479700135007621 0.199990059610011 0.00280682913771009
-0.191809054453845 -0.254195821486525 0.0915187527091624 -0.00631905502468822
0.109256014868032 -0.288321491618035 0.134951488508838 -0.0960289713712546
0.315115310180016 -0.0723994139862255 0.331723034438482 -0.0980574779906121
0.314586435995611 0.085615887557113 0.569350972192966 0.122110512063714
0.415304795115184 0.053816580574775 0.30511055948528 -0.00846657587885516
0.370546920322897 -0.125870180346977 0.125812414743096 -0.0822335013236126
0.124457720789895 -0.339020419190654 0.0389013796012454 0.0282070040044098
-0.219183629258169 -0.316416903824999 0.0606542169149321 0.0681279133044497
-0.32134209774663 -0.0829194035069131 0.143858938470319 0.0615738280320514
-0.282953534850296 0.0964938786574346 0.190389931658414 -0.0466028230836888
-0.193427560049064 0.24579912748077 0.166393113716734 -0.118398802672137
-0.153660665489302 0.27755870088864 0.147864864010705 -0.150073691607716
-0.194533984525381 0.278502855909985 0.151187982565648 -0.144998002477125
-0.330676613988334 0.139900981053329 0.167678314721125 -0.0732627000229737
-0.362623381514093 -0.0705482330543546 0.134300807262297 0.00722047931626277
-0.311118829375853 -0.365347095491374 0.0551060285798897 -0.0251538640185699
0.115784123952313 -0.455710266579177 0.11538036036267 -0.12192018950653
0.463535715200333 -0.184221700272258 0.251945371538089 -0.109632313150253
0.52512834643506 0.0602437759804454 0.400619425646601 0.0689639829763477
0.530320488030059 0.0467036012937882 0.140124982436881 -0.0356139062742688
0.478126025041833 -0.196937752858192 0.0362011397944314 -0.0474929816146338
0.151082343406467 -0.455998151103411 0.0450901884915208 0.0330232262618206
-0.287141206054228 -0.407941855936584 0.055704352322711 0.0353795004860705
-0.412795994989644 -0.11600006625513 0.06951591494926 0.035091944493943
-0.365521358153755 0.104908762241946 0.0819942567242802 -0.0137716888026569
-0.25557427035678 0.284325784586946 0.0714717782805267 -0.025362309903496
-0.194407214824838 0.319820344006899 0.0725970933608931 -0.0320609314928272
-0.234788041906595 0.319482467390596 0.0655314785981924 -0.0363670159109456
-0.389531504865029 0.160707261396425 0.0654286864092133 -0.00498999125857048
-0.43053693886786 -0.0766913098947964 0.0420945613870135 0.0187325503345806
-0.385650539924114 -0.412684589958521 0.00157613686123829 -0.0390840223798868
0.0939146257229398 -0.545996776958136 0.0776590506805698 -0.133238727408476
0.524076128238902 -0.266648929416363 0.147279715639229 -0.0943525373792795
0.641331986052326 0.0216343036781477 0.182830304946169 0.0280514071004875
0.571463093106543 0.0285415121707423 -0.0723547203905881 -0.0739219646649528
0.518480565012759 -0.247220339384602 -0.0956757017789098 -0.00235334344134519
0.152430463027997 -0.514411467851728 0.0294027616886719 0.0415745927433545
-0.317830962862386 -0.439485903636634 0.0337336780389528 -0.00151762602349551
-0.439952632905858 -0.129065692914816 -0.0257657033575956 0.00343710675892493
-0.391443984028238 0.0995205358233177 -0.0483275861460024 0.0248527142841195
-0.278000064569606 0.281438714482955 -0.039734729286213 0.0757695791759861
-0.207278228909158 0.3141345436478 -0.0134924144163538 0.090548090801377
-0.242383519214907 0.307530485017681 -0.0260255728765511 0.0769333668590977
-0.38826501838306 0.14913550677681 -0.0428103158239559 0.0685415597678758
-0.422121871299804 -0.0821408429340024 -0.0589732865691165 0.0335053668063705
-0.377865702846571 -0.393421145222948 -0.055267361344218 -0.0477644172080239
0.0708837211262006 -0.528750405591059 0.0366554088000222 -0.128903075772237
0.497483707569723 -0.281269482579552 0.0437061486085169 -0.0573097023132643
0.645021680489446 -0.00773195767882475 -0.041505693305994 0.00559818545572803
0.520436904900757 0.00201688051032101 -0.297448676059151 -0.115869985265031
0.46410098307174 -0.247275363464569 -0.24167891383963 0.0429881727355422
0.126426393638248 -0.468834995286282 -0.00652947850704476 0.0490190875528252
-0.282733177420802 -0.382702450287075 -0.00268437582459509 -0.0333325676126662
-0.382028548584769 -0.117308404677963 -0.122757787095886 -0.0241951515929098
-0.346876113172059 0.0781934748044864 -0.176182602353738 0.0641281545259066
-0.254569924513327 0.235662731076954 -0.147724133392979 0.167442667780886
-0.188061291910897 0.259681451646592 -0.0988281748920249 0.199588750837071
-0.215521424005334 0.248117584220839 -0.113799933999201 0.174165184201524
-0.329477064897058 0.106355908981443 -0.141638344097278 0.12498936843585
-0.340215210325413 -0.0853371741121706 -0.147198044002103 0.0361511605591104
-0.28645370840986 -0.318894736273327 -0.0976218473190508 -0.0589414483220022
0.0591612988596556 -0.414119138367166 0.00431100888354577 -0.115417284514904
0.397137431265368 -0.227446687101709 -0.035777622710532 -0.0156550843412798
0.54816839582697 -0.0285358654166063 -0.233398386792233 -0.00495605625333471
0.377584091859387 -0.0268802598028282 -0.49307356190766 -0.150661610489018
0.315911587787764 -0.198004545467314 -0.368051514425896 0.0793314819716143
0.0695111358375694 -0.326160910190067 -0.0525813687015501 0.0552939315187123
-0.190623266244789 -0.24462005457348 -0.040465853008861 -0.047673207320717
-0.248522166124349 -0.0833494287921088 -0.192927187932754 -0.0407809141589148
-0.238386850658464 0.0431722560043643 -0.272471841965328 0.0977218752693951
-0.186470145303648 0.150779248058927 -0.230400276230092 0.237204443973848
-0.139953304517602 0.165599410404277 -0.16855792208809 0.279697444304081
-0.159639657290184 0.152756020815568 -0.185908878312432 0.240659456652525
-0.227884165417364 0.0498625756727067 -0.219409113548888 0.150115496389442
-0.213820812834684 -0.0794927941752166 -0.207323381364718 0.0197156399766278
-0.155127252243436 -0.206345244516728 -0.114257677032619 -0.0755316486353901
0.0471145646816964 -0.246751309007016 -0.0119598120519067 -0.0990469089356627
0.250045529375342 -0.142369755482514 -0.0811792917853274 0.0156202365359637
0.37691008487765 -0.0405180272822703 -0.365538619609243 -0.00857228063097501
0.1665133474149 -0.0520541474562827 -0.624918719823181 -0.167797351141289
0.111492572264495 -0.114088664517289 -0.449740526102483 0.110320015432691
-0.00132531106544501 -0.128800908285938 -0.0952880348413728 0.0698090693448171
-0.0706278582530216 -0.065696819469699 -0.0651828806726677 -0.036792172937162
-0.0754694402616085 -0.0374855040869592 -0.219371840693214 -0.0416570133951278
-0.0918351224556717 -0.00150119715567353 -0.315668154382304 0.117776698073603
-0.0888777711706796 0.039547072585211 -0.273133976690457 0.272277401106577
-0.0700471891128244 0.0463484097581255 -0.211714053773184 0.317707503770561
-0.0803998479634918 0.0405620394236552 -0.233553262100077 0.268105502611571
-0.101425357321272 -0.00467809632317029 -0.268421775540067 0.145580428427135
-0.0757354238130688 -0.0552123235824862 -0.23833294235202 -0.0128576497389947
-0.0313133532231892 -0.0755147188471423 -0.109564168180958 -0.0938887345079534
0.0170006133590532 -0.0781958238224175 -0.0173011512500223 -0.080973111772599
0.0840010690996311 -0.0628979780929034 -0.0977661046900816 0.0335655232214342
0.167392795837175 -0.054592224954547 -0.425812859564763 -0.00701459795104894
0.066685679018493 0.0466294425998317 0.437663230802936 -0.0408787530679097
0.0844354513345331 0.00577550807850031 0.16153584523172 -0.133499100845053
0.0337921180137045 -0.0723465594103005 0.00329172467476418 0.04670159348412
-0.0621023208540275 -0.0653056184950537 0.0724260667790841 0.110896482660651
-0.0713616323650451 0.0138755715135157 0.234675972026914 0.0571910909000009
-0.0382457631182296 0.0527750541858206 0.296961827491144 -0.123366856989955
-0.00283013032190861 0.0787547371042504 0.243706404819213 -0.260292051288072
-0.0037768125277429 0.083354585978294 0.20311459950389 -0.319539314622292
-0.0183731172376356 0.0852026031849322 0.2352717358353 -0.295970595125413
-0.0617325379187049 0.0547475926440697 0.280455693311637 -0.170547261739791
-0.0840947947612362 0.000244647422298629 0.233375430104056 -0.0141212857447238
-0.0736775141583435 -0.0897945340438236 0.108391712922959 0.00445226591674683
0.0560549252249752 -0.0907687851793705 0.129235224455888 -0.0712098110378295
0.105419793491113 0.0240476697473627 0.370535829653995 -0.0918139423919301
0.0534065203952073 0.0792232193796175 0.669642644803413 0.132830708139897
0.252516869978724 0.0372038171938577 0.405140532315742 -0.0272750325819052
0.227943202867346 -0.0696126866001143 0.159932282082207 -0.118816076252743
0.0684212609679736 -0.209127145622819 0.0233003436740675 0.032808190955908
-0.153475698131693 -0.184516280805486 0.0667551368681905 0.0908218341670501
-0.205087192032544 -0.0226019975607449 0.20204911609851 0.0620721003962702
-0.163686488447719 0.0903174059841869 0.260864835784277 -0.0939161732845519
-0.0933626903910261 0.181305560711396 0.218971932580333 -0.210025567222254
-0.0743180629594755 0.200330857455093 0.184509222763228 -0.259922103065572
-0.107805828879593 0.20372488470448 0.202737785534754 -0.245531135854995
-0.211351399778843 0.114157409224764 0.240381549510239 -0.140595767779794
-0.242799271481711 -0.0330991530156406 0.201585060863595 -0.0112598912784678
-0.210230798081358 -0.240336000386584 0.0908428086956993 -0.0111164827796969
0.0911900673470267 -0.29466027283065 0.126652796380402 -0.105047240010681
0.310821385768924 -0.0928867706373197 0.327792360724138 -0.117570060829553
0.317051086581701 0.0667378941530825 0.577229451235139 0.0861253230123526
0.415513241521998 0.0260949186789632 0.30548235180352 -0.0299574772770386
0.362530459144479 -0.148550691526391 0.119884343703342 -0.0909602850404408
0.101058453807489 -0.343817226652032 0.0425634420399609 0.0279367829284798
-0.240170985123937 -0.29784246996589 0.0666849146038419 0.0646453669633873
-0.326884199176983 -0.0603366696517663 0.152916406672549 0.0510818434018301
-0.278506949558043 0.115997582496775 0.188259199287979 -0.0605749542560984
-0.175744688155638 0.259269514437343 0.158333400051693 -0.131818895202293
-0.133237531965543 0.286932039845254 0.13758989015249 -0.160883177057025
-0.174515417519206 0.293454660143181 0.141195595351977 -0.157186070977363
-0.322860859722044 0.164415822894845 0.164817297725721 -0.0853237223282878
-0.368730064242482 -0.0471175575509385 0.135493105027072 -0.00371082017827729
-0.336237737825651 -0.343576175896023 0.0533255312581978 -0.0269572327470753
0.0872642558308814 -0.462940854393058 0.10431013740023 -0.130663633953574
0.451580066415355 -0.21408492144051 0.246632516009112 -0.124835995969635
0.524778706190814 0.0287741767920994 0.404209410692515 0.0448175425734869
0.52985078729767 0.0116047049381971 0.140633695972769 -0.046181272628867
0.466097301353707 -0.226694876887797 0.0325826211385888 -0.0500651044486374
0.119254980924769 -0.461315577287102 0.0485019592041571 0.0323451561988678
-0.314125983934228 -0.384415187268496 0.0604488454160974 0.0321521757418074
-0.420726244387074 -0.0866566059484778 0.078190098850265 0.0297487174524478
-0.360376003602971 0.130403548954818 0.081899809889969 -0.0201418742743103
-0.235815358249931 0.302174564528076 0.0699853068796194 -0.0315388730598736
-0.171640717153036 0.331581887959663 0.0705552775864857 -0.0370112002292539
-0.210897890597043 0.336301993214441 0.062769725228466 -0.0419601729662394
-0.380794669176551 0.190021339696945 0.0667993795701247 -0.00975764600712983
-0.437574249535305 -0.0491574770602116 0.0435219287533377 0.0130043763663093
-0.413705344105993 -0.385847426786811 -0.000618918677116357 -0.0369002123201012
0.0597789665591771 -0.552010344615115 0.0656491763599904 -0.139814932432443
0.508509764977265 -0.300424048226355 0.142468108258463 -0.103163488794579
0.638267193408215 -0.0152659588454316 0.185380763674254 0.0193840795115362
0.571042845872822 -0.00900703684464755 -0.0727695833683245 -0.0705430617458302
0.504416687435539 -0.27870860167844 -0.0953640397090019 0.00372829269174238
0.118012823272769 -0.519915354532662 0.0334750688980223 0.0412896109518396
-0.346930228160939 -0.413429772461442 0.0367269089473455 -0.00342883491397378
-0.449529947888849 -0.0971945762908291 -0.019551100952626 0.00459879577296702
-0.387209600167655 0.126393646396778 -0.0464192268779698 0.0278120744601076
-0.259102713451017 0.301194050236116 -0.0342124107383519 0.0770676050594052
-0.184496061528481 0.325967013900011 -0.00678838141218043 0.091650758830425
-0.218854405297874 0.324334873668079 -0.0211003958404121 0.0784490107963328
-0.379571166205025 0.176945224290603 -0.0369428695675945 0.0708085519641373
-0.42900009152043 -0.0532085660851893 -0.0562062481515747 0.0342122804127575
-0.405222794272 -0.365920855214961 -0.0577071300417561 -0.0421761933168348
0.0363770581848998 -0.533231233373929 0.0245037409161957 -0.132967147161517
0.479998047924621 -0.311656188880488 0.0403653318141084 -0.0602364378297874
0.640498718531714 -0.0486142771589996 -0.0400720186636825 0.0130298625600714
0.518623983195532 -0.0318456636547633 -0.299116464132351 -0.0969892997344531
0.447775136015515 -0.27758777761954 -0.237884653501508 0.0589623056660885
0.0938823597635109 -0.474818173663475 -0.00213517573450943 0.0500609657644954
-0.30871162578562 -0.359361095853228 -0.0022741828021265 -0.0336689905354679
-0.391913845237507 -0.0906539854019622 -0.118973267229209 -0.0164591401198091
-0.344614713466368 0.103171128796893 -0.172554294395243 0.0764106293960166
-0.238623637795056 0.253359601390015 -0.135807317103281 0.177509392564053
-0.169122582789079 0.270574316076205 -0.084134471637123 0.206844799830657
-0.195725160210273 0.262555466555735 -0.101938621171429 0.18198978527532
-0.323301638344714 0.13086515162298 -0.132423578102059 0.134522782348179
-0.347342649119084 -0.0615966706021643 -0.144168767362812 0.0431585683877613
-0.308932057633185 -0.296964854699599 -0.0996339306489084 -0.0513869961376482
0.0319215249182475 -0.4173482571658 -0.00597494975313556 -0.11681739976764
0.383058626711717 -0.253310664642917 -0.0374101074169394 -0.0135487808905991
0.543110264554875 -0.0626454541696732 -0.232608855497798 0.0148903318501306
0.374048617753984 -0.0522273678148952 -0.497452884888162 -0.120478510777013
0.304227931743702 -0.219184340851948 -0.361555620081763 0.104209715716945
0.0469605746671102 -0.329217693427803 -0.0482374369510123 0.0592009854425492
-0.208301553724407 -0.229193261360246 -0.041259199325036 -0.0454991910983789
-0.25610490079121 -0.0657208877591311 -0.192524757073944 -0.0284296657343549
-0.237424269435285 0.0608665210976885 -0.266876465414643 0.116834567047681
-0.176710855764877 0.163759893511257 -0.214776395128981 0.253734349847565
-0.128130328701635 0.174044128405317 -0.14832488578988 0.292573071506341
-0.146402713726585 0.163082322543906 -0.168655737392221 0.254506086057148
-0.225141883941876 0.0667891526307794 -0.208690405197721 0.16510076204093
-0.220062734900801 -0.063802985496733 -0.206988015964539 0.0314811521077491
-0.169883242528116 -0.193540673164986 -0.117877344778929 -0.0670790841077939
0.0292670109645256 -0.249501453872968 -0.020079392416815 -0.0995209040642111
0.241637694560159 -0.157613711327861 -0.0806249389899247 0.0201149956852701
0.372709853011136 -0.0652204014927198 -0.364544472767579 0.0208598858594924
0.163368239444167 -0.063429683481832 -0.630447054346888 -0.128051867017346
0.104452540906755 -0.121547161644129 -0.441038062571287 0.140188317715334
-0.0103915152618965 -0.127668887664956 -0.0912787311102686 0.0753390007157908
-0.0753646990274917 -0.0590181611761634 -0.0666914936127049 -0.0335065391754523
-0.0795223074036982 -0.0321291096050043 -0.221834934388896 -0.0271491576756424
-0.0927889925179698 0.00548694993424295 -0.309519778805027 0.140447775047629
-0.0861250424722422 0.0456080360399329 -0.254413313271811 0.293071202323264
-0.0666767164388631 0.0497411172872982 -0.189125776317802 0.333905996134515
-0.0766952225753732 0.0446914733105597 -0.214755287003142 0.285822143856405
-0.101314251809542 0.00318798870469883 -0.258757445102757 0.165084110187074
-0.0798116470593069 -0.0482945958013661 -0.239040256196881 0.00278853328908694
-0.0369620956012631 -0.0713240772319839 -0.114123581368015 -0.0862792010985141
0.00977814526087083 -0.0793491267452317 -0.0225843335937146 -0.0805053227636698
0.0801643217661539 -0.0690458041673971 -0.0972275040794297 0.0395891182670967
0.163492732745127 -0.0659681334775574 -0.425634437236388 0.026277899446346
0.0657344733265156 0.0431442966241635 0.424743686753745 -0.0599604114866916
0.0840399368620526 0.00281012882117338 0.151008140840334 -0.138695519591542
0.0300681929131189 -0.0721438320143948 0.00674507696292111 0.0470170817944442
-0.0636627066538238 -0.062013066811722 0.0761780551316623 0.105840155378524
-0.0685021139755746 0.0169136242754027 0.233994823609361 0.0433929000354678
-0.0347954371454067 0.0532743685269721 0.285932780706031 -0.136522740749538
0.00149300762473272 0.0773424828955459 0.227270129119348 -0.267418289096165
0.000696275836953099 0.0819024976917992 0.182700447156586 -0.323592514558499
-0.0142432937801172 0.0854691444188447 0.214931000613485 -0.30153213908754
-0.0591623966929478 0.0570096127732819 0.26657886235541 -0.181039780003154
-0.0828985711039048 0.00281694148752137 0.228256781188758 -0.0234233618545224
-0.0763818666591066 -0.0843488381246211 0.10542106376762 0.000140645180833796
0.0520834929700308 -0.091078651028515 0.123019431737515 -0.074225321673174
0.103190124941186 0.0190618462820176 0.360977669736917 -0.105235892811778
0.0543431517274096 0.0762754338137015 0.657918623394989 0.0988115770715685
0.245872933398164 0.0252457712099061 0.39405310070742 -0.0468217084455715
0.220323694890531 -0.0775435382847905 0.150078558416067 -0.123566000249739
0.0567700006231621 -0.205290077931645 0.026904297464393 0.0322998577510051
-0.158066705731218 -0.172670605059599 0.0702528326064019 0.086123981099784
-0.200856012654071 -0.0116715737829674 0.203889106572064 0.0497768423225658
-0.156558626177895 0.0963333318907069 0.252039878816721 -0.105534417034167
-0.0820156123091684 0.181956423864949 0.204728044093199 -0.217819461485344
-0.0625943759143954 0.199416762654704 0.167546318424493 -0.264088939109271
-0.0952894284073216 0.205513970496897 0.186225433522845 -0.251099029054847
-0.203542683288108 0.122913463235638 0.230217873384931 -0.149955406426046
-0.239778433322264 -0.0219169965251947 0.19769968110782 -0.0210478925666904
-0.216921989617137 -0.225541505051229 0.0876781147219947 -0.0134897158206594
0.0770445471997494 -0.29239298218437 0.117354887143746 -0.107568645414887
0.299063930596995 -0.103965458737772 0.317346688255112 -0.128995413597177
0.310255748408226 0.0533747830701343 0.56648308768321 0.0578051285831088
0.40200848171737 0.00808482083349344 0.297879198963516 -0.0451467885989405
0.347913951639671 -0.16062005555859 0.112810229920973 -0.0949904425865067
0.0819146888699352 -0.337145771698281 0.04511923187045 0.0268195990208094
-0.247468905851744 -0.277753844850482 0.0703867232881207 0.0598529565500594
-0.322392849023341 -0.0419657052743195 0.156094258538757 0.0406189783451093
-0.267994444616976 0.127708091364009 0.182334489332711 -0.0688850701395304
-0.159333907375201 0.261863817166507 0.149488951420036 -0.137240062377067
-0.116432860120755 0.286268544905355 0.127231044764915 -0.164268015130818
-0.156389664266062 0.294787384305774 0.129431076430495 -0.160094383765847
-0.310024422457741 0.177861180783619 0.158684605847697 -0.0923254976517278
-0.364685104564747 -0.0298072939970989 0.13272005998682 -0.0115976938597826
-0.345797428289698 -0.319104518023529 0.051813694188073 -0.0271604224694537
0.0670231294065496 -0.454615788041945 0.0928347473075171 -0.132555710206059
0.433606803541264 -0.228135316112456 0.236575396071704 -0.132491008366259
0.510006683307171 0.00853683792642686 0.397732910422737 0.0264088002992496
0.513762832420533 -0.0121712620834305 0.137656055104923 -0.053397923635672
0.445430764793443 -0.24212820729433 0.0299282521225937 -0.050568747194281
0.0947529786842744 -0.453551170291698 0.0514030959351138 0.0306801700021002
-0.324661488529484 -0.358398563813114 0.0633133277131856 0.0282517438909992
-0.415723192898602 -0.0629394160655344 0.0836663137928649 0.0225261315269143
-0.348255340845419 0.145511066485684 0.080388816305116 -0.0247396207604434
-0.216503178361063 0.306975747940028 0.0676141135962743 -0.0355117542445014
-0.151393560689363 0.33113315415043 0.0684504753374761 -0.0392148728115297
-0.18899763249794 0.338265373304516 0.058625092183963 -0.0439825065972386
-0.365468997964913 0.20600778392404 0.0667639764099197 -0.0132746508380664
-0.431503331179453 -0.0278158055334872 0.043150605403825 0.0088779593456039
-0.425283556068912 -0.354630576246771 -0.000760713464236408 -0.0344168968173249
0.0331235847212268 -0.541710660966606 0.0546357558675622 -0.1398013149092
0.484861534364342 -0.315132819136141 0.13516960044697 -0.107336869337967
0.618344168042792 -0.0405245621513319 0.183187434520073 0.0136969227354388
0.55288033917406 -0.0346101714489366 -0.0698272722506303 -0.0681310665376416
0.480440723698772 -0.294678555801556 -0.0924579813832897 0.00778717498724195
0.090491228569096 -0.509136690081407 0.0371407304284195 0.0399895581096201
-0.357664228873614 -0.38492868531286 0.0388154284694467 -0.0059695099819916
-0.445702139644965 -0.0719352411695049 -0.0123154768970077 0.00274110647569781
-0.376384971032702 0.14442301958518 -0.0439212773370017 0.0286838658778479
-0.238157043435088 0.307425021753641 -0.0289019049714015 0.0762833192518893
-0.164563211976472 0.32670671663179 -0.000357493180845802 0.0907657507647436
-0.196416257191348 0.325922041887928 -0.017349129910343 0.0774037209517488
-0.364400541032676 0.193974363636472 -0.0316286080484321 0.0704180992239331
-0.423523351173036 -0.03132272360449 -0.0538451937644223 0.0334622295563385
-0.415181436991393 -0.335925801841335 -0.0561081923678534 -0.0373679010940455
0.0111900047907978 -0.52192985461265 0.0151145732160174 -0.131670979534313
0.45708732747656 -0.32677992121374 0.036711799673659 -0.0600624424176153
0.619685606407842 -0.0718820275536777 -0.0367513894336028 0.0176337002538221
0.500871778237032 -0.0549170644091669 -0.291727154429082 -0.0840312988898798
0.427191171375261 -0.290412797899258 -0.229041710318949 0.0682060050884497
0.06912528625064 -0.466640580299033 0.00185778006385463 0.0503554517876172
-0.318414132914793 -0.333967001234365 -0.000813597944601215 -0.0339362516714777
-0.389010134667729 -0.0676495541741235 -0.112260899591005 -0.0126537989719209
-0.334227495035411 0.119723429811053 -0.165904840031068 0.0829353112230841
-0.220787955051555 0.260343828209951 -0.124169520631004 0.180224322829296
-0.152100941560298 0.271499357601984 -0.0710450934886992 0.207295057718549
-0.176623490177371 0.264127907143987 -0.0909432865811416 0.183430115481349
-0.310537055355923 0.145530443696338 -0.122021732337557 0.137373642668666
-0.343866260786645 -0.0434515668455905 -0.140051013369483 0.0466261247970366
-0.316572565569062 -0.2731218523595 -0.0978417720173116 -0.0445132994264403
0.0115085489097086 -0.409368740394868 -0.0140521789514337 -0.115614971879412
0.364686847027435 -0.263293229217541 -0.0376496975015565 -0.0123100305884005
0.525728767397294 -0.0826905751767573 -0.223945187864033 0.0286234622669845
0.36155667590771 -0.0684078017026147 -0.486184135739447 -0.0978305865006269
0.287797701111894 -0.229249318658245 -0.347791263604784 0.118146452358364
0.0310198039293965 -0.322399676275617 -0.0442982207032964 0.0602427566524123
-0.213417432559405 -0.211459509434144 -0.0408419255704895 -0.0434244729514931
-0.255253281425578 -0.0510217052709302 -0.186909640085657 -0.0194187845453051
-0.231241574445556 0.0724309972119128 -0.257190432012733 0.128194948486654
-0.165122958687883 0.169166158828696 -0.196895554790749 0.259205745101043
-0.116657424747546 0.174424397774994 -0.129230913530302 0.293515975720306
-0.133996343403765 0.16431496727016 -0.152686544679071 0.258159495289191
-0.216314079985452 0.0771554172893973 -0.196103420598606 0.172732024115291
-0.218664218197217 -0.0509355246346816 -0.201479010358176 0.0394365484078877
-0.175557927582593 -0.178736187017869 -0.116526453746683 -0.0600998837067474
0.0157975985496171 -0.245002958542413 -0.0257229118229635 -0.0976925463018351
0.229496704849512 -0.16461782924344 -0.0792165529157985 0.0233788510523956
0.359756567354994 -0.0801529247971848 -0.352772668063319 0.040797996198222
0.156404443393767 -0.0700379147252414 -0.61850759305122 -0.100316857216572
0.0966576396209169 -0.124419852612495 -0.42374148950629 0.157151209659106
-0.0159398400923865 -0.1239229305469 -0.0871661652194454 0.0774251037828148
-0.0758604282866799 -0.0530002741424988 -0.0656156371854952 -0.0305969094080592
-0.0807793261179976 -0.0269587030783215 -0.217494302687557 -0.0161049516716303
-0.0912247864727776 0.0107086239117572 -0.297454443609707 0.154497605061003
-0.0823437402956503 0.0486350990296859 -0.234393558912594 0.30035273514532
-0.0632014854288574 0.0505325090745347 -0.166836549108596 0.336465309597124
-0.0714170765399922 0.0455520076767796 -0.195349441940065 0.29041576673497
-0.0976900164417158 0.00870484827361108 -0.245062897619082 0.174360913597266
-0.0800683090321816 -0.0423383091690722 -0.23448024917569 0.0133825457250875
-0.039911172759607 -0.0665229498078553 -0.114223041366748 -0.079398408418585
0.00409469493134144 -0.0774357500074563 -0.0258215865841829 -0.0785451217825285
0.0758933051129739 -0.0709605869287267 -0.0945581528131139 0.0428610386154044
0.15611526311878 -0.0733345901134962 -0.412673590396153 0.0496351636823116
0.0586640711869141 0.043363693102495 0.418470268548043 -0.04317060756492
0.0810521087318581 0.00750805791568273 0.150877372359284 -0.13319972092358
0.0342708265134576 -0.0694647402457502 0.00336790121881555 0.0451178118760622
-0.058195052190902 -0.0646208039233549 0.0675828902114063 0.106611695729314
-0.0677293419370094 0.0106751230696667 0.225976545769244 0.0503245978209144
-0.0373206064654741 0.0491575451517329 0.28323219175848 -0.12412086047598
0.00136987842736767 0.0738574470773035 0.229872447351623 -0.256723172179411
-0.00131466694732934 0.0820483063632574 0.182533999468668 -0.312487308949183
-0.0147847966049461 0.083375214644069 0.21394871189337 -0.294111007067829
-0.0596185568546179 0.053873646013176 0.263245857623048 -0.173649535935243
-0.0822281486524391 -0.00123835401028757 0.222201730368638 -0.0193735870104564
-0.0708484220568077 -0.0852897371951289 0.101434593347967 -0.00122072702651347
0.0567853609640724 -0.0885934464876044 0.125082432275474 -0.0665014929155271
0.106111114356629 0.0211945715396271 0.356864949622056 -0.0847779594204256
0.0577154608066707 0.0733655257966685 0.62823451393591 0.128456121322812
0.237142901521165 0.0359168627512259 0.391039074813484 -0.0386233480635424
0.21908086691214 -0.0634683734502828 0.146777974805844 -0.121996150773854
0.0668556346608113 -0.198489139136243 0.0183864287795744 0.0303709853225938
-0.145872369735367 -0.173849909940758 0.0568860451433949 0.0867168689080839
-0.195656506251551 -0.0218366938691022 0.192993994337095 0.0586849881029084
-0.159330470890552 0.0879655578602687 0.247755390417063 -0.0913955532403488
-0.0855745899082696 0.173624965576971 0.207109304392405 -0.20468215169755
-0.0692821807062217 0.196115214785458 0.166310071690775 -0.252868130750241
-0.0983304155321598 0.20059070558299 0.18284352973008 -0.243999479133676
-0.205886293260098 0.117680318213373 0.224205048440725 -0.146399387147488
-0.239291532012216 -0.029966390371225 0.190881243801624 -0.0242064765436669
-0.204897436997511 -0.225472896069855 0.0852015655828701 -0.024824345786618
0.0880389900196131 -0.287484281391425 0.126381764024442 -0.101885920644966
0.3026047675625 -0.0948577214613543 0.31906685889578 -0.104106514385666
0.307026834072787 0.0549200109406483 0.544001161840891 0.0911338233654072
0.393417296074373 0.0288517416042096 0.299853261838219 -0.0478386583208733
0.349734391815027 -0.138588535904144 0.106895846153244 -0.0990194638592189
0.0979468021373606 -0.326624833522879 0.0315942985969003 0.0245753893732525
-0.227423135306214 -0.277645044959641 0.0528264394993101 0.0609505531679582
-0.313398451267206 -0.0558186055447012 0.14424302313951 0.0516459028344226
-0.26951916946761 0.115662765541396 0.178223888699682 -0.0551340484137577
-0.165103705437619 0.249978388625056 0.151852383735159 -0.124099741721209
-0.125890997947186 0.280463712974648 0.125822590073572 -0.154504146572027
-0.160295948896445 0.28819463081945 0.124967604550872 -0.155864972282044
-0.313039302820138 0.17107981785721 0.151532631876107 -0.0927227797613455
-0.364585733508167 -0.0401594596415912 0.125271426352924 -0.0213760114894378
-0.329338327877678 -0.319923255139575 0.0492747490053299 -0.0461370385637642
0.0817372054125428 -0.449217028649039 0.106917398227842 -0.130410310920974
0.435549616871923 -0.215132432972944 0.2452376551844 -0.106935055932371
0.501704979252355 0.0151698494513016 0.386141911790759 0.0602253447400177
0.505105866605366 0.0167030891326065 0.146044941755899 -0.0685168014905016
0.449976996826466 -0.213376791556315 0.022193682366043 -0.0613680884985503
0.116343101848702 -0.439458942120456 0.0324849785396789 0.0279996743162517
-0.298834519688159 -0.358096783573662 0.0428236024271432 0.0297960690472794
-0.402352548785214 -0.0779771171434102 0.0719518672119428 0.0344243390192208
-0.349294172983773 0.131253324442615 0.0769781435864785 -0.0119522041822191
-0.222856797054029 0.293197302156965 0.0694355402313516 -0.024003981907005
-0.16393574493047 0.324027485638594 0.0666555435371554 -0.0334576922081476
-0.194706115676223 0.33036290378126 0.0528971039902635 -0.0428354285223749
-0.368883574518662 0.199175242861428 0.0590818915007225 -0.0175207006197506
-0.431866501173696 -0.0383563937495549 0.036844100760422 -0.00667725239529156
-0.405855140209162 -0.35627513415792 -0.00269365157809095 -0.0586072363620879
0.0518475006213021 -0.535735704524329 0.071442232826616 -0.142273860304873
0.487774816011294 -0.298011993461813 0.147774472833011 -0.0859043346588207
0.606208098204217 -0.0294923054255992 0.182324816136239 0.0410957705737766
0.548498087888583 -0.000765917376316158 -0.055977277028261 -0.0940664195272902
0.489180810270531 -0.264231729718475 -0.100727697152974 -0.00953094582797814
0.115157168542835 -0.495641474724961 0.0148037874715283 0.0363651838368675
-0.330697818589147 -0.3853371811141 0.0182071365504893 -0.00398043088746799
-0.43150903541113 -0.0860204657857968 -0.0220034986470931 0.0136233709706371
-0.375251224067314 0.130167944734659 -0.0452933635254974 0.0368209604709242
-0.246884230564349 0.29332108143977 -0.0280916432748018 0.0841305932571287
-0.176785920002916 0.318199271113064 -0.00242334334264331 0.092829480344697
-0.201635564651484 0.318867827235902 -0.0236079323317214 0.0749478697578677
-0.367309051182818 0.188179406366887 -0.0371565995350617 0.0631299762285734
-0.422370491641641 -0.0414304541292925 -0.0588308583989067 0.0155922429993849
-0.398522348186069 -0.336991302619707 -0.0558946856320519 -0.0623924031775768
0.028164868328004 -0.515686894214505 0.0310662251621931 -0.13662450004521
0.459268624180222 -0.309763099626276 0.0496663256183802 -0.0450397134967573
0.605964258349572 -0.0595629140909146 -0.0288416457165448 0.0357856520209933
0.500196010785048 -0.0225870015491639 -0.272711949324978 -0.118003007903698
0.439384622765654 -0.263931108758805 -0.235721259648215 0.0455736205203624
0.0933011618349311 -0.454352229637815 -0.0189788479712979 0.0447523534145465
-0.29410999751587 -0.334526464589653 -0.0172951278261992 -0.0324103699902815
-0.377177623067381 -0.0785872464377753 -0.117216253658562 -0.00538141652127867
-0.333863909848301 0.108104717169927 -0.165795134363254 0.0859126402679774
-0.228760906291981 0.249518018703416 -0.123809052756259 0.182760774185235
-0.162682346094682 0.263945596794953 -0.0726926788745377 0.205550901964501
-0.181254748788113 0.257844007168815 -0.0957064325967689 0.17782613839803
-0.312825331057128 0.141824847640147 -0.126453706569887 0.128189212421363
-0.343236886769243 -0.0501333048218068 -0.142072624377279 0.0290621055823246
-0.305319107917156 -0.272003575290035 -0.0951863072732118 -0.0661737836947645
0.0232266742707849 -0.403634800812499 0.000154043259255978 -0.120080555273394
0.366399270900275 -0.249735246069445 -0.0274360730055645 -0.0034886261151467
0.511061659710588 -0.0727015696873154 -0.210868135111532 0.0361005540844489
0.363730876369558 -0.0420706623557549 -0.465596141070536 -0.13413993379982
0.299472801873708 -0.208674841876815 -0.35058592183515 0.0945644922782727
0.0472321191377994 -0.315982880609767 -0.0592329467460469 0.0549103010372915
-0.198238501835949 -0.210759475151551 -0.0495457142759334 -0.0436036437821037
-0.247260637365926 -0.0562428591979602 -0.186818348490655 -0.017694540201559
-0.229383218981612 0.065948808263425 -0.254998310099101 0.124369538703903
-0.170503839852865 0.162703708964465 -0.198062897937641 0.256402415063211
-0.12399228075501 0.16916267861026 -0.129820664823433 0.287345722263711
-0.136853635534876 0.160351020369103 -0.155713965246878 0.250018037368095
-0.216915008999049 0.0753443110955549 -0.197144091939064 0.16236583491518
-0.218057329615342 -0.0541504963842183 -0.199517862966916 0.0243360063603138
-0.169847621087376 -0.176631590213953 -0.11060806067568 -0.0742112698049416
0.0211349287369302 -0.241436005257486 -0.0155661097058831 -0.100410261616497
0.230021861244381 -0.156091556127444 -0.0735413161756068 0.0259130471386098
0.34907740002966 -0.0720601355891062 -0.337336602506246 0.0378048685687692
0.162174745726293 -0.0541222802819448 -0.595081243180751 -0.134562573814213
0.106011534587638 -0.115253537358864 -0.421838062116706 0.1342231516454
-0.00873290449193236 -0.12202470375263 -0.094060791590592 0.0716612849383882
-0.07066537864101 -0.0521984695964713 -0.0664807086961252 -0.0318829910412623
-0.0774072054877566 -0.0262317123251482 -0.213057568940401 -0.0197057148869432
-0.0890508771439667 0.0100357490209625 -0.293864450676149 0.145085105886855
-0.0850915680815206 0.0473710660748535 -0.236028169872511 0.291975259365023
-0.0657981528195966 0.0478475446427389 -0.166899421833321 0.327784911323002
-0.0731346491143095 0.044209246452492 -0.195434795543177 0.282068453579746
-0.0974505738620651 0.0088987140885141 -0.24298319274085 0.166013614522931
-0.0799187009730406 -0.0421348834365042 -0.229281378985611 0.0044128313222971
-0.0398495440824429 -0.0651025586765739 -0.106725529996257 -0.0847454490262043
0.00435759676247348 -0.0772177167748614 -0.0206733978720379 -0.0794469758624346
0.0753729213762475 -0.0685292864290659 -0.0923479941775087 0.0405442436265022
0.150153536112577 -0.0674535702044564 -0.396415494698367 0.0364853304434561
0.0573436489220892 0.044067207267042 0.417185356776385 -0.041549194568757
0.0822151990353837 0.00801570837595987 0.149993512605276 -0.133488043187414
0.0342820026844519 -0.0692169930613359 0.00489095828148396 0.0458180832954205
-0.0593033818259677 -0.0653916988981246 0.0683656879694519 0.106924300177775
-0.0674110559174518 0.010026082134555 0.226513018173863 0.0478799618294757
-0.0368773431333783 0.048762558169845 0.283863667391754 -0.127587800469087
0.00249561010170366 0.0733001957107509 0.230401770778452 -0.259206969922527
-0.000917078641328971 0.0826910481330423 0.181839926200411 -0.315007482835512
-0.014349718081934 0.0845287118009151 0.212989247831799 -0.295516494901475
-0.0612735205233142 0.0548023907516974 0.264244204660477 -0.175759427685449
-0.0835998090137249 -0.00224435026329301 0.22382460994129 -0.0191762894943306
-0.0706778671461518 -0.0857262736793659 0.101174350742548 -0.000188258262117822
0.0581630270918343 -0.0891067814714 0.125656925235937 -0.0645201380783863
0.105738012950575 0.0226561413119368 0.359327270792861 -0.0839953314867969
0.0570033958093844 0.0748149647467566 0.626761230448661 0.128145451264361
0.233432962386038 0.0381066460170862 0.390591576550887 -0.0382216264200772
0.220092371372097 -0.0629118987769634 0.146078542607712 -0.122237345312398
0.066454261621721 -0.196060420181653 0.0209845340406212 0.031292118953782
-0.14623601437822 -0.173546262877414 0.0580816685938301 0.086625053836185
-0.195432927887238 -0.0213553976737707 0.194587071323577 0.0559161164371171
-0.159906152382841 0.0887051496450732 0.248530182408226 -0.0939321207347847
-0.0851906137532355 0.173929125086029 0.208204467024467 -0.207058654853626
-0.0683060910366951 0.196640200078381 0.166462010906219 -0.25483945892661
-0.0969025778159013 0.201861321112388 0.181879318308758 -0.245468752225276
-0.207063903362065 0.119757539255445 0.22584724274333 -0.148290380747979
-0.240933750863476 -0.0306445374226224 0.19167382033278 -0.024461229306127
-0.2060159254286 -0.225694411873532 0.0858735159041651 -0.0226969475095977
0.0896590617203067 -0.287865512104281 0.125677192002596 -0.100025692510401
0.303772212286529 -0.0934357438325959 0.322156315429859 -0.102705251548705
0.305491056915777 0.0586691247870099 0.542662636494675 0.0933074434785139
0.387723830561163 0.0315930150817542 0.300816916349909 -0.0484535167732445
0.349906878169134 -0.13670692495398 0.106895924240557 -0.0987378114460345
0.0979859683700995 -0.322417628270563 0.0348601069562859 0.0251668707502817
-0.22721209973627 -0.275948584404312 0.0542916600780365 0.0599779327086801
-0.313727504412946 -0.0532546377775835 0.147175241626883 0.0480188423371619
-0.271707233035626 0.117369851771251 0.178931365218551 -0.0571543459768837
-0.16527545824872 0.250657549452232 0.152725585347206 -0.126534442013357
-0.125301019207001 0.281164685183668 0.126917774696721 -0.15576504382707
-0.159254229199731 0.289376278055729 0.124486954853817 -0.155898275094504
-0.315555674364156 0.174169039315298 0.152898291178623 -0.0943031473431837
-0.365456016901847 -0.0406688497335972 0.125536382070964 -0.0221068515185744
-0.330581732779927 -0.318949812411322 0.0506040892644559 -0.044694848710738
0.0827965513970823 -0.44972147444335 0.106071661148995 -0.128950752611706
0.438652086490103 -0.212544524777896 0.247747290180366 -0.106557180459849
0.499478534165278 0.0197001423462451 0.386209747576713 0.0623513415490306
0.499022788505125 0.0194383794191174 0.148117799755339 -0.0699625254926101
0.45076946506574 -0.211849137988744 0.0228840576444831 -0.0614775524177807
0.116502491916713 -0.435200726620247 0.036133595919144 0.0282629976873365
-0.299343828014726 -0.355543723838067 0.044823305069246 0.0287337908112307
-0.403735175117813 -0.0760378722303204 0.0757213953805363 0.029979280335319
-0.351633770088428 0.134818493536506 0.0770407444416269 -0.0133310389158343
-0.224076935204261 0.294337070334817 0.0703395060743126 -0.0252301415214934
-0.163164988183552 0.323797137994052 0.0688732797940366 -0.0335277101046875
-0.193483276584878 0.330586720196371 0.0528737180908048 -0.042269953475774
-0.370537046763368 0.202738048980016 0.0602907267293267 -0.0190175539368676
-0.433412687107618 -0.0389863218846894 0.0359100829641563 -0.00781900456180207
-0.408408268804138 -0.355180823510933 -0.000171299691060872 -0.0577182276305238
0.0533114927561156 -0.536799866542246 0.069089862127263 -0.141532318999216
0.491274735940207 -0.295853966606873 0.149332949201494 -0.0853832130898696
0.604092486146681 -0.0244543317548806 0.183680285167424 0.0441151896538866
0.543074945221203 0.00180367582128623 -0.052282080614984 -0.0971012061860179
0.491612864540907 -0.261654220112366 -0.0998731090744669 -0.010756678831898
0.115684519731407 -0.493121953057476 0.0175424065991439 0.0364200919935901
-0.329363765487541 -0.381816680842033 0.0204947176034384 -0.00552264430884804
-0.433108388806726 -0.0841113588745979 -0.0176920086179762 0.00936674312365934
-0.377686131040041 0.134387777188782 -0.0461737952712471 0.036514254292065
-0.247409522576745 0.29601294719958 -0.0273938261882405 0.083940902299928
-0.176508980352209 0.317924400373392 0.000428092848703974 0.0926365396956724
-0.200967436769765 0.318092632623192 -0.0233904393519116 0.076173574544887
-0.369106423411899 0.190577621341334 -0.0368119122522157 0.062204014507559
-0.425177024825666 -0.0410464911610157 -0.0601697033274133 0.0138186629347753
-0.399649036005996 -0.334302619067572 -0.0537460079724204 -0.0621166128899844
0.0295883331147181 -0.516070218465735 0.0285713124323536 -0.136872624410996
0.461685240793527 -0.30736869994826 0.0499102262258095 -0.0451098057479177
0.604304437544768 -0.0549340923621131 -0.0268409184151901 0.0386763435360097
0.497112714719055 -0.019153324442017 -0.268278887530699 -0.121691061961253
0.440667661812731 -0.262323235801513 -0.234640755520736 0.0449105676221664
0.0923879057532317 -0.452647228513273 -0.0174332582957284 0.0454484290782756
-0.293966759163454 -0.331907231912004 -0.0152635535412737 -0.0341614954299703
-0.37797216330649 -0.0766946461327016 -0.113815242308951 -0.00865446908750416
-0.336468620848008 0.111876970230632 -0.16665202951799 0.0859650902935148
-0.229772691769385 0.251686428194792 -0.12358729952421 0.184513210075452
-0.163023764341502 0.26364709118333 -0.0693187052943433 0.205597462743712
-0.180572225152873 0.257313991350073 -0.0949900491058881 0.17966761374813
-0.313761558234154 0.143592994932296 -0.126291916210303 0.127722772734603
-0.343835659085663 -0.0490068533406122 -0.143667068726397 0.0271742972347016
-0.306168434940215 -0.268959643559054 -0.0927982459753242 -0.0663422007739879
0.022860273975495 -0.403272550146471 -0.00255487618867182 -0.121047089156922
0.367408726946206 -0.24860428349208 -0.0277364158123433 -0.003648853825727
0.509406516270345 -0.0700948749212173 -0.208530034816084 0.0397472204135039
0.361654810314567 -0.0404065675247021 -0.461167531404299 -0.139056579190844
0.300700070457832 -0.208068407590109 -0.349924441494187 0.0933992015688237
0.0473778545377678 -0.314682489299091 -0.0596834707353569 0.0548874787183583
-0.197620715180915 -0.209996311065037 -0.0482326011630997 -0.0454210254533202
-0.248565920870567 -0.053968403794561 -0.184450084856989 -0.0195541351595448
-0.231130821150989 0.069086665302059 -0.256161613757661 0.126565502504604
-0.171181560361523 0.164785872478808 -0.19687347256393 0.258533660691304
-0.123954027024602 0.169075670541248 -0.127502119775967 0.289143575941262
-0.136665103791781 0.158784553268289 -0.154729814464549 0.252198171553569
-0.216940637410795 0.0768693609949073 -0.197308558679736 0.163120688475062
-0.218398812845684 -0.0526074553008063 -0.20112907783454 0.0237550541783972
-0.171031829242187 -0.173857320608232 -0.108464354555481 -0.075223501963736
0.0200259380197324 -0.240437934525312 -0.0178378584123553 -0.101439359294664
0.231550173609361 -0.156579176045535 -0.0743889301082157 0.0263202241788396
0.346574009140525 -0.0697770538012878 -0.334690029233104 0.0413814310449877
0.162235353063827 -0.0536861099430687 -0.590942599472913 -0.139473421710168
0.1059675930313 -0.115552832299455 -0.421330165029232 0.133046009414257
-0.00884092885453406 -0.121865031094415 -0.0953849528528797 0.0721628562527904
-0.0696074419556493 -0.0512510300074511 -0.0658005183972538 -0.0324656212492562
-0.0784753392241881 -0.0253858612194 -0.211566928152631 -0.0204046270027111
-0.0899139861688297 0.010887170459986 -0.295105049211002 0.148104578455084
-0.0856479896517271 0.0482380339738188 -0.235283580583798 0.295345904016335
-0.0661830550602522 0.0470129367757515 -0.164447650727376 0.329637537133753
-0.072927160224563 0.0423206429594666 -0.194809861044833 0.284147100735008
-0.0964336988561411 0.00871188185238852 -0.243454956848724 0.167431550412289
-0.0792026234439542 -0.0403595115190036 -0.230041341393691 0.00412501676034645
-0.0406055884651628 -0.0629522928222235 -0.105343247858483 -0.0851482291393926
0.00272896782581746 -0.0761479928045865 -0.0212222927528036 -0.0805021027557395
0.0762141057297374 -0.0695638571390511 -0.0943124179036237 0.0408124470956271
0.149522627740668 -0.0683153402801992 -0.394337417190018 0.0403815489630939
0.0578621259344702 0.0466226152020074 0.426961815609062 -0.0415400624186404
0.0854520872013309 0.00824615526194502 0.152276411146337 -0.136973279680908
0.0353010993218172 -0.0705262553945817 0.00728750831210427 0.0472713713975649
-0.06225262647709 -0.0679402921748691 0.0711279665589041 0.10983520031649
-0.0687818917068303 0.00985836264666325 0.233151543651796 0.0474549292515946
-0.0371816364539417 0.0499790657265109 0.291731780362945 -0.134947968393325
0.00292490638995944 0.074891071937717 0.235096527671884 -0.269752817965114
0.000509913681280732 0.085259930670361 0.183812704212596 -0.324783662440798
-0.0139443435489756 0.0880742271070016 0.21684149054666 -0.305517984478967
-0.0634171444987842 0.0575557548697518 0.272297709612808 -0.183026167398179
-0.0869761739850437 -0.00271276688530827 0.230929776575716 -0.0199469781336216
-0.073593142752038 -0.0882603328107192 0.10400451902377 0.00132416237711695
0.0605476742144838 -0.0920052304468227 0.129833283965592 -0.0642208694709916
0.108551782341181 0.024525784475993 0.371342777657487 -0.0873572134277471
0.0581791482292994 0.0779627313446619 0.641436025593111 0.131201407924442
0.236787429432676 0.0408691207321115 0.400098356382749 -0.0391525003147864
0.226607112555873 -0.0632522263868957 0.149017980117779 -0.125525591207823
0.0680971536223449 -0.199527135397534 0.0248498885607451 0.0322662774778952
-0.151420073860191 -0.176892769416432 0.0607207520450926 0.0888068244158046
-0.200721565640825 -0.0207238442007458 0.201669431687953 0.0540449254170912
-0.164277505135251 0.0923029968366331 0.255702188069675 -0.100039636272782
-0.0869964805569699 0.179085419755786 0.212643017986061 -0.215515743497636
-0.0690798860694544 0.202373746830185 0.169823666851554 -0.263290179396779
-0.0981958447382061 0.20952620507009 0.185440912924894 -0.253184430159453
-0.213671752690832 0.125920263696103 0.232482809713642 -0.155356016553048
-0.249328396979749 -0.0315210487330479 0.197960256740046 -0.0257404932842519
-0.212745243961459 -0.230718236277262 0.0886562666113467 -0.0225072996745936
0.0927479740346718 -0.296320739396431 0.128739922706344 -0.101234370328282
0.312905250834864 -0.0948882941484488 0.333275249846596 -0.106469165283479
0.312819502306136 0.063114598785288 0.556674227620458 0.0960494764371775
0.393430152380609 0.0348940171847794 0.308838959934054 -0.0507088169458564
0.359572814861507 -0.139812546068448 0.10929424623276 -0.102090109540613
0.0988053424701472 -0.327627720346392 0.0397152720167423 0.0256608371360799
-0.234130216915155 -0.28099637103446 0.0571269364201071 0.0608801586422637
-0.321414917192091 -0.052713064068891 0.153476207279569 0.0454367421344292
-0.27962124204236 0.123547861647848 0.184309406444708 -0.0609971381667345
-0.169764479790814 0.258756362185195 0.156578381959249 -0.131875065326522
-0.126874706406919 0.289083245412254 0.130511934238286 -0.162059479811737
-0.161987864668309 0.2990669977486 0.127161491855774 -0.16119604699061
-0.325254371673727 0.18290476051576 0.158197924938789 -0.0989637692579424
-0.378009753715765 -0.0417375353416065 0.129024739870006 -0.0235354365186513
-0.341466877082428 -0.325933787444565 0.0538189844528983 -0.044824209511952
0.086013197649656 -0.463254434189976 0.107471886316008 -0.131636825514236
0.452064366747351 -0.218219557134287 0.255979947174793 -0.108830453561515
0.511128568286046 0.0241118416927241 0.396775070800444 0.0661306426377698
0.507058099787874 0.0240733571308283 0.153870387474526 -0.0736699473313337
0.464654739786253 -0.216007636568464 0.02385057229809 -0.0642140978483966
0.118914981728886 -0.444195815273594 0.0403689265796606 0.0285851372941864
-0.307309141438167 -0.361295253029767 0.047687293450416 0.0279381374089706
-0.414787265312838 -0.0744377942775304 0.0808062222602172 0.0265232331972961
-0.362820320095965 0.142334510113867 0.0789595555063045 -0.0157312746304225
-0.229390080573227 0.304833520161734 0.0726218613358477 -0.0268344600366624
-0.165452668515744 0.33393235942314 0.0726022873418587 -0.0362337159034606
-0.196720003683499 0.340159821999497 0.0544133715332705 -0.0432992958703421
-0.381817612271655 0.212330149704049 0.0628133807740685 -0.0216254735463281
-0.447394253376622 -0.0388539663882081 0.0365254165091906 -0.00884860846830234
-0.421842187118816 -0.361410717965874 0.00182983957232784 -0.0589926899643569
0.0547069330248009 -0.551714766825535 0.0688121239121009 -0.144801041872527
0.506721886786961 -0.30362904311973 0.154158452711452 -0.0874113110595329
0.61835032936432 -0.0194736505304034 0.189826777094832 0.0471827841920108
0.552297802183395 0.00526163248551271 -0.0504065977755009 -0.102309340938109
0.503949186741366 -0.268487369511654 -0.101811458116194 -0.0115785044765627
0.117172311547464 -0.502925991571659 0.0209691432094158 0.0370055344755453
-0.338521808786404 -0.391409408787756 0.0228843030776035 -0.00750262517461607
-0.44559740225186 -0.0819380585032953 -0.0144700034136453 0.0051557255626732
-0.390070841776287 0.142493296335335 -0.0475514376796377 0.0372164080575232
-0.254164004805777 0.30689097398924 -0.0273695285595475 0.0863670668928807
-0.179663507313841 0.327270506330524 0.00335888799020352 0.0945623408171102
-0.204202555454061 0.326772411819116 -0.0227079964793869 0.0791707630987328
-0.379741621999818 0.200328603784945 -0.037716856219621 0.0623782365394
-0.437956822390569 -0.0410895575358516 -0.0629629916030898 0.0132180855140849
-0.413837240337878 -0.339159678672675 -0.0525317627569055 -0.0642726665793298
0.0288885466282293 -0.530417967566352 0.0263436763717152 -0.140772891904388
0.476577285483263 -0.316738799911825 0.0514489915002579 -0.0459457418065152
0.617790904538412 -0.0521025153478193 -0.0251316324059973 0.0432178100906361
0.506603133749246 -0.0183475643736677 -0.271998676304861 -0.128819086420788
0.453641249185185 -0.269932447978998 -0.240028507357991 0.0455538911952973
0.0942010888706528 -0.462466559432622 -0.0156317634405142 0.0460317640541191
-0.302618145483931 -0.338655245764478 -0.0146771315061605 -0.0364546465635873
-0.389500468861161 -0.0747183651857073 -0.113655750346728 -0.0123802218699106
-0.34682560480813 0.120193508798051 -0.171111564248771 0.0905591071380779
-0.235097201996846 0.261973420905946 -0.125276922495466 0.190141643513789
-0.166295587675996 0.27079795571325 -0.0676818160740704 0.211508238230868
-0.184085871515848 0.263572274730822 -0.0960592825029634 0.18593978530868
-0.322562679833253 0.151040538441728 -0.128929221493037 0.131280149653735
-0.354447053452481 -0.0486752526826065 -0.148956543001978 0.0277557397408693
-0.317324211614692 -0.271854260916117 -0.0934267131661648 -0.0686293943565034
0.021867059846315 -0.413363977512852 -0.00560587208784689 -0.124808079179909
0.379039357162199 -0.256335548951564 -0.0291385172489962 -0.00323357708678881
0.519286556727504 -0.0676488196233716 -0.210621536376818 0.0448133065474939
0.370084906627045 -0.0399164943443024 -0.468752667164599 -0.146920596776028
0.309565384786163 -0.214647496106848 -0.358603053896895 0.0952069831363085
0.047824580354401 -0.321640775127103 -0.0606065840082835 0.0564595863960611
-0.202614555581958 -0.21428647229565 -0.0486862893408035 -0.0474400262222781
-0.255853190174894 -0.0529737293493613 -0.187159980352307 -0.021847320625037
-0.238487304220057 0.0744050373089218 -0.263701255980158 0.132687332788527
-0.1752354836668 0.171823152326354 -0.200504190126303 0.26844422953437
-0.126966010769843 0.173390593136726 -0.127232715361361 0.297471299538272
-0.13930185884637 0.161972809974838 -0.15720555109879 0.260633490307302
-0.222208027286418 0.0803777001391558 -0.202734722317478 0.168959147151457
-0.223899471669889 -0.0524441662026775 -0.20767349641427 0.02424582836419
-0.176275384454774 -0.174557641640085 -0.11060491571812 -0.078032203937762
0.0187870288504949 -0.245525478465598 -0.0207844393548391 -0.105451666764714
0.237870009860204 -0.161539463179396 -0.0771753867929446 0.027291161548445
0.354524789244151 -0.0711488165310051 -0.340454200804189 0.0474020286783798
0.166355523201768 -0.0549802629394665 -0.6029934131964 -0.147328029497539
0.109188265743795 -0.119166719693928 -0.432055545435124 0.135946519980162
-0.00968225769959103 -0.125812069877222 -0.0993274426010749 0.0741445510998674
-0.0704122496227163 -0.051816769890425 -0.0673359319180436 -0.0347911488545133
-0.0810657411905733 -0.0247886454883753 -0.21701734789072 -0.0212144364713555
-0.0928705627767338 0.0127739203114864 -0.303906786531436 0.155533174675861
-0.087727088101285 0.0508908291848807 -0.238875680829786 0.306378530108408
-0.0684915298844163 0.048162961697981 -0.16472034524873 0.33974759918412
-0.0746605473302553 0.0419528488545019 -0.197409271617268 0.293180573883598
-0.0983278165084973 0.00923804097327703 -0.249852376313755 0.17324888887526
-0.0805686454250972 -0.0400721748214204 -0.236892008935741 0.00464837026658192
-0.0414513461042936 -0.0626791564052935 -0.108253379170932 -0.0883008660121093
0.000876968870163983 -0.0774176325292722 -0.0235614623933417 -0.0840072988241438
0.0782745919200928 -0.072666581662599 -0.0975693058367944 0.0426997324228388
0.152808852722875 -0.0699005467780887 -0.401951420275351 0.0455489171555237
0.0603018892634772 0.0486817612486428 0.44265584766419 -0.0527139441091263
0.0907099754206038 0.00745063166614981 0.15456678817301 -0.146805236509158
0.0355862374513381 -0.0739454559033248 0.0111891466053043 0.0492671216807744
-0.0672939700184551 -0.0695532268697541 0.0777050371944095 0.112951456763934
-0.0714344877489769 0.0112711666129532 0.244202387159957 0.0424416553775325
-0.0377973618986396 0.0520371910708578 0.301446023082636 -0.150927537440947
0.00478185944702419 0.0773432028714442 0.238042558871492 -0.290238694240332
0.00361658859942733 0.0891479325424083 0.181770307893119 -0.34545269229079
-0.0118478331793959 0.0944395093296522 0.218332069132064 -0.325641369506089
-0.0659608118490962 0.0633929554065723 0.281141879549058 -0.199150463145833
-0.0923571276680077 -0.00127359993414519 0.24260545885238 -0.0255524882269211
-0.0794784286366731 -0.090831029333904 0.108497022485146 9.3086130418725E-05
0.0619678035374743 -0.0977958626240068 0.13520842410188 -0.0685297030736039
0.114195482821279 0.0242555085914714 0.387844005946829 -0.0995557431926491
0.0618097674775922 0.0807662286409349 0.668348289445276 0.120539593420174
0.245137435055033 0.0397249658049537 0.416434671380135 -0.0498016519179681
0.236141679835358 -0.0707154802366377 0.152137241870928 -0.134458498932659
0.0665705231775828 -0.206335222085676 0.0296827406334841 0.0325659764714135
-0.16239257486291 -0.180162698133214 0.0666464009661908 0.0905214125206611
-0.209875163829665 -0.0166109724054905 0.212211822865497 0.0487264383517247
-0.169471771441582 0.101028596599395 0.264672521967755 -0.113154095994973
-0.08593572194356 0.189488670952047 0.216643011162908 -0.232804465951156
-0.0656290358899397 0.213109332768698 0.169549829630012 -0.281303224063444
-0.0961890701030489 0.221891196390151 0.186530522804812 -0.269749914887401
-0.221375550134997 0.139158312256116 0.240189310673768 -0.169834637882028
-0.263651740520829 -0.0281091998693731 0.20678413496622 -0.0311418237006344
-0.229348571815771 -0.23576888657669 0.0936731936341059 -0.0242721964977295
0.0911096135811067 -0.311937444403456 0.132602945350582 -0.106411662014656
0.326388318083629 -0.10492493736216 0.347791897487709 -0.118839680856336
0.326949763497953 0.0610732760739697 0.582060448772124 0.0884621242231786
0.406773527980765 0.0313399016681616 0.322040556750165 -0.0607878843750806
0.373077500069489 -0.152771674841635 0.111637149942602 -0.109078929504024
0.0960516481390973 -0.339703933080929 0.0453632616055836 0.0252487688650772
-0.251215225326964 -0.285865937540547 0.0624422254513639 0.0613070389854476
-0.336702113086499 -0.0465194792710497 0.162745865939795 0.0400367316781872
-0.289595740499646 0.138004379376372 0.191035740719103 -0.0705688007506547
-0.170470984959278 0.276514857151927 0.159581718564268 -0.143927803940067
-0.125277571039351 0.305806793325849 0.132816540236021 -0.174059666330243
-0.160127133493828 0.316598840126635 0.128507709972026 -0.171617797151826
-0.335815359968459 0.202090029846917 0.16325615522234 -0.109522087156807
-0.398563156255808 -0.0357464785164686 0.134527750285566 -0.0275746828810177
-0.365477257339349 -0.330215653048917 0.0575024181779081 -0.04821697908285
0.0799366904199354 -0.486162039243685 0.108175374160915 -0.137618879378818
0.470481892474425 -0.23667361823112 0.266140999156156 -0.119994364758215
0.532829025902913 0.0182831768541371 0.415008749851576 0.0617234258676872
0.525153474794836 0.0181012654963009 0.160998644308463 -0.0824662866798303
0.481593979137636 -0.235445928480651 0.0234902418543412 -0.0680627116093716
0.113932061035419 -0.460486216849221 0.0463175911511863 0.0279916881708352
-0.328855237200717 -0.368685234447332 0.0523462726557121 0.0269178548967154
-0.433599696907263 -0.0672064479381305 0.0878484836530873 0.0206146127740609
-0.375938118873737 0.161074192398378 0.0825950580856599 -0.0191310915865369
-0.232068237739295 0.32662779912589 0.0754275605675413 -0.0311239830671421
-0.163907467374428 0.351990291281747 0.076118427338053 -0.0415681194509384
-0.195467136685264 0.360603865424498 0.055901673373983 -0.0463953477060477
-0.394527921188107 0.234984325637242 0.0657752396069321 -0.0256731889078715
-0.470515408145422 -0.0308771174513459 0.0369068074769771 -0.0103646023266816
-0.45037125472008 -0.363503530438506 0.00271693518049458 -0.0625313622721419
0.0450944946626472 -0.57637977130536 0.0667636673978457 -0.151473527387304
0.525670296293898 -0.328185548877975 0.15985533650937 -0.0953301464011429
0.642936874134023 -0.0311249604591709 0.201089609262543 0.0474503371792717
0.572662160645102 -0.00276680974414734 -0.0515221685359058 -0.109357226827032
0.522910965579547 -0.291824037100444 -0.106441742116554 -0.0110457896552687
0.1116509457158 -0.522789381411107 0.0257401086214578 0.0371465337755328
-0.363058017445997 -0.396437107713395 0.025252794388932 -0.00951789790227788
-0.467107511729189 -0.0738545699790428 -0.0116524799241044 0.000820628648654006
-0.404646451969178 0.16346405755256 -0.0489958349072076 0.0400915085903289
-0.257402964618551 0.329690219376501 -0.0254285824796782 0.0905356390612795
-0.178649031849614 0.346698432985623 0.00808461226461018 0.0968960143094205
-0.204606490454114 0.346095229161807 -0.021049938991305 0.0837555103777526
-0.391993334961368 0.221688328246147 -0.0374404988953383 0.0653133201367263
-0.460320810018533 -0.032699773845201 -0.0669563498827477 0.0155959771938745
-0.439403506846405 -0.340059826850664 -0.0541915914526949 -0.0668872638171335
0.0185064767664859 -0.55474926213873 0.0219318197536792 -0.146885996570316
0.493172885052326 -0.340211810033058 0.0529127110727926 -0.0497386681861682
0.64093751584012 -0.0649133564567514 -0.0225229958305159 0.0483681258126274
0.524487957748191 -0.0269965674228413 -0.283604535579314 -0.133318435021094
0.4698336896285 -0.292186158800816 -0.249057479049191 0.0520171497720665
0.0873595225014742 -0.481696088813877 -0.0145239592596544 0.0480701722449831
-0.323257749994693 -0.345218925064427 -0.0144681395306999 -0.0390917192682977
-0.408545976954162 -0.0665504899700245 -0.115738722610814 -0.014699693514179
-0.360054656987433 0.138198767952879 -0.177018322508728 0.0997889198508377
-0.237820881636387 0.282576416562759 -0.124134108058362 0.203128455169888
-0.165861854280508 0.287739095692359 -0.0625146221738731 0.220790851531591
-0.184389386873923 0.279334432907369 -0.0945968469308787 0.197242211740008
-0.332088642731507 0.167572039132337 -0.132275318524131 0.139846524296735
-0.372391644881033 -0.0414236347094466 -0.156916287916514 0.0325697909942097
-0.33787636403923 -0.272729666252794 -0.0974267724276213 -0.0709082341461028
0.0123438691279383 -0.431200843322115 -0.0112114113921001 -0.130504983610717
0.391584431313414 -0.277173009287024 -0.030957787355457 -0.00202857439951052
0.540175548404262 -0.0806574103231017 -0.215652263160609 0.0547399133917525
0.383104125954525 -0.0482570189368722 -0.489241358168287 -0.14759723228514
0.319691961580736 -0.231132678201596 -0.370889380878013 0.106189749529339
0.0423876311128587 -0.335990521046009 -0.061630760193112 0.0602473739509211
-0.215543207884618 -0.217717706245235 -0.0516703589112616 -0.0500509077105372
-0.268804996434155 -0.0474917031369145 -0.193555615771016 -0.0216816796336429
-0.247650221834622 0.0866210742932796 -0.272217634326076 0.147344840086568
-0.177934950098381 0.186268614490875 -0.200858098214287 0.287816274498453
-0.127890257816142 0.183818818109637 -0.122343009549081 0.313256902671612
-0.140788975581797 0.171383235892853 -0.156002777386558 0.276567833587051
-0.22930203993484 0.090538240066599 -0.207761375457474 0.182087955822906
-0.234519571557528 -0.0487352118152777 -0.217973086158522 0.0306469837960782
-0.188022831082293 -0.17515646082758 -0.11539961203214 -0.0801106779499922
0.0131849764419531 -0.255634439296348 -0.0265114567376202 -0.110524333220562
0.245517526968532 -0.174934980739265 -0.0807111284592656 0.0314211356792569
0.36667965303582 -0.0803589366855814 -0.350222863610683 0.0603544244580751
0.172682144684097 -0.0606037011660748 -0.628461874479562 -0.144739654550339
0.112392386200845 -0.126542336495429 -0.447316203611756 0.150946959454789
-0.0136518094036393 -0.130528610292994 -0.102888591257368 0.0801416256596028
-0.0733773895259109 -0.0525371395368225 -0.0708967874766279 -0.035407866213585
-0.0854994755383253 -0.0224268599870984 -0.225999712537004 -0.0185244996399815
-0.0965960172868914 0.0174385461441176 -0.313666030526286 0.172911445603141
-0.0894976385040923 0.0566272858960731 -0.240138349062653 0.328081437778096
-0.0708493144034421 0.0514557016683369 -0.161271848528834 0.359296168249311
-0.077557062970901 0.0439882051319658 -0.197613322367808 0.312353213922002
-0.101493641964428 0.0115258665318188 -0.256954114986118 0.188865010703445
-0.083867786411821 -0.0391419921423654 -0.249386621319085 0.0109545587071411
-0.0439061926529145 -0.0621017857211053 -0.11429886368228 -0.0904386285457
-0.0019749425956277 -0.0798533844197537 -0.0283687720495989 -0.0883485530309711
0.0800374572650023 -0.0789147357295178 -0.101459992248851 0.0481574361452023
0.156921672367558 -0.0765007353483078 -0.415018518465012 0.0611472679460867
0.0645526302949879 0.0484940944094476 0.456464936039254 -0.0758562891043101
0.0952304453210296 0.00314341581998993 0.152319579254833 -0.160198091008651
0.033680765023468 -0.0779183236232526 0.0166678828765038 0.0505238041325875
-0.0751365726441772 -0.0689452874669389 0.0877665700352034 0.113009272486858
-0.0743658165059785 0.0152820191343104 0.255539805995434 0.0287220842888309
-0.0367547171348366 0.0555275087855422 0.303379109622048 -0.176486784228989
0.00913062359278533 0.0793761343791903 0.228759374650616 -0.31658115533041
0.00953588228065269 0.0923572538361938 0.16780212063921 -0.369331940978794
-0.00550038362318993 0.0998644687952844 0.206494157090621 -0.351605784931939
-0.065421811340372 0.0710556667149928 0.281377320534904 -0.224919714301245
-0.0979596508545541 0.0027927965311965 0.252995722177546 -0.0394791099542427
-0.0881864094182111 -0.0898909780228584 0.112435373179346 -0.0043203064129368
0.0602713656943659 -0.105053768411605 0.138599998400311 -0.0767649495254838
0.120264533463591 0.0199373788567218 0.399057745189362 -0.1255805263401
0.0679117913531308 0.0811115069252246 0.695267960637254 0.0905910450860671
0.253558013678238 0.0316437770180518 0.429449613989892 -0.0729684610521696
0.242402962590705 -0.0851020858721777 0.150418102664921 -0.147009553591051
0.0590193336104038 -0.215490489137283 0.0357760063849978 0.0315583031030552
-0.178416370829448 -0.176967212501394 0.0753658931016083 0.0894099644315583
-0.219221432106808 -0.00616023579057984 0.223269405393182 0.0360629088119251
-0.170955400281084 0.115225090611722 0.268062019701923 -0.135275239992547
-0.0793349260450204 0.201896194504889 0.210806135347377 -0.255696290480578
-0.0547506608034465 0.224949419158829 0.159590977014719 -0.30259139300414
-0.0861914719014063 0.236649993431362 0.177088302602546 -0.290278934070289
-0.222614720558183 0.159915674510874 0.240957293813667 -0.191929691779215
-0.277883421767979 -0.0152632698086074 0.215114243190445 -0.0434930842432606
-0.251703399872547 -0.231681322700943 0.0970903236973716 -0.0300347281560464
0.0794419615069919 -0.329963695332641 0.132426456444232 -0.116136594616687
0.335170209384113 -0.125047700300816 0.357162417102 -0.141662005515985
0.341070080240282 0.0483613286671258 0.606204068939539 0.0622515185803612
0.420323381657407 0.0154897000328248 0.331020843785824 -0.0805895552134383
0.381356654573408 -0.177679714691633 0.10992720644072 -0.119329371905918
0.0836121278540714 -0.353516334140364 0.0514322919221531 0.0225662557820116
-0.275964196797772 -0.281427852256692 0.069528666378972 0.0592035945355849
-0.352189486846307 -0.0296449726992158 0.172904209991295 0.0283639170225032
-0.292870319192809 0.161962802462553 0.193700423302851 -0.0852849302325969
-0.161151585405017 0.297871297904924 0.157461224580722 -0.159772810316434
-0.111073277316002 0.324028170061597 0.127673977327189 -0.190623036511428
-0.146793974493933 0.337956375113198 0.123120010455456 -0.185212380268431
-0.338072376959517 0.232222553513647 0.16447254092093 -0.12465718782844
-0.419272165499524 -0.0156794363350968 0.139719445320807 -0.036357270739156
-0.399278276284989 -0.322291635116795 0.0588054592654954 -0.0532677426057058
0.0585997912455105 -0.510528645082936 0.104785870924928 -0.147027606504342
0.478698099048162 -0.270020485691874 0.272081957220109 -0.138999033556591
0.553945813218793 -0.00528871422110608 0.433983962449633 0.0430545706143387
0.543055796097116 -0.00381333817710308 0.164843641455323 -0.0967001682615885
0.489661137914145 -0.269817903829544 0.0213290778096917 -0.0725847709525494
0.0937166383613028 -0.479575778709983 0.0525733409071324 0.0254668839459678
-0.36144276601731 -0.362072534917617 0.0571263363829076 0.0239647702341768
-0.454286705043178 -0.0449046597281753 0.0947945521704943 0.0114821876237901
-0.381973086681917 0.191790810712854 0.0843972535937226 -0.0259937486949362
-0.22199740440854 0.354181312370012 0.0768438995919526 -0.0372849208329251
-0.149199362739102 0.374461995579194 0.0773425025400045 -0.0499242647129427
-0.181466249612013 0.384766409139168 0.0552191390752578 -0.051194261675671
-0.397259801610962 0.269239901411593 0.0673201415367747 -0.0321958639042305
-0.493677441043328 -0.0074088634712817 0.0379182363388457 -0.0130793685294149
-0.487762349232017 -0.3518069664326 0.00178652385256507 -0.0660982747561328
0.0171380807732767 -0.601403070991466 0.0594603233285778 -0.159962895232996
0.531875877351335 -0.36760744011325 0.162269318970005 -0.107772351498471
0.665636566237223 -0.0608659195784857 0.21307833956113 0.0408634630512299
0.591169162666319 -0.0285326892365662 -0.0572289886630417 -0.115706636161523
0.530674412447212 -0.330796160685104 -0.110481072189673 -0.0066845990262485
0.0877282484971513 -0.544971479657557 0.030802675888938 0.0359258644923018
-0.397535742648713 -0.38962996649252 0.0271568061488231 -0.0132200353616632
-0.489711106691681 -0.0482728642831123 -0.00972106883124067 -0.00475870765369596
-0.410717355103986 0.195689505067697 -0.0488968399992961 0.0437003583904939
-0.247993888822409 0.360527129677509 -0.0208555988654179 0.0957040479315314
-0.164882233835594 0.36973142005629 0.0146168335039529 0.097205814076299
-0.191499342272205 0.370538131119057 -0.0173800641251576 0.0885366159845047
-0.394773997126325 0.254684520980167 -0.0350516335161584 0.0686746147164928
-0.483182503998508 -0.00866142874361694 -0.069241747157905 0.0198703028123753
-0.476101609331445 -0.32696716345783 -0.0578607815912798 -0.0685440444213684
-0.0102001933551317 -0.576525393451992 0.0118864832079348 -0.152719640339734
0.49679066576128 -0.379843428075673 0.0526662136252289 -0.0542854305257601
0.662489783707999 -0.0960689363671081 -0.01787730373371 0.0538605542172774
0.541548561792861 -0.0518087475550532 -0.298821883310226 -0.128704348671482
0.474201876938354 -0.328045079808467 -0.255663313027401 0.0652985625675747
0.0653099315046021 -0.502780135309249 -0.0111298162036807 0.0499943772358162
-0.352839854602856 -0.339697393861704 -0.0162311836947028 -0.0416848982202181
-0.428137124058686 -0.0455631646714337 -0.118559288973657 -0.0149298446447981
-0.366090829523859 0.16708206775573 -0.178554534895315 0.114110873658666
-0.229678918855024 0.309450966624119 -0.116553649723287 0.219383023552688
-0.156157921204109 0.307740462768441 -0.050699756344816 0.231022924388348
-0.175169995409576 0.297835935447119 -0.0873437246960336 0.210700683096451
-0.33522804704427 0.194438586857333 -0.129331866069598 0.152778506353616
-0.390042211640908 -0.0228203404563887 -0.162686147074921 0.0427910150903485
-0.364569994687731 -0.261572065612253 -0.103244920212029 -0.0705350116355589
-0.0101543257110275 -0.447326025818158 -0.0221366924838053 -0.134883797711466
0.393545035336797 -0.307476462989298 -0.0323547865783634 -0.000405968306310606
0.554517877377752 -0.106723841326275 -0.216638378103148 0.0708922040235183
0.394478286462361 -0.0677247651340565 -0.513645760290308 -0.133827352341307
0.32256144645681 -0.257943778483688 -0.379776738166351 0.12814313225156
0.0258014182763403 -0.349011360774289 -0.0609689583647458 0.0656451861205084
-0.235107396438905 -0.213791578497548 -0.0553115914485297 -0.0504871853438317
-0.28144350844291 -0.0336659937143164 -0.201003306663324 -0.0161740574133457
-0.252207509806802 0.10722363279449 -0.274256135185269 0.1704900633354
-0.172909384101604 0.205641348962886 -0.190381631772379 0.312119685312549
-0.122786794454809 0.198236532219229 -0.106892258441744 0.3321854330173
-0.13661561108923 0.184093044151401 -0.144979361388552 0.297114317610834
-0.231897171535691 0.10647097619362 -0.205857287372679 0.201734465834354
-0.246492449181299 -0.0367914000660408 -0.22628893980309 0.0435952712221559
-0.204598420640512 -0.168919448944265 -0.123644243972478 -0.0780493861372605
-0.00132714230001098 -0.264447481805064 -0.036107255336022 -0.113922534518537
0.245864191083144 -0.195496446022626 -0.0824153170481889 0.0376584989506548
0.375320701382022 -0.1013046321114 -0.355402646542146 0.085086759701172
0.175921921823776 -0.0719586024570965 -0.659603132032556 -0.122913424008194
0.110625426423738 -0.137978022918278 -0.456611331828657 0.178729363955594
-0.0218249704604395 -0.134265054596852 -0.103806747657908 0.0892474502629726
-0.0777096593451718 -0.0503894247909665 -0.0754330717299533 -0.0337808167064602
-0.0893897663934591 -0.018300718227736 -0.234522969469398 -0.0092396174781522
-0.098535794147068 0.0249675304598283 -0.314874781102618 0.199117744873694
-0.0887549089505506 0.0645006939268213 -0.229214236958766 0.356685455254113
-0.0710014742850292 0.0574495870721293 -0.1444422129875 0.381139838657495
-0.0786542173434226 0.0485389965037072 -0.185968620973281 0.33547360799646
-0.104107166345902 0.0170513440793815 -0.256824036599691 0.212264419910256
-0.0878371440809099 -0.0351953629471834 -0.259840190165078 0.0252262027196544
-0.0484310877220771 -0.0598627983666684 -0.123155821548548 -0.0888343616234194
-0.00815612235822847 -0.0815665110807684 -0.0362139259698238 -0.0908221282402438
0.0789660908836121 -0.0876084764816236 -0.10390219674977 0.0563802314748448
0.158169931298169 -0.0871499096881215 -0.422214162307126 0.0889692096163985
0.0323420217185009 0.0703917592984137 0.456953142700118 0.132734384057772
0.0838690555311023 0.0457320093269593 0.20759880162289 -0.0829644418024635
0.0669630607879137 -0.0576404220000934 -0.00705153461807152 0.0548286549186067
-0.0397779942973003 -0.0975343995620717 0.0307735568762601 0.144267457126408
-0.0760541002899577 -0.0232814016122842 0.221621385130989 0.140313175636244
-0.0597439532835137 0.0319216196998847 0.357376776967693 -0.0284694709560968
-0.025349038936379 0.0735497885122745 0.348396320350335 -0.19047221298338
-0.0313894872069643 0.088899260620738 0.308451426300811 -0.265608806511693
-0.0478834151281023 0.0877828561847507 0.334989618273222 -0.234790536035606
-0.0907339831534311 0.0357861237631112 0.351082951860965 -0.0869029744677577
-0.092030970445709 -0.0415423994329356 0.248311320257062 0.0710530725448154
-0.0398997016293905 -0.120548303011544 0.104094998046515 0.0429723215730798
0.104655815770203 -0.0699352617474518 0.165766137996487 -0.00548687028480934
0.107569977393553 0.0698696976062504 0.425255933024997 0.0695381968029297
0.0272999195586747 0.102504101545687 0.588425164560834 0.41040100862099
0.212661879159583 0.14010817322102 0.430858671641451 0.117777313408397
0.258698001054916 0.0285745829363118 0.195110270506644 -0.0721412237771863
0.149570495908394 -0.171142205671334 0.0149892514276986 0.0476056487125792
-0.0879768667251765 -0.238335056760044 0.026415182227757 0.119959088334401
-0.197984760288935 -0.105493860567144 0.189442602627381 0.139136038726197
-0.20891240640507 0.029998363420898 0.309659304216222 -0.00282527698335651
-0.15951754656028 0.150030297364555 0.3058378898224 -0.141774834401375
-0.149909361528107 0.184425523603701 0.27365369427405 -0.207401326204864
-0.180230127213632 0.180199537539347 0.283060187552224 -0.192306426340421
-0.273785348980422 0.0526824057246087 0.298775461532575 -0.0767756500670734
-0.252269126214392 -0.135655174673917 0.213415646886029 0.0457046185536403
-0.128495498269303 -0.318671213271137 0.102008081966495 0.00563154386108779
0.221472338368684 -0.267639999047087 0.183083238384488 -0.0454511193259219
0.367717141321081 0.0301850574750717 0.395813670848192 0.040929446218334
0.291206639566808 0.192229847975459 0.518851425853227 0.348466846660661
0.371951607402327 0.200419400888316 0.344617063788567 0.0607727096243729
0.427644220866492 0.00455489921019459 0.140654167798534 -0.0638451136459472
0.232992440405189 -0.287008094206827 0.0292160201399657 0.0483301222839357
-0.130280713529563 -0.374015462972845 0.0318737178277366 0.0921053087998371
-0.309485908158457 -0.184092751856552 0.145130075704327 0.114706390997513
-0.341442963391932 0.0209896735919459 0.221586922619702 0.0135259807708708
-0.276555372908859 0.20505494325464 0.216257787165047 -0.075078622198636
-0.245272580016176 0.251742077133215 0.198168721897991 -0.118071539981311
-0.278793364505496 0.247093124713014 0.188700556182944 -0.118798439545987
-0.411191198401776 0.072334276907498 0.198797306947782 -0.0494011355974066
-0.383283369725182 -0.19690048860735 0.139128528497663 0.0153576534133651
-0.224879896126386 -0.462417525112883 0.0774081717408531 -0.0387543384386755
0.282227821029385 -0.442421214658284 0.174301589362526 -0.0902478033711894
0.562157033911056 -0.0395105615655293 0.317701846315354 0.0110577210992586
0.508088502369242 0.236495873295774 0.370641813721387 0.25420519609629
0.495145706722513 0.239478247901936 0.198084150796428 -0.0329554898434322
0.569646764962247 -0.033006769935716 0.0343228871150392 -0.0598995800142315
0.299390773077909 -0.398359899348702 0.0248191551819938 0.0525163734528168
-0.172742481822466 -0.483725265980037 0.0329865285316495 0.0562904025394171
-0.396074339640438 -0.241167561827001 0.0806697088135005 0.0691642124347255
-0.436587003552347 0.0124180400747255 0.0961234342332651 0.0218968230741684
-0.358436322800065 0.233234770266998 0.0902516094130668 0.00204398537826485
-0.303946306286787 0.282259505133557 0.0934587993483514 -0.0113656323092031
-0.330032959973572 0.275523835810385 0.0696879920493806 -0.0249442850955708
-0.481129191694192 0.0831093201096227 0.0706249875127392 -0.00655434508464588
-0.45713743912226 -0.218975652709787 0.0344917379512136 -0.00937861033562776
-0.29515910891895 -0.526759976623848 0.0307120969061711 -0.0785611108921502
0.284775831870639 -0.545502215886417 0.139066351763524 -0.124765561007104
0.652317681062966 -0.106280582442795 0.203219152152272 -0.00871137330709833
0.632967460847902 0.235188420505633 0.169818712431618 0.149396877369377
0.551273089547688 0.241858407780003 0.00093807054509444 -0.151158726725976
0.636922034397975 -0.0721873794653919 -0.117971855260365 -0.0566603867542428
0.322814661947746 -0.460862441544868 -0.00209638140905849 0.0538604465121296
-0.194455356898031 -0.525630831178177 0.0202872901508827 0.00984309154698973
-0.42525200567233 -0.259204819972228 -0.00826208522859526 0.0101058453301313
-0.464314272230159 0.00570856119753326 -0.0564014367033513 0.0285944765629036
-0.384236368431273 0.229378093729231 -0.0568460707769494 0.0824178006230826
-0.316281536052994 0.27164203609732 -0.025406970818861 0.0963765893624617
-0.332566646387545 0.257980320506272 -0.0554476394839849 0.072713639085682
-0.472202086250863 0.0719915210437549 -0.0653388389670181 0.0417907078502226
-0.445738933724993 -0.215994001074295 -0.0783387055717552 -0.0262910864355669
-0.294378258206513 -0.497947725079531 -0.0234448182138848 -0.107348693537313
0.245867938590357 -0.535010288919213 0.091088845351396 -0.1408052337403
0.623794757607808 -0.131333487552444 0.0773669812014003 -0.009900691944185
0.644427980048086 0.200482798427328 -0.0455100352175379 0.0532595413705663
0.519365923073703 0.201354540129012 -0.216681809847809 -0.271027424987078
0.587984251466561 -0.0955018168021502 -0.282478609479748 -0.0532888201881893
0.283207656553635 -0.433358962792331 -0.0461861210805109 0.0480110685473941
-0.174688878931738 -0.459688890385182 -0.00561970165964766 -0.0361671878004403
-0.370204688171853 -0.227099854054591 -0.103480971140962 -0.0496570762581191
-0.409265271503697 -0.000309450636580226 -0.207513646666454 0.035096342987978
-0.346066268609983 0.191701216025057 -0.198670870106756 0.153843281578371
-0.280057865746421 0.219198275558556 -0.141993064307754 0.190864479667103
-0.287080862122727 0.199005355644262 -0.169897709085215 0.154875139096182
-0.391342440210253 0.0413106044861345 -0.186289745744325 0.0791707336615319
-0.353339175135606 -0.187371229531759 -0.171726596600021 -0.04264732149649
-0.222866464654595 -0.390637901020013 -0.0633508607009961 -0.125291864531238
0.187764465974779 -0.414211505481833 0.0482315434964118 -0.139566116742373
0.496238003255567 -0.111525471659193 -0.0276657649650519 -0.00234381639515462
0.552151685229864 0.143947620987285 -0.233873290850443 -0.025824495783345
0.394385416758431 0.121026144027975 -0.413960000746052 -0.367735682946435
0.418352472346287 -0.0952777703623037 -0.42001308163519 -0.0487397354513787
0.179267482479704 -0.309960494355356 -0.0950387081752996 0.0387324305546313
-0.120607695827317 -0.293986685932391 -0.0349207626808262 -0.0653182462341484
-0.241728927444961 -0.150702196521915 -0.178326951705599 -0.0924809492525285
-0.277383460489783 -0.00619154974942081 -0.322205297826715 0.0421967242032315
-0.248765580243275 0.120606184442581 -0.307603212036391 0.205838905289928
-0.200940259419263 0.131362375153975 -0.23609158882454 0.258071755981806
-0.202387738781638 0.1115475914071 -0.25833726671004 0.209223060967655
-0.259164127190194 0.00357276317522888 -0.274483842318763 0.0929732016556032
-0.213323095634249 -0.138142131814104 -0.228802870257299 -0.0655178941813314
-0.116063162977917 -0.237369669086763 -0.0767512496847871 -0.135733474197437
0.113784411998919 -0.242288082112423 0.0217207043125667 -0.124274907599074
0.309407776013317 -0.0720117786513203 -0.0921135856738149 0.00577526329748249
0.385919883219384 0.0713090857527698 -0.365511850430039 -0.0807632280040005
0.198536764391713 0.0198946250037263 -0.554112341525892 -0.416041967180224
0.170367569862775 -0.0775415946993169 -0.504590390517201 -0.0360341201779272
0.0404737252611707 -0.133431800385687 -0.139196475753819 0.0386046883621863
-0.0468582786424432 -0.0777925261500582 -0.0555927843234015 -0.0626481239395147
-0.0725693695758028 -0.0522246304381873 -0.211891499365024 -0.10895348193668
-0.0999021072437028 -0.0159459304343613 -0.375777509395371 0.0467985522638312
-0.110222583927975 0.0262776781325713 -0.363668005660251 0.229465162197538
-0.0912477606336508 0.0229763856922502 -0.291798910883691 0.286774371578276
-0.0919510774365538 0.0122084339956494 -0.310792814236818 0.228165483333014
-0.10277417886423 -0.0253953701580563 -0.323273388467797 0.0837226376838543
-0.0668635337203273 -0.0679795318746469 -0.249298291649197 -0.0921080940534684
-0.0205374162049227 -0.0739341412465792 -0.0717130358964174 -0.138908278304244
0.0262887398537044 -0.0784236464007286 0.0070820805268962 -0.102435104431544
0.10854885427684 -0.0461270970260506 -0.120937519585405 0.00807144832303485
0.182087154187284 -0.0105681951943505 -0.426124376699228 -0.112489217525383
0.0356770308362593 0.0682634508622135 0.461206972487415 0.105370396626383
0.0865666922492185 0.0409530029201923 0.200689992613796 -0.09469151686703
0.0636170086063375 -0.0602957527148852 -0.00121394122014405 0.0544589227915763
-0.0465950670765732 -0.0939422601919035 0.0404034707313227 0.140522207275432
-0.0773597517720806 -0.018950627409084 0.227487695735121 0.12546056173786
-0.0580022934732389 0.0342904270313763 0.351949570937127 -0.0529291900672087
-0.0208514003723597 0.0736468726563764 0.332374840617041 -0.212428028808743
-0.0249455107176584 0.0899874244338901 0.287565256544958 -0.282705734326814
-0.0407471869902434 0.0912038899783093 0.31639896169062 -0.253829280565228
-0.0883974536243062 0.0422325759730561 0.343141990226442 -0.109962445574694
-0.0957250440739312 -0.0367581032793243 0.253248985882969 0.0565124681366267
-0.0468892528632699 -0.117018780486644 0.105194218590627 0.0377412800288125
0.100784747364236 -0.0764977335761359 0.165948476853107 -0.0127829831458703
0.110478031824729 0.0641137631021613 0.427792734163885 0.0429443485528181
0.0321030431057104 0.10042787097669 0.603663330449962 0.373086344922436
0.216556238309584 0.128394507275462 0.433876978188923 0.0915080162446957
0.258963921222185 0.013619352870121 0.188998198541697 -0.0828034515523521
0.139289283646348 -0.175821455937284 0.0208468864904594 0.0461108844417959
-0.101855589803594 -0.230275389313421 0.0346021044366727 0.116685773165522
-0.203512764143378 -0.0926494376408051 0.196315563575198 0.125057936705659
-0.205968614930476 0.0428844751192047 0.306224850955767 -0.0240976911463454
-0.148634721716843 0.159300129252352 0.293664425568055 -0.160994285183879
-0.136247614660398 0.191765734101208 0.257822414629261 -0.223575128328662
-0.165912656653545 0.190442244696725 0.267618259790116 -0.208159419204115
-0.269676448574581 0.071068678363202 0.292213863266046 -0.0964018629038861
-0.26155006527132 -0.120869631479431 0.216659579104688 0.0325606288174645
-0.147410833354161 -0.307648656478721 0.102168192282952 -6.82770931809595E-05
0.205492015274425 -0.279460464207381 0.179105741750434 -0.0542317115550488
0.367728422399283 0.00902448899620147 0.395821352284443 0.0177170408657835
0.298015509069141 0.175826351188326 0.53379682022985 0.315878318077204
0.376969875087896 0.181357231503825 0.346273909853762 0.039287470992601
0.425348137813139 -0.0201720719951871 0.136421575265459 -0.0723268363773322
0.214447430051542 -0.293784839117109 0.0351976424349642 0.0453290271066156
-0.152831957022981 -0.360606720177562 0.0383486898465737 0.088054196963503
-0.318160004871698 -0.163516990416043 0.152935971823778 0.101276064852393
-0.338384889529164 0.0436386832284216 0.220401613383195 -0.00266038345877833
-0.261375206890336 0.221862963716928 0.209469491038886 -0.0886733430456039
-0.227297076902857 0.264924631556557 0.18837632100956 -0.129996147942921
-0.259946938759347 0.262524208396492 0.178835528282404 -0.128893832742432
-0.404140468593733 0.0991291740007579 0.194953835473265 -0.0629285174495783
-0.395157521283914 -0.173443038390033 0.140423654433414 0.00657862360881467
-0.251349833479421 -0.444944066937133 0.075528040273015 -0.0441055042014716
0.254930659110068 -0.456275491596143 0.166882511925675 -0.0974946773870533
0.558623219033705 -0.0693891946433329 0.316892066902743 -0.00847451633092945
0.515525934219609 0.208779416768127 0.380765681964503 0.233819518152286
0.499060759221934 0.213670082049446 0.196611427693861 -0.0459865308601926
0.564447812337 -0.0647033208331377 0.0310096943484112 -0.0627263837218669
0.274083911786265 -0.406903497363631 0.0304350300963353 0.0502523645776556
-0.200770279680556 -0.467153844873944 0.0379825885364222 0.0524366265295238
-0.408528869136928 -0.21460982595014 0.0868898299804627 0.0583427691522628
-0.4320615089225 0.0417641909426063 0.0963784503369653 0.0139530015466542
-0.339587913406771 0.255776564375396 0.0892416256870178 -0.00329305804212639
-0.282457124944965 0.299280736018785 0.0918239378791513 -0.018730032952973
-0.309036629333714 0.293535684104586 0.06668074575168 -0.0282943770986078
-0.472667536292028 0.11463664810544 0.0701058215201754 -0.0130491390426329
-0.470346413231304 -0.191257650605166 0.0347499403963364 -0.0117514037109327
-0.323545733838695 -0.503634191944682 0.0277169314074755 -0.081409262532985
0.250862482259963 -0.558717121586816 0.129166375732511 -0.131228243584727
0.643955445033345 -0.140803908056746 0.201983151658513 -0.0208644256719943
0.639152304835985 0.200458232579855 0.177642734709494 0.141252511776699
0.556419230432995 0.211672056062267 -0.00518604507991821 -0.153574302620218
0.630460750372274 -0.108294069409197 -0.119977770299153 -0.0509115652335698
0.294085887250311 -0.47163830657421 0.00260540088697501 0.0532298273958155
-0.223799591976241 -0.506323625384237 0.0222468756450312 0.00774874228573186
-0.438998601761092 -0.230146170345323 -0.00441877586904168 0.00414381255980203
-0.460376426815252 0.0361734624644898 -0.0543381301879746 0.0302896181894478
-0.365320501521719 0.254513464140576 -0.05130032494186 0.085405555157596
-0.296379107539096 0.289021499872007 -0.0190434160402525 0.095287363297668
-0.312837689871756 0.274637555106941 -0.0512195965118483 0.0756542962217401
-0.46424291358132 0.101450639132111 -0.0618308908231249 0.0442140290479754
-0.457493750476411 -0.186869471904128 -0.0795200300510973 -0.021619449419951
-0.323601008943849 -0.473229437138347 -0.0277953085355421 -0.107494040006672
0.2141468719701 -0.540732813927882 0.0793948457890286 -0.145979739658522
0.61263960352249 -0.166154825533144 0.0762135296817136 -0.0148646625020736
0.650355687591389 0.164427389946769 -0.0403398384031458 0.0589445195492482
0.522622613147009 0.171939086848299 -0.227355875841594 -0.259982246246456
0.579459642517175 -0.128734376219026 -0.283074409811319 -0.0379693895734225
0.255998823682382 -0.443357091243414 -0.0420766748499 0.0500635594033336
-0.201316405619595 -0.445600589578834 -0.00689006988486136 -0.0374300496048751
-0.380662412799253 -0.202650629178326 -0.102836401305243 -0.0492285363216243
-0.405986024028948 0.0279277323347056 -0.204362608052412 0.047281375887738
-0.329397205946213 0.213882895523911 -0.186989219409634 0.166044142834827
-0.263786333025829 0.234072946878871 -0.12782073246929 0.195986511638913
-0.271476900176835 0.213894591891148 -0.158713888306367 0.164229368041718
-0.384986486843451 0.0661645926744906 -0.179585061069712 0.0894241348240905
-0.363393380538207 -0.163980179690806 -0.173815204894275 -0.0322624142431214
-0.243846194441445 -0.370111592466163 -0.0688135511134258 -0.12302445857034
0.161282962218871 -0.420295226275028 0.035905609184401 -0.141783143701165
0.486828878142597 -0.138918232997664 -0.0273362696101004 -0.000528423274554048
0.554383523536994 0.112427746850565 -0.230546244832644 -0.00827277772606265
0.396269218918438 0.0986253406848698 -0.427887761106787 -0.344333890444277
0.411017534488966 -0.119177829341072 -0.418035945037441 -0.0259351673454727
0.159609697001 -0.315478730724136 -0.0921341336682898 0.0434931869950334
-0.13641706799461 -0.283557532677717 -0.0379793756791407 -0.0634457692403074
-0.248443342556572 -0.134989422137412 -0.179521007416085 -0.0864767606306766
-0.274788137131776 0.0133982589972321 -0.317705572795827 0.0620033797855185
-0.236529645989906 0.137329416746437 -0.291346656688012 0.224646032125936
-0.190778189391176 0.142998018984799 -0.215733721817996 0.269044591007401
-0.194129468244939 0.121639348629804 -0.242714012243928 0.223428620142339
-0.25638174073146 0.0200656666890567 -0.266262986619291 0.109486485765053
-0.22024002259222 -0.123043607275021 -0.232211019014515 -0.0508403685709784
-0.128933739299243 -0.225544603967675 -0.0830950698732719 -0.132366214805022
0.0968372120620553 -0.245428194138732 0.0108162057149888 -0.126302643364988
0.303155888135228 -0.0899510210102952 -0.0909315893629637 0.0117339588754924
0.38444699261567 0.0489140605586552 -0.362462742089723 -0.0547352775016586
0.197051674187146 0.00838478631374364 -0.571194748508397 -0.387008498716044
0.165644203776186 -0.0868461256403077 -0.50175219841222 -0.00848887662838953
0.0313720807055673 -0.13366772951971 -0.136839929444323 0.0459350204317074
-0.0500509599912215 -0.0745280613709626 -0.0590707812420569 -0.0595960813962775
-0.0745852780313533 -0.0472042806165257 -0.215374370809597 -0.0980380737363798
-0.0994910190512218 -0.00841904884424709 -0.370767709751673 0.0706580822535905
-0.106524972576358 0.0336693658366887 -0.344867536690137 0.25103630293495
-0.0891067033655549 0.0283247530822759 -0.268722117177884 0.301191547008911
-0.0911401720898715 0.0162379394307943 -0.293200975719662 0.245265634382657
-0.10269795347032 -0.0200188358149445 -0.316529665020245 0.103799831645654
-0.0695620317667769 -0.0619562960455649 -0.254150766059402 -0.0758113346376403
-0.0243326573837595 -0.0696338162193577 -0.0786708838392761 -0.134688534357322
0.0195490146508122 -0.0782148980776646 -0.00132688635684179 -0.10375558129248
0.1053286913908 -0.0528967461215165 -0.119764236352666 0.0161160050206503
0.179633324058329 -0.0203736066875714 -0.425203327276952 -0.0834766743927706
0.037306072479604 0.0658641391442965 0.457801928281971 0.0870481934933254
0.0877644107782546 0.0366440260394172 0.192804628428668 -0.101512307613824
0.0612203672904145 -0.0617685507969623 0.00377485979264166 0.0534586760716523
-0.0505474649711319 -0.0896981141240851 0.0460458415084299 0.135880204234578
-0.0773701062307507 -0.0159104812680253 0.228793442337538 0.113160739894246
-0.0563830405087574 0.0354550242834726 0.343341847732593 -0.0688749514222091
-0.0179767504605451 0.0730677069325402 0.316289567203322 -0.224226934495676
-0.0195174447565745 0.0898410354504853 0.268990917696081 -0.289074190229411
-0.0347392391245559 0.0915179016524432 0.299089200899722 -0.263976679793706
-0.0860307101695529 0.0461832146420447 0.334007243526503 -0.124588803154777
-0.0970573478499892 -0.0325926084920377 0.253141931681774 0.0450014254752416
-0.0512939994863098 -0.113903871713081 0.104648714000467 0.0340058358706901
0.0973491495041773 -0.0798172244693207 0.164429945349012 -0.0172713617156788
0.111819083790951 0.0589949290366595 0.422701655812035 0.0236013965362334
0.0347581964382078 0.097903260091552 0.604317542224602 0.342201453089673
0.215110183859218 0.11981059020703 0.43114842972987 0.0721097713246778
0.255794226024225 0.00330161637765936 0.182091536742147 -0.0899660947275883
0.130615413544595 -0.176036861267232 0.0252466015264878 0.0438699336123952
-0.11080955797263 -0.219781030689637 0.0397648482490983 0.111892997988471
-0.204593542789367 -0.0822503913540072 0.198358508430564 0.112557402496897
-0.201190783231943 0.0514527319480118 0.29931568248597 -0.0388880517110104
-0.138738181509629 0.164044514158253 0.28070171199529 -0.171163162005421
-0.124415083419475 0.194749824931749 0.242204203460719 -0.230676737152944
-0.153308240397048 0.194837299787249 0.253123480391316 -0.216265556795346
-0.262563702024544 0.0830652036852451 0.284877796403717 -0.109698200415226
-0.26484304396194 -0.108338077139157 0.217165058720985 0.0226476657008189
-0.157549001892216 -0.297029669372574 0.101035589921626 -0.0039237673517987
0.192623244162817 -0.283564825985859 0.175299717977408 -0.0582582421291303
0.364370838637511 -0.00506359319826765 0.390231513631787 0.000650894527129963
0.298653169141558 0.163299625514778 0.533009485239943 0.291460625667466
0.373806044369966 0.166933319988131 0.34291516115038 0.0234229291918217
0.418209209158835 -0.0363213860620463 0.130708299462379 -0.0779041440753346
0.200513641423263 -0.29361855028109 0.0397716526405728 0.0427384593702708
-0.165863581734727 -0.344861096244791 0.0422119405530162 0.0840289324329493
-0.32109066205988 -0.146372500904743 0.155858698042858 0.0892845492224351
-0.330597786268246 0.0587651554676238 0.216333055780191 -0.0146807928469243
-0.245844343122553 0.230583630000316 0.201693712068237 -0.0962748396114901
-0.210469853088979 0.270510425658558 0.178779100106625 -0.136678854434741
-0.242760411604108 0.269791602455108 0.169102395022867 -0.133925195844368
-0.394040068227183 0.116636958133839 0.190662743438812 -0.0732819150345077
-0.399078902742318 -0.153940530305744 0.140252066937918 -0.000776104833229529
-0.265637687260915 -0.426912170742476 0.0733917331183586 -0.0471661412556032
0.233389603076085 -0.45851562828491 0.160389828718992 -0.101544185363809
0.548691641659873 -0.0895406395667941 0.311896910092123 -0.0223715729610159
0.511135539720047 0.186954075599354 0.383440758582293 0.216118833425825
0.494775694055818 0.19441923590933 0.193090838458149 -0.055905691659766
0.553089694012744 -0.0871071668307876 0.0276344033135972 -0.0645321858324137
0.255668748417828 -0.406308593600975 0.0344119984997609 0.0473149742690062
-0.216914445553597 -0.44799710590644 0.0404009967168695 0.0489770383621846
-0.41081972449294 -0.192802647849792 0.0902095842598476 0.0480667307444271
-0.424255661439285 0.0615361250362615 0.0941157141701477 0.00751915758523527
-0.32053518576075 0.268362614069537 0.0873686611563173 -0.00673677528078887
-0.263581398998541 0.305854845734618 0.0888873362646898 -0.0235443619542816
-0.290919736686523 0.301801422028713 0.0637929146382777 -0.0298755025683673
-0.460279428789155 0.133809836086594 0.0689903396330307 -0.0180738673514974
-0.475372425169443 -0.169161381843655 0.0345260074830396 -0.0142649575408962
-0.340960503259896 -0.480735760302647 0.0244696222247574 -0.08348689656945
0.225098801716845 -0.558251167572805 0.120344598753064 -0.133470546535203
0.631274058157857 -0.164051492357574 0.197704017111349 -0.0294887663459272
0.635099771769898 0.176534351987276 0.181182103427755 0.134532531555961
0.550707281959109 0.190935190624868 -0.00885269737491046 -0.15430599268348
0.617469723508821 -0.131708227907355 -0.120052066063394 -0.0476488200255766
0.27140506263972 -0.471868663739715 0.00631721393558174 0.0517167857254835
-0.241299979606523 -0.486443176879304 0.0232595217398081 0.00564317356265169
-0.441946017994504 -0.207301798809661 -0.00173484333495394 -0.00267601679289949
-0.451394057040501 0.0583988384062467 -0.0536787718349381 0.0305788508227442
-0.345009692885136 0.267542515767387 -0.0463815287112308 0.0875705748548049
-0.277627564214141 0.296972571334738 -0.0142760713550109 0.0930823834756446
-0.29476572017583 0.2845990046028 -0.0475148930071307 0.0772569476269148
-0.453009143196622 0.120736550610016 -0.0590037449333753 0.0439416302864131
-0.460860621548526 -0.164394147391827 -0.0791026646411022 -0.0190404233842327
-0.337915016431193 -0.449583944940464 -0.0306874620804558 -0.107280680219596
0.188396899235134 -0.540936403684537 0.0692411449960651 -0.146333340955651
0.600009704787356 -0.187103910991018 0.0742982718954106 -0.017824563083138
0.644397115455388 0.140974876352859 -0.0344192598825631 0.0625620487035059
0.517946855069717 0.153447484205375 -0.231142760158523 -0.25092848713271
0.566610392230437 -0.148208024205581 -0.280032692263097 -0.0285918790663039
0.235500148655112 -0.443044676447527 -0.0391507686181079 0.0505789144768436
-0.214791277777712 -0.427337423155456 -0.00751774729349187 -0.0370720463213109
-0.385297817493447 -0.181639233662289 -0.100968998483415 -0.0506167056484272
-0.397077719913466 0.0474263667661075 -0.199739274250755 0.0548159559999716
-0.311901372248722 0.226827206935577 -0.176082993652659 0.172210618331003
-0.247909890375304 0.241864602079651 -0.116094707790341 0.196218888480597
-0.257461694551948 0.221541187528842 -0.149409379512363 0.168769935655106
-0.376053133613484 0.0817081397959328 -0.173129994253018 0.0950631072071873
-0.366121493923759 -0.145292678763845 -0.1735297705437 -0.0250124901285965
-0.255008406674726 -0.350826683104913 -0.0719816784863102 -0.121287088743994
0.140565478874269 -0.417747775733574 0.0266390995582572 -0.14177831104656
0.474746524680523 -0.156277578447346 -0.0266304921961964 0.000794472303376409
0.546437981457863 0.0912341545466803 -0.222480942057186 0.00439665242731222
0.391217743608166 0.0844624062246889 -0.433108137973245 -0.326716048587169
0.400674310043426 -0.133485822836095 -0.41269450746457 -0.0112335362664812
0.145282139421992 -0.314682305403345 -0.0896842672034207 0.0462175986885847
-0.144898135131071 -0.273296759748173 -0.0395663885451889 -0.0617619176777278
-0.250660295021551 -0.121369373729435 -0.179126710290539 -0.0828606933469826
-0.268571800329667 0.0267315622284522 -0.31122385080634 0.0750664927967833
-0.224543848747555 0.145871366490135 -0.275543539959676 0.234898227658534
-0.180672753111013 0.148794213610738 -0.199476082278321 0.271925813186789
-0.186055298883183 0.127001015479069 -0.228623559121378 0.230331926969055
-0.251377432348144 0.0300664910134135 -0.257969718643142 0.118880743779495
-0.222372165675203 -0.110809172084656 -0.231928551285552 -0.0404830213649179
-0.135329519427244 -0.212815948514495 -0.087051673911617 -0.128966808689596
0.0843210281163947 -0.24400670392526 0.0020736747958396 -0.125516912295809
0.295469434903557 -0.101067169927826 -0.0894147239567179 0.015952708202731
0.378287503199177 0.0348275552002021 -0.354067594950704 -0.0365284015953093
0.193025101667882 0.00151995817981448 -0.573775799378355 -0.362307198702273
0.160376661913965 -0.0917062442490646 -0.49485115258864 0.00939599851855704
0.0252308614873041 -0.13142271829837 -0.134518983748685 0.0505614713421075
-0.0515965210871926 -0.0715238893047054 -0.0600321492639255 -0.0563462872039471
-0.0752857930492822 -0.0426865204448301 -0.215983185022851 -0.0913202573907327
-0.0977673454976065 -0.00309811990366586 -0.361938213878396 0.0861149863440131
-0.101883303135173 0.0380377911488234 -0.32693627306269 0.262994155785627
-0.0871576966985414 0.0316675847203642 -0.24997120331068 0.306125074236885
-0.0897087569164094 0.0197915460499687 -0.277327514839878 0.252556433017754
-0.102091982610449 -0.0155982942582137 -0.306364889296154 0.11615065040677
-0.0697894693783808 -0.0574113684088556 -0.254406752977832 -0.0635280320707981
-0.0261728864798945 -0.065403984336102 -0.0824660412931466 -0.130954832880726
0.0143208713967764 -0.075969309768914 -0.0082316554487094 -0.102837273727117
0.101211537776169 -0.0573125135032357 -0.117340053807608 0.0216497233914223
0.175489868902235 -0.0272251739385023 -0.417228064113609 -0.0621344827122798
0.0373757118613992 0.0641881480636995 0.45483510942116 0.0738335238248894
0.0884688479371576 0.0338017118746901 0.186792064888128 -0.106312534353423
0.0592453851660333 -0.0632276303770233 0.0071788799437166 0.0520559278692902
-0.0536912662769787 -0.0867419703064193 0.0497817135672093 0.131807040806263
-0.0780325483927056 -0.0135611674675188 0.229487454361293 0.105949888564602
-0.0557742919146037 0.0364790971995434 0.337174693600739 -0.0799126809116931
-0.0160008186662878 0.0731184540726552 0.305551233970058 -0.2326286433975
-0.0157755723169506 0.0891207201450619 0.256394592680691 -0.292704002016792
-0.0304058479279775 0.0918288213688635 0.288100720562896 -0.268910609980596
-0.0841512090171471 0.0495261397110655 0.327818718562345 -0.135336894637595
-0.0990850328119414 -0.0302368177294253 0.253863528728282 0.0375047638351707
-0.0537717342630171 -0.111968754580179 0.105009798910549 0.0325054900582071
0.0951366238397357 -0.0828388315006719 0.164920496616695 -0.0196337907370043
0.111760240206144 0.0566529070149582 0.418803115316211 0.0117704950805717
0.0361158829657935 0.0964622318138127 0.602789786822443 0.324998037042965
0.213300768382149 0.114789892287005 0.42875438518386 0.05980000233684
0.25327777055932 -0.00327955353547601 0.176959988210221 -0.0948805725943775
0.125575778776366 -0.176056320609031 0.0296768126821542 0.0417968158520332
-0.116120323154714 -0.212306344285844 0.0430813897644088 0.10818248446063
-0.205751102457008 -0.075327344301271 0.199735235789665 0.103140231867711
-0.198620846212525 0.0573029790976207 0.294315586079343 -0.0493924119665455
-0.132195065065245 0.166830667228038 0.272302385738279 -0.178775664507602
-0.116759919055069 0.195665286432788 0.231611843008331 -0.234447200240798
-0.144906273554801 0.1974521068318 0.244086442189732 -0.220147502363894
-0.258475864568732 0.0915334010266612 0.279707832275094 -0.119420810230433
-0.268031457519674 -0.100362889431496 0.217154298180525 0.0156334234077151
-0.164288838720233 -0.289836623875536 0.100139461475188 -0.00650288133471994
0.183765952946398 -0.286513567368311 0.17380400146003 -0.0604874564122232
0.36154237696557 -0.0132510497026217 0.387910548021757 -0.0108749211302474
0.298018698128874 0.155788191230335 0.535350654636967 0.276640815304723
0.371282882165904 0.159460374974702 0.340864216496168 0.0124598954116029
0.413375515314291 -0.0471156141230204 0.12637077398386 -0.0821135202386701
0.191727705679805 -0.292036931354993 0.0434785628422481 0.0401536043226357
-0.173206783247387 -0.334049616559947 0.0446311919451786 0.0803984392810982
-0.322646831348626 -0.135341584722712 0.157869718602295 0.0794730705484586
-0.326551464141541 0.0697006671493676 0.212198576148908 -0.0222081796234044
-0.23494139815393 0.237073707842635 0.196420348416908 -0.101521850779583
-0.199050804704698 0.273474402121828 0.17244893714022 -0.141056284656087
-0.231454386607862 0.274060381038294 0.16356471720168 -0.136378967231015
-0.388521785172056 0.128991825352037 0.186646596865554 -0.0806242404280165
-0.403900655451905 -0.142135077160454 0.140629664759619 -0.00556599724865909
-0.275166952736679 -0.414431798838445 0.0724252841978045 -0.0501696636947375
0.221512353075076 -0.46237563928129 0.156429534417674 -0.103172855911647
0.542817188394335 -0.103591702567076 0.309062850703095 -0.0315773925631163
0.509967972666908 0.175610750417723 0.384084805561771 0.206200127078893
0.491393229085276 0.185581436444854 0.190412581842333 -0.0636657923651237
0.546376299195962 -0.100149255137573 0.0249032662938723 -0.0670288802116551
0.24281660878735 -0.406338329181302 0.0381409561357703 0.0453642166616787
-0.226153218876429 -0.43375667237051 0.0425413010964692 0.0459370548661955
-0.41298859979626 -0.177787173747776 0.0916308520937447 0.0388174782787465
-0.417015217122534 0.075348127163385 0.0920436703283436 0.00329086310305806
-0.307366752697899 0.275855981753467 0.0866021150052083 -0.0091488921069046
-0.250266753258902 0.310771980286045 0.0873646084099018 -0.026953606733529
-0.277946142474371 0.307599252035716 0.0622674223077445 -0.0303625841461904
-0.453610163705716 0.14806318589661 0.0677030821267864 -0.0229279848459664
-0.477980827104857 -0.153844941762047 0.0345988870267305 -0.0165643658352306
-0.350293283911046 -0.464499661272758 0.0224034320292413 -0.0858031887881539
0.20997791310136 -0.559078315173717 0.114603619420595 -0.134277437458344
0.623264644259061 -0.177673626087347 0.196003337686749 -0.0354919650261971
0.63144077042998 0.160592626173126 0.184649176609228 0.131358827337561
0.546805699345569 0.180174512024231 -0.0115745831022727 -0.156836133506608
0.609141109805521 -0.146454061754148 -0.121618604304975 -0.0467117974622935
0.259267082129296 -0.469330110844207 0.009300380562643 0.0504273066985782
-0.250544413036289 -0.472847104862894 0.0242579580670809 0.00409903234218871
-0.444308277686793 -0.190157309298695 -0.000652354228647712 -0.00938571414186134
-0.444885843289064 0.0742281267698755 -0.0539697682842733 0.0308662268244185
-0.33155438053748 0.276503669177512 -0.0428588927277533 0.0883593837555768
-0.264574713052721 0.302542626879149 -0.0113925982037201 0.090980032560133
-0.28346248065473 0.289810745926711 -0.0448162609604797 0.079011201126537
-0.445609078758012 0.134070191185629 -0.0576497902117235 0.0435896696282523
-0.463870223014156 -0.149204969700759 -0.0794530260599774 -0.0179086578808993
-0.345990521607846 -0.43269925863533 -0.0328492390479376 -0.10833713422398
0.172760380316529 -0.539907183801665 0.0620476563465515 -0.145882409862137
0.592078966164057 -0.200088301785717 0.0732688203913545 -0.0210077759056165
0.638746092434453 0.124611334547465 -0.0292939818496538 0.0650818833335338
0.513419433226587 0.14302109430564 -0.234196624265534 -0.247370963386099
0.559187108175174 -0.162455282293663 -0.279279609904724 -0.0238680885195364
0.223298983350964 -0.441261426621008 -0.036407183757157 0.0504767190274691
-0.224438914405991 -0.415414114688847 -0.00745173509627107 -0.0369519389507875
-0.386576534219506 -0.167820692462291 -0.101302045514136 -0.0542698303460857
-0.391519353918128 0.0607661749384134 -0.197873640906564 0.0599771266532286
-0.298644028691373 0.234330925301643 -0.167808394114222 0.177107647957796
-0.237035908243705 0.246917919775284 -0.108543439360953 0.19563993161437
-0.248327055052406 0.226592454951535 -0.142801565721989 0.172462728245156
-0.370586121659575 0.0926760517236157 -0.169110917214556 0.0975382998390749
-0.368067539859252 -0.132622984069492 -0.173474394004761 -0.0204973039209502
-0.261253365739114 -0.336612125116339 -0.0740395103966099 -0.121096444162144
0.127360287488594 -0.416126290984694 0.0193479360206902 -0.140964124257678
0.467702736746871 -0.166107800970989 -0.026295938985762 0.00129197886291839
0.541508880523788 0.0784391982062064 -0.21586123685192 0.0125042515050367
0.387293078984799 0.0771042980297212 -0.434615740122577 -0.317343835474883
0.395019951502885 -0.142730210839189 -0.409948562649728 -0.00276224743297266
0.136774413616952 -0.312437416439082 -0.0879375633666985 0.0484641794221886
-0.150075371370079 -0.265942693381564 -0.0400581182270126 -0.060418609671053
-0.252100905934617 -0.111731867081134 -0.180607895191802 -0.0820521798263674
-0.264931643298658 0.0355654872953297 -0.307396809649461 0.0841937583918773
-0.215179162542124 0.151435554623755 -0.264261369633154 0.242530451076608
-0.174072701769924 0.152227387892883 -0.188076840844918 0.272338270508626
-0.181075561225202 0.130587137180037 -0.21985521511802 0.23520918102394
-0.247181322579075 0.0375510079240054 -0.251704780988798 0.125249304656093
-0.222901236723048 -0.10216265839705 -0.23194990301909 -0.0340194801145283
-0.139016323499407 -0.203840817766225 -0.089514821260455 -0.127556164284121
0.0756037869472913 -0.241139694364467 -0.00457972704859284 -0.124621300912045
0.290542143210712 -0.108220772482436 -0.0874982599986109 0.0182893511253733
0.373940523392381 0.0259393738662492 -0.346398795151931 -0.0249651864191908
0.190521941783735 -0.00183806290797004 -0.574294545543245 -0.349510821884976
0.157086634010292 -0.0949958063391918 -0.489879083389756 0.0214417146371158
0.0223625250478599 -0.128892556683816 -0.133496635232898 0.0542077544269128
-0.0511498406892118 -0.069652973162372 -0.0605655660481349 -0.0549626512595931
-0.0753598595049333 -0.0397545953253549 -0.216658589302472 -0.0874276473311765
-0.0961179050231886 0.000615635130457728 -0.356513529234152 0.0977210237489246
-0.0982527836832012 0.0401200409027905 -0.314653194572344 0.271004561341142
-0.0855855214557749 0.0340947810441584 -0.237174484142104 0.30852963853294
-0.089252484479431 0.0219343823330326 -0.266629802218878 0.258685120120489
-0.101377148160587 -0.0128475926594074 -0.300149331251198 0.12428193529857
-0.0692038699250026 -0.0534492187844209 -0.255398146050978 -0.0559444576139141
-0.026870046703757 -0.0619620808545339 -0.0854669501721522 -0.128403578949169
0.0110502497765001 -0.0737475326315459 -0.0136653272505798 -0.101917108529392
0.0988099560016734 -0.0599949502372414 -0.114880497840279 0.0253890627794267
0.172298733591756 -0.0306786143076459 -0.40957335721158 -0.0486140036759202
0.0376274791993713 0.0631909046170218 0.455986616031521 0.0623267493764428
0.0889324720041577 0.0315105372195142 0.182992108374094 -0.111253359579087
0.0573711380851979 -0.0643718800864812 0.0110248315213069 0.0509979137395306
-0.0566380002959337 -0.0845072052881689 0.0530194423226626 0.1297016372415
-0.0792217622820591 -0.011900821756503 0.231673619112296 0.099609777332901
-0.0559595656755657 0.0379380330840164 0.333232063827902 -0.09093678358234
-0.0142260751068392 0.0736757414048131 0.29884974841646 -0.241868878042362
-0.0130396504115391 0.0896834996895458 0.247339877806701 -0.298177813028414
-0.0271929114695443 0.092386421769382 0.279133260505394 -0.276049384131528
-0.0829847464307379 0.0527822809752834 0.324309423402887 -0.145341994686278
-0.101755738302146 -0.0276375424893814 0.256515100102443 0.0306812357146351
-0.057157420113693 -0.111388563996201 0.105575649247361 0.0315185744821891
0.0935989450523733 -0.0856356254250381 0.166793987455141 -0.0228791313727236
0.113183445689715 0.0545035243922262 0.41938941673571 0.00172966389441946
0.03683553975339 0.095494661852131 0.605855951587146 0.312864089449491
0.214141355000438 0.112435585725618 0.429124470193389 0.0484643273786338
0.252772267513066 -0.00922608129974666 0.173274321447982 -0.100102967657467
0.12214619983415 -0.17737140898469 0.0336501040635722 0.0401002745825821
-0.121096000612839 -0.206926487677173 0.0459228689811293 0.105827210623708
-0.208534989946561 -0.0691140167798965 0.202669080364668 0.096395764784689
-0.197862170586536 0.0629815358513439 0.291918051866073 -0.0587665936628717
-0.126802492095847 0.171039516107451 0.266982608121165 -0.18631410100186
-0.11068923463027 0.198429293642843 0.225344914253513 -0.239928257792434
-0.138802737906872 0.201390639865253 0.236919006789604 -0.225830249936015
-0.256666116959308 0.100291527820373 0.2762046546652 -0.129701722011704
-0.273523296116886 -0.0928613052725041 0.219215600577093 0.00861907645499732
-0.173151732439502 -0.28606520538863 0.100657111013179 -0.00890793146150057
0.178044163960445 -0.292172197692972 0.174262618920953 -0.0630905692147943
0.362300409694066 -0.0211514056330279 0.387367118682433 -0.0210279204995809
0.299790254455835 0.150020976211196 0.53715461474902 0.264424045140116
0.371851777276006 0.154697712878391 0.340148830716726 0.00235493243844196
0.412274678676605 -0.0553839069458203 0.122808212856222 -0.0864978634297229
0.186868286344635 -0.294701126446484 0.0478402737481594 0.0381007946302264
-0.180605696522293 -0.327295263599389 0.0474885585817153 0.0778183099210468
-0.326889448486559 -0.125060804278876 0.159793825695223 0.0706433178778003
-0.324946770943747 0.0789873464712556 0.210055037279134 -0.0295167336323574
-0.227933301989722 0.243727599723024 0.193958149901982 -0.10727943030494
-0.191675405464278 0.278941803192292 0.168553354740031 -0.145363226418774
-0.223208793743673 0.280713576727325 0.159852900355364 -0.139671071159884
-0.385342453664958 0.141064482117915 0.184080853708299 -0.0889772705857092
-0.410515403739035 -0.13060666430257 0.142002041902281 -0.0106185151829312
-0.287094636356891 -0.40711455474926 0.0715273223500221 -0.0533842324120224
0.211349748629468 -0.467467899317034 0.154701275870466 -0.106101520630926
0.544648941917658 -0.114494463686117 0.30941436037462 -0.0407764112961329
0.51263703580181 0.167001373843311 0.389667931871648 0.200047024936608
0.492678383953237 0.178926284790954 0.189290719736487 -0.0714560760946326
0.544872212514985 -0.112371813482157 0.0207160616898697 -0.0693441744252102
0.23565254536068 -0.406896912806632 0.0417510457726764 0.0430508498007465
-0.236374929272883 -0.42582803139484 0.044776563099335 0.0435824326831459
-0.418494065949887 -0.165383234143981 0.0926003253140922 0.0304026416388664
-0.415154580729104 0.0882437881459733 0.0905200318942546 -0.000480653897878373
-0.297831987129836 0.284860787235414 0.0869922005678281 -0.0108408449538967
-0.241436558066008 0.317687821760601 0.085961400897299 -0.0306058902204985
-0.268642894460596 0.314265647975279 0.0621666558368764 -0.0305435406263236
-0.451297308560296 0.1622267222729 0.0663108402989411 -0.0276726806273886
-0.485919573074316 -0.140059019330461 0.0350384763681664 -0.0192484999210912
-0.36282898523605 -0.453831629833982 0.0214029507897064 -0.0883050592473298
0.196396208525196 -0.563103265742545 0.110955345154123 -0.136665878322039
0.62151848694933 -0.193293558641998 0.194798004900383 -0.0404011783546861
0.631400727918449 0.150092209610554 0.190707420140428 0.128715507459839
0.548702523465184 0.172689569270724 -0.0142666497101271 -0.160952444674293
0.606490800209636 -0.158767511208533 -0.124445420952388 -0.0462133354498856
0.251311701775499 -0.472632564989386 0.012184815230533 0.0496344000488734
-0.261797277409965 -0.463718308602442 0.0256864915835932 0.00209451084027306
-0.449042705411422 -0.179702470009471 -0.000895679323050166 -0.0167548065894261
-0.442204094481554 0.088434448530156 -0.0551839574193845 0.0319872149898569
-0.321456086561575 0.286383755475854 -0.0390351420452878 0.0911203717859448
-0.254970228843996 0.308680888704704 -0.0092109936344544 0.0891515380806421
-0.274260175778767 0.297295968901838 -0.0422889700260728 0.0814968907809569
-0.44404230497159 0.148145615673598 -0.0573272743525359 0.0422951729744568
-0.469796979480208 -0.134929722888881 -0.0795504557773817 -0.0170833831148531
-0.357944954502653 -0.422487547335044 -0.0360981956033364 -0.110959120689638
0.159453867327871 -0.544250271885147 0.0566915384983961 -0.146173123457161
0.588307530543256 -0.214561368110425 0.0730755454723915 -0.0229193491013138
0.63839724364115 0.112231329767058 -0.0236758518847007 0.0675376601046451
0.514069399679404 0.134909876729183 -0.237681536270715 -0.24625374122156
0.556524109192765 -0.175799629217154 -0.281568219389426 -0.0189419382543175
0.216159605230481 -0.442914441464398 -0.0346453206307835 0.0516406797934626
-0.232725747240459 -0.408072126242309 -0.00714990598711052 -0.0385257452632918
-0.391635128313096 -0.154949649297308 -0.102343369514832 -0.0582618535967537
-0.38936216444984 0.0734504639002208 -0.198272342226314 0.0653651042173882
-0.290309520334059 0.24301597159347 -0.161764676222174 0.183645017800037
-0.229846445349705 0.252405491906849 -0.103308082355326 0.195839855749476
-0.241333133195074 0.232444748492554 -0.137896501441676 0.177431529500251
-0.369484170000326 0.103892626653948 -0.167113608533644 0.100463697968374
-0.372099979863833 -0.123363384530904 -0.174137405693911 -0.0174239230562063
-0.269927520952996 -0.326676927784323 -0.0771417242893694 -0.122072080171642
0.116300554021656 -0.418164851531768 0.0128608929367923 -0.14106860039485
0.464412398486743 -0.178835171290324 -0.0254653971511694 0.00186871712649254
0.54111228273534 0.0669117646787319 -0.210845660233685 0.0199690155675302
0.38887488241204 0.0715128126279845 -0.439473479639844 -0.310985234701512
0.393212609241019 -0.151444547141464 -0.411197319239052 0.00465678420997817
0.131762334375537 -0.314247627242864 -0.0871704401613311 0.0509137173980004
-0.155493140030118 -0.261820034275035 -0.0402930235612115 -0.0600680526344742
-0.254886886763462 -0.104342602153252 -0.18201859929098 -0.0832498294765412
-0.26303118513169 0.0444293068633484 -0.30526401788564 0.0934086980429344
-0.209245612809749 0.157185387046519 -0.255910151488544 0.251027769185775
-0.169212419174183 0.157180094705755 -0.180309183379191 0.275239450855373
-0.176853437922039 0.135829299538999 -0.212684770096128 0.241231378776415
-0.247056205369708 0.0443233244476601 -0.248747453243503 0.132346590702157
-0.225096373597963 -0.0953265435844829 -0.233451244025146 -0.0284162785233581
-0.142653583563634 -0.197389479946172 -0.0933130794510004 -0.128379096801742
0.0690624274884106 -0.240579060646907 -0.0102788158486437 -0.124693947415625
0.288119420607636 -0.115482973996923 -0.0858763335446053 0.0207656820762602
0.371641142781732 0.0184855667479208 -0.341606968502779 -0.015020751381092
0.19028150866641 -0.00495098076266816 -0.578772574170251 -0.33973396886095
0.156364529945696 -0.0987832010947135 -0.489781327297726 0.0295857052932818
0.0202369668709426 -0.128353978089769 -0.134136724623781 0.0583409113826596
-0.0520143297766808 -0.0684835617323027 -0.0608570057717055 -0.0538329521453778
-0.0762623735414983 -0.0371390602333363 -0.219230333817925 -0.085045856385121
-0.0949855047520366 0.00395229762359358 -0.354774795219964 0.109269542337036
-0.0959885132477225 0.0424148158974082 -0.305930425166664 0.280699953129455
-0.0846286352655149 0.0362856111276626 -0.228423236539415 0.312368268117163
-0.0893010014670437 0.0241615952608398 -0.258901999085151 0.264773732032626
-0.101783500969421 -0.0105794394263404 -0.297966912985291 0.133636499483759
-0.0692079826368611 -0.050696163776789 -0.258288532710399 -0.0484602303497851
-0.0268479459803376 -0.059290028943279 -0.0887163233213325 -0.127778888133457
0.00723800059330002 -0.0723276931406435 -0.019277753377665 -0.102352293892511
0.0975957271413312 -0.0624481813884944 -0.113170164814968 0.0289801675239031
0.171518670339259 -0.0339677858920706 -0.406857718195033 -0.0364920789124719
0.0179684961243646 0.0724659408997331 0.439091325317826 0.144771811786335
0.0797560298582739 0.04902652977824 0.197335671171894 -0.0752516013005327
0.0658434169177932 -0.0527852675360322 0.00540761535332899 0.0531076988769654
-0.0415000915886126 -0.0909052283214736 0.0297293050243964 0.13491940393049
-0.0791593466652992 -0.0260089411579068 0.211605347310742 0.140372666181565
-0.0654827912826493 0.026748982127735 0.34640995467792 -0.0302804977479112
-0.0286594697582373 0.068733504646659 0.342144198451256 -0.182804365785231
-0.0304051693023035 0.0867342250182981 0.298683947591571 -0.244280464883859
-0.0452969791017562 0.0857053927934273 0.326086968010997 -0.21617680980463
-0.0929637089573487 0.0356480410191172 0.344214376476013 -0.0796592398143113
-0.0959604306194918 -0.0480087656913355 0.244474700707123 0.0782323780619188
-0.0324391505291399 -0.120737665253501 0.0958227907807756 0.0505449446979709
0.112703866599035 -0.0659020233206685 0.175802217627533 0.00824034485467927
0.102032493165661 0.0748104974798188 0.42114713419622 0.0834933217776014
0.0148799186889034 0.101359869488789 0.543124908610201 0.446836262712154
0.178162350630194 0.155048605696801 0.416887423660034 0.127292078185868
0.24391392801084 0.0381585809693212 0.185919023019176 -0.0601523808418426
0.149512579400654 -0.147990038403632 0.0329314739339306 0.0483506100617398
-0.0804849087262809 -0.217030221456378 0.0303395010211143 0.108681456935605
-0.192894646047677 -0.104718778824052 0.186125608944859 0.130029572964159
-0.207706717649709 0.0251758469269754 0.300954356445048 -0.00963689475539949
-0.155623228263248 0.143128234026509 0.299145158814131 -0.134158744927209
-0.147473848888652 0.176536248235577 0.266921664053686 -0.191185152946941
-0.175896807738182 0.170889193120489 0.274325301689728 -0.175824440511171
-0.271561040515939 0.0495916459179994 0.290699468579031 -0.0749721045458801
-0.252171295649457 -0.147527533665314 0.206859931442504 0.0460222509822902
-0.108042125708975 -0.313508141103305 0.0951712604997217 0.00300681575613224
0.240986566204071 -0.251397017622566 0.192892211047096 -0.037910010883591
0.36271794806103 0.0526305221185515 0.396775393703832 0.0585073387281868
0.26132517844167 0.210518244702492 0.486855529844146 0.384108743551715
0.323496653627059 0.227878301300571 0.339412118169232 0.0657548859564674
0.405333740715636 0.0206931366410742 0.133826383579971 -0.0493390615749224
0.233848015715505 -0.247234183771301 0.0501438385022222 0.051944976074052
-0.11457116990312 -0.341054885642458 0.0397255282070333 0.0808123477547271
-0.295633577505105 -0.180275618623127 0.150671926743537 0.0966222039397176
-0.333891263624529 0.0179745288814615 0.215887708866303 0.0022390265718149
-0.26547696874827 0.196724715415543 0.210767303142599 -0.0690109636015601
-0.243523448931086 0.240016837816743 0.193897683509253 -0.110366653317564
-0.273636077154835 0.230945671239061 0.181179282795053 -0.106059253676656
-0.405884993226285 0.0651321323103704 0.190930041824593 -0.0540174486414074
-0.378844822094274 -0.210929447665335 0.129177387151452 0.0101321173316034
-0.193271176262724 -0.453387719854884 0.0715689825435678 -0.0511037902199545
0.312180746834074 -0.416947466120108 0.181459019073534 -0.0900864046043669
0.561351992984257 -0.00211815331589691 0.324938295095863 0.0255330451188139
0.467405922556626 0.270894474844947 0.355222364941994 0.285547711738937
0.435953670968473 0.273497622992609 0.20478820788845 -0.0340083196172237
0.546411495344033 -0.0129508786978359 0.0305246258465431 -0.0457934586788908
0.302474844889157 -0.349576505811135 0.0463127126803241 0.0589481691441659
-0.148748992792776 -0.445307376781289 0.0456979762828469 0.0454118913796251
-0.375989675102951 -0.23560662703473 0.0939773287246071 0.0439182782131277
-0.421181959438864 0.0110220364187066 0.0925477471966202 0.00667738420280542
-0.341845201330166 0.225358117911852 0.0850740843543231 0.00541464578590478
-0.300148213441325 0.268848013866844 0.0909244204685956 -0.014402091085986
-0.326014125399646 0.254136084938117 0.0639817092411141 -0.0184773500274639
-0.472267362415329 0.0728266408659753 0.0618789146603425 -0.0174811027336336
-0.450823857956736 -0.235251168578322 0.0223532522569191 -0.0189541230061617
-0.256055843398631 -0.512852772050635 0.0260512640164348 -0.0989701584898648
0.318989162719619 -0.514479569162809 0.141324474903434 -0.132004820907944
0.654541635293204 -0.061076870829931 0.212709186379805 0.00301949278782583
0.588066928176476 0.280265564815264 0.170419422951638 0.171848553935746
0.493997868132621 0.27775287567589 0.0211104422615067 -0.16002866520609
0.614687284186049 -0.0491960762610724 -0.116114723563817 -0.0458569012551087
0.329975754106564 -0.409225311644366 0.0172881187122619 0.0608457602716816
-0.165303534420628 -0.486911676800776 0.0358747777501715 0.000888942428591659
-0.402144953288683 -0.254907519582185 0.0109793907573967 -0.0201558296170692
-0.446846951326167 0.0047445735001753 -0.0573231073668778 0.0122253490537861
-0.362934818482313 0.223744635334318 -0.0603973296286412 0.0817340313601203
-0.311000408883255 0.25713440962193 -0.0257026760299718 0.0836932252186416
-0.326007198829178 0.236135911778778 -0.0598370049929766 0.0716874593991888
-0.461667176864317 0.0602617426346681 -0.0731384444228591 0.0269783939074269
-0.435157901488396 -0.226533996955239 -0.0903907061737057 -0.0385770156877821
-0.258261649279003 -0.479322092351385 -0.0256709075055528 -0.13176211815163
0.275860245399814 -0.502669114604585 0.0874993802158367 -0.152386267882976
0.625803661679902 -0.0889987189152554 0.0873892086817437 -0.00379870062326463
0.603242427303685 0.245841451679158 -0.0323368093781591 0.0636748943003511
0.472157553041536 0.233100205681933 -0.184008874996088 -0.286197146095346
0.571306211233286 -0.0752140005498452 -0.274294794833819 -0.0489063531578725
0.292059233253698 -0.388771445592849 -0.0301987303162652 0.0529170554648613
-0.148012854942954 -0.428422544927583 0.0101027592149763 -0.0444509645948771
-0.348758715260833 -0.222874918296441 -0.0832477039330959 -0.0794407384190612
-0.389629751578575 0.000656662742016243 -0.205215420098672 0.0201949423839857
-0.325504657759837 0.186793906617996 -0.19939769352322 0.150096155814946
-0.27594139740144 0.207132427221534 -0.137653863226603 0.170012844020399
-0.281656867904197 0.179169257846213 -0.171727454436655 0.146727809707948
-0.380226885609614 0.0312197969818158 -0.189971240467762 0.0626964818938571
-0.341594701890226 -0.194192594378351 -0.180682643179336 -0.0556470749823126
-0.193605303579622 -0.368420467660881 -0.0615373452353987 -0.148979792308627
0.205623382144145 -0.385695659122784 0.039921967045525 -0.151535554506382
0.494222550736419 -0.0800763522792727 -0.0179708200202107 0.0011623523337437
0.515756528146437 0.180882512679132 -0.210865122629525 -0.0241255752186385
0.366789547031414 0.143778090957348 -0.371618713469995 -0.389381327142088
0.410766532294229 -0.0829142708499097 -0.405353085423424 -0.0543845441874233
0.185845039650503 -0.280964552368313 -0.0860921047351868 0.0396313940733771
-0.099234959969985 -0.276577069073143 -0.0215482766752714 -0.0706418647721229
-0.223871967148485 -0.148235175548809 -0.159686136239153 -0.117904330687472
-0.2608351816676 -0.0050718824637579 -0.317532822760935 0.0302483469058642
-0.229570408724544 0.117246758761118 -0.304472948058148 0.199682882980683
-0.19652935343787 0.123730729598352 -0.227757439253218 0.232017564456191
-0.199480024588291 0.0966847571659507 -0.255933088887289 0.195313979191967
-0.248914236755653 -0.00382297728603981 -0.273243206408675 0.0791112143179854
-0.201004723052904 -0.137739237449248 -0.232449163281012 -0.0762654398697482
-0.0968013342154031 -0.216728488696184 -0.0714733593796917 -0.153535793071142
0.118217504416169 -0.221021302589039 0.0120106653921537 -0.134175761677714
0.306477954623752 -0.0534678327523844 -0.0848151132086249 0.00676232943732169
0.361864274715333 0.0971319011755398 -0.336462667286979 -0.0863702434663121
0.193018856160777 0.0294419949021059 -0.506842397083574 -0.443601668029137
0.173161304449784 -0.0744083870510867 -0.487626679846114 -0.0534579702429884
0.0447013078739742 -0.121981302161693 -0.139099236627513 0.0340389235614194
-0.0352556183759748 -0.0754026588620769 -0.0466653831315933 -0.0656133430459041
-0.0633194863634411 -0.0506340549640736 -0.199308549710872 -0.125636113999305
-0.0896700560612468 -0.0141623481540622 -0.370429075873002 0.0417603791437489
-0.0989771045063531 0.0252043242077884 -0.358430994770016 0.219826511151042
-0.0906284665165843 0.0197871093681573 -0.282489202379468 0.259541293763255
-0.0925669870644126 0.00486478674436252 -0.304311915825023 0.209503468277382
-0.0963824160571897 -0.0291992134629623 -0.317548137626478 0.0715849033984554
-0.0561976198224885 -0.06291012409899 -0.247552723578481 -0.0989968392692019
-0.0139585684638586 -0.0598288580773567 -0.0631002166734613 -0.14790019974118
0.0214161229336114 -0.0680927692878391 -0.0022340414452039 -0.10819125766053
0.108210465758032 -0.0411141442612467 -0.116848778033622 0.00765094191179553
0.176332691042053 0.00271827401296213 -0.399577963815968 -0.122016762608692
0.0185635996534102 0.072685277794392 0.439096308373052 0.133258989281354
0.0796693337110847 0.0474865413708829 0.192524055343085 -0.0809704842969603
0.0631466698376297 -0.0527745466430285 0.00941224355482166 0.0514436528182844
-0.0447620527921303 -0.0884882369053852 0.0331746834208311 0.132554480128287
-0.0800210304935499 -0.0234721194683648 0.214368654644028 0.13344953360815
-0.0662110021432627 0.0287669394871999 0.343614465033703 -0.0414893139091542
-0.0272915898572294 0.0687809173052692 0.333811070589628 -0.192819749892593
-0.0271768734295816 0.0874094713320226 0.291060713484246 -0.248787965209086
-0.0424195924549912 0.0871678470288071 0.318453832806835 -0.22423095400809
-0.0915627135533825 0.0388480502318242 0.340000057487387 -0.091812166708945
-0.0983152094282095 -0.0458928705320079 0.247821136293031 0.0707366315965299
-0.0362310065307566 -0.120253178311477 0.0976421646727283 0.0485125449656294
0.110908597037099 -0.0696215537247251 0.177612801512089 0.00468244922811304
0.102757395770054 0.0726279641544015 0.42002938186962 0.0741580210935627
0.0151853769969132 0.100109500218503 0.547684839849472 0.43226042474325
0.178866417823333 0.152244889503854 0.415663846368979 0.114714464433191
0.243543656995346 0.0323882691857089 0.180657548181036 -0.0654110663897878
0.144786531156202 -0.148337872975695 0.0374184107281577 0.0461617338987777
-0.0859135173841183 -0.211687056497616 0.0330021433605947 0.106169145594187
-0.195695791145432 -0.0976755715386133 0.189110503748342 0.121292230866481
-0.206800192343026 0.0320192746523532 0.298040434209461 -0.0189155833048929
-0.150299776909613 0.146911651145275 0.293511201002336 -0.142340595770596
-0.141480189786209 0.179976261574948 0.259880024951722 -0.197755316897289
-0.169222848055685 0.175204495836623 0.268873936618422 -0.182215570249407
-0.269590035271073 0.0581381962936039 0.287019127832961 -0.0857032191298701
-0.257960594745243 -0.139628015670687 0.209187597467576 0.0389062767014696
-0.117694889036361 -0.30869123849949 0.0954122649784449 0.000422787165692563
0.234694096874555 -0.256645571716691 0.192984947414205 -0.0417875729613805
0.363396827029297 0.0436587657255565 0.396423082710067 0.0471223936144248
0.261777651634531 0.204763206816107 0.493259012226817 0.371231123640975
0.324184605570466 0.222906354938018 0.33778853450103 0.0549868797646079
0.403628274589753 0.0100124239531519 0.129112442594272 -0.0538732295948395
0.227529230235496 -0.249401441888739 0.055200405119303 0.0494649249400913
-0.123294778742225 -0.333661970205832 0.0420447417239718 0.0776883830189691
-0.299978810331072 -0.169986233073063 0.152700637934823 0.0874474587741925
-0.331872036541974 0.0294253600763365 0.213305781723133 -0.00467973245386439
-0.258224667751518 0.2031735860054 0.207899795000447 -0.0751049501497896
-0.235058847604541 0.24658308377823 0.19025186240508 -0.115698653041323
-0.264482514305833 0.238337168489073 0.17809481950333 -0.109868258436841
-0.402383110055807 0.0779208506154375 0.18716867616413 -0.062521687782161
-0.388073420306057 -0.200292408170586 0.130816531798263 0.00537536492828358
-0.206318489614341 -0.445829678346015 0.0702635583068217 -0.0545347534801739
0.301417318268378 -0.422293552000228 0.179121649772996 -0.093797084017214
0.559574210414949 -0.0157578991184857 0.324838618566787 0.0161292068738108
0.467801988759386 0.261296172625252 0.361314530306836 0.276845021094178
0.439023425335419 0.266415316857008 0.201741604060601 -0.0421854088682483
0.542441578131748 -0.0259992866885116 0.0262011833089194 -0.047523444226167
0.294795194383666 -0.35136476257625 0.0507710622430475 0.0567118720626177
-0.1583619000658 -0.435365086091563 0.0473694971122597 0.0427933078256472
-0.380412515160288 -0.223984948709633 0.0946814177155369 0.0347225195216533
-0.419549753739907 0.0242919738814655 0.0907772065971715 0.00438953675827511
-0.332158360868307 0.2340494739403 0.0858763769886341 0.0036140413039513
-0.289666704482654 0.276967685093774 0.0902758184487987 -0.017665245751488
-0.315303992026394 0.262344853699946 0.0638277529829804 -0.019233004781004
-0.469091793345137 0.0874347930263334 0.0593517427467133 -0.0223595234367684
-0.457123383651746 -0.220729968966978 0.0225939952654255 -0.021556220234241
-0.269759342681755 -0.502107642821218 0.0230592562631989 -0.101818197250939
0.303057248944395 -0.519969619523222 0.137330612725583 -0.13451612963922
0.65090945624783 -0.0759461637524438 0.212834437020199 -0.004138589837258
0.588002012209692 0.267074096371961 0.176292706166508 0.168029916050697
0.496300343132956 0.269826439408836 0.0171485678232698 -0.163687577519543
0.611255911790834 -0.0648703193641457 -0.119766766886614 -0.0438250816524668
0.321621260893812 -0.413129155468181 0.021571289625835 0.0598756756775861
-0.175523558864626 -0.47773198833692 0.0362403727234911 -0.00150817907348356
-0.406181018242225 -0.24143639086433 0.00943319648828753 -0.0280683016977146
-0.444111702326618 0.020208345220009 -0.0582671789645746 0.0142493620449038
-0.352932098596081 0.233821688838614 -0.0559770036044363 0.085270119118408
-0.30149809956045 0.26529868352621 -0.0238653172727243 0.0823614718058288
-0.317326243730889 0.243705850340334 -0.0566372933932862 0.0740511332746335
-0.459085011026557 0.0752155826700833 -0.0740784402414157 0.0264639666439914
-0.443049955474454 -0.21262929134718 -0.0912293868888278 -0.0370359396261579
-0.271420575852386 -0.468371797538775 -0.0293718104690545 -0.133837918946526
0.261573620010058 -0.50564369821507 0.0809473478086254 -0.154141223158651
0.622324506619855 -0.103176107952517 0.0871167822960046 -0.0070538320013036
0.600781838938496 0.231994250027732 -0.0258505163799644 0.0659463020920284
0.474305120128129 0.225480846524058 -0.189561704732267 -0.2853015892889
0.569804750087656 -0.0893449775031255 -0.277144523411257 -0.0429089678464334
0.283182718450623 -0.391801726941519 -0.02656360598377 0.0536475376709142
-0.156816079767384 -0.421661907397938 0.010140108267219 -0.0460620255810347
-0.353165054612382 -0.211072449505784 -0.0860755620157686 -0.0840820969209481
-0.387045451321356 0.0140670201641459 -0.205042711599741 0.0271337299227073
-0.316308085848987 0.195653008682896 -0.191578862362098 0.157265058166783
-0.267410295982986 0.214162321363669 -0.13289693391265 0.171836570069312
-0.274627534525522 0.186619314209547 -0.165267400739032 0.151251663380754
-0.378103909133689 0.0428627441204896 -0.18924608046824 0.066470778626873
-0.347359648571947 -0.183317247256114 -0.181876419721073 -0.0510870590751607
-0.201171662875467 -0.3584811222102 -0.0661546266715732 -0.149822730171201
0.194197572421746 -0.386535281142601 0.0332203490839303 -0.151701394183624
0.491381695340413 -0.0914811240716198 -0.0172398337890304 0.000313004187794651
0.513434741066732 0.168628235821076 -0.20493038913564 -0.0170110179987772
0.368526271946087 0.137770047962034 -0.377677673244295 -0.383206567743379
0.409877648162814 -0.0937816316007209 -0.406849970529491 -0.0452134243757525
0.180883135341708 -0.283230260916272 -0.0835515087332095 0.0422603721719632
-0.105454456038394 -0.272567921345491 -0.0219135259619154 -0.0712610839626699
-0.226736901274207 -0.140738906803457 -0.163075758685746 -0.11857043256039
-0.258768626702091 0.00315877886779727 -0.316334963354616 0.0409337179111528
-0.22376806551769 0.123009799014993 -0.296042752580948 0.209596961914756
-0.19200128946957 0.128949688225117 -0.220915152828777 0.235276247482052
-0.195361402358486 0.101674375129283 -0.248147946476508 0.201359613648001
-0.248867504397025 0.00403229206005118 -0.270583673531873 0.0855734310889205
-0.203771871448382 -0.130453385400638 -0.234477975810235 -0.0694703101514048
-0.101319179875068 -0.209929325350388 -0.0761808499241389 -0.153052899962694
0.111336179582879 -0.219833528256007 0.00574987169923176 -0.134430985618153
0.304231540526115 -0.0617033530673795 -0.082831283314291 0.00834443322278084
0.360221060011554 0.088803281964135 -0.331750737692184 -0.076411594963504
0.19214103177307 0.0264085571128291 -0.512302946101025 -0.432847321877295
0.172687996635478 -0.0788817034780999 -0.487998221149849 -0.0412522840321338
0.0423437995024586 -0.122670214378011 -0.137981486856388 0.0380654528596983
-0.0360000847438803 -0.0752975070335958 -0.0469814705510837 -0.065500969050914
-0.0636429601078393 -0.0482872504699828 -0.202917325540109 -0.123263821717084
-0.088120766332281 -0.0115319332943706 -0.36754382956892 0.0526084627588624
-0.0967796130685762 0.0280580396894192 -0.349141529682765 0.230783382173456
-0.0894130574266335 0.0226380340222214 -0.274373078427014 0.264660749209539
-0.0918557490562258 0.00730009670726496 -0.297612513080702 0.217206865228208
-0.0975068481653596 -0.0257971043628399 -0.314821985551267 0.0805440056508422
-0.0564324215247946 -0.0609679249686403 -0.250282912059854 -0.0897649548430521
-0.0139973932447663 -0.0571893771254848 -0.0672001987412423 -0.146519964721651
0.0178772362162835 -0.066285238230506 -0.0079384106429377 -0.108264397808325
0.106647725191967 -0.0442411670663097 -0.114389473132819 0.0110505581579524
0.175643578019929 -0.00115848290056562 -0.395535681614479 -0.109991179451524
0.0183299256476373 0.0722719011392923 0.437298214717669 0.125918530727968
0.079620044091602 0.0471107412258482 0.188645308995591 -0.0835972098912377
0.0618624238682779 -0.0521935661051793 0.0115153640501916 0.0499158280487666
-0.0463673423359757 -0.0850092342631932 0.034301639943076 0.130963268586262
-0.0811060072523244 -0.0213821920482596 0.216053172132789 0.129532148885572
-0.0668557780341381 0.0305822193330856 0.340122675398299 -0.0495062791847941
-0.0268089641605901 0.0695619845422799 0.327893885665451 -0.199357579676783
-0.0253019329012733 0.0875537266641492 0.286899556136913 -0.253009030985525
-0.0402991097363186 0.0878755254640927 0.31312123270548 -0.228122309431772
-0.0910456084908743 0.0410140216307299 0.337134117540715 -0.0999600447942935
-0.101538276326785 -0.0436513452247318 0.249853415405345 0.0654761005572732
-0.0389200484980745 -0.119386192199646 0.0991365403579751 0.0476609503686726
0.109063020407204 -0.0720213683703927 0.179724222287793 0.00278727789939868
0.103261126409766 0.0709773174393448 0.417856140638093 0.0668569337034765
0.0145714685538981 0.0996694741937144 0.547318521363069 0.421674029667232
0.17812050708154 0.151408244996023 0.413371308594449 0.106949283765145
0.241631292985083 0.0289323546142676 0.176113602202327 -0.0682464251321957
0.141842085154356 -0.146852632742839 0.0403658770383601 0.0436384921659329
-0.0890478668744037 -0.206446374362404 0.0340302769156154 0.104579585886568
-0.196529043166813 -0.0934849930952699 0.189454308711817 0.115341247773716
-0.206577061553498 0.0367094264023594 0.295534073390552 -0.0255035499532876
-0.146956381837014 0.148861263153115 0.289125985917537 -0.148331263583058
-0.137245310795191 0.182334800211086 0.255850882081789 -0.201403547367239
-0.164484339134282 0.178597007451427 0.2646105968159 -0.185643002179094
-0.267342225921649 0.0645694930528989 0.283152100756312 -0.0935553964519498
-0.262703661761871 -0.134326135463004 0.211200177971219 0.0335138634188462
-0.123573819224268 -0.304439150301882 0.0959508274084574 -0.00203704362317927
0.230187982070582 -0.259982791003257 0.193045650074332 -0.0436024548674834
0.363456040870462 0.039508426953599 0.395377523573337 0.0401085276975285
0.259792334898714 0.201108298970373 0.494934638832332 0.363043287483332
0.32307044659344 0.220629387017584 0.334808314970814 0.0484723734610615
0.401595277799059 0.00366909122056054 0.124229809247485 -0.0560455939558794
0.223759246544342 -0.247537337887878 0.0589085917455776 0.0467287437380388
-0.127154771374442 -0.326886231187806 0.0431384647432742 0.0754936482680338
-0.300977991740202 -0.162929741646166 0.152434316799019 0.0797322185660245
-0.330315622785141 0.0362835470119769 0.211173630739558 -0.00892454861540381
-0.252377938170579 0.207107971984894 0.206248496367938 -0.0787018883230105
-0.22915543757078 0.250203878984499 0.187043218582829 -0.118747171788096
-0.257611174121885 0.242277089654764 0.176285204627686 -0.112473530135113
-0.399973540610277 0.0863164133161179 0.183894394469175 -0.0686557862962404
-0.39362845340701 -0.19172583065897 0.132272712289983 0.000915847727541211
-0.213952706945459 -0.43859575669292 0.0692352239422278 -0.0577923905886497
0.294456763101479 -0.425931454895447 0.177703479726449 -0.0952821994736812
0.558831550770523 -0.0236383660706335 0.323050709708458 0.0101609901910092
0.463086331624784 0.255823252634802 0.36494028289559 0.271434994287707
0.43871109884363 0.264686135324519 0.198768905558016 -0.0473253888124705
0.540358114031481 -0.0332004474272498 0.0224289199865089 -0.0487857568136716
0.289335296561986 -0.350232703241064 0.055080074583825 0.0542780015616677
-0.16413265496722 -0.428713149507908 0.047856276020724 0.040346434569879
-0.382484166151681 -0.215086228294128 0.09311377534966 0.0271335652906904
-0.418202743625477 0.0328565547766468 0.0897327242880149 0.00248902769284693
-0.323726526536329 0.239786037352794 0.086910396933468 0.0027088238821292
-0.283171567311137 0.280987122238714 0.0889016441125832 -0.0202664175470272
-0.30766886312861 0.267035974965489 0.0638845961157792 -0.020016947178356
-0.4667653032344 0.0986278400967606 0.056534741861439 -0.0262417256969807
-0.46348435252064 -0.212514552383013 0.0230254129625327 -0.0235202090347441
-0.27837832871921 -0.492838655215475 0.0212932342831169 -0.104850138955078
0.295214802342542 -0.521833925550689 0.133606839663798 -0.135855691470633
0.648980424344465 -0.0856268024799406 0.211368283858931 -0.00812885646034664
0.582386615486465 0.260571121269814 0.181326012029819 0.165510197065307
0.495831099152717 0.26667215344802 0.0127240092050119 -0.166783871431229
0.608692840649908 -0.0757103211086887 -0.122832763530109 -0.0420689284112713
0.315536858534322 -0.413305713751418 0.0254890527789139 0.0580267851594395
-0.181657349844906 -0.470880712858603 0.0366703928097016 -0.00329897973114147
-0.408274378007461 -0.231520512363764 0.00698627782640413 -0.0344552189780685
-0.440714558360846 0.0287299553680611 -0.0589665047933468 0.0159883240664
-0.346736666931974 0.23825667080887 -0.0519646687563816 0.0876952297548608
-0.295860431369812 0.270003403444781 -0.0230923487410975 0.081288686021496
-0.310403199143753 0.249539548272988 -0.0535490787075138 0.0751044154776264
-0.455044834352205 0.0855049910535512 -0.0749722518046503 0.0256214239267656
-0.448459170322946 -0.203459086244216 -0.0913012606066678 -0.0370017975136516
-0.276483792504484 -0.457950297680181 -0.0327020692571554 -0.135882820916039
0.254074291118529 -0.505022630019525 0.0764458319101204 -0.154814997241291
0.619391731120969 -0.112121702458996 0.0866438102891415 -0.0100585606259797
0.596116740139305 0.22549363341421 -0.0209624711627389 0.0663949522722069
0.472789564731012 0.221546727007525 -0.192933981854243 -0.285498363909706
0.566562446602339 -0.0994000130734795 -0.278779747385879 -0.0387499988168469
0.278630243775534 -0.393375343507545 -0.0229789215526272 0.0528403325236926
-0.162173117886302 -0.417183525750446 0.0100310541035459 -0.0472549907480606
-0.354410217837825 -0.20396781583872 -0.0892856709675448 -0.0889881644373343
-0.384568690923163 0.0203533348983383 -0.204189886560292 0.0317449853993387
-0.309658578034417 0.198761228300888 -0.185367299775073 0.1627715738891
-0.262933191935677 0.218378334876361 -0.131019825549799 0.171455502820791
-0.268941583867858 0.189983380992492 -0.161467671973353 0.154507043055746
-0.375791976610938 0.051148416192283 -0.188305847158603 0.0689373539443672
-0.34931685529509 -0.175425401616362 -0.182843508930544 -0.0479539494949741
-0.205951686571051 -0.350138517272058 -0.0688630899905796 -0.151018895097911
0.186865092484371 -0.384320318682081 0.0283428554304537 -0.151620457691313
0.488767410394526 -0.0973615594836859 -0.0163558458004435 -0.0011671409586705
0.510093029259743 0.163726361943024 -0.199571339461176 -0.0140068929795908
0.36688506172615 0.135291057934706 -0.380689136206696 -0.379840459169041
0.408387102801144 -0.100919657517019 -0.407134539410329 -0.0390453354049865
0.177196860552147 -0.285168914686507 -0.080812800207102 0.0429204590896232
-0.108314119455994 -0.269859750419613 -0.0220993708554808 -0.0721454626174718
-0.227866163586875 -0.136307771066376 -0.166490759809804 -0.120646030245166
-0.257048847665149 0.00681485410695137 -0.313940849648935 0.0487179634535132
-0.218895416724524 0.125771799861403 -0.287306123514877 0.216317930600163
-0.188590125116371 0.131732013302038 -0.217331960937605 0.237418629469535
-0.192752421823129 0.10431533986686 -0.242637914106669 0.205855481052257
-0.247791324879583 0.009097454060483 -0.269138314112964 0.0897123619534927
-0.205612902767863 -0.125788105381025 -0.234710761691924 -0.0643765687725481
-0.102703088369235 -0.204413824875357 -0.0791347555603421 -0.153488627025054
0.106229206404351 -0.218765288380493 0.000470223362258201 -0.133442991250746
0.302337577372793 -0.0659173505351578 -0.0812361206101425 0.00855929601263315
0.357682659625084 0.0836944760289115 -0.325846656408572 -0.0697609197456089
0.190925967820432 0.0252024170367575 -0.51417696725705 -0.429211997465189
0.171653576117951 -0.0822619359196816 -0.485493292967433 -0.0354385862032435
0.0414180983075051 -0.123709175846813 -0.136417999965563 0.0402877830649779
-0.0366530163672304 -0.0750181357088754 -0.0469900953365357 -0.0658470799585207
-0.0637783068152638 -0.0473523411401105 -0.205099035981048 -0.122468413328143
-0.086916935693278 -0.0106072783440945 -0.364085718534057 0.0606527771179679
-0.0948095321917705 0.0288819904012132 -0.34003128098437 0.237517306584018
-0.0883175462677437 0.0248268780504834 -0.268513655454221 0.267150365828608
-0.0916690209528274 0.00891906800441696 -0.291616101949244 0.221140019710208
-0.0974925814436397 -0.0237952000756192 -0.311714638574639 0.0884743813315044
-0.0555818044216694 -0.0584388779683638 -0.251790114401823 -0.084616720301266
-0.0133791244701738 -0.0552705116686394 -0.070409445058083 -0.145991659914537
0.0156208966747973 -0.0640509225755918 -0.0124592018759298 -0.107164344603709
0.105584923035957 -0.0464710899173114 -0.112597948329471 0.0124523833574428
0.175697028703828 -0.00325170120938457 -0.390919411390654 -0.102885653332005
0.0173246613749569 0.0729521680652911 0.439504387301744 0.12510036117248
0.0799585966390919 0.0485193242657074 0.186409621775218 -0.0848012807438755
0.0625865298150307 -0.0502517561850338 0.0128301767688864 0.0493307079892634
-0.0470585723852498 -0.0839767023297145 0.0350986447953974 0.131219900041697
-0.0822442727949176 -0.0204853624527473 0.219309138726041 0.128516636035711
-0.0682327793681762 0.0327703110684416 0.340789420052485 -0.0530071814915972
-0.0266982544186287 0.0709359965864233 0.326186602794929 -0.205014070809446
-0.0240603585491345 0.0886395901024092 0.286969287713331 -0.255467904203244
-0.0397007221476062 0.0892268426825602 0.312903329394416 -0.230603063421667
-0.0914311755614402 0.0425920152122246 0.336530912589038 -0.104261210107479
-0.10455420275135 -0.0430022612631412 0.25376380154237 0.0627013989039103
-0.0407838434825127 -0.119498287181589 0.0995584388549824 0.0480390165367776
0.109708307194025 -0.0735195533901333 0.183210479921172 0.00262925420796504
0.104113911694296 0.0722137553016288 0.420280113815781 0.0652175409824162
0.0121625207309743 0.100945133267502 0.546426911104235 0.424799262046724
0.17769106839861 0.153816433459227 0.415286285213215 0.106575300145933
0.242358358012142 0.0290300451842878 0.173936089583351 -0.0692441828124857
0.143100063070066 -0.14524504349883 0.0431532806535306 0.042027819358738
-0.0902900355369531 -0.204128476814198 0.0344779331145244 0.104396969752349
-0.198324007570459 -0.0916412369559183 0.191037964840572 0.113531410564608
-0.208958829533832 0.0398199914654983 0.295541400242685 -0.0286844662649435
-0.146529264549855 0.151351596281433 0.289257370730998 -0.152337194529423
-0.135824914346024 0.184218861573771 0.25664929731664 -0.204849269110218
-0.163969250918909 0.180773329080136 0.265109439985542 -0.188792551032782
-0.268854288834986 0.0678917569968689 0.282239177566656 -0.0984970023773699
-0.268333126017527 -0.132378484556672 0.214070338662694 0.0302936798881655
-0.126592673623014 -0.304683994937007 0.0960574108486991 -0.00390915639395479
0.229638759938586 -0.262724808779223 0.19605429045692 -0.0444240925791053
0.365799443274768 0.0389339291980483 0.396209629439175 0.0394590082808726
0.257403807574424 0.204081803345114 0.496251777901885 0.364740771630036
0.324748003351149 0.224883829887859 0.334632341786883 0.0466481114132346
0.403753127966216 0.00195756112883028 0.121046679499484 -0.0569892723345322
0.224754971117213 -0.246545496263168 0.0621303328864207 0.0445585252628265
-0.128482411313948 -0.324342850598777 0.0438398194516922 0.0749220752338158
-0.303935710648344 -0.160892185951735 0.151965377123509 0.0762996525638107
-0.332540487867089 0.0401694994182867 0.211738664528167 -0.0112662702034181
-0.251272662141186 0.210862772870581 0.207549787467021 -0.0808015681358771
-0.22796204116287 0.252841950408092 0.18752151756588 -0.122076129610406
-0.25661819151891 0.24536507683773 0.177210919403575 -0.114375695975441
-0.402647974309305 0.0914925374357559 0.181909355337972 -0.0736447915451152
-0.40086092287947 -0.189511083857786 0.133743398940165 -0.00242441387650887
-0.218391067716948 -0.43751569094212 0.0688404002204061 -0.0598243628714285
0.294853646553253 -0.429079968436476 0.178907995748636 -0.0961319788927874
0.563305437319395 -0.023733784996598 0.323998263406687 0.00686581535329356
0.460692290528515 0.260035829393472 0.368006831408617 0.27115268660327
0.439892649340555 0.26917152536613 0.196897654747601 -0.0498614823763615
0.541661817267503 -0.0372390059828906 0.0188552887876325 -0.0482183940958619
0.291447703218623 -0.350427440987459 0.0587210290385477 0.0516520976477085
-0.165805316144644 -0.426059356424267 0.0481738063043067 0.0397587454191063
-0.384296428647665 -0.212379357171916 0.0913348551825966 0.0216806989546491
-0.419399267353626 0.0361157706663312 0.0886653671275158 0.00188860682767418
-0.324565628745409 0.243529726934601 0.0892222127799698 0.00297317236066638
-0.282453320870465 0.285702816145222 0.0890002150294719 -0.0217335883628873
-0.30714277474795 0.271605970844474 0.0655983511402536 -0.0206085231041868
-0.469506036309446 0.103810529100522 0.053921390260209 -0.0294065073262932
-0.471953179459854 -0.208413429730822 0.0237981840747149 -0.0258447813091908
-0.281948687649181 -0.490552260442812 0.0191477054907102 -0.108555875840838
0.294935408432582 -0.525058558617735 0.133139645463328 -0.137478399020878
0.654906844113225 -0.0886610631380415 0.211470835876452 -0.0110244264863098
0.581228324414821 0.265007945774707 0.185129740238224 0.16572795872792
0.497839597393911 0.27198822132283 0.0105351554588062 -0.169685867839823
0.610920327071954 -0.0785602758448492 -0.126976287362473 -0.0415316870140991
0.31842646780671 -0.414376465257792 0.0289283286370494 0.0562815138369948
-0.183161752697556 -0.470917245872247 0.0371252681721433 -0.00482811244646877
-0.411767154698034 -0.230609794943626 0.00352805857475489 -0.040558470479716
-0.443547248608836 0.0320731630494629 -0.059580713767357 0.0172112682474382
-0.343600664047768 0.241812403832184 -0.0484149130576054 0.0899684182063318
-0.293145714869014 0.274987087960457 -0.0233771504570922 0.0811701276349973
-0.30881122743936 0.252638680287704 -0.0527208585939656 0.0756996536839818
-0.457670012802229 0.0900014541319212 -0.0784210173502166 0.0242381453593483
-0.45540988090608 -0.200729538113964 -0.092044497982568 -0.0378760011305424
-0.279623754460445 -0.455755319115518 -0.0348491435327626 -0.139590089029645
0.252701365675443 -0.507012239830128 0.0751972670797994 -0.155074924103535
0.624527806762166 -0.114349849543211 0.0871152068210475 -0.0121580595726501
0.595322483684621 0.228635377481725 -0.0168122036815828 0.0667661429889631
0.474403624716133 0.226544137418814 -0.195978035575133 -0.289259639108036
0.569513831401564 -0.103716854038248 -0.282799576529349 -0.037787312575347
0.27953224015187 -0.396033878280471 -0.0209033048747959 0.0517307726104087
-0.163665524980754 -0.41825418284525 0.0101023832423431 -0.0489953321258224
-0.356875048910417 -0.203740357975927 -0.0936917759288434 -0.0951239213139504
-0.385757512902343 0.0228706463673987 -0.205794839579442 0.0349048855295934
-0.308439777353213 0.202468616377279 -0.1812100004698 0.167336012319392
-0.26091344148151 0.221504969447116 -0.131879359092457 0.17296530117517
-0.269022322406331 0.19198777054175 -0.160261897522149 0.155853619837386
-0.377832740357772 0.0532888836801736 -0.191484703430451 0.0692052194066464
-0.35437376324693 -0.172137342953027 -0.184169060253815 -0.0477204834152084
-0.208326103851442 -0.347563297220909 -0.0716181882814068 -0.153942927456831
0.186255796629017 -0.385617461010101 0.0251825806627524 -0.152235988972792
0.492384319345697 -0.100073100335957 -0.0163667556335251 -0.00262445806597879
0.509947317461753 0.165722433517788 -0.195344577982125 -0.0133873871792193
0.367821907023989 0.138501224588867 -0.382296725665979 -0.385578572505901
0.410316541515238 -0.104037494147074 -0.410443422600423 -0.0378366897166512
0.17746115551404 -0.287118311622319 -0.0797590591749618 0.0420437097447441
-0.110333035313476 -0.270926711349386 -0.0221796211451107 -0.0739963344385515
-0.230044853041937 -0.135800466513183 -0.170899092261115 -0.12506485881564
-0.25711226440295 0.00797366497123342 -0.314703712386843 0.05256735271197
-0.218378492233881 0.127540802414389 -0.283956136693387 0.221582684955937
-0.188344523838862 0.133842729993473 -0.217675555168071 0.23977427122995
-0.192442031910371 0.105719756598298 -0.242563199160134 0.207952368397814
-0.248955265388465 0.0114700684966457 -0.270532085492053 0.093194950696106
-0.207111468971616 -0.124405141882197 -0.237263829895895 -0.0623587148945284
-0.102514667823584 -0.202456444587989 -0.082075337944902 -0.155456299665192
0.10517904377106 -0.21755822434895 -0.00298056699663877 -0.133525501979142
0.3037333493009 -0.0674731261449715 -0.0808921999420679 0.00786738001438466
0.357109754833413 0.0846617626755435 -0.322286349001869 -0.068711194770545
0.191566255142026 0.0259733853782381 -0.518353836245352 -0.433375726943515
0.172601585287082 -0.0854760112716264 -0.487584069852597 -0.0321545444826399
0.0410037085064747 -0.125123192022084 -0.137202639973502 0.0405699013117534
-0.0370261634085734 -0.0761878921128679 -0.0470037371744183 -0.0684637908959016
-0.0644227245313204 -0.0478412505854073 -0.208228608798396 -0.125124852389366
-0.0866578752358449 -0.0109795342496129 -0.364604016548696 0.0660437419804934
-0.0946471988157025 0.0291341576677287 -0.338099152520441 0.243828749081506
-0.0883694259095376 0.0253110537218933 -0.27037127718716 0.269323364650465
-0.0924784630708818 0.00900432280863232 -0.291279255603868 0.224250875271261
-0.098383722523999 -0.0229188093254993 -0.312272508624164 0.0921910060564754
-0.0554820097442748 -0.0586354531912406 -0.253990524433735 -0.0816027009344227
-0.012931962074742 -0.0540852772831884 -0.0725878151618382 -0.146957688102127
0.0145394541170374 -0.0625082978912924 -0.0152099820131592 -0.107116709601273
0.106393103812152 -0.0478115790801474 -0.111994241496504 0.0123543784484851
0.177076528404432 -0.00471820593590078 -0.388989186268896 -0.101285801421929
0.0173272240215308 0.0752052399334547 0.449522783794305 0.126785627891862
0.0827426526773159 0.0506874742650033 0.188329776751962 -0.0874224513779513
0.0648301434050056 -0.0493105925583361 0.0149804403175085 0.0499549913511061
-0.0483617545727836 -0.0841218123889377 0.0368386670028132 0.134846631821246
-0.0846945214190395 -0.0197601321971339 0.226366042557409 0.130029412346469
-0.0714574735734437 0.035817333382785 0.347420439705599 -0.057909290552215
-0.0272440664759693 0.073628253749879 0.331288987977525 -0.212625700769961
-0.0236383828944687 0.0913106794050537 0.292933105288919 -0.265072442051348
-0.0394963274480177 0.0921251619801289 0.319016319776022 -0.239267280100083
-0.0933562402023198 0.0447099660473346 0.343855759410154 -0.111080405392155
-0.109286185183231 -0.042944773391427 0.262138998629812 0.0610005267259393
-0.0435912625933324 -0.122058255916455 0.102780958463573 0.0488687660558309
0.11162235375659 -0.0757354642033995 0.189937960719035 0.00284823059127581
0.106212956099133 0.0747124037667076 0.429937474124719 0.0661603657018931
0.0104646575703835 0.105445261041283 0.558581531076128 0.434861086376889
0.181552554870476 0.159701867879466 0.423230285457245 0.108190450600032
0.247563059175501 0.0300565516007607 0.174471612270851 -0.0712539669356821
0.147438484410039 -0.145715787891685 0.0463033493901708 0.0413841794765836
-0.0921053814685452 -0.206251351623888 0.0355628967834868 0.106203599152684
-0.203944502549404 -0.092028628470715 0.195815058801491 0.112892262201439
-0.214337495889295 0.0438278387630097 0.301377731213446 -0.032692639406419
-0.148802556512948 0.156802381993185 0.294666111737495 -0.159046274132927
-0.137241384192333 0.190630437366831 0.262231119999118 -0.21156800419089
-0.165498026223356 0.186829743787982 0.271540845940492 -0.195705494737084
-0.275284218341352 0.0727160835178153 0.286555114226016 -0.105376588432566
-0.278336970398083 -0.133233619350497 0.221085449495938 0.0280767414344093
-0.132227291953337 -0.30952162938808 0.098062634508877 -0.00483212162936661
0.235658564811881 -0.269601920587115 0.202920316748217 -0.0459385524158829
0.375696725837878 0.039678289213932 0.404268372341157 0.0387763826507205
0.260046406974416 0.212237508837667 0.507903373098244 0.372933764412381
0.331938435454856 0.232708518775959 0.340630115795996 0.0467288197150075
0.411946014447186 0.00159355257521339 0.120470626338218 -0.0580604271146195
0.231438769718421 -0.248783963571198 0.0666937874778546 0.0429925440493635
-0.131586008540891 -0.328196067397788 0.0445300980397884 0.0770471442565559
-0.312368975449733 -0.163302724554734 0.154530826645946 0.0743203756388931
-0.341523652362 0.0443812004132482 0.215673918926975 -0.0131870040983282
-0.255242575030645 0.217815219493719 0.212716648907953 -0.0841988957291359
-0.230710637946365 0.261870857114894 0.190694170577027 -0.127402441555396
-0.260802240902929 0.253438077029169 0.181705946883415 -0.118967726295673
-0.410861308681585 0.0986188881897394 0.183106809970245 -0.0787666275797495
-0.416185392831346 -0.190380374842305 0.138256143935652 -0.00568718486181781
-0.22539066197441 -0.444623175913828 0.0694203026282966 -0.0641976574401962
0.300694950471127 -0.440860569453972 0.184254156804514 -0.0989055257387291
0.578729330960802 -0.0257659730025919 0.330723734892205 0.00675273087702262
0.468983325423464 0.27047811505602 0.377532436113007 0.276945045244035
0.45039366554993 0.281157184318922 0.199064900207375 -0.0522260254804018
0.553955537831468 -0.0397551047291606 0.015166080600358 -0.0486541712031732
0.30030928030481 -0.355777876740086 0.0627476732854568 0.0498646226695274
-0.169747168956682 -0.433518707949147 0.0497995271518204 0.0406270035834894
-0.395753795360601 -0.216186592320237 0.090476300936107 0.017535586747133
-0.430776903789573 0.0423142656470823 0.0901656422621679 0.00202523610310975
-0.329761340601674 0.250631705237107 0.0944276711990644 0.00298027908273931
-0.286586051295549 0.295255558224591 0.090363741562586 -0.0235777588807303
-0.311195675385614 0.280071525240139 0.0683307379287499 -0.0220153310153547
-0.480277277896886 0.109103149138083 0.0515357176259312 -0.0322356796889592
-0.488417796388034 -0.209702182124755 0.0247962511881873 -0.0287501397875235
-0.290991256641001 -0.499495934219184 0.0180775121093544 -0.113914107806309
0.301333370804169 -0.538430245511679 0.135889143939355 -0.140512452246417
0.672351971727627 -0.0900780026751507 0.216115568162893 -0.0133347670145018
0.59044105648096 0.275444866089018 0.192587602710649 0.168906690954468
0.507880587942937 0.282849896959608 0.00798944060878438 -0.17545881377537
0.626257495856562 -0.083740869075225 -0.134032291811451 -0.0416261437707255
0.327592697256303 -0.423549972003423 0.0321930836929856 0.0547843417042534
-0.189147748655776 -0.47943272317877 0.0376557577915418 -0.00546895720475525
-0.424160536450768 -0.233526197807508 -9.18771979504548E-06 -0.0460314879851552
-0.455165231244652 0.0355586233540426 -0.0617130715749132 0.0191322035312861
-0.350355529563187 0.249860454281204 -0.0449689098979231 0.0943989827067761
-0.299653091591152 0.283192498161121 -0.0243828808887872 0.0831634466925922
-0.313533424162035 0.261599754709652 -0.0523795145708067 0.0776328547862941
-0.468853772251976 0.0960801366696772 -0.0831640124910742 0.023839555811221
-0.470539560977793 -0.200980761917504 -0.0945102277087299 -0.0394341593380234
-0.288622862380851 -0.463298508056281 -0.0380415762098572 -0.145832201778202
0.257096924822534 -0.519088235451291 0.0746590343425618 -0.159150714642769
0.640054638007008 -0.119047841187496 0.088599603506892 -0.0143811435156372
0.605673822597617 0.238553188532358 -0.012605864668867 0.068324496928833
0.486434658445508 0.236145418168108 -0.202966033212017 -0.298921318067905
0.582017475009568 -0.108549208062587 -0.293125810074453 -0.037467766020267
0.288019859945914 -0.404422468854522 -0.0193807469534835 0.0505176267235442
-0.1696916636251 -0.426628729379358 0.0101470456198678 -0.0508842156322696
-0.3679361882112 -0.207512768654313 -0.0996872497110073 -0.101148321126543
-0.39675558450707 0.0253720949614422 -0.210267474657373 0.0381401927319749
-0.313574995506513 0.20768338970659 -0.179971822966584 0.174226076322806
-0.265306539651812 0.228620184056512 -0.134751415239606 0.178274399281757
-0.272384354772572 0.198063058870792 -0.162270313020586 0.160854274844411
-0.387799437953535 0.0583824088959986 -0.198154371156123 0.0721951226004052
-0.366170409355141 -0.173728075139309 -0.188492430099109 -0.048779317986536
-0.212486825181032 -0.351276721887715 -0.0758030354736673 -0.160616451453961
0.189040197966201 -0.392928494833268 0.0233232278823587 -0.15593929733054
0.504126271086664 -0.103957488037053 -0.0168533919616999 -0.00383924895251709
0.516701786771888 0.171685067175301 -0.194499536979095 -0.0131747210569599
0.377494585028213 0.145474447945043 -0.394321427892827 -0.396265887596047
0.420159605368558 -0.108844597800422 -0.422916289535059 -0.0364707898561798
0.182049187814858 -0.295199889923818 -0.0815676203309213 0.0416520717519903
-0.113105017561681 -0.277839514295958 -0.0228063697431187 -0.0774784586251901
-0.236860696669309 -0.139271665078929 -0.178711748272783 -0.13110807582556
-0.264031492115306 0.00899318096957392 -0.321511092826589 0.0570062614066564
-0.221990312864333 0.131322096825124 -0.284311332147529 0.230953578223937
-0.190630670488671 0.138465455728057 -0.222330012272275 0.247187946179261
-0.196898313916016 0.109034077705245 -0.246821259841349 0.214748489701519
-0.255743021599521 0.0134834742532697 -0.277937190138212 0.0971215725944692
-0.212973271260173 -0.125342646288195 -0.243399033103281 -0.0619811738340869
-0.104457263331859 -0.204229085660396 -0.0858368760160536 -0.160520039956548
0.106835480498332 -0.221261456910554 -0.00607512724425412 -0.13645439406673
0.31156073247852 -0.0713554610537367 -0.0824727489365509 0.00733154525515327
0.363475440563666 0.0877167723141542 -0.324098414201568 -0.0692175833042416
0.19639596937386 0.0282802003436565 -0.529256189403576 -0.448687353954122
0.177036208129113 -0.0888647011278812 -0.500830841707934 -0.0322479058537518
0.0407351353177672 -0.129141081449541 -0.140992934498376 0.0411589923974465
-0.0386496108287021 -0.0787936309247616 -0.0485313348159905 -0.0713423127007451
-0.0662882430106307 -0.0497119169931994 -0.2158673272031 -0.129537943593241
-0.0894584551553773 -0.0125603968088571 -0.372842054302243 0.0706432276787816
-0.0967553280014014 0.0291845907534243 -0.339622154260559 0.253029828590882
-0.0903407498524616 0.0262295498329383 -0.274942409226306 0.279318143560564
-0.0948137885434152 0.00948780002038615 -0.296715955226816 0.231350375959778
-0.101308412753431 -0.0227748801809698 -0.318946962402486 0.0974921860238266
-0.0557883898201157 -0.0595898969303649 -0.260582322056701 -0.0807297627017933
-0.0112093917479144 -0.0541635159841181 -0.0754553546472054 -0.150426098577
0.0138635371207265 -0.0625396016092922 -0.0192332852174188 -0.109559780701528
0.10865179933639 -0.0504095228319277 -0.113766305821706 0.0125549455231729
0.181063004346392 -0.00709760641089779 -0.393904758749451 -0.101440876699725
0.0609995481083439 0.0533307924281334 0.451814349698478 -0.180035301924895
0.0983264240884196 -0.00799202322169277 0.10165267607172 -0.189813915374653
0.0262911771681529 -0.0792372410215766 0.0443177822084508 0.0269865687914407
-0.0864991117583879 -0.0392250875885704 0.111534652956593 0.0877701837736329
-0.0810498874736885 0.0349835929375152 0.265291912516735 -0.035144469140302
-0.0364995859297364 0.073655981428723 0.243121280105757 -0.266841314229184
0.0222489704623889 0.0766749646409572 0.134125661523411 -0.388877541133204
0.0394228117735439 0.0893821153302112 0.0717215528932636 -0.403258154332239
0.0274840113242742 0.0995616419505746 0.107562801596941 -0.402283690785129
-0.0488574994808612 0.0963923266247567 0.212101713875549 -0.311762523835075
-0.119038879120964 0.0359267680713759 0.253286982191955 -0.117945251707923
-0.114425380286029 -0.0760534606110903 0.117822259581009 -0.0238674779809131
0.0476737756213042 -0.14196215673803 0.15913921087701 -0.120816861717132
0.144192031995277 -0.00949655944723293 0.394194535880394 -0.224822676045574
0.0875510932548303 0.0900505014818015 0.745128411376785 -0.00340792648793743
0.24989136515696 0.0298237499077904 0.42152178262985 -0.191733408139375
0.219793258246626 -0.122173959004951 0.104215406543635 -0.172845994265015
0.0379855490278756 -0.208661245871109 0.0624520808392927 -0.00698917717501586
-0.192988411676843 -0.112453360445936 0.0866142220142839 0.0638511765773807
-0.222189443444573 0.0482808261414107 0.22614871799032 -0.0287243980237618
-0.148196674930947 0.169274744610628 0.218376415761835 -0.215197181790749
-0.024244345900109 0.219892634828421 0.140804464857815 -0.317355490572252
0.00945055344695649 0.24361131940595 0.0787038800549507 -0.341163961070663
-0.015950429773223 0.258981105918895 0.0952452207390891 -0.337537603214513
-0.181759236650565 0.238188659554659 0.167305622027876 -0.27169458920802
-0.320096204129744 0.0707697673826151 0.198924605477175 -0.118090010876307
-0.308146225245924 -0.177825496309665 0.0787281069667774 -0.0647300880154062
0.0266776378816182 -0.391946291362197 0.136784967689847 -0.165865297091856
0.349096950889588 -0.21848659392252 0.359053909277452 -0.224281780720853
0.370982258652459 0.0175797423349391 0.652164915182321 -0.0155869592942315
0.420866905447009 0.00418160497067332 0.317901006931523 -0.200908567530225
0.335986706335058 -0.240409065517085 0.0714369459380726 -0.133125818499805
0.0454799077859634 -0.344484745452563 0.0772033988629122 -0.0246790444010108
-0.296105670002995 -0.189214352113043 0.0697530865727079 0.032240807798976
-0.35385707229089 0.0556312668168835 0.163083619217837 -0.0333173800593529
-0.251684305898982 0.2479068875068 0.157723057439362 -0.143073185643075
-0.0720197663399978 0.335994006348918 0.123119925609801 -0.201017842098628
-0.0222526179214848 0.362188545535852 0.0738469648286071 -0.227104249263266
-0.0520147250467876 0.376903825103757 0.0705345988544272 -0.21864959268419
-0.278990911294061 0.347987361025481 0.0979871901448532 -0.183803858385401
-0.47196216462998 0.113010767294564 0.110001196122169 -0.0902731400681566
-0.473589232556198 -0.233348185669759 0.0171072303851618 -0.0931801530597686
-0.0301609041285782 -0.582265659460216 0.0862348962785442 -0.194384579225004
0.476241555462139 -0.407715578698591 0.279569926770968 -0.194504529154042
0.584686864111927 -0.0709651478150861 0.475294575958223 -0.00401289783241686
0.547141439357898 -0.0245415102041673 0.141844698848018 -0.201466849772882
0.426207392893554 -0.358279171748946 -0.006709663138266 -0.0642958417858135
0.0370539254629962 -0.475126504131362 0.0755689270656142 -0.0208203484364247
-0.390355478857391 -0.253017436876359 0.0458668165641794 -0.00195537873048733
-0.454180067391543 0.0638897172141683 0.0725822715477464 -0.038421347527324
-0.326471216917782 0.301475996737329 0.0634145181212431 -0.0492179095914439
-0.110201848209509 0.408289207353069 0.0824158165242055 -0.0515869729044024
-0.0461677454496665 0.425802719569176 0.0574682473321116 -0.0782630348896572
-0.0772767168645892 0.432554781128098 0.0390228771901752 -0.0668998831072139
-0.327564055145224 0.402339138709267 0.0187491109182584 -0.0611036446214202
-0.547132183104743 0.144029320261802 0.00335684303866467 -0.0352912738138019
-0.563334251666367 -0.23548553820765 -0.0576533805702647 -0.10165053780266
-0.0940029542045155 -0.665125470761037 0.0192633904558321 -0.196056402041567
0.512066621152169 -0.523807117503405 0.172397399817106 -0.132526825789361
0.689713318211415 -0.147797774553363 0.246717754594682 0.0300347320981728
0.600001852422111 -0.0554865886852412 -0.0931388133786226 -0.186565647346602
0.45960816378751 -0.436391480561802 -0.122914728455384 0.031849065899256
0.0177766798594079 -0.545733729399723 0.0503718234248387 -7.25887472597664E-05
-0.433802316732971 -0.278923990083571 0.00432703693193312 -0.0332341535655393
-0.489214222885884 0.0654061596405945 -0.0432676970441026 -0.032566624012923
-0.350272979591949 0.311395980678057 -0.0499349143580469 0.0616490705893347
-0.127420725403104 0.420351542096189 0.0272109349434678 0.112872186108855
-0.0631487946202236 0.424293276082538 0.0314885656074913 0.0825716246089396
-0.0939297882500054 0.418246589521072 0.00412404191502852 0.0923886439468188
-0.328419813856654 0.385224778998214 -0.0558822487848098 0.0722937259948529
-0.524724390417818 0.139649964624662 -0.101172297451447 0.0320087775336766
-0.537625139200937 -0.206677902574082 -0.124367013317808 -0.0918359573065092
-0.121381372048379 -0.618821022301763 -0.0439179539803131 -0.171089575365463
0.463763356856101 -0.524366721888723 0.0678549395966518 -0.0514748012784351
0.672223381686557 -0.190950330692952 0.0117238468185355 0.0818615332800579
0.551071355456476 -0.0824237142385603 -0.346193969837111 -0.152643840913245
0.408733841474546 -0.431688312065497 -0.251952381390055 0.135810722094237
-0.00476988856984143 -0.507690692806767 0.00433738226982015 0.0315958205018864
-0.389267510240308 -0.24779727197917 -0.0456539814581904 -0.0528815916649218
-0.427077159683615 0.0536418682252143 -0.158387323706087 -0.0152972841221251
-0.308104372091989 0.266271278891468 -0.157748006689477 0.171077026404938
-0.122844743566658 0.363585244066837 -0.0316811790661311 0.264927979660806
-0.0720633116919022 0.357678092181251 0.00209386730370944 0.23051176990501
-0.100296264807628 0.34141402545828 -0.0315524113522078 0.232295970675793
-0.284296741586655 0.30050235044025 -0.119450302667495 0.185763642458086
-0.41918710450074 0.0952264069756613 -0.184070423497958 0.0852234699772557
-0.402273513877962 -0.160852107226751 -0.165553662202968 -0.0801938982610064
-0.0967715194034667 -0.463792126220887 -0.0847465354746332 -0.135233780246018
0.357279749538863 -0.421282254166214 -0.0119482433023892 0.0229268237648746
0.551712018886112 -0.193618532291885 -0.188167336119368 0.132436812062981
0.403787027567908 -0.0961642448246379 -0.568853555890061 -0.10550739476561
0.275340471657982 -0.336272227249215 -0.362633941424221 0.220765822036701
-0.0276314309470553 -0.352182327229425 -0.0507951290086696 0.070728445053687
-0.25709736351661 -0.159603997931311 -0.0830374612400881 -0.052845164072957
-0.278791370092999 0.0301892488728214 -0.237904060568136 0.00852575869288871
-0.210577333430163 0.170933144545471 -0.233160117223456 0.254922949019547
-0.0960814964193598 0.244372060578222 -0.0822378093720166 0.375965571042866
-0.069026800206971 0.235894528860118 -0.0250526441641052 0.342975678134222
-0.0943737986601896 0.218612230959145 -0.0649121872091214 0.331693246751675
-0.203480064870234 0.178729048187867 -0.168742777583644 0.258039729236644
-0.260851284329431 0.0346106729096802 -0.238176887549575 0.108493920645215
-0.21707487137732 -0.105620996116752 -0.174702376373116 -0.0756202931701239
-0.0552724375245334 -0.259075433655086 -0.0957844472431198 -0.102156061006282
0.213975787497534 -0.265273831159306 -0.0597447349547139 0.0691943982090206
0.361563618898863 -0.165426402231709 -0.324315724843365 0.166617549093656
0.179250347498157 -0.0902385811081884 -0.717860600579283 -0.0494131689571258
0.0896272333667 -0.17502931286312 -0.429306275233211 0.28227242193512
-0.0459423008473276 -0.129338723041734 -0.0969705782646512 0.117711497876658
-0.0795398775650383 -0.0417316943277448 -0.0912640160596833 -0.0300477107295309
-0.0850762866834636 0.000348352323577849 -0.262910486325163 0.0309943595094969
-0.0804346834837177 0.0449870378412132 -0.259960635411189 0.294581322056677
-0.0583922554575646 0.0835625597145646 -0.115126067335336 0.428505944247902
-0.0579716673283447 0.0797124415603655 -0.0466099269488677 0.403634638750801
-0.0738912300750857 0.0715362607738261 -0.0942883074365021 0.379436849758834
-0.0987595189399845 0.0488640326615792 -0.201047050923139 0.284793677284346
-0.0861208123232189 -0.0135684281339834 -0.264040867673333 0.103129360542505
-0.0441933617099054 -0.0383132208978275 -0.159815195732897 -0.0747546610144679
-0.0302466669688 -0.0618315420897746 -0.0886226091418061 -0.0735670815926688
0.056424476477193 -0.114148037140625 -0.0824374561684449 0.0881048560717488
0.14261158257974 -0.127184471528554 -0.394367704091326 0.180943061771733
0.0654792428774246 0.0546137756265093 0.462838241525319 -0.207405409564477
0.10356397794297 -0.0124863260162453 0.0953541094121328 -0.201370541753021
0.0267321169578708 -0.0847709633440877 0.0488209464483256 0.0237176009663378
-0.0909292140497218 -0.0373634189206394 0.121485516734948 0.086325765486849
-0.0815904736769577 0.0404771237631628 0.276456207605331 -0.0511843732966018
-0.0331576077360688 0.0799292330667879 0.240613657299464 -0.290831005292066
0.0278984241614291 0.0796818119656895 0.119891919264158 -0.410407704035686
0.0466174657051519 0.0913108778287644 0.0544408909468887 -0.425890589905754
0.0351963464429329 0.102868672966975 0.0925818824259424 -0.426895751354963
-0.0460845169811204 0.103775726414914 0.204519678947244 -0.337336955999854
-0.123640567726655 0.0457027290081287 0.259327795185651 -0.137043907804619
-0.123718000617257 -0.0733393296857286 0.122053304524033 -0.0301462113036629
0.0436804533878086 -0.151245967533314 0.163657099227292 -0.136109785660278
0.15129379152768 -0.015650503457339 0.401871775885888 -0.252663730281643
0.0960114635628833 0.0931284685896491 0.776979631786731 -0.035123255767135
0.263598110477268 0.0227643259538204 0.43071561549415 -0.217404086305462
0.225050383131894 -0.136837317353936 0.0990296541299763 -0.182995180006688
0.0334241467458318 -0.219941398206089 0.0661833611324989 -0.0135399649750168
-0.204025277999015 -0.108991550348356 0.0945047500401236 0.0621996731668023
-0.228987355967969 0.0612987166862439 0.233743133509733 -0.0415492349735821
-0.145418114338696 0.185946966061442 0.217484593469282 -0.235103836446455
-0.0131284597142006 0.23161808152583 0.130899326472502 -0.33803814686026
0.023611002604402 0.254644877115215 0.0648176992500732 -0.360930582637718
-0.00246581989222897 0.271177688816931 0.0827496078537615 -0.358108023429873
-0.178092444214818 0.259486530564182 0.159420477376382 -0.291698854417196
-0.332177987228646 0.0924784978517332 0.201234136875743 -0.135184816254159
-0.330918846723043 -0.171234194439252 0.0782437728265843 -0.0709467668505021
0.0112314940322614 -0.411541688058808 0.137804482505051 -0.18096432710363
0.3558314786384 -0.244427403540076 0.363060004240298 -0.24991162212157
0.390699151411011 0.00728772348345247 0.680016296645854 -0.0430104997172608
0.443455235361156 -0.0102869051888197 0.322240248002616 -0.222096504246735
0.340450576035388 -0.266676641828345 0.0663757374850339 -0.138304102949008
0.0346833705946491 -0.362181273918299 0.0801370788036422 -0.032262712104845
-0.315054436074574 -0.184074146092301 0.0752453128081456 0.030538408491911
-0.366916708321308 0.0768637487760437 0.167033979290162 -0.0426327576964924
-0.250069783450482 0.274095586858527 0.157345963267268 -0.156213975816017
-0.0570228547358682 0.353837146478945 0.119632688575961 -0.217951750932215
-0.0032010814346399 0.379866161426183 0.0654330812365558 -0.240704007207081
-0.0337503635602719 0.39543061060786 0.0621124125791881 -0.232666311534685
-0.274340128341754 0.379311924109807 0.0901755484612721 -0.195599703286208
-0.488513094048307 0.145035872717955 0.10959059426652 -0.102792098932022
-0.504092353175135 -0.220969631896385 0.010324850460863 -0.0986582030652298
-0.0579723202410764 -0.60839358558093 0.0827313104115763 -0.208677603400831
0.480888871855853 -0.448418385612909 0.280926494601719 -0.215525121469692
0.611234635746487 -0.0925538056144168 0.495489595609294 -0.026470201771144
0.576718639591666 -0.0458037443359417 0.137735512461568 -0.215154956449441
0.429633974895441 -0.393270186572345 -0.0112085140371074 -0.0618386006900858
0.0207293012134096 -0.496925308942267 0.0782658542652834 -0.028701024755713
-0.418058017090462 -0.243792253203667 0.0490852697907006 -0.00383165402391834
-0.472553907282752 0.0892161350415647 0.0709681709597018 -0.0443763175984083
-0.327247470922374 0.333183721642608 0.0638926026367458 -0.0533308624422423
-0.0930650514842609 0.431707100022688 0.0864429159868133 -0.0606506204027357
-0.0265705538985809 0.446558677056705 0.0553938503129914 -0.083947886834059
-0.0583657338366292 0.454564329706043 0.0364866683546461 -0.0728407520402001
-0.323870090875387 0.439564743841924 0.0137790863397557 -0.0624609625691033
-0.565870231008175 0.179804344625547 -0.000253493662599805 -0.0395433998029079
-0.598420883721673 -0.218650521686303 -0.0686922809966704 -0.104318103630469
-0.129239220840385 -0.691685762863618 0.0102417619584437 -0.206073414417984
0.513234060061554 -0.571533569024564 0.172109219580166 -0.146678295837048
0.716111999248484 -0.176400728058608 0.259734757323249 0.019750765510192
0.629657762245877 -0.08263916939763 -0.106829038844878 -0.18936341764331
0.460389771178373 -0.477516971413035 -0.127905522416829 0.0439275506987013
-0.00229065151113 -0.574480338428025 0.0518983470705646 -0.00499729332870674
-0.465204367924857 -0.271698060112693 0.0039528222465581 -0.0344738337212933
-0.509441901671235 0.0928132845587406 -0.0508700438053304 -0.0325957563863421
-0.351371831022821 0.345077045418388 -0.0489315113411986 0.0681193890433961
-0.11031498963366 0.445448137775992 0.037906381571808 0.113017773749564
-0.0441958126641109 0.446016308133735 0.0364267960348611 0.0859523790645321
-0.0764251038885609 0.440681713480632 0.00848450058783289 0.095447800151806
-0.325069924673905 0.421148783108233 -0.0580862091374997 0.0818527628191389
-0.542642359110215 0.17433007200072 -0.10611280757042 0.0369660964929091
-0.566688399585952 -0.190766421006446 -0.139195506247235 -0.090748417701172
-0.153216240947473 -0.641632094780039 -0.0554204683877872 -0.175367939660821
0.462604350881288 -0.571830239143859 0.0669530541930388 -0.0558300604035542
0.697228938357352 -0.220434595785361 0.0177172075050397 0.0810521328284093
0.5772301685864 -0.107541974212129 -0.37079380459926 -0.143771655162528
0.409636497615506 -0.470440219860028 -0.257556811522976 0.157619410643561
-0.0259468340596438 -0.531106919371789 0.00466759186628411 0.031112231117444
-0.418000480308574 -0.241364138802721 -0.05053809820962 -0.0529366261686118
-0.445987251212801 0.0778919032287189 -0.171340507118027 -0.00833135586608135
-0.312312341631632 0.294647917735898 -0.155824363388625 0.187728781965766
-0.10963497281487 0.386147659700773 -0.0159665962684706 0.274077719184454
-0.057482450319595 0.375695580681515 0.0134669721015003 0.242098108092077
-0.0876399362948884 0.360581148581638 -0.0214390949583788 0.244354268510691
-0.283257267095205 0.330912533727992 -0.117374109932638 0.203636849685078
-0.433664742066547 0.122050193240977 -0.189513057499136 0.0977745463853808
-0.424647211668676 -0.148076988822024 -0.18025988902307 -0.0766023561197267
-0.122420597059941 -0.478534403271212 -0.0971092061052324 -0.135493027983194
0.354812335052908 -0.458918578200602 -0.0135267147145976 0.0247729950612505
0.5671034866109 -0.21818092173342 -0.187629723591272 0.140965549326195
0.420856177801325 -0.117250985405205 -0.601558840303967 -0.0858217673792085
0.273506656730203 -0.365410698142656 -0.368403692478217 0.250680765500327
-0.0436756091872609 -0.368724035229203 -0.0515525058708642 0.0752875524588829
-0.277240092216413 -0.155175953969054 -0.0903100862375106 -0.0512813236951845
-0.292288958348718 0.0456803568804846 -0.253577855704427 0.0197233495734377
-0.214061469631234 0.190107029388376 -0.230444946217269 0.279009867328781
-0.0885924525198967 0.259613851620111 -0.0635312073941404 0.393349181594558
-0.0605841324737967 0.249376720231035 -0.00954976295000455 0.360638170186234
-0.0881443105838276 0.232751544784347 -0.0519802955837625 0.350515232809071
-0.204254733022306 0.197192641682753 -0.163984939260811 0.280939468943427
-0.269799609907683 0.0487866651069815 -0.243935674853397 0.124945636058601
-0.228896258079023 -0.101004726593996 -0.187957825081295 -0.0710500148624986
-0.0682568716169912 -0.266885132872822 -0.107618014999004 -0.0999137447359027
0.211403914359844 -0.288407010092376 -0.0594035527995025 0.075327110421932
0.368600481946459 -0.185182339754031 -0.327837669366116 0.183551584889387
0.185016078853718 -0.101871661588017 -0.755027697633603 -0.0241811265533651
0.0852699355623516 -0.188237225385331 -0.435753069064816 0.312915512864909
-0.05435909607919 -0.132490284258604 -0.0978018591459969 0.128606089033907
-0.0863694207971493 -0.0395072186748035 -0.09815680354008 -0.0269531178105846
-0.0902765396302922 0.00488088701423998 -0.276685073838632 0.045433474895584
-0.0832047075949045 0.0511468153106379 -0.257867558200884 0.321164740539352
-0.0571490267583017 0.0898440810561531 -0.0951906555700634 0.450562249472451
-0.0576209280913256 0.0859292893374643 -0.0297448313979371 0.42406883845605
-0.0744214406143405 0.0779205759497873 -0.0804888091610785 0.401780347895275
-0.101096448977322 0.0559157545647376 -0.195411663878509 0.309099597649246
-0.0906128625591002 -0.0113123656645087 -0.270624869867393 0.121356582183262
-0.0464920347882611 -0.0383787182479542 -0.170712362864974 -0.0701851258543349
-0.0339688131932361 -0.0612957156192177 -0.0982901037874832 -0.0699666961012655
0.0526969838640707 -0.123137708571163 -0.0818818411323406 0.0963007972261634
0.141985029679383 -0.139757391560173 -0.399781301639234 0.202792217384458
0.0711506928691244 0.0538448492500695 0.458469125207394 -0.243680999912814
0.107075689971982 -0.0200290827915108 0.0815469408528499 -0.211061031151904
0.0240868791213105 -0.0899803724349167 0.052622890985022 0.0179198160200979
-0.0944825902612014 -0.0324498966516416 0.130733962723186 0.078870223172669
-0.0802005219177808 0.0466992114781541 0.279739513185169 -0.0739699913440913
-0.0263579527015029 0.0855725522605154 0.224348614100378 -0.314832972127792
0.0352535060028177 0.0797235434418644 0.0915792074892658 -0.428275810024641
0.055714889371541 0.0903424363817073 0.024374182017915 -0.440528164647106
0.0450556887263358 0.102439208481364 0.0633051339397182 -0.444749775592588
-0.0395691863870932 0.110761061803686 0.184239305200379 -0.360314845698842
-0.12343405010216 0.0580322644924354 0.255367376222782 -0.16091319995697
-0.132048296644006 -0.0660135361959393 0.123448583773243 -0.0386566969330732
0.034659230733066 -0.158479631527969 0.161558115638883 -0.154892135766732
0.155350344127905 -0.0251050456404301 0.393087720385903 -0.284564431800682
0.10621929596998 0.0913001976940609 0.795147969657109 -0.0813387257604175
0.27471436323701 0.00760621966294697 0.424989264407468 -0.250045348363472
0.222753004711735 -0.154898665589823 0.0867277648216354 -0.190511717626254
0.0229316641144581 -0.228759574627676 0.0669642542411773 -0.0220521775821964
-0.215015906416815 -0.0981146023029946 0.102465177385764 0.0569319236671051
-0.23014362167119 0.0794344493435935 0.235952840005942 -0.0605239727036078
-0.134487352381168 0.201993391973279 0.205047854520602 -0.25611090912849
0.00451961692977012 0.237589202124242 0.109242456945899 -0.356158550713827
0.0438337160933996 0.258573494347486 0.0403305022527873 -0.374404722189661
0.0191893716973115 0.277429676711299 0.0573864457953035 -0.374164045692862
-0.163873031809618 0.280151057129484 0.139321089925155 -0.309578504690721
-0.334468558230439 0.121241899995732 0.194814692128147 -0.155325161325308
-0.350163052859284 -0.152090345603054 0.0740210741687276 -0.0773638038596768
-0.0167352460455394 -0.42374913001824 0.131400470816659 -0.197601556684565
0.350289903153735 -0.273286253770844 0.353236543934728 -0.279729759295547
0.404751375149632 -0.0137282522804043 0.693538666356056 -0.0881395139515407
0.457949151358593 -0.0379707249834484 0.314837224240885 -0.246552901990188
0.331710086014016 -0.296059295700439 0.0580025525335133 -0.141481893105784
0.0155440503390158 -0.375127867704695 0.0799368143837979 -0.0424582541382562
-0.334286592322073 -0.167911561302131 0.0806794017147541 0.0256819414273332
-0.371004218005742 0.104574949631066 0.166184088471179 -0.0572359885168089
-0.236552380013508 0.300241737628844 0.150140851602813 -0.171331427823313
-0.031476864404348 0.36673169185065 0.107805193495535 -0.234292661071125
0.025443705685747 0.388807713405232 0.0490936812094629 -0.250565567572394
-0.00402826483776099 0.40622273842701 0.0453657533630325 -0.24396108366425
-0.252773320263799 0.409683860815556 0.0753681648822509 -0.203794570716014
-0.491984419347446 0.186478363252568 0.102330858560738 -0.115458596385088
-0.53221356936111 -0.190273161500974 0.00152737384301754 -0.101619973803562
-0.097940877326795 -0.622792202545557 0.0706602427448938 -0.220845098327359
0.46575353365127 -0.493535896273634 0.269324180998113 -0.240184137699634
0.625152650942598 -0.128532557866305 0.505438160109436 -0.0612471344467327
0.59386751514708 -0.0834597188693866 0.12599002904517 -0.226536127128262
0.414373645015325 -0.433266668263102 -0.0158568296778993 -0.057336439325151
-0.00843893605063941 -0.51312724707609 0.0777493271203187 -0.0387353586033479
-0.442495646261393 -0.223298582266278 0.0516168350612905 -0.00738728607503515
-0.478595086674339 0.126575002796895 0.0669057814364302 -0.0511375468830622
-0.311184293759826 0.367115705745823 0.0620958648222221 -0.0585485493105612
-0.0615787524713436 0.448300724426111 0.08653387947877 -0.072318766492797
0.00660595863127001 0.458494210672325 0.0502780249653384 -0.0884227762142659
-0.0249330376389457 0.467831251311603 0.0304741768887431 -0.0779628194210654
-0.300649972488916 0.476485658793073 0.0064674990943666 -0.0612952076833363
-0.566720622665992 0.227875809368967 -0.00587687908848559 -0.0428412779749984
-0.625962507215119 -0.182544818353157 -0.0819685608699323 -0.101327489912954
-0.177494246229424 -0.702778035665128 -0.00399589022910564 -0.210798563768751
0.489819355208833 -0.624665671706332 0.16468053046156 -0.160653042937173
0.72794708710147 -0.221198362786643 0.26743809110596 -0.000884721657766998
0.646722001551507 -0.124481676118592 -0.123298425182818 -0.185187651522845
0.440237631854205 -0.521970204129245 -0.127602277695782 0.0596568348033737
-0.03885251759251 -0.588424646818508 0.0517019363205814 -0.0115699286774053
-0.495119052325967 -0.247170228206422 0.00304889659581779 -0.0351784628161333
-0.517264336415724 0.132595879068475 -0.0582784645127852 -0.0295415709311946
-0.335958330667525 0.381768623195504 -0.0447099878036016 0.0742813525352362
-0.0800258661478505 0.463332309740299 0.0495584915846641 0.108665793841233
-0.0135042307122912 0.459437223534289 0.0438774015685974 0.0866645495985802
-0.0456797449750946 0.455422547041453 0.0139077498917899 0.0975898651908107
-0.302484012815545 0.456048504186508 -0.0555053089345799 0.0923166571407708
-0.544754853694037 0.2188290073808 -0.108538175043925 0.0437275395377427
-0.592204672135417 -0.155307537218135 -0.153565506931926 -0.0834808567053927
-0.199587009551279 -0.648885345186538 -0.0708887074674684 -0.174132939256585
0.437462948699423 -0.620109226804759 0.0630189199323794 -0.0604357298116596
0.703390351837275 -0.265150658006034 0.0240037575171834 0.0785924700680189
0.590911737323208 -0.148779653513468 -0.391120131283274 -0.122365003476434
0.387597396729345 -0.51126276844111 -0.251521592760943 0.184420011485159
-0.0598071683100925 -0.544603976474523 0.0054900543955557 0.029714961967915
-0.446098845461435 -0.218631425569518 -0.0541776716081467 -0.0507684602899962
-0.454186223373953 0.112263860047732 -0.180373736180249 0.00367296302363658
-0.298837256591872 0.326574449720815 -0.144945831120603 0.204581753602959
-0.0847503595551474 0.402569481159055 0.00638506384692683 0.277601624091272
-0.0312245341498198 0.389372564465029 0.0310360664139143 0.248527976920688
-0.0643885476807306 0.373811361404182 -0.00596838194180763 0.251810980165142
-0.2675481035423 0.360685246690354 -0.106813534083298 0.220821055847922
-0.436177549811969 0.155766488344522 -0.189358619659806 0.112333789780651
-0.442035790725094 -0.12306789231749 -0.194322561635776 -0.06576739391926
-0.155078529184031 -0.482284321155981 -0.111205317002849 -0.128686144191343
0.333358548280671 -0.494611372553747 -0.0128082737965361 0.0269562811643134
0.57020644938531 -0.256520103490251 -0.181470422292729 0.152570464574694
0.427310090019217 -0.147712850108662 -0.624807559551176 -0.0492408033996778
0.255131714231073 -0.394438681146735 -0.359307906327119 0.284599020859733
-0.0683338002967396 -0.373912557937468 -0.0490322293804928 0.080761409744082
-0.295943962792186 -0.139385306256448 -0.0964289748964286 -0.0454071779591149
-0.297879163062187 0.0690380084886168 -0.263057908132562 0.038553494887456
-0.206997631549793 0.211555353288903 -0.215291260058276 0.302220623519355
-0.0722397776461454 0.272080586233215 -0.0331803324646019 0.403634342415058
-0.0449032592777002 0.259137266800602 0.0159359390406912 0.370251768284975
-0.0742140634155787 0.243842485722412 -0.0281676169862487 0.363368309954212
-0.196285731447198 0.217414095704736 -0.147838179165163 0.301868919727841
-0.273168796538251 0.0683788326089771 -0.242002837737467 0.1450527343281
-0.239296770004325 -0.088040387406764 -0.200417346289623 -0.0602623421792917
-0.0864774683991156 -0.267693876348174 -0.119714260317586 -0.0906389117633756
0.196435471575175 -0.311192834021208 -0.0551702881458894 0.0819090142459242
0.366583463529918 -0.211826447244467 -0.322455832163641 0.204520693296933
0.184679802155237 -0.117489041443821 -0.776279500610942 0.0243716399310646
0.0737280890797108 -0.199809134116167 -0.423066296051235 0.351721395747173
-0.0651471079863108 -0.130914330894349 -0.0929594257443117 0.140340677140912
-0.0922226136004937 -0.0337545060977937 -0.103666299508802 -0.0205800380434664
-0.0930397583136466 0.0120323935327068 -0.284368818569816 0.0661151348490624
-0.0837946188700389 0.0592860847264808 -0.241380711734834 0.347604910849157
-0.053030857567047 0.0953131521058792 -0.063944280354503 0.464797355447503
-0.0536275167998029 0.0919041464926999 -0.00122514474025083 0.435587937636637
-0.0718355834808479 0.0861174915364394 -0.0529520760462493 0.418253419694024
-0.0990777344904968 0.0649014884784536 -0.177535595547143 0.331887522839981
-0.0935937593231584 -0.00714415418855819 -0.268696206908322 0.144162111019101
-0.0490382836215687 -0.0371599910736222 -0.181174446971898 -0.0610630752402032
-0.0379939198765257 -0.0588320083224154 -0.107685646677145 -0.0607831856393455
0.0444359020099641 -0.130846183309914 -0.0759010834308451 0.104027148883092
0.135213702069672 -0.152270938423336 -0.392940644726733 0.23036606361744
0.0758224445137958 0.0502349156855681 0.439798705917052 -0.273636021908318
0.107503991295528 -0.0276440880191554 0.0641131166482508 -0.213247045009147
0.0197606272002516 -0.0932177046113358 0.0539570262684286 0.0109627024687719
-0.0959396164883388 -0.0270201399335418 0.136362998577799 0.0685049523911956
-0.0765908923646811 0.0520473998437215 0.274154119196601 -0.0958157483679106
-0.0184699330473504 0.0876747451737003 0.200593066501826 -0.33024180867669
0.0423670134847059 0.0771250606884646 0.0590891604864249 -0.43219634431324
0.0635302923635052 0.0846312858701709 -0.00653239767774825 -0.441578604978844
0.0541718406248696 0.0979972854176052 0.0299872653110685 -0.448550676676055
-0.0313887531405158 0.114234205189613 0.156421562977335 -0.372769635982992
-0.11867575459 0.06862804608673 0.242898765030739 -0.180607370618167
-0.136991985131949 -0.0564028082741043 0.121550899880106 -0.0459947607408677
0.0232481396458213 -0.161074883956628 0.152447169854577 -0.17023532035135
0.15486514955132 -0.0354739887430534 0.371738391917648 -0.31197283799758
0.114083203904316 0.0857309149276249 0.78787584865826 -0.129533248964678
0.277549916724519 -0.0094459616661768 0.405890777871105 -0.276946729806389
0.212351565052069 -0.170642432533445 0.0721756138730409 -0.191569376443837
0.00966777902404785 -0.231979310846284 0.0651184894126871 -0.029927302006305
-0.219862177876439 -0.0839695340109531 0.106405933911418 0.0482839821635859
-0.223647552851638 0.0953650484366182 0.229710696710354 -0.07911326300267
-0.118040820463163 0.21263994560477 0.186462674211627 -0.270350447652572
0.0230670509613309 0.236207163621213 0.0825486557371438 -0.364200378525585
0.0642146063511927 0.25377806173412 0.0128789550440553 -0.375870943838568
0.0406605848410938 0.273181011424428 0.0293739610084146 -0.377324532288939
-0.14210205627195 0.29318146656149 0.114900405659873 -0.317699078359956
-0.325100855631431 0.147934113731563 0.181992947963656 -0.170943449187434
-0.359494034173395 -0.127392661704649 0.0669407124961138 -0.0812085751376302
-0.0459304595259572 -0.424301044166009 0.118659609566705 -0.209812793989542
0.334002153344465 -0.297100338997427 0.332375996761396 -0.302626429384101
0.406531116258067 -0.0361082069183128 0.685578350295269 -0.132139636872547
0.459151905868587 -0.0677207466071383 0.296806091166124 -0.264922996200859
0.311412644382553 -0.318982718436335 0.0480867858830765 -0.139612231476491
-0.00633191868019695 -0.377820256464274 0.0753620664818549 -0.0519343719219721
-0.343629014977763 -0.144577382563236 0.0837218549127037 0.0190976846711723
-0.362363967658259 0.131396028197016 0.159830900722294 -0.0705483139163008
-0.213010488260285 0.318675936710674 0.137657482058349 -0.181267136377388
-0.00389520500137983 0.366823902772116 0.0904497224468218 -0.244709372037059
0.0561908256282229 0.384678121080202 0.0307042767171603 -0.25237567518619
0.0262852075273695 0.403216112478073 0.0260858382779411 -0.246087613588859
-0.222997140248685 0.429991985962756 0.0588805578687485 -0.206088412274032
-0.476940861359102 0.221292301117993 0.0913561653115887 -0.124559809184964
-0.543178544978758 -0.152721331299455 -0.00859696832904772 -0.0999021063952765
-0.140583778308979 -0.617041652547054 0.0549853415903819 -0.226944140742891
0.434309918869764 -0.524910577999564 0.251678044661322 -0.255919351798418
0.621283841752516 -0.163907203294455 0.499109422140223 -0.0932252917893311
0.591418287838339 -0.123796370535658 0.110052213967959 -0.231717713242563
0.384167270499459 -0.461304586300829 -0.0182984353573734 -0.0503127179529893
-0.0396400779513267 -0.514199893176036 0.0729010522075949 -0.0473581864066225
-0.455714162445113 -0.192543842966685 0.0528553891015594 -0.0112333998377514
-0.467722784040043 0.161560211505806 0.0598548492710679 -0.0568062637164947
-0.284185658795512 0.392139136002426 0.0581906382256009 -0.0631463114603643
-0.0290498448949311 0.450850361366744 0.0822362268864829 -0.082724729642508
0.040582311697742 0.456881439008768 0.0442246270395496 -0.0905756041542539
0.00940745858427728 0.466703274959925 0.023016506537733 -0.0789255035421489
-0.265132164232135 0.500170185355954 0.00109433571519034 -0.0569340503668636
-0.549944480526847 0.270880934898788 -0.0122283715462829 -0.0439360945329838
-0.63597672222308 -0.13851008499466 -0.0930738494187753 -0.0938826016483856
-0.2235853695272 -0.692046053349799 -0.0196766410991183 -0.209426565940792
0.448105204612177 -0.65851961312867 0.152491425619298 -0.169687988491975
0.718751896614478 -0.262351009432122 0.266402949213823 -0.019921155769361
0.642389830280503 -0.168180436549842 -0.135491744411522 -0.173739461716118
0.402823127244909 -0.552126903669195 -0.120958250197652 0.073583866003334
-0.0761991184877673 -0.587852577206215 0.0487814458063427 -0.0180912140768306
-0.510287737823021 -0.211774220420172 0.00248623829218032 -0.0348533876940764
-0.507119371468898 0.171277550018702 -0.0643669222987777 -0.0257145931426396
-0.307828175838412 0.408216924125308 -0.0383190595378178 0.0774902468942756
-0.0460290481284346 0.465691842828735 0.0588007985474074 0.0989649423097992
0.0219070606743143 0.45816452934614 0.049923049933341 0.0848021457485373
-0.0133969305446963 0.455186515396477 0.019572635555698 0.0976814877661837
-0.270177232264308 0.479595171425416 -0.0491300545929016 0.101162084466394
-0.528993707623224 0.259297765403699 -0.108056434129582 0.050260917770896
-0.601898799602283 -0.114098984388983 -0.163075009293283 -0.0707513925903103
-0.241924553519652 -0.633682371261813 -0.084403179585751 -0.166064110269082
0.393788543102118 -0.652361450935966 0.0580542621753711 -0.0623688290491892
0.689449503688803 -0.306020007148456 0.0285760044487589 0.0733197608249369
0.585042514985124 -0.189466886635761 -0.399195134219248 -0.0937820080629454
0.350269094540066 -0.53932202561847 -0.236272242288543 0.204057550577066
-0.0950141395996261 -0.540555050863596 0.00557644968322743 0.0279925355108281
-0.460849180221606 -0.187178113940831 -0.0564347162112627 -0.0458458545031516
-0.445754703406695 0.146985201585382 -0.18434807101847 0.0174210189437181
-0.275110357337576 0.351165871164527 -0.129359315167202 0.215022260252388
-0.0557854544127058 0.405440136547687 0.0281534163067192 0.270619726300324
-0.0025811116794591 0.39011551628539 0.0493337610820333 0.24613776115624
-0.037832281559282 0.375769108728736 0.012371910852983 0.253111822773596
-0.240560943314057 0.381160198003161 -0.0903804983331632 0.232458239832228
-0.424904238453781 0.188216086769695 -0.182697417254097 0.12491912032947
-0.448322539596634 -0.0940780117279598 -0.202802184196515 -0.0511858665326566
-0.18675072612278 -0.470895421972541 -0.121843810382855 -0.116341772866301
0.298593562191314 -0.518500100118275 -0.0110087675159788 0.0294647342700705
0.555441911032874 -0.29035150285335 -0.171030155863271 0.159920279608468
0.419612868700654 -0.177839776249929 -0.627009622339124 -0.0079387721255717
0.226388272839548 -0.412106954299983 -0.33550982891698 0.310403046848843
-0.0935844119700664 -0.369917709261908 -0.0453263463203924 0.08427176454437
-0.305174607799796 -0.117769961468028 -0.0986506614273112 -0.0378072095681604
-0.293230446163815 0.0913839090133096 -0.263280896260466 0.0587818125568457
-0.192561148490593 0.228747675296492 -0.192286140411523 0.317837920777855
-0.0530910677159464 0.274876254361591 -0.00284665477712657 0.401031383700524
-0.0259733300984443 0.261225627406661 0.0434378166101584 0.369023680691127
-0.0576168396162624 0.247696743075702 -0.00212212814553024 0.366247220578869
-0.179730829882914 0.232388583813594 -0.123632127869017 0.315062000188513
-0.268570672372271 0.0874493907468585 -0.232027499275857 0.162278960161656
-0.242902436739527 -0.0723154760240122 -0.207272326483524 -0.0451032487702809
-0.103448462231484 -0.260491544552528 -0.126842193232825 -0.0774744699081195
0.173609750226712 -0.325189148370563 -0.0484080288945626 0.0857833406311931
0.351901518587942 -0.233083788027672 -0.306216631304621 0.221144776845824
0.177329999144258 -0.130529552207968 -0.77534793203721 0.0731440952021112
0.0584121992413928 -0.20515107111293 -0.396817707037753 0.378570664689049
-0.0739716738465271 -0.125593348686011 -0.0839989235088344 0.148532735575475
-0.0942689139738336 -0.0259984966925974 -0.105795558015024 -0.0126932830766327
-0.092506855838957 0.0196056318755044 -0.282130149187713 0.0871585070083361
-0.0800330706953231 0.0660814786296625 -0.215602708771617 0.36511619849103
-0.0469997688331649 0.0981696823013941 -0.0292878128485352 0.465488076053179
-0.0478718817334421 0.0951027097376049 0.0301324744316984 0.43417144279404
-0.0665668077013637 0.0908712645516321 -0.0222997146349341 0.422407970080395
-0.094437538998399 0.0722727792137286 -0.151391288806267 0.345783248097618
-0.0949357901923259 -0.00135380399744953 -0.257174515010966 0.164402678207224
-0.0504798827767597 -0.0346162645578481 -0.186107681373419 -0.0482159815475284
-0.0406435788088636 -0.0549218309484002 -0.112465372702941 -0.0485302562092744
0.0338198072762778 -0.134556604712605 -0.066737448579861 0.108365074491647
0.123035167569861 -0.160340886249975 -0.374563698169067 0.252403924325103
0.0777492443578503 0.046116565091972 0.415794672312572 -0.287256798031709
0.105237733916097 -0.033373767459324 0.0502920646474608 -0.207433346442534
0.0158399939117888 -0.0945504739267249 0.0528722641477996 0.00513616507099423
-0.0954904882233319 -0.0226735107533265 0.136688917572058 0.0586750101379102
-0.0724296458931654 0.054604471363066 0.263069100265505 -0.110069651304938
-0.0121190584106733 0.0868687184636811 0.17805537703818 -0.335283001315276
0.0473361105528728 0.0735276598310953 0.0346353290403028 -0.425402234578339
0.0680208702877284 0.0786847591720799 -0.0314869156794752 -0.433102513696715
0.0594740165119248 0.0917092891130852 0.00450774084959034 -0.442059473739221
-0.0231925384240366 0.114587723274207 0.131851938665583 -0.373724290014714
-0.11212410288343 0.0755908834042974 0.227527435226824 -0.190657966834025
-0.136758253281679 -0.0473669711444491 0.117100795656497 -0.0506375432268073
0.0143930431423164 -0.159775982223854 0.141458158539485 -0.178822668649634
0.151638898923527 -0.0414282412380326 0.346901150625691 -0.323132455936121
0.117984367792291 0.0798295270290611 0.765744402329904 -0.16286334864537
0.273316779140972 -0.0230996509758201 0.383338825363033 -0.289211958298065
0.200522228417004 -0.178228610643202 0.0602904882640173 -0.186638528384069
-0.000201269053895298 -0.230527413551686 0.0605546556642424 -0.0359700694347057
-0.218691863420028 -0.0717379276894763 0.107504044980337 0.0408351371942151
-0.214262531706666 0.105654729718327 0.219517493980803 -0.0908282163121284
-0.102657083917492 0.215561560105201 0.16784458943881 -0.275424532216172
0.0366049579705819 0.229374113000342 0.0602928291369934 -0.361986639148304
0.0780403243915375 0.244049056720452 -0.00747746275856587 -0.368372069431835
0.0557787915278816 0.263281669466541 0.00667551692722383 -0.371126189917656
-0.123472820076954 0.296870734040173 0.0941676220312144 -0.315585487926351
-0.310675807221443 0.164988205569183 0.16776213726501 -0.178996698139498
-0.358595965711493 -0.106131957413247 0.0609163237157247 -0.0815796206736731
-0.0658523043004846 -0.415427732972215 0.105931404297568 -0.214161829527183
0.312931068416877 -0.308821133589348 0.3085990483453 -0.309161694057864
0.401527898077607 -0.0527657252323399 0.666250593986853 -0.159306341823432
0.449893051003213 -0.0901474697716861 0.277559369131169 -0.270357205190129
0.289095054612664 -0.328883802011903 0.040292093954403 -0.134122354890104
-0.0240063614804099 -0.372544216831039 0.0689888204800717 -0.0579847677652101
-0.342803256353352 -0.124159772118805 0.0850619117166866 0.013314625329659
-0.347410128552747 0.148514588674137 0.150248678946287 -0.0783177117765034
-0.189766110103706 0.325292376779076 0.125414524738128 -0.186118204381465
0.0170059276299339 0.358149749519334 0.0750040465778887 -0.247440828927088
0.0764416063826282 0.372855978859244 0.0173621234779263 -0.248167128026912
0.0487182390628828 0.390920564726293 0.0106227723249354 -0.241477128760894
-0.194601292979829 0.436156347969137 0.045109240154959 -0.202075528270067
-0.457929369141835 0.24705067431575 0.0798087429303402 -0.129020844447727
-0.539370982082141 -0.122397905748811 -0.0162992669104342 -0.0953217929368426
-0.169394638824797 -0.601063130305026 0.042735616540325 -0.224798220372804
0.399409887471555 -0.537784332428844 0.233666522747782 -0.261419652009001
0.608174789379309 -0.186269633743907 0.484553950848369 -0.114485339241426
0.577568810926447 -0.151625103267075 0.0972376435157326 -0.229448789346569
0.352553477526239 -0.472428787441026 -0.0183820824079595 -0.0431455181035172
-0.0625487828822864 -0.504599507492718 0.0666113229535454 -0.0527058952560536
-0.455401599796379 -0.166086297327781 0.053774145851445 -0.0146873276448368
-0.451565080796973 0.18452140659521 0.0518888664009104 -0.0594001997604999
-0.254397221618401 0.401039313353569 0.0541643660957191 -0.0653874465524574
-0.00432745510440461 0.440555421305249 0.0751727643361926 -0.0898808546004432
0.0661144618774991 0.443752691179705 0.0393404436421056 -0.0901030460140733
0.0345280637773496 0.452892824237577 0.0169467407718858 -0.0762675734716832
-0.232408503504714 0.504621148129822 -0.00288216090880825 -0.0521019228061669
-0.526396366567918 0.29672767648226 -0.0179796266534676 -0.0438751641027103
-0.628693613822999 -0.10470878154987 -0.0999142625401943 -0.0847137591050408
-0.254651946565226 -0.669440285073162 -0.0306410850741164 -0.203098328390932
0.405960224890519 -0.66987097915283 0.139931247337457 -0.17081133854555
0.699424175034216 -0.287026175423374 0.25911036633454 -0.0341414061313097
0.625762118284073 -0.198396352261266 -0.140651641373267 -0.161036407573387
0.365922075464013 -0.562132119678072 -0.111207118620306 0.082197600791411
-0.102807291558162 -0.573890446383874 0.0440591771984829 -0.0218539704720779
-0.511602635705124 -0.181535686081336 0.00321950024381013 -0.0345236761690176
-0.489031277727474 0.19594580549779 -0.0690769423913443 -0.0224694491634773
-0.278251697712307 0.41858232850823 -0.0330074175867385 0.0777896781114981
-0.0205278532898852 0.456982227376614 0.0630494663930624 0.0883174277505694
0.0453593749321281 0.445628238641247 0.0546749647179525 0.0813070484350713
0.011548688165808 0.442249714600946 0.0232926236433669 0.0971386417787293
-0.23861537183535 0.486394822195244 -0.0421373506668303 0.10573893854133
-0.506758847063397 0.284206350771996 -0.106682064648721 0.0539843756754135
-0.592476949642427 -0.0821054765544993 -0.168308997656444 -0.0588625691669934
-0.268752975885459 -0.61170964643705 -0.0921336374659317 -0.154191098730984
0.354638474394088 -0.660258101572352 0.053230935654145 -0.0627264968789337
0.6681043465809 -0.327830409889629 0.0305842555088281 0.0673135090704432
0.566680790419969 -0.215099643693634 -0.394961084947123 -0.0714252153949662
0.314430187043201 -0.547329008361208 -0.217493766231149 0.214411976918345
-0.117924802344273 -0.527027302639672 0.00429490284509699 0.0268649494669715
-0.460768336633661 -0.160270196675356 -0.0555747143932646 -0.0412281063172692
-0.430037791428079 0.167756923226725 -0.184243948235362 0.0269003862297241
-0.250692493069141 0.361483781545736 -0.114795099799207 0.21838833449012
-0.0332677347006724 0.398103280255424 0.0428753274510612 0.258162794977233
0.0187326994501219 0.381225422606922 0.0630491932394737 0.239863995651646
-0.0178305493263195 0.368856537266131 0.0246855318459505 0.249428529610948
-0.216365716648237 0.388505694382038 -0.0745577862873176 0.236287816480154
-0.407329236295636 0.20599753330185 -0.175388891248188 0.131938836756922
-0.441577447271885 -0.0705013815640717 -0.205827697663504 -0.0375406737841152
-0.205281810757556 -0.45327041595518 -0.125616995361188 -0.102795479083093
0.266624666634742 -0.525884312397569 -0.00908116418126968 0.0301366258490654
0.534639192322928 -0.306234423897446 -0.16047829253547 0.160802653751795
0.405502033312352 -0.195556491824559 -0.615280955106568 0.0228036407817665
0.198881694442504 -0.416689111665925 -0.311157287893991 0.321110034516074
-0.108561210560978 -0.357864416581337 -0.0419025079362731 0.0857291672840241
-0.304922287538052 -0.0990339448583276 -0.0976242230809009 -0.0313768058700437
-0.283435023412838 0.105997133432715 -0.259242612331358 0.072642178775439
-0.176548971785054 0.236108984846185 -0.171593404164617 0.321819071696189
-0.0385362993665854 0.270553935850728 0.019083611289253 0.387999408975615
-0.0116193082342142 0.257222565082532 0.0623977014594298 0.359567469653465
-0.0441791212882292 0.244948226359765 0.01764434554246 0.360393172496897
-0.163959678544544 0.238710274979656 -0.103403746369618 0.317858099793482
-0.259368893866042 0.0999563571805087 -0.220388208996536 0.171209972512608
-0.240207937667495 -0.0593608892837936 -0.208810331676069 -0.0327820085774475
-0.112948414531289 -0.249145668819751 -0.128822742663036 -0.06364966659314
0.15239013811178 -0.32808934190561 -0.041857154176867 0.0863598624800968
0.336106984865008 -0.242975791665424 -0.289214529007017 0.227564676098227
0.167718128889286 -0.137087583567645 -0.75742238004522 0.107333656990656
0.0459131045894902 -0.204459839349599 -0.368734898723792 0.38964352213
-0.077898268536966 -0.118090547093316 -0.0752489150354748 0.151516094158815
-0.0931824779844865 -0.0198578818301195 -0.104106968678228 -0.00573992757785982
-0.0895162172797939 0.0246815053991723 -0.275215802246302 0.101567982658073
-0.0755599571275 0.0701722362858817 -0.191221368044128 0.36957471068356
-0.0419175307695296 0.0982961683489601 -0.00263710906362754 0.45472639241344
-0.0424416940941554 0.0964531966106638 0.0527423559332804 0.425761459199694
-0.0610710089516201 0.0929628957262378 0.00148169138931825 0.416523304104139
-0.0888269152834466 0.0762595464128947 -0.128051134002199 0.348089534933823
-0.0935406986051089 0.00259949978692105 -0.243102000643399 0.175958035352435
-0.0503888753159398 -0.0323173566536566 -0.187312996326313 -0.0373267657328077
-0.0414033102012023 -0.0506775801160612 -0.112270116286211 -0.0365843100269394
0.0245592920505235 -0.134736724436823 -0.0583377084912364 0.108453800275695
0.111516310282811 -0.162750426229427 -0.353869239387545 0.262003168317395
0.0520625701536053 0.0771558383041384 0.491254119314754 -0.101444882451413
0.10879628875931 0.0144152983177298 0.124432106391945 -0.170388540717497
0.0552315583088746 -0.080156169835217 0.0404908452816084 0.0219885438348519
-0.0747932165172402 -0.0610741359161152 0.0987018770980952 0.111854982575206
-0.0900459691119011 0.0184858107903274 0.283309893770584 0.00823643698115888
-0.0445641930918003 0.0741607740480792 0.294429473969941 -0.229476772295199
0.0148776407247617 0.0842495957214362 0.199120227311077 -0.369049580608485
0.0329453328879864 0.0964735874900793 0.141526259914998 -0.401509000530491
0.0183065909923725 0.103002640244752 0.173989858064073 -0.395320047660278
-0.0662244347801326 0.0936679054021126 0.262691344760049 -0.286359297569263
-0.130354534236957 0.0249191117466377 0.277805296678132 -0.0821249779690449
-0.10650147941049 -0.096005014982947 0.125979934573351 -0.000364829333864018
0.0712345165835187 -0.146888834837563 0.20201719634536 -0.108608484301242
0.155200688476845 0.00999167729083717 0.441154255346402 -0.150096651856837
0.0921655001225546 0.111889408562799 0.752305290556923 0.165749757284445
0.262659815898232 0.0990709386563054 0.452646527341247 -0.135380297463975
0.253091969424033 -0.0732698279648721 0.118637640789215 -0.152295667968169
0.0971731617884619 -0.208628612103697 0.0537958297664557 -0.0131274545113738
-0.162014430182668 -0.154774069074729 0.0744360074832124 0.0903333139531094
-0.235421383889457 0.00633573923001135 0.236303799659888 0.0157701303072112
-0.176792576313018 0.152412899788847 0.263553114153979 -0.173843457211988
-0.0558011836089846 0.217900292089991 0.200434524547095 -0.30163925366419
-0.0226813823323877 0.250199621005654 0.137582190660346 -0.334195647504461
-0.0501700739120453 0.256939732719362 0.145407278286534 -0.329218506481049
-0.223725660372714 0.222237755072476 0.202047588661621 -0.248165877440844
-0.345163572445734 0.0324805933739516 0.215948689078827 -0.095725282101259
-0.285177708506257 -0.232927269825144 0.0845274214675879 -0.0547261467496589
0.090772808892399 -0.413506512863888 0.187741790730623 -0.157410944071533
0.397891342469431 -0.175659716444697 0.416520168395716 -0.149041403522005
0.4024901258605 0.0932820674687734 0.661993747547929 0.141892983955635
0.453920258482761 0.115504842180411 0.339096945329918 -0.178408965711864
0.393371584338671 -0.169359458147686 0.0729652955119678 -0.117634915142528
0.135290413755412 -0.345823864874784 0.0601243450276664 -0.0292907816769884
-0.24905678330127 -0.251583231419423 0.0607309009277484 0.0628825773134556
-0.372148787561758 -0.00925746580381796 0.168286433083108 0.00678377786716978
-0.297204285990658 0.215426494785083 0.191408588964611 -0.104384818536965
-0.124937556189255 0.32418726058565 0.169577753300023 -0.191816927073001
-0.0729022480528305 0.367362492436435 0.113799936649628 -0.216221738450615
-0.105345444240513 0.369395414037325 0.0958044729081151 -0.210336230611322
-0.340605906594913 0.322301550552147 0.110284032545795 -0.164373662624719
-0.509696844874839 0.0552570646132542 0.115486011665946 -0.0856775916208919
-0.442402042120195 -0.31530052743745 0.0176652836901014 -0.100122673837237
0.0624828263406779 -0.622595568357658 0.137326071958197 -0.194122118164374
0.559374579523741 -0.352992201388013 0.340619374266596 -0.132072525823944
0.639258563192861 0.0444542987745203 0.483429508572465 0.122203211510457
0.600729235479823 0.115206300318799 0.15052902518281 -0.22579258609562
0.51125038075392 -0.27049982398252 -0.0230210885850666 -0.0639086392127537
0.155817914173348 -0.482246549748251 0.0460488630791924 -0.0232488316186334
-0.331379917005323 -0.334256016862894 0.039329248664114 0.03170971095014
-0.47804988329502 -0.0198478540500954 0.0713187929755058 -0.00928184765976618
-0.385621022985199 0.257967403241815 0.0805079097755215 -0.0196004822146175
-0.177137813302929 0.388012611001705 0.108544580277603 -0.0492739260541189
-0.110308948452176 0.42763694643336 0.0715789515818601 -0.065272766254427
-0.143259148175743 0.420112249055621 0.0360873473273216 -0.0588295919312088
-0.398971301803145 0.37263893407427 0.00680496737616644 -0.046071748401527
-0.591250913161672 0.0749282327442127 -0.00708798989068062 -0.0484330244890299
-0.531704786337434 -0.332581818502709 -0.0642765452374465 -0.124864864298119
0.00880250849757036 -0.717718635728811 0.0628587318471701 -0.203175249831418
0.613881154459818 -0.469990797311256 0.228184092714768 -0.0881444007215711
0.757678914416408 -0.0134678890862335 0.248289034070002 0.110129081997719
0.663496870222769 0.093435108367302 -0.0976472761985043 -0.263845959107736
0.561798953845762 -0.343971737059204 -0.160925031230892 0.00974429486143508
0.149267539208109 -0.561208884010881 0.00829467076182766 -0.0012727508871976
-0.373717942398305 -0.372294592704283 -0.000697403416899863 -0.00307859572051328
-0.515233368548544 -0.0246511227979225 -0.0530373225782963 -0.0216172822472886
-0.415694495124391 0.264334375994432 -0.0544246876220765 0.0768098517729701
-0.198738752808445 0.397420183665617 0.0273887957556174 0.107299657226877
-0.129134150219286 0.422074949506827 0.0187417587866095 0.0955172369461662
-0.16006763718528 0.403110485658491 -0.0251189112847077 0.0999614027070848
-0.398216215638213 0.354812125558898 -0.0900730257234396 0.0814995527146187
-0.567237241157438 0.0733914866541855 -0.125015518611105 0.00473704954235132
-0.505773827579211 -0.297276489784351 -0.137606842534109 -0.128181960733995
-0.0256239869885473 -0.666097513299905 -0.0132589294138322 -0.181874358267802
0.561341866633168 -0.477395000556437 0.107860887597879 -0.026320158690395
0.739975744137398 -0.0597388419504528 0.00383082089719152 0.108434739599567
0.618528252071948 0.0515382425643952 -0.364581104771912 -0.279513944161673
0.511079598333868 -0.35386875337154 -0.309476629247456 0.0887260564809776
0.115299543161177 -0.524410451386697 -0.0440807550454949 0.0293058285157011
-0.338985419724742 -0.331124046826474 -0.0499211446771209 -0.0348044036180531
-0.450666904159386 -0.0255382959863005 -0.178338700230575 -0.0263170442864819
-0.367502654502596 0.222157563146931 -0.185177018815339 0.167601303796348
-0.187069928233202 0.339297445335206 -0.0585812479057378 0.252613649246832
-0.130030239074614 0.352247735874806 -0.0357859174261737 0.240920809858486
-0.156436921512519 0.325886511226216 -0.0827459729136683 0.237204985321225
-0.338437381381943 0.272956191543142 -0.16815362080424 0.186498477110679
-0.448371459173161 0.0404342267505148 -0.215594709927562 0.0479757628020714
-0.374009177740294 -0.228837807265104 -0.177640204162619 -0.122610999841599
-0.0252509341016848 -0.494129632290484 -0.0661540294883119 -0.144972691316998
0.430331161266197 -0.383807766285625 0.00901303598217948 0.0301480773688874
0.605485963235944 -0.0871082843354237 -0.204026137082733 0.110359391714402
0.459799367609555 -0.00116335613515489 -0.596023838489914 -0.268631790910981
0.351765399672396 -0.286132268757102 -0.429977107017479 0.153699561921008
0.0513220508199444 -0.367400262777125 -0.0983888207618927 0.0659375392277824
-0.227461482631369 -0.213487295064131 -0.0878248603818514 -0.0500771942308028
-0.293500537142007 -0.0214420093084895 -0.265803272289371 -0.0225795145703589
-0.251523800586865 0.140694943924333 -0.279921508075399 0.234134601975565
-0.141796353792441 0.224525921778743 -0.132693969512802 0.359507895786387
-0.110729541235079 0.228720055339965 -0.0834684952521302 0.349013753464163
-0.132470427180066 0.205402341786764 -0.129111020471938 0.331771556825861
-0.235381450144571 0.157343605741787 -0.222212455108602 0.248604564540922
-0.273105317713112 -0.003038612708926 -0.268917050388098 0.0652730369893664
-0.195429956621385 -0.14323107375302 -0.180035427215579 -0.116346192954913
-0.0143592918218561 -0.270784966839484 -0.0873080155438422 -0.106812285974683
0.256102220312898 -0.243805112408719 -0.0520889840968433 0.0646226294627049
0.394849617636505 -0.0999589942341621 -0.346700246782723 0.108631965176089
0.213952491104241 -0.051842030499346 -0.748061853979333 -0.225807212559537
0.126991012341372 -0.162632669360775 -0.500326772244114 0.199209766351896
-0.0206998138020783 -0.136957140151154 -0.139085893879155 0.112976770102963
-0.0732020025968574 -0.0549816421618548 -0.096555336227031 -0.0402906771576794
-0.086702932639214 -0.0149858929551938 -0.292332592498483 -0.0125907640055137
-0.0953404268341568 0.0316200672466377 -0.319811409568771 0.260643792030888
-0.0773450579543036 0.070175256874469 -0.181613954285712 0.409757048405087
-0.0763998606209783 0.0711685331359995 -0.118234507117246 0.403517357605975
-0.0899733118850257 0.0628447990230154 -0.162240676658725 0.375566475791882
-0.105948268293478 0.0378728723430251 -0.253376654682525 0.264009186882927
-0.085428740962824 -0.0294291709967398 -0.287995378469302 0.0617624825715316
-0.0334522324069613 -0.0472992326914706 -0.155938375832047 -0.108753856851166
-0.0210016307423308 -0.0601651573306835 -0.0866529583883089 -0.073646087366702
0.0698504287667008 -0.113567411191865 -0.0856763077766255 0.0746597099267628
0.155962917516474 -0.105613731561041 -0.416666315201747 0.101317205984036
0.0538879158467045 0.0763255217276549 0.487830656453725 -0.109307881796408
0.110147104031932 0.0111309556039443 0.117913264814606 -0.168708688520717
0.0547260074577194 -0.0833991532054709 0.0405881178418749 0.0182265561792093
-0.0766008547523385 -0.0598500986157789 0.100886452122915 0.10783804162975
-0.0903580594764714 0.0213465626648389 0.282675732424573 -0.00177685711862113
-0.0416716982261907 0.0754752862872635 0.287163383153328 -0.238941642354742
0.0185773031202326 0.0839177227609214 0.187364250506249 -0.37536251240605
0.0364943919616903 0.0945122299550518 0.129461080480033 -0.405133663735231
0.0224380044934114 0.101345314755744 0.161772947204 -0.399975330224607
-0.0634158072771052 0.0966103643696432 0.253954921194662 -0.294376559179135
-0.129710977803514 0.0304356227909266 0.275474731347608 -0.0912680301194788
-0.108924437715928 -0.0921576956310385 0.127332987226078 -0.00233404377275533
0.0683854642313669 -0.149242055427883 0.199841776842335 -0.117867401079583
0.156700338875289 0.00697653629306703 0.434962333601341 -0.159014479853264
0.0965668172066561 0.110832727119485 0.755443685334366 0.152121164870045
0.266117989459205 0.0926011593095932 0.447553749902575 -0.142078080697959
0.251198382964412 -0.0796989845159103 0.113924481105646 -0.149592046395137
0.0938470388362711 -0.213266849641597 0.0518265768367522 -0.0176384160662161
-0.165508812056234 -0.150632659612086 0.0776642992212882 0.0867033040215379
-0.236255253686359 0.0137101387715206 0.234697357760958 0.00724826804456552
-0.171131311958085 0.158590050644596 0.257799000279909 -0.182006358855396
-0.0488557708664638 0.218175800218903 0.190301663819982 -0.308585060358981
-0.0131656072710718 0.249743636425027 0.128192376020239 -0.337631590222184
-0.0419830349599472 0.255965217702599 0.133864309672008 -0.333024213113097
-0.21717858725549 0.229847669091362 0.193361987537056 -0.252181802446699
-0.3456649403721 0.0445275488119232 0.211370006916224 -0.103941019142247
-0.291069980847552 -0.22596287910219 0.0828610576463086 -0.0550773310628415
0.0812672593346293 -0.418715006777123 0.185012065683785 -0.163943069853415
0.395912604973263 -0.184050255770826 0.410480382599782 -0.157648570394077
0.40946114460399 0.0866524529504557 0.664120949182337 0.131426302098593
0.459256493908007 0.103410629902225 0.334165315670805 -0.182276933818057
0.388668755178452 -0.179076899267911 0.0703796573046314 -0.113864448394809
0.128534747233345 -0.351121336341052 0.0572612250784192 -0.032977495088091
-0.253781627556922 -0.245450323180703 0.0638985406957768 0.0593928142207818
-0.372757140595642 0.00198511997947907 0.165914174820447 -0.000848778835099359
-0.290281262080218 0.225763726199052 0.187519795438102 -0.111309310325839
-0.114693233869108 0.327426946254639 0.162314037606486 -0.198898122145458
-0.060686428855436 0.367348345970622 0.108181168419655 -0.218424917869253
-0.0949150799572408 0.369254811640512 0.0881087253482266 -0.211311715204042
-0.331569175438524 0.335585570881445 0.104369235568899 -0.165074320887308
-0.509844073237255 0.0713958264377388 0.110192160223196 -0.0916751521346195
-0.45096239456688 -0.304051079128368 0.0122502117315606 -0.0987896462359007
0.0471059874938758 -0.626823473884521 0.133619918779706 -0.198077793597766
0.553705284203412 -0.366911585310306 0.33603461787177 -0.138604368760197
0.646684244908972 0.0345932652986337 0.485200866572279 0.111346950807029
0.60606918577948 0.100165644656219 0.14575492199527 -0.22661043817229
0.502041102483448 -0.282914404117984 -0.0233347631950092 -0.0576509163534436
0.145777206530386 -0.48810942577248 0.0428622910175951 -0.0262125825862345
-0.338441936155688 -0.326081001917139 0.0434399123837161 0.0295214369194231
-0.479280192520878 -0.00492872164021091 0.0671153669864936 -0.0136343801094056
-0.378245472121905 0.271481017435791 0.0792666659796117 -0.0226221316849865
-0.164661140825606 0.393240805329514 0.106120058087612 -0.0564544300447667
-0.0970478700639356 0.428094968400423 0.0716675137944674 -0.0663142227738492
-0.130793024942064 0.421936725694761 0.032837371890747 -0.0571579372351369
-0.387850257501813 0.386795579198476 0.00432886351993327 -0.0430143640891407
-0.590419724681244 0.0952081233907627 -0.0125841640160626 -0.0504355064138406
-0.539294559253507 -0.320496000287118 -0.0715392526996114 -0.12088789771218
-0.00830185358763448 -0.719241663217075 0.0579778802237002 -0.20296162668478
0.605126649755302 -0.486029150469692 0.225193314479118 -0.0916383654691442
0.765069300716484 -0.0258105656546098 0.250383736953789 0.104333560064322
0.670425943707876 0.0765236039304416 -0.103264064134016 -0.259260767118917
0.552623290450418 -0.359819469133375 -0.159076525325074 0.0171991118649748
0.137759873027716 -0.566415180188508 0.00551606059444612 -0.00251404344142519
-0.382721924379757 -0.361537276126346 0.00276150547338742 -0.00325641197656308
-0.516983786470121 -0.0100604121426387 -0.0588548263454288 -0.0218953699668828
-0.404984283819003 0.278777846310106 -0.052109773005921 0.0780984467587721
-0.1880178599201 0.401434558247532 0.0301613674955948 0.101389298834605
-0.116414121530868 0.425286217985585 0.0232920879591385 0.0955278358102511
-0.149163741465484 0.404494686725094 -0.0233328174152422 0.103625338210866
-0.386927562502499 0.369189162164722 -0.0875269297820614 0.0872881738769466
-0.567406408648282 0.0917614959912339 -0.129236321985289 0.00674730983263114
-0.512177825783943 -0.284805635468226 -0.145569990095244 -0.122109241277738
-0.0407912019806835 -0.668246863159667 -0.0178188159733603 -0.177898016697218
0.551650960923751 -0.493188504730296 0.106932047419591 -0.0277169405001409
0.745809797016102 -0.0720666161075322 0.00549694997912294 0.106511810317707
0.621309795518359 0.0358849012162733 -0.369813473751171 -0.27027504228544
0.500152787650482 -0.366555183341152 -0.305066497231111 0.0977068314069527
0.103019069123093 -0.530411190553494 -0.0465558587343868 0.0303591713709338
-0.346294424693511 -0.323654057467669 -0.0479520744421814 -0.033392592439238
-0.453136737215601 -0.0114636278586724 -0.184252202361628 -0.0215455033669805
-0.36094554887146 0.235732683483894 -0.180340568853957 0.173404684679015
-0.178216100063357 0.342812407725537 -0.0516575246897148 0.248483386112551
-0.117878805007785 0.35446902056441 -0.0276049821153049 0.242527772449052
-0.148482794267169 0.327850898303824 -0.0754438696718078 0.242256994974869
-0.331614640011254 0.285314180066109 -0.162522968183985 0.194072761625498
-0.447627500482114 0.0541501811003693 -0.217664403118516 0.0527315728351539
-0.378841222194254 -0.220774668438615 -0.185398658099674 -0.116122123219917
-0.0379840980635229 -0.494542716353073 -0.070233703328028 -0.138321593791631
0.422385097831514 -0.395177721323182 0.0104333068339213 0.0304970415277078
0.606523810967724 -0.0971490050717831 -0.201822160809817 0.112111076448662
0.460749811023846 -0.0126896473094831 -0.602905043195221 -0.257250292095523
0.345019244889813 -0.29485355341235 -0.424930231486081 0.162778180469453
0.0445733150517547 -0.36992549263527 -0.099534869639104 0.0690429471509803
-0.232183405635443 -0.207277677127793 -0.0865452641989313 -0.0472331965122288
-0.294381893968695 -0.0125267087192575 -0.270756913996109 -0.0150310828375347
-0.246944834256944 0.149544656829392 -0.273651712850831 0.242736187095511
-0.13655736362147 0.228228519370752 -0.121925296211822 0.358548458281277
-0.103292263955061 0.23071351016418 -0.0732891155996507 0.351542943437939
-0.128874863818443 0.20822865622465 -0.118846894974582 0.338377782186348
-0.231024907765089 0.166073173379474 -0.213284547259834 0.256957444213029
-0.273762187390894 0.00468885581761016 -0.26938042201069 0.073806246383026
-0.197480856574731 -0.138804951657943 -0.186446020495061 -0.110711246562567
-0.0205101695093727 -0.269514925786191 -0.0901589643830518 -0.0992910837083781
0.24941544860344 -0.251628894514234 -0.0492828819232681 0.0652931500146443
0.394320994101592 -0.106020217908283 -0.343026134622328 0.113081382912382
0.213330398042636 -0.0570432665629109 -0.754097464646474 -0.211632908828534
0.122097277519505 -0.165868258325619 -0.493530772379344 0.209849079169382
-0.0229312025422767 -0.135579008231835 -0.137659300941713 0.11832149714087
-0.0732630874734846 -0.0521159121690472 -0.0965350666048045 -0.0369013448442242
-0.0870948490763657 -0.0127056142536353 -0.29525528435044 -0.00336428007137807
-0.0942247681281128 0.0344779998929798 -0.312350359354712 0.271390198197074
-0.0766637244120564 0.0717071336105162 -0.169246596416636 0.412359222849281
-0.0748844083953705 0.0729813071021808 -0.106438885902221 0.406763731483626
-0.0889202930617063 0.0660636311731538 -0.15025352226923 0.381184894192749
-0.10451897778732 0.0421134784825394 -0.243504693683858 0.272802949905925
-0.0867315177815259 -0.0279942698429816 -0.287256040583719 0.0710725492729766
-0.0345363176248913 -0.047315598315861 -0.160403380315385 -0.104776524043071
-0.0224524133838525 -0.0583698864532669 -0.0883285256337842 -0.0668538752168675
0.0651483976424575 -0.116874294782916 -0.0811047679109012 0.0748524410390115
0.151641039168534 -0.109691260209029 -0.411915402695502 0.109092082138465
0.0573844432593991 0.0756264244920832 0.488115930627628 -0.125042993085572
0.112357372813075 0.00648193410759429 0.112833752614726 -0.169958065182912
0.0523194363546272 -0.0884908460105326 0.0413466107440938 0.0148753506092499
-0.0804524953494463 -0.0579696194347413 0.105321074623634 0.10421465050985
-0.0914675514250799 0.0257446523971648 0.285047687585769 -0.0153295532797128
-0.0381744871923227 0.0781674267762852 0.278697504691932 -0.253881447301108
0.0237124719282178 0.0834380706537644 0.173583678437616 -0.384717621506954
0.0412070007248734 0.0929826507926847 0.114348573601627 -0.414775792688925
0.0280736232391287 0.100518612606412 0.145021044113668 -0.410900573449987
-0.0597665617004635 0.100698815064323 0.242537197122263 -0.306702851000364
-0.129898530639202 0.0373283719074229 0.273850226967541 -0.104548688509485
-0.113120168683406 -0.0885787915904738 0.129749628865152 -0.00669378244476311
0.0636558790479693 -0.154001906900667 0.198611351158244 -0.129707205037387
0.160566192962463 0.00230849080479174 0.432852595160123 -0.174312053482037
0.103296110230226 0.109302446398302 0.77125354638885 0.130832716755992
0.273140174500981 0.0840281880249814 0.446761349434193 -0.154178132889909
0.249717333507297 -0.0896285083208467 0.109985393583864 -0.149868928067082
0.0879504741683542 -0.220989521983283 0.050122847213118 -0.0214764091464999
-0.172802102679717 -0.146337294057307 0.0820097198253877 0.0832553707069
-0.238432473643575 0.0237848299952841 0.234940339812988 -0.00439696313685913
-0.165123812321183 0.167453305035451 0.250655721421412 -0.196012467190655
-0.0394481848724345 0.222460432563447 0.176853235950011 -0.319615523054559
-0.00223308912369147 0.251377150716395 0.117277740801555 -0.3455047322642
-0.0311369409161691 0.257953281466653 0.120535457405153 -0.340306179227629
-0.209382988538698 0.242837752805899 0.183604177742407 -0.261728183836418
-0.347052355805635 0.0616565030139205 0.207573215955185 -0.115285581435202
-0.302201757891436 -0.21667128274742 0.0815619424287156 -0.0570871958723884
0.0677233194655833 -0.427382321906186 0.181565835037807 -0.175232963897951
0.396399013218432 -0.200438958329559 0.408080050932075 -0.170225308710161
0.421165689821823 0.0751728416276902 0.676510274146912 0.11256379233228
0.469472043575973 0.0873988601304022 0.332126855822799 -0.191843376940584
0.383813907340026 -0.194388674694064 0.0676286017824811 -0.112007812290106
0.118725863102252 -0.362150087281205 0.0545333191605218 -0.0369079171705756
-0.26538202056937 -0.238235207041561 0.0686052655261839 0.0562572523701211
-0.377272848331725 0.0181830411746747 0.163845293243483 -0.00960157946187125
-0.282986456041136 0.241071453855025 0.183645506048964 -0.120867562008705
-0.102613834037899 0.333401340080762 0.15391932081471 -0.209867680752184
-0.0449456187599609 0.373154462375898 0.101570136236465 -0.224843713011026
-0.0810297645913262 0.375108937148071 0.0792274399303577 -0.214843650894346
-0.321087576763776 0.354160457684587 0.097613754075505 -0.16844304805243
-0.514036756489243 0.0952186062214881 0.103900657161182 -0.0987791325930887
-0.466985921159153 -0.291259468623522 0.00705711473210799 -0.0981448675128152
0.0248785157744129 -0.638476385766291 0.12773961370013 -0.205733844762276
0.549140264476387 -0.391072627151906 0.332931383835071 -0.148523569094632
0.660888674432656 0.0145812462482347 0.493087079288331 0.097786786574557
0.617465481998233 0.0773006397523255 0.140386134590241 -0.229475119770548
0.497005866701414 -0.302892390138376 -0.0241490868983538 -0.0528346915737021
0.130913571859014 -0.501269005392078 0.0393327885850457 -0.0288170775214462
-0.353739198118084 -0.317618335669665 0.0476777940774362 0.0264208068901704
-0.484667547962949 0.0151929775703638 0.0625433332975648 -0.0181130152541254
-0.369172306553091 0.289246402970303 0.0776796494711229 -0.0267751557630181
-0.152113379337084 0.40241428358278 0.102608719400882 -0.0649418042825416
-0.0782595472561206 0.43575441749082 0.0709103078053115 -0.0697623864831294
-0.115951800888154 0.428488999283616 0.0304556315392264 -0.0563150458919025
-0.375810502220216 0.410114468996995 0.00220197748564604 -0.0407387412243528
-0.594410621592996 0.122082187673215 -0.0188706195736602 -0.0521642850123805
-0.556840314675254 -0.302178694022498 -0.0806170807064736 -0.117052679415947
-0.0363376793895373 -0.731076899174692 0.0512311890773933 -0.205757019512059
0.595520421350068 -0.514427004948732 0.2244005636597 -0.0989197317313901
0.77927172908826 -0.0498956324930787 0.255661441101669 0.096496248115836
0.681968794512047 0.0530410740660083 -0.111206018752147 -0.256107522043536
0.542808367568794 -0.382136629067605 -0.157885668192831 0.0269155287354461
0.120067957976221 -0.582308481499529 0.00163402273405364 -0.00301047879122524
-0.39914826801314 -0.351945707438554 0.00643378715993831 -0.00518682820975966
-0.523562285334314 0.0130165638131005 -0.0655942327373506 -0.0202833130138589
-0.398404819454611 0.299436618491226 -0.0509131335272671 0.0812654438078658
-0.174883035929847 0.41393877708756 0.0327031303120619 0.0968094027463452
-0.0988476698448952 0.431694838400111 0.0288721817662596 0.096412309693344
-0.135382905696477 0.414164083490256 -0.019171334050469 0.108479617955261
-0.37661358279155 0.390888189673685 -0.0848875812675306 0.0948395303870987
-0.569204189386523 0.116986517809015 -0.135047434197839 0.0106570184589036
-0.528274130902254 -0.267497778615976 -0.156141826457791 -0.115345000505036
-0.0673289715512036 -0.675413013927141 -0.0249675514022369 -0.175974494664421
0.540680852261706 -0.520185089706482 0.107125493254285 -0.0304932224453262
0.757390950287167 -0.0975227672524533 0.00792352059576514 0.106742823789976
0.630828464052141 0.012649426186624 -0.382077645333133 -0.260248729873376
0.491472070009105 -0.388790212401818 -0.302798004995523 0.111278956374633
0.0872785070913304 -0.54212652734563 -0.0492028508443499 0.0328185330702772
-0.362459201362123 -0.313994374442233 -0.0459974656609044 -0.0325777768103069
-0.459303515128388 0.00763909489615104 -0.191987699325866 -0.0142336054550616
-0.354023444090634 0.255525234209946 -0.17598153013342 0.183418277850373
-0.167303013891046 0.354179825830834 -0.0427965905126729 0.249051164748783
-0.105631759411188 0.361822157867114 -0.0173362058964614 0.246083517390811
-0.138852642111862 0.335696237068892 -0.0651130860191018 0.250476380844754
-0.321677687076622 0.304571346181653 -0.155406855778674 0.205171759238419
-0.451476955497574 0.0744666809850371 -0.22219918009427 0.062300252619662
-0.389717517606806 -0.20861732779258 -0.196385614960122 -0.107322390307232
-0.0549738269981286 -0.499454026265569 -0.0755338752095711 -0.13231288116136
0.412655444712953 -0.417880696356538 0.0131795711393437 0.0309350041766871
0.614080759183112 -0.116875800947514 -0.201292384364747 0.117887277453088
0.465742866721778 -0.0307568037308747 -0.617245613939596 -0.238223688261808
0.335959743083013 -0.309582968343592 -0.422325625940722 0.178513489242484
0.0332218566214149 -0.376963621245197 -0.100422720768926 0.0746241566142662
-0.240588642457179 -0.200848099689822 -0.086399933175189 -0.0448563191237758
-0.299056823982464 -1.92504065103759E-05 -0.278431964871287 -0.00353345102722776
-0.243254328067644 0.161996848723761 -0.266970290569203 0.257534926247258
-0.129940140927923 0.235158552402295 -0.109203355810078 0.363834597484926
-0.0952460940208889 0.235907443402888 -0.0595379309912734 0.3578418903598
-0.122887659403057 0.215375629728238 -0.104542059855208 0.348617132276269
-0.225705960578314 0.17882266304495 -0.204446594901996 0.26938826805729
-0.276968363863969 0.0164675430378825 -0.271487950290253 0.0860945107160267
-0.204083757156273 -0.133083893241624 -0.195854837892715 -0.102296492332329
-0.0305542174942705 -0.271211843309575 -0.0933396760979278 -0.0917536050180907
0.241181540021681 -0.264360467365303 -0.0460865083694163 0.0665114017165101
0.395317269124772 -0.11939487181969 -0.343013506258468 0.123224523427149
0.213838009655444 -0.0661366993386229 -0.771923110836112 -0.191942726398591
0.116400087197401 -0.172158814457531 -0.492515117543589 0.224787574488621
-0.0268282566669197 -0.136222946334593 -0.136255471063776 0.125877897347926
-0.0746228773594077 -0.0499796666995989 -0.0979578266571349 -0.0332649939860165
-0.0886999530933488 -0.00971415882006342 -0.301936330448953 0.0084499303432477
-0.0941112244785454 0.0387045516619988 -0.304346592617054 0.288252451316336
-0.0757198405431463 0.0753036501259201 -0.153903141773587 0.420801350904072
-0.0737245713508861 0.0762759497910779 -0.0918477790464266 0.41600511053592
-0.0882057449941797 0.0702557057428821 -0.135119461753858 0.39108494725831
-0.10317666204815 0.0472392222785893 -0.234262163921686 0.286021833015677
-0.0892107323425704 -0.0255593909169155 -0.287575286792946 0.0844041184701671
-0.03609850949635 -0.0470890928118376 -0.168371836367825 -0.0986454688853218
-0.0242721599087529 -0.0574295969344848 -0.090775456398177 -0.0594083578884646
0.0595384076542286 -0.122074018120503 -0.0769343519014973 0.076660619122867
0.148616235061071 -0.116147774740004 -0.413076830745767 0.122138036692712
0.06181584253593 0.0731551947661364 0.481896708152993 -0.148042945277596
0.11324313387717 -0.000468143192590382 0.103589686840604 -0.171373619619018
0.0477193471458362 -0.0935024169186456 0.0415824009175553 0.0110505185905107
-0.0845598964237376 -0.053216177404546 0.110596346430942 0.097759143413438
-0.0905078749821239 0.0318578564561249 0.282366624292007 -0.0337075079969917
-0.0322532391153735 0.0808510119604412 0.261739797694639 -0.270798351005669
0.030081612473329 0.0814278011845971 0.148904967614167 -0.393544529019438
0.047678387774296 0.0895473442466211 0.0893244536630691 -0.420105022231787
0.0348395843111702 0.0969942022629783 0.118484987971528 -0.418868136807633
-0.053866298817272 0.104690365354374 0.222921846093376 -0.320423856561326
-0.127560839391819 0.0463249885523685 0.267825716804066 -0.122259830581274
-0.118059427979 -0.0821215118405555 0.131607484137127 -0.0141456370856284
0.0547042988792871 -0.158048377879707 0.191140932737328 -0.146014561380292
0.162348481585934 -0.00611558548135937 0.420769754278506 -0.194760686153491
0.111398567880138 0.104195195080509 0.7793410866718 0.0914677554805942
0.278093731776911 0.0683643796504143 0.438878126259004 -0.174208702800178
0.244418637772488 -0.103388826132335 0.102099104114061 -0.15039531391423
0.0757244137719734 -0.227920034840376 0.0476566758990686 -0.0256178263294194
-0.17990864937596 -0.136203492419821 0.0870414093745492 0.076891146656272
-0.23745221300321 0.0394149033336016 0.232502258791739 -0.0199290044882743
-0.153690246961814 0.177999730932107 0.236593044958675 -0.211041845557695
-0.0255049000989588 0.224000441019625 0.156586392870063 -0.329451468655478
0.0136632395625598 0.250062117750625 0.0969959840117409 -0.352089974110855
-0.0153803082977025 0.258009490778613 0.0987998792709255 -0.345478509098274
-0.194700603648953 0.256566346974742 0.167011778320893 -0.270684037949674
-0.343926271176785 0.0835801797863622 0.198596872391698 -0.128841858218166
-0.314556541384957 -0.199426451842537 0.0787544320530047 -0.0606282755454273
0.0439865797216627 -0.432793523292221 0.172258912448637 -0.187475017842849
0.387792688321972 -0.222965498794989 0.397265537380878 -0.191052845519188
0.429404933548063 0.0532339778623631 0.681531641877747 0.0787330731427044
0.475279969628658 0.0600755265060779 0.323845215648411 -0.20613200366124
0.372539002242975 -0.215014786758273 0.063164436877089 -0.110431384267548
0.0986204304056417 -0.371037957851914 0.050473459456871 -0.0408554971795525
-0.276514309222976 -0.223047254860649 0.0733253750528732 0.0497585395901882
-0.375641301608226 0.041351515735816 0.158816123787857 -0.0201181538220589
-0.267539404123527 0.258169768542913 0.173842754351372 -0.131534564828163
-0.0826201807045285 0.339383177969806 0.138766012819431 -0.220074176148054
-0.020888923763354 0.373536489649277 0.0896896323193168 -0.231280138576331
-0.0593281969380146 0.376985699810906 0.0659421234511606 -0.217064611662436
-0.298435797967177 0.375397267044147 0.0864688063659617 -0.17185722159812
-0.50816148013332 0.128539122030427 0.0941935666410293 -0.105929003478299
-0.482727048370615 -0.264508104974089 0.000372328230482976 -0.0962676660839577
-0.0119614089199948 -0.641810239185268 0.117754752827311 -0.213741548103815
0.529895100551898 -0.423295614019888 0.325295685033553 -0.164795541081245
0.66930201704667 -0.0220080801302152 0.498373301893953 0.0734942695367967
0.621893042202963 0.0422086070606695 0.130588824021493 -0.234047185399447
0.478017522780359 -0.330901638366893 -0.024572649770501 -0.0470371706410595
0.102712211676263 -0.512023958677861 0.0348156661604578 -0.0307881811094587
-0.370558540840883 -0.297778154830684 0.0523664438763206 0.0210912245507699
-0.484659438455821 0.0447381267778815 0.0566947684013456 -0.0221363519576715
-0.35056652807213 0.314213372464713 0.0743278280068221 -0.0310914031235453
-0.128500985566462 0.411883545911554 0.0964811743461859 -0.0729921904075688
-0.0514714810073076 0.438824098144473 0.068169289831703 -0.074631421127399
-0.0916387171859208 0.43399011100402 0.0276668688159274 -0.0550509165312099
-0.350764781913612 0.434976125674665 -0.000441031662803297 -0.0377589936250328
-0.58872117398162 0.160191461002964 -0.0269079472822767 -0.0516409956518051
-0.573995138320239 -0.271417105036676 -0.0893664669109119 -0.109032497823184
-0.0773705014374007 -0.731506352704029 0.0407473473929852 -0.206835097436526
0.569084692514374 -0.549102971390612 0.218557914070469 -0.108695550392387
0.785041896639779 -0.0918722759172677 0.259692615479917 0.0833373259115134
0.685309375472704 0.0133621889835038 -0.123038777390006 -0.248207710330696
0.521287760926612 -0.412170251145446 -0.154366681658738 0.0387407297579893
0.0873901101541085 -0.592951272954528 -0.00152510218546233 -0.00209548732289979
-0.418000065870101 -0.329502314071194 0.0102681339754081 -0.00771700397168851
-0.524144572445383 0.0436233766906976 -0.0726487331780974 -0.0159960769203858
-0.378563492557579 0.324792931198953 -0.0477654721584181 0.0847156273918318
-0.150810610317534 0.423000815119355 0.0363507356650902 0.0920467063222013
-0.0737316580701948 0.435244828432735 0.0361173678305041 0.0935080835611054
-0.113458154972667 0.420029140808798 -0.0112443825296931 0.112631909092531
-0.351899335258758 0.415493409718249 -0.0789014001639228 0.102745993487802
-0.565650076665194 0.153210586533051 -0.139862058902782 0.0191088887872813
-0.542858631303893 -0.238853847544959 -0.165860718420351 -0.103070601646477
-0.105428989350634 -0.673454242046524 -0.0333348012071367 -0.171245626691729
0.513315812521794 -0.553656300452278 0.105943293116913 -0.0354326396088596
0.759460779943005 -0.135722954519682 0.0128969439246014 0.105903886338916
0.633727901203326 -0.023285844485762 -0.395166572688859 -0.239541666819744
0.468948104410253 -0.413741488356252 -0.296825440394493 0.128718363668195
0.0577951827925985 -0.550982614477902 -0.0506110810867612 0.036596275423374
-0.379121813258068 -0.294049963492762 -0.0443992400918629 -0.0321442885688802
-0.459196551766031 0.0356561535172922 -0.198277595818917 -0.0019734947962658
-0.337844432969665 0.27644172328309 -0.166726208159481 0.194907447885352
-0.148594035009507 0.364444606306725 -0.0300017779172698 0.247960341387936
-0.0837004075526329 0.365843857851441 -0.00154524900645109 0.246177210382797
-0.12104661575096 0.343144889882657 -0.0490759285998666 0.255790164181571
-0.302917548042348 0.325082661252859 -0.141797476138095 0.216787326286328
-0.447830192608516 0.102529395493556 -0.22255834006293 0.0763359419291516
-0.400052262445708 -0.188505607794255 -0.205780459031198 -0.0923028284739012
-0.0826722907459353 -0.496245171138536 -0.0816659047623038 -0.123365958697699
0.388058583221306 -0.442029056612722 0.016006986364766 0.0293544032940761
0.612147236522713 -0.149966824339246 -0.195954314115228 0.127167073151056
0.465482339829305 -0.0573103242118082 -0.630221756982763 -0.209091577743706
0.318307771254078 -0.328844795250486 -0.413244263853051 0.201584192101699
0.0133820926880176 -0.380789551143338 -0.0987231680190342 0.0817349510072778
-0.25095714552879 -0.188138823230503 -0.0866225366200477 -0.0417383783689992
-0.299375764813361 0.0172910399538413 -0.281613749908111 0.014379458055355
-0.233304425381639 0.17717362552871 -0.252459060852369 0.274695984918052
-0.117465698190184 0.243176043378587 -0.0886106734544674 0.366116347497157
-0.0814692060956852 0.240061934266844 -0.037724333086874 0.36006576842483
-0.11217000272926 0.221943595122057 -0.0819225975265481 0.355737941135177
-0.21366010857544 0.193675043666533 -0.187499950103216 0.283279864214733
-0.276405121825209 0.0331706553052163 -0.268975898251933 0.10316983288308
-0.211250235662956 -0.122213272542387 -0.204909493551188 -0.0887682045070718
-0.045636143736857 -0.268514017561701 -0.097014033314954 -0.0818229701387308
0.224816038062523 -0.279613004181356 -0.0399491935351841 0.0671254037034985
0.390737625093085 -0.140680989338316 -0.336577262502623 0.139807903516615
0.209868545036247 -0.0788143522799335 -0.783418570748963 -0.154950837137639
0.106626537446382 -0.178392094758492 -0.481521759373307 0.249483617274283
-0.0335276621672884 -0.135611804795641 -0.130911206543056 0.135565808285734
-0.0761519606333314 -0.0465113307143153 -0.098300684564303 -0.027475853743831
-0.0893066054709574 -0.00483739838249643 -0.303464630398119 0.027712712843526
-0.0920143810174352 0.0445171443175998 -0.287981561750319 0.306954460342837
-0.0726355823711117 0.0795616608556496 -0.129253284198585 0.426458498947011
-0.0698059364161933 0.0802708469041913 -0.0676038813277626 0.418839068660974
-0.0848485407738509 0.0762408419324564 -0.109799542726008 0.399714907438994
-0.0989081095644588 0.0535738532456071 -0.215691500503238 0.300747991925115
-0.0910063647452452 -0.0210185990944627 -0.283172429226252 0.103175177126435
-0.038679045496595 -0.044935547274488 -0.175230540053564 -0.0880532765797839
-0.0269305111402446 -0.0547158455918423 -0.0926081220239804 -0.0498957908578237
0.049835956558364 -0.126446633609652 -0.0709672603411443 0.0779848338601215
0.141089856744523 -0.122835778382541 -0.405869166000339 0.142436993016111
0.0645447033805477 0.0682941330376908 0.462148992698094 -0.167403241096123
0.110669528563076 -0.00746944808753868 0.093032318766028 -0.16796834445424
0.0409915379730521 -0.0947021662800184 0.0406341465633827 0.00695970277681159
-0.0860356067290013 -0.0461979355257879 0.112009342787278 0.0892023186423138
-0.0858768977252083 0.0370115175743597 0.270807580920281 -0.050338660222228
-0.0259224079009118 0.0810342518151177 0.237157299895732 -0.278956699751096
0.0345527696012647 0.0760316365438259 0.120990587613423 -0.389458603925805
0.0526057967239485 0.0835113700352668 0.0638152714899505 -0.413847259635839
0.0399380170414632 0.0913261202491227 0.0892320250561933 -0.411826667953174
-0.0461305020758914 0.105995433145706 0.197278954807433 -0.323942810571633
-0.120935731216324 0.0538811202837146 0.253108885776898 -0.135412375709827
-0.119192675393519 -0.0728924038700657 0.128533571774537 -0.0218083006651187
0.0448639363058527 -0.157556968158305 0.177162147999437 -0.156050873654242
0.159102069023796 -0.015082856101899 0.398681921172039 -0.209891540735915
0.114683927476025 0.0952300297578533 0.765129867282556 0.0496005823404248
0.274462494109776 0.0510997970879837 0.420033807797875 -0.190607011050312
0.231744375076252 -0.114087614825481 0.0929258999944962 -0.146849603330983
0.0601529865316003 -0.227315520900987 0.0440958540548679 -0.0283654366101506
-0.182503254616011 -0.121529252835769 0.0884350059614497 0.068546313029459
-0.228580846222256 0.0536321062854223 0.221445552579167 -0.033462124704782
-0.138236853505095 0.183103465485116 0.217059536124418 -0.218240429186681
-0.0113634742107434 0.218313661749209 0.131540071426823 -0.328367281112949
0.0281734653699852 0.240667873249023 0.0750329870422225 -0.347800334973382
-0.000799113199884217 0.250227171735165 0.0756458081866795 -0.339058010969015
-0.173992506639474 0.262649904977143 0.145571560163399 -0.271042621825598
-0.330180105411576 0.103258764356158 0.183803528803286 -0.138586794748696
-0.317677952480296 -0.176751305372281 0.0735913145363277 -0.0627983750957831
0.0174257881931888 -0.424428841369906 0.156945034718345 -0.194783143727537
0.368300253251814 -0.238179346330121 0.376052902053856 -0.201880981409947
0.424304462388117 0.0284445309481165 0.668700255206611 0.0404815905621902
0.465242675219375 0.0317315292792748 0.307169638173454 -0.214943759130313
0.349687766723392 -0.227742344443553 0.0585387794392111 -0.106052528232578
0.0752421283684625 -0.36827124715815 0.0452334703783123 -0.0424919509679061
-0.281453538097514 -0.200500292150499 0.0760067986135424 0.0419650947725622
-0.362556019010761 0.0639343721777327 0.149979897189828 -0.0284765180256457
-0.242235822239909 0.268979139890637 0.159548007953183 -0.137308928538368
-0.0602442985226714 0.33421043048178 0.120066540080114 -0.222372163993888
0.00232505667259745 0.362428161097204 0.0744613884495497 -0.230338625743955
-0.0369776056982087 0.368775843838924 0.0521905995247978 -0.21187942762474
-0.268182234405422 0.384351036386111 0.0733549112039077 -0.169255810033795
-0.48713994901846 0.156536468067003 0.0821071955578865 -0.109945220910022
-0.485257313837547 -0.229909433663382 -0.00556377347156387 -0.0917784435344006
-0.0469022320886987 -0.626539557132824 0.102728551757536 -0.214838634388385
0.495953364884955 -0.442316766920688 0.307633780129608 -0.174106729534061
0.654175884143882 -0.0555985175461182 0.488778282011778 0.0465317113944706
0.607505537861064 0.00485349298871336 0.118021403815831 -0.232968794753166
0.445473739008204 -0.345900430074428 -0.0243039427658835 -0.0399484435334947
0.0712626937748507 -0.50562326661829 0.0305295590986607 -0.0313276168692219
-0.375406224704349 -0.268458185857491 0.0545173229191507 0.0144865278385812
-0.468545602236366 0.0745239694667392 0.0492586880382457 -0.0243065428577338
-0.32095730982726 0.32687001312558 0.0689996483876964 -0.0335764106906555
-0.0998979685028349 0.40787701511267 0.0871607385060074 -0.0783558728916028
-0.0249131526728214 0.427269545899917 0.063647127873966 -0.0776314035023439
-0.0657473424349352 0.426141186603697 0.0249303330615033 -0.0527635756579718
-0.313237321573176 0.447216765470793 -0.00263305971341237 -0.0344349523991217
-0.565066307991584 0.193297225451835 -0.0339786211792863 -0.0487677473960151
-0.5732165422683 -0.232350289692845 -0.0943007108679277 -0.0979075918778217
-0.116896221502437 -0.707550699469036 0.0291240341411322 -0.202638322154767
0.526187359730283 -0.568026968921241 0.207404541975313 -0.116128168565457
0.764543305410767 -0.131150468062047 0.257550446735066 0.0678899684029418
0.668550531527422 -0.0269447864189349 -0.130124448862153 -0.234301600532043
0.48377736720934 -0.427539164767581 -0.146605388974338 0.0493987125964746
0.0518460399387729 -0.584851729923081 -0.00430621534940332 -0.000294324700298545
-0.424571742050483 -0.297349223919025 0.0123040209559461 -0.0114407696237969
-0.507477444560828 0.0764559369691186 -0.0761492034476316 -0.00995801470207541
-0.348664054129871 0.340715096703568 -0.0421745402299134 0.0868319828040386
-0.121792858208894 0.420453284825956 0.0386478436556534 0.084227673405253
-0.0456340487681721 0.426690829508678 0.0408803461611064 0.087423236958339
-0.0881808269785463 0.41434702258065 -0.00290477258859728 0.111790781180593
-0.315799344910663 0.427869334703496 -0.0706657567887049 0.108067805128184
-0.541745036925532 0.184514672064516 -0.138886967482656 0.027545433732697
-0.541621851250624 -0.201316014044446 -0.169525348075396 -0.0864017377619141
-0.140903427082029 -0.649860640810634 -0.0403128350710444 -0.162277512973532
0.468386360661335 -0.568038184847493 0.102119882263146 -0.0398774658075954
0.736773862190482 -0.173533446850253 0.0170340623164717 0.101832335578747
0.613764050312643 -0.0569139476704278 -0.395770392186166 -0.212750810420512
0.432754366246097 -0.428980316209629 -0.280999549564891 0.143355550765517
0.024297314440429 -0.54289754396353 -0.0501171520582109 0.0409337766406335
-0.384227596763083 -0.266051174261441 -0.0420882273572245 -0.0319273610751364
-0.445283197004046 0.0627142333313466 -0.197287831734973 0.0110932320717428
-0.311133634392658 0.29104038248437 -0.150689809178204 0.200829640999671
-0.123153428460739 0.36402442107923 -0.0161882945732466 0.239932297432395
-0.0601795379874988 0.359553853330555 0.013231434614514 0.238253420882132
-0.099627727913301 0.341323451927642 -0.0304201215304896 0.252835459920125
-0.272726846715314 0.336027212686832 -0.124655874324433 0.221889831763135
-0.431356122177019 0.127445129486194 -0.215437143515006 0.0887877404973579
-0.399908623503897 -0.159411745758207 -0.208193563086026 -0.0751053096956016
-0.109430798932957 -0.47837940933107 -0.0835073308829726 -0.111602221155126
0.352483310458897 -0.453082549605928 0.0182946274213285 0.0265992747843782
0.590636998615864 -0.177640287176147 -0.184884940301516 0.133376646881826
0.448297163194372 -0.0801901398716878 -0.625372647398803 -0.171053240536007
0.291037598046449 -0.336929198992916 -0.392879665340411 0.218483683049153
-0.00843783068911732 -0.374160000840638 -0.0943974520298603 0.0874899279114696
-0.253996873507689 -0.170089774936641 -0.0847702235432986 -0.0379135925964244
-0.291326160275163 0.0350892979523389 -0.277660743764242 0.0318440751589033
-0.215993829344015 0.186645046825399 -0.229332137902435 0.283644783622329
-0.101190718851994 0.243976694825672 -0.0659709734749301 0.358742812326166
-0.0666458542664393 0.237519295623691 -0.0157059892639859 0.351648105497635
-0.0968551052351682 0.222466063180957 -0.0574548246497749 0.350582474054448
-0.1945992792735 0.201135100935421 -0.164591147650593 0.28757345075727
-0.26729862972638 0.0493027689626381 -0.257793630450675 0.117740026845335
-0.211507161944573 -0.106467945315471 -0.2067130120941 -0.0724513639991112
-0.0593115269476378 -0.257665225492616 -0.0963731134082958 -0.0699485677368275
0.202039158094136 -0.28539154560335 -0.0339121849800579 0.0653506701253339
0.372507348263868 -0.156657098257867 -0.321292115504638 0.153020586969533
0.198509076890195 -0.0874791347059539 -0.773424342271501 -0.110782456352761
0.0929056223488259 -0.179501212739705 -0.457688200764614 0.266379672418239
-0.0396142989996364 -0.130515154112076 -0.12130464121736 0.141281778948885
-0.0756508758145504 -0.042183106012054 -0.0960167152716552 -0.0223306159932111
-0.0876397698613348 6.29133166480298E-05 -0.296272768880218 0.0457747616614863
-0.0868213786808864 0.0485116224494964 -0.26161587683671 0.315754810110457
-0.0671620327953699 0.0819533337180753 -0.100469022514769 0.420298138637349
-0.0641457887030328 0.0815821337643813 -0.0419495604289987 0.412113085369183
-0.0782946005135922 0.0792990548058942 -0.082544344198595 0.393791476327061
-0.0920446263478378 0.0575001211355261 -0.191603390955184 0.305380285437335
-0.0902032596504128 -0.0155544491595296 -0.269863599757708 0.119180871893195
-0.0397472189715937 -0.0416315814714206 -0.177308680166293 -0.0738386276058107
-0.029464582332511 -0.0504268850928241 -0.0908902745882525 -0.0393987823069728
0.0390510665419483 -0.125973684867568 -0.0634400759589519 0.0763477196307078
0.129542165369433 -0.127146572314138 -0.38717886307743 0.158100739344944
0.0747298998947972 0.0548333417261669 0.415177789491015 -0.217966333143603
0.103999106592364 -0.0208130455455239 0.0665545756270388 -0.167557539911505
0.0275271254121072 -0.0956338064703888 0.0373103007599954 0.00405802209975826
-0.0857547259836299 -0.0331114682127271 0.12053403093759 0.0725078477250141
-0.0764081944082945 0.0466361771836834 0.253689301332533 -0.0840265231490943
-0.0148146480969358 0.0785969548783568 0.192894051943566 -0.295451024731976
0.0408289534565568 0.0644276108975563 0.0710231629438377 -0.388065071807408
0.0596905348491647 0.0708780321642261 0.00995578566139054 -0.398511424100576
0.0474461554310741 0.0798013487737023 0.0363876337747605 -0.39724046384397
-0.0321383858367171 0.106752676466374 0.145022939103291 -0.328079533235494
-0.108970324655923 0.0666875626527463 0.223690134652059 -0.156247801292605
-0.121359905993503 -0.0556476238107019 0.117501055524825 -0.0349610438818742
0.0189337359683622 -0.154451997842714 0.144930342636104 -0.177530292376351
0.14184135427098 -0.0368503313978978 0.355306295930156 -0.250961730632102
0.119979417020682 0.063672649191901 0.741722044798766 -0.0420654833878746
0.275971668143672 0.0096886092280772 0.354992111308329 -0.23007857556588
0.2070751571492 -0.134193611511211 0.0663379422903806 -0.143784076835213
0.0299689630346023 -0.223265623837429 0.0336344348168056 -0.0236707913740804
-0.184283570150657 -0.0942428820588328 0.0977373355241107 0.0582446333044376
-0.208252904044568 0.079005996996332 0.213184352363177 -0.0583484789914796
-0.108174726343053 0.187792149936797 0.185858778409371 -0.234281293911257
0.0133398546042551 0.203589249205634 0.0915288842289431 -0.329144176991621
0.0567010101836512 0.222171781387497 0.0285486026394088 -0.336741865919412
0.0282898942455479 0.235096086082571 0.0336304113419968 -0.324539066448408
-0.130760823076964 0.268645814682993 0.103803838899653 -0.266206865319158
-0.29880573020152 0.140555666424096 0.156327596109179 -0.144919974295858
-0.318284127982852 -0.128727899052239 0.0545651851594283 -0.0633632545583375
-0.0426117739534421 -0.402872772784785 0.114277719237212 -0.216117007464541
0.309227261975675 -0.269496054513576 0.339461906905793 -0.255844025236375
0.39953510299391 -0.0381165379871412 0.658887375567747 -0.0389344602808395
0.458107264847764 -0.0350098509327772 0.228362425881424 -0.236197921700994
0.305454499982843 -0.255487311234348 0.0351324645303566 -0.096466405354059
0.0257755410753837 -0.358901411153385 0.0312569796012626 -0.0303643078458453
-0.284954673760948 -0.157579413318108 0.0836996175203956 0.0375927757256812
-0.333626741422052 0.103810572674451 0.149738794388664 -0.0411064156444235
-0.196934679014537 0.281231197571228 0.146731216826726 -0.148362805062157
-0.0186509660247284 0.318516291397215 0.0958811484578641 -0.225079604424499
0.0460427914459462 0.340197625552414 0.0435883333755646 -0.225852883629425
0.00991285230985513 0.350777617478918 0.028637060944023 -0.199445802883566
-0.201976717892077 0.394494289963202 0.0501737030185008 -0.156389219781281
-0.438825906090232 0.211452607284528 0.0621376866700831 -0.100583944816404
-0.481523027493341 -0.157500875151512 -0.0291123931387263 -0.0756583436133014
-0.131063275899408 -0.579987602462981 0.0541607443050104 -0.229868959477076
0.403021498267705 -0.474095250560537 0.276984374041097 -0.233449083799965
0.603943057864028 -0.144685414137572 0.492594212725219 -0.0144930224388704
0.590958654272065 -0.0796527728408032 0.0344742371658201 -0.225920376920269
0.384373383428269 -0.375734966724177 -0.0380657494838485 -0.0193169222326457
0.00568137543965692 -0.48915687434988 0.0174513614988473 -0.0103322695889021
-0.382582797835641 -0.213163375826905 0.0618548521949931 0.0177283250249403
-0.433188898798417 0.126219623784959 0.0583447057473117 -0.0205155840115994
-0.263144882915924 0.347073215449778 0.0778479044148538 -0.0372608965088815
-0.0480567548798602 0.394919793614363 0.0845655447302176 -0.0813264177710827
0.0291699677581197 0.404805182612429 0.0521115452876191 -0.0802081073795046
-0.01062952182861 0.409619929819757 0.0238277139678203 -0.0441669101550349
-0.237008647336115 0.456504654107979 -0.003594891801497 -0.0160045255083585
-0.505460657002834 0.2541491639737 -0.0403751007781231 -0.0249747628809699
-0.563573371502574 -0.147757081120886 -0.117113894869284 -0.0675286361850789
-0.205912375633115 -0.649975550570639 -0.0169935522747019 -0.207838391401671
0.417064593811384 -0.593338004764793 0.188681281693438 -0.171273179419077
0.696098947395433 -0.226170199352458 0.277216945634308 0.0313864887778697
0.643451055027619 -0.116727588431532 -0.206658276917078 -0.193500837508414
0.410388945896721 -0.458301853721763 -0.145398335238909 0.0829065322350665
-0.0217739783908539 -0.561559096573723 -0.0107496628736586 0.0285249320560538
-0.432631522859605 -0.235889441231102 0.0188158791604879 0.000328778632687577
-0.469646267780813 0.132457928047026 -0.057375839426095 0.0109356790441204
-0.287828986006588 0.361922487146452 -0.0117592216240771 0.0919004132876915
-0.0667732698872164 0.408871442285456 0.0581419520091914 0.0806510276609733
0.00943384642296123 0.405694934852664 0.0515807323989418 0.0778870313521089
-0.031929506518428 0.401089461227839 0.0172737533740834 0.114593502239148
-0.240648852521276 0.439672178932558 -0.049073495930926 0.126126195941246
-0.48384197157098 0.243716872856025 -0.131012575345898 0.0594521603661698
-0.528820700114589 -0.122635649839749 -0.18605353883938 -0.0473451743613909
-0.22101474575831 -0.589311422743266 -0.0762979976681202 -0.157557643294519
0.364657515933668 -0.584817228653789 0.096788576638821 -0.0859003587176946
0.665231002438975 -0.257909567313983 0.0501444008386816 0.092187009667547
0.586356261170346 -0.138471838464164 -0.454032194528895 -0.139149900470076
0.363176068453411 -0.452118159186631 -0.261272162248099 0.187675778722299
-0.0420136380764624 -0.5193185343815 -0.0486710111425284 0.0726894432916931
-0.390579550704681 -0.210458238651169 -0.0362827951250738 -0.0130204716332525
-0.414087468674621 0.110987738349395 -0.172282841386034 0.0473886094009577
-0.260227215601056 0.312448439733406 -0.102691837467293 0.214560413805903
-0.073631716840163 0.356667491025284 0.0225730247375455 0.236065448745817
-0.0133388475453023 0.345305255096795 0.0434074233811919 0.223767304065215
-0.0514031155045722 0.333660487511948 0.00680674034658952 0.249366920302144
-0.211276784038006 0.34745315793813 -0.0863646375730533 0.238524468024086
-0.385732481024883 0.174805274792031 -0.196156612504382 0.124165604068006
-0.391225171438926 -0.098607957463659 -0.218449135005752 -0.0347345443596795
-0.16671810426895 -0.431525609800601 -0.105358297766837 -0.101471559509907
0.270732322111889 -0.463467286848075 0.0237417165330309 -0.00598435036218156
0.527745813685125 -0.240531848644909 -0.143111370297849 0.146298021778856
0.420589625527617 -0.136243446290931 -0.652996142055207 -0.0730800493393083
0.23733053225241 -0.34951290987125 -0.355563820632254 0.267447347932357
-0.0521001796851561 -0.35402310299733 -0.0822113865741993 0.115477931755238
-0.257971784100453 -0.134848926741167 -0.080193965858872 -0.0165643713196648
-0.271478435297071 0.0662643819515384 -0.251171075558809 0.0746941223599081
-0.182125263147067 0.202219971556695 -0.172631037709683 0.301604107360237
-0.0667384364233123 0.243167176932024 -0.0134028274022694 0.35531952884581
-0.0347072038934801 0.231748020920837 0.0300825921369522 0.334186916262456
-0.0632882398909067 0.222137186754205 -0.00862623365872276 0.342349118287567
-0.153977174710829 0.211232789520945 -0.116152630968843 0.301504576445513
-0.242238324632603 0.0800988374789277 -0.232153581821335 0.152050911244397
-0.208403376614492 -0.0723125577962404 -0.21318510423072 -0.03706194916267
-0.0899012980120709 -0.231287825098095 -0.10498224646164 -0.0563509423185165
0.151869020383848 -0.287611173985135 -0.0234431643552266 0.0470696139041679
0.328043570445086 -0.19071635822226 -0.277188380320753 0.181236862521666
0.175872578770479 -0.107930660130595 -0.766418804086103 -0.00397385586816748
0.0667407796712433 -0.177681903038389 -0.407010396054853 0.316232244700077
-0.0527839364816056 -0.119145428095636 -0.0978284192115081 0.158720389156427
-0.0757111031298314 -0.0330067638850642 -0.0929098774535896 -0.00608281553035146
-0.0837167429805426 0.00929150467124622 -0.273111758291593 0.0867908831399662
-0.0768758763724883 0.0566975875034001 -0.20749475576289 0.336963852958559
-0.0534800422245252 0.0873385866237458 -0.0428339882072421 0.417110573840252
-0.0513441889723577 0.0852921563661301 0.0109253977739018 0.393930008503233
-0.0626139018909903 0.0850771819733329 -0.0294242629586466 0.383791423605142
-0.0757045330380838 0.063118359184344 -0.140553611609898 0.316177749176386
-0.0841848145220942 -0.00342690276426089 -0.242217772313121 0.149282966953205
-0.0406716189652334 -0.0317243236400241 -0.181404473126209 -0.0468500679984182
-0.0336095938512765 -0.0413671074996606 -0.0899377853993976 -0.0244002058996336
0.0199801870086747 -0.12030701355568 -0.0528597917088053 0.0709683691647698
0.104733279583672 -0.129479973451879 -0.346717509455312 0.193780546287247
0.0711645792515773 0.0521758362561079 0.400965303589584 -0.20373120578809
0.0997800067738877 -0.0200056995965852 0.0671475178235295 -0.15793063057825
0.0268464758041368 -0.0922744334504197 0.0351249179071374 0.00259386805439962
-0.0814912749672495 -0.0316758107943268 0.115392113699916 0.0702158929539156
-0.0732484894144513 0.0448514234998457 0.242305149329328 -0.0800376625884767
-0.013607801523658 0.0749120669685432 0.185138417140938 -0.282083612310417
0.0388559858499015 0.0611707303393641 0.0703759494245568 -0.37122484998095
0.0578136046923527 0.0670980190926722 0.0118565390130107 -0.380124086519695
0.0444698149309597 0.0755184581245237 0.0367761548710929 -0.379024048786252
-0.0309457298968234 0.103271674042101 0.139699866215669 -0.313312242047719
-0.104579492913255 0.0649721524457647 0.213888860803795 -0.150307743020355
-0.116296025802751 -0.053995294805612 0.113454910342451 -0.0343449958905218
0.0189188253409273 -0.148765694295467 0.137650388650857 -0.171260330374255
0.137647234239841 -0.0341675997897025 0.344141630785225 -0.233995824363963
0.115351627909764 0.0616833711147675 0.711762406957068 -0.0323682738879331
0.26401364502015 0.0104454155887594 0.344834380524586 -0.216910161566078
0.198891666914842 -0.126399598854205 0.0681894435194493 -0.134318494137391
0.0293590787855412 -0.214478817506168 0.0321075560070146 -0.0232951586894728
-0.175088887367131 -0.0908731413749903 0.093413301093719 0.0551181027766161
-0.1993536839244 0.0756131674269733 0.202349869261419 -0.055391426510151
-0.102970689611463 0.179435386574987 0.178182992317962 -0.223440695284594
0.0121218958176712 0.194171954528647 0.0881123314073199 -0.31390704597284
0.0535782876707459 0.212093505689223 0.0291875737543235 -0.323504734182531
0.0252962464628241 0.224360672618321 0.0353336493403533 -0.308874959055594
-0.126168066118089 0.25815925378777 0.100303973413604 -0.252697123474084
-0.286694934542664 0.135915120830852 0.147246928475041 -0.138786763673926
-0.30493500412075 -0.124886403163906 0.052210347184351 -0.0601556481327052
-0.0372545297883603 -0.385597611236464 0.109948674039417 -0.207599952821644
0.299887103730539 -0.256298440544144 0.328298492224638 -0.239933459179716
0.384748539537447 -0.0334697682656324 0.632854381729505 -0.0311003257321725
0.437658213237509 -0.0313879602898756 0.224699391430518 -0.223910092459451
0.294024521923168 -0.240547691855492 0.0381835571177174 -0.0890203659132115
0.0267113813132692 -0.343455482659988 0.0294178952260955 -0.0292668845004375
-0.271659684080446 -0.152947088744573 0.0799116304102978 0.0333189003039866
-0.319933965944396 0.0992186600392462 0.14048625700579 -0.0380687101162184
-0.188513465922244 0.268466470123446 0.141544175475304 -0.14148937813704
-0.0186221914666459 0.305664924845724 0.0921346141722005 -0.214514107400305
0.0437006399569668 0.324563236252488 0.0427738469557118 -0.216833329936937
0.0070736721551423 0.335375541330337 0.0297790940730744 -0.188895594469895
-0.193555921668379 0.377732022982658 0.0489677476435457 -0.147062986208675
-0.422423734415237 0.203460612117608 0.0558464907078675 -0.0958083777134511
-0.461291022710261 -0.152790237362804 -0.0278673547492003 -0.0717045169732594
-0.123259716313202 -0.558145509832557 0.053760946335437 -0.221586293886861
0.391097379369151 -0.453788588053332 0.269638829645697 -0.219036326650001
0.582528211894319 -0.13533482884975 0.477002803457526 -0.00957790111648338
0.567866502331487 -0.072354223655569 0.0385117541010247 -0.216803066588501
0.369685980083768 -0.357289274319134 -0.0322533106963109 -0.0155820635195802
0.00860589624588637 -0.468681980316263 0.0160582383185188 -0.00870670749622844
-0.363772481065086 -0.205953707800263 0.0593767631863819 0.0127513185788615
-0.415312249957027 0.120592478378678 0.0526413377332619 -0.0179642046683771
-0.252102871365497 0.331596759116343 0.0749236153255226 -0.0342636432439861
-0.0467174869261167 0.377366183933525 0.0793865926326645 -0.0784683120631755
0.0265677124818184 0.386411032266202 0.0500116108351014 -0.0778190663039397
-0.0132344604955631 0.391040110532571 0.0245248818307748 -0.0409283033577865
-0.227987931175116 0.437318535439504 -0.00236553248957177 -0.0129618540134907
-0.485754952102657 0.246828358725808 -0.0428906668907336 -0.0230424389637577
-0.538923343309379 -0.144297491797659 -0.112120535812115 -0.0629041633241999
-0.194688704472723 -0.624370474044896 -0.013769420462217 -0.199873347417414
0.403047772769335 -0.56813806145627 0.18381156704361 -0.162284345456906
0.672649473550929 -0.213459128953865 0.266139619856445 0.0335478654495348
0.618564236164504 -0.10736033663126 -0.194099669512236 -0.187568946144113
0.395765405636294 -0.436533967981297 -0.136146124912859 0.0817992701179873
-0.0194342162389688 -0.539807072602586 -0.0119078173188419 0.0297344401063412
-0.412707420880616 -0.228844230235082 0.0186666264138006 -0.00429651552825689
-0.451506036588815 0.126155645199582 -0.0581060551585237 0.012773919748611
-0.276142755889655 0.346734607371933 -0.0107614020120276 0.0895115380884984
-0.0662020890059286 0.392665463300499 0.0533768615118895 0.0760206043113955
0.00773318430030638 0.388714892955852 0.0489612871627333 0.0741757133768759
-0.0338809711265135 0.384053286678246 0.018253822231667 0.11048081212415
-0.229801374533295 0.4207495358838 -0.0460958994919011 0.122957233313534
-0.464245774668806 0.235203675767212 -0.130118968027691 0.0589411337963066
-0.504823342172668 -0.120308515287724 -0.178984455500811 -0.0432583635300742
-0.209588015680705 -0.56548582845053 -0.0691430162515846 -0.150897307993621
0.353089549504799 -0.561232280265468 0.0943401227410323 -0.0816432675998844
0.641642180230847 -0.24525963822588 0.048500974016415 0.089243140135605
0.563049641351484 -0.128718768916464 -0.433009090342389 -0.138843467681825
0.349907753391269 -0.430246302897914 -0.248963370301526 0.180153145699253
-0.038963199941926 -0.497779099454019 -0.0477599151870166 0.0729569716810599
-0.373569391371317 -0.204957007912032 -0.0345544158327943 -0.0163144191462888
-0.398003665582678 0.107144347420697 -0.168440419279932 0.0474904259723574
-0.249826628287663 0.29939090111763 -0.0984007369042062 0.206647184397412
-0.0721780203239154 0.342001622121146 0.0189499754553057 0.224219348690657
-0.0143183913830708 0.329778588827491 0.0405419864014627 0.21409049776188
-0.0524611523974689 0.319846678084533 0.00678177494981257 0.239410470454136
-0.20266203573428 0.333616686828113 -0.0820093031986127 0.229477064143605
-0.37079341688349 0.169801216403687 -0.19130501815125 0.121090114059594
-0.372462538479248 -0.0966090185236683 -0.210623466369011 -0.0312994491954185
-0.158069084301851 -0.413818089547593 -0.0967632315048615 -0.0965035598325108
0.263533380497263 -0.44301541206689 0.0227721402059745 -0.00711631912733344
0.510120457989884 -0.228316791710652 -0.138447898065333 0.139508100628494
0.404690316544572 -0.126084246192719 -0.627634768704852 -0.076022702413883
0.231704159039127 -0.332507969682378 -0.341721616186001 0.255378410136284
-0.0490034818002384 -0.340023035118671 -0.0803728543290528 0.113786541456941
-0.247023317836363 -0.130676245110988 -0.0773694658642561 -0.0186151497385807
-0.260824293643029 0.0632873624871844 -0.243287300216335 0.0733852187162317
-0.175047830594372 0.193503484223574 -0.165903294225032 0.289783230996295
-0.0651396093835435 0.232773523444402 -0.015266321714392 0.33829275804905
-0.0349755253826538 0.222288014707095 0.0266986939109976 0.320315272119415
-0.062019138770859 0.21322130088006 -0.00891561789081676 0.327545926437991
-0.147259761577188 0.201035030206447 -0.111233374163145 0.289486987272392
-0.232387127001987 0.0771869993452828 -0.224592030662549 0.146808219169967
-0.197663628293066 -0.0702082586656001 -0.204875831773415 -0.0343299191236727
-0.0842434517438621 -0.220437227791781 -0.0965020269303552 -0.0529008719305504
0.146229484699705 -0.27511280109291 -0.0232501058949863 0.041777176512913
0.315834806599125 -0.179932533081062 -0.267548448824556 0.171241985225629
0.168760688160442 -0.100843907051037 -0.738523876502306 -0.0112400594483596
0.0644764365190888 -0.169155402567742 -0.393904030661548 0.300679279545403
-0.0500995309320484 -0.114656494936056 -0.0949490774603716 0.155021553944433
-0.0720390428063923 -0.0333896775185797 -0.0892112968701727 -0.00700622268650043
-0.0804725875812824 0.00862211416573163 -0.263928886132855 0.0837906976097275
-0.0745018738339932 0.0543786532985714 -0.198527376766022 0.321759722799647
-0.0519469190390675 0.084471651829297 -0.0441945019232586 0.39834203685211
-0.0505047371757595 0.081853200459923 0.00778040648626268 0.378269866740564
-0.0606128056812701 0.0818615063007054 -0.0295845318932125 0.366847341465116
-0.0722063197420293 0.0590534186494156 -0.134584639306491 0.303198086087921
-0.0810094725622599 -0.00409561969402973 -0.231728942748133 0.143676947036562
-0.0377436028620375 -0.0309058440890617 -0.173747847741309 -0.0440916167331635
-0.0314987809026781 -0.0383026279653301 -0.0828973172474733 -0.0221579162233783
0.0179654137929215 -0.114899880778023 -0.051760890859661 0.0645541817174245
0.101108708596057 -0.122736190618094 -0.333638993813784 0.182553649700921
0.0685494640804871 0.0535280556540596 0.405210531599683 -0.189223070251635
0.0988120337495272 -0.0167349922516198 0.0733817085450202 -0.151951086289864
0.0291272986601065 -0.0911472124566597 0.034554586089775 0.00273147269115447
-0.0787619212565226 -0.0336375836886993 0.113164854733625 0.0724554737574002
-0.0737716317887637 0.0427512288535865 0.240482699094966 -0.07263984922122
-0.0145051204154834 0.0736199076388336 0.189992013255375 -0.274208628239058
0.0366818173868895 0.0609862045882982 0.0811375388073635 -0.361758011568191
0.0545474774134315 0.0669306502461661 0.0235015491378889 -0.375413979346354
0.0415338055839422 0.0749784279489846 0.0481581049551353 -0.37201889191092
-0.0338115488170826 0.102547999950171 0.145932418163706 -0.304725443020021
-0.105133053844639 0.0626339791116341 0.214520183927015 -0.142930128266845
-0.113777356499364 -0.0566630835578509 0.113150602074427 -0.0316790175607977
0.023676607876645 -0.146916155940106 0.140073266660678 -0.167037137625109
0.138010455531975 -0.0296583342206671 0.34948928848912 -0.217090780510605
0.112240379341055 0.064350197474753 0.705255034681759 -0.00736366603052576
0.259131346771078 0.0178813927359683 0.351024804663452 -0.20410053821724
0.200109587698123 -0.117984746940679 0.0748114858796382 -0.127733990576248
0.0356251703942533 -0.210828808765734 0.0319053772841826 -0.0230285036131043
-0.168808295816522 -0.0944285519819041 0.0907396716541863 0.0555695135663628
-0.199132628578319 0.0695566404324713 0.199836069629811 -0.0480663210959599
-0.105978332649247 0.174345296677918 0.182205501329382 -0.215384961151568
0.00698242074156617 0.191832466445364 0.0958943759843489 -0.307014597463121
0.0468191166740594 0.209894798338506 0.0388812391208559 -0.318830702137069
0.0171172337724085 0.220921112933699 0.0448375227402911 -0.302327790898284
-0.131185202243506 0.253123242647167 0.10576515836679 -0.245538015559195
-0.286501509704024 0.128257691163311 0.14632748995624 -0.133066713760688
-0.297548551778793 -0.131697966009705 0.0542000732666355 -0.0578948468884849
-0.0262372293619227 -0.384121215592953 0.114714517661493 -0.203948116240214
0.30574376282892 -0.245249286490597 0.334308569815567 -0.223441459258059
0.383116183262948 -0.0211386877796081 0.626978013355396 -0.00839381073597436
0.432918121151406 -0.0181136541492071 0.231810664228236 -0.214067192785231
0.297257651074935 -0.227824858267419 0.0451718675544429 -0.0835165962817216
0.0357272880663017 -0.337501788248428 0.030133264558 -0.0274240202288008
-0.261421690372349 -0.158123930076653 0.0775665984927623 0.0323113719062817
-0.317285843398168 0.0910000239249871 0.137719143735749 -0.0325466052518648
-0.19322162795859 0.260798449837626 0.143505787027678 -0.134284744958878
-0.027621808962436 0.300361237819029 0.0955875429313332 -0.209346162646875
0.03218938485233 0.320538636628418 0.0482378744109522 -0.213040242452139
-0.00479584743008601 0.331310889402385 0.0372762935233548 -0.18421521496666
-0.201434660416705 0.368930604264542 0.0524771840749086 -0.14232328112137
-0.42188560766033 0.192122380960624 0.0534687920781825 -0.0924198916521561
-0.450242247577146 -0.164592667291509 -0.0254161243520986 -0.0705516877735143
-0.10463207425769 -0.556502806515429 0.0604703354984381 -0.218077945137973
0.403602804362264 -0.437335517141137 0.275166442837914 -0.204989783238371
0.582326336773932 -0.116566935203023 0.472834145447137 0.00846996158211297
0.562126799254482 -0.053896654308229 0.0480990635619322 -0.213554020690016
0.375773974070019 -0.340462448484329 -0.0262216977148793 -0.0132903978419823
0.019703095736758 -0.46244474804669 0.0162595491463597 -0.00655813397876536
-0.352835016930638 -0.213592729652232 0.0582302824102592 0.011078357804917
-0.412359558473104 0.108762145472173 0.0501033026708795 -0.0142169468771768
-0.258038142048142 0.321414854626202 0.0755336010715785 -0.0307079423350071
-0.0558366544186367 0.371094058325548 0.0791050959283391 -0.0770888354337619
0.0154734834088076 0.380446923312633 0.0510615532807009 -0.0755905057452273
-0.0260193606560506 0.386129832592247 0.0274119127469653 -0.0383604265363524
-0.235834331676763 0.428163628962228 -0.00113450518827784 -0.0106088804373436
-0.486038645113121 0.233581736343446 -0.0466811913636868 -0.0225567098508529
-0.527697830843348 -0.158115219777747 -0.109184629111247 -0.0633018030042055
-0.174407646407546 -0.621462992873587 -0.00552769980051851 -0.198130629947031
0.418961899897399 -0.551196678260436 0.187926538877048 -0.153477396842374
0.673468801293062 -0.19021884661125 0.264573344739837 0.0421960879252183
0.613967209744666 -0.0873575966817829 -0.183717327723293 -0.193094233841101
0.405083861105346 -0.415654640455232 -0.132182007000735 0.078565195208104
-0.0032593667607304 -0.533144071376892 -0.0129184799733349 0.0312692427392756
-0.400867237942226 -0.237125291082732 0.0186557496986955 -0.00697248884664555
-0.448349375430695 0.113773689381959 -0.0608649272342507 0.0133097993012603
-0.281851221151746 0.335990827478218 -0.0122343776790996 0.0891048682208957
-0.0752292721223756 0.385843484851608 0.0488628486120487 0.0739944977710308
-0.00410276833297625 0.383306608845131 0.045825250951079 0.0740549767209851
-0.0460464615087015 0.378786268692436 0.0165937568133485 0.110612263653778
-0.237779564667895 0.410986216653803 -0.0480051379142878 0.122213020112244
-0.46501705043527 0.221614840712367 -0.1339744590737 0.0568490683518787
-0.494311860492291 -0.133414369000639 -0.175856347092328 -0.0454166509194988
-0.190500705095122 -0.564710904941945 -0.0607038387319132 -0.151473382695059
0.368300716692337 -0.545626194486486 0.0957952788031792 -0.0779242944578076
0.644437337608812 -0.221823171561094 0.0463664774631758 0.0897458322545319
0.55934592428702 -0.108168773145057 -0.421697949525664 -0.151666158592176
0.359515183309706 -0.413641156297708 -0.249299569732704 0.172441377429781
-0.024142954705051 -0.492241670672162 -0.0498413658706736 0.0741912880074417
-0.363446299713238 -0.212894220898857 -0.0339090443379269 -0.0203988336359075
-0.395689739224516 0.0957020687729262 -0.170416687604894 0.0452386796973588
-0.254588392452229 0.288479140558718 -0.101405612970995 0.202910459337294
-0.0795808753639767 0.336717539489682 0.0109764781416358 0.219831915496107
-0.0238284856149454 0.32535014413916 0.0330979682498052 0.212323211484606
-0.0619411193153342 0.314645349362402 0.00144867963713334 0.237145156759661
-0.208155755913221 0.323989622896081 -0.0858375278958035 0.226099656474329
-0.370726959160388 0.158610416555855 -0.195778155606485 0.116820129100578
-0.363193208275689 -0.106411554115829 -0.207345336688569 -0.0342996032054675
-0.144515753702664 -0.411784252788853 -0.0890550844241397 -0.0977446907887533
0.273067807097764 -0.430784857262953 0.0226754589320425 -0.00702434065404651
0.513450770454289 -0.209709509508595 -0.140336072240469 0.133198088799581
0.404071491550731 -0.109544497078685 -0.618113143928056 -0.0979126835983096
0.238662381042578 -0.319814494986816 -0.345417011344756 0.242429217308401
-0.0389984201825894 -0.337977363822254 -0.0828362549779851 0.11334655425843
-0.239900166881518 -0.137440973696616 -0.0764297556518816 -0.023027166320193
-0.259543163859384 0.0560359518360538 -0.244617126828097 0.0678378277879605
-0.179798024391434 0.186944723526709 -0.170451732403243 0.283021659548123
-0.0709467956830528 0.228521664994639 -0.0265409705117081 0.332029211676209
-0.0419436238512971 0.218189626890575 0.0164281371340902 0.316827783513894
-0.0682448792585133 0.208635697557899 -0.0176508342697334 0.323915098206137
-0.150413860635244 0.194239581034241 -0.116872842171314 0.28322272189375
-0.231951706017392 0.0707753969903778 -0.22694496275468 0.141637975038329
-0.191695340099308 -0.0756764859798933 -0.201579073863726 -0.0376606775653226
-0.075808009533897 -0.218384290585686 -0.0904765851610848 -0.0544042676849455
0.151463649490811 -0.26802070658107 -0.0249555289081462 0.0387673771845761
0.318785231001324 -0.166742610810385 -0.269240425529903 0.159823295143186
0.170837505342702 -0.0928637647525622 -0.732243936127783 -0.0364035886478861
0.0695011807157093 -0.164684533465566 -0.400691589561252 0.283729585125563
-0.046411504109337 -0.11394077937972 -0.0983787090309584 0.153135302403781
-0.0702986391012115 -0.035683268176331 -0.0882505339555242 -0.00997643651475254
-0.0799743814186651 0.00642907679276351 -0.264134236701077 0.0773339137741028
-0.0762124536805562 0.0511925233671537 -0.206018612180732 0.312923161613745
-0.0546256614709071 0.0819639532664449 -0.0549556243383727 0.389171015210532
-0.0533936305119854 0.0794266540250216 -0.00274485932431721 0.374060410457265
-0.0618297142936824 0.0796062691622405 -0.0398174241125191 0.361157904354129
-0.0722279510356157 0.0553216601877407 -0.140076703238893 0.295942514756914
-0.0807724562912901 -0.00637934434799219 -0.232473464014875 0.13791714347857
-0.0353827495839163 -0.0320851904000684 -0.171466472679318 -0.0467843231183058
-0.0290702501306841 -0.0373421062163459 -0.0782525736799914 -0.0228592378798794
0.0194664031522039 -0.11256069226802 -0.0543180615687549 0.0589199690629893
0.10360247586902 -0.116598928747458 -0.334053668061188 0.168546248008978
0.0677595939149093 0.0572415499301921 0.426549544801184 -0.179136388597494
0.101574416753698 -0.0147016365485577 0.0828660310977021 -0.151959099900254
0.0326600216715487 -0.0937150551072304 0.0352570965721272 0.00193986627337719
-0.0801656514847139 -0.0367545856617874 0.115267953950653 0.0777750033137081
-0.0771715354222858 0.042133170008643 0.248761509266209 -0.068508260612226
-0.0156815605105642 0.0751379701496202 0.20286391018844 -0.276496576924861
0.0366155263845448 0.0631448714163534 0.0947167766556965 -0.367962793058703
0.0547153913231769 0.0696430577057966 0.0367431732590997 -0.384671277844849
0.0393402854664318 0.077534478430443 0.0610893380030913 -0.380240901026966
-0.0374887205361819 0.106099644348497 0.158546580623547 -0.307736055830761
-0.109165184858082 0.06274758579582 0.223241393475797 -0.141668136692516
-0.11576921139528 -0.061533212519369 0.117737180164356 -0.0293003358207038
0.0283904041382306 -0.151277202587429 0.14772220864895 -0.168915827265943
0.143878805700414 -0.0260782135257292 0.366384619140384 -0.208079396024155
0.11330380543761 0.0696719325360103 0.725623672604436 0.0170186662637412
0.264713803708666 0.0261629999020257 0.370819825203283 -0.197654198547059
0.209187090577997 -0.113874592530019 0.084833673581781 -0.126887233652252
0.0426502823656357 -0.215537742952991 0.032979945315548 -0.0234756107695521
-0.169889733707015 -0.102282451291501 0.0917142080347038 0.0584198629227007
-0.206144938615272 0.0662750687495204 0.205173644808417 -0.0441067464538497
-0.112063925054507 0.176327621614039 0.193516096200794 -0.215798350016604
0.00189418786088319 0.197496484341263 0.107623571723629 -0.311757664937926
0.0425096055992666 0.21584444947737 0.0500966110305384 -0.326067306555899
0.0100308060841947 0.227267985001317 0.0566670267509061 -0.307857656543753
-0.141693609164485 0.258455404129446 0.115540907801143 -0.247752828742455
-0.298154336369196 0.125862828739572 0.15056069399197 -0.13230886552334
-0.302348355861601 -0.144755938684406 0.0572012826649969 -0.0578787326441272
-0.0158608425983075 -0.395999162456704 0.123611303165691 -0.20719801595476
0.32380685579812 -0.243913160866853 0.352916579877305 -0.21596395778713
0.39633990187518 -0.010653210541748 0.647734163457579 0.0127574462086785
0.44306528373978 -0.00515734409677883 0.24932148349302 -0.213372394441915
0.312279463309772 -0.223240077328079 0.0540829848224391 -0.0816661009097271
0.0480256850962445 -0.345658168865721 0.0313250104498391 -0.0275541104603239
-0.262120566111099 -0.17057613734003 0.0784811894727783 0.0326158330350788
-0.32988338964844 0.0845983576135521 0.139822646409274 -0.0282772422220644
-0.204379534648273 0.262507285672208 0.151190213273793 -0.13389525879987
-0.0367158170032003 0.309103279174087 0.103537210628524 -0.212690884169621
0.024886243397066 0.329305770849025 0.0562922266659251 -0.217855371940702
-0.016956363039773 0.339207426468987 0.0452030492498269 -0.186398959287147
-0.216012454505528 0.376394796816342 0.0587928081203008 -0.142796335140703
-0.439173920253767 0.188678258387236 0.0531141729658486 -0.0916828615779853
-0.458161697425815 -0.182188330141488 -0.0241037659468586 -0.0723722595440472
-0.0903563793190577 -0.574698985690821 0.0695802916064689 -0.223974829004096
0.427731390364444 -0.438797807809475 0.292122230201069 -0.200655397154728
0.605022520586804 -0.100518324135646 0.487470117138435 0.0239562620567906
0.577862975008702 -0.0387267287489405 0.0596801788318466 -0.218222571764939
0.396202819810002 -0.335826068809934 -0.0207381798865116 -0.012211378043507
0.0347268747231612 -0.472692052888404 0.0172281765815527 -0.00515298023400562
-0.354599543789017 -0.229758954169876 0.0592194369594349 0.00953979243708453
-0.425777790732215 0.100833419628756 0.0492273972919043 -0.0118574180956737
-0.273847261140102 0.322945148724364 0.0790661409165471 -0.0287235136570244
-0.0694326076104681 0.379867849901046 0.0813524004079747 -0.0775352300479643
0.00485985886652071 0.390984471829401 0.0547495678525521 -0.0761890467417371
-0.0413559450319016 0.395689102782407 0.0314005618575772 -0.0369948527276528
-0.253744577594649 0.436191030471546 -0.000123818677635694 -0.00883947185563049
-0.505663674479451 0.229679986745084 -0.0521720032063603 -0.0221102131704241
-0.537048878431161 -0.177840474438313 -0.110618232229615 -0.0661176497701181
-0.159591003195521 -0.645196486668344 0.00242716058870479 -0.205373789978268
0.446736034537517 -0.555548419471724 0.200337246450663 -0.151201011862035
0.701499906457135 -0.17510917547026 0.272641716916073 0.0515487580266901
0.632834852531999 -0.070187665478417 -0.180294267103476 -0.204632153400974
0.429161319747861 -0.413677591937766 -0.134198420239129 0.0786782500869623
0.0104402558966879 -0.547481629371538 -0.0134754744564862 0.035245120942133
-0.403754254669153 -0.256499165550321 0.0187471474882759 -0.0100205649551352
-0.46389951023776 0.104557653737516 -0.0647224276157121 0.0150998864278621
-0.299670516684088 0.336349760503766 -0.0138888985573842 0.0919588797682792
-0.0884204854782553 0.395686543306486 0.0453498637207465 0.0761181714227277
-0.0162452623892757 0.391469786453919 0.0448663252444243 0.07757558809769
-0.0596419964881269 0.388221159140953 0.0151633633790726 0.115402445873033
-0.256094780621548 0.416551631079282 -0.0515688693499832 0.126304616603441
-0.483617626867959 0.217984913698075 -0.144483730937326 0.0574438241347729
-0.502441562008151 -0.151519781184083 -0.17999880339407 -0.049526104865943
-0.177306799773505 -0.586028490867112 -0.0553329260112892 -0.157842767291239
0.393709027613758 -0.552159357553117 0.102551915743773 -0.0776007708549339
0.670945456847858 -0.208873430923718 0.046815781321412 0.0934253603552094
0.57868903050849 -0.0926910350539453 -0.428502432314756 -0.170902330464665
0.382939843660845 -0.412175953087686 -0.259128905591225 0.170351475965052
-0.00996238515059081 -0.506797816529825 -0.053074577251444 0.0775208801152542
-0.366966719086845 -0.230901727942568 -0.0351951704157629 -0.0240427926639354
-0.408854515757944 0.0888923263578493 -0.177662966721755 0.0441233304061339
-0.26938576105777 0.290456927012558 -0.108940023128489 0.206544671270723
-0.0920166093948648 0.343974206015687 0.00190712538163812 0.223837563489195
-0.0355034601752932 0.332616601163361 0.0278729962438905 0.219210864126593
-0.0743609882176033 0.32245529805278 -0.0037907101510523 0.244450407261876
-0.222226563355858 0.327234152953424 -0.0928764723382451 0.231016496497607
-0.384904198416706 0.154499328572912 -0.207451022734208 0.117529359437528
-0.369264584091752 -0.119018314416371 -0.212646174632262 -0.0389163834171965
-0.13467597287949 -0.424589043793118 -0.0858085602550749 -0.103491660682972
0.292883249038844 -0.43592819174052 0.0237622541893645 -0.00809913454778875
0.535214894614089 -0.199531239706022 -0.146744350872365 0.132167624308028
0.418775889737811 -0.0995823993684157 -0.633200181234379 -0.122833633009674
0.256489457564123 -0.321887932548169 -0.36225751498738 0.238043118658252
-0.0303443296873978 -0.346286005480685 -0.0880785970001893 0.117068961338063
-0.242536291794901 -0.148414475378419 -0.0785104205612515 -0.0273429752050735
-0.267818288165343 0.0514054105805512 -0.254451308275536 0.0662870038700805
-0.190443707315093 0.187142989563614 -0.18319546324913 0.287601048710932
-0.0801922319761739 0.233714357814072 -0.0388414164855277 0.337619883334622
-0.0501618409657312 0.22240994327232 0.00744058969981904 0.326653783010548
-0.0765343018308592 0.213634457188839 -0.0267599509756561 0.332556284904484
-0.159399633260715 0.195116836322256 -0.125622523832358 0.288637509838167
-0.240935739979397 0.0670161465048895 -0.237685863214077 0.141690403439475
-0.193159343417613 -0.0833643411958215 -0.207164447692871 -0.04276798767307
-0.0706105230673953 -0.225156501954805 -0.08816184560773 -0.0585544150991523
0.162092180493553 -0.271412496928751 -0.0270723674142089 0.0370611149110497
0.332461387507241 -0.161820886885873 -0.280060970194918 0.15532275733225
0.179214673580048 -0.0886164698731915 -0.754380543697398 -0.0621562489929562
0.0762999154107407 -0.166678468268848 -0.422666476450881 0.278396188801253
-0.0445413887087384 -0.11810233135146 -0.105785564454737 0.157476691974217
-0.071000996998618 -0.0394293463521545 -0.0906695394521601 -0.0132021594342806
-0.0821858796852968 0.00394537808539141 -0.274012509883622 0.0735447664236122
-0.0808617070584414 0.0507208242242182 -0.220355716238726 0.316823532373961
-0.0592050000882064 0.0827295217212782 -0.0699180391529685 0.396649774841177
-0.0583655154208789 0.0806223033826128 -0.0134091487432331 0.384336357688677
-0.065195528269992 0.0806636188384384 -0.0513555284205476 0.369225771803658
-0.0753367742986619 0.053773385749368 -0.150880694402764 0.299864158653701
-0.0836867966965501 -0.00917771605178463 -0.24182961303155 0.136420477540362
-0.0345663386476299 -0.0342242443742206 -0.175342200438115 -0.0515828469543169
-0.0283294299893627 -0.0376628144990332 -0.077136409580007 -0.0256242247896722
0.0212945472872718 -0.114266144715386 -0.059169642975848 0.0572113659955406
0.108627826482964 -0.116089756628583 -0.348682418535102 0.161318774856201
0.0703793762983966 0.0607764936674108 0.456013646728523 -0.18973800625262
0.107505487071433 -0.0154881060545733 0.0914923921681647 -0.158980274141798
0.0351667948576377 -0.10061367107751 0.0374523205328032 0.00127436059406508
-0.0848687167843869 -0.0395429468518898 0.122889564855246 0.0826849614693367
-0.0826138340701056 0.0455567843579961 0.264134578556138 -0.0736690619028827
-0.0153458135807485 0.0792513497778364 0.214775166652988 -0.294344297982129
0.038951507056827 0.0670761778113638 0.102350996527066 -0.390248659132419
0.0580764502971846 0.0733757952733959 0.0405346566911631 -0.410047359036436
0.0411519939131364 0.0818336496228608 0.0675539899484002 -0.403210378700669
-0.0399158431533945 0.114406874317102 0.169524586598607 -0.325655374706364
-0.115335290650527 0.0678941211641458 0.235646496877088 -0.149962521868825
-0.12290298456664 -0.0653246281879933 0.125066927435103 -0.0317597671071638
0.0303119534518909 -0.161631038120234 0.156815062477143 -0.180130637751026
0.154416288370295 -0.0274722469208613 0.394355985330867 -0.218001988783473
0.120351615109305 0.0742629963825299 0.774080122119911 0.0238852301116865
0.2797546641171 0.0294151137957413 0.399947674340421 -0.208578084534123
0.222987619424652 -0.119271325096244 0.0949648253750589 -0.132538538224999
0.046177312545169 -0.228787414655939 0.0351190679573963 -0.0254211018617241
-0.179175631642923 -0.109354743212493 0.0975021726692432 0.0606609659900374
-0.219186454936171 0.0710171756759391 0.216667096239629 -0.045808176357661
-0.119217084204616 0.186969912076518 0.205922861070765 -0.229385656548792
0.00203081848579533 0.209910390029395 0.115434271870922 -0.330173172100325
0.0449972203600247 0.228274167492037 0.0547137518225371 -0.346201211554887
0.00832102620409821 0.241568798205622 0.0627031280591386 -0.326389370530703
-0.15070678597578 0.276739755587211 0.12311258712569 -0.260794575051081
-0.316351711895953 0.135355382766539 0.157164583446081 -0.139352040422582
-0.320584453064967 -0.154372889714893 0.0612313535200393 -0.0612977567838638
-0.0152774682146617 -0.42230478494756 0.13306766970814 -0.222499621403616
0.346669014543161 -0.259397244439991 0.379368998061668 -0.224918322166227
0.422817659953983 -0.00941340544793468 0.692322206982111 0.0184425244764791
0.470226346402027 -0.00257639907126734 0.269292933207893 -0.226567825208265
0.332979774324972 -0.233726140908548 0.0638234005741171 -0.0847317258315373
0.0513539595480037 -0.365786428975394 0.0339999982519325 -0.0284381710129028
-0.276487280885349 -0.181981376164814 0.0832115781765901 0.0326794236763238
-0.348797289279215 0.0897565615944267 0.14745546245748 -0.0288736659120277
-0.217119834867212 0.278720955453256 0.161974094965513 -0.141958139558324
-0.0389996229454476 0.32776033634915 0.108764220507403 -0.22556176292684
0.0248205004991749 0.348946851092863 0.0610018310981388 -0.23091081481776
-0.0202785564538617 0.361051839407557 0.051462409934086 -0.197146621309802
-0.230987979124141 0.400309857043107 0.0631242346206794 -0.148974834908481
-0.466732321525413 0.202107251850811 0.0524545242914983 -0.095446179118469
-0.486040954941402 -0.19472469304323 -0.024689683622301 -0.0756126619985238
-0.0940459494795028 -0.613447027108808 0.0767132068489657 -0.23948588575708
0.458373444196427 -0.46803450497198 0.314842977396165 -0.209717944959247
0.646941799346307 -0.106132783945599 0.521686159949539 0.0292080434716314
0.613419590506821 -0.0386147939683876 0.0671614702982243 -0.23290496299354
0.423355600469504 -0.35260099018788 -0.0160040139924776 -0.0112433114150164
0.0374085919396386 -0.501513845807321 0.0194446824957477 -0.00382599216262505
-0.373354797759165 -0.245113932636665 0.0619459575470507 0.00784875409693804
-0.452761418535348 0.107266625890259 0.0507425019549226 -0.00996468715238327
-0.290376791122248 0.34447149837689 0.085324696947679 -0.0302445674068534
-0.0742235394130907 0.405573598806628 0.0845144709744315 -0.0829614800269304
0.00418361702913171 0.414134483354249 0.0590267597788974 -0.0811388822405498
-0.0450690872091802 0.421685647878325 0.0358461714624152 -0.0382137168364727
-0.269699540504916 0.464005280670784 0.00133386704217449 -0.00679124499272626
-0.537656807940066 0.246207503192097 -0.0603866519412552 -0.0200570936924587
-0.569920951745355 -0.191228645448275 -0.117642469714749 -0.0690425942004477
-0.168715259942161 -0.686223070867696 0.00510172095749627 -0.220207397387873
0.478287625103103 -0.592331210299187 0.215517318298502 -0.159511006540474
0.74982470709133 -0.183889181162998 0.292282274333597 0.0563218202532351
0.673073012477654 -0.0727819509755383 -0.188615702072025 -0.219854693772772
0.45816794514647 -0.43664579878112 -0.137497391634389 0.0840677954420953
0.0151141235419589 -0.57897960024096 -0.0133683889691504 0.039468595547929
-0.426469302138714 -0.273431763391364 0.0193804798418926 -0.0128561740953514
-0.492500722661548 0.112676802999219 -0.0700842265761676 0.0183367175878856
-0.317708693637085 0.35895844380268 -0.0140299056571178 0.098322394473031
-0.0939851280705016 0.420190344917019 0.045365906792923 0.0796966988692018
-0.0168932563776665 0.415258606794111 0.0475249267224478 0.0824086519514537
-0.0666918709052302 0.413938631611546 0.0188585072603388 0.12354225933986
-0.271481628958295 0.443390793023111 -0.0531965112409597 0.136929211646883
-0.514876245214042 0.233325209539633 -0.157878583544461 0.0642674461363279
-0.533247226463158 -0.161059578644133 -0.191135386196422 -0.0503525833648471
-0.18709019001174 -0.621298449237528 -0.0556138781382082 -0.169225247189829
0.42031489323654 -0.586485828717725 0.11097585803336 -0.0824651446811387
0.716304633529604 -0.220347704583303 0.0520343418279047 0.0987384284252967
0.616862962179827 -0.0945748903340548 -0.453906769827566 -0.184949681709679
0.409539822894874 -0.435296053069734 -0.272451260715687 0.180911051056869
-0.00829223548687581 -0.537096199151987 -0.0553812612830052 0.0854772291265147
-0.38805827403018 -0.245773705019301 -0.0376553645510536 -0.0278087747682118
-0.434786086031021 0.0933037567054014 -0.190126772575547 0.0500985669464831
-0.287794349555222 0.310215298120754 -0.115014849513486 0.220588754082494
-0.0987879276440252 0.366419787106769 -0.000999874031148338 0.236662695182519
-0.0390566037505062 0.352455325082408 0.0292002057770684 0.23279035398048
-0.0804226405901778 0.343417060791459 -0.00245595996891508 0.260396143344083
-0.23549356837649 0.348699875797038 -0.0975033933556029 0.247886849231034
-0.408868425207017 0.166002607463991 -0.222996262275308 0.127696396683497
-0.39148535313717 -0.128908628599261 -0.226656352360097 -0.0396958439107797
-0.140944079021331 -0.450399113210621 -0.0871089407740276 -0.110942795801982
0.311705542652082 -0.464272259885845 0.0259323762523022 -0.0100451866915641
0.57063594654306 -0.209320388615851 -0.154770784458598 0.138654253203333
0.448480559155596 -0.103122826741578 -0.67475698381728 -0.134170401530228
0.273799744486998 -0.339625258324506 -0.385969557469428 0.251902768050246
-0.0301856108291887 -0.368564016671734 -0.0933700895130492 0.127494906254269
-0.256759948652577 -0.159148369712501 -0.0840393800385306 -0.0302260010543873
-0.28490356921886 0.0537819369749564 -0.270599432139099 0.0726724644185045
-0.203127590930414 0.199918470086042 -0.193190344439465 0.305837893713591
-0.0864313462596628 0.248315681043741 -0.0441762056959753 0.356837753135173
-0.0553315414385478 0.23606872109829 0.00699137973713287 0.347227825581677
-0.0825773829063117 0.22701703771963 -0.0279007259536945 0.353723000414257
-0.169421044773081 0.207172098172345 -0.132078718421781 0.306989250147559
-0.256697384251763 0.07192824807321 -0.253901642513539 0.152941258774782
-0.203515320638982 -0.0893258271466386 -0.220966800234832 -0.0436637043663067
-0.073468551355106 -0.236802238925758 -0.0898428727696512 -0.0626083168738347
0.171240821180888 -0.287570409945884 -0.0301862509156036 0.0372947752874181
0.35539858235653 -0.168723272824086 -0.297464300484036 0.162365480927954
0.191908913038828 -0.0921725303916699 -0.80598652669841 -0.0696104455878997
0.0817230405720965 -0.175957135937772 -0.452272708523548 0.293391634331507
-0.0469105119989044 -0.124942341151436 -0.112419082473859 0.169731146197435
-0.0749076948222924 -0.042905359889326 -0.0965057341408042 -0.0142811551362534
-0.0870082089997716 0.00419346555434296 -0.291598102959137 0.0806034752799057
-0.0872682462902675 0.0550546938319922 -0.234137361466264 0.337880876720894
-0.0642963127207634 0.0885950431616239 -0.0767530477346594 0.41966793839695
-0.0634977116343722 0.085894442043408 -0.0165840141250239 0.407980846222174
-0.0698325354943656 0.0854982291032894 -0.0562115650074873 0.392337381053202
-0.0801740191299834 0.0553898241212439 -0.159290911286385 0.318473656576572
-0.0900852546724412 -0.0096523496896492 -0.256548043020319 0.145548886161415
-0.0356393261228158 -0.0369463513182433 -0.186862008184406 -0.0547071715172299
-0.028713069962781 -0.0381242140548929 -0.0795552181928576 -0.0269692571420002
0.0209579900504966 -0.120876363051047 -0.064620805181217 0.0580495070552937
0.114970375141244 -0.121596073036459 -0.37026125985036 0.169269706613854
0.0844044436976144 0.0585325810676064 0.450126741273854 -0.284620618952779
0.113328407310864 -0.0307380525908388 0.0690666063664758 -0.18136030074553
0.0206085898763746 -0.114083567234105 0.0409662806747872 0.000416752395087785
-0.0977516711349622 -0.0282325220188658 0.151014080474038 0.0644360538406017
-0.0799433646733419 0.0648348503218063 0.269537179464742 -0.130043688532744
-0.00301756952437305 0.0880249747810106 0.178192777885716 -0.35488985992144
0.0525936557486174 0.0660005155788723 0.0403537941675682 -0.440121482402643
0.0755939281640451 0.0688982671166875 -0.0237690203704058 -0.43876663696888
0.0582737613903721 0.0794810961767083 0.00712302690182352 -0.439555740060584
-0.0199912834183504 0.13026639778416 0.127038957219882 -0.371529207853202
-0.108452739136597 0.0940640646846343 0.226860609850267 -0.198020115827275
-0.140891204216935 -0.0496180185259806 0.130107793927846 -0.0527506048876049
0.00394049534451498 -0.174365164428727 0.13232540947164 -0.217713975380395
0.155280712335385 -0.0522959331512357 0.384537359369895 -0.297177617638261
0.133179685256509 0.0549377340595427 0.830311448857982 -0.0939943370594067
0.304038708793298 -0.0134061048031686 0.373818662298508 -0.279371717913795
0.220681436858972 -0.15960346885505 0.0770613431295284 -0.14655188236915
0.0126736824890749 -0.250893798869136 0.0377993494246617 -0.0198357158687214
-0.20607571068345 -0.0885272091547723 0.123460840040015 0.0490340079483885
-0.220148379357987 0.111800495260534 0.231096472978762 -0.0928078104635236
-0.0965745192697515 0.218833911978703 0.183450725944324 -0.290291440743487
0.0342681653647244 0.222383105645215 0.067616124413524 -0.381364144132309
0.0848123550751033 0.234202335339378 0.00171689492761408 -0.375065667533567
0.0495058793352347 0.252933317916151 0.0162966699616459 -0.35625554204266
-0.111032355260057 0.317748040910022 0.0915214102887335 -0.294530733465396
-0.307508989577331 0.197062557376674 0.147468130455545 -0.172389876265492
-0.361092247948371 -0.113629759511969 0.0596559457926523 -0.069230825511921
-0.0876033340820635 -0.440652993692388 0.0976344063264142 -0.25538186300643
0.319824316612231 -0.324866827411224 0.361450405112018 -0.305168118068468
0.436205107508976 -0.0802820416846542 0.744188008229598 -0.0885416441510684
0.503961625953502 -0.0837425210032323 0.221079888323715 -0.260140170273138
0.322127054720808 -0.298470731432158 0.0513198486867255 -0.0842287800981767
-0.00475770218181403 -0.395737616859395 0.0407080467107347 -0.0146696410136968
-0.319299517575999 -0.15201480123827 0.107486428670913 0.024792170369675
-0.35345169825401 0.15177115146732 0.167191606244507 -0.0637236603495333
-0.185941690436527 0.331479494692181 0.15662506371033 -0.194329058957527
0.00829738808652788 0.353908276360907 0.0818631546855773 -0.270113459621307
0.0826759265560588 0.36387144398401 0.0271103079704585 -0.255513480359658
0.0370428208644611 0.383329587880832 0.0261219129366753 -0.217798269872582
-0.175163030140796 0.460866138938992 0.0477292165792313 -0.163677010194553
-0.4526571916995 0.290506818364699 0.0442076097583334 -0.106874547456183
-0.539671892965438 -0.13226340477404 -0.0322049089538686 -0.0678265483722102
-0.200978392571441 -0.62504959283157 0.0343700283620105 -0.261248936738917
0.402517458885998 -0.561093769979533 0.289434386781335 -0.282955900097315
0.656096201197535 -0.215321211024187 0.564671030187135 -0.0521196447102347
0.65272956706172 -0.150617839281956 -0.00334366751688496 -0.22010496604883
0.399304624520632 -0.441263044570238 -0.0214514558375521 0.0148464783430168
-0.0392124607259818 -0.538432403612802 0.0344024208114227 0.022431522509974
-0.430372282408603 -0.204651590734012 0.0857854956822959 0.0040594960684645
-0.460268437424043 0.184448352381135 0.0736893209319884 -0.0265684321604248
-0.254083596314032 0.412227035535949 0.0981839279232903 -0.0655265197500234
-0.0184887012125813 0.440704755575912 0.0819936936153439 -0.114452699316858
0.0693262138074768 0.436318946718709 0.0487251789748772 -0.0972005693182854
0.0197467735691774 0.450526874448709 0.0364014045660462 -0.0467003820491544
-0.207227056395929 0.530703763787118 0.0065927548893127 -0.0027514175918611
-0.521165005935278 0.346195413283441 -0.0622860869304044 -0.00790173799271236
-0.626372502210109 -0.114260808119779 -0.128828873062649 -0.0439068741435232
-0.290165372003311 -0.688704595794819 -0.038361048539156 -0.22649436871826
0.404806813803905 -0.694924604498491 0.189925237658949 -0.214209339879984
0.749678215699574 -0.313319285594402 0.326904734171418 0.010906279680187
0.714607650327298 -0.197826138476596 -0.277805577618001 -0.15540417296161
0.42425007519401 -0.5370026466268 -0.134874350703991 0.142246034969378
-0.0773228840623263 -0.618526225633749 0.0117537807384156 0.0792265259751779
-0.491191921274268 -0.226314125169566 0.039919909637632 -0.00834665216659436
-0.500568791861695 0.192875857224555 -0.0467979003595973 0.0251703474078043
-0.280297979162387 0.431341155547557 0.0161121066198572 0.0879178643431625
-0.036785799279284 0.460474656516883 0.069436289798845 0.0666142032155282
0.0444844381504163 0.441106938518811 0.0633697872613228 0.0765104290201554
-0.00356009178960217 0.446453866300147 0.0443166454920997 0.128120956601081
-0.21306499175129 0.510569639045537 -0.0269004429611781 0.157972256535464
-0.499604421790004 0.330422390591419 -0.151490056257333 0.0984784041787457
-0.582088385533616 -0.0906967613598989 -0.204761372445494 -0.012836305930868
-0.298616954009929 -0.618784914679458 -0.092868308251976 -0.161965838861021
0.344060530046108 -0.681160574447167 0.0898138282461362 -0.115946802681894
0.711262388560581 -0.34489823759693 0.0760776043396611 0.0930607064956834
0.65276415388104 -0.217415514015873 -0.55233718446669 -0.0720126751630474
0.372203908091312 -0.531560950371625 -0.262377132769987 0.267215332510591
-0.0943875217666604 -0.572574842346084 -0.0256004191022934 0.1338625974265
-0.445660221531429 -0.205104218860616 -0.025595373481324 -0.0134824646067964
-0.443062172818442 0.161709975652739 -0.170520727386854 0.0826611473618179
-0.257214901848713 0.37444366826265 -0.0712441653432879 0.237732164361555
-0.0507368038134737 0.403665179351141 0.0472314622993503 0.244882916126389
0.0106694664727133 0.378307143809524 0.0685538530745439 0.237906313349351
-0.0308904048809339 0.374091813388069 0.0434561744787711 0.277092827162764
-0.192946291436441 0.403424593472005 -0.0561192080404235 0.281395798757515
-0.40118265872235 0.240427659559566 -0.211725511645387 0.176409607310981
-0.426904861541157 -0.077054932293034 -0.24329113222732 0.00315882479872775
-0.219862838641555 -0.447758437830618 -0.114581082831858 -0.0974679699512866
0.248699792871758 -0.534152948274118 0.0139550961722177 -0.023475676719258
0.56146758006715 -0.307926078824358 -0.139518946591809 0.168062502830256
0.470775650368995 -0.195865812148009 -0.769477447652679 0.01010775813066
0.242592271519636 -0.410203405372138 -0.370617895362287 0.355525974528509
-0.0912022654361787 -0.388354868719209 -0.0630584747361297 0.175210967481674
-0.294304782035682 -0.132989523317575 -0.0807766716941974 -0.0103348099007452
-0.292140684918519 0.0964876065093287 -0.259131377919096 0.124426944472708
-0.186021668185535 0.242643925613351 -0.143056160976957 0.349194226585783
-0.0562614629211753 0.276913861405462 0.0210011967736937 0.385225032359015
-0.0252576435078472 0.258399737691263 0.0630994977936292 0.362052317869345
-0.0524185421210171 0.252825056500099 0.0300511899850196 0.379690174255114
-0.146509018505307 0.241834104154534 -0.0848291570787889 0.349393362202446
-0.257290113153222 0.115638023526457 -0.242046763005427 0.207026028070611
-0.224310569983994 -0.064550064348793 -0.240172855255129 -0.00537835739322134
-0.114112826645645 -0.233581817535868 -0.106268943457767 -0.0489532075854943
0.132098889786653 -0.327456291767785 -0.0336915578097882 0.0382548521647682
0.343653567785182 -0.23158139176206 -0.289484612380933 0.216916460985219
0.197490978089888 -0.140197127342058 -0.884837659683635 0.0848448483226737
0.0613467229014398 -0.205981091871613 -0.434267564469469 0.400634888684517
-0.0693558632285075 -0.12637056403938 -0.0838038729364031 0.209063370642175
-0.0853322861455318 -0.0362478958115479 -0.0996929172813364 0.00504959107610955
-0.0921271414734082 0.0132925800413586 -0.289992179642976 0.137988903829988
-0.0855996473227092 0.0702762576464043 -0.185444318551009 0.396992884389886
-0.0572491403148874 0.104028609132732 -0.00360109817667564 0.463149037248868
-0.0572212300074832 0.101467962902271 0.0485438803895883 0.432133837074026
-0.0622075162950519 0.101168976168614 0.00581332854051184 0.426751311239218
-0.0776017481019511 0.0676848131605105 -0.113704136071443 0.363886399728399
-0.097027914637976 0.0016099513431417 -0.246867502904896 0.198346741663955
-0.0412117360530942 -0.0344871338666193 -0.208091067014376 -0.0246457806773728
-0.0344190801412112 -0.0337138951471826 -0.0863372340080131 -0.0150269817129519
0.0017521936695149 -0.128581895177149 -0.063007481136987 0.0694902943429909
0.102474882344095 -0.143080272952494 -0.367755504559843 0.2353381121114
0.0908381030003658 0.0534745806333793 0.439499344182562 -0.335356410573363
0.113707510628871 -0.0413303058488113 0.0585915446370679 -0.192640196184724
0.0105305180477158 -0.120256817881077 0.0415283184761628 -0.00452739305675168
-0.103177428670423 -0.0202264591495051 0.162357616986355 0.0510750043463021
-0.0767881685496194 0.0754731678516521 0.263946543187303 -0.159957533968792
0.00553153858850049 0.0898255128634646 0.150419315536128 -0.384106809610444
0.0607340134256432 0.0614862172529803 0.00253962904213318 -0.459007033388753
0.0842750393534493 0.0629397681611958 -0.0622894176127595 -0.45079270401432
0.0665075662272596 0.0770434964068378 -0.0316156114408682 -0.453177286311877
-0.00715239850284943 0.137303358577124 0.0968107368357576 -0.392535340397031
-0.101683665791276 0.107960823311486 0.214651038525366 -0.22473475528805
-0.150227205358527 -0.0376079879527952 0.128938283391953 -0.0669768238076868
-0.0126862067371132 -0.180386749114829 0.115377445199926 -0.238267361423311
0.155864388437082 -0.0680457379349468 0.372227313768576 -0.337467382231656
0.141974884859508 0.043973904707436 0.850043151715719 -0.170902971283426
0.309846976893751 -0.0406967343041024 0.36325149408985 -0.324343428466458
0.212216333284964 -0.183002773110344 0.0717301577200949 -0.158917578036698
-0.00980923851534938 -0.259647693116893 0.0375234797670932 -0.0246762526563001
-0.219206223326595 -0.0733666176318641 0.132039237462737 0.0377427948240675
-0.217109853149686 0.136891686614223 0.228541816107365 -0.117194343819027
-0.0787876244238437 0.233723979360251 0.162555844603646 -0.316902665257251
0.0564047183192233 0.225416500662551 0.0356270536283518 -0.399403996435512
0.108532121050694 0.232486598113149 -0.0300636210203244 -0.387173048281821
0.0724461305070071 0.257253368404153 -0.013039313619515 -0.369542431985703
-0.082865621960571 0.338277314009644 0.0684492222202836 -0.309319064206556
-0.297395142831622 0.233763170035944 0.133605401899795 -0.188605740440328
-0.382575258813971 -0.0857076518524002 0.0553497435824231 -0.0774228474844112
-0.131047070706279 -0.446238967458547 0.0775744426032685 -0.274606129170822
0.299360466226616 -0.365466890739596 0.348805444758397 -0.34628278090709
0.443483666775608 -0.12236727233169 0.762756368404017 -0.158968459504446
0.510119758311843 -0.132624186605687 0.208561132172749 -0.290718281878862
0.303152245920057 -0.335612884169973 0.0525282574292474 -0.0918568455826832
-0.0386247723688061 -0.406854722228464 0.0412618081886542 -0.0187618498405717
-0.34059588398846 -0.128333368204041 0.112831032232678 0.0135705985060992
-0.350341300436372 0.189828044113164 0.165407079273958 -0.0794829782970282
-0.160495786491929 0.359342294354139 0.143903120161619 -0.215526285458474
0.0415823318995287 0.363351740654794 0.0590801002998253 -0.285327631177164
0.117264938161603 0.365839234953853 0.0065948731583993 -0.266479807125985
0.0724288329942592 0.393200438381799 0.0100369185183493 -0.226165277197701
-0.136728844883213 0.492681169116471 0.0364758842832196 -0.170603909741092
-0.440166095229076 0.344097874372382 0.0326755988028669 -0.109866212164145
-0.566519016099406 -0.0884214505513632 -0.0395186355392844 -0.0660856483704555
-0.264739016655216 -0.626624823511751 0.0120264168483629 -0.275459108150471
0.363881576335594 -0.615186651623265 0.277713967323227 -0.317267508567864
0.656570905460579 -0.282941020819006 0.580571517793954 -0.106531554462697
0.658333213017158 -0.213057794358822 -0.0198302572070462 -0.229628675757284
0.372201770899845 -0.489169210592147 -0.0141272593481727 0.0161221694199124
-0.0892022775935477 -0.549535465761184 0.0390165704054779 0.0212300523191535
-0.461057473745275 -0.172666527748121 0.0883959064876494 -0.00538424536112727
-0.457953142055074 0.232750092301671 0.0732508425602557 -0.0322897835532912
-0.224015157117292 0.449189195758664 0.0954928713511342 -0.0766253550588799
0.0237436022451601 0.454803799985688 0.0721979855084793 -0.124676798072514
0.109600609670269 0.442517763378663 0.0425998405809664 -0.104932187138403
0.0609127190031019 0.464592332203439 0.0367183120538196 -0.051172316689327
-0.162757454546947 0.569116103516809 0.00974740314028438 -0.000241532292449813
-0.505284693892495 0.409010336995964 -0.0678470056027309 0.00349723356843624
-0.653427359954042 -0.062929894372588 -0.136028823369162 -0.0320491302954256
-0.362330340685978 -0.683693503164341 -0.0586095353778646 -0.232343778625221
0.350350486894716 -0.755385815722109 0.179438010293519 -0.238278344242517
0.746056073547752 -0.39195097551741 0.340060742565477 -0.0206666522314522
0.715566161689463 -0.270206272429751 -0.296953403995664 -0.136191942714159
0.389855641515021 -0.592311978346213 -0.12070575256213 0.157581062076616
-0.133094760010929 -0.628370696569453 0.021552727170511 0.0825878509523249
-0.525536510196535 -0.189026268465481 0.0403665674101466 -0.0144161407130727
-0.499252225100108 0.245402756677836 -0.0454589235997133 0.0335705461380604
-0.248742784752023 0.474255536693863 0.026609410198672 0.0892732227256748
0.00509625241753611 0.478801047949941 0.0759192192876475 0.0636953563345009
0.0854196111583848 0.450193077206741 0.0730201986811896 0.0726911479209895
0.0357242183937155 0.46148066365747 0.060354935175571 0.128239280651904
-0.169960661169378 0.548695022011686 -0.0100606279097396 0.167263489000359
-0.483812447624846 0.389933565220426 -0.149553264365301 0.12212268379182
-0.607329359117118 -0.0418009722412176 -0.211897824619651 0.00823953945424617
-0.362537989301596 -0.609180591294409 -0.108421701616462 -0.162462262157159
0.288746593918059 -0.733466117442092 0.0848433933116096 -0.128644435108509
0.702294630325823 -0.419384144940327 0.0890090502685322 0.0859327874681952
0.653526635235891 -0.282897302948731 -0.573910324178934 -0.0258978614164424
0.337424344458075 -0.581026076326689 -0.242721481438501 0.298930803923758
-0.148762946607828 -0.579912732259235 -0.0108377804934017 0.143261996823917
-0.477663559755493 -0.171213878950925 -0.027427636054497 -0.0134114445052569
-0.441486975292203 0.208755638676074 -0.166749685066826 0.103674571212575
-0.231083739033566 0.411940462711967 -0.0486023018685676 0.25306463342696
-0.0144743502957998 0.42055147228381 0.0684223725614885 0.248543449311623
0.0446706665927139 0.389364592833887 0.0921303217719232 0.238974325914689
0.00190276823995284 0.390308441159715 0.0721111376274191 0.281709224539117
-0.16090723250924 0.432488728219744 -0.0292035808454937 0.296969484349935
-0.391601349351174 0.287755946799028 -0.203730349715947 0.206506818171143
-0.444251431718208 -0.0427315491226411 -0.25026778715779 0.0279205636643197
-0.266587005112576 -0.438507192559366 -0.123684542964415 -0.0931434648875788
0.205466106038422 -0.572867748629992 0.013167867396688 -0.0275260731034003
0.550585672167028 -0.368854578395504 -0.12689436347657 0.182664122878479
0.467216239285359 -0.245534705447132 -0.791696625666198 0.0809581604368697
0.214601195613628 -0.442701789614755 -0.349717779859338 0.400304860667565
-0.127447083033656 -0.390800102146154 -0.0467281752262595 0.189688416684349
-0.315882866725717 -0.111109616102236 -0.0840572387844482 -0.00378426724599981
-0.293389563537155 0.126404811544907 -0.255008732360914 0.153841257523814
-0.169143232469642 0.270242208892045 -0.112920381223849 0.374862608103919
-0.0331519369694936 0.291700472942975 0.0547688174205113 0.396082005040269
-0.00393768054922179 0.269061744995343 0.0968306743231751 0.367848824645163
-0.0316402931555086 0.265644569423168 0.0675074766667 0.388270863997374
-0.128873795622036 0.262979080463453 -0.0531901643250281 0.368660806250429
-0.254721929201686 0.144764165147797 -0.230597022013385 0.239301682418091
-0.236385142445293 -0.0473019751337972 -0.247828089745365 0.0185369848094298
-0.136901189932625 -0.229352480234003 -0.110864355811357 -0.042323421977166
0.103287304221797 -0.348043550304934 -0.0316955643529474 0.0403032430385659
0.333066099316311 -0.267893078534187 -0.277700336730761 0.247180854048683
0.191827724683796 -0.162046248660308 -0.905822310658231 0.166638442814241
0.0459386612204694 -0.216703164607351 -0.414587479839369 0.454081370619097
-0.0815652118014684 -0.122552908303016 -0.0649767472071807 0.225931510646711
-0.0916700472440297 -0.0310684630683052 -0.101650115135579 0.0143123222002037
-0.0937930468204523 0.0215056033053338 -0.284708188914869 0.170996634585189
-0.0820119469944852 0.0825951603339842 -0.15353293083236 0.428262318998665
-0.0501105133069181 0.114037400112108 0.0361087075549328 0.477880003372929
-0.0513695664037078 0.111069269039164 0.0878387989341013 0.440790509991939
-0.0546583746418281 0.109778635258731 0.0453095023111777 0.439532429413952
-0.0744069552486759 0.0763726904052941 -0.0827502560316735 0.385605416262151
-0.100445612754911 0.0115848467543282 -0.234781671966294 0.228357057124534
-0.046024271636979 -0.0325094206931383 -0.217629556374197 -0.00516677100876539
-0.0364033337791605 -0.0305195630218881 -0.0876206242631915 -0.00843333041519736
-0.0113760144819366 -0.131453633991782 -0.0608423223796198 0.0751793766696349
0.0927701118856201 -0.15432727237922 -0.35767383605559 0.27494756885889
0.0923854318862567 0.0462784830161184 0.402926198242528 -0.368075186344345
0.107221102725275 -0.0493769917270277 0.0450039961148791 -0.194533885073321
-0.000975639099567916 -0.119778909569937 0.0400947171744982 -0.00932371217401382
-0.102702305467789 -0.0113479778477104 0.16472269329739 0.0344037844593212
-0.0688534319798251 0.0815372990820131 0.243229145943683 -0.180397005456228
0.012645647441642 0.0860193696318116 0.112890117528063 -0.390111248701145
0.0650779006128002 0.0539238128799804 -0.0342476944568628 -0.450536195983643
0.0878474931960499 0.0540522354351019 -0.0970501125151047 -0.438131390459783
0.0709619358739386 0.0702950760085689 -0.0667930458190476 -0.441769316682081
0.00553763184243781 0.136260996299076 0.0624130658990048 -0.392047687642217
-0.0892532360460721 0.114885321989574 0.190489790819087 -0.237137647031154
-0.149977291535303 -0.0242324523909039 0.120428853813571 -0.0774403941542335
-0.0291469362962987 -0.175682304564817 0.0907816789994066 -0.244459110460316
0.147348565404342 -0.079380547491902 0.339596470181712 -0.359614763590982
0.142493774049598 0.0313732613192544 0.820131052565626 -0.238331747060031
0.298080215232786 -0.0645364973727149 0.328763644480385 -0.351453873043476
0.192193483873103 -0.196193646103195 0.0625211091898442 -0.163072454896046
-0.0309001117567657 -0.253010896446832 0.0347207225735114 -0.0283225383695019
-0.220542248794123 -0.0537692458408735 0.13257790326199 0.0238445982001366
-0.200643482206517 0.154127254340276 0.212605207439965 -0.134760701642202
-0.0574696980052771 0.23564819328512 0.131694879597257 -0.325889115304047
0.0743168192789969 0.214647830271934 0.00197658287520034 -0.394736361693616
0.12509379070373 0.217761418288254 -0.0597683595395143 -0.378759305157182
0.0922805784444303 0.246420351062578 -0.0411244009159634 -0.360420755505635
-0.0511500018073667 0.341024846371688 0.0429738449847107 -0.306362757221061
-0.269804168499563 0.255550666008524 0.113057481927602 -0.193034306609085
-0.382325748851328 -0.0514879632094352 0.0480144603086832 -0.0806059911633533
-0.166721759276247 -0.424946442892016 0.0517365418186192 -0.277438741176937
0.262784465817709 -0.381640872568488 0.317229737241133 -0.367446338876237
0.424115474408221 -0.156298538522315 0.735478578340224 -0.220793177739816
0.485528992320586 -0.171426282823387 0.18212783213243 -0.305515517911763
0.268247724346516 -0.352854745727116 0.049318835560079 -0.0966586910649085
-0.0708576203544534 -0.394238523157095 0.0400190902070907 -0.0223251976902888
-0.342975625511288 -0.0985539020143077 0.11111433147907 0.00196305438785728
-0.326881001224596 0.217617330956197 0.154493682550915 -0.0907993707680878
-0.126517748435204 0.366619683305342 0.123041866248799 -0.223513810715269
0.072418277061582 0.351261704162657 0.0342298487811672 -0.284181435141778
0.144837752513585 0.348249352277468 -0.0141420352466028 -0.262722395038833
0.103369688207365 0.380461905423477 -0.00580643505917345 -0.223713011477371
-0.0892325450048895 0.495358171601415 0.023630684095012 -0.168095397091189
-0.400184626458511 0.376785612574208 0.0205733729619619 -0.104762898939042
-0.562447639569507 -0.0408398699821987 -0.0437451405115518 -0.060683911791202
-0.312110466903327 -0.591306606931948 -0.0111218943535042 -0.273363676608139
0.304543239477574 -0.632169811743315 0.249227479131026 -0.335408123715767
0.620033745617057 -0.330379143410709 0.562833816364111 -0.15648731481957
0.622286926745782 -0.264285765640697 -0.035201614131497 -0.22519569986816
0.322777043018324 -0.508637451195707 -0.00596788273694533 0.0144900089664418
-0.130528854332024 -0.528864666086467 0.0425951927769566 0.0178951134843437
-0.46423699891663 -0.131793413346529 0.0858070017851566 -0.0153129830533751
-0.426983412065078 0.268833519211957 0.0694046805231473 -0.0363476235308763
-0.179099323077725 0.460760932443059 0.0886017028071077 -0.0832935875647748
0.0620650891171581 0.442726078990939 0.0596417072112952 -0.127638878812551
0.142988965949441 0.423572851323504 0.0347961968959132 -0.107304739347463
0.0989888533281903 0.452014521701619 0.035489368183696 -0.0534509349218659
-0.110305727558019 0.57248593593077 0.0126640012062746 0.00094950776601041
-0.456852657061211 0.446235428129345 -0.0680724022541315 0.0160876511108188
-0.644967147330092 -0.00761198731610726 -0.13535075503613 -0.0184768654927924
-0.410744682137203 -0.637734730908486 -0.0762722363364638 -0.226514253043082
0.278694070812843 -0.766294895986737 0.159137603996292 -0.250682407318337
0.699178257282166 -0.445660671904128 0.333417529774097 -0.0541726909535753
0.676505932219539 -0.324835804030124 -0.298847312123131 -0.110869496274868
0.331223338108611 -0.61184727376228 -0.0990286618187318 0.162880404223727
-0.181537555980741 -0.603595413311117 0.0310358039832886 0.0807444946212727
-0.530673739877128 -0.144595748227983 0.0385433278437537 -0.0194678760320329
-0.467955584731182 0.284846906764013 -0.0404697169083855 0.0386730632729558
-0.202922200178726 0.487131468224375 0.0362677937653046 0.086077562995863
0.0453107029245254 0.468380302682065 0.0777365718507169 0.0565837426141618
0.119592869768559 0.433858634576281 0.0786265352540567 0.0649008858015922
0.0726652258109807 0.449956277795738 0.0732646846292175 0.120808975582321
-0.119022258756098 0.551409755030806 0.00806225384391727 0.166491531240524
-0.43869819138537 0.425915794249281 -0.137255451999088 0.138904595763189
-0.597886719276846 0.00921492059725428 -0.206144145603942 0.0273729231559446
-0.405066978123447 -0.565342164210674 -0.118100366853221 -0.152483386549839
0.220200692783106 -0.740620258307691 0.0747755980827494 -0.135778381639547
0.651967465925157 -0.467430814317339 0.0955137956067852 0.0724311843587065
0.61401094886905 -0.331275799218757 -0.561600259656901 0.0215072175126305
0.283568183360192 -0.596418357279342 -0.209006588974899 0.312237962989091
-0.191535862488787 -0.553174782411255 0.00513895185730911 0.142889531129604
-0.482262112803432 -0.129424694548994 -0.0276403593319866 -0.0129572000664102
-0.415712839167599 0.242618636515432 -0.152815196926336 0.117759190128193
-0.189375545386524 0.424771375978112 -0.0238110555031805 0.252803200368128
0.0221525960794089 0.414015625616278 0.0865702890791471 0.238352098843612
0.0743585243138059 0.377210151704234 0.110962400135455 0.226374939051415
0.0332386746108982 0.382476395370443 0.0978804542268719 0.269590715011154
-0.119883190935287 0.439645112091786 0.000131925715062302 0.293548189363556
-0.356769383101025 0.317711658693377 -0.18259625121035 0.22523722926863
-0.438645244347494 -0.00582969508959139 -0.242210771447989 0.050078995268749
-0.294485350955292 -0.405959294418467 -0.126990813085721 -0.0828974417183182
0.149438476833002 -0.576320700558773 0.0115276955879961 -0.0307532066544035
0.509242902948616 -0.40477023739811 -0.108050953112332 0.186048343931397
0.436185037061175 -0.279266115558194 -0.766787221887061 0.145016870920361
0.174075363328721 -0.4508251354551 -0.3075332712918 0.421866766237777
-0.156159509458157 -0.370566074860914 -0.0263474113588125 0.191590111346112
-0.318891128845491 -0.0835544249245287 -0.0818658678719963 0.00264796210344127
-0.276879730563554 0.14859781035432 -0.234327914469419 0.174282055255103
-0.142760025508364 0.281171451790027 -0.0757433263318648 0.377395676020758
-0.00722513196150186 0.289912712561162 0.0857460042190329 0.383717400856749
0.0176765545809948 0.264883344770348 0.126191227980691 0.352144033118013
-0.00884242884218455 0.263296694503387 0.100262350188753 0.375156418909352
-0.103637248714147 0.268524367269032 -0.0183324040529257 0.364962148809852
-0.236896772159504 0.165690228570567 -0.204756118917646 0.258124323771115
-0.235712092784722 -0.0276666771984305 -0.24145566202497 0.0412262990558829
-0.150110909591292 -0.211820401957639 -0.109870949276175 -0.0344810957848117
0.0692130376894135 -0.347664512692014 -0.0277299394473709 0.0393408574445775
0.304793835069723 -0.287943177636458 -0.250717937668254 0.262895016492374
0.175125207598181 -0.17424126735837 -0.874064327636738 0.239619519915876
0.0280091499920869 -0.215755126494492 -0.371322577797648 0.480278841760383
-0.0884904998159978 -0.112627835195663 -0.0426442218776738 0.229333848714212
-0.0927944243647581 -0.0237926103709684 -0.0970964075528883 0.0219385839323688
-0.0904700613297179 0.029276873294221 -0.262894876382107 0.192109942980941
-0.0734545435544719 0.0896032627359576 -0.11102317656999 0.434656856087907
-0.0397383312464069 0.118099314273186 0.0743157277136992 0.465512826524977
-0.0415987067077774 0.114518017961392 0.122413331523554 0.42538557773543
-0.0452280039879602 0.112143359570005 0.0821862807783595 0.427539986659898
-0.0675744424187239 0.0808714187821447 -0.0468186499328331 0.383809504017666
-0.0980611790130437 0.0217882240176176 -0.209094392076916 0.245655534049008
-0.0478830034713385 -0.0283821725838076 -0.213899939277001 0.0147156990557657
-0.0358599622486265 -0.0262697391302853 -0.0841790036715513 -0.00200087137332545
-0.0237662324916553 -0.125672434915162 -0.0548247989483972 0.0762561106421876
0.0780883741149792 -0.156775298222183 -0.327180665346554 0.297479295744182
0.0898356401754914 0.0416170913955112 0.369231222795277 -0.372500275114642
0.0997756934713937 -0.0504496611764514 0.0372514727814903 -0.189648067068407
-0.00711768538276305 -0.114891264272584 0.0372611512545233 -0.0112952359249447
-0.0993764603296998 -0.00641051857881194 0.15906801527132 0.0236051619080919
-0.0615574816821495 0.0826097339999998 0.222655816995553 -0.184646287670022
0.0152508787626605 0.0810338184448163 0.087145912242101 -0.379777596902044
0.0644589706531319 0.0475206004258561 -0.0514568717617742 -0.431282521254964
0.0860637708328133 0.0463289372404844 -0.110450251734162 -0.416067389054402
0.0707932373792221 0.0644605974834311 -0.083118310752713 -0.419866937133926
0.0136354299694819 0.130579074141474 0.0426928192236929 -0.376717508274621
-0.078770016350377 0.114023845106168 0.170509068952242 -0.234584273397514
-0.144099894143623 -0.0166004808295166 0.111425877064556 -0.0798193302453949
-0.0364642933453398 -0.166349759962815 0.0744907313369106 -0.238080289380227
0.138081170078148 -0.0825852296201449 0.312188618819385 -0.357194705081221
0.136035209591216 0.0235710747110146 0.774900382057336 -0.263401521072088
0.27983900788684 -0.0731791406696928 0.300824361563016 -0.352691011983715
0.174610306862569 -0.194044210898797 0.0562120845281163 -0.161006777586389
-0.0410745307636541 -0.240291549928655 0.0318593180174758 -0.0296268618171971
-0.212438353870851 -0.0426557499504252 0.127625758136679 0.0149051669792049
-0.18461682850971 0.158145716702695 0.194746222917506 -0.137831214390706
-0.0444026607038579 0.227561993335196 0.109370580695779 -0.317980904164933
0.0806005000547238 0.200371311316407 -0.0155555134349248 -0.378144714733442
0.128762901277768 0.201769338460526 -0.0723183128125103 -0.361183202639838
0.0985640783212464 0.231810706038654 -0.0533354539670389 -0.344366504126447
-0.0325614239089285 0.328908107494341 0.0293240440890689 -0.293482560486184
-0.244641863793066 0.257243646149369 0.097939116284954 -0.185939850368227
-0.367608149997317 -0.0333306448530393 0.0422683915614181 -0.0799366866397208
-0.178329135901643 -0.398619921215476 0.0363294450460935 -0.269620882087591
0.235750479113619 -0.376647705163416 0.291494499583207 -0.362872576213257
0.398009976277641 -0.167896776680692 0.696224967342851 -0.244309875686161
0.451232846503659 -0.184078275425256 0.162348618986495 -0.302347410965956
0.239658822378478 -0.344941176060662 0.0482101577700857 -0.0971252316192754
-0.0837785531554564 -0.371836856186516 0.0385323531904873 -0.0238968784439207
-0.331672033496437 -0.0805003849126535 0.105935344212564 -0.00537188211101613
-0.302001840836389 0.225060651389727 0.14353493416798 -0.0932496593650808
-0.103329764912753 0.356116792114967 0.10672847376461 -0.220136179459212
0.0847902453568596 0.331820312600784 0.0202739757582833 -0.273461643524071
0.152950555771279 0.325505869704166 -0.0236193971187606 -0.251969733935217
0.11522810637566 0.360512979656333 -0.0119230442268198 -0.214061009495003
-0.0626722622699977 0.479404808715386 0.0189175189129422 -0.15993042586003
-0.362633019722778 0.381246805950321 0.0137461070922464 -0.0956266239491169
-0.540082858687795 -0.0138871896328537 -0.0441473290719135 -0.0563566694972087
-0.322959813259341 -0.549437001553925 -0.0231683386423367 -0.263658886780641
0.262356418618292 -0.616951742871471 0.228167180173146 -0.3314071347246
0.578414404218826 -0.341927957901537 0.5317497256659 -0.177142523190149
0.578713614200301 -0.278788593623936 -0.0406343251873443 -0.216192310600461
0.285859730135511 -0.49762743689582 0.000634523853195072 0.0106371587464675
-0.146092660805633 -0.498620800222894 0.0434991827151994 0.0152229665036747
-0.447368162919804 -0.107269988897366 0.0812763459226627 -0.0208938088675675
-0.395507826407154 0.277872295347501 0.0649480250759504 -0.0361934654000378
-0.150087262757173 0.449694964109142 0.0823330451227785 -0.084041450506889
0.0802311881128565 0.420015761027476 0.0517883976602215 -0.124029111434902
0.153727197778492 0.397834718027555 0.0299388312630843 -0.105207000671111
0.113883953193767 0.427537493100603 0.035198321230617 -0.0532157517207608
-0.0788812488482997 0.553890415931974 0.0160507959595415 0.00162867705877663
-0.413669188834037 0.45014349680192 -0.0651963982242355 0.0249963507509889
-0.616548887666778 0.0193003641781121 -0.12966428473858 -0.0110810143072256
-0.418440402099758 -0.591203712707662 -0.0819693824125439 -0.216165737255713
0.22974156051928 -0.742081416144963 0.14470858197219 -0.248810237691308
0.64747682013906 -0.454276163280551 0.316717045641167 -0.0687410649616107
0.62691042442788 -0.338875891286566 -0.287016400977452 -0.0948714023508668
0.290303182070068 -0.596825582806832 -0.0822282292356085 0.156694086473008
-0.197044327185835 -0.567024333506993 0.0365583653539126 0.0759804844922704
-0.511047814633206 -0.11498546445639 0.0358331861841831 -0.0231442633302126
-0.433127530512822 0.295412980280617 -0.0350256353403918 0.0397431031668486
-0.169873079098417 0.47649159703108 0.0411792818626614 0.080601080361691
0.0650146704462401 0.444146998282429 0.076561817802847 0.0518084853421425
0.131602317343304 0.409475427627462 0.0786950288756637 0.0580134705924605
0.0889962917271047 0.428413611918747 0.0790885463303722 0.111687208320426
-0.088203672983305 0.534038245591671 0.0189807025996722 0.159335515831045
-0.396100963065497 0.429904869542631 -0.125175734046903 0.145805993793357
-0.569198123534509 0.0319233381369182 -0.1953245341681 0.0368181298294702
-0.407383575606924 -0.520469994409399 -0.117945960695876 -0.144047261154294
0.176499039929601 -0.715248802704332 0.0660143671098063 -0.136632528512815
0.603784726519831 -0.473664048062468 0.0944552468859432 0.0605297403055533
0.567910333993142 -0.342461011553838 -0.531947365307767 0.0428336847209581
0.246209334765982 -0.581729218703773 -0.18263462137638 0.305143974581257
-0.204838910583635 -0.520321155330176 0.0140289913218343 0.137857650494099
-0.467014230506538 -0.102734916046845 -0.026607020158359 -0.0128460802997468
-0.386094576694998 0.251547871920004 -0.138263835155602 0.12043441749319
-0.159788441044113 0.417817441576246 -0.00668209396212367 0.243198737723384
0.040019031554216 0.394978911037806 0.0932730833495271 0.225001335827445
0.086317964458169 0.357793930656649 0.115857346022552 0.211811775214246
0.048851707351355 0.36518243041999 0.108043030082624 0.252485608779012
-0.0944205457724012 0.425934558894437 0.0164491311272916 0.280654464544886
-0.326002903230256 0.323529834748618 -0.162919999411932 0.230438786324616
-0.420031992664768 0.0127123924095972 -0.228302793126231 0.0602768228125053
-0.296781297041068 -0.37409150715267 -0.123152039670636 -0.076866173784924
0.114623463254969 -0.553289521482607 0.010072050225702 -0.0337728432441601
0.468503850298445 -0.406151871433732 -0.0949682373141815 0.178487009433195
0.403389097617591 -0.285006525105703 -0.724451924192652 0.170100693483963
0.147830669649347 -0.439498449173588 -0.274164512397693 0.416763005697865
-0.161283067949398 -0.348373022509095 -0.0138556155211243 0.185833255176368
-0.308643507117947 -0.0670836962942284 -0.0771936340806612 0.00429676095197562
-0.25848495662653 0.155700648117357 -0.213333799739961 0.178126285439347
-0.12176927317877 0.277758751674727 -0.0509656535890103 0.365069154291892
0.0062892245959543 0.278215315746302 0.0980676276952677 0.363613280590344
0.0276620843637109 0.254238035558363 0.13525691630658 0.331620547392782
0.002320078015284 0.252440219292527 0.114398698961531 0.353512583391102
-0.0877852241028632 0.261722597142272 0.00110536452885855 0.35029491480486
-0.217757184473674 0.171792252264557 -0.1824827590982 0.259673223249329
-0.226247246902691 -0.0164203452307855 -0.228946605410461 0.0513901802550617
-0.149958422516885 -0.195611316781924 -0.104057638601011 -0.0305477051639853
0.0488627976208311 -0.332028435010852 -0.0262017029258469 0.0353540356355815
0.279735777355742 -0.286401984423701 -0.227361663230285 0.259169115663672
0.159306489027358 -0.173739850013416 -0.822979345604866 0.265368654178297
0.0184568571045928 -0.208252043549124 -0.333796117323064 0.476156699822131
-0.0875641603135925 -0.103708601669828 -0.0277860090940842 0.222324473421699
-0.0901849318761999 -0.0191073744474768 -0.0906066948439026 0.0248111512491433
-0.0856667450379765 0.0315741924670761 -0.240718897276609 0.195891683423438
-0.0654239863786355 0.0909386652602407 -0.0838137778063112 0.420779800445292
-0.0326371615657852 0.116338814007428 0.0904440098474021 0.443234283950895
-0.0355849524528052 0.113253028718705 0.135048643509831 0.402013522658394
-0.0384737628850676 0.108907765274847 0.0982326341273935 0.405109040003513
-0.061848152272429 0.079689162684574 -0.025783454151356 0.369307178510743
-0.0922244961471081 0.0265700850752769 -0.186983827580029 0.246383242082813
-0.0477120433304619 -0.0246952860671231 -0.203347995832204 0.0257410295833915
-0.0333851162880503 -0.0236872613261716 -0.0776465886008237 0.000563481144914695
-0.0298405877649426 -0.117064418417825 -0.0509611752719246 0.0732300451137611
0.0696856923224807 -0.150718057957919 -0.298676759109043 0.297755058863439
0.086920644870979 0.0411017784071996 0.354556335910484 -0.364283748723473
0.0971450192639293 -0.0480890002364453 0.0370865618888923 -0.18567284685222
-0.00858002311197539 -0.111569727565812 0.0357834590392784 -0.0120412737230223
-0.0961116302139003 -0.00567006659192619 0.155097565647644 0.0196204621850755
-0.0588956188091915 0.0818803098470791 0.211984675944368 -0.180503390914799
0.0143635695080897 0.0772343441512996 0.0791100244102437 -0.370231392306576
0.0626515263124112 0.0444505918826854 -0.0529250801682924 -0.420150728246238
0.0841710106225511 0.0441308124481127 -0.108237515074031 -0.405514953931111
0.069279763445705 0.0624343961186179 -0.0816561598834428 -0.40834788110038
0.0154290611194177 0.127425364442018 0.040203846115068 -0.36555148527693
-0.0746081249748392 0.110715455263886 0.163749880018144 -0.227531944109939
-0.14004847370474 -0.0155790696130175 0.107482356794324 -0.0788759694982108
-0.0364863855433536 -0.159513387812815 0.0688430113670466 -0.232665528491248
0.13436260557148 -0.0808164365873202 0.304651542823005 -0.346700151778222
0.131091124927054 0.0224986540568039 0.749864351403806 -0.257972198219119
0.268118504968508 -0.0709111527102872 0.289215728179666 -0.345937630382013
0.167960380837266 -0.187276849420902 0.0570936426659534 -0.159104041171172
-0.0404117625091491 -0.232296242522216 0.0310469683321957 -0.0286327246357648
-0.206116270032267 -0.0405909940049689 0.123381485327296 0.0109600843023291
-0.177035903527699 0.156787208451077 0.187150089741666 -0.13500666773043
-0.0412157035679934 0.221380998856601 0.102454184986547 -0.31100479151543
0.0795110058763095 0.19307276017514 -0.0164530449805447 -0.36875387704402
0.125972373854999 0.194960363401501 -0.0710510863123957 -0.352559593626936
0.0967244025195671 0.225955161754893 -0.0509472043711819 -0.334316090669457
-0.0281371455396768 0.320154625491637 0.0291143647503705 -0.284621173589318
-0.234041801588749 0.252275868421346 0.0933395626763563 -0.177327653106202
-0.356983646302548 -0.0309805635993919 0.0404086907646255 -0.0777738079494037
-0.17460594973645 -0.384009028044307 0.0337446737907145 -0.26372581004866
0.226644626578518 -0.366612244439712 0.286744367813823 -0.353709079470542
0.385634449110265 -0.163809333592458 0.673937127246965 -0.244725921187757
0.432961816513702 -0.177768942822978 0.156882856356424 -0.29706407380131
0.231873456113639 -0.335468699955864 0.0504194003652159 -0.0984919245034895
-0.0808798310498935 -0.360053162346321 0.0379822770112291 -0.022880233730887
-0.321732908665901 -0.0774814399569499 0.102398096389521 -0.00890591042434675
-0.290161242385261 0.221425682383158 0.137499092574281 -0.091220209574958
-0.0977734989543642 0.348240781666831 0.102430084857777 -0.215562074784578
0.0841355701275408 0.32098191545283 0.0175304065587872 -0.266665980740712
0.148994362252007 0.315062921105586 -0.0224656629247532 -0.246138021250554
0.113921874606566 0.349933225979473 -0.00962413863607751 -0.208856907301809
-0.0573046628614685 0.46772298656142 0.0200459851545106 -0.155103863786055
-0.347066876430419 0.3717468419316 0.012352593310731 -0.0874342425272298
-0.524877658560377 -0.0126192409113906 -0.0428675966083292 -0.0547213779170824
-0.314785268891122 -0.53250059940593 -0.0235031872057753 -0.258433496128106
0.252968417863176 -0.599120866726478 0.222723841982952 -0.324681098788047
0.562256935198543 -0.334212674594554 0.514781977565009 -0.179115273267007
0.553636719532343 -0.270544659487783 -0.0372196900135116 -0.211979648575241
0.274290585821397 -0.482151661499286 0.00558209132471945 0.00615323420340462
-0.140411049596726 -0.482149806032605 0.0441430948426035 0.0146515779252566
-0.434840875465377 -0.103231135616568 0.0783975107228493 -0.0239155912772984
-0.380459957237258 0.273504834881852 0.0637686017818213 -0.0356186094854036
-0.140886278504833 0.438957512976351 0.0808868455262096 -0.0831940822161463
0.0789414377231789 0.406917744616127 0.0488634851968866 -0.120578540384747
0.150855802154101 0.384899426141025 0.0297111600503638 -0.103096219028307
0.111724741644663 0.416416890026823 0.03784695393482 -0.0525603202758545
-0.0710445197669102 0.540052125415522 0.0190753181106431 0.00222718880193178
-0.397231616878578 0.441407196719752 -0.0631168945268673 0.0321342465564145
-0.598702141988061 0.0196135586024481 -0.125049286199447 -0.00990343015723147
-0.406069820283877 -0.571808163763566 -0.0798819534355527 -0.213085858713389
0.221503373623611 -0.720007692297289 0.141184335505343 -0.244778448255536
0.627603985079002 -0.442427749369967 0.305772061390365 -0.0742761919599816
0.600637866388117 -0.329010763100201 -0.274835885551098 -0.0938486127459229
0.278989048295243 -0.57901376304784 -0.0742187430597465 0.148681707133043
-0.189543120282929 -0.549120507796383 0.0385082316797075 0.0741140738296251
-0.496807691890262 -0.110037861954233 0.0348779615072637 -0.0256052458979079
-0.417650178041384 0.291061430800732 -0.031509525040557 0.038834967713732
-0.159247861683596 0.465810965678119 0.0433052118489515 0.0769297950713136
0.0652366169708105 0.431336391571644 0.0742681135118809 0.0497386707383672
0.127220060448025 0.396661090074473 0.0775492341836326 0.0549145177565305
0.0874219724144747 0.416091178690835 0.0808737737215468 0.106281741898129
-0.0809582709394897 0.520202129339007 0.0236099778707911 0.155253412680234
-0.37922316351419 0.420531709405147 -0.119276234513438 0.149754243928367
-0.553689909267371 0.0331130094278273 -0.188722304947206 0.0378409705629227
-0.396326158965123 -0.503024525790169 -0.114360062940452 -0.143271000193008
0.166981426136445 -0.690426838158948 0.0642194364866394 -0.136876833901636
0.58488036544953 -0.462047355787202 0.0910357142802608 0.0537618255164362
0.546228071812602 -0.331646575928091 -0.512484395044574 0.0414389063926174
0.235584224563318 -0.563570850941402 -0.171301832871651 0.293402372174565
-0.197428122865392 -0.503145277969669 0.0180277678305751 0.13369612401753
-0.454142165592893 -0.0998343282023943 -0.0252102710443181 -0.0146639819285506
-0.374431716837011 0.248350235055715 -0.130495602536382 0.117233731304755
-0.151688540962654 0.408830793658173 -0.00119265013661261 0.234918338382032
0.0405790618156736 0.383597679617519 0.0909446884722937 0.21854025463734
0.0838704098154954 0.347557008043822 0.113648285226743 0.20464445847564
0.0487844889072053 0.354514933002559 0.109080404274799 0.244413324621155
-0.0885027026325405 0.415695335143806 0.0213063709518165 0.272949013163588
-0.311549994798863 0.316593331874184 -0.155189592105443 0.229633692414787
-0.406885590804835 0.0123845815722613 -0.22106097912398 0.0612607915897504
-0.286303788180444 -0.361065587443398 -0.118060813846452 -0.0776605128278155
0.107549761844579 -0.535677789136075 0.00875736805337048 -0.0368936081066024
0.456228929981057 -0.394984157516481 -0.0916326489349511 0.17021825299148
0.38938295089253 -0.277473983139603 -0.701197947633329 0.167227176630186
0.142156096186394 -0.426881500066964 -0.26199697741141 0.404771423413999
-0.155859834823761 -0.337349854750369 -0.00953335584918136 0.18118423114482
-0.299924015663843 -0.0639571584824272 -0.0743173221309303 0.00296502070781973
-0.250622893003924 0.153622949869088 -0.203637932353778 0.173025023747413
-0.114856159688178 0.271689317190688 -0.0435362485935558 0.354045888908532
0.00751380061294519 0.270995826957404 0.0968053025000024 0.353602210112229
0.0273067847008908 0.24759075208799 0.132803458171357 0.32203094173584
0.00247015762417958 0.245239649521482 0.114582559794616 0.342666592732825
-0.0840039457180971 0.254936273584677 0.00599260900538947 0.339383512377839
-0.208675465587918 0.169635878821297 -0.173413503204728 0.256711761676642
-0.220181034339865 -0.0154652330810257 -0.220948459036013 0.0537105507029827
-0.144021151730743 -0.189007302941415 -0.0991444877755893 -0.03163829631443
0.0445595067465065 -0.318911882514884 -0.0273646149398766 0.0308583486486473
0.271912167559086 -0.277595101825119 -0.219198074346598 0.250928783295116
0.153392564554996 -0.169101134266782 -0.79761608986495 0.2629600914705
0.0172688774912918 -0.203269467808031 -0.322140812821577 0.466481107967037
-0.0832869421066544 -0.100612974229368 -0.0234191426672731 0.216944886139607
-0.0881385401224703 -0.0187551182216557 -0.0871389744266461 0.0233005238765164
-0.0839664845090675 0.0312576508312995 -0.23038146411 0.190490860238028
-0.0619226359656879 0.0898752538298888 -0.0748250961732274 0.408901161791131
-0.0307517271844188 0.114493541843904 0.0906331495502412 0.430406164685848
-0.0345822706635407 0.111647182204811 0.131424657586294 0.391746374339919
-0.0376725037826774 0.105463508832166 0.0974134608533837 0.393497225870816
-0.0606594168894306 0.0776848015634154 -0.0214348840295725 0.358065156120455
-0.0893557636732093 0.0280914915028136 -0.177867867913197 0.242131187306814
-0.0464966953240257 -0.0238449443910359 -0.197218799519157 0.0280820997104857
-0.0309560015613161 -0.0237441685654801 -0.0732707748479017 -0.00109081116930762
-0.0302743254390178 -0.11134303813203 -0.0523671922834635 0.0686726260314581
0.068735231353412 -0.145366304016303 -0.28728439397688 0.289915891342908
0.0791411722368123 0.0545911093048163 0.395247182911486 -0.315017491930586
0.104085239507136 -0.0306464745499862 0.0624568679161176 -0.177061366346907
0.00685059690472912 -0.112107195677813 0.0435992418001146 -0.00389086412449062
-0.0938862022085165 -0.0202293044860826 0.154569676381006 0.0350566607741361
-0.0693800999409058 0.0721336231470866 0.232664507768888 -0.156190046773377
-1.2543376938397E-05 0.0789193455506144 0.125008048446926 -0.362062579994415
0.0535278020085714 0.0516957637859609 -0.000721146810905023 -0.430715241539601
0.0745612525099552 0.0544702213937794 -0.0441099910876048 -0.42148966953066
0.0539893880248677 0.0701017341657062 -0.0170218349071334 -0.419970496976709
-0.00506576223815844 0.125491429070412 0.0992491979592551 -0.356010768891801
-0.0903558419376266 0.093636899941132 0.19954038561342 -0.199686807529039
-0.136690247727958 -0.0406288353798956 0.121385751705748 -0.0613524274100127
-0.0145798169270067 -0.165495477214266 0.100803740729659 -0.218989347477725
0.142405709383716 -0.0636037245507133 0.360230220789225 -0.297012320104716
0.122969828542237 0.033707500563796 0.79686077284883 -0.139255869645619
0.271470912902866 -0.031799301493599 0.328577037650628 -0.288676263951483
0.195105295486035 -0.157064571682111 0.0839806874248183 -0.141644417412842
-0.00561555302128788 -0.235174125039013 0.0491968736169996 -0.0187508650245062
-0.195160845117441 -0.0733290336415623 0.129250670234037 0.0210792144880338
-0.196716783117827 0.126147800563655 0.206853786774815 -0.118989594779467
-0.0762798457423542 0.21374464125805 0.139175967574963 -0.306720801027383
0.0470829782845284 0.203173085808387 0.0305760624593991 -0.377537008407938
0.0922902619320161 0.210182113759306 -0.0144852132193068 -0.361425677857303
0.0565037406884663 0.235323297532502 0.00474207184935174 -0.342472277524973
-0.0767567512197608 0.308938895790436 0.0802499180075388 -0.276773127750053
-0.267876326542111 0.207569020338111 0.125408268928647 -0.1560719952039
-0.348329268565968 -0.0907342851043562 0.0563625870518814 -0.0687405801528738
-0.115242156809769 -0.407451494916545 0.0676822283687197 -0.252741342101231
0.279795544134579 -0.327229468873191 0.333395670168527 -0.309750677424204
0.404659120370422 -0.107879039121188 0.712641970196781 -0.137020447436837
0.447659004594533 -0.115758864927117 0.191671498689667 -0.242982593770969
0.27932466024202 -0.293540241959908 0.0742487785440826 -0.0755704223863222
-0.0264755295180926 -0.365033269472411 0.0644267697891333 -0.00971337939651037
-0.302192323034488 -0.128278394059849 0.116302342620356 -0.00286480716763559
-0.31804133845494 0.170596703735464 0.157248972918336 -0.0857822306904668
-0.149442529980171 0.330464764777317 0.125856655091164 -0.216927325199735
0.0325188894130778 0.331626058778788 0.05258377150914 -0.273041007062858
0.0969962641122715 0.33425967410911 0.0164606499378693 -0.248753348652404
0.0552442412765493 0.36034305654439 0.0282202082203047 -0.211383011820839
-0.125704368519877 0.450700239728973 0.0555825821217848 -0.148466501702668
-0.396649501522635 0.30985463406666 0.0331727437904296 -0.075569030085492
-0.516550673142182 -0.0988697309139099 -0.0279070978580771 -0.0560875858180577
-0.230061573437036 -0.571886407496598 0.00998939902569142 -0.254324677701765
0.340724538469237 -0.549904749017043 0.258128727642229 -0.289172602701278
0.608622321989684 -0.246621384548863 0.537792033287373 -0.100499264484203
0.578680219239792 -0.190947134462386 -0.01043499737594 -0.173013863971587
0.342787718244319 -0.433832187673631 0.0201461478228049 0.0289573267309014
-0.0661505951879945 -0.494519570838807 0.0749568828560207 0.0304618450123436
-0.408776851469104 -0.171905858402441 0.100458114792048 -0.0222758660166459
-0.415376346167009 0.207359010255194 0.0802978583947517 -0.0448220654726273
-0.20478940960145 0.413748346873822 0.0866221093195158 -0.0929747761335586
0.015624553311919 0.417292639169615 0.0653029619009458 -0.12429298611641
0.0885535237844328 0.405378782945122 0.0452291612155361 -0.097781046696959
0.0447194117195528 0.425628806528103 0.0526832027018961 -0.0481512108079253
-0.149794509602788 0.518669827138946 0.0322758428147858 0.00784674913832008
-0.45236440366001 0.370987574320565 -0.0581333205121478 0.0332528943778237
-0.594196699465783 -0.0774550819172042 -0.116355724149142 -0.0229802926887183
-0.313641158580409 -0.623952457430958 -0.0524923291981879 -0.216030688362461
0.32885474540551 -0.671180576695059 0.15931467021751 -0.222415582242301
0.693038945547992 -0.336571433208894 0.308907528427706 -0.0291473965820888
0.634081996714794 -0.243320005268656 -0.259808323096066 -0.0801795241409878
0.360606263872325 -0.529191400965183 -0.0752100832719679 0.163591091454442
-0.106710781946114 -0.569609418944047 0.0669921150632516 0.0896988895793563
-0.468803631008312 -0.190249033563211 0.060483968820274 -0.0304104921170447
-0.454686882740331 0.216442462890478 -0.021755497586318 0.0147398465804083
-0.226865423808529 0.435972435245297 0.0277671406772365 0.0602060475955232
-0.00172497712551008 0.440396397196601 0.0686816555374258 0.0498225520881462
0.0634111083323944 0.41353907652271 0.0675023939242384 0.0672034263519873
0.0235556738478467 0.421676585054432 0.0710730017710691 0.117749521372985
-0.157676675146159 0.499396208102357 0.0134401223992238 0.159976029278686
-0.431764539354615 0.356596757252925 -0.132950169102514 0.142022176323448
-0.550538370703915 -0.0546740620026212 -0.187183792835214 0.0139975928347331
-0.313462588201552 -0.552858124794729 -0.0955673813068479 -0.153889170166833
0.270106544241175 -0.649314689435831 0.0661753789179658 -0.126783654767152
0.655482903665684 -0.360304191184769 0.0724971010321381 0.0643667532782075
0.581487311720423 -0.254601521024381 -0.511691367704785 0.020022425793436
0.315799248814033 -0.523455577401549 -0.193174829859408 0.295439854690049
-0.119268011327656 -0.52711924318529 0.0358419902517413 0.145081823923984
-0.429393848029488 -0.171199193619306 -0.00230317339912808 -0.0266932342788408
-0.406901470887953 0.182556143923343 -0.130289160073588 0.0816061306729045
-0.208149931752041 0.381249064410953 -0.0362693200165196 0.214106151876052
-0.0190996377853111 0.389843343990326 0.0640640480801735 0.221982022086854
0.0273672039471087 0.360168416218832 0.0800691405927454 0.221284630012545
-0.00621801518604647 0.355942709493408 0.0769477575947421 0.259872881942616
-0.148318863337629 0.395425100744102 -0.00899967319619395 0.276968888820211
-0.348007720673017 0.266534622761138 -0.181807419853708 0.214328648542391
-0.402136559772123 -0.0501374972555646 -0.224851504796053 0.032048809537455
-0.22702006197934 -0.3963780857284 -0.10757232997926 -0.0917369918079587
0.188590974025215 -0.505615965372731 -0.00266626530542229 -0.0370643683252171
0.517535249599006 -0.312310649838872 -0.127779857316818 0.152749193928959
0.420853102049112 -0.222870268836231 -0.712973001842871 0.110021860196853
0.20361843759212 -0.40240044421653 -0.302937409617827 0.387487991318698
-0.103017484393546 -0.357414072088916 -0.00874232315313207 0.185086899822746
-0.284758578832214 -0.11296879449471 -0.0596105957635809 -0.0123443709808921
-0.271342334525955 0.108724053078706 -0.214502619358722 0.132657588271195
-0.151365408018932 0.251227866940428 -0.0928563952861974 0.332841723293589
-0.032531282213033 0.273698130410532 0.051874865784261 0.361465019150408
-0.0130488486163984 0.252520957760046 0.0805759464299921 0.342395125863768
-0.0327526926567348 0.243174507154158 0.0658854514219263 0.359053170499573
-0.118892374220553 0.239956462300503 -0.0384368245618628 0.340240404182446
-0.227005203269329 0.138237549318842 -0.206885796932193 0.235856090421099
-0.214159915161104 -0.0481801421033722 -0.226677720535248 0.0237156674419353
-0.112647975948201 -0.206755263954746 -0.0943022294484339 -0.0462011731250289
0.0929341233289141 -0.303069246250609 -0.043186077108018 0.0252568334171338
0.318016651765449 -0.224908713781476 -0.265692604705608 0.21421106043192
0.176535335904963 -0.147926522900415 -0.823844675049438 0.171235193184743
0.0468651421474436 -0.201430006479735 -0.379941973957597 0.431258412292391
-0.0665233566419041 -0.112769621768233 -0.0433149272440334 0.214413085790383
-0.0845300879792063 -0.0342875411483554 -0.0835242846067731 0.00981114778841792
-0.0891962392939797 0.0154459954872885 -0.249158390556228 0.153291039869773
-0.0717837112848491 0.0785954104956697 -0.129110451474667 0.393074695639291
-0.0463708390277326 0.111990566751702 0.0364605593820632 0.441149257983785
-0.050820473784432 0.108899453134609 0.0690493086256022 0.411359179118151
-0.0501898947093224 0.100171681566074 0.0385346892412311 0.408133945013438
-0.0701427054652632 0.0687243263433965 -0.0724254947374714 0.35453420866039
-0.0897857232677405 0.0184944957548298 -0.211356567294499 0.216729311082342
-0.0423607935575434 -0.0276119375761407 -0.20178540053079 0.000174397961113627
-0.0269764250755915 -0.0271431350366969 -0.0708018406794086 -0.0140248588427637
-0.0125185326227381 -0.111057964863595 -0.0683722732047702 0.0595537873813258
0.0963221903281112 -0.127080357502442 -0.336626418332326 0.245265060586099
0.0814764246153254 0.0571233375253853 0.40315161519339 -0.329768187699317
0.108694180367736 -0.0304706406058939 0.0633712139454046 -0.185782011138621
0.00487966054959407 -0.11560095652211 0.0459220690670536 -0.00583626262244752
-0.0969221835752459 -0.0195404391259097 0.16002915135226 0.0321225366806378
-0.070214608673384 0.0769696033142915 0.236504925078932 -0.162975561829568
-0.000321123205080618 0.0816427893486147 0.121871604914346 -0.376314136758478
0.0554997963631765 0.0517950537643519 -0.00534532269703493 -0.447383857518565
0.078011379017721 0.0547740505746229 -0.0469786539303649 -0.437848567053517
0.0564222712171325 0.0723560220469521 -0.0200374944455546 -0.434756231346126
-0.00204090342414383 0.131006086229236 0.0986438139468251 -0.369241576227679
-0.0913930524040278 0.0969182269871506 0.20430634974354 -0.20694764813589
-0.141849661305369 -0.0409387926812135 0.123022256377289 -0.0656087509361222
-0.0160872534935875 -0.170123380300474 0.10046797306797 -0.227404209528627
0.14770028598117 -0.0671729048442222 0.374383994840505 -0.307690936132294
0.126145638743305 0.0348220352572657 0.820270959799317 -0.148282605457303
0.276993664894705 -0.0317112676898376 0.335198591765122 -0.303480232142142
0.200990863814109 -0.161252708989732 0.086789052141243 -0.150463801311055
-0.00766843097084618 -0.242724431853431 0.0520722885303428 -0.020948080637892
-0.202719517969473 -0.0744752266791438 0.132806924197056 0.0179322072568614
-0.200771991164897 0.134562275117878 0.210739766701404 -0.12424006289968
-0.0768853261299806 0.222201477861752 0.137936008402233 -0.319502349896556
0.0502827774601556 0.208570548352204 0.0276065167502592 -0.39271339901202
0.0973545748996137 0.216631010354194 -0.0170228971515535 -0.3770395642854
0.0605997747976252 0.243866033065885 0.00398327313840174 -0.355820558784837
-0.0744143669588683 0.322508276157265 0.0818057147709398 -0.286373257600715
-0.273948993322465 0.217428678889712 0.127590996051817 -0.159198034523462
-0.362486640111168 -0.0913663202945331 0.0566489686185061 -0.0718658416389937
-0.119787095073248 -0.420151839960218 0.0672658549830241 -0.264735834826904
0.28778981665074 -0.33890743145453 0.346048952419083 -0.323249419928496
0.417875199901392 -0.113186377137264 0.732774201820281 -0.149173340303633
0.457348856391055 -0.118925004360663 0.196721124961653 -0.255627225448088
0.285620275485936 -0.301918645222681 0.0787688690456491 -0.0827629449218544
-0.0280057310720757 -0.37732015747844 0.0682154711863455 -0.0107191108964623
-0.313093728199751 -0.130836415374842 0.119034630445592 -0.00703749129163851
-0.325630035825964 0.181979948322535 0.159897201845751 -0.090001378202487
-0.149654175286074 0.344361538781471 0.126562766346537 -0.227891883355276
0.0363322111208151 0.341805586181844 0.0508812075373025 -0.283370019346029
0.102332640571813 0.344872788118655 0.0161978342737498 -0.259828849404815
0.0597735990214236 0.372944175903111 0.0307952139320911 -0.220670442469566
-0.124760628896898 0.469266824207172 0.0591033597912356 -0.153413644432309
-0.406359182342562 0.323625400436261 0.0340166105530098 -0.07265112328104
-0.535984998079381 -0.0989615391362865 -0.0300481005118211 -0.0574633296194066
-0.238486478362522 -0.589332524516729 0.00785221182444076 -0.267856206257951
0.350438443322039 -0.569483938127654 0.267394405267474 -0.303779874374703
0.625973731035689 -0.256571830787351 0.552389664934877 -0.111568224369762
0.591512968116438 -0.196719188989138 -0.0103866052018001 -0.182016587032022
0.351013525424761 -0.447782698542572 0.0241713281562887 0.0253091318289949
-0.0691853167295583 -0.510996500175576 0.0802081486270279 0.0313592531235917
-0.424332142193214 -0.175907734441003 0.101442274448626 -0.0278347123869065
-0.425332893238795 0.220378675568578 0.0824459309041147 -0.0485864068276053
-0.204674029069836 0.431772937547284 0.0893291515225244 -0.0992576760888915
0.0192919595378331 0.430297594340238 0.0655327463515795 -0.129388171190194
0.0931011319236964 0.418184520290735 0.0473337856828878 -0.103248832199363
0.0494410542144738 0.440830877922893 0.0577734605503206 -0.0526417191256173
-0.149221686413243 0.540839369019295 0.0374172384057289 0.00832234103567765
-0.463165990469243 0.388969320575041 -0.0586896280671526 0.0420277373920189
-0.615391766223914 -0.0762728320949849 -0.120894709230223 -0.0220658251443206
-0.323924024281903 -0.642928282226561 -0.0561828269283592 -0.228995595124345
0.336221518512119 -0.691898817677945 0.164046561497742 -0.236408905332877
0.714719889472272 -0.354195951377331 0.315949345816987 -0.0366561481385502
0.647189125541687 -0.250918032105593 -0.265491052870959 -0.0852671062867865
0.369350276445222 -0.545449893966997 -0.0736149783762971 0.164938558650117
-0.108814990709937 -0.586666220790462 0.0726651282632111 0.0929073057553198
-0.485948818843692 -0.194841322204658 0.061176363482193 -0.0356668361540643
-0.466898895751691 0.231285644471586 -0.0218892587350077 0.0127451568184993
-0.225674247517294 0.454412978673305 0.0316209483029356 0.0589581479022986
0.00226878154051532 0.45567452554087 0.0707009880840156 0.0510971821238223
0.0670762699399071 0.427294981051468 0.0710964568896899 0.0687835706669171
0.0257155444772376 0.436111378387425 0.0787965973384025 0.118926338185178
-0.155735229156095 0.519577416714072 0.0185966857282323 0.165431429102345
-0.44156347311402 0.374352333234544 -0.132762563708968 0.155148603733108
-0.570864896279519 -0.0534900165191423 -0.193878760783465 0.0182116048548355
-0.323539107647166 -0.570666448972836 -0.0993079257956468 -0.164292077640594
0.275726309418219 -0.670551126175563 0.0653233305645485 -0.137011595644992
0.676135408198421 -0.376704804249651 0.0724871306971457 0.0609729374088138
0.595691538934018 -0.2629277435516 -0.523454579394582 0.0204751837229765
0.323140262901542 -0.540403576172297 -0.19461891084859 0.302515723821693
-0.122942756739866 -0.544545910341039 0.0411061242735348 0.151606157171759
-0.445745815563141 -0.175389116631748 -0.00200075963017627 -0.0305415956154986
-0.418064478372451 0.192716740887569 -0.133439505308612 0.082743728257948
-0.208470020748021 0.396721817712296 -0.0322345360033078 0.21894424916052
-0.0157269171772877 0.403544661597414 0.0676072113352295 0.228932994865687
0.0300035712803047 0.373250083053121 0.0849951219469045 0.229569488513024
-0.00493809263595581 0.368499199054531 0.0852612101023483 0.26638750937144
-0.14860224859583 0.413396556002703 -0.00399892052410661 0.285699149433557
-0.356107594462579 0.280088752641634 -0.18289455928464 0.228966032008375
-0.416673818376509 -0.0484294201590081 -0.232942822226009 0.0371662888783708
-0.233667449046774 -0.40912547748242 -0.111039990993527 -0.0999113953262968
0.192518367149818 -0.519125505135974 -0.0054190124537948 -0.042632266921858
0.533011745521077 -0.32886250866474 -0.131760972550816 0.154879534991557
0.432436267439107 -0.228990670134781 -0.732579826576395 0.11377612272787
0.206975631343341 -0.417047705038614 -0.308970968927255 0.400247445366034
-0.105245126661227 -0.369937118963479 -0.005213085811112 0.193666657079102
-0.296817251755854 -0.116564946261464 -0.061754456487841 -0.013935134279993
-0.279935767879346 0.115049416137873 -0.219315103396537 0.136299359725212
-0.151755723074618 0.262270356000298 -0.0887525199536147 0.343235816992223
-0.0311823607045293 0.284723857277288 0.0576816472700502 0.372394778072831
-0.012673247650794 0.262830815995231 0.0855374298957484 0.355251392563478
-0.0329828835424957 0.251127769615593 0.073180548399605 0.370588476343501
-0.121110612209825 0.250306398434946 -0.0336793926907141 0.351616918019364
-0.232100392190878 0.146539159307918 -0.208909762125695 0.249714555777594
-0.222091074710503 -0.0484739043323459 -0.23367643395955 0.0287825638111593
-0.114491353624607 -0.21357578079357 -0.0957048463950812 -0.0516891139144888
0.0936778519523423 -0.311040658184504 -0.0484917930766327 0.0226353737135988
0.32778948295416 -0.23589905874791 -0.271866026627411 0.221343130103695
0.181354664505356 -0.15188078680676 -0.844405159139412 0.181383261021295
0.0462585868860351 -0.208883521643327 -0.387457241817012 0.449768772988736
-0.0674785487501316 -0.117544927851998 -0.0427258094359262 0.224095290759796
-0.0887092208564497 -0.0354217314659778 -0.0851172398549364 0.0100725538913965
-0.0925547164696011 0.0165747338291871 -0.255216800441806 0.158820337652748
-0.0716910703369515 0.0821480632183356 -0.1269494224335 0.405631982022955
-0.0465829072344662 0.117725401622075 0.0413731183005491 0.455364367671421
-0.0527987971532105 0.114273682769103 0.0739124301960792 0.427432135360947
-0.0526443546907149 0.1039722212062 0.045491926535012 0.42152935131237
-0.0726762936478233 0.0714237851104638 -0.0695806324844568 0.367174667828726
-0.0916748667058909 0.0207487456911068 -0.214314763501533 0.228643685055232
-0.0438680991486337 -0.0276612784986482 -0.208034399978112 0.0048157674678842
-0.0275458778888058 -0.0288680681908722 -0.0719327616241355 -0.0160096581971428
-0.0145468297408897 -0.113085945033772 -0.0738254315480142 0.0606185615479528
0.0993700464972252 -0.132341993089218 -0.343658127082616 0.25402885532688
0.0863860604287948 0.0576873600785348 0.399258170237128 -0.360672815504847
0.113231708693982 -0.0355715049117566 0.0569328444481085 -0.196682952788894
-0.00158174685790248 -0.119863104866272 0.0474559156453628 -0.00958360853273229
-0.100923685157425 -0.0156275733427277 0.166549919557048 0.0233722368015549
-0.0678343087516837 0.0848911493720383 0.23581339506936 -0.179855199012396
0.00235873697575403 0.0855161959001859 0.102865391214204 -0.396474081362879
0.0598589301631089 0.049406720299283 -0.0287135023976708 -0.465426492392052
0.084220251180141 0.0522238278575977 -0.0695311182505206 -0.457201347009539
0.0626973334725182 0.073643368286185 -0.0402859267976909 -0.452208843111041
0.00647683284932975 0.136028537970794 0.0860744879747791 -0.388042026767877
-0.0903737409169444 0.105114562324091 0.20109741869397 -0.223980999856998
-0.149353975072598 -0.0357335639918007 0.122955089472737 -0.0744245525818348
-0.0236345889934859 -0.174782378912127 0.0923076787589345 -0.241502003996609
0.151073170101689 -0.0760933762592236 0.378803988967017 -0.336815637962227
0.131873248839453 0.0319587393132124 0.841627488148662 -0.192560731134954
0.283867703292616 -0.0420165232565882 0.331909486211584 -0.332068546674231
0.202793455739941 -0.174360409153039 0.0833177143122103 -0.162931964518404
-0.0183905628356756 -0.250585775870303 0.0539990350727951 -0.0250786621893015
-0.213369776654797 -0.0680657735947225 0.137331131949578 0.00979797132837285
-0.199365306828147 0.151203417059385 0.210127552768014 -0.138568382811099
-0.0686314781522536 0.235417966120613 0.124169932130207 -0.338552730214612
0.0621401281921192 0.213237784814807 0.00823592181345526 -0.409492863805189
0.111356211838098 0.219787652889796 -0.0342448099923954 -0.394867965671361
0.0752229334102533 0.250588266081427 -0.0104413193799435 -0.372220757030611
-0.0599792317088186 0.339240292228185 0.0731220871089177 -0.301294826090177
-0.273120128416318 0.238393137911373 0.125154949706265 -0.16864746272354
-0.381217001319267 -0.0783280865213337 0.0538802018363778 -0.0776127434191296
-0.142115874606711 -0.431119063595884 0.0560572035994864 -0.281075410527545
0.283929128359348 -0.364628148443703 0.348816747800727 -0.35377880906395
0.427705508156877 -0.135909661258036 0.74852701093049 -0.192387367114212
0.46508894618097 -0.136940144617322 0.192701111419893 -0.2767434340847
0.283639091617162 -0.323809267309682 0.0786523700173545 -0.0935358502460301
-0.0444108984498019 -0.389021064650802 0.0724985045830361 -0.0153463675639856
-0.330504266991995 -0.122313172053288 0.120758480801581 -0.0159331949672153
-0.325806127459325 0.207022509180236 0.159714744689097 -0.102158218696175
-0.136902553734711 0.366373393128008 0.118747674236409 -0.244626393372732
0.0540975244406612 0.351996454105101 0.0382535117123553 -0.297912169096928
0.121943035696438 0.352691745301964 0.00571458750263501 -0.27387972431444
0.0794345893492728 0.385305594098996 0.0244531044063358 -0.233109774215426
-0.104813086719835 0.494268291600951 0.0566636899676042 -0.162302318187091
-0.404269938363854 0.355616208041456 0.0327531133673266 -0.0716197568914523
-0.560846576226399 -0.0789501948715525 -0.0356885522409251 -0.0583907081188687
-0.271601773146692 -0.602908500747575 -0.00604251031765707 -0.284143356945986
0.340267067213967 -0.604936414663924 0.265199921775916 -0.33161337046466
0.639419521037289 -0.295021624501771 0.562057328601124 -0.144444121235557
0.60102642582404 -0.222843694022474 -0.017402640549059 -0.193098495468447
0.343950216929719 -0.475603953352723 0.0271583313938335 0.0196958335346288
-0.0915037187567315 -0.527017609438271 0.0875233815346483 0.0293348128430686
-0.447773841193236 -0.164043963624133 0.102262942393975 -0.035992984867918
-0.428160004862739 0.251285988950186 0.0813333527620912 -0.0555051487502208
-0.188224342514649 0.45742951543546 0.0872672046382811 -0.110416474206931
0.0420074217465267 0.445824676419068 0.0601522405085915 -0.137961717947388
0.114208509355738 0.430726004622351 0.0451748943006033 -0.111203189584142
0.0709117843127894 0.45655024511378 0.060743784853961 -0.0604947988319369
-0.126817251041752 0.571568644874231 0.0424619565578347 0.00614326001459164
-0.46305207848003 0.426244780325629 -0.0561122959275029 0.0533736106597252
-0.643002863494823 -0.0508014533648261 -0.127829650915598 -0.0172333227593641
-0.361287451821819 -0.65429098741782 -0.0704971059988626 -0.242914370656818
0.319969039372103 -0.733808383862155 0.157281279210591 -0.256937860100843
0.725463035600646 -0.40056111684368 0.320476893289272 -0.0570852050580943
0.658156953030012 -0.279619434528616 -0.275859635854742 -0.0820479242893488
0.359898764812509 -0.581624356522851 -0.0678383880369639 0.170083868570992
-0.135372522830385 -0.606408977790717 0.0828916231785782 0.0942613426274262
-0.514958343087779 -0.180469055014567 0.0601195500573641 -0.0423095018128839
-0.47248262065432 0.261840115097476 -0.0236363366710843 0.0124166470311608
-0.210424441292315 0.484061749762335 0.0369152005180931 0.0561948947242958
0.0243715763914124 0.47186704379627 0.0744736466633392 0.0488495447086725
0.0881889961652623 0.442803150145564 0.0776463797899659 0.0670502905883073
0.0465201508635447 0.452769034622027 0.0895394602986928 0.117527672345483
-0.136395262523712 0.551121548449175 0.0310655954042578 0.170611879601917
-0.438827918843226 0.409275077275336 -0.128272704716859 0.174122795456431
-0.595041795695059 -0.0288541203300989 -0.200709042164369 0.0289075584550174
-0.357614067802256 -0.580320129980269 -0.112849204451579 -0.173114638746213
0.25813772762853 -0.705071710115342 0.0583545046471845 -0.150103928301763
0.682611186454839 -0.422252772801357 0.0741921875773539 0.0556405890051339
0.604758221050203 -0.29182179556238 -0.539274202439395 0.0389894119608604
0.311460228103003 -0.574732290441354 -0.187529602032104 0.31953724485685
-0.148992929815638 -0.562672765833105 0.0523382069767767 0.157623873798853
-0.472682873868263 -0.162661871219863 -0.00482065600338028 -0.0336810843285833
-0.423297007535752 0.221553925281991 -0.136312804398651 0.0887222453890939
-0.192382319822096 0.422359992315074 -0.0213998912340589 0.223996936936003
0.00433534539419001 0.420851589604017 0.0802019073355067 0.234276451404824
0.0464988605909999 0.387534918789002 0.0984383315844509 0.235404470605742
0.0105760546518545 0.383129527781872 0.10318973641473 0.271235718814597
-0.132605539465139 0.437858077081877 0.0129974251232354 0.295565761297263
-0.355041999700685 0.307951610677734 -0.175756550529339 0.253423925812998
-0.435743184892427 -0.0314041991250387 -0.239489792112966 0.0518483236873425
-0.258423804246862 -0.41729247635563 -0.12130735116674 -0.105108543178665
0.175383500808762 -0.544932359919837 -0.0127152923909631 -0.0482504335130863
0.538343975808124 -0.365990784076264 -0.131583026279841 0.162518241766615
0.43696684226447 -0.252310964791828 -0.750206050163503 0.146165308872836
0.194997608509405 -0.442322463124328 -0.301429785585877 0.428445931332653
-0.124308282458791 -0.381918676415299 0.0061529793527434 0.204111331334322
-0.315044955706438 -0.107428656018993 -0.064419822056287 -0.013424418156816
-0.285882265745801 0.133662195632944 -0.222348567698978 0.148864622224246
-0.143133500622185 0.279156481218103 -0.0729407123529238 0.356972575651834
-0.0179158881009997 0.297909014077773 0.0762782930621204 0.384446372009129
-0.00204831932954686 0.275139027400307 0.105208138366283 0.367998243233327
-0.0243771650115438 0.263500437257814 0.0949422340825608 0.380069732274028
-0.113561439455926 0.266482237852633 -0.0160937981519827 0.366331027689599
-0.231645768137881 0.16440974918572 -0.201327985502564 0.273269042935828
-0.232702244928836 -0.0398631318990851 -0.241374883917865 0.0426073350638927
-0.127565697739796 -0.217980554965589 -0.102189517157475 -0.054263637528052
0.0823442471429906 -0.324473200035214 -0.0540442146897021 0.0233212454870129
0.328565954494031 -0.259727776573065 -0.271679281896499 0.238658205148364
0.181215394311681 -0.163620870856431 -0.866246649671921 0.222055395696904
0.0380773308653366 -0.219881645053305 -0.381194258617142 0.485448175845672
-0.0730310890197276 -0.121232568012008 -0.0320560882118415 0.237463868980434
-0.0957805779639872 -0.0330521902223033 -0.0879236211586605 0.0132344450126349
-0.0962115097733098 0.021661649317542 -0.258276380848045 0.173862128881644
-0.0692712863994747 0.0884023845191043 -0.109128631619667 0.425349667933057
-0.0419965540349212 0.125859880277098 0.0639649178367875 0.470879301989277
-0.0505267671073246 0.123243735130599 0.0960211273209488 0.444932776348743
-0.0505276397829595 0.110569460628362 0.0673224738644741 0.437053640696981
-0.073055270124696 0.0780560229807397 -0.052978746649408 0.384618914742303
-0.0932509794045792 0.0269525328477576 -0.208272321815537 0.249141482504923
-0.0464909515348217 -0.0264215778266606 -0.214955168464156 0.0171054663902491
-0.0302038724671692 -0.0295921106072946 -0.0748610597469562 -0.0163527635843976
-0.0206010585403015 -0.114884752345557 -0.0783747615399056 0.0656066364862367
0.0979023554227663 -0.142864061151145 -0.342366078540554 0.278187014029505
0.0912176990128409 0.0539821798811114 0.3749064057104 -0.39052939538471
0.113851251226422 -0.0423703656625676 0.0423417853167693 -0.202562639517068
-0.0102440793815998 -0.119454026505209 0.0466804776886667 -0.0155177093327983
-0.102707663131888 -0.00936527607502598 0.168522952013353 0.00936172498832153
-0.0597015406441749 0.0909860029558538 0.223607305938133 -0.198291827716057
0.00797055893470625 0.0876305379962562 0.0708359590558412 -0.405861102502855
0.0631593550019963 0.0443174597256881 -0.0639204253010923 -0.469357365909277
0.0890599318399275 0.0458573106946613 -0.102760321621593 -0.46140950083858
0.0701322976834877 0.0701732284782184 -0.0731243732882702 -0.454500642053056
0.0179327278468977 0.137148866138513 0.0596401003107464 -0.396980212814799
-0.0830964085054615 0.112597192794799 0.186551390090866 -0.23957601944533
-0.154029488198736 -0.0249179378325151 0.116710103824629 -0.0838284394603305
-0.0344709950399706 -0.174447792474811 0.0741182712635604 -0.250196951981731
0.147747585878398 -0.0872963673709268 0.362283523489536 -0.366177159506342
0.134592154792415 0.0244893062906088 0.831053591080728 -0.251366365540957
0.282692605701982 -0.057653982738482 0.308436433194902 -0.358703462862004
0.193833472906747 -0.187975168065594 0.071261427146975 -0.172012796724047
-0.0350630468512516 -0.250292665352483 0.0535385735987894 -0.031745208146402
-0.21963802863668 -0.0540356182285946 0.136663489645747 -0.00238303981948464
-0.187855649444196 0.167524237166109 0.200207909592135 -0.154617126787691
-0.0509723549069472 0.243570179761251 0.0964930860277769 -0.35035127588379
0.0771719484928234 0.209135994558081 -0.0229334080212827 -0.414748798736643
0.127890407157657 0.213197735392263 -0.0625881093582865 -0.401057566225512
0.0950773011975455 0.248877553506207 -0.0364427560430948 -0.377313794996103
-0.0332365425343466 0.347484485719866 0.0541358057189488 -0.309251722552167
-0.2584794671306 0.260512543073897 0.11455554782246 -0.175194061592912
-0.390179192089957 -0.05135726416886 0.0474972554889745 -0.0826132447370431
-0.169652731461335 -0.424729448545515 0.0338055858178235 -0.290501712919997
0.263781886776417 -0.386504878590466 0.328983647204587 -0.382699050537968
0.42080883520023 -0.16668965151291 0.736535186117742 -0.244663780210619
0.456905912646946 -0.166195161183134 0.173526943094275 -0.295096191107681
0.264699642091434 -0.343607453046157 0.072259192998187 -0.102216262722507
-0.0700248549256033 -0.389388019448226 0.0736984534174922 -0.0219836651440477
-0.341371668418771 -0.0998934589103669 0.117987574481553 -0.0268911293305618
-0.311304984082048 0.232227757764434 0.151195093289119 -0.114664611711702
-0.109248834713441 0.379692595796307 0.0989594761354668 -0.256388610949672
0.0794880581964281 0.350447924743482 0.0154404478154735 -0.303257260468748
0.147589796985377 0.347520981177852 -0.0139024425497181 -0.279865754887242
0.108529578402781 0.384369010152823 0.00939450487470888 -0.240135717310569
-0.0663964345825103 0.508933060470191 0.0478059716363538 -0.168146176199283
-0.382342143069175 0.389738387945674 0.0308907800043684 -0.0693356465030335
-0.573025209390558 -0.038288409701267 -0.0419203253038217 -0.0563969979597895
-0.311672522729885 -0.591911576489059 -0.0300628005952795 -0.290146389459574
0.303658496066554 -0.633281221051644 0.244048784735578 -0.355476014527902
0.622684837100457 -0.342736042324009 0.549291030385348 -0.185488986348274
0.588316795582173 -0.257136196059298 -0.0299449263489607 -0.197970661037744
0.314668181677392 -0.500007897787 0.029042748429621 0.0143204906078039
-0.125626602943821 -0.525718297721649 0.0932565011831855 0.0227721670141419
-0.463684174033304 -0.13445890619476 0.0979733279286492 -0.0464743258640496
-0.41156576300397 0.284030784613341 0.0749247771475449 -0.0624286957766489
-0.155839310838637 0.475491969756535 0.0784237499736524 -0.120104227092369
0.0746845796893751 0.445742791339202 0.0493439279261167 -0.143989333469373
0.145750693240165 0.427671390391624 0.0381769595479375 -0.117915893074358
0.103287003113343 0.455968606156107 0.0585299851563738 -0.0679341668658216
-0.084202582663312 0.585941380450972 0.0467658274453758 0.00282231817332425
-0.433690135628937 0.462962469644761 -0.0491324865361366 0.0639084445530532
-0.652938022536972 -0.00697648824978411 -0.131137827277527 -0.00696478271432788
-0.407737936776565 -0.637249207677305 -0.0926226262293242 -0.245425060164485
0.274284307366328 -0.758894163109875 0.137572933319742 -0.274208419022575
0.702290553632302 -0.453551968752395 0.311684418433259 -0.0825937587727298
0.64302806979874 -0.320652374120884 -0.282105596941525 -0.069457882881535
0.322827150228838 -0.607296280323351 -0.0562421297749092 0.171918047923468
-0.175284598571038 -0.603972472306561 0.0944046116505334 0.0903138926658389
-0.533108734147394 -0.146901532067131 0.055660698349061 -0.0490291899092874
-0.456176152246386 0.299588917469896 -0.026373132766579 0.0127329526011394
-0.173648219283932 0.501867366356408 0.0408687326223822 0.0496583325602318
0.0591070370915294 0.473375187871329 0.0772016299458816 0.0439626431899135
0.119153269857091 0.441562928736434 0.0841865331937731 0.0616209714999449
0.0782824885743492 0.455228329035331 0.100959212138488 0.109280072436826
-0.0947054686961022 0.566956025269015 0.0461460608074571 0.168642453270155
-0.412154020898944 0.444912764544514 -0.111882188511822 0.190987560189574
-0.601866459277004 0.0107936354037503 -0.201293840330698 0.0451582116231771
-0.396216155261871 -0.563436050532068 -0.130564664710913 -0.173606722596832
0.212555816994695 -0.727328150140311 0.0425552228601925 -0.158729084076921
0.656927145506328 -0.473278544802098 0.0735889609762686 0.0473504626058643
0.589186046563601 -0.329876393463061 -0.53751879547596 0.0697425448242028
0.274610233903736 -0.601119474907206 -0.166972247318304 0.33245251157854
-0.18579763120813 -0.559866180544955 0.0680678881794979 0.157116706286651
-0.488825852752365 -0.130341693114815 -0.00891225546359008 -0.0349364763280795
-0.410360170472052 0.254564467191509 -0.134420545030305 0.09754135778815
-0.161722532754024 0.438522439130827 -0.00454400021565046 0.223689205117437
0.0349638635225873 0.423799765308241 0.0966912779155113 0.230242271528048
0.0729221543386256 0.38971035054102 0.116649252487795 0.231882410954177
0.0367237042650623 0.387413263848667 0.125176184917598 0.26412327329703
-0.100720280153984 0.451402752275419 0.0368927796039191 0.296414005422083
-0.332770354544412 0.338493303629256 -0.154169759059189 0.272520937636021
-0.440843620030778 -0.00223595199580858 -0.238047817732645 0.0705431673319116
-0.288365879463036 -0.404392468070871 -0.133446271492341 -0.10349365970333
0.139628277322885 -0.559188467168172 -0.0225457181766005 -0.0504725216630258
0.515590851640616 -0.406111514610563 -0.124593331298953 0.170028879513178
0.422886886095859 -0.281658012614508 -0.743338283296982 0.192345237229976
0.166561367862427 -0.459644208819808 -0.273628743202022 0.451504775870411
-0.149964942021486 -0.380127379690932 0.0244651514102881 0.207520928892417
-0.32670670480674 -0.0858774414214677 -0.0667563004847644 -0.010338291386143
-0.278675534602466 0.155200314714161 -0.216511224712058 0.164274776571653
-0.121288506945336 0.29067216067907 -0.0466992963185661 0.360854681315982
0.00423839890300809 0.302641918631736 0.103922677588465 0.382234399840173
0.0162437238979335 0.280555891946985 0.133401894842128 0.366019192300268
-0.00754860360138493 0.268520434552703 0.123417272310602 0.37614225112867
-0.0940443763256227 0.278153041523693 0.0122958581573335 0.369924825926274
-0.219872983288488 0.18364691738364 -0.178862220390031 0.293557109386608
-0.237001728275217 -0.0231807903888954 -0.23962932303038 0.0627500909166354
-0.143062817281215 -0.212230770464834 -0.109461853506216 -0.0521841076694987
0.0608073641442935 -0.330331717461783 -0.0589359731010675 0.0266251662937709
0.313347346240183 -0.285679986185621 -0.257712678448992 0.257346084625725
0.173021125033507 -0.17656962593799 -0.855436647616873 0.278732948822202
0.022187101008949 -0.223956898611059 -0.349496418885504 0.516831284422997
-0.0813167403329451 -0.119217921137453 -0.012636789635291 0.244390062059194
-0.0996936691040536 -0.0264304955979929 -0.0870069186586993 0.0184375355596727
-0.0964792541928218 0.0291172264068226 -0.250524589611198 0.192206935997894
-0.0624594493559875 0.0928730465435157 -0.07728170628078 0.433525855289095
-0.0314724274531542 0.131030775309633 0.0987028831827349 0.471348910035786
-0.0428063387421822 0.12965435710426 0.129874763278124 0.445559371396467
-0.0453259539000604 0.115514038977453 0.0991765384307688 0.436485866689158
-0.0684343396707763 0.0842402754538779 -0.0229596501697175 0.391677718371267
-0.0907421638471153 0.0340973519701427 -0.188313955629701 0.268723863376026
-0.0486568951779181 -0.023118916279375 -0.214745853192712 0.0350530698962864
-0.0330281748926896 -0.0285165490536744 -0.0778827371191187 -0.013822973093601
-0.0294168095026699 -0.112836995842781 -0.079182506438748 0.0717756287684953
0.0887939094154882 -0.151296527882429 -0.323313816898918 0.302687107593099
0.0927579853423393 0.0491691580061863 0.335888117591454 -0.399898977676971
0.1110270617548 -0.047569892529797 0.0272169312338168 -0.19907631959444
-0.0163699324741661 -0.114008130195572 0.0435781512765846 -0.0200343203501687
-0.0998905527427448 -0.00336759244231736 0.16246189562722 -0.00390497342106166
-0.050907266995695 0.0920970943822086 0.203406527784674 -0.206655311239958
0.0131773454387837 0.0859914423247502 0.0393982258635473 -0.395591043183849
0.0621538429491295 0.0381875550653076 -0.0929298358003679 -0.452240487468613
0.0894881731602263 0.0378274096648985 -0.130007616474944 -0.446639356856332
0.0740603113393925 0.0642754631134799 -0.0990762538112154 -0.438433162932559
0.0281530123407312 0.13143740210588 0.0333631765408796 -0.388907956784709
-0.0729908309273096 0.115054611518251 0.165558711317147 -0.243280975377571
-0.151131438877611 -0.0145543722078143 0.106178604995327 -0.0882868514278996
-0.0420725204983537 -0.167414932260568 0.0551232657896966 -0.247334290137089
0.139085177112518 -0.0940786348043532 0.332864401391665 -0.378728871405011
0.13155899883371 0.0164574915621802 0.784606323015022 -0.292076877388246
0.270643456038755 -0.0685309075191996 0.275192313977492 -0.365351999936356
0.178765544756931 -0.192593486720899 0.0579924829937071 -0.171965952793584
-0.0474011738671838 -0.239659715050374 0.0505230974364212 -0.0361710549524761
-0.215671447074667 -0.0392239835953236 0.12998888617072 -0.0128873106910789
-0.169262336333827 0.174030161621513 0.182099248288028 -0.162308196469001
-0.0327386245264175 0.241054808565183 0.067998585837095 -0.345402425674354
0.0865046272669167 0.197580923871713 -0.0499960975069267 -0.402507461295705
0.136559209341817 0.198489043553793 -0.0868877499341839 -0.391020193862779
0.108811756289591 0.236324521746876 -0.0579549426434076 -0.366235091641679
-0.0083611464957927 0.339657515542499 0.0345204048875239 -0.304497224863282
-0.233829414403619 0.270239499029513 0.101955452429941 -0.174813925591073
-0.381915621834165 -0.0259457620620246 0.0380586990851631 -0.0825245933936022
-0.188452048845429 -0.404418768794201 0.011315618230423 -0.286046757094101
0.235198252483438 -0.391530196526961 0.296796505733357 -0.394014260021859
0.398302116825541 -0.185698802468434 0.692460913396481 -0.279575992925155
0.433476748605937 -0.182484858592838 0.148659378006301 -0.299243368659871
0.237233010568119 -0.345808052842043 0.0631546659036014 -0.106250247689603
-0.0885107997418702 -0.372626668232094 0.0722121633592761 -0.0280886665348099
-0.336474370093988 -0.0764597673777744 0.110144443962197 -0.0347830519628303
-0.284562658640465 0.245272594371748 0.136402366492991 -0.119937786065207
-0.0788031762362806 0.376449870434603 0.0767357959736264 -0.255612284214849
0.0990346228595488 0.334150358101652 -0.00590538318653572 -0.296349368021124
0.164212219392956 0.328658195694616 -0.0308318213354197 -0.275671530579177
0.129459422370794 0.367635882033408 -0.0042117830181799 -0.237270601671129
-0.0296377488136923 0.499259789549083 0.0379851453073863 -0.16726488749656
-0.345669857620005 0.402776777906008 0.0283978403341701 -0.0653806918220109
-0.557424777042897 -0.00287442379185551 -0.0457960651969558 -0.0513765740484859
-0.337245218184151 -0.557944741917969 -0.0524082315197956 -0.284797320885628
0.260396353909899 -0.632583218149586 0.213212559140591 -0.361784509935754
0.581012672233703 -0.368634747051187 0.515304508698265 -0.212447263778459
0.553959612167823 -0.279547986258004 -0.0414828148216463 -0.194652845792958
0.277106339994771 -0.502232609408993 0.0288184100118345 0.0090377568788254
-0.150507149367788 -0.503408293536431 0.0952246427904068 0.0150778490769721
-0.457208893094856 -0.101332034538195 0.0900840019026364 -0.0524692175992756
-0.379382335835093 0.301149767018888 0.0653938087364472 -0.0654241822701679
-0.116726802023999 0.471288472680725 0.0660888272126458 -0.123410926664143
0.0995028488004177 0.427273572132458 0.0374496645582175 -0.143254400174461
0.166184000384775 0.407510364958609 0.0300574844518809 -0.120094792672029
0.128800200003341 0.437917590628746 0.0540694456503216 -0.0733846864988654
-0.0417132321205912 0.576604777585135 0.0481184147003457 -0.00161121887145277
-0.389956219089371 0.477978486162701 -0.0391737669374947 0.0696797859555768
-0.634131550911827 0.0340613982620625 -0.12952865518601 0.00262316239181108
-0.430692654844356 -0.598577794672921 -0.11201077284202 -0.238048348129203
0.223535031222758 -0.753392490263478 0.11298617268596 -0.275914521480369
0.651084846554186 -0.481670083675745 0.291409816673104 -0.0995665204316336
0.604388631919062 -0.3430668918272 -0.27669847169841 -0.0568448893033272
0.276110286161183 -0.606638760262779 -0.0442368549478932 0.167282510869883
-0.204105110833947 -0.577308986481926 0.10160436525913 0.0812393626851706
-0.5258876920273 -0.108552094515055 0.0493465018594098 -0.0521617868214167
-0.421459753436817 0.318772718826244 -0.029314314082528 0.0135236384193784
-0.13482009384855 0.49725231912542 0.0413030663755353 0.0425006726637839
0.0870263001290091 0.455046079398165 0.0769811250570975 0.0380649791019507
0.141932006152223 0.423551119850621 0.0857158778619223 0.0534863347915033
0.102233738819651 0.438670437284228 0.105842612396584 0.0969860264587298
-0.0534961434635778 0.556764185776191 0.0580946838136737 0.159369030125012
-0.370551567351867 0.460481239593629 -0.0906614236033063 0.196271934935075
-0.582475141323723 0.0476894830502946 -0.19403428058845 0.0572835973653774
-0.417492713290057 -0.526613752874636 -0.144240651265132 -0.165398894655248
0.164466128404395 -0.716582294924854 0.0257979870375837 -0.157761128111435
0.607621314494313 -0.49871134095222 0.0673875986965636 0.0408912343876145
0.551754478953788 -0.349315898466969 -0.516163401775697 0.0931629932872576
0.230056180598835 -0.59762474313855 -0.141104262376565 0.329063774745726
-0.211469851853546 -0.535488217937371 0.0807366693532176 0.14832664352184
-0.483596718538425 -0.0970928342016422 -0.0113609598093501 -0.0348218849743678
-0.381942809936471 0.273241315458826 -0.128604976263003 0.102869156477134
-0.127568484925054 0.433440570049653 0.00913846734897734 0.213275002862908
0.0615702402376428 0.408707647597412 0.107485154575052 0.21746458155864
0.0941286214069739 0.376226606720674 0.128673321389828 0.218381140628211
0.0590073983907029 0.375060284716826 0.138009861812988 0.246340057858045
-0.0672182833280588 0.447349860245137 0.0571315176062744 0.283782121158818
-0.299887626117892 0.348722634132522 -0.127209930217127 0.277808384131672
-0.427409624382315 0.0255669407570099 -0.226726007448559 0.0852475354864946
-0.301257821687644 -0.377314413319296 -0.141603254690522 -0.0971392861993428
0.10382829506432 -0.549772166095782 -0.0316692606287108 -0.0474418834538809
0.473395107218529 -0.424335416592473 -0.114639675826105 0.170446434920162
0.394929498594853 -0.293725016570918 -0.708536556592762 0.224953914406566
0.131978261093107 -0.455175967155815 -0.236977266642084 0.452781051029429
-0.168187175760677 -0.362668487997129 0.0409333199246396 0.201311920503772
-0.323149134135928 -0.0623191096812321 -0.0656629541447188 -0.0068069787182014
-0.260650045091666 0.169419967295316 -0.203347577480735 0.17318469643571
-0.098584047817559 0.288404675516828 -0.0226864516135942 0.349229735385739
0.0245694668873712 0.292537047607956 0.124501741586916 0.364851904975208
0.0320358836615054 0.273547948142464 0.152225607112193 0.349769290867553
0.0075531380496965 0.262022184057632 0.144535050358739 0.356656705583824
-0.0729930016042649 0.276885539388188 0.0378269088670023 0.35709737291964
-0.199837557961988 0.192764821821193 -0.149966752213697 0.298319490998339
-0.231472952072989 -0.00776066631305999 -0.228382047282492 0.0773867801843011
-0.151800381305453 -0.19816573825985 -0.113287746596636 -0.047619636988557
0.0396710266750366 -0.322304608814526 -0.0613774828693898 0.0296997883213384
0.285252243721914 -0.2958132851593 -0.234747883946576 0.263282580393309
0.158385707250553 -0.179537640113969 -0.811973410026236 0.316019493375749
0.00675326772387356 -0.21874513712568 -0.306908547010059 0.522111512163731
-0.0866222692878337 -0.113203138893287 0.00666083139155635 0.239660445572495
-0.0990980977058716 -0.0186898365628941 -0.0828569657788403 0.0231964787916383
-0.0924798405958916 0.0343094204782107 -0.234034292335386 0.201025518771563
-0.0545686714600686 0.0926834272017224 -0.0473963812981964 0.42211039866902
-0.0214272974580865 0.128976911811801 0.124128412501338 0.451242197889642
-0.0332512633191427 0.131037575436272 0.155345762246093 0.42818663476534
-0.0382094705289627 0.115977882772607 0.124408617359241 0.418107882629232
-0.061390590551038 0.0863008765758416 0.00439358501479811 0.380376242998216
-0.0840755001338374 0.039656603146624 -0.161819195136559 0.27272266254482
-0.0481239898919434 -0.0191914715510029 -0.204791399430344 0.0491811678947703
-0.0343334602252929 -0.0258981323930207 -0.0784876239436391 -0.0109916398145362
-0.0352856116354451 -0.106524537454709 -0.0762543483511187 0.0755330054749664
0.0772272777203489 -0.152627416449966 -0.293455728350661 0.31139923335745
0.0814906758108847 0.0578083538250923 0.348735741622935 -0.331946528543202
0.111894346887554 -0.0309545064987376 0.0492691576591601 -0.180587033517208
-0.000269042578346683 -0.107084417451558 0.0480393351794353 -0.0189735523494531
-0.0931426386223367 -0.016378966334686 0.149998924498565 0.00725727318136857
-0.0589280614436493 0.0803337575036652 0.206682086613558 -0.175805344710155
0.00397556108764117 0.0873868622061793 0.0691653152194184 -0.364808837906168
0.0528342219756866 0.0443880179539497 -0.0453911849020329 -0.438687920068425
0.0806980308987601 0.0447182881273369 -0.0756205643925391 -0.443698285442896
0.0620720815556529 0.0720238428039661 -0.047313574703342 -0.434960050845066
0.011765140557751 0.130089639949399 0.0755283762200595 -0.372613146023369
-0.0851172853893069 0.10244437038337 0.189318595021052 -0.218859479333293
-0.145308301931702 -0.0302242196447042 0.115628278341424 -0.0736687282345795
-0.0245801645836952 -0.163206297318607 0.0796355446111075 -0.227629410906153
0.139716569001258 -0.0746274884431052 0.360823155017241 -0.328269668066086
0.118720499082695 0.0304207062552477 0.790305472859658 -0.196055435202232
0.259264847076791 -0.0288640097391251 0.300560436366449 -0.300366579717044
0.191404716530244 -0.155631934626957 0.0840256750355875 -0.154508632982931
-0.0130409601723119 -0.228415387261506 0.062957986198954 -0.0382705358191225
-0.195750109366778 -0.0656459847886764 0.122272113566179 -0.00857237487311804
-0.180921184660545 0.141325116544344 0.180515536140061 -0.142151768614156
-0.0579463814825442 0.226262488640706 0.0852074250120595 -0.316895695043749
0.0581740083766176 0.198102192696657 -0.0116143096399314 -0.388316683523803
0.107952301734929 0.205113540572099 -0.0384671961192865 -0.386090137952439
0.0754757530989689 0.240368479144168 -0.0137766170539228 -0.364276366355463
-0.0451648163444018 0.324354408888111 0.0719483423937905 -0.29668331174331
-0.256703723297612 0.231914800561211 0.130210153098586 -0.161108580438751
-0.365745893890653 -0.0671531318807382 0.0554682804713683 -0.0756957298378987
-0.138081685853028 -0.405929834913266 0.0427489037606084 -0.262660115974944
0.265521857172793 -0.348081647863097 0.322522302317629 -0.333625957204603
0.396697419109059 -0.135732062609015 0.690511917042218 -0.182528639653953
0.421928517739313 -0.114848908136278 0.188226973820915 -0.244364433929786
0.264004223036282 -0.289536538774549 0.0906919975477841 -0.0946049866616685
-0.0347945406038142 -0.358077977026272 0.0898386150109113 -0.0332446393538833
-0.303470826065238 -0.117084092873932 0.107904107461281 -0.0356861056509824
-0.300088115055197 0.191200183646322 0.132166529084036 -0.113437042493109
-0.117191920085221 0.345517469979998 0.0790847616027917 -0.233096569493041
0.0547290325460554 0.329111519005045 0.0186781233915456 -0.284643604659625
0.118474326583222 0.334489732771052 0.00312015381075798 -0.26922912978258
0.0793357601161238 0.367477249070088 0.0252113568880201 -0.236512257635159
-0.0836052732545921 0.473588649238392 0.0651807888376785 -0.169103070621693
-0.37803197645951 0.346422816402272 0.0550009928750042 -0.0656013094644461
-0.536271165085794 -0.0658242659174693 -0.0244998380988285 -0.0548556134549647
-0.26467888878133 -0.570847371119574 -0.0179862502080809 -0.263420134416008
0.317004797031967 -0.577629515475539 0.234364090276759 -0.301530384032762
0.594571193865828 -0.292199128824284 0.506771087523035 -0.124720749493486
0.546736382823729 -0.189740737158252 0.0117979202274571 -0.161541472000214
0.318633676330428 -0.428365616938848 0.0548727313114758 0.00678114371416622
-0.0761380514905213 -0.487929113444568 0.114233158664175 0.00369009828410693
-0.412018881074985 -0.157073786721574 0.0930698921395205 -0.0583124303043975
-0.39669899704554 0.230760878098143 0.0594481205164593 -0.0740075877249158
-0.165475454146446 0.428934932877042 0.0526078840193727 -0.111400467071814
0.0466816814986309 0.416963695960164 0.0441549358718823 -0.1368248070633
0.112103107580733 0.411255263936498 0.045188995240153 -0.113090056554963
0.0723384353323212 0.433475571772042 0.0641953506090212 -0.0741993327051312
-0.103515703922308 0.545840484243296 0.0586403784783578 -0.0122590406102633
-0.429761951621755 0.412100445667209 -0.0209190519071301 0.0554203586359878
-0.611407518278852 -0.0393821493166582 -0.108997627534727 -0.0125744891899004
-0.351431891389166 -0.618999960878826 -0.0794232976700761 -0.22292413562556
0.296116344601209 -0.696011123925566 0.128193228197188 -0.222875429262461
0.675577675121571 -0.394451067709955 0.275167605852326 -0.0328047174602483
0.600921854816279 -0.243449864373018 -0.215205045311186 -0.0562205146464364
0.331060040525549 -0.525608651053803 -0.0252512265135014 0.145008266857813
-0.116930927960323 -0.565515029765244 0.11753525782916 0.0626415948947199
-0.476800560803335 -0.173343038495008 0.0566760181971786 -0.0651195412712854
-0.43948712831593 0.241092463504334 -0.0363688489344201 -0.0119678133761393
-0.184375395228699 0.449566282395535 0.0124321935620672 0.0404636325865271
0.0323687072899485 0.44262417872591 0.0629409606164526 0.0378403141583016
0.0873238413252472 0.424007577958667 0.0795469024200877 0.0603144459317608
0.0465859548981633 0.431285115484344 0.0958287006341798 0.0957253630150531
-0.113219949350439 0.525092509899069 0.0517779355678656 0.143996427310618
-0.404047743088728 0.395980313613804 -0.0845947422226016 0.172004482450263
-0.56251638813008 -0.0204745442033135 -0.178468501348442 0.0340407941767429
-0.345674315363531 -0.548885587944051 -0.118801950856232 -0.159355405689788
0.23597137521524 -0.66689063037386 0.0318347163210795 -0.118430187165948
0.637441383683882 -0.414779494268707 0.0453570373935017 0.0787707997417609
0.552721143756155 -0.256106245460904 -0.453310136706654 0.055247239446505
0.286834360223408 -0.522655067986511 -0.134130360012082 0.286709614057229
-0.13210021361096 -0.528079816267842 0.0891554833399621 0.124957531548833
-0.439820944913169 -0.155627907170597 -0.001740589677915 -0.0534624075369145
-0.396486385905559 0.204297514649628 -0.136957536114938 0.063091376425193
-0.171200079238086 0.387631980601485 -0.030939965910944 0.197735703974693
0.0139920047647231 0.394933451295758 0.0753785206288918 0.211685755777951
0.0461838266097067 0.374300698161764 0.102619419170253 0.22302461871812
0.0120452146531231 0.364864433021493 0.10965261530882 0.244859428015179
-0.113042994662873 0.416955137437387 0.0349265786149329 0.266388322139545
-0.322787249861077 0.297726280477294 -0.132831560102714 0.247921773381392
-0.409947783677354 -0.0237572751883832 -0.217919991271186 0.0588703151954197
-0.249643358940641 -0.392648768728119 -0.12573328165133 -0.0983208220733175
0.159401732068824 -0.513371397405757 -0.0333923252154101 -0.0244460497497685
0.501981142778979 -0.359028289801764 -0.141377838902263 0.179738041861295
0.401195852061166 -0.224632872770962 -0.652956254687698 0.152000883326485
0.178713940656239 -0.404798912808034 -0.245589250386396 0.395008864684477
-0.112115397271783 -0.36137431381242 0.0376328473146486 0.17728043194264
-0.294187713842029 -0.102861029895983 -0.056083916322531 -0.0259860443855595
-0.269436991839787 0.122105765574126 -0.211889290136003 0.126692484948449
-0.128242077217301 0.25348140744888 -0.0678742929136769 0.321610957820837
-0.00766172365560444 0.280506663351127 0.0781285822514827 0.353289154010012
-6.4467823055912E-06 0.269436799582265 0.110676503891119 0.352497523589375
-0.0227331478240308 0.250544354761569 0.103003389741986 0.354983028312363
-0.098880210729387 0.253877557108726 0.00573290784833748 0.339431915486072
-0.2084901194109 0.159835647204921 -0.163194772056852 0.268788446736021
-0.217007574902256 -0.032648245806687 -0.223091519671589 0.0522139517223651
-0.124877984850429 -0.205336901891502 -0.105211742414179 -0.0537512891706449
0.0731746869107061 -0.303034598834602 -0.0679315786957317 0.0375908932870023
0.307729966732507 -0.256332196082803 -0.26199561538883 0.247923447547553
0.168634895976576 -0.147987149558629 -0.771828906381629 0.215035823197609
0.03141656359073 -0.202225610155388 -0.331318198964099 0.456366448652846
-0.067968146629309 -0.118330737303069 -0.0111064856773918 0.220091197229252
-0.0902608619486751 -0.0304837768071103 -0.0773710795220919 0.00860277024154326
-0.0925103798501844 0.0187386956909699 -0.240048789030175 0.160071762004206
-0.0633667410604662 0.0747646896100839 -0.0906338281597368 0.387495463045796
-0.0324950664610559 0.119555056148925 0.0722274342854137 0.437740848933051
-0.0456149736685247 0.12458233944744 0.103209493162078 0.428506166127357
-0.0492502721265787 0.104973354878292 0.0760404291298236 0.415319488097195
-0.0665770811772251 0.0736702555862436 -0.0320306709193701 0.363061361317098
-0.0812204904260343 0.0266485962394181 -0.17885935233992 0.245670746398502
-0.0402923833046639 -0.0226006247659226 -0.201711841238749 0.0278435700703477
-0.0308023250077269 -0.0272389910039237 -0.076100498506624 -0.0194471322092351
-0.0221639612089764 -0.104823235854653 -0.0834076658607583 0.0712002098942135
0.0940898046244713 -0.140498010905804 -0.316017114286207 0.279021548146221
0.079051349774694 0.0583807466872441 0.341088117158266 -0.317074742939671
0.111854278120592 -0.0296142996702453 0.0499775193261955 -0.174559174300006
0.00203119053839177 -0.104134021350522 0.0464457868936911 -0.0195262233369653
-0.0912627907858301 -0.0168286829154664 0.145271614241806 0.00637385637175487
-0.057450023467408 0.0777995974242715 0.20085514961785 -0.17081962623023
0.00347915076758559 0.0860716677851789 0.068324910386991 -0.352453683024281
0.049313390471506 0.0436001876670083 -0.0432294200335368 -0.428593469243483
0.078011150877607 0.0432039171084574 -0.0725007789668546 -0.436634209166126
0.061172206949764 0.0703630774368112 -0.0417129920009288 -0.426060268915529
0.0115457370738214 0.127708822826021 0.0770661725370992 -0.362937186632852
-0.0841078801611366 0.100081007202754 0.186525408190059 -0.210891937539876
-0.141775441506221 -0.0306219088528597 0.111656844379841 -0.0708337176717843
-0.0209658790161437 -0.159995955114438 0.078313019396478 -0.221438070704746
0.137699850265072 -0.0711343510984833 0.357844581529912 -0.318758215238192
0.114563067392835 0.0324319001103721 0.76733542808699 -0.180119286133861
0.253096085960097 -0.0230849793224852 0.294169373401374 -0.289129971862229
0.190074870128287 -0.148659469519711 0.0833699361484149 -0.149979360164514
-0.00850257677304394 -0.22266718002742 0.062381476828203 -0.0385233859722168
-0.189844137111502 -0.0655718663040388 0.11830359045602 -0.00845397489895145
-0.176466414705601 0.13625847096055 0.175614295681067 -0.136591151896506
-0.0572154113649991 0.221187591273143 0.0826573488533827 -0.306507104846386
0.0536035963223514 0.193601170991003 -0.0105580797795822 -0.379708700303511
0.102738702351997 0.201431341225069 -0.0364373068925052 -0.381054286229251
0.0721862438456162 0.235133328517013 -0.00862411807420042 -0.358466956616673
-0.044724597125685 0.317332706963045 0.0738940556987725 -0.288830046086572
-0.251771139106088 0.224942104721152 0.129340992874133 -0.154545553766629
-0.355882792821263 -0.0691729688809399 0.0530412946843957 -0.073165704626242
-0.130449272939952 -0.400692920198924 0.0404885021625471 -0.257667499886183
0.263770879988081 -0.337052712718363 0.318934774676831 -0.323392858828703
0.386808594646823 -0.125904407006252 0.670129325787623 -0.168032137685453
0.41261943379157 -0.102243675053904 0.184875398919029 -0.237259290950722
0.261606498308471 -0.278172258825975 0.0894702567007784 -0.0920867238324618
-0.0280730133194905 -0.349424256813078 0.0900510525837445 -0.0336310425239208
-0.293208525693215 -0.116782165192461 0.104650903862971 -0.0345965085295925
-0.292348109433365 0.183254063281201 0.127539290633116 -0.107617524908658
-0.115640983720908 0.336225974028489 0.0761455293028156 -0.22665335754967
0.0491088723582336 0.321553463398928 0.0195278225553056 -0.278361724352917
0.111966236707369 0.328585939734483 0.00433854884245621 -0.266676152463081
0.0748974804072538 0.360667780897371 0.0274913103221431 -0.233465634826865
-0.0819103981494742 0.461817266847284 0.0663485259914634 -0.165801683255528
-0.371559084670206 0.336403313353884 0.0571698478857096 -0.0618636886842784
-0.522063543601894 -0.0692644409612214 -0.0251259934103845 -0.0533585026855669
-0.250634931168417 -0.562872406944497 -0.0202531054390673 -0.258867502072592
0.318816680696671 -0.558728234530354 0.230696641637182 -0.291523033418373
0.581180854768198 -0.275300701802481 0.488314896718677 -0.112862623104033
0.53387286452464 -0.174689540139904 0.0122421512329509 -0.160456408950109
0.315207912067693 -0.4107136876529 0.0534037623234147 0.00573681126568347
-0.06688356389888 -0.478014840678162 0.114834770129147 0.0030948364441223
-0.39942871833207 -0.157189978916153 0.0908641729232151 -0.057401391952366
-0.386680349647703 0.222581628001445 0.0557301217729941 -0.070183940565155
-0.162803694838786 0.416694914516593 0.0495589517881008 -0.109879672839885
0.0398811451778721 0.407650214793591 0.0432285568783812 -0.133133294693171
0.103797159618877 0.403483238928433 0.0441290570132861 -0.112750110961534
0.0641408195055715 0.425393956846156 0.0644614441700935 -0.0740979319812504
-0.101644470671452 0.533943835410081 0.0595204954076396 -0.012356523736976
-0.420218330092446 0.400506486960608 -0.0163137215013172 0.0555349705066265
-0.596900324542085 -0.0430931882978534 -0.108289077512312 -0.0123819254428748
-0.335566540911714 -0.611505966700785 -0.0824631078489379 -0.220893578821529
0.298241032619147 -0.675861402109171 0.123441522810241 -0.215041479134106
0.659717117310997 -0.375116060713535 0.263140718823034 -0.0264109972915088
0.587650101586183 -0.224697712884287 -0.208839496275692 -0.0621062560553983
0.329242068340877 -0.505238924703249 -0.0256675572015801 0.139572579946137
-0.106648340205011 -0.554530671330507 0.118546410420411 0.0610688752688288
-0.460853474459152 -0.173575438349367 0.0558466896122991 -0.0641467336406534
-0.431062803819416 0.232048262947127 -0.0377913959580277 -0.0106293931407313
-0.183261056689393 0.435965006145584 0.0096253344179119 0.0377567111557156
0.0264141913616552 0.432302148913568 0.0604856478015325 0.0370507314655709
0.079455587682267 0.418002296955604 0.0774544246309024 0.0578283665179612
0.0414061527362827 0.42307272610661 0.0936702572932324 0.0921347983606082
-0.110024675912671 0.512492565448643 0.0511752502674353 0.139551789955837
-0.395264175798886 0.385114364983766 -0.0794902171929672 0.169031210348901
-0.548092294185702 -0.0248923605164752 -0.176033508262327 0.0332215526834595
-0.329789702078731 -0.540988563348806 -0.122027949218569 -0.158790895371282
0.23910739957415 -0.647948836565931 0.0270274347124034 -0.114070785999434
0.622633341446636 -0.396840813728024 0.0385779220135303 0.078912905815605
0.542776065169435 -0.239064911743806 -0.442387211624674 0.0427789959869553
0.284942980591224 -0.504512688983545 -0.133279647218284 0.277073803101548
-0.121916074981113 -0.517723023711763 0.0906512593357113 0.122000466872748
-0.426625238955385 -0.156347160179761 -0.000989966667040139 -0.0524814008194525
-0.388556984185522 0.196245592265076 -0.136836218338048 0.0619296403263445
-0.170879546798469 0.37690674289502 -0.033579787592467 0.189063031184489
0.00998577973346065 0.384820548932465 0.0706576726191659 0.206627020566462
0.0413361692056255 0.369302919483992 0.0988918467045232 0.219772872585241
0.0069511709797197 0.358575063827484 0.106138838320087 0.238797268721492
-0.109104206776162 0.406317913936136 0.0343455447595763 0.259078732943048
-0.315622011628204 0.28887176582172 -0.127093409309884 0.242255167947292
-0.399551575109848 -0.0279347406106797 -0.213598153938741 0.0569740702043174
-0.23991175594158 -0.388084765634088 -0.128457006881664 -0.0987852599025487
0.162336826406602 -0.497841584923047 -0.0379746215924406 -0.0224409617092334
0.49065311559758 -0.344360897673168 -0.141784008661511 0.17384471512072
0.395168260137757 -0.210369267154026 -0.638183157897433 0.133271524107595
0.177186439682077 -0.389909661397145 -0.24239049374991 0.381095764999174
-0.105288758528725 -0.355843936210249 0.0391550273229398 0.17313734145474
-0.28509578686425 -0.102513660045033 -0.0544210518049823 -0.0261065640204672
-0.263467910679135 0.117616473113469 -0.20988274387974 0.123535578219868
-0.126933144505764 0.245061677988953 -0.0699046591120644 0.309972237788166
-0.00993493797153538 0.273288845473251 0.0730186954159678 0.344757423191831
-0.00288212573364128 0.266060605586496 0.10699543564943 0.347489795608554
-0.0264153407142858 0.246071602213885 0.0988876697571796 0.34717776323115
-0.0967852961931543 0.24733026191787 0.00500362830586578 0.330132100240125
-0.20345345679844 0.154440706838002 -0.158470908596698 0.261304205245185
-0.210574759317469 -0.0336363935476777 -0.21792729153954 0.0511089845965769
-0.120500874851011 -0.201458977280975 -0.106830507768029 -0.0541280004676569
0.0747762620742862 -0.29295778592576 -0.0707400529327256 0.0385236235205643
0.301048562238406 -0.245560124761091 -0.257263382801003 0.237667259048054
0.168094239157209 -0.140975783602117 -0.755268737210884 0.19542758745146
0.0317418441412975 -0.195646893347678 -0.327434580156106 0.440802420994966
-0.0655664423100182 -0.117495748656262 -0.010406592198688 0.215947224876637
-0.0878673460640771 -0.030759422781775 -0.075000999327319 0.00763557645642316
-0.0903544138097771 0.0171880301785083 -0.237399221831129 0.153999122779562
-0.0637173671978438 0.070979909185489 -0.0907345657140335 0.375224035690828
-0.0319245369361054 0.11646698697588 0.0665439670540137 0.427505604382974
-0.0457199835021914 0.123943369741357 0.0984203853652847 0.422334223529053
-0.050323280563876 0.103210358060612 0.0718654570182514 0.407182630052811
-0.0657630082682566 0.0707875016837749 -0.0323039142082463 0.353363095188734
-0.0779097359573414 0.0256675210448336 -0.173642421909302 0.238767865637747
-0.038523115146793 -0.0215507448603314 -0.196635066721463 0.0283675599658636
-0.0306220362903397 -0.0261335198906029 -0.0764605598858647 -0.0208485486679015
-0.0205874263599604 -0.10153786610368 -0.0850715394770315 0.0711121360761894
0.0928224652910001 -0.135931791638307 -0.308595499091006 0.26695665001893
0.0785270899970472 0.0617698828536498 0.35045886328731 -0.311502402690164
0.115743095864537 -0.028991675702824 0.0544433939477125 -0.174542121716159
0.00525626371781521 -0.106337110861249 0.0471912692504083 -0.0203847989284097
-0.0921071974895843 -0.0191422242420734 0.146493518211695 0.00775437078066972
-0.0590526489791621 0.0781429040864334 0.204946479187439 -0.168599647774929
0.00253346513962566 0.0881771687189563 0.0726983246059579 -0.353353494840255
0.0479856722376234 0.0455574553988479 -0.0374641801609428 -0.434679488191549
0.0780266300650954 0.0442264107683723 -0.0670744299002526 -0.448087497938633
0.0621871572328543 0.0716137032015465 -0.0332570317979884 -0.432785527665285
0.0111304887000772 0.130155404227433 0.0862763454899182 -0.364955785982366
-0.0863997408765534 0.100170779907625 0.192254705345421 -0.209875281198006
-0.14290116077882 -0.0342363124247772 0.1125830788571 -0.0688681388197748
-0.016192977046956 -0.163584816385542 0.0827888759080531 -0.2236103763747
0.141376980863252 -0.0687082613760726 0.372070381944128 -0.317772710281799
0.114048502772366 0.0368772670652761 0.775479012452802 -0.161451287819231
0.255798709836975 -0.0152556562760807 0.300565930516502 -0.285260620501081
0.196846652694309 -0.145776462807913 0.0878255418891749 -0.149587018493592
-0.00223789564392972 -0.225877223574369 0.0642303690120199 -0.0402287595355304
-0.189710024188348 -0.0708496864911422 0.118998061949937 -0.00769770833631415
-0.180422441486768 0.134633826095609 0.1788792242062 -0.135035913882605
-0.0605278452999032 0.223507382853412 0.0864942353343519 -0.306928701337054
0.0492055609681044 0.197303806122167 -0.00389824720270683 -0.384649973717851
0.099099579348489 0.206093278923637 -0.0325439600351133 -0.390517125331438
0.0695096887449285 0.240144752049341 -0.00186376640752261 -0.365180838368555
-0.0487771650063376 0.321498511115238 0.0812838917172751 -0.29144195997865
-0.258106656050378 0.225266223523421 0.134754980812601 -0.153354292701888
-0.35809786950472 -0.078108957790406 0.0530355879561349 -0.0723816225068317
-0.122133811782129 -0.410794481067348 0.0429534537299619 -0.261079227931283
0.277471139798828 -0.337013317370478 0.330663434572092 -0.320519926659596
0.3918423303071 -0.116085741006849 0.676295537555627 -0.150748348752191
0.418748488340467 -0.0902385733329859 0.190288905075105 -0.236824825772858
0.271888024527893 -0.272693020492074 0.0933578913178915 -0.0920350131589438
-0.0181209738416135 -0.356006574608541 0.0940985583213203 -0.0339853810253134
-0.293483343168191 -0.124682890789856 0.106526246990171 -0.0345214282229238
-0.298324749127853 0.180952101547554 0.129323816678689 -0.105368358745203
-0.122239075813625 0.337548555675208 0.0778789122729528 -0.226544343978397
0.041607879249266 0.32675503388403 0.0241843009300656 -0.282050202913039
0.105447832835185 0.335686934654519 0.00748895028967853 -0.273900614410755
0.0692713535175649 0.366617910160341 0.0332102598553398 -0.238475542683383
-0.0896478972526235 0.466599771150425 0.071518213661343 -0.166879591697376
-0.38017661608955 0.335624764102033 0.0613143087971878 -0.0598993757956608
-0.526098168689151 -0.0822538744090267 -0.027059538562869 -0.0536780014399811
-0.24059484234098 -0.580362494916941 -0.0214507384244641 -0.264009522566668
0.335358913059317 -0.560892758483561 0.238830650102464 -0.288885616471694
0.590665822453813 -0.263216254137145 0.491711262110251 -0.0999191985359962
0.544529577539471 -0.159163755997351 0.0146167971831333 -0.164703286247658
0.329030162696522 -0.405398176934442 0.0548807853788352 0.00598607894169515
-0.0546717359712801 -0.486295400357122 0.120165133783352 0.00266299504398079
-0.398725430863238 -0.167704805249397 0.0931660289475388 -0.0570488091923611
-0.394620385109219 0.218050514549117 0.0558707081275689 -0.067708523773365
-0.172017640173654 0.416825107118557 0.0501131672617217 -0.110236426002357
0.0306587470568981 0.413445659107271 0.0451405395357306 -0.134710606678529
0.0953856683090833 0.414317222480752 0.0455017246047464 -0.116079301601319
0.056274020215047 0.432367174426269 0.0681267139588433 -0.0763190729662244
-0.109466106981515 0.537746400766277 0.0619089414753555 -0.0123749746169343
-0.431087291944909 0.399406738768494 -0.0144078359632279 0.0572502728589736
-0.600774523484297 -0.0605265218010931 -0.111101685285601 -0.0126304504687261
-0.325398925685352 -0.629306433691215 -0.0870637072941655 -0.226355177040078
0.320592796963392 -0.678508848370796 0.126662972131715 -0.21312861010878
0.674494398478061 -0.362436401712308 0.261121277145539 -0.0189109885118985
0.600405331139853 -0.210143732375545 -0.210595450841031 -0.0717535292052066
0.346372645299413 -0.500280961385078 -0.0284017499187132 0.13888227131702
-0.0935874021830092 -0.566161249821277 0.123600224505552 0.0627858092889919
-0.462552932906591 -0.18555471235919 0.0586885099340996 -0.0642702030066417
-0.439046106717108 0.226639888157423 -0.0407652128706332 -0.00898386634091045
-0.192743788460918 0.435972981636773 0.00725988042082891 0.0368693995007463
0.0157586982661653 0.438014825799211 0.0593240180373653 0.0387446683746301
0.0701792918268219 0.428301403864389 0.0770670090298856 0.0589288595782259
0.0317776717000116 0.430312046104893 0.0941586473464812 0.093208831522715
-0.118010890381442 0.518169699157614 0.0509779346019665 0.140685767413464
-0.406400519456162 0.383556120783441 -0.0794144597049838 0.171049675833003
-0.553432687249604 -0.0377444480638038 -0.180060249896782 0.032108078429594
-0.321780634049131 -0.558248027633751 -0.128524132720978 -0.164404498326705
0.257976096179212 -0.650644763159088 0.0262182369696486 -0.111297399363635
0.635088314946278 -0.384790276840733 0.0338423540009554 0.0821918906063429
0.557174959231583 -0.225816619842696 -0.448654714073767 0.028408741691612
0.299908015488615 -0.49922428520016 -0.13926002803356 0.275686124012729
-0.110926671128907 -0.529146666165617 0.0944712067570228 0.123983656391953
-0.426635027872725 -0.16696033045002 0.00111172234634111 -0.0537233095584209
-0.397128074923339 0.190794635071543 -0.142206728144595 0.0621308944926803
-0.179046501794441 0.376205368049638 -0.0392763620189146 0.188456830856963
0.00101396454966763 0.389561606871564 0.0664801987952367 0.210607855712857
0.0327035105515124 0.378467208828863 0.0961120092029271 0.224248083476209
-0.00215235972818265 0.364673537395852 0.10369062852236 0.243424773342797
-0.117682886703846 0.410220869886313 0.0311078806079304 0.261536425567898
-0.322321168678616 0.287722100291201 -0.128855214682744 0.243696704918497
-0.401534179631742 -0.036118235714602 -0.218005101197552 0.0558330933288535
-0.233934878211863 -0.398536222550362 -0.134716996336236 -0.103087145691539
0.175804528904993 -0.49974657170119 -0.0416133464965977 -0.0200987607433881
0.501486800996887 -0.335319514052389 -0.148428848447793 0.173443296230955
0.406878496064465 -0.202468673337191 -0.648198543521103 0.116030023084783
0.188714976372715 -0.389783161775802 -0.252845749560914 0.37993662585188
-0.0994205594812213 -0.363834357598837 0.0406364842581575 0.176096566764421
-0.286562592235615 -0.109832229219832 -0.0535029213282375 -0.0273639136804512
-0.269425888234234 0.113688006960966 -0.217020810496077 0.121571303656103
-0.134283987585445 0.244523379050107 -0.0775670326463288 0.31033262571493
-0.0156542225095245 0.276552040251566 0.0657917502149365 0.351178023103299
-0.00853489953992886 0.272692963515519 0.10277161262036 0.35563123401996
-0.0331718413594234 0.250089388155482 0.0934188036924128 0.353962922386686
-0.101315752341534 0.247726653231959 0.000452451168897237 0.332865044972451
-0.205936015853562 0.153468715484242 -0.160737825071083 0.262533448903249
-0.210886888534849 -0.0379865133032352 -0.221418924053023 0.0500119321838962
-0.117795493851661 -0.206019954637648 -0.112227380192897 -0.0579297983268259
0.082506525136152 -0.294696494113863 -0.0758398387618621 0.0400963492818756
0.309191578781495 -0.241078730248209 -0.263644371221193 0.234743322611091
0.175266952429104 -0.137455704822223 -0.767591479542778 0.176522523282132
0.0360606698232798 -0.196429616822734 -0.338945842013168 0.438062441647774
-0.0643511728920474 -0.120967009081894 -0.011913781798727 0.219322846094926
-0.0884004482374408 -0.0326531543417169 -0.0754863111385098 0.005975917504973
-0.0917287919800954 0.0155710505516309 -0.245248010333424 0.15214295276143
-0.0666301350621424 0.0699330030459021 -0.0998825614853491 0.375405160342786
-0.0340978889297656 0.116637600964311 0.0581488654407827 0.432375819775424
-0.0485569625159729 0.126895562426634 0.0943606948735095 0.433066952644118
-0.0543472174318985 0.104704668187611 0.0660411516026332 0.415205539515947
-0.0684082709774513 0.0694756746623844 -0.037912817655541 0.355678552267167
-0.0778705672127012 0.0240667531952344 -0.176571984697305 0.238055319395587
-0.03753078539626 -0.0222630732905849 -0.199005731819895 0.0269948798729086
-0.0316998992919931 -0.0254091411216505 -0.0796860530319127 -0.0223420295235487
-0.0184955443422565 -0.1030586302015 -0.0895240301140013 0.0725171386070452
0.0968783675212208 -0.135714901110238 -0.313243114905734 0.261675323338647
