TRXV5
3
4
4
9
string Extension=J
integer IsArchMeasurement=1
integer IsSpherical=1
string Generator=SPM
string GeneratorVersion=1.3.1 Dev
double ArchRadius=0.449999988079071
integer FrequencyAxisIndex=0
integer AzimuthAxisIndex=1
integer ElevationAxisIndex=2
Frequency
5 136 690000000 960000000 LIN
Azimuth
7 8 0 2.74889357189107 LIN
Elevation
7 15 -2.74889357189107 2.74889357189107 LIN
Polar H Real Part
13
Polar H Imaginary Part
14
Polar V Real Part
13
Polar V Imaginary Part
14
Polar H Magnitude (dB)
12 0xC0000002 0 1
Polar H Phase
7 0xC0000003 0 1
Polar V Magnitude (dB)
12 0xC0000002 2 3
Polar V Phase
7 0xC0000003 2 3
0.0382118225097656 0.0218315124511719 0.030029296875 0.108413696289062
0.0600624084472656 -0.00678634643554688 0.0380783081054688 0.0479011535644531
0.021759033203125 -0.0492286682128906 -0.00358772277832031 -0.0227565765380859
-0.019378662109375 -0.0424537658691406 -0.0592002868652344 -0.00831985473632813
-0.0307292938232422 -0.0201549530029297 -0.0625343322753906 0.0415763854980469
-0.037200927734375 -0.00151443481445313 -0.0430526733398438 0.0931930541992188
-0.0265274047851563 0.0138263702392578 -0.00441741943359374 0.118270874023437
-0.0240058898925781 0.00665664672851563 0.01470947265625 0.117233276367187
-0.0250625610351563 -0.00110816955566407 0.0037384033203125 0.109085083007813
-0.0194263458251953 -0.0081787109375 -0.0280838012695312 0.0906448364257812
-0.00544357299804688 -0.0113592147827148 -0.0386810302734375 0.0557746887207031
0.00296497344970703 -0.00952911376953125 -0.0298805236816406 0.0229644775390625
0.0110387802124023 0.00232124328613281 -0.003143310546875 0.0376815795898438
0.00833511352539063 0.0247058868408203 -0.00930786132812501 0.126129150390625
-0.0124588012695312 0.0334587097167969 -0.111358642578125 0.162094116210938
0.0572166442871094 -0.0453300476074219 0.0346450805664063 0.10650634765625
0.0569534301757813 -0.067535400390625 0.0397415161132813 0.0500984191894531
-0.00250244140625001 -0.0884933471679688 0.00407314300537109 -0.00985431671142579
-0.0594482421875 -0.0596771240234375 -0.0430145263671875 -7.62939453125001E-05
-0.0693511962890625 -0.0112342834472656 -0.0444793701171875 0.0381240844726563
-0.0661888122558594 0.0355987548828125 -0.0299911499023438 0.08349609375
-0.0373916625976562 0.0573883056640625 0.00557708740234375 0.102790832519531
-0.0330886840820312 0.0456047058105469 0.0228424072265625 0.101570129394531
-0.0381851196289063 0.04364013671875 0.0141220092773437 0.0971145629882813
-0.0457115173339844 0.0325851440429688 -0.01544189453125 0.0858993530273438
-0.0457687377929688 0.00884628295898438 -0.0249176025390625 0.05511474609375
-0.0453720092773438 -0.0123405456542969 -0.0195331573486328 0.0323925018310547
-0.0255851745605469 -0.0380172729492188 -0.00101089477539063 0.0563583374023438
0.000728607177734378 -0.0413627624511719 -0.014190673828125 0.133872985839844
0.00252532958984375 -0.0393829345703125 -0.113235473632813 0.165008544921875
0.0663375854492188 -0.108978271484375 0.0433197021484375 0.0871734619140625
0.04315185546875 -0.121696472167969 0.03973388671875 0.0412406921386719
-0.029632568359375 -0.116500854492188 0.00851106643676758 0.00290584564208984
-0.0930557250976562 -0.0681076049804688 -0.0230617523193359 0.00995063781738281
-0.098876953125 -0.000198364257812479 -0.0195579528808594 0.0310325622558594
-0.0859832763671875 0.0669403076171875 -0.0110549926757812 0.0632362365722656
-0.042694091796875 0.0922164916992188 0.0150146484375 0.0719985961914063
-0.0372695922851563 0.077606201171875 0.0281448364257812 0.0703125
-0.0450286865234375 0.0822601318359375 0.0218963623046875 0.0697479248046875
-0.0660171508789063 0.0688743591308594 -0.00112915039062501 0.0665321350097656
-0.08056640625 0.029205322265625 -0.00592803955078126 0.0454978942871094
-0.0892715454101562 -0.0126800537109375 -0.00419998168945313 0.0370559692382813
-0.0599517822265625 -0.0736160278320313 0.00328063964843749 0.0703964233398438
-0.0081787109375 -0.102394104003906 -0.0204620361328125 0.127220153808594
0.0145034790039062 -0.106597900390625 -0.107711791992188 0.145339965820313
0.064178466796875 -0.158935546875 0.0527305603027344 0.0504035949707031
0.019622802734375 -0.16162109375 0.0349254608154297 0.022165298461914
-0.0589828491210938 -0.129081726074219 0.00970363616943359 0.0129308700561523
-0.1173095703125 -0.063385009765625 -0.00104522705078126 0.0188846588134766
-0.114349365234375 0.0141983032226562 0.00808525085449218 0.0201053619384766
-0.0922622680664062 0.0901870727539063 0.00973320007324218 0.0343780517578125
-0.0410995483398437 0.113189697265625 0.0224552154541016 0.0306472778320313
-0.0367584228515625 0.097442626953125 0.0290164947509766 0.0279788970947266
-0.0465316772460938 0.107704162597656 0.0264930725097656 0.0306320190429688
-0.0764846801757813 0.0951690673828125 0.0143775939941406 0.0357246398925781
-0.103157043457031 0.0452194213867188 0.0155849456787109 0.0266819000244141
-0.120750427246094 -0.00997924804687498 0.0144119262695312 0.0355377197265625
-0.0873565673828125 -0.0984573364257812 0.00886535644531249 0.0760726928710938
-0.016632080078125 -0.146728515625 -0.025115966796875 0.104896545410156
0.0230255126953125 -0.157073974609375 -0.0942001342773437 0.105827331542969
0.0508880615234375 -0.186325073242188 0.0592422485351563 0.000499725341796864
-0.00749206542968748 -0.179855346679688 0.0248622894287109 -0.00514221191406251
-0.0830764770507813 -0.123802185058594 0.00757598876953124 0.0182399749755859
-0.126701354980469 -0.047515869140625 0.0201568603515625 0.0230045318603516
-0.112930297851563 0.0286483764648437 0.0327816009521484 0.0042572021484375
-0.084259033203125 0.101432800292969 0.0269279479980469 -0.000846862792968744
-0.0331878662109375 0.117645263671875 0.0256748199462891 -0.0150966644287109
-0.0311279296875 0.102935791015625 0.0255699157714844 -0.0184726715087891
-0.0413589477539062 0.116386413574219 0.0274868011474609 -0.0140514373779297
-0.0742568969726562 0.104927062988281 0.0290412902832031 -0.00234794616699218
-0.107597351074219 0.05322265625 0.0365028381347656 0.00188446044921875
-0.130462646484375 -0.00569915771484377 0.0337028503417969 0.0274181365966797
-0.0987548828125 -0.105003356933594 0.015472412109375 0.0721893310546875
-0.022186279296875 -0.165191650390625 -0.02862548828125 0.0706558227539062
0.025482177734375 -0.182601928710938 -0.0747222900390625 0.0535354614257813
0.0340576171875 -0.184616088867188 0.0633201599121094 -0.0548858642578125
-0.0276031494140625 -0.170166015625 0.0124969482421875 -0.0367088317871094
-0.090850830078125 -0.102737426757813 0.00267410278320312 0.0167169570922851
-0.117424011230469 -0.0267410278320313 0.0361404418945312 0.0201568603515625
-0.0956802368164062 0.0379409790039063 0.0505218505859375 -0.0146942138671875
-0.0648880004882813 0.0974273681640625 0.0372238159179687 -0.0364303588867187
-0.0203399658203125 0.1055908203125 0.0231590270996094 -0.0583686828613281
-0.0202789306640625 0.09222412109375 0.0181808471679688 -0.0627212524414063
-0.02960205078125 0.105369567871094 0.0254402160644531 -0.0575141906738281
-0.0579910278320313 0.0956268310546875 0.0413665771484375 -0.0396614074707031
-0.0913314819335938 0.0510177612304688 0.053070068359375 -0.0217666625976562
-0.114921569824219 0.000328063964843736 0.0485496520996094 0.0172233581542969
-0.0917816162109375 -0.091094970703125 0.0187721252441406 0.06011962890625
-0.024078369140625 -0.153900146484375 -0.0306301116943359 0.0300064086914062
0.020538330078125 -0.178802490234375 -0.0514335632324219 -0.00286102294921876
0.015716552734375 -0.152938842773438 0.067291259765625 -0.106124877929688
-0.0342559814453125 -0.134506225585938 0.00371932983398437 -0.0678215026855469
-0.0785064697265625 -0.0706329345703125 -0.00269222259521485 0.00717115402221679
-0.089141845703125 -0.00878906249999999 0.0449066162109375 0.0100860595703125
-0.066009521484375 0.0381851196289062 0.0570602416992187 -0.0335273742675781
-0.03839111328125 0.0779876708984375 0.0387001037597656 -0.0675163269042969
-0.00597381591796875 0.0771636962890625 0.0157318115234375 -0.0928573608398438
-0.00661849975585938 0.0675163269042969 0.008148193359375 -0.0969314575195313
-0.0132980346679687 0.0762710571289062 0.02056884765625 -0.0914154052734375
-0.03106689453125 0.0708541870117188 0.0484695434570312 -0.0689735412597656
-0.0573158264160156 0.0424079895019531 0.0633659362792969 -0.0387344360351563
-0.0789794921875 0.00902557373046874 0.056854248046875 0.00938796997070313
-0.0718002319335937 -0.0585861206054688 0.01885986328125 0.0448150634765625
-0.027435302734375 -0.11566162109375 -0.0304584503173828 -0.00842857360839845
0.0075225830078125 -0.147247314453125 -0.0292549133300781 -0.0534629821777344
-0.0019989013671875 -0.097991943359375 0.071624755859375 -0.144577026367188
-0.0285797119140625 -0.0786666870117188 0.0009765625 -0.0930404663085938
-0.0506057739257813 -0.033233642578125 -0.00701427459716797 -0.00746726989746094
-0.047698974609375 0.00531768798828125 0.0454902648925781 -0.00336837768554687
-0.0286521911621094 0.0281696319580078 0.0555992126464844 -0.0479011535644531
-0.010162353515625 0.0447235107421875 0.0332412719726562 -0.0886001586914063
0.00815582275390625 0.0371284484863281 0.00543975830078126 -0.113426208496094
0.00743293762207031 0.0325088500976563 -0.00303649902343749 -0.1165771484375
0.00590133666992187 0.0354766845703125 0.0141220092773438 -0.110275268554688
0.00271224975585937 0.0373573303222656 0.0505752563476563 -0.084869384765625
-0.0136318206787109 0.03094482421875 0.0648117065429688 -0.0464973449707031
-0.0327548980712891 0.0222682952880859 0.0565605163574219 0.00431060791015625
-0.04852294921875 -0.0138320922851562 0.0147438049316406 0.0288848876953125
-0.0338363647460937 -0.0605735778808594 -0.0299453735351562 -0.0375823974609375
-0.01214599609375 -0.0970306396484375 -0.0130233764648438 -0.090576171875
0.0462875366210938 0.020904541015625 0.04644775390625 0.1068115234375
0.0667877197265625 -0.0145301818847656 0.0476264953613281 0.04425048828125
0.0192184448242188 -0.0572586059570312 -0.00531578063964844 -0.0232410430908203
-0.02618408203125 -0.0452156066894531 -0.0614089965820313 -0.00317382812500001
-0.0374832153320313 -0.0193519592285156 -0.0594558715820312 0.0482673645019531
-0.0426979064941406 0.00361633300781249 -0.0339431762695313 0.0992202758789063
-0.02984619140625 0.0191478729248047 0.00901031494140625 0.120704650878906
-0.0279388427734375 0.0108928680419922 0.0285415649414062 0.117462158203125
-0.0307884216308594 0.0021820068359375 0.0165328979492188 0.110710144042969
-0.0242900848388672 -0.00836372375488281 -0.01812744140625 0.0959091186523438
-0.00751590728759766 -0.0151863098144531 -0.0340118408203125 0.0619163513183594
0.00392246246337891 -0.0138998031616211 -0.0290317535400391 0.0281581878662109
0.0165672302246094 0.00195407867431641 -0.00255584716796875 0.0391616821289063
0.0159778594970703 0.0292301177978516 0.00195312500000001 0.126266479492188
-0.00619125366210938 0.0415382385253906 -0.098876953125 0.1729736328125
0.0580329895019531 -0.0490875244140625 0.0521011352539063 0.106422424316406
0.0562973022460938 -0.0753326416015625 0.0499305725097656 0.0466842651367188
-0.00867462158203126 -0.0940093994140625 0.00535106658935547 -0.0110340118408203
-0.06787109375 -0.0584373474121094 -0.0430831909179688 0.0040130615234375
-0.0752105712890625 -0.006011962890625 -0.0400314331054687 0.0428657531738281
-0.0674972534179687 0.04339599609375 -0.019561767578125 0.08734130859375
-0.0349006652832031 0.0643692016601563 0.0185699462890625 0.10235595703125
-0.0315666198730469 0.0511512756347656 0.036590576171875 0.0994873046875
-0.0373344421386719 0.0489997863769531 0.02764892578125 0.0969924926757813
-0.0460166931152344 0.0365219116210937 -0.00414276123046875 0.0896987915039063
-0.0460395812988281 0.0103874206542969 -0.0181503295898437 0.0609283447265625
-0.0454368591308594 -0.0102729797363281 -0.0171356201171875 0.0375785827636719
-0.0252799987792969 -0.0349311828613281 0.002532958984375 0.0594863891601562
0.000751495361328127 -0.0378189086914063 -0.00212860107421876 0.136970520019531
0.000568389892578123 -0.0341720581054688 -0.100799560546875 0.177642822265625
0.05902099609375 -0.114791870117187 0.0599441528320313 0.0867462158203125
0.03582763671875 -0.128242492675781 0.0495796203613281 0.0382728576660156
-0.0393295288085937 -0.118629455566406 0.0119867324829102 0.00122070312499999
-0.102058410644531 -0.0625228881835937 -0.020477294921875 0.0124988555908203
-0.102783203125 0.00887298583984374 -0.0137252807617188 0.0333309173583984
-0.0825119018554688 0.0775833129882813 -0.00104141235351563 0.0643539428710938
-0.0353622436523438 0.0991897583007813 0.0262298583984375 0.0694427490234375
-0.0315933227539063 0.0838546752929688 0.0396728515625 0.0668525695800781
-0.0390701293945313 0.0893325805664063 0.0337867736816406 0.0679512023925781
-0.06134033203125 0.0766067504882813 0.0100593566894531 0.06927490234375
-0.07940673828125 0.0357818603515625 0.00104522705078125 0.0493392944335938
-0.09112548828125 -0.00474548339843751 -0.000213623046875002 0.0417442321777344
-0.065338134765625 -0.0677299499511719 0.00926971435546875 0.0743865966796875
-0.0158233642578125 -0.09942626953125 -0.00858306884765626 0.132186889648438
0.00527954101562501 -0.105354309082031 -0.09722900390625 0.159652709960937
0.0490875244140625 -0.165725708007812 0.0661125183105469 0.0508880615234375
0.00482177734375002 -0.165451049804688 0.0433349609375 0.0203971862792969
-0.0711212158203125 -0.126617431640625 0.0149869918823242 0.0114889144897461
-0.1259765625 -0.053802490234375 0.00352668762207031 0.0200881958007812
-0.115142822265625 0.0256271362304687 0.0142459869384766 0.0199546813964844
-0.08416748046875 0.101570129394531 0.0176658630371094 0.0321025848388672
-0.029541015625 0.119636535644531 0.029815673828125 0.0260066986083984
-0.0274429321289062 0.104118347167969 0.0363235473632813 0.0233535766601563
-0.0359115600585937 0.116020202636719 0.0350914001464844 0.0271396636962891
-0.0671768188476562 0.105110168457031 0.0234832763671875 0.0356407165527344
-0.100326538085938 0.0563812255859375 0.0217838287353516 0.0283451080322266
-0.123435974121094 0.0021209716796875 0.0202178955078125 0.0381851196289063
-0.0959548950195312 -0.089996337890625 0.0171966552734375 0.080413818359375
-0.030517578125 -0.145645141601563 -0.0157241821289063 0.111907958984375
0.0071258544921875 -0.160049438476562 -0.087249755859375 0.119606018066406
0.0314788818359375 -0.193832397460937 0.0676612854003906 0.000507354736328113
-0.027313232421875 -0.18072509765625 0.0302639007568359 -0.00535583496093751
-0.0970458984375 -0.116828918457031 0.0136260986328125 0.0176658630371094
-0.133697509765625 -0.0343780517578125 0.0260791778564453 0.0221996307373047
-0.111007690429688 0.0414505004882812 0.0380744934082031 0.00138473510742188
-0.0726699829101563 0.112022399902344 0.0323333740234375 -0.00551414489746093
-0.01898193359375 0.123016357421875 0.0277366638183594 -0.0210628509521484
-0.0193252563476563 0.108230590820313 0.0278759002685547 -0.02392578125
-0.02764892578125 0.123275756835938 0.0308570861816406 -0.0188484191894531
-0.0622634887695313 0.115257263183594 0.0344467163085937 -0.00478363037109374
-0.102943420410156 0.06610107421875 0.0414657592773438 0.000839233398437504
-0.132575988769531 0.00920867919921875 0.0395927429199219 0.0281524658203125
-0.109764099121094 -0.0951614379882813 0.024169921875 0.0758056640625
-0.0397491455078125 -0.164840698242188 -0.022491455078125 0.0780715942382812
0.00517272949218752 -0.187698364257812 -0.0727767944335938 0.06494140625
0.0120697021484375 -0.19268798828125 0.0652847290039063 -0.0553207397460938
-0.049224853515625 -0.169937133789062 0.0132026672363281 -0.03515625
-0.104736328125 -0.0936813354492188 0.00807571411132812 0.0165023803710937
-0.122947692871094 -0.012664794921875 0.0422172546386719 0.017486572265625
-0.0917205810546875 0.0510101318359375 0.0533599853515625 -0.0193939208984375
-0.051300048828125 0.10638427734375 0.0384750366210938 -0.0421409606933594
-0.00547027587890626 0.108619689941406 0.0201797485351563 -0.0642433166503906
-0.00782775878906251 0.095855712890625 0.0147819519042969 -0.0674858093261719
-0.0155715942382812 0.110588073730469 0.02349853515625 -0.0625686645507813
-0.0457382202148438 0.104377746582031 0.0420761108398438 -0.0443916320800781
-0.0860519409179688 0.0634765625 0.0556602478027344 -0.0266075134277344
-0.116195678710938 0.0150985717773438 0.0539817810058594 0.0152320861816406
-0.103019714355469 -0.0807342529296875 0.0274810791015625 0.0628166198730469
-0.0427093505859375 -0.1536865234375 -0.0282821655273437 0.0372962951660156
-0.000778198242187499 -0.185104370117188 -0.055450439453125 0.00497055053710937
-0.00286865234374998 -0.160903930664063 0.0625839233398438 -0.108100891113281
-0.0535964965820312 -0.134475708007813 -0.000167846679687508 -0.0654792785644531
-0.0911102294921875 -0.0625228881835937 0.0015578269958496 0.00842714309692382
-0.0927658081054688 0.00402069091796876 0.0491600036621094 0.00610733032226562
-0.0612945556640625 0.0485687255859375 0.0577545166015625 -0.0396537780761719
-0.0256423950195313 0.0846786499023437 0.035125732421875 -0.0738296508789062
0.00741577148437499 0.0780487060546875 0.00758361816406249 -0.0981216430664063
0.00409317016601562 0.069091796875 -0.0012359619140625 -0.100990295410156
-0.000808715820312507 0.0787277221679688 0.013427734375 -0.0961227416992188
-0.0197525024414063 0.0758514404296875 0.0459213256835938 -0.0752639770507813
-0.0512733459472656 0.0512733459472656 0.0629959106445312 -0.0450401306152344
-0.0783309936523438 0.0212860107421875 0.0609245300292969 0.00555801391601563
-0.0803070068359375 -0.04833984375 0.0256309509277344 0.0460662841796875
-0.043609619140625 -0.115066528320312 -0.0334434509277344 -0.00213813781738282
-0.01263427734375 -0.153289794921875 -0.0387229919433594 -0.0488700866699219
-0.0145492553710937 -0.104141235351563 0.061767578125 -0.149490356445313
-0.042388916015625 -0.0794754028320313 -0.006317138671875 -0.0916595458984375
-0.0591964721679687 -0.0289726257324219 -0.00490188598632813 -0.00699996948242188
-0.0500946044921875 0.0138359069824219 0.0474853515625 -0.00865936279296875
-0.0249443054199219 0.0354728698730469 0.0522041320800781 -0.0552635192871094
-4.95910644531219E-05 0.0485038757324219 0.0256195068359375 -0.0945053100585938
0.0174980163574219 0.0361328125 -0.00727081298828126 -0.116859436035156
0.0149192810058594 0.0309848785400391 -0.0159759521484375 -0.118537902832031
0.0147171020507813 0.0346202850341797 0.0034942626953125 -0.113449096679688
0.01226806640625 0.0375251770019531 0.0444259643554687 -0.091522216796875
-0.00675582885742188 0.035064697265625 0.0626907348632813 -0.0528640747070313
-0.0292568206787109 0.0305995941162109 0.059051513671875 0.000106811523437502
-0.0529747009277344 -0.00457763671875 0.0185642242431641 0.0291461944580078
-0.0464706420898438 -0.0581321716308594 -0.0366973876953125 -0.0325050354003906
-0.0286941528320312 -0.100532531738281 -0.0271377563476563 -0.0888748168945313
0.0531120300292969 0.0182113647460938 0.0599594116210937 0.0975341796875
0.0696792602539063 -0.0240135192871094 0.0542373657226563 0.0366859436035156
0.014434814453125 -0.0634078979492188 -0.00592231750488281 -0.0234889984130859
-0.0330123901367188 -0.0457038879394531 -0.0600242614746094 0.00255203247070312
-0.0431785583496094 -0.0158233642578125 -0.0535202026367188 0.0524253845214844
-0.0466194152832031 0.00988769531249999 -0.023834228515625 0.0995635986328125
-0.0311298370361328 0.0248489379882812 0.0210800170898437 0.115707397460938
-0.0300712585449219 0.0156440734863281 0.0403594970703125 0.111091613769531
-0.0348072052001953 0.00727844238281251 0.0284500122070313 0.106575012207031
-0.0296306610107422 -0.00687599182128906 -0.00715637207031251 0.0961532592773437
-0.0109748840332031 -0.0182647705078125 -0.0267982482910156 0.0654106140136719
0.00406074523925781 -0.0181694030761719 -0.0264911651611328 0.0325965881347656
0.0217475891113281 -0.00132179260253906 -0.00166702270507813 0.0385894775390625
0.0246410369873047 0.0304527282714844 0.0107650756835938 0.120948791503906
0.00310516357421875 0.0468597412109375 -0.0838470458984375 0.173721313476563
0.0566978454589844 -0.0507850646972656 0.0667343139648438 0.0976638793945312
0.0537643432617187 -0.0811920166015625 0.0579185485839844 0.0390243530273437
-0.0154647827148437 -0.0960845947265625 0.00620079040527344 -0.01287841796875
-0.073760986328125 -0.0543365478515625 -0.0407524108886719 0.00727462768554686
-0.0779800415039063 9.91821289062513E-05 -0.0335044860839844 0.0444831848144531
-0.0653724670410156 0.0506706237792969 -0.00931549072265625 0.0854873657226563
-0.0307693481445312 0.0682487487792969 0.0297927856445313 0.0961456298828125
-0.029327392578125 0.0547676086425781 0.048095703125 0.0915298461914062
-0.0360679626464844 0.0532112121582031 0.0395126342773438 0.0908737182617188
-0.0450935363769531 0.0384979248046875 0.00721740722656249 0.0883407592773438
-0.0457038879394531 0.0110244750976563 -0.00992965698242188 0.0633087158203125
-0.0439376831054688 -0.00960159301757812 -0.0127067565917969 0.0413322448730469
-0.0223102569580078 -0.0325279235839844 0.00609207153320312 0.0597419738769531
0.00232887268066406 -0.0333499908447266 0.00872802734374999 0.132888793945312
0.00181007385253907 -0.0275020599365234 -0.084625244140625 0.181442260742188
0.0507125854492188 -0.11383056640625 0.0744781494140625 0.0795440673828125
0.0277099609375 -0.128273010253906 0.0578422546386719 0.03143310546875
-0.0472488403320313 -0.115615844726563 0.0152301788330078 -0.00189781188964845
-0.106513977050781 -0.05438232421875 -0.017059326171875 0.0139389038085937
-0.101730346679687 0.0171661376953125 -0.0075817108154297 0.0328865051269531
-0.0751190185546875 0.0838470458984375 0.00823593139648437 0.0599365234375
-0.0263671875 0.101142883300781 0.0340919494628906 0.0616798400878906
-0.02447509765625 0.08660888671875 0.0484428405761719 0.0578155517578125
-0.0322189331054687 0.0921707153320313 0.0437355041503906 0.0605545043945313
-0.0544052124023437 0.0801010131835938 0.0208015441894531 0.0668373107910156
-0.0747833251953125 0.0404891967773437 0.00965118408203125 0.050567626953125
-0.0878524780273438 0.00186920166015625 0.00574874877929687 0.0446281433105469
-0.0655136108398438 -0.0599250793457031 0.0152664184570312 0.0749053955078125
-0.0202789306640625 -0.0928192138671875 0.00263214111328124 0.130790710449219
-0.00204467773437501 -0.0983123779296875 -0.0819244384765625 0.16571044921875
0.0338134765625 -0.163421630859375 0.0783462524414063 0.0452117919921875
-0.0080413818359375 -0.160003662109375 0.0497322082519531 0.0154228210449219
-0.079132080078125 -0.118721008300781 0.0195083618164062 0.00860977172851562
-0.127700805664063 -0.0417404174804687 0.00835037231445312 0.0184440612792969
-0.11065673828125 0.0352020263671875 0.0191841125488281 0.0170192718505859
-0.0725784301757812 0.106330871582031 0.0246829986572266 0.0264987945556641
-0.0174636840820313 0.119293212890625 0.0344429016113281 0.0188407897949219
-0.0169906616210938 0.104598999023437 0.0411376953125 0.0155143737792969
-0.02398681640625 0.117149353027344 0.0411796569824219 0.020111083984375
-0.0557785034179688 0.108840942382812 0.0318412780761719 0.0322704315185547
-0.0925140380859375 0.0635452270507813 0.0291080474853516 0.0272312164306641
-0.118614196777344 0.0131607055664063 0.0259742736816406 0.0395393371582031
-0.098541259765625 -0.0779190063476562 0.0253143310546875 0.0801467895507813
-0.0407333374023437 -0.136871337890625 -0.00456237792968749 0.113105773925781
-0.007080078125 -0.152740478515625 -0.0757827758789062 0.127090454101563
0.011260986328125 -0.19012451171875 0.075042724609375 -0.00135040283203126
-0.0447235107421875 -0.171463012695313 0.0351085662841797 -0.00667190551757814
-0.104629516601563 -0.104377746582031 0.0188827514648437 0.0152626037597656
-0.133018493652344 -0.0204010009765625 0.0307769775390625 0.0194377899169922
-0.103363037109375 0.0513992309570313 0.0417633056640625 -0.002685546875
-0.0577850341796875 0.115043640136719 0.0355072021484375 -0.0114974975585937
-0.00482940673828125 0.120086669921875 0.0278797149658203 -0.0267581939697266
-0.00704193115234375 0.107406616210938 0.0275650024414062 -0.0296516418457031
-0.0130615234375 0.122779846191406 0.0322074890136719 -0.02435302734375
-0.0478057861328125 0.117813110351563 0.038787841796875 -0.00872802734374999
-0.0936050415039062 0.0743179321289063 0.0453720092773438 -0.00225067138671875
-0.127151489257813 0.0226593017578125 0.0448341369628906 0.0273399353027344
-0.113754272460938 -0.0812149047851562 0.0331268310546875 0.0750350952148438
-0.053802490234375 -0.155807495117188 -0.0137176513671875 0.0820465087890625
-0.0144500732421875 -0.181243896484375 -0.0657196044921875 0.0740127563476563
-0.00927734375000002 -0.189056396484375 0.0671615600585938 -0.054168701171875
-0.0672149658203125 -0.158859252929688 0.0150966644287109 -0.0333423614501953
-0.11187744140625 -0.079376220703125 0.0139970779418945 0.0150547027587891
-0.120613098144531 0.00186157226562499 0.0458755493164062 0.0129890441894531
-0.0821533203125 0.0598297119140625 0.0540542602539062 -0.0245361328125
-0.0357894897460938 0.1075439453125 0.0375823974609375 -0.0474395751953125
0.00872802734375 0.103912353515625 0.0151557922363281 -0.0674057006835937
0.00439453125000001 0.0936126708984375 0.00959014892578125 -0.0703582763671875
-0.000976562499999996 0.107765197753906 0.0198097229003906 -0.0660972595214844
-0.0309371948242188 0.105445861816406 0.0414505004882813 -0.0486831665039063
-0.0755844116210938 0.0709915161132812 0.0560531616210937 -0.0305519104003906
-0.110000610351563 0.0286102294921875 0.0570144653320312 0.0123748779296875
-0.106651306152344 -0.0663070678710938 0.0355453491210938 0.0614356994628906
-0.058685302734375 -0.144134521484375 -0.02349853515625 0.0424880981445312
-0.02252197265625 -0.179428100585938 -0.0550575256347656 0.01422119140625
-0.0229034423828125 -0.159042358398438 0.0578765869140625 -0.105133056640625
-0.0705108642578125 -0.125526428222656 -0.0017242431640625 -0.0610122680664063
-0.0976638793945313 -0.05029296875 0.00610589981079101 0.00772523880004882
-0.0907440185546875 0.0167617797851562 0.051025390625 0.000984191894531251
-0.0523109436035156 0.0557212829589844 0.0551681518554687 -0.044281005859375
-0.0118408203125 0.0844192504882813 0.0302505493164063 -0.076568603515625
0.019256591796875 0.07232666015625 -0.00115203857421875 -0.0981674194335938
0.0145492553710938 0.0649681091308594 -0.00954437255859374 -0.100028991699219
0.010986328125 0.0748367309570313 0.00555419921875 -0.0971755981445313
-0.0064849853515625 0.0749359130859375 0.040496826171875 -0.0788345336914063
-0.0413169860839844 0.0558967590332031 0.0611152648925781 -0.0498886108398437
-0.0712509155273437 0.0317916870117188 0.0623245239257813 0.00121307373046875
-0.0828323364257813 -0.035491943359375 0.0315093994140625 0.0445785522460938
-0.0582656860351562 -0.105827331542969 -0.0325870513916016 0.00491714477539063
-0.032958984375 -0.14837646484375 -0.0452041625976563 -0.040435791015625
-0.0291290283203125 -0.104278564453125 0.05194091796875 -0.14617919921875
-0.0551376342773438 -0.074859619140625 -0.0114059448242188 -0.0858078002929688
-0.0648040771484375 -0.0204238891601562 -0.00220298767089844 -0.00665712356567383
-0.0488853454589844 0.022705078125 0.0477371215820313 -0.0143928527832031
-0.0181236267089844 0.0405426025390625 0.0467987060546875 -0.0596809387207031
0.01007080078125 0.0468902587890625 0.0169219970703125 -0.095550537109375
0.0255470275878906 0.0303745269775391 -0.0185928344726563 -0.113601684570313
0.0214138031005859 0.0262813568115234 -0.0275115966796875 -0.114822387695313
0.0222568511962891 0.0295982360839844 -0.00749206542968751 -0.111663818359375
0.0208377838134766 0.033782958984375 0.0363922119140625 -0.0936355590820313
0.00144195556640625 0.035980224609375 0.0578117370605469 -0.05712890625
-0.0220222473144531 0.0365333557128906 0.0591545104980469 -0.00451278686523437
-0.0524330139160156 0.00554656982421876 0.0221405029296875 0.0284671783447266
-0.0560836791992188 -0.050262451171875 -0.0405235290527344 -0.024200439453125
-0.0448989868164063 -0.0966415405273438 -0.038604736328125 -0.0808334350585938
0.0580825805664063 0.0145988464355469 0.06658935546875 0.0855865478515625
0.0705795288085938 -0.0326080322265625 0.0569419860839844 0.0280342102050781
0.0091094970703125 -0.0675048828125 -0.00664710998535156 -0.0240554809570313
-0.0389137268066406 -0.0449028015136719 -0.057586669921875 0.00537490844726562
-0.0470314025878906 -0.0121307373046875 -0.0479774475097656 0.0522346496582031
-0.0476951599121094 0.0164794921875 -0.0168533325195313 0.0958633422851562
-0.0311450958251953 0.0300045013427734 0.0277175903320313 0.107803344726563
-0.0304431915283203 0.0206356048583984 0.0468215942382813 0.101303100585938
-0.0373878479003906 0.0129203796386719 0.03533935546875 0.0982589721679688
-0.0337448120117188 -0.00422286987304687 0.00057983398437499 0.0921173095703125
-0.0150260925292969 -0.0203495025634766 -0.02008056640625 0.0656051635742188
0.00293159484863281 -0.0222244262695313 -0.0231990814208984 0.0349674224853516
0.0256156921386719 -0.00472640991210938 -0.00219726562499999 0.0388946533203125
0.0333385467529297 0.0295448303222656 0.014251708984375 0.112586975097656
0.0124473571777344 0.0491676330566406 -0.0734405517578125 0.167373657226563
0.0569610595703125 -0.0500602722167969 0.07550048828125 0.085357666015625
0.0517196655273438 -0.0839920043945312 0.061309814453125 0.0300559997558594
-0.0199050903320312 -0.0959548950195313 0.00647735595703125 -0.0149860382080078
-0.0774459838867188 -0.0503692626953125 -0.037322998046875 0.00865936279296875
-0.0779495239257813 0.00485992431640624 -0.0275917053222656 0.0430450439453125
-0.0629653930664062 0.0549736022949219 -0.002532958984375 0.0799331665039063
-0.0274238586425781 0.0700798034667969 0.0354461669921875 0.08648681640625
-0.0268287658691406 0.0568923950195312 0.053375244140625 0.081085205078125
-0.0346870422363281 0.055938720703125 0.0462265014648438 0.0816497802734375
-0.0443496704101562 0.0399360656738281 0.0158157348632812 0.0833358764648438
-0.0452842712402344 0.0101356506347656 -0.00238800048828126 0.0627174377441406
-0.0414352416992188 -0.0103683471679688 -0.00800704956054688 0.0436172485351563
-0.0178699493408203 -0.0307693481445313 0.00776290893554688 0.0592880249023437
0.00799179077148438 -0.0291996002197266 0.0141372680664062 0.126060485839844
0.00541114807128906 -0.0213146209716797 -0.0720367431640625 0.17718505859375
0.04571533203125 -0.108619689941406 0.0834808349609375 0.06951904296875
0.0237274169921875 -0.125679016113281 0.0620040893554687 0.0231399536132812
-0.0500259399414063 -0.111343383789063 0.0161724090576172 -0.00484085083007813
-0.106559753417969 -0.0485763549804687 -0.0129842758178711 0.0132646560668945
-0.0984039306640625 0.0214996337890625 -0.00230216979980469 0.0295867919921875
-0.0689926147460938 0.0855178833007813 0.0136680603027344 0.0533981323242188
-0.020721435546875 0.0996932983398438 0.0381202697753906 0.0524559020996094
-0.0197982788085937 0.0856170654296875 0.0518913269042969 0.047576904296875
-0.0272903442382813 0.0919189453125 0.049285888671875 0.0510826110839844
-0.0489959716796875 0.0797576904296875 0.0286102294921875 0.0608940124511719
-0.0706634521484375 0.0406494140625 0.0166206359863281 0.0489006042480469
-0.0826644897460938 0.00442504882812501 0.01080322265625 0.0456771850585937
-0.0611038208007813 -0.0544624328613281 0.0191421508789063 0.0737380981445313
-0.019287109375 -0.0848846435546875 0.00977325439453126 0.126274108886719
-0.00330352783203124 -0.0887374877929688 -0.0696868896484375 0.163909912109375
0.0243988037109375 -0.154083251953125 0.0871429443359375 0.0382537841796875
-0.0141754150390625 -0.151626586914063 0.0548515319824219 0.00947570800781249
-0.0806198120117188 -0.109962463378906 0.0218391418457031 0.00446319580078124
-0.124374389648438 -0.0339431762695313 0.011876106262207 0.0163688659667969
-0.103591918945312 0.0393524169921875 0.0233173370361328 0.0128116607666016
-0.063262939453125 0.105453491210937 0.0281410217285156 0.0191421508789063
-0.0093231201171875 0.114463806152344 0.0356521606445313 0.0109367370605469
-0.00992584228515624 0.101608276367188 0.0429878234863281 0.00708389282226563
-0.015899658203125 0.113639831542969 0.0441360473632812 0.0123176574707031
-0.0464630126953125 0.107276916503906 0.0377998352050781 0.0271644592285156
-0.0847625732421875 0.0650253295898438 0.0345821380615234 0.0250148773193359
-0.110954284667969 0.0189132690429687 0.0312728881835937 0.0390586853027344
-0.094757080078125 -0.0688018798828125 0.0308685302734375 0.0782852172851563
-0.0431365966796875 -0.126289367675781 0.00308990478515626 0.1104736328125
-0.0142974853515625 -0.141281127929687 -0.0648727416992187 0.128730773925781
-0.00177001953125 -0.1783447265625 0.0818328857421875 -0.00447082519531251
-0.0520172119140625 -0.157821655273438 0.0396881103515625 -0.00880813598632814
-0.104263305664063 -0.0927963256835938 0.0223751068115234 0.0115413665771484
-0.126861572265625 -0.0110092163085937 0.0339832305908203 0.0155467987060547
-0.09423828125 0.0546188354492187 0.0438728332519531 -0.00695037841796875
-0.0464324951171875 0.111579895019531 0.0369110107421875 -0.0175628662109375
0.00389099121093749 0.1124267578125 0.0267486572265625 -0.0313549041748047
0.00107574462890625 0.101776123046875 0.0265464782714844 -0.0348644256591797
-0.0030975341796875 0.116851806640625 0.0324440002441406 -0.0299930572509766
-0.0359649658203125 0.114768981933594 0.0416526794433594 -0.0132789611816406
-0.0832977294921875 0.0764923095703125 0.0485877990722656 -0.00497055053710937
-0.117904663085938 0.0301132202148437 0.04852294921875 0.0251502990722656
-0.110816955566406 -0.0690155029296875 0.0393218994140625 0.0723342895507813
-0.059722900390625 -0.143447875976563 -0.006805419921875 0.0822525024414062
-0.025421142578125 -0.168182373046875 -0.0585479736328125 0.07830810546875
-0.0242156982421875 -0.17767333984375 0.070404052734375 -0.0524139404296875
-0.0766143798828125 -0.144058227539062 0.0188331604003906 -0.0309047698974609
-0.111503601074219 -0.0662765502929688 0.0182781219482422 0.0121364593505859
-0.112876892089844 0.01190185546875 0.0480270385742187 0.00904464721679688
-0.071502685546875 0.0623779296875 0.0535888671875 -0.0282058715820313
-0.0236129760742188 0.101959228515625 0.0363121032714844 -0.0510940551757812
0.0173110961914063 0.0944595336914063 0.0115089416503906 -0.0690116882324219
0.0117874145507813 0.0867843627929688 0.00621795654296874 -0.0714492797851563
0.00866699218750001 0.100830078125 0.0167694091796875 -0.0680274963378906
-0.0187149047851563 0.101127624511719 0.0407028198242188 -0.0517082214355469
-0.06439208984375 0.07281494140625 0.05645751953125 -0.033294677734375
-0.100028991699219 0.0356674194335937 0.0597496032714844 0.01007080078125
-0.104156494140625 -0.0536346435546875 0.0413436889648437 0.0581436157226562
-0.0663833618164063 -0.131423950195312 -0.0179595947265625 0.0454063415527344
-0.03607177734375 -0.16656494140625 -0.0520706176757813 0.0219039916992187
-0.03717041015625 -0.150283813476563 0.0571136474609375 -0.099334716796875
-0.0802230834960937 -0.112319946289063 -6.86645507812493E-05 -0.0551033020019531
-0.098602294921875 -0.0379257202148438 0.0102987289428711 0.00569343566894531
-0.0839157104492188 0.0260467529296875 0.0512809753417969 -0.00312042236328125
-0.0423660278320312 0.0585556030273438 0.0520820617675781 -0.0469284057617188
-0.000503540039062502 0.07867431640625 0.0264739990234375 -0.0774078369140625
0.02655029296875 0.0635833740234375 -0.00675201416015624 -0.0949630737304688
0.0206489562988281 0.0581207275390625 -0.0155029296875 -0.0971298217773438
0.0187110900878906 0.0673027038574219 0.000389099121093761 -0.0951309204101563
0.00344848632812499 0.06884765625 0.0369415283203125 -0.0794296264648438
-0.0312767028808594 0.0560951232910156 0.0580635070800781 -0.0519866943359375
-0.0618896484375 0.0375480651855469 0.0626029968261719 -0.00173568725585937
-0.079925537109375 -0.0241851806640625 0.0356483459472656 0.0420188903808594
-0.0657958984375 -0.093780517578125 -0.0298404693603516 0.0105724334716797
-0.046661376953125 -0.136917114257813 -0.0468292236328125 -0.0300712585449219
-0.0402603149414063 -0.100425720214844 0.046905517578125 -0.137886047363281
-0.0637741088867188 -0.0673065185546875 -0.011474609375 -0.0782318115234375
-0.0673027038574219 -0.0115089416503906 0.000941753387451168 -0.00720691680908203
-0.0451202392578125 0.0298118591308594 0.0458755493164063 -0.0181312561035156
-0.0111808776855469 0.0423088073730469 0.0418434143066406 -0.0605430603027344
0.0178260803222656 0.0429000854492188 0.0108184814453125 -0.0929031372070313
0.0301685333251953 0.0233993530273438 -0.0255584716796875 -0.106925964355469
0.0253067016601563 0.0204849243164062 -0.0338363647460938 -0.107688903808594
0.0268173217773438 0.0231342315673828 -0.0135879516601563 -0.106475830078125
0.0273666381835938 0.0275096893310547 0.0306930541992188 -0.0921707153320313
0.00877189636230469 0.0342674255371094 0.0534515380859375 -0.0579605102539063
-0.013946533203125 0.0398597717285156 0.0575981140136719 -0.00711441040039062
-0.0489273071289063 0.0139846801757813 0.0243549346923828 0.0268459320068359
-0.0621109008789062 -0.0404205322265625 -0.0402374267578125 -0.016448974609375
-0.0567474365234375 -0.0877914428710938 -0.0451622009277344 -0.0690383911132813
0.0629158020019531 0.0114364624023437 0.0687637329101563 0.074676513671875
0.07061767578125 -0.040252685546875 0.056854248046875 0.0207672119140625
0.0047149658203125 -0.071044921875 -0.00639915466308594 -0.0251140594482422
-0.0443115234375 -0.0446205139160156 -0.0558242797851563 0.00579833984375
-0.0504226684570313 -0.00840759277343749 -0.0452461242675781 0.0503158569335938
-0.0488624572753906 0.0220832824707031 -0.0138320922851563 0.0916366577148438
-0.0306587219238281 0.0350761413574219 0.0292510986328125 0.101234436035156
-0.0311813354492188 0.0251274108886719 0.0479278564453125 0.0940399169921875
-0.0393333435058594 0.0185165405273437 0.0377349853515625 0.091400146484375
-0.0379562377929688 -0.00143051147460937 0.0040435791015625 0.0876541137695313
-0.0195503234863281 -0.0221710205078125 -0.0157585144042969 0.0641021728515625
0.000944137573242189 -0.0266532897949219 -0.0211639404296875 0.0362586975097656
0.0295181274414063 -0.00899505615234375 -0.00424575805664062 0.0393524169921875
0.0418357849121094 0.0273094177246094 0.0131988525390625 0.106582641601563
0.0211982727050781 0.0496711730957031 -0.07080078125 0.159133911132813
0.0597801208496094 -0.0484504699707031 0.0789642333984375 0.0747146606445312
0.0522384643554687 -0.0872955322265625 0.0627288818359375 0.022796630859375
-0.0221939086914063 -0.0973968505859375 0.00643730163574219 -0.0167732238769531
-0.0799179077148437 -0.0488662719726563 -0.0348491668701172 0.00827598571777343
-0.0789413452148438 0.00751495361328126 -0.0243644714355469 0.0399703979492188
-0.0623550415039063 0.0582809448242188 0.00038909912109375 0.0739898681640625
-0.0264434814453125 0.0720596313476563 0.036041259765625 0.0786285400390625
-0.0260963439941406 0.0592384338378906 0.0541839599609375 0.0726165771484375
-0.0349464416503906 0.0588455200195313 0.0483016967773438 0.0730438232421875
-0.0457191467285156 0.0406684875488281 0.0203628540039063 0.0779495239257813
-0.0469131469726563 0.00803756713867188 0.00259017944335937 0.0605545043945313
-0.040283203125 -0.0131568908691406 -0.00464630126953125 0.0447044372558594
-0.0120048522949219 -0.0323410034179688 0.0081024169921875 0.0594291687011719
0.0153007507324219 -0.0275535583496094 0.0146484375 0.120521545410156
0.0119562149047852 -0.0161828994750977 -0.0677032470703125 0.170196533203125
0.046356201171875 -0.103126525878906 0.0888671875 0.05963134765625
0.0242385864257812 -0.123382568359375 0.0639991760253906 0.015716552734375
-0.0499420166015625 -0.109878540039062 0.0168781280517578 -0.00786209106445313
-0.106315612792969 -0.0459442138671875 -0.00990676879882813 0.0112218856811523
-0.096405029296875 0.02252197265625 0.000724792480468743 0.0251922607421875
-0.0664291381835938 0.0857620239257812 0.0158958435058594 0.0466690063476563
-0.0182876586914063 0.0983963012695312 0.0385017395019531 0.0446434020996094
-0.0185470581054688 0.08526611328125 0.0523643493652344 0.0392799377441406
-0.0255050659179688 0.0909500122070313 0.0505027770996094 0.0434684753417969
-0.0474319458007813 0.0777969360351563 0.0333480834960938 0.0552749633789063
-0.0690498352050781 0.0393218994140625 0.0214576721191406 0.0462913513183594
-0.0784225463867188 0.00302124023437501 0.0149879455566406 0.0464706420898438
-0.0546684265136719 -0.0528640747070312 0.0215377807617187 0.0733642578125
-0.0131988525390625 -0.0799484252929688 0.0123519897460937 0.122169494628906
0.000183105468749992 -0.0803375244140625 -0.0637664794921875 0.159255981445313
0.0223388671875 -0.144363403320313 0.0932693481445313 0.0314178466796875
-0.013885498046875 -0.144241333007813 0.0586471557617187 0.00410079956054687
-0.078125 -0.105392456054687 0.0234432220458984 0.000587463378906243
-0.120323181152344 -0.0306777954101563 0.014369010925293 0.0135164260864258
-0.0998764038085937 0.0388336181640625 0.0259571075439453 0.00851631164550781
-0.0586700439453125 0.102142333984375 0.0296669006347656 0.0127830505371094
-0.00722503662109375 0.10968017578125 0.0350170135498047 0.00395774841308594
-0.00749969482421876 0.0982284545898438 0.0422401428222656 -0.000473022460937494
-0.0126419067382812 0.109779357910156 0.0447654724121094 0.00499725341796876
-0.0422821044921875 0.103546142578125 0.041351318359375 0.0214157104492188
-0.08026123046875 0.06292724609375 0.0390129089355469 0.0221595764160156
-0.104530334472656 0.0193710327148437 0.0357818603515625 0.0388565063476563
-0.0882415771484375 -0.0644149780273437 0.0342788696289062 0.0772247314453125
-0.0396804809570313 -0.118751525878906 0.0068206787109375 0.10809326171875
-0.0137252807617187 -0.12969970703125 -0.0584640502929688 0.127250671386719
-0.00631713867187498 -0.16632080078125 0.0887832641601563 -0.00703430175781251
-0.0514068603515625 -0.146835327148438 0.0442962646484375 -0.0121955871582031
-0.099945068359375 -0.085662841796875 0.0252857208251953 0.00720596313476562
-0.120391845703125 -0.00755310058593749 0.0358963012695312 0.0124244689941406
-0.0871429443359375 0.0534591674804687 0.0450401306152344 -0.0110931396484375
-0.0407180786132812 0.105308532714844 0.0369415283203125 -0.0223617553710937
0.00732421875000001 0.10504150390625 0.0255813598632812 -0.0358772277832031
0.00380706787109375 0.096435546875 0.0248908996582031 -0.0394630432128906
0.00109863281249999 0.1107177734375 0.0323009490966797 -0.0350570678710938
-0.03021240234375 0.109054565429688 0.0437965393066406 -0.0179557800292969
-0.076324462890625 0.0748825073242188 0.0518455505371094 -0.00761413574218749
-0.10986328125 0.0319061279296875 0.0526313781738281 0.0242691040039063
-0.104743957519531 -0.0629653930664063 0.0437088012695312 0.0702171325683594
-0.05987548828125 -0.133819580078125 -0.00138854980468751 0.0818252563476562
-0.028411865234375 -0.155624389648437 -0.0524826049804687 0.0803146362304687
-0.0305328369140625 -0.165634155273438 0.0764312744140625 -0.049774169921875
-0.0788955688476563 -0.131706237792969 0.0247383117675781 -0.0302639007568359
-0.107063293457031 -0.0577392578125 0.0217170715332031 0.00924491882324218
-0.105247497558594 0.0158843994140625 0.0494575500488281 0.0056304931640625
-0.0637130737304688 0.0605621337890625 0.0544357299804687 -0.0307121276855469
-0.0176467895507812 0.0947952270507813 0.0355262756347656 -0.0544013977050781
0.0203781127929688 0.0860137939453125 0.00957870483398438 -0.0695724487304688
0.01507568359375 0.079833984375 0.00404357910156251 -0.072479248046875
0.013092041015625 0.0928573608398438 0.0153427124023437 -0.070098876953125
-0.0127716064453125 0.0933609008789062 0.0417137145996094 -0.0543441772460937
-0.0566024780273438 0.0704879760742188 0.0571441650390625 -0.0351524353027344
-0.0910720825195313 0.03802490234375 0.06201171875 0.00860595703125
-0.0984115600585938 -0.0460357666015625 0.0451431274414062 0.05560302734375
-0.0680923461914062 -0.121116638183594 -0.0137214660644531 0.0471115112304687
-0.0422210693359375 -0.153915405273438 -0.0481758117675781 0.0273895263671875
-0.04498291015625 -0.142105102539062 0.0615386962890625 -0.0932846069335938
-0.084136962890625 -0.101295471191406 0.00535202026367187 -0.0508651733398438
-0.0965499877929687 -0.0294723510742187 0.0134792327880859 0.00371456146240234
-0.077423095703125 0.0316925048828125 0.0516357421875 -0.00559234619140625
-0.0346794128417969 0.0580253601074219 0.0510482788085937 -0.0479049682617187
0.0059356689453125 0.0719833374023438 0.0248031616210937 -0.0772857666015625
0.0295257568359375 0.0543403625488281 -0.00890350341796875 -0.09228515625
0.0230827331542969 0.0514602661132813 -0.0175552368164062 -0.0943756103515625
0.0222663879394531 0.0592994689941406 -0.000907897949218757 -0.093780517578125
0.00894546508789063 0.0610504150390625 0.035919189453125 -0.07965087890625
-0.0240592956542969 0.0535964965820313 0.0571250915527344 -0.0523719787597656
-0.0532493591308594 0.0394630432128906 0.0631866455078125 -0.00295257568359375
-0.074554443359375 -0.0166244506835937 0.0387191772460937 0.0399818420410156
-0.0684432983398438 -0.0834503173828125 -0.0263748168945313 0.0139522552490234
-0.0545806884765625 -0.125312805175781 -0.0454940795898438 -0.0218925476074219
-0.0477676391601563 -0.0967483520507813 0.0489959716796875 -0.1295166015625
-0.0690231323242188 -0.0600090026855469 -0.0075225830078125 -0.0728912353515625
-0.0679092407226562 -0.00503921508789062 0.00391387939453124 -0.00890064239501953
-0.0410232543945312 0.0349006652832031 0.0445480346679688 -0.0205955505371094
-0.0054168701171875 0.0427093505859375 0.0384712219238281 -0.059539794921875
0.0231895446777344 0.0380020141601563 0.00749969482421875 -0.0900726318359375
0.0321006774902344 0.0163345336914062 -0.0276412963867187 -0.101715087890625
0.0272579193115234 0.0148410797119141 -0.0359268188476563 -0.101669311523438
0.0287017822265625 0.01617431640625 -0.0158004760742187 -0.102195739746094
0.0306911468505859 0.0203094482421875 0.0279922485351563 -0.0900726318359375
0.0152606964111328 0.0311412811279297 0.0517387390136719 -0.0574760437011719
-0.00683212280273438 0.0401611328125 0.0567665100097656 -0.00768280029296875
-0.044281005859375 0.0201950073242188 0.0258388519287109 0.0259304046630859
-0.0657272338867188 -0.0313148498535156 -0.0385017395019531 -0.0108833312988281
-0.0644683837890625 -0.078338623046875 -0.0467147827148438 -0.0586624145507813
0.0688667297363281 0.00890731811523438 0.0685234069824219 0.0655746459960938
0.0713577270507813 -0.048004150390625 0.0561141967773438 0.0146369934082031
-0.000175476074218751 -0.0749130249023438 -0.00782966613769531 -0.0262603759765625
-0.0496788024902344 -0.0441551208496094 -0.055084228515625 0.00594329833984375
-0.0545539855957031 -0.00562667846679688 -0.0444259643554687 0.0492210388183594
-0.0503463745117187 0.028045654296875 -0.0138320922851562 0.0893325805664063
-0.0303077697753906 0.0408096313476563 0.029205322265625 0.0973968505859375
-0.0313339233398437 0.0302333831787109 0.0478897094726562 0.08917236328125
-0.0409812927246094 0.0247306823730469 0.0380706787109375 0.0869064331054688
-0.0423164367675781 0.00210189819335938 0.00613403320312499 0.08447265625
-0.0245075225830078 -0.0235958099365234 -0.0133743286132813 0.0639839172363281
-0.00162315368652344 -0.0310096740722656 -0.0196495056152344 0.0383644104003906
0.0335559844970703 -0.0142726898193359 -0.00567626953125 0.0416259765625
0.0500869750976563 0.0244598388671875 0.00896453857421875 0.103691101074219
0.030059814453125 0.0499420166015625 -0.0738525390625 0.154693603515625
0.0658073425292969 -0.0479316711425781 0.0813446044921875 0.0645904541015625
0.0545272827148438 -0.0919036865234375 0.062408447265625 0.0146560668945312
-0.0251312255859375 -0.10052490234375 0.006439208984375 -0.0192642211914063
-0.0836334228515625 -0.0489501953125 -0.0333824157714844 0.00632476806640625
-0.0822830200195313 0.00913238525390626 -0.0234870910644531 0.036285400390625
-0.0634880065917969 0.0619125366210937 0.0002593994140625 0.0701446533203125
-0.0260772705078125 0.0753860473632812 0.035308837890625 0.0733261108398438
-0.0269050598144531 0.0622177124023438 0.0534248352050781 0.0654449462890625
-0.0363922119140625 0.0627288818359375 0.0486412048339844 0.0666656494140625
-0.0489273071289063 0.0422019958496094 0.02325439453125 0.073028564453125
-0.0497894287109375 0.00626373291015626 0.00645065307617187 0.0587120056152344
-0.0410385131835938 -0.0173072814941406 -0.00136947631835938 0.0462875366210938
-0.00711822509765625 -0.0361862182617188 0.00781631469726563 0.0611000061035156
0.0238857269287109 -0.0284271240234375 0.0123367309570313 0.11871337890625
0.020294189453125 -0.0136032104492188 -0.0681304931640625 0.166641235351563
0.0514373779296875 -0.0989837646484375 0.0939254760742188 0.050933837890625
0.0274810791015625 -0.124847412109375 0.0656051635742188 0.00931167602539062
-0.0499343872070313 -0.112159729003906 0.0180377960205078 -0.0112380981445313
-0.107223510742187 -0.046356201171875 -0.00820016860961915 0.00876998901367187
-0.0981597900390625 0.0231399536132813 0.00201034545898437 0.0211505889892578
-0.0670394897460937 0.0867156982421875 0.0157012939453125 0.0405044555664063
-0.0182266235351562 0.098480224609375 0.0371284484863281 0.0380821228027344
-0.0181503295898438 0.085968017578125 0.0508804321289063 0.0321578979492188
-0.02569580078125 0.0921707153320312 0.0509834289550781 0.0361061096191406
-0.048248291015625 0.0775375366210937 0.0370101928710938 0.0497703552246094
-0.0698280334472656 0.0363235473632812 0.0269966125488281 0.0442008972167969
-0.0771636962890625 -0.00074768066406251 0.0202522277832031 0.0475234985351563
-0.0485458374023437 -0.0549697875976563 0.0228118896484375 0.0750656127929687
-0.00650787353515626 -0.0790023803710938 0.0122604370117187 0.121101379394531
0.00653076171874999 -0.0746383666992187 -0.0617523193359375 0.157516479492188
0.0256271362304687 -0.137794494628906 0.100486755371094 0.0249404907226562
-0.010345458984375 -0.141372680664063 0.0618896484375 -0.00211334228515626
-0.0754928588867188 -0.105819702148438 0.0251274108886719 -0.00345802307128907
-0.119117736816406 -0.0313034057617187 0.0170536041259766 0.0104055404663086
-0.0989532470703125 0.037750244140625 0.0281429290771484 0.00366020202636719
-0.0583419799804687 0.100379943847656 0.0293483734130859 0.00650024414062501
-0.006591796875 0.107650756835938 0.0335826873779297 -0.00244712829589843
-0.00711822509765626 0.096527099609375 0.0405235290527344 -0.00687408447265624
-0.012359619140625 0.108100891113281 0.0448074340820312 -0.00149536132812499
-0.041778564453125 0.101104736328125 0.0447006225585938 0.0157318115234375
-0.0793304443359375 0.0610733032226562 0.0437812805175781 0.0193367004394531
-0.1016845703125 0.017425537109375 0.0412368774414063 0.0389862060546875
-0.08270263671875 -0.0651931762695313 0.0370330810546875 0.0777969360351563
-0.035308837890625 -0.115669250488281 0.0092315673828125 0.108207702636719
-0.00930023193359375 -0.122749328613281 -0.0548553466796875 0.128395080566406
-0.00613403320312502 -0.157913208007813 0.0974197387695313 -0.01116943359375
-0.0494384765625 -0.14031982421875 0.0490303039550781 -0.0159339904785156
-0.0960693359375 -0.083709716796875 0.0278186798095703 0.00400543212890624
-0.116355895996094 -0.00667572021484375 0.0383872985839844 0.0087738037109375
-0.0837783813476563 0.0509490966796875 0.0473365783691406 -0.0152969360351562
-0.0393447875976563 0.101249694824219 0.0370063781738281 -0.0284233093261719
0.00646209716796876 0.100082397460937 0.02423095703125 -0.0410041809082031
0.00469207763671876 0.092742919921875 0.0229377746582031 -0.0442962646484375
0.00174713134765624 0.106369018554688 0.0317344665527344 -0.0405349731445312
-0.0275344848632813 0.105239868164063 0.0464859008789062 -0.0226554870605469
-0.0732955932617188 0.0721282958984375 0.0553245544433594 -0.0107345581054687
-0.105010986328125 0.0307464599609375 0.0570182800292969 0.0237197875976563
-0.0992584228515625 -0.060943603515625 0.0473480224609375 0.0694236755371094
-0.0564727783203125 -0.128562927246094 0.002471923828125 0.0815200805664062
-0.027191162109375 -0.146835327148437 -0.0483551025390625 0.0830764770507812
-0.0330963134765625 -0.158233642578125 0.0853424072265625 -0.0503997802734375
-0.0782852172851562 -0.123550415039062 0.0305252075195312 -0.0316486358642578
-0.103805541992188 -0.0522232055664063 0.0247325897216797 0.00507164001464843
-0.0995941162109375 0.01824951171875 0.0507316589355469 0.00249862670898438
-0.0585975646972656 0.0583419799804688 0.0556411743164062 -0.0338630676269531
-0.0147018432617187 0.08856201171875 0.0359115600585938 -0.0584793090820312
0.0207366943359375 0.0789413452148438 0.00863647460937501 -0.072509765625
0.015869140625 0.0746383666992188 0.00225830078125 -0.0752334594726563
0.0138015747070313 0.086883544921875 0.014892578125 -0.0737991333007813
-0.00928497314453124 0.0878143310546875 0.0427360534667969 -0.0577583312988281
-0.0518455505371094 0.0677146911621094 0.0601043701171875 -0.0374641418457031
-0.0844039916992188 0.0380859375 0.0657920837402344 0.00667953491210938
-0.0931930541992187 -0.0419387817382813 0.0485420227050781 0.0542640686035156
-0.067626953125 -0.11370849609375 -0.0090179443359375 0.0485954284667969
-0.0439300537109375 -0.144256591796875 -0.0445632934570313 0.0324974060058594
-0.0501480102539063 -0.135139465332031 0.0697021484375 -0.0901412963867188
-0.08697509765625 -0.0925521850585937 0.0117874145507812 -0.0509109497070313
-0.0943450927734375 -0.022613525390625 0.016942024230957 0.000722885131835936
-0.0714492797851563 0.035064697265625 0.0518150329589844 -0.00804519653320312
-0.0286712646484375 0.0562934875488281 0.0507659912109375 -0.0491142272949219
0.00947189331054688 0.0655784606933594 0.024322509765625 -0.0790786743164063
0.02984619140625 0.0468940734863281 -0.00974273681640625 -0.09246826171875
0.0238914489746094 0.0454254150390625 -0.018585205078125 -0.0942916870117188
0.023895263671875 0.0521888732910156 -0.00203704833984375 -0.093994140625
0.0119171142578125 0.0544319152832031 0.0358352661132813 -0.08184814453125
-0.0182266235351563 0.0497665405273438 0.0582313537597656 -0.0538673400878906
-0.0460624694824219 0.0400352478027344 0.0657501220703125 -0.00389862060546875
-0.0692939758300781 -0.0115089416503906 0.041229248046875 0.0384712219238281
-0.0699234008789063 -0.0746917724609375 -0.0224113464355469 0.0173892974853516
-0.0585250854492188 -0.115821838378906 -0.0430564880371094 -0.0143814086914063
-0.0558242797851562 -0.0929031372070313 0.0553512573242188 -0.124801635742188
-0.0742568969726563 -0.0540695190429687 -0.00122833251953125 -0.0707244873046875
-0.069122314453125 0.00143432617187499 0.00643062591552734 -0.0113182067871094
-0.0370941162109375 0.0397415161132813 0.0433464050292969 -0.0221481323242187
0.000495910644531252 0.0426063537597656 0.0374603271484375 -0.0600471496582031
0.0275382995605469 0.0326347351074219 0.00763702392578126 -0.08892822265625
0.0332622528076172 0.0091400146484375 -0.0282135009765625 -0.09857177734375
0.0277137756347656 0.00904464721679688 -0.0359573364257813 -0.0988616943359375
0.02935791015625 0.00981521606445313 -0.0162429809570313 -0.099853515625
0.0331764221191406 0.0129737854003906 0.02813720703125 -0.0902557373046875
0.0197811126708984 0.0279464721679687 0.0515632629394531 -0.0566253662109375
-0.000297546386718751 0.0397300720214844 0.0578536987304688 -0.00823974609375
-0.0397453308105469 0.02569580078125 0.0278854370117187 0.0254058837890625
-0.0682525634765625 -0.0223045349121094 -0.0352706909179688 -0.00588607788085938
-0.0699081420898438 -0.0705490112304688 -0.0461692810058594 -0.0491714477539063
0.0756988525390625 0.00348663330078125 0.0680046081542969 0.0573501586914063
0.07177734375 -0.0577926635742188 0.0542716979980469 0.00809097290039062
-0.00588226318359375 -0.0799942016601563 -0.00933456420898437 -0.0282516479492188
-0.0576896667480469 -0.0420150756835937 -0.0560684204101563 0.00594329833984375
-0.0586433410644531 -0.00104522705078125 -0.0452194213867188 0.0484771728515625
-0.0515632629394531 0.035491943359375 -0.0136642456054688 0.0888671875
-0.0289382934570313 0.0471954345703125 0.0280685424804687 0.0958099365234375
-0.0309333801269531 0.036376953125 0.04779052734375 0.0865936279296875
-0.0416412353515625 0.0324592590332031 0.0385208129882813 0.0843887329101563
-0.0473098754882813 0.00735092163085937 0.00768280029296874 0.0827713012695313
-0.0309257507324219 -0.0239200592041016 -0.0113525390625 0.0635032653808594
-0.0059967041015625 -0.0358085632324219 -0.0175857543945313 0.0404014587402344
0.0361785888671875 -0.0218658447265625 -0.00767135620117187 0.0447235107421875
0.0593376159667969 0.0183753967285156 0.0045166015625 0.105094909667969
0.0401039123535156 0.0480308532714844 -0.0788726806640625 0.154006958007812
0.072784423828125 -0.0512466430664063 0.0833053588867187 0.0556259155273438
0.05633544921875 -0.100730895996094 0.0618400573730469 0.00806808471679687
-0.0295257568359375 -0.105484008789063 0.00542640686035156 -0.0222644805908203
-0.090179443359375 -0.048492431640625 -0.0333099365234375 0.00487709045410157
-0.0864410400390625 0.0124282836914062 -0.0231056213378906 0.0338001251220703
-0.0646018981933594 0.0687294006347656 -0.000675201416015623 0.0671539306640625
-0.0254898071289062 0.0809707641601563 0.0335807800292969 0.0692520141601563
-0.0262985229492188 0.0673408508300781 0.0523796081542969 0.0610847473144531
-0.036956787109375 0.0688667297363281 0.0484695434570313 0.0613594055175781
-0.0526580810546875 0.0464744567871094 0.0261688232421875 0.0687904357910156
-0.0553703308105469 0.0052032470703125 0.0107765197753906 0.0575942993164063
-0.04376220703125 -0.0215873718261719 0.00263595581054687 0.0480728149414063
-0.00323867797851563 -0.0423355102539063 0.00848388671874999 0.0645980834960937
0.0326862335205078 -0.0323276519775391 0.010986328125 0.120170593261719
0.029937744140625 -0.0127582550048828 -0.0699920654296875 0.166717529296875
0.057220458984375 -0.0995941162109375 0.0979843139648437 0.0406417846679687
0.02978515625 -0.13037109375 0.0664291381835938 0.00105285644531249
-0.0526504516601562 -0.116256713867188 0.0177936553955078 -0.0154342651367188
-0.111656188964844 -0.0464324951171875 -0.00780582427978516 0.00601577758789062
-0.10186767578125 0.0248947143554687 0.00300598144531249 0.0169763565063477
-0.0683135986328125 0.0913009643554688 0.0142936706542969 0.0361862182617188
-0.0178909301757813 0.102149963378906 0.0347843170166016 0.0326271057128906
-0.0183029174804688 0.0892333984375 0.0488204956054688 0.02532958984375
-0.0259017944335937 0.0961761474609375 0.0501213073730469 0.0295295715332031
-0.0506057739257813 0.080047607421875 0.0399627685546875 0.0434455871582031
-0.073272705078125 0.0360107421875 0.0316886901855469 0.0408935546875
-0.0790634155273438 -0.003692626953125 0.0252876281738281 0.0478744506835938
-0.0453224182128906 -0.0592117309570313 0.0263519287109375 0.07781982421875
0.000465393066406245 -0.0811309814453125 0.0134506225585937 0.12310791015625
0.0145797729492187 -0.072662353515625 -0.061431884765625 0.159347534179687
0.029815673828125 -0.135482788085938 0.107063293457031 0.0149917602539062
-0.00680541992187499 -0.143142700195313 0.064453125 -0.00964355468750001
-0.0745162963867188 -0.108482360839844 0.0261020660400391 -0.00805091857910157
-0.120521545410156 -0.0323486328125 0.0182209014892578 0.00640296936035156
-0.100807189941406 0.0372695922851563 0.0293674468994141 -0.00146675109863281
-0.05975341796875 0.101776123046875 0.0282497406005859 0.000413894653320319
-0.00685882568359375 0.10833740234375 0.0306968688964844 -0.00840377807617187
-0.007171630859375 0.09747314453125 0.0376815795898438 -0.0138168334960937
-0.0121994018554688 0.109001159667969 0.0438728332519531 -0.00910949707031249
-0.0421142578125 0.100967407226563 0.0473213195800781 0.00871276855468751
-0.079559326171875 0.0599899291992187 0.0490570068359375 0.0149078369140625
-0.101531982421875 0.0152740478515625 0.0474014282226562 0.0381088256835938
-0.079833984375 -0.0674972534179688 0.0420455932617187 0.0793991088867188
-0.0303115844726562 -0.116325378417969 0.0127944946289062 0.110023498535156
-0.00410461425781251 -0.119148254394531 -0.0521469116210938 0.13067626953125
-0.004058837890625 -0.152999877929688 0.106346130371094 -0.0179901123046875
-0.0471725463867187 -0.137458801269531 0.05419921875 -0.0225982666015625
-0.0942230224609375 -0.0829086303710938 0.0295734405517578 -0.00103187561035157
-0.115432739257813 -0.00760650634765625 0.0407562255859375 0.00497055053710938
-0.0838851928710937 0.04925537109375 0.0491371154785156 -0.0207862854003906
-0.0394744873046875 0.0990829467773437 0.0362586975097656 -0.03460693359375
0.00655364990234374 0.0977249145507813 0.0214576721191406 -0.0468559265136719
0.00446319580078126 0.0911407470703125 0.0202369689941406 -0.0508003234863281
0.00254058837890624 0.104812622070312 0.0296096801757812 -0.0470504760742187
-0.02703857421875 0.102523803710937 0.0488052368164063 -0.0301589965820312
-0.071868896484375 0.07073974609375 0.0595169067382812 -0.0160903930664063
-0.102752685546875 0.0300216674804688 0.0631217956542969 0.0209541320800781
-0.0957489013671875 -0.0612640380859375 0.0527839660644531 0.0694503784179687
-0.054290771484375 -0.126625061035156 0.00676727294921875 0.08306884765625
-0.0250701904296875 -0.141860961914063 -0.0440521240234375 0.0868682861328125
-0.035308837890625 -0.152313232421875 0.0960159301757813 -0.0550765991210938
-0.0778579711914063 -0.116737365722656 0.0375213623046875 -0.0359458923339844
-0.10101318359375 -0.0497207641601563 0.0275688171386719 0.001312255859375
-0.0953140258789063 0.0193023681640625 0.05322265625 -0.001007080078125
-0.0560989379882812 0.0560226440429688 0.0570144653320313 -0.0386581420898438
-0.01348876953125 0.0845108032226563 0.034881591796875 -0.0637321472167969
0.0197219848632813 0.0739212036132812 0.00678253173828125 -0.0767059326171875
0.015716552734375 0.0709915161132813 -8.39233398437462E-05 -0.0799942016601563
0.014312744140625 0.0824127197265625 0.0128402709960938 -0.0782394409179688
-0.00776672363281249 0.0830154418945313 0.0437889099121094 -0.0643310546875
-0.0484390258789063 0.0647048950195313 0.063018798828125 -0.0427589416503906
-0.0806045532226563 0.0374603271484375 0.0700836181640625 0.00452423095703125
-0.0889358520507812 -0.0401992797851563 0.0534706115722656 0.0532875061035156
-0.0674362182617187 -0.108680725097656 -0.00426483154296875 0.0496330261230469
-0.0444183349609375 -0.136703491210937 -0.0399551391601563 0.0376853942871094
-0.0556411743164062 -0.129768371582031 0.0803298950195313 -0.0920562744140625
-0.0893096923828125 -0.0851669311523438 0.0193023681640625 -0.0521621704101563
-0.092742919921875 -0.016845703125 0.0196037292480469 -0.00333786010742188
-0.0659713745117188 0.0380210876464844 0.0536079406738281 -0.0114097595214844
-0.0239486694335938 0.0546379089355469 0.0517311096191406 -0.0523414611816406
0.01239013671875 0.0597343444824219 0.0236663818359375 -0.0825042724609375
0.0294723510742188 0.0401802062988281 -0.0114288330078125 -0.0948638916015625
0.0236625671386719 0.0399932861328125 -0.0207595825195312 -0.09625244140625
0.0230178833007813 0.0461082458496094 -0.004180908203125 -0.0968475341796875
0.0135421752929688 0.0474891662597656 0.0362319946289062 -0.0862350463867187
-0.0138092041015625 0.046295166015625 0.0599555969238281 -0.0575218200683594
-0.0391960144042969 0.0390052795410156 0.0686531066894531 -0.00665664672851562
-0.0647125244140625 -0.00755310058593751 0.0446090698242187 0.0370903015136719
-0.0705642700195312 -0.06683349609375 -0.0184497833251953 0.0197296142578125
-0.0623703002929688 -0.107070922851563 -0.0394058227539063 -0.00732040405273438
-0.0639801025390625 -0.0892333984375 0.0641326904296875 -0.124977111816406
-0.079803466796875 -0.0465621948242188 0.004913330078125 -0.0708694458007812
-0.0693168640136719 0.00812530517578125 0.00822830200195312 -0.0149164199829102
-0.032196044921875 0.0443611145019531 0.04364013671875 -0.0247840881347656
0.00595855712890625 0.0420379638671875 0.0360641479492188 -0.0605926513671875
0.031280517578125 0.0271129608154297 0.006134033203125 -0.0896453857421875
0.0328769683837891 0.00231170654296875 -0.0293045043945312 -0.0981292724609375
0.0277996063232422 0.00330734252929688 -0.037261962890625 -0.0982513427734375
0.0287094116210938 0.00271034240722656 -0.016387939453125 -0.100090026855469
0.0346755981445313 0.00547981262207031 0.0288467407226563 -0.0919342041015625
0.0256938934326172 0.0223331451416016 0.0527687072753906 -0.0588912963867187
0.00702285766601563 0.0391502380371094 0.0598602294921875 -0.00913619995117187
-0.0347003936767578 0.0303363800048828 0.0302925109863281 0.0253753662109375
-0.0693397521972656 -0.0132942199707031 -0.0320243835449219 -0.00137519836425782
-0.076019287109375 -0.0611190795898438 -0.0439987182617188 -0.0404739379882813
0.0824203491210938 -0.004730224609375 0.0668144226074219 0.0479545593261719
0.0687828063964844 -0.0695304870605469 0.0507850646972656 0.00158309936523437
-0.0148773193359375 -0.0823211669921875 -0.0117206573486328 -0.0294075012207031
-0.0648651123046875 -0.0386619567871094 -0.0575599670410156 0.00723648071289063
-0.0633506774902344 0.00566482543945314 -0.045074462890625 0.0492515563964844
-0.0504684448242187 0.0447921752929688 -0.0128021240234375 0.0902786254882813
-0.0247268676757813 0.0550460815429688 0.0294876098632813 0.094970703125
-0.0287361145019531 0.0433502197265625 0.0489349365234375 0.0845108032226562
-0.0404243469238281 0.0413627624511719 0.0392913818359375 0.08197021484375
-0.0501632690429688 0.0146827697753906 0.0101852416992187 0.0809097290039063
-0.0386085510253906 -0.0219268798828125 -0.00687408447265626 0.0636024475097656
-0.0120124816894531 -0.0392036437988281 -0.0138359069824219 0.043182373046875
0.0369186401367188 -0.0308685302734375 -0.00756454467773437 0.0491600036621094
0.0674629211425781 0.008392333984375 0.00299835205078124 0.107917785644531
0.0511474609375 0.0436668395996094 -0.08251953125 0.157760620117188
0.080047607421875 -0.058563232421875 0.0834732055664063 0.044708251953125
0.0537261962890625 -0.112060546875 0.059417724609375 -9.91821289062568E-05
-0.0373382568359375 -0.110206604003906 0.00311470031738281 -0.0253429412841797
-0.0986480712890625 -0.0443496704101563 -0.0339908599853516 0.00383758544921875
-0.0906753540039063 0.0189132690429688 -0.0235157012939453 0.0323448181152344
-0.0636520385742188 0.0770034790039063 -0.000358581542968761 0.0656547546386719
-0.0215988159179687 0.0870590209960938 0.0329780578613281 0.0665779113769531
-0.0238876342773437 0.074188232421875 0.0508995056152344 0.0561904907226563
-0.0348968505859375 0.07666015625 0.0480690002441406 0.0563125610351563
-0.0551910400390625 0.0520591735839844 0.0282669067382812 0.0649261474609375
-0.0611228942871094 0.00680160522460937 0.0155181884765625 0.0556449890136719
-0.0486717224121094 -0.0251235961914063 0.00743865966796875 0.0487632751464844
-0.00168991088867188 -0.0498390197753906 0.0113334655761719 0.06842041015625
0.04022216796875 -0.0400772094726563 0.0124435424804687 0.12298583984375
0.0406532287597656 -0.0157546997070313 -0.069915771484375 0.171035766601563
0.0640716552734375 -0.103431701660156 0.100837707519531 0.027587890625
0.0291366577148437 -0.138504028320313 0.0650367736816406 -0.00818252563476563
-0.0570449829101562 -0.119972229003906 0.0161991119384766 -0.0197296142578125
-0.118392944335938 -0.0443267822265625 -0.00815486907958985 0.00265169143676758
-0.105415344238281 0.0299148559570313 0.00230884552001953 0.0126962661743164
-0.06707763671875 0.0984649658203125 0.0129489898681641 0.0322837829589844
-0.0151214599609375 0.107185363769531 0.0311393737792969 0.0274772644042969
-0.016326904296875 0.0942916870117187 0.0453414916992188 0.0187950134277344
-0.0240554809570312 0.101692199707031 0.0483970642089844 0.0222396850585938
-0.05194091796875 0.0848770141601563 0.0415802001953125 0.0368270874023438
-0.0775833129882812 0.0369186401367188 0.0366554260253906 0.0360641479492188
-0.0818710327148438 -0.005279541015625 0.0318756103515625 0.0460128784179688
-0.0439491271972656 -0.065643310546875 0.0312423706054687 0.080047607421875
0.00653076171875 -0.0873565673828125 0.017181396484375 0.12554931640625
0.0218276977539063 -0.07379150390625 -0.058441162109375 0.163772583007813
0.0331192016601563 -0.135643005371094 0.112930297851562 0.00251770019531249
-0.00665283203124999 -0.147750854492188 0.06549072265625 -0.019073486328125
-0.0782394409179688 -0.111785888671875 0.0256900787353516 -0.0137462615966797
-0.124420166015625 -0.0311355590820313 0.0191001892089844 0.00169944763183594
-0.103744506835938 0.03948974609375 0.0292129516601562 -0.00794792175292969
-0.0600128173828125 0.105186462402344 0.0257911682128906 -0.00563049316406249
-0.00594329833984375 0.110260009765625 0.0263404846191406 -0.0137081146240234
-0.005584716796875 0.1007080078125 0.0326766967773438 -0.0208854675292969
-0.010589599609375 0.112205505371094 0.0401611328125 -0.0175819396972656
-0.041290283203125 0.102737426757813 0.0483818054199219 0.000305175781250006
-0.0820388793945312 0.0612640380859375 0.0529747009277344 0.00779342651367188
-0.102073669433594 0.0151290893554688 0.0543365478515625 0.0349617004394531
-0.0785751342773438 -0.070953369140625 0.0494766235351563 0.0788726806640625
-0.0272903442382812 -0.119026184082031 0.0185012817382813 0.111297607421875
0.00138092041015625 -0.117713928222656 -0.0463638305664063 0.135299682617188
-0.00402832031249999 -0.149688720703125 0.113113403320313 -0.029876708984375
-0.04656982421875 -0.136909484863281 0.0569038391113281 -0.0315895080566406
-0.0933837890625 -0.082763671875 0.0291652679443359 -0.0077972412109375
-0.114830017089844 -0.00672912597656247 0.0418777465820312 -0.000640869140625
-0.0842056274414063 0.0491714477539062 0.0492477416992187 -0.0282020568847656
-0.0392990112304687 0.0990066528320313 0.0329627990722656 -0.0423355102539062
0.00569152832031249 0.0960845947265625 0.0158882141113281 -0.0529861450195312
0.0057830810546875 0.0909805297851562 0.0148658752441406 -0.0572052001953125
0.00279998779296876 0.103874206542969 0.025543212890625 -0.0543136596679687
-0.0258255004882813 0.10186767578125 0.0476951599121094 -0.0386810302734375
-0.0711517333984375 0.0710906982421875 0.0625534057617188 -0.024017333984375
-0.100715637207031 0.02996826171875 0.0696563720703125 0.0161056518554688
-0.0949630737304688 -0.0614242553710937 0.0598030090332031 0.0672454833984375
-0.0544662475585938 -0.125053405761719 0.0132980346679687 0.082855224609375
-0.0240859985351563 -0.138023376464844 -0.0375518798828125 0.091278076171875
-0.038177490234375 -0.146148681640625 0.103927612304688 -0.0658416748046875
-0.0779647827148438 -0.1109619140625 0.0418014526367187 -0.0433540344238281
-0.0981979370117188 -0.0463790893554688 0.0293998718261719 -0.00506019592285157
-0.0904312133789062 0.02044677734375 0.054412841796875 -0.0066680908203125
-0.0526924133300781 0.0547904968261719 0.0574111938476563 -0.0445976257324219
-0.0129776000976562 0.08062744140625 0.0321884155273438 -0.0704803466796875
0.0179824829101563 0.0703964233398438 0.00135040283203125 -0.0817489624023438
0.0157432556152344 0.0675277709960938 -0.00614166259765624 -0.08367919921875
0.0140304565429687 0.0784683227539063 0.0076904296875 -0.0839385986328125
-0.00717926025390625 0.07867431640625 0.0421905517578125 -0.0727005004882812
-0.045684814453125 0.0622787475585937 0.063995361328125 -0.0494422912597656
-0.0760955810546875 0.037078857421875 0.0744247436523437 -0.000335693359374998
-0.0860137939453125 -0.03759765625 0.0598258972167969 0.0499839782714844
-0.0674896240234375 -0.103477478027344 0.00172042846679688 0.0497932434082031
-0.04608154296875 -0.130203247070313 -0.032318115234375 0.0428619384765625
-0.0621719360351563 -0.123161315917969 0.08831787109375 -0.0994033813476563
-0.0921249389648438 -0.0766372680664062 0.0251541137695312 -0.0571746826171875
-0.09075927734375 -0.01019287109375 0.0217514038085937 -0.00913619995117188
-0.0600738525390625 0.0411453247070313 0.0552520751953125 -0.0175323486328125
-0.01953125 0.052154541015625 0.05133056640625 -0.0572052001953125
0.0138969421386719 0.0531654357910156 0.0209884643554687 -0.087066650390625
0.0276031494140625 0.0339374542236328 -0.015594482421875 -0.0971755981445312
0.0225715637207031 0.0353851318359375 -0.02520751953125 -0.0987091064453125
0.0224533081054688 0.0407752990722656 -0.0077362060546875 -0.100532531738281
0.0135383605957031 0.0402565002441406 0.034149169921875 -0.091888427734375
-0.009765625 0.041290283203125 0.0607490539550781 -0.0633659362792969
-0.0334434509277344 0.0369606018066406 0.07208251953125 -0.0112533569335937
-0.0595626831054687 -0.0037994384765625 0.0494766235351562 0.0336570739746094
-0.0700149536132813 -0.0582809448242187 -0.0129642486572266 0.0209331512451172
-0.065277099609375 -0.0966567993164063 -0.0336265563964844 -0.000715255737304688
-0.0726547241210938 -0.0824050903320313 0.0714569091796875 -0.129692077636719
-0.0850830078125 -0.0370864868164063 0.0104446411132812 -0.0746612548828125
-0.0688514709472656 0.016876220703125 0.00930023193359375 -0.0196437835693359
-0.0255203247070312 0.0488395690917969 0.0428009033203125 -0.027862548828125
0.0121726989746094 0.0405921936035156 0.0342483520507813 -0.0637283325195312
0.0341873168945313 0.0206108093261719 0.00347900390625 -0.091583251953125
0.0309295654296875 -0.00502204895019531 -0.0309982299804688 -0.097991943359375
0.0256099700927734 -0.00260353088378906 -0.039886474609375 -0.0978164672851563
0.0257568359375 -0.00348281860351563 -0.0186538696289062 -0.101760864257813
0.0333671569824219 -0.00330352783203125 0.0276260375976563 -0.0956039428710938
0.0296478271484375 0.0154857635498047 0.0528564453125 -0.0619583129882813
0.0148429870605469 0.0357666015625 0.0621528625488281 -0.011932373046875
-0.0276145935058594 0.0350341796875 0.0331516265869141 0.0242900848388672
-0.06854248046875 -0.00197601318359374 -0.0273456573486328 0.00231170654296875
-0.0810394287109375 -0.0492782592773438 -0.0398406982421875 -0.0321044921875
0.0840835571289063 -0.0162734985351563 0.0627021789550781 0.0387115478515625
0.0597381591796875 -0.0809249877929688 0.0444526672363281 -0.00328063964843751
-0.0246658325195313 -0.08349609375 -0.0172176361083984 -0.0292186737060547
-0.0705184936523438 -0.030853271484375 -0.0575752258300781 0.00981521606445313
-0.0626106262207031 0.0132102966308594 -0.0453300476074219 0.0505180358886719
-0.0442276000976563 0.0529327392578125 -0.0108413696289063 0.0925827026367188
-0.0183982849121094 0.0604362487792969 0.0310440063476563 0.0931320190429688
-0.0230751037597656 0.0489997863769531 0.0501174926757813 0.081024169921875
-0.0354804992675781 0.0502777099609375 0.0403060913085937 0.07916259765625
-0.0514755249023438 0.0239334106445312 0.0117111206054688 0.0786361694335938
-0.0447998046875 -0.01690673828125 -0.00338363647460937 0.062591552734375
-0.0197334289550781 -0.0410385131835938 -0.0101280212402344 0.0425186157226563
0.03363037109375 -0.0402030944824219 -0.00546646118164062 0.0511932373046875
0.0713043212890625 -0.00347137451171875 0.00353240966796876 0.110221862792969
0.0609359741210938 0.0341033935546875 -0.08203125 0.1612548828125
0.0811843872070313 -0.0673904418945313 0.079833984375 0.032318115234375
0.0461883544921875 -0.121910095214844 0.0537338256835938 -0.00828552246093751
-0.0476913452148438 -0.110557556152344 -0.0027008056640625 -0.0276279449462891
-0.103553771972656 -0.038330078125 -0.0364723205566406 0.00255203247070313
-0.0927352905273438 0.0279388427734375 -0.0245265960693359 0.030181884765625
-0.0585403442382813 0.085235595703125 -1.14440917968747E-05 0.0648117065429687
-0.0141220092773438 0.0910720825195312 0.0303840637207031 0.0651206970214844
-0.0195999145507812 0.0795745849609375 0.0485992431640625 0.0513725280761719
-0.0318832397460937 0.0837631225585937 0.0473136901855469 0.0502662658691406
-0.0554618835449219 0.0589828491210937 0.0289192199707031 0.0581512451171875
-0.0664329528808594 0.0119781494140625 0.0191230773925781 0.0515289306640625
-0.0532379150390625 -0.0264053344726562 0.0128059387207031 0.0474205017089844
-0.00396347045898437 -0.0574989318847656 0.0157852172851562 0.0704345703125
0.044189453125 -0.0504493713378906 0.015594482421875 0.123313903808594
0.0487480163574219 -0.0222282409667969 -0.066253662109375 0.172897338867188
0.0654067993164063 -0.110748291015625 0.0989303588867188 0.0137557983398437
0.0238800048828125 -0.145950317382813 0.05810546875 -0.0163764953613281
-0.0670700073242188 -0.121452331542969 0.0132770538330078 -0.0221328735351563
-0.122993469238281 -0.0389251708984375 -0.00910472869873048 7.62939453124855E-06
-0.107444763183594 0.0369796752929687 0.000607967376708978 0.00765132904052735
-0.0625381469726562 0.104301452636719 0.0106391906738281 0.0283298492431641
-0.00984191894531251 0.111015319824219 0.0263328552246094 0.0234794616699219
-0.012054443359375 0.096710205078125 0.040435791015625 0.0125389099121094
-0.0196990966796875 0.106727600097656 0.045440673828125 0.0168609619140625
-0.049041748046875 0.089111328125 0.0405807495117188 0.0276756286621094
-0.0801239013671875 0.0389328002929688 0.0401878356933594 0.0296859741210938
-0.085235595703125 -0.00698089599609376 0.0372276306152344 0.0434913635253906
-0.0446395874023437 -0.07000732421875 0.0397567749023438 0.0785369873046875
0.00962829589843751 -0.0943832397460938 0.0238265991210938 0.126045227050781
0.0291290283203125 -0.0758209228515625 -0.051422119140625 0.164413452148437
0.0342636108398437 -0.135871887207031 0.112060546875 -0.0143051147460938
-0.00933837890625001 -0.150802612304687 0.0610313415527344 -0.0287895202636719
-0.0801467895507813 -0.110580444335937 0.0234699249267578 -0.0187492370605469
-0.126075744628906 -0.02813720703125 0.0169410705566406 -0.00444412231445313
-0.105033874511719 0.0443878173828125 0.0258636474609375 -0.0149402618408203
-0.05682373046875 0.110183715820313 0.0211715698242187 -0.0100669860839844
-0.00380706787109375 0.111076354980469 0.0191001892089844 -0.0185928344726562
-0.00286865234375001 0.0987396240234375 0.0254688262939453 -0.0256481170654297
-0.00670623779296876 0.11328125 0.0333309173583984 -0.0244102478027344
-0.0395660400390625 0.105995178222656 0.0468368530273438 -0.00894546508789062
-0.0821533203125 0.0632095336914063 0.0562553405761719 -0.000457763671874996
-0.102210998535156 0.0141677856445313 0.0604591369628906 0.0287399291992188
-0.0791015625 -0.0741043090820313 0.0555801391601563 0.0756759643554688
-0.026275634765625 -0.120452880859375 0.0257949829101563 0.109535217285156
0.00437927246093749 -0.117706298828125 -0.0377883911132812 0.135162353515625
-0.003021240234375 -0.145950317382813 0.11572265625 -0.0454330444335938
-0.0466461181640625 -0.133987426757813 0.0563163757324219 -0.0407257080078125
-0.0928573608398438 -0.0803680419921875 0.0288543701171875 -0.0131702423095703
-0.113990783691406 -0.00485229492187501 0.0402641296386719 -0.00816726684570313
-0.0842056274414062 0.0474395751953125 0.0454559326171875 -0.0363311767578125
-0.0387039184570313 0.0991439819335938 0.0264091491699219 -0.0474395751953125
0.00751495361328126 0.0951919555664063 0.0102615356445312 -0.0581741333007813
0.00550842285156249 0.0897903442382813 0.00677490234375 -0.0607490539550781
0.00504302978515625 0.1016845703125 0.0176734924316406 -0.0579795837402344
-0.0237274169921875 0.0985870361328125 0.0451927185058594 -0.0478439331054688
-0.06964111328125 0.0695304870605469 0.0628623962402344 -0.0329437255859375
-0.0984954833984375 0.0298919677734375 0.0730438232421875 0.0076904296875
-0.0926971435546875 -0.0604171752929688 0.0661506652832031 0.0604171752929687
-0.0537261962890625 -0.123062133789062 0.0188217163085938 0.0812911987304687
-0.0213699340820312 -0.132942199707031 -0.0260467529296875 0.092620849609375
-0.0411834716796875 -0.138252258300781 0.107780456542969 -0.076995849609375
-0.0773544311523438 -0.102874755859375 0.045196533203125 -0.05169677734375
-0.0955047607421875 -0.0420455932617187 0.0278644561767578 -0.0118694305419922
-0.0856781005859375 0.0204620361328125 0.0552024841308594 -0.0126419067382812
-0.04962158203125 0.0504837036132813 0.0549545288085938 -0.053070068359375
-0.0123519897460937 0.0761947631835938 0.0268402099609375 -0.0765762329101563
0.015472412109375 0.0653266906738281 -0.00547027587890624 -0.083709716796875
0.0148162841796875 0.0648880004882813 -0.013519287109375 -0.0867233276367188
0.0138931274414063 0.07647705078125 0.0014495849609375 -0.0876083374023438
-0.00821685791015625 0.0732040405273438 0.0359115600585938 -0.0798263549804688
-0.0422325134277344 0.0574073791503906 0.0621910095214844 -0.0575180053710937
-0.0708236694335938 0.0343475341796875 0.0773086547851563 -0.00843048095703125
-0.080322265625 -0.0365982055664062 0.0645980834960938 0.0449867248535156
-0.0648193359375 -0.0976028442382813 0.00970458984375 0.0482292175292969
-0.0452804565429688 -0.119087219238281 -0.023193359375 0.044647216796875
-0.0665512084960938 -0.111724853515625 0.0926742553710938 -0.1075439453125
-0.09124755859375 -0.0645751953125 0.0292167663574219 -0.063690185546875
-0.0858001708984375 -0.00283050537109374 0.0225830078125 -0.0131015777587891
-0.0519485473632813 0.0415573120117188 0.05487060546875 -0.0206832885742187
-0.013397216796875 0.0481109619140625 0.0485687255859375 -0.0620269775390625
0.0147895812988281 0.0477104187011719 0.0160293579101562 -0.0899429321289062
0.0240383148193359 0.027374267578125 -0.0208511352539063 -0.097686767578125
0.0186672210693359 0.0307979583740234 -0.0302886962890625 -0.0978012084960937
0.0194282531738281 0.0335922241210938 -0.0140914916992187 -0.101463317871094
0.0115242004394531 0.0349617004394531 0.0280838012695312 -0.097320556640625
-0.00795364379882812 0.0349769592285156 0.0589256286621094 -0.0686111450195313
-0.0269279479980469 0.0321426391601563 0.0708999633789063 -0.0158920288085937
-0.0522689819335938 -0.0013275146484375 0.0545730590820313 0.0285224914550781
-0.066864013671875 -0.0501594543457031 -0.00746917724609375 0.0193538665771484
-0.0662918090820312 -0.0851364135742188 -0.0253429412841797 0.00475311279296874
-0.08026123046875 -0.072113037109375 0.0716400146484375 -0.1363525390625
-0.086456298828125 -0.0252761840820313 0.0129776000976562 -0.0791244506835938
-0.0648307800292969 0.0244483947753906 0.00857734680175781 -0.0227890014648438
-0.0173873901367188 0.0489425659179688 0.0412139892578125 -0.0331153869628906
0.0175628662109375 0.0351524353027344 0.0304374694824219 -0.065460205078125
0.03448486328125 0.0118122100830078 -0.00112152099609375 -0.092681884765625
0.0265750885009766 -0.0117416381835937 -0.03515625 -0.09552001953125
0.0199203491210938 -0.007568359375 -0.0437240600585938 -0.0956878662109375
0.0214900970458984 -0.0100574493408203 -0.0216827392578125 -0.100456237792969
0.0299091339111328 -0.0107002258300781 0.022674560546875 -0.0983963012695313
0.0313205718994141 0.00759124755859375 0.0509910583496094 -0.0652084350585938
0.0233573913574219 0.0300331115722656 0.06201171875 -0.0151100158691406
-0.0189437866210938 0.0381851196289063 0.0366744995117188 0.0210418701171875
-0.0638809204101563 0.00961303710937501 -0.0214271545410156 0.0045013427734375
-0.08135986328125 -0.0354766845703125 -0.0316143035888672 -0.0255393981933594
0.0824432373046875 -0.0270004272460938 0.0528602600097656 0.0306434631347656
0.0500946044921875 -0.0861663818359375 0.0378837585449219 -0.005645751953125
-0.034515380859375 -0.0798492431640625 -0.0191326141357422 -0.0285758972167969
-0.0748138427734375 -0.0215225219726563 -0.0577316284179688 0.0118179321289062
-0.0610466003417969 0.0216064453125 -0.0432395935058594 0.050689697265625
-0.037200927734375 0.0582962036132812 -0.00798034667968751 0.0889816284179688
-0.010833740234375 0.0616035461425781 0.0316925048828125 0.0907669067382813
-0.0171699523925781 0.0518951416015625 0.0477447509765625 0.0764541625976563
-0.0282325744628906 0.0545539855957031 0.0391845703125 0.0736923217773437
-0.0486602783203125 0.031158447265625 0.012298583984375 0.07373046875
-0.0492172241210938 -0.010986328125 -0.000946044921875008 0.0586051940917969
-0.02642822265625 -0.0389251708984375 -0.00673675537109375 0.0426445007324219
0.0284996032714844 -0.0468254089355469 -0.00240325927734375 0.0547447204589844
0.07025146484375 -0.01605224609375 0.0044097900390625 0.111297607421875
0.06512451171875 0.0248222351074219 -0.0795135498046875 0.162307739257813
0.08111572265625 -0.0757293701171875 0.0712432861328125 0.021331787109375
0.0368270874023438 -0.126197814941406 0.045562744140625 -0.0115509033203125
-0.0552444458007812 -0.106864929199219 -0.003875732421875 -0.0272617340087891
-0.106918334960938 -0.0300369262695312 -0.0359344482421875 0.00416564941406249
-0.0893478393554688 0.0334854125976562 -0.0252647399902344 0.0279579162597656
-0.05023193359375 0.0895233154296875 -0.00161361694335938 0.0612716674804688
-0.00904846191406251 0.0929107666015625 0.0274925231933594 0.0605239868164063
-0.0126495361328125 0.0806121826171875 0.0437889099121094 0.04766845703125
-0.023284912109375 0.0875091552734375 0.0415077209472656 0.0455284118652344
-0.0521621704101562 0.0650177001953125 0.0273857116699219 0.0515937805175781
-0.0689239501953125 0.015960693359375 0.0210685729980469 0.0445823669433594
-0.0592842102050781 -0.02484130859375 0.0175247192382813 0.0429916381835938
-0.00702667236328125 -0.0642585754394531 0.0204734802246094 0.0696029663085937
0.0452537536621094 -0.0600242614746094 0.0181198120117188 0.12298583984375
0.0543174743652344 -0.0293922424316406 -0.0619354248046875 0.17169189453125
0.0662460327148438 -0.114067077636719 0.0907821655273438 0.000221252441406243
0.0176239013671875 -0.147903442382813 0.0524139404296875 -0.0226898193359375
-0.0706405639648437 -0.118423461914063 0.00892257690429688 -0.0256977081298828
-0.124771118164063 -0.032562255859375 -0.0112266540527344 -0.0023183822631836
-0.105171203613281 0.0409393310546875 -0.0023190975189209 0.00408482551574707
-0.0570831298828125 0.107711791992187 0.00663566589355468 0.0253562927246094
-0.00551605224609375 0.110054016113281 0.0206356048583984 0.0217418670654297
-0.00748443603515626 0.09765625 0.0331783294677734 0.0108127593994141
-0.013641357421875 0.107612609863281 0.0375862121582031 0.0113525390625
-0.0473556518554688 0.091400146484375 0.0370864868164063 0.0212974548339844
-0.0808792114257813 0.0426177978515625 0.0399551391601563 0.0217094421386719
-0.0869293212890625 -0.00503540039062501 0.0421676635742187 0.036224365234375
-0.04632568359375 -0.0744781494140625 0.0425567626953125 0.076141357421875
0.00953674316406249 -0.0994949340820312 0.02850341796875 0.121307373046875
0.033843994140625 -0.08013916015625 -0.0440826416015625 0.162628173828125
0.0381240844726563 -0.136489868164063 0.105392456054687 -0.0272445678710938
-0.0111236572265625 -0.150146484375 0.0553550720214844 -0.0371856689453125
-0.0836715698242188 -0.110824584960937 0.0183525085449219 -0.0226955413818359
-0.1265869140625 -0.0241241455078125 0.0153341293334961 -0.00733089447021485
-0.103073120117188 0.0462646484375 0.0211734771728516 -0.0201759338378906
-0.0523834228515625 0.110237121582031 0.0149507522583008 -0.0136346817016601
0.00028228759765625 0.109573364257813 0.0114727020263672 -0.0208778381347656
-0.000373840332031254 0.0996780395507813 0.0171394348144531 -0.0272026062011719
-0.004180908203125 0.112640380859375 0.0253334045410156 -0.0273418426513672
-0.0375518798828125 0.104423522949219 0.0403976440429688 -0.0161933898925781
-0.08087158203125 0.0631561279296875 0.0534477233886719 -0.00864028930664062
-0.102386474609375 0.0155792236328125 0.0619392395019531 0.0199851989746094
-0.078216552734375 -0.074859619140625 0.0608673095703125 0.0708236694335938
-0.0254058837890625 -0.122932434082031 0.03118896484375 0.104576110839844
0.00907135009765626 -0.116310119628906 -0.029510498046875 0.132049560546875
-0.00022888183593749 -0.141036987304688 0.11083984375 -0.05804443359375
-0.04461669921875 -0.129974365234375 0.05120849609375 -0.0492057800292969
-0.0905609130859375 -0.0810623168945313 0.0250682830810547 -0.0192832946777344
-0.10992431640625 -0.00598144531249999 0.037567138671875 -0.0121955871582031
-0.0820541381835938 0.048431396484375 0.0407295227050781 -0.0414199829101563
-0.0362548828125 0.0971755981445313 0.0206031799316406 -0.0500564575195312
0.00572967529296874 0.0931854248046875 0.00147628784179688 -0.0577316284179687
0.0057525634765625 0.0865631103515625 -0.00212478637695312 -0.0611000061035156
0.00544738769531249 0.0993576049804688 0.0106201171875 -0.0618209838867188
-0.0238189697265625 0.0965957641601563 0.0370368957519531 -0.0537376403808594
-0.067291259765625 0.0672454833984375 0.05908203125 -0.0401115417480469
-0.095672607421875 0.02813720703125 0.0735244750976563 0.000839233398437502
-0.0890579223632813 -0.061431884765625 0.0693130493164063 0.0543441772460937
-0.05072021484375 -0.120429992675781 0.0250930786132812 0.0759124755859375
-0.017913818359375 -0.128105163574219 -0.01837158203125 0.0900726318359375
-0.0372543334960938 -0.127578735351563 0.106292724609375 -0.0871505737304688
-0.0724716186523438 -0.0955734252929688 0.0427894592285156 -0.060333251953125
-0.0886154174804687 -0.03912353515625 0.0262527465820312 -0.0169754028320313
-0.0802536010742188 0.0182418823242188 0.0515213012695312 -0.0186004638671875
-0.0493621826171875 0.0465736389160156 0.0489845275878906 -0.0568351745605469
-0.0126190185546875 0.0732574462890625 0.019317626953125 -0.07745361328125
0.0123138427734375 0.0620498657226563 -0.011749267578125 -0.0835723876953125
0.012115478515625 0.0613594055175781 -0.021026611328125 -0.0845565795898438
0.0110626220703125 0.0704879760742188 -0.00655364990234376 -0.088226318359375
-0.00842285156249999 0.0688705444335938 0.0295257568359375 -0.0835189819335937
-0.0419692993164063 0.0531539916992187 0.0574111938476562 -0.0630340576171875
-0.0659561157226563 0.0309829711914063 0.0757064819335938 -0.0156631469726562
-0.0755767822265625 -0.035552978515625 0.0661468505859375 0.0363616943359375
-0.0610809326171875 -0.0910568237304687 0.0129508972167969 0.0428428649902344
-0.0411148071289062 -0.111442565917969 -0.0142631530761719 0.0438652038574219
-0.0661697387695312 -0.100654602050781 0.0928192138671875 -0.116561889648438
-0.085906982421875 -0.0543975830078125 0.028961181640625 -0.0713272094726563
-0.0775375366210938 -8.39233398437565E-05 0.01971435546875 -0.0191879272460938
-0.043975830078125 0.0387496948242188 0.0513114929199219 -0.0259971618652344
-0.0116920471191406 0.0417633056640625 0.0436019897460938 -0.0646629333496094
0.0119209289550781 0.0398826599121094 0.0103683471679688 -0.0901260375976563
0.0176887512207031 0.0240554809570313 -0.0252914428710937 -0.0952529907226562
0.0156631469726563 0.0271625518798828 -0.0361328125 -0.0949935913085937
0.0140380859375 0.0305290222167969 -0.0191268920898438 -0.100921630859375
0.00750160217285156 0.0281410217285156 0.0231857299804688 -0.098785400390625
-0.00746917724609375 0.0274791717529297 0.0531234741210937 -0.0726394653320313
-0.0226993560791016 0.0265407562255859 0.07122802734375 -0.0219955444335938
-0.0439376831054688 -0.0018768310546875 0.0531768798828125 0.0235671997070312
-0.0605430603027344 -0.0413970947265625 -0.001556396484375 0.0176753997802734
-0.0610809326171875 -0.0739517211914063 -0.0161628723144531 0.00507450103759765
-0.0809402465820313 -0.059783935546875 0.0735626220703125 -0.140792846679687
-0.0816726684570313 -0.01422119140625 0.0136489868164062 -0.0843353271484375
-0.0570640563964844 0.0314750671386719 0.00655937194824218 -0.0277614593505859
-0.0091552734375 0.0474929809570313 0.0375785827636719 -0.0333290100097656
0.0211277008056641 0.0287742614746094 0.0275077819824219 -0.0642623901367188
0.0321159362792969 0.00458908081054687 -0.00389862060546875 -0.0894927978515625
0.0190181732177734 -0.0154056549072266 -0.0364227294921875 -0.0927352905273438
0.0163164138793945 -0.0115680694580078 -0.0450439453125 -0.0916519165039063
0.0146236419677734 -0.0137424468994141 -0.0244140625 -0.0994491577148438
0.0235881805419922 -0.0176315307617188 0.0193557739257813 -0.0987701416015625
0.0295219421386719 -0.00137519836425781 0.0475959777832031 -0.0668525695800781
0.0257205963134766 0.0210933685302734 0.0615425109863281 -0.0188484191894531
-0.00949859619140625 0.036590576171875 0.0365447998046875 0.0173454284667969
-0.055389404296875 0.0168228149414063 -0.0153627395629883 0.00415611267089844
-0.0760955810546875 -0.0237655639648438 -0.023101806640625 -0.0194168090820313
0.0787887573242188 -0.0334930419921875 0.0424118041992188 0.0270767211914062
0.04058837890625 -0.0876617431640625 0.0309162139892578 -0.00628089904785157
-0.039459228515625 -0.0745849609375 -0.0203304290771484 -0.0264530181884766
-0.0742874145507813 -0.0153121948242187 -0.0568885803222656 0.012237548828125
-0.0585746765136719 0.0261993408203125 -0.0426979064941406 0.0487327575683594
-0.0301666259765625 0.0603523254394531 -0.0085296630859375 0.0873870849609375
-0.00547409057617187 0.0615234375 0.0291519165039063 0.0889816284179688
-0.0118827819824219 0.05255126953125 0.0448455810546875 0.0745925903320313
-0.0213127136230469 0.0562896728515625 0.034912109375 0.0718536376953125
-0.0449371337890625 0.0354728698730469 0.00962066650390625 0.0704803466796875
-0.0510330200195313 -0.00518035888671876 -0.00117111206054688 0.0544929504394531
-0.030731201171875 -0.0364112854003906 -0.00493621826171875 0.0399742126464844
0.023040771484375 -0.0508232116699219 -0.00086593627929687 0.0561103820800781
0.0667877197265625 -0.0244369506835937 0.00337219238281251 0.111503601074219
0.0657539367675781 0.0161705017089844 -0.0809783935546875 0.159820556640625
0.0797805786132813 -0.0807876586914063 0.0606231689453125 0.0159759521484375
0.0305404663085938 -0.127029418945313 0.0375251770019531 -0.0128860473632813
-0.0587234497070313 -0.1026611328125 -0.00640106201171875 -0.0272903442382813
-0.105995178222656 -0.0242996215820312 -0.036895751953125 0.00301742553710937
-0.0867767333984375 0.037017822265625 -0.0273723602294922 0.0263042449951172
-0.0444488525390625 0.0906524658203125 -0.00382232666015625 0.0596694946289063
-0.00412750244140626 0.0918197631835938 0.0230064392089844 0.0598411560058594
-0.00923919677734375 0.0806350708007813 0.0380134582519531 0.0463600158691406
-0.0186080932617187 0.0880355834960938 0.0365219116210938 0.0439071655273438
-0.0491371154785156 0.0672874450683594 0.0226821899414063 0.0478477478027344
-0.0712051391601563 0.0189056396484375 0.0195579528808594 0.0389823913574219
-0.0620460510253906 -0.0241165161132813 0.0186996459960937 0.0385818481445313
-0.010040283203125 -0.068817138671875 0.0224800109863281 0.0684394836425781
0.0440864562988281 -0.0677757263183594 0.0181198120117188 0.121040344238281
0.0574493408203125 -0.0357551574707031 -0.0623931884765625 0.167083740234375
0.0678558349609375 -0.116561889648437 0.0797882080078125 -0.00550079345703126
0.0145416259765625 -0.149169921875 0.0441665649414063 -0.0253562927246094
-0.0719985961914063 -0.116943359375 0.00508689880371093 -0.0266189575195313
-0.123252868652344 -0.0299224853515625 -0.0133152008056641 -0.00393104553222656
-0.102874755859375 0.0427398681640625 -0.00598955154418946 0.00132131576538086
-0.0522003173828125 0.107498168945312 0.00268936157226562 0.0236778259277344
-0.00290679931640625 0.108566284179688 0.0147380828857422 0.0218772888183594
-0.00553894042968749 0.0968093872070313 0.0263900756835938 0.0109729766845703
-0.0117340087890625 0.107566833496094 0.0311985015869141 0.00933074951171876
-0.046051025390625 0.0923614501953125 0.0315036773681641 0.0169506072998047
-0.0817489624023438 0.04364013671875 0.0375785827636719 0.0159950256347656
-0.0885772705078125 -0.0063934326171875 0.04254150390625 0.0305862426757813
-0.046722412109375 -0.0791244506835938 0.045196533203125 0.0724868774414063
0.0115203857421875 -0.1051025390625 0.0285797119140625 0.117843627929688
0.0399398803710937 -0.0838394165039063 -0.0428009033203125 0.1558837890625
0.0423049926757812 -0.135749816894531 0.0962600708007812 -0.0347747802734375
-0.009735107421875 -0.149520874023438 0.0474166870117187 -0.0402259826660156
-0.0819549560546875 -0.110099792480469 0.0148162841796875 -0.0248336791992188
-0.124305725097656 -0.0249481201171875 0.0122127532958984 -0.00990390777587891
-0.102272033691406 0.0449600219726562 0.016265869140625 -0.0223979949951172
-0.0503997802734375 0.108680725097656 0.0102300643920898 -0.0152139663696289
-0.001007080078125 0.108268737792969 0.00501441955566406 -0.0192928314208984
-0.00101470947265624 0.09857177734375 0.009979248046875 -0.0262947082519531
-0.00399780273437501 0.1109619140625 0.0194549560546875 -0.0277175903320312
-0.0375289916992187 0.103202819824219 0.0339145660400391 -0.0199165344238281
-0.0821151733398437 0.0614776611328125 0.0497169494628906 -0.0140304565429687
-0.101852416992188 0.0120620727539062 0.0611572265625 0.0140113830566406
-0.0755538940429688 -0.0779953002929688 0.0619277954101562 0.0645866394042969
-0.021392822265625 -0.125419616699219 0.0320892333984375 0.0989837646484375
0.0163726806640625 -0.116096496582031 -0.0258636474609375 0.126075744628906
0.00647735595703126 -0.13739013671875 0.104804992675781 -0.0650482177734375
-0.0384750366210937 -0.128677368164063 0.0468711853027344 -0.0546531677246094
-0.0855484008789063 -0.0826797485351563 0.0217990875244141 -0.0219688415527344
-0.107612609863281 -0.00862121582031252 0.0344028472900391 -0.0155010223388672
-0.0821990966796875 0.045135498046875 0.035186767578125 -0.0433845520019531
-0.03741455078125 0.094390869140625 0.0142898559570312 -0.0510978698730469
0.0031585693359375 0.091064453125 -0.00543212890625 -0.0553817749023437
0.00365447998046875 0.085601806640625 -0.00786972045898437 -0.0586051940917969
0.0028076171875 0.0973587036132813 0.0043792724609375 -0.0615653991699219
-0.0255584716796875 0.0937881469726563 0.0303840637207031 -0.055694580078125
-0.0689468383789063 0.062835693359375 0.0544319152832031 -0.0439567565917969
-0.0938873291015625 0.0242233276367188 0.0716400146484375 -0.00531768798828125
-0.084503173828125 -0.0642242431640625 0.068939208984375 0.048095703125
-0.0448150634765625 -0.120429992675781 0.0276718139648438 0.0690803527832031
-0.00968933105468751 -0.124496459960938 -0.0139694213867188 0.0838088989257812
-0.030364990234375 -0.121482849121094 0.10345458984375 -0.0945510864257813
-0.063934326171875 -0.0927276611328125 0.0402336120605469 -0.0654067993164063
-0.0816650390625 -0.0415878295898437 0.0228099822998047 -0.0208835601806641
-0.0767974853515625 0.0130157470703125 0.0478591918945312 -0.0216293334960938
-0.04986572265625 0.04205322265625 0.0445137023925781 -0.0584068298339844
-0.0165786743164062 0.0684547424316406 0.0141525268554688 -0.0772628784179688
0.00730895996093749 0.0608978271484375 -0.0161666870117188 -0.0817642211914063
0.00754165649414063 0.059539794921875 -0.0241622924804687 -0.0817794799804687
0.006500244140625 0.0685768127441406 -0.010589599609375 -0.0864486694335937
-0.0122451782226563 0.0646705627441406 0.0249404907226563 -0.0838699340820313
-0.0434761047363281 0.0481109619140625 0.0536079406738281 -0.0655403137207031
-0.0645256042480469 0.0249595642089844 0.0731277465820313 -0.0202178955078125
-0.0690650939941406 -0.0384635925292969 0.0647850036621094 0.0313682556152344
-0.0538253784179688 -0.0888595581054687 0.0159111022949219 0.0375556945800781
-0.0324783325195312 -0.105827331542969 -0.0083160400390625 0.039764404296875
-0.060333251953125 -0.0915756225585938 0.0931015014648438 -0.120048522949219
-0.0772018432617188 -0.0500411987304688 0.0293350219726562 -0.0757522583007813
-0.0695228576660156 0.000202178955078138 0.0177135467529297 -0.0226650238037109
-0.0394783020019531 0.0328865051269531 0.048187255859375 -0.0278053283691406
-0.0115280151367188 0.0353775024414063 0.0402565002441406 -0.0642623901367188
0.00755882263183594 0.0347766876220703 0.00745391845703126 -0.0893630981445312
0.0114192962646484 0.0230503082275391 -0.0263595581054687 -0.0933609008789063
0.0103797912597656 0.0253105163574219 -0.0371551513671875 -0.0923843383789062
0.00788688659667969 0.02911376953125 -0.020965576171875 -0.0989837646484375
0.00142478942871094 0.0239200592041016 0.0200729370117188 -0.0982131958007813
-0.0110645294189453 0.0209846496582031 0.0504684448242188 -0.07275390625
-0.0208778381347656 0.0198459625244141 0.0688018798828125 -0.0247116088867188
-0.0372047424316406 -0.00478363037109376 0.0520515441894531 0.0196685791015625
-0.051666259765625 -0.038665771484375 0.00152587890625 0.0140409469604492
-0.051910400390625 -0.0667190551757813 -0.00766706466674805 0.00426578521728515
-0.0781478881835938 -0.0511245727539062 0.076446533203125 -0.141433715820312
-0.0750732421875 -0.0077056884765625 0.0160293579101562 -0.0881195068359375
-0.0493240356445313 0.032867431640625 0.00458335876464844 -0.0292606353759766
-0.00293350219726563 0.0436859130859375 0.0354728698730469 -0.0340728759765625
0.0225124359130859 0.0233440399169922 0.0258369445800781 -0.0627555847167969
0.0269584655761719 -0.000741958618164063 -0.00455474853515625 -0.0872650146484375
0.0133228302001953 -0.0171022415161133 -0.0347061157226563 -0.09100341796875
0.0111789703369141 -0.0126791000366211 -0.043548583984375 -0.0890274047851563
0.00833606719970703 -0.0150222778320313 -0.0244369506835938 -0.097747802734375
0.0166797637939453 -0.0208282470703125 0.0185012817382812 -0.0978469848632813
0.0256538391113281 -0.00797080993652344 0.0464706420898438 -0.0664405822753906
0.0260238647460937 0.0145664215087891 0.06005859375 -0.0205116271972656
-0.00336265563964844 0.0326519012451172 0.0361862182617188 0.0149269104003906
-0.0459098815917969 0.0191879272460937 -0.0116291046142578 0.00167179107666016
-0.0680351257324219 -0.016357421875 -0.0128612518310547 -0.0182342529296875
0.07611083984375 -0.03729248046875 0.0326118469238281 0.0268058776855469
0.0353622436523438 -0.0880508422851563 0.025421142578125 -0.00477600097656251
-0.0419998168945313 -0.071136474609375 -0.0208988189697266 -0.025970458984375
-0.073272705078125 -0.0111923217773437 -0.0565185546875 0.0115966796875
-0.0560188293457031 0.0289535522460938 -0.0445289611816406 0.0478363037109375
-0.0255279541015625 0.0610122680664062 -0.0109405517578125 0.0867843627929688
-0.001556396484375 0.0613250732421875 0.0257797241210938 0.0900726318359375
-0.00850296020507813 0.0525321960449219 0.0401840209960938 0.0756683349609375
-0.01708984375 0.0576515197753906 0.03118896484375 0.0724105834960938
-0.0421142578125 0.0384674072265625 0.00522232055664062 0.0693435668945313
-0.0519027709960938 -0.00116348266601562 -0.00336074829101562 0.0522499084472656
-0.0338516235351563 -0.0349979400634766 -0.00471115112304688 0.0381927490234375
0.018707275390625 -0.0535316467285156 -0.000583648681640623 0.0574760437011719
0.0645027160644531 -0.0301895141601563 0.000343322753906242 0.11322021484375
0.0661087036132813 0.0100517272949219 -0.0880889892578125 0.159133911132812
0.08111572265625 -0.0845718383789063 0.0496292114257813 0.0145530700683594
0.028045654296875 -0.128395080566406 0.0318145751953125 -0.0119209289550781
-0.0588912963867187 -0.102043151855469 -0.00809288024902344 -0.0269298553466797
-0.104896545410156 -0.0224151611328125 -0.0379066467285156 0.00193023681640624
-0.0858001708984375 0.0384368896484375 -0.0304031372070313 0.0246143341064453
-0.0410919189453125 0.0909881591796875 -0.00738143920898437 0.0594100952148438
-0.00291442871093751 0.0919647216796875 0.0180549621582031 0.0617713928222656
-0.00807952880859374 0.0808944702148438 0.0331230163574219 0.0485382080078125
-0.0162734985351562 0.089202880859375 0.0310211181640625 0.0452156066894531
-0.0486984252929688 0.0699043273925781 0.0173530578613281 0.0463294982910156
-0.0732421875 0.0206527709960938 0.0167884826660156 0.0361862182617188
-0.0650711059570313 -0.0254287719726563 0.0186614990234375 0.0356330871582031
-0.0120925903320312 -0.0736465454101563 0.0229873657226563 0.0683937072753906
0.0440216064453125 -0.0743331909179688 0.015533447265625 0.121307373046875
0.0617332458496094 -0.041168212890625 -0.0673675537109375 0.1651611328125
0.072662353515625 -0.119537353515625 0.0704421997070313 -0.00858306884765626
0.01580810546875 -0.15081787109375 0.0378494262695313 -0.0254974365234375
-0.0713653564453125 -0.118850708007813 0.00255203247070312 -0.0272178649902344
-0.123191833496094 -0.030731201171875 -0.01544189453125 -0.00516510009765625
-0.103866577148438 0.0422821044921875 -0.0101490020751953 8.39233398437524E-05
-0.0518875122070313 0.107307434082031 -0.00144386291503907 0.02313232421875
-0.00399017333984376 0.109375 0.00944900512695313 0.0236854553222656
-0.00648498535156251 0.09747314453125 0.0203380584716797 0.0126190185546875
-0.0119171142578125 0.108619689941406 0.025421142578125 0.00999641418457032
-0.04754638671875 0.0934219360351563 0.0260200500488281 0.0152835845947266
-0.0855026245117188 0.043792724609375 0.0349311828613281 0.0123195648193359
-0.0911483764648438 -0.00942993164062499 0.0418930053710937 0.0270042419433594
-0.0470199584960938 -0.085357666015625 0.0452117919921875 0.0711288452148438
0.01434326171875 -0.111663818359375 0.0265350341796875 0.116981506347656
0.0464935302734375 -0.0879364013671875 -0.04608154296875 0.152191162109375
0.0502243041992187 -0.137962341308594 0.0894012451171875 -0.0375137329101563
-0.00492858886718751 -0.15185546875 0.0426445007324219 -0.0418586730957031
-0.0789642333984375 -0.114921569824219 0.0116615295410156 -0.0256519317626953
-0.124259948730469 -0.028717041015625 0.00928688049316406 -0.0111703872680664
-0.104141235351562 0.04296875 0.0127792358398437 -0.023956298828125
-0.0521469116210938 0.107574462890625 0.00571155548095703 -0.0155143737792969
-0.00393676757812499 0.109237670898437 0.000108718872070311 -0.0171051025390625
-0.00373077392578126 0.0992965698242188 0.00464630126953125 -0.0240192413330078
-0.00696563720703124 0.111740112304688 0.0141925811767578 -0.0269145965576172
-0.041046142578125 0.103004455566406 0.0283355712890625 -0.0210704803466797
-0.0857620239257813 0.0594100952148438 0.0468482971191406 -0.0168914794921875
-0.103775024414063 0.00727844238281252 0.0599822998046875 0.010650634765625
-0.0736236572265625 -0.0847396850585937 0.0619544982910156 0.0624351501464844
-0.0164108276367187 -0.131179809570313 0.0308456420898437 0.0963363647460937
0.0255661010742187 -0.119132995605469 -0.0270004272460938 0.121353149414062
0.016357421875 -0.137237548828125 0.101486206054688 -0.0688552856445313
-0.0309982299804688 -0.130966186523438 0.043487548828125 -0.0571556091308594
-0.0815048217773438 -0.0880661010742188 0.0180187225341797 -0.0241527557373047
-0.107963562011719 -0.014923095703125 0.0316143035888672 -0.0173530578613281
-0.0858993530273438 0.0409622192382813 0.0322303771972656 -0.0444984436035156
-0.0415420532226562 0.0928497314453125 0.0115089416503906 -0.0512123107910156
-0.00219726562500001 0.0924148559570312 -0.00902938842773438 -0.0541763305664062
-0.000183105468749998 0.0864639282226563 -0.0117988586425781 -0.0567512512207031
-0.002349853515625 0.0983428955078125 0.000854492187499994 -0.0609664916992187
-0.0304412841796875 0.092620849609375 0.0260467529296875 -0.0566482543945312
-0.0729446411132812 0.0597305297851563 0.0518760681152344 -0.046295166015625
-0.0952911376953125 0.0175094604492188 0.0701980590820313 -0.00861358642578125
-0.0810775756835938 -0.0705184936523438 0.0679740905761719 0.0454788208007812
-0.037750244140625 -0.123741149902344 0.0268898010253906 0.0651817321777343
0.000976562500000005 -0.125106811523438 -0.0121612548828125 0.078826904296875
-0.0208511352539062 -0.119499206542969 0.103897094726563 -0.09857177734375
-0.0546188354492187 -0.09393310546875 0.0392265319824219 -0.0686187744140625
-0.0759658813476563 -0.0469436645507812 0.0200786590576172 -0.02325439453125
-0.0759506225585938 0.00608062744140625 0.0454483032226562 -0.0229988098144531
-0.0524520874023437 0.0368232727050781 0.0419464111328125 -0.0584983825683594
-0.0218124389648438 0.06591796875 0.0123367309570312 -0.0772323608398438
0.00149154663085938 0.0614891052246094 -0.0174179077148437 -0.0810623168945313
0.00301361083984375 0.0600547790527344 -0.0257034301757813 -0.0800018310546875
0.000709533691406245 0.0685043334960937 -0.0121612548828125 -0.0859832763671875
-0.0181121826171875 0.06317138671875 0.0218353271484375 -0.0843582153320312
-0.0475540161132812 0.0430641174316406 0.0528068542480469 -0.0665321350097656
-0.0652580261230469 0.0184516906738281 0.0717926025390625 -0.0221328735351563
-0.0637741088867187 -0.0442886352539063 0.0632553100585938 0.0285720825195312
-0.04541015625 -0.0904693603515625 0.0157070159912109 0.034036636352539
-0.0214691162109375 -0.105056762695313 -0.00321197509765625 0.0358390808105469
-0.0526046752929688 -0.0881805419921875 0.0973281860351563 -0.123252868652344
-0.0688362121582031 -0.0500106811523437 0.0307464599609375 -0.0801925659179687
-0.0636024475097656 -0.00313186645507813 0.0155220031738281 -0.0249481201171875
-0.0369758605957031 0.026580810546875 0.0465126037597656 -0.0289154052734375
-0.0133323669433594 0.0296134948730469 0.0399742126464844 -0.0645599365234375
0.00206375122070312 0.0321502685546875 0.0077362060546875 -0.0886764526367188
0.00586509704589844 0.0236988067626953 -0.0252532958984375 -0.0929718017578125
0.00522613525390625 0.0255393981933594 -0.0365371704101563 -0.0917434692382813
0.00226402282714844 0.0290718078613281 -0.0202713012695313 -0.0994338989257813
-0.0046844482421875 0.0224056243896484 0.0193862915039062 -0.0986862182617188
-0.0147829055786133 0.0156774520874023 0.0507583618164063 -0.0732955932617188
-0.0214576721191406 0.0134811401367188 0.0687179565429688 -0.0255775451660156
-0.0321063995361328 -0.00966644287109375 0.0510025024414063 0.0173873901367188
-0.0432205200195312 -0.0392990112304688 0.00350570678710937 0.0102043151855469
-0.0422286987304688 -0.0638847351074219 -0.000131726264953616 0.00172245502471923
-0.0740966796875 -0.0460205078125 0.083251953125 -0.143051147460938
-0.0691490173339844 -0.00549316406249999 0.019012451171875 -0.09228515625
-0.0442237854003906 0.03240966796875 0.00309371948242187 -0.0311164855957031
0.000423431396484372 0.0394210815429688 0.0341472625732422 -0.0338993072509766
0.0217170715332031 0.0182456970214844 0.0265769958496094 -0.0614204406738281
0.0227565765380859 -0.00376510620117187 -0.00263977050781251 -0.0859756469726563
0.00819301605224609 -0.0173702239990234 -0.0321121215820312 -0.091094970703125
0.00674343109130859 -0.0124273300170898 -0.0405349731445313 -0.09002685546875
0.00325298309326172 -0.0144643783569336 -0.02215576171875 -0.098846435546875
0.0106735229492187 -0.0222797393798828 0.0197601318359375 -0.0977859497070313
0.021484375 -0.0126686096191406 0.0477828979492188 -0.0666275024414063
0.0253829956054688 0.00907516479492188 0.0606193542480469 -0.0207252502441406
0.000638961791992187 0.0292015075683594 0.0358352661132813 0.0135002136230469
-0.0388755798339844 0.0200233459472656 -0.00796270370483399 -0.00145483016967773
-0.0607719421386719 -0.0132179260253906 -0.00347328186035157 -0.0194892883300781
0.075469970703125 -0.0416336059570313 0.0236530303955078 0.0289459228515625
0.0314865112304688 -0.0897369384765625 0.0215988159179688 -0.00195121765136719
-0.0444183349609375 -0.070404052734375 -0.0218601226806641 -0.0257282257080078
-0.0739288330078125 -0.00824737548828124 -0.05816650390625 0.0105972290039062
-0.0558395385742188 0.0310707092285156 -0.0479736328125 0.0478248596191406
-0.0221366882324219 0.06268310546875 -0.013763427734375 0.089111328125
0.00125885009765625 0.0627784729003906 0.0227279663085938 0.0944442749023437
-0.00622940063476563 0.0539894104003906 0.0373306274414062 0.08038330078125
-0.0135421752929688 0.0591964721679688 0.0278167724609375 0.0765457153320313
-0.0408973693847656 0.0420608520507813 0.000564575195312504 0.0722808837890625
-0.0532760620117188 0.00180816650390625 -0.00547409057617187 0.0521659851074219
-0.0369682312011719 -0.0344161987304688 -0.00511550903320313 0.0371437072753906
0.0152053833007812 -0.0569801330566406 -0.00020217895507812 0.0604476928710938
0.0631027221679688 -0.0352973937988281 -0.00327301025390624 0.118560791015625
0.0676994323730469 0.0052032470703125 -0.097381591796875 0.16302490234375
0.083892822265625 -0.0900344848632813 0.0412101745605469 0.0153617858886719
0.0275650024414062 -0.132598876953125 0.0274810791015625 -0.00974082946777345
-0.06134033203125 -0.104263305664063 -0.00976371765136719 -0.0270576477050781
-0.106742858886719 -0.0222244262695313 -0.0395355224609375 0.0010223388671875
-0.087860107421875 0.0396881103515625 -0.0340976715087891 0.0238780975341797
-0.0401229858398438 0.093017578125 -0.0119361877441406 0.0608673095703125
-0.0017547607421875 0.0949249267578125 0.0146217346191406 0.0662384033203125
-0.00701904296875 0.083740234375 0.0292739868164063 0.0523262023925781
-0.0154037475585938 0.0926055908203125 0.0269050598144531 0.0481719970703125
-0.0493392944335938 0.0736618041992188 0.0125350952148437 0.0482368469238281
-0.0775070190429688 0.0234451293945313 0.0149421691894531 0.0351638793945312
-0.0693359375 -0.026458740234375 0.0185737609863281 0.03472900390625
-0.014007568359375 -0.0795669555664063 0.0233078002929688 0.0704803466796875
0.0449905395507813 -0.0818328857421875 0.0123825073242187 0.125732421875
0.067169189453125 -0.0476608276367188 -0.0759735107421875 0.167037963867188
0.0797653198242188 -0.125862121582031 0.0634918212890625 -0.00905990600585938
0.017852783203125 -0.157089233398438 0.0335559844970703 -0.0248603820800781
-0.0719680786132812 -0.124351501464844 0.000160217285156247 -0.0272579193115234
-0.126068115234375 -0.0329666137695313 -0.0176811218261719 -0.00638961791992188
-0.107551574707031 0.042877197265625 -0.014155387878418 -0.00118541717529297
-0.0533828735351563 0.109550476074219 -0.00589942932128906 0.0240669250488281
-0.00511932373046876 0.113845825195313 0.00524139404296875 0.0273170471191406
-0.00727081298828125 0.101264953613281 0.0159921646118164 0.0165615081787109
-0.013214111328125 0.113082885742188 0.0214138031005859 0.0122852325439453
-0.0508270263671875 0.0974502563476562 0.0212059020996094 0.0161285400390625
-0.0913009643554688 0.0447616577148438 0.0328254699707031 0.0103912353515625
-0.0967941284179688 -0.0124664306640625 0.0422210693359375 0.0247879028320312
-0.04815673828125 -0.0938262939453125 0.0460662841796875 0.0723724365234375
0.0179214477539062 -0.120384216308594 0.024566650390625 0.1192626953125
0.0552215576171875 -0.0948715209960938 -0.0521697998046875 0.153274536132813
0.05999755859375 -0.143783569335937 0.0853424072265625 -0.0398788452148438
-0.000259399414062517 -0.1595458984375 0.0389938354492188 -0.0428276062011719
-0.0784378051757812 -0.122589111328125 0.00879096984863281 -0.0268383026123047
-0.128517150878906 -0.0333709716796875 0.00705623626708984 -0.012568473815918
-0.110420227050781 0.0419845581054687 0.00917625427246093 -0.0248031616210937
-0.0567474365234375 0.109931945800781 0.00210475921630859 -0.0156383514404297
-0.00695037841796874 0.114021301269531 -0.00403785705566406 -0.01513671875
-0.00646972656250001 0.103919982910156 0.000421524047851562 -0.0219230651855469
-0.0102462768554688 0.116470336914063 0.0106048583984375 -0.026519775390625
-0.0459060668945313 0.10595703125 0.0241756439208984 -0.0217571258544922
-0.0929183959960937 0.0590057373046875 0.0459022521972656 -0.0195083618164063
-0.10968017578125 0.00244140625000001 0.0601806640625 0.00821304321289063
-0.07403564453125 -0.0945205688476563 0.06317138671875 0.0628890991210938
-0.011474609375 -0.140434265136719 0.0296478271484375 0.0969772338867187
0.0353927612304688 -0.125648498535156 -0.0310211181640625 0.120285034179687
0.02679443359375 -0.141830444335938 0.100830078125 -0.0732955932617188
-0.0239334106445313 -0.139213562011719 0.0416107177734375 -0.0601921081542969
-0.0797653198242187 -0.0971908569335938 0.0156497955322266 -0.0261478424072266
-0.111282348632813 -0.02117919921875 0.0301094055175781 -0.0185890197753906
-0.0922164916992187 0.0386123657226563 0.0301399230957031 -0.0461769104003906
-0.047943115234375 0.094696044921875 0.00907135009765625 -0.0518341064453125
-0.00638580322265625 0.0968856811523438 -0.0117607116699219 -0.0538825988769531
-0.00457763671875 0.0904617309570313 -0.0146980285644531 -0.0561370849609375
-0.0063018798828125 0.102729797363281 -0.00228500366210938 -0.0617103576660156
-0.0367050170898437 0.094970703125 0.0235023498535156 -0.0585060119628906
-0.0797882080078125 0.0580825805664063 0.0516777038574219 -0.0494117736816406
-0.100624084472656 0.0120620727539062 0.0708770751953125 -0.0104751586914063
-0.0803604125976563 -0.0799484252929687 0.0683784484863281 0.0451164245605469
-0.0320205688476562 -0.13250732421875 0.0258026123046875 0.0637397766113281
0.0115203857421875 -0.131111145019531 -0.01214599609375 0.0767059326171875
-0.0111465454101563 -0.122406005859375 0.107810974121094 -0.103889465332031
-0.0478744506835938 -0.09967041015625 0.0394515991210938 -0.0743942260742188
-0.0731964111328125 -0.0551223754882813 0.0185642242431641 -0.0249767303466797
-0.0780792236328125 -0.000289916992187515 0.0445098876953125 -0.0245208740234375
-0.0580978393554688 0.0329666137695312 0.041290283203125 -0.0601806640625
-0.0283012390136719 0.0666847229003906 0.011505126953125 -0.078582763671875
-0.00312423706054688 0.0657272338867188 -0.0188064575195313 -0.0818023681640625
-0.00190734863281249 0.0635604858398438 -0.0269851684570313 -0.0816421508789063
-0.00484466552734375 0.0726394653320313 -0.0133819580078125 -0.088348388671875
-0.0249099731445312 0.0648002624511719 0.0211105346679688 -0.0868682861328125
-0.0542984008789063 0.0406227111816406 0.0531692504882813 -0.0693130493164063
-0.0687713623046875 0.0121307373046875 0.0733718872070312 -0.0237808227539062
-0.0620841979980469 -0.0522232055664062 0.0633468627929688 0.0276718139648438
-0.0386886596679687 -0.0971298217773438 0.0160961151123047 0.0311317443847656
-0.0117645263671875 -0.108062744140625 -8.96453857421871E-05 0.0325489044189453
-0.04620361328125 -0.0884628295898438 0.104194641113281 -0.129356384277344
-0.0627326965332031 -0.0524482727050781 0.0325546264648437 -0.0863037109375
-0.0600662231445312 -0.0081329345703125 0.0140800476074219 -0.0274200439453125
-0.0374336242675781 0.0210075378417969 0.0458564758300781 -0.0297050476074219
-0.0172500610351563 0.0260162353515625 0.040924072265625 -0.0655670166015625
-0.00387001037597656 0.0313434600830078 0.00843811035156251 -0.0908050537109375
0.000518798828124999 0.0254497528076172 -0.0247726440429688 -0.0959243774414063
0.001007080078125 0.027435302734375 -0.035888671875 -0.0946502685546875
-0.00294113159179688 0.0314292907714844 -0.0198135375976562 -0.102684020996094
-0.0111942291259766 0.0223236083984375 0.0202255249023438 -0.10162353515625
-0.0201969146728516 0.0123691558837891 0.0521240234375 -0.0751190185546875
-0.0238857269287109 0.00756645202636719 0.0697860717773438 -0.0266075134277344
-0.0287132263183594 -0.0160064697265625 0.050811767578125 0.0173492431640625
-0.0365180969238281 -0.04241943359375 0.00456047058105468 0.00695943832397461
-0.0342979431152344 -0.064697265625 0.00645828247070312 -0.00207233428955079
-0.0712203979492188 -0.04388427734375 0.09222412109375 -0.148849487304688
-0.0649337768554688 -0.00472259521484375 0.0222091674804688 -0.0985870361328125
-0.0409278869628906 0.0314407348632813 0.002471923828125 -0.0332489013671875
0.00283432006835938 0.03582763671875 0.0345878601074219 -0.0342979431152344
0.0207786560058594 0.0152378082275391 0.0287132263183594 -0.0618095397949219
0.0187721252441406 -0.00570106506347656 -9.15527343749908E-05 -0.088623046875
0.00408077239990234 -0.0174169540405273 -0.02947998046875 -0.0949172973632813
0.00377464294433594 -0.0120611190795898 -0.038604736328125 -0.0938491821289062
-0.000905990600585938 -0.0141029357910156 -0.02044677734375 -0.103004455566406
0.00561714172363281 -0.0226802825927734 0.0224533081054688 -0.101387023925781
0.0180759429931641 -0.0160446166992188 0.0506553649902344 -0.0679702758789063
0.0246925354003906 0.00442695617675781 0.0627861022949219 -0.0203628540039063
0.00461578369140625 0.0255680084228516 0.0362052917480469 0.0134925842285156
-0.0335655212402344 0.0191154479980469 -0.00519895553588867 -0.00446605682373047
-0.0552177429199219 -0.01171875 0.00544357299804687 -0.0221271514892578
0.0758132934570313 -0.0472564697265625 0.0161304473876953 0.032257080078125
0.027801513671875 -0.0944061279296875 0.0181446075439453 0.000467300415039057
-0.0486679077148438 -0.0703201293945313 -0.0236949920654297 -0.0253543853759766
-0.0757598876953125 -0.0045013427734375 -0.0609283447265625 0.0114097595214844
-0.0554885864257813 0.0349540710449219 -0.0518417358398438 0.050872802734375
-0.0179100036621094 0.0654678344726562 -0.015960693359375 0.093963623046875
0.00517654418945312 0.0652084350585937 0.0227890014648438 0.101432800292969
-0.002532958984375 0.0566864013671875 0.0376205444335938 0.08636474609375
-0.0101776123046875 0.0625152587890625 0.0273818969726562 0.082061767578125
-0.0394210815429688 0.0469741821289062 -0.00167083740234375 0.077178955078125
-0.0563545227050781 0.0062408447265625 -0.00774383544921875 0.054290771484375
-0.0415115356445313 -0.0338020324707031 -0.00542831420898438 0.0385284423828125
0.0116233825683594 -0.0611724853515625 0.00135040283203125 0.0647506713867188
0.0624275207519531 -0.0414886474609375 -0.00380706787109374 0.127037048339844
0.0706329345703125 0.0001220703125 -0.106826782226563 0.173233032226563
0.0875701904296875 -0.09881591796875 0.0339794158935547 0.0174903869628906
0.0248641967773438 -0.139869689941406 0.0237979888916016 -0.00767898559570313
-0.06622314453125 -0.1082763671875 -0.0121021270751953 -0.0272235870361328
-0.111564636230469 -0.0205612182617188 -0.0427474975585938 0.000915527343750001
-0.0907135009765625 0.0442733764648438 -0.0387687683105469 0.0252914428710938
-0.0389251708984375 0.09783935546875 -0.014862060546875 0.0644111633300781
0.001007080078125 0.100547790527344 0.0130538940429688 0.0725326538085938
-0.00480651855468751 0.088836669921875 0.02801513671875 0.0580596923828125
-0.0123443603515625 0.098541259765625 0.0254020690917969 0.0525856018066406
-0.0504684448242188 0.080291748046875 0.00934600830078125 0.0516242980957031
-0.0825881958007813 0.0279006958007813 0.0131797790527344 0.0354042053222656
-0.0767059326171875 -0.0274887084960938 0.0194892883300781 0.0343017578125
-0.0185699462890625 -0.087799072265625 0.0259628295898437 0.0742568969726563
0.0458984375 -0.0924530029296875 0.0125274658203125 0.133186340332031
0.0720901489257813 -0.0563430786132813 -0.0835723876953125 0.175735473632813
0.0860519409179688 -0.136734008789063 0.0581741333007813 -0.00944137573242188
0.0170440673828125 -0.167999267578125 0.0298881530761719 -0.0239658355712891
-0.0771942138671875 -0.132041931152344 -0.00201988220214844 -0.0278778076171875
-0.133071899414063 -0.0343170166015625 -0.0202312469482422 -0.00721931457519532
-0.113800048828125 0.0466537475585938 -0.0182743072509766 -0.000974655151367188
-0.054473876953125 0.115524291992188 -0.00899696350097657 0.0259284973144531
-0.0032501220703125 0.120956420898438 0.00240325927734375 0.0321941375732422
-0.00665283203124999 0.107940673828125 0.0135002136230469 0.0208396911621094
-0.0118865966796875 0.120552062988281 0.0184078216552734 0.0148105621337891
-0.0532760620117187 0.105377197265625 0.0176410675048828 0.0169200897216797
-0.0988845825195313 0.04974365234375 0.0317287445068359 0.00951004028320313
-0.105514526367187 -0.0140533447265625 0.0436820983886719 0.0230979919433594
-0.0533981323242187 -0.103599548339844 0.0494918823242187 0.0743255615234375
0.0186996459960938 -0.133674621582031 0.0255813598632813 0.124610900878906
0.0619888305664063 -0.105827331542969 -0.0572967529296875 0.159988403320313
0.0675201416015625 -0.155120849609375 0.0824432373046875 -0.0435409545898437
0.00102233886718752 -0.171859741210938 0.0359306335449219 -0.0446815490722656
-0.0830307006835937 -0.133033752441406 0.00615692138671875 -0.0279521942138672
-0.136703491210938 -0.0371170043945312 0.00481510162353515 -0.013972282409668
-0.118301391601563 0.0448150634765625 0.00582313537597656 -0.02679443359375
-0.060272216796875 0.116600036621094 -0.00123691558837891 -0.0156688690185547
-0.00730895996093751 0.122627258300781 -0.00737190246582032 -0.0127134323120117
-0.00679779052734374 0.111404418945313 -0.00268936157226563 -0.0194778442382812
-0.0104141235351563 0.125244140625 0.00716972351074219 -0.0264778137207031
-0.049652099609375 0.113815307617188 0.0210342407226562 -0.0225238800048828
-0.101432800292969 0.0629043579101562 0.0451126098632812 -0.0228958129882812
-0.118972778320313 0.000778198242187508 0.0622406005859375 0.00579833984375
-0.079010009765625 -0.104881286621094 0.0659141540527344 0.0634384155273438
-0.010345458984375 -0.15386962890625 0.0306015014648437 0.099761962890625
0.04241943359375 -0.137397766113281 -0.0327224731445313 0.124000549316406
0.0350799560546875 -0.151962280273438 0.102127075195313 -0.0799789428710938
-0.02117919921875 -0.150421142578125 0.0395584106445313 -0.0648727416992188
-0.08270263671875 -0.108207702636719 0.0132579803466797 -0.0274066925048828
-0.118354797363281 -0.0268020629882813 0.0285072326660156 -0.0203514099121094
-0.100852966308594 0.0405731201171875 0.0279502868652344 -0.049346923828125
-0.0527801513671875 0.10015869140625 0.00632858276367187 -0.0544776916503906
-0.00884246826171876 0.10479736328125 -0.015472412109375 -0.0536994934082031
-0.00669860839843749 0.0970382690429688 -0.0181617736816406 -0.0562210083007812
-0.0090179443359375 0.11041259765625 -0.00600051879882813 -0.0639572143554687
-0.0416107177734375 0.101768493652344 0.0207595825195313 -0.0614700317382813
-0.0881805419921875 0.0606689453125 0.0521469116210937 -0.0532951354980469
-0.109001159667969 0.00945281982421873 0.0728836059570312 -0.0139846801757812
-0.0838165283203125 -0.090087890625 0.0716476440429688 0.0448074340820312
-0.0297088623046875 -0.144500732421875 0.0265350341796875 0.0642013549804688
0.019012451171875 -0.141220092773438 -0.011383056640625 0.076416015625
-0.00396728515624999 -0.12982177734375 0.112274169921875 -0.113128662109375
-0.0438766479492188 -0.10784912109375 0.0392227172851563 -0.0818405151367188
-0.0743026733398437 -0.0633926391601563 0.0163917541503906 -0.0274314880371094
-0.08343505859375 -0.00618743896484374 0.044219970703125 -0.0268745422363281
-0.0651473999023438 0.0335197448730469 0.0412445068359375 -0.063934326171875
-0.0339508056640625 0.0705490112304688 0.00990295410156249 -0.0825881958007813
-0.00691986083984374 0.0715484619140625 -0.0216827392578125 -0.0850982666015625
-0.00468444824218751 0.0689239501953125 -0.0308609008789063 -0.0840835571289063
-0.00821685791015625 0.0786590576171875 -0.0163650512695313 -0.0932464599609375
-0.0307960510253906 0.0696907043457031 0.0189285278320312 -0.0917129516601563
-0.06231689453125 0.0407180786132813 0.05364990234375 -0.0743560791015625
-0.0751495361328125 0.00847625732421876 0.0755996704101563 -0.0270309448242188
-0.0631523132324219 -0.0606498718261719 0.0655479431152344 0.0268440246582031
-0.0355606079101563 -0.105842590332031 0.0163440704345703 0.0289554595947266
-0.00489044189453126 -0.115699768066406 0.00369071960449218 0.02978515625
-0.0415573120117188 -0.0915145874023438 0.111442565917969 -0.1402587890625
-0.0594902038574219 -0.0558090209960937 0.0339126586914063 -0.0953598022460938
-0.0589065551757813 -0.0122413635253906 0.0128250122070313 -0.0297698974609375
-0.0391883850097656 0.0164146423339844 0.0467872619628906 -0.0320701599121094
-0.0214519500732422 0.0244007110595703 0.0419998168945313 -0.0691108703613281
-0.00880050659179687 0.0324192047119141 0.00762176513671876 -0.095428466796875
-0.00361442565917969 0.0289268493652344 -0.027008056640625 -0.101020812988281
-0.00250625610351563 0.0306453704833984 -0.0385513305664062 -0.099456787109375
-0.00748825073242187 0.0352897644042969 -0.0222244262695312 -0.1087646484375
-0.0172309875488281 0.0239963531494141 0.019561767578125 -0.107925415039062
-0.0261878967285156 0.0104331970214844 0.0548858642578125 -0.0806350708007813
-0.0268802642822266 0.00274658203124999 0.0724639892578125 -0.0296478271484375
-0.0275192260742188 -0.0219860076904297 0.0526695251464844 0.0157737731933594
-0.0323219299316406 -0.0471000671386719 0.00568437576293945 0.00372838973999023
-0.0282325744628906 -0.0683822631835937 0.0123357772827148 -0.00658893585205078
-0.0708160400390625 -0.0422286987304688 0.100936889648438 -0.1611328125
-0.0632209777832031 -0.00351333618164063 0.0238571166992187 -0.108085632324219
-0.0381278991699219 0.0324783325195313 0.00122833251953125 -0.0364570617675781
0.00406455993652344 0.0332050323486328 0.0356941223144531 -0.0367584228515625
0.020233154296875 0.0122489929199219 0.0302238464355469 -0.0647010803222656
0.0155115127563477 -0.00763607025146484 0.00059509277343751 -0.0925369262695313
3.24249267578126E-05 -0.0166311264038086 -0.0299301147460938 -0.101089477539063
0.000557899475097656 -0.012237548828125 -0.0402297973632813 -0.0994033813476563
-0.00538539886474609 -0.0129709243774414 -0.0214385986328125 -0.110137939453125
0.000318527221679688 -0.0240573883056641 0.02325439453125 -0.108016967773438
0.0142459869384766 -0.0198650360107422 0.0541305541992187 -0.0727462768554688
0.0243015289306641 0.000141143798828125 0.0660057067871094 -0.02276611328125
0.008087158203125 0.0228614807128906 0.0378913879394531 0.0127944946289063
-0.0287857055664063 0.0197257995605469 -0.0036153793334961 -0.00798463821411133
-0.0514564514160156 -0.0109024047851562 0.0139312744140625 -0.02679443359375
0.0741806030273438 -0.0545730590820313 0.00994110107421876 0.0375862121582031
0.02069091796875 -0.0989837646484375 0.0157413482666016 0.00382232666015624
-0.0550765991210938 -0.0685043334960938 -0.0259819030761719 -0.0246353149414063
-0.0775146484375 0.00115203857421874 -0.0639724731445313 0.0140419006347656
-0.0542030334472656 0.0411453247070313 -0.0542716979980469 0.056121826171875
-0.0125961303710938 0.0684967041015625 -0.0143508911132813 0.100852966308594
0.0117912292480469 0.0674934387207031 0.0274276733398437 0.108474731445312
0.002960205078125 0.0590667724609375 0.0417633056640625 0.091644287109375
-0.00362777709960937 0.0655937194824219 0.0301513671875 0.0883026123046875
-0.0360450744628906 0.052642822265625 -0.000915527343749997 0.0838088989257813
-0.05816650390625 0.0127334594726563 -0.00793075561523437 0.0567588806152344
-0.0467033386230469 -0.0315780639648438 -0.00447082519531251 0.0395584106445313
0.00581741333007813 -0.0654067993164063 0.00491714477539063 0.0694618225097656
0.0603370666503906 -0.0501823425292969 0.000106811523437491 0.136589050292969
0.0730133056640625 -0.00791168212890625 -0.110549926757812 0.1890869140625
0.087066650390625 -0.110427856445313 0.0281600952148438 0.0197334289550781
0.0170745849609375 -0.148666381835938 0.0206623077392578 -0.00554466247558595
-0.0750350952148438 -0.110458374023438 -0.0149879455566406 -0.0269298553466797
-0.117027282714844 -0.015716552734375 -0.0460205078125 0.00251388549804688
-0.092376708984375 0.0515518188476563 -0.0421829223632813 0.028961181640625
-0.0345458984375 0.103775024414062 -0.0157089233398438 0.0700836181640625
0.00782775878906249 0.106063842773437 0.014892578125 0.0793991088867187
0.000770568847656243 0.094451904296875 0.0296440124511719 0.0632095336914063
-0.0064544677734375 0.104652404785156 0.0260696411132812 0.0572700500488281
-0.0480804443359375 0.0893402099609375 0.00871658325195312 0.0564613342285156
-0.0871124267578125 0.0355758666992188 0.0126724243164062 0.0363044738769531
-0.0849990844726563 -0.02520751953125 0.020416259765625 0.0333213806152344
-0.0267181396484375 -0.094268798828125 0.0310821533203125 0.0769882202148438
0.0428848266601563 -0.104606628417969 0.0171966552734375 0.14080810546875
0.0757369995117188 -0.0682449340820313 -0.0852508544921875 0.189620971679688
0.086761474609375 -0.151412963867188 0.0529518127441406 -0.0110206604003906
0.010467529296875 -0.179946899414063 0.0262260437011719 -0.0241165161132813
-0.0870208740234375 -0.137718200683594 -0.00510787963867188 -0.0281181335449219
-0.141647338867187 -0.0308685302734375 -0.0236835479736328 -0.0070648193359375
-0.118881225585938 0.054962158203125 -0.0226707458496094 0.000129699707031254
-0.051971435546875 0.124214172363281 -0.0121498107910156 0.0290927886962891
0.00246429443359375 0.128684997558594 0.00159454345703125 0.0376129150390625
-0.00154113769531251 0.115631103515625 0.0129070281982422 0.0253658294677734
-0.00643157958984375 0.129829406738281 0.0165576934814453 0.0172395706176758
-0.05181884765625 0.115486145019531 0.0154266357421875 0.0194225311279297
-0.104728698730469 0.0585250854492187 0.0309009552001953 0.00724983215332032
-0.115425109863281 -0.0109405517578125 0.04522705078125 0.0206642150878906
-0.0622634887695313 -0.111686706542969 0.055633544921875 0.0754776000976562
0.0141448974609375 -0.148239135742188 0.0305404663085937 0.129989624023438
0.0652389526367188 -0.120651245117187 -0.05780029296875 0.170196533203125
0.0696563720703125 -0.170639038085938 0.0788726806640625 -0.0498428344726563
-0.0045928955078125 -0.185409545898438 0.0318946838378906 -0.0471115112304688
-0.09326171875 -0.14141845703125 0.00332641601562499 -0.0290470123291016
-0.147140502929688 -0.0355224609375 0.00228118896484374 -0.0149431228637695
-0.125442504882813 0.0522308349609375 0.00125122070312499 -0.0279693603515625
-0.0607223510742188 0.126083374023438 -0.00568580627441406 -0.0149316787719726
-0.00304412841796876 0.131706237792969 -0.0104589462280273 -0.00935840606689452
-0.00363159179687499 0.119873046875 -0.00557518005371094 -0.0164661407470703
-0.00629425048828126 0.135116577148438 0.00281524658203125 -0.0255985260009766
-0.0495452880859375 0.1243896484375 0.0173854827880859 -0.0232315063476562
-0.108169555664062 0.0715866088867188 0.0440902709960937 -0.027191162109375
-0.128997802734375 0.00357818603515624 0.0643272399902344 0.00095367431640625
-0.0887298583984375 -0.11346435546875 0.0716629028320313 0.0622634887695313
-0.0151214599609375 -0.168319702148438 0.0349273681640625 0.102180480957031
0.045440673828125 -0.152420043945313 -0.031341552734375 0.129554748535156
0.0377044677734375 -0.165328979492188 0.100555419921875 -0.0899887084960938
-0.02459716796875 -0.162628173828125 0.0357513427734375 -0.0704269409179688
-0.0912399291992187 -0.116569519042969 0.0104885101318359 -0.0295372009277344
-0.129249572753906 -0.0272598266601563 0.0268459320068359 -0.0228214263916016
-0.108993530273438 0.0457611083984375 0.0247993469238281 -0.0526390075683594
-0.0552597045898438 0.109107971191406 0.001617431640625 -0.0568618774414062
-0.00710296630859375 0.114356994628906 -0.0200729370117187 -0.0538330078125
-0.00487518310546875 0.105674743652344 -0.0232925415039063 -0.0560455322265625
-0.00675964355468749 0.120010375976563 -0.0113601684570312 -0.0658760070800781
-0.0432968139648438 0.111259460449219 0.0156173706054688 -0.0646438598632813
-0.0954132080078125 0.0675201416015625 0.0500526428222656 -0.0596580505371094
-0.117874145507813 0.0113067626953125 0.0742263793945312 -0.0197372436523438
-0.09197998046875 -0.0975723266601563 0.0757369995117188 0.0418930053710937
-0.0339813232421875 -0.156768798828125 0.0294075012207031 0.0640029907226562
0.0217132568359375 -0.153884887695313 -0.00882720947265624 0.077178955078125
-0.00183868408203126 -0.138557434082031 0.113136291503906 -0.127044677734375
-0.0451583862304687 -0.116310119628906 0.036376953125 -0.0902023315429688
-0.0791778564453125 -0.0704421997070313 0.0139579772949219 -0.0304203033447266
-0.0905227661132813 -0.00859069824218748 0.0439376831054687 -0.0304298400878906
-0.0717239379882813 0.036346435546875 0.0388717651367187 -0.0691070556640625
-0.0379486083984375 0.0768661499023437 0.00520324707031249 -0.0869674682617188
-0.007354736328125 0.0793228149414063 -0.027557373046875 -0.087677001953125
-0.00515747070312499 0.0751953125 -0.0369338989257813 -0.0859375
-0.00848388671875 0.0866851806640625 -0.0233993530273438 -0.0968551635742188
-0.0342788696289062 0.0764999389648437 0.0140533447265625 -0.0972518920898437
-0.0685844421386719 0.0443992614746094 0.0522079467773438 -0.0816726684570313
-0.0822296142578125 0.00785064697265624 0.0765380859375 -0.0330963134765625
-0.067718505859375 -0.0674972534179688 0.0684928894042969 0.0241470336914062
-0.0364990234375 -0.114913940429688 0.0178241729736328 0.0269012451171875
-0.00150299072265624 -0.124710083007812 0.00748634338378906 0.0267791748046875
-0.0407867431640625 -0.0943984985351563 0.114151000976562 -0.156494140625
-0.0591697692871094 -0.0595703125 0.03179931640625 -0.10528564453125
-0.0595245361328125 -0.0158576965332031 0.0106620788574219 -0.0327987670898438
-0.0416145324707031 0.0135002136230469 0.04644775390625 -0.036224365234375
-0.0251693725585937 0.0237178802490234 0.0407638549804687 -0.0744400024414062
-0.0134296417236328 0.0346412658691406 0.00431060791015624 -0.100746154785156
-0.00618171691894531 0.0334854125976563 -0.0321731567382813 -0.105720520019531
-0.00444984436035156 0.0345039367675781 -0.044586181640625 -0.103111267089844
-0.0103645324707031 0.0407562255859375 -0.0286865234375 -0.114616394042969
-0.0225715637207031 0.0279140472412109 0.0155410766601562 -0.11517333984375
-0.0328502655029297 0.0105113983154297 0.0540924072265625 -0.0882186889648437
-0.0316219329833984 -7.62939453125061E-05 0.0745468139648438 -0.0351181030273438
-0.0278148651123047 -0.0274848937988281 0.0550346374511719 0.0135459899902344
-0.0301475524902344 -0.0518646240234375 0.00614166259765625 0.0003972053527832
-0.0250473022460938 -0.0722427368164063 0.0177497863769531 -0.012054443359375
-0.071136474609375 -0.0392608642578125 0.103988647460937 -0.177398681640625
-0.0612602233886719 -0.00141906738281251 0.0216598510742188 -0.1187744140625
-0.0348377227783203 0.0329875946044922 -0.00146865844726563 -0.0388870239257813
0.00606727600097656 0.0303363800048828 0.03546142578125 -0.0392723083496094
0.0197048187255859 0.00934791564941406 0.0306472778320313 -0.0686454772949219
0.0114212036132813 -0.00898551940917969 -0.001251220703125 -0.0979537963867188
-0.00405502319335938 -0.0158147811889648 -0.0344314575195313 -0.106582641601562
-0.00332736968994141 -0.0113697052001953 -0.0454254150390625 -0.105018615722656
-0.00964069366455078 -0.0113010406494141 -0.0264816284179687 -0.116500854492188
-0.00537490844726562 -0.0237026214599609 0.0204696655273438 -0.116783142089844
0.00965690612792968 -0.0233879089355469 0.0548934936523438 -0.0798873901367188
0.0232887268066406 -0.00480842590332031 0.0690727233886719 -0.0270462036132813
0.0113658905029297 0.0192642211914063 0.0395088195800781 0.0111618041992188
-0.0238571166992188 0.0192718505859375 -0.00223159790039063 -0.0114574432373047
-0.0484771728515625 -0.008819580078125 0.0206851959228516 -0.0333976745605469
0.0693817138671875 -0.0619125366210938 0.00549697875976563 0.0429039001464844
0.0107650756835938 -0.100509643554688 0.0140533447265625 0.00718593597412109
-0.0612068176269531 -0.0632438659667969 -0.0279788970947266 -0.022308349609375
-0.0768814086914063 0.00834655761718751 -0.0651512145996094 0.0186080932617188
-0.0503883361816406 0.0464439392089844 -0.0532455444335938 0.0617256164550781
-0.00522613525390625 0.0691909790039063 -0.00972747802734375 0.106124877929687
0.0197906494140625 0.0671615600585938 0.0348739624023437 0.11199951171875
0.00980377197265625 0.0596771240234375 0.0479812622070312 0.0941543579101563
0.00379180908203125 0.0668106079101563 0.0355453491210938 0.0912094116210938
-0.0306434631347656 0.0576972961425781 0.00302886962890625 0.0883102416992188
-0.0573387145996094 0.0197830200195312 -0.00577926635742188 0.0594100952148438
-0.0519638061523438 -0.0270843505859375 -0.0024871826171875 0.0403060913085938
-0.00228500366210938 -0.0671539306640625 0.0115509033203125 0.071624755859375
0.0547370910644531 -0.0576286315917969 0.00769042968750001 0.142730712890625
0.0726165771484375 -0.0169601440429687 -0.105758666992187 0.204513549804688
0.08123779296875 -0.121665954589844 0.0224094390869141 0.0226421356201172
0.00570678710937501 -0.153732299804688 0.0178565979003906 -0.00311851501464845
-0.0849075317382813 -0.107574462890625 -0.0176887512207031 -0.0250205993652344
-0.120010375976563 -0.00754547119140626 -0.0483627319335938 0.00541305541992187
-0.0903549194335938 0.0604095458984375 -0.0436859130859375 0.0336837768554688
-0.0267181396484375 0.108230590820313 -0.0139617919921875 0.0746078491210937
0.0172119140625 0.1082763671875 0.0194473266601563 0.0838088989257813
0.00897216796875 0.097137451171875 0.0334053039550781 0.0668678283691406
0.003143310546875 0.108436584472656 0.0285911560058594 0.0602455139160156
-0.0416488647460938 0.0964279174804688 0.010009765625 0.0599594116210938
-0.087646484375 0.0455245971679687 0.0134315490722656 0.0363426208496094
-0.0911407470703125 -0.01953125 0.0222911834716797 0.0316390991210938
-0.0368804931640625 -0.0979843139648438 0.0378799438476562 0.0772247314453125
0.0348663330078125 -0.114982604980469 0.026031494140625 0.144546508789063
0.0745697021484375 -0.0804672241210938 -0.0804290771484375 0.202255249023438
0.0811920166015625 -0.16497802734375 0.0461883544921875 -0.0117835998535156
-0.0018310546875 -0.187576293945313 0.0219058990478516 -0.0232810974121094
-0.09954833984375 -0.137245178222656 -0.00843620300292969 -0.0267391204833984
-0.148239135742188 -0.0231170654296875 -0.0260658264160156 -0.00545310974121094
-0.118812561035156 0.065185546875 -0.0260772705078125 0.00276565551757813
-0.0457000732421875 0.131118774414063 -0.013885498046875 0.0328083038330078
0.0121688842773438 0.133583068847656 0.0030670166015625 0.042205810546875
0.00700378417968749 0.120376586914063 0.0135116577148438 0.0293712615966797
0.0030517578125 0.135360717773438 0.0151729583740234 0.0203094482421875
-0.0456619262695313 0.12445068359375 0.0139942169189453 0.0216884613037109
-0.106285095214844 0.0692062377929688 0.0296878814697266 0.0050506591796875
-0.122589111328125 -0.00463104248046874 0.0461692810058594 0.0162544250488281
-0.074462890625 -0.115074157714844 0.062408447265625 0.073272705078125
0.00379943847656251 -0.158950805664063 0.038330078125 0.131675720214844
0.0619354248046875 -0.134628295898437 -0.0525054931640625 0.178207397460937
0.0647125244140625 -0.1842041015625 0.0719985961914063 -0.0545654296875
-0.0149688720703125 -0.194091796875 0.0264739990234375 -0.0487289428710938
-0.105850219726562 -0.143646240234375 -0.00081062316894532 -0.0285797119140625
-0.15582275390625 -0.0295562744140625 -0.000814437866210946 -0.0152015686035156
-0.127937316894531 0.0630722045898438 -0.00308036804199219 -0.0279388427734375
-0.0551223754882812 0.135490417480469 -0.0100803375244141 -0.0132837295532226
0.00562286376953125 0.138633728027344 -0.0125293731689453 -0.00533103942871093
0.0045013427734375 0.125740051269531 -0.00820732116699219 -0.0129737854003906
0.00209045410156249 0.14202880859375 -0.00111770629882812 -0.0244369506835937
-0.0444869995117188 0.133819580078125 0.0130939483642578 -0.0225543975830078
-0.110145568847656 0.0824432373046875 0.0406341552734375 -0.0318794250488281
-0.136581420898438 0.0101318359375 0.0641326904296875 -0.00496673583984375
-0.100799560546875 -0.115943908691406 0.0771560668945313 0.0580902099609375
-0.025726318359375 -0.17901611328125 0.04058837890625 0.101425170898437
0.04156494140625 -0.165603637695313 -0.0260543823242187 0.13311767578125
0.03436279296875 -0.176849365234375 0.0942306518554688 -0.0996170043945313
-0.032958984375 -0.170822143554688 0.0295791625976563 -0.0751876831054688
-0.102012634277344 -0.120780944824219 0.00631332397460937 -0.0301952362060547
-0.137718200683594 -0.0234527587890625 0.0239944458007812 -0.0252361297607422
-0.112625122070313 0.0547409057617188 0.01885986328125 -0.055023193359375
-0.0532150268554687 0.118110656738281 -0.00506591796875001 -0.0568580627441406
-0.0007476806640625 0.121292114257812 -0.0259208679199219 -0.0514984130859375
0.000663757324218755 0.111846923828125 -0.0285682678222656 -0.0531692504882812
-0.000640869140625011 0.127479553222656 -0.0187225341796875 -0.06500244140625
-0.0400314331054687 0.119575500488281 0.00941848754882811 -0.0662002563476562
-0.0984344482421875 0.0763015747070313 0.045135498046875 -0.06524658203125
-0.12469482421875 0.0163955688476562 0.0735855102539062 -0.0264663696289062
-0.10174560546875 -0.100303649902344 0.078887939453125 0.0368881225585937
-0.042449951171875 -0.1650390625 0.0325736999511719 0.0614471435546875
0.01849365234375 -0.1644287109375 -0.00459289550781249 0.0762557983398437
-0.00372314453125001 -0.1455078125 0.107131958007812 -0.140380859375
-0.04949951171875 -0.122360229492188 0.0301437377929688 -0.0966033935546875
-0.0858078002929688 -0.0740585327148438 0.0102367401123047 -0.0318946838378906
-0.0968856811523438 -0.00782012939453124 0.040802001953125 -0.0341377258300781
-0.0762786865234375 0.0412979125976563 0.03387451171875 -0.0736923217773438
-0.038116455078125 0.0836639404296875 -0.00167083740234374 -0.0888137817382813
-0.00469207763671875 0.0856246948242188 -0.034698486328125 -0.0870437622070313
-0.00257110595703124 0.0813140869140625 -0.0441131591796875 -0.0848007202148437
-0.00579071044921874 0.0940170288085938 -0.0320053100585938 -0.0977554321289063
-0.0338821411132812 0.0833740234375 0.00623321533203124 -0.100196838378906
-0.073211669921875 0.0498504638671875 0.0466156005859375 -0.0883560180664063
-0.087982177734375 0.0100631713867188 0.075775146484375 -0.039947509765625
-0.0742340087890625 -0.0713272094726563 0.0701370239257813 0.0187110900878906
-0.041473388671875 -0.12127685546875 0.0183601379394531 0.0232505798339844
-0.00260162353515626 -0.131828308105469 0.0116176605224609 0.0224628448486328
-0.0415725708007812 -0.0958175659179687 0.109329223632813 -0.172103881835938
-0.059844970703125 -0.0609397888183594 0.0258712768554688 -0.113761901855469
-0.0600662231445313 -0.0182571411132813 0.00683593749999999 -0.0349884033203125
-0.0441093444824219 0.01123046875 0.0440139770507813 -0.0401115417480469
-0.0280876159667969 0.0246391296386719 0.0366744995117188 -0.0792694091796875
-0.0158424377441406 0.0384063720703125 -0.00220489501953125 -0.103584289550781
-0.00703048706054687 0.0381736755371094 -0.0400238037109375 -0.107086181640625
-0.00534439086914062 0.0385894775390625 -0.0526046752929688 -0.102668762207031
-0.0108261108398437 0.0457191467285156 -0.0376129150390625 -0.116546630859375
-0.0255279541015625 0.0329570770263672 0.00698852539062499 -0.120079040527344
-0.0380935668945313 0.0120658874511719 0.049285888671875 -0.0949478149414063
-0.03594970703125 -0.001678466796875 0.0739669799804688 -0.0415878295898438
-0.0290336608886719 -0.0322418212890625 0.0558738708496094 0.00951766967773437
-0.030029296875 -0.0557060241699219 0.00606346130371094 -0.00286960601806641
-0.0233383178710937 -0.0747909545898437 0.0219459533691406 -0.0188369750976563
-0.0710678100585938 -0.0343780517578125 0.0993194580078125 -0.193771362304688
-0.0581130981445312 0.00177383422851562 0.0154190063476563 -0.127288818359375
-0.0310420989990234 0.0331382751464844 -0.00485992431640625 -0.040802001953125
0.00762176513671875 0.0268821716308594 0.0329780578613281 -0.0426101684570313
0.0182914733886719 0.00601768493652344 0.0277099609375 -0.0731201171875
0.0074920654296875 -0.00951194763183594 -0.00655364990234375 -0.101142883300781
-0.00829029083251953 -0.0137100219726562 -0.0412216186523437 -0.108978271484375
-0.00709438323974609 -0.00941848754882813 -0.05291748046875 -0.106307983398438
-0.0132455825805664 -0.00841045379638672 -0.0349502563476563 -0.1197509765625
-0.0113315582275391 -0.0216522216796875 0.013092041015625 -0.123023986816406
0.00353431701660156 -0.0256443023681641 0.0516357421875 -0.0869216918945313
0.0206871032714844 -0.00938987731933594 0.0693473815917969 -0.0327911376953125
0.0142173767089844 0.0144929885864258 0.0403633117675781 0.00823974609375
-0.0190353393554687 0.0186138153076172 -0.00233650207519531 -0.0148944854736328
-0.04461669921875 -0.00672531127929688 0.0250434875488281 -0.0411376953125
0.0625762939453125 -0.0655899047851563 0.00142669677734376 0.0478782653808594
0.0019073486328125 -0.0979156494140625 0.0125722885131836 0.0100650787353516
-0.0642623901367187 -0.0566329956054688 -0.0292282104492188 -0.0195255279541016
-0.0736312866210938 0.014251708984375 -0.0642242431640625 0.0216102600097656
-0.0445518493652344 0.0499191284179687 -0.0503501892089844 0.0654716491699219
0.00110626220703125 0.0672531127929687 -0.00421142578125001 0.107749938964844
0.02587890625 0.0636138916015625 0.0406723022460938 0.111984252929687
0.0153961181640625 0.0576362609863281 0.052947998046875 0.0937347412109375
0.0107231140136719 0.0649871826171875 0.0399169921875 0.0916290283203125
-0.0235557556152344 0.0602264404296875 0.00695037841796875 0.0907363891601563
-0.0542488098144531 0.0259475708007813 -0.00389099121093751 0.059906005859375
-0.054168701171875 -0.0218276977539063 -0.00104904174804688 0.039703369140625
-0.00882720947265625 -0.0659523010253906 0.0170211791992188 0.0713729858398438
0.0477294921875 -0.0623435974121094 0.0155792236328125 0.144195556640625
0.06927490234375 -0.024444580078125 -0.0970001220703125 0.213241577148438
0.072723388671875 -0.128509521484375 0.0165557861328125 0.0257835388183594
-0.00561523437499999 -0.152877807617188 0.0152606964111328 -0.000664710998535166
-0.0908355712890625 -0.101531982421875 -0.01953125 -0.0225048065185547
-0.118858337402344 0.000198364257812513 -0.0489387512207031 0.00799179077148438
-0.0850906372070313 0.0660018920898438 -0.0434532165527344 0.0374946594238281
-0.0187149047851562 0.10833740234375 -0.0111007690429687 0.0772476196289063
0.025482177734375 0.106033325195313 0.0236053466796875 0.0853958129882813
0.0163040161132813 0.0960845947265625 0.0366287231445313 0.0678024291992188
0.0116653442382813 0.108322143554687 0.0302314758300781 0.0615806579589844
-0.0344009399414062 0.100410461425781 0.0119552612304687 0.0624160766601563
-0.0849380493164063 0.0529556274414063 0.0133628845214844 0.0355758666992188
-0.0947265625 -0.012969970703125 0.0226936340332031 0.0293636322021484
-0.0457229614257813 -0.0967330932617188 0.04339599609375 0.0745391845703125
0.025177001953125 -0.120903015136719 0.0326385498046875 0.143783569335938
0.0692062377929688 -0.0902023315429688 -0.072479248046875 0.208251953125
0.0721588134765625 -0.172561645507813 0.0391960144042969 -0.0107765197753906
-0.0135955810546875 -0.188125610351562 0.0179443359375 -0.0210227966308594
-0.1085205078125 -0.133102416992187 -0.0107898712158203 -0.0245952606201172
-0.14984130859375 -0.015167236328125 -0.0277824401855469 -0.00299453735351563
-0.114845275878906 0.0724868774414063 -0.0279903411865234 0.00552177429199219
-0.03753662109375 0.133926391601563 -0.0143165588378906 0.0363731384277344
0.0214157104492187 0.133331298828125 0.00470352172851563 0.0455589294433594
0.0153732299804687 0.121269226074219 0.0148277282714844 0.0318870544433594
0.0127639770507813 0.136634826660156 0.0147743225097656 0.0221042633056641
-0.0377578735351563 0.129043579101563 0.0131206512451172 0.0236377716064453
-0.103469848632812 0.0776901245117188 0.0273475646972656 0.00336647033691407
-0.126251220703125 0.00285339355468752 0.0452079772949219 0.0122642517089844
-0.083892822265625 -0.113838195800781 0.0662841796875 0.0683822631835937
-0.006683349609375 -0.16448974609375 0.044036865234375 0.12939453125
0.0557403564453125 -0.143966674804688 -0.045135498046875 0.181060791015625
0.057220458984375 -0.192108154296875 0.063629150390625 -0.0569038391113281
-0.0261383056640625 -0.196136474609375 0.02056884765625 -0.0481452941894531
-0.116104125976563 -0.140869140625 -0.00335311889648438 -0.0270805358886719
-0.159332275390625 -0.0218658447265625 -0.0037832260131836 -0.0144891738891602
-0.125579833984375 0.0712661743164062 -0.00743865966796876 -0.0262565612792969
-0.0486984252929688 0.139854431152344 -0.0135402679443359 -0.01007080078125
0.0142288208007812 0.139503479003906 -0.0135231018066406 -0.0013589859008789
0.0120010375976563 0.127571105957031 -0.00968647003173828 -0.00915431976318358
0.0108795166015625 0.144577026367187 -0.00536537170410156 -0.0215377807617187
-0.037384033203125 0.138778686523438 0.0100841522216797 -0.0209197998046875
-0.107887268066406 0.0908660888671875 0.0361061096191406 -0.0338134765625
-0.139907836914062 0.0177001953125 0.0613021850585937 -0.0102500915527344
-0.110038757324219 -0.115341186523437 0.0796279907226563 0.0520553588867188
-0.0363311767578125 -0.183258056640625 0.0447540283203125 0.0976028442382813
0.035614013671875 -0.173416137695313 -0.0206375122070312 0.132583618164062
0.028594970703125 -0.183013916015625 0.0842208862304688 -0.105247497558594
-0.0406494140625 -0.173568725585937 0.0229263305664063 -0.0760879516601563
-0.110481262207031 -0.120124816894531 0.00326919555664062 -0.0293560028076172
-0.142868041992187 -0.0189208984375 0.0198383331298828 -0.0259532928466797
-0.112533569335937 0.061676025390625 0.0134429931640625 -0.0550384521484375
-0.0485763549804688 0.123519897460938 -0.0103988647460938 -0.0545387268066406
0.00625610351562499 0.123924255371094 -0.0291328430175781 -0.0473594665527344
0.00678253173828125 0.114768981933594 -0.0323638916015625 -0.0487480163574219
0.00625610351562501 0.130882263183594 -0.0250205993652344 -0.0620307922363281
-0.0351715087890625 0.125053405761719 0.00359344482421875 -0.0647392272949219
-0.0978240966796875 0.083251953125 0.0389671325683594 -0.0682792663574219
-0.127700805664063 0.0217132568359375 0.0693092346191406 -0.0311546325683594
-0.108955383300781 -0.100173950195313 0.0795440673828125 0.0315704345703125
-0.050384521484375 -0.16864013671875 0.0337600708007813 0.0576591491699219
0.01361083984375 -0.170501708984375 -0.000801086425781255 0.0734939575195312
-0.006256103515625 -0.14862060546875 0.097381591796875 -0.14898681640625
-0.053314208984375 -0.124336242675781 0.0224761962890625 -0.100326538085938
-0.0902481079101562 -0.0754165649414063 0.00701141357421874 -0.0320777893066406
-0.100852966308594 -0.00577545166015624 0.0370903015136719 -0.0360450744628906
-0.0772171020507813 0.0457687377929688 0.0275802612304688 -0.0744857788085938
-0.0366592407226563 0.0880813598632813 -0.00820159912109375 -0.0875320434570313
-0.00111389160156251 0.0892333984375 -0.040069580078125 -0.083465576171875
0.000190734863281255 0.0845108032226563 -0.0492477416992187 -0.0806350708007813
-0.00163269042968751 0.0975112915039063 -0.039031982421875 -0.0946121215820313
-0.0320816040039063 0.0885391235351563 -0.00112152099609376 -0.0997543334960938
-0.0749435424804688 0.0553741455078125 0.0402755737304688 -0.0909957885742187
-0.0914459228515625 0.012786865234375 0.0715713500976563 -0.0446548461914063
-0.0783233642578125 -0.0731430053710938 0.0692062377929688 0.0140037536621094
-0.0458297729492188 -0.124137878417969 0.0181102752685547 0.0203571319580078
-0.00481414794921876 -0.135414123535156 0.0137596130371094 0.0172853469848633
-0.0411911010742188 -0.0946884155273437 0.0993499755859375 -0.181777954101563
-0.0588874816894531 -0.0609321594238281 0.01806640625 -0.11822509765625
-0.0605125427246094 -0.0195808410644531 0.00376510620117187 -0.0356864929199219
-0.0462875366210938 0.00978851318359374 0.0406913757324219 -0.0420570373535156
-0.0307598114013672 0.0255889892578125 0.0311050415039062 -0.0810928344726563
-0.0175819396972656 0.0417900085449219 -0.00880432128906249 -0.1036376953125
-0.00714874267578125 0.0418205261230469 -0.04656982421875 -0.104637145996094
-0.00519180297851562 0.0417213439941406 -0.0587615966796875 -0.100181579589844
-0.0100288391113281 0.0502510070800781 -0.0455703735351563 -0.114448547363281
-0.0269317626953125 0.0379142761230469 -0.00104522705078124 -0.120170593261719
-0.0421485900878906 0.0152854919433594 0.0427780151367188 -0.0982208251953125
-0.0396003723144531 -0.00206375122070312 0.0703506469726562 -0.0465469360351562
-0.0309982299804688 -0.0357398986816406 0.054473876953125 0.00576019287109375
-0.0294761657714844 -0.0582160949707031 0.0051431655883789 -0.00595712661743164
-0.0221481323242188 -0.0761489868164063 0.0236492156982422 -0.0254936218261719
-0.0688362121582031 -0.0293006896972656 0.0905914306640625 -0.203292846679688
-0.0539131164550781 0.00328445434570312 0.00802612304687498 -0.131324768066406
-0.0268993377685547 0.0316448211669922 -0.00799942016601563 -0.0409507751464844
0.00834083557128907 0.0228900909423828 0.0297355651855469 -0.0441360473632813
0.0160770416259766 0.00306797027587891 0.02386474609375 -0.0743179321289063
0.00283432006835937 -0.00842952728271484 -0.0114898681640625 -0.10125732421875
-0.0118618011474609 -0.0105352401733398 -0.0471420288085937 -0.108261108398438
-0.00983905792236328 -0.00669479370117187 -0.0587692260742188 -0.104904174804687
-0.0163373947143555 -0.00491523742675781 -0.0426864624023438 -0.119163513183594
-0.0158596038818359 -0.0180797576904297 0.00521087646484376 -0.124900817871094
-0.00222969055175781 -0.0253047943115234 0.0466995239257813 -0.0907440185546875
0.017059326171875 -0.0124855041503906 0.0668487548828125 -0.0369491577148438
0.015655517578125 0.00975990295410156 0.0397987365722656 0.005645751953125
-0.0142154693603516 0.0162019729614258 -0.00252151489257813 -0.0181598663330078
-0.0402336120605469 -0.00520706176757812 0.0274696350097656 -0.0485649108886719
0.0570106506347656 -0.0666580200195313 -0.00215911865234375 0.053375244140625
-0.00360870361328126 -0.0939712524414063 0.011174201965332 0.0132284164428711
-0.0644187927246094 -0.0513725280761719 -0.0288848876953125 -0.0171642303466797
-0.0694770812988281 0.017547607421875 -0.0631637573242188 0.0232810974121094
-0.0403709411621094 0.0504913330078125 -0.0483589172363281 0.0665817260742188
0.00489044189453125 0.0640869140625 -0.00131988525390625 0.10791015625
0.0290870666503906 0.0593376159667969 0.0438079833984375 0.110969543457031
0.0187911987304688 0.0546951293945312 0.0551910400390625 0.0924835205078125
0.0151443481445313 0.0622367858886719 0.04180908203125 0.090972900390625
-0.0184783935546875 0.0600624084472656 0.00975799560546875 0.091400146484375
-0.0512046813964844 0.029052734375 -0.00268936157226563 0.0593490600585938
-0.0545082092285156 -0.01776123046875 -0.000881195068359375 0.0394172668457031
-0.0138816833496094 -0.0638084411621094 0.0203742980957031 0.0697174072265625
0.0416450500488281 -0.06402587890625 0.019256591796875 0.143844604492188
0.0653495788574219 -0.0296897888183594 -0.0928802490234375 0.215667724609375
0.0675277709960938 -0.129814147949219 0.0119590759277344 0.0303268432617187
-0.0123443603515625 -0.149246215820313 0.0133934020996094 0.00240230560302733
-0.092803955078125 -0.0964508056640625 -0.0196514129638672 -0.0204849243164063
-0.115753173828125 0.00415039062499998 -0.0487823486328125 0.0100784301757813
-0.0804290771484375 0.0677566528320313 -0.0427398681640625 0.0393257141113281
-0.014617919921875 0.106681823730469 -0.00966644287109375 0.078826904296875
0.0302810668945313 0.102851867675781 0.0259475708007813 0.086395263671875
0.0205230712890625 0.0939254760742187 0.0379905700683594 0.0683441162109375
0.0171890258789063 0.106521606445312 0.0305900573730469 0.0623664855957031
-0.0287399291992188 0.101425170898438 0.0126113891601562 0.0637550354003906
-0.0821685791015625 0.0574264526367187 0.0124874114990234 0.0347576141357422
-0.0957717895507813 -0.00872802734375002 0.0216732025146484 0.0278949737548828
-0.0514755249023438 -0.0952911376953125 0.045318603515625 0.0714645385742188
0.018463134765625 -0.122894287109375 0.0357513427734375 0.142074584960938
0.0645599365234375 -0.095306396484375 -0.0681304931640625 0.20928955078125
0.067047119140625 -0.175323486328125 0.032623291015625 -0.00804328918457032
-0.0204315185546875 -0.185806274414063 0.0151901245117187 -0.0183620452880859
-0.111732482910156 -0.129173278808594 -0.0117263793945313 -0.0224933624267578
-0.149078369140625 -0.0108795166015625 -0.0290031433105469 -0.00176811218261719
-0.110931396484375 0.0758819580078125 -0.0291576385498047 0.00810813903808594
-0.0326690673828125 0.133506774902344 -0.0148200988769531 0.0389289855957031
0.026611328125 0.131195068359375 0.00571441650390625 0.0480079650878906
0.0198440551757812 0.119216918945312 0.0151691436767578 0.0341262817382813
0.0178375244140625 0.135124206542969 0.0137615203857422 0.0244960784912109
-0.0324478149414063 0.130661010742188 0.012481689453125 0.0256004333496094
-0.10101318359375 0.0823211669921875 0.0247631072998047 0.00262069702148438
-0.127410888671875 0.00688934326171875 0.0430068969726562 0.00998306274414063
-0.0894775390625 -0.112533569335937 0.0675811767578125 0.0641708374023438
-0.0133514404296875 -0.166732788085937 0.045867919921875 0.1260986328125
0.0518035888671875 -0.148605346679688 -0.0416717529296875 0.180801391601563
0.0530853271484375 -0.195236206054688 0.0562362670898438 -0.0555915832519531
-0.0316162109375 -0.195632934570312 0.0164299011230469 -0.0459060668945313
-0.120330810546875 -0.138641357421875 -0.00519371032714844 -0.0248661041259766
-0.159988403320313 -0.0182647705078125 -0.00565528869628907 -0.0134439468383789
-0.123313903808594 0.075042724609375 -0.0104618072509766 -0.0241413116455078
-0.0444793701171875 0.141098022460938 -0.0154666900634766 -0.00730228424072265
0.0188674926757812 0.139350891113281 -0.0140552520751953 0.00217819213867188
0.016265869140625 0.127525329589844 -0.00990867614746094 -0.00592994689941405
0.0162506103515625 0.144638061523437 -0.007415771484375 -0.0179595947265625
-0.0326995849609375 0.141128540039063 0.00735855102539062 -0.0186386108398437
-0.106529235839844 0.0956649780273438 0.0321807861328125 -0.0343265533447266
-0.141082763671875 0.021148681640625 0.0578460693359375 -0.0126228332519531
-0.114326477050781 -0.1141357421875 0.0793685913085937 0.0478591918945312
-0.0424957275390625 -0.185638427734375 0.0448379516601562 0.0943603515625
0.0323944091796875 -0.177261352539063 -0.0183792114257812 0.130722045898438
0.0275115966796875 -0.185317993164062 0.076507568359375 -0.106254577636719
-0.044158935546875 -0.17388916015625 0.018096923828125 -0.07550048828125
-0.114501953125 -0.120338439941406 0.00106430053710937 -0.0280017852783203
-0.145339965820313 -0.0160064697265625 0.0170707702636719 -0.0253887176513672
-0.11187744140625 0.0654067993164063 0.00951004028320311 -0.0537223815917969
-0.0461196899414062 0.125946044921875 -0.0140266418457031 -0.0515518188476563
0.0102081298828125 0.124961853027344 -0.0305290222167969 -0.0434379577636719
0.009765625 0.115608215332031 -0.0338592529296875 -0.0449981689453125
0.0102310180664062 0.132461547851563 -0.0284881591796875 -0.0583343505859375
-0.0320205688476563 0.127334594726563 -0.000446319580078125 -0.0620231628417969
-0.0976181030273438 0.08734130859375 0.0343284606933594 -0.0687026977539063
-0.129493713378906 0.0241546630859375 0.0655937194824219 -0.0343170166015625
-0.11273193359375 -0.100120544433594 0.0780410766601563 0.0275726318359375
-0.0548858642578125 -0.170623779296875 0.032745361328125 0.054443359375
0.012298583984375 -0.17340087890625 0.000179290771484377 0.069732666015625
-0.00582885742187501 -0.14959716796875 0.090118408203125 -0.151351928710938
-0.0535888671875 -0.126136779785156 0.017730712890625 -0.100265502929688
-0.09283447265625 -0.0772171020507813 0.00465011596679687 -0.0317440032958984
-0.10406494140625 -0.00606536865234375 0.0337448120117187 -0.0360183715820313
-0.0784759521484375 0.0476608276367187 0.0232315063476563 -0.0739669799804688
-0.0363311767578125 0.0909805297851563 -0.0123138427734375 -0.0853424072265625
0.000885009765625 0.0916213989257813 -0.0424346923828125 -0.0798416137695313
0.002532958984375 0.0858612060546875 -0.0507278442382813 -0.0765380859375
0.000473022460937506 0.0994491577148438 -0.0434646606445313 -0.0911026000976563
-0.0311965942382813 0.092010498046875 -0.0063018798828125 -0.0975723266601563
-0.0765151977539062 0.0585556030273438 0.035247802734375 -0.0914382934570313
-0.0936508178710938 0.0136795043945313 0.0675735473632813 -0.0467796325683594
-0.0805587768554688 -0.0745849609375 0.0673828125 0.0114059448242187
-0.0473098754882813 -0.126396179199219 0.0166521072387695 0.0175619125366211
-0.00385284423828126 -0.137001037597656 0.0144414901733398 0.0125627517700195
-0.0382537841796875 -0.0939254760742188 0.093994140625 -0.185745239257813
-0.0565605163574219 -0.0621261596679688 0.0132598876953125 -0.119438171386719
-0.0606803894042969 -0.0224380493164063 0.00147628784179687 -0.0357093811035156
-0.0485572814941406 0.00798797607421875 0.0371971130371094 -0.0426559448242188
-0.0327205657958984 0.0254688262939453 0.0271987915039063 -0.08038330078125
-0.01898193359375 0.0441055297851563 -0.0118637084960937 -0.101905822753906
-0.00692367553710937 0.0446319580078125 -0.048797607421875 -0.101806640625
-0.00507354736328125 0.0441322326660156 -0.0607833862304688 -0.0965652465820313
-0.00971984863281251 0.0530586242675781 -0.050079345703125 -0.111282348632812
-0.02813720703125 0.0411453247070312 -0.00632476806640626 -0.118545532226562
-0.0452003479003906 0.0174522399902344 0.0384902954101563 -0.0990753173828125
-0.0427436828613281 -0.0029144287109375 0.0675277709960937 -0.048187255859375
-0.0319252014160156 -0.0392303466796875 0.0528297424316406 0.0037994384765625
-0.0285720825195312 -0.0610275268554687 0.00370073318481445 -0.00860834121704102
-0.0192642211914063 -0.0770492553710938 0.0249481201171875 -0.0312099456787109
-0.0643272399902344 -0.0268936157226562 0.08544921875 -0.207046508789063
-0.0502166748046875 0.00297927856445313 0.00393676757812499 -0.132820129394531
-0.0241584777832031 0.0290794372558594 -0.00995254516601563 -0.040557861328125
0.00719261169433594 0.0191307067871094 0.0274696350097656 -0.0442657470703125
0.0134658813476563 0.00168895721435547 0.0214996337890625 -0.0738601684570313
-0.000243663787841797 -0.00716066360473633 -0.0137863159179688 -0.100502014160156
-0.0138711929321289 -0.00726127624511719 -0.049713134765625 -0.106620788574219
-0.0115509033203125 -0.00426197052001953 -0.0614166259765625 -0.102424621582031
-0.0177764892578125 -0.00146865844726562 -0.046234130859375 -0.117172241210938
-0.0194950103759766 -0.0147304534912109 0.000198364257812502 -0.124229431152344
-0.00663375854492188 -0.0238380432128906 0.0428237915039063 -0.0916290283203125
0.013279914855957 -0.0153236389160156 0.0648422241210938 -0.0392074584960938
0.0157489776611328 0.00494003295898438 0.0387001037597656 0.00438690185546875
-0.0106372833251953 0.0132331848144531 -0.00253677368164063 -0.0204448699951172
-0.03515625 -0.00550079345703124 0.0293159484863281 -0.0545921325683594
0.0534820556640625 -0.0666580200195313 -0.006317138671875 0.0589523315429687
-0.00687408447265625 -0.0912704467773438 0.0102605819702148 0.016606330871582
-0.0636062622070313 -0.0486793518066406 -0.0279579162597656 -0.0162925720214844
-0.0666885375976563 0.0189170837402344 -0.0630722045898438 0.0238151550292969
-0.0376014709472656 0.0503463745117188 -0.0477867126464844 0.0674514770507813
0.00674819946289062 0.0623779296875 -0.000305175781249989 0.109115600585938
0.031005859375 0.0570106506347656 0.0453338623046875 0.112464904785156
0.0206375122070312 0.0529861450195313 0.055572509765625 0.0934295654296875
0.0177993774414063 0.0604629516601562 0.0420303344726563 0.0924072265625
-0.0155830383300781 0.0601425170898438 0.0100021362304687 0.0930709838867188
-0.0490570068359375 0.0311775207519531 -0.00363922119140625 0.0599327087402344
-0.0552291870117187 -0.0153846740722656 -0.00147628784179688 0.038818359375
-0.0165557861328125 -0.0617332458496094 0.0215034484863281 0.0699958801269531
0.0376014709472656 -0.0653266906738281 0.0199127197265625 0.144561767578125
0.0615692138671875 -0.0323143005371094 -0.0936431884765625 0.219451904296875
0.064971923828125 -0.131317138671875 0.0067291259765625 0.0353622436523437
-0.0153350830078125 -0.147048950195313 0.0114011764526367 0.00580978393554687
-0.0937881469726562 -0.094451904296875 -0.0194721221923828 -0.0190486907958984
-0.114715576171875 0.00510406494140626 -0.0494461059570313 0.010894775390625
-0.0785980224609375 0.0682601928710938 -0.043701171875 0.040557861328125
-0.0125732421875 0.105987548828125 -0.00965118408203126 0.0809326171875
0.0322036743164063 0.101631164550781 0.0272598266601563 0.088775634765625
0.0226669311523437 0.0931396484375 0.0384254455566406 0.0702323913574219
0.0201797485351563 0.105873107910156 0.0304336547851562 0.0646820068359375
-0.025787353515625 0.102401733398438 0.0127410888671875 0.0657119750976562
-0.0810699462890625 0.060516357421875 0.0109424591064453 0.0348663330078125
-0.097442626953125 -0.00682067871093749 0.0202293395996094 0.02685546875
-0.0548477172851562 -0.0956573486328125 0.04620361328125 0.0711746215820313
0.0146408081054687 -0.125900268554688 0.0358428955078125 0.142745971679687
0.0628738403320313 -0.099853515625 -0.0692901611328125 0.211456298828125
0.06610107421875 -0.178009033203125 0.0268344879150391 -0.0042552947998047
-0.02301025390625 -0.186111450195313 0.012725830078125 -0.0158271789550781
-0.114234924316406 -0.129287719726563 -0.0121402740478516 -0.0210647583007813
-0.149505615234375 -0.00967407226562497 -0.0303630828857422 -0.000627517700195318
-0.110725402832031 0.07708740234375 -0.0305213928222656 0.00963211059570314
-0.03131103515625 0.134330749511719 -0.0154380798339844 0.0415687561035156
0.0287933349609375 0.130683898925781 0.00661468505859375 0.0511741638183594
0.0217208862304687 0.120140075683594 0.0156745910644531 0.0363578796386719
0.0213088989257813 0.136199951171875 0.0125579833984375 0.0273494720458984
-0.030517578125 0.132400512695313 0.0119571685791016 0.0281276702880859
-0.101409912109375 0.0854873657226562 0.0232105255126953 0.00266838073730469
-0.129928588867188 0.00847625732421875 0.0404396057128906 0.0089874267578125
-0.0936355590820312 -0.113876342773438 0.0675582885742188 0.0629997253417969
-0.017364501953125 -0.170730590820312 0.045623779296875 0.12548828125
0.0511627197265625 -0.153732299804688 -0.0430145263671875 0.180923461914063
0.0535430908203125 -0.198974609375 0.0507621765136719 -0.0535850524902344
-0.0329742431640625 -0.197723388671875 0.01416015625 -0.0443496704101563
-0.124015808105469 -0.140266418457031 -0.00596046447753907 -0.0238037109375
-0.163253784179688 -0.0176239013671875 -0.00737476348876954 -0.0122509002685547
-0.124130249023438 0.0774765014648438 -0.0123023986816406 -0.0226860046386719
-0.0437164306640625 0.143112182617188 -0.0168962478637695 -0.00429153442382812
0.0209884643554688 0.14007568359375 -0.0139923095703125 0.00523662567138673
0.017608642578125 0.128684997558594 -0.0103635787963867 -0.00318527221679687
0.018402099609375 0.14654541015625 -0.00880718231201172 -0.0149955749511719
-0.03094482421875 0.143936157226563 0.0062713623046875 -0.0165500640869141
-0.107856750488281 0.098846435546875 0.0298137664794922 -0.0345516204833984
-0.144699096679688 0.0224761962890625 0.0560035705566406 -0.0138168334960937
-0.118576049804688 -0.116676330566406 0.0780487060546875 0.0463027954101562
-0.045806884765625 -0.189590454101563 0.0436325073242187 0.093109130859375
0.032684326171875 -0.182464599609375 -0.0196075439453125 0.12957763671875
0.0294189453125 -0.189620971679688 0.0726089477539063 -0.1063232421875
-0.044769287109375 -0.177642822265625 0.01544189453125 -0.0750732421875
-0.118423461914062 -0.123138427734375 -0.000473022460937505 -0.0276947021484375
-0.149093627929688 -0.016510009765625 0.0155658721923828 -0.0242671966552734
-0.113571166992188 0.067108154296875 0.00708389282226562 -0.0523338317871094
-0.0462570190429688 0.128814697265625 -0.0158843994140625 -0.0496749877929687
0.0112686157226562 0.12725830078125 -0.030853271484375 -0.0407333374023438
0.0106048583984375 0.117950439453125 -0.0341415405273438 -0.0425148010253906
0.0116348266601562 0.134941101074219 -0.0301628112792969 -0.0558395385742187
-0.0317916870117188 0.13092041015625 -0.00197601318359375 -0.0602760314941406
-0.09991455078125 0.0904159545898437 0.0318260192871094 -0.0687484741210938
-0.133224487304688 0.0242996215820313 0.0633125305175781 -0.0348968505859375
-0.116195678710937 -0.104202270507813 0.0765533447265625 0.0257949829101562
-0.0567169189453125 -0.175537109375 0.0309982299804687 0.0530853271484375
0.014404296875 -0.178024291992188 -0.000576019287109374 0.0673103332519531
-0.00277709960937501 -0.153335571289063 0.086883544921875 -0.153457641601563
-0.05303955078125 -0.129959106445312 0.0153579711914062 -0.102043151855469
-0.0952072143554688 -0.0807876586914062 0.00319290161132812 -0.0315189361572266
-0.108024597167969 -0.00749969482421877 0.0316696166992187 -0.0352973937988281
-0.0813522338867188 0.0492935180664062 0.0210723876953125 -0.0729217529296875
-0.037628173828125 0.0943450927734375 -0.013671875 -0.0831832885742187
0.00122833251953126 0.09442138671875 -0.0430068969726563 -0.0785598754882813
0.00260162353515624 0.0886383056640625 -0.052093505859375 -0.0748291015625
0.00125885009765624 0.102890014648438 -0.0454330444335937 -0.0888900756835938
-0.0318679809570313 0.0953369140625 -0.00829315185546875 -0.0965042114257813
-0.0794830322265625 0.0605621337890625 0.0331268310546875 -0.0917434692382813
-0.0970458984375 0.0131378173828125 0.0655784606933594 -0.048065185546875
-0.083282470703125 -0.0787353515625 0.0654373168945313 0.0101165771484375
-0.047943115234375 -0.130867004394531 0.0148868560791016 0.0156879425048828
-0.000854492187499994 -0.141098022460938 0.0147857666015625 0.00853252410888671
-0.0344085693359375 -0.0956878662109375 0.0924530029296875 -0.189376831054688
-0.05419921875 -0.0651092529296875 0.0113677978515625 -0.121719360351562
-0.0612144470214844 -0.0262451171875 0.000282287597656245 -0.0360641479492188
-0.0516929626464844 0.00539779663085937 0.0356216430664063 -0.0424690246582031
-0.0353813171386719 0.0255699157714844 0.0261001586914063 -0.08001708984375
-0.0215415954589844 0.0463371276855469 -0.0128326416015625 -0.10101318359375
-0.0078582763671875 0.0480613708496094 -0.04937744140625 -0.101615905761719
-0.00551986694335938 0.0468215942382812 -0.0616226196289063 -0.0962600708007812
-0.0103225708007812 0.0561981201171875 -0.0518264770507813 -0.110382080078125
-0.03009033203125 0.0448226928710937 -0.00793457031250001 -0.118232727050781
-0.04864501953125 0.0191726684570312 0.0366668701171875 -0.0996017456054688
-0.0464019775390625 -0.00400543212890624 0.06573486328125 -0.0486831665039062
-0.0335884094238281 -0.0429725646972656 0.0512466430664062 0.00327682495117187
-0.0274658203125 -0.0650825500488281 0.0023660659790039 -0.0105257034301758
-0.0152740478515625 -0.0798568725585938 0.0262680053710937 -0.0365028381347656
-0.0601959228515625 -0.0267105102539063 0.0860748291015625 -0.211532592773438
-0.0474128723144531 0.00136947631835937 0.00284576416015626 -0.136131286621094
-0.0228424072265625 0.0262413024902344 -0.0109291076660156 -0.0406761169433594
0.00595378875732422 0.0169486999511719 0.02642822265625 -0.0436630249023438
0.010894775390625 0.000870704650878906 0.0211410522460937 -0.0740585327148438
-0.00282430648803711 -0.00571632385253906 -0.0139846801757812 -0.1009521484375
-0.0153684616088867 -0.00447463989257812 -0.05023193359375 -0.107505798339844
-0.0130243301391602 -0.00175762176513672 -0.0618133544921875 -0.10308837890625
-0.0188064575195313 0.00129890441894532 -0.0483016967773438 -0.117401123046875
-0.0215053558349609 -0.0121116638183594 -0.001708984375 -0.124893188476563
-0.0104103088378906 -0.0228176116943359 0.0415725708007813 -0.0929946899414063
0.0102968215942383 -0.0163669586181641 0.064239501953125 -0.0400657653808594
0.0156278610229492 0.00167274475097656 0.0378990173339844 0.00355911254882813
-0.00860786437988281 0.00987720489501953 -0.00328445434570313 -0.0233383178710938
-0.0310764312744141 -0.00647544860839844 0.0319938659667969 -0.06072998046875
0.0525665283203125 -0.0673942565917969 -0.0100479125976562 0.0661277770996094
-0.00923919677734376 -0.0898971557617188 0.00941276550292969 0.0203208923339844
-0.0646476745605469 -0.0475807189941406 -0.0284442901611328 -0.0156421661376953
-0.0654106140136719 0.0196113586425781 -0.0643997192382813 0.025482177734375
-0.0367774963378906 0.0506820678710938 -0.0491294860839844 0.0692634582519531
0.007843017578125 0.0621566772460937 -0.000198364257812496 0.112396240234375
0.0332984924316406 0.0560035705566406 0.0465927124023437 0.115951538085938
0.0227737426757813 0.0519332885742188 0.0570755004882812 0.0971298217773438
0.02032470703125 0.0597000122070313 0.0432357788085937 0.0959854125976562
-0.0130386352539062 0.0615005493164063 0.01129150390625 0.0962677001953125
-0.0482711791992188 0.0331878662109375 -0.00432205200195312 0.06219482421875
-0.0567092895507812 -0.0138664245605469 -0.00238800048828125 0.0394134521484375
-0.0188980102539063 -0.0622291564941406 0.02325439453125 0.0713272094726563
0.0349769592285156 -0.0667572021484375 0.0202178955078125 0.1495361328125
0.0604515075683594 -0.0356864929199219 -0.0979766845703125 0.226943969726563
0.065216064453125 -0.134841918945313 0.00214004516601563 0.0411415100097656
-0.0172119140625 -0.149002075195313 0.010040283203125 0.00932693481445312
-0.0961990356445313 -0.0957794189453125 -0.0196762084960938 -0.0186004638671875
-0.115852355957031 0.00538635253906249 -0.0509262084960938 0.0118598937988281
-0.0793380737304687 0.0703277587890625 -0.0454330444335938 0.0423049926757813
-0.0118179321289063 0.107818603515625 -0.0104446411132812 0.084442138671875
0.0344696044921875 0.102653503417969 0.0283279418945312 0.0931625366210938
0.024871826171875 0.0947036743164063 0.0395355224609375 0.07427978515625
0.0229339599609375 0.107719421386719 0.0311622619628906 0.0684661865234375
-0.0241775512695312 0.105575561523437 0.0134696960449219 0.0693473815917969
-0.0827789306640625 0.06427001953125 0.00970840454101562 0.0365066528320313
-0.101676940917969 -0.00532531738281251 0.0193271636962891 0.0271854400634766
-0.0593948364257812 -0.0980224609375 0.047454833984375 0.0713348388671875
0.0111083984375 -0.13140869140625 0.0357818603515625 0.147171020507812
0.0624237060546875 -0.105903625488281 -0.0736541748046875 0.218490600585938
0.067108154296875 -0.184249877929688 0.0233516693115234 -1.52587890625113E-05
-0.02496337890625 -0.19036865234375 0.0110588073730469 -0.0130596160888672
-0.118339538574219 -0.132255554199219 -0.0124111175537109 -0.0196971893310547
-0.15313720703125 -0.00994873046874998 -0.0322971343994141 0.000450134277343746
-0.112632751464844 0.0798797607421875 -0.0326862335205078 0.0111503601074219
-0.0313339233398437 0.138328552246094 -0.0161933898925781 0.0447616577148438
0.0309295654296875 0.133880615234375 0.00711822509765625 0.0542755126953125
0.0235748291015625 0.123237609863281 0.0155525207519531 0.0399818420410156
0.0240097045898438 0.139915466308594 0.0121192932128906 0.0303478240966797
-0.029083251953125 0.137763977050781 0.0122814178466797 0.0305557250976563
-0.103935241699219 0.0904464721679688 0.0218791961669922 0.00303649902343751
-0.135856628417969 0.00982666015624997 0.0395736694335938 0.00913238525390625
-0.0993576049804688 -0.118446350097656 0.0679206848144531 0.0635643005371094
-0.0213775634765625 -0.178695678710937 0.0453262329101563 0.1282958984375
0.0523834228515625 -0.162429809570313 -0.0461883544921875 0.186355590820313
0.056121826171875 -0.206939697265625 0.0479965209960938 -0.0520172119140625
-0.0353546142578125 -0.204788208007813 0.0126953125 -0.0433540344238281
-0.12921142578125 -0.145431518554687 -0.00671386718750001 -0.0230445861816406
-0.169418334960938 -0.01806640625 -0.00934982299804689 -0.0115375518798828
-0.128173828125 0.07989501953125 -0.0142822265625 -0.0213851928710937
-0.045013427734375 0.148574829101563 -0.0179824829101563 -0.00218200683593749
0.023040771484375 0.14459228515625 -0.0135040283203125 0.00797367095947267
0.0188674926757813 0.133064270019531 -0.0105047225952148 -0.000834465026855459
0.02081298828125 0.1519775390625 -0.0104970932006836 -0.0131158828735351
-0.0311737060546875 0.149932861328125 0.00584888458251953 -0.0151462554931641
-0.11175537109375 0.104171752929688 0.0287799835205078 -0.0348930358886719
-0.151016235351563 0.0236358642578125 0.0546340942382812 -0.0148429870605469
-0.125244140625 -0.12255859375 0.0789566040039062 0.0456085205078125
-0.0499725341796875 -0.198287963867188 0.042938232421875 0.0946807861328125
0.03485107421875 -0.191360473632813 -0.0211181640625 0.131538391113281
0.0321502685546875 -0.197723388671875 0.07073974609375 -0.10821533203125
-0.0455169677734375 -0.185073852539063 0.012969970703125 -0.0765533447265625
-0.124076843261719 -0.129013061523437 -0.000921249389648443 -0.0275650024414063
-0.157058715820312 -0.018035888671875 0.01416015625 -0.0244026184082031
-0.118698120117188 0.069793701171875 0.00577545166015625 -0.0520477294921875
-0.0480117797851562 0.134651184082031 -0.0168075561523438 -0.0482139587402344
0.0123367309570312 0.132667541503906 -0.0318260192871094 -0.0395317077636719
0.0116424560546875 0.123146057128906 -0.0351142883300781 -0.0416336059570313
0.0130081176757813 0.140548706054688 -0.0323257446289063 -0.0548095703125
-0.0322494506835937 0.137382507324219 -0.00333023071289062 -0.059814453125
-0.104377746582031 0.0957183837890625 0.0305519104003906 -0.0701408386230469
-0.140121459960938 0.0254364013671875 0.0629386901855469 -0.0364036560058594
-0.12213134765625 -0.109443664550781 0.076629638671875 0.02606201171875
-0.05999755859375 -0.184539794921875 0.0296173095703125 0.0535812377929687
0.0167694091796875 -0.186737060546875 -0.00114822387695312 0.0662002563476563
0.001129150390625 -0.160186767578125 0.087249755859375 -0.158737182617187
-0.052490234375 -0.136451721191406 0.0138015747070313 -0.105690002441406
-0.099609375 -0.0868606567382813 0.0019855499267578 -0.0326004028320313
-0.115310668945313 -0.00868225097656252 0.0307464599609375 -0.0357627868652344
-0.0860595703125 0.0510101318359375 0.020233154296875 -0.0741348266601563
-0.0396652221679687 0.0996856689453125 -0.0149765014648438 -0.0839385986328125
0.00099945068359375 0.0996475219726563 -0.04425048828125 -0.0791854858398438
0.00273132324218749 0.0936126708984375 -0.0532989501953125 -0.0752029418945313
0.00197601318359376 0.108131408691406 -0.0487747192382812 -0.089752197265625
-0.0332107543945313 0.101173400878906 -0.00976562499999999 -0.096954345703125
-0.0843429565429688 0.0648040771484375 0.0321426391601563 -0.0943832397460937
-0.103317260742188 0.012847900390625 0.0653800964355469 -0.0493087768554688
-0.087646484375 -0.0850448608398438 0.0654220581054688 0.00994491577148437
-0.0485992431640625 -0.138412475585937 0.0134830474853516 0.0144052505493164
0.00236511230468751 -0.147735595703125 0.0149288177490234 0.00450134277343749
-0.0311813354492187 -0.100593566894531 0.093841552734375 -0.196548461914062
-0.0535202026367187 -0.0709152221679688 0.010650634765625 -0.127227783203125
-0.0638465881347656 -0.0303955078125 -0.000228881835937502 -0.0374984741210938
-0.0565452575683594 0.00376129150390626 0.0358695983886719 -0.042999267578125
-0.0392303466796875 0.0264625549316406 0.0257492065429687 -0.0812454223632813
-0.024017333984375 0.0503692626953125 -0.0138320922851563 -0.103218078613281
-0.00841522216796875 0.051971435546875 -0.0515060424804688 -0.104293823242188
-0.00698471069335938 0.0509185791015625 -0.063385009765625 -0.0977325439453125
-0.0107841491699219 0.0599403381347656 -0.0537567138671875 -0.112129211425781
-0.0316848754882813 0.0490837097167969 -0.010040283203125 -0.120330810546875
-0.0535736083984375 0.0216827392578125 0.0366058349609375 -0.1021728515625
-0.0504150390625 -0.00539779663085938 0.0667800903320313 -0.050811767578125
-0.0356903076171875 -0.0479736328125 0.0509910583496094 0.0029449462890625
-0.0270462036132813 -0.0702705383300781 0.00164031982421875 -0.0125360488891602
-0.0113143920898438 -0.0844268798828125 0.0285301208496094 -0.0428314208984375
-0.0577278137207031 -0.02728271484375 0.0889129638671875 -0.219924926757813
-0.0452766418457031 -0.000904083251953122 0.00277709960937498 -0.141860961914062
-0.0226974487304687 0.0241680145263672 -0.0114212036132812 -0.0421562194824219
0.00433921813964844 0.0145578384399414 0.0267410278320313 -0.0441398620605469
0.00888633728027344 -0.000265121459960938 0.021148681640625 -0.0758895874023438
-0.00511264801025391 -0.00416040420532227 -0.0142898559570313 -0.103485107421875
-0.0166902542114258 -0.00235748291015625 -0.0512466430664062 -0.111282348632813
-0.0142698287963867 0.000287055969238282 -0.0635910034179688 -0.105728149414062
-0.0204982757568359 0.00364494323730469 -0.050262451171875 -0.120811462402344
-0.0234375 -0.00873184204101562 -0.003082275390625 -0.127861022949219
-0.0135784149169922 -0.021820068359375 0.0420761108398437 -0.0960159301757812
0.00824546813964844 -0.0180187225341797 0.065643310546875 -0.0416259765625
0.0150356292724609 -0.0020294189453125 0.0381660461425781 0.00389480590820312
-0.007354736328125 0.00724458694458008 -0.00406074523925781 -0.0264453887939453
-0.0275993347167969 -0.00848960876464844 0.0348129272460937 -0.0679283142089844
0.0516014099121094 -0.0702552795410156 -0.01324462890625 0.0755081176757813
-0.01263427734375 -0.0909423828125 0.00942611694335938 0.0248336791992187
-0.0671577453613281 -0.0466041564941406 -0.0294303894042969 -0.0151119232177734
-0.0658950805664063 0.0218353271484375 -0.0667381286621094 0.0269584655761719
-0.0355453491210938 0.0531196594238281 -0.0505294799804688 0.073394775390625
0.0108795166015625 0.0628585815429687 0.0019073486328125 0.117660522460937
0.0361175537109375 0.0553970336914063 0.0516433715820313 0.121376037597656
0.0257949829101563 0.0524406433105469 0.0612106323242188 0.101318359375
0.0242500305175781 0.0605430603027344 0.0473175048828125 0.101280212402344
-0.0102996826171875 0.0633888244628906 0.013580322265625 0.101295471191406
-0.047821044921875 0.0365829467773438 -0.0041351318359375 0.0655326843261719
-0.0593490600585938 -0.01123046875 -0.00271224975585938 0.0416030883789063
-0.0225791931152344 -0.0629196166992188 0.0261688232421875 0.0731201171875
0.0320587158203125 -0.070892333984375 0.023529052734375 0.15655517578125
0.0588722229003906 -0.0397834777832031 -0.0999908447265625 0.240692138671875
0.064727783203125 -0.142669677734375 -0.001251220703125 0.0491867065429688
-0.02294921875 -0.154220581054687 0.00920963287353515 0.0123748779296875
-0.102363586425781 -0.0971527099609375 -0.02056884765625 -0.0178413391113281
-0.119743347167969 0.00755310058593748 -0.0534744262695313 0.01336669921875
-0.0801620483398438 0.0742568969726562 -0.047119140625 0.0461616516113281
-0.0100860595703125 0.1116943359375 -0.0095977783203125 0.0899200439453125
0.0389480590820312 0.104812622070312 0.0322341918945313 0.0983352661132813
0.0286636352539062 0.0971832275390625 0.0430984497070313 0.0785598754882813
0.0279312133789063 0.111251831054688 0.0331878662109375 0.0730743408203125
-0.0211944580078125 0.111228942871094 0.0153884887695312 0.0733642578125
-0.0842819213867188 0.0700225830078125 0.00993728637695312 0.0381584167480469
-0.107933044433594 -0.00243377685546873 0.0185298919677734 0.028106689453125
-0.0660400390625 -0.101051330566406 0.0506744384765625 0.0726470947265625
0.00578308105468751 -0.139366149902344 0.03887939453125 0.153244018554687
0.0616531372070313 -0.11419677734375 -0.074951171875 0.230361938476563
0.06719970703125 -0.195632934570313 0.0194950103759766 0.00417327880859374
-0.0304107666015625 -0.1981201171875 0.00968742370605469 -0.0115509033203125
-0.126998901367188 -0.135299682617187 -0.0134010314941406 -0.0197811126708984
-0.160400390625 -0.00765991210937498 -0.0338706970214844 0.00192260742187501
-0.116249084472656 0.0855331420898438 -0.0351524353027344 0.0137290954589844
-0.029876708984375 0.145034790039063 -0.0168495178222656 0.0490608215332031
0.0354232788085938 0.138381958007813 0.00906372070312501 0.0592460632324219
0.0278854370117188 0.127914428710938 0.0177688598632813 0.0440559387207031
0.02947998046875 0.146011352539063 0.0126018524169922 0.0341815948486328
-0.02618408203125 0.145431518554687 0.0127830505371094 0.0336570739746094
-0.107246398925781 0.099395751953125 0.0215549468994141 0.00374031066894532
-0.143798828125 0.014312744140625 0.039398193359375 0.00870895385742188
-0.109039306640625 -0.123275756835938 0.0712966918945313 0.0631790161132812
-0.0283966064453125 -0.188247680664063 0.0475997924804687 0.133110046386719
0.0512542724609375 -0.173446655273438 -0.0467681884765625 0.195465087890625
0.056060791015625 -0.219635009765625 0.044921875 -0.052032470703125
-0.0411834716796875 -0.214492797851562 0.00993728637695312 -0.04400634765625
-0.140151977539063 -0.15045166015625 -0.00814819335937501 -0.0233612060546875
-0.179885864257813 -0.0158843994140625 -0.0104923248291016 -0.0109949111938477
-0.133094787597656 0.0863494873046875 -0.0169754028320313 -0.0206260681152344
-0.04425048828125 0.157012939453125 -0.0197219848632813 0.000539779663085951
0.02752685546875 0.1514892578125 -0.0139617919921875 0.0113420486450195
0.023101806640625 0.140403747558594 -0.0108013153076172 0.00176048278808594
0.0264434814453125 0.159408569335938 -0.012324333190918 -0.0101680755615234
-0.028289794921875 0.159454345703125 0.0057220458984375 -0.0139741897583008
-0.116325378417969 0.113349914550781 0.0274810791015625 -0.0369224548339844
-0.160903930664063 0.02813720703125 0.0541458129882812 -0.016204833984375
-0.136085510253906 -0.128143310546875 0.081390380859375 0.045806884765625
-0.058013916015625 -0.209762573242188 0.0438613891601562 0.0975418090820312
0.0344390869140625 -0.203964233398438 -0.0216827392578125 0.136909484863281
0.03271484375 -0.210784912109375 0.068267822265625 -0.113182067871094
-0.0510711669921875 -0.196014404296875 0.009857177734375 -0.0802993774414063
-0.134689331054687 -0.134361267089844 -0.00270652770996095 -0.0280704498291016
-0.1668701171875 -0.015655517578125 0.0132579803466797 -0.0250873565673828
-0.124763488769531 0.0762863159179688 0.00336074829101561 -0.0528373718261719
-0.0485076904296875 0.144515991210938 -0.0195388793945313 -0.0481986999511719
0.0152664184570313 0.139785766601563 -0.0333518981933594 -0.0389366149902344
0.0143890380859375 0.130149841308594 -0.0369300842285156 -0.0402450561523437
0.017486572265625 0.148849487304688 -0.0359878540039063 -0.0541877746582031
-0.0302276611328125 0.1468505859375 -0.00498199462890626 -0.0614128112792969
-0.109634399414062 0.104316711425781 0.0291976928710937 -0.0729598999023438
-0.148712158203125 0.0290679931640625 0.0627288818359375 -0.0390739440917969
-0.132301330566406 -0.115692138671875 0.0785064697265625 0.0248260498046875
-0.0679473876953125 -0.19464111328125 0.0298995971679688 0.0536041259765625
0.0167388916015625 -0.198944091796875 -0.000640869140624997 0.0664863586425781
0.00230407714843749 -0.170639038085938 0.08612060546875 -0.167892456054687
-0.05633544921875 -0.146194458007813 0.0101547241210937 -0.111824035644531
-0.108367919921875 -0.091827392578125 7.43865966796793E-05 -0.0344619750976563
-0.123779296875 -0.00785064697265623 0.0306434631347656 -0.0373497009277344
-0.0915374755859375 0.0558929443359375 0.018707275390625 -0.07611083984375
-0.0404739379882813 0.107330322265625 -0.0177154541015625 -0.0860137939453125
0.00337982177734374 0.106269836425781 -0.04742431640625 -0.0810623168945312
0.0041046142578125 0.0999679565429687 -0.0568161010742188 -0.07586669921875
0.00393676757812499 0.115875244140625 -0.0530014038085937 -0.0902099609375
-0.0324172973632813 0.109169006347656 -0.0129547119140625 -0.100173950195313
-0.089263916015625 0.0719146728515625 0.0307464599609375 -0.0984344482421875
-0.111015319824219 0.0146255493164063 0.0657501220703125 -0.0526046752929688
-0.0951690673828125 -0.090423583984375 0.066375732421875 0.00910568237304687
-0.05438232421875 -0.146926879882813 0.0123329162597656 0.0135889053344726
0.00399780273437499 -0.15777587890625 0.0161151885986328 -0.000136375427246103
-0.0299301147460937 -0.106430053710938 0.0939788818359375 -0.20892333984375
-0.0546798706054687 -0.0764083862304688 0.00794219970703124 -0.135612487792969
-0.0672073364257813 -0.0342559814453125 -0.00220108032226563 -0.0397300720214844
-0.0618667602539063 0.00321578979492188 0.0357017517089844 -0.0448760986328125
-0.0431175231933594 0.0282211303710938 0.0245132446289062 -0.0849227905273438
-0.0253562927246094 0.05499267578125 -0.0165481567382813 -0.106536865234375
-0.00845336914062501 0.0572013854980469 -0.0547561645507812 -0.108200073242188
-0.00639724731445312 0.0553970336914062 -0.0682373046875 -0.100120544433594
-0.0102996826171875 0.0657882690429688 -0.0594253540039062 -0.115493774414063
-0.0323219299316406 0.0550155639648438 -0.0134124755859375 -0.124740600585937
-0.0581092834472656 0.0252799987792969 0.035186767578125 -0.107681274414063
-0.0560340881347656 -0.00563430786132811 0.067108154296875 -0.0539970397949219
-0.0398635864257813 -0.053558349609375 0.0519027709960938 0.00233078002929687
-0.0290069580078125 -0.0767440795898438 0.000280380249023435 -0.0151596069335938
-0.00944519042968751 -0.0905609130859375 0.0295181274414062 -0.0504035949707031
-0.0567703247070312 -0.0278739929199219 0.0898590087890625 -0.234405517578125
-0.0443496704101563 -0.00226593017578124 -0.000122070312500018 -0.151092529296875
-0.0230312347412109 0.0236339569091797 -0.0134010314941406 -0.0446434020996094
0.00321006774902344 0.0136251449584961 0.0266265869140625 -0.0471534729003906
0.00776529312133789 -0.000935077667236328 0.0211105346679687 -0.0788192749023437
-0.00699377059936523 -0.00263452529907227 -0.0165023803710938 -0.108108520507813
-0.0176334381103516 0.000406265258789061 -0.0557785034179688 -0.116241455078125
-0.0159273147583008 0.00279521942138672 -0.0684738159179688 -0.10992431640625
-0.0217323303222656 0.00651359558105468 -0.055633544921875 -0.124946594238281
-0.0257358551025391 -0.00630378723144531 -0.00724029541015624 -0.133209228515625
-0.0170459747314453 -0.0209255218505859 0.0413665771484375 -0.101547241210937
0.00560760498046875 -0.0198307037353516 0.06732177734375 -0.0455093383789062
0.0141744613647461 -0.00577068328857422 0.0388908386230469 0.00348663330078125
-0.00644397735595703 0.00450372695922852 -0.00442314147949219 -0.0298938751220703
-0.025238037109375 -0.0106410980224609 0.0373001098632813 -0.0775604248046875
0.0486373901367188 -0.0738601684570313 -0.0133514404296875 0.0859222412109375
-0.0186614990234375 -0.0906219482421875 0.00982093811035156 0.0292434692382812
-0.0711593627929688 -0.0433807373046875 -0.0300407409667969 -0.0137138366699219
-0.0651016235351563 0.0248527526855469 -0.0679588317871094 0.0312309265136719
-0.0329513549804688 0.0561370849609375 -0.049835205078125 0.0791091918945313
0.0140724182128906 0.0636024475097656 0.00718688964843751 0.122848510742188
0.0403480529785156 0.0541114807128906 0.059295654296875 0.124977111816406
0.0298843383789062 0.0516204833984375 0.0687408447265625 0.104454040527344
0.0294914245605469 0.058929443359375 0.0531158447265625 0.104278564453125
-0.00532913208007813 0.0656204223632813 0.0188064575195313 0.10546875
-0.0470161437988281 0.0412330627441406 -0.00172042846679688 0.0682640075683594
-0.0623283386230469 -0.00741958618164064 -0.00194931030273438 0.0437774658203125
-0.0272064208984375 -0.0628929138183594 0.0305557250976563 0.0745697021484375
0.0272598266601563 -0.0748443603515625 0.030181884765625 0.163009643554688
0.056610107421875 -0.044952392578125 -0.094818115234375 0.257980346679688
0.0596923828125 -0.151214599609375 -0.00312423706054688 0.0573234558105469
-0.03131103515625 -0.157257080078125 0.00845623016357422 0.0162792205810547
-0.110092163085938 -0.0949630737304688 -0.0217113494873047 -0.0166225433349609
-0.12359619140625 0.0132217407226562 -0.0548553466796875 0.0166893005371094
-0.0794754028320312 0.0808029174804688 -0.0475654602050781 0.050506591796875
-0.0045013427734375 0.116127014160156 -0.00598144531249999 0.0951309204101563
0.0452880859375 0.105682373046875 0.0385360717773438 0.102157592773438
0.0350265502929688 0.099212646484375 0.0481033325195313 0.0819015502929688
0.0352859497070313 0.113594055175781 0.03729248046875 0.0765838623046875
-0.0151824951171875 0.116729736328125 0.019561767578125 0.076751708984375
-0.0833587646484375 0.0784683227539063 0.0110511779785156 0.0398674011230469
-0.113571166992188 0.00399780273437502 0.0192089080810547 0.0290145874023438
-0.0755386352539062 -0.102127075195313 0.0555343627929688 0.0726699829101563
-0.00329589843750001 -0.14599609375 0.04583740234375 0.157806396484375
0.057098388671875 -0.12408447265625 -0.0699310302734375 0.245468139648438
0.0609130859375 -0.20843505859375 0.0160703659057617 0.00902938842773436
-0.0420074462890625 -0.20440673828125 0.00734233856201172 -0.00968360900878907
-0.138755798339844 -0.134925842285156 -0.0146198272705078 -0.0194377899169922
-0.1688232421875 -0.00047302246093753 -0.0355033874511719 0.00385665893554688
-0.117050170898438 0.0947036743164063 -0.0370635986328125 0.0168571472167969
-0.0243682861328125 0.152328491210938 -0.0155563354492187 0.0534019470214844
0.0436553955078125 0.142196655273438 0.0129013061523438 0.0633964538574219
0.0355606079101562 0.132102966308594 0.0206756591796875 0.0471572875976563
0.0381927490234375 0.150985717773438 0.0144004821777344 0.0375404357910156
-0.0190277099609375 0.153915405273438 0.0147857666015625 0.0356864929199219
-0.107101440429687 0.110450744628906 0.0211658477783203 0.00286102294921876
-0.151824951171875 0.0223846435546875 0.0392723083496094 0.00811767578125
-0.121665954589844 -0.124656677246094 0.07611083984375 0.0627975463867187
-0.0415802001953125 -0.19671630859375 0.0540847778320313 0.136100769042969
0.0449371337890625 -0.186111450195313 -0.042266845703125 0.205413818359375
0.049224853515625 -0.23431396484375 0.0399169921875 -0.0525665283203125
-0.0526275634765625 -0.22259521484375 0.005950927734375 -0.0441436767578125
-0.153900146484375 -0.1513671875 -0.00963401794433595 -0.0231418609619141
-0.189300537109375 -0.00836181640625003 -0.0119094848632813 -0.00966739654541016
-0.136093139648437 0.097015380859375 -0.0189075469970703 -0.0190029144287109
-0.0390167236328125 0.167221069335937 -0.0207748413085938 0.00372314453125001
0.035797119140625 0.156997680664063 -0.0130748748779297 0.0143508911132813
0.03131103515625 0.145797729492188 -0.0103330612182617 0.00484085083007813
0.03570556640625 0.166213989257813 -0.0135259628295898 -0.00738239288330077
-0.021087646484375 0.169097900390625 0.00498771667480469 -0.0131216049194336
-0.116584777832031 0.126487731933594 0.0254287719726562 -0.0391921997070313
-0.16876220703125 0.0369873046875 0.0537109375 -0.018524169921875
-0.151092529296875 -0.129013061523438 0.08489990234375 0.0434494018554687
-0.072540283203125 -0.218368530273437 0.0478286743164063 0.0988693237304687
0.0272064208984375 -0.218231201171875 -0.01849365234375 0.142410278320313
0.0269012451171875 -0.2249755859375 0.0622940063476562 -0.118354797363281
-0.061676025390625 -0.204833984375 0.0046234130859375 -0.0827407836914063
-0.148468017578125 -0.13623046875 -0.00504112243652345 -0.0289154052734375
-0.178024291992188 -0.00881958007812498 0.0114765167236328 -0.0253143310546875
-0.128524780273438 0.086700439453125 2.28881835937453E-05 -0.053741455078125
-0.04388427734375 0.154083251953125 -0.0227928161621094 -0.0468597412109375
0.0231781005859375 0.1466064453125 -0.0360908508300781 -0.0373115539550781
0.021820068359375 0.13671875 -0.0399551391601562 -0.0378684997558594
0.026031494140625 0.156784057617188 -0.0400390625 -0.0522880554199219
-0.02337646484375 0.156463623046875 -0.00783920288085938 -0.0618667602539063
-0.110954284667969 0.11688232421875 0.0257720947265625 -0.0777435302734375
-0.156814575195313 0.037384033203125 0.0609893798828125 -0.0428886413574219
-0.1461181640625 -0.117324829101563 0.080413818359375 0.022216796875
-0.0801239013671875 -0.20245361328125 0.0311012268066406 0.0539894104003906
0.01141357421875 -0.211715698242188 0.000316619873046871 0.0667610168457031
-0.00210571289062501 -0.181472778320313 0.080108642578125 -0.17889404296875
-0.063934326171875 -0.153305053710938 0.00359344482421876 -0.118110656738281
-0.118576049804687 -0.093658447265625 -0.00218963623046876 -0.0357131958007813
-0.132965087890625 -0.00373077392578126 0.0294418334960937 -0.0391883850097656
-0.0957260131835938 0.06280517578125 0.0152664184570313 -0.0782394409179688
-0.038909912109375 0.116691589355469 -0.022491455078125 -0.0873184204101562
0.00843048095703125 0.113731384277344 -0.0531234741210937 -0.0809555053710938
0.00913238525390625 0.106422424316406 -0.0622482299804687 -0.0754852294921875
0.010284423828125 0.123344421386719 -0.0594558715820313 -0.0899429321289062
-0.0286712646484375 0.117988586425781 -0.0179443359375 -0.102180480957031
-0.0918350219726563 0.0813674926757813 0.026275634765625 -0.104011535644531
-0.118804931640625 0.020538330078125 0.0638313293457031 -0.0580520629882813
-0.105842590332031 -0.0928878784179688 0.0677490234375 0.00685119628906249
-0.0636138916015625 -0.154403686523438 0.0116100311279297 0.0120820999145508
9.15527343750071E-05 -0.168167114257813 0.0156936645507813 -0.00430011749267579
-0.0322647094726563 -0.112525939941406 0.088043212890625 -0.224822998046875
-0.058319091796875 -0.0811538696289063 0.000305175781249994 -0.144210815429688
-0.0728836059570313 -0.0358428955078125 -0.00524139404296876 -0.0419464111328125
-0.0677146911621094 0.00487136840820312 0.0342559814453125 -0.0481491088867188
-0.0465431213378906 0.0322380065917969 0.0215911865234375 -0.0882415771484375
-0.0255050659179688 0.0617790222167969 -0.02166748046875 -0.109718322753906
-0.0059814453125 0.0624961853027344 -0.062164306640625 -0.110069274902344
-0.00441741943359375 0.0604705810546875 -0.0748214721679688 -0.101318359375
-0.0072784423828125 0.0718536376953125 -0.0672836303710938 -0.116386413574219
-0.0317955017089844 0.0617523193359375 -0.0202178955078125 -0.128433227539063
-0.0618209838867188 0.0315093994140625 0.0310440063476562 -0.113761901855469
-0.0618438720703125 -0.00373077392578126 0.0667533874511719 -0.0596122741699219
-0.0462684631347656 -0.0573310852050781 0.0531692504882813 0.000648498535156247
-0.032867431640625 -0.0820999145507813 -0.00198554992675781 -0.0178375244140625
-0.00970458984375001 -0.0970230102539063 0.0285797119140625 -0.0583419799804688
-0.0569000244140625 -0.0287055969238281 0.083587646484375 -0.251052856445313
-0.0444412231445313 -0.00325012207031249 -0.00697326660156251 -0.16058349609375
-0.0220775604248047 0.0224666595458984 -0.0167160034179688 -0.0471839904785156
0.00205612182617187 0.0128812789916992 0.0250129699707031 -0.0498313903808594
0.00569581985473633 -0.00160741806030273 0.0183639526367187 -0.0822982788085938
-0.00907802581787109 -0.000597000122070311 -0.0212554931640625 -0.111640930175781
-0.0190696716308594 0.00362014770507812 -0.0635299682617187 -0.119575500488281
-0.0169925689697266 0.00543498992919922 -0.0762557983398437 -0.111778259277344
-0.0229129791259766 0.0100803375244141 -0.0634613037109375 -0.128105163574219
-0.0277576446533203 -0.00242805480957031 -0.0143814086914063 -0.138214111328125
-0.0215187072753906 -0.0197010040283203 0.0382537841796875 -0.10784912109375
0.00229072570800781 -0.0218105316162109 0.0676078796386719 -0.0506401062011719
0.0135250091552734 -0.00945949554443359 0.0403213500976563 0.00162124633789062
-0.00504159927368164 0.00183534622192383 -0.00694847106933594 -0.0331745147705078
-0.022918701171875 -0.0120506286621094 0.0362701416015625 -0.0882797241210938
0.0443267822265625 -0.07659912109375 -0.00990295410156249 0.09490966796875
-0.0240402221679687 -0.0879592895507813 0.0113468170166016 0.0335655212402344
-0.0731277465820313 -0.0384063720703125 -0.0301933288574219 -0.0117855072021484
-0.0629386901855469 0.0287513732910156 -0.0666923522949219 0.0350837707519531
-0.0287437438964844 0.0576858520507813 -0.0464630126953125 0.082763671875
0.0188407897949219 0.0628089904785156 0.0141677856445312 0.123977661132813
0.0440940856933594 0.0508575439453125 0.0683364868164062 0.12457275390625
0.0333709716796875 0.048675537109375 0.0758209228515625 0.103462219238281
0.0353012084960937 0.0572853088378906 0.0601119995117188 0.104217529296875
-0.000263214111328125 0.0666313171386719 0.0257797241210938 0.106796264648437
-0.0436515808105469 0.0458526611328125 0.00185394287109375 0.0696525573730469
-0.0638999938964844 -0.00195693969726563 0.0002593994140625 0.0455245971679687
-0.0329170227050781 -0.0605964660644531 0.0354385375976563 0.0734939575195313
0.0207290649414062 -0.0772781372070312 0.0391998291015625 0.165374755859375
0.0523147583007813 -0.0493927001953125 -0.083160400390625 0.269577026367188
0.0515899658203125 -0.157272338867188 -0.00314712524414063 0.0657691955566406
-0.0416259765625 -0.155929565429688 0.00926017761230468 0.0206890106201172
-0.116905212402344 -0.0896682739257812 -0.0221500396728516 -0.0155010223388672
-0.12408447265625 0.0204925537109375 -0.0549812316894531 0.0201339721679687
-0.075836181640625 0.0865936279296875 -0.046112060546875 0.0548439025878906
0.00287628173828124 0.118080139160156 -0.000373840332031244 0.0989532470703125
0.0521697998046875 0.103843688964844 0.0459976196289063 0.103172302246094
0.0422744750976563 0.0981826782226563 0.0553970336914063 0.0825424194335937
0.04425048828125 0.112846374511719 0.0421066284179688 0.0779037475585938
-0.00603485107421875 0.120452880859375 0.0246734619140625 0.0783004760742188
-0.0805587768554687 0.0865249633789063 0.0122222900390625 0.0407943725585938
-0.116432189941406 0.0131912231445312 0.0202388763427734 0.0297756195068359
-0.0843734741210938 -0.0993499755859375 0.0599822998046875 0.070343017578125
-0.014739990234375 -0.148696899414063 0.05462646484375 0.15869140625
0.0488967895507813 -0.131484985351563 -0.058990478515625 0.255599975585938
0.0500640869140625 -0.21673583984375 0.0136117935180664 0.0140132904052734
-0.054351806640625 -0.204620361328125 0.00536394119262695 -0.00597620010375978
-0.14898681640625 -0.129058837890625 -0.0164642333984375 -0.0180301666259766
-0.172164916992188 0.0094451904296875 -0.0361175537109375 0.00728225708007812
-0.114334106445313 0.103721618652344 -0.036773681640625 0.0204544067382813
-0.01507568359375 0.158447265625 -0.0128288269042969 0.0571708679199219
0.052459716796875 0.142242431640625 0.0177726745605469 0.0659027099609375
0.0445938110351563 0.13262939453125 0.0248603820800781 0.0490989685058594
0.0502166748046875 0.151626586914063 0.0173416137695313 0.0401611328125
-0.00865173339843749 0.158599853515625 0.0187416076660156 0.0362663269042969
-0.10186767578125 0.120140075683594 0.0201740264892578 0.00171470642089844
-0.15509033203125 0.03326416015625 0.0380401611328125 0.00596237182617188
-0.134048461914063 -0.120758056640625 0.0793609619140625 0.05877685546875
-0.0566253662109375 -0.1993408203125 0.060089111328125 0.135543823242188
0.03466796875 -0.195022583007813 -0.0322113037109375 0.212112426757813
0.0380096435546875 -0.24444580078125 0.0338134765625 -0.051055908203125
-0.0667724609375 -0.223388671875 0.000923156738281242 -0.0424118041992188
-0.166122436523437 -0.145706176757813 -0.0115242004394531 -0.0220088958740234
-0.195053100585938 0.00286865234375001 -0.0137834548950195 -0.00795364379882812
-0.133590698242187 0.107810974121094 -0.0214347839355469 -0.0165824890136719
-0.029632568359375 0.173934936523438 -0.0218372344970703 0.00687026977539064
0.045562744140625 0.158828735351563 -0.0113544464111328 0.0170516967773438
0.040374755859375 0.147689819335938 -0.00950145721435547 0.00868320465087892
0.0479278564453125 0.168701171875 -0.0140514373779297 -0.00366115570068358
-0.01007080078125 0.174758911132813 0.00420856475830078 -0.0124578475952148
-0.112846374511719 0.138206481933594 0.0229721069335937 -0.0407218933105469
-0.172653198242188 0.0498046875 0.0513572692871094 -0.0208663940429687
-0.163421630859375 -0.124176025390625 0.0872344970703125 0.0390167236328125
-0.0878448486328125 -0.219879150390625 0.0522537231445312 0.0976333618164062
0.0163726806640625 -0.22613525390625 -0.0125274658203125 0.145675659179688
0.016326904296875 -0.234329223632812 0.0541534423828125 -0.121879577636719
-0.0752716064453125 -0.207687377929688 -0.0028076171875 -0.082916259765625
-0.161041259765625 -0.131988525390625 -0.0075054168701172 -0.0291233062744141
-0.184967041015625 0.00100708007812496 0.0101432800292969 -0.0261554718017578
-0.128372192382812 0.096435546875 -0.00325775146484376 -0.0537986755371094
-0.036407470703125 0.162628173828125 -0.0267066955566406 -0.0448760986328125
0.032196044921875 0.150527954101563 -0.0388679504394531 -0.0340614318847656
0.030517578125 0.140289306640625 -0.0422096252441406 -0.0335235595703125
0.03631591796875 0.159652709960938 -0.0444183349609375 -0.0481338500976562
-0.01397705078125 0.162612915039063 -0.0115394592285156 -0.0611457824707031
-0.107635498046875 0.128608703613281 0.0201187133789062 -0.079559326171875
-0.161514282226563 0.048492431640625 0.0578727722167969 -0.0467720031738281
-0.158782958984375 -0.113571166992187 0.0813369750976562 0.018157958984375
-0.095855712890625 -0.203399658203125 0.0323257446289062 0.0523033142089844
0.00117492675781248 -0.220230102539063 0.00252532958984375 0.0654449462890625
-0.00997924804687499 -0.188888549804687 0.0698089599609375 -0.18597412109375
-0.0733184814453125 -0.156265258789062 -0.00551605224609375 -0.120376586914063
-0.126930236816406 -0.0907516479492187 -0.00563430786132813 -0.0367851257324219
-0.139289855957031 0.00431823730468753 0.0274124145507812 -0.0408363342285156
-0.0958938598632812 0.071685791015625 0.0108261108398438 -0.0791473388671875
-0.0336151123046875 0.124114990234375 -0.02777099609375 -0.0855712890625
0.015594482421875 0.117431640625 -0.0582733154296875 -0.0790481567382813
0.01446533203125 0.110466003417969 -0.0664825439453125 -0.0724105834960938
0.0182647705078125 0.127304077148438 -0.065521240234375 -0.0866241455078125
-0.0212326049804688 0.123893737792969 -0.0241317749023437 -0.102180480957031
-0.0905914306640625 0.0908966064453125 0.0201873779296875 -0.106216430664062
-0.122322082519531 0.0283279418945313 0.0601921081542969 -0.0619773864746094
-0.115692138671875 -0.0908889770507812 0.0674362182617187 0.00327301025390624
-0.074066162109375 -0.155868530273438 0.00996017456054687 0.0108442306518555
-0.0059356689453125 -0.174026489257813 0.0139694213867187 -0.00858211517333985
-0.0355758666992188 -0.11639404296875 0.0756988525390625 -0.2352294921875
-0.062591552734375 -0.0821151733398438 -0.0094146728515625 -0.147720336914063
-0.0771026611328125 -0.0348968505859375 -0.00960159301757813 -0.0427780151367188
-0.0716171264648438 0.00867462158203125 0.0308685302734375 -0.050994873046875
-0.0480308532714844 0.0361366271972656 0.0162811279296875 -0.0903472900390625
-0.0231513977050781 0.0675010681152344 -0.028045654296875 -0.110061645507812
-0.00277709960937501 0.0667610168457031 -0.0691299438476563 -0.109405517578125
-0.00146865844726562 0.0641517639160156 -0.0816802978515625 -0.098724365234375
-0.00314331054687499 0.0765838623046875 -0.0748214721679687 -0.114509582519531
-0.028656005859375 0.0672950744628906 -0.028076171875 -0.1282958984375
-0.0624961853027344 0.0379638671875 0.0247268676757812 -0.117393493652344
-0.0662345886230469 -0.00122451782226562 0.0631141662597656 -0.064453125
-0.0526351928710937 -0.0588836669921875 0.0524864196777344 -0.00157928466796875
-0.0377349853515625 -0.0841140747070312 -0.00446701049804688 -0.0194110870361328
-0.0116195678710938 -0.102035522460938 0.0251312255859375 -0.0659294128417969
-0.0555381774902344 -0.0274391174316406 0.0717620849609375 -0.26348876953125
-0.0438728332519531 -0.0043182373046875 -0.01739501953125 -0.1661376953125
-0.0217018127441406 0.022430419921875 -0.020782470703125 -0.0476799011230469
0.00123691558837891 0.01226806640625 0.0223312377929688 -0.0514602661132812
0.00371956825256348 -0.00223445892333984 0.0144729614257812 -0.0843429565429688
-0.0102472305297852 0.00212383270263672 -0.0275421142578125 -0.113067626953125
-0.0192718505859375 0.00767898559570313 -0.0718460083007812 -0.119026184082031
-0.0172624588012695 0.00905036926269531 -0.08416748046875 -0.110130310058594
-0.0221290588378906 0.0131950378417969 -0.072265625 -0.126976013183594
-0.0288181304931641 0.00104331970214844 -0.0228118896484375 -0.139640808105469
-0.0244274139404297 -0.0171070098876953 0.0319061279296875 -0.112625122070313
-0.00164222717285156 -0.0230827331542969 0.0654106140136719 -0.0561561584472656
0.0117950439453125 -0.0125923156738281 0.0407829284667969 -0.000453948974609376
-0.00470685958862305 -0.000713825225830078 -0.00996017456054688 -0.0359001159667969
-0.0205516815185547 -0.0135498046875 0.0314788818359375 -0.097442626953125
0.0389556884765625 -0.07574462890625 -0.00778961181640625 0.100784301757812
-0.0296554565429688 -0.0837631225585938 0.0131874084472656 0.0358161926269531
-0.0716629028320313 -0.0340347290039062 -0.0294208526611328 -0.0106468200683594
-0.0594329833984375 0.0298347473144531 -0.0665931701660156 0.0377273559570313
-0.024688720703125 0.0577774047851562 -0.042938232421875 0.0850143432617187
0.0222320556640625 0.0588722229003906 0.0208206176757812 0.123008728027344
0.045684814453125 0.0463676452636719 0.0747604370117188 0.121742248535156
0.0374031066894531 0.0450096130371094 0.0802078247070312 0.100921630859375
0.0370521545410156 0.0523109436035156 0.06634521484375 0.10284423828125
0.00385665893554687 0.0657386779785156 0.031890869140625 0.105575561523438
-0.0395660400390625 0.0471954345703125 0.00504302978515624 0.069915771484375
-0.0634727478027344 0.00213623046875 0.00168228149414062 0.046234130859375
-0.0348052978515625 -0.0577735900878906 0.039398193359375 0.0719757080078125
0.0143051147460938 -0.0774612426757813 0.0470733642578125 0.162643432617187
0.046661376953125 -0.0501823425292969 -0.07110595703125 0.274642944335938
0.0412750244140625 -0.157958984375 -0.000572204589843754 0.0726776123046875
-0.049285888671875 -0.150390625 0.00884246826171874 0.0233402252197266
-0.119308471679688 -0.0828781127929687 -0.0230846405029297 -0.0134143829345703
-0.1221923828125 0.0254440307617187 -0.0549430847167969 0.0233993530273437
-0.0715179443359375 0.0881423950195313 -0.0430412292480469 0.0575218200683594
0.0100631713867187 0.11688232421875 0.00382995605468751 0.099945068359375
0.0566329956054688 0.0998458862304688 0.05108642578125 0.10113525390625
0.0457229614257813 0.0956039428710938 0.0587387084960937 0.0819244384765625
0.0497207641601562 0.108360290527344 0.0465621948242187 0.0765380859375
0.00101470947265624 0.119346618652344 0.0289154052734375 0.0783615112304688
-0.0738983154296875 0.0899581909179687 0.0130195617675781 0.0391426086425781
-0.115760803222656 0.0192718505859375 0.0201511383056641 0.0298118591308594
-0.09112548828125 -0.0947418212890625 0.062591552734375 0.0664138793945313
-0.0233917236328125 -0.147384643554688 0.0595703125 0.156326293945313
0.041778564453125 -0.134506225585938 -0.048583984375 0.2576904296875
0.038787841796875 -0.217727661132813 0.0115451812744141 0.0184364318847656
-0.064544677734375 -0.199386596679688 0.00334048271179199 -0.0036606788635254
-0.15447998046875 -0.120498657226563 -0.0171289443969727 -0.0160560607910156
-0.1707763671875 0.0182037353515625 -0.0378799438476563 0.00963211059570313
-0.109054565429687 0.108779907226563 -0.0357666015625 0.0216293334960938
-0.00671386718749999 0.157135009765625 -0.0101242065429688 0.0583877563476563
0.059356689453125 0.140388488769531 0.0214462280273438 0.066497802734375
0.0508575439453125 0.130622863769531 0.0291023254394531 0.0501899719238281
0.059661865234375 0.148910522460938 0.0185775756835937 0.0416793823242188
0.00218200683593749 0.158477783203125 0.0188827514648437 0.0367546081542969
-0.0960159301757813 0.127540588378906 0.0192737579345703 0.00140762329101563
-0.154937744140625 0.0435943603515625 0.0361099243164062 0.00558090209960938
-0.141815185546875 -0.114486694335937 0.081878662109375 0.0547714233398437
-0.0691680908203125 -0.195220947265625 0.0638580322265625 0.132972717285156
0.0251312255859375 -0.197738647460938 -0.023956298828125 0.213958740234375
0.026092529296875 -0.24591064453125 0.0289382934570313 -0.0471115112304688
-0.0782318115234375 -0.217849731445313 -0.0023193359375 -0.0405807495117188
-0.17333984375 -0.137924194335938 -0.01287841796875 -0.0206298828125
-0.1947021484375 0.0141448974609375 -0.0158720016479492 -0.00592613220214844
-0.127883911132813 0.113670349121094 -0.0211124420166016 -0.0141639709472656
-0.020477294921875 0.175140380859375 -0.0216407775878906 0.00913047790527344
0.0528411865234375 0.156936645507813 -0.00897789001464844 0.0194034576416016
0.0479583740234375 0.147857666015625 -0.00725746154785156 0.0106353759765625
0.0567779541015625 0.166702270507813 -0.0145711898803711 -0.00131988525390624
0.000564575195312502 0.175582885742187 0.00434017181396484 -0.0118913650512695
-0.104522705078125 0.145828247070313 0.0181732177734375 -0.040313720703125
-0.1717529296875 0.0586395263671875 0.0482635498046875 -0.020751953125
-0.171539306640625 -0.115768432617187 0.0869522094726562 0.0355911254882812
-0.100784301757812 -0.216079711914063 0.0531997680664063 0.09442138671875
0.00601196289062502 -0.228668212890625 -0.00677490234375 0.143539428710937
0.00758361816406249 -0.236663818359375 0.0458831787109375 -0.119148254394531
-0.0830535888671875 -0.204940795898437 -0.00903320312500001 -0.0797348022460938
-0.16644287109375 -0.126724243164063 -0.0104103088378906 -0.0290451049804688
-0.18603515625 0.0115509033203125 0.0061206817626953 -0.0249824523925781
-0.124839782714844 0.105438232421875 -0.00647735595703126 -0.0505752563476562
-0.027099609375 0.165283203125 -0.0279197692871094 -0.0391082763671875
0.0398101806640625 0.149368286132813 -0.0400810241699219 -0.0308113098144531
0.0375518798828125 0.138618469238281 -0.0410499572753906 -0.0299453735351562
0.0446624755859375 0.158981323242188 -0.0471725463867188 -0.0440330505371094
-0.004638671875 0.166397094726563 -0.0143470764160156 -0.0596275329589844
-0.102218627929688 0.1348876953125 0.0152206420898438 -0.0780105590820313
-0.161041259765625 0.056640625 0.0531349182128906 -0.0465812683105469
-0.16510009765625 -0.106292724609375 0.0788726806640625 0.0159759521484375
-0.10650634765625 -0.200927734375 0.0311241149902344 0.0510139465332031
-0.00790405273437502 -0.222381591796875 0.00546646118164062 0.0648269653320312
-0.0181732177734375 -0.1915283203125 0.0573272705078125 -0.187210083007813
-0.080108642578125 -0.153396606445313 -0.0132522583007813 -0.11956787109375
-0.13177490234375 -0.0879287719726563 -0.00829315185546876 -0.0364646911621094
-0.143585205078125 0.01177978515625 0.0246696472167969 -0.0410079956054688
-0.0946502685546875 0.0780563354492188 0.00647735595703124 -0.0783004760742188
-0.0274658203125 0.128684997558594 -0.031829833984375 -0.0828781127929688
0.021942138671875 0.118385314941406 -0.0607681274414063 -0.0733489990234375
0.0217208862304688 0.111015319824219 -0.0686378479003906 -0.065826416015625
0.0263519287109375 0.127639770507813 -0.0677032470703125 -0.0812759399414063
-0.0150222778320312 0.126174926757813 -0.0295486450195312 -0.0992889404296875
-0.085693359375 0.0969314575195313 0.0122451782226563 -0.105987548828125
-0.124458312988281 0.035186767578125 0.0560417175292969 -0.0638427734375
-0.122207641601563 -0.0858078002929688 0.0670242309570312 0.000488281249999995
-0.0814056396484375 -0.154815673828125 0.00787639617919921 0.0094470977783203
-0.01055908203125 -0.176467895507813 0.0133476257324219 -0.0114965438842774
-0.0375289916992188 -0.117118835449219 0.06365966796875 -0.239471435546875
-0.0648269653320313 -0.0842514038085938 -0.018280029296875 -0.148513793945313
-0.0792999267578125 -0.0330886840820313 -0.0119705200195313 -0.0415916442871094
-0.0731964111328125 0.0116043090820312 0.0278472900390625 -0.0517120361328125
-0.048126220703125 0.0385932922363281 0.0129241943359375 -0.0897750854492188
-0.0190963745117188 0.0710296630859375 -0.0325546264648438 -0.108573913574219
0.00149917602539062 0.0694122314453125 -0.072235107421875 -0.105056762695312
0.0021209716796875 0.0665664672851563 -0.084869384765625 -0.0929183959960938
0.000869750976562505 0.0780715942382813 -0.0797805786132812 -0.109588623046875
-0.0245552062988281 0.0696945190429688 -0.03472900390625 -0.126335144042969
-0.0629730224609375 0.0431327819824219 0.0179214477539063 -0.118087768554688
-0.0704345703125 0.00352478027343751 0.0595779418945313 -0.0669479370117188
-0.0577163696289062 -0.0554847717285156 0.0527839660644531 -0.00371551513671875
-0.0425491333007813 -0.084686279296875 -0.00734329223632813 -0.0209484100341797
-0.0132369995117188 -0.10504150390625 0.022491455078125 -0.0709228515625
-0.054046630859375 -0.0275001525878906 0.0571746826171875 -0.268814086914062
-0.0413017272949219 -0.00341415405273438 -0.026824951171875 -0.164596557617188
-0.0207538604736328 0.0204296112060547 -0.0232734680175781 -0.0461463928222656
-0.000336647033691405 0.0102033615112305 0.0192146301269531 -0.0516548156738281
0.00307583808898926 -0.0020287036895752 0.0104522705078125 -0.0840606689453125
-0.0106143951416016 0.00314235687255859 -0.0325927734375 -0.111190795898438
-0.0179462432861328 0.00904083251953125 -0.0768203735351562 -0.116165161132813
-0.017578125 0.0111808776855469 -0.0891189575195313 -0.105667114257813
-0.0217857360839844 0.0158462524414063 -0.0792617797851563 -0.122047424316406
-0.0280780792236328 0.00469970703125 -0.0296630859375 -0.137077331542969
-0.0271358489990234 -0.0146846771240234 0.0259246826171875 -0.112335205078125
-0.00406646728515625 -0.0228137969970703 0.0616416931152344 -0.0588264465332031
0.00949573516845703 -0.0157251358032227 0.0424385070800781 -0.00196456909179688
-0.00396442413330078 -0.00419402122497559 -0.0139541625976563 -0.037445068359375
-0.0182628631591797 -0.0153331756591797 0.0264129638671875 -0.102386474609375
0.0360794067382812 -0.074676513671875 -0.00457000732421875 0.105926513671875
-0.0293960571289063 -0.078399658203125 0.0142707824707031 0.0390090942382812
-0.070770263671875 -0.0309906005859375 -0.0285968780517578 -0.00941085815429687
-0.0568275451660156 0.0312271118164063 -0.0635604858398438 0.0389022827148437
-0.0225791931152344 0.0568389892578125 -0.0402908325195312 0.0848541259765625
0.0233650207519531 0.0575599670410156 0.02142333984375 0.122566223144531
0.0464439392089844 0.043914794921875 0.0763702392578125 0.119758605957031
0.0373611450195313 0.0430793762207031 0.0824966430664063 0.0989761352539063
0.0392837524414062 0.0496940612792969 0.0666732788085938 0.101799011230469
0.00786590576171875 0.0629310607910156 0.0333023071289063 0.104164123535156
-0.0371284484863281 0.0481643676757813 0.00460052490234375 0.0694580078125
-0.0618629455566406 0.00426101684570312 0.00264358520507812 0.0462570190429688
-0.0367279052734375 -0.0548667907714844 0.0400047302246094 0.0692977905273438
0.0109024047851563 -0.0751495361328125 0.0478515625 0.162643432617188
0.0424079895019531 -0.0518341064453125 -0.0662078857421875 0.27569580078125
0.0383148193359375 -0.1568603515625 -0.000465393066406252 0.0770797729492187
-0.0513458251953125 -0.145111083984375 0.00902175903320312 0.0271492004394531
-0.118782043457031 -0.079132080078125 -0.0218143463134766 -0.0117683410644531
-0.119613647460938 0.0279617309570313 -0.0525398254394531 0.0243263244628906
-0.0675582885742188 0.0892257690429687 -0.0425949096679688 0.0583724975585938
0.0125350952148438 0.115234375 0.00570678710937501 0.098724365234375
0.0586090087890625 0.0981063842773438 0.0537338256835938 0.1016845703125
0.049835205078125 0.092803955078125 0.0615158081054688 0.0807037353515625
0.0535812377929688 0.105850219726563 0.0477218627929687 0.0782241821289063
0.00582122802734375 0.118019104003906 0.0305023193359375 0.0767135620117188
-0.07049560546875 0.0932693481445312 0.0137863159179688 0.0398826599121094
-0.114761352539063 0.02313232421875 0.0197296142578125 0.0302104949951172
-0.0925827026367188 -0.0910263061523437 0.0622825622558594 0.064697265625
-0.0295257568359375 -0.14569091796875 0.0606689453125 0.1546630859375
0.0368576049804687 -0.135002136230469 -0.0430450439453125 0.258010864257813
0.0352630615234375 -0.218475341796875 0.00989151000976562 0.0248165130615234
-0.0677337646484375 -0.19512939453125 0.0026092529296875 0.00175786018371581
-0.154586791992188 -0.116958618164062 -0.0168399810791016 -0.0150938034057617
-0.168838500976562 0.02093505859375 -0.0356483459472656 0.0100860595703125
-0.105201721191406 0.11029052734375 -0.0357170104980469 0.0253524780273438
-0.00271606445312501 0.157791137695313 -0.00973129272460938 0.0608253479003906
0.0621566772460937 0.138229370117188 0.0234260559082031 0.0655479431152344
0.0548553466796875 0.128341674804688 0.0312080383300781 0.0503997802734375
0.0622711181640625 0.145401000976563 0.0197906494140625 0.0428924560546875
0.00729370117187501 0.156875610351563 0.0202484130859375 0.0370140075683594
-0.0925369262695313 0.13031005859375 0.0179882049560547 0.0018444061279297
-0.152999877929688 0.0472259521484375 0.0355987548828125 0.00738906860351563
-0.143875122070313 -0.10992431640625 0.0797653198242187 0.05255126953125
-0.0740966796875 -0.192764282226562 0.0649642944335938 0.131340026855469
0.0210113525390625 -0.1978759765625 -0.0214691162109375 0.211593627929688
0.0223541259765625 -0.246231079101563 0.0262489318847656 -0.0431251525878906
-0.080780029296875 -0.216217041015625 -0.004913330078125 -0.034820556640625
-0.175064086914063 -0.133819580078125 -0.0131015777587891 -0.0190753936767578
-0.194686889648438 0.0181884765625 -0.0148191452026367 -0.00509357452392578
-0.125389099121094 0.117294311523438 -0.0227737426757813 -0.0123996734619141
-0.0152587890625 0.1768798828125 -0.0200366973876953 0.0127677917480469
0.058197021484375 0.156387329101563 -0.00804328918457031 0.0210075378417969
0.0518646240234375 0.1448974609375 -0.00514507293701172 0.0119838714599609
0.0621185302734375 0.163848876953125 -0.0135078430175781 0.00172710418701173
0.00611877441406252 0.175018310546875 0.00409030914306641 -0.0108671188354492
-0.100814819335938 0.148818969726563 0.016448974609375 -0.0411186218261719
-0.170333862304688 0.0638580322265625 0.0461082458496094 -0.0202293395996094
-0.174789428710937 -0.111968994140625 0.0853958129882812 0.0336227416992187
-0.106338500976563 -0.212249755859375 0.0527801513671875 0.0935745239257812
0.00227355957031248 -0.229171752929688 -0.00555419921875 0.142608642578125
0.00331115722656251 -0.236114501953125 0.0410995483398438 -0.116386413574219
-0.0873870849609375 -0.20281982421875 -0.0121536254882813 -0.076690673828125
-0.169342041015625 -0.121780395507813 -0.0117015838623047 -0.0254497528076172
-0.186248779296875 0.0160675048828125 0.0069599151611328 -0.0227279663085938
-0.121299743652344 0.106727600097656 -0.00658416748046876 -0.0486717224121094
-0.021881103515625 0.16748046875 -0.0287933349609375 -0.037628173828125
0.04425048828125 0.150070190429688 -0.0380668640136719 -0.0282363891601562
0.0419769287109375 0.138587951660156 -0.0399246215820313 -0.0277252197265625
0.05035400390625 0.158004760742188 -0.0452957153320313 -0.0392074584960937
-0.000137329101562495 0.163818359375 -0.0152473449707031 -0.057281494140625
-0.0981979370117188 0.138938903808594 0.0113601684570313 -0.0789947509765625
-0.159469604492188 0.0609130859375 0.0514907836914063 -0.0453071594238281
-0.168350219726563 -0.103836059570313 0.0790786743164062 0.0140609741210937
-0.109878540039063 -0.197250366210937 0.0307044982910156 0.0500869750976562
-0.00872802734374999 -0.222564697265625 0.00404739379882812 0.0614547729492187
-0.0186767578125 -0.1922607421875 0.05169677734375 -0.184707641601563
-0.0826263427734375 -0.153305053710937 -0.0188751220703125 -0.116127014160156
-0.135055541992188 -0.0856170654296875 -0.010772705078125 -0.0337810516357422
-0.1424560546875 0.01458740234375 0.0220680236816406 -0.0399894714355469
-0.0923690795898438 0.0799713134765625 0.00505828857421874 -0.0761184692382812
-0.0230712890625 0.130088806152344 -0.0321121215820312 -0.079681396484375
0.02618408203125 0.120109558105469 -0.0611190795898437 -0.0720748901367187
0.02447509765625 0.112052917480469 -0.0685348510742188 -0.0635833740234375
0.0293655395507813 0.128395080566406 -0.069793701171875 -0.0771102905273437
-0.0108642578125 0.128173828125 -0.0300216674804688 -0.0965194702148437
-0.0852203369140625 0.100845336914063 0.0099029541015625 -0.105278015136719
-0.123519897460938 0.0376739501953125 0.0525131225585937 -0.0618896484375
-0.124977111816406 -0.085845947265625 0.0651130676269531 0.00108718872070312
-0.0846099853515625 -0.152114868164062 0.0065774917602539 0.00960540771484374
-0.0123138427734375 -0.178695678710938 0.0103054046630859 -0.0153303146362305
-0.0379257202148438 -0.117012023925781 0.0564117431640625 -0.237579345703125
-0.0659713745117188 -0.0839691162109375 -0.02398681640625 -0.146728515625
-0.0807113647460938 -0.0341033935546875 -0.0142326354980469 -0.040985107421875
-0.0750045776367188 0.0126419067382812 0.0267257690429687 -0.0510444641113281
-0.0487480163574219 0.0406036376953125 0.0105133056640625 -0.0879287719726563
-0.0186386108398438 0.07318115234375 -0.032989501953125 -0.105079650878906
0.0037689208984375 0.07135009765625 -0.0751876831054688 -0.102020263671875
0.00433731079101562 0.0684890747070313 -0.0851593017578125 -0.09075927734375
0.00292205810546875 0.0797882080078125 -0.0809402465820313 -0.105522155761719
-0.02191162109375 0.0719451904296875 -0.0366363525390625 -0.122367858886719
-0.0616798400878906 0.0464820861816406 0.0141220092773437 -0.116836547851563
-0.0709762573242187 0.0050048828125 0.0556526184082031 -0.0655288696289063
-0.0594291687011719 -0.0579986572265625 0.0512199401855469 -0.00415802001953125
-0.0433807373046875 -0.0858993530273438 -0.00868415832519532 -0.0207118988037109
-0.0132369995117188 -0.106353759765625 0.01806640625 -0.0736236572265625
-0.0521736145019531 -0.0273895263671875 0.0516357421875 -0.26885986328125
-0.04107666015625 -0.00592041015625001 -0.030731201171875 -0.16522216796875
-0.0194530487060547 0.0195827484130859 -0.0250625610351562 -0.0456047058105469
-0.00256443023681641 0.0100278854370117 0.0181770324707031 -0.0526046752929688
0.000279664993286133 -0.00139904022216797 0.00984954833984375 -0.0830764770507813
-0.0117855072021484 0.00680351257324219 -0.0326690673828125 -0.110389709472656
-0.0177135467529297 0.0120162963867188 -0.0789337158203125 -0.114051818847656
-0.0159339904785156 0.0142288208007813 -0.0889739990234375 -0.104171752929688
-0.0211410522460938 0.0195465087890625 -0.0794906616210937 -0.120277404785156
-0.0280094146728516 0.00756263732910157 -0.03271484375 -0.13421630859375
-0.0277328491210938 -0.0109100341796875 0.0219573974609375 -0.112411499023438
-0.0074005126953125 -0.0223789215087891 0.0596199035644531 -0.0592460632324219
0.00673580169677735 -0.0168161392211914 0.0395927429199219 -0.00253677368164063
-0.00386524200439453 -0.00526857376098633 -0.0131492614746094 -0.0368728637695313
-0.0154781341552734 -0.0182895660400391 0.0240325927734375 -0.107444763183594
0.0362701416015625 -0.0733795166015625 -0.00401306152343751 0.112251281738281
-0.0298614501953125 -0.07623291015625 0.0157279968261719 0.0428123474121094
-0.0702133178710938 -0.030609130859375 -0.0280818939208984 -0.00881195068359375
-0.0564041137695312 0.03009033203125 -0.0640678405761719 0.0395736694335938
-0.0219154357910156 0.056915283203125 -0.0409317016601562 0.0856857299804688
0.0244483947753906 0.05633544921875 0.0217819213867187 0.122627258300781
0.0460281372070313 0.04376220703125 0.0777053833007813 0.121139526367188
0.0372886657714844 0.0413131713867188 0.0833053588867188 0.100051879882813
0.0407066345214844 0.047821044921875 0.0671234130859375 0.1033935546875
0.00963973999023437 0.0618476867675781 0.0338592529296875 0.105270385742188
-0.0354804992675781 0.0490341186523438 0.004669189453125 0.0704116821289063
-0.0612411499023437 0.00595474243164062 0.00236129760742187 0.0470085144042969
-0.0367774963378906 -0.0541877746582031 0.0391807556152344 0.0693359375
0.00874328613281251 -0.074432373046875 0.0472412109375 0.164794921875
0.0405807495117188 -0.051055908203125 -0.0667724609375 0.278549194335938
0.03887939453125 -0.157669067382813 -0.00081634521484375 0.0833740234375
-0.051513671875 -0.144363403320313 0.00943565368652343 0.0314483642578125
-0.118339538574219 -0.079559326171875 -0.0214939117431641 -0.0116405487060547
-0.119544982910156 0.0279769897460937 -0.0532150268554688 0.0250282287597656
-0.067352294921875 0.0900039672851563 -0.0429878234863281 0.0587615966796875
0.0133209228515625 0.115394592285156 0.006011962890625 0.100456237792969
0.0596542358398438 0.0986251831054688 0.0552215576171875 0.102386474609375
0.0504379272460938 0.0922622680664063 0.0628128051757813 0.0819320678710938
0.0553665161132813 0.105117797851563 0.0483932495117188 0.0802383422851563
0.00751495361328126 0.117485046386719 0.0305252075195313 0.0775070190429688
-0.06951904296875 0.095489501953125 0.0128059387207031 0.0405426025390625
-0.115058898925781 0.0251388549804687 0.0194091796875 0.0312957763671875
-0.0938644409179687 -0.0911026000976563 0.0618667602539062 0.0653228759765625
-0.031829833984375 -0.146011352539063 0.0598602294921875 0.15692138671875
0.0357284545898438 -0.135887145996094 -0.0450897216796875 0.2611083984375
0.0351715087890625 -0.219345092773438 0.00975990295410156 0.031158447265625
-0.068023681640625 -0.194854736328125 0.00218439102172851 0.00522232055664061
-0.155288696289063 -0.11785888671875 -0.0165538787841797 -0.013768196105957
-0.170654296875 0.0219879150390625 -0.0360832214355469 0.0112953186035156
-0.105598449707031 0.111656188964844 -0.0359382629394531 0.0259780883789063
-0.000228881835937509 0.158721923828125 -0.00890350341796875 0.0626602172851563
0.0643768310546875 0.139434814453125 0.0250625610351563 0.0682601928710938
0.0565338134765625 0.129241943359375 0.0328292846679688 0.0515174865722656
0.0648193359375 0.145980834960938 0.0205230712890625 0.0451393127441406
0.00860595703125001 0.157928466796875 0.0213356018066406 0.0370063781738281
-0.0915145874023438 0.13275146484375 0.0168838500976562 0.00211811065673829
-0.155014038085938 0.049102783203125 0.0356330871582031 0.00860214233398438
-0.146316528320313 -0.111038208007812 0.079498291015625 0.05267333984375
-0.07659912109375 -0.194610595703125 0.0628433227539063 0.132850646972656
0.02081298828125 -0.200836181640625 -0.02301025390625 0.213729858398438
0.0229034423828125 -0.248336791992188 0.0250511169433594 -0.0384635925292969
-0.081817626953125 -0.217269897460938 -0.00603866577148438 -0.0317935943603516
-0.176666259765625 -0.134994506835938 -0.0137691497802734 -0.0178794860839844
-0.19732666015625 0.0185546875 -0.0155715942382813 -0.00459766387939453
-0.126251220703125 0.119583129882813 -0.0226459503173828 -0.0111103057861328
-0.012725830078125 0.178863525390625 -0.01971435546875 0.0145778656005859
0.059814453125 0.158615112304688 -0.00661659240722656 0.0223941802978516
0.0548553466796875 0.146331787109375 -0.00296974182128906 0.0131502151489258
0.064666748046875 0.165985107421875 -0.0127601623535156 0.00409030914306642
0.00836181640625002 0.175567626953125 0.00482940673828125 -0.00976943969726562
-0.100357055664063 0.152862548828125 0.015380859375 -0.0400390625
-0.17291259765625 0.0665435791015625 0.045867919921875 -0.0186004638671875
-0.178070068359375 -0.1136474609375 0.0847320556640625 0.034393310546875
-0.108413696289062 -0.214401245117187 0.0510177612304687 0.0948333740234375
0.00360107421874998 -0.233291625976562 -0.007965087890625 0.14227294921875
0.00453186035156248 -0.239791870117187 0.0392608642578125 -0.11395263671875
-0.0882415771484375 -0.204635620117187 -0.0142669677734375 -0.0745773315429688
-0.171951293945313 -0.123947143554687 -0.0118217468261719 -0.0248756408691406
-0.189468383789063 0.01776123046875 0.00638389587402343 -0.0226764678955078
-0.123054504394531 0.109916687011719 -0.00725173950195313 -0.0479164123535156
-0.020477294921875 0.170745849609375 -0.0279579162597656 -0.0362930297851562
0.0469970703125 0.152328491210938 -0.0375900268554687 -0.0269966125488281
0.0435943603515625 0.1414794921875 -0.0385093688964844 -0.027191162109375
0.0527801513671875 0.160552978515625 -0.0455360412597656 -0.0382499694824219
0.00198364257812499 0.165603637695313 -0.0146446228027344 -0.0565338134765625
-0.0981292724609375 0.142608642578125 0.0104598999023437 -0.0785140991210937
-0.162506103515625 0.0635223388671875 0.0505752563476563 -0.0442085266113281
-0.17120361328125 -0.10467529296875 0.0783843994140625 0.0155105590820312
-0.111740112304688 -0.1998291015625 0.0286178588867187 0.0505142211914062
-0.00743103027343752 -0.22686767578125 0.00167465209960937 0.0602989196777344
-0.016357421875 -0.194839477539063 0.050506591796875 -0.184249877929688
-0.0827789306640625 -0.156951904296875 -0.0207061767578125 -0.115325927734375
-0.137367248535156 -0.0878753662109375 -0.0113143920898438 -0.0334033966064453
-0.145919799804688 0.0154266357421875 0.0216865539550781 -0.0396194458007813
-0.0948944091796875 0.0822830200195312 0.00511169433593749 -0.0755996704101563
-0.0220947265625 0.133049011230469 -0.0322036743164063 -0.0792083740234375
0.0279388427734375 0.122184753417969 -0.0617828369140625 -0.0719375610351562
0.0262374877929688 0.11480712890625 -0.0668449401855469 -0.0634880065917969
0.0310134887695313 0.131576538085938 -0.0702590942382812 -0.0765838623046875
-0.00914001464843749 0.129920959472656 -0.030120849609375 -0.0959091186523438
-0.08544921875 0.104446411132813 0.0083770751953125 -0.105445861816406
-0.126922607421875 0.039215087890625 0.0527381896972656 -0.0607986450195313
-0.127388000488281 -0.08709716796875 0.0647010803222656 0.00206756591796874
-0.0854339599609375 -0.155288696289063 0.00541210174560546 0.00937938690185546
-0.00987243652343751 -0.182830810546875 0.00869274139404297 -0.0175495147705078
-0.0356903076171875 -0.120796203613281 0.0557403564453125 -0.238739013671875
-0.0661163330078125 -0.0866317749023438 -0.02593994140625 -0.147628784179688
-0.0815353393554688 -0.0362319946289063 -0.0153388977050781 -0.0411338806152344
-0.078125 0.0130462646484375 0.026153564453125 -0.0506629943847656
-0.0505905151367188 0.042205810546875 0.0116653442382813 -0.0878753662109375
-0.0180282592773437 0.0753555297851563 -0.0334548950195313 -0.104736328125
0.00566864013671875 0.072998046875 -0.0754776000976562 -0.102676391601562
0.00583648681640625 0.070587158203125 -0.0850143432617187 -0.0908660888671875
0.00429534912109374 0.0832061767578125 -0.0821456909179688 -0.105293273925781
-0.0215377807617187 0.0742645263671875 -0.036712646484375 -0.122840881347656
-0.0627403259277344 0.0489768981933594 0.0127639770507812 -0.11663818359375
-0.0728607177734375 0.00616455078125001 0.0556449890136719 -0.0648841857910156
-0.0614509582519531 -0.0592002868652344 0.0510330200195312 -0.00337982177734375
-0.0435409545898437 -0.0880279541015625 -0.00992584228515625 -0.0219211578369141
-0.0102005004882813 -0.109695434570313 0.0166091918945313 -0.077789306640625
-0.0492324829101563 -0.0285987854003906 0.05206298828125 -0.271438598632813
-0.0400390625 -0.00827026367187501 -0.0326690673828125 -0.168533325195312
-0.0194416046142578 0.0179786682128906 -0.0264701843261719 -0.04620361328125
-0.00390529632568359 0.00973606109619141 0.018096923828125 -0.0524406433105469
-0.00192272663116455 -0.000691771507263183 0.0104904174804688 -0.083160400390625
-0.0116310119628906 0.00834178924560547 -0.0325469970703125 -0.110603332519531
-0.0164213180541992 0.0137033462524414 -0.0792312622070313 -0.115455627441406
-0.0153875350952148 0.0156717300415039 -0.0896148681640625 -0.104286193847656
-0.0208492279052734 0.0213413238525391 -0.080169677734375 -0.121162414550781
-0.0278282165527344 0.00975227355957031 -0.0334014892578125 -0.134292602539063
-0.0287876129150391 -0.00925827026367188 0.0216903686523438 -0.112548828125
-0.00972366333007812 -0.0212993621826172 0.0590324401855469 -0.0588912963867188
0.00611114501953125 -0.0181713104248047 0.0398521423339844 -0.00255966186523438
-0.00309658050537109 -0.00673675537109375 -0.015045166015625 -0.039581298828125
-0.0136203765869141 -0.0208015441894531 0.0228652954101563 -0.112251281738281
0.0365982055664062 -0.0744476318359375 -0.00354003906249999 0.120147705078125
-0.0301132202148437 -0.0761489868164063 0.0171279907226563 0.0472145080566406
-0.070770263671875 -0.030975341796875 -0.0276985168457031 -0.00948905944824219
-0.0565605163574219 0.0299339294433594 -0.0656661987304688 0.0401802062988281
-0.0214042663574219 0.0576248168945313 -0.0427398681640625 0.0878829956054687
0.0257949829101562 0.0567092895507812 0.0223312377929687 0.127464294433594
0.0475616455078125 0.0438308715820313 0.0806045532226563 0.125
0.0388984680175781 0.0413627624511719 0.0869369506835938 0.103660583496094
0.0422897338867188 0.0472679138183594 0.0695114135742188 0.107955932617188
0.0115013122558594 0.0622100830078125 0.034698486328125 0.108772277832031
-0.0347709655761719 0.0507316589355469 0.00457000732421875 0.07244873046875
-0.0614509582519531 0.00673675537109374 0.00215530395507812 0.0488929748535156
-0.0386085510253906 -0.0550498962402344 0.0404129028320313 0.0716476440429688
0.00659942626953125 -0.0760269165039063 0.0484771728515625 0.17193603515625
0.0400924682617187 -0.0514411926269531 -0.06903076171875 0.288970947265625
0.0393218994140625 -0.161895751953125 -0.00100708007812501 0.0908584594726563
-0.0524444580078125 -0.145782470703125 0.0103569030761719 0.0363311767578125
-0.121353149414063 -0.0814361572265625 -0.0211505889892578 -0.0113315582275391
-0.121879577636719 0.0288467407226562 -0.0549964904785156 0.0261497497558594
-0.0683364868164063 0.0922012329101563 -0.0445098876953125 0.0608329772949219
0.01519775390625 0.118247985839844 0.0057373046875 0.104133605957031
0.0625534057617187 0.10125732421875 0.0577316284179688 0.106536865234375
0.0526199340820312 0.0942153930664062 0.0661773681640625 0.0848770141601563
0.058685302734375 0.107200622558594 0.050262451171875 0.0845413208007813
0.00939941406249999 0.120010375976563 0.031890869140625 0.0799713134765625
-0.0699691772460938 0.0996170043945313 0.0120086669921875 0.04193115234375
-0.118255615234375 0.0276260375976563 0.0200462341308594 0.0332469940185547
-0.0980606079101562 -0.0944976806640625 0.0629043579101563 0.0668907165527344
-0.035064697265625 -0.150054931640625 0.06005859375 0.163314819335937
0.03607177734375 -0.140640258789063 -0.046051025390625 0.269454956054688
0.0359954833984375 -0.22601318359375 0.00954055786132813 0.0366287231445312
-0.069610595703125 -0.198806762695313 0.00191688537597656 0.00944519042968749
-0.160415649414062 -0.121826171875 -0.0165023803710938 -0.0139122009277344
-0.175033569335938 0.023895263671875 -0.0373191833496094 0.0118865966796875
-0.107719421386719 0.115127563476563 -0.0372657775878906 0.0271644592285156
0.00181579589843751 0.163894653320313 -0.00872039794921874 0.0660324096679688
0.0682220458984375 0.142959594726563 0.0275955200195313 0.0714874267578125
0.059814453125 0.132652282714844 0.0353584289550781 0.0533218383789063
0.0684661865234375 0.14996337890625 0.0221099853515625 0.0488967895507813
0.0113525390625 0.162017822265625 0.0218696594238281 0.0387763977050781
-0.0924453735351562 0.139732360839844 0.015955924987793 0.00280380249023438
-0.159805297851563 0.052337646484375 0.0366973876953125 0.0103034973144531
-0.152618408203125 -0.114486694335937 0.0806884765625 0.0543746948242187
-0.080780029296875 -0.201309204101563 0.06292724609375 0.138862609863281
0.02117919921875 -0.208145141601563 -0.0247039794921875 0.2203369140625
0.024749755859375 -0.256607055664063 0.0244998931884766 -0.0350265502929688
-0.08355712890625 -0.223114013671875 -0.00686264038085938 -0.0289077758789063
-0.182083129882812 -0.139251708984375 -0.0141544342041016 -0.0179233551025391
-0.203353881835938 0.020965576171875 -0.0158281326293945 -0.0038909912109375
-0.129066467285156 0.123992919921875 -0.0237998962402344 -0.0111598968505859
-0.0106658935546875 0.185562133789063 -0.0202045440673828 0.0169296264648438
0.064056396484375 0.1640625 -0.00540924072265625 0.0242805480957031
0.0576629638671875 0.151824951171875 -0.00145626068115234 0.0143394470214844
0.06866455078125 0.171112060546875 -0.0124187469482422 0.00660228729248048
0.0106353759765625 0.180450439453125 0.00512981414794922 -0.0098896026611328
-0.102386474609375 0.159698486328125 0.0142745971679687 -0.0402946472167969
-0.178359985351563 0.07025146484375 0.0472869873046875 -0.0175094604492187
-0.184356689453125 -0.11767578125 0.0865402221679688 0.03558349609375
-0.113296508789062 -0.221267700195313 0.0509109497070313 0.0983505249023437
0.00465393066406252 -0.242630004882813 -0.00912475585937499 0.146133422851562
0.00610351562500002 -0.248748779296875 0.038726806640625 -0.113136291503906
-0.0902252197265625 -0.211318969726563 -0.0154495239257813 -0.07391357421875
-0.177886962890625 -0.129165649414063 -0.0126991271972656 -0.0245265960693359
-0.196380615234375 0.01971435546875 0.00576019287109374 -0.0221805572509766
-0.127265930175781 0.114936828613281 -0.00799179077148439 -0.0486297607421875
-0.01873779296875 0.177154541015625 -0.0285415649414063 -0.0355567932128906
0.050872802734375 0.15838623046875 -0.0377388000488281 -0.027130126953125
0.0465087890625 0.147079467773438 -0.0375328063964844 -0.0273971557617187
0.056610107421875 0.166915893554688 -0.04583740234375 -0.0374488830566406
0.00402832031250001 0.170944213867188 -0.0154533386230469 -0.0576553344726562
-0.100143432617188 0.149810791015625 0.00924682617187498 -0.07977294921875
-0.168487548828125 0.0672760009765625 0.0517539978027344 -0.0438423156738281
-0.178146362304688 -0.107894897460937 0.079986572265625 0.0162734985351562
-0.116378784179688 -0.206588745117187 0.027191162109375 0.0526008605957031
-0.00556945800781251 -0.23614501953125 -0.000442504882812499 0.0606155395507812
-0.0151519775390625 -0.202651977539062 0.05096435546875 -0.187301635742188
-0.084991455078125 -0.163848876953125 -0.02227783203125 -0.117233276367188
-0.1422119140625 -0.0926513671875 -0.0123958587646484 -0.0329532623291016
-0.152084350585938 0.0175018310546875 0.0212631225585937 -0.04034423828125
-0.0996170043945312 0.085845947265625 0.0056610107421875 -0.0772628784179688
-0.0207748413085938 0.139312744140625 -0.032867431640625 -0.0799713134765625
0.0311050415039062 0.127555847167969 -0.0629043579101563 -0.0732421875
0.029022216796875 0.119979858398438 -0.0677032470703125 -0.0655670166015625
0.034454345703125 0.1376953125 -0.0718612670898438 -0.0771026611328125
-0.00843048095703124 0.134414672851562 -0.0312652587890625 -0.0980072021484375
-0.088470458984375 0.110054016113281 0.00759124755859374 -0.107940673828125
-0.1319580078125 0.0421142578125 0.0540275573730469 -0.0609779357910156
-0.132781982421875 -0.0910797119140625 0.066650390625 0.00301742553710937
-0.08843994140625 -0.161239624023438 0.0032968521118164 0.00977134704589843
-0.00764465332031249 -0.191268920898438 0.00723648071289063 -0.0202598571777344
-0.0347518920898437 -0.126220703125 0.0565948486328125 -0.245193481445313
-0.067352294921875 -0.0915145874023438 -0.0280914306640625 -0.151519775390625
-0.0852508544921875 -0.0392990112304688 -0.0170097351074219 -0.0415382385253906
-0.08245849609375 0.0146713256835938 0.025848388671875 -0.051544189453125
-0.0538787841796875 0.0453224182128906 0.0121231079101563 -0.0899200439453125
-0.0175628662109375 0.0797958374023438 -0.0343170166015625 -0.106979370117188
0.007598876953125 0.07684326171875 -0.0783615112304688 -0.105316162109375
0.00687408447265625 0.0747833251953125 -0.0868682861328125 -0.0934829711914063
0.00640869140625001 0.0879669189453125 -0.0847702026367188 -0.107315063476563
-0.0212478637695313 0.0781707763671875 -0.0377426147460937 -0.125930786132813
-0.0651702880859375 0.0529556274414062 0.0124282836914063 -0.118972778320312
-0.077117919921875 0.007232666015625 0.0568466186523438 -0.0659065246582031
-0.0646400451660156 -0.0619850158691406 0.052642822265625 -0.00282669067382813
-0.0450057983398437 -0.0923385620117188 -0.0119037628173828 -0.0234622955322266
-0.0082244873046875 -0.116722106933594 0.0152740478515625 -0.0831832885742188
-0.0492172241210938 -0.0307235717773438 0.052581787109375 -0.279937744140625
-0.0403785705566406 -0.0105781555175781 -0.0348358154296875 -0.174362182617188
-0.0197200775146484 0.0163364410400391 -0.0282058715820313 -0.046966552734375
-0.00532627105712891 0.00983333587646484 0.0183944702148438 -0.0535430908203125
-0.00330924987792969 -3.24249267578126E-05 0.0117568969726563 -0.0856246948242188
-0.0121679306030273 0.0100975036621094 -0.0326766967773438 -0.114372253417969
-0.015899658203125 0.0152807235717773 -0.082061767578125 -0.119247436523438
-0.0151653289794922 0.0179271697998047 -0.0919189453125 -0.108428955078125
-0.0207500457763672 0.0248317718505859 -0.0836181640625 -0.124847412109375
-0.0279541015625 0.01190185546875 -0.034759521484375 -0.13763427734375
-0.0305137634277344 -0.00802803039550782 0.0218734741210938 -0.115852355957031
-0.0114173889160156 -0.0216312408447266 0.0599708557128906 -0.0605735778808594
0.00429916381835938 -0.0194435119628906 0.0410079956054688 -0.00194168090820313
-0.00341510772705078 -0.00897884368896485 -0.0163612365722656 -0.0419692993164063
-0.0119953155517578 -0.0240287780761719 0.0221633911132812 -0.118766784667969
0.036407470703125 -0.0771865844726563 -0.0012664794921875 0.129409790039063
-0.0326766967773438 -0.07635498046875 0.020050048828125 0.0518264770507812
-0.0734100341796875 -0.0307464599609375 -0.0283927917480469 -0.00945472717285157
-0.0578765869140625 0.0319633483886719 -0.0686569213867188 0.0434226989746094
-0.0211639404296875 0.0595321655273438 -0.0438613891601562 0.0925979614257813
0.0282707214355469 0.057525634765625 0.0255661010742188 0.132827758789063
0.0512962341308594 0.0443382263183594 0.087554931640625 0.129798889160156
0.041229248046875 0.0407905578613281 0.0930023193359375 0.107025146484375
0.0447845458984375 0.0462532043457031 0.0753707885742188 0.113227844238281
0.0143775939941406 0.0626945495605469 0.0382080078125 0.113433837890625
-0.0339279174804688 0.05413818359375 0.00549316406249999 0.07574462890625
-0.0636215209960937 0.00932312011718749 0.00359344482421875 0.0518226623535156
-0.0420417785644531 -0.0565261840820313 0.0429611206054688 0.0737075805664063
0.0041351318359375 -0.0783462524414063 0.0539703369140625 0.180267333984375
0.0391464233398438 -0.0542640686035156 -0.067840576171875 0.304412841796875
0.038848876953125 -0.169235229492188 0.000404357910156261 0.100318908691406
-0.0572509765625 -0.149642944335938 0.0120620727539062 0.041290283203125
-0.127235412597656 -0.0828094482421875 -0.0214214324951172 -0.0117340087890625
-0.126762390136719 0.032379150390625 -0.0565567016601563 0.0285491943359375
-0.0696487426757813 0.097412109375 -0.0461769104003906 0.0648193359375
0.0194320678710938 0.122642517089844 0.00800323486328124 0.109817504882813
0.068817138671875 0.104438781738281 0.0631332397460937 0.111366271972656
0.0575714111328125 0.0967788696289063 0.07171630859375 0.0877304077148438
0.06451416015625 0.109268188476563 0.05499267578125 0.0893478393554688
0.0142974853515625 0.124351501464844 0.0346832275390625 0.0833053588867188
-0.069915771484375 0.1064453125 0.0124893188476563 0.04412841796875
-0.123359680175781 0.0321578979492187 0.0219650268554687 0.0352706909179688
-0.105766296386719 -0.0961685180664063 0.0663185119628906 0.0688972473144531
-0.0417022705078125 -0.155517578125 0.0652008056640625 0.171920776367187
0.0341339111328125 -0.148284912109375 -0.0450439453125 0.28448486328125
0.034698486328125 -0.23687744140625 0.00991439819335937 0.0431747436523437
-0.0760498046875 -0.204803466796875 0.00241756439208984 0.013885498046875
-0.169342041015625 -0.12493896484375 -0.0167703628540039 -0.0139703750610352
-0.181869506835938 0.0286712646484375 -0.0392379760742188 0.0137901306152344
-0.110137939453125 0.123428344726563 -0.0395851135253906 0.02935791015625
0.00663757324218751 0.170654296875 -0.00789642333984375 0.0706329345703125
0.075469970703125 0.148361206054688 0.0309600830078125 0.0750045776367188
0.0657577514648437 0.137351989746094 0.0391616821289063 0.0555229187011719
0.076263427734375 0.155685424804688 0.0246925354003906 0.0525932312011719
0.0162506103515625 0.168487548828125 0.0240821838378906 0.0403900146484375
-0.093048095703125 0.149612426757813 0.015629768371582 0.0042104721069336
-0.165969848632813 0.05926513671875 0.03839111328125 0.0114364624023438
-0.16357421875 -0.117095947265625 0.0845108032226563 0.055511474609375
-0.0896759033203125 -0.20892333984375 0.06707763671875 0.145034790039063
0.0183868408203125 -0.22021484375 -0.023193359375 0.2308349609375
0.0223236083984375 -0.26971435546875 0.0238265991210938 -0.032308578491211
-0.09100341796875 -0.231582641601563 -0.00780105590820313 -0.0265884399414063
-0.193832397460938 -0.1444091796875 -0.0146560668945313 -0.0175895690917969
-0.212188720703125 0.0266265869140625 -0.0172052383422852 -0.00263500213623047
-0.133453369140625 0.1336669921875 -0.0254802703857422 -0.0106449127197265
-0.0055694580078125 0.194686889648438 -0.0206012725830078 0.0196666717529297
0.0718841552734375 0.1705322265625 -0.00419044494628906 0.0262165069580078
0.06488037109375 0.1575927734375 0.000658988952636724 0.0150318145751953
0.077545166015625 0.178466796875 -0.0114831924438476 0.0091228485107422
0.015899658203125 0.18902587890625 0.00500297546386719 -0.0102481842041016
-0.102874755859375 0.171234130859375 0.0129547119140625 -0.0415992736816406
-0.185592651367188 0.078765869140625 0.0492286682128906 -0.0176124572753906
-0.1962890625 -0.12030029296875 0.0898056030273437 0.0360870361328125
-0.1236572265625 -0.229721069335938 0.0529937744140625 0.103996276855469
0.00213623046875002 -0.256484985351563 -0.00872802734375 0.153564453125
0.00402832031249997 -0.261245727539063 0.0386886596679688 -0.115928649902344
-0.097930908203125 -0.220352172851563 -0.0181350708007813 -0.0740280151367188
-0.189407348632812 -0.133575439453125 -0.0136966705322266 -0.0244941711425781
-0.205978393554688 0.02587890625 0.0054492950439453 -0.0225429534912109
-0.131332397460938 0.123672485351562 -0.00962829589843751 -0.0502548217773437
-0.0138702392578125 0.186233520507813 -0.0293102264404297 -0.0345478057861328
0.058319091796875 0.16522216796875 -0.0385284423828125 -0.0267295837402344
0.05303955078125 0.153427124023438 -0.0382957458496094 -0.0281486511230469
0.0651702880859375 0.174957275390625 -0.0477828979492188 -0.0364036560058594
0.00889587402343752 0.179290771484375 -0.016998291015625 -0.0598831176757812
-0.10125732421875 0.161163330078125 0.00693511962890625 -0.0824661254882812
-0.175186157226563 0.0752105712890625 0.0540084838867187 -0.0453414916992187
-0.190048217773438 -0.111053466796875 0.0831298828125 0.015716552734375
-0.125961303710937 -0.21502685546875 0.0281486511230469 0.0556449890136719
-0.0077056884765625 -0.250320434570313 -0.000682830810546879 0.0630378723144531
-0.017120361328125 -0.214218139648438 0.04913330078125 -0.194427490234375
-0.09130859375 -0.17181396484375 -0.02630615234375 -0.120582580566406
-0.1514892578125 -0.0966339111328125 -0.0142669677734375 -0.0339088439941406
-0.160171508789063 0.0228424072265625 0.0205345153808594 -0.0410537719726563
-0.103073120117188 0.09356689453125 0.00373077392578125 -0.0806655883789063
-0.0168609619140625 0.147842407226562 -0.0352325439453125 -0.0816574096679687
0.0366973876953125 0.133758544921875 -0.0660476684570313 -0.0743408203125
0.033966064453125 0.125663757324219 -0.0706253051757812 -0.0673980712890625
0.0411834716796875 0.145736694335938 -0.0759963989257812 -0.078338623046875
-0.00465393066406249 0.1422119140625 -0.0340499877929688 -0.101852416992187
-0.0898971557617187 0.119010925292969 0.00539398193359375 -0.111244201660156
-0.138587951660156 0.0477447509765625 0.0558090209960938 -0.0637550354003906
-0.142120361328125 -0.0943450927734375 0.0694770812988281 0.00231933593749999
-0.095611572265625 -0.1688232421875 0.00194931030273437 0.00986480712890624
-0.00900268554687501 -0.203872680664063 0.00537872314453125 -0.0224857330322266
-0.0364990234375 -0.133232116699219 0.053924560546875 -0.257568359375
-0.0715789794921875 -0.0966339111328125 -0.0332489013671875 -0.15814208984375
-0.0898513793945312 -0.0421295166015625 -0.0190467834472656 -0.0428085327148438
-0.0877532958984375 0.0172576904296875 0.0256996154785156 -0.0533523559570313
-0.0566940307617188 0.0497283935546875 0.0116119384765625 -0.0941009521484375
-0.0158462524414063 0.085601806640625 -0.0369186401367188 -0.111175537109375
0.0108566284179687 0.0815200805664063 -0.08306884765625 -0.109100341796875
0.0102310180664062 0.0794219970703125 -0.09149169921875 -0.0965423583984375
0.0102310180664062 0.0943603515625 -0.0903854370117188 -0.110877990722656
-0.0201644897460938 0.0843963623046875 -0.0418701171875 -0.130889892578125
-0.0672416687011719 0.0584373474121094 0.00984954833984375 -0.124519348144531
-0.0819778442382813 0.01007080078125 0.0588493347167969 -0.069580078125
-0.0701980590820313 -0.0645599365234375 0.0546722412109375 -0.00360107421875
-0.0485153198242188 -0.0973968505859375 -0.0150012969970703 -0.0250740051269531
-0.00817108154296876 -0.12506103515625 0.01300048828125 -0.0890045166015625
-0.049560546875 -0.0325965881347656 0.0501708984375 -0.294464111328125
-0.0421638488769531 -0.01202392578125 -0.0406951904296875 -0.1826171875
-0.0203838348388672 0.0156917572021484 -0.0308265686035156 -0.0487861633300781
-0.00674057006835938 0.0106821060180664 0.0173377990722656 -0.0560226440429688
-0.00476837158203125 0.00108575820922851 0.0107040405273438 -0.0895919799804688
-0.0123519897460937 0.012446403503418 -0.0358200073242188 -0.119392395019531
-0.0159168243408203 0.0171108245849609 -0.088348388671875 -0.124183654785156
-0.0145816802978516 0.0207576751708984 -0.0986328125 -0.11175537109375
-0.0203514099121094 0.0281772613525391 -0.09014892578125 -0.129074096679688
-0.0289287567138672 0.0145111083984375 -0.038299560546875 -0.142913818359375
-0.0323982238769531 -0.00580596923828126 0.0199966430664062 -0.12109375
-0.0143527984619141 -0.0217533111572266 0.0617218017578125 -0.0640182495117187
0.00339317321777344 -0.0212078094482422 0.0436058044433594 -0.00299072265625
-0.00337314605712891 -0.0113430023193359 -0.0191459655761719 -0.0459327697753906
-0.0113525390625 -0.0278797149658203 0.0194244384765625 -0.127937316894531
0.0344924926757813 -0.0813522338867188 0.00495147705078125 0.139175415039062
-0.0367584228515625 -0.0753326416015625 0.0241355895996094 0.056915283203125
-0.0767059326171875 -0.027984619140625 -0.0297489166259766 -0.00885200500488282
-0.0577888488769531 0.0345306396484375 -0.0688018798828125 0.0475425720214844
-0.0189781188964844 0.0617561340332031 -0.0418930053710937 0.0985031127929688
0.0319442749023438 0.0572357177734375 0.0320510864257812 0.137588500976563
0.0555152893066406 0.042266845703125 0.0972213745117188 0.13128662109375
0.0443077087402344 0.0390777587890625 0.101570129394531 0.107376098632813
0.0483131408691406 0.0442886352539063 0.0838851928710938 0.115516662597656
0.0182075500488281 0.0630035400390625 0.0444869995117187 0.115982055664063
-0.0314826965332031 0.0577774047851563 0.0089569091796875 0.0783004760742188
-0.0657501220703125 0.0129165649414062 0.00563049316406249 0.0539131164550781
-0.04656982421875 -0.05615234375 0.04754638671875 0.0752334594726563
-0.00133514404296875 -0.0804519653320313 0.063629150390625 0.18695068359375
0.036712646484375 -0.0567550659179688 -0.057098388671875 0.320770263671875
0.033050537109375 -0.177169799804688 0.00492858886718751 0.109039306640625
-0.0651092529296875 -0.150390625 0.0151290893554687 0.046417236328125
-0.135704040527344 -0.0807723999023437 -0.0223865509033203 -0.0112094879150391
-0.128761291503906 0.0388412475585937 -0.0579490661621094 0.0321121215820313
-0.0672073364257813 0.103767395019531 -0.0458984375 0.0692787170410156
0.0265426635742187 0.1251220703125 0.0129776000976563 0.114891052246094
0.077117919921875 0.104095458984375 0.072052001953125 0.113502502441406
0.0642013549804688 0.0967330932617188 0.0787811279296875 0.087921142578125
0.0728530883789063 0.109634399414063 0.0623092651367188 0.0914764404296875
0.0211639404296875 0.127311706542969 0.0399093627929688 0.0851974487304688
-0.0662689208984375 0.114883422851563 0.0140876770019531 0.0461692810058594
-0.126510620117188 0.03948974609375 0.0245819091796875 0.0365409851074219
-0.115165710449219 -0.0961227416992188 0.0714645385742187 0.0691146850585938
-0.0520172119140625 -0.15948486328125 0.07470703125 0.177902221679688
0.0283203125 -0.156387329101563 -0.035308837890625 0.29779052734375
0.0272216796875 -0.248031616210938 0.0115242004394531 0.0489578247070312
-0.0867767333984375 -0.208358764648438 0.00403404235839843 0.0184535980224609
-0.181610107421875 -0.123291015625 -0.0180988311767578 -0.0134811401367188
-0.187057495117188 0.03790283203125 -0.0403861999511719 0.0163230895996094
-0.108726501464844 0.132293701171875 -0.0406112670898438 0.0325355529785156
0.0165252685546875 0.176528930664063 -0.00464630126953126 0.0753555297851563
0.0874481201171875 0.150405883789063 0.0367431640625 0.077178955078125
0.0754241943359375 0.139213562011719 0.0445022583007813 0.0557365417480469
0.0882415771484375 0.157669067382813 0.0291366577148438 0.0552635192871094
0.0257110595703125 0.173599243164062 0.0267105102539063 0.0409202575683594
-0.0880584716796875 0.161117553710938 0.0154256820678711 0.00405120849609376
-0.170318603515625 0.0699615478515625 0.0408096313476562 0.0106582641601563
-0.176284790039062 -0.115829467773438 0.0891189575195312 0.0541152954101562
-0.103988647460938 -0.213653564453125 0.0751190185546875 0.149917602539063
0.010498046875 -0.23138427734375 -0.0148773193359375 0.241806030273438
0.01385498046875 -0.2816162109375 0.0230655670166016 -0.0301856994628906
-0.103378295898438 -0.23638916015625 -0.00891113281250001 -0.0235748291015625
-0.208358764648438 -0.142990112304687 -0.0158929824829102 -0.0168819427490234
-0.219085693359375 0.0375213623046875 -0.0183181762695313 -0.00130462646484375
-0.132522583007813 0.144760131835938 -0.028045654296875 -0.00936508178710936
0.00526428222656248 0.202285766601563 -0.0196895599365234 0.0233078002929688
0.0845184326171875 0.17425537109375 -0.00186157226562499 0.0284976959228516
0.075286865234375 0.160476684570313 0.00224971771240235 0.0151176452636719
0.0911865234375 0.181747436523438 -0.0106201171875 0.0115766525268555
0.0260009765625 0.195281982421875 0.00505352020263672 -0.0105857849121094
-0.0977325439453125 0.18475341796875 0.0102157592773437 -0.0422401428222656
-0.189727783203125 0.0906219482421875 0.0510673522949219 -0.02020263671875
-0.211334228515625 -0.118072509765625 0.0942840576171875 0.0335769653320312
-0.139419555664062 -0.23394775390625 0.0582809448242188 0.106742858886719
-0.00756835937499999 -0.26934814453125 -0.00418090820312501 0.159332275390625
-0.0043792724609375 -0.273452758789062 0.0345382690429687 -0.118011474609375
-0.110260009765625 -0.225662231445313 -0.0220565795898437 -0.0731735229492188
-0.203598022460937 -0.133560180664063 -0.015676498413086 -0.0246505737304688
-0.213333129882813 0.0364532470703125 0.00349998474121092 -0.0223426818847656
-0.131553649902344 0.135116577148438 -0.0130500793457031 -0.0511932373046875
-0.00430297851562501 0.195343017578125 -0.0315589904785156 -0.0331764221191406
0.07000732421875 0.16961669921875 -0.0401840209960937 -0.0249214172363281
0.0632476806640625 0.157257080078125 -0.0394363403320312 -0.0277824401855469
0.078948974609375 0.179931640625 -0.0504570007324219 -0.0344886779785156
0.0180511474609375 0.186874389648437 -0.0201911926269531 -0.0610923767089844
-0.097198486328125 0.173858642578125 0.00232696533203124 -0.0847549438476562
-0.1796875 0.0864715576171875 0.0550117492675781 -0.048492431640625
-0.20416259765625 -0.108932495117188 0.0863876342773437 0.0131378173828125
-0.140380859375 -0.219406127929688 0.0297813415527344 0.0573959350585937
-0.017181396484375 -0.263412475585938 0.000259399414062497 0.064788818359375
-0.0240020751953125 -0.22369384765625 0.0425872802734375 -0.20208740234375
-0.101669311523438 -0.176956176757813 -0.0331573486328125 -0.122764587402344
-0.16339111328125 -0.0970916748046875 -0.0170040130615234 -0.0340175628662109
-0.167251586914063 0.0309906005859375 0.0192298889160156 -0.0427131652832031
-0.103775024414062 0.103248596191406 0.000144958496093737 -0.083404541015625
-0.00975036621093748 0.155685424804687 -0.0390777587890625 -0.08209228515625
0.0457916259765625 0.138412475585938 -0.0711822509765625 -0.0740127563476563
0.0424652099609375 0.130722045898438 -0.0751724243164062 -0.0675277709960938
0.0519866943359375 0.150894165039062 -0.0817184448242188 -0.0767135620117188
0.00224304199218748 0.148895263671875 -0.0399703979492188 -0.104240417480469
-0.0874404907226563 0.129776000976563 -0.000564575195312495 -0.115310668945312
-0.142623901367187 0.056793212890625 0.055755615234375 -0.06768798828125
-0.153717041015625 -0.0923309326171875 0.0718460083007812 -0.000808715820312506
-0.106887817382812 -0.173309326171875 0.000947952270507806 0.0106363296508789
-0.016021728515625 -0.21533203125 0.00308990478515625 -0.0249176025390625
-0.0405349731445313 -0.139595031738281 0.0451812744140625 -0.268753051757813
-0.0776824951171875 -0.0999908447265625 -0.0420684814453125 -0.162277221679688
-0.09625244140625 -0.043182373046875 -0.0224418640136719 -0.0430068969726563
-0.0916519165039063 0.02252197265625 0.02392578125 -0.0557937622070312
-0.0578346252441406 0.0554351806640625 0.00749206542968749 -0.0979461669921875
-0.01141357421875 0.09130859375 -0.042449951171875 -0.113685607910156
0.0158538818359375 0.085235595703125 -0.0910720825195313 -0.109611511230469
0.0151824951171875 0.083282470703125 -0.098602294921875 -0.0970840454101562
0.0171356201171875 0.0992813110351562 -0.0991439819335938 -0.110557556152344
-0.0162124633789063 0.0900650024414063 -0.0486679077148438 -0.133384704589844
-0.06732177734375 0.066558837890625 0.00379943847656251 -0.128913879394531
-0.0864181518554688 0.0152969360351563 0.0584640502929688 -0.0739822387695313
-0.0772781372070312 -0.0652847290039063 0.0566062927246094 -0.006195068359375
-0.0545883178710937 -0.101539611816406 -0.0177688598632813 -0.0264396667480469
-0.0120315551757813 -0.133331298828125 0.0078887939453125 -0.09539794921875
-0.0504379272460937 -0.0337295532226563 0.03924560546875 -0.308746337890625
-0.0437240600585938 -0.0126571655273437 -0.0515594482421875 -0.188568115234375
-0.0202426910400391 0.0148220062255859 -0.0350532531738281 -0.0486679077148438
-0.00792121887207031 0.011073112487793 0.0155105590820313 -0.0581016540527344
-0.00568342208862305 0.00203037261962891 0.00794219970703126 -0.0930557250976563
-0.0116500854492188 0.0146961212158203 -0.0420150756835938 -0.123039245605469
-0.0157184600830078 0.0193290710449219 -0.0974884033203125 -0.12603759765625
-0.0134506225585937 0.0231781005859375 -0.107002258300781 -0.112541198730469
-0.0184726715087891 0.0322685241699219 -0.0999069213867188 -0.129524230957031
-0.0288829803466797 0.0180549621582031 -0.046112060546875 -0.146255493164063
-0.03521728515625 -0.00296783447265625 0.0155029296875 -0.126060485839844
-0.0171298980712891 -0.0204658508300781 0.0610771179199219 -0.0685768127441406
0.00170135498046875 -0.0229530334472656 0.0450363159179688 -0.00539398193359375
-0.00384330749511719 -0.0136470794677734 -0.023956298828125 -0.0480842590332031
-0.011688232421875 -0.0318012237548828 0.0134429931640625 -0.13641357421875
0.0308074951171875 -0.0836639404296875 0.0129241943359375 0.14544677734375
-0.0401840209960937 -0.0716781616210938 0.0291709899902344 0.0593032836914062
-0.0778656005859375 -0.024139404296875 -0.030303955078125 -0.00809478759765625
-0.0560493469238281 0.0372085571289062 -0.0675468444824219 0.0521202087402344
-0.015533447265625 0.0629959106445313 -0.0384979248046875 0.10247802734375
0.0360298156738281 0.0551528930664063 0.0395584106445313 0.138999938964844
0.0592613220214844 0.039031982421875 0.105926513671875 0.129241943359375
0.0469245910644531 0.0361557006835938 0.108596801757813 0.104164123535156
0.0512237548828125 0.040985107421875 0.0923690795898437 0.113922119140625
0.0223197937011719 0.0616188049316406 0.0513076782226563 0.115890502929688
-0.0274925231933594 0.0603294372558594 0.0121002197265625 0.0799713134765625
-0.0648765563964844 0.0166435241699219 0.00844955444335937 0.0546531677246094
-0.0508537292480469 -0.05401611328125 0.0518951416015625 0.0744781494140625
-0.006927490234375 -0.0801773071289063 0.0749969482421875 0.188385009765625
0.0337104797363281 -0.0584030151367188 -0.04248046875 0.32965087890625
0.025421142578125 -0.181671142578125 0.0106430053710938 0.115234375
-0.0723876953125 -0.1470947265625 0.0191497802734375 0.0500564575195312
-0.141754150390625 -0.0753631591796875 -0.0230045318603516 -0.0103435516357422
-0.127891540527344 0.0452499389648437 -0.0574569702148438 0.0357933044433594
-0.0626678466796875 0.10797119140625 -0.0439453125 0.07318115234375
0.034027099609375 0.124771118164063 0.0196914672851563 0.117500305175781
0.0848922729492188 0.100875854492187 0.0794525146484375 0.112518310546875
0.0706329345703125 0.0941009521484375 0.0849380493164063 0.0858230590820313
0.0806732177734375 0.1065673828125 0.0691375732421875 0.0910263061523438
0.0290908813476563 0.126792907714844 0.0445785522460938 0.0843048095703125
-0.0597991943359375 0.120384216308594 0.0160484313964844 0.0468215942382813
-0.126106262207031 0.0472488403320313 0.0269851684570312 0.0363693237304688
-0.123245239257813 -0.0921173095703125 0.07501220703125 0.0666580200195313
-0.062286376953125 -0.159225463867188 0.0846099853515625 0.1783447265625
0.0207672119140625 -0.160614013671875 -0.021759033203125 0.304779052734375
0.0167999267578125 -0.253936767578125 0.0148696899414063 0.0544853210449219
-0.0972442626953125 -0.205581665039062 0.00607109069824218 0.0223007202148437
-0.191452026367188 -0.116943359375 -0.0184478759765625 -0.0121669769287109
-0.18780517578125 0.0473785400390625 -0.0402450561523438 0.0191993713378906
-0.103797912597656 0.140304565429687 -0.0407638549804688 0.0356025695800781
0.02728271484375 0.177230834960938 -0.000122070312499995 0.077850341796875
0.0982208251953125 0.147903442382813 0.0428466796875 0.0778579711914063
0.084014892578125 0.137092590332031 0.0484848022460938 0.0542755126953125
0.0997314453125 0.154647827148437 0.0336761474609375 0.0563735961914063
0.036590576171875 0.174835205078125 0.0283546447753906 0.0401115417480469
-0.08013916015625 0.169219970703125 0.014683723449707 0.00444412231445314
-0.169967651367188 0.080230712890625 0.0423126220703125 0.00925064086914063
-0.186630249023438 -0.109542846679687 0.0922470092773437 0.0508880615234375
-0.118118286132813 -0.212020874023437 0.0826568603515625 0.1500244140625
-0.000747680664062501 -0.237869262695313 -0.00509643554687499 0.246475219726562
0.0023193359375 -0.28900146484375 0.02227783203125 -0.027029037475586
-0.114883422851562 -0.2344970703125 -0.00918769836425782 -0.0197181701660156
-0.21942138671875 -0.136642456054688 -0.0170001983642578 -0.0161647796630859
-0.2205810546875 0.0492401123046875 -0.0189971923828125 0.000106811523437501
-0.127731323242187 0.154144287109375 -0.0302276611328125 -0.00730323791503906
0.017425537109375 0.204513549804688 -0.0179157257080078 0.0263614654541016
0.0969085693359375 0.172317504882813 0.000692367553710947 0.0300693511962891
0.0854034423828125 0.1591796875 0.00424480438232422 0.0143013000488281
0.105300903320312 0.180160522460938 -0.00878715515136718 0.0138568878173828
0.038421630859375 0.197006225585938 0.00411224365234375 -0.0107059478759766
-0.088043212890625 0.194015502929688 0.00740814208984375 -0.0422821044921875
-0.188690185546875 0.102127075195313 0.0515899658203125 -0.0226669311523437
-0.223358154296875 -0.110382080078125 0.096832275390625 0.0294418334960937
-0.15472412109375 -0.231582641601562 0.0632171630859375 0.107376098632812
-0.019683837890625 -0.276397705078125 0.00225830078124999 0.161880493164062
-0.0151824951171875 -0.280258178710938 0.0291366577148437 -0.118705749511719
-0.12158203125 -0.225311279296875 -0.0257110595703125 -0.0709686279296875
-0.215606689453125 -0.128372192382812 -0.0173015594482422 -0.0234260559082031
-0.215057373046875 0.048126220703125 0.00234603881835936 -0.0218677520751953
-0.127166748046875 0.14483642578125 -0.0164146423339844 -0.0507469177246094
0.00714111328125 0.198699951171875 -0.0326671600341797 -0.030609130859375
0.081390380859375 0.16876220703125 -0.0410537719726562 -0.0226020812988281
0.073333740234375 0.157333374023438 -0.0406684875488281 -0.0273818969726562
0.092193603515625 0.17889404296875 -0.0519866943359375 -0.0311088562011719
0.0294189453125 0.188995361328125 -0.0235710144042969 -0.0613365173339844
-0.087890625 0.183990478515625 -0.00244903564453126 -0.0850906372070312
-0.178604125976563 0.0976715087890625 0.0533981323242187 -0.0517807006835937
-0.215118408203125 -0.102127075195313 0.08770751953125 0.00936889648437499
-0.154388427734375 -0.217300415039062 0.0316047668457031 0.0579795837402344
-0.0285186767578125 -0.270401000976563 0.00228500366210937 0.0656013488769531
-0.03265380859375 -0.229385375976563 0.03369140625 -0.205596923828125
-0.110931396484375 -0.1766357421875 -0.04022216796875 -0.121437072753906
-0.172698974609375 -0.09368896484375 -0.0198841094970703 -0.0327892303466797
-0.168899536132813 0.0408935546875 0.0172309875488281 -0.0431747436523438
-0.101211547851562 0.111259460449219 -0.00507354736328125 -0.0841445922851563
-0.000411987304687495 0.159378051757812 -0.0431442260742188 -0.080718994140625
0.0550537109375 0.139053344726563 -0.0758132934570313 -0.0713043212890625
0.0503997802734375 0.131149291992188 -0.0788192749023438 -0.065673828125
0.0636444091796875 0.1513671875 -0.08642578125 -0.072540283203125
0.011260986328125 0.152252197265625 -0.0460662841796875 -0.103927612304687
-0.081878662109375 0.13916015625 -0.00746917724609376 -0.115615844726562
-0.143508911132813 0.065704345703125 0.0533599853515625 -0.0716171264648438
-0.162368774414062 -0.087890625 0.0723876953125 -0.00421905517578126
-0.11798095703125 -0.172012329101563 -0.000262260437011725 0.0112800598144531
-0.0248260498046875 -0.222000122070312 0.000425338745117185 -0.0262107849121094
-0.0456390380859375 -0.142333984375 0.03277587890625 -0.274993896484375
-0.0840377807617187 -0.100868225097656 -0.0516204833984375 -0.16326904296875
-0.101554870605469 -0.0416336059570312 -0.0259819030761719 -0.0417900085449219
-0.093231201171875 0.027740478515625 0.0212745666503906 -0.0568084716796875
-0.0568275451660156 0.0599212646484375 0.00278472900390624 -0.0994033813476563
-0.00615692138671875 0.0942840576171875 -0.0482711791992188 -0.113555908203125
0.0211029052734375 0.0869216918945313 -0.0985641479492188 -0.107147216796875
0.0206069946289063 0.0850143432617188 -0.104629516601562 -0.0944747924804688
0.0253524780273437 0.101242065429688 -0.105964660644531 -0.106895446777344
-0.0104751586914062 0.0934066772460938 -0.0562667846679687 -0.133255004882813
-0.0650253295898438 0.07257080078125 -0.00283813476562499 -0.130531311035156
-0.0879669189453125 0.0205535888671875 0.0558242797851563 -0.0781326293945313
-0.08319091796875 -0.0638504028320313 0.0571327209472656 -0.00952529907226563
-0.0612564086914062 -0.101669311523438 -0.0214786529541016 -0.0257606506347656
-0.0173110961914063 -0.138908386230469 0.00209808349609375 -0.0988540649414063
-0.0511283874511719 -0.0334701538085938 0.024658203125 -0.31658935546875
-0.0449638366699219 -0.0136947631835938 -0.0629425048828125 -0.1905517578125
-0.0204887390136719 0.0137596130371094 -0.0387153625488281 -0.0471687316894531
-0.00821399688720703 0.0119848251342773 0.012359619140625 -0.0594215393066406
-0.00617790222167969 0.00265359878540039 0.00359344482421876 -0.0951080322265625
-0.0112361907958984 0.0166177749633789 -0.048614501953125 -0.123588562011719
-0.0147838592529297 0.0218906402587891 -0.106086730957031 -0.124046325683594
-0.01220703125 0.0254325866699219 -0.114662170410156 -0.109512329101562
-0.0155525207519531 0.0352020263671875 -0.108909606933594 -0.12664794921875
-0.0276470184326172 0.0213298797607422 -0.05438232421875 -0.146316528320313
-0.0364265441894531 0.000637054443359374 0.00868988037109374 -0.12835693359375
-0.0198497772216797 -0.0190906524658203 0.0588226318359375 -0.0728607177734375
-0.000305175781250002 -0.0243511199951172 0.0450477600097656 -0.0081329345703125
-0.00492763519287109 -0.0157642364501953 -0.0286445617675781 -0.0486793518066406
-0.0123291015625 -0.0352096557617188 0.00546264648437501 -0.141571044921875
0.0282135009765625 -0.0840072631835938 0.019287109375 0.148651123046875
-0.0410194396972656 -0.0681419372558594 0.0335922241210938 0.0615425109863281
-0.0780715942382813 -0.020660400390625 -0.0301361083984375 -0.00736236572265625
-0.0544776916503906 0.0386009216308594 -0.0660896301269531 0.0545654296875
-0.0136337280273438 0.062774658203125 -0.0352325439453125 0.103874206542969
0.0378761291503906 0.0524978637695313 0.04437255859375 0.137931823730469
0.0609245300292969 0.0350074768066406 0.111679077148438 0.126251220703125
0.0472450256347656 0.0332984924316406 0.112373352050781 0.100944519042969
0.0526885986328125 0.0373954772949219 0.0964431762695313 0.111701965332031
0.0254249572753906 0.0594940185546875 0.0547103881835938 0.114425659179688
-0.0243797302246094 0.0608901977539062 0.0149612426757812 0.0795669555664063
-0.0637550354003906 0.0194854736328125 0.0105972290039062 0.0543708801269531
-0.0531692504882813 -0.05169677734375 0.0541458129882813 0.0731582641601563
-0.0112762451171875 -0.0787811279296875 0.082275390625 0.18695068359375
0.0309333801269531 -0.0589561462402344 -0.031646728515625 0.33160400390625
0.0200958251953125 -0.182846069335938 0.0164260864257813 0.119071960449219
-0.075469970703125 -0.142425537109375 0.0229949951171875 0.0527572631835938
-0.143630981445313 -0.070220947265625 -0.022918701171875 -0.00989151000976563
-0.126083374023438 0.0486907958984375 -0.0560646057128906 0.0383529663085937
-0.0589599609375 0.109542846679688 -0.041839599609375 0.0756683349609375
0.0400009155273438 0.122230529785156 0.0246658325195312 0.117912292480469
0.0895233154296875 0.0962677001953125 0.0851516723632813 0.110748291015625
0.0736312866210938 0.0909500122070313 0.088104248046875 0.0831375122070313
0.08526611328125 0.102470397949219 0.0731353759765625 0.0898513793945313
0.034423828125 0.124931335449219 0.0469741821289063 0.0834884643554688
-0.053466796875 0.123023986816406 0.0172691345214844 0.0470542907714844
-0.125076293945313 0.0520553588867187 0.0277976989746094 0.035736083984375
-0.128211975097656 -0.0878524780273438 0.0767059326171875 0.064910888671875
-0.069610595703125 -0.156448364257813 0.090728759765625 0.177642822265625
0.014984130859375 -0.161849975585938 -0.012115478515625 0.306182861328125
0.0096893310546875 -0.255783081054688 0.0177688598632812 0.0585136413574219
-0.102310180664062 -0.2010498046875 0.00872611999511718 0.0259323120117187
-0.195892333984375 -0.111953735351562 -0.0191173553466797 -0.01123046875
-0.185317993164063 0.053558349609375 -0.0393333435058594 0.0215721130371094
-0.0989227294921875 0.143569946289063 -0.0402984619140625 0.0380744934082031
0.0343017578125 0.175308227539063 0.00354766845703125 0.079498291015625
0.104476928710937 0.143325805664063 0.0471267700195312 0.0768356323242188
0.0894775390625 0.133995056152344 0.0507850646972656 0.0522804260253906
0.107223510742188 0.15045166015625 0.0371589660644531 0.0563507080078125
0.043914794921875 0.172775268554688 0.0300216674804688 0.0397834777832031
-0.072113037109375 0.172637939453125 0.0146360397338867 0.00481414794921876
-0.167404174804688 0.08624267578125 0.0431137084960938 0.00799179077148438
-0.193191528320313 -0.103973388671875 0.092926025390625 0.0482330322265625
-0.126739501953125 -0.207534790039062 0.08734130859375 0.149063110351563
-0.0082244873046875 -0.239395141601563 0.00242614746093751 0.247100830078125
-0.00534057617187502 -0.291168212890625 0.0220165252685547 -0.0236606597900391
-0.121963500976563 -0.23065185546875 -0.00897693634033204 -0.0166654586791992
-0.226150512695312 -0.130889892578125 -0.0174837112426758 -0.0150432586669922
-0.219512939453125 0.056610107421875 -0.0188083648681641 0.00205993652343751
-0.122512817382813 0.158523559570313 -0.0314140319824219 -0.00531768798828123
0.02581787109375 0.20343017578125 -0.0159854888916016 0.0285148620605469
0.104400634765625 0.168411254882813 0.00320816040039063 0.0307750701904297
0.09161376953125 0.156387329101562 0.00536441802978516 0.0141925811767578
0.114059448242188 0.175323486328125 -0.00704574584960937 0.0156440734863281
0.0465850830078125 0.195343017578125 0.00355243682861328 -0.0104970932006836
-0.079833984375 0.198501586914063 0.00554656982421874 -0.0409889221191406
-0.185791015625 0.108932495117188 0.0504112243652344 -0.0243644714355469
-0.229217529296875 -0.104568481445312 0.0964736938476562 0.0265350341796875
-0.163726806640625 -0.227081298828125 0.0662078857421875 0.106735229492187
-0.0279541015625 -0.278671264648438 0.00697326660156251 0.161697387695312
-0.022125244140625 -0.282379150390625 0.02593994140625 -0.116073608398438
-0.128494262695312 -0.222274780273438 -0.0275115966796875 -0.06744384765625
-0.221847534179687 -0.123184204101563 -0.0184497833251953 -0.0217647552490234
-0.214309692382813 0.0552520751953125 0.00135421752929686 -0.0209827423095703
-0.122848510742188 0.149810791015625 -0.0193557739257813 -0.0492630004882812
0.015533447265625 0.198440551757812 -0.0327873229980469 -0.0281448364257812
0.0893707275390625 0.166534423828125 -0.0406494140625 -0.0208854675292969
0.0794677734375 0.155471801757813 -0.0412940979003906 -0.0265426635742187
0.101486206054688 0.17529296875 -0.0516510009765625 -0.0277595520019531
0.037994384765625 0.188796997070313 -0.0264091491699219 -0.0595893859863281
-0.0806732177734375 0.1884765625 -0.00589752197265626 -0.0836334228515625
-0.176742553710938 0.104110717773438 0.052001953125 -0.0539016723632813
-0.220291137695313 -0.0963287353515625 0.0870513916015625 0.00690460205078124
-0.162628173828125 -0.212890625 0.0325851440429687 0.0580062866210937
-0.0365447998046875 -0.273468017578125 0.00309371948242188 0.0646400451660156
-0.037628173828125 -0.23089599609375 0.0264739990234375 -0.2047119140625
-0.116622924804688 -0.175094604492188 -0.0448760986328125 -0.118782043457031
-0.17864990234375 -0.0904541015625 -0.0212726593017578 -0.0312614440917969
-0.168716430664063 0.0466766357421875 0.0157470703125 -0.0424003601074219
-0.0983047485351562 0.115394592285156 -0.00827026367187501 -0.0833892822265625
0.0064849853515625 0.159805297851562 -0.0452728271484375 -0.0782852172851562
0.0613861083984375 0.137977600097656 -0.077880859375 -0.0685653686523438
0.0561752319335937 0.130325317382813 -0.0806732177734375 -0.0640182495117187
0.071685791015625 0.149246215820313 -0.0878143310546875 -0.0692138671875
0.018218994140625 0.1529541015625 -0.0498046875 -0.101722717285156
-0.076019287109375 0.143875122070313 -0.0118179321289063 -0.114120483398437
-0.142120361328125 0.071441650390625 0.0512542724609375 -0.0734176635742188
-0.166976928710938 -0.0838470458984375 0.0712356567382813 -0.00649261474609376
-0.124374389648437 -0.169662475585938 -0.00110626220703126 0.0117340087890625
-0.0313568115234375 -0.22564697265625 -0.00164985656738281 -0.0273418426513672
-0.048614501953125 -0.1434326171875 0.0233001708984375 -0.275253295898438
-0.087127685546875 -0.100418090820312 -0.0584716796875 -0.161407470703125
-0.105072021484375 -0.0412673950195313 -0.0275993347167969 -0.0404548645019531
-0.0938262939453125 0.0309829711914062 0.0192146301269531 -0.0569992065429688
-0.0560035705566406 0.0628433227539062 -0.000610351562500005 -0.0992202758789062
-0.002227783203125 0.0953598022460937 -0.0524215698242188 -0.111579895019531
0.0254974365234375 0.08721923828125 -0.102706909179688 -0.103858947753906
0.0243148803710938 0.0853500366210938 -0.108016967773438 -0.0919342041015625
0.03131103515625 0.100753784179688 -0.109542846679688 -0.102203369140625
-0.00573730468749999 0.0948028564453125 -0.0612869262695312 -0.130683898925781
-0.0621795654296875 0.0767669677734375 -0.00772857666015626 -0.129562377929688
-0.0882110595703125 0.0246200561523438 0.0532302856445312 -0.0799484252929688
-0.0869140625 -0.0622100830078125 0.0560989379882813 -0.0113143920898438
-0.0647506713867188 -0.101112365722656 -0.0239200592041016 -0.0255680084228516
-0.0211181640625 -0.141693115234375 -0.0026092529296875 -0.100593566894531
-0.05010986328125 -0.0341224670410156 0.01422119140625 -0.31866455078125
-0.0449638366699219 -0.0141448974609375 -0.0709381103515625 -0.189132690429688
-0.0205135345458984 0.0115547180175781 -0.0405158996582031 -0.0456924438476562
-0.00878524780273438 0.0118083953857422 0.0106239318847656 -0.0591468811035156
-0.00703668594360352 0.00379657745361328 0.00098419189453125 -0.0955123901367188
-0.010040283203125 0.0179214477539063 -0.0531768798828125 -0.122634887695312
-0.0140380859375 0.0235404968261719 -0.111587524414062 -0.120620727539063
-0.0102653503417969 0.0270156860351563 -0.1181640625 -0.106529235839844
-0.0131034851074219 0.0365638732910156 -0.113616943359375 -0.122627258300781
-0.0263271331787109 0.0239524841308594 -0.0594635009765625 -0.143783569335938
-0.0366172790527344 0.00323486328125 0.00337982177734374 -0.127876281738281
-0.0216903686523438 -0.0175800323486328 0.0560150146484375 -0.0743484497070313
-0.00207138061523437 -0.0255355834960938 0.0445671081542969 -0.0102195739746094
-0.00510597229003906 -0.0171489715576172 -0.0317153930664062 -0.0485076904296875
-0.0131111145019531 -0.0371894836425781 -0.000732421875000009 -0.143600463867188
0.0268325805664063 -0.084014892578125 0.022216796875 0.152374267578125
-0.0399703979492188 -0.0655746459960938 0.0373573303222656 0.0638999938964844
-0.0768280029296875 -0.0196456909179687 -0.0299930572509766 -0.0069580078125
-0.0531005859375 0.0385284423828125 -0.0656051635742188 0.0554618835449219
-0.0122871398925781 0.0628128051757813 -0.033966064453125 0.105583190917969
0.0392684936523438 0.0511322021484375 0.0472030639648438 0.1380615234375
0.0618438720703125 0.0327720642089844 0.114791870117188 0.125534057617188
0.0477981567382813 0.0318489074707031 0.113922119140625 0.10076904296875
0.0531425476074219 0.0351638793945313 0.098876953125 0.111000061035156
0.0266304016113281 0.0571517944335938 0.0562744140625 0.113784790039063
-0.0218276977539062 0.0613822937011719 0.015716552734375 0.0798110961914063
-0.0638236999511719 0.0207176208496094 0.011810302734375 0.0547065734863281
-0.0545196533203125 -0.0510520935058594 0.055084228515625 0.073089599609375
-0.0131683349609375 -0.0772857666015625 0.085418701171875 0.188186645507813
0.030181884765625 -0.0584030151367188 -0.0281982421875 0.333831787109375
0.01788330078125 -0.183700561523437 0.0190582275390625 0.1239013671875
-0.0751113891601563 -0.140449523925781 0.0262985229492188 0.0559234619140625
-0.144454956054688 -0.0687255859375 -0.0231990814208984 -0.00941276550292969
-0.125022888183594 0.0500564575195312 -0.0557403564453125 0.0397300720214844
-0.0578994750976562 0.110305786132813 -0.0419769287109375 0.0769500732421875
0.04229736328125 0.120742797851563 0.0272750854492187 0.118431091308594
0.0922775268554688 0.0938034057617188 0.0884857177734375 0.110000610351563
0.0753555297851563 0.0893173217773438 0.0895843505859375 0.0823974609375
0.088043212890625 0.100296020507813 0.0754547119140625 0.090606689453125
0.03753662109375 0.123687744140625 0.0478439331054687 0.0829849243164063
-0.0508651733398438 0.124137878417969 0.017608642578125 0.0476646423339844
-0.124458312988281 0.0544281005859375 0.0286750793457031 0.03546142578125
-0.131385803222656 -0.0867538452148438 0.0776138305664062 0.0646820068359375
-0.073150634765625 -0.155120849609375 0.093994140625 0.178466796875
0.0131683349609375 -0.163238525390625 -0.00912475585937501 0.3074951171875
0.00810241699218748 -0.258132934570313 0.019195556640625 0.0628089904785156
-0.102386474609375 -0.199813842773438 0.0108222961425781 0.0288944244384765
-0.19879150390625 -0.110275268554688 -0.0183563232421875 -0.0109195709228516
-0.1849365234375 0.055572509765625 -0.0388259887695313 0.0229530334472656
-0.097747802734375 0.144821166992188 -0.0406036376953125 0.0394210815429688
0.0384979248046875 0.174392700195313 0.00563049316406251 0.0811920166015625
0.108718872070313 0.141189575195313 0.0495147705078125 0.0768508911132813
0.0914993286132813 0.133636474609375 0.051513671875 0.052001953125
0.111679077148438 0.148468017578125 0.0392074584960938 0.0570144653320313
0.0477294921875 0.172210693359375 0.0303611755371094 0.0397224426269531
-0.0679779052734375 0.174896240234375 0.0144224166870117 0.00577354431152345
-0.167572021484375 0.08990478515625 0.0426826477050781 0.00725555419921876
-0.19781494140625 -0.1029052734375 0.0930557250976562 0.0478591918945312
-0.13140869140625 -0.207168579101563 0.08905029296875 0.150070190429687
-0.010223388671875 -0.242279052734375 0.00381469726562502 0.24786376953125
-0.00680541992187499 -0.294342041015625 0.0225143432617188 -0.0199432373046875
-0.12274169921875 -0.230194091796875 -0.00760555267333985 -0.0132246017456055
-0.22979736328125 -0.1304931640625 -0.017669677734375 -0.0144500732421875
-0.219009399414063 0.059906005859375 -0.0185680389404297 0.00309562683105469
-0.121505737304688 0.161285400390625 -0.03253173828125 -0.00400352478027343
0.0298919677734375 0.203338623046875 -0.0141429901123047 0.030303955078125
0.109024047851562 0.16705322265625 0.00494766235351563 0.0318145751953125
0.094818115234375 0.15631103515625 0.00560092926025391 0.0138959884643555
0.118789672851562 0.173660278320312 -0.00521373748779296 0.0168132781982422
0.0507049560546875 0.1951904296875 0.00292587280273438 -0.0102558135986328
-0.0752410888671875 0.20111083984375 0.00428771972656249 -0.0402908325195312
-0.186050415039063 0.112152099609375 0.0497856140136719 -0.0247459411621094
-0.234375 -0.103225708007812 0.0964202880859375 0.0260772705078125
-0.168365478515625 -0.22607421875 0.0673370361328125 0.107521057128906
-0.0299072265625 -0.28271484375 0.00712585449218749 0.161376953125
-0.02301025390625 -0.286346435546875 0.0253829956054688 -0.113395690917969
-0.130050659179688 -0.222946166992188 -0.0276947021484375 -0.0650863647460938
-0.22723388671875 -0.123458862304687 -0.0184726715087891 -0.0210742950439453
-0.215133666992188 0.0583343505859375 0.00177383422851561 -0.0200366973876953
-0.122528076171875 0.152572631835938 -0.0208168029785156 -0.0477218627929688
0.02008056640625 0.19830322265625 -0.0321369171142578 -0.0265769958496094
0.0935211181640625 0.166152954101563 -0.04010009765625 -0.0194473266601562
0.082733154296875 0.156097412109375 -0.0413780212402344 -0.0264091491699219
0.106674194335938 0.173812866210938 -0.0506973266601562 -0.0261039733886719
0.0417633056640625 0.188674926757812 -0.0272102355957031 -0.0591392517089844
-0.0767974853515625 0.19140625 -0.00695037841796876 -0.082366943359375
-0.177276611328125 0.107162475585937 0.0508346557617187 -0.0548057556152344
-0.22515869140625 -0.09490966796875 0.086883544921875 0.00600433349609374
-0.16680908203125 -0.212326049804687 0.0323944091796875 0.0586662292480469
-0.0382232666015625 -0.2777099609375 0.00242996215820313 0.0646629333496094
-0.038360595703125 -0.234756469726563 0.025604248046875 -0.203216552734375
-0.118133544921875 -0.176544189453125 -0.04681396484375 -0.1173095703125
-0.183425903320313 -0.0918731689453125 -0.0213298797607422 -0.0305747985839844
-0.170516967773438 0.0497283935546875 0.015045166015625 -0.0424041748046875
-0.0981903076171875 0.118087768554688 -0.00971984863281251 -0.0827178955078125
0.00981140136718748 0.160430908203125 -0.0455856323242188 -0.0770950317382812
0.0655975341796875 0.138481140136719 -0.0784683227539063 -0.0673828125
0.0587081909179688 0.131515502929688 -0.0821914672851562 -0.0637435913085937
0.0762481689453125 0.148757934570313 -0.0879135131835937 -0.0670928955078125
0.021759033203125 0.153488159179688 -0.0511016845703125 -0.100875854492188
-0.072998046875 0.1468505859375 -0.0133056640625 -0.113349914550781
-0.1427001953125 0.073944091796875 0.0500869750976562 -0.0742416381835938
-0.170791625976563 -0.08367919921875 0.0707626342773437 -0.007171630859375
-0.127273559570313 -0.169723510742188 -0.00264835357666017 0.0122909545898437
-0.0331573486328125 -0.229415893554688 -0.00289154052734375 -0.0286045074462891
-0.048004150390625 -0.1463623046875 0.0207061767578125 -0.275604248046875
-0.0881881713867188 -0.102439880371094 -0.0616455078125 -0.160598754882813
-0.108482360839844 -0.0428085327148438 -0.0284843444824219 -0.039764404296875
-0.0952072143554688 0.0323333740234375 0.01849365234375 -0.0569915771484375
-0.0563697814941406 0.0645866394042969 -0.00302886962890624 -0.0992050170898437
-0.000198364257812493 0.09649658203125 -0.0533370971679688 -0.110908508300781
0.0278472900390625 0.0885543823242188 -0.104507446289062 -0.102806091308594
0.0263442993164062 0.0870590209960938 -0.109619140625 -0.0919189453125
0.0337905883789063 0.101470947265625 -0.111099243164063 -0.100639343261719
-0.00339508056640625 0.0961990356445313 -0.0631790161132813 -0.129745483398438
-0.0607376098632813 0.0792388916015625 -0.0100250244140625 -0.128669738769531
-0.0894393920898438 0.0261383056640625 0.0522079467773437 -0.080718994140625
-0.0893325805664063 -0.062591552734375 0.0559310913085937 -0.0122528076171875
-0.0668716430664062 -0.1026611328125 -0.0263862609863281 -0.025177001953125
-0.0220947265625 -0.145706176757813 -0.00493621826171876 -0.102439880371094
-0.0485877990722656 -0.0354690551757813 0.0103759765625 -0.31915283203125
-0.0458030700683594 -0.0158958435058594 -0.0746612548828125 -0.190048217773438
-0.0223941802978516 0.00982666015625 -0.0414505004882813 -0.0449905395507813
-0.00993156433105469 0.0116510391235352 0.00967788696289062 -0.0598831176757813
-0.00811004638671875 0.00419712066650391 -0.00025177001953125 -0.095611572265625
-0.0103569030761719 0.0190372467041016 -0.054718017578125 -0.122360229492188
-0.0132007598876953 0.0253047943115234 -0.114418029785156 -0.119674682617187
-0.00970649719238281 0.0286235809326172 -0.120697021484375 -0.106216430664063
-0.0113296508789063 0.0375480651855469 -0.115821838378906 -0.12139892578125
-0.0254325866699219 0.0255813598632812 -0.0618438720703125 -0.143096923828125
-0.0367813110351562 0.00512313842773438 0.00152587890625001 -0.127510070800781
-0.0230388641357422 -0.017120361328125 0.0551605224609375 -0.0753631591796875
-0.00293350219726563 -0.0262718200683594 0.0440673828125 -0.0108642578125
-0.00576210021972656 -0.0187969207763672 -0.0343399047851563 -0.0491867065429687
-0.0131797790527344 -0.0404319763183594 -0.00370788574218749 -0.145965576171875
0.0270233154296875 -0.0856857299804688 0.0245361328125 0.159072875976563
-0.0391616821289063 -0.0654563903808594 0.0411224365234375 0.0672149658203125
-0.0773391723632813 -0.0194091796875 -0.030426025390625 -0.00698471069335938
-0.0539207458496094 0.0388450622558594 -0.0668258666992188 0.0576705932617188
-0.0124473571777344 0.0643196105957031 -0.0348434448242188 0.1082763671875
0.0409011840820313 0.0507164001464844 0.048583984375 0.141799926757813
0.0634574890136719 0.0310859680175781 0.118743896484375 0.128143310546875
0.0482978820800781 0.0314903259277344 0.117088317871094 0.104080200195312
0.0543403625488281 0.0354576110839844 0.10162353515625 0.114601135253906
0.0276603698730469 0.057647705078125 0.0573577880859375 0.117103576660156
-0.0208816528320313 0.0619964599609375 0.0160369873046875 0.0816650390625
-0.06463623046875 0.0217132568359375 0.0120162963867188 0.0566024780273438
-0.0563430786132812 -0.0511970520019531 0.0571136474609375 0.0758438110351562
-0.0149688720703125 -0.0780258178710938 0.0886383056640625 0.194244384765625
0.0299758911132812 -0.0593376159667969 -0.0291748046875 0.342376708984375
0.018951416015625 -0.188888549804688 0.0205917358398438 0.130378723144531
-0.0745391845703125 -0.142181396484375 0.0298728942871094 0.0600738525390625
-0.147705078125 -0.0710906982421875 -0.0232620239257813 -0.00883102416992188
-0.127708435058594 0.0504684448242188 -0.05670166015625 0.0416603088378906
-0.059356689453125 0.113533020019531 -0.0431594848632812 0.0798568725585938
0.0443954467773438 0.122421264648437 0.0284805297851563 0.121994018554688
0.0954971313476562 0.0948257446289063 0.0918197631835938 0.113059997558594
0.0776290893554688 0.091339111328125 0.0920791625976563 0.0854568481445313
0.0908432006835938 0.101173400878906 0.0783309936523438 0.0935516357421875
0.0392837524414063 0.125404357910156 0.0486679077148438 0.0858612060546875
-0.0504074096679688 0.127288818359375 0.0179367065429688 0.0492591857910156
-0.127891540527344 0.0561447143554687 0.0290946960449219 0.0367240905761719
-0.136863708496094 -0.088958740234375 0.078857421875 0.0671234130859375
-0.0768585205078125 -0.158416748046875 0.09661865234375 0.184295654296875
0.013824462890625 -0.16802978515625 -0.01123046875 0.31597900390625
0.00938415527343748 -0.2672119140625 0.0212936401367188 0.0688362121582031
-0.102432250976563 -0.204055786132813 0.0135402679443359 0.0328617095947265
-0.2037353515625 -0.113327026367188 -0.0189437866210938 -0.0108261108398438
-0.188812255859375 0.056488037109375 -0.0396957397460938 0.0241241455078125
-0.101242065429688 0.148773193359375 -0.0425567626953125 0.0417900085449219
0.0409698486328125 0.177963256835938 0.00694274902343749 0.0841751098632813
0.112930297851563 0.143417358398438 0.0523910522460938 0.0789642333984375
0.094757080078125 0.137001037597656 0.0531120300292969 0.0535926818847656
0.115890502929688 0.15045166015625 0.0411262512207031 0.0595474243164062
0.0499267578125 0.175308227539063 0.0302162170410156 0.0413856506347656
-0.067840576171875 0.179794311523438 0.0145397186279297 0.00669097900390626
-0.172027587890625 0.0920867919921875 0.0436019897460937 0.00751495361328126
-0.2047119140625 -0.106201171875 0.0948715209960937 0.0499496459960937
-0.136001586914063 -0.211654663085938 0.0913238525390625 0.155349731445313
-0.00953674316406248 -0.250579833984375 0.00279235839843752 0.254196166992188
-0.00418090820312498 -0.304473876953125 0.0245761871337891 -0.0165767669677735
-0.122909545898438 -0.236709594726562 -0.0061178207397461 -0.0104131698608399
-0.237396240234375 -0.134902954101562 -0.0179119110107422 -0.0140895843505859
-0.224594116210937 0.0608062744140625 -0.0188865661621094 0.00390052795410156
-0.125289916992188 0.165420532226563 -0.0343551635742188 -0.00276565551757811
0.03204345703125 0.207717895507812 -0.0131168365478516 0.0324649810791016
0.113754272460938 0.170654296875 0.00646400451660157 0.0328216552734375
0.0977935791015625 0.161178588867188 0.00602531433105469 0.0143680572509766
0.123992919921875 0.176986694335938 -0.00401306152343749 0.01837158203125
0.0540771484375 0.199142456054688 0.00265693664550782 -0.00975036621093749
-0.0754547119140625 0.20660400390625 0.00433349609374999 -0.0405197143554687
-0.191925048828125 0.115951538085937 0.0506820678710937 -0.0255050659179687
-0.24273681640625 -0.106338500976562 0.0975418090820312 0.0274505615234375
-0.173599243164062 -0.232757568359375 0.0679397583007812 0.111663818359375
-0.029266357421875 -0.29266357421875 0.00605773925781248 0.1656494140625
-0.020721435546875 -0.2967529296875 0.0274200439453125 -0.113632202148438
-0.131210327148438 -0.230743408203125 -0.0279579162597656 -0.0644378662109375
-0.234954833984375 -0.128646850585938 -0.0188770294189453 -0.0216121673583984
-0.221603393554688 0.0601654052734375 0.00161361694335936 -0.0198173522949219
-0.126266479492188 0.157135009765625 -0.0226020812988281 -0.047760009765625
0.022003173828125 0.203628540039063 -0.0315170288085938 -0.0255374908447265
0.0982513427734375 0.170272827148437 -0.0399398803710937 -0.0193901062011719
0.0858154296875 0.161102294921875 -0.0421485900878906 -0.0272865295410156
0.11187744140625 0.177780151367188 -0.0506324768066406 -0.0258064270019531
0.044525146484375 0.193771362304687 -0.0280075073242188 -0.0594902038574219
-0.0769500732421875 0.197128295898437 -0.00730133056640625 -0.0835342407226562
-0.182388305664063 0.110809326171875 0.0517539978027344 -0.0556221008300781
-0.233261108398437 -0.0984954833984375 0.0877685546875 0.00664520263671874
-0.172210693359375 -0.218856811523438 0.0322837829589844 0.061431884765625
-0.037841796875 -0.28814697265625 0.00128173828125 0.0655937194824219
-0.03680419921875 -0.244827270507813 0.026824951171875 -0.207061767578125
-0.120040893554688 -0.183425903320313 -0.0474319458007812 -0.118927001953125
-0.191024780273438 -0.095916748046875 -0.0225009918212891 -0.0311183929443359
-0.175704956054688 0.05084228515625 0.0158615112304687 -0.0430908203125
-0.102005004882812 0.122077941894531 -0.011016845703125 -0.0832290649414062
0.0112762451171875 0.1649169921875 -0.0458984375 -0.0777816772460937
0.0689239501953125 0.143173217773438 -0.0799102783203125 -0.0686187744140625
0.06182861328125 0.136245727539063 -0.0836334228515625 -0.066009521484375
0.0809173583984375 0.151748657226563 -0.0889434814453125 -0.06787109375
0.024078369140625 0.1578369140625 -0.0528182983398437 -0.102493286132812
-0.073577880859375 0.151473999023438 -0.0138778686523438 -0.114547729492187
-0.1475830078125 0.0761871337890625 0.0515823364257813 -0.0753097534179688
-0.177505493164063 -0.0869903564453125 0.0719451904296875 -0.00689697265625
-0.131134033203125 -0.1759033203125 -0.00390052795410157 0.012939453125
-0.0325469970703125 -0.23895263671875 -0.00462913513183594 -0.0305404663085938
-0.046661376953125 -0.153167724609375 0.022216796875 -0.282196044921875
-0.0901718139648438 -0.107070922851563 -0.0640106201171875 -0.164810180664063
-0.113395690917969 -0.046051025390625 -0.0293159484863281 -0.0409736633300781
-0.0990219116210938 0.0334854125976563 0.0184669494628906 -0.0584564208984375
-0.0593605041503906 0.067169189453125 -0.00310516357421874 -0.101127624511719
-6.86645507812583E-05 0.0995864868164063 -0.054229736328125 -0.112762451171875
0.0298614501953125 0.0925445556640625 -0.107284545898438 -0.104896545410156
0.0280609130859375 0.0906906127929687 -0.112251281738281 -0.0947723388671875
0.0370712280273438 0.104293823242188 -0.11328125 -0.103050231933594
-0.00260925292968751 0.0993881225585938 -0.0646286010742188 -0.132392883300781
-0.0619430541992187 0.082489013671875 -0.010467529296875 -0.130943298339844
-0.0930023193359375 0.027587890625 0.0527420043945312 -0.08245849609375
-0.0927886962890625 -0.06549072265625 0.0565452575683594 -0.0128021240234375
-0.06866455078125 -0.106979370117188 -0.0285263061523438 -0.0259189605712891
-0.021575927734375 -0.152420043945313 -0.00627899169921875 -0.106620788574219
-0.0480995178222656 -0.0383872985839844 0.01177978515625 -0.328125
-0.0467453002929688 -0.0184097290039062 -0.07806396484375 -0.19482421875
-0.0237007141113281 0.00807762145996094 -0.0424232482910156 -0.0462417602539063
-0.0110912322998047 0.0119247436523437 0.00978469848632812 -0.0609779357910156
-0.00973033905029297 0.00462913513183594 0.000350952148437502 -0.0979537963867188
-0.0110549926757812 0.0206947326660156 -0.0564117431640625 -0.125511169433594
-0.0133590698242187 0.0276947021484375 -0.117919921875 -0.122428894042969
-0.00940322875976562 0.030242919921875 -0.123458862304688 -0.109169006347656
-0.0103836059570312 0.0394058227539063 -0.119171142578125 -0.124542236328125
-0.0252552032470703 0.0275173187255859 -0.0625457763671875 -0.145767211914063
-0.0379753112792969 0.00687026977539063 0.00108337402343751 -0.130355834960938
-0.0246849060058594 -0.0164299011230469 0.0560989379882813 -0.0773849487304688
-0.00360679626464843 -0.0279388427734375 0.0444450378417969 -0.0118789672851563
-0.006103515625 -0.0212192535400391 -0.0376052856445313 -0.0505485534667969
-0.0129737854003906 -0.0439033508300781 -0.00437927246093749 -0.151138305664063
0.0269317626953125 -0.08966064453125 0.0288848876953125 0.169326782226563
-0.0398139953613281 -0.0665206909179688 0.0473251342773438 0.0716171264648438
-0.079925537109375 -0.0193634033203125 -0.0317363739013672 -0.00668716430664063
-0.0554389953613281 0.0404853820800781 -0.0688972473144531 0.0618515014648438
-0.01171875 0.0672721862792969 -0.0355300903320313 0.114479064941406
0.0436477661132813 0.0510406494140625 0.0530242919921875 0.147552490234375
0.0669288635253906 0.0302810668945312 0.127601623535156 0.133110046386719
0.0510597229003906 0.0318336486816406 0.124732971191406 0.1092529296875
0.0573654174804687 0.0346488952636719 0.109130859375 0.120140075683594
0.0303153991699219 0.0583915710449219 0.0606231689453125 0.122833251953125
-0.0199775695800781 0.0650444030761719 0.0172271728515625 0.0856399536132812
-0.0672798156738281 0.0239105224609375 0.0132980346679688 0.0590934753417969
-0.0607719421386719 -0.0517921447753906 0.06134033203125 0.0794143676757813
-0.0172882080078125 -0.0798110961914063 0.09716796875 0.204132080078125
0.0305747985839844 -0.061553955078125 -0.027801513671875 0.3614501953125
0.0183563232421875 -0.199371337890625 0.0246505737304688 0.139488220214844
-0.077178955078125 -0.147506713867188 0.0354042053222656 0.0647850036621094
-0.155059814453125 -0.072967529296875 -0.0239524841308594 -0.00906562805175782
-0.132369995117188 0.0541152954101563 -0.0582809448242188 0.0448379516601563
-0.060760498046875 0.119598388671875 -0.0452499389648438 0.08502197265625
0.0488662719726562 0.125984191894531 0.0325164794921875 0.127792358398438
0.101699829101563 0.0962448120117188 0.0991744995117188 0.117347717285156
0.0827178955078125 0.0948486328125 0.0981063842773438 0.0895614624023438
0.097686767578125 0.1033935546875 0.0844268798828125 0.0983505249023438
0.0438308715820312 0.129531860351562 0.0516433715820312 0.0901641845703125
-0.0492477416992187 0.134109497070313 0.0186920166015625 0.0517539978027344
-0.133514404296875 0.0611572265625 0.0310401916503906 0.0381622314453125
-0.146270751953125 -0.091064453125 0.0835647583007812 0.0706405639648438
-0.08355712890625 -0.163528442382813 0.10516357421875 0.193801879882813
0.012298583984375 -0.177688598632813 -0.00952148437500001 0.333160400390625
0.00830078125000001 -0.28173828125 0.024566650390625 0.0751953125
-0.106842041015625 -0.212982177734375 0.0170173645019531 0.0372161865234375
-0.2158203125 -0.117446899414063 -0.0193920135498047 -0.0112075805664063
-0.197601318359375 0.0608978271484375 -0.0412139892578125 0.0267486572265625
-0.104217529296875 0.157669067382813 -0.0451431274414063 0.0456695556640625
0.0460968017578125 0.184738159179688 0.0101547241210938 0.0891876220703125
0.121322631835938 0.148269653320313 0.0581817626953125 0.0829925537109375
0.10205078125 0.142379760742187 0.0566673278808594 0.0565109252929688
0.125228881835937 0.154876708984375 0.0453758239746094 0.0638427734375
0.056182861328125 0.182418823242188 0.031585693359375 0.04364013671875
-0.066802978515625 0.1893310546875 0.0150518417358398 0.00717067718505861
-0.18011474609375 0.0996551513671875 0.0453453063964844 0.00823211669921876
-0.21868896484375 -0.108261108398438 0.0995559692382812 0.0522994995117187
-0.14654541015625 -0.21966552734375 0.098388671875 0.163238525390625
-0.011810302734375 -0.2645263671875 0.0036468505859375 0.266815185546875
-0.00576782226562496 -0.3223876953125 0.0272846221923828 -0.0144596099853516
-0.129837036132813 -0.2481689453125 -0.0047283172607422 -0.00804567337036134
-0.253067016601563 -0.139373779296875 -0.0189857482910156 -0.0149383544921875
-0.23553466796875 0.0666198730468751 -0.019927978515625 0.004669189453125
-0.130844116210937 0.176071166992188 -0.0371551513671875 -0.000270843505859366
0.0374298095703125 0.216522216796875 -0.0116386413574219 0.0350360870361328
0.122940063476563 0.177444458007813 0.00907325744628907 0.034658432006836
0.105972290039062 0.16876220703125 0.00666046142578126 0.0148200988769531
0.134231567382813 0.182571411132813 -0.00258636474609374 0.0205612182617188
0.0600738525390625 0.208236694335938 0.00263214111328125 -0.00940322875976561
-0.0755462646484375 0.218414306640625 0.00441741943359375 -0.041534423828125
-0.20068359375 0.124267578125 0.052490234375 -0.0263023376464844
-0.258468627929688 -0.108688354492187 0.101837158203125 0.029052734375
-0.186203002929687 -0.241668701171875 0.0725479125976562 0.117546081542969
-0.0325927734375 -0.310333251953125 0.00645446777343749 0.173797607421875
-0.02294921875 -0.31524658203125 0.0292816162109375 -0.116928100585938
-0.138092041015625 -0.24200439453125 -0.0281753540039063 -0.0652427673339844
-0.25177001953125 -0.133590698242188 -0.0203819274902344 -0.0224895477294922
-0.232940673828125 0.0656585693359375 0.00118446350097655 -0.0207443237304687
-0.132553100585938 0.167678833007812 -0.0251502990722656 -0.0479545593261719
0.0267486572265625 0.213211059570313 -0.0318431854248047 -0.025278091430664
0.106979370117187 0.177902221679688 -0.0407600402832031 -0.0198631286621094
0.093536376953125 0.168899536132813 -0.0442657470703125 -0.0290260314941406
0.122116088867187 0.1839599609375 -0.0521659851074219 -0.0259628295898437
0.0509185791015625 0.202194213867188 -0.0301284790039063 -0.0619010925292969
-0.0775604248046875 0.208572387695312 -0.00926208496093751 -0.08648681640625
-0.192062377929688 0.118881225585938 0.0526657104492187 -0.05859375
-0.24884033203125 -0.101593017578125 0.0914688110351562 0.00691223144531249
-0.18353271484375 -0.228195190429688 0.0334434509277344 0.0648002624511718
-0.0413818359375 -0.306182861328125 0.000625610351562496 0.0681800842285156
-0.0387115478515625 -0.260513305664063 0.0268707275390625 -0.215377807617188
-0.126602172851563 -0.1937255859375 -0.05072021484375 -0.122764587402344
-0.205154418945312 -0.100677490234375 -0.0238418579101563 -0.0330619812011719
-0.1851806640625 0.0555572509765625 0.0152397155761719 -0.0451850891113281
-0.107757568359375 0.130226135253906 -0.0133819580078125 -0.0856552124023437
0.014617919921875 0.17401123046875 -0.0478439331054688 -0.0792617797851562
0.07611083984375 0.150131225585938 -0.0835037231445313 -0.0703811645507812
0.0677490234375 0.143646240234375 -0.088531494140625 -0.0688247680664063
0.08905029296875 0.158309936523437 -0.0936126708984375 -0.0702667236328125
0.02886962890625 0.165634155273438 -0.05609130859375 -0.106727600097656
-0.0752716064453125 0.161346435546875 -0.0158920288085938 -0.119674682617187
-0.1556396484375 0.0821380615234375 0.0523605346679687 -0.0797042846679688
-0.189132690429688 -0.090087890625 0.0741729736328125 -0.00791931152343751
-0.140670776367187 -0.183914184570313 -0.0056591033935547 0.014338493347168
-0.0354766845703125 -0.254409790039063 -0.00663185119628907 -0.0324878692626953
-0.04937744140625 -0.164093017578125 0.021087646484375 -0.295074462890625
-0.0952911376953125 -0.1136474609375 -0.0694580078125 -0.171463012695312
-0.12286376953125 -0.0495452880859375 -0.0316658020019531 -0.0424880981445313
-0.104934692382813 0.036407470703125 0.018463134765625 -0.0611419677734375
-0.0632858276367187 0.0724105834960938 -0.0046234130859375 -0.105148315429687
0.00227355957031249 0.105873107910156 -0.0575637817382812 -0.116600036621094
0.034149169921875 0.09783935546875 -0.113304138183594 -0.108589172363281
0.031951904296875 0.0961380004882813 -0.118873596191406 -0.0985565185546875
0.041900634765625 0.109085083007813 -0.119422912597656 -0.106307983398437
8.39233398437413E-05 0.105133056640625 -0.0687026977539063 -0.137748718261719
-0.0639190673828125 0.0888214111328125 -0.0128021240234375 -0.136077880859375
-0.098297119140625 0.0308837890625 0.0540771484375 -0.0867919921875
-0.100234985351563 -0.0687255859375 0.0580062866210937 -0.0141944885253906
-0.0743331909179687 -0.112724304199219 -0.0322761535644531 -0.0266017913818359
-0.0236663818359375 -0.16339111328125 -0.00893402099609374 -0.112884521484375
-0.049072265625 -0.0419692993164062 0.00891113281249999 -0.343780517578125
-0.0498046875 -0.0207290649414062 -0.0852813720703125 -0.20379638671875
-0.0264358520507812 0.00674247741699219 -0.0456352233886719 -0.0485649108886719
-0.0131511688232422 0.0125217437744141 0.00892639160156251 -0.06463623046875
-0.0116281509399414 0.00535106658935547 -0.000694274902343749 -0.102554321289063
-0.0110397338867187 0.0230560302734375 -0.0598907470703125 -0.130447387695313
-0.0128211975097656 0.0309886932373047 -0.12554931640625 -0.126693725585938
-0.00836753845214843 0.0330829620361328 -0.1312255859375 -0.114601135253906
-0.00972366333007813 0.0424957275390625 -0.126564025878906 -0.129302978515625
-0.0253810882568359 0.0299758911132812 -0.0672454833984375 -0.151702880859375
-0.0399513244628906 0.0091400146484375 -0.000427246093750013 -0.135231018066406
-0.0272388458251953 -0.016632080078125 0.0576400756835938 -0.081939697265625
-0.0054779052734375 -0.0305423736572266 0.0454902648925781 -0.0130767822265625
-0.00733566284179688 -0.0239486694335938 -0.0422172546386719 -0.0532035827636719
-0.0137748718261719 -0.0484390258789063 -0.00793457031249999 -0.160018920898438
0.0249786376953125 -0.0949554443359375 0.0381622314453125 0.180755615234375
-0.0424613952636719 -0.0672225952148438 0.0555953979492188 0.07440185546875
-0.0836257934570313 -0.01715087890625 -0.0333499908447266 -0.00589370727539063
-0.056243896484375 0.0441513061523437 -0.068634033203125 0.068695068359375
-0.00908660888671875 0.0713348388671875 -0.03265380859375 0.122917175292969
0.0482978820800781 0.0506820678710937 0.0624542236328125 0.15386962890625
0.071014404296875 0.0269775390625 0.141098022460938 0.135391235351563
0.0545387268066406 0.0307426452636719 0.136802673339844 0.111343383789062
0.0618247985839844 0.0327072143554688 0.120231628417969 0.123725891113281
0.03436279296875 0.0593948364257812 0.0691070556640625 0.128211975097656
-0.0167388916015625 0.0689735412597656 0.0211944580078125 0.089996337890625
-0.0693893432617188 0.0285110473632813 0.0167922973632812 0.0625724792480469
-0.0671463012695312 -0.0507125854492188 0.0691299438476563 0.0821151733398438
-0.0225906372070313 -0.0818023681640625 0.112533569335937 0.212249755859375
0.029876708984375 -0.0660057067871094 -0.01617431640625 0.384033203125
0.011566162109375 -0.211898803710937 0.0325927734375 0.149856567382813
-0.084381103515625 -0.152206420898438 0.0427284240722656 0.0688591003417969
-0.166458129882813 -0.07037353515625 -0.0253562927246094 -0.00907135009765626
-0.137298583984375 0.0616226196289063 -0.0587387084960938 0.0498733520507813
-0.059326171875 0.129051208496094 -0.0446548461914063 0.0927734375
0.0574264526367187 0.130119323730469 0.0403289794921875 0.134437561035156
0.112236022949219 0.0956497192382813 0.111053466796875 0.119949340820313
0.0916519165039063 0.095855712890625 0.107620239257812 0.0915985107421875
0.107986450195313 0.103530883789062 0.0938568115234375 0.102058410644531
0.05181884765625 0.134483337402344 0.0576400756835938 0.0939483642578125
-0.045379638671875 0.143295288085937 0.0215301513671875 0.0541877746582031
-0.138984680175781 0.0706405639648437 0.0339813232421875 0.0401229858398438
-0.160018920898438 -0.089599609375 0.0917205810546875 0.0722122192382813
-0.0955352783203125 -0.1680908203125 0.11932373046875 0.201690673828125
0.00682067871093749 -0.189376831054688 0.00186157226562503 0.35333251953125
-0.00149536132812498 -0.30010986328125 0.0299911499023438 0.0819015502929688
-0.118423461914063 -0.222030639648438 0.0229606628417969 0.0410423278808594
-0.23358154296875 -0.116363525390625 -0.0208816528320313 -0.0110511779785156
-0.206451416015625 0.0714263916015625 -0.0418968200683594 0.0299148559570313
-0.104904174804688 0.171493530273437 -0.046905517578125 0.0521965026855469
0.056976318359375 0.192626953125 0.0154495239257812 0.0944366455078125
0.135467529296875 0.149887084960938 0.0661163330078125 0.085540771484375
0.1141357421875 0.146682739257813 0.0629386901855469 0.0574989318847656
0.140167236328125 0.157058715820313 0.0518875122070313 0.0665206909179688
0.0672760009765625 0.189346313476563 0.0353469848632813 0.0459442138671875
-0.0617523193359375 0.202850341796875 0.0158414840698242 0.00746631622314454
-0.187667846679688 0.112716674804688 0.047698974609375 0.00791549682617188
-0.238449096679688 -0.10565185546875 0.107093811035156 0.0525283813476562
-0.1644287109375 -0.224960327148437 0.110641479492187 0.1702880859375
-0.021820068359375 -0.282745361328125 0.0130615234375 0.2830810546875
-0.018096923828125 -0.344757080078125 0.0298614501953125 -0.0136528015136719
-0.143417358398438 -0.258880615234375 -0.00303792953491212 -0.00607967376708986
-0.274887084960937 -0.139373779296875 -0.0206222534179688 -0.0152549743652344
-0.246978759765625 0.0789947509765625 -0.0207271575927735 0.00624847412109376
-0.133148193359375 0.192916870117188 -0.0402870178222656 0.00320053100585939
0.0497283935546875 0.227066040039063 -0.00900650024414062 0.03857421875
0.139144897460938 0.181686401367187 0.0125236511230469 0.0367507934570313
0.119903564453125 0.174697875976563 0.00794601440429688 0.0155506134033203
0.151626586914063 0.18646240234375 -0.000221252441406241 0.0227451324462891
0.07330322265625 0.217010498046875 0.00238323211669922 -0.00888061523437499
-0.0691680908203125 0.233978271484375 0.00230407714843749 -0.0430526733398437
-0.208984375 0.140182495117187 0.0540008544921875 -0.0290946960449219
-0.280899047851563 -0.105621337890625 0.107925415039062 0.0277862548828125
-0.20672607421875 -0.248214721679687 0.0807723999023437 0.122817993164062
-0.045379638671875 -0.33013916015625 0.0117340087890625 0.183746337890625
-0.034912109375 -0.337005615234375 0.0280380249023437 -0.122230529785156
-0.153366088867188 -0.253662109375 -0.0309562683105469 -0.0654411315917969
-0.274871826171875 -0.132644653320313 -0.0230846405029297 -0.0233936309814453
-0.244735717773437 0.0787811279296875 -0.000167846679687517 -0.0209102630615234
-0.1351318359375 0.18438720703125 -0.0294227600097656 -0.0475273132324219
0.03790283203125 0.223953247070313 -0.0320720672607422 -0.0237178802490234
0.12249755859375 0.183364868164063 -0.042572021484375 -0.0192070007324219
0.1070556640625 0.176101684570312 -0.0477867126464844 -0.0289382934570312
0.13818359375 0.188583374023437 -0.0547065734863281 -0.0246772766113281
0.06304931640625 0.21160888671875 -0.0336418151855469 -0.063385009765625
-0.0724945068359375 0.224441528320313 -0.0130767822265625 -0.0900039672851562
-0.199676513671875 0.134292602539062 0.053314208984375 -0.0631027221679687
-0.269989013671875 -0.0982360839843749 0.095916748046875 0.00470733642578124
-0.203781127929687 -0.23388671875 0.0371170043945312 0.0684394836425781
-0.0540771484375 -0.326812744140625 0.00184631347656249 0.072021484375
-0.04937744140625 -0.278244018554688 0.0222625732421875 -0.227783203125
-0.140670776367187 -0.203323364257813 -0.0581512451171875 -0.126434326171875
-0.223922729492187 -0.10009765625 -0.0275745391845703 -0.0341377258300781
-0.195571899414063 0.066192626953125 0.0134696960449219 -0.047760009765625
-0.110870361328125 0.1441650390625 -0.018341064453125 -0.0883255004882812
0.0237884521484375 0.183364868164063 -0.0512313842773438 -0.080841064453125
0.0883331298828125 0.15618896484375 -0.090362548828125 -0.0710296630859375
0.07879638671875 0.150177001953125 -0.0962295532226562 -0.0694427490234375
0.10198974609375 0.163482666015625 -0.100372314453125 -0.0697402954101563
0.0376739501953125 0.17388916015625 -0.0629348754882812 -0.109779357910156
-0.071990966796875 0.174591064453125 -0.0215988159179688 -0.125152587890625
-0.163009643554688 0.094268798828125 0.051788330078125 -0.0861663818359375
-0.206085205078125 -0.0887298583984375 0.077117919921875 -0.01031494140625
-0.156906127929688 -0.189498901367188 -0.00732135772705079 0.0164680480957031
-0.0463714599609375 -0.271713256835938 -0.00934219360351563 -0.0352745056152344
-0.0561981201171875 -0.175384521484375 0.011749267578125 -0.312744140625
-0.10467529296875 -0.119560241699219 -0.0803070068359375 -0.178070068359375
-0.134780883789063 -0.0492477416992187 -0.0365562438964844 -0.0445938110351562
-0.111251831054688 0.0427780151367187 0.0157051086425781 -0.0654106140136719
-0.0658645629882813 0.0806198120117188 -0.00961303710937501 -0.109977722167969
0.0074005126953125 0.113250732421875 -0.0633926391601563 -0.12054443359375
0.0416030883789063 0.103897094726562 -0.123756408691406 -0.109977722167969
0.0387420654296875 0.101760864257813 -0.130294799804688 -0.101066589355469
0.050140380859375 0.113525390625 -0.129783630371094 -0.107795715332031
0.00588989257812501 0.111274719238281 -0.0778350830078125 -0.143234252929687
-0.0637054443359375 0.0981063842773438 -0.0182342529296875 -0.142257690429688
-0.104019165039063 0.0368804931640625 0.0535888671875 -0.0941085815429688
-0.110130310058594 -0.0697860717773438 0.0596656799316406 -0.0166206359863281
-0.08380126953125 -0.117652893066406 -0.03778076171875 -0.0254402160644531
-0.030792236328125 -0.175506591796875 -0.014862060546875 -0.119842529296875
-0.051910400390625 -0.0456390380859375 -0.00213623046874997 -0.3651123046875
-0.0537376403808594 -0.0223236083984375 -0.098602294921875 -0.212509155273438
-0.0293331146240234 0.00630569458007812 -0.0511550903320313 -0.0497207641601562
-0.0145330429077148 0.0137367248535156 0.0054168701171875 -0.0684967041015625
-0.0128173828125 0.0070037841796875 -0.00467681884765626 -0.107887268066406
-0.0106334686279297 0.0257225036621094 -0.0675125122070313 -0.134918212890625
-0.0115165710449219 0.0353279113769531 -0.13873291015625 -0.129508972167969
-0.00699996948242188 0.0368804931640625 -0.144149780273437 -0.117141723632813
-0.00791549682617188 0.0463142395019531 -0.138847351074219 -0.131889343261719
-0.0240631103515625 0.0333423614501953 -0.076751708984375 -0.158233642578125
-0.0422515869140625 0.012451171875 -0.00567626953125002 -0.14239501953125
-0.0308551788330078 -0.015777587890625 0.0573577880859375 -0.0887527465820313
-0.00772666931152344 -0.0335464477539062 0.0464019775390625 -0.0160903930664063
-0.00970649719238281 -0.026947021484375 -0.0495567321777344 -0.053741455078125
-0.0161972045898438 -0.0531425476074219 -0.014862060546875 -0.1705322265625
0.0188064575195312 -0.0997772216796875 0.0521240234375 0.187652587890625
-0.0459213256835937 -0.0664138793945313 0.0656814575195313 0.0747833251953125
-0.0869598388671875 -0.0121383666992188 -0.0339183807373047 -0.00397109985351563
-0.0551376342773438 0.0491218566894531 -0.0653152465820313 0.075775146484375
-0.004119873046875 0.0746841430664063 -0.0263137817382812 0.130599975585938
0.0535697937011719 0.0477409362792969 0.074615478515625 0.155517578125
0.0749282836914063 0.0216293334960937 0.156570434570313 0.131759643554688
0.058380126953125 0.0269050598144531 0.15020751953125 0.1082763671875
0.0660972595214844 0.0287094116210937 0.134262084960938 0.122611999511719
0.0397796630859375 0.0579490661621094 0.079345703125 0.129997253417969
-0.0116043090820312 0.0716552734375 0.0270309448242187 0.092529296875
-0.0697135925292969 0.0344429016113281 0.0216178894042969 0.0646743774414063
-0.0732650756835938 -0.0463943481445312 0.0783309936523438 0.0808868408203125
-0.0291824340820312 -0.0815582275390625 0.133010864257813 0.212631225585938
0.02642822265625 -0.0703811645507813 0.00781249999999999 0.402374267578125
-0.00207519531250001 -0.222198486328125 0.0446319580078125 0.156845092773438
-0.0954437255859375 -0.153289794921875 0.052001953125 0.0704879760742187
-0.177932739257812 -0.0622100830078125 -0.0262050628662109 -0.00748252868652345
-0.139122009277344 0.0722427368164063 -0.0567741394042969 0.0560150146484375
-0.053009033203125 0.138671875 -0.0407791137695313 0.101051330566406
0.0694732666015625 0.129859924316406 0.0514602661132813 0.137062072753906
0.123329162597656 0.0907363891601563 0.124954223632813 0.117424011230469
0.101570129394531 0.0936050415039063 0.118598937988281 0.08905029296875
0.120109558105469 0.0987701416015625 0.106239318847656 0.102043151855469
0.0635452270507813 0.134941101074219 0.065887451171875 0.0951309204101563
-0.035980224609375 0.151458740234375 0.0254478454589844 0.05499267578125
-0.140365600585938 0.0832443237304687 0.0378608703613281 0.0404129028320313
-0.1739501953125 -0.080780029296875 0.100822448730469 0.0699539184570313
-0.11163330078125 -0.166412353515625 0.139251708984375 0.202651977539062
-0.00543212890624998 -0.1993408203125 0.02392578125 0.368896484375
-0.021240234375 -0.314697265625 0.0380325317382813 0.086334228515625
-0.135406494140625 -0.224411010742187 0.029205322265625 0.043182373046875
-0.25201416015625 -0.105972290039063 -0.0226860046386719 -0.0105667114257813
-0.210037231445312 0.0878753662109375 -0.0411186218261719 0.034393310546875
-0.0979461669921875 0.186965942382812 -0.0452880859375 0.0593299865722656
0.0726776123046875 0.195358276367188 0.0240020751953125 0.0974044799804688
0.15252685546875 0.146194458007813 0.0756683349609375 0.0845794677734375
0.129302978515625 0.145050048828125 0.0691146850585938 0.0564079284667969
0.157577514648438 0.152236938476563 0.0598869323730469 0.0673561096191406
0.08392333984375 0.191986083984375 0.0396080017089844 0.0460319519042969
-0.0497894287109375 0.215103149414063 0.0164203643798828 0.00761890411376954
-0.189361572265625 0.130615234375 0.0497856140136719 0.00660705566406251
-0.25732421875 -0.0926361083984375 0.115158081054687 0.0488967895507812
-0.186599731445313 -0.222137451171875 0.126541137695313 0.170867919921875
-0.040985107421875 -0.295623779296875 0.030487060546875 0.29486083984375
-0.039825439453125 -0.36114501953125 0.0313739776611328 -0.0130691528320313
-0.164703369140625 -0.262161254882813 -0.00129437446594239 -0.00384044647216798
-0.298004150390625 -0.127593994140625 -0.0231513977050781 -0.0149173736572266
-0.252838134765625 0.098175048828125 -0.0214633941650391 0.00878715515136719
-0.126846313476562 0.211395263671875 -0.0418739318847656 0.00872039794921877
0.0681915283203125 0.231826782226563 -0.00452423095703125 0.0414466857910156
0.159133911132813 0.178176879882813 0.0168228149414063 0.0368690490722656
0.137908935546875 0.1741943359375 0.00919151306152345 0.0158777236938477
0.171295166015625 0.1822509765625 0.00304222106933595 0.0243701934814453
0.0919189453125 0.220169067382813 0.00260353088378907 -0.00930881500244139
-0.0553741455078125 0.248199462890625 -0.00045394897460938 -0.0446891784667969
-0.209945678710938 0.160552978515625 0.0534706115722656 -0.0324821472167969
-0.302459716796875 -0.0903625488281251 0.113922119140625 0.02294921875
-0.232101440429688 -0.243072509765625 0.0920486450195313 0.12384033203125
-0.06829833984375 -0.34552001953125 0.0225982666015625 0.191421508789063
-0.057769775390625 -0.353668212890625 0.0222015380859375 -0.127349853515625
-0.174972534179688 -0.257049560546875 -0.0351676940917969 -0.0638465881347656
-0.298187255859375 -0.120819091796875 -0.0266876220703125 -0.0228862762451172
-0.251815795898438 0.0979156494140625 -0.00247955322265627 -0.0210456848144531
-0.13031005859375 0.203094482421875 -0.0341567993164063 -0.0451774597167969
0.05609130859375 0.2308349609375 -0.0322780609130859 -0.0222930908203125
0.142242431640625 0.18243408203125 -0.0439338684082031 -0.0174827575683594
0.12481689453125 0.176834106445312 -0.0517501831054688 -0.0274734497070312
0.158584594726563 0.185821533203125 -0.0564765930175781 -0.0217361450195312
0.0815887451171875 0.215377807617187 -0.0391616821289062 -0.0640487670898437
-0.059478759765625 0.239425659179688 -0.019744873046875 -0.0924758911132812
-0.200469970703125 0.153411865234375 0.0509681701660156 -0.0683784484863281
-0.290313720703125 -0.0843505859374999 0.099334716796875 0.000221252441406245
-0.228042602539063 -0.230361938476562 0.042236328125 0.0705032348632812
-0.077423095703125 -0.3411865234375 0.00496673583984374 0.07476806640625
-0.06878662109375 -0.291534423828125 0.00914001464843747 -0.237289428710938
-0.159439086914063 -0.206146240234375 -0.0679092407226563 -0.126655578613281
-0.24365234375 -0.0906982421875 -0.0327739715576172 -0.0337429046630859
-0.201614379882813 0.0825958251953125 0.00965118408203124 -0.0498390197753906
-0.107208251953125 0.160171508789063 -0.0248031616210938 -0.0887298583984375
0.03814697265625 0.189987182617188 -0.0557632446289062 -0.080657958984375
0.10498046875 0.156997680664063 -0.0974655151367187 -0.0687026977539063
0.093780517578125 0.152359008789062 -0.105308532714844 -0.0670013427734375
0.119796752929688 0.162155151367188 -0.107803344726562 -0.06646728515625
0.052886962890625 0.178543090820313 -0.072662353515625 -0.110321044921875
-0.0624847412109375 0.187744140625 -0.0305099487304688 -0.127761840820313
-0.165130615234375 0.10986328125 0.047454833984375 -0.0920181274414063
-0.223434448242188 -0.0794830322265625 0.0783615112304687 -0.0150222778320313
-0.176193237304688 -0.187225341796875 -0.00769996643066407 0.0194091796875
-0.066070556640625 -0.284637451171875 -0.0129318237304688 -0.0366554260253906
-0.0696563720703125 -0.182846069335938 -0.006622314453125 -0.3267822265625
-0.1171875 -0.121299743652344 -0.0960235595703125 -0.179733276367188
-0.146987915039063 -0.044281005859375 -0.0426368713378906 -0.0436363220214844
-0.114944458007813 0.0523757934570312 0.0106468200683594 -0.0678253173828125
-0.0648040771484375 0.090545654296875 -0.0169525146484375 -0.112228393554688
0.0157394409179688 0.118019104003906 -0.0717544555664063 -0.120803833007813
0.0527114868164063 0.1060791015625 -0.136253356933594 -0.106719970703125
0.0488662719726563 0.104080200195313 -0.143051147460938 -0.0970916748046875
0.0617218017578125 0.114906311035156 -0.141510009765625 -0.104232788085938
0.0145339965820312 0.115974426269531 -0.090362548828125 -0.14385986328125
-0.05938720703125 0.107833862304688 -0.0284423828125 -0.146530151367188
-0.107498168945313 0.0463409423828125 0.0488662719726562 -0.101089477539063
-0.121330261230469 -0.0664291381835937 0.0594215393066406 -0.0204048156738281
-0.0955657958984375 -0.117637634277344 -0.0428085327148438 -0.0228614807128906
-0.0432891845703125 -0.184173583984375 -0.0247573852539062 -0.125236511230469
-0.0557518005371094 -0.0462837219238281 -0.025665283203125 -0.381011962890625
-0.0578346252441406 -0.0214805603027344 -0.1181640625 -0.2158203125
-0.0321369171142578 0.00686073303222656 -0.0582351684570313 -0.049041748046875
-0.015960693359375 0.0153083801269531 -3.81469726562587E-05 -0.0706100463867188
-0.0145483016967773 0.00911140441894531 -0.0112991333007813 -0.111915588378906
-0.00915336608886719 0.0285205841064453 -0.077423095703125 -0.136116027832031
-0.00789260864257813 0.0389785766601563 -0.15313720703125 -0.12554931640625
-0.00400161743164063 0.0395736694335938 -0.159149169921875 -0.113113403320313
-0.00374984741210938 0.0492782592773438 -0.15362548828125 -0.128494262695313
-0.0225143432617188 0.0373382568359375 -0.09002685546875 -0.160049438476562
-0.0427703857421875 0.0180435180664062 -0.01531982421875 -0.14703369140625
-0.0340404510498047 -0.0139541625976562 0.0530014038085938 -0.0960311889648438
-0.0121307373046875 -0.0359115600585937 0.0457344055175781 -0.0192146301269531
-0.0128555297851563 -0.0287666320800781 -0.0572280883789063 -0.0516738891601563
-0.0204620361328125 -0.0570106506347656 -0.0283355712890625 -0.17822265625
0.011260986328125 -0.101028442382813 0.0666046142578125 0.188888549804687
-0.0490303039550781 -0.0634269714355469 0.074462890625 0.07147216796875
-0.0868911743164063 -0.00598907470703127 -0.0338993072509766 -0.00203895568847656
-0.051513671875 0.0525093078613281 -0.060455322265625 0.0801544189453125
0.00206756591796875 0.0749282836914063 -0.0174331665039063 0.134048461914063
0.0570945739746094 0.0430374145507813 0.0858306884765625 0.151397705078125
0.0752944946289063 0.0144729614257813 0.167816162109375 0.120986938476563
0.0597000122070313 0.0219573974609375 0.15966796875 0.09967041015625
0.0680274963378906 0.0227127075195313 0.145431518554688 0.115829467773437
0.0435791015625 0.0548934936523438 0.0888900756835938 0.126640319824219
-0.00531768798828125 0.0720138549804688 0.0336151123046875 0.0918655395507813
-0.0677413940429688 0.0401153564453125 0.0263214111328125 0.0644569396972656
-0.0766143798828125 -0.0399703979492187 0.0856552124023437 0.0755615234375
-0.0355224609375 -0.0779571533203125 0.150314331054688 0.204254150390625
0.0213470458984375 -0.07232666015625 0.035797119140625 0.405975341796875
-0.0186614990234375 -0.224014282226563 0.0570220947265625 0.15814208984375
-0.104476928710937 -0.1480712890625 0.0605239868164062 0.0686149597167968
-0.18310546875 -0.0503692626953125 -0.0271015167236328 -0.00592613220214845
-0.134796142578125 0.0822372436523438 -0.0529327392578125 0.0605354309082031
-0.0433349609375 0.144317626953125 -0.0338363647460938 0.106124877929688
0.0790634155273437 0.124305725097656 0.0619659423828125 0.134117126464844
0.130516052246094 0.0806503295898437 0.134834289550781 0.109550476074219
0.108741760253906 0.0862350463867188 0.12677001953125 0.0824508666992188
0.127578735351563 0.0886764526367188 0.115547180175781 0.0962295532226563
0.0743179321289063 0.130386352539063 0.07275390625 0.0924453735351563
-0.02484130859375 0.154373168945313 0.0285835266113281 0.0543594360351563
-0.136360168457031 0.0945510864257812 0.0413780212402344 0.0393409729003906
-0.181365966796875 -0.06707763671875 0.106903076171875 0.0633468627929687
-0.124008178710937 -0.157913208007813 0.15570068359375 0.194244384765625
-0.0201416015625 -0.201889038085938 0.04937744140625 0.37164306640625
-0.0443115234375 -0.317596435546875 0.044708251953125 0.0874176025390625
-0.149826049804688 -0.2177734375 0.0348625183105469 0.0434074401855469
-0.2623291015625 -0.088958740234375 -0.0240001678466797 -0.00864982604980469
-0.2064208984375 0.102859497070313 -0.0388336181640625 0.0377883911132813
-0.0854644775390625 0.196533203125 -0.0415725708007812 0.0648193359375
0.0886993408203125 0.190155029296875 0.0325546264648438 0.096435546875
0.164642333984375 0.13446044921875 0.0837860107421875 0.0793075561523438
0.141082763671875 0.136627197265625 0.0737838745117188 0.0528106689453125
0.170166015625 0.140411376953125 0.0671806335449219 0.0642318725585938
0.0988311767578125 0.185699462890625 0.0431632995605469 0.0443687438964844
-0.033477783203125 0.219863891601563 0.0164785385131836 0.0071840286254883
-0.182846069335938 0.146148681640625 0.0503349304199219 0.00423431396484376
-0.267776489257813 -0.0736846923828126 0.119033813476562 0.0421066284179687
-0.202850341796875 -0.209091186523438 0.140274047851563 0.163955688476563
-0.062225341796875 -0.298614501953125 0.050048828125 0.2960205078125
-0.066131591796875 -0.365325927734375 0.0316925048828125 -0.012420654296875
-0.182601928710937 -0.255767822265625 0.00114917755126952 -0.00206673145294191
-0.311126708984375 -0.107818603515625 -0.0254077911376953 -0.0131683349609375
-0.249786376953125 0.116790771484375 -0.0212688446044922 0.0113487243652344
-0.113479614257813 0.224472045898438 -0.0414543151855469 0.0143394470214844
0.0864715576171875 0.22784423828125 0.000690460205078133 0.0417747497558594
0.174819946289063 0.167205810546875 0.020965576171875 0.0355758666992188
0.151596069335938 0.1663818359375 0.010533332824707 0.0153789520263672
0.186691284179688 0.170303344726563 0.00643920898437501 0.0250225067138672
0.109542846679688 0.2138671875 0.00137424468994141 -0.00956058502197264
-0.037567138671875 0.25433349609375 -0.0038909912109375 -0.0444488525390625
-0.201904296875 0.177627563476563 0.0516548156738281 -0.0354042053222656
-0.31317138671875 -0.069000244140625 0.116310119628906 0.0169601440429688
-0.250778198242188 -0.228271484375 0.101707458496094 0.119796752929688
-0.0931396484375 -0.348236083984375 0.0345916748046875 0.19195556640625
-0.08306884765625 -0.356231689453125 0.0145416259765625 -0.128250122070313
-0.193557739257813 -0.250946044921875 -0.0380783081054688 -0.0605430603027344
-0.312469482421875 -0.10211181640625 -0.0301990509033203 -0.0210475921630859
-0.249053955078125 0.116653442382813 -0.00443458557128908 -0.0196456909179687
-0.1181640625 0.216934204101563 -0.0369796752929688 -0.0407371520996094
0.0743560791015625 0.227935791015625 -0.031829833984375 -0.0208034515380859
0.158599853515625 0.172683715820313 -0.0443000793457031 -0.0148429870605469
0.1396484375 0.170486450195313 -0.0543327331542969 -0.0244903564453125
0.174179077148438 0.17431640625 -0.0572547912597656 -0.0177001953125
0.0984039306640625 0.20977783203125 -0.0442237854003906 -0.0614662170410156
-0.042327880859375 0.24566650390625 -0.0268096923828125 -0.090911865234375
-0.192962646484375 0.170166015625 0.0461349487304687 -0.0713119506835937
-0.3006591796875 -0.0645751953125 0.0996246337890625 -0.0051116943359375
-0.245758056640625 -0.2164306640625 0.046783447265625 0.0695266723632812
-0.101470947265625 -0.34320068359375 0.00904083251953123 0.074951171875
-0.089691162109375 -0.293212890625 -0.00549316406249999 -0.239120483398438
-0.175048828125 -0.200485229492187 -0.0768203735351563 -0.121856689453125
-0.256103515625 -0.0758819580078125 -0.0371742248535156 -0.0313453674316406
-0.19940185546875 0.0979461669921875 0.00502777099609373 -0.04913330078125
-0.0984344482421875 0.171630859375 -0.0309677124023438 -0.085723876953125
0.0537567138671875 0.188308715820313 -0.0597686767578125 -0.0778274536132812
0.120040893554688 0.1502685546875 -0.1026611328125 -0.0624465942382812
0.106948852539063 0.1474609375 -0.111625671386719 -0.060821533203125
0.133331298828125 0.154067993164063 -0.112228393554687 -0.0599899291992187
0.0668792724609375 0.175384521484375 -0.0806045532226562 -0.106460571289062
-0.04901123046875 0.19415283203125 -0.0400466918945313 -0.126182556152344
-0.159988403320312 0.123611450195313 0.0409011840820313 -0.0948333740234375
-0.23297119140625 -0.0648193359375 0.0771484375 -0.0189590454101563
-0.190261840820312 -0.176422119140625 -0.00726890563964845 0.0219268798828125
-0.085601806640625 -0.287017822265625 -0.0172386169433594 -0.0361175537109375
-0.0822601318359375 -0.183578491210937 -0.028533935546875 -0.329437255859375
-0.127304077148438 -0.117462158203125 -0.109283447265625 -0.174179077148437
-0.154891967773438 -0.0355682373046875 -0.0480422973632813 -0.0405082702636719
-0.114395141601563 0.0617141723632813 0.00490570068359374 -0.0676612854003906
-0.06036376953125 0.098052978515625 -0.0241775512695313 -0.111190795898437
0.0251998901367187 0.117820739746094 -0.0786285400390625 -0.117469787597656
0.0630035400390625 0.103561401367188 -0.1446533203125 -0.0986175537109375
0.0575408935546875 0.102798461914063 -0.151748657226563 -0.088531494140625
0.0717010498046875 0.110946655273437 -0.14996337890625 -0.0953826904296875
0.023834228515625 0.115768432617188 -0.100929260253906 -0.138458251953125
-0.0514907836914063 0.113822937011719 -0.03924560546875 -0.145401000976562
-0.106796264648438 0.0556640625 0.0414199829101563 -0.1043701171875
-0.129280090332031 -0.0597686767578125 0.0574569702148437 -0.0230484008789063
-0.104881286621094 -0.112625122070313 -0.0461616516113281 -0.0181961059570313
-0.056884765625 -0.18701171875 -0.0347900390625 -0.125083923339844
-0.058319091796875 -0.0456771850585937 -0.05096435546875 -0.3826904296875
-0.0607070922851563 -0.0194511413574219 -0.13519287109375 -0.209228515625
-0.0346488952636719 0.0078582763671875 -0.0636405944824219 -0.0443649291992188
-0.0168094635009766 0.0166692733764648 -0.00563812255859375 -0.0696067810058594
-0.015070915222168 0.0118856430053711 -0.0184478759765625 -0.111412048339844
-0.00669097900390625 0.0306110382080078 -0.086700439453125 -0.132369995117187
-0.00371932983398438 0.0405158996582031 -0.16314697265625 -0.1163330078125
6.10351562499986E-05 0.0411834716796875 -0.168930053710937 -0.103530883789063
0.000900268554687498 0.0512313842773438 -0.1639404296875 -0.11932373046875
-0.0194129943847656 0.0400276184082031 -0.102157592773438 -0.155029296875
-0.0422821044921875 0.0228462219238281 -0.0254058837890625 -0.1466064453125
-0.0365257263183594 -0.0103225708007813 0.0462570190429688 -0.100601196289063
-0.0167694091796875 -0.0368232727050781 0.0431137084960938 -0.0216636657714844
-0.0157032012939453 -0.0291461944580078 -0.0635108947753906 -0.0466575622558594
-0.0245857238769531 -0.0589752197265625 -0.041778564453125 -0.179290771484375
0.0058441162109375 -0.0985336303710938 0.0750579833984375 0.186874389648438
-0.0494880676269531 -0.0598526000976563 0.0788955688476563 0.066680908203125
-0.0849533081054688 -0.00176239013671877 -0.0331401824951172 -0.00093650817871094
-0.0478973388671875 0.0536918640136719 -0.0550155639648438 0.0809097290039063
0.00606536865234375 0.07354736328125 -0.0108642578125 0.133285522460938
0.0579910278320313 0.038177490234375 0.0919036865234375 0.1455078125
0.073822021484375 0.0095367431640625 0.171707153320313 0.111541748046875
0.0589179992675781 0.0185813903808594 0.163284301757813 0.092193603515625
0.067535400390625 0.0176849365234375 0.150604248046875 0.108734130859375
0.0456047058105469 0.0509033203125 0.0934829711914063 0.122299194335938
-0.00104904174804687 0.0700035095214844 0.0366592407226563 0.0897674560546875
-0.06475830078125 0.0434188842773438 0.0296821594238281 0.0629005432128906
-0.077423095703125 -0.0338973999023438 0.0888214111328125 0.0699310302734375
-0.0386199951171875 -0.0734100341796875 0.158721923828125 0.193679809570313
0.0173721313476562 -0.0717544555664063 0.054046630859375 0.400054931640625
-0.0302276611328125 -0.220779418945313 0.06475830078125 0.156951904296875
-0.107864379882813 -0.141708374023437 0.0653343200683594 0.0653800964355469
-0.182846069335938 -0.0410308837890625 -0.0271186828613281 -0.00497245788574219
-0.129127502441406 0.0867538452148438 -0.0490379333496094 0.062103271484375
-0.0356903076171875 0.144943237304688 -0.02777099609375 0.107185363769531
0.0842819213867188 0.11676025390625 0.06787109375 0.129264831542969
0.132209777832031 0.0713043212890625 0.139389038085938 0.101913452148438
0.111114501953125 0.0801010131835937 0.1292724609375 0.0760116577148438
0.130332946777344 0.08001708984375 0.120223999023438 0.0911636352539062
0.0794906616210938 0.123886108398438 0.0761642456054688 0.08892822265625
-0.0160675048828125 0.152908325195313 0.03009033203125 0.0529365539550781
-0.13079833984375 0.101119995117188 0.042724609375 0.0381240844726563
-0.182998657226563 -0.0559234619140625 0.109062194824219 0.0580978393554688
-0.129425048828125 -0.148345947265625 0.162765502929688 0.184066772460938
-0.02960205078125 -0.199783325195312 0.06561279296875 0.365692138671875
-0.059478759765625 -0.313018798828125 0.05029296875 0.0885009765625
-0.155990600585938 -0.20947265625 0.0398368835449219 0.0423126220703125
-0.264556884765625 -0.0749359130859375 -0.0250606536865235 -0.00769233703613282
-0.199508666992188 0.1109619140625 -0.0368423461914063 0.039825439453125
-0.075714111328125 0.199295043945313 -0.0372848510742187 0.0683860778808594
0.0969085693359375 0.180999755859375 0.0377883911132813 0.0928726196289063
0.169769287109375 0.123199462890625 0.087188720703125 0.0742340087890625
0.1461181640625 0.12884521484375 0.0756607055664063 0.0491790771484375
0.175384521484375 0.128585815429688 0.070831298828125 0.0607223510742188
0.10693359375 0.177703857421875 0.0443458557128906 0.0428123474121094
-0.0217437744140625 0.218902587890625 0.0156183242797852 0.00645923614501954
-0.174514770507813 0.154266357421875 0.0506134033203125 0.00352478027343751
-0.269210815429688 -0.0584869384765626 0.1199951171875 0.037384033203125
-0.210113525390625 -0.196151733398438 0.146804809570313 0.155563354492188
-0.07647705078125 -0.295166015625 0.062530517578125 0.291717529296875
-0.083221435546875 -0.360687255859375 0.0317459106445312 -0.0113639831542969
-0.190887451171875 -0.247039794921875 0.00369858741760253 -0.000711679458618179
-0.315765380859375 -0.092010498046875 -0.0272846221923828 -0.0111751556396484
-0.242156982421875 0.12750244140625 -0.0207157135009766 0.0133514404296875
-0.102432250976563 0.229171752929688 -0.0406074523925781 0.0180511474609375
0.0972137451171875 0.218597412109375 0.00394821166992188 0.0404205322265625
0.182144165039063 0.1552734375 0.0233497619628906 0.0339069366455078
0.159271240234375 0.157257080078125 0.0108909606933594 0.0147571563720703
0.193740844726563 0.15673828125 0.00924682617187501 0.0246181488037109
0.11920166015625 0.204345703125 0.000335693359375007 -0.00879001617431639
-0.0242462158203125 0.253311157226562 -0.00712203979492187 -0.0430870056152344
-0.1920166015625 0.1865234375 0.0495567321777344 -0.0357437133789062
-0.314117431640625 -0.0527038574218751 0.115898132324219 0.0125503540039062
-0.257293701171875 -0.213333129882812 0.105926513671875 0.114501953125
-0.10968017578125 -0.3433837890625 0.042144775390625 0.188796997070313
-0.09857177734375 -0.352783203125 0.00971221923828126 -0.125572204589844
-0.202896118164062 -0.241744995117188 -0.0386314392089844 -0.0574188232421875
-0.317169189453125 -0.08642578125 -0.0328865051269531 -0.0188522338867188
-0.241455078125 0.127593994140625 -0.00627040863037111 -0.0173454284667969
-0.10797119140625 0.222763061523438 -0.0383453369140625 -0.0362319946289062
0.08489990234375 0.220062255859375 -0.0302639007568359 -0.0203990936279297
0.166961669921875 0.161941528320313 -0.0438003540039063 -0.0127410888671875
0.147628784179688 0.162246704101563 -0.0556488037109375 -0.0214385986328125
0.181549072265625 0.1624755859375 -0.0562057495117187 -0.0153999328613281
0.108383178710938 0.201339721679688 -0.0464439392089844 -0.0585594177246094
-0.0290374755859375 0.245635986328125 -0.0311965942382812 -0.0887069702148437
-0.184066772460938 0.178558349609375 0.0420455932617187 -0.0712738037109375
-0.301849365234375 -0.049591064453125 0.0982589721679687 -0.00803375244140625
-0.251937866210938 -0.202163696289063 0.049346923828125 0.0678291320800781
-0.116912841796875 -0.339111328125 0.0113983154296875 0.0742034912109375
-0.102783203125 -0.289825439453125 -0.01580810546875 -0.235916137695313
-0.183090209960938 -0.193161010742187 -0.0806732177734375 -0.116035461425781
-0.260589599609375 -0.062957763671875 -0.0402946472167969 -0.0281791687011719
-0.194671630859375 0.107406616210937 0.00217056274414061 -0.0468788146972656
-0.09014892578125 0.177337646484375 -0.0336380004882813 -0.0818405151367187
0.0626220703125 0.182876586914063 -0.0607528686523437 -0.0759429931640625
0.1282958984375 0.141891479492188 -0.104103088378906 -0.0577392578125
0.114013671875 0.141311645507812 -0.114341735839844 -0.055511474609375
0.139938354492188 0.144744873046875 -0.11328125 -0.054229736328125
0.076080322265625 0.169113159179688 -0.0849838256835938 -0.101287841796875
-0.038543701171875 0.195846557617188 -0.045867919921875 -0.12255859375
-0.153823852539063 0.13055419921875 0.0357666015625 -0.0950241088867187
-0.23492431640625 -0.0535888671875 0.0753402709960937 -0.0200958251953125
-0.196029663085938 -0.16595458984375 -0.00648498535156251 0.0239200592041016
-0.09912109375 -0.28350830078125 -0.0195159912109375 -0.0350456237792969
-0.089874267578125 -0.181121826171875 -0.043212890625 -0.324798583984375
-0.132453918457031 -0.112503051757813 -0.116470336914063 -0.166534423828125
-0.1585693359375 -0.0284576416015625 -0.0513648986816406 -0.0365371704101562
-0.11236572265625 0.0671157836914063 0.00107574462890625 -0.0655097961425781
-0.0563430786132812 0.101737976074219 -0.0287017822265625 -0.107353210449219
0.0314712524414063 0.115402221679687 -0.0816650390625 -0.114051818847656
0.0697402954101563 0.0990753173828125 -0.14691162109375 -0.09124755859375
0.063507080078125 0.0996856689453125 -0.1552734375 -0.0812835693359375
0.0777969360351563 0.105781555175781 -0.153213500976563 -0.08746337890625
0.0302734375 0.112762451171875 -0.106460571289062 -0.132438659667969
-0.0447311401367188 0.116966247558594 -0.0456085205078125 -0.141021728515625
-0.103843688964844 0.0610427856445313 0.0355987548828125 -0.104507446289063
-0.132453918457031 -0.053466796875 0.0552406311035156 -0.0238685607910156
-0.108963012695313 -0.106964111328125 -0.0471687316894531 -0.0138435363769531
-0.0658416748046875 -0.184844970703125 -0.0412521362304688 -0.123321533203125
-0.0592002868652344 -0.0453605651855469 -0.068328857421875 -0.3770751953125
-0.06219482421875 -0.0180816650390625 -0.144683837890625 -0.200515747070313
-0.0363044738769531 0.00839996337890625 -0.0663185119628906 -0.0399742126464844
-0.0173416137695313 0.0184326171875 -0.0100669860839844 -0.0671272277832031
-0.0154609680175781 0.0131673812866211 -0.0230865478515625 -0.109428405761719
-0.00530815124511719 0.0309734344482422 -0.0907440185546875 -0.128379821777344
5.72204589843769E-05 0.0408859252929688 -0.167236328125 -0.108123779296875
0.00311660766601563 0.0414352416992188 -0.173385620117188 -0.095458984375
0.00409698486328125 0.0504875183105469 -0.168502807617187 -0.110671997070313
-0.01629638671875 0.0405540466308594 -0.1077880859375 -0.148330688476563
-0.0396995544433594 0.0259208679199219 -0.03179931640625 -0.1431884765625
-0.0373992919921875 -0.00730514526367188 0.04046630859375 -0.101127624511719
-0.0205612182617188 -0.0362205505371094 0.0415153503417969 -0.0220108032226563
-0.0177211761474609 -0.0293712615966797 -0.0656204223632813 -0.0412025451660156
-0.0281753540039062 -0.0594253540039063 -0.05120849609375 -0.17626953125
0.00344085693359374 -0.0961532592773438 0.0799713134765625 0.186325073242188
-0.0483055114746094 -0.0580787658691406 0.081390380859375 0.0645675659179688
-0.0826568603515625 -0.00032806396484376 -0.0331935882568359 -0.00126838684082032
-0.0460891723632813 0.0531539916992187 -0.0525360107421875 0.0806121826171875
0.00852203369140626 0.0725479125976563 -0.00806427001953127 0.132179260253906
0.05755615234375 0.0354843139648438 0.0929718017578125 0.142196655273437
0.0714950561523438 0.00702667236328125 0.17291259765625 0.106536865234375
0.0577278137207031 0.0169563293457031 0.164337158203125 0.0888824462890625
0.0663070678710938 0.0150260925292969 0.152633666992188 0.106063842773438
0.0456352233886719 0.0480690002441406 0.0951461791992188 0.120384216308594
0.000659942626953126 0.0681495666503906 0.0375900268554688 0.0889968872070313
-0.0623588562011719 0.0449981689453125 0.0309982299804688 0.0620307922363281
-0.076171875 -0.0304946899414062 0.089111328125 0.066680908203125
-0.0395774841308594 -0.0699653625488281 0.1610107421875 0.187789916992188
0.0146102905273437 -0.0711746215820313 0.061767578125 0.39556884765625
-0.035003662109375 -0.2171630859375 0.0692901611328125 0.157745361328125
-0.108039855957031 -0.139198303222656 0.0689849853515625 0.063812255859375
-0.181350708007812 -0.0369873046875 -0.0277233123779297 -0.00483894348144532
-0.125808715820313 0.0880889892578125 -0.0467948913574219 0.0621681213378906
-0.031494140625 0.14453125 -0.0251007080078125 0.107856750488281
0.0860748291015625 0.111946105957031 0.0695114135742187 0.126441955566406
0.131805419921875 0.06591796875 0.140556335449219 0.0977020263671875
0.111488342285156 0.0769195556640625 0.130256652832031 0.0743560791015625
0.130325317382813 0.0749740600585938 0.12249755859375 0.0888290405273438
0.081298828125 0.119117736816406 0.0770721435546875 0.0876617431640625
-0.01214599609375 0.151016235351563 0.0301780700683594 0.0526008605957031
-0.127250671386719 0.103187561035156 0.0437049865722656 0.0374526977539063
-0.182418823242188 -0.0503387451171875 0.109481811523437 0.0555267333984375
-0.130477905273438 -0.142868041992188 0.1654052734375 0.178512573242188
-0.0346832275390625 -0.198028564453125 0.071563720703125 0.362548828125
-0.066375732421875 -0.31085205078125 0.0528030395507812 0.0895156860351562
-0.157363891601563 -0.206222534179688 0.0428581237792969 0.0417747497558594
-0.264694213867188 -0.0691375732421875 -0.0265445709228516 -0.00704002380371094
-0.195556640625 0.11383056640625 -0.0354423522949219 0.0409660339355469
-0.07025146484375 0.20062255859375 -0.035614013671875 0.0697517395019531
0.0999298095703125 0.175140380859375 0.039886474609375 0.09088134765625
0.170974731445313 0.115524291992188 0.0889663696289063 0.0714492797851563
0.1478271484375 0.124847412109375 0.0762939453125 0.048004150390625
0.17645263671875 0.122116088867188 0.073089599609375 0.0596237182617188
0.109909057617188 0.171585083007813 0.0440635681152344 0.0423011779785156
-0.016082763671875 0.216537475585937 0.0145463943481445 0.00695705413818361
-0.170928955078125 0.157379150390625 0.0507698059082031 0.00328445434570313
-0.26812744140625 -0.05218505859375 0.120307922363281 0.03497314453125
-0.2110595703125 -0.189132690429688 0.148666381835938 0.151458740234375
-0.0830078125 -0.292999267578125 0.06671142578125 0.288604736328125
-0.09124755859375 -0.358306884765625 0.0325889587402344 -0.0083580017089844
-0.193588256835938 -0.2440185546875 0.00604343414306639 0.000147342681884751
-0.317291259765625 -0.08477783203125 -0.029266357421875 -0.0103302001953125
-0.238677978515625 0.131942749023437 -0.0204524993896485 0.0150108337402344
-0.0963592529296875 0.231277465820312 -0.0389442443847656 0.0203933715820313
0.101181030273438 0.212615966796875 0.00566482543945313 0.0387649536132813
0.184295654296875 0.147705078125 0.0249366760253906 0.0326633453369141
0.161651611328125 0.153366088867188 0.0108909606933594 0.0146951675415039
0.19561767578125 0.149200439453125 0.0104522705078125 0.0237083435058594
0.122711181640625 0.198486328125 -0.00028038024902343 -0.00821208953857421
-0.017822265625 0.251358032226563 -0.00927352905273438 -0.0416755676269531
-0.188064575195313 0.189559936523437 0.0488967895507812 -0.0350456237792969
-0.3135986328125 -0.045684814453125 0.115509033203125 0.0112380981445312
-0.258193969726562 -0.206069946289062 0.107284545898438 0.111618041992188
-0.116180419921875 -0.3416748046875 0.044708251953125 0.186920166015625
-0.10614013671875 -0.3509521484375 0.00798797607421873 -0.122650146484375
-0.206405639648438 -0.239181518554687 -0.0379981994628906 -0.0550537109375
-0.319854736328125 -0.0793151855468749 -0.0353660583496094 -0.0167922973632813
-0.238525390625 0.132858276367188 -0.0065889358520508 -0.0154953002929687
-0.102890014648438 0.225967407226563 -0.0381050109863281 -0.0330924987792969
0.089813232421875 0.214874267578125 -0.0296249389648438 -0.0209980010986328
0.170989990234375 0.154541015625 -0.0431060791015625 -0.0124893188476562
0.15087890625 0.158172607421875 -0.0562744140625 -0.0204353332519531
0.184158325195313 0.155410766601562 -0.0548667907714844 -0.0148429870605469
0.112258911132813 0.195877075195313 -0.0481185913085937 -0.0569190979003906
-0.0224151611328125 0.244232177734375 -0.0335922241210938 -0.0863800048828125
-0.180709838867188 0.18212890625 0.0402145385742187 -0.0704193115234375
-0.30206298828125 -0.043212890625 0.0981597900390625 -0.00862884521484375
-0.252166748046875 -0.195785522460937 0.0502777099609375 0.067169189453125
-0.124237060546875 -0.337646484375 0.0118865966796875 0.0731887817382812
-0.10791015625 -0.2889404296875 -0.019989013671875 -0.232650756835938
-0.18597412109375 -0.19122314453125 -0.0813827514648438 -0.112998962402344
-0.263763427734375 -0.0568542480468749 -0.0425453186035156 -0.0257797241210938
-0.1929931640625 0.11114501953125 0.000850677490234362 -0.0444602966308594
-0.0860595703125 0.180328369140625 -0.0346755981445313 -0.0790023803710937
0.066253662109375 0.178970336914062 -0.0607147216796875 -0.0753860473632812
0.131889343261719 0.136337280273437 -0.103523254394531 -0.0555038452148437
0.117477416992187 0.138298034667969 -0.115226745605469 -0.0532684326171875
0.143402099609375 0.13885498046875 -0.112953186035156 -0.0526504516601563
0.079620361328125 0.16436767578125 -0.0871047973632813 -0.099090576171875
-0.0325164794921875 0.195083618164063 -0.048980712890625 -0.119979858398438
-0.151107788085937 0.13336181640625 0.0334625244140625 -0.0939788818359375
-0.2359619140625 -0.0484466552734375 0.0749053955078125 -0.0200042724609375
-0.196456909179688 -0.161056518554688 -0.00615882873535158 0.0244655609130859
-0.104736328125 -0.282562255859375 -0.0208091735839844 -0.035247802734375
-0.092742919921875 -0.181549072265625 -0.048919677734375 -0.32086181640625
-0.135147094726563 -0.111381530761719 -0.119354248046875 -0.16278076171875
-0.161636352539062 -0.0248565673828125 -0.0531539916992188 -0.0335845947265625
-0.11090087890625 0.070648193359375 -0.000801086425781263 -0.062896728515625
-0.054168701171875 0.104461669921875 -0.0302200317382813 -0.105079650878906
0.0340118408203125 0.113204956054688 -0.0822830200195313 -0.112678527832031
0.072784423828125 0.0957260131835938 -0.147354125976562 -0.0884246826171875
0.06640625 0.0978317260742187 -0.156707763671875 -0.0785064697265625
0.0798416137695313 0.102203369140625 -0.153533935546875 -0.08514404296875
0.033172607421875 0.110336303710938 -0.108589172363281 -0.129447937011719
-0.0410995483398438 0.117485046386719 -0.048309326171875 -0.138542175292969
-0.102592468261719 0.0632858276367188 0.0328292846679688 -0.103858947753906
-0.134529113769531 -0.0506744384765625 0.0547599792480469 -0.023040771484375
-0.110008239746094 -0.104866027832031 -0.0473060607910156 -0.0115470886230469
-0.0698699951171875 -0.185531616210937 -0.0442657470703125 -0.121925354003906
-0.0596542358398438 -0.0464324951171875 -0.075653076171875 -0.373504638671875
-0.0631103515625 -0.0183029174804688 -0.148696899414063 -0.196014404296875
-0.0383682250976563 0.0090484619140625 -0.0677337646484375 -0.03619384765625
-0.0181236267089844 0.0194873809814453 -0.0116653442382813 -0.0649681091308594
-0.0160636901855469 0.0144863128662109 -0.0247344970703125 -0.107772827148438
-0.00448799133300781 0.0310611724853516 -0.0919418334960937 -0.126655578613281
0.0024566650390625 0.0405464172363281 -0.168548583984375 -0.104156494140625
0.00518417358398438 0.0411949157714844 -0.175308227539063 -0.0919952392578125
0.00603485107421875 0.0500831604003906 -0.170089721679687 -0.107177734375
-0.0143852233886719 0.0408477783203125 -0.110107421875 -0.145614624023438
-0.0382537841796875 0.0282554626464844 -0.034210205078125 -0.14068603515625
-0.0380020141601563 -0.00566101074218751 0.0368576049804688 -0.101142883300781
-0.0233268737792969 -0.0361518859863281 0.0399627685546875 -0.0213661193847656
-0.0185928344726563 -0.0298500061035156 -0.0666160583496094 -0.0382461547851563
-0.029449462890625 -0.0606269836425781 -0.0549163818359375 -0.174850463867188
0.0021820068359375 -0.0956039428710937 0.0838775634765625 0.190765380859375
-0.0476493835449219 -0.0584793090820313 0.0842437744140625 0.0646209716796875
-0.0822830200195313 -0.000328063964843767 -0.03399658203125 -0.00119400024414062
-0.0457763671875 0.0529670715332031 -0.05242919921875 0.081512451171875
0.009979248046875 0.0723724365234375 -0.00743103027343749 0.134162902832031
0.0582847595214844 0.0339927673339844 0.093994140625 0.1434326171875
0.070465087890625 0.00579833984375 0.175765991210938 0.1072998046875
0.0575294494628906 0.0168190002441406 0.168289184570313 0.0905609130859375
0.066162109375 0.0138015747070313 0.156585693359375 0.108184814453125
0.0459632873535156 0.0476608276367187 0.0964508056640625 0.12237548828125
0.00128936767578124 0.0678634643554688 0.0382156372070313 0.0899734497070313
-0.0627822875976563 0.0457763671875 0.0324058532714844 0.0630683898925781
-0.0762405395507813 -0.0291976928710937 0.090789794921875 0.0663223266601563
-0.0397911071777344 -0.0689582824707031 0.163772583007813 0.18768310546875
0.0140457153320313 -0.0716934204101563 0.063812255859375 0.400299072265625
-0.0374755859375 -0.218658447265625 0.0725860595703125 0.162094116210938
-0.108154296875 -0.140594482421875 0.0720291137695313 0.0644149780273437
-0.183303833007812 -0.03643798828125 -0.0294017791748047 -0.00494003295898438
-0.126808166503906 0.0883712768554687 -0.0468254089355469 0.0630874633789062
-0.0301361083984375 0.146682739257813 -0.0244827270507813 0.110206604003906
0.0872039794921875 0.111152648925781 0.0705718994140625 0.127021789550781
0.1324462890625 0.064453125 0.143356323242188 0.09747314453125
0.112823486328125 0.0769805908203125 0.1331787109375 0.0756988525390625
0.131484985351563 0.0736923217773437 0.12652587890625 0.0901718139648438
0.0826416015625 0.118675231933594 0.0779037475585938 0.089569091796875
-0.0117034912109375 0.151901245117188 0.0297622680664062 0.05389404296875
-0.129203796386719 0.106109619140625 0.0452499389648437 0.0390853881835938
-0.184356689453125 -0.049560546875 0.111885070800781 0.0551071166992188
-0.131576538085938 -0.143112182617188 0.168136596679688 0.179718017578125
-0.036956787109375 -0.200881958007812 0.073394775390625 0.366302490234375
-0.069488525390625 -0.313629150390625 0.0559539794921875 0.0936508178710937
-0.15899658203125 -0.20947265625 0.0461463928222656 0.0423393249511719
-0.268325805664063 -0.0680847167968749 -0.0288066864013672 -0.00665092468261719
-0.197555541992188 0.115646362304688 -0.0354118347167969 0.0421943664550781
-0.0692138671875 0.2047119140625 -0.0350341796875 0.0720977783203125
0.101974487304688 0.174346923828125 0.0409164428710937 0.0908355712890625
0.173324584960937 0.113494873046875 0.0909347534179688 0.071563720703125
0.150466918945313 0.125274658203125 0.0781936645507813 0.0488052368164063
0.178726196289063 0.120635986328125 0.0761184692382813 0.0607070922851563
0.112197875976563 0.17120361328125 0.0441818237304688 0.0435676574707031
-0.0155792236328125 0.218276977539062 0.013737678527832 0.00773143768310548
-0.17291259765625 0.161041259765625 0.0523300170898437 0.00478744506835938
-0.272232055664063 -0.0513305664062501 0.122665405273437 0.0352325439453125
-0.212646484375 -0.190475463867187 0.151199340820313 0.152313232421875
-0.0863037109375 -0.298614501953125 0.06756591796875 0.29248046875
-0.094024658203125 -0.36456298828125 0.0344657897949219 -0.00620079040527346
-0.196243286132813 -0.248260498046875 0.00821971893310546 0.000628471374511703
-0.323822021484375 -0.084503173828125 -0.0325336456298828 -0.00896263122558594
-0.241256713867187 0.134872436523438 -0.0203475952148438 0.0164031982421875
-0.0959930419921875 0.236618041992188 -0.0384941101074219 0.0225677490234375
0.103073120117188 0.212799072265625 0.00648117065429688 0.0381698608398438
0.188064575195312 0.145156860351562 0.0261745452880859 0.0325641632080078
0.165496826171875 0.153945922851563 0.010706901550293 0.0157928466796875
0.198883056640625 0.14862060546875 0.0124225616455078 0.0238513946533203
0.125259399414062 0.19818115234375 -0.00105714797973632 -0.00748777389526366
-0.0164031982421875 0.254440307617188 -0.0105171203613281 -0.0414543151855469
-0.19085693359375 0.193939208984375 0.0493507385253906 -0.0346908569335937
-0.317962646484375 -0.045257568359375 0.117889404296875 0.011383056640625
-0.260345458984375 -0.207763671875 0.109237670898437 0.112258911132812
-0.120025634765625 -0.3482666015625 0.0450439453125 0.189300537109375
-0.110260009765625 -0.357879638671875 0.00911712646484373 -0.122573852539063
-0.2099609375 -0.244522094726562 -0.036895751953125 -0.055328369140625
-0.326995849609375 -0.0783081054687501 -0.03814697265625 -0.0152053833007813
-0.242095947265625 0.136489868164063 -0.00654792785644533 -0.0141706466674805
-0.102630615234375 0.231948852539063 -0.038177490234375 -0.0318527221679687
0.0915985107421875 0.214889526367188 -0.0294189453125 -0.022308349609375
0.174606323242188 0.153045654296875 -0.0427474975585937 -0.0133018493652344
0.155014038085938 0.159561157226563 -0.0583000183105469 -0.0206108093261719
0.187789916992187 0.155197143554687 -0.0549354553222656 -0.0155563354492187
0.114334106445313 0.19549560546875 -0.0493354797363281 -0.0568771362304687
-0.0203399658203125 0.247238159179687 -0.0353622436523438 -0.0863800048828125
-0.182937622070313 0.1864013671875 0.0408668518066406 -0.0698013305664063
-0.307403564453125 -0.042510986328125 0.100433349609375 -0.00885009765625
-0.25531005859375 -0.197906494140625 0.05108642578125 0.06805419921875
-0.128082275390625 -0.3447265625 0.011749267578125 0.0733261108398437
-0.110870361328125 -0.2952880859375 -0.0200347900390625 -0.234512329101563
-0.19000244140625 -0.195526123046875 -0.0825576782226563 -0.113670349121094
-0.271224975585937 -0.0564422607421876 -0.0453720092773438 -0.0238151550292969
-0.195648193359375 0.115524291992188 0.00113296508789062 -0.0435600280761719
-0.086578369140625 0.185562133789063 -0.0348434448242188 -0.0784454345703125
0.06793212890625 0.17987060546875 -0.0608139038085937 -0.0778732299804688
0.135612487792969 0.13494873046875 -0.104629516601562 -0.0563735961914062
0.121566772460937 0.140235900878906 -0.117996215820312 -0.053924560546875
0.145904541015625 0.13922119140625 -0.114532470703125 -0.053680419921875
0.081146240234375 0.164398193359375 -0.0888671875 -0.0996551513671875
-0.0311737060546875 0.19818115234375 -0.0502777099609375 -0.120338439941406
-0.153656005859375 0.136703491210938 0.0337066650390625 -0.0942306518554688
-0.241424560546875 -0.048431396484375 0.0765609741210937 -0.020111083984375
-0.198501586914062 -0.16326904296875 -0.00620651245117188 0.0256385803222656
-0.108184814453125 -0.289306640625 -0.0218849182128906 -0.0358238220214844
-0.0943603515625 -0.186691284179688 -0.050384521484375 -0.324615478515625
-0.138053894042969 -0.114639282226562 -0.121673583984375 -0.163665771484375
-0.166351318359375 -0.0238800048828125 -0.0550308227539063 -0.0314559936523438
-0.11322021484375 0.0733108520507813 -0.000900268554687502 -0.0618896484375
-0.0549697875976563 0.108131408691406 -0.0307083129882813 -0.10601806640625
0.0351181030273438 0.114044189453125 -0.0830459594726562 -0.115226745605469
0.07611083984375 0.0952072143554687 -0.149978637695313 -0.089447021484375
0.0689315795898438 0.0992202758789063 -0.16064453125 -0.0799102783203125
0.082489013671875 0.103103637695312 -0.156158447265625 -0.08648681640625
0.0346908569335938 0.110816955566406 -0.110626220703125 -0.13043212890625
-0.0394210815429688 0.120010375976563 -0.0500946044921875 -0.138992309570313
-0.104591369628906 0.0660476684570312 0.0323638916015625 -0.104812622070313
-0.138473510742187 -0.0513534545898438 0.055908203125 -0.0229377746582031
-0.111557006835938 -0.106826782226563 -0.0480499267578125 -0.0107841491699219
-0.0722808837890625 -0.190048217773437 -0.046356201171875 -0.124618530273438
-0.0603218078613281 -0.049835205078125 -0.077301025390625 -0.378143310546875
-0.0652961730957031 -0.0199432373046875 -0.152175903320313 -0.197296142578125
-0.0407905578613281 0.00930404663085938 -0.0687446594238281 -0.034393310546875
-0.01885986328125 0.0205554962158203 -0.0122337341308594 -0.0647659301757813
-0.0174560546875 0.0161190032958984 -0.0251693725585938 -0.109542846679688
-0.00446510314941407 0.0323352813720703 -0.0929412841796875 -0.129196166992188
0.00409698486328125 0.0405197143554688 -0.171600341796875 -0.106155395507812
0.00654983520507812 0.0416946411132813 -0.178848266601563 -0.093536376953125
0.0071868896484375 0.0508689880371094 -0.173919677734375 -0.108627319335938
-0.0134239196777344 0.0417022705078125 -0.112213134765625 -0.146636962890625
-0.0376968383789062 0.0300178527832031 -0.03533935546875 -0.141799926757813
-0.0396080017089844 -0.00463485717773438 0.036163330078125 -0.101768493652344
-0.02520751953125 -0.0370597839355469 0.0409164428710938 -0.0207939147949219
-0.0199432373046875 -0.03125 -0.0676651000976563 -0.0371780395507812
-0.0310440063476563 -0.0633354187011719 -0.057464599609375 -0.178085327148437
0.0018310546875 -0.0971832275390625 0.090850830078125 0.199142456054688
-0.04815673828125 -0.0599098205566406 0.0894317626953125 0.0659713745117187
-0.0843582153320312 -0.000480651855468739 -0.0356826782226563 -0.0014801025390625
-0.0467910766601562 0.0539398193359375 -0.0529861450195313 0.084197998046875
0.0119552612304688 0.0736618041992188 -0.00579071044921875 0.139389038085938
0.0595207214355469 0.03277587890625 0.0976409912109375 0.147476196289062
0.0710678100585938 0.0047607421875 0.183563232421875 0.109481811523437
0.0588607788085937 0.0167007446289063 0.176864624023438 0.093170166015625
0.0678939819335938 0.0123786926269531 0.165206909179688 0.11175537109375
0.047943115234375 0.0476226806640625 0.101470947265625 0.127479553222656
0.00177383422851563 0.0691909790039062 0.0403518676757813 0.0931930541992188
-0.0640754699707031 0.0485992431640625 0.0350151062011719 0.065338134765625
-0.0778579711914063 -0.0289688110351563 0.0945053100585938 0.0676422119140625
-0.0411338806152344 -0.0690803527832031 0.17132568359375 0.191635131835937
0.0131683349609375 -0.0733108520507812 0.070159912109375 0.414642333984375
-0.04132080078125 -0.224990844726562 0.0794830322265625 0.169876098632813
-0.11181640625 -0.145431518554688 0.0771255493164063 0.06585693359375
-0.190109252929688 -0.0364227294921875 -0.0322341918945313 -0.00459671020507813
-0.130302429199219 0.091888427734375 -0.0472908020019531 0.0658531188964844
-0.0283203125 0.151824951171875 -0.023895263671875 0.114974975585938
0.0906982421875 0.11175537109375 0.074554443359375 0.130813598632813
0.136314392089844 0.0630874633789063 0.14990234375 0.0993499755859375
0.117568969726563 0.0787811279296875 0.14013671875 0.0783233642578125
0.136772155761719 0.0733261108398438 0.133735656738281 0.0934524536132813
0.086151123046875 0.120468139648438 0.0812911987304688 0.0933151245117188
-0.00964355468749999 0.156402587890625 0.0305862426757812 0.056060791015625
-0.132919311523438 0.112213134765625 0.0481605529785156 0.040435791015625
-0.191055297851563 -0.048828125 0.11614990234375 0.0555419921875
-0.136611938476563 -0.14617919921875 0.175521850585938 0.183380126953125
-0.04095458984375 -0.208114624023438 0.08013916015625 0.3797607421875
-0.076202392578125 -0.3251953125 0.0613327026367187 0.0989151000976562
-0.166152954101562 -0.216644287109375 0.0503692626953125 0.0437278747558594
-0.28033447265625 -0.0676422119140624 -0.0319099426269531 -0.00476264953613281
-0.203521728515625 0.121597290039063 -0.0356330871582031 0.0450325012207031
-0.068084716796875 0.213363647460938 -0.0344467163085938 0.0765838623046875
0.10687255859375 0.177047729492188 0.042877197265625 0.093017578125
0.180084228515625 0.112930297851562 0.0960464477539063 0.0727157592773438
0.158294677734375 0.128265380859375 0.0816879272460938 0.0511016845703125
0.186691284179688 0.121368408203125 0.08123779296875 0.0621261596679688
0.11737060546875 0.174240112304688 0.0461769104003906 0.0458183288574219
-0.0124969482421875 0.225753784179688 0.0130596160888672 0.00896263122558595
-0.178482055664063 0.170135498046875 0.0551986694335937 0.00479888916015626
-0.282958984375 -0.050445556640625 0.128578186035156 0.034820556640625
-0.220840454101563 -0.1949462890625 0.157760620117188 0.155715942382813
-0.09320068359375 -0.31048583984375 0.073028564453125 0.303253173828125
-0.10321044921875 -0.378143310546875 0.03778076171875 -0.0045585632324219
-0.206466674804688 -0.257614135742187 0.0106239318847656 0.000886917114257797
-0.3382568359375 -0.082855224609375 -0.0360336303710938 -0.00645065307617188
-0.248825073242188 0.142578125 -0.0206832885742188 0.018463134765625
-0.0958099365234375 0.2484130859375 -0.0388259887695313 0.0257415771484375
0.109146118164062 0.217315673828125 0.00743103027343751 0.0384902954101563
0.196334838867187 0.14599609375 0.0281753540039063 0.0325603485107422
0.174606323242188 0.15814208984375 0.010833740234375 0.0168447494506836
0.208480834960938 0.149917602539063 0.0140705108642578 0.02423095703125
0.130935668945313 0.201995849609375 -0.00122928619384765 -0.00693702697753905
-0.0128936767578125 0.263290405273438 -0.0122299194335938 -0.0414390563964844
-0.196868896484375 0.204940795898438 0.0520210266113281 -0.0353736877441406
-0.3321533203125 -0.0433654785156251 0.123512268066406 0.00998687744140624
-0.270614624023438 -0.2138671875 0.114364624023437 0.115394592285156
-0.1292724609375 -0.362762451171875 0.0481414794921875 0.195846557617188
-0.11907958984375 -0.372833251953125 0.00942230224609373 -0.124679565429688
-0.22076416015625 -0.25439453125 -0.0374526977539063 -0.0562782287597656
-0.3441162109375 -0.0771179199218751 -0.0418739318847657 -0.012451171875
-0.250747680664062 0.14508056640625 -0.00663185119628908 -0.0129833221435547
-0.102828979492188 0.244064331054687 -0.0386123657226563 -0.0308723449707031
0.0966644287109375 0.220458984375 -0.0300273895263672 -0.0241298675537109
0.182754516601563 0.153778076171875 -0.0440940856933594 -0.0145111083984375
0.164138793945313 0.164016723632813 -0.061370849609375 -0.0203399658203125
0.197311401367188 0.157272338867188 -0.0568008422851562 -0.0165901184082031
0.1201171875 0.19976806640625 -0.0520248413085937 -0.0582809448242187
-0.01751708984375 0.2567138671875 -0.0385284423828125 -0.0879974365234375
-0.189620971679688 0.196701049804688 0.0421600341796875 -0.072418212890625
-0.321014404296875 -0.041015625 0.104820251464844 -0.0107879638671875
-0.265380859375 -0.203704833984375 0.0534210205078125 0.0703964233398438
-0.137481689453125 -0.359619140625 0.0118637084960937 0.0751495361328125
-0.11920166015625 -0.30877685546875 -0.0224609375 -0.241973876953125
-0.200332641601563 -0.204879760742188 -0.0857467651367188 -0.116943359375
-0.28533935546875 -0.054656982421875 -0.0489234924316406 -0.0207901000976563
-0.2021484375 0.12255859375 0.000740051269531241 -0.0429191589355469
-0.087799072265625 0.196533203125 -0.0363693237304688 -0.079833984375
0.072265625 0.184417724609375 -0.0630111694335937 -0.0813064575195313
0.142593383789063 0.1363525390625 -0.109207153320312 -0.0585098266601562
0.128952026367188 0.14385986328125 -0.125030517578125 -0.0551681518554687
0.154052734375 0.141555786132813 -0.119697570800781 -0.0559463500976562
0.086395263671875 0.168411254882813 -0.09368896484375 -0.102798461914062
-0.028289794921875 0.206130981445313 -0.0539474487304688 -0.123046875
-0.158798217773438 0.145217895507813 0.0336074829101562 -0.097259521484375
-0.252944946289063 -0.0492095947265625 0.0806045532226562 -0.021697998046875
-0.207061767578125 -0.1689453125 -0.0063304901123047 0.0268840789794922
-0.116058349609375 -0.30157470703125 -0.0244560241699219 -0.0381889343261719
-0.100189208984375 -0.196304321289063 -0.05560302734375 -0.3358154296875
-0.145278930664063 -0.12005615234375 -0.127822875976563 -0.168487548828125
-0.175811767578125 -0.022735595703125 -0.057861328125 -0.0295066833496094
-0.117347717285156 0.0783538818359375 -0.00122451782226563 -0.0627975463867188
-0.0560073852539063 0.114761352539062 -0.0324172973632813 -0.108596801757812
0.037322998046875 0.117561340332031 -0.0867767333984375 -0.120109558105469
0.0808029174804688 0.0957794189453125 -0.15667724609375 -0.0919036865234375
0.0742568969726563 0.101951599121094 -0.169464111328125 -0.0810089111328125
0.0873031616210938 0.105438232421875 -0.164260864257813 -0.0890655517578125
0.0373992919921875 0.113601684570313 -0.115898132324219 -0.134567260742188
-0.0383377075195313 0.1251220703125 -0.0533599853515625 -0.142288208007813
-0.108909606933594 0.0704193115234375 0.0321273803710938 -0.108001708984375
-0.146469116210938 -0.0522918701171875 0.0586128234863281 -0.0245208740234375
-0.116630554199219 -0.1109619140625 -0.0504531860351563 -0.00936889648437499
-0.0778350830078125 -0.198867797851563 -0.0507354736328125 -0.129196166992188
-0.0627250671386719 -0.0542068481445312 -0.08538818359375 -0.39105224609375
-0.0689773559570313 -0.0209236145019531 -0.160491943359375 -0.202392578125
-0.0438423156738281 0.0102691650390625 -0.0716476440429688 -0.0333023071289063
-0.0200538635253906 0.02264404296875 -0.0131988525390625 -0.0655899047851563
-0.0176315307617188 0.0181407928466797 -0.027252197265625 -0.113304138183594
-0.0043792724609375 0.0343418121337891 -0.0971755981445312 -0.134346008300781
0.0059661865234375 0.0416908264160156 -0.179473876953125 -0.108489990234375
0.00770950317382812 0.0438156127929688 -0.187973022460938 -0.0952301025390625
0.00887680053710937 0.0529594421386719 -0.183120727539062 -0.111770629882813
-0.013275146484375 0.0436248779296875 -0.11767578125 -0.151763916015625
-0.0378456115722656 0.0322227478027344 -0.03802490234375 -0.14599609375
-0.0418357849121094 -0.00329208374023437 0.0357131958007813 -0.105522155761719
-0.0294456481933594 -0.0388526916503906 0.0426025390625 -0.0218429565429688
-0.0219554901123047 -0.0336780548095703 -0.0709991455078125 -0.0369873046875
-0.0337905883789063 -0.0676612854003906 -0.0626373291015625 -0.185394287109375
-0.00119781494140624 -0.09954833984375 0.104110717773438 0.20556640625
-0.0511131286621094 -0.061492919921875 0.0969314575195313 0.06549072265625
-0.0876083374023438 0.0016021728515625 -0.0380058288574219 0.000263214111328128
-0.0469627380371094 0.0564041137695312 -0.051849365234375 0.0888519287109375
0.0161666870117188 0.0748367309570313 -0.000747680664062488 0.145431518554688
0.0625877380371094 0.0309410095214844 0.106063842773438 0.150787353515625
0.0728683471679687 0.00191497802734375 0.195831298828125 0.1070556640625
0.0615119934082031 0.0153465270996094 0.190658569335938 0.0917510986328125
0.0700836181640625 0.00955581665039063 0.179306030273438 0.111251831054688
0.0509910583496094 0.0468940734863281 0.110420227050781 0.131317138671875
0.00423431396484376 0.0711441040039063 0.0444564819335937 0.095916748046875
-0.064971923828125 0.0533103942871094 0.0397682189941406 0.0673370361328125
-0.08056640625 -0.0267791748046875 0.101081848144531 0.0668258666992188
-0.0447006225585938 -0.0698127746582031 0.185089111328125 0.193984985351563
0.0104522705078125 -0.0767440795898438 0.088836669921875 0.4302978515625
-0.0511016845703125 -0.23272705078125 0.0918426513671875 0.176284790039062
-0.120498657226563 -0.14886474609375 0.0848617553710937 0.0660400390625
-0.200057983398438 -0.0313873291015625 -0.0352058410644531 -0.00210952758789062
-0.133140563964844 0.0996246337890625 -0.0463523864746094 0.0702018737792969
-0.0231781005859375 0.158981323242188 -0.0195465087890625 0.121391296386719
0.0981369018554688 0.110954284667969 0.0810165405273438 0.134162902832031
0.143096923828125 0.0591888427734375 0.16082763671875 0.0988006591796875
0.125465393066406 0.0774612426757813 0.151092529296875 0.0777587890625
0.144683837890625 0.0699920654296875 0.14599609375 0.0928802490234375
0.0933837890625 0.121589660644531 0.0883331298828125 0.0959396362304688
-0.00480651855468751 0.162857055664063 0.0328826904296875 0.0581283569335938
-0.134841918945313 0.122589111328125 0.0531120300292969 0.0407218933105469
-0.200973510742188 -0.0445404052734375 0.123580932617187 0.0532760620117188
-0.146194458007813 -0.14794921875 0.189544677734375 0.184814453125
-0.05078125 -0.2174072265625 0.09674072265625 0.394317626953125
-0.0916748046875 -0.337310791015625 0.0702590942382813 0.103424072265625
-0.18011474609375 -0.22259521484375 0.0560646057128906 0.0438957214355469
-0.296295166015625 -0.0604248046875 -0.0355987548828125 -0.00158691406250001
-0.208892822265625 0.134033203125 -0.0350837707519531 0.0487289428710938
-0.062591552734375 0.225967407226563 -0.0320587158203125 0.0822982788085938
0.11724853515625 0.17901611328125 0.0479202270507813 0.0955657958984375
0.190628051757813 0.109375 0.103713989257813 0.0728378295898438
0.170440673828125 0.128463745117187 0.0879745483398438 0.0515823364257813
0.198883056640625 0.11810302734375 0.0887451171875 0.0621337890625
0.128250122070313 0.17669677734375 0.0494651794433594 0.0475578308105469
-0.0048675537109375 0.23553466796875 0.0129175186157227 0.0100193023681641
-0.181854248046875 0.185272216796875 0.0586967468261719 0.00349044799804689
-0.29840087890625 -0.043304443359375 0.135536193847656 0.0309371948242187
-0.23651123046875 -0.1971435546875 0.169815063476562 0.157012939453125
-0.109283447265625 -0.323211669921875 0.08660888671875 0.313720703125
-0.121612548828125 -0.39324951171875 0.0413284301757812 -0.00370025634765627
-0.224029541015625 -0.264602661132813 0.0127840042114258 0.00107765197753905
-0.358734130859375 -0.073638916015625 -0.0400123596191407 -0.00203704833984376
-0.256072998046875 0.15863037109375 -0.0199356079101563 0.0214080810546875
-0.089935302734375 0.265182495117188 -0.0381889343261719 0.0295867919921875
0.120986938476563 0.221160888671875 0.00921630859375 0.0396003723144531
0.209716796875 0.142105102539062 0.0311412811279297 0.0327377319335938
0.189483642578125 0.15960693359375 0.0119743347167969 0.0177974700927734
0.223464965820313 0.147720336914063 0.0167922973632813 0.0241985321044922
0.143402099609375 0.205078125 -0.00205421447753905 -0.00642824172973632
-0.00332641601562498 0.275665283203125 -0.0149459838867188 -0.0419349670410156
-0.200088500976562 0.222854614257813 0.054443359375 -0.0378189086914062
-0.3505859375 -0.03460693359375 0.129951477050781 0.00522613525390625
-0.288909912109375 -0.215667724609375 0.122718811035156 0.116912841796875
-0.14813232421875 -0.378509521484375 0.0563507080078125 0.20220947265625
-0.138153076171875 -0.38824462890625 0.00706481933593749 -0.129127502441406
-0.240203857421875 -0.261032104492188 -0.039886474609375 -0.0571517944335938
-0.365325927734375 -0.066741943359375 -0.0461883544921875 -0.00766372680664063
-0.257369995117188 0.161468505859375 -0.0068483352661133 -0.011601448059082
-0.097412109375 0.261444091796875 -0.040679931640625 -0.0295867919921875
0.109161376953125 0.226318359375 -0.0318813323974609 -0.0250110626220703
0.197036743164062 0.151031494140625 -0.0460243225097656 -0.0140495300292969
0.178573608398438 0.165939331054688 -0.0660324096679687 -0.01861572265625
0.212692260742188 0.15570068359375 -0.0601730346679687 -0.016204833984375
0.13201904296875 0.203277587890625 -0.0567169189453125 -0.0590248107910156
-0.0079345703125 0.268447875976563 -0.0439682006835938 -0.089141845703125
-0.192291259765625 0.214370727539062 0.0426788330078125 -0.0763397216796875
-0.339813232421875 -0.0329895019531249 0.109519958496094 -0.0160675048828125
-0.283447265625 -0.205169677734375 0.057769775390625 0.0719146728515625
-0.156982421875 -0.3746337890625 0.01409912109375 0.0776901245117187
-0.136566162109375 -0.3223876953125 -0.031036376953125 -0.251296997070313
-0.2176513671875 -0.209060668945313 -0.0927200317382813 -0.11907958984375
-0.30303955078125 -0.0461120605468749 -0.0524520874023438 -0.0166854858398438
-0.207534790039063 0.136703491210937 3.05175781249836E-05 -0.0436248779296875
-0.08404541015625 0.2109375 -0.0399017333984375 -0.08099365234375
0.0816802978515625 0.190093994140625 -0.0683670043945313 -0.0841827392578125
0.154022216796875 0.13458251953125 -0.116264343261719 -0.0582122802734375
0.141357421875 0.146026611328125 -0.13372802734375 -0.0529937744140625
0.166671752929688 0.141632080078125 -0.128318786621094 -0.054901123046875
0.0954132080078125 0.171585083007813 -0.101943969726563 -0.104049682617188
-0.0211944580078125 0.2161865234375 -0.0612335205078125 -0.125587463378906
-0.162460327148437 0.159164428710938 0.0318374633789063 -0.102455139160156
-0.268661499023438 -0.0428466796874999 0.0842208862304687 -0.0267257690429688
-0.221527099609375 -0.171051025390625 -0.00688934326171877 0.028900146484375
-0.13311767578125 -0.31512451171875 -0.0281524658203125 -0.0400619506835938
-0.112899780273438 -0.204986572265625 -0.069671630859375 -0.3477783203125
-0.157852172851563 -0.121871948242188 -0.139450073242187 -0.171173095703125
-0.186691284179688 -0.0164337158203125 -0.0617561340332031 -0.026153564453125
-0.119865417480469 0.087127685546875 -0.00296020507812501 -0.0640068054199219
-0.054351806640625 0.124427795410156 -0.0372695922851563 -0.11151123046875
0.0429153442382812 0.122177124023438 -0.09405517578125 -0.124015808105469
0.0883560180664063 0.0955810546875 -0.167816162109375 -0.0915985107421875
0.0822677612304687 0.103904724121094 -0.182296752929688 -0.0791168212890625
0.0961532592773437 0.106903076171875 -0.176544189453125 -0.08819580078125
0.0424652099609375 0.1168212890625 -0.12677001953125 -0.136978149414063
-0.0342559814453125 0.132499694824219 -0.06103515625 -0.146514892578125
-0.112342834472656 0.079071044921875 0.0293197631835937 -0.113716125488281
-0.157028198242188 -0.0504150390625 0.0609130859375 -0.0282058715820313
-0.125419616699219 -0.113029479980469 -0.0530891418457031 -0.00737380981445314
-0.088836669921875 -0.208038330078125 -0.0589981079101562 -0.134193420410156
-0.0683441162109375 -0.05718994140625 -0.1029052734375 -0.405670166015625
-0.074249267578125 -0.0200881958007813 -0.175247192382813 -0.205642700195313
-0.0465545654296875 0.0119667053222656 -0.0745010375976563 -0.0306930541992188
-0.0203819274902344 0.0255756378173828 -0.015716552734375 -0.0670928955078125
-0.0193710327148437 0.0217113494873047 -0.0323867797851563 -0.11712646484375
-0.0036163330078125 0.0368537902832031 -0.105255126953125 -0.138290405273438
0.00870132446289062 0.0427513122558594 -0.192489624023438 -0.107864379882812
0.0107421875 0.0453987121582031 -0.203140258789063 -0.0936279296875
0.0125083923339844 0.0560874938964844 -0.19732666015625 -0.1107177734375
-0.0120277404785156 0.0461692810058594 -0.129379272460938 -0.154434204101562
-0.0367927551269531 0.0355262756347656 -0.0442352294921875 -0.150558471679687
-0.0447616577148438 -0.000598907470703133 0.0331344604492188 -0.110923767089844
-0.0342559814453125 -0.0393829345703125 0.0441207885742188 -0.0244674682617188
-0.0247535705566406 -0.0352134704589844 -0.0756912231445313 -0.0352935791015625
-0.038330078125 -0.0718002319335938 -0.0733642578125 -0.191818237304688
-0.00661468505859375 -0.101333618164063 0.120895385742188 0.207290649414063
-0.0545806884765625 -0.0608940124511719 0.10516357421875 0.0616302490234375
-0.0896148681640625 0.00601196289062498 -0.0405426025390625 0.00290298461914062
-0.0462722778320313 0.0597648620605469 -0.04815673828125 0.0941085815429688
0.0211181640625 0.0746917724609375 0.00788879394531249 0.149765014648438
0.0650863647460938 0.0262680053710938 0.116592407226562 0.15087890625
0.0737991333007812 -0.0018768310546875 0.208572387695313 0.0998382568359375
0.0634117126464844 0.0122718811035156 0.203704833984375 0.0843353271484375
0.0711593627929688 0.00455474853515625 0.194732666015625 0.1048583984375
0.0545539855957031 0.0445365905761719 0.122444152832031 0.130996704101563
0.0076904296875 0.0723419189453125 0.0503005981445313 0.0972900390625
-0.0636405944824219 0.05889892578125 0.0458450317382812 0.0664253234863281
-0.0837173461914063 -0.0232772827148437 0.108222961425781 0.0632247924804688
-0.0492820739746094 -0.0683021545410156 0.201766967773437 0.188232421875
0.00611877441406251 -0.0789947509765625 0.115966796875 0.438873291015625
-0.0657196044921875 -0.236587524414063 0.107498168945313 0.17742919921875
-0.131500244140625 -0.148162841796875 0.0931243896484375 0.0633163452148437
-0.208160400390625 -0.02105712890625 -0.0377388000488281 0.00204086303710937
-0.132194519042969 0.109275817871094 -0.0429916381835938 0.0746078491210938
-0.013397216796875 0.16424560546875 -0.0124359130859375 0.125953674316406
0.10626220703125 0.107009887695313 0.0902633666992188 0.133834838867188
0.14910888671875 0.0521240234375 0.17266845703125 0.0924224853515625
0.134063720703125 0.0730667114257813 0.161758422851563 0.0724945068359375
0.152435302734375 0.0624237060546875 0.158599853515625 0.0877227783203125
0.102485656738281 0.118827819824219 0.0968399047851562 0.0959014892578125
0.00462341308593752 0.167449951171875 0.03631591796875 0.0590744018554688
-0.13238525390625 0.135215759277344 0.0581512451171875 0.03875732421875
-0.210006713867188 -0.034820556640625 0.131317138671875 0.0473709106445313
-0.158233642578125 -0.143707275390625 0.2054443359375 0.1795654296875
-0.0661773681640625 -0.221954345703125 0.122894287109375 0.400360107421875
-0.114715576171875 -0.343048095703125 0.0806350708007812 0.104232788085937
-0.19775390625 -0.221298217773437 0.0626716613769531 0.042572021484375
-0.31060791015625 -0.04473876953125 -0.0381126403808594 0.00383377075195313
-0.208602905273437 0.150054931640625 -0.0322494506835938 0.0527076721191406
-0.0499267578125 0.237228393554688 -0.0272064208984375 0.08685302734375
0.129837036132813 0.175949096679688 0.0543975830078125 0.0958328247070313
0.20166015625 0.0999908447265625 0.111648559570313 0.0688018798828125
0.18414306640625 0.122650146484375 0.0950546264648438 0.0490875244140625
0.212295532226563 0.108062744140625 0.0971221923828125 0.059051513671875
0.141067504882813 0.173324584960937 0.0538444519042969 0.0475578308105469
0.008819580078125 0.243133544921875 0.013026237487793 0.0108718872070313
-0.177459716796875 0.203521728515625 0.0621299743652344 0.000648498535156262
-0.312042236328125 -0.028045654296875 0.141952514648437 0.0230712890625
-0.253936767578125 -0.1905517578125 0.18341064453125 0.152069091796875
-0.132720947265625 -0.329620361328125 0.106597900390625 0.31829833984375
-0.1497802734375 -0.400177001953125 0.0445709228515625 -0.00489807128906252
-0.247299194335938 -0.263153076171875 0.0156164169311523 0.000280380249023421
-0.377044677734375 -0.0545349121093751 -0.0421485900878907 0.0043487548828125
-0.255996704101563 0.178009033203125 -0.0178718566894531 0.0244865417480469
-0.0753021240234375 0.280059814453125 -0.0366973876953125 0.0333900451660156
0.137374877929688 0.219558715820313 0.0120201110839844 0.0397109985351563
0.223236083984375 0.132278442382813 0.034719467163086 0.0316810607910156
0.205841064453125 0.153121948242187 0.013580322265625 0.0189342498779297
0.239349365234375 0.13739013671875 0.0191974639892578 0.0236873626708984
0.15887451171875 0.201873779296875 -0.00279760360717772 -0.00562906265258788
0.013458251953125 0.28387451171875 -0.0186347961425781 -0.0405044555664062
-0.195220947265625 0.24346923828125 0.0548210144042969 -0.0419540405273437
-0.365753173828125 -0.0154113769531249 0.134117126464844 -0.00347900390625
-0.309814453125 -0.20745849609375 0.1326904296875 0.11322021484375
-0.17669677734375 -0.385345458984375 0.0689849853515625 0.204925537109375
-0.166595458984375 -0.395294189453125 0.00132751464843749 -0.13201904296875
-0.26348876953125 -0.259246826171875 -0.0424346923828125 -0.0569953918457031
-0.383880615234375 -0.047332763671875 -0.0484962463378906 -0.00104904174804687
-0.256637573242188 0.182968139648438 -0.00650787353515627 -0.0101509094238281
-0.0843963623046875 0.27752685546875 -0.0423851013183594 -0.0270843505859375
0.124710083007812 0.225860595703125 -0.0340213775634766 -0.0254859924316406
0.210662841796875 0.142120361328125 -0.0483894348144531 -0.0124397277832031
0.195892333984375 0.161117553710937 -0.0697479248046875 -0.0144195556640625
0.2288818359375 0.146392822265625 -0.0638084411621094 -0.0138473510742187
0.147552490234375 0.201324462890625 -0.0627632141113281 -0.0568618774414062
0.00857543945312501 0.277053833007813 -0.0510635375976563 -0.0881729125976562
-0.187881469726563 0.234756469726563 0.0399551391601562 -0.08056640625
-0.35577392578125 -0.01556396484375 0.112205505371094 -0.0240402221679688
-0.304229736328125 -0.198150634765625 0.0627593994140625 0.0711288452148437
-0.185546875 -0.381927490234375 0.017425537109375 0.0784912109375
-0.160552978515625 -0.3280029296875 -0.0454864501953125 -0.256500244140625
-0.237319946289062 -0.206512451171875 -0.101531982421875 -0.117362976074219
-0.318572998046875 -0.0290527343749999 -0.0552787780761719 -0.0104484558105469
-0.207138061523438 0.154525756835938 -0.00145339965820313 -0.0437812805175781
-0.073486328125 0.225341796875 -0.0450820922851563 -0.0801239013671875
0.0955810546875 0.191604614257813 -0.0744705200195313 -0.0846023559570312
0.1661376953125 0.127670288085938 -0.123558044433594 -0.053985595703125
0.156097412109375 0.142807006835938 -0.143051147460937 -0.0459136962890625
0.181838989257813 0.13519287109375 -0.137252807617188 -0.04913330078125
0.107666015625 0.171646118164063 -0.111259460449219 -0.101570129394531
-0.00787353515624999 0.224044799804688 -0.0710220336914063 -0.124359130859375
-0.159271240234375 0.17578125 0.0280914306640625 -0.106903076171875
-0.282684326171875 -0.0291748046875 0.085113525390625 -0.0332794189453125
-0.237945556640625 -0.166290283203125 -0.00568580627441407 0.0307598114013672
-0.156707763671875 -0.32098388671875 -0.0332107543945313 -0.0405921936035156
-0.129623413085938 -0.208389282226562 -0.09051513671875 -0.3544921875
-0.17144775390625 -0.118270874023437 -0.153167724609375 -0.16845703125
-0.195480346679688 -0.00640869140624999 -0.0638961791992188 -0.0208511352539063
-0.11932373046875 0.0981063842773437 -0.00643157958984376 -0.0647239685058594
-0.0483169555664062 0.1339111328125 -0.0441436767578125 -0.112358093261719
0.0513153076171875 0.124046325683594 -0.103523254394531 -0.124526977539062
0.0967025756835938 0.0924453735351563 -0.178848266601563 -0.0861053466796875
0.092529296875 0.10223388671875 -0.194915771484375 -0.0703887939453125
0.106254577636719 0.104133605957031 -0.189910888671875 -0.0804443359375
0.0506439208984375 0.11773681640625 -0.139053344726563 -0.13433837890625
-0.0267410278320313 0.138671875 -0.070953369140625 -0.1463623046875
-0.111854553222656 0.0899200439453125 0.024169921875 -0.118118286132813
-0.168075561523438 -0.0428314208984375 0.0608634948730469 -0.033447265625
-0.1358642578125 -0.111419677734375 -0.0557327270507813 -0.00343704223632813
-0.104888916015625 -0.212921142578125 -0.070068359375 -0.135322570800781
-0.0741958618164062 -0.05743408203125 -0.128936767578125 -0.412078857421875
-0.0786361694335938 -0.0167465209960937 -0.192596435546875 -0.201553344726563
-0.0485801696777344 0.01507568359375 -0.0770416259765625 -0.0261764526367187
-0.0191020965576172 0.0281391143798828 -0.0190887451171875 -0.0673370361328125
-0.0183849334716797 0.0244598388671875 -0.0401840209960938 -0.118461608886719
-0.00115203857421875 0.0394706726074219 -0.115768432617188 -0.13812255859375
0.0117835998535156 0.0426673889160156 -0.205947875976562 -0.101882934570313
0.0149307250976563 0.0463523864746094 -0.217498779296875 -0.0849151611328125
0.0169830322265625 0.0571250915527344 -0.212890625 -0.102813720703125
-0.00889968872070313 0.0482521057128906 -0.142501831054687 -0.153396606445313
-0.0352249145507812 0.0393142700195313 -0.053863525390625 -0.152420043945313
-0.046600341796875 0.00320816040039063 0.0272903442382813 -0.115577697753906
-0.040191650390625 -0.0386085510253906 0.0439262390136719 -0.0280990600585938
-0.0279083251953125 -0.0362892150878906 -0.08062744140625 -0.0312728881835937
-0.0441665649414062 -0.0737762451171875 -0.088165283203125 -0.194015502929687
-0.0121841430664063 -0.10028076171875 0.134918212890625 0.200546264648438
-0.057464599609375 -0.0583724975585937 0.110671997070313 0.0563888549804687
-0.0894393920898438 0.0111007690429688 -0.0406761169433594 0.00653457641601563
-0.0434303283691406 0.0625076293945313 -0.0419082641601563 0.0960311889648438
0.0255813598632812 0.0721588134765625 0.0170440673828125 0.14837646484375
0.0652656555175781 0.0214614868164063 0.124786376953125 0.14544677734375
0.0727005004882813 -0.00693511962890625 0.215988159179688 0.0878753662109375
0.0637168884277344 0.00844573974609375 0.211944580078125 0.0726318359375
0.0702400207519531 -0.000659942626953125 0.204574584960937 0.09307861328125
0.0569000244140625 0.0406913757324219 0.1314697265625 0.125320434570313
0.0116958618164063 0.071685791015625 0.055328369140625 0.09490966796875
-0.0597496032714844 0.0631141662597656 0.0508079528808594 0.0634040832519531
-0.0840988159179687 -0.0185699462890625 0.112014770507813 0.056121826171875
-0.0529747009277344 -0.0644645690917969 0.21246337890625 0.17633056640625
0.0011749267578125 -0.078887939453125 0.141845703125 0.43145751953125
-0.0797119140625 -0.232879638671875 0.119644165039063 0.171890258789063
-0.1400146484375 -0.141708374023438 0.0992050170898437 0.0576324462890625
-0.210311889648437 -0.00839233398437497 -0.0379409790039063 0.00713729858398437
-0.127143859863281 0.117233276367188 -0.038116455078125 0.0770492553710938
-0.003173828125 0.16448974609375 -0.00450897216796874 0.126754760742188
0.111328125 0.099029541015625 0.0976791381835938 0.1297607421875
0.150909423828125 0.04278564453125 0.179412841796875 0.0826263427734375
0.138664245605469 0.0652389526367188 0.168899536132813 0.0632171630859375
0.155319213867187 0.0521240234375 0.167144775390625 0.0776214599609375
0.108963012695313 0.112335205078125 0.103630065917969 0.0916900634765625
0.0137939453125 0.1668701171875 0.03924560546875 0.0581855773925781
-0.125381469726562 0.144287109375 0.0616912841796875 0.03497314453125
-0.212738037109375 -0.0228729248046875 0.134185791015625 0.0386962890625
-0.16644287109375 -0.135543823242188 0.216110229492188 0.16729736328125
-0.0800628662109375 -0.219879150390625 0.14617919921875 0.393157958984375
-0.135711669921875 -0.337799072265625 0.0897979736328125 0.100334167480469
-0.211563110351563 -0.21240234375 0.067718505859375 0.0388298034667969
-0.315185546875 -0.0249938964843751 -0.0379104614257813 0.0101051330566406
-0.200912475585938 0.162689208984375 -0.0281600952148438 0.0547714233398438
-0.03472900390625 0.240509033203125 -0.0212020874023437 0.088623046875
0.139877319335938 0.166900634765625 0.0594711303710938 0.09259033203125
0.2060546875 0.086456298828125 0.117469787597656 0.061981201171875
0.192489624023438 0.11224365234375 0.100082397460938 0.044281005859375
0.218765258789063 0.0939788818359375 0.102584838867188 0.0528793334960938
0.151275634765625 0.164779663085937 0.0573997497558594 0.0462837219238281
0.0226898193359375 0.24267578125 0.0131301879882813 0.0113525390625
-0.16650390625 0.216201782226562 0.0633735656738281 -0.00329589843749999
-0.31610107421875 -0.010498046875 0.142257690429687 0.013153076171875
-0.264846801757812 -0.178176879882813 0.192184448242187 0.141998291015625
-0.154022216796875 -0.324859619140625 0.1248779296875 0.311859130859375
-0.175079345703125 -0.393402099609375 0.0471763610839844 -0.00625610351562502
-0.263534545898438 -0.251510620117188 0.0179443359375 -0.000650405883789078
-0.38372802734375 -0.0309143066406251 -0.0413818359375 0.0110588073730469
-0.24688720703125 0.1947021484375 -0.0155696868896484 0.025777816772461
-0.05755615234375 0.286163330078125 -0.0336036682128906 0.0362815856933594
0.150131225585938 0.210250854492188 0.0146598815917969 0.037872314453125
0.230178833007813 0.117874145507813 0.0378074645996094 0.0291061401367188
0.217041015625 0.141845703125 0.0153961181640625 0.0189933776855469
0.248916625976562 0.121383666992187 0.0211009979248047 0.0224361419677734
0.170562744140625 0.192489624023438 -0.00290393829345702 -0.00414705276489257
0.030853271484375 0.28314208984375 -0.0216407775878906 -0.0378875732421875
-0.18218994140625 0.2584228515625 0.0533599853515625 -0.0452804565429687
-0.371124267578125 0.00506591796875006 0.13311767578125 -0.0130538940429688
-0.322113037109375 -0.1920166015625 0.138633728027344 0.106285095214844
-0.201690673828125 -0.378631591796875 0.0790863037109375 0.201004028320312
-0.191741943359375 -0.3890380859375 -0.00419616699218753 -0.131874084472656
-0.281219482421875 -0.24664306640625 -0.0444717407226563 -0.0545730590820313
-0.390716552734375 -0.022552490234375 -0.0474472045898438 0.00625228881835938
-0.248565673828125 0.199050903320313 -0.00562286376953127 -0.00905704498291014
-0.066192626953125 0.2861328125 -0.04302978515625 -0.0237388610839844
0.138214111328125 0.218460083007813 -0.03546142578125 -0.0250244140625
0.218658447265625 0.128875732421875 -0.0486106872558594 -0.0103416442871094
0.207794189453125 0.150161743164063 -0.0712127685546875 -0.00912475585937498
0.238540649414063 0.131362915039063 -0.0654411315917969 -0.00989532470703125
0.159515380859375 0.192092895507812 -0.06689453125 -0.0525474548339844
0.02593994140625 0.277236938476563 -0.0567245483398438 -0.0836715698242187
-0.1744384765625 0.248123168945312 0.0365219116210937 -0.0829544067382812
-0.36151123046875 0.00595092773437498 0.109786987304687 -0.032073974609375
-0.31597900390625 -0.1837158203125 0.066497802734375 0.0684852600097656
-0.210418701171875 -0.375030517578125 0.0203628540039062 0.0772857666015625
-0.18218994140625 -0.321533203125 -0.0590362548828125 -0.25311279296875
-0.252304077148438 -0.195465087890625 -0.10797119140625 -0.111640930175781
-0.32415771484375 -0.00891113281250003 -0.0543937683105469 -0.00440216064453124
-0.19927978515625 0.167938232421875 -0.00293731689453126 -0.0422096252441406
-0.058380126953125 0.232666015625 -0.0490951538085938 -0.0770492553710938
0.107086181640625 0.186172485351563 -0.079681396484375 -0.0824127197265625
0.173828125 0.117111206054687 -0.127655029296875 -0.048248291015625
0.166336059570313 0.13372802734375 -0.146865844726562 -0.0365142822265625
0.191131591796875 0.123382568359375 -0.141998291015625 -0.04119873046875
0.118026733398438 0.164306640625 -0.119033813476563 -0.094879150390625
0.00640869140624998 0.224334716796875 -0.0783004760742188 -0.119163513183594
-0.149642944335937 0.18798828125 0.0225830078125 -0.108161926269531
-0.288421630859375 -0.01263427734375 0.0820999145507813 -0.0394439697265625
-0.248397827148438 -0.15472412109375 -0.00420570373535158 0.0326957702636719
-0.17816162109375 -0.316162109375 -0.0376625061035156 -0.0386772155761719
-0.143295288085938 -0.203262329101562 -0.1109619140625 -0.34906005859375
-0.179840087890625 -0.110519409179687 -0.162948608398437 -0.159835815429688
-0.198928833007813 0.00627136230468751 -0.0634269714355469 -0.01495361328125
-0.114204406738281 0.105216979980469 -0.00904464721679688 -0.0632553100585938
-0.039215087890625 0.138900756835938 -0.0503158569335938 -0.109466552734375
0.0587158203125 0.122306823730469 -0.11053466796875 -0.120384216308594
0.102386474609375 0.0860443115234375 -0.185943603515625 -0.076385498046875
0.100120544433594 0.0973052978515625 -0.201416015625 -0.0581817626953125
0.114250183105469 0.09832763671875 -0.196945190429687 -0.0687408447265625
0.0577926635742187 0.115371704101563 -0.1488037109375 -0.126937866210938
-0.0173568725585937 0.140556335449219 -0.079345703125 -0.141983032226563
-0.107246398925781 0.0984954833984375 0.0170745849609375 -0.118881225585938
-0.1741943359375 -0.032989501953125 0.0584907531738281 -0.0375862121582031
-0.142913818359375 -0.105682373046875 -0.0563735961914063 0.000812530517578129
-0.119277954101563 -0.209823608398437 -0.0799942016601563 -0.131256103515625
-0.0784454345703125 -0.0548858642578125 -0.152252197265625 -0.404296875
-0.0804214477539063 -0.0125808715820313 -0.205856323242188 -0.191085815429687
-0.0490570068359375 0.01788330078125 -0.0770339965820312 -0.0217514038085937
-0.0171470642089844 0.0294246673583984 -0.0225601196289062 -0.0650215148925781
-0.0166091918945312 0.0274581909179688 -0.0465240478515625 -0.115898132324219
0.00148391723632812 0.0409507751464844 -0.123985290527344 -0.134063720703125
0.0146446228027344 0.0421829223632813 -0.21453857421875 -0.0903167724609375
0.0184860229492187 0.0457534790039063 -0.225433349609375 -0.0717620849609375
0.0217628479003906 0.0562820434570313 -0.221832275390625 -0.0891876220703125
-0.00605010986328126 0.0492515563964844 -0.152847290039063 -0.146255493164063
-0.031890869140625 0.0415916442871094 -0.0625762939453125 -0.149093627929688
-0.0464363098144531 0.00740814208984375 0.0200576782226563 -0.116897583007812
-0.0451240539550781 -0.0356292724609375 0.0419731140136719 -0.0305747985839844
-0.0310897827148438 -0.0359077453613281 -0.0831375122070313 -0.025421142578125
-0.0498123168945313 -0.0733108520507812 -0.101119995117188 -0.188888549804688
-0.0149612426757813 -0.0978012084960938 0.140838623046875 0.193771362304688
-0.0587272644042969 -0.0559730529785156 0.112602233886719 0.0515213012695313
-0.0874404907226563 0.0141830444335938 -0.0399589538574219 0.00985717773437501
-0.0413322448730469 0.062744140625 -0.0378646850585938 0.0958786010742188
0.0273666381835937 0.0688629150390625 0.021728515625 0.145172119140625
0.0643844604492187 0.0175437927246094 0.12799072265625 0.141403198242188
0.0700798034667969 -0.00899505615234375 0.217788696289063 0.0795135498046875
0.0629119873046875 0.00662612915039062 0.214630126953125 0.0632476806640625
0.0678863525390625 -0.00392532348632812 0.207443237304688 0.08343505859375
0.0572013854980469 0.0376167297363281 0.135452270507813 0.120635986328125
0.0136947631835938 0.0698890686035156 0.0576248168945313 0.0923004150390625
-0.0565948486328125 0.0648117065429688 0.0528831481933594 0.0597419738769531
-0.0828018188476563 -0.0159988403320312 0.112648010253906 0.0501861572265625
-0.0538063049316406 -0.0610389709472656 0.214675903320313 0.165435791015625
-0.00211334228515624 -0.077239990234375 0.155487060546875 0.419525146484375
-0.087371826171875 -0.2265625 0.125381469726563 0.165542602539062
-0.143707275390625 -0.1363525390625 0.101707458496094 0.05316162109375
-0.208389282226563 -0.000442504882812511 -0.0365867614746094 0.0113716125488281
-0.12164306640625 0.120529174804688 -0.0341339111328125 0.0767669677734375
0.00334167480468752 0.161727905273438 0.000244140625000011 0.124244689941406
0.111839294433594 0.0919036865234375 0.100135803222656 0.125442504882813
0.149063110351563 0.035614013671875 0.182022094726563 0.0743560791015625
0.139686584472656 0.0598526000976562 0.171157836914063 0.056121826171875
0.15399169921875 0.044586181640625 0.169647216796875 0.0701141357421875
0.111183166503906 0.106170654296875 0.106697082519531 0.0888442993164063
0.0199737548828125 0.164215087890625 0.0398445129394531 0.0570716857910156
-0.11895751953125 0.148208618164063 0.0630378723144531 0.0315055847167969
-0.211654663085938 -0.0154876708984375 0.133567810058594 0.0324020385742188
-0.168243408203125 -0.128448486328125 0.218170166015625 0.157257080078125
-0.088043212890625 -0.214584350585938 0.15655517578125 0.381622314453125
-0.147003173828125 -0.328277587890625 0.0932159423828125 0.0966339111328125
-0.2164306640625 -0.204315185546875 0.0707168579101562 0.0353775024414062
-0.31256103515625 -0.012481689453125 -0.0354690551757813 0.0151481628417969
-0.193161010742188 0.168716430664063 -0.0248603820800781 0.0542259216308594
-0.0242156982421875 0.23858642578125 -0.0171356201171875 0.088043212890625
0.142852783203125 0.15789794921875 0.061798095703125 0.0895614624023438
0.205245971679687 0.077362060546875 0.119941711425781 0.056121826171875
0.19512939453125 0.1043701171875 0.102119445800781 0.0403518676757813
0.2188720703125 0.083526611328125 0.104576110839844 0.0482711791992188
0.154281616210938 0.156723022460938 0.0593376159667969 0.0450668334960938
0.0317840576171875 0.238616943359375 0.0129995346069336 0.0125999450683594
-0.15716552734375 0.221878051757813 0.0637664794921875 -0.00579071044921874
-0.3148193359375 0.000762939453125036 0.140274047851563 0.00727081298828125
-0.267837524414063 -0.16748046875 0.194366455078125 0.133529663085938
-0.165435791015625 -0.31744384765625 0.1331787109375 0.30291748046875
-0.1883544921875 -0.383758544921875 0.0480613708496094 -0.00730133056640627
-0.270751953125 -0.241058349609375 0.0196971893310547 -0.00164222717285158
-0.381439208984375 -0.014404296875 -0.0379791259765625 0.0165481567382812
-0.23681640625 0.201995849609375 -0.0134353637695313 0.0260238647460938
-0.044677734375 0.285400390625 -0.031097412109375 0.0374832153320313
0.154693603515625 0.201171875 0.0146369934082031 0.0362777709960938
0.230056762695313 0.10675048828125 0.0390625 0.0264396667480469
0.22076416015625 0.132705688476562 0.0172462463378906 0.0190658569335938
0.249862670898438 0.108856201171875 0.0221443176269531 0.0213966369628906
0.174789428710938 0.183395385742188 -0.00276732444763183 -0.00312137603759765
0.0407562255859375 0.278289794921875 -0.0229358673095703 -0.035135269165039
-0.1702880859375 0.263992309570313 0.0521278381347656 -0.0469894409179687
-0.369049072265625 0.018585205078125 0.129470825195313 -0.0182647705078125
-0.325103759765625 -0.1802978515625 0.140052795410156 0.100692749023437
-0.21490478515625 -0.37005615234375 0.0840911865234375 0.194992065429687
-0.20526123046875 -0.378173828125 -0.00714874267578128 -0.129127502441406
-0.2880859375 -0.236114501953125 -0.0439529418945313 -0.0529823303222656
-0.38861083984375 -0.00610351562500006 -0.0442657470703125 0.0113754272460937
-0.23858642578125 0.206466674804687 -0.00477075576782228 -0.00818729400634764
-0.0537109375 0.28533935546875 -0.0423736572265625 -0.0209617614746094
0.144638061523438 0.209701538085938 -0.0361862182617187 -0.0250396728515625
0.219131469726563 0.117767333984375 -0.0483283996582031 -0.00936889648437499
0.212326049804688 0.141494750976563 -0.0708389282226563 -0.00553894042968748
0.241134643554688 0.119491577148438 -0.0654945373535156 -0.00679779052734375
0.16400146484375 0.183639526367188 -0.0681037902832031 -0.0490608215332031
0.0355987548828125 0.272171020507813 -0.058685302734375 -0.0794906616210937
-0.163604736328125 0.25408935546875 0.0333175659179687 -0.0829391479492187
-0.360382080078125 0.0191345214843751 0.105888366699219 -0.0361557006835937
-0.31878662109375 -0.171844482421875 0.0675888061523437 0.0659103393554688
-0.223175048828125 -0.365509033203125 0.0212173461914062 0.0755233764648437
-0.193511962890625 -0.3126220703125 -0.065521240234375 -0.247970581054688
-0.257232666015625 -0.185440063476562 -0.109642028808594 -0.107177734375
-0.323333740234375 0.00442504882812501 -0.0512504577636719 0.000774383544921868
-0.191741943359375 0.173690795898438 -0.00316619873046876 -0.04095458984375
-0.047637939453125 0.233352661132813 -0.0498275756835937 -0.0732574462890625
0.112335205078125 0.180374145507813 -0.0816421508789063 -0.080596923828125
0.17529296875 0.108657836914063 -0.128067016601563 -0.0439834594726563
0.170928955078125 0.126693725585937 -0.147415161132813 -0.030059814453125
0.194229125976563 0.113601684570313 -0.143325805664063 -0.034088134765625
0.12213134765625 0.157760620117188 -0.121719360351562 -0.089447021484375
0.0151214599609375 0.221084594726563 -0.0811233520507813 -0.113876342773438
-0.14141845703125 0.193099975585937 0.018341064453125 -0.107131958007813
-0.28875732421875 -0.00134277343750006 0.0781631469726562 -0.042449951171875
-0.25128173828125 -0.146331787109375 -0.00383567810058595 0.0335464477539062
-0.189056396484375 -0.30889892578125 -0.0395469665527344 -0.0364341735839844
-0.14971923828125 -0.198089599609375 -0.120025634765625 -0.34002685546875
-0.182174682617187 -0.10369873046875 -0.1666259765625 -0.152542114257813
-0.198257446289063 0.0143890380859375 -0.0609550476074219 -0.0118560791015625
-0.109260559082031 0.108535766601562 -0.010101318359375 -0.0611953735351562
-0.0330734252929687 0.140556335449219 -0.0521621704101562 -0.104934692382813
0.062896728515625 0.1197509765625 -0.113914489746094 -0.118171691894531
0.103439331054688 0.08111572265625 -0.187942504882813 -0.0697174072265625
0.103569030761719 0.093017578125 -0.202468872070313 -0.0491180419921875
0.117332458496094 0.0917739868164063 -0.19879150390625 -0.0590667724609375
0.061279296875 0.111343383789063 -0.152252197265625 -0.120330810546875
-0.0113525390625 0.13909912109375 -0.0828170776367188 -0.136390686035156
-0.102020263671875 0.102569580078125 0.0124664306640625 -0.117256164550781
-0.175796508789063 -0.02532958984375 0.0555229187011719 -0.0396080017089844
-0.145797729492187 -0.100631713867188 -0.0562171936035156 0.00416564941406251
-0.127090454101562 -0.206069946289063 -0.0846405029296875 -0.126144409179688
-0.0800094604492188 -0.0532302856445313 -0.16424560546875 -0.393524169921875
-0.0797576904296875 -0.0102920532226563 -0.210205078125 -0.182113647460938
-0.04901123046875 0.0190658569335937 -0.0750732421875 -0.01904296875
-0.015869140625 0.0293731689453125 -0.0232772827148437 -0.0627479553222656
-0.0152454376220703 0.0289077758789063 -0.0486297607421875 -0.111457824707031
0.00344085693359375 0.0418167114257813 -0.126968383789063 -0.13079833984375
0.0160865783691406 0.0409698486328125 -0.217117309570312 -0.0828399658203125
0.0203514099121094 0.0447921752929688 -0.22747802734375 -0.0621185302734375
0.0249481201171875 0.055206298828125 -0.224411010742188 -0.0782928466796875
-0.00360107421875 0.0493850708007813 -0.157485961914063 -0.139022827148438
-0.0294227600097656 0.0422706604003906 -0.0664520263671875 -0.144287109375
-0.0454940795898437 0.0104522705078125 0.01513671875 -0.1153564453125
-0.0476226806640625 -0.0324211120605469 0.0398521423339844 -0.0318641662597656
-0.0332832336425781 -0.0353164672851562 -0.0828628540039063 -0.0212020874023438
-0.053741455078125 -0.0720672607421875 -0.107452392578125 -0.181854248046875
-0.0153656005859375 -0.0962448120117188 0.142486572265625 0.192123413085938
-0.0586662292480469 -0.0551338195800781 0.114143371582031 0.049591064453125
-0.0860748291015625 0.0149993896484375 -0.0386009216308594 0.0120048522949219
-0.0410270690917969 0.0625152587890625 -0.036865234375 0.0944976806640625
0.0275726318359375 0.0668525695800781 0.0218353271484375 0.143402099609375
0.0617218017578125 0.0157966613769531 0.128677368164063 0.140853881835938
0.0680274963378906 -0.0100975036621094 0.219512939453125 0.076080322265625
0.0622940063476563 0.00614547729492188 0.21624755859375 0.0604248046875
0.0660057067871094 -0.0047607421875 0.209808349609375 0.0796966552734375
0.0561943054199219 0.0359649658203125 0.137489318847656 0.119514465332031
0.0142021179199219 0.0694122314453125 0.0568771362304688 0.0920867919921875
-0.0555572509765625 0.065460205078125 0.0536155700683594 0.0576896667480469
-0.0821456909179688 -0.0158309936523437 0.112922668457031 0.0476455688476563
-0.0537071228027344 -0.0594711303710937 0.214630126953125 0.160903930664063
-0.00334930419921875 -0.0763320922851563 0.15576171875 0.412689208984375
-0.0892486572265625 -0.223098754882812 0.1275634765625 0.163528442382812
-0.143630981445312 -0.134719848632813 0.104240417480469 0.0513687133789062
-0.206939697265625 0.00292968750000002 -0.03466796875 0.0142574310302734
-0.11993408203125 0.121109008789062 -0.0330963134765625 0.0759353637695313
0.00512695312500001 0.159744262695312 0.000801086425781239 0.123588562011719
0.110420227050781 0.0887603759765625 0.100593566894531 0.124786376953125
0.146881103515625 0.033203125 0.182952880859375 0.07183837890625
0.139839172363281 0.0585098266601563 0.172805786132813 0.053741455078125
0.152099609375 0.0413970947265625 0.171600341796875 0.0670928955078125
0.110786437988281 0.103302001953125 0.108688354492187 0.0888137817382812
0.0212554931640625 0.16278076171875 0.0397300720214844 0.0576171875
-0.116317749023438 0.149932861328125 0.0636978149414062 0.0301742553710938
-0.211944580078125 -0.0136260986328125 0.1322021484375 0.0300369262695313
-0.16845703125 -0.126068115234375 0.217742919921875 0.153152465820312
-0.090606689453125 -0.212890625 0.157470703125 0.37640380859375
-0.15020751953125 -0.32379150390625 0.0957794189453125 0.095458984375
-0.218170166015625 -0.201797485351563 0.0726089477539062 0.0336532592773437
-0.31134033203125 -0.00750732421874993 -0.0332431793212891 0.0185947418212891
-0.190536499023437 0.169921875 -0.023193359375 0.0544204711914063
-0.02032470703125 0.237045288085938 -0.0164947509765625 0.087921142578125
0.14190673828125 0.15380859375 0.0616912841796875 0.08837890625
0.203155517578125 0.07366943359375 0.120681762695313 0.053619384765625
0.196090698242188 0.101699829101563 0.103446960449219 0.0390625
0.216995239257813 0.0787353515625 0.105949401855469 0.0466156005859375
0.154388427734375 0.15325927734375 0.0606460571289063 0.0448722839355469
0.0344696044921875 0.23626708984375 0.0123138427734375 0.0139255523681641
-0.153488159179687 0.223587036132813 0.0642662048339844 -0.00650787353515624
-0.314971923828125 0.00418090820312506 0.138084411621094 0.00493621826171875
-0.267852783203125 -0.164947509765625 0.193389892578125 0.130264282226563
-0.168914794921875 -0.315887451171875 0.13323974609375 0.298828125
-0.192779541015625 -0.3785400390625 0.0494880676269531 -0.0073204040527344
-0.272674560546875 -0.238510131835938 0.0219001770019531 -0.00291061401367189
-0.3814697265625 -0.00805664062500007 -0.0349311828613281 0.0199413299560547
-0.23358154296875 0.204299926757812 -0.0121994018554688 0.0259189605712891
-0.039764404296875 0.2840576171875 -0.029937744140625 0.0382537841796875
0.154891967773438 0.1971435546875 0.0144615173339844 0.0357818603515625
0.229156494140625 0.102493286132813 0.039886474609375 0.0247764587402344
0.2230224609375 0.130355834960938 0.0184211730957031 0.0191287994384766
0.249282836914063 0.103759765625 0.0230236053466797 0.0211181640625
0.174957275390625 0.179550170898437 -0.00280833244323729 -0.00192856788635253
0.043853759765625 0.275482177734375 -0.0232372283935547 -0.0332756042480469
-0.166580200195313 0.266250610351563 0.0523834228515625 -0.0473175048828125
-0.37127685546875 0.02252197265625 0.127067565917969 -0.0195465087890625
-0.325897216796875 -0.1776123046875 0.139396667480469 0.0992431640625
-0.21990966796875 -0.36767578125 0.08355712890625 0.192596435546875
-0.2093505859375 -0.374603271484375 -0.00665283203125001 -0.127700805664063
-0.2908935546875 -0.2335205078125 -0.0429153442382813 -0.0532493591308594
-0.3885498046875 0.000488281249999927 -0.0411720275878906 0.0146560668945313
-0.235000610351562 0.208786010742188 -0.00373983383178712 -0.007662296295166
-0.04791259765625 0.285888671875 -0.0410614013671875 -0.0194892883300781
0.14508056640625 0.206283569335938 -0.0371551513671875 -0.0256004333496094
0.21868896484375 0.11407470703125 -0.048126220703125 -0.0098724365234375
0.214553833007813 0.13861083984375 -0.070098876953125 -0.00405502319335938
0.241043090820313 0.114852905273438 -0.0652885437011719 -0.00501632690429688
0.164703369140625 0.179901123046875 -0.0688667297363281 -0.0471954345703125
0.039215087890625 0.269439697265625 -0.0594406127929688 -0.0764312744140625
-0.159744262695312 0.256500244140625 0.0335693359375 -0.0822296142578125
-0.3609619140625 0.024383544921875 0.102920532226562 -0.0369338989257813
-0.32000732421875 -0.170135498046875 0.0672721862792969 0.0661201477050781
-0.22747802734375 -0.36505126953125 0.0201034545898437 0.0756988525390625
-0.196533203125 -0.31060791015625 -0.0661163330078125 -0.244979858398438
-0.259506225585938 -0.184402465820313 -0.109725952148438 -0.106002807617187
-0.323150634765625 0.00946044921874998 -0.0486717224121094 0.00265884399414062
-0.189102172851562 0.175445556640625 -0.00266265869140626 -0.0402450561523437
-0.0439453125 0.233642578125 -0.0494232177734375 -0.0715560913085937
0.113311767578125 0.177566528320313 -0.08331298828125 -0.0812149047851563
0.1748046875 0.10540771484375 -0.129158020019531 -0.0428466796875
0.173126220703125 0.124969482421875 -0.147872924804688 -0.0267333984375
0.194793701171875 0.109710693359375 -0.143356323242188 -0.0310821533203125
0.123321533203125 0.155685424804688 -0.122642517089844 -0.0868759155273437
0.0177001953125 0.219009399414063 -0.0817794799804688 -0.111175537109375
-0.137954711914063 0.194732666015625 0.0177841186523437 -0.105873107910156
-0.2896728515625 0.00296020507812504 0.0756378173828125 -0.0431289672851563
-0.2515869140625 -0.144683837890625 -0.00313758850097658 0.0349445343017578
-0.193878173828125 -0.307464599609375 -0.0410270690917969 -0.0345382690429688
-0.152420043945313 -0.196243286132813 -0.122344970703125 -0.3369140625
-0.183929443359375 -0.10296630859375 -0.16748046875 -0.151092529296875
-0.198928833007813 0.0171051025390625 -0.0592689514160156 -0.0105552673339844
-0.107742309570312 0.109443664550781 -0.00970077514648439 -0.0601539611816406
-0.03057861328125 0.141159057617188 -0.0516433715820312 -0.103385925292969
0.0641098022460938 0.118812561035156 -0.115036010742188 -0.118186950683594
0.103897094726563 0.0793685913085938 -0.189468383789063 -0.0675811767578125
0.105270385742188 0.0923004150390625 -0.203659057617188 -0.0452117919921875
0.118797302246094 0.0891494750976563 -0.199844360351563 -0.054718017578125
0.0624618530273438 0.110099792480469 -0.153701782226563 -0.117355346679687
-0.00925445556640626 0.138023376464844 -0.0831451416015625 -0.133750915527344
-0.100044250488281 0.104820251464844 0.0113677978515625 -0.11614990234375
-0.177658081054688 -0.022003173828125 0.0533638000488281 -0.0397453308105469
-0.147003173828125 -0.100204467773437 -0.0558624267578125 0.0062255859375
-0.130767822265625 -0.204833984375 -0.08575439453125 -0.12335205078125
-0.0810775756835937 -0.0535736083984375 -0.165435791015625 -0.388275146484375
-0.0792388916015625 -0.0100631713867188 -0.210891723632813 -0.1788330078125
-0.0494880676269531 0.0193634033203125 -0.07373046875 -0.0193023681640625
-0.0158252716064453 0.0289440155029297 -0.0229759216308594 -0.0611419677734375
-0.0147838592529297 0.0298175811767578 -0.0484466552734375 -0.110313415527344
0.00468826293945312 0.0425186157226563 -0.12841796875 -0.130729675292969
0.0169906616210938 0.0406875610351563 -0.219009399414062 -0.0797271728515625
0.0217132568359375 0.0448074340820313 -0.228622436523438 -0.0575714111328125
0.0262870788574219 0.0542335510253906 -0.225479125976563 -0.07415771484375
-0.00250625610351562 0.0487098693847656 -0.15911865234375 -0.136856079101563
-0.0281143188476563 0.0425033569335938 -0.06671142578125 -0.143035888671875
-0.0443649291992188 0.0119819641113281 0.0139083862304687 -0.113601684570313
-0.0494651794433594 -0.0304031372070313 0.0383377075195313 -0.0314102172851563
-0.034332275390625 -0.0354843139648437 -0.0829925537109375 -0.018646240234375
-0.05523681640625 -0.0725326538085938 -0.108261108398437 -0.178146362304688
-0.0154190063476563 -0.0970916748046875 0.145004272460937 0.195587158203125
-0.0593070983886719 -0.0555000305175781 0.117576599121094 0.05047607421875
-0.0870437622070313 0.0151138305664062 -0.0379409790039063 0.0136375427246094
-0.0418472290039063 0.0638656616210938 -0.0375747680664062 0.0954360961914063
0.0281448364257813 0.0672111511230469 0.02056884765625 0.145477294921875
0.0610160827636719 0.0150871276855469 0.130722045898438 0.144851684570313
0.067840576171875 -0.0103187561035156 0.224334716796875 0.0776214599609375
0.0628547668457031 0.006561279296875 0.222015380859375 0.060699462890625
0.0655403137207031 -0.00509262084960938 0.21502685546875 0.0807952880859375
0.0566940307617188 0.0362892150878906 0.141143798828125 0.123199462890625
0.0141143798828125 0.0704498291015625 0.05682373046875 0.0949020385742188
-0.0566520690917969 0.0666084289550781 0.0547332763671875 0.0581626892089844
-0.0831451416015625 -0.0171737670898437 0.114471435546875 0.0474395751953125
-0.0539894104003906 -0.0596237182617188 0.217071533203125 0.162765502929688
-0.00333404541015626 -0.0770492553710937 0.155487060546875 0.41839599609375
-0.0898284912109375 -0.225875854492187 0.129898071289063 0.167022705078125
-0.146148681640625 -0.136962890625 0.107330322265625 0.0510711669921875
-0.210205078125 0.00370788574218748 -0.0327835083007813 0.0164585113525391
-0.122154235839844 0.123077392578125 -0.033721923828125 0.076202392578125
0.00579833984375 0.161285400390625 -0.000595092773437496 0.125259399414063
0.11053466796875 0.0895614624023438 0.101997375488281 0.128799438476563
0.148193359375 0.0340576171875 0.18756103515625 0.0727996826171875
0.142852783203125 0.05950927734375 0.178009033203125 0.0545806884765625
0.153182983398438 0.041748046875 0.1763916015625 0.0677947998046875
0.111831665039063 0.105239868164063 0.111701965332031 0.0914459228515625
0.021209716796875 0.165603637695313 0.0395088195800781 0.0601272583007813
-0.1190185546875 0.153244018554688 0.0654106140136719 0.0304222106933594
-0.216781616210938 -0.0147552490234375 0.133399963378906 0.0297164916992188
-0.170379638671875 -0.128875732421875 0.220565795898438 0.155532836914063
-0.0924072265625 -0.216995239257813 0.156768798828125 0.38226318359375
-0.152374267578125 -0.3287353515625 0.0978622436523437 0.0971450805664062
-0.2216796875 -0.206100463867188 0.0756301879882813 0.0335845947265625
-0.316375732421875 -0.00613403320312499 -0.0305709838867188 0.0211448669433594
-0.193511962890625 0.172637939453125 -0.0229873657226563 0.0547523498535156
-0.0196075439453125 0.240493774414062 -0.0167160034179688 0.08941650390625
0.142684936523438 0.155120849609375 0.061981201171875 0.0912246704101563
0.205215454101563 0.07403564453125 0.124107360839844 0.0538787841796875
0.200729370117188 0.1043701171875 0.107063293457031 0.0401382446289063
0.219772338867188 0.079620361328125 0.109474182128906 0.0471343994140625
0.156417846679688 0.155181884765625 0.0627861022949219 0.0472564697265625
0.034393310546875 0.240036010742187 0.0120229721069336 0.0153446197509766
-0.156951904296875 0.229034423828125 0.0667686462402344 -0.00662231445312499
-0.322540283203125 0.00415039062500002 0.139022827148437 0.00579071044921875
-0.27154541015625 -0.170242309570312 0.195266723632812 0.133010864257813
-0.173736572265625 -0.322174072265625 0.13226318359375 0.3038330078125
-0.1949462890625 -0.384765625 0.0519523620605469 -0.00694274902343752
-0.278228759765625 -0.244796752929687 0.0236091613769531 -0.00367164611816408
-0.388214111328125 -0.00598144531250003 -0.0324573516845703 0.0228004455566406
-0.237289428710937 0.20794677734375 -0.0115089416503906 0.0267810821533203
-0.039337158203125 0.2894287109375 -0.0296707153320313 0.039337158203125
0.15618896484375 0.199127197265625 0.0140151977539063 0.0361557006835938
0.2314453125 0.10369873046875 0.0415534973144531 0.0238990783691406
0.228668212890625 0.132919311523438 0.0194435119628906 0.0201702117919922
0.252334594726563 0.104827880859375 0.0241889953613281 0.0224876403808594
0.177230834960938 0.182266235351563 -0.00218820571899413 -0.00097668170928954
0.04461669921875 0.280441284179687 -0.0239048004150391 -0.0319900512695312
-0.169189453125 0.271896362304688 0.0550689697265625 -0.0476493835449219
-0.37939453125 0.023590087890625 0.127517700195312 -0.0194091796875
-0.3309326171875 -0.18310546875 0.1409912109375 0.101516723632812
-0.225189208984375 -0.37677001953125 0.0821990966796875 0.19671630859375
-0.213348388671875 -0.38116455078125 -0.00519561767578126 -0.129615783691406
-0.297271728515625 -0.23974609375 -0.0427894592285156 -0.0550155639648438
-0.39703369140625 0.00152587890625005 -0.0385360717773438 0.016876220703125
-0.239166259765625 0.213790893554688 -0.00299167633056642 -0.00723791122436522
-0.0477294921875 0.291534423828125 -0.040924072265625 -0.0193214416503906
0.146820068359375 0.209457397460938 -0.0387992858886719 -0.0269050598144531
0.221328735351563 0.115982055664063 -0.0489120483398437 -0.0109901428222656
0.220321655273438 0.141693115234375 -0.0715255737304688 -0.00298309326171874
0.2449951171875 0.115768432617188 -0.0658607482910156 -0.00427627563476563
0.16705322265625 0.182952880859375 -0.0694770812988281 -0.0474815368652344
0.040008544921875 0.273239135742188 -0.0599822998046875 -0.0760269165039062
-0.1627197265625 0.26202392578125 0.0351943969726563 -0.0835952758789063
-0.3704833984375 0.025421142578125 0.102958679199219 -0.0366134643554688
-0.32525634765625 -0.17547607421875 0.0678367614746094 0.0685005187988281
-0.234039306640625 -0.37353515625 0.0188674926757812 0.0775222778320312
-0.19927978515625 -0.317138671875 -0.065826416015625 -0.248626708984375
-0.26513671875 -0.189697265625 -0.111228942871094 -0.108711242675781
-0.3302001953125 0.0101928710937499 -0.0472183227539063 0.00379943847656251
-0.193191528320313 0.1790771484375 -0.00160980224609376 -0.040740966796875
-0.0434722900390625 0.238784790039063 -0.0486297607421875 -0.071563720703125
0.115219116210938 0.181381225585938 -0.0856094360351562 -0.0842819213867187
0.177215576171875 0.107620239257813 -0.132240295410156 -0.0439605712890625
0.178634643554688 0.127655029296875 -0.151199340820313 -0.026092529296875
0.198165893554688 0.110748291015625 -0.146194458007813 -0.0302581787109375
0.1246337890625 0.157699584960938 -0.125076293945313 -0.0877227783203125
0.018157958984375 0.222503662109375 -0.0823898315429688 -0.111724853515625
-0.140640258789063 0.199783325195313 0.0189437866210937 -0.107307434082031
-0.29833984375 0.00482177734374999 0.0753631591796875 -0.0423965454101563
-0.25689697265625 -0.149490356445312 -0.00355911254882814 0.0367240905761719
-0.1993408203125 -0.314727783203125 -0.0424766540527344 -0.0345191955566406
-0.154251098632812 -0.201156616210938 -0.12225341796875 -0.3421630859375
-0.187103271484375 -0.106903076171875 -0.170242309570312 -0.154373168945313
-0.203811645507812 0.0170440673828125 -0.0585823059082032 -0.0113029479980469
-0.110282897949219 0.110969543457031 -0.00893020629882813 -0.0608177185058594
-0.0305023193359375 0.144989013671875 -0.0502243041992187 -0.104583740234375
0.0657806396484375 0.120941162109375 -0.117805480957031 -0.122688293457031
0.105804443359375 0.0802993774414063 -0.194229125976563 -0.0692901611328125
0.109031677246094 0.0939788818359375 -0.208984375 -0.0450439453125
0.120925903320312 0.090606689453125 -0.204177856445313 -0.054168701171875
0.0629730224609375 0.112251281738281 -0.157394409179687 -0.119720458984375
-0.00936126708984376 0.139968872070313 -0.083953857421875 -0.1356201171875
-0.101325988769531 0.107673645019531 0.0122604370117187 -0.117141723632813
-0.183074951171875 -0.0206298828125 0.0536041259765625 -0.039703369140625
-0.150497436523437 -0.103485107421875 -0.0566024780273438 0.00762939453124999
-0.134384155273438 -0.210311889648437 -0.0868606567382813 -0.124725341796875
-0.0819931030273437 -0.056060791015625 -0.16693115234375 -0.396270751953125
-0.08050537109375 -0.0114059448242187 -0.214447021484375 -0.181884765625
-0.0516929626464844 0.0190391540527344 -0.0744400024414063 -0.020477294921875
-0.0164718627929688 0.0292606353759766 -0.0229148864746094 -0.0620689392089844
-0.0151252746582031 0.0314579010009766 -0.0473251342773437 -0.112258911132812
0.00547409057617188 0.0441246032714844 -0.131202697753906 -0.135581970214844
0.0173187255859375 0.0420074462890625 -0.224838256835938 -0.081329345703125
0.0228157043457031 0.0461502075195312 -0.235015869140625 -0.0572357177734375
0.0279464721679688 0.0557365417480469 -0.230697631835938 -0.0733184814453125
-0.00231552124023438 0.0499496459960938 -0.162994384765625 -0.138961791992187
-0.0279045104980469 0.0430984497070313 -0.066986083984375 -0.145217895507813
-0.045257568359375 0.01275634765625 0.0137100219726563 -0.114608764648438
-0.0515060424804687 -0.0298423767089844 0.0386734008789063 -0.0317535400390625
-0.0361404418945313 -0.0372352600097656 -0.0840911865234375 -0.0172500610351562
-0.0576400756835937 -0.07501220703125 -0.109039306640625 -0.180984497070312
-0.0164108276367187 -0.100250244140625 0.15277099609375 0.20367431640625
-0.0616264343261719 -0.0569915771484375 0.125244140625 0.05047607421875
-0.0895462036132812 0.0168914794921875 -0.0373802185058594 0.0156478881835938
-0.0429573059082031 0.0664634704589844 -0.0381698608398437 0.0988616943359375
0.0295944213867188 0.068389892578125 0.02166748046875 0.151763916015625
0.0630302429199219 0.014617919921875 0.13702392578125 0.152252197265625
0.0694313049316406 -0.0108680725097656 0.235977172851563 0.0780792236328125
0.065765380859375 0.00586700439453125 0.23480224609375 0.060272216796875
0.0667686462402344 -0.0063323974609375 0.227493286132813 0.08135986328125
0.0589103698730469 0.0365982055664063 0.150466918945313 0.12774658203125
0.0145950317382813 0.0725936889648437 0.058868408203125 0.0994186401367188
-0.0581283569335937 0.0709381103515625 0.057647705078125 0.0593147277832031
-0.0873794555664063 -0.0173721313476563 0.119483947753906 0.0471420288085937
-0.0563087463378906 -0.0611457824707031 0.226394653320313 0.167510986328125
-0.00456237792968749 -0.07965087890625 0.162078857421875 0.4346923828125
-0.095062255859375 -0.234039306640625 0.137237548828125 0.173782348632812
-0.153488159179688 -0.1424560546875 0.114143371582031 0.0513153076171875
-0.218215942382813 0.00556945800781246 -0.0314159393310547 0.019134521484375
-0.125930786132813 0.129364013671875 -0.0336685180664063 0.079315185546875
0.00772094726562498 0.16729736328125 -0.000297546386718759 0.130851745605469
0.113861083984375 0.0916748046875 0.107025146484375 0.135177612304688
0.152938842773438 0.0340423583984375 0.198135375976563 0.072845458984375
0.150161743164063 0.0616455078125 0.188446044921875 0.0543975830078125
0.159042358398438 0.0417327880859375 0.18695068359375 0.068634033203125
0.116630554199219 0.107650756835938 0.119338989257812 0.09564208984375
0.0228118896484375 0.17193603515625 0.0410499572753906 0.0640487670898438
-0.122222900390625 0.162307739257813 0.069427490234375 0.0303192138671875
-0.226608276367188 -0.0132904052734375 0.138359069824219 0.0297927856445313
-0.178070068359375 -0.133590698242188 0.229476928710937 0.159820556640625
-0.0996551513671875 -0.226104736328125 0.162811279296875 0.39654541015625
-0.15985107421875 -0.340728759765625 0.104263305664062 0.100540161132812
-0.233612060546875 -0.213882446289063 0.0810089111328125 0.0330810546875
-0.330230712890625 -0.00292968750000004 -0.0282649993896485 0.0239009857177734
-0.199859619140625 0.18194580078125 -0.0231437683105469 0.0572891235351563
-0.017852783203125 0.250320434570313 -0.01702880859375 0.0939483642578125
0.148239135742188 0.159698486328125 0.0654830932617188 0.0954360961914063
0.213348388671875 0.0755462646484375 0.130950927734375 0.0540771484375
0.212295532226563 0.107452392578125 0.113945007324219 0.040863037109375
0.228591918945313 0.08050537109375 0.116477966308594 0.0483551025390625
0.163253784179687 0.16015625 0.0669517517089844 0.04888916015625
0.0373687744140625 0.250213623046875 0.0123825073242188 0.0181064605712891
-0.1617431640625 0.241470336914063 0.070892333984375 -0.00855255126953123
-0.339385986328125 0.00759887695312496 0.143707275390625 0.004364013671875
-0.284149169921875 -0.17620849609375 0.20367431640625 0.136672973632813
-0.185546875 -0.336151123046875 0.137359619140625 0.31640625
-0.206298828125 -0.39947509765625 0.0548324584960937 -0.00692749023437503
-0.293304443359375 -0.254425048828125 0.0261135101318359 -0.00538253784179689
-0.404937744140625 -0.00186157226562504 -0.03045654296875 0.0257740020751953
-0.246292114257812 0.219070434570312 -0.0104503631591797 0.0282459259033203
-0.037261962890625 0.302154541015625 -0.0303611755371094 0.0419731140136719
0.1624755859375 0.206024169921875 0.0145454406738281 0.0382575988769531
0.241653442382813 0.106399536132813 0.0440025329589844 0.0238685607910156
0.24237060546875 0.137359619140625 0.0219211578369141 0.0211620330810547
0.263336181640625 0.106719970703125 0.0268707275390625 0.0235424041748047
0.186004638671875 0.187896728515625 -0.00113737583160399 1.47819519043083E-05
0.048553466796875 0.2916259765625 -0.0251502990722656 -0.0313644409179687
-0.174774169921875 0.287261962890625 0.0589332580566406 -0.0501022338867187
-0.39886474609375 0.0295410156249999 0.131416320800781 -0.0206375122070313
-0.3466796875 -0.190765380859375 0.146621704101562 0.105743408203125
-0.240264892578125 -0.391937255859375 0.0853729248046875 0.205780029296875
-0.22381591796875 -0.396881103515625 -0.00540161132812502 -0.134605407714844
-0.313446044921875 -0.249847412109375 -0.0441513061523438 -0.0576362609863281
-0.415252685546875 0.00573730468749993 -0.0371475219726563 0.0187606811523438
-0.248367309570313 0.2252197265625 -0.00231266021728517 -0.00731515884399413
-0.04620361328125 0.3055419921875 -0.0418205261230469 -0.0192070007324219
0.154251098632813 0.2176513671875 -0.041015625 -0.0278396606445312
0.231704711914062 0.118942260742187 -0.0516281127929687 -0.0115966796875
0.234024047851563 0.146713256835938 -0.0738601684570312 -0.00134277343749999
0.256271362304688 0.118026733398438 -0.0685768127441406 -0.00230026245117188
0.174606323242187 0.189224243164063 -0.0729751586914063 -0.0478363037109375
0.043670654296875 0.284759521484375 -0.0630416870117188 -0.0774688720703125
-0.167556762695312 0.2767333984375 0.0384368896484375 -0.0871810913085937
-0.388916015625 0.0311889648437501 0.105583190917969 -0.0380325317382813
-0.340850830078125 -0.182159423828125 0.0713958740234375 0.0722427368164062
-0.2498779296875 -0.3897705078125 0.0193405151367187 0.0816192626953125
-0.210601806640625 -0.33074951171875 -0.06951904296875 -0.258773803710937
-0.279541015625 -0.1981201171875 -0.116653442382813 -0.113143920898438
-0.3465576171875 0.0150756835937501 -0.047027587890625 0.00479507446289063
-0.200225830078125 0.188796997070313 -0.00174331665039063 -0.041168212890625
-0.0422515869140625 0.25177001953125 -0.0496368408203125 -0.073974609375
0.121719360351563 0.188674926757813 -0.0910415649414062 -0.0886306762695312
0.185928344726563 0.109817504882813 -0.139129638671875 -0.0448760986328125
0.190093994140625 0.132888793945313 -0.158523559570313 -0.023895263671875
0.20843505859375 0.113937377929688 -0.152908325195313 -0.0279693603515625
0.13067626953125 0.163589477539063 -0.131858825683594 -0.0901718139648437
0.021270751953125 0.231704711914062 -0.085906982421875 -0.1148681640625
-0.144515991210938 0.210906982421875 0.0202865600585937 -0.111160278320312
-0.313201904296875 0.00863647460937505 0.0772171020507812 -0.04400634765625
-0.269668579101563 -0.155776977539063 -0.00325775146484376 0.0402755737304687
-0.213104248046875 -0.3289794921875 -0.0445213317871094 -0.0345420837402344
-0.1624755859375 -0.210617065429688 -0.12933349609375 -0.355072021484375
-0.197341918945312 -0.111373901367187 -0.17913818359375 -0.16021728515625
-0.214157104492187 0.019073486328125 -0.0604019165039063 -0.0115585327148437
-0.115425109863281 0.117286682128906 -0.0093841552734375 -0.0627021789550781
-0.0303955078125 0.153396606445313 -0.0520248413085938 -0.109024047851562
0.069732666015625 0.126960754394531 -0.125244140625 -0.129035949707031
0.111328125 0.0839004516601562 -0.205032348632813 -0.0701904296875
0.11676025390625 0.0981292724609375 -0.220001220703125 -0.043121337890625
0.128448486328125 0.0932769775390625 -0.214401245117187 -0.05267333984375
0.0664520263671875 0.116584777832031 -0.165817260742188 -0.123184204101562
-0.00773620605468749 0.146438598632813 -0.0875625610351562 -0.13983154296875
-0.10498046875 0.114227294921875 0.0124053955078125 -0.121971130371094
-0.193405151367188 -0.0185546875 0.0543746948242187 -0.04083251953125
-0.158782958984375 -0.108291625976563 -0.0585060119628906 0.0102920532226562
-0.143875122070313 -0.219757080078125 -0.0905609130859375 -0.12847900390625
-0.0857391357421875 -0.059478759765625 -0.17596435546875 -0.41046142578125
-0.0845260620117188 -0.012115478515625 -0.2266845703125 -0.188339233398437
-0.0548782348632813 0.0199165344238281 -0.0777511596679688 -0.0221786499023438
-0.01800537109375 0.0300369262695313 -0.0240554809570313 -0.0644607543945313
-0.0151271820068359 0.0347156524658203 -0.0484161376953125 -0.117218017578125
0.00725173950195312 0.0469970703125 -0.139312744140625 -0.143142700195313
0.019744873046875 0.0438728332519531 -0.23822021484375 -0.0821838378906251
0.0253715515136719 0.0484771728515625 -0.247665405273438 -0.0566864013671875
0.0308189392089844 0.0581245422363281 -0.243194580078125 -0.0728607177734375
-0.00159835815429688 0.053192138671875 -0.172576904296875 -0.143218994140625
-0.0287055969238281 0.0451736450195313 -0.0701446533203125 -0.150924682617187
-0.0464897155761719 0.0144119262695313 0.0135726928710937 -0.118782043457031
-0.0556144714355469 -0.0288238525390625 0.0390357971191406 -0.0324516296386719
-0.0389175415039063 -0.0391426086425781 -0.0874099731445313 -0.0155563354492188
-0.0619277954101562 -0.0781631469726563 -0.1142578125 -0.18743896484375
-0.0208511352539062 -0.103874206542969 0.167251586914063 0.208908081054688
-0.0657768249511719 -0.0571212768554687 0.134521484375 0.0477828979492187
-0.09222412109375 0.0214309692382813 -0.036468505859375 0.0176315307617187
-0.0422897338867188 0.0711898803710938 -0.0365219116210938 0.104072570800781
0.0328826904296875 0.0695457458496094 0.0260467529296875 0.159286499023438
0.0653724670410156 0.0127220153808594 0.15093994140625 0.157318115234375
0.0716934204101563 -0.0133514404296875 0.2528076171875 0.072784423828125
0.068939208984375 0.0040740966796875 0.25213623046875 0.0538330078125
0.0685882568359375 -0.00865936279296875 0.244613647460938 0.0764617919921875
0.0629081726074219 0.03533935546875 0.164031982421875 0.130294799804688
0.0181198120117187 0.0757522583007813 0.0648727416992188 0.104034423828125
-0.0580062866210938 0.076873779296875 0.0627250671386719 0.0587310791015625
-0.0927810668945313 -0.0159988403320313 0.126487731933594 0.0443496704101563
-0.060272216796875 -0.0614013671875 0.241439819335937 0.167465209960937
-0.00814056396484376 -0.0827407836914063 0.181121826171875 0.45166015625
-0.107650756835937 -0.24249267578125 0.150588989257813 0.177963256835937
-0.165542602539063 -0.144088745117188 0.123519897460937 0.0488433837890625
-0.227737426757813 0.014617919921875 -0.029144287109375 0.0218601226806641
-0.127197265625 0.139816284179688 -0.0319061279296875 0.08380126953125
0.0141143798828125 0.174835205078125 0.00351715087890625 0.138458251953125
0.120613098144531 0.0917510986328125 0.117881774902344 0.140243530273438
0.160385131835938 0.0306854248046875 0.211654663085938 0.068450927734375
0.161453247070313 0.0596466064453125 0.2030029296875 0.049774169921875
0.167648315429688 0.03857421875 0.2020263671875 0.0651092529296875
0.125312805175781 0.108695983886719 0.13055419921875 0.0968093872070313
0.0296173095703125 0.180191040039063 0.0447273254394531 0.0680007934570313
-0.123382568359375 0.175323486328125 0.0749740600585937 0.028564453125
-0.24053955078125 -0.00680541992187501 0.145645141601562 0.0253143310546875
-0.191390991210937 -0.13519287109375 0.245391845703125 0.160400390625
-0.1129150390625 -0.2347412109375 0.180999755859375 0.41265869140625
-0.17877197265625 -0.352386474609375 0.11376953125 0.102630615234375
-0.252899169921875 -0.217437744140625 0.0880203247070312 0.0306777954101562
-0.3465576171875 0.00985717773437494 -0.0251274108886719 0.0272560119628906
-0.203521728515625 0.197769165039062 -0.0209693908691406 0.0603218078613281
-0.00932312011718748 0.262191772460937 -0.0146942138671875 0.0999755859375
0.159561157226563 0.162384033203125 0.0719070434570313 0.0995025634765625
0.2254638671875 0.0719451904296875 0.140655517578125 0.05078125
0.229568481445313 0.1055908203125 0.123458862304688 0.0382003784179688
0.243301391601562 0.0766448974609375 0.127090454101563 0.046661376953125
0.176712036132813 0.1622314453125 0.0736312866210938 0.0506134033203125
0.0473480224609375 0.261581420898438 0.0139522552490234 0.0208663940429688
-0.161392211914062 0.261093139648438 0.0760421752929687 -0.0124893188476562
-0.358184814453125 0.020263671875 0.14971923828125 0.000122070312500001
-0.304595947265625 -0.176910400390625 0.217376708984375 0.137664794921875
-0.20745849609375 -0.3472900390625 0.1527099609375 0.328643798828125
-0.22943115234375 -0.41436767578125 0.0590362548828125 -0.00870132446289065
-0.318511962890625 -0.25775146484375 0.0284709930419922 -0.0081005096435547
-0.425994873046875 0.013641357421875 -0.02734375 0.0291614532470703
-0.251235961914063 0.239181518554688 -0.00963783264160157 0.03033447265625
-0.0272216796875 0.319244384765625 -0.0298004150390625 0.0459098815917969
0.177322387695313 0.210769653320313 0.0160598754882813 0.0402679443359375
0.256103515625 0.10321044921875 0.0475234985351563 0.0221099853515625
0.262969970703125 0.136322021484375 0.0255203247070313 0.0215835571289063
0.281158447265625 0.1029052734375 0.0315017700195313 0.0243721008300781
0.201202392578125 0.191116333007812 -0.000373870134353625 0.000349789857864392
0.060882568359375 0.30499267578125 -0.0269241333007812 -0.0298309326171875
-0.173858642578125 0.3092041015625 0.0621566772460937 -0.0560379028320312
-0.42047119140625 0.0462646484375 0.13623046875 -0.0250244140625
-0.37103271484375 -0.190399169921875 0.157180786132812 0.107406616210937
-0.2681884765625 -0.405975341796875 0.0950927734375 0.21441650390625
-0.248016357421875 -0.411041259765625 -0.00848388671875003 -0.140579223632813
-0.338836669921875 -0.253387451171875 -0.0474624633789063 -0.0604095458984375
-0.437469482421875 0.0228576660156251 -0.0350685119628907 0.0221729278564453
-0.25360107421875 0.24578857421875 -0.00171804428100587 -0.00633716583251952
-0.036834716796875 0.323883056640625 -0.0432662963867188 -0.0181846618652343
0.168228149414062 0.222671508789062 -0.0450477600097656 -0.0284957885742187
0.246826171875 0.116531372070313 -0.054840087890625 -0.0114707946777344
0.2550048828125 0.145721435546875 -0.0772781372070312 0.00218963623046877
0.274795532226563 0.115524291992188 -0.070526123046875 0.000953674316406264
0.189605712890625 0.192825317382813 -0.0780410766601562 -0.0472030639648438
0.055816650390625 0.298004150390625 -0.0675048828125 -0.0778427124023438
-0.165863037109375 0.29779052734375 0.0389556884765625 -0.093414306640625
-0.410369873046875 0.0479736328124999 0.108291625976562 -0.0422439575195313
-0.365264892578125 -0.181915283203125 0.0771484375 0.0752639770507812
-0.27850341796875 -0.40185546875 0.0224761962890625 0.086456298828125
-0.2315673828125 -0.34210205078125 -0.07965087890625 -0.26861572265625
-0.302490234375 -0.20037841796875 -0.126441955566406 -0.116355895996094
-0.36541748046875 0.0284729003906249 -0.0471687316894531 0.00708389282226564
-0.204986572265625 0.205459594726562 -0.00244903564453126 -0.0430946350097656
-0.03515625 0.267852783203125 -0.053375244140625 -0.0759735107421875
0.133697509765625 0.194351196289063 -0.0995025634765625 -0.0912704467773437
0.198822021484375 0.109756469726563 -0.149154663085938 -0.04296875
0.207763671875 0.1334228515625 -0.167831420898437 -0.0185089111328125
0.224441528320313 0.112167358398438 -0.161666870117187 -0.0225982666015625
0.142807006835938 0.168060302734375 -0.142349243164062 -0.0894775390625
0.030181884765625 0.242889404296875 -0.0929794311523437 -0.116012573242188
-0.14398193359375 0.227752685546875 0.0192642211914063 -0.117691040039062
-0.331573486328125 0.02239990234375 0.0785751342773437 -0.0471343994140625
-0.289337158203125 -0.156097412109375 -0.00177001953125002 0.0440902709960938
-0.236663818359375 -0.339813232421875 -0.0472373962402344 -0.0340080261230469
-0.177886962890625 -0.217697143554687 -0.145904541015625 -0.369537353515625
-0.212310791015625 -0.11224365234375 -0.194412231445313 -0.162612915039063
-0.227279663085938 0.0283050537109375 -0.0632553100585938 -0.0100593566894531
-0.118057250976563 0.127151489257812 -0.0114021301269531 -0.0648956298828125
-0.025421142578125 0.16363525390625 -0.0565338134765625 -0.113059997558594
0.0781631469726563 0.131858825683594 -0.137840270996094 -0.133499145507812
0.119926452636719 0.0844497680664063 -0.22015380859375 -0.0670318603515625
0.128608703613281 0.0992584228515625 -0.234161376953125 -0.0352783203124999
0.139633178710938 0.0938644409179687 -0.227630615234375 -0.04620361328125
0.07342529296875 0.120323181152344 -0.18011474609375 -0.122833251953125
-0.00321960449218752 0.1533203125 -0.0960235595703125 -0.143173217773438
-0.105796813964844 0.124397277832031 0.0101547241210937 -0.127418518066406
-0.204986572265625 -0.0106353759765625 0.0550575256347656 -0.042938232421875
-0.171127319335938 -0.109390258789062 -0.0603103637695313 0.0146369934082031
-0.160018920898438 -0.227142333984375 -0.0979156494140625 -0.131637573242188
-0.0924224853515625 -0.0611648559570313 -0.195709228515625 -0.4244384765625
-0.0895233154296875 -0.0113525390625 -0.244903564453125 -0.19000244140625
-0.0588722229003906 0.0222091674804688 -0.0832901000976563 -0.0212554931640625
-0.0186443328857422 0.0323905944824219 -0.0271759033203125 -0.0654640197753906
-0.0145759582519531 0.0382728576660156 -0.0535354614257812 -0.122505187988281
0.0100746154785156 0.0501556396484375 -0.152191162109375 -0.148513793945313
0.0219612121582031 0.0458641052246094 -0.25543212890625 -0.077484130859375
0.0298347473144531 0.0505790710449219 -0.264892578125 -0.0478057861328125
0.0362968444824219 0.0602493286132812 -0.258926391601562 -0.0659637451171875
-0.000255584716796872 0.0560493469238281 -0.18768310546875 -0.144119262695313
-0.0280265808105469 0.0486030578613281 -0.0777130126953125 -0.156539916992188
-0.0481071472167969 0.0169792175292969 0.010223388671875 -0.124160766601562
-0.0605926513671875 -0.0273056030273438 0.0394325256347656 -0.0336761474609375
-0.0436286926269531 -0.0404014587402344 -0.0913467407226563 -0.0120391845703125
-0.0682754516601563 -0.0809860229492187 -0.124465942382812 -0.192977905273438
-0.0268630981445313 -0.104866027832031 0.184616088867188 0.208236694335938
-0.0703582763671875 -0.0550918579101563 0.143661499023438 0.0399627685546875
-0.092742919921875 0.0266876220703125 -0.0342845916748047 0.0201816558837891
-0.0398178100585937 0.0756072998046875 -0.0319900512695313 0.108314514160156
0.0377769470214844 0.0690422058105469 0.0352020263671875 0.164825439453125
0.0663528442382813 0.0089569091796875 0.166290283203125 0.156326293945313
0.0728378295898438 -0.0173873901367188 0.267822265625 0.0599822998046875
0.0715866088867187 0.000640869140625 0.266510009765625 0.039459228515625
0.069061279296875 -0.0125465393066406 0.260833740234375 0.06341552734375
0.0666160583496094 0.032684326171875 0.179794311523437 0.126510620117188
0.0233535766601562 0.0775833129882813 0.0724639892578125 0.106094360351563
-0.0553741455078125 0.0833587646484375 0.0678977966308594 0.0564498901367188
-0.09747314453125 -0.0119781494140625 0.133255004882812 0.0368423461914062
-0.0651397705078125 -0.0594406127929688 0.2579345703125 0.159423828125
-0.014068603515625 -0.084503173828125 0.21026611328125 0.458251953125
-0.12432861328125 -0.244415283203125 0.1661376953125 0.175979614257812
-0.179397583007813 -0.139328002929688 0.132156372070313 0.041473388671875
-0.23468017578125 0.0280303955078125 -0.0259742736816406 0.0242881774902344
-0.124176025390625 0.1513671875 -0.0279006958007813 0.0879745483398438
0.024658203125 0.178802490234375 0.010772705078125 0.144271850585938
0.128913879394531 0.0875625610351562 0.130348205566406 0.140190124511719
0.167495727539062 0.0234222412109375 0.224884033203125 0.0576629638671875
0.171859741210937 0.0526885986328125 0.215728759765625 0.03826904296875
0.17523193359375 0.03094482421875 0.215667724609375 0.0546722412109375
0.135940551757813 0.105316162109375 0.142532348632813 0.093353271484375
0.0408477783203125 0.185623168945312 0.05023193359375 0.0704421997070313
-0.117279052734375 0.190139770507813 0.0800323486328125 0.0238113403320313
-0.251113891601563 0.00761413574218755 0.151275634765625 0.017669677734375
-0.205001831054688 -0.130081176757812 0.261489868164063 0.153076171875
-0.131500244140625 -0.236846923828125 0.20770263671875 0.41741943359375
-0.20458984375 -0.355072021484375 0.124473571777344 0.0998764038085937
-0.274429321289063 -0.21099853515625 0.0941162109375 0.0244598388671875
-0.357421875 0.0302124023437499 -0.02142333984375 0.029937744140625
-0.199554443359375 0.215133666992188 -0.0180168151855469 0.0639915466308594
0.00575256347656252 0.272705078125 -0.00952148437499999 0.105781555175781
0.1727294921875 0.158767700195313 0.0810546875 0.100639343261719
0.236434936523437 0.0621185302734375 0.149215698242188 0.0429840087890625
0.24713134765625 0.0964202880859375 0.13262939453125 0.0316848754882813
0.255905151367188 0.0662078857421875 0.137351989746094 0.0403900146484375
0.19097900390625 0.158233642578125 0.0806350708007813 0.0485992431640625
0.0638580322265625 0.269424438476563 0.0159416198730469 0.0229988098144531
-0.1533203125 0.28118896484375 0.0792694091796875 -0.0185775756835937
-0.371734619140625 0.04327392578125 0.1546630859375 -0.00762939453125
-0.326019287109375 -0.16876220703125 0.232009887695313 0.131546020507813
-0.235687255859375 -0.34930419921875 0.174346923828125 0.3338623046875
-0.25970458984375 -0.416961669921875 0.06195068359375 -0.0124359130859375
-0.34478759765625 -0.249725341796875 0.0298099517822265 -0.011404037475586
-0.4420166015625 0.0394592285156251 -0.0234718322753907 0.0320472717285156
-0.246673583984375 0.2611083984375 -0.0065593719482422 0.0323162078857422
-0.00888061523437502 0.332550048828125 -0.0280265808105469 0.0503959655761719
0.19439697265625 0.208358764648438 0.0187797546386719 0.0415916442871094
0.27020263671875 0.0925445556640625 0.0499382019042969 0.0186233520507813
0.283599853515625 0.12591552734375 0.029083251953125 0.0212745666503906
0.29833984375 0.091094970703125 0.0369453430175781 0.0234375
0.218734741210938 0.187408447265625 0.000599086284637465 0.000690996646881115
0.080169677734375 0.31256103515625 -0.0287265777587891 -0.0278873443603515
-0.162841796875 0.33203125 0.0628395080566406 -0.063018798828125
-0.435455322265625 0.07403564453125 0.138595581054687 -0.0324859619140625
-0.395294189453125 -0.17901611328125 0.168441772460938 0.1038818359375
-0.301666259765625 -0.406768798828125 0.10906982421875 0.217422485351563
-0.28057861328125 -0.414794921875 -0.01513671875 -0.145187377929688
-0.367340087890625 -0.244293212890625 -0.0528373718261719 -0.06097412109375
-0.453857421875 0.0499572753906251 -0.0326614379882813 0.0253410339355469
-0.249130249023437 0.268783569335938 -0.000452995300292985 -0.00561285018920897
-0.01812744140625 0.33837890625 -0.0450286865234375 -0.0154685974121093
0.18670654296875 0.221847534179688 -0.0494346618652344 -0.0269126892089844
0.262237548828125 0.106964111328125 -0.0581550598144531 -0.0100631713867188
0.276718139648438 0.136856079101563 -0.0786056518554687 0.0076141357421875
0.29351806640625 0.103179931640625 -0.0707473754882812 0.00557708740234375
0.2069091796875 0.189407348632813 -0.0831832885742187 -0.0443572998046875
0.0751953125 0.30584716796875 -0.0732574462890625 -0.075225830078125
-0.15582275390625 0.319183349609375 0.03704833984375 -0.100265502929687
-0.425079345703125 0.07513427734375 0.109153747558594 -0.0482940673828125
-0.3895263671875 -0.169952392578125 0.0842514038085937 0.0749969482421875
-0.313140869140625 -0.402496337890625 0.0281600952148437 0.0892868041992187
-0.259185791015625 -0.34381103515625 -0.096038818359375 -0.273788452148437
-0.326568603515625 -0.1922607421875 -0.138008117675781 -0.114242553710937
-0.3804931640625 0.051513671875 -0.0468292236328125 0.0104179382324219
-0.2017822265625 0.2257080078125 -0.00333023071289063 -0.0426597595214844
-0.019134521484375 0.28057861328125 -0.0576248168945312 -0.076019287109375
0.15045166015625 0.19525146484375 -0.110260009765625 -0.0899505615234375
0.211624145507813 0.103622436523438 -0.15875244140625 -0.036712646484375
0.22650146484375 0.125961303710938 -0.175125122070313 -0.00756835937500001
0.240982055664062 0.103134155273438 -0.167831420898437 -0.0126953125
0.157791137695312 0.16650390625 -0.15301513671875 -0.0841064453124999
0.04522705078125 0.249954223632813 -0.1021728515625 -0.115028381347656
-0.13671875 0.245330810546875 0.0149307250976562 -0.123802185058594
-0.344268798828125 0.0447998046875 0.0785675048828125 -0.0518569946289063
-0.309417724609375 -0.1475830078125 0.0011787414550781 0.0476264953613281
-0.265960693359375 -0.340423583984375 -0.0497589111328125 -0.0320816040039063
-0.19610595703125 -0.21820068359375 -0.168731689453125 -0.373870849609375
-0.227508544921875 -0.106597900390625 -0.21173095703125 -0.15826416015625
-0.236236572265625 0.0432281494140625 -0.0653076171875 -0.00715255737304688
-0.116477966308594 0.138664245605469 -0.0141372680664063 -0.0648994445800781
-0.0157012939453125 0.172775268554688 -0.0631866455078125 -0.114822387695313
0.089202880859375 0.133171081542969 -0.1519775390625 -0.132354736328125
0.129493713378906 0.0807037353515625 -0.23394775390625 -0.0564117431640625
0.1419677734375 0.0955352783203125 -0.244873046875 -0.0209808349609375
0.1522216796875 0.0893096923828125 -0.238128662109375 -0.0325469970703125
0.083587646484375 0.121696472167969 -0.194305419921875 -0.116058349609375
0.005035400390625 0.159835815429688 -0.106048583984375 -0.143524169921875
-0.102554321289063 0.135353088378906 0.00423431396484375 -0.132957458496094
-0.214706420898438 0.00248718261718748 0.0545616149902344 -0.0454673767089844
-0.184890747070313 -0.105026245117187 -0.0604934692382813 0.0204887390136719
-0.179397583007813 -0.227523803710938 -0.107170104980469 -0.130691528320313
-0.0986709594726563 -0.060577392578125 -0.224090576171875 -0.429107666015625
-0.0936813354492188 -0.00834655761718749 -0.265670776367188 -0.18328857421875
-0.0621757507324219 0.0261192321777344 -0.0879974365234375 -0.0176239013671875
-0.0188331604003906 0.0344104766845703 -0.0313301086425781 -0.0653877258300781
-0.0123519897460938 0.0417060852050781 -0.0609512329101563 -0.125457763671875
0.0141372680664062 0.0521392822265625 -0.168289184570313 -0.148178100585938
0.025909423828125 0.0464859008789063 -0.271636962890625 -0.0642547607421875
0.0352058410644531 0.0504913330078125 -0.278594970703125 -0.0320587158203125
0.0431785583496094 0.060394287109375 -0.27313232421875 -0.0513305664062499
0.00373458862304688 0.0594673156738281 -0.204238891601562 -0.138290405273438
-0.0260353088378906 0.0522079467773437 -0.088531494140625 -0.158187866210938
-0.0492820739746094 0.0205192565917969 0.00432586669921875 -0.128593444824219
-0.0647964477539063 -0.0239524841308594 0.0390548706054688 -0.0358390808105469
-0.0484390258789063 -0.0398521423339844 -0.094024658203125 -0.00569915771484374
-0.0762252807617187 -0.0812606811523438 -0.13714599609375 -0.1937255859375
-0.0330963134765625 -0.103553771972656 0.198516845703125 0.200759887695313
-0.0730514526367187 -0.0510711669921875 0.1484375 0.0309906005859375
-0.0908584594726563 0.0314788818359375 -0.0316886901855469 0.0210399627685547
-0.0357589721679688 0.0780410766601563 -0.0266189575195312 0.110725402832031
0.0412330627441406 0.0670967102050781 0.04437255859375 0.165740966796875
0.066314697265625 0.00473403930664063 0.179107666015625 0.150726318359375
0.07269287109375 -0.021026611328125 0.276092529296875 0.043609619140625
0.07257080078125 -0.00310516357421875 0.273696899414062 0.021209716796875
0.0685234069824219 -0.0159683227539063 0.26995849609375 0.047149658203125
0.0684700012207031 0.0284767150878906 0.191574096679688 0.117935180664063
0.0284194946289063 0.0770034790039063 0.0794219970703125 0.10528564453125
-0.0506668090820312 0.0884628295898438 0.0715179443359375 0.0524673461914063
-0.0997085571289063 -0.00616455078125001 0.135162353515625 0.0283660888671875
-0.0686149597167969 -0.0559425354003906 0.268295288085938 0.147003173828125
-0.0190505981445313 -0.0836257934570313 0.234161376953125 0.45263671875
-0.138931274414062 -0.23919677734375 0.177459716796875 0.169235229492188
-0.188583374023438 -0.130508422851562 0.13665771484375 0.0324020385742187
-0.234405517578125 0.0417633056640625 -0.0218505859375 0.0247383117675781
-0.116439819335937 0.159805297851563 -0.0225753784179688 0.0894775390625
0.035003662109375 0.178985595703125 0.01837158203125 0.1466064453125
0.134071350097656 0.0807571411132813 0.14178466796875 0.136749267578125
0.170333862304688 0.0145111083984375 0.232223510742187 0.044036865234375
0.178939819335938 0.0431671142578125 0.22283935546875 0.0238037109375
0.178741455078125 0.0213775634765625 0.224639892578125 0.0408935546875
0.14288330078125 0.0988006591796875 0.151931762695313 0.086395263671875
0.052337646484375 0.186248779296875 0.054840087890625 0.0705490112304688
-0.107513427734375 0.20025634765625 0.0823974609375 0.0179672241210938
-0.255386352539063 0.0222625732421875 0.152603149414062 0.00909423828125
-0.214614868164063 -0.120376586914062 0.270797729492187 0.140625
-0.147552490234375 -0.2318115234375 0.230926513671875 0.412200927734375
-0.22723388671875 -0.347625732421875 0.131744384765625 0.0941619873046875
-0.2890625 -0.197662353515625 0.0971145629882813 0.0174026489257812
-0.359710693359375 0.05267333984375 -0.0164241790771484 0.0304126739501953
-0.19012451171875 0.228515625 -0.0133171081542969 0.0648422241210938
0.0230255126953125 0.274642944335938 -0.00376129150390626 0.108787536621094
0.182754516601563 0.150314331054688 0.0884017944335938 0.098358154296875
0.243133544921875 0.05010986328125 0.153823852539063 0.0331573486328125
0.258285522460938 0.0831451416015625 0.138145446777344 0.022918701171875
0.263641357421875 0.051605224609375 0.144485473632813 0.03131103515625
0.202133178710937 0.148910522460938 0.0857772827148438 0.0446548461914063
0.0799560546875 0.269546508789063 0.017730712890625 0.0245800018310547
-0.138702392578125 0.295257568359375 0.0796356201171875 -0.0256195068359375
-0.3760986328125 0.0665283203125 0.155014038085937 -0.0162353515625
-0.339630126953125 -0.153839111328125 0.24066162109375 0.12139892578125
-0.260040283203125 -0.3399658203125 0.19293212890625 0.32928466796875
-0.287628173828125 -0.407958984375 0.0627479553222656 -0.0162582397460938
-0.363616943359375 -0.233551025390625 0.030029296875 -0.0151653289794922
-0.44451904296875 0.0675659179687501 -0.0182323455810547 0.0335731506347656
-0.23529052734375 0.278488159179688 -0.0028972625732422 0.0332717895507813
0.011566162109375 0.337005615234375 -0.0247764587402344 0.0533256530761719
0.207717895507813 0.198883056640625 0.0213508605957031 0.0416107177734375
0.279006958007812 0.079071044921875 0.0515975952148438 0.0148735046386719
0.298370361328125 0.110107421875 0.0325202941894531 0.0189781188964844
0.30804443359375 0.07366943359375 0.0416603088378907 0.0208282470703125
0.232040405273438 0.17608642578125 0.00139403343200685 0.00104165077209474
0.0990295410156251 0.313018798828125 -0.0296440124511719 -0.0246315002441406
-0.145355224609375 0.347625732421875 0.0612564086914062 -0.0691947937011718
-0.438262939453125 0.101837158203125 0.138008117675781 -0.0394134521484375
-0.411590576171875 -0.160369873046875 0.17608642578125 0.0970306396484375
-0.331024169921875 -0.394439697265625 0.122116088867188 0.215103149414063
-0.307159423828125 -0.40631103515625 -0.02239990234375 -0.14599609375
-0.386474609375 -0.2276611328125 -0.0575141906738282 -0.060333251953125
-0.457916259765625 0.0791320800781251 -0.0286445617675781 0.0273876190185547
-0.237762451171875 0.286590576171875 0.00106096267700194 -0.00515365600585936
0.00375366210937503 0.3443603515625 -0.0453109741210938 -0.0128173828125
0.201217651367188 0.214324951171875 -0.0522842407226562 -0.0244903564453125
0.27105712890625 0.094757080078125 -0.0604019165039062 -0.00751876831054686
0.292205810546875 0.12152099609375 -0.0781402587890625 0.01287841796875
0.3043212890625 0.086761474609375 -0.0686264038085937 0.0101394653320312
0.22021484375 0.179779052734375 -0.0870513916015625 -0.0396194458007812
0.093841552734375 0.306182861328125 -0.0771255493164063 -0.0704421997070313
-0.139801025390625 0.333404541015625 0.0329513549804688 -0.10546875
-0.42755126953125 0.103424072265625 0.108047485351562 -0.0530319213867187
-0.404754638671875 -0.151641845703125 0.090362548828125 0.07330322265625
-0.339874267578125 -0.390289306640625 0.0340652465820312 0.0893020629882812
-0.281402587890625 -0.335662841796875 -0.111099243164063 -0.271560668945313
-0.3424072265625 -0.176788330078125 -0.146896362304688 -0.108383178710938
-0.38458251953125 0.076019287109375 -0.0451889038085938 0.0129280090332031
-0.192413330078125 0.239776611328125 -0.00382614135742189 -0.0419731140136719
-0.00158691406250003 0.2867431640625 -0.06182861328125 -0.073638916015625
0.163467407226563 0.189224243164063 -0.118698120117188 -0.0852432250976562
0.221359252929688 0.0930938720703125 -0.16436767578125 -0.0279693603515625
0.239990234375 0.113525390625 -0.17718505859375 0.00402832031250004
0.252029418945313 0.08941650390625 -0.168365478515625 -0.00187683105468748
0.169235229492188 0.159317016601563 -0.160446166992188 -0.0754241943359375
0.060943603515625 0.251205444335937 -0.108741760253906 -0.11004638671875
-0.12432861328125 0.257247924804688 0.00921630859374998 -0.127647399902344
-0.347076416015625 0.0670166015625 0.0761947631835937 -0.0543441772460938
-0.32269287109375 -0.132720947265625 0.00537872314453123 0.0499763488769531
-0.289154052734375 -0.32940673828125 -0.0511207580566406 -0.0294876098632813
-0.211257934570313 -0.213088989257812 -0.1898193359375 -0.368804931640625
-0.237152099609375 -0.09613037109375 -0.22418212890625 -0.147842407226562
-0.239501953125 0.0587005615234375 -0.0659446716308594 -0.00319671630859374
-0.11138916015625 0.1480712890625 -0.0168609619140625 -0.0637474060058594
-0.00476074218749999 0.176528930664063 -0.070068359375 -0.113410949707031
0.0987319946289062 0.13043212890625 -0.164108276367188 -0.126617431640625
0.135726928710938 0.075225830078125 -0.24267578125 -0.0424041748046875
0.15155029296875 0.0881805419921875 -0.249664306640625 -0.00436401367187505
0.161468505859375 0.080291748046875 -0.242599487304688 -0.016998291015625
0.0919265747070313 0.118659973144531 -0.204437255859375 -0.105789184570312
0.0150604248046875 0.161453247070313 -0.114883422851562 -0.13916015625
-0.096038818359375 0.143524169921875 -0.00225830078125002 -0.134925842285156
-0.2177734375 0.0171661376953125 0.0528488159179687 -0.0470428466796875
-0.19354248046875 -0.0966033935546875 -0.05853271484375 0.0257301330566406
-0.195892333984375 -0.220489501953125 -0.11376953125 -0.126388549804688
-0.103683471679688 -0.0581588745117187 -0.248321533203125 -0.42169189453125
-0.0955810546875 -0.00453948974609375 -0.2799072265625 -0.1697998046875
-0.0634841918945313 0.0308799743652344 -0.0909271240234375 -0.012451171875
-0.0183486938476563 0.0365219116210937 -0.0340156555175781 -0.063323974609375
-0.0093994140625 0.0436553955078125 -0.06768798828125 -0.124794006347656
0.0183258056640625 0.0527458190917969 -0.1815185546875 -0.142227172851563
0.02923583984375 0.04595947265625 -0.281219482421875 -0.047637939453125
0.039764404296875 0.0490608215332031 -0.28472900390625 -0.013702392578125
0.0484771728515625 0.0577659606933594 -0.279739379882813 -0.0332489013671875
0.00737380981445312 0.0604629516601562 -0.215469360351563 -0.127120971679688
-0.0230064392089844 0.0546150207519531 -0.0980682373046875 -0.156051635742188
-0.0488433837890625 0.0241470336914063 -0.00283050537109374 -0.129402160644531
-0.0680084228515625 -0.0187225341796875 0.0382308959960937 -0.0364151000976563
-0.0522041320800781 -0.0386581420898438 -0.0937271118164062 0.000999450683593742
-0.08270263671875 -0.0786819458007813 -0.147857666015625 -0.189056396484375
-0.0363693237304687 -0.100387573242187 0.20526123046875 0.194778442382813
-0.0729522705078125 -0.0479736328125 0.150314331054687 0.023406982421875
-0.088287353515625 0.0341873168945313 -0.0295200347900391 0.0210590362548828
-0.03289794921875 0.0786361694335938 -0.0228118896484375 0.110031127929687
0.0436134338378906 0.0641212463378906 0.0501861572265625 0.165756225585938
0.0649299621582031 0.00168609619140625 0.186691284179688 0.145370483398438
0.0715408325195312 -0.0244216918945312 0.279342651367188 0.031341552734375
0.0729293823242188 -0.0057373046875 0.276092529296875 0.007781982421875
0.0665969848632813 -0.018310546875 0.27398681640625 0.0340728759765625
0.0687828063964844 0.0255928039550781 0.198394775390625 0.110458374023437
0.0318527221679687 0.07598876953125 0.0834808349609375 0.105262756347656
-0.0459671020507812 0.0903778076171875 0.0729293823242188 0.0490264892578125
-0.100318908691406 -0.00192260742187499 0.134178161621094 0.0223922729492188
-0.0692672729492187 -0.0524673461914063 0.271453857421875 0.136520385742188
-0.0224838256835937 -0.082183837890625 0.248809814453125 0.44476318359375
-0.147125244140625 -0.232864379882813 0.183578491210938 0.163116455078125
-0.192489624023438 -0.123260498046875 0.137901306152344 0.025360107421875
-0.231491088867187 0.0510406494140625 -0.0189399719238281 0.0241794586181641
-0.110855102539062 0.163040161132813 -0.01910400390625 0.0894393920898438
0.042449951171875 0.176132202148438 0.0239410400390625 0.147430419921875
0.135536193847656 0.0750503540039063 0.1485595703125 0.132232666015625
0.170730590820312 0.007843017578125 0.234725952148438 0.0328216552734375
0.182754516601563 0.0356903076171875 0.225677490234375 0.01263427734375
0.179275512695313 0.01422119140625 0.228546142578125 0.029815673828125
0.145782470703125 0.092559814453125 0.156967163085938 0.0812835693359375
0.059661865234375 0.184402465820313 0.0585556030273438 0.07080078125
-0.0995330810546875 0.205856323242187 0.0832748413085937 0.0129776000976563
-0.25531005859375 0.0330810546875 0.151565551757812 0.0028228759765625
-0.219207763671875 -0.11279296875 0.27496337890625 0.130599975585938
-0.156661987304688 -0.225418090820312 0.2431640625 0.404510498046875
-0.2392578125 -0.339202880859375 0.134574890136719 0.0895156860351563
-0.297271728515625 -0.186279296875 0.0978317260742188 0.0112838745117187
-0.357086181640625 0.0678100585937499 -0.0124130249023438 0.0299568176269531
-0.181289672851563 0.234970092773438 -0.00954818725585938 0.0643310546875
0.0337677001953125 0.273025512695313 0.000373840332031256 0.110374450683594
0.186874389648438 0.1429443359375 0.093231201171875 0.0966720581054688
0.244308471679688 0.04071044921875 0.155685424804688 0.0258636474609375
0.264480590820313 0.0719146728515625 0.140945434570313 0.0154571533203125
0.265792846679688 0.040863037109375 0.148468017578125 0.0230712890625
0.207534790039063 0.140960693359375 0.0890884399414063 0.0426712036132813
0.091339111328125 0.267227172851562 0.0201263427734375 0.0259895324707031
-0.126800537109375 0.30218505859375 0.0790481567382813 -0.0305633544921875
-0.374481201171875 0.0829162597656249 0.153472900390625 -0.021697998046875
-0.345916748046875 -0.142059326171875 0.244369506835937 0.113571166992187
-0.2733154296875 -0.329803466796875 0.20281982421875 0.323455810546875
-0.3026123046875 -0.3985595703125 0.0625839233398437 -0.0182991027832032
-0.373046875 -0.219146728515625 0.0288124084472656 -0.0179462432861328
-0.44305419921875 0.0869445800781251 -0.0144100189208985 0.0330123901367188
-0.225128173828125 0.28680419921875 0.00023269653320311 0.0326881408691406
0.025848388671875 0.336395263671875 -0.0222091674804688 0.0555000305175781
0.214752197265625 0.191390991210938 0.0233154296875 0.0419387817382813
0.281768798828125 0.068115234375 0.0512847900390625 0.0120315551757813
0.30609130859375 0.09661865234375 0.0348949432373047 0.0167655944824219
0.312103271484375 0.05938720703125 0.0454559326171875 0.0171623229980469
0.238204956054687 0.166900634765625 0.00245213508605959 0.0015089511871338
0.110992431640625 0.310211181640625 -0.0293350219726562 -0.0217761993408203
-0.132537841796875 0.35528564453125 0.0595626831054687 -0.0740890502929687
-0.435699462890625 0.121490478515625 0.136146545410156 -0.0438308715820313
-0.418121337890625 -0.145904541015625 0.179367065429688 0.0921630859375
-0.34613037109375 -0.3834228515625 0.129531860351563 0.211563110351562
-0.32293701171875 -0.39556884765625 -0.02685546875 -0.1451416015625
-0.39666748046875 -0.212188720703125 -0.0601654052734375 -0.0587692260742188
-0.456787109375 0.09979248046875 -0.024993896484375 0.0281295776367188
-0.227386474609375 0.2960205078125 0.00320386886596678 -0.00516605377197264
0.0184326171875 0.344696044921875 -0.0448760986328125 -0.0106430053710937
0.210052490234375 0.206954956054688 -0.0537834167480469 -0.0219345092773437
0.275253295898438 0.084442138671875 -0.0626373291015625 -0.00448989868164062
0.3009033203125 0.108123779296875 -0.0765304565429687 0.0161361694335938
0.308868408203125 0.0728759765625 -0.065887451171875 0.0118904113769531
0.226730346679688 0.170852661132813 -0.0879669189453125 -0.0353317260742187
0.10595703125 0.303497314453125 -0.0788650512695313 -0.0666732788085937
-0.126251220703125 0.34124755859375 0.0297927856445313 -0.108802795410156
-0.423980712890625 0.122833251953125 0.105789184570312 -0.0557098388671875
-0.411712646484375 -0.13873291015625 0.0940093994140625 0.071258544921875
-0.356689453125 -0.3779296875 0.037872314453125 0.0887603759765625
-0.295013427734375 -0.327667236328125 -0.120193481445312 -0.267135620117188
-0.3505859375 -0.164520263671875 -0.151992797851563 -0.10235595703125
-0.382904052734375 0.0938720703125 -0.0432090759277344 0.0152206420898438
-0.183685302734375 0.247756958007812 -0.00328445434570314 -0.0412864685058594
0.011505126953125 0.287078857421875 -0.0638351440429687 -0.0710601806640625
0.170913696289062 0.183303833007812 -0.123550415039063 -0.0808868408203125
0.225204467773437 0.0857696533203125 -0.167953491210938 -0.0203704833984375
0.248291015625 0.10302734375 -0.176513671875 0.0121612548828125
0.257156372070313 0.077728271484375 -0.166702270507813 0.00505065917968748
0.175308227539063 0.152877807617188 -0.163589477539063 -0.0680694580078125
0.0706787109375 0.248947143554687 -0.111915588378906 -0.104949951171875
-0.113967895507812 0.263137817382813 0.00502777099609373 -0.129409790039062
-0.34466552734375 0.08343505859375 0.07470703125 -0.05584716796875
-0.32861328125 -0.121856689453125 0.00895690917968748 0.0521430969238281
-0.30352783203125 -0.3201904296875 -0.0509834289550781 -0.0279426574707031
-0.219741821289062 -0.207855224609375 -0.202178955078125 -0.362396240234375
-0.242385864257813 -0.0884552001953125 -0.230804443359375 -0.138687133789062
-0.238937377929688 0.0701904296875 -0.065948486328125 0.000236511230468756
-0.106918334960938 0.152633666992187 -0.0167236328125 -0.0625381469726562
0.00294494628906249 0.177978515625 -0.0734710693359375 -0.112037658691406
0.104530334472656 0.127395629882813 -0.171371459960938 -0.121353149414063
0.13916015625 0.071075439453125 -0.246322631835938 -0.0312652587890625
0.1573486328125 0.081390380859375 -0.25 0.00736999511718752
0.166152954101563 0.0722503662109375 -0.241943359375 -0.00643920898437499
0.0965957641601563 0.115188598632813 -0.209213256835938 -0.09649658203125
0.0215301513671875 0.160888671875 -0.119796752929688 -0.134796142578125
-0.09051513671875 0.148300170898438 -0.00628662109375 -0.135749816894531
-0.217819213867188 0.026824951171875 0.0515823364257812 -0.0478782653808594
-0.197952270507813 -0.090362548828125 -0.0556297302246094 0.0298347473144531
-0.205459594726563 -0.21331787109375 -0.1170654296875 -0.123031616210938
-0.106071472167969 -0.0565032958984375 -0.261505126953125 -0.413238525390625
-0.0965957641601563 -0.00169372558593752 -0.287261962890625 -0.157684326171875
-0.0639877319335938 0.0342330932617188 -0.091552734375 -0.00827789306640625
-0.0175704956054688 0.0378227233886719 -0.0348052978515625 -0.0612640380859375
-0.00724411010742187 0.0449104309082031 -0.0712738037109375 -0.124237060546875
0.0211715698242188 0.0528106689453125 -0.189712524414063 -0.136367797851562
0.0316123962402344 0.0454978942871094 -0.285247802734375 -0.0354614257812501
0.0426025390625 0.0474433898925781 -0.285614013671875 0.000640869140625
0.0518875122070313 0.0549125671386719 -0.28131103515625 -0.020294189453125
0.0105552673339844 0.0604324340820312 -0.221084594726563 -0.11761474609375
-0.0210113525390625 0.0560874938964844 -0.103805541992188 -0.152938842773437
-0.0481376647949219 0.0266075134277344 -0.00675201416015626 -0.129554748535156
-0.0695724487304688 -0.0144462585449219 0.0376701354980469 -0.0370521545410156
-0.05474853515625 -0.0368919372558594 -0.0917129516601563 0.00551605224609374
-0.086456298828125 -0.0767593383789062 -0.152389526367188 -0.184951782226563
-0.0378570556640625 -0.0989990234375 0.210037231445313 0.1929931640625
-0.0733413696289063 -0.0468978881835938 0.151763916015625 0.0181884765625
-0.0873565673828125 0.0349884033203125 -0.028472900390625 0.0197887420654297
-0.0312576293945313 0.0795974731445313 -0.021392822265625 0.110260009765625
0.0447578430175781 0.0623931884765625 0.0540008544921875 0.1676025390625
0.0638465881347656 -0.00018310546875 0.193206787109375 0.143508911132813
0.07073974609375 -0.0260772705078125 0.283233642578125 0.023345947265625
0.0741806030273438 -0.00748443603515625 0.279220581054688 -0.001861572265625
0.0663414001464844 -0.0189781188964844 0.2779541015625 0.0261077880859375
0.0691413879394531 0.0238494873046875 0.204498291015625 0.106613159179688
0.0338211059570313 0.0757217407226563 0.086944580078125 0.105880737304688
-0.0435333251953125 0.0926513671875 0.0740432739257813 0.0472564697265625
-0.101188659667969 0.000419616699218735 0.133285522460938 0.0188140869140625
-0.0696182250976563 -0.0508460998535156 0.274124145507813 0.13262939453125
-0.0244522094726562 -0.0808486938476562 0.254364013671875 0.445037841796875
-0.15234375 -0.23126220703125 0.187286376953125 0.161605834960937
-0.194671630859375 -0.12017822265625 0.139190673828125 0.0203399658203125
-0.230697631835938 0.056365966796875 -0.01702880859375 0.023406982421875
-0.108245849609375 0.165817260742188 -0.0174484252929688 0.0893325805664063
0.0466766357421875 0.175552368164063 0.0272674560546875 0.149765014648438
0.13580322265625 0.0723342895507813 0.154312133789063 0.13153076171875
0.171829223632813 0.004150390625 0.237533569335938 0.0267486572265625
0.186325073242187 0.031494140625 0.228546142578125 0.005401611328125
0.18133544921875 0.01080322265625 0.233291625976563 0.02191162109375
0.147903442382813 0.0900115966796875 0.161972045898438 0.0783233642578125
0.064605712890625 0.185104370117188 0.061431884765625 0.0724563598632813
-0.095306396484375 0.21038818359375 0.0837326049804688 0.0102386474609375
-0.257080078125 0.0401763916015625 0.150985717773437 -0.000457763671874998
-0.222122192382813 -0.10931396484375 0.27783203125 0.126815795898438
-0.162765502929688 -0.224151611328125 0.2501220703125 0.4052734375
-0.24737548828125 -0.33673095703125 0.1375732421875 0.0880050659179687
-0.300811767578125 -0.180755615234375 0.09808349609375 0.00758361816406249
-0.357330322265625 0.076934814453125 -0.00995635986328127 0.0295753479003906
-0.17755126953125 0.2401123046875 -0.0074920654296875 0.0643386840820313
0.0406494140625 0.273361206054688 0.00333404541015625 0.113021850585938
0.189376831054688 0.14007568359375 0.0968399047851563 0.0967254638671875
0.246810913085938 0.0355682373046875 0.157272338867188 0.021881103515625
0.27081298828125 0.064788818359375 0.143707275390625 0.0113067626953125
0.269332885742188 0.0352783203125 0.152542114257813 0.0172271728515625
0.210281372070313 0.13726806640625 0.0922775268554688 0.0406951904296875
0.0982208251953125 0.268630981445313 0.0221405029296875 0.0281333923339844
-0.1212158203125 0.3087158203125 0.078826904296875 -0.0342636108398437
-0.3765869140625 0.0925598144531249 0.152908325195312 -0.02398681640625
-0.350616455078125 -0.13720703125 0.248260498046875 0.11016845703125
-0.282928466796875 -0.3277587890625 0.209716796875 0.32318115234375
-0.3118896484375 -0.3961181640625 0.0623893737792969 -0.0197563171386719
-0.380523681640625 -0.21343994140625 0.0278854370117187 -0.0197830200195313
-0.443756103515625 0.0993347167968749 -0.011526107788086 0.0328922271728516
-0.221710205078125 0.29364013671875 0.00262832641601561 0.032440185546875
0.034027099609375 0.33819580078125 -0.0204925537109375 0.0576515197753906
0.218673706054688 0.188400268554688 0.0244598388671875 0.04248046875
0.28546142578125 0.063232421875 0.0513153076171875 0.0110816955566406
0.314178466796875 0.08953857421875 0.0365142822265625 0.0154800415039063
0.316497802734375 0.052520751953125 0.0483207702636719 0.0135765075683594
0.242340087890625 0.163619995117187 0.00296568870544435 0.00190401077270509
0.119720458984375 0.311248779296875 -0.0287380218505859 -0.0195674896240234
-0.126190185546875 0.361724853515625 0.057830810546875 -0.0782089233398437
-0.436798095703125 0.134002685546875 0.135734558105469 -0.0455703735351562
-0.42510986328125 -0.13995361328125 0.183364868164062 0.091278076171875
-0.3580322265625 -0.379241943359375 0.133941650390625 0.211181640625
-0.334259033203125 -0.39434814453125 -0.02984619140625 -0.145294189453125
-0.405609130859375 -0.206787109375 -0.06268310546875 -0.0586051940917969
-0.457763671875 0.11376953125 -0.0231037139892578 0.0285911560058594
-0.22393798828125 0.303558349609375 0.00507068634033202 -0.00579595565795897
0.027099609375 0.347412109375 -0.0447235107421875 -0.00856781005859372
0.21466064453125 0.204238891601563 -0.0555152893066406 -0.0207023620605469
0.279937744140625 0.0800018310546875 -0.0644035339355469 -0.00235366821289062
0.3087158203125 0.10125732421875 -0.0763702392578125 0.01776123046875
0.3145751953125 0.0653076171875 -0.0640907287597656 0.0118865966796875
0.231552124023438 0.167556762695313 -0.0896377563476563 -0.03228759765625
0.11370849609375 0.3035888671875 -0.079376220703125 -0.06427001953125
-0.119873046875 0.34844970703125 0.0278244018554687 -0.11285400390625
-0.425537109375 0.13531494140625 0.105331420898437 -0.0566329956054688
-0.418487548828125 -0.1319580078125 0.0973434448242187 0.071868896484375
-0.36834716796875 -0.373931884765625 0.0402297973632812 0.08831787109375
-0.305694580078125 -0.326812744140625 -0.125595092773438 -0.2669677734375
-0.35772705078125 -0.159149169921875 -0.156539916992188 -0.0995635986328125
-0.38519287109375 0.1063232421875 -0.0417137145996094 0.0162734985351563
-0.1812744140625 0.254058837890625 -0.00162506103515626 -0.0421829223632812
0.01922607421875 0.29058837890625 -0.065277099609375 -0.0710525512695313
0.17633056640625 0.18206787109375 -0.128074645996094 -0.078643798828125
0.22918701171875 0.0819244384765625 -0.171112060546875 -0.015106201171875
0.255599975585938 0.0964508056640625 -0.17730712890625 0.0177459716796875
0.262237548828125 0.07135009765625 -0.166549682617188 0.00816345214843751
0.179000854492188 0.149917602539063 -0.166458129882813 -0.0638580322265625
0.0771484375 0.249420166015625 -0.113616943359375 -0.102943420410156
-0.10919189453125 0.268798828125 0.00225067138671874 -0.132408142089844
-0.34600830078125 0.092864990234375 0.0749130249023437 -0.055908203125
-0.335205078125 -0.11712646484375 0.0124473571777344 0.0535354614257813
-0.31292724609375 -0.316986083984375 -0.050048828125 -0.0279197692871094
-0.227005004882812 -0.2069091796875 -0.209686279296875 -0.360809326171875
-0.246994018554687 -0.0847015380859376 -0.235549926757813 -0.133087158203125
-0.240188598632813 0.07745361328125 -0.0654563903808594 0.00190353393554687
-0.105575561523438 0.156356811523438 -0.0163040161132813 -0.0629005432128906
0.00769042968749999 0.180252075195313 -0.075531005859375 -0.112869262695313
0.108604431152344 0.127059936523437 -0.178359985351562 -0.119735717773437
0.142547607421875 0.0699005126953125 -0.250701904296875 -0.0242156982421875
0.16253662109375 0.0778045654296875 -0.251510620117188 0.0153961181640625
0.1700439453125 0.0679168701171875 -0.24298095703125 -0.000152587890624961
0.0996780395507813 0.114852905273438 -0.213424682617188 -0.091461181640625
0.0254364013671875 0.162506103515625 -0.123153686523437 -0.133827209472656
-0.088531494140625 0.151641845703125 -0.00977325439453127 -0.137214660644531
-0.218856811523438 0.0337371826171875 0.0519142150878906 -0.0476303100585938
-0.202529907226562 -0.088226318359375 -0.0525398254394531 0.0319290161132812
-0.211868286132813 -0.21258544921875 -0.118057250976563 -0.123428344726563
-0.109489440917969 -0.0570220947265625 -0.270111083984375 -0.410400390625
-0.098480224609375 -0.000534057617187509 -0.29266357421875 -0.151519775390625
-0.0648231506347656 0.0372962951660156 -0.0922927856445313 -0.00625610351562501
-0.0177192687988281 0.0387153625488281 -0.0346946716308594 -0.06109619140625
-0.00551605224609375 0.0463218688964844 -0.0746383666992187 -0.125373840332031
0.0238533020019531 0.0537223815917969 -0.197738647460937 -0.13446044921875
0.0337295532226563 0.0462837219238281 -0.290283203125 -0.0262451171874999
0.0452499389648437 0.0461349487304687 -0.288238525390625 0.00994873046875001
0.0545234680175781 0.052978515625 -0.28314208984375 -0.0124816894531251
0.0126724243164063 0.0615653991699219 -0.22613525390625 -0.111892700195313
-0.0197296142578125 0.0568275451660156 -0.1077880859375 -0.153182983398438
-0.0479049682617187 0.0281524658203125 -0.00992584228515626 -0.130180358886719
-0.0702896118164063 -0.0121536254882812 0.0381355285644531 -0.0366706848144531
-0.0570640563964844 -0.0366172790527344 -0.0897293090820313 0.008148193359375
-0.0892715454101563 -0.0768966674804688 -0.15460205078125 -0.185546875
-0.0390090942382813 -0.0991897583007813 0.217742919921875 0.196273803710938
-0.0742950439453125 -0.0475921630859375 0.15533447265625 0.015167236328125
-0.0884246826171875 0.0358963012695312 -0.0285930633544922 0.0193862915039063
-0.0312881469726563 0.0820388793945313 -0.0209884643554688 0.112701416015625
0.0457839965820312 0.0627822875976563 0.0586090087890625 0.173049926757813
0.0635223388671875 -0.00116729736328125 0.2027587890625 0.145675659179688
0.0713577270507812 -0.0275497436523437 0.2923583984375 0.017730712890625
0.0764541625976563 -0.0095062255859375 0.287322998046875 -0.00860595703125
0.0674972534179687 -0.0194053649902344 0.286773681640625 0.0201416015625
0.0706253051757813 0.0230178833007813 0.21392822265625 0.106048583984375
0.0368194580078125 0.0771560668945313 0.092132568359375 0.109687805175781
-0.0426712036132813 0.0964279174804688 0.0763626098632812 0.0465621948242188
-0.103927612304688 0.00238800048828126 0.134658813476563 0.0166549682617187
-0.07061767578125 -0.0508880615234375 0.28118896484375 0.1319580078125
-0.0261917114257813 -0.0817642211914063 0.26324462890625 0.4560546875
-0.159011840820312 -0.233474731445313 0.193084716796875 0.163986206054687
-0.200286865234375 -0.119613647460937 0.141799926757813 0.01708984375
-0.235671997070313 0.061370849609375 -0.0162105560302735 0.0229873657226563
-0.109115600585938 0.171173095703125 -0.0166854858398438 0.0906829833984375
0.049774169921875 0.178131103515625 0.0311431884765625 0.15582275390625
0.138572692871094 0.072021484375 0.16241455078125 0.133773803710938
0.175094604492188 0.001708984375 0.2449951171875 0.0220489501953125
0.193801879882813 0.027984619140625 0.235671997070313 -0.001068115234375
0.186370849609375 0.0087738037109375 0.24102783203125 0.0157470703125
0.152175903320313 0.0905609130859375 0.169403076171875 0.0774078369140625
0.070037841796875 0.189559936523438 0.0657196044921875 0.0758438110351563
-0.0938720703125 0.218292236328125 0.0853271484375 0.00794219970703126
-0.263473510742188 0.0461578369140624 0.1527099609375 -0.002960205078125
-0.228378295898437 -0.109756469726563 0.285247802734375 0.127105712890625
-0.17022705078125 -0.226974487304688 0.259552001953125 0.414764404296875
-0.25897216796875 -0.341278076171875 0.14056396484375 0.0890884399414062
-0.31121826171875 -0.181121826171875 0.0990371704101562 0.00522613525390624
-0.364410400390625 0.0860595703125001 -0.00823020935058596 0.0288658142089844
-0.179840087890625 0.248703002929688 -0.00578308105468751 0.0649757385253906
0.046173095703125 0.279403686523438 0.00559234619140626 0.117851257324219
0.194320678710937 0.140655517578125 0.10223388671875 0.0987777709960938
0.253768920898438 0.0330810546875 0.161468505859375 0.019287109375
0.281524658203125 0.060394287109375 0.14862060546875 0.00660705566406251
0.277618408203125 0.0313568115234375 0.1583251953125 0.01202392578125
0.217254638671875 0.138153076171875 0.0967254638671875 0.0404434204101563
0.105422973632813 0.274307250976563 0.0248203277587891 0.0308475494384766
-0.119720458984375 0.32025146484375 0.0800857543945312 -0.0387344360351562
-0.385406494140625 0.102020263671875 0.154800415039062 -0.0261077880859375
-0.3624267578125 -0.136932373046875 0.255218505859375 0.111572265625
-0.29437255859375 -0.3331298828125 0.217559814453125 0.331634521484375
-0.326507568359375 -0.4013671875 0.0631332397460937 -0.0200767517089844
-0.39263916015625 -0.21258544921875 0.0268535614013672 -0.0215854644775391
-0.451812744140625 0.1112060546875 -0.00948333740234378 0.0326995849609375
-0.223358154296875 0.304168701171875 0.00433921813964842 0.0318927764892578
0.041656494140625 0.346038818359375 -0.0191116333007813 0.0615730285644532
0.225601196289063 0.1903076171875 0.0262565612792969 0.0443954467773438
0.293792724609375 0.060760498046875 0.0526771545410156 0.0106315612792969
0.327301025390625 0.084320068359375 0.0388259887695313 0.01397705078125
0.326263427734375 0.0478515625 0.0511856079101563 0.0106430053710938
0.2496337890625 0.164154052734375 0.00418472290039064 0.00273656845092774
0.12835693359375 0.318084716796875 -0.0277137756347656 -0.01800537109375
-0.12322998046875 0.37554931640625 0.057464599609375 -0.0840682983398437
-0.44720458984375 0.146087646484375 0.138130187988281 -0.046966552734375
-0.438446044921875 -0.13848876953125 0.189712524414062 0.092498779296875
-0.3721923828125 -0.385009765625 0.140029907226562 0.216659545898437
-0.350677490234375 -0.400482177734375 -0.0321807861328125 -0.148147583007813
-0.419097900390625 -0.205810546875 -0.066650390625 -0.0591659545898438
-0.4677734375 0.12725830078125 -0.0213851928710938 0.0292167663574219
-0.226654052734375 0.314666748046875 0.00706768035888671 -0.00727844238281248
0.034912109375 0.35626220703125 -0.0455665588378906 -0.00696945190429686
0.22271728515625 0.20745849609375 -0.0581893920898437 -0.0190391540527344
0.2889404296875 0.078033447265625 -0.0666732788085937 -4.57763671875078E-05
0.322418212890625 0.097076416015625 -0.076995849609375 0.0199813842773438
0.323944091796875 0.059967041015625 -0.0644111633300781 0.0113716125488281
0.2393798828125 0.168838500976563 -0.0917587280273438 -0.0307846069335937
0.121795654296875 0.310699462890625 -0.0810928344726562 -0.0636825561523438
-0.117523193359375 0.360748291015625 0.0256576538085937 -0.118614196777344
-0.4351806640625 0.147064208984375 0.107711791992187 -0.0580062866210937
-0.432373046875 -0.1302490234375 0.102783203125 0.0743942260742187
-0.3839111328125 -0.380889892578125 0.0429763793945312 0.09039306640625
-0.319610595703125 -0.333984375 -0.131393432617188 -0.27197265625
-0.37005615234375 -0.1578369140625 -0.1629638671875 -0.099273681640625
-0.3935546875 0.118011474609375 -0.0412445068359375 0.0170669555664063
-0.184188842773438 0.263763427734375 -0.000476837158203133 -0.0436859130859375
0.0255126953125 0.298553466796875 -0.0679397583007812 -0.0714035034179688
0.18426513671875 0.185195922851562 -0.134742736816406 -0.0782928466796875
0.237472534179688 0.0819244384765625 -0.1768798828125 -0.0104522705078125
0.266616821289063 0.0931243896484375 -0.181564331054687 0.022705078125
0.270584106445313 0.06695556640625 -0.169662475585938 0.0102691650390625
0.185546875 0.151962280273438 -0.171798706054688 -0.061370849609375
0.083587646484375 0.255691528320312 -0.117721557617187 -0.103790283203125
-0.10931396484375 0.27911376953125 -0.000526428222656243 -0.1375732421875
-0.3541259765625 0.10296630859375 0.0770721435546875 -0.0571136474609375
-0.34661865234375 -0.11590576171875 0.0154380798339844 0.0559120178222656
-0.32635498046875 -0.32269287109375 -0.0506973266601563 -0.0292854309082031
-0.237701416015625 -0.211441040039062 -0.2177734375 -0.3670654296875
-0.255599975585938 -0.0829620361328125 -0.244094848632812 -0.132232666015625
-0.246231079101563 0.0853271484375 -0.0659294128417969 0.00318908691406251
-0.107711791992188 0.162277221679688 -0.0159912109375 -0.0650863647460937
0.0120697021484375 0.185760498046875 -0.0794906616210938 -0.11517333984375
0.114616394042969 0.129608154296875 -0.187362670898437 -0.119461059570313
0.148468017578125 0.0705718994140625 -0.25897216796875 -0.0175323486328125
0.169952392578125 0.07623291015625 -0.25726318359375 0.0218658447265626
0.176223754882812 0.065887451171875 -0.2489013671875 0.00473022460937503
0.104347229003906 0.116867065429688 -0.220352172851563 -0.08868408203125
0.0290985107421875 0.166427612304687 -0.128074645996094 -0.135322570800781
-0.088836669921875 0.158004760742188 -0.012786865234375 -0.141098022460938
-0.224929809570312 0.03985595703125 0.05377197265625 -0.0481071472167969
-0.210235595703125 -0.087860107421875 -0.0508041381835938 0.0346412658691406
-0.221389770507813 -0.21673583984375 -0.120979309082031 -0.127365112304688
-0.114356994628906 -0.0587615966796875 -0.279632568359375 -0.41851806640625
-0.101104736328125 0.000450134277343731 -0.30181884765625 -0.149627685546875
-0.0666732788085938 0.0402946472167969 -0.0944442749023438 -0.00425720214843749
-0.0187149047851562 0.0402565002441406 -0.035064697265625 -0.0623931884765625
-0.00421142578125 0.0484695434570313 -0.0786819458007812 -0.129173278808594
0.0267868041992188 0.0553932189941406 -0.20867919921875 -0.135269165039063
0.0363540649414062 0.0481910705566406 -0.29937744140625 -0.019561767578125
0.0478363037109375 0.04669189453125 -0.295257568359375 0.01751708984375
0.0575141906738281 0.05279541015625 -0.290679931640625 -0.006378173828125
0.0143547058105469 0.0633201599121094 -0.234664916992187 -0.1107177734375
-0.0190200805664063 0.0590438842773437 -0.113311767578125 -0.156173706054688
-0.0490608215332031 0.0299720764160156 -0.0124893188476563 -0.132514953613281
-0.0728378295898438 -0.010101318359375 0.0402793884277344 -0.0366401672363281
-0.060882568359375 -0.0371780395507812 -0.0895614624023437 0.0106277465820313
-0.093658447265625 -0.0785446166992187 -0.159820556640625 -0.19134521484375
-0.0424041748046875 -0.100601196289063 0.2313232421875 0.20025634765625
-0.0778350830078125 -0.047637939453125 0.160919189453125 0.0097808837890625
-0.0909805297851563 0.0391845703125 -0.0296211242675781 0.0195522308349609
-0.0298614501953125 0.0859603881835938 -0.019195556640625 0.11785888671875
0.0485038757324219 0.0628166198730469 0.06689453125 0.180191040039063
0.0640640258789063 -0.0031890869140625 0.218246459960938 0.1463623046875
0.07257080078125 -0.0302734375 0.3048095703125 0.007598876953125
0.08026123046875 -0.0124282836914062 0.29937744140625 -0.020721435546875
0.0698966979980469 -0.0217781066894531 0.30120849609375 0.010009765625
0.0735626220703125 0.0217742919921875 0.228012084960938 0.103729248046875
0.040863037109375 0.079345703125 0.100662231445312 0.113784790039063
-0.0404052734375 0.102287292480469 0.0802154541015625 0.0460281372070313
-0.108268737792969 0.00620269775390627 0.1380615234375 0.0132369995117187
-0.073272705078125 -0.0503616333007813 0.293792724609375 0.1307373046875
-0.0297622680664063 -0.0833053588867187 0.28363037109375 0.471588134765625
-0.170928955078125 -0.23797607421875 0.20489501953125 0.167251586914062
-0.211166381835937 -0.119491577148438 0.145950317382813 0.012298583984375
-0.2427978515625 0.07171630859375 -0.0151233673095703 0.0227508544921875
-0.109207153320313 0.18084716796875 -0.0149765014648438 0.0942230224609375
0.0569610595703125 0.183563232421875 0.037872314453125 0.163330078125
0.143661499023438 0.0713653564453125 0.17608642578125 0.135787963867188
0.182205200195313 -0.003570556640625 0.256744384765625 0.014129638671875
0.204193115234375 0.022186279296875 0.246429443359375 -0.01141357421875
0.195083618164063 0.0030975341796875 0.253326416015625 0.0064849853515625
0.16082763671875 0.0897979736328125 0.180816650390625 0.0757904052734375
0.079010009765625 0.196075439453125 0.0724105834960938 0.0796279907226563
-0.0906829833984375 0.23187255859375 0.0885772705078125 0.00428009033203126
-0.273330688476563 0.056427001953125 0.156814575195312 -0.0064239501953125
-0.240631103515625 -0.108840942382813 0.299102783203125 0.125640869140625
-0.184188842773437 -0.232620239257813 0.279815673828125 0.4285888671875
-0.278167724609375 -0.34881591796875 0.147537231445312 0.0904083251953125
-0.32720947265625 -0.17938232421875 0.101181030273437 0.00167846679687499
-0.375762939453125 0.102081298828125 -0.00677680969238284 0.0289707183837891
-0.18084716796875 0.26336669921875 -0.00393295288085938 0.0662765502929688
0.056121826171875 0.288665771484375 0.0106277465820312 0.125160217285156
0.204193115234375 0.142044067382813 0.111480712890625 0.100807189941406
0.2646484375 0.0272369384765625 0.1695556640625 0.0144500732421875
0.297271728515625 0.052703857421875 0.155349731445313 0.000549316406250003
0.290863037109375 0.023834228515625 0.16656494140625 0.0045013427734375
0.229232788085937 0.138626098632812 0.103569030761719 0.0397720336914063
0.1190185546875 0.28289794921875 0.0289859771728516 0.0335369110107422
-0.114532470703125 0.33929443359375 0.0811004638671875 -0.0446243286132812
-0.399139404296875 0.118988037109375 0.159530639648437 -0.0305938720703125
-0.38140869140625 -0.13360595703125 0.26885986328125 0.110504150390625
-0.317169189453125 -0.339935302734375 0.2342529296875 0.34112548828125
-0.352203369140625 -0.4107666015625 0.0644340515136718 -0.0214614868164063
-0.41497802734375 -0.20947265625 0.0254535675048828 -0.0234832763671875
-0.466156005859375 0.131622314453125 -0.00766944885253909 0.0332698822021484
-0.2255859375 0.323944091796875 0.00608634948730467 0.0317916870117188
0.054290771484375 0.35943603515625 -0.0168800354003906 0.0666999816894531
0.239242553710937 0.192794799804688 0.0290069580078125 0.0465660095214844
0.307769775390625 0.0550537109375 0.0553359985351563 0.0103874206542969
0.34625244140625 0.07568359375 0.0419731140136719 0.012451171875
0.342620849609375 0.03887939453125 0.0543289184570313 0.006683349609375
0.264190673828125 0.164337158203125 0.00591945648193361 0.00324296951293946
0.144927978515625 0.328277587890625 -0.0272064208984375 -0.0163345336914062
-0.1185302734375 0.396759033203125 0.0559616088867187 -0.091156005859375
-0.462249755859375 0.16680908203125 0.141815185546875 -0.0516204833984375
-0.4620361328125 -0.134002685546875 0.20159912109375 0.092376708984375
-0.399627685546875 -0.392974853515625 0.151077270507812 0.222564697265625
-0.377044677734375 -0.408538818359375 -0.0378875732421875 -0.152252197265625
-0.442047119140625 -0.202301025390625 -0.0726165771484375 -0.059112548828125
-0.482513427734375 0.148773193359375 -0.0203342437744141 0.0300197601318359
-0.229095458984375 0.33465576171875 0.00843238830566405 -0.00895690917968748
0.0478515625 0.370452880859375 -0.0467453002929687 -0.00412368774414061
0.237472534179688 0.2105712890625 -0.061370849609375 -0.0167503356933594
0.303680419921875 0.074005126953125 -0.069854736328125 0.00349807739257813
0.341796875 0.088287353515625 -0.07861328125 0.0231094360351563
0.340240478515625 0.051513671875 -0.0664215087890625 0.0114860534667969
0.252456665039063 0.170135498046875 -0.095855712890625 -0.0284500122070312
0.137298583984375 0.32073974609375 -0.0845108032226562 -0.0629119873046875
-0.1131591796875 0.381561279296875 0.0219268798828125 -0.126014709472656
-0.4501953125 0.16827392578125 0.111251831054687 -0.0619049072265625
-0.45513916015625 -0.1246337890625 0.111305236816406 0.0753326416015625
-0.411285400390625 -0.387542724609375 0.0481338500976562 0.0923538208007812
-0.34381103515625 -0.340606689453125 -0.14385986328125 -0.279052734375
-0.390533447265625 -0.154632568359375 -0.173904418945313 -0.0975494384765625
-0.40606689453125 0.136199951171875 -0.0411567687988282 0.0189170837402344
-0.186126708984375 0.281402587890625 -0.00011062622070314 -0.0471725463867187
0.036590576171875 0.31024169921875 -0.0725784301757813 -0.071868896484375
0.197418212890625 0.18902587890625 -0.144088745117187 -0.076263427734375
0.2513427734375 0.07904052734375 -0.18511962890625 -0.00346374511718753
0.2828369140625 0.087860107421875 -0.187225341796875 0.0298919677734375
0.28448486328125 0.060546875 -0.17645263671875 0.015167236328125
0.197509765625 0.154403686523438 -0.180435180664063 -0.058013916015625
0.0955047607421875 0.264205932617188 -0.124671936035156 -0.104545593261719
-0.105377197265625 0.29608154296875 -0.00604248046875 -0.14404296875
-0.366943359375 0.119415283203125 0.0794754028320312 -0.059906005859375
-0.36541748046875 -0.111480712890625 0.02093505859375 0.0587005615234375
-0.350494384765625 -0.32916259765625 -0.0525703430175781 -0.0311508178710938
-0.254257202148438 -0.216262817382812 -0.234405517578125 -0.376678466796875
-0.268310546875 -0.0806121826171875 -0.258285522460938 -0.130111694335937
-0.254058837890625 0.0977935791015625 -0.0682754516601563 0.00540161132812499
-0.10882568359375 0.1729736328125 -0.0174598693847656 -0.0678215026855469
0.018951416015625 0.194061279296875 -0.0864105224609375 -0.117767333984375
0.123870849609375 0.133079528808594 -0.202255249023438 -0.118240356445312
0.15875244140625 0.070404052734375 -0.27142333984375 -0.0080413818359375
0.181900024414062 0.0733795166015625 -0.267120361328125 0.0329132080078125
0.185653686523438 0.0619354248046875 -0.259246826171875 0.0126953125
0.111808776855469 0.119438171386719 -0.232925415039063 -0.0847167968749999
0.035552978515625 0.173355102539062 -0.136772155761719 -0.1378173828125
-0.08843994140625 0.168304443359375 -0.01806640625 -0.147109985351563
-0.233230590820313 0.0494842529296875 0.0565757751464844 -0.0502090454101563
-0.223556518554688 -0.085693359375 -0.0488395690917969 0.0382614135742187
-0.23822021484375 -0.2205810546875 -0.128456115722656 -0.132659912109375
-0.122772216796875 -0.0596771240234375 -0.30133056640625 -0.42974853515625
-0.1055908203125 0.00207519531249999 -0.31805419921875 -0.1468505859375
-0.0677261352539063 0.0439453125 -0.098602294921875 -0.00119781494140624
-0.0195541381835938 0.0424842834472656 -0.0373344421386719 -0.064727783203125
-0.00209808349609375 0.0512733459472656 -0.0862884521484375 -0.133323669433594
0.0308647155761719 0.0575218200683594 -0.223983764648438 -0.135086059570313
0.0412826538085938 0.050262451171875 -0.3143310546875 -0.00860595703124998
0.0523681640625 0.0479354858398438 -0.307281494140625 0.030517578125
0.0619010925292969 0.0529022216796875 -0.302734375 0.00421142578125
0.0170860290527344 0.0664787292480469 -0.248291015625 -0.107437133789062
-0.0181388854980469 0.0626754760742188 -0.123611450195312 -0.16009521484375
-0.0510330200195313 0.0337142944335937 -0.0168914794921875 -0.137107849121094
-0.0769271850585938 -0.00749206542968751 0.0426559448242187 -0.0386848449707031
-0.0660133361816406 -0.0369644165039063 -0.0898590087890625 0.0135726928710938
-0.100234985351562 -0.0805282592773438 -0.170059204101562 -0.198989868164063
-0.0910435264314799 0.0690997137143701 -0.0246075510546206 0.325331428774232
-0.00443455423479476 0.0990828768402097 0.0920927017841619 0.151283917552723
0.0911445839172106 0.0507011274183097 -0.0331774737288947 -0.0433634923904209
0.0967756101456337 -0.0474968492936631 -0.138624047167837 0.0249138837849623
-0.00025562436556106 -0.100378836191856 -0.142596510135049 0.176252579466902
-0.0640977238513643 -0.0654185446023859 -0.034675549995406 0.280990541402811
-0.0863620116930594 -0.0487778126007766 0.103014692605607 0.310713980403722
-0.0838803439981064 -0.046078641595053 0.172211282983076 0.292141947990415
-0.0820435386860928 -0.0558239880555229 0.121293498202654 0.300058768096794
-0.0464772182929013 -0.0750091271116679 0.0140083554068965 0.256014856529401
0.025928551972413 -0.0931203296115401 -0.0697915629307754 0.151853916006644
0.110774161297138 -0.0343283942420603 -0.00742604840174895 0.0809859723043357
0.0757436560804701 0.0652361344147267 0.0739154443825809 0.11287922823779
-0.00984962502863982 0.0783892394957252 0.0443506585364374 0.327869032141967
-0.0670185131524374 0.0446543210572654 -0.192671140252975 0.520842591302043
-0.129888617470946 0.255015124137469 0.0177344062073619 0.277049755564617
0.0263136109583071 0.256460807839015 0.110618694132818 0.126893410399432
0.211042039779079 0.158676503823786 -0.0190406440062337 -0.0675245892098768
0.238976484508318 -0.0456404484429775 -0.129546437669378 -0.0162851523040507
0.0860127804690752 -0.196717213011353 -0.163428004343894 0.137275174707841
-0.0530689979404798 -0.175279327411553 -0.0614843201824547 0.243506648375928
-0.118960560722244 -0.163914965343229 0.060265024885071 0.273726771483036
-0.138867939868327 -0.16264351021952 0.126541414411106 0.255001340819786
-0.133068673170309 -0.179998477795108 0.0910690418453423 0.260700020836758
-0.0471023161570295 -0.189542582395184 -0.00181663933912785 0.201545523394147
0.0881230683932776 -0.203077848786127 -0.0671833521767543 0.0999096658555936
0.2571708255076 -0.0711536362590056 0.0286257341263493 0.0446818788513526
0.232467768105725 0.140819893889933 0.108301954613564 0.101292077012166
0.0488783017427623 0.243824754157169 0.0721491477130755 0.328778085117212
-0.10612045382203 0.246489338707557 -0.144663331825654 0.509339498434819
-0.15349768765181 0.412718882576887 0.0769610294413236 0.176916945092222
0.0588291641029258 0.393824952130464 0.122646400205741 0.0668195128599992
0.317415363537763 0.252610058628215 -0.0122597202046344 -0.0897235160626021
0.364089948922279 -0.0407271810968358 -0.110933537445472 -0.0508520102500862
0.167850325811674 -0.274519095333046 -0.159968900766379 0.0866187979349456
-0.031506441124654 -0.264284948042836 -0.0743392676375458 0.172224885954037
-0.131416053249892 -0.256792345084475 0.0118846073844425 0.193945143914701
-0.17320589700479 -0.253769037315759 0.0626318279238074 0.178927614077746
-0.167852539006577 -0.274659474695218 0.0435703620931257 0.1834824441543
-0.0490088014726801 -0.276895626202007 -0.0217406824290873 0.11667115288596
0.127089499562561 -0.293007850726276 -0.058343526812935 0.0294857141976721
0.368014338759932 -0.11710326429977 0.0622381832821768 -0.00527939821367791
0.368811103919495 0.180982925399191 0.134001820822429 0.0759530771309349
0.117482473792916 0.368249717949671 0.0866528996281891 0.29086782478498
-0.119247348615517 0.411415240721095 -0.0882605974826481 0.428974759215217
-0.152205382374599 0.520854907962686 0.14046215100796 0.0344390515403176
0.100022570877969 0.487791120134779 0.123721445188295 -0.0290109656065558
0.400254552958319 0.309988262282243 -0.0141711940658969 -0.113328663850507
0.449996510695778 -0.0433905244591466 -0.0844495186511195 -0.079410177375685
0.225167270389584 -0.321589732180644 -0.132330313096649 0.0237356023795344
-0.00721475150946916 -0.318575912786369 -0.0737529268954904 0.0729263042343032
-0.123285020242398 -0.312248774701336 -0.0360715985540377 0.0822956904752465
-0.180491627644757 -0.30736121437907 -0.0122166717589839 0.0759619152674545
-0.178185427021774 -0.327001053202237 -0.0143068101827565 0.0801705857979784
-0.0447519528357007 -0.322158738196899 -0.0460663547220488 0.0131600351128772
0.145235061909957 -0.340680978011088 -0.0468949202555856 -0.0524994890453751
0.42234213934154 -0.14920438006119 0.0867175897787715 -0.0606899988653049
0.449733822121085 0.191220006308242 0.14261398639666 0.0417189726955101
0.171003240954306 0.43207298824571 0.0776823554301491 0.218879124453362
-0.114608732429658 0.510246144240674 -0.0370526597153109 0.296488791951726
-0.122625673931247 0.554911557927278 0.197488288794387 -0.135320210538794
0.133975458579473 0.505980014425052 0.109587160833534 -0.146277401675351
0.42759017816496 0.314361086604804 -0.0207947591180827 -0.133125465893368
0.463850099374617 -0.0446101924367575 -0.0480278941590408 -0.100938466085598
0.242994079043998 -0.319998325121633 -0.0841614374701591 -0.0474506456731164
0.0164239450369713 -0.321948932811583 -0.0612218176456768 -0.0426799145514896
-0.0966792515408984 -0.319394196507448 -0.0787824561590883 -0.044374157765601
-0.159810957977325 -0.314174312908215 -0.0853970247623344 -0.0374765943909625
-0.15774836379205 -0.331081090141804 -0.0736442653008614 -0.0341102062669294
-0.0271764436707824 -0.317336716614638 -0.0683219546145011 -0.0932938194529292
0.147254330496165 -0.326833248778542 -0.0302741093635233 -0.131927541166681
0.407075571469562 -0.140896762912793 0.102580250366404 -0.108190565269999
0.442424528101416 0.181020669488767 0.133193912464453 0.0114277205554136
0.178218010739409 0.422774315074891 0.0451151862033528 0.130614019748216
-0.0977021970528346 0.522349986006639 0.0033698326327472 0.133503086901553
-0.0705716405846506 0.503377870745941 0.235898755015404 -0.303957258113243
0.150570081626537 0.434553900440436 0.0804159747119552 -0.260826723252298
0.371521276305265 0.25826250383359 -0.0276299409040919 -0.139943238770434
0.387128204534194 -0.0392074015959731 -0.00866084553632088 -0.110591468150777
0.211635829128699 -0.260076036437858 -0.0255825324055446 -0.112617488598604
0.033148434699124 -0.269244746758828 -0.0400285890061896 -0.152257867992496
-0.0558705896599829 -0.275329937953924 -0.109777334407233 -0.164726552785422
-0.11400683795371 -0.272507597096501 -0.145897147327473 -0.145960168487684
-0.10839770821562 -0.284717418006597 -0.122241684473649 -0.142907919353853
0.00313079472129727 -0.262291742298405 -0.077662696610173 -0.185293196397013
0.136428325155525 -0.252591752300105 -0.00124476199795993 -0.189840779352008
0.328785636716658 -0.0901079660130218 0.113812744137269 -0.131327886307546
0.349374455585253 0.162114036009696 0.11220805189533 -0.00352386595558112
0.138472014138532 0.347525703570455 0.00396415287895602 0.0452376213331714
-0.0769053141946475 0.449550435845803 0.0325451172972691 -0.0275181966778754
-0.00381126908707301 0.371217591122625 0.243784993831235 -0.441473259058549
0.139408649236761 0.283932558254213 0.0387092198235869 -0.347672427601806
0.246651542980166 0.153574104937798 -0.0376439389112131 -0.133280602860819
0.237396831549079 -0.0253927958488276 0.0215381313019603 -0.102911560341433
0.140616457017748 -0.152937661945336 0.0293680467238481 -0.153681121737187
0.0423479068667225 -0.170400240527937 -0.0156360092887315 -0.232580789269726
-0.00721711825722652 -0.185820917589528 -0.124844255543329 -0.258763234797822
-0.0500957411482161 -0.189360768301499 -0.184469145264204 -0.232175222010861
-0.0414513225774213 -0.197068395150617 -0.148971359428516 -0.231230828897237
0.0362955074614882 -0.169965278173503 -0.0671220144090101 -0.248894640138089
0.110828978129018 -0.141217632419941 0.0398988244300282 -0.216768883441536
0.206649029919292 -0.0221817867102225 0.121685210734042 -0.125253624245523
0.20399076000146 0.124014697844861 0.0875609165583541 -0.00165721627845717
0.0753152587380565 0.223267010798444 -0.0294351708040566 -0.0231284074519566
-0.0451200202620884 0.309179859717332 0.0532065054281431 -0.160328840807451
0.0602373011792548 0.180947874215507 0.219171338775994 -0.52494771180704
0.106262535264005 0.0931851040533328 -0.0110675084907232 -0.398682198090446
0.0892870182522471 0.0288393177790896 -0.0568561064167382 -0.116137193223824
0.0575765660952098 -0.00865162533620706 0.031920169960389 -0.0790125680786107
0.0511866551243307 -0.0259816363006581 0.0681358915857656 -0.163407347518225
0.0457693573842039 -0.0458592039870077 0.00635866308419534 -0.271427790153405
0.0423225504092221 -0.0672232509571972 -0.123160272352116 -0.309849331446893
0.0215155407171674 -0.0761308944293796 -0.194273990139529 -0.283558519154051
0.0293999623473347 -0.0807685937235199 -0.148724509685133 -0.286262310417943
0.0577680855822767 -0.0579500027562848 -0.0394278317342847 -0.276012958039288
0.0650273853994337 -0.0216661992902853 0.0845456402543506 -0.209558494065981
0.0641497722367677 0.0314054927449007 0.122688166797881 -0.0968669802046735
0.049618916590419 0.0591379789785158 0.0641375375856566 0.00925112924834867
0.0179952916530722 0.0736748511286317 -0.0479514777518965 -0.0702428018950786
-0.00222036044237928 0.130967116120124 0.0645890515517137 -0.249409318515749
-0.0889013250415782 0.0749822346637328 -0.00632535654310365 0.335677168375135
0.00181314263929517 0.101066422192205 0.104271792570075 0.147493093143758
0.0958304195024164 0.0456644388699882 -0.0362240061809918 -0.0431313790444819
0.0954989714202755 -0.0542925321102482 -0.140356997957143 0.0334210854128676
-0.00684163603711805 -0.101499540713911 -0.13460863504675 0.191410809346634
-0.0684979990802043 -0.0621148346548747 -0.0156505118757888 0.292084213766322
-0.0906446046743771 -0.0437779337449804 0.12795242271339 0.309825224504435
-0.0895629885795982 -0.0414502054079363 0.199526527285416 0.28576078304813
-0.0882349398281252 -0.0521631185171476 0.147105963262514 0.299405397496574
-0.0526637168799733 -0.0726837389724563 0.0330113455211068 0.263028220543819
0.0197826851202974 -0.0974763951188494 -0.0616759036989902 0.162794401778916
0.109859048257208 -0.0436792769523562 -0.00256807598188151 0.0824167157835238
0.0821255564467471 0.0613276949023782 0.0803961977503277 0.108784501594796
-0.00606994657942694 0.0799964446107137 0.0636747074428953 0.331760283549128
-0.0648845588623195 0.0493070737022116 -0.168384268203971 0.54817027850268
-0.117089437311441 0.268822837526568 0.0337070911617755 0.282874510718969
0.0433086070538095 0.259836198085649 0.120433423989327 0.120744131968806
0.225560215691491 0.147951676794596 -0.0229061831334025 -0.0681679728510938
0.241434736778506 -0.0614125825902172 -0.133074304039304 -0.00959410123825483
0.0750756027280941 -0.206327848158285 -0.158410810320752 0.153519161819766
-0.0638558163187332 -0.175749738744328 -0.046273979539071 0.255426267263942
-0.131962621174966 -0.160188498229805 0.0823104560664228 0.275329027073565
-0.154775198724851 -0.15716890845572 0.15002729067344 0.250913247752614
-0.149900836786899 -0.17587938575375 0.113958511337643 0.260754923008501
-0.0598705646361815 -0.190794650345884 0.012915995536479 0.207756125026418
0.075754291526768 -0.214539204958638 -0.062028553584253 0.110231412514518
0.259504110705447 -0.0917587597352063 0.0317205094304307 0.0410355055538129
0.248277934501992 0.129474827992181 0.115377657739462 0.0954055889313365
0.064087602021223 0.247063334831317 0.0928886141866183 0.332458074487672
-0.0916102974397645 0.259677190903125 -0.11833662514338 0.53099156325991
-0.130834846346235 0.4334859837452 0.0870381594600608 0.177447492538812
0.084605519403162 0.398402468100446 0.127837684941791 0.0589451598727887
0.341033702954351 0.236119462157465 -0.0175428280936869 -0.0911121069752056
0.371545069797894 -0.0642408583241719 -0.115914016572578 -0.0462089297697717
0.152793348644226 -0.291681945013081 -0.158123961808942 0.102668263933471
-0.0474712719644105 -0.268543090872027 -0.0648574793183755 0.182793018535011
-0.150707471070435 -0.2548185470377 0.0264165673670619 0.197453087507414
-0.197128690508875 -0.248911606857935 0.0782372161102146 0.177914468498318
-0.192311164806773 -0.270470971338992 0.0600885396107601 0.183979794654855
-0.0665515204884334 -0.28065691707752 -0.0133003974595008 0.121803007935154
0.110705220900974 -0.309540618648528 -0.0573217750492334 0.0373652039332535
0.370598563382971 -0.145207528906419 0.062952201732929 -0.0122692380438613
0.390669929337604 0.161611953511488 0.140281512618815 0.0689915880299244
0.143534392604337 0.372257125750084 0.106700593432129 0.292794167667383
-0.0963922037119638 0.430838940387903 -0.0645384702090819 0.446346743344948
-0.121694890405523 0.543689749222343 0.143802809725658 0.0273899015712917
0.131137178157425 0.492018665927123 0.122400724335392 -0.0380977138823173
0.4301563789616 0.29041175557382 -0.0209110962462823 -0.114934178539038
0.459510517204878 -0.0709434666940571 -0.0897097710224433 -0.0768185616997399
0.208869434600185 -0.344606569409795 -0.134110570788651 0.0360384031964095
-0.0260878727220644 -0.326646397209834 -0.0716186383704688 0.0807567733211148
-0.147142809658671 -0.312955204211313 -0.0312583775884567 0.0876251378235336
-0.209338565124752 -0.302856572399111 -0.00606686940390366 0.0786589722134087
-0.20706407226002 -0.323215617841291 -0.00624799672310517 0.0816093129924862
-0.064988398798005 -0.327770958386264 -0.0453305008502316 0.0171113208908372
0.125800132095205 -0.359543787800771 -0.0507793171226764 -0.0477332708367179
0.425584297735578 -0.181816307058761 0.0841162513334996 -0.0711142502193829
0.474105678865623 0.165873421759671 0.147407647342141 0.03425118060928
0.20300478705626 0.432552324273899 0.0940303090288753 0.221363039256087
-0.0851913614052405 0.532179744578017 -0.0193301150659357 0.305767954659887
-0.0899326293661366 0.577275231574175 0.192750361644879 -0.150053434941373
0.168562079871134 0.509697417619546 0.100164068554911 -0.156641102918362
0.457531752389922 0.292787177270712 -0.0284637455470939 -0.133741306643845
0.475081469586166 -0.0742732365148246 -0.0542986936283449 -0.101558122847485
0.226640384499648 -0.345056485314218 -0.0892901014988512 -0.0403230158074068
-0.00258627033038576 -0.332270445415828 -0.0666383286383035 -0.0393465449903889
-0.119971136542539 -0.322219477741769 -0.084401523980205 -0.0388447581978403
-0.188530758750662 -0.311159735635681 -0.0898799647804149 -0.0321080734909669
-0.185838831956069 -0.328654299899091 -0.0764403235253367 -0.0307846094764461
-0.0467883202236216 -0.324256465835122 -0.0757676971424626 -0.0906941757524813
0.128098988260331 -0.344879417782287 -0.0382406092518871 -0.130614361545369
0.411468188628613 -0.172253574536164 0.0968258620952729 -0.12032388592762
0.466994742559854 0.156848334021313 0.136626787766448 0.0045088987941923
0.209517849227834 0.422273571828959 0.0565188427394657 0.133118460517104
-0.0667898985764416 0.545029772458053 0.0131972756637855 0.135582857295561
-0.0389318079417765 0.522322803599104 0.222227749198627 -0.325099493502073
0.179722888184826 0.435955860158304 0.0630171328809699 -0.271403386493368
0.39776702502476 0.239062913587077 -0.0365860081240365 -0.14092186598821
0.39726990678781 -0.0632700691366104 -0.0141584939727617 -0.113387827759262
0.199047195500679 -0.281888667663556 -0.0335130719072514 -0.111415677215992
0.0172369518319922 -0.279483295589611 -0.0522921077157038 -0.153386589742793
-0.0757357406887376 -0.280371550586271 -0.125063878203099 -0.160092541556848
-0.138328802154334 -0.272788642802441 -0.159619468098465 -0.138473172533961
-0.132093514563185 -0.284036278077829 -0.134236923235766 -0.138540664522789
-0.0128581031604896 -0.269753404096946 -0.0919081276483688 -0.184602373811014
0.123006273309301 -0.268556732224018 -0.0131239005764766 -0.193818973352227
0.334164190013468 -0.113857165065882 0.106960684193388 -0.143795496993933
0.369613409625429 0.141975210203649 0.114574349226124 -0.00914565084955879
0.16416704142486 0.347065137218483 0.00953092322170949 0.0483939834469459
-0.05015312999735 0.468187878168873 0.0338903331033729 -0.0325535625242947
0.0186217335367863 0.38355786706717 0.223467109637555 -0.465792972386506
0.159360760931972 0.283540645803013 0.0166211317551208 -0.358094579266787
0.263278937555111 0.141242183545012 -0.0469521249710054 -0.133587206011715
0.243869383440793 -0.0407751360004285 0.0166955578648405 -0.107085805825985
0.133973885172757 -0.167979623797856 0.0204777624642998 -0.158618733906678
0.0320482369292602 -0.179093920260143 -0.0334717600358819 -0.238763640520367
-0.0204111911939101 -0.19200336406245 -0.147655502230006 -0.255104035811856
-0.0655075627629944 -0.191650360888257 -0.205291082834221 -0.223088780561887
-0.0561462871663234 -0.199655486197393 -0.16877828342752 -0.22674998497491
0.0268152689624677 -0.178227091899265 -0.0857249118209046 -0.250589869895038
0.104308585722284 -0.1524110706189 0.026608947926133 -0.224341482140348
0.212399551752557 -0.0366050112083976 0.114617713586396 -0.136631058959002
0.218357094897053 0.112769675203973 0.0904569441549066 -0.00558301455809618
0.0913059759668884 0.224620002464736 -0.0286531273359813 -0.0193155784291717
-0.0266932068543838 0.322147039242851 0.0471058500912208 -0.170816131306893
0.0734920954433896 0.183860709821655 0.194931653036491 -0.551277108731577
0.113055429515539 0.0899990556951231 -0.0370164106207964 -0.404828236954036
0.0937786355907281 0.0250207469392445 -0.0653170976734826 -0.115208501018231
0.0601825737775796 -0.0121508266667173 0.0283658851243456 -0.0826556061700191
0.0508203706956823 -0.0313794522457741 0.0593088279466024 -0.172178415185019
0.0436879841916427 -0.0512596388289655 -0.0134821840100648 -0.280084042399597
0.0380952357717649 -0.0732801883089905 -0.149343195598592 -0.308152722105176
0.0160176157451205 -0.0810413754446554 -0.219943907949554 -0.274527916275334
0.0248269492590833 -0.0850355996937044 -0.173706428536424 -0.282468420384872
0.0556115783472265 -0.0646483062900383 -0.060356597836349 -0.279840020948424
0.0652755361555594 -0.0271525195196649 0.0732562509348823 -0.221252272686056
0.0695124109080366 0.0277818324389425 0.117513595483273 -0.106577549417075
0.0557304119188067 0.0570462449096875 0.0677931474480096 0.00682002384259866
0.0236323876035177 0.0752913075639097 -0.0511713632305422 -0.066819405865641
0.0058887292284257 0.136608809909961 0.0535820293144047 -0.263243438352033
-0.0853875569624359 0.0790957326096457 0.010899820310511 0.33850773792411
0.00736038502550012 0.100299616920099 0.111875218051819 0.140369469391056
0.0975490924471695 0.0397440363354973 -0.0385107893102409 -0.0418905695802648
0.0922811998046862 -0.059277231812919 -0.139168370345903 0.0411648148831368
-0.0123593717850999 -0.0999356379812448 -0.123448057744371 0.201308707705749
-0.0707798211219964 -0.0576619059052024 0.00322544766181674 0.295089368848616
-0.0929212803411907 -0.0375506114970697 0.149325183885377 0.301758349963033
-0.0929757129491579 -0.0353435089408312 0.218945977462966 0.270995639800583
-0.0923843237252116 -0.0465831661317322 0.16882014955861 0.290695750689051
-0.0567591586440037 -0.0691042706946854 0.0508635326031821 0.263160504182646
0.0124155444636811 -0.0990660439396477 -0.0519827987568043 0.169655425754573
0.106791482339696 -0.0511176987275136 0.0022242082500432 0.0811230317283841
0.0860194484175305 0.0566838280084037 0.084510440302053 0.10288997627723
-0.00174611047121005 0.0805583198046533 0.0796661300493935 0.327612808646219
-0.0609409483109398 0.052111140896876 -0.139592664810658 0.559952274063081
-0.101725305168014 0.275294754176179 0.0474867668140339 0.282803194107027
0.0573695518202584 0.256508446135549 0.1257935985263 0.11300703217192
0.233037140193911 0.133237634221938 -0.0266133289821766 -0.0673078051117103
0.239202779319495 -0.0746012083308959 -0.133769976682761 -0.00304497299878424
0.0621536117255227 -0.210126063723374 -0.148970722541748 0.165985555302014
-0.0727023696608591 -0.171897724603132 -0.0296839101880344 0.260401496253551
-0.141468304542625 -0.152375296220352 0.101424834977459 0.270781159886216
-0.166656807810876 -0.147075724563979 0.167951061532291 0.240355507055422
-0.162015663572329 -0.166766977784454 0.133048735511617 0.25298421344293
-0.0699954783778639 -0.187759958226796 0.0276721907389862 0.209288253808927
0.0619405806157258 -0.219849261309058 -0.0553109371706229 0.116836767440513
0.255178440170521 -0.108409408258034 0.0334760725412675 0.0368502481338112
0.256958660883465 0.114904947474218 0.118043240366471 0.0887944950505007
0.0778453904544679 0.244892786588146 0.109894527780458 0.327865880578104
-0.0762379605288771 0.266221139960664 -0.0902463991996934 0.541788996343402
-0.105870182612789 0.440682291651868 0.0950623259243538 0.174526681542048
0.106455634040743 0.392825600214839 0.12907137986019 0.0512175737925476
0.35451802375111 0.214498203855092 -0.0220373053679922 -0.0905110462264631
0.370173726004882 -0.0846336879307212 -0.118087579662833 -0.0411483477472245
0.13476934972947 -0.300837170880112 -0.151447666501939 0.11522252820681
-0.0618228338958401 -0.266781662495864 -0.0537391924036138 0.188875639461922
-0.166423057104192 -0.246391848643674 0.0402914001203635 0.196479129586897
-0.2162067901951 -0.236687369767376 0.09107348024994 0.172333241138084
-0.211397457435267 -0.258745575091364 0.0742289380706741 0.178933109314049
-0.0823590311681675 -0.277593453543238 -0.00424282047496252 0.123601654979122
0.0913125846060198 -0.317336137598175 -0.0540922044683803 0.0433969231962185
0.364471027234761 -0.169653919718077 0.0607158223587499 -0.0186626520060646
0.403729355848015 0.139003551559577 0.14219291629671 0.0607350727909401
0.16456788417897 0.365077687736088 0.123678240389772 0.288433450203741
-0.0706621793854689 0.440041415732041 -0.039900626881203 0.451803076974106
-0.0904618355825732 0.553027765232163 0.144488022794923 0.0208820911738056
0.158576994154687 0.484374170155352 0.11800212218478 -0.044791590478399
0.446589338462535 0.263229010025179 -0.0268775014272376 -0.112766240889411
0.459309534080147 -0.0976405983720106 -0.0930555010349689 -0.0733005468223544
0.18787107545324 -0.357940221649216 -0.131031679957942 0.0475036643057618
-0.0442206605148002 -0.326753039109095 -0.06695811253208 0.086353585996101
-0.165992422070038 -0.305636851838589 -0.025320942127887 0.0901276404226848
-0.231801839599771 -0.289561905733852 0.000246440730283705 0.0787086210715919
-0.229262139166443 -0.311587184346864 0.00057723343956486 0.0808794074363043
-0.0832829843478446 -0.325818976550022 -0.0434294753652845 0.0201859527205218
0.103700613811554 -0.367890300834194 -0.0522644375211469 -0.043049749605226
0.418098015347217 -0.209711516735418 0.0785746690087423 -0.0786027519685798
0.486941825503421 0.137640854685145 0.147937231187912 0.0265753774520677
0.228311991130959 0.423038774047137 0.107683161578666 0.217736660870891
-0.0526510752641579 0.541356816067695 -0.00177421497502814 0.307434230429832
-0.0568676103247501 0.585499969815579 0.183949658823702 -0.158538956223081
0.19707779756119 0.501196744218682 0.0889644672060057 -0.161783266782016
0.475674076044181 0.265377930565599 -0.0362171473800924 -0.13206109920635
0.47504029714624 -0.101387632257862 -0.0582299834177397 -0.0997346382047154
0.205581235087573 -0.360003661145069 -0.0910772407598948 -0.0318661808969002
-0.0214354463941382 -0.335091496094341 -0.0701627381900707 -0.0343799996088257
-0.140562324748747 -0.317977441332265 -0.0868680987143633 -0.0323583026184447
-0.21139503320132 -0.30019415837339 -0.0914765485131916 -0.026103166111664
-0.209300973144578 -0.317268019440511 -0.0773983247876863 -0.0270859338340024
-0.0649036377603809 -0.32316228926473 -0.0812808623132721 -0.0865750327104056
0.107016381050182 -0.354090345486717 -0.0450405032783794 -0.127347303765345
0.403434233944526 -0.199308268736181 0.0884140357337327 -0.128212794901381
0.480396807213546 0.12806465132509 0.136817556957347 -0.00291785027889557
0.234750318912061 0.413518476073387 0.0670461092933286 0.131423457666243
-0.0341547792640352 0.553251146482077 0.0222070421275282 0.133633337025782
-0.0067985938408513 0.527064223580771 0.204199201981061 -0.337192920700218
0.204137959881787 0.426533051070174 0.0461581497730682 -0.273643303219268
0.413321331022387 0.216262594484909 -0.044608298391533 -0.138651837488406
0.397823841116558 -0.0861141702967426 -0.0192340792191676 -0.113941267059298
0.18213530606249 -0.295790668663657 -0.0394992578464314 -0.108029915288413
0.000394999789119034 -0.283679774828378 -0.0632022396930819 -0.150485515976954
-0.0939262849338534 -0.278850576994431 -0.136152300762489 -0.150681305572186
-0.158382818376866 -0.265260863352272 -0.168591016351402 -0.126850627749132
-0.15147190602335 -0.276928296122466 -0.143479431104333 -0.131420442048025
-0.0278627398013551 -0.271325328651389 -0.103787962956788 -0.179821845034808
0.106547943081731 -0.276163601017258 -0.0234753108394688 -0.192666140806615
0.329799424122065 -0.135557971786214 0.096471058284024 -0.151790667048082
0.38093983522267 0.119778405729003 0.114812836692885 -0.0148020644442082
0.18522283787071 0.340235897311027 0.0162562745074516 0.0495190642140112
-0.0223175318250282 0.475076771766565 0.0332460283668337 -0.0371498421452814
0.0416422187033558 0.385025417627505 0.19917202396428 -0.478745909614883
0.173941796768016 0.276052921414342 -0.0048154898102135 -0.357187508702876
0.273662225900899 0.126872707073782 -0.0540907604408362 -0.130461370332267
0.245176052131112 -0.0543820690703341 0.0119623572034412 -0.109231656867312
0.123594054315762 -0.177750454387859 0.0114805691874113 -0.159551642892952
0.0215410879301505 -0.183559100890989 -0.0493348484071686 -0.23806667389442
-0.0328953341792567 -0.193911312413786 -0.165426078609292 -0.24529426199069
-0.07978356257339 -0.189144552049281 -0.220568583109113 -0.208216564253408
-0.0701126862953367 -0.197047999629695 -0.184438523637732 -0.216150719032655
0.0166649251650647 -0.182134735998565 -0.1026305172212 -0.24556518840734
0.0950429076597082 -0.15936052419028 0.013395896209049 -0.226680632622784
0.212816840789524 -0.0503786043794594 0.105536701324916 -0.143944681307414
0.227061583784097 0.0992605649935364 0.0916579600106966 -0.0100124359747245
0.105438573917851 0.220657036496926 -0.0258908442234418 -0.0163986118714473
-0.00805074277825698 0.32777586548283 0.0393244939341085 -0.177107474360552
0.0844441313928079 0.181359959733858 0.167562886428747 -0.561936150618036
0.116690716816602 0.0848922206528034 -0.0602287086178968 -0.401615674135572
0.0964447695238235 0.0201167827596022 -0.0720681343273281 -0.111139049635228
0.0610989805286448 -0.0153773107515947 0.0249157703135261 -0.0854550295343685
0.0488508529426522 -0.0357369674559191 0.0496423987032627 -0.177220291757001
0.0402622622587797 -0.0551470748309796 -0.0319951396607789 -0.281288922536476
0.0330058832737619 -0.0777654751457201 -0.170943427389742 -0.298465429302124
0.00998850160865362 -0.0831867966173263 -0.23843025268789 -0.258920772447261
0.0189024451810664 -0.0874699668064834 -0.193072900283077 -0.271146927657522
0.0521893903130888 -0.0693782708145512 -0.0787396284240688 -0.277921965437918
0.064632079622596 -0.0313907558778504 0.059042586299449 -0.227012133846604
0.0732494977703502 0.0231589293707539 0.110704691514065 -0.1130935551853
0.0606882803279325 0.0533299023948055 0.0702374812685111 0.00387649962725912
0.0284500361898774 0.0745019380116021 -0.0518996699368794 -0.0633744477570281
0.0136249260361134 0.138649562727576 0.0399670739814178 -0.270245798641924
-0.0500536955552257 0.107192805697384 0.12228127815265 0.311719850207517
0.0449065655765222 0.0913123932172852 0.14670086835975 0.0912285350575098
0.103907809768446 0.00245067769319782 -0.0544420290169639 -0.0218569970736991
0.0626283654025761 -0.0879495499927975 -0.115845967669646 0.0929689648123579
-0.0460106320811034 -0.0849314994016394 -0.0431116763607749 0.23329559960923
-0.0839941260447394 -0.0252913005342569 0.110079932922349 0.275095479935298
-0.0992088908586037 -0.00115509595654446 0.251668378137939 0.226469886432542
-0.0963241441367566 0.000689672513198496 0.300995035925536 0.168836516558834
-0.101570610128021 -0.0101337600275799 0.260149940433363 0.210499688782738
-0.0748646448293232 -0.0451404650035031 0.139816319064421 0.229728038875838
-0.0231980074305656 -0.0956491856744697 0.01189337727091 0.178772043154181
0.0807490286300038 -0.0842786212826713 0.0254175978049176 0.075640768162426
0.0994711929855866 0.0229953367823933 0.108367423714741 0.066251708651641
0.0245368192922606 0.0726270254497641 0.180480216774713 0.281653982578169
-0.0408132477373334 0.0649097060109648 0.0476639454518617 0.567446416033817
0.00556038687279418 0.300529593248484 0.13236686392851 0.242453818047418
0.148684688115667 0.220529427387996 0.141563965991264 0.05908762074497
0.264616117887302 0.0406083348416762 -0.0598649043870024 -0.0433285892233262
0.194193397331314 -0.157338044391161 -0.12737277997985 0.057301420156477
-0.0155672892276925 -0.214101761813849 -0.0746714039015162 0.213540543077996
-0.125436699012934 -0.131681075332285 0.0709639257510909 0.254751229460188
-0.18575154202155 -0.0936965048281354 0.197915212196526 0.218204231465954
-0.203488841135028 -0.0779807107432988 0.245652112581902 0.158245280479675
-0.208664729932585 -0.0974956161941605 0.214936181800381 0.186825964439521
-0.127161197954521 -0.152036868135933 0.101551818695731 0.188212688095347
-0.0185269021921514 -0.225366530477051 -0.00674224320635711 0.133455561429698
0.201015402711575 -0.188555171577797 0.0373997020029995 0.0264385793198697
0.279806212101242 0.0197550602425415 0.132826376396215 0.0398340968683356
0.155871309603087 0.200345623105241 0.211655955358943 0.268063432152276
0.0141163063470902 0.274223599690502 0.0930944547526763 0.52928604967931
0.0610538630422261 0.459674623514474 0.135085712606532 0.119947581461422
0.244475241149408 0.33173065354734 0.116725546528469 -0.00111739782873726
0.408015107391969 0.0721608287105966 -0.0706852030570053 -0.0608998046651388
0.312617281886156 -0.216827887379367 -0.127099610325861 0.0236095524443583
0.0205279323299047 -0.323817157137329 -0.0910261952278049 0.17104109974363
-0.147831308188913 -0.224880427158162 0.0270243126873273 0.197185357883669
-0.243304903918667 -0.17508847629146 0.116931115744365 0.174614735861493
-0.280048062616484 -0.14329192676276 0.153397302843877 0.122212084873866
-0.286025647895333 -0.166168031196581 0.136235531650003 0.1370111212172
-0.169103689381559 -0.232267957249768 0.0439565530888591 0.120920809766532
-0.0244768200283643 -0.32531346630723 -0.029313796736811 0.0673914999242956
0.283810444083086 -0.283941678949925 0.0422513367313119 -0.0326190989991505
0.423504639679562 -0.00654703595580322 0.144407577503392 0.00492817223736324
0.278032082753784 0.285084907246919 0.213209915243341 0.223907463621396
0.0759213604202362 0.439007708752273 0.11615010106771 0.426472822230378
0.115273679598553 0.559713262238074 0.12664291604147 -0.0430430730231972
0.325404067541403 0.399101448216525 0.0683874648590414 -0.0874496080621399
0.512477428134621 0.0830905003007847 -0.0882374064891529 -0.0757279958486692
0.391322194349831 -0.262418690654724 -0.115363864725231 -0.0108603371487459
0.0485461163106333 -0.396636452540511 -0.0923529612746927 0.10451948079675
-0.153010267442019 -0.288273954675939 -0.0192171219177743 0.10748429458435
-0.265447001302645 -0.232637825264984 0.0182098996061876 0.100942811292771
-0.313537307447365 -0.187870845835467 0.037343156154837 0.069524657016298
-0.321085611697971 -0.208805272867094 0.0337452432846334 0.0711559419021692
-0.186889156381344 -0.276536059126168 -0.0271318509949447 0.0376871533363023
-0.0303531338109952 -0.377710938019297 -0.0564885306945232 -0.0123253642978571
0.319490758284163 -0.340165964337247 0.0377218064207904 -0.0929005448299884
0.501777712603605 -0.0361691346941724 0.137605531850885 -0.0303114259716653
0.357418427805759 0.317813418636521 0.17749409705615 0.160612946205941
0.127203284441013 0.53029916649541 0.109507642972938 0.276595097077694
0.15916479400272 0.5779641924446 0.101908251887228 -0.22589075942139
0.36708451874402 0.401924622584723 0.000733747695152215 -0.186373594697701
0.541159708660164 0.0741798829322206 -0.103599973139383 -0.0885581284617863
0.405358352641426 -0.272660671778438 -0.0919912321936089 -0.0469358229794231
0.0634635413444382 -0.407003195342521 -0.0816173601474514 0.0164480002052565
-0.135763945496475 -0.305043312552254 -0.0648145124542006 -0.00350095949821442
-0.246271106941032 -0.254178356816385 -0.0841143199766318 0.0103796860839274
-0.29945481912555 -0.20507153660096 -0.084382690340379 0.00668998609334637
-0.304130182276904 -0.220815097967033 -0.0762135792499219 -0.0013990771075614
-0.169296386923298 -0.281095230189048 -0.0995123781906193 -0.0484403634230652
-0.0214805017856242 -0.365103462285561 -0.0793341265695072 -0.0936866954040394
0.311208411798433 -0.324594372038276 0.0310418664086797 -0.142590442123678
0.490889486019626 -0.0415227088555134 0.118513316151905 -0.0533505003145574
0.359986625671283 0.307329518947264 0.111773954457792 0.0927227301050252
0.14929225709003 0.536884682286498 0.0769181278193908 0.105837024788829
0.182058274008093 0.503910275342645 0.062663722854452 -0.397611970020322
0.345849536046591 0.329805103961522 -0.0735015383203447 -0.274785020716402
0.464876439231953 0.0524075069462869 -0.10924604678445 -0.0948689936554132
0.340090210609925 -0.229742047852289 -0.0589933268763221 -0.078897104297577
0.064861479551039 -0.339937082764509 -0.0618836607268322 -0.0751064849957162
-0.097772875922427 -0.266975896198298 -0.102258781424494 -0.114881141129458
-0.190008060924523 -0.234581634740429 -0.174862840228298 -0.0819630911362675
-0.238787614271775 -0.191045063085257 -0.193543296409267 -0.0569525075443335
-0.237249238902921 -0.204507928209687 -0.17447804602952 -0.0742056831278021
-0.118091366239017 -0.244384435110241 -0.153427932619718 -0.128273953121253
0.004651327804235 -0.293122336042161 -0.0835934520320027 -0.163313603733805
0.264359395672156 -0.241287634385902 0.0324947376328542 -0.167951024185026
0.396946547047302 -0.0176382552646074 0.0966305759138422 -0.05693833132078
0.289592235900689 0.25559308634785 0.0371076413105333 0.0338573430237806
0.136361815799182 0.461210148648911 0.0316268436667376 -0.0559693097232559
0.177791529439965 0.348751685276839 0.0135438316806442 -0.525191895402262
0.262260031132505 0.198303096208152 -0.141782359692036 -0.333613954960175
0.302556816471124 0.0200604276647295 -0.107722605054137 -0.0904108247377904
0.209872137131876 -0.142946127663118 -0.0270105922041851 -0.0943324431955416
0.0521090326701368 -0.21119876243458 -0.0363901878016433 -0.146247534877587
-0.0444991973067962 -0.182318049878319 -0.124149419390535 -0.202435465822668
-0.103137839721165 -0.176489036707625 -0.239692722541444 -0.1611694800582
-0.140909792065375 -0.148210654371772 -0.272362985676232 -0.112537289639765
-0.133770729790526 -0.158916762110946 -0.243363045031966 -0.137546248899619
-0.0472258262313339 -0.176372756579989 -0.177778780947224 -0.191381220270089
0.0342498647183142 -0.180823870178765 -0.0636397850292022 -0.210617353495886
0.183335292444863 -0.120569671230186 0.0462116179889085 -0.16597834504766
0.245625059127472 0.0153447939885883 0.0801495220553877 -0.0434674657293958
0.173807609870482 0.171424459892706 -0.0249100599507242 -0.0114733349046128
0.101476117175016 0.316628659347757 -0.0112467486845505 -0.185844598666311
0.142292022719392 0.139489585607038 -0.0373223766324846 -0.586826481955222
0.137423972385545 0.0380158609125937 -0.197302052721638 -0.354230861088282
0.0981184576871631 -0.0154281900686482 -0.107910001875315 -0.0750365451875427
0.0530544980718752 -0.0382671362485315 -0.00585833720478337 -0.0870573935272634
0.032515634728613 -0.0528703911834744 -0.0120662363249687 -0.182092146969611
0.0168717917441943 -0.0694382146424887 -0.12858810966617 -0.250137039268867
0.000440570666625735 -0.0890071695620378 -0.267488322486105 -0.212112708785093
-0.0216602846571389 -0.0819148618367955 -0.311338983723162 -0.151973445763165
-0.0134761628955798 -0.0888818194877481 -0.272150758047102 -0.184201927824787
0.0233504394393359 -0.0828992430216383 -0.168566077965674 -0.230981120200292
0.0501472517363284 -0.051926578287962 -0.0240311919881328 -0.229443272169028
0.0774155509675316 -0.0043192925006014 0.0637089599848728 -0.140634635809307
0.0746869096861859 0.0285677261462502 0.0679334701486238 -0.0216536256052333
0.0528616856319208 0.0613209796733625 -0.0657115501706381 -0.0450655257467714
0.0596415735601122 0.13041486209247 -0.0448600004216521 -0.270846065720216
-0.0477316906127656 0.108373423872668 0.129150287814693 0.312116522139037
0.0467559239978476 0.0896503795702374 0.147767607329709 0.08761911555921
0.103697382608603 0.000771680799689371 -0.0550844818635312 -0.0209515091795232
0.0608721476368603 -0.0889945365623674 -0.114022534245124 0.0965138040099633
-0.047199248990056 -0.0835677762250273 -0.0354610885545389 0.236271555853117
-0.0838784804471914 -0.0228420823674451 0.120209780180554 0.274618771640384
-0.0991641257214794 0.00206071476973145 0.259241457341075 0.218037137694622
-0.0969517624028067 0.00440628507640261 0.30751341777046 0.157720442244553
-0.102530155540139 -0.00585351824669187 0.269108960058717 0.201311325767071
-0.0757551800174146 -0.0427327840152127 0.14983505754728 0.226204459953459
-0.0264655449999763 -0.094018618066823 0.0183159155172582 0.180255803290885
0.0773938198847508 -0.0870100237747884 0.0262677983733625 0.0745634699993168
0.100659851218775 0.0198749457295093 0.107550881054929 0.0640948562819187
0.02650053830818 0.0722125865119735 0.185980355435202 0.279177241579319
-0.039012127206668 0.064849824255283 0.059436823292417 0.57054201861036
0.0139080092891018 0.3002786808197 0.137331405107599 0.241723214675569
0.153809816533812 0.216786314584471 0.141646898681181 0.0564454579459058
0.265050961485233 0.0336500104453999 -0.0609938009105733 -0.041657136740271
0.191400074107822 -0.162487266094951 -0.126067680570895 0.0602802817511082
-0.0204749772920585 -0.213638628263006 -0.0673984343367124 0.218118656626429
-0.127941938577985 -0.129298016560927 0.08072920896762 0.255432792764445
-0.188629583995363 -0.0891216988411905 0.206298404730563 0.211866362383096
-0.208034375680903 -0.0707471452885898 0.251639566836409 0.148135989538597
-0.213398173453145 -0.0904175433007256 0.223762854897007 0.178610530396381
-0.131204244100303 -0.150109240126063 0.109443654939283 0.185637915391367
-0.0249486639252496 -0.224583318786465 -0.00117106353144518 0.135345923134403
0.196741819124839 -0.195838915256152 0.0362287764322765 0.0243950553558215
0.282067628634421 0.0117467480847902 0.131314938786025 0.0379541175525626
0.161652203732066 0.198177949836333 0.217535535017279 0.26468896860561
0.0225100904618623 0.275379326887101 0.104610589406139 0.530787446012203
0.0731528788792093 0.459354563225338 0.137921450191842 0.118657638375613
0.251520821628554 0.326658478137296 0.115422751918359 -0.00270162353736608
0.408367345234457 0.0608463499574864 -0.0723742622476393 -0.0585522721930306
0.310137923244171 -0.225866911305303 -0.126543131002886 0.0256379584509009
0.0114328654974157 -0.324442301583296 -0.0839560985433669 0.175659392010189
-0.153952196184329 -0.222309522208926 0.034241551371641 0.198903815392699
-0.24863023506554 -0.170277739459499 0.123194350016634 0.170218138420977
-0.287709617881123 -0.134378740420876 0.158483185492483 0.115738706624748
-0.292991563830558 -0.156167100423489 0.142385048784566 0.131397767530158
-0.175136775482221 -0.229908589720543 0.0493322793760452 0.118963799051395
-0.0338879252145262 -0.325379714143006 -0.0256856536625156 0.0689488146501317
0.278096145496824 -0.294008088701943 0.0397262752331926 -0.03426284298797
0.426563119178164 -0.0193532810020491 0.14331423152711 0.00261025532467323
0.286306362660311 0.280322789990089 0.219604523380616 0.219686125505829
0.0905681255375318 0.439146395937873 0.126366596038961 0.425091336118157
0.131377631629433 0.558224485848279 0.125529270559231 -0.0452330179633617
0.334606654285456 0.393689273623391 0.0652619805162094 -0.087562840393937
0.514131067814153 0.0700712272608479 -0.0896653261669018 -0.0724788632198978
0.389561578715278 -0.274849552797799 -0.116647109453252 -0.00931356782843492
0.0377224346082589 -0.399109844453279 -0.0871893641835868 0.108520626196041
-0.160750582993233 -0.286821559716013 -0.0153453974864716 0.109542528409702
-0.273547775544931 -0.227847435650555 0.0225712159608838 0.100555030535811
-0.3240609207294 -0.177474771756767 0.0405236802547202 0.0672820313636604
-0.329861477289476 -0.197985974878834 0.0372818257551545 0.0685176715772069
-0.194761263531427 -0.274597277355688 -0.025623552722956 0.0384913717366854
-0.0407528953601612 -0.377467329823958 -0.0551686352392563 -0.0107889962241866
0.312727705391744 -0.350829755041285 0.0335582574248652 -0.0948276359896732
0.504709713202962 -0.0514840267155523 0.136818291327514 -0.0325602971256727
0.367022699778788 0.312712717801391 0.18295447351414 0.156134420357534
0.142209534850039 0.531979499501019 0.11590444799127 0.274421364013502
0.174886285330129 0.575590826870725 0.0981840344054774 -0.22849800284921
0.376829712150525 0.396695518464554 -0.00351332437550038 -0.185268824020265
0.542918912328088 0.0602044777217841 -0.105366796424773 -0.0851264266006973
0.402901382126848 -0.285049838049767 -0.0937596695460087 -0.0468877865387233
0.0526885944165008 -0.410267000272018 -0.0791043453519464 0.019526246354202
-0.145102321974655 -0.303656718339692 -0.0649087871456171 -0.00156004069076996
-0.256626869290789 -0.249793260195184 -0.082583217283149 0.0131539647683114
-0.310812144782566 -0.195690311649428 -0.0834266419009892 0.009104903393118
-0.313761850451991 -0.211141614884724 -0.0760090931169545 -0.000724260995312822
-0.177386729029379 -0.278621475715081 -0.101094255367363 -0.0460627460558313
-0.0313007989350797 -0.365196865590908 -0.0809908865257615 -0.0923708415387933
0.304062784816354 -0.337051605643554 0.0257127934056626 -0.143458386022648
0.494568402573665 -0.0565899124435817 0.117523760100455 -0.0558127191969396
0.369794770027744 0.299624515001869 0.116895147671999 0.0890271203289533
0.166003590528172 0.538400854183899 0.0792677534551252 0.102812761650787
0.195950178873733 0.502578032162307 0.0554042291024761 -0.399624779173841
0.353882728038857 0.325161723698019 -0.0795430948382458 -0.27264937259033
0.469135916025985 0.0397768505265175 -0.112259258830857 -0.0914532268458052
0.338354446834326 -0.241211475926784 -0.0617538162046162 -0.0794288369916961
0.0548247102302508 -0.343265676716287 -0.0621419859559428 -0.073036253740177
-0.107032383255746 -0.266818115190964 -0.10555772431423 -0.112474626337804
-0.199751318720307 -0.232404017669604 -0.177089694169087 -0.0761998293062224
-0.248845797254678 -0.183800663907625 -0.194072281539151 -0.0509237655525373
-0.245676546909451 -0.196803210089482 -0.17744078796335 -0.0691106573910259
-0.125428837685307 -0.244715635479746 -0.158953857428646 -0.124255450927639
-0.0035106119282361 -0.29376873607553 -0.0883072950607624 -0.161905908836536
0.260067720846035 -0.25135493529676 0.0268930454121715 -0.168969835643933
0.39942360810031 -0.0301671967623691 0.0967736753749099 -0.0591731702839456
0.296991961189072 0.250974285859051 0.0416367741040305 0.0318205353736071
0.150624917597407 0.461804349286925 0.0296458643140338 -0.0592278286645124
0.187751943144892 0.34746962172677 0.00418865945705046 -0.528058808639772
0.267402878153939 0.195242136546716 -0.148481333252994 -0.330520834161751
0.305050826674318 0.0120634236291641 -0.11018101934455 -0.0877030121046464
0.20960969740087 -0.150608677836918 -0.0301398979123138 -0.095492453692863
0.0453466439218905 -0.214005193976933 -0.0394163424800318 -0.146366812989715
-0.0513029339666519 -0.183102457109462 -0.13118207440319 -0.200378528251211
-0.110435184936915 -0.175777242072994 -0.245292498039948 -0.152859935655417
-0.14884978024419 -0.144429488226009 -0.275511078345354 -0.102647386553398
-0.140360558018906 -0.155643399236231 -0.24864332806282 -0.129567000551405
-0.0531415452850367 -0.17705145396004 -0.185114125457691 -0.186264148210836
0.0300436593968779 -0.182903027458297 -0.0699304318573555 -0.209564427217224
0.181892272267759 -0.128211747168317 0.0410987658603773 -0.16652779299757
0.248684789225982 0.00663040404870484 0.0808728184619781 -0.0459184091459752
0.179370096502307 0.168755679067641 -0.0220089870466085 -0.0127409200762512
0.112022193889321 0.316945581401841 -0.0164152527638387 -0.18915131713885
0.147359968997061 0.137321524578061 -0.0486938283968352 -0.590166255281556
0.13824471670519 0.0375212697781613 -0.204341086664565 -0.350737234193901
0.0993683258231341 -0.0176175017495438 -0.109949869712467 -0.0726266365983696
0.0530742118881128 -0.0399633075003385 -0.00836746702823041 -0.0884024190036456
0.0300655085756796 -0.0543963002005589 -0.016494403750005 -0.183957794783618
0.0135973324019353 -0.0703377093089685 -0.137034414527215 -0.249387922982793
-0.00398443120307278 -0.0905687717098691 -0.275295668176287 -0.201976562027406
-0.0256990187976603 -0.082171471919742 -0.316058036141828 -0.140929562806266
-0.0174838697838201 -0.0897478379324975 -0.280641415175616 -0.174607766108186
0.0202824267573218 -0.0850974118363617 -0.176965335975433 -0.225769486892633
0.048569078542329 -0.0545585877524213 -0.0317855848906133 -0.229418025634513
0.0788321585961747 -0.00798665284630517 0.0604106335160136 -0.142076901420479
0.0766286123825646 0.0258902901032999 0.068945387262482 -0.0242091685231621
0.0553477816872087 0.0610710143985338 -0.0645417392148164 -0.0445308290349197
0.0649952583547043 0.131108136168507 -0.0525597751276452 -0.273177941899782
-0.0460761297923942 0.11098947187982 0.137872068423512 0.317853641283529
0.0492228529583856 0.0898600960317227 0.151649414649563 0.0861089983807578
0.104879655008407 -0.000493809411213787 -0.0570831078254335 -0.0206299587541712
0.06014723577431 -0.0917275056020582 -0.112514852112143 0.101482192005946
-0.0493084258547773 -0.0832191623512336 -0.028815642852567 0.243671742615751
-0.0846066410062896 -0.0209084807266183 0.132294775860536 0.277900269153524
-0.100725526396638 0.00482130312082051 0.271159888722191 0.214171000418542
-0.0983360454479595 0.00783038306410441 0.317220984066607 0.149709619632148
-0.104732924828049 -0.0016637029850241 0.283006808953257 0.195989723454686
-0.0779609000293122 -0.0411526909762535 0.161233098096775 0.226417881108604
-0.0292931528568819 -0.0947717848789982 0.0246407960720742 0.18483531360495
0.0760307662760702 -0.0903744689905933 0.0275411227450496 0.0745162176693137
0.103308818058493 0.0167226075014246 0.108488986815877 0.0641880558004624
0.0285724332631459 0.0725184787622175 0.195055061321367 0.281202577104931
-0.0378239728613947 0.0657198616166451 0.0746329167334047 0.583005069300567
0.0219279905120002 0.30582163433992 0.144285385839699 0.245607427442279
0.161150749803651 0.218014089360558 0.144376856514906 0.0547695473878212
0.269822798454662 0.0273716493396256 -0.0634555917392094 -0.0409940700973924
0.192337170473221 -0.17099819707303 -0.126518645870919 0.0644818451050739
-0.0261953938618565 -0.216338195381307 -0.0606803307237741 0.225909128991558
-0.132756371876344 -0.12855386937237 0.0909775865305898 0.259930338680026
-0.195045445542895 -0.0871725501910766 0.216580117808863 0.208965726974539
-0.215189516246887 -0.0648657780337581 0.26081889281006 0.141006503393805
-0.220819337299258 -0.08460572591459 0.23567834741232 0.173363371021102
-0.137545725878019 -0.150206778203405 0.118807120471173 0.185771956274274
-0.031595115870243 -0.228150963579707 0.00374188376226017 0.13942336922062
0.196195958735957 -0.206386187764467 0.0359979803299577 0.0241725108614537
0.288859660609664 0.00363109090097574 0.133369091840537 0.0371827649312696
0.16970910051682 0.199724114657983 0.227556374730249 0.265638029936291
0.0313025182818661 0.280320890361738 0.118935991197454 0.540927065900999
0.0865859549378369 0.466449511729766 0.14247543403587 0.119216250564901
0.263444550920686 0.327817964837115 0.116745144787813 -0.00421976816768504
0.416797948607851 0.0513646265918833 -0.0743464933647895 -0.0570214309776808
0.312439534844963 -0.238354148663616 -0.128561406683551 0.0279177991287469
0.00412094156272306 -0.331389182073468 -0.07894687227032 0.183023607614898
-0.162190871912663 -0.223861510291321 0.0414924201192775 0.202877983490415
-0.260123975316217 -0.168546572571957 0.13127533345343 0.169899321817161
-0.299192555418324 -0.127148812775018 0.165083013331018 0.111885557938664
-0.305300395189137 -0.149661026180811 0.150381922022478 0.127813438049532
-0.185112445856848 -0.231916875827801 0.0548631559278533 0.119837229151458
-0.0426553122121508 -0.331381246965166 -0.0230790061883724 0.0718498876928074
0.27706466358345 -0.309357082556214 0.0377892748432699 -0.0358458590525058
0.436948532441754 -0.0327796229952756 0.144577122273117 0.000970445514371315
0.300267894997054 0.281673904854347 0.229347508269052 0.218840789188368
0.103095502096832 0.448702055935112 0.139271974844228 0.432611758347989
0.148324347304599 0.566123177769914 0.126863597010858 -0.0486387788878421
0.350695436656897 0.394857560481898 0.0642912030529731 -0.088986378834124
0.524769910783465 0.0570781599271606 -0.0928202211055724 -0.0709476899429402
0.392508217642673 -0.290405964672402 -0.119126265148152 -0.00854534220644994
0.0275478052245007 -0.407973103725385 -0.0831489700397006 0.114548701978159
-0.172182589490006 -0.289399154955954 -0.0115926398492572 0.112794506290188
-0.286798483441147 -0.226485171189497 0.0265373855095366 0.101280079171758
-0.338796862923257 -0.170024609053766 0.0440341050868253 0.0662682690724842
-0.343727027203716 -0.189991218144004 0.0409400379766614 0.06683823360193
-0.205597493651835 -0.27682407846324 -0.0242772520761004 0.0389351538308289
-0.0511936948984681 -0.383920054593367 -0.055380882022326 -0.00976113247597174
0.312558306695664 -0.368895675893978 0.0303504522865901 -0.0973356175569014
0.515843123319756 -0.0670368466696794 0.138273315455095 -0.0353023431508461
0.38283423761143 0.31231208159961 0.191864061946846 0.15406806511109
0.162828349260126 0.540002053311836 0.124979673340112 0.276183907368003
0.192526579078547 0.583546685878076 0.0955098051917831 -0.235682965343257
0.394273251203312 0.399722601648885 -0.00740600700539865 -0.187644290383895
0.555241063257181 0.0473647661571689 -0.109383305741124 -0.0832797534668639
0.407377337311903 -0.302700943953191 -0.0980812332804575 -0.0475018470233714
0.0428630139073444 -0.420414084572116 -0.0782605823296027 0.0228680770934595
-0.156869543853395 -0.308486468447642 -0.0656399537246145 0.000152347321879564
-0.270925432195984 -0.25097543029294 -0.083035155398692 0.0156985784633409
-0.324984729522674 -0.189194678699246 -0.0833164264707199 0.0113869158005817
-0.327896525810044 -0.204773214667004 -0.0766913500539017 0.000735478396883837
-0.188610381431424 -0.282371292534493 -0.104754574981363 -0.044358387276216
-0.0413717109008332 -0.371534377637202 -0.0838433523799804 -0.0921819888209566
0.303957196284555 -0.354673735115236 0.0212644676172944 -0.146346453074829
0.504343242083413 -0.0739449913820549 0.119162433934335 -0.0587210034353563
0.385505979556579 0.299702310497588 0.123490902733071 0.0867384492745818
0.185968333814548 0.546891383465061 0.0834275620654406 0.101743479953255
0.213439920735892 0.509478758380973 0.049562684450728 -0.410418752974821
0.369682004634148 0.326894696776006 -0.0865689925267564 -0.275526300646623
0.478987734438441 0.0284686762171847 -0.115360678573388 -0.0892330112480183
0.342617937146746 -0.256869754327998 -0.0663725639321789 -0.0817945067421441
0.0449108358157755 -0.352622182408618 -0.0634068118398717 -0.0727068723813964
-0.117606254426956 -0.270976906856802 -0.111486766155463 -0.113116720189292
-0.212904963845906 -0.233470975320824 -0.1812050574761 -0.0720820029867278
-0.262964028822604 -0.179669466781598 -0.197557151752556 -0.0453019292005105
-0.25820797957432 -0.192971881768043 -0.182402308347283 -0.0650120866163699
-0.134501021959431 -0.248164612575496 -0.166325157348147 -0.122214266199055
-0.0113770209596045 -0.29961317343314 -0.0941593216941112 -0.163476422335631
0.259776422761232 -0.265591738442182 0.0228049105888174 -0.172201189027814
0.408183688558525 -0.0428098397238349 0.0979826237866827 -0.0625659211625628
0.310394870993814 0.250454743085586 0.045268106856006 0.0296052901163503
0.168215259300425 0.46978630693299 0.0289801227361448 -0.0632162374097905
0.20060843596922 0.350484980435893 -0.00658071447586419 -0.54013036999339
0.277371069414881 0.197611690212793 -0.157603167318744 -0.33311362808352
0.313130918722613 0.00443133858041721 -0.114160726716935 -0.0864954971449676
0.212729122377316 -0.16099210333345 -0.0344953971678128 -0.0981951137837159
0.0398156099640399 -0.220842529225655 -0.0430915705964787 -0.148961861986178
-0.0587657754830406 -0.186414597834237 -0.140576069331332 -0.202398356876382
-0.120999633261912 -0.177695701856977 -0.253535187625796 -0.14804095308631
-0.158699823773146 -0.142644899518447 -0.282677147389382 -0.0959454009307146
-0.149868625556278 -0.15448162503903 -0.258404108451528 -0.123646168241085
-0.059378312085702 -0.18123355663198 -0.194998875328856 -0.184805351838551
0.025771549616532 -0.186996902031544 -0.0769594162430412 -0.212565800376388
0.183726911311564 -0.137469286566241 0.0377051381165936 -0.170316534948471
0.255000475546927 -0.00115963828183591 0.0831047574130749 -0.0488902999778544
0.187336498164259 0.169798901053783 -0.0204945606909159 -0.0142791802702372
0.124920549572895 0.3234361306934 -0.0216629595943376 -0.195573016473643
0.153367252589028 0.137546006163324 -0.0606497085133097 -0.600947257363875
0.142185294316687 0.0380354034353923 -0.213976712429753 -0.353301996848057
0.101897697315844 -0.0202168862922421 -0.113820584825334 -0.0707577391212194
0.0551366622227631 -0.0425257858434209 -0.0114392956317884 -0.0908224063523462
0.0283664612921812 -0.0565661267673243 -0.0215528962835801 -0.188796715409465
0.0102601348226318 -0.072978554696683 -0.148708819010797 -0.252782264341774
-0.0084388320809603 -0.0925560555551986 -0.286347115607152 -0.198361567582041
-0.0306469344689462 -0.0839708220390454 -0.324681211978918 -0.132101980429772
-0.0213022246803271 -0.0915527794027464 -0.291959633070206 -0.167720150697364
0.0171139212675589 -0.0889145443283115 -0.188487852044841 -0.22423883973463
0.0482781624522217 -0.0576279331214893 -0.0394096271746742 -0.234043732836044
0.0805753886437475 -0.0122612827926227 0.0587721135160899 -0.145096798583556
0.0796871508211164 0.0230771725464545 0.0715860311560939 -0.0275130819194005
0.058633481545658 0.0622229477701037 -0.0653166696640395 -0.0454619479496916
0.0710093634190799 0.134380457020167 -0.061085505425213 -0.280665605837139
-0.0430177672709695 0.114529001620608 0.15381557056975 0.324105274219409
0.0536221265138796 0.089329202898082 0.157640447022597 0.0830700301898806
0.107683557861452 -0.00501316601089409 -0.0598108550686054 -0.0192158953124436
0.0583009690825453 -0.0963006145864119 -0.110609871883366 0.1089475300995
-0.0532157225990512 -0.0832288193575522 -0.0169084091738694 0.253035463294431
-0.0860323047781503 -0.0177592997419427 0.151211190902062 0.281958349041443
-0.102733517478939 0.00896665050962481 0.288496017062454 0.207463317591762
-0.10061852202476 0.0134204942761113 0.331585673850235 0.137012862699029
-0.107516524756895 0.00460062303801854 0.302069986921619 0.185158234291266
-0.0812244373060506 -0.0390358471263031 0.178442529628082 0.224751618667114
-0.0342038000411021 -0.0953939642628445 0.0346214072843803 0.189862207413955
0.0733306558091125 -0.0960368528320604 0.0301142976448004 0.0760718417600263
0.106982556840762 0.0121774599376187 0.111630543284417 0.0633519650458889
0.0317167033075681 0.0722477958913169 0.210452483232534 0.282871471361349
-0.0360690050787185 0.0674663803794463 0.100163395941176 0.598693221186754
0.0355410025183155 0.311929629599359 0.156586708618211 0.24934222063753
0.173670078741457 0.217485744907161 0.148974802634565 0.0515571377625132
0.276998797299418 0.0169765178582053 -0.0666192525671179 -0.0385914773285579
0.191801212972627 -0.183682354771211 -0.126604071217141 0.0708545918105397
-0.0350568590385044 -0.221456276519904 -0.0505634562062279 0.236215739969084
-0.140662944713431 -0.12724408229234 0.106777318396318 0.264207829741724
-0.204805634510872 -0.0815154981631273 0.232087006999546 0.204478196089953
-0.225461621068973 -0.0552026182574821 0.273431134775721 0.130779472448987
-0.23102030621845 -0.0746704358367212 0.251606499597181 0.164655552651568
-0.148009977625102 -0.149789955360815 0.132365061820632 0.185124575070748
-0.0422092914913383 -0.233206436827512 0.0110570544185561 0.143967421556297
0.193150287742321 -0.221423051508595 0.0369161311773942 0.0236188769191791
0.298785452143127 -0.0098991604852494 0.13646429281901 0.0343658548809276
0.182735468012265 0.198014703213097 0.24331514999388 0.265132638809701
0.0449465506857989 0.286966626298553 0.143805971310635 0.552147781005393
0.109185540937211 0.474902755407952 0.149408275611975 0.117862876404669
0.284055236750947 0.327709510424533 0.118834884902451 -0.00745545400978989
0.428370349744729 0.0348911559688929 -0.0788059788806066 -0.0539143969539091
0.313681567334484 -0.258648023309694 -0.13106783561708 0.032117003773072
-0.0102606995063159 -0.340796424265884 -0.0710415477118239 0.192852524715965
-0.174825933548535 -0.224553841469754 0.0529937892348001 0.207337967986242
-0.275829469369047 -0.163071518428726 0.142870865207202 0.167739978683898
-0.315862525243368 -0.115489827657937 0.173750051769543 0.104742979676572
-0.321333985628285 -0.137969346027675 0.162211232446805 0.121456860780477
-0.200255856949914 -0.233191930280772 0.0630999847176143 0.119747947692659
-0.0577829510145966 -0.338092591000167 -0.0188189589727953 0.0747080572509944
0.27334886870336 -0.332096642915369 0.0361038737576194 -0.0383066272415443
0.449870987779724 -0.0538753682501872 0.148185052193969 -0.00315623212997419
0.321166281313247 0.278151600187199 0.244278116424633 0.216036051173135
0.127462431406824 0.457627120815445 0.160849108495876 0.439884488090887
0.177042763596563 0.574750782801829 0.127259295930157 -0.0540028220392403
0.376577632813792 0.39494151094966 0.0623450213551168 -0.0931263216149659
0.541124818129316 0.038297325239201 -0.0971016213456131 -0.0680148610765853
0.39404345383971 -0.316592408748894 -0.123932009948861 -0.00609170216459117
0.011021847117458 -0.420736427910456 -0.0778610487990761 0.122139452326832
-0.18933953033687 -0.291978543622651 -0.00659271704182734 0.116548526471047
-0.306561888471927 -0.222353162661451 0.0329447290641798 0.102269089980906
-0.358182242319094 -0.157779927955666 0.0479792070479813 0.0644491610810386
-0.362393896381778 -0.178053709112128 0.0461225519791288 0.0645510042320571
-0.224028112412846 -0.279411551451198 -0.0229434731191203 0.0402946024888971
-0.0685259153542327 -0.392396806520292 -0.0558420685703338 -0.00787907336060087
0.306429113552562 -0.396618094853284 0.0261774602841834 -0.100199718806559
0.529101517273467 -0.0912048580324824 0.141093393390999 -0.0403562476871961
0.406907829923592 0.307594343505422 0.203635806261256 0.149349151856586
0.19121102985286 0.55159324432906 0.139802082580296 0.279633938159681
0.222118918623178 0.590988208241254 0.0886838837085553 -0.245907270806337
0.422488739360341 0.398580244818324 -0.0145931335891576 -0.191772668830423
0.570445748668566 0.0251398525618955 -0.113780809985196 -0.0796070895937763
0.410363556030699 -0.330363411047084 -0.103810705808746 -0.0466829763135566
0.0247359112854993 -0.433946635648352 -0.0765153167137667 0.0273905828150473
-0.174732939374526 -0.311593635245191 -0.0677801745547073 0.00190894987656829
-0.291536120906315 -0.246907650987319 -0.0839603329611569 0.0191061615240474
-0.346272157370478 -0.177334186878494 -0.0840139770402154 0.0144362083873593
-0.347838178375707 -0.193874226210544 -0.0787433043983615 0.00272653888770503
-0.207433456172674 -0.285271168000853 -0.110205934610189 -0.0417541147111799
-0.058526307578544 -0.380086106268405 -0.0894631836138102 -0.0917232628584166
0.299051682865429 -0.381214838017197 0.0150218658033894 -0.15104837527656
0.517587977323734 -0.0987810482754125 0.12087600005017 -0.0651579969270261
0.409392428234787 0.295581803593941 0.131484645809656 0.0819782023444268
0.21599569561547 0.555695168161349 0.089965951690301 0.100579133575465
0.240244494978588 0.515101371534212 0.0354171720434696 -0.425017405308632
0.393718317150771 0.325984656834529 -0.0984656261003433 -0.27976827700509
0.494014387915093 0.00936700035866726 -0.120845712877215 -0.0864009276525939
0.345111644644847 -0.27999867438172 -0.0733160955954154 -0.0827297308467193
0.0302935743017762 -0.364940748395999 -0.0671348714769156 -0.0723482936908018
-0.133962332277841 -0.275165334247286 -0.120863108189278 -0.112758776995831
-0.232660422206354 -0.232480313099993 -0.188750948160394 -0.0663848964631709
-0.281179686356247 -0.170885563784344 -0.203230342755411 -0.0381174436538967
-0.276027128166647 -0.184421956564074 -0.19068381425845 -0.0584475206787575
-0.150666782280972 -0.252404739890266 -0.177189528456884 -0.117904465968166
-0.0238575200544474 -0.307175800986209 -0.103235171565183 -0.163975016378307
0.257687493629308 -0.287947165483724 0.015845046133895 -0.176976080762839
0.418984922064677 -0.0638567796577275 0.0993875592438802 -0.0685865355015814
0.330196304901393 0.247135212211567 0.049294455157483 0.0259062804836657
0.195494777040519 0.478500452174993 0.027310370415621 -0.0674796484903015
0.22091056468425 0.353326783023411 -0.0255636607595699 -0.557827728285746
0.294251257634143 0.195353831762376 -0.173808814129625 -0.336937647289069
0.322224508971317 -0.00806628568223897 -0.119681898331375 -0.0832797901515212
0.215027431368092 -0.174907028343231 -0.0410029233239574 -0.100314614648907
0.0303701414823813 -0.228662494375509 -0.0507648717200221 -0.152256605338891
-0.0699119152168382 -0.189674477353083 -0.155539493976457 -0.204033231311776
-0.135477791446086 -0.178237421517354 -0.265857619786775 -0.139876649092177
-0.172719892500908 -0.139148092607105 -0.293147263791511 -0.0843365133878412
-0.162451216712945 -0.151529511652035 -0.271189129867839 -0.113928804951869
-0.0698326198230667 -0.185639772413845 -0.209970821000268 -0.180348090982212
0.0182639262713146 -0.193564788094815 -0.0889742203925346 -0.21474299236569
0.184529962256291 -0.152569020131129 0.0312723404478993 -0.17579623065977
0.262235394746813 -0.0140029776001199 0.0848456808304693 -0.054752510118852
0.201494471212681 0.168436733575086 -0.0200721344291202 -0.0162040392548912
0.144604856780839 0.329249937074841 -0.0305891984411812 -0.202721124228465
0.162755206285616 0.136438173737443 -0.0829759226697313 -0.618703725772651
0.147716160647459 0.0364360454337951 -0.232634525614371 -0.355491955371494
0.105297431302207 -0.0247668654321492 -0.119254133522578 -0.0680994541984903
0.0563946935570091 -0.0468381085192762 -0.0175314359218587 -0.0929550851015241
0.0260919423812966 -0.059017127344884 -0.0313261260104085 -0.194641982590132
0.00594566897690145 -0.075699758690094 -0.16714955179471 -0.255440611141353
-0.0151892049207945 -0.096073578319724 -0.302354561307329 -0.189492368948366
-0.0370514587515133 -0.0850282062161627 -0.338237820205828 -0.118551709494973
-0.027957883086555 -0.0944353453925455 -0.308390350980067 -0.156255660819684
0.0125762119896276 -0.0937331627948668 -0.205999960408402 -0.221061023730856
0.0471665458107417 -0.0616800567491835 -0.0511129761274055 -0.238931092307491
0.0840880072451875 -0.0178932182760581 0.0543306970772095 -0.151425317860452
0.0836728424795206 0.018639668839915 0.0738312129862335 -0.0329889851559515
0.0640024111493805 0.0634710855732928 -0.0675769742280166 -0.0453897175970113
0.0807270362695497 0.137014042274413 -0.0746346899972397 -0.288970697663518
-0.0371571680229375 0.118282521690676 0.174092607935144 0.324405982246794
0.0586480425170068 0.0865071282382812 0.163700972312332 0.0765127164388789
0.10850543290755 -0.0108010195771857 -0.0624947753822933 -0.0155265072440139
0.0537383741017685 -0.101444365455264 -0.104839808763691 0.116526358519049
-0.058171426951103 -0.0816114144628831 -0.000305176844093283 0.259064328738406
-0.0868126304106404 -0.0136252744524526 0.173805409661113 0.279148307932006
-0.10368444554699 0.0152120132627587 0.306927656910944 0.192913360340743
-0.101531315357928 0.0204309080869614 0.343346523523417 0.117251636177584
-0.10773698328539 0.0124226111315655 0.320522509189045 0.166986311615778
-0.0851875120020463 -0.0345218139491745 0.19827234443143 0.21796714845503
-0.0406446670286931 -0.0945227550192482 0.048129217905306 0.192413306701347
0.0677334570782383 -0.101097122780012 0.0344227025590226 0.0761747164182464
0.108830391575449 0.00506743492408845 0.114743288368065 0.0606119400408447
0.0352708669317608 0.0705108882418778 0.228734443653597 0.278442487974081
-0.0328050605681801 0.0687856478196715 0.13436467654663 0.604626585049848
0.0542841208224049 0.31383588685376 0.172161439855752 0.246974385699557
0.188359707750004 0.210361503957562 0.153961166001066 0.0459416097207256
0.281530407939576 0.00169202532452395 -0.0691301065509987 -0.035116247860389
0.185237615576333 -0.198467753251572 -0.124420365233881 0.0779336961245033
-0.0481273726572407 -0.222505419429513 -0.0343658413836233 0.244187197452918
-0.149138322206795 -0.122653864784246 0.127290567349122 0.263912521032348
-0.214943493054981 -0.0716798279532705 0.250228676551553 0.193435561312229
-0.233444216202042 -0.0414010615262327 0.284384493076186 0.114593007151448
-0.239676163436266 -0.0604352148264104 0.268072645448532 0.149053241328508
-0.159387577380317 -0.14504473214486 0.14787030908023 0.179445131066369
-0.0562686392218086 -0.235551402053367 0.0210561254823931 0.146614550683688
0.183595044321314 -0.238138206862193 0.0375737834832501 0.0219741281712141
0.304047796963372 -0.0290292058909647 0.139399035643194 0.0294924700830688
0.197085203758022 0.191373310004797 0.26158698031838 0.257258456010464
0.0624451059013084 0.28864741289539 0.177382826312545 0.555527449948913
0.139514516694311 0.474514275645591 0.15692067921837 0.114111045054319
0.30699698403904 0.317935915203185 0.119553272856489 -0.0128303116469
0.436345336125137 0.0114180798813464 -0.0819530636983977 -0.049966273604917
0.305535384717644 -0.281970202188138 -0.131919867084768 0.0388941105418991
-0.0305008551430204 -0.345547097665672 -0.0576210235698599 0.201239622165116
-0.190390061323445 -0.219603261933726 0.068114068033466 0.20857329530963
-0.292791388333305 -0.150937791545064 0.156355209245608 0.161403266754343
-0.329973382755915 -0.0966709680701516 0.182389168731902 0.0943663780247792
-0.33565350586821 -0.118083972202345 0.172807210583297 0.110245215755376
-0.218295826296518 -0.228025737882172 0.0715416556251939 0.116889986128551
-0.0785165933647656 -0.342156872325311 -0.0141010529697722 0.0775106276779501
0.259664225778536 -0.356592409537629 0.03421897282892 -0.0408594965844663
0.455728296351523 -0.0820963134668682 0.150149484470725 -0.00953094008582677
0.343238356779146 0.267029117596798 0.259509157759302 0.206498228232483
0.158371734216697 0.458946578301977 0.187239188141488 0.438757124745881
0.211372163453089 0.573488019199719 0.125332791808589 -0.0609466013815875
0.405513434702147 0.382829781929346 0.058447002347767 -0.097767648942701
0.548820068235716 0.00727863952192592 -0.100396553779394 -0.0621314891235607
0.387068498748826 -0.346686848201743 -0.127858418081635 -0.00112488303322949
-0.0141215407298782 -0.428282609839939 -0.0694910110755222 0.12957166753989
-0.209167447556329 -0.288057384120697 0.000449147436554738 0.119214490439634
-0.328654240927245 -0.209681028735277 0.0403109708395347 0.101746590153619
-0.376595393590896 -0.136732028037634 0.0529232767028567 0.060480813307629
-0.381489312135514 -0.156556820838891 0.0508933647416657 0.0602424041662163
-0.245057128039776 -0.27335862003829 -0.0212155304332815 0.0413246528366309
-0.0917266382009858 -0.395798757936875 -0.0567368163308793 -0.00461632581380107
0.290813689386554 -0.42487934527704 0.0204588090398137 -0.103408168938035
0.533852228358206 -0.127962327419656 0.140940787328445 -0.0479418393454837
0.433192908159281 0.291955972586362 0.214826500058775 0.139799986801886
0.229544288749004 0.550358927641805 0.157265514238967 0.276456831973212
0.260164711766587 0.588143308477574 0.0756369875984277 -0.255403017851685
0.45189250983848 0.384097094766309 -0.0248381531827885 -0.193843173240853
0.581281819896983 -0.00688718323213984 -0.118840775515139 -0.0736703902375276
0.401761689263464 -0.361209489790746 -0.11005746794669 -0.0435370042634655
-0.000622870069666268 -0.442852732278811 -0.0737176200231733 0.0330346875845681
-0.197172666079755 -0.307980155099899 -0.0698531271912326 0.00567609076610268
-0.31571209807351 -0.23547562332596 -0.0827417830785448 0.0243437734532591
-0.36597306107793 -0.15789468753881 -0.0845375048720618 0.0183553930791601
-0.367319329900676 -0.173423007126917 -0.078853451437314 0.00643661376404694
-0.228866390492018 -0.280710886189116 -0.115716093995934 -0.0363491473032787
-0.0807170590155469 -0.384196984715012 -0.0958679036990705 -0.0877764285079827
0.282917988200478 -0.409504165794263 0.00675596160861007 -0.153778837072941
0.520622699993306 -0.133361430439421 0.119687158153573 -0.0723465971332156
0.435535797971616 0.27888334546538 0.138181800903327 0.0743194053494855
0.256025106004699 0.554633369494808 0.0970752864779189 0.0950460181881071
0.274299924244886 0.508164262864316 0.0115274370605787 -0.434566175969048
0.420124878793949 0.313037016519371 -0.114521904801691 -0.279654640590314
0.502404170857327 -0.0189557122448511 -0.126315315673982 -0.0800817238405073
0.338957355874609 -0.307096924398189 -0.081592251598389 -0.0812734870239777
0.00819535029271977 -0.373853736528237 -0.0710684610766874 -0.0695791853214186
-0.154161105501403 -0.273335020095164 -0.131919201046543 -0.108643113113798
-0.254598279970765 -0.223707347227688 -0.194900606413818 -0.0563107725821791
-0.299180168846928 -0.154927673563955 -0.207921275104308 -0.026911360260636
-0.293909810743658 -0.169133864297248 -0.197240091478109 -0.0482822042357821
-0.169784716642475 -0.250070155867062 -0.189033328120029 -0.109067318116123
-0.0410377688357227 -0.311582519338754 -0.114418374284739 -0.161522892470954
0.246322830104328 -0.312122768584017 0.00610906636873769 -0.180971358024378
0.421930374185228 -0.0916665035429202 0.0986302672832271 -0.0764701070125784
0.352313764829206 0.234508739363245 0.0518754904556768 0.0211409213422782
0.230481294223615 0.475632329232689 0.0239051052289158 -0.0727590368143179
0.245022326493653 0.347628678926094 -0.0562118991637243 -0.567772774385543
0.311449292226199 0.18584000074455 -0.193569613495306 -0.335547933028346
0.328645082313057 -0.0264947646988928 -0.12505052851921 -0.077766199701509
0.212114335442583 -0.191955008109917 -0.049494828229725 -0.100811900579742
0.0163070647640153 -0.23479850305194 -0.0603778477940368 -0.152627173240014
-0.0846436261910465 -0.190406601798255 -0.173905193926401 -0.199506628210948
-0.151593894088888 -0.174331465387755 -0.278352085809592 -0.127089491087572
-0.186609318969799 -0.129342023255783 -0.300824029386735 -0.0677717426381019
-0.177123779065094 -0.143639837724082 -0.282178841120451 -0.0976797493460966
-0.0844574326848962 -0.186719832433335 -0.22645947503375 -0.1696962624571
0.00761646639783987 -0.198974574806018 -0.103378437508115 -0.213565386329167
0.179022174554682 -0.168911421589356 0.0222355413843018 -0.180153885700477
0.266175975462847 -0.032292712043183 0.0841335760109385 -0.0622044818263979
0.216401609729156 0.161706463078043 -0.0206288787209457 -0.0169943648014321
0.169371422125514 0.327091083596891 -0.0431981007949421 -0.206355368966695
0.173631796046747 0.130908426625594 -0.116246688951324 -0.627212009269402
0.15343687163753 0.031897468443835 -0.254990309201152 -0.350641841771447
0.106746358355284 -0.030344026290824 -0.123641665483196 -0.0627801469367932
0.0568140596710598 -0.0513213742721574 -0.0245238260000201 -0.0929160313680965
0.0224057308841749 -0.0618208598983396 -0.0441724049378903 -0.197232372509244
5.55775989735594E-05 -0.0771101265539585 -0.188879060845156 -0.251343261175619
-0.0233646607760495 -0.097036272481177 -0.319676529191141 -0.174215026663664
-0.0450644723318356 -0.0837123175628225 -0.34868204978073 -0.0990134110555424
-0.0364890727498943 -0.0942426914272292 -0.322569842944848 -0.137751339145149
0.00565237962755592 -0.0971181758168119 -0.223965999218869 -0.211362245710782
0.0438839797016081 -0.0662276218540692 -0.0673290112005663 -0.239771200229758
0.0841716730529614 -0.0257895557954511 0.0470146331735356 -0.156008399877059
0.0869291542608804 0.0130278139262381 0.0746215713777569 -0.0394547286711457
0.0700778408428342 0.0624240137892108 -0.0701623702031786 -0.0442932692318499
0.0918187447872251 0.13622028595352 -0.0931656589456218 -0.291716127269329
-0.00795651149789808 0.125146935340674 0.218248099637413 0.286337852914069
0.0758938551330218 0.0714028302828408 0.167529175564321 0.0515543447253937
0.10341147910313 -0.0298916300387162 -0.066239287918192 0.00117199197734215
0.0323446287629653 -0.106283535931545 -0.0795170458392236 0.136124715393992
-0.0673210481799932 -0.0645737786601532 0.0495309813551084 0.253378902563854
-0.0775269915397389 0.00329252249878772 0.219992744908399 0.240959417296491
-0.0951733010186664 0.0338129387526548 0.337394191241328 0.136202997040224
-0.0906918333526739 0.0333108361699081 0.352114126925046 0.0578468343871355
-0.0993917871174708 0.0285929299104843 0.341530418563687 0.114760662702473
-0.0867206103764789 -0.022611122662895 0.230492508563171 0.187446611607729
-0.0540295818069203 -0.0863087899475444 0.0766389884072183 0.185016932130683
0.0507365774181265 -0.112577784415019 0.0413658154665579 0.0742125616291968
0.107252211873071 -0.0145164270586504 0.11814518442996 0.0465213223267556
0.0442518618780207 0.0592504302424452 0.266494410431989 0.245976891367869
-0.0180578908061488 0.0688007689833959 0.210148381999778 0.581156714733736
0.116371157561099 0.298343617905926 0.192719216556881 0.210807622462066
0.225484801871015 0.168052199536985 0.144747631850637 0.026344235211262
0.274574514028876 -0.0489969212201329 -0.0796048186323581 -0.00794246928847999
0.143826684150584 -0.227007130923586 -0.105269647877725 0.10988722834537
-0.0830333484186879 -0.204124921752848 0.0193028132425915 0.246472586199426
-0.158503169973782 -0.0923722645063247 0.175587168181697 0.23294582371066
-0.224590528882587 -0.0329054115629352 0.286783166044222 0.14788238760972
-0.231267791377243 -0.0049345336647328 0.295340151825475 0.0622119258033011
-0.242962968789384 -0.0197440902577464 0.287024000999259 0.1029669339777
-0.180841026987101 -0.11968737724013 0.176550781898283 0.157968020591496
-0.0927379110970413 -0.222230669272633 0.0455817203147777 0.145408914646479
0.142914991025406 -0.26897155222138 0.035551974983131 0.0239764218822547
0.29356568299032 -0.0793652847428177 0.13301520428717 0.0120464118517579
0.223615383168084 0.154066163375905 0.297538374752104 0.215030214886275
0.110063456579913 0.27377819398798 0.250970376513272 0.520711054092705
0.226104254688578 0.43814306105528 0.147808856456771 0.0831228377126136
0.360695211386114 0.251733208969708 0.0952698042706301 -0.0227318055315652
0.428789966952506 -0.0665892574830703 -0.0973963960422736 -0.0128360215831278
0.246865803025673 -0.33335006509436 -0.119191238512681 0.0809149457760918
-0.0875402264825849 -0.327982106368549 -0.00455634313355113 0.210090365020461
-0.217761123933984 -0.181394492498276 0.111407579424311 0.188712312111586
-0.319646455684965 -0.0976001115632025 0.194082220092739 0.133726095290494
-0.335071386216555 -0.0422079613453014 0.193690176591611 0.0565655809845731
-0.350185609679417 -0.0592958232292805 0.187884722044297 0.0791732637496797
-0.254074986913525 -0.192097506512859 0.0931990354154623 0.107302214177637
-0.132221314776372 -0.323211213504306 0.00270902230461949 0.0828884068594597
0.197051181682267 -0.401289175998204 0.0217943579625809 -0.034808437447386
0.433980159416298 -0.155733957358715 0.134843372161344 -0.0285389973739541
0.3795449160773 0.206678429339687 0.29016180006056 0.160087056957104
0.229286041470008 0.429426052904113 0.248590361241641 0.398896970137687
0.314660795719676 0.519359889512458 0.0837950425013219 -0.083000856300164
0.467469835460553 0.296752525913673 0.0165292286795245 -0.0933318975334711
0.53903208423414 -0.0914945108855214 -0.119949148569949 -0.0162293106158007
0.31448464600758 -0.41298613374799 -0.12154054219173 0.0475206416577158
-0.0870599975246143 -0.412724681713484 -0.0248632761396005 0.142824058086954
-0.25002462515126 -0.245434948501912 0.0318406481069659 0.112296265626112
-0.369326738610227 -0.14886555993226 0.0728384805263214 0.0960052882971351
-0.388823166916474 -0.0732833096049578 0.0634353693730903 0.0435742268115119
-0.404035938373339 -0.0871285679798101 0.0611341103986322 0.0471357133895992
-0.290679876522578 -0.232249245371896 -0.00955808407925172 0.0460976982808495
-0.15528371086127 -0.374582939563017 -0.0508686249841877 0.00826291997971125
0.215667797841558 -0.474413313942673 -0.000127395994653377 -0.0930821151351428
0.504602904264967 -0.213138414665429 0.118798770926775 -0.0665340574430721
0.473249627751393 0.220212727608857 0.236521925590787 0.096292067078553
0.314480262478648 0.511562555283616 0.200257951806948 0.236969670767607
0.361743065318129 0.522335452550884 0.00263750377659218 -0.264234106634671
0.511988306198429 0.290515446679708 -0.0814452324183114 -0.17379270674136
0.569274541083078 -0.110538875937447 -0.139219190014962 -0.023037548616474
0.327987832144039 -0.432354065929441 -0.111462497262849 0.00438780454282438
-0.0782051370173964 -0.431512588818071 -0.0454639858861819 0.0488781750659185
-0.245174168790786 -0.269327633229199 -0.0561743803277936 0.0136437560054334
-0.363015238129155 -0.177121835097056 -0.0611994121964637 0.0415110386848471
-0.384234603125417 -0.0936145667851807 -0.0755649435717879 0.0241139770602701
-0.394433635343515 -0.106125716902273 -0.0758920332168751 0.0134223159508693
-0.276307569889057 -0.240633614076003 -0.11477390733294 -0.0174934958277264
-0.142800151281496 -0.363912413146325 -0.10172015322514 -0.0693753193781504
0.210650641210689 -0.457599220540797 -0.019662892283504 -0.142092812994182
0.49057186537273 -0.216413102815708 0.0948855962247662 -0.0889096894678109
0.47398411339285 0.207518401318199 0.150824068009628 0.0403730285272453
0.339734891886234 0.51246896979332 0.117199451656936 0.0659474913889604
0.357268424664039 0.442212327016548 -0.0840999580627994 -0.428885481334201
0.465159764819952 0.227831824122027 -0.179364306612189 -0.244247574855484
0.489339958858082 -0.107756086781109 -0.145315548516974 -0.0324245052189278
0.276038295988987 -0.367956139963595 -0.0902130732426511 -0.0415872712882489
-0.0581742378339338 -0.367961211946253 -0.0637523828693975 -0.0532078123467259
-0.201269470315037 -0.242476483209384 -0.138215779538778 -0.0863663687764729
-0.302862777871344 -0.176042629510951 -0.18757756937927 -0.0187314616602966
-0.32053698628088 -0.10053759170408 -0.202899260797341 0.00107729664059363
-0.324277686530009 -0.113184371101501 -0.199742000697125 -0.0205022494161073
-0.213664578595765 -0.21836799229766 -0.199541492391645 -0.0789167884933851
-0.0936354344940389 -0.299341309383635 -0.13196307775907 -0.139002072719684
0.189615588776976 -0.354253778994048 -0.023060396774881 -0.17092326290773
0.399480548324484 -0.160526749581138 0.076028991051183 -0.0909328752306634
0.384973486693673 0.177112796802261 0.057780605474468 0.000876244752514518
0.300663968455993 0.439828645857397 0.0226081320205789 -0.0892091657989158
0.296517153681556 0.287688608014303 -0.164506841366837 -0.54521832066019
0.332871165461814 0.123649885154822 -0.258410878723641 -0.289165367763307
0.317132871144748 -0.0838595513729039 -0.14007050751959 -0.0393234449724993
0.173227304303072 -0.232206512475417 -0.0635782974478508 -0.0743154317966483
-0.0273834013774574 -0.234591754218888 -0.0742600972502819 -0.137441097451156
-0.122290819510042 -0.173272474893452 -0.198049261646473 -0.166779169812695
-0.192307461907888 -0.145004718068457 -0.286104984127973 -0.0740878403703602
-0.208865884369133 -0.0936778719817266 -0.299928376255426 -0.0223437247928927
-0.205165585931794 -0.107887243133667 -0.29104851172904 -0.0550382896052586
-0.119082553043904 -0.16868527737466 -0.246808659603832 -0.133405277595436
-0.0275902048999452 -0.195933758364709 -0.130464505180974 -0.192825035825434
0.146885041413204 -0.201536751532029 -0.00614458670668964 -0.176266030974912
0.255667904569025 -0.0759695822776186 0.0679758084328349 -0.0759982502488989
0.240320326375488 0.126426890085588 -0.0204057516093963 -0.0234541194059828
0.218034266601396 0.302176273844153 -0.0635040342993957 -0.20911181688237
0.184747111860314 0.0879810425331465 -0.222235214686313 -0.591754476278582
0.14784628847061 0.00262547748801378 -0.311745066156574 -0.298906551029283
0.0984227968472779 -0.0483411176851759 -0.131865062548147 -0.0358522602850654
0.0465892847485453 -0.0642493421805984 -0.0391128140279616 -0.0822130512005823
0.008491938647216 -0.0674410332321911 -0.0748262872156401 -0.185920872522139
-0.0217263221408673 -0.0774566204896623 -0.22638614517839 -0.213800766160808
-0.0491073847738933 -0.0912352528142608 -0.34027709545683 -0.114234704059935
-0.0634288536667505 -0.0714405110706045 -0.35230500893828 -0.0412091094574696
-0.058182311476807 -0.0843682770955194 -0.336760569742047 -0.0871496546274874
-0.0149932215003456 -0.0946737771972355 -0.252371020569565 -0.175068075643516
0.0299568862224866 -0.0723276398549842 -0.100300344588812 -0.224985603209086
0.0767949703474044 -0.0420453537946711 0.0238807133734659 -0.159632494710495
0.0864469722317122 -0.00284447430663778 0.066200304119228 -0.0527690798590895
0.0812391635978425 0.0520969987027401 -0.075000663084263 -0.0385333276880627
0.111728692058987 0.123824330072163 -0.12703245172851 -0.281875311983101
-0.00363761168639473 0.12159019904312 0.224951870421493 0.275463903884934
0.0755074021936866 0.0658704355609413 0.166209115719825 0.0464556298467274
0.100110247484056 -0.0333367415508679 -0.0650195273154603 0.00457552763367909
0.0280317561960921 -0.104326502936302 -0.0724675673269155 0.135428747208651
-0.0681166222888482 -0.0606481340198229 0.0609293378301794 0.245456094631717
-0.074975834389432 0.00458751962010131 0.230075531762269 0.226435656811679
-0.0918094400205071 0.0372399864327814 0.337994968210846 0.118145379223965
-0.0874989488049779 0.0370653359527805 0.346396502420881 0.0420399014166145
-0.0947034352363125 0.0326837483486859 0.339190361610538 0.0948593281132045
-0.0858068470954035 -0.0186925349565475 0.235339085282918 0.172097115249076
-0.0566961601734349 -0.0825074376212384 0.0840529574202189 0.179140356852951
0.0443979776589024 -0.11206964862696 0.0429308388510081 0.0718293241686267
0.104094238828316 -0.0191483535781557 0.117511521680325 0.044195987834765
0.0437055660919987 0.0560144792165397 0.270256264156922 0.234255000902643
-0.016029072768722 0.0670214734553823 0.227638111875522 0.563160688011205
0.124954208775871 0.286189335809977 0.196673373962467 0.202298791888459
0.226313984925682 0.155024691412807 0.142639566261029 0.0227849854162005
0.266534546224166 -0.0583035666291772 -0.0778645723119147 -0.00440901730577987
0.132761262662493 -0.229252692826047 -0.0994345244892442 0.110887677878372
-0.0893683072434119 -0.196620202230539 0.0320317159667345 0.23921764138253
-0.15893566089535 -0.0862679281506351 0.185229585549389 0.220988168712704
-0.222501402851531 -0.0212235262315272 0.289602251302742 0.131100742114048
-0.227359015327165 0.00644414316577583 0.290262397117897 0.047990465001512
-0.237678956502714 -0.00742012077461488 0.285226683275695 0.0860390015997991
-0.183263788531249 -0.111162865323107 0.180193016523431 0.14626030354029
-0.100411950975787 -0.214757986808864 0.0518575327965805 0.140911491562621
0.128481379568114 -0.271122428671647 0.0352275522351177 0.0220463369598827
0.284560502206851 -0.0909126448281099 0.131304269402316 0.00944505431528804
0.225055383129263 0.142872510905878 0.300178824656337 0.202610061496577
0.118980592154549 0.26312551910089 0.263587217428588 0.501846294539379
0.237199276104713 0.419679909451379 0.147159529791256 0.0785913580335465
0.362797703081296 0.232530706276367 0.0917301565379196 -0.0239029282283417
0.416757979722091 -0.0818408868030866 -0.0947274400356767 -0.00909843633665827
0.231313382080098 -0.338871685901341 -0.115898857734967 0.0832943797454103
-0.097706065387022 -0.318379153571404 0.00714336056748001 0.204611820959626
-0.221001634887685 -0.170577028950391 0.119101924715355 0.181027419002459
-0.320468810008996 -0.0808069154229737 0.198280355548819 0.1209825269247
-0.332064215230124 -0.025459314567971 0.19058301323257 0.0468352848739965
-0.345055625679651 -0.0412455348210301 0.187191029111883 0.0661219655343291
-0.259469903883723 -0.178997636849256 0.0958558990242036 0.100755243906325
-0.143087755838913 -0.313437357900221 0.00705191098944248 0.0812264145503069
0.177448702339649 -0.404492846172863 0.0195301060954895 -0.035125795140867
0.420300345852153 -0.171465450022837 0.131336580115232 -0.0317598442974197
0.381122294188548 0.189013608708825 0.289864242896463 0.148263984680446
0.243288400956432 0.410614135672974 0.257738492779191 0.381250400751544
0.326352467813409 0.496941612840401 0.077876398607285 -0.0821904875142299
0.470307067948407 0.275549397453973 0.0122263315078334 -0.0909932743135946
0.525896818990433 -0.10855016974689 -0.116535196142546 -0.0127738269354039
0.295517199928604 -0.421092182752297 -0.119932988394804 0.0505703849069774
-0.10177788108381 -0.402044346727954 -0.0155694082204632 0.140475788843349
-0.256100253793567 -0.232545094750667 0.0363288469700046 0.109688383065283
-0.372411328331638 -0.129971163563441 0.0771523740857953 0.0895386933129024
-0.386652556404807 -0.0527109380546187 0.062579702888563 0.0392478803522296
-0.398763658864132 -0.0664725951252172 0.060780046029136 0.0409387026343072
-0.296474519466571 -0.217747096182856 -0.00865139712597401 0.0457514471674968
-0.166482364650478 -0.362240147397859 -0.0487186411158213 0.00975382160143728
0.19275086193586 -0.478175389466619 -0.00396510023779064 -0.0922247756185438
0.486366604888379 -0.230120441496088 0.114640021844051 -0.0684275426889579
0.474688682832306 0.197755038867807 0.234804227330226 0.0865724001620714
0.329591408552211 0.488880500085775 0.204118526287676 0.224295092405257
0.372202682387032 0.497984734733153 -0.0083601671061835 -0.257129638893476
0.514495967665777 0.267460262808305 -0.0874716229514564 -0.167218876044609
0.55467534550319 -0.128278714082642 -0.136031448788383 -0.0191640432672542
0.308197216142969 -0.442048198685184 -0.111994827068331 0.00858452974824296
-0.0942474821309504 -0.42089286817199 -0.0398117564090755 0.0493806839689762
-0.25271871862136 -0.254823597617879 -0.0555183509789417 0.0168232600090097
-0.368840849179438 -0.157313082726583 -0.0575915933536132 0.0417639045455062
-0.383708386210427 -0.0729978706818244 -0.0740467834576402 0.0254737588641374
-0.39095337072282 -0.0845263388492275 -0.074220558299337 0.0147820225616377
-0.283520559638424 -0.225850476336775 -0.11493959992143 -0.0113629831314033
-0.154856725751863 -0.352122803696904 -0.10206882449888 -0.0640106853713193
0.187570076659961 -0.461378632938794 -0.0243554457879353 -0.13928263552428
0.473002757599087 -0.233607833311597 0.089832526787618 -0.0909791220896611
0.474778081691913 0.18662430213944 0.148964066595455 0.0335731939919669
0.354510959051992 0.488486139044681 0.116868850265062 0.0581082994833315
0.366645177116721 0.420956829549033 -0.0988907232592351 -0.416701238717307
0.46823315103494 0.208378724517589 -0.186463796648131 -0.233886968242354
0.477269970018238 -0.123585064089892 -0.142642774963165 -0.0282093667844592
0.260960044974014 -0.377332240722393 -0.0929309938122972 -0.0370444912845495
-0.0719469235150334 -0.35823410419602 -0.06316011212859 -0.0501697698448169
-0.208060715534624 -0.229894314568795 -0.141617269545967 -0.0781799041329294
-0.308704569132469 -0.158815089219643 -0.184496431245482 -0.0117310311323336
-0.321866628104065 -0.0827272418408641 -0.199338850393105 0.00812042337474197
-0.322419304074904 -0.0952307051598183 -0.196097914018381 -0.0124136378445318
-0.220978716962677 -0.206225906734001 -0.200384791898706 -0.0678458779423072
-0.103063807531659 -0.290186398568581 -0.134670299861567 -0.131438523022329
0.171199642298786 -0.359111959762742 -0.0288781221966225 -0.16748363167403
0.38509215869138 -0.174193476830537 0.0709439811809597 -0.0931727920746844
0.386524324536268 0.158874736427795 0.0559625327539555 -0.00163710637514927
0.313787083805634 0.418798864808805 0.0182728219254242 -0.090880507626713
0.301388365024086 0.271815267057602 -0.181798101665682 -0.529280108241873
0.333988494090469 0.111992152938847 -0.265062537212886 -0.275656376100138
0.30958062536057 -0.0943250775871167 -0.138124357089311 -0.0349425102481266
0.163623309431587 -0.23881129352467 -0.0669532760057264 -0.0695583589304784
-0.0361933484710256 -0.228583472094188 -0.0781262855002209 -0.131986857434717
-0.127810489532637 -0.16491519474906 -0.204710709451651 -0.155074969769619
-0.198126206758174 -0.132953691957961 -0.283459000094714 -0.061070527587566
-0.211021805766987 -0.0809956668399689 -0.294221018354409 -0.00950363913203958
-0.206514832873033 -0.0952391650814 -0.286608494606524 -0.0414599013503343
-0.126174453363487 -0.16132308521451 -0.248638750159875 -0.11796402138356
-0.0346612548161124 -0.192328853775972 -0.135727712841736 -0.18375788337451
0.134793408491594 -0.206254864111777 -0.0120547617659569 -0.172832846447662
0.246854751871342 -0.086111316019096 0.0632280627346109 -0.0786554821635134
0.24272596570501 0.114943200459153 -0.0212598779526024 -0.0233047938676387
0.227879618340444 0.287303155666388 -0.0707379770206408 -0.205177219005221
0.184260094705685 0.0809829242292364 -0.240473220243786 -0.573077042543471
0.147558253154756 -0.00110482375033211 -0.317015374637274 -0.284081334469172
0.0963567080425917 -0.0507158858073995 -0.130453452243871 -0.0313881753358965
0.0446611053014692 -0.0670808533443007 -0.0424710119232131 -0.0780573180870456
0.0056998524812306 -0.0665029826120251 -0.0818235474604229 -0.179403757967534
-0.024660491303386 -0.0741736327138051 -0.235124731836759 -0.199205860336571
-0.0545452049924257 -0.0875674953640437 -0.339554029355498 -0.0972609998303823
-0.0667803570311723 -0.0669325082948646 -0.345720144502 -0.0271350188457542
-0.0627065205478552 -0.0793012309852026 -0.332021787798759 -0.0687170241077522
-0.0205169599382995 -0.0926965812404025 -0.254762416544102 -0.158802997212798
0.0262526155381536 -0.0732658343901899 -0.108011423825699 -0.216048630121159
0.0728798544984569 -0.0467723419605849 0.0174240341192227 -0.157393369732275
0.0851431529278423 -0.00723490776544467 0.0622204402730394 -0.0563642897411276
0.0842345607319369 0.0475169354041525 -0.0748817616190065 -0.0362386945914656
0.115875322020494 0.118033517859446 -0.136366313201953 -0.273568555647753
-0.0026546317747228 0.119080045786006 0.226761833246024 0.271401738792177
0.0728956432903078 0.0631651070888775 0.165615845301002 0.045643679308256
0.0975744220512552 -0.0344182407357188 -0.0639080312232674 0.00619206341245961
0.0262897166953643 -0.103029961755598 -0.069198249940249 0.133721442592607
-0.0680308995826177 -0.0589004799095661 0.0657772181126484 0.240251457806958
-0.0734773791441022 0.00375871651059214 0.234321298466982 0.217851632443532
-0.0893982412977531 0.0386555917077224 0.336548617412627 0.108750241861315
-0.0857902771056071 0.03868833353765 0.341430079047546 0.0360199479316659
-0.0914549861098262 0.0334752945025227 0.335955696273187 0.0848519912183965
-0.0845089032132652 -0.0165213369799855 0.236606788570896 0.164469876810784
-0.0577469293188101 -0.0799954253515661 0.0871403327732506 0.176292469264478
0.0422645005197224 -0.110475175571911 0.0427049723404027 0.0704784636467642
0.101398996531542 -0.0210418510410813 0.116797937760926 0.0447013030936125
0.0421444452655839 0.0548361057887056 0.269843096403751 0.229839139410079
-0.0159792685622545 0.065083619523885 0.232151089403395 0.556090155381317
0.125948886825065 0.279501344186489 0.195899574232316 0.200103914621799
0.223641897098339 0.149629523521795 0.141641405509261 0.022142140242128
0.261454267537727 -0.0612911587734099 -0.0762343566741897 -0.00321290983974526
0.129278539358844 -0.229377744540463 -0.0978058525762884 0.110046649599893
-0.0908539079132951 -0.192617406494822 0.0377114227331167 0.234605287992344
-0.158496032394889 -0.0844222858939467 0.189683918807648 0.214689495804244
-0.2211090172205 -0.015736576453848 0.289717809563629 0.121920419009447
-0.226022467892882 0.0114793086434583 0.286135269137516 0.0426371095172131
-0.233579292457648 -0.00262241383797616 0.282052395288044 0.0767429644371739
-0.183285559628788 -0.106989947129333 0.181515714109263 0.140097392839304
-0.103272294823417 -0.210763657344395 0.054746308068532 0.138816115837181
0.12348133251014 -0.271423990172769 0.0343268587313863 0.0212665896499172
0.279973714372396 -0.0941088288004637 0.130248295230371 0.0097532009260623
0.223117149270897 0.1387926541811 0.298820702657952 0.198148435067627
0.120266698178268 0.257159275663062 0.266978397363794 0.493711753041996
0.239244278774575 0.409030043974767 0.144594963615243 0.0792932851021833
0.361110735247108 0.224509501504451 0.0902149911877639 -0.0227089692709838
0.410804387184497 -0.0855259516789114 -0.0926876435063459 -0.00832911886752532
0.225831979654976 -0.341157646246161 -0.114984727942904 0.0833275867702074
-0.101874524158804 -0.313324402529775 0.0126669379927901 0.20062707446251
-0.221501695060612 -0.166853777836126 0.1227974135798 0.177093676837726
-0.320192156160842 -0.0726454725831404 0.198857865227044 0.113659573113342
-0.331524137282908 -0.0173001522803531 0.187111687691222 0.04341429119062
-0.340719854464423 -0.0336255042079032 0.184903891136317 0.0594062587215875
-0.261076813698465 -0.17378843626462 0.0962038829333275 0.0972765146313666
-0.146702930765152 -0.308499772179879 0.00910183707901223 0.0803012330902958
0.168790526831723 -0.40587073146593 0.0183575947670132 -0.0356947063548487
0.41366346745864 -0.176999103794433 0.129665283372671 -0.0314424332371778
0.379118091040696 0.181976098214301 0.288242494952154 0.144527882787112
0.245892484379352 0.402201842772837 0.259675341506407 0.374351534125253
0.327399478665212 0.485796259640984 0.0738222712453432 -0.0788047357383161
0.469494633292566 0.265401062064123 0.01002464464326 -0.0882505244351907
0.519218887894471 -0.114236192584735 -0.114846318654616 -0.012129432441584
0.2879755517677 -0.424845938661319 -0.120469563465062 0.0520805501569715
-0.106857482199844 -0.39616986316102 -0.0104262833532085 0.137129172729106
-0.257523878758593 -0.227312249485765 0.0384684180992468 0.108536939850262
-0.373132020787266 -0.119320000609736 0.0788840130996798 0.0838319816901567
-0.386468438662768 -0.0433141620598153 0.0604388664798101 0.0378922330393179
-0.394022465969947 -0.0568020839497266 0.0593637177249064 0.0370743529737348
-0.298987725518863 -0.211091599027608 -0.00843956531368417 0.0458545215434112
-0.170764457258738 -0.356776069120916 -0.0470947280811782 0.00980572213320952
0.183105211436501 -0.480198667102568 -0.00592630797168902 -0.091887658810451
0.47765543914773 -0.236272442713528 0.111932288371937 -0.0683708281561364
0.472901210998236 0.189235056692437 0.233487945776139 0.0841825320332161
0.332956918043136 0.477100212465987 0.203978376529569 0.218710512340046
0.374289412273762 0.487198637299366 -0.0126525253445134 -0.251835964592816
0.51405369820287 0.257644444683183 -0.0899957594411381 -0.163427904315231
0.547943154710209 -0.133776736955033 -0.134456106864843 -0.0189694855440896
0.300992019295473 -0.447440013196553 -0.113826415686066 0.0107677620541046
-0.0992867395319832 -0.41476819099096 -0.0367519844986453 0.0470736695259039
-0.255520526306991 -0.24957036217428 -0.0557395887005133 0.0188733424554474
-0.370807789454586 -0.146785611047582 -0.0558362998319245 0.03958610186259
-0.383129184138477 -0.0635178778626096 -0.0741017622477211 0.0263930689523379
-0.387554864482485 -0.074541604553556 -0.0738647554200756 0.01418761806645
-0.286254592866965 -0.219199982985022 -0.114521638485734 -0.00799481273112926
-0.158236858971489 -0.347750945204128 -0.101104920417418 -0.0625990395384892
0.177008005606517 -0.463508567974259 -0.0270574457783924 -0.138066232460983
0.463891211846294 -0.238513986874584 0.0870591039529121 -0.0908951415878081
0.472723032064892 0.177276553009863 0.147399149576295 0.0322437322687022
0.359016011856757 0.477925239873571 0.115552831866491 0.0541712246849007
0.366402098694564 0.410151660446294 -0.104044319000342 -0.408929239058204
0.469011324893509 0.202849804965297 -0.188485565331658 -0.229522864201462
0.472017314088591 -0.127487790137374 -0.141109710421588 -0.0281380246447343
0.254138674540613 -0.382411417311537 -0.0948960483424959 -0.0342183576859113
-0.076226003442211 -0.353931231905151 -0.0618125902501974 -0.0497279902285338
-0.210919750865519 -0.224862647510247 -0.143154664556443 -0.0733641975675194
-0.311737855293901 -0.149030678766854 -0.182223290795729 -0.00985818302480003
-0.321696860818567 -0.0745498851261478 -0.197598628310446 0.0107561618613815
-0.319823658145024 -0.0864643311971549 -0.194269098779225 -0.0100566132957636
-0.223837131410467 -0.200791370414919 -0.199913646168076 -0.0615828850711043
-0.106248858515588 -0.286709919466635 -0.134920766032042 -0.128456957733382
0.162060796907698 -0.361478242599485 -0.0310546482522828 -0.1654635842561
0.378135709096522 -0.178498995885656 0.0683208628897998 -0.0934597153743782
0.385551778149086 0.151161700682184 0.0553368655435482 -0.00246694474294426
0.317859306237469 0.408690925982462 0.0156048214809814 -0.0922198008907432
0.29993734988116 0.266193054005521 -0.184129731333243 -0.520578233199897
0.33437125374904 0.108700847523572 -0.266885227713947 -0.27079644840649
0.30736679542198 -0.0962181303606308 -0.137082070125295 -0.0349025242469394
0.160006161502162 -0.24321704707846 -0.0688741466550286 -0.0666634968511629
-0.0392557175958131 -0.2260206868843 -0.0792438432939838 -0.129831381023746
-0.129933026572438 -0.160468504304028 -0.20840410530345 -0.148217752852956
-0.20167010051647 -0.126591017104384 -0.282309061673306 -0.0554828661808007
-0.211822009663913 -0.0746835598570478 -0.290926814010095 -0.00561292697096591
-0.206617037523709 -0.0880537277626439 -0.282558737113454 -0.0351280120460911
-0.129366471859215 -0.157966546740395 -0.248631273734221 -0.109469472354095
-0.0368426979688661 -0.190436900981351 -0.137315842437859 -0.179195182912919
0.128838950975639 -0.209159163320133 -0.0144190171439572 -0.170633896113889
0.242235413918888 -0.0893826402908048 0.0605517898905063 -0.0799155714670251
0.243110159623348 0.109532566743213 -0.0215278823069218 -0.0233867232588796
0.230172345180316 0.279613411835717 -0.0733117920446516 -0.204376739993114
0.183184473864302 0.0786614874824161 -0.242663981940392 -0.564100951486754
0.148880842942896 -0.000936507773310016 -0.318390589024583 -0.278168138752013
0.0962501715067364 -0.0510909739043798 -0.129632698415309 -0.0309771048696065
0.0437958191589487 -0.0699396645607295 -0.0434207581603717 -0.0753596850880919
0.00506654776772757 -0.0661828685250973 -0.0845240494067235 -0.175948006840065
-0.0259413470083281 -0.0720388983975644 -0.239208800185077 -0.192255996002523
-0.0575060376307798 -0.0849237717843367 -0.338093552930288 -0.0886192231220382
-0.0686348539516163 -0.0642785938044024 -0.341263378185303 -0.0208816532281294
-0.0649501833429444 -0.0758006264097929 -0.327616545484537 -0.0606580360645801
-0.0233991257307954 -0.0916871781189071 -0.255126857828698 -0.149560014215032
0.0250557539253936 -0.0740116691078561 -0.110391093084807 -0.211137574003245
0.0699682265789839 -0.0492590170055124 0.0150970402852096 -0.15571961837489
0.0843294544584374 -0.00909938090455293 0.059115218318407 -0.0583388057879458
0.0858890382365385 0.0452843243490119 -0.0748413987967954 -0.0355828036265857
0.118481985135843 0.114361616753067 -0.139034562649404 -0.271344761335365
-0.00261583558153919 0.118811863973987 0.228717368564136 0.275871436990679
0.0714200197905562 0.0632312365829703 0.168016902863113 0.0474522489732753
0.097300630274557 -0.0354841647757044 -0.0642504304645149 0.00647843148059153
0.0272506010865422 -0.103769957735554 -0.070141108164497 0.134004225485693
-0.0679485707333979 -0.0592438014204245 0.0687646201411958 0.24041331187015
-0.0742703596684448 0.00269795139647286 0.240938514164697 0.216911782956184
-0.0891952791268393 0.040029568318084 0.340692716006042 0.105208900499292
-0.0868298782472849 0.0402324704746 0.344537758481635 0.0346359968083616
-0.0910821101800458 0.0338821266375104 0.339016427410963 0.0816730831778107
-0.0846371653359952 -0.0158518576356011 0.241795626224981 0.162651817945635
-0.0586214405705866 -0.079688635766132 0.0898442215536199 0.178286659350701
0.0418331029695611 -0.111784006902686 0.0426546749965737 0.0717999951489487
0.101221467364286 -0.0211611265721725 0.118867175559635 0.0471677326357715
0.0410709992391377 0.0565888808724239 0.273785331068809 0.233152903324915
-0.0170299865768775 0.065080098447613 0.234110329636427 0.562957207930752
0.126658889403123 0.280400837901384 0.197380361915995 0.204984175841266
0.22399359384744 0.149589975626358 0.143643710729991 0.0246437553904564
0.264098683450801 -0.0623117253686504 -0.076532725789855 -0.00347175521258968
0.130897209912999 -0.233362658909577 -0.0992785610884777 0.110341516922473
-0.0914187815900029 -0.194290432274923 0.0406050476307887 0.234053375646012
-0.160858103631023 -0.0862598469089285 0.195781960045116 0.214429292231812
-0.224157709143324 -0.0131727197084758 0.293287377360459 0.11778644900821
-0.229102015307398 0.0149907128757106 0.28753257344736 0.0417493829002871
-0.234949167405973 -0.00137576096417066 0.283989363782268 0.0730636673458198
-0.18593573176802 -0.107258999359906 0.185053131801924 0.139101146558511
-0.105208781659461 -0.212432768303504 0.0573673797591398 0.139774590865793
0.122793383510717 -0.276612495747517 0.0337748514850847 0.0215634156380625
0.281499182007256 -0.0956754244708329 0.132556863301996 0.0120357677234641
0.224149000272194 0.140874023632913 0.303254255907741 0.202105179830116
0.121806757209122 0.259178495732342 0.271255208280394 0.500831145930552
0.239410042434772 0.412400066985564 0.145481423706951 0.0840332920954349
0.36324138612445 0.225914627013802 0.0913791641966455 -0.0209780221896488
0.414462810849343 -0.0868061025229435 -0.0936370550002055 -0.0091030861141646
0.228242918401696 -0.348890928708522 -0.117823315752472 0.0851049054849916
-0.102993584447073 -0.315484661555287 0.0155258279605096 0.199584131642475
-0.225383362401345 -0.170155951190903 0.126542842140389 0.177711363314209
-0.325194658886976 -0.0693611626853065 0.202083737745245 0.109836070079301
-0.33737238120927 -0.0124952715545484 0.18765745010857 0.043329628146002
-0.343274464327897 -0.0315051310178183 0.184971556946613 0.0562499818746942
-0.265599328008241 -0.174831000121944 0.0977619457129781 0.0973513263715057
-0.15023360258032 -0.310431700916914 0.0104866282618833 0.0805215853621882
0.168835166852084 -0.413789908863635 0.0170311779757095 -0.036707090092626
0.417235379909055 -0.179575408714648 0.130884061707847 -0.0302851932349164
0.382699981418638 0.184708221271532 0.292525567595352 0.147195463690761
0.249660120559453 0.405666924749621 0.261718577100933 0.37802234274627
0.32721173760058 0.489359473711147 0.0739426032548578 -0.0763154413487402
0.474266692937982 0.267086658107112 0.00940199932619965 -0.0871988166531732
0.524232306798814 -0.115648466816523 -0.116361974920541 -0.0134072815307826
0.292125189194983 -0.4361878718141 -0.12428533924098 0.0537732753297887
-0.108475707332921 -0.399865241770923 -0.00821890947467402 0.135418324177976
-0.262224002078222 -0.230564341387084 0.0397577120438042 0.109799632834929
-0.380975932741537 -0.116077706158115 0.0799570662990201 0.0813580571664898
-0.393076060483798 -0.0377436894189639 0.0600573375979653 0.0379862631656853
-0.397915111660688 -0.0544889605464328 0.0585816038567542 0.0351572175875129
-0.304473010044601 -0.212431068782345 -0.0086082077936605 0.0465261171893707
-0.175029139419691 -0.359694272466998 -0.0468319002673484 0.00958508179497712
0.181578188233991 -0.490369501863518 -0.00738026750835588 -0.0936523110257888
0.482286008946794 -0.240888027163043 0.11276314699125 -0.0679909063985036
0.478299852561158 0.191614999650544 0.236443212637004 0.0859505330900122
0.338318923267969 0.482202047994673 0.205140815160674 0.219364183912519
0.375521404692013 0.491420012560531 -0.0133990816918415 -0.251603185183479
0.521273789070926 0.2622198835945 -0.09161032390237 -0.163756472594957
0.555616772828012 -0.134168778652012 -0.136188024021789 -0.0208899366342967
0.30512048142772 -0.458660832329992 -0.117806755032391 0.0123600574974783
-0.102052172388458 -0.419713630483757 -0.0354266755932242 0.0455631131451732
-0.260134824808517 -0.251783055874543 -0.0567775770851552 0.0206620595639646
-0.378509447132592 -0.143563083409614 -0.0560389875150773 0.0375777123508595
-0.390384585098317 -0.0591063538812208 -0.076295290069857 0.0273037834424852
-0.390012600380742 -0.0718658040221457 -0.0759127756428886 0.0131253105837818
-0.292065216646421 -0.220771297392695 -0.116042428148822 -0.00616595682563942
-0.161439527271802 -0.350864088505943 -0.102114520182472 -0.0636206128995335
0.177143267347006 -0.473121813111859 -0.028859856133407 -0.140142328662187
0.468815713578337 -0.242624244713255 0.0872105535335743 -0.0915858039546641
0.478785164781048 0.177139684456905 0.149015096316629 0.0330436719045269
0.364083985244118 0.482887759299422 0.11570876561776 0.0522652898896737
0.368178230320067 0.415209923954878 -0.105058865565591 -0.411954763182926
0.474009369683279 0.205612168367771 -0.191475646365625 -0.231394874176549
0.480523605705808 -0.129561808364238 -0.143927328414763 -0.030457767085874
0.258420889083119 -0.39269133915403 -0.0987450710188083 -0.0324041204376309
-0.0775664923393685 -0.358254786913106 -0.0617526836387689 -0.0516428858751928
-0.214791992578967 -0.226804005901892 -0.147201113869154 -0.0715757831181286
-0.318767173371336 -0.146806551530765 -0.184387662781884 -0.0109622962485184
-0.32829984142811 -0.0709168468318995 -0.20056157357697 0.0117159859715066
-0.323613507163645 -0.0834504368602659 -0.196117782576524 -0.00927175615057164
-0.229557298552599 -0.201886040799004 -0.202246765688476 -0.0586448859554801
-0.107892830363254 -0.290619335071638 -0.137051019248774 -0.129786638370166
0.160396572085012 -0.368638587138025 -0.0325728508391704 -0.168227681765589
0.381141588972483 -0.182288227402727 0.0675163407926179 -0.0950106193365203
0.390329063416053 0.151131965914118 0.055931635226212 -0.00245346780509119
0.32365830963122 0.410279895763239 0.0143978986269346 -0.0957175789208792
0.302561484394264 0.269121378830488 -0.185934528658043 -0.525228563435646
0.340678891180167 0.111157944747148 -0.271487864390181 -0.274030823643141
0.313211142950939 -0.097255857765892 -0.139205212865903 -0.0363069860126726
0.162559195639911 -0.250354172745155 -0.0712428091424739 -0.0655388830506514
-0.0403673961956741 -0.228962581491629 -0.08026225303822 -0.131557710581785
-0.131582452124168 -0.161729537505884 -0.214173902785441 -0.146342975254412
-0.207057626659022 -0.124884846680723 -0.285969257537034 -0.0555560123320678
-0.21678677757403 -0.0730729515446654 -0.293794208791783 -0.00424944342513182
-0.209344698417447 -0.086375046816845 -0.284495599203807 -0.0340778482870621
-0.133071792495488 -0.158573645708107 -0.251279837662979 -0.107096630669412
-0.0383451488546658 -0.193412090337164 -0.139292987702229 -0.180855215057469
0.127352178267769 -0.214161130762025 -0.0153387588554647 -0.172690263526535
0.245193977486963 -0.0922160506849779 0.0597707143718106 -0.0818588574466263
0.246181991989583 0.109187564694983 -0.0216321184173234 -0.023656857283627
0.235559940733873 0.281668780215448 -0.0755514189138851 -0.209247185887068
0.185024469394332 0.0809851057194251 -0.244679486469708 -0.571045027235858
0.15228029703326 0.000853512442714508 -0.322562550131807 -0.281907374249262
0.0994277164027946 -0.0515982012242802 -0.132203173797168 -0.0319075832310336
0.0445624535910466 -0.0729185695430236 -0.0447405473880231 -0.0742463562966817
0.00502131301435811 -0.0670251284192497 -0.0869181770432991 -0.177369905422807
-0.0266559665936245 -0.0717539261097817 -0.245557765367918 -0.190489387795164
-0.0609668946132767 -0.0846766898693647 -0.341900434633597 -0.0867324142712774
-0.0710852290089496 -0.0644028035595586 -0.344461160049713 -0.020478119349438
-0.0668430137065856 -0.0751750877571942 -0.32948187768423 -0.0581090875102107
-0.0257046145478188 -0.092581293345576 -0.258354686391659 -0.146889670430751
0.0244833322200605 -0.0756896814850869 -0.11267941365385 -0.212773140982324
0.0696476545269644 -0.0515746300829981 0.0152121452207401 -0.1574288941669
0.0859087806180598 -0.0108177369772224 0.0579406980091409 -0.0604745448552426
0.0885129768564229 0.0444902617354161 -0.0759269219997403 -0.0359011399333934
0.121707204635732 0.115226900807487 -0.142162432384652 -0.276308727286603
-0.00197311068185988 0.121979409104866 0.238791026784351 0.285549240025889
0.0718089076097706 0.0644835274771883 0.176181712405986 0.0485820246814838
0.0992883406576343 -0.0367131991604803 -0.0659876486003551 0.00729496694218839
0.0284098686623491 -0.10782148642183 -0.071516218376543 0.137881921952722
-0.070547765677741 -0.060706866263254 0.0746953035782225 0.24645752086941
-0.0772626291600592 0.00230860895007563 0.255358553000253 0.218668445113662
-0.0909745740338853 0.04311242618905 0.354692497831244 0.10236088509592
-0.0896027395906398 0.0442262272736283 0.356364567695814 0.0310845794970434
-0.0930945594612675 0.0357492619851249 0.351360919265433 0.077998881283812
-0.0873447117755595 -0.0153768786315799 0.252559450046164 0.163438744950794
-0.0619481946786158 -0.0812158917136747 0.0962448496712763 0.184009407972751
0.0423354855429447 -0.115718811127735 0.0449248711457592 0.0745304467385024
0.103668632752248 -0.0225672346519027 0.124937900221648 0.0499533554920693
0.041784027424391 0.0597594632640069 0.286153728424014 0.240331961537499
-0.0175716977522029 0.0666344588661272 0.246721235595101 0.584642838185718
0.132021599928105 0.288321811665254 0.205394265147226 0.214746695740201
0.23078010707958 0.15283868874668 0.150168942823984 0.0254477276068969
0.271740958654987 -0.0665073255910702 -0.0793210521407137 -0.00364081345910457
0.134856490008412 -0.245242351682251 -0.102785716034438 0.114834777722301
-0.0962737363912307 -0.199786918898557 0.046259342380589 0.239610660605026
-0.168550526434205 -0.089282523217857 0.207426101881288 0.217553659131858
-0.232051866160858 -0.0090528238145395 0.305069194703688 0.114517536829247
-0.238923084575982 0.0215070489218156 0.297581016258855 0.0399460268219813
-0.243109050378497 0.00162460237151182 0.294209936209185 0.0696468780980144
-0.194533256350421 -0.109749653155928 0.193606059480638 0.139927046200291
-0.111986245492655 -0.219142992712979 0.0619618306850837 0.144348725394435
0.124860780104446 -0.288868609106543 0.0345845391687067 0.0222811924856049
0.291030690167601 -0.10224456024792 0.13847064161288 0.0136224269153302
0.233243536870581 0.145501887259908 0.317257722650405 0.208197261545298
0.12852660291148 0.267810565607107 0.282414735732339 0.518660711788413
0.249773408593903 0.424712541340419 0.150756116368083 0.0902187177903627
0.376687880464997 0.230526552152105 0.0949631777394894 -0.020282634476802
0.428617777495455 -0.0935555939162301 -0.0975395202567552 -0.00917036450174695
0.234065340972071 -0.3685158926222 -0.12339246541612 0.0892887168283306
-0.109953245831663 -0.325919020241524 0.0198762589220985 0.203807486371522
-0.237193788763452 -0.175139459778099 0.135072332941291 0.181849384894862
-0.339636391184355 -0.0653781881618136 0.210337534730401 0.107186799443597
-0.351708078899531 -0.00513010795384086 0.194046443005783 0.0435660826536837
-0.35542591521922 -0.027899184219636 0.190891716761407 0.0537835741714859
-0.279068219669953 -0.178663503970029 0.10300652602802 0.0987361117655192
-0.159271952327559 -0.321781894504725 0.0125767920360876 0.0829253930806159
0.169325652944754 -0.433850514991157 0.0160121848808764 -0.0382770560221236
0.430992775180581 -0.191603952280864 0.135970769776024 -0.0300653747930526
0.399205787972544 0.189194086462923 0.305536580570559 0.152017237286514
0.262422754827413 0.418853336286382 0.273999533413007 0.390544075600226
0.341677561824377 0.503822751313816 0.0750416982038692 -0.0747493753293227
0.492668810391337 0.274205477992199 0.00933045093666996 -0.0878479186015288
0.544924990912434 -0.125942214056444 -0.121457710208381 -0.0138055789343579
0.299263726260007 -0.461337230108508 -0.130967008321103 0.0587732836063167
-0.116807807176422 -0.414318476394798 -0.00635509044945911 0.137945413920882
-0.276734629972131 -0.237917367025349 0.0432843033560469 0.114294406456219
-0.398623902238808 -0.11228939673144 0.0828371518194528 0.0791953452385449
-0.41138199398667 -0.0299525716914348 0.0613233759393794 0.0396700362023247
-0.411918187747701 -0.0506565319565199 0.0591804446989518 0.0337337969032779
-0.320926600768334 -0.217430714764216 -0.00868478123444202 0.0490699257931287
-0.185276280473727 -0.373748797321923 -0.0482287373685924 0.0092265524938896
0.181812637994555 -0.513724040353401 -0.0101865835115218 -0.0979139174527023
0.500273508855421 -0.255496378371049 0.116012039108169 -0.0698771180575714
0.497567749777216 0.196086479058276 0.247377727449695 0.0887888720840254
0.354785830592977 0.497624672895252 0.213955575561993 0.224813439192902
0.389194286527391 0.507803549033126 -0.0155459677108096 -0.257120102797202
0.542667422617914 0.269516977905199 -0.0969499351316914 -0.167252560071533
0.577808357580264 -0.144702241036877 -0.142532383089629 -0.0218562163171487
0.311799290516067 -0.486683455163619 -0.124766520114659 0.0170662916008951
-0.109641274736959 -0.435050046996921 -0.0357850555737864 0.0454892527254341
-0.274178997821867 -0.260286287390167 -0.0589905797627608 0.0238052606996792
-0.397949740006215 -0.141730872022008 -0.0587155633877228 0.0364722452019712
-0.408605572146442 -0.0523902301666961 -0.0798248696992306 0.0301820257559926
-0.404464346397091 -0.0680636302893754 -0.0801262281811449 0.0134924028312361
-0.307758477042081 -0.226398068573243 -0.120527124899398 -0.00385727324701133
-0.170752202801526 -0.363859450597733 -0.106797308845344 -0.0661586561687124
0.176260127706397 -0.496283030843172 -0.0326646444526264 -0.146771768540198
0.484362513112412 -0.257235000629989 0.0885695321444022 -0.0942604596004955
0.496473326748651 0.180486589591349 0.155799282128711 0.0345095480936987
0.383590184790685 0.4961666385453 0.118607183159954 0.0513244108385142
0.382640476531331 0.428826624360099 -0.111168043088451 -0.423925801630024
0.496342633385713 0.210069393757781 -0.202665064075668 -0.236621949177475
0.500171974500037 -0.138584252380389 -0.151173297538586 -0.0313879026244216
0.263969852762497 -0.417038185362329 -0.104753595421751 -0.0298228984478677
-0.0845870134416421 -0.371413749534188 -0.0646775879594713 -0.0543493565770205
-0.226237750306513 -0.234090720410055 -0.15553710487065 -0.0699153663044789
-0.336010621119023 -0.145344371695475 -0.192588265565137 -0.0106671030913085
-0.344234724473057 -0.0661325996392341 -0.208327554765688 0.015130517984227
-0.335886931327986 -0.0815950371252609 -0.204316579579799 -0.00780260880674976
-0.242453210385438 -0.20703275555653 -0.210197475972188 -0.0564808142113671
-0.115841499238061 -0.301198721724661 -0.143235277690384 -0.13354221310025
0.161030651405841 -0.387733989305296 -0.0363823857144168 -0.175016177695291
0.394279994279206 -0.194259315851611 0.0680468529600287 -0.0985506534119128
0.405560928598092 0.152886141484966 0.058645369118265 -0.00258729993422862
0.340445730099576 0.422729114321198 0.0129588375013924 -0.10231893872768
0.314305175692162 0.279092383151778 -0.194818784803212 -0.542919240673886
0.35682435693443 0.11394221193081 -0.285172275189311 -0.281145058323695
0.327423855214258 -0.104253997723433 -0.146457602994767 -0.0372449351219539
0.166976478090626 -0.265988598923723 -0.0763330769331174 -0.064819236529832
-0.0437234937239431 -0.237735175745129 -0.0851358597145178 -0.13647433212431
-0.138932593468733 -0.166363070902405 -0.226712089604606 -0.146730171857903
-0.219305188613073 -0.125022575812218 -0.297616937925758 -0.0540472880203802
-0.228298255388598 -0.0705311840341205 -0.305358798677551 -0.000476763342253579
-0.218227674729346 -0.0858939968287892 -0.295091270720189 -0.0313807958399092
-0.142025901416768 -0.163090595347845 -0.261504757990586 -0.105348740089819
-0.0419564089840767 -0.200876700361796 -0.145910369676797 -0.186397297968839
0.128259457733418 -0.225561301802802 -0.0179867498995265 -0.180253632868187
0.253592966169682 -0.0989549563964403 0.0594817075121076 -0.0851168941522162
0.257262171405961 0.109966761206534 -0.0220619708480763 -0.0239251496535643
0.248225878395823 0.289622318185786 -0.081119791922891 -0.219594344305757
0.192308334216144 0.0843355163998326 -0.25477461422587 -0.592163213186387
0.159989858787799 0.000690691699374076 -0.33913483700251 -0.290792813214413
0.105394497304773 -0.0547975836255728 -0.138662737284437 -0.0326433699717365
0.0452725956017233 -0.0781448541031701 -0.0473804647506353 -0.0747032317142683
0.00460131912924161 -0.069814542359665 -0.0931586393953892 -0.182431025810215
-0.0277669709352761 -0.0740047507443014 -0.260377041139839 -0.191917586116663
-0.066407111180723 -0.085774153717075 -0.356298771796761 -0.0843388611853745
-0.0762502570176399 -0.0650783985440291 -0.357126053401714 -0.0170633030327437
-0.0708235736673939 -0.0759609301795326 -0.340472391178355 -0.0558311025279453
-0.029044104187666 -0.0955584606016221 -0.268510950540648 -0.146318007646618
0.0241815001521957 -0.0799544149893694 -0.119211059503159 -0.218863963600299
0.0702625679060558 -0.0559061154187885 0.0142460772601591 -0.163515737907051
0.0896197536071387 -0.0136150759564443 0.0576295598426796 -0.0638317857080816
0.0934042250018163 0.0440056411138728 -0.0789973244053904 -0.0366686292739073
0.129327277589997 0.118275601722799 -0.150808733054462 -0.287688983829274
0.0184798303951778 0.12108629071627 0.258578347759872 0.284069380335325
0.081581398869395 0.0549598487461302 0.183815599460619 0.0402398936593438
0.0956327894856935 -0.0492904103416776 -0.0659280547360299 0.0226654207672025
0.0159082373799266 -0.112691062730289 -0.0547701727244579 0.152413912431133
-0.0742323779152058 -0.051874289892991 0.105510210558482 0.242615725666511
-0.0741600733547792 0.00771020319347339 0.28672818130069 0.196938432900561
-0.0847391106483853 0.0565818276957286 0.380086651255192 0.0603368167390608
-0.0857034317733656 0.0535442930423687 0.373188271152198 -0.00421973162325447
-0.0911228406133932 0.0484227287187151 0.37937128446693 0.0466104381536285
-0.0940460058067523 -0.00462761641789243 0.287927565246838 0.148656092675581
-0.0754049169282832 -0.0749572640302468 0.123236498568787 0.1886457277982
0.0277482701612654 -0.124913880427431 0.0558711071674919 0.0808366153719005
0.102817200206656 -0.0321838220569683 0.135103321947563 0.0454231855971094
0.0428364599723226 0.0637267578220716 0.329465127376301 0.228696906453779
-0.0216645572318205 0.0754974899735641 0.308017428264373 0.603121151687236
0.174490329019771 0.273545453411399 0.20627792142193 0.221023875368112
0.25392674583067 0.12530486237501 0.148318809575195 0.0291003572058278
0.268870901182974 -0.102699758911755 -0.0791527417496417 0.0275240721380742
0.104528308406528 -0.269675024639829 -0.0803476775956107 0.144196648077107
-0.117478234192908 -0.191284567092033 0.0840229775192106 0.235052133269808
-0.178255642871605 -0.0763795253240864 0.242196403593675 0.195889057801186
-0.2398839640902 0.0228944550938025 0.339585105171111 0.0727405867930824
-0.242567890982877 0.046412995097193 0.31125464181261 0.00873557532135234
-0.249997212667884 0.0321901460902888 0.317381914209127 0.0433613672493077
-0.217295911872745 -0.0898193914543626 0.22519664961107 0.130523282575512
-0.142079371332651 -0.213143096483538 0.085924204866911 0.150912530358418
0.0932019895128241 -0.316188927756938 0.0398746473638117 0.0329622776542881
0.290938306171584 -0.136220267161456 0.138530501791169 0.0120377217421519
0.255560044709789 0.136200213639308 0.353505622947473 0.180383740179043
0.154349389471061 0.27792579681567 0.341611375800142 0.511397798888868
0.310329680826213 0.400101631080905 0.129910129860975 0.103867213544017
0.411653988860163 0.187439461227813 0.081874282164056 -0.00464952372187077
0.42833166248151 -0.152249705938886 -0.0983708344047007 0.0376822099732414
0.189180262216042 -0.410996655943551 -0.0953877425082117 0.132071097022861
-0.147459277175776 -0.319740919704796 0.0625215656637477 0.198845943465302
-0.260302230631689 -0.157327567952025 0.168309594667103 0.164440386956277
-0.361319381652384 -0.0196979462116649 0.248296296847733 0.0715318691361801
-0.363522324258702 0.0315738306366882 0.203018177346896 0.0206722091040535
-0.370127950974813 0.0158225833039803 0.205699824204037 0.0368560698707201
-0.312976985986809 -0.153054538671323 0.126572683570293 0.0958020132420357
-0.202068444237857 -0.313956406980056 0.0298482690039382 0.0897025951880692
0.122809498815451 -0.473826575549095 0.0152802324375832 -0.0249685727843735
0.429027099054784 -0.245389618963691 0.126532264763606 -0.0284323985791916
0.437315833789188 0.166254826164086 0.328468960301868 0.113921996557009
0.315872105772622 0.427786252249533 0.319347032926877 0.362366938597493
0.4098095808084 0.470029404211359 0.0344560122102285 -0.0569795282406439
0.535842697076385 0.219789433289667 -0.0160372055962818 -0.0607800360879145
0.543807343473821 -0.199492665934194 -0.12217525177735 0.0454378788437343
0.243140351769199 -0.516867762473911 -0.100064507588635 0.108524231844277
-0.166726875423059 -0.410353496387977 0.0351920470237999 0.131989707751027
-0.309342814280908 -0.217627873474868 0.0691853692967248 0.101455016305746
-0.430309241089906 -0.0611173024858584 0.119076314372876 0.0545233043217029
-0.427779726509052 0.0118278958751835 0.0639589277568969 0.0300642010877505
-0.431170350833904 -0.00135422864043481 0.064157503008905 0.0287830371668235
-0.359854201274525 -0.189182821970867 0.00423790454403975 0.0542560255616135
-0.233613048848479 -0.364160738868536 -0.0408917021445632 0.0170128315429057
0.127725114545546 -0.55974912580222 -0.0178134115004228 -0.0848957636818876
0.494431351539341 -0.319615628454681 0.0982655569988925 -0.0657518067819746
0.543365440208166 0.161706057275961 0.254831254079509 0.0472794009299128
0.423705715461594 0.503016366183326 0.241503587623985 0.182140587702132
0.457039049216365 0.468017735693344 -0.0731857397811594 -0.238090750601179
0.585604193019664 0.209718129967366 -0.133617942496382 -0.130908030763722
0.577051297498035 -0.224474449069462 -0.14435154708155 0.0427325708672714
0.253575946688743 -0.545872628343484 -0.0948471904520115 0.0668759562736542
-0.163245817610663 -0.434202327984779 -0.00260861557647669 0.039632064678524
-0.311724311166335 -0.240045169079024 -0.0452480254167621 0.0187194270011492
-0.435650626982492 -0.0906991364367535 -0.0309383780408391 0.0262960541959477
-0.427989840540568 -0.0101025464936723 -0.0841442814075924 0.0337584551831653
-0.425802158844789 -0.0201012643153612 -0.0854232043827188 0.0215139877233557
-0.347241609358432 -0.19967185852024 -0.120939943988152 0.00963222423600435
-0.216863613884304 -0.357964057155902 -0.111549751073778 -0.057986456712802
0.123944223673388 -0.539277570985035 -0.0465270129670511 -0.135629451348272
0.479032370202325 -0.322092753332081 0.0673624646606542 -0.0894621701682098
0.544192637125249 0.14509155045903 0.151633920273795 -0.0025942842418531
0.457091805134294 0.498150118320526 0.125738359872818 0.00199161757864344
0.436957389656602 0.389811252912364 -0.177845333761194 -0.40676962024781
0.529537268005214 0.157607159039338 -0.245980989038546 -0.199119059992968
0.498127902955998 -0.20762106981108 -0.15343349095774 0.0260698169952131
0.212744393729029 -0.468722261735438 -0.0817310570185298 0.0113855752743529
-0.13218342572333 -0.37184657987768 -0.046808008606987 -0.0589195478082693
-0.261443296466284 -0.216965925250776 -0.156184510735191 -0.0667691125847302
-0.372997404048523 -0.102377824511108 -0.177670688868994 -0.00482921815879286
-0.364155161056947 -0.030191317905143 -0.218338733859822 0.0316508266891427
-0.356101989388383 -0.0420502376067639 -0.218409704886525 0.0115133821549803
-0.276215448938501 -0.188174600121659 -0.222660780017002 -0.0372046975498857
-0.151617996770567 -0.299499254658837 -0.158468693318027 -0.127558192381039
0.121046868609422 -0.423583551466685 -0.0542633199041852 -0.16947656213573
0.390807148918711 -0.246526512730934 0.0473821022182709 -0.0962905002320595
0.444882644627932 0.122687184339215 0.0475493905987304 -0.0291095764200129
0.406758555235008 0.421399125355339 0.00141051745973586 -0.149266746454625
0.34568434213452 0.246061279089909 -0.262583658488106 -0.531021460560376
0.374398802239284 0.0775282373169943 -0.329150398256207 -0.247063735387173
0.324874038945617 -0.149456413386421 -0.150527968957483 0.00371513910567089
0.133861664227094 -0.299967464233054 -0.065665001851376 -0.0386053913081693
-0.0756389848376518 -0.240069680655598 -0.0850745901655881 -0.138187477095792
-0.165090730991365 -0.156078198288971 -0.241619407869862 -0.135003796147934
-0.25058526955192 -0.0972395407866653 -0.29743409738919 -0.0317473503947211
-0.24549205512545 -0.046511651506095 -0.319846942272323 0.0263677432364295
-0.235555668347799 -0.0611228372754659 -0.316134332521523 -0.00404244898801146
-0.165786197001445 -0.154364543758311 -0.283868387211256 -0.0846313128686314
-0.0630565270315375 -0.204816446026409 -0.170086406353234 -0.183046868543407
0.107281560225745 -0.250520586676557 -0.0365474851892014 -0.18224128034533
0.255434759572322 -0.132155495729262 0.0442085943599024 -0.0878680840273828
0.284293630109697 0.0901028181757835 -0.0353446273104827 -0.0380070405633987
0.297996184353796 0.285708458639005 -0.106984522474757 -0.255787435379796
0.19721082167215 0.0637654982779744 -0.312815934119517 -0.588575665089754
0.158926390201403 -0.0139589200639682 -0.378561353468647 -0.265809043923559
0.102325806435037 -0.0693463353629243 -0.143501084437779 -0.0115597884448352
0.0348217331691028 -0.0886287121236341 -0.0488276536014414 -0.066502653560684
-0.00691061296153102 -0.0735935354954921 -0.109192649387106 -0.180604294754365
-0.040892647455741 -0.071222154828376 -0.286288655959321 -0.173008916248748
-0.0855827781189779 -0.0776708811492238 -0.370048766329486 -0.0501995910325232
-0.0879774876094237 -0.0569559511691645 -0.373251930338385 0.0170967814866477
-0.0830406602940641 -0.0690498555909073 -0.36604081101031 -0.0248260893617269
-0.0408667879988705 -0.0970378982244916 -0.297860827798708 -0.128298997725863
0.018194692713325 -0.0870177571204712 -0.147016067053065 -0.220339715053079
0.0674595686503785 -0.0661957725531085 -0.00125503200503621 -0.173678136380159
0.0931175982100229 -0.0249990521889598 0.050803732164527 -0.0712432591450685
0.105422482545019 0.0355663762289615 -0.0910316274815994 -0.0375470809976065
0.155768773849818 0.112576947387912 -0.185911226243089 -0.309458957621952
0.0261265225566665 0.123038689086745 0.286710659687953 0.281063409715143
0.0854458750712109 0.0520499005739433 0.193749442116265 0.0296385404572755
0.0947537066298463 -0.056567513207664 -0.0673913955395792 0.0275702567655216
0.00905633707615132 -0.118125180572701 -0.0475917489778856 0.161103624802799
-0.0795608614457359 -0.0491251913871058 0.124945307549698 0.241109247102762
-0.0770523279670689 0.0119213184522678 0.310977437028947 0.180007513310145
-0.081884337353784 0.0641809327936465 0.395987078294398 0.0336274812362393
-0.0838741906877459 0.0623776512557961 0.384992783865677 -0.0294711175807058
-0.0904376646963143 0.0563838405391957 0.394706007134546 0.0195510741673398
-0.0967435586194296 0.00192584156780257 0.30758558494234 0.130343941359066
-0.0829377306870649 -0.0721210655781544 0.141296215782408 0.187010582310075
0.0204540095261149 -0.130580360052943 0.0632825321022894 0.0808241477192526
0.104007963697276 -0.0386159289506592 0.144195958930426 0.0389321786457452
0.0483518468759122 0.0645267092313544 0.355959557043977 0.215946433109613
-0.0181016531265494 0.0790215942482399 0.358790123381394 0.606419633111665
0.197254418443446 0.271343355469273 0.228147508990412 0.220670785479601
0.268422722034103 0.113947128697996 0.156649021044875 0.0211742793794
0.271322861017596 -0.12412965105285 -0.0815142676747194 0.0344780119269638
0.089996471314635 -0.289048171451326 -0.0751034285347306 0.154681094869226
-0.133071772674929 -0.190950923625238 0.101990593731694 0.234543035513993
-0.191474041557828 -0.0681229599010139 0.264627835642404 0.184135681024533
-0.245647441581553 0.0406161179071604 0.352494412347164 0.04943951241981
-0.247699303072911 0.0675747776677541 0.322171570556539 -0.0116999437708485
-0.256592170720495 0.0503088013685841 0.329201235972689 0.0213656025263109
-0.23150739011544 -0.0782931076354042 0.241476781642181 0.117739397996788
-0.161552704141085 -0.211106974220054 0.0997132496798995 0.150145952194081
0.0733293473799678 -0.335473261817177 0.0428914465243645 0.0317099275072696
0.292670609021128 -0.160441466255322 0.14568251839995 0.00460301231234066
0.274008489148035 0.126357355029966 0.378113903834463 0.164901214620388
0.178791077038752 0.278092512927892 0.387364492690823 0.510210830401512
0.345694694973186 0.392362820087904 0.141743556634186 0.10384003355022
0.437156277552223 0.168021290324605 0.0857688643975693 -0.00811068469976297
0.433491803420034 -0.186400806388326 -0.100701866330941 0.0456752173769929
0.167456413568854 -0.442784525037549 -0.0914336635291773 0.144032941033913
-0.173241144577653 -0.321724823782384 0.0771145845518257 0.198722574213325
-0.281995807998835 -0.147285759598792 0.186160249747608 0.157623277962906
-0.374729666712565 0.00691330203657572 0.257671157858689 0.0538379302427628
-0.373865514766801 0.0624760094397988 0.210479714318833 0.00838212757773584
-0.382596309562223 0.0422413556407535 0.2133734099651 0.0227609682278348
-0.335612857387683 -0.136902116682865 0.137553208361714 0.090222571380328
-0.231223224676725 -0.312478806446847 0.0370543262889144 0.0909247637616206
0.0935019864444742 -0.502895178982698 0.01276131989822 -0.0262514881455005
0.428902702318385 -0.283953624108987 0.13069404175513 -0.0354580429265049
0.464919516388498 0.144903432185667 0.349005698989566 0.0967945415517006
0.355715049366382 0.422969511009437 0.354017755109817 0.356425316733829
0.453972782331859 0.461524844322359 0.0331026884585235 -0.0573669311719756
0.568485627491006 0.19483281798492 -0.0197876079457173 -0.0594704857561225
0.552077510703227 -0.243844776364236 -0.12551798783995 0.0556587152968416
0.215874219537015 -0.558179569277083 -0.0966941884401747 0.121506403020714
-0.199714122636191 -0.414773743521827 0.0440873255278946 0.131091215090131
-0.337622398174464 -0.205760684661712 0.079561225320084 0.101537839097205
-0.450898273016015 -0.029677208799559 0.122576166738245 0.0455399408368827
-0.443677859565199 0.0479517981646821 0.0677000165518873 0.0272884243737732
-0.447827744156244 0.0298762902460722 0.0662228191489898 0.0250969428005717
-0.387833522478269 -0.171150149191197 0.00801042709094926 0.0557832176872618
-0.267005715359891 -0.364214563298062 -0.0419328122786301 0.0197953557030978
0.09011280169012 -0.591759300795736 -0.0253890905121829 -0.0861726058736358
0.492645400115265 -0.366612630484762 0.0994491324822732 -0.0722769092759147
0.574665914923476 0.134000791723397 0.269899312366839 0.032111687649697
0.475376310418481 0.492852618831959 0.260046595612807 0.172216486225176
0.502723113632502 0.457626666917274 -0.0890870267523373 -0.23927389013431
0.62039360394466 0.181276484672096 -0.146621214100059 -0.124943185493684
0.585604676299576 -0.272861901952486 -0.148283588400381 0.0547456115009974
0.224240456500884 -0.588821558013877 -0.0934748215968114 0.0781436507552966
-0.198225286936997 -0.438241776366793 -0.00144351426583684 0.0387554569983261
-0.341411358201044 -0.22968819634872 -0.0453624902494885 0.0255156968615338
-0.458922571750111 -0.0600744805843709 -0.0342238307666312 0.0275997229909319
-0.446857334696981 0.0250317637029462 -0.0847010853245856 0.0420147698981439
-0.443377163267458 0.00937095935864466 -0.0884012748759983 0.0283409412472397
-0.376200457345631 -0.182654743406201 -0.12348488792879 0.0185793534341004
-0.249174978471451 -0.358039994859291 -0.12031561638269 -0.0535642867154886
0.088276271105976 -0.571439520227469 -0.0588947915706047 -0.13719993576419
0.474634606719221 -0.36695308044836 0.0648379190284821 -0.0951479782568183
0.574980369024888 0.115757786579039 0.159431274601442 -0.0137045535499507
0.508846168193122 0.48448999151968 0.127861496577804 -0.007525316540733
0.476902786188294 0.378432958459984 -0.207490915489665 -0.409465318080623
0.561692414432941 0.132478888699545 -0.267339031247524 -0.189173773170889
0.507089642728023 -0.249950935484305 -0.159017645259456 0.0375441374591968
0.188038938608078 -0.506100663571225 -0.0839812569066488 0.0200893904562365
-0.161666269700926 -0.377829377350736 -0.0533281223053293 -0.0591220010261892
-0.287139032062064 -0.208533036297672 -0.166370425497526 -0.054516602774051
-0.395839285012627 -0.076507955062614 -0.187542603459275 0.00602888578523633
-0.381277792538949 -0.000865546280492357 -0.223524326769238 0.0487039262034923
-0.372368852825102 -0.0181930708153943 -0.225781720344858 0.0277288719105421
-0.300835011826451 -0.175056894742776 -0.232163549162198 -0.0224243623275035
-0.177454852482139 -0.301878001369704 -0.174468729637894 -0.122175934006637
0.0939348503984561 -0.45043571521996 -0.0691827422041102 -0.171672905228337
0.388856861445902 -0.283975400314916 0.0435335684082857 -0.100835795372445
0.469413737750282 0.0992386370607364 0.0494205334817403 -0.0335208073142175
0.452491037116079 0.408076662569735 -0.0111047973567987 -0.157375914915897
0.374666161708103 0.236038400181197 -0.303832254512135 -0.536031713277115
0.395730937349878 0.0571853076723514 -0.35763495792545 -0.234789361623341
0.330242291444764 -0.178346655839973 -0.156984907338392 0.0136909284238441
0.11701135691275 -0.324357068383689 -0.0691303009377686 -0.0335546691442656
-0.0944380983884574 -0.244812433775472 -0.0978369247285693 -0.137864459636144
-0.18319924405428 -0.150802424484513 -0.259427427936222 -0.118994601101858
-0.268132586011738 -0.0795380310686372 -0.311933288373736 -0.0131121538390101
-0.259114868769708 -0.0273686448115064 -0.328683608355943 0.0496304687664216
-0.248956717980997 -0.0458897147752217 -0.32708860385536 0.0185269669041688
-0.184862497666074 -0.147696874498495 -0.297417087312281 -0.0665047481016296
-0.080012374293839 -0.209100270683113 -0.188961763922065 -0.178494344137627
0.0913742421940813 -0.269240106649739 -0.0505310056796968 -0.186116083026216
0.255180144239203 -0.155766756401591 0.0399658571468963 -0.0924622404939474
0.300408889084998 0.0744086589704947 -0.0376442511723324 -0.0370279374522385
0.329983040416346 0.274543373669691 -0.130916144733741 -0.261262853777251
0.209030158250021 0.0550039223560758 -0.360692108451951 -0.592107556294297
0.166482634122406 -0.0234816473745869 -0.409607924062244 -0.250009351854142
0.103804611557871 -0.079819607085 -0.149616097108291 -0.00270631293976982
0.0295511470964352 -0.0959764696343178 -0.0532641966096715 -0.0638611108453511
-0.0121233987029565 -0.0759697314481063 -0.12478039276238 -0.178657546355955
-0.0470645269459786 -0.0718316208819429 -0.309186691707913 -0.156214427093793
-0.0958674170879771 -0.0725726511731461 -0.386836609840669 -0.0257806016185275
-0.0968228127425948 -0.0506955607804845 -0.385031535248609 0.0428164602766399
-0.0917291305572821 -0.065372859857861 -0.378547820166476 0.000256894011165797
-0.0513056151980296 -0.0968023080688262 -0.314572826085641 -0.109946553845666
0.012127537830088 -0.0926961137976206 -0.167931589923736 -0.219169574631723
0.0635667779200692 -0.0745715132257133 -0.0139092335122369 -0.179357009828053
0.0948478129875805 -0.0346573319812534 0.0465970850457032 -0.0755923892892282
0.112313010337414 0.0293854638374779 -0.0953784697060815 -0.0327966470439721
0.170420329941361 0.105265641338065 -0.215279428967404 -0.311661754704174
0.0342999142237425 0.120500850074872 0.308448422170844 0.265833056026341
0.0876237959882174 0.046626381462906 0.197453831835876 0.015719304646171
0.0903957269355186 -0.0633046510994038 -0.0671345165720229 0.0340316754642607
7.24151830991202E-05 -0.120422974095429 -0.0371284835821329 0.165548626937385
-0.0829475899560201 -0.04481461084004 0.14193265738694 0.231492802071837
-0.0770636652067977 0.0172656649315681 0.325863584499069 0.15395158491769
-0.0761053346392977 0.06960131084177 0.398176634593179 0.00283461603764812
-0.078383092185252 0.070151603847801 0.382771389806075 -0.058988246361231
-0.0862807315094046 0.0635592785819774 0.395719671890619 -0.0120220935784466
-0.0959513462101488 0.0090099549870072 0.317397858157459 0.106514079049866
-0.0886017181884372 -0.0656367922039164 0.157581164999568 0.17826417533038
0.0100090146328667 -0.13222963787561 0.0694570659042944 0.0771959893742112
0.101581527826246 -0.0452474478715182 0.148920759525591 0.0294289472787572
0.0533647507859732 0.0616393442367618 0.373098121492381 0.192148298309714
-0.0132015203650873 0.0804039094574227 0.403257389770925 0.585927979392315
0.21693502760925 0.257867450770502 0.246955256613072 0.209954812096763
0.274985345213617 0.0958972307463168 0.159799493983595 0.0109633683336025
0.263091810318589 -0.144907277106055 -0.080927533257787 0.042212316433564
0.0673676320900767 -0.299018532304838 -0.0655070162131681 0.161721233346824
-0.147276138718568 -0.182988931576126 0.118044024743827 0.2258437679856
-0.199119808650722 -0.0545340713189972 0.280037061026639 0.162432589049854
-0.242546350540852 0.0608568363017521 0.354645008318032 0.0215286296946867
-0.242850637898166 0.0899447252784025 0.322613747555803 -0.0356093463746069
-0.254051143971732 0.0710096083013654 0.32977929085513 -0.00530532699245198
-0.238422773361556 -0.0618158972545243 0.250702162148868 0.0988335770727166
-0.178821733172293 -0.200758136519499 0.112140486791611 0.144250513365012
0.0467519051216695 -0.34466216143536 0.0447104808330107 0.0301619685674379
0.283527555351563 -0.182897487844999 0.148673274394817 -0.00462298016221364
0.284944153122933 0.108230028115628 0.392672393289175 0.139387009515734
0.200642934375484 0.265548032131845 0.425048698696488 0.485653887353994
0.373917159403393 0.370864893686486 0.152080374139471 0.0991123677479171
0.448700730403411 0.13873117785272 0.0870150360651001 -0.0124345022815571
0.421469408164463 -0.219941010114948 -0.0991487772817371 0.0550333880190967
0.132846317649618 -0.460757768128558 -0.0820983295846221 0.152993873318462
-0.19690297780821 -0.312229041578084 0.0894014062930835 0.192095449365812
-0.296844185481212 -0.127087729123706 0.199795672025023 0.143584512769963
-0.375743459456058 0.0367057711813006 0.258840688424957 0.0332152049325312
-0.370415186044211 0.0967642936183894 0.21268468677033 -0.00636375044346291
-0.381452427079605 0.0724071953324446 0.213152033905626 0.00586314604757634
-0.349156138963479 -0.111387578480344 0.144625741477505 0.0794279463877631
-0.256136206840555 -0.298626510589542 0.0437184190910078 0.0888735896278993
0.0532958865404092 -0.515239032703564 0.00945726778278977 -0.0269393762306915
0.411958629691822 -0.31892153424147 0.131440543816955 -0.0437600925479273
0.478228565878442 0.115136013084869 0.360769491215053 0.0726556435748927
0.391367959608531 0.398957631563421 0.379601298886519 0.332083188944802
0.488024297436381 0.434463221250289 0.0312412283096045 -0.0565702351488176
0.584073513363491 0.15551423033925 -0.0220079601201904 -0.0562401039224562
0.538620349149403 -0.287249524650613 -0.12367807742084 0.0666988166987745
0.172454197171547 -0.582676049491534 -0.0889938253298345 0.131818010297843
-0.230837078068636 -0.403497423227441 0.0513003924242826 0.127266136941268
-0.357840615754705 -0.181925837718467 0.0886944969717606 0.0978187109359213
-0.455733847943037 0.00715336214190091 0.121249008028245 0.0356300759369689
-0.442573590102705 0.087443707501249 0.0704883606585021 0.0238428043854736
-0.447876289005182 0.0651801785050314 0.0658182437757471 0.0203786297015309
-0.404935676307491 -0.141684676977706 0.0125087559977736 0.0555421266470549
-0.296869038592663 -0.348306914137577 -0.0421673835525398 0.0233445949454719
0.0443770108286472 -0.606390374968965 -0.0344376367803282 -0.0837736902729967
0.468697376584253 -0.406449932564504 0.097637802390962 -0.0777377213442006
0.588888656117234 0.095601295509692 0.27632621706099 0.0125668594584981
0.515536064828425 0.459274594422797 0.271447039777786 0.153805378060276
0.53627913645878 0.425965891707014 -0.104708210224369 -0.232393680350094
0.638130742603948 0.13957130020414 -0.154306164030133 -0.113435063212248
0.571885095369048 -0.321014431324261 -0.146861487018684 0.0667375531351905
0.178829832359745 -0.615425566341074 -0.0882880483007852 0.0880661847859717
-0.23080744576358 -0.428810317055618 -0.00121598813001313 0.0377657700764483
-0.363892040575193 -0.206335199426633 -0.0427885966279484 0.0322509490310003
-0.466510183722532 -0.0212635742460778 -0.0373804349686783 0.0294014338223097
-0.448127606483137 0.0651253774143503 -0.0813956974896883 0.0492729050150339
-0.445194644446768 0.0446473784180927 -0.0881308192728029 0.0358883503088984
-0.393675920433658 -0.154762248397196 -0.12205822613635 0.0283307786415928
-0.278308851688283 -0.344271971898763 -0.126785448636573 -0.0447068641032371
0.0421518081919463 -0.586902364320646 -0.0714703401579688 -0.133122521936458
0.450723360877997 -0.408063934622098 0.060461196300164 -0.0982310644261089
0.585655175679529 0.0765456030877248 0.161012481909617 -0.0253782761660302
0.549969294656135 0.447979313585382 0.124835639570336 -0.018382564677702
0.506968211721774 0.350829708710993 -0.236503874171613 -0.397222660636453
0.5764840540705 0.0948835793493047 -0.28171977567376 -0.169268661293129
0.494486651970709 -0.291996172514519 -0.158311912759854 0.0501366660098409
0.148977311321439 -0.528492703871153 -0.0821820445469661 0.0286100927744595
-0.190016004099064 -0.369474497656079 -0.0600280583176597 -0.0562197068421461
-0.30732981488309 -0.188588703949763 -0.170216756279821 -0.0385156126735494
-0.404832782140895 -0.0429451737634307 -0.192126829679606 0.0199554792418131
-0.38431068240203 0.0336008805484519 -0.22129917062604 0.0667294379136419
-0.376439750138637 0.0110160883789679 -0.225444569715658 0.0457556415922641
-0.31792803761492 -0.151894840199671 -0.233120052016031 -0.00430491746195588
-0.20208294146397 -0.2926331695347 -0.186078184800948 -0.109665549791393
0.057076385592001 -0.46255736465188 -0.0839456272390867 -0.167445500089634
0.370296335109508 -0.317170616047795 0.0378897263593137 -0.102633585026301
0.480360547964569 0.0676565077301496 0.0495278157745131 -0.0385537674602992
0.487701691198084 0.375242969493485 -0.0258619865894781 -0.159387872492421
0.393526334176124 0.212375283665274 -0.341227840143331 -0.518761598169245
0.405524931652502 0.0314928329892296 -0.376751152204681 -0.208857977395972
0.32186889834483 -0.205806598210518 -0.157327581849846 0.02583586088022
0.0917180362140387 -0.33834395007711 -0.0711029050695307 -0.027029777513908
-0.112602415380458 -0.239981035896199 -0.109678700695548 -0.130983910778589
-0.196626407508663 -0.138324470729292 -0.26915417741126 -0.0961859750091231
-0.276770605867747 -0.0564756872588843 -0.316516230812028 0.0105527048959228
-0.263882728340002 -0.00349674822697793 -0.326359936809969 0.0754650602599502
-0.2551221083355 -0.0257852197005104 -0.325703438214787 0.0445202035265948
-0.198661570493664 -0.13342717553769 -0.301743888489339 -0.0431953263690954
-0.0968444061155102 -0.205830469327786 -0.205526869588059 -0.165721279275806
0.0695001798415063 -0.278802140169598 -0.0656721101798902 -0.182404659559424
0.24363332366842 -0.17822237112513 0.0346156667865334 -0.0937892613564525
0.307602544737717 0.0539882464975281 -0.0384546319354367 -0.03555893978335
0.353383656134298 0.249955372958218 -0.153167144511029 -0.255605521038926
0.214822339119993 0.0418946308286549 -0.402534194921331 -0.573369331221235
0.169334542031709 -0.0347384503040144 -0.429892365577652 -0.222726380056206
0.100636456982686 -0.0894721690929191 -0.150943265091815 0.00797995053716408
0.0223859959311241 -0.100051772465503 -0.0571030694512246 -0.0598643388451685
-0.0171291093221775 -0.0758436441160998 -0.138988657958452 -0.169951257817548
-0.052484948738266 -0.0690578507629284 -0.321947517459501 -0.130211568935827
-0.102959500167089 -0.0626721732160973 -0.390800617588011 0.00401108823962717
-0.1030447653591 -0.0420070074449848 -0.383189356982509 0.0716426246224409
-0.0987045696504859 -0.0575782891359033 -0.378537787043894 0.0301871748648111
-0.0605237496079833 -0.0925713712408268 -0.321945398750244 -0.0865369683867018
0.00454856558521712 -0.0953552614631885 -0.186384152912459 -0.207166521214021
0.0569508426483785 -0.081387627202382 -0.0273805639709339 -0.179102887472903
0.0917054221430485 -0.0438184204391105 0.0415162308152146 -0.0785593200093142
0.115822690733698 0.0209090481791377 -0.0969532838325177 -0.0262031975736235
0.180643856546879 0.0916111185751725 -0.241534829775036 -0.299109471914615
0.039448758182039 0.115430778367936 0.319317190579883 0.250063194818704
0.0857498967510932 0.0421780414537772 0.19468936456034 0.00530775293004701
0.0848112992763659 -0.0666873352596682 -0.0645819288322287 0.0394811585852039
-0.00683849218638636 -0.118735010164095 -0.0285645695471077 0.165160527549227
-0.0837823656447814 -0.0403600465303485 0.15090177937729 0.21838654767465
-0.0757390277791279 0.0198337890713144 0.328095885957686 0.130230273921962
-0.070258371189764 0.0714440486902932 0.38896331141033 -0.020686485226824
-0.071536460718523 0.0736199094392911 0.372610057104793 -0.0786433604351129
-0.0804363662226436 0.0668597043134179 0.38549879429083 -0.0359609066366794
-0.0926250315079352 0.0134413100456985 0.316405313867945 0.0862581986066468
-0.0902861532670614 -0.059394560109404 0.166212741360449 0.167261937489453
0.0029816112393347 -0.130447758539193 0.072490537824357 0.0727063077659627
0.0978276740229024 -0.0488434278833262 0.149017815135339 0.0214642864505814
0.055548305842818 0.0588283590437404 0.377138075463431 0.170405099204963
-0.00929391084990468 0.0794421649314927 0.428614904397204 0.557964761670978
0.226283858365178 0.241968630511409 0.255684822098807 0.198078951632475
0.273604773236673 0.0817350718755901 0.158038281688363 0.00343410964133169
0.249332738854734 -0.157212967537286 -0.0776634280554324 0.0477187629043003
0.0485140437839492 -0.29920122538361 -0.0561527518270786 0.163519493056118
-0.154471615051529 -0.173720009727856 0.125599034759694 0.214366579020075
-0.200253189858715 -0.043303533574721 0.284493033231312 0.142512046450467
-0.234066642917854 0.0734959687228868 0.346149422329469 0.00167107882515398
-0.232097706204301 0.104932526524694 0.314020993854249 -0.0520403708407055
-0.245400320843976 0.0847119989605092 0.321478667060286 -0.0251142904834056
-0.237941909827939 -0.0476337661069503 0.25100242309739 0.0827910258977622
-0.187556584033588 -0.187977760402327 0.119224768253036 0.13598068735517
0.0259322124964893 -0.343332464311885 0.0451040052598363 0.0284233869591753
0.269555270437221 -0.195225709571006 0.148085158993649 -0.0112895038338185
0.286790849040516 0.0928873763834469 0.394844078174823 0.11666866640124
0.212567802177527 0.249496432699615 0.442548816640116 0.459315321335791
0.386934757365282 0.345734733920223 0.156560449060765 0.0937111642549352
0.447649298947638 0.115659146816379 0.0867468011450102 -0.0159532487788235
0.403140006854215 -0.240204602428675 -0.0949066133708203 0.0616008844146019
0.102191449766083 -0.46420913333823 -0.0734343900339173 0.157264297096589
-0.210214940224901 -0.298045465657361 0.0948983836546098 0.183790655107969
-0.301741275294436 -0.109419688377853 0.205959915150699 0.130425548801213
-0.36630691389282 0.0593926646667226 0.251295355515332 0.0187022449727537
-0.35778037734294 0.120064293328143 0.208871060694001 -0.0172974002206382
-0.371743599130925 0.0946135676671037 0.207724471754546 -0.00682765322259438
-0.35020582668956 -0.0907046647183877 0.145701138194065 0.0705496593368528
-0.269669296269942 -0.280993068330957 0.0481050867100822 0.0858423468646167
0.0211487620301748 -0.513244085656354 0.00671664720341658 -0.0251839118919075
0.3871842813563 -0.336890056315901 0.130251669523905 -0.0486027425531942
0.478074730249484 0.0894259882371635 0.359986864279396 0.0518126317569583
0.406941900079633 0.370620960503857 0.389255397680263 0.308809243345064
0.502477636863909 0.402578592589268 0.0299400831985508 -0.0537534993611581
0.583240224434045 0.125073277155432 -0.0225831050885822 -0.0528672916447937
0.515188766232485 -0.314301606770715 -0.118766479366897 0.0743632015830012
0.134067734634724 -0.585679252509227 -0.0807696550660865 0.136658590719658
-0.248612683833896 -0.387299355425186 0.0538753757690559 0.122733820070402
-0.36498308429819 -0.160087333949914 0.0943529512877871 0.0923558079093313
-0.447704594973681 0.0349551803461381 0.116359213856037 0.0293928075852641
-0.429954265323996 0.117109799507464 0.0708306410448834 0.0198615473007493
-0.437229744116608 0.0911880476936639 0.0641840129634863 0.0167207240425302
-0.407906155351982 -0.116745670216169 0.0147235621080939 0.0538030673296083
-0.313235084459902 -0.327808798053326 -0.0408407908477142 0.0255076392346767
0.00523926314567079 -0.601750223871889 -0.0396553400735957 -0.0788924925766898
0.440482010459221 -0.428483431797978 0.0947529125936887 -0.0810010016146159
0.585722859315012 0.0643964574232101 0.273884571765832 -0.002783532071748
0.534125104541433 0.424158705320443 0.272882770182416 0.137216414878967
0.551540366089795 0.395086972944471 -0.113705945567123 -0.221821341967696
0.637673549827329 0.106672333363577 -0.156050423013366 -0.10184953032357
0.547122710699147 -0.348718043034791 -0.142297190418056 0.0750553531602124
0.139271163254672 -0.619821517624301 -0.0825355348953216 0.0937506649688323
-0.251771190179562 -0.412557385712107 -0.00191059948969094 0.0378894319228259
-0.37267164035192 -0.182555793468921 -0.0379417763826893 0.036302103450879
-0.460608290788489 0.00936112352618887 -0.0398388473444929 0.032075797698625
-0.436521748474159 0.0961933969387133 -0.0766372907106066 0.0539458600251909
-0.436769562501916 0.0710103920113495 -0.0859898304936865 0.0410236855778376
-0.397522542841567 -0.129480390021322 -0.118186728040989 0.035026796259224
-0.294559403413488 -0.324693989842213 -0.12896306812139 -0.0370047605689449
0.00490216953554646 -0.581101667895669 -0.078750292026037 -0.125383165147955
0.420766871703458 -0.428567934698652 0.0569873450570088 -0.0987728133762238
0.583329844779085 0.0458223355886807 0.159797811236635 -0.0348385652144037
0.566400758868032 0.409947393559165 0.118891186213175 -0.025273454392895
0.517340457094949 0.320102351712462 -0.251696814823365 -0.380319114716224
0.575154273744609 0.0649137325138528 -0.284508368678231 -0.150598923073402
0.47385669433438 -0.317381730090518 -0.154525036619878 0.0590037679479894
0.116045386975295 -0.53355139333492 -0.0797141114476969 0.0345011379032283
-0.207191675705657 -0.355875358261105 -0.0643461183328856 -0.0515086713384383
-0.315696766946214 -0.168972665634673 -0.167204167640639 -0.0249005125224642
-0.401429825607197 -0.0151940196248144 -0.191371026695998 0.0314098014147724
-0.376750469250181 0.0607128606254916 -0.212216898261974 0.0783442548237492
-0.371050226519755 0.0338788008125174 -0.218876469942372 0.059010614053577
-0.322602949199007 -0.130945943529024 -0.228476090492602 0.00859286220709542
-0.216670266113283 -0.279396483549423 -0.190920782899241 -0.0970830053528997
0.0268695661992096 -0.461506709776528 -0.0934735095020145 -0.158558493312076
0.346528468101923 -0.334038399403647 0.0341327574638896 -0.102272821522284
0.476871048925308 0.0418522699202767 0.0487162010616596 -0.0418998230066952
0.500114170045638 0.340745022388436 -0.0371086486789258 -0.156342640265895
0.399195883678401 0.190932618720192 -0.362462616862179 -0.494867640510358
0.404667794433535 0.0118061246887207 -0.381132728499302 -0.186419687599146
0.308989935340874 -0.222004338758839 -0.154744722302249 0.0339318572062333
0.0702466062265737 -0.341516733798019 -0.0707730112715734 -0.0219989453508464
-0.123345825026754 -0.230981144295062 -0.115635381693556 -0.121636855115198
-0.202364914700836 -0.125409475954632 -0.268428505467291 -0.0762563968330604
-0.276409644881624 -0.0360470827894429 -0.313544902455158 0.0289360662146973
-0.260443826627653 0.0158112122573314 -0.316002586285728 0.0920794444910018
-0.253013823583739 -0.0094416973944776 -0.316367350624909 0.0628974650710357
-0.204090337520876 -0.11879964714648 -0.297659635662746 -0.0264617096619728
-0.108384190739461 -0.199558117642214 -0.212687704056158 -0.150928436344668
0.0501377664541243 -0.279718910513496 -0.0756480151364854 -0.174986710413393
0.228573067596777 -0.190365708180276 0.0301914255381447 -0.0934808099766592
0.306659298256287 0.0365514315804878 -0.0380039399429494 -0.0335206759869458
0.362117075047366 0.22488245695205 -0.166837704381275 -0.244988737275157
0.214263589743676 0.031315803856636 -0.424785810589205 -0.548471263579713
0.168378140089704 -0.0420179877761182 -0.434723467188717 -0.197981595613642
0.0961085575143702 -0.0948003771312391 -0.148530587471859 0.0148514455216765
0.0155550886401011 -0.101201857027568 -0.0584494011722262 -0.0555563449285017
-0.020027710228004 -0.0735829717054102 -0.145385965000916 -0.15853015051874
-0.0557986602693906 -0.0651107280715931 -0.322917835220628 -0.107234664708919
-0.105416383261949 -0.0533292876659917 -0.384295110218932 0.0265676339796265
-0.104545113355541 -0.0326989633789643 -0.371603007287847 0.0921453530566142
-0.101281373087698 -0.0499663737145679 -0.367950787468884 0.0512351054065173
-0.0662603638273009 -0.086544753897896 -0.319269574945402 -0.0668127224155797
-0.00204434996781558 -0.0950757716711664 -0.195660849078124 -0.192755310522382
0.0493131813819877 -0.0840922803340752 -0.0367940663367806 -0.174443486726078
0.0867936315025126 -0.0501551849677374 0.036964545486913 -0.0797028140592667
0.11634535985069 0.0134683521355628 -0.0952425343825202 -0.0213942436937156
0.183435087248303 0.0788666304258862 -0.256061746368845 -0.284013586399842
0.0410191250972342 0.111383040995553 0.323786890828675 0.24088578152276
0.0833203298741179 0.039832235575934 0.192092174082693 0.00110997256502774
0.0809999350948099 -0.0680817270048163 -0.0621091214603962 0.0429619614720661
-0.0107978969444131 -0.117386478592517 -0.0237453680099118 0.164788209387943
-0.084492027834293 -0.0379496343583568 0.153422078140093 0.211132804295028
-0.0747777286209893 0.0218049565213156 0.326581690734692 0.116175693462764
-0.0661929168253372 0.0718166195428265 0.381798476482268 -0.0312472926230087
-0.0670678967378994 0.075340039463555 0.365146913687545 -0.087467404762927
-0.0765891277998155 0.0683303005712625 0.377749978971717 -0.0473146697641772
-0.0901566995424318 0.0147487674557827 0.313961704162188 0.0750285601893452
-0.0905832627568644 -0.0557698252183935 0.170628789437789 0.160542343907737
-0.0014006348392807 -0.127978480116355 0.0742373651282676 0.0703021147709995
0.0956835013273344 -0.0501683024204706 0.148201811970442 0.0175837583005265
0.0558386363202885 0.056995338523975 0.376805511972932 0.157843936240582
-0.00745585318456552 0.0779001604904702 0.437748612808528 0.541923778188064
0.228927039942187 0.231545417532399 0.259434441221061 0.193112109654296
0.269901608581488 0.0737248270999026 0.157226272608763 -0.000143675422969883
0.240204498335931 -0.162572974400277 -0.0747435029619527 0.0521127121784042
0.0373898985589997 -0.298840480457795 -0.0512399727748401 0.165042916496754
-0.158278482789044 -0.168407318163497 0.127960018904567 0.208367523843675
-0.200558210057337 -0.0367993152341443 0.285542343205274 0.130680227818532
-0.228251699680549 0.0800641721316484 0.33837540829745 -0.00783018114998075
-0.224341955174163 0.113343105407336 0.30823157524492 -0.0595657900897218
-0.238960790031526 0.0918067889183341 0.313570060367845 -0.0344829915069012
-0.236463008279688 -0.0405242828501174 0.249182194364808 0.0739741305119293
-0.191574258968958 -0.181274930807743 0.122720109904354 0.131398935994273
0.0140421209034132 -0.340056376142862 0.0450404674927186 0.0277194200577197
0.261657874405241 -0.20081750891519 0.147576581990604 -0.0145342775729985
0.286601298691309 0.0851903720988127 0.393604586887704 0.104305819306914
0.216341971084122 0.239313261418401 0.448981208318443 0.443654900986533
0.390846213593767 0.330114720088638 0.159812577202478 0.0931899438277268
0.443882715591465 0.103603642700398 0.0866959468853333 -0.0167551608029898
0.390283368746126 -0.250649592490584 -0.0918455532810306 0.0665182676984406
0.0836802016831241 -0.463243206349031 -0.0675821246166349 0.159758224583773
-0.216741751820443 -0.291029743725826 0.0965534256529862 0.179993502450309
-0.303993973692905 -0.0980416874835585 0.208696607985209 0.122473706889676
-0.35903129454778 0.0712827735628063 0.244865775999301 0.0130077069647509
-0.347573437501198 0.134125943789611 0.20526591528643 -0.0225298064142144
-0.363288346629883 0.10639447379674 0.201899598390066 -0.0125366913652848
-0.349506363282952 -0.0793426671423039 0.144682778733055 0.0644566775546669
-0.276096942446528 -0.270987474467676 0.0499619673527793 0.0840683782751569
0.00191849949593381 -0.509654342480682 0.00524986589479093 -0.0231257982270779
0.3760559557101 -0.345229491649089 0.129638215902458 -0.0512963935474059
0.476707445448972 0.0757969348092694 0.358286063754836 0.0411388624462228
0.412477861492992 0.352134462425156 0.39270328639852 0.296219377647376
0.507786761590413 0.38481030115266 0.0300834904936335 -0.0510480504828237
0.579813996874624 0.109269601664464 -0.0220211524705055 -0.0509060173485825
0.499756925532077 -0.32752650255562 -0.115996466757686 0.0797323965349612
0.11100191333319 -0.587987990108964 -0.0757948689710515 0.140933789315629
-0.25738648895764 -0.378567643526989 0.0545631973952174 0.121526923943484
-0.368619258363478 -0.146319047331126 0.0986373982858834 0.0897882033888129
-0.440398171767179 0.0516316298402852 0.111722052966775 0.0280160463609823
-0.419276601387153 0.134942786919365 0.0707988742224733 0.0183975187753243
-0.429764230014968 0.105419463518506 0.0621120234835209 0.0155005423093883
-0.407602384250144 -0.103467894233587 0.016058384105249 0.0530309397874026
-0.320933725950749 -0.316512046578853 -0.0400553084184205 0.0278511006287777
-0.0162989643018313 -0.597803429158554 -0.0426000949547329 -0.0745612790365196
0.422625945828774 -0.439140958376314 0.0940288094069518 -0.0811893653661842
0.582241649561358 0.0493939613348254 0.272260416186859 -0.0115342041563653
0.540073815560757 0.401954499509151 0.270534752930372 0.129486817907658
0.556747888211717 0.376395866787803 -0.116466624449855 -0.214474640981823
0.634666636651425 0.0906263398130681 -0.155086999713246 -0.0964456042719842
0.532206360456445 -0.363569685833398 -0.139152379008362 0.0805505749412034
0.115684838142255 -0.622450745212129 -0.0795013799282285 0.0985891989032135
-0.260582559337032 -0.403477059631849 -0.0032552785574404 0.0402772110124125
-0.375994479335194 -0.168879894573079 -0.032907659153201 0.0391802807977581
-0.453964916409223 0.027251343268458 -0.0425565444797761 0.0355183241350682
-0.426290380613847 0.114168969658678 -0.0736027628346191 0.055515290487184
-0.429428984457357 0.0859311697356963 -0.0844474998822866 0.0436768568151396
-0.397639898143075 -0.115083269628958 -0.115330755027855 0.0387565959968803
-0.302613377277219 -0.314132434268015 -0.129206875508171 -0.0311030757526283
-0.0155040180198515 -0.5774724737578 -0.083350639704786 -0.11918462010653
0.40366456544542 -0.437563695511539 0.056816590349611 -0.0985553418904417
0.577947926947132 0.029629170242455 0.158499839835613 -0.040200598139327
0.572552606567943 0.386941937397551 0.113953558301873 -0.0292341370938395
0.520730404016515 0.305355059896256 -0.258695572677568 -0.369030209131637
0.573866010458226 0.0507535855775711 -0.284255615368733 -0.141933082239172
0.462245289582338 -0.329437545388207 -0.152953792095227 0.0638958732876863
0.0951380606554237 -0.53506430141509 -0.0772696678744008 0.0393046577462658
-0.215833740876063 -0.348604673809011 -0.0659826688654817 -0.0464233436273213
-0.318697563479391 -0.157404091645276 -0.163056760270971 -0.0166713628245758
-0.396617196812217 0.000798714854347817 -0.191285449907307 0.0398546548087642
-0.369447184716224 0.0767467186660249 -0.207133629252611 0.0836352184653673
-0.366010464255069 0.0477211458191825 -0.213681293476553 0.0654395233866811
-0.323391587187579 -0.119254263066576 -0.224668206713013 0.01531092558196
-0.223979805041111 -0.270684080357775 -0.193073806833121 -0.0887116452216557
0.00905429639551578 -0.457977752802411 -0.0973162023868466 -0.152345056722236
0.331739505834228 -0.342795720893299 0.0331933681949508 -0.100791439390504
0.472707569610648 0.0294987867204008 0.0488138472368606 -0.0439715010236836
0.505753775218179 0.32065488737459 -0.0436535191113214 -0.155538201263653
0.400672073906056 0.179686112619886 -0.370628557873281 -0.481929358365141
0.404719810463246 0.0011722127723241 -0.381545343364537 -0.175424754516219
0.301821595223547 -0.230832897067457 -0.153876578498902 0.0379422260556446
0.0581576596600013 -0.343521640724513 -0.0701628808002094 -0.0179131738417358
-0.12808802701389 -0.227252457501713 -0.118099090478747 -0.115686886925733
-0.204984112275605 -0.117500487525678 -0.263954786393656 -0.0641668599075618
-0.273831273826857 -0.0241071445231632 -0.310777140320019 0.0403116313697003
-0.25674331713993 0.0278633172525509 -0.308604314005168 0.100264286516672
-0.251141514515037 0.000488848458589951 -0.309166926090118 0.0715730603761958
-0.205896171272797 -0.109305612558126 -0.293164858432528 -0.0168968859836992
-0.114762840744888 -0.194666167701063 -0.215711268008161 -0.141186740850925
0.0376079417050808 -0.279105779023253 -0.080280187723524 -0.169581711037585
0.218989240282439 -0.196649841093937 0.0288391598131172 -0.0930594622045159
0.304212425137393 0.0279648184911546 -0.0368208607397256 -0.0331511001226212
0.364536909506583 0.209437302436144 -0.174256912517178 -0.239507556591159
0.213677163501407 0.0267739347842335 -0.433457532816529 -0.534798415378936
0.168267150416832 -0.0463478090270125 -0.435715495283718 -0.183739569858786
0.0948337074318616 -0.0974630877986908 -0.147855067018463 0.0185931835289191
0.012827494762692 -0.102335699780594 -0.0582989565155896 -0.0526264630228017
-0.0212973697136852 -0.0728242111629906 -0.146874628090852 -0.152085200812925
-0.0566024836604614 -0.0627991931201165 -0.320544495667265 -0.0938220614225917
-0.10601268830541 -0.0472485577887862 -0.379133202559405 0.0383398423307973
-0.104327570897127 -0.0260759358032296 -0.363403111987256 0.101283738401039
-0.102840227756489 -0.0444329964169828 -0.359216956037986 0.0616337781340107
-0.0689605578706154 -0.0823081816762615 -0.31563703027004 -0.0565322100395291
-0.00691930449132291 -0.0948574574724559 -0.200107169121267 -0.183575359689425
0.0443116844645128 -0.0848212437438358 -0.042275186655798 -0.170639441967927
0.0830662936267726 -0.0536880068295357 0.0345413394057961 -0.0789828785706732
0.115984972030471 0.00919071592449209 -0.0932846015222821 -0.0193688395932918
0.18408634911796 0.0716262259240548 -0.262169281889866 -0.275484790424216
0.0603172085189118 0.098053661255305 0.383379689104977 0.188922092354998
0.0859911698631586 0.0208002967139447 0.197996851224655 -0.033064130735072
0.0607093815935761 -0.0800697386983763 -0.0430551521718294 0.0597410624583083
-0.035294589619024 -0.107635822430344 0.0178380773449552 0.166403007551481
-0.0861902499341548 -0.0195990301606737 0.194153635591999 0.174031334961653
-0.0672929371802427 0.0318046944055647 0.344359414505118 0.0463530976339444
-0.0452800653909905 0.0798792071873824 0.364342954870801 -0.109678834795611
-0.0488680861504174 0.0838435283366175 0.342533141700327 -0.161218122245735
-0.0572668568935078 0.0792725202365884 0.36862044958828 -0.127053804102556
-0.081401501990946 0.0326110935942801 0.335712244114169 0.00553080629877349
-0.094621559760071 -0.0332310076367471 0.210144406993924 0.122851116700883
-0.025484115775615 -0.121324730784748 0.093747603778787 0.055902931254573
0.083553957002658 -0.0649720305143519 0.155647217432972 -0.00990120730545825
0.0684793778063962 0.0509291839906839 0.413339960449251 0.0744296799169837
0.0108221323001293 0.0877621550275703 0.553203791362427 0.456118995799145
0.262163622575164 0.175933012562707 0.310116619370367 0.16755587252297
0.272255034846921 0.0151664737220845 0.166833219062321 -0.0182208440406048
0.192795893783877 -0.205212221657926 -0.039957604036578 0.0776751905467824
-0.0318415895673115 -0.29199284159892 0.00647668584765643 0.170753886108113
-0.184535371616775 -0.130531299584981 0.171510558724277 0.168034497921648
-0.200759674932752 0.00195312493207651 0.306528151684157 0.0613504771918983
-0.197754938760181 0.12511084230378 0.321465900301857 -0.0896850756928722
-0.19354311189915 0.152938702977577 0.291832539370485 -0.122536043389786
-0.209832058672969 0.13507715073588 0.309668322417804 -0.100357314829105
-0.235843241355095 0.00809609111662063 0.273262661109085 0.0175204271362047
-0.216694530644212 -0.134462232368298 0.158050221097668 0.102979467550908
-0.0544307562782926 -0.330813751871609 0.0594051341431095 0.0228324414660855
0.212383050032438 -0.244545722952957 0.154802683315017 -0.0336192612295284
0.302347148651363 0.0297371488080215 0.406484786455494 0.0218136447517737
0.266501429102957 0.199408366590477 0.527296088409649 0.354993287870972
0.435922120430674 0.239506974211145 0.189085181659965 0.0965084297704165
0.446971197790565 0.00775266934043544 0.0961956379796534 -0.0128416120021288
0.317115425007191 -0.321315041670051 -0.041825880731598 0.101384323627781
-0.0254593395516212 -0.459737313501749 0.00293746936233197 0.167852467857934
-0.268079236734369 -0.236368409866908 0.137174183949099 0.137740654549869
-0.313967378204509 -0.0364271522072627 0.228348390813453 0.0621251923697914
-0.325561882808931 0.14786734188247 0.230002348725395 -0.0594411428151344
-0.309786761021058 0.198564181503349 0.19771714443925 -0.065151533369289
-0.327966715301954 0.17395898668939 0.204394258900023 -0.0551632876754156
-0.355162670013439 -0.00759520014086826 0.169157708083415 0.0301252606714163
-0.315957557845124 -0.205562455204113 0.0745263045212623 0.0703300673614013
-0.101592541681693 -0.49418494299329 0.0118454607670637 -0.0177580752718137
0.292499123688237 -0.40727755940395 0.134095477872813 -0.0604904479277117
0.486824306692207 -0.0215167278657969 0.348471221664007 -0.0278931348046716
0.485179168634017 0.267290107625472 0.425405810294317 0.218503098221145
0.559162502255222 0.268728218467007 0.0282907955194908 -0.0159908408756102
0.580951047615168 -0.0150472214830019 -0.0174828191142322 -0.019304434291193
0.406034344517669 -0.419014425255387 -0.0529343797258848 0.122843989194981
-0.0274074287142555 -0.58531143649695 0.0019779654074219 0.148995476934221
-0.327209758456146 -0.312941824974662 0.0858542794779501 0.0821067268538684
-0.387572038795213 -0.0680220196210954 0.113233368946669 0.047439265663032
-0.408247173841005 0.148513103918225 0.100035719620357 -0.0242919795213779
-0.378194104196248 0.214463017554854 0.0729539996581657 0.00164703310629618
-0.392600977462828 0.187553766987535 0.0705444887946632 0.00224111094883089
-0.417793076027648 -0.0190895454140767 0.0377641653760471 0.0457557290507843
-0.368931049903988 -0.242271128508181 -0.0284612295375408 0.0333116661238446
-0.137478795135727 -0.577601950020845 -0.0457502218951682 -0.0584410198082655
0.318922620068037 -0.507659961767541 0.0952959380610703 -0.080291869314673
0.585795956600164 -0.0714550903958424 0.24573988075748 -0.0583610462610206
0.620115544287074 0.286171557444692 0.259529763141625 0.0748351859451504
0.603080407984976 0.252816974669814 -0.154430512083607 -0.15343830463369
0.63116919536612 -0.0436632482962507 -0.161670146376365 -0.0376635018262773
0.431980122270079 -0.462288022940564 -0.0736294945040745 0.129143896585531
-0.0318585718899194 -0.621313386078771 -0.00694910875838815 0.106695676093133
-0.336973043796115 -0.337343763851468 0.0127098495019442 0.0110583593980488
-0.400435253483296 -0.0870707386318356 -0.0272475813313197 0.0230499766390506
-0.428047425619403 0.130088224464361 -0.0494589126667585 0.0123101812373825
-0.390400569592267 0.19710969145314 -0.0629163497152241 0.0681628739940393
-0.398200516615778 0.169163137318083 -0.0696259160514741 0.0619170419307643
-0.411357966608394 -0.0336400730735693 -0.0988538645661406 0.0596064530724702
-0.352637848075854 -0.245194173497831 -0.132041520100359 -0.00551902145529423
-0.135571770868326 -0.558186234011967 -0.0976737574635067 -0.0944786613314031
0.299551323783129 -0.504355747639274 0.0535538361661669 -0.0898977210335102
0.576242816722784 -0.0903106868213348 0.125092768446576 -0.0614258000518176
0.647559812838659 0.261755243446085 0.066185013672254 -0.0519504079521357
0.55523393422796 0.189512673589937 -0.332262214805916 -0.287064106081233
0.56469008842851 -0.0695672402425851 -0.30370401791278 -0.0613792557441691
0.37241325329706 -0.415118601567818 -0.0965163793636725 0.111817207065116
-0.0328518492472909 -0.534175673283666 -0.024116590289002 0.0469797818167375
-0.283276578185882 -0.292882293066648 -0.068714383191422 -0.0591247581438067
-0.342890586909172 -0.0864056632507448 -0.167154489223884 -0.0030898381881334
-0.379982672071638 0.0930894518121699 -0.193231093427006 0.048742351587889
-0.342600281760881 0.150072242255051 -0.189105692277183 0.123154211966954
-0.345173928159935 0.120767576416794 -0.195650252302698 0.110271383061501
-0.340874371215963 -0.0515005121096879 -0.215172397465362 0.0613780947520683
-0.269355177653229 -0.218861792435444 -0.210394175747562 -0.0492501090223892
-0.0859468069830614 -0.447294746729942 -0.121999797803227 -0.125278974057633
0.249496061994324 -0.398775982292923 0.0252334084620889 -0.0915664162436962
0.472231657154625 -0.0722507434809104 0.0172863607518245 -0.0437400806280348
0.566113994077673 0.206772332875128 -0.114750414731158 -0.147444134473682
0.416811813335149 0.0929450098049773 -0.471783185233042 -0.392093765923358
0.391053453204962 -0.0803664455426695 -0.413158192024358 -0.0843930640731877
0.241246761071373 -0.286728040044436 -0.117328877362205 0.0794786390438896
-0.0234651311392449 -0.342660116810909 -0.0451720498367276 -0.00906477278956196
-0.174882195172503 -0.194138350259765 -0.136345321428579 -0.108506885297619
-0.224443112497407 -0.0704714315927371 -0.277146678093814 -0.0234529532981897
-0.268413700339728 0.0423589492661745 -0.305871936252445 0.0811684134247614
-0.243851901864858 0.0807101009697535 -0.285702275356895 0.160248988685951
-0.244803194125196 0.0525720673935483 -0.290959500446653 0.136412987634015
-0.225561830290132 -0.0656468155694 -0.294192326682304 0.0446939533737809
-0.150068918547238 -0.166950953217712 -0.245956993883526 -0.0959052457459568
-0.0213743136939867 -0.279445237230708 -0.113276669144179 -0.148453310257611
0.169776955981975 -0.234420267640468 0.0167594062705666 -0.089036965411518
0.304972480695674 -0.0383821579789713 -0.058586634132085 -0.0188379184772367
0.40219436528399 0.12500307802285 -0.254403659019506 -0.205403187916639
0.207896754403352 -0.0167564648822562 -0.549178521509675 -0.446924040763965
0.153112193488235 -0.0763113407743025 -0.475936396815016 -0.0945102326952201
0.0717170493119696 -0.114870364735072 -0.135034978470147 0.0504984164373229
-0.012267666553545 -0.101671605035493 -0.0603552521745578 -0.0435156026814679
-0.0382552998210186 -0.0666704332160742 -0.175685887151092 -0.127116595838795
-0.0694915777211327 -0.0461641242449376 -0.337203278821155 -0.0323192023442569
-0.113789432887808 -0.0177997639564967 -0.36795840156241 0.104003113672109
-0.107519987292156 -0.00186210902582762 -0.340519215481575 0.172786988134811
-0.111410233422351 -0.0202628459130798 -0.345523948699918 0.137119839008416
-0.0868808735793765 -0.0667680568342635 -0.328536716050926 0.0111545635832996
-0.0277020443234646 -0.0921000184697598 -0.241307366010917 -0.14046362939334
0.0247595028618471 -0.0936020997179737 -0.0788942915874694 -0.159953271016514
0.0680072981383777 -0.0699267743646107 0.0195437262363587 -0.0835348487338469
0.115577916420713 -0.0178751789142421 -0.103036720630907 0.00349235596604841
0.19526161555953 0.025412464704159 -0.337339907351854 -0.223460633174689
0.0635683426779656 0.0974556184668324 0.40283413442325 0.186778719415616
0.086849036314655 0.0217681580772946 0.203973285264894 -0.0386768225112852
0.0586695520080395 -0.0822097470331049 -0.0399718343130565 0.0637264482267319
-0.0403948021464859 -0.109784066217297 0.0230617201968884 0.170491463637465
-0.0897791515891103 -0.017833731806549 0.203856475878636 0.174813427244589
-0.0694003579354597 0.0354639474466748 0.354596417737803 0.0361670039769425
-0.0442084863061921 0.0822823368779293 0.370299912197171 -0.123363944052574
-0.0466838508439876 0.087267204831574 0.348234396892024 -0.174794478198435
-0.0558001898111431 0.0828327185988887 0.37396873058405 -0.141322489374584
-0.0831553809835291 0.0353438473538088 0.344853465939769 -0.00425165795688359
-0.0982932867696775 -0.0318261137387555 0.22150016432739 0.118786769509406
-0.0293803429795373 -0.123966376105118 0.0983970372867214 0.0545663144236226
0.0850746149786798 -0.0687740263687325 0.161030936244073 -0.0137851615051028
0.0719133829835446 0.051031443615214 0.425553360387994 0.0676111826462575
0.0130122306991677 0.0888708025711917 0.582689036011338 0.459756846580038
0.272791176935392 0.173292574893288 0.327761490730558 0.167298471948669
0.278221085318464 0.0110622441654459 0.172782643174999 -0.0220687795440278
0.190486971456633 -0.215767738334885 -0.0362657464544546 0.0830345720940065
-0.0443617617822903 -0.299212049814275 0.0132035809634954 0.176653009964645
-0.195352328997021 -0.129426970105373 0.180733020428703 0.170671288498506
-0.20817851260487 0.00865395335510937 0.316574610337484 0.0530337955093369
-0.199197707910136 0.135171939834513 0.326809963893907 -0.0995605290572465
-0.192248627845492 0.164575674100701 0.297438980251143 -0.132738161729073
-0.211568985029572 0.146422981231803 0.313624162351202 -0.111699727493931
-0.243644779056938 0.0143472249602884 0.281458643334177 0.0104006021588807
-0.227878877469788 -0.132465712940031 0.166754353046143 0.101279235397357
-0.0684568237978627 -0.339265465369396 0.0634953236043194 0.0228365690549849
0.212423613629274 -0.258331164151361 0.160865359659241 -0.0389557635699322
0.31259759557784 0.0232083457883399 0.41871143940828 0.0127491833114656
0.279968926568121 0.196158683715876 0.554342572187842 0.353834953182568
0.455021832615009 0.234290754341722 0.200269185220407 0.097851598649015
0.458372070769847 -0.00259547792881011 0.100727899770145 -0.0152519530825931
0.315134284683551 -0.340750171401919 -0.0374186737457125 0.108398249872591
-0.0431837694015097 -0.473614849796276 0.0104352516985577 0.175348756654168
-0.28551790862965 -0.236373557100895 0.146240992906893 0.140756652952466
-0.325482307495862 -0.0261026876029498 0.238643002361995 0.0558833269237006
-0.32915257427841 0.163706686798187 0.233193167702177 -0.0649773209057179
-0.30899396337314 0.216555339788744 0.20145479064119 -0.0717882686958738
-0.33146400180164 0.191541916704006 0.207508396072002 -0.0609258171470918
-0.367706117938348 0.00204989358594932 0.174354276547304 0.0266429850246034
-0.334114583275243 -0.202943000766503 0.0799501788078791 0.0714399996909363
-0.122228024664472 -0.505868223519059 0.0134590212400815 -0.0169086082928193
0.290211007511225 -0.430122116128059 0.139477203251874 -0.0658984863279434
0.502030572524993 -0.0334538045784738 0.358861095773818 -0.0383852173169669
0.507027306432217 0.259606537062862 0.443190329754376 0.216515715990827
0.581807476761191 0.263427382652836 0.0318923801402477 -0.0140653233912223
0.598138839641046 -0.0309936979831144 -0.0175387857960507 -0.0189819345037248
0.405982069062671 -0.446735981153446 -0.0489447319206163 0.131775019139954
-0.051556357665505 -0.602440412670068 0.00964565118270296 0.156085481752749
-0.349551386689735 -0.31553006460995 0.0924012745736646 0.0856374748474854
-0.40235058887436 -0.0579788852293798 0.121207541299181 0.0443111803669163
-0.413997316293514 0.166615856032832 0.100435328463413 -0.0235604503353364
-0.379561897883205 0.236155712655138 0.0747809634368507 0.0011465491840763
-0.397975330307292 0.207885290981391 0.0722502705354592 0.00160750605606842
-0.432766853059163 -0.00746181301771322 0.0399515623218601 0.0468925777552281
-0.390426354022949 -0.239562770414894 -0.0275779146686277 0.0369526302888054
-0.163921994471663 -0.589283428040879 -0.0472092763052341 -0.0564407321103392
0.312699309439817 -0.534736477714439 0.099233324326386 -0.0860442532117549
0.602426699242238 -0.0897878866601721 0.252711885614313 -0.0679059221154737
0.648366135768152 0.272859784120808 0.267111302880398 0.0713626450865996
0.628519020527494 0.244783469799799 -0.161728883362046 -0.151605627052791
0.651786729430911 -0.0621331108072912 -0.166944102702366 -0.0334002594634268
0.430515513968778 -0.492264808128273 -0.0704759092626037 0.138952386253924
-0.0572886769916761 -0.639646569306213 4.41669591110566E-05 0.112619883127463
-0.360572094827 -0.340123071929622 0.0159506117709871 0.0141648786833102
-0.416386464993146 -0.0765563437868136 -0.0233893798118997 0.0235857037183764
-0.435037194540329 0.149634390456688 -0.0526152072758492 0.0185853279152332
-0.392394949061161 0.219466372681673 -0.0628219221399928 0.0732153435031983
-0.40390616615464 0.189445426216899 -0.0701871545581385 0.0667604983010066
-0.426496815072373 -0.0229843468429353 -0.10034129106141 0.0653501525205442
-0.373540557612309 -0.242386599446778 -0.136207054987828 -5.04576262646074E-05
-0.160418354061724 -0.570658112662437 -0.101894118433446 -0.0919006676816631
0.292955067058997 -0.529152505040631 0.0555381165899839 -0.0955899985679866
0.592581395432144 -0.1100133755958 0.127698466034895 -0.068248591519006
0.67430052949904 0.248127352390905 0.0633944629356927 -0.0547740003006484
0.578845335747495 0.182391047382977 -0.348910748953334 -0.287638270474864
0.583599572112927 -0.0869005983524913 -0.315239759676872 -0.0556204954922751
0.372328346869594 -0.444053805179353 -0.0963134483417436 0.12135805681048
-0.0526911359959132 -0.551278909036178 -0.0203591474006539 0.0515474079673311
-0.303321582372732 -0.296936658386796 -0.0702367759284818 -0.0562856150473473
-0.35677908231055 -0.0777570532820662 -0.168108741276481 0.00110727258146962
-0.386471190648718 0.111084043193527 -0.198997456785059 0.0601616293378113
-0.344482222266645 0.169684048799953 -0.191391462823376 0.132621432598716
-0.350732220933132 0.137398697281971 -0.197604509178776 0.119622949995204
-0.353769064997649 -0.042644661315861 -0.219080156251983 0.0704489341661455
-0.286618917104317 -0.217655899683311 -0.217709446454176 -0.0421393047502228
-0.106215475587641 -0.45809594243799 -0.128408076311479 -0.123110972495087
0.242098658908216 -0.420780811923975 0.0258734445408102 -0.0963154312499772
0.485569441304162 -0.0877358488293376 0.0179197211997461 -0.0481975552121976
0.588429319248816 0.193271123902138 -0.127098089129811 -0.148879505470436
0.432573925173336 0.0866692908807769 -0.497534026932688 -0.392076739605655
0.404201446690477 -0.0945884953386951 -0.42957156356669 -0.0761929425334185
0.241960428413215 -0.306612694518984 -0.119668066765323 0.0871541424592266
-0.036226960044896 -0.354825965862596 -0.0441851217957284 -0.00667001272303636
-0.187177258605725 -0.197675646745669 -0.141388241316136 -0.106704697344572
-0.233573252008745 -0.0657008036649916 -0.282670049652641 -0.0162257975593581
-0.273487568088068 0.0540434701622342 -0.313915530256019 0.0952758736234504
-0.245801300858585 0.0939349229018732 -0.290057096290137 0.173494328938898
-0.249836328263104 0.0642520399098516 -0.294344194619834 0.148013627436236
-0.234755591251589 -0.0604036653296548 -0.300406056196389 0.0552256794660191
-0.161703430788559 -0.167458777675013 -0.256521743451559 -0.0897128476522615
-0.0334647340742216 -0.287202587115587 -0.120101224331125 -0.147040289146756
0.165867859846907 -0.248463143238886 0.0163864459968581 -0.0926654378293511
0.313404647674561 -0.0482762607393324 -0.0589136588327317 -0.0201375632912628
0.417763058357364 0.114779666316561 -0.27195442120653 -0.20527949535998
0.214815010151866 -0.0221336389002744 -0.580873616259798 -0.448986861142292
0.158708943100498 -0.08485141786512 -0.494307561901016 -0.0857301207750457
0.072539154206132 -0.124096652234455 -0.139088114200531 0.0567053501595295
-0.0159205820819492 -0.105967674146759 -0.0618868170958854 -0.0424745262331599
-0.0415106253050559 -0.0692923201261117 -0.183540308777256 -0.126637714384025
-0.0726194407526645 -0.0465460790137627 -0.346051702685445 -0.0232967855043067
-0.116523755175159 -0.0130437252234013 -0.376277324197539 0.120381010488287
-0.109573106859892 0.00317336717043745 -0.345767408568878 0.187511968230653
-0.115169253967057 -0.0153209498747854 -0.350026818961053 0.149437339007328
-0.0917483016831885 -0.0645183569431514 -0.336041743787569 0.0204293046770332
-0.0327314220051306 -0.0943912644472031 -0.252921182436419 -0.135404313474674
0.0207621489452108 -0.0967214966525287 -0.0862188153654496 -0.16083162627207
0.0671148019347427 -0.0752262493322371 0.0180223249009098 -0.0875416594672131
0.119119523334763 -0.0222926857791748 -0.104104222202247 0.00426099349391061
0.201807106869416 0.0198992765491825 -0.357904449697006 -0.222855098496336
0.069357644731618 0.0956442356389345 0.429987009320733 0.172808558305349
0.0887870620748725 0.0203671023149345 0.209535324579656 -0.0512796152939758
0.0543911086225472 -0.0858097547125874 -0.0353117405828641 0.067923666230852
-0.0488174279775352 -0.110642903290156 0.0340557389261285 0.174396858853769
-0.0939712024096041 -0.0124346139460108 0.21963188652749 0.169720807881965
-0.0704667377092358 0.0412262749128351 0.366712336244785 0.0154467536765898
-0.0412889076521523 0.0869174750875612 0.374980248347604 -0.149121577346307
-0.0421571273915045 0.0924875008878826 0.349818130738501 -0.199880389412626
-0.0520496752701649 0.0885949718497889 0.375153045089031 -0.16732096003674
-0.0838877559999939 0.0404750378726392 0.353955107858582 -0.0247871078727185
-0.103423389242134 -0.026807983763199 0.237145380726288 0.108377690059339
-0.0371581073375542 -0.126246329646166 0.105787451941848 0.0501102826979407
0.084588206171227 -0.0758488944248389 0.16673620689444 -0.0236363412402622
0.0765544889285425 0.0496004993427474 0.443228184924085 0.0477536073837564
0.017067199177055 0.0900363608182613 0.631362559183303 0.441369748961103
0.289658202726031 0.161975062789265 0.351397163763055 0.157786298333677
0.284920424387476 -0.00218915188674759 0.178854708291271 -0.0324727574859897
0.181637256275524 -0.231914066901569 -0.0289322252860387 0.088022040827357
-0.0652945465057222 -0.305338559715997 0.0249880032888873 0.182048626557419
-0.210478258970322 -0.122343033737043 0.197574089063983 0.1669191537963
-0.214557849650987 0.0225754575387578 0.330116854958476 0.034410004649553
-0.196604650527218 0.150850983432344 0.330398317229232 -0.120731866483081
-0.185625689663671 0.182613175837868 0.299636612645377 -0.153338430232578
-0.208055945665326 0.164494825189199 0.315621973221714 -0.132435790549226
-0.251953911546114 0.0291874257290738 0.28999074807085 -0.00592902845513365
-0.244311438041911 -0.123384606514668 0.17970143566457 0.0947453260787583
-0.091890122987021 -0.345939255890165 0.0683429349802725 0.0200141266461903
0.204583813374217 -0.280275811637501 0.165663230803493 -0.0490492658748185
0.324377414315431 0.0071670931625695 0.434529059370804 -0.00934685030708469
0.298614449628939 0.183798992604932 0.593399036610638 0.337825309834861
0.481750618063326 0.215343245411098 0.217132051292991 0.0942582881929273
0.471592748336048 -0.0271383578535899 0.104242017408322 -0.0203694174662937
0.301054055832944 -0.37003125398364 -0.0283075892160955 0.115573125887848
-0.0770254197232699 -0.485905831548116 0.0243313370426015 0.18085132303775
-0.31107696704039 -0.228467716001123 0.161380176565861 0.138888019088956
-0.338012782446696 -0.00682157280317104 0.25092093030163 0.0417015075867503
-0.328657417730937 0.188838228553007 0.236400856508559 -0.0773752066982708
-0.302385900545555 0.245065255350249 0.204794948534321 -0.0840503022462166
-0.329780447469518 0.219736637749038 0.209181300031671 -0.0740452443034986
-0.381461839807819 0.0243638607666217 0.180937682865977 0.0180418445917978
-0.359414781223185 -0.189448016355019 0.0885583228012531 0.0694668612920361
-0.159905448064706 -0.514378101823366 0.0150852745408097 -0.0172578733322081
0.273316520833017 -0.463369005052956 0.142692473269672 -0.0771069585875366
0.517766831354326 -0.0625854779978666 0.369440800054785 -0.0605300806679798
0.537090660849198 0.235048390307898 0.470044023100547 0.200925396821898
0.616529243089869 0.23782321800011 0.0357461068873381 -0.0130337836848148
0.615046007903642 -0.0648636192637246 -0.0175360979220988 -0.0176125002214861
0.389236422030942 -0.48699117751878 -0.0389348645957992 0.141675300067037
-0.0929462666374826 -0.621329316919673 0.0226645943533173 0.162314834027658
-0.382678226223824 -0.305639076565636 0.103308251932466 0.0849109047309171
-0.419903876893875 -0.0341110122811902 0.1303880861008 0.036632247141533
-0.415652168590938 0.198982442235672 0.101627547580747 -0.0265747571002129
-0.373010690581137 0.270728097441593 0.0778518540758609 -0.00155484876129268
-0.396382722920752 0.241551332801202 0.0735947385231229 -0.00085349714592895
-0.449527084758225 0.0189062923022867 0.0442856399378031 0.047329695380703
-0.420457543927354 -0.224123307218675 -0.0249231216756927 0.0410971615864331
-0.210168843805131 -0.599913599120956 -0.0498861460954626 -0.0532243647915554
0.290709855797727 -0.572285809279518 0.100449151919962 -0.0961840690640637
0.619211402448476 -0.12580418971145 0.258610971873979 -0.0860856666997124
0.683515013474132 0.242695007553123 0.278523132852674 0.0603258072106271
0.663869925910871 0.217819020087091 -0.173268058233056 -0.145249244762495
0.669097074464185 -0.101549036317528 -0.172823428704092 -0.0239662141518128
0.41308786384938 -0.538831095188179 -0.0616809203609742 0.150793551751323
-0.102862005848397 -0.66199727645247 0.0104893748570125 0.118806401384174
-0.396275509638585 -0.331422909483807 0.0208684403121579 0.0155689349822112
-0.435268767213712 -0.0529133324141104 -0.0192828177463993 0.0236262980266534
-0.438190778971715 0.181832267073284 -0.0540318434736533 0.0270127306697331
-0.386841588939046 0.253569727997871 -0.0606701921837866 0.080650931292513
-0.403617626477509 0.222979000491879 -0.0684010331367623 0.0741462680034533
-0.4438036386374 0.00333708553489685 -0.0988169359685368 0.074443205613409
-0.402693658550657 -0.228094421801262 -0.139918582722133 0.0102189520218525
-0.204767165471914 -0.579113829830769 -0.107990103896827 -0.0868399403774771
0.268620602077099 -0.568148619318318 0.0541663981667808 -0.102448590386189
0.607166046382248 -0.147003485346867 0.12928408818856 -0.0803851451147314
0.709153765302768 0.214148820856849 0.0585301994991164 -0.0587907685984167
0.609362717496675 0.156975772993458 -0.376547547571013 -0.275417492266641
0.598964536686494 -0.123594720765904 -0.32843086689635 -0.0379706588985061
0.358453156461189 -0.485788885299038 -0.0903059744367766 0.134107751238521
-0.0926285998864605 -0.570614258810021 -0.0144919893520425 0.0563303354475802
-0.334455791258883 -0.290874868544653 -0.0727673558372194 -0.05344051232315
-0.374346802696611 -0.0582510333588251 -0.17015812631891 0.0090646235870413
-0.38994311342435 0.139089088736446 -0.202414671754969 0.0783254110998902
-0.341105001800582 0.199100488442276 -0.190366059979434 0.149581799291218
-0.353000106855507 0.165985088693989 -0.196502659473957 0.13539966367855
-0.369501013819622 -0.0218818211179282 -0.221467455326576 0.0870302097703878
-0.311169365400996 -0.207950887329156 -0.226745662293307 -0.0279870199575175
-0.141326857614579 -0.465154049326344 -0.138030114013891 -0.116806392650703
0.222088090440777 -0.449166074473759 0.0235826172956345 -0.101908744617289
0.496796675650112 -0.118417339709064 0.0165178731548901 -0.0532929977275612
0.617525352048948 0.163325227062161 -0.144361204974963 -0.145757844486655
0.452800935037347 0.0671460965283859 -0.536742150898437 -0.377209321138614
0.414511303931055 -0.123019421143881 -0.448322404941252 -0.0536653442625941
0.231646206414369 -0.336532324287321 -0.117820479493889 0.0995228958391814
-0.0610402140707343 -0.367282558752742 -0.0433607428262546 -0.00338534525481362
-0.20663104232305 -0.195209033443389 -0.150735694750423 -0.101748344391253
-0.246204775657158 -0.0545333661583792 -0.289933885136714 -0.00140372042594924
-0.277019463873643 0.0749640780228176 -0.318176216422204 0.120726223122111
-0.245080167729366 0.115120367274414 -0.289743070021533 0.195939605740084
-0.253713730998717 0.0839134550936984 -0.294232563339647 0.169755962043772
-0.246824487958075 -0.0473574581800075 -0.305687737462844 0.0747868146501468
-0.177994798001905 -0.164029126846307 -0.270105971976109 -0.07429941438221
-0.0556149747701156 -0.293576497954077 -0.131453560137544 -0.142073129229875
0.153786472102024 -0.267356921218665 0.0126789892310016 -0.0975067072569203
0.321066068179204 -0.0691391259687913 -0.0612808586294432 -0.0197194425329406
0.437199421079384 0.0917416916041656 -0.298159360937788 -0.196824392176689
0.221098889760743 -0.0326654131438593 -0.626451196960235 -0.4341977713558
0.160868254779934 -0.0992984089526736 -0.516633298129803 -0.060839436941816
0.0685241356841296 -0.136252072384117 -0.140471798132751 0.067759834092665
-0.0237900685647666 -0.110589784953907 -0.0647299668951834 -0.0403116306857853
-0.0474053819922974 -0.0714517623911351 -0.196238747754373 -0.121313330181155
-0.07870762979307 -0.0448436186838356 -0.356639980596881 -0.00399382572795969
-0.119654090542809 -0.00472688688587672 -0.380613918694859 0.147297211130557
-0.111694879266065 0.0120994295855604 -0.346867182000985 0.21262654629132
-0.119740843134971 -0.00630763490853996 -0.351202789648904 0.174148259632993
-0.0989920027782162 -0.0602514539835413 -0.345276281940722 0.0403873138456602
-0.0409526325270046 -0.0950823960425802 -0.268767112293287 -0.122912995038225
0.0137064537605341 -0.100583857757068 -0.0982298332395643 -0.159370379620562
0.0623331732831024 -0.0828224698050682 0.0138865994743355 -0.0914466569676319
0.121891716633218 -0.0310345196967594 -0.10633333805474 0.00728461152293122
0.209595534914243 0.00753945515535447 -0.386719281082855 -0.209918837094728
0.0749946108406395 0.0896975513308619 0.449741556839087 0.141301726235345
0.0892795939981425 0.0168527138378815 0.207720433199114 -0.0687456421918623
0.0472096549272661 -0.0869602829372657 -0.0282516957178379 0.0704096548168666
-0.0581641319754596 -0.105831104245021 0.0484811742692298 0.172466629179642
-0.0951181859316425 -0.00498155161904314 0.234606683770043 0.153604956701111
-0.0676504275615766 0.0483586875330039 0.36785032862521 -0.0138551554954126
-0.0343516638203671 0.0902537395047003 0.363318320635965 -0.180400704622437
-0.034413507982403 0.0960946306549919 0.335579781743584 -0.228630885761421
-0.044670754633617 0.0924412340323174 0.362751386522133 -0.196965765432799
-0.0811740588119386 0.0468974034899634 0.353221955469687 -0.0530273888605787
-0.106108360437924 -0.017748740297375 0.248316092854652 0.0884685489924195
-0.0468846343886641 -0.12407074717267 0.109791386074127 0.0408297019960658
0.0799664085274313 -0.0826270311357137 0.1665559091095 -0.0366781532667838
0.0802007803283784 0.044157141658865 0.449080380056699 0.0156566568811239
0.0222849784091811 0.0881810085737401 0.671147079652077 0.396055298500826
0.301756427976812 0.139069065578424 0.370587741323942 0.133847202583015
0.284820551485479 -0.0199937639156184 0.178188000971396 -0.0469407904115701
0.161383885378084 -0.245038252791683 -0.019066218343088 0.0909555823891591
-0.0922168627676812 -0.299855506344923 0.0415833123632861 0.180645546778081
-0.222478127864403 -0.105499099891682 0.213584212061642 0.153182351052868
-0.214385293236374 0.0410088248280929 0.333639618238025 0.00672468508270767
-0.184269431914159 0.167277986865509 0.322275388743202 -0.145519838337159
-0.169467673921675 0.198549126478854 0.29022738561817 -0.177224378463184
-0.194448785947589 0.182210169669379 0.305056326201653 -0.156990306631271
-0.252547113508884 0.0497064212150861 0.290863655351623 -0.0277486175299621
-0.256038561745405 -0.103102047521303 0.189685715661955 0.0793987122041878
-0.12166249206245 -0.340590066971075 0.071682169231865 0.0140352767360563
0.18349563266169 -0.298554938619332 0.164524408713001 -0.0634261098757116
0.327025161604638 -0.018119597474459 0.436152752456689 -0.0418673241708286
0.313219944677489 0.159281686140183 0.624338041752687 0.292754185310884
0.500195383386097 0.178541925861229 0.230913322372095 0.0809606322190454
0.470669729166705 -0.0606524353537524 0.105376927300322 -0.0282566141937913
0.270041476030945 -0.395299295812664 -0.0151836805884727 0.118617208670929
-0.118686393516727 -0.481372534508092 0.0415654766941822 0.179618255275294
-0.333911421822113 -0.204032605800623 0.175731220232854 0.12770058408411
-0.340935972016658 0.021247702270358 0.256582466397933 0.0194646333044451
-0.313347785014703 0.216466922026867 0.231325997830421 -0.0935675345287908
-0.279499320457455 0.271715846642973 0.199737297567366 -0.0994588386165778
-0.31093880435762 0.248697154292479 0.203249817333831 -0.0893515759041258
-0.382998084469559 0.0560488663383638 0.18350526890361 0.00470680349563138
-0.378841084691048 -0.161449276997142 0.0966207053159105 0.0631422410598652
-0.20557165592934 -0.502707994334324 0.0165069442139177 -0.018763958400039
0.237510051155316 -0.488764154372626 0.139487638347917 -0.0895054269206636
0.516247426681445 -0.10271551071454 0.367895212652417 -0.090174848530421
0.556565495434947 0.191507399095507 0.487621608994191 0.165428384817982
0.637762263920792 0.189817866778999 0.0390221271649314 -0.0124469362836406
0.613496047948922 -0.111974355956381 -0.0174060954579509 -0.0151845213891914
0.347500133942611 -0.522806688203285 -0.0229898692162134 0.146787732987168
-0.147754241277795 -0.618178592293334 0.03981720185545 0.161231917040312
-0.412454710519352 -0.277965010151657 0.114369948353207 0.0782826941137876
-0.426013131556287 0.000658098240482313 0.136244370239599 0.0236928144526004
-0.39942617317677 0.23451013597036 0.1002091270234 -0.030355051931123
-0.347083028748914 0.303954497354664 0.0792481449051478 -0.00585021825025516
-0.376313643987475 0.276667928572316 0.0737855235992707 -0.00522423063425329
-0.451358395578181 0.0554390712608475 0.0485776563258504 0.0448331914184099
-0.442201204374073 -0.191350189842962 -0.0202157481878045 0.0441599458184924
-0.263477909795332 -0.583852986848878 -0.0506003544038866 -0.0497802073791324
0.242350653745015 -0.60204351408824 0.0958111182420754 -0.105301037153912
0.613004702638355 -0.175281727364749 0.25346129103612 -0.108132346534683
0.702698492987808 0.184141014718112 0.282600551402614 0.0411323881839318
0.684492366533179 0.168117093769631 -0.182251402287877 -0.1298220332984
0.665977173618301 -0.155517924893994 -0.174310969942026 -0.00935999588292321
0.368388116823713 -0.578145610940214 -0.045695911306697 0.158848749746377
-0.160326559874232 -0.65829205718436 0.0238552646378102 0.118466936871116
-0.430230957689762 -0.302309545529088 0.025570239158779 0.0140603677411631
-0.443291684392813 -0.0176683657538692 -0.0153200163301665 0.0232326198262182
-0.423383687893245 0.219637374921627 -0.0519410559084626 0.0364435672746397
-0.363577251795564 0.289237353233948 -0.0535556085795268 0.0874034382822411
-0.384834583786312 0.259559794987929 -0.0624019401138653 0.0812156472990833
-0.447430072453757 0.039870731245848 -0.0929474455204689 0.0836457963949684
-0.426222723983926 -0.196959931704785 -0.137727258782711 0.0235624623600399
-0.257663422061237 -0.563322217340535 -0.111986901282255 -0.0774729563196616
0.221452287578215 -0.595065100244337 0.0487182370447988 -0.109240256113396
0.599684614467472 -0.196686116744866 0.123001409968465 -0.0935148103160686
0.726543942981782 0.153192751627548 0.0505754494056885 -0.0615040238834384
0.62590584274845 0.112023603387069 -0.398663550906064 -0.24641803730175
0.594185175754493 -0.173014015500741 -0.332403627436727 -0.0106749270578612
0.319381175104897 -0.521659802735323 -0.077449386840407 0.144324748843213
-0.142109399997932 -0.568242877608072 -0.00657127367163214 0.0574225565186406
-0.362739385989077 -0.266378927983334 -0.0742397279419171 -0.0477899597265846
-0.382428045801451 -0.0300433274270519 -0.168199150041988 0.021301357364562
-0.378547811749753 0.173199134421122 -0.196967871272891 0.0994869833610161
-0.322797804213008 0.230565874355505 -0.179113850585596 0.166798577807942
-0.338463929330573 0.198249612040227 -0.186291076073537 0.151441831950533
-0.374108221543997 0.00986404938623837 -0.214645945873307 0.105307721318758
-0.332348937428923 -0.18344271935656 -0.22893292437868 -0.00777167750221657
-0.183382934286892 -0.454206125750454 -0.144948234701657 -0.105305604926765
0.184247450417107 -0.470735732082798 0.0172919812267872 -0.105955708773206
0.490222159211231 -0.159245427449654 0.0121395970375625 -0.0576719649677806
0.631004409962718 0.110839504638553 -0.161468597289896 -0.133237646955228
0.462066540168248 0.0334010590576877 -0.570108483318786 -0.33969284661002
0.40892868937001 -0.156854993382764 -0.454565586738827 -0.0183965395369836
0.204303098954298 -0.3620313843057 -0.10920909447065 0.110898396680865
-0.0938446879704957 -0.366487146403439 -0.0410853376216601 -0.00059207395568941
-0.226136825506362 -0.18158267443725 -0.15823712718341 -0.0918185790123585
-0.252916308174907 -0.0355950600730041 -0.290036898247191 0.0210743672673643
-0.270292942267762 0.098522791767735 -0.310393218862976 0.150075108899131
-0.233917103384397 0.137078063883433 -0.276223224341508 0.221393328722253
-0.246237947388785 0.107096086298017 -0.281081329633522 0.19333007285124
-0.252747426520145 -0.0266667914767084 -0.300068099495638 0.100096372530055
-0.194248593673562 -0.149836236468035 -0.27633556079958 -0.0512004085721801
-0.0825949954072857 -0.289054999624002 -0.141240974143559 -0.130706273248103
0.130297164930336 -0.281922511152753 0.00614352215034897 -0.100666225715719
0.318377627596692 -0.0948050693993969 -0.0634696835612394 -0.0189902965663808
0.444879849049809 0.0551904084023276 -0.319966948060255 -0.172811388967006
0.221544512537755 -0.0484587769023938 -0.66644667810763 -0.391265637804123
0.155638985335142 -0.114232834341409 -0.524748013947707 -0.0205804905027581
0.0575231699485489 -0.147044173476097 -0.135939318697613 0.0804289173968561
-0.0331802558390571 -0.111345671427898 -0.0668419207902892 -0.0358126951570699
-0.0543656276356824 -0.069259819693491 -0.20640309131781 -0.108063571239611
-0.0837049640322437 -0.0400849926143411 -0.358130620160637 0.0245471906059099
-0.119117702332397 0.00532647924194168 -0.371178363210766 0.180284618918306
-0.109807932052946 0.0221320640296106 -0.332654553931541 0.242769587831947
-0.120334443009329 0.00463683907097968 -0.338059590908226 0.201876292804076
-0.105135572822912 -0.0514321451514703 -0.343029840844822 0.0687391036689498
-0.0497665097895427 -0.0919383933513272 -0.279275610215457 -0.0998579011675708
0.00373946942466195 -0.101378281735225 -0.110336126172712 -0.150206335008828
0.0538737695965681 -0.0890801023991056 0.0061790725108711 -0.0934355124418282
0.120981067966208 -0.0420886112512608 -0.106002430631555 0.0128431809694913
0.211550545917001 -0.0099863664301989 -0.410767218304142 -0.180406980042705
0.0758202879910065 0.0801603202516575 0.44892072443247 0.108577261648118
0.0869746625091045 0.0138348724451165 0.196016763788692 -0.0813299239318633
0.0403757930470072 -0.0839742353415004 -0.0212138411519178 0.0684862299087891
-0.0637378259789939 -0.0974634830021876 0.0586045101954293 0.163552406823063
-0.0915352151751953 0.00213306380892729 0.238162671371591 0.132094038986666
-0.0620405644070115 0.0517410455362479 0.354197850297627 -0.0394787502296391
-0.0273177760931127 0.0891315021829064 0.338141502472855 -0.199678374839624
-0.0257834403912385 0.0946965412600676 0.311078427231656 -0.24335577071146
-0.0362491519900162 0.0921793300752534 0.336100261050016 -0.215100551278618
-0.0755341554880055 0.0502167422448665 0.336672812821825 -0.075144970952595
-0.103574965264379 -0.00887080226668017 0.246946357632697 0.0664913552860466
-0.0537014819805187 -0.116806595766695 0.108240974354498 0.0307860433544231
0.0724229829961869 -0.0854037010220491 0.15964989983207 -0.047274710617049
0.0797786360696149 0.0388231101561283 0.436790211385224 -0.0132638328964409
0.0254801384837989 0.0834173417105852 0.679964301264334 0.339032558710591
0.29925026558346 0.113585345249726 0.372212606784258 0.107070469847073
0.27395504968292 -0.0351743796991608 0.169886513965577 -0.0572726612563706
0.138058964881044 -0.244889165537894 -0.00983006271236905 0.0884940678022902
-0.111741235294578 -0.282246242626329 0.0539824889679548 0.171234675924073
-0.222984031423117 -0.0862048384858554 0.218348059882189 0.132937327882827
-0.204393130111658 0.0543504681308238 0.323105664324177 -0.0182038300331962
-0.16585368293994 0.17443500038783 0.30115208141706 -0.161831675687573
-0.147386482320698 0.204406353537246 0.269824261735899 -0.190738044593639
-0.17377158390224 0.189960876705029 0.283643451057175 -0.171171332151328
-0.241083943381311 0.0657621991431918 0.278672671324279 -0.0465578974748343
-0.255673270793746 -0.0812306027885055 0.189907767254416 0.0627641317322407
-0.143420081236983 -0.319854054371922 0.0711629773421164 0.00749433715376226
0.1567617173685 -0.302409417329287 0.156448100856591 -0.0731047828742165
0.315392796899487 -0.0386794467569807 0.420244774469098 -0.0688589378642658
0.310274515699019 0.131604254567417 0.62598465125912 0.242724276702756
0.492856234822845 0.138729580455522 0.234633959226718 0.0658496890060685
0.450757342508736 -0.0865245770326119 0.101756405536313 -0.0342771590490814
0.231127026517817 -0.399488556325184 -0.00278722269396973 0.115285555396219
-0.152086667072337 -0.456225993244467 0.0547094986527958 0.169979556903466
-0.338282979452417 -0.173798810508228 0.181273909864467 0.110484324874858
-0.328574664311586 0.0449421740653653 0.249397652937268 -0.00130841789731647
-0.286661860861358 0.231681140611851 0.217463850868849 -0.103909967536534
-0.247154120604041 0.283962428640323 0.188941124259106 -0.10870338832613
-0.280837076728669 0.26267426103003 0.189967991057857 -0.099162773545543
-0.368077857833642 0.0819301899025883 0.178270960049081 -0.00756275364090642
-0.379094497303386 -0.128710429689463 0.0990185711678202 0.0540311218447893
-0.23705119097643 -0.471957736458224 0.016416994650502 -0.0207624356671028
0.194912480853179 -0.490904106388592 0.130759871191572 -0.0975977747759
0.494099057418952 -0.133864446821137 0.350276672638113 -0.11215794239966
0.547453773910662 0.144448042082476 0.483807780028062 0.1302225838039
0.628872993856414 0.140787002284849 0.0425922725910608 -0.012264484485631
0.586717209539521 -0.146151495313704 -0.0156581663354479 -0.013082248507651
0.296941610684333 -0.529738156207039 -0.00829540000227084 0.143722136017459
-0.189801170217504 -0.586784591644504 0.0521132529264818 0.152036227310842
-0.42165389375587 -0.237924390794301 0.119236267560267 0.066612282084447
-0.412743307906487 0.030387637170797 0.134110185544211 0.0106887780997204
-0.368371544714903 0.255193589214295 0.0959522586698672 -0.0328818861326952
-0.310633517818055 0.319254666206525 0.07822913479318 -0.0102789700643754
-0.342884603336572 0.295476805041658 0.0705289697420589 -0.0088013159102647
-0.434473401311405 0.0868533314693031 0.0503095620589609 0.040929448379518
-0.445055536610279 -0.153115557295539 -0.0149313517801538 0.0452987531509877
-0.300639328333772 -0.5440052772082 -0.0496510248558159 -0.0460654404942838
0.19167420715763 -0.600676340826864 0.087500571522941 -0.109575465720464
0.581511677998816 -0.210389756922297 0.237861439132999 -0.123683022519561
0.689988404529809 0.127711823098149 0.274757811816904 0.0228315587858526
0.674207495632443 0.115514133667202 -0.181237331346521 -0.110983563008894
0.63462627417694 -0.194262924721784 -0.167899538760139 0.00381079404871949
0.312406212021353 -0.58700969082297 -0.0298548663832554 0.157410100273237
-0.206804540260986 -0.626372943070838 0.0337902548116875 0.111751014482796
-0.440528802579832 -0.261360413623938 0.0282543157103338 0.0114682936871244
-0.43218900877748 0.0136669637011864 -0.0118503178165439 0.0210471280533665
-0.392230702437901 0.243034170191512 -0.0461472586723309 0.0435876598670543
-0.326043523339011 0.306296601886072 -0.0444381295626341 0.0894394389973757
-0.351362361710817 0.279321530048316 -0.0547483808030056 0.0836906641161733
-0.43056222334148 0.0715350671319479 -0.0831861336469218 0.0881290875506725
-0.428897152574148 -0.159426226089942 -0.130283548051799 0.0333620482556026
-0.291472005242332 -0.524884857330818 -0.110705632828758 -0.0688132458121036
0.168494654102936 -0.591704098474637 0.0420011471489319 -0.110199291767569
0.567329007084985 -0.22999992322867 0.112528159099627 -0.101066841706011
0.708976946596471 0.0955027187524363 0.041618093944881 -0.0596516885575799
0.614484710544195 0.0670091754702645 -0.400324934566926 -0.210880102661541
0.565072634091313 -0.207997942052228 -0.321738560954094 0.0129942054794262
0.269327133715599 -0.530537636949306 -0.062164495137128 0.145729207956459
-0.18248557356612 -0.542105938795062 -0.000181535344354549 0.0558498351865836
-0.374311709339091 -0.232746752753916 -0.0730292096590164 -0.0424511117049467
-0.373657185575972 -0.0018250434473974 -0.159963675316736 0.0304720214608394
-0.352349047045186 0.193829590326581 -0.182740267040654 0.114408174177161
-0.291923774971446 0.246999039606937 -0.160757220086095 0.17458954383923
-0.311239904724948 0.217592388042186 -0.168798369406589 0.159958553878797
-0.362151956946681 0.0358206839021356 -0.19896656758621 0.117452932325931
-0.336314029676803 -0.154621056729761 -0.220290002362352 0.0102206732729674
-0.212484617374069 -0.424343395664817 -0.1442608658519 -0.0921789304302426
0.142303694928629 -0.467739574475437 0.0108403510558733 -0.105063718749215
0.46430834732503 -0.185937537289973 0.00755427678249716 -0.0597152290113553
0.614008787320231 0.061409315372823 -0.169071638256374 -0.115021101403605
0.452541736737715 0.0033232254808881 -0.573423313526106 -0.290529883660619
0.387046450433328 -0.180728427298806 -0.440710614857959 0.0143420955527911
0.170222271283191 -0.368920606655296 -0.0962323967258171 0.115557935918225
-0.120613078400755 -0.350634353976587 -0.0379581214005986 0.00162470801315511
-0.234217299066978 -0.160734396734988 -0.158087923158715 -0.0787805138577137
-0.249346999172404 -0.0172990587414725 -0.278180961141687 0.0393029381611008
-0.253610457149767 0.114553882389003 -0.289174528489986 0.170198475765983
-0.214067069218375 0.150186808674254 -0.25255424077542 0.233562366252421
-0.229571120640954 0.123125247187697 -0.258114827567129 0.206185454234773
-0.247082122773246 -0.00709078183854166 -0.281906955266162 0.117411424028312
-0.200133736514896 -0.131562097161191 -0.269205300463524 -0.0277478017038645
-0.102442617838795 -0.271550744868412 -0.14277432519975 -0.116578246144759
0.103246622902157 -0.281589593138056 -0.000540135336851045 -0.0986486604805832
0.301452266311126 -0.114328933863736 -0.0629410130117448 -0.0169871934432677
0.431301263210547 0.0206121240642104 -0.325647350018225 -0.143099392473028
0.213226975952347 -0.0598787194203801 -0.671034407915549 -0.335262762017255
0.144081434965062 -0.122334350178026 -0.510440143100565 0.0150191412354333
0.0434768680591479 -0.150404955344316 -0.125306348918497 0.0877044961454238
-0.0418533944457249 -0.107704947907391 -0.066693599737531 -0.0309753088878427
-0.0584882760765383 -0.065037990097766 -0.207271873178553 -0.0907206400463229
-0.0846254572415238 -0.0329208696325308 -0.344567340894761 0.0481898122805138
-0.114729818714286 0.014369783536699 -0.347066352714947 0.202547158781518
-0.103348441722893 0.0299313406324906 -0.306152442552395 0.257290732776438
-0.11555170856718 0.0151672860490287 -0.313249743078115 0.217421772313492
-0.10545093092579 -0.040953933682846 -0.325650067421418 0.088871105708884
-0.0561798798016667 -0.085403044242398 -0.275939224559828 -0.0757121141855749
-0.00514773592795767 -0.0968497110681418 -0.115013910978101 -0.137066537132878
0.0434092780661815 -0.0904510021042182 -0.00101177827825719 -0.091163202217531
0.11504255960525 -0.0503032327781231 -0.102952829844205 0.0166699106418779
0.20336325915676 -0.0259523881807069 -0.413771107739617 -0.144512633431514
0.085684247288368 0.0599799284240867 0.446551064797124 0.0262298587838148
0.0826594059835213 -0.00036001379041237 0.175005550135207 -0.110409016916109
0.0282695291210504 -0.0796753800749906 -0.00328447187316184 0.0633312625148597
-0.0689470317959742 -0.077839904582145 0.0835564732377612 0.137088834183601
-0.0804441287026481 0.0108988967786748 0.242918971638962 0.0853567732566464
-0.0516047052117686 0.0527463280347217 0.327903252845287 -0.093128687946766
-0.0140903291163939 0.0833733907293243 0.292206181536934 -0.240740841240719
-0.0118842110615241 0.0891489616849292 0.258075386219015 -0.280339210477311
-0.0218196755233359 0.0880442198598382 0.2847759243452 -0.261855833824239
-0.0626510694450163 0.0559462243664315 0.306598851406897 -0.131981559475577
-0.0951943476310829 0.00401370916192557 0.24561752773214 0.0185271143930064
-0.0658088940738349 -0.102451404558531 0.108076337154713 0.0122448864891819
0.059233443802549 -0.0886454324336273 0.144690449713598 -0.0719028765503787
0.0861014495967685 0.0276340430463293 0.405983734400288 -0.0847503446983725
0.0441692612932703 0.077385622628768 0.690704470175505 0.217155919234612
0.29651102189485 0.0633458940338055 0.387389428479214 0.0414372373422128
0.248739933218011 -0.0716879584861031 0.162939053339859 -0.083732942572549
0.0937855037530949 -0.241279143914921 0.0208891727999735 0.0699086022381863
-0.142304982071031 -0.239607664876896 0.0843561515591347 0.131399109654603
-0.214674924029064 -0.0514713684434401 0.217205566115751 0.0810600682532245
-0.184496449104835 0.075526949645266 0.29516681355293 -0.0685779305509182
-0.12885604576167 0.18348565410561 0.254580622480936 -0.198509747747586
-0.110676269413499 0.20816769812895 0.226272590568468 -0.223534213948535
-0.137045139196776 0.200862597940828 0.242534831427829 -0.214768864186434
-0.217396441682154 0.0955300582893572 0.258187564346588 -0.0988697983305416
-0.248374453239878 -0.0455473933117012 0.192871503123878 0.0254146979493812
-0.180555280547079 -0.282437671155226 0.0733765772685096 -0.00147471448888039
0.109476769788082 -0.302005065623129 0.142097566211469 -0.0981057032737781
0.295338367436151 -0.0793424721512409 0.379461775077613 -0.130473343331933
0.31910102224697 0.0851506658910747 0.624848356190248 0.137196718411214
0.478347502630537 0.0623214184173651 0.259440866441159 0.0281823948766014
0.403878034549597 -0.144309553681765 0.110261289672854 -0.0504336638407273
0.155895972228221 -0.396652107552123 0.0420119252630081 0.085615774886586
-0.208600831278899 -0.393164965105945 0.0899327263400782 0.117375232917495
-0.336282552917533 -0.114859322967735 0.170843560373303 0.0586331435271914
-0.303107959246148 0.0845643436019988 0.223239341168783 -0.042176502723453
-0.232014724518193 0.25618249834826 0.177248516923971 -0.129024594494992
-0.192781608485234 0.296381442396025 0.160386017731256 -0.133507744996967
-0.226339475166177 0.285908138986276 0.165706792491501 -0.132626414028152
-0.335894634271594 0.130116529362946 0.169696579737404 -0.0472665357534363
-0.371265844353909 -0.074064462638671 0.105986625192014 0.0330040891678989
-0.291783218390477 -0.412005108980214 0.02104159705511 -0.0171009629313429
0.119584689542311 -0.481029228227222 0.117022698074885 -0.11899825612386
0.448454871785184 -0.195614862289479 0.305580645932861 -0.155451400113276
0.542212749921363 0.0649801189202922 0.471816238178939 0.0546349672368917
0.601869694971055 0.0490903506087991 0.0721635237174187 -0.00998126987410264
0.522127064867084 -0.218786608606323 0.0083551098757707 -0.0111190593917086
0.195450042425176 -0.526392032176882 0.0487207526365652 0.105275221896405
-0.267438473658973 -0.506514188873356 0.0874209554028156 0.0914898664375321
-0.42464432032352 -0.161075442309894 0.0999857214484225 0.022949791643677
-0.384512344868041 0.0842570685083944 0.111884663466223 -0.0130033322779949
-0.303434323360569 0.290179013601922 0.0680451208033201 -0.0411542390874447
-0.244729628549955 0.340070345019945 0.0693978462498489 -0.0225788401818024
-0.277852021878969 0.326972661449671 0.0671907265644986 -0.0291109943356226
-0.398254134488248 0.145725304828969 0.0567784127715419 0.0190849689281754
-0.437774869084654 -0.0888488027325759 -0.00223980438763902 0.0450769188061136
-0.363154198345465 -0.470916344796656 -0.0433731031678956 -0.0294481609359911
0.10115073409109 -0.583556602277529 0.0752994446244765 -0.124521947046307
0.517017577755244 -0.280892906059798 0.198162577592734 -0.144368944954364
0.67012919340034 0.029303749564422 0.257620149781878 -0.0113413666113302
0.637798593393467 0.0227521530235839 -0.15460088365151 -0.0640746628498818
0.560308037483657 -0.267823377895037 -0.130632593833198 0.0298483143405551
0.20230470444204 -0.582260782417271 0.0322272706352126 0.118632246269483
-0.287389531262779 -0.541431583461222 0.0631134465546999 0.0532656085034738
-0.446264741663175 -0.178808695918244 0.00324779296572733 -0.0159803083288721
-0.40402492241563 0.0729907965890289 -0.0264104724030798 0.0196134137525401
-0.32677831005293 0.285473254936144 -0.0579469362751816 0.053256399346006
-0.261175532869149 0.331344181135398 -0.0318286391502572 0.0915218829368123
-0.288160265031265 0.31517357714205 -0.0367986602283224 0.0798893737261446
-0.397925394123539 0.131133602905332 -0.0611939586420819 0.0877802276127534
-0.424113132185287 -0.0972019085445111 -0.113609686804949 0.0548119649915494
-0.35443895766684 -0.453138874661856 -0.103961872743214 -0.0409141992989799
0.0809658560070672 -0.571674549306862 0.0318203699057189 -0.117509642356746
0.499125100447156 -0.297616520622514 0.0845664134270241 -0.102307377658143
0.683032594416212 -0.0029070381957698 0.025562020101997 -0.0531164004090665
0.57162898734913 -0.0136545478670392 -0.382448011386263 -0.121764800030087
0.493320540384968 -0.268299978953819 -0.278312085024007 0.0641087201791839
0.169813900244688 -0.525218933538621 -0.00469243278145169 0.116171681268086
-0.254260908915577 -0.46884173519609 0.0197702117096318 0.0114887511865211
-0.382511060665321 -0.160416028511779 -0.0985860127167975 -0.0471511119654733
-0.352442349414927 0.0519589869700469 -0.163488165460655 0.0524018285404508
-0.296437900741548 0.235561253510671 -0.175353461174638 0.141806017650759
-0.237873463924379 0.271372994863075 -0.128863275914439 0.19079064591706
-0.259317643900529 0.252218521473814 -0.133332165615868 0.172905087741158
-0.338448572590434 0.0889814862370036 -0.167065677054638 0.137000321130406
-0.337587940528807 -0.102577901654515 -0.203211258161309 0.0493079833944459
-0.263371024778368 -0.370433098559133 -0.141872284669891 -0.0584892487923235
0.0709983701542708 -0.453901536236037 0.000989518045771178 -0.106066120012836
0.407898980441009 -0.241885231238643 -0.00703016352524021 -0.0483595169672432
0.583744506324374 -0.024181854686298 -0.181163905914114 -0.0735286052092995
0.410314635670148 -0.0500611624329417 -0.56898411397538 -0.169804637960254
0.331861115540056 -0.216248028155042 -0.399823822193605 0.0853801321443422
0.102309391420259 -0.362654264433623 -0.0526688778665708 0.103636073536179
-0.168071818548153 -0.303253728144863 -0.0295290829305729 -0.019559236802914
-0.244373700027725 -0.11208660657869 -0.177497593458404 -0.0619556448520133
-0.236938750431305 0.0213320031441337 -0.269491001315159 0.0800030258923058
-0.216319511827655 0.147510190681457 -0.264017055867499 0.210426846466444
-0.178559549793867 0.170875922770931 -0.206223048482072 0.26144842101224
-0.195532980637026 0.152671078335849 -0.211332625826968 0.233545926897014
-0.236036840107548 0.0323437243645621 -0.245421407407576 0.154228292196581
-0.207439463427253 -0.0978481523456197 -0.256971936474725 0.0213965202797515
-0.137444440705278 -0.241820123267388 -0.147761760622191 -0.0830202137638958
0.058101934248254 -0.274761392896834 -0.0118231117387996 -0.0959060534393942
0.26468907240683 -0.151474786300622 -0.0654666475410758 0.000425635665712074
0.404722227494405 -0.0382533647851017 -0.332062294938897 -0.0782451070192379
0.178663852005719 -0.0777705859005657 -0.67972013209052 -0.199364060203115
0.114242653975671 -0.126889699326472 -0.475577903311977 0.0994816805405138
0.0172092929021 -0.144393634417167 -0.0978207731816837 0.094386458618135
-0.0582541350865391 -0.0920484601085798 -0.0661445989282026 -0.0272675815733878
-0.0675078397356426 -0.0480336520514503 -0.216574072090596 -0.0566728413135701
-0.0845515973143509 -0.0150208327888261 -0.32411319347736 0.100814929630345
-0.102281791036764 0.0339860941933768 -0.307859201263588 0.24890836175699
-0.0914960473523351 0.0449992124411027 -0.253056722908339 0.293004989245326
-0.104735026923645 0.0353308684638835 -0.262399976375339 0.255762609288359
-0.107013814611329 -0.0205093375391415 -0.292394282156581 0.138909301333206
-0.0669532246080927 -0.0721370225304881 -0.273290383122913 -0.0220154035168801
-0.0204947189874854 -0.0913700574560108 -0.128794560061345 -0.108001285969641
0.0269461453729957 -0.08991351847214 -0.0148422003185946 -0.0864847407395969
0.0989088826239758 -0.0656038357260104 -0.0954382284412162 0.0339957496485446
0.182802514782817 -0.0514674209792449 -0.414825750474832 -0.0691965010109124
0.0795549789525479 0.0585806467461621 0.435673904511899 0.0281080351672742
0.0803190015842692 0.00315404601009505 0.168999392750325 -0.104864827408281
0.0295356803879254 -0.0751952204540222 -0.00229232971560509 0.0611610488936242
-0.0653674074794907 -0.0749709818779858 0.0805107175600921 0.131937282759252
-0.0779443067801064 0.00985896629887194 0.235173569796849 0.0836724207603504
-0.0503120500201319 0.0512570876229829 0.315962062497913 -0.088295855283967
-0.0141577399215107 0.0800760791839915 0.282168280955456 -0.231150881124203
-0.0113793312936103 0.0860596504052226 0.253475818259231 -0.271020416123919
-0.0214464141414075 0.083890853317479 0.276621759092834 -0.250323050752721
-0.0610255970852079 0.0530693983435312 0.297375678659334 -0.125312907090717
-0.0909535533431108 0.0034451916776399 0.236757351624335 0.0181202101613226
-0.0626568937048983 -0.10032143132786 0.103211934394682 0.0126720090281758
0.0586738111238629 -0.0857491423434805 0.140664788681626 -0.0690747435086587
0.0831338729229157 0.0293562281318414 0.395620533856143 -0.0785670431912728
0.0412252708551608 0.0764066566904802 0.668199081682801 0.214911975389146
0.283807626079796 0.0625647742288912 0.378929234441793 0.0421760513647145
0.241184113560576 -0.0645619325886492 0.158311434599737 -0.0785866536325882
0.0926187994187538 -0.230773437875537 0.0216781266030794 0.0664055458389671
-0.136060162367153 -0.232113731522949 0.0812669416367958 0.12626821826447
-0.20812311514856 -0.0512967678270253 0.209023220514556 0.079051386132425
-0.179687788070669 0.0723866632362459 0.284797088766069 -0.0658623972088175
-0.125488915875165 0.176491862897706 0.247546065930758 -0.189110028826771
-0.105881827026146 0.200422591521891 0.222457158210184 -0.215881729274817
-0.132598183037746 0.192597523226789 0.235905099080663 -0.205748327072103
-0.211290843589564 0.0910465009464337 0.250160003791202 -0.0930881938049977
-0.239508517270137 -0.0445499137064911 0.185994382286221 0.0243442355982149
-0.173530127259314 -0.273482153262742 0.070059784608984 -0.0022554177127097
0.107714809954398 -0.292334739901855 0.138547826484101 -0.0948357706590979
0.286961940881595 -0.0719794664470996 0.369332801681052 -0.122770368916814
0.30543937719433 0.0855125678009371 0.603360490464776 0.139337106311405
0.461520019808961 0.0627236025926863 0.256370836920039 0.0290717297469864
0.393136060316404 -0.13476778268228 0.107910869889671 -0.0475236742969937
0.151069272133864 -0.381105765543326 0.0421217221466227 0.0812276820639914
-0.201522668575148 -0.379695889211354 0.0869998849700712 0.113109515636183
-0.325749529726983 -0.112825223793669 0.16590507808822 0.0571267346459471
-0.294550447352493 0.0809189954770247 0.214963251812288 -0.0412891945344795
-0.224435093672627 0.245897441749678 0.173280659818232 -0.121871873091437
-0.184847405759707 0.286020421642991 0.15766721338172 -0.128344269374224
-0.217978931818151 0.274970383652158 0.160985821690036 -0.126394887459818
-0.325684503659577 0.124285353882145 0.164961915074354 -0.043413022731825
-0.359755668825596 -0.0734395407081253 0.103157255965751 0.0318872977521794
-0.281116305517185 -0.398832807994413 0.0199094555118173 -0.0191522278802668
0.117857475702941 -0.466730378896456 0.115776005317134 -0.115617951234006
0.436407432295459 -0.183910202492352 0.29752045552993 -0.148176590416915
0.521306143960986 0.0668134037080329 0.456825153485999 0.0585432701830221
0.581948253963561 0.049806346630974 0.0753445789733514 -0.00921731050236864
0.507799732027438 -0.206718894950728 0.0105370347140013 -0.0107440105900271
0.189727477323197 -0.506886515703189 0.0481908425939072 0.101261855350749
-0.257802504836617 -0.489409083172546 0.0842940718775448 0.0880232148320568
-0.412249484653743 -0.157370045283565 0.0970419237132287 0.0215350757304938
-0.37316383466323 0.0803273473331926 0.107319116317842 -0.0141149069684115
-0.293787232509338 0.280568361833175 0.0676152544335473 -0.0372321881286969
-0.235622266057498 0.327702903802125 0.0690137318477969 -0.0212282733340225
-0.267144711096031 0.315024687735172 0.0652154479841471 -0.0267459812490807
-0.387193301333317 0.139648490018997 0.0555543332202654 0.0206664212696182
-0.423456163343488 -0.0870222551496648 -0.00130004328710447 0.043556378402939
-0.348753786508397 -0.456591746911701 -0.0421759928789494 -0.0316640411227758
0.0988896761008828 -0.564445273596918 0.0759591460409544 -0.121604684393887
0.503770122411813 -0.26687489549662 0.192221754585146 -0.139798963638828
0.643674450344267 0.0338840997186996 0.24930266569127 -0.00626253719415148
0.618383176518581 0.0257035818137958 -0.144583018574438 -0.063712766328945
0.546214827502254 -0.254326138100016 -0.124685881964733 0.0277296792566685
0.195560711972186 -0.562477591122294 0.0323776583275634 0.114195843892646
-0.281418802414954 -0.523682162933843 0.0617384272882361 0.0513108915164346
-0.434140389926049 -0.173321843102883 0.00386053010638022 -0.0172622376918302
-0.393429113533553 0.0685490509139991 -0.0257968638971736 0.0166542749350825
-0.316353412990355 0.274741229056174 -0.0537961013894424 0.0540831197248205
-0.251120146061146 0.318894979229658 -0.0303058367369469 0.0886455426996153
-0.276774941032754 0.303262229097397 -0.0367298623296818 0.0781048955181598
-0.386735983662981 0.126379757172969 -0.0592046709376402 0.0856590491908389
-0.411149682832918 -0.0948441659689441 -0.10791826418104 0.052733299777713
-0.340739701849961 -0.438396003730483 -0.100622367176688 -0.0439481427457686
0.079588746512647 -0.552878547328862 0.0338441313065966 -0.115404545485208
0.486070849485048 -0.282904774784648 0.0819477077308475 -0.10018379383346
0.654476784591304 0.00147727275150929 0.023541502442129 -0.0479350633336152
0.55563585205783 -0.00941034549739144 -0.366148930674949 -0.121432279490615
0.482642139992803 -0.256043256689249 -0.26835747876996 0.0591778933368896
0.164199608496105 -0.507888309004137 -0.00412321348699385 0.111967462862358
-0.24807871153965 -0.455087106013447 0.0193611135691846 0.011088151227268
-0.372737297068987 -0.156977726332938 -0.0945211021615056 -0.0469647461759813
-0.343706547632161 0.0484641734116167 -0.158424771735443 0.0480240021206581
-0.287062297651998 0.227153410161161 -0.167554167626125 0.139292680600381
-0.228649234427586 0.26132171997083 -0.125407137328957 0.185243970574124
-0.249161641671259 0.242810088037066 -0.130549982225099 0.166443206481928
-0.328327908389783 0.0853623030673718 -0.161223334810466 0.132266019316113
-0.327949911808278 -0.100298974113051 -0.195183173593714 0.0470013884017914
-0.254257897982906 -0.355914745721293 -0.13625122474195 -0.0606051445467362
0.0690356889797759 -0.43784270188864 0.00347747586562615 -0.104110754078019
0.39626056528488 -0.230364748074262 -0.00760069228391331 -0.0480750014552013
0.559756275125151 -0.0181196264658264 -0.17649899670612 -0.0692466338278173
0.400108898327567 -0.0457613813149412 -0.547944414575521 -0.169635913137479
0.325043139929961 -0.207755284358663 -0.386800066189577 0.0790493237507573
0.0982087552944628 -0.35260406796932 -0.0510267297932693 0.0998012946277455
-0.165487441549767 -0.29594077879282 -0.0284978758909192 -0.0190691052130556
-0.237613772023736 -0.110077971673479 -0.171555005159727 -0.0615420196115747
-0.231123942183696 0.0196249833035678 -0.260769902197846 0.0753856153874661
-0.209235107422406 0.142422679195619 -0.254489523776257 0.204213777017595
-0.171209626934925 0.165681204255071 -0.201700885773793 0.253516620408699
-0.187817712752639 0.146871981539974 -0.206568188184495 0.224367538698426
-0.228797026611275 0.0310480970832434 -0.238013150340339 0.147742218960033
-0.202161540124357 -0.0952688395640068 -0.246349063297816 0.0197416065256213
-0.132716490715202 -0.232670614103129 -0.141304314495253 -0.0832137048689165
0.0553683849217825 -0.264735034245929 -0.0102797874250497 -0.0937556924878827
0.25655739078732 -0.145474661804558 -0.0644478853719226 -0.00129219224648141
0.388470177840898 -0.0335348396100621 -0.32300650945606 -0.0756991686812287
0.176389928980766 -0.0732430972220389 -0.658914943420763 -0.199121018569825
0.112269419927891 -0.123338335695205 -0.461612798708395 0.0910668143708715
0.0152660396089892 -0.141166235713282 -0.0957890797878657 0.0904792823078005
-0.0590456564925354 -0.090305853109229 -0.063926898447164 -0.0275736143658331
-0.0665439410390745 -0.0470012944568534 -0.209429970070676 -0.0567408052652207
-0.0824643064094441 -0.0154306869737268 -0.313497079314587 0.0946773510990012
-0.09859997114004 0.0333562373516342 -0.29830141050253 0.240228195974604
-0.0876937377606568 0.044220037859161 -0.247352587431558 0.283932746176973
-0.0998141048119528 0.0351451399835411 -0.255620130692004 0.245629035817706
-0.103142839700655 -0.0186700965360464 -0.283330381884703 0.131991132856997
-0.0662396525653713 -0.0691869966381806 -0.26177265026274 -0.0222760620459501
-0.0207369374054796 -0.0871219339724319 -0.122945645106568 -0.106064580956668
0.0249141485665954 -0.0865077922215735 -0.0139445594942993 -0.0838142409395573
0.0960170321602968 -0.0648307586246895 -0.0935814623475578 0.0312986430986341
0.176038984826465 -0.0493903447336314 -0.403541485549478 -0.0681502532665298
0.0750486660815682 0.0615036844437111 0.44121477642225 0.0395270768938567
0.0814572314648724 0.00738579001928482 0.172215845235271 -0.0991203068959507
0.0335835033569758 -0.0735530240773912 -0.00297308296689632 0.0606677621126032
-0.0633034541191249 -0.0765395163736055 0.0780659137533846 0.133392219943356
-0.0785915243003459 0.00791610829931189 0.234047223659219 0.0889114570929213
-0.0521347625610169 0.0507511424037266 0.317974321974443 -0.0803479742247996
-0.0162594116579692 0.0791395321459357 0.287616942986755 -0.226371664453476
-0.0129258412028617 0.0855660226444984 0.262572380559921 -0.267035716035373
-0.0238931524037643 0.0826329928399544 0.284081762611205 -0.244535062816778
-0.0626936858839529 0.0508730646276847 0.300871223232854 -0.117672393245587
-0.0902562752813289 0.00134312505636046 0.235778168287688 0.0230315424418664
-0.0609211653123467 -0.102068725311653 0.102737665122409 0.0155079733645834
0.0610393201974506 -0.0853485518637136 0.14367499006563 -0.0654669743262588
0.083340346607127 0.0336103258305817 0.399409417255095 -0.0681872426809793
0.0379569817289617 0.0780243633504238 0.666804230877714 0.233653217087272
0.280122134716934 0.0699784815307895 0.384710723719597 0.0516134968133221
0.244911412783624 -0.0561952540564722 0.161916621381718 -0.0740772284742681
0.0990492214914383 -0.22805572762218 0.021210103682166 0.0664993054568076
-0.132339619575303 -0.234513045426379 0.0794320006855704 0.127382968688782
-0.208469939898359 -0.0563948051257004 0.208527199218159 0.0838311505071096
-0.182702268549119 0.068794321460065 0.285694121721706 -0.0598021053565363
-0.129502403442194 0.173097588440408 0.253283800384782 -0.183460846180328
-0.109336004087947 0.198188298385427 0.230041538149851 -0.213114107441419
-0.136650295696831 0.189745810987443 0.241243192698785 -0.199413815082387
-0.215306781485919 0.0865692701036074 0.253761166190723 -0.0865290949661094
-0.239158811032775 -0.0497321349960693 0.18587714464975 0.0282696783576059
-0.168150634669502 -0.278441648851422 0.0694696247438519 -0.0013593898569794
0.11466549645663 -0.291718735097912 0.143394284634251 -0.0926584607035001
0.291383765772774 -0.0633649651077534 0.374788609009917 -0.114323129927528
0.302650824380091 0.0939734996941634 0.604895069892445 0.155469323341242
0.458570593658408 0.0737651443343458 0.262827879012547 0.0350364255539729
0.399110380334408 -0.123659549421591 0.111720956601935 -0.0446765089621248
0.159249780779818 -0.376662606631622 0.0419945912661221 0.0821533019377823
-0.194949371370966 -0.38484911400181 0.0846904617377328 0.114964751489467
-0.325687253637391 -0.120315772635894 0.164791989814911 0.0604694937600757
-0.299053433607117 0.074706220853399 0.215404521257329 -0.0380376157349866
-0.230167110790704 0.241544938612282 0.177862810508845 -0.11651877244353
-0.188597677331096 0.283536189336127 0.163501612126983 -0.126028993230466
-0.223701217008702 0.270347458598117 0.164353779283345 -0.122089063729951
-0.331335147343694 0.117830058995214 0.167350071989822 -0.0388313119167279
-0.359062391389816 -0.0809023877648465 0.1027409672599 0.0338008586359994
-0.273652586518451 -0.406766318044938 0.0192204288897534 -0.020441028020023
0.127008062134111 -0.467527917839313 0.121140339017637 -0.114277783067262
0.441460746293716 -0.1708293680948 0.302845533624944 -0.142399465309359
0.518327670240748 0.082768517858615 0.457209769124846 0.0705524565833169
0.580916144502025 0.0643646509647832 0.0811619617685426 -0.00781363375921586
0.516815754834292 -0.19286340471621 0.0124804091862728 -0.0108236428972038
0.198891231883265 -0.503280026840694 0.0483010700145462 0.101779705711669
-0.251649228591587 -0.496826600740525 0.0825409803862803 0.0906699127715809
-0.413098470444147 -0.167317080871465 0.096831355726894 0.0235122868761362
-0.378832544838562 0.072218056492951 0.107197749473748 -0.0133457652259644
-0.299617506576652 0.274410799292554 0.0707623575547833 -0.0332741565451468
-0.240373511985726 0.323709715644695 0.0712106908862609 -0.0199696132067354
-0.273555495188032 0.308929609711156 0.0652160397425339 -0.0236237919021106
-0.392889179825923 0.132352686932182 0.0564219906447652 0.0233229104693923
-0.424301745285 -0.095903877987152 -0.00178362876261466 0.0431114169466251
-0.342309295800383 -0.463946719308947 -0.0426840510241049 -0.035550307972843
0.111510359229479 -0.56425101463382 0.0813377616009114 -0.122623495904203
0.514470000955294 -0.253884444991226 0.196113187530811 -0.137015831329348
0.642368946267217 0.0504141983963299 0.249756500159154 0.00271316447632962
0.619489179058136 0.0403983319369859 -0.139809839684569 -0.0680582331795407
0.55814740089749 -0.242773565403866 -0.124543696999247 0.0237088534641488
0.205442624347501 -0.559571979198232 0.0312174326811115 0.11481673718579
-0.27556805827536 -0.532822969536102 0.0612122134374848 0.0536754642180654
-0.435381366259548 -0.184257222011661 0.004704267025046 -0.0172881659728518
-0.398623831654204 0.060936437106057 -0.0264064976667425 0.0142239565681693
-0.32172545044243 0.268652968513927 -0.0526404851606837 0.0562732849113866
-0.255427840110784 0.315564815074008 -0.0316619439971321 0.0893242004245166
-0.282580230692531 0.298389151418878 -0.039965396152344 0.0784981628234238
-0.391429703000903 0.118549179635374 -0.0608032819676795 0.0855532241699144
-0.413474422601722 -0.102398082243898 -0.108324965412227 0.0505448408912443
-0.332375869548696 -0.446694624566179 -0.101096096075387 -0.0486249545405001
0.0899678144499688 -0.552227905452494 0.0388759342041353 -0.117091095913624
0.495981941486314 -0.270572086892226 0.0840294485948857 -0.099840338628551
0.653770368188939 0.0184599469778018 0.0242697523677075 -0.0445323347138871
0.559017807927715 0.00384210296143736 -0.362675318426564 -0.132282659947321
0.493682639570791 -0.246455785841288 -0.270350910795715 0.0515171441467403
0.172213046229959 -0.507505002581945 -0.00585814287015213 0.112603943520586
-0.24383514543734 -0.462967204304013 0.0196756856008732 0.0126688658260158
-0.373879164989645 -0.16553111264433 -0.0935774947924938 -0.0498987781453905
-0.347449733583358 0.0414846953492927 -0.16042048003176 0.04297480349942
-0.291275616102824 0.221371237503594 -0.169590858782283 0.138375430451874
-0.232317994138672 0.259200637462425 -0.130174826905807 0.184268389752701
-0.253137890967551 0.238307543982366 -0.136601898464534 0.164475991683731
-0.331657199872037 0.0791221902740118 -0.164055074135478 0.129125391462211
-0.328350631353591 -0.106941549201205 -0.195005291159831 0.0422475192833329
-0.247937263070021 -0.363266187337921 -0.136438846108854 -0.0664578413727269
0.0764480566991638 -0.436092722631996 0.00770547561767014 -0.106874853262218
0.403314291260317 -0.222197187863072 -0.00720682439926872 -0.0497830156888347
0.5606414668316 -0.0047459619286278 -0.17749454916847 -0.0713624524028137
0.404732609259087 -0.0366426263462716 -0.547065761514922 -0.186307315051543
0.334049050861048 -0.201817187559621 -0.39080081596258 0.0676987909881746
0.103968620953229 -0.352268585564697 -0.0537657195455335 0.0988308935566167
-0.163341981786187 -0.300777100294899 -0.0272504098818676 -0.0189172416701931
-0.238556997123516 -0.115596491468374 -0.171405387524207 -0.0660304539081804
-0.234721447755754 0.0143967219853819 -0.263777737267834 0.0683828170278935
-0.211775857938466 0.138957204377971 -0.258610680849181 0.201873083715543
-0.173980663920972 0.163743186682432 -0.209232128623245 0.251727196419271
-0.189616999984562 0.144318883551417 -0.214354456893898 0.220551982352144
-0.230242559013945 0.0276967257076169 -0.241760066308945 0.142838308935688
-0.20298645739288 -0.0984764515931087 -0.246134211683196 0.0139296570609248
-0.128474687935732 -0.23515062223659 -0.140386988698742 -0.0891076751292143
0.0592701696841956 -0.262974241737943 -0.00739357261407482 -0.0958968238282173
0.260483698023945 -0.139726477781503 -0.0651199364219479 -0.0046168853638198
0.388767928147866 -0.0237162804267503 -0.324831605391601 -0.0816595029181978
0.181330939325408 -0.0693831041018434 -0.658916919887066 -0.21822913175345
0.117420115676045 -0.122117975567372 -0.467405195407642 0.0783481045748945
0.0163685973900925 -0.142346771482609 -0.0990195856829474 0.088997145766144
-0.0599230188035388 -0.0921398180691038 -0.0637141882452961 -0.0289488216321003
-0.0665575268579134 -0.0496029400209947 -0.209912274197628 -0.0617791508305258
-0.0833446830423036 -0.0177771601494922 -0.316637548434707 0.087345941644429
-0.0988515972873436 0.0320316303067761 -0.303215264066514 0.23676445842392
-0.0878920254803018 0.0433224703339032 -0.25666646077364 0.281289757343482
-0.0995240312617755 0.0344567757898903 -0.263136243692954 0.239477663130057
-0.102852358906257 -0.0199403061643314 -0.28708989938758 0.125299196899499
-0.0668423847624002 -0.0697543478603143 -0.260138934107108 -0.0280815343079215
-0.0192388017382829 -0.086684654889784 -0.119761825132409 -0.110040201015584
0.0249903001743105 -0.0853016298149543 -0.0120542704821222 -0.0851866859341746
0.0973763733646447 -0.0638688685184194 -0.095368861413444 0.0283419227845456
0.176295749205114 -0.0451382621965316 -0.406807289212823 -0.0754550388489628
0.0746014302297888 0.0662299348211816 0.464600601083882 0.0473768985424361
0.0851510491986517 0.0111263269361306 0.182194139073425 -0.0998023129125349
0.0375141301812838 -0.0758638968152664 -0.00254419784113162 0.0619466159230421
-0.0638412369939561 -0.0798528843172739 0.0799907174838752 0.138769256924598
-0.0825584393129081 0.00716038777009502 0.243371442840892 0.0953328105994068
-0.0550050787756632 0.0529983932712829 0.332212434712901 -0.0796954082923554
-0.0180789864557843 0.0817190338771262 0.301955359998271 -0.231457789245062
-0.0143520540514017 0.088398863925911 0.278759342172524 -0.277552772948231
-0.026815293639597 0.0849963670837032 0.300799287815602 -0.2500406197963
-0.0666852596425377 0.0518829940428205 0.316196905024147 -0.118415301359752
-0.0927021820071398 -4.60491169323174E-05 0.245080742424399 0.0262624006312398
-0.0622547686789477 -0.107889292218887 0.106148223849854 0.01836729010938
0.065187110059087 -0.0891406565387962 0.150821849697767 -0.066733732421222
0.0878620941468608 0.0374838531897561 0.418616197821071 -0.0645171707031216
0.0378001419373079 0.0824171801739668 0.695340421516388 0.252236150980084
0.28831441138872 0.0775607740184043 0.406203757512066 0.0582171212161797
0.257371519299702 -0.0529600839708008 0.17156473104944 -0.0738033465988201
0.105974411011967 -0.234584146932897 0.0227666119846396 0.0688764594667265
-0.135221426883133 -0.245392266084002 0.0811185581596705 0.132896733098761
-0.21771847676033 -0.0616168503529299 0.216639673485248 0.0900038387554005
-0.192267129361636 0.0705142015833067 0.298153406714221 -0.058731185216577
-0.136615372072763 0.178939878914729 0.265933334830323 -0.186670717916794
-0.114686258418592 0.205829849722697 0.244884313428355 -0.221304014993667
-0.144443308119267 0.195601185635244 0.255103843738315 -0.204076196949881
-0.226676201583476 0.0871168444250894 0.267172177513507 -0.0865651124381997
-0.248199587511759 -0.0547566053718303 0.193384114809917 0.0316537170734444
-0.172800548636039 -0.293217380142368 0.0710146804389759 -0.00140346983153182
0.123307355929159 -0.304262438140854 0.152095022634472 -0.0957506974277047
0.307255445603015 -0.059590519242794 0.393089994944945 -0.115048625984293
0.312750963536448 0.103558214792928 0.631582628019743 0.171519709347531
0.474258101981189 0.0834959842388906 0.279026852483601 0.0385092343009492
0.419781022843696 -0.121485533243933 0.118611120390907 -0.0448918563088042
0.169508847785742 -0.389383391014757 0.0442779863593487 0.0846293220254759
-0.201202176084166 -0.402054334920379 0.0876368016582987 0.120835379112413
-0.340214521846864 -0.129397883167756 0.171670111726804 0.0660539781285128
-0.314240081531557 0.0753721482975605 0.224028030063033 -0.0367756058350604
-0.241913968091571 0.24874598108827 0.188618408076225 -0.117481783377716
-0.198269533849657 0.293068700590248 0.173731909138749 -0.130754872867978
-0.236170245393913 0.279167288538362 0.172949138535037 -0.123209187700898
-0.348427971854657 0.11918772888306 0.176530944659546 -0.0372884307998061
-0.374361362057349 -0.0879735501728745 0.106802260184263 0.0366873299947504
-0.282127009664654 -0.42792460279743 0.018327128403374 -0.0221084260662968
0.138570649421591 -0.485396196910079 0.130194463028798 -0.120908520647742
0.468336574765939 -0.170518342655147 0.317770750910158 -0.145873152975716
0.538258592758906 0.0934472740692958 0.47796229816335 0.083013233447018
0.603080967767332 0.0737984853816603 0.0899056136319262 -0.00876419538001024
0.545007607345927 -0.194165286872829 0.0143747516892868 -0.0116916731118495
0.212357119694819 -0.520892615813621 0.0503330385189115 0.106592396769086
-0.26072546575416 -0.52073577933471 0.0861827369262657 0.0967374350550923
-0.430844996641638 -0.177653777540484 0.101070550922308 0.0263903312121107
-0.398553428590662 0.0726162093523293 0.111109814280469 -0.0136919255924054
-0.314702625472805 0.2830498974211 0.0768257226393901 -0.031322951200888
-0.251672908985281 0.33523713033345 0.0757086176725039 -0.0200264887146794
-0.287514283225773 0.319155366991528 0.0678300395635023 -0.022015982955778
-0.412631218254607 0.134275742766396 0.0601319909752524 0.0257485180012205
-0.443376839858682 -0.103649533313573 -0.00150151720224643 0.0452334563838709
-0.351873912362677 -0.488481737754694 -0.0469004267637614 -0.0395977506522219
0.1203873564822 -0.587551625760044 0.0891632503488014 -0.130224361023173
0.541964051155656 -0.253734955540422 0.206677454262943 -0.141366159502482
0.665490047545195 0.0620801689623287 0.260533252229563 0.00828841050291297
0.645751177703555 0.0491067382359201 -0.141185687845949 -0.0750790037029245
0.587158248330635 -0.244523196706557 -0.129251624953695 0.021829699931135
0.219194692987013 -0.58081583230027 0.0329042924698124 0.120236623466927
-0.28429943464385 -0.559401064061139 0.0640062843144707 0.0583358122731431
-0.454889923087322 -0.197926450564525 0.00520841025465314 -0.0173347457739207
-0.419788335494779 0.0590927614622841 -0.0289630335630056 0.0129674230272146
-0.337987066643261 0.277250240138832 -0.0526156542175408 0.0608757917373724
-0.26682913234007 0.326933918100008 -0.0332702053164658 0.0941275317329207
-0.296338491050493 0.306901496494513 -0.0437188959750126 0.0831515139253123
-0.410457215226093 0.12011141719695 -0.062572590434396 0.0892676278660668
-0.430668348076854 -0.111125435403275 -0.112980288304936 0.0511110984115337
-0.343027427193618 -0.469862382520237 -0.107289951852974 -0.0541229024671422
0.0987943534030063 -0.574174252723964 0.0443228085596202 -0.125575293426596
0.521907160289694 -0.274045234286554 0.0883023999355657 -0.10491961420028
0.679586843075888 0.0294479213841885 0.0247298951900883 -0.044123109732546
0.584574449705803 0.0110924743226101 -0.374901384310847 -0.144641621141467
0.521448623363384 -0.251500370317812 -0.283983591771369 0.0488751115297203
0.184422421034012 -0.52748765948546 -0.00650897780455736 0.118080974669165
-0.253899148650319 -0.487228969040837 0.0216193028291822 0.0153050191558604
-0.391156921769809 -0.178151662547838 -0.0976976669189958 -0.0532527071054093
-0.366987264161874 0.0396133582573918 -0.168372679607401 0.0412447457373111
-0.305511412934684 0.228615020428942 -0.175674007006442 0.145059124181387
-0.24313347312618 0.269183675317359 -0.137958807323991 0.192523056246201
-0.264162395130062 0.246122025153192 -0.145974722212889 0.171421120029865
-0.347313536474867 0.0793712931421505 -0.172205637951672 0.132853506589245
-0.343146933594745 -0.11382548680103 -0.202913884916367 0.0420523515900892
-0.254531071510804 -0.380888889243316 -0.143382984015485 -0.0732995887249242
0.0831424086985078 -0.452863092733083 0.0115606151307114 -0.114035664336803
0.424063275889078 -0.223314533725283 -0.0068726372916608 -0.0540003459768929
0.580946424747136 0.00528703180857895 -0.186042399534972 -0.0737998181209834
0.425803425201243 -0.0326986399652705 -0.569057014329227 -0.203132267526637
0.354039635376451 -0.20741111480862 -0.411462927721696 0.0637823827730866
0.110606774223254 -0.367376332834117 -0.0569684508638966 0.103340150208234
-0.171121532564701 -0.316463755681321 -0.0273751934108858 -0.0184749834397527
-0.250190292834792 -0.124913190192608 -0.177925698867936 -0.070997060588019
-0.247324357244132 0.011947351413561 -0.276655021852136 0.0663365921736199
-0.221848340311029 0.143260581006125 -0.270168287823276 0.209353258252658
-0.181254142609829 0.169512056283302 -0.221486463514442 0.262367221548231
-0.197591122474512 0.148602977230194 -0.228076708468799 0.227853941694446
-0.240410388765845 0.0266257770840466 -0.25337030832885 0.144832768464555
-0.211928338805551 -0.103611102293223 -0.25497442882657 0.0111492292231659
-0.132447642041789 -0.24609004578985 -0.145684539346862 -0.0963677933220227
0.0626033928633353 -0.27278535082163 -0.00542380061695512 -0.102210700035942
0.27279368303614 -0.1425681361686 -0.0689821191773354 -0.00694638201237025
0.404002586603176 -0.018162724276395 -0.341324450188236 -0.087092663725837
0.193161903151227 -0.0706348267420767 -0.686907770363278 -0.239097423564163
0.125896240844572 -0.127117694164026 -0.491364150868552 0.073937238485451
0.0168759769061063 -0.149374426715753 -0.104083084223258 0.0921648990473275
-0.0639804166572775 -0.0969682260667612 -0.0648869476690933 -0.0300999880517213
-0.0697917763447547 -0.0533658890078 -0.217938597972515 -0.0675638411116743
-0.0881618176695686 -0.019929952858835 -0.332236104223834 0.0858971849403295
-0.102335531960005 0.0328891819514008 -0.318211756184367 0.243322060505148
-0.0913792976084671 0.0453371318177646 -0.271826665728557 0.292941402618648
-0.102835149018225 0.0360083210560028 -0.279621679877572 0.246474227078637
-0.106413420244502 -0.0206477963918258 -0.301700498347731 0.125964162797077
-0.0702518722948885 -0.0716698083439332 -0.269462502834548 -0.0327492033693873
-0.0200057698928472 -0.0897521405879017 -0.123600924451604 -0.117678536319254
0.0247251462763111 -0.0880558361480814 -0.0113100330313243 -0.0897902367947123
0.100499483809095 -0.0667177137116008 -0.100543207876005 0.0275689768767092
0.18426140298403 -0.0444963999061724 -0.426454087405122 -0.0820791612115316
0.0784843813611267 0.0705596419349713 0.501367584529945 0.0367940441515801
0.0919285342466194 0.0122085211211806 0.193643648564555 -0.109681007119887
0.0399082540133807 -0.0806821167319795 -0.00102462126986263 0.0657156871345704
-0.0688302831489111 -0.0837769951508043 0.0870674060809988 0.143981499466978
-0.0877385712732449 0.00968663203647933 0.262058404035164 0.0956511204578403
-0.0567635915924458 0.058862132944635 0.351897022552198 -0.0926381470466171
-0.0179499901034195 0.0875681585714027 0.316341605131401 -0.254677213530745
-0.0121435089992002 0.0943328530326067 0.291188596419375 -0.306584150324858
-0.0269230319221718 0.0905512491584328 0.314739488876935 -0.274890747617258
-0.0707269779593228 0.0560873195103618 0.335039496876465 -0.134153639083542
-0.097809495011507 0.00154695080223639 0.260801030189194 0.0220073996882712
-0.0697389115074997 -0.113419561665005 0.113385488020676 0.0169213614986918
0.067845294721778 -0.0974647651790468 0.159407783831464 -0.0742794481662937
0.0961077898079222 0.039119718810325 0.445683211868332 -0.0780726991187865
0.0416390542950244 0.0873575411693344 0.749437059449203 0.254849987442354
0.306318811976767 0.0766509172285336 0.440837677782367 0.0502095068561026
0.274375504171351 -0.0608220989391548 0.183510015340158 -0.0824448837699411
0.107255769169326 -0.251160412703992 0.0271437073391945 0.071698150280463
-0.151554651932394 -0.25712836384808 0.0893451914219462 0.138995990004043
-0.235529907682237 -0.0590996403514599 0.232449802965823 0.0911854438363864
-0.203919619361291 0.0817660843646879 0.315512409075578 -0.0692248841703255
-0.141179617719116 0.193922921471828 0.280152624604804 -0.205450884713888
-0.115299828500288 0.221952945008419 0.256209478318373 -0.244318726040267
-0.149218155062709 0.211543935054627 0.267986285025687 -0.223378053989893
-0.240600951319382 0.0988420879094787 0.284066871618896 -0.0984550724477126
-0.266128966813608 -0.0523821039455545 0.20657329621996 0.0292907901961104
-0.192681614115148 -0.308716315446066 0.0742762797726556 -0.00326424709579815
0.123192217263704 -0.327974126257479 0.16060629810789 -0.107720963808555
0.328406094797123 -0.0691292113911306 0.417145064650927 -0.130972451690967
0.335326862005558 0.10273070073524 0.678373309206314 0.168473647129155
0.504874392700497 0.0774212814026489 0.304522895224671 0.0329425821957267
0.447177917482099 -0.138232163590703 0.127370560143546 -0.0505540783714496
0.169213785784223 -0.417445993071756 0.0511845376306634 0.0884104731578914
-0.22768758394907 -0.422659081409944 0.0968810831561438 0.126987189946601
-0.369123316167038 -0.128746999733313 0.185018026564461 0.066818036304076
-0.334219450876162 0.0900154515213286 0.237028606792455 -0.0450172569399638
-0.251157815710011 0.270955823681565 0.200250675581268 -0.128232138140975
-0.201132155519815 0.318436899384092 0.183285586237368 -0.144849571039712
-0.244172157777795 0.302792433221058 0.181524371837049 -0.134220950281879
-0.370021254870062 0.136146109532886 0.189046539448909 -0.0433904674572855
-0.402213271962771 -0.0839894388021628 0.115118045399041 0.0372391005793712
-0.31483439559701 -0.448482799652095 0.0164766320206244 -0.0250484373466548
0.132131506882461 -0.522593373159828 0.137394281137068 -0.134427222725694
0.497857458349253 -0.191214125302702 0.335019068178799 -0.164359733421076
0.574201263055868 0.0874307310722041 0.51313979979627 0.078550793007009
0.643474544803928 0.0637597622902335 0.100390644578271 -0.0137054396180372
0.577568492997848 -0.22040122656148 0.0162991040925434 -0.0128946959283941
0.211503277030924 -0.559362036758891 0.0579089077506084 0.111630801043017
-0.296536770632349 -0.5470166455241 0.0956906462860321 0.101621996834679
-0.468952487856675 -0.17896914252561 0.109217041052196 0.0269024117091328
-0.425453225010477 0.0898257294834119 0.116850677024742 -0.0178953346832749
-0.326787892769391 0.310540745888926 0.0840861024383747 -0.0329736842945566
-0.254886032782868 0.365193545902857 0.0819381267009561 -0.0234751515707109
-0.296478774898081 0.347543977564008 0.0711398851567584 -0.0230817545766609
-0.438508221665392 0.154316847385585 0.0663932476066077 0.0268269554290081
-0.475011070676881 -0.0983161618970346 -0.000228485156772975 0.0489112644282204
-0.388097277107387 -0.512499085322162 -0.0539915897016013 -0.0419294285679065
0.110293762216383 -0.630692018513139 0.0939695155973127 -0.145202674680367
0.574048695375233 -0.283259037394262 0.216007290802817 -0.157118737502915
0.709887168835551 0.051047970425292 0.27894086360823 0.00436328176894385
0.689001686021625 0.0374151253882327 -0.149918781375619 -0.0775834204992926
0.623304048076504 -0.27679083188258 -0.137706680746072 0.0267764832128857
0.217111196414219 -0.62394983356083 0.039650232984103 0.127712742093723
-0.32501365473507 -0.586727113163512 0.0724915630448104 0.0623214706060669
-0.495786112170098 -0.198699769447485 0.00618604009122563 -0.0176767186812223
-0.449356371324496 0.076645915035677 -0.0319994575894647 0.0137467962863515
-0.351589768100234 0.303941900778356 -0.0515456377875154 0.0690254699553701
-0.273182228858918 0.356390191104595 -0.0317796643216097 0.10224124294281
-0.306494605435653 0.334557836352999 -0.0450412687611217 0.0926366112470119
-0.436023461336501 0.138970597829814 -0.0633550102076076 0.097381426661015
-0.463363476923238 -0.105392753162406 -0.11843942381004 0.0579020876857014
-0.378213717054197 -0.490263157726319 -0.118835987328338 -0.0569124412669041
0.086850260449167 -0.613568350151545 0.0459844125667683 -0.139491186538068
0.551299803481149 -0.30165326435258 0.0910764980309146 -0.115820010056118
0.722197035639546 0.0155607365122789 0.0238641858311749 -0.0441201816529609
0.62521341147169 -0.00159751883500811 -0.403281951720112 -0.146997521536472
0.553848175160204 -0.283542921058854 -0.302618650218958 0.0586130160224404
0.181366435995936 -0.567076470493816 -0.0026743474706268 0.126591223052621
-0.288905309651319 -0.511626749236209 0.0259224609489187 0.0172542738571546
-0.426178954359211 -0.179521350178359 -0.104539129972453 -0.0532521847760434
-0.393285404833238 0.0537116632676464 -0.180239289116825 0.0469608757779458
-0.318412972050946 0.252375302948542 -0.180478075883771 0.161851321289612
-0.248287278231856 0.294556355936264 -0.140943412153953 0.211201392655548
-0.274119979183173 0.268604239337919 -0.152918052632092 0.189108448285684
-0.368860730930379 0.0943344701105015 -0.178422485342221 0.146421509530516
-0.369899783189065 -0.110947430756496 -0.21375264804918 0.0501547442504207
-0.282591913886711 -0.399115887185121 -0.157342362858094 -0.0757682188002303
0.0721492580004126 -0.483525503031924 0.0108115858446133 -0.126442157437298
0.446312645014696 -0.248347628028702 -0.0103695147895377 -0.0596957706058822
0.618435191430882 -0.0091343082752899 -0.203199431298896 -0.0714670907708446
0.454624487174385 -0.0458663822948855 -0.614101264834923 -0.201992208960925
0.375431448772087 -0.232717443144237 -0.43956913825449 0.0786777158425178
0.106382768903224 -0.395989257201587 -0.0567856951710534 0.113017577070322
-0.19580907427546 -0.33178551990079 -0.0272455509439931 -0.0179781906016677
-0.272612098245837 -0.12653897055883 -0.191555708607372 -0.0703967639566064
-0.266210810034747 0.0208676202974999 -0.294919170836386 0.0765543153223311
-0.231292930439821 0.159181926387053 -0.280443100867105 0.23257706865999
-0.18603104619019 0.187599906586685 -0.228666259747715 0.288809743576526
-0.20451719617751 0.16494885710252 -0.23893087283013 0.250533076948248
-0.255898253848028 0.0355290814338292 -0.266026218392224 0.161219596056149
-0.229548714425107 -0.102750374497909 -0.270428531078918 0.017909424368218
-0.148443743624879 -0.257783796171824 -0.159239923178317 -0.0999875784091339
0.0572574556052821 -0.290115138985942 -0.00718970775667556 -0.111519767143676
0.286953609815278 -0.156758727504161 -0.0736290507362796 -0.00796726357056207
0.428990777771127 -0.0288001534870995 -0.369599011769298 -0.0815490565038165
0.206195230685817 -0.080994004057722 -0.742083710756741 -0.237679713900696
0.133306207862276 -0.140666491689634 -0.526971663811728 0.0905610798157423
0.0123340527859803 -0.160535030083152 -0.108539700132524 0.101711659403469
-0.07363596479173 -0.100924795909151 -0.068762414165896 -0.0297514423548712
-0.077594188596621 -0.0554377807639501 -0.234569713034173 -0.0667057424948357
-0.0968838812551195 -0.0186652860140105 -0.353510848501721 0.0993399386729168
-0.1072558837841 0.0380659194970965 -0.33115438265605 0.269294693375034
-0.0947411151956102 0.0519677650132073 -0.282122675462536 0.323550168788988
-0.106462156074412 0.0421927489302725 -0.293482048130986 0.270610931092346
-0.114066958132788 -0.0181406831178082 -0.318295372192624 0.14067250814447
-0.0774970129065358 -0.072690434466166 -0.286570611197133 -0.0295201171296261
-0.0245549884824019 -0.0938498606198319 -0.134673755574255 -0.122873953008481
0.0229580997867888 -0.0931997243553713 -0.0138658841161925 -0.0969088274996691
0.104004150040168 -0.0738576924895878 -0.106757712616171 0.0291623349537987
0.194941016542466 -0.051682024115858 -0.461153646970039 -0.0749582469829883
0.0733355447366543 0.0793749392632086 0.517574915968735 0.120664690327891
0.0918983441867696 0.0269903764322236 0.224413424871187 -0.0836551320634702
0.0566942287133885 -0.0744580959084089 -0.0086040444341805 0.0622264851843577
-0.0530813270936626 -0.0974141447023298 0.0660065477958688 0.15679450684446
-0.088656125342251 -0.00951571048199203 0.255096896779462 0.1413652226641
-0.0674496844469719 0.0478674102392767 0.382829035555608 -0.0417206901659308
-0.0328446257167564 0.0858685557107844 0.370724029269492 -0.218609334739635
-0.0304528763832947 0.0922815705477979 0.355637597108384 -0.278699123963998
-0.04460015789366 0.0889536978681374 0.375225573795549 -0.244998029172712
-0.0829318701349562 0.0442785496782288 0.373908211107609 -0.0922342612875678
-0.100010097755859 -0.0183734696407274 0.273269763015667 0.0620851921766884
-0.0529396227208515 -0.130055493060345 0.12133638262458 0.0405826647084601
0.0932323405135391 -0.0888452343549535 0.176293070274492 -0.0513571979096498
0.101854090396726 0.0618553567455027 0.470514582625619 -0.0112441492867619
0.0351189435443095 0.103706392960102 0.743307713542095 0.391203849475412
0.304472506688498 0.126532958228611 0.461673962608045 0.126465866884874
0.290365107502221 -0.0173916426956737 0.215481784666719 -0.0586876922149313
0.154271919087797 -0.236631569888202 0.0243957472470113 0.062774538368699
-0.110888612531585 -0.286227268387687 0.0687024024185278 0.139960836974565
-0.229302209378207 -0.105654593737683 0.216877309669983 0.130387783813794
-0.224999127787971 0.0473801157959981 0.336524143185328 -0.0232890743971602
-0.176470073763947 0.175126825669026 0.320640521963613 -0.170868238525007
-0.160704430549917 0.2059041255305 0.309424431908745 -0.218636360839359
-0.193115534425887 0.193122006192242 0.3174710368418 -0.199987470836968
-0.26865665916792 0.0598658092687804 0.317394126276367 -0.0665879980078178
-0.266806498968516 -0.108669215598855 0.220708237693919 0.0645291932962636
-0.150592212358304 -0.356892337750692 0.0939919763237242 0.0218210928516817
0.196671353141496 -0.319410593978353 0.180891442577263 -0.0819539092686155
0.367682888059532 -0.00850361545559272 0.437809072755121 -0.0676184353573893
0.347820354976454 0.178401985381519 0.668955892910921 0.282536679664523
0.504348175011804 0.164507535627501 0.333102776337037 0.0882913652085572
0.479380308855851 -0.0691543186278959 0.156339775244372 -0.0367023522685955
0.245393351644313 -0.395502364729213 0.0516248559928766 0.0737299440584191
-0.16543647090616 -0.465351317659668 0.0785721573884531 0.115621765606975
-0.35619973250926 -0.198716339129677 0.163061783108497 0.0949217637998389
-0.362981928081485 0.0350056981875025 0.246542999842916 -0.0108439368142967
-0.302295562382646 0.238224046891891 0.220583541007679 -0.101355369703638
-0.26739767536405 0.291101311971722 0.216863966383886 -0.124293819380864
-0.306223122490276 0.272135871503759 0.212997803630075 -0.120835612416173
-0.412135259127242 0.0776815584895796 0.212189041805613 -0.0256922846441626
-0.404681100703566 -0.168546733615311 0.129779055068354 0.0605619991165373
-0.253814241284528 -0.526045121837211 0.0457336896431056 -0.00483638127386752
0.244620127408562 -0.52106206552598 0.159740384077673 -0.110221964057973
0.566952197724011 -0.106013412171708 0.349611328219911 -0.110508755342323
0.606526724489618 0.208388861359294 0.497372890876542 0.154129585619559
0.647039433608166 0.178268604758805 0.13425814684196 0.00845123007936311
0.627352182216786 -0.130058779635045 0.0384913002648134 -0.0166633156673698
0.311572278562593 -0.532544346602785 0.0590172594959248 0.0903285595620694
-0.217036111311417 -0.603118754230763 0.0812634210675939 0.0804051943689934
-0.452271086506145 -0.265091640571274 0.0836730597014543 0.0398604966839889
-0.459386446022031 0.0205690067166177 0.11340957947265 -0.000729334082298814
-0.388907947228693 0.266842687902193 0.0812696607384101 -0.0192698139787848
-0.334530338242105 0.330705964650155 0.0906223689182138 -0.0112754349288335
-0.369197635085029 0.309025649967052 0.0794103285552105 -0.0201100494078605
-0.48703411840872 0.0854664001777811 0.0729222976790915 0.027837652334969
-0.481283615707597 -0.198143766682899 0.0104919977189561 0.0568507790058281
-0.326650732182287 -0.605564955119652 -0.019459119833619 -0.0314575892746653
0.243145289708372 -0.637063754908096 0.116129983486847 -0.125624796479982
0.662983332107969 -0.188271118269937 0.220039376388954 -0.11881314643568
0.757927966460279 0.19566546383546 0.255233203111466 0.0363190926613045
0.695350161794797 0.162099415469561 -0.112703634564437 -0.0981270786698788
0.685705018915325 -0.177881480689164 -0.127845781332988 -0.00112145674771188
0.32917105187092 -0.598198439886611 0.0375096879725686 0.101401626765497
-0.242202978699358 -0.64842637226959 0.0620685653187356 0.0325400639185717
-0.479484488268368 -0.287939437507237 -0.0193360243884047 -0.0235833353223085
-0.484044349704135 0.00384295723047921 -0.0479698860375269 0.00942949958089085
-0.412887917214017 0.257373554214697 -0.0782235523818743 0.0669786534412448
-0.350171616393572 0.320064327281221 -0.0485637730036391 0.104155430079523
-0.376456186931821 0.293968915035508 -0.0618842050207164 0.0843834476150416
-0.482367486355658 0.0706317182774844 -0.0736923391654216 0.0828312292935482
-0.468013477237079 -0.203499644824029 -0.114822444152251 0.0490307579056118
-0.319765413655666 -0.583024624816166 -0.0859522525105113 -0.057941946715425
0.212469107854163 -0.625896811462362 0.0650120446196967 -0.128321645607778
0.639850727666331 -0.212665161880774 0.0852018661604762 -0.0958925815575727
0.774542160687353 0.158688500042968 -0.00558879377911872 -0.057523340635576
0.632875158064151 0.112640473333564 -0.365802840514121 -0.210947166341866
0.614676012479318 -0.193106427614363 -0.309261156792792 0.00720999752048983
0.283622586920298 -0.547683204789777 -0.00825274233682954 0.0975699449200898
-0.219698514859638 -0.566400986704295 0.0211837862149902 -0.0164740082056348
-0.413004621554052 -0.254682837783883 -0.126047528481133 -0.0777252562512937
-0.422602641395709 -0.0082486560940936 -0.207633355792652 0.0210185468609179
-0.369715745603647 0.210313373725343 -0.227636459775484 0.144811901865127
-0.312597197972674 0.261779876072969 -0.181082467319771 0.201963039136843
-0.330247115882398 0.231375780457238 -0.189944261208239 0.171653072569978
-0.404215563950526 0.0353086390788476 -0.203632407323316 0.119032780531565
-0.370425341787198 -0.188470095416459 -0.216631588900785 0.0257578667579536
-0.233481064409149 -0.46911021069459 -0.129686395572725 -0.0867994882721022
0.171523013514376 -0.49039987703937 0.0272827723929287 -0.122986174285579
0.517071722268182 -0.175926570888535 -0.0236949547990019 -0.0551721045131667
0.66381096504265 0.112659278506193 -0.235007846722752 -0.121045688405424
0.463293988795439 0.040974468092137 -0.580310888318591 -0.30639141012715
0.424266443634059 -0.169897872562083 -0.462520673894274 0.00773537834974818
0.176632103584795 -0.384540783174909 -0.0679606067770864 0.0850035366133195
-0.152229076350214 -0.368408094883048 -0.0275402436396611 -0.0487336967711872
-0.264494224773956 -0.173453392162217 -0.20605010466857 -0.107998911112438
-0.285195970853687 -0.0200684806729989 -0.329252072329798 0.034797797613936
-0.264548355701767 0.128286750370363 -0.341146086485177 0.202611828729384
-0.227086147062974 0.163782646996429 -0.286732231077265 0.271068189697862
-0.240496086902303 0.135587489624247 -0.291192840479584 0.225727239503314
-0.275405279333191 -0.00557949048116053 -0.299146712498859 0.12443861353071
-0.224017929270804 -0.153139589305318 -0.276600456646127 -0.0168863534595446
-0.115506700453852 -0.297028506338966 -0.137723665583652 -0.119072699980874
0.117169806256016 -0.291835682810657 0.00688331793873452 -0.114133507788671
0.329936067272632 -0.111214157624897 -0.0898488952885399 -0.0162887111978986
0.46341006273463 0.0530625307648118 -0.399628364924453 -0.155332727881345
0.213184538588558 -0.0378129088659143 -0.720234313832677 -0.366231029128392
0.159462208490326 -0.114650876540014 -0.563590423641531 0.0101362672424154
0.0393078657022045 -0.16066562654846 -0.12674019487351 0.0792203659940267
-0.0630547321293742 -0.112178781331341 -0.0683616018080969 -0.0508071795450867
-0.0743248786519914 -0.0665451454122052 -0.240668010665778 -0.108848448614767
-0.100526294320993 -0.031734571630653 -0.389703008403767 0.0486474165289347
-0.117486012962193 0.0237858577385997 -0.396038212892585 0.232830650702724
-0.107616356830007 0.0408332839344978 -0.349308749733829 0.297929103658838
-0.116558460688328 0.0261193155980643 -0.351570388942586 0.241246963456266
-0.117416246980308 -0.0366433533619215 -0.354124806225554 0.0982985568104086
-0.0706816319634536 -0.0904477363910411 -0.292275827992313 -0.0713149463525706
-0.0119497378284734 -0.104126778085506 -0.118245304508841 -0.145599238068429
0.0410387616441129 -0.0926444964562795 -0.00151080104710036 -0.10239974623532
0.120360672056446 -0.0588262129974439 -0.120631806536697 0.0148369562508392
0.21527543001193 -0.016868102782889 -0.48439487035255 -0.15779850391343
0.078791960085461 0.0750141365411366 0.538510087609401 0.0731899225962199
0.0958990936505432 0.0219973940133902 0.221655570509755 -0.103925196223722
0.0518566784656883 -0.079715534908669 -0.00277793281126323 0.0642961270009732
-0.061380367664543 -0.0944216571985495 0.0800393150286025 0.152555661714425
-0.0904243028082891 -0.00175854163626624 0.270733494273765 0.120970785924228
-0.0633156958596214 0.0547971828358873 0.383845641449712 -0.076172699201509
-0.025589505562687 0.0900222018274257 0.355561062998689 -0.2530538294041
-0.0226220062979353 0.0954812784484728 0.334516522969233 -0.31691659164141
-0.0379593230466184 0.0940091565825536 0.358223253933844 -0.282685039771179
-0.080747559589791 0.0520239403150732 0.370428747092474 -0.125960930560806
-0.102172179114224 -0.0111560574951454 0.281204017170488 0.0390192557496624
-0.0654903930684991 -0.12731158395784 0.125599048123914 0.0306767110749322
0.0863741515147303 -0.0989855063458926 0.173719015048868 -0.0673909255937499
0.109515785346918 0.053465511029419 0.475874507431034 -0.0509636046734292
0.0441903526359612 0.101309809873592 0.787799855376942 0.328715954082924
0.315372516423123 0.102512202345729 0.482870617680013 0.0831371314670693
0.292870484280434 -0.0410488098739085 0.214063561538379 -0.0785423212960847
0.134066128891481 -0.250788178119486 0.0312644605582614 0.0606468594397415
-0.138605949656018 -0.278895048763792 0.0815366548015207 0.134403164650513
-0.242635789176421 -0.0850543384063724 0.231437296617898 0.11243879225789
-0.222597608687084 0.0695145501308188 0.338229823104237 -0.0533699719552818
-0.163131356670676 0.193480779290381 0.310592962356474 -0.200245270511544
-0.142566986474 0.222929932093652 0.29413957686975 -0.250910597132267
-0.177853552011269 0.212775192060826 0.304237805843293 -0.23064017392266
-0.268114057009694 0.0841936040400038 0.316855853144505 -0.0956667925931694
-0.279396012615253 -0.0872689521232604 0.229366644285481 0.0456473709112719
-0.185550061777781 -0.348201762863272 0.0950423989963295 0.0140275542545343
0.169356180762417 -0.340592199606343 0.17645397571377 -0.100592270649013
0.373865538204201 -0.0396763882104316 0.436163757356753 -0.107344142036115
0.366186974612996 0.148626904567077 0.70120533685142 0.226042992177511
0.522058870435276 0.122033139853969 0.348484458088199 0.056127043685871
0.47859790692743 -0.11057463502502 0.157278517700614 -0.0508883312080934
0.21107348592821 -0.418571435911698 0.05950716569609 0.0691289177673834
-0.21172539836444 -0.453750998791685 0.0907425114166933 0.109338324072743
-0.38057863870595 -0.166704429790787 0.17472742526764 0.0824505705477906
-0.364457881412747 0.0710387254783909 0.247750298242356 -0.0325362652442956
-0.283747832740847 0.268622547374727 0.217213584389959 -0.121666582661117
-0.241049169594136 0.318211743669214 0.208692824418492 -0.147339816382083
-0.285064871347765 0.302660357038327 0.205643032203662 -0.139654775454578
-0.411083292090478 0.115975939641102 0.213515857659036 -0.045791700868005
-0.424785427719328 -0.134711811055946 0.137738423745765 0.0507728388696048
-0.308056491986584 -0.509004103019221 0.0433229432372515 -0.00852899737346251
0.198366475879455 -0.547293141228338 0.152537322668033 -0.129788936896278
0.568820443965719 -0.155205005960969 0.342416226193681 -0.142784065531496
0.628859911267799 0.155477887754927 0.516183406976938 0.113182040443908
0.666392749906383 0.123090959083923 0.140376383644553 -0.00543294211350156
0.623994414661708 -0.186273998211756 0.0391192986839514 -0.0202174070593576
0.26453430304522 -0.564500928600844 0.0691991097811086 0.0849568462934339
-0.279683336420346 -0.586404697306575 0.0916160806940558 0.0732161511718985
-0.485339122304987 -0.224860105976203 0.0899911083418553 0.0338523326882651
-0.463971823266746 0.0650760866017552 0.114284297928384 -0.01096196122397
-0.367019217986017 0.305146335606578 0.0842928161505715 -0.0253806993997226
-0.304050947174002 0.365371632078075 0.0926257842087349 -0.0198899872106963
-0.3441777886056 0.346070940154498 0.0797226776233726 -0.0248306793688874
-0.485877298196924 0.13052755455613 0.0779424568932841 0.0212753369674866
-0.504472449793828 -0.157080074447831 0.017485387003526 0.0573396440032144
-0.38786476882081 -0.583320673700944 -0.0258767614949101 -0.0295848339518255
0.185446682998217 -0.66439393194635 0.10702330884574 -0.14365660384288
0.65833454354486 -0.247727463075761 0.209849699740739 -0.142049587584212
0.780402183740248 0.128893580291876 0.260273495823855 0.0167318770373834
0.715606911235017 0.101497690375793 -0.11958826739662 -0.0903950645460464
0.677430349908423 -0.241399469443719 -0.128659853501163 0.0115331450463376
0.275699270225795 -0.634871886189455 0.0494280840636643 0.0979054118193622
-0.309907170344455 -0.632023125858724 0.0690376530268672 0.0269294419554691
-0.513931725637301 -0.245227207887052 -0.0202114614375276 -0.0210632087240642
-0.490266581042784 0.051839069178968 -0.0482938203019812 0.0130971887949698
-0.393365349396576 0.298418218238998 -0.0688856274322667 0.0763968611167388
-0.319617528058304 0.356874728961707 -0.0377670957565324 0.109722519305085
-0.352831240848838 0.331825796309214 -0.0532645152494316 0.0939513068280753
-0.482552381985102 0.115357729011365 -0.0657416955189942 0.0899404318045265
-0.491707719187631 -0.161483345633588 -0.109778775425794 0.0600834784365871
-0.378532577980677 -0.558582547592481 -0.0950852100022821 -0.0508944906636182
0.156776526250602 -0.648437305118452 0.0545352967813419 -0.141858428374049
0.63108472537464 -0.270530666046225 0.0747795148219169 -0.106402867169198
0.794057671495699 0.0912493463730658 -0.0127678999154222 -0.0542022127160633
0.650826872742001 0.0577159784173981 -0.388508134646322 -0.180354090124106
0.607840659918694 -0.252199591667866 -0.312403956362574 0.0360088632359448
0.235000588776739 -0.577734829182386 0.00228442307089036 0.0983365269990669
-0.278800867700334 -0.550649676145844 0.0229428950262235 -0.0189355910604027
-0.444481581749496 -0.218471925300541 -0.133326020540209 -0.067059134389565
-0.430304522843763 0.0324038014184007 -0.209231243056097 0.0394739724336594
-0.354784835303225 0.245954347223669 -0.213436512804369 0.168634727560423
-0.28824086424489 0.294194277562477 -0.16363467412374 0.222292387837161
-0.312037599790633 0.264804208746415 -0.175923761581432 0.193893516566864
-0.407223157028466 0.0726979074707402 -0.194386731872802 0.137956517006614
-0.391008019664752 -0.157302753996656 -0.214957640165907 0.0453988301975458
-0.281347742775216 -0.45265626065062 -0.141639681531127 -0.0760738852686547
0.127195685576829 -0.508994850569227 0.0161969292080824 -0.132091655254323
0.509464707994559 -0.222000099231591 -0.0317005370276283 -0.0566793804465702
0.679088319229399 0.0540293577879974 -0.25137880646865 -0.0982748394534955
0.472835929802631 -0.00086811605090829 -0.61474174630773 -0.256494496037409
0.415466935864659 -0.210972659244656 -0.468308244147282 0.0511653383641508
0.141459539989976 -0.405916887170894 -0.0597300951293367 0.0911469819919048
-0.191681650145734 -0.355866440188241 -0.0302900514837946 -0.04718894220833
-0.286013901660844 -0.150589171148473 -0.217455995026415 -0.091243311328358
-0.292115904943114 0.00777647458865581 -0.331681083006081 0.0642814739265838
-0.255199570171458 0.154347636505941 -0.324176939930239 0.237360328755197
-0.211861700832551 0.187513240060437 -0.264673088274304 0.302320245095294
-0.228540254906845 0.159701153450981 -0.273882458214925 0.256554042580459
-0.279183625282376 0.019935488091207 -0.291471942865852 0.150960834452315
-0.240974076413622 -0.133266049590131 -0.279352193279414 0.00732899960843236
-0.14542759551481 -0.289307627859226 -0.151590930773717 -0.107819590273772
0.0906213348216633 -0.302623586256929 -0.00378601589868091 -0.119873518604803
0.324248287873428 -0.140253422300663 -0.0942304600112998 -0.0106702149628754
0.471785148916593 0.0126537232905734 -0.420622357978367 -0.117808895923066
0.213113006584799 -0.0572585418302716 -0.762404769241701 -0.303892571512275
0.152220738984186 -0.132347327170473 -0.571700047197339 0.0621629113629518
0.0235275143283202 -0.166687940996587 -0.120302075268009 0.0909587068038607
-0.0761937951849515 -0.106030166758915 -0.0721442394417474 -0.0457713404166904
-0.0826527062985162 -0.060528240251153 -0.25324275378466 -0.0894727578597879
-0.106310121486937 -0.0221084149094987 -0.39111923158509 0.0841751774146556
-0.116391672755338 0.0344514959314757 -0.378826755424565 0.272859236350882
-0.103167519932277 0.0519274866027449 -0.324900755604759 0.335312651876583
-0.113993928940498 0.0380446453969905 -0.335300609977641 0.276935612418805
-0.121962278776711 -0.0253774959243426 -0.35001712877198 0.130432983624162
-0.0800422571007607 -0.0837383830808476 -0.301487884566748 -0.0471546295001811
-0.0225646965145986 -0.102735905294279 -0.133038789729681 -0.136737216775986
0.0328513914748552 -0.0964179955618489 -0.0115604848074326 -0.104941987760904
0.115672186672529 -0.0696692682799458 -0.121651552409471 0.0232705158820271
0.215309972221524 -0.036000434033736 -0.507197201509613 -0.112364522113687
0.0801687986245789 0.0695665952247466 0.533451017280588 0.0296716161595887
0.0964217922859693 0.0174436664674092 0.21051572259708 -0.116642704595201
0.0463843130078758 -0.0803455755525214 0.00215397239162003 0.0628687025664344
-0.0655472641711495 -0.0885255114945102 0.0868827289508699 0.14280051563254
-0.0880789299356199 0.0041919317248364 0.27264363403518 0.0989341844721894
-0.0568717353090759 0.0585397509285396 0.370050037279976 -0.100015793598642
-0.0189196741979828 0.0895265635482258 0.329627209862259 -0.27108548478938
-0.0153380339821551 0.0946514139942694 0.303377015127114 -0.335001520885779
-0.0311881034528639 0.0938775143019453 0.330351176917944 -0.301249106780714
-0.0765261522121259 0.0558199883319707 0.354845103007764 -0.148804993200897
-0.0997482360391903 -0.00491481249169692 0.276119664836712 0.0187084308012543
-0.0725949834681551 -0.119863329652772 0.12404309611745 0.021759206058701
0.0766233020962792 -0.102662133452386 0.165478028429933 -0.0769346367456268
0.111681872815351 0.0450378790625428 0.461551924338981 -0.0794903258728916
0.0489848772855706 0.0961456019933192 0.793820998850502 0.265460312381885
0.311903940520079 0.0802043053912742 0.479923034173365 0.0445728682015229
0.283677972656616 -0.0580225117648499 0.20587450489232 -0.0924101162334595
0.113682474353503 -0.252380972510435 0.0349964052137362 0.0562682962644232
-0.15537853420942 -0.261515500873171 0.0887339097645528 0.124209274770053
-0.242946629244341 -0.0653321229158196 0.234786355440186 0.0943249352015819
-0.211548543586861 0.0838243899222923 0.326839362730225 -0.0749410188931781
-0.145611904997369 0.200064767508936 0.291624623134339 -0.216805238981237
-0.121999771983284 0.226636923510839 0.269475589146183 -0.267339259699503
-0.1593325295348 0.219500111720938 0.282027145166138 -0.245604666164366
-0.257087718923477 0.100497022101001 0.304353768484608 -0.115315179443987
-0.278933936011042 -0.0667731716259305 0.22828179404287 0.0292204348069431
-0.205931277239506 -0.326323444853619 0.0924017906871455 0.00772726374993666
0.141108592136693 -0.342584439870536 0.165629127972128 -0.112493163649729
0.365024982696039 -0.0637823244765652 0.41694309987139 -0.132908264829252
0.364881523758685 0.12058876813134 0.701181033497353 0.172639426502857
0.514474952880494 0.0848432245149073 0.347560080148259 0.0278573529647107
0.460650417396828 -0.138413988055327 0.15208303679139 -0.0614323905467603
0.174796858859258 -0.420793080166659 0.0639577439393308 0.0618954401878655
-0.241452484489506 -0.425850052208896 0.0967629454984775 0.0991495253950589
-0.384591730244688 -0.134846165012086 0.177519686957926 0.0693052341025801
-0.350357883159904 0.0965500222455943 0.240342332840377 -0.0490950911742344
-0.258229361028998 0.28203725645286 0.206967131232822 -0.133909702741008
-0.209486463140776 0.326972956356342 0.194792335374904 -0.160076321033055
-0.256358210677829 0.315721474640728 0.193383818667083 -0.150224873766358
-0.395083621922013 0.141948406844284 0.206694210509045 -0.0595363752232362
-0.424366282460274 -0.102643978570462 0.139458805251856 0.0399881753491169
-0.336369500721866 -0.474221173000329 0.0392679489132902 -0.0105717924868134
0.154923758738252 -0.546380630843981 0.140249113136514 -0.140563673031017
0.547731981769897 -0.188405989232514 0.321481204211215 -0.163114675810217
0.62058031080845 0.10890474969882 0.511613734641557 0.077154387188851
0.656259000652252 0.0761955322034121 0.138991774416264 -0.0175449844926427
0.596434986444355 -0.22363008193196 0.0390822700424131 -0.0232112979958168
0.216166867531851 -0.566341473255885 0.0747951867324869 0.0764702927988685
-0.317416127129662 -0.54982851650636 0.0959858070519186 0.0643049567169358
-0.490699849779203 -0.184264396379846 0.0918660900599588 0.0278768112376051
-0.4478164213507 0.0977550709330705 0.111174841189131 -0.0190051125593835
-0.337235021026196 0.324451913956873 0.0851325107972051 -0.0305529277664064
-0.265276080667472 0.377810000894156 0.090381991918717 -0.0272658166138416
-0.311080513570374 0.362170903933297 0.0785511651003753 -0.0287130177650091
-0.466583393087002 0.162147376692968 0.0785243418484639 0.014391068377948
-0.502985378529525 -0.119094314394135 0.0224941629946871 0.0541035851663843
-0.421481421103663 -0.540791011712836 -0.0297437593165445 -0.0258958164958802
0.134453619965306 -0.656466910886198 0.0940862985138235 -0.152429005058269
0.628087476110464 -0.28585694907539 0.192479295079335 -0.152736500632349
0.765237641608083 0.0747925504353241 0.254083544257099 0.000852141773797337
0.702708718534301 0.0509581593893447 -0.120652674640884 -0.0805798765054684
0.64649795726073 -0.28145341847684 -0.123688493874112 0.0193003340353798
0.222430882537616 -0.635306151433255 0.055724135327107 0.0900215369187758
-0.349804767620389 -0.589675249384823 0.0711306165064842 0.0208410909515893
-0.522646210897288 -0.201390016758289 -0.0197416836946441 -0.0180132746946602
-0.4763895647445 0.0867428157220438 -0.0461851529094723 0.015914207810284
-0.362582406142256 0.318945647538563 -0.0567150454290654 0.0795475106684673
-0.282688168006661 0.370154982569192 -0.0276745640174171 0.109113511280877
-0.319351732768429 0.349477254259076 -0.0432184066628544 0.0971461764351384
-0.464247021039869 0.146734699830692 -0.0577967761689573 0.0914181992898593
-0.491273343265242 -0.123696217134146 -0.100970674702214 0.0655215832461428
-0.411797014621083 -0.519421982332695 -0.0993075355764725 -0.0419224337731061
0.107711172906233 -0.64002743473351 0.0431406345622122 -0.147123768591777
0.602086359041967 -0.304597026899805 0.0625733251621914 -0.110263424997226
0.775531555702004 0.0364241872169777 -0.0172755379177059 -0.0483797805207551
0.638811107432815 0.0123289964423545 -0.389368062414984 -0.148268176973319
0.576872188965125 -0.289295283136339 -0.301679250893949 0.0572696313121782
0.184919822254461 -0.580088688594504 0.00971100448744463 0.0943046944563278
-0.314650448870899 -0.514087280025149 0.0230683142008427 -0.0206066035642912
-0.452651120433421 -0.18010024540759 -0.133709233182088 -0.0561123177982713
-0.418960350607796 0.0647920577186539 -0.20178008606355 0.0527436921158115
-0.328343155807141 0.265345607692284 -0.192494235258248 0.179751773928099
-0.256461587499571 0.30644304939812 -0.142208667729922 0.228611440916687
-0.283806709164068 0.28068057529093 -0.156822942438065 0.202951526673516
-0.393737295824804 0.100114246826206 -0.180895345539343 0.14679051620665
-0.393981456441354 -0.126340285503593 -0.204780440518517 0.0582698770843311
-0.309177620856675 -0.420584562046827 -0.145218363828848 -0.0645569297397149
0.0893787373661431 -0.500851561903901 0.00508815330165954 -0.134461404331095
0.483986213329759 -0.250235951274889 -0.037544713411773 -0.0540347133953869
0.661944130112992 0.00671953137863218 -0.253702871207909 -0.0741259161303796
0.461958697219338 -0.0314337387987441 -0.616752257865501 -0.206600595097031
0.39250883663513 -0.235734033754117 -0.454219529226459 0.0826214944008436
0.108950424542241 -0.405508608061001 -0.0515564343354033 0.0914467932144357
-0.214879224357016 -0.331485496603746 -0.0309202380220769 -0.0444001384349675
-0.292588349814107 -0.125711433434065 -0.217847497410288 -0.0741720199370747
-0.286103341932831 0.0295070551281266 -0.320379196072007 0.0858274905215003
-0.238376469095491 0.168934456136421 -0.297402775966356 0.255589042509416
-0.190461767439797 0.1977945219132 -0.235054075332873 0.314455721508268
-0.209495477695943 0.17276988975888 -0.24914766545187 0.27117081120293
-0.271291076640927 0.0398102545801999 -0.275216921341547 0.167130745085468
-0.244651382317729 -0.112987977936575 -0.271220901700015 0.0257259331014289
-0.163148116622311 -0.270943952758794 -0.156829061419359 -0.0945873502211496
0.0674058183753837 -0.298399310023267 -0.0133017480748787 -0.120250580661232
0.307170373789179 -0.15825066382775 -0.0944096757651162 -0.00549612558008387
0.457995227827841 -0.0189325817071448 -0.420759000507358 -0.0820109621656932
0.205362248580171 -0.0713692656795216 -0.763333091995248 -0.242580219231606
0.139661427360614 -0.14111423995785 -0.55561625223268 0.101286154509408
0.00990096268144592 -0.164756681653872 -0.111239791814715 0.0954993901700903
-0.0832975142726151 -0.0957687421921759 -0.0723103807829915 -0.0402535590256395
-0.0866763403289957 -0.0530503649440904 -0.253881198560042 -0.070777935934856
-0.106639167201296 -0.0135649713653743 -0.377332991974236 0.109327354636259
-0.110391225332843 0.0426331740796562 -0.350329138201331 0.293465230921186
-0.0944854930443675 0.0581528438950134 -0.292555793260184 0.352912372770768
-0.106012199530152 0.045738615900011 -0.307613710251507 0.294872286904561
-0.120099808880082 -0.0157112412882391 -0.333963878377284 0.150888517859448
-0.0842427386428502 -0.0744884080520404 -0.296428138031618 -0.0255561010199694
-0.0300563905143261 -0.0972112666514657 -0.139711840125474 -0.124505280056289
0.0247224960252959 -0.0953970550506794 -0.0195249777982868 -0.103304621719263
0.107293832385748 -0.0757914122941294 -0.118293022803732 0.0292514933417181
0.207723278746344 -0.0498346140833467 -0.505572704868252 -0.0713568422335338
0.0786181987175572 0.0665715315479474 0.520158451110466 0.00804698806290474
0.0959426726832336 0.0164247397976143 0.202938567068891 -0.121611908039076
0.0440315671740521 -0.0782534767866092 0.00455646219215634 0.0608900140935683
-0.0661164626722247 -0.0845074643863059 0.0877410569023957 0.135161067845036
-0.0854541828353482 0.00748679953036536 0.268307671677758 0.0873600115846618
-0.0523290629509256 0.0590210726334359 0.35651662457471 -0.110425304782309
-0.015861903708734 0.0876242012019557 0.311289814561332 -0.2740433916473
-0.0116969973363002 0.0921168841685696 0.283172201412122 -0.336735764882847
-0.0281458410356579 0.0918502425462736 0.311631688660431 -0.304285361784004
-0.0734456235757697 0.0565380174604499 0.340657359320383 -0.156575687352193
-0.0964825110108936 -0.00234339419969112 0.26868756691237 0.0100308366718297
-0.0744498999008677 -0.1139713155397 0.120017861165235 0.0173487457005545
0.0704912817200238 -0.101538489272199 0.158884741957327 -0.0803927852293265
0.110691136893626 0.0401304695164986 0.446175615901837 -0.090000864098709
0.0492675793445717 0.0915575961579807 0.778373057218197 0.231469084049276
0.304012611208059 0.0699012207190966 0.468606527587924 0.0237987440655582
0.274559406899891 -0.0632279478439303 0.198784239709401 -0.0981836827593852
0.101912233047406 -0.246047450157976 0.0355370399923022 0.0528946327147151
-0.160936881017616 -0.247021783253474 0.0886803729758959 0.116738140787315
-0.238713043878771 -0.0545629235907109 0.231497111881506 0.0845646433849143
-0.201871528203669 0.0889687363778232 0.315675127179525 -0.0835672564992559
-0.133992345447944 0.199361954379902 0.277396072595386 -0.220486399552617
-0.109897793983272 0.224061330072152 0.252420704241475 -0.270700032318899
-0.14738829697578 0.219382771308901 0.267344082871401 -0.248180694207389
-0.248544949345355 0.106791807325268 0.293220289924653 -0.122565323889863
-0.272545601617829 -0.0561946655787586 0.223040877267307 0.0211151307711771
-0.211781041494289 -0.310162517228214 0.0884319800888204 0.00499486388533743
0.125720995067991 -0.335486666247153 0.157074251475485 -0.115839795418087
0.354257941593896 -0.0735607493069654 0.400747050894062 -0.139670159161126
0.35529900054485 0.105629222089439 0.686242422162062 0.145769066637598
0.500026854968242 0.0671867820665381 0.33916141337096 0.012486553662255
0.444463095151729 -0.1483373028742 0.147398431094905 -0.0665608298933341
0.155306804112056 -0.410475849578394 0.064095904931491 0.0565909671575144
-0.249775749432769 -0.401570219155871 0.0969572584017728 0.092100151676579
-0.379185621316609 -0.114931594057872 0.175335886879642 0.0617238701751868
-0.336180908027725 0.106341880997651 0.232281100048081 -0.0561689276526477
-0.240811073583515 0.282823697896454 0.200059804668162 -0.137615571002425
-0.190197227662897 0.32385052370431 0.184010055726603 -0.164275300582226
-0.238327158273688 0.31582257608513 0.184355156045713 -0.152321228238828
-0.379736443929894 0.151410834531793 0.199511291435937 -0.0656081794276793
-0.416325906319358 -0.0863952093733145 0.138918789837488 0.0337382048550429
-0.345475319435211 -0.448603403944316 0.0363110509769476 -0.0101638546776948
0.132240044474141 -0.531805173610718 0.130856662306457 -0.144540804974511
0.529375979229683 -0.200556043090235 0.305384426426925 -0.166735886229925
0.602676805213661 0.0861765560712804 0.499076484491133 0.0592305290416393
0.636994722977644 0.0536944291317615 0.13629909014037 -0.0234790681595368
0.572067574171404 -0.23478416490482 0.0389494590002349 -0.0249065209758572
0.19033524353592 -0.553101713497182 0.0745859732422153 0.0701992534352311
-0.328937220888417 -0.51812193199668 0.0953062251306766 0.0577100444004766
-0.484064405681283 -0.159570085605446 0.0919509903556147 0.0245940255436986
-0.431199628841403 0.111498178535838 0.107596809116034 -0.0227408845082786
-0.315546748364404 0.326702428168314 0.0857940544322665 -0.0336310940249919
-0.242041209573255 0.374188032912875 0.0878053843649389 -0.0307249332732787
-0.28944741855785 0.362932538730519 0.0775338994053538 -0.0301813730344957
-0.450339942680511 0.174302405885764 0.0772894597378392 0.0108933013510181
-0.494308413836909 -0.0998970261600782 0.0260890027974717 0.0518051164774387
-0.429265413051246 -0.510446624278674 -0.0317849436371983 -0.0231057422733112
0.109348462888766 -0.639765285643913 0.0852076617027772 -0.15586568943662
0.606682034602107 -0.296545653853696 0.178652263324099 -0.153449209349484
0.739846910955156 0.0492807160827123 0.246015848294317 -0.00510936261631178
0.684263767541698 0.0293210174333665 -0.117642849424591 -0.0747164238307882
0.618751399151158 -0.295606166500329 -0.118082985636051 0.0218073700684069
0.19208048343586 -0.621199258036921 0.0571943389584273 0.083667609495807
-0.363610699218799 -0.555364907585037 0.0706926361930866 0.0169517860332028
-0.516171912031858 -0.175161229426137 -0.0178648767897211 -0.0162572042473618
-0.459783761217353 0.102303961175026 -0.0441713350292428 0.0163925971662717
-0.341065321884039 0.323301770012961 -0.0478825934195486 0.0781077873764746
-0.257358420534402 0.36830300774073 -0.0217584091894469 0.105912985297954
-0.296611471226521 0.350058802970726 -0.0370455447218064 0.0962503278324386
-0.448348485133143 0.158644520873133 -0.0529140380497832 0.0898435287642158
-0.48343722241258 -0.104178131127504 -0.0931345050016752 0.0664868035092767
-0.419510827381983 -0.487487880115855 -0.0999596770802031 -0.0361987015921161
0.0839885342664823 -0.619685667079556 0.0348091759662338 -0.149679458083386
0.577044869182781 -0.314469450696678 0.0539594449096676 -0.108395854857695
0.751377706675466 0.0116602705236547 -0.0199211745341405 -0.0432447660277231
0.619661521224598 -0.00678990639832001 -0.380512184902145 -0.131422077911034
0.550525976028832 -0.299320737304976 -0.29075046590328 0.0649093528372702
0.159140069354393 -0.568129490310869 0.0121632460710409 0.0895939501937092
-0.326278693229449 -0.483287489522321 0.0233840295931507 -0.0216927203481275
-0.447464794737561 -0.156751973207464 -0.130301847959945 -0.0494235663995297
-0.405565675272185 0.0779980621362034 -0.194734639234072 0.0571471242703994
-0.309213370269381 0.270083614916113 -0.177199257919889 0.180624201196213
-0.234526114707181 0.30696531543614 -0.129203405781702 0.227218777491874
-0.26437179398011 0.282258881386806 -0.14375279361847 0.20347348964789
-0.379568054013149 0.110454102313901 -0.171578926684458 0.148522957622692
-0.387045937795922 -0.108242956470748 -0.194537714983048 0.0623207067144699
-0.315931705471199 -0.397243346378222 -0.14502829399452 -0.056302399445604
0.0713226716041582 -0.487148240290389 -0.00177063655249514 -0.135561805817096
0.464190119481527 -0.256784847432102 -0.0403010815749185 -0.0522633130394474
0.639605703917748 -0.0127348540303472 -0.250471369773856 -0.0600136815146658
0.448057697781736 -0.0457907348131348 -0.604307675273694 -0.179493845624704
0.373841127834785 -0.243510681872133 -0.438767638464662 0.095630121753988
0.089552768338515 -0.396882943240545 -0.0475849425140853 0.0894615416245953
-0.221837197046723 -0.311726067731196 -0.0299596210327891 -0.0423623503676515
-0.290893036187261 -0.110761901151749 -0.214097352497577 -0.064786428551443
-0.278234236767397 0.0397059258495227 -0.309774111606276 0.0928107050660686
-0.225176808312373 0.172555198824562 -0.277947630869456 0.257614814439895
-0.174830374601494 0.197904750816207 -0.216208470373566 0.313992755951865
-0.196147682849939 0.175295257092075 -0.231719431568649 0.272702180394546
-0.262959327100572 0.0482407429330341 -0.262661728391456 0.170944802327794
-0.241338150162199 -0.0998196448330466 -0.260847246232786 0.0324351376305932
-0.16936348079785 -0.255400252479073 -0.155956866387606 -0.0856822798943046
0.0558381177506645 -0.289424054217617 -0.0184273828339451 -0.119180866813902
0.294875010797588 -0.162549311686371 -0.0943160388813866 -0.00357217176620119
0.441967054656272 -0.0327993634433354 -0.412869351924214 -0.0611350676051088
0.19813793678456 -0.0759092013225561 -0.748558828608236 -0.208468229608225
0.13108816937828 -0.143190251093118 -0.536119925932122 0.115673652319044
0.00189004105866606 -0.160452994514633 -0.105226397217901 0.0956227670255269
-0.0846815758740552 -0.0887908545985391 -0.0701014690373077 -0.0369240964222967
-0.0866491950242198 -0.0485074932090952 -0.248754957907716 -0.0596843547618214
-0.10522671617386 -0.00892860080138173 -0.363876029754224 0.11819623028312
-0.105475183339554 0.0454140408922048 -0.32971261080782 0.298197999597463
-0.0873897032327767 0.059026618544671 -0.271171134831775 0.353677801172917
-0.0994232753840191 0.0480083265370907 -0.289561146740836 0.297871249893502
-0.11713002014178 -0.0105240496312299 -0.320634582837181 0.158264647727617
-0.0844521556735015 -0.0682176274572679 -0.287622884015077 -0.0166530380776507
-0.0331239155589179 -0.0920600728301228 -0.140251445997967 -0.115524733228211
0.0203019528803774 -0.0921971687328616 -0.0233307687059493 -0.100198392585182
0.102229029234013 -0.0762694121334879 -0.115160143635349 0.0303757442456232
0.199701197958974 -0.0542152003932485 -0.49409653704179 -0.0491147237356536
0.0774221789080546 0.0672105123339539 0.51615464715229 -0.00024249314443247
0.0968340866921212 0.0167180399759584 0.200851862792132 -0.123671788450027
0.0448741167627248 -0.0777732159461113 0.00557841677488943 0.0604600058318126
-0.065767732105997 -0.0829829035134094 0.0867601145688673 0.133327559016783
-0.0849325469429466 0.00792858548701872 0.267311979890743 0.08493097005369
-0.0503975077703682 0.0590121013086858 0.353126807578584 -0.112792455419983
-0.0146001361657914 0.0881107088289337 0.30746370274714 -0.275509974514364
-0.0107186747016507 0.0917657915885297 0.277413692769559 -0.340205198707939
-0.028126858428626 0.0920337367843057 0.306865590524978 -0.306931220986655
-0.0734151720459181 0.0569965448865395 0.338964054207332 -0.158838723193243
-0.0953563774997163 -0.0024602982077897 0.265999057587561 0.00767757997594268
-0.0750140389956105 -0.112541464255313 0.119177690179451 0.0160627006913715
0.0685779996990588 -0.10092141005071 0.156975677593568 -0.0810120268551626
0.110608279858107 0.0389148197982087 0.442842834907357 -0.0910897612629503
0.0486095297177451 0.0899958746579304 0.773928278740912 0.219783352695643
0.300519437372951 0.0676860664851243 0.465220806347143 0.0152112874444195
0.272813361269633 -0.0633268441484052 0.197092062790937 -0.101105772728511
0.0995304261071354 -0.242744392222091 0.0352486272095987 0.0517305203849907
-0.162812280431528 -0.241999548320866 0.0880079092000768 0.114885885706498
-0.238085772988745 -0.0508245911174875 0.231606780450014 0.0818469405856477
-0.197845955682094 0.090366507118395 0.313281392524522 -0.0868902119755359
-0.131435797358163 0.199812893203486 0.275086694051075 -0.222519713638061
-0.105012933155248 0.223320692963789 0.247207447637319 -0.274183853142936
-0.144760540760781 0.220546046459681 0.263695916346403 -0.251349219869667
-0.247652863806104 0.1089126134673 0.291046188022204 -0.125659697898461
-0.272319643132259 -0.0547989024991617 0.22227073166938 0.0188791469436192
-0.214659738746884 -0.305343593668551 0.0867400599941045 0.00432955857532232
0.121424334531257 -0.332753346363546 0.154580414663103 -0.119099316672161
0.353106603190096 -0.0758780856338573 0.396193992599052 -0.139856772726259
0.351424471652661 0.102234075716716 0.681527864214123 0.137701758781604
0.494471120138422 0.0634785596064327 0.337778624064223 0.00563958070151237
0.438618554217197 -0.150454493608073 0.146368327964847 -0.0694588154558099
0.149585474654931 -0.405469029498853 0.0629614601892069 0.0548623273059146
-0.253303748500418 -0.391877957264444 0.0961071155466365 0.0898280795931449
-0.377864899923024 -0.108850091732534 0.176235947303948 0.0602125782207113
-0.331634625487004 0.109054948798076 0.230498491898335 -0.0586878232016668
-0.235293785472429 0.283751591660018 0.200204563200541 -0.140197904357287
-0.183072350424847 0.322529819928902 0.181070104464783 -0.166858876476876
-0.232631285179294 0.317329243864297 0.182915081613182 -0.154575412158085
-0.378306853630538 0.155067822612612 0.197974504855315 -0.0682062887790585
-0.414427265285387 -0.0813909085300257 0.139620170296262 0.0315014381788988
-0.348474534018167 -0.441757407799424 0.0333676712066889 -0.00951313529284595
0.128171540616042 -0.52750654600898 0.12757818324929 -0.149454172524971
0.527288821730289 -0.203632505573174 0.300481736712889 -0.166153012803499
0.592801628432246 0.0820633265872416 0.494670529501247 0.0553423391884841
0.632411561263282 0.0480047303243812 0.137354049147913 -0.0258349378743171
0.564727441697872 -0.237399099751694 0.0391945041840225 -0.0271210438222216
0.180325056664379 -0.546639867942783 0.0737951954491343 0.0682982169647967
-0.334007515077475 -0.505095925799536 0.0955324912979179 0.0565528794690396
-0.484022525842033 -0.149662171799554 0.0935697621221729 0.0243516606377031
-0.426754861360609 0.116467427269524 0.107091482921771 -0.0249369589307573
-0.30871154633121 0.328402066802724 0.0881866184411796 -0.0363877356637837
-0.232490749569889 0.373912460078831 0.0873163324353001 -0.0333854097114739
-0.281808430582222 0.364365209066957 0.0784675573047002 -0.0317557720003384
-0.447883528782633 0.178100557101601 0.0774202471421116 0.00939988415250393
-0.492442242047624 -0.0923923892210138 0.0287537315687757 0.0495259319141207
-0.434505147620455 -0.500240524022655 -0.0336801193657396 -0.0212278009207731
0.103885142830304 -0.632416545790737 0.0803567098359143 -0.160635764349519
0.601829669404627 -0.300355781056837 0.174015800769486 -0.152823472399393
0.730310316862507 0.0417438899259309 0.242563162526797 -0.00503732519727617
0.677579970381395 0.0227970487339472 -0.114525958086516 -0.0734584358294263
0.610247289575621 -0.29811860257723 -0.115429895768474 0.022143646082636
0.181783691213154 -0.613809246754795 0.05674746310256 0.0818283253332355
-0.369536629142758 -0.542097849966888 0.0718748837446615 0.0158225163340351
-0.515737784106481 -0.165534286058765 -0.01505574985756 -0.0148936604962853
-0.455364579919499 0.107904525488321 -0.0436757484058626 0.0152929513373289
-0.334028170207463 0.325478866752764 -0.0434218285177108 0.0763394481701301
-0.247427835111155 0.367367936732341 -0.0197480303736839 0.104593034076626
-0.289678783976304 0.352042566915686 -0.0329791174289332 0.0958140349192841
-0.445219650327135 0.162820841901728 -0.0516580373008326 0.0900338991969021
-0.480688297940278 -0.0977051620570771 -0.0898068068963708 0.0649500444642506
-0.424892577382295 -0.478130455642654 -0.100717773916815 -0.0332403754085153
0.0791203662156321 -0.614128828887298 0.0304374425139911 -0.153941944654417
0.573744802607366 -0.317200573336417 0.0503457864597316 -0.107648549824988
0.738848210497878 0.00712869758070109 -0.0208360174722813 -0.039373696138643
0.615578896911048 -0.0122077859916815 -0.376180491290681 -0.125064569100781
0.543815870279361 -0.301719877410525 -0.286748700765037 0.0669511554441388
0.149419073942311 -0.562443998490617 0.0125103556059259 0.0879299281755252
-0.331601540545228 -0.47375299040323 0.0250036475614645 -0.0217184778485775
-0.448315570485483 -0.148873487910973 -0.127188015733319 -0.0465555030131019
-0.403013543287374 0.0838861617186694 -0.192812691347537 0.0580718587702493
-0.302835859232729 0.271938149774077 -0.171143103014604 0.179830778896519
-0.224876332081537 0.306754555723995 -0.12423644769107 0.225985933528868
-0.257634464082168 0.284337353489059 -0.139102530736815 0.203301853087595
-0.376935479381419 0.115136028752019 -0.169394622705588 0.149371523931493
-0.386340603835861 -0.102963785467114 -0.190909557505922 0.0623247230115841
-0.321279822644016 -0.388195256434265 -0.145563918623882 -0.0532062765536265
0.0661612035807516 -0.479819665274757 -0.0050597337332638 -0.138271317715051
0.460129530341309 -0.259432573215 -0.04279510559989 -0.0513369381853923
0.630140742252861 -0.0168723425959541 -0.250121414625959 -0.0529332895783158
0.446338183446987 -0.0487488769635752 -0.598960390905994 -0.169450968843826
0.369010210181439 -0.245349139941355 -0.434706710810959 0.0994250274265581
0.0828039078061237 -0.394050663894242 -0.0469495539711973 0.0884275226588727
-0.225700877199778 -0.304170763056266 -0.0283001389175415 -0.04275508476629
-0.291266741951771 -0.105529773325641 -0.211207423299381 -0.0618803181337585
-0.276496231548987 0.0433810362306393 -0.30666440004918 0.0954540314321349
-0.221232234513545 0.174842749899014 -0.270624352927184 0.258540462991606
-0.168008386240314 0.198279816382906 -0.210602521713454 0.314946769687264
-0.190901030581211 0.1765803162156 -0.226930135519082 0.274214491546421
-0.260696033685263 0.0513643539993234 -0.260185688115642 0.172875753024962
-0.241927462998092 -0.0953149403618328 -0.256388557301875 0.0335338249312891
-0.172810720474418 -0.25037149964751 -0.157267525190595 -0.0822300445403853
0.0531482491637573 -0.286120479554167 -0.0219322350776029 -0.120721451336566
0.291582791315344 -0.163649387505883 -0.0950694886474316 -0.00375287629204101
0.436063383205016 -0.0351048691720752 -0.411541792589239 -0.0524014992402902
0.19661541063148 -0.0774870042982908 -0.739550165536674 -0.197306819735458
0.128176657208184 -0.144613036540242 -0.53145634666323 0.123881136878958
-0.00133250970419163 -0.159350553290155 -0.10399030960964 0.0946921421858438
-0.0857386957668646 -0.0851883647169762 -0.0684664280564754 -0.0365745422376696
-0.0879626606821146 -0.0471301700200451 -0.247831335605845 -0.0569182493151259
-0.105658956221453 -0.00677262170378599 -0.361670010829632 0.120982448377572
-0.103633412889525 0.0460047902782954 -0.323299869962393 0.300534068260128
-0.0844995276019302 0.0586067322878807 -0.264397514901513 0.355443345768752
-0.0963722340386332 0.048685715525332 -0.284544886287006 0.300094551927202
-0.116240173636782 -0.00865385857557926 -0.317679914183983 0.160251056136929
-0.0848383425959729 -0.0657373318507226 -0.285856705305968 -0.0142200161648339
-0.035283683457546 -0.0896374759754194 -0.140351373147197 -0.112317623497707
0.0187604988730914 -0.0916787549703971 -0.0249354809591518 -0.0996190984312373
0.100474950118503 -0.0768574644845615 -0.115070481744359 0.0296207377857958
0.197555161795241 -0.0553164132290824 -0.491899384064562 -0.0389955271127014
0.0920726142662372 0.0257371672920346 0.479529271426074 -0.227360154917622
0.0935185690766595 -0.0241943498065822 0.129577278844799 -0.207604007412489
0.0113958771185825 -0.091319609438451 0.0288476619906084 0.049985785244539
-0.0939593870596337 -0.0497435840366776 0.133191764107825 0.0844597366564959
-0.0762555185999372 0.0390910155625196 0.282365804387629 -0.0399083100883968
-0.0230277957286836 0.0735964236593962 0.274437084136941 -0.260523271315829
0.0250043319642054 0.0867296167899963 0.161055782486423 -0.389602773574697
0.0262354513404214 0.0927670658523168 0.0987203047829673 -0.439068700637231
0.014039041695771 0.098029184505672 0.141111164038198 -0.422571536389928
-0.0438884034195209 0.0844924804955203 0.236106822052276 -0.301042006011396
-0.0906520340284968 0.0372489012986542 0.245882854219216 -0.114899186247502
-0.11700347730548 -0.0702260794708851 0.119966547940357 -0.046288909531018
0.0228960781672649 -0.124434636702983 0.111993539588175 -0.14205780719809
0.1266356707316 -0.0128711962063623 0.367244782903133 -0.269940875722161
0.0935061510936294 0.0635777843767589 0.806176295308534 -0.130853597780691
0.298859573181151 -0.0640063500288214 0.444804479460331 -0.198615091205007
0.220694673634696 -0.169611153953678 0.135759491416452 -0.190607708251058
-0.00721564258455527 -0.263292885184131 0.0450897257015937 0.0240194712734293
-0.246975637606098 -0.149234322313103 0.11741423607809 0.0653411494745558
-0.240422310035715 0.0522356734894963 0.244208202970411 -0.0204242506581842
-0.145028286599344 0.166490303637178 0.246579985055584 -0.215144771998016
-0.0334626495341634 0.238995597610013 0.153622061860088 -0.322279197702118
-0.0055194974964952 0.25520377388134 0.0992400143560518 -0.365060650821928
-0.0388952756474419 0.268701688081645 0.1247528808095 -0.353490606026839
-0.184749431488594 0.20898257834171 0.203692285259223 -0.251230071492166
-0.280024080234785 0.0660971758583845 0.212639920165895 -0.0940933091617351
-0.33149987748859 -0.18438929188836 0.0929544790854027 -0.0578331670413771
-0.0270511374343259 -0.366118468437056 0.100746281196294 -0.175989654509174
0.30242056833833 -0.230103384322322 0.308622272610945 -0.281230657248733
0.383830941784224 -0.0672654950301176 0.680190959075513 -0.150842221066462
0.478154515834234 -0.146215660066451 0.328432665719581 -0.159379095952519
0.336606913680348 -0.316106885248375 0.102359035499968 -0.14386421060914
-0.0300539307998718 -0.431304535981049 0.0648897143480676 0.010100160411627
-0.393065948042831 -0.244341708668287 0.105821328151946 0.0364388869965099
-0.391215131183165 0.0602923940628965 0.180389000405073 -0.0117221013371608
-0.259213906720908 0.241670754528068 0.181354211097684 -0.148943138625052
-0.0928990278742589 0.361193055029365 0.119613665999697 -0.208546384472733
-0.0351242748852852 0.380663103294312 0.0866915559065054 -0.235219203345356
-0.0793794676233376 0.397225695597233 0.0924221067816252 -0.228242811464506
-0.287026054879494 0.310385549619735 0.141158900742688 -0.158982203155097
-0.426926858353022 0.103545264035535 0.142363350397139 -0.053509451390949
-0.51616561474813 -0.24982648979193 0.0417572772237175 -0.0606296705561984
-0.106167616213828 -0.55166885026454 0.0694312139264504 -0.193477125240764
0.406529064472587 -0.427696238149668 0.216440000813039 -0.254248051266114
0.60119203586696 -0.200958848434031 0.469621900997647 -0.129586034749901
0.600108279068483 -0.211936155720099 0.132438229121255 -0.107253906830521
0.418349887838465 -0.44933482752799 0.0204714532855869 -0.0608939489479624
-0.0600859568160804 -0.575206984738648 0.0736250244214527 0.0138542204969706
-0.513818720952042 -0.310450006789362 0.0840681177325317 0.00520725723199861
-0.505024434826996 0.0696767978418736 0.0865069657760466 -0.00374359021639059
-0.342902117707262 0.291923911726671 0.0817744251725079 -0.0606750034607581
-0.140620086721816 0.434011365871549 0.0619527414493794 -0.0594386759579815
-0.0585762589075568 0.448060399817003 0.0611595316513359 -0.0701784243237139
-0.103836357218648 0.462288919054292 0.0510657843585836 -0.0679601555094212
-0.340769447984279 0.362451842432204 0.0630271022123164 -0.0339312284656292
-0.505681974112461 0.129241140633867 0.0491482419899399 0.00779687230735826
-0.622040843183642 -0.263113707747347 -0.0242978461867212 -0.049063475329581
-0.17475974378626 -0.638635000770441 0.0244238322764303 -0.185640967303069
0.432915003132639 -0.549677425242639 0.110982860639303 -0.183748701085364
0.71059565122424 -0.300341997927998 0.212438001590725 -0.066488968125079
0.636573958831869 -0.252004039189101 -0.11972755657618 -0.0440744768491248
0.436400758652941 -0.524466862169177 -0.101698442374389 0.0526102576864145
-0.0873667836243991 -0.637530330050383 0.0605632593170481 0.0328436483088114
-0.562156911101594 -0.331010096700009 0.0416385744823613 -0.0218540925961518
-0.540568527476816 0.0713209993249132 -0.031882451899763 0.010588430158631
-0.372744673611348 0.297587022856965 -0.039360806044133 0.044721460599845
-0.165193545170812 0.441843503618624 -0.00946681447871951 0.104027558173643
-0.0740380044987408 0.449084860127806 0.0259973849833861 0.105454402692616
-0.116725540914979 0.454086495745806 0.00662121141798428 0.100025616137672
-0.345140946318205 0.348421155300207 -0.0180505690783343 0.098420774804651
-0.49701730784642 0.120288899326352 -0.05191904261339 0.0747654524342055
-0.604147655818695 -0.247348967790479 -0.0921612979641086 -0.0280006667867461
-0.191830845478555 -0.612257412441092 -0.018879549026661 -0.158370277083898
0.395673518222819 -0.553769903858469 0.0169040769949145 -0.0903668941245625
0.699640542016202 -0.340261834130535 -0.0452037528262995 0.0184448668548271
0.567497794910668 -0.255267899941048 -0.385415394503216 0.0219954097128137
0.376819703950558 -0.499892575902472 -0.239263482288889 0.173243945744164
-0.0960565083065147 -0.578074058032842 0.0254293881170926 0.0601789718494725
-0.497613130924761 -0.282129716706618 -0.014155644807178 -0.0353475462387064
-0.471735133663292 0.0588641886162018 -0.148448834965549 0.0300351454478015
-0.334402714687982 0.253677267329094 -0.157434712958728 0.149807604893875
-0.160823930051768 0.38043183167483 -0.0802505928042996 0.255303703854648
-0.0784696069114673 0.380806017289546 -0.0139792206471879 0.265283699259231
-0.116551644256173 0.376210068620688 -0.0408145129447078 0.247613042997943
-0.303326317266878 0.274264901156773 -0.0968220115485882 0.207315504086982
-0.410014985686948 0.0748019252532678 -0.144855200273051 0.121784440582703
-0.46943807341241 -0.210103698201657 -0.143143005501861 -0.0172253632753907
-0.145919431205817 -0.48005191914477 -0.0499771377931636 -0.126663828036485
0.313372667840068 -0.447376221908476 -0.0480473941737493 -0.0046847476070095
0.584167302802362 -0.310757332086242 -0.260103147514851 0.100125159177039
0.396888447659171 -0.217452992354845 -0.614741028974895 0.0832153850088912
0.242342723184474 -0.374766029565447 -0.359295116055535 0.275066498757684
-0.0868107936178366 -0.394740884480664 -0.0219435827247756 0.09196917603484
-0.331887282490954 -0.174663258780983 -0.0621208256852158 -0.0292397344461734
-0.3098108372737 0.032220235449862 -0.229018952321653 0.0488165375109355
-0.234820831573591 0.162909139445084 -0.243160529386289 0.233244075783824
-0.127957517106661 0.255101148650321 -0.136980553675702 0.369796236944705
-0.0703606635502874 0.254039492028397 -0.0508062574283019 0.385885323038326
-0.101595233044443 0.246857535809003 -0.0861008543276882 0.352807419317292
-0.22137748895815 0.164310022596415 -0.166498897778524 0.272541149618413
-0.271533281955931 0.0188410896579769 -0.21773467175811 0.132170198316828
-0.272035092643421 -0.150393507280485 -0.16978612109244 -0.0249795676380653
-0.0753697104396044 -0.292517815034213 -0.0633042944361551 -0.101106239556744
0.198106099274419 -0.283258917150694 -0.0813844709075317 0.0529759780044706
0.39115468230194 -0.237230309584448 -0.40625672882758 0.160459863089443
0.157709464750443 -0.140274727592964 -0.767064794574388 0.12540469561988
0.0657333783823622 -0.182047553291357 -0.436180210213528 0.346685310753254
-0.0664186141361121 -0.144235211546398 -0.0616757674610939 0.130189108494659
-0.112665804677721 -0.0377574156197088 -0.0840105163417797 -0.00337292904199011
-0.0986252115117633 -0.00170054852361098 -0.255378340762863 0.0621264662549025
-0.0983779430586478 0.0427630198566543 -0.279653814491002 0.277350268509372
-0.0753201831294885 0.0870321835074835 -0.164336959123733 0.426705774663949
-0.0512247033526757 0.0885754050704168 -0.0802997391611342 0.448411204146969
-0.0684236247959292 0.0871145606508 -0.125354174688952 0.4052802058227
-0.111208545757926 0.0450136532868857 -0.220722503758305 0.289775170671098
-0.109347655618365 -0.021708222619917 -0.265227206850354 0.108770975958409
-0.0746092871606209 -0.0657104332333523 -0.173148286877357 -0.0458091895013164
-0.0231432817591958 -0.0956295071017922 -0.0642319125851618 -0.0792294717326041
0.0574796530249658 -0.116322084820591 -0.0905535775944508 0.081978382117768
0.156968845990305 -0.1450746782908 -0.470864971090575 0.194005454623496
0.096010501951963 0.0246143530158729 0.486120163860558 -0.255948136823052
0.0980237613168068 -0.0279438754384991 0.126082141947755 -0.221588673712008
0.00976962423211615 -0.0956436483539824 0.0326819599453975 0.0512305822517842
-0.0986791396519383 -0.0483678785968371 0.14103663525167 0.0839884959657539
-0.0772455661670253 0.0440520012997363 0.292036211971914 -0.0525078058774554
-0.0206606659368596 0.0762421453467788 0.275417198890881 -0.282466684948863
0.0293072650812317 0.0895257218614383 0.151738948749242 -0.411711908023857
0.0309259335146434 0.0955055320539127 0.0834148401966225 -0.460139711388346
0.0181417085031139 0.101861259269785 0.128816784044278 -0.444746822399801
-0.0430819216159992 0.0895524908321743 0.234359351222028 -0.322906072984453
-0.0932349984783438 0.0404748141477914 0.250908254884981 -0.127034429348902
-0.123887373773919 -0.0686169736821763 0.121398563131127 -0.0518555182141081
0.0201934236924403 -0.128293007766005 0.109682472983208 -0.151923946867042
0.130577439070503 -0.0187182151707943 0.372431363191304 -0.292414049572893
0.0974685529670912 0.0634451278009134 0.828052529386722 -0.168569822674094
0.305616273241145 -0.0767456881264542 0.451760921783197 -0.224731835148582
0.224777408123446 -0.183059414858226 0.132417457023911 -0.204026845414831
-0.0166078153557399 -0.271069496400172 0.0485922980238047 0.0238389559925762
-0.261061217356686 -0.143668348154972 0.124166735375744 0.0637915835245696
-0.246594569949687 0.0647365043875884 0.254418125082048 -0.0313272436125043
-0.144438967679736 0.178057744135796 0.248110701331005 -0.234219372153822
-0.0248584455409408 0.249257807570437 0.146838897258797 -0.342422111553914
0.0054198974895315 0.263990409019408 0.0879215400569263 -0.383470050727797
-0.0296895255406871 0.280877511938429 0.114738235810834 -0.372487909766177
-0.184468224612591 0.226241036808853 0.201820447968682 -0.269657964883328
-0.288806240101368 0.0789438853704065 0.217099375011511 -0.106642545194419
-0.351620261825645 -0.177622080040684 0.0929514831597859 -0.0628462487813837
-0.0403252334455859 -0.377148323845004 0.0958451218022796 -0.187425054661508
0.306052721021789 -0.250863096231956 0.312460636924584 -0.301528648010915
0.392731061021649 -0.0817701303718083 0.698001293766939 -0.181404093145236
0.487665166862275 -0.166918057665233 0.333929261159883 -0.179945011879942
0.339689697993557 -0.339106526567559 0.098988800115186 -0.154377239792903
-0.0466938270911774 -0.443780936334873 0.0682763237290439 0.00946011787591268
-0.415878372694823 -0.232986065439205 0.112161486449213 0.0343653324948445
-0.403210931103934 0.0798568241184449 0.190305767323239 -0.0192791181417413
-0.259687665426728 0.260777181197575 0.181870374082345 -0.162505763173857
-0.0812346553240514 0.378018540504184 0.115851736084546 -0.224273020163045
-0.0191444292139384 0.394559732438115 0.079503805901544 -0.248393929927143
-0.0649757185290331 0.415910818958391 0.0864496098261165 -0.241835358328966
-0.286504251654776 0.335958129269856 0.141008180777608 -0.171201361989195
-0.440018439355432 0.123731437622127 0.146155522970282 -0.0629794099114932
-0.546241670837066 -0.235632061120761 0.0408059005222163 -0.0628190230514879
-0.128585682776726 -0.566787334906086 0.0601611442774212 -0.205407394077447
0.406395716857145 -0.459688719722434 0.216435078730259 -0.270186292117214
0.613840815899706 -0.226643603789893 0.481779899643494 -0.149836176990073
0.612251647101505 -0.241161363972993 0.13552574895434 -0.118218704686766
0.417619777010872 -0.479695346425269 0.0183007116075416 -0.0653637087317527
-0.083964246694789 -0.589140614989198 0.0779384189590729 0.0134424209798637
-0.542131242975845 -0.2980183267374 0.089254003197879 0.00271460771569903
-0.520035252886589 0.0944278416631264 0.0940015746176684 -0.00819048607934625
-0.345904964488928 0.31588748200989 0.081847550493711 -0.0671821416934952
-0.128575189291883 0.454559738113293 0.0621385411078778 -0.0682201910893208
-0.041158938308542 0.465806512333356 0.0600323441507533 -0.0764603590790668
-0.0866617889192608 0.483725552251829 0.050308568998949 -0.0742983242576288
-0.341542045756159 0.392226255784422 0.0652482364968871 -0.0382958941916691
-0.520601389433387 0.152851194667605 0.0514205679329307 0.00312462791922414
-0.655799600929938 -0.246446510614635 -0.0273284575263709 -0.0471408150578963
-0.202080899558937 -0.65600755906064 0.0131844317574346 -0.194973279651677
0.429799477465873 -0.586746733632085 0.1096360406197 -0.193276801682649
0.720494764967274 -0.332554534079135 0.218092992456627 -0.073968831972902
0.648683284024303 -0.284119280477563 -0.120890397541966 -0.0433605326076611
0.433486663251115 -0.558914785544801 -0.103502896643645 0.0569265351054858
-0.114401526084439 -0.653482613481177 0.0651574103412853 0.0335662752904953
-0.592880703723676 -0.314503845103517 0.0447658216595446 -0.0243718043203602
-0.557687725428408 0.0975824817623775 -0.0275939308019072 0.0109982558085383
-0.376146374600295 0.324945742737398 -0.0401978388131967 0.0469025207382371
-0.153601520786286 0.46499755216209 -0.0052171703548754 0.104636716421648
-0.057847318773377 0.46550796457051 0.0316841564587082 0.107343221643608
-0.0996875656518931 0.475991671359241 0.0112565422869477 0.10184797369336
-0.345230401905221 0.377288913512625 -0.0142218700135083 0.103014661918226
-0.511323842896253 0.144654908566446 -0.050686230585844 0.075876687392558
-0.636131924817936 -0.229496461446572 -0.0961529856325856 -0.0236469312187367
-0.218570977384605 -0.624402959808296 -0.0315082339702094 -0.165403834530733
0.390580128295241 -0.58743350158083 0.0143857101401902 -0.0931702102580517
0.70883816722076 -0.372711873490089 -0.0443595196693702 0.0248143468090911
0.576644189213137 -0.285050343390977 -0.393095030940032 0.0354721611820031
0.372542235833985 -0.531969036503279 -0.241515297107481 0.188372448520115
-0.122156836187431 -0.590730086962223 0.0295000882276773 0.0624614371005356
-0.526684951403573 -0.268229748100229 -0.0134139276288838 -0.0373364531256524
-0.486670558082973 0.0825434484962418 -0.148241704605173 0.0357601648308714
-0.337120031665157 0.278697051201537 -0.158029639338004 0.161514076950069
-0.151348333291812 0.401160597103378 -0.0728193588481093 0.265158056996901
-0.0639927527085243 0.394568823770425 -0.00289490194055973 0.274984826423257
-0.103198022246875 0.394926370835242 -0.0312503078239086 0.258027446156965
-0.303982554073647 0.298611346672975 -0.0922682868377914 0.219292375624527
-0.422746896747932 0.0955109825239067 -0.14589591803217 0.128264076108421
-0.495467199767056 -0.195796177313897 -0.148084825964408 -0.0104215544317013
-0.167688759721903 -0.490801732604292 -0.0613431034682551 -0.131931082253194
0.307821028032053 -0.475056801090387 -0.05028534383868 -0.00239919245515808
0.591258897075628 -0.340490077896634 -0.263803971185628 0.118536102952373
0.404120876455404 -0.239578461234635 -0.627935947884372 0.107733421562666
0.237742705140091 -0.397686278564168 -0.361473233718144 0.298321397954246
-0.10687564079835 -0.403573992550379 -0.0192833616032265 0.0962246725744164
-0.350593878568697 -0.165469689412559 -0.0635624701511556 -0.0290439908608314
-0.320379079041299 0.0471746321903761 -0.233208025677145 0.0584286882549695
-0.237676840649763 0.180471168204244 -0.245059461468864 0.25156130955272
-0.122163810436293 0.269790858287475 -0.12575879532903 0.387492444177406
-0.0616480223448477 0.263478472377861 -0.0359936886147905 0.402285651320405
-0.0922523137864435 0.258851703729479 -0.074524553587623 0.369636652154662
-0.222511552890099 0.180690343808979 -0.162070780150114 0.289735122983346
-0.279540881722226 0.0321115837221868 -0.220463853498996 0.142890363801599
-0.288748332912891 -0.142289684344783 -0.175748308046617 -0.0180997351062819
-0.0891445531908627 -0.300220594852868 -0.0722653287487732 -0.103369891293891
0.195228688397061 -0.30085718117382 -0.0836071990092958 0.0578402808152198
0.395869307434599 -0.259887324812862 -0.412548239870303 0.187558224824485
0.158129906757937 -0.151947743306046 -0.78550100438979 0.159835925994817
0.0610583200472398 -0.191720846956305 -0.438605811582761 0.374786889558467
-0.0755125774510353 -0.145706336753476 -0.060145049842304 0.136488334898094
-0.118106107665682 -0.0333754282154648 -0.0861130551255122 -0.00145411191882198
-0.103491998145698 0.00292102335697818 -0.261749068334291 0.0739524315979374
-0.100814280754669 0.0497406594339569 -0.281141401110917 0.298975129162716
-0.0747950176462146 0.0932165972104862 -0.153100120591363 0.449006434206852
-0.0492218777620312 0.0915127130772535 -0.0631590755777584 0.468553174678469
-0.065601081742702 0.0913512729923035 -0.113451585478082 0.426247465028393
-0.113040503338561 0.0520967579699471 -0.218435398061986 0.311103054601165
-0.113946229259925 -0.0163689427622243 -0.271241784492899 0.1223908186565
-0.0794516759596505 -0.0629433961931205 -0.180158832522164 -0.0400334567198018
-0.0294901880753302 -0.0972607663493903 -0.0697753895439813 -0.08004906527718
0.0550959403456061 -0.12272951567588 -0.0920812303360692 0.0881450576033177
0.15816572553079 -0.156538042590341 -0.478063816738128 0.224383212883965
0.099464910005147 0.0203195493183333 0.476420741660057 -0.293789630784861
0.100161650041498 -0.0341774504009419 0.112878543747137 -0.235198340392698
0.0046279436565824 -0.0992066996393454 0.0381165130325861 0.0508720100224328
-0.103634808854186 -0.0441144482052723 0.150306293448122 0.0774245171280761
-0.0756522109297183 0.0508570006024302 0.297064580062301 -0.0733062226788794
-0.0164450530295034 0.0789741076712601 0.264362940438733 -0.308617218327867
0.036569565560383 0.0897361735033509 0.128477392038921 -0.432446545029527
0.0386750854272313 0.0960970095815754 0.0520781531190701 -0.476769480146754
0.0251417843178293 0.104545050551985 0.100657233611051 -0.465503651843151
-0.0391747630438688 0.0951614071370259 0.218398373933388 -0.34672368826114
-0.093731657059645 0.0465378984236529 0.249624206549682 -0.145784750038184
-0.131368658621565 -0.0622934108618013 0.119694419537819 -0.0602040011883038
0.0136309206356529 -0.132110296528028 0.102030726074338 -0.162429741004345
0.132474244941047 -0.0276615806834934 0.364923670147927 -0.321435579748243
0.101877453150002 0.0602978287695481 0.833161237399171 -0.225242987634245
0.305666841796621 -0.0960661038315567 0.445037419138826 -0.261417153440562
0.218760886328267 -0.200212741920596 0.120111481944357 -0.217619076330643
-0.0341345789655758 -0.274575370924166 0.0533301432095417 0.0226307915123431
-0.274762702309181 -0.128385107843895 0.13197596057177 0.0580277196762828
-0.246820459192175 0.0839165390839484 0.261292570585444 -0.0500649482935088
-0.136451947376872 0.191369723979269 0.23939605397289 -0.257113575162111
-0.00816546712037404 0.25663540165526 0.127140099195441 -0.362202374255993
0.0241257783668776 0.269643216395083 0.0621265757703325 -0.399252676665247
-0.0103857219520181 0.290897580729842 0.0908994929322386 -0.390929748926939
-0.174373337943021 0.246415428995156 0.189300700401846 -0.29164824899939
-0.292223441937152 0.0989646714900463 0.215450895320099 -0.124152416198314
-0.372012122395433 -0.156322605472762 0.0903322057401726 -0.0688851384063517
-0.0637155217287074 -0.38344982476375 0.082808306773115 -0.197818045153109
0.296802575187565 -0.276136604282827 0.302255475445293 -0.326957987347966
0.392975229832897 -0.10518172818363 0.700788904798861 -0.230523256311643
0.484792878925296 -0.201748450603243 0.32978467810435 -0.208172248254148
0.326117350158868 -0.36681052896594 0.0893908881357349 -0.165268709348041
-0.0764224279340584 -0.446544920361617 0.0724460633340068 0.00688230526779842
-0.437677458738678 -0.208220263805194 0.118587095935218 0.0278537246327272
-0.405468817177939 0.110606731484188 0.198283163178561 -0.0347835448197126
-0.249570418809562 0.284390010426678 0.175689880432058 -0.179846613894781
-0.0566962878494697 0.391754386416265 0.102764169103202 -0.239427973062808
0.00739004452073939 0.402936109408572 0.0632804639311693 -0.260240747720019
-0.0366466333024742 0.430855867625503 0.0708821912845875 -0.254552138804302
-0.272694057385576 0.364984846549783 0.133828861764715 -0.185447739302023
-0.443092264748863 0.15473816779914 0.145732258796102 -0.0759998249131484
-0.575255736856651 -0.202532044316747 0.037444951146624 -0.0650461036477094
-0.165633597238147 -0.571461281348031 0.0440701260141964 -0.214355186835101
0.387051671598166 -0.496416775044786 0.206488647915636 -0.28883163074006
0.609518864274385 -0.266905583477856 0.48168167576334 -0.182780841813486
0.606283895932027 -0.285927996861961 0.133129962383551 -0.133006225405558
0.396534596228093 -0.515355132826688 0.0133884970277598 -0.0686622035010586
-0.122993711217605 -0.591999206207564 0.0828345902684089 0.0100783808151659
-0.572074865797409 -0.26394870706744 0.0940582622909019 -0.00384353116948445
-0.524460916500679 0.134819754060605 0.101464008944789 -0.0171966587907905
-0.333377820751986 0.346814535325584 0.0787134906133738 -0.0752053739970954
-0.0998385252004772 0.474671939020379 0.0586350078292135 -0.0766369681393731
-0.0108426047281194 0.47558228668867 0.0560916886483791 -0.0823760633448955
-0.0542814244561321 0.501676850743465 0.0459079235076172 -0.0806867864728759
-0.32474482424112 0.429026451497206 0.0655113005814865 -0.0442258261882763
-0.522957519078562 0.191484110241774 0.0525574559288474 -0.00325347789789948
-0.686726856856185 -0.204241701071852 -0.0303722019756681 -0.0444305832200564
-0.24658523752983 -0.657881804447739 -0.00511181839230301 -0.200778249697802
0.401435705840845 -0.626905323661872 0.100776254107459 -0.204166460946081
0.711376071392674 -0.383052463671033 0.219918423277382 -0.0857188865913631
0.640410224487114 -0.330620104340938 -0.122475550452354 -0.0401703861086235
0.410232327499085 -0.597161929016895 -0.102242485802641 0.0638913072877472
-0.159247976518074 -0.655071403959004 0.0704167125575629 0.0313160905286877
-0.62502317473184 -0.277225862695545 0.0476793787432956 -0.0286568308142514
-0.5634635461566 0.140670484133252 -0.0219460345741682 0.0104229914097699
-0.364077289868851 0.359365261659363 -0.038710832527569 0.0505511090102096
-0.12429293058553 0.486520340531116 0.000974876826467281 0.105090266802491
-0.0276571055248402 0.476623857581959 0.0399309770882925 0.107125041214653
-0.0671239655760456 0.492550993969449 0.0177529763152645 0.102636193955764
-0.329991796522853 0.41226884702094 -0.00624500250332272 0.106031621791221
-0.514635318435486 0.182848049475895 -0.0478333442553421 0.0776820469694203
-0.664740659437584 -0.188468166684503 -0.0983388016130137 -0.0158309829933912
-0.262885569238426 -0.623515820636586 -0.0484645528657004 -0.167999786694549
0.361898428987723 -0.625978487343405 0.00935801181723186 -0.0962402729125088
0.698398581456753 -0.421900544624285 -0.0410972548943971 0.0323501341248958
0.569477555215567 -0.328760758605946 -0.394221978755875 0.0573920738274842
0.347769033085941 -0.567390030503576 -0.233495665479227 0.207120836833939
-0.163566885841866 -0.593995378260377 0.0352514946510304 0.0627824342716158
-0.555668663543378 -0.234907903180917 -0.013281352293699 -0.0382761178718191
-0.492890676463622 0.119844410352519 -0.144602004108678 0.0440616695704189
-0.328180673641602 0.309455032954766 -0.15214924953972 0.175994557885301
-0.126307146206703 0.421305800131407 -0.056871716270143 0.274629751180833
-0.038750872286181 0.404423385468498 0.0172175923528504 0.281063770973539
-0.0761239002004037 0.409292677826287 -0.0144084267286564 0.265770711598048
-0.291180085370966 0.328727281383866 -0.0778941154182475 0.23083854766518
-0.427106327569445 0.127019149935399 -0.14123961399987 0.137990610093065
-0.519053108008333 -0.163089302293048 -0.150605695173392 0.00026558585268444
-0.203731984033147 -0.491800158380057 -0.0757490914087566 -0.13088122615116
0.286068184021602 -0.504947826182689 -0.0523287513212652 0.000424412831301308
0.578864188427435 -0.382127455398192 -0.25803893571017 0.143339151142541
0.396926235857042 -0.2718777767327 -0.629908987762937 0.146394223197683
0.218341289419462 -0.422450537977747 -0.348611621195746 0.328618366681646
-0.136429174405961 -0.402639007131466 -0.0132133128118872 0.100488123504075
-0.369249464872502 -0.142203908657251 -0.0653163118580407 -0.0272255980007077
-0.3256110419448 0.0711384786101943 -0.231875864728666 0.0739823576305225
-0.232497113363859 0.20236044655037 -0.235203422168829 0.274491811780381
-0.105996243584736 0.28476799021256 -0.102573158294674 0.40526480930412
-0.0444424277404136 0.271457365593828 -0.00760340081509829 0.413911128894321
-0.0746034662032081 0.269663432024315 -0.0514117935044904 0.384523786847721
-0.215248875890666 0.201752581381248 -0.146154783487597 0.308368630449668
-0.28436465435215 0.0529149095080856 -0.217810406096441 0.158598730591593
-0.304303473963027 -0.121673009996709 -0.178917309020964 -0.00660404775209608
-0.112091109293219 -0.299213457050058 -0.0832006598531702 -0.101727428726693
0.18007910975717 -0.319436607375179 -0.083022420721133 0.0641134673536286
0.386431053864566 -0.290001058027986 -0.406261235085336 0.2240239267567
0.152220728189365 -0.165719266165464 -0.785950574630524 0.209201749698989
0.0496230831422086 -0.201412367685015 -0.421932000521853 0.413029103427226
-0.0872320002384637 -0.142569070677019 -0.0538330608492994 0.143609336694222
-0.122829388640727 -0.0243449124120104 -0.0869728372278213 0.00252526618571129
-0.106855226049619 0.0106151207264757 -0.262334411898722 0.0917571556330325
-0.099827050018089 0.0590762266565588 -0.268090161832003 0.326476027620907
-0.0700910286070961 0.100313833866381 -0.125915827880108 0.46978405008317
-0.0444046260519171 0.0954652577642732 -0.030417003030012 0.483539879916929
-0.060001622641302 0.095746247802132 -0.0862490839394734 0.445260591264451
-0.111106535945814 0.0617465874114542 -0.203085177547719 0.333465762072959
-0.116910430735917 -0.00792671899350603 -0.270962985759203 0.14241466602016
-0.085993210820874 -0.0567574662821481 -0.184867509803792 -0.0287791935173264
-0.0385008446461129 -0.0966114460898126 -0.0771389257071459 -0.0774097468974755
0.0484078547593791 -0.128801421775885 -0.0905174930857827 0.095396044283039
0.151223322159046 -0.171350133114087 -0.470498906575947 0.2647518527546
0.0991769597671484 0.0140337964515038 0.448379520429895 -0.323304473223547
0.0991223933878646 -0.0408260003285714 0.0947741417417198 -0.242315645350671
-0.0017492639415806 -0.0994964816109389 0.0430889233794093 0.0484561103455438
-0.105796026213525 -0.0378353542759819 0.155027810239061 0.066975430617108
-0.0708799000991844 0.0561861954753868 0.290718174616169 -0.0954476130638755
-0.0113174512735033 0.0791822401104437 0.241369934397636 -0.327831960562316
0.0434005500826942 0.0870548463054956 0.0975374485266062 -0.439366122519515
0.0455211272891602 0.0931475879114754 0.0160973238720197 -0.477109968420257
0.0320816673386398 0.104051235596749 0.065375064500667 -0.471071904221192
-0.0330100758775688 0.0979725186508393 0.19227674090219 -0.361285686211856
-0.0911589379865857 0.0519618223821803 0.238739099665049 -0.161587958118706
-0.134861813588087 -0.0523792051612864 0.113417076964982 -0.0673188437220113
0.0057511534717014 -0.131729609016153 0.0898415148420409 -0.166929880119751
0.128614194989404 -0.0362139766107047 0.342909310659224 -0.344781820417335
0.104165982451489 0.0551238216564749 0.807556294035291 -0.282405503651656
0.294005270580673 -0.114514261633223 0.420984729857604 -0.290615338363417
0.205143914514074 -0.212798249802025 0.102338081891727 -0.224544819862494
-0.0523704317062203 -0.268122492623247 0.0568825939967109 0.0195689993066128
-0.280422667278676 -0.107324692104816 0.136830264634636 0.0482946746040763
-0.238209142366414 0.102047432100518 0.258917614769164 -0.0707273674118111
-0.123058292175487 0.200089547005601 0.219766351352919 -0.274347563652614
0.0112548260549412 0.256078860187451 0.100958669216849 -0.370738387909177
0.043938690425594 0.265045525325393 0.0321916947560732 -0.400462310835315
0.0113932909464713 0.290091860491701 0.0609097739069695 -0.395526515400843
-0.157274101296227 0.25877552428758 0.168254968939636 -0.303570036262994
-0.284007303917055 0.118283711410833 0.205611595485553 -0.139349689966791
-0.380556302769626 -0.128489760654307 0.0843007368635532 -0.0726266542324166
-0.0887046996378435 -0.37591428032173 0.0663169043043697 -0.200892739756304
0.275342860896265 -0.294399178329923 0.28036320437027 -0.345303073932081
0.381024573534149 -0.127736991150527 0.67673614199601 -0.277424538648701
0.461785130819728 -0.231033555606936 0.311366906400275 -0.231800257878771
0.299207193189303 -0.385972834008721 0.0763922176432241 -0.170247008718777
-0.105119077438777 -0.434184916813507 0.075638570093377 0.00278346726559467
-0.445458065703796 -0.173240133247594 0.121877775717521 0.0190464846469621
-0.394293506863611 0.140672911018895 0.198414129411599 -0.0522923496105892
-0.228925903259445 0.301456232189185 0.162398791168826 -0.191859274277729
-0.0275086381455087 0.392795501468024 0.0842819132168294 -0.24715490024432
0.0363894031264665 0.397970283182529 0.0438742463071239 -0.26318907034163
-0.00318030053040003 0.430266729809462 0.0511734387469141 -0.25845686470518
-0.244475046580824 0.386019730126647 0.120794488890644 -0.194967217519575
-0.431549728506839 0.184859705316383 0.138688005502693 -0.0882396723967127
-0.584392001402005 -0.158227347138581 0.0331849502140313 -0.0650314759911372
-0.20280723542567 -0.556985924163897 0.0246577955070135 -0.214399397484971
0.351545252121299 -0.520078733581034 0.186470528426723 -0.301058869068983
0.583486898280648 -0.302002757229579 0.465304192037019 -0.212246321896281
0.576725896694513 -0.322730689042643 0.124436865705614 -0.144463816131691
0.359246361115028 -0.537020020394778 0.00852236240926202 -0.0691482156488852
-0.163447759886218 -0.572355320002273 0.0863643013073174 0.00512487783661548
-0.583758079333863 -0.215956670845973 0.0963386162604793 -0.012286360518064
-0.510541427234581 0.172510988248781 0.105428466103202 -0.0290544674068014
-0.308670566673028 0.370799877650169 0.072614816928584 -0.0812876134675337
-0.0638080261126367 0.478341433424702 0.052053336040683 -0.0820631756167611
0.0247184976623289 0.470064177038074 0.0501645089445888 -0.0859667015780853
-0.0160271980788816 0.499792285356933 0.0389514399193681 -0.0835053062094588
-0.291279470544116 0.450228422123795 0.0630910748212773 -0.0500379951964884
-0.507376516008707 0.228363297015719 0.0510807122939292 -0.00979679401376141
-0.696627702107977 -0.151787069026876 -0.0317225417818772 -0.0395696794085869
-0.290393390658435 -0.636631150735616 -0.0236030459890607 -0.198365538530254
0.356571328735924 -0.649848228169503 0.0873120322144362 -0.209408299915377
0.677573202892501 -0.422818453494426 0.214091563215291 -0.0976195657372612
0.608174462223142 -0.36976251287707 -0.120515090086202 -0.0358332204479984
0.365600589746648 -0.619922264003575 -0.0965468275540504 0.0705446254980433
-0.203812836806186 -0.634676834462836 0.0757906674250771 0.0266789240264575
-0.637623606906972 -0.226469736629241 0.0486959266634321 -0.0342780024722355
-0.5481429468388 0.181645205304037 -0.0150461011395059 0.0069351076286644
-0.338285043573803 0.386251032305527 -0.034969743068972 0.051972594486978
-0.0878524160081314 0.491663144264067 0.00803687648791946 0.102471171730913
0.00789354098210912 0.470646030461848 0.0484248168545002 0.103616800462782
-0.0292620425034143 0.491629510998173 0.0247306555458902 0.100225173941552
-0.297578602669965 0.436839708764402 0.00289528272932607 0.10430824337534
-0.49959472503379 0.219241560922438 -0.0436407364403709 0.0773666684561355
-0.673823020449705 -0.134144036356702 -0.0967272905126685 -0.00776581863790465
-0.30304781177007 -0.600698178001357 -0.065490668396219 -0.16314981770662
0.317977161096064 -0.645541563227882 0.0028042669385978 -0.0967598552212225
0.660299536813837 -0.460665519854758 -0.0345129988610022 0.0381432895315995
0.538545578254388 -0.364392152868681 -0.381903798748041 0.0794038882416459
0.307347022648904 -0.587924567090562 -0.216367772185461 0.220966505244507
-0.203452918749845 -0.573710827989318 0.0413050819240084 0.0604874743195027
-0.566515221609782 -0.189612383506789 -0.0128853947673682 -0.0394183775955573
-0.482216342654502 0.155847499872602 -0.135631121784408 0.0495205282552662
-0.3053560291021 0.333673336276806 -0.13974070063859 0.186306434667435
-0.0950522071341769 0.427227723779271 -0.0364994791585819 0.275937569415124
-0.00938928374376604 0.401180277565814 0.0385115262055688 0.277588018268268
-0.0441251061185924 0.408953939123599 0.00457902196946528 0.264845500374302
-0.265102517422151 0.350500581883924 -0.0598568423903794 0.233911622782328
-0.414480203327711 0.157507157645545 -0.132383632904977 0.144461427925964
-0.526776735401963 -0.120970406238846 -0.146849870221452 0.0115594822574237
-0.235665420887166 -0.472840132796035 -0.0884937623123304 -0.12440595282687
0.249528906370527 -0.520147709622843 -0.0525234679724344 0.00312866863125943
0.545724123765533 -0.416908454799197 -0.241202308796801 0.164155221042309
0.373634174944685 -0.296780568425769 -0.608771429078701 0.182324859315693
0.187336270091826 -0.436153512010889 -0.322208077860174 0.349857121046202
-0.162639544942106 -0.388145318447504 -0.00504507743104106 0.10116789913577
-0.374822004159965 -0.111942248050998 -0.0641262798318398 -0.024381103496794
-0.319683252696637 0.0965652259340423 -0.221638058786516 0.0867316901876788
-0.217006797835017 0.220321689285384 -0.214558151890628 0.290986405985301
-0.084083749114064 0.290771405237116 -0.0724748490796212 0.408779650104398
-0.0251188531744042 0.269817276690009 0.024140141852282 0.410857202290588
-0.0529753115172066 0.269917788034479 -0.0220799391513569 0.385740618843037
-0.198612214394712 0.21771746189542 -0.121163403582314 0.316147063214873
-0.277624510673048 0.0740861875498657 -0.205667093446254 0.171109911816183
-0.309006182970865 -0.0954322990488112 -0.175863868264089 0.00571525367557519
-0.132498998391894 -0.288158058215756 -0.0924098674775192 -0.095357620786876
0.157168061196437 -0.328862310724553 -0.0790892867315419 0.0688654119768353
0.362283807452734 -0.31230016079422 -0.38200768288855 0.253939119494865
0.139378705657818 -0.175828031189152 -0.759671466835355 0.258434535688779
0.0349244322644053 -0.203579331929263 -0.387328051809532 0.439430657148743
-0.096933041903433 -0.133820582393096 -0.0439304379864765 0.146557594353184
-0.122528448696959 -0.013039718212905 -0.0851995532970236 0.00659720301473876
-0.106576170958044 0.0191895177554262 -0.252838121353385 0.108678938959986
-0.0956367033727259 0.0669095604610512 -0.243726881888655 0.345507175433221
-0.0622103570662222 0.1044871829669 -0.0908473264839977 0.478309023855991
-0.0378625067657163 0.0958353486174597 0.00576549187870038 0.483015110530336
-0.0517401938655724 0.0968535983062304 -0.0515221889863766 0.448782689245015
-0.104345304823742 0.069743161006303 -0.17572373922952 0.347323010706419
-0.115387565315295 0.0025522513206969 -0.259057279897232 0.159812572794552
-0.0884577292112412 -0.0474947887367188 -0.182997137027538 -0.0161366688825405
-0.0466735400502607 -0.092188788649285 -0.0828217916605766 -0.0722668196736835
0.0397379528063902 -0.131607142600606 -0.0850628955420425 0.101018694409591
0.137262790842932 -0.181402232020972 -0.443903576815183 0.300456852649792
0.0964023028883367 0.0104472444149897 0.416137570406167 -0.335173163443711
0.0960401626261788 -0.0442740331103754 0.0782372377315033 -0.238976128096417
-0.00667668001495986 -0.0970603348641085 0.0468500366054249 0.0447208029254479
-0.104934110292616 -0.0324820366909822 0.154528433701984 0.0577209104769355
-0.0650267051177968 0.0576913659513703 0.277904354881481 -0.109591488082542
-0.00660472606513691 0.0772529604292183 0.218147864809863 -0.33363225780173
0.0474020309368838 0.0814773109997667 0.0717286879236169 -0.434406597626659
0.0501137470860026 0.0888312532612502 -0.0103145295999803 -0.464726774906508
0.0366082942260128 0.100784743738431 0.0378770716545717 -0.460875347993406
-0.0277189460526797 0.097816688676674 0.168634554182908 -0.362226476515898
-0.0874143852873108 0.0541268522749785 0.224835933834608 -0.168232782901258
-0.133517882125298 -0.0440707213244354 0.105680920127431 -0.069331704585326
0.000849803233052442 -0.128384113928857 0.0788164818763915 -0.165173076755842
0.122405907904379 -0.0399210111566141 0.319533342416057 -0.351546760083241
0.102808075267647 0.0510040786206148 0.76704499839629 -0.31228872664265
0.276175923224149 -0.122729336740885 0.392414185993683 -0.303765208476571
0.190477756522706 -0.215304218688031 0.0876168294438595 -0.223023749322577
-0.0629018408625258 -0.255564401202776 0.059664258337381 0.0163172401359373
-0.27647575523349 -0.0893977808189213 0.136862153879476 0.0391723543162046
-0.22518060243688 0.111165185267546 0.2498847574604 -0.0857123855853744
-0.110179042692058 0.201371150226467 0.200080822993715 -0.280476466422251
0.0244177149676849 0.247419473000671 0.0782422292430966 -0.36675883210047
0.0567452374817261 0.254708985394457 0.00985075503260681 -0.391295466244575
0.0274432416662391 0.282177691667663 0.037968598448959 -0.387962425893976
-0.140170774431115 0.261463321230283 0.148169649600967 -0.305675762466488
-0.272414651900127 0.128900140212702 0.193223751912422 -0.146031015092638
-0.376394329977638 -0.105007016224113 0.078867362161996 -0.0725616000387463
-0.10253596921586 -0.361389405865181 0.052803288782434 -0.196963878097429
0.25354619263024 -0.297806166123278 0.258388266229943 -0.348993354862858
0.362011912714065 -0.138239347659959 0.642992716317904 -0.298224033953574
0.432804119990517 -0.242873904288386 0.291393105131615 -0.241754177983147
0.273012793059729 -0.386882282525498 0.0650358082290754 -0.168639695920934
-0.122070739393378 -0.411288953688744 0.0777239406891729 -0.00100971686327057
-0.438209959932379 -0.143528876772205 0.121705229825516 0.0100847845021337
-0.374064372166224 0.157590373162573 0.193066811376619 -0.0664908490298382
-0.208270854890243 0.305896413902991 0.148159945208996 -0.197132675502562
-0.00660852832472203 0.382504031960275 0.0693493485336952 -0.245801835460202
0.0563287512014586 0.383297675514362 0.0289833513250149 -0.25817979413115
0.0195360020033806 0.417299888270695 0.0354010519245443 -0.25318441225709
-0.219840100745684 0.390290933887729 0.108369148114977 -0.197273817322495
-0.411017777390576 0.20187740299055 0.129675560319032 -0.0938580672105297
-0.576042230474396 -0.12282144937689 0.0305851617055219 -0.0627752453246474
-0.221057580783142 -0.531195139763845 0.0100645003451382 -0.207724180969643
0.316363624588152 -0.52001136775075 0.169634060744641 -0.30178612338438
0.548406733979701 -0.314241372822834 0.442526612641526 -0.226378788988841
0.538475904753341 -0.338467990158265 0.114887973880282 -0.149932959240923
0.322867313517484 -0.537941019656315 0.00475652719243033 -0.0678804948509351
-0.185051217886698 -0.543408737264479 0.0880520715019725 0.000628987063240635
-0.572957232224206 -0.178268741432375 0.0958743193747957 -0.0193388424488354
-0.485330136292114 0.195664242475272 0.104908704207521 -0.040851086058963
-0.28150181348546 0.377509776767415 0.0668078664146823 -0.0843944709690957
-0.0373230984707345 0.46699494338731 0.0459461101981284 -0.0838314319745162
0.0486624717578554 0.452964396929174 0.045352620470008 -0.086566878230876
0.012158705524807 0.485076242883888 0.0323526263531245 -0.0828503599097435
-0.260970769840185 0.456635881736413 0.0600526856217622 -0.0532655936020755
-0.483167645561331 0.247550237283165 0.047081807430819 -0.0138728479881847
-0.683406425034863 -0.108823260237444 -0.0308229604129127 -0.0360996637218466
-0.310901216900404 -0.602884013479948 -0.036992082230255 -0.190302520871418
0.316633731006154 -0.646442833128977 0.0763784476054613 -0.208522265202867
0.634232751139192 -0.434506243482183 0.20598477056287 -0.103605226714088
0.566704089793829 -0.387790572778765 -0.115959583534698 -0.0341418324325459
0.325757720620055 -0.619810001823523 -0.089673006312686 0.0726931940379983
-0.227953578891724 -0.601600518037959 0.078703555073771 0.0219866543325198
-0.627322586620749 -0.184512243486573 0.0486397934807526 -0.0388619549664005
-0.523939283703589 0.206817281003239 -0.00988819139760496 -0.000455265596789327
-0.310713089612182 0.395022527865267 -0.0318866929761898 0.0516133695937377
-0.0602225710085312 0.48216756409341 0.0133432209742373 0.0981324035567913
0.0309220107126661 0.456219137989654 0.0539499147336458 0.097698900399282
-0.0020991356931198 0.475115141689184 0.0287598651972415 0.0967558690408082
-0.266756469582322 0.443107049580223 0.00910762073572933 0.0995791620597178
-0.475385775693161 0.239572685479165 -0.040467919604204 0.0756276328954335
-0.659297774957309 -0.0934591454989718 -0.0918220688783198 -0.00228121488697599
-0.322440391926706 -0.567939607724824 -0.0758073620492735 -0.153956019600003
0.279441391928613 -0.640657683175534 -0.00193682764462473 -0.0947212200469729
0.615788287794171 -0.473294453874291 -0.0271318770874443 0.0414133682786302
0.501846663661909 -0.377897411663208 -0.362748973988777 0.0898349270948565
0.270146929942986 -0.585885588361734 -0.198249543644689 0.224530610864309
-0.22519924847775 -0.543031439811128 0.0457035648666794 0.0567015591911222
-0.556097248316125 -0.151739078930639 -0.0115885757765217 -0.0407475530050316
-0.460784196535353 0.178504252745577 -0.125196505512763 0.0485967220584706
-0.28104773193183 0.342539756464981 -0.126587455421337 0.188046962453256
-0.0695204905480844 0.420244510040757 -0.0213021126935497 0.269928391627128
0.0104528496645575 0.388115948550517 0.0539453745360827 0.268112008401058
-0.0199426109745128 0.396175882179227 0.0178346780193199 0.257014349035439
-0.239039301114106 0.355842017766107 -0.045405276981143 0.229335481461337
-0.394721818169455 0.174462630782155 -0.123547664936861 0.145271081034205
-0.515107095463824 -0.087456483651266 -0.139708906406573 0.0182138454924072
-0.251954050240429 -0.444787852988237 -0.0968866248474305 -0.116527892712838
0.217663955158388 -0.517040458943768 -0.0518205782682146 0.00552690875397411
0.507903528450171 -0.425316358331395 -0.220646527134939 0.173448468615763
0.344826597098932 -0.305432387574291 -0.577900808088475 0.201233653181002
0.162324169183578 -0.432781303104349 -0.294284654799835 0.354945124299379
-0.176601356700301 -0.36694832769368 0.000793614473877052 0.0981666140714838
-0.367305539937534 -0.0866323835006021 -0.0618599674177363 -0.0235324265105898
-0.306204210637854 0.112363251002885 -0.20877562421213 0.0915540798881321
-0.200594377939523 0.227969826886347 -0.19452846799496 0.295055159546175
-0.0668407001895667 0.287066429806195 -0.0489567775080126 0.401672548729749
-0.0119008978075212 0.261262258575746 0.0472670350095261 0.398230555562788
-0.0367602374713499 0.26145701480162 -0.000415197917833845 0.375918415772174
-0.180589043070945 0.22219242456948 -0.100581046035727 0.313517062207967
-0.265477860798049 0.0873559622615525 -0.193425876490427 0.174933123347135
-0.303979060718789 -0.074210590774741 -0.168474867818343 0.0139680606293212
-0.143891127730621 -0.270946378400713 -0.096950738390469 -0.0880209269835378
0.137997778059282 -0.326564052889763 -0.0748818215788269 0.0707872467744668
0.334406819563998 -0.318678113754036 -0.352630127114379 0.267908932900112
0.126352248266096 -0.178241651816493 -0.721013578165996 0.282648995932784
0.0237505017269898 -0.19974688797085 -0.352611129439177 0.443149815387813
-0.100350164750645 -0.124473694671345 -0.0367130238709255 0.144959382183622
-0.118090647335738 -0.00508565753516108 -0.0816860770063786 0.00918256096263007
-0.103790601067638 0.0255449821961418 -0.23934608504274 0.116860301885445
-0.0897179059565929 0.0716522151582373 -0.220380981456129 0.35056652565032
-0.055188404956288 0.104988617661311 -0.0619875765494608 0.469848335106659
-0.0327599786389324 0.093806467159251 0.0338226231696514 0.467674327335101
-0.0449842439614315 0.0938289799555844 -0.0253483236919078 0.438828783571681
-0.0963057106963379 0.0731089031076171 -0.152583762724694 0.346495115400316
-0.110867422607393 0.0094183769284861 -0.244431730235777 0.168679847268317
-0.0874685121299037 -0.0397313281795014 -0.177530334573793 -0.00724386085455281
-0.0516694950120024 -0.0854493106466164 -0.0849865841106777 -0.0663657167953826
0.0326006879874139 -0.130148420032949 -0.0796140538702352 0.102491799193393
0.122838870067177 -0.183593857959281 -0.412071886247359 0.315990599129979
0.0883306966948706 0.0148094283685952 0.417479093155141 -0.312202807180976
0.0951028134118812 -0.0374848661482043 0.0809104796715075 -0.232189181213643
-0.00114612046733608 -0.0962790019460148 0.0418048939685372 0.0446977160393408
-0.101120073848142 -0.0376404150790702 0.145574655657641 0.0625737326987871
-0.0678258301396702 0.0501632729122731 0.271355926432089 -0.0976552913828148
-0.0113737655995563 0.0741010387722536 0.219691572513132 -0.316439581345306
0.0449354856526652 0.0772454482955271 0.0799934540771481 -0.421681118888746
0.047610533639434 0.0888255768315546 -0.00527434495087478 -0.449687332576836
0.035185672128632 0.0981601647154887 0.0414560083390861 -0.447757855103309
-0.0305120212579663 0.0944745276789777 0.166601578165979 -0.350555921392295
-0.0886457406054424 0.048937175369119 0.218821143870912 -0.160423384542635
-0.127530139417787 -0.0482676541369281 0.100402298207755 -0.0679306722298452
0.00703363135202386 -0.129006123412399 0.0858632440957077 -0.157242111697235
0.126268230177289 -0.039206551391119 0.32563598944165 -0.326781910845788
0.104510401801906 0.0451466579173576 0.745840921037126 -0.261769013943803
0.271907448082474 -0.106152800215302 0.390841449397458 -0.29200484896309
0.195595914431279 -0.199924178298412 0.0841049766159159 -0.218019550643621
-0.048207041157131 -0.252534802475602 0.0496948575068073 0.0195699356001908
-0.262185580894718 -0.0976202575067971 0.122163093023468 0.0474286967238007
-0.224289160297741 0.0970519018341013 0.242413747131178 -0.0700537266594715
-0.116623332115893 0.192477521603525 0.201862603653373 -0.261148537533512
0.0163953068818484 0.239135113162931 0.087750796749003 -0.352355623817411
0.047921570048351 0.253409298620803 0.0146569260494155 -0.376754483714326
0.0214265702418848 0.276641155492116 0.0371457227602424 -0.375866564538952
-0.143845265535398 0.256290033606263 0.142136971472552 -0.296654616248071
-0.27407631538722 0.120232567247774 0.182265841583224 -0.145264116434393
-0.361810557301762 -0.110875634011081 0.0683452656332789 -0.0825219936157907
-0.087644062083077 -0.360750380103057 0.0648654966984968 -0.195580740917046
0.260841544646413 -0.289668803152294 0.273863133311764 -0.323487365451052
0.357325452871805 -0.133795044440073 0.635813777959912 -0.248271184424582
0.431856422517188 -0.216008482502778 0.288330210545436 -0.245447288325235
0.284898420151296 -0.3629200488866 0.0554173421098225 -0.168002772807175
-0.0985730315818214 -0.405754213773752 0.0614725956379298 0.00571213149462361
-0.41577359206702 -0.154269011929157 0.103347816052605 0.0221588556693914
-0.369721728570702 0.137647738047507 0.185607913815984 -0.04730075091907
-0.216200955736401 0.292866570353112 0.150693310944744 -0.17906945226062
-0.0187657652881459 0.371152639808713 0.0790842508031415 -0.231266312669775
0.0425898090155878 0.380248132883856 0.0330055066183613 -0.245351731097856
0.0116337681730588 0.409642892468769 0.0316596550180458 -0.244010114761936
-0.224469984084981 0.383622950303254 0.0993030431170898 -0.192537700639349
-0.413489931912108 0.190375346535267 0.114766086056597 -0.0995671498287505
-0.555202722031492 -0.131435151053209 0.0151743595666743 -0.0813969709798504
-0.201577412818625 -0.530419639308564 0.0255018585981147 -0.213583654169767
0.325131650019205 -0.504537220166528 0.192551297734486 -0.279945377720138
0.540310941929575 -0.300824221190078 0.448288758411934 -0.184714577225907
0.54350663454823 -0.300256917818699 0.112786150043443 -0.170338422154545
0.342790128690974 -0.507755129697366 -0.0105486887495818 -0.0734825475034404
-0.152467177926739 -0.538321148402728 0.0656253217994725 0.00969859928598112
-0.543463746738698 -0.191801205958829 0.0748138410292048 -0.00471028720971661
-0.478917804190608 0.171593681423404 0.0991323019755263 -0.0202724047433518
-0.289394647132826 0.362596323614315 0.0702742021473739 -0.0687704800120859
-0.051925070909435 0.453832732478269 0.0548214188796334 -0.07202388738521
0.0318553530567341 0.449907557362031 0.0469891152417556 -0.0782720742535737
0.00176589846016463 0.47610769404179 0.0265238020382646 -0.0772444903291115
-0.265949228665224 0.449009204252272 0.0493313956531427 -0.052761490738301
-0.486287806177581 0.23559361199638 0.0300742036953048 -0.0258535239506883
-0.661234933794522 -0.118819746143455 -0.0481318244025523 -0.0600477635354949
-0.28729854103156 -0.602872326921329 -0.0217331846856776 -0.202270726650407
0.328267588686747 -0.627282367684276 0.101786650862979 -0.19352532908152
0.622482395786406 -0.414678316341604 0.221722553033694 -0.0734204351796771
0.577218152351916 -0.347591490050704 -0.116882574709775 -0.0703613836933683
0.350070161447792 -0.590583785764673 -0.108943046495445 0.0592110018146819
-0.192626480693639 -0.597830729001821 0.0521786200402696 0.0321260158905487
-0.594991317316068 -0.19869450691896 0.0279599754905549 -0.0233595366673574
-0.514616130717416 0.183254498912016 -0.0123028423465369 0.017604886650463
-0.315631408119422 0.378624438146273 -0.0276382282130542 0.0607632012037787
-0.0759065301156749 0.469760879951904 0.0197168090728674 0.105101067700794
0.0143720580237127 0.451599937035919 0.0537731272571088 0.100431579679447
-0.0111476967342033 0.467974582689064 0.0209689963853145 0.0972113104135939
-0.269424393455391 0.43585823143826 -0.00237345137599208 0.0952628929068219
-0.476006243179086 0.227111187370817 -0.0571965276584442 0.0589363510065616
-0.638864466345253 -0.103270682939289 -0.107924011345878 -0.0281248368364486
-0.301101793918832 -0.567777903889435 -0.0621288959774863 -0.16843079473271
0.288826773584292 -0.623049010895478 0.0209002299740164 -0.0859704700903825
0.604346147315874 -0.451169133403167 -0.00694713800766177 0.0552026409775518
0.515436979839034 -0.341598461780842 -0.361470541338727 0.0421004285409934
0.296682632294872 -0.559157216601914 -0.217622052126174 0.205085422063497
-0.192729940775823 -0.541858342583406 0.0203383250656238 0.0645793089483686
-0.52809164271055 -0.164401897012591 -0.0276260982643309 -0.0284727439810165
-0.450963993960514 0.159402049768294 -0.124657365458075 0.0599262873714095
-0.284526200720412 0.329208200365178 -0.123010597453028 0.189503555379852
-0.0836975363607333 0.410720033252604 -0.0181184565445015 0.270765614288259
-0.00443113452195698 0.384399087638338 0.0514145932984931 0.264483337421216
-0.0282092990724443 0.389886879692917 0.00995282316106108 0.252700375474404
-0.241495625670747 0.351615594084055 -0.0543918482796147 0.220932737081029
-0.39603374489454 0.167182909744369 -0.135774412087961 0.126586352118139
-0.499379911147406 -0.0914469433288074 -0.149893646815938 -0.00594832524004722
-0.234699751122603 -0.442545738697417 -0.0846023569130675 -0.129795971325564
0.225191445519733 -0.499838710543942 -0.0351730280408416 0.00775134140053142
0.496412095458358 -0.404134101482613 -0.200191134312571 0.170907724566818
0.361556215245004 -0.277931252556737 -0.57455368275914 0.1484465832079
0.184479170514597 -0.416833656814701 -0.310613164370344 0.329661891005209
-0.154350065578797 -0.366854487132443 -0.0183902990671397 0.102028659823741
-0.347842791258277 -0.0953153436465904 -0.0705536992317686 -0.0173042032275548
-0.299057100559444 0.101512845091367 -0.205067990930864 0.094161113334057
-0.201111943703434 0.218905620267589 -0.191663295800088 0.288555484671164
-0.0759194425944795 0.282454403151309 -0.0489227111755326 0.396832469384643
-0.0219963189356666 0.258676091554271 0.0431494544598642 0.389824353364581
-0.0419559414230492 0.257563988619417 -0.00810097163178515 0.367939338716189
-0.18038201286315 0.219631304141482 -0.106903572222678 0.302299112539117
-0.264726969038985 0.0842588175190378 -0.198328463507222 0.158435298551361
-0.295200051831362 -0.074489821573061 -0.170468921492951 -0.00436534058905704
-0.13590118515453 -0.268543142212777 -0.0885071735297698 -0.0972948263122215
0.1408697119413 -0.315827055046123 -0.0662818879906726 0.0695033566203862
0.324454209756932 -0.302056842294786 -0.334033929827508 0.253180301951539
0.141354974462913 -0.163946218939835 -0.714588030022664 0.230112260046547
0.0381995778216164 -0.194864831756364 -0.363784578143088 0.417939700513389
-0.0906775579883827 -0.126310581481315 -0.0471509451798562 0.142959204328828
-0.111267380652884 -0.0076869073187597 -0.0820618901339365 0.00833857788328806
-0.0992730227813425 0.0244272560173198 -0.234378829029191 0.110267569518196
-0.086952541752137 0.0685233056048912 -0.219416274005347 0.337335406997915
-0.0586759106138839 0.104987043931164 -0.0665600977668207 0.459183101280114
-0.0373554837358952 0.0922098128274611 0.0290443709825874 0.456308402830686
-0.0467815641961076 0.0930083816678586 -0.0292004556452164 0.427210788143044
-0.0949231096065501 0.072930039224733 -0.15417444271911 0.334988503143138
-0.10952189075196 0.0104016779101741 -0.241938396430447 0.155625549905308
-0.086148996359286 -0.0370237900481037 -0.172253100380461 -0.0168221811392616
-0.051675647077817 -0.0842262757256164 -0.0797293329490709 -0.0702459565748036
0.0328722303196239 -0.126400314548746 -0.0778014155631462 0.0978918870769539
0.118475433657244 -0.173455186031499 -0.398510786535307 0.291334152712961
0.0871119377416884 0.0163546318761627 0.413639052132266 -0.310296151231341
0.0968348613349522 -0.0373114978511015 0.0781590385485839 -0.230868181380863
-0.00064708607677642 -0.0956002149897257 0.0446125883652735 0.0435699938983588
-0.102387044119807 -0.0381078063602096 0.146127985596138 0.0614828168988194
-0.0674024867666365 0.0493617599445287 0.269690974897657 -0.100235467211901
-0.0113010164078986 0.0734485131639404 0.216502983191294 -0.319895927482182
0.0452142843808155 0.0761629892625032 0.0768575587829912 -0.42239084887244
0.0492454981159818 0.0882595933263731 -0.00913346567514307 -0.448319244483048
0.0363719288475581 0.0984179615905419 0.0372181649440414 -0.446620394895451
-0.0308715960454625 0.0958814765198251 0.165113479433457 -0.351636702932765
-0.089913308751927 0.0494733489244083 0.219395671513246 -0.160346833899299
-0.127513337246329 -0.0480669483070629 0.0995761382917974 -0.0661653925259485
0.00796821497684015 -0.129099733438237 0.0859043523374403 -0.15536093565421
0.126360367063441 -0.0379454117557931 0.325720915623041 -0.326985560938709
0.104021289953899 0.0469088361934884 0.740100287650581 -0.260539933147817
0.267573666499549 -0.101610243050475 0.386204004929871 -0.290565052856864
0.195560785457534 -0.198464322281823 0.0821861692895614 -0.216215868165426
-0.0471468025190542 -0.249033320897834 0.0531095893792694 0.0177646923898441
-0.261219357445521 -0.0959083728286019 0.122901723827415 0.0458459566881298
-0.222591156361996 0.0975390398503912 0.240315720535705 -0.0747634425731927
-0.115391276909369 0.193551460609228 0.199564080836234 -0.263771998083827
0.0174095104467397 0.237691821636779 0.0855928270573295 -0.3536584035608
0.049864142162063 0.252434294922018 0.0116290842749781 -0.376131327275992
0.024206375253884 0.276576147294616 0.0346666368012031 -0.373695774890234
-0.143327988886499 0.258626934750098 0.140825028912502 -0.297911213450259
-0.274902849585614 0.1211539686949 0.181967697903118 -0.145653514796459
-0.360625554589773 -0.108680161825857 0.0685895244197053 -0.0809053803012862
-0.0872695298713287 -0.360200333275209 0.064065786622108 -0.192852729893928
0.260678762042676 -0.287337562281742 0.274618891253785 -0.324102853585994
0.355616229124221 -0.129412432544104 0.632252621511909 -0.248908475828137
0.4251893812246 -0.208936851040197 0.286102349972648 -0.245556485352457
0.283303809755055 -0.360801237007469 0.0546688795165055 -0.167162415354601
-0.0978440687104751 -0.400357335679084 0.0658053114783923 0.00358681438834778
-0.412618041486922 -0.150319558757483 0.103942948090898 0.0193242942791295
-0.366256592151887 0.139686133133607 0.185404380123801 -0.0535351235719523
-0.214310674448051 0.295005411249935 0.148797166851988 -0.181190919511828
-0.0171486518981979 0.370025410572784 0.0771498200404415 -0.233456442473872
0.0444143373355639 0.378472456848256 0.0320867971932748 -0.246553543818914
0.0146292281336279 0.407746974520906 0.0301961054296572 -0.242795517880107
-0.221841398750971 0.387108349360253 0.098710533390715 -0.194021048743042
-0.413300055755049 0.191547679593079 0.113066585616039 -0.100344677410396
-0.553431436753903 -0.126831527728416 0.016666982026272 -0.080104554002986
-0.200736998903827 -0.529115565030336 0.0228727375911921 -0.210585813150579
0.326410185158383 -0.50200532832423 0.193410312702316 -0.279423324506348
0.535786003916711 -0.293753021327623 0.447695615827055 -0.180794138363009
0.535083088234365 -0.293164132250029 0.113346615360508 -0.17282381963313
0.340834334002848 -0.506125819789673 -0.010589866587588 -0.0735461587386167
-0.153321090432233 -0.529114893355484 0.0699158238617335 0.00753648211236629
-0.537902741535228 -0.186683932667665 0.0757840439286212 -0.00760671098117556
-0.474525172285177 0.174978271277224 0.0994756569611779 -0.0278599747533218
-0.287854881077242 0.366410211408732 0.0688826214968357 -0.0701737743399628
-0.0509493476459356 0.453861408462727 0.0541502261103764 -0.0738957679040731
0.0323164620050856 0.446636464800414 0.0482986062706281 -0.079799317226069
0.00507336921335132 0.473062593274248 0.0265523959990866 -0.0762712128801474
-0.264087456585325 0.452522173318476 0.0493061440014836 -0.0548613051238032
-0.484054925300535 0.236204498636117 0.0278830273395645 -0.0262628502321611
-0.65793739051116 -0.113423943705806 -0.0456800566658284 -0.0599433717471029
-0.286430458665483 -0.59984082552412 -0.0244077143334548 -0.199016194722722
0.327916519703185 -0.624861223666119 0.102415934640915 -0.192233242293608
0.620002982610256 -0.407562996622193 0.222843337486878 -0.0709255720217427
0.568561309672199 -0.339463879072494 -0.114177963952633 -0.0745807525465508
0.349676568874918 -0.586878606107664 -0.107715906422848 0.0582682480525042
-0.190438252476832 -0.590900429664006 0.0559495837942208 0.0297926042366209
-0.589666477932008 -0.193881986864646 0.029368662256575 -0.0265998385015693
-0.510136596835301 0.186424471636946 -0.0105980104568374 0.0102489174478933
-0.314805086554859 0.383332795776671 -0.0283339141848082 0.0603195960000528
-0.073714557123624 0.469790139736156 0.0208294311626027 0.103387704645191
0.015755285256476 0.448080737515403 0.0565138909402989 0.0981657189820309
-0.00909226403778435 0.464983706725253 0.0219649131143756 0.097555381757819
-0.267676588132504 0.438466798675574 -0.00208386756911582 0.093450288655147
-0.475239405249551 0.229392662496634 -0.0590205058390516 0.0583741251017803
-0.636261206105268 -0.0958125745917022 -0.105004370874106 -0.0285990034416029
-0.301589041290498 -0.562029254881148 -0.0653183444336914 -0.166098430238615
0.289272202381858 -0.618675762226716 0.0209598433715158 -0.0866242762311487
0.599203730733785 -0.441106905841978 -0.00238000554370234 0.0566005770125357
0.509325860291692 -0.334479761658876 -0.357114792311144 0.0357519581832163
0.295143761210912 -0.556741088669659 -0.215795146036828 0.20276724850308
-0.192648926451128 -0.534973473452104 0.0231045487665466 0.0629358650468421
-0.523138198536118 -0.160098720462305 -0.0264554302838013 -0.0318009062898077
-0.447416403366816 0.16299463737983 -0.122131817063631 0.0541725213830371
-0.281404141204381 0.333984739614345 -0.122975891944972 0.190447305620408
-0.0809289662906865 0.411232808207403 -0.0153484404250545 0.269766994465106
-0.00348078543186952 0.382263829809435 0.0555384537073188 0.261918957682281
-0.026412534702752 0.385755351898899 0.0124367644663296 0.2532447733747
-0.238709584405725 0.352716886647156 -0.0538616988048671 0.219563750402154
-0.394038159696145 0.169907094634521 -0.13690597146436 0.125973629863748
-0.496842489491597 -0.0861264144028619 -0.147439606797943 -0.00662515527116452
-0.236403841116966 -0.43886565845813 -0.0879775025136642 -0.127670099808032
0.225751165846604 -0.498732345920236 -0.0361613479549738 0.00833483933825591
0.492431544239164 -0.398705529577903 -0.193803953101672 0.172989790858836
0.357160470481377 -0.273789017488565 -0.569833382088413 0.14110062346115
0.183371307951435 -0.415192357875846 -0.306599084146877 0.327695260525647
-0.154221974013009 -0.363602105816881 -0.0171275790621421 0.101372718481631
-0.34501038906917 -0.092822495635352 -0.0694505633194442 -0.0190967652544422
-0.297067865137105 0.104630799518875 -0.20225260871035 0.0903321728906314
-0.199294922935778 0.22217853026794 -0.190761519759364 0.290498813409837
-0.074327009401671 0.283010824669308 -0.0456435620742737 0.396821057967341
-0.0219500045742607 0.256909166766173 0.0474992837396515 0.387124881581993
-0.0407515136453531 0.254675939881799 -0.00424489195128417 0.366669629321542
-0.177725762689915 0.220402678209084 -0.105315538377616 0.301654637634322
-0.262493572046992 0.0860014776653241 -0.199172231743412 0.158499283494275
-0.292700356052204 -0.0694478188690423 -0.168823962125262 -0.00518544887911889
-0.136697940865068 -0.265004258339646 -0.0910278353526124 -0.096607817107197
0.140288015737887 -0.315671031609991 -0.0665200191519474 0.0697244010791972
0.321231235025685 -0.299138440876571 -0.326253592757073 0.255367658962268
0.139885993069113 -0.162487713773872 -0.708663464928937 0.224623862872805
0.0383870950515727 -0.194704876899619 -0.35996219237032 0.415264410190089
-0.0913699597538849 -0.125310319958906 -0.0472009976156478 0.143807202900442
-0.108784061064678 -0.00711053960416568 -0.0813181666670318 0.00715875026194546
-0.0989132675854309 0.0261705949135428 -0.231583965615005 0.108921569772052
-0.0863466642388505 0.0705735714746273 -0.217752060294167 0.339316989508431
-0.0575621186182042 0.105574674348282 -0.0622896274255695 0.459057242812362
-0.0376628759297598 0.0914043929998887 0.0331442753337979 0.45284000716753
-0.0474551531240467 0.0904669181639843 -0.0258765729769461 0.426293863803987
-0.092746857571842 0.0718062356361498 -0.151669765185718 0.334745114042169
-0.107181708096016 0.0117766237505249 -0.2421573773188 0.15631505312881
-0.0846694363919524 -0.0346480487403778 -0.170951647204364 -0.0173522100953229
-0.0526540500999407 -0.08147199356547 -0.081640772990989 -0.0704851459866631
0.0321855603979896 -0.127279310088873 -0.0785449279345425 0.0986924631013746
0.116579113560545 -0.172942040178097 -0.391007956456806 0.293486524099769
0.0884177435442504 0.0187304778677504 0.419666805306345 -0.31548581857713
0.0998517350033751 -0.0392328411659229 0.0779911756420172 -0.235106719442547
-0.000574878275301946 -0.0977348439418733 0.048509104689738 0.0431656740951305
-0.106448627944792 -0.0384098208062107 0.150555610332295 0.0611406146239402
-0.068923806840283 0.0500136009572589 0.273895712603619 -0.107418487721092
-0.0112537892435481 0.074103581340686 0.218025271986939 -0.332007336675542
0.0467363102698687 0.0767796669028336 0.0732203080403793 -0.435584423591538
0.0516287366629522 0.0899056205822934 -0.0142471592467113 -0.459111042544477
0.0390359552588897 0.10187885538405 0.0332384679857038 -0.457596584191669
-0.0316152051110926 0.100072172963956 0.166682543087631 -0.362337057969393
-0.0937389318985455 0.0507686221454283 0.224951966816515 -0.164919589078302
-0.131499951516354 -0.0482668864853989 0.101502174074227 -0.0666344202290711
0.00849179348251537 -0.133374717476683 0.0887085119352925 -0.158233060734805
0.129916537854811 -0.0376758017173055 0.333632334522953 -0.338500812552694
0.106669421480444 0.0490444530175396 0.752019492403602 -0.269912149439288
0.270478873654546 -0.100913059969191 0.392381791090445 -0.298136482645037
0.200435798294252 -0.20304943496471 0.0824439161714941 -0.220410872794879
-0.0483414715509725 -0.251426867097344 0.0581826888312912 0.0162672740883469
-0.268104328302484 -0.0955014722579001 0.127078485895268 0.0442759892238248
-0.226096905900184 0.10097755236954 0.244569915078582 -0.0820286308036956
-0.117084033694866 0.199751890133312 0.200658917402676 -0.274114008066444
0.0190542332495618 0.243256369747298 0.0833132234132032 -0.364521941084454
0.0540292545802352 0.257307288219127 0.00807124936992627 -0.385758124194015
0.0280062847196697 0.282859654924612 0.0317692593108221 -0.382617284709148
-0.14511823320474 0.268763565050201 0.142719065299277 -0.307628045444279
-0.28253163145837 0.125496624239541 0.18546929561311 -0.150019239646725
-0.371144615108201 -0.107943990348561 0.071339353585116 -0.0819698774126074
-0.090169911655357 -0.369340273791685 0.0648841889145071 -0.196137818082605
0.267442476482323 -0.294317266994848 0.282039604888075 -0.334178719460371
0.364002239795033 -0.129419750190393 0.644158613576995 -0.254040125957911
0.430819900439123 -0.208935269205243 0.290694612971679 -0.253959332872095
0.290151651925429 -0.367961673196923 0.0547800575410435 -0.170664367357109
-0.0990939986198925 -0.404656234674158 0.0715101164827248 0.000375443532377469
-0.421598542001111 -0.149284112497964 0.107216577657267 0.0167613988159685
-0.372409677664078 0.145950726623282 0.188691047882733 -0.0616922882534817
-0.216727325934253 0.305789807312129 0.149627777307746 -0.188138339784457
-0.0152889193828031 0.380112638916931 0.0765388768071339 -0.241237375556595
0.0492718991899538 0.386291130693191 0.0314841161732835 -0.253810423848079
0.0194269781597583 0.417201950819892 0.0295370569804676 -0.248192595471684
-0.224750115858985 0.401200609766032 0.099992422748992 -0.201460059214609
-0.423982553839403 0.198299650920959 0.114913187735948 -0.103435933917233
-0.568360592695881 -0.124250458964653 0.0188801493331631 -0.0822745610886597
-0.206412113428379 -0.540651077474669 0.021924911084015 -0.213289288809312
0.335169577074049 -0.515224503301879 0.197957840896891 -0.287764233735078
0.548431742099682 -0.297248502771471 0.45712567820084 -0.184739147417977
0.541929024620798 -0.294520825880153 0.115265746153201 -0.180683313032658
0.348810187148901 -0.517564291238206 -0.0109108348952049 -0.0755052799078779
-0.154320540141952 -0.536050030530422 0.0756286382602666 0.00447381883075677
-0.549779733164464 -0.184967686313078 0.078718927153693 -0.0114587221774629
-0.482245525136376 0.182645794920809 0.101819197435687 -0.0365594219967711
-0.290957221066155 0.381078396582745 0.0690058541457108 -0.0742837513858953
-0.0479083201596091 0.465460686442625 0.0551562395321166 -0.0771867378370223
0.037331148871492 0.456071537545348 0.0499564379104677 -0.0843444790922091
0.00971444734500442 0.483379319856907 0.0270858554349788 -0.0779160137746187
-0.267056730603194 0.468186490457256 0.050183127453929 -0.0581539377053518
-0.49685569168184 0.245507452683743 0.027432193295532 -0.0269768388203903
-0.672836002622611 -0.109949633924125 -0.0446672888216356 -0.0620635884883757
-0.295061552750419 -0.613590583061623 -0.0285557976934524 -0.201199484106634
0.335529489734529 -0.641050084152525 0.104547091230145 -0.198860103595434
0.632007348415273 -0.411148463197401 0.23034465537084 -0.0727706098207802
0.577542407334802 -0.343399222951898 -0.115309575052757 -0.081451848230091
0.356965445892793 -0.601004424074063 -0.109180139957173 0.0590057870716998
-0.197628414828273 -0.59877381178515 0.0606548170446964 0.0282605628601353
-0.600513275735339 -0.192196707484281 0.031598813626753 -0.030868969381016
-0.519256269450268 0.196871268021984 -0.010128715530834 0.00288444821074661
-0.317855762534843 0.398272633316314 -0.0297580227023528 0.0617995545240523
-0.0710622287438206 0.483906021015826 0.0230782524717551 0.104907926913478
0.0201842310245909 0.457581736998964 0.0606335870802522 0.0974322186845974
-0.00600176848080038 0.474187763834722 0.0244898534806126 0.10020316841246
-0.269281905973789 0.45368469943967 -0.0015051914125798 0.0941061111740373
-0.486548100540816 0.238918596974575 -0.0619012621038589 0.0602848313913908
-0.64995947987012 -0.0914122780756068 -0.105077993537376 -0.0298561771310643
-0.309917867425249 -0.574143559362005 -0.0711616716102376 -0.167427668664341
0.296341093838542 -0.634416338877385 0.0210571014326932 -0.0889981105138026
0.610871976299752 -0.448140220993082 0.00173715886828157 0.0593756199872921
0.517485723281022 -0.340604815514769 -0.363749626268171 0.0303934015324617
0.301921989169203 -0.572138654610623 -0.219111450144377 0.207352573124621
-0.197609042516589 -0.543240152761202 0.0262962141226849 0.0630767142991277
-0.533612005846516 -0.160247830248331 -0.0261546803436349 -0.0351802726369726
-0.455672498901819 0.171934090804975 -0.123648009454001 0.0492292491541676
-0.28483713874879 0.347316522847336 -0.124614310045209 0.19669484625607
-0.0788168587434049 0.424402807028425 -0.0128385559048832 0.276141994098414
-6.50350793173788E-05 0.390515463287595 0.0613254555644153 0.264908199020925
-0.0241216859872771 0.393756676279061 0.0158961036054793 0.259437570806311
-0.240237967496503 0.363591182006308 -0.0540097189903795 0.224740553796225
-0.401471924962442 0.176361174208778 -0.141961588189452 0.130657869705507
-0.506130694506868 -0.079759949541397 -0.149573759283102 -0.00763206531935318
-0.243334611910813 -0.446531454610493 -0.0942093968888587 -0.128892600195612
0.230240732165044 -0.511002759270056 -0.0366272404431156 0.00832892518745689
0.500058448456484 -0.403690696565595 -0.191042422893644 0.17978914754361
0.362946745421881 -0.279141155899737 -0.580431417336924 0.137742898180754
0.18578604482729 -0.426480400573404 -0.311799893465319 0.334968732911777
-0.159248715552121 -0.369139047868742 -0.0167281196281664 0.103518869513675
-0.352220024127234 -0.0915922375629852 -0.0706350923605144 -0.0218105116504831
-0.302451034095485 0.110926412308249 -0.205594845447274 0.0886041673937495
-0.201571863873082 0.232314243056956 -0.192136192763666 0.300239397660977
-0.0727876894519897 0.292361886364473 -0.0422841075917097 0.406730948998695
-0.0207318893381359 0.262316097044164 0.0545805784179681 0.39342899598647
-0.0408654045857321 0.257820825200444 -8.72012334540176E-05 0.375956355713805
-0.179068604730184 0.22711360126934 -0.106302695329012 0.310247177810496
-0.266583283101966 0.0906367451400853 -0.204466059860717 0.164116952687616
-0.297082353895055 -0.0657160417964196 -0.171442425329809 -0.00559887634281443
-0.141653524851941 -0.268018256018216 -0.0972252391778933 -0.0975405450026664
0.142084385074561 -0.323684502773185 -0.0687557329498798 0.0722465424572929
0.325103388231277 -0.304689396457835 -0.326343581183018 0.264278225803811
0.142457559327651 -0.166925028537416 -0.721891198907142 0.224163750021662
0.0382489300507112 -0.199277277140881 -0.365937932870438 0.424183248695226
-0.0943783534730065 -0.127194058537594 -0.0487731164222575 0.14858395160748
-0.109510252789423 -0.00673561424581542 -0.0828334507146376 0.00672629661583329
-0.100110864288206 0.0291299463747193 -0.23606788197408 0.110986112864738
-0.087095801057538 0.0743063512152013 -0.217985384112359 0.351917845329718
-0.0573077339738532 0.109118799778072 -0.0578395080409928 0.471471042715284
-0.0387195284184539 0.0935805967475736 0.0402705930646411 0.462108273001093
-0.0489688028881344 0.0910004159725239 -0.0217258393755806 0.436066918289877
-0.0934082776222621 0.0735927832927954 -0.152705119306111 0.345315105976783
-0.107294696126982 0.0132599855782221 -0.247619504505966 0.161995418777795
-0.085215527368078 -0.032702869676501 -0.174335811523299 -0.0175709414717362
-0.055515753530663 -0.0809119520938619 -0.0863723181138052 -0.0715807378178489
0.0314012858675701 -0.131857691197151 -0.0805188656430199 0.102504580787106
0.116974359407189 -0.176464588585969 -0.392193506129403 0.303623969998685
0.0926751358494182 0.0192446006773802 0.426362390128542 -0.33729464244852
0.104499373948245 -0.0435669950894494 0.0736778694546276 -0.245513051817043
-0.00248879430802264 -0.10138595118581 0.0545022811725607 0.0418867478387084
-0.113160493608054 -0.0369869075347804 0.159713641201984 0.058326032670528
-0.0711092479809477 0.053045838224178 0.279868802031657 -0.120823219066686
-0.0103154054294239 0.0769721814706376 0.213781242653027 -0.354158048982336
0.0503914379818598 0.0777905731136051 0.0612661190589469 -0.456746021109314
0.0578555612222132 0.0918435996690303 -0.0314756454753373 -0.477057578708251
0.0456707529614152 0.105939278761187 0.0188580274331643 -0.476975839777203
-0.0298060009922685 0.106807126839457 0.163383709228256 -0.38375740379617
-0.0982983914428944 0.055749563600133 0.231227755080566 -0.178019439673592
-0.13933651107867 -0.0464191970016721 0.104267258640945 -0.0705670685182136
0.00579741952034848 -0.139874870828357 0.0905172476316394 -0.166364537645328
0.134777402084195 -0.0418362887457212 0.339532953303672 -0.362759159202475
0.111902097270207 0.0496147670994583 0.771194573516912 -0.299321819688575
0.277053205474769 -0.106123835075268 0.399293605058068 -0.319643639211828
0.204869910201686 -0.216149927629995 0.0787649090840791 -0.230997078669165
-0.054865251855135 -0.257704436364659 0.0645955826327433 0.012557363031935
-0.28127325133663 -0.0903793729418553 0.134078396587469 0.0406319716324371
-0.232311551188345 0.110936845047633 0.250786596631094 -0.0954785597322197
-0.115967080680227 0.211973905879073 0.198302764457445 -0.293461497468881
0.0276688526393869 0.252646264504888 0.073832814396405 -0.383419535033696
0.0650574126773514 0.265558646420144 -0.00374736195353169 -0.402001283890259
0.0396931894220241 0.293978505502496 0.0202533444899158 -0.398930655594402
-0.142789472107009 0.28709917318751 0.13958981422905 -0.326553868925189
-0.293508790372022 0.138772737443499 0.189787714678437 -0.161183495153269
-0.389776522328359 -0.10098289924622 0.0730113184979724 -0.0870483062238544
-0.102506014472216 -0.383017979773144 0.0635989425887634 -0.203830419659009
0.272533273225701 -0.312807665380831 0.286057421998937 -0.357535960178128
0.374680140424321 -0.140427304075447 0.660023492311417 -0.280786487689393
0.440120617876569 -0.221476631944471 0.295976672711552 -0.273065363975433
0.293498578735119 -0.389066448338008 0.0524512710439401 -0.17866723052957
-0.112005101969103 -0.412429136666979 0.0786758888557375 -0.004524114583197
-0.441138275575695 -0.141457297422883 0.113369046875279 0.0119300699221367
-0.381900903938037 0.162848126021308 0.193618672697247 -0.0751709832971311
-0.215725638496872 0.32707366414353 0.148882873397532 -0.201971059935956
-0.00395484028806514 0.397124170241593 0.0712171112724374 -0.254772539569817
0.0636732677804289 0.399360975163293 0.0244470338636388 -0.267057774227229
0.0339451452267823 0.433209802750949 0.0230675602092802 -0.258484829583704
-0.221481109981638 0.427784971334531 0.0977841660353469 -0.214194997850518
-0.438921537185005 0.219103627544731 0.11658463891738 -0.110776629571535
-0.594608096700434 -0.11101828348255 0.0189235675239121 -0.0868761240877112
-0.228606482753447 -0.556981527445357 0.016710041927497 -0.221165058469417
0.336864640104814 -0.543575155857515 0.200046584368396 -0.306375954769254
0.561796964617363 -0.31770016794828 0.472697526936819 -0.203830551652965
0.552486408700666 -0.31313541623531 0.115566246881571 -0.194674154694204
0.350582470963156 -0.54600692545957 -0.0132384995472278 -0.0788016468174405
-0.173329644480059 -0.550511657239921 0.0819054963772346 -0.00028299009488715
-0.572879490938848 -0.176867021475984 0.0827863042045839 -0.0169066594977296
-0.494968362557713 0.205929793228794 0.104432688946199 -0.0474978118759483
-0.290538322975018 0.408331331273723 0.0683279747175204 -0.080518908215919
-0.035197540497522 0.488148298348494 0.0542540722024463 -0.0833515875505108
0.0527169334631424 0.472561743873843 0.049874992480965 -0.0925618525734835
0.0251635479348353 0.501325944008519 0.0266853606127178 -0.0815282356494948
-0.262322150566354 0.498729546382767 0.0498386769573176 -0.0634440363375177
-0.512285157807219 0.268997214555237 0.0267994819335965 -0.0286003272374836
-0.704376152270333 -0.0928583969138421 -0.0464027072557825 -0.0648519450987465
-0.323870033867303 -0.631064316957587 -0.0365852522816309 -0.206248671527722
0.336766781486034 -0.676478927507604 0.10410166533234 -0.2109767194399
0.645298507358703 -0.438951425657834 0.240619927673829 -0.0798629499662425
0.588483008514782 -0.364335205128816 -0.121578798402866 -0.0876448593355427
0.356444978648034 -0.635330920718353 -0.112050704285226 0.0633603092356043
-0.217463918516068 -0.611985304341912 0.0668579832732427 0.024924231941033
-0.628288762465118 -0.181521067877887 0.0328261077683408 -0.0360669873314775
-0.533106195756848 0.221544057233538 -0.0105530364896305 -0.00460580692452714
-0.317025114499831 0.428629916809918 -0.0296542045310272 0.0646947669470411
-0.0570679416728598 0.50771906222252 0.0271164015414165 0.107892274192063
0.0353139533894932 0.475615908137335 0.066776696695363 0.0965171478110389
0.00874143492251717 0.492238737704983 0.0294140456665487 0.103715718644672
-0.267989377436213 0.482660794065649 0.0011572035578617 0.0972403986574128
-0.499683993926777 0.263399042082801 -0.0645274946845601 0.0658290268681389
-0.676083910708779 -0.0730029350388929 -0.108917004462962 -0.0307836816573584
-0.338431670663874 -0.587080412262415 -0.0812014726457663 -0.170017813107051
0.293390913282777 -0.669197924011475 0.0195642857590988 -0.0941540127918106
0.623529962837263 -0.478262947199635 0.00852959092056134 0.0630848600525804
0.527370376229671 -0.36203944245613 -0.376115003432117 0.0344672981935895
0.299763322052715 -0.603738984104863 -0.222356211289113 0.22036788334086
-0.218882142281404 -0.556740457559057 0.0307447439619384 0.063294792800097
-0.559105983918121 -0.15067392023147 -0.027463171466254 -0.0388952227603726
-0.468039931868715 0.193434357957424 -0.126984148500249 0.0474695621546576
-0.284555318461627 0.374111322646032 -0.123502305640198 0.209474915351956
-0.06806250200399 0.446405960023647 -0.00373164641053046 0.288108828937436
0.0112882233689848 0.405450151632456 0.0728500070816883 0.270717622350808
-0.0141065254891022 0.4076931683571 0.0252913541096735 0.26898318095474
-0.238073601165946 0.387945911259905 -0.0496949679321145 0.235333481583609
-0.412798702858066 0.195976844132668 -0.145581283883216 0.141262563588191
-0.52631392306727 -0.0658958480257583 -0.154668460533894 -0.00611860427662764
-0.265022659627882 -0.456453188119073 -0.105098539374704 -0.129924647116651
0.228358426007468 -0.539218486126887 -0.0385992438846582 0.00982472934355668
0.508033867447387 -0.430724486200387 -0.188180417017054 0.19315681092939
0.369587208869529 -0.296951337860945 -0.59648921817253 0.150361996419401
0.184371897038089 -0.449655690802447 -0.315617511574004 0.355246117373083
-0.175283587016673 -0.377937676425 -0.0136035982415933 0.108312369757361
-0.366641214604119 -0.0852773966655122 -0.0739120704842853 -0.0226023427105322
-0.309820236359122 0.125687049347497 -0.211122215859878 0.0926903845863151
-0.200647274802942 0.25097798766525 -0.190770158515726 0.320335886979941
-0.0646350124854263 0.30750385527794 -0.0281526210087201 0.425954326106747
-0.0143744682387213 0.272823506869326 0.0711505792401866 0.405707763541536
-0.0360956241390031 0.267684426133393 0.013153388059273 0.391402311981268
-0.179102944223158 0.241628723737996 -0.100115514843864 0.32708842593442
-0.27405084995773 0.10184996835402 -0.209628979047533 0.177803374803065
-0.30847470538274 -0.0569538964081703 -0.178099766328604 -0.00341160255675987
-0.155667774132824 -0.271997925340739 -0.107222715005207 -0.0979296296770098
0.139080134447698 -0.342283632193233 -0.0697126149880159 0.0782351817915667
0.329112049509908 -0.321521855037547 -0.324707635025134 0.284602495746076
0.143618456649829 -0.17756391175441 -0.745436644981106 0.243643011130562
0.0349700909268848 -0.209426451773276 -0.370081238334129 0.450959203957748
-0.102101596026755 -0.129075152154697 -0.0469042895143913 0.157475846486945
-0.112543172877575 -0.00417187070476308 -0.0861751890951918 0.00780763766276688
-0.102665670608953 0.0341515281336045 -0.242043492913481 0.119108012004047
-0.087935418000107 0.0814665590362225 -0.215498099950437 0.374876828250559
-0.0551878341646058 0.116106882368231 -0.0430064430830617 0.493551238182035
-0.038287746502655 0.0978184678554019 0.0585125998758887 0.478229021756977
-0.0497884982553985 0.0943665038301585 -0.00737087721838455 0.453922850804457
-0.0946169079807982 0.0779408975257883 -0.147864118678698 0.365070431088501
-0.109121689899436 0.0169565192461961 -0.254201802730116 0.176681182664722
-0.0872782421857643 -0.029622368197676 -0.181983449481999 -0.0146618480523032
-0.0609659586318886 -0.0798439404880242 -0.0945629822635606 -0.0724939626910382
0.0280833338039523 -0.139047522456832 -0.0818225302045512 0.110217684608482
0.116168658612721 -0.1864009728399 -0.392482343794538 0.328093503626688
0.0970185579032286 0.0168097133930093 0.420268000367302 -0.370446533395404
0.107633245881662 -0.0515512899407627 0.0618147731530595 -0.257136112689508
-0.00703676398405949 -0.105090762179871 0.0614403194364816 0.0378635071928899
-0.120503134165482 -0.0311363900380642 0.169325429885198 0.0490239223192381
-0.0711945410481113 0.0586710525757117 0.28037041731682 -0.142763394652207
-0.00668063683167006 0.0798244079755953 0.197269430908738 -0.381383079680903
0.0560875697741629 0.0768904935553529 0.0324263869068101 -0.477599837011746
0.0664924278778375 0.0912620516224417 -0.0634474968513986 -0.490991685366874
0.0555562172155208 0.107583673581987 -0.0109994999390676 -0.493859234262627
-0.0244866000840799 0.113861374899667 0.144548849637743 -0.408964328150724
-0.100214101725747 0.0638036680716264 0.230601089141945 -0.198402527412929
-0.147228222255586 -0.0397971859320869 0.104069451344449 -0.077673234404403
-0.00117107375017362 -0.146315847534537 0.0857303784789667 -0.177094379009838
0.138619315109535 -0.0496198450944151 0.33160468191331 -0.397477840018458
0.118433839043974 0.0462235591259531 0.776593736414962 -0.351560214836035
0.280218493953081 -0.121787788894258 0.395231396064197 -0.35249159803977
0.201363614081493 -0.235082106116378 0.068250300570118 -0.241932327460777
-0.068719460422472 -0.261309057831519 0.0708449978825188 0.00594297328254245
-0.296794931923754 -0.075468213746643 0.141834746028465 0.0318269398517399
-0.23373723604717 0.128939973260806 0.251972831463791 -0.117113098651079
-0.107252927651517 0.227159831658685 0.185424061432447 -0.318172964685324
0.0439353189348232 0.260711883711544 0.0502630529096398 -0.402881158131082
0.0840776991264596 0.269687400612158 -0.0301523855854314 -0.41604493100642
0.0612013463868598 0.301860077498333 -0.00397424735267178 -0.413231514878149
-0.129286578532687 0.308857188347978 0.123805039099592 -0.348556907885584
-0.298677876560858 0.162504132503914 0.188301637048571 -0.178978799249892
-0.409131932058387 -0.0801654272435119 0.0715280843597125 -0.0945614396445116
-0.127554850442382 -0.391283342317886 0.0552259934770993 -0.21402279340737
0.265789755119028 -0.339156833112897 0.277052719380897 -0.388342034480962
0.379628895454188 -0.16316156170733 0.66645447492937 -0.32386981375593
0.442018664979271 -0.246268426873823 0.290311649781277 -0.300734175174049
0.283397559194903 -0.420515986371246 0.0437666957254209 -0.187083236116349
-0.133313754663862 -0.416627995067986 0.0836042028679083 -0.0128579317872992
-0.46277893890051 -0.119236901155283 0.118417385304518 0.00271826145880623
-0.385007237270321 0.190961957685625 0.194085582599232 -0.094240476919969
-0.202734320527178 0.353588590856098 0.13969970235189 -0.220136217148998
0.0211339797625003 0.412041639755075 0.056686649776962 -0.26866107051628
0.0906627252862881 0.408936788535535 0.00739049017676145 -0.279336096241941
0.064084443199476 0.445227491269599 0.00753922054911631 -0.268654600087844
-0.20120851885749 0.459590973078678 0.0877080431192873 -0.230218006872102
-0.445201387742156 0.255039727422811 0.115274581931696 -0.121817224511266
-0.620754382581596 -0.0780994607272187 0.0157575083511678 -0.0923016223937019
-0.267842346947255 -0.565627300577542 0.00437305458911377 -0.228259047007936
0.321147495600702 -0.583219489664737 0.190663869558942 -0.331064522125013
0.564123543956689 -0.354790744340392 0.477921125537899 -0.235244001594629
0.553523690682248 -0.347245386952655 0.107867235490412 -0.211859385813001
0.332817809619287 -0.58586614554874 -0.0183563834906233 -0.0807712126237009
-0.205532751085647 -0.55393311015292 0.0880523125166201 -0.00910182183776627
-0.601264602893845 -0.146632280287844 0.0853450342571602 -0.0254482685899041
-0.498892773126067 0.243974449336008 0.103619019186454 -0.0629375781081819
-0.273053001677344 0.442335118383641 0.0644638004800305 -0.0883545479119476
-0.00444334169293983 0.509067287857207 0.0504088134662918 -0.0902644511634496
0.0852264979848018 0.484595533193285 0.0449633650235038 -0.101029982373623
0.0578517838867748 0.516170630866051 0.0225673724129932 -0.085372879304382
-0.239525117903983 0.535085041173633 0.0469453015004295 -0.0705709341533446
-0.517496195939618 0.311539894930912 0.0264124170272911 -0.0308244347409189
-0.733131629223239 -0.0509996251203027 -0.0505056867410593 -0.0663055833786393
-0.370969276377776 -0.634038058385396 -0.0516899787008542 -0.20928728419901
0.311954182439078 -0.718787847932845 0.0965682052564338 -0.226045904662408
0.646272840752613 -0.48447149032064 0.247281313644934 -0.0960879215388568
0.588745448409922 -0.402607517658796 -0.131534690218589 -0.0898618900858212
0.33558356586266 -0.677738365406276 -0.112275860782374 0.0711130993377246
-0.257094279083271 -0.617704900132782 0.0725936632116304 0.0188649668778659
-0.65952554999403 -0.149220344305827 0.0324755813519957 -0.042320344133593
-0.536702487534907 0.261961770439095 -0.0127879431083307 -0.0125920801902185
-0.299618111448909 0.466537678370176 -0.0278482139004131 0.0682395000683401
-0.0254872012689064 0.530908279960321 0.0351359413623203 0.109484830826511
0.065297423734886 0.48975147530715 0.0747765921413679 0.0919708485688307
0.0387728072763467 0.506553476837982 0.0373044149257521 0.106525869773778
-0.245094081237983 0.519193307512479 0.00641716941700038 0.099848494346143
-0.504678950317699 0.302459675386309 -0.0637303307138358 0.0729942079321093
-0.701212031984953 -0.0309043459199746 -0.113790985548818 -0.0278894916119026
-0.381470303922403 -0.588064234671193 -0.0970245670852076 -0.169338822618678
0.268053478743167 -0.708871508401571 0.0145644313953654 -0.0992457576766596
0.619300448835205 -0.522113277305879 0.0174028471140722 0.0647873849139122
0.523495534254724 -0.398340277645644 -0.388456039319783 0.0491931662298207
0.277311791598163 -0.643428346296821 -0.217590780787333 0.23928512130908
-0.257106176960904 -0.561575959556117 0.037164022648498 0.0615609685650159
-0.584191701104666 -0.120935825506219 -0.0304763713721758 -0.041533138370642
-0.470898580937964 0.229305755694718 -0.129949631568791 0.0488654739538466
-0.26904413039458 0.408310664653896 -0.115435715745657 0.2247119033827
-0.0387255572497582 0.466915198793794 0.0159720321310386 0.298540553987469
0.0364992957402867 0.418505383916582 0.0930205676763777 0.272085752782666
0.0102902292191105 0.421289191503344 0.0434366801182508 0.2773274178036
-0.222014363712973 0.416100776202463 -0.0372063207858147 0.246874064119
-0.416944697614252 0.227501050116339 -0.143733391431443 0.155934809258493
-0.545005268783428 -0.0327694803359044 -0.160113806694997 4.23293636927365E-05
-0.300370552122363 -0.453268899570737 -0.120045459799541 -0.127003490777897
0.205388705533635 -0.571436669732346 -0.0399015405507008 0.0123760186661313
0.501229665864734 -0.46754712767209 -0.177689979638934 0.210423166375753
0.365039634415222 -0.325433331917257 -0.610865783054137 0.181769863218374
0.165565331255243 -0.477000313165219 -0.306486363734053 0.383721723951702
-0.201395353044389 -0.378533739318546 -0.00799536265536606 0.11240047678602
-0.382472190256139 -0.0664625153669555 -0.0775336514516698 -0.0210862764143516
-0.311900636861522 0.149543312306247 -0.213873104472898 0.102489258032758
-0.190824784277312 0.274223507479096 -0.176776294187612 0.344903822397928
-0.0454933889650466 0.323525957129917 -0.00100627475140408 0.44224780095315
0.00192791670056627 0.283253312046211 0.0991471430090242 0.411909213957213
-0.0222093360610711 0.277107259682896 0.0387596655827596 0.404250869237569
-0.169790846858606 0.260410209258483 -0.0841152403814352 0.345449495791393
-0.276505753573503 0.121774007743363 -0.207849164861867 0.19827125723929
-0.319208851609813 -0.0377496508054341 -0.185247983383324 0.00498702377145055
-0.175958842173566 -0.270450595966667 -0.120649946604031 -0.0937319861970347
0.123751948423954 -0.362839039837002 -0.0683277099673762 0.0857286261778888
0.32174970019446 -0.349485873892506 -0.312742223923807 0.312916871279742
0.137964981027152 -0.191804312191501 -0.757732248288145 0.286369218841208
0.0245644918451676 -0.219717459904775 -0.358347879657977 0.485963197896045
-0.113740685972613 -0.126269689183555 -0.0404918237855494 0.166309532212537
-0.115004429732575 0.00168951161199025 -0.0887641506055944 0.0117027845038404
-0.103191557890238 0.0417718676026002 -0.243764586823175 0.134231503438577
-0.0845134528259141 0.0907563920375567 -0.199787401972625 0.403035638246602
-0.0482233606100492 0.123778319454912 -0.0112725054829466 0.512914470115126
-0.0344092738577415 0.103537020215092 0.0912324339824508 0.488035034169923
-0.0477027474702365 0.0990437460502089 0.0215404381739965 0.469830646476165
-0.0927216889886344 0.0851073700588255 -0.130531864070256 0.38826115865678
-0.11010402998084 0.0238230683730926 -0.252428762271381 0.199559468558223
-0.0892945391622064 -0.0236494502759448 -0.189367703851149 -0.00509295645169776
-0.0683903989762549 -0.076589738091779 -0.10533406262786 -0.0684128652642082
0.0194698576959581 -0.146502215238248 -0.0783903840021001 0.119967509912645
0.109183140120458 -0.199340007499169 -0.379971833534732 0.361724385701898
0.0739112676737466 0.0580375464815589 0.552102618290527 -0.159036792089656
0.119912285228535 0.00163943046828113 0.163624592490622 -0.209928080961664
0.0405140433649441 -0.100842919395402 0.0406151896397759 0.0623356751388577
-0.0995271332779051 -0.0819790361826778 0.135075953107685 0.12007677506913
-0.0952310189911823 0.019784394818592 0.320012326179784 -0.00840752988834831
-0.0445673861187944 0.0681862026175282 0.346616322473151 -0.265938822405044
0.0176722975900887 0.0898770188630083 0.234131123089481 -0.424029160861753
0.0219054860299649 0.111481617740952 0.146992303014922 -0.473176525630887
0.00486320490851105 0.120873539486306 0.192655360460192 -0.455739151365045
-0.0714505973691357 0.0935407709471575 0.301113308906292 -0.312989593605083
-0.121401742991995 0.0147748709185068 0.293922716660248 -0.0845357046436666
-0.116268374631471 -0.100217299989525 0.125672985531944 -0.0280724446709337
0.0655352740530249 -0.136659301954998 0.163272237206417 -0.124364833508128
0.15393956458731 0.00968402309184727 0.486590272581596 -0.215027374084176
0.0883076704065734 0.0916040345322909 0.867121892657669 0.0443793925793318
0.302391144739306 0.0134426902205037 0.516174220960346 -0.159593334794832
0.285099822559465 -0.127052863628715 0.158269813290486 -0.190395477704641
0.052195836818631 -0.269723363760483 0.0603762006890865 0.0412119717645959
-0.239337463786293 -0.19458402608937 0.116511896526479 0.0967873148214124
-0.273389573331934 0.0141921508521403 0.285405305230178 0.00980046466244881
-0.198719559866786 0.162369096455485 0.313017501131217 -0.210353396953224
-0.071291318744453 0.255852728284939 0.220385068055064 -0.346781150563112
-0.0393614358934432 0.285939655520094 0.146944292032855 -0.39128374728511
-0.0710706263311471 0.301167585674733 0.164421844589345 -0.379172032725474
-0.248287226203822 0.231141738256378 0.252929576625587 -0.267952398513863
-0.347602321663684 0.0220275008588514 0.241220882350678 -0.0893616835940212
-0.337731525942937 -0.246181023421578 0.0993332538999763 -0.0655209788637957
0.0575808707063253 -0.417441234579923 0.15429716877271 -0.177097191883438
0.394783792401998 -0.201679954486961 0.437351643543214 -0.225251532592725
0.416523628554809 0.013628947391659 0.756475436296207 0.0229420271357254
0.50489591230089 -0.0287743724053805 0.39302794521374 -0.164352543072608
0.441626578088728 -0.262635036508042 0.107194584525866 -0.147405038098457
0.0596241301131342 -0.440779525162011 0.0775842244949439 0.033545174510006
-0.371653084280193 -0.305090231672075 0.105490699820638 0.0644174817314751
-0.436928745426495 0.00592936416320032 0.225507447956489 0.0106129293657588
-0.339274056509639 0.23914748459322 0.233419573442953 -0.139159141202103
-0.155462333147779 0.388330393487992 0.17052998252747 -0.221158876934565
-0.0927675575089388 0.418622968729646 0.125300510017256 -0.250583458060979
-0.128229337323069 0.434356596237825 0.115443642705452 -0.2418568510588
-0.376272030505578 0.341789936549125 0.168431373115699 -0.174981643647645
-0.520793854991941 0.0473994728099033 0.144343845291573 -0.0714030612084066
-0.532452652144954 -0.331942257274593 0.0439974508738445 -0.0935468169766032
0.00413049483327829 -0.636492687445836 0.115323548569854 -0.21699310307913
0.549603135716075 -0.399834226450944 0.336041054291238 -0.206930757592679
0.667840326928384 -0.0808421653684098 0.545254197040308 0.0184288101926429
0.65518491804924 -0.0709025009300156 0.184289853529538 -0.167504344253518
0.560355317701994 -0.395654736420081 -5.08317278074895E-05 -0.0736957474661468
0.0522869205996072 -0.596682141797588 0.07708529267341 0.0438991418106267
-0.485529536166801 -0.385570784545586 0.0871831954474495 0.0278870819034046
-0.5614062250123 0.0050930195746037 0.131455956053687 0.00468434229044353
-0.440823194777105 0.293127727481581 0.110158049143797 -0.0493903975908548
-0.219322683683225 0.469954350986197 0.0904033225739558 -0.0602125754988159
-0.132031735593495 0.487505792138249 0.0859163330931285 -0.0726749891111944
-0.163057247191353 0.497055716030883 0.0527088842817604 -0.0683934698553595
-0.44227685018491 0.396425304664912 0.0640598742066798 -0.0473781459784936
-0.614382692967589 0.0691766124736682 0.021421812031191 -0.0274857604360162
-0.644396417191606 -0.351940846849629 -0.0311852271887501 -0.102057197499516
-0.0599756559391983 -0.743696294196816 0.054728463898732 -0.228299199310642
0.598532016762496 -0.529026786660661 0.205342742152089 -0.150991619035998
0.796541169967509 -0.164336047418313 0.272984906403194 0.0425953240978272
0.714876546959285 -0.103566547520391 -0.0910878239658157 -0.161893571163902
0.605790123784028 -0.480789258352107 -0.154926717335877 0.0281232776307123
0.0353431329066927 -0.67754051603818 0.0488808450787512 0.0659187589263862
-0.535283821715731 -0.413704691873995 0.0452512785100749 -0.00847372451558919
-0.602298694887912 0.00755387115319518 0.00453888411411632 0.00212942932905627
-0.473352676310156 0.303288315960615 -0.0408819633941983 0.0553282801703934
-0.247008144480234 0.483363783377146 -0.00880845188967972 0.11657867290226
-0.151689273877099 0.483545189255416 0.0326386669801768 0.115598103930805
-0.175354535018808 0.479559740026315 -0.0135825170045662 0.112885602271191
-0.43898739398526 0.37950339751849 -0.0441228987458961 0.090445043889958
-0.597091211259251 0.0691771014464353 -0.104579819036592 0.0296853193362962
-0.624415060976322 -0.320863049436431 -0.105128181425935 -0.0941045894524823
-0.0929717318130161 -0.705510225144156 -0.00759580405238733 -0.211614013099983
0.553183485760596 -0.536135499766816 0.0721975636313719 -0.0711099880582591
0.789668113087618 -0.20905194669542 -0.0103289597407711 0.0816806874470878
0.657565231674622 -0.128603559642822 -0.390035086348411 -0.14603018828709
0.540211338028176 -0.477026571098819 -0.323037082213471 0.136827963255305
0.00837185148227874 -0.627473253539266 -0.00222551361250872 0.0895484836833006
-0.477370573579231 -0.35699993164162 -0.0130186189312528 -0.0365089796759697
-0.527547152476481 0.00748032549930119 -0.13103738472397 0.00505238281839799
-0.419627980516218 0.264906602889278 -0.190877527500731 0.160363806561138
-0.231958600425587 0.419455809137256 -0.107914325723586 0.280970641034648
-0.146854485324207 0.404821307862365 -0.0263893817205737 0.287102858006864
-0.165376350462265 0.389865581338516 -0.0774407289063472 0.270628921286396
-0.375417619719042 0.295326726542538 -0.142806538828485 0.207292048116329
-0.483621691019688 0.0367745488229896 -0.210468757607646 0.0742019028460833
-0.482278038639005 -0.254357740505016 -0.156793309391692 -0.0855258014852031
-0.0780117691345816 -0.546097737410511 -0.0508583398122392 -0.180041017572437
0.433689182734813 -0.434776649512439 -0.0316536495300007 0.00451507335680585
0.658540851361267 -0.210109759857241 -0.254765907190517 0.122941446975659
0.484371315323253 -0.13261345060884 -0.651802648938298 -0.115611460970247
0.366294893844141 -0.373286015293658 -0.461925953847135 0.229284932108751
-0.0199773000432279 -0.437497184859607 -0.0621792023316911 0.112391915225518
-0.318423556636883 -0.221638906396866 -0.0641580713801185 -0.0433090850179481
-0.34591617743255 0.00379026829302219 -0.234066764812497 0.0117303630424493
-0.287471378716197 0.174738267209472 -0.30247040972621 0.241804425315967
-0.176450703953745 0.284913497011901 -0.185982899519883 0.405625769081189
-0.11999705265388 0.265210042572733 -0.0791006486254244 0.416466972925872
-0.135085226912174 0.244580711367048 -0.13270104129973 0.383428914081393
-0.261937858084838 0.172393388837195 -0.224616325150114 0.277765153790944
-0.306767425629895 -0.000906493397627137 -0.282513416502233 0.0875475637549543
-0.274208951384537 -0.163786441318486 -0.176573549115855 -0.0858426391053932
-0.0459885081867434 -0.321671913558755 -0.0686121497389099 -0.145761738888727
0.267466979903331 -0.27875682135613 -0.0944692936789193 0.0554990488617275
0.442132576880925 -0.180139504891729 -0.424990737726335 0.150379085953583
0.220450938630565 -0.11039093927756 -0.831130203889256 -0.0777282894034492
0.12662321431365 -0.196445266588224 -0.54456126496311 0.295767623643333
-0.0487843706313149 -0.16703341171925 -0.112101994713196 0.141536140818677
-0.102682755155244 -0.0470601708584769 -0.0865523348797291 -0.0244885324124906
-0.108251152082169 -0.0037472926844053 -0.279752521631123 0.019804439461124
-0.112006315341823 0.050315985189411 -0.3542775189367 0.284550240677324
-0.0948169175429046 0.0984791209967494 -0.228030662963683 0.466666582812777
-0.0761572365768557 0.0826315567120403 -0.117711281838754 0.482886345732456
-0.084119913530641 0.0715108455668863 -0.174885533187164 0.436493130114988
-0.118609168249013 0.0418155463534959 -0.281141192190694 0.298659575822376
-0.110576116075644 -0.0221945300861475 -0.318777128235803 0.0726232108141587
-0.0721431364685652 -0.0559560002978613 -0.171512838862601 -0.0902613857032244
-0.0321145491048008 -0.0981519102942211 -0.0689297889644854 -0.112029746010282
0.0784850403259976 -0.125458985890539 -0.123716086724297 0.0783333192108484
0.184084547702041 -0.134797338373339 -0.510519511222973 0.158824459415761
0.0766881599881391 0.0538913116082027 0.534533143370584 -0.191375950591232
0.120162488380085 -0.00578799020683307 0.147328673560282 -0.216920304616217
0.0346251569786192 -0.103216892279187 0.0473186396460655 0.057502187855657
-0.1052916465421 -0.0729404426021571 0.141757388303608 0.107560453945879
-0.0938839921931549 0.0254399052899569 0.313618553653836 -0.0305455489172779
-0.0407084741978792 0.069771930783493 0.322334108990601 -0.288701827526088
0.0222520570914301 0.0881920502003423 0.20019592765527 -0.434582946680908
0.0302911938514224 0.108470886204212 0.111118781203332 -0.475230585755572
0.0151368752109197 0.119208059790649 0.15730011636067 -0.461343439927921
-0.0641353951988282 0.0985087218464427 0.275437441337169 -0.331472001588022
-0.121180409724636 0.0224942111078458 0.286350794899221 -0.103767710327182
-0.121287032966226 -0.0918626942530908 0.122338906696482 -0.0343375000130076
0.057058214146415 -0.140718516829972 0.155544239340662 -0.133020720387348
0.153504817357862 0.000798253095869367 0.467500760949957 -0.246315552542715
0.0923750718420338 0.0867224021887299 0.855187670645222 -0.00853233510458409
0.297374614463742 -0.00164640376364879 0.499481642947736 -0.191401923908557
0.275311162084835 -0.143326713000337 0.143220247713937 -0.198002304499309
0.0363815879859544 -0.26722535653765 0.0663619141647369 0.0341416787559341
-0.249013692142801 -0.17424674899997 0.121763560686046 0.0852118390183975
-0.269291076684624 0.0323540472198724 0.281433002414702 -0.012426900269272
-0.185968629192188 0.174546669074297 0.292952209029187 -0.231083464983328
-0.0527538275493574 0.257984274334195 0.192490920869389 -0.357438166756147
-0.0175180093065698 0.28501209637954 0.116256281900196 -0.395944448634202
-0.0476839947888851 0.302460514159658 0.136127368697535 -0.383954372564507
-0.228806012111308 0.24723882191187 0.231948192695687 -0.283969404374689
-0.344671068736316 0.0457044646636081 0.23398063844992 -0.105428691513069
-0.349963765803386 -0.220005218167198 0.0940318181067083 -0.0711981305633
0.0303932367207703 -0.416351829905856 0.142828788270742 -0.183593537308007
0.379550290699897 -0.22324959337514 0.418678270970835 -0.253595420699281
0.410985473788282 -0.0095033840427519 0.744896282061874 -0.0241100179466626
0.494828794489012 -0.0529202668448218 0.378134595567712 -0.189672330661544
0.420637640163943 -0.286807790061827 0.0958591447584562 -0.15313857413348
0.0341492747622539 -0.434492977460894 0.0825183810660124 0.0259579294190347
-0.38473622076557 -0.272584909328393 0.109757421794692 0.0535704715089237
-0.432083286014275 0.0357004605025509 0.222429667834149 -0.00997211033807083
-0.319164465198014 0.260765744100382 0.219083643450997 -0.154975003640692
-0.125569498362898 0.395239602190546 0.152851554667459 -0.229591283650822
-0.0619950421898735 0.419072318580995 0.10427423998854 -0.255920880063961
-0.0956467059672354 0.437507751157022 0.0966846315927931 -0.245473869999578
-0.347665710249264 0.364467722995124 0.154024408705095 -0.187243905179783
-0.515814080630986 0.0812588726948411 0.139304515979151 -0.0807141722628433
-0.547576590290812 -0.29090914443147 0.0371156076021292 -0.0968268630065381
-0.0360155679318202 -0.629850169953366 0.100289968397065 -0.220681690248918
0.521198258267878 -0.42917897787409 0.320023465676302 -0.228847445951239
0.652673030117854 -0.117718142245702 0.538781007384167 -0.0125925667629016
0.639070703548366 -0.104490453437895 0.171198650600711 -0.181011245746368
0.529669396923728 -0.427231701446973 -0.00561763821231177 -0.0736241537745011
0.017325926037874 -0.587111126547356 0.0817571511223711 0.0356101263024669
-0.50276209790262 -0.345021405149619 0.0886149445356736 0.0185646378053952
-0.55406915397641 0.0442917645887033 0.129501914355754 -0.0116854535986928
-0.413674650858022 0.321246484427104 0.103611937952989 -0.0583293544134286
-0.182020845437407 0.480366006999227 0.0846988506313134 -0.0653708680560606
-0.095583830856734 0.489213313704511 0.0786787275081918 -0.0789348098563749
-0.126352046902792 0.499763096805032 0.0472108372608715 -0.0695845126935283
-0.40851699939298 0.424400539981392 0.0591536445707056 -0.0532810647750562
-0.604351686130489 0.109867555063195 0.0197435761462692 -0.0286649059616011
-0.657242426571205 -0.303807127761026 -0.0372385115388889 -0.101502994889955
-0.10731910322172 -0.729939111000734 0.037423153312897 -0.227288912921847
0.559828447989635 -0.559378988767012 0.19318471236187 -0.164365757172089
0.775497690350748 -0.206478523574908 0.274723808960047 0.0272592856190876
0.696810922231209 -0.1414248058947 -0.100262848309853 -0.159514443327132
0.567700310314593 -0.514408242300358 -0.151780493001876 0.0353824084439949
-0.00718461340899019 -0.667013328347261 0.0550997176788494 0.0599942458586129
-0.554098620798619 -0.370717202786084 0.0448309441737435 -0.0142432795843257
-0.593567965489103 0.0486294909391096 0.00369979832220074 -0.00731228823750712
-0.445660118667647 0.335014588086753 -0.0384874094729658 0.055925208765791
-0.20867998405809 0.494436445037427 -0.000531903523649819 0.115878869465394
-0.11530971140067 0.486398560501782 0.0393438446154305 0.109367216573597
-0.140338539122828 0.483691855771747 -0.00600005191177335 0.112930537069517
-0.407201641069535 0.4060696894035 -0.0380150556357356 0.0914365371001019
-0.589269403514777 0.108150553776205 -0.101928860357494 0.0366684546468762
-0.637410431635839 -0.272424133761317 -0.110776868881918 -0.0891836833268902
-0.137267040473996 -0.689969350326776 -0.0238850993928269 -0.207203286895605
0.514000594726346 -0.566514320489971 0.0661034985999783 -0.0760754529408101
0.76358043232384 -0.251830153373437 -0.000678543239053484 0.0834301977002784
0.641255686114684 -0.16337356834207 -0.393438204400713 -0.125879539889774
0.503090305645629 -0.507048673907029 -0.311555251028944 0.153871734602378
-0.0290316642966752 -0.615168882575002 0.00464168832986828 0.0874140664553541
-0.494220335160102 -0.319875023276658 -0.0143930488882073 -0.0373891351546058
-0.519871314266703 0.0439960186511754 -0.129981007537979 0.00465718337426011
-0.393073439620467 0.293214599571563 -0.178731571521531 0.171001837570934
-0.196372185757037 0.431506186348857 -0.0867506055735805 0.285405855500033
-0.117090773435267 0.409212096971275 -0.00635389777996847 0.28267026017835
-0.137977171708149 0.394487896006642 -0.057856155105015 0.27388383231687
-0.350076872521956 0.317765162888183 -0.128582976992659 0.21414441171062
-0.476647635510939 0.0698679676498208 -0.203903534654096 0.0874895042860186
-0.490564247985309 -0.216782171893141 -0.161081751413982 -0.0771336834644736
-0.11185507805622 -0.531029903340993 -0.0663958277247062 -0.17350215233365
0.401084921036167 -0.458233998607448 -0.0311794309682261 0.00640716230689964
0.635727591005965 -0.245414411076218 -0.237538484055395 0.13834788396997
0.468134095157043 -0.15738010867748 -0.652036368850567 -0.0798099357532366
0.339753185061145 -0.392619998645601 -0.443002780956963 0.2537387744884
-0.0467871703969318 -0.427785698199036 -0.054257738911691 0.115361669980761
-0.326559407565183 -0.197937764970477 -0.0656678255349785 -0.0401046321707724
-0.341454632677318 0.0271980442902047 -0.231792280913633 0.0204836063716034
-0.271276411035468 0.194001468064997 -0.283286402649202 0.260256836932075
-0.15185051221354 0.2928553658722 -0.154820076999459 0.413501370175912
-0.100204852911708 0.26933039022009 -0.0491083368589465 0.413566608044324
-0.117912316710008 0.249589128491208 -0.105305320764372 0.388057759036528
-0.246139682508757 0.187395745027351 -0.202264802544977 0.289564585845172
-0.302982702711091 0.0200825906539063 -0.273829086754274 0.106344768859778
-0.278993944581484 -0.140586706334172 -0.180845845639573 -0.0753750209026729
-0.0665482151162312 -0.3116889564956 -0.081569109841951 -0.138613995318359
0.246206210292112 -0.292760980883155 -0.0897145114400166 0.06157007759406
0.424155838635392 -0.20450068327203 -0.403046897669954 0.176600590427548
0.21013673292665 -0.122773973166825 -0.824229827366831 -0.030188751132015
0.112532017396177 -0.20238191569566 -0.520878457052372 0.32518576140804
-0.0594531475351965 -0.160090386558252 -0.102321111506406 0.148452876441588
-0.102968819755968 -0.0405256464603765 -0.0870048855424094 -0.019422131325715
-0.106625205318392 0.00382343901251232 -0.276347353349694 0.0343132699406422
-0.105964031140495 0.0582801026566873 -0.330591650535881 0.306000873023127
-0.0845915431265991 0.103264098878226 -0.191216608116334 0.475319336517831
-0.0702448249616127 0.0867087332809124 -0.0831844038013187 0.48104189319913
-0.0794450604426462 0.0754559167475782 -0.142209302004688 0.441691871908933
-0.114339988861049 0.0479730846181611 -0.25690609617536 0.315296702764694
-0.10849354996815 -0.0138211731962178 -0.31115487239998 0.0944840930639738
-0.0726417685322128 -0.0475802953280564 -0.17609942206875 -0.079544024704157
-0.0396595603113162 -0.0920991163571849 -0.0791254327642628 -0.106292191181544
0.0684458703030776 -0.129550133414561 -0.116787707717433 0.0862239160705838
0.173024716866954 -0.144319282527205 -0.486361221244287 0.190809901322626
0.0770121679672418 0.0501917643539397 0.514706578222009 -0.21126428581241
0.11873049370429 -0.0120153863718418 0.133135163355132 -0.219117158842189
0.0300205096388673 -0.103412277199688 0.0516521922634328 0.0514410319662491
-0.107668996249913 -0.0654855314948832 0.144147717631689 0.096130830208506
-0.0918568190140709 0.0290479730314364 0.304779940143329 -0.0455557107591968
-0.0375761403050569 0.0702538105545842 0.299027313622961 -0.299585408263182
0.025860090048722 0.0855266575952864 0.171357146593939 -0.435131561376885
0.0357348354107093 0.104179650743526 0.0830825838801324 -0.468095137116886
0.0223054073075725 0.11555137309946 0.130314392717213 -0.459255116618008
-0.0580489387647566 0.1009765496949 0.252453743366115 -0.339812777510153
-0.119930552302968 0.0282590852483072 0.277187866462796 -0.116484599930583
-0.123982951884469 -0.0841332509901947 0.118133265712437 -0.0379642856187797
0.0502048665214987 -0.142079612092683 0.148996204515448 -0.137308526271585
0.150829172245108 -0.00526265073509962 0.444141149953724 -0.265415924875851
0.0934880268016524 0.0816847590668597 0.829857043299808 -0.0457430925403353
0.289651663885671 -0.0115210846780761 0.479718963674209 -0.210807764869927
0.263346107932692 -0.15339778395519 0.129953775354939 -0.200493030428257
0.0255539927363011 -0.262483248980592 0.0694415609262001 0.0274944209259202
-0.252011506723901 -0.155605522297201 0.123467161778362 0.0748155164565807
-0.262343481894396 0.0451673571192407 0.272827886161117 -0.0293125261000705
-0.173484936671002 0.180400674873723 0.271953377137689 -0.242806798425426
-0.0376618878706957 0.255585741353427 0.168597107361101 -0.359623579032195
-0.00206470454784551 0.278739113367943 0.0926347190092789 -0.391089855507112
-0.0299506019936571 0.297771112855621 0.112474154481425 -0.380532367678613
-0.211494107257852 0.254727825499573 0.211923475135347 -0.291574466922603
-0.338923267892104 0.0634096951909168 0.225356608728374 -0.115911696655372
-0.3539557600223 -0.198163513478733 0.0886865596438345 -0.0738909584700133
0.0108776602592624 -0.410863082577409 0.132794345320287 -0.185654725383742
0.363179537359708 -0.236023716899386 0.398273220007125 -0.270152762789242
0.401508773086813 -0.0245709012390808 0.726991309398438 -0.0565703205832622
0.479901206598639 -0.0688700932238141 0.359641726391825 -0.20526772883522
0.398749194241013 -0.299900280856577 0.0858101778157348 -0.154663367317511
0.017696208140603 -0.423053551257692 0.0852400290804771 0.017920419959852
-0.387172477290077 -0.245921756398724 0.11034687651854 0.0444768166462388
-0.421055778079762 0.0576959046857161 0.215691309170587 -0.026462594965433
-0.298336115242962 0.272673946487118 0.203914764905511 -0.164527397670356
-0.100837926016787 0.393246448714159 0.136524915787323 -0.232699065236147
-0.0378764261492431 0.411741324487468 0.0891287631857506 -0.255648825402674
-0.0705123768541414 0.432189158912517 0.0821413285071156 -0.243095297199582
-0.321988741160042 0.376338708821731 0.140814036292253 -0.193356539513056
-0.505101009592813 0.106657782480618 0.133465256742622 -0.0873089556837637
-0.548200669638029 -0.258018963702539 0.0311360327329917 -0.0980539847460711
-0.0639581238789498 -0.616059714688865 0.0875700344655412 -0.218245258134901
0.493504423923952 -0.4455572899647 0.302362745349988 -0.240929479565277
0.633471938090773 -0.140978492696892 0.529129637251653 -0.0351561462062923
0.61924623055036 -0.122570882431117 0.158968686474018 -0.188935625368826
0.500721095046851 -0.441478500368743 -0.0106264313211387 -0.0735516860048838
-0.00621513790642666 -0.571039540010152 0.0847568531608722 0.028324151671099
-0.50645266936076 -0.311691263696369 0.0879237118769498 0.0113984703527676
-0.53988098962862 0.0721224512257242 0.124208599023893 -0.025576405498307
-0.387769917399758 0.336987630151626 0.0958213088391901 -0.0637054771517294
-0.150196866862557 0.479422533819364 0.0796172459739023 -0.0678265892529814
-0.068461361953329 0.483059787669706 0.0714230651083016 -0.0823438995245974
-0.0979777694444639 0.495506459051205 0.0427787433805254 -0.0692755522861369
-0.377431496390899 0.437177017977443 0.0545818020880065 -0.0571343640055643
-0.589711938206452 0.138125435999465 0.0180148066678414 -0.0297210352581097
-0.658193378562358 -0.262562483240413 -0.042793134936568 -0.0998590272260705
-0.139177519299538 -0.708284374149238 0.0249138587862961 -0.223070524340828
0.526765811931934 -0.574320353253399 0.181106496932207 -0.171608729926891
0.747599679763084 -0.232651282001771 0.273266299326136 0.0155637867682508
0.672773180730763 -0.163475755828074 -0.105981556413005 -0.157762907563618
0.532674660181406 -0.530205758592125 -0.148610315756518 0.0398351987328683
-0.03346050667656 -0.648665960444894 0.0587751788184533 0.0544253038457495
-0.558474337942937 -0.332657373241902 0.0439891400457858 -0.0188595439828218
-0.578515516252867 0.0796010542188687 0.000771574397988139 -0.0158802325674732
-0.415305969274053 0.35216317611579 -0.0375925039484028 0.0552217311112637
-0.174748425083926 0.495469235261218 0.00590999395439946 0.113873153018545
-0.0875220802399205 0.480253256935608 0.0428791931127873 0.103463220128056
-0.112787449910252 0.479266773130596 -2.53186871712121E-05 0.112119939988056
-0.379278062795463 0.419167850888827 -0.0334110588733109 0.0896807885387591
-0.572614644739823 0.136251749492276 -0.0987240190017125 0.0408401136414955
-0.634159605250509 -0.23259347204631 -0.114136784032998 -0.0847104517552283
-0.164953092020104 -0.66782314832039 -0.0366604422422877 -0.199636953203626
0.479353278491334 -0.578495770957088 0.0609980541421413 -0.0787348900700531
0.735121134877226 -0.276966205360473 0.00831958379109206 0.0823686887728253
0.617763456712235 -0.183250766910903 -0.391290983660779 -0.110919440805934
0.470148857868476 -0.520475606385131 -0.298539735292316 0.162736477234276
-0.052565271578401 -0.599313308144904 0.00964832918383229 0.0847883613880402
-0.496722275676984 -0.28731245881088 -0.0151276875722608 -0.0380791831221138
-0.505580898804698 0.0694964177121925 -0.129247808873167 0.00266687591290056
-0.367735091459717 0.308040122637128 -0.168315089335094 0.175915833714316
-0.166874094783359 0.432430754380517 -0.0684915157550328 0.284631809385035
-0.0928675084415998 0.405937341674 0.00699674947700603 0.274163848823151
-0.115266616091304 0.391941435467094 -0.0427227504787483 0.271544792942486
-0.325628436261904 0.32816202173252 -0.114985177876021 0.215028572986762
-0.463648344462183 0.093217014468712 -0.196230947272149 0.0966791839076681
-0.486278001305787 -0.184643761037345 -0.16317586784351 -0.0703117224614338
-0.134537973657232 -0.511925967849065 -0.077833602721772 -0.164760165198123
0.37338471552663 -0.467629037824854 -0.0306145433206511 0.00713114023730414
0.60979181065631 -0.265755619275245 -0.219326996048836 0.146871587456882
0.450032398483689 -0.171709441893392 -0.64149891831087 -0.0555338792189471
0.31472684647702 -0.400669038882126 -0.423373802453982 0.26755174760216
-0.0639137825970541 -0.413715521649839 -0.0473803368531602 0.115966568242969
-0.327425447266536 -0.177482607913483 -0.0654514789255172 -0.0376460642003397
-0.33221068772494 0.044080465767449 -0.22820989100715 0.0248480720648349
-0.25347187153897 0.204406581636164 -0.264598582127111 0.269720133970847
-0.130406421427461 0.293732500773726 -0.128258769783893 0.412829506189484
-0.0844302091621226 0.267789709294456 -0.0267732290610642 0.404484776257402
-0.103807153357848 0.249061358590896 -0.083036734263909 0.385023577271335
-0.23148583021101 0.195313498064438 -0.184174216227483 0.294070279578619
-0.294293028814991 0.0356409580146877 -0.263959416253495 0.118582390679858
-0.276966329020439 -0.121080928261277 -0.181929745357255 -0.0668120069813502
-0.08070612850667 -0.299134084420741 -0.0911308308956705 -0.130470686840317
0.227055238664197 -0.298879083447619 -0.0849273913193616 0.0643578729754614
0.404544677727639 -0.216215189914892 -0.379017278924177 0.190730684966362
0.199756265579567 -0.128611953001358 -0.808714860585263 0.00132233577044884
0.10121298936652 -0.204369237300083 -0.496673190786075 0.341394523320924
-0.0649119641037148 -0.15178593960111 -0.0946241155224672 0.151382876479213
-0.10168245392962 -0.0354864267684218 -0.0851331931686326 -0.0155125641080942
-0.103248660358275 0.00914495483024907 -0.269910466363672 0.0434901941147626
-0.0991772707435276 0.0624598560438727 -0.307153385645299 0.317175470760288
-0.0760023942888528 0.104576586143244 -0.161001514228954 0.475049139214749
-0.0645276945271281 0.0883273272553891 -0.0558931244689141 0.472173111033084
-0.0756948730152428 0.0773677217845162 -0.116098109393961 0.438327519457503
-0.109290001380365 0.0521060282383779 -0.235157379157078 0.32219641847057
-0.105034460826011 -0.00756397005910289 -0.300811149567022 0.109338693208717
-0.0709113779411432 -0.0411103256607946 -0.177208035075865 -0.0706585221377969
-0.0440959751864139 -0.0851056884272253 -0.0866947189417653 -0.0992014264719916
0.0600860272446318 -0.131130598979954 -0.109860630120972 0.0907852720235485
0.162073870648217 -0.148950233115835 -0.460186448160245 0.209151258624867
0.0768927049411191 0.0476362099536556 0.497766800396261 -0.224168582352605
0.116799289763405 -0.0162974772193302 0.122895113426299 -0.219623861838059
0.0265425548217641 -0.103486537804323 0.0555675270247306 0.0466652222728784
-0.109233467049543 -0.0594551459154994 0.145060651654034 0.0877618028459163
-0.090591755295437 0.0327413010316199 0.297472167946211 -0.0557384169659711
-0.0363244040344849 0.0709154256152207 0.280882039450565 -0.307683169857348
0.0279376887315586 0.0838393371956703 0.1507069287391 -0.435146641500492
0.039846410190278 0.101043660998997 0.0638434004626937 -0.461428767826521
0.0276015296556401 0.112268338011133 0.111091385195008 -0.455051170879823
-0.0532193695929768 0.102783075691055 0.235558653688808 -0.345082470104679
-0.119156183733756 0.0328892361782941 0.269887791707153 -0.125501357201381
-0.125658618002506 -0.0792442518938522 0.115022238121988 -0.0399957112441013
0.0447552561840309 -0.143049733152284 0.144498625333975 -0.140991246461908
0.149596593802111 -0.00938368995945507 0.427194521217551 -0.278111130243851
0.0941845854136507 0.078807602892647 0.812249625920244 -0.0688875821461056
0.283801091501811 -0.0163170952258978 0.462746592374627 -0.224452060419397
0.254749934233503 -0.159537558529585 0.119599791650352 -0.202133922810526
0.0184725018492298 -0.257529783159185 0.0728418726177881 0.0212193689985142
-0.252484942559648 -0.141798454704643 0.124213912333012 0.0665133344322797
-0.257412299461819 0.0547699737484807 0.266410697949053 -0.0417810330030589
-0.164416750519183 0.185256324173276 0.256690270652611 -0.250298738884941
-0.0266797224761501 0.253385041863145 0.151713750430302 -0.360691806796443
0.0094166588553023 0.273414886161192 0.0763734974282101 -0.387006678190657
-0.0169005483767754 0.293674373713611 0.0973724008657604 -0.377581081218003
-0.198852837258316 0.261138476880122 0.196908043227626 -0.297691792932787
-0.333697699634366 0.0756378810408765 0.218499559992235 -0.123620488038546
-0.355154386491488 -0.182034340435216 0.0840924510887771 -0.0759153374541681
-0.00254205705111091 -0.406344747513184 0.126537488013743 -0.187012234988054
0.351465332443286 -0.243905537914793 0.381899670876963 -0.281045363838808
0.39355527791685 -0.034997123582109 0.711801312843976 -0.0758614111822971
0.467877508523313 -0.07629113279507 0.346726575681832 -0.216157055295137
0.383254296225509 -0.309375390663424 0.0772691016897225 -0.155974346528445
0.00670124092269386 -0.415253840735335 0.087854016905255 0.0112563591733729
-0.388098434188509 -0.224004454896333 0.110058889906618 0.0366756775132946
-0.411939275868068 0.0726488063322183 0.208895671327106 -0.038784198414172
-0.282948616799782 0.28008240998833 0.191259834557534 -0.170655201139284
-0.08240342767849 0.390650532194452 0.125540932773021 -0.233724724935265
-0.0215848659598572 0.404999817289657 0.0769499201266569 -0.254169483698084
-0.0520929301599349 0.426984854739303 0.0720915206789016 -0.240185561093066
-0.302570243066589 0.38483844353788 0.129942156469918 -0.198302255154949
-0.497089331480358 0.125181418536194 0.128456611853691 -0.0921216017890577
-0.548438276007172 -0.233809798845759 0.0263802002719641 -0.0988786513769401
-0.0824086980899 -0.60574662498973 0.0798608350805275 -0.217679631897586
0.473136588406894 -0.455634840696253 0.288859162291128 -0.249466626216581
0.618406448669707 -0.154822095116071 0.519479955535898 -0.0498509777750566
0.60413970484072 -0.133319019505913 0.148230303143182 -0.195743581732593
0.476763317738399 -0.451456402099969 -0.0148512147857443 -0.0726580936783399
-0.0199483721726965 -0.559498893996701 0.087020177282568 0.0226219037815102
-0.505649604851205 -0.285156378900236 0.0872769360766172 0.00529843692493107
-0.528598930090729 0.0926662936598221 0.118122179731302 -0.0371629713724922
-0.368009356823977 0.348368804970356 0.0889803784003491 -0.0668461308005062
-0.12688549979243 0.477836960603563 0.075928260425446 -0.0694935716622808
-0.0477951754471131 0.47681461046122 0.0663208115537855 -0.0844686757373576
-0.0781892595890753 0.489692520820971 0.0401109358291931 -0.0677878392213258
-0.355590656048013 0.446594323236162 0.049717301670987 -0.0605325860812282
-0.578886522517031 0.159151775689388 0.0163665179668353 -0.0312405585917156
-0.655495549119728 -0.233606356393133 -0.0468801772812519 -0.0989898112265622
-0.158932820718052 -0.693620156878139 0.0157183351930811 -0.218730795481268
0.502066341148323 -0.583662869244594 0.171849281172817 -0.177143883022245
0.72804598658282 -0.249120433909972 0.272593957921207 0.00712200876775272
0.657145121466863 -0.175424168862312 -0.11094719212839 -0.156758486995026
0.507871455411779 -0.540162170201415 -0.148012789642611 0.0428478548253744
-0.0502156590677826 -0.634493314105125 0.0616023953658611 0.050011270427759
-0.557586630817788 -0.306199643411636 0.0438018021554896 -0.0227101946161281
-0.568000024939933 0.100636408891311 -0.00376180956025356 -0.0241303124102209
-0.395434401493422 0.365119916666778 -0.0376229064772872 0.0559145248138853
-0.15072768075331 0.493074830781269 0.0113536554176659 0.112439923035667
-0.0666587440068023 0.476310049144354 0.044626346461202 0.0982553900553907
-0.0928692798020112 0.475047264452829 0.00525764684257905 0.111873237700887
-0.358130068235038 0.427077163454053 -0.031537737337703 0.0881539147935115
-0.559804505867368 0.15667170463631 -0.0966152675173209 0.0431914265833623
-0.630408206643776 -0.204940365305696 -0.117412429542898 -0.0819803973981413
-0.184447214920601 -0.650143482970769 -0.0461185664471048 -0.194063745639157
0.455206251558048 -0.586627441657165 0.0568201129993889 -0.0816010112862073
0.714466324253083 -0.291694385603861 0.0159767622179729 0.0807714154088726
0.601077303469097 -0.19441473732376 -0.390484079935076 -0.102577236043262
0.447034219007273 -0.528920937800805 -0.291309925553755 0.169405764045218
-0.067976830646141 -0.583398571823926 0.0134398431078695 0.082508256018944
-0.496970556987057 -0.263636863350337 -0.0149642386491382 -0.0389500625248836
-0.495888607478685 0.089001466561296 -0.130619434734666 -0.000294778460105756
-0.347968006045775 0.318425215109612 -0.161143792616539 0.179229758071955
-0.144675220056363 0.429774300554687 -0.0551367493751412 0.282620465770001
-0.0751387760997667 0.401183642752988 0.0164352708051147 0.266851646307732
-0.0987581214756655 0.388792841704866 -0.0315060981325397 0.269804121186178
-0.308754997315495 0.335929627452707 -0.106575455661953 0.21493747389922
-0.453486092177476 0.109910801045821 -0.191406852073499 0.102085314246763
-0.483036647047241 -0.161759909051689 -0.16476077617632 -0.0665419714219147
-0.1491830378262 -0.497859731663335 -0.0856267757792231 -0.157422789725759
0.351967043840553 -0.474524673171744 -0.0298894248776564 0.00743228931221141
0.589287138808486 -0.278226214820514 -0.204944794994927 0.150980936071305
0.436907134725912 -0.18045958456547 -0.634185249443892 -0.0395813590029399
0.297880545813839 -0.406747531338839 -0.409698103037913 0.2757575818204
-0.0740607495168549 -0.403456175020804 -0.0425333267445944 0.115949595849854
-0.32684788680873 -0.163449960194349 -0.0643990721037676 -0.0366348424148367
-0.324824570155818 0.0567958085367695 -0.226593029633935 0.0266867754592705
-0.239315395997259 0.211824876496518 -0.251621513726913 0.276135469041473
-0.114974674394897 0.292696354848981 -0.108464293631379 0.411522560810958
-0.0732354741651719 0.265747823523931 -0.0127554297621959 0.396363366935998
-0.0944623332707366 0.248550863986972 -0.0671185596445904 0.382004225683623
-0.221326723940856 0.200331851854181 -0.170789382316682 0.297031531080641
-0.287579569851455 0.0468911480720364 -0.257156572258091 0.127142350472226
-0.272945491018309 -0.106560240536274 -0.182905547273827 -0.0613970380133703
-0.0890197428364935 -0.288063906221919 -0.098526888623204 -0.12375234582141
0.213155992728832 -0.302099107792309 -0.0807638041055871 0.0663895578060337
0.389266585599382 -0.224349831492489 -0.35974468628823 0.199653497941965
0.192307867628999 -0.131764317646118 -0.796604246552688 0.0223480773543532
0.0935107748188313 -0.205232194679345 -0.477470362606157 0.352241653583525
-0.0679020417667451 -0.145609718585707 -0.088840951649119 0.153769836957396
-0.099873897791698 -0.0321658624023073 -0.0833919858781376 -0.013192267241946
-0.101184237122157 0.0128201685925371 -0.265756229861079 0.0486543882038226
-0.09381694491096 0.0654743978077971 -0.290809299946004 0.324124853762339
-0.0696851937900615 0.104390821247841 -0.137778763806543 0.473367512204448
-0.0611408534441345 0.0891725490647227 -0.037393549613518 0.463420536293929
-0.0727420030007019 0.0791255472158647 -0.0990006701947516 0.435807713658305
-0.106359197001219 0.0548022243253421 -0.219730829966986 0.327217184390959
-0.101197373968902 -0.00388161693485254 -0.294138131290649 0.119331834955346
-0.0684580586136753 -0.0361638651037558 -0.178472348779111 -0.064147947301492
-0.0469403639722151 -0.0786405702654729 -0.0925144785555387 -0.0934283166553992
0.053330177368016 -0.131309397638546 -0.104165326347391 0.092991657099567
0.154157388011937 -0.151822171649774 -0.439988980051615 0.219237458037043
0.0767208075062478 0.0466807364315407 0.486453362572097 -0.23923959299517
0.116457984050974 -0.0200835474204808 0.113616468422679 -0.222127422191059
0.022526632907125 -0.103674377281179 0.0593139520884471 0.0419414868660498
-0.11055491585969 -0.0544459055145739 0.146292080860037 0.0801728818995018
-0.090322385002631 0.0361946220548786 0.292969581612882 -0.065173419861886
-0.0349802920734768 0.0726616194682704 0.265956132722597 -0.315261645617941
0.0302003130163998 0.0828198745395221 0.132731988604691 -0.438462898808846
0.0434820194175353 0.0984837942205962 0.0486698325865675 -0.457882037700245
0.0318159477019725 0.109807215558505 0.0938218598044999 -0.453092686730184
-0.049077789662904 0.105473581045824 0.221236213335871 -0.351890745774758
-0.119484585422027 0.0376063476277966 0.265474333231768 -0.133888241323163
-0.128473442295253 -0.0754027746208383 0.11401058333767 -0.0419441509930798
0.0401700041890944 -0.144825123357273 0.141659146088249 -0.145602734583209
0.148949087502899 -0.0134330327279853 0.414018263493966 -0.289056894388308
0.0946411349586005 0.0760355156830757 0.800073320185149 -0.0893297754947205
0.28046014944455 -0.0213386088359287 0.451247293989219 -0.237107730567236
0.248848951432312 -0.165547682351711 0.110492494593593 -0.20418873375183
0.0115620174084462 -0.254604642486932 0.075606224773689 0.0150529099166362
-0.25362123767808 -0.130582333118372 0.124368618765639 0.0597467454010111
-0.254268068445667 0.0649549871835879 0.260867073921208 -0.0524059765062106
-0.157724547672463 0.190676792494723 0.243363774025539 -0.257626246901202
-0.0172704898828392 0.251904813293868 0.136772912163089 -0.363321294807079
0.0190315330120005 0.270247629001706 0.0626020652066435 -0.384734818926767
-0.00590426239311534 0.290977082645672 0.0837498462993221 -0.37656147001519
-0.187397911508213 0.268364373711554 0.184523443379304 -0.304359040636911
-0.332289377718548 0.0888984951470095 0.214152779177823 -0.131602093285921
-0.361151010521216 -0.169407168923825 0.0811674831061822 -0.0785240264092515
-0.0156182053508683 -0.404412224499979 0.121683986428908 -0.190203723518406
0.343902261852017 -0.253506080921065 0.368557381488066 -0.291639368277983
0.388345220633564 -0.0443866029930395 0.701983450972011 -0.0934531668179726
0.461852045961699 -0.0840347788155444 0.335005039315727 -0.227729958483206
0.370784151046981 -0.317319875018923 0.069171700956854 -0.156508672145224
-0.00321168742226794 -0.409681297207557 0.0902471702214662 0.00533916038069875
-0.389957619293799 -0.206337740489315 0.110522569974487 0.0301882180503529
-0.405923172234734 0.0881108493644236 0.202868294333028 -0.0506836108239113
-0.271386173442882 0.290092871416169 0.181626757121907 -0.175550706997376
-0.0668224903569293 0.390026998549508 0.116128489175885 -0.236475373397175
-0.00712385121413231 0.401940975141308 0.0669527498171156 -0.25461311245054
-0.0374711952745968 0.424523868937529 0.0644323226197369 -0.239575109751735
-0.28682266564866 0.394599683388158 0.120053020863597 -0.203245233059919
-0.492491729076204 0.143744957030334 0.124484142480903 -0.0976408571052155
-0.552664011098522 -0.213204565438306 0.0221799284633607 -0.100363283034126
-0.100864902705991 -0.597454498919513 0.0734732607188329 -0.218988548193736
0.458466291703242 -0.467713426889995 0.278380761675145 -0.257708802643697
0.606939099113179 -0.168141580180665 0.515599380684045 -0.0643094942560653
0.595367360519477 -0.142663058750214 0.138248885259782 -0.201984153924078
0.460652936177758 -0.46109342518101 -0.020432903998843 -0.0718585509106769
-0.0331800623684457 -0.551938500780646 0.0893184363618857 0.0168119694340629
-0.507442718573806 -0.263686931409544 0.0871459005033838 -0.000587262654285723
-0.520678332964008 0.110373778297842 0.111727878574909 -0.0477863533481297
-0.35251924662925 0.359587983776006 0.0829006019349218 -0.0693673518571225
-0.10741641299628 0.476105829052697 0.0735713122332351 -0.0712619566292585
-0.030188685785116 0.473202273241825 0.0616652298646347 -0.0865871130715953
-0.0593439908091411 0.488830742495854 0.0385851689781907 -0.0676027177953707
-0.337499195179941 0.457342532344845 0.0446538243453377 -0.0638591728714133
-0.571395820509905 0.180948739742745 0.0147149814118073 -0.0328998805627189
-0.655984896342802 -0.208837648129238 -0.0520655552429034 -0.0987426889941386
-0.17780078885313 -0.684427794140909 0.00694167654373779 -0.217103429444113
0.483780926294048 -0.595351960801179 0.163302752004984 -0.183307831977462
0.7142105306739 -0.265460056029558 0.27399570062288 -0.000822918567467991
0.648891935879298 -0.186776966864416 -0.117300543917428 -0.156980147007388
0.487645331219256 -0.551802901267054 -0.14852608645261 0.0470242856861158
-0.0638227795412457 -0.626328466347007 0.0646024299462811 0.0454087540298177
-0.560508336521176 -0.284268979537566 0.0432046955808531 -0.0262688252108761
-0.558056665681002 0.119665824390303 -0.00888340238872782 -0.031698661341004
-0.378494696147292 0.377700485432945 -0.0377786813859004 0.0574786440563652
-0.129508491024747 0.492982965090597 0.0165857130509386 0.111962173582221
-0.049025437449133 0.472873383854659 0.0455722016170713 0.094651888207434
-0.075588507651931 0.474358880248425 0.0103903736599276 0.112032046830129
-0.339710501108846 0.439130945202231 -0.0306436187231507 0.0871747157467408
-0.553450910153941 0.179142935623709 -0.0956104391836227 0.0450326290492813
-0.62958726704638 -0.17984640819612 -0.121989431405596 -0.0802247250745599
-0.201436418956981 -0.639474448053629 -0.054504355332387 -0.188676870415643
0.435567351026854 -0.597808170052828 0.0530727918927219 -0.0843318697156085
0.697137326078857 -0.306730979733459 0.0235888671061953 0.0788072986783775
0.591590135807848 -0.20492284748376 -0.392291164338062 -0.0958001277419419
0.429282835044335 -0.539207367156329 -0.287206063660345 0.176551928215736
-0.082644653877265 -0.575694098092561 0.0177369687784134 0.0814232493179471
-0.499455542998675 -0.245063922292055 -0.0150719582869328 -0.0404890762791286
-0.48880331159553 0.106184696573032 -0.134604331979095 -0.00368215716117868
-0.333299556838967 0.328568045603291 -0.15575741567393 0.185496599791304
-0.125847376918185 0.429773465735512 -0.0427347696678062 0.283526473895873
-0.0600930676974576 0.400889781084973 0.0240829505316804 0.26174335095525
-0.0848730153993252 0.388657222495835 -0.0210538151009744 0.269436992120688
-0.294375808267644 0.345057286746675 -0.100526939102573 0.216482580425951
-0.447189590823459 0.126688514271539 -0.187798087023212 0.108128340903922
-0.480576226308579 -0.142168700391157 -0.169365451451218 -0.0628395229525177
-0.162562565819566 -0.486117927742434 -0.0935359991007787 -0.151465680630433
0.336374937987233 -0.482151074548652 -0.0297963462677572 0.00713018673552351
0.574507539038719 -0.289045026060197 -0.192022553297887 0.154240181115376
0.429580224515511 -0.187971148801497 -0.63205930932055 -0.0279546412767031
0.284151330320756 -0.412546085044696 -0.400397478710077 0.28628601541974
-0.0831504632585524 -0.397016108552618 -0.0383177984294097 0.117945050504749
-0.328438900457834 -0.150823237885373 -0.0638609896441414 -0.03624746336739
-0.318390974636008 0.0676459958325219 -0.228163637622519 0.0281901656934219
-0.227907412400819 0.218203626242582 -0.241898949843677 0.284719793056013
-0.102031530382532 0.292789569050877 -0.0901182321124546 0.412798343534124
-0.0630097541085897 0.265948319618908 -0.000534301219768091 0.39147842828213
-0.0851597825372859 0.249694214627878 -0.0534281116427271 0.382224195903862
-0.212986345441724 0.206820821565017 -0.160049316824309 0.3003447989568
-0.282424782548761 0.0566409986499865 -0.252073646609243 0.135843760546282
-0.270591480807266 -0.094836471123397 -0.186497440284489 -0.05680916677906
-0.0977776306916447 -0.279667748311956 -0.105003749271455 -0.118293029132469
0.203256201232073 -0.307014433135672 -0.0778040092027911 0.067234618382989
0.376976063157591 -0.232159419667404 -0.343980675344694 0.207272720006701
0.186645781526255 -0.135635396233836 -0.789393925463207 0.0402081070694412
0.0874491453277634 -0.207472614992982 -0.464502503240191 0.362220520458559
-0.0702136226631439 -0.14197846226593 -0.0830498047353033 0.15824216579538
-0.0995034125822344 -0.0298742436598128 -0.0818805352711802 -0.0119259611000847
-0.099471890792955 0.0165393289798821 -0.264791059335026 0.053630710454391
-0.0897653569902626 0.0678508041954387 -0.276777929583257 0.333620000457256
-0.0650732070718898 0.104713489059081 -0.119871425812715 0.474484183459118
-0.0577489478623494 0.0907343630895182 -0.0220880491427646 0.458323198571754
-0.0702032907543498 0.0812223817634909 -0.0816300230210714 0.435333899538459
-0.103841021805487 0.0570895630484645 -0.206213706239547 0.332824925853785
-0.0981503541966147 -0.000142298292361199 -0.28815717676486 0.130904329801044
-0.0661243153709941 -0.032164983117766 -0.180435991827277 -0.0582941116193334
-0.0490653799739449 -0.0735833942483133 -0.0986210901430408 -0.0877211289377666
0.0484712908004733 -0.132902389801225 -0.0994611750035653 0.0949834029516653
0.14778168642645 -0.155227373546692 -0.421415787611883 0.229981544111767
0.061669784799096 0.0676277806122008 0.518147864358096 -0.15036235223068
0.116897696381833 0.00360795727137814 0.146362490123501 -0.192815312197155
0.0384017583726227 -0.0953763275931262 0.0556178031295534 0.0490003945490529
-0.0987283664689897 -0.0685551112206577 0.129504227327992 0.0997378730978335
-0.0974727205242593 0.0219747543674015 0.298949857053003 -0.015539433026904
-0.0504090732361708 0.0675000725196857 0.314598831096727 -0.266167506988747
0.0128716618334422 0.0857569727616293 0.210587333681424 -0.407386187941736
0.0244664449139173 0.106032477916474 0.131443928093367 -0.435254403119217
0.010358604388013 0.113767039072162 0.173892747024598 -0.42298239889766
-0.0681083786507967 0.0941068989823067 0.276931384073853 -0.3003240467936
-0.12614633832038 0.0145097739829532 0.281713855429673 -0.0820266206530418
-0.109398637326005 -0.0996133029460954 0.115818072538971 -0.0201685036093586
0.0705500012824318 -0.136203753786569 0.170741988163912 -0.123353644615661
0.148793173625422 0.013844129966094 0.468057270837122 -0.211421540467689
0.0752183289606606 0.094322730025248 0.818852851853657 0.0760439922865304
0.269457019890319 0.0418030396533369 0.485780344577759 -0.155794372328612
0.266569636271506 -0.113590830979431 0.145090813428455 -0.170061124916518
0.055486702178139 -0.241154509378995 0.0813860113572847 0.0265356800398266
-0.218970714086716 -0.164485934650075 0.113304663120845 0.0726052436411553
-0.259012631479788 0.0205692144454063 0.266474799631467 -0.010412208970299
-0.188996222062185 0.159909712910347 0.281642057893641 -0.216063404146113
-0.0608831272357942 0.241910578125299 0.200301746777392 -0.33152709038758
-0.0300061813907304 0.271074565725322 0.132692572674644 -0.362351638554613
-0.0595881796448318 0.282968828226981 0.148857347809709 -0.349632585901812
-0.232723196005799 0.22693604187748 0.228849959899303 -0.259671100997482
-0.343279902151493 0.0238106308409649 0.222524377446711 -0.0876668035462875
-0.312566588742502 -0.235492805447424 0.0826676170570819 -0.0658849796683733
0.0705145766864764 -0.402972454275786 0.156334068603827 -0.178884617280674
0.38624980403633 -0.183242206851971 0.429834851269454 -0.222317759628582
0.38700936534747 0.0372813468829491 0.726443616377436 0.0504490634044929
0.456732076538455 0.0151644227528116 0.372448045478972 -0.166029447459791
0.408274790612435 -0.239035810970974 0.10096726632756 -0.125824738759139
0.0702485083217437 -0.391368872976235 0.10255532987377 0.0196898134551105
-0.333804885144791 -0.258946327953349 0.106761946450293 0.0376162381028548
-0.408622185674368 0.015577436975483 0.211228400253018 -0.0215387901634988
-0.315514529872584 0.235523947844028 0.20601018446931 -0.149479485470414
-0.132318845955818 0.366259993670189 0.154687471367717 -0.210766605776593
-0.079855980349926 0.395457724038021 0.112848156522682 -0.235700775868088
-0.115742031895049 0.406623968498642 0.103734058298037 -0.219421027017658
-0.351837970682442 0.332923808091412 0.14541787736999 -0.172018790199641
-0.510438207667447 0.0457400169285965 0.123329156588894 -0.0701081546553128
-0.490162623516739 -0.313376341829699 0.0220460674145779 -0.100479597271067
0.0273793217551161 -0.610772697990692 0.108715715392076 -0.221675847329464
0.540643490831038 -0.369880210374402 0.335835499682531 -0.204706480180342
0.625691891075521 -0.0391572532838447 0.535469009753986 0.0401428459383342
0.596022229406088 -0.0191002499538815 0.176998065920275 -0.176121156888131
0.51777553460534 -0.364504268903393 0.00310073714014468 -0.0526842216911328
0.0662882230028756 -0.531824345086412 0.103925759490199 0.0317008644936265
-0.435020948100672 -0.333667554333178 0.0915905914607981 0.00164857782135935
-0.521384909979558 0.0171173157833816 0.122639545696923 -0.0358110069730563
-0.403973782314566 0.287062648761358 0.0903370460117467 -0.0646805237732269
-0.18482809939175 0.443181293063457 0.0815200448810918 -0.0552938206723206
-0.116068405845387 0.460606263467386 0.0764157996347905 -0.0740471564623958
-0.149827936693114 0.464058166177531 0.0475114548436455 -0.0562008266473199
-0.411717030171849 0.383725054980405 0.0446531931078364 -0.0504599064184321
-0.593527826443362 0.0679506275108161 0.000793170189662176 -0.0253516829268265
-0.588386639292889 -0.32956858958569 -0.0552055307595366 -0.113399203399796
-0.0321404156407735 -0.70949304637235 0.0399540530005766 -0.233661445091705
0.592604686566313 -0.487440532512331 0.210383366331983 -0.154624813206377
0.749400361566062 -0.111670758654336 0.281642015593423 0.0513845989819433
0.656912521585376 -0.0546683071558575 -0.081196715731661 -0.177759358277714
0.558182098342555 -0.448928991829737 -0.140207152217753 0.0434243825645032
0.0508047211390095 -0.610749802391715 0.0764334181741258 0.0559060002166856
-0.480369351199566 -0.361888678209668 0.0543251473505222 -0.0322871973758862
-0.556922409146475 0.0186610814548606 0.00282456649203043 -0.0426658422483095
-0.429724407485223 0.299622339358818 -0.0510257385801078 0.0390498438741069
-0.208279328255841 0.455529388354515 -0.00893646965983222 0.114986473306079
-0.133215277906268 0.457366677242434 0.0272944297566348 0.0981656787338133
-0.162680582031463 0.446433371631128 -0.012976526807988 0.113308432119048
-0.408479670369931 0.365137909088764 -0.0569238881410228 0.0820830186129002
-0.574721444823716 0.068263442942261 -0.120884028761108 0.0315796330594617
-0.567200400064813 -0.29431926560786 -0.127137750016636 -0.107896625077594
-0.0646585275943575 -0.668692116275259 -0.0290917164991663 -0.215719418095367
0.545345435132274 -0.49854455682227 0.0808869033163797 -0.0764408582952887
0.742157873969022 -0.157966188336143 0.0146920421867748 0.0803018410836105
0.608653836438715 -0.0863472770975132 -0.361647153235629 -0.165646097999497
0.502324556674236 -0.450887719510437 -0.297716072663594 0.143931451970271
0.0221479423290883 -0.568804553882071 0.0223972549520438 0.0824002930613964
-0.427817338387755 -0.31631936259619 -0.000816092439504215 -0.0545337507939195
-0.485809000700382 0.0165751860948312 -0.126158533187721 -0.0351734041491565
-0.37713438812816 0.259984993280727 -0.18833343198652 0.144726087431511
-0.191899988737437 0.394727884242712 -0.0983691068571965 0.274023783369518
-0.129949480809019 0.382523726260709 -0.0250903109892117 0.256955875294948
-0.156448796138891 0.360659105464906 -0.0720844347211918 0.259769408624413
-0.348946630389105 0.280891276057058 -0.146405500699152 0.194273844186523
-0.459842566907826 0.0385434279347532 -0.218805369561536 0.0750147492293471
-0.431060347192279 -0.227372517394669 -0.17245000119166 -0.098731597660511
-0.0579218562475495 -0.508627357182882 -0.0740818934386506 -0.180424770836055
0.425258415743592 -0.405693041427966 -0.0208242406004377 -0.000463859870637057
0.616316798379782 -0.167376648202977 -0.217224730638118 0.112726292961243
0.453664001411556 -0.104840729585097 -0.611892534464802 -0.14091266488546
0.343061432984478 -0.358949698634819 -0.432662421877712 0.227262159185517
-0.010001693840709 -0.397819468991966 -0.0450740949930279 0.10759471894321
-0.283636101438714 -0.200868052219289 -0.0513453658631425 -0.0550057059740755
-0.31568683045015 0.00811416484637354 -0.2248078734669 -0.0185529884532474
-0.255652723481395 0.169219045636071 -0.288762790226012 0.231392281764147
-0.144712781788772 0.265917477775225 -0.167068427552298 0.391165396072544
-0.108948946826183 0.249914222546781 -0.072244099305216 0.375940308581324
-0.129865169631432 0.22481139625201 -0.122330345293892 0.362920767695628
-0.243490646993857 0.161687390690735 -0.216754626360838 0.263505302150525
-0.284201427653576 0.00243379205174327 -0.281311539395637 0.0888151016644447
-0.237979143625781 -0.141158295500441 -0.182816223059303 -0.095115152408762
-0.0379648420551163 -0.291016829537401 -0.0905225096340025 -0.143183396486223
0.259229094889981 -0.260076728503625 -0.0828954723485603 0.0511812309143447
0.414359415209547 -0.150786045641443 -0.381070971607709 0.135960890254684
0.21062148781701 -0.103447926313354 -0.77817810835413 -0.103468186558209
0.119057491359122 -0.194319888888751 -0.51260794923647 0.281751631329179
-0.0430301665093335 -0.151112603998918 -0.104062281170868 0.138996835379866
-0.08696510423266 -0.0468619995107471 -0.0758741445938787 -0.0296490171239934
-0.094264795464953 -0.00424681973379035 -0.267362435578359 0.00305350279114355
-0.0952733948091341 0.0472775873800245 -0.332162105790598 0.276775077969357
-0.0776693462109275 0.0905114658088001 -0.205963060157951 0.446673208806901
-0.0724440444803261 0.0782551495623238 -0.107045595798877 0.439571171109115
-0.0840796358519516 0.0643271371918866 -0.159920569305991 0.409062513567371
-0.110343007536374 0.0370769747750448 -0.264838840538482 0.284901774014692
-0.0932630529603604 -0.0194031664478156 -0.308427184782588 0.0761007030040921
-0.0549192784349403 -0.0411170418637446 -0.169699590416991 -0.0929338383143748
-0.0342537275353837 -0.0790970898417129 -0.0866458932696896 -0.106162824694973
0.0722650860805534 -0.119401364161363 -0.113440607492574 0.0753815495722167
0.176688798662213 -0.122497849684961 -0.467254438053992 0.143010304666861
0.0622878620004638 0.0665923831685255 0.504163463486107 -0.16348853834448
0.115239891179214 0.000993387262824673 0.136425102744546 -0.194146539068984
0.0347170884836234 -0.0947300984838779 0.0581152769476369 0.0438805035084814
-0.100169239716278 -0.0628261124873345 0.129894307551902 0.0926320753846616
-0.096073004586985 0.0263169803272527 0.293903305509017 -0.0256505890682695
-0.0486072177174783 0.0697549274146187 0.299788474203067 -0.274265744710092
0.0150602808630986 0.0850809993994917 0.19110909584216 -0.408951854184349
0.0287898051288124 0.1036235646482 0.115030896278571 -0.432659138330787
0.0148889427123266 0.111621481425885 0.157678214192049 -0.423086362340314
-0.0638593491872016 0.0963470467874923 0.263185834264705 -0.307547152596057
-0.125733932390137 0.0201285880478389 0.276130300189169 -0.0915786771976443
-0.112580912161954 -0.0943741067742867 0.114188300977757 -0.0227146359583574
0.0647855630304749 -0.138421527793328 0.166421124575202 -0.128414289122244
0.14733401871627 0.0103527134376296 0.45406719493539 -0.223043573760951
0.0753539098900798 0.092531344578222 0.806995004039014 0.0534134149290002
0.266636730899917 0.0361367376728969 0.469351638717669 -0.168849443865384
0.258456884642127 -0.119336787404234 0.135318911366032 -0.171358386473021
0.0486875598724508 -0.2371089231206 0.0835278238931315 0.0195193301318268
-0.220319753314358 -0.152910389835446 0.113085223970844 0.0654470904161928
-0.255020260266297 0.030670042692209 0.260495149106914 -0.0229353473600541
-0.181483220829871 0.165913349008512 0.268070548139707 -0.223264310366443
-0.0512627661737743 0.240242392794446 0.185113163684167 -0.334167966073955
-0.0195020732248658 0.268333450648574 0.117307228142921 -0.361276284702704
-0.0483222617757247 0.280474340882894 0.13561356303768 -0.348935453878962
-0.220656455966646 0.234532576670841 0.214318801832543 -0.266638205340583
-0.341589410739753 0.0365426821734662 0.217457847547819 -0.0961793744252782
-0.316133062185777 -0.219891117726938 0.0787142264426521 -0.0677710017079474
0.0577103035441443 -0.399974312544286 0.150099138359821 -0.182561189721641
0.375853507983863 -0.19274721692084 0.414517007008724 -0.233870197417638
0.379839656558464 0.0285514350611094 0.716541365381243 0.0283686000944111
0.449231974023909 0.00658547203278864 0.356886918000818 -0.176660953753733
0.395052362939723 -0.24695368215814 0.0920585497362884 -0.125502451118051
0.0605197894870526 -0.385037271371928 0.104456839656262 0.0124518627511486
-0.333892186422383 -0.242174966889452 0.106270744815428 0.0314832573448601
-0.400911937413103 0.0302780745725948 0.204040869161134 -0.0330253879532402
-0.301533533410711 0.245406881928868 0.195658790090336 -0.154740974122607
-0.115771695797154 0.364808293046023 0.146008874021234 -0.213023513936517
-0.0644206339361141 0.393035873334479 0.102747843360873 -0.236610811362855
-0.0989184135342148 0.404205012504895 0.09633834212751 -0.219798044280546
-0.334871365969914 0.34225078389636 0.134758752039577 -0.176892763320186
-0.505470850519808 0.0660744559736985 0.119453263640029 -0.0751814387911451
-0.493742320549039 -0.291083044066526 0.017128606163541 -0.101633997930009
0.00837865918899871 -0.6033350797058 0.100229000182254 -0.22252269772809
0.523703051752918 -0.380919374380688 0.324122360064812 -0.214569363928621
0.612397018707264 -0.0526248051114579 0.531008408235283 0.0230790075146715
0.588359656361847 -0.0299395710621263 0.165571392177254 -0.181665527303652
0.499693945746163 -0.375447250148286 -0.00226413923847591 -0.0510268713479227
0.0521861196744535 -0.524626404127968 0.106730503142077 0.0247605200044946
-0.436626104908127 -0.312242979492473 0.090838208364265 -0.00423807602285341
-0.511291456367808 0.0347521758850455 0.115516011174523 -0.0463340864890053
-0.386524620795447 0.299703743663915 0.0847642239718069 -0.0660694750598206
-0.165100708275617 0.442652114257851 0.0801953314581824 -0.0573280618051882
-0.0977646395881662 0.458585838004049 0.0715635104572666 -0.076632382021364
-0.130220581328991 0.462424683704026 0.0465435694497325 -0.0569930586713503
-0.392912145263514 0.395942426036084 0.0392910026143229 -0.0529185178164304
-0.587198155926027 0.0917874452946341 -0.000797241069418358 -0.0266052526821569
-0.591595490627989 -0.30221091636355 -0.0605396900915758 -0.112300790463639
-0.0531403783418084 -0.697651187724264 0.0299353049175061 -0.231805991283949
0.569973287066536 -0.500027243700604 0.201606547553409 -0.160435325586054
0.732325603473343 -0.127546180673894 0.283100004413318 0.0404623913685579
0.646223434605585 -0.0671478271560537 -0.0887060333285497 -0.176741150893611
0.538326200841584 -0.460680062234455 -0.140414188050727 0.048881738865381
0.034348194146291 -0.602780787903283 0.0811330025875735 0.0501023052446872
-0.481817020119626 -0.340077606836929 0.052955534649211 -0.0367188028870385
-0.54775490804248 0.0377131420235583 -0.00465477736019698 -0.0489986926235392
-0.412763348581114 0.31105926160599 -0.0500750826589522 0.0411043589813497
-0.186346256021239 0.456018014734445 -0.00249453937798751 0.114216133850028
-0.114683446974771 0.455156180698439 0.0283334514216731 0.0951214729511157
-0.143880115781431 0.44475741388977 -0.00790421648048583 0.11188616126269
-0.389689245926278 0.377005611956993 -0.056033945655841 0.0821667600564219
-0.565940021504033 0.0894386017946066 -0.119351949185757 0.0347440288055887
-0.567517001930885 -0.268155894375329 -0.132024670762732 -0.104906620921023
-0.0836862482505778 -0.655730102148903 -0.038289916748693 -0.210681827428288
0.524149416968214 -0.508586690248226 0.0759425851871334 -0.0804176095675444
0.723536703882243 -0.172608545180106 0.0222642914919384 0.0765386557607972
0.598965814790288 -0.098144411480887 -0.36512748724394 -0.158100005290419
0.481291405989539 -0.461040806157839 -0.291735482365848 0.153447793912918
0.00781656819503439 -0.560806058505386 0.0279094890374605 0.079684110289687
-0.431008661047336 -0.296815093246321 -0.00149169093246467 -0.057023197969437
-0.476017110341235 0.0328047948747839 -0.130665246365285 -0.0376465204802045
-0.362178845372752 0.269621283940004 -0.181306937110478 0.150941318698495
-0.173090676324981 0.395660998168797 -0.0840350148030597 0.273375079883715
-0.115021146780178 0.381817494111073 -0.0185803518743425 0.252856446505631
-0.141190476327208 0.360522536239148 -0.0606548405264681 0.259064543038694
-0.333571843340868 0.291150783615762 -0.13975240952452 0.197045888439997
-0.451896751450205 0.0558856009705521 -0.214539176089248 0.0820112842242471
-0.430829056002934 -0.206849698284607 -0.176261774448287 -0.0936841632452295
-0.0732231153322898 -0.497028933785881 -0.0826033210982368 -0.1744324486614
0.407022534295184 -0.41279790276723 -0.0203238591917679 -0.00214068283288297
0.600369290221883 -0.178763395400518 -0.204708666087372 0.114680103353579
0.443473354060329 -0.114012893647796 -0.608065532682736 -0.125349240052666
0.326419361644202 -0.36674994059054 -0.420801984272986 0.23849897800736
-0.0205207606689865 -0.393236805495724 -0.0387705536735047 0.108570341742587
-0.284403295190486 -0.188303192856469 -0.051553262498398 -0.0554447243805657
-0.310163326476632 0.0187198278807075 -0.226762766357051 -0.0160952941604546
-0.244338830923023 0.176194797057143 -0.275965943771512 0.239482183180969
-0.1322811969139 0.266099224851703 -0.14768640471496 0.391926817260746
-0.0984852848860287 0.250071140668149 -0.0600486072532387 0.372323549373992
-0.120503590336706 0.22612576664525 -0.107122568248041 0.36254250902061
-0.23442805157298 0.168755895070129 -0.205163381176255 0.267987277530846
-0.280303467614711 0.0126739207710541 -0.275201145514186 0.0994486682333483
-0.236202660352554 -0.128978162465425 -0.18691327368056 -0.0884837448981519
-0.0465309856301385 -0.282008702537259 -0.097451805890172 -0.136078534808015
0.24555196905931 -0.264531156495259 -0.079503241575013 0.0514524987331968
0.403098817610506 -0.159487038491888 -0.364856781530053 0.143004212369308
0.204314431892007 -0.107330257091468 -0.772865814739269 -0.0831783391317025
0.111349946544588 -0.196844254996112 -0.497844282952662 0.293427361273247
-0.0465249881313937 -0.148108842583774 -0.0976123398520276 0.142268846750727
-0.0875588914103887 -0.0440862725345543 -0.0742751407410198 -0.029273216712301
-0.0925368504295191 -0.000802258646755791 -0.266968286233942 0.00888897871339311
-0.0908641557045491 0.0493085898735537 -0.315653294243647 0.286200771898596
-0.0728633152123914 0.0911051812439333 -0.184849563868567 0.447923474517768
-0.0690185692019006 0.0797357306411855 -0.0920642205643881 0.435353433429261
-0.0814170788710316 0.0665001875841244 -0.144170940886705 0.409075032531618
-0.107602717109645 0.0402727419153353 -0.2499216252051 0.291806820961741
-0.0905386320416899 -0.0164036917813548 -0.302476851127455 0.0886532347586819
-0.0526381878143721 -0.0372222814791326 -0.17201511710498 -0.0867364122300042
-0.0366121083616823 -0.0734339065713166 -0.0924643532363702 -0.0994119850639134
0.0667837319078503 -0.121170724574328 -0.108429207569128 0.07680935328525
0.170070854390702 -0.126575031092024 -0.450381399921483 0.154594546284058
0.0623222031509647 0.0664482109789401 0.49262303238679 -0.17032209989768
0.114750636219215 1.06526728640022E-07 0.127709918959201 -0.192574952139659
0.0329662136305761 -0.0923827464314354 0.0593021785012271 0.0395684421733891
-0.0997445615212931 -0.058383717217006 0.129594085069264 0.0872928123803694
-0.0949145475447134 0.0294043875623211 0.289296992119113 -0.0331263574485193
-0.0475115491328672 0.0717737244150823 0.286669510944147 -0.278678167783127
0.0168402051143061 0.0841072465071836 0.177106708035229 -0.409204178366406
0.0316567760795449 0.101340611944806 0.104827589094081 -0.428739707367808
0.0171606688459847 0.110330166729522 0.145517106071216 -0.419670019570182
-0.0605443369303462 0.097294213330502 0.249436692290667 -0.310519610811839
-0.125918762600572 0.0236385681989037 0.270640454989533 -0.0989487893284679
-0.11480002566122 -0.0903037745585884 0.112517996944159 -0.0247221429608779
0.0603309716268302 -0.138469777433941 0.164032829757434 -0.131555646980396
0.146263633006318 0.00829692401512165 0.441042497710135 -0.228855985317403
0.0738830808196519 0.0914658935492813 0.794842170478259 0.039931926916892
0.263074608193051 0.0353883869977165 0.457656418407887 -0.175046897636174
0.252848357687878 -0.122223586592837 0.12663589804169 -0.169428269387873
0.0456193137903459 -0.231745929901605 0.0850999426778809 0.0138584239037311
-0.218302229576414 -0.143222930107747 0.11250680162651 0.0604012811189177
-0.250485438830036 0.0366915963026824 0.254421295649861 -0.0306709331804547
-0.175199427320045 0.169849766378314 0.25745046255889 -0.226737839728373
-0.0446255568174063 0.237689285012162 0.172578246714577 -0.333097571077652
-0.0121587015424064 0.264770991083203 0.108543100866037 -0.358697448176385
-0.0405041772730102 0.277666517525907 0.12658638394934 -0.346515914640148
-0.21152932494382 0.237714228296798 0.202840457047752 -0.268793981567179
-0.3392281759114 0.0456978377902744 0.212516694836265 -0.101996251858953
-0.317760436807477 -0.207328610136412 0.0751539513032107 -0.0700551162875966
0.0484357284019252 -0.396522641223509 0.145500358660438 -0.184106630876282
0.367711975747726 -0.195489472890963 0.403133091036758 -0.239853967280434
0.370902556495464 0.0258593737465517 0.705750247729718 0.0157122290276371
0.444020662152319 0.00314969466137633 0.344698131228063 -0.181693943578332
0.38510898352967 -0.251173541654733 0.0850735759200419 -0.123483244438008
0.0549521705678485 -0.377570816218695 0.106434215509473 0.00563571530840851
-0.331416001888374 -0.228230512674621 0.104756863417775 0.0262875896195365
-0.393709780020573 0.0402883789245652 0.195980553304691 -0.0412450882116072
-0.291395699174235 0.250623738641658 0.187501887702331 -0.15665402818774
-0.10454391203117 0.362478775664248 0.138948047201231 -0.213713082816215
-0.0534620235320481 0.388176121804422 0.0951665051952154 -0.236261215510237
-0.0869473595304684 0.400424828810382 0.0912254381766779 -0.218255299796549
-0.320855885915748 0.346024183481596 0.124782819522456 -0.178926377698857
-0.499464087858857 0.0796629277218722 0.115663579480363 -0.07899195234345
-0.492880430055866 -0.27322228972645 0.0120807862865058 -0.102089266659459
-0.00332505942406067 -0.595184621942528 0.0945112204469189 -0.222693072451857
0.510210300718695 -0.385742700204406 0.313911406179935 -0.219843765323931
0.598559363743372 -0.0577629047656012 0.524973183353141 0.0107006539674897
0.580012341604871 -0.0347875315250254 0.155614572889629 -0.183654971350891
0.484606715800472 -0.379242068406318 -0.00654554637545122 -0.0478858321218243
0.045665145762547 -0.516589716703944 0.109009400811609 0.0181553701348761
-0.432960777794376 -0.296994195215841 0.0889319929369264 -0.00891566381183867
-0.501845744671103 0.0474354268106143 0.106565792827468 -0.0534210171117487
-0.373134432008884 0.305446737610549 0.0806244241900959 -0.0663203536950341
-0.150294688644277 0.4392960943517 0.0791731017421302 -0.0581825112433514
-0.0849891038258359 0.454979792583787 0.0676723904853 -0.077456818874646
-0.116017929139074 0.458192981431522 0.0457202568385849 -0.056819545274306
-0.376266728462635 0.401275393446056 0.0334221001409648 -0.0539495238055895
-0.579222493259232 0.104891848440812 -0.00184116436284695 -0.0274558082203351
-0.589468251024853 -0.281746031208899 -0.0652446116577267 -0.11119936949472
-0.0664191279886723 -0.68667749859309 0.0239087245499231 -0.228883543257746
0.554392146172059 -0.503857577110352 0.193369159681717 -0.164684687734626
0.716568573818585 -0.133306729253959 0.281512863940428 0.0350684990083695
0.636256560113033 -0.0721670820781278 -0.0947778749355058 -0.174598587477119
0.520260752669335 -0.467084785009069 -0.140332421628591 0.0537176136816582
0.0253487442027427 -0.593360489867689 0.0843222386808482 0.044745039896658
-0.480814666719475 -0.323840596280229 0.0517543097704961 -0.0397514514184911
-0.53818698270993 0.0502181806904936 -0.0124633377434579 -0.0544264743352397
-0.397848779024429 0.317502368870362 -0.049246094790059 0.0426652330641091
-0.171461329139571 0.451533549501393 0.00386659279732717 0.112972162721176
-0.102411687061446 0.451487930651791 0.0288697806429932 0.0923262175129273
-0.131099537186372 0.441075527289511 -0.00345805932188292 0.110604873938901
-0.375389461162813 0.381742772664157 -0.0565333043037481 0.0825459662651935
-0.558339503706146 0.102693323777522 -0.117865697953161 0.0367605365600047
-0.562774552424931 -0.248810288598525 -0.13667482823836 -0.101814968530298
-0.0954757788187555 -0.6421768916461 -0.0441903405101365 -0.205689882708064
0.507125533963676 -0.511451693917889 0.0725776752352878 -0.0830825068003894
0.707528290246691 -0.177753319408862 0.0274881755768422 0.072539885139814
0.5903798603629 -0.103171169806322 -0.365821265947614 -0.151713608059186
0.463218886296148 -0.467923006085452 -0.287353514935739 0.158948357981327
-0.00103970444330644 -0.552965214692241 0.0321076948421087 0.0754153418317348
-0.429563099773641 -0.282536702835442 -0.0024895785818204 -0.0587017616633423
-0.469311166485804 0.0423444693272722 -0.13652182477955 -0.0399648675429058
-0.347749413459401 0.273438812035465 -0.175076219374574 0.15498310663963
-0.159987723353239 0.392059119316796 -0.0720004756163862 0.271813704101186
-0.103426100044894 0.379100539924058 -0.014262063575286 0.249576155132552
-0.130483227168548 0.358312288445821 -0.0522491040597573 0.257322296809461
-0.32275007773077 0.296077429183107 -0.135018109972064 0.197588503425778
-0.444960191807511 0.0674633646067032 -0.210428718524163 0.0863005097607125
-0.424546789918523 -0.192999368886618 -0.17921326357157 -0.090326986999633
-0.0811419542920163 -0.483876708040217 -0.0880058581657161 -0.167583326613842
0.392237974923152 -0.415167402259632 -0.0208658117488623 -0.00396084301402344
0.585078098683662 -0.183775456979191 -0.193413237122745 0.114275804102856
0.436531428687437 -0.117837222054646 -0.604387614422639 -0.117138033017149
0.314557144713752 -0.369945878760181 -0.410711723444103 0.244153381852499
-0.0275796023180112 -0.387680565517922 -0.0337191600887804 0.106504704431941
-0.282978612079465 -0.179734132878315 -0.0520024080626841 -0.0558717366585366
-0.304487233399275 0.025173181045211 -0.229310105055711 -0.015175722920942
-0.23594986579375 0.17771980852016 -0.266913500474895 0.244091775689213
-0.122993130740863 0.263567547945917 -0.131826192603128 0.389582018497501
-0.0904163718226843 0.249476299244341 -0.0527808236969838 0.36735200584214
-0.113417221107014 0.224958035624466 -0.0967605972663792 0.358750642890544
-0.226762623529419 0.172480958254031 -0.196476615180123 0.270234480516382
-0.27437632249396 0.0194574884617409 -0.268917891148891 0.105946973068125
-0.232104544343783 -0.119657224920826 -0.188407527300698 -0.0838173025558069
-0.0508803242766345 -0.273283114807438 -0.10243638842695 -0.129569652671617
0.236655634309413 -0.26676087791836 -0.0771508033828182 0.0502763434631049
0.392558824328497 -0.163041884744173 -0.350478567074029 0.145374431858182
0.199763573200246 -0.108211820319147 -0.762691476190855 -0.0717349382022674
0.105509543996654 -0.198885068706979 -0.482398617277742 0.300092594861189
-0.0491606514981301 -0.146026259014983 -0.0920517511327911 0.142634500885389
-0.0867493787205186 -0.0427002034463963 -0.0735799633862792 -0.028878330687294
-0.090628245786737 0.000332841659998908 -0.265743492174897 0.012315527642866
-0.0876115966036261 0.0490671866702041 -0.302661778111527 0.290248655140338
-0.0695266474016149 0.0903029143379255 -0.168429181334184 0.446191225139815
-0.0655595310189479 0.0805740041737737 -0.0814247102597722 0.430278918853424
-0.0788866171126339 0.0673397716726539 -0.131193552232486 0.40592295486573
-0.104595604369887 0.0427883273051207 -0.238361627207925 0.295267577792028
-0.0880203183519207 -0.0144708463165758 -0.295925373453774 0.0966998569529129
-0.0497930944329663 -0.0347543346167066 -0.172943911067966 -0.081083177714266
-0.0376201312497188 -0.0683554319466834 -0.096578281897979 -0.0936026723038102
0.061944134834956 -0.121430844341022 -0.104413184497858 0.0762737913494211
0.165494900620846 -0.128935444794852 -0.434450234879922 0.158923626561904
0.0623177972017645 0.06669403961409 0.48507589236668 -0.172519469066286
0.11543043668972 0.000197284029092818 0.123304502888523 -0.190226044547854
0.034089187125148 -0.0908525885354358 0.0612798373520686 0.0365347038693198
-0.0992544142083324 -0.055658782742525 0.129540384470506 0.0844340113921087
-0.0942241999362081 0.0309501183504426 0.288076407694067 -0.0374466837688542
-0.0474626125541423 0.0744210724639082 0.279805296009676 -0.281550619216881
0.0173663921276156 0.0847905586982678 0.168595569736993 -0.409930909723175
0.0333348667219162 0.100715393092899 0.10061987112824 -0.427672664512969
0.0196532401885787 0.110150411160033 0.140767435427287 -0.41853267726461
-0.0591075905698396 0.0983698061260665 0.242160921177805 -0.312958922196549
-0.126609007887233 0.0269983052039421 0.268628281282558 -0.103328273644686
-0.116056236816845 -0.0880354794243162 0.111124138454501 -0.0256241944553297
0.0592939486036775 -0.13901288616716 0.163636220288377 -0.134348824983727
0.146320768392749 0.00764963455624686 0.435671216429031 -0.232754789286259
0.0726277929252862 0.0934804982430013 0.786763716012088 0.0360116138342761
0.262051902954549 0.0363502334345494 0.450384309323675 -0.176521051886876
0.251375448515067 -0.1221288144685 0.121317829898091 -0.167594753423284
0.0469477886533238 -0.229242222581036 0.0862477191633071 0.00962045226632384
-0.216554028943698 -0.138303421061327 0.11177988510799 0.0578597895769893
-0.248666334897875 0.0408269425947704 0.250474156850932 -0.0355985904384159
-0.172109713889 0.172817787447809 0.250576047224279 -0.229255134361641
-0.0413610418490634 0.238338434735348 0.166293397932329 -0.334504247109553
-0.00827342242093333 0.263410282252869 0.103804429979113 -0.358607621685285
-0.0357343223954165 0.276668866383084 0.122415900385431 -0.345632853636799
-0.206300157957431 0.240631144543139 0.194740826287952 -0.270315353013447
-0.338999365365489 0.0522447258180831 0.210209604363803 -0.106190573451661
-0.318629868060703 -0.201665785183155 0.0726335196188008 -0.0709709841290148
0.0443696387602871 -0.395685179131677 0.144568778232982 -0.186293263296481
0.366708377127529 -0.19639957293334 0.397359752537584 -0.24268446958555
0.367371320120393 0.0285062216433215 0.699390376801745 0.0139209058991713
0.440985833265816 0.00594710182687532 0.338311737873912 -0.181881002641644
0.378126236030607 -0.250789176365089 0.0811356504880666 -0.120931509027979
0.0552841494970493 -0.372514770865232 0.108246579749138 0.000382395997402187
-0.328364386617874 -0.221376249087677 0.103616729140144 0.0237792435432133
-0.389380621368199 0.0445052995530989 0.190521446001817 -0.0468146372894727
-0.287095442132889 0.253892884517045 0.182957291660747 -0.157953382195646
-0.0989845719803863 0.36052143205012 0.136021544072028 -0.214508730362318
-0.0473603713620815 0.385721613178754 0.0919050808757176 -0.236393049863361
-0.0793651946228202 0.398839783348992 0.0890770191845266 -0.218311909538152
-0.314012781814692 0.350915575884824 0.11800817366374 -0.180156357023804
-0.497770374098432 0.0881362153778168 0.113463135856327 -0.0819715172133658
-0.492505674778022 -0.263781714877076 0.00839331874450708 -0.102836172754196
-0.00765767891511718 -0.592230292937079 0.0929422676427994 -0.222763783405177
0.505858521973167 -0.386804721146392 0.309009557789683 -0.223229240621915
0.592164815018519 -0.0542854805052655 0.522000588520649 0.00794320101480079
0.577293848908835 -0.0319452755985973 0.149639284639051 -0.183734290121074
0.477224757096544 -0.38167427509493 -0.00985733313427848 -0.0441812017807979
0.0446180984639966 -0.512021059906015 0.111465364494789 0.0125006537379611
-0.429650921860574 -0.28865075431871 0.0877383944519978 -0.0109299893673451
-0.498689550902362 0.0524413444540639 0.100037282469675 -0.0582982046094105
-0.367056121006678 0.308848911679096 0.0778522491156724 -0.0665633739429725
-0.143525605181052 0.437883244068946 0.0806168729725582 -0.05913179269837
-0.0774241293209081 0.452320853926308 0.0658631612076377 -0.0786353158512331
-0.109402297491108 0.456026539895611 0.0461365816641733 -0.0574007837609756
-0.369305991345366 0.405112082914434 0.028677636304423 -0.0539807311241868
-0.578183038670178 0.114919499253236 -0.00264844800834296 -0.0288875912062454
-0.587573012520179 -0.272393905300034 -0.0701447911047404 -0.111762304342268
-0.0695879779558375 -0.681563328628193 0.0202802762680622 -0.227524126790655
0.547936479020722 -0.506300133754612 0.189342336610284 -0.166685240296348
0.707368865418083 -0.128338964291515 0.283905241486996 0.0302807370050454
0.634155124285502 -0.0692570644033625 -0.100042942820168 -0.174509600745694
0.512036199959323 -0.469092244267218 -0.141552867443682 0.0570463811458316
0.0238594058657669 -0.588897833518594 0.0864745794654143 0.0392210321870779
-0.477922676502885 -0.315373873228957 0.0508396415606829 -0.0417457983123092
-0.533896915506869 0.0563129938071425 -0.0196933552606647 -0.0582635432085535
-0.391533326739119 0.320705405508559 -0.0493712594858084 0.0440625450149214
-0.163761597821749 0.450987981327393 0.00914509518524268 0.111653928158777
-0.0947629331887076 0.449703504104895 0.0284188408161028 0.0920489205786971
-0.123731459799968 0.439534621566577 -0.000989351155509994 0.110062476200169
-0.367631368933151 0.385979015932077 -0.058622305689586 0.0832445725248062
-0.556781057168334 0.112994147800145 -0.117169829898363 0.0372037990958552
-0.558723800683861 -0.237784034906493 -0.141010062516858 -0.101468187359131
-0.100112423476579 -0.637048386350343 -0.0484452272193104 -0.2022691144406
0.503060220625202 -0.514749877886833 0.0691936645101301 -0.0854101341462611
0.698687824414367 -0.174963169556332 0.0323948906998216 0.0686208938693787
0.587153736116642 -0.102013321990174 -0.367651057068118 -0.151792737659505
0.456856159365957 -0.470591008822146 -0.286104238656543 0.162845674196907
-0.00342812503129016 -0.549019796794229 0.0345151167363631 0.0713326642634055
-0.428165495486661 -0.275869727537995 -0.00384300160494443 -0.0603197264901338
-0.46580787543715 0.0474621282194192 -0.143364659825952 -0.0422083722194324
-0.342529117595354 0.2750548918715 -0.171650586495675 0.156331712169263
-0.153679704141177 0.389192277764486 -0.0632514668942923 0.270672614187547
-0.0971432884017233 0.37830021697644 -0.0124417693057678 0.248117511948446
-0.124849340833568 0.355855043235449 -0.0482571557757387 0.255977666623201
-0.315953765122379 0.298269449921047 -0.13413750395543 0.199312578467994
-0.442653276040034 0.0746056557171421 -0.208671070996138 0.0888740678250049
-0.420354888541016 -0.184584122568435 -0.183091968734095 -0.08819015964299
-0.0825752595966225 -0.479138864178114 -0.0924829906517601 -0.164233204981968
0.387430997310994 -0.41615047074202 -0.0220790229230855 -0.0063447575523548
0.577747526256876 -0.180896950928107 -0.186175216282202 0.111369989888311
0.43326787797707 -0.117327027723218 -0.604230507819484 -0.115716844001594
0.308419469559234 -0.372316258531701 -0.407941548395662 0.247670849572371
-0.0293815883391662 -0.385391084537694 -0.0312019768283917 0.104388646948023
-0.283772166428794 -0.175789066297507 -0.0519491673345817 -0.0576730101818271
-0.30265742621254 0.027782791365482 -0.233386296421724 -0.0156121023797538
-0.232264440279139 0.178193908961525 -0.260535843479508 0.245846939517294
-0.118833923534614 0.261849806015129 -0.122138336939372 0.38907785068038
-0.0863414077002943 0.248225320268236 -0.0491567998376961 0.366825518089961
-0.110196708068772 0.223918745305378 -0.0911331031570694 0.358503492121473
-0.222969666976846 0.174491848775592 -0.192709437981863 0.272399940852389
-0.272048385835072 0.0230688403542638 -0.266335639999553 0.109112652611812
-0.228121578444424 -0.115360388234143 -0.191089242706915 -0.0814393655099621
-0.0522671237867519 -0.268467838417544 -0.105838048070158 -0.125953472156943
0.231977680233599 -0.266776164221865 -0.0765127459091312 0.0483259391566554
0.386481214299575 -0.164258714817901 -0.341715779218188 0.144542961692396
0.198490617453028 -0.108542923813039 -0.763253876519316 -0.0719890324483439
0.102272030913106 -0.201176325608596 -0.478722304760946 0.303357248788106
-0.0513159378211684 -0.145172123922777 -0.0896151765051841 0.143017249889832
-0.0872267443703236 -0.0425039305197325 -0.0736198592923826 -0.0307997003276292
-0.0903642114575432 0.000660005778322623 -0.266901730137362 0.0123430233588735
-0.0869855774052768 0.0481117111504445 -0.295876203376616 0.293074930534044
-0.0680361679777061 0.088676689829864 -0.157090194487452 0.44465766670655
-0.0644635469439601 0.0806413590292244 -0.0777731505282553 0.430444581751785
-0.0782447511895674 0.0678544894173353 -0.125758264471194 0.405384379566322
-0.103539842784967 0.0436784845512822 -0.230636896954121 0.298264372056874
-0.0863200030969689 -0.0141620336468081 -0.292403402631593 0.102134646657091
-0.0467737369599665 -0.0337230207492332 -0.174492465188618 -0.0783083518342841
-0.0373447092025704 -0.0643074480721022 -0.0998160887903252 -0.0895077582972284
0.0598480727025928 -0.122142806689898 -0.102495755699486 0.0752303602186383
0.162760710254721 -0.130643880986384 -0.423923691215767 0.159740017318185
0.0628087274138907 0.0688831366022797 0.488775615779937 -0.17593665574471
0.119146877631352 0.000205314384979895 0.122171519982282 -0.191681990975138
0.0370813551298894 -0.0916939498458978 0.0639337500870738 0.0348635781940354
-0.0999519381061091 -0.0550230710297889 0.132244788268511 0.0836729874451704
-0.0953777562780553 0.0329517365859552 0.291510908063159 -0.0424807265505983
-0.0468964322558139 0.0781087987698196 0.279747494605075 -0.289341487266053
0.0195528515746621 0.0873519035816209 0.164779169682321 -0.415337397175348
0.0359356997682222 0.101537235157946 0.0980034371674006 -0.435480589221604
0.0218140645590595 0.111550407380805 0.138062767524766 -0.424243504801456
-0.0587724423582685 0.101080347078256 0.241346370806317 -0.319916945043721
-0.130329599721654 0.030214358509875 0.271190835972993 -0.108464685658449
-0.119287721204609 -0.0876905866844387 0.112850322698776 -0.0270545595195318
0.0587192135708669 -0.141839276266593 0.167592002241632 -0.139038469129501
0.14925505320841 0.00857159998439439 0.439278531281186 -0.238028390272553
0.0730994071056434 0.0981303103224694 0.792980690768406 0.0374442817953108
0.265702729050147 0.0396656767859186 0.453198938594313 -0.180494867820468
0.255236032129208 -0.124026856968857 0.119852449800498 -0.16749290135827
0.0497310741109857 -0.230993840046281 0.089698217882269 0.0057434316069895
-0.218680641140845 -0.136693376669871 0.113399766429619 0.0562277933885718
-0.251422604210519 0.0443773059364548 0.250515323835956 -0.0402147194114433
-0.173090844014868 0.1791114230966 0.250235570168841 -0.234508781114659
-0.0392862529050303 0.242685175739974 0.163278746181881 -0.341064845556982
-0.00492857558868369 0.267284256370936 0.101445968962196 -0.365563240968669
-0.0317821747598989 0.281838681472863 0.122169810065864 -0.352218982431325
-0.206947633567106 0.246740613539484 0.191963245483049 -0.275728906031291
-0.344590648046968 0.0589213224933032 0.210880853498606 -0.111953336818871
-0.324058986788422 -0.200625257726606 0.071642867046127 -0.0730559670420635
0.0435474620490605 -0.401217480152625 0.146368518263849 -0.191357812768714
0.370308706896057 -0.200472825018857 0.400220846490126 -0.248822011804799
0.371174802950071 0.0326082520371895 0.708986692628319 0.0110528104684228
0.448950981031734 0.00847468189834387 0.337949039966135 -0.186086912463256
0.381977007981169 -0.255353187363225 0.0785336902203356 -0.119570806284226
0.0577961615475544 -0.377238842294061 0.11148117549397 -0.00438146137196638
-0.331672821637354 -0.220069475647025 0.105487424467772 0.0217852234380715
-0.395250981969641 0.0492307661916979 0.188378250890105 -0.0514535120021492
-0.288257916714511 0.261854235957471 0.181861310824809 -0.161648399422235
-0.0976222363932231 0.365914260206849 0.136402037975639 -0.219766916531566
-0.0433552973867117 0.392607978145118 0.0905350570327049 -0.240782844668469
-0.0747257744141164 0.404153329178935 0.0891016773699913 -0.222401363216593
-0.314207969537234 0.359068958311796 0.114285964191235 -0.182836132576293
-0.507486952416448 0.097676644773964 0.113653481856013 -0.0862435186053938
-0.499125347585206 -0.262401959925044 0.00466347046981844 -0.105535702323469
-0.0107382872827435 -0.60028452005067 0.092284918551127 -0.227719600901701
0.513754030012315 -0.395863297538405 0.30939544656663 -0.229894711197104
0.599020385694565 -0.0495142457237601 0.529711423322568 0.00576815629753199
0.586722811213059 -0.0295070076759432 0.146098782120787 -0.187203268740584
0.480688520722428 -0.387985109535443 -0.0127983452692337 -0.0407524818800669
0.0463924044199477 -0.516402472712508 0.115097441272617 0.00732130734738754
-0.434331718489149 -0.287820581912297 0.0893607745144927 -0.0133609149385626
-0.505823739575224 0.0574404917281103 0.0950818824414026 -0.0627591257403112
-0.368826577740749 0.316770407080916 0.0771770027894253 -0.067761425790525
-0.14063513746042 0.44444028865826 0.0837051030445188 -0.0622200795346722
-0.0717586012807619 0.459030268654536 0.0645867055519744 -0.0799665141364262
-0.103392150249302 0.463547954797906 0.0468684447453813 -0.0595631190023037
-0.369720044186032 0.415029804971404 0.0243770240762554 -0.0538089467286233
-0.586985980212735 0.126259658457301 -0.00430101603155602 -0.0308707102345603
-0.593996505309669 -0.269144577675892 -0.075628995923329 -0.113569464556253
-0.0736902837199825 -0.690434359077472 0.0181074213890083 -0.230700831603223
0.557040132184032 -0.516603339348884 0.187968579433018 -0.172620648278818
0.715918500063399 -0.125292789244478 0.290170368394782 0.0269747447689617
0.645161781892959 -0.0683751065378001 -0.10580774992671 -0.177370965622869
0.51728143892089 -0.478667078785117 -0.146393693067897 0.0625175051260296
0.0244674524012982 -0.59697048456064 0.0892689422524508 0.0352930287545362
-0.482641414070019 -0.315909376103344 0.0515663966571055 -0.0443061623068872
-0.539988389320685 0.0613117256943552 -0.0270280315185615 -0.0620138939525109
-0.393590478150759 0.328347116136292 -0.0498687812631146 0.0457857022275615
-0.161795339412421 0.457412273361227 0.0149356414466021 0.11163895275142
-0.0904487249847751 0.45604752525593 0.0284525072022059 0.0935118095662335
-0.121392752969208 0.444661749268568 0.00117001089752963 0.110954572453732
-0.368991214764266 0.39591501555023 -0.0625579557707859 0.0867167513211167
-0.564754220471195 0.122446969270442 -0.119397205979268 0.0381538818581335
-0.565983680976211 -0.234988329618015 -0.147434149133299 -0.102379063418891
-0.102951528056621 -0.643157655815626 -0.0522269424651202 -0.204553902794005
0.507494521133837 -0.526461364246655 0.0675426146631137 -0.0883437108899911
0.704567795528629 -0.174504595368743 0.0370674090832268 0.0662186218733797
0.595982790842583 -0.100933541801065 -0.378774818175759 -0.152695613094513
0.459300618121832 -0.480886736642569 -0.291519242230862 0.170191501726024
-0.00558231412435649 -0.557356884532925 0.0364452386528021 0.0690531047848394
-0.435176162203828 -0.276814268609232 -0.00389627977074742 -0.0628837107991778
-0.472536414654242 0.0510992698109245 -0.15169543252263 -0.0447493216195687
-0.34627342499723 0.282201372763218 -0.171991168219993 0.160768399323626
-0.152446217770372 0.396328627414528 -0.0559230592260016 0.273180080045326
-0.0940107238543132 0.383265327134028 -0.0110839634610446 0.252534175566169
-0.123529780158473 0.361611499430872 -0.0454125443770733 0.258942353452314
-0.318104393403251 0.307401586072215 -0.136891694141317 0.204929184408058
-0.44779441443389 0.0825590521665709 -0.210838843282484 0.0922868239415185
-0.423705982987291 -0.182276269500253 -0.190240609217367 -0.0884926826788324
-0.0871132278049258 -0.482214286964893 -0.0978789229579317 -0.163883184910346
0.390622245497081 -0.425242314733853 -0.0244916616037228 -0.00816200248793191
0.582133078965721 -0.182812801898067 -0.18338615114433 0.110162964805524
0.440023378527847 -0.117703146025347 -0.615750338496659 -0.117760253197497
0.308701615787224 -0.381103710079684 -0.413029780826904 0.255992108448548
-0.0334787532801606 -0.389917724676302 -0.0311915189127899 0.104398832629694
-0.289177908831483 -0.177265426462432 -0.0532659962575113 -0.0592981430866035
-0.307222269294901 0.0300119177447955 -0.242167649795567 -0.0163818575504146
-0.23491811630224 0.18185967171407 -0.260314620350686 0.251537826035952
-0.117493385671132 0.265738818445538 -0.11493661949896 0.394102808287753
-0.0846643060558858 0.251424605231534 -0.0467540379144187 0.372917095537331
-0.110025782547789 0.227748354764056 -0.0882400517786034 0.363948301247897
-0.224961603446431 0.179126907587488 -0.193451687530883 0.27949852904146
-0.274602544008014 0.0269284698031117 -0.268355301464472 0.114802151878779
-0.228196105385722 -0.114229963770346 -0.197183033832766 -0.0809089958887967
-0.0540027608296954 -0.268762852617005 -0.111360100322681 -0.124373325199637
0.233477191853339 -0.272041872617726 -0.0781673926411102 0.0473522180356493
0.388727511121724 -0.165133237166189 -0.339637130426029 0.143695848985618
0.200891490157225 -0.110072404293286 -0.773641975929796 -0.0732590792846557
0.100957443670784 -0.205864244351497 -0.484454723334471 0.310832357466719
-0.0548530549738674 -0.146457652774499 -0.0904716976653411 0.14567246930381
-0.0895243813917706 -0.0428472278063614 -0.0751030203920127 -0.0318272710324584
-0.0922318931749562 0.000796520456773415 -0.273986526038409 0.012850179785103
-0.0885800292979263 0.0484421927924996 -0.295355491086785 0.299802350820788
-0.0682155289968499 0.0895475921843604 -0.149700839273213 0.450599006120685
-0.0645169530708614 0.0818863637458539 -0.0743674967074616 0.436331801677506
-0.0793769991494374 0.0693153323879505 -0.123662124448105 0.411112942099345
-0.104417512276649 0.0454785565525639 -0.230453308165446 0.306262992092002
-0.0858732411617209 -0.0145838117971437 -0.294530572160178 0.108190864232131
-0.0458451918123126 -0.033154737710184 -0.178292716854218 -0.0759100939711438
-0.0383622983104571 -0.0624088284178715 -0.104754221830089 -0.0876932372325752
0.0583238240025284 -0.125399359028947 -0.103854066303254 0.0756745228764411
0.163031332440364 -0.135618722660386 -0.423535000839562 0.162228598742077
0.0951807205626958 0.0203465900880621 0.288517120110591 -0.450630128896127
0.0970184287297238 -0.0717521833009884 -0.0176329183338737 -0.232654407731466
-0.0219370497606851 -0.0984695448508908 0.0718652705239271 -0.0183414533358
-0.11089597602145 0.0137699803339912 0.155733265852056 -0.0137046589517637
-0.0572309918160255 0.0838712406859099 0.206789302350319 -0.215214377176929
0.0103645703396498 0.0931882514536932 0.0401463776818867 -0.404543331091053
0.0677537586071152 0.059422708345901 -0.131336805448491 -0.440376270316031
0.0933764233752483 0.0586313887255494 -0.196848246227067 -0.413781982849546
0.0886333241573254 0.0746334311111508 -0.159175321691807 -0.433576100065291
0.0157732053616373 0.119933651981531 -0.00787188193230196 -0.413877897448926
-0.0874100255668354 0.109406844343627 0.150323488415075 -0.260349043355664
-0.155486872685718 0.00227035753753343 0.0758921000654618 -0.092906477695878
-0.0435296590777768 -0.163257424508743 0.0457731542730259 -0.221593874332178
0.133709841718833 -0.0969501886673308 0.200740293496313 -0.476319621752678
0.138800790398705 0.0363913217950357 0.673891027813313 -0.483858763687395
0.249318889225701 -0.121897736843176 0.250915901919303 -0.444355556568873
0.133363393276808 -0.24980231334872 -0.0040486626159699 -0.218257598676385
-0.0933330946996543 -0.220297504322621 0.0680483187457356 -0.0618324058478555
-0.252486206785513 0.0159911347228215 0.117189572511017 -0.0213771572563093
-0.176707418433116 0.186380860169031 0.172495954308186 -0.183892601304677
-0.029746554657075 0.251471849951895 0.0484438399205957 -0.338838369710279
0.117270112714844 0.218993135104032 -0.0826624389130194 -0.378934016320766
0.166280560454689 0.218992867372239 -0.15026181821631 -0.360158489555984
0.152618645310055 0.248215872869475 -0.128671873254434 -0.363693344116261
-0.0111369260810249 0.3345049049028 -0.0206456457814335 -0.346652059697421
-0.246165045098044 0.272781879830141 0.100922037425514 -0.22304356959502
-0.398303571226762 0.0381237065139631 0.0139417223721674 -0.102629938364579
-0.226290890281067 -0.374650205041629 -0.00367436649353219 -0.247223139110147
0.182106739713329 -0.416787806741751 0.165969139175393 -0.454725258728511
0.347518450098668 -0.213341563889207 0.580322370118962 -0.437040587987364
0.384283975623767 -0.253692284743632 0.150877524301568 -0.389574713209867
0.158946818900433 -0.429539539885607 -0.00742986733968685 -0.160386606987907
-0.173080140576118 -0.344026581064877 0.073932661999815 -0.087988959948023
-0.392367960495307 0.0148157519950431 0.0823399166558003 -0.0416509579604512
-0.288941031705094 0.277629168239068 0.112118866780094 -0.149980246060907
-0.0722414844630832 0.387839705424502 0.0382775725298475 -0.233843081623401
0.149358140137871 0.354133119733111 -0.0246979838013625 -0.262135526365349
0.214153318318241 0.345503639497592 -0.0809621875862078 -0.252164361524193
0.195666259549652 0.37865693442921 -0.0742856868730699 -0.239536346316799
-0.0277537712491817 0.496218309763011 -0.0259128894067083 -0.220980489234861
-0.356694940413047 0.410406537865679 0.0400550058053592 -0.139399881981697
-0.582623997905059 0.0959653452236163 -0.0605103550775949 -0.0848796659493835
-0.404036533734869 -0.507733769207979 -0.0697654271158739 -0.238113265962001
0.171077958120912 -0.672278502710393 0.113356957540287 -0.374911958797302
0.482871992605587 -0.430476003319149 0.428170551697282 -0.315249650146359
0.478107958501605 -0.366503178743457 -0.00918138230361904 -0.279647047058575
0.159517050947279 -0.592281950425886 -0.0334393189215754 -0.045670197828351
-0.266167079734512 -0.451730931434537 0.0777307658925143 -0.0827175945611902
-0.513930461171606 0.0205802607169168 0.042364352852939 -0.0587575554568398
-0.372920287692386 0.351383372088727 0.027562280777268 -0.0980119124025353
-0.10374654369804 0.483287970584093 0.0123321879960124 -0.0893334125113677
0.162916192044231 0.442918654856343 0.0352756360923085 -0.0998555554385941
0.23213143810931 0.419195750359677 2.15700543361664E-05 -0.105449391412704
0.209151908438742 0.445288912679281 -0.00505141034354218 -0.0806799918866139
-0.0379309358820891 0.578983724854602 -0.0169505845335895 -0.0586980188370874
-0.402943765806247 0.486123857727829 -0.0187414381021696 -0.0186533908370959
-0.664558718904565 0.152606868518862 -0.131027256793309 -0.0399761562519477
-0.51577698825765 -0.541336728380009 -0.131392748076437 -0.190704138219986
0.126047615033728 -0.801489071486143 0.0552500182831493 -0.247806094889655
0.527434623277462 -0.570416622568862 0.243524825774621 -0.138810121596732
0.503125521514976 -0.430170260394189 -0.210310754014555 -0.11828028688315
0.13479543483361 -0.684736641261645 -0.0783446394441758 0.11770382013539
-0.332388413772638 -0.502057236837409 0.0702503527627607 -0.0441618825930511
-0.571679195020714 0.0282477290439654 -0.0106013938185927 -0.0585846756858813
-0.400004647032051 0.374555890236688 -0.0704092293678352 -0.0195691721276503
-0.115746426202164 0.508000619056238 -0.0181000518202338 0.082820486181706
0.154112545654956 0.465134835560396 0.090861643560313 0.0852592498713754
0.215240381602529 0.427659330999657 0.0802378486122816 0.0576201082959786
0.184079847072958 0.443287147012566 0.0666028949780938 0.0864122426932041
-0.0484735193265323 0.563828451692376 0.00208487791476187 0.111286097115896
-0.386811270183347 0.468776641150241 -0.0674000141033514 0.1101952978041
-0.618683897256332 0.161599695489987 -0.182523886247901 0.0150809531237857
-0.509594124157619 -0.480044647926585 -0.17134310309953 -0.122660622104948
0.079774036933162 -0.7730547972447 0.012066897928036 -0.103172145890874
0.483593727878966 -0.603495071742407 0.0639264774042729 0.0595760357099935
0.441781271821818 -0.429328797112007 -0.418969533041247 0.0742672462799715
0.087406610416446 -0.653538637903051 -0.130153602501532 0.296224105034093
-0.334821816842084 -0.452068211092213 0.0491057936367699 0.0201333959105042
-0.51054433727757 0.0318130704164882 -0.0649489445359695 -0.0397345738167378
-0.349215573550957 0.327109546968778 -0.15992056573388 0.070815830777115
-0.10665918901751 0.44089202187364 -0.0428251913961814 0.250447930608122
0.124544198307566 0.409906194225472 0.135361931842833 0.260869309368427
0.167396451800486 0.370839021469914 0.149823215139932 0.211377238749375
0.129198182268245 0.37543082039028 0.124515476781673 0.237052315132996
-0.0627600906907878 0.457389658172503 0.0180449025508139 0.255098131983269
-0.316542131794617 0.358523608130561 -0.107218475271557 0.211545713679048
-0.466517733276731 0.116727158242297 -0.209019320857081 0.0534560739428092
-0.390398812429616 -0.352176434645525 -0.182533065642965 -0.0610111094692635
0.0486698076296872 -0.60948771577271 -0.0131625109189312 0.0191131105120376
0.368260858020878 -0.530282184007214 -0.0843180997076454 0.233749403993145
0.298904432411071 -0.351473545581933 -0.587386375899076 0.260303038866322
0.0233215126406447 -0.485019602384797 -0.17592645766459 0.447679179337649
-0.259950881057859 -0.29760000502179 0.0221904708186473 0.0972521276278551
-0.335575277894974 0.02775227827313 -0.0961802485834817 -0.00878713748783938
-0.230171890910182 0.210411564179054 -0.212964431891722 0.146529453280936
-0.077513830336685 0.291646766923219 -0.0550127279471195 0.375182655059306
0.0712204924003455 0.283648372659617 0.163748766738996 0.394122637647468
0.0903910267667814 0.25905511109761 0.197442652108295 0.330909543254781
0.0554374812067125 0.259676696788885 0.158405994268451 0.349782691759401
-0.0680411245984513 0.292725101264415 0.0197747913487758 0.351555642488699
-0.209096670310948 0.200470614784014 -0.139769718371981 0.26549971572748
-0.260862332786131 0.0493143810308951 -0.210941384926739 0.0633089924904093
-0.221952374203963 -0.19053199729768 -0.16897098971081 -0.0217065941412676
0.0147728670370853 -0.3777807207992 -0.0246446533509046 0.0956364847079778
0.213377774187946 -0.388317917830326 -0.185433007479269 0.354727221629673
0.10147596854125 -0.206747222821373 -0.685911694870044 0.409122972194726
-0.0400243699979399 -0.221752596101711 -0.200047227029449 0.546307402331806
-0.132629720600243 -0.0835628540796195 0.00934725290110738 0.175314347552432
-0.098330986956676 0.0189450694004037 -0.0869356104325799 0.0225948037290013
-0.0740701900199315 0.0570041678156026 -0.216705766009929 0.184734091280001
-0.0413718010625367 0.0934610244705749 -0.0517678980578511 0.428467550799655
0.00240117104446873 0.112610006445848 0.167648827973756 0.46161187788974
-0.000744100885669521 0.107850115039339 0.214477616319475 0.400691109060599
-0.0201666528061602 0.110343414918426 0.162908301224192 0.411633288003813
-0.055394462031803 0.106019235384395 0.00693120966046438 0.396225384372811
-0.0804250264621066 0.0434289809788037 -0.164669265015654 0.276361541860453
-0.0582833933284987 0.000829078584419021 -0.192916588036235 0.0535238519052568
-0.0732515522936597 -0.024852183650673 -0.140981371561433 0.00110399652945242
-0.0354261683514494 -0.140843224427848 -0.0310270525280929 0.130553116040993
0.0395521474861668 -0.218523101974707 -0.238193280057837 0.414559660588861
0.100730284443605 0.0183656583719145 0.276195258047455 -0.478146923776465
0.0989359608892099 -0.0798403565084184 -0.0288992244632255 -0.237178321855033
-0.0251929784090791 -0.103934814255801 0.0736688445530251 -0.0265475235773396
-0.113071563221775 0.0182012247948821 0.160019617478889 -0.0231290063897627
-0.0544580366294596 0.08971217157928 0.20200721465748 -0.235065014349892
0.0175860852233913 0.0964759461980616 0.0177748569567446 -0.418749321309548
0.0748735918834393 0.0578228225248889 -0.160268627422938 -0.447602233662443
0.100965069335055 0.0551522226724285 -0.224802235859971 -0.418636967333324
0.0974119155863862 0.0721462150392402 -0.186107749089756 -0.441411855438042
0.0231382582606439 0.12395561934366 -0.0293197054323767 -0.426172595678431
-0.08422746354668 0.120366542150145 0.141654005183722 -0.277753318826202
-0.16096578325309 0.0100664653357527 0.0737648314278775 -0.0981397623023612
-0.053097564320017 -0.167494966124067 0.0374311880155648 -0.235701218859619
0.136377987654785 -0.105941944195829 0.183223309861553 -0.501881042996114
0.148440977865682 0.0340106455841087 0.675845775037855 -0.525097507154841
0.255904735029374 -0.135075919052279 0.239701640630668 -0.468491967645027
0.129217598376593 -0.264714579334934 -0.0135284569311816 -0.2217007483555
-0.103800681208729 -0.227077055506368 0.0664921007192813 -0.0719419440128087
-0.258723086429433 0.0270095309157527 0.119367409514298 -0.0293634003045253
-0.172877531581337 0.201779565529428 0.166826526809335 -0.199153971879207
-0.0160195177981437 0.263440659351402 0.0324457009130593 -0.351565097213741
0.134692215789037 0.220427482661292 -0.105004990343404 -0.38792501126329
0.184319732714387 0.216611985006325 -0.174051000770119 -0.365130596381598
0.171429836070115 0.248009275792282 -0.15081938150815 -0.370903137321515
0.00572280536536107 0.348549597470931 -0.0402976748717638 -0.354639938661407
-0.24053699216928 0.29825400646873 0.0912966232732604 -0.236584265392105
-0.409692703474914 0.058956500110181 0.0074455981674379 -0.104707234324708
-0.252507985124119 -0.378143177793048 -0.0159701823396326 -0.258808496588721
0.170930491658821 -0.440545467149815 0.150341535119645 -0.476604528260852
0.355480739106025 -0.23154588974634 0.579209223902189 -0.476265976987942
0.392647967832928 -0.279031284073359 0.137860638258914 -0.407149006817166
0.145534994161147 -0.451229641853715 -0.0130803269152288 -0.160295599739056
-0.191677449285067 -0.350800371236051 0.0703518050137428 -0.0993684345459298
-0.401657154785816 0.0315084407858766 0.083412246691935 -0.0487842976772434
-0.285006904336402 0.302620357617489 0.105176573086636 -0.159928313574873
-0.0529233300158172 0.407237538874959 0.0274565273246558 -0.2427625942629
0.173864747995114 0.358630735490714 -0.0386860576828295 -0.271882482971954
0.240057184465546 0.347203960327115 -0.0967276255388822 -0.256053790655333
0.223251866948005 0.379431241263535 -0.0892499330706257 -0.244861383495194
-0.00224152586976845 0.517082623372354 -0.0385283827312325 -0.223801052192983
-0.346341898985157 0.445645048458965 0.0317536973222211 -0.146065812387202
-0.596221192462781 0.127964082243061 -0.0696612957896909 -0.0823419412011964
-0.440886137192424 -0.50936075326706 -0.0843242964782259 -0.243998876290848
0.148359122971421 -0.705286852950845 0.0965889351520947 -0.393225515516502
0.487018473837838 -0.462069956008107 0.427232318812451 -0.346457328553746
0.48616509169064 -0.399450488222875 -0.0226815547281089 -0.286304120201707
0.140744896861331 -0.620314501186979 -0.034043173201558 -0.0401768233816665
-0.292937900198546 -0.45813756292541 0.0743655241329484 -0.0933597694144197
-0.530173590304034 0.0430129484519104 0.0411230764639563 -0.06467647603143
-0.368523882239066 0.381377099499511 0.0189130584066554 -0.10112708393695
-0.0812797487705767 0.50769873687652 0.00875994148545088 -0.092108856801823
0.190000705474779 0.448601536737372 0.031759098111548 -0.109025730032055
0.262478162293787 0.42160951845618 -0.00546136348637347 -0.108001710689598
0.238444318860542 0.448926564147921 -0.00997888894833746 -0.0836436109928942
-0.00884084724877926 0.603752998245203 -0.0211841388931778 -0.0546000345289915
-0.392286110333913 0.525638770589769 -0.0232071105809336 -0.0184025692624117
-0.678616749038475 0.187166870585641 -0.141248821530675 -0.0312595706905267
-0.558278860396942 -0.538144529497938 -0.146704743324944 -0.190491433059452
0.0950089862230637 -0.836774515008762 0.0429885487745079 -0.257798543162809
0.526672291907907 -0.607303409393361 0.244416547676609 -0.156086028360868
0.508594727881613 -0.467499240621168 -0.224728468382607 -0.110216472878873
0.107684787226892 -0.714953149300137 -0.0714041817985537 0.13122768527319
-0.365816175965628 -0.507491217066051 0.0693469892344169 -0.0521604522128072
-0.589594285124903 0.05334977665238 -0.0132182370220507 -0.061833860750757
-0.397339207519728 0.409544111208228 -0.0795778814058083 -0.0150231607397777
-0.0949682868644026 0.534060931904869 -0.0142958925588303 0.0871275412297425
0.183283046631741 0.471605642094986 0.0992687767855764 0.0777529241151784
0.244882612077469 0.431032357209068 0.0861967740425475 0.056316917822553
0.213045650615835 0.44720691055781 0.0727727892960945 0.0861929999165714
-0.0217183062902245 0.586709628038242 0.00718521442592765 0.120724156885967
-0.375293679472996 0.505836700716942 -0.0665838084352835 0.117683760341825
-0.629884885724488 0.195171894835026 -0.192277790466133 0.0277420482029605
-0.549152956156044 -0.476379462074887 -0.185932048517486 -0.115699714815766
0.0484173338465881 -0.806461336176508 0.00436651287051919 -0.105175332251619
0.478988753435818 -0.638796210058743 0.0671805511963355 0.0540043612205096
0.44349840853057 -0.464420612076955 -0.431649356913476 0.0967250836413047
0.059772226023858 -0.680338215683268 -0.117232889368382 0.317539877582592
-0.365307162711669 -0.453312717424743 0.0501091314171182 0.0165662655456529
-0.527822668048036 0.0561461385821864 -0.0694074046708504 -0.0393908296191101
-0.347701709254982 0.357049727017545 -0.167457133587703 0.08365936653056
-0.0890855255184209 0.463808082185482 -0.0314826051328368 0.261288980119361
0.149226474495341 0.415939072007318 0.154524643326328 0.256907872163214
0.190294225153009 0.374627997585968 0.165986490686845 0.212258893299633
0.152481514207792 0.381348667651706 0.140608567066967 0.238963439450073
-0.0413302611877633 0.478010585584162 0.0324539571567143 0.267297801253849
-0.309889380634332 0.388412753370588 -0.101203354701069 0.224947797831026
-0.473577432931222 0.140455264278964 -0.217100292669885 0.0682994451261298
-0.417733993680276 -0.34701808585717 -0.193511216348679 -0.0504932244684613
0.0199752708518915 -0.635140298106428 -0.0150624755550736 0.0218534131787125
0.362256533701359 -0.560501815548759 -0.0778157141888572 0.239048925104038
0.298616683891842 -0.378826599483452 -0.598876307637246 0.296744557979289
0.000717112638194322 -0.502194574193406 -0.158341683889786 0.474236005015444
-0.280678131158286 -0.296484979546679 0.0268409109335894 0.099055562378766
-0.346907697450119 0.0454371396952936 -0.100374277077595 -0.00479672126213627
-0.229092656419492 0.231236495754468 -0.217583335040177 0.163882168416025
-0.0674961752501642 0.307872313078112 -0.0375821883470944 0.390508006916703
0.0874125459510865 0.289694751867458 0.188702168740873 0.39381057629085
0.105654428369819 0.262417704905265 0.221516879464014 0.333251704842235
0.0687119167760551 0.265603402772623 0.180674733496241 0.35325730382377
-0.0559259927870522 0.307523615192345 0.0401108681416763 0.365047543308719
-0.206509635699549 0.216570961580765 -0.131278081999011 0.282897581434688
-0.265112243192201 0.0612291410732431 -0.216650311071122 0.077107737136268
-0.235335743858707 -0.185035511686333 -0.177443106666683 -0.00904041245875017
-0.00415178283633057 -0.392338085767487 -0.021898419238173 0.100458466562029
0.204949245934112 -0.408693938896678 -0.176246463617585 0.368283649093321
0.0970596715169234 -0.218992385835652 -0.694178828759063 0.452838870981555
-0.0535381077262227 -0.22754326414066 -0.179823219442531 0.574914401634492
-0.141200581437595 -0.0789084175221016 0.0175529299945158 0.182509165949681
-0.10129712119837 0.0251658414045288 -0.0895079610551661 0.0278711660380966
-0.0748837713116473 0.0639185028412851 -0.218413042484777 0.20339498800483
-0.0398901054760043 0.099755724617046 -0.0331179091467006 0.444851067167107
0.0073187486588157 0.116165180678833 0.196488257871722 0.464890147565895
0.00336999038915617 0.111788316136364 0.242511047872576 0.403181431553303
-0.0166418877510966 0.11596028183044 0.189200693792508 0.418000732890545
-0.0513654049738965 0.112611267893441 0.0289533053060388 0.41045007186174
-0.0816588349294356 0.0475496032049568 -0.155880070562903 0.294750240944559
-0.0587498062587432 0.00198290555862493 -0.197823733161339 0.0658413983876614
-0.0744748218604956 -0.0198623067818443 -0.146497320711667 0.0136049852071113
-0.0456622660112843 -0.143523773093563 -0.0267318160342999 0.136135738180514
0.0287668097473291 -0.226995801318833 -0.226820454566599 0.432844442006311
0.106173486207124 0.0139357289867489 0.248745986483667 -0.503126619424579
0.0973205900674015 -0.0900486482941971 -0.0456252809234205 -0.235221915475548
-0.0324832299660327 -0.10735804840602 0.0723447601872625 -0.0359943925152078
-0.113713747342343 0.0252807775956827 0.159790444402004 -0.0366616134738126
-0.0490984579192235 0.0950006390203732 0.185743612467804 -0.25469356685938
0.0269231749007948 0.0969356221523082 -0.0125850559221853 -0.425679630569501
0.0815149318988298 0.0535015953842868 -0.194271531914459 -0.441234901108476
0.107628469087463 0.0471261746417815 -0.2578273201713 -0.408907876290642
0.105223942532118 0.0644442898710863 -0.222306492708721 -0.434395779243892
0.0331569752980359 0.125533462930513 -0.0606443004731598 -0.429722518769598
-0.0753629919428455 0.130791252673946 0.123187035576635 -0.292459415763918
-0.163008412349176 0.0224720998851604 0.0678659903181218 -0.103476351201497
-0.0653523741854182 -0.167644296214268 0.0201708959989457 -0.24665629782436
0.13385464885791 -0.117581457180484 0.148738317028137 -0.522674892098904
0.156701092379564 0.0267492295065888 0.655363160900767 -0.574964341914809
0.255243601215128 -0.153670525415013 0.211498866462647 -0.490785015695588
0.114333063822808 -0.278838549444826 -0.0269740400483649 -0.219749734018205
-0.118900985028692 -0.228138198014402 0.060737314146545 -0.0826583282000134
-0.260077753342236 0.0429157523831174 0.118510258374146 -0.0401830959763619
-0.160547138949787 0.217371841498431 0.152735341853119 -0.214809943142312
0.00528534910159998 0.269287073181808 0.00726397015606583 -0.359118490444323
0.153406071171137 0.213581444458894 -0.134574601506392 -0.386711718381826
0.20363658640205 0.206269593624812 -0.20183642819302 -0.357626188959306
0.193665363548569 0.236523281350299 -0.181230699315197 -0.366025487263291
0.0325334609706826 0.354966709358923 -0.0665124020886704 -0.354257649048795
-0.22130755260208 0.322766895188687 0.0740618995618842 -0.246479021861087
-0.411634078814112 0.0885424048516556 -0.00084793942555413 -0.10478081358664
-0.282083191628159 -0.369836407121481 -0.0353599516754056 -0.265142001325744
0.14608927839233 -0.460931742885737 0.117652283552899 -0.491328805048332
0.35223072359995 -0.255233959187643 0.561709383675926 -0.519552811504699
0.384982837963552 -0.310141368752256 0.112689034150991 -0.418800175824949
0.119132043032863 -0.468408916077812 -0.0210001191380479 -0.156847218771731
-0.217255656954089 -0.349081345784708 0.0623336527246149 -0.110409803827553
-0.406003474953498 0.0574837822974689 0.0806045808877815 -0.0577019436915426
-0.26770647440888 0.327737556050717 0.0912918060768537 -0.169869012035624
-0.0231728931767662 0.419091744224821 0.0104494503667231 -0.247776041611739
0.202771088935343 0.350559048946804 -0.05879870895046 -0.275969906000688
0.26976471848961 0.332743695834101 -0.116241701091248 -0.252280262854609
0.254995968525052 0.367136378290057 -0.109230005352051 -0.24219674466284
0.0362264692989399 0.527210061561678 -0.0556195431488175 -0.219845207862557
-0.31939445352975 0.480501013833273 0.0191897161797238 -0.150591046480355
-0.596208068852323 0.170536986573957 -0.0793488021241888 -0.0753887968768155
-0.482944078783192 -0.488444949285151 -0.104376710886489 -0.243783504558077
0.104908868032348 -0.730106915139271 0.069765706742867 -0.404559119093663
0.474046549132 -0.496709710762612 0.411002138314686 -0.38157457675725
0.473081358462652 -0.438079376732913 -0.0423590692923157 -0.28549972321524
0.0994983414559129 -0.639393328404228 -0.0323084690770676 -0.0331666116600677
-0.325256698704413 -0.449567984565686 0.0669788119099142 -0.104497865773708
-0.533953745572161 0.0785527923291604 0.0380972861286956 -0.070579159649258
-0.346839650720202 0.414544645057171 0.00758595357097975 -0.103646743947966
-0.0450190476796373 0.524141549331947 0.00230579638819035 -0.0932442731624033
0.227556149718974 0.440771731463142 0.0238619700659839 -0.117627033467663
0.297897525274459 0.407722885174304 -0.0122031607291453 -0.1077817138937
0.275536952648835 0.435223039744066 -0.0168512748939753 -0.0835446815141849
0.0371295299729507 0.616302126659593 -0.024441272114288 -0.0487886986356013
-0.360295623262802 0.565468571197203 -0.0271309408809296 -0.0166450288828332
-0.675278977444546 0.236085135947813 -0.149253397000725 -0.0183263869268088
-0.603669664482869 -0.512316090485853 -0.164159740976239 -0.181510291467158
0.0429655360950417 -0.860499338233515 0.0234675610357942 -0.262848445572898
0.506731627939569 -0.647315762343437 0.235410266918376 -0.178842864114149
0.492436216371593 -0.510778451687494 -0.235478635518091 -0.0944259966624691
0.0619992700022795 -0.734472231012487 -0.0579713724191387 0.14271178281463
-0.403910335486323 -0.493918713474026 0.0645551957232199 -0.0607952199020249
-0.595343565664717 0.0948161207423521 -0.0170266087111999 -0.0640054964478829
-0.3742620220031 0.444051682338494 -0.0874949471529478 -0.00791650166289985
-0.0571118884545425 0.552176603698374 -0.00780814886423789 0.0898583150656821
0.219708797925681 0.464706052351504 0.105497093174583 0.0660020171366236
0.279928358258929 0.419177807486177 0.092844348629928 0.0532313033231958
0.249215652988414 0.436607421277142 0.0796958629820175 0.0834480574667445
0.0213442665055163 0.599903768947054 0.0184156311900898 0.126843596443053
-0.343871765886252 0.54241949750398 -0.061067296956282 0.125517089145717
-0.624358283857674 0.239642230329027 -0.19706370860647 0.0457267033523271
-0.588565775573556 -0.44680438932306 -0.19804252183775 -0.10053126071687
-0.00633354725436451 -0.825241691216125 -0.0041718216006373 -0.104733903641104
0.452027357634992 -0.675657395804792 0.0697984395735801 0.045295163150611
0.423152275276396 -0.505132851177816 -0.43274508908918 0.129433474534127
0.0127695257725193 -0.695185112358077 -0.0916454470478125 0.333376311169107
-0.400335633032303 -0.438653495123709 0.0511098849388641 0.0120939466623757
-0.531427980351857 0.094327588189773 -0.0722484632999223 -0.0361610992629188
-0.328888496802368 0.390052039654713 -0.168972268664853 0.0991442180377812
-0.0566404139669062 0.47949078002893 -0.0131190955692311 0.268254187390046
0.18037221151867 0.411073445618413 0.175187945729323 0.243176016590607
0.219271872928101 0.36651851926013 0.184319075233961 0.204660407867666
0.180671434213394 0.375275635569401 0.160053125932113 0.233888450087003
-0.00684511212778932 0.491710654936244 0.054548677422056 0.27339906970912
-0.28670173969002 0.416628870068779 -0.0878030677682465 0.236806467893055
-0.468842558540593 0.173757488906644 -0.218861531033503 0.0882920478286138
-0.444173344626922 -0.323738135198975 -0.201487190929076 -0.032002163922753
-0.0250526774317622 -0.646993115712493 -0.0142494221831101 0.0246356079979286
0.335327188762987 -0.588957996792902 -0.0650251936085586 0.241735356737931
0.280296047322879 -0.407650975980566 -0.590973263885862 0.341504643925216
-0.0347387919076583 -0.511519806453183 -0.124608370932545 0.494851433656276
-0.305614692410711 -0.281026934384343 0.0338361969864269 0.0992438549539134
-0.349363735327971 0.0721418159668915 -0.102339678725774 0.0017174396457792
-0.216707523822213 0.252680750421982 -0.213843735019142 0.184878305215734
-0.0464715474550513 0.31951286194973 -0.0101384738462995 0.398774978088613
0.108310718155314 0.286892227604234 0.219444477979951 0.380498410007519
0.124766342854696 0.258695044662212 0.247887201599913 0.323121623302981
0.0872772606161959 0.264180181586537 0.21084002975493 0.347762148835734
-0.0344485727087083 0.317659165917329 0.0705617035071495 0.370719791988205
-0.194879138009907 0.234142602763856 -0.113195635734578 0.297595443931806
-0.262543913559342 0.0778039095627607 -0.215796195622169 0.0964532935382705
-0.248816899585471 -0.171122306146463 -0.181182755055516 0.00898028837710396
-0.0335624040732874 -0.398475074150658 -0.0158976722169514 0.104031767944444
0.181069478455616 -0.424912799153971 -0.155088877324667 0.3790824549811
0.0839366309966913 -0.230740729161854 -0.679675402688007 0.505237477251337
-0.0725435589707965 -0.227707069744117 -0.141060665198687 0.59683909735274
-0.148454809709776 -0.0688305374992413 0.0319165623446889 0.186706921769997
-0.100794675049986 0.0345578685637842 -0.0896066530914352 0.034604567676717
-0.0717482148476417 0.0712140574997208 -0.211178703903439 0.223182369454599
-0.0343096905809305 0.105559777895519 -0.00130244031337153 0.454431430194661
0.0139539277780342 0.117170528371114 0.233928264018825 0.454310172837161
0.0101182667977222 0.11323984240573 0.274759224660522 0.391607434834455
-0.00964954670573808 0.119442794483634 0.222751623258464 0.411513687939638
-0.044894956071591 0.117322059289181 0.0613202171583669 0.415223566128568
-0.0810484930911642 0.0519744561544953 -0.135757828759287 0.311294935920887
-0.0574968303109695 0.00414976483285761 -0.196176926155065 0.0818099292070063
-0.074241739135328 -0.013215174344439 -0.147756606316732 0.0295406098548575
-0.0593699362823733 -0.142004463524711 -0.0172871484639039 0.13917207158202
0.0112092937192669 -0.230830313494581 -0.200471363443404 0.449217516535481
0.108820387476619 0.007359798988333 0.211848837428081 -0.511867662031932
0.0920400597679427 -0.0985472356556335 -0.0599133222287814 -0.225539287975937
-0.0392772123126129 -0.10773795040494 0.0672276177178776 -0.0452258440153015
-0.111675095334894 0.0321368535061147 0.153447312558461 -0.0492257949238135
-0.0419750229427575 0.0975240451219939 0.162646761247177 -0.266845346823094
0.0353807134728346 0.0940052766678321 -0.0442107778318501 -0.421340704503462
0.0859962003373339 0.0461967484663325 -0.224589970607158 -0.420509586953005
0.111176730573182 0.0376801938764374 -0.284921332127842 -0.386404506585457
0.109693219785719 0.0544777358822189 -0.251368786031046 -0.414859451834371
0.0438624277599196 0.122544367627613 -0.0912030050837678 -0.419274167267281
-0.0638712609879599 0.136983509933155 0.100057803033228 -0.298214503036906
-0.15976523948235 0.034403668074256 0.0602946973158916 -0.105666648124355
-0.0763601003048644 -0.163005555278761 0.000167610653935334 -0.249941968243522
0.127158184791541 -0.126582312070615 0.110288538222557 -0.526190760374704
0.16040904044851 0.0169601291993287 0.612679369021213 -0.608744555496279
0.246179347102672 -0.169271155955738 0.176097447307032 -0.49456017235296
0.0957495172564092 -0.286032739904713 -0.0390716825753281 -0.21113751829122
-0.132521499505843 -0.22189730937727 0.0519090454947875 -0.090288498912233
-0.254360727171784 0.0592598824354531 0.113232778254476 -0.0500395561349639
-0.143719915484003 0.226778936649035 0.132080039626291 -0.224365189567678
0.0259976738137194 0.266225093614776 -0.0195136880731043 -0.355550217965265
0.168520846544045 0.198818974922148 -0.162044405128908 -0.373804487969802
0.2174068193919 0.187236544021372 -0.225387083784489 -0.33824963292837
0.209217755120034 0.218096153137967 -0.205884830600491 -0.349258209277791
0.0588502323353816 0.349947263208846 -0.0910556233845076 -0.343269971861164
-0.194910525270932 0.337706565657084 0.0529498827127572 -0.249589418123951
-0.401003461559082 0.115029327094115 -0.00973556736613811 -0.100479118943267
-0.304675000126886 -0.349157673568195 -0.0562065661489975 -0.263269938106271
0.115326244739128 -0.468414972197791 0.0816258655786846 -0.494063508310231
0.339086125257512 -0.274534500263226 0.520419216265682 -0.550851327566632
0.365558422190323 -0.333248767422034 0.0844820394678077 -0.4187681155913
0.0871558545055064 -0.472988580035864 -0.02670660065933 -0.148707827797575
-0.235670584821269 -0.334766861166023 0.0508106273937212 -0.117446688748754
-0.396303172045888 0.08276739513973 0.0755271607070318 -0.0655341629568101
-0.241002620631668 0.344065334832734 0.0745674559296456 -0.174144686574201
0.00993696673464518 0.416704845198057 -0.00762759594729902 -0.246239331799865
0.227619007894979 0.330249562751074 -0.0798724693113668 -0.271204135667412
0.293040960128582 0.307901116321816 -0.131968890969374 -0.240218379978844
0.279248226237539 0.343200901058476 -0.125695228826533 -0.230827801125999
0.075423205972185 0.521480593307057 -0.0696259982932932 -0.210114106072436
-0.281414733530199 0.500762770109666 0.00554348466785677 -0.149998796569497
-0.577625133105767 0.209211490358419 -0.0860318653021203 -0.0646351650548913
-0.511046453585523 -0.455541924547122 -0.122959233899292 -0.234171994036328
0.0569544516016821 -0.732086266689448 0.039803576780663 -0.402132217857
0.445556156351722 -0.521891498152604 0.380966780580959 -0.403914966420896
0.442147792654799 -0.467469365082548 -0.0600907230542657 -0.276505906293708
0.056960832296256 -0.640764583478686 -0.0281796834293558 -0.0265349646337246
-0.351514539176042 -0.42783599035016 0.0562576097062518 -0.111687180938881
-0.522576009220827 0.113423809201708 0.0332972571466301 -0.0758145028077904
-0.314469911104007 0.437047217257066 -0.00512088654692825 -0.101380327792984
-0.00461165315695811 0.524071189754172 -0.00446699535839724 -0.0929680357842602
0.255848099485544 0.417876727955761 0.0129629140415234 -0.122285167516052
0.325065450209831 0.379710083851579 -0.0188804022491858 -0.104687494408584
0.302234767750277 0.407783907027355 -0.0228961536811688 -0.0800348519251282
0.0814455694046587 0.608106943567925 -0.025268791923997 -0.0414471039509768
-0.31546517963826 0.587903119508632 -0.03069796384935 -0.0134822346916511
-0.651388979565927 0.278721950384203 -0.151445507348035 -0.00190068433635382
-0.633277066102908 -0.467450851522276 -0.176620429603853 -0.166631179641344
-0.0163831928157027 -0.857372336029156 0.00385730371379874 -0.258691898370199
0.468408750276465 -0.672626217087522 0.219281170677814 -0.193851966249658
0.457473303908483 -0.541623054194728 -0.238640732791724 -0.0748375588211518
0.010774720894378 -0.731366557865214 -0.0412317734675616 0.148425512336136
-0.43262076027684 -0.466238438255023 0.0572699645109581 -0.0670834639531172
-0.581336555203491 0.134053961494985 -0.0200974216532403 -0.0645090912823629
-0.338685020584617 0.469815612808475 -0.0920461161878567 0.000526993142453623
-0.0157378659655723 0.553064418015171 -0.00131795654011482 0.0897336811671803
0.250424240463031 0.44292734589583 0.107182466497033 0.0522246047563969
0.307075366179103 0.392987125896386 0.0968392488303027 0.0468821956683516
0.27528329225811 0.41220403803342 0.0851728960913354 0.0787261410863278
0.0651322196868833 0.594579651031537 0.0305392095355872 0.129025183091194
-0.30277998467319 0.563049348580015 -0.0537713335205346 0.130042512012501
-0.601370181541421 0.27893680283454 -0.194226225909572 0.0647134190360689
-0.613670650240784 -0.403504183567865 -0.204104664840117 -0.0823227010240433
-0.0612439208899462 -0.817236021057901 -0.013042868228289 -0.10157403611291
0.412618368359351 -0.69827894303435 0.0681499294899929 0.0371238383516809
0.390058631869496 -0.53260745374136 -0.420732453714824 0.158449910880073
-0.0353980097145905 -0.690075348980147 -0.0619270959333449 0.338462983542285
-0.425931031171041 -0.408748960510482 0.0498465018282008 0.00727144597812886
-0.519426014399949 0.130391681956546 -0.0726311456848925 -0.0326230263537928
-0.297501791151051 0.410193288347473 -0.165003266860888 0.112518396918301
-0.0202935878620675 0.482821244642876 0.00636301846296375 0.266675815599801
0.206914204525803 0.393300024369092 0.187442544966929 0.221433754755115
0.2430351328305 0.345462438335626 0.198387457201303 0.19009919593813
0.203559891728387 0.357147263284958 0.175542571946502 0.221815788978546
0.0297967653933748 0.487900855820832 0.0782300971197536 0.270968222863853
-0.254123447333009 0.432304106948959 -0.0708849213105603 0.242544150967448
-0.45087672373563 0.201299581642123 -0.213037558254621 0.107132590228278
-0.45983964499958 -0.290653558457113 -0.201711144986361 -0.0119471410316557
-0.0681393244613904 -0.63990916913723 -0.0139116723723911 0.0266301401491992
0.300103661589793 -0.601503682627048 -0.0520634600806519 0.238289619594905
0.251224364393747 -0.424187360576983 -0.564254600864778 0.377178049470635
-0.0723395828648161 -0.504782935770332 -0.0853926933236204 0.498423053456921
-0.320258644389062 -0.258652532141125 0.0402295289799429 0.0968427871193713
-0.340377145850675 0.0955769353342126 -0.0997275293266964 0.00797761053886802
-0.19643832935367 0.26703566750796 -0.202742523987152 0.200430556293727
-0.022344607205952 0.322803251894649 0.0185775337161108 0.395362955858786
0.126418772713176 0.275508571798263 0.242931274639963 0.356720637501336
0.141976828978619 0.246728900406394 0.269307204874178 0.302556953158534
0.104166138319254 0.255181622861727 0.235287963271023 0.330833909019547
-0.0115981030183044 0.316916860171987 0.0990410509201238 0.364458881276882
-0.177354968884161 0.245865544106401 -0.0906308514588443 0.303347218869852
-0.253284144576825 0.092785273564886 -0.208907417976211 0.113506327893141
-0.254865040487366 -0.151977260332796 -0.177103851885789 0.0281219353683954
-0.0619693859143907 -0.390170927240401 -0.00888721927300399 0.104047028677919
0.153514238815595 -0.429769276625465 -0.131022950296857 0.379771694622742
0.0673247809855634 -0.235637494648772 -0.641915692905774 0.544979365750465
-0.0892264557725124 -0.219802239259746 -0.096993208475427 0.599188985192059
-0.150531322856199 -0.0564773695186668 0.0458553833521507 0.184604577813978
-0.0967973721878203 0.0418941060308594 -0.0857254873883193 0.0410333823478946
-0.0651603180865169 0.0759258918233201 -0.195830772571537 0.238182266817144
-0.0262775933661151 0.108255146859666 0.0298112323236291 0.45063666390346
0.0207945083687931 0.114966279588795 0.260562601819202 0.429263675659819
0.0171450794343814 0.112280392888843 0.299023541320772 0.368853739666983
-0.0018325386859737 0.120147391388849 0.251527595253417 0.391773844938438
-0.0355987309916544 0.119623483122501 0.0948167057633893 0.407104983199132
-0.0775342819777388 0.0559086502604314 -0.11047897305903 0.318905145072329
-0.0559198905746384 0.00572468732058879 -0.188853325770995 0.0966061682145217
-0.0720577180357729 -0.00702753704695155 -0.141899343460677 0.0455888993919155
-0.0706392213220965 -0.135431000860111 -0.00678356242068656 0.137929588942324
-0.00624536850940421 -0.228602860199949 -0.169170067624021 0.452026001890837
0.108882054748037 0.00176715872385575 0.179694641620916 -0.504070309660526
0.0857190818890003 -0.103230125060258 -0.0678600800538541 -0.212318250552072
-0.0447128938496981 -0.106705713769364 0.0607143488080439 -0.0510722031241961
-0.108477986025122 0.0366353330520169 0.144908318350655 -0.0575744306688341
-0.0363012552454219 0.0975952292192368 0.141199624479647 -0.269266683363606
0.0409703566940866 0.0890327623207687 -0.0672679549788189 -0.406106684834243
0.0884226710845203 0.0391879110687273 -0.240888007771799 -0.395787315992666
0.110540517383969 0.0287557412067342 -0.297454459425937 -0.360905780785739
0.11052737183521 0.0449732441433301 -0.268254649083675 -0.389396047353348
0.0497829381854262 0.116499485133847 -0.11275527166752 -0.401311709006053
-0.0530003496655755 0.138069629532157 0.0803468461057438 -0.294748841237924
-0.15362018787714 0.0428914624036976 0.0539941019842718 -0.10478602564659
-0.0831990790387744 -0.155386790990815 -0.0161870699490957 -0.247280028476352
0.120125678962267 -0.130438361303114 0.0794221825629314 -0.515743453933765
0.160226115468527 0.00903506787262063 0.569388255174115 -0.618941144001114
0.23505280581178 -0.178487613096868 0.147242458867269 -0.485485840550775
0.0796177950392685 -0.284588355326789 -0.0451202050637621 -0.199136866149275
-0.139838836373767 -0.213546336131054 0.0420019719835643 -0.0945338919752494
-0.245170039524264 0.0697474382364401 0.105949103973184 -0.0566567507806157
-0.128576224385081 0.228773072997419 0.112324831597927 -0.22457335182079
0.0419038881210503 0.257880062631519 -0.0390980892518902 -0.344286147893675
0.175553824061199 0.182986560193195 -0.179052593073856 -0.353534019686735
0.222890966041877 0.168630073887999 -0.237646565003756 -0.317492253725568
0.215159360738257 0.198087783681236 -0.220514532403578 -0.327827050419588
0.0776647492580822 0.338504655273364 -0.107066103202307 -0.327367885928937
-0.170086380436914 0.341485751255398 0.0366540078558833 -0.244667006557668
-0.383107619581667 0.132512660212333 -0.0155682794745799 -0.0943333330340652
-0.315444075669761 -0.326660727849032 -0.0715164457808874 -0.254846797914645
0.0910422125599399 -0.463539446318046 0.0527619135488312 -0.483217857772172
0.323909539993841 -0.283082157456938 0.481399394487967 -0.559629266426299
0.342730014048321 -0.344838687038513 0.0623316400077609 -0.408104745606385
0.0605046921228711 -0.465585386287859 -0.0286109105900011 -0.13972237699991
-0.245445400050579 -0.317927830306903 0.0390950150184649 -0.120964756608426
-0.380852906377023 0.0996779083776624 0.0690905769844327 -0.0706510695931213
-0.217347894348643 0.348412815806758 0.0583508489025876 -0.172592964343538
0.0342652590895808 0.407581938595328 -0.0216573739318754 -0.238776183112352
0.239474391536721 0.307680413511065 -0.0946850932252755 -0.261241178423778
0.302626662268289 0.280739620742348 -0.139969936169231 -0.225709118029703
0.288547334040773 0.314976413705529 -0.13510669834037 -0.215695284937035
0.10338651679391 0.504887504753742 -0.077494445607749 -0.196776984107596
-0.246016299036627 0.506171569219004 -0.005231193007233 -0.144828438404565
-0.549019099332678 0.233108562632381 -0.0885213571824889 -0.0535664836571214
-0.521837960144147 -0.420122952503154 -0.133981576332877 -0.221332438194196
0.019340502663334 -0.717869281455286 0.0170278335737193 -0.389277956298495
0.418641306898852 -0.528584331434039 0.348350211606709 -0.41106659416968
0.411123259351477 -0.480532395723198 -0.0700403282378181 -0.263208598812888
0.0215098069621186 -0.626818281980432 -0.0221774115126934 -0.0217384696336743
-0.36206874548867 -0.403405138467751 0.0452052298288972 -0.113698067296593
-0.501485108692259 0.136177956973977 0.0285219479806069 -0.0787205432325086
-0.282189127884423 0.442505556785061 -0.0157306385637646 -0.0972051097203719
0.0254859473651181 0.510751624057692 -0.0102388245885482 -0.0899111920737733
0.271626339226337 0.391396682426651 0.0027801610735225 -0.122808274624957
0.335985548349511 0.349849929011958 -0.022025795667362 -0.100567583172035
0.31517432419122 0.377740402527262 -0.0257781854536982 -0.0740400250580024
0.113897049668886 0.589239724952299 -0.0236443391365823 -0.0353781012034458
-0.273731005127698 0.592478519883544 -0.0336475943372778 -0.00937666690743996
-0.618779926943038 0.303862950502449 -0.150094118764887 0.0125119412591818
-0.640835446914134 -0.426688260087673 -0.182092758502019 -0.149786079133809
-0.0576850979826294 -0.836931865015106 -0.00962620622167946 -0.250241882227106
0.432444851022491 -0.6771111139404 0.202789675525116 -0.20045211285935
0.421097116469383 -0.553882993929206 -0.234794650750746 -0.0595638245496806
-0.0285113606503064 -0.712434785531381 -0.0261228990898277 0.147654480304336
-0.443245408074321 -0.43538021070748 0.0498915166871527 -0.0697916336874611
-0.557322285430447 0.159780853482828 -0.0218396771019286 -0.0650594606063975
-0.303978391016276 0.476876530214988 -0.0950846691433838 0.00748419276667046
0.0173117458111128 0.541629155820243 0.00260387847857992 0.0875067490847047
0.265303808069472 0.415948325730119 0.102997872276204 0.0405025554181859
0.319074572681315 0.363837983837428 0.0989613569288821 0.0408991103988028
0.287642976565725 0.384468230238349 0.0876505132896541 0.0741752493535233
0.0963163212044121 0.577208515291234 0.0415115332358669 0.127183878175818
-0.264828852078381 0.568537269056908 -0.0471380022817602 0.131476785737902
-0.56968718420245 0.300159889176273 -0.18856166724017 0.080176296761114
-0.615809573807369 -0.364254471130247 -0.202292691267731 -0.0641311909925167
-0.102653444836794 -0.794335030302912 -0.0181478179130661 -0.0965144207476736
0.376756612301491 -0.698882243368567 0.0653070894628572 0.0304185172143553
0.355291861210337 -0.538875716743546 -0.400755449160829 0.174382847445482
-0.0728469679590217 -0.668652622760965 -0.0373060564660237 0.331950250183799
-0.433726379552078 -0.379203531844894 0.0475553258662477 0.00381528284085944
-0.49876618227189 0.152897697609582 -0.0707196542599458 -0.0303291881831984
-0.267645795805198 0.41709382634217 -0.159275032095569 0.121044646286145
0.00851198344589878 0.471884810679355 0.0197875359495509 0.258999050745688
0.220710764166695 0.369810894116875 0.191393410215002 0.201178347947484
0.255039074851547 0.322326336636545 0.205235941520364 0.174575482670731
0.215050376938667 0.335750979382926 0.184823598385111 0.207737373516996
0.0549401961873 0.47485613314861 0.094839185162994 0.261529689073948
-0.224643672546432 0.436482970781511 -0.0579380912472776 0.241843219556674
-0.427618919792013 0.216797895466319 -0.203535522658412 0.120886924916998
-0.462479464032602 -0.261057162430203 -0.194542870856601 0.0051466563099457
-0.100629196578372 -0.62030376432348 -0.0128611272537488 0.0277930887631812
0.268189141441161 -0.598334686334684 -0.042511252675529 0.23090817405421
0.223803972499522 -0.427706698227762 -0.531613804943981 0.395071885698236
-0.0974660975367332 -0.486746189953629 -0.0551059659992513 0.487770384226212
-0.32323505623051 -0.235989743005627 0.0445343456256193 0.0922835729371902
-0.325955669085234 0.110937686402131 -0.0949985867919226 0.0116642835885666
-0.176646039175445 0.271510062185305 -0.189897096027943 0.208412365502641
-0.00334899832378099 0.316312953868591 0.0382642150183457 0.385400574899486
0.135710302248574 0.261172966298 0.251501002346402 0.328875770952359
0.150486786880012 0.232872292555171 0.279608113486601 0.280919486885571
0.113266195084752 0.242487229191345 0.246975018034474 0.309852562342991
0.00693987971743679 0.310694129321121 0.120486092070423 0.350200930505215
-0.159799742078546 0.248394150820846 -0.0720792919004345 0.301935796567653
-0.240137571407515 0.101096745917176 -0.199155252675967 0.125443072864808
-0.254080218820499 -0.135142419669652 -0.168235912487175 0.0424422108010339
-0.0810806441887288 -0.37665135279437 -0.00344759865438194 0.101351361176822
0.129375675218878 -0.424571652806551 -0.111877910413354 0.371110477703378
0.0526463616873598 -0.233817000195461 -0.600861858261702 0.559764779107647
-0.100922977795159 -0.208070842947641 -0.0626862390131431 0.585780904290178
-0.148235000271678 -0.0460692253192583 0.056393565494248 0.178892177264002
-0.0907176914846268 0.0463765017985346 -0.0796402660524781 0.0446792839086248
-0.0596644701871382 0.0774375211956513 -0.180119611290812 0.244694479143417
-0.019608002244025 0.107863632676811 0.0525101624051898 0.437859607798533
0.0249523839338381 0.111036846968029 0.276103224193969 0.400885728344663
0.0219655918446908 0.108809100168445 0.311113145919975 0.343908815408751
0.00387612076935728 0.117981218081622 0.26792643297449 0.367619427711157
-0.0278517210665345 0.118516513286405 0.118315588789298 0.389700439427525
-0.0733055300244264 0.0573553749737009 -0.0886537285592067 0.317594317432162
-0.0534640620680718 0.00683110934065703 -0.179173315090853 0.105741924024628
-0.0681847880541641 -0.00208337298352567 -0.132663748403955 0.0575564552057411
-0.0784938922198262 -0.126934706649247 0.000492108208451647 0.13274212463353
-0.0194015096108066 -0.220829879906955 -0.143665280274021 0.443702122509545
0.100620652301027 0.0492512055563575 0.359162812327597 -0.390265871596826
0.120396669846549 -0.0571251823020182 0.0191069900391047 -0.218109874803522
0.00397705555338392 -0.11732286000843 0.0671695408311842 -0.0234423140650115
-0.111752873916781 -0.0136821809530692 0.15273652665243 0.00964502047275979
-0.0748421775805526 0.0739346171199416 0.235903139359426 -0.184517388837629
0.00259051671798004 0.0964741881553155 0.101264105063827 -0.389768934706945
0.0646379177583824 0.0681945130760518 -0.0599150221843515 -0.44854963484254
0.0895920010747691 0.0659473677992368 -0.12690735798154 -0.439401436044242
0.0810651327993933 0.079906772213965 -0.0895374636588823 -0.449666746963734
-0.000929880964570865 0.123951056324592 0.0543317596211752 -0.403224274031577
-0.100520695181997 0.104055988019175 0.185772338199712 -0.230058109659732
-0.155762334125474 -0.0195889120704506 0.0876717039075304 -0.0732306513416444
-0.0234590118914103 -0.17723480792807 0.0811939100793657 -0.233184152805755
0.152931414845769 -0.0834044684064664 0.273393159601019 -0.427946504277631
0.153191731765527 0.0553300836020435 0.754570291244042 -0.32269423907619
0.294321784206526 -0.0604856449533071 0.300506444300599 -0.395925995981559
0.189940044856187 -0.218796575637949 0.0256133490856634 -0.197896134310267
-0.0366070146179103 -0.252082618289236 0.0588170017786626 -0.0648379218539276
-0.24416183664918 -0.0416131756993445 0.116961417359266 0.00269702437902271
-0.208736879189362 0.152696196706043 0.196751166334622 -0.148741935368199
-0.0633983764926456 0.246331523840091 0.108278058413229 -0.318437886008916
0.0855263047124424 0.229155409331471 -0.0190129292155756 -0.388568201950508
0.136972768087032 0.235325671986902 -0.0881920677906049 -0.37634307773489
0.11676022113363 0.256949511409687 -0.0738228215400418 -0.372484912454913
-0.0560923592633002 0.334257904118112 0.0268612558878238 -0.33038643026385
-0.281006281859173 0.24613893349507 0.123353587878512 -0.200718640978567
-0.396459480420476 -0.0231296743660556 0.0171635765317954 -0.091747754850608
-0.17655912310193 -0.418756495078479 0.037568417219458 -0.266592797906235
0.245344458157409 -0.3943212437113 0.251632742350383 -0.413931990461239
0.408636699815219 -0.153493301331283 0.662846434973427 -0.29080284612628
0.466174809719328 -0.165690799476141 0.173282292686983 -0.368720056178685
0.249472369623322 -0.384765871249438 0.00865880176374172 -0.138391269503999
-0.0886502337710275 -0.388647656708926 0.0592183359974287 -0.0828246882411074
-0.37494840258054 -0.071027290312877 0.0889495572399552 -0.0159800382709089
-0.333231067167641 0.22256360468253 0.131274733315803 -0.11707138504108
-0.12855029029199 0.374599493892739 0.0862704442967308 -0.213153129199566
0.0912217522921208 0.364687202195501 0.0217169755692273 -0.272380896615007
0.165597587653682 0.368493033880747 -0.0365784027070756 -0.256955596635279
0.138805996890254 0.390627035232366 -0.0418765623332398 -0.237908040708455
-0.0941518859934219 0.494977184239989 0.00087767884508216 -0.199462282385525
-0.410510294578633 0.368410813522457 0.045098577770804 -0.127322890849887
-0.584995047871545 0.00455101991731762 -0.0684785914672901 -0.0847230109566224
-0.332705278086135 -0.579285291471842 -0.0313277793480425 -0.263195951029846
0.271152232987091 -0.650349384166005 0.196626635531665 -0.350821419647175
0.582457602402388 -0.343531191499401 0.494269984433538 -0.201570478609764
0.588149743996391 -0.260545368705738 -0.0195397586897915 -0.296246832868786
0.280967564361054 -0.544043286237128 -0.0410332208130706 -0.0283247462202926
-0.157116363398657 -0.512035130296277 0.055237217213244 -0.0667096586862714
-0.494414431431811 -0.0881260159897989 0.0570067377361435 -0.0323450286145908
-0.430026762126339 0.278336685795077 0.0378143832398716 -0.0740191126881841
-0.176961896817802 0.464381672020203 0.0416700782942809 -0.0722660718435474
0.0867301751490527 0.449784500015221 0.0567727733605177 -0.110197492978076
0.169741479866752 0.442649809484271 0.0205782961206229 -0.0988401922469909
0.137734814057957 0.457794701605323 0.000248725430859964 -0.0676397555297217
-0.114902581863432 0.57481823016854 -0.0145268053923213 -0.0322145263103835
-0.467000778713891 0.437147212037713 -0.0337960450612962 -0.0167836614369089
-0.671712317447289 0.0425219669038589 -0.151827472817485 -0.0493502903624361
-0.438034682689617 -0.629438544930424 -0.102707360107967 -0.218131827064864
0.24332543705624 -0.781946152982673 0.12337919531783 -0.240478394431069
0.64850509065347 -0.472077468551774 0.282718900741513 -0.0686864704721887
0.62816974283542 -0.322531311421058 -0.255958833071554 -0.178743031997211
0.272899851630715 -0.639954962121198 -0.115898524026618 0.122617388262742
-0.215098764377306 -0.573223227025273 0.0400152045003218 -0.0195098057731549
-0.553873788747128 -0.0897816620209192 0.00704525891148992 -0.035319269843938
-0.461503319863901 0.298780116733767 -0.0738595959771801 -0.00894297258356328
-0.198368987097441 0.486694957448357 -0.0150407901198689 0.0926813560426564
0.0712456860261974 0.469308506507567 0.0826416008401778 0.0759217979934799
0.148871242985086 0.449544248405634 0.0748015191220916 0.0745827467896822
0.112358198000736 0.45446095160338 0.0453126120142599 0.108792933512413
-0.124300702307661 0.557908348670717 -0.0184415567978518 0.139332462066503
-0.447508733783125 0.418391565964503 -0.100922215323044 0.102943818034453
-0.624138396789234 0.0567829143478184 -0.213075725121626 -0.00282508117169642
-0.438112297750123 -0.559167033724892 -0.154296297947767 -0.146597596728663
0.188684285326774 -0.758337707245308 0.0551129403387651 -0.107888884592943
0.601308562334531 -0.505125093600366 0.0706991282435753 0.0802723038989191
0.560498115158099 -0.339403031193922 -0.496653847152105 -0.0289687282233923
0.216135639003701 -0.621886332798027 -0.198319459185669 0.285360056118527
-0.231510758421769 -0.519608741073468 0.0131506837060427 0.0479508613194201
-0.49906692430992 -0.0710384087955329 -0.050653904444189 -0.0252968631947267
-0.403035834529012 0.26089620095785 -0.179125322554808 0.0656175016866194
-0.178475050124246 0.421656512620785 -0.0696773613517561 0.251789853831025
0.0495233935616242 0.411916121399006 0.097412073025822 0.254379044619691
0.105797330847042 0.387771018678822 0.116952460073623 0.235505903587781
0.0662787832697841 0.382939651104659 0.0814486990075938 0.264474241601174
-0.123768495386036 0.449469575222601 -0.0206197300030062 0.279192667082419
-0.363110096642773 0.31438379362562 -0.150740382561444 0.196355386021359
-0.465845133619432 0.0356074606223977 -0.240547128330237 0.0291887649526783
-0.330694637392987 -0.406661663192579 -0.173453353818761 -0.0768896721337227
0.129402373955909 -0.598217932027291 0.00534480810651787 0.00753497891100233
0.463831709504136 -0.448906164056586 -0.107842536428441 0.210574896175578
0.391038110168859 -0.293305640612912 -0.688693969367847 0.126982761195296
0.11623215382576 -0.470120049061662 -0.266226620565481 0.419493302352028
-0.191703985945501 -0.344023936950379 -0.0141768207418608 0.122000511860811
-0.329794113563432 -0.0360074891283206 -0.0888032170530072 -0.00609831753171431
-0.264255316945076 0.167896806357819 -0.246208471033329 0.126323202492306
-0.127509383455943 0.278782526502816 -0.107470658908079 0.36781362460609
0.0168428292312401 0.28329052777491 0.100871059432509 0.393110698482305
0.0457307540624862 0.266913507097388 0.142731003410234 0.358680400898298
0.0111854509240272 0.261631419280307 0.0996632424585538 0.377826890018215
-0.105874521609378 0.283157415156832 -0.0299299874933046 0.365712541223153
-0.234357773096678 0.167850295487625 -0.184110056470446 0.243343075901721
-0.252773230633869 0.0022925704757115 -0.233941059199345 0.0353967480147243
-0.18457904716981 -0.213528248065318 -0.164376207703022 -0.027510666230143
0.0587677596880008 -0.367751729696998 -0.0251960889813144 0.0797400069987126
0.269988855200127 -0.337607865580959 -0.230307220897204 0.29962995861765
0.148928132685543 -0.190181734094142 -0.792766444006245 0.261431579206977
-0.00241463972527798 -0.226294846395227 -0.300077354966678 0.504500165195049
-0.112079372592734 -0.100097971973234 -0.0232416392267473 0.195597078134837
-0.0963276445863746 0.00410358560540341 -0.0871718340144216 0.0155470439258719
-0.0816316490633772 0.04317976787591 -0.258506704048156 0.153828165672834
-0.060092063320256 0.0869050048583259 -0.123182203401651 0.416140652207977
-0.0233576120617057 0.108391155693331 0.0909683251863117 0.466766107358537
-0.022555747892709 0.107464013324137 0.146459062716268 0.428359369295235
-0.0389289942997204 0.108902300911133 0.096857773067584 0.432796334978107
-0.065623263270807 0.0963535340612731 -0.0458554901885456 0.397746793035299
-0.0853786189657186 0.0268132213779984 -0.202258165244768 0.249136533175166
-0.0491172925536768 -0.0128966207992428 -0.203501959923619 0.0252016141925823
-0.0608550086288059 -0.0224957217710434 -0.139349953554203 0.00355420027094387
-0.0277878023134185 -0.140840348153464 -0.044969425487544 0.11202761561544
0.0570829737648178 -0.202059520273943 -0.293833286830215 0.34085044986206
0.103163200051067 0.0471011803144806 0.34790382648694 -0.391554964662316
0.119005942855207 -0.0622934364503791 0.0156087407676229 -0.212756756786135
0.000461743537029369 -0.120166157479438 0.0642915990442538 -0.0290062553638952
-0.113009671991573 -0.0107454331506135 0.1495911447314 0.00335770304316604
-0.0730001796929965 0.0769958082605352 0.226017441795329 -0.192266828912302
0.00722316872038419 0.095378514813321 0.086725890984154 -0.390213614142563
0.0680493994083942 0.0652393159503063 -0.0735905379627499 -0.444467122848848
0.0917595225429539 0.0615502703752421 -0.14001890900763 -0.432326144056622
0.0835161576784208 0.0753461802846964 -0.103209055844325 -0.444268384318342
0.00375929596570993 0.124175266070214 0.0424746419358308 -0.401674195697686
-0.0959876412215895 0.108168373891112 0.177114829158289 -0.233805034064666
-0.15544416331074 -0.0145903989366622 0.0855576165088037 -0.0737972677049059
-0.0282948572438847 -0.176724483980259 0.0713620606764957 -0.237947793459482
0.152732069625265 -0.0870463762950805 0.259638811590862 -0.432148405780066
0.156504872386591 0.0522615447388137 0.745483617513464 -0.337658028045981
0.292928672233619 -0.0680239869823832 0.289776934059332 -0.397484549747108
0.183552718545446 -0.22321354276854 0.0239150348343623 -0.192801381550678
-0.0431559832139663 -0.253267342020999 0.0541290310328674 -0.0692200957643325
-0.244219181607691 -0.0349171070683851 0.114609266167733 -0.00359407277134708
-0.203256738845984 0.159375034452484 0.186256949857905 -0.154900315291411
-0.0538628961704179 0.247216353480385 0.0948961763518016 -0.32079883415861
0.0921535645655786 0.223912487397114 -0.0323769158674375 -0.385091876061438
0.143803237887436 0.227577499932716 -0.0981624865185829 -0.370702023260022
0.123925701886425 0.249312543123444 -0.0850686248878809 -0.367357850859741
-0.0451238951648229 0.334821696042646 0.0164132234957686 -0.327005727892949
-0.271072415053948 0.255514777834278 0.115002143747715 -0.20270923411403
-0.394480344282181 -0.0132923263051908 0.0137148270541592 -0.0887102057621443
-0.186290327248804 -0.415084112204399 0.0273270911179731 -0.268065901471222
0.237132392686198 -0.400414915885912 0.240188314738796 -0.416195253881101
0.4083239327512 -0.162682603212114 0.652769173606456 -0.303826117118801
0.460936695164889 -0.17804763482195 0.164085786705833 -0.366328691854469
0.23747647156806 -0.38825441264185 0.00979099209619914 -0.132892741555923
-0.0974446148971783 -0.388986498472081 0.0534581832693807 -0.0868189247410605
-0.373774357544803 -0.0604794939234072 0.087809364833277 -0.022203076694206
-0.324716619351023 0.231522056471588 0.120988485682656 -0.120367430687287
-0.114456076600555 0.376715989759135 0.076965799032412 -0.214418319667554
0.101945797141381 0.357013149635249 0.0104057521050501 -0.272575646908655
0.176773005713531 0.358682651600449 -0.0423717747891725 -0.253916526958289
0.148510807763321 0.380990220013108 -0.0489062181630587 -0.232134372321537
-0.0772860125685482 0.495632894237572 -0.00437231239365472 -0.194505403599126
-0.395021203495138 0.380713501805623 0.0379715805621776 -0.126755676213638
-0.581460041007548 0.0202272871591978 -0.0723100069557508 -0.077450242061555
-0.346023573881059 -0.570634209773803 -0.0402834626311099 -0.261099341732572
0.255873698232434 -0.65486075717781 0.18412314779494 -0.351364904640491
0.579725891882405 -0.356992293777143 0.485031864707534 -0.211656678367296
0.580098713590638 -0.275694332514788 -0.0251850521775169 -0.291326391200772
0.264386999402932 -0.546492450084255 -0.0355814427338653 -0.02395900542263
-0.168600812702783 -0.510210620732327 0.0508654068944789 -0.0702428190994759
-0.491954169485584 -0.0750536671710453 0.0561906057886329 -0.0376872943358167
-0.419217303069627 0.290783368900163 0.0284432182685513 -0.0739151796864964
-0.16049305271584 0.467537296200693 0.0372656358569273 -0.0730694655462894
0.0985032402822476 0.443852644678437 0.0490724623359654 -0.113869428316467
0.183830494788757 0.434208504126048 0.0198563990202447 -0.0989308826113865
0.149922976229422 0.448059866090341 -0.000897327824175432 -0.0648987206220561
-0.0955999540411339 0.577774979835124 -0.0127689046499308 -0.0275367789221009
-0.451623387100827 0.450834154613973 -0.0374564438901727 -0.0139708897874156
-0.666261971966335 0.0610032500529683 -0.15570436044858 -0.038242955875647
-0.454188783277717 -0.616744255089952 -0.108502566664458 -0.211536657713491
0.223182665891722 -0.787668117213129 0.114865278241635 -0.240499083945838
0.641906766849534 -0.484897263618444 0.27855220993113 -0.075436529233791
0.616925670704538 -0.341129376469487 -0.258153435197977 -0.169637094911017
0.253124908565332 -0.643721461120417 -0.106805003492726 0.127512448488154
-0.228476103140252 -0.568295213053968 0.0367508285264604 -0.0209483603868039
-0.551207508209281 -0.0752569573006605 0.00775001158732512 -0.0396597791887978
-0.450800825823374 0.311921981001162 -0.0806074049740105 -0.00562283410107078
-0.178538628824831 0.491468089041954 -0.0142962465438565 0.0931505684229681
0.0845971419351671 0.465002558585932 0.080525621907809 0.0688203771587414
0.161757600709093 0.441179811140647 0.0789417333301373 0.0718296116034629
0.122619141952856 0.447005874381556 0.0506278504635685 0.110146135815854
-0.105480460069264 0.560481898105522 -0.0109914328808634 0.142266547671737
-0.433305651812695 0.43180296163377 -0.100517028015966 0.107834631242153
-0.619659282819373 0.0733745897877678 -0.214429750708624 0.00997461212595734
-0.449782809057821 -0.547610812951848 -0.157055929662039 -0.137129987277279
0.169073224101809 -0.762010085454038 0.0506723164490669 -0.107010925204152
0.591377590450089 -0.517720483100827 0.0704875151566524 0.0769839139054708
0.550774406401295 -0.353893714339335 -0.493497237790275 -0.0160117218692084
0.196190935303144 -0.621671543282502 -0.185675568709157 0.289358431727406
-0.242041759664461 -0.512271639157658 0.0130783735736881 0.047372149321834
-0.496183602410348 -0.0563994278103764 -0.0476062549851513 -0.0274733024297964
-0.393974468065661 0.272545402018629 -0.181889849361018 0.072086870402356
-0.163684660285977 0.426910864032827 -0.0630321640516474 0.253300559181386
0.060121457693454 0.408127280413774 0.101491520789889 0.245851622288687
0.116995159512354 0.381245822269401 0.125454069399591 0.230398287712108
0.0741705607572738 0.378834593987481 0.0911554091765186 0.262594720930837
-0.107544167728847 0.452956924511359 -0.00864366532572142 0.280808584118637
-0.352117038098302 0.324954755113019 -0.145851239471717 0.201711281255321
-0.460744995157851 0.0469877977068141 -0.240462059588551 0.0417937466032335
-0.340094895120505 -0.396768525114781 -0.173790272068868 -0.065657878205061
0.111421027576881 -0.597709938936473 0.00478408231429138 0.00665629179292545
0.45313846701303 -0.457937070909159 -0.104217488527257 0.209328266192563
0.381714129687071 -0.302646447325173 -0.68182567072227 0.142133508065424
0.100665081818124 -0.47033314178738 -0.251610997848844 0.423046056828316
-0.198982754773345 -0.338767021039435 -0.0109291968287556 0.122670907154577
-0.326736449974005 -0.026458355669693 -0.0849676484570978 -0.00618328128425379
-0.257441863113346 0.175002951447702 -0.245536043420303 0.134222962103438
-0.117022339055707 0.28174502073041 -0.097526499660133 0.370196716647095
0.0230801360851629 0.281361191317409 0.108169991878181 0.385812048480401
0.0523664966694413 0.264022274625637 0.153229466878337 0.352468482831183
0.0168345162665221 0.260070886456535 0.113326498421443 0.373004845338463
-0.0955391719141062 0.285644072608014 -0.01536156346764 0.365994023981104
-0.228269994595437 0.174202585612037 -0.176532134776683 0.249782819050203
-0.250331478694644 0.00785562722051908 -0.233065636383003 0.0466506658845888
-0.187629705103183 -0.206523382334117 -0.161921417043672 -0.0165406141941503
0.0454592390254813 -0.368421509248125 -0.0232552648675089 0.0783726243772382
0.261133491085736 -0.341519138004209 -0.223572949522402 0.299548625322004
0.142274845633213 -0.193807840755102 -0.784389404672502 0.276825224174158
-0.0102217084788925 -0.224227587399778 -0.285179144596321 0.508087728913062
-0.112753236603704 -0.0966549753084204 -0.0166495064101633 0.196996081544115
-0.0936951792161465 0.0064512082915361 -0.0838449405812187 0.0171507718339368
-0.0797599843107072 0.0446930477153168 -0.254108112078934 0.161175134797458
-0.0571456034223559 0.0885574935947008 -0.109724653825078 0.417544790599462
-0.0217002705995956 0.108391680142815 0.102816276098208 0.458333887948102
-0.0205654576673264 0.107241939479984 0.157793162298313 0.422437176281081
-0.0368359792239454 0.110266667551927 0.112516151071958 0.427316874907885
-0.0617175600640375 0.0978518743634042 -0.0304574932706278 0.396665434722025
-0.0849303512804242 0.0277877021554915 -0.192047082579436 0.256521857095568
-0.0488776322509598 -0.0126125911457547 -0.202536915352635 0.0340494600176153
-0.0591637156142611 -0.0193539009632065 -0.136250120880052 0.0133021453035421
-0.0343971795378141 -0.138875811751241 -0.0413052935100694 0.110205296893087
0.0489725098639899 -0.200987440109498 -0.283055950371814 0.341941888126586
0.107056717289927 0.043669728801917 0.334153879877286 -0.403468622765148
0.117701328443403 -0.0697479173244138 0.0106967816730013 -0.209906558872263
-0.00603387579863486 -0.124230055192423 0.0618935494657349 -0.0348655835983249
-0.115960456225362 -0.00570456097198604 0.148099523726114 -0.00454910217095519
-0.0705291048274699 0.0823608039967526 0.214911688312626 -0.204224108764009
0.0124208445667524 0.0961213644732052 0.0672022890510003 -0.394305798997114
0.0720948854690938 0.0610932287670665 -0.0967560852971928 -0.441011469629513
0.0950856344424163 0.0560093473291966 -0.156704572013605 -0.428712350687565
0.0877671728634594 0.0700831757559829 -0.124211429410754 -0.4408987822224
0.00986207212234335 0.124916049210403 0.0243050309328519 -0.403035652210402
-0.0907214564195692 0.11417654259859 0.167501565357108 -0.242445873638542
-0.156222162630482 -0.0073833594473101 0.0831093865246286 -0.0770150151603988
-0.0357525853431705 -0.177778557554201 0.0583378443265149 -0.245651784538597
0.152714856573476 -0.0939913020602334 0.2419568516881 -0.441280376940859
0.162528795376968 0.0470168551504225 0.740006606211075 -0.364131404843916
0.29274548972077 -0.0794935245899053 0.277805435228595 -0.405519193285985
0.175835755097068 -0.232443225989139 0.0215116359691051 -0.190008536177987
-0.0543778209438959 -0.256574965511314 0.0486714488116093 -0.0745555977304241
-0.24696550395861 -0.0251473033351334 0.112653857604831 -0.0109505470662592
-0.1972681232074 0.170121836062827 0.175632854267728 -0.163338678948036
-0.0416585872166205 0.250762256988916 0.0783424381203084 -0.324897841754223
0.103270884451428 0.219738293368256 -0.051507436062588 -0.384375660627812
0.154729844632535 0.220638241113672 -0.113559919452114 -0.36836219053151
0.134341840491298 0.243260720831453 -0.100954676131977 -0.363513052497833
-0.0290741028198684 0.339727165238975 0.00327275282360871 -0.326042569690857
-0.260449393894855 0.271246989489652 0.104459268523864 -0.207705812743687
-0.397740015680786 0.00363082980506677 0.00974910103586379 -0.0872289651762449
-0.203994907076676 -0.41107921904396 0.0137343356019159 -0.272632857615065
0.225202658958541 -0.412387885381155 0.222568354742594 -0.424031570386193
0.409616739947722 -0.178511895044818 0.644651572605952 -0.328371829897155
0.45658260354895 -0.19607073866322 0.153831077440083 -0.369924463008137
0.222983406485027 -0.398463260287534 0.0107234588974809 -0.1299853346595
-0.11308289558362 -0.390453271876172 0.047686206126328 -0.0918583383580168
-0.376925389586791 -0.0478013451363499 0.0858482417584252 -0.0301349165788531
-0.316863170100543 0.24824506921906 0.109440472635128 -0.125439276008377
-0.0971367607189988 0.384151881097238 0.0652126389823322 -0.217386460571326
0.117651796622333 0.353884224015892 -0.00466820786516193 -0.274498647878119
0.192658757434871 0.350156038533194 -0.0518921407090242 -0.254202990576355
0.16416799214934 0.373885336965277 -0.0579437521360657 -0.229072644261895
-0.0544466399855158 0.503849403131684 -0.0108169808103064 -0.192243999216577
-0.380577918478113 0.403021614046969 0.0297001076295708 -0.127362774589819
-0.582378936847676 0.0431629996627121 -0.0771057757578675 -0.0700396232274758
-0.372761078182206 -0.561274140566243 -0.0527911018005818 -0.260796123725616
0.23213562551407 -0.670840955586866 0.170626412566259 -0.35914989165808
0.576353099565041 -0.380048138302297 0.480207044049909 -0.22955758230844
0.573007131920489 -0.299731571677928 -0.0335611311242118 -0.288990361660362
0.244062237733756 -0.557162071196694 -0.0307271545604202 -0.0197916233187435
-0.190078318072196 -0.510577711908014 0.0456982981759786 -0.0736748802747596
-0.496797701778406 -0.0572004507175712 0.0552298548025745 -0.0450061917537582
-0.407807377398303 0.31175477873001 0.0182491423074945 -0.0738317977871655
-0.140095829073977 0.478219527827052 0.0314672960233391 -0.0739928236799705
0.117063561067468 0.44312127218113 0.0404079869446215 -0.117860365118938
0.202947112916876 0.42525666573532 0.0175685026555981 -0.100524529959835
0.167055303210431 0.442292639388038 -0.000762713653130241 -0.0621285786615644
-0.0700946767118353 0.585804776966572 -0.0111782717027518 -0.0239484683879205
-0.433252712250035 0.474589561394691 -0.0420269654998419 -0.00993101066376961
-0.667200350948904 0.0864231963592395 -0.15839039471637 -0.0256038034710727
-0.481565222106937 -0.603166550558599 -0.117867722279194 -0.206032590268481
0.19424012801112 -0.801194975736268 0.10487931022767 -0.244034230835895
0.633509094337976 -0.511646002614175 0.275703025247404 -0.0862169245899209
0.608017047478462 -0.367302016834378 -0.263829644432866 -0.15937170630063
0.229196310764722 -0.653325086469932 -0.0968380125464481 0.133773920245814
-0.25237536329565 -0.566504877210677 0.0344361784694328 -0.0226900916639753
-0.555853770772048 -0.0548837461647428 0.00824313148561506 -0.0457143641671075
-0.44007986302638 0.334080076721742 -0.0881172428760702 0.000262600354401475
-0.156942050929842 0.502350132604031 -0.0121952815870788 0.0955743229733962
0.102944570805089 0.461838991034578 0.0793271102720341 0.0634143496525732
0.180803596751405 0.434051285148168 0.083584579614747 0.0678366969757891
0.139517436423991 0.441781097972048 0.0581712238841616 0.110330328695428
-0.079137429375965 0.569067967457151 -0.00192470655908835 0.14689257959046
-0.416175446856603 0.454077118884898 -0.099519527976136 0.115520630055277
-0.619200053248915 0.0970283126268077 -0.216721085134014 0.0264174622002922
-0.47567681774848 -0.533615262802042 -0.162500604747161 -0.126649482074856
0.140550718831217 -0.774046790094873 0.0457995345140665 -0.10926511403111
0.581998594187329 -0.543244448942933 0.0712479224183872 0.0732779879772235
0.538441933285072 -0.377741146745687 -0.496380649786511 0.0019236328060668
0.172633879853028 -0.631629380358767 -0.171528477888523 0.29757448800818
-0.264827884975995 -0.508497291143833 0.0140515893407543 0.0481941928571182
-0.498836990455396 -0.0375847418576934 -0.0462382928363001 -0.0297253787618599
-0.383032077989519 0.29094511899489 -0.185129034066801 0.0827709475734493
-0.144234875511609 0.436875086028064 -0.0535623208849475 0.258668979008999
0.0757320518239539 0.407232593127813 0.108621577149649 0.239738140558813
0.132737540753981 0.376767012015143 0.136791510366708 0.225154264889977
0.08908757970717 0.377530992358625 0.105992851778639 0.261066051385133
-0.0858306395420172 0.461432166324273 0.00684751006875974 0.284252610293031
-0.339189733666855 0.343029424960327 -0.140525346536248 0.213075188144132
-0.459066239660566 0.064747488145137 -0.24117629986169 0.0586053039067933
-0.35674845055164 -0.384575112566343 -0.174748699334951 -0.0538187481031734
0.0871299800550753 -0.60539147781202 0.00415463082815659 0.00624205631971577
0.442428957556757 -0.477516244263966 -0.0999890625254062 0.211700011671183
0.371218406190868 -0.321903292456413 -0.68121169867585 0.167076079515246
0.0815706530639289 -0.475170389505448 -0.235435213184131 0.43383984547982
-0.21249741963862 -0.333654162249027 -0.00584841917268863 0.125127960728333
-0.328421230313696 -0.0143617961552416 -0.0833226968954953 -0.00571648324256159
-0.251795321571538 0.18714351605129 -0.244629189590039 0.147953779857878
-0.104642233481925 0.288739351513108 -0.0836647399658948 0.376599371385416
0.0340134725741283 0.282246368880373 0.123409452985987 0.378920388146373
0.0626426028233983 0.261447114003609 0.16928002737652 0.347300372516398
0.026031360361883 0.261252493934487 0.13385906583294 0.369525524585004
-0.0822087222855636 0.291997651624995 0.00390641522041994 0.368887636026451
-0.221417821893516 0.185438246963077 -0.166137330024156 0.261056329786764
-0.250222074430341 0.0163696598225632 -0.233291466898001 0.0616736470583003
-0.194908868790056 -0.199099238571985 -0.160547715154376 -0.00482209529222625
0.0283965468496956 -0.370874875879164 -0.0210168688185267 0.0777923715193949
0.249724289523723 -0.35189776784728 -0.215452966151087 0.30635205875526
0.133829537808235 -0.20106459941273 -0.781990970826196 0.304035615109613
-0.0210779063090965 -0.223326999680653 -0.267207517406007 0.519933688232114
-0.116421086048979 -0.0918363524439247 -0.00646941492560345 0.199953718911255
-0.0925244217308075 0.00951677831746329 -0.0809891826812514 0.0189505590700043
-0.0785282319958592 0.0477207508411001 -0.250619086107875 0.174815014524192
-0.0538112757807459 0.0912916913640245 -0.0925670242753506 0.425225824021109
-0.0183242417298647 0.110386660463726 0.120520195036736 0.453414576164394
-0.0170556906388378 0.109166361632611 0.176896294185994 0.417362957893311
-0.0328992262535901 0.113161387982773 0.132452686100804 0.424413493690254
-0.0567204551954589 0.100187452265337 -0.0113178756829369 0.399235323215277
-0.0844957528602655 0.0309092698007648 -0.179955703696451 0.267510374256938
-0.0483106474780054 -0.0116563019927334 -0.202444623382879 0.0451942171067748
-0.0582174450339571 -0.0156554708596935 -0.132753166339523 0.0233179661927629
-0.0444907705118372 -0.136020493614701 -0.0381990945918972 0.108827641329892
0.0392327896380359 -0.202819895040956 -0.272862425845781 0.351357683822002
0.110921467308017 0.038117511069141 0.310067351638545 -0.415462960651166
0.113794030882688 -0.0785157472835887 0.00275959611724649 -0.205883404832266
-0.0151845718681686 -0.125754980115 0.0576392953052557 -0.0414100891672675
-0.11722735090343 0.00254064993659785 0.144614892573495 -0.0140769572971288
-0.0651194001033336 0.0880596794267303 0.19613042300923 -0.216233727193186
0.0198826619184879 0.094521132302593 0.0397184049705812 -0.395533798752478
0.0768121961660349 0.0547914620356939 -0.122603304065448 -0.429771954107553
0.0984677530600869 0.0484997073712574 -0.183940344899102 -0.414736605733951
0.0912823086828484 0.0621224572647992 -0.151251185578358 -0.429028548679364
0.0181962035358775 0.123957705632528 -0.000771330517871805 -0.400100871988853
-0.0818273074568795 0.12066840918862 0.150566357621736 -0.251493815205107
-0.155600466475788 0.00223567758064483 0.0781162423219265 -0.0808070394559233
-0.0468496474418693 -0.175660620833836 0.0382540199435547 -0.249863169183171
0.149231231071873 -0.103769966149488 0.212807593384869 -0.450808416189842
0.167100962127855 0.036920320131802 0.716695920650931 -0.404168752966635
0.288161262698126 -0.0961063349302279 0.255322653977109 -0.414633087517232
0.161865430530425 -0.24166180819841 0.0153727546924567 -0.186586985720322
-0.0712224466791878 -0.254322185753812 0.0420462112586069 -0.079532688953957
-0.247241424779807 -0.00953844889479421 0.108632716447555 -0.0195833654693051
-0.185186287849521 0.183624057535909 0.158641029600092 -0.171560531050322
-0.0232673747296533 0.252172866105544 0.0548686179508386 -0.326152634180236
0.116535520967789 0.210653898177506 -0.077181380269297 -0.37747804218631
0.168286949448561 0.207060175094715 -0.134900393972821 -0.360007939033555
0.147889503890988 0.231172645995387 -0.122376038334053 -0.352327881429551
-0.00580842601215817 0.340058488593046 -0.0159416819295087 -0.321701890192105
-0.240854287904844 0.28764987662023 0.0888184206684578 -0.211638571256564
-0.39416683862114 0.0286843549021306 0.00411271779962812 -0.0846654271942466
-0.228707652423571 -0.397934741234273 -0.00652095888845201 -0.27346343558619
0.202948930940305 -0.426380498313676 0.194625446117717 -0.432896144108808
0.401645437030358 -0.201713185546205 0.624472463877783 -0.360538567240304
0.44408358448964 -0.223458035934075 0.134896238759776 -0.374316005718681
0.199252032909983 -0.409568268969786 0.0095505532220444 -0.126945437296844
-0.137667402901676 -0.383759968376406 0.0398478273871596 -0.0957698889936035
-0.377169154086811 -0.024717042805539 0.0818320433614233 -0.0391010232108144
-0.297912358238284 0.268614880430953 0.0949712175986225 -0.129338314088797
-0.0700891840278388 0.389088331508366 0.0476011267766064 -0.218571240402033
0.139295643608572 0.343871834293016 -0.0248083927790377 -0.271831345326116
0.213901592783933 0.333692657709867 -0.0659220475474128 -0.250360006266815
0.185560221319608 0.357656683266818 -0.0692984719120404 -0.222131358527461
-0.0191374329209348 0.504567077633481 -0.0205386015543099 -0.188068198221582
-0.351522971401507 0.425962357630199 0.0179699248519341 -0.12624457794112
-0.5769505517498 0.0783025953552727 -0.0805768103424229 -0.0601471449040886
-0.405897230692843 -0.536997495831515 -0.0697862628899408 -0.255991595152727
0.196816305389691 -0.682904582601309 0.147747424454653 -0.362202843081227
0.557570467311569 -0.4121669027924 0.465491267808042 -0.255828276560791
0.552890948613567 -0.331705049469499 -0.0468178916691896 -0.28329473295215
0.209980033259008 -0.566719709590113 -0.025394467460667 -0.01504936217745
-0.219121635956978 -0.498056004680761 0.0394429749512828 -0.0768850704140923
-0.496756820066456 -0.0277004033485472 0.0508372250023712 -0.0536260982509946
-0.38510626522864 0.336575789916606 0.00718253565792349 -0.0712429650744156
-0.105676878830098 0.484202999878212 0.0241934676756594 -0.0730304950488695
0.142647956198666 0.43169413627142 0.0285501714422018 -0.119922146530364
0.227667590751141 0.408594783340459 0.012730101006668 -0.102966960815745
0.192423415304953 0.428624507814159 -0.0018111093371202 -0.0599333786587422
-0.0300296643445167 0.588635126222069 -0.0102336784108515 -0.0203804904195137
-0.400741602508924 0.503219130043637 -0.0451241913526265 -0.0037122697776711
-0.657726099084207 0.125751503450094 -0.159009151663849 -0.00987230140400911
-0.516612139118728 -0.571660282153827 -0.130166647030013 -0.195267835825609
0.147415778560086 -0.810481759429719 0.089885915520959 -0.247604998918541
0.607137648533079 -0.547771300648915 0.268693032681922 -0.102728482859322
0.582674677159973 -0.400828858351428 -0.269347661101567 -0.143233753255222
0.189342933447389 -0.659763471851059 -0.0830754974481238 0.139683485457644
-0.28504696526729 -0.550822958108591 0.0319290228224278 -0.0243301620257361
-0.555627628410414 -0.0222504105196911 0.00608829483941073 -0.051858951869355
-0.415770922151663 0.360560543572737 -0.0936510389834398 0.00939198411163577
-0.122241479479722 0.508984075100351 -0.00799403010815542 0.0980383993833135
0.131379683666324 0.453938391857192 0.0787915474994166 0.0567134320382367
0.206111732493581 0.417959194924906 0.0887108438175531 0.0605598752068352
0.164315451744171 0.430520083284375 0.0687228509902135 0.106953000325992
-0.0416435456600677 0.572555230821464 0.0112910882011216 0.147649067788638
-0.385110724876284 0.479633220207406 -0.0937766525261883 0.125239716108538
-0.608237136655392 0.133893872430355 -0.213881067673105 0.0457945016720123
-0.504101416471164 -0.503776883114972 -0.167885195367001 -0.112281118545017
0.0931557216695108 -0.779257161471949 0.0384322952863791 -0.110262072349664
0.55305959260003 -0.574603090008119 0.072446356328021 0.0680179013526108
0.51276358053677 -0.40816834626309 -0.494285763685599 0.0294104480112659
0.131093456327118 -0.635816193128776 -0.149668344450869 0.30682941674593
-0.293852277552212 -0.493189887833364 0.0163298644271247 0.0483811741558532
-0.497918649137244 -0.00912020262075277 -0.0462993669842632 -0.0331184883372016
-0.363561171019773 0.315305745974427 -0.184340349508937 0.097363402173232
-0.114217156246336 0.442827955561961 -0.0378511353537568 0.262133767410299
0.0994511316934438 0.399977831664216 0.118407144171315 0.229412534127662
0.15464607888407 0.364326580376243 0.150785426954344 0.213921622668784
0.108806689314116 0.368821393524636 0.125522420751333 0.253115854799061
-0.0546371750649752 0.464870824643117 0.0285210173042622 0.283675252514609
-0.315092896116275 0.364558987382512 -0.128006712429292 0.2245178958619
-0.452393487563811 0.0910272025497039 -0.236214000237969 0.0796550940105626
-0.376148109059619 -0.360904619261635 -0.173629396318532 -0.0380602473354992
0.0496537121840777 -0.607939086781019 0.00317568537073461 0.00530284687612745
0.415879075952715 -0.500047919812617 -0.0895631921849325 0.214673087494976
0.348938387087417 -0.34201051419203 -0.672095402728549 0.20290250628415
0.0519053842215523 -0.474564528812793 -0.207947536144409 0.444390148610543
-0.231438793885352 -0.319870139017477 0.00199968239955682 0.126681401498365
-0.325174771067985 0.00418629217130512 -0.0810050631797193 -0.00546332789302927
-0.238111692398152 0.201979425794174 -0.237536830565652 0.164669505525193
-0.0851485356968666 0.293186190395457 -0.0575687617071482 0.381002155756723
0.0503070396781074 0.27910857828506 0.142686374409501 0.366548600347922
0.0781268177977076 0.255552974837226 0.190160821846738 0.333811380616802
0.0412944212728866 0.258792012412595 0.158264093027863 0.358738677737068
-0.061301298601779 0.295302325753537 0.0304398117051827 0.366962644874047
-0.208621934731853 0.197476155095775 -0.148441576575113 0.273553223702442
-0.246704746991346 0.0303695467700239 -0.22800111175042 0.0805801402311174
-0.20405314021916 -0.184832775625293 -0.155670558657448 0.0100140944337386
0.00455857304734019 -0.368762303064689 -0.0174739254986098 0.0765542252975652
0.228157112734426 -0.364522723296721 -0.198702214750346 0.314411147752933
0.119506631399871 -0.208459783954993 -0.763757722284818 0.345230093912366
-0.0360122353165306 -0.219453398999811 -0.236594206038003 0.530450417672234
-0.119875743806187 -0.0849899530936668 0.0075080918881249 0.200964424127885
-0.0897936869856264 0.0134626667818516 -0.0778077123993454 0.0214417795566284
-0.0750537289888487 0.0519376589390834 -0.240011756182031 0.190286911592303
-0.0483239571629705 0.093783179721437 -0.0663585878621704 0.42920620054562
-0.0128640057246537 0.111667030119877 0.146140696328808 0.441572680629299
-0.0115614535025886 0.110025388939125 0.200654184282454 0.403581447275805
-0.0256965688171312 0.115310831864843 0.161003163225758 0.412251994225262
-0.0488079238120407 0.101986866975819 0.0167380828802524 0.397958141342592
-0.0823598863819519 0.0348089905890828 -0.159128679170461 0.279034939067765
-0.0480212204356801 -0.0090949446832162 -0.197889568516609 0.0610711387213673
-0.0569104273387884 -0.00994365759700861 -0.126826302712727 0.0361775735504164
-0.0558382535214155 -0.13050482895471 -0.0327469315235683 0.107523733967448
0.0250953486087503 -0.2024971530179 -0.251952364251063 0.360796133604257
0.112227711267565 0.0301089620814809 0.280074222516632 -0.417120144088163
0.105013167507833 -0.0849647849214784 -0.00458690969932554 -0.196519328574813
-0.0245762787724332 -0.122250803775899 0.0519117648762621 -0.0461320507551789
-0.113712976136579 0.0115500166912827 0.136724911401644 -0.0234134883399962
-0.0569395278341242 0.090639232220115 0.172177895986015 -0.22036554170356
0.0262227374872802 0.0900575585062752 0.01004474182384 -0.381185855093087
0.0778828118055533 0.0468545813349954 -0.145289025460477 -0.405560689351655
0.0982577688152172 0.039020406352613 -0.201383083939305 -0.389589947564858
0.0918840367298731 0.052453098132262 -0.171323340601913 -0.402289880873206
0.0262056780673439 0.119905031629246 -0.0248319023627655 -0.385711260529393
-0.0700015915781328 0.122886202005762 0.129101594685063 -0.252011283240526
-0.150314202111621 0.0121241816825941 0.0703773182692938 -0.0826911726016607
-0.056150212559141 -0.168548642237313 0.0170377780244774 -0.245348310269562
0.140364799810714 -0.110631191480636 0.178464789721746 -0.443235975514826
0.165906805475693 0.0259303893680551 0.669619024882611 -0.431563044788791
0.274385056817354 -0.109850761341695 0.226443526591534 -0.412990413685956
0.142426699752193 -0.243624224148072 0.00986866796558044 -0.179024860156003
-0.0858594042539212 -0.24368142823819 0.0336009836391174 -0.0818797988025995
-0.23953977653221 0.00667372851380156 0.101399936244196 -0.0279943870099221
-0.166805801746502 0.190392214156011 0.138441110810515 -0.173983917916833
-0.00538951946956694 0.244895891973114 0.0296681090901501 -0.315306960522458
0.126447976283306 0.195351238201929 -0.0993460015989554 -0.357817569484681
0.175183004105589 0.187513286434134 -0.152382088316305 -0.339013785296951
0.155984978513976 0.212240198089969 -0.13831810853161 -0.331004717337642
0.0170223523868928 0.329961636443818 -0.0338368837858073 -0.307386963781125
-0.213005969834034 0.294185432433233 0.0709290729229409 -0.208720463814762
-0.379032619611681 0.0508918549438033 -0.000982539886530637 -0.0798057226734312
-0.246774889638298 -0.37152036635181 -0.0263796313562133 -0.264483553189078
0.172721394831016 -0.424962501879363 0.162970322894333 -0.425893480310598
0.38092464959483 -0.219712653588442 0.583613304700525 -0.384526485522851
0.415990664488143 -0.242587865969759 0.112432369676068 -0.36752571182196
0.167580936465914 -0.405963755992413 0.00834470193808419 -0.121201061559737
-0.157963954584727 -0.364199194305395 0.0313572850266889 -0.096448305647662
-0.365152798530225 -0.000370224463681115 0.0738882449363041 -0.0468746457223247
-0.270088781571269 0.279204721695194 0.0784494970721401 -0.127414230262972
-0.0416491967779393 0.380138204716942 0.0304551656212297 -0.210790940905539
0.155965323885318 0.322256983019969 -0.0434939558623723 -0.259253014267678
0.227574253775017 0.306853189546618 -0.0784668441583689 -0.238535443514579
0.198485978751738 0.334484543347753 -0.0781643339575619 -0.208161345253085
0.0139046968653181 0.490372486021287 -0.0291410966012548 -0.17791050052866
-0.311484082497999 0.437774405203003 0.00758527940279956 -0.1204126643874
-0.552697174432016 0.110230613030933 -0.0811800462808687 -0.0492133870163601
-0.426554638035318 -0.496908072356333 -0.0850483140167286 -0.24210752068293
0.150633670497935 -0.672248193568978 0.121427891479237 -0.358337849078148
0.519227271860974 -0.433055224155227 0.435545398742007 -0.272582835464264
0.515543177737232 -0.354182217601891 -0.0588425116337765 -0.270992554990615
0.16973420307863 -0.558896153689147 -0.0188518989186561 -0.012344535726993
-0.243797526591194 -0.470345498032388 0.0325293853971158 -0.0770174212806425
-0.479989603365289 0.00232016393761634 0.0442535426229624 -0.0611758156907925
-0.350498030256788 0.35006875734864 -0.00338811732456582 -0.0659136458658388
-0.0698727280984603 0.474606932160807 0.0174186970001786 -0.0687384603360629
0.165542319787479 0.408553640439605 0.0170917916635115 -0.117241583683853
0.244830752389518 0.378120500124759 0.00635072595112058 -0.101954514261703
0.209875274614593 0.401520942323715 -0.00191754750393516 -0.0568853216576044
0.0103347964782737 0.570941431184455 -0.00708192937877244 -0.0168644835602247
-0.354913910612372 0.513459251320639 -0.0465314895466097 0.0031480272527755
-0.627158200410743 0.16169849979594 -0.15402560217645 0.00621107841057232
-0.532786169793843 -0.52391430303694 -0.138224307382629 -0.179048842851456
0.0942058685817674 -0.795352239298639 0.0711458487024586 -0.243134925383879
0.562095539121924 -0.567056040298448 0.252691965486601 -0.114538932207751
0.539823392049961 -0.421404632856127 -0.266229334500094 -0.123463005258196
0.143300043194556 -0.647192645458359 -0.0665405807408057 0.141328440435954
-0.310781477977908 -0.51689497054616 0.0289045604219468 -0.0250876722839076
-0.536263543589029 0.0102626244050691 0.00118498309545895 -0.0575318915949554
-0.376998194380587 0.376549039064959 -0.0950702731585507 0.0189450579873032
-0.083483506159238 0.499978767825342 -0.00251463806917373 0.0978762511488425
0.154469729087992 0.430122730370641 0.0760369547909029 0.0496281309271887
0.223651032294037 0.388900989448954 0.089118206050789 0.0513897585404144
0.182818326242362 0.405120259395458 0.0760975241795256 0.0996527175840672
-0.000434342294385764 0.556240024246871 0.0234377961822656 0.143796473302706
-0.340494391712145 0.491704468375027 -0.084432994953991 0.13116809751371
-0.580427304042724 0.166498154067967 -0.202350191898133 0.0642640606859291
-0.519166756484174 -0.457338092798863 -0.166521191813308 -0.0956561655041108
0.0438959122252664 -0.759676035052426 0.0288922879561025 -0.107966675663956
0.505827322537769 -0.589047120830867 0.0727754406615066 0.0608753696528526
0.470189388014824 -0.423720969801152 -0.474541329965821 0.0565017927285837
0.0909613298149338 -0.619428643485266 -0.123502451616246 0.305263801818887
-0.314393000156729 -0.460090423516093 0.0190631192414827 0.0470685929927242
-0.481204945805744 0.0184174257902259 -0.0472943133430942 -0.0355667368827012
-0.331937073394437 0.328455249255652 -0.17629381974015 0.109771058310352
-0.0806284083522622 0.434845469770452 -0.0214177529069794 0.257783018362119
0.121050840924247 0.381544399863988 0.125011834931784 0.21331147609378
0.169388389556185 0.341094590011882 0.158760080193693 0.196055815378409
0.126951331476877 0.350969768593679 0.140274536410723 0.235769495860498
-0.0208481031757125 0.453225915576166 0.0486544143246475 0.273153756721997
-0.281231456355689 0.373163434849478 -0.109716933783384 0.228520195515613
-0.430485272540996 0.114381506970885 -0.222638268211957 0.0972071689740558
-0.384824695392789 -0.324807989095706 -0.167047143533305 -0.0230231779904232
0.0116861687724478 -0.589691436816296 0.00149998210294507 0.00452914162778527
0.377529578235751 -0.509024618240296 -0.0773111275193233 0.212167717483199
0.315171024205444 -0.349471512257451 -0.638505582213554 0.233726600551244
0.0201266151942222 -0.458453639846096 -0.172687382443269 0.442286863074187
-0.244531446393027 -0.296247149512369 0.0112085756499155 0.124369402122832
-0.314386306067152 0.0224546770321598 -0.0779513444978271 -0.00502559694562034
-0.217940592056425 0.210035120326705 -0.221881005942099 0.177042528165091
-0.0632559668831063 0.288554635338162 -0.032085158241617 0.373900462209333
0.0651152538125378 0.267176470282632 0.156368180747373 0.342767993079993
0.0896360059440422 0.241629549933401 0.203861990127553 0.309881981777268
0.0542085615149602 0.247833292688596 0.178185341216451 0.335246156385509
-0.039349910506656 0.288335089576954 0.0560730657474726 0.35280795849193
-0.189305353283318 0.204277096447918 -0.124794821259518 0.276643848083142
-0.234912210877558 0.0432352260322792 -0.213910831626503 0.0964291400961138
-0.206696129131826 -0.164732264211947 -0.145199191007744 0.022490375956087
-0.020397326130261 -0.353656389515655 -0.0144419628629141 0.0730624808616483
0.201080070062374 -0.364742669532543 -0.176066843889851 0.313680676732254
0.101418866540447 -0.20691987181588 -0.723688439803886 0.376967401833022
-0.0489033555130058 -0.208474067972402 -0.19995893455638 0.525909730678965
-0.121066847030119 -0.075072401913359 0.0212509777398667 0.195839563290258
-0.0855201794829007 0.016192659057261 -0.0719910881619031 0.0221475198503948
-0.0697256929655395 0.0543803942331686 -0.221889379511918 0.200008328148291
-0.0405306263025519 0.0931595008691677 -0.0383079585451697 0.418561886317327
-0.00614724663705634 0.109907146350457 0.166750090687862 0.414315055991493
-0.005699305111036 0.107741781459056 0.21900996442394 0.377807910410662
-0.0183617709963823 0.113609678062369 0.182281933060055 0.387785790066055
-0.0399753183512863 0.100189973886167 0.0436468772491742 0.381719301646906
-0.0785466767271663 0.0380430694619153 -0.133224529981432 0.281396742537832
-0.0458809719827481 -0.0068216582021546 -0.18644780143702 0.0746646739511125
-0.0535812001549429 -0.00422019970265983 -0.115497705444727 0.0459778780435366
-0.064143471064317 -0.119513384204413 -0.0282748479878644 0.10361457727132
0.0104663833633477 -0.195324439573103 -0.22407828729695 0.360991407121315
0.114644683116631 0.00912086013579287 0.203237623028768 -0.426913522161053
0.0880270885925225 -0.0947616592252581 -0.0285389138353962 -0.182123556353896
-0.0402061768024174 -0.113991964490325 0.0415055014263608 -0.0477979635503592
-0.105127217463662 0.0251507365058806 0.127140187018466 -0.040309415590984
-0.0401727830282565 0.0933351420470529 0.132817785458194 -0.231826515559739
0.0354780921648169 0.0803620566333841 -0.0380987126202812 -0.362924596299615
0.0761380895437752 0.0317294751595911 -0.187724307511406 -0.36802562299639
0.0962702855994634 0.0227303344027843 -0.238505109268165 -0.338468708918234
0.0911147817235587 0.037040311874566 -0.208677620821072 -0.355171007542171
0.0398117068198845 0.110033873490251 -0.0710008012885873 -0.354708082975878
-0.0501615627819735 0.125524901593436 0.0923842096855218 -0.249215134856891
-0.13909695025034 0.0292447817723057 0.0537789737683363 -0.0823478210901771
-0.0782644535102777 -0.148850791048007 -0.0250609795094986 -0.235272560602133
0.110591328453881 -0.120597102352878 0.112505917792068 -0.444492097128297
0.152514851826615 -0.00690970032893482 0.586062795841775 -0.49153805974621
0.249968051492874 -0.148035925306367 0.143651450114378 -0.402981055112498
0.105491051870378 -0.246935253396025 -0.0117182856137254 -0.161676607094674
-0.112664758224188 -0.22019782968554 0.0211245127243103 -0.0720875243282703
-0.222978430133203 0.0332200315953238 0.0964871270207605 -0.0386206065154987
-0.130770848921421 0.200201817181236 0.112594371718121 -0.183417438738732
0.0248729684188856 0.229182056920513 -0.0063404054566957 -0.305013174858269
0.138522758855527 0.165089722957193 -0.134368526639379 -0.329342328340018
0.187017830040662 0.15124722804806 -0.184250208736671 -0.298331601633092
0.171353129235577 0.177969069818407 -0.164448163388813 -0.290719295878195
0.0594363467957405 0.305646859860689 -0.0653160873260864 -0.277327021237272
-0.159821758735337 0.304678212367024 0.0459016587838121 -0.196253883207495
-0.34562986794642 0.0946410850869618 -0.0143437788790319 -0.0631707487223494
-0.28355282532074 -0.312159229079273 -0.0766982016968235 -0.24690533227278
0.100896561796639 -0.414069816084752 0.0926735932105128 -0.439877496999858
0.318715384253538 -0.261379469750566 0.516726032594641 -0.443181921880133
0.367585084081102 -0.29332963709733 0.0308421174517515 -0.333263101364467
0.111921761606647 -0.401805962386228 -0.00623675206331077 -0.101994495273417
-0.194256896727184 -0.324011998769755 0.0199219922757369 -0.0800704632039296
-0.340613007849933 0.0394721279423558 0.070723618515109 -0.0514865193634203
-0.217599987475596 0.295434693815244 0.0680192972307797 -0.131208675393661
0.00759455481948208 0.36018257169563 0.0135744128687828 -0.207947848197826
0.181666851183233 0.280928650323693 -0.0645355392791021 -0.243407577754325
0.250281946762035 0.257628433636442 -0.101611228588151 -0.213990656989668
0.226965400168388 0.286697623495797 -0.0892887540101092 -0.183633177921406
0.0783549499478205 0.45212624139061 -0.0388641058705821 -0.153446519801661
-0.233185940544078 0.450218839781753 0.000324536850726284 -0.100513265840466
-0.498356090773518 0.170907403116376 -0.087189357792947 -0.0166816088233267
-0.465799436120452 -0.402288939195047 -0.135722364382241 -0.215865572370841
0.0505978633094087 -0.63891202562477 0.0544771108489931 -0.38113330995937
0.41725242795428 -0.475560842125769 0.394870725337756 -0.324733586636858
0.446419152433078 -0.412164684264629 -0.125004755791743 -0.210067372920061
0.0968308081415512 -0.544919207679048 -0.0175422308685833 0.00882995731071931
-0.289291371751926 -0.413453748054838 0.0285066044439511 -0.0559033051980682
-0.448796111336587 0.0550669459231425 0.0449286939399383 -0.0602529033807261
-0.28557426516441 0.370724166142273 0.00402730130789798 -0.0619367409945429
-0.00769419354652744 0.453039363750763 0.022653788555852 -0.0733551581191036
0.202086959386415 0.359847380810038 0.0127628011340912 -0.116076690405703
0.275469405386429 0.321655110170544 -0.00500175697430997 -0.0966442485474842
0.245995329599427 0.34883830947671 0.00248901642264381 -0.0507416009933016
0.0855415332376416 0.527209811619121 0.00486017566604283 -0.00447511929633613
-0.260821996541328 0.525334795254966 -0.0331502238026284 0.0245363978962522
-0.560670762755073 0.227039728373169 -0.147250786648645 0.0483256999251581
-0.570621245511066 -0.411927273397702 -0.177766529786568 -0.145762071824358
-0.0152140235240111 -0.74118231351377 0.0178527780532987 -0.270175035921591
0.441864110632777 -0.601646446701021 0.242477426828248 -0.155367469571497
0.457178469879369 -0.478561589647477 -0.304243643927147 -0.0384217637355791
0.0616160376106619 -0.623678359274949 -0.0430582485570967 0.162441684957101
-0.35798367954671 -0.448797619754299 0.0351246595236357 -0.00236952114075942
-0.499689000952595 0.06820777818962 0.00719633356159605 -0.0505376510968824
-0.306836201783919 0.397773046756983 -0.069368937376012 0.0302599926958985
-0.0172177632179285 0.47842130549118 0.0266197580992881 0.0863628292502747
0.194175972543902 0.384479309742978 0.0899218759993552 0.0355283224603612
0.258613654324081 0.335505021666095 0.0927423860300332 0.0359296782998664
0.222549695927462 0.355879196628947 0.0951364478537339 0.0856193642224278
0.0732145085480456 0.514524150934169 0.0553115696385466 0.141220370327326
-0.250404877431806 0.502311137381481 -0.0526748469187142 0.149373610630649
-0.514427890382872 0.224674136119056 -0.184849422009052 0.109002495780788
-0.544610215352262 -0.350337691134353 -0.190771495893532 -0.062248618853598
-0.0576721496748975 -0.702532689449528 -0.00703855839827372 -0.136107858417187
0.38793156474612 -0.612944097479863 0.091303159703285 0.0323107941614768
0.391219129384023 -0.470784352569836 -0.474365216621266 0.155879708606252
0.0141721478029389 -0.590130053661873 -0.0754281552305413 0.323915730975217
-0.353306140568682 -0.394639172948162 0.0363804801440332 0.0659009569711957
-0.447841343798662 0.0708193728282506 -0.0360664397809169 -0.0239874026361368
-0.271331674582886 0.346763219436335 -0.135472071423368 0.127461060977956
-0.022070472136731 0.418246535748137 0.0277673080910924 0.240392671018733
0.158512312676619 0.342109688985834 0.155853481296868 0.185675027103957
0.201905767487243 0.296172354527436 0.175631377120457 0.162666399471467
0.162272636767329 0.313062058179349 0.169867837235967 0.205174519175843
0.0401739259128349 0.419022610854499 0.0944548088926874 0.257292569143635
-0.210690186761495 0.383426862294936 -0.0649961937934613 0.24152797855044
-0.381901059207716 0.159343001775436 -0.198434280640755 0.138003520426736
-0.400786511505974 -0.246661039032246 -0.173739451060437 0.00549750582158881
-0.0649642347769079 -0.541059287485937 -0.0158111097101735 -0.0200467505432657
0.279383519856882 -0.517356651076884 -0.0352320556724513 0.195943744949069
0.251480051259466 -0.375346009018436 -0.59629542465725 0.335711773112799
-0.0331916888026311 -0.430904132359865 -0.104671195141783 0.45401578327879
-0.266059773894214 -0.247524975721171 0.0376149819876494 0.132240760197488
-0.290776454318397 0.0543048441891885 -0.0650195726962038 0.00697986974576885
-0.179072127070741 0.222967543887853 -0.17451357503589 0.197478975515817
-0.0233784048364343 0.278333285136745 0.027167198652746 0.353100835469665
0.0939163020162962 0.243477766174059 0.199827885429254 0.306209269627296
0.11279099912694 0.215468934733106 0.23153470466165 0.263660376991634
0.0836609343543692 0.225099171031297 0.214875116367916 0.292018937726854
0.00263781795249785 0.268856501318145 0.107151895733363 0.327848999639051
-0.146772032445408 0.212552265703633 -0.0775038018990429 0.284164446403196
-0.208778144835975 0.0687124762437898 -0.190452077538041 0.12950078977524
-0.210964423703966 -0.122313398146152 -0.138296746283923 0.0439932420228752
-0.0626231956857485 -0.319139601632032 -0.0171066459334053 0.0557827592038973
0.138911887209286 -0.358059280663874 -0.122443683781347 0.308296302677537
0.0650121267995213 -0.207084397090324 -0.643956475788822 0.465637847335843
-0.0706362976943132 -0.186380338694498 -0.117369419214605 0.529657184256494
-0.121965674947398 -0.0550408782430972 0.0532575632176243 0.187505847256465
-0.0779647433619109 0.0237358068845897 -0.0615390095167265 0.0296004088845888
-0.0602417598929731 0.0589408386391841 -0.178594963617993 0.220326061966285
-0.0267746540535025 0.0930315968526334 0.0224911320608201 0.399946200000257
0.00864683692232592 0.105252921806251 0.213199778149356 0.374550185627655
0.00753493836576587 0.102231868386238 0.252992592313165 0.325355179294593
-0.00131983451586675 0.108038066181913 0.222159894803252 0.340248607599068
-0.0239640265574478 0.0943823433212749 0.0963780895867268 0.353410748805772
-0.0662453505094804 0.043163395552135 -0.0868754517214923 0.283996350269298
-0.0399429376747372 -0.00105014732197753 -0.16533424858092 0.0979846916636408
-0.0466425205913431 0.00541967275974438 -0.0997893241553822 0.0609611323565396
-0.0743579461772443 -0.098241029700907 -0.0219223565764408 0.0963009999098354
-0.0140783288892399 -0.175771001304651 -0.166470214816125 0.36319566602809
0.109444718251317 0.0078417395426097 0.19690920640915 -0.404922164688163
0.0830223213356884 -0.0920978614938699 -0.0223734101351833 -0.1728755431043
-0.039971206869975 -0.109123713743436 0.0371454953126323 -0.0481170770625543
-0.0996572398866475 0.0251034443235271 0.11991630845312 -0.0393561943901262
-0.0375475360101357 0.0895746525819138 0.122750631425247 -0.219947370563148
0.0351127869527933 0.0758807859441698 -0.038749599689312 -0.342495363864244
0.0718125685711547 0.029049606092343 -0.178516888425659 -0.347976132208865
0.0912094247330652 0.0198942450081287 -0.225618161025378 -0.320433368566428
0.0849925998783499 0.0339887926410958 -0.196422378822473 -0.335680547845086
0.0387215829060366 0.105540744388879 -0.0670578657133264 -0.335263493754938
-0.0458430468740486 0.120846998965004 0.0867343689077419 -0.236373614398202
-0.132509804152911 0.0280422172630834 0.0503633198011233 -0.0772436924836956
-0.0752903440868169 -0.142224579086634 -0.0288887781950537 -0.222742420355803
0.106443109990349 -0.116157605184135 0.106385801855466 -0.420746972176702
0.146742888323744 -0.00677100614510852 0.558500678051393 -0.466278338706126
0.238913929637932 -0.140282286470363 0.140540971783648 -0.382496426874082
0.100932811387682 -0.235024556975575 -0.00572894249717816 -0.154384024787287
-0.108687439797611 -0.209486267631035 0.0183593914601059 -0.0712755280538222
-0.211260862227411 0.0321804913139733 0.0884034409691903 -0.0385188065110477
-0.122737481187761 0.190866813098268 0.103297604125152 -0.172008396563937
0.0259381106091931 0.216776032564345 -0.00689082815655056 -0.287223663895171
0.132287028156568 0.155865533309994 -0.128201562883181 -0.310799127098224
0.177353242546151 0.141787262250094 -0.174566770730777 -0.283611078529441
0.161540596785415 0.168440127767919 -0.153764778856963 -0.275368452252197
0.0577936545304761 0.29008564123044 -0.0601502275254002 -0.26162772224633
-0.149096073013162 0.290827544083699 0.0414668193250197 -0.18411679298885
-0.328700580389204 0.0898382596803744 -0.0142811063165015 -0.0575910838766569
-0.269793167375157 -0.296948853362306 -0.0765370571633371 -0.233974177036682
0.0976730874512402 -0.394979622535851 0.0896377739532028 -0.416426124640148
0.30575549781665 -0.248770605339998 0.493104126412873 -0.419113862264724
0.34956844190958 -0.277816153889395 0.0329288125361808 -0.31664033845237
0.108384407561088 -0.380018439728057 0.00108082254362976 -0.0981680118436567
-0.186828801026644 -0.308245038889181 0.0173555528170562 -0.0777403157982757
-0.322489939435192 0.037224314479694 0.0629320456789648 -0.0521272380630828
-0.205304392529498 0.281494134622973 0.0608436032714399 -0.12081081893844
0.00965727943171307 0.341104860186728 0.012222779017505 -0.195052642218356
0.1734213111887 0.266103224394665 -0.0626582470116547 -0.22956773930265
0.23697262100846 0.243085112454103 -0.0977990851800385 -0.203524486642892
0.213928538527651 0.27216867796568 -0.0820826131172439 -0.17383290157668
0.0764062646915454 0.430780352797951 -0.0345408282722102 -0.144526206634922
-0.217403424587158 0.43015860946399 -0.00143206445867133 -0.0922166553751564
-0.471989554451685 0.162646915637807 -0.0816262430627093 -0.0123421326316819
-0.444382485798191 -0.383131201392899 -0.130349037761169 -0.203886152212254
0.0496927970389665 -0.608756120956152 0.0538055257697144 -0.360135218004238
0.401222652343368 -0.452739197770858 0.376164430852915 -0.307631683398652
0.424464303797932 -0.391567505690159 -0.116571700643769 -0.201045533495397
0.0929130737981924 -0.514671273001347 -0.00895690886865231 0.00738646503225472
-0.274683494048194 -0.392472348842107 0.0261787567936878 -0.0541176478495787
-0.424778060233354 0.0515239226008232 0.0375629263774042 -0.0618326219756966
-0.268246952207455 0.354065999972463 -4.51044410202548E-05 -0.0543376989364091
-0.00506064531325432 0.429178138062748 0.0215722899183686 -0.0676146180107509
0.193021262847408 0.341421964640175 0.00931698399198241 -0.109199068379447
0.261880789513392 0.303840147788554 -0.00528955969136443 -0.0929149848247444
0.231397506417404 0.331149621251588 0.00519345031397461 -0.048754273973302
0.0839771720106069 0.50124763142772 0.00814696472031285 -0.00381408396684254
-0.245415963200431 0.502336265743194 -0.0323511634315484 0.0270742329483319
-0.531306774820355 0.214917044488634 -0.138427053570911 0.0509697431191137
-0.541561017004677 -0.393304772318656 -0.169195252826005 -0.13786691734545
-0.0121378324572891 -0.707905113788927 0.0168721386370973 -0.255681028970436
0.421179911213242 -0.573064145368861 0.231710845087963 -0.147475338149309
0.435589945088837 -0.453073605984628 -0.28830047781187 -0.0394037457021092
0.0600441241884671 -0.590375907382106 -0.0347635742791381 0.153596328599753
-0.339420650173425 -0.425949349475617 0.0341586126668024 -0.00259263516677445
-0.473846478626461 0.0644775608695408 0.00247899759575006 -0.0530001672738327
-0.290282483820909 0.378821925401963 -0.0687023032079557 0.0332163129186832
-0.0144175836545388 0.453750769478977 0.0259298629324879 0.0836583055546565
0.186473874313644 0.364799465695425 0.0824709776294879 0.0338238772885857
0.244156748350192 0.316918817964866 0.0873785098828174 0.0335570808640578
0.210777998552897 0.338426482302099 0.0930177018628399 0.0802923278955467
0.0710537239376301 0.488780884566108 0.0568584186487838 0.134907274335498
-0.233585319597109 0.479697684890958 -0.0498087580608464 0.146789187070104
-0.48748285561667 0.21376389771657 -0.172777146383918 0.108287206700441
-0.516342088762152 -0.333403022520286 -0.179271726824933 -0.0576869249776938
-0.0533784056057355 -0.66876738731309 -0.00804457867615956 -0.129102842227548
0.371695905181383 -0.581750293389908 0.086309223512224 0.0303953967673248
0.371997440601547 -0.443996301851894 -0.451654415050242 0.145472380570089
0.0140384561214697 -0.558284983694235 -0.0674565545324194 0.306772312509244
-0.337116645415741 -0.373103467550179 0.0367277133049295 0.0632120069319922
-0.424568910348223 0.0671631909674656 -0.038137826132789 -0.0279293618400697
-0.25480834820847 0.331174664386331 -0.130260008729109 0.124771164543978
-0.0190666315126333 0.396790808816781 0.0277967889983827 0.229751208577371
0.151673820275624 0.325701948299387 0.145032489923736 0.175009810167444
0.19073261360257 0.281797334608702 0.166385999082507 0.15387328254312
0.155281534780486 0.297237554250849 0.16385623794023 0.193391642885938
0.0399679196596665 0.398456488065905 0.0937813866720382 0.243620441687879
-0.198838134452671 0.365961644683458 -0.0601485967118921 0.233164986818889
-0.361340452441373 0.149437378732612 -0.185658681224131 0.136042615328921
-0.379401532823151 -0.234814706453295 -0.161684493096416 0.00637449635656848
-0.0614958424288781 -0.514339312286593 -0.0176047921700234 -0.0189605947941765
0.268283835417701 -0.492442761539602 -0.0347897569985625 0.185753454010998
0.240200207456342 -0.353907052743758 -0.569873347902912 0.315870885100572
-0.0314134357325711 -0.406740886556495 -0.0980418965032027 0.432228447299043
-0.25345681504369 -0.234646688713982 0.0384835167859971 0.126466097570775
-0.276127171180297 0.0511162130645198 -0.0639308116696477 0.00243931550798968
-0.168812164643667 0.212467428405736 -0.16692785514367 0.19085607785026
-0.0221129371996199 0.26400885117139 0.0266895924428872 0.336082306365619
0.0897376723638716 0.231211213727484 0.187039544330656 0.288547109051401
0.106654862614597 0.204825065210778 0.219846918674529 0.250186037731246
0.0793492659731298 0.214201714540833 0.204604342618204 0.275303036020634
0.00298870984203666 0.254396355084162 0.106160043371292 0.310103482467159
-0.138353236232036 0.203152208695074 -0.0699835591396899 0.272516204863235
-0.196363588069712 0.0632913905125177 -0.177933723364789 0.126817439533064
-0.197941607593975 -0.114655798424967 -0.126994772318237 0.042782388274952
-0.0596219847142407 -0.301314312466917 -0.0196230976459717 0.0524615669456767
0.132328234088755 -0.339419462270869 -0.117079203811144 0.291401101664639
0.0616848075685881 -0.194901016503048 -0.61626551329526 0.441155019586429
-0.0671639935427395 -0.175083013097546 -0.113274425835154 0.503734223795516
-0.11612498029752 -0.0512243319562833 0.0539945896709821 0.179336732089479
-0.0747008691813152 0.0213860111895847 -0.0585009674917893 0.0254900757837617
-0.0570551493429767 0.0560613792517808 -0.170627331568386 0.210319477257057
-0.0258375381263052 0.0883418498553437 0.0212706038393838 0.380887371014204
0.00823398177029352 0.100674820975412 0.200477028689003 0.355692074732712
0.00656576829539354 0.0983307522667527 0.24002753047717 0.308303973861537
-0.000723888677850388 0.103449120090965 0.212163778259198 0.320356959685858
-0.0227923148865392 0.088031571667045 0.0945176668239134 0.333663788659747
-0.0632997711602091 0.0400615327417991 -0.0779106058262004 0.270732226958288
-0.0364605031672896 -0.0023432621405065 -0.154734390132064 0.0958150838159034
-0.0415072351713465 0.00617042450996389 -0.0902234023009575 0.0590224590327895
-0.0717197597062389 -0.0894269206294609 -0.0245132684259668 0.090527211796333
-0.0140442279656559 -0.164968712917545 -0.15899624182723 0.341891150253793
0.107643122779153 0.00975044854671458 0.206733851453933 -0.389718322054885
0.0830132229469648 -0.0893202170143222 -0.0136360214853824 -0.170131404879317
-0.0385306861193273 -0.10901306396755 0.0355179448462136 -0.0484660538394797
-0.0983523929130194 0.0223778316189302 0.116198493058679 -0.0361632690461222
-0.0380250948946186 0.0880152838834142 0.122099952323229 -0.209981862890362
0.0338442875877012 0.074170029987473 -0.0315063485640132 -0.334140690530593
0.0696722499913848 0.0296238197617199 -0.165994707313194 -0.342171096517601
0.0883338114404125 0.0203857789985872 -0.213387997593849 -0.319812527210014
0.0813469692660442 0.034276041907795 -0.183167929695901 -0.331302380910694
0.0361375452853643 0.104927557210864 -0.0569791411662177 -0.328072451299441
-0.0465135497425299 0.118006313929664 0.0889508516594574 -0.227820634695767
-0.130408552666271 0.0252395526418549 0.0507085910912252 -0.0729679553709568
-0.0707570774973778 -0.141890042838241 -0.0271898377010186 -0.217220467105699
0.108562813772768 -0.112336667615477 0.11690421996135 -0.404267277303632
0.145619253708589 -0.00334639208595208 0.560147122177338 -0.438432533264815
0.236689919462653 -0.130976714449359 0.148781605258193 -0.3699843747278
0.104996831442712 -0.227158314873214 0.0033798921203313 -0.152476619310369
-0.102490063196497 -0.207269598977926 0.0177638471464545 -0.0715478180054013
-0.206865316941571 0.0262735837769712 0.0844047713466848 -0.0370679367129226
-0.123275310444179 0.184908872890976 0.101829384554454 -0.162782677463692
0.0214714653247958 0.211929389095271 -0.00134132486386488 -0.279274323756235
0.125724681582296 0.154450371283985 -0.117296269712096 -0.305342320824012
0.169730481024093 0.141449911158272 -0.163974796061786 -0.28170254259016
0.152099940898638 0.167306372272817 -0.140837294064003 -0.272422324638886
0.0509227529532858 0.28561116338295 -0.0501152891741092 -0.256181078899751
-0.150045244656808 0.282403973438794 0.0432165309506835 -0.176505574381111
-0.322719071687411 0.0807585158231109 -0.0125627150188103 -0.0542931581583558
-0.25794745192379 -0.29679865525452 -0.0725001747047505 -0.229628846185504
0.107019127584385 -0.386053155212953 0.0992341645239696 -0.402492228362446
0.307532047666293 -0.235996892990811 0.495576697112022 -0.396319761116369
0.349389276987821 -0.261988944051802 0.0427248515784519 -0.310051694791073
0.116127404079563 -0.367871661939347 0.0100587378240069 -0.0973555069806412
-0.174646272505622 -0.30514015702975 0.0176103528570593 -0.0778625888781586
-0.314924142387652 0.0283848929766489 0.0583432605468853 -0.0524336395285467
-0.205792000401043 0.270857932150761 0.0586629984897347 -0.113097393993624
0.00341159769593558 0.333517046821008 0.0158376583938164 -0.188739678023657
0.163449634885344 0.26422547126465 -0.0570973072720279 -0.224580295786378
0.225739815791134 0.24001054210984 -0.0903385973290311 -0.201717777388433
0.200916223840282 0.271106418617799 -0.07332916584232 -0.172685783480503
0.0658779100172233 0.422659580712168 -0.0277423794140577 -0.141193404172602
-0.220407385824266 0.416706028093138 -5.43418611657697E-05 -0.0861853426532828
-0.465334284822485 0.147622637424264 -0.0782083406560114 -0.0102618881083256
-0.424897218639147 -0.386106524846051 -0.124301644949365 -0.201920688673907
0.0646076375493434 -0.59665813179088 0.0626035138142693 -0.349289022859995
0.407026681703551 -0.434346410169695 0.378371021346377 -0.291683869169014
0.424336102444451 -0.368903257175176 -0.106773781030584 -0.20086438573987
0.105889657139651 -0.498687542457949 -0.0021654418406161 0.00481860686878826
-0.259603930678735 -0.389786265990234 0.0270202311114652 -0.054284905652377
-0.415261769559307 0.0393984529674468 0.033444000941959 -0.0633352233325953
-0.267660048730186 0.339721285398916 -0.00161169037500606 -0.0487348761250839
-0.0128948134529745 0.41902733781038 0.023177581695036 -0.0643004887205612
0.180789259026577 0.338116373860789 0.00960130804680919 -0.10573580432891
0.247918509121527 0.301479244283405 -0.00332082887045241 -0.0913091315071286
0.217796478632238 0.33003418833648 0.00903932009241529 -0.0481484435887693
0.0721704554295928 0.493287717594514 0.0113761225425006 -0.00320565287716225
-0.248662165703238 0.487859508153042 -0.0333225731466184 0.0305418790650831
-0.524592234864372 0.197662003857298 -0.13416525654184 0.0497540385550387
-0.519756986328136 -0.395638655579043 -0.161816449299009 -0.137992484865447
0.00559192811244595 -0.69464668688732 0.0214771493135169 -0.248653958401092
0.431061656776583 -0.549768510360372 0.230951005661927 -0.138582621840287
0.43800149296352 -0.430579182594874 -0.280212100005352 -0.0470358655544678
0.0742243182810911 -0.573046090037355 -0.0310863805967631 0.147164600508933
-0.322229442534603 -0.423474487856377 0.0349838328962855 -0.00247307738562066
-0.465164334812229 0.0514306586732909 -0.000808317974407921 -0.0567069212898661
-0.291167673406485 0.363849492380984 -0.0706674821492988 0.0354691779164435
-0.0242035671876715 0.443379447466842 0.0240752799341794 0.0835726239656562
0.173444003499791 0.360743539366946 0.0769830829267642 0.0345843943112843
0.231516535244913 0.315159447469893 0.0842751978690979 0.0343074290318902
0.196792494268548 0.336611946355123 0.091267442312827 0.0796250141811015
0.0598948978479796 0.479381533106312 0.0559344281208268 0.132506089704037
-0.237304179185737 0.464980496336826 -0.0518237484392924 0.146017384779647
-0.480121284350171 0.196242277986554 -0.169327289967088 0.105880907103618
-0.496507521259754 -0.338646032982631 -0.171889774737775 -0.0598932798081242
-0.0347800027861147 -0.657309920610884 -0.00622667661293012 -0.12553978145201
0.380530773136074 -0.560794299963775 0.0839210047225365 0.0310667939688773
0.375373991011007 -0.423735896243366 -0.446195904460245 0.128810258283478
0.0286523580404747 -0.543122920459032 -0.0683502573146777 0.298232210508154
-0.320026856028348 -0.371978985130411 0.0362321987362356 0.0625408559303677
-0.416676371720705 0.0546704081546209 -0.0400138242320706 -0.0327518443029442
-0.255379055791927 0.317550024821382 -0.132034618007232 0.123302600323577
-0.0276554053351733 0.386364248794248 0.0219942204040112 0.226270683721363
0.140180064461726 0.322359255240531 0.134293102036727 0.174564372294041
0.178690175870021 0.280530268080036 0.158735238742175 0.154518492493191
0.144169320296706 0.294803339647295 0.157514067506511 0.19139961698318
0.0316613958756803 0.389318849340522 0.0896720087448728 0.239685215095984
-0.200973163561469 0.353374649158348 -0.0632076190818045 0.230404632276611
-0.355215682475737 0.137910627166365 -0.181998074438764 0.132502984697726
-0.362775855726815 -0.236917387828988 -0.15486399658919 0.00330138475764396
-0.047665482141183 -0.503383143980914 -0.0188179083002707 -0.0187731289731969
0.275387563582892 -0.474784657340209 -0.0390733778809108 0.17892172028946
0.243783247398933 -0.338694785818417 -0.567234328115552 0.293456940312334
-0.0198088764546377 -0.395746686907965 -0.103248447737043 0.417558935478657
-0.24120770726837 -0.234262386098916 0.0379564386746947 0.125331138035585
-0.270566314083435 0.0429147041149928 -0.064494979650421 -0.00271355842035385
-0.168916363020613 0.203559339573498 -0.168833769181305 0.185237136596252
-0.0276488775699677 0.257465460994701 0.0184906233326403 0.329868913789765
0.0820679730131487 0.228766931596761 0.173331849784249 0.286272998655075
0.0990628206609515 0.203503945919126 0.208995330060831 0.249060476666756
0.071771211556598 0.212102796018258 0.194902887365744 0.272186072589373
-0.0024949791755681 0.246919448361615 0.0996317446846354 0.303696185877726
-0.13972783760063 0.195429690102678 -0.0721216429744596 0.266531445710443
-0.191899615362862 0.0562653897547218 -0.174145409285944 0.123070486961144
-0.187759420780825 -0.11605107355279 -0.121875145174549 0.0394272344295381
-0.0518897351870944 -0.293458574303988 -0.0237316920425993 0.0510231324404821
0.13679653153192 -0.326193981683548 -0.122765356503354 0.279843241514159
0.0654040574271428 -0.187010973816479 -0.617758244470627 0.415881655244981
-0.0609781003804789 -0.170805310182736 -0.124534196143303 0.489256795706237
-0.111929905693785 -0.0520310661398856 0.0516426047215078 0.176576044978341
-0.0731361625171075 0.0181024312264125 -0.0579887054789488 0.0207721034056993
-0.0566183329975057 0.0531756266763949 -0.171962579777009 0.202383149209505
-0.0282801791485084 0.0861173110170357 0.0120944271856158 0.372076029297622
0.00525506150997636 0.0994458509310181 0.184654217416089 0.350176528807247
0.00337394865699441 0.0977360943248255 0.22752354363345 0.306963581208457
-0.00300271955731905 0.101149413332126 0.197700479644 0.317205474117938
-0.0246749013001603 0.0839037204910941 0.0866511935194374 0.326014104354935
-0.0636649288835611 0.03718706014357 -0.0787672813371533 0.262410050191734
-0.034011820957096 -0.0048501289017776 -0.151383898250778 0.0920741408711536
-0.037950888307672 0.0063925732714933 -0.0858524474090907 0.0564698430866683
-0.0692980541519231 -0.0856896712729181 -0.029708226129793 0.0879244079093824
-0.0105086399109032 -0.158628911755369 -0.165148198832596 0.328283130855257
0.110279824879767 0.0120106291056037 0.223426259970964 -0.39125669661504
0.0857691832031316 -0.0898950777055501 -0.00543637642182158 -0.173913489033892
-0.0385448533466812 -0.112679225813568 0.0350450805646052 -0.0511743968367896
-0.100791853229829 0.0214216994510291 0.117592456559433 -0.0361017115697953
-0.0402979141531656 0.0898718001665066 0.125998716371937 -0.209388347837452
0.0336181031903905 0.0756075415635223 -0.0256023263063538 -0.338697208240522
0.0706742518984129 0.0311996298395653 -0.158875354912411 -0.349760634861491
0.0885415481366718 0.0218047990924713 -0.207442689574964 -0.32969002652385
0.0804949313211376 0.0364137165290103 -0.175303987441676 -0.341043450854354
0.0353757577272893 0.108604554790182 -0.0481494723920525 -0.333475762409052
-0.0481526217853713 0.119877299289529 0.0951789506041632 -0.227691444680839
-0.133659035432682 0.0235773742403921 0.0522353424941454 -0.0709737948630156
-0.0695180558080406 -0.146993743642319 -0.0258457968377849 -0.220204055982347
0.114194956146035 -0.113015423811787 0.129810273592936 -0.405719290161248
0.14986103832743 0.000304420834266338 0.581957838840301 -0.428743885608785
0.244470581585102 -0.126298396395175 0.164685609977958 -0.372712135799411
0.112821540902578 -0.228587507251815 0.0127001266934538 -0.155176221580125
-0.0998430422927338 -0.213898779513416 0.0177595847127421 -0.0740897239661276
-0.209783386645067 0.0219704109388534 0.0828376368541868 -0.0375145140475122
-0.129130467544364 0.185793849662548 0.104562184259709 -0.160216947767628
0.0182548916986142 0.215590272946724 0.00455455277064767 -0.281849493648496
0.124178938817875 0.159512469761965 -0.11211944702091 -0.310969868844031
0.168335104360456 0.14582732835526 -0.159235090867106 -0.29023588141627
0.148435389301517 0.174215283503671 -0.134185558408799 -0.280413492926658
0.0469483306696255 0.292466159911753 -0.043588236373005 -0.260636564316963
-0.157293722292017 0.284981521947088 0.0474974207087712 -0.174310659759629
-0.329517226033861 0.074710505988422 -0.0111077460304212 -0.0529978034020283
-0.254917056165716 -0.309336101260172 -0.0708481061927245 -0.234386458095528
0.11979104385393 -0.390569433559958 0.112491260443497 -0.405060807833138
0.321463195573728 -0.232599514335316 0.515076254815457 -0.388155806079369
0.36150389893823 -0.255377508809709 0.0542256592932032 -0.314653394123213
0.128857283697766 -0.369716831021353 0.01968887591062 -0.100664009959947
-0.1700965229216 -0.314933941326056 0.0188151783804149 -0.0807459216287174
-0.319656601964204 0.0204476005624608 0.0559124459589428 -0.0544323242846651
-0.21273191865477 0.271046416256873 0.0599539321326751 -0.109766745368843
-0.00437283426499579 0.337743942183286 0.0207402414549048 -0.189808144995284
0.159840463451857 0.271834010365107 -0.0542352488603663 -0.228264401513923
0.222799640509733 0.248246801283486 -0.0863948350932289 -0.207260812244331
0.195661238334486 0.280391994362193 -0.0671103834247669 -0.177484300491446
0.0597467598534744 0.432151236218991 -0.0215412705005689 -0.14284457085818
-0.23180013987675 0.420673255661604 0.000700648976270968 -0.0832138239230422
-0.475586458830703 0.138919686549054 -0.0782549484222846 -0.00952697439294491
-0.421915642638912 -0.402410543621948 -0.122774643987351 -0.207475940052209
0.0822232360982217 -0.607588913481455 0.0733357495886154 -0.352683094032738
0.42820530613601 -0.42978197500885 0.39296051802576 -0.286515233872949
0.440507079732965 -0.363214130243397 -0.10169367364296 -0.208062705694988
0.123679706461634 -0.502062614439266 0.00466049750511854 0.00250432242390829
-0.252949626460268 -0.401689761043683 0.0286334990377743 -0.0564803843883081
-0.420486904378949 0.0290656302478758 0.0304285146464387 -0.0668543900820761
-0.278808540885104 0.339140808398905 -0.00320650453428421 -0.0449941158330445
-0.0223147390102534 0.425833793716618 0.0257576198873985 -0.063209566897321
0.175906790955404 0.347839303299481 0.0103729142883955 -0.107367888106613
0.243028247597243 0.311760561551376 -0.00140584574653209 -0.0931802174087241
0.21215043989305 0.341235083942633 0.0133523371893503 -0.0499515416994982
0.0634694585722977 0.502681689425502 0.0155686783985748 -0.00275614354851036
-0.261327866120998 0.491862914068319 -0.0342019876318183 0.0351768395441554
-0.536086181907715 0.188169644482066 -0.135072726253721 0.0518160092605982
-0.518221569958119 -0.415025858593512 -0.161639114811604 -0.142953810008616
0.0247654161250397 -0.707611910146916 0.0275121965474868 -0.251586604956813
0.453755130491637 -0.548985596271951 0.239378548547426 -0.135650614370131
0.456587449687897 -0.423745744411846 -0.283423729746282 -0.0568117934406055
0.0928294084970414 -0.577842192894076 -0.02900604426419 0.14658642898385
-0.315419643704663 -0.436623207038365 0.0371353794720203 -0.00264402094725684
-0.472023578064709 0.0408597439891648 -0.00404657297322517 -0.0611020771146539
-0.302894707380801 0.362721190673898 -0.0745636422184977 0.0386986190572216
-0.033786643449957 0.450228974363335 0.0231194663517469 0.086616494738346
0.167260449677861 0.371451700854844 0.0738237052340347 0.0376542520101198
0.2264954169164 0.325950464742274 0.0842531522999817 0.0369584468790021
0.190036189082345 0.347866940351072 0.0936976165127903 0.0814565618852885
0.0512505605975714 0.488358334614455 0.0573841781006318 0.1354950387201
-0.251835578584639 0.46863444041217 -0.0552694979694383 0.151977937109226
-0.491591391241606 0.187259053527135 -0.171378051238225 0.108159415556223
-0.494845721338985 -0.355399425464157 -0.171409367936257 -0.0643633903556462
-0.0170283443641099 -0.669678824353028 -0.00468537991065298 -0.127285771249589
0.403913842205893 -0.561091826619767 0.0843273385324386 0.0316318492185416
0.393448744569917 -0.418121715854222 -0.457619588882299 0.117720078691025
0.0457537503576498 -0.548132048264026 -0.0721204687888795 0.298680088668979
-0.314878127499351 -0.384330779527744 0.0385966702914251 0.0633697804461771
-0.423037902588522 0.045431364113657 -0.0435083405995685 -0.0381476475906187
-0.265861384994505 0.317052252001283 -0.138606612559467 0.125015445774971
-0.036764821412809 0.392891354028491 0.0177016955013714 0.231277874148165
0.135066880397026 0.330899230644512 0.128811047475427 0.180375763326185
0.173543407036293 0.28947844245336 0.157065440528357 0.160528257352853
0.137913996682305 0.304621733626767 0.1570583902896 0.196826975814761
0.0232223331856348 0.396687158357061 0.0886948889164062 0.244394785073597
-0.211213582346362 0.355191703871044 -0.0674584615214484 0.235465654837468
-0.360680374912604 0.12911715143823 -0.184868601543273 0.134186843734375
-0.360542391535802 -0.248815535931757 -0.155293850819687 -1.45416744375782E-05
-0.0362096658563706 -0.51192396955189 -0.0213125162687084 -0.0194121349610791
0.292926870270304 -0.47278197945389 -0.045087225575664 0.178257559230422
0.256007148878926 -0.33505779884819 -0.585860693132466 0.283269396107952
-0.00908659846918036 -0.400092623385998 -0.113076603959717 0.421759307668566
-0.238433979168532 -0.242123678837251 0.0384955305728659 0.128494087414804
-0.275151250103377 0.0360916095836747 -0.0673133563832526 -0.00733079804476021
-0.175709800461613 0.203051057378219 -0.176377181071617 0.186309288539603
-0.0345253375481738 0.261605482951022 0.0117951313836442 0.33609856142551
0.077512885248389 0.234676718697114 0.165034858663373 0.294866967221671
0.0939128271419919 0.209987756877384 0.205987822712862 0.258266633026316
0.0670929091065925 0.21809706749119 0.19207183307647 0.280895709062793
-0.00829271293056364 0.250404649707359 0.0969017836033791 0.308896105703714
-0.146166323225592 0.194937855058418 -0.0759014771102736 0.27053647674261
-0.194120196377317 0.0508887387722641 -0.17715012729161 0.123085882427731
-0.184486769473551 -0.120869087805483 -0.120954893037901 0.0370394222168352
-0.0462100865328804 -0.296848337264728 -0.0289736217189616 0.0515459877837593
0.148347439696634 -0.325850293937469 -0.132691205909427 0.27888102037348
0.0708400115694469 -0.186879702291487 -0.641620771648789 0.406444533133721
-0.0582607255368729 -0.172825828214534 -0.137917502813733 0.493506069421543
-0.111472094600283 -0.0539091199189302 0.0520320294478835 0.180713286696828
-0.074833652656587 0.0157458713962424 -0.059314586250579 0.0169987532323023
-0.0587848206739933 0.0521082157357994 -0.179846786236063 0.201812423935447
-0.0317763507593788 0.0872395327996945 0.00271094428480564 0.378786593343958
0.00208085453221357 0.10167407747165 0.176213123550482 0.359810459083299
7.6406947735184E-06 0.100487744561702 0.224524858499579 0.317241791397529
-0.00562616871777948 0.103622485330563 0.193627787470043 0.325480305633154
-0.0283704693457553 0.0831721204079675 0.0824988985133702 0.330822372060669
-0.0660162185088634 0.0354232872821106 -0.0822783759637466 0.263867849383847
-0.0333938513791198 -0.00772705256713042 -0.153613799758349 0.0917656443349187
-0.0352246482808785 0.00659741901332495 -0.0850268437648238 0.0559137321781753
-0.0686196667753848 -0.0854461620950061 -0.0360238222668078 0.087990115107614
-0.00799807644639736 -0.158709806100811 -0.177388084197388 0.326238328822752
0.116002979418348 0.0128540269373918 0.235730714042374 -0.40979533081323
0.0890811661132534 -0.0954711399923257 -0.00123164882302734 -0.183225364778514
-0.0432149235585204 -0.119386449906118 0.0344142010058724 -0.0559649399070479
-0.106308613159655 0.02357948805376 0.120306716671058 -0.0395682406806614
-0.0416415070900244 0.0955468372660954 0.128360880063684 -0.218181538826331
0.0366590761916416 0.0782327406943639 -0.0287286466882478 -0.353699742443746
0.0743231969243337 0.0323595726056578 -0.166022258045108 -0.36585756290448
0.0927478298248352 0.0214447271197425 -0.216574877935872 -0.3463720378728
0.0837600996637273 0.0377670196475717 -0.182533383156551 -0.358658524696611
0.0393298438635102 0.114953737887837 -0.0497986466312348 -0.349038610733909
-0.0484086435450955 0.126756215090275 0.0993308742288524 -0.236728319533893
-0.140117282780213 0.0254893265250281 0.0548516631871449 -0.0724510036587091
-0.07408359115056 -0.155154873291441 -0.0308121101194074 -0.229240446541846
0.121437257200742 -0.121207057579806 0.136841977482771 -0.423565049940422
0.15873158015008 0.000145452337586772 0.61145258739253 -0.447075452510055
0.256916926583715 -0.130963144838695 0.175367680489688 -0.390766906151725
0.118639084313433 -0.240190220720776 0.0192099895099994 -0.165230875565745
-0.106295304118428 -0.224609194188902 0.0168505791705315 -0.0801141480802228
-0.220059657513758 0.023523832068864 0.0829672726095769 -0.0412670782733804
-0.133699189590448 0.19610556855641 0.106702584571942 -0.164939138682079
0.0206671693902804 0.22471564553064 0.00369654103680529 -0.294341467857476
0.131010071222545 0.166565271720093 -0.117508452737812 -0.325759325792825
0.175503603951712 0.151855971631287 -0.166110087531737 -0.30423674326955
0.155018715866427 0.182663371159237 -0.138059783444681 -0.294637558201255
0.0514929935059432 0.307715056182794 -0.0428067241419039 -0.271982639757441
-0.161912640474571 0.300242616107484 0.0487504042677181 -0.179694963330885
-0.344994942234036 0.0787959382646435 -0.0111288978908612 -0.0520429028979516
-0.268418618751119 -0.324060482898858 -0.0768857356759902 -0.244134449163118
0.127098010706021 -0.412819762299421 0.119407106806043 -0.423130173616711
0.34043343885006 -0.243642137749258 0.542187044331168 -0.407173496259144
0.380036209313253 -0.267024845998739 0.0582896707277429 -0.330388000346518
0.136927253386438 -0.387270020364915 0.0270373765871412 -0.108604624812469
-0.177399912644581 -0.329115858343066 0.0181972159065806 -0.0872562050097301
-0.334301116600684 0.0216382305615298 0.0540575502284984 -0.0588959006985996
-0.222669498029898 0.285690477265163 0.0599448653779831 -0.110712870355854
-0.00268228807170152 0.353931373097354 0.0212155595228499 -0.197661259591988
0.169005485270099 0.284321066832401 -0.0581353214790423 -0.23882070809954
0.23284458969378 0.258168639187546 -0.0902481774835057 -0.217878688422563
0.204008384968664 0.294535799950709 -0.06748043528743 -0.187913854636136
0.063695749490292 0.453855148814292 -0.0196602132711219 -0.149368753833604
-0.237300459543227 0.443572434672796 0.000737497419909239 -0.0824015113460609
-0.497296926307723 0.145793623349336 -0.0800311249884181 -0.0057013989018637
-0.442444729234644 -0.423286165797976 -0.130603954182693 -0.21671724215135
0.0867291649286723 -0.638869298465426 0.0767452886564141 -0.368013203617066
0.451899559862251 -0.451792551700445 0.415571373761769 -0.301551155847035
0.462802674050607 -0.378623318367972 -0.105125744106209 -0.219269496978206
0.130047102612359 -0.525866030009588 0.0119757110889664 -0.00116861138734008
-0.26525922839324 -0.420172685253494 0.0304935382110706 -0.0612565377657393
-0.441043947012733 0.0297139341292631 0.0265982599174216 -0.0731915063366434
-0.291892116372711 0.357195162966754 -0.00563951546028018 -0.0427987794405828
-0.0220124194338869 0.44562363818302 0.0268709396094184 -0.0649732024404026
0.185799812192777 0.365380512703402 0.00828616638998099 -0.110825533014919
0.255599864765518 0.32479617723404 -0.000579105026470014 -0.0979931766220928
0.220867110370994 0.359620383167121 0.017504179524613 -0.0540391826548301
0.0692634332498502 0.528304506502462 0.0198620030813034 -0.00280987003634716
-0.27032742736154 0.518329307420216 -0.0353535530880226 0.0425685099825097
-0.560963250327523 0.196563192723197 -0.138417028834116 0.058568456066847
-0.542875590410607 -0.435750892222024 -0.169670142386745 -0.149192967873966
0.0265896895378231 -0.744147560330306 0.0293236825387762 -0.263059103034977
0.480876863921817 -0.575790532237314 0.251193766139149 -0.144757768731595
0.478065361518248 -0.442207898714517 -0.29654523063485 -0.0610702211088839
0.0993410080326721 -0.604757438226011 -0.0239796106229463 0.150004644803313
-0.32870546304753 -0.456324092059725 0.0406076586723168 -0.00508332207627103
-0.493663562627524 0.0411592553315198 -0.0094314766223952 -0.0680111010622412
-0.315513519851555 0.381479335396009 -0.0794821760290741 0.0443269629580412
-0.0336920543831725 0.471764199570652 0.025112688482028 0.0924025966379978
0.178455442506945 0.388636668893257 0.0740185321473493 0.0401786022090692
0.236124849137992 0.340201459733132 0.089159438054782 0.0380405572090304
0.199274513682048 0.365991871333543 0.101435081356466 0.0842569577464462
0.0571026081551161 0.514358005030056 0.0647470637886625 0.141696327617017
-0.261161745272593 0.493826123657713 -0.056040645884068 0.16421420202451
-0.512905387957517 0.194880116280654 -0.175806660602898 0.117284275380216
-0.516602936245317 -0.373047841640655 -0.179362957186461 -0.0669474148525375
-0.021517356682597 -0.701862892302281 -0.00604278892144438 -0.132395995725835
0.425901427114568 -0.587299473883078 0.088266825217066 0.0303222603529525
0.412624261848668 -0.4371221481674 -0.480117849126387 0.122292982435551
0.0487144326940652 -0.572419179630838 -0.0711401997825009 0.310303338084826
-0.328907890641552 -0.401191427552231 0.0435093944504577 0.0656594891854837
-0.442804973940832 0.0455874936340874 -0.0491866348727799 -0.0434486451603284
-0.27747456014772 0.332556066360907 -0.146194063508126 0.134848573859127
-0.0366855223745217 0.413300209248263 0.0201145720052044 0.24342604092769
0.142666760225899 0.347520619905405 0.130835197994429 0.190086636086443
0.182015311415515 0.302480429080748 0.165132671002968 0.167964773977061
0.144763537261221 0.320274759833617 0.167318254185582 0.20513344712734
0.0260526181356237 0.415392776083711 0.0971772443945878 0.254663357580997
-0.218864775084766 0.375800701430651 -0.0674137417387909 0.250904901134872
-0.377679731127616 0.13435171413053 -0.189657104865482 0.143735795033445
-0.374518357654814 -0.260049211534616 -0.159919354085488 0.000270127937101082
-0.0401032329527353 -0.536918437504674 -0.0245386919824486 -0.0191222227715895
0.308043403082252 -0.494077650277816 -0.0475116574569193 0.184716440777961
0.268819703459205 -0.34998585804924 -0.617598397198111 0.295968511742814
-0.00867291056773077 -0.417337893232361 -0.116507958999719 0.440079912997337
-0.248349817113407 -0.250839564872245 0.0441996298350684 0.133809251597397
-0.287370989812017 0.0366693942823478 -0.0724473710804098 -0.0108945961881072
-0.183739382291074 0.212468919796212 -0.185739013300417 0.197500794385347
-0.0362059190547969 0.274999840923064 0.0134216737446168 0.353204235270324
0.0815512286752392 0.246949847271498 0.16995917677914 0.309171794272055
0.0978788541232832 0.221117698298503 0.215999927241212 0.270984937728186
0.070973710903778 0.229165985888371 0.203365405351537 0.292612780830715
-0.00843656560084707 0.261953909584507 0.105704846633982 0.321377993988788
-0.152948671291208 0.205355003753508 -0.0755012152846945 0.28533220558322
-0.201560601906284 0.050666060121082 -0.182147102895471 0.132447915463819
-0.189887275998539 -0.125815999935578 -0.123716114512798 0.0395094261610745
-0.0491947359249281 -0.308820586416895 -0.0333648287700125 0.0544403139287854
0.155119020920343 -0.33931842420135 -0.140164791296713 0.289336529842252
0.0751904494897917 -0.194937104245168 -0.675907039814923 0.424451782667942
-0.0607285736766219 -0.179067334743973 -0.145131849593949 0.518540801723331
-0.115068504003537 -0.054702526019117 0.0584427426871248 0.188812119284127
-0.0779676029752134 0.0155739194906548 -0.0618944233831218 0.0149622769576477
-0.061881220063524 0.0546948259472597 -0.188539632714342 0.212026506442911
-0.0338663850638785 0.0930593175625902 0.00340605899761403 0.397907145116719
0.00160505988124804 0.108254100221075 0.181761219614397 0.377516845613132
-0.000385862971974705 0.10740554166673 0.234532512379796 0.334033886605927
-0.00593865936128989 0.109064936721258 0.203741507098207 0.34025162836899
-0.0303846790235433 0.0860716111875259 0.0891963282865846 0.344546626916912
-0.0704097611376621 0.0372412576744965 -0.0817383177303503 0.27595858081969
-0.0343260541597178 -0.0100357177987573 -0.158241005513206 0.0980825101047319
-0.0331956491031802 0.00800491837902 -0.0860267634253256 0.0593289835887642
-0.0728247542174392 -0.0857316160042848 -0.0413628350474313 0.09328700170094
-0.00909695907363613 -0.163494398714425 -0.186631466153112 0.338717293211094
0.12866062070358 -0.00269040044415718 0.169991194698651 -0.46813399477246
0.0799924605441628 -0.114969277071795 -0.0292332941170711 -0.188258266905844
-0.0672946772339597 -0.118718597082302 0.0298621125300264 -0.062465322308096
-0.108009575221555 0.0435017736376313 0.120293127314866 -0.066167726216854
-0.02503880480438 0.108977106975816 0.0936316330198194 -0.254132468067946
0.0531677774064758 0.0767016804274233 -0.0945505909719872 -0.36703531094591
0.0840323365854273 0.021212686116975 -0.242587689808459 -0.359731543249976
0.101976515867951 0.00589984872486416 -0.280873771226867 -0.325155939869344
0.0937257898472909 0.0239373078968487 -0.247366650031877 -0.346979192285499
0.0631513498521571 0.113369869842503 -0.106285428534598 -0.356503656475467
-0.0255809749378194 0.140360264107879 0.0688977020078923 -0.263577433258531
-0.141386674032941 0.0486238626708345 0.0488976462604369 -0.0812477281365982
-0.103635013534703 -0.14747708368337 -0.0750638394727362 -0.229179393429324
0.105567772127306 -0.142863351038346 0.0708748435012843 -0.46452738681859
0.159656086526053 -0.0259227529744346 0.574660265501691 -0.564741635052783
0.252768997838694 -0.180908356042483 0.109028796274856 -0.419536136384875
0.090219396336146 -0.271315570018192 -0.00179092190920521 -0.168082354862382
-0.148308562002574 -0.21873623288623 0.0129782943466536 -0.0806013090314847
-0.226028885098259 0.0584577356229223 0.0850214402583958 -0.0610104743761604
-0.106111381464051 0.227035451256825 0.0845419715391405 -0.199581946571123
0.0589381022636638 0.232628502225795 -0.0495442499088387 -0.31851330965703
0.162725896966135 0.154109157386653 -0.183969048192063 -0.329423279647982
0.208288893456609 0.128846713223707 -0.222160306869495 -0.290567639869658
0.190608167642357 0.16319678321589 -0.189634608294043 -0.289121894161299
0.105952531643074 0.309570955512416 -0.0836558034619714 -0.277023928074134
-0.113961992930967 0.337252613740699 0.0274302236937264 -0.195896158040651
-0.343935518241135 0.133656772265833 -0.0126759936608298 -0.047975337666991
-0.331441398821232 -0.289954334760109 -0.126409542219874 -0.233646371182316
0.0677612570949393 -0.44400422237771 0.0469146131424673 -0.461485273729532
0.308260981227144 -0.304270518845131 0.509442052687988 -0.514425808090201
0.3585025974134 -0.347101831792094 -0.00205812605278711 -0.319279095279911
0.0867522330063998 -0.429436548885883 0.0198563101613174 -0.105559886611225
-0.238241459640385 -0.316946880520198 0.0215410962753031 -0.0850817584279134
-0.345299272061342 0.0709804829119047 0.0555729660907503 -0.0745751620530316
-0.185402979186349 0.331614550472358 0.0499072433807628 -0.138103465542199
0.0538121501472482 0.371619289848345 -0.0133130472610079 -0.226432993082988
0.219603256832451 0.272227967687092 -0.104807673567046 -0.25110179292952
0.283810486966243 0.231653658937276 -0.130123219611576 -0.213420903434327
0.259357362558832 0.272660414070837 -0.0974258212329167 -0.189295455772007
0.140815532125252 0.458800530837234 -0.0370427345622978 -0.154542996144111
-0.172554474013188 0.496298137136957 -0.00476947066457415 -0.0868780640038665
-0.49143238067585 0.223713736231299 -0.0732638495738758 0.0127061368121989
-0.527516459539428 -0.363013423711538 -0.176029038313212 -0.192086905535697
-0.0107316450384187 -0.670140779626065 0.00550749392879367 -0.397666156670982
0.391576760150305 -0.535927261220927 0.389319167927619 -0.385140570798882
0.426042402429386 -0.4822902237558 -0.154506895914659 -0.160352893643711
0.0595027347654221 -0.573774432327921 0.0264809617037866 0.0148665878077313
-0.343351322353227 -0.398120641365004 0.0475852871298592 -0.0581164801798667
-0.45547035419457 0.094777905530581 0.0294069237466829 -0.0859669904391365
-0.246535965405737 0.415152597103535 -0.00246337052955729 -0.059238259483249
0.0481246457867272 0.470820999153695 0.0156788760054641 -0.0926033322650986
0.248014351227654 0.35445595321878 -0.0119716621904198 -0.129849761431735
0.315438766384748 0.297570649410242 -0.0182130104659054 -0.103994202529967
0.287362183399576 0.337114718067538 0.0127932957931468 -0.0635969828124705
0.157843741283542 0.534389411146213 0.0293846556094854 -0.00748875967463694
-0.193774940467951 0.578022157335733 -0.0211996318182455 0.0487132190454749
-0.55012697178289 0.285923839756689 -0.121594891126829 0.0903712517631831
-0.631022378269717 -0.359757811958244 -0.20400138207051 -0.11344443659237
-0.09112999331388 -0.768325963093188 -0.031482522516539 -0.277514565925058
0.401847573651459 -0.667036866704693 0.24181851504361 -0.196929395284018
0.433144347210203 -0.556356370170219 -0.326759391308925 0.0457811465127061
0.0138793069575454 -0.653062235781037 0.0168333945459699 0.183039855864759
-0.415990802528416 -0.426357236138311 0.0748177862840048 -0.000847692945515356
-0.507090504494125 0.114120851052535 -0.00411418427876966 -0.0757303679213479
-0.26967510815091 0.44277610123531 -0.0625282018838695 0.0438190037842355
0.0379158498841912 0.498662521662437 0.0417144701940983 0.0713033692396175
0.242812061199032 0.380165643838926 0.0846903762574875 0.0182994473806418
0.297808019739272 0.318169148584583 0.0970161567158994 0.023016657517408
0.265764934187116 0.349711086228365 0.123154802546883 0.0669807501492854
0.140361896067089 0.520468562068375 0.100294442402238 0.134866325299028
-0.188089962326888 0.551481599617416 -0.0231363955354896 0.180042957408524
-0.500646218979368 0.274913751636399 -0.15119531892335 0.158093664753361
-0.592958172070751 -0.297026220834416 -0.198086186554248 -0.0268517886102483
-0.131495447089883 -0.718161378640573 -0.0462630441970063 -0.1343127155137
0.344408945934787 -0.669961948140137 0.096991496449164 0.0125453269408064
0.361482958586632 -0.541144079436722 -0.484973390194011 0.267507669297558
-0.0346689628533068 -0.613239230371571 -0.00618823081086138 0.359012944794617
-0.406772943468454 -0.367628278189072 0.089763143686326 0.0707466298337477
-0.453879285462508 0.110990755560576 -0.0419244388997555 -0.0437817217112967
-0.238545761256299 0.384379213749026 -0.117168109381208 0.151844508399461
0.0242139968471857 0.435869203483801 0.0625544181929159 0.233289085463287
0.200463348354929 0.34231440177356 0.171990020148759 0.168016440273453
0.233526043101947 0.28901693213256 0.197295252897021 0.145454819092475
0.200648265327298 0.310332682153717 0.211422320696194 0.183717494715373
0.0910612214774905 0.425531059571821 0.151747267546735 0.246568907527444
-0.165094886472261 0.421923486770137 -0.0215943264293222 0.272313056818781
-0.368789463765506 0.192257769278048 -0.164712178758801 0.187255256869696
-0.425807409688519 -0.205455470212029 -0.165604899152013 0.03685396316085
-0.125803242936012 -0.542854485019521 -0.0436825916431434 -0.0127737425780672
0.239115572349891 -0.555243627642644 -0.0226388283842497 0.195766920573137
0.224610114478006 -0.425225165829433 -0.59632118904674 0.461036911651039
-0.0747549856604011 -0.439498087747239 -0.0342316376680973 0.497625670667084
-0.299299606482413 -0.224844614876424 0.094379378179507 0.13710879264028
-0.293433804380367 0.0788542240433156 -0.0661492153626452 -0.00433227197938492
-0.160759184051715 0.244621671468527 -0.150507325816209 0.229511413642573
0.00366851090521616 0.292723187023913 0.0749044836414943 0.356330609060007
0.120257262356392 0.247229174888453 0.234584490589557 0.290400324997945
0.133752141123284 0.217436971790146 0.266753333255166 0.244490666434012
0.109313926565427 0.228956842854099 0.262541668910158 0.270396839725675
0.0298193767840913 0.271215713929892 0.168247793948422 0.314780496941156
-0.126916953886075 0.235556838894526 -0.026586635518531 0.309438941816245
-0.19961684979192 0.0794705553023684 -0.16211354564751 0.172188173249759
-0.211994435594345 -0.0980178259988723 -0.120685572386268 0.0663162776034845
-0.0988824723495161 -0.30697548995063 -0.036186021481651 0.0650835723869059
0.107180041786012 -0.370050747451756 -0.103904568217332 0.321121273199796
0.0453595425748775 -0.22796134777632 -0.63434271731161 0.585496242197213
-0.0943527722884629 -0.181477648680238 -0.0556016340581256 0.576392309242101
-0.129246457767022 -0.0387964310160674 0.105932343955769 0.186722972587582
-0.0789313827528957 0.0260749610601434 -0.0578269877470292 0.0224157930644101
-0.0588214000328842 0.0625466839801107 -0.156867250022812 0.252584302032179
-0.0233322876595496 0.10112999394934 0.0720806267384124 0.413248557776997
0.0162733519798305 0.114423547485381 0.260393633694883 0.364872806057707
0.0133853927772799 0.114614384497109 0.29651122617392 0.308270581505341
0.00925899076603901 0.115177467951961 0.268961589720061 0.322206612310981
-0.0222074994333708 0.0929511248202236 0.152495179339155 0.342501539919417
-0.070070689286494 0.047892478659442 -0.0365792926882754 0.301277697343388
-0.035947950508365 -0.0083829537250575 -0.146056298792606 0.130765685730009
-0.0281318233856954 0.0135996009025765 -0.0764987655814661 0.076849547170429
-0.0873612475765301 -0.0730942199776456 -0.032600836340373 0.107038802040661
-0.0337898010570307 -0.163702879094026 -0.144941026812604 0.381540042564461
0.131225013325193 -0.0145476572589351 0.133624846762481 -0.491066808780478
0.0699748528175358 -0.124617801252404 -0.0420973078100017 -0.192984988429453
-0.0821793248997887 -0.114363748992811 0.0211784806103076 -0.0679604261976958
-0.105656280135598 0.0555566276466803 0.112577331943194 -0.0792566437461375
-0.0141103474235536 0.114759447581762 0.0693251572842812 -0.263838125243971
0.0607047985711231 0.0715264928934463 -0.130389553781091 -0.362838726279327
0.0866537155667069 0.0123424013917106 -0.278315167572293 -0.342874748820775
0.103346515618758 -0.00451368019102827 -0.313772618663882 -0.305986237295522
0.0962382929544778 0.0166139081611399 -0.279325974741862 -0.330676899702569
0.0766113902007123 0.109362631774369 -0.136958231339485 -0.352505220297932
-0.0114771601586282 0.14450908192303 0.0480175207719213 -0.27157015601244
-0.138821521368837 0.062413416699229 0.0427845816482927 -0.0842141095247054
-0.120538133300489 -0.140847808753606 -0.0999439644252608 -0.22193333278742
0.094903812992322 -0.156106221025062 0.0325427649120786 -0.475992772558902
0.161522378193257 -0.0416507701215405 0.535307228266938 -0.623514790356894
0.240880083015245 -0.204976005942386 0.0750349482283269 -0.437278486326667
0.06713258743557 -0.283920832513674 -0.0118977926311764 -0.176258856268356
-0.171749683485127 -0.208446355865975 0.00309786754330112 -0.0856024364984257
-0.223089335057739 0.0801695876632199 0.0767444179463985 -0.0695521533893153
-0.0857134689946494 0.241486802536931 0.0664541069682168 -0.206683016391808
0.0809517207708022 0.230322021515323 -0.0794512459377779 -0.316723250872084
0.179799953768402 0.140891789716619 -0.215529189859982 -0.316868760149906
0.221383192997283 0.111321205978104 -0.250399847468698 -0.277424351441932
0.207035609685892 0.149662344478188 -0.216499916104828 -0.279272328190229
0.138110220520917 0.305102564004838 -0.106092526254144 -0.274669931720078
-0.0827021276904185 0.352800819449133 0.012639621146936 -0.197224202417615
-0.337335347275505 0.166160983709436 -0.0155846165765054 -0.0445278917118233
-0.364155410660057 -0.265078296518426 -0.150729745429526 -0.223697666927266
0.0271345796809796 -0.457857254906354 0.00786557152935355 -0.470426262022268
0.288070883943464 -0.337227353911293 0.472350796777581 -0.567595757812226
0.333641294876529 -0.38221979140671 -0.0284131826118557 -0.325303825835214
0.0520924104742467 -0.443687975074674 0.0164034413813081 -0.115235120347243
-0.270088606689076 -0.299925725862576 0.0119621240510189 -0.0912689501634004
-0.343378766598517 0.102784129220462 0.0447789823859341 -0.0809079853254912
-0.157103350932282 0.354086684423943 0.0374160533037256 -0.140496129952257
0.0887747561402987 0.371224318214959 -0.0341327315457794 -0.226985075666924
0.247996245894588 0.25529700278945 -0.12907283906174 -0.243953635936759
0.307167365765189 0.209143462056387 -0.149901710721707 -0.206836071199144
0.287653215720764 0.255354400125249 -0.113937228526825 -0.186367212744705
0.187221328892492 0.453311892599412 -0.0469032870018672 -0.154397654997366
-0.127628992364946 0.519554990366991 -0.00971299908235033 -0.0826698443955218
-0.478965294589211 0.270281541290223 -0.0699379477858269 0.0227265884268564
-0.567668277592334 -0.321371314745394 -0.197861110371342 -0.1772938038626
-0.0721331371401461 -0.681045249705768 -0.0292162055283274 -0.40200338905058
0.352770286458991 -0.57898970617537 0.361661890406545 -0.428885398164565
0.389536555548198 -0.526262660053326 -0.169943974356912 -0.150680505942033
0.0114392595176621 -0.587772435363163 0.0338744190253343 0.00597275934885053
-0.380624380249158 -0.373430469506777 0.0420843840756226 -0.0662276399685392
-0.453076971229053 0.134746403168523 0.0160316785501379 -0.0905639902871051
-0.212799249488596 0.445153044231592 -0.00809402260008182 -0.0550681691415308
0.0923758954006805 0.474023619158393 0.00839869511552121 -0.0940753940566065
0.285436707783454 0.33687411034264 -0.02518129410382 -0.128582628028898
0.346416040682911 0.273897000657838 -0.027108844868512 -0.10488160397899
0.32160505351864 0.318337170435895 0.00997201842313642 -0.0690999423528717
0.209623690556608 0.528732223220368 0.034349488613042 -0.0126762016083769
-0.142666839470671 0.606419600648202 -0.0135731269175646 0.0560459335753057
-0.532448525809544 0.337511212793004 -0.11084306229881 0.105409270143575
-0.673232172599214 -0.30913205668286 -0.217340638053395 -0.0960063044907385
-0.16140996242852 -0.77372909777459 -0.0568629306579676 -0.278015208657243
0.350427532863368 -0.711150348208654 0.226970146398452 -0.224898771893542
0.389353915418008 -0.601850916736255 -0.326760164816674 0.0743224629026048
-0.0418762405809796 -0.663125377943984 0.0387654680493327 0.178116093391185
-0.457024191521005 -0.394558854625193 0.0766324584481325 -0.0113026397568572
-0.504700579440156 0.158664034123165 -0.0161114542224098 -0.078153413917408
-0.233783997332314 0.473741472636727 -0.0598430047905549 0.0540183081694125
0.0856913987210298 0.504553459529911 0.0501482740090614 0.069608684459319
0.28345583441262 0.364705993379178 0.0859966123774803 0.0138876201196066
0.32985341662794 0.296297831751201 0.101002731179031 0.0134361284200381
0.301523699038774 0.331652068667498 0.133730045353504 0.05462990580413
0.191509084587982 0.517318660988763 0.118236573677699 0.125391287324374
-0.137019763329099 0.579372393330556 -0.00270400412290165 0.189226492484458
-0.482350093690632 0.321811573147441 -0.134766557197137 0.175814623740426
-0.625187976656177 -0.25070002832249 -0.202754820690235 -0.00919912482613192
-0.199835621292457 -0.714805984405696 -0.060649329230385 -0.131178114972408
0.291409816260212 -0.710063816027208 0.0977884222121603 0.000381717632115778
0.319926114865855 -0.579527031504706 -0.46886884650238 0.31388299779149
-0.0874738497082284 -0.616079204077635 0.0307896049629808 0.360139143350506
-0.443181097603951 -0.336388024900009 0.100280148674002 0.0602785978416126
-0.450948779742785 0.152135433757972 -0.051193309094897 -0.0431578821589124
-0.207332695093175 0.412689920178816 -0.105199793434299 0.166875837856162
0.0647411598543273 0.443093698646414 0.0873699461783165 0.232523549630908
0.234154934487708 0.330173815665806 0.187930505705272 0.157697589681472
0.262292119438954 0.273639427123521 0.213143921943802 0.129350037762844
0.231557367356335 0.299011210246775 0.233359638049075 0.165452880962043
0.132884170681797 0.424295001796577 0.17997499481915 0.233911133235697
-0.127646777102787 0.444841512996025 0.00710722482940345 0.281256769433375
-0.35725226784348 0.224434818962238 -0.1444044903467 0.206925962008801
-0.44555919049358 -0.171282431862909 -0.162206586808221 0.0511945185111843
-0.175993493212165 -0.536498516228899 -0.0474165942434524 -0.00787133927120177
0.195684052931282 -0.581532599336389 -0.00825336859726815 0.19721450996289
0.190820145308757 -0.450082293537537 -0.564565060917133 0.519321329375091
-0.111799510121803 -0.438767325191144 0.0111638177082058 0.505631989187624
-0.32035190547078 -0.200830613643141 0.110988401240121 0.128228744915969
-0.290614477714397 0.104707988188855 -0.070116392470413 -0.00171878712268108
-0.141263749942336 0.261998242218985 -0.132056492827394 0.246768525829004
0.0309123904472677 0.298546163587336 0.109869263353612 0.35505549029768
0.144290467934517 0.241573559548512 0.262090343227171 0.276312188696073
0.154438413186991 0.210865405527411 0.291658331745675 0.224996825516589
0.131071416163484 0.223471346644292 0.292518352564828 0.249906943321918
0.0540436880678668 0.272797978954142 0.201676649087364 0.301653337584146
-0.106841305490397 0.251153640429642 0.00558838331522359 0.317426744408344
-0.195273690114925 0.0954645488098867 -0.145117063561807 0.190302706663218
-0.219191536319404 -0.0814122958035719 -0.113052645690676 0.0772822094388751
-0.127171955892754 -0.298298743531989 -0.0331327995946294 0.0701036110823672
0.0768064611592015 -0.381964182793591 -0.0790091359926988 0.332287507771749
0.0255878491793507 -0.234191123571099 -0.592418424120179 0.653877990824872
-0.110049419588005 -0.173624940544683 -0.00506466745831954 0.589959910277124
-0.131574047501718 -0.0270509125497196 0.128240730495205 0.176816987114155
-0.0782195263417001 0.0325526106744248 -0.0577915842820545 0.0240819654370942
-0.0545024609883554 0.0680675593773242 -0.137384904140869 0.269370227597331
-0.014118534826873 0.106720258357741 0.111525444509028 0.414315411462791
0.0271602941205433 0.117009559102652 0.294848174041985 0.348585908865007
0.0240902570655879 0.11759866966963 0.326767328669847 0.286783950597668
0.0198833488493176 0.116416771993894 0.302300745968659 0.302570993616818
-0.0163576546307995 0.0964550078421221 0.187192851610852 0.330348994749576
-0.0675078446748587 0.0561904663281035 -0.00687795560635102 0.306702680044949
-0.0370079902161651 -0.00783243930764104 -0.133407716342144 0.146488991521656
-0.0233531921930073 0.015675497616282 -0.0664686355846531 0.0846569396823966
-0.0935933066716779 -0.0622059242630553 -0.0263631325601317 0.113203779912795
-0.0481770646284979 -0.159263141118036 -0.116146472947377 0.397622708129029
0.12710372921386 -0.0251421441404551 0.0894015000149935 -0.485577837361102
0.0556633115257851 -0.126997625020406 -0.0530750736499733 -0.187819486390024
-0.0919652220205465 -0.10332201495829 0.0118518542028518 -0.0691050777207498
-0.0970392748787413 0.0637317921319163 0.0984394392727529 -0.0856528629811987
-0.00265093729329285 0.112935625307837 0.0424854550499116 -0.257073213550598
0.0639987608844119 0.0630902003300835 -0.157461069851291 -0.337463252463964
0.0844360182851511 0.00292880712114047 -0.295775602616548 -0.308619036793671
0.0984055509080276 -0.0132078757351352 -0.326759910879455 -0.27205281884493
0.0933718148499597 0.00894500121740836 -0.296259730943783 -0.298562446494585
0.0851209971551558 0.0986182852161403 -0.158566340910338 -0.328688442724012
0.00240344234525373 0.140151303056121 0.0258160965910629 -0.26457945190586
-0.128519841446465 0.0718527834997136 0.0354514224575151 -0.0821594193804948
-0.129454957319851 -0.125244630146126 -0.116984035756807 -0.20323980049253
0.0791357012453272 -0.160378100823114 -0.00524781869792406 -0.457890357924861
0.153597097906854 -0.0538914112247645 0.469801304062331 -0.643678887759835
0.217091865312813 -0.216974530522369 0.0382494762519492 -0.42906478920076
0.0415404706650009 -0.280140333308446 -0.0216040852525746 -0.175205517031508
-0.184049246688188 -0.187412682588931 -0.00682027998809724 -0.084257549097933
-0.209460928974852 0.096010794045268 0.0640045766089347 -0.0730134876702995
-0.0619941725949307 0.241176921893705 0.0456956713483366 -0.200241212820782
0.0974633299085407 0.215464411508661 -0.103318036080157 -0.298062308192877
0.184891112169489 0.119542871827371 -0.233309884216292 -0.28885740418519
0.221595989678975 0.0886279297754409 -0.262572938401112 -0.249568838266528
0.21164277492816 0.128686246051445 -0.229524267147305 -0.255342982170597
0.158967792875465 0.282662632506066 -0.121135280292883 -0.257105898732771
-0.0496913933195519 0.34674940173881 -0.000873293098590209 -0.188234911606452
-0.311717629414475 0.187019503912814 -0.0162514984484179 -0.0386184554731624
-0.371432060786625 -0.226286500442191 -0.166089174387955 -0.20099169296416
-0.00876728420097117 -0.444742226770338 -0.0282963461889817 -0.452287322715108
0.252967517640006 -0.349189631590785 0.411561704522844 -0.585946327070918
0.291407790592314 -0.394322117024008 -0.0524848402320245 -0.313038190165236
0.0149636276847539 -0.430952922617042 0.0111153970277155 -0.11999734993869
-0.284737546619639 -0.268206985891673 0.00145765997900029 -0.0916369987378067
-0.322952298020698 0.125163412370812 0.0314710236568289 -0.0811823824966497
-0.121642866482779 0.35620479727399 0.0246434404241543 -0.133411828690124
0.118376296465948 0.35173462047638 -0.0506532959821516 -0.214810787356652
0.260014549276751 0.225590438304511 -0.143924689206664 -0.224003484377843
0.312052396268467 0.176894228912182 -0.161095175944533 -0.189923305289809
0.297934355781851 0.224121915029773 -0.122250546594082 -0.173867290134941
0.218958837726171 0.423103181739692 -0.0534687317973894 -0.147102044872009
-0.0788414635681911 0.512261333012701 -0.0125161323702354 -0.0751888972419959
-0.440459593408563 0.29854290492405 -0.0619650278659865 0.0302672119469198
-0.572917951873509 -0.26357549662954 -0.206270428677363 -0.153108443871598
-0.123408354859224 -0.650683820573956 -0.0599636068570137 -0.387017152292118
0.297512241647294 -0.586693485862923 0.313872575556734 -0.443990781519042
0.332644220892258 -0.537331473249402 -0.174397271784025 -0.133103298261736
-0.033882110188564 -0.56678540396942 0.0373850374207674 -0.00510697654606305
-0.395737603199102 -0.330701281534722 0.0336811648800866 -0.0711641781582417
-0.425722209718716 0.164619961982642 0.0025131646490055 -0.0893924242782161
-0.168263534291252 0.44663622165082 -0.0125073540390024 -0.0478862396568427
0.129464476977092 0.451094409072104 0.00239424736771725 -0.0905232434220809
0.303104538563843 0.301549950573895 -0.0340700843544641 -0.120192798585072
0.354045773773225 0.238189349093166 -0.0340643420006248 -0.101028496547025
0.336040126402928 0.28320527010888 0.00637396471317776 -0.0709731873251731
0.247723023247407 0.492404840663893 0.0360870636431144 -0.0171653032356798
-0.0844671171297052 0.597598984071143 -0.00339143429321859 0.0598025909465256
-0.486267835655646 0.367618118975436 -0.0934979215472893 0.112746849324915
-0.672519144856305 -0.24438370506104 -0.217489872591302 -0.0733952475766685
-0.218718324960951 -0.732066800248266 -0.0772284410792455 -0.2628585896211
0.286380391291681 -0.715186420281437 0.19863565282963 -0.238671944220113
0.326613825906673 -0.608087799640733 -0.308246802746886 0.0958122112591997
-0.0914650488079473 -0.635162405203103 0.0559242513031986 0.160806433982581
-0.470810957186359 -0.345558600305923 0.0733063511748542 -0.0208368882982925
-0.473221755218017 0.192046064631038 -0.0274341296650352 -0.0762557229518482
-0.186435590737044 0.477068962889576 -0.0527883225986396 0.0608288259381533
0.125288108242088 0.481142876860293 0.0569356690515883 0.0643711176505373
0.302690936667653 0.327954073543926 0.0845497521348629 0.00892565144365967
0.340231604592965 0.260827196021397 0.0989962302973577 0.00414004847612729
0.317865806090576 0.297321976147766 0.135838135809498 0.0382441590455833
0.228442243959668 0.484153326397798 0.12843680042474 0.107230646087044
-0.0821315547920463 0.570775927452 0.0183413164162405 0.186227468945972
-0.440083303915261 0.349154094022693 -0.110059383631576 0.182700150666827
-0.621550575367178 -0.192721836713781 -0.19468825717175 0.00844493152019076
-0.25111235909612 -0.672916606755336 -0.0694813970039616 -0.121015151955974
0.227521616658628 -0.706686144033661 0.0905536375787105 -0.0109746363294224
0.260992726490626 -0.581799177811353 -0.427172018678668 0.339159366953829
-0.131464789336554 -0.587847375363037 0.0616765509708929 0.339699434726661
-0.450203408797138 -0.289618958987781 0.102648121681031 0.0459718372248964
-0.421625797414113 0.180373709068185 -0.0570738764479617 -0.0397344344626929
-0.166512745080666 0.414760541055693 -0.0866915063107921 0.171990035887704
0.101781934224582 0.423423826669275 0.106045664542862 0.217891298874886
0.253546240212182 0.299861880944311 0.194018029212728 0.139777656783806
0.274211472671979 0.244669816835471 0.2162254976155 0.107277944192462
0.247946465753673 0.270541763853584 0.239897615798348 0.137202098397509
0.162531789298788 0.398127727815381 0.196279098866513 0.206502860019931
-0.0846690022632139 0.441028632408369 0.0355064296007231 0.272692935846568
-0.326790998322704 0.244472488185122 -0.117757550604062 0.212536802067425
-0.441193745032385 -0.130171057199027 -0.150195198317858 0.0622980405559913
-0.212704178051765 -0.500609439670025 -0.0483362817783378 -0.00300085963648672
0.144137228617014 -0.574385897702579 0.0047615341249056 0.188160379784439
0.146778826747283 -0.447145532890586 -0.504784108935467 0.545488411254434
-0.13997285365333 -0.413366094512251 0.0538801047307797 0.484743455058066
-0.32111766665414 -0.167752144322531 0.121401140004113 0.110585848344868
-0.271717533905217 0.122241413857421 -0.0705945226548805 0.000349373534576571
-0.115454375177313 0.264460631245435 -0.107028743194782 0.250113171148922
0.0553321829441852 0.286971673229387 0.137082299251627 0.334739951189697
0.159936249576097 0.222606382735971 0.274374360303744 0.248428159581249
0.166144691532411 0.192935129160309 0.300013608600313 0.19475221159617
0.144223441409916 0.205831456812696 0.302760572420853 0.215592140362814
0.0741154258331169 0.259791016471095 0.221167729387348 0.27078606935361
-0.0812280173766348 0.252169649064438 0.0356602216076921 0.304681669703917
-0.180935759648511 0.105587878885207 -0.120027517880323 0.196221031885466
-0.214011918004806 -0.0628474593677668 -0.0999788745452765 0.0829722673424677
-0.145588484781132 -0.272842225191075 -0.028011290946021 0.0714328815987954
0.0460385006308631 -0.370653629019597 -0.0528882298964582 0.324538691051329
0.00612283830492274 -0.226472520051285 -0.521415845744015 0.676541069729805
-0.117947914453034 -0.158007600728821 0.0442351680694556 0.57005601173417
-0.125382834832725 -0.0155498178046121 0.140388566206072 0.157114763755545
-0.073306771811119 0.0365642223629862 -0.0552480787159759 0.0234509263791723
-0.0477052783825545 0.0696652445825018 -0.111933039524006 0.270505886050305
-0.00371024334686048 0.105321190818537 0.143552272834771 0.391961330507268
0.0370292550683199 0.112586201976333 0.312066232436129 0.315343410438887
0.0337643865036043 0.113728327939533 0.338300379093974 0.251473382087945
0.0278252332989504 0.111621171313022 0.317044737100313 0.266727505545036
-0.0093786980876594 0.0943156046399864 0.208369419791111 0.29956719650868
-0.0605830392652613 0.0599264895601281 0.0220669645539546 0.29417693146241
-0.0371459247378219 -0.00602247665464018 -0.113219845257553 0.151843364900799
-0.0169929891446212 0.0144946873102326 -0.0535940210087458 0.0859146963695524
-0.0934556838922623 -0.0481134429560359 -0.0189187143688726 0.112390424518196
-0.057457986782536 -0.145935623487599 -0.0822987758504265 0.390727884936091
0.119644706201862 -0.0295152242952045 0.0668516831625302 -0.460813672718632
0.0460963875484082 -0.121953598482338 -0.0554865930862813 -0.179742120772054
-0.0936683842704056 -0.0928795884357693 0.00437586926669628 -0.0669024516980259
-0.0887984257538224 0.0650787118075818 0.0854910810572702 -0.084276066886278
0.00399432994390425 0.10768762477098 0.0272109305790055 -0.240594769906945
0.0623886375136733 0.0563800087607394 -0.164429432789994 -0.310232545423565
0.0792371600287197 -0.00199519691316352 -0.290773298239192 -0.279216348307799
0.0911473495264179 -0.0171286819846571 -0.3183603295841 -0.245856414203259
0.0879660916678112 0.00520145387531143 -0.289380924088639 -0.272300249539504
0.0852802669715374 0.0891119997525975 -0.159525610172474 -0.30524640881502
0.00910003944760601 0.131023565692722 0.0160442070940465 -0.249584287178467
-0.117856754691553 0.0732845295158489 0.0319830083665347 -0.0761000469406413
-0.127916770044054 -0.111668062008454 -0.119957864462516 -0.182323838699179
0.0681533548529998 -0.15616768357736 -0.0199763043294124 -0.429283936072825
0.143287648112805 -0.0574924670869936 0.417424895868207 -0.622816953924037
0.196485827946132 -0.212070934253406 0.0201601556734188 -0.405612851409924
0.0274688592346998 -0.265465215333119 -0.0247997550490077 -0.170433766606523
-0.182095755761366 -0.168381463670549 -0.0133229680941608 -0.0805317875738945
-0.193694558650863 0.0992262621351427 0.0532246217214213 -0.0706317517108779
-0.0465158559099536 0.231539453401531 0.0338864863167784 -0.186548639613877
0.100870525684912 0.199313963439049 -0.110448956154744 -0.275274144708721
0.178133532056593 0.104179345311027 -0.230894654702244 -0.262914654512615
0.211568867536163 0.0743444418166845 -0.257490555308334 -0.227558277728488
0.204575540383138 0.113811013378132 -0.225011624503872 -0.234218996989611
0.162965269148266 0.259697463516526 -0.121346774542659 -0.239240596703751
-0.0311821076790508 0.327311967513865 -0.00517633652383454 -0.174586212953289
-0.286588351745775 0.187110627858514 -0.0137057648601044 -0.0335844425482414
-0.359993947129547 -0.198349729198965 -0.166655147260028 -0.179023688384365
-0.0258392576104985 -0.419960826622461 -0.0431569188281094 -0.425213399110419
0.227278763119874 -0.338801131018178 0.363765002257069 -0.570797537623201
0.258753615348702 -0.380872850857244 -0.061106114478289 -0.293716992944465
-0.00290563991485992 -0.406500580161919 0.00847202814804664 -0.120820873693903
-0.278579789495041 -0.242017652776217 -0.00534488187398211 -0.0879907049566715
-0.299876051619136 0.130008324321353 0.0213499422788832 -0.0770853975432915
-0.098443236301159 0.342622853083371 0.0176882289327483 -0.123094294722343
0.126507759830698 0.328168808929196 -0.0557920847071355 -0.199819326093183
0.25415259297669 0.200924728522585 -0.144323480878993 -0.205317978856662
0.299953417374405 0.15445655300786 -0.158794805853047 -0.174958421243265
0.289636739037925 0.200585720260475 -0.121057305934206 -0.162925886864452
0.224790882575 0.388312568092752 -0.0524958640386887 -0.139092513020987
-0.0508908785479898 0.485564243743522 -0.00983742658914618 -0.0664120767056814
-0.404246493728685 0.296696344878017 -0.0535592726340293 0.0325274971732192
-0.548329811525466 -0.226839295265098 -0.201240096777301 -0.133291297660999
-0.140723326937773 -0.607987224080627 -0.0709570041014161 -0.36070046709824
0.260635310577839 -0.564471616312269 0.275166126241463 -0.433653495844851
0.290659179507501 -0.514142646665629 -0.167796875046101 -0.119767672528669
-0.0528998556763285 -0.533040683557726 0.0379831888211642 -0.0148124779091308
-0.383978692911314 -0.295971948890342 0.0273153713515659 -0.0709379831990997
-0.394842030861451 0.169572221537421 -0.0063538188192957 -0.0844141357875953
-0.138810265492769 0.428824673256038 -0.0124844840125668 -0.0410637680491562
0.142232737421078 0.420356601923316 0.000746474282467572 -0.0841766585722608
0.298218298117225 0.271784252201112 -0.0368096981833305 -0.110592841073604
0.341754954856456 0.210424774955387 -0.0359920647926092 -0.095747906291929
0.328475869103845 0.253762705484846 0.00495457846948979 -0.0709290521137617
0.255217664127631 0.455927350666189 0.0372510383456918 -0.0213282361367793
-0.0519560209659027 0.566039340055693 0.00485887958799082 0.0597977814891291
-0.445128812429311 0.363469014550179 -0.0793950081452498 0.111125361944676
-0.641920407850535 -0.205671712560481 -0.207342500554393 -0.059261395503393
-0.2325798826472 -0.679109809968228 -0.083311880813731 -0.244936054770172
0.244973535952886 -0.683721348328236 0.174366795990723 -0.235439748850296
0.28238136698992 -0.582074880826059 -0.285116253248343 0.101037635655535
-0.107917298069194 -0.595406835920363 0.0619823454786584 0.141768226119709
-0.453433824231598 -0.308750621151743 0.0673276353688665 -0.0263283142442649
-0.43908900540357 0.19765330838404 -0.034265573896988 -0.0713053038934454
-0.156085531551983 0.457836766896355 -0.0464986377588923 0.0621439583459973
0.140430688059952 0.448726938930366 0.058761299722359 0.0578509869678864
0.297815895195901 0.296801561840388 0.0800395333991934 0.00652989320688156
0.330661209138266 0.232853852945226 0.0932786237124303 -0.00157176028629928
0.312067020359142 0.26996479438367 0.131282369708986 0.0271978660101689
0.236970768676287 0.446366495757926 0.128773358748362 0.0925090052799835
-0.0525926575534572 0.541357338576018 0.0307064327402952 0.177199854332878
-0.401405429504413 0.343401693163396 -0.091498619089219 0.176965933388539
-0.589157880296861 -0.158586220658566 -0.181258743936257 0.0154146874695975
-0.261316907971846 -0.621622671816923 -0.0719272244844923 -0.110618382185933
0.191990591546719 -0.67276227170385 0.081256904440316 -0.0164361515380804
0.221993098272778 -0.553132822902335 -0.387571813424221 0.334078098287071
-0.145143183051449 -0.547371729222819 0.074483894763119 0.311000318642402
-0.431116427950776 -0.256372152920933 0.0997152006480158 0.0347889980024901
-0.390047205579515 0.184822346424582 -0.0601556633437882 -0.0380254454335843
-0.140148271107924 0.396428555469623 -0.0744484413222685 0.16735346392981
0.11393819574398 0.395924012500178 0.111531598492519 0.200697426273401
0.251392683639423 0.272675021629371 0.188544221194064 0.126508357361078
0.267790477683601 0.221296482576047 0.20794779356074 0.0925551177717948
0.243954622563178 0.24596937603037 0.233519863902996 0.117275026998601
0.169686239709589 0.369874647060621 0.195567006895278 0.182692213897754
-0.058309474052863 0.418804592292317 0.0496144329224237 0.256195430523849
-0.298321614546953 0.240611011825226 -0.0984185086520123 0.205285100167571
-0.418159141486655 -0.108268858894776 -0.136222583588743 0.0641502158759564
-0.217821177818342 -0.458923009554909 -0.0474764862379072 -0.00101988636775527
0.11786747081059 -0.544059103638707 0.00820176944028766 0.174354174170772
0.121343955756073 -0.424094951141939 -0.4538072364087 0.532591095727041
-0.147081609855276 -0.382226608424059 0.0728157731925398 0.449628479255762
-0.305467406230935 -0.145649505834364 0.11985460935066 0.0947220894725269
-0.25146401037222 0.124660898452414 -0.0699678022651124 0.000255712177487322
-0.0985928741025283 0.254129184377315 -0.0910217311233641 0.239255493067096
0.065050955952477 0.268777844905405 0.145351121639403 0.309254268809607
0.160258091890602 0.204321933896018 0.26859686813728 0.225230764141281
0.164089196789791 0.177239089471857 0.289933049922793 0.171729992196964
0.14329619740063 0.189020378060392 0.294074270353951 0.188885577950817
0.0796766384138892 0.242037143512975 0.221167665090131 0.242653743715585
-0.0651500842009971 0.241342211191499 0.0505731045331318 0.28551041900513
-0.167147108671342 0.104983404574779 -0.100452507456459 0.189750981418299
-0.200035977498641 -0.0535091708985912 -0.0878771621238618 0.0806287142931069
-0.146041465394986 -0.247185396303316 -0.0262275597166544 0.0697226348449236
0.0319923051783508 -0.348315699353567 -0.0397412769780992 0.305616857952513
-0.00316444908852932 -0.211844654644329 -0.464791934500902 0.656913005320712
-0.116076798715613 -0.143144218211988 0.0666132082209251 0.534470771336967
-0.116700744810435 -0.0102799112319951 0.140719228185825 0.13821471069424
-0.0683842516489921 0.036860718577084 -0.0533879029916426 0.0205883908813266
-0.0432146869850249 0.067432837929193 -0.096533169340488 0.258693853317404
0.00136512852901908 0.100508135569655 0.152277041903489 0.362627914462168
0.0404329504948494 0.1062486463489 0.306405873185673 0.287534424187496
0.0367236970692029 0.108083157215865 0.328326153134963 0.226086914449853
0.0298487732361226 0.104774964648638 0.309324659370772 0.237598736576265
-0.00660342561081854 0.089983315247241 0.208509580133566 0.271466232770855
-0.0546378020626454 0.0593966910803224 0.0354037173271421 0.273474908490334
-0.0353368449217616 -0.00573361916777652 -0.0968027062693544 0.148143004181649
-0.0120129685169002 0.0121855355054978 -0.043780404092288 0.0816788824979838
-0.0877136724090229 -0.0382022928719427 -0.0158917586095815 0.108572736347038
-0.0572655945245894 -0.132364932415419 -0.0644174004231364 0.370223730127822
0.115417420161752 -0.0296356184080989 0.0645863150170174 -0.439236181525246
0.0436901789776435 -0.11693401985068 -0.0518880366633509 -0.177227251102252
-0.09204681777558 -0.0875621083153897 0.00129618361653186 -0.0646839897679527
-0.0845499120947962 0.0638732568955367 0.0776170736952969 -0.0803671172579981
0.00585873429961995 0.103994177955907 0.0238503799298388 -0.226210849940511
0.0596184372455037 0.0537357473852454 -0.159165597253381 -0.293564364313442
0.075622161211188 -0.00315248802779156 -0.279176765488004 -0.26888557505499
0.086353537128511 -0.0173332317999813 -0.304640891120819 -0.238373687640818
0.0841269453718527 0.00527034001451442 -0.277051554957576 -0.262570044092852
0.0831714337340729 0.0846210964764827 -0.151069804247526 -0.293626319771771
0.010167725059366 0.124107048900369 0.0179573671102543 -0.238045576116206
-0.112958087674089 0.0695760526034661 0.0319892947645577 -0.0704899232894166
-0.122573770154701 -0.106329024895967 -0.116185734643777 -0.169911496691647
0.0655236227602812 -0.151251721333265 -0.0157051311433058 -0.408739161028127
0.137981399136495 -0.0561524861969039 0.401466984099293 -0.597023911657253
0.188792984633547 -0.202684606830652 0.0201300554305908 -0.38807468176354
0.0266945813391149 -0.253971194351622 -0.0225738580836068 -0.169899498900886
-0.175091739856674 -0.16099331928971 -0.0157273316226948 -0.0778903450002352
-0.18513950134882 0.0949259194854113 0.0463490335918246 -0.0662814384984142
-0.0417637778623317 0.22280369921854 0.0323174851140326 -0.174586558813714
0.0970814968463892 0.19122574252429 -0.106351808468344 -0.261843205178556
0.170111537297419 0.0987990319722218 -0.222508123016031 -0.251980747262429
0.201475459327351 0.0713537216776406 -0.246655229880562 -0.220882007494915
0.195688900154794 0.109732479497859 -0.214620559751728 -0.226864901910974
0.157684715789278 0.24864456554812 -0.113278100424728 -0.231568759129154
-0.0279696740264526 0.312789677766949 -0.00111695168965356 -0.164957395999373
-0.27402113402598 0.178595358740469 -0.0112508032465951 -0.0295681749478072
-0.343197636878933 -0.189582238219321 -0.160013635834158 -0.16825506974692
-0.0233799048625997 -0.402712462385542 -0.0383864883707543 -0.405707562191184
0.221153590869307 -0.324834183323107 0.347361649438544 -0.546535742987703
0.247713437212411 -0.361460391092727 -0.0569224844909858 -0.281689537224436
-0.00069030782678701 -0.38911005082348 0.00959107760996424 -0.123814057640656
-0.26612298692868 -0.231812497155441 -0.00736219375721489 -0.0859058185454297
-0.286976958637481 0.123740396698833 0.0154496246548105 -0.0731282407382473
-0.0916546005912082 0.329378464642314 0.0165100448531556 -0.113896359040512
0.122465270858529 0.314216864856453 -0.0529813711338015 -0.190319509509792
0.242778921207729 0.191685279456686 -0.138737985596042 -0.195595101621014
0.285489206832408 0.147912938724943 -0.151672755609786 -0.170330189645649
0.277669468103939 0.19275821232555 -0.114237773698705 -0.159638907795003
0.217553440811989 0.373135684438202 -0.0473644424433654 -0.13624032760164
-0.0462021790380328 0.464082578677159 -0.00455647406865381 -0.0609662383302364
-0.387289064096171 0.282456353541907 -0.0480125345636481 0.033241992023453
-0.523079000485227 -0.219264857536081 -0.192252951245935 -0.126062486430834
-0.131639129936033 -0.58162649703445 -0.0673040799246268 -0.344756198129486
0.253437675002613 -0.539227022126573 0.26149976130673 -0.417268681476871
0.27857283049783 -0.48817070081422 -0.15959679165796 -0.116466236970098
-0.0494808446192774 -0.509231953368087 0.038741082199426 -0.0225131874800242
-0.364248693324482 -0.285337043647274 0.0236885782525585 -0.0714643211126506
-0.378705866911311 0.160839591557549 -0.0121970678550691 -0.0808604546585209
-0.131955781010748 0.412346192338856 -0.0115319005202922 -0.0362936961975686
0.138648354236433 0.402136233699187 0.00180976813916372 -0.0805957479426259
0.2846237172977 0.259086235607835 -0.0349619933830726 -0.104984932838794
0.326073801116524 0.200822746083696 -0.0338175831520287 -0.0935715622843914
0.315444776834377 0.244371593578321 0.00657010714130116 -0.0718512326472844
0.245462337209961 0.437662587939245 0.0392434254277771 -0.0246705645644743
-0.0490366797088026 0.54131882034165 0.0102724847530263 0.0604198050652991
-0.426831825834732 0.345950819204277 -0.0715248578650994 0.108156486474507
-0.611113764249248 -0.198675927468664 -0.197973275327337 -0.0560672696540359
-0.22060905586831 -0.650132411504288 -0.0800460382906073 -0.233947283462238
0.239677090123322 -0.655617658563474 0.16262576433968 -0.226927657971418
0.270311783804519 -0.551758063768073 -0.27147181991796 0.0944774185177407
-0.101023184164461 -0.567455795366169 0.0611202962887903 0.127123971652023
-0.429712442073206 -0.297278583189743 0.0630259837480932 -0.0295319362000439
-0.420501264394525 0.186569161237777 -0.0386250978907837 -0.0700374803799714
-0.146863225113018 0.439906063643705 -0.0438299963536364 0.0613781497211256
0.136294121082089 0.429645133398884 0.0587131195189253 0.0555353406656166
0.285696372882704 0.284581507560618 0.0766527258612126 0.00789694188230076
0.31601316465942 0.224401049944146 0.0897116786008595 -0.00211722712827408
0.297658944279364 0.259724598245502 0.127202083248317 0.0219772862355679
0.2270054141926 0.429463449941294 0.126724248319342 0.0843451120156267
-0.0457095327949252 0.519165950964794 0.0354304177297953 0.171645069180636
-0.386676947524826 0.327765265475267 -0.0828640907301918 0.170644288638188
-0.562307915738732 -0.153716745832409 -0.171963114283848 0.0144718333526505
-0.24537767512104 -0.59213115343332 -0.0709449030008252 -0.105669050581993
0.189814898759087 -0.644346266242751 0.0725677434944033 -0.0173735982717232
0.214481319027755 -0.523801810400441 -0.370182814925035 0.316876283497457
-0.135281898423677 -0.522845408200713 0.0728649118833543 0.290620368917202
-0.408532598683045 -0.248532106067242 0.095197522639841 0.0289041673790874
-0.373202262293575 0.173674956577731 -0.0626442240141221 -0.0385575806423214
-0.133582213577193 0.381132330570603 -0.0717644990918958 0.159778100158836
0.111798837166874 0.380287039606145 0.109075832720881 0.190711758876761
0.241123697780752 0.261779916669046 0.180801619267568 0.122769998283944
0.256251777465141 0.2130565259449 0.199598565841491 0.089156730235152
0.233606883155314 0.237614403185417 0.224353962848323 0.108747734898098
0.163911053359983 0.354501380352094 0.189284165871219 0.170901400375305
-0.0537595879039466 0.400501139765427 0.0536381496007521 0.24582247448549
-0.288244099070831 0.228696525909158 -0.0890308038664796 0.197187717915672
-0.397079559038964 -0.105547275610221 -0.128455132084253 0.0601301524759655
-0.205262806703772 -0.435946981189305 -0.0486580632715224 0.0004624593024785
0.116727564724687 -0.521081906798982 0.00363368753029639 0.165821418484726
0.116083449274507 -0.401339028621504 -0.432893980032191 0.50754184292501
-0.137974927544661 -0.366183649971677 0.0707433306440474 0.426151716380389
-0.288017557717474 -0.142339861071833 0.115688112096736 0.0860152117770448
-0.241543798403284 0.117300606661687 -0.0706815367034215 -0.00346787873700332
-0.0945150331416673 0.243675546047087 -0.0882006254438898 0.228538217405343
0.0637340808408788 0.258390690582678 0.141780548746332 0.294774252373481
0.154396474691681 0.196872872986483 0.257639238857254 0.218382858536855
0.15691974441651 0.171650905959529 0.277636533543618 0.166014678717895
0.137165495499317 0.182964720674297 0.283433514250871 0.179511037654303
0.0763723122471851 0.232408373380957 0.213057877974 0.227756102042813
-0.0608967550566454 0.231461179959515 0.0525631335823711 0.271054027158334
-0.161542282399275 0.0984787186598672 -0.0922295082535949 0.182133341426397
-0.188545954716245 -0.0541043176646665 -0.0808048420623459 0.0754875037678126
-0.136676155623606 -0.23278547501562 -0.0285035561758589 0.0681131424319411
0.0344939488108935 -0.331180827070146 -0.0409728825095864 0.291125122536945
-0.00336303689182737 -0.19995283169209 -0.446021861548721 0.62672598456037
-0.109850921050161 -0.136553644458694 0.064494711147649 0.509312193062858
-0.108614711755214 -0.0113445937305028 0.135942920811893 0.128488318361886
-0.065763732022157 0.0338674736962701 -0.0538756122928425 0.0159008734092954
-0.0422533327442769 0.0646434513256372 -0.0935726997185072 0.246343036412431
0.00194263825964606 0.0966762865679173 0.14750292369156 0.348065192657599
0.0394990621411158 0.102656753175173 0.293247539156996 0.278186494125022
0.0362270835006141 0.105267287270098 0.316112397489717 0.218622250122254
0.0286306751140082 0.101307090051584 0.296700014298923 0.227030683671277
-0.00820652346428546 0.0869556464800202 0.20133554904807 0.256391794760958
-0.0520575092040806 0.057522902904012 0.0371065079678525 0.258693314508377
-0.0348619740331348 -0.00687484743537257 -0.0893204286841708 0.141104444711474
-0.00933781403638878 0.00845068117494777 -0.0386374422489656 0.0768497349400555
-0.0812521438915174 -0.0331150501452879 -0.0182114383665914 0.106337326468057
-0.0522956295716971 -0.125035483135521 -0.0632319403395284 0.3532061208571
0.118022042607792 -0.0127148156398128 0.120748766700145 -0.415754718907991
0.0609339457025352 -0.107762049047382 -0.021788804579524 -0.182207650162756
-0.0794250457271622 -0.0981031375328737 0.014488423034703 -0.0669582111861459
-0.0919422407185894 0.0500482259418302 0.0841601056711662 -0.0717874714105509
-0.00820028423425647 0.102115309060681 0.0506111040515835 -0.218480117902347
0.0488860261642036 0.06339905595155 -0.1204605930801 -0.3103282314445
0.0721453159473942 0.00799333897712033 -0.241967821410591 -0.304339384904662
0.0848842287064716 -0.0043456184437047 -0.260037215659591 -0.284157527869259
0.0760234673850249 0.0187123462818899 -0.230681867504973 -0.30610706158575
0.0655888954126734 0.093940492848815 -0.0978996985296742 -0.314801940209262
-0.0111104015180607 0.119191380448566 0.0603582828948721 -0.230709642873754
-0.122610207648101 0.0480625126453899 0.0469032691120262 -0.0613810304316881
-0.107060168910658 -0.122040503753771 -0.0890410602849347 -0.178099600662592
0.0830312429400169 -0.139253346039578 0.0488343842230636 -0.401800475822176
0.138291514124599 -0.0384469205321521 0.498860268812192 -0.523074667139507
0.21333222359292 -0.170173964334924 0.0785606590961159 -0.360231993375522
0.0656810002690298 -0.243828534180561 0.012239352616048 -0.168258511555495
-0.147769460731586 -0.182625914633116 0.00679635802129482 -0.0835188216512259
-0.19531767554933 0.0619816886644734 0.0541891875098676 -0.0654241889609482
-0.0751841061644899 0.208473718231958 0.0525096825349769 -0.172372284740221
0.0647272514285338 0.203481054512578 -0.0771894781224545 -0.27612378328423
0.149186965388761 0.123863897387465 -0.188512496737127 -0.282745898406336
0.183082239583304 0.101407752640399 -0.206112256054241 -0.25706629851346
0.167886731862418 0.1380542951024 -0.172676282676696 -0.262196676993163
0.112345337279204 0.264998481434195 -0.0665256989243135 -0.250375057041549
-0.0773035870780373 0.294735323686385 0.03457128386311 -0.161019376978745
-0.29817704536136 0.126585334002432 0.00146642812602274 -0.0282870660963955
-0.306120113521655 -0.236807238713947 -0.132276507494961 -0.180724125357299
0.0407123172055723 -0.396780519746592 0.0187876046457161 -0.399603663416282
0.266160187856978 -0.285123703818901 0.430040543589625 -0.481605996101655
0.29183812326539 -0.316443794808322 -0.00285948014926633 -0.256008478857981
0.0598321426450568 -0.379553323696001 0.0446051610601379 -0.116969797895456
-0.223185839628933 -0.266812473171459 0.0231133381169228 -0.0938182173983255
-0.298450470258398 0.0722200945708825 0.0280415733274547 -0.0800790102909509
-0.140424150945164 0.302328543643784 0.0311339102833652 -0.120740905777125
0.0708602473880983 0.326501325637915 -0.0376818707011522 -0.202339227942158
0.206656630803199 0.2278159013141 -0.114541338622457 -0.218387032256888
0.253711171260768 0.191651795501468 -0.12133502390933 -0.191542870046252
0.234615292581506 0.231738099124642 -0.0835621420645296 -0.180766486058563
0.151535393987817 0.395622739320958 -0.0145668517924916 -0.148082291467465
-0.118408585658058 0.438672857423551 0.0182595618696144 -0.0588318294140907
-0.425840593339619 0.209047542492501 -0.0413149954785014 0.0276840830322943
-0.475843372357136 -0.293399463764589 -0.170376010051399 -0.142108655042231
-0.0349569186961796 -0.586220623140002 -0.0242947721389837 -0.340681692464556
0.337301489472616 -0.488329781032091 0.319840127772667 -0.366716415264336
0.339329306029858 -0.433134007489161 -0.11900281347326 -0.101517338542444
0.0323895720711192 -0.503062838246035 0.0648146551161798 -0.0115333981943614
-0.310476816853113 -0.334255206876686 0.058067802947289 -0.0786327492306883
-0.394006156598838 0.0917767313615523 0.00480549964490703 -0.0950715199146607
-0.19346638649112 0.3749792197716 -0.00718381610185294 -0.0533831000139137
0.0719932786991126 0.415242645373305 -0.0012639962077831 -0.0898969787202045
0.238006149436219 0.301307215271904 -0.0249232171103321 -0.115477181931645
0.286275585956681 0.251361440388673 -0.0182030834550896 -0.0970602750856691
0.264081180827906 0.287857841340819 0.0217957119281802 -0.0753664505023781
0.169774062700712 0.46208806479493 0.0537131700506972 -0.0252265684137044
-0.129233102365251 0.514444317928284 0.0155010619609426 0.0618907659299109
-0.47456378215781 0.265303643353654 -0.075080990540236 0.0967365551132154
-0.562573947812699 -0.287985635148405 -0.183844668864355 -0.0737837484975233
-0.107661467749033 -0.665348075568127 -0.0569565921399418 -0.230072603944577
0.344245098136462 -0.599875419414997 0.187287244193324 -0.195128161826802
0.339828054734232 -0.495875643198814 -0.253853207588004 0.0920275938932572
-0.00860653553107736 -0.567701378679477 0.0705055574765843 0.139764436855016
-0.371999451631654 -0.357477977414302 0.0955783047487842 -0.0347644719945349
-0.439577772336769 0.108358604951169 -0.0221392729638968 -0.0914701502815808
-0.21586334019621 0.399418147080194 -0.0516894899573782 0.0348640903975888
0.0665917966105809 0.441311259354118 0.0349232277662683 0.0504848599498382
0.235146371270771 0.3268336918116 0.0708680770006268 0.0110234093950954
0.272607754155929 0.271634273673987 0.0878283142368483 0.01257920727603
0.247244242934257 0.299039657799814 0.125911617093931 0.0370480023551733
0.154512035104265 0.452157546128962 0.122052799902728 0.0949683595555854
-0.123909160290314 0.49453227733924 0.0220576879206668 0.174508498984828
-0.430317915710657 0.253658380292456 -0.0964911457191945 0.155877370336095
-0.521042624926596 -0.238059638385876 -0.168672041223794 -0.00251684828770264
-0.141353697901247 -0.612133840828436 -0.0679020033543854 -0.102318557312172
0.294669851596039 -0.59494232819431 0.0637413740810411 -0.00233940227219762
0.281155867549393 -0.479278755471997 -0.381254655797873 0.29246692590685
-0.0501508577542506 -0.529407029131036 0.0571861060922184 0.301692119318111
-0.357126586004331 -0.307321716499816 0.116550331040562 0.0259841176510364
-0.392433513190039 0.103791172185958 -0.0497724611890388 -0.0637003944491994
-0.194002067106044 0.345245911703351 -0.0928209288604273 0.128942317351565
0.0506600100440623 0.386330436766364 0.0671682496988456 0.192952512876259
0.196561952923731 0.297129140295069 0.158864022935851 0.139905106969384
0.217537092042467 0.252515805760183 0.180842390243214 0.120472005029726
0.19062391859427 0.267067941244938 0.207030271415834 0.138072052150404
0.105224640674539 0.369433446616448 0.168848592204095 0.190780258885268
-0.111256628420685 0.379959452657196 0.0255494214147204 0.249722461594645
-0.316287840273986 0.174407245796054 -0.10892814463348 0.180794622793755
-0.36496814794382 -0.165488058433566 -0.132595301765758 0.044752769571136
-0.125969933227021 -0.452121722083768 -0.0603274987819227 0.00321766683225898
0.205610280831252 -0.485610674604343 -0.0338762871478124 0.166384946581152
0.169201847018172 -0.373663727494394 -0.476262306561005 0.459787038827575
-0.0784791694752621 -0.377727782872848 0.029787283882335 0.433444616549512
-0.256545330117226 -0.184135831055351 0.119759968649171 0.087391925152195
-0.253597491808145 0.0721023120909471 -0.0655195078480886 -0.0256325121039252
-0.134091971168618 0.218438677637664 -0.118951810546389 0.199128303575482
0.0234129456368611 0.259995232798034 0.0881458669759134 0.302850622479678
0.122362649944226 0.219602403199496 0.222716553058945 0.247354106859725
0.128609082927819 0.196489917009849 0.245928194311893 0.209820267326374
0.106411336176418 0.199029184478518 0.252192942574631 0.218171449066818
0.0391889784167401 0.238403992199198 0.179100966264188 0.252521306215229
-0.0914203351251636 0.215035783928858 0.0172913001091835 0.274369652252466
-0.172065157716057 0.0696037002613386 -0.112735514173811 0.165635849533026
-0.17079831183051 -0.0829610178059404 -0.088606345229433 0.0631350875734785
-0.0912073129104912 -0.244313380311953 -0.0471342613623125 0.0701477987823077
0.0946506660218911 -0.313937923430463 -0.0958439573936367 0.28224983159928
0.0251896873787056 -0.195904049028087 -0.512314840511484 0.56243382507658
-0.0875990008686039 -0.1507158397828 0.00112083437825305 0.512749256677106
-0.102630431467706 -0.0291872062151812 0.122029467359798 0.136798670564101
-0.0699306298101914 0.0208461801444679 -0.0552973368822501 0.00165398505481902
-0.0535887657498095 0.0548275556108114 -0.127653304720226 0.223725174619895
-0.0116082663951002 0.0929367266534694 0.0933700318964259 0.361134189710343
0.0258592910398698 0.108725633921279 0.251710787626958 0.314671304269219
0.0212012263327096 0.111866238089017 0.27344856537066 0.2678484959002
0.0147527868915957 0.103405670097897 0.257190890940526 0.269930017178472
-0.020339558050701 0.0840224798901067 0.158627911529959 0.280817536166603
-0.0569180032380743 0.0491971413510479 -0.000397085000687769 0.257930935589212
-0.0311212947627281 -0.0125012727837509 -0.106704809132997 0.126119669840385
-0.00708051177317119 0.00613860411982821 -0.0475208765011246 0.0678404973942215
-0.0692682905981783 -0.0413215855370357 -0.0382712312232292 0.106864938497076
-0.0242263295771849 -0.126721653193761 -0.124713561180927 0.338874397906221
0.120909126675972 -0.0140749834618765 0.124953829153751 -0.422856468108386
0.061789100768106 -0.111054323865049 -0.0236463857450678 -0.190719062689293
-0.084145854472431 -0.0982776384583311 0.0114553313673212 -0.0701358409857924
-0.093352546280083 0.0527189407862031 0.0810205168635482 -0.0725573623926176
-0.00632398783158722 0.105803646425103 0.0500632227419402 -0.218502673278779
0.0503648169687148 0.0652504006200937 -0.126376643971412 -0.314523785764041
0.0731211480219178 0.00684823968314754 -0.249165910176837 -0.310646869163936
0.0862982106711434 -0.00562873791660203 -0.267663476873315 -0.29369573472843
0.0784232053773246 0.0199109626488615 -0.235032255435437 -0.315308708278949
0.0695430995465077 0.0959645805307261 -0.0987830893017072 -0.324207444191891
-0.0107615661838452 0.120855764555921 0.0640949555170229 -0.23513709452092
-0.126038887373165 0.0494856909326046 0.0495867652653287 -0.0600023704198133
-0.109353057917114 -0.124381895150536 -0.0927899003359299 -0.177844763952678
0.0856216392113981 -0.144792380152838 0.0523268544522312 -0.40992355969661
0.143242706360355 -0.0397110979360595 0.507732416397906 -0.534376209938
0.218732878542937 -0.172577695977533 0.0826524716356409 -0.368221408288257
0.0677919550296166 -0.249687795065174 0.0123305233308025 -0.178303698962708
-0.152600575712657 -0.186895684921457 0.00358297160305786 -0.0881602937314159
-0.199669256448288 0.0647137806425808 0.0502862816325673 -0.0657588758354536
-0.0733138752756431 0.214435571081449 0.0523950132638068 -0.171641081838823
0.0678606897867678 0.208486921442091 -0.0808630915890887 -0.28018312825751
0.152657873039949 0.125575472677279 -0.19477269434979 -0.288788343050839
0.186906243844294 0.103525148428006 -0.211604657281871 -0.266978884276403
0.172397041827933 0.142311046962366 -0.176176876266257 -0.272060930869037
0.117647585302913 0.270856213188047 -0.066062024156966 -0.259403707960722
-0.079005513333889 0.301045738078006 0.0397786236125657 -0.163218449654045
-0.305816445402007 0.129480179559253 0.00410979092899085 -0.0261555110432407
-0.312189844252507 -0.244470469982838 -0.136713664096586 -0.182050144044051
0.0431008290718414 -0.407145726563505 0.0221983444835433 -0.407805820760879
0.274588293647161 -0.292334762310922 0.438349281705407 -0.494546034516029
0.30039212672027 -0.318366945398467 -0.00213186836034974 -0.262510497088976
0.0630673487570709 -0.38731020835242 0.0449359507096895 -0.12715686782062
-0.227865894435139 -0.273867425671812 0.0204625504949437 -0.0981308179438338
-0.306279566175859 0.0739300380001077 0.0221301866909774 -0.0801752894851368
-0.141494823075452 0.310320085692224 0.0306850958498381 -0.119441096141587
0.0760143161696857 0.336229695520109 -0.0396656518299674 -0.206043049779499
0.211315847952547 0.232649470676565 -0.118382499230138 -0.222985389938941
0.259017620185319 0.196597649751877 -0.124638529861621 -0.19915777978
0.240549994298299 0.238265270408958 -0.0847154686532663 -0.189001420136895
0.158261422807573 0.40530687420026 -0.0122311971689529 -0.155538778160694
-0.119568974859235 0.448798801099221 0.0241090545986587 -0.0584202871030816
-0.436802019474302 0.21386579129123 -0.0388944838685618 0.0308076050381627
-0.484859148419174 -0.302706399489271 -0.174899613770223 -0.144033733187216
-0.0324060905126455 -0.601430561271099 -0.0239438978652296 -0.346567163387051
0.348185042797046 -0.500436635493534 0.321635067689503 -0.376044072363857
0.349745917641833 -0.437065465079988 -0.121101885834135 -0.1054574727521
0.0358506609385913 -0.513873805917107 0.0664845215843703 -0.0205839317977377
-0.315210279854772 -0.345160832830835 0.0567637961799699 -0.0831862071664621
-0.403985997754993 0.0919734992274649 -0.00218181391924222 -0.0958455055532399
-0.196359285459947 0.385027760006269 -0.00828110917040908 -0.0512783184233923
0.0782299374441791 0.425852783778828 -0.00101477990073811 -0.0927620150386876
0.24334412625641 0.307918577146518 -0.0259998119961402 -0.117107905554003
0.293690888648918 0.257822001667492 -0.0187815928118396 -0.101356266729093
0.270056498504437 0.294894915397713 0.0232749943903534 -0.0818870115276266
0.177104245481398 0.474627924322366 0.0580273502872916 -0.0304599160676017
-0.13106787248878 0.52724571231681 0.0224806103420348 0.0653661585868578
-0.485784874727058 0.270474052970669 -0.0722955294754516 0.100533004027578
-0.57350159190037 -0.300184997987953 -0.188736917734322 -0.0755867365256341
-0.106214897361719 -0.679991790462632 -0.0614241674259395 -0.23518087129932
0.355794184599434 -0.61432988171587 0.186052589697698 -0.200394700088282
0.35018565741466 -0.499863771550824 -0.258941529133558 0.0905790543850487
-0.00583982643211191 -0.580232227519315 0.0722855853119423 0.134523792088449
-0.375515742788154 -0.368873725895267 0.0957845020887631 -0.0393805706452707
-0.450060841583359 0.108778956875385 -0.0291108555521407 -0.0937744474815323
-0.219106755493865 0.40958434228103 -0.0551239604152037 0.0371854689112867
0.07276686508719 0.451739259461854 0.0365434882910453 0.0504543791985059
0.242425715522403 0.334987895044572 0.0718590199130516 0.0124570158831012
0.279238486214306 0.280432028681829 0.0908234561941266 0.0124546321420308
0.25318473143206 0.307188491217702 0.129761867467643 0.0332151698371868
0.160594019584945 0.463900604734318 0.128080993519036 0.0927011954204607
-0.123296888140916 0.505129553928583 0.0294937295491721 0.180104693159789
-0.441805216978215 0.259965401814402 -0.0932756219861982 0.160766712570186
-0.528338989582527 -0.247014844168525 -0.172900700529939 -0.00382684670130461
-0.140011801207371 -0.62494711178405 -0.0737205530358385 -0.103267763739737
0.304854772094616 -0.610210927580897 0.0586650605750192 -0.00359794095446637
0.29000059506568 -0.48189662931819 -0.390028261587892 0.295079120897323
-0.0501764836581667 -0.540461084546931 0.0592700303836404 0.301702946412375
-0.360989128268232 -0.317318346458827 0.11884630501 0.0230850342223069
-0.402913995091497 0.103887967847304 -0.0573851833340323 -0.0663712785642803
-0.19760704676142 0.353234168923287 -0.0978386654208937 0.132410026362441
0.0555179114659206 0.395171043920264 0.069399576420291 0.19541876462082
0.202094621476567 0.304692248637272 0.162368264760795 0.144268299689402
0.222918888826699 0.260287930402069 0.18598211798496 0.124110148451903
0.194980104008843 0.274730942148235 0.213357362288988 0.138810573866159
0.110060848626104 0.380443089122244 0.174669491089031 0.190717950284547
-0.112141314703658 0.387963156854075 0.0330004782474546 0.255220887115148
-0.324496311439312 0.177172952547258 -0.106504275790285 0.18560736045377
-0.371399046850391 -0.172638335427936 -0.134674481475858 0.0443941831411556
-0.124238994285263 -0.460693985777186 -0.0661820113952036 0.00521805179518312
0.213959534970002 -0.495755936795955 -0.039885022291713 0.168394233688749
0.173646812491651 -0.377058217939176 -0.486575751664471 0.465343295918198
-0.0781784857070733 -0.383821709081157 0.0310947524037834 0.438398112571949
-0.259084581516888 -0.191072926967597 0.122954923302126 0.0869276528342788
-0.260864105394547 0.071496137808488 -0.0716656774632618 -0.0288861881335837
-0.137734004484075 0.223639146077451 -0.125342572578212 0.202733930023723
0.0257618593935957 0.266174275143749 0.0915882313488768 0.308730986996425
0.125939015871 0.226158708461904 0.228954223740406 0.254518900371956
0.131535860264655 0.203359225989057 0.252683025432868 0.217107861220866
0.10933567768929 0.205328925761662 0.25930794281695 0.221487513851258
0.0402335625537372 0.245092223656356 0.185826791333386 0.254675478046386
-0.092867385361342 0.220436468923774 0.0217210131489127 0.279119396661307
-0.176454896608542 0.0699654831644721 -0.110379538220652 0.169678400766234
-0.172421690995289 -0.0881294382166979 -0.0890775314824947 0.062923149427987
-0.089250044565393 -0.246382975822347 -0.0518575524957309 0.0737865202040519
0.0985854260834949 -0.320146995409903 -0.101375496052663 0.287040258433692
0.0267480837038923 -0.197677696419028 -0.525716486111949 0.571978477279728
-0.0887400027201206 -0.152719538428219 0.00371316689595089 0.520922638696748
-0.102347178459862 -0.0314868536132204 0.125723133515074 0.137093944148416
-0.0727872459596625 0.020685955817705 -0.0598629964254277 -0.001752680795844
-0.0560731629086026 0.0558334554682202 -0.13458690973171 0.227235177122965
-0.0115602357553844 0.0952853456661803 0.0955104786133067 0.368353671389764
0.0269291655017958 0.112191907543767 0.258888365123524 0.323018857068334
0.0225304186534649 0.115704133448148 0.282109965927317 0.277155321864757
0.0146801988950679 0.10676521325136 0.263966001514603 0.275618228965158
-0.0225664355997241 0.0869638497049258 0.164498137035772 0.284757146146242
-0.0586302529496276 0.0500256802555819 0.0027681727993983 0.261000502309852
-0.031993986109811 -0.0142162236714813 -0.10494322676859 0.128989311671613
-0.00535861192010926 0.00424850732974576 -0.0454954046956196 0.0679617189834015
-0.0685762559192916 -0.0388817924275765 -0.0416376572124532 0.112213297001454
-0.0238318879198518 -0.128219837873699 -0.128357997017535 0.345770269915909
0.125502632624679 -0.0206598626028322 0.114551470381507 -0.438829980740058
0.0590448939147161 -0.117928774352808 -0.0327965582647318 -0.199717058733885
-0.0926969961811947 -0.0953218486488165 0.00504240499291979 -0.07483344329819
-0.0931530874217924 0.0591287290076781 0.0757880457306731 -0.0754781899701471
0.000593904296023469 0.109149784923612 0.0419917663109868 -0.22143687552665
0.054602333757558 0.0658925892546522 -0.144530062002789 -0.313485903380455
0.0742265720100757 0.00280819502017655 -0.269829816601786 -0.309353293538895
0.0881265840480778 -0.0101992353984747 -0.288232465589652 -0.296583271552099
0.0822813018301121 0.0174534056396903 -0.255146361345558 -0.31856319273977
0.0771314095953008 0.0943059947440919 -0.113313223630697 -0.332326055743858
-0.00578192532638291 0.124429484023566 0.0600133252140269 -0.244965685727652
-0.128207517831584 0.056229363626798 0.0505312094037923 -0.0603656226425841
-0.11711942778158 -0.123533275995449 -0.102470707844395 -0.174625200014681
0.0825948950476761 -0.154030549223109 0.0424581925814204 -0.421235746212477
0.147677140588891 -0.0469792037860237 0.501477065226677 -0.565938918828395
0.220813784488061 -0.184411293858939 0.0714055603489609 -0.381735783611819
0.0605635500188167 -0.259825750109844 0.00351336861776793 -0.18997550032767
-0.165734694776696 -0.184672510020259 -0.00362825219288116 -0.092630643739462
-0.20244430988358 0.075251477923416 0.0436336318058246 -0.066722167916963
-0.0640380826563321 0.224499920386945 0.0468355078595428 -0.173729226717311
0.0801780114608912 0.212486619129801 -0.0957869061563457 -0.282142924786957
0.161257943058402 0.12286116715615 -0.212456993523089 -0.289604331065641
0.195755573022569 0.0986675743428709 -0.229542084290371 -0.271078559771634
0.183391039234861 0.140720870050054 -0.192427469280924 -0.277617098908009
0.133922239756783 0.274436991499838 -0.0767262027619085 -0.267216680467339
-0.0684166739171364 0.311771068961347 0.0388416028410981 -0.168388375240767
-0.310461059751753 0.144335266592839 0.00565684700508617 -0.0237743469029456
-0.328352951383527 -0.240665842636412 -0.149640945836637 -0.179079847728308
0.0317950931780287 -0.422011622014119 0.00600492408275107 -0.419819816870177
0.274529868115617 -0.312629619561786 0.428458411798099 -0.522372816138365
0.299440337975613 -0.334924726016595 -0.0115712382706676 -0.270042570910544
0.0516055791508334 -0.401744925308597 0.0397560018325079 -0.139357471166417
-0.24345287228024 -0.273598798954677 0.0133859240611401 -0.104548992890994
-0.313474751333353 0.087356388342318 0.0132123468877578 -0.0803489858357105
-0.130451177919306 0.325283032501414 0.0259173453621951 -0.119647688260543
0.093862468349614 0.343856371702497 -0.0500224899707548 -0.209589770501406
0.227528026754951 0.23042597982048 -0.131441915071479 -0.223880460827119
0.274702461038535 0.192388315912752 -0.137358856174973 -0.203764716278819
0.257930489957918 0.237341845166077 -0.0948668873975156 -0.196821828959057
0.1814069926359 0.411881645853128 -0.0166774387482709 -0.163617116804621
-0.105215176910023 0.466013984934232 0.0285137717019334 -0.0593660221736318
-0.4425481330472 0.236227848409952 -0.0353857299335541 0.0356257455367962
-0.508418432680106 -0.298284594511428 -0.188112687785255 -0.13948025148532
-0.0520158343919087 -0.6202471377585 -0.0400689005376926 -0.354813412982151
0.34272399295437 -0.529803282504483 0.310758829793188 -0.398640799710367
0.34576981962362 -0.45691646085681 -0.127919058231179 -0.106258647122479
0.0204343383354905 -0.529827359534362 0.0661788387628872 -0.0314160912767701
-0.335355780873599 -0.34522470517805 0.0526704418308435 -0.0909234667593364
-0.414314941972381 0.109135802269508 -0.0134506878096407 -0.0969182531095117
-0.184319928149073 0.405450115067579 -0.0124537294200492 -0.0487672737447389
0.101029556201313 0.434857380097806 -0.00569745544226284 -0.095291060197847
0.263802661429875 0.307884915840187 -0.0319152065804095 -0.118962717312677
0.31163042065466 0.255662735397374 -0.0238019087739018 -0.105912528862219
0.289543010309348 0.294796278798481 0.0208060021271818 -0.090209496462846
0.204211172057895 0.48271711889193 0.0607418285746753 -0.0379349341658579
-0.112868986645747 0.547135808198363 0.0327618178015453 0.067629163022507
-0.492407090245144 0.295556887639021 -0.0661333077884092 0.108065815795444
-0.600154879433414 -0.292668068660159 -0.199461324522097 -0.0695527977167868
-0.129871785505043 -0.699213903537023 -0.0762617471322304 -0.237137850308356
0.345748070244029 -0.647369381962733 0.176481326243011 -0.213063346404184
0.344803810636276 -0.520953620987861 -0.263147660876049 0.0994856216493274
-0.0244352515200309 -0.597262935817429 0.0780910893974148 0.128195171553126
-0.398456965255383 -0.369547837256131 0.0959916163212937 -0.0471646457758106
-0.461283933802295 0.128547277214181 -0.0414080068423686 -0.0945013226254227
-0.208022407728429 0.430138604213774 -0.0583830590390688 0.0436187293440155
0.0953427656835204 0.462100255899964 0.0392638313949593 0.0491806451341993
0.263070726097408 0.3356832068887 0.0745592472593719 0.0115662853473563
0.298360661641096 0.27880886682619 0.093510840173281 0.00878526755551523
0.273446509726404 0.308723484012971 0.135331829938084 0.0246498643458297
0.186956660032796 0.473651936772364 0.136891521217825 0.0850469916490261
-0.106224682855145 0.524851340692765 0.044827899184595 0.184280598024404
-0.444970967895516 0.282792790903847 -0.0855168082443034 0.169967193453807
-0.551899734093352 -0.240143847316647 -0.179708491255615 0.00226796182822478
-0.163286715677898 -0.637968991391397 -0.0843949435281516 -0.100473341834012
0.29329891261633 -0.640041164133763 0.0527343373600534 -0.00635260774218182
0.283066186079269 -0.499778584838663 -0.38999117282549 0.313302755146462
-0.0670294865619073 -0.553958687724992 0.0720715949551581 0.301934946574464
-0.380695352127817 -0.316439197387019 0.122576059137278 0.0160545819314691
-0.412709606394476 0.121332460212029 -0.0685877175814556 -0.0663896604313102
-0.190621348811598 0.370781175250953 -0.0996881471886577 0.141909544886718
0.0750247348336585 0.403929832077059 0.0792610003195836 0.196031501686908
0.221242903996871 0.30703502360807 0.172952707617302 0.143898035689233
0.239079631111192 0.262121265742613 0.197037220305165 0.12110052962169
0.211176821096363 0.278106593343795 0.22486395270032 0.130894412706114
0.130529454453808 0.387043488640877 0.188508834466826 0.185131885962211
-0.0979050958574787 0.403495474363681 0.0499065794705574 0.260737587409068
-0.327562457710825 0.194517780733743 -0.0971929487768729 0.195456560322073
-0.387338502345158 -0.168858685668001 -0.138077211408174 0.0488945030958385
-0.141039436111573 -0.468187127417397 -0.0725170120107929 0.0116929887567909
0.202913101216813 -0.517985490383029 -0.040197950310882 0.174044598497743
0.168508339338302 -0.389321987177843 -0.48443561438031 0.493684564667279
-0.0927968705166971 -0.391743145498762 0.0495159255495999 0.444918490534196
-0.270974725329905 -0.191076778803843 0.130334676858317 0.0811659200075112
-0.267433901741334 0.082381328683155 -0.0801798495064861 -0.0288223526379048
-0.13351339525007 0.235476943863312 -0.126380436442425 0.214405668284313
0.0376889768679329 0.272269336441547 0.10729269086419 0.312566897005898
0.14011018221312 0.228537171919688 0.245081966007599 0.254912524870219
0.144401730312195 0.206861070887554 0.270213814231202 0.215328172193466
0.119962325186797 0.209397307500411 0.27620581712428 0.216333943334562
0.0517503965814556 0.252225028429957 0.201340784139324 0.250606667968488
-0.0862236132321761 0.230127333104995 0.038772312801746 0.283897852548855
-0.180278945277537 0.0768753079615876 -0.10213997053996 0.178507598772458
-0.179139507479663 -0.0872829345245182 -0.0883184057088568 0.0661333058400373
-0.0965299802830961 -0.248392093937496 -0.0550430002860976 0.0821314348917268
0.090960482714636 -0.331677248138078 -0.0969254603998794 0.297425711103133
0.0214298262230065 -0.201677532299038 -0.520306313338929 0.602929356546515
-0.0966138445116616 -0.152661517862523 0.0237648568860652 0.534017612680051
-0.104820629346623 -0.0308100390929219 0.135811437519743 0.133410477200197
-0.0758637607795004 0.0239115777980723 -0.0653748503795814 -0.00311410972087367
-0.0569853241703949 0.0596528139237522 -0.134835599375455 0.239907819811629
-0.0073386652398986 0.0975659724233079 0.113635202926865 0.374499001331218
0.0338056906653459 0.115838645658728 0.278783194257632 0.325460855416372
0.0285641757070737 0.120332022191771 0.302252914799927 0.278772513239344
0.0190380368354449 0.11104863188494 0.283375149131553 0.273553422851476
-0.0204787024433843 0.0915719130790807 0.181043381013867 0.282792605904736
-0.058079480458324 0.0539344878723851 0.0163811630560417 0.265172748657176
-0.0342273821855751 -0.0149949601814904 -0.0980595480498707 0.136137065195799
-0.00348944406568892 0.00173624188121501 -0.042005425031426 0.0695323794639747
-0.0680529644716536 -0.0346286355144608 -0.0410033316036557 0.120953185967719
-0.0284449450821311 -0.129102061249149 -0.120091451642123 0.358287146805608
0.125148672187107 -0.0301136017027228 0.0880336100404135 -0.444450293113846
0.0514565340812034 -0.122971602386891 -0.0477754936389379 -0.200937144897075
-0.100309206574844 -0.0868917308397672 -0.0046677465653176 -0.0765512632120836
-0.0883620185364545 0.0663628583602963 0.0664595642081649 -0.0777265423105271
0.010652734600513 0.109173835844359 0.028406655590424 -0.220298849604849
0.0600467375452395 0.0632071536959639 -0.165584204759123 -0.2996265033418
0.0728217525743735 -0.0032534200866059 -0.291514431291546 -0.292226193392884
0.0868231827255078 -0.0170182530446274 -0.310282414323072 -0.283016512386769
0.0842629701244094 0.0124108567523434 -0.276856326153464 -0.305643132910906
0.0850268928265087 0.0887833723389034 -0.134031774451521 -0.328870333209792
0.00263076378932826 0.124515251187942 0.0469650997651662 -0.249393721092673
-0.124570053263613 0.0650471197518002 0.0494552944641434 -0.0605228486538542
-0.124474715915989 -0.116891580350931 -0.114320990230009 -0.163381490659176
0.0728454180781326 -0.161204606859108 0.0173964322650633 -0.422770599687374
0.146048202664551 -0.0578858929204095 0.466038383143567 -0.595257365855664
0.212253551079397 -0.197700708078806 0.0489202816688491 -0.383748057939351
0.0453068744709809 -0.265422983631955 -0.01079080009988 -0.195233296394199
-0.177624266658717 -0.173035113549469 -0.0139973301712645 -0.0942017102388537
-0.197401948120517 0.0893473075370637 0.0340544710719003 -0.065783944459402
-0.0456936846284652 0.22854273656892 0.0360860395315669 -0.172550265420135
0.0962413078259955 0.208051812082744 -0.115176277965019 -0.272824194951223
0.168803671433083 0.11135624941859 -0.233180072113605 -0.275893433502278
0.202432430353071 0.0860829751074658 -0.250194321373463 -0.260939937217339
0.194162873788422 0.129588281642334 -0.211726019652897 -0.270087737073142
0.154276935116172 0.265926479804414 -0.09313007732362 -0.266343640519461
-0.0483472240060416 0.316591087850677 0.0330587450700837 -0.171123953654818
-0.301933635786606 0.164648654236752 0.00723556635148037 -0.0221180581141505
-0.343789405988983 -0.223896232047392 -0.163210113358637 -0.165365472331049
0.00815295460049699 -0.427385936213843 -0.0195794458934507 -0.419444239244588
0.258362054161914 -0.330983818189938 0.391731541545341 -0.546979144741038
0.281384983999067 -0.351257204230224 -0.0273621798001693 -0.26996717423252
0.0278028265403921 -0.405650686895016 0.0288671489924502 -0.148614561655741
-0.261442745756434 -0.260057352903671 0.00324165976575172 -0.106943988952003
-0.307964610126867 0.108053941710165 0.00178670588044103 -0.0769384011827089
-0.106985055262229 0.3343247599414 0.018124539132927 -0.116425316798037
0.119026186225631 0.337218188403425 -0.0644461851665983 -0.204580646083312
0.242336924033598 0.215883763721206 -0.147288631021365 -0.215410400463372
0.286926432737478 0.175946565016353 -0.152954084900802 -0.199186119559181
0.274396678875349 0.222339124579215 -0.108627735238057 -0.195361302673092
0.210929084223203 0.40094844359267 -0.0261543580302618 -0.167070424924175
-0.0753533659166446 0.473618901108389 0.0313656904379009 -0.0616551085289252
-0.429292155055986 0.264686685863848 -0.0288968709374698 0.0397988319166256
-0.526439548612753 -0.271722259219232 -0.199950525808022 -0.125262209943331
-0.086261817119347 -0.621730053659371 -0.0651796213011541 -0.350725759034751
0.313231787149042 -0.552515198457693 0.281009171881385 -0.417023725451613
0.32445545941004 -0.475375738409835 -0.135204171056432 -0.0997495563704277
-0.0100083803502315 -0.531989386448375 0.0620412963666412 -0.0421851729194361
-0.355999493764215 -0.329294688353796 0.0439333817190731 -0.0959872721597404
-0.408087720299298 0.135847252365178 -0.0265636169898315 -0.09218139018481
-0.156405869002384 0.417848278372423 -0.0169094112303283 -0.0433166274029289
0.131962058286462 0.428597470124288 -0.0125950442746343 -0.0944196365815292
0.285337011406224 0.290356265163279 -0.0406800542823671 -0.115586762904226
0.328372675958532 0.236804101747654 -0.0319015425181616 -0.107094255515324
0.30942994171763 0.279191643330417 0.0144932893668446 -0.0960908983404681
0.239593780630494 0.471561219038678 0.0592394226941682 -0.0468039445276597
-0.0772664180481771 0.555881283590153 0.0442452959738705 0.0642221637156442
-0.474002808134196 0.32873603690782 -0.0548472044881208 0.113263474952964
-0.618715684253341 -0.260688819159545 -0.207418583884179 -0.0560694859076687
-0.169968658766646 -0.693899199981082 -0.0950305868451604 -0.229041896111367
0.308888368089451 -0.669886278343996 0.155771941207672 -0.221116364767349
0.320434662558289 -0.536693199881121 -0.258188819340573 0.112423456836547
-0.0584606111701595 -0.595708877105167 0.0838369276985333 0.116904641581556
-0.420590505433122 -0.349365993060044 0.0908817532727844 -0.0562750236822894
-0.455762654295785 0.156336604639012 -0.0540464820460153 -0.088450414970569
-0.180131086342769 0.442974824537617 -0.0593058939482311 0.0521730176451028
0.126328979008406 0.453717512333349 0.0415528642154822 0.0466144398188575
0.286006582240086 0.318972048425549 0.0751702721038722 0.00766268538397258
0.316806742290947 0.263182223932696 0.09477251922233 0.0015205220459924
0.293524479935135 0.292869735625592 0.136173840909533 0.0119251250944159
0.220402730511253 0.462332391880684 0.144250052400228 0.0716729574540248
-0.0729444795415403 0.532542181537091 0.0641566548035187 0.180048433818309
-0.430115560131183 0.311278704853034 -0.0692018820447744 0.17551877415
-0.568530711357178 -0.211476291079094 -0.182274213440889 0.0133006644869738
-0.197284550004675 -0.63005034163746 -0.0962093029376068 -0.090639020038456
0.25368682144704 -0.658377497424322 0.0450438146420509 -0.0073676491510382
0.25969065127798 -0.513782976480794 -0.373101988651283 0.333447943901078
-0.0982886332900703 -0.549852451582285 0.0893279223937386 0.291351754265789
-0.400266403033183 -0.298789264975914 0.123216770324403 0.00482366525489725
-0.406479341380188 0.147304381729161 -0.0794034585312337 -0.0609220328607882
-0.166210657868023 0.383963014566243 -0.0955093620499418 0.152894061816922
0.101551086728844 0.398722392616639 0.09171839975944 0.190567922384341
0.242344636531153 0.29363284702036 0.182123209290099 0.134514724851981
0.257960515262278 0.249726309486217 0.205918197226951 0.109838453728304
0.229772775815758 0.266757218902522 0.233203713837573 0.113590427086425
0.156738873331806 0.381626656327926 0.201120711739776 0.168267379914621
-0.0706039825488191 0.411105887767966 0.0728673579050501 0.254909666736167
-0.317274781975966 0.214582759505728 -0.0798450894249822 0.201101087974921
-0.397950646336338 -0.149009490643594 -0.136679899967635 0.0575181729277748
-0.166578325777037 -0.45976147867305 -0.0763964081726945 0.0216395424908689
0.172103834134013 -0.529898351574648 -0.0356741927969953 0.177451104278256
0.148284887951309 -0.396442163205994 -0.456129889546914 0.518283635137503
-0.114809069373703 -0.385071646637104 0.0775133067938557 0.438569889686288
-0.282106997539529 -0.178568671995151 0.136548294604986 0.0699493895640702
-0.264128619579608 0.0987084412921904 -0.0880536044203106 -0.0244382870369028
-0.119691018250298 0.24409947150373 -0.11779630529274 0.225853432922507
0.0559822685008239 0.269159486502913 0.126431222965773 0.304830629994226
0.156470021355789 0.220210398899163 0.262901231146567 0.241654372583655
0.15961948200585 0.200542874218067 0.286671378453462 0.20063898188683
0.133463552649845 0.203788436688949 0.291202883619901 0.197326234839762
0.0689057441417099 0.250361285972122 0.218340684341255 0.233628905520462
-0.0700009339630913 0.235658795773975 0.0618420720777158 0.278273597279244
-0.176604810247982 0.0869531716473935 -0.0860496751415374 0.183738812158236
-0.183986058288077 -0.0799699611860997 -0.0842924839250627 0.0702610351946876
-0.108546798847233 -0.240695588994372 -0.052715006379112 0.090999154829069
0.0711859080326293 -0.336050319079821 -0.082861119915789 0.303708517009796
0.0106494363128772 -0.200942946929731 -0.485776213465935 0.63280942552823
-0.105224180256612 -0.145527709397334 0.0598893484213168 0.530158625368958
-0.10669207898462 -0.027197075196087 0.145790143420369 0.121763702213449
-0.0747375915223695 0.0288253566119775 -0.0701423243138818 -0.00112666645864311
-0.0546234702401422 0.0637041753115119 -0.125396418196187 0.25041392168756
-0.00148306278021589 0.0973644776453977 0.135548555505497 0.367608614927625
0.0428182359714919 0.114411352814235 0.301773798146912 0.310489465864858
0.0379130085037379 0.120674339732467 0.324471331023007 0.261582300055484
0.0260416247536309 0.111565797034029 0.302112628427428 0.2568717174637
-0.015590242908451 0.0942156883236026 0.199579307141604 0.268583208290112
-0.0551395493649092 0.0566966996508083 0.0364261843757649 0.260513749267744
-0.0355301848183456 -0.0143301898193569 -0.084832485922245 0.140704073277645
-0.00276443389127627 -0.000568176736267104 -0.0361081098414186 0.0714358299448081
-0.0670121757340192 -0.0288391982629914 -0.0349124186393075 0.128555999872105
-0.0352845428698468 -0.125173651119173 -0.0991343876035948 0.364181193917542
0.119917787099957 -0.0373472015405252 0.0606427153133996 -0.43177242142195
0.0426273063216658 -0.123200526577985 -0.0591396869493209 -0.19422409998197
-0.102010177112986 -0.0755956187727527 -0.0141754915282515 -0.0736766531919933
-0.0810679081612381 0.0703373789919837 0.0557684156655089 -0.0750276319142597
0.0183604642920099 0.103697773412756 0.0155432533925158 -0.209850348233278
0.0629930705714806 0.057728708071937 -0.176578258625857 -0.275249875071389
0.0686360298495671 -0.0074447271914058 -0.298591810486343 -0.264550868574318
0.0817819669807457 -0.0221237111773967 -0.319519950713633 -0.259125514618356
0.0832438414920948 0.00684040112558953 -0.285377901252615 -0.28281304479702
0.0880229784222347 0.0800765670652597 -0.147242987444118 -0.312704338064462
0.00978539107356475 0.118917558209157 0.0339770284541945 -0.243854625726251
-0.116266420175283 0.0700844809320771 0.0482812581820728 -0.0585822943588133
-0.125805201267728 -0.106785697045272 -0.118026088147814 -0.146725948088497
0.0612315233205054 -0.161777107071443 -0.00369714899957155 -0.408585750439901
0.139279493402034 -0.0652878785468585 0.414783401755793 -0.595952906641587
0.196230435259541 -0.202445931218677 0.0265131553859449 -0.371229282726104
0.0288140308927782 -0.259448128287374 -0.0231966823267686 -0.190900526051734
-0.181386931913088 -0.156222785939177 -0.0237450570073281 -0.0907013378177701
-0.184171443800699 0.0980486323145078 0.0247800525991007 -0.0600149326744618
-0.0285486242540277 0.222566994466566 0.0258621542076404 -0.164021734141209
0.107191246922138 0.194910575219538 -0.12718665655618 -0.2532582874811
0.168481418974565 0.0976892611917542 -0.241480471417075 -0.252461310377431
0.199105340577273 0.0720040093047411 -0.259779647591445 -0.241641842399847
0.195555455995096 0.11507709159106 -0.220666847573178 -0.252408095119173
0.165686001666923 0.247444249324421 -0.104839542673381 -0.255100155441817
-0.0288137170020953 0.307971545641251 0.0269165000989317 -0.168194715495199
-0.282486941964074 0.175558765034665 0.00945446383277506 -0.0190132407788008
-0.342013124591541 -0.200682655514068 -0.167782850541322 -0.146527970997451
-0.0149822040793038 -0.414664825918336 -0.0421772974569291 -0.40168742733737
0.23284600152034 -0.334366157475769 0.343554498151966 -0.543777977893467
0.257270901495874 -0.351678873979658 -0.0408196293253442 -0.258852905351688
0.00514271330023509 -0.393614629985762 0.0171088462407637 -0.148950632375889
-0.265733580668032 -0.23718125033415 -0.00692406937047847 -0.104451671309266
-0.291147971881043 0.12177065890706 -0.00709666379906859 -0.069248030357032
-0.0815650861911073 0.327596842445693 0.0116968754278114 -0.107649113062552
0.136286298967754 0.317388841765351 -0.0741916376117765 -0.191047383073701
0.245646503765457 0.193798888449842 -0.154773099772976 -0.198069391592286
0.286562068859834 0.153991738559748 -0.161544251245489 -0.186412133450326
0.277625471550141 0.200084668353905 -0.117972291780417 -0.186798238447534
0.228457900579618 0.374392086518479 -0.0342877698441287 -0.164461147458509
-0.0439477745116475 0.461518898539718 0.0325936898386192 -0.0632302535126625
-0.399304346417931 0.278162456648419 -0.0215633099590582 0.0412832054691014
-0.5230865118543 -0.239209790746883 -0.202081009234211 -0.106066638994242
-0.113574470461507 -0.596270851762577 -0.0842582388848174 -0.330526437253749
0.273773520108886 -0.55097489774289 0.242296320731581 -0.411231963695132
0.291810710376341 -0.471778747799391 -0.135865148629877 -0.0909483111008748
-0.0364344824838664 -0.511843353888391 0.0546788718555479 -0.0498406268523125
-0.360552816259095 -0.300180367567227 0.0337359463958227 -0.0983618417188011
-0.387102953676552 0.154094204389485 -0.0355869650519486 -0.081930978550169
-0.12566917314657 0.410701501486238 -0.0193934124400314 -0.0347321186539815
0.153774318890026 0.405451087245928 -0.0185577761109318 -0.0891796158401179
0.290078145968233 0.263810614589799 -0.0460460718496101 -0.107997324580716
0.329493875383822 0.211645592927275 -0.0381713394698435 -0.103934939162216
0.315493596812037 0.253711500262144 0.00662377162025329 -0.0975181353510826
0.260671736106136 0.442167404629671 0.0546326309870519 -0.0538341401239348
-0.0423558245927097 0.541976913895021 0.0528858867194412 0.0572826787092836
-0.440840673128012 0.341922698108089 -0.0420385212568184 0.112705771586854
-0.611350430448165 -0.222302451203009 -0.206008160713626 -0.0396090310550701
-0.197063866478251 -0.663111118676931 -0.107890233847364 -0.209816831664346
0.261675221293498 -0.663598822892998 0.131324295743179 -0.216504169541823
0.286175810476689 -0.531572211105525 -0.24398715409889 0.119608128742008
-0.0855397831998337 -0.571863744538563 0.0848151295763674 0.101899936561477
-0.423371227101879 -0.319281649784712 0.0822864287622123 -0.0631691245707227
-0.432752960708963 0.175923290670684 -0.0634578916125999 -0.0787118758377373
-0.148394158683706 0.437532840259281 -0.0558942954850528 0.0595188119047508
0.149349684848316 0.428997200077975 0.0418517849232117 0.0431160217418794
0.293950613317801 0.291113076505998 0.0725488745153647 0.00516883940285325
0.321137884121591 0.239330666913165 0.0911507536211486 -0.00512394001268474
0.300957171524707 0.267567667880942 0.130501216974752 0.000720084912399019
0.24341694870696 0.434180029947274 0.14229128997849 0.0561841553609032
-0.0389855435974052 0.519229788269934 0.0779412532118074 0.167150017927266
-0.39731455970181 0.324641043239573 -0.0531928447902985 0.172581227875457
-0.560509022633738 -0.177843834386346 -0.177292175507662 0.0253524735442651
-0.222378376147158 -0.599418296320437 -0.100913605233497 -0.0760537255080568
0.211487357411263 -0.648977822767564 0.0364703252785389 -0.00501667029474538
0.227482554437744 -0.504978625564937 -0.344279647826371 0.338286659724646
-0.121636521914433 -0.524710744187455 0.100215077534536 0.270386237408992
-0.402266802551274 -0.270075858669112 0.118390524854897 -0.00648791837195568
-0.385528621707704 0.16315698702046 -0.085883570177608 -0.0519277422667576
-0.140488797798349 0.378525626389714 -0.0871276133735309 0.1586175583673
0.121376265581855 0.378091104173055 0.0978445119474219 0.178357975945547
0.251845926541526 0.269864838311123 0.183946490887174 0.121553930778793
0.263036927187733 0.228792578036811 0.206073286735427 0.0946422245793307
0.236842321888934 0.24634733471874 0.230787968767714 0.0938029416027357
0.175538849217949 0.359878799541964 0.203302281761549 0.14671237678383
-0.0449899094991044 0.39967187801247 0.0897291893467833 0.238587729528655
-0.295249116346575 0.224221299439791 -0.0613040775153475 0.19658545219536
-0.392688570170501 -0.125947599717184 -0.130074811103123 0.0635711993851722
-0.18138885168798 -0.434559249192304 -0.0753714530766987 0.0318782811091345
0.138863463760362 -0.51946476518348 -0.0302349760412685 0.176196014103041
0.125688747501351 -0.386414901958513 -0.415036936548491 0.520981326616047
-0.129390313826614 -0.364026684071757 0.0970217379751697 0.413802692113925
-0.281245462348396 -0.160506074801772 0.135728218283257 0.055757571161751
-0.249525961760046 0.109471765622261 -0.0913163057929156 -0.0180211200052492
-0.102704928443391 0.242890282476384 -0.105604787366205 0.229336378231073
0.0685369255708888 0.25613258780186 0.138066603635721 0.286339632651779
0.165097939497343 0.20435000756429 0.267830841569599 0.219950364064263
0.166022593842506 0.186694581021422 0.291353579919062 0.178885857315793
0.141199398864442 0.191227040957093 0.29153932720951 0.17321475972185
0.0819416364334671 0.238708916213566 0.223352247826932 0.209969979863747
-0.0540550773564109 0.230851350794248 0.0791351884938778 0.26087858066477
-0.166315965314257 0.0935213168428666 -0.0686931438484261 0.179422644182475
-0.18194723440803 -0.0699136966955205 -0.0778860041231863 0.0721737836604648
-0.113999940651761 -0.225781124702992 -0.0474856739826559 0.0969667365721638
0.0522091440225587 -0.326168784945242 -0.0666764042070397 0.29790746914498
0.000903314167291865 -0.192486512404299 -0.434934715992685 0.633866565435861
-0.108931079424564 -0.133054650942114 0.0870324889898505 0.504629491537936
-0.103874369437188 -0.0226889294273044 0.147709742960647 0.105899646851679
-0.070634837725686 0.031481544232971 -0.0724685985680341 0.000990451984913136
-0.049781415315766 0.0649914763168746 -0.111589076282605 0.252379877707223
0.00350383292582075 0.0934364465761452 0.150823294779374 0.347025733885287
0.0498208395237478 0.108304032653922 0.310089149626761 0.284482242848558
0.0453230889857021 0.116175743137564 0.332052766814272 0.236289161622286
0.031531516777969 0.107969485684097 0.306722400777249 0.229980966390909
-0.0101218578852373 0.09332381813639 0.206692756169488 0.244854727465912
-0.0503682996670965 0.0574889727992248 0.0514782249828675 0.244182810114852
-0.0368069233425018 -0.0135625247562415 -0.0703870858371523 0.137824810345051
-0.00156694466800051 -0.00248772046810285 -0.0297874257764159 0.0693952822310247
-0.062545577783603 -0.0229041366319863 -0.0266540479716523 0.132035785169999
-0.0393983626690344 -0.11661510792659 -0.0771292470565227 0.355461098637073
0.115688627835333 -0.0222620540693749 0.108464196018147 -0.386074330185381
0.0542192935271119 -0.1105334036876 -0.0307403953839041 -0.191946727867019
-0.0852646382731088 -0.080474544813483 -0.00836734585608217 -0.077359509846869
-0.0835323261229769 0.0562275320855904 0.0534232444028465 -0.0630247613202
0.00532569934139013 0.0991419417108568 0.0325758072332969 -0.190751692805892
0.0559948793954657 0.0634943033499915 -0.138217466358295 -0.268067099484232
0.0643173139869758 0.00234262465518001 -0.255232683589397 -0.279193215283046
0.0786262773423101 -0.012592530781763 -0.275912106317351 -0.284834548937122
0.0780939692759441 0.0184860859562244 -0.242656527233785 -0.306001214579228
0.07493869642802 0.0866578186510337 -0.105678588166495 -0.319580142526693
-0.00583634227351001 0.115627697537165 0.0647729645040076 -0.234546119716886
-0.120212898960995 0.053936408648438 0.0593486245087376 -0.0513339719030908
-0.109123830842157 -0.113227341504159 -0.0919767806472869 -0.145332328139067
0.073772105093396 -0.146551528683029 0.0410144588350841 -0.384010498006135
0.13704449194561 -0.0466825101542772 0.464608974526402 -0.522366504125177
0.206915046855765 -0.163970943848067 0.0811539349028042 -0.333375943093133
0.0594632862726052 -0.236811139354327 0.00724334494797492 -0.190779545050344
-0.147826345020546 -0.166425073059711 -0.0129404167223642 -0.100514888350782
-0.184461896858319 0.0669317462123296 0.0229150621837805 -0.0566102959190206
-0.0560724494129807 0.202963790208259 0.033959765945084 -0.149919703714348
0.0798791487601634 0.196749765734953 -0.0991235590961357 -0.240873214117887
0.146873466273769 0.112706468936698 -0.204850045050155 -0.261159519467093
0.179768610459421 0.0915660543143227 -0.219870506057393 -0.262459542140339
0.17204327276479 0.134737227639968 -0.184646122770294 -0.273159508961496
0.128563297304861 0.255009194369398 -0.0704703295475584 -0.267446349883378
-0.0658461202142805 0.29024620071178 0.0545319371416716 -0.169212165889155
-0.291133313221146 0.133437666221561 0.0230880405300319 -0.0209234464445068
-0.304381416111405 -0.227976381737336 -0.135410720974214 -0.146149852180679
0.0308890706031911 -0.396706212026257 0.00667284500832376 -0.369454874959479
0.258154900402171 -0.294217906945641 0.39237860871589 -0.467033468593751
0.282695366430059 -0.293240290780601 0.0179501570077315 -0.237124822556411
0.0557785007864972 -0.362116259557002 0.0454374854395543 -0.153398200302432
-0.216160974951025 -0.253801777738689 0.00678941836170106 -0.119006027118068
-0.286708097395938 0.0735738698369678 -0.0066059872063053 -0.0713889019568909
-0.122108682710683 0.294355594691186 0.0116937667954625 -0.102794829590999
0.0912147958192464 0.31446746829809 -0.0610967023049431 -0.176254852436477
0.208699408099182 0.212171997704916 -0.130066177605926 -0.202302476554467
0.254222946685507 0.181793546522036 -0.131670410570859 -0.198939192898842
0.239544882888058 0.225609978476299 -0.0933947616867329 -0.200612426312418
0.174859479000228 0.382451931460058 -0.0140882470937795 -0.177577759447344
-0.0990172533224112 0.434433519649389 0.0518936879397552 -0.0736149168421073
-0.415415813156896 0.217266252178641 -0.00997237700677619 0.0299973367111033
-0.471821753714511 -0.284977483424943 -0.168716138412904 -0.108379595309565
-0.0415286342088667 -0.581309009309978 -0.0399521667965675 -0.297538839158723
0.322536390118336 -0.497967636001676 0.278502491771097 -0.339702625151705
0.32924136350187 -0.398516311211128 -0.0799909388305789 -0.0931226383643243
0.0342760607138439 -0.476589744564035 0.0737175216232815 -0.0626053462516866
-0.295279843873123 -0.32621691557107 0.0457452633091365 -0.115928177222367
-0.381403149167046 0.0881565113959902 -0.0328221357587099 -0.0911744872207274
-0.17642382251539 0.365174560754775 -0.0279931929451015 -0.0404566998896043
0.0946100461849419 0.396656108252093 -0.0223632185422642 -0.0744649925988355
0.244594618002933 0.282418142947057 -0.0377405806478892 -0.107047672157223
0.288973934775078 0.24289530662497 -0.0231854310791749 -0.106235475860399
0.269751069397236 0.280661386240035 0.0148913088229363 -0.10248247844569
0.19585586961535 0.448995030386057 0.0582031276741168 -0.0649681786314328
-0.105333413697785 0.50866603351669 0.0591408823957366 0.0403506261880831
-0.461944738528575 0.273126595788714 -0.0360648160523695 0.0932006148579203
-0.558899881351186 -0.28038258338469 -0.177827478134266 -0.0455733793869624
-0.112926416204289 -0.653513786593767 -0.0718285795672498 -0.179968297478016
0.326528799425578 -0.607844479418692 0.150933800527666 -0.159744199747784
0.331270821162692 -0.451667898872418 -0.199594508563829 0.0868400922328472
-0.00510855143690825 -0.536814820055802 0.0882629826186999 0.0785586536662558
-0.350392992505181 -0.352792447377865 0.0887861540743526 -0.0819797775849206
-0.426541665562565 0.102032631864771 -0.0596296057081581 -0.0939159418817457
-0.201836399967579 0.386753004975455 -0.073790365885093 0.0417496019676099
0.0860259030507189 0.419817737645177 0.0187175490782305 0.0546204460159281
0.246025372964076 0.309874540670586 0.0619756618652401 0.012144702860145
0.278859530502108 0.268180745679663 0.0895427698915291 0.00354850033358733
0.252679594386362 0.292490343447643 0.122891145259955 0.00579872230166962
0.180586932669394 0.439849498190109 0.130357711377899 0.0494678279279413
-0.0977030223473802 0.486442016897993 0.0696918338216054 0.148539818510327
-0.418253997813892 0.259443736023669 -0.0548455346356534 0.149656565476837
-0.514442004646593 -0.233244043235781 -0.15890348634873 0.0174657835451222
-0.141325097630254 -0.596983086338373 -0.0795371859342094 -0.051875973535097
0.275843260700812 -0.598976256378786 0.0370497177919324 0.031865634872344
0.273932454226839 -0.435848056691443 -0.318693844536571 0.276658510391539
-0.0437373090879606 -0.49740373727254 0.0827526308150132 0.238869742791502
-0.336863691893996 -0.304908552861409 0.115785627284832 -0.024452995513019
-0.381170085311544 0.096069948320528 -0.0828537738408131 -0.0713545456484838
-0.186027816243993 0.333257054052314 -0.111952510334159 0.130727946045463
0.0646876400274676 0.365144693338811 0.058045140303224 0.185449556422797
0.207470254627315 0.283401513820577 0.155393691958959 0.133228600699779
0.225389347983529 0.251122420640216 0.188972186053839 0.111954799922904
0.195856559964719 0.262639817287667 0.208966843804198 0.108298446819796
0.124726712677065 0.360869107110671 0.178608385580831 0.145763512845932
-0.0892645015412981 0.371920760771823 0.0706896965714206 0.221278034733194
-0.307883572589843 0.175877397323052 -0.0687116901207405 0.17432871220304
-0.357857836201999 -0.165909671590593 -0.121883997597065 0.0556483578810248
-0.119579695852604 -0.434612294059638 -0.0691192757760249 0.0480251354372952
0.192184155139889 -0.482819570276574 -0.0473059185176661 0.192610238416513
0.165137282704804 -0.339038560549402 -0.413362528631688 0.434886433199766
-0.071487854728213 -0.35049777033952 0.0597871279086617 0.376942542825971
-0.239449140746478 -0.186670553472357 0.122575100667934 0.043734920976686
-0.247043974757318 0.0651531800843154 -0.0898841975170607 -0.0368542347586052
-0.132534024369479 0.21159685149519 -0.132885052482475 0.197192389908775
0.0285956860465687 0.244723526232667 0.0886628451643982 0.28812490303096
0.133675777752117 0.21083131230229 0.226601620513331 0.235089005602771
0.138809306756119 0.199682077618648 0.259089612461421 0.203623049002208
0.110703080776335 0.19778764695489 0.259192615124665 0.193068815669208
0.0497760019430143 0.234453583239555 0.190769708242642 0.213088392302343
-0.0785371932751532 0.2104755625618 0.0539269255626441 0.247444867237371
-0.168813375578602 0.0668335646716462 -0.0774085206568101 0.16101592298837
-0.163881267285827 -0.0891836332077922 -0.0781468728446562 0.0650232859161423
-0.0789204731501018 -0.227388191984971 -0.0516661776070381 0.103628654133475
0.0891859863968057 -0.306234731224883 -0.0956228026258784 0.295328370174952
0.0253032733163023 -0.175518634094419 -0.461086937728473 0.53513305536073
-0.083602145615305 -0.134616698921454 0.0322533530281736 0.4689447557874
-0.0933209086291394 -0.0353715080237764 0.12551831132593 0.104095665676588
-0.0704660393664039 0.0185072677414699 -0.0717207008201314 -0.0109197578125937
-0.0576188955893278 0.0534593451178911 -0.136156098708288 0.222050993771228
-0.012251192767907 0.0848516428035237 0.101920003429662 0.342017379871387
0.0359765724837309 0.105719649583536 0.260761362827993 0.299900797835702
0.0320294532816218 0.116848389438115 0.292152262295391 0.263462108544002
0.0166946631858108 0.105115099190004 0.268380161196634 0.25276604068398
-0.0211799018705768 0.0863570982341326 0.171484184086817 0.250604504953955
-0.054075771268511 0.0465677695426056 0.0254438701503727 0.233947273725729
-0.032334156152104 -0.0200518749488353 -0.0783134837770999 0.123376856751049
0.000545653066677072 -0.00483356416055333 -0.0351734547787902 0.0629721971896393
-0.0523059248487531 -0.0283225221897977 -0.0374044508124839 0.129199569116906
-0.0221963812809285 -0.116216879371519 -0.112146164787833 0.338803178814645
0.11239691595353 -0.0221256516218267 0.112412103674028 -0.37092453023247
0.0527411337439709 -0.108068895383447 -0.029397706621326 -0.189114500491324
-0.081802202299661 -0.077596738720215 -0.0119567281729818 -0.075367115801254
-0.0809703851812924 0.0542949825931299 0.0504562377473337 -0.0570442452109448
0.00536615968755013 0.0958465986416821 0.035209418078976 -0.180533272217754
0.0548281033945006 0.0623131505211451 -0.129928099727833 -0.25719129058751
0.0608807185845079 0.00285439220522066 -0.244702839097253 -0.273102113732909
0.0754641056809008 -0.0116018349089915 -0.268351565020581 -0.282113037320945
0.0760497187143345 0.018431518061629 -0.232616851835061 -0.303060168382468
0.0726208002194331 0.0846443701091266 -0.098977722319974 -0.313951396759299
-0.00661064045895085 0.112210402587896 0.067974390130177 -0.228579476622324
-0.116961490065827 0.0508892714140742 0.0619701036472726 -0.0471170373733021
-0.104622740483588 -0.111887002038447 -0.0862882156454007 -0.137695920003362
0.0732315945653245 -0.14250853666229 0.0462890621626492 -0.369852476769507
0.134397420238924 -0.0442805657243992 0.455932709677971 -0.494937619567643
0.204566525413282 -0.156609829339071 0.0846484888085865 -0.320799257733897
0.0603597407157297 -0.229971225125061 0.00775810831356076 -0.188234858172401
-0.141234118861023 -0.162989332801852 -0.0155959316780521 -0.0987274159090395
-0.178381410759781 0.0634577349126322 0.02063277612106 -0.0500836831784524
-0.055334554497487 0.196389965879523 0.0359673955822132 -0.140346404258739
0.0769614568183047 0.191356692369501 -0.0927942595288205 -0.23117669673655
0.139334114612785 0.111595822299266 -0.195658577241677 -0.255340937623818
0.172667676856839 0.091956801176295 -0.214103294064014 -0.259458956478646
0.165279316029601 0.132617015302919 -0.177476971539951 -0.270111695111401
0.12336784589733 0.248793445826837 -0.0655973733941961 -0.263619993226816
-0.0669473908212112 0.281845324786851 0.0590434015742331 -0.165315819972663
-0.284488107550487 0.125232073807941 0.0262750693459783 -0.0182874795606577
-0.292131528393115 -0.228030688007212 -0.1301823435274 -0.137898701471521
0.0378844481218204 -0.388145589840566 0.0117904255208792 -0.355588083565144
0.256504060430007 -0.282701418692211 0.38388569924972 -0.441155325095001
0.28214823638166 -0.279651360364283 0.0215535203331236 -0.229544024344663
0.0592749624408708 -0.351576189844812 0.0438543510951628 -0.152616888815892
-0.206313875166391 -0.250554622705144 0.00469452498669185 -0.117138344609237
-0.278439007059359 0.0677536348619557 -0.00817681738804227 -0.064361157229588
-0.120433515342922 0.284306054626047 0.0140175881617785 -0.094108957155033
0.0867512965595475 0.305004705865422 -0.0570825829092115 -0.168950990187214
0.199145138334255 0.209025283497338 -0.123836903653071 -0.197072669825653
0.243328021945354 0.181048087270429 -0.128648243858725 -0.19761290490861
0.23084558582689 0.222446262274835 -0.0903198241296729 -0.199975140080207
0.166196594935909 0.374245551481393 -0.0115335613016833 -0.176362848528347
-0.10053982393453 0.421802223069188 0.0561425673273305 -0.0735055951221363
-0.405593039041924 0.205008627230849 -0.00602457678404687 0.0297982415090691
-0.455557323902267 -0.287091170372365 -0.163473823394952 -0.102277549152058
-0.0291251857063473 -0.568634586444017 -0.0349315221194083 -0.284358200877927
0.321344306320249 -0.477930100404041 0.273409720786128 -0.318179148054621
0.330209446616664 -0.378826814397527 -0.0759117893126805 -0.0921281355716356
0.0411552121392549 -0.46175507156828 0.0711442894139932 -0.0648861456716534
-0.281318614610851 -0.323601767517937 0.0429324796387613 -0.114393297041317
-0.370902275180323 0.0807512178765197 -0.034415119323224 -0.0842557688426641
-0.174318669573846 0.351775910880732 -0.0259445638723432 -0.0335788005359549
0.0878384443255091 0.384520261066657 -0.0204382113486565 -0.0707680161769092
0.232290387814742 0.279697328511469 -0.0351860189881763 -0.103144298281811
0.278244216855403 0.24172768206626 -0.023217262323394 -0.105068811288284
0.258486518267435 0.276843052368627 0.0141270781156336 -0.10271784139214
0.187459649609945 0.438117141696265 0.056783620437106 -0.0666151143615334
-0.107867744948292 0.494556830207053 0.0620467402434225 0.03659779284284
-0.452540732098446 0.257618151160555 -0.0315548209748742 0.0898816747791443
-0.540123633482155 -0.284955282904388 -0.173486749573839 -0.0414914701386057
-0.0974763649809636 -0.640666806147689 -0.0683408963654639 -0.168856482344761
0.328203610082141 -0.584064443920898 0.144871276277034 -0.14685104763911
0.334408695212503 -0.431011969595875 -0.195760641639964 0.0806800230724433
0.00660188558483078 -0.520325574271604 0.0824582223902928 0.0722565091510143
-0.335627173586026 -0.351262505824918 0.0849973941892198 -0.0819318818316389
-0.415396853616644 0.091743686406574 -0.0600559040208159 -0.0879888978909121
-0.201354593478338 0.373456720834266 -0.0720182752863047 0.046018463398298
0.0776873872498725 0.407696410223399 0.0171547446271531 0.0539338426089723
0.232800333768238 0.304730591363013 0.0599589127165317 0.0138833409786791
0.268407936066001 0.266184645920222 0.0862071695652059 0.00335546413482746
0.241270019763716 0.288737691328197 0.1182737242822 0.00446385260179552
0.171701284929835 0.428921189053858 0.124483462961637 0.0454264378042594
-0.0992280075339689 0.472483629202008 0.070763084717243 0.140499216060138
-0.40956745288202 0.245180342616652 -0.0509278362156536 0.143962933601222
-0.496482900404527 -0.237289961019094 -0.156299228419442 0.0196102126488559
-0.126688041856472 -0.584045642281418 -0.0773300944528928 -0.0434746530109081
0.278669925284992 -0.573842689590504 0.0311669094382734 0.0363007437230653
0.278417294513974 -0.414422985157709 -0.315936072305946 0.260628624391247
-0.030653611227779 -0.481446106167537 0.0754428522724025 0.227671562989334
-0.32181505036477 -0.304515505229759 0.111112445086636 -0.0262750856778348
-0.371662483349123 0.0866253120284338 -0.0831330894776046 -0.0677270662747454
-0.186649054114324 0.322339571759295 -0.111353969483049 0.130982533076559
0.0576110463791712 0.354504755269155 0.0531763502150158 0.180945504811302
0.197931100278551 0.278602541891196 0.149680260650852 0.132731490089898
0.21690805115558 0.249696917888449 0.183051632570329 0.110848647289325
0.186734911594849 0.259612774720143 0.2011286969746 0.10588072702255
0.118992123567226 0.351403590525325 0.170472405366952 0.139660268467148
-0.0895389252370076 0.361510255308932 0.069584123995842 0.211124357467654
-0.300659116638533 0.166138174169811 -0.0654091333903803 0.167057758515629
-0.346117067719334 -0.169210459090951 -0.120124084140586 0.0551256120301462
-0.10704202857875 -0.425042893212854 -0.0678910658040426 0.052633717044452
0.195736593451519 -0.463697559160486 -0.0518483868910957 0.188907541699351
0.16939438954433 -0.32336287788382 -0.410335395070089 0.412836544821286
-0.0612348227770937 -0.339211071305716 0.0517266255707631 0.361533108283949
-0.229094336965261 -0.186803842370396 0.118037269984489 0.0396117813051806
-0.24047346327126 0.0590319529920122 -0.090070106363163 -0.0368572732498036
-0.132296639302352 0.203694019057442 -0.133778046360136 0.194474130727148
0.0243360490045613 0.237054719408339 0.0806954295310597 0.280299218257927
0.12724240767514 0.20623876736342 0.216843523953636 0.233257410834865
0.133602956701486 0.197465093807173 0.251489199054307 0.201609280069274
0.105327197039127 0.195657460207188 0.249590799394143 0.189681989127995
0.0467303541391863 0.228287812667818 0.182349006951354 0.205964556967786
-0.0770234851370904 0.203032358316949 0.0518863500611579 0.235592199133923
-0.165078211293021 0.061287305743042 -0.0733696718773753 0.153088468828172
-0.157650666920789 -0.0911349554196304 -0.0764107995780006 0.0633027714404527
-0.0694499739616288 -0.222031555881807 -0.0517062293346085 0.106595723123514
0.0927095122987488 -0.293837180436923 -0.0991450060218543 0.286261898461906
0.0291368947116238 -0.168169860642853 -0.45807282354203 0.508870470944039
-0.0774667112452554 -0.1298338693946 0.0259582661661763 0.450948228144137
-0.0897283018604658 -0.0366239046384892 0.120210750144421 0.0991516624302672
-0.0680901765052147 0.0166591289480382 -0.0730531651634287 -0.0130854764429467
-0.0576849831447638 0.0510175149280594 -0.137583369308003 0.217266519472453
-0.0142345745996248 0.0819748040385675 0.0934328131022019 0.332866403475385
0.0347886649857744 0.103144143597381 0.25044067882423 0.296189296251536
0.0313579603424979 0.115648603292867 0.283581039261684 0.26034616445051
0.0153117948927328 0.103779656031838 0.259148249879602 0.248588882770662
-0.0217556985242799 0.0837130618011254 0.162621495938347 0.242264838405405
-0.0533048661411455 0.0435531743725891 0.0228546888724791 0.223369738937216
-0.0314567417618996 -0.0209796313405875 -0.0744922360051847 0.116021911525382
0.00118704524158291 -0.00621463281232411 -0.0332034263442003 0.0610901872038105
-0.0467969933955501 -0.0273990700755212 -0.0367228518718108 0.129686482839837
-0.0179992102240209 -0.110934634115897 -0.114129024666928 0.325564706609256
0.11317051026414 -0.0217334417126943 0.124916963224028 -0.368075931069042
0.0535755673752468 -0.109233132531016 -0.026838478123541 -0.193604849862665
-0.0812039652988171 -0.0785488807156766 -0.0148058257069393 -0.0762340137649786
-0.0812464844615272 0.054075188946623 0.0495247592707094 -0.0525931967393049
0.00503292239138122 0.0961675635763131 0.0399669413887801 -0.177799066929916
0.0552766982431169 0.0633273965798189 -0.123802853047816 -0.257250282795751
0.0600368256014252 0.00460265573654448 -0.241866840642118 -0.279234777226465
0.0747703339951516 -0.0104000148287976 -0.267837647701847 -0.291966505824215
0.0766424831791724 0.0196603861091633 -0.228953399189054 -0.312432207551196
0.0726042794491679 0.0862455720943583 -0.0924348436502801 -0.320688246939435
-0.00874199310856929 0.11235167549911 0.0760535794087787 -0.2294783557934
-0.118800062415282 0.0487304608984002 0.0673270165017731 -0.0438229235759508
-0.10222083296913 -0.116293668873443 -0.0813850091367549 -0.136163173128257
0.0764294480939553 -0.143434189275818 0.0574121126347746 -0.368996572502485
0.137129185670319 -0.0427624008986266 0.470761351605731 -0.481533768637634
0.210902311930176 -0.154324249617772 0.0950883454062148 -0.319756374535372
0.0644080204724237 -0.230536824167224 0.0103674576716456 -0.192579347288975
-0.13882197369461 -0.166868663039857 -0.0179598031877936 -0.100194325880216
-0.179534660616535 0.0601260854143943 0.0201165632227432 -0.0457761239436777
-0.0579379538257839 0.195858142329985 0.0415588162304576 -0.136723889354671
0.0751332176290763 0.193387011095606 -0.0874541738562783 -0.230689679632379
0.136625574591072 0.115759502229952 -0.192190533798769 -0.260561839122962
0.171134071575511 0.0970610096422687 -0.214275849852031 -0.268369349746134
0.163879967863346 0.13737385711167 -0.173901440061604 -0.280094979111544
0.12094488120184 0.252842597802846 -0.0600950228080003 -0.269722311310687
-0.0723428786021643 0.28204174369173 0.0659585515976029 -0.16719747630266
-0.289402796412982 0.119092224279178 0.0313523775282447 -0.0163479653069641
-0.290219614481466 -0.239793148929278 -0.126990044590554 -0.136759828242691
0.047455219136984 -0.392265876715626 0.0205635916264361 -0.353687872748775
0.266717697207197 -0.277764344564886 0.395125968333897 -0.427967419862016
0.294419932234804 -0.27509965281629 0.0276866424601992 -0.229346447005961
0.0687962285199528 -0.352218773152608 0.0463708183186685 -0.156938752144956
-0.201105392828596 -0.257643644334515 0.002769671200295 -0.119067612370168
-0.2805689320068 0.0613654756221003 -0.00863454038413993 -0.0609018310829408
-0.12524471444577 0.282674260288926 0.0186117115797546 -0.0894272415071708
0.0821793581399911 0.308008594154465 -0.0529871063051017 -0.167717463582511
0.194884117017966 0.215795748853852 -0.120546599409551 -0.200568262411751
0.241130703492674 0.189090103614347 -0.128380760089914 -0.203782954265612
0.22691305744578 0.230281273957941 -0.0883193341903749 -0.206533775447902
0.161512181333641 0.379547194127214 -0.00824737041619701 -0.181231326330811
-0.108889025510409 0.42242784094214 0.0620049114699436 -0.0763726809599858
-0.413500779608881 0.195796329768858 -0.00216177276138335 0.0305742073600897
-0.452794845079445 -0.303582710562201 -0.162692236264339 -0.100883072541812
-0.0148616033541053 -0.577287327277993 -0.0275735865247747 -0.281510492824472
0.338780696268896 -0.471601212189029 0.279431246441357 -0.305704658223785
0.345338190745518 -0.372208835665054 -0.0737996571227298 -0.0945871593442647
0.056191156398562 -0.463980023917514 0.0710941059255983 -0.0689183967233212
-0.276689891936343 -0.335012430020556 0.0420098213802891 -0.116592381461034
-0.373684093775757 0.0709425486423684 -0.0351682078795617 -0.0815232331021506
-0.183349016609582 0.351087090322403 -0.0232550863984353 -0.0284322240624114
0.0806846160828609 0.388707130703177 -0.0189322566000329 -0.0693662970410453
0.226718777213935 0.287785962807135 -0.0330528161521746 -0.103562381247389
0.275118514245767 0.252063193199577 -0.0231473844417766 -0.108031825194043
0.253639224186729 0.285975622578401 0.0151915216695004 -0.106250266699587
0.182164382677116 0.445539461442299 0.0576915120185057 -0.0698670330261182
-0.117120433759496 0.497548496700556 0.0652841224397157 0.0336053246962381
-0.462031489723669 0.245907546890905 -0.0297691394934563 0.0903639448720343
-0.53814177528686 -0.304218773960879 -0.174630031278283 -0.0396017635879851
-0.0797617925606873 -0.650618345506841 -0.0640384908806422 -0.164188044925955
0.344117463119198 -0.57668818022197 0.146374254395832 -0.136973988904134
0.351724962797419 -0.422565882176478 -0.199936058029396 0.0746535072964319
0.0230801925808804 -0.522568756118963 0.0798959157421852 0.0697360600941562
-0.327970702769558 -0.364746760254262 0.0842984310631506 -0.0844781610534108
-0.419785560311478 0.0810945346259895 -0.0616578269182921 -0.0863886169269567
-0.210028582188145 0.371978359651198 -0.0724257367202739 0.0508946548114997
0.0696562730871814 0.411213221189349 0.015962414662931 0.0567678071792678
0.22809031821854 0.312403790711495 0.0605278982571174 0.016348100689676
0.264143369919896 0.276473727922676 0.0860166727120856 0.00445573614462301
0.238027751383908 0.298135745933703 0.11811687206485 0.00432019807038667
0.166399909682551 0.434384687837803 0.123109494015062 0.0447535138269955
-0.108622961741565 0.4740886996404 0.0714434460735989 0.138298400913087
-0.417879367900026 0.238030415804989 -0.0504124391942001 0.142218003491566
-0.497266899199139 -0.253789263031039 -0.158312880635319 0.0204565412049626
-0.110338554877671 -0.594645996764317 -0.0761448023984978 -0.0375013024522106
0.295700392503464 -0.569067249633692 0.0270317912982922 0.0431223874623585
0.295710418696679 -0.407601467605323 -0.326239989703412 0.252516049009844
-0.0167656817370728 -0.48312005014045 0.0692888614001622 0.225382413722018
-0.314612013565342 -0.316702680342564 0.110638977752032 -0.0281090611944714
-0.375647135679573 0.0767320903888821 -0.08565330257509 -0.0680506544874469
-0.195141077867451 0.319648771055867 -0.115656452776396 0.135714247359085
0.0489633449889737 0.358802519683225 0.049380909673487 0.184764042772513
0.192283968657513 0.285338890965116 0.148300666350949 0.138443878685575
0.21353967690189 0.259651287993387 0.182872505882205 0.115377246773841
0.181738058261329 0.267788680538456 0.199755018107938 0.109399573549482
0.114883732158713 0.355097614844614 0.167399711688167 0.141180468069299
-0.0966620319583594 0.362150340131456 0.0678633877797294 0.209146716804558
-0.306233766769124 0.159183680440229 -0.0658677000539836 0.16433060995395
-0.345333996989199 -0.180899838538299 -0.122448119364621 0.0561704013892092
-0.0959205610948316 -0.432417094319736 -0.0682842431040428 0.0593336072055224
0.210278849474903 -0.458645742637572 -0.059153782388041 0.192618338025438
0.182754558567856 -0.319170188517334 -0.427118298361673 0.402111935979088
-0.0504721897148543 -0.339874939539891 0.0418909430569143 0.360908284128594
-0.224558217972733 -0.196473764381142 0.116385733817124 0.0384536417951769
-0.243368763311833 0.0518776560921741 -0.0937046148582903 -0.0383329854243594
-0.138265686222316 0.202505281248467 -0.140629205415016 0.19774865167039
0.0171233955465853 0.240045505485576 0.0748314964876624 0.284505579642882
0.124103605320619 0.211399881832426 0.213607168849662 0.24112157810089
0.132289388213136 0.204876123760342 0.251549466784221 0.209063756964021
0.101925430687421 0.201378701144743 0.247731063810098 0.196098683183881
0.0426888809960681 0.230495450017876 0.177691010054082 0.207777135506553
-0.0818409337616438 0.203031143957279 0.0485307082968879 0.234204754317688
-0.167464280900486 0.057227024270769 -0.0739759572609212 0.14978551149803
-0.156712788175281 -0.0971500636372188 -0.0781415991054564 0.0634625387333144
-0.0619273517129301 -0.22519622029416 -0.0533736975095335 0.112183601533546
0.101825392791908 -0.290687483702087 -0.108264443882418 0.285867884211669
0.035779515579212 -0.166484137212064 -0.476385853659636 0.498435762214759
-0.0732354608921681 -0.130145028827156 0.0142297413163061 0.450784098393678
-0.088640566009033 -0.0401569431375039 0.118147569026197 0.0987325990602338
-0.0686880244795004 0.0141838597042924 -0.0771840909647615 -0.0150952685618962
-0.060110658808454 0.0504631431740473 -0.146759634012361 0.219625887228057
-0.0174614151999503 0.0828258532963803 0.0851523534926103 0.338664034725859
0.0334816455990682 0.104519335064944 0.24637646936428 0.306251520455961
0.0307571280163092 0.118360635807411 0.283258786860234 0.270542247280311
0.0129620052454581 0.106989862702698 0.256050012860676 0.255957943239851
-0.0246958766655447 0.084959881618257 0.158387357640098 0.244447137391721
-0.0557255836529482 0.0429825897342061 0.0186950926216677 0.221034624956461
-0.0322829001347572 -0.0231150335643891 -0.0748396482665669 0.112570592554564
0.00245635218400077 -0.0076092971058295 -0.0330155589324302 0.0601729000632015
-0.0433651445348624 -0.0286724229534037 -0.0385570096908747 0.134845729951654
-0.013665163734347 -0.109543189108712 -0.12358600549051 0.321709421812015
