TRXV5
3
4
4
9
string Extension=J
integer IsArchMeasurement=1
integer IsSpherical=1
string Generator=SPM
string GeneratorVersion=1.3.1 Dev
double ArchRadius=0.449999988079071
integer FrequencyAxisIndex=0
integer AzimuthAxisIndex=1
integer ElevationAxisIndex=2
Frequency
5 136 690000000 960000000 LIN
Azimuth
7 8 0 2.74889357189107 LIN
Elevation
7 15 -2.74889357189107 2.74889357189107 LIN
Polar H Real Part
13
Polar H Imaginary Part
14
Polar V Real Part
13
Polar V Imaginary Part
14
Polar H Magnitude (dB)
12 0xC0000002 0 1
Polar H Phase
7 0xC0000003 0 1
Polar V Magnitude (dB)
12 0xC0000002 2 3
Polar V Phase
7 0xC0000003 2 3
0.0284156799316406 0.0199642181396484 0.0184249877929688 0.0865478515625
0.0488014221191406 -0.0018310546875 0.0277290344238281 0.0397529602050781
0.0198249816894531 -0.0384750366210937 -0.0018157958984375 -0.0183448791503906
-0.0137310028076172 -0.0346183776855469 -0.0465431213378906 -0.0104331970214844
-0.0237846374511719 -0.0176944732666016 -0.0519180297851563 0.0282707214355469
-0.0295276641845703 -0.00319290161132813 -0.040679931640625 0.070831298828125
-0.0222415924072266 0.00996971130371094 -0.0116806030273437 0.0935440063476563
-0.0198497772216797 0.00393295288085938 0.00350189208984375 0.0936813354492188
-0.0204048156738281 -0.00198173522949219 -0.0045318603515625 0.0865402221679688
-0.0149059295654297 -0.00763702392578125 -0.028167724609375 0.0699996948242188
-0.00348091125488281 -0.00965499877929688 -0.0352249145507813 0.0415725708007813
0.00296163558959961 -0.00705194473266602 -0.0253410339355469 0.0161495208740234
0.00862789154052735 0.00284433364868164 -0.00464439392089844 0.0296287536621094
0.0055694580078125 0.02008056640625 -0.0156326293945313 0.100181579589844
-0.0126380920410156 0.026580810546875 -0.100563049316406 0.122825622558594
0.047637939453125 -0.0320587158203125 0.0221633911132813 0.0855789184570313
0.0498046875 -0.0508384704589844 0.0290374755859375 0.0418624877929688
0.003265380859375 -0.071136474609375 0.00416803359985352 -0.00751209259033204
-0.0438613891601563 -0.0512657165527344 -0.0339012145996094 -0.0028820037841797
-0.0548248291015625 -0.013275146484375 -0.03759765625 0.0266761779785156
-0.054901123046875 0.0243377685546875 -0.0294189453125 0.0640029907226563
-0.0332412719726563 0.0436172485351563 -0.00286865234375 0.0816879272460938
-0.0293312072753906 0.0341606140136719 0.0113449096679688 0.0815277099609375
-0.0328578948974609 0.0322895050048828 0.00447845458984374 0.0775985717773438
-0.0387115478515625 0.0228042602539063 -0.0183258056640625 0.0663375854492188
-0.0369110107421875 0.00346755981445313 -0.0236358642578125 0.0419731140136719
-0.0352058410644531 -0.0131568908691406 -0.0176868438720703 0.0240612030029297
-0.0173244476318359 -0.0320053100585938 -0.00410079956054687 0.0450363159179688
0.00378227233886719 -0.0328197479248047 -0.0203475952148437 0.10614013671875
0.0041961669921875 -0.0300502777099609 -0.102386474609375 0.124824523925781
0.0595169067382812 -0.0822296142578125 0.0302658081054688 0.0707168579101563
0.042633056640625 -0.0945663452148438 0.0294513702392578 0.0345993041992187
-0.0164031982421875 -0.09503173828125 0.0069732666015625 0.00324153900146484
-0.0696525573730469 -0.0597305297851563 -0.0183944702148438 0.00633621215820312
-0.0787734985351563 -0.00666046142578125 -0.016998291015625 0.0227241516113281
-0.073150634765625 0.0478363037109375 -0.013092041015625 0.0488853454589844
-0.0402908325195313 0.0705337524414063 0.00717926025390624 0.0578994750976563
-0.0352210998535156 0.0594062805175781 0.0172271728515625 0.0572967529296875
-0.0419387817382812 0.0620880126953125 0.0125885009765625 0.0569190979003906
-0.0573806762695313 0.0502662658691406 -0.00545120239257812 0.0526695251464844
-0.0659370422363281 0.0172348022460937 -0.00786972045898438 0.0355110168457031
-0.0700759887695313 -0.0159492492675781 -0.00526046752929688 0.0289497375488281
-0.0429649353027344 -0.0627288818359375 -0.00154495239257813 0.0566520690917969
0.00109100341796874 -0.0815048217773438 -0.0244293212890625 0.100997924804687
0.0184555053710938 -0.0832061767578125 -0.097198486328125 0.109733581542969
0.0603561401367188 -0.121955871582031 0.0399055480957031 0.0426597595214844
0.0260696411132813 -0.127273559570313 0.0271797180175781 0.0194149017333984
-0.039031982421875 -0.106582641601563 0.00720787048339844 0.0115137100219726
-0.0894393920898438 -0.0578231811523438 -0.00133705139160157 0.0147495269775391
-0.0916748046875 0.00350189208984376 0.0056161880493164 0.0156021118164063
-0.0795822143554688 0.0653228759765625 0.00510787963867187 0.0269451141357422
-0.0403060913085938 0.0874786376953125 0.0153541564941406 0.0254325866699219
-0.0363006591796875 0.0751800537109375 0.0212078094482422 0.0241737365722656
-0.0448684692382812 0.0825576782226563 0.0190811157226562 0.0258979797363281
-0.0676040649414062 0.0702972412109375 0.00938415527343749 0.0291614532470703
-0.084808349609375 0.0282135009765625 0.0105915069580078 0.0223026275634766
-0.0948867797851562 -0.0163497924804688 0.00959205627441405 0.0285224914550781
-0.06231689453125 -0.0839462280273438 0.00295257568359374 0.0613746643066406
-0.002410888671875 -0.117240905761719 -0.0263214111328125 0.0834808349609375
0.0287246704101563 -0.122795104980469 -0.0835037231445312 0.080047607421875
0.0521392822265625 -0.144393920898438 0.0482101440429687 0.00295639038085937
0.00604248046875 -0.142868041992188 0.0205516815185547 -0.00270080566406251
-0.0581893920898438 -0.104080200195312 0.00484943389892578 0.0159339904785156
-0.0977325439453125 -0.0461044311523437 0.0153789520263672 0.0194225311279297
-0.0915451049804688 0.0149917602539062 0.0268669128417969 0.00511741638183594
-0.074310302734375 0.0746002197265625 0.0212955474853516 0.000562667846679692
-0.0344696044921875 0.0914306640625 0.0210933685302734 -0.0108585357666016
-0.0315933227539062 0.0796279907226563 0.0214939117431641 -0.0131988525390625
-0.0410308837890625 0.0897064208984375 0.0229129791259766 -0.00951957702636718
-0.0664138793945313 0.0775527954101563 0.0233993530273438 0.000457763671875005
-0.0890960693359375 0.0344924926757813 0.0284385681152344 0.00417900085449219
-0.102981567382813 -0.0138015747070313 0.0255470275878906 0.0236682891845703
-0.0708999633789063 -0.0904693603515625 0.00831604003906249 0.0592231750488281
-0.00559234619140624 -0.132713317871094 -0.0273628234863281 0.0560684204101562
0.031951904296875 -0.142990112304687 -0.0647659301757812 0.0394363403320312
0.038299560546875 -0.1446533203125 0.0553550720214844 -0.0400466918945313
-0.0108718872070312 -0.136878967285156 0.0133152008056641 -0.0290069580078125
-0.0659103393554688 -0.0871047973632813 0.00113868713378906 0.0137767791748047
-0.0912857055664062 -0.0284805297851563 0.0284061431884766 0.0185813903808594
-0.0777740478515625 0.0237197875976563 0.0413589477539062 -0.00916671752929687
-0.0583419799804688 0.072662353515625 0.0317516326904297 -0.0270309448242187
-0.0233612060546875 0.0823287963867188 0.02203369140625 -0.0449333190917969
-0.0226287841796875 0.0719451904296875 0.0183868408203125 -0.0488739013671875
-0.031219482421875 0.0810699462890625 0.0243301391601563 -0.0439567565917969
-0.0529632568359375 0.0714569091796875 0.0355491638183594 -0.0286903381347656
-0.0757522583007813 0.0343551635742188 0.043975830078125 -0.0138587951660156
-0.0913467407226562 -0.00721740722656249 0.0380134582519531 0.0173873901367188
-0.066864013671875 -0.0782241821289063 0.0119895935058594 0.0498847961425781
-0.00928497314453125 -0.123847961425781 -0.0259246826171875 0.0233383178710938
0.027557373046875 -0.140220642089844 -0.04217529296875 -0.0039215087890625
0.0220870971679688 -0.121177673339844 0.0615310668945313 -0.0806121826171875
-0.018402099609375 -0.109329223632813 0.00756072998046874 -0.0537528991699219
-0.058197021484375 -0.06134033203125 -0.00265598297119141 0.00590181350708008
-0.0700607299804687 -0.0122795104980469 0.0354194641113281 0.0108566284179688
-0.054473876953125 0.0255470275878906 0.0482521057128906 -0.02325439453125
-0.0359344482421875 0.0589637756347656 0.0350532531738281 -0.05133056640625
-0.00999069213867188 0.0605659484863281 0.0187911987304687 -0.0728912353515625
-0.0101470947265625 0.0531845092773438 0.0129165649414063 -0.07647705078125
-0.0160369873046875 0.0593833923339844 0.0227203369140625 -0.0711669921875
-0.0294227600097656 0.0537757873535156 0.0436286926269531 -0.0513343811035156
-0.0480575561523437 0.0293006896972656 0.0526161193847656 -0.0262527465820312
-0.0624122619628906 0.00205230712890624 0.044464111328125 0.0109214782714844
-0.0533180236816406 -0.0507926940917969 0.0125503540039062 0.0374755859375
-0.0139083862304687 -0.0935821533203125 -0.0231342315673828 -0.00661468505859376
0.0152053833007813 -0.116119384765625 -0.0214080810546875 -0.0423812866210938
0.00428771972656251 -0.0785293579101563 0.0678558349609375 -0.111557006835938
-0.0178031921386719 -0.0647239685058594 0.00713348388671875 -0.0744705200195313
-0.0380935668945313 -0.0296173095703125 -0.00540018081665039 -0.00657129287719727
-0.0381126403808594 0.00161361694335937 0.0366554260253906 0.00051116943359375
-0.0243339538574219 0.0200843811035156 0.0472793579101563 -0.0347633361816406
-0.0108833312988281 0.0348491668701172 0.032196044921875 -0.068756103515625
0.00365066528320312 0.0296001434326172 0.0117950439453125 -0.0897216796875
0.00349617004394531 0.0260353088378906 0.0054473876953125 -0.0926132202148438
0.00250053405761718 0.0282630920410156 0.0186309814453125 -0.086761474609375
-0.000251770019531251 0.0290908813476562 0.0461540222167969 -0.0639610290527344
-0.0120716094970703 0.0233669281005859 0.0546417236328125 -0.0323829650878906
-0.0266246795654297 0.0157241821289062 0.0448760986328125 0.00689697265625
-0.0381507873535156 -0.0135841369628906 0.0102977752685547 0.02435302734375
-0.0236358642578125 -0.0502777099609375 -0.0210437774658203 -0.0304718017578125
-0.00449371337890626 -0.0772933959960938 -0.00592803955078125 -0.0705795288085937
0.035003662109375 0.0201206207275391 0.0308837890625 0.0857925415039063
0.0543251037597656 -0.00788116455078125 0.0354576110839844 0.0367965698242188
0.0183944702148437 -0.0448875427246094 -0.00261116027832031 -0.0191707611083984
-0.0188446044921875 -0.0375480651855469 -0.0481033325195313 -0.00634765625000001
-0.0286712646484375 -0.0176277160644531 -0.0501632690429688 0.0339088439941406
-0.0346622467041016 0.000579833984375006 -0.0343017578125 0.0755462646484375
-0.0249595642089844 0.0138301849365234 -0.00138092041015625 0.0961151123046875
-0.0232906341552734 0.00699806213378906 0.0142440795898438 0.0948486328125
-0.0249862670898438 0.000141143798828127 0.00534057617187501 0.0890045166015625
-0.0193386077880859 -0.00835800170898438 -0.0209503173828125 0.0749969482421875
-0.00494384765625 -0.0123834609985352 -0.03131103515625 0.0472793579101563
0.00424385070800781 -0.0107078552246094 -0.02484130859375 0.0203056335449219
0.0132303237915039 0.00220298767089844 -0.00397300720214844 0.0304508209228516
0.0115013122558594 0.0242424011230469 -0.00691223144531251 0.101371765136719
-0.0081634521484375 0.0331153869628906 -0.0918502807617188 0.131423950195313
0.0492057800292969 -0.0344352722167969 0.0358047485351563 0.0858306884765625
0.0502967834472656 -0.05718994140625 0.0369834899902344 0.0391845703125
-0.00118255615234376 -0.0759506225585938 0.00488662719726562 -0.00886726379394532
-0.0504074096679687 -0.0507850646972656 -0.034027099609375 -0.000196456909179687
-0.0600967407226562 -0.0090484619140625 -0.0343589782714844 0.0307083129882813
-0.0568351745605469 0.0306015014648437 -0.0214576721191406 0.0672988891601563
-0.0319137573242188 0.0486183166503906 0.00785064697265625 0.0820693969726563
-0.0288314819335937 0.0384674072265625 0.0222549438476562 0.0809478759765625
-0.0329742431640625 0.0367202758789063 0.0154647827148437 0.0782241821289063
-0.0391616821289063 0.0260353088378906 -0.00963592529296875 0.0708160400390625
-0.0372581481933594 0.00481033325195312 -0.0183639526367188 0.0468368530273438
-0.0356330871582031 -0.0115203857421875 -0.0159988403320312 0.0286960601806641
-0.0173282623291016 -0.0297985076904297 -0.00145339965820313 0.0471687316894531
0.00366020202636719 -0.0296401977539063 -0.010894775390625 0.109596252441406
0.0027923583984375 -0.0263271331787109 -0.0937118530273438 0.135246276855469
0.0542221069335938 -0.0868606567382812 0.0436477661132813 0.0714263916015625
0.0369186401367187 -0.0999603271484375 0.0377388000488281 0.0330467224121094
-0.0239334106445312 -0.0972442626953125 0.00959587097167969 0.00182914733886718
-0.0776748657226562 -0.056549072265625 -0.0163688659667969 0.00849914550781249
-0.0823593139648438 7.62939453125177E-06 -0.0129833221435547 0.0247478485107422
-0.0709381103515625 0.055908203125 -0.00518798828125001 0.0499305725097656
-0.0348892211914062 0.0762557983398438 0.015960693359375 0.0564041137695313
-0.0309867858886719 0.0647010803222656 0.0267868041992187 0.0553550720214844
-0.0377922058105469 0.0679206848144531 0.0222892761230469 0.0561790466308594
-0.05401611328125 0.0565338134765625 0.003448486328125 0.055145263671875
-0.0651359558105469 0.0228691101074219 -0.00226211547851563 0.0392379760742187
-0.0719680786132812 -0.01025390625 -0.00249862670898438 0.0327892303466797
-0.0464210510253906 -0.0582160949707031 0.00299453735351562 0.0599517822265625
-0.00493621826171875 -0.0802001953125 -0.0161666870117188 0.105659484863281
0.0114288330078125 -0.0822067260742187 -0.0899200439453125 0.121421813964844
0.0496444702148438 -0.127647399902344 0.0508766174316406 0.0433807373046875
0.0152740478515625 -0.130783081054688 0.0337028503417969 0.0186252593994141
-0.048614501953125 -0.105461120605469 0.0115022659301758 0.0102262496948242
-0.096099853515625 -0.050994873046875 0.00236701965332031 0.0158605575561523
-0.0933990478515625 0.0123672485351563 0.0102481842041016 0.0156536102294922
-0.0736160278320313 0.0744552612304688 0.0123100280761719 0.0256824493408203
-0.0316543579101563 0.0928421020507813 0.0216045379638672 0.0220928192138672
-0.0290069580078125 0.0811920166015625 0.027374267578125 0.0204353332519531
-0.03680419921875 0.089324951171875 0.0259056091308594 0.0232925415039063
-0.0609588623046875 0.0784454345703125 0.0164527893066406 0.0300617218017578
-0.0828704833984375 0.036865234375 0.0157527923583984 0.0242080688476563
-0.0974273681640625 -0.00687408447265626 0.0136852264404297 0.0317344665527344
-0.06915283203125 -0.07806396484375 0.00929641723632811 0.0652084350585938
-0.0130996704101563 -0.117706298828125 -0.0195846557617188 0.0898895263671875
0.016082763671875 -0.125030517578125 -0.0790176391601563 0.0907516479492187
0.0372467041015625 -0.15185546875 0.0551033020019531 0.00372695922851562
-0.00962829589843751 -0.14532470703125 0.0246486663818359 -0.00276565551757813
-0.0692901611328125 -0.0994033813476562 0.00966644287109375 0.015446662902832
-0.103767395019531 -0.0360870361328125 0.0197257995605469 0.0194511413574219
-0.0909347534179688 0.0253753662109375 0.0309066772460937 0.00284576416015625
-0.0654678344726563 0.0840988159179687 0.0258655548095703 -0.00279617309570312
-0.0231704711914063 0.096282958984375 0.0230674743652344 -0.0151443481445312
-0.0230865478515625 0.0845565795898438 0.0232410430908203 -0.0174827575683594
-0.030517578125 0.0957489013671875 0.0257587432861328 -0.0129871368408203
-0.0578155517578125 0.0864944458007812 0.0276679992675781 -0.00133323669433593
-0.086181640625 0.0448684692382812 0.0328216552734375 0.00356292724609375
-0.105659484863281 -0.00173187255859376 0.0299072265625 0.0249652862548828
-0.080596923828125 -0.0831527709960937 0.0153999328613281 0.0618247985839844
-0.019775390625 -0.133758544921875 -0.0223007202148438 0.0628929138183594
0.0167083740234375 -0.14825439453125 -0.0642623901367188 0.0487823486328125
0.022125244140625 -0.152175903320312 0.0567626953125 -0.0403060913085938
-0.0279541015625 -0.138252258300781 0.0136890411376953 -0.027191162109375
-0.077423095703125 -0.0807266235351562 0.00584888458251953 0.0142936706542969
-0.0965423583984375 -0.0178146362304687 0.0326442718505859 0.0167903900146484
-0.0758285522460938 0.033843994140625 0.0442848205566406 -0.0123825073242188
-0.0481414794921875 0.080780029296875 0.0334358215332031 -0.0315189361572266
-0.01190185546875 0.0852813720703125 0.0203857421875 -0.0504951477050781
-0.0135421752929687 0.0754928588867188 0.0163497924804688 -0.0530204772949219
-0.0200424194335938 0.0863113403320313 0.022857666015625 -0.0488662719726562
-0.0433807373046875 0.0790786743164063 0.0368118286132813 -0.0328712463378906
-0.0725631713867187 0.0441741943359375 0.0462074279785156 -0.0169258117675781
-0.0926132202148438 0.00425720214843749 0.0420417785644531 0.016082763671875
-0.0763015747070313 -0.07080078125 0.0184974670410156 0.051788330078125
-0.0236968994140625 -0.124809265136719 -0.0241813659667969 0.0296592712402344
0.0105438232421875 -0.146286010742188 -0.0459480285644531 0.00267410278320312
0.00730895996093751 -0.127708435058594 0.0580978393554688 -0.0822296142578125
-0.033477783203125 -0.109786987304687 0.00482177734375 -0.0522117614746094
-0.0685043334960937 -0.0551528930664063 0.000802516937255856 0.00697612762451172
-0.0734024047851563 -0.00238800048828125 0.0390396118164062 0.0080413818359375
-0.05157470703125 0.0341072082519531 0.0482139587402344 -0.0282020568847656
-0.0259895324707031 0.0649147033691406 0.0331687927246094 -0.0560874938964844
0.000675201416015624 0.0619621276855469 0.0123748779296875 -0.0773086547851563
-0.0015106201171875 0.0547561645507813 0.00625610351562499 -0.08050537109375
-0.006439208984375 0.0621986389160156 0.0178756713867188 -0.07562255859375
-0.0207023620605469 0.0585136413574219 0.0417747497558594 -0.0567283630371094
-0.0438766479492188 0.0365409851074219 0.0530471801757813 -0.0311737060546875
-0.0626792907714844 0.0117988586425781 0.0479087829589844 0.0082855224609375
-0.0603218078613281 -0.0434036254882812 0.017852783203125 0.0387115478515625
-0.0273513793945313 -0.0940704345703125 -0.0256423950195313 -0.00181770324707032
-0.000709533691406261 -0.121795654296875 -0.0290451049804687 -0.0393638610839844
-0.00587463378906251 -0.0843505859375 0.0605316162109375 -0.115570068359375
-0.0288619995117188 -0.0664291381835938 0.0016937255859375 -0.0734024047851562
-0.0456771850585938 -0.0262184143066406 -0.00352859497070313 -0.00573587417602539
-0.0405006408691406 0.00775527954101562 0.03839111328125 -0.0037994384765625
-0.0218124389648438 0.0264415740966797 0.0452079772949219 -0.0404624938964844
-0.00312042236328125 0.0382118225097656 0.0262680053710938 -0.0734710693359375
0.011383056640625 0.0295524597167969 0.00218963623046875 -0.0930328369140625
0.00995635986328125 0.025115966796875 -0.004364013671875 -0.095245361328125
0.00896263122558594 0.0275592803955078 0.0103759765625 -0.090118408203125
0.00706291198730468 0.0300445556640625 0.0416221618652344 -0.0697669982910156
-0.00728607177734375 0.0271968841552734 0.0532493591308594 -0.0378036499023438
-0.0243511199951172 0.0221996307373047 0.0471267700195313 0.00359725952148438
-0.0414772033691406 -0.00646209716796875 0.0135498046875 0.0250167846679688
-0.0334930419921875 -0.0484886169433594 -0.0267601013183594 -0.0263824462890625
-0.0166244506835938 -0.0813369750976563 -0.0172576904296875 -0.0706863403320313
0.0411109924316406 0.0180206298828125 0.0421142578125 0.079315185546875
0.057373046875 -0.0154762268066406 0.0410194396972656 0.0313072204589844
0.0146293640136719 -0.0500450134277344 -0.003387451171875 -0.0193748474121094
-0.0241203308105469 -0.0381546020507812 -0.0475502014160156 -0.00223541259765624
-0.0334854125976563 -0.0149650573730469 -0.0455703735351563 0.0369796752929687
-0.0375213623046875 0.00547790527343751 -0.0260543823242188 0.0770034790039063
-0.0264148712158203 0.0181293487548828 0.00827789306640624 0.092529296875
-0.0247268676757813 0.0111846923828125 0.0242385864257812 0.0905914306640625
-0.0283336639404297 0.00406265258789062 0.014923095703125 0.0854644775390625
-0.0231056213378906 -0.00691032409667968 -0.01202392578125 0.0754623413085938
-0.00755023956298828 -0.0154008865356445 -0.0259132385253906 0.049835205078125
0.00395488739013672 -0.0142078399658203 -0.0231075286865234 0.0239086151123047
0.0173540115356445 4.76837158203125E-05 -0.003173828125 0.0307273864746094
0.0185642242431641 0.0254249572753906 0.000946044921874992 0.0974349975585937
-0.00104141235351562 0.0380973815917969 -0.0796432495117188 0.1331787109375
0.0485420227050781 -0.0361289978027344 0.0481796264648437 0.0795059204101563
0.0485725402832031 -0.0617599487304687 0.0437355041503906 0.0335807800292969
-0.00692749023437501 -0.0777511596679688 0.00578880310058594 -0.00995063781738282
-0.0557861328125 -0.0481834411621094 -0.0319042205810547 0.00270462036132812
-0.0621452331542969 -0.00463485717773439 -0.0291252136230469 0.0322990417480469
-0.0553970336914063 0.0364227294921875 -0.0135574340820313 0.0663719177246094
-0.0287857055664062 0.0521926879882813 0.0165252685546875 0.0775375366210938
-0.0267181396484375 0.0421905517578125 0.0317611694335938 0.074737548828125
-0.0322341918945313 0.0397148132324219 0.0251541137695313 0.0736465454101563
-0.0383644104003906 0.0280075073242187 0.000213623046874999 0.0704421997070313
-0.0368804931640625 0.00539779663085937 -0.0120048522949219 0.0492477416992188
-0.034149169921875 -0.0108127593994141 -0.0126743316650391 0.0319061279296875
-0.0155048370361328 -0.0272083282470703 0.00129318237304687 0.0480690002441406
0.005340576171875 -0.0262050628662109 -0.00206756591796876 0.106895446777344
0.00333404541015625 -0.0207347869873047 -0.0803985595703125 0.138862609863281
0.0473251342773438 -0.0867385864257813 0.0556488037109375 0.06597900390625
0.0308609008789062 -0.100723266601563 0.0442008972167969 0.0276565551757812
-0.030029296875 -0.0955657958984375 0.0121917724609375 -0.000261306762695318
-0.0817413330078125 -0.0498580932617187 -0.013336181640625 0.0096597671508789
-0.0817108154296875 0.00713348388671875 -0.00792503356933594 0.0246791839599609
-0.0655860900878906 0.0614089965820312 0.00217819213867187 0.0470161437988281
-0.0275421142578125 0.0787734985351563 0.0227622985839844 0.0504188537597656
-0.0256996154785156 0.0669288635253906 0.0338554382324219 0.0486717224121094
-0.0319671630859375 0.0710525512695313 0.0302734375 0.050750732421875
-0.0487632751464844 0.0598106384277344 0.0121116638183594 0.0539131164550781
-0.0618629455566406 0.0265884399414063 0.00415802001953124 0.040374755859375
-0.0692329406738281 -0.00495147705078126 0.00181579589843749 0.035614013671875
-0.0472908020019531 -0.0519371032714844 0.00807571411132812 0.0609169006347656
-0.00901031494140624 -0.0746917724609375 -0.00629425048828126 0.105209350585938
0.005096435546875 -0.077056884765625 -0.0775146484375 0.126937866210938
0.0373764038085938 -0.126327514648438 0.0609855651855469 0.0399513244628906
0.00460052490234375 -0.127799987792969 0.0394058227539063 0.014923095703125
-0.0552902221679687 -0.099700927734375 0.0146303176879883 0.00789737701416015
-0.0983657836914063 -0.0419464111328125 0.0060901641845703 0.0151529312133789
-0.090057373046875 0.0200042724609375 0.0144453048706055 0.0139226913452148
-0.0656280517578125 0.0795745849609375 0.0173759460449219 0.0214290618896484
-0.0218963623046875 0.093475341796875 0.0257682800292969 0.0166454315185547
-0.0205841064453125 0.0816421508789063 0.0314273834228516 0.0146465301513672
-0.0274505615234375 0.0906448364257813 0.0312080383300781 0.0184364318847656
-0.0516815185546875 0.0816421508789063 0.0231761932373047 0.0277156829833984
-0.0776519775390625 0.0436630249023437 0.0212860107421875 0.0237751007080078
-0.0945663452148437 0.00206756591796875 0.0185146331787109 0.0327568054199219
-0.0723037719726563 -0.0688552856445313 0.0158233642578125 0.0654487609863281
-0.0218887329101563 -0.1107177734375 -0.0106048583984375 0.0912322998046875
0.00531005859375001 -0.120277404785156 -0.0694961547851562 0.0978012084960938
0.021331787109375 -0.149551391601563 0.0613861083984375 0.00250244140624999
-0.0231170654296875 -0.138458251953125 0.0289878845214844 -0.00328445434570313
-0.0760955810546875 -0.0898971557617188 0.0142717361450195 0.0135631561279297
-0.103988647460938 -0.0249481201171875 0.0240383148193359 0.0172405242919922
-0.08477783203125 0.0332260131835938 0.0338993072509766 -0.000204086303710935
-0.053955078125 0.0868377685546875 0.0289096832275391 -0.00782585144042968
-0.0125732421875 0.0944290161132813 0.0235729217529297 -0.0194969177246094
-0.0131072998046875 0.084197998046875 0.0236949920654297 -0.0218906402587891
-0.0190811157226562 0.0959854125976563 0.0275974273681641 -0.0175361633300781
-0.0461196899414062 0.0897598266601563 0.0312728881835938 -0.00422859191894531
-0.07861328125 0.052032470703125 0.0363044738769531 0.0011138916015625
-0.102134704589844 0.0089569091796875 0.0342941284179687 0.0246448516845703
-0.084014892578125 -0.0719375610351563 0.0222816467285156 0.0619544982910156
-0.0317153930664063 -0.126693725585938 -0.0154991149902344 0.0657806396484375
0.001129150390625 -0.143783569335938 -0.0590286254882812 0.0558242797851563
0.00486755371093749 -0.150115966796875 0.0584793090820312 -0.0393524169921875
-0.0429840087890625 -0.130615234375 0.0152378082275391 -0.0258159637451172
-0.0833816528320312 -0.0701980590820313 0.0099954605102539 0.0133218765258789
-0.0949859619140625 -0.00632476806640627 0.0357551574707031 0.0138053894042969
-0.0683975219726562 0.0415382385253906 0.045166015625 -0.0162925720214844
-0.0356063842773438 0.0821151733398438 0.03289794921875 -0.0354766845703125
-0.000633239746093743 0.0824966430664062 0.0163002014160156 -0.0530357360839844
-0.00344085693359375 0.0740814208984375 0.0125503540039063 -0.0555953979492187
-0.00873565673828126 0.0850982666015625 0.0205192565917969 -0.0512313842773437
-0.0314712524414063 0.0806961059570313 0.0361900329589844 -0.0361480712890625
-0.0638656616210937 0.0503883361816406 0.0470085144042969 -0.02044677734375
-0.0882492065429688 0.015045166015625 0.0450668334960937 0.0138740539550781
-0.080047607421875 -0.0595016479492188 0.024871826171875 0.0508880615234375
-0.0365829467773438 -0.117698669433594 -0.0205535888671875 0.0340061187744141
-0.00650024414062499 -0.14300537109375 -0.0461616516113281 0.0100364685058594
-0.00841522216796874 -0.127616882324219 0.0539779663085938 -0.0801773071289063
-0.04779052734375 -0.103843688964844 0.00310516357421875 -0.0487861633300781
-0.0741958618164062 -0.0459442138671875 0.00427198410034179 0.00662183761596679
-0.0726776123046875 0.00768280029296876 0.0412483215332031 0.0041961669921875
-0.0441398620605469 0.0406913757324219 0.0470924377441406 -0.0320358276367188
-0.0148887634277344 0.0653114318847656 0.0289230346679688 -0.0591659545898438
0.0101585388183594 0.0582084655761719 0.00521087646484376 -0.077667236328125
0.00662612915039062 0.0522193908691406 -0.001220703125 -0.0804977416992188
0.00338363647460938 0.0597152709960938 0.0116500854492188 -0.0761871337890625
-0.00995635986328125 0.0578842163085938 0.0380172729492188 -0.0597190856933594
-0.0357627868652344 0.0407905578613281 0.0514183044433594 -0.0351676940917969
-0.058135986328125 0.0204124450683594 0.0495491027832031 0.00490188598632813
-0.062774658203125 -0.0330734252929687 0.0232658386230469 0.0376167297363281
-0.0390548706054687 -0.0870361328125 -0.0253372192382813 0.00339698791503905
-0.0171661376953125 -0.119178771972656 -0.0343799591064453 -0.032501220703125
-0.0170516967773437 -0.08477783203125 0.05206298828125 -0.113555908203125
-0.0393943786621094 -0.0625839233398438 -0.00308227539062501 -0.0695228576660156
-0.0509757995605469 -0.0198745727539062 -0.0016016960144043 -0.00525665283203125
-0.0402145385742188 0.0151596069335938 0.0383377075195313 -0.00809860229492187
-0.0166454315185547 0.0304012298583984 0.0409202575683594 -0.0441780090332031
0.00500869750976562 0.0376129150390625 0.0196990966796875 -0.0746231079101563
0.0177059173583984 0.0256462097167969 -0.00698089599609374 -0.0910797119140625
0.0150032043457031 0.0223274230957031 -0.0136947631835938 -0.0926132202148438
0.0154037475585938 0.0244026184082031 0.00213623046875 -0.0891571044921875
0.0140304565429687 0.0272121429443359 0.035308837890625 -0.0719528198242187
-0.000511169433593747 0.0283050537109375 0.0494651794433594 -0.0415992736816406
-0.0183792114257812 0.0274543762207031 0.047515869140625 0.000473022460937502
-0.0415267944335938 0.00197219848632813 0.0165824890136719 0.0237903594970703
-0.0419120788574219 -0.0433235168457031 -0.0299091339111328 -0.0201969146728516
-0.030303955078125 -0.0791244506835938 -0.0268669128417969 -0.0645751953125
0.0452880859375 0.0150184631347656 0.0484848022460938 0.06988525390625
0.0585212707519531 -0.0223388671875 0.0433502197265625 0.0243911743164062
0.0111198425292969 -0.0535659790039062 -0.00420761108398438 -0.0196533203125
-0.028839111328125 -0.0378799438476562 -0.0459785461425781 0.000526428222656258
-0.0367317199707031 -0.0126457214355469 -0.0416145324707031 0.0376663208007813
-0.0391464233398438 0.0105628967285156 -0.0199508666992188 0.074249267578125
-0.0265674591064453 0.0224933624267578 0.0142822265625 0.0869064331054688
-0.0256443023681641 0.0150623321533203 0.0297622680664062 0.0834274291992188
-0.0305881500244141 0.00835990905761718 0.02105712890625 0.079986572265625
-0.0266342163085937 -0.00545310974121093 -0.00571441650390626 0.0722808837890625
-0.0104455947875977 -0.0171499252319336 -0.0204429626464844 0.0503349304199219
0.0035400390625 -0.0180072784423828 -0.0211563110351563 0.0260505676269531
0.0209693908691406 -0.00291633605957031 -0.00408554077148437 0.0305862426757812
0.0249843597412109 0.0250644683837891 0.00400543212890625 0.0908889770507813
0.00712966918945313 0.0405006408691406 -0.0709991455078125 0.128242492675781
0.0485458374023438 -0.0354652404785156 0.0553550720214844 0.0702323913574219
0.0473442077636719 -0.0643539428710938 0.047332763671875 0.0265464782714844
-0.0107345581054688 -0.0778884887695313 0.00599193572998047 -0.0112409591674805
-0.0586204528808594 -0.0450439453125 -0.0297641754150391 0.00391387939453125
-0.0628318786621094 -0.000617980957031244 -0.0244255065917969 0.0310573577880859
-0.0535659790039062 0.0402259826660156 -0.00775909423828126 0.0618934631347656
-0.0263404846191406 0.0543212890625 0.021728515625 0.070159912109375
-0.024993896484375 0.0440444946289062 0.0365066528320313 0.0668487548828125
-0.0311393737792969 0.0423774719238281 0.030670166015625 0.0667190551757813
-0.0378684997558594 0.0287857055664063 0.00713348388671875 0.0661964416503906
-0.0366325378417969 0.00468063354492188 -0.00577545166015625 0.0489692687988281
-0.0320510864257813 -0.0113353729248047 -0.00881576538085938 0.0339584350585938
-0.0114078521728516 -0.0260829925537109 0.00302505493164063 0.0472488403320313
0.0092315673828125 -0.0229148864746094 0.00266265869140625 0.101554870605469
0.00644207000732422 -0.0154352188110352 -0.0703887939453125 0.1363525390625
0.0435104370117187 -0.0828628540039063 0.0633316040039063 0.0581626892089844
0.0275421142578125 -0.0987548828125 0.0479469299316406 0.021697998046875
-0.0329818725585938 -0.0918502807617188 0.0131988525390625 -0.00262737274169922
-0.081878662109375 -0.0453033447265625 -0.0104846954345703 0.00895404815673828
-0.0795669555664063 0.0107421875 -0.00345802307128907 0.022430419921875
-0.0604476928710938 0.0634231567382812 0.00695419311523437 0.0420494079589844
-0.02276611328125 0.0780105590820313 0.0262985229492188 0.0433425903320313
-0.0217361450195312 0.0669136047363281 0.0376358032226563 0.0407562255859375
-0.0280685424804688 0.0707778930664063 0.0349464416503906 0.0433235168457031
-0.0445747375488281 0.0595054626464844 0.0183639526367187 0.0497970581054688
-0.0585708618164063 0.0272216796875 0.00995254516601562 0.0395126342773438
-0.0652008056640625 -0.00239181518554687 0.00582504272460937 0.0367317199707031
-0.0439529418945313 -0.0470695495605469 0.0109367370605469 0.0597610473632813
-0.00820541381835938 -0.0684547424316406 -3.81469726562457E-05 0.101799011230469
0.0030364990234375 -0.069427490234375 -0.0678329467773438 0.126091003417969
0.0290756225585937 -0.119659423828125 0.0679206848144531 0.0344505310058594
-0.000709533691406248 -0.120399475097656 0.0435638427734375 0.0106430053710937
-0.0566482543945312 -0.0923843383789063 0.0173625946044922 0.00506973266601562
-0.0963211059570313 -0.0352325439453125 0.00927352905273437 0.0135364532470703
-0.0847702026367188 0.0235519409179688 0.0180912017822266 0.0107746124267578
-0.057281494140625 0.0782241821289062 0.0209674835205078 0.0161228179931641
-0.015228271484375 0.09027099609375 0.0272426605224609 0.0103130340576172
-0.0148773193359375 0.0794219970703125 0.0328083038330078 0.00816726684570313
-0.020721435546875 0.0886001586914062 0.0336074829101563 0.0123958587646484
-0.0442276000976562 0.080841064453125 0.0283164978027344 0.0236797332763672
-0.071044921875 0.0451278686523437 0.0257987976074219 0.0216712951660156
-0.0887680053710938 0.00671386718750001 0.0223846435546875 0.0331096649169922
-0.0695304870605469 -0.0609588623046875 0.0201644897460938 0.0643692016601562
-0.024627685546875 -0.102363586425781 -0.00419616699218749 0.0893096923828125
-0.00147247314453124 -0.111213684082031 -0.0607833862304687 0.0991744995117188
0.00999450683593751 -0.140960693359375 0.0667343139648438 0.000831604003906241
-0.0299072265625 -0.128036499023438 0.0328388214111328 -0.00503730773925782
-0.076416015625 -0.079833984375 0.0172042846679687 0.0109567642211914
-0.0992355346679688 -0.0170974731445313 0.0265693664550781 0.0140571594238281
-0.0775985717773438 0.0366134643554688 0.0354042053222656 -0.0035400390625
-0.0444564819335937 0.08404541015625 0.0302619934082031 -0.0121040344238281
-0.00471496582031249 0.0886993408203125 0.0226192474365234 -0.0237388610839844
-0.00626373291015624 0.080291748046875 0.0228805541992187 -0.0261592864990234
-0.0110092163085937 0.0919647216796875 0.0277748107910156 -0.0217189788818359
-0.0366058349609375 0.0874404907226563 0.0338497161865234 -0.00784683227539062
-0.0703659057617187 0.0543670654296875 0.0386543273925781 -0.00109100341796875
-0.0947113037109375 0.0152511596679687 0.0373764038085937 0.0231208801269531
-0.0821075439453125 -0.0618362426757813 0.0272331237792969 0.0596122741699219
-0.0366058349609375 -0.117294311523438 -0.0100975036621094 0.0659446716308594
-0.00866699218750001 -0.133590698242188 -0.0527687072753906 0.0600662231445313
-0.00735473632812502 -0.142303466796875 0.0608100891113281 -0.0373115539550781
-0.0511245727539063 -0.118919372558594 0.01806640625 -0.0237255096435547
-0.08380126953125 -0.059478759765625 0.0139303207397461 0.0111875534057617
-0.089630126953125 0.00197601318359376 0.0377578735351562 0.0101585388183594
-0.0601730346679687 0.0440559387207031 0.0449256896972656 -0.0191268920898437
-0.0258560180664063 0.078704833984375 0.0320472717285156 -0.0388526916503906
0.00717926025390625 0.0753707885742188 0.0134658813476563 -0.0538787841796875
0.00321960449218749 0.068939208984375 0.00962829589843751 -0.0565261840820312
-0.000205993652343742 0.0798416137695313 0.0180511474609375 -0.0528907775878906
-0.021728515625 0.0777435302734375 0.03594970703125 -0.0382728576660156
-0.0553321838378906 0.0523834228515625 0.0471229553222656 -0.0228385925292969
-0.0809173583984375 0.021759033203125 0.0468902587890625 0.0116920471191406
-0.0778961181640625 -0.0488510131835938 0.030029296875 0.0487251281738281
-0.043365478515625 -0.108001708984375 -0.016265869140625 0.0365409851074219
-0.0180587768554687 -0.133369445800781 -0.0436172485351563 0.0160140991210937
-0.0201339721679687 -0.12103271484375 0.0538101196289063 -0.0754013061523438
-0.056365966796875 -0.0938644409179687 0.00439834594726562 -0.0439453125
-0.0754470825195313 -0.036163330078125 0.00789117813110351 0.00537919998168945
-0.0676994323730469 0.0154495239257813 0.0414161682128906 0.00118637084960938
-0.0368804931640625 0.0428886413574219 0.0448455810546875 -0.0339431762695313
-0.005767822265625 0.0617256164550781 0.0263519287109375 -0.0598373413085937
0.0163192749023438 0.051300048828125 0.0010833740234375 -0.0758285522460938
0.0121994018554687 0.0467987060546875 -0.00524902343749999 -0.0779495239257813
0.0101051330566406 0.0538368225097656 0.00754547119140626 -0.0748977661132813
-0.002227783203125 0.0536384582519531 0.0352668762207031 -0.0607681274414062
-0.0280914306640625 0.041412353515625 0.0495071411132813 -0.0364036560058594
-0.0506095886230469 0.0255775451660156 0.0500221252441406 0.00270843505859375
-0.0609169006347656 -0.0237770080566406 0.0261878967285156 0.035614013671875
-0.0455398559570313 -0.0781936645507813 -0.0235385894775391 0.00778579711914062
-0.0288009643554688 -0.110847473144531 -0.0362663269042969 -0.0247802734375
-0.0260696411132813 -0.0827865600585938 0.0477828979492187 -0.106842041015625
-0.0463485717773437 -0.0569992065429688 -0.00330352783203125 -0.063018798828125
-0.052947998046875 -0.0132675170898437 0.00103998184204101 -0.00563859939575195
-0.0373420715332031 0.0210342407226562 0.0375823974609375 -0.0109977722167969
-0.0112152099609375 0.0325603485107422 0.036773681640625 -0.0452613830566406
0.0114555358886719 0.0346851348876953 0.0145111083984375 -0.07257080078125
0.0224666595458984 0.0199184417724609 -0.0128326416015625 -0.0862579345703125
0.0186824798583984 0.0175552368164063 -0.019775390625 -0.0872955322265625
0.0195293426513672 0.0192775726318359 -0.00321960449218751 -0.0853805541992188
0.0202159881591797 0.0224781036376953 0.0304718017578125 -0.0708694458007813
0.00549507141113281 0.0271778106689453 0.0458793640136719 -0.0419540405273438
-0.0126209259033203 0.0302276611328125 0.0464935302734375 -0.00162506103515625
-0.0389900207519531 0.00872039794921875 0.0180816650390625 0.0231037139892578
-0.046783447265625 -0.0355186462402344 -0.0299835205078125 -0.0143604278564453
-0.0403366088867188 -0.0723495483398437 -0.0325813293457031 -0.05572509765625
0.049346923828125 0.0126075744628906 0.0506057739257813 0.060882568359375
0.058685302734375 -0.0281944274902344 0.0436363220214844 0.0187454223632813
0.00781631469726562 -0.0564041137695313 -0.00428581237792968 -0.0202560424804688
-0.0331039428710937 -0.0376815795898438 -0.0444488525390625 0.001556396484375
-0.0392913818359375 -0.00947570800781249 -0.0388069152832031 0.0364418029785156
-0.03997802734375 0.0143241882324219 -0.0173492431640625 0.0706787109375
-0.0264949798583984 0.0265998840332031 0.0159835815429687 0.0816574096679688
-0.0259780883789063 0.0185279846191406 0.0312576293945313 0.07720947265625
-0.0330848693847656 0.0127239227294922 0.023590087890625 0.0744171142578125
-0.0300045013427734 -0.00346755981445312 -0.00220870971679688 0.0688591003417969
-0.0139217376708984 -0.0185470581054688 -0.0176239013671875 0.0492401123046875
0.00247764587402344 -0.0213127136230469 -0.0189704895019531 0.0271987915039062
0.024444580078125 -0.0059356689453125 -0.00544929504394531 0.030914306640625
0.0321807861328125 0.0244541168212891 0.00217437744140625 0.085357666015625
0.0138015747070313 0.0412673950195313 -0.068634033203125 0.121696472167969
0.0511665344238281 -0.0338821411132812 0.0592155456542969 0.0616264343261719
0.0473709106445313 -0.0664215087890625 0.0481109619140625 0.0203132629394531
-0.0122299194335937 -0.0791549682617188 0.0063018798828125 -0.0128984451293945
-0.0604972839355469 -0.0438385009765625 -0.0274505615234375 0.00362014770507813
-0.0636672973632812 0.00101089477539063 -0.0220966339111328 0.0288200378417969
-0.0530548095703125 0.0423927307128906 -0.00518798828125 0.0574111938476562
-0.0251083374023437 0.0555152893066406 0.0225181579589844 0.0632896423339844
-0.0245895385742188 0.0454940795898437 0.0373992919921875 0.0600776672363281
-0.0315780639648438 0.0444908142089844 0.0330238342285156 0.0605049133300781
-0.0394439697265625 0.029022216796875 0.0109138488769531 0.0613975524902344
-0.0372428894042969 0.00288009643554688 -0.0020599365234375 0.0475654602050781
-0.0307712554931641 -0.0137367248535156 -0.00608634948730469 0.0348281860351563
-0.00707435607910157 -0.0268306732177734 0.00269699096679687 0.0474395751953125
0.0150985717773438 -0.0209484100341797 0.00328826904296875 0.0970230102539063
0.0117092132568359 -0.0111627578735352 -0.0660629272460938 0.130699157714844
0.04364013671875 -0.0775680541992188 0.0678367614746094 0.0504570007324219
0.0276641845703125 -0.09649658203125 0.0496559143066406 0.0157890319824219
-0.032989501953125 -0.0908355712890625 0.0138664245605469 -0.00548267364501954
-0.0813217163085938 -0.0429306030273437 -0.00830936431884766 0.00789213180541992
-0.0783615112304688 0.01171875 -0.000970840454101567 0.0195121765136719
-0.0584602355957031 0.0631561279296875 0.00930023193359375 0.0365180969238281
-0.0209579467773438 0.0764846801757813 0.026702880859375 0.0369796752929688
-0.0200042724609375 0.0662002563476563 0.037994384765625 0.0338058471679688
-0.0263938903808594 0.0702247619628906 0.0370330810546875 0.0370712280273438
-0.0429153442382812 0.0583305358886719 0.0226936340332031 0.0450363159179688
-0.0568923950195313 0.0254936218261719 0.0143547058105469 0.0380821228027344
-0.0621414184570313 -0.00359344482421876 0.00963211059570312 0.0376701354980469
-0.0387496948242187 -0.0459403991699219 0.0127906799316406 0.0599250793457031
-0.0042266845703125 -0.0639991760253906 0.00159454345703124 0.0984954833984375
0.00589752197265625 -0.0622215270996094 -0.0620193481445313 0.122611999511719
0.0273818969726563 -0.1121826171875 0.07330322265625 0.0299530029296875
-0.001251220703125 -0.115127563476563 0.046783447265625 0.00585937499999999
-0.054595947265625 -0.0890579223632812 0.0187702178955078 0.00187873840332031
-0.0928497314453125 -0.0328903198242187 0.0114545822143555 0.010615348815918
-0.081298828125 0.0237350463867188 0.0203533172607422 0.00744056701660156
-0.0538253784179688 0.0767745971679688 0.0220527648925781 0.0114631652832031
-0.0130081176757813 0.0860671997070313 0.0270195007324219 0.00502586364746094
-0.013031005859375 0.0764617919921875 0.0325889587402344 0.00217437744140625
-0.0177154541015625 0.0853729248046875 0.0349617004394531 0.00656700134277344
-0.0406723022460938 0.0780258178710938 0.0314788818359375 0.0193023681640625
-0.0673484802246094 0.0433425903320313 0.0295124053955078 0.0197429656982422
-0.08380126953125 0.0074462890625 0.0261249542236328 0.0331020355224609
-0.064666748046875 -0.0575027465820313 0.0225791931152344 0.0631065368652344
-0.022430419921875 -0.0959091186523438 -0.00104522705078126 0.0874099731445313
-0.0015716552734375 -0.102249145507813 -0.0557403564453125 0.0985260009765625
0.00603485107421876 -0.131057739257813 0.0720291137695313 -0.000900268554687508
-0.030975341796875 -0.118865966796875 0.036163330078125 -0.00753021240234376
-0.0728683471679688 -0.0741348266601563 0.0193710327148437 0.00750350952148437
-0.0938796997070313 -0.0137939453125 0.0287933349609375 0.0118274688720703
-0.072235107421875 0.0358200073242187 0.0371131896972656 -0.00611495971679687
-0.0398101806640625 0.0801467895507813 0.0310096740722656 -0.0169658660888672
-0.00183868408203124 0.0826873779296875 0.0223178863525391 -0.0277938842773437
-0.00351715087890626 0.0760726928710938 0.0218296051025391 -0.0292530059814453
-0.0072021484375 0.0873641967773438 0.0275058746337891 -0.0256156921386719
-0.0310821533203125 0.0835952758789063 0.0356636047363281 -0.0113525390625
-0.0651206970214844 0.0530281066894531 0.0409812927246094 -0.00319290161132812
-0.0878982543945313 0.0170059204101562 0.0402069091796875 0.0224952697753906
-0.0770797729492187 -0.057098388671875 0.0309028625488281 0.0583572387695312
-0.0365829467773438 -0.109092712402344 -0.00588607788085938 0.0659599304199219
-0.0116500854492187 -0.1241455078125 -0.0482902526855469 0.0621452331542969
-0.013671875 -0.132698059082031 0.0652847290039063 -0.0354804992675781
-0.0530624389648437 -0.108161926269531 0.0222625732421875 -0.0233688354492188
-0.0812225341796875 -0.0524520874023437 0.0167942047119141 0.00866413116455078
-0.083099365234375 0.00592041015624999 0.0387763977050781 0.00802993774414063
-0.0533981323242187 0.0434112548828125 0.0454177856445313 -0.0213470458984375
-0.0201339721679688 0.0731124877929687 0.0316123962402344 -0.0412254333496094
0.00944137573242188 0.0688972473144531 0.0128822326660156 -0.054931640625
0.00636672973632812 0.0637588500976563 0.00790786743164062 -0.0570335388183594
0.00330352783203126 0.0731658935546875 0.0167274475097656 -0.05450439453125
-0.0159683227539063 0.0721511840820313 0.0366897583007813 -0.0402755737304688
-0.0490798950195313 0.0513839721679687 0.0481300354003906 -0.0243415832519531
-0.0736846923828125 0.0233230590820313 0.0491104125976562 0.0105857849121094
-0.073760986328125 -0.0427474975585938 0.032806396484375 0.0468826293945312
-0.0456390380859375 -0.099365234375 -0.0124244689941406 0.0377845764160156
-0.0233612060546875 -0.122718811035156 -0.0409584045410156 0.0208549499511719
-0.0266876220703125 -0.114578247070312 0.0561180114746094 -0.0700416564941406
-0.0597763061523437 -0.0857696533203125 0.00834274291992187 -0.0402412414550781
-0.074554443359375 -0.0291519165039062 0.0104875564575195 0.00350570678710937
-0.0625419616699219 0.0197029113769531 0.0413970947265625 -0.00156021118164062
-0.0307731628417969 0.0426559448242188 0.0434532165527344 -0.0350112915039063
-0.00037002563476562 0.0562324523925781 0.0246734619140625 -0.0597572326660156
0.0193824768066406 0.0443229675292969 -0.0012054443359375 -0.0733413696289063
0.0150833129882813 0.0412979125976563 -0.007415771484375 -0.0755157470703125
0.0130577087402344 0.0473098754882813 0.005035400390625 -0.0738601684570313
0.00310516357421875 0.0482177734375 0.0339088439941406 -0.0614852905273438
-0.0216941833496094 0.0396270751953125 0.0487518310546875 -0.0376472473144531
-0.0437774658203125 0.0273017883300781 0.0500068664550781 0.00151824951171875
-0.0571365356445313 -0.0172386169433594 0.0289344787597656 0.033935546875
-0.0486297607421875 -0.0691986083984375 -0.0202770233154297 0.0111122131347656
-0.03448486328125 -0.101448059082031 -0.0354690551757813 -0.0172042846679688
-0.0326385498046875 -0.079345703125 0.049041748046875 -0.0996551513671875
-0.0510025024414063 -0.0516929626464844 -0.000373840332031251 -0.05859375
-0.0538673400878906 -0.00791549682617188 0.00312757492065429 -0.00706958770751953
-0.033721923828125 0.0247936248779297 0.0361328125 -0.0126838684082031
-0.00665855407714844 0.0332603454589844 0.03460693359375 -0.044586181640625
0.0163650512695312 0.0302524566650391 0.0124969482421875 -0.0703125
0.024261474609375 0.0145492553710938 -0.0149765014648437 -0.0818405151367187
0.0204811096191406 0.0133323669433594 -0.0214309692382812 -0.0826263427734375
0.021331787109375 0.0139217376708984 -0.0049285888671875 -0.0812530517578125
0.0230121612548828 0.017181396484375 0.029052734375 -0.069183349609375
0.0102329254150391 0.0249996185302734 0.0443916320800781 -0.0415267944335938
-0.00678634643554688 0.0313282012939453 0.0457382202148438 -0.00273513793945312
-0.0354804992675781 0.0140571594238281 0.0193653106689453 0.0222930908203125
-0.0496177673339844 -0.0280952453613281 -0.0286293029785156 -0.00924873352050781
-0.0462226867675781 -0.0654945373535156 -0.0345916748046875 -0.0472526550292969
0.0539817810058594 0.0107460021972656 0.0511932373046875 0.0537796020507813
0.0595893859863281 -0.0341453552246094 0.0430526733398438 0.0137901306152344
0.00357437133789062 -0.0595016479492188 -0.00443458557128906 -0.0214462280273438
-0.0377731323242188 -0.03717041015625 -0.0435600280761719 0.000408172607421874
-0.0427474975585937 -0.00728225708007812 -0.0384254455566406 0.0349617004394531
-0.0414657592773438 0.0194358825683594 -0.0173225402832031 0.0686988830566406
-0.0263538360595703 0.030975341796875 0.0152130126953125 0.0781097412109375
-0.0263385772705078 0.0223808288574219 0.0308303833007813 0.0732269287109375
-0.0341358184814453 0.0172214508056641 0.0235061645507812 0.0705642700195312
-0.0337505340576172 -0.000562667846679685 -0.00121688842773438 0.0664710998535156
-0.0178241729736328 -0.01971435546875 -0.0149154663085938 0.0489845275878906
0.000482559204101562 -0.0250148773193359 -0.0178298950195313 0.0282745361328125
0.0275173187255859 -0.00979232788085938 -0.00694656372070313 0.0323677062988281
0.039215087890625 0.0215988159179688 -0.000534057617187506 0.0831527709960938
0.0214691162109375 0.0416336059570313 -0.070526123046875 0.117134094238281
0.0555572509765625 -0.0337295532226563 0.0607757568359375 0.0538101196289063
0.0488548278808594 -0.0702667236328125 0.0483055114746094 0.0145606994628906
-0.0138778686523438 -0.0813827514648438 0.00638675689697265 -0.0146121978759766
-0.0637397766113281 -0.0440711975097656 -0.0265445709228516 0.00259971618652343
-0.06549072265625 0.00254058837890625 -0.0204696655273437 0.0262985229492188
-0.0539283752441406 0.0453720092773438 -0.00447845458984375 0.0540084838867188
-0.0252571105957031 0.0581130981445313 0.0219497680664063 0.0591812133789063
-0.0247650146484375 0.0480422973632812 0.0367088317871094 0.0542984008789063
-0.0328025817871094 0.0472564697265625 0.0334243774414062 0.0551795959472656
-0.0412330627441406 0.0304031372070313 0.0132904052734375 0.0582351684570313
-0.0398979187011719 0.001373291015625 0.0016021728515625 0.0463981628417969
-0.0307407379150391 -0.0168800354003906 -0.00403594970703125 0.0366325378417969
-0.00257301330566406 -0.0298061370849609 0.00255584716796876 0.0489082336425781
0.0224227905273438 -0.0210018157958984 0.00157165527343749 0.0952224731445313
0.0175876617431641 -0.0082550048828125 -0.0663986206054687 0.126899719238281
0.0474090576171875 -0.0744171142578125 0.072174072265625 0.04376220703125
0.0304183959960937 -0.097320556640625 0.0509910583496094 0.00957870483398437
-0.0323486328125 -0.0920181274414063 0.0147466659545898 -0.00792407989501954
-0.0819778442382813 -0.043701171875 -0.00650024414062501 0.00599288940429687
-0.0795745849609375 0.0117645263671875 0.00120353698730468 0.0161590576171875
-0.0585784912109375 0.0648574829101563 0.00895500183105469 0.0318794250488281
-0.0210800170898437 0.0768356323242187 0.0254688262939453 0.0316085815429688
-0.0204391479492187 0.0668296813964844 0.0367851257324219 0.0281791687011719
-0.0270919799804688 0.070892333984375 0.0369071960449219 0.0308990478515625
-0.0437469482421875 0.0576438903808594 0.0257568359375 0.0408859252929688
-0.0570602416992188 0.0234375 0.0178718566894531 0.0355644226074219
-0.0603141784667969 -0.00604248046875 0.0128555297851562 0.0382537841796875
-0.0340156555175781 -0.0468940734863281 0.0136184692382813 0.0608482360839844
0.00182342529296875 -0.0623054504394531 0.00167846679687501 0.0969161987304688
0.0110855102539063 -0.0578193664550781 -0.061431884765625 0.121040344238281
0.0290145874023438 -0.106475830078125 0.0787506103515625 0.0240402221679687
0.00178527832031249 -0.112022399902344 0.0492782592773438 0.00149154663085937
-0.0520553588867188 -0.0885086059570313 0.0208034515380859 -0.00116157531738282
-0.0918045043945313 -0.0327224731445312 0.0132913589477539 0.00905609130859375
-0.0803985595703125 0.0230941772460938 0.0223140716552734 0.003753662109375
-0.053070068359375 0.0751113891601563 0.0222663879394531 0.0062255859375
-0.0125579833984375 0.0837860107421875 0.0257492065429688 -0.000526428222656245
-0.0123748779296875 0.0752182006835938 0.0316791534423828 -0.00338172912597656
-0.0175399780273438 0.0839004516601563 0.0354385375976563 0.00113677978515626
-0.0396804809570313 0.0755157470703125 0.0340385437011719 0.0147514343261719
-0.0660629272460938 0.0415763854980469 0.0334453582763672 0.0172157287597656
-0.0801315307617188 0.00617218017578123 0.0300197601318359 0.0327377319335938
-0.0595741271972656 -0.0573501586914063 0.0251846313476562 0.06353759765625
-0.0184707641601563 -0.0931854248046875 0.000846862792968743 0.0873184204101563
0.001434326171875 -0.095458984375 -0.0528945922851563 0.0985870361328125
0.00590515136718749 -0.124771118164063 0.0790863037109375 -0.00330352783203126
-0.0289993286132812 -0.113487243652344 0.0410995483398437 -0.00937271118164063
-0.0697250366210938 -0.0718536376953125 0.0221710205078125 0.00518989562988281
-0.0907135009765625 -0.0135269165039063 0.0304374694824219 0.00938796997070312
-0.069610595703125 0.0342903137207031 0.0389175415039062 -0.0101356506347656
-0.0388565063476562 0.0760421752929688 0.0303916931152344 -0.0212383270263672
-0.00147247314453125 0.0794143676757813 0.0211658477783203 -0.0314311981201172
-0.00341796875 0.073089599609375 0.0207157135009766 -0.0341072082519531
-0.00606536865234375 0.0833206176757812 0.0276031494140625 -0.0299186706542969
-0.0296249389648437 0.0794906616210938 0.038055419921875 -0.0152626037597656
-0.0620155334472656 0.0512313842773438 0.04412841796875 -0.00484466552734375
-0.0846023559570313 0.0167160034179687 0.0441246032714844 0.0217933654785156
-0.07257080078125 -0.0550689697265625 0.0336151123046875 0.0576972961425781
-0.035003662109375 -0.104766845703125 -0.00304794311523438 0.0658721923828125
-0.0112838745117188 -0.11663818359375 -0.0451011657714844 0.0637550354003906
-0.015960693359375 -0.125480651855469 0.07281494140625 -0.0352630615234375
-0.0530548095703125 -0.101226806640625 0.0275745391845703 -0.0236225128173828
-0.0778579711914063 -0.04742431640625 0.0195541381835937 0.00616264343261718
-0.0788116455078125 0.00778961181640626 0.0399322509765625 0.00577163696289063
-0.0494956970214844 0.0417556762695312 0.0464591979980469 -0.0241775512695312
-0.0177383422851562 0.0681190490722656 0.0315170288085938 -0.0440406799316406
0.0107765197753906 0.0627555847167969 0.0118942260742187 -0.0570640563964844
0.00693893432617188 0.0590705871582031 0.00645828247070312 -0.0596122741699219
0.0046844482421875 0.0688667297363281 0.0167579650878906 -0.0569076538085937
-0.0133705139160156 0.0673828125 0.0379104614257813 -0.0431327819824219
-0.0449066162109375 0.0487022399902344 0.0500106811523438 -0.0260276794433594
-0.068450927734375 0.0237464904785156 0.051605224609375 0.00954055786132813
-0.0696678161621094 -0.0394287109375 0.0353202819824219 0.0459213256835938
-0.0446929931640625 -0.09320068359375 -0.00948333740234376 0.0391197204589844
-0.0251617431640625 -0.114982604980469 -0.0378456115722656 0.0249519348144531
-0.031463623046875 -0.109176635742187 0.0627593994140625 -0.0669364929199219
-0.0621414184570312 -0.0783920288085938 0.014739990234375 -0.0387458801269531
-0.0728378295898438 -0.022979736328125 0.0134096145629883 0.00156211853027344
-0.0579757690429688 0.0227851867675781 0.0422706604003906 -0.00320053100585937
-0.0257339477539063 0.0417823791503906 0.0442161560058594 -0.0351409912109375
0.00303268432617188 0.0511589050292969 0.0243301391601563 -0.0605621337890625
0.0199356079101562 0.0379257202148438 -0.00139617919921875 -0.073577880859375
0.0155754089355469 0.0368995666503906 -0.00827789306640624 -0.0755462646484375
0.0142860412597656 0.0417633056640625 0.00476837158203125 -0.0742950439453125
0.00545883178710938 0.0426864624023438 0.0343246459960937 -0.0617294311523438
-0.016998291015625 0.03753662109375 0.049835205078125 -0.0388870239257813
-0.0377883911132813 0.028045654296875 0.0522651672363281 0.00101852416992188
-0.0531692504882812 -0.0133285522460938 0.0314617156982422 0.0323047637939453
-0.049285888671875 -0.0629463195800781 -0.0178356170654297 0.0136013031005859
-0.0390472412109375 -0.0940093994140625 -0.0339450836181641 -0.0116195678710938
-0.0384292602539062 -0.0764846801757813 0.0543289184570312 -0.0946121215820313
-0.0554695129394531 -0.0470695495605469 0.00440979003906249 -0.0560531616210938
-0.0549468994140625 -0.00299453735351562 0.00549507141113281 -0.00887298583984375
-0.0311470031738281 0.0294570922851562 0.0355491638183594 -0.01483154296875
-0.00193214416503906 0.0327835083007813 0.033538818359375 -0.0444183349609375
0.0197086334228516 0.0266361236572266 0.011566162109375 -0.0692901611328125
0.0259017944335938 0.00887107849121094 -0.0154571533203125 -0.079376220703125
0.0206432342529297 0.0084075927734375 -0.0214004516601563 -0.0801925659179688
0.0222511291503906 0.0090789794921875 -0.00555419921874999 -0.0795440673828125
0.0253467559814453 0.0116348266601563 0.0282669067382812 -0.0686149597167969
0.0147876739501953 0.0221138000488281 0.044647216796875 -0.0415229797363281
-0.00137519836425781 0.0311050415039062 0.0461273193359375 -0.00239944458007812
-0.0323657989501953 0.0181732177734375 0.020782470703125 0.0219364166259766
-0.0517692565917969 -0.0206832885742188 -0.0270881652832031 -0.00535583496093751
-0.0513114929199219 -0.0585746765136719 -0.0341415405273438 -0.0398063659667969
0.0593070983886719 0.00661468505859375 0.0506629943847656 0.0469245910644531
0.0603599548339844 -0.0414199829101562 0.041717529296875 0.00835418701171875
-0.000648498535156254 -0.0637969970703125 -0.00600624084472656 -0.0229301452636719
-0.043487548828125 -0.03656005859375 -0.0443649291992188 0.00119781494140624
-0.046356201171875 -0.00407028198242188 -0.0387420654296875 0.0346832275390625
-0.0429611206054688 0.0255508422851563 -0.0175857543945313 0.0682106018066406
-0.0258560180664062 0.0360870361328125 0.01495361328125 0.0768356323242188
-0.026519775390625 0.0270175933837891 0.0311431884765625 0.0711669921875
-0.0352439880371094 0.0236015319824219 0.0240707397460938 0.0681724548339844
-0.0375137329101563 0.00313568115234376 0.000316619873046878 0.0646858215332031
-0.0232944488525391 -0.0203113555908203 -0.0130157470703125 0.0485992431640625
-0.00260162353515625 -0.0284824371337891 -0.0161895751953125 0.0303630828857422
0.0300178527832031 -0.0155582427978516 -0.00845527648925781 0.0348358154296875
0.0464401245117187 0.0176849365234375 -0.0034637451171875 0.0835494995117188
0.0288162231445313 0.0402755737304688 -0.0743789672851563 0.116020202636719
0.0607185363769531 -0.035308837890625 0.0628585815429688 0.0465774536132812
0.0509033203125 -0.076690673828125 0.0480613708496094 0.00893020629882812
-0.0176162719726563 -0.0851593017578125 0.00568103790283203 -0.01702880859375
-0.0684089660644531 -0.0442085266113281 -0.0260372161865234 0.00132369995117188
-0.0685615539550781 0.00481414794921876 -0.0202560424804688 0.0242557525634766
-0.0552902221679687 0.0499191284179688 -0.00562667846679688 0.0515670776367188
-0.0247726440429688 0.0623664855957031 0.0209426879882812 0.0560111999511719
-0.0250473022460938 0.0517616271972656 0.035919189453125 0.0505790710449219
-0.0337295532226562 0.0524978637695313 0.0333328247070313 0.0511856079101563
-0.0446357727050781 0.0329437255859375 0.0148811340332031 0.0548210144042969
-0.0441360473632813 9.91821289062466E-05 0.00462341308593749 0.0448951721191406
-0.0330562591552734 -0.0204868316650391 -0.00049591064453125 0.0376091003417969
0.000734329223632815 -0.0341854095458984 0.00286102294921875 0.0517349243164063
0.0292587280273438 -0.0239734649658203 0.000434875488281256 0.09613037109375
0.0256843566894531 -0.00759315490722656 -0.06817626953125 0.126876831054688
0.0529632568359375 -0.0746002197265625 0.0758438110351563 0.0360870361328125
0.0327224731445313 -0.101005554199219 0.0520896911621094 0.00384902954101562
-0.0338134765625 -0.0950469970703125 0.0146989822387695 -0.0109891891479492
-0.0855178833007813 -0.0441818237304687 -0.00595569610595704 0.00372838973999023
-0.0818023681640625 0.0126113891601563 0.0013742446899414 0.0124874114990234
-0.0605392456054687 0.06744384765625 0.00846290588378906 0.0280685424804688
-0.0207901000976562 0.079071044921875 0.0240821838378906 0.0272407531738281
-0.0203475952148438 0.0691490173339844 0.03533935546875 0.0226593017578125
-0.027435302734375 0.0739517211914062 0.0368614196777344 0.0258598327636719
-0.0456390380859375 0.0589981079101563 0.0281181335449219 0.036285400390625
-0.05987548828125 0.0223350524902344 0.0221633911132813 0.0335845947265625
-0.0616035461425781 -0.00832748413085938 0.017181396484375 0.0387725830078125
-0.0310173034667969 -0.0506744384765625 0.0159683227539063 0.06298828125
0.00772476196289063 -0.0638008117675781 0.0024566650390625 0.0989837646484375
0.0176506042480469 -0.0553436279296875 -0.0604629516601563 0.121307373046875
0.0331192016601562 -0.103851318359375 0.0846328735351563 0.0168609619140625
0.0045928955078125 -0.112991333007813 0.0512580871582031 -0.00447463989257813
-0.0517120361328125 -0.0906829833984375 0.020843505859375 -0.00460243225097657
-0.0920944213867188 -0.0336837768554687 0.0147027969360352 0.00559806823730469
-0.0819091796875 0.0222091674804687 0.0233879089355469 -0.000982284545898436
-0.0547409057617188 0.0755081176757813 0.0215835571289063 0.00122642517089844
-0.0132904052734375 0.0840301513671875 0.0240230560302734 -0.00527954101562499
-0.0126495361328125 0.0759353637695313 0.0299072265625 -0.00828361511230468
-0.0175323486328125 0.084808349609375 0.0340137481689453 -0.00452232360839843
-0.0402984619140625 0.0754547119140625 0.0364532470703125 0.00935745239257813
-0.0669517517089844 0.0405769348144531 0.0368919372558594 0.0146865844726563
-0.080078125 0.00421905517578125 0.0351409912109375 0.0326824188232422
-0.05670166015625 -0.0587501525878906 0.0286178588867187 0.0651588439941406
-0.0144805908203125 -0.093048095703125 0.00314331054687501 0.0880355834960938
0.0055084228515625 -0.0925369262695312 -0.0506820678710938 0.100471496582031
0.00706481933593751 -0.11981201171875 0.0867691040039063 -0.00896453857421876
-0.027008056640625 -0.11083984375 0.0446853637695313 -0.014617919921875
-0.06732177734375 -0.0713577270507813 0.0233783721923828 0.00105476379394531
-0.0887680053710938 -0.01373291015625 0.0322818756103516 0.00621604919433594
-0.0692176818847656 0.0324020385742188 0.0405502319335937 -0.0142478942871094
-0.03863525390625 0.0746994018554687 0.0305538177490234 -0.0263290405273437
-0.00218963623046875 0.0764083862304687 0.0195579528808594 -0.0358085632324219
-0.00352478027343749 0.0712814331054687 0.0186080932617188 -0.0387306213378906
-0.00601959228515625 0.0815963745117187 0.0265655517578125 -0.0353851318359375
-0.0283126831054688 0.0780868530273438 0.0397224426269531 -0.0210990905761719
-0.0610923767089844 0.0499496459960937 0.0478897094726562 -0.00878524780273437
-0.0820159912109375 0.0158538818359375 0.0486259460449219 0.0202064514160156
-0.0698699951171875 -0.0551910400390625 0.0376014709472656 0.0577964782714844
-0.0329513549804688 -0.102706909179688 0.000797271728515625 0.0669441223144531
-0.00950622558593749 -0.112373352050781 -0.0413894653320312 0.0671920776367187
-0.0176925659179687 -0.120506286621094 0.0814132690429688 -0.0386505126953125
-0.053070068359375 -0.09619140625 0.0329799652099609 -0.026275634765625
-0.075408935546875 -0.0448455810546875 0.0220184326171875 0.00241279602050781
-0.0751571655273438 0.00880432128906251 0.0426521301269531 0.0024261474609375
-0.0466461181640625 0.03973388671875 0.0478019714355469 -0.0271072387695312
-0.016815185546875 0.0646476745605469 0.0313758850097656 -0.0485992431640625
0.00988006591796874 0.0588188171386719 0.0101547241210937 -0.0602264404296875
0.00665283203125 0.0562171936035156 0.00497055053710937 -0.0626564025878906
0.00498580932617187 0.0652198791503906 0.0149765014648437 -0.0609207153320312
-0.0120582580566406 0.0633926391601563 0.038848876953125 -0.0480079650878906
-0.0422554016113281 0.0464019775390625 0.0523567199707031 -0.0298385620117187
-0.0644264221191406 0.0235366821289062 0.0557174682617187 0.0075531005859375
-0.0664405822753906 -0.0375289916992188 0.0394973754882812 0.044830322265625
-0.045196533203125 -0.08831787109375 -0.00590133666992188 0.0400924682617188
-0.0255584716796875 -0.108779907226563 -0.0347423553466797 0.028778076171875
-0.0353317260742188 -0.105171203613281 0.0707168579101563 -0.067657470703125
-0.06439208984375 -0.0723190307617188 0.0200767517089844 -0.0407333374023438
-0.0710601806640625 -0.0187606811523438 0.0157279968261719 -0.00104141235351563
-0.0536460876464844 0.0256576538085938 0.0434951782226563 -0.0054473876953125
-0.0214347839355469 0.04046630859375 0.044830322265625 -0.0380134582519531
0.00508499145507813 0.0465469360351563 0.0243072509765625 -0.0637016296386719
0.019561767578125 0.0325641632080078 -0.00252532958984375 -0.0752029418945312
0.0153846740722656 0.0325832366943359 -0.00970458984374999 -0.0772018432617187
0.0144309997558594 0.0370101928710938 0.00398254394531249 -0.0764007568359375
0.00698089599609375 0.0367469787597656 0.0349006652832031 -0.0649337768554688
-0.0134353637695313 0.0337982177734375 0.0513267517089844 -0.0412025451660156
-0.0325469970703125 0.0270729064941406 0.0544929504394531 -0.000434875488281248
-0.0488929748535156 -0.00995254516601561 0.0336894989013672 0.0317039489746094
-0.0503311157226563 -0.0560150146484375 -0.0147256851196289 0.0153923034667969
-0.0416641235351563 -0.0869979858398437 -0.0310039520263672 -0.00623703002929688
-0.0451431274414063 -0.0737075805664062 0.0607452392578125 -0.09478759765625
-0.0599632263183594 -0.0415229797363281 0.00990676879882813 -0.0566673278808594
-0.0550308227539062 0.00317382812499999 0.00772476196289062 -0.0114059448242187
-0.0271816253662109 0.0335330963134766 0.0355758666992188 -0.0160713195800781
0.00221633911132812 0.0333003997802734 0.0327262878417969 -0.0449256896972656
0.0228195190429688 0.0223941802978516 0.0106468200683594 -0.0701675415039063
0.0258312225341797 0.00292015075683594 -0.0158462524414063 -0.0786590576171875
0.0209617614746094 0.00427818298339844 -0.0223159790039062 -0.0793685913085938
0.0218162536621094 0.00354957580566406 -0.00622558593750001 -0.0796966552734375
0.0268535614013672 0.00510978698730469 0.0287094116210938 -0.07037353515625
0.0193004608154297 0.0182456970214844 0.0450553894042969 -0.0424423217773438
0.00472068786621093 0.0306377410888672 0.0477943420410156 -0.003387451171875
-0.0282058715820313 0.0224132537841797 0.0222549438476563 0.0214252471923828
-0.0538787841796875 -0.0137863159179688 -0.0243072509765625 -0.00183677673339844
-0.0566558837890625 -0.0518226623535156 -0.0324611663818359 -0.0321140289306641
0.0642242431640625 0.0005035400390625 0.0494422912597656 0.0400199890136719
0.0582656860351563 -0.0520477294921875 0.0393905639648438 0.00385284423828125
-0.00749969482421874 -0.0669784545898438 -0.00793075561523438 -0.0247821807861328
-0.0495529174804688 -0.0339431762695313 -0.0456504821777344 0.00139617919921875
-0.0497474670410156 0.00162887573242187 -0.0390777587890625 0.0357208251953125
-0.0424308776855469 0.0328483581542969 -0.016754150390625 0.0692062377929688
-0.0225982666015625 0.0423736572265625 0.01531982421875 0.0762481689453125
-0.0252437591552734 0.033050537109375 0.0313682556152344 0.069000244140625
-0.0345592498779297 0.0307254791259766 0.0250778198242187 0.0665092468261719
-0.0403671264648438 0.00905990600585937 0.00262451171874999 0.0637931823730469
-0.0288448333740234 -0.0200061798095703 -0.0104560852050781 0.0484161376953125
-0.00759124755859375 -0.0318622589111328 -0.0130691528320313 0.0326328277587891
0.0310630798339844 -0.022979736328125 -0.00893783569335937 0.0382347106933594
0.0527877807617188 0.0101737976074219 -0.00488281250000001 0.0855255126953125
0.0375556945800781 0.0373649597167969 -0.0778656005859375 0.118598937988281
0.0655250549316406 -0.0414085388183594 0.0629959106445313 0.0378646850585938
0.0499343872070313 -0.0856475830078125 0.0465469360351563 0.00228500366210937
-0.022918701171875 -0.08807373046875 0.00378990173339843 -0.0196685791015625
-0.0746688842773438 -0.0416030883789062 -0.0260524749755859 0.000108718872070311
-0.0721817016601563 0.0101089477539062 -0.0202693939208984 0.0222263336181641
-0.0541038513183594 0.0574760437011719 -0.0061798095703125 0.050445556640625
-0.02197265625 0.0674781799316406 0.0201606750488281 0.0537185668945313
-0.0234336853027344 0.0562171936035156 0.0350265502929688 0.0473594665527344
-0.03271484375 0.0583457946777344 0.0323867797851562 0.0465278625488281
-0.0466842651367188 0.0374412536621094 0.0175514221191406 0.0506820678710938
-0.0482177734375 0.00127792358398437 0.00813674926757812 0.0436630249023438
-0.0365676879882813 -0.0230751037597656 0.00341415405273437 0.0380363464355469
0.00229263305664063 -0.0399284362792969 0.0041961669921875 0.0543022155761719
0.0358161926269531 -0.0288352966308594 0.000625610351562493 0.09808349609375
0.0340385437011719 -0.00946998596191406 -0.06829833984375 0.129890441894531
0.0575714111328125 -0.0773086547851563 0.07763671875 0.0256576538085937
0.0323257446289063 -0.108428955078125 0.0518074035644531 -0.00339889526367188
-0.037811279296875 -0.0989456176757813 0.0136556625366211 -0.0147647857666016
-0.0903854370117187 -0.0433197021484375 -0.00588798522949219 0.00121688842773437
-0.0845184326171875 0.016357421875 0.00192451477050781 0.00902462005615234
-0.0596160888671875 0.0722732543945313 0.00724601745605468 0.0241966247558594
-0.0189895629882813 0.0824432373046875 0.0221786499023438 0.024169921875
-0.0192184448242188 0.0728759765625 0.0330944061279297 0.0175914764404297
-0.0267715454101562 0.0783615112304688 0.0357513427734375 0.020233154296875
-0.0460929870605469 0.0620536804199219 0.0299873352050781 0.0299415588378906
-0.0625839233398438 0.0231094360351562 0.0256500244140625 0.0302639007568359
-0.0634803771972656 -0.0105323791503906 0.0226554870605469 0.0376701354980469
-0.0292015075683594 -0.0544548034667969 0.0196151733398437 0.0656166076660156
0.0121307373046875 -0.0675163269042969 0.0051422119140625 0.100456237792969
0.0243186950683594 -0.0556831359863281 -0.058563232421875 0.124549865722656
0.0362701416015625 -0.103668212890625 0.0892715454101563 0.00640106201171874
0.00507354736328124 -0.115913391113281 0.052520751953125 -0.01239013671875
-0.0537338256835938 -0.091949462890625 0.0209445953369141 -0.00802230834960938
-0.0960235595703125 -0.033966064453125 0.015263557434082 0.00210189819335937
-0.0835189819335938 0.0238571166992188 0.0238075256347656 -0.00506782531738281
-0.055450439453125 0.0784378051757812 0.0193843841552734 -0.00395202636718749
-0.0120697021484375 0.0855178833007813 0.0203456878662109 -0.00975227355957031
-0.011962890625 0.0773773193359375 0.0257949829101562 -0.0141754150390625
-0.0162277221679688 0.086761474609375 0.0322856903076172 -0.011566162109375
-0.0399398803710937 0.0771942138671875 0.0378265380859375 0.00208663940429688
-0.0673942565917969 0.0407180786132813 0.041015625 0.00934600830078125
-0.0814743041992188 0.003662109375 0.0408439636230469 0.0299110412597656
-0.0550193786621094 -0.061279296875 0.033447265625 0.0653076171875
-0.0117263793945312 -0.0953445434570312 0.00808715820312501 0.0889511108398438
0.00931549072265624 -0.09149169921875 -0.0465621948242187 0.103515625
0.0072021484375 -0.117912292480469 0.0926284790039062 -0.0183639526367188
-0.0265121459960937 -0.109199523925781 0.0475387573242187 -0.0226287841796875
-0.0667648315429687 -0.0715408325195313 0.0240192413330078 -0.0041656494140625
-0.087982177734375 -0.0141372680664062 0.0336952209472656 0.00194168090820312
-0.0686264038085938 0.0322608947753906 0.0402603149414062 -0.01953125
-0.0382080078125 0.0739288330078125 0.0280094146728516 -0.0319042205810547
-0.0028839111328125 0.0752029418945313 0.0157966613769531 -0.0405998229980469
-0.002471923828125 0.0715484619140625 0.0150260925292969 -0.0434684753417969
-0.00566101074218749 0.0807037353515625 0.0231246948242188 -0.0413169860839844
-0.0279769897460938 0.076629638671875 0.0397529602050781 -0.0277328491210938
-0.0602798461914062 0.0492210388183594 0.0502052307128906 -0.0145072937011719
-0.0806808471679688 0.0155029296875 0.0537338256835937 0.016937255859375
-0.0679092407226563 -0.0552139282226563 0.0421028137207031 0.0564537048339844
-0.0316543579101563 -0.102035522460938 0.005645751953125 0.0675697326660156
-0.00814819335937501 -0.107414245605469 -0.0366744995117187 0.0700645446777344
-0.0203628540039063 -0.116165161132813 0.0878219604492188 -0.0455856323242188
-0.052581787109375 -0.0913314819335938 0.0372200012207031 -0.0324859619140625
-0.073638916015625 -0.0411453247070313 0.0231189727783203 -0.00127792358398438
-0.0722122192382813 0.00898742675781248 0.0446548461914063 -0.00180816650390625
-0.0451927185058594 0.0386314392089844 0.0482330322265625 -0.0318717956542969
-0.0161552429199219 0.0628433227539063 0.0292816162109375 -0.0543594360351562
0.0087890625 0.0555267333984375 0.0064239501953125 -0.06390380859375
0.00632476806640625 0.0536575317382813 0.000125885009765619 -0.0661468505859375
0.00516510009765624 0.0620880126953125 0.0122909545898437 -0.0652313232421875
-0.0109710693359375 0.0604972839355469 0.0377731323242188 -0.0541839599609375
-0.039642333984375 0.0450210571289063 0.053741455078125 -0.0350914001464844
-0.0608749389648437 0.0224342346191406 0.0595893859863281 0.0035247802734375
-0.0634040832519531 -0.0353240966796875 0.0437736511230469 0.042510986328125
-0.0450897216796875 -0.0844497680664063 -0.00144195556640625 0.0407257080078125
-0.0267105102539063 -0.103248596191406 -0.0294284820556641 0.0325946807861328
-0.0414657592773438 -0.0988082885742188 0.0795364379882813 -0.0730819702148438
-0.0657844543457031 -0.0641098022460938 0.0255470275878906 -0.0449180603027344
-0.0694961547851563 -0.0132064819335938 0.0178356170654297 -0.00595664978027344
-0.0480194091796875 0.0287742614746094 0.0443305969238281 -0.00817108154296875
-0.017730712890625 0.0379447937011719 0.0446624755859375 -0.0419845581054688
0.00697708129882812 0.041900634765625 0.0226898193359375 -0.0676155090332031
0.01751708984375 0.0278129577636719 -0.00544738769531249 -0.0772323608398438
0.0138683319091797 0.028228759765625 -0.0130844116210937 -0.078704833984375
0.0137825012207031 0.0321941375732422 0.000373840332031248 -0.07861328125
0.00736045837402343 0.0312252044677734 0.0336341857910156 -0.0698776245117188
-0.0101470947265625 0.0298938751220703 0.0512504577636719 -0.0452957153320313
-0.0274810791015625 0.0260639190673828 0.0566596984863281 -0.00454330444335937
-0.0446128845214844 -0.00666427612304688 0.0379409790039063 0.0299339294433594
-0.0503921508789063 -0.0494346618652344 -0.0109529495239258 0.0173921585083008
-0.04461669921875 -0.0795059204101563 -0.0273380279541016 -0.000539779663085941
-0.0527458190917969 -0.070037841796875 0.0667953491210938 -0.0974807739257813
-0.06402587890625 -0.0334854125976563 0.0146293640136719 -0.0589447021484375
-0.0547943115234375 0.00984954833984374 0.0084848403930664 -0.0139217376708984
-0.0220603942871094 0.0366134643554688 0.0352249145507813 -0.0186538696289062
0.00785255432128906 0.0311546325683594 0.03143310546875 -0.0463905334472656
0.0250644683837891 0.0169258117675781 0.00901031494140625 -0.0710296630859375
0.0239582061767578 -0.00291061401367188 -0.0179977416992187 -0.079010009765625
0.0196971893310547 -0.000917434692382812 -0.0237579345703125 -0.0796661376953125
0.0202236175537109 -0.00144386291503906 -0.0074920654296875 -0.0804214477539063
0.0270862579345703 -0.000591278076171875 0.0270919799804688 -0.0738296508789063
0.0229320526123047 0.0127582550048828 0.0453720092773437 -0.0451583862304687
0.0105037689208984 0.0287971496582031 0.0492668151855469 -0.00460433959960937
-0.0231609344482422 0.0267333984375 0.0246639251708984 0.0205936431884766
-0.0535240173339844 -0.00465774536132813 -0.0206146240234375 0.00174903869628906
-0.0601425170898437 -0.0429573059082031 -0.0296478271484375 -0.0252647399902344
0.0670890808105469 -0.00849533081054688 0.0470924377441406 0.030303955078125
0.0531578063964844 -0.0592575073242188 0.0352249145507813 -0.0015411376953125
-0.0159378051757812 -0.067138671875 -0.0114040374755859 -0.0236396789550781
-0.0563240051269531 -0.0275306701660156 -0.0456733703613281 0.00348281860351563
-0.0503501892089844 0.0084991455078125 -0.0371437072753906 0.0347671508789062
-0.0389747619628906 0.0392570495605469 -0.0147476196289063 0.0693473815917969
-0.0180320739746094 0.0441207885742188 0.0168075561523438 0.073974609375
-0.0214729309082031 0.03668212890625 0.0320892333984375 0.0670661926269531
-0.0310287475585937 0.0376396179199219 0.0234718322753906 0.0637550354003906
-0.0422515869140625 0.0148658752441406 0.0027618408203125 0.061248779296875
-0.0348987579345703 -0.0163841247558594 -0.006622314453125 0.0479621887207031
-0.0139198303222656 -0.0325145721435547 -0.0110206604003906 0.032257080078125
0.0289421081542969 -0.0298442840576172 -0.0076904296875 0.0399246215820313
0.0567550659179688 0.000598907470703125 -0.00420379638671874 0.0867767333984375
0.0440254211425781 0.0306930541992188 -0.0782623291015625 0.119590759277344
0.0696525573730469 -0.0471611022949219 0.0615577697753906 0.027130126953125
0.0432586669921875 -0.0918350219726563 0.0421943664550781 -0.00360488891601563
-0.030975341796875 -0.0892791748046875 0.00224685668945312 -0.0213394165039063
-0.0785064697265625 -0.0367889404296875 -0.0285854339599609 -0.000978469848632809
-0.0726776123046875 0.0153045654296875 -0.0195579528808594 0.0206184387207031
-0.0520172119140625 0.0644989013671875 -0.00645828247070313 0.0494842529296875
-0.0174102783203125 0.0705490112304688 0.0185317993164063 0.0512809753417969
-0.0199012756347656 0.0593376159667969 0.0342254638671875 0.0423812866210938
-0.030181884765625 0.0637359619140625 0.0315170288085938 0.0428619384765625
-0.0473709106445313 0.042755126953125 0.0183334350585937 0.0451202392578125
-0.0521697998046875 0.00467681884765624 0.0107917785644531 0.0395393371582031
-0.0413322448730469 -0.0244483947753906 0.00740432739257812 0.0377540588378906
0.00124359130859375 -0.0471305847167969 0.00733566284179687 0.0556716918945313
0.0389328002929688 -0.0381202697753906 0.00358581542968751 0.09722900390625
0.0415916442871094 -0.0133781433105469 -0.0662384033203125 0.131111145019531
0.0579376220703125 -0.0816268920898438 0.0764541625976563 0.013519287109375
0.0291900634765625 -0.113471984863281 0.0482635498046875 -0.0107078552246094
-0.04425048828125 -0.09906005859375 0.0119810104370117 -0.0165376663208008
-0.0940017700195313 -0.0382308959960938 -0.00624752044677735 -0.00139474868774414
-0.0853347778320313 0.0200958251953125 0.000371694564819331 0.00348377227783203
-0.056976318359375 0.0780029296875 0.00611686706542969 0.0221691131591797
-0.0142822265625 0.0848312377929687 0.0179557800292969 0.0197162628173828
-0.0166091918945313 0.0756378173828125 0.0292434692382812 0.0124702453613281
-0.0241165161132813 0.0824432373046875 0.0328216552734375 0.0144767761230469
-0.0467071533203125 0.0651206970214844 0.0298233032226562 0.0245800018310547
-0.0656204223632813 0.02447509765625 0.0287532806396484 0.0249423980712891
-0.066192626953125 -0.0116844177246094 0.0280399322509766 0.0347156524658203
-0.0296096801757813 -0.0603675842285156 0.0248908996582031 0.0648994445800781
0.0151901245117188 -0.0740966796875 0.00824737548828124 0.100006103515625
0.0291099548339844 -0.0564537048339844 -0.0531768798828125 0.126213073730469
0.037841796875 -0.104042053222656 0.0906143188476563 -0.00469970703125001
0.0033111572265625 -0.117790222167969 0.0512771606445312 -0.0195999145507813
-0.056488037109375 -0.0941009521484375 0.0177478790283203 -0.0119228363037109
-0.095703125 -0.03082275390625 0.0156641006469726 -0.0013570785522461
-0.0844192504882813 0.0265960693359375 0.0207691192626953 -0.0106582641601562
-0.0519638061523438 0.0802688598632813 0.0167436599731445 -0.00882530212402343
-0.01007080078125 0.086883544921875 0.0149669647216797 -0.0133724212646484
-0.0088043212890625 0.0779876708984375 0.0209579467773438 -0.0177764892578125
-0.0133209228515625 0.086517333984375 0.0266437530517578 -0.0175189971923828
-0.0373077392578125 0.0793075561523438 0.0342960357666016 -0.00625038146972656
-0.06756591796875 0.0428810119628906 0.0436515808105469 0.00208663940429688
-0.0797653198242188 0.002410888671875 0.0451393127441406 0.02496337890625
-0.0549812316894531 -0.0624809265136719 0.0407066345214844 0.0620880126953125
-0.0101470947265625 -0.0958938598632813 0.01348876953125 0.0873489379882813
0.01263427734375 -0.0911102294921875 -0.0407028198242187 0.103889465332031
0.00882720947265626 -0.112937927246094 0.0949630737304688 -0.03070068359375
-0.02716064453125 -0.106788635253906 0.0457878112792969 -0.0295028686523438
-0.0654945373535156 -0.0687217712402344 0.0255508422851562 -0.00875854492187501
-0.0890121459960938 -0.0135116577148438 0.0341243743896484 -0.00360107421875
-0.0696754455566406 0.0304489135742187 0.038787841796875 -0.0265579223632812
-0.0373916625976563 0.0739212036132812 0.0226631164550781 -0.0358467102050781
-0.00241851806640625 0.0734786987304688 0.00993728637695313 -0.0432167053222656
-0.00170516967773437 0.0698890686035156 0.00900650024414063 -0.0487480163574219
-0.00385284423828126 0.0800018310546875 0.0190200805664062 -0.0448341369628906
-0.0273513793945313 0.0748062133789063 0.0352745056152344 -0.0339126586914062
-0.0576629638671875 0.0480461120605469 0.04931640625 -0.0223731994628906
-0.078094482421875 0.0153045654296875 0.058563232421875 0.0100669860839844
-0.067535400390625 -0.0565261840820313 0.0483016967773437 0.0517959594726562
-0.0317153930664062 -0.10009765625 0.0104484558105469 0.0650634765625
-0.00782775878906251 -0.104011535644531 -0.0282440185546875 0.0707473754882813
-0.0226669311523438 -0.108787536621094 0.0917587280273438 -0.0560531616210938
-0.0521621704101563 -0.0839004516601562 0.0392875671386719 -0.0390586853027344
-0.072174072265625 -0.0396041870117187 0.0251884460449219 -0.00646209716796875
-0.066375732421875 0.00928115844726564 0.0431785583496094 -0.0070648193359375
-0.0426368713378906 0.0344734191894531 0.0451545715332031 -0.036376953125
-0.0151901245117188 0.0580291748046875 0.0247764587402344 -0.0572395324707031
0.00687789916992188 0.0523719787597656 0.00112152099609374 -0.0665779113769531
0.00653076171875 0.0515518188476563 -0.00606918334960937 -0.0677604675292969
0.006622314453125 0.0594902038574219 0.00556564331054687 -0.0681800842285156
-0.00794219970703126 0.0550117492675781 0.0338935852050781 -0.060882568359375
-0.0368270874023438 0.0414505004882813 0.0535736083984375 -0.0414466857910156
-0.0579452514648438 0.0224838256835937 0.0625419616699219 -0.00376510620117187
-0.0589523315429688 -0.0331649780273438 0.0466537475585937 0.0379714965820313
-0.0424346923828125 -0.0813674926757813 0.004425048828125 0.0387611389160156
-0.0278167724609375 -0.09759521484375 -0.0213642120361328 0.0336856842041016
-0.0454559326171875 -0.0897140502929687 0.081268310546875 -0.080596923828125
-0.0665245056152344 -0.055206298828125 0.0279541015625 -0.0471458435058594
-0.0667228698730469 -0.00780487060546875 0.01739501953125 -0.0100841522216797
-0.0435218811035156 0.0298500061035156 0.0430183410644531 -0.0116729736328125
-0.0139141082763672 0.034759521484375 0.0423927307128906 -0.0454368591308594
0.00748062133789062 0.0360755920410156 0.0183563232421875 -0.0692787170410156
0.0159587860107422 0.0209083557128906 -0.0100784301757813 -0.077239990234375
0.0123615264892578 0.0234603881835937 -0.0178451538085937 -0.0790939331054688
0.011260986328125 0.0271472930908203 -0.00418853759765624 -0.0799713134765625
0.00481224060058594 0.0257415771484375 0.0309906005859375 -0.0739212036132813
-0.00658035278320313 0.0246620178222656 0.0479965209960937 -0.0496292114257813
-0.0224590301513672 0.0228672027587891 0.0581893920898438 -0.00690841674804687
-0.0393333435058594 -0.00432586669921875 0.0413284301757813 0.026092529296875
-0.0484733581542969 -0.042449951171875 -0.00642204284667969 0.0168323516845703
-0.043975830078125 -0.0706634521484375 -0.0209274291992188 0.00256729125976562
-0.0592498779296875 -0.0611572265625 0.0669403076171875 -0.101226806640625
-0.064971923828125 -0.0245933532714844 0.0158500671386719 -0.0643768310546875
-0.0512008666992187 0.0170745849609375 0.00669097900390625 -0.0186195373535156
-0.0154266357421875 0.0383033752441406 0.0345058441162109 -0.0218582153320312
0.0121650695800781 0.0278415679931641 0.0285491943359375 -0.04925537109375
0.026824951171875 0.00990104675292969 0.00586700439453125 -0.0713348388671875
0.0213565826416016 -0.00867271423339844 -0.0208206176757812 -0.0769577026367188
0.0162954330444336 -0.00536060333251953 -0.0278396606445313 -0.0783004760742188
0.0164718627929688 -0.0083770751953125 -0.00951385498046874 -0.0812911987304688
0.0235824584960937 -0.00745010375976563 0.0257492065429687 -0.074462890625
0.0235500335693359 0.00565719604492187 0.0457534790039063 -0.0462379455566406
0.0167522430419922 0.0236129760742188 0.0504798889160156 -0.00966262817382812
-0.0152168273925781 0.0280303955078125 0.0263938903808594 0.0193405151367188
-0.0481529235839844 0.00304794311523438 -0.0162944793701172 0.00167179107666016
-0.0613021850585938 -0.0318412780761719 -0.0245132446289063 -0.0191783905029297
0.0646858215332031 -0.0167160034179688 0.0386772155761719 0.0251121520996094
0.0440444946289063 -0.0648460388183594 0.0298213958740234 -0.00417137145996094
-0.0227584838867188 -0.0636253356933594 -0.0126609802246094 -0.0236415863037109
-0.0572242736816406 -0.0212478637695313 -0.0456199645996094 0.00568008422851563
-0.0496597290039063 0.0132827758789062 -0.0367355346679688 0.0357208251953125
-0.0321922302246094 0.0443038940429688 -0.0138168334960937 0.0684547424316406
-0.0122413635253906 0.0481071472167969 0.0169830322265625 0.071990966796875
-0.0160369873046875 0.03973388671875 0.0313758850097656 0.0624542236328125
-0.0245170593261719 0.0408668518066406 0.0244636535644531 0.0601310729980469
-0.0393486022949219 0.020965576171875 0.003662109375 0.0579032897949219
-0.0378913879394531 -0.0121231079101563 -0.00536346435546875 0.0444259643554687
-0.0182113647460938 -0.031951904296875 -0.00781631469726562 0.0316982269287109
0.0254325866699219 -0.0353660583496094 -0.00551605224609374 0.0423240661621094
0.0563697814941406 -0.00896453857421875 -0.00441741943359375 0.0874710083007813
0.0491790771484375 0.0230445861816406 -0.0755538940429688 0.121429443359375
0.06829833984375 -0.0536766052246094 0.0543060302734375 0.019561767578125
0.037200927734375 -0.0960159301757813 0.0353240966796875 -0.00717163085937501
-0.0366973876953125 -0.0876846313476563 -0.00201606750488281 -0.0213394165039063
-0.08154296875 -0.0296249389648438 -0.0284996032714844 0.000633239746093742
-0.0719985961914062 0.0205001831054688 -0.0213832855224609 0.0189762115478516
-0.0442314147949219 0.0669746398925781 -0.00682449340820313 0.0466804504394531
-0.0125503540039062 0.0716171264648438 0.0160751342773438 0.0488319396972656
-0.0153923034667969 0.0622062683105469 0.0291404724121094 0.0398063659667969
-0.0235519409179687 0.0666046142578125 0.0286712646484375 0.0386123657226563
-0.0443611145019531 0.0469856262207031 0.0163612365722656 0.0419464111328125
-0.0547866821289063 0.00783157348632812 0.01312255859375 0.0357513427734375
-0.0443687438964844 -0.023773193359375 0.0100994110107422 0.0338077545166016
-0.000854492187499995 -0.0517349243164063 0.0118560791015625 0.0555953979492188
0.0396804809570312 -0.04486083984375 0.00572204589843749 0.0971832275390625
0.0443344116210937 -0.0187034606933594 -0.0618743896484375 0.130012512207031
0.0593795776367188 -0.08477783203125 0.0706863403320313 0.00415802001953124
0.023345947265625 -0.115814208984375 0.0414314270019531 -0.0156936645507813
-0.0473556518554688 -0.0973663330078125 0.00857734680175781 -0.0195331573486328
-0.0954971313476563 -0.0338897705078125 -0.00773763656616212 -0.00311136245727539
-0.0848464965820312 0.0249710083007812 -0.00234651565551758 0.00201773643493652
-0.0515975952148438 0.080352783203125 0.00250053405761718 0.0186614990234375
-0.0118560791015625 0.0853271484375 0.0134048461914063 0.0181064605712891
-0.0129623413085937 0.0756454467773438 0.0237503051757813 0.0105361938476563
-0.01910400390625 0.0827255249023438 0.0272884368896484 0.0108165740966797
-0.0433006286621094 0.0676498413085937 0.0265865325927734 0.0183601379394531
-0.0660324096679687 0.0263786315917969 0.0290985107421875 0.0187721252441406
-0.0678749084472656 -0.0110816955566406 0.030059814453125 0.0296611785888672
-0.0304222106933594 -0.0623512268066406 0.02935791015625 0.0624275207519531
0.0157394409179687 -0.0779190063476563 0.0131378173828125 0.09783935546875
0.0329856872558594 -0.0605125427246094 -0.047637939453125 0.1229248046875
0.0383682250976563 -0.1036376953125 0.0843887329101563 -0.0164718627929688
0.00197601318359374 -0.117637634277344 0.04522705078125 -0.0258979797363281
-0.0570297241210938 -0.0917510986328125 0.0158281326293945 -0.016082763671875
-0.0963592529296875 -0.0288314819335938 0.0131473541259766 -0.00450897216796875
-0.0838775634765625 0.0281982421875 0.0179996490478516 -0.0150299072265625
-0.0492019653320312 0.0811691284179688 0.0126924514770508 -0.00991249084472656
-0.008636474609375 0.0852203369140625 0.00896453857421875 -0.0153436660766602
-0.00836181640625001 0.0774765014648438 0.0137443542480469 -0.0198650360107422
-0.0117721557617188 0.087066650390625 0.0209293365478516 -0.0198631286621094
-0.0368576049804688 0.0776290893554688 0.0318870544433594 -0.0101718902587891
-0.0685081481933594 0.0414848327636719 0.0422248840332031 -0.0033111572265625
-0.0806961059570313 0.00380706787109376 0.0465850830078125 0.0185432434082031
-0.0543251037597656 -0.0642738342285156 0.0435752868652344 0.0583915710449219
-0.00977325439453126 -0.097564697265625 0.0173873901367188 0.08441162109375
0.016326904296875 -0.0888442993164062 -0.0338668823242187 0.102104187011719
0.0108261108398437 -0.109153747558594 0.0913467407226563 -0.0389785766601563
-0.024200439453125 -0.104301452636719 0.0444831848144531 -0.0359306335449219
-0.0646743774414063 -0.0696258544921875 0.0214061737060547 -0.0124168395996094
-0.0856552124023438 -0.0124435424804687 0.0308303833007812 -0.00744247436523438
-0.0672874450683594 0.0315208435058594 0.0343837738037109 -0.0307197570800781
-0.0364532470703125 0.0717315673828125 0.0180397033691406 -0.0388221740722656
-0.00249481201171875 0.0723800659179688 0.0041656494140625 -0.044647216796875
-0.00199127197265624 0.0679893493652344 0.00273895263671875 -0.0465621948242187
-0.00426483154296875 0.0773849487304688 0.0116653442382812 -0.0481109619140625
-0.0260696411132813 0.073822021484375 0.031005859375 -0.0396080017089844
-0.0577964782714844 0.0461006164550781 0.0479736328125 -0.0277252197265625
-0.07574462890625 0.0135116577148437 0.0582695007324219 0.004425048828125
-0.0633659362792969 -0.0539474487304688 0.0503349304199219 0.0466499328613281
-0.0291366577148438 -0.0968551635742188 0.0149497985839844 0.0612640380859375
-0.00325775146484376 -0.100090026855469 -0.0229034423828125 0.0690269470214844
-0.0198516845703125 -0.101303100585938 0.0900955200195313 -0.0624847412109375
-0.0486068725585937 -0.0790328979492188 0.0369110107421875 -0.0446701049804688
-0.0652999877929687 -0.0368995666503906 0.0216045379638672 -0.01165771484375
-0.0639190673828125 0.00750732421875 0.0416641235351563 -0.010711669921875
-0.0406417846679688 0.0330848693847656 0.0421295166015625 -0.0416259765625
-0.01617431640625 0.0546340942382812 0.0197181701660156 -0.0597724914550781
0.00394821166992187 0.0489463806152344 -0.00421142578124999 -0.0665435791015625
0.00325775146484375 0.0479774475097656 -0.0106697082519531 -0.0674324035644531
0.00322341918945312 0.0556449890136719 0.0012969970703125 -0.0686836242675781
-0.0123443603515625 0.05224609375 0.0276298522949219 -0.0632858276367187
-0.036407470703125 0.0370559692382813 0.0489158630371094 -0.0454292297363281
-0.053131103515625 0.0178184509277344 0.0597496032714844 -0.00806808471679687
-0.0553131103515625 -0.0328254699707031 0.0493011474609375 0.0326423645019531
-0.040313720703125 -0.0748062133789063 0.00846481323242188 0.0350093841552734
-0.0232925415039063 -0.08856201171875 -0.0150852203369141 0.0344772338867187
-0.0441818237304687 -0.0818862915039063 0.0812454223632813 -0.0859146118164063
-0.0620193481445312 -0.0485153198242188 0.02825927734375 -0.0543098449707031
-0.0597076416015625 -0.00476455688476562 0.0171928405761719 -0.0130786895751953
-0.03619384765625 0.0270462036132813 0.0419731140136719 -0.0161056518554688
-0.0117893218994141 0.0305118560791016 0.0389366149902344 -0.0472373962402344
0.00592231750488282 0.0308933258056641 0.0144996643066406 -0.0695533752441406
0.0106582641601563 0.0193195343017578 -0.01318359375 -0.0762252807617188
0.00936317443847656 0.0212993621826172 -0.020599365234375 -0.0760879516601562
0.00666236877441406 0.0243930816650391 -0.00791168212890624 -0.079132080078125
0.00341224670410156 0.0208740234375 0.0254898071289063 -0.0752792358398438
-0.00813674926757812 0.0191020965576172 0.0472068786621094 -0.05267333984375
-0.0187664031982422 0.0175437927246094 0.0570106506347656 -0.0128440856933594
-0.0329132080078125 -0.0045318603515625 0.0407257080078125 0.0216140747070313
-0.042266845703125 -0.0356597900390625 -0.00138187408447266 0.0144119262695312
-0.0414543151855469 -0.0600738525390625 -0.0134038925170898 0.00493621826171875
-0.0594024658203125 -0.0516929626464844 0.0696945190429688 -0.104843139648438
-0.061614990234375 -0.0157623291015625 0.0177001953125 -0.0662155151367188
-0.0453147888183594 0.0208663940429688 0.00668907165527344 -0.0212326049804688
-0.00870132446289062 0.0360946655273438 0.031463623046875 -0.0231647491455078
0.0151214599609375 0.0231494903564453 0.0261688232421875 -0.0487060546875
0.0233154296875 0.00518226623535156 0.00347900390624999 -0.0704345703125
0.0143241882324219 -0.0108547210693359 -0.0212478637695313 -0.0749893188476562
0.0121240615844727 -0.00824546813964844 -0.0288009643554688 -0.0750045776367188
0.0109739303588867 -0.0105552673339844 -0.0118637084960938 -0.0788497924804688
0.0183525085449219 -0.0131702423095703 0.0227584838867188 -0.0750198364257813
0.0236911773681641 -0.000827789306640625 0.0423088073730469 -0.0478706359863281
0.0190277099609375 0.0182838439941406 0.0490684509277344 -0.0108108520507812
-0.00897598266601563 0.0276641845703125 0.0279102325439453 0.0158119201660156
-0.0423164367675781 0.0100631713867187 -0.0120658874511719 0.00266933441162109
-0.05670166015625 -0.0228614807128906 -0.0167322158813477 -0.0145139694213867
0.0627593994140625 -0.021209716796875 0.0308895111083984 0.0221138000488281
0.0369911193847656 -0.06585693359375 0.0240306854248047 -0.00362586975097657
-0.0268096923828125 -0.0609092712402344 -0.0145988464355469 -0.0218124389648438
-0.0571174621582031 -0.0159988403320313 -0.0444374084472656 0.00551605224609375
-0.0471916198730469 0.0168266296386719 -0.03631591796875 0.0342025756835937
-0.0272750854492188 0.0456314086914062 -0.0133438110351563 0.0668144226074219
-0.00779724121093751 0.0478172302246094 0.0157546997070312 0.07061767578125
-0.0122261047363281 0.0402450561523438 0.0285835266113281 0.0610160827636719
-0.0202369689941406 0.0428619384765625 0.0206985473632812 0.0578117370605469
-0.0371322631835938 0.0249519348144531 0.00216293334960937 0.0547676086425781
-0.0392112731933594 -0.00696945190429688 -0.00494384765625 0.0416107177734375
-0.0215282440185547 -0.0305747985839844 -0.00666999816894531 0.0296573638916016
0.0205535888671875 -0.0385665893554688 -0.00406265258789063 0.0433921813964844
0.0535049438476563 -0.015106201171875 -0.00533294677734375 0.0876388549804687
0.0497055053710938 0.0160865783691406 -0.076263427734375 0.119636535644531
0.0670738220214844 -0.0575141906738281 0.045379638671875 0.0146141052246094
0.031707763671875 -0.0972518920898438 0.0298709869384766 -0.00808334350585938
-0.0389862060546875 -0.0843505859375 -0.00357437133789063 -0.0214519500732422
-0.0804061889648438 -0.0258331298828125 -0.0283832550048828 -0.000370025634765632
-0.0695648193359375 0.0236549377441406 -0.0226612091064453 0.0174636840820312
-0.0400009155273438 0.06787109375 -0.008026123046875 0.0451469421386719
-0.00970458984375 0.0707550048828125 0.0125312805175781 0.0479774475097656
-0.0125465393066406 0.0613861083984375 0.0249290466308594 0.0382766723632813
-0.0201263427734375 0.0672264099121094 0.0237655639648437 0.036529541015625
-0.0429916381835937 0.0493392944335938 0.0131378173828125 0.03765869140625
-0.0561981201171875 0.00969314575195314 0.0117435455322266 0.0307407379150391
-0.0471115112304688 -0.0233840942382813 0.0120697021484375 0.0305347442626953
-0.0031280517578125 -0.0546340942382812 0.0127410888671875 0.0542678833007813
0.0392189025878906 -0.0503311157226563 0.005035400390625 0.0959548950195312
0.0478172302246094 -0.0237617492675781 -0.0619583129882812 0.1256103515625
0.0604248046875 -0.0858230590820313 0.0621604919433594 -0.00119018554687501
0.02197265625 -0.115379333496094 0.0353813171386719 -0.0175323486328125
-0.048187255859375 -0.0959854125976563 0.00578689575195312 -0.0202007293701172
-0.0940322875976563 -0.0315933227539062 -0.00967216491699219 -0.00400829315185547
-0.0829010009765625 0.0260543823242188 -0.00502300262451172 -0.000309467315673826
-0.0481414794921875 0.0800323486328125 -0.000823974609375003 0.0177879333496094
-0.0105743408203125 0.0841751098632813 0.00890445709228516 0.0173730850219727
-0.01116943359375 0.0748367309570313 0.0180778503417969 0.0102005004882813
-0.0173568725585938 0.082672119140625 0.0218677520751953 0.00920677185058594
-0.0425949096679688 0.0681800842285156 0.0219268798828125 0.0147514343261719
-0.06707763671875 0.027862548828125 0.0276641845703125 0.0140857696533203
-0.0685806274414063 -0.0116462707519531 0.0309219360351562 0.0257110595703125
-0.0305252075195312 -0.0652999877929688 0.0303611755371094 0.0588150024414062
0.0175704956054688 -0.0812149047851563 0.0135879516601563 0.0943756103515625
0.0372886657714844 -0.0621109008789062 -0.0459136962890625 0.117912292480469
0.0430526733398438 -0.102272033691406 0.0776443481445313 -0.0221176147460938
0.00365447998046876 -0.117080688476563 0.0397415161132813 -0.0288619995117188
-0.055511474609375 -0.0915145874023438 0.0129795074462891 -0.0181827545166016
-0.0949020385742188 -0.0288314819335937 0.0103893280029297 -0.0072021484375
-0.0825881958007813 0.027313232421875 0.0144548416137695 -0.0172281265258789
-0.04742431640625 0.0806884765625 0.00777149200439453 -0.0120735168457031
-0.00887298583984375 0.0839080810546875 0.00419521331787109 -0.0149755477905273
-0.008544921875 0.0756759643554688 0.00848197937011719 -0.0195331573486328
-0.0117950439453125 0.0854949951171875 0.0156841278076172 -0.0201187133789062
-0.0370559692382813 0.0759048461914063 0.0264663696289062 -0.01336669921875
-0.0682945251464844 0.0404930114746094 0.0390815734863281 -0.00780868530273437
-0.0794296264648438 0.000701904296875006 0.0462913513183594 0.0149955749511719
-0.0518150329589844 -0.0671958923339844 0.0444564819335938 0.0544815063476562
-0.00635528564453126 -0.0986557006835938 0.0181961059570313 0.0798492431640625
0.0219039916992188 -0.0880813598632812 -0.0305938720703125 0.096771240234375
0.0156936645507813 -0.105339050292969 0.0870590209960938 -0.04510498046875
-0.0201187133789062 -0.102256774902344 0.0400009155273438 -0.0398025512695313
-0.0606307983398438 -0.0707321166992187 0.0181026458740234 -0.0155773162841797
-0.082733154296875 -0.0151443481445313 0.0281791687011719 -0.00967597961425781
-0.0673103332519531 0.0281600952148438 0.0307598114013672 -0.0318794250488281
-0.0370674133300781 0.0697288513183594 0.0146217346191406 -0.0392227172851562
-0.00545501708984375 0.070526123046875 -0.001312255859375 -0.0440597534179687
-0.00393295288085938 0.0661354064941406 -0.00281143188476563 -0.0459136962890625
-0.00582122802734375 0.0750885009765625 0.00676727294921875 -0.0471687316894531
-0.0278358459472656 0.0698204040527344 0.026153564453125 -0.0410194396972656
-0.0579071044921875 0.0422935485839844 0.0447273254394531 -0.0306472778320312
-0.0734100341796875 0.0105972290039063 0.05615234375 0.000148773193359376
-0.05999755859375 -0.0566520690917969 0.0503959655761719 0.0423126220703125
-0.0245285034179688 -0.096435546875 0.0165023803710938 0.0560951232910156
0.00270080566406249 -0.0957183837890625 -0.0180168151855469 0.0648727416992187
-0.0144729614257812 -0.0960006713867188 0.0882339477539063 -0.0673370361328125
-0.0421905517578125 -0.0755538940429688 0.0365257263183594 -0.0485458374023438
-0.0596656799316406 -0.0377655029296875 0.0190677642822266 -0.0141792297363281
-0.0595779418945313 0.00455856323242187 0.0392494201660156 -0.0134925842285156
-0.0409584045410156 0.0281982421875 0.0387802124023438 -0.0427742004394531
-0.0181922912597656 0.0512199401855469 0.0159111022949219 -0.0588417053222656
0.00065231323242187 0.0471420288085938 -0.00695037841796876 -0.064544677734375
0.000591278076171877 0.0464363098144531 -0.0133857727050781 -0.0652656555175781
-0.000629425048828124 0.0532264709472656 -0.00209808349609375 -0.0678443908691406
-0.0152091979980469 0.0482139587402344 0.0243949890136719 -0.0633621215820313
-0.0374069213867188 0.0325469970703125 0.0456314086914063 -0.0472908020019531
-0.0513687133789063 0.0139122009277344 0.0583457946777344 -0.011138916015625
-0.0494117736816406 -0.0352096557617188 0.0486259460449219 0.0285110473632812
-0.0340957641601562 -0.0725173950195313 0.00984954833984375 0.0309371948242187
-0.0168228149414063 -0.0835342407226563 -0.00961112976074219 0.0316371917724609
-0.0399932861328125 -0.07464599609375 0.0821914672851563 -0.0878372192382812
-0.0555381774902344 -0.0434303283691406 0.02813720703125 -0.0577278137207031
-0.0531845092773438 -0.00473785400390625 0.0149459838867187 -0.0162391662597656
-0.031280517578125 0.0223178863525391 0.0394134521484375 -0.0183219909667969
-0.0106906890869141 0.0250740051269531 0.0361824035644531 -0.0474357604980469
0.00215721130371094 0.0266208648681641 0.0118293762207031 -0.06878662109375
0.00567436218261719 0.0183219909667969 -0.0140380859375 -0.0742340087890625
0.00506401062011719 0.0199508666992188 -0.0222702026367187 -0.0740737915039063
0.00304985046386719 0.0225257873535156 -0.008697509765625 -0.0782089233398438
-0.00181770324707031 0.0175838470458984 0.0218048095703125 -0.0742950439453125
-0.00980281829833984 0.0136499404907227 0.0446014404296875 -0.0527992248535156
-0.0171489715576172 0.0124702453613281 0.0550308227539063 -0.0146942138671875
-0.0273284912109375 -0.00658035278320313 0.0392951965332031 0.0183143615722656
-0.0355720520019531 -0.0327262878417969 0.000492095947265624 0.0119972229003906
-0.0350379943847656 -0.0539894104003906 -0.00682735443115235 0.00422143936157226
-0.057220458984375 -0.0442123413085938 0.0712203979492188 -0.105537414550781
-0.0572547912597656 -0.0104103088378906 0.0194091796875 -0.0682220458984375
-0.0405731201171875 0.0224189758300781 0.00542449951171875 -0.0226554870605469
-0.00402641296386718 0.0332431793212891 0.0296688079833984 -0.0238380432128906
0.0160179138183594 0.0186538696289063 0.0245246887207031 -0.0462722778320313
0.0203342437744141 0.000553131103515625 0.00293731689453125 -0.0681800842285156
0.0100202560424805 -0.0129966735839844 -0.0202713012695313 -0.07269287109375
0.00867843627929688 -0.00890827178955078 -0.0271759033203125 -0.0720596313476563
0.00692367553710938 -0.0114336013793945 -0.0115966796875 -0.0769271850585937
0.0134811401367188 -0.0159597396850586 0.0213851928710937 -0.0740280151367188
0.0206089019775391 -0.0059967041015625 0.0408782958984375 -0.0481033325195313
0.0203189849853516 0.0120353698730469 0.0481986999511719 -0.0115127563476563
-0.00355911254882813 0.0251140594482422 0.0272083282470703 0.0137386322021484
-0.0358810424804688 0.012603759765625 -0.00787639617919922 0.00122737884521485
-0.0513114929199219 -0.0163459777832031 -0.00912952423095703 -0.0130186080932617
0.0608253479003906 -0.024566650390625 0.0234355926513672 0.0210857391357422
0.0323524475097656 -0.0664024353027344 0.0196952819824219 -0.0028839111328125
-0.0281867980957031 -0.0580062866210938 -0.0147304534912109 -0.0214271545410156
-0.0564613342285156 -0.0129623413085937 -0.0441741943359375 0.00457763671875001
-0.0455245971679688 0.0187110900878906 -0.0375556945800781 0.0324783325195313
-0.0233612060546875 0.0463714599609375 -0.0150413513183594 0.0656280517578125
-0.0052490234375 0.0474205017089844 0.012176513671875 0.07122802734375
-0.00987625122070312 0.0404548645019531 0.0245513916015625 0.0612373352050781
-0.0169906616210938 0.0433578491210937 0.0178146362304688 0.0583000183105469
-0.0347976684570312 0.0276966094970703 -0.00172805786132812 0.0534095764160156
-0.039825439453125 -0.00416183471679687 -0.00672912597656251 0.0390815734863281
-0.0242099761962891 -0.0291938781738281 -0.00602340698242187 0.0281734466552734
0.0180625915527344 -0.0404510498046875 -0.00395202636718749 0.0441818237304687
0.0516853332519531 -0.0195846557617188 -0.00807189941406251 0.0886383056640625
0.0499496459960938 0.0117073059082031 -0.0813217163085937 0.117607116699219
0.0679206848144531 -0.0601310729980469 0.0373344421386719 0.0129165649414062
0.0303802490234375 -0.0981292724609375 0.0249423980712891 -0.00774955749511719
-0.0397491455078125 -0.0834503173828125 -0.00465965270996094 -0.0212802886962891
-0.0800094604492188 -0.02423095703125 -0.029022216796875 -0.00122451782226563
-0.0690689086914063 0.0239982604980469 -0.0247631072998047 0.0156192779541016
-0.0381126403808594 0.0676383972167969 -0.0107269287109375 0.0443305969238281
-0.0085906982421875 0.0709609985351562 0.00851058959960937 0.0486793518066406
-0.0112419128417969 0.0618095397949219 0.0207633972167969 0.0396537780761719
-0.0187416076660156 0.0675544738769531 0.0197677612304688 0.0368003845214844
-0.0427932739257813 0.0505332946777344 0.00942611694335938 0.0367851257324219
-0.0578727722167969 0.0106964111328125 0.0100078582763672 0.0284595489501953
-0.0485115051269531 -0.0244712829589844 0.0122089385986328 0.0285053253173828
-0.0042572021484375 -0.0578956604003906 0.0129890441894531 0.0543632507324219
0.0398521423339844 -0.0551528930664063 0.00225067138671876 0.0957565307617188
0.0509796142578125 -0.0275497436523438 -0.066192626953125 0.12286376953125
0.0651473999023437 -0.0874481201171875 0.0551834106445313 -0.00345230102539063
0.0228347778320312 -0.116142272949219 0.0306892395019531 -0.017578125
-0.0472412109375 -0.0970611572265625 0.00339317321777343 -0.0203952789306641
-0.09375 -0.0324478149414063 -0.0109872817993164 -0.00501632690429688
-0.0830535888671875 0.0253524780273437 -0.00767707824707032 -0.00168085098266601
-0.0475845336914062 0.079071044921875 -0.00360298156738282 0.0170278549194336
-0.010498046875 0.0845489501953125 0.00443649291992187 0.0186195373535156
-0.011962890625 0.0747451782226563 0.0133466720581055 0.0115966796875
-0.0173263549804688 0.0829238891601563 0.0176792144775391 0.00986099243164063
-0.0438766479492188 0.0685615539550781 0.0177364349365234 0.0131778717041016
-0.0696487426757813 0.0269393920898438 0.0249443054199219 0.0113449096679688
-0.0698165893554688 -0.0145759582519531 0.0304946899414063 0.0227375030517578
-0.0298614501953125 -0.0702285766601563 0.0301856994628906 0.0578422546386719
0.0203781127929688 -0.085601806640625 0.01202392578125 0.09320068359375
0.0433387756347656 -0.0648612976074219 -0.048248291015625 0.114738464355469
0.0490646362304687 -0.102775573730469 0.0718841552734375 -0.0246353149414063
0.00762939453125001 -0.118232727050781 0.0355720520019531 -0.0300445556640625
-0.0533981323242188 -0.0940093994140625 0.0107059478759766 -0.0188579559326172
-0.0943450927734375 -0.0313034057617187 0.00854873657226562 -0.00836515426635742
-0.0840911865234375 0.0255126953125 0.0113563537597656 -0.0185394287109375
-0.0489730834960938 0.079620361328125 0.00437641143798828 -0.012354850769043
-0.0114364624023437 0.0839767456054688 -0.000191688537597658 -0.013397216796875
-0.0105667114257813 0.0762481689453125 0.00425148010253906 -0.0179462432861328
-0.0140533447265625 0.0857315063476563 0.0120620727539063 -0.0201835632324219
-0.0399932861328125 0.0755386352539063 0.0228137969970703 -0.0147323608398437
-0.0711517333984375 0.0381546020507813 0.036651611328125 -0.0100746154785156
-0.080902099609375 -0.00311279296875 0.0458259582519531 0.0117912292480469
-0.05010986328125 -0.0715103149414063 0.0436325073242188 0.0525360107421875
-0.00128936767578126 -0.102523803710938 0.01715087890625 0.0774002075195313
0.0291213989257813 -0.0897674560546875 -0.0312042236328125 0.092620849609375
0.0230178833007813 -0.104598999023437 0.0838241577148438 -0.0479812622070313
-0.013824462890625 -0.103668212890625 0.037261962890625 -0.0421905517578125
-0.0564956665039063 -0.0739898681640625 0.0153875350952148 -0.0171117782592773
-0.0816726684570313 -0.019744873046875 0.0264797210693359 -0.01104736328125
-0.0695228576660156 0.0249977111816406 0.0284061431884766 -0.0329208374023438
-0.0396156311035156 0.0682754516601562 0.0118370056152344 -0.0392303466796875
-0.009246826171875 0.0710296630859375 -0.0039215087890625 -0.0427742004394531
-0.00725173950195313 0.0660591125488281 -0.00543212890625 -0.0443840026855469
-0.00971984863281249 0.0756301879882813 0.00415039062499999 -0.0470008850097656
-0.0314102172851562 0.068145751953125 0.0237693786621094 -0.041900634765625
-0.0610237121582031 0.0392417907714844 0.0425224304199219 -0.0324897766113281
-0.0740509033203125 0.00570678710937499 0.0548171997070312 -0.00174713134765625
-0.0559005737304687 -0.0610847473144531 0.0497093200683594 0.0399551391601562
-0.0185012817382812 -0.0984039306640625 0.0160980224609375 0.0534210205078125
0.0105514526367188 -0.0958175659179688 -0.0164604187011719 0.0606193542480469
-0.00666046142578124 -0.0934295654296875 0.0887527465820313 -0.0697860717773438
-0.03460693359375 -0.0761871337890625 0.0355339050292969 -0.0519790649414063
-0.0551605224609375 -0.0413017272949219 0.0172977447509766 -0.0163145065307617
-0.058258056640625 -0.00136947631835937 0.0374221801757812 -0.0143928527832031
-0.0431785583496094 0.0235061645507812 0.0369491577148438 -0.0428009033203125
-0.0223541259765625 0.0487937927246094 0.014739990234375 -0.0586814880371094
-0.00417327880859375 0.0475273132324219 -0.008056640625 -0.0639495849609375
-0.00317764282226563 0.046112060546875 -0.0146675109863281 -0.064056396484375
-0.00553131103515625 0.052276611328125 -0.00347900390625 -0.0673255920410156
-0.020050048828125 0.0467185974121094 0.0229148864746094 -0.0636062622070313
-0.0402297973632812 0.0283966064453125 0.04473876953125 -0.0477676391601563
-0.0513191223144531 0.00851821899414062 0.05755615234375 -0.01239013671875
-0.0450630187988281 -0.0393867492675781 0.0469589233398438 0.0260429382324219
-0.0273895263671875 -0.0730133056640625 0.0107269287109375 0.0278701782226562
-0.00885772705078125 -0.0814285278320313 -0.00602149963378906 0.0285987854003906
-0.0341567993164062 -0.070953369140625 0.0854263305664063 -0.0899658203125
-0.04876708984375 -0.0428009033203125 0.0298995971679687 -0.0608749389648437
-0.0480232238769531 -0.00734329223632812 0.0138397216796875 -0.0179290771484375
-0.0297470092773437 0.0171966552734375 0.0381927490234375 -0.0187721252441406
-0.0127582550048828 0.0210418701171875 0.0355110168457031 -0.0466041564941406
-0.00154495239257812 0.0243682861328125 0.0122299194335937 -0.0680732727050781
0.00136566162109375 0.0181598663330078 -0.0134353637695313 -0.0739517211914063
0.00135993957519531 0.0202007293701172 -0.0213165283203125 -0.0733413696289063
-0.00156402587890625 0.0219612121582031 -0.00827789306640625 -0.0778350830078125
-0.00638484954833984 0.0162487030029297 0.0220184326171875 -0.0749969482421875
-0.0130949020385742 0.00973701477050782 0.044342041015625 -0.05291748046875
-0.0170116424560547 0.00745677947998047 0.0541877746582031 -0.0153121948242188
-0.0233840942382812 -0.0105400085449219 0.0383682250976563 0.0172042846679688
-0.0292530059814453 -0.0333347320556641 0.00257778167724609 0.00947952270507812
-0.0277671813964844 -0.0514373779296875 -0.000624179840087892 0.00249290466308593
-0.053558349609375 -0.04010009765625 0.076629638671875 -0.105804443359375
-0.0524215698242188 -0.00878143310546875 0.0219802856445312 -0.0707015991210938
-0.0358123779296875 0.0222702026367188 0.00444412231445313 -0.0239849090576172
-0.00185394287109375 0.0303764343261719 0.0287876129150391 -0.0229454040527344
0.0152883529663086 0.0151939392089844 0.0253944396972656 -0.0452384948730469
0.0169486999511719 -0.00229930877685547 0.00447463989257813 -0.0667495727539063
0.00701904296875 -0.0133628845214844 -0.0176162719726563 -0.0725250244140625
0.00522994995117188 -0.00957489013671875 -0.0244522094726563 -0.072296142578125
0.00263214111328125 -0.0114154815673828 -0.00969696044921874 -0.0775299072265625
0.00913047790527344 -0.0174322128295898 0.022735595703125 -0.0739517211914063
0.0176486968994141 -0.00950050354003906 0.0420761108398438 -0.0472412109375
0.0197467803955078 0.00814247131347656 0.0480728149414063 -0.0111427307128906
-0.00048065185546875 0.0225391387939453 0.0271511077880859 0.0132789611816406
-0.0304145812988281 0.0131168365478516 -0.00513124465942383 -0.00145530700683594
-0.0457801818847656 -0.0132789611816406 -0.00151157379150391 -0.0138492584228516
0.0606803894042969 -0.0270881652832031 0.0166568756103516 0.0222740173339844
0.0302772521972656 -0.06781005859375 0.0162172317504883 -0.000647544860839848
-0.029998779296875 -0.0575599670410156 -0.0155467987060547 -0.0212268829345703
-0.0568695068359375 -0.0112495422363281 -0.0448799133300781 0.00399780273437501
-0.0453758239746094 0.0206375122070313 -0.0407447814941406 0.0323829650878906
-0.0208854675292969 0.04718017578125 -0.017852783203125 0.0664176940917969
-0.00316238403320313 0.0483894348144531 0.0096435546875 0.07403564453125
-0.008026123046875 0.0414581298828125 0.0222320556640625 0.0642852783203125
-0.0140838623046875 0.0449790954589844 0.0151824951171875 0.0609359741210938
-0.03369140625 0.0295658111572266 -0.00518417358398438 0.0548095703125
-0.0411911010742188 -0.00218963623046875 -0.00873184204101563 0.0390357971191406
-0.0264053344726563 -0.0289726257324219 -0.00658988952636719 0.0276165008544922
0.0156364440917969 -0.0428352355957031 -0.00418472290039063 0.0463066101074219
0.0509605407714844 -0.0236282348632812 -0.0116043090820312 0.0921630859375
0.0514907836914063 0.00841140747070313 -0.0890655517578125 0.118766784667969
0.0710220336914063 -0.0636367797851563 0.0309906005859375 0.0133228302001953
0.0299758911132813 -0.100845336914063 0.0210609436035156 -0.00603675842285157
-0.041015625 -0.0851974487304688 -0.00578689575195313 -0.0213718414306641
-0.0807952880859375 -0.0241851806640625 -0.030303955078125 -0.00228118896484375
-0.0703964233398438 0.024993896484375 -0.0279483795166016 0.0151176452636719
-0.0375709533691406 0.0688514709472656 -0.0136489868164063 0.0453338623046875
-0.00783538818359375 0.07293701171875 0.00500106811523437 0.0516204833984375
-0.0115928649902344 0.0638504028320313 0.0177192687988281 0.042327880859375
-0.0178947448730469 0.0701980590820313 0.0161972045898438 0.0386772155761719
-0.043365478515625 0.0530204772949219 0.00526046752929687 0.0374259948730469
-0.061370849609375 0.0121383666992188 0.00816154479980468 0.0277729034423828
-0.052093505859375 -0.0259284973144531 0.0117988586425781 0.0270748138427734
-0.005035400390625 -0.0633468627929688 0.0131950378417969 0.0556755065917969
0.04132080078125 -0.0603904724121094 7.62939453125188E-06 0.0988388061523437
0.0553855895996094 -0.0316963195800781 -0.0728225708007813 0.123588562011719
0.0706024169921875 -0.091033935546875 0.0499916076660156 -0.00416183471679688
0.0252685546875 -0.120765686035156 0.0272216796875 -0.0171699523925781
-0.0470199584960937 -0.101486206054687 0.00220298767089844 -0.0207939147949219
-0.0949249267578125 -0.0339508056640625 -0.0123682022094727 -0.00637435913085938
-0.0864105224609375 0.0252609252929688 -0.010650634765625 -0.00261402130126953
-0.04913330078125 0.0810165405273438 -0.00725364685058594 0.0172214508056641
-0.0121994018554688 0.0870895385742188 0.000881195068359373 0.0215301513671875
-0.0130386352539063 0.0771408081054688 0.010066032409668 0.0141487121582031
-0.018585205078125 0.0863189697265625 0.0143270492553711 0.0110664367675781
-0.0469436645507813 0.0712356567382812 0.0138874053955078 0.0131969451904297
-0.0739593505859375 0.0272750854492187 0.0236263275146484 0.00997352600097656
-0.0730972290039063 -0.0175857543945312 0.0305900573730469 0.0214710235595703
-0.0300064086914063 -0.0767745971679688 0.0308876037597656 0.058990478515625
0.0234909057617188 -0.0922164916992188 0.00971221923828124 0.0947418212890625
0.0500679016113281 -0.0693016052246094 -0.0535736083984375 0.114654541015625
0.0569381713867187 -0.106216430664063 0.0691642761230469 -0.0266036987304688
0.012237548828125 -0.12286376953125 0.0325355529785156 -0.0309371948242188
-0.051666259765625 -0.100997924804687 0.00861358642578125 -0.0196647644042969
-0.0963058471679687 -0.035552978515625 0.00738143920898437 -0.00946426391601563
-0.0880966186523438 0.0239944458007812 0.00930404663085937 -0.0197124481201172
-0.0523834228515625 0.0805511474609375 0.00248432159423828 -0.0124931335449219
-0.0140914916992187 0.0873184204101563 -0.00310993194580078 -0.0117864608764648
-0.0126953125 0.0789794921875 0.000650405883789061 -0.0169239044189453
-0.0166168212890625 0.08880615234375 0.00934219360351562 -0.0194263458251953
-0.0439834594726562 0.0779037475585938 0.0193157196044922 -0.0154209136962891
-0.0758590698242188 0.03765869140625 0.0360450744628906 -0.0127487182617188
-0.084259033203125 -0.00667572021484375 0.0457229614257812 0.00990676879882813
-0.0488510131835937 -0.0785140991210938 0.0441513061523437 0.05218505859375
0.00314331054687501 -0.108909606933594 0.0157546997070313 0.0778732299804688
0.037384033203125 -0.0938262939453125 -0.0338592529296875 0.0912551879882813
0.0315093994140625 -0.107208251953125 0.084197998046875 -0.0504074096679688
-0.00743103027343749 -0.108535766601563 0.0362701416015625 -0.0443344116210938
-0.0540924072265625 -0.0807113647460938 0.0145206451416016 -0.0181140899658203
-0.0838699340820312 -0.02490234375 0.0248184204101562 -0.0122318267822266
-0.0740890502929688 0.022552490234375 0.0266571044921875 -0.0343055725097656
-0.04400634765625 0.0690383911132813 0.0104141235351562 -0.0402069091796875
-0.0130081176757813 0.0740203857421875 -0.005859375 -0.0425872802734375
-0.0112686157226563 0.069244384765625 -0.00779342651367187 -0.0439567565917969
-0.0141677856445313 0.0781784057617187 0.00197601318359375 -0.04742431640625
-0.0363693237304687 0.0696678161621094 0.0217437744140625 -0.0433082580566406
-0.0658302307128906 0.0373344421386719 0.0429267883300781 -0.0336341857910156
-0.07763671875 0.000709533691406253 0.0550498962402344 -0.00357818603515625
-0.0539817810058594 -0.0681343078613281 0.0496139526367188 0.0396690368652344
-0.0132675170898437 -0.104209899902344 0.0156021118164063 0.0521507263183594
0.019256591796875 -0.098907470703125 -0.0164299011230469 0.0587921142578125
0.00121307373046875 -0.0945892333984375 0.0918960571289063 -0.073638916015625
-0.0290603637695312 -0.0804214477539062 0.0362701416015625 -0.0558128356933594
-0.0519599914550781 -0.047271728515625 0.0160598754882812 -0.0178565979003906
-0.0594711303710938 -0.0069732666015625 0.0366172790527344 -0.0154457092285156
-0.0471038818359375 0.0208320617675781 0.0367507934570313 -0.044189453125
-0.0273284912109375 0.0486640930175781 0.0141792297363281 -0.0601272583007813
-0.00840377807617188 0.0498886108398438 -0.00881195068359376 -0.0644950866699219
-0.00696563720703125 0.0482978820800781 -0.0154228210449219 -0.0647850036621094
-0.0100822448730469 0.0552711486816406 -0.00407028198242188 -0.06878662109375
-0.0255050659179687 0.0471725463867188 0.0222282409667969 -0.0653419494628906
-0.0451393127441406 0.0253753662109375 0.0456275939941406 -0.0493927001953125
-0.0534439086914063 0.00300216674804687 0.0575599670410156 -0.0134124755859375
-0.0426445007324219 -0.0453987121582031 0.0469589233398438 0.0257225036621094
-0.0212936401367188 -0.077178955078125 0.0102882385253906 0.0257434844970703
-9.15527343749942E-05 -0.0836715698242188 -0.00302505493164062 0.0263156890869141
-0.0286941528320313 -0.0706558227539063 0.091705322265625 -0.0933380126953125
-0.04388427734375 -0.044281005859375 0.0318870544433594 -0.06524658203125
-0.0448722839355469 -0.0104293823242187 0.0127811431884766 -0.0197792053222656
-0.0297698974609375 0.0125255584716797 0.0382270812988281 -0.0190315246582031
-0.0150985717773438 0.0177574157714844 0.0363883972167969 -0.0473556518554688
-0.00618362426757813 0.0226936340332031 0.0128402709960937 -0.0691452026367187
-0.00264549255371094 0.0194244384765625 -0.0123443603515625 -0.07550048828125
-0.00185394287109375 0.0207443237304688 -0.0208892822265625 -0.0753021240234375
-0.00595664978027344 0.0233612060546875 -0.007720947265625 -0.0800857543945313
-0.0114765167236328 0.0155391693115234 0.0230331420898437 -0.0766220092773438
-0.0167236328125 0.00668811798095703 0.0455856323242188 -0.0538520812988281
-0.0179958343505859 0.00255584716796875 0.0553970336914063 -0.0156326293945313
-0.0201759338378906 -0.0147628784179688 0.0380706787109375 0.0168724060058594
-0.0236644744873047 -0.0348701477050781 0.00364875793457031 0.00645351409912109
-0.0206680297851563 -0.0513191223144531 0.00397324562072754 0.000522136688232419
-0.0517463684082031 -0.0385704040527344 0.0839614868164063 -0.109451293945313
-0.0496139526367188 -0.00775909423828124 0.0248260498046875 -0.07562255859375
-0.0331993103027344 0.02154541015625 0.00349617004394531 -0.0253982543945312
-0.00026130676269531 0.0277042388916016 0.0290393829345703 -0.0238075256347656
0.0148401260375977 0.0122442245483398 0.0273323059082031 -0.0449180603027344
0.0147790908813477 -0.00370502471923828 0.0064849853515625 -0.0678253173828125
0.00326347351074219 -0.0128812789916992 -0.0154037475585938 -0.075286865234375
0.00261497497558594 -0.00966739654541016 -0.0225753784179688 -0.0748825073242187
-0.000944137573242187 -0.0113401412963867 -0.007537841796875 -0.080291748046875
0.00496673583984375 -0.0186901092529297 0.0247650146484375 -0.0763015747070313
0.0148344039916992 -0.0120887756347656 0.0442543029785156 -0.0482864379882812
0.0193271636962891 0.00457954406738281 0.0501708984375 -0.0115737915039063
0.00239753723144531 0.0201816558837891 0.0271339416503906 0.0128974914550781
-0.0260276794433594 0.0131816864013672 -0.00321173667907715 -0.00324201583862305
-0.0412178039550781 -0.0122489929199219 0.00490188598632812 -0.0153369903564453
0.0609550476074219 -0.0313568115234375 0.0106105804443359 0.0246372222900391
0.0276565551757813 -0.07098388671875 0.0139017105102539 0.00126361846923828
-0.0332908630371094 -0.0576248168945312 -0.0164470672607422 -0.0212726593017578
-0.0582351684570312 -0.00838851928710938 -0.0472908020019531 0.0037384033203125
-0.0453910827636719 0.0234947204589844 -0.04351806640625 0.0344810485839844
-0.0181198120117188 0.0497093200683594 -0.0199661254882812 0.0704269409179688
-2.28881835937527E-05 0.050811767578125 0.00897216796875 0.0790786743164062
-0.00550079345703125 0.0432929992675781 0.0218162536621094 0.0689697265625
-0.0115547180175781 0.0476264953613281 0.0134429931640625 0.0652389526367188
-0.0330562591552734 0.0337753295898438 -0.00782394409179688 0.0588264465332031
-0.04345703125 0.00114822387695312 -0.01025390625 0.04034423828125
-0.0294704437255859 -0.0286617279052734 -0.00690078735351562 0.0282554626464844
0.0131263732910156 -0.0469017028808594 -0.00311279296875 0.0493545532226563
0.0510749816894531 -0.0281333923339844 -0.0124435424804688 0.0980377197265625
0.0541305541992188 0.00455093383789063 -0.0965957641601562 0.125740051269531
0.0740280151367188 -0.069854736328125 0.0252666473388672 0.0141353607177734
0.0288467407226563 -0.106636047363281 0.018402099609375 -0.00484275817871095
-0.04388427734375 -0.088134765625 -0.00722503662109376 -0.0216751098632813
-0.0842437744140625 -0.0235595703125 -0.0322132110595703 -0.00268936157226562
-0.072540283203125 0.027313232421875 -0.0316658020019531 0.0158672332763672
-0.0361862182617187 0.0722732543945313 -0.0168228149414063 0.0474090576171875
-0.00615692138671876 0.0770492553710938 0.00394058227539063 0.0561599731445313
-0.0101089477539063 0.0678977966308594 0.0160179138183594 0.0465049743652344
-0.0162429809570312 0.0744094848632813 0.0143051147460937 0.0420913696289063
-0.0447044372558594 0.0575294494628906 0.00244903564453125 0.0397300720214844
-0.0657577514648437 0.0150833129882813 0.00680351257324218 0.0275402069091797
-0.056610107421875 -0.0272026062011719 0.012115478515625 0.0268363952636719
-0.00775527954101562 -0.0692558288574219 0.0149345397949219 0.058563232421875
0.0428009033203125 -0.0682525634765625 -0.000480651855468738 0.10394287109375
0.0605201721191406 -0.0379486083984375 -0.0796279907226563 0.12957763671875
0.076019287109375 -0.0988693237304688 0.0459747314453125 -0.00482559204101563
0.0256500244140625 -0.128379821777344 0.0247154235839844 -0.0172748565673828
-0.0498733520507813 -0.107521057128906 0.000734329223632811 -0.0215415954589844
-0.0999679565429687 -0.0357131958007813 -0.01446533203125 -0.00728225708007813
-0.0908050537109375 0.0275497436523438 -0.0135812759399414 -0.00296688079833984
-0.0504302978515625 0.0848464965820312 -0.00986671447753906 0.0182971954345703
-0.01190185546875 0.0926666259765625 -0.0017242431640625 0.0248126983642578
-0.0131072998046875 0.0823745727539063 0.00807762145996094 0.0171394348144531
-0.0182723999023438 0.0913467407226563 0.0117111206054687 0.0125226974487305
-0.0489654541015625 0.0761642456054687 0.0110378265380859 0.0141839981079102
-0.0797500610351562 0.0299148559570313 0.023162841796875 0.00873565673828125
-0.0801162719726563 -0.0190811157226563 0.0316658020019531 0.0199508666992188
-0.0324783325195312 -0.0839691162109375 0.0328750610351563 0.0605506896972656
0.0251541137695313 -0.101600646972656 0.00991058349609375 0.0985565185546875
0.056121826171875 -0.0770950317382813 -0.058502197265625 0.11859130859375
0.0636749267578125 -0.114105224609375 0.0671272277832031 -0.0292625427246094
0.0142059326171875 -0.132118225097656 0.030487060546875 -0.0322532653808594
-0.0538482666015625 -0.108619689941406 0.00683784484863281 -0.0204601287841797
-0.102363586425781 -0.0387725830078125 0.00528526306152343 -0.0104837417602539
-0.0944290161132813 0.025115966796875 0.00662803649902343 -0.0214080810546875
-0.056060791015625 0.0850296020507812 -0.000645637512207035 -0.0126447677612305
-0.0156097412109375 0.0932998657226563 -0.00565910339355469 -0.0101222991943359
-0.014190673828125 0.0843048095703125 -0.00173377990722656 -0.0148019790649414
-0.01763916015625 0.0951461791992188 0.00639533996582031 -0.0195693969726562
-0.0473785400390625 0.0828628540039062 0.0169572830200195 -0.0160760879516602
-0.0824737548828125 0.039520263671875 0.035858154296875 -0.0144195556640625
-0.0914154052734375 -0.00989532470703126 0.0474929809570312 0.0078582763671875
-0.051971435546875 -0.087005615234375 0.0465583801269531 0.0533256530761719
0.0050506591796875 -0.118919372558594 0.0159072875976562 0.08026123046875
0.0442886352539063 -0.10205078125 -0.0363616943359375 0.0932769775390625
0.0388031005859375 -0.113792419433594 0.085113525390625 -0.0552291870117188
-0.00440216064453126 -0.117179870605469 0.0349807739257812 -0.0478324890136719
-0.0551986694335938 -0.0894012451171875 0.0122890472412109 -0.019561767578125
-0.0887298583984375 -0.0297164916992187 0.0241222381591797 -0.0133552551269531
-0.0807342529296875 0.0227584838867187 0.0252494812011719 -0.036376953125
-0.0490264892578125 0.072509765625 0.00838851928710937 -0.0419044494628906
-0.0155410766601563 0.079833984375 -0.0084381103515625 -0.0426712036132813
-0.0131683349609375 0.0737838745117188 -0.0106925964355469 -0.0447616577148438
-0.016387939453125 0.083770751953125 -0.000282287597656247 -0.049407958984375
-0.0404510498046875 0.074188232421875 0.019622802734375 -0.045501708984375
-0.0727157592773437 0.0380172729492188 0.0431747436523437 -0.0375785827636719
-0.0838470458984375 -0.00262451171875001 0.0565223693847656 -0.0061798095703125
-0.05633544921875 -0.0757217407226562 0.0517616271972656 0.0392646789550781
-0.01043701171875 -0.112953186035156 0.0155410766601562 0.0518684387207031
0.0266342163085938 -0.105857849121094 -0.0162467956542969 0.0588912963867187
0.00714111328125 -0.09967041015625 0.0961380004882813 -0.0796127319335937
-0.0250473022460938 -0.0858993530273438 0.0366783142089844 -0.0605621337890625
-0.051971435546875 -0.0538787841796875 0.0145263671875 -0.0192718505859375
-0.0630836486816406 -0.0112686157226562 0.0365447998046875 -0.0169296264648438
-0.0522613525390625 0.0198554992675781 0.036895751953125 -0.0464591979980469
-0.0319137573242188 0.0507164001464844 0.0134086608886719 -0.0631217956542969
-0.0117607116699219 0.0540847778320313 -0.0105400085449219 -0.0668983459472656
-0.00963211059570313 0.0525093078613281 -0.01751708984375 -0.0665321350097656
-0.013397216796875 0.0593452453613281 -0.00617980957031249 -0.0722198486328125
-0.029571533203125 0.0500907897949219 0.0210037231445313 -0.06890869140625
-0.0507049560546875 0.0252876281738281 0.0465660095214844 -0.0530242919921875
-0.0578727722167969 -0.000339508056640631 0.0599479675292969 -0.0153923034667969
-0.0430831909179687 -0.0516204833984375 0.0484619140625 0.0254745483398437
-0.0179595947265625 -0.08367919921875 0.0108261108398437 0.0243167877197266
0.00648498535156249 -0.0882949829101563 -0.000375747680664061 0.0241813659667969
-0.0247344970703125 -0.07220458984375 0.0978164672851563 -0.100799560546875
-0.0406227111816406 -0.0469627380371094 0.033721923828125 -0.0718154907226562
-0.0433845520019531 -0.0141372680664062 0.0117378234863281 -0.0219917297363281
-0.0306148529052734 0.00918197631835937 0.0384483337402344 -0.0206527709960938
-0.0181598663330078 0.0157260894775391 0.03778076171875 -0.0499305725097656
-0.0100803375244141 0.0233001708984375 0.01324462890625 -0.0726394653320313
-0.0059661865234375 0.0215015411376953 -0.012786865234375 -0.0796356201171875
-0.00494766235351562 0.022705078125 -0.0218429565429687 -0.0791473388671875
-0.00977706909179687 0.0259990692138672 -0.00855255126953125 -0.0847015380859375
-0.0162935256958008 0.0164861679077148 0.023345947265625 -0.0812301635742188
-0.0209617614746094 0.00471115112304688 0.0477523803710938 -0.0575675964355469
-0.0204200744628906 -0.00105476379394532 0.0577125549316406 -0.0176467895507813
-0.0185928344726562 -0.019378662109375 0.03961181640625 0.0162773132324219
-0.0197181701660156 -0.0383148193359375 0.00433492660522461 0.00424623489379883
-0.0158500671386719 -0.0535926818847656 0.00923919677734375 -0.0031423568725586
-0.0513763427734375 -0.0370750427246094 0.09136962890625 -0.116943359375
-0.0472869873046875 -0.00664901733398437 0.0272979736328125 -0.0818557739257813
-0.0312290191650391 0.0222301483154297 0.00306510925292968 -0.0275020599365234
0.00128555297851562 0.0257434844970703 0.0300483703613281 -0.0244426727294922
0.0146312713623047 0.010004997253418 0.0287094116210938 -0.0471076965332031
0.011505126953125 -0.00557518005371094 0.00779724121093749 -0.0708465576171875
0.000576019287109376 -0.0131387710571289 -0.0149154663085937 -0.07977294921875
0.000341415405273438 -0.00961780548095703 -0.0230026245117188 -0.079193115234375
-0.0039520263671875 -0.0110607147216797 -0.00799560546875 -0.0856857299804688
0.00103569030761719 -0.0190963745117188 0.0263824462890625 -0.0810317993164063
0.0124034881591797 -0.0157146453857422 0.0470657348632813 -0.0511207580566406
0.0193309783935547 0.000789642333984375 0.0524330139160156 -0.0123558044433594
0.00561714172363281 0.0183048248291016 0.0278682708740234 0.0125389099121094
-0.0223293304443359 0.0134010314941406 -0.00140190124511719 -0.00550603866577148
-0.0382423400878906 -0.0113105773925781 0.0116691589355469 -0.0180854797363281
0.0601310729980469 -0.0368728637695313 0.00548744201660157 0.0278835296630859
0.0224075317382813 -0.0745010375976563 0.0121660232543945 0.00321578979492187
-0.0384178161621094 -0.0568199157714844 -0.0182456970214844 -0.0208148956298828
-0.0602760314941406 -0.0040740966796875 -0.04931640625 0.00572967529296875
-0.0446090698242188 0.0280418395996094 -0.0457382202148438 0.0377044677734375
-0.0142402648925781 0.0519027709960938 -0.0194778442382812 0.075408935546875
0.00461578369140625 0.0527076721191406 0.0114898681640625 0.0847625732421875
-0.0018310546875 0.0454216003417969 0.0238418579101563 0.0735321044921875
-0.00755691528320313 0.0503997802734375 0.0153923034667969 0.0694694519042969
-0.0312614440917969 0.0379600524902344 -0.00775909423828126 0.0634994506835938
-0.0455131530761719 0.00568008422851561 -0.0110206604003906 0.0424537658691406
-0.0340099334716797 -0.0276966094970703 -0.00668144226074219 0.0289249420166016
0.00866317749023438 -0.0504608154296875 -0.000492095947265626 0.0532188415527344
0.0502967834472656 -0.0345954895019531 -0.01068115234375 0.105323791503906
0.0560646057128906 -0.0010833740234375 -0.101104736328125 0.136642456054688
0.0749130249023437 -0.0782089233398437 0.020751953125 0.0154514312744141
0.0238800048828125 -0.113441467285156 0.0163049697875977 -0.00345420837402344
-0.0498886108398437 -0.0901718139648437 -0.00973892211914063 -0.0216045379638672
-0.088836669921875 -0.0202865600585938 -0.0350761413574219 -0.00141716003417969
-0.07427978515625 0.03277587890625 -0.0342826843261719 0.0181694030761719
-0.0337371826171875 0.0770492553710938 -0.0178451538085938 0.0513648986816406
-0.0019378662109375 0.081390380859375 0.00425338745117187 0.0610694885253906
-0.00614166259765625 0.0717239379882813 0.0168113708496094 0.0508079528808594
-0.0124893188476563 0.0796279907226563 0.0148811340332031 0.045684814453125
-0.043304443359375 0.0645713806152344 0.00112533569335938 0.0434494018554688
-0.0692329406738281 0.0206718444824219 0.00664138793945312 0.0283145904541016
-0.06298828125 -0.0261192321777344 0.012939453125 0.0264301300048828
-0.0129776000976563 -0.0748443603515625 0.018524169921875 0.06103515625
0.040771484375 -0.0772781372070312 0.00199890136718751 0.109848022460938
0.0635833740234375 -0.0463752746582031 -0.0823440551757812 0.139152526855469
0.0782928466796875 -0.109619140625 0.0419960021972656 -0.00611877441406251
0.0217666625976563 -0.137199401855469 0.0218925476074219 -0.0169601440429688
-0.0568466186523438 -0.112358093261719 -0.00161170959472657 -0.0214653015136719
-0.106315612792969 -0.0343170166015625 -0.0166864395141602 -0.00702762603759766
-0.095184326171875 0.03326416015625 -0.017207145690918 -0.00279235839843749
-0.0496368408203125 0.0912246704101563 -0.0123271942138672 0.0206203460693359
-0.00808715820312501 0.0988693237304687 -0.00215721130371094 0.0286178588867188
-0.0102310180664063 0.0882339477539063 0.00659370422363281 0.0206871032714844
-0.0152740478515625 0.0984725952148438 0.0102109909057617 0.0147285461425781
-0.0490341186523437 0.0839157104492188 0.00916481018066406 0.015350341796875
-0.0846176147460938 0.0359573364257813 0.022796630859375 0.00712013244628906
-0.0872421264648438 -0.0181503295898438 0.0329666137695312 0.0181617736816406
-0.0388259887695312 -0.09130859375 0.0370941162109375 0.0619277954101562
0.0232315063476563 -0.112785339355469 0.0130081176757813 0.102386474609375
0.0596847534179688 -0.0873870849609375 -0.0594940185546875 0.125999450683594
0.06689453125 -0.124969482421875 0.0651741027832031 -0.03350830078125
0.011474609375 -0.142822265625 0.0279254913330078 -0.0343914031982422
-0.0607757568359375 -0.115692138671875 0.00491905212402343 -0.0213603973388672
-0.109718322753906 -0.0389862060546875 0.00341033935546874 -0.0118474960327148
-0.100440979003906 0.0304336547851562 0.00343132019042968 -0.0224056243896484
-0.0565032958984375 0.0916671752929688 -0.00404930114746094 -0.0130252838134766
-0.0133743286132812 0.100318908691406 -0.00816822052001953 -0.00821685791015624
-0.0120391845703125 0.091339111328125 -0.00420951843261719 -0.0130319595336914
-0.0160369873046875 0.102485656738281 0.00322723388671875 -0.0193614959716797
-0.04840087890625 0.090667724609375 0.0144758224487305 -0.0167503356933594
-0.0880355834960937 0.0454177856445312 0.0348186492919922 -0.0181179046630859
-0.09881591796875 -0.00854492187499999 0.0487937927246094 0.00489425659179687
-0.0584945678710937 -0.0939254760742187 0.0503959655761719 0.0531196594238281
0.00308227539062501 -0.129768371582031 0.0185623168945313 0.0817413330078125
0.0476608276367188 -0.1126708984375 -0.0357131958007813 0.097198486328125
0.0422210693359375 -0.12371826171875 0.0848922729492188 -0.0629348754882813
-0.005584716796875 -0.126396179199219 0.0330009460449219 -0.0521965026855469
-0.0605545043945313 -0.0969390869140625 0.0104904174804687 -0.0210075378417969
-0.0962600708007813 -0.0313034057617187 0.0230312347412109 -0.0155582427978516
-0.0867919921875 0.0262451171875 0.0232925415039062 -0.0394783020019531
-0.0513839721679688 0.0788650512695313 0.0049285888671875 -0.0439682006835938
-0.0145187377929688 0.0867156982421875 -0.0119743347167969 -0.0428237915039062
-0.0130386352539063 0.0806121826171875 -0.01434326171875 -0.0444183349609375
-0.0156021118164062 0.09100341796875 -0.00448989868164063 -0.0507316589355469
-0.0424957275390625 0.0807571411132813 0.016326904296875 -0.0482711791992187
-0.0782852172851562 0.04229736328125 0.0418586730957031 -0.0418624877929688
-0.090728759765625 -0.00202941894531252 0.0586204528808594 -0.009521484375
-0.0617752075195312 -0.0825271606445313 0.0550270080566406 0.0379867553710937
-0.0119247436523438 -0.122566223144531 0.0174446105957031 0.0518798828125
0.0295562744140625 -0.115043640136719 -0.0146713256835937 0.059356689453125
0.00971984863281249 -0.105903625488281 0.0976181030273438 -0.0898056030273437
-0.0248336791992188 -0.0926055908203125 0.03485107421875 -0.0670814514160156
-0.0546722412109375 -0.0602531433105469 0.0125751495361328 -0.0216541290283203
-0.0679092407226563 -0.0139007568359375 0.0362396240234375 -0.0198516845703125
-0.0580177307128906 0.0213508605957031 0.0356254577636719 -0.0504837036132813
-0.0356826782226562 0.0550003051757813 0.0104713439941406 -0.06646728515625
-0.0128746032714844 0.0598678588867188 -0.0143814086914063 -0.0694122314453125
-0.0104255676269531 0.0565605163574219 -0.0217399597167969 -0.0684700012207031
-0.0144309997558594 0.0653800964355469 -0.0104598999023438 -0.0752487182617187
-0.0329551696777344 0.0547294616699219 0.0177841186523438 -0.0733718872070313
-0.0563583374023438 0.0274696350097656 0.046142578125 -0.058258056640625
-0.0630760192871094 -0.00120925903320312 0.0613670349121094 -0.019805908203125
-0.0455970764160156 -0.0575981140136719 0.0509490966796875 0.0236053466796875
-0.0180816650390625 -0.090606689453125 0.0119304656982422 0.0227241516113281
0.00905609130859376 -0.0948104858398438 0.00256538391113281 0.0219917297363281
-0.0235061645507813 -0.0748672485351562 0.101310729980469 -0.112037658691406
-0.0399284362792969 -0.0494003295898438 0.0330352783203125 -0.07928466796875
-0.0433349609375 -0.0165786743164063 0.0102634429931641 -0.0243949890136719
-0.0322589874267578 0.0059967041015625 0.0392036437988281 -0.0231819152832031
-0.0209770202636719 0.0151996612548828 0.0374374389648437 -0.0541839599609375
-0.0132827758789063 0.0246715545654297 0.0113143920898438 -0.0772018432617188
-0.00823783874511719 0.0247936248779297 -0.0164413452148437 -0.0838241577148438
-0.00692558288574219 0.0260581970214844 -0.0261611938476563 -0.082000732421875
-0.0120716094970703 0.0297107696533203 -0.0126266479492188 -0.0895233154296875
-0.0201530456542969 0.0185317993164063 0.0204849243164062 -0.08673095703125
-0.0261516571044922 0.00422477722167969 0.0476455688476562 -0.0631866455078125
-0.0230197906494141 -0.00357437133789063 0.0596771240234375 -0.0212326049804687
-0.0182781219482422 -0.0236873626708984 0.0410308837890625 0.0144233703613281
-0.017822265625 -0.0414161682128906 0.00497627258300781 0.00183773040771484
-0.0126075744628906 -0.0564498901367188 0.0135726928710938 -0.00676250457763672
-0.0514945983886719 -0.0351142883300781 0.0956039428710938 -0.12933349609375
-0.046173095703125 -0.00515365600585938 0.0265121459960937 -0.0906982421875
-0.0288295745849609 0.0228900909423828 0.00141525268554688 -0.0298175811767578
0.00312042236328125 0.0233478546142578 0.0297718048095703 -0.0271224975585938
0.0148706436157227 0.00759315490722656 0.0290260314941406 -0.0498199462890625
0.00896358489990234 -0.00696182250976563 0.0067596435546875 -0.0748138427734375
-0.00274944305419922 -0.0129117965698242 -0.0175628662109375 -0.083984375
-0.00250244140625 -0.00909042358398438 -0.0263519287109375 -0.0837249755859375
-0.00730514526367187 -0.0100927352905273 -0.010589599609375 -0.0912017822265625
-0.00320053100585937 -0.0194950103759766 0.0248870849609375 -0.0874099731445312
0.00905990600585938 -0.0185356140136719 0.0480194091796875 -0.0566978454589844
0.0187015533447266 -0.0028228759765625 0.0546531677246094 -0.0153656005859375
0.00835323333740234 0.0156221389770508 0.029693603515625 0.0115871429443359
-0.0188407897949219 0.0132465362548828 -0.000389575958251954 -0.00820398330688476
-0.0359611511230469 -0.0100593566894531 0.0174999237060547 -0.0229415893554688
0.0572280883789063 -0.0427093505859375 0.00148582458496094 0.0311031341552734
0.0153732299804688 -0.0761184692382813 0.010310173034668 0.00538539886474609
-0.0429801940917969 -0.0534324645996094 -0.02008056640625 -0.0193824768066406
-0.0599365234375 0.00128936767578125 -0.0506858825683594 0.0089263916015625
-0.0417404174804688 0.0324287414550781 -0.0452041625976563 0.0419158935546875
-0.00843048095703124 0.0528602600097656 -0.0161590576171875 0.0792312622070313
0.0102691650390625 0.0525741577148438 0.0166397094726563 0.0879592895507812
0.00331497192382812 0.0465660095214844 0.0285797119140625 0.0758743286132812
-0.00139236450195312 0.0516090393066406 0.0192947387695313 0.072113037109375
-0.0269851684570313 0.0419120788574219 -0.00535964965820312 0.0676231384277344
-0.0453720092773438 0.0112228393554688 -0.00956344604492188 0.0445480346679687
-0.0374641418457031 -0.0247077941894531 -0.00532341003417969 0.0297451019287109
0.00296783447265625 -0.0520744323730469 0.00344467163085937 0.0551223754882812
0.0462760925292969 -0.0405998229980469 -0.005157470703125 0.110382080078125
0.056671142578125 -0.00780868530273438 -0.09832763671875 0.148239135742188
0.0715103149414063 -0.0870208740234375 0.0161533355712891 0.0169687271118164
0.0155258178710938 -0.11761474609375 0.0132465362548828 -0.00188446044921876
-0.0575103759765625 -0.0885086059570313 -0.0116481781005859 -0.020355224609375
-0.0913467407226563 -0.014678955078125 -0.0366973876953125 0.000190734863281242
-0.0731430053710938 0.0391845703125 -0.0360336303710938 0.0212287902832031
-0.0281829833984375 0.080596923828125 -0.0169525146484375 0.0552139282226563
0.00504302978515625 0.0834884643554688 0.00750350952148438 0.0649909973144531
-0.000312805175781258 0.074493408203125 0.019622802734375 0.0537452697753906
-0.0055999755859375 0.082977294921875 0.0157508850097656 0.0480079650878906
-0.0395965576171875 0.0701942443847656 0.00176620483398437 0.0460891723632813
-0.0701904296875 0.0277519226074219 0.00669670104980468 0.0278186798095703
-0.0681953430175781 -0.0222358703613281 0.0142650604248047 0.0251903533935547
-0.0206146240234375 -0.0781097412109375 0.0231742858886719 0.0618820190429687
0.03594970703125 -0.0854644775390625 0.00792694091796876 0.112998962402344
0.0633735656738281 -0.0558967590332031 -0.079254150390625 0.1480712890625
0.0750808715820312 -0.119705200195313 0.0369911193847656 -0.00711441040039063
0.013153076171875 -0.143936157226563 0.0183887481689453 -0.0168628692626953
-0.0655441284179687 -0.112815856933594 -0.00421905517578125 -0.0207157135009766
-0.111412048339844 -0.029083251953125 -0.01904296875 -0.00614356994628907
-0.0959396362304688 0.0404586791992187 -0.0199050903320313 -0.00123786926269531
-0.0447616577148437 0.0967025756835938 -0.0139026641845703 0.0234088897705078
-0.00125122070312499 0.10284423828125 -0.00209617614746094 0.0321216583251953
-0.00379943847656251 0.0920639038085938 0.00725746154785156 0.0232868194580078
-0.00878906249999999 0.103546142578125 0.00885772705078125 0.016850471496582
-0.044952392578125 0.090606689453125 0.0075531005859375 0.0172300338745117
-0.0864944458007813 0.0440139770507813 0.0216445922851562 0.00555992126464844
-0.0932388305664063 -0.0134735107421875 0.0337657928466797 0.0154590606689453
-0.0475311279296875 -0.09423828125 0.0423660278320313 0.0604171752929687
0.0166778564453125 -0.121452331542969 0.0187149047851563 0.104362487792969
0.058441162109375 -0.0975265502929688 -0.05645751953125 0.132049560546875
0.0641403198242188 -0.1348876953125 0.0602035522460938 -0.0377960205078125
0.00404357910156251 -0.149642944335938 0.0236740112304688 -0.0359001159667969
-0.06976318359375 -0.118453979492188 0.00214958190917968 -0.0213642120361328
-0.116767883300781 -0.0350341796875 0.0013742446899414 -0.0120344161987305
-0.102828979492188 0.0376129150390625 -0.000123977661132817 -0.0224857330322266
-0.0538558959960937 0.098602294921875 -0.00713062286376953 -0.011530876159668
-0.00684356689453125 0.105690002441406 -0.0104751586914063 -0.00520896911621093
-0.00732421874999999 0.0959701538085938 -0.00643825531005859 -0.0106229782104492
-0.0101776123046875 0.108451843261719 0.000110626220703124 -0.0184593200683594
-0.0452041625976562 0.0981292724609375 0.0109310150146484 -0.0166711807250977
-0.09063720703125 0.053192138671875 0.0326633453369141 -0.0209217071533203
-0.104568481445313 -0.00400543212890623 0.0491714477539063 0.0002288818359375
-0.0665054321289062 -0.0970840454101563 0.05419921875 0.0502510070800781
-0.00405120849609376 -0.138198852539063 0.0230026245117187 0.0814590454101562
0.0459442138671875 -0.122756958007813 -0.032440185546875 0.100265502929687
0.0407638549804688 -0.132545471191406 0.0807647705078125 -0.0703887939453125
-0.0108871459960938 -0.132881164550781 0.0285186767578125 -0.055999755859375
-0.0679397583007812 -0.100433349609375 0.00715637207031249 -0.0219383239746094
-0.102882385253906 -0.0294723510742187 0.0211563110351562 -0.0173778533935547
-0.0903701782226563 0.0323028564453125 0.0195236206054687 -0.0411186218261719
-0.0502853393554688 0.0852737426757813 0.000350952148437498 -0.0445480346679687
-0.010986328125 0.0917739868164062 -0.0161552429199219 -0.0410537719726562
-0.0090789794921875 0.0847320556640625 -0.0181503295898438 -0.0426101684570312
-0.0116500854492187 0.09710693359375 -0.00947952270507812 -0.0506668090820312
-0.0404739379882812 0.0874481201171875 0.0114707946777344 -0.0492210388183594
-0.0815353393554687 0.049224853515625 0.0392303466796875 -0.0463485717773438
-0.0960235595703125 0.00109863281250002 0.0579490661621094 -0.01531982421875
-0.068328857421875 -0.085479736328125 0.0578994750976562 0.0345649719238281
-0.0178680419921875 -0.129592895507813 0.0197868347167969 0.0504150390625
0.028350830078125 -0.123664855957031 -0.0116844177246094 0.0594024658203125
0.00900268554687499 -0.110740661621094 0.0939788818359375 -0.100090026855469
-0.0273513793945313 -0.0970916748046875 0.030914306640625 -0.0727767944335938
-0.0590934753417969 -0.0633277893066406 0.0102958679199219 -0.0231304168701172
-0.072540283203125 -0.0141372680664063 0.0344314575195312 -0.0225887298583984
-0.0614509582519531 0.0244865417480469 0.0317649841308594 -0.0539016723632813
-0.0362167358398438 0.0602607727050781 0.00522232055664063 -0.0684127807617188
-0.0112533569335938 0.064697265625 -0.0194740295410156 -0.0692825317382813
-0.00916290283203125 0.0612297058105469 -0.0272750854492188 -0.067901611328125
-0.0128021240234375 0.0706634521484375 -0.016632080078125 -0.0763702392578125
-0.0334701538085937 0.0600051879882813 0.0124740600585938 -0.0760116577148438
-0.0601844787597656 0.0311088562011719 0.042022705078125 -0.0635566711425781
-0.0677490234375 -0.00025177001953124 0.0612030029296875 -0.0249137878417969
-0.0493354797363281 -0.0606727600097656 0.0525131225585938 0.0201797485351562
-0.0207672119140625 -0.0954055786132813 0.0124588012695312 0.0201435089111328
0.00925445556640625 -0.100166320800781 0.00538063049316406 0.0191135406494141
-0.0238037109375 -0.075775146484375 0.0981979370117188 -0.124427795410156
-0.0399398803710937 -0.0509796142578125 0.0288162231445312 -0.085845947265625
-0.04376220703125 -0.0183906555175781 0.00818061828613281 -0.0258979797363281
-0.0333900451660156 0.00482177734375 0.0375137329101563 -0.0264663696289062
-0.0232276916503906 0.0154132843017578 0.0346641540527344 -0.0576896667480469
-0.0159111022949219 0.0272541046142578 0.00638580322265625 -0.079681396484375
-0.00968360900878906 0.0284481048583984 -0.0220870971679688 -0.08465576171875
-0.00832748413085938 0.0287704467773438 -0.0314559936523438 -0.0826797485351563
-0.0130558013916016 0.0337257385253906 -0.0194473266601562 -0.0912399291992188
-0.0227851867675781 0.0222568511962891 0.01495361328125 -0.0911331176757813
-0.0306663513183594 0.00477409362792968 0.0448532104492188 -0.0681419372558594
-0.0263805389404297 -0.00550651550292969 0.0593528747558594 -0.0260353088378906
-0.0189552307128906 -0.0271530151367188 0.042144775390625 0.0118446350097656
-0.0173606872558594 -0.0441093444824219 0.0051121711730957 -0.000358581542968753
-0.0113067626953125 -0.0580787658691406 0.0170116424560547 -0.0115413665771484
-0.0516891479492188 -0.0312881469726563 0.0933074951171875 -0.141525268554688
-0.0442581176757813 -0.00274658203125 0.0223922729492187 -0.0970077514648437
-0.0252342224121094 0.0229511260986328 -0.000848770141601565 -0.0311698913574219
0.00448036193847656 0.0207462310791016 0.0287742614746094 -0.0294952392578125
0.0136613845825195 0.00547885894775391 0.0277099609375 -0.0530891418457031
0.00579452514648438 -0.00735139846801758 0.0030975341796875 -0.0774154663085937
-0.00644969940185547 -0.0115118026733398 -0.0226898193359375 -0.0866622924804688
-0.00554132461547852 -0.00803470611572266 -0.0312728881835938 -0.0851821899414063
-0.0107536315917969 -0.00787067413330078 -0.0166549682617188 -0.0940933227539063
-0.00781631469726563 -0.0183277130126953 0.0196380615234375 -0.0925521850585938
0.00468063354492187 -0.02044677734375 0.0463333129882813 -0.0616455078125
0.0171318054199219 -0.00673580169677734 0.0552291870117188 -0.0196571350097656
0.0107040405273438 0.0121555328369141 0.0304737091064453 0.00963020324707031
-0.014801025390625 0.0132980346679687 7.91549682617174E-05 -0.0106592178344727
-0.0331745147705078 -0.00774955749511718 0.0214214324951172 -0.0281562805175781
0.0521354675292969 -0.0457267761230469 -0.0018768310546875 0.0349483489990234
0.00858306884765625 -0.0748825073242188 0.00901603698730469 0.00753688812255859
-0.0453643798828125 -0.048492431640625 -0.0208892822265625 -0.0173301696777344
-0.0573463439941406 0.00568771362304688 -0.0501136779785156 0.0110206604003906
-0.0380706787109375 0.0348243713378906 -0.0437431335449219 0.0450172424316406
-0.00377273559570313 0.0519676208496094 -0.0125579833984375 0.08099365234375
0.0151176452636719 0.0505027770996094 0.0211715698242188 0.0881805419921875
0.00790786743164062 0.044708251953125 0.0317230224609375 0.075408935546875
0.00394058227539063 0.0505256652832031 0.0222244262695312 0.0723953247070313
-0.0224037170410156 0.0440788269042969 -0.00277709960937501 0.0692329406738281
-0.0434188842773437 0.0152931213378906 -0.00828552246093751 0.0445938110351563
-0.0394706726074219 -0.020538330078125 -0.00431251525878907 0.0293846130371094
-0.00246429443359376 -0.0516242980957031 0.00787353515625 0.0556297302246094
0.0413093566894531 -0.044097900390625 0.000190734863281265 0.111572265625
0.0542068481445313 -0.0141029357910156 -0.093536376953125 0.15484619140625
0.0654754638671875 -0.0918121337890625 0.0115852355957031 0.0192394256591797
0.0076446533203125 -0.117233276367187 0.0117406845092773 -0.00011634826660157
-0.0623626708984375 -0.0848007202148438 -0.0125350952148437 -0.0187625885009766
-0.0908355712890625 -0.00901031494140625 -0.0374374389648438 0.00220489501953124
-0.0698738098144531 0.0437850952148438 -0.0356903076171875 0.0238265991210937
-0.0225830078125 0.081207275390625 -0.0153045654296875 0.0575103759765625
0.011505126953125 0.0826416015625 0.0106201171875 0.0666885375976563
0.0052642822265625 0.0742568969726563 0.0213203430175781 0.0545806884765625
0.000640869140625001 0.0828018188476563 0.01715087890625 0.0494880676269531
-0.03399658203125 0.0735549926757813 0.00302886962890625 0.0478935241699219
-0.0683746337890625 0.0335350036621094 0.006591796875 0.0274391174316406
-0.0710678100585938 -0.0177764892578125 0.014678955078125 0.0231723785400391
-0.0271224975585937 -0.0776901245117188 0.0271224975585937 0.0598716735839844
0.0294342041015625 -0.090087890625 0.0128173828125 0.112800598144531
0.0603485107421875 -0.06292724609375 -0.0738525390625 0.152969360351563
0.0692596435546875 -0.125938415527344 0.0313835144042969 -0.00682067871093751
0.00456237792968751 -0.144775390625 0.0155916213989258 -0.0150232315063477
-0.0718841552734375 -0.110488891601563 -0.00611686706542969 -0.0194034576416016
-0.113090515136719 -0.0229415893554688 -0.0204601287841797 -0.00471878051757813
-0.09344482421875 0.0461044311523437 -0.0214710235595703 0.000940322875976564
-0.039306640625 0.0993499755859375 -0.014678955078125 0.0254898071289063
0.00550079345703124 0.102882385253906 -0.00131988525390625 0.0345897674560547
0.00184631347656249 0.0928268432617188 0.00766563415527344 0.0256710052490234
-0.00199127197265625 0.104782104492188 0.00813865661621094 0.0179100036621094
-0.0395278930664063 0.0946502685546875 0.00692939758300781 0.0188770294189453
-0.0853271484375 0.0503692626953125 0.0198554992675781 0.00376319885253907
-0.0960464477539062 -0.00879669189453126 0.0332050323486328 0.0123405456542969
-0.0544281005859375 -0.09423828125 0.0451545715332031 0.0571556091308594
0.00882720947265624 -0.12615966796875 0.022918701171875 0.102867126464844
0.0544281005859375 -0.104530334472656 -0.0512466430664063 0.134628295898438
0.059417724609375 -0.14178466796875 0.0533485412597656 -0.0398788452148438
-0.00315856933593749 -0.151535034179688 0.0200080871582031 -0.0356903076171875
-0.0767974853515625 -0.116943359375 -0.000280380249023441 -0.020416259765625
-0.119781494140625 -0.02947998046875 -0.000832557678222663 -0.0115442276000977
-0.101951599121094 0.0434188842773437 -0.00338172912597657 -0.0220909118652344
-0.0490570068359375 0.102310180664063 -0.00983238220214844 -0.00976753234863281
-0.000930786132812506 0.1070556640625 -0.0111322402954102 -0.0021829605102539
-0.00222015380859376 0.0975494384765625 -0.00742006301879883 -0.00766658782958984
-0.00395965576171875 0.110794067382813 -0.00300025939941406 -0.016667366027832
-0.0403671264648437 0.102073669433594 0.00832653045654297 -0.0152912139892578
-0.08966064453125 0.059173583984375 0.0294914245605469 -0.023040771484375
-0.107650756835938 0.00031280517578126 0.0474662780761719 -0.00346755981445313
-0.0733413696289062 -0.0965042114257813 0.0566024780273437 0.0458412170410156
-0.0115966796875 -0.1422119140625 0.02581787109375 0.079132080078125
0.0420684814453125 -0.128921508789063 -0.0283737182617188 0.100563049316406
0.0371856689453125 -0.136856079101563 0.073944091796875 -0.0751876831054688
-0.016082763671875 -0.134803771972656 0.0232353210449219 -0.0568313598632813
-0.0737457275390625 -0.100234985351563 0.00464820861816406 -0.021728515625
-0.106544494628906 -0.0257644653320312 0.0183830261230469 -0.0176849365234375
-0.0906982421875 0.0371780395507813 0.0153007507324219 -0.0419120788574219
-0.0475845336914063 0.0899124145507813 -0.0041961669921875 -0.0428848266601562
-0.00625610351562499 0.0948333740234375 -0.0192413330078125 -0.0385169982910156
-0.00531005859375 0.0875701904296875 -0.0215187072753906 -0.0394554138183594
-0.00694274902343751 0.09991455078125 -0.014007568359375 -0.0489273071289063
-0.0375518798828125 0.0917205810546875 0.00730514526367187 -0.0490570068359375
-0.0816802978515625 0.05413818359375 0.0346832275390625 -0.0485687255859375
-0.0985946655273437 0.00484466552734373 0.0554542541503906 -0.0194740295410156
-0.073760986328125 -0.0855484008789062 0.0582656860351563 0.0302047729492187
-0.0235748291015625 -0.132652282714844 0.0209236145019531 0.047698974609375
0.0257720947265625 -0.1279296875 -0.00865936279296874 0.05718994140625
0.007965087890625 -0.112960815429688 0.08770751953125 -0.106475830078125
-0.0298995971679687 -0.0984420776367188 0.025543212890625 -0.0748825073242187
-0.0623703002929688 -0.064361572265625 0.00763893127441406 -0.0238418579101563
-0.0761337280273438 -0.01300048828125 0.0313587188720703 -0.0241794586181641
-0.0626373291015625 0.0280609130859375 0.0273208618164062 -0.0554084777832031
-0.0358848571777344 0.0639457702636719 0.000507354736328119 -0.0677680969238281
-0.00913238525390625 0.0676460266113281 -0.0240707397460938 -0.0669975280761719
-0.00713348388671875 0.0638618469238281 -0.0310707092285156 -0.0650749206542969
-0.00983428955078125 0.0737152099609375 -0.0224533081054687 -0.0750808715820313
-0.0325164794921875 0.0637168884277344 0.0062713623046875 -0.0757675170898438
-0.0617790222167969 0.0347366333007813 0.0374794006347656 -0.0661659240722656
-0.0701141357421875 0.00134277343750001 0.0579376220703125 -0.0285263061523438
-0.0527572631835937 -0.0623855590820313 0.0520286560058594 0.0164833068847656
-0.0233917236328125 -0.0979461669921875 0.0126724243164062 0.01824951171875
0.00797271728515626 -0.102729797363281 0.00787353515625 0.0153913497924805
-0.0232772827148437 -0.0748977661132813 0.0922775268554688 -0.131744384765625
-0.0390129089355469 -0.0504722595214844 0.0236740112304688 -0.089447021484375
-0.0436592102050781 -0.0195579528808594 0.00575065612792969 -0.0262031555175781
-0.0354118347167969 0.00342559814453125 0.0345954895019531 -0.0285854339599609
-0.0250797271728516 0.0160083770751953 0.0306434631347656 -0.0594520568847656
-0.0172328948974609 0.0294551849365234 0.00177001953124999 -0.0796737670898438
-0.00978279113769531 0.0307655334472656 -0.0267410278320312 -0.0835418701171875
-0.00809288024902344 0.0311126708984375 -0.0360336303710938 -0.0808334350585938
-0.0124855041503906 0.0366783142089844 -0.02520751953125 -0.090301513671875
-0.0241146087646484 0.0256462097167969 0.00882720947265626 -0.091400146484375
-0.0336418151855469 0.00655174255371094 0.0407180786132813 -0.0708847045898438
-0.0293617248535156 -0.00644683837890625 0.0573005676269531 -0.0297737121582031
-0.0199127197265625 -0.03009033203125 0.0412139892578125 0.00891876220703125
-0.0165176391601563 -0.0465278625488281 0.00475072860717773 -0.00292587280273438
-0.0102806091308594 -0.0589714050292969 0.0190448760986328 -0.0162525177001953
-0.0498237609863281 -0.0271072387695312 0.0872650146484375 -0.14862060546875
-0.0410423278808594 -0.00103378295898437 0.0172805786132812 -0.100517272949219
-0.0224781036376953 0.0223312377929688 -0.00318717956542969 -0.0313167572021484
0.00542640686035156 0.0177040100097656 0.0266056060791016 -0.0305042266845703
0.011937141418457 0.00310325622558594 0.0245361328125 -0.0543098449707031
0.00277853012084961 -0.00634145736694336 -6.8664550781251E-05 -0.078216552734375
-0.00885581970214844 -0.00936603546142578 -0.0267333984375 -0.0856094360351563
-0.00768327713012695 -0.00612020492553711 -0.0361709594726563 -0.0839309692382813
-0.0130691528320313 -0.00520420074462891 -0.0223312377929688 -0.0938644409179688
-0.0114259719848633 -0.0160417556762695 0.0143356323242187 -0.094268798828125
0.000133514404296877 -0.0202274322509766 0.042694091796875 -0.06512451171875
0.0148448944091797 -0.009521484375 0.05389404296875 -0.0227699279785156
0.011988639831543 0.00838565826416016 0.0300445556640625 0.00704002380371094
-0.0112066268920898 0.0121669769287109 4.95910644531237E-05 -0.0128965377807617
-0.0298385620117188 -0.00633811950683594 0.0238552093505859 -0.0328884124755859
0.048431396484375 -0.0466194152832031 -0.00516891479492187 0.0383720397949219
0.0040283203125 -0.0722579956054687 0.00762271881103516 0.0101633071899414
-0.0456275939941406 -0.0442314147949219 -0.0206336975097656 -0.0155067443847656
-0.0550346374511719 0.00857162475585938 -0.0490493774414063 0.012176513671875
-0.0345306396484375 0.03570556640625 -0.0420951843261719 0.0460662841796875
-0.000564575195312497 0.0499916076660156 -0.0105514526367187 0.0808334350585938
0.0178718566894531 0.0477447509765625 0.0232772827148438 0.0876312255859375
0.0104179382324219 0.0428810119628906 0.0334701538085937 0.0748367309570313
0.00712203979492187 0.0488471984863281 0.0232696533203125 0.0726776123046875
-0.019012451171875 0.0443229675292969 -0.00125885009765626 0.0699920654296875
-0.0409011840820313 0.0179214477539063 -0.007904052734375 0.0445709228515625
-0.0402069091796875 -0.0175857543945313 -0.00399971008300782 0.0289955139160156
-0.00604629516601562 -0.0499382019042969 0.00984191894531251 0.0547065734863281
0.0369529724121094 -0.0455818176269531 0.00234985351562501 0.111358642578125
0.0513343811035156 -0.0174522399902344 -0.0897674560546875 0.156631469726563
0.061004638671875 -0.0928955078125 0.00693321228027344 0.0220680236816406
0.00257110595703125 -0.114761352539063 0.00957775115966797 0.00238323211669921
-0.063629150390625 -0.08074951171875 -0.0128583908081055 -0.016963005065918
-0.0885772705078125 -0.00614929199218752 -0.0374755859375 0.0031280517578125
-0.0667304992675781 0.0456199645996094 -0.0352020263671875 0.0252914428710937
-0.0186767578125 0.0799102783203125 -0.0145263671875 0.0582313537597656
0.0147171020507812 0.0802383422851563 0.0121879577636719 0.0672683715820313
0.00838470458984376 0.072906494140625 0.0226860046386719 0.0547866821289063
0.0045623779296875 0.0817031860351563 0.0174980163574219 0.0498695373535156
-0.0301437377929687 0.0743637084960938 0.00312805175781249 0.0492782592773438
-0.0668792724609375 0.0366287231445313 0.00561523437499999 0.0268745422363281
-0.0720672607421875 -0.0147781372070312 0.0137405395507812 0.0218029022216797
-0.0311965942382813 -0.0770492553710938 0.0288124084472656 0.0579757690429688
0.024627685546875 -0.092041015625 0.014984130859375 0.111328125
0.0569267272949219 -0.066650390625 -0.07159423828125 0.15380859375
0.0656509399414063 -0.128013610839844 0.0265426635742188 -0.00502777099609376
-0.000228881835937511 -0.14349365234375 0.0130853652954102 -0.0131254196166992
-0.0746383666992187 -0.107818603515625 -0.00713920593261719 -0.0175895690917969
-0.1123046875 -0.0201492309570313 -0.0208911895751953 -0.00440788269042969
-0.0904769897460937 0.0486526489257813 -0.0227432250976563 0.0025787353515625
-0.0356369018554687 0.0988616943359375 -0.01495361328125 0.0274696350097656
0.00912475585937501 0.101531982421875 -0.000572204589843749 0.0366935729980469
0.00544738769531251 0.0923690795898438 0.00761604309082031 0.0272159576416016
0.00259399414062499 0.104179382324219 0.00749015808105469 0.0195999145507813
-0.0355148315429688 0.09600830078125 0.00620651245117187 0.0203361511230469
-0.0837554931640625 0.0536575317382813 0.0180339813232422 0.00334548950195313
-0.0969390869140625 -0.0057220458984375 0.03173828125 0.0104217529296875
-0.0586395263671875 -0.0934829711914063 0.0460662841796875 0.0543861389160156
0.00446319580078125 -0.128150939941406 0.0241546630859375 0.100357055664062
0.0522918701171875 -0.108589172363281 -0.048614501953125 0.134040832519531
0.0566253662109375 -0.143218994140625 0.047821044921875 -0.0394248962402344
-0.00784301757812499 -0.151840209960938 0.0163955688476562 -0.0343780517578125
-0.0800247192382812 -0.1156005859375 -0.00142097473144532 -0.0191078186035156
-0.120292663574219 -0.0273590087890625 -0.00256443023681641 -0.0107746124267578
-0.100143432617188 0.0466461181640625 -0.00559043884277344 -0.0204257965087891
-0.04608154296875 0.102859497070313 -0.0116901397705078 -0.00718975067138671
0.00251770019531249 0.106765747070312 -0.0118961334228516 0.000364303588867196
0.00112152099609375 0.0976638793945312 -0.00785017013549805 -0.00511169433593749
-0.000480651855468759 0.110809326171875 -0.00475215911865234 -0.0139322280883789
-0.0372695922851563 0.103721618652344 0.00615596771240234 -0.0136003494262695
-0.0892486572265625 0.0620956420898438 0.0266208648681641 -0.0237102508544922
-0.108840942382812 0.00318908691406252 0.0450630187988281 -0.00513458251953125
-0.0768661499023438 -0.09686279296875 0.0563278198242187 0.0426216125488281
-0.01507568359375 -0.144210815429687 0.0260086059570313 0.07635498046875
0.0397796630859375 -0.131935119628906 -0.0265274047851562 0.0984954833984375
0.0362930297851563 -0.138236999511719 0.0681381225585938 -0.075897216796875
-0.0185623168945313 -0.135734558105469 0.0202789306640625 -0.05645751953125
-0.0766525268554688 -0.100326538085938 0.00333213806152343 -0.0206584930419922
-0.108848571777344 -0.0244903564453125 0.0159568786621094 -0.0177822113037109
-0.0904541015625 0.0399169921875 0.0118179321289062 -0.0408706665039062
-0.04620361328125 0.0909347534179688 -0.00687789916992188 -0.0408706665039063
-0.00394439697265626 0.0951995849609375 -0.0203094482421875 -0.0357284545898437
-0.00304412841796876 0.0882492065429687 -0.0223197937011719 -0.0365943908691406
-0.00414276123046874 0.100601196289063 -0.0169258117675781 -0.0458869934082031
-0.0361251831054688 0.0935745239257813 0.00428009033203124 -0.0474281311035156
-0.0818099975585938 0.0569229125976563 0.0309371948242188 -0.0492324829101562
-0.099761962890625 0.006805419921875 0.0523643493652344 -0.0211601257324219
-0.07574462890625 -0.0865554809570313 0.0571403503417969 0.0276603698730469
-0.0260009765625 -0.134048461914063 0.0204963684082031 0.045501708984375
0.02459716796875 -0.130424499511719 -0.0072784423828125 0.0542106628417969
0.00823211669921874 -0.11370849609375 0.0825271606445313 -0.108551025390625
-0.0297927856445313 -0.0992889404296875 0.0217361450195312 -0.0755767822265625
-0.0634880065917969 -0.0658149719238281 0.00601005554199218 -0.0235328674316406
-0.0776748657226563 -0.013458251953125 0.0291252136230469 -0.0245933532714844
-0.0636444091796875 0.0290565490722656 0.0241470336914062 -0.0548820495605469
-0.0356483459472656 0.0655632019042969 -0.0025177001953125 -0.0656661987304688
-0.00775909423828125 0.0691413879394531 -0.0259208679199219 -0.0642623901367188
-0.00611495971679687 0.0653457641601563 -0.0326156616210938 -0.0621109008789062
-0.0087127685546875 0.0755615234375 -0.0253219604492188 -0.0720367431640625
-0.0320167541503906 0.0660438537597656 0.00326538085937499 -0.0741043090820313
-0.063201904296875 0.0366287231445313 0.0341567993164062 -0.0660438537597656
-0.0719680786132813 0.00167083740234375 0.0553359985351562 -0.0303421020507813
-0.0546684265136719 -0.0638618469238281 0.0503387451171875 0.0136833190917969
-0.0241851806640625 -0.0993576049804688 0.0114955902099609 0.0156173706054687
0.00890350341796874 -0.104019165039063 0.00885868072509766 0.0114021301269531
-0.0209197998046875 -0.074066162109375 0.0877532958984375 -0.134429931640625
-0.0369682312011719 -0.0513496398925781 0.0206222534179687 -0.0905303955078125
-0.0431442260742188 -0.0216636657714844 0.00420188903808594 -0.0264739990234375
-0.0366287231445313 0.00145339965820312 0.0324516296386719 -0.0288963317871094
-0.0265254974365234 0.0162315368652344 0.027862548828125 -0.0591468811035156
-0.0187397003173828 0.0311222076416016 -0.000564575195312496 -0.0782928466796875
-0.0100879669189453 0.0333061218261719 -0.0284500122070312 -0.0813064575195312
-0.00858116149902344 0.0329551696777344 -0.0379867553710938 -0.0779953002929688
-0.0124473571777344 0.0392265319824219 -0.0282440185546875 -0.0883407592773438
-0.0257987976074219 0.0280532836914063 0.00548553466796874 -0.0898513793945313
-0.03582763671875 0.00780868530273438 0.0366973876953125 -0.0718002319335938
-0.0318107604980469 -0.00736045837402344 0.0546875 -0.03094482421875
-0.0203094482421875 -0.0329399108886719 0.040069580078125 0.00754928588867187
-0.0154800415039063 -0.0477981567382813 0.00376033782958984 -0.00487470626831055
-0.00769805908203125 -0.0594863891601562 0.0201854705810547 -0.0201225280761719
-0.0466384887695313 -0.0252113342285156 0.08392333984375 -0.1512451171875
-0.037872314453125 -0.00111007690429688 0.0149612426757812 -0.101295471191406
-0.0204277038574219 0.020477294921875 -0.0044403076171875 -0.0311679840087891
0.00469779968261719 0.0154409408569336 0.0248432159423828 -0.0306510925292969
0.0100994110107422 0.00138568878173828 0.0232200622558594 -0.05426025390625
-0.000136852264404297 -0.00605964660644531 -0.0014495849609375 -0.0770187377929688
-0.0105857849121094 -0.00675487518310547 -0.0285186767578125 -0.0850753784179687
-0.00921344757080078 -0.00433063507080078 -0.0373992919921875 -0.0827865600585938
-0.0142488479614258 -0.00279903411865235 -0.024932861328125 -0.0924911499023438
-0.0146102905273438 -0.0132160186767578 0.0105743408203125 -0.0937576293945313
-0.00310707092285156 -0.0196914672851563 0.0397758483886719 -0.06591796875
0.0121345520019531 -0.0111074447631836 0.0524101257324219 -0.0246315002441406
0.0124092102050781 0.00528430938720703 0.0291271209716797 0.00664138793945313
-0.00831222534179688 0.00964260101318359 -0.000370979309082031 -0.0149660110473633
-0.0260486602783203 -0.0063629150390625 0.0259284973144531 -0.0373077392578125
0.0458869934082031 -0.0465011596679687 -0.00854110717773437 0.0424003601074219
0.00177383422851562 -0.0700416564941406 0.00633716583251953 0.0124063491821289
-0.0454597473144531 -0.0425605773925781 -0.0202274322509766 -0.0147380828857422
-0.052581787109375 0.00970458984375 -0.0490608215332031 0.0127830505371094
-0.0324478149414063 0.0355606079101563 -0.0419731140136719 0.0461692810058594
0.000556945800781248 0.0482025146484375 -0.00997161865234376 0.0820541381835938
0.0191993713378906 0.0461997985839844 0.0236358642578125 0.0885162353515625
0.0117225646972656 0.0418434143066406 0.0335922241210938 0.0753250122070312
0.00903701782226562 0.0475578308105469 0.0235977172851563 0.0732879638671875
-0.0159835815429687 0.0442237854003906 -0.0012359619140625 0.0708084106445313
-0.0395584106445313 0.0197296142578125 -0.00806808471679688 0.0448875427246094
-0.0404548645019531 -0.0157432556152344 -0.00482559204101563 0.0286369323730469
-0.00791549682617188 -0.0486259460449219 0.0108680725097656 0.0543746948242187
0.0338325500488281 -0.0465278625488281 0.00273132324218751 0.112373352050781
0.049407958984375 -0.0201263427734375 -0.091033935546875 0.158355712890625
0.0597457885742188 -0.0943145751953125 0.00289154052734375 0.0253524780273437
0.000396728515624988 -0.113883972167969 0.00853300094604492 0.00415229797363281
-0.0646438598632813 -0.0795440673828125 -0.0133495330810547 -0.0160026550292969
-0.0874557495117188 -0.00548553466796875 -0.0379714965820313 0.00368499755859375
-0.0651931762695313 0.0459480285644531 -0.0360374450683594 0.0261764526367187
-0.0177078247070312 0.0794143676757813 -0.0148696899414063 0.0594367980957031
0.0168228149414063 0.0792160034179687 0.0121307373046875 0.0684013366699219
0.00981903076171876 0.0722274780273438 0.0226669311523438 0.0562667846679688
0.00678253173828125 0.0814895629882813 0.0167655944824219 0.0514717102050781
-0.0279388427734375 0.0753631591796875 0.0031585693359375 0.0504684448242188
-0.0661430358886719 0.038787841796875 0.00464820861816406 0.027099609375
-0.0733184814453125 -0.0131912231445312 0.0132217407226562 0.0217037200927734
-0.033538818359375 -0.0774307250976562 0.0295791625976562 0.056976318359375
0.0217361450195313 -0.0945205688476563 0.014434814453125 0.11163330078125
0.0561485290527344 -0.0700759887695312 -0.072509765625 0.155044555664063
0.0650482177734375 -0.129638671875 0.0222511291503906 -0.00259399414062501
-0.00204467773437499 -0.143447875976563 0.0112848281860352 -0.0116729736328125
-0.0763397216796875 -0.107292175292969 -0.00708007812500001 -0.0165996551513672
-0.112930297851562 -0.019927978515625 -0.021942138671875 -0.00365447998046875
-0.0900192260742187 0.0492401123046875 -0.024078369140625 0.00362205505371094
-0.0346603393554687 0.0992507934570312 -0.0157585144042969 0.0293388366699219
0.010833740234375 0.101211547851563 -0.000324249267578124 0.0390205383300781
0.00649261474609374 0.0924148559570313 0.00741004943847656 0.0286884307861328
0.0042877197265625 0.104270935058594 0.00625228881835938 0.0216999053955078
-0.0345840454101562 0.0976715087890625 0.00558280944824219 0.0216922760009766
-0.0835952758789062 0.0555953979492188 0.0165815353393555 0.0034332275390625
-0.0989608764648438 -0.00524139404296876 0.0302829742431641 0.00936126708984375
-0.0607070922851563 -0.094818115234375 0.0459823608398437 0.0527420043945312
0.0020751953125 -0.131034851074219 0.0238494873046875 0.0997695922851563
0.0521163940429688 -0.111869812011719 -0.0497589111328125 0.134017944335938
0.0574951171875 -0.145736694335938 0.0444221496582031 -0.0386543273925781
-0.00822448730468749 -0.15301513671875 0.0145645141601563 -0.0331134796142578
-0.0821762084960938 -0.116615295410156 -0.00217437744140625 -0.0178985595703125
-0.122367858886719 -0.02716064453125 -0.00371551513671876 -0.0105485916137695
-0.100456237792969 0.0476150512695312 -0.00716209411621094 -0.0197277069091797
-0.0454940795898438 0.104209899902344 -0.0127286911010742 -0.00549030303955078
0.00359344482421875 0.107955932617188 -0.0119466781616211 0.00262451171875
0.00197601318359376 0.0988311767578125 -0.00793838500976563 -0.00322437286376953
0.000885009765625002 0.111885070800781 -0.00653553009033203 -0.0120210647583008
-0.0365753173828125 0.105422973632813 0.00545310974121093 -0.0119171142578125
-0.0903549194335938 0.064208984375 0.0247039794921875 -0.0237617492675781
-0.110580444335938 0.00394439697265623 0.043243408203125 -0.00643539428710938
-0.0789794921875 -0.0991668701171875 0.055511474609375 0.0413093566894531
-0.017120361328125 -0.14691162109375 0.0250396728515625 0.07513427734375
0.0410842895507812 -0.134819030761719 -0.0275344848632812 0.0975265502929687
0.0381927490234375 -0.14117431640625 0.0653839111328125 -0.0759811401367188
-0.0182952880859375 -0.138252258300781 0.0179977416992188 -0.0563240051269531
-0.0787200927734375 -0.103218078613281 0.00251388549804687 -0.0202770233154297
-0.111503601074219 -0.0248870849609375 0.0147266387939453 -0.0174894332885742
-0.0916061401367188 0.04058837890625 0.0102386474609375 -0.0400161743164063
-0.0465011596679687 0.0928878784179688 -0.00785446166992188 -0.0391006469726562
-0.00301361083984376 0.0967254638671875 -0.0207271575927734 -0.033395767211914
-0.002471923828125 0.08978271484375 -0.0225448608398438 -0.0344676971435547
-0.00376892089843751 0.102554321289062 -0.0187034606933594 -0.0444602966308594
-0.0358810424804688 0.095611572265625 0.00242233276367187 -0.0458564758300781
-0.0836944580078125 0.0590057373046875 0.0288887023925781 -0.0491485595703125
-0.10205078125 0.00595092773437499 0.0502853393554687 -0.0220184326171875
-0.0776596069335937 -0.089202880859375 0.0560340881347656 0.026031494140625
-0.0264358520507813 -0.137542724609375 0.0194931030273438 0.044219970703125
0.0264816284179688 -0.132888793945313 -0.00784683227539063 0.0522956848144531
0.011322021484375 -0.115478515625 0.080322265625 -0.110069274902344
-0.0283889770507813 -0.101722717285156 0.0203475952148437 -0.0767059326171875
-0.0649871826171875 -0.0690689086914063 0.00509262084960937 -0.0232658386230469
-0.0806655883789062 -0.0145492553710937 0.0276718139648437 -0.0240669250488281
-0.0657615661621094 0.0294952392578125 0.0225639343261719 -0.0542373657226562
-0.0365829467773438 0.0673027038574219 -0.003875732421875 -0.064727783203125
-0.00820922851562501 0.0712661743164063 -0.0262413024902344 -0.0635337829589844
-0.00649261474609375 0.0673065185546875 -0.0337295532226563 -0.0607986450195312
-0.00890350341796876 0.0776824951171875 -0.0268478393554688 -0.0706863403320313
-0.0328826904296875 0.0690422058105469 0.00143432617187499 -0.0731658935546875
-0.0655746459960938 0.0382270812988281 0.0324287414550781 -0.0668296813964844
-0.0744781494140625 0.000900268554687489 0.0534439086914062 -0.0310478210449219
-0.0553321838378906 -0.0667228698730469 0.0491485595703125 0.0134315490722656
-0.024322509765625 -0.102836608886719 0.0102653503417969 0.014286994934082
0.0119781494140625 -0.106109619140625 0.00934600830078125 0.00865077972412109
-0.017730712890625 -0.0747833251953125 0.087310791015625 -0.136878967285156
-0.0350303649902344 -0.0532035827636719 0.0194854736328125 -0.0919876098632813
-0.0434112548828125 -0.0246505737304687 0.00296592712402344 -0.0268402099609375
-0.0383758544921875 -0.000469207763671877 0.0314655303955078 -0.029022216796875
-0.0287284851074219 0.0153846740722656 0.0265655517578125 -0.0586471557617187
-0.0202655792236328 0.0326728820800781 -0.0012969970703125 -0.0778121948242188
-0.0106124877929687 0.035369873046875 -0.0287628173828125 -0.0812225341796875
-0.00931930541992187 0.0346240997314453 -0.0387420654296875 -0.07733154296875
-0.013458251953125 0.0412635803222656 -0.0299911499023437 -0.08721923828125
-0.0268230438232422 0.0302505493164063 0.00360107421875 -0.0896453857421875
-0.0391921997070313 0.00916290283203126 0.0357513427734375 -0.0720596313476563
-0.0340290069580078 -0.00810432434082031 0.0537223815917969 -0.0315017700195313
-0.0206832885742188 -0.0356330871582031 0.0388984680175781 0.00717544555664062
-0.0139884948730469 -0.0512466430664063 0.00348186492919922 -0.00674486160278321
-0.0041961669921875 -0.06085205078125 0.0219154357910156 -0.023651123046875
-0.0438461303710937 -0.0243949890136719 0.08477783203125 -0.153610229492188
-0.0353927612304688 -0.00230026245117188 0.01434326171875 -0.103485107421875
-0.0189361572265625 0.0181808471679688 -0.00501823425292969 -0.0313129425048828
0.00383186340332031 0.0130996704101562 0.0240745544433594 -0.0302295684814453
0.0083765983581543 0.000506877899169922 0.0223312377929688 -0.0542640686035156
-0.00222873687744141 -0.00467491149902344 -0.00182342529296874 -0.0773544311523438
-0.0117273330688477 -0.00519847869873047 -0.0286178588867187 -0.0858917236328125
-0.0106277465820312 -0.0026235580444336 -0.0375518798828125 -0.0823593139648438
-0.0153961181640625 -0.000855445861816404 -0.0259323120117188 -0.0925140380859375
-0.0159950256347656 -0.0114212036132813 0.00881958007812499 -0.0940628051757813
-0.00586318969726563 -0.018951416015625 0.0395355224609375 -0.066497802734375
0.0099334716796875 -0.0125274658203125 0.0521888732910156 -0.0250968933105469
0.0123939514160156 0.00242900848388672 0.0283832550048828 0.00603294372558594
-0.0068211555480957 0.00733852386474609 2.47955322265629E-05 -0.0167484283447266
-0.0226306915283203 -0.0067596435546875 0.0279006958007813 -0.0416412353515625
0.0447921752929688 -0.0475082397460938 -0.0126953125 0.0475311279296875
0.000617980957031251 -0.0697288513183594 0.00555324554443359 0.0152349472045898
-0.0461502075195312 -0.0413818359375 -0.0201148986816406 -0.0143680572509766
-0.0522651672363281 0.0101089477539062 -0.0508460998535156 0.0131492614746094
-0.0316390991210937 0.0359535217285156 -0.0431137084960938 0.0469970703125
0.00152587890625 0.0482330322265625 -0.0101699829101563 0.0840835571289063
0.02099609375 0.0447578430175781 0.0248870849609375 0.0914306640625
0.0131034851074219 0.0412979125976562 0.034210205078125 0.0775909423828125
0.0109291076660156 0.0472145080566406 0.0230484008789062 0.0763702392578125
-0.0143852233886719 0.0457191467285156 -0.000228881835937505 0.0737228393554688
-0.0393447875976563 0.0211067199707031 -0.009246826171875 0.0458869934082031
-0.0418586730957031 -0.0145759582519531 -0.00530433654785156 0.0294704437255859
-0.00983428955078125 -0.0494117736816406 0.011749267578125 0.0556449890136719
0.0318489074707031 -0.0485267639160156 0.0022735595703125 0.11529541015625
0.0480995178222656 -0.0219688415527344 -0.094879150390625 0.164016723632812
0.0601959228515625 -0.096923828125 -0.00108718872070312 0.0298233032226562
-0.000610351562500012 -0.114921569824219 0.00716686248779297 0.00694131851196288
-0.0659866333007813 -0.0805435180664063 -0.0130863189697266 -0.0157403945922852
-0.0884475708007812 -0.00547027587890626 -0.0386123657226563 0.00419998168945312
-0.0654525756835938 0.0468559265136719 -0.0378952026367188 0.0272178649902344
-0.0174713134765625 0.0806198120117188 -0.0155067443847656 0.0618476867675781
0.017974853515625 0.079498291015625 0.0128555297851563 0.0718460083007813
0.0109634399414063 0.073150634765625 0.0226554870605469 0.0588150024414063
0.00821685791015625 0.0831375122070313 0.0168037414550781 0.0540275573730469
-0.02716064453125 0.0775070190429687 0.0033111572265625 0.0528945922851563
-0.0671615600585937 0.0410881042480469 0.0037841796875 0.0280647277832031
-0.0762252807617188 -0.0130691528320313 0.0119285583496094 0.0218181610107422
-0.0362014770507812 -0.0794754028320313 0.0298309326171875 0.057769775390625
0.0201644897460938 -0.0987167358398437 0.0141525268554688 0.114410400390625
0.0563430786132813 -0.074005126953125 -0.076324462890625 0.159072875976563
0.0665740966796875 -0.134071350097656 0.0186843872070313 9.53674316406168E-05
-0.00326538085937499 -0.146530151367187 0.0096902847290039 -0.010040283203125
-0.0786361694335938 -0.110107421875 -0.00744819641113282 -0.0165023803710938
-0.115669250488281 -0.0204010009765625 -0.0230064392089844 -0.00286674499511719
-0.0918197631835938 0.0507736206054688 -0.0254039764404297 0.00469207763671876
-0.0352020263671875 0.101821899414063 -0.0169773101806641 0.0316524505615235
0.0116729736328125 0.103622436523438 -0.000373840332031247 0.0415725708007813
0.00710296630859375 0.0951080322265625 0.007659912109375 0.0316295623779297
0.00551605224609374 0.10772705078125 0.00571250915527344 0.0241336822509766
-0.0346755981445312 0.101036071777344 0.00519943237304687 0.0240135192871094
-0.0866012573242187 0.0587081909179688 0.0156393051147461 0.00400447845458985
-0.102806091308594 -0.00495910644531251 0.0292549133300781 0.00901031494140625
-0.0643844604492188 -0.0986328125 0.0463333129882812 0.0534286499023437
0.00018310546875 -0.136817932128906 0.022369384765625 0.101791381835938
0.0538558959960938 -0.117439270019531 -0.052764892578125 0.137069702148438
0.060394287109375 -0.15155029296875 0.0414848327636719 -0.0372161865234375
-0.0084381103515625 -0.157318115234375 0.0132408142089844 -0.032928466796875
-0.0853118896484375 -0.120956420898438 -0.00244331359863282 -0.0177536010742188
-0.126335144042969 -0.028594970703125 -0.00509738922119142 -0.010040283203125
-0.103683471679688 0.0495147705078125 -0.00880241394042969 -0.0187911987304687
-0.0469818115234375 0.108024597167969 -0.0142202377319336 -0.00384140014648437
0.00353240966796875 0.110893249511719 -0.0121755599975586 0.00479221343994142
0.0023193359375 0.1016845703125 -0.00888252258300781 -0.00100708007812499
0.00189971923828125 0.115501403808594 -0.00776576995849609 -0.00995349884033203
-0.036590576171875 0.1097412109375 0.00450325012207031 -0.0107860565185547
-0.0933151245117187 0.0677490234375 0.0237922668457031 -0.0241203308105469
-0.115821838378906 0.00317382812500001 0.0422019958496094 -0.00664901733398437
-0.0827789306640625 -0.103286743164063 0.0556831359863281 0.0414962768554688
-0.0187225341796875 -0.153793334960938 0.0237655639648438 0.076446533203125
0.0441131591796875 -0.141128540039063 -0.0290679931640625 0.0983963012695312
0.041961669921875 -0.146194458007813 0.0641708374023438 -0.0771026611328125
-0.0175323486328125 -0.144149780273438 0.0167732238769531 -0.0572738647460938
-0.0818328857421875 -0.107582092285156 0.00152587890625 -0.0204010009765625
-0.116500854492188 -0.0264739990234375 0.0138025283813476 -0.0172262191772461
-0.0957260131835938 0.041778564453125 0.00929641723632812 -0.0396080017089844
-0.0480499267578125 0.0979232788085938 -0.00886154174804688 -0.0387039184570312
-0.00305938720703126 0.100456237792969 -0.0215511322021484 -0.0327167510986328
-0.0024261474609375 0.0927810668945313 -0.0230255126953125 -0.0336513519287109
-0.00321960449218751 0.106880187988281 -0.0203514099121094 -0.0436782836914063
-0.036529541015625 0.0999984741210938 0.00225067138671875 -0.0451164245605469
-0.0873260498046875 0.0618743896484375 0.0289230346679687 -0.0503463745117187
-0.10772705078125 0.00579833984375002 0.0501899719238281 -0.022552490234375
-0.081329345703125 -0.0942001342773437 0.055755615234375 0.0265617370605469
-0.027984619140625 -0.144287109375 0.018035888671875 0.0442237854003906
0.0302810668945312 -0.138893127441406 -0.00778579711914062 0.0514678955078125
0.014923095703125 -0.120315551757812 0.081268310546875 -0.1141357421875
-0.02777099609375 -0.107452392578125 0.01953125 -0.0787811279296875
-0.0670318603515625 -0.0732345581054687 0.00483322143554687 -0.0240268707275391
-0.085113525390625 -0.0170669555664063 0.0273685455322266 -0.0241718292236328
-0.0690383911132813 0.0304718017578125 0.0219230651855469 -0.0542755126953125
-0.0393753051757813 0.0707244873046875 -0.00447463989257813 -0.0646400451660156
-0.00852966308593749 0.074615478515625 -0.0272598266601563 -0.0640678405761719
-0.00724029541015625 0.0706710815429688 -0.0337448120117188 -0.0613632202148437
-0.00902557373046875 0.0814895629882813 -0.028961181640625 -0.0714874267578125
-0.0346603393554688 0.0727691650390625 0.000907897949218751 -0.0738983154296875
-0.0695114135742188 0.0406951904296875 0.0320243835449219 -0.0677719116210937
-0.078826904296875 -0.000671386718749997 0.0532341003417969 -0.0318183898925781
-0.05743408203125 -0.0717544555664063 0.0486297607421875 0.0135688781738281
-0.0238418579101563 -0.108039855957031 0.00929069519042968 0.0132408142089844
0.014892578125 -0.110923767089844 0.00986576080322266 0.00624561309814453
-0.0147018432617187 -0.077880859375 0.0895233154296875 -0.142074584960938
-0.0338897705078125 -0.0571479797363281 0.0194244384765625 -0.0959625244140625
-0.0445976257324219 -0.0282707214355469 0.00259208679199218 -0.0282154083251953
-0.0416603088378906 -0.00235748291015625 0.0313186645507813 -0.0289363861083984
-0.0322837829589844 0.0156040191650391 0.0266990661621094 -0.0596427917480469
-0.0232810974121094 0.0354804992675781 -0.00175476074218749 -0.0788726806640625
-0.0120697021484375 0.0378379821777344 -0.029998779296875 -0.0827713012695313
-0.0103340148925781 0.0376091003417969 -0.0395050048828125 -0.0787811279296875
-0.0140228271484375 0.0442581176757812 -0.0308990478515625 -0.0886917114257813
-0.0287895202636719 0.03326416015625 0.00276947021484375 -0.0910415649414063
-0.0421333312988281 0.00994873046874999 0.0361709594726563 -0.0733642578125
-0.0372505187988281 -0.00982284545898437 0.0540847778320313 -0.0326423645019531
-0.0220069885253906 -0.0394859313964844 0.039031982421875 0.00683975219726562
-0.0130653381347656 -0.0551528930664062 0.00257158279418945 -0.00864505767822266
-0.000785827636718749 -0.0635337829589844 0.0235748291015625 -0.0284824371337891
-0.0419197082519531 -0.0251579284667969 0.0881805419921875 -0.159210205078125
-0.0336875915527344 -0.00346183776855468 0.0150985717773438 -0.107803344726563
-0.0185813903808594 0.0173778533935547 -0.00576210021972656 -0.0328464508056641
0.00255489349365234 0.0108671188354492 0.0242328643798828 -0.0309543609619141
0.00728654861450195 0.000161647796630859 0.0229873657226563 -0.0550270080566406
-0.00374722480773926 -0.00390791893005371 -0.0012664794921875 -0.079437255859375
-0.0132350921630859 -0.00284004211425781 -0.0288772583007812 -0.08843994140625
-0.0120697021484375 -0.00137519836425781 -0.0385360717773438 -0.0849456787109375
-0.0165481567382813 0.00121974945068359 -0.02728271484375 -0.0945892333984375
-0.0180072784423828 -0.00960731506347656 0.0084075927734375 -0.096649169921875
-0.00875473022460938 -0.0190849304199219 0.0399322509765625 -0.0683555603027344
0.00817584991455078 -0.0139989852905273 0.0529251098632813 -0.0255203247070313
0.0124797821044922 -0.000247955322265625 0.0286312103271484 0.00617408752441406
-0.00532007217407226 0.00593709945678711 -0.000434875488281251 -0.0192909240722656
-0.0199184417724609 -0.00797271728515625 0.031005859375 -0.0467491149902344
0.0444984436035156 -0.0488929748535156 -0.0156784057617187 0.0540885925292969
-0.00241851806640625 -0.0705718994140625 0.00472450256347656 0.0180015563964844
-0.0475654602050781 -0.0404701232910156 -0.0203800201416016 -0.0142345428466797
-0.0519027709960938 0.0118331909179688 -0.052093505859375 0.0142021179199219
-0.031494140625 0.0379524230957031 -0.0440711975097656 0.0501594543457031
0.002716064453125 0.0489540100097656 -0.00906372070312501 0.087890625
0.0228767395019531 0.044830322265625 0.02685546875 0.0954208374023437
0.0157546997070312 0.0419387817382813 0.0365982055664062 0.0816726684570313
0.0135917663574219 0.0473747253417969 0.025634765625 0.079833984375
-0.0128669738769531 0.0472030639648438 0.000541687011718754 0.0767974853515625
-0.0396499633789062 0.0237350463867188 -0.0091552734375 0.0479164123535156
-0.0441513061523438 -0.0137405395507813 -0.00587272644042969 0.0304336547851563
-0.0127105712890625 -0.0496978759765625 0.013458251953125 0.0570259094238281
0.03045654296875 -0.0516242980957031 0.00328063964843751 0.120529174804688
0.0477790832519531 -0.0254783630371094 -0.0980987548828125 0.1732177734375
0.060699462890625 -0.102157592773438 -0.00442695617675781 0.0345516204833984
-0.00348663330078124 -0.118492126464844 0.00562095642089844 0.00896358489990234
-0.0695877075195313 -0.0820159912109375 -0.0139236450195313 -0.0151042938232422
-0.0916290283203125 -0.00428009033203125 -0.040557861328125 0.00546646118164062
-0.0666007995605469 0.0498085021972656 -0.0390090942382813 0.0294380187988281
-0.0161972045898438 0.0834426879882813 -0.0154266357421875 0.0656623840332031
0.0206146240234375 0.0820159912109375 0.0149917602539063 0.076385498046875
0.0136337280273437 0.0751571655273438 0.0248451232910156 0.0628852844238281
0.0116653442382812 0.08587646484375 0.0177497863769531 0.0575065612792969
-0.0251007080078125 0.0809707641601563 0.0042877197265625 0.0561981201171875
-0.0688705444335937 0.0455856323242188 0.0035858154296875 0.0288372039794922
-0.0806503295898438 -0.0107650756835937 0.0117340087890625 0.0222454071044922
-0.0412216186523437 -0.0826339721679688 0.032196044921875 0.0592765808105469
0.0167083740234375 -0.104454040527344 0.0159454345703125 0.1190185546875
0.0565261840820313 -0.08056640625 -0.0786285400390625 0.168060302734375
0.067291259765625 -0.141693115234375 0.0154027938842773 0.00252151489257812
-0.00645446777343749 -0.152374267578125 0.00843334197998047 -0.0092306137084961
-0.084869384765625 -0.113044738769531 -0.0080099105834961 -0.0162811279296875
-0.120903015136719 -0.0193710327148438 -0.0247974395751953 -0.00209236145019531
-0.09490966796875 0.0545501708984375 -0.0270938873291016 0.00600624084472657
-0.034637451171875 0.107078552246094 -0.0179538726806641 0.0348243713378906
0.0148239135742187 0.107292175292969 0.000915527343750003 0.0448837280273438
0.0102386474609375 0.0992507934570312 0.00832366943359375 0.0345630645751953
0.00890350341796876 0.112358093261719 0.00522804260253906 0.0266628265380859
-0.0326766967773438 0.106796264648438 0.00566291809082031 0.0259494781494141
-0.0894546508789063 0.0646286010742188 0.0151500701904297 0.00377178192138672
-0.109405517578125 -0.00249481201171877 0.0289630889892578 0.00918769836425781
-0.0706634521484375 -0.102363586425781 0.0484733581542969 0.053802490234375
-0.00450134277343751 -0.144973754882813 0.0238037109375 0.104728698730469
0.0544891357421875 -0.125968933105469 -0.0543365478515625 0.143478393554688
0.0615081787109375 -0.1605224609375 0.0394020080566406 -0.0377540588378906
-0.011993408203125 -0.164794921875 0.0114841461181641 -0.0330352783203125
-0.0922317504882813 -0.125663757324219 -0.00340938568115235 -0.0174388885498047
-0.1339111328125 -0.0286331176757813 -0.0058422088623047 -0.00977325439453125
-0.108039855957031 0.053436279296875 -0.0102977752685547 -0.0183296203613281
-0.047821044921875 0.114166259765625 -0.0153341293334961 -0.00238513946533202
0.00658416748046876 0.115943908691406 -0.0120935440063477 0.00619220733642579
0.00473785400390625 0.106834411621094 -0.00903987884521484 0.000996589660644536
0.00473785400390625 0.121658325195313 -0.00869607925415039 -0.00864076614379882
-0.0358963012695313 0.116371154785156 0.00441551208496093 -0.0106115341186523
-0.0973281860351562 0.0742950439453125 0.0233268737792969 -0.0253849029541016
-0.123359680175781 0.00597381591796876 0.0423240661621094 -0.00812149047851563
-0.0908355712890625 -0.108863830566406 0.0575790405273438 0.0407829284667969
-0.0237274169921875 -0.162460327148438 0.0248336791992188 0.0786895751953125
0.04461669921875 -0.150604248046875 -0.029632568359375 0.102622985839844
0.0433349609375 -0.155441284179687 0.0626907348632813 -0.0811080932617188
-0.02056884765625 -0.151779174804688 0.015045166015625 -0.0602455139160156
-0.088714599609375 -0.112777709960938 0.000759124755859368 -0.0211238861083984
-0.124488830566406 -0.0267562866210938 0.0132579803466797 -0.0169105529785156
-0.100624084472656 0.0456695556640625 0.00759124755859374 -0.040435791015625
-0.049072265625 0.103324890136719 -0.0109519958496094 -0.0385627746582031
-0.00156402587890624 0.106246948242188 -0.0226097106933594 -0.0322055816650391
-0.00125885009765625 0.0986251831054688 -0.0247955322265625 -0.0327568054199219
-0.000541687011718753 0.112220764160156 -0.0222930908203125 -0.0434913635253906
-0.0370635986328125 0.106796264648437 0.000759124755859371 -0.0460968017578125
-0.0915603637695313 0.0677337646484375 0.0283660888671875 -0.05267333984375
-0.114334106445313 0.00772094726562499 0.0503082275390625 -0.0244979858398437
-0.0881881713867188 -0.0989913940429688 0.0574531555175781 0.0257720947265625
-0.0319366455078125 -0.152633666992188 0.01837158203125 0.0446014404296875
0.030487060546875 -0.147842407226563 -0.00806427001953125 0.0514564514160156
0.0170211791992188 -0.127922058105469 0.0811920166015625 -0.120109558105469
-0.0288925170898438 -0.114990234375 0.0176544189453125 -0.0841522216796875
-0.072998046875 -0.078125 0.00337600708007812 -0.0253181457519531
-0.091827392578125 -0.0172805786132813 0.0268154144287109 -0.024810791015625
-0.073455810546875 0.0335311889648438 0.0212287902832031 -0.056427001953125
-0.0404129028320313 0.0766754150390625 -0.00602340698242188 -0.0663299560546875
-0.00753021240234375 0.0797119140625 -0.0287590026855469 -0.0651016235351563
-0.0067291259765625 0.0752639770507813 -0.0364875793457031 -0.0623741149902344
-0.008148193359375 0.086883544921875 -0.0321044921875 -0.0725021362304688
-0.0349349975585938 0.0785598754882812 -0.00115966796875001 -0.0763168334960937
-0.0737762451171875 0.0451278686523438 0.031036376953125 -0.0713882446289063
-0.08465576171875 0.000335693359375008 0.053863525390625 -0.0346031188964844
-0.0627212524414062 -0.0770187377929688 0.0497779846191406 0.0131301879882812
-0.0268783569335938 -0.115127563476562 0.00855445861816406 0.0120325088500976
0.017364501953125 -0.11798095703125 0.0106353759765625 0.00301456451416015
-0.0133132934570313 -0.0825042724609375 0.0907440185546875 -0.1507568359375
-0.0336532592773438 -0.0614738464355469 0.0181427001953125 -0.102371215820312
-0.047637939453125 -0.0312767028808594 0.00125122070312499 -0.0296859741210938
-0.045806884765625 -0.00327301025390624 0.0310001373291016 -0.0304641723632812
-0.0349655151367188 0.0167865753173828 0.0264320373535156 -0.0619659423828125
-0.024261474609375 0.0384521484375 -0.00343322753906249 -0.082183837890625
-0.01214599609375 0.0421829223632812 -0.0320587158203125 -0.0861663818359375
-0.01068115234375 0.0407485961914062 -0.0425567626953125 -0.0815658569335938
-0.0146865844726563 0.0481948852539063 -0.0339889526367188 -0.091064453125
-0.0303153991699219 0.0373001098632813 0.000686645507812504 -0.0943832397460938
-0.045989990234375 0.0124015808105469 0.0354385375976562 -0.0777359008789062
-0.0410041809082031 -0.0106430053710938 0.0553092956542969 -0.0351753234863281
-0.0245246887207031 -0.0439872741699219 0.0393638610839844 0.00640869140625
-0.0135917663574219 -0.0600547790527344 0.00150489807128906 -0.0106048583984375
0.00112533569335937 -0.0681610107421875 0.0247173309326172 -0.03363037109375
-0.0408515930175781 -0.0254936218261719 0.0897216796875 -0.169235229492188
-0.0330467224121094 -0.00489044189453125 0.01397705078125 -0.114616394042969
-0.0184555053710938 0.0164241790771484 -0.00669479370117188 -0.0345325469970703
0.00156116485595703 0.0103139877319336 0.0247440338134766 -0.0327510833740234
0.00559282302856445 -0.00040435791015625 0.0235977172851563 -0.057647705078125
-0.00555610656738281 -0.00310564041137695 -0.00273132324218751 -0.082733154296875
-0.0143766403198242 -0.00142383575439453 -0.0317153930664062 -0.0914764404296875
-0.0128202438354492 0.000217437744140624 -0.0412521362304687 -0.0884017944335938
-0.0179386138916016 0.00260353088378907 -0.0302352905273437 -0.098602294921875
-0.0198879241943359 -0.00817489624023438 0.00630950927734375 -0.100021362304687
-0.0115184783935547 -0.0184612274169922 0.039947509765625 -0.0716629028320313
0.00702762603759766 -0.0155363082885742 0.0544242858886719 -0.0282325744628906
0.0128402709960937 -0.00279712677001953 0.0292701721191406 0.00611495971679688
-0.00368595123291016 0.00353503227233887 -0.000919342041015626 -0.0217494964599609
-0.0178890228271484 -0.00943374633789063 0.0337257385253906 -0.0537147521972656
0.0427322387695313 -0.05218505859375 -0.0162467956542969 0.0609855651855469
-0.0068817138671875 -0.0704727172851563 0.00514793395996094 0.0215396881103516
-0.0504302978515625 -0.0384902954101562 -0.0213584899902344 -0.0131454467773438
-0.0520553588867188 0.0139884948730469 -0.0534286499023438 0.0171165466308594
-0.0296630859375 0.0403327941894531 -0.0440177917480469 0.053375244140625
0.00599288940429688 0.049591064453125 -0.00666046142578126 0.0920791625976563
0.0263900756835937 0.0439414978027344 0.0327529907226562 0.098388671875
0.0184898376464844 0.0415687561035156 0.041107177734375 0.0839462280273438
0.017822265625 0.0475387573242188 0.0298309326171875 0.0824966430664063
-0.00956344604492188 0.0488243103027344 0.00431823730468749 0.0807037353515625
-0.0386238098144531 0.0271835327148438 -0.0077667236328125 0.0506744384765625
-0.0462837219238281 -0.010589599609375 -0.00518798828125 0.032073974609375
-0.0159187316894531 -0.0498199462890625 0.0169296264648437 0.0579910278320313
0.0267524719238281 -0.0546112060546875 0.0085906982421875 0.125694274902344
0.0462608337402344 -0.0295028686523437 -0.0960235595703125 0.185272216796875
0.0574874877929687 -0.108840942382812 -0.00635528564453124 0.0406875610351562
-0.0105438232421875 -0.121162414550781 0.00504016876220703 0.0119752883911133
-0.0753402709960938 -0.0809173583984375 -0.0145893096923828 -0.0148448944091797
-0.0945663452148437 -0.000816345214843729 -0.0418128967285156 0.00754928588867188
-0.0664596557617187 0.0549812316894531 -0.0401077270507813 0.0327949523925781
-0.0128555297851563 0.0865859985351563 -0.0134811401367188 0.0700187683105469
0.0249710083007813 0.0828018188476562 0.0192184448242187 0.0794296264648438
0.0179367065429688 0.0771026611328125 0.0283470153808594 0.0655250549316406
0.0170516967773438 0.08782958984375 0.02020263671875 0.0604591369628906
-0.020721435546875 0.086334228515625 0.00682067871093749 0.0591278076171875
-0.0692329406738281 0.0513458251953125 0.00394821166992187 0.0301609039306641
-0.0853424072265625 -0.00662994384765626 0.0115108489990234 0.0226268768310547
-0.0476760864257813 -0.0836639404296875 0.0355110168457031 0.0597000122070312
0.0110855102539062 -0.10992431640625 0.0200271606445312 0.122573852539062
0.0543441772460937 -0.087860107421875 -0.075714111328125 0.178375244140625
0.0647430419921875 -0.151123046875 0.01263427734375 0.00631237030029296
-0.0138092041015625 -0.157577514648438 0.00646829605102539 -0.00721025466918946
-0.0933380126953125 -0.11376953125 -0.00906944274902344 -0.0156402587890625
-0.127166748046875 -0.0149383544921875 -0.0260009765625 -0.000345230102539067
-0.096099853515625 0.060943603515625 -0.0285472869873047 0.00843238830566406
-0.0312881469726562 0.112785339355469 -0.0169754028320313 0.0378990173339844
0.0202560424804688 0.110755920410156 0.0031585693359375 0.048095703125
0.01483154296875 0.101844787597656 0.0102157592773438 0.0371246337890625
0.0154266357421875 0.116409301757812 0.00624656677246094 0.0295295715332031
-0.02801513671875 0.113235473632813 0.007110595703125 0.0275669097900391
-0.0904464721679688 0.07275390625 0.014683723449707 0.00342178344726563
-0.115676879882813 0.00315093994140623 0.0287685394287109 0.00848007202148438
-0.079620361328125 -0.104606628417969 0.0517120361328125 0.0533218383789062
-0.0129852294921875 -0.15179443359375 0.0281524658203125 0.108131408691406
0.0505523681640625 -0.1353759765625 -0.052093505859375 0.151138305664063
0.0577545166015625 -0.171493530273438 0.0360679626464844 -0.0378684997558594
-0.0198822021484375 -0.171920776367188 0.00867462158203125 -0.0337963104248047
-0.102302551269531 -0.126762390136719 -0.00466918945312501 -0.0181655883789063
-0.141860961914063 -0.023193359375 -0.00739574432373047 -0.00897598266601563
-0.110816955566406 0.0605545043945313 -0.012298583984375 -0.0171298980712891
-0.0438003540039063 0.121719360351562 -0.0166654586791992 -0.000127792358398428
0.0122451782226562 0.120697021484375 -0.0122394561767578 0.00884151458740235
0.00958251953124999 0.111396789550781 -0.0091409683227539 0.00317382812500001
0.01165771484375 0.127281188964844 -0.00979804992675781 -0.00638675689697265
-0.0308456420898437 0.123886108398438 0.00436019897460937 -0.00927639007568359
-0.0986480712890625 0.0830917358398438 0.0220355987548828 -0.0272216796875
-0.129585266113281 0.011688232421875 0.0415115356445312 -0.0100631713867188
-0.100723266601563 -0.110305786132812 0.0603904724121094 0.0398902893066406
-0.033599853515625 -0.169647216796875 0.0275802612304687 0.0796890258789062
0.0405731201171875 -0.160507202148438 -0.027862548828125 0.106231689453125
0.04083251953125 -0.166168212890625 0.0584564208984375 -0.085540771484375
-0.0277252197265625 -0.158370971679688 0.0112266540527344 -0.0628623962402344
-0.0986404418945312 -0.115020751953125 -0.000795364379882821 -0.0216598510742188
-0.132423400878906 -0.0224838256835937 0.0116348266601562 -0.0179939270019531
-0.1043701171875 0.0529556274414062 0.00535964965820312 -0.0414466857910156
-0.0470352172851562 0.111541748046875 -0.0136680603027344 -0.0379257202148437
0.00341796875000001 0.111457824707031 -0.0246391296386719 -0.0315074920654297
0.00289154052734375 0.103706359863281 -0.0271129608154297 -0.0318832397460937
0.00437927246093751 0.11907958984375 -0.0256805419921875 -0.0420455932617187
-0.0325927734375 0.114364624023437 -0.00124359130859376 -0.0469627380371094
-0.0938796997070313 0.0759124755859375 0.0253982543945312 -0.0557022094726562
-0.1207275390625 0.0127639770507813 0.0496635437011719 -0.0274162292480469
-0.0984268188476563 -0.101249694824219 0.05889892578125 0.0243492126464844
-0.0413360595703125 -0.1591796875 0.0183601379394531 0.0443077087402344
0.0280303955078125 -0.157211303710938 -0.00746154785156249 0.0512924194335938
0.0145950317382812 -0.136650085449219 0.0772247314453125 -0.128715515136719
-0.0341339111328125 -0.120368957519531 0.0135421752929687 -0.0891647338867188
-0.0800399780273437 -0.0801239013671875 0.00176620483398437 -0.0267333984375
-0.0985107421875 -0.0143814086914062 0.0262069702148437 -0.0267276763916016
-0.0768661499023438 0.0381011962890625 0.0185890197753906 -0.0581855773925781
-0.039947509765625 0.0838623046875 -0.00949859619140625 -0.0679550170898438
-0.00449371337890625 0.0852890014648438 -0.0327110290527344 -0.0655097961425781
-0.00362396240234376 0.0802383422851563 -0.040374755859375 -0.0618515014648437
-0.00447082519531251 0.092437744140625 -0.0367050170898437 -0.072723388671875
-0.032684326171875 0.0848541259765625 -0.00481414794921875 -0.0778121948242188
-0.0763702392578125 0.0512237548828125 0.0284805297851562 -0.0754547119140625
-0.0902481079101563 0.00382995605468749 0.0531425476074219 -0.0377655029296875
-0.070159912109375 -0.0793533325195313 0.0505752563476562 0.0113029479980469
-0.0328598022460938 -0.120994567871094 0.0078134536743164 0.0115165710449219
0.0159912109375 -0.125244140625 0.0109901428222656 -0.000105857849121101
-0.0144424438476562 -0.0868606567382813 0.0873870849609375 -0.162185668945313
-0.0362129211425781 -0.0647392272949219 0.0135955810546875 -0.108749389648438
-0.0511817932128906 -0.0323677062988281 -0.000610351562500005 -0.0317478179931641
-0.0503158569335938 -0.00307083129882811 0.0303916931152344 -0.0329360961914063
-0.0374031066894531 0.019287109375 0.0243034362792969 -0.0645561218261719
-0.02484130859375 0.0431137084960938 -0.00651550292968751 -0.0843505859375
-0.0113945007324219 0.0461997985839844 -0.037017822265625 -0.0877838134765625
-0.00974273681640625 0.0445022583007812 -0.0468978881835937 -0.0823287963867188
-0.01318359375 0.0528564453125 -0.0399856567382813 -0.0929794311523438
-0.0305328369140625 0.0427589416503906 -0.003509521484375 -0.0974044799804688
-0.0488967895507813 0.016387939453125 0.0326919555664062 -0.0818710327148438
-0.0451850891113281 -0.0100135803222656 0.0552635192871094 -0.03887939453125
-0.0283737182617188 -0.0470161437988281 0.0407295227050781 0.00547027587890625
-0.0161781311035156 -0.0636444091796875 0.000281333923339843 -0.0125236511230469
0.00210571289062499 -0.0729293823242188 0.0254287719726562 -0.0396308898925781
-0.0403938293457031 -0.0255661010742187 0.0867767333984375 -0.182327270507812
-0.0326957702636719 -0.00561523437499999 0.00900268554687499 -0.121940612792969
-0.018096923828125 0.0159416198730469 -0.00908660888671875 -0.0365791320800781
0.000807762145996095 0.00931644439697266 0.02325439453125 -0.0346202850341797
0.00451421737670898 -0.00117969512939453 0.0214996337890625 -0.0601577758789062
-0.00723171234130859 -0.00198507308959961 -0.005889892578125 -0.0860519409179688
-0.0152759552001953 0.000712394714355468 -0.0364990234375 -0.0949859619140625
-0.0139303207397461 0.00234127044677735 -0.0466766357421875 -0.0904922485351562
-0.0188083648681641 0.00499343872070313 -0.035736083984375 -0.101318359375
-0.0219497680664063 -0.00538063049316406 0.00132751464843749 -0.104400634765625
-0.0147571563720703 -0.0179462432861328 0.0376815795898438 -0.076995849609375
0.00420665740966797 -0.0172605514526367 0.0550498962402344 -0.0320320129394531
0.0121068954467773 -0.00566768646240234 0.0303611755371094 0.005279541015625
-0.00259542465209961 0.00205659866333008 -0.00233078002929688 -0.0242061614990234
-0.01605224609375 -0.0101232528686523 0.0331497192382813 -0.0612564086914063
0.0391082763671875 -0.0543289184570312 -0.015625 0.0681076049804688
-0.0128135681152344 -0.0691604614257813 0.00582313537597656 0.0248146057128906
-0.0523338317871094 -0.03564453125 -0.0218639373779297 -0.011871337890625
-0.0501327514648438 0.0165176391601563 -0.0527458190917969 0.0205116271972656
-0.0265235900878906 0.0422210693359375 -0.0413436889648437 0.0567817687988281
0.009857177734375 0.0487251281738281 -0.0016326904296875 0.09423828125
0.029449462890625 0.042022705078125 0.0383834838867188 0.0980682373046875
0.0216026306152344 0.0395774841308594 0.0465774536132812 0.0832977294921875
0.0216255187988281 0.0455245971679688 0.0349349975585937 0.0838699340820312
-0.0046539306640625 0.0502357482910156 0.00826263427734376 0.0818023681640625
-0.0363616943359375 0.0310516357421875 -0.00592041015625 0.0519256591796875
-0.0479278564453125 -0.00776672363281251 -0.00409507751464844 0.0329265594482422
-0.0195045471191406 -0.0490837097167969 0.019927978515625 0.0580940246582031
0.0219764709472656 -0.0563735961914062 0.0150070190429688 0.127647399902344
0.0428657531738281 -0.0326728820800781 -0.0879058837890625 0.194793701171875
0.0519180297851563 -0.113121032714844 -0.00659179687499999 0.0465278625488281
-0.01806640625 -0.120246887207031 0.00419330596923828 0.0147981643676758
-0.0806808471679687 -0.0773544311523438 -0.0153074264526367 -0.0135354995727539
-0.0953216552734375 0.00490570068359377 -0.0425605773925781 0.011138916015625
-0.0630912780761719 0.0590591430664063 -0.0393562316894531 0.0356483459472656
-0.00788879394531251 0.0884780883789062 -0.0101852416992188 0.0723342895507813
0.03033447265625 0.0824508666992188 0.0243911743164063 0.0809402465820313
0.0228652954101563 0.076934814453125 0.0325813293457031 0.0660476684570313
0.0238571166992187 0.0878143310546875 0.0241012573242188 0.0620231628417969
-0.0150985717773438 0.0890045166015625 0.0107841491699219 0.060333251953125
-0.0671615600585938 0.0573883056640625 0.00511741638183594 0.0305538177490234
-0.0883712768554688 -0.000541687011718739 0.0123767852783203 0.0232353210449219
-0.0546493530273437 -0.0820465087890625 0.0385589599609375 0.0582351684570312
0.00308227539062501 -0.113067626953125 0.0268173217773437 0.124298095703125
0.048858642578125 -0.0939254760742188 -0.06829833984375 0.18658447265625
0.0565643310546875 -0.158187866210938 0.0104541778564453 0.00882720947265624
-0.0224761962890625 -0.158462524414063 0.00466299057006836 -0.00550365447998048
-0.101493835449219 -0.110679626464844 -0.0101099014282227 -0.0141782760620117
-0.129646301269531 -0.00737762451171874 -0.0272598266601563 0.00115585327148437
-0.0942153930664062 0.06787109375 -0.0295143127441406 0.01031494140625
-0.0252151489257813 0.116905212402344 -0.0156135559082031 0.0402793884277344
0.0268173217773437 0.111183166503906 0.00626754760742188 0.0502395629882813
0.0217361450195313 0.103286743164063 0.013031005859375 0.038482666015625
0.0235671997070313 0.117355346679688 0.00753402709960938 0.0313720703125
-0.0212326049804688 0.116973876953125 0.0088958740234375 0.0292377471923828
-0.08782958984375 0.0803604125976563 0.0140190124511719 0.0027456283569336
-0.119094848632813 0.010101318359375 0.0274829864501953 0.00763511657714844
-0.088653564453125 -0.101959228515625 0.0543746948242187 0.0506134033203125
-0.023468017578125 -0.154617309570313 0.0326080322265625 0.107833862304687
0.0439453125 -0.142791748046875 -0.0446929931640625 0.156234741210938
0.05035400390625 -0.178924560546875 0.0318031311035156 -0.0375099182128906
-0.03076171875 -0.173995971679688 0.00467681884765625 -0.0333290100097656
-0.111587524414063 -0.1239013671875 -0.00705432891845704 -0.0174961090087891
-0.146591186523438 -0.01580810546875 -0.00792980194091798 -0.00794839859008789
-0.10906982421875 0.0688018798828125 -0.0140085220336914 -0.0162296295166016
-0.0379791259765625 0.127861022949219 -0.017146110534668 0.00266075134277345
0.020416259765625 0.121963500976563 -0.0117826461791992 0.0120162963867188
0.0163040161132812 0.113388061523438 -0.00826311111450195 0.00536012649536133
0.0206832885742187 0.129844665527344 -0.0115203857421875 -0.00312519073486327
-0.0235671997070312 0.129356384277344 0.00331783294677734 -0.00963973999023437
-0.0963668823242188 0.0915374755859375 0.0196361541748047 -0.028411865234375
-0.132781982421875 0.0201873779296875 0.0398406982421875 -0.01104736328125
-0.110107421875 -0.106773376464844 0.0614738464355469 0.0369949340820312
-0.045318603515625 -0.172210693359375 0.02984619140625 0.0798797607421875
0.0331878662109375 -0.167510986328125 -0.0242462158203125 0.108627319335937
0.0343170166015625 -0.172988891601563 0.0518646240234375 -0.0882415771484375
-0.0373687744140625 -0.161270141601562 0.00553512573242188 -0.0631866455078125
-0.107902526855469 -0.112464904785156 -0.00280761718750001 -0.0217876434326172
-0.138145446777344 -0.0157928466796875 0.0101718902587891 -0.0184993743896484
-0.103744506835938 0.0609130859375 0.00233840942382812 -0.0414199829101562
-0.0419692993164063 0.117622375488281 -0.0162277221679688 -0.0365791320800781
0.00929260253906251 0.11456298828125 -0.0261058807373047 -0.0288162231445312
0.00991821289062501 0.107139587402344 -0.0292911529541016 -0.0289707183837891
0.0128860473632813 0.122642517089844 -0.0290641784667969 -0.0391883850097656
-0.0261764526367188 0.120071411132813 -0.00344085693359375 -0.046539306640625
-0.0916595458984375 0.0842819213867188 0.021331787109375 -0.0577964782714844
-0.124526977539063 0.0196456909179687 0.0470161437988281 -0.0298194885253906
-0.107063293457031 -0.0988922119140625 0.058990478515625 0.0213966369628906
-0.0518341064453125 -0.160858154296875 0.01947021484375 0.0436820983886719
0.02197265625 -0.163528442382813 -0.00585556030273438 0.050567626953125
0.0096282958984375 -0.14239501953125 0.0700912475585937 -0.134315490722656
-0.0406112670898437 -0.122047424316406 0.00627899169921875 -0.0917205810546875
-0.0873489379882812 -0.0785140991210938 -0.00150108337402344 -0.0272731781005859
-0.103675842285156 -0.00937652587890626 0.0238151550292969 -0.0280723571777344
-0.077850341796875 0.0441207885742188 0.0155372619628906 -0.0590629577636719
-0.0363082885742187 0.0894851684570313 -0.0138626098632812 -0.0672683715820313
0.000320434570312496 0.0891571044921875 -0.0367088317871094 -0.06390380859375
0.0014495849609375 0.0836715698242188 -0.0438995361328125 -0.0587654113769531
0.00101470947265626 0.0966339111328125 -0.0406455993652344 -0.0699920654296875
-0.0281906127929687 0.0896224975585937 -0.00971984863281251 -0.077911376953125
-0.0755386352539062 0.0581436157226563 0.0235977172851562 -0.0789260864257813
-0.0935516357421875 0.00923919677734373 0.0509414672851562 -0.0417251586914063
-0.077545166015625 -0.0794906616210937 0.0510482788085937 0.00885009765624999
-0.0404739379882812 -0.123092651367188 0.00721645355224609 0.0107192993164062
0.011505126953125 -0.130783081054688 0.0103778839111328 -0.00427913665771485
-0.0165863037109375 -0.0883255004882813 0.0796356201171875 -0.170761108398438
-0.0397682189941406 -0.0657730102539063 0.00658416748046874 -0.112586975097656
-0.053955078125 -0.0326766967773437 -0.00258636474609375 -0.0321216583251953
-0.053497314453125 -0.000244140625000002 0.0291614532470703 -0.034271240234375
-0.0380821228027344 0.0203857421875 0.0212478637695312 -0.0660972595214844
-0.0240898132324219 0.0472335815429688 -0.011474609375 -0.0854110717773438
-0.008453369140625 0.0494575500488281 -0.0421524047851562 -0.0872039794921875
-0.0077362060546875 0.0481414794921875 -0.0525436401367187 -0.08062744140625
-0.0099945068359375 0.056365966796875 -0.0458145141601563 -0.09149169921875
-0.0282745361328125 0.047088623046875 -0.00965118408203125 -0.0990447998046875
-0.0507888793945313 0.020965576171875 0.028106689453125 -0.0851058959960938
-0.0481033325195313 -0.0081024169921875 0.0527000427246094 -0.0417518615722656
-0.0314407348632813 -0.0486793518066406 0.0402297973632812 0.00316238403320312
-0.0202140808105469 -0.0662727355957031 -0.00168514251708985 -0.0129661560058594
0.000587463378906253 -0.07598876953125 0.0232810974121094 -0.0446510314941406
-0.0398826599121094 -0.0253105163574219 0.0789031982421875 -0.19195556640625
-0.0321216583251953 -0.00567626953125 0.00257110595703125 -0.126632690429688
-0.0168724060058594 0.0149250030517578 -0.0122146606445313 -0.037200927734375
-0.00037527084350586 0.00799894332885742 0.0223579406738281 -0.0367012023925781
0.00317692756652832 -0.00195717811584473 0.0186576843261719 -0.0615425109863281
-0.00875997543334961 0.000603199005126951 -0.0094757080078125 -0.0868911743164063
-0.0161647796630859 0.00347709655761719 -0.042327880859375 -0.0954132080078125
-0.014409065246582 0.00472545623779297 -0.052276611328125 -0.0885772705078125
-0.0187873840332031 0.00868797302246094 -0.0418548583984375 -0.100936889648438
-0.0231723785400391 -0.00267410278320312 -0.00498962402343751 -0.10601806640625
-0.0171213150024414 -0.016911506652832 0.0335464477539063 -0.0803604125976563
0.00183868408203125 -0.01837158203125 0.0530586242675781 -0.0363883972167969
0.0109767913818359 -0.00898647308349609 0.0312595367431641 0.00362777709960937
-0.00176334381103516 0.000635981559753418 -0.00375938415527344 -0.0261344909667969
-0.0141744613647461 -0.0116891860961914 0.0310859680175781 -0.068359375
0.0363998413085938 -0.053680419921875 -0.0128402709960937 0.0733108520507813
-0.0137290954589844 -0.0637130737304688 0.00734138488769531 0.0263729095458984
-0.0515708923339844 -0.0317649841308594 -0.0206260681152344 -0.00945472717285157
-0.0478019714355469 0.0182304382324219 -0.0532188415527344 0.0221748352050781
-0.0220603942871094 0.0413398742675781 -0.0391921997070313 0.0570526123046875
0.0125923156738281 0.0467567443847656 0.00406646728515626 0.091552734375
0.0321273803710938 0.0397186279296875 0.043487548828125 0.0981826782226563
0.0231285095214844 0.0370216369628906 0.0496063232421875 0.0811691284179688
0.0244636535644531 0.0420608520507813 0.03790283203125 0.0822906494140625
-0.000904083251953129 0.0493278503417969 0.013702392578125 0.0811767578125
-0.0323200225830078 0.0315837860107422 -0.0037841796875 0.05157470703125
-0.0466804504394531 -0.00458908081054688 -0.00250434875488282 0.0333118438720703
-0.0213279724121094 -0.0457077026367188 0.0223426818847656 0.0560073852539062
0.0163993835449219 -0.0578155517578125 0.018707275390625 0.126800537109375
0.0378837585449219 -0.0348968505859375 -0.079010009765625 0.199859619140625
0.0465850830078125 -0.114433288574219 -0.00518035888671875 0.0516624450683594
-0.02386474609375 -0.117057800292969 0.00504302978515625 0.0169448852539062
-0.081634521484375 -0.0733871459960937 -0.0151824951171875 -0.0112581253051758
-0.0924224853515625 0.00951385498046876 -0.0409355163574219 0.0129165649414063
-0.0612525939941406 0.0613365173339844 -0.0362396240234375 0.03875732421875
-0.00360870361328124 0.0884170532226563 -0.0068359375 0.0718994140625
0.0341567993164063 0.0787124633789063 0.0273590087890625 0.0798721313476563
0.027435302734375 0.0747451782226563 0.0350151062011719 0.0653228759765625
0.0284500122070313 0.0856094360351563 0.0258674621582031 0.0612716674804688
-0.00959777832031249 0.0880584716796875 0.0131378173828125 0.0601119995117188
-0.0622825622558594 0.0599021911621094 0.00532341003417968 0.0298538208007813
-0.0880355834960938 0.00374603271484376 0.0123081207275391 0.0240154266357422
-0.0599517822265625 -0.0793991088867188 0.0401420593261719 0.0552520751953125
-0.0048065185546875 -0.112236022949219 0.028900146484375 0.123199462890625
0.0435104370117188 -0.0964279174804688 -0.0618896484375 0.188980102539063
0.048675537109375 -0.158355712890625 0.00924205780029297 0.0136919021606445
-0.0289764404296875 -0.154037475585938 0.00295162200927734 -0.00232911109924317
-0.105072021484375 -0.104568481445313 -0.0095043182373047 -0.0144491195678711
-0.128211975097656 -0.00125885009765626 -0.0263233184814453 0.00286865234375
-0.090850830078125 0.072723388671875 -0.0278453826904297 0.01373291015625
-0.019287109375 0.117851257324219 -0.0141983032226563 0.0419540405273438
0.0331268310546875 0.109077453613281 0.0099945068359375 0.0501556396484375
0.0248794555664062 0.101982116699219 0.0159263610839844 0.0392189025878906
0.029693603515625 0.114501953125 0.00818252563476563 0.0325546264648438
-0.0137405395507813 0.117698669433594 0.0120925903320313 0.0279045104980469
-0.08367919921875 0.08538818359375 0.0121622085571289 0.00193023681640625
-0.119239807128906 0.017852783203125 0.0265655517578125 0.00871849060058594
-0.0946121215820312 -0.0972976684570313 0.0542945861816406 0.0482635498046875
-0.032501220703125 -0.151962280273438 0.0351181030273438 0.105224609375
0.0379638671875 -0.146392822265625 -0.039398193359375 0.157730102539063
0.0425567626953125 -0.181228637695313 0.0285549163818359 -0.0346603393554688
-0.038055419921875 -0.171600341796875 0.00271224975585938 -0.030874252319336
-0.11688232421875 -0.117355346679688 -0.00731277465820313 -0.0165882110595703
-0.147186279296875 -0.00996398925781253 -0.00892639160156251 -0.00676345825195313
-0.106071472167969 0.0726318359375 -0.0157632827758789 -0.01318359375
-0.033203125 0.129783630371094 -0.0172452926635742 0.00354862213134766
0.0242385864257812 0.120399475097656 -0.00924015045166015 0.0119504928588867
0.02276611328125 0.113998413085938 -0.00685501098632812 0.00826168060302735
0.0271759033203125 0.127914428710938 -0.0115394592285156 -0.00119590759277343
-0.0154876708984375 0.129234313964844 0.00242424011230469 -0.00671720504760741
-0.090545654296875 0.0967330932617188 0.0171356201171875 -0.0283870697021484
-0.131965637207031 0.0265960693359375 0.0374603271484375 -0.0128364562988281
-0.11614990234375 -0.103179931640625 0.0629234313964844 0.0319786071777344
-0.053070068359375 -0.169784545898437 0.0314712524414062 0.0770034790039062
0.0270233154296875 -0.169387817382813 -0.0212631225585938 0.107818603515625
0.026611328125 -0.175399780273437 0.046234130859375 -0.0869064331054688
-0.0434722900390625 -0.15966796875 0.000976562499999995 -0.0608673095703125
-0.112953186035156 -0.107322692871094 -0.00462532043457032 -0.0203075408935547
-0.139945983886719 -0.00837707519531249 0.00833415985107421 -0.0171966552734375
-0.101478576660156 0.0660171508789063 0.00104522705078124 -0.0379676818847656
-0.0362930297851562 0.120552062988281 -0.0179100036621094 -0.0348300933837891
0.0148239135742187 0.115486145019531 -0.0266323089599609 -0.0266056060791016
0.0147705078125 0.108192443847656 -0.0283603668212891 -0.0258159637451172
0.0195541381835937 0.121726989746094 -0.0298614501953125 -0.0369110107421875
-0.0203018188476563 0.1212158203125 -0.00668716430664063 -0.0467338562011719
-0.0876922607421875 0.089324951171875 0.0175056457519531 -0.057769775390625
-0.123626708984375 0.0266342163085937 0.043487548828125 -0.0296516418457031
-0.111724853515625 -0.0937042236328125 0.0591812133789062 0.0194358825683594
-0.0599365234375 -0.15704345703125 0.0203857421875 0.0421295166015625
0.0155029296875 -0.166915893554688 -0.00468063354492188 0.0510520935058594
0.00473022460937499 -0.14208984375 0.06256103515625 -0.135650634765625
-0.0446853637695313 -0.12017822265625 -0.000671386718749999 -0.0912322998046875
-0.0917816162109375 -0.0752792358398438 -0.00271415710449219 -0.0282363891601563
-0.105339050292969 -0.00398254394531248 0.0215015411376953 -0.0285243988037109
-0.0766372680664063 0.0495071411132813 0.012481689453125 -0.0587997436523438
-0.0321426391601563 0.093505859375 -0.0176582336425781 -0.0642776489257813
0.00430297851562501 0.0900421142578125 -0.0378265380859375 -0.0613594055175781
0.0052642822265625 0.0855484008789063 -0.04583740234375 -0.0553436279296875
0.00666809082031251 0.0974273681640625 -0.0434646606445312 -0.0682334899902344
-0.0238265991210938 0.0926132202148438 -0.0131912231445312 -0.0752944946289063
-0.0737762451171875 0.063079833984375 0.0204391479492188 -0.077301025390625
-0.0945892333984375 0.0124282836914062 0.0476837158203125 -0.041259765625
-0.0821609497070313 -0.0768814086914063 0.0497856140136719 0.00614547729492187
-0.044281005859375 -0.120452880859375 0.00508594512939453 0.0090188980102539
0.007354736328125 -0.131950378417969 0.00777196884155274 -0.00515127182006837
-0.0171279907226563 -0.0919189453125 0.0693817138671875 -0.172134399414062
-0.0407638549804687 -0.0671920776367188 -0.000877380371093757 -0.113822937011719
-0.0568885803222656 -0.0313835144042969 -0.00567817687988281 -0.0332813262939453
-0.0553169250488281 0.000671386718750005 0.0261878967285156 -0.0345478057861328
-0.0395774841308594 0.0239067077636719 0.0155982971191406 -0.0658302307128906
-0.0224342346191406 0.0498771667480469 -0.0143280029296875 -0.0831375122070313
-0.00748825073242188 0.0529022216796875 -0.0452880859375 -0.0859298706054688
-0.0058135986328125 0.0505180358886719 -0.0558319091796875 -0.0765380859375
-0.008026123046875 0.0585784912109375 -0.0504913330078125 -0.0884552001953125
-0.0248985290527344 0.0482521057128906 -0.0138702392578125 -0.0961456298828125
-0.0513992309570313 0.0260124206542969 0.0229339599609375 -0.086029052734375
-0.0521240234375 -0.00522232055664062 0.0497512817382813 -0.0448150634765625
-0.0359992980957031 -0.0489959716796875 0.03973388671875 0.00177383422851562
-0.0208587646484375 -0.066558837890625 -0.00381755828857422 -0.0141868591308594
-0.000839233398437503 -0.07659912109375 0.0199928283691406 -0.0474433898925781
-0.03955078125 -0.0243072509765625 0.0710296630859375 -0.196823120117188
-0.0286445617675781 -0.00566482543945312 -0.00435638427734375 -0.127059936523438
-0.0149002075195313 0.013580322265625 -0.0139541625976563 -0.0372047424316406
0.000721931457519532 0.00754833221435547 0.0207748413085938 -0.0364265441894531
-0.000128746032714844 -0.00166404247283936 0.0177574157714844 -0.05999755859375
-0.00947666168212891 0.00230216979980469 -0.0122146606445313 -0.0854568481445313
-0.0143098831176758 0.00533390045166016 -0.0458984375 -0.0937423706054688
-0.0135765075683594 0.00697803497314453 -0.0557098388671875 -0.0858993530273438
-0.0194568634033203 0.0112266540527344 -0.0448379516601562 -0.097991943359375
-0.0220413208007813 -0.00111579895019531 -0.0093841552734375 -0.103118896484375
-0.0189952850341797 -0.0138416290283203 0.0305557250976563 -0.081695556640625
-0.000833511352539061 -0.0185165405273438 0.0513381958007813 -0.0373153686523438
0.00917911529541016 -0.00941658020019531 0.0301666259765625 0.00109672546386719
-0.000224724411964417 -9.59336757659912E-05 -0.00531768798828125 -0.0274848937988281
-0.0118894577026367 -0.0137357711791992 0.0279998779296875 -0.0731201171875
0.0341300964355469 -0.0526466369628906 -0.0118637084960938 0.0760650634765625
-0.0154876708984375 -0.0616569519042969 0.00740242004394531 0.0287666320800781
-0.0506439208984375 -0.029327392578125 -0.0207099914550781 -0.00963783264160156
-0.0461692810058594 0.0185585021972656 -0.0506591796875 0.022430419921875
-0.0216903686523438 0.0412063598632813 -0.0373916625976563 0.0582160949707031
0.0130081176757813 0.0453224182128906 0.00417327880859375 0.091796875
0.0308151245117188 0.0377197265625 0.044189453125 0.0945587158203125
0.0244674682617188 0.0350418090820313 0.0514373779296875 0.080078125
0.0255813598632813 0.0402259826660156 0.0393295288085937 0.0810012817382813
-1.52587890625001E-05 0.0474624633789063 0.0141830444335938 0.0804290771484375
-0.0320167541503906 0.0327281951904297 -0.00307083129882812 0.0507392883300781
-0.0460624694824219 -0.0013885498046875 -0.00291252136230469 0.0339145660400391
-0.02374267578125 -0.0438423156738281 0.0226936340332031 0.0546989440917969
0.0151023864746094 -0.0548820495605469 0.0207672119140625 0.125778198242187
0.0365753173828125 -0.0345726013183594 -0.07513427734375 0.198089599609375
0.042816162109375 -0.112937927246094 -0.00681686401367188 0.0545539855957031
-0.0250167846679688 -0.113510131835938 0.00366401672363281 0.0197353363037109
-0.0815048217773438 -0.07012939453125 -0.014622688293457 -0.0109577178955078
-0.0912094116210938 0.0102081298828125 -0.0407218933105469 0.012420654296875
-0.0577354431152344 0.0608787536621094 -0.0362815856933594 0.0383987426757813
-0.00051116943359375 0.086700439453125 -0.0052032470703125 0.0727081298828125
0.034912109375 0.0773391723632812 0.0297088623046875 0.0790939331054688
0.02874755859375 0.0730667114257813 0.0367813110351563 0.0648384094238281
0.030731201171875 0.0827102661132813 0.0272483825683594 0.0620155334472656
-0.00601959228515625 0.0871658325195313 0.0140151977539062 0.0591201782226563
-0.0604820251464844 0.0626106262207031 0.00536155700683594 0.0298748016357422
-0.0868072509765625 0.007049560546875 0.0114574432373047 0.0225124359130859
-0.0601882934570312 -0.0761947631835938 0.0404243469238281 0.0541801452636719
-0.00759124755859376 -0.110466003417969 0.0303115844726562 0.120773315429688
0.0402297973632813 -0.09698486328125 -0.05780029296875 0.18768310546875
0.0456085205078125 -0.158782958984375 0.00661849975585938 0.0166282653808594
-0.0320587158203125 -0.151351928710938 0.00180160999298096 -3.02791595459077E-05
-0.104789733886719 -0.100578308105469 -0.0101518630981445 -0.0125761032104492
-0.127960205078125 0.00111389160156252 -0.0268211364746094 0.00376701354980469
-0.0882339477539063 0.073333740234375 -0.0279960632324219 0.0142822265625
-0.0159454345703125 0.116226196289062 -0.0129547119140625 0.0434608459472656
0.0339584350585938 0.107307434082031 0.0105056762695313 0.0510940551757813
0.0282745361328125 0.100067138671875 0.0168838500976563 0.0395927429199219
0.0329513549804687 0.113777160644531 0.0101661682128906 0.0340290069580078
-0.00991058349609376 0.116523742675781 0.0111598968505859 0.0292110443115234
-0.0799102783203125 0.0872726440429688 0.0122051239013672 0.00193309783935547
-0.117599487304688 0.0204925537109375 0.0263710021972656 0.00730323791503906
-0.0959243774414063 -0.0951766967773438 0.0547828674316406 0.0461845397949219
-0.0362701416015625 -0.150802612304688 0.03497314453125 0.103927612304687
0.0340576171875 -0.144790649414063 -0.0373077392578125 0.155960083007813
0.0390777587890625 -0.180328369140625 0.0241050720214844 -0.0318279266357422
-0.039703369140625 -0.167556762695313 -0.000335693359375 -0.0276813507080078
-0.117500305175781 -0.114479064941406 -0.00787734985351563 -0.0149869918823242
-0.145599365234375 -0.00473022460937498 -0.00970077514648438 -0.00580406188964844
-0.10443115234375 0.07598876953125 -0.0152616500854492 -0.0127172470092773
-0.0271530151367187 0.129158020019531 -0.0172042846679687 0.00679492950439454
0.0274429321289062 0.120475769042969 -0.00897312164306641 0.0143861770629883
0.0243911743164062 0.111541748046875 -0.00576686859130859 0.00867795944213868
0.0307464599609375 0.126449584960937 -0.011378288269043 -0.000120162963867181
-0.0116119384765625 0.128440856933594 0.00317716598510742 -0.00815200805664062
-0.0882568359375 0.0995864868164062 0.0149650573730469 -0.0289745330810547
-0.132476806640625 0.030487060546875 0.0359230041503906 -0.011383056640625
-0.117889404296875 -0.09991455078125 0.0605010986328125 0.0328826904296875
-0.05718994140625 -0.166458129882813 0.0314178466796875 0.074951171875
0.0240325927734375 -0.16961669921875 -0.0186920166015625 0.105857849121094
0.0249176025390625 -0.17510986328125 0.0423431396484375 -0.0846939086914063
-0.0460205078125 -0.157485961914063 -0.00205230712890625 -0.0591926574707031
-0.113975524902344 -0.10595703125 -0.00527954101562501 -0.0203990936279297
-0.13897705078125 -0.00557708740234372 0.00815105438232421 -0.0171318054199219
-0.0992507934570313 0.06787109375 -0.000560760498046879 -0.0379142761230469
-0.0318832397460938 0.121620178222656 -0.0177173614501953 -0.0318145751953125
0.018157958984375 0.11468505859375 -0.0263214111328125 -0.0242424011230469
0.0172271728515625 0.106285095214844 -0.0274543762207031 -0.0240631103515625
0.0216064453125 0.120758056640625 -0.0311908721923828 -0.0322418212890625
-0.0154647827148438 0.120742797851563 -0.00692749023437501 -0.0436019897460937
-0.0852890014648438 0.092041015625 0.0147628784179687 -0.0575408935546875
-0.124221801757813 0.0293731689453125 0.0420036315917969 -0.029510498046875
-0.113548278808594 -0.0923995971679687 0.0569000244140625 0.0180816650390625
-0.0615692138671875 -0.15692138671875 0.0177955627441406 0.0413551330566406
0.0140533447265625 -0.165313720703125 -0.00445556640625 0.0471649169921875
0.00427246093749999 -0.142669677734375 0.0561981201171875 -0.134201049804688
-0.0461578369140625 -0.121734619140625 -0.00233459472656251 -0.088653564453125
-0.0919723510742188 -0.0753097534179687 -0.00424003601074219 -0.0257854461669922
-0.106132507324219 -0.00347137451171876 0.0210113525390625 -0.0273170471191406
-0.0768814086914062 0.0499649047851563 0.0111541748046875 -0.0570793151855469
-0.0303802490234375 0.0945510864257813 -0.0174217224121094 -0.0626411437988281
0.00741577148437499 0.0904769897460938 -0.0389900207519531 -0.0591850280761719
0.00646209716796876 0.0851669311523438 -0.0446395874023438 -0.0531692504882812
0.00917816162109375 0.097564697265625 -0.0446319580078125 -0.0639152526855469
-0.0208511352539062 0.0928421020507813 -0.0145034790039063 -0.07373046875
-0.0732040405273438 0.0656051635742187 0.0166015625 -0.0776214599609375
-0.0950469970703125 0.0148468017578125 0.04498291015625 -0.0414314270019531
-0.0833511352539062 -0.075653076171875 0.0483360290527344 0.00735473632812499
-0.0468215942382813 -0.120071411132813 0.00422430038452148 0.00870466232299804
0.00773620605468751 -0.132728576660156 0.00808906555175781 -0.00862741470336915
-0.0166397094726562 -0.089874267578125 0.0655670166015625 -0.172210693359375
-0.0406150817871094 -0.0669403076171875 -0.00428009033203126 -0.111709594726563
-0.0558624267578125 -0.0315399169921875 -0.00633811950683594 -0.0321769714355469
-0.0563430786132813 0.00262451171875 0.0252418518066406 -0.0347461700439453
-0.0393714904785156 0.0245933532714844 0.0164794921875 -0.0644454956054688
-0.0205078125 0.0511436462402344 -0.01495361328125 -0.081573486328125
-0.00463485717773438 0.0523757934570313 -0.045928955078125 -0.0820770263671875
-0.004241943359375 0.0505104064941406 -0.0543136596679688 -0.0738677978515625
-0.005401611328125 0.0599594116210938 -0.05023193359375 -0.0852279663085938
-0.0241355895996094 0.0506095886230469 -0.0161895751953125 -0.0934906005859375
-0.0504264831542969 0.0276031494140625 0.0211868286132813 -0.0849075317382813
-0.0519866943359375 -0.00508880615234374 0.0483245849609375 -0.0440330505371094
-0.0372161865234375 -0.04791259765625 0.0387649536132813 0.002838134765625
-0.0232772827148438 -0.0660858154296875 -0.00456619262695313 -0.0149335861206055
0.000587463378906256 -0.0788803100585938 0.0192985534667969 -0.0518035888671875
-0.0358810424804688 -0.024383544921875 0.0657958984375 -0.196014404296875
-0.0290546417236328 -0.00771522521972655 -0.00738525390625001 -0.126396179199219
-0.0153284072875977 0.0133543014526367 -0.0152931213378906 -0.0357017517089844
-0.00158214569091797 0.0071711540222168 0.0191154479980469 -0.0364341735839844
0.000651121139526367 -0.00173676013946533 0.0154190063476563 -0.0611648559570313
-0.00937271118164062 0.00276470184326172 -0.013885498046875 -0.08441162109375
-0.0140676498413086 0.00705909729003906 -0.0473403930664062 -0.0919265747070313
-0.0138921737670898 0.00880622863769531 -0.055511474609375 -0.0850753784179688
-0.0188198089599609 0.0125942230224609 -0.0479049682617188 -0.0963287353515625
-0.0218372344970703 0.00205802917480468 -0.0116500854492188 -0.101661682128906
-0.0198650360107422 -0.0120353698730469 0.0261001586914063 -0.080322265625
-0.00297927856445313 -0.0188331604003906 0.0486412048339844 -0.0389289855957031
0.00777339935302734 -0.012211799621582 0.0298671722412109 0.00189971923828125
-0.000725984573364258 -0.00309848785400391 -0.00644874572753907 -0.0281982421875
-0.0103721618652344 -0.0138454437255859 0.0267257690429688 -0.0751953125
0.0333328247070313 -0.05224609375 -0.0121383666992188 0.0800323486328125
-0.0152015686035156 -0.0598602294921875 0.00768661499023437 0.0317821502685547
-0.0503425598144531 -0.0291862487792969 -0.0205326080322266 -0.00989532470703125
-0.0447921752929687 0.018524169921875 -0.0507125854492188 0.0224723815917969
-0.0215263366699219 0.0406608581542969 -0.0382843017578125 0.0579566955566406
0.0136795043945313 0.0444908142089844 0.00384521484375 0.0920639038085937
0.0308876037597656 0.0367660522460938 0.04541015625 0.0957107543945313
0.0244197845458984 0.0341930389404297 0.05126953125 0.0813217163085938
0.0259132385253906 0.0392341613769531 0.0390701293945313 0.0827255249023438
0.00223922729492188 0.046600341796875 0.0142059326171875 0.0803909301757813
-0.0303859710693359 0.0336055755615234 -0.00347900390625 0.0516395568847656
-0.0462074279785156 -0.000915527343749997 -0.00295257568359375 0.0343132019042969
-0.0235710144042969 -0.04345703125 0.0231437683105469 0.0541839599609375
0.0132408142089844 -0.0551567077636719 0.0192794799804687 0.126686096191406
0.0347633361816406 -0.0347785949707031 -0.0772705078125 0.20025634765625
0.042938232421875 -0.112945556640625 -0.00764083862304688 0.0590782165527344
-0.0248794555664063 -0.111419677734375 0.0040435791015625 0.0226459503173828
-0.0814437866210938 -0.0694351196289063 -0.0146055221557617 -0.0104169845581055
-0.0915374755859375 0.0101318359375 -0.0411567687988281 0.0130615234375
-0.0575141906738281 0.0612068176269531 -0.0372047424316406 0.038360595703125
0.000160217285156241 0.086456298828125 -0.0055389404296875 0.07330322265625
0.035430908203125 0.0779342651367187 0.0298919677734375 0.0799407958984375
0.0290298461914063 0.0723876953125 0.0378341674804688 0.0662384033203125
0.0313949584960938 0.0823440551757813 0.0271720886230469 0.0632400512695313
-0.00495147705078126 0.087249755859375 0.0143661499023437 0.0599479675292969
-0.0601692199707031 0.0636940002441406 0.00495147705078124 0.0304946899414063
-0.0872955322265625 0.00791168212890624 0.0115242004394531 0.0241031646728516
-0.0610885620117187 -0.0768585205078125 0.0401573181152344 0.0535392761230469
-0.009857177734375 -0.110771179199219 0.0290756225585938 0.122100830078125
0.0391921997070312 -0.0971145629882813 -0.0591583251953125 0.188720703125
0.04656982421875 -0.158935546875 0.00530242919921875 0.0209331512451172
-0.032257080078125 -0.150405883789063 0.0014955997467041 0.00316166877746581
-0.104263305664062 -0.101524353027344 -0.0104236602783203 -0.0118303298950195
-0.128219604492187 0.00106811523437498 -0.0263481140136719 0.00431060791015625
-0.0879974365234375 0.0729522705078125 -0.0288372039794922 0.0146217346191406
-0.0150527954101562 0.117416381835938 -0.0132865905761719 0.0438003540039063
0.0344314575195312 0.108367919921875 0.0113868713378906 0.0519371032714844
0.029693603515625 0.100730895996094 0.0182304382324219 0.0407066345214844
0.033721923828125 0.1136474609375 0.00961685180664063 0.03570556640625
-0.00861358642578124 0.116775512695313 0.0111846923828125 0.0295333862304688
-0.08001708984375 0.0887832641601563 0.0110960006713867 0.00270557403564454
-0.118553161621094 0.0213851928710938 0.0255088806152344 0.00844001770019531
-0.0969772338867188 -0.0959243774414063 0.0535964965820313 0.0462760925292969
-0.036956787109375 -0.151153564453125 0.0337142944335937 0.105300903320313
0.03460693359375 -0.146026611328125 -0.038177490234375 0.156326293945313
0.0402069091796875 -0.1810302734375 0.0228004455566406 -0.0286407470703125
-0.039337158203125 -0.167709350585938 -0.00127983093261719 -0.0247306823730469
-0.117111206054687 -0.116073608398438 -0.00766944885253907 -0.0143356323242188
-0.147171020507813 -0.00411987304687499 -0.0095806121826172 -0.0053863525390625
-0.103973388671875 0.0761184692382813 -0.0151777267456055 -0.0117330551147461
-0.026763916015625 0.131050109863281 -0.0169887542724609 0.00751876831054688
0.0290069580078125 0.122505187988281 -0.00812244415283203 0.0154447555541992
0.025543212890625 0.112808227539063 -0.00426769256591797 0.00938606262207032
0.0310592651367188 0.127708435058594 -0.0103597640991211 0.0019521713256836
-0.0108261108398437 0.129592895507812 0.00350284576416015 -0.00667953491210937
-0.0884780883789062 0.101470947265625 0.0144596099853516 -0.0284519195556641
-0.13299560546875 0.0315704345703125 0.0356216430664063 -0.0103492736816406
-0.11920166015625 -0.100608825683594 0.0600929260253906 0.0331687927246094
-0.0582275390625 -0.167816162109375 0.0288162231445312 0.0758895874023437
0.025299072265625 -0.17120361328125 -0.0207366943359375 0.105735778808594
0.0259552001953125 -0.176361083984375 0.0408477783203125 -0.0824050903320313
-0.045257568359375 -0.158447265625 -0.00320816040039063 -0.0573081970214844
-0.114532470703125 -0.107337951660156 -0.00634193420410157 -0.0190143585205078
-0.140640258789063 -0.00529479980468748 0.00762653350830077 -0.0165596008300781
-0.100715637207031 0.0681991577148438 -0.00046920776367188 -0.0373916625976562
-0.0315399169921875 0.123428344726562 -0.0179595947265625 -0.0303745269775391
0.019561767578125 0.1165771484375 -0.0256919860839844 -0.0237102508544922
0.0183258056640625 0.10784912109375 -0.0265903472900391 -0.0232429504394531
0.0230255126953125 0.123382568359375 -0.0301399230957031 -0.0321712493896484
-0.014923095703125 0.1217041015625 -0.00658416748046875 -0.042999267578125
-0.0862503051757813 0.0944976806640625 0.01458740234375 -0.0569114685058594
-0.125190734863281 0.03021240234375 0.0414352416992188 -0.0283622741699219
-0.115020751953125 -0.0937652587890625 0.0569419860839844 0.019134521484375
-0.06219482421875 -0.15728759765625 0.0165290832519531 0.0413322448730469
0.0163421630859375 -0.167282104492187 -0.00573348999023437 0.0459175109863281
0.00621032714843751 -0.144760131835938 0.0556488037109375 -0.1328125
-0.0455093383789063 -0.122978210449219 -0.00415802001953126 -0.0875625610351563
-0.0916519165039062 -0.0771026611328125 -0.00531387329101563 -0.0250358581542969
-0.108200073242187 -0.00226593017578125 0.0202579498291016 -0.0272998809814453
-0.07781982421875 0.0507659912109375 0.011199951171875 -0.0561714172363281
-0.0291061401367187 0.0950851440429688 -0.0169868469238281 -0.0614013671875
0.00833892822265624 0.0923233032226563 -0.0390510559082031 -0.0584640502929688
0.00789642333984375 0.0867691040039063 -0.0435791015625 -0.052581787109375
0.00950622558593749 0.0993881225585938 -0.0446739196777344 -0.0626411437988281
-0.0201568603515625 0.0939712524414063 -0.0136871337890625 -0.0734329223632813
-0.072967529296875 0.0670394897460938 0.0156631469726562 -0.0770721435546875
-0.0967025756835938 0.01605224609375 0.0442581176757812 -0.04071044921875
-0.0843353271484375 -0.0763397216796875 0.0480194091796875 0.00782012939453124
-0.047271728515625 -0.121757507324219 0.00368022918701172 0.00876379013061523
0.00956726074218751 -0.134895324707031 0.00664901733398438 -0.0109214782714844
-0.0151824951171875 -0.0916748046875 0.0649871826171875 -0.172073364257813
-0.0399436950683594 -0.0693283081054688 -0.0051116943359375 -0.112930297851563
-0.0561599731445312 -0.0333404541015625 -0.00761985778808594 -0.0310916900634766
-0.0580978393554688 0.00210189819335937 0.0245723724365234 -0.0345325469970703
-0.0413818359375 0.0252342224121094 0.0174789428710937 -0.0643234252929688
-0.0208969116210937 0.053131103515625 -0.014984130859375 -0.0804519653320313
-0.00388336181640625 0.0544281005859375 -0.04638671875 -0.0826339721679687
-0.003265380859375 0.0526695251464844 -0.0536727905273437 -0.0748519897460938
-0.00571060180664062 0.0615043640136719 -0.050506591796875 -0.0849075317382812
-0.0236625671386719 0.0519332885742188 -0.0152435302734375 -0.0933837890625
-0.0508384704589844 0.0287208557128906 0.0201339721679687 -0.0844268798828125
-0.0534896850585937 -0.00339508056640626 0.0472564697265625 -0.0430831909179687
-0.0382728576660156 -0.0497322082519531 0.0382843017578125 0.0028076171875
-0.022552490234375 -0.0682601928710938 -0.00432968139648438 -0.015803337097168
0.00374603271484375 -0.080810546875 0.0184249877929688 -0.054412841796875
-0.03399658203125 -0.0251274108886719 0.0652618408203125 -0.196548461914063
-0.0283908843994141 -0.00947189331054688 -0.0080108642578125 -0.127700805664063
-0.0154695510864258 0.0118646621704102 -0.0153923034667969 -0.0360488891601563
-0.00298118591308594 0.00679445266723633 0.0187263488769531 -0.0364227294921875
-0.00115120410919189 -0.00139760971069336 0.0160865783691406 -0.0605125427246094
-0.00979995727539063 0.00395965576171875 -0.0132598876953125 -0.0849990844726563
-0.0145044326782227 0.00821781158447266 -0.0471572875976563 -0.0925521850585938
-0.0134181976318359 0.0103092193603516 -0.0561752319335937 -0.0852432250976563
-0.0184116363525391 0.0137500762939453 -0.0482177734375 -0.0965728759765625
-0.0223808288574219 0.00360107421875 -0.0123825073242187 -0.101333618164063
-0.0207462310791016 -0.0109481811523438 0.0266952514648437 -0.0803375244140625
-0.00397300720214844 -0.0178813934326172 0.04864501953125 -0.0381927490234375
0.00711345672607422 -0.012486457824707 0.0297069549560547 0.00263786315917969
-0.000718355178833008 -0.00434541702270508 -0.00718498229980469 -0.0291614532470703
-0.00816059112548828 -0.0155496597290039 0.0264968872070313 -0.0783843994140625
0.0336532592773438 -0.0521736145019531 -0.0126495361328125 0.0849380493164063
-0.0157127380371094 -0.0595474243164063 0.00851821899414062 0.0347862243652344
-0.0504493713378906 -0.0291290283203125 -0.0197963714599609 -0.00955581665039063
-0.0452117919921875 0.0184211730957031 -0.0521736145019531 0.0227088928222656
-0.0209236145019531 0.0410881042480469 -0.0397682189941406 0.0594902038574219
0.0144081115722656 0.0445594787597656 0.00372314453124999 0.0945587158203125
0.0316390991210938 0.0368995666503906 0.0461349487304687 0.0992279052734375
0.0254478454589844 0.0339183807373047 0.0526504516601563 0.0838851928710938
0.0272331237792969 0.0387306213378906 0.0393905639648437 0.085601806640625
0.00336456298828125 0.046875 0.0139083862304688 0.082550048828125
-0.0305194854736328 0.0345916748046875 -0.00450515747070312 0.052947998046875
-0.046600341796875 -0.000457763671874999 -0.00339889526367188 0.0353927612304688
-0.0237960815429688 -0.0443687438964844 0.0231208801269531 0.0560455322265625
0.0120925903320312 -0.0554771423339844 0.0191116333007812 0.131233215332031
0.0343818664550781 -0.0350093841552734 -0.0800628662109375 0.205657958984375
0.0443572998046875 -0.115516662597656 -0.00835418701171875 0.0636367797851562
-0.0253143310546875 -0.113082885742188 0.00427818298339843 0.0260829925537109
-0.082763671875 -0.071044921875 -0.0137720108032227 -0.0106954574584961
-0.0929718017578125 0.0101318359375 -0.0417098999023438 0.0133323669433594
-0.0586357116699219 0.0623435974121094 -0.0379753112792969 0.0390815734863281
0.000610351562500003 0.0882110595703125 -0.0062713623046875 0.07598876953125
0.0367279052734375 0.079864501953125 0.0312271118164063 0.0830307006835938
0.030181884765625 0.0739822387695313 0.0391998291015625 0.0682106018066406
0.0330352783203125 0.0834808349609375 0.0276412963867188 0.0662689208984375
-0.00396728515624999 0.0887298583984375 0.0149917602539063 0.0614967346191406
-0.0608787536621094 0.0665206909179688 0.00373649597167968 0.0316715240478516
-0.0895843505859375 0.00942993164062502 0.0113906860351562 0.0256576538085938
-0.0629730224609375 -0.0788345336914063 0.0400772094726562 0.0547904968261719
-0.011077880859375 -0.113784790039063 0.0283126831054687 0.126564025878906
0.03985595703125 -0.0999069213867188 -0.0619354248046875 0.19415283203125
0.0484161376953125 -0.162582397460938 0.00443077087402344 0.0250949859619141
-0.032257080078125 -0.153305053710938 0.000868797302246092 0.00626182556152343
-0.106689453125 -0.104759216308594 -0.0100717544555664 -0.0115575790405274
-0.131156921386719 0.00135803222656253 -0.0279388427734375 0.00502014160156251
-0.0899276733398438 0.0750808715820313 -0.02996826171875 0.0148410797119141
-0.0137939453125 0.120399475097656 -0.0133399963378906 0.0460968017578125
0.0366668701171875 0.111503601074219 0.0121383666992188 0.0543899536132813
0.0309906005859375 0.103141784667969 0.0193824768066406 0.042755126953125
0.0356369018554687 0.11712646484375 0.0102348327636719 0.0380172729492188
-0.00769805908203125 0.119705200195312 0.0114173889160156 0.0303230285644531
-0.0811614990234375 0.0927810668945312 0.0104255676269531 0.00286102294921876
-0.121894836425781 0.0229644775390625 0.0254154205322266 0.0102558135986328
-0.100257873535156 -0.09893798828125 0.0544395446777344 0.0475234985351562
-0.0390625 -0.155792236328125 0.032257080078125 0.108657836914062
0.03570556640625 -0.151031494140625 -0.04095458984375 0.160140991210938
0.04278564453125 -0.185836791992188 0.0221214294433594 -0.0255298614501953
-0.040130615234375 -0.171798706054688 -0.002105712890625 -0.0229282379150391
-0.120429992675781 -0.120124816894531 -0.00847816467285157 -0.013763427734375
-0.151153564453125 -0.00430297851562498 -0.0102310180664063 -0.0052804946899414
-0.107200622558594 0.0787429809570313 -0.015904426574707 -0.0115165710449219
-0.0260162353515625 0.134834289550781 -0.0172252655029297 0.00960159301757814
0.0308837890625 0.125846862792969 -0.0081186294555664 0.0168428421020508
0.0270614624023438 0.116172790527344 -0.00353908538818359 0.0103578567504883
0.0335464477539062 0.131881713867188 -0.0105714797973633 0.00394439697265626
-0.010528564453125 0.132469177246094 0.00394535064697266 -0.00651359558105468
-0.0906524658203125 0.10589599609375 0.0133438110351562 -0.0284099578857422
-0.136856079101563 0.0330657958984375 0.0359725952148437 -0.00934219360351562
-0.123100280761719 -0.104667663574219 0.0606842041015625 0.0342445373535156
-0.0603179931640625 -0.1728515625 0.0279998779296875 0.0782470703125
0.0277557373046875 -0.176971435546875 -0.0229110717773438 0.107421875
0.0281982421875 -0.181289672851563 0.04095458984375 -0.0817489624023438
-0.0453033447265625 -0.16314697265625 -0.00373077392578126 -0.0563087463378906
-0.117576599121094 -0.111579895019531 -0.00655174255371094 -0.0186595916748047
-0.145172119140625 -0.00439453125000001 0.0074024200439453 -0.0160741806030273
-0.104141235351563 0.0712814331054687 -0.00041961669921876 -0.0374107360839844
-0.0311737060546875 0.127548217773438 -0.0182876586914063 -0.0295944213867187
0.021453857421875 0.120361328125 -0.0257797241210938 -0.0236473083496094
0.01947021484375 0.111747741699219 -0.0258731842041016 -0.0232734680175781
0.0242691040039063 0.127494812011719 -0.0306415557861328 -0.0311641693115234
-0.0144119262695312 0.125038146972656 -0.0058441162109375 -0.0433120727539063
-0.0884933471679688 0.0983123779296875 0.0139122009277344 -0.0574531555175781
-0.129409790039063 0.031829833984375 0.0424270629882812 -0.0278968811035156
-0.118583679199219 -0.0972671508789063 0.0574760437011719 0.0196952819824219
-0.06353759765625 -0.162673950195313 0.0150642395019531 0.0431861877441406
0.0197906494140625 -0.173233032226563 -0.00773620605468749 0.0459785461425781
0.0085601806640625 -0.149795532226563 0.0566940307617188 -0.13433837890625
-0.0464553833007813 -0.127754211425781 -0.00438690185546874 -0.08892822265625
-0.0942611694335937 -0.081085205078125 -0.00582313537597657 -0.0255966186523438
-0.112129211425781 -0.00170135498046877 0.0203514099121094 -0.0276927947998047
-0.08087158203125 0.052947998046875 0.011810302734375 -0.0569915771484375
-0.029266357421875 0.0992202758789062 -0.0165557861328125 -0.0623283386230469
0.00959014892578125 0.0958251953125 -0.0395927429199219 -0.059326171875
0.008514404296875 0.0903549194335937 -0.0433502197265625 -0.0539321899414062
0.0103073120117188 0.104095458984375 -0.0456161499023438 -0.0629806518554688
-0.0203933715820313 0.0974044799804688 -0.0135955810546875 -0.0747756958007813
-0.0754776000976563 0.0709304809570313 0.0151290893554687 -0.07843017578125
-0.100433349609375 0.0170211791992187 0.0454597473144531 -0.0402450561523438
-0.0880355834960938 -0.0792465209960938 0.0492095947265625 0.00870132446289062
-0.048187255859375 -0.126495361328125 0.00163984298706054 0.00876045227050781
0.0130844116210938 -0.140357971191406 0.00603961944580078 -0.0121421813964844
-0.0137710571289063 -0.0949859619140625 0.0665435791015625 -0.176101684570313
-0.0399093627929688 -0.072479248046875 -0.00526428222656249 -0.114395141601562
-0.0573959350585937 -0.0362510681152344 -0.00831031799316406 -0.031951904296875
-0.0604591369628906 0.00234603881835939 0.0244178771972656 -0.03558349609375
-0.0436210632324219 0.0268898010253906 0.0177345275878906 -0.0652313232421875
-0.0211906433105469 0.0560455322265625 -0.0146713256835938 -0.0824050903320313
-0.00297546386718751 0.0564155578613281 -0.0472488403320312 -0.08477783203125
-0.00259017944335937 0.055419921875 -0.0541763305664063 -0.076751708984375
-0.00507354736328125 0.0646743774414063 -0.0518417358398437 -0.0863876342773438
-0.0242233276367187 0.0547332763671875 -0.01495361328125 -0.09515380859375
-0.0527839660644531 0.0307579040527344 0.0202865600585938 -0.0861053466796875
-0.0567436218261719 -0.00354003906249999 0.0480232238769531 -0.0431442260742188
-0.04058837890625 -0.0517425537109375 0.0394363403320313 0.00346755981445312
-0.0226364135742187 -0.0709152221679688 -0.00595378875732422 -0.0169210433959961
0.00540924072265625 -0.0848312377929688 0.0182380676269531 -0.0580596923828125
-0.0334644317626953 -0.0265026092529297 0.0674896240234375 -0.201934814453125
-0.0287208557128906 -0.0105438232421875 -0.00857543945312502 -0.131515502929688
-0.0151786804199219 0.0112781524658203 -0.0165824890136719 -0.037200927734375
-0.00404834747314453 0.00641012191772461 0.0190200805664062 -0.0369338989257813
-0.00226807594299316 -0.00116491317749023 0.0173759460449219 -0.061309814453125
-0.010493278503418 0.00575065612792969 -0.0130081176757813 -0.0870895385742187
-0.0140705108642578 0.00937747955322265 -0.048370361328125 -0.0950164794921875
-0.0132236480712891 0.0116109848022461 -0.0569534301757813 -0.0879440307617187
-0.0188655853271484 0.0159912109375 -0.048736572265625 -0.0987014770507812
-0.0230789184570313 0.00494003295898437 -0.0119171142578125 -0.103271484375
-0.0219326019287109 -0.0106544494628906 0.02667236328125 -0.082550048828125
-0.00596046447753906 -0.0177364349365234 0.0499076843261719 -0.0386505126953125
0.00689125061035156 -0.0137805938720703 0.0306854248046875 0.00321197509765625
-0.000293731689453124 -0.00583076477050781 -0.00748443603515625 -0.0314903259277344
-0.00666427612304688 -0.0181465148925781 0.0265655517578125 -0.0829849243164062
0.034393310546875 -0.0540733337402344 -0.011962890625 0.0924453735351563
-0.0175056457519531 -0.0597953796386719 0.00925064086914062 0.0386772155761719
-0.0524215698242188 -0.0294609069824219 -0.0200538635253906 -0.0099945068359375
-0.0461235046386719 0.0192146301269531 -0.0535202026367187 0.0245132446289063
-0.0209388732910156 0.0430564880371094 -0.0409584045410156 0.062286376953125
0.0157737731933594 0.0456809997558594 0.00485992431640624 0.0985641479492188
0.0338363647460938 0.0373764038085938 0.0496902465820313 0.102737426757813
0.0270919799804687 0.0342006683349609 0.0564193725585938 0.0872726440429688
0.0290756225585937 0.0383491516113281 0.0434417724609375 0.0892486572265625
0.00467681884765625 0.0479316711425781 0.0158920288085938 0.0862274169921875
-0.0304641723632812 0.0369071960449219 -0.00404739379882813 0.0553512573242188
-0.0482673645019531 0.00121307373046876 -0.0030670166015625 0.0374565124511719
-0.0260353088378906 -0.0452537536621094 0.0243568420410156 0.057861328125
0.0103225708007812 -0.0579795837402344 0.021514892578125 0.137863159179688
0.0338211059570313 -0.0365676879882813 -0.0805816650390625 0.2161865234375
0.0439834594726563 -0.120834350585937 -0.00872039794921875 0.0707473754882812
-0.0282516479492188 -0.115592956542969 0.00522804260253906 0.0301475524902344
-0.0864715576171875 -0.0731964111328125 -0.0142707824707031 -0.0109233856201172
-0.0961685180664062 0.0120468139648437 -0.0432090759277344 0.0150108337402344
-0.0597419738769531 0.0653762817382813 -0.0394973754882813 0.0411109924316406
0.0030670166015625 0.09185791015625 -0.00524139404296875 0.0797271728515625
0.0407028198242188 0.0824508666992188 0.0343551635742187 0.086334228515625
0.03277587890625 0.0757369995117188 0.0425033569335937 0.070953369140625
0.0368576049804688 0.0855941772460938 0.0304336547851563 0.07012939453125
-0.00135803222656249 0.0919570922851563 0.016357421875 0.0641326904296875
-0.0607147216796875 0.0710678100585937 0.00391960144042968 0.032745361328125
-0.0933685302734375 0.0115585327148437 0.012176513671875 0.0270671844482422
-0.0678558349609375 -0.0815200805664063 0.0423355102539062 0.0566024780273437
-0.0147171020507812 -0.118064880371094 0.0304794311523438 0.132431030273438
0.0400009155273437 -0.10467529296875 -0.062347412109375 0.203231811523438
0.048858642578125 -0.17041015625 0.00421333312988282 0.0295982360839844
-0.0358428955078125 -0.158126831054688 0.000732421874999998 0.00942325592041015
-0.112388610839844 -0.107986450195313 -0.0105981826782227 -0.011570930480957
-0.136192321777344 0.00389099121093752 -0.0292110443115234 0.00559425354003906
-0.092041015625 0.0796661376953125 -0.0310649871826172 0.0160598754882813
-0.0112838745117187 0.125556945800781 -0.0135040283203125 0.04974365234375
0.0412368774414063 0.11553955078125 0.0145797729492187 0.0569534301757813
0.0345001220703125 0.106552124023438 0.0222854614257812 0.0444107055664063
0.0403366088867188 0.120414733886719 0.0118827819824219 0.0409660339355469
-0.00434112548828125 0.124588012695313 0.0122299194335937 0.0313816070556641
-0.0824813842773438 0.0995712280273438 0.00967788696289062 0.00362586975097657
-0.126976013183594 0.0266647338867187 0.0266361236572266 0.0110549926757813
-0.107208251953125 -0.101768493652344 0.0566062927246094 0.0486297607421875
-0.04425048828125 -0.161376953125 0.034576416015625 0.113677978515625
0.03594970703125 -0.158767700195312 -0.04156494140625 0.167236328125
0.0425262451171875 -0.19415283203125 0.0219440460205078 -0.0238800048828125
-0.043914794921875 -0.178146362304688 -0.00271415710449219 -0.0210609436035156
-0.12762451171875 -0.124031066894531 -0.00866794586181641 -0.0142440795898438
-0.157562255859375 -0.00123596191406249 -0.0109643936157227 -0.00504207611083984
-0.110206604003906 0.0836563110351563 -0.0179100036621094 -0.0119304656982422
-0.0233612060546875 0.141464233398438 -0.0174045562744141 0.0114908218383789
0.035491943359375 0.131462097167969 -0.00743484497070312 0.0189247131347656
0.0311965942382812 0.120864868164063 -0.00211906433105468 0.0110082626342774
0.038299560546875 0.137847900390625 -0.0104055404663086 0.00603485107421876
-0.00783538818359376 0.138587951660156 0.00361251831054687 -0.00661706924438476
-0.0919189453125 0.113639831542969 0.0120334625244141 -0.0291671752929687
-0.142776489257812 0.0378875732421875 0.0377120971679687 -0.00908660888671875
-0.130851745605469 -0.107902526855469 0.0629844665527344 0.0354423522949219
-0.0659332275390625 -0.179672241210937 0.0288467407226563 0.0821151733398437
0.028045654296875 -0.186477661132813 -0.0234603881835938 0.112129211425781
0.02886962890625 -0.190048217773438 0.0405197143554688 -0.0829391479492188
-0.049072265625 -0.169906616210938 -0.00533294677734376 -0.0568504333496094
-0.124320983886719 -0.115936279296875 -0.00704193115234376 -0.0189685821533203
-0.152267456054688 -0.00128173828125003 0.00690841674804686 -0.0162372589111328
-0.107551574707031 0.0768890380859375 -0.0017852783203125 -0.0390968322753906
-0.0289535522460937 0.134284973144531 -0.0189323425292969 -0.0292701721191406
0.025909423828125 0.125930786132813 -0.0265026092529297 -0.0230388641357422
0.022979736328125 0.116851806640625 -0.0256938934326172 -0.0236244201660156
0.0294189453125 0.133697509765625 -0.0321216583251953 -0.0305519104003906
-0.011993408203125 0.130958557128906 -0.00708770751953125 -0.0450210571289062
-0.0904083251953125 0.105926513671875 0.0126075744628906 -0.059417724609375
-0.134765625 0.0363693237304688 0.0436515808105469 -0.0284805297851562
-0.126434326171875 -0.100631713867188 0.0598602294921875 0.0203475952148437
-0.0690765380859375 -0.169036865234375 0.0151481628417969 0.04498291015625
0.0196380615234375 -0.182907104492188 -0.00825119018554688 0.0469894409179687
0.00830078125000001 -0.156402587890625 0.0559768676757813 -0.139541625976563
-0.0492401123046875 -0.133247375488281 -0.006744384765625 -0.091644287109375
-0.100906372070313 -0.0852737426757812 -0.00747299194335938 -0.0260086059570313
-0.118171691894531 0.000869750976562475 0.0200004577636719 -0.02789306640625
-0.0843734741210938 0.0572738647460938 0.0110969543457031 -0.0591506958007813
-0.027984619140625 0.105262756347656 -0.0179672241210938 -0.0636482238769531
0.012847900390625 0.100791931152344 -0.0416488647460938 -0.0611343383789063
0.011260986328125 0.0948562622070312 -0.0452461242675781 -0.0557632446289063
0.0143203735351563 0.109825134277344 -0.0476112365722656 -0.0639610290527344
-0.0185089111328125 0.102348327636719 -0.0153350830078125 -0.0769882202148438
-0.0778961181640625 0.0771255493164063 0.0143890380859375 -0.0809860229492187
-0.105636596679688 0.02001953125 0.04681396484375 -0.0416259765625
-0.0933914184570313 -0.08270263671875 0.050933837890625 0.00864028930664062
-0.0516128540039063 -0.132026672363281 0.0010080337524414 0.00919818878173827
0.0143280029296875 -0.14886474609375 0.00472164154052735 -0.0140590667724609
-0.0136642456054687 -0.0997772216796875 0.0666046142578125 -0.183700561523437
-0.0415496826171875 -0.0766067504882813 -0.00831604003906251 -0.119773864746094
-0.0607528686523438 -0.0389022827148438 -0.0101127624511719 -0.0326976776123047
-0.0645294189453125 0.00382995605468751 0.0247268676757812 -0.0363082885742188
-0.0461006164550781 0.0297431945800781 0.0173835754394531 -0.067718505859375
-0.0205230712890625 0.05975341796875 -0.0157928466796875 -0.0848312377929688
-0.00135421752929688 0.0602149963378906 -0.0503921508789063 -0.0872802734375
-0.00141143798828125 0.0584602355957031 -0.0571517944335937 -0.0791015625
-0.00286865234375 0.0690689086914063 -0.0549697875976563 -0.089385986328125
-0.0235710144042969 0.0582847595214844 -0.0177078247070312 -0.0987625122070313
-0.0552101135253906 0.0342597961425781 0.018951416015625 -0.089111328125
-0.060028076171875 -0.00195693969726563 0.0497779846191406 -0.0449600219726563
-0.0439643859863281 -0.054901123046875 0.0411872863769531 0.00283050537109375
-0.0245819091796875 -0.074676513671875 -0.00760459899902344 -0.0182056427001953
0.00689697265624999 -0.0911407470703125 0.0174903869628906 -0.0620880126953125
-0.0336456298828125 -0.0277099609375 0.066802978515625 -0.211257934570313
-0.0290164947509766 -0.0118694305419922 -0.011322021484375 -0.13836669921875
-0.0151748657226562 0.0101251602172852 -0.0181617736816406 -0.0384063720703125
-0.00486850738525391 0.00723791122436523 0.0185585021972656 -0.0386161804199219
-0.0030214786529541 -0.000928640365600586 0.0172653198242188 -0.0641899108886719
-0.0112705230712891 0.00686931610107422 -0.0142440795898438 -0.0905914306640625
-0.0144786834716797 0.0105867385864258 -0.0519027709960938 -0.098785400390625
-0.0139007568359375 0.0129013061523438 -0.060791015625 -0.0906829833984375
-0.0190448760986328 0.0180091857910156 -0.0527801513671875 -0.102241516113281
-0.0240402221679688 0.0072021484375 -0.01397705078125 -0.107002258300781
-0.0234718322753906 -0.00895500183105468 0.02630615234375 -0.0858535766601563
-0.00740814208984375 -0.0179710388183594 0.0509414672851563 -0.0406684875488281
0.00615692138671875 -0.0153646469116211 0.0324802398681641 0.00269889831542969
3.57627868652348E-05 -0.00756645202636719 -0.00964927673339844 -0.0337886810302734
-0.00520515441894531 -0.0208683013916016 0.0258865356445313 -0.08935546875
0.0328216552734375 -0.0567741394042969 -0.00948333740234374 0.0990524291992188
-0.0203590393066406 -0.0590934753417969 0.0120887756347656 0.0418357849121094
-0.0548591613769531 -0.0278053283691406 -0.0208492279052734 -0.00969314575195313
-0.0463714599609375 0.0211639404296875 -0.0545806884765625 0.0275039672851563
-0.0194282531738281 0.0444183349609375 -0.0403251647949219 0.0659408569335937
0.0185890197753906 0.0452079772949219 0.00869750976562501 0.102287292480469
0.0367317199707031 0.0364418029785156 0.0562286376953125 0.104888916015625
0.0289363861083984 0.0327053070068359 0.0618820190429687 0.0875930786132813
0.0314979553222656 0.0370025634765625 0.0485076904296875 0.0916519165039063
0.0077972412109375 0.0481491088867188 0.0200347900390625 0.088226318359375
-0.0287551879882813 0.0393180847167969 -0.00222015380859375 0.0577316284179688
-0.0490570068359375 0.003570556640625 -0.00139999389648438 0.0385589599609375
-0.0287246704101563 -0.0459442138671875 0.0273323059082031 0.0588111877441406
0.00701904296875 -0.0592994689941406 0.0274200439453125 0.142898559570313
0.0326271057128906 -0.038726806640625 -0.0753173828125 0.227630615234375
0.0416183471679688 -0.12603759765625 -0.00653076171875 0.0769271850585937
-0.0328369140625 -0.116294860839844 0.00652122497558594 0.0334758758544922
-0.09197998046875 -0.072235107421875 -0.0148248672485352 -0.010798454284668
-0.0981521606445312 0.0156097412109375 -0.0444526672363281 0.0171432495117188
-0.0587196350097656 0.0695762634277344 -0.0400505065917969 0.0444450378417969
0.00782012939453124 0.0935897827148438 -0.002471923828125 0.08367919921875
0.0464019775390625 0.0828704833984375 0.039825439453125 0.088958740234375
0.0377120971679688 0.0761184692382812 0.0476455688476562 0.0717391967773437
0.04217529296875 0.0866317749023438 0.0350875854492188 0.0724105834960938
0.00321960449218751 0.094329833984375 0.0191001892089844 0.0651435852050781
-0.0591583251953125 0.0765304565429688 0.00448608398437499 0.0340995788574219
-0.0951385498046875 0.0159530639648438 0.0139598846435547 0.0280113220214844
-0.074310302734375 -0.0814437866210937 0.0449714660644531 0.057342529296875
-0.0211639404296875 -0.121757507324219 0.0360488891601563 0.137107849121094
0.0365142822265625 -0.110633850097656 -0.0577850341796875 0.213241577148438
0.0448760986328125 -0.177932739257813 0.00483894348144531 0.0343780517578125
-0.042816162109375 -0.160995483398438 0.00114345550537109 0.0122241973876953
-0.1209716796875 -0.107963562011719 -0.0113086700439453 -0.011265754699707
-0.140190124511719 0.00946044921874999 -0.0299282073974609 0.00760078430175781
-0.0921859741210938 0.0859832763671875 -0.0324821472167969 0.0180301666259766
-0.0056304931640625 0.130088806152344 -0.0118064880371094 0.0530662536621094
0.04833984375 0.118057250976563 0.0176277160644531 0.0594749450683594
0.0408859252929687 0.108657836914063 0.0255355834960938 0.0450286865234375
0.0480575561523438 0.123046875 0.0144996643066406 0.0433235168457031
0.000938415527343753 0.128242492675781 0.0139541625976562 0.0323295593261719
-0.0803298950195313 0.107452392578125 0.00967311859130859 0.00432300567626954
-0.130226135253906 0.0333099365234375 0.0288181304931641 0.0107784271240234
-0.115913391113281 -0.102325439453125 0.0599365234375 0.0483360290527344
-0.05279541015625 -0.165313720703125 0.0389862060546875 0.11767578125
0.031494140625 -0.166946411132812 -0.0373992919921875 0.174636840820313
0.0387115478515625 -0.203170776367188 0.0211238861083984 -0.0219478607177735
-0.0512237548828125 -0.1822509765625 -0.00366401672363281 -0.0192394256591797
-0.137016296386719 -0.12457275390625 -0.0091228485107422 -0.0138263702392578
-0.162811279296875 0.00544738769531253 -0.0119657516479492 -0.00369167327880859
-0.110786437988281 0.091827392578125 -0.0192832946777344 -0.0112190246582031
-0.01739501953125 0.1470947265625 -0.0175399780273438 0.0136556625366211
0.0436172485351563 0.134124755859375 -0.00559806823730468 0.0203399658203125
0.0374679565429688 0.1239013671875 -0.000689506530761716 0.0115032196044922
0.0474700927734375 0.14105224609375 -0.00986003875732422 0.00772666931152345
-0.00140380859375 0.143692016601563 0.00365209579467773 -0.00672388076782226
-0.0896072387695313 0.122871398925781 0.0108547210693359 -0.029632568359375
-0.146530151367187 0.0452423095703125 0.0387458801269531 -0.0104866027832031
-0.14080810546875 -0.107162475585938 0.06573486328125 0.0340957641601562
-0.075897216796875 -0.184066772460938 0.0313949584960937 0.0846633911132812
0.0228729248046875 -0.196044921875 -0.0209426879882812 0.116264343261719
0.0244140625 -0.198699951171875 0.0383453369140625 -0.0845565795898438
-0.0567626953125 -0.173797607421875 -0.00779342651367188 -0.0565185546875
-0.133445739746094 -0.117019653320312 -0.00814819335937501 -0.0187873840332031
-0.157974243164063 0.00473022460937502 0.00590419769287109 -0.0163516998291016
-0.108657836914063 0.0843505859375 -0.00368881225585939 -0.0399551391601563
-0.0233078002929687 0.140472412109375 -0.0205364227294922 -0.0284214019775391
0.0328903198242188 0.129585266113281 -0.0277557373046875 -0.0223903656005859
0.0293197631835938 0.120384216308594 -0.0268344879150391 -0.0235385894775391
0.0376739501953125 0.137985229492187 -0.0337123870849609 -0.0291290283203125
-0.006439208984375 0.136993408203125 -0.00916290283203124 -0.0459442138671875
-0.088531494140625 0.114784240722656 0.009735107421875 -0.0614242553710938
-0.138778686523438 0.04339599609375 0.0442619323730469 -0.0304222106933594
-0.136009216308594 -0.100021362304688 0.0621986389160156 0.0186004638671875
-0.078369140625 -0.173019409179688 0.0161056518554687 0.0462188720703125
0.015350341796875 -0.1923828125 -0.0081024169921875 0.0487632751464844
0.00529479980468751 -0.164108276367188 0.0525970458984375 -0.144577026367188
-0.0554580688476563 -0.137718200683594 -0.0113449096679688 -0.0931854248046875
-0.107818603515625 -0.08612060546875 -0.00878524780273438 -0.0261306762695313
-0.123046875 0.005950927734375 0.0190982818603516 -0.0291595458984375
-0.085205078125 0.0637741088867188 0.00913238525390625 -0.0611114501953125
-0.02294921875 0.111030578613281 -0.0210113525390625 -0.0648078918457031
0.0183639526367188 0.104278564453125 -0.0448188781738281 -0.0609588623046875
0.0165939331054688 0.09844970703125 -0.0476799011230469 -0.0558929443359375
0.0212631225585938 0.114433288574219 -0.0518569946289063 -0.0635299682617187
-0.0144805908203125 0.107612609863281 -0.0186538696289063 -0.0790786743164063
-0.0772857666015625 0.0842514038085938 0.0108184814453125 -0.0834884643554688
-0.109260559082031 0.0256195068359375 0.0471725463867188 -0.0441055297851563
-0.100837707519531 -0.0828170776367187 0.0526962280273437 0.00696182250976562
-0.0582275390625 -0.135627746582031 4.76837158203089E-05 0.00924396514892577
0.010711669921875 -0.156951904296875 0.00320529937744141 -0.016270637512207
-0.0154647827148437 -0.104225158691406 0.06121826171875 -0.192001342773438
-0.0454254150390625 -0.0794601440429688 -0.0138320922851562 -0.123199462890625
-0.0645523071289063 -0.0399436950683594 -0.0125980377197266 -0.033233642578125
-0.0678672790527344 0.00663757324218751 0.0234260559082031 -0.0377922058105469
-0.0470695495605469 0.0328598022460938 0.0159149169921875 -0.0705337524414063
-0.018585205078125 0.063995361328125 -0.0200119018554687 -0.0874786376953125
0.0016021728515625 0.0632362365722656 -0.055206298828125 -0.0885162353515625
0.0013275146484375 0.0619964599609375 -0.0616302490234375 -0.0802536010742188
0.000762939453125002 0.0735321044921875 -0.0600814819335937 -0.089447021484375
-0.0218544006347656 0.0628929138183594 -0.021942138671875 -0.101043701171875
-0.0561332702636719 0.0393486022949219 0.01580810546875 -0.0924453735351563
-0.0632781982421875 0.000724792480468739 0.0497169494628906 -0.0481376647949219
-0.0474929809570313 -0.0556755065917969 0.0423927307128906 0.00140380859375
-0.0281524658203125 -0.0781631469726563 -0.00958061218261718 -0.019317626953125
0.00527954101562499 -0.0969314575195313 0.0142745971679687 -0.0663032531738281
-0.0337657928466797 -0.0283584594726563 0.0616455078125 -0.221649169921875
-0.029815673828125 -0.0129337310791016 -0.0178680419921875 -0.142974853515625
-0.0153846740722656 0.00924873352050781 -0.0208206176757812 -0.0387382507324219
-0.00583219528198242 0.0073089599609375 0.0177574157714844 -0.0399169921875
-0.00424790382385254 -0.000179529190063477 0.0155487060546875 -0.0668716430664063
-0.0108537673950195 0.00880622863769531 -0.017578125 -0.09381103515625
-0.0148286819458008 0.0123910903930664 -0.0581207275390625 -0.100830078125
-0.0131549835205078 0.0150108337402344 -0.0659255981445313 -0.0918350219726563
-0.0175228118896484 0.0213680267333984 -0.0592727661132812 -0.103607177734375
-0.0240135192871094 0.00963211059570313 -0.0185089111328125 -0.110130310058594
-0.0252475738525391 -0.00761604309082031 0.0233840942382813 -0.0894775390625
-0.00979804992675781 -0.0179100036621094 0.050872802734375 -0.0437507629394531
0.00507926940917969 -0.0161657333374023 0.0337142944335938 0.00129127502441406
-7.72476196289059E-05 -0.00924396514892578 -0.0121116638183594 -0.035614013671875
-0.00508880615234375 -0.0231952667236328 0.0224838256835938 -0.0956802368164063
0.0308876037597656 -0.0584754943847656 -0.00516510009765624 0.103645324707031
-0.0223617553710937 -0.057159423828125 0.0149269104003906 0.0447044372558594
-0.0559654235839844 -0.0251541137695313 -0.0213394165039063 -0.00935745239257812
-0.0452346801757812 0.0230140686035156 -0.0540771484375 0.0297431945800781
-0.0177841186523438 0.0452156066894531 -0.038116455078125 0.0687065124511719
0.0211944580078125 0.0439033508300781 0.0134506225585938 0.103683471679688
0.0394172668457031 0.0343093872070313 0.06201171875 0.1038818359375
0.0308990478515625 0.0310192108154297 0.0662155151367188 0.0864791870117188
0.0338344573974609 0.0349273681640625 0.0534286499023437 0.0913772583007813
0.0107994079589844 0.0471000671386719 0.0240707397460937 0.089111328125
-0.0256767272949219 0.0411109924316406 -9.91821289062574E-05 0.0581474304199219
-0.0492477416992187 0.00603866577148438 0.000194549560546874 0.0399017333984375
-0.0319595336914062 -0.0449790954589844 0.0300445556640625 0.0584220886230469
0.003265380859375 -0.0592880249023438 0.0344390869140625 0.144622802734375
0.0303840637207031 -0.0396003723144531 -0.0658111572265625 0.234420776367188
0.03680419921875 -0.129623413085938 -0.00305938720703125 0.0816574096679687
-0.037750244140625 -0.114875793457031 0.00890350341796875 0.0364036560058594
-0.0958480834960937 -0.0689239501953125 -0.0153388977050781 -0.0100545883178711
-0.0978469848632813 0.0206680297851563 -0.0444869995117188 0.0195198059082031
-0.0557785034179687 0.0726776123046875 -0.0387039184570313 0.0468368530273438
0.013336181640625 0.0940933227539063 0.00174713134765625 0.0857696533203125
0.0514144897460937 0.0814437866210937 0.0449066162109375 0.0886611938476562
0.041717529296875 0.0750808715820313 0.0513839721679688 0.0705184936523438
0.047607421875 0.08489990234375 0.039154052734375 0.07281494140625
0.00823974609375 0.094482421875 0.0223960876464844 0.0656318664550781
-0.0552215576171875 0.0808334350585937 0.00571823120117187 0.0349998474121094
-0.09637451171875 0.0212936401367188 0.0152759552001953 0.0279293060302734
-0.0798492431640625 -0.0800247192382813 0.0478935241699219 0.0560760498046875
-0.0285186767578125 -0.121963500976562 0.042327880859375 0.138275146484375
0.0320053100585937 -0.113922119140625 -0.0491180419921875 0.218582153320313
0.0383453369140625 -0.182540893554687 0.00603866577148437 0.0378570556640625
-0.0491943359375 -0.159835815429687 0.00231170654296875 0.0157098770141601
-0.127334594726562 -0.104530334472656 -0.0118865966796875 -0.0109872817993164
-0.141128540039063 0.0159454345703125 -0.0298118591308594 0.00913238525390625
-0.0893173217773437 0.0910797119140625 -0.0331211090087891 0.020263671875
0.0015411376953125 0.131340026855469 -0.00897598266601563 0.0557060241699219
0.0555953979492188 0.117019653320313 0.0214080810546875 0.06011962890625
0.0467529296875 0.10748291015625 0.0280990600585938 0.0444107055664063
0.0556259155273438 0.121963500976562 0.0173225402832031 0.0448493957519531
0.00754547119140626 0.129615783691406 0.0153617858886719 0.0321254730224609
-0.074920654296875 0.113372802734375 0.00905799865722656 0.00428581237792969
-0.130897521972656 0.0398178100585938 0.0295486450195312 0.00991439819335938
-0.123008728027344 -0.0995330810546875 0.0620193481445312 0.0460700988769531
-0.062164306640625 -0.166030883789063 0.0437164306640625 0.118255615234375
0.025238037109375 -0.171890258789063 -0.03076171875 0.17840576171875
0.031951904296875 -0.208450317382813 0.0198879241943359 -0.0198993682861328
-0.0591583251953125 -0.181930541992188 -0.00449752807617188 -0.0166044235229492
-0.1448974609375 -0.121612548828125 -0.0101337432861328 -0.0133628845214844
-0.16473388671875 0.01275634765625 -0.012603759765625 -0.00233078002929688
-0.108474731445313 0.0977096557617187 -0.0209751129150391 -0.0098419189453125
-0.00915527343750002 0.14947509765625 -0.0168952941894531 0.01593017578125
0.05145263671875 0.133949279785156 -0.00403594970703125 0.0218524932861328
0.0441207885742187 0.123680114746094 0.000828742980957035 0.0113792419433594
0.0562896728515625 0.1405029296875 -0.00853919982910156 0.00947952270507813
0.00645446777343751 0.145584106445313 0.0030064582824707 -0.00719976425170897
-0.0842361450195313 0.129951477050781 0.00889778137207031 -0.0299415588378906
-0.146804809570313 0.0531005859375 0.0394859313964844 -0.0119361877441406
-0.14849853515625 -0.103866577148438 0.0672607421875 0.0317039489746094
-0.0855255126953125 -0.182937622070313 0.0345382690429688 0.0854415893554688
0.0159912109375 -0.201568603515625 -0.016876220703125 0.1185302734375
0.0181884765625 -0.204437255859375 0.0347213745117188 -0.0850753784179688
-0.064056396484375 -0.1744384765625 -0.0113410949707031 -0.0551910400390625
-0.14208984375 -0.114547729492187 -0.00954818725585939 -0.0184783935546875
-0.16021728515625 0.0121612548828125 0.00520896911621093 -0.0159797668457031
-0.107048034667969 0.0906753540039063 -0.00649642944335938 -0.0398941040039062
-0.01544189453125 0.143386840820313 -0.0214328765869141 -0.0268898010253906
0.0404891967773437 0.130218505859375 -0.0284881591796875 -0.0208396911621094
0.03564453125 0.120841979980469 -0.0271892547607422 -0.0232639312744141
0.0466384887695313 0.138206481933594 -0.0346412658691406 -0.0271129608154297
0.00106811523437501 0.13897705078125 -0.01177978515625 -0.04583740234375
-0.083770751953125 0.12200927734375 0.00618362426757812 -0.061614990234375
-0.139015197753906 0.0505523681640625 0.0437889099121094 -0.0328102111816406
-0.143173217773437 -0.0967254638671875 0.0630607604980469 0.016143798828125
-0.08740234375 -0.172637939453125 0.0171890258789062 0.0464935302734375
0.00851440429687499 -0.197662353515625 -0.00692749023437499 0.049072265625
-4.57763671875037E-05 -0.168365478515625 0.0470733642578125 -0.147354125976563
-0.061431884765625 -0.138702392578125 -0.01611328125 -0.0927200317382813
-0.114273071289063 -0.0851593017578125 -0.0103054046630859 -0.0255966186523438
-0.125259399414063 0.011444091796875 0.0176601409912109 -0.0295906066894531
-0.0845260620117188 0.0687789916992187 0.00558853149414062 -0.0619735717773438
-0.0178756713867188 0.114234924316406 -0.0233497619628906 -0.0631217956542969
0.0241775512695312 0.105873107910156 -0.0480194091796875 -0.0598526000976563
0.0215911865234375 0.0997238159179688 -0.0504837036132813 -0.0550155639648437
0.0290069580078125 0.115608215332031 -0.0547599792480469 -0.0612831115722656
-0.00875091552734374 0.110374450683594 -0.0229949951171875 -0.0792770385742188
-0.0739212036132812 0.0902938842773438 0.0063018798828125 -0.084136962890625
-0.110282897949219 0.0310592651367187 0.0458030700683594 -0.0467758178710938
-0.106941223144531 -0.0809402465820313 0.0533905029296875 0.00465774536132812
-0.0658798217773438 -0.136146545410156 -0.000963211059570317 0.0093708038330078
0.00532531738281249 -0.162506103515625 0.00185871124267578 -0.0174598693847656
-0.0183563232421875 -0.106964111328125 0.0533294677734375 -0.196807861328125
-0.0494537353515625 -0.0801849365234375 -0.0202255249023438 -0.124366760253906
-0.0676803588867188 -0.0401496887207031 -0.0142745971679688 -0.0330486297607422
-0.0688858032226563 0.01007080078125 0.0222015380859375 -0.0386886596679688
-0.0469779968261719 0.0365562438964844 0.0125045776367187 -0.0720443725585938
-0.0151252746582031 0.0668601989746094 -0.0233688354492187 -0.0877304077148438
0.00521087646484375 0.0646514892578125 -0.0601577758789063 -0.0873565673828125
0.00476837158203126 0.0636749267578125 -0.0654830932617188 -0.0785598754882812
0.00628662109375001 0.0752029418945313 -0.0650558471679688 -0.0877761840820313
-0.0187492370605469 0.065704345703125 -0.0268783569335937 -0.101371765136719
-0.0550041198730469 0.0439262390136719 0.01153564453125 -0.0942764282226563
-0.0651206970214844 0.00439834594726563 0.0482597351074219 -0.0505828857421875
-0.0516777038574219 -0.055084228515625 0.0427627563476563 -0.000503540039062503
-0.0314559936523438 -0.079254150390625 -0.0122261047363281 -0.0196247100830078
0.00202941894531251 -0.101348876953125 0.0106391906738281 -0.069488525390625
-0.0337142944335938 -0.0288734436035156 0.052490234375 -0.22772216796875
-0.0305385589599609 -0.0136337280273438 -0.0246734619140625 -0.1448974609375
-0.0150365829467773 0.00800418853759766 -0.0232925415039063 -0.0377578735351563
-0.00614023208618164 0.00701332092285156 0.0158004760742188 -0.0407180786132813
-0.00486373901367187 0.000248908996582032 0.0130500793457031 -0.0684700012207031
-0.0109214782714844 0.0103321075439453 -0.0218887329101562 -0.0945510864257813
-0.0141401290893555 0.0142335891723633 -0.0637664794921875 -0.099822998046875
-0.0122795104980469 0.0166473388671875 -0.0704879760742187 -0.0905838012695313
-0.0165557861328125 0.0235157012939453 -0.0650100708007812 -0.102424621582031
-0.0234489440917969 0.0119819641113281 -0.02410888671875 -0.110549926757813
-0.0267047882080078 -0.00524139404296875 0.0194473266601562 -0.0915603637695313
-0.0115585327148437 -0.0174369812011719 0.0497512817382813 -0.0462608337402344
0.00361442565917969 -0.0178928375244141 0.0339088439941406 -0.000871658325195314
-0.000193595886230469 -0.0106687545776367 -0.015472412109375 -0.0363426208496094
-0.0052642822265625 -0.0253810882568359 0.01727294921875 -0.0997085571289062
0.028717041015625 -0.0587997436523438 -0.00144195556640624 0.106559753417969
-0.0234184265136719 -0.0544776916503906 0.0176963806152344 0.0464324951171875
-0.0557479858398438 -0.0229110717773437 -0.0209178924560547 -0.00878143310546876
-0.0435562133789063 0.0235137939453125 -0.0531044006347656 0.0316314697265625
-0.0161209106445313 0.0450973510742188 -0.0367889404296875 0.0696945190429688
0.0228805541992188 0.0425186157226563 0.0165634155273438 0.10302734375
0.0412063598632813 0.0319900512695313 0.0656204223632813 0.102180480957031
0.0314617156982422 0.0288677215576172 0.0687637329101563 0.08502197265625
0.0348587036132812 0.0326919555664063 0.0566864013671875 0.0903472900390625
0.0127334594726562 0.0457649230957031 0.026275634765625 0.0876235961914063
-0.0234756469726563 0.0416069030761719 0.00133132934570312 0.0582008361816406
-0.0487022399902344 0.00783538818359375 0.00189590454101562 0.0397109985351563
-0.0335273742675781 -0.0431442260742188 0.0315704345703125 0.0578346252441406
0.000297546386718747 -0.0585098266601563 0.0384979248046875 0.1441650390625
0.0285911560058594 -0.040252685546875 -0.0594024658203125 0.23565673828125
0.0334930419921875 -0.129707336425781 -0.000686645507812507 0.08428955078125
-0.0400161743164063 -0.111190795898437 0.0111618041992188 0.0390357971191406
-0.0977325439453125 -0.0657730102539062 -0.0153350830078125 -0.00961017608642578
-0.096771240234375 0.0226211547851562 -0.04388427734375 0.020904541015625
-0.0536270141601563 0.0738067626953125 -0.0382843017578125 0.0485687255859375
0.01629638671875 0.0923690795898438 0.00408935546875 0.085906982421875
0.0546722412109375 0.0783233642578125 0.0476303100585938 0.0878677368164062
0.0437164306640625 0.0729446411132813 0.05340576171875 0.0687141418457031
0.050689697265625 0.0822525024414063 0.0418243408203125 0.0722885131835938
0.01202392578125 0.0932998657226563 0.0240058898925781 0.0643463134765625
-0.0516815185546875 0.0829086303710937 0.00639724731445313 0.0351905822753906
-0.0953369140625 0.0240325927734375 0.0160083770751953 0.0273609161376953
-0.0830917358398437 -0.0776519775390625 0.0487327575683594 0.0545387268066406
-0.0326919555664062 -0.120475769042969 0.0460281372070313 0.137985229492187
0.0286788940429688 -0.114845275878906 -0.0429534912109375 0.219772338867188
0.03411865234375 -0.183746337890625 0.00736236572265625 0.0412101745605469
-0.0529632568359375 -0.15631103515625 0.00346183776855469 0.0179977416992187
-0.129753112792969 -0.10101318359375 -0.0121564865112305 -0.0106143951416016
-0.139404296875 0.0197067260742187 -0.0293922424316406 0.0104312896728516
-0.086273193359375 0.0930557250976563 -0.0330944061279297 0.0216121673583984
0.00666046142578125 0.130165100097656 -0.00665283203125 0.0564994812011719
0.0604019165039063 0.113929748535156 0.0241775512695313 0.0599403381347656
0.0500564575195312 0.105613708496094 0.0296554565429688 0.04302978515625
0.0609817504882813 0.119155883789063 0.0193672180175781 0.0448074340820313
0.0126190185546875 0.128364562988281 0.0159130096435547 0.0317802429199219
-0.0695724487304687 0.115867614746094 0.00866222381591797 0.00460052490234376
-0.129165649414063 0.043365478515625 0.0297012329101562 0.00906562805175782
-0.127151489257812 -0.0963211059570313 0.0620536804199219 0.0447006225585938
-0.067596435546875 -0.1632080078125 0.0467910766601562 0.117897033691406
0.0206756591796875 -0.173080444335937 -0.0267181396484375 0.178573608398438
0.0272979736328125 -0.209518432617188 0.0193576812744141 -0.017568588256836
-0.062744140625 -0.17950439453125 -0.00449085235595703 -0.0139970779418945
-0.148834228515625 -0.118301391601562 -0.0104169845581055 -0.0124139785766602
-0.163742065429687 0.01800537109375 -0.0126276016235352 -0.00159072875976562
-0.105064392089844 0.100685119628906 -0.0221443176269531 -0.0088672637939453
-0.0036163330078125 0.148849487304688 -0.015833854675293 0.0175695419311524
0.0568466186523438 0.132255554199219 -0.00241279602050781 0.0223808288574219
0.04833984375 0.122207641601562 0.0013580322265625 0.0112438201904297
0.0618972778320313 0.1380615234375 -0.00771522521972656 0.0110759735107422
0.0115814208984375 0.144851684570312 0.00245380401611328 -0.00679063796997069
-0.07879638671875 0.132881164550781 0.00712203979492187 -0.0291004180908203
-0.144607543945313 0.0574493408203125 0.0382614135742188 -0.0129127502441406
-0.152877807617188 -0.099853515625 0.0674209594726562 0.0294990539550781
-0.0914306640625 -0.180862426757813 0.036346435546875 0.084991455078125
0.0109100341796875 -0.202987670898438 -0.0145034790039063 0.118324279785156
0.0141143798828125 -0.205337524414063 0.0320205688476563 -0.0834884643554688
-0.0678558349609375 -0.173019409179688 -0.0123710632324219 -0.0526962280273438
-0.145782470703125 -0.112319946289063 -0.0105018615722656 -0.0178089141845703
-0.159439086914063 0.0169525146484375 0.00431346893310546 -0.0154571533203125
-0.104118347167969 0.094024658203125 -0.00820159912109375 -0.0387039184570312
-0.0100860595703125 0.143402099609375 -0.0216026306152344 -0.0247631072998047
0.0459671020507812 0.129295349121094 -0.0282649993896484 -0.0194873809814453
0.03948974609375 0.1197509765625 -0.0273170471191406 -0.0228462219238281
0.0527496337890625 0.135719299316406 -0.0342979431152344 -0.0248737335205078
0.00598907470703124 0.138595581054688 -0.0131912231445313 -0.0454673767089844
-0.078765869140625 0.125289916992188 0.00391006469726563 -0.0602951049804688
-0.137962341308594 0.054473876953125 0.04266357421875 -0.0336189270019531
-0.146804809570313 -0.0938720703125 0.0626945495605469 0.0147552490234375
-0.092559814453125 -0.17047119140625 0.0175819396972656 0.0469398498535156
0.00424194335937498 -0.199783325195313 -0.00599288940429687 0.0482978820800781
-0.00280761718750002 -0.170089721679688 0.0426483154296875 -0.146484375
-0.0647506713867187 -0.137718200683594 -0.01898193359375 -0.090850830078125
-0.117828369140625 -0.083648681640625 -0.0110874176025391 -0.0245132446289063
-0.125198364257813 0.0148468017578125 0.0172519683837891 -0.0296535491943359
-0.0830230712890625 0.07171630859375 0.00320053100585938 -0.0617752075195313
-0.01300048828125 0.114410400390625 -0.0244865417480469 -0.0619010925292969
0.02862548828125 0.105339050292969 -0.0492897033691406 -0.0576438903808594
0.0252151489257812 0.0997161865234375 -0.0517311096191406 -0.0541114807128906
0.033966064453125 0.114540100097656 -0.0559272766113281 -0.0586814880371094
-0.004852294921875 0.111068725585937 -0.0253219604492188 -0.0778274536132813
-0.0706634521484375 0.0932769775390625 0.003570556640625 -0.0830764770507813
-0.10955810546875 0.0345458984375 0.0444107055664062 -0.0482215881347656
-0.11004638671875 -0.0788497924804687 0.0528678894042969 0.00342941284179687
-0.0697860717773438 -0.134811401367188 -0.00165653228759766 0.00980377197265624
0.00242614746093749 -0.16448974609375 0.000654220581054687 -0.0187835693359375
-0.0196533203125 -0.107505798339844 0.0477142333984375 -0.197250366210938
-0.0508651733398438 -0.080108642578125 -0.0240631103515625 -0.123451232910156
-0.0700721740722656 -0.0404090881347656 -0.01568603515625 -0.0318183898925781
-0.0695304870605469 0.0116653442382813 0.020904541015625 -0.0388946533203125
-0.0465621948242187 0.0379753112792969 0.0101318359375 -0.0717086791992188
-0.0127601623535156 0.0672874450683594 -0.025848388671875 -0.0858383178710937
0.00783157348632813 0.0654945373535156 -0.0628738403320313 -0.085174560546875
0.00742721557617188 0.0642852783203125 -0.0679397583007813 -0.0772552490234375
0.00985717773437501 0.0755233764648438 -0.0675048828125 -0.0846328735351562
-0.0155715942382812 0.0668182373046875 -0.0294647216796875 -0.0995407104492188
-0.0534439086914063 0.0472297668457031 0.00762176513671875 -0.0933914184570313
-0.0656318664550781 0.00632095336914064 0.0462265014648438 -0.0515060424804688
-0.0543174743652344 -0.0547294616699219 0.0421295166015625 -0.0018768310546875
-0.0336685180664063 -0.0792388916015625 -0.0140228271484375 -0.0190582275390625
0.000282287597656251 -0.103317260742187 0.00777435302734374 -0.0708847045898438
-0.0329341888427734 -0.0288009643554687 0.046051025390625 -0.228744506835937
-0.0304889678955078 -0.0141716003417969 -0.0298919677734375 -0.144805908203125
-0.0147180557250977 0.00703144073486328 -0.0243759155273437 -0.0369758605957031
-0.00666904449462891 0.00720643997192383 0.0143966674804687 -0.0409126281738281
-0.00547266006469727 0.00092458724975586 0.0116462707519531 -0.0687789916992188
-0.0101900100708008 0.0109138488769531 -0.02435302734375 -0.0939483642578125
-0.0135068893432617 0.0153121948242188 -0.0671920776367188 -0.098419189453125
-0.01171875 0.0181598663330078 -0.0731964111328125 -0.08837890625
-0.0148181915283203 0.0246696472167969 -0.0683517456054687 -0.100013732910156
-0.0227527618408203 0.013519287109375 -0.0271453857421875 -0.108818054199219
-0.0270862579345703 -0.00334739685058593 0.016326904296875 -0.0911483764648438
-0.0131978988647461 -0.0167255401611328 0.0481071472167969 -0.0478858947753906
0.0026092529296875 -0.0181388854980469 0.0336246490478516 -0.00185012817382813
-0.000442504882812501 -0.0120077133178711 -0.0174751281738281 -0.0364761352539063
-0.00496864318847656 -0.0272312164306641 0.01385498046875 -0.101043701171875
0.0279083251953125 -0.0589408874511719 0.000213623046875002 0.108993530273438
-0.0227088928222656 -0.0524635314941406 0.0196952819824219 0.0477485656738281
-0.0546493530273437 -0.0218505859375 -0.0213756561279297 -0.00839614868164063
-0.0430717468261719 0.0229339599609375 -0.0526809692382812 0.0320587158203125
-0.0154342651367188 0.0447921752929688 -0.03619384765625 0.0706405639648437
0.0238914489746094 0.0413475036621094 0.0173797607421875 0.102996826171875
0.0416145324707031 0.0303382873535156 0.0671768188476563 0.102119445800781
0.0314674377441406 0.0279254913330078 0.0695037841796875 0.0847702026367188
0.0350608825683594 0.0311412811279297 0.0577163696289063 0.09051513671875
0.0137748718261719 0.0442390441894531 0.0267868041992188 0.087432861328125
-0.0220184326171875 0.0418357849121094 0.00163650512695313 0.0584754943847656
-0.0483055114746094 0.0084075927734375 0.00173187255859374 0.0396461486816406
-0.0345993041992187 -0.0430183410644531 0.0317573547363281 0.0582542419433594
-0.000942230224609371 -0.0578193664550781 0.0398712158203125 0.144866943359375
0.0273933410644531 -0.0398216247558594 -0.0585174560546875 0.236648559570313
0.0331344604492187 -0.130790710449219 0.000442504882812505 0.0874557495117188
-0.0392913818359375 -0.109695434570312 0.012847900390625 0.0413398742675781
-0.0972518920898438 -0.0652236938476563 -0.0153846740722656 -0.00901412963867188
-0.0956497192382813 0.0228805541992187 -0.0432815551757813 0.0215568542480469
-0.0528411865234375 0.073760986328125 -0.0386466979980469 0.0492286682128906
0.018280029296875 0.0912857055664063 0.00559234619140624 0.0865859985351563
0.0561294555664063 0.0768051147460938 0.0497207641601562 0.0874786376953125
0.044158935546875 0.071929931640625 0.0537872314453125 0.0685539245605469
0.0518264770507812 0.0806732177734375 0.043060302734375 0.0728378295898438
0.013885498046875 0.0924606323242187 0.0243988037109375 0.0645637512207031
-0.0497283935546875 0.0833053588867187 0.00634384155273437 0.0352020263671875
-0.0949783325195313 0.02508544921875 0.0160713195800781 0.0274734497070313
-0.0848388671875 -0.0773162841796875 0.0485153198242188 0.054351806640625
-0.0347824096679687 -0.119743347167969 0.0469207763671875 0.138900756835938
0.027862548828125 -0.115974426269531 -0.042236328125 0.220184326171875
0.0343170166015625 -0.185043334960938 0.00767135620117188 0.0441131591796875
-0.052276611328125 -0.1551513671875 0.00479507446289062 0.0209007263183594
-0.131057739257813 -0.100906372070313 -0.0120382308959961 -0.0101776123046875
-0.138946533203125 0.0203704833984375 -0.0298099517822266 0.0111331939697266
-0.0856857299804688 0.0937423706054688 -0.03375244140625 0.0223598480224609
0.00896453857421875 0.129776000976562 -0.00589370727539062 0.0576744079589844
0.062591552734375 0.113075256347656 0.025787353515625 0.060394287109375
0.0510787963867188 0.105369567871094 0.02996826171875 0.0431671142578125
0.0632400512695313 0.118156433105469 0.0205230712890625 0.0455589294433594
0.014739990234375 0.127754211425781 0.0158901214599609 0.0317554473876953
-0.067626953125 0.1170654296875 0.00887584686279296 0.00512981414794923
-0.129287719726563 0.0454177856445312 0.0294589996337891 0.00898361206054688
-0.129470825195312 -0.0957717895507813 0.0618362426757813 0.0443954467773437
-0.070098876953125 -0.16290283203125 0.0467910766601562 0.118179321289062
0.02020263671875 -0.174835205078125 -0.0263214111328125 0.178665161132813
0.027984619140625 -0.21124267578125 0.0197124481201172 -0.0142574310302734
-0.062347412109375 -0.178741455078125 -0.00381088256835938 -0.0113735198974609
-0.150619506835937 -0.11859130859375 -0.0108795166015625 -0.0123462677001953
-0.163604736328125 0.0186920166015625 -0.0125226974487305 -0.000750541687011716
-0.104660034179688 0.101585388183594 -0.0226898193359375 -0.0080413818359375
-0.00105285644531252 0.1485595703125 -0.0148391723632813 0.0189170837402344
0.0593719482421875 0.131271362304688 -0.00147438049316406 0.0231456756591797
0.0494003295898437 0.122459411621094 0.00150203704833985 0.010716438293457
0.06512451171875 0.136749267578125 -0.00668811798095703 0.0116462707519531
0.0138702392578125 0.144973754882812 0.00235509872436524 -0.00653362274169921
-0.076904296875 0.134567260742187 0.00685691833496093 -0.0287818908691406
-0.145370483398437 0.0584869384765625 0.0384941101074219 -0.013214111328125
-0.154998779296875 -0.099945068359375 0.0664939880371094 0.0289382934570312
-0.0936431884765625 -0.1802978515625 0.0364227294921875 0.0856781005859375
0.0105743408203125 -0.205459594726563 -0.0145416259765625 0.11798095703125
0.0146484375 -0.207778930664063 0.0318603515625 -0.0813751220703125
-0.0677642822265625 -0.1728515625 -0.012603759765625 -0.0507965087890625
-0.148468017578125 -0.1126708984375 -0.0104513168334961 -0.0170440673828125
-0.159988403320313 0.0177459716796875 0.00428581237792968 -0.0147819519042969
-0.104286193847656 0.0954360961914063 -0.00927734375000001 -0.0381813049316406
-0.00843811035156251 0.143646240234375 -0.0211753845214844 -0.023355484008789
0.0478286743164062 0.128715515136719 -0.0276451110839844 -0.0184974670410156
0.0408706665039063 0.120147705078125 -0.0274181365966797 -0.022918701171875
0.0557632446289063 0.135848999023437 -0.0342617034912109 -0.0236949920654297
0.0084686279296875 0.138847351074219 -0.0141029357910156 -0.0444450378417969
-0.0766372680664063 0.12701416015625 0.00295639038085937 -0.0598869323730469
-0.138359069824219 0.0560455322265625 0.0422096252441406 -0.0340232849121094
-0.1494140625 -0.0937957763671875 0.0618896484375 0.0141983032226562
-0.0943450927734375 -0.170639038085938 0.0171318054199219 0.0470733642578125
0.00415039062500001 -0.20208740234375 -0.00640487670898438 0.0478057861328125
-0.00177001953125 -0.17193603515625 0.0417327880859375 -0.144989013671875
-0.0645370483398438 -0.138565063476563 -0.0198516845703125 -0.0899658203125
-0.12005615234375 -0.0848388671875 -0.011749267578125 -0.0241222381591797
-0.125839233398438 0.016571044921875 0.0166473388671875 -0.0286884307861328
-0.0830001831054688 0.0727462768554687 0.00209808349609374 -0.0613174438476562
-0.01141357421875 0.115196228027344 -0.0250587463378906 -0.0610771179199219
0.0299453735351563 0.105880737304688 -0.0492706298828125 -0.0569267272949219
0.0263824462890625 0.100166320800781 -0.0516815185546875 -0.0542640686035156
0.0370101928710938 0.114173889160156 -0.0556678771972656 -0.057464599609375
-0.00273895263671875 0.111549377441406 -0.0258102416992188 -0.0772705078125
-0.0692367553710937 0.0954055786132813 0.0023956298828125 -0.0823135375976563
-0.1102294921875 0.035980224609375 0.0436553955078125 -0.0482330322265625
-0.111587524414062 -0.0793838500976563 0.0523414611816406 0.00308609008789062
-0.0708541870117187 -0.135368347167969 -0.00257396697998047 0.00980281829833984
0.00199890136718751 -0.167160034179688 -0.000261306762695312 -0.0193328857421875
-0.01837158203125 -0.109413146972656 0.046722412109375 -0.196868896484375
-0.0507278442382812 -0.0818023681640625 -0.0259857177734375 -0.122756958007813
-0.0717315673828125 -0.04241943359375 -0.0160770416259766 -0.0316505432128906
-0.0699615478515625 0.011932373046875 0.0200920104980469 -0.0386924743652344
-0.0473136901855469 0.0385780334472656 0.0094146728515625 -0.0717544555664063
-0.0117263793945313 0.0678291320800781 -0.026031494140625 -0.0855789184570313
0.00854873657226563 0.0663261413574219 -0.0635299682617187 -0.0844573974609375
0.00782012939453125 0.0647392272949219 -0.0682907104492187 -0.0774002075195313
0.01177978515625 0.0759353637695313 -0.06781005859375 -0.0839691162109375
-0.0146827697753906 0.0673942565917969 -0.0308685302734375 -0.0990142822265625
-0.0532722473144531 0.048309326171875 0.00692749023437499 -0.0931472778320313
-0.0661888122558594 0.00701522827148437 0.0456581115722656 -0.0524673461914063
-0.0552940368652344 -0.0552215576171875 0.041656494140625 -0.00235366821289063
-0.034637451171875 -0.0803909301757813 -0.0152263641357422 -0.0196628570556641
0.000640869140625008 -0.10498046875 0.00657653808593751 -0.0720901489257813
-0.0313720703125 -0.0295963287353516 0.044647216796875 -0.2294921875
-0.0301303863525391 -0.0151729583740234 -0.0318145751953125 -0.144729614257813
-0.0157546997070313 0.00507736206054687 -0.02490234375 -0.0366134643554688
-0.00752544403076172 0.00687646865844726 0.0139656066894531 -0.0411415100097656
-0.00630474090576172 0.00109624862670898 0.0108718872070312 -0.0684051513671875
-0.0106706619262695 0.0115814208984375 -0.0256729125976562 -0.0937423706054688
-0.0138778686523438 0.0166091918945312 -0.0683822631835938 -0.0981826782226563
-0.0111331939697266 0.0193767547607422 -0.0740509033203125 -0.088958740234375
-0.0137805938720703 0.0259838104248047 -0.0693893432617188 -0.099456787109375
-0.0224838256835938 0.0147075653076172 -0.0284576416015625 -0.108345031738281
-0.0277118682861328 -0.001495361328125 0.0150985717773437 -0.090728759765625
-0.0138416290283203 -0.0160551071166992 0.0475921630859375 -0.0477828979492188
0.00188636779785156 -0.0193443298339844 0.0330696105957031 -0.00265121459960938
-0.00030517578125 -0.013005256652832 -0.0187568664550781 -0.0374526977539063
-0.00516891479492188 -0.0286941528320313 0.0126495361328125 -0.102775573730469
0.0286483764648438 -0.0596237182617188 0.000152587890625014 0.113677978515625
-0.0216293334960938 -0.0521316528320313 0.0217742919921875 0.0508995056152344
-0.0549240112304688 -0.022247314453125 -0.0213642120361328 -0.00874519348144532
-0.0435867309570313 0.0228805541992187 -0.0534706115722656 0.0328102111816406
-0.0155487060546875 0.0455284118652344 -0.0373611450195312 0.0721588134765625
0.0245590209960938 0.0414695739746094 0.017730712890625 0.105552673339844
0.0425033569335938 0.0297927856445313 0.0685195922851563 0.1048583984375
0.0316905975341797 0.0278644561767578 0.0706253051757813 0.08734130859375
0.0359153747558594 0.0311088562011719 0.0588531494140625 0.0931243896484375
0.0140190124511719 0.0442161560058594 0.0264129638671875 0.089874267578125
-0.0216598510742188 0.042449951171875 0.00119781494140625 0.0597763061523438
-0.0489158630371094 0.00846099853515626 0.00167465209960938 0.0406036376953125
-0.0355377197265625 -0.0431251525878906 0.0323410034179688 0.0600700378417969
-0.00167465209960938 -0.0580291748046875 0.04132080078125 0.149276733398438
0.0282936096191406 -0.0399513244628906 -0.0616302490234375 0.241363525390625
0.0348968505859375 -0.133926391601563 0.000968933105468749 0.0923080444335937
-0.0377273559570313 -0.111099243164063 0.0146865844726562 0.04449462890625
-0.0990753173828125 -0.066802978515625 -0.0151128768920899 -0.00950813293457031
-0.0970306396484375 0.0224533081054688 -0.0442886352539063 0.0223884582519531
-0.0543441772460938 0.0749969482421875 -0.0399398803710938 0.0505561828613281
0.0189971923828125 0.0924148559570313 0.005889892578125 0.0887832641601563
0.0578155517578125 0.07781982421875 0.0518417358398438 0.0901260375976563
0.0453720092773437 0.073974609375 0.0548858642578125 0.0711593627929688
0.0538406372070313 0.0817718505859375 0.0441436767578125 0.0755233764648438
0.0143356323242188 0.0935516357421875 0.0240707397460937 0.0661354064941406
-0.049896240234375 0.0852127075195313 0.00609970092773437 0.03643798828125
-0.097503662109375 0.025299072265625 0.0164241790771484 0.0285682678222656
-0.0871429443359375 -0.0793380737304688 0.049407958984375 0.05657958984375
-0.0359268188476563 -0.121925354003906 0.04742431640625 0.143325805664062
0.0293197631835938 -0.118576049804688 -0.045562744140625 0.22515869140625
0.037109375 -0.1898193359375 0.00831985473632813 0.048248291015625
-0.05029296875 -0.158111572265625 0.00621223449707031 0.0236930847167969
-0.133773803710938 -0.104438781738281 -0.0118379592895508 -0.00996685028076173
-0.141952514648438 0.02001953125 -0.0301876068115234 0.0118236541748047
-0.0880661010742188 0.095428466796875 -0.0353355407714844 0.02337646484375
0.009033203125 0.131484985351562 -0.00550842285156249 0.0595779418945313
0.0645980834960938 0.115188598632813 0.0270843505859375 0.0622062683105469
0.0521392822265625 0.107818603515625 0.0306053161621094 0.0447196960449219
0.0652084350585938 0.120048522949219 0.0215263366699219 0.0476799011230469
0.0153884887695312 0.130348205566406 0.0156345367431641 0.0327358245849609
-0.0686264038085937 0.119667053222656 0.00833606719970703 0.00573348999023438
-0.133308410644531 0.0454025268554687 0.0298919677734375 0.00955581665039063
-0.133216857910156 -0.09942626953125 0.0624275207519531 0.0462188720703125
-0.0720672607421875 -0.166427612304688 0.047271728515625 0.122291564941406
0.0220184326171875 -0.179763793945313 -0.0288543701171875 0.182205200195313
0.0320892333984375 -0.217864990234375 0.0203800201416016 -0.0124225616455078
-0.06103515625 -0.18292236328125 -0.00270462036132813 -0.0094890594482422
-0.15411376953125 -0.123611450195313 -0.0105113983154297 -0.0121278762817383
-0.167404174804688 0.017913818359375 -0.0126247406005859 -0.000395774841308592
-0.108497619628906 0.103919982910156 -0.0242404937744141 -0.00772094726562499
-0.00077819824218751 0.151458740234375 -0.0142250061035156 0.0204429626464844
0.0613479614257812 0.134521484375 -0.000400543212890621 0.02392578125
0.0507888793945313 0.125633239746094 0.00148677825927735 0.0112228393554688
0.0674057006835937 0.14007568359375 -0.00613117218017578 0.0128316879272461
0.0146026611328125 0.147369384765625 0.00198507308959961 -0.00658607482910155
-0.0776748657226562 0.136993408203125 0.00668907165527343 -0.0283451080322266
-0.149215698242188 0.0594940185546875 0.0388069152832031 -0.0130348205566406
-0.160018920898437 -0.10400390625 0.0671501159667969 0.0308189392089844
-0.0954437255859375 -0.1854248046875 0.0362472534179687 0.0885238647460938
0.0138092041015625 -0.211517333984375 -0.016021728515625 0.120147705078125
0.0186920166015625 -0.213653564453125 0.0333480834960937 -0.0805435180664063
-0.06689453125 -0.17828369140625 -0.0123481750488281 -0.0498695373535156
-0.152557373046875 -0.118087768554688 -0.0104665756225586 -0.0175390243530274
-0.164291381835937 0.017608642578125 0.00479125976562499 -0.0147571563720703
-0.107925415039063 0.0972518920898437 -0.0105476379394531 -0.0382537841796875
-0.00807189941406251 0.147415161132812 -0.0207290649414063 -0.0230693817138672
0.0501251220703125 0.132217407226563 -0.0274581909179688 -0.0182838439941406
0.0421829223632813 0.124618530273438 -0.0278816223144531 -0.0240497589111328
0.0587310791015625 0.138671875 -0.03387451171875 -0.0239009857177734
0.0086212158203125 0.142135620117188 -0.0140762329101563 -0.0453224182128906
-0.078094482421875 0.130195617675781 0.00337600708007812 -0.0603828430175781
-0.142288208007813 0.0566253662109375 0.0428962707519531 -0.0346717834472656
-0.15350341796875 -0.0974884033203125 0.0630683898925781 0.0148658752441406
-0.09588623046875 -0.175872802734375 0.0161552429199219 0.048980712890625
0.00723266601562501 -0.209365844726563 -0.0080413818359375 0.0482101440429687
0.00140380859375001 -0.177886962890625 0.044097900390625 -0.146514892578125
-0.0643463134765625 -0.143508911132812 -0.02008056640625 -0.0912399291992188
-0.124542236328125 -0.0898895263671875 -0.0124225616455078 -0.0246658325195313
-0.129959106445313 0.0157852172851562 0.0166969299316406 -0.0293731689453125
-0.0863189697265625 0.0742568969726563 0.00163650512695312 -0.0618896484375
-0.011383056640625 0.118087768554688 -0.0244255065917969 -0.0614395141601562
0.0318679809570313 0.109199523925781 -0.0496978759765625 -0.0577011108398437
0.0269546508789062 0.103889465332031 -0.0523262023925781 -0.0560340881347656
0.0386199951171875 0.117156982421875 -0.056121826171875 -0.0581779479980469
-0.00209045410156251 0.114425659179688 -0.0263442993164062 -0.0783767700195312
-0.0705490112304688 0.0982894897460938 0.00244903564453124 -0.0833663940429688
-0.113677978515625 0.0362701416015625 0.044921875 -0.04888916015625
-0.115264892578125 -0.0827484130859375 0.0530548095703125 0.00308609008789062
-0.0721282958984375 -0.139183044433594 -0.00394821166992188 0.0101232528686523
0.00453186035156248 -0.1729736328125 -0.00105094909667969 -0.0205116271972656
-0.016510009765625 -0.113975524902344 0.0487518310546875 -0.200225830078125
-0.0508041381835937 -0.0853652954101563 -0.02630615234375 -0.125633239746094
-0.0744476318359375 -0.04534912109375 -0.0161666870117187 -0.0323677062988281
-0.072967529296875 0.0116500854492187 0.0208930969238281 -0.0391349792480469
-0.0495071411132813 0.0397377014160156 0.009552001953125 -0.0722198486328125
-0.0123062133789063 0.0700035095214844 -0.0264129638671875 -0.0868072509765625
0.00938034057617187 0.0689888000488281 -0.0641860961914062 -0.0865936279296875
0.00853347778320313 0.0676651000976563 -0.0693893432617188 -0.0797119140625
0.0127105712890625 0.0777206420898438 -0.068450927734375 -0.0857772827148437
-0.0145149230957031 0.0697174072265625 -0.0309219360351563 -0.101058959960938
-0.0544815063476563 0.0501022338867187 0.00724792480468749 -0.0942001342773437
-0.0689010620117188 0.00746917724609374 0.0471534729003906 -0.0532112121582031
-0.057159423828125 -0.0575103759765625 0.0425682067871094 -0.00217056274414063
-0.035003662109375 -0.0832595825195312 -0.0167789459228516 -0.0201950073242188
0.00261688232421876 -0.110176086425781 0.00637054443359375 -0.0747222900390625
-0.0303421020507813 -0.0317535400390625 0.0467376708984375 -0.233993530273438
-0.0306911468505859 -0.0173912048339844 -0.0327911376953125 -0.148910522460938
-0.0164260864257813 0.00385379791259765 -0.0250968933105469 -0.0379371643066406
-0.0086369514465332 0.00681638717651367 0.0147361755371094 -0.0421867370605469
-0.00675439834594727 0.00133275985717773 0.01214599609375 -0.0701560974121094
-0.0107793807983398 0.0125017166137695 -0.0255584716796875 -0.0961532592773438
-0.0140743255615234 0.0182762145996094 -0.069549560546875 -0.100868225097656
-0.0111656188964844 0.020660400390625 -0.0755691528320313 -0.0915145874023437
-0.0141391754150391 0.0269889831542969 -0.0699386596679688 -0.101325988769531
-0.0225887298583984 0.0157814025878906 -0.0280685424804688 -0.110366821289063
-0.0285453796386719 -0.00134658813476562 0.01531982421875 -0.0917510986328125
-0.0152053833007812 -0.0161523818969727 0.0485610961914063 -0.0490188598632813
0.00218391418457031 -0.0205173492431641 0.033599853515625 -0.00268363952636719
-0.000175476074218749 -0.0147571563720703 -0.0209541320800781 -0.0390548706054687
-0.00421142578125 -0.0318698883056641 0.0130691528320313 -0.106452941894531
0.0288887023925781 -0.0624122619628906 0.00165557861328126 0.120758056640625
-0.0217208862304687 -0.0529365539550781 0.0250129699707031 0.054962158203125
-0.0569000244140625 -0.0229606628417969 -0.0222148895263672 -0.00926399230957031
-0.04510498046875 0.023956298828125 -0.0554580688476563 0.0354232788085938
-0.0158920288085938 0.0477867126464844 -0.0388412475585938 0.0757064819335938
0.0262069702148438 0.0419273376464844 0.0195693969726563 0.110458374023437
0.0450897216796875 0.0291061401367188 0.073577880859375 0.108848571777344
0.0335979461669922 0.0284690856933594 0.0743560791015625 0.0921173095703125
0.0378494262695313 0.0314483642578125 0.062225341796875 0.0985565185546875
0.015533447265625 0.0454673767089844 0.0277175903320313 0.093963623046875
-0.0212249755859375 0.0443077087402344 0.00086593627929688 0.0622062683105469
-0.0507621765136719 0.00959014892578124 0.00217056274414063 0.0428237915039063
-0.0382270812988281 -0.0443649291992187 0.0345497131347656 0.0629730224609375
-0.00332260131835937 -0.0597381591796875 0.04486083984375 0.156692504882813
0.0289421081542969 -0.0416717529296875 -0.0634613037109375 0.252914428710938
0.03594970703125 -0.140716552734375 0.00218200683593751 0.0991744995117187
-0.0385665893554688 -0.114601135253906 0.0174942016601562 0.0484046936035156
-0.103744506835938 -0.0697174072265625 -0.0156774520874024 -0.00980758666992188
-0.101188659667969 0.0239410400390625 -0.0457534790039063 0.0241470336914063
-0.0564117431640625 0.0790023803710938 -0.0419960021972656 0.0539131164550781
0.0214004516601563 0.095703125 0.00699615478515625 0.0930938720703125
0.0616455078125 0.0796966552734375 0.055145263671875 0.0940475463867188
0.0479888916015625 0.0764007568359375 0.0580902099609375 0.0746307373046875
0.0576705932617188 0.0841293334960938 0.046783447265625 0.0797882080078125
0.0161819458007813 0.0967941284179687 0.0246925354003906 0.0696830749511719
-0.0505752563476562 0.0892791748046875 0.00612258911132812 0.0381965637207031
-0.10186767578125 0.0276947021484375 0.017303466796875 0.0296688079833984
-0.0933837890625 -0.0826339721679688 0.0515251159667969 0.059295654296875
-0.0397415161132812 -0.126701354980469 0.051239013671875 0.150665283203125
0.0304794311523438 -0.124824523925781 -0.0474090576171875 0.235855102539063
0.0387725830078125 -0.1995849609375 0.00972747802734375 0.0529518127441406
-0.052215576171875 -0.164810180664063 0.00830268859863281 0.0268039703369141
-0.140762329101563 -0.108688354492187 -0.0120859146118164 -0.0104427337646484
-0.148193359375 0.0213775634765625 -0.0310230255126953 0.0129432678222656
-0.0918807983398438 0.100685119628906 -0.0375137329101563 0.0255775451660156
0.0118026733398437 0.136619567871094 -0.00429534912109374 0.0630607604980469
0.0691909790039063 0.119033813476563 0.0298271179199219 0.0658493041992188
0.0555572509765625 0.112945556640625 0.0324249267578125 0.0468406677246094
0.070587158203125 0.124443054199219 0.0237388610839844 0.0508842468261719
0.01837158203125 0.135635375976563 0.0159549713134766 0.0346050262451172
-0.0700759887695312 0.126380920410156 0.00838756561279297 0.00657606124877931
-0.139472961425781 0.0489044189453125 0.0309085845947266 0.0102043151855469
-0.14190673828125 -0.103378295898438 0.0651206970214844 0.0488357543945312
-0.07769775390625 -0.173751831054688 0.0500564575195313 0.128227233886719
0.023162841796875 -0.18988037109375 -0.0307464599609375 0.191299438476563
0.033355712890625 -0.229965209960938 0.0224342346191406 -0.0102577209472656
-0.0626220703125 -0.191619873046875 -0.00208616256713868 -0.00780487060546876
-0.16339111328125 -0.128936767578125 -0.0106191635131836 -0.0130901336669922
-0.175247192382812 0.0196685791015625 -0.0130844116210938 -2.57492065429689E-05
-0.1141357421875 0.110031127929688 -0.0264682769775391 -0.00638580322265625
0.000991821289062496 0.158111572265625 -0.0138683319091797 0.0223255157470703
0.0661087036132813 0.140174865722656 0.000717163085937506 0.0257492065429688
0.05499267578125 0.131683349609375 0.00217247009277344 0.0117702484130859
0.073089599609375 0.14520263671875 -0.00547981262207031 0.0145187377929688
0.017181396484375 0.154052734375 0.00181245803833008 -0.00583934783935546
-0.079132080078125 0.144607543945313 0.00678062438964843 -0.0295429229736328
-0.15673828125 0.0633392333984375 0.0401229858398437 -0.0136337280273437
-0.169403076171875 -0.108261108398437 0.0694351196289062 0.0322380065917969
-0.102066040039063 -0.1937255859375 0.0379180908203125 0.0934295654296875
0.014373779296875 -0.223968505859375 -0.0176925659179687 0.125587463378906
0.020904541015625 -0.22607421875 0.0358657836914062 -0.0825576782226563
-0.0689849853515625 -0.18743896484375 -0.012542724609375 -0.0504417419433594
-0.162384033203125 -0.123931884765625 -0.0109996795654297 -0.0183811187744141
-0.172210693359375 0.0188140869140625 0.00441455841064452 -0.0151662826538086
-0.113822937011719 0.102424621582031 -0.011932373046875 -0.0386810302734375
-0.00663757324218749 0.153701782226563 -0.0204944610595703 -0.0225868225097656
0.0543060302734375 0.138351440429688 -0.0282001495361328 -0.0185699462890625
0.0454559326171875 0.130813598632813 -0.0289173126220703 -0.0252475738525391
0.0634918212890625 0.144485473632812 -0.0343399047851563 -0.0239429473876953
0.0113067626953125 0.148818969726562 -0.0151481628417969 -0.0465507507324219
-0.0798797607421875 0.137527465820313 0.0026397705078125 -0.0623321533203125
-0.14984130859375 0.0603179931640625 0.0442695617675781 -0.0362625122070312
-0.1634521484375 -0.102325439453125 0.0648918151855469 0.0156173706054687
-0.101654052734375 -0.1837158203125 0.0167732238769531 0.0514755249023437
0.00750732421874998 -0.22174072265625 -0.00927352905273437 0.0499038696289062
0.00253295898437501 -0.188934326171875 0.04595947265625 -0.152374267578125
-0.0669708251953125 -0.151687622070313 -0.021453857421875 -0.0940780639648438
-0.132827758789063 -0.0946884155273438 -0.0126380920410156 -0.0262355804443359
-0.137115478515625 0.0171127319335937 0.0169811248779297 -0.0308303833007813
-0.0913772583007812 0.0791397094726563 0.00071716308593749 -0.0635833740234375
-0.0108718872070312 0.124305725097656 -0.0250816345214844 -0.0627059936523438
0.0350418090820313 0.114959716796875 -0.0517005920410156 -0.0603141784667969
0.0301971435546875 0.109596252441406 -0.0550575256347656 -0.0585784912109375
0.0432586669921875 0.122406005859375 -0.0585441589355469 -0.060028076171875
-0.000457763671875 0.120185852050781 -0.0277557373046875 -0.0816421508789062
-0.0724563598632813 0.104438781738281 0.0019378662109375 -0.0867080688476563
-0.120101928710938 0.0389785766601562 0.0468368530273437 -0.0511627197265625
-0.122688293457031 -0.0868301391601563 0.0544853210449219 0.00361251831054687
-0.0763397216796875 -0.146484375 -0.0052938461303711 0.0110569000244141
0.00495910644531249 -0.183624267578125 -0.00171279907226563 -0.0223426818847656
-0.015594482421875 -0.121322631835938 0.050628662109375 -0.208999633789063
-0.0533370971679687 -0.0910110473632813 -0.028533935546875 -0.131492614746094
-0.0798416137695313 -0.0487747192382813 -0.0175647735595703 -0.0335159301757813
-0.0772628784179688 0.0128173828125 0.021240234375 -0.0416755676269531
-0.0529937744140625 0.0428390502929688 0.00920867919921875 -0.0757522583007813
-0.0121917724609375 0.07427978515625 -0.0275421142578125 -0.0901718139648438
0.0111007690429687 0.0734939575195312 -0.06829833984375 -0.0900115966796875
0.00989532470703125 0.0713653564453125 -0.0727081298828125 -0.083892822265625
0.0150527954101563 0.082183837890625 -0.0718994140625 -0.08880615234375
-0.0137863159179688 0.0735702514648438 -0.032806396484375 -0.104850769042969
-0.0566291809082031 0.0538825988769531 0.00699615478515624 -0.0977554321289063
-0.0729293823242188 0.00865936279296874 0.0482559204101562 -0.0558395385742188
-0.0613136291503906 -0.0611381530761719 0.0440826416015625 -0.002960205078125
-0.0372314453125 -0.0882492065429688 -0.0197105407714844 -0.0211334228515625
0.00280761718749999 -0.117782592773438 0.00572967529296874 -0.07958984375
-0.0304889678955078 -0.0347347259521484 0.0489501953125 -0.245208740234375
-0.0321216583251953 -0.0194435119628906 -0.036102294921875 -0.156051635742188
-0.0181312561035156 0.00224685668945313 -0.026885986328125 -0.0399665832519531
-0.00947856903076172 0.00697040557861328 0.0146255493164063 -0.0441131591796875
-0.00857686996459961 0.00115776062011719 0.0120620727539063 -0.0729141235351563
-0.0115175247192383 0.0143146514892578 -0.0275115966796875 -0.0999221801757813
-0.0141754150390625 0.0204429626464844 -0.0742111206054688 -0.104896545410156
-0.0113353729248047 0.0221900939941406 -0.0794677734375 -0.0961380004882813
-0.0136737823486328 0.0286788940429688 -0.0742721557617187 -0.106094360351563
-0.0231094360351562 0.0175418853759766 -0.0298995971679688 -0.115226745605469
-0.0303001403808594 -0.000453948974609376 0.015625 -0.0953369140625
-0.0170688629150391 -0.0164356231689453 0.0505867004394531 -0.0514678955078125
0.00152206420898437 -0.0223674774169922 0.0346412658691406 -0.00372314453125
-0.000734329223632814 -0.0168876647949219 -0.0238533020019531 -0.0411643981933594
-0.00405311584472656 -0.0344982147216797 0.0123062133789063 -0.112602233886719
0.0285720825195313 -0.0662612915039063 0.00594329833984375 0.12945556640625
-0.0229721069335937 -0.0538444519042969 0.0305328369140625 0.0578880310058594
-0.0599098205566406 -0.0218658447265625 -0.0229129791259766 -0.00863456726074219
-0.0460205078125 0.0264320373535156 -0.0567588806152344 0.0395622253417969
-0.0147590637207031 0.0510406494140625 -0.0388565063476562 0.0815505981445313
0.0295562744140625 0.0419502258300781 0.0245742797851563 0.115463256835938
0.0480804443359375 0.0275764465332031 0.081878662109375 0.112640380859375
0.0357933044433594 0.0279769897460937 0.08203125 0.0955734252929688
0.0411949157714844 0.030487060546875 0.0694732666015625 0.102104187011719
0.018157958984375 0.0464363098144531 0.0317459106445313 0.0988388061523438
-0.0198936462402344 0.0474739074707031 0.00350189208984375 0.0660057067871094
-0.0531883239746094 0.0120391845703125 0.00374603271484374 0.0455589294433594
-0.0427436828613281 -0.0446662902832031 0.0391845703125 0.0659904479980469
-0.0061798095703125 -0.0611915588378906 0.0534820556640625 0.164627075195313
0.0293388366699219 -0.0445747375488281 -0.0589599609375 0.270675659179688
0.0330963134765625 -0.149734497070313 0.0061187744140625 0.106491088867188
-0.0422592163085937 -0.119224548339844 0.0218391418457031 0.0522270202636719
-0.111541748046875 -0.0696258544921875 -0.0165538787841797 -0.00980567932128906
-0.105392456054688 0.02801513671875 -0.0470046997070313 0.0275077819824219
-0.05657958984375 0.08575439453125 -0.0428504943847656 0.0588874816894531
0.0262680053710938 0.0990066528320312 0.011383056640625 0.0979995727539063
0.06878662109375 0.0807952880859375 0.0625228881835938 0.0971832275390625
0.0538406372070313 0.0782852172851563 0.0636672973632813 0.0774078369140625
0.0647964477539063 0.0854415893554688 0.052947998046875 0.0838394165039063
0.0208816528320313 0.100906372070313 0.0277938842773437 0.0735397338867188
-0.0489654541015625 0.0959625244140625 0.00727844238281249 0.0401382446289063
-0.107025146484375 0.033050537109375 0.0185508728027344 0.0315704345703125
-0.102912902832031 -0.0832977294921875 0.0566749572753906 0.0619087219238281
-0.0470352172851563 -0.131179809570312 0.059844970703125 0.158172607421875
0.0279769897460938 -0.133590698242187 -0.0433197021484375 0.251007080078125
0.0350341796875 -0.213714599609375 0.0127143859863281 0.0579910278320312
-0.057647705078125 -0.172348022460937 0.0110054016113281 0.030405044555664
-0.15289306640625 -0.110458374023438 -0.0130090713500977 -0.0104494094848633
-0.155609130859375 0.0269927978515625 -0.0323696136474609 0.0152950286865234
-0.0943222045898437 0.109451293945313 -0.0393447875976563 0.0294227600097656
0.0179290771484375 0.143402099609375 -0.00165176391601562 0.0675811767578125
0.0785446166992188 0.122512817382813 0.0349464416503906 0.0683631896972656
0.0632400512695313 0.117462158203125 0.0362091064453125 0.0485916137695313
0.0798110961914063 0.127716064453125 0.0273323059082031 0.0539360046386719
0.024505615234375 0.14166259765625 0.0181694030761719 0.0366554260253906
-0.0679702758789063 0.135650634765625 0.00876808166503906 0.00666809082031251
-0.146133422851563 0.0568389892578125 0.0323925018310547 0.0104694366455078
-0.155517578125 -0.104019165039063 0.0700340270996094 0.0499763488769531
-0.0879364013671875 -0.179916381835938 0.05731201171875 0.134674072265625
0.0194244384765625 -0.203140258789063 -0.027435302734375 0.2030029296875
0.0293731689453125 -0.246368408203125 0.0237884521484375 -0.00934791564941408
-0.070587158203125 -0.201004028320313 -0.00117206573486329 -0.00631189346313478
-0.178558349609375 -0.131271362304688 -0.0119285583496094 -0.01348876953125
-0.184616088867187 0.026092529296875 -0.014012336730957 0.000776290893554688
-0.117256164550781 0.120651245117187 -0.0289726257324219 -0.0041522979736328
0.0076141357421875 0.16619873046875 -0.0126819610595703 0.0251846313476563
0.076324462890625 0.144973754882813 0.00297546386718751 0.0276355743408203
0.0627899169921875 0.137672424316406 0.00249576568603516 0.0124692916870117
0.08380126953125 0.149749755859375 -0.00423812866210937 0.0166721343994141
0.0246734619140625 0.16162109375 0.00170516967773438 -0.00580835342407226
-0.0778045654296875 0.155914306640625 0.00583648681640625 -0.0306129455566406
-0.16473388671875 0.0727996826171875 0.0411109924316406 -0.015350341796875
-0.18487548828125 -0.108932495117187 0.0739593505859375 0.0325164794921875
-0.1143798828125 -0.200408935546875 0.04248046875 0.09808349609375
0.00918579101562499 -0.23944091796875 -0.015472412109375 0.132865905761719
0.0161895751953125 -0.242691040039063 0.0351791381835937 -0.0866241455078125
-0.0777740478515625 -0.197494506835938 -0.0141220092773438 -0.0514945983886719
-0.177749633789062 -0.126632690429688 -0.0124549865722656 -0.0189208984375
-0.18206787109375 0.02557373046875 0.00361156463623046 -0.0161542892456055
-0.117958068847656 0.112922668457031 -0.0149726867675781 -0.0389480590820312
-0.000747680664062505 0.162429809570313 -0.0209102630615234 -0.0222511291503906
0.0632781982421875 0.14398193359375 -0.0287590026855469 -0.0184803009033203
0.053436279296875 0.136909484863281 -0.0311565399169922 -0.0252437591552734
0.07342529296875 0.14971923828125 -0.0362129211425781 -0.0231437683105469
0.0180511474609375 0.156402587890625 -0.0172691345214844 -0.0482101440429688
-0.0791473388671875 0.148101806640625 0.000888824462890621 -0.0655174255371094
-0.157470703125 0.0688629150390625 0.0451164245605469 -0.0391464233398437
-0.177749633789063 -0.103103637695312 0.0684928894042969 0.015106201171875
-0.11383056640625 -0.1905517578125 0.0179977416992187 0.0546646118164062
0.00257873535156252 -0.237075805664062 -0.00900268554687501 0.0527839660644531
-0.00151062011718752 -0.202880859375 0.044891357421875 -0.161102294921875
-0.0747833251953125 -0.160049438476563 -0.0254745483398438 -0.0975418090820313
-0.145477294921875 -0.0973052978515625 -0.0147857666015625 -0.0273303985595703
-0.145538330078125 0.0227508544921875 0.0162296295166016 -0.0326309204101563
-0.0954360961914063 0.0877456665039062 -0.00203704833984375 -0.0657691955566406
-0.00633239746093751 0.131729125976563 -0.0273551940917969 -0.0642776489257812
0.0424041748046875 0.12078857421875 -0.0562705993652344 -0.0612144470214844
0.036773681640625 0.115501403808594 -0.0601348876953125 -0.0605583190917969
0.050933837890625 0.128028869628906 -0.0620536804199219 -0.0609054565429688
0.0047607421875 0.1268310546875 -0.0316543579101562 -0.0847396850585937
-0.0727920532226563 0.113212585449219 -0.000877380371093755 -0.0909271240234375
-0.126396179199219 0.0455245971679688 0.0468254089355469 -0.0555076599121094
-0.134025573730469 -0.0884628295898437 0.0566139221191406 0.00192642211914062
-0.0865325927734375 -0.152587890625 -0.00679397583007813 0.0124549865722656
0.000961303710937484 -0.197158813476563 -0.00345802307128906 -0.0241489410400391
-0.0189895629882812 -0.130043029785156 0.0473785400390625 -0.222335815429688
-0.0588150024414062 -0.0963592529296875 -0.0348968505859375 -0.137298583984375
-0.087799072265625 -0.0507659912109375 -0.0204010009765625 -0.0359153747558594
-0.0823440551757812 0.0160064697265625 0.0196990966796875 -0.0440216064453125
-0.0562515258789063 0.0475654602050781 0.00682830810546874 -0.0796661376953125
-0.00988769531250001 0.0800399780273438 -0.0305252075195313 -0.0933990478515625
0.0152053833007813 0.0782852172851563 -0.074462890625 -0.09295654296875
0.0133819580078125 0.0762176513671875 -0.0799179077148437 -0.0868911743164063
0.0205841064453125 0.0865097045898438 -0.0786361694335938 -0.0914154052734375
-0.0109939575195313 0.0789108276367188 -0.0377731323242188 -0.109626770019531
-0.0577888488769531 0.0599098205566406 0.00376129150390625 -0.102470397949219
-0.0776519775390625 0.0116806030273437 0.0490074157714844 -0.0603523254394531
-0.0675468444824219 -0.0637245178222656 0.0447120666503906 -0.00420761108398438
-0.042694091796875 -0.0926284790039063 -0.0229434967041016 -0.021331787109375
-0.000221252441406237 -0.126808166503906 0.00272369384765625 -0.0847396850585938
-0.0317573547363281 -0.0373458862304687 0.0439300537109375 -0.260421752929688
-0.0348777770996094 -0.0210514068603516 -0.0436553955078125 -0.163497924804688
-0.0202007293701172 0.00121498107910156 -0.0303421020507813 -0.0411834716796875
-0.0107479095458984 0.00744247436523438 0.0130195617675781 -0.0469741821289063
-0.0100650787353516 0.00205802917480469 0.0107650756835937 -0.0770797729492188
-0.0115737915039062 0.0161170959472656 -0.031494140625 -0.103904724121094
-0.0136871337890625 0.0233383178710938 -0.0818862915039063 -0.108169555664062
-0.0107173919677734 0.0249443054199219 -0.0874786376953125 -0.0999069213867188
-0.012451171875 0.0320510864257813 -0.081756591796875 -0.109550476074219
-0.0230445861816406 0.0201740264892578 -0.0349655151367188 -0.120529174804688
-0.0322589874267578 0.00196266174316406 0.0129776000976563 -0.101089477539062
-0.0191402435302734 -0.0166645050048828 0.0509605407714844 -0.0558395385742188
0.000535964965820315 -0.0250015258789063 0.0350131988525391 -0.00541877746582031
-0.001434326171875 -0.0194644927978516 -0.028167724609375 -0.0423393249511719
-0.00515365600585938 -0.0383110046386719 0.00894927978515625 -0.120285034179688
0.0250434875488281 -0.069976806640625 0.0139923095703125 0.135772705078125
-0.02569580078125 -0.0537109375 0.0369758605957031 0.0595130920410156
-0.0623664855957031 -0.0187034606933594 -0.0238475799560547 -0.00715827941894531
-0.0457229614257813 0.0297126770019531 -0.0551681518554687 0.0450172424316406
-0.0113067626953125 0.0535202026367188 -0.034912109375 0.0876846313476563
0.0337028503417969 0.0412139892578125 0.0324859619140625 0.118171691894531
0.0517845153808594 0.0242919921875 0.0929641723632813 0.112030029296875
0.0389328002929688 0.0261726379394531 0.0911865234375 0.0951080322265625
0.0443801879882813 0.0277290344238281 0.078643798828125 0.103805541992188
0.0216026306152344 0.0457229614257813 0.0386581420898437 0.101776123046875
-0.0165634155273438 0.049957275390625 0.00661468505859375 0.0686759948730469
-0.0541839599609375 0.0163040161132813 0.00680923461914062 0.0472450256347656
-0.0470771789550781 -0.0426368713378906 0.0455551147460938 0.0666770935058594
-0.0108184814453125 -0.0623626708984375 0.066802978515625 0.167572021484375
0.0271453857421875 -0.0475349426269531 -0.045806884765625 0.285675048828125
0.0253753662109375 -0.157943725585938 0.0133285522460938 0.112739562988281
-0.04937744140625 -0.120681762695312 0.0280342102050781 0.0543365478515625
-0.11968994140625 -0.0654220581054687 -0.017552375793457 -0.00907230377197266
-0.107559204101563 0.0353546142578125 -0.0465774536132813 0.0314521789550781
-0.0534515380859375 0.0923233032226563 -0.04119873046875 0.0646133422851563
0.0342559814453125 0.100296020507813 0.0179443359375 0.101600646972656
0.07611083984375 0.0777664184570312 0.0719451904296875 0.0979766845703125
0.0608749389648438 0.0779037475585938 0.0715103149414063 0.0770263671875
0.0728073120117188 0.0839385986328125 0.06103515625 0.085205078125
0.0286407470703125 0.102691650390625 0.0333175659179688 0.0753707885742188
-0.04388427734375 0.102485656738281 0.00993728637695312 0.0415458679199219
-0.109642028808594 0.0414199829101562 0.0213680267333984 0.0322055816650391
-0.113197326660156 -0.0793304443359375 0.0629615783691406 0.0614967346191406
-0.0575637817382813 -0.131927490234375 0.0722503662109375 0.160934448242188
0.0214691162109375 -0.1417236328125 -0.0303955078125 0.264175415039063
0.0237274169921875 -0.226028442382813 0.0168075561523438 0.06201171875
-0.068603515625 -0.176071166992188 0.0150203704833984 0.0323085784912109
-0.1661376953125 -0.105438232421875 -0.01434326171875 -0.0102272033691406
-0.160110473632813 0.037322998046875 -0.0323295593261719 0.0177803039550781
-0.0918807983398438 0.120445251464844 -0.0396499633789063 0.0345458984375
0.02813720703125 0.14691162109375 0.0034942626953125 0.0708999633789063
0.090057373046875 0.121498107910156 0.0411872863769531 0.069122314453125
0.07318115234375 0.118026733398438 0.0406723022460938 0.0487289428710938
0.09197998046875 0.126701354980469 0.0327644348144531 0.0552139282226563
0.035369873046875 0.145431518554688 0.020843505859375 0.037567138671875
-0.0616607666015625 0.144729614257812 0.00933551788330078 0.00713539123535157
-0.14935302734375 0.068389892578125 0.0338993072509766 0.00956535339355469
-0.169876098632813 -0.098358154296875 0.0754547119140625 0.0482635498046875
-0.102706909179688 -0.180206298828125 0.0677642822265625 0.137641906738281
0.00814819335937499 -0.21435546875 -0.017364501953125 0.213165283203125
0.016693115234375 -0.259933471679688 0.0245571136474609 -0.00919342041015627
-0.083831787109375 -0.20660400390625 -0.000143527984619146 -0.00455617904663087
-0.194869995117187 -0.12652587890625 -0.0134677886962891 -0.0133171081542969
-0.191192626953125 0.0381927490234375 -0.0155563354492188 0.00243377685546875
-0.115486145019531 0.133209228515625 -0.0311203002929688 -0.00113868713378905
0.01910400390625 0.171966552734375 -0.00998115539550781 0.0276088714599609
0.08978271484375 0.145462036132813 0.00563049316406251 0.0281105041503906
0.0747299194335938 0.139328002929688 0.00399875640869141 0.0124750137329102
0.09747314453125 0.149368286132813 -0.00193405151367187 0.0183010101318359
0.036773681640625 0.165924072265625 0.00118255615234375 -0.00581693649291991
-0.0704498291015625 0.166702270507813 0.00398826599121093 -0.0317249298095703
-0.16729736328125 0.0860137939453125 0.0413856506347656 -0.0175361633300781
-0.200775146484375 -0.102142333984375 0.0783538818359375 0.02972412109375
-0.131607055664063 -0.200759887695313 0.0497970581054687 0.100135803222656
-0.00474548339843751 -0.251983642578125 -0.0095367431640625 0.139305114746094
0.00352478027343748 -0.256851196289063 0.0325469970703125 -0.0904083251953125
-0.0908660888671875 -0.202880859375 -0.0169830322265625 -0.0508651733398438
-0.194381713867188 -0.12249755859375 -0.0155925750732422 -0.0191097259521484
-0.188919067382813 0.037628173828125 0.0022287368774414 -0.0159139633178711
-0.116600036621094 0.126533508300781 -0.0185585021972656 -0.0379791259765625
0.0102996826171875 0.169158935546875 -0.0215244293212891 -0.0211524963378906
0.0767822265625 0.145904541015625 -0.0305061340332031 -0.0173130035400391
0.0649566650390625 0.140144348144531 -0.0341796875 -0.0252532958984375
0.0872344970703125 0.150161743164063 -0.0377197265625 -0.0215072631835937
0.029052734375 0.160659790039063 -0.0209159851074219 -0.0489959716796875
-0.0728759765625 0.1595458984375 -0.00339889526367187 -0.0674552917480469
-0.160842895507813 0.0814971923828125 0.0437278747558594 -0.0427932739257812
-0.192642211914062 -0.0967254638671875 0.0711898803710937 0.011962890625
-0.130416870117188 -0.190628051757812 0.0214958190917969 0.0571823120117187
-0.010711669921875 -0.249649047851563 -0.0071868896484375 0.0553512573242187
-0.0126190185546875 -0.213043212890625 0.03704833984375 -0.169601440429688
-0.0859527587890625 -0.164077758789063 -0.0321044921875 -0.0989761352539063
-0.159454345703125 -0.093536376953125 -0.0182704925537109 -0.0279064178466797
-0.150985717773438 0.0326995849609375 0.0141429901123047 -0.0347251892089844
-0.0954437255859375 0.0983123779296875 -0.00645828247070314 -0.0671157836914063
0.00238800048828125 0.137908935546875 -0.030426025390625 -0.0649452209472656
0.05328369140625 0.123359680175781 -0.0609855651855469 -0.0600700378417969
0.0458755493164062 0.118736267089844 -0.0662727355957031 -0.0599479675292969
0.0629043579101562 0.12921142578125 -0.0679779052734375 -0.0593910217285156
0.0136871337890625 0.131866455078125 -0.0378494262695313 -0.0860977172851562
-0.0681991577148437 0.123146057128906 -0.00696563720703126 -0.0940475463867188
-0.12994384765625 0.0551834106445313 0.0447006225585937 -0.0598373413085938
-0.146087646484375 -0.0846405029296875 0.0580940246582031 -0.000961303710937505
-0.0989990234375 -0.153396606445313 -0.00748825073242188 0.0143318176269531
-0.010223388671875 -0.207733154296875 -0.00573539733886719 -0.0254039764404297
-0.026519775390625 -0.136695861816406 0.03704833984375 -0.233856201171875
-0.0671463012695312 -0.0989608764648438 -0.0447769165039063 -0.140296936035156
-0.0964279174804688 -0.0489425659179687 -0.0242843627929688 -0.0358810424804688
-0.0860595703125 0.021484375 0.0167465209960938 -0.0471229553222656
-0.0569190979003906 0.0540847778320313 0.002227783203125 -0.0818328857421875
-0.00464630126953125 0.0840606689453125 -0.0359878540039062 -0.0951461791992187
0.0224151611328125 0.0814895629882812 -0.082916259765625 -0.0922317504882813
0.0196762084960938 0.0796051025390625 -0.0884933471679687 -0.0855865478515625
0.027313232421875 0.0886154174804688 -0.086456298828125 -0.0901412963867188
-0.00586700439453125 0.0831451416015625 -0.0458984375 -0.111663818359375
-0.0563163757324219 0.0666770935058594 -0.001861572265625 -0.106056213378906
-0.0810470581054688 0.0172958374023438 0.04681396484375 -0.0652198791503906
-0.0756683349609375 -0.0630722045898438 0.04522705078125 -0.00678253173828125
-0.0503921508789062 -0.0942459106445313 -0.0267467498779297 -0.0197486877441406
-0.00707244873046875 -0.134552001953125 -0.00278472900390624 -0.0895767211914063
-0.0339736938476563 -0.03875732421875 0.0310211181640625 -0.273605346679688
-0.037353515625 -0.0211334228515625 -0.0556488037109375 -0.16790771484375
-0.0222053527832031 0.000991821289062495 -0.0351295471191406 -0.041259765625
-0.0117616653442383 0.00808334350585938 0.00931549072265625 -0.0495681762695313
-0.0113325119018555 0.00344657897949219 0.0062103271484375 -0.0804595947265625
-0.0112228393554688 0.0185508728027344 -0.037567138671875 -0.106010437011719
-0.0122241973876953 0.026275634765625 -0.0919418334960937 -0.107933044433594
-0.00920486450195312 0.0276012420654297 -0.0977249145507813 -0.0991363525390625
-0.0103778839111328 0.0349521636962891 -0.091949462890625 -0.109352111816406
-0.0221443176269531 0.0231761932373047 -0.0435714721679688 -0.122947692871094
-0.0334014892578125 0.005584716796875 0.00778961181640624 -0.1051025390625
-0.0218429565429687 -0.0156574249267578 0.0494613647460938 -0.0615234375
-0.00211524963378906 -0.0273208618164063 0.0354194641113281 -0.00777435302734375
-0.00334358215332031 -0.0212020874023438 -0.0336341857910156 -0.0417633056640625
-0.00728607177734375 -0.0411529541015625 0.00147247314453126 -0.126823425292969
0.0195999145507813 -0.0718536376953125 0.0228042602539062 0.138153076171875
-0.02789306640625 -0.0514602661132812 0.0429420471191406 0.0576400756835938
-0.0631103515625 -0.0147628784179687 -0.0241603851318359 -0.00589370727539062
-0.0436897277832031 0.0326461791992188 -0.0515861511230469 0.0480270385742188
-0.00769424438476563 0.0548591613769531 -0.0298233032226562 0.0908203125
0.0362396240234375 0.0380821228027344 0.0402755737304688 0.116432189941406
0.05267333984375 0.0199699401855469 0.101142883300781 0.106277465820313
0.0402107238769531 0.0227890014648437 0.0985565185546875 0.0903091430664062
0.0465812683105469 0.0243644714355469 0.0863113403320313 0.100227355957031
0.0248298645019531 0.0438575744628906 0.045318603515625 0.100410461425781
-0.0121192932128906 0.0506248474121094 0.0108261108398438 0.0688018798828125
-0.0535049438476563 0.0205230712890625 0.00992584228515624 0.047821044921875
-0.0499267578125 -0.0383796691894531 0.0510482788085937 0.0638580322265625
-0.0152091979980469 -0.0604896545410156 0.0791168212890625 0.164215087890625
0.0240821838378906 -0.0493583679199219 -0.0269775390625 0.2911376953125
0.0143585205078125 -0.161453247070312 0.0205917358398438 0.1156005859375
-0.0562591552734375 -0.118766784667969 0.0338630676269531 0.0542945861816406
-0.124687194824219 -0.0576400756835937 -0.0180473327636719 -0.00827980041503906
-0.105964660644531 0.0419387817382812 -0.0443458557128906 0.0345039367675781
-0.0475997924804688 0.09716796875 -0.0371742248535156 0.0685768127441406
0.0412826538085937 0.0979080200195312 0.0254592895507813 0.100677490234375
0.0817413330078125 0.0722732543945313 0.0794601440429688 0.0935592651367188
0.0658950805664063 0.0737533569335938 0.0772781372070313 0.0739288330078125
0.0790328979492188 0.07818603515625 0.0679550170898438 0.082855224609375
0.035858154296875 0.100471496582031 0.038177490234375 0.0744171142578125
-0.0365447998046875 0.105567932128906 0.0119247436523438 0.0413284301757813
-0.107925415039062 0.0490036010742188 0.0234661102294922 0.0316791534423828
-0.11962890625 -0.07110595703125 0.0678138732910156 0.0578727722167969
-0.0668792724609375 -0.127792358398438 0.0839691162109375 0.157440185546875
0.0121612548828125 -0.144927978515625 -0.0142669677734375 0.269119262695313
0.00921630859375 -0.230484008789062 0.0212211608886719 0.0639152526855469
-0.078948974609375 -0.173416137695313 0.0191726684570313 0.0331401824951172
-0.174789428710938 -0.09527587890625 -0.0151996612548828 -0.00949192047119141
-0.158950805664063 0.047454833984375 -0.0312843322753906 0.0207614898681641
-0.084686279296875 0.1280517578125 -0.0377616882324219 0.0386543273925781
0.03887939453125 0.145050048828125 0.00920104980468751 0.070709228515625
0.0994491577148438 0.115470886230469 0.0466384887695313 0.066619873046875
0.0819320678710938 0.114189147949219 0.0441551208496094 0.04718017578125
0.101547241210938 0.120048522949219 0.0374374389648438 0.0543556213378906
0.0455169677734375 0.142791748046875 0.0230636596679688 0.0369338989257813
-0.0519866943359375 0.149826049804688 0.00928306579589844 0.00636386871337892
-0.146377563476562 0.07940673828125 0.0345211029052734 0.00806236267089844
-0.178268432617187 -0.086944580078125 0.079193115234375 0.0448684692382813
-0.115493774414063 -0.174209594726563 0.0777816772460937 0.134552001953125
-0.00559997558593748 -0.218475341796875 -0.00442504882812501 0.216400146484375
-7.62939453124971E-05 -0.265289306640625 0.0241947174072266 -0.00829315185546877
-0.09625244140625 -0.20343017578125 0.00100040435791015 -0.00291991233825685
-0.206344604492188 -0.115142822265625 -0.0153598785400391 -0.012690544128418
-0.190643310546875 0.0507049560546875 -0.0153675079345703 0.00379085540771484
-0.108718872070312 0.143020629882813 -0.0315952301025391 0.00266838073730469
0.031585693359375 0.171478271484375 -0.00652122497558594 0.0287284851074219
0.1015625 0.139259338378906 0.00792694091796876 0.0278606414794922
0.0848541259765625 0.13604736328125 0.00448226928710938 0.0125694274902344
0.109146118164062 0.142684936523438 0.000503540039062507 0.0189418792724609
0.0483245849609375 0.163803100585938 0.000782489776611331 -0.00540399551391601
-0.0591583251953125 0.172805786132813 0.00114822387695312 -0.031473159790039
-0.164642333984375 0.0981903076171875 0.0403327941894531 -0.0194549560546875
-0.210235595703125 -0.088653564453125 0.0803680419921875 0.0264434814453125
-0.145050048828125 -0.19232177734375 0.0562515258789062 0.0985336303710937
-0.0200958251953125 -0.2569580078125 -0.0015716552734375 0.140899658203125
-0.0129852294921875 -0.261520385742188 0.027587890625 -0.0916290283203125
-0.104080200195313 -0.200302124023438 -0.0193252563476563 -0.0487289428710938
-0.206161499023437 -0.1112060546875 -0.0176010131835938 -0.0183258056640625
-0.189559936523438 0.0504150390625 0.000501632690429677 -0.0156097412109375
-0.111091613769531 0.1365966796875 -0.0214748382568359 -0.0350093841552734
0.0224456787109375 0.168899536132813 -0.0213985443115234 -0.0198230743408203
0.08843994140625 0.141647338867188 -0.0310192108154297 -0.0158290863037109
0.0756149291992188 0.136917114257813 -0.0358810424804687 -0.0232734680175781
0.0988922119140625 0.144638061523438 -0.0385665893554688 -0.0188331604003906
0.0411376953125 0.159469604492188 -0.0241127014160156 -0.0480079650878906
-0.062164306640625 0.16558837890625 -0.00792694091796875 -0.0674324035644531
-0.157424926757813 0.0936737060546875 0.04119873046875 -0.0453224182128906
-0.201736450195313 -0.084930419921875 0.071685791015625 0.00887298583984374
-0.143569946289063 -0.18328857421875 0.0248031616210937 0.0564117431640625
-0.0267486572265625 -0.25439453125 -0.00426101684570312 0.0556640625
-0.0257720947265625 -0.217086791992188 0.0275726318359375 -0.172134399414062
-0.0971832275390625 -0.161956787109375 -0.0381698608398437 -0.0968170166015625
-0.16986083984375 -0.0852203369140625 -0.0219001770019531 -0.0265159606933594
-0.151687622070313 0.0428466796875 0.0106983184814453 -0.0347423553466797
-0.0909500122070313 0.107131958007813 -0.0109596252441406 -0.0657958984375
0.0126266479492187 0.138633728027344 -0.0334625244140625 -0.0634498596191406
0.0634994506835938 0.120773315429687 -0.0652275085449219 -0.0571136474609375
0.0549850463867187 0.117057800292969 -0.0710372924804687 -0.0565109252929688
0.07244873046875 0.125411987304688 -0.071502685546875 -0.0556564331054687
0.0235214233398437 0.13153076171875 -0.044189453125 -0.08416748046875
-0.0600814819335938 0.129165649414063 -0.012786865234375 -0.0940170288085938
-0.127876281738281 0.0649490356445313 0.0406150817871094 -0.06268310546875
-0.154525756835938 -0.07611083984375 0.0578727722167969 -0.0035858154296875
-0.109634399414062 -0.147842407226562 -0.0074462890625 0.0159931182861328
-0.02398681640625 -0.211532592773438 -0.00821495056152344 -0.0254058837890625
-0.034515380859375 -0.138648986816406 0.0234832763671875 -0.237716674804688
-0.074005126953125 -0.0974044799804687 -0.054656982421875 -0.137611389160156
-0.102760314941406 -0.0441436767578125 -0.0283546447753906 -0.034393310546875
-0.0872039794921875 0.0278167724609375 0.0126228332519531 -0.0472412109375
-0.0548667907714844 0.0597953796386719 -0.00269317626953125 -0.081939697265625
0.00149536132812501 0.0851516723632813 -0.0408706665039063 -0.0931015014648438
0.0297088623046875 0.0812225341796875 -0.0893096923828125 -0.0875625610351563
0.0259323120117187 0.0795059204101563 -0.0956802368164063 -0.0815048217773438
0.0347518920898438 0.0875015258789063 -0.0929107666015625 -0.0857009887695312
0.000267028808593759 0.0842208862304688 -0.0530929565429688 -0.109748840332031
-0.0518341064453125 0.0721206665039062 -0.00922393798828126 -0.106620788574219
-0.0815887451171875 0.0236663818359375 0.04254150390625 -0.0687065124511719
-0.0818710327148438 -0.0593338012695313 0.0440444946289062 -0.00914382934570313
-0.0575180053710938 -0.0919647216796875 -0.0293483734130859 -0.0172882080078125
-0.015411376953125 -0.136955261230469 -0.00904083251953125 -0.0905075073242188
-0.0357017517089844 -0.0384025573730469 0.013671875 -0.278549194335937
-0.0393753051757812 -0.0204200744628906 -0.0682525634765625 -0.165969848632812
-0.0239658355712891 0.00160980224609375 -0.0395050048828125 -0.039093017578125
-0.0125751495361328 0.00934696197509765 0.00534439086914062 -0.0497589111328125
-0.0116806030273438 0.00483512878417969 0.0015106201171875 -0.0809860229492188
-0.00959968566894531 0.0200176239013672 -0.0439834594726563 -0.104515075683594
-0.00929832458496094 0.0284633636474609 -0.0997848510742188 -0.102645874023438
-0.00664901733398438 0.0288333892822266 -0.105323791503906 -0.0944595336914063
-0.00768661499023437 0.0361213684082031 -0.100112915039063 -0.104286193847656
-0.0202426910400391 0.0249710083007812 -0.0519638061523438 -0.120887756347656
-0.0337657928466797 0.00921249389648438 0.000885009765625002 -0.105667114257812
-0.0240669250488281 -0.0137977600097656 0.0450935363769531 -0.0652809143066406
-0.00511360168457032 -0.0285682678222656 0.0337047576904297 -0.00939178466796875
-0.0054779052734375 -0.0218105316162109 -0.0379486083984375 -0.0391044616699219
-0.00989532470703125 -0.042877197265625 -0.00755310058593749 -0.128776550292969
0.016082763671875 -0.0703048706054688 0.0293731689453125 0.13763427734375
-0.0285911560058594 -0.04925537109375 0.0463066101074219 0.0554962158203125
-0.0613670349121094 -0.0112533569335937 -0.0235137939453125 -0.00532341003417968
-0.041259765625 0.0336341857910156 -0.0487632751464844 0.0491065979003906
-0.0040130615234375 0.0540695190429687 -0.025146484375 0.0910263061523437
0.0373802185058594 0.0346717834472656 0.044525146484375 0.113029479980469
0.0518608093261719 0.0160484313964844 0.104408264160156 0.100273132324219
0.0397262573242188 0.0205268859863281 0.101531982421875 0.085906982421875
0.0460128784179688 0.020782470703125 0.0902862548828125 0.0959930419921875
0.0262947082519531 0.0415496826171875 0.04876708984375 0.0975799560546875
-0.00930404663085938 0.04962158203125 0.0128936767578125 0.0675926208496094
-0.0509872436523438 0.0229454040527344 0.0118331909179687 0.0472450256347656
-0.0513229370117188 -0.0340347290039063 0.0533790588378906 0.0602493286132813
-0.0179595947265625 -0.0576858520507813 0.08636474609375 0.157546997070313
0.020904541015625 -0.0497894287109375 -0.01519775390625 0.289093017578125
0.00640869140624999 -0.160354614257813 0.025726318359375 0.11572265625
-0.0591888427734375 -0.114463806152344 0.0374374389648437 0.05279541015625
-0.12518310546875 -0.0518264770507812 -0.0184898376464844 -0.00758171081542969
-0.102294921875 0.0458221435546875 -0.041656494140625 0.0361404418945313
-0.0425186157226563 0.0981063842773438 -0.0337257385253906 0.0702781677246094
0.0454940795898438 0.09307861328125 0.029571533203125 0.098114013671875
0.0841445922851563 0.0666732788085938 0.082611083984375 0.0884246826171875
0.0680885314941406 0.0697822570800781 0.0794601440429688 0.0703277587890625
0.0814285278320313 0.0723724365234375 0.0715484619140625 0.079833984375
0.0402755737304688 0.096588134765625 0.0404739379882812 0.072174072265625
-0.03057861328125 0.10528564453125 0.0130882263183594 0.0406875610351563
-0.104751586914063 0.0539474487304688 0.0242729187011719 0.0315036773681641
-0.121612548828125 -0.0631790161132813 0.069488525390625 0.0545463562011719
-0.0712966918945313 -0.121620178222656 0.0900726318359375 0.1514892578125
0.0055999755859375 -0.144683837890625 -0.003387451171875 0.266326904296875
-0.00186157226562498 -0.228988647460938 0.0238723754882813 0.0648040771484375
-0.08349609375 -0.16839599609375 0.0223255157470703 0.0332603454589844
-0.177017211914063 -0.0868072509765625 -0.0159988403320313 -0.0089111328125
-0.154937744140625 0.053466796875 -0.030029296875 0.0220699310302734
-0.078399658203125 0.131027221679688 -0.0359954833984375 0.0410308837890625
0.0455093383789063 0.139625549316406 0.0127372741699219 0.0691604614257813
0.1033935546875 0.10797119140625 0.0501480102539063 0.0634040832519531
0.0863189697265625 0.108711242675781 0.0456008911132813 0.0449905395507813
0.105964660644531 0.112777709960938 0.0405197143554688 0.0528488159179688
0.0522537231445312 0.137496948242188 0.0239639282226563 0.0359115600585938
-0.043853759765625 0.149642944335937 0.00840377807617187 0.00620985031127931
-0.142471313476563 0.0852203369140625 0.0342025756835937 0.00776672363281251
-0.180892944335938 -0.0772857666015625 0.0802154541015625 0.0414276123046875
-0.121322631835938 -0.165542602539063 0.08258056640625 0.129722595214844
-0.015167236328125 -0.2166748046875 0.00393676757812499 0.214309692382812
-0.01190185546875 -0.26397705078125 0.0242099761962891 -0.00692939758300783
-0.102951049804687 -0.198455810546875 0.00244450569152831 -0.00152540206909181
-0.209930419921875 -0.105209350585938 -0.0170917510986328 -0.0115995407104492
-0.186996459960937 0.0583953857421875 -0.0155658721923828 0.0052633285522461
-0.100921630859375 0.147628784179688 -0.0313720703125 0.00559425354003908
0.039337158203125 0.165985107421875 -0.00443077087402344 0.0277328491210938
0.107009887695313 0.132225036621094 0.0100631713867188 0.0270271301269531
0.0900955200195312 0.130813598632813 0.00492954254150391 0.0124931335449219
0.114219665527344 0.134735107421875 0.00229072570800782 0.0192890167236328
0.0557098388671875 0.158493041992188 -0.000127792358398434 -0.00555658340454101
-0.0504150390625 0.1732177734375 -0.000574111938476569 -0.0314159393310547
-0.158538818359375 0.104385375976563 0.0386314392089844 -0.019561767578125
-0.212356567382813 -0.078338623046875 0.0803909301757812 0.0236358642578125
-0.15069580078125 -0.183151245117187 0.059661865234375 0.0951919555664062
-0.0306854248046875 -0.25543212890625 0.00373840332031251 0.139572143554688
-0.0234222412109375 -0.260040283203125 0.0234298706054688 -0.0900650024414063
-0.110595703125 -0.195327758789062 -0.0196075439453125 -0.0462379455566406
-0.210586547851563 -0.10174560546875 -0.0197544097900391 -0.0174198150634766
-0.186065673828125 0.0579986572265625 -0.000659942626953137 -0.0146169662475586
-0.104629516601562 0.141189575195313 -0.02239990234375 -0.0324668884277344
0.030487060546875 0.16497802734375 -0.0207271575927734 -0.0192031860351562
0.0950775146484375 0.135124206542969 -0.0306568145751953 -0.0143165588378906
0.0810775756835937 0.132904052734375 -0.0366401672363281 -0.02191162109375
0.104507446289063 0.137405395507813 -0.0378646850585937 -0.0171356201171875
0.0487060546875 0.154922485351563 -0.0257797241210937 -0.0463829040527344
-0.0533905029296875 0.166641235351563 -0.011566162109375 -0.0657882690429687
-0.152435302734375 0.09979248046875 0.0383071899414062 -0.0453758239746094
-0.20391845703125 -0.0750579833984375 0.0708770751953125 0.00676727294921875
-0.148208618164063 -0.174652099609375 0.0263748168945312 0.0556449890136719
-0.0371246337890625 -0.25250244140625 -0.00281143188476563 0.0555229187011719
-0.03448486328125 -0.216018676757813 0.020111083984375 -0.170562744140625
-0.102569580078125 -0.15869140625 -0.0414276123046875 -0.0930938720703125
-0.173583984375 -0.0775604248046875 -0.0243282318115235 -0.0248928070068359
-0.149368286132812 0.0491790771484375 0.00868606567382812 -0.0333671569824219
-0.086029052734375 0.111602783203125 -0.0131378173828125 -0.0630760192871094
0.0194320678710937 0.136032104492188 -0.0341720581054688 -0.0613861083984375
0.07037353515625 0.115966796875 -0.0659294128417969 -0.0538406372070313
0.060272216796875 0.114219665527344 -0.0727691650390625 -0.0530624389648438
0.0780792236328125 0.119636535644531 -0.072479248046875 -0.0519943237304688
0.0294418334960937 0.127601623535156 -0.046875 -0.0812301635742187
-0.0534515380859375 0.130622863769531 -0.0170135498046875 -0.0915145874023437
-0.124832153320313 0.0700912475585938 0.0365753173828125 -0.0626754760742188
-0.157211303710938 -0.0687713623046875 0.0563850402832031 -0.00464630126953125
-0.114105224609375 -0.141525268554688 -0.00692272186279298 0.017085075378418
-0.0321807861328125 -0.211166381835938 -0.00989341735839844 -0.0253353118896485
-0.0397186279296875 -0.138099670410156 0.012847900390625 -0.235870361328125
-0.0771026611328125 -0.0951690673828125 -0.0597763061523438 -0.133415222167969
-0.10546875 -0.0399856567382812 -0.0311431884765625 -0.0323200225830078
-0.0859146118164063 0.0314865112304687 0.0101966857910156 -0.0460700988769531
-0.0525398254394531 0.0623321533203125 -0.0060577392578125 -0.079986572265625
0.00566864013671874 0.084014892578125 -0.0428543090820312 -0.0909423828125
0.0343475341796875 0.0783615112304688 -0.0918731689453125 -0.0827560424804687
0.0300979614257812 0.0777206420898437 -0.0979995727539062 -0.0769729614257813
0.0386734008789063 0.084716796875 -0.0952835083007812 -0.0807647705078125
0.004638671875 0.0826950073242188 -0.0569610595703125 -0.106101989746094
-0.0478744506835938 0.0743179321289063 -0.0138473510742188 -0.104377746582031
-0.0805130004882813 0.0271072387695313 0.0387344360351563 -0.0687980651855469
-0.0844955444335937 -0.0559921264648438 0.0427207946777344 -0.00958251953125
-0.0605621337890625 -0.0889358520507813 -0.0306720733642578 -0.0144271850585938
-0.0215835571289063 -0.137260437011719 -0.0133132934570312 -0.0898818969726563
-0.0362014770507813 -0.0383567810058594 0.00263977050781251 -0.275848388671875
-0.040252685546875 -0.0197105407714844 -0.0750579833984375 -0.161041259765625
-0.0247650146484375 0.00149154663085938 -0.0413627624511719 -0.0362052917480469
-0.0129795074462891 0.00944423675537109 0.00240325927734375 -0.048431396484375
-0.0125570297241211 0.006011962890625 -0.00150299072265626 -0.0799102783203125
-0.00905227661132812 0.0206317901611328 -0.0469131469726563 -0.102043151855469
-0.00640487670898437 0.0289688110351563 -0.103042602539063 -0.0977859497070312
-0.00423622131347656 0.0295696258544922 -0.108253479003906 -0.0892410278320312
-0.00553512573242188 0.0362739562988281 -0.103622436523437 -0.0993194580078125
-0.0183429718017578 0.0262088775634766 -0.056640625 -0.117149353027344
-0.0328292846679688 0.0114059448242188 -0.00399017333984375 -0.104042053222656
-0.0250377655029297 -0.0120811462402344 0.041168212890625 -0.0658378601074219
-0.00758171081542969 -0.0289211273193359 0.0322284698486328 -0.00965309143066406
-0.00677871704101562 -0.0225791931152344 -0.0399703979492188 -0.0361900329589844
-0.0117568969726563 -0.044158935546875 -0.0134735107421875 -0.127578735351563
0.0139122009277344 -0.0687446594238281 0.0317611694335938 0.138290405273438
-0.0278892517089844 -0.0480079650878906 0.0482139587402344 0.0543556213378906
-0.0601081848144531 -0.00992202758789063 -0.0231857299804688 -0.00550460815429688
-0.0392608642578125 0.0333175659179688 -0.0469093322753906 0.049102783203125
-0.00275039672851563 0.0532760620117188 -0.02374267578125 0.0903472900390625
0.0370140075683594 0.032470703125 0.0449447631835938 0.111320495605469
0.0502281188964844 0.0140190124511719 0.105499267578125 0.0977096557617187
0.0392417907714844 0.0191688537597656 0.102325439453125 0.0843582153320313
0.0453414916992188 0.0185775756835938 0.091522216796875 0.094329833984375
0.0267219543457031 0.0392112731933594 0.0498275756835938 0.0966033935546875
-0.0080108642578125 0.04827880859375 0.0135498046875 0.0666656494140625
-0.05047607421875 0.0238456726074219 0.0129470825195312 0.0466194152832031
-0.05072021484375 -0.03192138671875 0.0539817810058594 0.0579109191894531
-0.0187759399414062 -0.0548591613769531 0.0875396728515625 0.15386962890625
0.0195732116699219 -0.0493888854980469 -0.00982666015624997 0.2862548828125
0.00355529785156251 -0.157608032226563 0.0279693603515625 0.116226196289062
-0.0591506958007812 -0.11224365234375 0.03936767578125 0.0520553588867187
-0.123947143554687 -0.0490951538085937 -0.0183467864990234 -0.00790596008300782
-0.100357055664063 0.0465621948242187 -0.0406455993652344 0.0360794067382813
-0.03948974609375 0.0983505249023437 -0.032135009765625 0.0706024169921875
0.04656982421875 0.0898056030273437 0.03082275390625 0.09625244140625
0.0842208862304687 0.0624313354492187 0.0837783813476562 0.0863876342773438
0.0682716369628906 0.0675811767578125 0.080047607421875 0.069091796875
0.0814666748046875 0.0687942504882813 0.0727767944335938 0.078460693359375
0.0418701171875 0.093841552734375 0.0409698486328125 0.071044921875
-0.0283050537109375 0.103797912597656 0.0128860473632812 0.0404014587402344
-0.103225708007813 0.0556640625 0.0251331329345703 0.0312232971191406
-0.121047973632813 -0.0597915649414063 0.0699729919433593 0.052764892578125
-0.0721359252929688 -0.118392944335937 0.0916900634765625 0.148040771484375
0.0022735595703125 -0.143707275390625 0.000167846679687477 0.26385498046875
-0.00553894042968752 -0.227325439453125 0.0253524780273438 0.0659828186035156
-0.0843505859375 -0.165618896484375 0.0246124267578125 0.0334053039550781
-0.177230834960938 -0.08282470703125 -0.0170707702636719 -0.00884723663330078
-0.152420043945313 0.0554962158203125 -0.0291461944580078 0.0225696563720703
-0.0748672485351562 0.132347106933594 -0.0346717834472656 0.0425186157226563
0.0479965209960938 0.136001586914063 0.0144538879394531 0.0677413940429688
0.104629516601563 0.1031494140625 0.0510139465332031 0.06182861328125
0.0869216918945313 0.106147766113281 0.0458602905273438 0.0441207885742188
0.107490539550781 0.108116149902344 0.0421791076660156 0.0521392822265625
0.0540008544921875 0.133857727050781 0.0237388610839844 0.0358810424804688
-0.040435791015625 0.148773193359375 0.00763654708862304 0.00647783279418946
-0.139945983886719 0.0872344970703125 0.0339088439941406 0.00765037536621094
-0.180267333984375 -0.0731353759765625 0.0803985595703125 0.0400161743164062
-0.121627807617187 -0.160781860351563 0.0837326049804687 0.126724243164063
-0.0188446044921875 -0.216598510742187 0.00682067871093751 0.212493896484375
-0.0163116455078125 -0.262557983398438 0.0245513916015625 -0.00526428222656252
-0.103988647460938 -0.196334838867188 0.00388646125793456 -0.000710010528564465
-0.211334228515625 -0.100845336914062 -0.0186557769775391 -0.0115680694580078
-0.18414306640625 0.0609283447265625 -0.0152349472045899 0.00650405883789063
-0.09814453125 0.149215698242188 -0.0306148529052734 0.00749969482421876
0.042755126953125 0.162139892578125 -0.0030670166015625 0.0270118713378906
0.109092712402344 0.12725830078125 0.0111331939697266 0.0262203216552734
0.0927047729492187 0.128028869628906 0.00448608398437501 0.0124139785766602
0.116424560546875 0.130256652832031 0.00342941284179688 0.0190963745117188
0.0581817626953125 0.154800415039063 2.86102294922279E-06 -0.00483179092407226
-0.046356201171875 0.172409057617188 -0.00201797485351563 -0.030792236328125
-0.156356811523438 0.106597900390625 0.0381317138671875 -0.0193634033203125
-0.2120361328125 -0.0738677978515625 0.0800552368164062 0.023101806640625
-0.151214599609375 -0.178665161132812 0.0607452392578125 0.093475341796875
-0.035003662109375 -0.254867553710937 0.0052032470703125 0.138420104980469
-0.0277862548828125 -0.2591552734375 0.0224838256835937 -0.088043212890625
-0.112258911132813 -0.193801879882813 -0.0191497802734375 -0.0450630187988281
-0.212753295898438 -0.0977783203125 -0.0215511322021485 -0.0163021087646484
-0.184326171875 0.061065673828125 -0.00166893005371095 -0.0134429931640625
-0.10125732421875 0.143783569335938 -0.0226783752441406 -0.0299663543701172
0.0334014892578125 0.1612548828125 -0.0193691253662109 -0.0194263458251953
0.097900390625 0.130500793457031 -0.0296802520751953 -0.013885498046875
0.0838546752929687 0.130149841308594 -0.0373039245605469 -0.0209426879882812
0.106925964355469 0.132972717285156 -0.0367393493652344 -0.0166206359863281
0.05120849609375 0.151214599609375 -0.0268440246582031 -0.0452728271484375
-0.0492095947265625 0.166213989257813 -0.0130119323730469 -0.0645980834960937
-0.150100708007812 0.101486206054688 0.0373344421386719 -0.0447731018066406
-0.204147338867188 -0.071319580078125 0.0704727172851562 0.00643920898437499
-0.149246215820313 -0.170440673828125 0.0269622802734375 0.0552635192871094
-0.041351318359375 -0.252105712890625 -0.00203323364257812 0.0543479919433594
-0.0374755859375 -0.2159423828125 0.017669677734375 -0.168014526367188
-0.104141235351562 -0.157241821289063 -0.0415802001953125 -0.0912628173828125
-0.17626953125 -0.0742950439453125 -0.0257778167724609 -0.0234870910644531
-0.148345947265625 0.05242919921875 0.00717735290527343 -0.0317096710205078
-0.0841064453125 0.113624572753906 -0.0139884948730469 -0.0610694885253906
0.0215911865234375 0.133308410644531 -0.0334510803222656 -0.061431884765625
0.0728225708007813 0.11285400390625 -0.0658111572265625 -0.0522689819335937
0.0625839233398438 0.112449645996094 -0.07373046875 -0.05169677734375
0.0805130004882813 0.116477966308594 -0.0718994140625 -0.0511398315429687
0.0324249267578125 0.12493896484375 -0.0480270385742188 -0.079833984375
-0.04974365234375 0.130973815917969 -0.0189056396484375 -0.0900726318359375
-0.123176574707031 0.072235107421875 0.035430908203125 -0.0621719360351562
-0.1573486328125 -0.066162109375 0.0559616088867187 -0.00467300415039063
-0.114646911621094 -0.139060974121094 -0.00685501098632813 0.0177536010742187
-0.03558349609375 -0.210403442382813 -0.0108413696289063 -0.0254325866699219
-0.040802001953125 -0.1383056640625 0.00923156738281248 -0.233261108398437
-0.0781097412109375 -0.0942459106445312 -0.0613250732421875 -0.130966186523438
-0.107894897460938 -0.0382766723632812 -0.0324153900146484 -0.0306148529052734
-0.0857315063476563 0.0331192016601563 0.00894546508789063 -0.0444450378417969
-0.0519371032714844 0.0641975402832031 -0.00689697265625 -0.0783462524414062
0.00742340087890625 0.0828933715820313 -0.0432205200195313 -0.0902938842773437
0.0368499755859375 0.0767440795898437 -0.0918502807617188 -0.0811080932617188
0.032135009765625 0.0773468017578125 -0.0990753173828125 -0.0755538940429687
0.04058837890625 0.08245849609375 -0.0955734252929688 -0.0789947509765625
0.0068206787109375 0.08111572265625 -0.05877685546875 -0.104057312011719
-0.0457305908203125 0.0752182006835938 -0.0155715942382812 -0.102607727050781
-0.0798416137695313 0.0289230346679688 0.0360679626464844 -0.0688133239746094
-0.0858993530273438 -0.05438232421875 0.0422782897949219 -0.00853347778320313
-0.0610275268554687 -0.08746337890625 -0.0309200286865234 -0.0126819610595703
-0.0237503051757813 -0.137825012207031 -0.0153121948242188 -0.08892822265625
-0.0358009338378906 -0.0392799377441406 -0.00193786621093748 -0.273513793945313
-0.0407295227050781 -0.0200996398925781 -0.077606201171875 -0.1580810546875
-0.0265331268310547 0.00161170959472656 -0.0426254272460938 -0.0343055725097656
-0.0139560699462891 0.0102987289428711 0.00122451782226562 -0.0469169616699219
-0.0132579803466797 0.0068368911743164 -0.00264739990234375 -0.0788803100585938
-0.00877952575683594 0.0207366943359375 -0.0471572875976562 -0.101089477539063
-0.00475883483886719 0.0291080474853516 -0.103759765625 -0.0952682495117188
-0.00317573547363281 0.0296001434326172 -0.109382629394531 -0.0873184204101563
-0.00420761108398437 0.036376953125 -0.104019165039063 -0.0973587036132812
-0.0173358917236328 0.0263214111328125 -0.057830810546875 -0.115234375
-0.0314865112304687 0.0130882263183594 -0.00550842285156249 -0.102653503417969
-0.0254497528076172 -0.0110549926757813 0.0390815734863281 -0.0659141540527344
-0.00931739807128906 -0.0290737152099609 0.0313301086425781 -0.00937652587890625
-0.00725746154785156 -0.0226821899414063 -0.0408172607421875 -0.0341720581054687
-0.0125236511230469 -0.0451087951660156 -0.016021728515625 -0.127456665039063
0.0139122009277344 -0.0679130554199219 0.0328826904296875 0.141250610351563
-0.0272331237792969 -0.04803466796875 0.0501976013183594 0.0551719665527344
-0.0593910217285156 -0.00994491577148437 -0.0239696502685547 -0.00596809387207031
-0.0393409729003906 0.0331268310546875 -0.0472679138183594 0.0489349365234375
-0.00189208984375001 0.0532455444335938 -0.0235214233398438 0.0914688110351563
0.0374412536621094 0.0315780639648438 0.0451889038085938 0.111976623535156
0.0497627258300781 0.0138473510742188 0.10675048828125 0.0985641479492187
0.0388031005859375 0.0192604064941406 0.103958129882812 0.0860214233398438
0.0448989868164062 0.0177001953125 0.0935592651367187 0.0966110229492187
0.0266532897949219 0.0390968322753906 0.0495529174804688 0.0981903076171875
-0.00783920288085937 0.0477981567382813 0.0132064819335937 0.0676231384277344
-0.0506973266601563 0.0243072509765625 0.0134506225585938 0.0477485656738281
-0.0504837036132812 -0.0311660766601563 0.0545692443847656 0.0582313537597656
-0.0191307067871094 -0.0543746948242187 0.088287353515625 0.154296875
0.0193138122558594 -0.0494041442871094 -0.01068115234375 0.289154052734375
0.0029296875 -0.158782958984375 0.0293121337890625 0.119926452636719
-0.0581512451171875 -0.113243103027344 0.0413475036621094 0.052825927734375
-0.124794006347656 -0.0494918823242188 -0.0196971893310547 -0.00789833068847656
-0.100631713867187 0.0467071533203125 -0.0404205322265625 0.0363960266113281
-0.0392684936523438 0.0994338989257812 -0.03228759765625 0.0719223022460938
0.047271728515625 0.0886993408203125 0.0306854248046875 0.0966567993164063
0.0844192504882813 0.061737060546875 0.0850601196289063 0.0868377685546875
0.0689773559570313 0.0681838989257813 0.0813674926757813 0.070404052734375
0.0820693969726563 0.0683059692382813 0.0746307373046875 0.0801544189453125
0.0418853759765625 0.093048095703125 0.0409698486328125 0.07275390625
-0.0277023315429687 0.104225158691406 0.0124664306640625 0.0409393310546875
-0.104171752929688 0.0568084716796875 0.0255374908447266 0.0319423675537109
-0.122268676757813 -0.0597457885742188 0.070831298828125 0.053070068359375
-0.0722732543945313 -0.118400573730469 0.0929107666015625 0.149078369140625
0.0018463134765625 -0.145797729492188 0.000320434570312521 0.26715087890625
-0.00675964355468749 -0.2294921875 0.0268020629882813 0.0690956115722656
-0.083984375 -0.168304443359375 0.0259590148925781 0.0342731475830078
-0.179733276367188 -0.08319091796875 -0.0187911987304688 -0.00854301452636719
-0.153701782226562 0.0556488037109375 -0.0296821594238281 0.0237255096435547
-0.0746078491210937 0.134246826171875 -0.0344619750976563 0.0438308715820313
0.0487289428710938 0.135215759277344 0.0144233703613281 0.0678634643554688
0.105667114257813 0.10223388671875 0.0524024963378906 0.0620536804199219
0.0883026123046875 0.107353210449219 0.0463294982910156 0.0453529357910156
0.1083984375 0.107856750488281 0.0435218811035156 0.0532760620117188
0.0542678833007813 0.134078979492188 0.0236473083496094 0.0366973876953125
-0.0396881103515625 0.149703979492188 0.00686407089233398 0.00695133209228517
-0.141815185546875 0.0887908935546875 0.0352134704589844 0.00905609130859376
-0.182113647460938 -0.07342529296875 0.0810470581054687 0.0403823852539063
-0.121429443359375 -0.16143798828125 0.0840530395507812 0.127967834472656
-0.0189971923828125 -0.220138549804688 0.00653076171874998 0.21490478515625
-0.0176239013671875 -0.266677856445313 0.0253753662109375 -0.00334548950195314
-0.103866577148437 -0.199432373046875 0.00560998916625976 -0.000117778778076184
-0.21484375 -0.101287841796875 -0.0203514099121094 -0.0110206604003906
-0.1868896484375 0.06158447265625 -0.0155773162841797 0.00741100311279297
-0.0988922119140625 0.1522216796875 -0.0306301116943359 0.00889968872070313
0.0437469482421875 0.162017822265625 -0.00271224975585937 0.0265445709228516
0.111030578613281 0.126670837402344 0.0119304656982422 0.0266304016113281
0.0938873291015625 0.129684448242188 0.00441169738769532 0.0130681991577149
0.117706298828125 0.13031005859375 0.00471496582031251 0.0188045501708984
0.0594635009765625 0.153732299804688 -0.000713825225830074 -0.00455236434936522
-0.0457611083984375 0.173812866210938 -0.00320434570312501 -0.0302505493164062
-0.159088134765625 0.108474731445312 0.0383682250976562 -0.0184364318847656
-0.215072631835938 -0.07513427734375 0.0816497802734375 0.0232620239257812
-0.151336669921875 -0.180587768554688 0.0613174438476562 0.0945968627929687
-0.03546142578125 -0.259078979492188 0.00475311279296875 0.139640808105469
-0.0283660888671875 -0.26397705078125 0.0230026245117188 -0.0875091552734375
-0.112869262695312 -0.197891235351563 -0.0185813903808594 -0.044677734375
-0.217315673828125 -0.09844970703125 -0.0238170623779297 -0.0155544281005859
-0.1868896484375 0.06256103515625 -0.00146007537841798 -0.0122346878051758
-0.10260009765625 0.147262573242188 -0.0225296020507813 -0.0291652679443359
0.0343780517578125 0.16168212890625 -0.019073486328125 -0.0203838348388672
0.0999603271484375 0.129783630371094 -0.0298519134521484 -0.0147609710693359
0.0852203369140625 0.131935119628906 -0.0380287170410156 -0.0214500427246094
0.108589172363281 0.133285522460938 -0.036590576171875 -0.0172233581542969
0.05206298828125 0.151260375976563 -0.02752685546875 -0.0457687377929687
-0.0489044189453125 0.16845703125 -0.0142250061035156 -0.0646629333496094
-0.153060913085938 0.103225708007813 0.037322998046875 -0.0443344116210937
-0.207199096679688 -0.072601318359375 0.0718231201171875 0.0073699951171875
-0.149765014648438 -0.172348022460938 0.0267601013183594 0.0560340881347656
-0.041900634765625 -0.257156372070313 -0.00279617309570313 0.0545806884765625
-0.03753662109375 -0.220001220703125 0.017852783203125 -0.16925048828125
-0.104949951171875 -0.161056518554688 -0.0419158935546875 -0.091522216796875
-0.180343627929688 -0.0750274658203125 -0.0277919769287109 -0.022705078125
-0.150314331054688 0.05316162109375 0.00739288330078124 -0.0308837890625
-0.0855255126953125 0.116401672363281 -0.0139656066894531 -0.0609931945800781
0.0220565795898437 0.13397216796875 -0.0334205627441406 -0.0628280639648437
0.0749282836914063 0.1124267578125 -0.0660514831542969 -0.0533409118652344
0.064422607421875 0.113800048828125 -0.075347900390625 -0.0533218383789063
0.0818252563476563 0.116676330566406 -0.0726394653320312 -0.0522994995117187
0.0330581665039063 0.125335693359375 -0.0488662719726563 -0.0806808471679687
-0.0493698120117188 0.132606506347656 -0.0202484130859375 -0.0904388427734375
-0.125831604003906 0.0737457275390625 0.0355415344238281 -0.0621452331542969
-0.160247802734375 -0.0673370361328125 0.0572280883789062 -0.0036163330078125
-0.11444091796875 -0.140640258789063 -0.00696182250976563 0.0184574127197266
-0.03631591796875 -0.215225219726562 -0.0115394592285156 -0.0265884399414063
-0.04058837890625 -0.14166259765625 0.00878906249999998 -0.23516845703125
-0.079559326171875 -0.0973739624023438 -0.0623092651367188 -0.132118225097656
-0.111083984375 -0.0389328002929688 -0.0335426330566406 -0.0293006896972656
-0.087615966796875 0.0344009399414063 0.008575439453125 -0.0436172485351563
-0.052886962890625 0.0662803649902344 -0.00669097900390626 -0.0785064697265625
0.00781250000000001 0.0833892822265625 -0.0428085327148437 -0.0917282104492188
0.0383148193359375 0.076568603515625 -0.0926895141601563 -0.0820159912109375
0.033599853515625 0.07818603515625 -0.101051330566406 -0.0769729614257812
0.041748046875 0.0832138061523438 -0.0967788696289062 -0.0807952880859375
0.00709533691406249 0.0814971923828125 -0.0592575073242188 -0.10528564453125
-0.0450363159179687 0.0765457153320313 -0.0161895751953125 -0.1029052734375
-0.0816421508789063 0.029998779296875 0.0362052917480469 -0.0688514709472656
-0.0880813598632812 -0.0557403564453125 0.0427398681640625 -0.00819778442382813
-0.0614700317382812 -0.08917236328125 -0.0315074920654297 -0.0121803283691406
-0.0238189697265625 -0.140884399414063 -0.01580810546875 -0.0909042358398438
-0.0354270935058594 -0.0417671203613281 -0.0025787353515625 -0.276779174804688
-0.0415420532226563 -0.0211219787597656 -0.0788726806640625 -0.159225463867187
-0.0280494689941406 0.00126266479492188 -0.0432510375976562 -0.0332603454589844
-0.0149564743041992 0.0109281539916992 0.00100326538085937 -0.0458984375
-0.0139608383178711 0.00740242004394531 -0.00261688232421875 -0.0797653198242188
-0.00878715515136719 0.0215415954589844 -0.047271728515625 -0.102813720703125
-0.00429344177246094 0.0290145874023438 -0.104866027832031 -0.0965805053710938
-0.00279045104980468 0.0302944183349609 -0.111763000488281 -0.0890884399414063
-0.0031890869140625 0.037017822265625 -0.105827331542969 -0.0987701416015625
-0.0170135498046875 0.0268592834472656 -0.0582656860351563 -0.116325378417969
-0.0311431884765625 0.0137081146240234 -0.00563049316406251 -0.102783203125
-0.0266838073730469 -0.0104904174804688 0.0388031005859375 -0.0661697387695313
-0.0112648010253906 -0.030242919921875 0.0320053100585938 -0.00900650024414063
-0.00765037536621094 -0.0238113403320313 -0.0418739318847656 -0.0339584350585938
-0.0125770568847656 -0.0469169616699219 -0.0169296264648438 -0.129470825195313
0.013397216796875 -0.0696525573730469 0.0366363525390625 0.147705078125
-0.0271720886230469 -0.0491523742675781 0.0531654357910156 0.0564537048339844
-0.0607490539550781 -0.0109825134277344 -0.0245151519775391 -0.00619506835937501
-0.0405616760253906 0.0333061218261719 -0.0477867126464844 0.0503501892089844
-0.000587463378906252 0.05426025390625 -0.0234298706054687 0.0948944091796875
0.0388374328613281 0.0313491821289063 0.0466461181640625 0.115097045898438
0.0503883361816406 0.0127792358398438 0.110931396484375 0.100593566894531
0.0396728515625 0.0191650390625 0.109054565429688 0.0889663696289063
0.0464057922363281 0.0171241760253906 0.0991592407226563 0.100151062011719
0.0274696350097656 0.0395278930664063 0.05181884765625 0.102287292480469
-0.00749588012695313 0.0488815307617188 0.0135765075683594 0.0697097778320313
-0.0515365600585938 0.0260086059570312 0.0146675109863281 0.049468994140625
-0.0517578125 -0.0309791564941406 0.0563163757324219 0.0594558715820312
-0.0196189880371094 -0.0545692443847656 0.0923004150390625 0.158340454101563
0.0191535949707031 -0.0508499145507813 -0.00866699218749998 0.29833984375
0.00144958496093751 -0.163558959960938 0.0322952270507812 0.124900817871094
-0.0598678588867187 -0.117095947265625 0.0443229675292969 0.0548210144042969
-0.129379272460938 -0.05010986328125 -0.0215721130371094 -0.00790214538574219
-0.103439331054687 0.0476837158203125 -0.0414581298828125 0.0383033752441406
-0.0391921997070313 0.102859497070313 -0.0325775146484375 0.07513427734375
0.049224853515625 0.089599609375 0.0321884155273438 0.0992279052734375
0.0864334106445313 0.0612258911132813 0.0890579223632813 0.0889739990234375
0.0714340209960938 0.0700836181640625 0.085052490234375 0.0733566284179687
0.085174560546875 0.0687103271484375 0.078948974609375 0.0835113525390625
0.0438690185546875 0.0949554443359375 0.042449951171875 0.0759735107421875
-0.02789306640625 0.107093811035156 0.0119094848632813 0.0426902770996094
-0.107757568359375 0.0596771240234375 0.0270729064941406 0.0332622528076172
-0.126724243164063 -0.0604095458984375 0.0732421875 0.0541763305664063
-0.0749664306640625 -0.120841979980469 0.096405029296875 0.15277099609375
0.000503540039062502 -0.151016235351563 0.0018310546875 0.276016235351563
-0.00874328613281252 -0.237533569335938 0.0295333862304687 0.0732498168945312
-0.0868682861328125 -0.174163818359375 0.0287399291992187 0.0359306335449219
-0.187057495117187 -0.08453369140625 -0.0210189819335938 -0.00803375244140626
-0.1585693359375 0.0583953857421875 -0.0302295684814453 0.0249500274658203
-0.0755386352539063 0.139869689941406 -0.0349159240722656 0.0468330383300781
0.0509796142578125 0.137619018554688 0.0154647827148437 0.0692634582519531
0.109619140625 0.102638244628906 0.0546493530273437 0.0634689331054687
0.0923690795898437 0.110099792480469 0.048248291015625 0.0471954345703125
0.112342834472656 0.109039306640625 0.0465164184570313 0.0550346374511719
0.0570602416992188 0.136428833007813 0.0243377685546875 0.0386962890625
-0.0395355224609375 0.154098510742188 0.00642251968383789 0.0080852508544922
-0.146804809570312 0.093536376953125 0.0370903015136719 0.00973129272460938
-0.189071655273438 -0.0741729736328125 0.084747314453125 0.0411224365234375
-0.125717163085938 -0.166610717773438 0.0881271362304687 0.131446838378906
-0.0217132568359375 -0.2283935546875 0.0072784423828125 0.22119140625
-0.0198516845703125 -0.27734375 0.0271568298339844 -0.00143623352050783
-0.108428955078125 -0.207199096679688 0.00714778900146484 0.000566959381103503
-0.224349975585937 -0.103271484375 -0.0230960845947266 -0.00987625122070313
-0.192764282226563 0.0654754638671875 -0.0158853530883789 0.00830841064453125
-0.100296020507812 0.15948486328125 -0.031332015991211 0.0106277465820313
0.046478271484375 0.16552734375 -0.00227165222167969 0.02667236328125
0.11602783203125 0.127243041992188 0.0131511688232422 0.02685546875
0.09881591796875 0.133499145507813 0.00389862060546876 0.013580322265625
0.123092651367188 0.132461547851563 0.00568199157714845 0.0194492340087891
0.0625457763671875 0.157684326171875 -0.00112843513488769 -0.00419950485229491
-0.0452423095703125 0.179779052734375 -0.00408363342285157 -0.0303955078125
-0.1650390625 0.113540649414063 0.0398101806640625 -0.018280029296875
-0.22381591796875 -0.076416015625 0.0850067138671875 0.0234451293945312
-0.156906127929688 -0.185394287109375 0.0637054443359375 0.0973129272460937
-0.037994384765625 -0.270050048828125 0.00518798828125 0.143646240234375
-0.0308074951171875 -0.275497436523438 0.0236968994140625 -0.0887298583984375
-0.117919921875 -0.206146240234375 -0.0182876586914063 -0.04522705078125
-0.227569580078125 -0.100189208984375 -0.0260868072509766 -0.01446533203125
-0.193038940429688 0.06634521484375 -0.00177574157714845 -0.0110988616943359
-0.104827880859375 0.1546630859375 -0.0231838226318359 -0.0288200378417969
0.0361480712890625 0.166122436523437 -0.0189952850341797 -0.0214767456054687
0.105224609375 0.131439208984375 -0.0305442810058594 -0.0152301788330078
0.09014892578125 0.136329650878906 -0.0404930114746094 -0.0219345092773437
0.113807678222656 0.13629150390625 -0.0374794006347656 -0.0183868408203125
0.0547332763671875 0.154449462890625 -0.0287551879882813 -0.047088623046875
-0.0487213134765625 0.174346923828125 -0.0160598754882813 -0.0662727355957031
-0.158432006835938 0.10833740234375 0.038543701171875 -0.0454444885253906
-0.215713500976562 -0.0742340087890625 0.0752029418945312 0.00664520263671875
-0.154022216796875 -0.178054809570313 0.0281219482421875 0.0579795837402344
-0.0446319580078125 -0.267745971679688 -0.00281143188476563 0.0558090209960937
-0.0402679443359375 -0.229644775390625 0.0177764892578125 -0.1739501953125
-0.109603881835938 -0.167755126953125 -0.0433502197265625 -0.0939559936523438
-0.189544677734375 -0.07598876953125 -0.0300827026367188 -0.0217494964599609
-0.155838012695313 0.0567779541015625 0.00741195678710936 -0.0306606292724609
-0.08746337890625 0.123184204101563 -0.0146560668945313 -0.0621070861816406
0.02410888671875 0.137603759765625 -0.033905029296875 -0.0656623840332031
0.0790481567382813 0.113609313964844 -0.0688209533691406 -0.0551719665527344
0.06817626953125 0.117683410644531 -0.0790634155273437 -0.0544891357421875
0.086029052734375 0.119377136230469 -0.075775146484375 -0.0542678833007812
0.0349578857421875 0.128173828125 -0.0515975952148438 -0.0832595825195312
-0.0489730834960938 0.138275146484375 -0.021392822265625 -0.0922317504882812
-0.130805969238281 0.0777587890625 0.0361366271972656 -0.0637321472167969
-0.167022705078125 -0.0693511962890625 0.0597496032714844 -0.00416946411132813
-0.118515014648438 -0.145431518554688 -0.00752830505371095 0.0192813873291016
-0.0387725830078125 -0.2242431640625 -0.0122528076171875 -0.0281314849853516
-0.042938232421875 -0.148727416992187 0.00839233398437499 -0.243362426757813
-0.0835952758789062 -0.101722717285156 -0.0654754638671875 -0.135299682617188
-0.116981506347656 -0.0392608642578125 -0.03607177734375 -0.0284271240234375
-0.0909423828125 0.0372085571289063 0.00831222534179687 -0.0443763732910156
-0.0541915893554687 0.0706329345703125 -0.00701904296875001 -0.0804824829101563
0.00839233398437501 0.0863876342773437 -0.044403076171875 -0.0954208374023438
0.0414352416992188 0.0778884887695313 -0.0962677001953125 -0.0847244262695312
0.0364303588867188 0.0809097290039062 -0.105949401855469 -0.079132080078125
0.0444564819335938 0.0855941772460938 -0.101295471191406 -0.0836563110351563
0.00846099853515625 0.0837554931640625 -0.0621566772460938 -0.108428955078125
-0.0449752807617188 0.0803146362304688 -0.0178146362304688 -0.105667114257813
-0.0853347778320312 0.0324859619140625 0.0367660522460937 -0.0712051391601562
-0.0925827026367188 -0.057647705078125 0.0448036193847656 -0.00888824462890625
-0.063690185546875 -0.09228515625 -0.0330810546875 -0.0122642517089844
-0.025970458984375 -0.147476196289063 -0.0178298950195312 -0.0945816040039063
-0.0366668701171875 -0.0446701049804688 -0.00479125976562501 -0.285186767578125
-0.0438766479492188 -0.0226058959960937 -0.0835418701171875 -0.163955688476563
-0.0301933288574219 0.00125122070312499 -0.0447959899902344 -0.0327110290527344
-0.0158309936523438 0.0118961334228516 0.000667572021484373 -0.046966552734375
-0.0154705047607422 0.00868034362792969 -0.00279998779296876 -0.082489013671875
-0.00892829895019531 0.0226039886474609 -0.0486831665039063 -0.106986999511719
-0.00319480895996094 0.0300884246826172 -0.109382629394531 -0.0995712280273438
-0.00206947326660157 0.0316295623779297 -0.117362976074219 -0.0918350219726563
-0.00258255004882812 0.038055419921875 -0.110992431640625 -0.102569580078125
-0.0173053741455078 0.0279216766357422 -0.060882568359375 -0.120452880859375
-0.0319042205810547 0.0153598785400391 -0.00630187988281251 -0.105857849121094
-0.0281753540039063 -0.00999641418457031 0.0389900207519531 -0.0684394836425781
-0.0131893157958984 -0.0318183898925781 0.0330390930175781 -0.00891876220703125
-0.00861740112304688 -0.0252342224121094 -0.0438652038574219 -0.0340538024902344
-0.0138816833496094 -0.0502815246582031 -0.0185089111328125 -0.134803771972656
0.0115127563476563 -0.0710678100585938 0.0440216064453125 0.153717041015625
-0.0282554626464844 -0.0502204895019531 0.0578117370605469 0.0576095581054688
-0.0633125305175781 -0.00956344604492186 -0.0265731811523438 -0.00583648681640625
-0.0405654907226563 0.0351638793945313 -0.048004150390625 0.0537872314453125
0.00185775756835937 0.0554962158203125 -0.0213165283203125 0.0993804931640625
0.0406761169433594 0.0302467346191406 0.0509109497070312 0.118385314941406
0.0516777038574219 0.0111045837402344 0.119041442871094 0.101493835449219
0.0415496826171875 0.0185928344726563 0.117576599121094 0.0902175903320313
0.0480728149414063 0.0151748657226563 0.107559204101563 0.102195739746094
0.0298995971679688 0.039337158203125 0.05718994140625 0.105751037597656
-0.00661087036132813 0.0505218505859375 0.0159378051757812 0.0726699829101563
-0.0531120300292969 0.0286407470703125 0.0176315307617187 0.05120849609375
-0.0535736083984375 -0.03033447265625 0.0606536865234375 0.0597152709960937
-0.0214881896972656 -0.0553054809570312 0.10076904296875 0.160919189453125
0.0177001953125 -0.0531082153320313 0.000183105468750027 0.311614990234375
-0.003570556640625 -0.16943359375 0.0389938354492188 0.130645751953125
-0.0645751953125 -0.120819091796875 0.0495223999023438 0.0558319091796875
-0.135948181152344 -0.0483779907226562 -0.0237312316894531 -0.00673103332519531
-0.106277465820313 0.052154541015625 -0.0413551330566406 0.0410499572753906
-0.03668212890625 0.107948303222656 -0.0309906005859375 0.0798110961914063
0.0539169311523438 0.089813232421875 0.0360488891601562 0.10211181640625
0.0909500122070313 0.059844970703125 0.0960769653320312 0.089813232421875
0.07647705078125 0.0704727172851563 0.0915603637695313 0.0746688842773438
0.0903091430664063 0.0676193237304687 0.0866241455078125 0.0846633911132813
0.0482940673828125 0.0962371826171875 0.0462799072265625 0.0783615112304688
-0.0254058837890625 0.111839294433594 0.0129890441894531 0.0446281433105469
-0.110626220703125 0.066070556640625 0.0303382873535156 0.0344390869140625
-0.133094787597656 -0.0593414306640625 0.0783462524414062 0.0536651611328125
-0.0802688598632813 -0.123001098632812 0.104705810546875 0.155471801757812
-0.00439453124999999 -0.158294677734375 0.00997924804687498 0.287017822265625
-0.016571044921875 -0.247314453125 0.0344390869140625 0.0769424438476562
-0.0950164794921875 -0.179824829101563 0.0325126647949219 0.0366973876953125
-0.1978759765625 -0.08203125 -0.0236721038818359 -0.00678062438964844
-0.163864135742187 0.0651092529296875 -0.0302009582519531 0.0273380279541016
-0.0733642578125 0.148849487304687 -0.0340003967285156 0.0503273010253906
0.057159423828125 0.139945983886719 0.0179367065429688 0.07183837890625
0.116935729980469 0.101417541503906 0.0593643188476563 0.0644340515136719
0.0999298095703125 0.111907958984375 0.0520172119140625 0.0486297607421875
0.120635986328125 0.108482360839844 0.0515060424804688 0.0561561584472656
0.063385009765625 0.139366149902344 0.0261077880859375 0.0402259826660156
-0.036102294921875 0.161544799804688 0.00604152679443359 0.00870704650878907
-0.150894165039063 0.10211181640625 0.03936767578125 0.00958251953125001
-0.199951171875 -0.0724334716796875 0.0897369384765625 0.0397491455078125
-0.135025024414063 -0.169540405273437 0.0951461791992187 0.13336181640625
-0.0299224853515625 -0.239364624023437 0.0139923095703125 0.230056762695312
-0.0301513671875 -0.28936767578125 0.0295829772949219 -0.00101470947265627
-0.1187744140625 -0.214126586914062 0.00874662399291991 0.000993251800537096
-0.238632202148438 -0.100601196289062 -0.0263805389404297 -0.00750732421875
-0.199462890625 0.073974609375 -0.0157060623168945 0.0102577209472656
-0.0995025634765625 0.170761108398437 -0.0315189361572266 0.013082504272461
0.0522308349609375 0.169464111328125 -0.000898361206054685 0.0275001525878906
0.124298095703125 0.127082824707031 0.0151081085205078 0.0272750854492188
0.107551574707031 0.136253356933594 0.00490379333496094 0.0146675109863281
0.132804870605469 0.132820129394531 0.00732803344726563 0.0195827484130859
0.0696563720703125 0.160995483398438 -0.00142264366149902 -0.0042133331298828
-0.040985107421875 0.188201904296875 -0.00604248046875 -0.0310478210449219
-0.1690673828125 0.12445068359375 0.0417060852050781 -0.0197982788085937
-0.236175537109375 -0.07403564453125 0.0897979736328125 0.0209579467773437
-0.167510986328125 -0.189849853515625 0.068695068359375 0.0992431640625
-0.048919677734375 -0.28204345703125 0.00973510742187498 0.1494140625
-0.04150390625 -0.288116455078125 0.0226058959960937 -0.0921478271484375
-0.129318237304687 -0.213714599609375 -0.0195350646972656 -0.0465507507324219
-0.242446899414063 -0.0968170166015625 -0.0295238494873047 -0.0118904113769531
-0.199508666992188 0.075408935546875 -0.00185585021972657 -0.0106277465820312
-0.103607177734375 0.166213989257812 -0.0247688293457031 -0.0281562805175781
0.0431365966796875 0.170989990234375 -0.0202999114990234 -0.0224132537841797
0.113510131835938 0.132148742675781 -0.0317230224609375 -0.015655517578125
0.0991897583007813 0.139007568359375 -0.0437545776367187 -0.0210113525390625
0.123420715332031 0.13690185546875 -0.0400199890136719 -0.0184402465820312
0.0614166259765625 0.158157348632813 -0.0320091247558594 -0.0478057861328125
-0.0444793701171875 0.183273315429688 -0.0192298889160156 -0.0672187805175781
-0.163223266601563 0.119277954101563 0.0392875671386719 -0.0476036071777344
-0.2286376953125 -0.0713043212890625 0.0786209106445313 0.004302978515625
-0.165023803710938 -0.181732177734375 0.0306243896484375 0.0593223571777344
-0.0547027587890625 -0.280181884765625 -0.0018157958984375 0.057525634765625
-0.049468994140625 -0.240524291992188 0.0137786865234375 -0.180389404296875
-0.120697021484375 -0.173736572265625 -0.0476150512695312 -0.0964126586914063
-0.20184326171875 -0.0736083984375 -0.0335311889648438 -0.0189151763916016
-0.16107177734375 0.0650177001953125 0.0070209503173828 -0.0311698913574219
-0.087371826171875 0.133018493652344 -0.0168228149414063 -0.0631294250488281
0.0294342041015625 0.142333984375 -0.0369911193847656 -0.0680313110351562
0.0863723754882812 0.114501953125 -0.0733413696289062 -0.056060791015625
0.0759048461914063 0.12042236328125 -0.0854568481445312 -0.0544586181640625
0.0941696166992188 0.121414184570313 -0.0809860229492188 -0.0551605224609375
0.0403594970703125 0.131607055664063 -0.0562362670898438 -0.0850143432617187
-0.0456085205078125 0.145309448242188 -0.026031494140625 -0.0950698852539062
-0.134834289550781 0.0854949951171875 0.0355758666992188 -0.06671142578125
-0.177993774414063 -0.0681304931640625 0.0626373291015625 -0.00685501098632813
-0.127471923828125 -0.148956298828125 -0.0080852508544922 0.0209007263183594
-0.0474395751953125 -0.234893798828125 -0.0145225524902344 -0.0299263000488281
-0.049530029296875 -0.15576171875 0.00114440917968751 -0.252273559570313
-0.0908126831054688 -0.105003356933594 -0.0722427368164062 -0.139137268066406
-0.124565124511719 -0.037872314453125 -0.0381126403808594 -0.0267562866210937
-0.0941543579101563 0.0421829223632813 0.00756454467773437 -0.0454635620117188
-0.0549087524414063 0.0763702392578125 -0.009735107421875 -0.0831451416015625
0.0110015869140625 0.0897140502929688 -0.0482254028320313 -0.09869384765625
0.0456008911132813 0.07861328125 -0.1036376953125 -0.08599853515625
0.041015625 0.0831756591796875 -0.114280700683594 -0.0792694091796875
0.0498809814453125 0.0873336791992188 -0.109458923339844 -0.0846939086914062
0.0116119384765625 0.0867996215820313 -0.0685653686523438 -0.111549377441406
-0.0435867309570312 0.0849456787109375 -0.0217971801757813 -0.109031677246094
-0.088409423828125 0.0367660522460938 0.0362548828125 -0.0744857788085937
-0.100151062011719 -0.0577392578125 0.0469474792480469 -0.0110130310058594
-0.0687484741210938 -0.0956344604492188 -0.0349845886230469 -0.0110015869140625
-0.0320281982421875 -0.154830932617188 -0.0224075317382813 -0.0987472534179688
-0.0391921997070313 -0.0475502014160156 -0.013702392578125 -0.29766845703125
-0.0471153259277344 -0.0230178833007813 -0.091949462890625 -0.1680908203125
-0.0321521759033203 0.00213623046875 -0.0469436645507813 -0.0311775207519531
-0.0160150527954102 0.0133094787597656 -0.000827789306640631 -0.0482368469238281
-0.0163059234619141 0.0108318328857422 -0.00538635253906251 -0.0853424072265625
-0.00896453857421875 0.02459716796875 -0.0532684326171875 -0.110244750976563
-0.0017852783203125 0.0312557220458984 -0.117378234863281 -0.101234436035156
-0.000202178955078123 0.0332450866699219 -0.126106262207031 -0.0928192138671875
-0.00106430053710938 0.0404052734375 -0.120498657226562 -0.103515625
-0.0166816711425781 0.0296344757080078 -0.0674667358398437 -0.123992919921875
-0.0323333740234375 0.0180416107177734 -0.0100021362304688 -0.109634399414063
-0.0300464630126953 -0.00858306884765624 0.0382766723632812 -0.0721817016601563
-0.0163631439208984 -0.0329551696777344 0.0345020294189453 -0.0106410980224609
-0.0099029541015625 -0.0269145965576172 -0.04742431640625 -0.0334968566894531
-0.0161361694335938 -0.0529518127441406 -0.0242919921875 -0.1405029296875
0.00852966308593749 -0.073028564453125 0.0542144775390625 0.156814575195313
-0.0313339233398438 -0.0504074096679687 0.0637435913085938 0.0554847717285156
-0.0651359558105469 -0.00698089599609375 -0.0287361145019531 -0.00381660461425781
-0.0404777526855469 0.0371017456054688 -0.0457191467285156 0.0571975708007813
0.00523757934570313 0.055908203125 -0.0162734985351563 0.10308837890625
0.0429534912109375 0.0274085998535156 0.0576019287109375 0.119483947753906
0.0523796081542969 0.00846481323242188 0.128028869628906 0.09832763671875
0.0432357788085938 0.0170783996582031 0.127029418945312 0.0871734619140625
0.0492286682128906 0.0124282836914063 0.117889404296875 0.0997772216796875
0.0321769714355469 0.0379562377929688 0.0644912719726563 0.107124328613281
-0.004364013671875 0.0514030456542969 0.0195999145507812 0.0738525390625
-0.0524826049804688 0.0325698852539063 0.0213661193847656 0.0510711669921875
-0.0554656982421875 -0.0279960632324219 0.0658035278320313 0.058013916015625
-0.0248680114746094 -0.0548439025878906 0.111572265625 0.1590576171875
0.0149993896484375 -0.0552177429199219 0.01708984375 0.31951904296875
-0.0126495361328125 -0.173248291015625 0.0488967895507812 0.133567810058594
-0.0717086791992188 -0.12139892578125 0.0552825927734375 0.0552330017089844
-0.142562866210938 -0.0430908203125 -0.0258674621582031 -0.00456619262695313
-0.106712341308594 0.0587692260742188 -0.0397224426269531 0.0441513061523438
-0.0308074951171875 0.112098693847656 -0.0269393920898438 0.0836334228515625
0.059722900390625 0.0880889892578125 0.0416107177734375 0.103424072265625
0.0959548950195313 0.0557479858398438 0.103904724121094 0.08740234375
0.0826873779296875 0.0683746337890625 0.0997085571289063 0.07269287109375
0.0961456298828125 0.0630111694335937 0.0953445434570313 0.0831451416015625
0.0545272827148438 0.0953292846679688 0.0516128540039063 0.079864501953125
-0.0203323364257812 0.115577697753906 0.0153923034667969 0.0453910827636719
-0.110031127929688 0.0743179321289063 0.0337047576904297 0.0338249206542969
-0.139640808105469 -0.0542678833007813 0.083892822265625 0.0506210327148438
-0.0883865356445313 -0.122344970703125 0.11553955078125 0.153472900390625
-0.01318359375 -0.162948608398437 0.02581787109375 0.294525146484375
-0.030914306640625 -0.253372192382813 0.0408706665039062 0.078887939453125
-0.1060791015625 -0.18096923828125 0.0370597839355469 0.0364570617675781
-0.208648681640625 -0.074310302734375 -0.0260028839111328 -0.00331878662109375
-0.1649169921875 0.0751800537109375 -0.028738021850586 0.0298976898193359
-0.06634521484375 0.157012939453125 -0.032073974609375 0.0541648864746094
0.065521240234375 0.139068603515625 0.0221023559570313 0.0725631713867188
0.124679565429688 0.0964202880859375 0.0655517578125 0.0631866455078125
0.109169006347656 0.109916687011719 0.0568618774414063 0.04779052734375
0.129974365234375 0.103836059570313 0.0572776794433594 0.05487060546875
0.0719757080078125 0.138603210449219 0.0287437438964844 0.0409011840820313
-0.02838134765625 0.167205810546875 0.00581741333007812 0.00942707061767579
-0.15020751953125 0.114166259765625 0.0414962768554687 0.00775527954101563
-0.21002197265625 -0.0642242431640625 0.0947265625 0.0355606079101562
-0.146942138671875 -0.16796875 0.104598999023437 0.132095336914063
-0.0436248779296875 -0.245895385742188 0.02685546875 0.235397338867187
-0.04656982421875 -0.296600341796875 0.0316295623779297 -0.000806808471679706
-0.133712768554687 -0.2159423828125 0.0103263854980469 0.00109481811523436
-0.252517700195313 -0.0910491943359375 -0.0283832550048828 -0.00355529785156251
-0.201339721679688 0.0868377685546875 -0.0150928497314453 0.0120964050292969
-0.091522216796875 0.181915283203125 -0.0308761596679688 0.0157794952392578
0.06317138671875 0.170501708984375 0.00049209594726563 0.0277652740478516
0.134170532226563 0.122474670410156 0.0173244476318359 0.0272579193115234
0.119056701660156 0.1348876953125 0.00572776794433594 0.0158901214599609
0.14404296875 0.128341674804688 0.00914192199707032 0.01983642578125
0.0796661376953125 0.16064453125 -0.00197076797485351 -0.00331091880798339
-0.031707763671875 0.195480346679688 -0.00854110717773438 -0.0305023193359375
-0.168548583984375 0.138031005859375 0.0425910949707031 -0.0220909118652344
-0.248245239257812 -0.0639495849609375 0.0931625366210937 0.0159454345703125
-0.181365966796875 -0.187484741210938 0.0753173828125 0.0980377197265625
-0.065399169921875 -0.290283203125 0.017242431640625 0.15228271484375
-0.0582275390625 -0.2952880859375 0.0201644897460938 -0.0943603515625
-0.14459228515625 -0.214385986328125 -0.0210800170898438 -0.0463752746582031
-0.25677490234375 -0.0867614746093751 -0.0319156646728516 -0.00784492492675782
-0.202011108398438 0.088836669921875 -0.00210189819335939 -0.00962162017822265
-0.0972137451171875 0.178436279296875 -0.02618408203125 -0.0263652801513672
0.053131103515625 0.172409057617188 -0.0214519500732422 -0.0230083465576172
0.123504638671875 0.127861022949219 -0.033111572265625 -0.0149688720703125
0.110649108886719 0.138175964355469 -0.046630859375 -0.0187149047851562
0.134765625 0.133041381835938 -0.0424690246582031 -0.0174369812011719
0.0714263916015625 0.158493041992188 -0.0359115600585937 -0.0468330383300781
-0.0347137451171875 0.190017700195313 -0.0235519409179687 -0.0673751831054687
-0.16253662109375 0.132736206054687 0.038116455078125 -0.0504417419433594
-0.2406005859375 -0.062347412109375 0.0812606811523438 -0.000961303710937504
-0.17901611328125 -0.179656982421875 0.0340652465820312 0.0593833923339844
-0.07159423828125 -0.288543701171875 -2.67028808593815E-05 0.058380126953125
-0.0643157958984375 -0.2470703125 0.00524902343750001 -0.1854248046875
-0.133346557617187 -0.174285888671875 -0.05322265625 -0.0964279174804688
-0.213729858398437 -0.06488037109375 -0.0355415344238281 -0.0155372619628906
-0.163223266601563 0.075592041015625 0.00577163696289062 -0.0312767028808594
-0.0823822021484375 0.143112182617188 -0.0200119018554688 -0.0628929138183594
0.0372772216796875 0.144287109375 -0.0407485961914062 -0.0694236755371094
0.0949172973632813 0.111526489257813 -0.0779876708984375 -0.0542678833007812
0.0854415893554688 0.120079040527344 -0.0919723510742188 -0.0508956909179687
0.103965759277344 0.11895751953125 -0.0873947143554688 -0.0527572631835937
0.0483169555664063 0.132377624511719 -0.062896728515625 -0.0846481323242187
-0.038604736328125 0.151641845703125 -0.0318756103515625 -0.0951156616210937
-0.134468078613281 0.096588134765625 0.0336799621582031 -0.0700111389160156
-0.18890380859375 -0.0611114501953125 0.0638847351074218 -0.011260986328125
-0.137786865234375 -0.147750854492188 -0.0070934295654297 0.0221767425537109
-0.0619964599609375 -0.2421875 -0.0175018310546875 -0.0306224822998047
-0.0595703125 -0.160385131835938 -0.0115966796875 -0.258987426757813
-0.0997314453125 -0.104469299316406 -0.0809249877929687 -0.138870239257813
-0.131996154785156 -0.0318145751953125 -0.0403671264648438 -0.0235862731933594
-0.0947113037109375 0.048858642578125 0.00573348999023437 -0.0458221435546875
-0.0524215698242188 0.08319091796875 -0.0141677856445312 -0.0842361450195313
0.016082763671875 0.0920333862304688 -0.05401611328125 -0.100624084472656
0.0519256591796875 0.0775833129882813 -0.111076354980469 -0.08380126953125
0.04779052734375 0.083984375 -0.123771667480469 -0.0755157470703125
0.0565719604492188 0.0866241455078125 -0.118705749511719 -0.0814743041992188
0.0164108276367188 0.0878372192382813 -0.0763015747070313 -0.111091613769531
-0.0399932861328125 0.0901260375976563 -0.0281219482421875 -0.10992431640625
-0.0897903442382813 0.0436935424804688 0.0328369140625 -0.0776519775390625
-0.108184814453125 -0.0547561645507812 0.0474777221679687 -0.0141830444335938
-0.0755157470703125 -0.0959930419921875 -0.036956787109375 -0.00889205932617188
-0.0412750244140625 -0.1597900390625 -0.029327392578125 -0.101127624511719
-0.0431709289550781 -0.0483245849609375 -0.029510498046875 -0.303802490234375
-0.0502738952636719 -0.0213279724121094 -0.103240966796875 -0.167266845703125
-0.0336380004882813 0.00356483459472657 -0.0490036010742188 -0.0292434692382812
-0.01593017578125 0.0154047012329102 -0.00307464599609376 -0.0487174987792969
-0.0168352127075195 0.0128793716430664 -0.0101699829101562 -0.0872573852539063
-0.00804710388183594 0.0267333984375 -0.060028076171875 -0.111618041992187
0.000759124755859372 0.0317096710205078 -0.127151489257813 -0.0990142822265625
0.00221824645996093 0.0343227386474609 -0.13641357421875 -0.0888900756835938
0.00175857543945313 0.04205322265625 -0.130989074707031 -0.0998611450195312
-0.0151939392089844 0.0317249298095703 -0.076141357421875 -0.124443054199219
-0.0315074920654297 0.0206241607666016 -0.0155258178710938 -0.111495971679687
-0.0325355529785156 -0.00665855407714844 0.0346527099609375 -0.0760574340820313
-0.02001953125 -0.0328330993652344 0.0347766876220703 -0.0128993988037109
-0.0122261047363281 -0.0284042358398438 -0.0505104064941406 -0.0312042236328125
-0.0197830200195312 -0.0551834106445312 -0.0336456298828125 -0.143051147460938
0.0054473876953125 -0.0728836059570313 0.0635833740234375 0.153823852539062
-0.033294677734375 -0.0485649108886719 0.0676841735839844 0.0523910522460937
-0.0647773742675781 -0.00368881225585938 -0.0289306640625 -0.00158309936523438
-0.0388450622558594 0.0385780334472656 -0.0423355102539062 0.0589218139648437
0.00836181640625 0.0545730590820313 -0.0104522705078125 0.103195190429688
0.0436325073242188 0.0235977172851563 0.06317138671875 0.1171875
0.0516166687011719 0.005401611328125 0.133399963378906 0.0918731689453125
0.0432662963867188 0.0146522521972656 0.13336181640625 0.0803985595703125
0.0493507385253906 0.00896835327148437 0.1256103515625 0.0938186645507813
0.0341415405273438 0.035858154296875 0.0702667236328125 0.10491943359375
-0.001800537109375 0.0509300231933594 0.0229721069335938 0.0728225708007813
-0.0506057739257813 0.0354423522949219 0.0249137878417969 0.0501136779785156
-0.0563087463378906 -0.0253067016601562 0.0684165954589844 0.0537528991699219
-0.0275077819824219 -0.0526008605957031 0.119766235351563 0.152175903320313
0.0116691589355469 -0.0552940368652344 0.03411865234375 0.316619873046875
-0.0221405029296875 -0.172149658203125 0.0572662353515625 0.131492614746094
-0.077423095703125 -0.117919921875 0.0593910217285156 0.0517082214355469
-0.144912719726563 -0.03509521484375 -0.0267524719238281 -0.000946044921875006
-0.103981018066406 0.0642852783203125 -0.0366172790527344 0.0459365844726563
-0.0243301391601562 0.113334655761719 -0.0216445922851563 0.0844802856445313
0.0633697509765625 0.0833053588867188 0.0465087890625 0.101387023925781
0.0973663330078125 0.0497970581054687 0.109176635742188 0.081787109375
0.085784912109375 0.0633468627929688 0.104728698730469 0.067596435546875
0.0983963012695312 0.0568771362304687 0.101646423339844 0.0777816772460937
0.0588760375976563 0.0912246704101562 0.05633544921875 0.0782623291015625
-0.0140228271484375 0.116119384765625 0.0168571472167969 0.0454330444335938
-0.10675048828125 0.0806503295898437 0.0362815856933594 0.0318756103515625
-0.142532348632813 -0.046875 0.0866317749023437 0.0449905395507813
-0.0940399169921875 -0.117515563964844 0.123260498046875 0.14697265625
-0.02276611328125 -0.162445068359375 0.041595458984375 0.291412353515625
-0.04473876953125 -0.251739501953125 0.0464859008789063 0.0773849487304687
-0.115814208984375 -0.17681884765625 0.0404319763183594 0.0347785949707031
-0.21331787109375 -0.062255859375 -0.0265846252441406 0.000976562499999996
-0.160858154296875 0.0843505859375 -0.0262641906738281 0.0317878723144531
-0.057464599609375 0.160781860351563 -0.0282630920410156 0.0559577941894531
0.072601318359375 0.133987426757812 0.0258941650390625 0.0709915161132813
0.128768920898438 0.0885162353515625 0.069671630859375 0.0594367980957031
0.115196228027344 0.104095458984375 0.0604934692382813 0.0454940795898438
0.135772705078125 0.0951614379882812 0.0613365173339844 0.0519065856933594
0.0788650512695313 0.134124755859375 0.0311088562011719 0.0409355163574219
-0.018798828125 0.168502807617187 0.00532817840576172 0.0101852416992188
-0.14483642578125 0.123550415039062 0.0429916381835937 0.00583648681640626
-0.214309692382813 -0.053955078125 0.096038818359375 0.0290679931640625
-0.154739379882813 -0.160690307617188 0.110939025878906 0.1258544921875
-0.0577392578125 -0.244598388671875 0.0387725830078125 0.2332763671875
-0.06298828125 -0.294708251953125 0.0327892303466797 -0.00131607055664064
-0.145050048828125 -0.21075439453125 0.0120906829833984 0.000555992126464831
-0.258377075195313 -0.0754852294921875 -0.0289497375488281 0.00121307373046874
-0.196868896484375 0.09808349609375 -0.0135965347290039 0.0135297775268555
-0.0801544189453125 0.187652587890625 -0.0295238494873047 0.0181884765625
0.07183837890625 0.165573120117188 0.00191879272460938 0.0274085998535156
0.140106201171875 0.113746643066406 0.0194606781005859 0.0261020660400391
0.127166748046875 0.128501892089844 0.0069561004638672 0.0158157348632813
0.151321411132813 0.118972778320313 0.0102767944335938 0.0196399688720703
0.0877227783203125 0.155319213867188 -0.00257015228271484 -0.00235629081726073
-0.020843505859375 0.196807861328125 -0.0104770660400391 -0.0288486480712891
-0.161300659179688 0.148880004882812 0.0420799255371094 -0.0242500305175781
-0.253387451171875 -0.0513916015625 0.09356689453125 0.00991058349609375
-0.190444946289063 -0.179046630859375 0.0797271728515625 0.0941009521484375
-0.081817626953125 -0.2886962890625 0.0242767333984375 0.150863647460937
-0.074951171875 -0.293182373046875 0.0157852172851563 -0.0942001342773438
-0.156158447265625 -0.2088623046875 -0.0225868225097656 -0.0450859069824219
-0.26318359375 -0.0714569091796875 -0.0322589874267578 -0.00271797180175782
-0.19769287109375 0.100173950195312 -0.00182056427001954 -0.00866556167602538
-0.0864715576171875 0.184783935546875 -0.0266838073730469 -0.0244293212890625
0.062286376953125 0.168975830078125 -0.0225048065185547 -0.0228672027587891
0.1297607421875 0.119255065917969 -0.0335445404052734 -0.0140037536621094
0.119155883789063 0.132606506347656 -0.0476036071777344 -0.0158271789550781
0.142730712890625 0.124557495117187 -0.0435562133789062 -0.0150718688964844
0.0796661376953125 0.154052734375 -0.0386428833007813 -0.0443649291992187
-0.02374267578125 0.191452026367187 -0.0275802612304688 -0.06463623046875
-0.155670166015625 0.142959594726562 0.0359573364257812 -0.0521583557128906
-0.246002197265625 -0.0497283935546875 0.0805587768554688 -0.00611114501953126
-0.187576293945313 -0.17181396484375 0.0364952087402344 0.0579795837402344
-0.08795166015625 -0.286865234375 0.00220108032226562 0.0578155517578125
-0.07781982421875 -0.245285034179688 -0.00375366210937502 -0.184951782226563
-0.143203735351563 -0.168533325195312 -0.0575408935546875 -0.0932998657226563
-0.218612670898438 -0.052520751953125 -0.0356216430664063 -0.0113639831542969
-0.159210205078125 0.0848541259765625 0.00504875183105468 -0.0304851531982422
-0.0734710693359375 0.1492919921875 -0.0229415893554688 -0.0610923767089844
0.045166015625 0.141830444335937 -0.0438156127929688 -0.0680809020996093
0.100540161132813 0.105354309082031 -0.0814208984375 -0.0507888793945312
0.0931549072265625 0.115501403808594 -0.0954360961914063 -0.0451583862304687
0.111412048339844 0.112236022949219 -0.0912704467773438 -0.0477752685546875
0.0549697875976562 0.129447937011719 -0.0679550170898437 -0.0809402465820313
-0.0293731689453125 0.153366088867188 -0.0370635986328125 -0.0924606323242187
-0.129905700683594 0.105331420898438 0.0298004150390625 -0.07147216796875
-0.193923950195313 -0.0511322021484375 0.0626945495605469 -0.0152397155761719
-0.145339965820313 -0.142105102539063 -0.00679016113281251 0.0231685638427734
-0.0753021240234375 -0.24053955078125 -0.0202426910400391 -0.0297584533691406
-0.067901611328125 -0.158660888671875 -0.0247955322265625 -0.257125854492188
-0.105712890625 -0.0998916625976563 -0.0885162353515625 -0.134590148925781
-0.134857177734375 -0.0246810913085938 -0.0405654907226563 -0.0195960998535156
-0.0920333862304687 0.0541915893554688 0.00376129150390624 -0.0452537536621094
-0.0472564697265625 0.0880279541015625 -0.0185165405273438 -0.0827407836914062
0.0207748413085938 0.0914764404296875 -0.0587081909179688 -0.0987167358398438
0.0557327270507813 0.0740585327148438 -0.115898132324219 -0.0782928466796875
0.05291748046875 0.081390380859375 -0.12890625 -0.0685653686523438
0.0620803833007812 0.0837326049804688 -0.124244689941406 -0.0749282836914063
0.0213241577148438 0.0866165161132813 -0.0830078125 -0.10736083984375
-0.033935546875 0.0922470092773438 -0.0341033935546875 -0.107757568359375
-0.0875320434570313 0.04949951171875 0.0282974243164062 -0.0791397094726563
-0.112312316894531 -0.0491561889648438 0.0465660095214844 -0.0169296264648438
-0.0805435180664063 -0.0927200317382813 -0.0377349853515625 -0.00638198852539062
-0.05072021484375 -0.159805297851562 -0.0356369018554687 -0.09918212890625
-0.0454444885253906 -0.0475234985351563 -0.04498291015625 -0.30084228515625
-0.0516319274902344 -0.019012451171875 -0.111740112304688 -0.16168212890625
-0.0341053009033203 0.00487136840820313 -0.0491409301757813 -0.0259666442871094
-0.0149078369140625 0.016200065612793 -0.00536727905273437 -0.0474128723144531
-0.0159463882446289 0.0145978927612305 -0.0145492553710938 -0.0864486694335937
-0.00651931762695312 0.0280227661132813 -0.0648880004882813 -0.109794616699219
0.00263214111328125 0.0315322875976563 -0.133071899414063 -0.0929641723632812
0.00431251525878906 0.0345611572265625 -0.143280029296875 -0.081085205078125
0.00504302978515625 0.0425300598144531 -0.138435363769531 -0.0923919677734375
-0.0131111145019531 0.0329818725585938 -0.0831069946289063 -0.120803833007812
-0.0294589996337891 0.0221767425537109 -0.0210418701171875 -0.110137939453125
-0.0324306488037109 -0.00387001037597656 0.0303878784179687 -0.0770339965820313
-0.0234184265136719 -0.0317363739013672 0.0339145660400391 -0.0144939422607422
-0.0139198303222656 -0.0283718109130859 -0.0524406433105469 -0.0276527404785156
-0.023101806640625 -0.0559234619140625 -0.041900634765625 -0.141403198242188
0.00312042236328125 -0.07049560546875 0.0674285888671875 0.149505615234375
-0.0335235595703125 -0.0471534729003906 0.0688858032226562 0.0499000549316406
-0.0636520385742188 -0.00188446044921876 -0.0292072296142578 0.000448226928710936
-0.0375175476074219 0.0392608642578125 -0.0397872924804688 0.0583534240722656
0.00963211059570312 0.0522918701171875 -0.007110595703125 0.100975036621094
0.0425758361816406 0.0210647583007812 0.065185546875 0.114509582519531
0.0504837036132813 0.00319290161132813 0.134613037109375 0.08642578125
0.04278564453125 0.0130882263183594 0.135330200195313 0.0747451782226563
0.0475692749023437 0.00640869140625 0.127891540527344 0.088226318359375
0.0340442657470703 0.0335750579833984 0.0731430053710938 0.102005004882812
-0.000541687011718749 0.049835205078125 0.0237655639648438 0.071136474609375
-0.0486831665039063 0.0366554260253906 0.0260658264160156 0.0478744506835938
-0.0554275512695312 -0.0232162475585938 0.0696525573730469 0.0505905151367188
-0.0280494689941406 -0.0506477355957031 0.122146606445313 0.145217895507813
0.00967788696289063 -0.0544052124023437 0.04278564453125 0.30865478515625
-0.0273284912109375 -0.168197631835938 0.0605392456054688 0.1280517578125
-0.0793609619140625 -0.114311218261719 0.0613327026367187 0.0495414733886719
-0.143798828125 -0.0294647216796875 -0.0260086059570313 0.00174522399902344
-0.100379943847656 0.0661849975585938 -0.0341377258300781 0.0454750061035156
-0.02020263671875 0.111572265625 -0.0188446044921875 0.08282470703125
0.0640106201171875 0.0783157348632813 0.0480270385742188 0.0990371704101563
0.0968399047851563 0.045135498046875 0.110733032226563 0.076934814453125
0.0867843627929688 0.0599594116210938 0.106422424316406 0.063323974609375
0.0984039306640625 0.0517578125 0.103782653808594 0.0732421875
0.0602188110351563 0.0878143310546875 0.058380126953125 0.0762557983398438
-0.0100250244140625 0.114051818847656 0.017181396484375 0.0446205139160156
-0.102699279785156 0.0833511352539063 0.0372962951660156 0.0297737121582031
-0.142333984375 -0.042266845703125 0.08587646484375 0.0409698486328125
-0.0957183837890625 -0.112892150878906 0.124748229980469 0.1402587890625
-0.0273284912109375 -0.15960693359375 0.0487060546875 0.284515380859375
-0.0525054931640625 -0.24566650390625 0.0495223999023438 0.075408935546875
-0.119049072265625 -0.171310424804688 0.0424079895019531 0.032867431640625
-0.212493896484375 -0.053802490234375 -0.0257282257080078 0.00428962707519531
-0.156341552734375 0.0875091552734375 -0.0247306823730469 0.0313796997070313
-0.05029296875 0.159698486328125 -0.0257072448730469 0.0559120178222656
0.0749130249023438 0.128303527832031 0.02685546875 0.0689544677734375
0.128318786621094 0.0820236206054687 0.0711212158203125 0.0559463500976563
0.117164611816406 0.09942626953125 0.0620231628417969 0.0431938171386719
0.136222839355469 0.0883865356445313 0.0630416870117188 0.0488815307617188
0.0812911987304688 0.128509521484375 0.0322837829589844 0.0399513244628906
-0.013763427734375 0.166015625 0.00539398193359375 0.010401725769043
-0.138984680175781 0.127143859863281 0.0429878234863281 0.00466537475585938
-0.21380615234375 -0.046417236328125 0.0945587158203125 0.0250473022460937
-0.15673828125 -0.154464721679687 0.112258911132813 0.120590209960937
-0.0649871826171875 -0.240570068359375 0.0442962646484375 0.22698974609375
-0.07208251953125 -0.289093017578125 0.0335521697998047 -0.00171089172363283
-0.148696899414063 -0.2042236328125 0.0135993957519531 0.000303268432617175
-0.25811767578125 -0.0650177001953125 -0.0274524688720703 0.00493431091308594
-0.191268920898437 0.102783203125 -0.0123939514160156 0.0140542984008789
-0.072052001953125 0.187393188476562 -0.0274391174316406 0.0190963745117188
0.0756072998046875 0.159744262695313 0.00265502929687501 0.0261039733886719
0.14044189453125 0.106475830078125 0.0208950042724609 0.0244922637939453
0.129806518554688 0.123031616210938 0.00775623321533204 0.0162620544433594
0.15264892578125 0.11083984375 0.0112705230712891 0.0188999176025391
0.0906219482421875 0.149749755859375 -0.00238895416259765 -0.00170874595642089
-0.0137481689453125 0.193572998046875 -0.0117473602294922 -0.0272750854492187
-0.154693603515625 0.152877807617187 0.0410003662109375 -0.0248222351074219
-0.252960205078125 -0.042938232421875 0.09130859375 0.00638580322265625
-0.192886352539062 -0.171142578125 0.0806427001953125 0.0903396606445312
-0.09039306640625 -0.283538818359375 0.027679443359375 0.14697265625
-0.083343505859375 -0.287384033203125 0.0141143798828125 -0.0920486450195313
-0.160293579101563 -0.202621459960938 -0.0220260620117188 -0.0438156127929688
-0.262680053710938 -0.0611114501953125 -0.0302886962890625 0.000837326049804689
-0.192230224609375 0.105255126953125 -0.00132989883422853 -0.00818967819213867
-0.0788421630859375 0.185714721679687 -0.0263938903808594 -0.0223388671875
0.06646728515625 0.1634521484375 -0.0229892730712891 -0.0228824615478515
0.131011962890625 0.112342834472656 -0.0328559875488281 -0.0128383636474609
0.121665954589844 0.126998901367188 -0.0477523803710937 -0.0133247375488281
0.14471435546875 0.116561889648438 -0.0435333251953125 -0.0132637023925781
0.0830230712890625 0.148117065429687 -0.0399932861328125 -0.0421638488769531
-0.017333984375 0.189117431640625 -0.0295639038085937 -0.0616111755371094
-0.149169921875 0.146713256835938 0.0340003967285156 -0.052001953125
-0.24603271484375 -0.0417327880859375 0.0777664184570312 -0.00933837890625
-0.189605712890625 -0.165069580078125 0.0366439819335937 0.0564537048339844
-0.096710205078125 -0.28179931640625 0.00289535522460937 0.0567474365234375
-0.085418701171875 -0.24072265625 -0.00839233398437501 -0.180816650390625
-0.147171020507812 -0.163055419921875 -0.0584869384765625 -0.0900421142578125
-0.218795776367188 -0.0441741943359375 -0.034017562866211 -0.007537841796875
-0.154327392578125 0.0893402099609375 0.0044879913330078 -0.0296058654785156
-0.06689453125 0.150192260742188 -0.0234336853027344 -0.0585594177246094
0.0486679077148438 0.138359069824219 -0.045166015625 -0.0670166015625
0.101730346679688 0.100051879882813 -0.081756591796875 -0.0483932495117187
0.0961990356445313 0.111083984375 -0.0963821411132813 -0.040985107421875
0.113395690917969 0.106178283691406 -0.0922012329101562 -0.0439071655273438
0.0584030151367187 0.125213623046875 -0.0700454711914063 -0.0774002075195312
-0.0238494873046875 0.151535034179688 -0.0390625 -0.0888900756835938
-0.124740600585938 0.108993530273437 0.0276107788085937 -0.0704727172851563
-0.194503784179688 -0.0447235107421875 0.0604972839355469 -0.0176773071289063
-0.147003173828125 -0.136642456054688 -0.0064830780029297 0.0240135192871094
-0.08270263671875 -0.236923217773438 -0.0222244262695313 -0.0285778045654297
-0.0723724365234375 -0.155059814453125 -0.031036376953125 -0.251953125
-0.107276916503906 -0.0964889526367188 -0.0904922485351562 -0.129638671875
-0.134651184082031 -0.0197601318359375 -0.0390281677246094 -0.0172500610351563
-0.088958740234375 0.0564041137695313 0.00271224975585937 -0.0437431335449219
-0.0435943603515625 0.0890655517578125 -0.0197677612304688 -0.0801773071289063
0.0236434936523438 0.08966064453125 -0.0606765747070313 -0.0971145629882812
0.0569992065429688 0.07061767578125 -0.117630004882813 -0.0749282836914063
0.0554428100585938 0.0787124633789063 -0.130226135253906 -0.0626373291015625
0.06463623046875 0.0801467895507813 -0.1259765625 -0.0690841674804687
0.0234146118164062 0.0848236083984375 -0.0856552124023438 -0.103004455566406
-0.029754638671875 0.0916213989257813 -0.0365829467773438 -0.103767395019531
-0.0847702026367188 0.0526962280273437 0.0254287719726563 -0.0777511596679688
-0.114097595214844 -0.0446701049804688 0.0442695617675781 -0.0188407897949219
-0.0820159912109375 -0.0902481079101563 -0.0380058288574219 -0.00376510620117189
-0.05535888671875 -0.157073974609375 -0.0391464233398438 -0.0960464477539063
-0.0465507507324219 -0.0465011596679688 -0.052490234375 -0.294097900390625
-0.0513076782226563 -0.0171394348144531 -0.11553955078125 -0.155517578125
-0.0341396331787109 0.00559806823730468 -0.0479278564453125 -0.0241127014160156
-0.0138454437255859 0.0162668228149414 -0.00614166259765625 -0.0460281372070313
-0.0148525238037109 0.0155029296875 -0.0163040161132813 -0.083526611328125
-0.00514602661132812 0.0286293029785156 -0.06719970703125 -0.107505798339844
0.00379180908203125 0.0308303833007813 -0.13482666015625 -0.0882415771484375
0.00581741333007812 0.0344276428222656 -0.14508056640625 -0.07513427734375
0.00703811645507813 0.0421562194824219 -0.140266418457031 -0.0856399536132813
-0.0115375518798828 0.0329551696777344 -0.0860214233398438 -0.117057800292969
-0.0277862548828125 0.0228595733642578 -0.0235519409179687 -0.107658386230469
-0.0321865081787109 -0.00201988220214844 0.0268402099609375 -0.0761032104492187
-0.0256118774414063 -0.0302505493164062 0.0322933197021484 -0.0151805877685547
-0.0150108337402344 -0.0288047790527344 -0.0525856018066406 -0.0251693725585937
-0.0250816345214844 -0.0555343627929688 -0.0460128784179687 -0.136970520019531
0.00237655639648438 -0.0690841674804687 0.0673675537109375 0.148513793945313
-0.0333099365234375 -0.0462455749511719 0.0697402954101563 0.0490150451660156
-0.0629234313964844 -0.00134658813476562 -0.0281620025634766 0.00174140930175781
-0.0371818542480469 0.0387954711914063 -0.0387916564941406 0.0573272705078125
0.0101966857910156 0.0507850646972656 -0.00733184814453124 0.0991363525390625
0.0411186218261719 0.0194892883300781 0.064422607421875 0.113945007324219
0.0488700866699219 0.00315475463867188 0.134971618652344 0.0847854614257813
0.0420989990234375 0.0125999450683594 0.135749816894531 0.0738067626953125
0.0463600158691406 0.00584030151367188 0.128547668457031 0.0862350463867188
0.0336246490478516 0.0321788787841797 0.0737152099609375 0.102096557617187
-0.000274658203125002 0.0498275756835938 0.0233688354492187 0.07122802734375
-0.0479316711425781 0.0364875793457031 0.0266189575195312 0.0468063354492188
-0.0545883178710938 -0.0232048034667969 0.0691413879394531 0.0487289428710937
-0.0281448364257812 -0.049224853515625 0.120895385742187 0.14227294921875
0.00892257690429688 -0.0537033081054688 0.0428466796875 0.304443359375
-0.028045654296875 -0.1656494140625 0.06134033203125 0.126579284667969
-0.0789718627929687 -0.113418579101563 0.0622215270996094 0.0484733581542969
-0.142669677734375 -0.027587890625 -0.0249671936035156 0.0040283203125
-0.099334716796875 0.065765380859375 -0.0336189270019531 0.0448074340820313
-0.0188064575195313 0.110130310058594 -0.0187606811523438 0.0820083618164063
0.0626296997070313 0.0761795043945313 0.0474090576171875 0.0982437133789063
0.094635009765625 0.0435867309570313 0.111259460449219 0.075897216796875
0.0862197875976563 0.059478759765625 0.107452392578125 0.0625457763671875
0.0967330932617187 0.0499725341796875 0.104621887207031 0.0716094970703125
0.0598220825195312 0.0856552124023438 0.05889892578125 0.0764083862304688
-0.00959777832031251 0.113113403320313 0.0167388916015625 0.0449447631835938
-0.101036071777344 0.0836868286132813 0.0373764038085937 0.0293655395507813
-0.141006469726563 -0.0416107177734375 0.0852584838867187 0.0395431518554688
-0.094879150390625 -0.111549377441406 0.124038696289063 0.137382507324219
-0.028656005859375 -0.158447265625 0.04827880859375 0.279769897460937
-0.0534515380859375 -0.242584228515625 0.0501861572265625 0.0750656127929687
-0.1190185546875 -0.169876098632813 0.0436935424804687 0.0321540832519531
-0.210922241210938 -0.0512847900390625 -0.0241069793701172 0.00710678100585937
-0.15411376953125 0.0876007080078125 -0.0237045288085938 0.0311431884765625
-0.0484466552734375 0.1578369140625 -0.0254364013671875 0.05548095703125
0.073822021484375 0.12493896484375 0.026611328125 0.0684814453125
0.126380920410156 0.0798263549804688 0.071258544921875 0.0549850463867188
0.117630004882813 0.0976638793945313 0.0629997253417969 0.0429191589355469
0.134498596191406 0.0856246948242187 0.0638275146484375 0.0480194091796875
0.0807342529296875 0.126243591308594 0.0321006774902344 0.0402145385742188
-0.012725830078125 0.163406372070313 0.00492191314697265 0.011326789855957
-0.137420654296875 0.127067565917969 0.0432929992675781 0.00437164306640626
-0.213394165039063 -0.0454559326171875 0.0927581787109375 0.0236892700195313
-0.154983520507812 -0.15289306640625 0.111236572265625 0.118675231933594
-0.066192626953125 -0.239120483398438 0.0433502197265625 0.2236328125
-0.07373046875 -0.285675048828125 0.0341472625732422 -0.00122642517089846
-0.1492919921875 -0.202529907226563 0.0149412155151367 3.52859497070188E-05
-0.25634765625 -0.06195068359375 -0.0255699157714844 0.00753974914550781
-0.188674926757813 0.102935791015625 -0.0115375518798828 0.0143003463745117
-0.0695953369140625 0.186492919921875 -0.0272502899169922 0.0191669464111328
0.0750274658203125 0.156143188476563 0.00191307067871094 0.0253524780273438
0.138900756835938 0.103233337402344 0.0214958190917969 0.0235919952392578
0.130271911621094 0.121734619140625 0.00846099853515626 0.0164728164672852
0.151565551757813 0.107757568359375 0.0115127563476563 0.0191764831542969
0.09039306640625 0.147659301757813 -0.00229763984680175 -0.000583887100219718
-0.012481689453125 0.191162109375 -0.0119819641113281 -0.0256271362304687
-0.15283203125 0.15325927734375 0.0417060852050781 -0.0244331359863281
-0.252395629882812 -0.041748046875 0.089447021484375 0.00568389892578125
-0.191207885742188 -0.169723510742188 0.079498291015625 0.089263916015625
-0.091644287109375 -0.282073974609375 0.026123046875 0.1444091796875
-0.08453369140625 -0.284637451171875 0.0141677856445312 -0.0906829833984375
-0.160491943359375 -0.200897216796875 -0.0213127136230469 -0.04376220703125
-0.262222290039063 -0.05828857421875 -0.02886962890625 0.00343894958496094
-0.18939208984375 0.105331420898437 -0.000847339630126965 -0.00748443603515624
-0.07586669921875 0.184799194335938 -0.0258617401123047 -0.0214385986328125
0.0665283203125 0.160980224609375 -0.0231513977050781 -0.0234928131103516
0.129203796386719 0.110099792480469 -0.0326118469238281 -0.0133495330810547
0.122512817382812 0.125892639160156 -0.0475082397460937 -0.0122146606445313
0.143783569335937 0.1138916015625 -0.0435333251953125 -0.0120735168457031
0.0824127197265625 0.145706176757812 -0.0399208068847656 -0.0413894653320313
-0.0155029296875 0.186798095703125 -0.0294418334960937 -0.0602531433105469
-0.146926879882813 0.147186279296875 0.0342063903808594 -0.0511817932128906
-0.24627685546875 -0.039764404296875 0.075775146484375 -0.0097503662109375
-0.188095092773438 -0.163330078125 0.036102294921875 0.056884765625
-0.097930908203125 -0.28045654296875 0.00159454345703124 0.0558700561523437
-0.0854949951171875 -0.238327026367188 -0.0084228515625 -0.178268432617188
-0.146560668945313 -0.162368774414062 -0.0578155517578125 -0.0898590087890625
-0.218124389648438 -0.0423126220703125 -0.032257080078125 -0.00621795654296876
-0.152999877929688 0.0890045166015625 0.00501441955566405 -0.0291309356689453
-0.0650482177734375 0.150100708007812 -0.0230026245117188 -0.0569725036621094
0.0492401123046875 0.136909484863281 -0.0456695556640625 -0.0678672790527343
0.10089111328125 0.0977401733398438 -0.0815353393554688 -0.048004150390625
0.0969390869140625 0.110671997070312 -0.095794677734375 -0.0395889282226562
0.113296508789063 0.103935241699219 -0.0922012329101562 -0.0416183471679688
0.0581130981445313 0.123252868652344 -0.070281982421875 -0.075958251953125
-0.022186279296875 0.149581909179687 -0.0392684936523437 -0.0864944458007812
-0.123069763183594 0.109664916992187 0.0273666381835937 -0.0694084167480469
-0.195083618164063 -0.0431976318359375 0.0585098266601563 -0.0179443359375
-0.146591186523437 -0.135787963867188 -0.00687026977539063 0.0244369506835937
-0.0836639404296875 -0.236343383789062 -0.0225963592529297 -0.0279197692871094
-0.0728607177734375 -0.154464721679688 -0.031280517578125 -0.248641967773438
-0.106773376464844 -0.0960617065429688 -0.0898284912109375 -0.128120422363281
-0.134979248046875 -0.0192947387695312 -0.0377311706542969 -0.0169944763183594
-0.0884323120117187 0.0561294555664063 0.00316619873046874 -0.0430259704589844
-0.0423965454101562 0.0888595581054688 -0.0193710327148437 -0.0776901245117188
0.0241851806640625 0.0892715454101563 -0.0608673095703125 -0.0976181030273437
0.0571060180664063 0.0701179504394531 -0.117568969726562 -0.0736083984375
0.0557937622070313 0.0784378051757812 -0.130340576171875 -0.0607757568359375
0.0651626586914063 0.0787277221679687 -0.126113891601563 -0.0665969848632813
0.0236587524414063 0.083740234375 -0.0858688354492188 -0.101707458496094
-0.0285720825195313 0.0904617309570313 -0.0357513427734375 -0.101951599121094
-0.0837936401367187 0.0535507202148438 0.0246963500976562 -0.0768585205078125
-0.115272521972656 -0.0434036254882812 0.0433082580566406 -0.0184593200683594
-0.08160400390625 -0.0898971557617188 -0.0380210876464844 -0.00297164916992188
-0.0564117431640625 -0.15716552734375 -0.0392303466796875 -0.0942535400390625
-0.0464019775390625 -0.0470542907714844 -0.052978515625 -0.290618896484375
-0.05084228515625 -0.0175857543945312 -0.114883422851563 -0.154067993164063
-0.0343990325927734 0.00554847717285156 -0.0465126037597656 -0.0245933532714844
-0.0137767791748047 0.0160636901855469 -0.00588607788085938 -0.0446586608886719
-0.0152959823608398 0.0163478851318359 -0.015594482421875 -0.082366943359375
-0.00461769104003906 0.0293807983398438 -0.0668411254882813 -0.107894897460938
0.00407218933105469 0.0309734344482422 -0.135581970214844 -0.087066650390625
0.006561279296875 0.0340404510498047 -0.14544677734375 -0.0731658935546875
0.00786590576171875 0.0417556762695313 -0.140525817871094 -0.0832672119140625
-0.0110797882080078 0.0327129364013672 -0.0865249633789062 -0.115585327148438
-0.0268383026123047 0.0229206085205078 -0.0236740112304688 -0.1058349609375
-0.0317268371582031 -0.000778198242187503 0.0261306762695312 -0.0748443603515625
-0.0268402099609375 -0.0294437408447266 0.0308704376220703 -0.0152721405029297
-0.0156059265136719 -0.0291404724121094 -0.0525245666503906 -0.0237197875976562
-0.0260162353515625 -0.0559349060058594 -0.0461883544921875 -0.134666442871094
0.00341796874999999 -0.0695877075195313 0.0675811767578125 0.15155029296875
-0.0332565307617188 -0.0474662780761719 0.0714340209960938 0.0499496459960938
-0.0632743835449219 -0.00109100341796876 -0.0278167724609375 0.00246429443359375
-0.0379219055175781 0.0386772155761719 -0.0399246215820313 0.0572166442871094
0.0100631713867188 0.0509529113769531 -0.00917053222656249 0.0993804931640625
0.0405120849609375 0.0194053649902344 0.0636215209960938 0.116851806640625
0.0483932495117187 0.00282669067382813 0.137359619140625 0.08685302734375
0.042449951171875 0.0134735107421875 0.138580322265625 0.0757369995117187
0.0457878112792969 0.00554275512695312 0.130966186523438 0.0880050659179687
0.0334243774414063 0.0326499938964844 0.07452392578125 0.104728698730469
-0.000873565673828126 0.0499343872070313 0.0224533081054687 0.072601318359375
-0.0488319396972656 0.0369720458984375 0.0270843505859375 0.0467872619628906
-0.0546836853027344 -0.0244140625 0.06951904296875 0.049072265625
-0.02752685546875 -0.0494918823242188 0.120269775390625 0.144256591796875
0.0092315673828125 -0.0536270141601563 0.03955078125 0.3065185546875
-0.0263214111328125 -0.167465209960938 0.0610733032226563 0.12921142578125
-0.0795364379882813 -0.115707397460937 0.0646896362304688 0.0492477416992187
-0.144149780273438 -0.0285491943359375 -0.0243206024169922 0.00515556335449219
-0.101005554199219 0.066070556640625 -0.0338478088378906 0.0449943542480469
-0.0192947387695312 0.110702514648437 -0.019989013671875 0.082427978515625
0.0616378784179688 0.0764846801757813 0.0469970703125 0.100761413574219
0.0946044921875 0.044464111328125 0.112960815429687 0.0773162841796875
0.0874099731445312 0.0612716674804687 0.110366821289062 0.0642776489257812
0.0962295532226563 0.0504379272460938 0.106605529785156 0.0731658935546875
0.0595779418945312 0.0868759155273438 0.0596694946289063 0.0787429809570313
-0.0109329223632812 0.113754272460937 0.0157928466796875 0.0465126037597656
-0.103179931640625 0.0846939086914062 0.038299560546875 0.0297698974609375
-0.143539428710938 -0.0440521240234375 0.0850601196289062 0.040313720703125
-0.094879150390625 -0.113845825195312 0.123527526855469 0.139907836914063
-0.02777099609375 -0.161087036132812 0.04541015625 0.282379150390625
-0.051788330078125 -0.24560546875 0.0509796142578125 0.0768814086914062
-0.119522094726562 -0.173507690429688 0.0457534790039062 0.032623291015625
-0.213119506835938 -0.0523223876953125 -0.0232486724853516 0.00880241394042968
-0.156646728515625 0.0877227783203125 -0.0235671997070313 0.0312900543212891
-0.0489501953125 0.158981323242188 -0.0260658264160156 0.0562286376953125
0.0731887817382812 0.126060485839844 0.0256805419921875 0.0699729919433594
0.126266479492188 0.081024169921875 0.0730819702148438 0.055450439453125
0.119087219238281 0.100173950195312 0.0642967224121094 0.0443115234375
0.134994506835938 0.086700439453125 0.0651168823242188 0.0496406555175781
0.0801010131835938 0.128135681152344 0.0332221984863281 0.0421180725097656
-0.0145263671875 0.1654052734375 0.00429534912109375 0.0124235153198242
-0.140457153320312 0.129493713378906 0.0444984436035156 0.00456237792968751
-0.216964721679688 -0.04766845703125 0.092803955078125 0.024444580078125
-0.155502319335937 -0.15692138671875 0.110855102539062 0.120857238769531
-0.066070556640625 -0.243743896484375 0.0402069091796875 0.2259521484375
-0.072235107421875 -0.28948974609375 0.0354728698730469 -0.000431060791015643
-0.1494140625 -0.207504272460938 0.016444206237793 -0.000472068786621106
-0.259857177734375 -0.0635833740234375 -0.0242385864257813 0.00927162170410156
-0.19232177734375 0.103515625 -0.0112438201904297 0.01416015625
-0.071044921875 0.188430786132813 -0.0274372100830078 0.0200710296630859
0.074005126953125 0.158218383789063 0.00182914733886719 0.0257625579833984
0.139228820800781 0.105140686035156 0.0224266052246094 0.0234451293945313
0.132034301757813 0.124687194824219 0.00901222229003907 0.0174064636230469
0.1522216796875 0.10968017578125 0.0119857788085938 0.0195426940917969
0.0897979736328125 0.149124145507813 -0.00224685668945312 0.0001053810119629
-0.0147552490234375 0.193435668945313 -0.0126113891601562 -0.0249862670898437
-0.156402587890625 0.155197143554688 0.0430335998535156 -0.0239448547363281
-0.257308959960938 -0.0438690185546875 0.089202880859375 0.0063934326171875
-0.191513061523438 -0.17523193359375 0.0793914794921875 0.0915451049804687
-0.091094970703125 -0.288055419921875 0.0240478515625 0.14654541015625
-0.083160400390625 -0.2884521484375 0.01605224609375 -0.0912551879882813
-0.16156005859375 -0.20654296875 -0.0201911926269531 -0.0446357727050781
-0.266067504882813 -0.0603179931640625 -0.0275936126708985 0.00464630126953125
-0.19342041015625 0.105743408203125 -0.000141143798828137 -0.00711870193481445
-0.0773162841796875 0.18743896484375 -0.0252742767333984 -0.0208759307861328
0.06549072265625 0.16302490234375 -0.0233421325683594 -0.0243186950683594
0.129920959472656 0.112358093261719 -0.0326786041259765 -0.0142822265625
0.124847412109375 0.129104614257813 -0.0476150512695312 -0.0121383666992187
0.145034790039063 0.115951538085938 -0.0438957214355469 -0.0122489929199219
0.082122802734375 0.148040771484375 -0.0399971008300781 -0.0415573120117187
-0.01727294921875 0.188644409179688 -0.0292015075683594 -0.0600624084472656
-0.15045166015625 0.148773193359375 0.0359420776367187 -0.0508804321289062
-0.251068115234375 -0.0417327880859375 0.0758514404296875 -0.0091552734375
-0.189178466796875 -0.16864013671875 0.0355873107910156 0.0582542419433594
-0.09820556640625 -0.286651611328125 0.00032806396484374 0.0567970275878906
-0.0847015380859375 -0.242919921875 -0.0059661865234375 -0.179885864257813
-0.147781372070313 -0.167068481445312 -0.0572357177734375 -0.09161376953125
-0.222152709960938 -0.0434417724609375 -0.0311813354492188 -0.00542640686035157
-0.156021118164063 0.089691162109375 0.00553703308105468 -0.0288467407226562
-0.066162109375 0.152587890625 -0.0221099853515625 -0.0570564270019531
0.04815673828125 0.138809204101563 -0.0455360412597656 -0.0699272155761719
0.101295471191406 0.0999526977539063 -0.0832595825195313 -0.0494384765625
0.09857177734375 0.113571166992187 -0.0974578857421875 -0.0401687622070313
0.114051818847656 0.105804443359375 -0.093292236328125 -0.0423355102539062
0.057769775390625 0.125076293945313 -0.0705032348632812 -0.0772705078125
-0.0233917236328125 0.150985717773438 -0.0386428833007813 -0.086883544921875
-0.125144958496094 0.110855102539062 0.0287590026855469 -0.0695075988769531
-0.19915771484375 -0.0446319580078125 0.058258056640625 -0.0170440673828125
-0.147354125976563 -0.140350341796875 -0.00712013244628907 0.0259208679199219
-0.0842437744140625 -0.241622924804688 -0.0232658386230469 -0.0278415679931641
-0.072601318359375 -0.157943725585938 -0.0287017822265625 -0.25091552734375
-0.108238220214844 -0.0994873046875 -0.0898056030273438 -0.131439208984375
-0.137481689453125 -0.020294189453125 -0.0369758605957031 -0.0169906616210937
-0.0902099609375 0.05609130859375 0.00402069091796874 -0.0427398681640625
-0.0434341430664062 0.09112548828125 -0.0176773071289063 -0.0790481567382813
0.0234375 0.0909576416015625 -0.060699462890625 -0.100540161132813
0.0572509765625 0.0712356567382812 -0.119888305664063 -0.0763702392578125
0.05706787109375 0.0807418823242188 -0.133026123046875 -0.06231689453125
0.0654144287109375 0.080596923828125 -0.12811279296875 -0.0671539306640625
0.0230331420898437 0.085235595703125 -0.0869293212890625 -0.103569030761719
-0.02972412109375 0.0912704467773438 -0.0352783203125 -0.103370666503906
-0.0850448608398438 0.054473876953125 0.0258407592773437 -0.0769424438476563
-0.117904663085938 -0.0440139770507812 0.0426063537597656 -0.018341064453125
-0.082611083984375 -0.09295654296875 -0.0382308959960938 -0.00207138061523439
-0.057098388671875 -0.160263061523437 -0.0391082763671875 -0.0949554443359375
-0.0465278625488281 -0.0486602783203125 -0.049957275390625 -0.293487548828125
-0.0510978698730469 -0.01873779296875 -0.115493774414063 -0.156707763671875
-0.0354881286621094 0.0047607421875 -0.0467681884765625 -0.0257568359375
-0.0143365859985352 0.0157976150512695 -0.00499725341796875 -0.0449981689453125
-0.0154838562011719 0.0176773071289063 -0.014007568359375 -0.0834884643554688
-0.00443649291992188 0.0303192138671875 -0.06634521484375 -0.1114501953125
0.00426292419433593 0.0322341918945313 -0.138145446777344 -0.0892333984375
0.00702857971191407 0.0349102020263672 -0.148040771484375 -0.0746002197265625
0.00833511352539063 0.0425949096679688 -0.142822265625 -0.0846099853515625
-0.0117073059082031 0.0334358215332031 -0.087799072265625 -0.117668151855469
-0.0271358489990234 0.0237197875976562 -0.0226211547851563 -0.10687255859375
-0.0324382781982422 -0.000440597534179684 0.0269927978515625 -0.0747909545898438
-0.0275325775146484 -0.0290565490722656 0.0313358306884766 -0.0146884918212891
-0.0164394378662109 -0.0303878784179687 -0.0531387329101563 -0.0232734680175781
-0.0264778137207031 -0.05731201171875 -0.0457382202148437 -0.136093139648438
0.00349426269531249 -0.0716171264648438 0.0697174072265625 0.157394409179688
-0.0342521667480469 -0.04864501953125 0.075836181640625 0.0522842407226563
-0.0650291442871094 -0.00145721435546876 -0.0275077819824219 0.00356674194335937
-0.0394859313964844 0.040252685546875 -0.0406341552734375 0.0589447021484375
0.0102806091308594 0.0517959594726563 -0.0104217529296875 0.103546142578125
0.0414276123046875 0.019500732421875 0.066070556640625 0.122734069824219
0.0496406555175781 0.0032806396484375 0.14349365234375 0.0897216796875
0.0442161560058594 0.01361083984375 0.14599609375 0.0781097412109375
0.0465545654296875 0.0055999755859375 0.137931823730469 0.0910797119140625
0.0346641540527344 0.0335502624511719 0.0785980224609375 0.109825134277344
-0.000709533691406246 0.051239013671875 0.0223312377929688 0.0761642456054687
-0.0503692626953125 0.0390586853027344 0.0284309387207031 0.0480575561523438
-0.0572166442871094 -0.0259170532226563 0.072723388671875 0.0504302978515625
-0.0282020568847656 -0.0508537292480469 0.123947143554688 0.149002075195313
0.00902175903320313 -0.0556907653808594 0.038238525390625 0.3170166015625
-0.027435302734375 -0.1729736328125 0.0638504028320313 0.134376525878906
-0.0821990966796875 -0.119796752929687 0.0681228637695313 0.0507621765136719
-0.149307250976563 -0.0289459228515625 -0.0238513946533203 0.00686836242675781
-0.104591369628906 0.0684051513671875 -0.0347366333007813 0.0461921691894531
-0.0196380615234375 0.11431884765625 -0.0213775634765625 0.0858383178710938
0.0629806518554688 0.0787811279296875 0.0479507446289063 0.105506896972656
0.0974349975585938 0.0457992553710938 0.118583679199219 0.0797195434570312
0.09112548828125 0.063720703125 0.115638732910156 0.0665435791015625
0.099578857421875 0.0519485473632812 0.112274169921875 0.0763702392578125
0.0614242553710937 0.0898590087890625 0.0630722045898438 0.0825958251953125
-0.0117034912109375 0.118446350097656 0.0154953002929688 0.0490989685058594
-0.107170104980469 0.0887680053710938 0.0406074523925781 0.0305671691894531
-0.150146484375 -0.0456695556640625 0.0877838134765625 0.0412826538085938
-0.0977096557617188 -0.117973327636719 0.12677001953125 0.14453125
-0.030181884765625 -0.167755126953125 0.044677734375 0.29254150390625
-0.053741455078125 -0.254348754882813 0.0531387329101563 0.0802154541015625
-0.124221801757812 -0.180252075195313 0.0489883422851562 0.03314208984375
-0.221588134765625 -0.052825927734375 -0.0221977233886719 0.0108356475830078
-0.16229248046875 0.0917816162109375 -0.0240402221679688 0.0323238372802734
-0.0503997802734375 0.16534423828125 -0.0271987915039062 0.0583114624023438
0.0746994018554688 0.130035400390625 0.0262985229492188 0.0736160278320313
0.130630493164063 0.083526611328125 0.0769424438476563 0.0570831298828125
0.124946594238281 0.105117797851563 0.0683517456054688 0.046112060546875
0.139488220214844 0.0899200439453125 0.069000244140625 0.0517654418945313
0.0831298828125 0.132034301757813 0.0356330871582031 0.0446205139160156
-0.0151519775390625 0.172210693359375 0.00363826751708984 0.0144205093383789
-0.146102905273438 0.134918212890625 0.0474510192871094 0.00487518310546876
-0.227035522460938 -0.049468994140625 0.0955810546875 0.0250701904296875
-0.160797119140625 -0.164413452148437 0.114387512207031 0.125312805175781
-0.0691375732421875 -0.254302978515625 0.039947509765625 0.234893798828125
-0.074737548828125 -0.30047607421875 0.0377273559570312 0.000175476074218732
-0.155853271484375 -0.2166748046875 0.0181846618652344 -0.000799179077148451
-0.270736694335938 -0.0655059814453124 -0.0230331420898438 0.0115795135498047
-0.199615478515625 0.107162475585938 -0.0111284255981445 0.0149497985839844
-0.0727996826171875 0.196151733398438 -0.0277690887451172 0.0208740234375
0.07611083984375 0.163070678710938 0.00107574462890625 0.02685546875
0.144119262695313 0.109329223632813 0.0234355926513672 0.0233802795410156
0.138687133789062 0.129776000976562 0.00989913940429689 0.0187911987304688
0.157882690429688 0.112777709960937 0.0133342742919922 0.0212726593017578
0.0925750732421875 0.154510498046875 -0.00165104866027831 0.000791311264038095
-0.01470947265625 0.201065063476562 -0.0134620666503906 -0.0247554779052734
-0.162185668945313 0.162551879882813 0.0462760925292969 -0.0250167846679687
-0.269241333007812 -0.0448760986328125 0.0912933349609375 0.00675201416015625
-0.19927978515625 -0.182998657226563 0.081451416015625 0.0956649780273438
-0.09625244140625 -0.300262451171875 0.0237884521484375 0.152496337890625
-0.086181640625 -0.30084228515625 0.0176467895507812 -0.0940093994140625
-0.1685791015625 -0.215957641601563 -0.0204696655273438 -0.0472030639648438
-0.277877807617188 -0.0617218017578125 -0.0265445709228516 0.00597572326660156
-0.200836181640625 0.110336303710938 0.000588417053222644 -0.00700998306274413
-0.0792388916015625 0.195465087890625 -0.0258312225341797 -0.0210800170898437
0.0674591064453125 0.169082641601563 -0.0248126983642578 -0.0258064270019531
0.13421630859375 0.116004943847656 -0.0340938568115234 -0.0152473449707031
0.131645202636719 0.13494873046875 -0.049713134765625 -0.0118522644042969
0.151229858398438 0.119888305664063 -0.045440673828125 -0.0111160278320312
0.0847625732421875 0.153335571289063 -0.0415000915527344 -0.04217529296875
-0.017669677734375 0.195526123046875 -0.030303955078125 -0.0608367919921875
-0.15606689453125 0.1558837890625 0.0381050109863281 -0.0527267456054688
-0.262802124023438 -0.0422515869140625 0.07708740234375 -0.00861358642578125
-0.196533203125 -0.176864624023437 0.0365486145019531 0.0618057250976562
-0.103424072265625 -0.29901123046875 -0.000469207763671876 0.0597801208496094
-0.0883331298828125 -0.25323486328125 -0.00508117675781252 -0.186431884765625
-0.15472412109375 -0.175079345703125 -0.0591964721679688 -0.0956344604492188
-0.232009887695312 -0.0451202392578125 -0.0310020446777344 -0.00465583801269531
-0.162567138671875 0.09271240234375 0.00654983520507811 -0.029144287109375
-0.06842041015625 0.15960693359375 -0.0218276977539062 -0.05859375
0.049713134765625 0.14447021484375 -0.0481033325195313 -0.0736846923828125
0.1048583984375 0.103736877441406 -0.086639404296875 -0.0520553588867188
0.103805541992188 0.119438171386719 -0.102561950683594 -0.040557861328125
0.119094848632813 0.109878540039063 -0.0977630615234375 -0.0424346923828125
0.0600051879882813 0.129928588867188 -0.0735855102539062 -0.0796127319335938
-0.0240020751953125 0.156448364257813 -0.0398406982421875 -0.089508056640625
-0.129829406738281 0.115821838378906 0.0301742553710937 -0.0713882446289062
-0.20947265625 -0.0452117919921875 0.059173583984375 -0.0172233581542969
-0.153228759765625 -0.146697998046875 -0.00744628906250001 0.027862548828125
-0.088653564453125 -0.252029418945313 -0.0241832733154297 -0.0281085968017578
-0.074676513671875 -0.164840698242188 -0.029083251953125 -0.25994873046875
-0.113349914550781 -0.104606628417969 -0.0938796997070313 -0.136787414550781
-0.143798828125 -0.0208892822265625 -0.0379142761230469 -0.0177726745605469
-0.0941085815429688 0.0585479736328125 0.00453567504882812 -0.0441474914550781
-0.0450668334960937 0.0954208374023437 -0.0174636840820313 -0.08172607421875
0.0248260498046875 0.0949172973632813 -0.0635223388671875 -0.105644226074219
0.059234619140625 0.0740432739257813 -0.125923156738281 -0.0790939331054688
0.06072998046875 0.0844573974609375 -0.139556884765625 -0.0632171630859375
0.0684127807617187 0.0836715698242188 -0.134208679199219 -0.0688705444335938
0.024017333984375 0.0886154174804687 -0.0910720825195313 -0.107215881347656
-0.0304183959960938 0.0948333740234375 -0.036468505859375 -0.106224060058594
-0.0882186889648437 0.0571212768554688 0.0275039672851562 -0.079132080078125
-0.123992919921875 -0.0446548461914063 0.0432968139648437 -0.0180130004882813
-0.0863265991210938 -0.0973968505859375 -0.04010009765625 -0.000751495361328127
-0.060150146484375 -0.168136596679688 -0.0400619506835938 -0.0982208251953125
-0.048065185546875 -0.0516281127929688 -0.051513671875 -0.3046875
-0.0529327392578125 -0.0201530456542969 -0.120315551757813 -0.16326904296875
-0.0373344421386719 0.00443267822265626 -0.0481681823730469 -0.0272903442382812
-0.0156631469726563 0.016148567199707 -0.00531387329101562 -0.0462989807128906
-0.0166416168212891 0.0193367004394531 -0.01312255859375 -0.0860671997070313
-0.004638671875 0.0323467254638672 -0.0695114135742187 -0.117439270019531
0.00464057922363281 0.0330448150634766 -0.145584106445313 -0.0927886962890625
0.00749588012695313 0.0367164611816406 -0.155853271484375 -0.076751708984375
0.00992202758789063 0.0444259643554688 -0.149337768554688 -0.0864410400390625
-0.0118789672851563 0.0343894958496094 -0.0920257568359375 -0.121681213378906
-0.0280952453613281 0.02471923828125 -0.0228500366210938 -0.110748291015625
-0.033721923828125 -0.000114440917968743 0.0277175903320312 -0.0771560668945313
-0.0301933288574219 -0.0292930603027344 0.0318756103515625 -0.0151767730712891
-0.0171642303466797 -0.031524658203125 -0.05517578125 -0.0225181579589844
-0.0281257629394531 -0.0602645874023438 -0.04583740234375 -0.140701293945313
0.0021209716796875 -0.0743331909179688 0.0764923095703125 0.16351318359375
-0.0369682312011719 -0.0492172241210937 0.0814590454101563 0.0518035888671875
-0.0671958923339844 0.000694274902343752 -0.0274219512939453 0.00507354736328125
-0.0394020080566406 0.0424995422363281 -0.0409660339355469 0.0620536804199219
0.0117950439453125 0.053131103515625 -0.00920867919921876 0.109092712402344
0.0427360534667969 0.018524169921875 0.0727386474609375 0.128608703613281
0.0509376525878906 0.002288818359375 0.154296875 0.0897979736328125
0.0460968017578125 0.0133628845214844 0.156753540039063 0.0773468017578125
0.0477027893066406 0.00458908081054688 0.148788452148437 0.091522216796875
0.0366592407226563 0.0333251953125 0.0862884521484375 0.113365173339844
0.00100326538085937 0.0540618896484375 0.0243148803710938 0.0799789428710937
-0.05145263671875 0.0428466796875 0.0307846069335938 0.0489578247070313
-0.0607681274414063 -0.0261726379394531 0.0769195556640625 0.04962158203125
-0.030609130859375 -0.0522117614746094 0.132431030273438 0.152374267578125
0.00795745849609375 -0.0582237243652344 0.046356201171875 0.330535888671875
-0.0330047607421875 -0.179718017578125 0.0704727172851563 0.139358520507813
-0.0890350341796875 -0.123397827148438 0.073638916015625 0.0504608154296875
-0.155975341796875 -0.02587890625 -0.0226268768310547 0.00884437561035156
-0.10736083984375 0.0739517211914062 -0.0346946716308594 0.0490074157714844
-0.0175094604492188 0.119102478027344 -0.0207672119140625 0.090576171875
0.0666961669921875 0.0797119140625 0.0531387329101563 0.110755920410156
0.102203369140625 0.0453109741210938 0.127189636230469 0.0796966552734375
0.0977401733398438 0.0646591186523438 0.125083923339844 0.0662994384765625
0.105209350585938 0.0518646240234375 0.121200561523437 0.0764846801757813
0.0658187866210938 0.0920562744140625 0.0688934326171875 0.085906982421875
-0.00933837890625001 0.124221801757813 0.0168075561523438 0.0523910522460938
-0.110488891601563 0.0965728759765625 0.0439376831054687 0.030303955078125
-0.15924072265625 -0.0438232421875 0.0923919677734375 0.04046630859375
-0.104789733886719 -0.121917724609375 0.135635375976563 0.147567749023438
-0.0361785888671875 -0.175643920898438 0.051788330078125 0.304901123046875
-0.0613250732421875 -0.26483154296875 0.0584487915039062 0.0827178955078125
-0.134414672851563 -0.1861572265625 0.0533638000488281 0.0326995849609375
-0.23309326171875 -0.04937744140625 -0.0206470489501953 0.0131645202636719
-0.167343139648438 0.099700927734375 -0.0239543914794922 0.0346908569335938
-0.047821044921875 0.174057006835938 -0.0271759033203125 0.0622215270996094
0.0805740356445313 0.133247375488281 0.0290985107421875 0.0766830444335938
0.137664794921875 0.0843505859375 0.0832290649414063 0.0570220947265625
0.134651184082031 0.10723876953125 0.0740737915039063 0.0469207763671875
0.148162841796875 0.09075927734375 0.0758132934570313 0.0525970458984375
0.090057373046875 0.136085510253906 0.0391578674316406 0.0462875366210938
-0.0113372802734375 0.180419921875 0.00372505187988281 0.016566276550293
-0.149871826171875 0.145675659179688 0.0509834289550781 0.00339889526367188
-0.24066162109375 -0.0460968017578125 0.100013732910156 0.0241317749023437
-0.171875 -0.16900634765625 0.121238708496094 0.128105163574219
-0.08001708984375 -0.265457153320312 0.045745849609375 0.244415283203125
-0.08502197265625 -0.31317138671875 0.0402565002441406 0.000392913818359356
-0.169219970703125 -0.22357177734375 0.0202617645263672 -0.00230598449707033
-0.285491943359375 -0.0604248046875 -0.0223865509033203 0.0137805938720703
-0.205886840820313 0.117996215820313 -0.0107879638671875 0.0164699554443359
-0.0698699951171875 0.207504272460938 -0.0288581848144531 0.0233554840087891
0.083282470703125 0.16937255859375 0.00162315368652344 0.0286312103271484
0.152587890625 0.110092163085938 0.0260353088378906 0.0231685638427734
0.15142822265625 0.133285522460937 0.0119571685791016 0.0197162628173828
0.168350219726563 0.114349365234375 0.0158195495605469 0.0227642059326172
0.1005859375 0.159133911132813 -0.00150477886199951 0.0013331174850464
-0.0103912353515625 0.210708618164063 -0.0145397186279297 -0.0239086151123047
-0.1663818359375 0.174774169921875 0.0488357543945313 -0.0275611877441406
-0.28521728515625 -0.0399169921875 0.0948715209960937 0.0052337646484375
-0.212814331054688 -0.187881469726563 0.0871429443359375 0.0983810424804688
-0.109588623046875 -0.3135986328125 0.02703857421875 0.159637451171875
-0.09716796875 -0.313812255859375 0.01690673828125 -0.0981826782226563
-0.182754516601562 -0.223358154296875 -0.0217933654785156 -0.0494117736816406
-0.293548583984375 -0.057159423828125 -0.02557373046875 0.00775527954101562
-0.207717895507813 0.120941162109375 0.000461578369140612 -0.00667047500610351
-0.0774078369140625 0.20806884765625 -0.0267887115478516 -0.0210113525390625
0.074249267578125 0.17559814453125 -0.0272846221923828 -0.0267143249511719
0.143341064453125 0.118270874023438 -0.0361709594726563 -0.015777587890625
0.1435546875 0.139022827148437 -0.0522041320800781 -0.0102272033691406
0.161819458007812 0.12176513671875 -0.0471954345703125 -0.00974655151367187
0.092315673828125 0.158218383789063 -0.0447998046875 -0.0430870056152344
-0.0133056640625 0.205337524414063 -0.0332260131835938 -0.0619049072265625
-0.159927368164062 0.168106079101563 0.0402984619140625 -0.0558738708496094
-0.27886962890625 -0.037445068359375 0.0794754028320312 -0.0104598999023438
-0.21044921875 -0.1815185546875 0.0394783020019531 0.0641365051269531
-0.116851806640625 -0.311981201171875 0.000190734863281248 0.0632400512695312
-0.0975799560546875 -0.2637939453125 -0.00898742675781249 -0.194229125976563
-0.166534423828125 -0.181060791015625 -0.0644302368164063 -0.09893798828125
-0.246185302734375 -0.0403747558593751 -0.0316047668457031 -0.00388908386230469
-0.168319702148437 0.1016845703125 0.00640678405761718 -0.0296497344970703
-0.06695556640625 0.1705322265625 -0.0236167907714844 -0.0607109069824219
0.055908203125 0.150192260742188 -0.0527725219726563 -0.0767440795898437
0.112373352050781 0.106056213378906 -0.09259033203125 -0.052703857421875
0.114250183105469 0.12255859375 -0.108627319335938 -0.038787841796875
0.128494262695313 0.11163330078125 -0.103012084960937 -0.0407638549804688
0.0652847290039062 0.134452819824219 -0.0798187255859375 -0.0810546875
-0.0214080810546875 0.164810180664063 -0.0437393188476563 -0.0916976928710937
-0.133056640625 0.125717163085937 0.0314254760742187 -0.075347900390625
-0.222183227539063 -0.0409393310546875 0.0603752136230469 -0.0187339782714844
-0.164382934570313 -0.15118408203125 -0.00770568847656251 0.0305576324462891
-0.099853515625 -0.263519287109375 -0.0259933471679688 -0.028402328491211
-0.08197021484375 -0.172348022460938 -0.0358428955078125 -0.270462036132813
-0.120330810546875 -0.107994079589844 -0.101821899414063 -0.140731811523438
-0.153091430664063 -0.0190582275390625 -0.0397987365722656 -0.0171585083007813
-0.098388671875 0.0631637573242188 0.00355529785156249 -0.0456161499023438
-0.0442886352539063 0.1029052734375 -0.019073486328125 -0.0854721069335938
0.0284805297851562 0.0995407104492187 -0.0698013305664063 -0.111305236816406
0.0643234252929687 0.0761184692382813 -0.135292053222656 -0.0796432495117187
0.0675430297851563 0.0874557495117188 -0.148696899414063 -0.0617828369140625
0.075286865234375 0.0859832763671875 -0.143051147460937 -0.06719970703125
0.0271072387695313 0.0925750732421875 -0.0984954833984375 -0.10980224609375
-0.02899169921875 0.0998382568359375 -0.0399627685546875 -0.110038757324219
-0.0909881591796875 0.0625457763671875 0.0270614624023438 -0.082977294921875
-0.132675170898438 -0.0425567626953125 0.044036865234375 -0.0190887451171875
-0.093414306640625 -0.101104736328125 -0.041961669921875 0.00141143798828125
-0.06787109375 -0.175567626953125 -0.0438156127929688 -0.101547241210938
-0.0510444641113281 -0.05377197265625 -0.059173583984375 -0.31695556640625
-0.0559272766113281 -0.0211181640625 -0.130706787109375 -0.168228149414063
-0.0408210754394531 0.00472640991210938 -0.0514450073242187 -0.0282058715820313
-0.0166540145874023 0.0166912078857422 -0.00667953491210938 -0.048248291015625
-0.0168170928955078 0.0212154388427734 -0.0146408081054688 -0.090728759765625
-0.00304222106933593 0.0347843170166016 -0.0763473510742188 -0.123245239257812
0.00596809387207031 0.0349388122558594 -0.156143188476563 -0.0929718017578125
0.00976181030273437 0.0392265319824219 -0.167282104492187 -0.0752105712890625
0.012359619140625 0.0470504760742187 -0.160400390625 -0.0854949951171875
-0.0112152099609375 0.0372810363769531 -0.100471496582031 -0.125602722167969
-0.0284137725830078 0.0263519287109375 -0.0260086059570312 -0.115028381347656
-0.0347194671630859 0.000898361206054681 0.02703857421875 -0.0803985595703125
-0.0335121154785156 -0.0298213958740234 0.0324363708496094 -0.0154209136962891
-0.0199127197265625 -0.0338249206542969 -0.0581169128417969 -0.021209716796875
-0.03118896484375 -0.0631179809570312 -0.05059814453125 -0.14593505859375
-0.00128173828125 -0.0760955810546875 0.086700439453125 0.165298461914063
-0.0396080017089844 -0.048797607421875 0.0879287719726563 0.0492935180664063
-0.0683441162109375 0.00402450561523438 -0.0260601043701172 0.00647354125976562
-0.039215087890625 0.0457420349121094 -0.0395355224609375 0.0648536682128906
0.0149459838867187 0.053558349609375 -0.00553131103515625 0.113540649414063
0.0443191528320313 0.0164718627929688 0.0815582275390625 0.130683898925781
0.052459716796875 3.814697265625E-06 0.164764404296875 0.0853271484375
0.0482330322265625 0.01153564453125 0.16741943359375 0.0714263916015625
0.0485343933105469 0.00232315063476563 0.160293579101563 0.0869140625
0.0391426086425781 0.0320243835449219 0.095703125 0.114540100097656
0.00313568115234375 0.0559425354003906 0.0282821655273437 0.0825958251953125
-0.0512428283691406 0.0473480224609375 0.0341110229492188 0.0481948852539063
-0.0638771057128906 -0.0243873596191406 0.0811233520507813 0.045989990234375
-0.033355712890625 -0.0515785217285156 0.143020629882813 0.150314331054688
0.00515365600585938 -0.0600852966308594 0.060333251953125 0.33856201171875
-0.0418548583984375 -0.1842041015625 0.07952880859375 0.140960693359375
-0.0970001220703125 -0.122627258300781 0.07977294921875 0.0475921630859375
-0.16204833984375 -0.0190887451171875 -0.0209140777587891 0.0102405548095703
-0.107345581054688 0.0814208984375 -0.0331649780273438 0.0517463684082031
-0.0118026733398438 0.123695373535156 -0.018402099609375 0.0951919555664063
0.0720443725585938 0.078460693359375 0.0606613159179688 0.113471984863281
0.10693359375 0.0422744750976563 0.136367797851563 0.0761337280273438
0.105140686035156 0.0626602172851563 0.1341552734375 0.062347412109375
0.110618591308594 0.0486602783203125 0.132041931152344 0.0733108520507813
0.0716629028320313 0.0911178588867188 0.0768203735351563 0.0863494873046875
-0.00376129150390624 0.129013061523438 0.0198173522949219 0.054901123046875
-0.109657287597656 0.105888366699219 0.0472335815429687 0.0283241271972656
-0.167816162109375 -0.037994384765625 0.0968017578125 0.036773681640625
-0.113075256347656 -0.121223449707031 0.1456298828125 0.146286010742188
-0.0465087890625 -0.179367065429688 0.06549072265625 0.312591552734375
-0.0756988525390625 -0.270370483398438 0.0643844604492187 0.08294677734375
-0.147369384765625 -0.186172485351563 0.0579032897949219 0.0304794311523437
-0.24298095703125 -0.039581298828125 -0.0183582305908203 0.0150051116943359
-0.168182373046875 0.11065673828125 -0.021942138671875 0.036834716796875
-0.040740966796875 0.181671142578125 -0.02581787109375 0.0665130615234375
0.0884246826171875 0.1334228515625 0.0339508056640625 0.0794830322265625
0.146270751953125 0.0807952880859375 0.0891571044921875 0.0537872314453125
0.146194458007813 0.10467529296875 0.080535888671875 0.044281005859375
0.157379150390625 0.086334228515625 0.0827713012695313 0.051361083984375
0.0985641479492188 0.136093139648438 0.0435104370117188 0.0469589233398438
-0.003570556640625 0.187957763671875 0.00452613830566406 0.0185794830322266
-0.148117065429688 0.158843994140625 0.0538902282714844 0.000247955322265635
-0.252609252929688 -0.0357208251953126 0.103797912597656 0.02008056640625
-0.185699462890625 -0.166961669921875 0.130218505859375 0.127754211425781
-0.0960693359375 -0.2713623046875 0.05694580078125 0.2515869140625
-0.10186767578125 -0.3199462890625 0.0419845581054687 -0.00152587890625002
-0.185989379882813 -0.223281860351563 0.0215187072753906 -0.00368309020996095
-0.298858642578125 -0.048126220703125 -0.0198421478271485 0.0161781311035156
-0.20758056640625 0.131271362304687 -0.00921249389648439 0.0181102752685547
-0.06195068359375 0.21844482421875 -0.0281925201416016 0.026266098022461
0.0926971435546875 0.170394897460938 0.0027904510498047 0.0299263000488281
0.162322998046875 0.10675048828125 0.0281085968017578 0.0219573974609375
0.164840698242188 0.13116455078125 0.0145149230957031 0.0195579528808594
0.180435180664063 0.1102294921875 0.0194187164306641 0.0229663848876953
0.111358642578125 0.159683227539063 -0.000938773155212395 0.00165104866027833
-0.000915527343750022 0.21893310546875 -0.0159530639648437 -0.022064208984375
-0.164016723632813 0.18975830078125 0.0506172180175781 -0.0316162109375
-0.299041748046875 -0.026519775390625 0.0972671508789063 0.00160980224609375
-0.22882080078125 -0.185791015625 0.0938796997070312 0.0981979370117187
-0.128875732421875 -0.319793701171875 0.0345306396484375 0.163726806640625
-0.1146240234375 -0.320953369140625 0.0139846801757813 -0.101974487304688
-0.200057983398438 -0.223159790039063 -0.0244483947753906 -0.0507621765136719
-0.30731201171875 -0.044464111328125 -0.0247917175292969 0.0097503662109375
-0.210205078125 0.134674072265625 0.000833034515380846 -0.00620031356811523
-0.069244384765625 0.2197265625 -0.0281944274902344 -0.0200862884521484
0.084716796875 0.177780151367188 -0.0300178527832031 -0.0264320373535156
0.153762817382813 0.11505126953125 -0.0387992858886719 -0.0155982971191406
0.157867431640625 0.137451171875 -0.0539207458496094 -0.00744247436523436
0.173858642578125 0.118087768554688 -0.0480384826660156 -0.00646591186523437
0.102798461914062 0.159622192382812 -0.0479812622070312 -0.0420646667480469
-0.00433349609375 0.213027954101562 -0.036956787109375 -0.0613212585449219
-0.157806396484375 0.182113647460938 0.0402717590332031 -0.0602836608886719
-0.29193115234375 -0.02398681640625 0.0811767578125 -0.0134353637695313
-0.22607421875 -0.179153442382813 0.0438117980957031 0.0660171508789062
-0.13616943359375 -0.318145751953125 0.00332260131835936 0.0659408569335937
-0.1123046875 -0.27069091796875 -0.01727294921875 -0.199874877929688
-0.1815185546875 -0.180953979492188 -0.0715179443359375 -0.100074768066406
-0.258148193359375 -0.0299835205078125 -0.0317916870117188 -0.00211715698242188
-0.170089721679688 0.113021850585937 0.00550079345703124 -0.0304336547851562
-0.060760498046875 0.180816650390625 -0.0259246826171875 -0.0614051818847656
0.06451416015625 0.153594970703125 -0.0588912963867187 -0.078094482421875
0.121284484863281 0.104759216308594 -0.0995407104492187 -0.050323486328125
0.126319885253906 0.121871948242188 -0.114227294921875 -0.0336990356445312
0.139602661132813 0.109657287597656 -0.108009338378906 -0.0355911254882812
0.0737991333007813 0.136123657226563 -0.0867385864257813 -0.0800323486328125
-0.01458740234375 0.171188354492188 -0.0487594604492187 -0.0921401977539063
-0.132408142089844 0.136886596679688 0.0298538208007812 -0.0795974731445313
-0.233428955078125 -0.030120849609375 0.0611343383789062 -0.0207595825195313
-0.177108764648438 -0.150054931640625 -0.0062847137451172 0.0334453582763672
-0.116683959960938 -0.2685546875 -0.0273303985595703 -0.0275840759277344
-0.0922088623046875 -0.175811767578125 -0.0478668212890625 -0.277984619140625
-0.130142211914063 -0.107414245605469 -0.112335205078125 -0.141220092773438
-0.160980224609375 -0.012176513671875 -0.0415687561035156 -0.0163116455078125
-0.0994415283203125 0.069854736328125 0.00228500366210937 -0.0462265014648438
-0.0404434204101563 0.10943603515625 -0.0223312377929688 -0.087646484375
0.0343704223632813 0.102340698242188 -0.0784912109375 -0.113433837890625
0.0694503784179688 0.07598876953125 -0.144821166992188 -0.0761566162109375
0.075653076171875 0.0878219604492188 -0.157958984375 -0.0550079345703125
0.0837554931640625 0.0858154296875 -0.151153564453125 -0.061492919921875
0.0322341918945313 0.09423828125 -0.107864379882813 -0.108955383300781
-0.02545166015625 0.1051025390625 -0.0456771850585938 -0.11187744140625
-0.0913314819335938 0.0694198608398438 0.0251007080078125 -0.08673095703125
-0.140472412109375 -0.036895751953125 0.0441360473632812 -0.020904541015625
-0.10125732421875 -0.100509643554688 -0.0429916381835938 0.00468444824218749
-0.07904052734375 -0.17877197265625 -0.0484390258789063 -0.102043151855469
-0.054901123046875 -0.0550003051757813 -0.074462890625 -0.324188232421875
-0.0588760375976563 -0.0198135375976562 -0.14337158203125 -0.16693115234375
-0.0431976318359375 0.00653076171874999 -0.0546875 -0.0270156860351562
-0.0174503326416016 0.0179290771484375 -0.00870132446289063 -0.0487251281738281
-0.0160293579101562 0.0242099761962891 -0.0183486938476562 -0.0936660766601562
-0.00118637084960937 0.0370330810546875 -0.0858001708984375 -0.1265869140625
0.008026123046875 0.0357398986816406 -0.16790771484375 -0.0883026123046875
0.0126190185546875 0.0400581359863281 -0.177978515625 -0.067901611328125
0.01611328125 0.0481300354003906 -0.17059326171875 -0.079193115234375
-0.00989151000976563 0.0397491455078125 -0.1104736328125 -0.124580383300781
-0.0278110504150391 0.02862548828125 -0.0316238403320312 -0.118461608886719
-0.0363235473632813 0.0030517578125 0.0243606567382812 -0.0842132568359375
-0.0368118286132812 -0.0280609130859375 0.0322322845458984 -0.0165328979492188
-0.0227775573730469 -0.0342216491699219 -0.0606422424316406 -0.0178909301757813
-0.0356101989746094 -0.0645751953125 -0.0572357177734375 -0.14825439453125
-0.00540924072265625 -0.076019287109375 0.0949859619140625 0.16357421875
-0.0416145324707031 -0.0466041564941406 0.0921096801757812 0.0444107055664062
-0.067626953125 0.00692749023437501 -0.0246562957763672 0.00705909729003906
-0.037200927734375 0.0477447509765625 -0.03668212890625 0.0666465759277344
0.0175132751464844 0.0523605346679687 -0.001007080078125 0.115623474121094
0.0448760986328125 0.0140495300292969 0.0896987915039063 0.129615783691406
0.0528106689453125 -0.00233840942382813 0.171463012695313 0.0774993896484375
0.0493278503417969 0.0102767944335938 0.174819946289062 0.0621490478515625
0.0486564636230469 0.00016021728515625 0.168197631835938 0.0791168212890625
0.0409393310546875 0.0303840637207031 0.104072570800781 0.111663818359375
0.00609970092773437 0.0559310913085938 0.0319976806640625 0.0838546752929688
-0.0489959716796875 0.0506248474121094 0.0367813110351563 0.0465164184570313
-0.0661239624023438 -0.0216064453125 0.0834579467773438 0.0417022705078125
-0.0358238220214844 -0.0496864318847656 0.14996337890625 0.144317626953125
0.00142669677734374 -0.060089111328125 0.07452392578125 0.33880615234375
-0.05047607421875 -0.182754516601562 0.0869598388671875 0.138633728027344
-0.103660583496094 -0.119102478027344 0.0841140747070313 0.043426513671875
-0.163543701171875 -0.0115509033203125 -0.0188636779785156 0.0112476348876953
-0.104255676269531 0.0869140625 -0.030426025390625 0.0529594421386719
-0.00579833984375001 0.124885559082031 -0.0140533447265625 0.0979537963867188
0.0754776000976563 0.075592041015625 0.0672454833984375 0.113296508789063
0.11029052734375 0.037750244140625 0.142990112304688 0.0693206787109375
0.11029052734375 0.0584030151367187 0.140457153320313 0.054962158203125
0.113182067871094 0.04425048828125 0.139068603515625 0.06683349609375
0.0769119262695313 0.08831787109375 0.08282470703125 0.084136962890625
0.00234985351562499 0.131019592285156 0.0221405029296875 0.0560150146484375
-0.105415344238281 0.112983703613281 0.0503425598144531 0.0257453918457031
-0.171875 -0.03033447265625 0.0987930297851562 0.031951904296875
-0.1197509765625 -0.117622375488281 0.152694702148438 0.140762329101562
-0.055816650390625 -0.179290771484375 0.078582763671875 0.31280517578125
-0.0893096923828125 -0.26983642578125 0.0692291259765625 0.080780029296875
-0.157852172851563 -0.181106567382812 0.0607337951660156 0.0268974304199219
-0.24737548828125 -0.0272216796874999 -0.0154104232788086 0.0161514282226563
-0.164260864257812 0.119400024414063 -0.0197372436523438 0.0382499694824219
-0.031707763671875 0.18536376953125 -0.0228538513183594 0.0688514709472657
0.095062255859375 0.130516052246094 0.03857421875 0.0795974731445313
0.15087890625 0.074798583984375 0.093292236328125 0.0492706298828125
0.155105590820312 0.0988006591796875 0.0852813720703125 0.0405426025390625
0.163360595703125 0.079681396484375 0.088653564453125 0.0468521118164063
0.105850219726563 0.132652282714844 0.0472755432128906 0.045684814453125
0.00495910644531248 0.190292358398438 0.00561332702636719 0.0197086334228516
-0.142532348632812 0.168685913085938 0.0555839538574219 -0.00372695922851561
-0.25836181640625 -0.023529052734375 0.104873657226563 0.0160903930664063
-0.195205688476563 -0.161392211914063 0.136764526367188 0.123085021972656
-0.110916137695313 -0.269088745117188 0.0679931640625 0.251663208007813
-0.117279052734375 -0.319366455078125 0.0432090759277344 -0.00374221801757814
-0.19891357421875 -0.217254638671875 0.0223960876464844 -0.00617599487304689
-0.3046875 -0.0327148437500001 -0.0168838500976563 0.0170536041259766
-0.203125 0.142105102539063 -0.00727462768554689 0.0189533233642578
-0.050933837890625 0.223541259765625 -0.0273323059082031 0.0287761688232422
0.101730346679688 0.167449951171875 0.00428009033203126 0.0309219360351563
0.16900634765625 0.100189208984375 0.0296096801757813 0.0197372436523438
0.175186157226563 0.12457275390625 0.016998291015625 0.0193214416503906
0.188186645507813 0.102462768554688 0.0232658386230469 0.0223846435546875
0.119796752929688 0.155776977539063 -0.000255346298217766 0.00225090980529786
0.00946044921874998 0.221359252929688 -0.0167808532714844 -0.0204200744628906
-0.1568603515625 0.20147705078125 0.0509681701660156 -0.0353431701660156
-0.304840087890625 -0.01141357421875 0.0976791381835937 -0.002166748046875
-0.2398681640625 -0.17840576171875 0.099151611328125 0.096160888671875
-0.146240234375 -0.317901611328125 0.041900634765625 0.16485595703125
-0.1309814453125 -0.320037841796875 0.00994873046875 -0.103324890136719
-0.2135009765625 -0.216323852539063 -0.0268020629882813 -0.0511283874511719
-0.314361572265625 -0.0281982421875 -0.0225677490234375 0.0119419097900391
-0.206008911132813 0.145355224609375 0.00188398361206053 -0.00554227828979491
-0.0585479736328125 0.225906372070313 -0.0289974212646484 -0.0186004638671875
0.0940093994140625 0.1756591796875 -0.0322532653808594 -0.0258102416992187
0.160186767578125 0.109786987304688 -0.0397567749023437 -0.0141754150390625
0.168975830078125 0.130477905273438 -0.0543899536132812 -0.00423049926757811
0.1829833984375 0.110610961914063 -0.0471572875976562 -0.00403213500976563
0.111434936523438 0.15667724609375 -0.0506973266601562 -0.0400276184082031
0.00599670410156249 0.216110229492188 -0.0392265319824219 -0.0591163635253906
-0.150634765625 0.193084716796875 0.0386962890625 -0.063720703125
-0.297454833984375 -0.00814819335937497 0.0804595947265625 -0.0165023803710938
-0.2369384765625 -0.171890258789063 0.0469207763671875 0.06591796875
-0.1541748046875 -0.31573486328125 0.00631713867187499 0.0666275024414062
-0.126052856445313 -0.269119262695313 -0.0253753662109375 -0.2005615234375
-0.192459106445312 -0.17510986328125 -0.0774459838867188 -0.0982208251953125
-0.264190673828125 -0.01690673828125 -0.0309238433837891 -0.000333786010742189
-0.167404174804688 0.122879028320312 0.00550460815429686 -0.0300655364990234
-0.051422119140625 0.186996459960938 -0.02862548828125 -0.0607795715332031
0.0727081298828125 0.152374267578125 -0.0643157958984375 -0.0768814086914062
0.127578735351563 0.100685119628906 -0.10467529296875 -0.0465240478515625
0.136238098144531 0.117301940917969 -0.117286682128906 -0.0275344848632812
0.148086547851563 0.103500366210938 -0.109901428222656 -0.0300369262695312
0.0816192626953125 0.133750915527344 -0.0919876098632813 -0.0762786865234375
-0.00592041015625002 0.173797607421875 -0.052581787109375 -0.0903472900390625
-0.127426147460938 0.1456298828125 0.0276947021484375 -0.081787109375
-0.237930297851563 -0.01824951171875 0.0603713989257812 -0.0225448608398437
-0.186630249023438 -0.144256591796875 -0.00444030761718751 0.0354728698730469
-0.131820678710938 -0.266265869140625 -0.0278644561767578 -0.0265045166015625
-0.100982666015625 -0.175582885742188 -0.0598602294921875 -0.277984619140625
-0.136940002441406 -0.103431701660156 -0.120780944824219 -0.137290954589844
-0.16522216796875 -0.00395202636718748 -0.0427665710449219 -0.0141944885253906
-0.0977554321289063 0.0759124755859375 0.000797271728515623 -0.0455513000488281
-0.0349197387695313 0.11346435546875 -0.026275634765625 -0.0873260498046875
0.0398330688476562 0.1026611328125 -0.0862579345703125 -0.112220764160156
0.07464599609375 0.0736236572265625 -0.151458740234375 -0.0699615478515625
0.0825042724609375 0.0849990844726563 -0.163131713867188 -0.0465240478515625
0.0899505615234375 0.081939697265625 -0.155303955078125 -0.05352783203125
0.037384033203125 0.0943450927734375 -0.115440368652344 -0.10400390625
-0.0203018188476563 0.107612609863281 -0.0510711669921875 -0.110786437988281
-0.0892868041992188 0.0746383666992188 0.0218276977539062 -0.0892715454101563
-0.144500732421875 -0.02874755859375 0.0432281494140625 -0.0217781066894531
-0.107795715332031 -0.0975494384765625 -0.042144775390625 0.00815963745117186
-0.0888519287109375 -0.1778564453125 -0.052398681640625 -0.100868225097656
-0.0576171875 -0.0546951293945312 -0.089385986328125 -0.323638916015625
-0.0604324340820312 -0.0181465148925781 -0.153518676757813 -0.162094116210937
-0.0447883605957031 0.00823593139648438 -0.057403564453125 -0.0242385864257813
-0.0171318054199219 0.0190029144287109 -0.0105781555175781 -0.0477714538574219
-0.0146751403808594 0.0257015228271484 -0.0218353271484375 -0.094512939453125
0.00106048583984375 0.0380592346191406 -0.0941314697265625 -0.125381469726562
0.009918212890625 0.0363883972167969 -0.175979614257813 -0.080780029296875
0.0159645080566406 0.0398216247558594 -0.184417724609375 -0.0583038330078125
0.0200462341308594 0.0478324890136719 -0.176895141601563 -0.0703582763671875
-0.00814437866210938 0.0412712097167969 -0.118972778320312 -0.119949340820313
-0.0267257690429687 0.0305633544921875 -0.0373611450195312 -0.118408203125
-0.0366668701171875 0.00514984130859375 0.020751953125 -0.0859298706054688
-0.0395774841308594 -0.0257911682128906 0.0317401885986328 -0.0170154571533203
-0.0248832702636719 -0.0339813232421875 -0.0612411499023438 -0.013885498046875
-0.0395393371582031 -0.0647544860839844 -0.0635833740234375 -0.1475830078125
-0.00772857666015625 -0.074493408203125 0.0989532470703125 0.161651611328125
-0.0415573120117188 -0.0451622009277344 0.0941848754882813 0.0403213500976563
-0.0661888122558594 0.00818634033203124 -0.0232257843017578 0.00733566284179687
-0.0350303649902344 0.0484199523925781 -0.0346946716308594 0.0667304992675781
0.0190238952636719 0.0511627197265625 0.00197601318359375 0.115806579589844
0.0441741943359375 0.0121345520019531 0.0944442749023437 0.1285400390625
0.0521926879882813 -0.00427627563476563 0.17498779296875 0.07135009765625
0.0502967834472656 0.00832366943359375 0.17791748046875 0.0554656982421875
0.0477523803710938 -0.000774383544921875 0.171966552734375 0.0724639892578125
0.0412750244140625 0.0286293029785156 0.108993530273438 0.108604431152344
0.00785064697265626 0.0557746887207031 0.0341720581054688 0.0836029052734375
-0.0467872619628906 0.0520477294921875 0.0379142761230469 0.0450210571289063
-0.0671501159667969 -0.0197257995605469 0.083343505859375 0.0379562377929688
-0.03704833984375 -0.0479621887207031 0.152679443359375 0.139663696289063
-0.000461578369140622 -0.059600830078125 0.081268310546875 0.33721923828125
-0.0558929443359375 -0.180633544921875 0.090484619140625 0.136627197265625
-0.106010437011719 -0.115699768066406 0.0858535766601563 0.0391845703125
-0.163070678710938 -0.00604248046875002 -0.0165796279907227 0.0109214782714844
-0.10205078125 0.0889892578125 -0.0286712646484375 0.0534324645996094
-0.00143432617187501 0.124015808105469 -0.0121002197265625 0.09893798828125
0.0763702392578125 0.0729827880859375 0.0710830688476563 0.112571716308594
0.110603332519531 0.03460693359375 0.145370483398438 0.0635833740234375
0.112777709960937 0.0553817749023438 0.143295288085937 0.048858642578125
0.114601135253906 0.0404891967773438 0.142684936523438 0.0612945556640625
0.0790634155273438 0.0858383178710938 0.0863876342773437 0.082122802734375
0.00632476806640626 0.131095886230469 0.0237350463867188 0.0575599670410156
-0.102142333984375 0.117073059082031 0.0503578186035156 0.0230064392089844
-0.17364501953125 -0.0248870849609375 0.0986404418945312 0.0285797119140625
-0.122344970703125 -0.114448547363281 0.155319213867188 0.136337280273438
-0.061187744140625 -0.17718505859375 0.085235595703125 0.310516357421875
-0.0968170166015625 -0.266738891601563 0.0713119506835938 0.0790786743164063
-0.162353515625 -0.175827026367188 0.0612297058105469 0.023040771484375
-0.247406005859375 -0.0188140869140625 -0.0127897262573242 0.0163192749023438
-0.160202026367188 0.123245239257813 -0.0176162719726563 0.0382041931152344
-0.0256500244140625 0.185760498046875 -0.0208892822265625 0.0704803466796875
0.0975799560546875 0.127166748046875 0.040863037109375 0.0796737670898438
0.152999877929688 0.0701751708984375 0.094940185546875 0.0458526611328125
0.159652709960938 0.093902587890625 0.087677001953125 0.0367889404296875
0.16583251953125 0.07470703125 0.0920486450195313 0.0431137084960938
0.109031677246094 0.129226684570313 0.0495452880859375 0.0446052551269531
0.010955810546875 0.1900634765625 0.0065155029296875 0.021484375
-0.137680053710938 0.173934936523437 0.0560569763183594 -0.00634002685546874
-0.259521484375 -0.01483154296875 0.104248046875 0.012786865234375
-0.199356079101563 -0.156112670898437 0.139274597167969 0.119766235351562
-0.118682861328125 -0.266525268554688 0.0733795166015625 0.250198364257813
-0.12652587890625 -0.316253662109375 0.0429763793945312 -0.00426483154296877
-0.205474853515625 -0.211166381835937 0.0222969055175781 -0.00811767578125001
-0.3056640625 -0.022216796875 -0.0145769119262696 0.017521858215332
-0.198883056640625 0.148101806640625 -0.00592041015625001 0.0194206237792969
-0.043701171875 0.224807739257812 -0.0262565612792969 0.0304641723632813
0.105789184570313 0.163665771484375 0.00496292114257813 0.0311698913574219
0.171722412109375 0.0957794189453125 0.0292320251464844 0.0180873870849609
0.18182373046875 0.118789672851562 0.0188446044921875 0.0188674926757813
0.191970825195312 0.0955810546875 0.0257835388183594 0.0207061767578125
0.124298095703125 0.15191650390625 0.00044441223144532 0.00272035598754884
0.0157928466796875 0.221511840820313 -0.0168666839599609 -0.0187282562255859
-0.150955200195313 0.2069091796875 0.0509109497070313 -0.0383186340332031
-0.3062744140625 -0.000762939453124969 0.09722900390625 -0.00438690185546875
-0.24517822265625 -0.171920776367188 0.101463317871094 0.0945053100585937
-0.155792236328125 -0.3135986328125 0.0456085205078125 0.163848876953125
-0.139129638671875 -0.316986083984375 0.0076904296875 -0.102867126464844
-0.220199584960938 -0.210647583007813 -0.0283012390136719 -0.0505790710449219
-0.31622314453125 -0.0174560546875 -0.020742416381836 0.0125045776367187
-0.201766967773438 0.151962280273437 0.00318956375122069 -0.00534057617187499
-0.0506134033203125 0.228042602539063 -0.0288887023925781 -0.01702880859375
0.099029541015625 0.1728515625 -0.0335464477539062 -0.0246067047119141
0.163345336914062 0.105300903320312 -0.04144287109375 -0.0136528015136719
0.175872802734375 0.125442504882813 -0.0533180236816406 -0.00207138061523436
0.187118530273438 0.104537963867188 -0.0452156066894531 -0.00284576416015624
0.115768432617188 0.153076171875 -0.0517768859863281 -0.0373802185058594
0.0121002197265625 0.215988159179688 -0.0404701232910156 -0.0569038391113281
-0.145172119140625 0.198318481445313 0.0379219055175781 -0.0660781860351562
-0.2987060546875 0.00125122070312498 0.0794906616210937 -0.017242431640625
-0.242630004882813 -0.166000366210938 0.0490875244140625 0.0654640197753906
-0.16363525390625 -0.3115234375 0.00831985473632811 0.0666313171386719
-0.133316040039062 -0.267471313476563 -0.0308837890625 -0.199539184570313
-0.198562622070313 -0.17041015625 -0.0807723999023438 -0.0958023071289063
-0.265869140625 -0.00765991210937502 -0.0300617218017578 0.000835418701171879
-0.16387939453125 0.127609252929688 0.00591278076171874 -0.0293045043945312
-0.044891357421875 0.188812255859375 -0.0297889709472656 -0.0598983764648437
0.0771331787109375 0.150588989257813 -0.06793212890625 -0.075286865234375
0.130668640136719 0.0971298217773438 -0.106834411621094 -0.0428695678710937
0.142074584960938 0.112655639648438 -0.118057250976563 -0.0227813720703125
0.152420043945313 0.0980377197265625 -0.109619140625 -0.026214599609375
0.0849533081054688 0.131599426269531 -0.094635009765625 -0.072479248046875
-0.000488281250000013 0.174606323242188 -0.0550384521484375 -0.0879669189453125
-0.122787475585938 0.1500244140625 0.0258941650390625 -0.0837020874023437
-0.239486694335938 -0.00976562499999997 0.0597267150878906 -0.0231437683105469
-0.190811157226562 -0.139678955078125 -0.00254058837890627 0.0367279052734375
-0.13995361328125 -0.2626953125 -0.0278663635253906 -0.0255908966064453
-0.1064453125 -0.17413330078125 -0.0672149658203125 -0.275924682617188
-0.14105224609375 -0.100189208984375 -0.125152587890625 -0.133407592773437
-0.166671752929688 0.00151062011718747 -0.0428886413574219 -0.0128440856933594
-0.0964584350585938 0.079010009765625 0.000953674316406244 -0.0451316833496094
-0.0309219360351563 0.115341186523437 -0.0278244018554688 -0.0874176025390625
0.0435562133789063 0.101692199707031 -0.090789794921875 -0.110931396484375
0.0764389038085938 0.0726699829101563 -0.1556396484375 -0.0645599365234375
0.0867691040039063 0.0821151733398438 -0.164566040039062 -0.039703369140625
0.0936660766601563 0.0783157348632813 -0.1566162109375 -0.04718017578125
0.039703369140625 0.093475341796875 -0.118942260742188 -0.10009765625
-0.017120361328125 0.108200073242188 -0.0537872314453125 -0.109413146972656
-0.0864715576171875 0.078094482421875 0.019317626953125 -0.0895156860351563
-0.145721435546875 -0.0240478515625 0.0428504943847656 -0.0220375061035156
-0.110610961914062 -0.0950698852539062 -0.0405845642089844 0.010955810546875
-0.0942840576171875 -0.175888061523437 -0.0540847778320312 -0.0998001098632813
-0.0597801208496094 -0.0540962219238281 -0.096221923828125 -0.3193359375
-0.0615348815917969 -0.0168647766113281 -0.158523559570313 -0.156326293945313
-0.0460472106933594 0.0104866027832031 -0.0579986572265625 -0.0225028991699219
-0.0169486999511719 0.0197277069091797 -0.0110092163085938 -0.0463790893554688
-0.0134429931640625 0.0269374847412109 -0.0235214233398438 -0.0947418212890625
0.00283432006835937 0.0384025573730469 -0.0995330810546875 -0.124008178710938
0.0113105773925781 0.0365066528320313 -0.179595947265625 -0.074554443359375
0.0180130004882812 0.0395660400390625 -0.186767578125 -0.0507354736328125
0.0223846435546875 0.0465583801269531 -0.179244995117188 -0.06353759765625
-0.00566864013671875 0.0417442321777344 -0.122756958007813 -0.116195678710937
-0.0256385803222656 0.0313358306884766 -0.0405120849609375 -0.117874145507813
-0.0368194580078125 0.00635528564453125 0.0182647705078125 -0.085968017578125
-0.0405235290527344 -0.0241012573242187 0.0316352844238281 -0.0170879364013672
-0.0263328552246094 -0.0340766906738281 -0.0605697631835938 -0.0115394592285156
-0.0414657592773438 -0.0638275146484375 -0.0657958984375 -0.146148681640625
-0.00818634033203126 -0.0738372802734375 0.100738525390625 0.162246704101563
-0.0414581298828125 -0.044891357421875 0.0957870483398438 0.0378646850585938
-0.0658683776855469 0.00838088989257813 -0.0223293304443359 0.00660324096679687
-0.0350303649902344 0.048828125 -0.0349044799804687 0.0666427612304688
0.0198745727539063 0.0505523681640625 0.0028076171875 0.117767333984375
0.0435829162597656 0.0112075805664063 0.0976104736328125 0.129341125488281
0.0524826049804688 -0.00464630126953125 0.178802490234375 0.06878662109375
0.0512046813964844 0.0080718994140625 0.181228637695312 0.05194091796875
0.0474395751953125 -0.0007171630859375 0.175445556640625 0.06951904296875
0.0415878295898438 0.0276870727539063 0.111953735351563 0.108139038085938
0.009002685546875 0.0562553405761719 0.035400390625 0.0859298706054688
-0.0462417602539062 0.0536155700683594 0.0387611389160156 0.0442695617675781
-0.0678520202636719 -0.0186195373535156 0.0836029052734375 0.0363693237304688
-0.0366592407226563 -0.0473289489746094 0.15325927734375 0.138565063476563
-0.000965118408203122 -0.0596275329589844 0.0830078125 0.338043212890625
-0.0574951171875 -0.180435180664063 0.0915756225585938 0.136726379394531
-0.107284545898438 -0.115089416503906 0.0866317749023438 0.0372695922851562
-0.1636962890625 -0.0040283203125 -0.0151491165161133 0.0108413696289062
-0.101097106933594 0.0900726318359375 -0.0282173156738281 0.0532035827636719
-0.000267028808593763 0.124053955078125 -0.0110397338867187 0.101142883300781
0.0767745971679688 0.0716552734375 0.0741729736328125 0.113082885742188
0.11138916015625 0.0333633422851562 0.148025512695313 0.0616607666015625
0.116081237792969 0.0536346435546875 0.146331787109375 0.0463409423828125
0.115631103515625 0.03973388671875 0.146530151367188 0.058563232421875
0.0798263549804688 0.0851974487304687 0.08892822265625 0.0815277099609375
0.00822448730468751 0.132492065429688 0.0250282287597656 0.0593147277832031
-0.101249694824219 0.120040893554687 0.0510101318359375 0.0215682983398438
-0.175750732421875 -0.022216796875 0.0985031127929687 0.0271377563476562
-0.124465942382812 -0.113975524902344 0.156845092773438 0.136123657226563
-0.0639190673828125 -0.177642822265625 0.086639404296875 0.3123779296875
-0.0994873046875 -0.267242431640625 0.0720977783203125 0.0791702270507812
-0.1650390625 -0.1749267578125 0.0622100830078125 0.0213699340820312
-0.249404907226562 -0.0155944824218751 -0.011526107788086 0.0159969329833984
-0.160202026367188 0.125518798828125 -0.0168304443359375 0.0381698608398438
-0.0232086181640625 0.186553955078125 -0.0207672119140625 0.0724945068359375
0.0985260009765625 0.126113891601563 0.0429763793945313 0.0803909301757813
0.154693603515625 0.0687408447265625 0.096649169921875 0.0445098876953125
0.164459228515625 0.0925140380859375 0.0901412963867188 0.0348358154296875
0.16876220703125 0.07244873046875 0.0951995849609375 0.0413436889648438
0.111061096191406 0.128128051757813 0.0510940551757813 0.0444908142089844
0.0137481689453125 0.192092895507812 0.00750732421875 0.0233478546142578
-0.13616943359375 0.177841186523438 0.0564994812011719 -0.00807952880859374
-0.262786865234375 -0.010406494140625 0.104255676269531 0.0118789672851563
-0.202316284179688 -0.156326293945312 0.141143798828125 0.120147705078125
-0.122726440429688 -0.267044067382812 0.0750579833984375 0.252059936523438
-0.130706787109375 -0.317169189453125 0.0436172485351562 -0.00437545776367189
-0.209121704101563 -0.210159301757812 0.0215129852294922 -0.00937271118164064
-0.308135986328125 -0.0176086425781251 -0.0126724243164063 0.0178928375244141
-0.1988525390625 0.150390625 -0.00434494018554689 0.0189037322998047
-0.0403900146484375 0.227691650390625 -0.0258121490478516 0.0316486358642578
0.107635498046875 0.163619995117188 0.00554847717285157 0.032125473022461
0.173843383789063 0.0941925048828125 0.0296077728271484 0.0180873870849609
0.187332153320313 0.11676025390625 0.0203189849853516 0.0183258056640625
0.195556640625 0.0937652587890625 0.0283088684082031 0.0192432403564453
0.1260986328125 0.151138305664063 0.000535726547241219 0.00336575508117677
0.0191192626953125 0.223526000976563 -0.0164594650268555 -0.0172739028930664
-0.150100708007812 0.211318969726563 0.0508880615234375 -0.0406417846679687
-0.309112548828125 0.00387573242187502 0.0971527099609375 -0.00481414794921875
-0.248687744140625 -0.171524047851562 0.102935791015625 0.0947647094726562
-0.160400390625 -0.314117431640625 0.0473785400390625 0.164993286132812
-0.144622802734375 -0.318695068359375 0.00717163085937499 -0.103340148925781
-0.224624633789063 -0.209762573242188 -0.0299568176269531 -0.0509757995605469
-0.318817138671875 -0.0120849609375 -0.0192489624023438 0.0132656097412109
-0.202590942382813 0.154937744140625 0.00477266311645507 -0.00515556335449218
-0.04718017578125 0.230743408203125 -0.0287113189697266 -0.0158824920654297
0.100967407226563 0.172882080078125 -0.034698486328125 -0.024118423461914
0.166488647460938 0.104995727539063 -0.0429840087890625 -0.0125808715820312
0.180740356445313 0.123855590820313 -0.0534477233886719 -0.00125503540039062
0.19061279296875 0.101486206054688 -0.0443038940429687 -0.00278472900390625
0.117538452148438 0.152450561523438 -0.0529327392578125 -0.0363960266113281
0.0151519775390625 0.218002319335938 -0.0408287048339844 -0.0557861328125
-0.14434814453125 0.201858520507813 0.037933349609375 -0.068511962890625
-0.301361083984375 0.00637817382812497 0.0798416137695312 -0.0175628662109375
-0.246414184570313 -0.164825439453125 0.0507965087890625 0.0667610168457031
-0.16845703125 -0.313018798828125 0.00972747802734373 0.0673027038574219
-0.138076782226563 -0.269638061523438 -0.0322113037109375 -0.200149536132813
-0.202346801757813 -0.169891357421875 -0.08306884765625 -0.0956878662109375
-0.269363403320313 -0.00306701660156251 -0.0298576354980469 0.00177574157714843
-0.164901733398437 0.13031005859375 0.00739479064941406 -0.0294589996337891
-0.0420379638671875 0.191192626953125 -0.0300636291503906 -0.0601348876953125
0.0796356201171875 0.150833129882813 -0.0702896118164063 -0.07562255859375
0.132499694824219 0.0973663330078125 -0.109611511230469 -0.041290283203125
0.146652221679688 0.111465454101563 -0.118843078613281 -0.0204544067382812
0.155532836914063 0.0963592529296875 -0.109687805175781 -0.0247268676757812
0.0867691040039063 0.131935119628906 -0.0966033935546875 -0.0711593627929687
0.0018310546875 0.176422119140625 -0.055511474609375 -0.087371826171875
-0.122528076171875 0.1529541015625 0.0253219604492187 -0.0857315063476562
-0.242095947265625 -0.00587463378906246 0.0597419738769531 -0.0227317810058594
-0.19464111328125 -0.139297485351562 -0.00130081176757814 0.0387611389160156
-0.14385986328125 -0.263870239257812 -0.0273838043212891 -0.0259761810302735
-0.1087646484375 -0.1756591796875 -0.069305419921875 -0.276565551757813
-0.143386840820312 -0.09967041015625 -0.128494262695313 -0.132247924804688
-0.168624877929687 0.00489807128906247 -0.0424919128417969 -0.011566162109375
-0.0971221923828125 0.0802841186523438 0.00167083740234374 -0.0450477600097656
-0.02923583984375 0.117660522460938 -0.0287017822265625 -0.0885772705078125
0.0453948974609375 0.102630615234375 -0.0943145751953125 -0.11126708984375
0.0785675048828125 0.0730209350585938 -0.159194946289063 -0.062042236328125
0.089935302734375 0.0815811157226563 -0.166671752929688 -0.0363922119140625
0.095947265625 0.0771026611328125 -0.157913208007813 -0.0450592041015625
0.0414886474609375 0.09356689453125 -0.121253967285156 -0.0982284545898438
-0.015411376953125 0.109359741210937 -0.0550460815429687 -0.10931396484375
-0.0868377685546875 0.0803985595703125 0.0187530517578125 -0.0908966064453125
-0.148086547851562 -0.0209808349609375 0.0431861877441406 -0.0213241577148438
-0.113311767578125 -0.0951614379882813 -0.0394096374511719 0.0127067565917969
-0.09686279296875 -0.1768798828125 -0.0533065795898437 -0.10040283203125
-0.0608558654785156 -0.055755615234375 -0.09881591796875 -0.320159912109375
-0.0621719360351563 -0.0172615051269531 -0.161834716796875 -0.154693603515625
-0.0474739074707031 0.0115013122558594 -0.0587043762207031 -0.0216293334960937
-0.0180740356445313 0.0201301574707031 -0.0104560852050781 -0.0463333129882812
-0.0133686065673828 0.0278797149658203 -0.0248336791992187 -0.09649658203125
0.00389862060546875 0.0391120910644531 -0.103294372558594 -0.124794006347656
0.0119743347167969 0.0377883911132813 -0.183761596679688 -0.0712738037109375
0.0191497802734375 0.0396499633789062 -0.189376831054687 -0.04718017578125
0.0240669250488281 0.0462226867675781 -0.181442260742188 -0.060455322265625
-0.00549697875976562 0.0430068969726563 -0.126144409179688 -0.114303588867187
-0.0256481170654297 0.0322113037109375 -0.0417327880859375 -0.118659973144531
-0.0366592407226563 0.00684738159179687 0.0175628662109375 -0.0862808227539063
-0.0418548583984375 -0.0229377746582031 0.0322742462158203 -0.0163440704345703
-0.0278301239013672 -0.0339546203613281 -0.0596351623535156 -0.00979995727539063
-0.0426101684570313 -0.0646553039550781 -0.065521240234375 -0.147308349609375
-0.00792694091796874 -0.0739364624023438 0.103424072265625 0.166915893554688
-0.042144775390625 -0.0455169677734375 0.0981063842773438 0.0376205444335938
-0.0669708251953125 0.00844192504882813 -0.0225963592529297 0.00631141662597656
-0.0354766845703125 0.0501670837402344 -0.0356254577636719 0.0681571960449219
0.0202178955078125 0.0511856079101562 0.0037994384765625 0.122444152832031
0.0437240600585938 0.0105247497558594 0.102340698242188 0.133636474609375
0.0528755187988281 -0.00543594360351563 0.184585571289063 0.0682373046875
0.0526275634765625 0.00787353515625 0.187088012695313 0.0503387451171875
0.0487823486328125 -0.0009613037109375 0.182083129882813 0.06915283203125
0.0424575805664063 0.0287361145019531 0.117630004882812 0.110687255859375
0.00987243652343749 0.0577545166015625 0.0371551513671875 0.0896072387695313
-0.0464820861816406 0.0557899475097656 0.039459228515625 0.0446701049804688
-0.0699348449707031 -0.0183143615722656 0.0840682983398438 0.0363006591796875
-0.0367698669433594 -0.0480117797851563 0.156524658203125 0.141586303710938
-0.0016937255859375 -0.059814453125 0.084136962890625 0.347381591796875
-0.05950927734375 -0.183837890625 0.0937728881835938 0.1402587890625
-0.110000610351563 -0.11767578125 0.0886459350585937 0.0362319946289062
-0.167617797851563 -0.002532958984375 -0.0145530700683594 0.0105133056640625
-0.103233337402344 0.0931854248046875 -0.0286064147949219 0.0540771484375
0.000694274902343737 0.126380920410156 -0.0108413696289063 0.105033874511719
0.0777130126953125 0.0721893310546875 0.0778884887695312 0.11712646484375
0.114173889160156 0.03302001953125 0.152816772460938 0.0613555908203125
0.121017456054688 0.05450439453125 0.151931762695313 0.045135498046875
0.119194030761719 0.0403289794921875 0.152740478515625 0.057159423828125
0.0821380615234375 0.0870285034179687 0.093719482421875 0.0835952758789063
0.00916290283203125 0.136680603027344 0.0261459350585938 0.0627021789550781
-0.103164672851563 0.124557495117188 0.0526847839355469 0.0208778381347656
-0.18096923828125 -0.021575927734375 0.0997772216796875 0.0268630981445313
-0.127662658691406 -0.116104125976563 0.160659790039062 0.139114379882813
-0.06646728515625 -0.181808471679688 0.08831787109375 0.322052001953125
-0.103271484375 -0.273605346679688 0.0737762451171875 0.0811843872070312
-0.170166015625 -0.178115844726563 0.0633735656738281 0.0206069946289062
-0.255050659179688 -0.0128326416015625 -0.0101308822631836 0.0155887603759766
-0.164215087890625 0.129684448242188 -0.0161323547363281 0.0389328002929688
-0.021575927734375 0.191299438476563 -0.0203933715820313 0.07598876953125
0.100936889648438 0.128692626953125 0.0455551147460938 0.0833816528320313
0.158920288085938 0.0691680908203125 0.0994415283203125 0.0445175170898438
0.17138671875 0.09283447265625 0.0936813354492188 0.0342864990234375
0.173843383789063 0.0731964111328125 0.0998077392578125 0.0391845703125
0.113876342773438 0.131004333496094 0.0540008544921875 0.0459480285644531
0.0155792236328125 0.197952270507813 0.00854682922363282 0.0254707336425781
-0.139297485351563 0.184783935546875 0.0580291748046875 -0.0101852416992187
-0.270355224609375 -0.00889587402343747 0.105812072753906 0.0118408203125
-0.208343505859375 -0.159683227539063 0.144561767578125 0.123077392578125
-0.127700805664063 -0.273956298828125 0.0773773193359375 0.258895874023437
-0.13592529296875 -0.3251953125 0.0442161560058594 -0.00409317016601564
-0.215301513671875 -0.213623046875 0.0215187072753906 -0.0104084014892578
-0.31640625 -0.013336181640625 -0.011749267578125 0.0179595947265625
-0.2041015625 0.156036376953125 -0.00341224670410158 0.0188694000244141
-0.03924560546875 0.233489990234375 -0.0260791778564453 0.0342292785644531
0.1104736328125 0.166915893554688 0.00548553466796876 0.0337448120117188
0.17913818359375 0.0955810546875 0.0305290222167969 0.0184535980224609
0.195281982421875 0.117752075195313 0.0215244293212891 0.0181159973144531
0.202255249023438 0.0948638916015625 0.0304431915283203 0.0182437896728516
0.129486083984375 0.15484619140625 0.00145769119262696 0.00408101081848145
0.02117919921875 0.23046875 -0.016077995300293 -0.0157365798950195
-0.1531982421875 0.219024658203125 0.0522613525390625 -0.04376220703125
-0.317962646484375 0.00704956054687506 0.0987014770507812 -0.004730224609375
-0.256607055664063 -0.17578125 0.106056213378906 0.09808349609375
-0.16644287109375 -0.323455810546875 0.0491180419921875 0.169540405273438
-0.150390625 -0.327545166015625 0.00662231445312499 -0.105812072753906
-0.231903076171875 -0.214111328125 -0.0315399169921875 -0.0527381896972656
-0.3282470703125 -0.00817871093750002 -0.01812744140625 0.0134124755859375
-0.207794189453125 0.160385131835937 0.00649785995483397 -0.00553846359252929
-0.045928955078125 0.23760986328125 -0.0298175811767578 -0.0156841278076172
0.104202270507813 0.177780151367188 -0.0363960266113281 -0.023956298828125
0.171493530273437 0.10699462890625 -0.0449867248535156 -0.0120429992675781
0.189666748046875 0.124588012695313 -0.0542526245117187 -0.000816345214843754
0.196868896484375 0.102462768554688 -0.0444145202636719 -0.00368881225585936
0.121170043945313 0.155960083007813 -0.054046630859375 -0.0364761352539062
0.018218994140625 0.224365234375 -0.0415000915527344 -0.0558662414550781
-0.147430419921875 0.209365844726563 0.0385284423828125 -0.0716323852539062
-0.31060791015625 0.01025390625 0.0815582275390625 -0.0173568725585938
-0.253677368164062 -0.168777465820313 0.0532417297363281 0.0697975158691406
-0.174102783203125 -0.321990966796875 0.0103225708007812 0.0689544677734375
-0.143661499023438 -0.276947021484375 -0.0338287353515625 -0.205123901367188
-0.208786010742188 -0.173309326171875 -0.086578369140625 -0.09674072265625
-0.276535034179688 0.00112915039062497 -0.0290927886962891 0.00214767456054688
-0.169189453125 0.135147094726562 0.00860023498535155 -0.0304622650146484
-0.04144287109375 0.197738647460938 -0.0313224792480469 -0.0610771179199219
0.0824737548828125 0.1553955078125 -0.0742416381835938 -0.0769577026367187
0.137847900390625 0.0991973876953125 -0.114112854003906 -0.0400161743164062
0.153533935546875 0.112319946289063 -0.121879577636719 -0.0194549560546875
0.161178588867188 0.096466064453125 -0.112266540527344 -0.0247344970703125
0.089508056640625 0.135124206542969 -0.099700927734375 -0.0718612670898438
0.00352478027343749 0.180831909179687 -0.0570144653320312 -0.0891571044921875
-0.125564575195313 0.158950805664063 0.0252685546875 -0.0892105102539062
-0.249282836914063 -0.00321960449218755 0.0612373352050781 -0.0227432250976563
-0.20098876953125 -0.142807006835938 0.000286102294921862 0.0408515930175781
-0.149429321289062 -0.271194458007813 -0.027334213256836 -0.0267982482910156
-0.113174438476562 -0.181808471679687 -0.07086181640625 -0.28271484375
-0.147964477539063 -0.1024169921875 -0.132987976074219 -0.134422302246094
-0.174179077148438 0.00769042968750002 -0.043212890625 -0.0114097595214844
-0.100166320800781 0.0832366943359375 0.00244522094726562 -0.0467376708984375
-0.0284652709960938 0.121429443359375 -0.029937744140625 -0.09149169921875
0.0476760864257813 0.105819702148438 -0.0994491577148438 -0.114105224609375
0.0816192626953125 0.0753631591796875 -0.164993286132813 -0.06060791015625
0.0944442749023437 0.0829696655273438 -0.171279907226563 -0.0346832275390625
0.100044250488281 0.07763671875 -0.16192626953125 -0.0445098876953125
0.04339599609375 0.0960540771484375 -0.125717163085937 -0.0994415283203125
-0.0154800415039063 0.112472534179688 -0.0569610595703125 -0.112236022949219
-0.0884552001953125 0.0832901000976562 0.0183944702148437 -0.0940933227539063
-0.152053833007813 -0.0198974609375 0.0451889038085937 -0.0210800170898437
-0.117607116699219 -0.0980758666992187 -0.0390853881835938 0.0146560668945312
-0.100631713867188 -0.1820068359375 -0.0538864135742187 -0.103927612304688
-0.0628814697265625 -0.0584793090820313 -0.10107421875 -0.3287353515625
-0.0639076232910156 -0.0180282592773437 -0.1666259765625 -0.157150268554687
-0.04852294921875 0.0126228332519531 -0.060516357421875 -0.0215682983398438
-0.0189895629882813 0.0206432342529297 -0.0101165771484375 -0.0477828979492188
-0.0130786895751953 0.0292720794677734 -0.0260391235351563 -0.0999374389648438
0.00478744506835937 0.0411415100097656 -0.109573364257813 -0.128318786621094
0.01312255859375 0.0396308898925781 -0.190414428710937 -0.0704803466796875
0.0201225280761719 0.040863037109375 -0.195053100585938 -0.0446014404296875
0.0253562927246094 0.0469207763671875 -0.186874389648438 -0.05950927734375
-0.00518417358398438 0.0442771911621094 -0.130340576171875 -0.116226196289063
-0.0260238647460937 0.0335903167724609 -0.0438156127929688 -0.122329711914063
-0.0383071899414063 0.00767898559570312 0.0168533325195312 -0.0880126953125
-0.0431137084960937 -0.0224800109863281 0.0340194702148438 -0.0162982940673828
-0.0293693542480469 -0.0355644226074219 -0.0597610473632812 -0.00896835327148438
-0.0447731018066406 -0.0670890808105469 -0.06683349609375 -0.15313720703125
-0.00919342041015625 -0.0764312744140625 0.11029052734375 0.172988891601563
-0.0442047119140625 -0.046630859375 0.102554321289063 0.0358657836914063
-0.0687370300292969 0.0100135803222656 -0.0230464935302734 0.00603866577148437
-0.0356597900390625 0.0527191162109375 -0.0357131958007813 0.0713577270507812
0.0216636657714844 0.0516929626464844 0.00655364990234376 0.128898620605469
0.0440864562988281 0.00999832153320313 0.110923767089844 0.13824462890625
0.0545120239257813 -0.00641632080078125 0.195083618164062 0.065582275390625
0.0557327270507812 0.006500244140625 0.197357177734375 0.046539306640625
0.0507850646972656 -0.001129150390625 0.192657470703125 0.066650390625
0.044464111328125 0.0280418395996094 0.1263427734375 0.113059997558594
0.0118980407714844 0.0597000122070312 0.041351318359375 0.0942230224609375
-0.0467033386230469 0.0595283508300781 0.0418586730957031 0.0451889038085938
-0.073486328125 -0.0167922973632813 0.08685302734375 0.0354690551757813
-0.0383872985839844 -0.0484695434570313 0.1641845703125 0.14434814453125
-0.00345611572265624 -0.0614509582519531 0.091461181640625 0.362701416015625
-0.065704345703125 -0.190048217773438 0.099517822265625 0.145217895507813
-0.116561889648438 -0.119239807128906 0.0924301147460937 0.0351181030273437
-0.17401123046875 0.000839233398437481 -0.0142650604248047 0.0102767944335937
-0.106307983398438 0.0987396240234375 -0.0282554626464844 0.056427001953125
0.00358581542968749 0.131385803222656 -0.00869750976562501 0.111549377441406
0.0808258056640625 0.073699951171875 0.0847396850585937 0.121391296386719
0.119491577148438 0.0321807861328125 0.161865234375 0.05999755859375
0.12841796875 0.0532379150390625 0.160568237304688 0.0418548583984375
0.125602722167969 0.0392532348632813 0.161758422851563 0.0549468994140625
0.0864486694335938 0.0887298583984375 0.10052490234375 0.085662841796875
0.013153076171875 0.14251708984375 0.0296592712402344 0.0664863586425782
-0.104988098144531 0.132980346679688 0.0551719665527344 0.01971435546875
-0.189483642578125 -0.0178985595703125 0.1025390625 0.0260772705078125
-0.135078430175781 -0.119224548339844 0.168838500976563 0.142410278320313
-0.073028564453125 -0.1885986328125 0.096282958984375 0.335357666015625
-0.11328125 -0.282989501953125 0.0774765014648438 0.0840301513671875
-0.180160522460937 -0.181640625 0.0652732849121094 0.0194435119628906
-0.265655517578125 -0.00683593749999996 -0.00934791564941408 0.0159578323364258
-0.168975830078125 0.137832641601563 -0.0158843994140625 0.0400581359863281
-0.0181427001953125 0.199050903320312 -0.019775390625 0.0811920166015625
0.106193542480469 0.13177490234375 0.0493621826171875 0.0869064331054688
0.166717529296875 0.0685577392578125 0.105491638183594 0.0437469482421875
0.183151245117188 0.092681884765625 0.099700927734375 0.0323715209960938
0.183563232421875 0.072540283203125 0.106559753417969 0.0369186401367188
0.120903015136719 0.134689331054688 0.0579795837402344 0.0472183227539063
0.0210113525390625 0.206283569335938 0.010528564453125 0.0282745361328125
-0.141189575195313 0.19708251953125 0.0599403381347656 -0.0135726928710937
-0.282501220703125 -0.00262451171874994 0.108924865722656 0.011016845703125
-0.220352172851563 -0.163330078125 0.152603149414063 0.126373291015625
-0.138214111328125 -0.284271240234375 0.08428955078125 0.26983642578125
-0.14801025390625 -0.3369140625 0.0449676513671875 -0.00460815429687502
-0.229080200195313 -0.219253540039063 0.0211296081542969 -0.0119495391845703
-0.33013916015625 -0.00543212890625006 -0.0106792449951172 0.0187873840332031
-0.210372924804688 0.166122436523438 -0.00248146057128908 0.0192394256591797
-0.03546142578125 0.244033813476562 -0.0263023376464844 0.0379981994628906
0.116897583007813 0.172454833984375 0.00695037841796876 0.03594970703125
0.188812255859375 0.09613037109375 0.0317325592041016 0.0185890197753906
0.209304809570313 0.117706298828125 0.0235347747802735 0.017730712890625
0.213470458984375 0.0930023193359375 0.0333576202392578 0.0168972015380859
0.137298583984375 0.158706665039063 0.00219440460205079 0.00482845306396485
0.027801513671875 0.240447998046875 -0.0161209106445313 -0.015019416809082
-0.155258178710938 0.233184814453125 0.0529632568359375 -0.0480232238769531
-0.3319091796875 0.0155029296875001 0.102462768554688 -0.0057525634765625
-0.270828247070313 -0.17919921875 0.113128662109375 0.101593017578125
-0.18048095703125 -0.3345947265625 0.053924560546875 0.176559448242187
-0.1636962890625 -0.339996337890625 0.00469970703124999 -0.109817504882813
-0.24652099609375 -0.218704223632813 -0.0349349975585938 -0.0543136596679688
-0.3421630859375 0.000732421875 -0.0176105499267578 0.0141944885253906
-0.2139892578125 0.17144775390625 0.00746536254882811 -0.0065479278564453
-0.0420379638671875 0.2491455078125 -0.0310459136962891 -0.0139217376708984
0.111709594726563 0.183380126953125 -0.0391349792480469 -0.0236778259277344
0.181564331054688 0.108200073242188 -0.0476799011230469 -0.0104446411132812
0.202728271484375 0.125411987304688 -0.0563507080078125 0.000694274902343753
0.20904541015625 0.101806640625 -0.0453376770019531 -0.00406646728515625
0.128860473632813 0.160110473632813 -0.0571022033691406 -0.0359764099121094
0.023956298828125 0.234649658203125 -0.043731689453125 -0.0564727783203125
-0.149276733398437 0.222946166992188 0.0377426147460937 -0.0774383544921875
-0.323760986328125 0.0181884765625 0.0842514038085938 -0.0182723999023438
-0.268447875976563 -0.172195434570312 0.0579910278320312 0.0726318359375
-0.1884765625 -0.3333740234375 0.0129165649414062 0.0709075927734375
-0.15643310546875 -0.2872314453125 -0.038543701171875 -0.212738037109375
-0.2215576171875 -0.176803588867187 -0.092437744140625 -0.0990753173828125
-0.28912353515625 0.00845336914062495 -0.0294971466064453 0.00297927856445312
-0.175872802734375 0.14404296875 0.00964164733886718 -0.0326328277587891
-0.0384063720703125 0.20751953125 -0.0340156555175781 -0.0626640319824219
0.089385986328125 0.161483764648438 -0.0802001953125 -0.0787277221679687
0.146255493164063 0.101516723632813 -0.120735168457031 -0.0378036499023437
0.164764404296875 0.113571166992188 -0.127403259277344 -0.0163726806640625
0.171035766601563 0.0966339111328125 -0.1170654296875 -0.0240325927734375
0.0955657958984375 0.139434814453125 -0.105461120605469 -0.0715560913085937
0.007476806640625 0.188949584960938 -0.0607681274414063 -0.0911331176757813
-0.12774658203125 0.16888427734375 0.0239028930664063 -0.0949859619140625
-0.2606201171875 0.00285339355468746 0.0642318725585937 -0.0232772827148437
-0.21319580078125 -0.145599365234375 0.00296783447265624 0.0439491271972656
-0.161346435546875 -0.281280517578125 -0.0272064208984375 -0.0283622741699219
-0.122573852539062 -0.18914794921875 -0.078033447265625 -0.29364013671875
-0.156341552734375 -0.104263305664062 -0.141433715820313 -0.136932373046875
-0.181610107421875 0.01275634765625 -0.0444259643554688 -0.0112037658691406
-0.103897094726563 0.0881576538085937 0.00275421142578124 -0.0488090515136719
-0.0270614624023438 0.128074645996094 -0.033050537109375 -0.0949630737304687
0.0525741577148437 0.110641479492188 -0.108627319335938 -0.11669921875
0.0875930786132813 0.0779953002929688 -0.174148559570313 -0.05810546875
0.10162353515625 0.0843963623046875 -0.179779052734375 -0.0308837890625
0.106590270996094 0.078094482421875 -0.169769287109375 -0.0422210693359375
0.0471343994140625 0.0999984741210938 -0.133842468261719 -0.10015869140625
-0.0131301879882813 0.117897033691406 -0.0615081787109375 -0.11572265625
-0.091644287109375 0.0888900756835938 0.0167922973632812 -0.098358154296875
-0.160140991210938 -0.01629638671875 0.0469894409179687 -0.0215301513671875
-0.124916076660156 -0.09979248046875 -0.0387840270996094 0.0166816711425781
-0.109329223632812 -0.188735961914062 -0.0566024780273437 -0.109489440917969
-0.0676383972167969 -0.0611572265625 -0.109405517578125 -0.339752197265625
-0.0668563842773438 -0.0178794860839844 -0.17669677734375 -0.1593017578125
-0.0508995056152344 0.014495849609375 -0.063232421875 -0.0206871032714844
-0.0203876495361328 0.0219249725341797 -0.011138916015625 -0.0491828918457031
-0.0125751495361328 0.0311965942382812 -0.0291366577148438 -0.104545593261719
0.00716018676757812 0.0432205200195313 -0.118522644042969 -0.132637023925781
0.0155677795410156 0.0416755676269531 -0.201248168945313 -0.067413330078125
0.0232200622558594 0.0424346923828125 -0.205245971679687 -0.0408477783203125
0.0280647277832031 0.048095703125 -0.197052001953125 -0.056640625
-0.00415420532226563 0.0470466613769531 -0.139381408691406 -0.117782592773438
-0.0263214111328125 0.0358352661132813 -0.0481338500976562 -0.127449035644531
-0.0404548645019531 0.00889205932617188 0.0158309936523437 -0.091766357421875
-0.0460586547851563 -0.022003173828125 0.0358428955078125 -0.0166549682617188
-0.0324325561523438 -0.0365715026855469 -0.0610122680664063 -0.00754928588867187
-0.0483932495117188 -0.0703811645507813 -0.0705413818359375 -0.16064453125
-0.0737131195685 0.0296164339669083 -0.0786683306240377 0.204190665644971
-0.021388915716133 0.0663855660018731 0.0318114541407071 0.115522172194885
0.0524240981471318 0.0516944219389909 -0.0120553226022297 -0.0367435350433688
0.0746587828628693 -0.013944140936416 -0.0948778162904135 -0.0130226987871223
0.0194413064256514 -0.0675811765530869 -0.127779286320618 0.0839978245568128
-0.0298322861024791 -0.0566418162785436 -0.0798610916395339 0.173783095897785
-0.0479184668209557 -0.0497237254742565 0.00238055285812148 0.220462245892951
-0.0465312695898567 -0.0471866577097133 0.0512723760103219 0.223399577163702
-0.0431076286745942 -0.0529792246819391 0.0166082041170176 0.218800196478822
-0.0161193702954093 -0.0583042444095907 -0.04414521988031 0.168137764882014
0.0354451745955541 -0.0561235267963557 -0.0776497529190932 0.0832420147734011
0.0801501009766546 -0.000597494702323124 -0.0217386098400301 0.0496368338289907
0.0370684199469143 0.0587813628043947 0.0254036300639242 0.087223600585463
-0.0226651689448796 0.0500289711225807 -0.03867391306309 0.221764736226817
-0.0539074858505418 0.0168542271076071 -0.230512732269419 0.300243478645613
-0.136154577083813 0.141449921438603 -0.0414832470252115 0.18037044927422
-0.033254058385133 0.174899768614462 0.0486407237422026 0.103009994067152
0.108151514037857 0.146503195533644 0.00298169254635075 -0.0491284641777366
0.16618771141969 0.0161180657554013 -0.0797701598405694 -0.0382714330743377
0.0945509196479118 -0.112900058419157 -0.132777026830102 0.0545524733452755
-0.000684423930237828 -0.124877774224093 -0.0895241213115111 0.142766539491083
-0.0454189699266494 -0.129996332271023 -0.0170357626064045 0.187830402343707
-0.0579798719905356 -0.13339846468382 0.029025833085658 0.189669125584037
-0.0504846762768125 -0.14295933144856 0.00462358468156851 0.186732068666541
0.00751019161864472 -0.131800107490279 -0.0435389320776255 0.129270786540721
0.0975100058274225 -0.113711778198077 -0.0649104701786318 0.0500202195710493
0.181226138314528 0.00594091368554243 0.00918510299914856 0.0328481847388528
0.12211841651054 0.139748222901894 0.0504813935823932 0.0870760701921048
-0.0186750799982408 0.16857293080191 -0.0215753807764713 0.227897853047044
-0.119485378429343 0.138351883780875 -0.198302424374558 0.300023317350687
-0.184044741372707 0.239076392139502 0.0168772419617698 0.127513061399972
-0.0398470618863564 0.269940194556112 0.068154340402738 0.0666720743219196
0.157444802836494 0.229159157245462 0.0122107427885626 -0.0615300071461319
0.246220210624196 0.0455203584665889 -0.0602158044908726 -0.0571356883626448
0.16325444013431 -0.145809492544552 -0.120501036953448 0.0213830385996878
0.0321980518811982 -0.178287276162481 -0.0840195718658249 0.0937298081007056
-0.0337309194545996 -0.192619443371097 -0.0330846765381432 0.126334047505636
-0.0608474173316617 -0.199253690118408 0.00218228628727157 0.127721260475596
-0.0532864531413513 -0.211570984960839 -0.0102197391006648 0.127295479930077
0.0244090955414057 -0.188364540886341 -0.0391821900169794 0.0704981979796632
0.141542531797143 -0.162729417041226 -0.0452834666009375 0.00654448458903625
0.261279681067467 -0.000538025544169817 0.0408297797281618 0.00724297622488778
0.201236157645669 0.192956793452343 0.0721806876344209 0.0759754864419274
-6.36775639588005E-05 0.262599821338629 -0.00408174931923644 0.207206324233925
-0.16163068545263 0.242460438109544 -0.146320150762024 0.261055334636585
-0.204225170661005 0.307974446219934 0.0864822643418325 0.0479354870800075
-0.0342423351338811 0.336813590773911 0.0877403278675336 0.00537570657395627
0.19712224408296 0.283155274979216 0.0161095098056327 -0.0764479952573356
0.301331147898005 0.063545033791333 -0.0357714720549076 -0.0698916509222262
0.211249095010865 -0.163040817793384 -0.0893023298126698 -0.0143859034752979
0.0599375694825701 -0.207751734207072 -0.063696474779251 0.0295421434721162
-0.0166448207253698 -0.227108756505305 -0.0419074396527219 0.0446077584509856
-0.0543075031281251 -0.235494041194099 -0.0252910247917618 0.0466680401013455
-0.048510294690401 -0.247300656359945 -0.0270345307484009 0.0488824078912171
0.0373588148548076 -0.216491748592421 -0.0340351295045232 -0.000825606793345394
0.162941290769938 -0.188875497972725 -0.0213068435689636 -0.044190169266164
0.303244085233216 -0.010007437113189 0.0681321036679389 -0.0228951877223203
0.250706505728616 0.215120515176522 0.084600585168084 0.0557772342038719
0.0209879355684951 0.313266966775727 0.00469908234619176 0.158783490224981
-0.17854884359244 0.306626676654953 -0.0855905032414462 0.185372790667132
-0.192669062728307 0.335111342534632 0.157980626519343 -0.0503733251955096
-0.0156228486258107 0.354220950479079 0.101844293688599 -0.0733088693307972
0.211194078855531 0.290413994132332 0.0161012596834739 -0.0891384019807966
0.308853927789052 0.0657139695741737 -0.00822882155796107 -0.0760429458785176
0.222230440846651 -0.157212976599951 -0.0437586151899722 -0.0509632070984278
0.0763923158253807 -0.204339246798556 -0.0315695100429323 -0.0422637822441587
0.00362097165688813 -0.226047452550138 -0.0439784400230468 -0.0457405291112208
-0.0385592088021622 -0.23515063738246 -0.0492139099406039 -0.0420143088082305
-0.0341114666268094 -0.245413241024801 -0.0423208205114389 -0.0365580882840442
0.0475681514569845 -0.209700622820068 -0.026658815046068 -0.0737281240019377
0.162120912631871 -0.179620953681002 0.00552177388888449 -0.0919704689642829
0.291085871883185 -0.00680960761135036 0.0882351777789954 -0.0502112477138496
0.24741342153109 0.208156057274615 0.0844969864894734 0.034474762814717
0.0280017987626447 0.309109922547042 0.00160234602325048 0.095145366632044
-0.169861783848921 0.317486648912397 -0.0262184321131096 0.0885538883064793
-0.146162119177275 0.31152005488518 0.216249586836845 -0.15163079721399
0.0091679650968441 0.310310677866434 0.106319987811953 -0.153006411518852
0.187141407839417 0.241637236297678 0.0124893068180749 -0.0957324187810798
0.256668661390236 0.0531611614858516 0.0192296063832386 -0.0736677657936333
0.188923269939102 -0.123757131427511 0.00767666205362941 -0.0800266286286566
0.0764909122418 -0.166921786430239 0.0043296764598274 -0.108317378347351
0.0210794850817752 -0.188335106821783 -0.0389663251847349 -0.130310256391767
-0.0168095240632467 -0.19904259612746 -0.0660119724504637 -0.123940472443984
-0.0108058295641305 -0.205603545909606 -0.0510387753653536 -0.11666499192904
0.0565770841612523 -0.167754501918101 -0.0140013236348302 -0.134744689903668
0.140053533950662 -0.133750219650532 0.0366082129189236 -0.12364636058213
0.231095835643365 0.0102344974950354 0.100075613173177 -0.0629332185630321
0.191635510135494 0.176158415106692 0.0738720406057159 0.0208548014395808
0.0178915332708981 0.251871058909057 -0.00768761905876145 0.0317740520725553
-0.140290597162625 0.274142811491083 0.0254682763635032 -0.00971319720933657
-0.0765989277409473 0.239427846079334 0.24936738984766 -0.238538520581419
0.0328587238849984 0.210265750803464 0.0972887483297077 -0.217861285048895
0.126999328315514 0.148044333496846 0.00391494901468953 -0.0931748877606267
0.155923041991613 0.0321211181443808 0.036444772387039 -0.0617621506034948
0.121642958415706 -0.0682919819147948 0.0513305514440299 -0.0948815481860504
0.0630774500725863 -0.100007623154222 0.0369930489070287 -0.155177709847093
0.0346748096340581 -0.12120378269463 -0.0291831545409463 -0.193358672299695
0.00760949438272541 -0.132144519361168 -0.0727560120256563 -0.187363336528392
0.0159022474288701 -0.135143461289248 -0.049831054119614 -0.178935765926912
0.059418384686056 -0.101597273158087 0.00658650523168842 -0.174026042123699
0.100998036626961 -0.0669834161528477 0.0689490610973658 -0.131641518621765
0.136880628701773 0.0297664158027783 0.104002613332613 -0.0566037814845702
0.104396089787474 0.122643229056003 0.0573296960910589 0.0175015607296191
0.0016458671074839 0.158096712676536 -0.0158053553126234 -0.0195908465454572
-0.0915185706640742 0.189269414657895 0.0657846666220099 -0.0920032478515764
0.00389166347727258 0.128642272498101 0.251068273159427 -0.296854732377918
0.0496956438753584 0.0797214003817814 0.0751343544286938 -0.259553888059523
0.0498508807640388 0.0356247251718958 -0.012607651877864 -0.0860464037541797
0.036890812223062 0.0065049639970644 0.0371379498150849 -0.0439032854716035
0.0380944548040636 -0.00447569434972637 0.0784560102183842 -0.0922113195864
0.0401036247260492 -0.0193034344975678 0.0591943852091468 -0.174726038687942
0.0426605528587168 -0.0344877549143611 -0.0164893152558395 -0.225389969653983
0.0313517874914674 -0.0448043867304023 -0.0683470833228403 -0.222354919000935
0.0376340102246895 -0.0463798526537874 -0.038582359733834 -0.214817312819654
0.0510821752622279 -0.0244645521310654 0.0294411606761863 -0.186014152908455
0.0474688530327828 0.00138398816963031 0.0965710756581884 -0.11795835301729
0.033148908980939 0.0351882245836338 0.0985973380968666 -0.0373638569744965
0.0172211643799436 0.0484015910884442 0.0394128743979104 0.0205217281682456
-0.00477604306336516 0.0491787157442834 -0.018721364189695 -0.0538527442730052
-0.0272529817923575 0.0823598613138945 0.090951486931879 -0.146747360051941
-0.0738023991066258 0.0336082618710464 -0.0708852551834222 0.213641957747613
-0.0182753130819547 0.0687391745391688 0.0393096765905533 0.115574143541727
0.0566475965546456 0.049677968504246 -0.0139800521453336 -0.0372886490243522
0.074852244895774 -0.0183313445921077 -0.0975415988813156 -0.00826687673187843
0.0158243211542881 -0.0698534147458486 -0.127158006069264 0.0946320614596899
-0.0329244557482097 -0.055389014850461 -0.0715035121313135 0.184605207052324
-0.0512203606459377 -0.0475483707236404 0.0171467903001774 0.225760323031463
-0.051117403710392 -0.0454846859268666 0.0680557693547412 0.225104118200651
-0.0476151534697177 -0.0522548502288737 0.0320625255180557 0.223315030400103
-0.0201945312734893 -0.0584926383726593 -0.0349284115243942 0.176390539988631
0.0325856986414532 -0.0599338052859629 -0.0754347250910171 0.091695154995026
0.0815783462656613 -0.00616929021841051 -0.0188514180684356 0.0511401592982726
0.0420298200335983 0.0579462828483629 0.0296396729659136 0.086156150976047
-0.0204558585692641 0.0521827998481962 -0.0291337914368344 0.227840818662772
-0.0531045434933745 0.0197451664662892 -0.221927838458381 0.321078993902546
-0.131829016763976 0.152361796326684 -0.0341126266493113 0.187482470466623
-0.0240364276062346 0.179724429583473 0.0550647612579151 0.101619448833491
0.11908215613344 0.142281322277146 0.000342200723195279 -0.0502950031885903
0.171143050436996 0.00722361152475672 -0.0838432690833031 -0.0351146239039664
0.0896986557659372 -0.120778305719541 -0.133594176031148 0.0652469052977257
-0.00715008241280118 -0.127052350464083 -0.0829232409964308 0.153035126342705
-0.0537679511670374 -0.130645069996121 -0.00517017847763717 0.193477558873945
-0.0690541746899793 -0.13296450661766 0.043667861462385 0.191860788194098
-0.0610447298138691 -0.14369817962242 0.0183324984147686 0.191057940846978
0.000596594113987814 -0.135391231528244 -0.036312024948436 0.136523826036322
0.0928683269513104 -0.12331168454394 -0.0645838530589642 0.0570277168241654
0.186998705838724 -0.00600893587501729 0.0114863135038713 0.0313842907407958
0.134054576454086 0.136145168507408 0.0550483621142836 0.0847046557011111
-0.0100456585956392 0.173440566154267 -0.0102190757313987 0.2344582716882
-0.114635846235515 0.149207693024442 -0.188043329510951 0.319693066444504
-0.17474793555941 0.255002492099802 0.0224255647397637 0.129866226878178
-0.0261171139792708 0.277886082992409 0.072923637517823 0.0635472359559343
0.174573535367761 0.224267935439706 0.00956083740756057 -0.0642850301651089
0.255206194380024 0.0333657977689074 -0.0636920851295986 -0.0553536704888769
0.158363389009313 -0.158730640880544 -0.122733137103858 0.0311866117296923
0.0234946087358176 -0.184233079173768 -0.0808256461132074 0.102312243731091
-0.0457068332021434 -0.195800595652034 -0.0256778277582779 0.131988261390307
-0.076075177311857 -0.201196253453803 0.0114519561204998 0.130810323507345
-0.0682519533679542 -0.214394489913588 -0.00107810691384662 0.131048581875825
0.0149739287040137 -0.194325495836024 -0.0355765592061556 0.0757334102203159
0.135477325065694 -0.1762879423911 -0.0467360396654056 0.0114219712246804
0.269773679952506 -0.0166529211118334 0.0427461719617802 0.00318657439646291
0.218851847483894 0.186649365527896 0.0767523218956479 0.0730485588422001
0.0148794904727089 0.269582169095573 0.00682219369041254 0.21224283096721
-0.15248550165235 0.259072811168304 -0.136651071242268 0.276068340271936
-0.192197415996872 0.327814009647399 0.0902693468476302 0.0445053828413964
-0.0163584439181551 0.346006997383634 0.0889847971936016 -0.000288701400527927
0.219338890634763 0.277175619811504 0.0123395087167309 -0.0792292908224038
0.313190540471469 0.0491431512479648 -0.0398759776425243 -0.0701367919064589
0.206361433336345 -0.179705415592062 -0.0933970987142148 -0.00748886799293441
0.0510497434377375 -0.216342184689937 -0.0641532699498577 0.0344777113759051
-0.0302756410174584 -0.23231631327707 -0.0405281718819721 0.0489622365734162
-0.0721024582838579 -0.23830326165852 -0.0223339829915012 0.0492174497838396
-0.0656435454338552 -0.251392586786117 -0.022953246541556 0.0513896047374045
0.0264556666614812 -0.22410107836677 -0.0347288649913332 0.00151584800524039
0.155695117494736 -0.203962155636427 -0.0242867673207928 -0.0421814362892649
0.312099722179239 -0.0284825662612023 0.0685743313110805 -0.030039545317054
0.271015342525848 0.206140083336353 0.0887006771958839 0.0524801110053377
0.0391634464702132 0.32103559428553 0.0138156011975752 0.163845056233111
-0.166506695671313 0.326212288572012 -0.0768766448300872 0.194888141476907
-0.177864861149343 0.354928918580815 0.158010598633701 -0.0595631455939993
0.00398951133956891 0.363953258655626 0.0987301511887625 -0.0810751711091503
0.234511254428045 0.283852456316736 0.0114581262359311 -0.0920615303521791
0.3218737384035 0.0504272519563988 -0.0111061567275054 -0.0778115874989201
0.217952449338761 -0.175600987661186 -0.0481136612048798 -0.0475648552446735
0.0672109802930667 -0.215370533850623 -0.0360881597340117 -0.0416349501864311
-0.00946035243645291 -0.232769922150275 -0.047984167299097 -0.0439744533878665
-0.0562665615624481 -0.240056864774367 -0.0529977234455778 -0.0393882799127763
-0.050428331352803 -0.249297905347038 -0.0441707920198001 -0.0353456491146592
0.0377564907048727 -0.218284405693642 -0.0318408677755067 -0.0740265735128062
0.155262705365707 -0.194170486328408 0.000838366894244514 -0.0930381195014401
0.300503707673273 -0.0239100444396081 0.0870773705612423 -0.0588277905131164
0.267413189133804 0.19957306311901 0.0877751990050355 0.0312164736745099
0.0463557801476926 0.316522261840656 0.00789125164863029 0.0994016555212343
-0.156628213402268 0.337319797112036 -0.0206979890719922 0.0918426346330773
-0.132812912138962 0.329296537643961 0.212870666524356 -0.16631665179367
0.0258395912473097 0.316808270170679 0.0980618201466865 -0.162247424939094
0.207016549311988 0.235347083821171 0.00683859190326386 -0.098203970654935
0.268069942551574 0.0412579792516148 0.0164720973803369 -0.0766247401228011
0.186359089302914 -0.139473940031773 0.00293527943825363 -0.0812386471389831
0.069768716552697 -0.176103072380919 -0.00303071889572176 -0.112061582516783
0.0109430686997509 -0.196446864221335 -0.0490133238976086 -0.130447540569991
-0.0309292713463447 -0.203981982172687 -0.0755673734068822 -0.122357130805824
-0.0240484756282932 -0.210709824372106 -0.0589659548458361 -0.116984675953136
0.0495016119771405 -0.176008162246018 -0.0225028134007392 -0.137418017499318
0.135688621583628 -0.14610760244121 0.0307433943831211 -0.128012495628838
0.238391479530724 -0.00326635266420106 0.0983995682482098 -0.0714185754788905
0.207850631582823 0.169562792967755 0.0766444385014818 0.0181594836068885
0.0325078786158239 0.257745981874697 -0.00469238010099353 0.0351153848006864
-0.128933819406182 0.291036447182668 0.027586046486626 -0.0123891063811708
-0.0654228031369886 0.250914143830386 0.243044816413511 -0.25696970658896
0.0439449037671996 0.213459486845976 0.0860174891895351 -0.228072958298636
0.138835682192248 0.145155643728661 -0.00136428987345178 -0.0952601414243398
0.163276362300865 0.0251377654909387 0.0348739391562975 -0.0652088573143679
0.120936531096486 -0.0784642313000713 0.0469829924013327 -0.09919313559642
0.0593392520599802 -0.107489204559429 0.0276520246327013 -0.162055713356903
0.0282670317492745 -0.1280965737343 -0.0435241603670927 -0.196106353602096
-0.00126864133471634 -0.137102443930359 -0.0869428502840048 -0.186367009990289
0.00708066876652309 -0.139807205513119 -0.0627073549116318 -0.180502715864489
0.0558100902040629 -0.108280525706514 -0.00445313633036302 -0.178648178588101
0.0994542978195642 -0.0750003656387657 0.0633639199366865 -0.138899810608442
0.14335460429145 0.0230586711742188 0.102402350659465 -0.0645172693024018
0.115047185233213 0.119021518762814 0.059636233570928 0.0161210788708945
0.0103249609925592 0.162184948782382 -0.0160227376150851 -0.0167321642687014
-0.0837890717304891 0.200923179431409 0.0644585485207227 -0.0987981615270076
0.0110568964225371 0.132752809981428 0.242818327939804 -0.317171983027044
0.0535186988652003 0.0790567333952677 0.0615552554906034 -0.269274256424582
0.0534801776923038 0.0342872047603822 -0.0180689336460514 -0.086741191296353
0.0392132433791235 0.00543192264191015 0.036262592456638 -0.0465866206106631
0.0393693936897078 -0.00787422799965264 0.0750519221406541 -0.0995641293907904
0.0398609555834378 -0.02274388228431 0.0500425135316649 -0.184530430156403
0.0415036575864855 -0.0392195366321611 -0.0327173884902498 -0.230360816423501
0.0290443976764582 -0.0485393069908623 -0.0852301470300349 -0.222923399540273
0.0356721060564112 -0.0497881626205214 -0.0536787365376111 -0.217392487467807
0.0515925999137701 -0.0288260752838123 0.0189356900573847 -0.192490614112315
0.0492303569640533 -0.00132446990846821 0.0925055465254462 -0.127293364205288
0.0373104964432601 0.0346041093271669 0.0980301073544568 -0.0442399596499544
0.0212858864377495 0.0483589240521196 0.0421479111755422 0.0194320739106434
-0.00183443749398299 0.0510965963819487 -0.020736153545305 -0.0524828120077419
-0.0239249480414168 0.0872261429817846 0.0875885602843583 -0.1573033096643
-0.0726008080476668 0.0364276091204166 -0.0619436409285136 0.218313226520555
-0.0144814976673612 0.0691840889278271 0.0448171754362374 0.112637502929871
0.0585754040693947 0.0469060791660569 -0.0151035940881411 -0.0373117730320016
0.0739927125816554 -0.0217105165217411 -0.0986903249167585 -0.00378426963152744
0.0121853359303394 -0.0695787868010586 -0.122490012717806 0.102547989396341
-0.0353612612666211 -0.0528829642035298 -0.0617207536536944 0.190220160290183
-0.0537697109586267 -0.0446732662408516 0.0311953228555205 0.224905067717875
-0.0541926452351277 -0.042167003471371 0.0823802754704854 0.220743012611602
-0.0511832899543534 -0.0496382593943724 0.0465995489399397 0.223147886832155
-0.0230689625982555 -0.0567780860369724 -0.0241000179516577 0.179957721150819
0.0287938694018113 -0.0617189294981657 -0.0708040118773205 0.0974156331788158
0.0809048841694167 -0.0113639955199842 -0.0161098241232536 0.0515893093136567
0.0451903486372527 0.0558265861491224 0.0326502570475872 0.083228269076148
-0.0182457733685096 0.0532586689034544 -0.0189807629486219 0.229009194239418
-0.0518402178308725 0.0225118758371378 -0.20846242415599 0.333559194180839
-0.123494926094824 0.159086921950212 -0.0266178674018189 0.190044096266555
-0.0153332384873327 0.18026795492037 0.0597414005441706 0.0981341284818437
0.125854388049602 0.135600073502114 -0.00159585373274327 -0.0507447193483049
0.172105678159491 -2.47030415346031E-05 -0.0848431993819083 -0.0318895812505448
0.0831280762919381 -0.125054042212809 -0.130601917702059 0.0741193786922836
-0.0124126666627883 -0.126781167220997 -0.0751312239069699 0.159536893839216
-0.0601949868092951 -0.12751971397555 0.00672317757555422 0.193831503664778
-0.0779884205360179 -0.129603112159888 0.0563943481978827 0.189020709061
-0.0705053731347681 -0.140829980517013 0.0312584626918846 0.190544321025579
-0.00621405152993931 -0.135457690384705 -0.0278720235359713 0.13962540844557
0.0860038636537962 -0.128551805381337 -0.0617288288679505 0.0626618540322861
0.187575696817127 -0.016612584251303 0.01312877741287 0.0293275332365895
0.142720195068857 0.129586173496111 0.0578665949780913 0.0811462210586824
-0.00181152792469687 0.174909150018505 0.000883405365591054 0.234952259461517
-0.106865278459112 0.156014262489651 -0.174245248181578 0.330595365704828
-0.161575321949301 0.264978007204511 0.0276013734455226 0.129151548558238
-0.0123644301652352 0.278554942994521 0.0745186330646715 0.0588421451996349
0.18653282965135 0.213661292765828 0.00652764548565927 -0.0643285264639103
0.258756576576447 0.0212201101114734 -0.0660758011778955 -0.0531060496041915
0.149735256260919 -0.167173124786328 -0.121543804094283 0.0396916043280727
0.01518809191304 -0.185719892324738 -0.0757786801082197 0.107876608423227
-0.0555105023545763 -0.19443424014977 -0.0174213654583674 0.133684058115913
-0.0893874339729818 -0.198484038116301 0.0202084096451628 0.130003814443041
-0.0816330195303946 -0.21104181894355 0.00843990742199288 0.130831102575907
0.00571466923335613 -0.195651506494539 -0.0302338094980183 0.0782421981434522
0.12524280921192 -0.184448186197033 -0.0457365850370174 0.0159050751527843
0.270528061782011 -0.0322584445039718 0.0426306615264163 -0.000932756434223548
0.230740662010105 0.175760401754155 0.0793883066788598 0.0686443762972734
0.027392080843806 0.270625673022486 0.0173902687606719 0.213446093531839
-0.139278186530641 0.268756089683366 -0.123692612007861 0.283732692960336
-0.174663996346988 0.338852462929394 0.0912012745936984 0.0410210547483872
0.00026743535213685 0.34732303303706 0.0875816208652325 -0.00521089441300295
0.234494250731347 0.264430218552307 0.00850103762641723 -0.079630196493813
0.318217405047307 0.0339274940039128 -0.0421385739332089 -0.0691089253741664
0.196906716513005 -0.192161753153695 -0.0940976961908811 2.42040288002836E-05
0.0406781370527388 -0.220666072731925 -0.0633792073421762 0.0388777694375074
-0.0424820171166214 -0.232002900846967 -0.0376260460552955 0.0516186309797298
-0.087872339417633 -0.235993321952497 -0.0184764121271469 0.0509425902885539
-0.0816752271772427 -0.2484953557214 -0.018479453805666 0.0523210749463661
0.0159130962419228 -0.226577883100434 -0.0340157717106228 0.00403131686445557
0.144099106579157 -0.213922884194995 -0.0266457946791947 -0.0394669982109025
0.312883267081486 -0.0458570948420813 0.0663895257279491 -0.0351017719950402
0.284263226176288 0.192418866495932 0.090536358366477 0.0481561016007415
0.0551185452741902 0.321245990907044 0.0229101998884202 0.164406853201272
-0.150051223167345 0.336606298860747 -0.0675402714033401 0.199508796648577
-0.160076870243108 0.366341775781916 0.154720773894886 -0.0667735989373383
0.020028419234124 0.364466319584465 0.0928297893355329 -0.0859583071986167
0.249778070361353 0.271868349429485 0.0070786246070981 -0.0926343633453668
0.327066068800309 0.0349672622630122 -0.0140860083316201 -0.078234310426183
0.208652527246118 -0.188185392285218 -0.050929293954325 -0.0429750013020741
0.0572595365641239 -0.220129177024185 -0.0390102071193711 -0.039171848723562
-0.0223551708670623 -0.234204361670883 -0.0514112246077985 -0.0403899640775137
-0.0720740874521401 -0.238138054865638 -0.0550804443469688 -0.0358007985839021
-0.0661808730178477 -0.248183496039749 -0.0453501071827414 -0.0337360697154554
0.0275115965585893 -0.22146015592451 -0.0357915612444304 -0.0725137316615287
0.145011932596433 -0.203510627584055 -0.00354630537025805 -0.0917287207134292
0.301836774694504 -0.0403970536397537 0.0836725433807022 -0.0651470832540913
0.279737508643235 0.185677216991239 0.0891797462417197 0.0271261067406236
0.0619818180637536 0.315726780433658 0.01409582172096 0.100719950166874
-0.140452130790878 0.348260362048005 -0.0153743202405939 0.0922575134958758
-0.115645653108106 0.338432519164658 0.204952246109496 -0.176454636526179
0.0403531077960528 0.317124467544128 0.0891475635941724 -0.167134487126413
0.220439190177485 0.225244182530431 0.00235130821419449 -0.0981409011104341
0.272851827564074 0.028721504660858 0.0141948060521271 -0.0786200522447002
0.179136465387482 -0.150897923643952 -0.00151850539485121 -0.0801782115146101
0.0616183055999466 -0.181926730280968 -0.0102972801838229 -0.112218543503054
-0.000412893482120195 -0.198875110919104 -0.057044447538298 -0.126798197974614
-0.0446132590643481 -0.203920877690808 -0.0834113812521496 -0.117195509696076
-0.0373257468850076 -0.210350505188914 -0.0659878243707479 -0.114003453951442
0.0413874636200081 -0.179636835702775 -0.0301033208963639 -0.137154742495688
0.128242216988442 -0.153882782301622 0.0240798612642524 -0.129527558634755
0.24114622581405 -0.0163220587126388 0.0941876944215365 -0.0780599402421534
0.218707790213337 0.15897844277781 0.0777519135218338 0.0149520464580187
0.0461497801048018 0.257458461707192 -0.00108250341640738 0.0368077591649034
-0.115164759428703 0.300471473998958 0.0283104312977842 -0.015147707678697
-0.052610969647656 0.256484558568091 0.231841478559582 -0.26907569965022
0.0534772246606771 0.212926521438462 0.0739539820711325 -0.231184854248909
0.147520574854135 0.13847538842293 -0.00608135591504155 -0.0950194736627997
0.167051916506734 0.017776591880861 0.0330329563945204 -0.0678342853151953
0.116927365922221 -0.0861051895065215 0.0424862591125904 -0.102114883247287
0.0540367162306636 -0.112110805278084 0.0182107104338163 -0.165101126765623
0.0215343776461859 -0.131709383994674 -0.0558692726711829 -0.193771434971715
-0.00931932093100916 -0.1386398675981 -0.0985463126893454 -0.180792076951854
-0.00097721870849255 -0.141390814082439 -0.0740276922967805 -0.177962412396222
0.0512067780197687 -0.112698761217251 -0.0147029646248971 -0.179518384199471
0.0961616296248211 -0.0802469384211275 0.0563361323920225 -0.142707769249273
0.146774759598652 0.0153051913430288 0.0980978320348487 -0.0704641579897686
0.122846805461759 0.113339640240813 0.0614751633788008 0.013627202196853
0.0192437660052949 0.163149804441333 -0.0147751710243081 -0.0147742265033455
-0.07386904786222 0.20747248156778 0.0616130842853189 -0.104820544849475
0.0176396427667643 0.133787218446544 0.228538767688913 -0.329258668496279
0.0571086089206662 0.0775194206262669 0.0480315142794409 -0.271651708378982
0.0559016928501094 0.032426800662033 -0.0221836088741618 -0.0862244943625547
0.0407286913004644 0.00360591726440099 0.0354312946507627 -0.049294166711047
0.0389395399908536 -0.0108243957237753 0.0709701888750371 -0.103858261012936
0.0388202247870575 -0.0259145414705307 0.0390011115853522 -0.188704651027184
0.0392817475561091 -0.0430928469362541 -0.0473349528383787 -0.228606446816189
0.026070372978811 -0.0514530287931937 -0.0994392639968758 -0.216937441612641
0.033077979197259 -0.0525720568512871 -0.0674664883616289 -0.214900283569047
0.0501903409556679 -0.0329356428910114 0.00740629259218429 -0.194869220711245
0.0491881200906275 -0.00373689284855 0.0858187504063437 -0.133306066700454
0.0404877182862323 0.0329394865153813 0.094872524967422 -0.0491986348698805
0.0247558271029553 0.0474261011862566 0.0444615037738698 0.0181955248495369
0.000756735383053739 0.0519287702236909 -0.0216605996305388 -0.0504438611718374
-0.0192838551053741 0.0903168158106127 0.0819321273947194 -0.16475139512856
-0.0545752481500265 0.0615512581800051 0.0128709885382263 0.224336452220844
0.0122649432082448 0.0705753490814096 0.0763050835713718 0.087820927406297
0.0703223747257396 0.023021785377407 -0.0303389313123619 -0.028049804318016
0.060002808962137 -0.0465535900941027 -0.0947929322088829 0.0340196055812862
-0.0129588352464617 -0.0665270669325368 -0.0783923183172986 0.139713256827696
-0.0507783100945041 -0.0348326195129039 0.0104946593536617 0.199584719229954
-0.0654631342195428 -0.0217030416119314 0.112067668520445 0.199143502277802
-0.0638733292228626 -0.0197378417647836 0.156273331738642 0.173241753813211
-0.0646012508005426 -0.0278530057407293 0.12083232369081 0.191045406211226
-0.0392924284214047 -0.0451945140895315 0.0390540220710444 0.178055096096585
0.0048394462907475 -0.0670575164531062 -0.032593215629344 0.117610906867799
0.071569858654025 -0.0383495683857244 -0.000920011885589138 0.0530284459260635
0.0614003291209661 0.0369103136917081 0.0550607467286973 0.065002317980169
0.000740521429104274 0.0540653699118588 0.0548962549280285 0.220288002996152
-0.0408200593158524 0.0349056161814659 -0.0918012889974727 0.376660703843127
-0.0599017350832681 0.197388892632485 0.0347036405972129 0.180819948372055
0.0516214684808857 0.175734114341546 0.080246248228795 0.0657044635325688
0.165394187998651 0.0815558440243624 -0.028625281198567 -0.0423727377602509
0.159731566864277 -0.0630370989770811 -0.0941704335496231 0.00786757604986107
0.0337504877403871 -0.142925038046203 -0.0938276357069488 0.11951637042598
-0.0543795831901802 -0.111462385228597 -0.0100398295418479 0.177140675875728
-0.100969899002529 -0.0992992082605529 0.0791241452257455 0.181882758438173
-0.115042482174206 -0.0926044513153777 0.122954481215224 0.153786002766077
-0.113734583152697 -0.106391942089831 0.0970023283497189 0.16581858289
-0.0503290050086666 -0.124527179246184 0.023393008253658 0.143194244977177
0.0360455545357313 -0.148741126341908 -0.0348655520573207 0.0843289536102575
0.170408387827757 -0.0787497955200732 0.0172133837004762 0.0235728923584088
0.176496318895207 0.073581181374996 0.0767432314003204 0.0527890131192065
0.0566121488768859 0.163354144038929 0.0776058147263974 0.218890709843277
-0.0507860673791396 0.18057568933685 -0.0545734956017522 0.361217352929069
-0.0587982311310878 0.311817426799383 0.0628296945943115 0.10213235297766
0.0888330222785479 0.267398879678144 0.0766523443025972 0.022509315872999
0.249745490377338 0.132832546778475 -0.0315642286917876 -0.0557639264575
0.248310764081949 -0.0744819191336459 -0.0861282037686272 -0.0144827242264497
0.081162981627012 -0.206128897771171 -0.0954948972452755 0.0882406092299353
-0.0483646037124022 -0.17676591035015 -0.0269450822707797 0.131165978917149
-0.119842125438035 -0.164547560342245 0.0360093555393788 0.136602290916363
-0.149561714612334 -0.15187423379736 0.0702701811511 0.112040599007238
-0.148499300198942 -0.167954291519565 0.0564484573227138 0.118181433837909
-0.0586413011682026 -0.184981072746795 0.000697318882493563 0.0876152318263258
0.0543934321840593 -0.213799715087456 -0.035363192907049 0.0369272437756042
0.243291337066589 -0.120933102334298 0.0329931471317364 -0.0134026686939888
0.274319667589161 0.0878272454552021 0.0921043120513766 0.0330937668813445
0.116060135006883 0.243866394862678 0.0881003073632897 0.191411889040591
-0.0461010260000853 0.299561353638192 -0.0175980183014461 0.300702213759134
-0.0456120337683217 0.386680147051919 0.0919198952091119 -0.00457849362593389
0.125798578922157 0.3277530895997 0.0639619537926818 -0.0431047491269875
0.312639853929121 0.164026145015645 -0.0384403814502567 -0.0688991957115321
0.309225498949149 -0.0854763298668494 -0.0706168938033825 -0.0343629943158133
0.116546803803892 -0.24549991641414 -0.0825093453177578 0.0439636315234859
-0.0364532253636451 -0.21824541098745 -0.0379521816547675 0.0632841278075745
-0.120333615613676 -0.206310937714404 -0.0120351897181287 0.0685560997904489
-0.161086940459939 -0.188582522040566 0.00720353473946727 0.0536779226651159
-0.160619865756223 -0.202934021279743 0.00483669531141951 0.054006237163037
-0.0601377109268368 -0.21785074870356 -0.027209842823738 0.0190711559387846
0.0624141007343401 -0.247600747288705 -0.0356521088645772 -0.0199463295483629
0.279399962709319 -0.148044714601867 0.0432938157519872 -0.0527443163681802
0.329814746169166 0.085915804711414 0.0955209451426146 0.00973220138188602
0.158891130090546 0.281721957880475 0.0791046050173928 0.143063680706414
-0.0339704961129978 0.368750134319792 0.0103934317648379 0.203017043997619
-0.0214219936214993 0.406833601692251 0.115451222029449 -0.127451021991541
0.150244927026393 0.337383802200521 0.0421335892595513 -0.120617419564071
0.331278041020342 0.165403297689723 -0.0453902148328283 -0.0800248760605644
0.319308370299412 -0.0879291927915918 -0.0470184181100919 -0.0523032197993321
0.129286112761617 -0.247428104412007 -0.0565639156725974 -0.0101851972529753
-0.0210590295302145 -0.225453317441521 -0.0430320349818022 -0.0178711217984637
-0.102750138823147 -0.21702634309622 -0.0585279303368626 -0.0115875635228537
-0.147645510046192 -0.196769887251722 -0.0574456032688453 -0.0130216263260712
-0.146284574407975 -0.207688331596362 -0.0498906060402203 -0.0163188043878972
-0.0473679741712546 -0.216480296040067 -0.0548245794573888 -0.0518267728751841
0.0662318105061252 -0.238256007301833 -0.0324254028982928 -0.0769925983689798
0.270523501416488 -0.140118118191045 0.0497556835604165 -0.0854326643630531
0.324013577086044 0.0807900981813077 0.0882319630234627 -0.00893500020120619
0.164625977693068 0.274325348838249 0.0511518723572294 0.0855783557321429
-0.0211015130283827 0.377126084387085 0.0259673973981489 0.0862119315805376
0.00983104035440417 0.363656494510572 0.127242318419936 -0.245771649465265
0.151122044159156 0.285294851477783 0.0134811154263904 -0.193127770869656
0.287106545690726 0.132930042818129 -0.0481833595466909 -0.0852651993274977
0.266806024328888 -0.0740088000493262 -0.0194411170081154 -0.0648152627453137
0.114849262264441 -0.20329741520608 -0.0236313989882709 -0.0642585797544823
-0.00431969211157359 -0.192439317593878 -0.0425025554479182 -0.0973214883286907
-0.0698685199005379 -0.19177696843458 -0.0963876907881187 -0.0908546050709695
-0.11104485475076 -0.174403154702412 -0.112929967069624 -0.0776153340211487
-0.106699701619854 -0.1827662010831 -0.0968299568941626 -0.084206188185141
-0.0215314738977414 -0.181933174317465 -0.0721718837064148 -0.114492285469862
0.0674580507011812 -0.18576406541816 -0.0197563148036865 -0.122853640428439
0.221421227628806 -0.0965771896653685 0.0563219048305882 -0.101277155980597
0.257477966302583 0.0757848415677822 0.0747439145465475 -0.015757655641294
0.129397212610703 0.226765978610332 0.0162971061249982 0.0317896997738986
-0.0123510563521444 0.324471455175317 0.0316233698949991 -0.0271976529216406
0.0395410001299912 0.26177831314363 0.123101894975522 -0.33730866062982
0.124799270914967 0.182453939837363 -0.0175743915096384 -0.245720835645258
0.188166917699998 0.0778836113250722 -0.0480899490023781 -0.0815819248813449
0.164023429441886 -0.045316587348822 0.00454351737518829 -0.0671065502743966
0.0791603634113376 -0.122473771964392 0.00868017723952961 -0.103736330870523
0.0123514759066095 -0.125942758243822 -0.036794889585344 -0.158350058825142
-0.0264130718616913 -0.135346876762113 -0.12019578233516 -0.154926795444616
-0.0570713118442162 -0.125937526132546 -0.151931236515876 -0.130556438469368
-0.0499186429085647 -0.131732822076791 -0.126913086945495 -0.140134611761745
0.00970512934998796 -0.123351976767519 -0.0729009243887502 -0.16011026257369
0.0629771830207626 -0.106957889873564 0.00423668953685512 -0.14840298501885
0.143804755566258 -0.0352143548542323 0.0649089379152781 -0.0966534328761065
0.152985435065662 0.0646617960554528 0.0611719734047994 -0.00998442880479495
0.072729599628653 0.146816466583155 -0.0140056968408571 -0.0108149716971123
-0.00366625836045635 0.22343948643096 0.0323667107658654 -0.120478656037132
0.0627600303027109 0.118718026627709 0.102802036189915 -0.387838826932899
0.0788440186849228 0.051727966917633 -0.0488126208922715 -0.270585368914723
0.0642789955163606 0.0112066017683416 -0.0516665840450876 -0.0713261824404363
0.0398722291690883 -0.0115333541990232 0.016413636523549 -0.056756358098068
0.0327454790506948 -0.0249300593131969 0.0325090263206612 -0.120492329557938
0.0275153630458406 -0.0404499478556843 -0.0282871717492643 -0.18949536149725
0.0212709468304387 -0.0577490924298921 -0.127118627959667 -0.193903334426897
0.00540434440128121 -0.0580042776007455 -0.167134022093677 -0.164166847580397
0.0128367548952516 -0.0608218308103027 -0.135948211175903 -0.176462496775961
0.0354230312661563 -0.0480080253878945 -0.0587272586019409 -0.183638959147274
0.0453438387742682 -0.0207654239977237 0.033382872427332 -0.151869264149725
0.0497406677521986 0.0169548842353387 0.0711571152258039 -0.0758471463134373
0.0391755327623114 0.035692370182 0.0483938528773516 0.0016192564518498
0.0185119479225302 0.0492288214098048 -0.033857234442915 -0.0409255828009971
0.0106274344767948 0.094346178568811 0.0284781287448106 -0.181396613453359
-0.0539597587242473 0.0620440080260911 0.0159678971948655 0.22564254131552
0.0134868565129689 0.0695994933308861 0.0768463022179499 0.0861876935313976
0.0698524332938286 0.02188672765703 -0.0309420052895152 -0.0273464409911182
0.0593040013955617 -0.0474511132505699 -0.094684912125572 0.0361439009339448
-0.0138887352650647 -0.0658317008181318 -0.0752569055990353 0.142563045740701
-0.0508651739112966 -0.0332585583542535 0.0159918433830511 0.201199440475139
-0.0658596199906692 -0.0204788120559773 0.117109395272132 0.196240947098793
-0.0649457818531193 -0.0178942650097147 0.161001069165934 0.168443594613723
-0.0662552098917179 -0.025755685803763 0.127319928827999 0.188344174654448
-0.0402093030571919 -0.0438574766403837 0.0454343560175719 0.177734986142378
0.00305838151038764 -0.0669750316138233 -0.0293642958051927 0.119607539463536
0.0697375027912617 -0.0399607026991629 -0.000564673458695253 0.0524597214860616
0.0624871537688939 0.0354602027091344 0.0547009749139757 0.0636810799428828
0.00168390238284931 0.05371212405579 0.057507599145121 0.221109666495542
-0.040015020032192 0.0354829486345684 -0.0851935989778789 0.380636300266108
-0.055720009241355 0.199131040768569 0.0368594345948744 0.181722438300889
0.0539839613349265 0.175032433061301 0.0805672943289139 0.0647862106887173
0.166520970959413 0.0780636587609405 -0.0293862396026749 -0.0422583243400634
0.159638869711381 -0.0655015230914617 -0.094167177635953 0.00943973748677717
0.0308421329098379 -0.143202436081374 -0.0907683109457861 0.123511832016956
-0.0558964662825647 -0.110302106295144 -0.00554983652351849 0.179001153843769
-0.103021415947535 -0.0976831511419339 0.0840622144888968 0.179538393415969
-0.118753608248108 -0.0896482554193808 0.127278403999103 0.149217191459182
-0.117608068248084 -0.103481622577762 0.102861661847755 0.163277817529493
-0.051980546177119 -0.12407146586642 0.0277173189092882 0.143129964307795
0.0325485362563295 -0.149426018581037 -0.0323016663010365 0.0862806829803333
0.168679913013648 -0.0828686823625481 0.0169531977819796 0.0225147661645142
0.179485813843162 0.0698624567672462 0.0761932566581497 0.0519416700922017
0.0596894542121411 0.163054873218634 0.0807358086724338 0.218314664576118
-0.0468793259205568 0.182265179552062 -0.0493496529386763 0.364555637228701
-0.052872486777827 0.312891127324736 0.0638676514288326 0.102303494287625
0.093343643528297 0.266558938689401 0.076265787913582 0.0212291341855653
0.251721072052637 0.127805200068926 -0.0321088205453828 -0.0549604503049125
0.24898596676013 -0.0792598778516688 -0.0862004866902493 -0.0136221946254369
0.07697376862571 -0.207253701980811 -0.0932685038930906 0.0919052668145589
-0.0516743031283626 -0.176820534779896 -0.023487623461922 0.133069670142386
-0.122829008880366 -0.163338356680392 0.0399660016408928 0.135675417810692
-0.155202958940057 -0.148725070935132 0.0742481621039816 0.109407103178258
-0.153944381927673 -0.164264330207075 0.0608460938539382 0.115836754341344
-0.0619407736430813 -0.185087853668857 0.00367715624086116 0.0878177032694739
0.0496821411618561 -0.215121921856677 -0.0336447369523583 0.038236635039882
0.24196767898692 -0.127699866183147 0.0314946697198948 -0.0142740808211226
0.278018045234632 0.081990453590935 0.0914841325801109 0.0317414332460111
0.121396773318706 0.243278804707453 0.0917794624318894 0.190248258348031
-0.0396732555811484 0.302395026327387 -0.0125256950016542 0.302353660023512
-0.037747172541998 0.389058550614933 0.0920185254060719 -0.00552229999168922
0.130176938708305 0.326975080442745 0.0625752653643666 -0.0435700916576439
0.316505394734355 0.156987630169837 -0.0398374204085813 -0.0677392542039719
0.310446840983014 -0.0918490029616892 -0.0708025886324864 -0.0342812693684101
0.111416684250282 -0.248279088307932 -0.080400470707152 0.0474673997911271
-0.0406805044396767 -0.218983204495109 -0.0359736603547966 0.0647074857241582
-0.125497796713072 -0.205181427493254 -0.00996706135778813 0.0689331581098711
-0.168118178491086 -0.185061772391359 0.00901151082027974 0.0529993317884711
-0.16692914182212 -0.198740755254689 0.00745512434684955 0.052927819303301
-0.0639064967829527 -0.217979252711241 -0.0261339658488491 0.0194987934413798
0.0566971790396636 -0.249528406772329 -0.0349090045826844 -0.0186681011154234
0.277750976685012 -0.155934004521021 0.0408442736450867 -0.0543722160347764
0.334245397820891 0.0790133833296896 0.0953724490204107 0.00841528873092533
0.164631364475348 0.281355110336994 0.0827583160113414 0.141682745400927
-0.0258296471787162 0.372891537623996 0.0139006711304966 0.202774485832818
-0.0134597012422315 0.408151084736129 0.113797428551565 -0.128955352891864
0.155343188366705 0.336555852708596 0.0394957111570607 -0.120666218907989
0.335569013957767 0.157864689135693 -0.0466943775221289 -0.0786391658047758
0.32072494876762 -0.094654594254027 -0.0480850780108808 -0.0529795869285654
0.123705850682141 -0.250900650626369 -0.055518412845075 -0.00804771619229176
-0.0259034994050683 -0.226108833341557 -0.0432465709481201 -0.0167932274848908
-0.108018454939619 -0.216404644085192 -0.0583644028471381 -0.0104360399154502
-0.155172115903844 -0.193670396936032 -0.0570394909776371 -0.0111599162416695
-0.153077860009444 -0.204068404368471 -0.0497764307165371 -0.0162440821213717
-0.0517760956376635 -0.217373417623095 -0.0559883614236474 -0.0508819823361043
0.0610149394964271 -0.239632162482275 -0.0333143398159062 -0.0768493012636916
0.269492323487018 -0.147102009686398 0.0471325269049906 -0.0872525794406207
0.327760914022681 0.0729642048257329 0.0874608321084301 -0.0102713208068862
0.169219066534859 0.273675435973496 0.0545848058991487 0.08485920507107
-0.012951772456383 0.380763110125959 0.0277158863712404 0.0852498235487072
0.0170226851646461 0.365204897822928 0.123753118518411 -0.247818361055093
0.15513066902462 0.2850871038961 0.00997024553402219 -0.192826082331941
0.290684881329038 0.127541196455773 -0.0496949977271084 -0.0839515468274529
0.268472033210377 -0.0795403894395698 -0.0201471111992275 -0.0665237570931844
0.110490789772397 -0.206769634995254 -0.0236443180598937 -0.0635009727301836
-0.00869675398148477 -0.194143709583046 -0.0449056903126292 -0.0969742722416862
-0.0757032239046316 -0.192576235019341 -0.0986611932346618 -0.0878617727680793
-0.117820458221321 -0.172634967008314 -0.114304393606682 -0.0739723904362305
-0.112805622676123 -0.180482544453316 -0.0992063663098137 -0.0822414941920437
-0.0249361005028083 -0.183729406545061 -0.0755251248679722 -0.113514389981119
0.063781201493777 -0.187488487989105 -0.0222204560488917 -0.12283433332167
0.221114896769629 -0.102154851642865 0.0535858485227635 -0.102492388198584
0.260881724954246 0.0697232592332995 0.0758227857361977 -0.0166786749444552
0.13372466356453 0.225589491637582 0.0192511556262742 0.031265210836336
-0.00477290966342447 0.327319298018383 0.0315543566563255 -0.0296768842126858
0.0453013163210754 0.26277626225407 0.119459830349345 -0.340064635187717
0.127576805009381 0.182018035195252 -0.0217080919107826 -0.244402788910723
0.191068528664092 0.0746764636993349 -0.0496776866789193 -0.0805053570761397
0.165476835630892 -0.0488600830143156 0.00339873976151728 -0.0687567223535952
0.0764041517184854 -0.124715313060245 0.00722703047882275 -0.104433008919503
0.00921809179266145 -0.127756276447985 -0.0411168528338849 -0.158644453747138
-0.0308315144646327 -0.137100990970881 -0.124306091462916 -0.151847604061897
-0.0619002520087895 -0.12599393122182 -0.154534137278268 -0.125883455301003
-0.0538486164477167 -0.131267019237454 -0.131185108193014 -0.137030536924627
0.0071130543383769 -0.124681510861508 -0.0775300096630631 -0.1592540957775
0.0611069819949764 -0.108623489983459 0.000427367175856626 -0.149151635966438
0.14423047855975 -0.0393133698186118 0.062849458085066 -0.0972335310052238
0.155906671777348 0.0608297567754436 0.0623672642215775 -0.0111779120754535
0.075432323497928 0.146853539127687 -0.0123122215378136 -0.0111121123785834
0.00181429299569611 0.226571767899768 0.0306022762728635 -0.123508881356729
0.0648949469632139 0.118777673142092 0.0991330267747833 -0.390712471505461
0.0794260131090757 0.052225098558641 -0.0529269166177056 -0.269629686130438
0.0650780539252552 0.0101381518457686 -0.0534227572179217 -0.070335061185911
0.0413978271611534 -0.0126313430425495 0.0154390373025079 -0.0583272848955252
0.0319693391990376 -0.026579301491202 0.0307535761521389 -0.12233086246234
0.0257287916395193 -0.0419852264633749 -0.0333799465306941 -0.190440324944174
0.0189887191501732 -0.0591729343922523 -0.131953276821464 -0.190416918506187
0.00348188839870126 -0.0591266838784773 -0.172026050470468 -0.158816451718222
0.0107634693915534 -0.0621116621969798 -0.141373905863186 -0.172642804634552
0.0341103099703952 -0.0501106544375594 -0.0641716791151861 -0.18292374944412
0.0455419519754141 -0.022401638319426 0.029860922334361 -0.153672035196384
0.0511710606416769 0.0151580084951689 0.0697368272146459 -0.0767148030730137
0.0408209120079601 0.0349210276600397 0.0499983281119477 0.000622023239762395
0.0192314933551918 0.0500065602755555 -0.0328948585937577 -0.0412241333487978
0.0123280953071908 0.0956777871616742 0.0254542995722832 -0.185181244188171
-0.0536675388873355 0.0639856062537474 0.019008769089369 0.231147937571937
0.0140684208951592 0.0704601574963559 0.0791791341434452 0.0866165351542141
0.0711255622162249 0.0211991047487773 -0.0322880864367913 -0.0280368177096437
0.0598066084158623 -0.0486698659091281 -0.0947660143254105 0.0389526965879508
-0.0148644801570528 -0.0665569656595543 -0.0729809849764385 0.148039341192228
-0.0512166590831503 -0.0325841421413679 0.0213138748925362 0.206305039064857
-0.0673614553972961 -0.0188163022515023 0.124103258450575 0.197002100909989
-0.0664086180833708 -0.0161182116311644 0.167355876972174 0.165912759576385
-0.0678551979540838 -0.0238508542487266 0.136207338356509 0.188250257881786
-0.0420884851049093 -0.0440826002823697 0.0512047920960728 0.180928295072289
0.00153999403906339 -0.067842927946084 -0.0271250779355947 0.123334745909668
0.0695806444063039 -0.0420916206732593 -0.00041709448875337 0.0527550319928575
0.0645437343033513 0.0340435412806281 0.0545508025670979 0.0639638069998705
0.00251581916855021 0.0545543658800533 0.0609151097571301 0.223967328723932
-0.0392304930602171 0.0357027425730139 -0.0815154054815105 0.390188828004065
-0.0531133989927262 0.203421008258118 0.0391680889596591 0.185607231943817
0.0581569326775555 0.176992884716143 0.0815120325119567 0.0646585397082368
0.169864397211859 0.0765423760526237 -0.0307856753719025 -0.0422673965417289
0.16148206511533 -0.0692054136496247 -0.0949333794857233 0.0112783449734341
0.0290728162889913 -0.145761183795911 -0.0894283568642008 0.128861951791729
-0.0587271364193072 -0.111221116036181 -0.000731672366189952 0.184254451363015
-0.106881314687462 -0.097690406931651 0.0901904484433205 0.180563163252459
-0.124259900597079 -0.0878571823747936 0.133626355271322 0.147766020632614
-0.122848934859511 -0.101400895456931 0.110674864556911 0.162888722835107
-0.055072548019367 -0.126158274497071 0.0328290836899442 0.145570561718375
0.0300003857133086 -0.152647459071208 -0.0306638365649726 0.0895480315481128
0.171392360869294 -0.0881535931021956 0.0167724876353923 0.0224024170578533
0.185082489939987 0.067099994530147 0.0769118506822074 0.051938309994619
0.0637204332882862 0.166144302213154 0.0852141652643128 0.221106789489936
-0.043627635389597 0.187520612759508 -0.0446392830581862 0.373192340008843
-0.047840055445047 0.319473784093529 0.065875775083626 0.104231502948843
0.0980906519109407 0.270015321797482 0.0769620897362278 0.0211482581399169
0.257807362850133 0.124645552105367 -0.0336837775655449 -0.0550147282479731
0.253273257303217 -0.0855858283454422 -0.0878680691475579 -0.0128715405501868
0.074945793015945 -0.212509526456006 -0.0920892764997329 0.0965674999007883
-0.0554096072709727 -0.179796680576526 -0.0206418628495727 0.137227921863701
-0.129139758172585 -0.165132829713362 0.0437362178637343 0.13662239773716
-0.163253412785442 -0.147648525000083 0.0781888564031516 0.108531153048551
-0.161591412867202 -0.162827212857888 0.0660075792494308 0.115664380482726
-0.0658995011485077 -0.188539218466298 0.00682177140891907 0.0897645265710648
0.0462673777026592 -0.220054867704297 -0.0327377312077019 0.0405378374728332
0.245482729318368 -0.135531757328435 0.0308820054051136 -0.0157200884150307
0.286061676402579 0.0777751489115177 0.0924109657692804 0.0320668579424067
0.127813520015006 0.247103385664948 0.0969657293436379 0.19218369238122
-0.0339075663534037 0.310556634893536 -0.00827723677275712 0.30848127301454
-0.0297672156494744 0.396247901361814 0.0926998307818458 -0.00661287488809876
0.137935280834119 0.332124097481274 0.0627261311596178 -0.0444467645961465
0.324368410570491 0.153447290817092 -0.0414773863490066 -0.067405442886668
0.316362541592326 -0.0990394595916951 -0.0727985896052268 -0.0350334882130755
0.108388474220598 -0.254990133513066 -0.0796378758325794 0.0511962078706767
-0.0450923459025846 -0.223474870340172 -0.0351854928043871 0.0672982081460745
-0.132588477022573 -0.208237681852422 -0.007755456530494 0.070056075719409
-0.177059941850852 -0.183876235269643 0.0113404629274794 0.0525595767410232
-0.176301780730555 -0.198611854103645 0.0096332011383154 0.0528203926144274
-0.0680987928025645 -0.222345349440602 -0.0261343756331957 0.02010889441805
0.0529911544209484 -0.254862929756651 -0.0349219471123404 -0.0182355272427201
0.281619122038657 -0.16541404988151 0.0394776365880703 -0.0559052350778721
0.343167447772536 0.0733290269254851 0.0965849470109352 0.00789909352045168
0.172572490468573 0.284499801630659 0.0879097983351578 0.142727659060556
-0.0184440483414686 0.38196016410108 0.0177645359784352 0.206328545888328
-0.00538732047318408 0.416291088685851 0.113800872980968 -0.132800613669809
0.163510320975254 0.342411275676734 0.0379825189263569 -0.123079907811423
0.344023138814937 0.154131860654721 -0.0488192273725023 -0.0782209275074052
0.327293244629699 -0.102739354767621 -0.0498516923125672 -0.0549761429520257
0.120589565725579 -0.258648332602306 -0.0554731054795255 -0.00570469008327756
-0.0307485257730097 -0.231779902942013 -0.0444566568990146 -0.0164144418308916
-0.115966025537428 -0.219786479895151 -0.0589629898488611 -0.00824815544848504
-0.164033168113821 -0.193042044731132 -0.0574059503445082 -0.0105470628887869
-0.162083662153192 -0.204104162190143 -0.0506974113865335 -0.015932072228646
-0.0561378322645168 -0.222170821122082 -0.0582945711328259 -0.0509658501596438
0.0574573173321478 -0.245512963453647 -0.0350238906400263 -0.0770177091359039
0.273694291642185 -0.156719989265575 0.0452496444320551 -0.0894317154521414
0.337000297923811 0.0678431749596626 0.0895809723116071 -0.0109687236995095
0.177281269446634 0.278157454318438 0.058734226166436 0.0845959693613458
-0.0045240382386041 0.390220405402199 0.0299814851161315 0.0853308450889222
0.0246429313357898 0.37185513530833 0.123582599212256 -0.254996540148965
0.162582806522016 0.290520538507592 0.00765690349028051 -0.196279930971243
0.298749907023033 0.124354981235412 -0.0517960539446139 -0.0836384797104959
0.27504646483552 -0.0861603958878833 -0.0222575409370892 -0.0688819128358568
0.107650830236479 -0.213702274650854 -0.0245741242712888 -0.0639753432793954
-0.0135108803253012 -0.199003576862527 -0.0477149493146067 -0.0986605973667771
-0.0823937994155424 -0.196257730547121 -0.101742045069283 -0.0867199624306742
-0.126181479442122 -0.173645274907696 -0.116998562583938 -0.0723357425719442
-0.120260664981085 -0.181368932331946 -0.102694403957398 -0.0814273647392812
-0.0288255178607068 -0.188447362276842 -0.0800787981444624 -0.113462999249021
0.0612906966548825 -0.192334645146978 -0.0247959515366776 -0.124911527308897
0.225355359806487 -0.110413695368133 0.0519964429966011 -0.105183149459041
0.269143770544063 0.0646293285129003 0.0772920956079204 -0.0180923058413141
0.139807204405058 0.229272600531426 0.0222301718249018 0.0305208656555797
0.00204442628681586 0.336718468617161 0.0324437939597557 -0.032440618988332
0.050489498181499 0.267820381731885 0.117962666747711 -0.348824426894057
0.132222691732667 0.185687309604716 -0.0246206242056415 -0.24846641670163
0.195883836412365 0.0723306583776519 -0.0513608028379103 -0.0805261373983052
0.169804348211829 -0.0526735986340588 0.00181438900504459 -0.0715754263422736
0.0749192304238135 -0.129516080314509 0.00588605802360303 -0.10693668459513
0.00611090274520142 -0.131550413577047 -0.0454595099476555 -0.162365592102647
-0.0359269072166263 -0.140325813337765 -0.129514594737406 -0.151066031770287
-0.0679994328276518 -0.127056684763335 -0.159268424546055 -0.123752898479395
-0.0595756813633803 -0.132539506783693 -0.1372408737326 -0.135323252361449
0.00468073037571855 -0.128751265475977 -0.0834674024862691 -0.160319145657387
0.0597117122991411 -0.112744319866539 -0.00284658043059147 -0.151982698554046
0.147986964577881 -0.0442504832612066 0.0615103619815729 -0.100052636907166
0.160933859800066 0.0578121838078648 0.0644529851004872 -0.0125127258101868
0.0794371610103684 0.14979923265839 -0.0108321221661189 -0.0117735919726315
0.0068616871480914 0.233119443491146 0.0291680344157528 -0.128119664729797
0.0682155475336125 0.120334947300776 0.0965375897621133 -0.40103142036289
0.0811969086821977 0.0536113438825294 -0.0570239128635091 -0.274157164334224
0.067088292400468 0.00992045359499366 -0.0553230432776129 -0.0706285919963109
0.0426366050483081 -0.0132311730481941 0.0141566235376187 -0.0606453275669311
0.0310184083592665 -0.0279043485672392 0.029544219299019 -0.12621050700156
0.0248324222602677 -0.0436559863532287 -0.0386579551041208 -0.195666817700622
0.0167441139679861 -0.0619595255367872 -0.139201915504951 -0.189967580042624
0.000936020210328745 -0.0610883244567437 -0.178144505363787 -0.156221729398211
0.00911311851548119 -0.0644064993738099 -0.148504532306732 -0.171705692364833
0.0334151582861842 -0.0528382778458444 -0.0707269334026919 -0.184691759767791
0.0454311437816413 -0.0239175268062496 0.027478995709437 -0.157178639140072
0.0536850183137077 0.0134996543829763 0.0696733570819972 -0.0793112507191198
0.0435841525789009 0.0339356616612513 0.0521810937517047 -0.000868706367960907
0.0207815058972462 0.0512935519760602 -0.0328396604280159 -0.0418174977692379
0.0150524900596257 0.099467723793421 0.0228329663173615 -0.191362409851499
-0.0525293838285126 0.0670525365745972 0.0249662035656363 0.23802987612146
0.0168394767700426 0.0709327399561442 0.0830724181896232 0.0862546728669006
0.0731145760663535 0.0199030361754971 -0.034237671024549 -0.0276615395500221
0.0598405196811361 -0.0522827645774033 -0.0954110375374256 0.0430099086562617
-0.0171249205056109 -0.0670841597745104 -0.0691023369061922 0.156253638477296
-0.0527610655341674 -0.0311286943442642 0.0310020496997755 0.212984303808875
-0.068986734155262 -0.0172393640109062 0.134790800612376 0.196465441354176
-0.0687773934205736 -0.0132068364803016 0.178805834576416 0.162272371855514
-0.0706672562545913 -0.0205938550815828 0.149324326654912 0.18683394619526
-0.0437739220668767 -0.0430696710380836 0.0608459426021208 0.183536641589508
-0.00136822430061055 -0.0694631134471047 -0.022464073278489 0.129423463844946
0.0696337657738266 -0.0458268872716823 0.000444137142148747 0.0545171311006828
0.0675707362309735 0.0320363620902554 0.055452085569737 0.0646089040252241
0.00482419486930287 0.0547342268562202 0.0686138403260675 0.228226503829567
-0.0388788632475011 0.0368637706339377 -0.0719746952263327 0.404980556706427
-0.0468165572984634 0.209595885302285 0.044813356305067 0.190509020155824
0.0647813999887633 0.179395334682302 0.084896184155445 0.0643354704125258
0.176030759908991 0.072717010815019 -0.0327893828106978 -0.0416812025986616
0.164446728135047 -0.0769921307025123 -0.096611637990522 0.0143901476428191
0.0255275621258787 -0.150520302560714 -0.0854872791659283 0.136272156870509
-0.0627827400465112 -0.112692286333858 0.0068770015130957 0.190321401818086
-0.113264715961612 -0.0972232253749586 0.0995249554706884 0.181290712579578
-0.131758419857237 -0.0851817902198335 0.142934183973616 0.145380585823878
-0.130646205578985 -0.0986388410261489 0.121266866657154 0.161721545180633
-0.0605118985378078 -0.127778653491435 0.0405441761401977 0.147964305437414
0.025526131633213 -0.15784033743875 -0.027331536008642 0.0943812872174486
0.172823101524132 -0.0974790443759513 0.0170736853965288 0.0223845987622827
0.193194768163302 0.0621700191793292 0.0786229639379292 0.0517856392264745
0.0716465482378038 0.168575014791014 0.0933289151785588 0.224928788020964
-0.0379240388938919 0.193646130717613 -0.0343599093027358 0.385666523653967
-0.0371284837155306 0.329079500452458 0.0696109466828983 0.105074994486959
0.10887117527078 0.274449314502954 0.0792481751896186 0.0205021327518066
0.268056242812675 0.119345682740953 -0.0360103594483551 -0.0547801627408311
0.259175285118932 -0.0963585394250205 -0.0906419965450328 -0.0117295785949023
0.0687769044118708 -0.220466777139372 -0.0896296238862201 0.103714236123636
-0.0620419404879212 -0.182589591173821 -0.0155046443790352 0.142763509070412
-0.139005808639536 -0.165910070506008 0.0503741102597759 0.138639304641781
-0.174733830702264 -0.144459386727974 0.0847453843761881 0.106729569931971
-0.17272887706816 -0.159870045259375 0.0738809452829184 0.11445469697709
-0.073955267710074 -0.192396995453815 0.0110808517064706 0.0908179151370479
0.0400262978025817 -0.227271620001074 -0.0311578513115598 0.0433500014999564
0.248545546295524 -0.149193860300293 0.0302897337113718 -0.0171165617953133
0.298074607966315 0.0692234289517999 0.0949974179741596 0.0305620630686829
0.139477574260616 0.250486939846388 0.105678299003833 0.19402568210055
-0.0230135103403605 0.320628304057926 0.00148371030699438 0.317495598410105
-0.0180275735202359 0.407397512412165 0.0943838302339367 -0.00925815575865855
0.15171163608909 0.33751447483742 0.0625878975296158 -0.046862713013842
0.336849527341525 0.145802435272485 -0.0442765503294057 -0.0667537762867571
0.323676606535248 -0.112405809241906 -0.0762868143281701 -0.035621525768948
0.101506153352928 -0.265812905975656 -0.0782856661389448 0.0564932637423762
-0.0540596314892688 -0.228465549486847 -0.0334823329284335 0.0707495328939205
-0.144554049593365 -0.210706840068731 -0.00479405634229652 0.0718758819287745
-0.191369676034168 -0.181178350641407 0.0143611522384124 0.0526780741603027
-0.190019523317464 -0.195151137389269 0.0130249110800762 0.052599046029514
-0.0780374997047437 -0.22783870587178 -0.0254015169230969 0.0213410351731268
0.0454346487917306 -0.263090351440474 -0.0360180646052326 -0.0172251827727474
0.284375401511027 -0.180999390700977 0.0381677516734946 -0.0586244953074306
0.356077789570407 0.0627150811870442 0.0988918211876866 0.00569317122722146
0.186763467783783 0.288742059443518 0.0951662740151008 0.14239601144631
-0.004921391935824 0.394145084984792 0.0248396472442503 0.210895621378418
0.00860200862693193 0.427537768080432 0.112737894642722 -0.14089220954727
0.177768612775824 0.348001514076194 0.0359205609387706 -0.126188481168462
0.3573969124023 0.146214516851725 -0.0518477395557154 -0.0773540823982772
0.334589705834922 -0.11659114986277 -0.0532673777697267 -0.0557387207695522
0.11413168468101 -0.270202966146274 -0.0557244533721043 -0.00320887379631434
-0.0398891800108593 -0.237831341587843 -0.0459709571618526 -0.0155173556255168
-0.128562687821909 -0.223701749716783 -0.0603723895286117 -0.00718272872409961
-0.178843242580157 -0.19148654263402 -0.0583758436914626 -0.00889625175763863
-0.175702466292893 -0.20192731690124 -0.0515497776352239 -0.0147481749863838
-0.065603967368496 -0.22764786218203 -0.0616252086895406 -0.0504516808146424
0.0506428591842822 -0.25345793162766 -0.0377691410820059 -0.0781701665524964
0.276978008121646 -0.17240627082518 0.0429060292194793 -0.0928789263546698
0.349639463291313 0.0564730726381865 0.0920745703000196 -0.0140848950745037
0.192049511190086 0.280801333740719 0.064358106698639 0.0835823840643825
0.0100500485277914 0.402061325253905 0.0336062955843179 0.0859904717824214
0.0377641881824259 0.381082002608787 0.119355799729897 -0.265799509041409
0.176290853820723 0.295643527044374 0.00216812319565896 -0.200962269030448
0.31066568382048 0.117551070433501 -0.0551238829853787 -0.0827964469887801
0.281115878093321 -0.098640631967515 -0.0256965837207683 -0.0713063034393068
0.101981540083304 -0.224011837873182 -0.0265394397743098 -0.0640972263618389
-0.0211848979654221 -0.205345745674496 -0.0536153541850438 -0.100548791908674
-0.0938377180951158 -0.199878716616765 -0.106638411046615 -0.0849633978366201
-0.138662069747394 -0.172802177909076 -0.121926204791947 -0.0696792836769277
-0.131933097797455 -0.181264698312412 -0.108627131350481 -0.0793132158023328
-0.0365989253137354 -0.194272835699016 -0.0866530254542426 -0.114437536195013
0.0562699457290614 -0.199157346696826 -0.0294652035191225 -0.127170676682246
0.2292243907286 -0.123007666483897 0.0494618404212541 -0.109482039176896
0.279205150340427 0.0557524245663052 0.0792669453812421 -0.020914866418569
0.152219367334553 0.231645080433943 0.0252272760492047 0.0293832417607773
0.015140037844114 0.347365364295431 0.0327428613607733 -0.0352706178818846
0.0612817803890118 0.273674730679649 0.110649179762254 -0.362928580331056
0.141514162918174 0.189093064070838 -0.0321869225083021 -0.254460164228378
0.204150954576299 0.0684485240571336 -0.0550806111968841 -0.0802756362967777
0.174230422419222 -0.0604730509410605 -0.0014691972889043 -0.0742605655660358
0.0719579316574019 -0.136665720647632 0.00232460590178374 -0.110544646013508
0.000631444498399504 -0.135718595376489 -0.0535614751764334 -0.166593291433399
-0.0437955440075289 -0.144382569017083 -0.13810669970856 -0.149502649325069
-0.0766464857727772 -0.12820092515865 -0.167716241152019 -0.119480046576223
-0.0672102955603668 -0.133698410227683 -0.146762373733053 -0.13281975672315
-0.000446624647228068 -0.134112558064768 -0.0927627532853795 -0.160877294310341
0.0572142033789591 -0.117751054545637 -0.00779325115777274 -0.155765171943032
0.151151638790633 -0.0524273424256008 0.0595020089830412 -0.104339195198108
0.16766631676017 0.0527960350606958 0.0667042183185575 -0.0147864535861495
0.0872382976562374 0.152553973375173 -0.00989751845133944 -0.0128784345911301
0.0166570580887275 0.240740866038592 0.0264886931943264 -0.133891154972832
0.0738733443791579 0.121650008811255 0.0881008264375516 -0.414816510594002
0.0846445855386143 0.0542661396474403 -0.0657500286871244 -0.279261698662227
0.0698653086067597 0.00830154232175109 -0.0587469678811556 -0.0701056671414056
0.0446929969277511 -0.0148145874961335 0.0119008820081944 -0.0630667302524627
0.0308081175767 -0.0296110285207551 0.0257670199467042 -0.131971440527295
0.0225247069867923 -0.0460694846013001 -0.0482501633248249 -0.200523125457133
0.0139301247020701 -0.0650081331774541 -0.149240570451512 -0.189139256236419
-0.00251531071386774 -0.0633245489495105 -0.187988243838313 -0.151996607857987
0.00581662347990043 -0.0676863462569294 -0.160584990019059 -0.168188585954616
0.031666129387381 -0.056599222502906 -0.0805204675932095 -0.186192561652519
0.0461924959098886 -0.026687300912883 0.0214413539452954 -0.162695063695154
0.057035288208339 0.010893040364435 0.0688376088735802 -0.0830628350322372
0.0460850199414834 0.0330981179506522 0.054654052017372 -0.00304165291997484
0.0231945124243004 0.0532502055689415 -0.0341735542629667 -0.0429472804394425
0.0197281318812137 0.103239813553632 0.0168098583033585 -0.198880340182399
-0.0497674589348631 0.069898274182147 0.0364335715280864 0.242869014872445
0.0208249953068324 0.0701776673756788 0.0874913247019942 0.0845381826652163
0.0753697128355186 0.0165116050366264 -0.0364103348245918 -0.0268218956092027
0.0578774986884428 -0.0555188697427132 -0.0938602364175022 0.0480649014769899
-0.020596262183799 -0.066960201067351 -0.0606782691870583 0.163177247038939
-0.0537575505306467 -0.0289516185458493 0.0435459350556714 0.216143618789145
-0.0712891478979921 -0.0139329329760907 0.147821511626 0.192668035675637
-0.0705279170543482 -0.00970583665253405 0.188921651441692 0.153892706385831
-0.0726927929300889 -0.0164581081426788 0.163018618884072 0.179859823737514
-0.0469090695803292 -0.0412457557133522 0.0736242792052194 0.183931866955434
-0.00429079730344595 -0.0701745155472124 -0.0163200532101413 0.133613211558764
0.0674536695818077 -0.0499264531675155 0.00249335930047168 0.0551899391715985
0.0701281649398045 0.0287917319611951 0.0578555961163748 0.0639601860838208
0.00644301084828157 0.0546685445935637 0.0794565592004915 0.229872997431528
-0.0374407060108849 0.0381968673710685 -0.0540893840657241 0.415236744114484
-0.0369545328252508 0.213913391377569 0.0525390346114082 0.192795707307465
0.0740205456950645 0.178585834361023 0.0884527319282218 0.0620999063338912
0.181437173455233 0.0650767106093171 -0.0350795713652155 -0.0403929742126233
0.163933937538788 -0.0858539574123845 -0.0967179826105976 0.0182738542778987
0.0184878463845936 -0.153587180986929 -0.0785039168107971 0.144240295567172
-0.0683461268783722 -0.111795412567167 0.018018210067611 0.194214115295214
-0.120722574133454 -0.0935210483157069 0.111376446771728 0.178933551370713
-0.138965916546426 -0.0787723478644036 0.151464362805833 0.137944510820317
-0.137890541249533 -0.0918925030709672 0.133346605807832 0.155780110768803
-0.0679231140007042 -0.127608880386173 0.0502628458515118 0.148030002658752
0.0182843409374791 -0.161529339979938 -0.0224531854040435 0.0976193220353381
0.17097711654145 -0.107826982831355 0.0176423766945776 0.021551726541085
0.19989413595817 0.0524573010972832 0.0806716627828963 0.0501090638737988
0.0801554486770149 0.167936642465975 0.104973932664416 0.224317395648507
-0.0278420495296861 0.198751637551387 -0.0174003310034323 0.394483692120579
-0.0216079718984906 0.335220125709162 0.074052932293371 0.104505640693114
0.123525193258803 0.274300266317652 0.0809302128499689 0.0171195721557371
0.276117798731621 0.107743239102889 -0.0385210912992737 -0.0523480644061119
0.259529137655624 -0.110914081243776 -0.0919740729479846 -0.00870529397868395
0.0591258820719071 -0.226864531786947 -0.0836644840115627 0.111364897198902
-0.0715339658346659 -0.183120037351969 -0.00791502768130346 0.146101555237832
-0.15128332528289 -0.162435375653477 0.0593677509807415 0.137734417419313
-0.18684157327899 -0.13633135261392 0.0912318810223486 0.102289882681884
-0.184678569707017 -0.151902908630753 0.0825784379651807 0.110598055038836
-0.0850861069725384 -0.193720444830431 0.0166579699580551 0.0915818520535726
0.0298105032054382 -0.233293851204548 -0.0289414949646229 0.0457881442425013
0.246096883452163 -0.164729871541918 0.0295334863293078 -0.0189351077550019
0.307154936291207 0.0543266649692634 0.0970132910552189 0.0276581109198891
0.154056684390769 0.248738471868115 0.115661482566197 0.192041345449495
-0.00676786398063396 0.326891685252284 0.0163415211799979 0.322566168386652
0.00261575210548189 0.413567469841524 0.0943925144686746 -0.0140118770909287
0.170063629926309 0.33659849720771 0.0615343005078154 -0.0497786361373288
0.348551773035501 0.131593059108243 -0.0472050057047504 -0.0647428581294398
0.326105868366262 -0.130499369119994 -0.0790130104095553 -0.0335001075665018
0.0898900596924614 -0.275519290362508 -0.075077451339979 0.0624504109981668
-0.0656661988490031 -0.230116956672544 -0.0303023750374037 0.0738463270336514
-0.159116686009846 -0.20807620446579 -0.000523298963904385 0.073263780479772
-0.205648467485869 -0.173477127620075 0.0176065078964895 0.0517067951397815
-0.204467062672148 -0.18694674017801 0.017102104199691 0.0511316595260242
-0.0909341759817523 -0.229350651654961 -0.0245248701864 0.0223189205876804
0.0343251411619875 -0.269988972192781 -0.0367724023447554 -0.0152837501695197
0.282037393124827 -0.200295158143564 0.0353702142339341 -0.0615516064029427
0.36603959599928 0.0439154003218921 0.0996857378638714 0.00181488658774341
0.204151998810876 0.285900302191914 0.10338760393776 0.14002725982393
0.0163236282732766 0.402022573391815 0.035810060910699 0.212885190125441
0.0297255216131641 0.432607140383795 0.107686775754444 -0.148217951084652
0.197916331095713 0.346605234485288 0.0306741045711509 -0.130053713002782
0.369123668757391 0.130916924836376 -0.0551083177086897 -0.0756796480248637
0.33791837242364 -0.134978447941952 -0.0577486946130233 -0.0558691749928651
0.101927273781115 -0.279990266673046 -0.0551313172305747 -9.89922103709009E-07
-0.0529320759472009 -0.240610137510525 -0.0481876128848218 -0.0142529892465491
-0.14438429496346 -0.222602991953471 -0.0605414105708978 -0.00394799662324785
-0.193879410482268 -0.184115750889325 -0.0590390087794995 -0.00671772309996457
-0.189945254007796 -0.193986056191693 -0.0524067272435674 -0.0137007902287884
-0.0788138511742675 -0.230504775947488 -0.0654726362089838 -0.0483346288602711
0.0394736520736762 -0.260486161379816 -0.0417462287742705 -0.0772996880960819
0.273903411130705 -0.191176828080626 0.0388119290393901 -0.0960733360504385
0.358812292491264 0.0381105450214857 0.092631508379638 -0.0182622211720923
0.209481995211195 0.277560862541767 0.0698109545958092 0.0804411962949667
0.0316481455021203 0.410023235692241 0.039237912339139 0.0848558771578002
0.0563589991583982 0.385253022507016 0.108942882511789 -0.276306367321316
0.192977279053357 0.294228046805001 -0.00627560893940788 -0.204601067980692
0.321171827138298 0.104673643949211 -0.0585733023811675 -0.0810079065182483
0.284234240654806 -0.114429329971931 -0.0308755438893201 -0.0723186995581337
0.0918460073763101 -0.232981579652584 -0.0290037402590534 -0.0638473715833228
-0.0330049677856068 -0.208517748603701 -0.0601673738852901 -0.100325076304287
-0.107930614123876 -0.200390823357498 -0.112146350221662 -0.0810813932975562
-0.151574294424951 -0.167930820185544 -0.126445710569513 -0.0642045452121107
-0.14555145134331 -0.176008014788429 -0.114017700752036 -0.0745856828726727
-0.0476186186929316 -0.197250714456747 -0.0949802258769316 -0.111714177951297
0.0478728797682331 -0.20515248378612 -0.0364786815669603 -0.127879827074753
0.228026664847114 -0.138047791900276 0.0451635621759923 -0.112782870825407
0.287575905733552 0.0412281409175688 0.0803975577014209 -0.0254000605724644
0.166774872306662 0.229585228133221 0.0277700726816349 0.0272224149685883
0.0354459255063164 0.353278010743466 0.0316406390275355 -0.0388928732337461
0.0751158164725484 0.275427463766419 0.0963859848965529 -0.375051039760872
0.152775870929673 0.1879295037005 -0.0433796715093209 -0.257350390520165
0.21156794855228 0.0599877409536252 -0.0589881527385556 -0.0788603516170344
0.176947623587217 -0.0702647348981972 -0.00613008213217963 -0.0765106788989441
0.0654985188980846 -0.142217558256274 -0.00275678414878905 -0.112668769425825
-0.00766508091943426 -0.138659594603035 -0.0643048207721088 -0.167694346189216
-0.0542764733782643 -0.145969384024541 -0.147501776825358 -0.144727087459579
-0.0865045760763543 -0.125997751558715 -0.175444856147478 -0.111927967455891
-0.0767539816204817 -0.132527391123247 -0.156075116320455 -0.126357999639629
-0.00776307839766738 -0.137765334533404 -0.103964597686931 -0.15879498690178
0.0526607863958267 -0.122302394699034 -0.0161047275383919 -0.158494680362234
0.152572991360004 -0.0625981393302696 0.0553286827024219 -0.108285880199839
0.173809608826404 0.0441429353451743 0.0682001148617003 -0.0188815014947688
0.0968272720372773 0.151590731091944 -0.00934892094099153 -0.0142570468457968
0.0307806672962003 0.244789475833788 0.0202141325554693 -0.139087642701929
0.0804423098290762 0.121113230391066 0.0714793062132346 -0.427201373060291
0.0881080957370813 0.0535002406114387 -0.0786258793752916 -0.281463274482442
0.0717003029544969 0.00579673036199565 -0.0619747389970094 -0.0688607434670526
0.0461642713965409 -0.0172129795172603 0.00827961897157806 -0.0646785909567056
0.0293615215792754 -0.0317496330545954 0.0185736842885317 -0.136169941052779
0.0195949418000395 -0.0484579196901793 -0.0608858063993737 -0.203682694682194
0.00919229065581877 -0.06758627359221 -0.162350103281845 -0.184709524720417
-0.00715517536994767 -0.0642827954940192 -0.197784163721873 -0.142907221143619
0.000943768413406786 -0.0692107747135759 -0.171513681009431 -0.161178075118636
0.0284193391219567 -0.059844227910111 -0.0925269997143941 -0.183767199546384
0.0454784309635382 -0.0295915293856344 0.013352976983907 -0.166344016953104
0.0590698322011134 0.00665711600025986 0.0657917585069584 -0.0870977189497828
0.0492012002078759 0.0304609110572026 0.0564871932155212 -0.00670373905832891
0.0273135345686615 0.0545722267344512 -0.0351634359253666 -0.0425174927096726
0.0263416468148587 0.104972105539623 0.00772125927401821 -0.204396438430991
-0.0330925148091716 0.0800484445431887 0.0699401398678604 0.2292416310189
0.0345169335371107 0.0640192128356762 0.094365799838781 0.0697286813313098
0.0754805159232292 0.00327122628039184 -0.0421984129055239 -0.0167329251926137
0.0453173302666921 -0.0629563679940729 -0.0826471770556003 0.0655670766058643
-0.0296785245444886 -0.0580450223162187 -0.0292545921830334 0.17021464498119
-0.0519179163782932 -0.0161699669650465 0.0799719740638263 0.202989452496464
-0.0696382017351279 -0.000548992042026349 0.178352605580341 0.165502939188825
-0.0662593615189958 0.000829387643430815 0.206962391292562 0.120059335910662
-0.0704490263917819 -0.00416795581624105 0.18660754203987 0.153815617130143
-0.0500336908620165 -0.0340161908542295 0.0991332316090137 0.172863476005896
-0.0141680792068286 -0.0678181456583037 0.0028247232827915 0.135440993491416
0.0589597750721409 -0.0605849234833559 0.00720487906388019 0.0559342608328489
0.0734947811880658 0.0163582871389358 0.0619505394513657 0.0569271933099383
0.015141855935723 0.0490051054514002 0.108405727833939 0.218769413831924
-0.0279585187411534 0.0411723176487455 -0.00355544239407008 0.416398694636713
0.00425530374251742 0.218092681418685 0.0722984644801616 0.174460554032259
0.105649394668713 0.160764745363334 0.0864196605275027 0.0481442746067399
0.187799117059393 0.032014797154719 -0.0482703386267268 -0.0256385225055496
0.143880872118676 -0.112688410048979 -0.0922378801941477 0.0425710276753654
-0.00712251538956895 -0.148913839567684 -0.0463090147892394 0.15767146189318
-0.0800252286193573 -0.0949495439734241 0.0533911755482099 0.186059860935557
-0.13444730870551 -0.0717133708615365 0.143902646406173 0.160105235996267
-0.144456385645815 -0.055978076110624 0.16949181953639 0.109053805617593
-0.148467793269025 -0.0682776166733922 0.154760067456389 0.133154461437923
-0.0859046925195343 -0.117307552714224 0.0723295804738202 0.14154220396041
-0.00627173505735921 -0.161446877535155 -0.00742288921014959 0.102680899320955
0.152880031562925 -0.135927858626313 0.0151564067145391 0.0227805865680936
0.204843856075176 0.0199089695229397 0.0803777622878748 0.0379996160228436
0.104333768161014 0.151095901858902 0.135622754774992 0.207413671696282
0.00385276843711256 0.199640991711498 0.033553706258182 0.387971752744295
0.0399953590685191 0.333158982364113 0.0741750191943217 0.0827431118220493
0.170962047139267 0.24465389253816 0.0661447035524345 0.00582385910017344
0.287797855148536 0.0580732795202254 -0.0569812092060079 -0.0335568438751395
0.234053560984993 -0.154304708411802 -0.0937662033362255 0.0201946234130052
0.020296172286383 -0.228033429937374 -0.0540059424296692 0.128441968725342
-0.0956799596609445 -0.165373263180109 0.0225351618847734 0.143892146217736
-0.179268719898317 -0.135986967077551 0.0883603963895025 0.130333900681448
-0.201197563331234 -0.10539544569773 0.106521760565891 0.0827942155807607
-0.20587569415209 -0.11975722602352 0.0984351681916222 0.0949296450939285
-0.114137945298398 -0.179812679094358 0.0316894367490535 0.090520753179026
-0.00665069301844662 -0.2339842286687 -0.0201163026390805 0.0536176676093244
0.218257688709092 -0.205211756688724 0.020372650050764 -0.0171615548631849
0.310173428129434 0.00562367864210209 0.0909128801426678 0.0127076987605897
0.18889208435783 0.220699803195203 0.143544406502255 0.171029191449688
0.0424030815848295 0.325124291090823 0.0615352658362286 0.310958114220137
0.0752739185476506 0.402463745588411 0.0726332179173222 -0.0362493394413908
0.225945499896066 0.298459381198909 0.0337311464137195 -0.0565641811777377
0.363293882275924 0.0699490014579232 -0.0699883918165684 -0.0410180816956254
0.296321344398022 -0.186172612421595 -0.0867867336729839 -0.00261061079673078
0.0429743278061049 -0.281409638836449 -0.0512424539174893 0.0806435423517329
-0.0992549622008198 -0.2134493954261 -0.00944859321376432 0.0768346661045646
-0.197710325516735 -0.180574141208177 0.0206413555884117 0.0784138900376952
-0.226713575080068 -0.138594571169877 0.0281516517139697 0.0434597908397003
-0.23253110002222 -0.150315779763703 0.0255801945770144 0.0454558535247176
-0.126652932784617 -0.214304510229952 -0.0188198179061811 0.0278827743391149
-0.00861109931700594 -0.270209509401491 -0.0355121650729432 -0.00597352200730456
0.24821011914791 -0.246589468339381 0.0205325339379559 -0.0587725020888511
0.366834137512596 -0.0135315828837249 0.0901041894406347 -0.013708974768324
0.243904855458832 0.251117685665485 0.126053946539066 0.117954722127446
0.0749231346560279 0.396416004411677 0.0700249363322781 0.198492855408097
0.10492687745329 0.414972055562803 0.0642020496161867 -0.169272525735024
0.253223158767341 0.303033243254976 -0.00917851139096656 -0.12984955555436
0.384493353919777 0.0651234615616017 -0.0800107854071494 -0.0489312379470588
0.307411670679241 -0.194346985151457 -0.0701399924566786 -0.0267295394649889
0.0526957027817511 -0.289770937415979 -0.0414345968576313 0.0171464751416897
-0.0901099658015861 -0.227139821048922 -0.0412364264390972 -0.00553146108758975
-0.186078956220396 -0.197867405092336 -0.0508767458314539 0.0123959835271748
-0.21832471733937 -0.150162517674608 -0.0544890127863375 -0.00154140124368366
-0.220935648722121 -0.159720073466176 -0.0515553868589608 -0.00819424075601482
-0.115856102760826 -0.21632726234046 -0.0690836985239835 -0.0366527823018638
-0.00223243046772517 -0.261652968835389 -0.0493852214312429 -0.0668063793509759
0.241629673362334 -0.235707355581779 0.0199269294336552 -0.0940935029982993
0.357996871364323 -0.0179122141029744 0.0806120597038107 -0.0334744202413078
0.247298064757677 0.242691253329379 0.0851900786299483 0.062658864416405
0.0909928216042052 0.402969946255087 0.0581624485053059 0.0714331443287772
0.121121413600611 0.362114444078824 0.0478829422814175 -0.292997605371542
0.238081481439352 0.251764977608792 -0.0534194643365648 -0.197094639439508
0.332590174199845 0.0470367549266476 -0.081223655309851 -0.0562465293743629
0.260047939432942 -0.164934553339059 -0.0454398457474498 -0.0501452311767272
0.0508622606796269 -0.243663637319179 -0.0288452687651062 -0.0511985759612113
-0.0678789743970114 -0.200147085924808 -0.0686496003747702 -0.0877361616572452
-0.147358578365617 -0.182579307458126 -0.115295521835194 -0.0557251904086824
-0.176939319339504 -0.140334534208474 -0.129113150974533 -0.0461606697894183
-0.174958278345369 -0.148786891287076 -0.120807733493299 -0.0589715849200897
-0.0809929074650459 -0.188215597800302 -0.107247941553351 -0.0954388974503063
0.0138087231951545 -0.209385417611829 -0.0511187045173548 -0.117598186801137
0.203014413717185 -0.176718063134386 0.0247077676510565 -0.112870209077774
0.288490951047218 -0.00462246638518289 0.0693374773908723 -0.0388754969127914
0.198369468060069 0.202842166985002 0.0358240952516424 0.0161818141617316
0.0853309105705089 0.346366974266338 0.0352407030218099 -0.0492438185986633
0.11821046823059 0.249682722671868 0.0258226414517481 -0.384426840606531
0.17895821646395 0.155298693410011 -0.0925900217542288 -0.244300523488566
0.217181501999315 0.0221816596941668 -0.0767074373735688 -0.058766467963126
0.162557022761027 -0.102514502204186 -0.0204443995755575 -0.0633360688517956
0.0398234413439816 -0.151617973740559 -0.0144708836795503 -0.10659894355578
-0.0339349566083564 -0.137600738430456 -0.0862207061565822 -0.153098937039328
-0.0849817033620031 -0.137401616520351 -0.163387303364342 -0.114242655845025
-0.107397405457243 -0.109441319897666 -0.18409776185539 -0.0846630267353908
-0.101506823775588 -0.117446426687655 -0.169917773746226 -0.102589127667367
-0.0326647997209971 -0.13484603257948 -0.123654608463887 -0.141290069432957
0.0314890843664293 -0.128964259605999 -0.0363452672170674 -0.151059992860972
0.140866654488433 -0.0885417897074754 0.0379294978369942 -0.111610220503776
0.177349450171058 0.014983828180232 0.0613418953823079 -0.0311135817889337
0.119064184538718 0.136174567257452 -0.00801104278697924 -0.0180297529300119
0.0642938946525284 0.239883171822211 0.00954467324466076 -0.144949235851999
0.0957836866153208 0.0971340621480352 0.000811907510400125 -0.427443348921896
0.0907830313189722 0.0345587395239698 -0.123225605705857 -0.262556143119072
0.0710133310852691 -0.00647073031584292 -0.0728575033700182 -0.054314908311452
0.043327159782279 -0.0272043453384893 -0.00327200036299413 -0.0614895046065938
0.0227011398202104 -0.0384501779335027 -0.00282228988607945 -0.136419878475477
0.00691550066201707 -0.0540498556522186 -0.0920264207406453 -0.189259933832276
-0.00768751759839649 -0.0704216099490455 -0.187903793643213 -0.152153758204278
-0.0215631451860851 -0.061438674346692 -0.211984853727616 -0.10863269913494
-0.0147606541322579 -0.0684591590496017 -0.190909288963207 -0.133419102234661
0.0156664978756871 -0.0638808613404444 -0.117318946375478 -0.168865137535403
0.0386127048525473 -0.0369878694047215 -0.0097532628896573 -0.164662956038737
0.0586405354988151 -0.00473928962175487 0.0531644259256398 -0.0941723122821267
0.053132445734374 0.0210227219783072 0.054640998662695 -0.0166213356183302
0.0358634177791434 0.050851050461908 -0.0393968661114467 -0.0397341745099805
0.040123774142915 0.101984552435497 -0.0135205680264892 -0.205887680331237
-0.0299599961505389 0.0782136726762068 0.0746828551478184 0.224341752491243
0.0349175640793072 0.060066085307208 0.0937318736107413 0.0671226718116995
0.0737576463863202 0.00093933791122286 -0.041998683255844 -0.0147994546293376
0.0422395549229993 -0.0623374397786855 -0.0785840835597755 0.0658788075818354
-0.0308598010197437 -0.0559316409676173 -0.0220134607783107 0.167454427789835
-0.0501553541423021 -0.0147260205875421 0.0875677256608283 0.196674493391328
-0.0684920242698171 0.0017486973974111 0.181337444978342 0.155989054706051
-0.0651746914982331 0.00320911023492704 0.205676415814321 0.110709406147413
-0.0684161332751026 -0.00142069529026584 0.18847721201463 0.141983496998919
-0.0500840330179931 -0.032067830254972 0.104359072821383 0.1656890319644
-0.0166921669500553 -0.0657461405286486 0.0075205166050117 0.133274733252152
0.0552760303078451 -0.0607779772573934 0.00818271191846441 0.054868560509382
0.0721946072696619 0.0129490485354952 0.0616911427157535 0.0552684027175426
0.0148479413866333 0.0472199361931475 0.111719057294893 0.212451992052356
-0.0263446104564912 0.0402481990077704 0.00710668807942769 0.409181978742176
0.0103700701396657 0.212076831930145 0.0741031407899273 0.170927503119881
0.107710367722611 0.153369797173865 0.0851700450544662 0.045938730304872
0.184111157500155 0.0259261256556195 -0.0471571850339991 -0.0237420625646693
0.139136490222728 -0.114650342135861 -0.0901721222324854 0.0432758563700412
-0.0111871600044647 -0.145518821703711 -0.0385287372622087 0.155556885631734
-0.080360842375181 -0.0912644300468765 0.060311992084097 0.181423428067016
-0.134980262046957 -0.0655818419566393 0.147134406451781 0.151662574146377
-0.144567163867054 -0.0494085674082059 0.168613697085939 0.100560512775574
-0.147159155439284 -0.0608485073899113 0.156334083359933 0.123199662422833
-0.0879464979179486 -0.112945619194635 0.0758060971900016 0.135926041801102
-0.0113363272754 -0.158492219931402 -0.00352411275587903 0.101528542576215
0.14649518569732 -0.138928332998161 0.0149040758274548 0.0219125370956724
0.200922947208992 0.0126015636673553 0.0790667731877102 0.0367449012281267
0.106094778092427 0.144756386127032 0.137411703402474 0.199941829757782
0.00989281516414049 0.194499238021597 0.0434141239668196 0.379702717056319
0.0484877210906876 0.322260455084865 0.072977575773369 0.0812215107026105
0.174725468098727 0.234774755786348 0.0644661227905244 0.0048314719635896
0.283359247137854 0.0486442211682154 -0.0558592655577696 -0.0309307222485815
0.226616596308741 -0.159039514738941 -0.0924593135779636 0.0214872271370266
0.0136152550086742 -0.224043556505308 -0.0465342324840407 0.127747456019007
-0.0986177153826806 -0.160369903242798 0.0280769645102951 0.141427287132603
-0.181902522187688 -0.127696833351992 0.0925849447431487 0.124028349094991
-0.202454102674155 -0.0956452836760115 0.106509010277072 0.0766089488246646
-0.205351169899379 -0.109151924065049 0.0994110180249094 0.0877846282568249
-0.118216620344423 -0.174381701428286 0.0340388881779926 0.087157826862801
-0.0133040055979965 -0.229853509336384 -0.0173132641713939 0.053637484636746
0.208398502384987 -0.210249176062435 0.0191630536455915 -0.0174117658512931
0.304661892449874 -0.00464296807204755 0.08899280187043 0.0115951098346576
0.191628762938977 0.211112245757191 0.144962482066815 0.164159765700015
0.0517284750933511 0.317103025751212 0.0682034981990585 0.303379547354733
0.0849457489894379 0.391283363961456 0.0687084116588727 -0.0363030519604151
0.229619889977783 0.286488402023282 0.030937753100004 -0.055474829080752
0.356648564399197 0.0586132066248669 -0.0682045847468775 -0.0388684211851319
0.287731480824348 -0.19316009517173 -0.0864424394742714 -0.000682744874936181
0.0334662072274503 -0.276510647766923 -0.0454590636641475 0.0808322618604852
-0.10415935986492 -0.207619704448951 -0.00678144561305214 0.0762734295395102
-0.202022619162809 -0.171505008332282 0.0238912197841876 0.0750963502151912
-0.229391524135371 -0.126839469701372 0.0279583686936709 0.0411248394542607
-0.232521177236575 -0.138337823847307 0.0269752895679561 0.0416012901597447
-0.132037122082071 -0.207223983740649 -0.0175314431280107 0.0280434244452082
-0.0160531667338081 -0.265315720287646 -0.0342552826471592 -0.00449082547785072
0.236391312737218 -0.251572671068644 0.0188387859218597 -0.0585818402887703
0.359335475090654 -0.0249516985309681 0.0877715755123161 -0.0156037296980041
0.246095657858675 0.238928751647015 0.125894507251064 0.112514256342325
0.0864841993031894 0.385931888164464 0.0734333001173116 0.191495837879729
0.113375481190296 0.402766985163259 0.0567001745744838 -0.166333737510553
0.257081548125978 0.291553365736496 -0.0126512924749679 -0.12702919276564
0.378462385063755 0.0539696218057262 -0.0780391567681172 -0.0466860248414208
0.299615028252357 -0.20221979467488 -0.0711679591564988 -0.0251157833680149
0.0431194337672968 -0.285771573800573 -0.0381553979066228 0.0177452961556899
-0.0956252553991065 -0.220851566692743 -0.0419572000893842 -0.00407259157192881
-0.191728599897427 -0.187969642876149 -0.048591699485998 0.0128904955730416
-0.22172928007985 -0.139332083665103 -0.0536249496367878 -0.000275725204773142
-0.222233954486499 -0.147590689213378 -0.0508185659310445 -0.00742595561373621
-0.121320070835565 -0.209340626516654 -0.0694894252937775 -0.0337880901771848
-0.00940152470070663 -0.25674370072841 -0.0497305026002172 -0.0637339460510461
0.230039931546753 -0.241164854656064 0.0173518316936288 -0.0930883950784735
0.350793095336221 -0.0293757273830769 0.0779338476573935 -0.034992736759013
0.250427106367195 0.231809444742827 0.0845997432579607 0.0589780882798774
0.102138011119135 0.39174800418957 0.059417131638346 0.0662837120667497
0.128157813268052 0.350536774088276 0.0383442887574902 -0.28810047926287
0.24134968800901 0.242384874271917 -0.058417124054788 -0.192742484101497
0.327490460589084 0.0380524428664945 -0.0801036492243397 -0.053546721018307
0.252671463115187 -0.171622708162648 -0.0476074940536033 -0.0476879012006458
0.0425405045153828 -0.240295072104401 -0.0283627078487159 -0.0497503106429534
-0.073625457262432 -0.194653241582441 -0.0717658218149776 -0.0841961504063154
-0.153482552340544 -0.174075675614798 -0.114524592245403 -0.0515422989598492
-0.17986886846236 -0.13010863960143 -0.127178064176358 -0.0421417497303413
-0.177676629410813 -0.138783930087139 -0.119926815520158 -0.0543872604450851
-0.0865628864324589 -0.182970761264435 -0.109132453137686 -0.089065432571978
0.0075987818117962 -0.20584052551595 -0.0535610229226805 -0.113835424722454
0.194249720653763 -0.181710863275118 0.0217301987614947 -0.111648066486228
0.282152373989093 -0.0138541546260883 0.067092076639952 -0.0407427166869162
0.201606263361865 0.193566549687223 0.0352771342481911 0.014498114763161
0.0950739834226052 0.336523294692636 0.0332621528430164 -0.0509190955996592
0.122950341464387 0.241784023210328 0.0149481800868032 -0.377651301190836
0.180842395742568 0.149514318490286 -0.0976041224377673 -0.237312492567399
0.214493323651691 0.0169223984797679 -0.0755780098095123 -0.0560022581985909
0.159464262333525 -0.10738820720801 -0.0238247132485666 -0.061672723530188
0.0339432429509572 -0.149759538665549 -0.0172679590829316 -0.103654946595971
-0.0384080110785627 -0.133812715311 -0.0915861135763062 -0.147710848961795
-0.0902851266860478 -0.132080464729868 -0.163954040356832 -0.106721516360769
-0.110823955318476 -0.103330905248202 -0.182667899823516 -0.077022067947786
-0.104465258861657 -0.110647803687139 -0.168878833790138 -0.09409442163556
-0.0379044854190259 -0.132075934247459 -0.126768733142873 -0.133234440123319
0.0271009521854064 -0.128019011084916 -0.0403753254738777 -0.146919786644597
0.134919488431398 -0.0936346944221472 0.0342412175706748 -0.110615760565192
0.174002962124418 0.00907733629048303 0.0593825487743412 -0.0330706475886895
0.121220992963266 0.130467131268922 -0.00853260890618827 -0.0178371492558344
0.0720644765641282 0.233363983583737 0.00543918913521949 -0.14400501157731
0.096139537523853 0.0936360006819491 -0.0105192344186602 -0.41967133109651
0.0905608514341243 0.0334994028612544 -0.128066398105522 -0.255148516993922
0.069897329047403 -0.0076503366629338 -0.0722780183384381 -0.0519051625927392
0.0432873318265521 -0.0290118062698641 -0.00594002308283255 -0.0601537749882088
0.0210995734021038 -0.0387146661921307 -0.00738845030880668 -0.133675957072529
0.00427090554383049 -0.0524549270905851 -0.0986197594490515 -0.182687295373691
-0.0114827979172517 -0.0693401572679843 -0.189375527448724 -0.143311706449429
-0.0240206213914308 -0.059153822533438 -0.209822631496415 -0.100527370473677
-0.0185601636337072 -0.0660867860329186 -0.190768082480745 -0.122952963027448
0.012404426159863 -0.0632821176772307 -0.121272317044017 -0.1605208065934
0.0369877963166142 -0.038213999561534 -0.0152535633149494 -0.160705382373579
0.0569459231307264 -0.00826312326829609 0.049184681911704 -0.0935566255643565
0.0526133942179942 0.0184305297282317 0.0527611851061256 -0.0195118394161827
0.0382551333931695 0.0494660504848063 -0.0391544453560878 -0.0388922245296088
0.04333347958728 0.099618945189024 -0.0191242781022171 -0.202701273337702
-0.0292236552898244 0.0769475887686541 0.0735402277867023 0.222442065845706
0.0331086533205962 0.058129851028508 0.0931111742613476 0.0676323326744012
0.0724772906143638 5.11739772193235E-05 -0.0413129536988154 -0.0140010573366593
0.042125410812064 -0.0612110307433242 -0.0772546146890118 0.0645499701626416
-0.0302587289474154 -0.05491931765998 -0.0199040762146326 0.16447824951038
-0.0489682754613677 -0.0153891798053029 0.0901249816007231 0.193811255259269
-0.0674818387394553 0.00286585498530966 0.181176729024654 0.151497794998839
-0.0646748288897499 0.00387541967977908 0.202574594716016 0.107551026567861
-0.0664524246390625 -0.000560792648453147 0.186970665960107 0.137053429212829
-0.0495742913292926 -0.0307405193506337 0.10542760802028 0.162450424795722
-0.0170764906769538 -0.0648053745202112 0.00903312070705043 0.132097455574301
0.0546606749905502 -0.0600343476240108 0.00750252818936858 0.054243754007618
0.0709122640389506 0.0121509699216572 0.0602232639151978 0.0562625123316013
0.0135736046419694 0.0464488639306034 0.110499708103671 0.211111505292201
-0.026512432762905 0.0388880854707514 0.00718639187606021 0.405011907066501
0.0106729328361095 0.208017460309623 0.0730490239548686 0.170158990486827
0.105801610895115 0.149798751214059 0.0835108696362994 0.0466453756637711
0.181705413120392 0.0247595664994918 -0.0463301379221664 -0.0231680675462294
0.137445393742123 -0.114619935938037 -0.0889481321217893 0.0421399987695847
-0.0115964830043528 -0.143585487572474 -0.0355931877136046 0.153229136324143
-0.0797927082855888 -0.091359841899196 0.062822159905848 0.179173777561384
-0.135313399899356 -0.0636647760744599 0.147744121235884 0.147142588731948
-0.144036564318571 -0.0473432140586998 0.165764170716256 0.0974604047197724
-0.145003363484034 -0.0583905775691553 0.1549571943514 0.118315859221625
-0.0878101034057887 -0.111248767300058 0.0767413870416664 0.133079554870853
-0.0123155652117487 -0.156846703391509 -0.00226071839926822 0.100465245888337
0.144050875654931 -0.138825479823241 0.0142741487695672 0.0213561262568468
0.198365696731489 0.0113975760812231 0.0776967000315581 0.0378598710635953
0.104374331871942 0.14289017033217 0.136093836749862 0.198921827114891
0.0102721756835117 0.191868395908632 0.0433064303012944 0.375899079546484
0.048401525599083 0.317546812982991 0.0706205971018898 0.0814184240683552
0.17255658030942 0.230881309988062 0.0629549074827654 0.00622400185448933
0.279079920837182 0.0477125356284035 -0.0543748853448244 -0.030514447092148
0.224918718176883 -0.159597115510395 -0.0927747499359758 0.0205777713157418
0.0126263377551807 -0.220619082031923 -0.0432141694858796 0.125649092751583
-0.0979540843203141 -0.158868163838891 0.029484244170703 0.139864158564914
-0.182518770924275 -0.124162735996592 0.0937278085770288 0.120356257460249
-0.202259029392885 -0.0924206038406578 0.104359398407914 0.0744913896602809
-0.203458269132087 -0.105268930360973 0.0987180844669235 0.0835253601284685
-0.118083408690859 -0.172439064935335 0.0342166284703126 0.0855228767344893
-0.0142461363924195 -0.226978443345599 -0.0158907398539433 0.0531448188400879
0.205803251925882 -0.210781297998345 0.018380206102736 -0.0177513308301719
0.30100861996934 -0.00643145364575975 0.0875927649124428 0.0117972550394332
0.190065893318362 0.208822495059108 0.142752572129652 0.162498225128837
0.0526738047984363 0.312788662500915 0.0681052787321332 0.298865745343523
0.0836133808937584 0.384554417516108 0.0657647746113276 -0.0341987307024494
0.228274384928685 0.282565862664181 0.0298578199760392 -0.0544308776375349
0.352782159503254 0.0571632095856603 -0.0665107171673068 -0.038313821697528
0.286155529267809 -0.194152420771694 -0.0878148137238186 -0.000890929463269008
0.0317574959060709 -0.273465121122813 -0.0422490845207425 0.0792838715203937
-0.103961350468872 -0.20567396122082 -0.00616581721345147 0.0760324857347641
-0.203397939875747 -0.166312607231612 0.0256546786672507 0.0724273035314442
-0.22954833747326 -0.122755002275099 0.02657099659756 0.0397198637751623
-0.230186950632599 -0.133393448920635 0.0265598274304518 0.0393553432881738
-0.132828847118316 -0.205225054056718 -0.0181505503471124 0.0277982353804505
-0.0172726198565783 -0.262721183799676 -0.0331060973906825 -0.00452341687488357
0.233037529770771 -0.251671227167911 0.0176565840158516 -0.058686506325701
0.355579339886298 -0.0265899400120125 0.0861737403122924 -0.0150128603556136
0.244876582628334 0.236406200135205 0.124024877302451 0.111703983562275
0.0862859186669107 0.380957354912909 0.0729765531125494 0.188481377485256
0.111501683333628 0.396358878374754 0.0545769202964948 -0.163467305744849
0.255244687195977 0.287960553686722 -0.0134077702032131 -0.125283188697603
0.374305658619834 0.0531865587900972 -0.0762903899475636 -0.047309931641966
0.297838944182017 -0.203029196026754 -0.0720924906034782 -0.0246031381829619
0.0413456644676738 -0.282566236511434 -0.0361052604642884 0.0171296023889441
-0.0964181741928394 -0.218024112555135 -0.0417391178249081 -0.00305758257434915
-0.193597503812306 -0.184624873620789 -0.0468916321408489 0.0114996843923063
-0.221684757252717 -0.13463105878831 -0.0536017169456825 -0.000828147634009649
-0.220745886992915 -0.143223323266362 -0.0505415548290859 -0.00806098849167452
-0.122394585796206 -0.207792567080888 -0.0697722402534759 -0.032268372892864
-0.0107105094766359 -0.25446162859233 -0.0484835426620054 -0.0627863285585607
0.226319288431058 -0.242095586481183 0.0163720809698764 -0.0926376294320527
0.346770332764691 -0.031157426767835 0.0764179890369441 -0.0348648120559689
0.24902336004669 0.227474731077467 0.0826431648942535 0.0584761430061658
0.103366790941329 0.386056916666171 0.058580658421104 0.0638652466424034
0.126276946343371 0.346008718219365 0.0363302870155078 -0.28356085966915
0.239639061793512 0.241228739275773 -0.059100910020301 -0.190446910843006
0.324643631805048 0.0375681364123568 -0.0785822174315118 -0.0539820498412494
0.252357922695402 -0.173284811559379 -0.0492949619741539 -0.0472322928438766
0.0413550911512581 -0.237936703875663 -0.0275932310473371 -0.0491956734864504
-0.0742467971494267 -0.192178230616286 -0.0735985833600079 -0.0823256156064811
-0.155608129301622 -0.171153629243162 -0.112646353273081 -0.0513163417951548
-0.180813473132065 -0.126288080738739 -0.126471942169678 -0.0414148336051372
-0.176834117521384 -0.134254465889851 -0.118614404060494 -0.052700297136819
-0.0876260144754469 -0.180842572380317 -0.109234127024431 -0.0868328115395728
0.00673949642584292 -0.20389244937797 -0.0530624323543576 -0.112138261180508
0.190510842830982 -0.183602497367521 0.0207775605158215 -0.110308135650585
0.278971343958207 -0.0155521710222118 0.0658109397453139 -0.041360890511127
0.200310522172484 0.189938191691594 0.0345444935015905 0.0136281491149696
0.096667480366896 0.331413894535082 0.0328198276352155 -0.0522996758381562
0.121292098146175 0.238542810753916 0.0139984203424826 -0.372189049686922
0.179701222137015 0.149094974218911 -0.0974852873652118 -0.235239111787785
0.212632262677027 0.0171987360652201 -0.0742366952009866 -0.0564448690007304
0.158917629511185 -0.108960926228975 -0.0246339404381233 -0.0609581906436638
0.0330065039884675 -0.148615342994443 -0.0173944185047992 -0.103061482243469
-0.0391704182260497 -0.1319362495675 -0.0943620533602598 -0.14495977889965
-0.0926506084743547 -0.129908100964116 -0.162800960678425 -0.104186756879257
-0.111731383167101 -0.100671926827333 -0.180383580218573 -0.0748620161094339
-0.104965134737907 -0.107304368083581 -0.166476313604709 -0.0915678228767825
-0.0389333314430167 -0.130903280638676 -0.126948335601898 -0.129201421928429
0.0266537883867168 -0.127294972869414 -0.0405823995238158 -0.145227739494194
0.132603248889105 -0.0956529319343134 0.0332795741821623 -0.109318771244701
0.171909604386582 0.00720919399379115 0.0577363249926394 -0.0342923199451083
0.121561953952087 0.128810011112992 -0.00854026990720762 -0.017898918940355
0.0730043373403789 0.22962840701662 0.0053469202408065 -0.144242292991925
0.0947840344838269 0.0926230438496407 -0.0100727521132459 -0.414448291502064
0.0907836493926541 0.0349198551949832 -0.127669582272697 -0.252893319693504
0.0702210706690794 -0.00690632817970248 -0.071239847917366 -0.0519277863329068
0.0436265027097692 -0.0299258788533077 -0.00702721285401149 -0.058544571278954
0.0209084204705813 -0.0379608257571389 -0.00847872230050535 -0.132467229443402
0.00340454200377212 -0.0509477681142353 -0.101442031604571 -0.180010534216314
-0.0132783020545126 -0.0679926976552535 -0.188545269747374 -0.139296347916764
-0.0252220792211138 -0.0583926547741221 -0.206930083659039 -0.0974871943396495
-0.0195126433608697 -0.0650846021744553 -0.188610001464567 -0.119038471587701
0.0103669176042146 -0.063908214797252 -0.12147975464496 -0.155552926136518
0.0366419254636454 -0.0388848327647929 -0.016029590392432 -0.157921562467326
0.0567364620734174 -0.00996274548888847 0.0486190777733528 -0.0927587039823827
0.0527968367852746 0.0177978076621878 0.0516183600966839 -0.0204916442341624
0.0394109370799662 0.0488613218891545 -0.0391611858392626 -0.0386456094643891
0.0445489631799047 0.0985635057359493 -0.0193706112054788 -0.201990524243777
-0.0309187051915454 0.0760661054356844 0.071241993214472 0.227544000679264
0.0315468927668824 0.0585512445970818 0.0932689642328783 0.0701974845987857
0.0725269218840643 0.000748071458726625 -0.0417419456694497 -0.014090563182335
0.0433330534299979 -0.0614154364111716 -0.0783065033042648 0.0636862836234695
-0.0296574420962735 -0.0555129058339654 -0.0198873758743511 0.165828412900407
-0.0492308941912281 -0.0168632715082871 0.092787955413728 0.195929253122659
-0.067607926982961 0.00328359899891424 0.18295508863906 0.152461977661074
-0.065642986701502 0.00385373590043819 0.203546039528307 0.109564410330021
-0.0662768134313839 -0.00123962621963828 0.18805342883736 0.13782137490629
-0.0493521088897459 -0.0312212037398335 0.107089612636173 0.163513948518285
-0.0169261653188687 -0.0654029321141813 0.00888296498050932 0.134129038612252
0.0551108610383814 -0.0598678371876956 0.0066382252713089 0.0552361944167989
0.0705914893999782 0.0124350961346159 0.0600083266486176 0.0590231428594538
0.0116617235897218 0.0469647128003916 0.109248573894902 0.215331656149385
-0.0272301604108298 0.0380274728435114 0.00197717735476402 0.41019443533295
0.00841892905040017 0.209064456405979 0.0699070331829063 0.174208867659677
0.104256459266232 0.151236002544224 0.0838462135577466 0.0494450611606108
0.182268303512988 0.0268348314084897 -0.045806057353813 -0.0240905237996818
0.141028919300928 -0.114574886621329 -0.0903470715322069 0.0410205250387645
-0.0101270909973807 -0.144661645703305 -0.0352974551194119 0.153485751809893
-0.0796944451510824 -0.0937530068688601 0.064326172138509 0.181228096247442
-0.137000230654934 -0.0639349458965966 0.149442058704634 0.147829424655621
-0.146830233113762 -0.0476333431267598 0.165788054433257 0.0996971923215544
-0.145517265968239 -0.0596654714380977 0.155782390327859 0.118378767390986
-0.0880012784639948 -0.113627137161524 0.077502730102528 0.134300133595566
-0.0114126668964761 -0.15830586191401 -0.00203444123350818 0.101846912587954
0.146881869459589 -0.140242702093665 0.0135190311392302 0.0214802008804232
0.200158976218824 0.0127279984254105 0.077490111863264 0.0406048835759168
0.103349904160852 0.145531757096775 0.135014454346538 0.203398890479144
0.00820903291204694 0.193312459932084 0.0386250000019835 0.380541315943071
0.0450766362942479 0.319031171121196 0.0689742132879197 0.0852209178469618
0.170992916082589 0.234123702935112 0.063345286450628 0.00808546330961542
0.281807015685626 0.0508562057006307 -0.0539739220259511 -0.0323276876418411
0.230585635297313 -0.160904818061529 -0.0947291826203868 0.0196560706938215
0.0143502288127023 -0.222690280618429 -0.0427829947429283 0.125456173782271
-0.0985594873879892 -0.162767135322197 0.0303000947798522 0.142113477825353
-0.184986047293695 -0.125484872890328 0.0947051492990118 0.119593307398655
-0.206345388575485 -0.093041982171417 0.103453153261571 0.0756750052276929
-0.203982879296987 -0.106850568715074 0.0987113460916492 0.0835612113116577
-0.11898768040116 -0.175308962311901 0.0343198252532044 0.0864595582082093
-0.0128357125932489 -0.230316096060026 -0.0159674769629288 0.0537114244065963
0.210165568471557 -0.212679320228757 0.0183771815913886 -0.0183904800596173
0.304374620007156 -0.0036219530286054 0.0879544637621205 0.0143615538006762
0.189194181927853 0.213206639094307 0.142349000182314 0.167381875014934
0.0502819307528202 0.31636979295235 0.0648968659606546 0.302591709194515
0.0793813688309649 0.388729212107616 0.0648948744138579 -0.0321791226155613
0.226897589569694 0.287786478319987 0.0297705570985546 -0.0535842781677258
0.355996530835489 0.0617765601246648 -0.0665321502809294 -0.0407551762079723
0.293030278096292 -0.196565851160756 -0.0906781025479256 -0.00205365608724596
0.0345511761117958 -0.276011966283608 -0.0417011435098617 0.0789034248155118
-0.103735044951549 -0.209942446066334 -0.00664168488167274 0.0774298250929682
-0.206413926269016 -0.168793274967135 0.0260591068452159 0.0712840879932434
-0.233879616074405 -0.124009170962934 0.0261110130695403 0.0403137033948104
-0.231579802841809 -0.134844868997529 0.0260034259541798 0.0384110443983444
-0.133424428797312 -0.209039185096705 -0.0187193080754065 0.0283453704481268
-0.0155969533841495 -0.26653088298966 -0.0327855069639468 -0.00500827099031723
0.238043959736759 -0.255337707123529 0.0180572465346497 -0.0597747840908782
0.359435420642824 -0.0241494499654718 0.0863079824784429 -0.013405057851647
0.245433543526701 0.241570852995461 0.123682304716629 0.114929445555439
0.0843330532954789 0.385010672755826 0.0710078612239549 0.190213671962205
0.107006877519221 0.400696993257669 0.055732484240503 -0.162572744800602
0.25560091419778 0.294899915036774 -0.0136517915306431 -0.125863862052969
0.378646642096305 0.0588309316238303 -0.0763040601925559 -0.0496294771627522
0.305976651313878 -0.205739964358157 -0.0752370485216568 -0.0260645019848177
0.0442058578948261 -0.285618562159934 -0.0353388170153896 0.0161943711633568
-0.0963265246383834 -0.22260702484698 -0.0433693370583409 -0.00255201667477755
-0.197078149913414 -0.186596801894106 -0.0466261614685258 0.00947611230167793
-0.225860047426215 -0.136800921270311 -0.0555986162779952 -0.00124386993004879
-0.221783534545587 -0.144605457699204 -0.0514629189756792 -0.00936944664672289
-0.123485053311908 -0.21099240597488 -0.070983683066363 -0.0319334084768433
-0.00827248895936255 -0.258039128014046 -0.0483721441253152 -0.0640247914722151
0.231330685186535 -0.245843941131062 0.01719644250412 -0.0943051858278369
0.351380099223507 -0.0285707389185027 0.0767105134620958 -0.0345173965757075
0.249091208513922 0.232869942659144 0.0832534118576025 0.0605153210554548
0.10148947152992 0.391255962544116 0.0582409102116515 0.0636424283022994
0.122868027630012 0.350617047200379 0.0395869203440944 -0.285184550208376
0.240874294984199 0.247295616184974 -0.0582450032576384 -0.193115193504952
0.329361296605639 0.0420861588277992 -0.0788364578128518 -0.0570498972440799
0.25909311032399 -0.176183919740022 -0.0511422362804193 -0.0482610281977485
0.0434850657283079 -0.240711084311268 -0.0262913140083313 -0.0507810194749817
-0.0740789703415939 -0.195384016065536 -0.0755920820221597 -0.0827746999413416
-0.159330311962878 -0.173243045806638 -0.113354505593453 -0.0534843648532439
-0.184079086772136 -0.128440604548408 -0.127911299462711 -0.0426409154972664
-0.178232215527932 -0.13520306348463 -0.119548137399733 -0.0544485647542354
-0.0892936579444195 -0.184001168154323 -0.110508704784441 -0.0865660748795526
0.00884258206134973 -0.206640593150336 -0.0526212989441623 -0.113765450642478
0.194012381999424 -0.185932998325252 0.022131854906447 -0.11174174909831
0.281800694094042 -0.0138736144947285 0.0660835002433687 -0.0407840657613635
0.200854277371572 0.193322496618497 0.0347286144071703 0.0147257097495469
0.0951971069197251 0.33602036600169 0.0336188119921286 -0.0546521103672491
0.119313948522715 0.242707932241464 0.0178883433159483 -0.375821315808576
0.181649636617691 0.154259210671076 -0.0967647025290272 -0.239567873642363
0.216771307529243 0.0200066321193148 -0.0752353243791308 -0.0594225100437223
0.16378946624584 -0.111050848643139 -0.0260481688961938 -0.0611223084866893
0.0346128662096227 -0.149902829072098 -0.0167706027633969 -0.104186713666634
-0.0384448453844373 -0.133285111055813 -0.0963440525781511 -0.146855818462708
-0.0949977460306139 -0.131292474305824 -0.163862464386813 -0.106744906409362
-0.114024432695503 -0.101546133101313 -0.181335425362432 -0.0769462065216943
-0.105778325740406 -0.107900651423866 -0.167490367022276 -0.0926895171975252
-0.0401405128230802 -0.133309248162663 -0.128207384415741 -0.129646209007118
0.0282491101421263 -0.128717226299188 -0.0399350747565188 -0.147187766853569
0.134433556727312 -0.0970793658009231 0.0345696956271618 -0.110425883014504
0.17376163453907 0.00823002767800629 0.057902325594604 -0.0344796683120915
0.122674355687349 0.130419200530235 -0.00816577821843878 -0.0182777526985686
0.0729691607255945 0.233029208882717 0.00704721615926942 -0.147502218728054
0.0943763460616797 0.0956872304726547 -0.00456309517972277 -0.419534483226408
0.0925862853516556 0.0372718632742667 -0.126330448562142 -0.258437224413021
0.0725622999981475 -0.00575348235407749 -0.0715372562599807 -0.0540076564416241
0.0454181167888467 -0.0314033839525195 -0.0073509330929041 -0.0586900353201207
0.0216907414454401 -0.0385392187434878 -0.00838466366962424 -0.133773198737178
0.00398799935670619 -0.051354655059576 -0.104291021632265 -0.18174511521391
-0.0143590624338275 -0.0689205930601244 -0.190099822457151 -0.141836170235119
-0.0261970099810032 -0.059302391992142 -0.208324947883477 -0.0999711922895447
-0.0206127794590513 -0.0652650364396254 -0.189152116552841 -0.120428769997386
0.0102436362450533 -0.0646591265386158 -0.122633990802673 -0.156365476952372
0.0369684872955712 -0.039603749781717 -0.0153354730432303 -0.159366084312365
0.0566836838312136 -0.0106599138846898 0.0498500859529133 -0.0927918399007053
0.0535357655240509 0.0176732639926922 0.0516494116357447 -0.0213284721596646
0.0404572739313074 0.0497022122220632 -0.0390546736030761 -0.0396200499309858
0.0452808967626185 0.1004494933212 -0.0175791067536641 -0.206070462703422
-0.0320277806755478 0.0776577158752168 0.0726500457058591 0.237290508522609
0.0313149838537484 0.0601996788166047 0.0976556761985289 0.0739022308569142
0.0743879948243995 0.000702865662023758 -0.0429454435282836 -0.0148586605295228
0.0458143704144843 -0.0633733460616754 -0.0812113617695377 0.0652577351964148
-0.0301426116783538 -0.0573790381153426 -0.0195161572333063 0.171180909139019
-0.0507662450508972 -0.0182358758371418 0.0991737665054867 0.202084657605467
-0.0696521812247113 0.00402346638826248 0.190275338055484 0.156212685173546
-0.0686756590351099 0.00516125651202765 0.210424661254358 0.113523651447744
-0.0680268775481958 -0.00103517179485569 0.194887680797304 0.141362681805779
-0.0510194541330067 -0.0321312243309168 0.112207983472293 0.168428544338979
-0.0177790371391844 -0.0672003662719568 0.00934095738251767 0.139706954935153
0.0571496865626539 -0.062083819288459 0.00630144342284952 0.0579248861425221
0.0724153453032147 0.013047320859571 0.0625191129689736 0.0629273877133013
0.0111093441215906 0.0492451568483571 0.112598137395301 0.224779141362528
-0.0287916156398335 0.0390510254800932 3.99837193314663E-05 0.427741865242431
0.00744383702855497 0.215812126795789 0.0702137098854971 0.18337030288042
0.106446528155362 0.156065293580247 0.0872278910880139 0.0528208055222026
0.18907181096765 0.0276063165027604 -0.0475900509314125 -0.0252282180406686
0.147124400150621 -0.120254433983018 -0.0946275258670564 0.0419272356839573
-0.00998699584536354 -0.14966073244851 -0.0351158955044027 0.157876643361376
-0.0826274043348272 -0.098403119985639 0.0687214717993858 0.18717767418976
-0.142307929924516 -0.0649197158070425 0.156082655173542 0.150243410580488
-0.154012581745839 -0.047819760061548 0.171472534259616 0.103069052810894
-0.150425760424772 -0.0614685162234037 0.161367061081489 0.120795760840233
-0.0922059073304096 -0.117897335768862 0.0812520510474387 0.13860762594026
-0.0115968007169125 -0.164557530951245 -0.00175949336529694 0.106299883430357
0.153480705673407 -0.146219213707483 0.0137212038161825 0.0224927582307207
0.20752186480373 0.0137499018331043 0.0805743692596709 0.0441747517422515
0.106091562853369 0.152372360128881 0.13956101052007 0.212913248129186
0.0081252363400721 0.200602865165848 0.037583126241261 0.396391224323028
0.0442992555050613 0.330443543515837 0.0696362097652834 0.0910654975651726
0.175938847145617 0.243026284021977 0.0659800958075863 0.0103108472000816
0.292282590475177 0.0535165330942947 -0.0565758475105129 -0.0342081664066151
0.240958289613178 -0.169278583312812 -0.0999564647913409 0.0199729168385174
0.01605439173835 -0.231241414802505 -0.0433046683762041 0.128215321574219
-0.102153764412958 -0.170130971006689 0.0331281917457182 0.147016790555636
-0.19378893404375 -0.128586443280424 0.099077840538131 0.121681585083519
-0.216408578382055 -0.0947876457291312 0.106523859881599 0.0785826253543982
-0.211903073669838 -0.110129894324387 0.102331362037207 0.0842618564877591
-0.124231008804059 -0.182642378695276 0.0357033144547815 0.0894286308444714
-0.0135034520063628 -0.239631272565449 -0.0163129179595567 0.0554610281495147
0.218487310712783 -0.223472118278963 0.0179860267209274 -0.0193045856053519
0.316616999065834 -0.00337251563877221 0.0907984712565901 0.016710716972592
0.195833787157399 0.222758443484016 0.147199241024402 0.175457052238676
0.0511803502147433 0.328763412001986 0.0656601137688296 0.314413557010912
0.0796658086591779 0.403260818197634 0.0661590105815118 -0.0306788120087777
0.234223483263167 0.300087284712264 0.0304979971964989 -0.0539783942127769
0.370431522395731 0.0657011093822201 -0.0691710427752244 -0.0431789771176599
0.3075772402553 -0.206641448955301 -0.0959564095216625 -0.00232949450781913
0.0366082892685517 -0.287332347759863 -0.0423197687825083 0.0802422230064773
-0.107910005073984 -0.21931780011805 -0.00693617454061091 0.0807412967957916
-0.216768038778069 -0.173548739222828 0.027665111732223 0.0712538809418665
-0.245182936864199 -0.126923879824362 0.0258550286431909 0.0419718847546699
-0.240258423359959 -0.139495823120455 0.0262732079455613 0.0379358373720937
-0.139778098096703 -0.217774399006653 -0.0191524514428781 0.0296094584058632
-0.0151826841199361 -0.277391209680293 -0.0342201350790136 -0.00569871282290615
0.247828737258238 -0.267694429309381 0.0178002579676487 -0.0629475593062237
0.375086206064047 -0.0240515460424393 0.0892989554206784 -0.0128635363382428
0.253075016412824 0.252186764512274 0.128597456020169 0.121273335507299
0.0863191974575025 0.401675816283175 0.0729051127792354 0.19645077206714
0.108471528371998 0.416504467171988 0.057716341266113 -0.166427574892663
0.264895505531259 0.307911722197477 -0.0141141896590741 -0.129709145411831
0.394774834959738 0.0624751320214004 -0.0796042555066723 -0.0530365229492233
0.320466062586861 -0.216424589131663 -0.0798555373694521 -0.0264269832816629
0.0465019142463229 -0.296446404018774 -0.0361627339745689 0.0147840483576999
-0.100200698541517 -0.232439611499684 -0.0460894189280645 -0.00182598813959044
-0.207317337265764 -0.19222492000761 -0.0484206088444402 0.00773785391087782
-0.237220190739055 -0.139485500081433 -0.0581316379336965 -0.00121121448197536
-0.230178377502394 -0.148453530746376 -0.0537306425584974 -0.0108234237787831
-0.129376936597013 -0.220444421713965 -0.0743371322466936 -0.0319887532717859
-0.00822218184544941 -0.267996909984444 -0.0495867066519628 -0.0676218670528977
0.239617407855998 -0.257569028582696 0.0176221053603246 -0.0982822534497501
0.365678233896201 -0.0292136421303959 0.079474053240302 -0.0346167910864481
0.257569193112496 0.242460754895653 0.0865281698205463 0.0640132152716114
0.104278307506441 0.406503903297077 0.0598717059067268 0.064838187795909
0.124894938275149 0.36489160280024 0.042192535730316 -0.293937430967438
0.250118687878538 0.259157878368277 -0.0608732269257965 -0.200690110938436
0.344378937839635 0.0457618426024248 -0.0819658248530759 -0.0607687859740516
0.271361711198726 -0.186408318069011 -0.0551817436053105 -0.0492575578285821
0.0456488536032684 -0.25112839003126 -0.0270914380256789 -0.053733191037255
-0.0771561255905548 -0.204153634681012 -0.0804287923424066 -0.0849106795335623
-0.167827303910498 -0.178326368901659 -0.118290228827312 -0.0570486582371636
-0.194219761096074 -0.132300681461692 -0.132830890324074 -0.0436084782600329
-0.183972085144299 -0.139934129298194 -0.124487186153239 -0.0571393878915371
-0.0937503978006208 -0.191627705181668 -0.115481390960996 -0.0887245944037511
0.00979388504349991 -0.215115798869549 -0.0538840817825584 -0.118852481309309
0.201892750825228 -0.195277198676501 0.0227292581744239 -0.116878671375554
0.293635719404646 -0.0139863085843674 0.0677218328962952 -0.0423529502669289
0.208241708425439 0.201344418405438 0.0362787408315007 0.0158063585683824
0.0991549101843305 0.349924424137212 0.0350172801364975 -0.0585299695254803
0.121955045665201 0.253323621426299 0.0216394502298057 -0.389560309567816
0.189224773945965 0.162606326016714 -0.10048925638149 -0.249313832240609
0.227409223810118 0.0225462367941781 -0.0781085667274708 -0.0627326092026013
0.172268774382623 -0.11776151319566 -0.0283169619903577 -0.062429287466604
0.0364098874934787 -0.156611314014039 -0.0173947085210455 -0.109011619495623
-0.0401084262541384 -0.138852163886583 -0.102932984830358 -0.151663385491585
-0.101309327574691 -0.135804165156907 -0.170692180208693 -0.110864866662672
-0.120369578128558 -0.104824533267185 -0.188777098313368 -0.0794906700377367
-0.110450216813795 -0.111287784865402 -0.173669679203671 -0.0956767371552357
-0.0427069800082469 -0.138304934278803 -0.133131332508395 -0.132900612897293
0.0293373486531459 -0.134382135363052 -0.0413984128357873 -0.152408611055557
0.139117844015066 -0.102630546760585 0.0361853740185672 -0.114793756523752
0.181709185511543 0.00812114835966211 0.0596958568902076 -0.0358718813724269
0.127145596266236 0.135402530042358 -0.00860388437201625 -0.0186768812921131
0.0759528665486507 0.242319492748579 0.00754839183632651 -0.155105633599401
0.0968760918588273 0.100473148710129 -0.00131555233665607 -0.435126173509097
0.0968300655414376 0.0405448044110624 -0.131365431349103 -0.269137678056312
0.0770235953663634 -0.00543531583991012 -0.0748915391937149 -0.0568354619526326
0.0473383581795645 -0.0336430619201574 -0.0075860072734603 -0.0597755868106224
0.0224586813920192 -0.0401402622100859 -0.0092723464015257 -0.139224225251268
0.00412756428594595 -0.0528553349041974 -0.111074814769312 -0.18797133549823
-0.0168280600865592 -0.0718010308746072 -0.198773198759367 -0.146097616231369
-0.028517286448814 -0.0615443968437753 -0.216216147942298 -0.103215132235044
-0.0222274344322453 -0.0669429893304684 -0.195927582028832 -0.123307322697462
0.00909890391531436 -0.0676776915484811 -0.127123435520561 -0.160248148659188
0.0387472396451707 -0.0417437860625826 -0.0156757773381189 -0.165891467675625
0.0584536709457511 -0.012481126028102 0.0519668755733913 -0.0965853615647838
0.0565762110005701 0.0176481835561225 0.0523912920314402 -0.0222369885483364
0.0428531000360784 0.0509136701730908 -0.0406319271204527 -0.041339322094926
0.0477072554674788 0.104310928212087 -0.017984561525153 -0.216121868538063
-0.0194399641911798 0.0828527501754709 0.0828886844460143 0.242464253689356
0.039325537637028 0.056270694098295 0.103944468587541 0.0726365342489864
0.0753467986374922 -0.00768642228225021 -0.0468075000354278 -0.00582990185379122
0.0393008910595374 -0.0694133302493665 -0.0757559653278752 0.0779108753398526
-0.0346865673814606 -0.0534458288366771 -0.0014363018196021 0.176932908359674
-0.0502071927042437 -0.0147980172377784 0.122423792193639 0.198717970845586
-0.0695418743647561 0.0130246826138575 0.216064906670825 0.140263369265168
-0.0687303083176928 0.01151267397557 0.229282231762359 0.0983345181981867
-0.070322749374561 0.00620342525514572 0.220006868186079 0.132233210859941
-0.0580342839188371 -0.0281189398485782 0.136128538822227 0.17026518279701
-0.0271479820375351 -0.0679265290343419 0.0233671467545783 0.150370569031596
0.0513454266849265 -0.0713939178255417 0.0105859471938682 0.0655211968325446
0.0744611507261092 0.00769176383622022 0.0691516431840071 0.0642624041346601
0.0102745121830993 0.0526239014330268 0.140032755328579 0.230327128418146
-0.034298218414626 0.0431092969255544 0.0279852601552185 0.456107779601491
0.0353580238390756 0.218590301314117 0.0671337519332627 0.189136087111475
0.126794745903216 0.146907757184537 0.0848395881713527 0.0558684050986652
0.19727115496344 0.00660901156280164 -0.0561487409018125 -0.00689181411757173
0.137249998891491 -0.142226984418247 -0.0890733251741685 0.064612837166608
-0.0237338870345015 -0.150690710281989 -0.012843121462515 0.165106168221138
-0.0918560834322788 -0.0942113343927944 0.0935514524280011 0.184487285308448
-0.154940568595805 -0.0489037299144654 0.187551814721191 0.136116709211209
-0.162760404309271 -0.0358506496490309 0.18706135408433 0.0903603212993983
-0.162491020584312 -0.0467678040853098 0.182283722685371 0.113042083824022
-0.11016299813478 -0.113219906471287 0.1022906256899 0.142368876156185
-0.0308513679484467 -0.169606276044164 0.010171480709171 0.117265820096376
0.14278512164878 -0.170375159428522 0.0137743919784599 0.0305860433407104
0.217256751596082 -0.00509290197451124 0.0801334702151615 0.0441619049235144
0.120719287185453 0.154602386306421 0.166811936861414 0.207522405863166
0.0192656982026649 0.214926589495897 0.0712257598806802 0.410234019446344
0.0836669076013316 0.331891772444944 0.0517698618386174 0.0951880580559203
0.207200035545757 0.228396723192055 0.0533751800425692 0.0171856067904315
0.307679057957609 0.0200913263537339 -0.0692933054056696 -0.00623924759684082
0.226952300170922 -0.205657418326848 -0.0948822984966006 0.0522778793874724
-0.00662013510207507 -0.237653061783709 -0.017771153920936 0.136874193367315
-0.119138583306401 -0.16684509062588 0.0558287803599323 0.145626973345029
-0.217952265789424 -0.10839054648973 0.131294673539118 0.111456056910515
-0.232404279539587 -0.0776648216539313 0.117299864647028 0.0693026386496156
-0.231599686473164 -0.0899184605532409 0.115509477506468 0.0798597874273958
-0.150204681201473 -0.178380698570815 0.0508508413086766 0.0949168546548011
-0.0385984487857442 -0.246867606039564 -0.0076351996983383 0.0647491505111065
0.204133465064077 -0.258180560231145 0.0147050651432668 -0.011633519515934
0.330806313365302 -0.0338148722455513 0.084189274697361 0.0162465468338789
0.223365764286154 0.221478543774729 0.170341916968412 0.160266716974074
0.0766817799607189 0.349952852623882 0.0978937912917047 0.311288241754618
0.127110145703962 0.401690003031991 0.0360471444869264 -0.0296484807168455
0.27244805404904 0.280606758510848 0.00827330595267736 -0.0437709252483961
0.390288663278575 0.0242868425141544 -0.0854146627684044 -0.0084220160727682
0.290211611919827 -0.253805146921263 -0.0905062540059447 0.0359074719135263
0.0080640002021338 -0.298342605506794 -0.0165308567638113 0.0878722497027112
-0.131672346762579 -0.217348793132625 0.0111438028417799 0.0802682779807223
-0.24849029567644 -0.153305208294853 0.0557198183262533 0.0660563597300495
-0.266035269319438 -0.107912649298243 0.0297315284317467 0.036758450196506
-0.264000473586273 -0.116881799614336 0.0306437430523236 0.0367526871409594
-0.169217557760857 -0.213467724455843 -0.0135523857444235 0.0364281615881148
-0.0436259354467082 -0.286289008243882 -0.0315863179058083 0.00116166109300441
0.230431276390445 -0.307715100407548 0.0104651057759044 -0.0564651278441112
0.390858423376733 -0.0613748481890201 0.0773815654537568 -0.0135291277520254
0.288813992295809 0.247605333768683 0.143361440751655 0.0994893994754312
0.123860639003688 0.425803285826961 0.0999884376370111 0.178869170408681
0.154963701943061 0.41232018505762 0.0190440218663285 -0.169715548325165
0.304009355038283 0.287578578568426 -0.0452321675834785 -0.118387784649729
0.415734204907147 0.0177315356802176 -0.097215957732224 -0.0150322754923131
0.303896157489822 -0.267637838196646 -0.0762026734949849 0.0118763647882063
0.0168656255042227 -0.310714199014912 -0.0147424523525518 0.0197339572643263
-0.125828645808745 -0.232381002976934 -0.0363257470014758 -0.00114713382872513
-0.243174273581734 -0.17403172460996 -0.0287061150099834 0.0091127012220258
-0.259494381806542 -0.122271595221226 -0.0620310323883742 -0.00034047856709912
-0.255203176413255 -0.127919655491042 -0.0589055495830046 -0.00747908303400596
-0.158033508342655 -0.216867305849894 -0.0775956235057984 -0.0249814304211266
-0.0343599497229459 -0.278319029828724 -0.0544362784510949 -0.0641742471928086
0.22269201627785 -0.296334425333069 0.00738239250879808 -0.0949897524753374
0.381018397224472 -0.066868694256197 0.0647898120067823 -0.0370203792648587
0.294492756538335 0.237279401731742 0.0935613006086365 0.0409256100532105
0.14530056670965 0.429611587903148 0.0770034329354942 0.037320999915304
0.164653876979821 0.357571794630641 6.35193354441528E-05 -0.301898824852802
0.281518306322929 0.239884678727309 -0.095175725515728 -0.190497287983215
0.361561357171061 0.00702250547145801 -0.0984545542332878 -0.027002936557899
0.257391137102835 -0.229688543488104 -0.0525331544857989 -0.0187122881690558
0.0199615295378169 -0.263935105819042 -0.0145144294197972 -0.0521068544122603
-0.100878264615831 -0.204432865909291 -0.0809941241895653 -0.0839654571761356
-0.200895153967837 -0.164620724805971 -0.110062381954398 -0.0505291158692701
-0.214375895322458 -0.118286052396461 -0.14388244715663 -0.0376395625697133
-0.206220643532359 -0.123410387889729 -0.137465158350763 -0.0502511856805892
-0.117044304536801 -0.190288776361738 -0.126940188343708 -0.0814364497109353
-0.0102347214317358 -0.224543260844705 -0.0641142210787237 -0.119900139833553
0.190005875186235 -0.226520507494328 0.0113571183545866 -0.118056947745095
0.306479130485427 -0.0439441512303418 0.0550138238268714 -0.0457255224171369
0.238475310500355 0.196357710503013 0.0365182212634922 -0.0032642228801453
0.135522171138956 0.368474556220145 0.0413459701771379 -0.0894849947571503
0.147203684297915 0.243887743123134 -0.018158018195349 -0.400312000386782
0.207606234997614 0.147703949256439 -0.133777431710674 -0.242779903487214
0.237882721813126 -0.0028373114369587 -0.0908822507383948 -0.039995407124215
0.163113899047312 -0.145802451126069 -0.0288079107623473 -0.0444858269346982
0.0197399518040671 -0.166678821702858 -0.0163812806647705 -0.110622369972934
-0.0581358399596159 -0.140531864963106 -0.113552660564949 -0.149204609610158
-0.126300612606386 -0.128807320849007 -0.175621313359608 -0.0999375338329749
-0.136749451063173 -0.0968053658051581 -0.204895167948879 -0.0696480362336735
-0.126654629998507 -0.102641532636204 -0.193188964814102 -0.0865695604823404
-0.0584394288424995 -0.140412328760349 -0.151607321182503 -0.127793492529886
0.0187800756537649 -0.142021178620997 -0.0550199409437356 -0.157611478570352
0.134855525682643 -0.122351647262322 0.0261415223241645 -0.120769773024337
0.191443872134112 -0.00932012700263999 0.0511959908147705 -0.0413147558172306
0.148186442632383 0.132305617110007 -0.0128419932381239 -0.0306907091915496
0.104452673352211 0.254936194265094 0.00347712944493047 -0.184864760932623
0.104333132490744 0.0902919513889834 -0.0331889217368804 -0.449505896551828
0.0994911936875991 0.0329739058589362 -0.158527516103285 -0.266862684512355
0.0797961061024255 -0.0138050135062683 -0.0831888754134805 -0.0472462886808681
0.044313350849994 -0.042517468357916 -0.0107970195932863 -0.0553197196342385
0.0174700269163216 -0.0454240564558747 -0.0185066714999779 -0.142514078233758
-0.00389324141958237 -0.0554679573160241 -0.130142953425018 -0.185290738818992
-0.0304793412867099 -0.0725310028432311 -0.215309747855082 -0.130800793391179
-0.0371959820300838 -0.0606194097548139 -0.234923108176143 -0.0896997651851
-0.0307443015499812 -0.0672933499420011 -0.218348811435928 -0.11341538747933
0.00365827672223483 -0.0717547408837133 -0.14872520817437 -0.158693163047043
0.0378083103535869 -0.047832145466128 -0.0309003383678801 -0.175054830195715
0.0603198951944776 -0.0192239595490034 0.0467510829823994 -0.106316485314865
0.061887385986742 0.0126398714309081 0.0502406333105379 -0.0287735977916936
0.0521389676209463 0.0494495055890322 -0.0474760965789094 -0.0450943148492164
0.0644483908272732 0.109089137176064 -0.0310459238783316 -0.239102406236054
-0.0160015929462298 0.0862062154648704 0.0983378483022739 0.250916306987051
0.0425653564157171 0.0558771766121326 0.112415900134106 0.0699452358574983
0.0772848412248731 -0.0119810107636794 -0.049645935135125 -0.00372672084298464
0.0375451602326446 -0.0745696940649573 -0.0753980989530452 0.0842187220565859
-0.0389251627435628 -0.0536485178752236 0.00837904340012931 0.182130988404685
-0.0531227199914715 -0.0132849488415962 0.139694655966794 0.197134948118432
-0.0701539058363488 0.018081789817289 0.232236226565417 0.131390659860403
-0.0705176894313451 0.0167809811187384 0.243748156584755 0.0892166439687683
-0.0721770626985546 0.0106587344569307 0.235994259209474 0.122958599804983
-0.0611806463108403 -0.0256123411009092 0.151452557941702 0.167039472644336
-0.032337600855415 -0.0681252233695905 0.0335997594489356 0.156236210898416
0.0494128012477032 -0.0768716593563954 0.0142020162140589 0.067937616273361
0.0775742422330275 0.00402818698114816 0.0757336634572016 0.0636685592756727
0.0131381775663138 0.0542328622607827 0.157585358521329 0.232911242016528
-0.0332238228976347 0.0464343817325682 0.0532437271585175 0.474989867707188
0.0480110949980987 0.224408091633323 0.0785709745994954 0.195972900986863
0.138143991714644 0.145748556960315 0.0918478957744413 0.053720779870478
0.204811092656835 -0.00407096030775018 -0.0594575129177752 -0.00439960868809131
0.134554415131915 -0.156599226739037 -0.0900454079074832 0.0717265374642824
-0.0323843142405133 -0.155095027140845 -0.0040573747456138 0.170225839750934
-0.10103573420088 -0.0935502582850703 0.109418609350873 0.185387460678677
-0.163440044354335 -0.0412765171410298 0.200706337601189 0.128081168024436
-0.171824555492282 -0.0249005892166104 0.19930746283608 0.0826133840676826
-0.171901707399776 -0.0387338784788221 0.195004660092971 0.105450746723678
-0.121038120167962 -0.111163099515545 0.114493527355656 0.140922729726588
-0.0408123869305199 -0.174760651193423 0.0176028732862047 0.121433971263825
0.138155325398445 -0.186834293469077 0.0153252968629625 0.0316973817740011
0.226095441208755 -0.0172848103450818 0.0864035825543963 0.0434957064639809
0.133752346998985 0.155421517304551 0.185069778041021 0.207943889919733
0.0320501619950139 0.222615442832444 0.096409163966524 0.423662012140531
0.104948296048669 0.340070579372636 0.0578689119172443 0.0992374589796983
0.22579000805516 0.225828299464499 0.0565161667466491 0.0165359858302033
0.321577548563194 0.00389852332603405 -0.0734676858509927 -0.00280832548595808
0.225081617410725 -0.229946569283632 -0.0971461183321096 0.0603821779675426
-0.0192202772236878 -0.247402312260746 -0.0110253593577539 0.141002456714457
-0.134506757166673 -0.167724863526399 0.0673923149214762 0.147796372326059
-0.233109649140579 -0.0988469284980161 0.141096327922892 0.105389169619126
-0.247951281017581 -0.0647471497224338 0.125456545352561 0.0653186758897068
-0.245714237264126 -0.0795845082954499 0.123067071438232 0.074777721760708
-0.16735587656387 -0.176817040190481 0.0581825659026374 0.0953543983437347
-0.0543888905684964 -0.255911067714616 -0.00473459849380671 0.0680382095519306
0.197449984073989 -0.282070878110357 0.0133601167181966 -0.0127317357547881
0.343644495674398 -0.0540139259884866 0.0890148905931146 0.0141797402018723
0.244152124017733 0.220216216933524 0.186892133476456 0.158026952603303
0.100723748992787 0.360482101970568 0.117942243114214 0.318941686808143
0.151704569723229 0.412083318323713 0.0357087789510906 -0.0297885061782937
0.297513758339759 0.27758369140356 0.00644963980472279 -0.0441264080080477
0.40910298255425 0.00314046313048347 -0.0906480082677172 -0.00383968674785876
0.288711299998364 -0.284523414377719 -0.0936610637874945 0.0434359183737051
-0.00745781454069225 -0.310645732882201 -0.0126315851218204 0.089817359398197
-0.150206865937958 -0.220062357604902 0.0163731696366987 0.0840169715604913
-0.26856899270024 -0.143637840828155 0.0594522875935388 0.0629060442415158
-0.285162073280416 -0.0944785080737059 0.0326336695494107 0.0374345812978503
-0.28175272508069 -0.106607648643814 0.0324499109630755 0.0353168813712729
-0.189045361527056 -0.212697611474982 -0.0116739594086392 0.0385002320369824
-0.0617590086791646 -0.296202981667542 -0.0326071040194343 0.00205470513445626
0.220846552566997 -0.336013265792177 0.00653295752082196 -0.0593349841762217
0.404132664201736 -0.0863096131028826 0.0801184541554815 -0.0165828960442962
0.313700873992652 0.243340130058946 0.156088057027186 0.0966320940064354
0.15223652861478 0.436647686793503 0.112284954158032 0.18022290822604
0.182436502162038 0.421650090667776 0.0110674720130965 -0.175841222843321
0.330983221958918 0.283563705451333 -0.0530430375854208 -0.119335315653341
0.436556135260178 -0.00428363975314663 -0.103709115580766 -0.0110201663181716
0.302061143468216 -0.299685012315896 -0.0792323620701914 0.0181887881320985
0.000761122267766672 -0.324186253286254 -0.0143000012514324 0.0203248297740371
-0.145125636004608 -0.235888509582659 -0.0388034315042379 0.00244375872796421
-0.264515253701667 -0.164911652321964 -0.0314330367348112 0.00806567660492627
-0.279638377966915 -0.108942675292261 -0.0647762635923386 0.00378325324727534
-0.273077064480709 -0.118132338057094 -0.0628911038021769 -0.00519339042896363
-0.17813503717255 -0.216865660232329 -0.0816630416159244 -0.0203748686951653
-0.0508408529187754 -0.28847063815245 -0.0601278945855616 -0.0647352726120275
0.214487923456464 -0.323810783439466 0.00116523936704509 -0.100479310851523
0.393225030795845 -0.0913460500012612 0.0657717717203357 -0.0401269479965237
0.318277686344702 0.231604061335581 0.100759301531319 0.038769358866305
0.175502426023511 0.439619903654624 0.0810710616743862 0.0327662179382517
0.188305848774476 0.364643787096023 -0.0149986888850051 -0.312954211470524
0.307336096841089 0.235514309528231 -0.110229893037026 -0.191605682746037
0.379653243470953 -0.0128105351668611 -0.105378439140565 -0.0232944340839237
0.255304142520751 -0.256675543367266 -0.0560437677057696 -0.0147252590375414
0.00686557752877912 -0.275857223195302 -0.0189225148353382 -0.0548621988905828
-0.117688179567184 -0.208705825294348 -0.0900054837096629 -0.0803525550134674
-0.221080533694836 -0.157383548090999 -0.118468110024313 -0.0476359313120744
-0.232607314990847 -0.107552618779377 -0.152103561339047 -0.0309788022440846
-0.222320110845068 -0.115979297763144 -0.146209381766196 -0.0440546510175815
-0.134346404166434 -0.191878442160322 -0.136593183724178 -0.0765311151755059
-0.0229775249978864 -0.234450098386919 -0.0738544659337614 -0.121583742150143
0.183977673751858 -0.24925166810782 0.00449715705022829 -0.123760487385725
0.317601699226106 -0.0649934987209254 0.0544853006855339 -0.0489717663845314
0.258969391703943 0.191820141006952 0.0387556667761435 -0.00499295010654953
0.163618885773742 0.375590120472251 0.0368336016168533 -0.0984006550568622
0.164917802631349 0.247421783707623 -0.0380649471252263 -0.416628033033208
0.225506108920938 0.144267805771272 -0.152827992952387 -0.244982056292617
0.250194339541912 -0.0164130486375765 -0.0973688796941869 -0.0371871865875137
0.161828307704427 -0.16351950789859 -0.0318388895260982 -0.0432167308833675
0.0121040298548459 -0.175074851461804 -0.0237204050655953 -0.113960697880733
-0.0683308085695709 -0.14345640930718 -0.128424281191878 -0.146539559658506
-0.141516920469668 -0.124725858532255 -0.189299750764037 -0.0937512467278427
-0.15028157860826 -0.0901323538601838 -0.216221858446726 -0.0600039204969139
-0.139204377768758 -0.0989885101566304 -0.205803737547673 -0.0778658652111069
-0.070129466472026 -0.143435423772332 -0.163875682786541 -0.122403940371186
0.0119364847652607 -0.150744414632871 -0.0668822575039036 -0.161329428802997
0.132652819944456 -0.136872001553254 0.0203604691724462 -0.127094288536172
0.198968301912162 -0.0223692230148026 0.0501804492783771 -0.0446158458773792
0.161333215957516 0.130154624434964 -0.0135151812140232 -0.0311900642611933
0.12445154742275 0.258635845951802 -0.00772255748056012 -0.194906801881453
0.113441890445698 0.0896047527667328 -0.05607251653644 -0.466928358064557
0.106381905018211 0.0296871081066491 -0.179908909707729 -0.268610674026687
0.0835185422905158 -0.0191423115037046 -0.0891419254944626 -0.0440109943992439
0.0443150384115338 -0.0478736055316416 -0.0133233443806453 -0.0562084260608945
0.0155134176769422 -0.0486079420189879 -0.0274543475428445 -0.146912221108714
-0.00723612590264824 -0.0575400282946008 -0.147185030945221 -0.182787687226514
-0.0373584993446103 -0.0726112788247255 -0.231661482447758 -0.123479036806727
-0.0441677269189941 -0.0600767012187921 -0.249179712108577 -0.0798610657280114
-0.0366111978222958 -0.0678362108406729 -0.232858636257428 -0.104223817955686
-0.00160212926893388 -0.0751589032536593 -0.162518404595794 -0.154442160235416
0.0365146897442373 -0.0532216695695965 -0.0426809995221966 -0.180214569591768
0.0612225851175567 -0.0248274854762087 0.042179405141932 -0.113075169442805
0.0660560841055425 0.00850682718550028 0.0500709270681975 -0.0322011527675577
0.0573481588742082 0.0489818029270387 -0.0511201052171831 -0.044234673216492
0.074108559917537 0.109757770717672 -0.0458333014824244 -0.249249609401581
-0.0112246006686691 0.087235282724108 0.113867218392089 0.249799911655659
0.0447639780820985 0.0534765122735117 0.118053832652715 0.0636060430402086
0.0769502914258629 -0.0169909677450776 -0.0518538325352991 -0.000556548772072591
0.0331665127881252 -0.0784865215574498 -0.0716130299647701 0.0897970099564228
-0.04171032961658 -0.0521834684344486 0.0197749086913065 0.181930484638226
-0.0548278302506665 -0.0101473820378984 0.154860336061359 0.187527645816483
-0.0682466422524003 0.0228304399202805 0.241993142149504 0.11530338584287
-0.0691304759173248 0.0225480179033922 0.251292639176897 0.0738001498556622
-0.0722367853147402 0.015449387416859 0.246129578998952 0.106982336960762
-0.0627806835287136 -0.0211197669606678 0.16377394337952 0.157219677871247
-0.036925922586312 -0.0664634732641918 0.0446860186734946 0.156170081059275
0.0442859211244688 -0.0804972550035591 0.018606833961996 0.0682671049471099
0.0779240931026066 0.000296053013560863 0.0805761715171014 0.0603322004289965
0.0162280862382816 0.0552942373053241 0.173798131131247 0.225641764374923
-0.0309880190392735 0.0483747269413468 0.0828064829198595 0.47750796920649
0.0622410656114473 0.223430028384225 0.0910516180955254 0.196672995648397
0.146366743951628 0.138712401717419 0.0965547577078739 0.0494782822357169
0.206277265802322 -0.0176145840686843 -0.0615061711861015 -0.000236404023914389
0.12509101658159 -0.169001683796007 -0.0872769866084122 0.0786379342214737
-0.0421860333068279 -0.155410765494658 0.00679356380731124 0.170590075081802
-0.108674773586928 -0.0890779844888184 0.123048813624569 0.178709398309399
-0.167457701241069 -0.0299684352617441 0.209473376463269 0.114046581533907
-0.175424255622667 -0.0118785492708122 0.206592706449573 0.0707630463446155
-0.175961064663163 -0.0272338540619035 0.203147899080045 0.09188636997608
-0.129505809198242 -0.104756047609058 0.124333793074735 0.134229677972571
-0.0529422867926458 -0.174388149245773 0.0263991275408914 0.122038045918365
0.127527659486522 -0.199144673490343 0.016595514530059 0.0314437112425846
0.227714864826791 -0.0317012366951582 0.091019296794008 0.0400238569010356
0.144993115481618 0.149804052245312 0.20019656827003 0.198792631196214
0.0470080656985374 0.223090404683513 0.122035769950519 0.422794127707224
0.125810310472699 0.337258478914584 0.0642713712712071 0.100064390885093
0.240432805037892 0.214751658059793 0.0586031578755796 0.0144878562406765
0.325446413901518 -0.0163376097821836 -0.0755585807402355 0.0018962306455363
0.212227706989163 -0.249310196138195 -0.0952052452251252 0.0672983751541479
-0.0342840173637793 -0.24902604818344 -0.00280378637692087 0.140892377450192
-0.147971659803836 -0.162268847442746 0.0782914829293111 0.145250559051629
-0.24202865629429 -0.0831293550487572 0.146519806184247 0.0945620205576617
-0.255715228039387 -0.0459259297316976 0.130903808062527 0.0582413724559029
-0.254313324138796 -0.0639915563281246 0.128327263258507 0.0660767860474612
-0.181340002519278 -0.16803199162019 0.0648516752155285 0.0918742883899132
-0.0714141360110578 -0.256375324668786 -0.000328519148445818 0.0689001163152141
0.180578100485798 -0.300560492600737 0.0114893611089896 -0.0135515750530153
0.344046024946805 -0.0760343543653929 0.0921525327836135 0.01070110518039
0.261185668437339 0.208591164921308 0.19992997007018 0.148719429285116
0.125282660674282 0.358168836422748 0.138384464067801 0.314931697734295
0.177586582472359 0.407501524851413 0.034593516240274 -0.0297058575959432
0.316806432747371 0.263644508897494 0.00424672354971543 -0.0432536719731844
0.414913319088979 -0.0234953978808354 -0.0928504241857563 0.00242942616437146
0.273077695660712 -0.310376773343347 -0.0928440925294954 0.0510605796074439
-0.0268118432928889 -0.314628268199314 -0.00838469699545306 0.0897513282423625
-0.167710613100717 -0.214216489394926 0.0224044627677933 0.0851836189168986
-0.281546924285194 -0.12498997705496 0.0615433385158202 0.0577473633550018
-0.296748596644049 -0.0726179713330369 0.0352312776904603 0.0363915012071033
-0.292718318852166 -0.087890598864397 0.0337747054620913 0.0337615116610359
-0.206360099551271 -0.202640469053501 -0.00934141270556144 0.040095963063425
-0.0813190124033506 -0.297426944675853 -0.0335651258644472 0.00404700951361236
0.200900460808887 -0.358474560195466 0.0011916480610276 -0.0601085370943058
0.40351349799671 -0.114294167330185 0.0809550261968319 -0.0200800019732086
0.332231881766458 0.228331840464543 0.165264810389326 0.0880816293196836
0.183051467365146 0.431853546084859 0.123136054753337 0.173808752382511
0.209035479240145 0.416071939446313 0.00114985310701528 -0.176310240836632
0.352995389187554 0.268685129252149 -0.0610803355378902 -0.115463855340889
0.443289980595837 -0.0332866327170257 -0.106701977291206 -0.00448231507423827
0.285592716603007 -0.326406331616609 -0.0800342058878157 0.024102861441532
-0.0191864301598882 -0.329166826456512 -0.0146551179341321 0.0195018095774306
-0.163966811932256 -0.230164966244382 -0.0388647315676829 0.00670558703146999
-0.279792207915744 -0.146963074377823 -0.0340967339183861 0.00870431996937708
-0.292243283806944 -0.0877030113061958 -0.0653485126203864 0.00863946420797449
-0.284841357572635 -0.100724370417787 -0.0649721211508391 -0.000806715208228863
-0.195668332007428 -0.20759532679212 -0.0834880703327847 -0.0150471633686592
-0.0706782402025084 -0.289507392578074 -0.0662058503227057 -0.0619479213106072
0.195009570858731 -0.345302947091859 -0.00719866907378546 -0.101079122191981
0.392348610597861 -0.119369910840782 0.0643309756032819 -0.0425473957895347
0.336793979131546 0.216040648188832 0.105558027166196 0.0323177736420184
0.207223336023022 0.433662422581247 0.0826006975547132 0.0261465849029649
0.212475034687395 0.359058676790926 -0.0332958161782276 -0.314968489379313
0.326098520794503 0.221225032464671 -0.122663517717416 -0.18616495194757
0.385596880355177 -0.0380756824776638 -0.108529804900661 -0.0172016008036368
0.242539119757696 -0.280153050086079 -0.0580711633784816 -0.00996338339816198
-0.0102961624195839 -0.280416989930029 -0.0235713417131963 -0.0544878021069362
-0.133435476394801 -0.204229223193181 -0.0966553199797257 -0.0726521222770741
-0.235130199413757 -0.14299034395063 -0.126100172167222 -0.0417120828301823
-0.244253129632671 -0.0899899372081638 -0.154933236641823 -0.0203374807032513
-0.233205487872246 -0.102102270800702 -0.151308669600978 -0.0344236377397339
-0.149659957888674 -0.18485023569539 -0.141694325724875 -0.0673123647686841
-0.0383018704098061 -0.237309669093401 -0.0833001923086547 -0.118783624478969
0.169056754593067 -0.26637648850121 -0.00470605936179575 -0.125447104255118
0.317019587096571 -0.0865088385442321 0.052500252098288 -0.0511738353206526
0.273374214280237 0.179026416885875 0.0407837945791442 -0.00752111260556899
0.191188446123525 0.368789395657926 0.0298866926749744 -0.103689256675727
0.181739113277605 0.241315410244071 -0.0628113758094627 -0.419281487683027
0.238112220774376 0.13395819044415 -0.168937124194876 -0.237701254409955
0.254703797983997 -0.0332485126977694 -0.101112916068772 -0.0314376626562791
0.15283730931498 -0.178289247778476 -0.0344049781575464 -0.0401952871824807
0.00105137811911713 -0.177753164339411 -0.0311822485617457 -0.114127065970733
-0.0794922859260032 -0.14129150748893 -0.139455081615249 -0.136571509621802
-0.152862004911262 -0.114685519578004 -0.198968087479519 -0.0832984255735442
-0.159926646752189 -0.0790217471822478 -0.222526134803329 -0.0459090794564724
-0.147686591671258 -0.0904903573093067 -0.212462195916293 -0.0644979271346286
-0.0818731744300586 -0.139980606882618 -0.172643464983206 -0.111932191252943
0.00201368558929549 -0.153951719961983 -0.0787714159512109 -0.159363711303198
0.123890843363754 -0.148827814945507 0.0114136410591633 -0.129079673284009
0.199938975280767 -0.0373930624298145 0.0479366516270624 -0.0466255009025623
0.17122422143061 0.121354757134361 -0.0144252858791294 -0.0302218663573568
0.144342262728334 0.253002720112271 -0.0207120549615625 -0.199079636345221
0.120264060997612 0.0847023841386749 -0.083735343633396 -0.471416541210863
0.110870580669036 0.0252228496283751 -0.198847042320211 -0.260741014090522
0.0848864481131827 -0.0247585304729778 -0.0925434906532762 -0.0394166779903965
0.0420681532380619 -0.0516798274934017 -0.0161474497005995 -0.0555676341767592
0.0130623908171157 -0.0502203863080509 -0.0375209796714947 -0.145656102708856
-0.0106554447894395 -0.0579730714706212 -0.162023824700348 -0.17303783239378
-0.0442127365772285 -0.0697098200029185 -0.242627409292444 -0.10856106817318
-0.0500179777878782 -0.0569513401156737 -0.256473672693304 -0.0644824375598385
-0.0423026646068668 -0.0657728868654406 -0.241438600584772 -0.0887873192657211
-0.00816277596859327 -0.0759895181523457 -0.17342619677696 -0.144046240001015
0.0330857739244889 -0.0573386350717316 -0.0552582510565527 -0.179361319173924
0.0592975984121531 -0.0297937674002674 0.0349994917178393 -0.116408669362579
0.0677027085782988 0.00278928681406349 0.0480751763138458 -0.0352689441823298
0.0615375157789672 0.0458115846247217 -0.0534870115236364 -0.0408935892462472
0.083269481401628 0.10550807398762 -0.0631152588458853 -0.251139483731795
-0.00694283517622264 0.0859932868232219 0.123356532095098 0.245189123687923
0.0448295309904449 0.0510352454656233 0.119598502811029 0.0579531874305405
0.0743967242573306 -0.0200299911967689 -0.052245472035036 0.00309855313741583
0.028938736817488 -0.0798980095707926 -0.0675455737932427 0.0921041975412449
-0.0428178074980043 -0.0501066709343909 0.0268814495805352 0.177868372547935
-0.0547093897418329 -0.00819952097143331 0.162207288800196 0.175971076539757
-0.0661081542388597 0.0254610457986527 0.243857708370324 0.101972572559153
-0.0666632059594334 0.0264483091346495 0.251029437962297 0.061231681376384
-0.0701246175677181 0.0195946447260322 0.247440524229752 0.0921607305174717
-0.0621053099066442 -0.0183127345632792 0.168447000473397 0.14692423306934
-0.039239733300486 -0.0635169869111815 0.0525256065299436 0.153457331330514
0.0399811032120392 -0.0817080570415669 0.0213489241525368 0.0666601866931111
0.0772082645250743 -0.00266027075803681 0.0823607769236601 0.0574342225533666
0.0183769668339036 0.0539223868974165 0.181267320008946 0.215575801672582
-0.0286766769452403 0.0489113482235002 0.10208631322898 0.471510211915001
0.070497543766551 0.217649844264478 0.0979673349669461 0.194046636855157
0.149145543385414 0.129961229534936 0.0978165381135969 0.0457818905776675
0.20317918285144 -0.0269505979467487 -0.0618021802012067 0.00375807704224652
0.116222434039381 -0.174682103159857 -0.0840288312877516 0.0821076223911948
-0.0478617987769458 -0.152180470883194 0.0125207496107961 0.166758343364114
-0.112638294675564 -0.0833251105310353 0.130960911260525 0.169753427974623
-0.166198290315446 -0.0211436392822507 0.210055833836106 0.102221783874979
-0.173909777410009 -0.0011415798938464 0.207384940753107 0.0602639655322186
-0.175747991874603 -0.0179325140120704 0.203791581505899 0.079643696429993
-0.132971107617554 -0.0977164732501705 0.12887177532916 0.126065819396762
-0.0607075202235543 -0.170601226186368 0.0316610067709926 0.119997244674281
0.115918518696596 -0.204183890119734 0.017560868974435 0.031075651888033
0.224584405840209 -0.0413526144958846 0.0924103635058653 0.0365536473017218
0.149698858821904 0.142694349101552 0.207414118584776 0.188715015162037
0.057010515799807 0.217992248525739 0.138726094259426 0.414055256740983
0.138424812341904 0.328420373896112 0.0677429198703022 0.0999921118893527
0.246155895896148 0.202105008850482 0.0592736353173273 0.0131751782431943
0.320604418603055 -0.0319076814357561 -0.0754714446290087 0.00670775741023554
0.198097295948494 -0.259028397354158 -0.0924161642159379 0.0718661344513456
-0.0446994501492705 -0.245587000218345 0.00170729561088614 0.138597959367444
-0.155550213192304 -0.154653635873536 0.0845261514675019 0.140805784713828
-0.244085661271851 -0.0695314971787338 0.14645213043867 0.0858221041042629
-0.255683600979767 -0.0297984412835018 0.131696022091302 0.051894809474775
-0.255356352972338 -0.0498080611269254 0.128398737057811 0.0587876857258989
-0.187711227191252 -0.158844878592011 0.067845441088689 0.0876754224729816
-0.0829204204307053 -0.251407291849614 0.00256686141601996 0.0686830319663619
0.163589401803017 -0.307849958364194 0.00986668593035767 -0.0129516106306074
0.338327333945919 -0.0916555354812415 0.0924235458208317 0.00799791521694175
0.266986440750746 0.196531012175948 0.205165347001211 0.139247113576566
0.14094243863074 0.348212572260024 0.148289093983554 0.30532690998343
0.192602226388516 0.396081068403828 0.0332906497861373 -0.0281844542375101
0.324145572942068 0.248735337756028 0.00315604123268293 -0.0412795998636768
0.410633488952404 -0.0428626749714008 -0.0931388859291495 0.00693929244628157
0.255567415082244 -0.323218246918726 -0.0908505617657475 0.0562008133154952
-0.0401835685747594 -0.311430454693239 -0.00638027669213857 0.0881921796889602
-0.177992576635948 -0.205452248234031 0.0269565988679304 0.084313549334408
-0.285321363808844 -0.108556690458473 0.060214300209741 0.0536363746774584
-0.298069132739519 -0.0540238646291716 0.0359351225038918 0.034762294158994
-0.294656077342909 -0.0726379942317469 0.0338534178874151 0.0311304676762209
-0.214946302607867 -0.1916402664219 -0.00676448069174624 0.0399550596992505
-0.0948852667773701 -0.292185044600932 -0.0340523787178215 0.00580575212357028
0.181580951881386 -0.366715953232212 -0.00284227476841842 -0.0595497325259658
0.395654899024361 -0.132941234313226 0.0803328604179622 -0.0216157281699262
0.339646136440958 0.212937998318165 0.168817899631486 0.0797083815506355
0.203574443580792 0.41789338124983 0.127936163953339 0.165660343343421
0.224655497601275 0.404402517238306 -0.00628983532131169 -0.173372188893768
0.361102000626494 0.251979618667092 -0.064202942972511 -0.110168842485505
0.438761705077542 -0.0537056162861352 -0.106557864133922 0.000818136703745958
0.267561513799801 -0.340650857910884 -0.0785638408178905 0.0288244043692401
-0.0329921074986342 -0.326888077540766 -0.0161906810913936 0.0194442511157743
-0.174641864644955 -0.221343086958069 -0.0373482130407124 0.0107977554747132
-0.284891929673388 -0.130215667031245 -0.0363872697521886 0.00981935492133064
-0.295610645168048 -0.069253299315771 -0.0638523509853078 0.0121239971536589
-0.287544480245778 -0.085448150093189 -0.0648596135303318 0.0018861753985681
-0.204583804704719 -0.196473573646645 -0.083116129168052 -0.0110882471100694
-0.0831972890411251 -0.286135214281662 -0.0692501459833515 -0.0581073357532623
0.175268075668588 -0.353195842109851 -0.0130323069513961 -0.0989485872769459
0.384419263171278 -0.136707215672968 0.0633337487549385 -0.0431276866410927
0.342298113185152 0.200071555760775 0.107391792021906 0.0275406232224389
0.226183165436124 0.418584713668615 0.0812374926315131 0.0210057900980642
0.224570869230419 0.348007788202317 -0.0449953384210009 -0.310665786310295
0.33271450732806 0.207755448890724 -0.128511833893792 -0.177695172755664
0.382497303144543 -0.055745864493799 -0.109798521103735 -0.0119361826936704
0.227008726993853 -0.292209053709678 -0.0584495229945081 -0.00647434209012214
-0.0220946922311547 -0.278795266300249 -0.0270297334060967 -0.0531077120337251
-0.143221932579181 -0.19668507255788 -0.0986009213824422 -0.0641445223952615
-0.241163622913855 -0.127455455140505 -0.12898883853574 -0.0355618254294371
-0.247680456749929 -0.0742334235942864 -0.154196892766058 -0.0126710638915406
-0.237301597558135 -0.0888032459265481 -0.151388655440695 -0.0264468604749905
-0.158069161002123 -0.175501870184557 -0.142538493023119 -0.0595805476838784
-0.0487935817369782 -0.234463278102081 -0.0893656719654066 -0.113578561159388
0.152906817628332 -0.273894435695913 -0.0117091957359494 -0.123532951750068
0.310083965604618 -0.102233766111076 0.0504626905944867 -0.0515434143885065
0.278531620610681 0.16585293148228 0.0416609525381181 -0.00966873866487438
0.206688536431639 0.354479651207574 0.0236618476585797 -0.105731405408702
0.190178226935112 0.232878694833235 -0.0782267346557822 -0.414182931834116
0.242858763481171 0.124008939528098 -0.177349423166476 -0.227443338676148
0.252969877196364 -0.0447664446238476 -0.102651139951642 -0.027024510619961
0.143825184998357 -0.186074541764369 -0.035893932643657 -0.0376257854081702
-0.0060640297801522 -0.177163861983259 -0.0369130896721756 -0.111381665538918
-0.0858300310767426 -0.13671358721406 -0.144905698927146 -0.126580809909576
-0.158146026766527 -0.104884878029557 -0.202314875794657 -0.0729975416002397
-0.163983424976929 -0.0688212785381681 -0.221151722820043 -0.0349684214554172
-0.15164750656482 -0.0815325510300048 -0.212259054309819 -0.0530985653904278
-0.0895014540710244 -0.134613454342927 -0.174757818584377 -0.101390423387293
-0.00576295053879732 -0.153975729045834 -0.0864844120555688 -0.153523587586841
0.114290869910401 -0.154394694662603 0.00517036010902781 -0.128971924375838
0.19595552910259 -0.0472030763035317 0.0458613173462035 -0.0473456220800684
0.175295900811023 0.113515273658147 -0.0144482979330647 -0.0298383947083865
0.154759669511707 0.242646528371631 -0.0304064121998712 -0.197722638224023
0.122981153049173 0.0799440180978254 -0.101916936321064 -0.465189359972508
0.112726256214275 0.0216923395591466 -0.206955893771151 -0.249105598148626
0.0844592436144741 -0.0288052878641553 -0.093415575847304 -0.0353060557677097
0.0394459261866879 -0.0546579388404719 -0.0177978724198795 -0.0532181026795508
0.0114044471446473 -0.050103432125297 -0.0430066709602229 -0.142021769014143
-0.0131300272815742 -0.0568315395329229 -0.168474268603129 -0.161476665501993
-0.0481963230045513 -0.0654643595073587 -0.244707979732049 -0.0961436198428422
-0.0538746732355239 -0.052679949586324 -0.256058359969624 -0.0513992232742656
-0.0465689042775238 -0.0628673774143907 -0.24106975365539 -0.0751386223682378
-0.0133314402780091 -0.0741285012155596 -0.176490069271949 -0.134200057822561
0.0294444814397049 -0.0591201983022619 -0.0634240005127974 -0.174644194957756
0.0566408410984874 -0.033503773803085 0.0290404051386049 -0.116981575018217
0.0665039012121039 -0.0022521400898226 0.0460721513050854 -0.0361987971771564
0.0640376328878356 0.0424299954334368 -0.05397215435225 -0.0383203746581193
0.0879759753186504 0.0998722309670791 -0.0739608381591017 -0.248045260521927
-0.00536501932571746 0.0842119462194584 0.127075420821883 0.244014566797571
0.0438101268874471 0.0492756559053725 0.119140362573993 0.0559557418823646
0.072832588684597 -0.0217595783236707 -0.0515945805136856 0.00585911138848095
0.0264820701150722 -0.0798523525064014 -0.0651336807869273 0.0925111734853698
-0.0437431820003364 -0.0490489997843829 0.0299897746130044 0.17536653730172
-0.0549081499525736 -0.00787506082540724 0.164314252330959 0.169503487524691
-0.0640077363532013 0.0260359257333423 0.243082863210809 0.0953470850297392
-0.0651689289662705 0.0282239772571351 0.250336954860218 0.0554560329276424
-0.0684393184461985 0.0207980355151941 0.246323155631087 0.0845418737120518
-0.0608098415269 -0.0171816878012727 0.170077081113708 0.142065299632648
-0.0404377326923569 -0.0620530238983187 0.0558424507349871 0.151721922161432
0.0379563114152323 -0.0814648188123524 0.0224669651757943 0.0662805258404795
0.0765433593958726 -0.00424401222671402 0.0833362662680236 0.0558408163091251
0.0187140492919358 0.0535295993139057 0.18389911804515 0.211378984540376
-0.0274220036866576 0.0485316300012629 0.108425541871083 0.466767009852726
0.074348637837102 0.213950119446866 0.101506507745178 0.194010024952436
0.148833073392015 0.126566039328592 0.0982540644317623 0.0446922241465786
0.200053053583918 -0.0318204053433929 -0.0618997392026968 0.00669059393646989
0.11056782757578 -0.177108025062712 -0.0826642947056898 0.0841439660821321
-0.0504605270699102 -0.151288308562766 0.0142167608915226 0.164691518391046
-0.114455038021955 -0.0810535672226925 0.133953051997083 0.165024830495096
-0.16509633860285 -0.0165023795346419 0.208686408582045 0.0961409617274782
-0.172239971466053 0.0045898332702767 0.206490624433357 0.0557888409983035
-0.174408666105848 -0.0134947969099649 0.202349399842401 0.0736594405769878
-0.13358479095509 -0.094711093906973 0.130158723869645 0.121455116415031
-0.0642816734853288 -0.168701736718258 0.0350225910060724 0.119204677409119
0.110682305812508 -0.205782006559958 0.0174403716999736 0.0313006656928502
0.222763024071316 -0.045607518018589 0.093340762307547 0.0355219047117716
0.151650306406465 0.139513018800268 0.209306804059081 0.183149029115275
0.0611854496289294 0.214664521509501 0.143567624272204 0.409875413958258
0.143241559319612 0.323367260649698 0.06931804520536 0.101198930494269
0.246439701639334 0.196790680733773 0.0599766495182855 0.0129916213130956
0.318330322185058 -0.0396603547433677 -0.0757871837841434 0.00955989854396177
0.189511009845816 -0.263828620800006 -0.0911544770739254 0.0747820725713499
-0.0487355758002949 -0.244485766550589 0.00254419130643331 0.137402300415496
-0.159132984045693 -0.150452206428445 0.0880241135805537 0.137834849408983
-0.243461177445221 -0.0626074405199371 0.14466063476377 0.0823534063783062
-0.254953958349324 -0.0204089679793374 0.131361742753997 0.0492535306573541
-0.255208079777109 -0.0431869610252007 0.127350741687079 0.0547866900945495
-0.190344136855018 -0.153711409926632 0.068758916820456 0.0854560457814813
-0.0879557064813831 -0.249049988560891 0.00378788652057977 0.0687942084464312
0.153925159435626 -0.311607121386677 0.00832645857815402 -0.0118780134426719
0.33479665278311 -0.0989143943792565 0.0939962263748666 0.00757697945390241
0.269677257279363 0.191536193066141 0.207231650743202 0.134007423335583
0.147988399136867 0.342786802768276 0.151703002393002 0.301525338452383
0.198822137988271 0.390910017515547 0.0324247286377422 -0.0258070158537501
0.32700805926656 0.241722561414947 0.0036144297347254 -0.0400081805186786
0.407812909225045 -0.0529071237033243 -0.0938167784936886 0.0104274749371861
0.245621726494614 -0.330292171494694 -0.0903898802600273 0.0592557530946226
-0.046066884734816 -0.311067385280295 -0.00663327756876575 0.0886083152317818
-0.1825220452937 -0.200627724215765 0.0294976862360117 0.0849064109217167
-0.285621519823701 -0.0993872905320389 0.0577209303617464 0.0520109805299365
-0.298132322988011 -0.0431341906824435 0.0366655943819463 0.0342832573434512
-0.294486140189423 -0.0643265496781816 0.033043760641992 0.0298226712203104
-0.218405228877082 -0.185486690260817 -0.00667813039483076 0.0398274092733009
-0.100870430752219 -0.290012328131538 -0.0341458282680574 0.00710089902366038
0.170390004452737 -0.371089241509772 -0.00543280495775982 -0.0574106328177364
0.390666805821842 -0.14076423345885 0.0814183925730107 -0.0213317054455828
0.341841941638083 0.206388549653131 0.170142217087484 0.0762292442288348
0.210347627474015 0.410482612183573 0.128495314513952 0.162152733497221
0.229166613909101 0.399827933687467 -0.00837562964450612 -0.17069139740647
0.363692010693454 0.245820328496201 -0.0645416012747121 -0.10740828975754
0.436596108504896 -0.0642351268922116 -0.107483461627555 0.00402282385242304
0.257373997120731 -0.347239059099035 -0.0788018401437565 0.032374208525285
-0.0390720834287338 -0.325958168929732 -0.0176166699022282 0.020775610005334
-0.180287429417354 -0.216894767850744 -0.0355379097721539 0.0142607754626626
-0.286796813741231 -0.120846814665532 -0.0393374610746424 0.0109845506501367
-0.296134759906527 -0.0580474447591328 -0.0631918534979453 0.0138131325834458
-0.287917873706729 -0.0768209616409064 -0.0649469649498988 0.00353135817993282
-0.207646748243768 -0.190310886596881 -0.0822290033933443 -0.00898750311851765
-0.0896936464463203 -0.283692783682235 -0.0706186650503612 -0.0553774208961966
0.164676343050736 -0.357449580166421 -0.0159707209940418 -0.0970122249756753
0.379325717453002 -0.145589574788222 0.0636141342258386 -0.0429033200989849
0.34454417936401 0.193584576345157 0.108981159110468 0.0246056703052653
0.234894675419896 0.409152857338522 0.0796483410294386 0.0180922686007023
0.229966370391339 0.343482151285613 -0.0495554528062249 -0.308062392018534
0.336981038537341 0.202877644478292 -0.130800311427846 -0.174264772698728
0.382410138926051 -0.0639644372108104 -0.110423931545852 -0.00953759293325587
0.219531866386616 -0.299086888250408 -0.0592123630854608 -0.00337972023952801
-0.0270770059507472 -0.277874972297176 -0.0294522080335421 -0.0512223091248945
-0.148177300402614 -0.192618415386789 -0.0980741401149708 -0.0592900897602459
-0.243479893736591 -0.119077476684688 -0.131178970270296 -0.0321288299328235
-0.249060022758098 -0.0641812786051298 -0.152774390834105 -0.00892120403273368
-0.238148658256236 -0.0818761234570949 -0.150549977648438 -0.0224826200637759
-0.161996446172449 -0.171281672571631 -0.142322904805875 -0.0557943599252256
-0.055018492729948 -0.233602542778397 -0.092259165140291 -0.110493650946389
0.143855691035521 -0.27742443869295 -0.0150539991312208 -0.121424210484021
0.306228855896699 -0.108960714498172 0.050508136757855 -0.0511043451048882
0.280666061762168 0.159727657622302 0.0422214539580923 -0.0105625411045124
0.213459206403775 0.347252348208108 0.0201325208512378 -0.107297823189814
0.192950737472241 0.228748318007624 -0.0851782413103573 -0.410924660006352
0.246015067480011 0.120922434889838 -0.179781428464589 -0.223149365356561
0.25267073531068 -0.0507760886121632 -0.103303494505886 -0.024702539599083
0.139260413655567 -0.190343970014129 -0.0370059032139014 -0.0357172500164684
-0.00875893703748296 -0.177314303086718 -0.0392155754898578 -0.108810266602541
-0.0891354220982581 -0.134317286453919 -0.145520195472552 -0.119366763139744
-0.159838300137669 -0.0981109124226036 -0.204284864642063 -0.0675127199327847
-0.165466039919452 -0.0611020505121148 -0.219919324902304 -0.0299462526131848
-0.15331495977104 -0.0768969419295517 -0.210894521801841 -0.047174779041365
-0.0926035610662599 -0.130765997264795 -0.174696711861164 -0.097059223992618
-0.00961625054871853 -0.154128236278316 -0.0897273507774517 -0.150193228959199
0.108855966932632 -0.157651029950899 0.00154703342152242 -0.127299362851061
0.193139526757423 -0.0523513104711702 0.0457372754296822 -0.047371169890466
0.176792011580908 0.108873290211914 -0.0137047654499201 -0.0292289365334424
0.159556528386792 0.236692857932383 -0.0353145639390282 -0.198553368412021
0.123582935076093 0.0779134267966332 -0.108633541458426 -0.462169597410152
0.114659039976665 0.0208524103070992 -0.210536613652389 -0.24482085581086
0.0854113043687939 -0.0301872976893003 -0.0943170884735125 -0.0345836485382953
0.0384503551700937 -0.0560152175487585 -0.0185826246916263 -0.0525249957943484
0.0110009583785618 -0.0502071749953404 -0.0457897095114428 -0.140058819187565
-0.0145609942490715 -0.0567375477043612 -0.170433430014514 -0.154225477243783
-0.049910085789643 -0.0624114871656525 -0.246245943811732 -0.0899211585830941
-0.0557336653389887 -0.0495334037867482 -0.254314104990263 -0.0455792662375501
-0.048747814709813 -0.0604996093186701 -0.239331515239077 -0.0683063458834769
-0.0157378079085454 -0.0726924732295535 -0.177201839578128 -0.12851834656761
0.0275316015634657 -0.0604980851961867 -0.0679013714646948 -0.171595163917095
0.0547472823939125 -0.0357403196157231 0.0255749797645998 -0.116863931662164
0.0655061161470368 -0.00492870384837125 0.0449160044466493 -0.0366556890529496
0.0648610090226007 0.040761829226149 -0.0526418914347111 -0.0368382746880778
0.0900816344414057 0.0966070997790442 -0.0787991419983121 -0.246404842098006
0.0108034132440356 0.0813895174398956 0.177996317196901 0.232507733256285
0.0510407699143177 0.0382473397052475 0.133611496528536 0.0372992181965099
0.0637775094128094 -0.0352687410069164 -0.0456387144846432 0.021524539795624
0.00798917812116579 -0.0812738113639398 -0.0412800394300627 0.106928168692879
-0.0505642559871724 -0.0386762506841016 0.0646519260839021 0.16641688669509
-0.0534511848531288 0.00110424105942201 0.197165066024837 0.134139666547855
-0.0535702135549948 0.0376157488839437 0.256706654994637 0.0448290995432181
-0.0564609283749386 0.0388920139713302 0.259989527394295 0.00659380425742133
-0.0595387604733058 0.0329096882740728 0.266079164162451 0.0354795232770611
-0.061345797992903 -0.00400859185256808 0.204696275165895 0.107435478639867
-0.0496974643987001 -0.0498529551863982 0.0917641386906952 0.142564079061458
0.0204155713894546 -0.0851711192095821 0.0384000592027467 0.0648929963594935
0.0736470933664593 -0.0166803554222575 0.0968466804534076 0.0428436242645308
0.0285106445452702 0.053794448751924 0.229983740108428 0.173211368438659
-0.0190055853221422 0.0602876689410607 0.204952138809047 0.451859409023695
0.110486686121006 0.191149048928109 0.138849924526104 0.195450262122781
0.16770322514004 0.0919393884386445 0.109348839774497 0.0370898325424406
0.184085268057951 -0.0719564400669316 -0.0483299097674799 0.0324048922082279
0.0667283634775441 -0.193369416196225 -0.0501507593090551 0.105266437524796
-0.0775923295895365 -0.136350542223171 0.0519245676859882 0.154601003684498
-0.12613990829013 -0.0582061318593426 0.167380822228898 0.131047277025813
-0.160641285499743 0.019428502003694 0.223427230850694 0.0431277894715409
-0.166136609020263 0.0372180780883405 0.216076489930996 0.0144643448508124
-0.169999880764475 0.0202269776292998 0.22064289672745 0.033820500496532
-0.147769090386996 -0.0661557720739326 0.162892529784673 0.0961010075599931
-0.0928744655983747 -0.148918102635825 0.0640980677456322 0.113401418786322
0.0670465369531508 -0.221925868118525 0.0277795963087888 0.033318804940157
0.207207685344329 -0.0864838005481204 0.103652987691064 0.0275850195048221
0.17801056998133 0.111991175204249 0.242726633835672 0.138915140295006
0.103844886101353 0.206982960688135 0.218204121284256 0.381510127637538
0.198096967519621 0.283811232828097 0.085349697201544 0.114374549865784
0.277424587471144 0.141024756476278 0.0645015468144525 0.0186531342980832
0.296625242765158 -0.103973371188384 -0.0561487564678045 0.0457595564594694
0.123828323694883 -0.294892241698849 -0.0514101733229626 0.100895287517447
-0.0957642309930697 -0.228237084283956 0.0391358601109886 0.125097993868885
-0.184194026979143 -0.116852448820979 0.118196001895563 0.10894444937624
-0.246846444920441 -0.00677950351953901 0.157862829548193 0.0355298198810839
-0.251794588268063 0.0289392843365046 0.140647270001986 0.0220845490372191
-0.254854749105174 0.00754834465224926 0.142340717969183 0.0304705800882337
-0.215540600366269 -0.114128283597929 0.0945895517985944 0.0723229463651506
-0.131585260316473 -0.223076400083411 0.0235054648980135 0.0687651435444874
0.0891777604049901 -0.334102264490037 0.0107307002598944 -0.00657365065858785
0.306161638875029 -0.160552744795211 0.0994193914659875 0.00493308268325758
0.306905046052315 0.138686926301108 0.223169843469371 0.0908325762327205
0.21704420660638 0.314414771626801 0.195444886271557 0.266137697427953
0.262793815856915 0.338042841041354 0.0207608712854041 -0.00478959916423863
0.365182476320048 0.169156470512594 -0.00330254432395616 -0.0205238445930048
0.380655436617633 -0.135913966925005 -0.0690389079376088 0.0552134920581728
0.162451119679306 -0.371003340580585 -0.0464172114826565 0.0874680839397522
-0.106755917457097 -0.293778648225882 0.0233005630182252 0.0748834708815867
-0.218086195879932 -0.160929755358653 0.0511622715360785 0.0649963460674615
-0.297174983327331 -0.0326434640241745 0.0666548163418109 0.0173915643922703
-0.298662058989709 0.0160450339935494 0.0434621025648488 0.0258078432514798
-0.298520594608755 -0.00507743876941981 0.0429482308973921 0.0252840452173941
-0.249998286942874 -0.140062036754335 0.00943659664224051 0.0419292337623412
-0.152290025678788 -0.261517146635078 -0.0283358579917403 0.014462555422677
0.0924189562224872 -0.396542258488998 -0.0114703724902275 -0.0485429353184006
0.352307174124272 -0.213483214242456 0.0815768857906538 -0.0192851984224652
0.380975652126692 0.136613771151736 0.168662301273826 0.0404560287866083
0.293093009073216 0.367491886642952 0.137816754373981 0.126939713576355
0.295661575177552 0.34067074000636 -0.0504020426699777 -0.14531592853829
0.402700271788915 0.166185310622914 -0.0862467337205085 -0.0750264519238134
0.408214124108574 -0.152681354377725 -0.0831119531188715 0.0528338438282098
0.170495749363701 -0.392168892995631 -0.0383272076803721 0.0588528688847504
-0.103969962827475 -0.310697257239697 0.000501939562080813 0.00863852557841399
-0.219484052599934 -0.176485420067852 -0.0273390538493559 0.00676912435931331
-0.303288287051662 -0.0522521644178189 -0.0363432434642467 -0.00559328340565258
-0.300140954991379 0.00146008052766372 -0.0603032641385496 0.0244233037779652
-0.295309615721205 -0.01883201248938 -0.0612780244401784 0.0188120576505564
-0.240970974173443 -0.147693128066268 -0.0784465458158273 0.00875228813172808
-0.140007703356386 -0.258932938308096 -0.0794357527216654 -0.0417158674416886
0.0898586291604979 -0.383443194506459 -0.0315975097794773 -0.0866538264208529
0.339061507553469 -0.216196645141767 0.0595920449965709 -0.0378479697353461
0.381424404817387 0.122013412101396 0.0957304614629005 0.00224255637693414
0.318140864468894 0.360387805935441 0.0577953098817959 -0.0107602676519565
0.284562132844589 0.286261294876372 -0.119138286764825 -0.282168544646376
0.367832500029394 0.130103572437087 -0.166372814098473 -0.133636499348242
0.355535146777089 -0.141536989224425 -0.0919062774374569 0.0353271734290536
0.14367372623501 -0.337507377104786 -0.0299233088063783 0.0172525511027712
-0.083393703043966 -0.267030331884272 -0.0276490099701937 -0.059552615184866
-0.184093885180656 -0.158492861488168 -0.104972378679224 -0.0524823912628282
-0.262671177370747 -0.0593376777461316 -0.135701788440964 -0.0272623636640683
-0.256676083229976 -0.013125633850522 -0.153992438456328 0.0198534355096568
-0.248720638166869 -0.032918457005401 -0.153110287041209 0.00963111709539998
-0.192694354737946 -0.137101476625596 -0.150817194684092 -0.0261676450286762
-0.0968958705189096 -0.217291945995374 -0.11387460660871 -0.0923588845316888
0.0854677181324742 -0.300950922148057 -0.0372816981936882 -0.113221674295551
0.275025137338002 -0.167239391674039 0.0434714016693628 -0.0474050483919486
0.311042889156235 0.100658166252956 0.0236689124347664 -0.0196857874914269
0.284624076652052 0.299042120895628 -0.0251648332247867 -0.12473033938977
0.228132695270538 0.183321377385551 -0.173030648899776 -0.389040620267747
0.263019740429157 0.069595641870606 -0.22689622408737 -0.180703511358138
0.23446816932634 -0.101248100912087 -0.0944964902605685 0.00952220840427713
0.0908839353653348 -0.215536503858353 -0.0248541065662188 -0.0232183726327979
-0.0457127914263549 -0.172411283056776 -0.0531434886076183 -0.110601298926861
-0.11507972485451 -0.112368057749086 -0.166044380340571 -0.0998952387107303
-0.177906963146876 -0.0572703257283817 -0.214512258409251 -0.0422276318852971
-0.174075771611564 -0.0266108578151391 -0.225407899133474 0.0124213584849092
-0.166476799583902 -0.0445262057412728 -0.220275480841044 -0.00388710076336288
-0.117530986433422 -0.111061529802068 -0.19388047072679 -0.0614683861694459
-0.0392821495144098 -0.149385127200192 -0.121695717883027 -0.132680031544788
0.0749341849235334 -0.176998335592135 -0.0241963600584857 -0.124744302814906
0.176481535129286 -0.0901280492807434 0.0373895751465621 -0.0479926404038948
0.197304457237739 0.0705266912483056 -0.0304888297018284 -0.0268980013750054
0.208049999846404 0.198759275371686 -0.0925720013099217 -0.203161723375498
0.132692121964348 0.0504909757764069 -0.204461038090102 -0.447388714733265
0.114913907082669 -0.00137299292229726 -0.262246237114136 -0.205840275032355
0.0769809966333478 -0.046782319784321 -0.0965354101231361 -0.0123722722456341
0.0239061040877861 -0.0634107319317371 -0.0234310663100447 -0.0478138478171559
-0.00104649118418905 -0.0522332679385139 -0.0707068406141083 -0.133743803920179
-0.0275628531820289 -0.0508450621566893 -0.199625768050846 -0.12394415568839
-0.0642530307610145 -0.0473912099853344 -0.259219552047586 -0.0474388747358184
-0.0651212221871337 -0.0362494060242899 -0.262262896316804 0.00366831806926903
-0.0620243968369881 -0.049108266494898 -0.254598588698015 -0.0205737637436147
-0.031260930440631 -0.0694962289156695 -0.205074659635191 -0.0928139054011263
0.0141139443598431 -0.0657763049031821 -0.105168859282918 -0.159396461889369
0.0463645073899588 -0.0469407636196735 0.00158357853624315 -0.121885160691327
0.0629615441298342 -0.0185076810397536 0.0379176700037349 -0.0438629833667466
0.0730456980254585 0.0253424265871438 -0.065283938451622 -0.0259080432321579
0.110460853236716 0.0734676623068909 -0.138870035466525 -0.239365335190625
0.0120041422513256 0.0826851417328638 0.19073671870798 0.2392551288569
0.0513357759493998 0.0391896726076546 0.139504967372354 0.0370478019608163
0.0634124172068242 -0.0376513105847544 -0.0455601243052145 0.0246111383622994
0.00618691650962355 -0.0843964062845291 -0.0406568542261665 0.11149183262418
-0.0535725037477344 -0.0388982013420521 0.0697818316601358 0.170866165588908
-0.0560956850886748 0.00236932266350593 0.206322094611597 0.133027837262149
-0.0542113870696528 0.0399306334509472 0.266108328677646 0.0398427234060176
-0.0565572261356151 0.0417389926187098 0.268977062579196 0.00150683465402237
-0.0604029865677521 0.0355666283755087 0.274850383894307 0.0300978936066887
-0.0631300624578996 -0.00337186623343359 0.214050194373902 0.105888803458407
-0.0523897751947637 -0.0503210479604191 0.0996579815646798 0.14488371162222
0.0196740926494805 -0.0878382786887653 0.0419292264465385 0.0665389751152334
0.076205118502398 -0.0184039627491635 0.101238059871861 0.0427365786397516
0.030769440072038 0.0550060942370988 0.241040380467552 0.174549353264302
-0.0188738569716262 0.0618089342684567 0.221125432931721 0.466772632389833
0.118666793472666 0.194739779348588 0.148633267231199 0.203112954764566
0.173706276308065 0.092169393154077 0.114823076981152 0.037071513187571
0.18689736238383 -0.0788241969102653 -0.0484404444700779 0.0364866676155022
0.0630573901999709 -0.202298846070153 -0.049325160140422 0.110559550144677
-0.0841342443815931 -0.140179663908785 0.0559157381669497 0.159868227399571
-0.133064351287936 -0.0572838906854918 0.176235731256026 0.131193713010391
-0.165096726641399 0.0239238392964156 0.230853866573376 0.040470584708964
-0.169976550496683 0.0442916222909132 0.223668836626133 0.01089681838698
-0.17534979572336 0.0261548648877919 0.227535686785147 0.0298859189606498
-0.154771220853348 -0.0662726586244793 0.170312005805892 0.0959784384681544
-0.100171412722469 -0.152612939036298 0.0703411161714393 0.116629308841096
0.0632059991076321 -0.23151329293757 0.0296691504833972 0.0352356591923622
0.213438239512459 -0.0944141112286296 0.109217317619873 0.026931508890817
0.187028924254071 0.113065249825471 0.253551526444179 0.13953227189301
0.112238070785658 0.210418144088662 0.232903029902735 0.393493427195322
0.210219421387581 0.288467719166697 0.0913291934335704 0.119995586890749
0.289537248279759 0.140842808867019 0.0680596561710959 0.0189914189684963
0.303412049381085 -0.115809790722615 -0.0563638832599869 0.0512650635103043
0.119499907251219 -0.309517996908595 -0.0506461146896946 0.107606655778655
-0.105565485942019 -0.236114277077597 0.0426885986264353 0.130995485464065
-0.194160775896449 -0.11646676145349 0.126440807218259 0.109583666291037
-0.255073233618158 -1.24033990737673E-05 0.162428518878607 0.0343654432695363
-0.25823162377656 0.0389224474619736 0.146073955092686 0.0210393711023698
-0.263535607770316 0.0148286723908113 0.146560758724132 0.029014087796351
-0.226783561455614 -0.113370427844029 0.0992575242445893 0.0731079284772301
-0.1428486920552 -0.229425825938508 0.026687711595055 0.0719251141534833
0.0820422813466181 -0.349761448228984 0.0114623649360395 -0.00446616186526855
0.313937311258096 -0.174364165645814 0.104351678191517 0.00382753675154854
0.320913285668405 0.137675857237495 0.232414212117164 0.089843609961201
0.231443678473974 0.319539563421653 0.20597339208507 0.273059080460199
0.279758285260822 0.345055859612203 0.0216190669916446 -0.00222721734876235
0.381765977259055 0.167681075911059 -0.00326488199652914 -0.0199852562801837
0.392181536123436 -0.151339269320833 -0.0702993536604875 0.0615749234345377
0.157368936262681 -0.390386355195907 -0.045320707289418 0.0950405151110289
-0.118513501142555 -0.304039114582513 0.0253837535053854 0.0794662339490407
-0.230591429057588 -0.161089289809384 0.0568801031576961 0.066518520343352
-0.308565876892963 -0.0250762831281151 0.0674292524277782 0.0186787918340822
-0.308031396533135 0.0278673974475263 0.045200474716739 0.0264670370139498
-0.309484910440796 0.00377743256824046 0.0436806909243226 0.0255699667003889
-0.26309864215923 -0.139298101767265 0.010303294619597 0.0436482157748623
-0.164942531384526 -0.268606422209084 -0.0290635114426256 0.0164716152947367
0.0840272711875596 -0.414157968656768 -0.0131438817178405 -0.0476273514029696
0.359572950146779 -0.230131084007455 0.0868371326823374 -0.0209105852879076
0.398767941897436 0.134972911528215 0.176621347904255 0.0376303268701523
0.312473577317577 0.372526786617253 0.143655923395893 0.128949186699554
0.312828299276976 0.347677258401376 -0.0548107043184499 -0.147645597214945
0.421570128846476 0.16406359160706 -0.0907569058483538 -0.0753313839614324
0.419931253341675 -0.168732035365076 -0.085226592987085 0.0586472914416309
0.164934785812865 -0.413364406069035 -0.0370162592576809 0.0646042067866355
-0.116356923208974 -0.321416809436293 0.00114636389362819 0.0111266427144209
-0.232282599861364 -0.177188141200496 -0.0254965519953901 0.00841177319802417
-0.31498874118754 -0.0446046279653639 -0.04024070891049 -0.00254648660366519
-0.309769207641748 0.0125179300851569 -0.0620331187782062 0.0276966468252848
-0.306465804317824 -0.0102098763434847 -0.0641678025536576 0.0213482481907009
-0.254277539727394 -0.146974307228751 -0.0810837567962926 0.0112758914952786
-0.152744284825355 -0.266078516623488 -0.0837634877953421 -0.0396180191591569
0.0814499845311947 -0.400252794616384 -0.0347821235316306 -0.0867054706326128
0.346045779477231 -0.233793601942034 0.062994327822628 -0.0399592015388927
0.398784907304962 0.118622347398058 0.0994653393596653 -0.000302766349256959
0.336953019867532 0.364528412716239 0.0572428539862937 -0.0128475501825349
0.300515682166352 0.291544005849188 -0.128854847815944 -0.28905324657572
0.386521223844895 0.126845213591443 -0.175441992422685 -0.134468713698859
0.366549879736953 -0.157700838181488 -0.0946302006397295 0.0405739907605291
0.139768675025814 -0.354956873286069 -0.0299203984070704 0.0205370749516234
-0.0933618986559291 -0.276817479690776 -0.0292045363569535 -0.059126940280971
-0.194751080663678 -0.159898908019642 -0.107246268974037 -0.0507506981612745
-0.272204443237557 -0.0530883620732015 -0.143218488289736 -0.0232277632477195
-0.264929972990363 -0.00388409215132854 -0.159572527437975 0.0241415701674262
-0.258737067130039 -0.0263165391143223 -0.158320748557687 0.0138248681383511
-0.203857396264315 -0.137661643819712 -0.156286614820672 -0.0228005787191222
-0.106745899997043 -0.22362489595666 -0.120391242138551 -0.0918492262286947
0.0787698185775285 -0.314067222736395 -0.0415924881563291 -0.11455304446903
0.279843790443202 -0.180918951974359 0.0456793696237743 -0.0493878284535702
0.324318944950505 0.0979226247511772 0.0255520008559683 -0.0217629915945198
0.301557797310305 0.301949586502018 -0.0308974479469308 -0.129913843471599
0.239708208278068 0.186143603584542 -0.187293546836077 -0.40024112172737
0.276252078293565 0.0661839098951102 -0.239459641937593 -0.182672127083779
0.243304794405669 -0.112553641012433 -0.0987427983639656 0.0133513666241378
0.0890526531198067 -0.227767101365168 -0.0258357418566406 -0.0218810676427093
-0.0517481702321763 -0.178858100888271 -0.0566109831468878 -0.112142397743207
-0.121847718642444 -0.113798332993268 -0.172430330049011 -0.0980822707006978
-0.184773926656336 -0.052910536179797 -0.223941279511872 -0.037109215262674
-0.180456531413837 -0.0201601310822611 -0.232938348026449 0.0179187288107124
-0.173605113834897 -0.0404131530532496 -0.227309711406164 0.00108941912336381
-0.124695675091707 -0.111921083662727 -0.201532877176551 -0.0586950461608069
-0.0450784911093388 -0.154494374988441 -0.129558373226377 -0.13311912403403
0.0711874392884834 -0.185582043037618 -0.0278749367390163 -0.126809667447168
0.180075188225063 -0.0985519553393375 0.0394191876325123 -0.0503518966592336
0.206103434682455 0.0687783971497846 -0.031013522284662 -0.0280780839369701
0.219366568900902 0.199999886201609 -0.10311504468487 -0.210501471433203
0.138688728957148 0.0509287883849168 -0.219507265353008 -0.461727659621384
0.121366028894271 -0.00407141348372512 -0.275995585149887 -0.208467798440523
0.081315276931355 -0.051412980480623 -0.10117872089698 -0.0105920337956173
0.0235976440381757 -0.0678639522802365 -0.0241963739503524 -0.0482319161877435
-0.00175337360748847 -0.0553280500021809 -0.0752914556510882 -0.137073286838723
-0.0290895411297969 -0.0526775222254467 -0.207787186704306 -0.122425371559604
-0.0675338328580546 -0.0463437295796451 -0.27062590734667 -0.0422036804218028
-0.0681388562915382 -0.0341769426490383 -0.271733448878335 0.00907897547412743
-0.0658879454367795 -0.0479645736422076 -0.262434653045989 -0.015478336608718
-0.0345700212867146 -0.07058684262828 -0.213363739456542 -0.0909207207628076
0.0120078446110885 -0.0689336804632062 -0.113157664153322 -0.161291177068461
0.0457159321095983 -0.0501560347867323 -0.00174338452992197 -0.125296310066433
0.0638417663810677 -0.0220979293102186 0.0385884325189598 -0.0461600641258525
0.077112641795285 0.0240306278875039 -0.0663299082069727 -0.0266307432106563
0.116197174443508 0.0729561204196764 -0.151058123422525 -0.247014005533166
0.0161693779164593 0.0834765940303531 0.2108803131175 0.241278453280926
0.05325228939515 0.0387909602909864 0.147437939378762 0.0312803615584053
0.0622436726364608 -0.0409859677548453 -0.0443880480954671 0.028281259240778
0.000760397036714458 -0.0873431971976216 -0.0358418702308238 0.117237891038354
-0.0578907807923365 -0.0366170313295405 0.0802109779667992 0.174260121535634
-0.0584500209061136 0.00559635631375619 0.219465103921489 0.126109788249551
-0.0539069750045287 0.0434526381164259 0.277183427279389 0.0265389151798107
-0.0558762339427845 0.0462513988251106 0.278854514649467 -0.012209064535257
-0.0604808451581189 0.0397908239048613 0.284444476668784 0.0161472691445873
-0.065404801478023 -0.000564625805432399 0.226768221049517 0.0985917320630449
-0.057511105878423 -0.0493061765033712 0.111777844631414 0.144726153284003
0.0161072771337112 -0.0918045558855445 0.0475061489033981 0.0663380908655659
0.0779875311688226 -0.022183904143384 0.107772367467441 0.0399978576802841
0.0341313823985315 0.0559090474296604 0.258167768339071 0.170120021438801
-0.0169028082081658 0.0637361421665385 0.253294132571448 0.474082331366718
0.131734923556128 0.194472366571112 0.166584808732098 0.206174866091456
0.1821886403437 0.0876123043573667 0.121947555497623 0.0328599021890094
0.187915866711166 -0.0910396756414717 -0.0465772426217826 0.0420167323078395
0.0534712247079613 -0.213669383161569 -0.0445727821294846 0.118096649805776
-0.095858636420002 -0.140695617350355 0.0663993058602636 0.163923041390575
-0.141884929545425 -0.0517131908571347 0.190179861086449 0.125622385248344
-0.169166625693493 0.0339673630629108 0.239888451414552 0.0302996530026106
-0.172062464239772 0.056766391057162 0.232994344266232 0.000535918572729577
-0.180241150302644 0.0371280090695364 0.236165005644207 0.0191934550007056
-0.164889842816525 -0.0610259496583164 0.180622460053169 0.0898927337872963
-0.113200913356143 -0.153190787032963 0.0803447050133616 0.117585712805304
0.0518035129050037 -0.24457374123162 0.0339560826305519 0.0357129381943291
0.216775681159647 -0.109360493210985 0.115936181145328 0.0233364051517564
0.200348912502419 0.107849762948172 0.269746782691773 0.132513999972479
0.127263642097543 0.210816798902279 0.262113760123788 0.39785831549244
0.232969972483136 0.288071457671849 0.10222693243897 0.123753869040062
0.30484327997385 0.131652304335267 0.0724554308671588 0.0175237874632213
0.306687986529117 -0.137720247652523 -0.0540016195165487 0.0577758526188292
0.10461553395998 -0.328513722704485 -0.0451212190585561 0.115937674944775
-0.123274920383462 -0.239864513429996 0.0514847248265454 0.135422153922383
-0.208191567953853 -0.109573017731844 0.139052946781393 0.106321038041011
-0.263732000629751 0.0144561716822481 0.168604156195142 0.0284777660342047
-0.264277664613042 0.0571693472690619 0.152038655535354 0.0149287536240374
-0.272308236446036 0.0317095017655151 0.15253851522699 0.0224175883641162
-0.242401367178174 -0.10573441138337 0.106010705965971 0.0712234110069953
-0.161495065450761 -0.230533749332505 0.0320375483712021 0.0737065136624259
0.0639511895692823 -0.369300167303233 0.0126754980467509 -0.00361073784151851
0.316800894672298 -0.199269526785793 0.110428721539263 -0.00118651555094486
0.340523496333102 0.127222765862587 0.246305255620963 0.0804561570249252
0.257646372620714 0.317419010677549 0.228056099688644 0.273400170413249
0.307593904437609 0.343785111180295 0.023649938172487 -9.30667031447463E-05
0.40346680407028 0.154903979428241 -0.00335498504809717 -0.0193966422060145
0.396280530445243 -0.180234273942129 -0.0680844453976782 0.0703961842550767
0.139559557337068 -0.416129959120297 -0.0406749877792474 0.102690628303736
-0.1406302606168 -0.311119658425083 0.0320207873930171 0.0837984270589835
-0.249083365417297 -0.154429916177529 0.0647925975475342 0.0654589417583009
-0.320161295312212 -0.00810008863458612 0.0689086058497945 0.0183026092840751
-0.315474749949023 0.0492886014453055 0.0484247922399301 0.0259137121859634
-0.321138301741586 0.0228104638530062 0.0457552524619377 0.0252116542557532
-0.281845741438191 -0.131772160011553 0.0125530944821127 0.0454875702339288
-0.187140042105217 -0.270607794181313 -0.0287184556763327 0.0200063537823988
0.0620269148185751 -0.436197963050239 -0.0149662675185341 -0.0464798939330974
0.361509223091251 -0.261376943329793 0.0906235002213202 -0.0258713791760292
0.421610387608618 0.120707305678924 0.185877287314093 0.0298259115681429
0.34603640717588 0.368426325617516 0.153684672753552 0.126324810876396
0.342774738879091 0.344934980210424 -0.0637595924117911 -0.147851932325446
0.447051549051757 0.149042923202842 -0.0978271645379974 -0.0724449786841031
0.42715824417588 -0.201516776904569 -0.0844427312882762 0.0680576532841304
0.14701616862184 -0.440340505831039 -0.0334307352600007 0.0714121932361852
-0.13979551131859 -0.330025524786812 0.00311801012728859 0.0140398764804066
-0.251727473068923 -0.17187648304691 -0.0233699093565752 0.0101009432720274
-0.328273823007184 -0.0274501102726875 -0.043857035848369 0.00237093517559884
-0.318550703354716 0.0340250888689988 -0.0631546972402042 0.0329246542239299
-0.318664347313203 0.00878677037237852 -0.0651787871244554 0.0263245374013316
-0.273474615973667 -0.139452938959803 -0.083697740529551 0.0170684179266275
-0.174162489116026 -0.269390640696872 -0.0893487840494574 -0.0355296738899622
0.059425289137221 -0.420792902426459 -0.0392361452839722 -0.0857519727833997
0.346511332047793 -0.26280145470414 0.0648133618903868 -0.0444733658994708
0.420984369540337 0.103724302418053 0.104980263609344 -0.00692996278746611
0.369583806161552 0.358740658762071 0.0559543822869349 -0.0167212052938923
0.327062022301045 0.288961947713431 -0.147898241086444 -0.292393819561661
0.408849503635376 0.11213445215067 -0.189076221288648 -0.130022306446055
0.374071252581601 -0.186286603317972 -0.0961826843724039 0.0490161110798594
0.124761353657039 -0.379609582694628 -0.0281349821914474 0.0249588285214532
-0.113493400891285 -0.285574897260439 -0.0319176824428875 -0.0578680101339519
-0.211418167840802 -0.156244690861469 -0.111799247987823 -0.0467691096999062
-0.284412709417242 -0.0382177662604638 -0.151654243773974 -0.0134845165872128
-0.273609022125359 0.0141356731319691 -0.16475058249749 0.0342263721016979
-0.270160793910628 -0.0107440862193898 -0.163226943966032 0.0229327394480972
-0.219550957185221 -0.131626056657949 -0.163165997123376 -0.0148594054938676
-0.124648380896081 -0.227701800616258 -0.130812926241176 -0.0864795588188359
0.0617777506190135 -0.331037972770567 -0.0482759665229021 -0.114318996266401
0.28005110251017 -0.205054565922798 0.046294676046505 -0.0538999282802632
0.342679451527387 0.085452543703351 0.0267564326276796 -0.0256536037221592
0.328878177820439 0.295007777652278 -0.0422788372171511 -0.134825490864572
0.258053997475318 0.18261876339818 -0.214290163046384 -0.407277167057034
0.292606363680129 0.0545567671665741 -0.257935572968414 -0.177167690888836
0.247743952516706 -0.132618796985143 -0.102144534565175 0.0203903344452676
0.0790845676146579 -0.243282339656167 -0.0257198697077627 -0.0202047478636115
-0.0641836440187521 -0.185023534065686 -0.0634429802724449 -0.112804358264755
-0.133339585831857 -0.112121772476595 -0.181448539457491 -0.0921163025141122
-0.194375801510585 -0.0433969499085419 -0.235912047750752 -0.0243749882688219
-0.187081693812057 -0.00852097985034603 -0.241450139396108 0.0309660746131244
-0.18259468070997 -0.030495102342275 -0.234336396075643 0.0127552248022673
-0.136501145406412 -0.109466227722106 -0.211367521057136 -0.0489912723766876
-0.0561597828226521 -0.158616550267249 -0.141808161931919 -0.129959055662599
0.0613313101683522 -0.196699960893845 -0.0356615496389525 -0.128211283078332
0.180411222297791 -0.113679380872221 0.0389058156460545 -0.0545946956189097
0.218123836898156 0.0605860648575614 -0.0319146819265768 -0.0291058787215487
0.23932813981226 0.19405079063194 -0.120907404633976 -0.21469882502271
0.146104814415206 0.0470018583666451 -0.251465467041893 -0.470247318408758
0.127422274238751 -0.0107740842644108 -0.29795674320771 -0.202329216703635
0.0839280631993287 -0.0601969139996732 -0.106161396939924 -0.00484041352711223
0.0213418902245986 -0.0723715364505633 -0.0270330341656638 -0.0484170995178976
-0.00445618437251024 -0.058435858778968 -0.0842968732232596 -0.138649909826213
-0.0330816243642975 -0.053652332680808 -0.221287655155038 -0.116110244254186
-0.0718331806382325 -0.0426409107824287 -0.283044262804199 -0.0279651360895709
-0.0725735207321497 -0.030033326179965 -0.280994671660753 0.0235107653838521
-0.0716881475982205 -0.0451084042812561 -0.271303047322313 -0.00238458356905787
-0.0402432896400229 -0.0708480533441228 -0.225697239788992 -0.08296149975916
0.00794326414874549 -0.0728152353515396 -0.12620677632487 -0.159867343894377
0.0430001582353134 -0.0549787790216998 -0.00894918875141447 -0.128210371458839
0.0643544088356464 -0.0276852890534158 0.0379418751654187 -0.0499935423733707
0.0816340059012912 0.0206033298117467 -0.0689518338101962 -0.0252756199993974
0.124433769860953 0.0694287379521793 -0.172103764301788 -0.250800928071111
0.0218292001594891 0.0817362267807514 0.231967718751147 0.23059907055238
0.054479492304475 0.0369948171610239 0.15192478356272 0.0211812903134025
0.057919870449446 -0.0440379284804535 -0.0409076541132553 0.031823317932708
-0.0063756620674278 -0.087506062581631 -0.0276860031175367 0.120838582309464
-0.0613074121005783 -0.0323951323323626 0.0939881269042843 0.170562290819607
-0.0586305833094702 0.0101861282315059 0.230344671260923 0.109928357950653
-0.0511480255437426 0.0477411699069956 0.281083645996618 0.00606344351534578
-0.0519666219048615 0.0511724072744173 0.280604478041658 -0.0320469101764086
-0.0574214026263448 0.0446708411025395 0.287396387044021 -0.00502829911960901
-0.0660622047431578 0.00395137087586147 0.235465634729109 0.0818492098365889
-0.0615355377355815 -0.0452164170687744 0.125066611139679 0.136701510486136
0.00959243411552564 -0.0939410241955276 0.0538092604695492 0.0626774723335702
0.0777261249705328 -0.0277721343019076 0.112304905795721 0.0327096410068477
0.0378799541735394 0.0541764158584388 0.272042745158944 0.154665683320113
-0.0130387688061919 0.0643925388085794 0.292129976701237 0.461896895145799
0.146068336578829 0.184897248762584 0.184579558604235 0.19978453066853
0.188315666399669 0.0767970301056264 0.126211352337838 0.0250540472904171
0.180152338072254 -0.104656892064175 -0.0416314686867987 0.0463741926418269
0.0359116027335353 -0.218964764987916 -0.0349737668577495 0.123156481277401
-0.10772660961863 -0.135123412300986 0.079662645690107 0.161591132862219
-0.146731052100881 -0.040843164893667 0.201056235905327 0.11150069228532
-0.167782082426817 0.0475636779748945 0.243793925950825 0.0139503063250522
-0.167962350330986 0.0711879859229361 0.235194384314355 -0.0151400059820019
-0.177843799866855 0.0516991068297211 0.238752630560802 0.00265099781500959
-0.1717700834997 -0.0488359543365463 0.188803955490457 0.0778328883143285
-0.12626998755921 -0.145865611917982 0.0910413394902463 0.112321178275483
0.0330340358437034 -0.250858119958471 0.0382430250755452 0.0336929400562809
0.21074506183189 -0.126955373971059 0.120128063189378 0.0149932028833415
0.209794361683132 0.0950703966579542 0.28168106789748 0.115018537092574
0.143358660417763 0.201933158998076 0.294709003403001 0.384524490626907
0.255787987091048 0.273418914215012 0.114294592936304 0.121267939673503
0.316169194800969 0.112421222221237 0.0754753652498954 0.0131451247800341
0.296993635135224 -0.162446960777966 -0.0480672282812995 0.0641338011330379
0.0780197528600933 -0.340170783356774 -0.0352720339280572 0.121185106316863
-0.144008862116317 -0.233245721682689 0.0636368762869417 0.13444585884015
-0.219351805687829 -0.0946045445062147 0.148947664538446 0.095838565083767
-0.263896444780757 0.0353184752802031 0.17116153614395 0.0180632755631711
-0.259994802820105 0.0794023849557134 0.154988283220819 0.00506850618015953
-0.271743537574388 0.0541425090966512 0.15462314799719 0.0122640058094969
-0.25408276072705 -0.088569097384689 0.112460859913803 0.0642354300812232
-0.181366215713937 -0.221276814776337 0.0391815187877796 0.0728866891284407
0.0343348550427284 -0.377866335493831 0.014315939113729 -0.00378031128217407
0.304980367397811 -0.225606245752601 0.113101147544416 -0.00906241573214379
0.353225883969465 0.10404737489434 0.254705232285572 0.0640021773776486
0.283440446385171 0.298721333185445 0.249426428126175 0.261351822378116
0.336504036756551 0.324425978005256 0.0251327659090865 0.00199398055237595
0.418251687297269 0.128268875032926 -0.00425275478141027 -0.0185783024231048
0.385423237035944 -0.214246827715946 -0.0616487774650236 0.0779435253970219
0.106167896805092 -0.432621666679286 -0.0305421938072106 0.108064970979143
-0.167458914187988 -0.304807742053409 0.0403510231549479 0.0835684712140945
-0.263919866977785 -0.136600168967465 0.0721782770811586 0.0604335177826687
-0.322627292881968 0.0176502787227162 0.069637210940316 0.0161169498962604
-0.312477954841983 0.0768127012211769 0.050733991662127 0.0239442298392143
-0.320675339912177 0.0494393063414423 0.0474023810972015 0.0227827624250922
-0.296087382390457 -0.111397489585928 0.0162182430855274 0.0460712742815571
-0.211171438540407 -0.260021742810888 -0.0269482643412862 0.023962623043704
0.0265061015080106 -0.445168697705646 -0.0165616692831364 -0.0445581178774882
0.345029723739349 -0.292252206055728 0.0913899024749386 -0.0324106425730307
0.434526595972645 0.0902301671201623 0.190325780445735 0.0161516936566808
0.376160770092102 0.343404930886213 0.16281449594882 0.117032317272763
0.371079516035071 0.325038634972407 -0.074195000986583 -0.142338223485469
0.462473916162634 0.117933070762215 -0.103147775892932 -0.0650792893809583
0.415573203779843 -0.238671161596846 -0.0783527438751997 0.0777103315500441
0.112682418725755 -0.458692406092633 -0.026365802420247 0.0754331057413257
-0.168721101093741 -0.324703689854775 0.00623948950619941 0.015341176904108
-0.268336284316947 -0.154528279133215 -0.0206195534449477 0.0109385728674214
-0.332108953887717 -0.000756407189025532 -0.0454667577305068 0.00904058239230506
-0.316098238680779 0.0614439676996413 -0.0612677132352521 0.0387772898688977
-0.320938795767181 0.0348780761281226 -0.0639113308652255 0.032255285509889
-0.287603968533109 -0.119720679162486 -0.0831255312658096 0.0242367301477815
-0.198293470303747 -0.258944211198968 -0.092279321551169 -0.0272593889478036
0.0244466426229882 -0.429729560454075 -0.0445191153371158 -0.0820556026936881
0.328485518649436 -0.293982923848455 0.0642250121014554 -0.0496566989865422
0.43280985219311 0.0735771348906497 0.10596666569098 -0.0158239853035222
0.398565199871098 0.330114832031166 0.0525297690571905 -0.0208774228360209
0.351735057541327 0.269573598026978 -0.170440050851062 -0.283338538581303
0.421305014528359 0.083964984179364 -0.200237327218912 -0.116359678068901
0.363756227267198 -0.220431537806168 -0.0921261719293409 0.0588693511159866
0.0947785872489511 -0.395329761850355 -0.0246340333493329 0.0279825841528071
-0.137138163503024 -0.281390225204178 -0.0347981473747134 -0.0554203114010263
-0.226192957119908 -0.141570102345674 -0.114407924273558 -0.0395326093346385
-0.289096911139456 -0.0157478952994556 -0.155038635574357 0.000456819869093559
-0.273115415493108 0.0380427537179753 -0.163465169515561 0.0480290008453492
-0.27269326478867 0.0123284874446082 -0.16245122085707 0.0356410683643495
-0.232770591376243 -0.116180693416043 -0.165182429648883 -0.00154590715713395
-0.144102339746273 -0.221037971499176 -0.138127815699604 -0.0757581455640514
0.0348456265594972 -0.33875307638496 -0.0555434286390335 -0.109355046718119
0.264863783158305 -0.229636190005627 0.0446474056225274 -0.0580000858436954
0.352223999628232 0.0611588855669749 0.0260853875090113 -0.0291431038955461
0.353363843520194 0.270146677760524 -0.0559966697612331 -0.133406516802569
0.273969993057433 0.167255909825491 -0.245324738362449 -0.395443516263268
0.300713847412909 0.0340068273738896 -0.273843314199585 -0.15924033536885
0.241404846560863 -0.156066251678153 -0.101254193491558 0.0294216544250448
0.061849161380597 -0.253972275899996 -0.0266494284611991 -0.0179960739051055
-0.0792537942126371 -0.183952677149744 -0.0709426785830467 -0.10937079566424
-0.143335782498954 -0.104263255698866 -0.18859318197539 -0.0800152832561883
-0.198154482515228 -0.0269184520682759 -0.241045377687233 -0.00514972059643392
-0.188136483135393 0.00801233215775951 -0.241229144542166 0.0494973579338086
-0.186451339790749 -0.014695229480919 -0.234833296240359 0.0307076063900068
-0.146750813257697 -0.0998009563401305 -0.215717343426276 -0.0333474068484699
-0.0694073778613025 -0.155926503660069 -0.152961049151175 -0.118817070536926
0.0449945415323259 -0.203070102406256 -0.044385895986766 -0.124690842659911
0.171366384663493 -0.129142530558335 0.0363339608041639 -0.0580836372170915
0.22440358726768 0.0450877295493327 -0.0337049686758842 -0.0290897711502705
0.255372086459064 0.176164253073878 -0.141828178557033 -0.208339601588315
0.151303294394614 0.0385586116893079 -0.288935755446129 -0.458492828455354
0.129354172770755 -0.0210928332050745 -0.316408781316231 -0.182622890477063
0.0813368100309627 -0.0701409444568988 -0.107231212119662 0.00287675793766348
0.0161599671345878 -0.0766701046359677 -0.0296302344707026 -0.0465464252381796
-0.0089874867757356 -0.0603411152023399 -0.0948948011152138 -0.134558270887446
-0.0374100749514097 -0.0526700847652197 -0.230637129301225 -0.100075858281373
-0.0749609486556203 -0.0369198718466757 -0.288969294945459 -0.00633224789566088
-0.0750279348518684 -0.0238784445034154 -0.283453062564451 0.0443491561950638
-0.0759231733629685 -0.0379138025568265 -0.273360199419786 0.0171589800199834
-0.0467316066024099 -0.0680679883982023 -0.232976583604934 -0.0665983257808293
0.00178822105980603 -0.0745044433743377 -0.139727356621508 -0.150311145357616
0.0382287908135878 -0.058880507074348 -0.0184736720566377 -0.127329589486548
0.0616327299769989 -0.0339295733684763 0.0342971650802058 -0.0531403997976883
0.0846126593022685 0.0144329553115902 -0.0705591159451973 -0.0225647801400105
0.131215401543538 0.059626074347884 -0.196000697332285 -0.24156204305326
0.0250997346596278 0.0759309175326537 0.242008575763273 0.211489793326328
0.0538088060907893 0.034551542811672 0.148943891121909 0.0101454719922435
0.0529182627533229 -0.044138611456089 -0.0368393115336886 0.0330612205644339
-0.0121494679449318 -0.084127765393691 -0.0189145888090481 0.119294858948726
-0.0613220831387098 -0.027113982896893 0.102140281002264 0.159175660272195
-0.0568805879842906 0.0139484765410322 0.229890629609491 0.0913040718424245
-0.0461940865880316 0.0492604105290431 0.272677345492177 -0.0128559769692415
-0.0467643675854557 0.052657962011805 0.271432047909783 -0.0483795834387254
-0.0523890773720228 0.0466692163768898 0.278120766141181 -0.0226559361586716
-0.0638289503274753 0.00789203129881295 0.233203161115889 0.0644493009522673
-0.0627932814874447 -0.0389827038887187 0.131148512408755 0.12396910222308
0.00364395655009842 -0.091600765436311 0.0558813085756416 0.0565532686920786
0.0742811688924477 -0.0316491588008332 0.111695558188587 0.0252776004443591
0.039685062727783 0.0505877148224716 0.272622066038115 0.135100197872159
-0.00953967186567792 0.0624065613106704 0.313385702214182 0.430706977479565
0.152649215574654 0.168797616138162 0.193964484156732 0.185260187102612
0.185967480649762 0.0650527818801418 0.124974895121013 0.0164815310915004
0.166688179894522 -0.112034420571944 -0.0358939382126081 0.0477656255115431
0.0192401858057509 -0.214480401085674 -0.0249681959644304 0.121263061256537
-0.113615832001642 -0.124147823886688 0.0885036839573534 0.151814884903857
-0.145536877751332 -0.030446795157395 0.202732244928205 0.0939907386602009
-0.158961323859909 0.057202257123869 0.237184310029161 -0.00147979215153279
-0.156548475028174 0.0808949395402475 0.228166375268314 -0.0288624968731871
-0.168653975638572 0.0624308473763997 0.230436052924712 -0.0125928491699201
-0.170546051309292 -0.0365317324868679 0.188183784266995 0.063452730079475
-0.132410366473977 -0.133069837963718 0.0968019553108522 0.103057671642578
0.0146343664688902 -0.245467180092336 0.0401274395282036 0.0297232231452588
0.196850946484585 -0.137098238336222 0.118341274968888 0.00714961824709858
0.208895400408248 0.0800326613571936 0.281003329390254 0.0956852397765424
0.150507026922965 0.184865098754302 0.309679230535449 0.356096444029079
0.264209900652169 0.248222401932604 0.121168248490593 0.11441446812291
0.312369052084111 0.0912994789015846 0.0752973172544462 0.00844634740237283
0.275105945576306 -0.176034965203155 -0.0402352793353541 0.065957291830608
0.0514552924336414 -0.335475127543844 -0.0246268312158903 0.120177023135305
-0.155589006631067 -0.216859743182801 0.0719509488306782 0.126940421061432
-0.219139838867827 -0.0772815561902208 0.151536870398791 0.0816333411286631
-0.252935243308278 0.0520694129953406 0.167014339463483 0.00876215627351692
-0.24492064563688 0.0961094592139139 0.151376948150986 -0.00361699869539505
-0.258563123684279 0.0712905604443885 0.149923264608971 0.00263362274889431
-0.253670543720681 -0.0696817526830051 0.113160082751011 0.055742685728748
-0.191778855836912 -0.20243557528433 0.0436752786704507 0.0683994308918944
0.00757719226590642 -0.368823603714712 0.0153833660748991 -0.00490979647354675
0.280832390872106 -0.240117224857807 0.110865133333842 -0.0159402868165314
0.349358467155711 0.0795135435423146 0.251910025605438 0.0458841903107914
0.292224399020329 0.269928774650831 0.258402521914812 0.239052467071265
0.346596609784802 0.294483231873037 0.0272029888274851 0.00349532538995012
0.413273031963206 0.100118082311579 -0.00393916160786544 -0.0164535715515948
0.358070692392865 -0.234225965995391 -0.0523925748357516 0.0807920702229125
0.072181358184507 -0.428011003986338 -0.0212059490287111 0.107114558456855
-0.184550635217455 -0.28529338642723 0.0465098886434063 0.0791020478372389
-0.265891902257365 -0.115734312241315 0.0751333113718946 0.0523124676515879
-0.310809749613291 0.0387012280316406 0.0685124225843048 0.0139189464780466
-0.295444710643285 0.0967712179310573 0.0515030397497054 0.0215046171872072
-0.30704246678809 0.0709218929420142 0.0470257392383246 0.0195112420426305
-0.29573162786807 -0.0885150098529625 0.0190167835811022 0.0442475612132837
-0.223407863502756 -0.239485132343335 -0.0232243107008491 0.0257599433089031
-0.00652068130006573 -0.433312157686412 -0.0163998147289827 -0.0421678150339069
0.314539578154222 -0.308150631109924 0.0881520119607235 -0.0375219980292885
0.427979570941993 0.0608006925095764 0.186193576463757 0.00281556787345727
0.384795355778384 0.305934195051942 0.163286771559116 0.104061177639431
0.381204348007249 0.291951052071255 -0.0792742838375104 -0.130639506203017
0.456908938551943 0.0874664309361558 -0.103618712151912 -0.0552178531143559
0.386379798194741 -0.261305131257195 -0.0690710924019928 0.0817054548514251
0.0770543262622324 -0.454797022169316 -0.0189866906254222 0.0755971683920489
-0.186825970776681 -0.304760291705278 0.00882831437489123 0.0148037402149727
-0.271457271026585 -0.132295049525209 -0.0178942002163111 0.0110953988669398
-0.321545929152841 0.0218203569390939 -0.0440684338166173 0.0146775611855598
-0.300805634703838 0.0826213758849176 -0.0565764789400445 0.0425865455170615
-0.307480643970281 0.0570457266256602 -0.0603511071477955 0.0357038916076846
-0.288432560083963 -0.097146208939218 -0.07832526987308 0.0298474625805212
-0.210340032215973 -0.238596234738781 -0.0903260968082035 -0.0192278946443822
-0.00715705193157673 -0.418252228781109 -0.0456728580144487 -0.0758260691333246
0.297704436665026 -0.308096118739382 0.0610059772686622 -0.0522208633384078
0.424612705470965 0.0449870424648191 0.102170172595368 -0.0233681465420176
0.406603560562816 0.29130454225178 0.0464333439560301 -0.0227657309139258
0.3583827476367 0.240916941899886 -0.182669442614036 -0.263265232871216
0.41642078072727 0.0556937103118674 -0.201466787309674 -0.0994377837530446
0.337709997684096 -0.24007498077256 -0.0839038319081397 0.064477660437528
0.0654616687802791 -0.392036287560234 -0.020917340980421 0.0291826708065993
-0.153428131474416 -0.265138605675073 -0.036100211828794 -0.0514853237988706
-0.229341049113034 -0.123683325491957 -0.112043438147444 -0.0316225443031233
-0.280532265763255 0.00464014566376769 -0.151121088915461 0.0136309294804614
-0.260043658995976 0.0566694405628892 -0.155737985962699 0.057594982073274
-0.262573146595534 0.0315513646402891 -0.155121953124157 0.045126036739766
-0.234730355058301 -0.0968367738061012 -0.159909135475095 0.00941302741413623
-0.155174614052908 -0.205004146167034 -0.138387846895276 -0.0631642691166037
0.0084360359108215 -0.330252213415644 -0.0587151288271296 -0.101340590980591
0.240547144307262 -0.241863225470603 0.0406990519374354 -0.0588920372480399
0.34596651086822 0.0369405259345773 0.0236271866390777 -0.0321153664911304
0.3587147771534 0.237048681951114 -0.0664043979431944 -0.125171093405593
0.277661801750468 0.147721201799052 -0.263009595648654 -0.369340945564974
0.294996787783946 0.0141099513647897 -0.275050167405211 -0.137245615028853
0.223835608226007 -0.170505222124897 -0.09554928389157 0.0358108331794718
0.0418381428551746 -0.253156108065307 -0.025301375618714 -0.01573215364503
-0.0899460711619745 -0.175157768371246 -0.0751971662160199 -0.101606575292154
-0.146804285053431 -0.0925503532080128 -0.187193622260791 -0.0655469306027384
-0.193730254923669 -0.0128782086123114 -0.234780220532155 0.0128221868800029
-0.180510367425331 0.0213306334535318 -0.231906233080531 0.0642509140142642
-0.181220204953675 -0.000432527820247176 -0.225510576280774 0.0439055458267592
-0.149669746185962 -0.0869947852588299 -0.211055597468528 -0.0179655426314441
-0.0790959085305157 -0.147508069261499 -0.155724725378993 -0.103923102184634
0.0287962377881786 -0.199798184924275 -0.049175066357639 -0.11694608012258
0.156199052082252 -0.137901956137602 0.0321209806073865 -0.0587851284391002
0.221167710310638 0.0291609493501891 -0.0339856055607321 -0.0279360723732489
0.258538338645299 0.152581279942736 -0.153908780896025 -0.193672305940041
0.15005255087756 0.0301809120744166 -0.308583310426981 -0.42922753122284
0.125352173852356 -0.028823931329299 -0.318166450299625 -0.157382154881305
0.0745240773831107 -0.0761190054752296 -0.103791231803903 0.0102512399093549
0.0107216880066093 -0.0770717275540502 -0.0311882347438564 -0.0440629402519092
-0.0128096626376894 -0.0588832498723683 -0.101029864857499 -0.125578657543148
-0.0400805054794983 -0.0495514414607973 -0.230110517625744 -0.0820039305621753
-0.0751142755187961 -0.0304271921817459 -0.280698602408229 0.0135172012153355
-0.0737252069721406 -0.0171220052554402 -0.272944358569119 0.0609947835832617
-0.0765155788918675 -0.0306434758823822 -0.262825531118796 0.0332452015059944
-0.0505417606496045 -0.0621621688863422 -0.22935973815924 -0.0498390053165081
-0.00434630141206941 -0.0724908508235835 -0.145081210012751 -0.135419623455952
0.0316237855191833 -0.0593673249171517 -0.0251575471095483 -0.120671199159027
0.0564039903989207 -0.0380249144444445 0.0298358514157283 -0.0540930118644409
0.0838769593940015 0.00820954815701702 -0.0692710628230437 -0.0200544094139904
0.131173301749705 0.04869818418374 -0.208062833212138 -0.22224508484158
0.0373746960567179 0.0665265021097655 0.266866974621696 0.162319592694731
0.0545931213221503 0.0241084401437397 0.145331841096277 -0.0141530589669212
0.0434531650072414 -0.0448513547439824 -0.0242014025059322 0.0351607663354503
-0.0216633161800953 -0.073034439134296 0.00383606101124834 0.111074016130876
-0.0563459494873588 -0.0179182941927106 0.119581566103588 0.132644206795568
-0.0505641031675363 0.0177988232047611 0.231013976554544 0.0515618342555099
-0.0358304717552937 0.0495477542884061 0.258068504984255 -0.051702661941708
-0.0365202791589376 0.0537968615998193 0.251482336908109 -0.0875529888517604
-0.0424389132549086 0.0483350390728119 0.26202648164287 -0.0671345936792667
-0.0574234204964438 0.0154754479292598 0.233501985409255 0.0208122520600721
-0.0617354237103642 -0.0286890208767352 0.146117969896515 0.0942958334597857
-0.00817763433150649 -0.0865806205119496 0.0621898079429901 0.0456864389271238
0.0668319052243339 -0.0374649059587027 0.111523273104642 0.00572786020226358
0.0466145956972042 0.045754630750607 0.277112508470269 0.0822078729416559
0.00386260508737898 0.0649804256074935 0.359430082349187 0.361363933718802
0.166768396312616 0.137482690022919 0.223932818994825 0.151539548422789
0.181151693895407 0.0350502956010072 0.128706581290963 -0.00125642725893782
0.137767581902651 -0.123543393951736 -0.0114160623080367 0.0464205481127927
-0.012670705996102 -0.197691023544071 0.0058233561004678 0.106997857920418
-0.119076511545717 -0.100797362415542 0.103471139642763 0.121311084141138
-0.139755786084899 -0.0118194849497042 0.202139578139233 0.0559013115926941
-0.139388242226743 0.0735753718612945 0.220495543036688 -0.0374110217844836
-0.135380602489895 0.0944768032980531 0.212865672508468 -0.0624403767832719
-0.149796203936064 0.0801729919169464 0.221250678197783 -0.0515787759468723
-0.165301883275157 -0.0115654476866395 0.192567659754013 0.0253053580244279
-0.138851660129874 -0.109125713968514 0.111042407771043 0.0814504086282885
-0.0193479728395484 -0.23420442220489 0.0450459003461135 0.0258986627362191
0.168817685789847 -0.151340103164512 0.11814385761285 -0.0122485431610955
0.210540218837794 0.0490362811624104 0.275641641880932 0.0460183545716386
0.170389022064568 0.160126740246032 0.342909529920039 0.291879009430083
0.279206407658485 0.197642831032122 0.14811703826521 0.101543869716278
0.302474670256983 0.0423738240125829 0.0849034752416661 0.00166359481085086
0.228556349202699 -0.197990116224256 -0.0035381701710084 0.0619105273797163
-0.00206945586730232 -0.314338013069259 0.0126719130952235 0.0993030750544033
-0.172161416857526 -0.181273558347555 0.0818687999368975 0.0929933177383421
-0.215924574070667 -0.0457923481240123 0.149023387677882 0.0497598767730887
-0.22758953425191 0.0833018010344177 0.150792036199463 -0.0185032098765642
-0.216346805476231 0.120638284892784 0.142884787067626 -0.0275032921784795
-0.233838385568883 0.102872823171306 0.146947792803156 -0.0256379870338492
-0.24938608011888 -0.0304457537011018 0.121488377157151 0.0288328402257908
-0.204011627496008 -0.168472622246344 0.0552232526543544 0.058439844243307
-0.0440033813667047 -0.34991494594399 0.0176236435892432 -0.00116614691264862
0.233207464354614 -0.258492420841526 0.110004164604342 -0.0321715333472316
0.342400769450317 0.0288739750011663 0.238413893773958 0.0060641032405248
0.315200605685598 0.220300234515139 0.273681137428014 0.190152235256569
0.359254218856778 0.229781838526428 0.0445594624586697 0.0154822444070995
0.397369341239859 0.036597953772977 0.00999884955863478 -0.00757037949672873
0.295875684462246 -0.263771345118304 -0.00611211025455908 0.0754726026392319
0.00150756314124484 -0.40353161660243 0.019277071981297 0.0812901134387446
-0.210300773943921 -0.24009667870002 0.0488072912749672 0.047175552035937
-0.265693131390939 -0.0748269805054774 0.0696295850716554 0.0317549110933619
-0.283571533637582 0.0805412652169914 0.0542905872790694 9.27246517118446E-05
-0.263459582445636 0.129160152675882 0.0505784927363229 0.0113200129288317
-0.278946814635415 0.110095118390172 0.0517999451420993 0.00626541849846189
-0.293405903113933 -0.0425297212548003 0.0302102145884357 0.0332770948715515
-0.239170609100652 -0.198397725007793 -0.0151138077907333 0.0297946779553964
-0.0667533213392625 -0.410958867333059 -0.0171248872540167 -0.029960087471409
0.255561663112182 -0.325807356993057 0.0866130699632142 -0.0497552546763866
0.41233005783597 -0.000214470677090102 0.169082379550188 -0.0223372664065648
0.404537362584797 0.24122695725178 0.164049664046766 0.0784637710790285
0.388199058930445 0.225699355309077 -0.0779776531391852 -0.092665327666344
0.435157545838865 0.019060831557165 -0.089708314600276 -0.0280771329889489
0.318666241150611 -0.292953344132014 -0.0191979336187146 0.077786291775123
0.00101139845420887 -0.429652121201187 0.0173921510476989 0.0496663214328169
-0.216805087140413 -0.257818904594301 0.00256222721187652 -0.00927678069488551
-0.273802984004377 -0.0889410820233597 -0.025825801320065 0.00574257102877724
-0.295915573275294 0.0672727912381492 -0.054315891585669 0.0167510540174558
-0.269661596321703 0.116949619964194 -0.0493382006795785 0.0479564204534349
-0.28099482569623 0.0976711964922319 -0.0479452610086024 0.0385473135120885
-0.287618156817114 -0.0512761940196621 -0.0652270283387259 0.0358981729695328
-0.227536143698171 -0.200410635222219 -0.0864092511463064 -0.001216552423582
-0.0658428692748181 -0.395731371607831 -0.0503131217812349 -0.0573493993361917
0.23953912451629 -0.3237320816227 0.0577412914668635 -0.0593899596702664
0.405729901422182 -0.0163938043632125 0.0856024595249743 -0.0335230407518793
0.422004775581555 0.223734209781125 0.0341922041873466 -0.024218670484375
0.358419534283126 0.180072758145115 -0.199393231420118 -0.202967045242531
0.392613399668759 -0.00229358716240605 -0.19205902472323 -0.054956431274067
0.277289588016816 -0.268171896047263 -0.0409659545014921 0.0650970498878119
-0.000735430048282263 -0.372475619175206 0.00523756703007854 0.00923562526437262
-0.182005520725355 -0.225755030524906 -0.0493133847721009 -0.0621689034436456
-0.233908361124435 -0.0850369244331672 -0.12100729501465 -0.0194374207692381
-0.260516684427712 0.0466234983682543 -0.156251757119148 0.0319029083138441
-0.235580651512671 0.0880818301897169 -0.142156867309509 0.0771899281355858
-0.242991441919352 0.0681844025559981 -0.138077899388575 0.0636251204302466
-0.237223117216041 -0.0583435945186901 -0.146630454788874 0.0312630084166044
-0.172806071397895 -0.175551756016657 -0.139722182894409 -0.0350537063029495
-0.0391014455424063 -0.314810431296037 -0.0673743548128628 -0.0808090956395288
0.193791014483388 -0.254782548479406 0.0357194077148194 -0.0624135926488188
0.330271449379507 -0.0137612347197834 0.0116345082923926 -0.0296716892176242
0.367054781475674 0.177309901329622 -0.0868438294317182 -0.104394658228125
0.269159116300793 0.103068271341942 -0.297822121877349 -0.294489200391408
0.273315745602838 -0.0236493048779666 -0.27364098570984 -0.0817382957452892
0.181891623853233 -0.18816744969349 -0.065862860353651 0.041814995584092
-0.00161797818483385 -0.24060514499834 -0.0138497526411193 -0.0250611335340486
-0.111494657550019 -0.149643538821447 -0.0923820471927991 -0.0978061453011742
-0.152179928478474 -0.0657589777976181 -0.195554974908753 -0.0381375208988022
-0.182018234608757 0.0182882188397634 -0.232754868871698 0.0443278356758557
-0.166607419648687 0.0456037852888105 -0.213330974602039 0.0943584512403177
-0.170761642855513 0.0279107196608292 -0.206349683015102 0.0754049435296881
-0.155428901894644 -0.0598147927133073 -0.201046268290043 0.0152095370909516
-0.0941963534874893 -0.130171902463438 -0.163319973935824 -0.0704297865160316
-0.00199701605941753 -0.193754045978062 -0.0623632426583379 -0.0983757781526221
0.127958745001973 -0.147530473155539 0.0246885923528644 -0.0609192775880329
0.211458394189812 -0.00389638786176904 -0.0404861047339764 -0.0185616474391094
0.260128432785349 0.109829142198397 -0.178453963551167 -0.156767176991132
0.134128440470608 0.00868074456317408 -0.357955231064638 -0.349634154623259
0.109204380348959 -0.039955371332301 -0.3244785614529 -0.0977539549355978
0.057204299793111 -0.0807221771745408 -0.0903139132348445 0.0225601600887575
-0.00395901230770132 -0.0738653925549935 -0.0326360146566884 -0.0418740957108174
-0.0237134202976221 -0.0524444362097831 -0.116795239835953 -0.107633921951403
-0.046070735332983 -0.0386316194652691 -0.234373633082963 -0.0442297727843114
-0.0744212875899569 -0.014343333318891 -0.271804336403963 0.053147769951308
-0.0716275641330942 -0.0043283771250706 -0.25186770982674 0.0984048747379641
-0.076744527414497 -0.015602347548695 -0.244650114151652 0.0724552269785342
-0.0588371888404931 -0.0504051463191603 -0.224833353481586 -0.0097598380818941
-0.0154003743995882 -0.0684026189061576 -0.159547464551133 -0.102671210771755
0.0208430824068807 -0.0617320036026149 -0.0423295132675496 -0.108390705366161
0.0469079039723722 -0.0428851490758934 0.0203574182364802 -0.0560428218435008
0.0798972404050114 -0.00538939173043131 -0.0700171342514519 -0.00697538561052233
0.126551444019352 0.0269146352128102 -0.232485793830949 -0.178000612116616
0.0333830028154312 0.0638120179828322 0.258809208209337 0.162390518982077
0.0519924259932362 0.0260727975658859 0.1402292097213 -0.0112382160484851
0.0430277646674304 -0.0410341015147659 -0.0233650046196928 0.0337992297095514
-0.0196726111479747 -0.0700945662550768 0.00321380226023066 0.107151843753007
-0.0542831484240198 -0.0184139838554169 0.114620549404711 0.130162339416151
-0.0492499310282272 0.0172120566521821 0.222651804612536 0.0522233539433044
-0.0352605616468849 0.0470189214148489 0.250070078521088 -0.047553485835137
-0.035620442586197 0.0513439373336442 0.246382315748416 -0.0812451049029869
-0.041035582294645 0.0460231658367262 0.254508365693889 -0.0613177036186431
-0.0561024048999481 0.0131589500514728 0.225471636706417 0.0231849292020743
-0.0585456819809586 -0.0278617509219638 0.140732626060945 0.092300099403606
-0.00695260253735512 -0.0842268245618624 0.059020954708527 0.0452792651207957
0.065855688434886 -0.0357356668300826 0.10770019824917 0.00723406667387683
0.0440116246482951 0.0460691660880702 0.267663041428844 0.0844417860568382
0.00192930055666408 0.0628922206126684 0.344093049501568 0.355262983379879
0.158039293573596 0.134294454758512 0.218330155623262 0.151607802147365
0.174963395265884 0.0379873622293708 0.124756847113989 0.000849527182489074
0.134709686187177 -0.116617086420284 -0.0103213611035766 0.0444779005059226
-0.0110367947630739 -0.19086255733902 0.00476039468452506 0.103389801207821
-0.114353019083748 -0.0991257518342739 0.099676486100238 0.11857452185422
-0.13540728179788 -0.0126314419803523 0.194149400391584 0.0553054998906502
-0.135172590225391 0.069635875082642 0.213589623185863 -0.0329134425923523
-0.130562539513604 0.0902608232419823 0.208266372225016 -0.0579209695774008
-0.145311325715015 0.0758766075895306 0.213673371366333 -0.046352970344502
-0.16035356038108 -0.0139082681241677 0.185721144310604 0.0277706279484439
-0.133386316515691 -0.106889272951847 0.107165667732988 0.0799703784383109
-0.0162537186159625 -0.227168333861545 0.0431830601576367 0.0248739323781227
0.165467088937275 -0.145315379606033 0.115688673522695 -0.00944990056254099
0.202987664303208 0.0519860161666195 0.266966779839505 0.0487294669126383
0.161580617326448 0.157158611942341 0.329815063584302 0.28746007449296
0.266594799382775 0.194248957446473 0.145737220003319 0.102162003692535
0.292123210922018 0.0468362073356629 0.0836365277812997 0.00336200439991866
0.22198805879648 -0.188495819902293 -0.00282909747621117 0.0597425277708862
-0.000931439423329488 -0.303914554621575 0.0117847735915099 0.0958262804954423
-0.165439007310249 -0.17735685494015 0.0784166418815887 0.0911654526173858
-0.209549379683521 -0.0471637763079008 0.143286613178469 0.048836772506693
-0.220749322406124 0.0778643713499774 0.146303912458619 -0.014915393668072
-0.208896192042156 0.115459384574598 0.140252703765904 -0.0242567867119611
-0.226232560818409 0.0968545938468889 0.142185543506683 -0.0221312278393416
-0.24226292316709 -0.0325144804140219 0.117185045458784 0.0303671390321317
-0.196207350039687 -0.164862512068463 0.0535746677900358 0.0567644287450906
-0.039588365283864 -0.339666024666731 0.0179404601348118 -0.00247811464269421
0.229715379628532 -0.248405053523839 0.108469236772242 -0.0305761469676884
0.331552360811138 0.0339828696264823 0.231400636510322 0.00875342643135946
0.299236878355763 0.217357259756131 0.263098605135912 0.189184232738198
0.344414211671123 0.227481916984476 0.0460099167991852 0.0177059749483462
0.385967640826057 0.0419327497829103 0.0106899152960104 -0.00649373566330796
0.288354241514418 -0.251617078246078 -0.00506941218390967 0.0729975204266196
0.00375555474817909 -0.390895065311422 0.0177329053094544 0.0788143586272792
-0.202268155259653 -0.235039959957232 0.0472638670914517 0.0462089623396894
-0.257187683508076 -0.0756801345450239 0.067292106629655 0.0297276400634376
-0.274808856306934 0.0759013381289582 0.0529022615393378 0.00260429278966338
-0.254592964715295 0.123275625522903 0.0499944595236197 0.0122293908029318
-0.26935337707785 0.10385784542383 0.0497069374843464 0.00740373508080123
-0.284958686932395 -0.0441813070651206 0.028899443125162 0.0333266636270217
-0.23052853045191 -0.194972829949558 -0.0142462401021531 0.0288575044899647
-0.0614317766686885 -0.396559545680446 -0.0152273013703525 -0.0312018753040235
0.250872074079302 -0.313677556037073 0.0866000370415535 -0.0471647282818368
0.399778864111509 0.00553360671899784 0.163912910480456 -0.0205042962745276
0.386337004859036 0.238614658196343 0.156708499245406 0.0800770302745272
0.373852465188379 0.223461083094458 -0.0717477609701109 -0.0895390253757003
0.422405560072913 0.0262091128407011 -0.0851938216504685 -0.0277961445892118
0.30937737819882 -0.281166149268532 -0.0183842059306477 0.075258068116453
0.00275302823618654 -0.417496988635759 0.0168178136802478 0.047782792564176
-0.209000658197167 -0.253127642066222 0.00261609979801062 -0.00971265160407056
-0.265238872905057 -0.0898758884238563 -0.0245763548400293 0.00418087931610428
-0.286287989580607 0.0623485420791365 -0.0524173472300131 0.0182220033129698
-0.260655147285061 0.111574863715379 -0.0478365671584375 0.0470642656471022
-0.272123904093839 0.0930451132647045 -0.047524694689843 0.0372425403549516
-0.278823565073604 -0.0524035270767753 -0.0632351317212945 0.0344389485337855
-0.219872772641465 -0.196505242861206 -0.0825864630746303 -0.00187593854432967
-0.060993981475942 -0.383484812687761 -0.0469569102758877 -0.0579837181810049
0.234509583273482 -0.311986060724771 0.0595438631153117 -0.0574291454659557
0.39429844301642 -0.00992338180502549 0.0827372905146566 -0.03220644673807
0.403331094674955 0.221068927374746 0.0315276240164419 -0.0215959250019708
0.345657491208585 0.179948215238777 -0.188427226295193 -0.198859352435177
0.381993502698121 0.00355433939948644 -0.183768717802482 -0.0562086174630406
0.270166444128106 -0.257679817287709 -0.0394428107718589 0.0623630410756102
0.000398722871006991 -0.36250049917484 0.00502580768504198 0.00888903909772651
-0.175687996324664 -0.221389294788625 -0.0467018127554736 -0.0613469809089603
-0.22671773444753 -0.0854798274436838 -0.116135618583211 -0.0212226884191345
-0.252072400221715 0.0430866793891724 -0.150856464096806 0.0321652386899505
-0.228034271196946 0.083965230377911 -0.138164828309698 0.0739709126443735
-0.234278963639786 0.0648250658858962 -0.134956263726539 0.0600249509937195
-0.230098047570317 -0.0586859273063435 -0.141568015680957 0.0290587909456587
-0.166925988680923 -0.172100570747453 -0.134001118100214 -0.0342918053460392
-0.0353399594439083 -0.30410144314642 -0.0624379158939677 -0.0810589495119762
0.188568720417384 -0.24484002394648 0.0374378049755388 -0.0601347177097328
0.319966850029432 -0.00879687509917291 0.0108172765298384 -0.0297786729722019
0.350578009845172 0.175522958101794 -0.08466357467037 -0.101188366190796
0.26061118311098 0.10458514655159 -0.283552313915564 -0.289490442241945
0.267323004526999 -0.0189466576690668 -0.26322229500791 -0.0828088064921777
0.177369611277231 -0.182478341676033 -0.0638965974375676 0.0398393156721325
-0.00131616180668022 -0.234928919401085 -0.013234530941733 -0.0245025364643619
-0.107836139584842 -0.147212893875094 -0.0882065578066649 -0.0967841265774347
-0.147838763859703 -0.066151696922101 -0.187876998068291 -0.0399841689627495
-0.176021145434298 0.0168885255424884 -0.225196415641726 0.0423447276458229
-0.160887627201167 0.0432836927871814 -0.208331168001226 0.0899995651014784
-0.164727567628049 0.0265774083163578 -0.201203902700948 0.0693958120269644
-0.150496752563795 -0.0592134145819166 -0.194086383580038 0.011894478296122
-0.0911668524539341 -0.127132583972469 -0.156124819325822 -0.0695059505884279
-0.000627814084802534 -0.18636428292063 -0.0579397258201805 -0.0970046698713171
0.123353422567868 -0.141697904685823 0.0258929738108368 -0.0588069387967025
0.204817352665967 -0.00158559879036564 -0.0395346908483244 -0.019554335295859
0.248017627856868 0.108919170309899 -0.17310549178 -0.153614451368257
0.131585250033795 0.0119735914440306 -0.342547476567226 -0.34417657392632
0.107485765057591 -0.0378140866527044 -0.312917496780325 -0.100407524459785
0.0555760449476825 -0.0792679776938045 -0.0883002288050583 0.0205626897004217
-0.00446634965742156 -0.0732860638595777 -0.0314116533709325 -0.0410918665203022
-0.0230810469507906 -0.0516494527122354 -0.11194744717045 -0.105756366538612
-0.0446372019005801 -0.0386304668198494 -0.226581597327029 -0.0460637150791876
-0.0720052865065394 -0.0140510714182085 -0.263986152781207 0.0494001513821437
-0.069265100811068 -0.00432969514335048 -0.24684831102721 0.0935832976217562
-0.0734486715798289 -0.0138527146010121 -0.238588881388589 0.0663541949891959
-0.0568573896489054 -0.0484208841287705 -0.216847220416181 -0.0129343057286547
-0.0155596677600447 -0.0666564564008889 -0.152138627503115 -0.101017515973416
0.0199492045524389 -0.0589798981605359 -0.0380390465202391 -0.105560113101478
0.0444229996309473 -0.04121411826027 0.0207116319205294 -0.0543407278258029
0.0776535604044523 -0.00560881683324075 -0.068443079886662 -0.00868532186214765
0.121377595247476 0.0275649655924838 -0.224941696240752 -0.175285397658385
0.0297066824940637 0.0644550001586957 0.257173107077255 0.173085981743651
0.0512469309095192 0.0293048349375521 0.140624100286084 -0.00572365003752836
0.0453347599665085 -0.0387431024523556 -0.0236125644566473 0.0328579013322691
-0.0169356169843285 -0.0698294538375107 0.000460239390991547 0.107132314197617
-0.0540342537492888 -0.0201155422839224 0.111116761971901 0.133837539317165
-0.0504809802940086 0.0160807839666057 0.221119122213788 0.0592685357681049
-0.0368594589027372 0.0457125000553947 0.2519430743426 -0.0402620944352985
-0.0365565425067751 0.0504650785656955 0.251431963193367 -0.0745515754870315
-0.0425890001612223 0.0442337052275325 0.257328271044011 -0.0533079500392989
-0.0565177410816594 0.011306301736789 0.22609790469047 0.0309201464007943
-0.0574639084416479 -0.0293199168731573 0.13801261967205 0.0966579085267278
-0.00414721757543596 -0.0851535561097125 0.0570510349664057 0.0472820101753436
0.0677583981109344 -0.0343006023395215 0.108289821687328 0.0108108310983715
0.042134593995086 0.0490521180867116 0.266170083498841 0.0941834760236716
-0.000745500896988341 0.0635407156215825 0.334846235125674 0.368471897458534
0.15261652198579 0.13921543875017 0.217518965267137 0.160648299741808
0.174275778991197 0.0460157935816408 0.125827130053167 0.00587059104612522
0.138151906286254 -0.111654895334613 -0.010498443244438 0.044312641413523
-0.00599884157214572 -0.191228304161204 0.00178286651660364 0.103272118119177
-0.112240227805565 -0.103127135641217 0.0962619127138296 0.121557642343617
-0.136418381169079 -0.0167676974059196 0.192933646729592 0.0609696483313473
-0.137382816044813 0.065381354387096 0.215843918456447 -0.0259786403986335
-0.133631167605971 0.0874314144196254 0.212680198237006 -0.0515530128013528
-0.147499618538448 0.0714081417682872 0.216005008385389 -0.0394205895308684
-0.161206193302671 -0.0191194267428184 0.18630181458625 0.0342507151398312
-0.130618133090662 -0.111092892142258 0.10499439618285 0.0825565702552748
-0.00966421502999226 -0.228770279619572 0.0418011748014671 0.0252029226904722
0.170054767575506 -0.141516929285951 0.117265902312198 -0.006159365437888
0.202356770778975 0.0608835252975109 0.266956187218771 0.0580144753370679
0.15559862734501 0.162828464544865 0.321478542415799 0.300950008530671
0.260273523640755 0.201603166801637 0.147266344094063 0.109035743675901
0.29223143422199 0.0576868770422099 0.0847261667756258 0.00677695406775419
0.227138451768697 -0.181506604000498 -0.00338087531848695 0.0596742275945798
0.00703076055023814 -0.305494299366662 0.00899913877512697 0.0965817112524896
-0.162048573219642 -0.183419417153418 0.0759580542659338 0.0936567953752602
-0.210111677986398 -0.0537996248340281 0.142299147259588 0.0517962763310195
-0.223442277465466 0.0725549936577175 0.147631703146938 -0.00897344318511793
-0.211681543866363 0.110595207788041 0.143089522699484 -0.0200627559290362
-0.228541655691675 0.0906695843151537 0.14294537307725 -0.0174665111393062
-0.243363708628256 -0.0396856428392661 0.117050665527078 0.0352059278244589
-0.193131572121891 -0.171604912434416 0.0523492907762318 0.0587587876550068
-0.0298330241720757 -0.342112743559964 0.0181390795001477 -0.0032421134647207
0.236851663604576 -0.243933721557726 0.111783872549105 -0.0266895944663636
0.331500205855122 0.0464816626446234 0.232515382795015 0.0167992041114287
0.291890866149145 0.227663872777746 0.258027889373856 0.200328446132276
0.338465119124261 0.237303863695886 0.0494911921369405 0.0208411462959305
0.385973500918759 0.0552464912278661 0.0126529184538775 -0.00613263856442906
0.295215810264456 -0.243906137481018 -0.00596798873903135 0.0730389829853873
0.0133639238908789 -0.393391224373533 0.0156461733443193 0.0799563116062948
-0.197842593883842 -0.242492099183202 0.0455408033832437 0.0476281548631186
-0.257713977405718 -0.0839429506865925 0.0667543764304324 0.0308352640941747
-0.277990026911913 0.0681859958722418 0.0539666516241356 0.00652623762384047
-0.256911707285871 0.117485910024572 0.0505167850053626 0.0139428594446423
-0.27249779891985 0.0966386608568222 0.0489112854928689 0.00948977556967951
-0.285237488632856 -0.0525264187827695 0.0283454533729656 0.0352238279774602
-0.226957789697253 -0.202783771754949 -0.0144662025035589 0.0284734116192672
-0.0508410838997823 -0.401203754276571 -0.014460896564014 -0.033688161422493
0.260355616675908 -0.308102159744796 0.0902450098810914 -0.0452399907745578
0.401886293023588 0.0206106725726557 0.165841328851817 -0.0157089440752161
0.376979504356112 0.252136819177729 0.153871695792497 0.0865422149887069
0.36956314913459 0.235525715086125 -0.0659758316374722 -0.0915282243106771
0.425602862540775 0.0408882104339394 -0.0832968234346132 -0.0309427992817314
0.317191538939787 -0.274080141260572 -0.0197512884088836 0.0750609659355923
0.0128520980945372 -0.421052913221383 0.015290687457758 0.0492011093954464
-0.203790622437755 -0.261877372354116 0.00319686960985074 -0.00950170436514783
-0.265632329289668 -0.0983850827194882 -0.0244466841143546 0.00200649079190011
-0.288937382414699 0.0553743299488643 -0.0523676617489597 0.0193994099519032
-0.263725108581465 0.106037062387454 -0.0495105658640268 0.046121874844612
-0.274561315479689 0.0858937988257851 -0.0497802172208848 0.0361991766761148
-0.279493390355743 -0.0607606735454514 -0.0645468866454817 0.0336643451140091
-0.21653409579595 -0.20405598454974 -0.0815598881594122 -0.00401148082886675
-0.0506608450494153 -0.385657958758356 -0.0445350845519091 -0.0616870901571953
0.243596694110262 -0.307085337842063 0.0629965614085852 -0.0564656039913099
0.396103127976715 0.00384468115170078 0.084678151323421 -0.0305564174895927
0.394752030482742 0.234427143720499 0.0310152726381018 -0.0189375175428784
0.342515013636854 0.19224230876165 -0.181124928925806 -0.206288584976607
0.3858258658623 0.016984207098683 -0.181759305084014 -0.0627873852004671
0.277825560263003 -0.25201249336292 -0.0415258146841694 0.0613358650687123
0.00889645700916759 -0.365935817483491 0.00445567771183532 0.00979799854957933
-0.171342867697117 -0.229103279123493 -0.0453325292041135 -0.0636512825340376
-0.226673526736393 -0.0937060363127146 -0.116023938433696 -0.026295299634967
-0.254105665445782 0.0369670724559215 -0.151892521808349 0.0293869920471607
-0.22999342555429 0.0788394600166966 -0.141986617880326 0.070697256737257
-0.235950109033083 0.0591129365035801 -0.138791187011953 0.0554468120692078
-0.229443393941386 -0.0655021515619279 -0.142450629622084 0.0251441196402316
-0.163679998994332 -0.177875343102921 -0.131937482776582 -0.0381199397529442
-0.0268797155830804 -0.306192444639789 -0.0598337338132645 -0.0844837927926049
0.195071639906717 -0.240216641551448 0.0415505175138185 -0.0601427474600958
0.320808498647064 0.00238978352802673 0.0116831391589902 -0.0302858791856214
0.344052930797024 0.187188158187656 -0.0839988087240384 -0.103551615972584
0.260183990937273 0.113961602440163 -0.275406523246467 -0.301047885161346
0.270990546352611 -0.0103326779324959 -0.260927938314409 -0.0936881897987687
0.182564986904898 -0.179104798704363 -0.0651391829800583 0.0375757198141125
0.00390204167322965 -0.238180782983005 -0.0124431814519938 -0.0248352301885643
-0.104913046927608 -0.152038489090671 -0.0859366029875606 -0.0996899708312333
-0.147451288954244 -0.0717235263341936 -0.187029677957893 -0.0469496559127186
-0.176976663684238 0.0122646162694266 -0.227694722332442 0.0381692135553979
-0.161957168603671 0.0399830641737656 -0.213337030530365 0.0844324000497945
-0.1653746674308 0.0229888755218181 -0.204429002556608 0.063492533436355
-0.149718091160198 -0.0629841551103259 -0.194470541697181 0.00615302017131484
-0.0890396739026386 -0.130446395810117 -0.153797697054851 -0.0741319210766794
0.00421925440505265 -0.186892102467057 -0.0541303608686435 -0.10037605669856
0.126869611111648 -0.138380324956225 0.0290411049406928 -0.0588400786351663
0.205476846373959 0.00466960672828712 -0.0387658432048007 -0.0220902911238494
0.244781636647806 0.116544891382522 -0.171201155592679 -0.159570688679858
0.133399442641123 0.0169374698462383 -0.332359901361302 -0.359741257052384
0.110439383259648 -0.0343625445158863 -0.311495354579712 -0.112470508513621
0.057713993584135 -0.0792701662830476 -0.0890806772735605 0.0171951162669688
-0.00329890514457866 -0.0745778466483663 -0.0297650505134179 -0.0424519901121022
-0.0215709968093151 -0.0530738942838451 -0.109665812052724 -0.110816820926707
-0.0444518835151112 -0.0406185501027876 -0.225965297899484 -0.0539408032822986
-0.0715527767713325 -0.0150517509577025 -0.266378619238453 0.0427190068592776
-0.0691307041069677 -0.00534455803618538 -0.25245619155778 0.0866285226236481
-0.0732259079382508 -0.0148716497073601 -0.241571567223196 0.05839405752571
-0.0554530778020987 -0.049447827508133 -0.217346348052582 -0.0202615237185046
-0.0149848208610007 -0.0669505824898675 -0.148283056423549 -0.104944342875576
0.021319524093207 -0.0580753746781202 -0.0346001770986669 -0.107367344477954
0.0447934392448144 -0.0403628576831791 0.0225023358870809 -0.0534639140952201
0.0779669885123593 -0.0043711614933213 -0.0682260874337021 -0.0112993956554803
0.120427310241315 0.0308251833789004 -0.223295907799212 -0.183078825659419
0.0273388678830123 0.0676116233115521 0.267409728837839 0.188045316260094
0.0527029210723586 0.0335356820839224 0.147855500503286 -0.00143170037645192
0.0489009755496455 -0.0384789586419028 -0.0247391484892026 0.0336517977473031
-0.0157240836996753 -0.073051007669618 -0.00167054979201079 0.110521462785938
-0.0563629442315165 -0.0225158865654767 0.112945739638722 0.142386258857213
-0.0530266337072359 0.0160659256336808 0.228790589620261 0.0663188234825704
-0.039113108741948 0.0467548437849427 0.263491630912544 -0.036888686370005
-0.0386580848147251 0.0519143338397006 0.265874493204798 -0.0733511758483572
-0.0455213230984372 0.0442688015648247 0.27106509300728 -0.0492322035508329
-0.0594823744076841 0.00975984945229201 0.235160774204322 0.0377668108911836
-0.0582930238000544 -0.031662335740117 0.141832704519561 0.103234979020759
-0.00262377839205094 -0.0892706637720398 0.0584119690347838 0.0510113269475605
0.0721384910985507 -0.0342608350342655 0.11304571874847 0.0135143059549434
0.0440382949371011 0.0535398249086686 0.276030809933087 0.105559596703338
-0.0028174856308177 0.0659870983244362 0.342345591656923 0.394220816288318
0.154541453675571 0.147518564235234 0.22739045243425 0.174610738408756
0.181016398360179 0.0532371957852182 0.131939470990082 0.00988221989340943
0.146132477111694 -0.112734398319227 -0.0111569823046536 0.0458270103405577
-0.00251467087070197 -0.199572620133165 -1.43216310852479E-05 0.107161763262519
-0.115563605265503 -0.110391734167164 0.097569106106651 0.129285629807846
-0.1429251833671 -0.0198933487705551 0.199562216194136 0.0675476010997158
-0.144682842166332 0.0652322907036423 0.225339186617283 -0.0214870763185851
-0.139722044268202 0.0889315138394966 0.225199768594668 -0.0504058481808352
-0.154996858851043 0.0708865176685901 0.226228504019506 -0.0355340737223552
-0.168507765529184 -0.0238465133204435 0.194194775646778 0.0407135363405658
-0.133666816502664 -0.118920260077805 0.10776612192345 0.0886303875336485
-0.00536624317110069 -0.239855524480705 0.0428653795680655 0.0267768042889539
0.181293095172064 -0.144818479923153 0.124041022708743 -0.00380377284076838
0.210552887894797 0.070079155657272 0.277530429703581 0.0669805236801858
0.157980968395324 0.173281935091159 0.328883833738605 0.32489446754487
0.265834281358823 0.215893981810279 0.15484105518791 0.118676339915429
0.304322655632639 0.0684493656313113 0.0891864363916883 0.00986027063772611
0.240071825850068 -0.184608737739749 -0.00351088504567669 0.0618480671118868
0.011812734595929 -0.31880383060208 0.0074645306779686 0.101079183526963
-0.167131583541314 -0.195809212339832 0.0773827360426769 0.0999352109071261
-0.219738292456403 -0.0603835979058922 0.146712506294708 0.0567884702386781
-0.234132300888742 0.0706305638454821 0.15471484166994 -0.00425790003703853
-0.222056941862941 0.112203789991703 0.151035860313001 -0.0183055084503706
-0.24010478508044 0.0899120107506272 0.149159505325614 -0.0142551602185116
-0.254040125534953 -0.0475168144320163 0.122084414922405 0.0400329423371844
-0.198430378552705 -0.182862541375587 0.0534805295175277 0.0623370196144495
-0.0251091157595948 -0.358726623259402 0.0180349438489316 -0.00408688127247578
0.252890824473145 -0.249661941081291 0.119169787627573 -0.0265779424160393
0.346283004138217 0.058624214768538 0.242949486179989 0.0219059020095747
0.298585844759127 0.24480765596595 0.264473646005043 0.21674486160766
0.348178946371411 0.254952429997179 0.0548665207134742 0.0236994538339919
0.403352878287935 0.0681240396646474 0.0148115326948893 -0.00563429010297585
0.310833223767168 -0.248826317405754 -0.00627392895736072 0.0763949677252973
0.0197116882140317 -0.411122829774207 0.0149154022706316 0.0845055318350292
-0.203442233600493 -0.259113816813899 0.0471349784621747 0.0509745546489579
-0.269328075866668 -0.0933479376667256 0.0692073848613847 0.0326403131204592
-0.290278878492111 0.065268520558583 0.0562920883217859 0.010413828006568
-0.269712245585058 0.119310491726947 0.0535632142327711 0.0162108904046541
-0.285577498537246 0.0964032177445171 0.0500190359355906 0.0117840438287658
-0.297839593753511 -0.0616822610723275 0.0294669211712416 0.03887008166126
-0.233884504415585 -0.216131212557152 -0.0155116333575287 0.0296797438564919
-0.0452702105989469 -0.420407527343795 -0.0147341239079874 -0.03711935966797
0.277381672457245 -0.317684014631803 0.0985067650944384 -0.0463948873630455
0.419841496370603 0.0325985313206879 0.173538981124754 -0.013717656590659
0.386254806575096 0.271857635671758 0.157978751879948 0.0954431057648728
0.379633501084086 0.255235447992585 -0.0643659414025552 -0.0968119817608654
0.445898559498615 0.0528890994460442 -0.0854754047185049 -0.0348794841616867
0.335697160656712 -0.279661146531842 -0.0214219864779178 0.0780044421358864
0.0186238900109468 -0.440869365072149 0.0147855818228818 0.0530580691913761
-0.209908358233989 -0.278923334482806 0.00319226287428761 -0.00953516941927374
-0.277777280768163 -0.10864752415943 -0.025957187762774 0.000639674228916716
-0.302347893699891 0.0520810352801266 -0.054630364254092 0.0221845074545298
-0.276496863761708 0.107104356524828 -0.0523619866866118 0.0482088403455521
-0.286580131368616 0.0843999761287994 -0.0540620711581796 0.0373337350555335
-0.291830811172579 -0.0696612960023696 -0.0675360349330828 0.0349378281392115
-0.223255818598218 -0.217249998990248 -0.0849738554859335 -0.00558427701085478
-0.044714125513147 -0.404917653850859 -0.0459477185083479 -0.0676739541288076
0.258847855572422 -0.315725852052247 0.0699867467600961 -0.0581751257853494
0.414100669731837 0.0148414793212931 0.0887452002037538 -0.0316265542694498
0.404912826594171 0.254162302181561 0.0307823141294966 -0.017898850699808
0.354988545067689 0.208973811993112 -0.183187579321874 -0.220115000268608
0.404563755932106 0.0268670914365208 -0.188575635501916 -0.0714178827470593
0.294684044795971 -0.258126666513912 -0.0442153956890174 0.0639544036420429
0.0134091450826526 -0.383914423592931 0.00482079795638508 0.0115844264864942
-0.176030115574544 -0.243989716140228 -0.0463158163844112 -0.0669952949534642
-0.237329528791257 -0.103697807511729 -0.12034870680388 -0.0310959098541799
-0.265407446314515 0.0338638705458415 -0.158547087672168 0.0303683337876921
-0.241040304620834 0.0792314537641304 -0.150165509737261 0.0718790256091643
-0.246721234631429 0.0575323854177668 -0.147088001277733 0.0556160006453976
-0.238942414916708 -0.0726110405343114 -0.148968207317647 0.0235796526825104
-0.168826901386669 -0.188908297770911 -0.135848353388381 -0.0426012982620118
-0.0227741372215774 -0.320178281083591 -0.0612733348027309 -0.09141646558398
0.207114008327961 -0.24682439120391 0.0463406849225851 -0.0629155779190068
0.334665916543103 0.0106515438717482 0.0135700957011775 -0.0325686639699432
0.352702411293641 0.203724418988915 -0.0877107529289508 -0.109492234021637
0.270062405132476 0.125580341306841 -0.28039732264446 -0.322004030795587
0.285082123205086 -0.0043620638934178 -0.271792581394589 -0.105471101392295
0.194083027526323 -0.184741613918411 -0.0692040076073472 0.0388279169122987
0.00626383997752537 -0.250120276713999 -0.012773910882108 -0.0251751212876474
-0.10771856044356 -0.162724865633904 -0.0877750461464689 -0.105871916935302
-0.153935780777202 -0.0788913171945375 -0.194684634717444 -0.0541209745176232
-0.184517914544596 0.00965808891399061 -0.237109311589317 0.0366230194503661
-0.169259517938306 0.0397751566280159 -0.22579717440811 0.0856405290451309
-0.172301663117561 0.021343626351893 -0.216417200440892 0.0610905458102228
-0.155374893752918 -0.068295707230411 -0.203153527193141 0.00202228906851975
-0.0919056356015989 -0.13755158177762 -0.157673164212041 -0.0803043253857718
0.0075541475215244 -0.194640702641244 -0.0540360110097644 -0.107311450938988
0.133491808041089 -0.142092672864433 0.0331362515665547 -0.0616875731139039
0.213590050478762 0.00911440596199259 -0.0403530769472383 -0.0247184488370162
0.25159821698558 0.127355278924642 -0.178548307785892 -0.170459939891357
0.141024884130872 0.0212235923592429 -0.341720853680442 -0.384354172696328
0.116928211974191 -0.0338177499166988 -0.323763534361767 -0.126525569878172
0.0606330544776536 -0.0829098736957678 -0.0936796581343437 0.0168725494358332
-0.00398011539344623 -0.0787789148090828 -0.0299557811305236 -0.044229756161205
-0.0223932168276006 -0.0567267784709226 -0.111863274390609 -0.118365439150287
-0.0457718096336011 -0.0439721576062605 -0.234350339108941 -0.061583587853228
-0.0736052544264024 -0.0167699752692517 -0.279013993084003 0.0402055609486578
-0.072112626279247 -0.00599538926651769 -0.267039627799009 0.0871309252837305
-0.0756945183232624 -0.0156576746289254 -0.254857710160233 0.0546850122301333
-0.057554851414307 -0.0518045808234874 -0.226479466891395 -0.0266591864081343
-0.0158026114562119 -0.0697630553865221 -0.151321155158459 -0.112970173028448
0.0228892566260483 -0.0599919595599891 -0.0327134684005642 -0.113459072341007
0.0460882022935073 -0.0410804263844517 0.0253727879117735 -0.0559928902222303
0.0811578335133339 -0.00378606536143767 -0.071370589777267 -0.0146253861885953
0.124842008953192 0.0355420142305958 -0.23165788008533 -0.196418232905796
0.028177172904755 0.0715335115690183 0.292489931900688 0.197918181991332
0.0557438301465535 0.0365675134285005 0.158040751358257 -0.00273629487691732
0.0518924035468645 -0.0409381941288923 -0.0254559042070779 0.0357424369897301
-0.0175054689951009 -0.0773464169380242 -0.000642798449721842 0.116892532577631
-0.0603805275755178 -0.023037026373702 0.122684784040825 0.150478735764643
-0.0565323859759011 0.0185178049176814 0.245057289726622 0.0683900074124868
-0.0415908461817161 0.0501306564553867 0.280235058277421 -0.042865410505816
-0.0403932895411875 0.0557726719269012 0.285349774550945 -0.0840872964682304
-0.0480402769699306 0.0476503625155824 0.289474513394077 -0.0564924569965035
-0.0639705670189899 0.010844958447601 0.252353635205642 0.0369951409655482
-0.0615102338907364 -0.0330247371696171 0.152847271815771 0.10792542844346
-0.00421609812471206 -0.0955222717373877 0.062176412164688 0.0536740999506482
0.0769920306126691 -0.0382455464024635 0.121208790963123 0.0134008567013466
0.0479461050455095 0.0578338527010735 0.296747851572906 0.109554014992211
-0.002477999985443 0.0706795105542897 0.371064516974043 0.418235420207953
0.164793359716489 0.155448743685259 0.249119543288837 0.184086278910835
0.194636264012629 0.055857653571088 0.142304953078027 0.00986153237650034
0.154156191470646 -0.121474444981946 -0.0103498015742465 0.0482283093600966
-0.0065742450765291 -0.213095071387444 0.00157411880159583 0.114029592313401
-0.12625227199584 -0.116123582444098 0.10603923683806 0.136912633283895
-0.153854440832169 -0.0189618315791352 0.21396370865874 0.0691838848236847
-0.153524923429035 0.0718632658878878 0.240441521475671 -0.025567422500263
-0.14697643594215 0.0975302575861348 0.241106248055112 -0.0577843704337641
-0.16428897125837 0.0784102008976547 0.241926868117359 -0.0411871831303988
-0.181479485847791 -0.0229535832194096 0.208943783042585 0.0415317199805177
-0.143916114237744 -0.125049703127764 0.116319249854863 0.0931928193713625
-0.0101292062514738 -0.257050582742405 0.0452977908461354 0.0270480773398342
0.19089147679371 -0.1584239220338 0.134014260246258 -0.0065901072801223
0.227310005533923 0.0742249718518324 0.298156225184956 0.0675745263475482
0.170870340199145 0.183566273677043 0.358786214767629 0.342390222179102
0.285123451771785 0.225592079412605 0.171489655946506 0.12532855801425
0.326614613040891 0.0693423525071264 0.0966189487540618 0.0098043020987766
0.25218654583464 -0.200181079972047 -0.00171760948537125 0.0661906866603512
0.00575965043643024 -0.341186591048016 0.00981641116204532 0.108225407491225
-0.183493292574058 -0.206911396738415 0.084017650068953 0.105855157159263
-0.237316084485663 -0.0602554424438971 0.157339624648766 0.0581888143238738
-0.247922922307363 0.0799917146841532 0.165924882529972 -0.00531348873406562
-0.233806952558258 0.125067323280771 0.162877876240105 -0.0218821085141729
-0.254537035818234 0.0998448216462729 0.158652576133806 -0.0165488427743859
-0.273422463871685 -0.0472328017308436 0.132368348438056 0.0418927746945365
-0.215261758281646 -0.192010916944989 0.058401530823284 0.0664363709527998
-0.0331401651865395 -0.383971157218993 0.0181599314820889 -0.00644011102770478
0.265482879339601 -0.272417098246127 0.129361938632571 -0.0314145677358194
0.37290610276453 0.0598769823543697 0.259640557095845 0.0189915696148648
0.321148225455508 0.257702810504446 0.286538778095135 0.228688057546948
0.375161178517713 0.267664044200372 0.0622017887412116 0.025474349092028
0.433903735025555 0.067717472902591 0.0162009104928345 -0.00587682871319952
0.32660087929175 -0.270280472340133 -0.00481732767412107 0.0815483984467223
0.0107033849157763 -0.440329415632843 0.0175287551895109 0.0915524155125197
-0.224222102897873 -0.274403701612149 0.0508487262054746 0.054635358352156
-0.291835469205215 -0.0946841490746689 0.0738265529422899 0.03311911744556
-0.308471424155474 0.0754842257970217 0.0615103193217555 0.0127944582351501
-0.284146857904156 0.133290713155056 0.058461174695304 0.0169774330220517
-0.303111714877831 0.107358036500603 0.0525395370174256 0.0130356075005861
-0.320764297128623 -0.0613156895972855 0.032991259258025 0.0416674992139545
-0.253873027395934 -0.226734414167442 -0.0150560195130834 0.0326824729413762
-0.0561478459997183 -0.449696440413502 -0.0179143016054229 -0.0410768580738031
0.289503233497507 -0.344212006858042 0.106803044898125 -0.0522162670355652
0.45033819994562 0.0322025645288659 0.185719938623906 -0.0184560083040286
0.415787459391579 0.283575445260962 0.169022276186573 0.101143628846269
0.408304586196022 0.266673460669924 -0.0679686930600305 -0.102576571473456
0.478676897881615 0.0508747363146494 -0.0917495883786168 -0.0358954868879927
0.353259058887937 -0.304594396743491 -0.0209539563505659 0.0845182305437316
0.00882836068931211 -0.473118893312835 0.0174682040754968 0.0582360265288884
-0.231395296769167 -0.295846969099729 0.00369618749691174 -0.0094541978568933
-0.300914915332745 -0.112138026101631 -0.0278349386371687 0.000116366836164888
-0.321862155816653 0.0617893980342955 -0.0566158960998981 0.0271335484929309
-0.291734366233711 0.121176227795857 -0.0546850048302906 0.0529873048844845
-0.303766312099139 0.0954622220382655 -0.0586231558029643 0.0420926723780895
-0.313970511258068 -0.0696074074432503 -0.0706293589823593 0.0391845264667543
-0.24266875517723 -0.228308430858118 -0.0902393724308226 -0.00414972895347415
-0.0560320936852495 -0.431931263875258 -0.0517681758030963 -0.0731020068558641
0.269369019816865 -0.341833300584435 0.0765995209618225 -0.0651616243229422
0.44259735992583 0.0120785964270646 0.095129930388943 -0.0363428079791968
0.434716995460386 0.26565092713377 0.0312462424267135 -0.0185597951972645
0.382593248429011 0.218182107008704 -0.198401320898588 -0.232737542084531
0.43640100255061 0.0230510765495538 -0.203391934530638 -0.0738488756245846
0.30889367058362 -0.282012691178502 -0.0451559531593394 0.06973893872031
0.0056091602358728 -0.411740078971961 0.00575030898868186 0.014360477328653
-0.195046290222785 -0.259165675783059 -0.0500760530325155 -0.0701183366551749
-0.257499449288299 -0.106207738480328 -0.129669491692405 -0.0325013322911407
-0.282428534612694 0.0404589322297968 -0.167812467243553 0.0374056964427192
-0.254732092811994 0.0910277896363296 -0.159595167175904 0.0813493776338734
-0.261138242289198 0.0661457956833332 -0.157830644400055 0.0622629353655267
-0.25727286449475 -0.0736131929228067 -0.158079081609961 0.0277555289988286
-0.184974486130946 -0.19827389000124 -0.145219779312539 -0.0430284270764818
-0.0303142953226581 -0.342301192041902 -0.0673488792540969 -0.0987134722463608
0.214928396138043 -0.266574389459605 0.0511432691494105 -0.0701382565410046
0.357626885043398 0.00793923373591676 0.0136243341576238 -0.0366270063153764
0.378869982354773 0.21275926160496 -0.0975182389366086 -0.114893818264079
0.292504807842052 0.130944937072629 -0.305456762749254 -0.34155850436723
0.307966759098647 -0.00824939573175552 -0.293765466655757 -0.109867140001111
0.202901707095128 -0.201180149182509 -0.0727093419811295 0.042626353823768
-0.000263850437718064 -0.268891483608652 -0.012837891903979 -0.0249303484059986
-0.118927509823677 -0.173105983040363 -0.0952333130229619 -0.111777186298544
-0.168388407805898 -0.0822725325024171 -0.209811153857381 -0.0555887532879136
-0.196296448242635 0.0142809611095432 -0.25345658869191 0.0443894652205078
-0.179277370231536 0.0472388477804732 -0.240328828714397 0.0967695344661994
-0.182550648217353 0.0266046788469955 -0.231876249442368 0.0694038751949515
-0.167398970160245 -0.0704021331145001 -0.216175199661132 0.00532218026939653
-0.101762487166494 -0.144567538212935 -0.168189907318897 -0.083213099934621
0.00419135609186587 -0.207922959389999 -0.0599690035965605 -0.1150363413491
0.138260929887679 -0.153229917799179 0.036211798015066 -0.067307880794936
0.227761643249485 0.00765235308890458 -0.0431513417461632 -0.0272082143621378
0.269326076880546 0.132748372392274 -0.195601982519752 -0.179223667184971
0.151615695882147 0.0213427542848889 -0.371339174154489 -0.408738621009007
0.126498313478849 -0.0383325168420303 -0.350125898869545 -0.132675099727344
0.0630495572261928 -0.0905864031735557 -0.0999830675059426 0.019080605183627
-0.00748519542966452 -0.0846250278626631 -0.0319125501959821 -0.0465554497333788
-0.0253485061554017 -0.0615785222962972 -0.121904898160867 -0.124708861413231
-0.0513670980540323 -0.0467630513006856 -0.252208127479999 -0.0634058500558551
-0.0788894602077097 -0.0161562165162044 -0.297243207217954 0.0487034400012016
-0.0766692483842354 -0.00361797188579275 -0.284701295623707 0.098416690969694
-0.080275154864933 -0.0138377099786843 -0.272535385556248 0.0622180928297558
-0.062136147437435 -0.0534445665561947 -0.241786175752422 -0.0252219998283438
-0.0191022077526439 -0.0732111381593382 -0.162398287393874 -0.118348990959691
0.0223285901244077 -0.0640403409961216 -0.036193037162774 -0.120927544451708
0.0474145867021184 -0.0448126504219212 0.0266914829204929 -0.0609074008165667
0.0859969330615314 -0.00564626880459564 -0.0754251791317978 -0.0154297127747474
0.133454517841271 0.0357309338186515 -0.254077026017048 -0.205821866747976
0.0207288813214491 0.0764815186903908 0.271645711548357 0.258249279497509
0.0508777419883469 0.0462533223266906 0.168147220028532 0.0257869270053643
0.0614779639721901 -0.0308121307006198 -0.0286158780856367 0.0300160018787844
-0.00215149634685947 -0.0808658607450538 -0.0200972143334981 0.116707856549584
-0.0541167387973819 -0.035749298208563 0.100522718993287 0.177718305027068
-0.0597198604969978 0.00744440427347727 0.244999222300847 0.112738879836215
-0.0512218845719897 0.0432244771980574 0.301690203675949 0.00211710582154123
-0.0516401325508104 0.0471832373675917 0.315406466486666 -0.0414442324157455
-0.0594032920957994 0.0399816340520036 0.315600586513868 -0.0133806309661366
-0.0671274254897195 -0.00164510965515508 0.261214636432811 0.0793394239517178
-0.055804961030321 -0.0470576139429131 0.144323630939562 0.1387774242098
0.0129908154137036 -0.100566539258615 0.0583836620778873 0.0718431629338261
0.0904953117403099 -0.0229827354076791 0.122165040227846 0.0348148222377025
0.0428935370072239 0.0752258931905397 0.286666801041106 0.162465149263737
-0.0129560555142748 0.0789025295081439 0.314955824499431 0.504407177179192
0.144510016524325 0.188058745764857 0.234615383567463 0.241304297095727
0.188685000172701 0.0906621339946238 0.153904127635862 0.0369832760059301
0.179673278487047 -0.0942965867776518 -0.0086604118625521 0.0408531350004322
0.0307303544223341 -0.217391172533608 -0.0130971764621084 0.106151867005601
-0.105596426033234 -0.144387858994569 0.0806961022954164 0.155920829892313
-0.155264967612778 -0.0488866406208291 0.209284759716484 0.107072171566957
-0.169984969965115 0.0469391544296931 0.253266001442132 0.012108046096965
-0.170535082368762 0.0703359553344951 0.265395261700269 -0.0207871042785532
-0.185984307456749 0.0498560052510065 0.264146967211405 -0.00640892694168597
-0.184773195847015 -0.0591018158608359 0.217714313490216 0.0751237534324403
-0.123906990451515 -0.16127881815017 0.111668044843787 0.121467864239557
0.0355828441428248 -0.271502444427757 0.0480745256887774 0.0500027556921083
0.235169843330295 -0.12446971619777 0.136346100049774 0.0177184618705565
0.228835955502399 0.127957917527385 0.286732322746898 0.116846678089046
0.149453123555759 0.236290105427652 0.306349526900915 0.413673736482559
0.252986159433834 0.283574895226289 0.168190507690379 0.170849851880532
0.322714096112477 0.128467008557694 0.110858734568223 0.029544741194764
0.293694443101242 -0.156600994514434 0.00408095250316823 0.0566694421996723
0.062898585266912 -0.346078743532239 0.00116429362013031 0.0938825108426594
-0.149343840982006 -0.247666942308404 0.0589357986863749 0.115944507512368
-0.23578827138825 -0.106950693445702 0.150004813580578 0.0841226050745523
-0.269961943309305 0.0385339955208811 0.169052616616195 0.0197794454341703
-0.26639878134881 0.0822784643411304 0.176054201361723 0.00419851280485643
-0.28352663087223 0.056310947202864 0.173506604915795 0.00490443530989118
-0.277339917832565 -0.100590644275574 0.139149779083893 0.0629160589741186
-0.185706814196672 -0.247156050403531 0.0577645691952497 0.0866692559567227
0.0338226027894361 -0.4108150377506 0.0280898564612045 0.0169301014104986
0.336450805461119 -0.228977508884728 0.134070225190394 -0.00683337436460322
0.384493459677968 0.141823877186557 0.24926652790334 0.0590415191362443
0.296000065271544 0.345690938135355 0.246946765640657 0.273427053715424
0.333079398974471 0.343292487214793 0.0748733562215432 0.0511410468947225
0.431987241743975 0.146860187682335 0.0322269219804977 -9.45942412468173E-05
0.383166959713019 -0.215228652723906 0.00302119992618255 0.0684921241187023
0.0830064887634636 -0.447413004298631 0.0153560557053286 0.0721673192175725
-0.181141414821577 -0.324333715015877 0.0294943881148752 0.0533538299012312
-0.287804872996879 -0.15222967132711 0.0647685332114154 0.0427652389780464
-0.331681459248473 0.023674149357775 0.0542211882470221 0.0205278434258716
-0.321253711270864 0.0816390998213863 0.0588606448926948 0.0281552159541527
-0.334901985533339 0.0546071768702921 0.0565317089304629 0.0185377416975577
-0.325157370372723 -0.123880013059258 0.035938207446585 0.0458534739289788
-0.22030273049021 -0.292344832105947 -0.0125561090632034 0.0413006611698592
0.0204424399001439 -0.484909552234626 -0.000914106836801631 -0.0228090987413478
0.376957985238616 -0.298482475275908 0.113914703344926 -0.0319268102835134
0.471013811012904 0.126180525952163 0.174749441868126 0.00782654376949047
0.391640199119632 0.394321598930876 0.142855239993568 0.11387769972581
0.366175225210311 0.350361674264514 -0.0366456517804431 -0.102471857269704
0.481682450345895 0.138646946894736 -0.0751671785714454 -0.0501107669829298
0.417181095767973 -0.246551885271085 -0.0122061506598279 0.0675860547471989
0.0856875801677062 -0.481334261978668 0.0217646581811326 0.0359771927021076
-0.187178875527995 -0.347453098422078 -0.0104080304946201 -0.022739923138718
-0.295754860578554 -0.171729164845552 -0.0372149164413336 -0.0094855911790323
-0.342846765133165 0.0071148476528162 -0.0735637937434425 0.0160122287213317
-0.32690230525002 0.0688014033248339 -0.0671944544527773 0.048008196657079
-0.33352541106545 0.0427720727149897 -0.0665425863354088 0.0312960369316893
-0.317237299025326 -0.13156466865587 -0.0724924744515606 0.0260198212810571
-0.209214895938004 -0.292628993975511 -0.0851143372631688 -0.00866228099802942
0.0176416913400259 -0.467653470362484 -0.030345056088023 -0.062377493156315
0.354631866823203 -0.301074144140106 0.0851208870009251 -0.0508885896386175
0.464903742809174 0.10304200808484 0.0839446291658604 -0.0256833548178311
0.412318786292348 0.376359640847169 0.0178023429945922 -0.0364062888130027
0.344384723379892 0.296155951647264 -0.150869807255952 -0.263116612431709
0.44175193929848 0.104224509472761 -0.188326803779116 -0.109588807814408
0.367766161630826 -0.230316193328649 -0.0386216954534836 0.0491185199509667
0.0708556131004766 -0.420896679964609 0.0154520390765053 -0.00887423996650226
-0.157202952561099 -0.302737512870572 -0.0540487349784014 -0.0942356977891574
-0.252619622695175 -0.157711206335466 -0.137399089433701 -0.0604287609467414
-0.298814013524564 -0.00637160338203733 -0.191568196569486 0.00832197743184157
-0.283379412548869 0.045425483455624 -0.182526319545017 0.0595795366190909
-0.283977970272559 0.0203313188539782 -0.175594504445346 0.0369473354050023
-0.257124640786252 -0.125306296408931 -0.164365081942191 0.00131404780361787
-0.154843423961121 -0.248030096582926 -0.138010122819773 -0.0599968333924485
0.0287940133891548 -0.368174538983955 -0.0461430089974747 -0.096556683659818
0.281140360787491 -0.233349157832944 0.0604293746142286 -0.0609091401248538
0.375761350893869 0.08066775793889 0.00404675278652429 -0.0396281204133517
0.362495034363301 0.307829836439754 -0.0979801230756253 -0.157966657433847
0.265334305888908 0.190106365962531 -0.246336922649169 -0.398281115149496
0.314996259504237 0.0503115880416458 -0.281203510040983 -0.163835985907641
0.244567620302126 -0.167717563534326 -0.0696481048413471 0.0214701016342522
0.0418360778951426 -0.275019520803858 -0.00175635252316052 -0.0453581306867927
-0.0955280976237308 -0.199338452319725 -0.089391754840575 -0.141793695773984
-0.163892746039639 -0.115396522716999 -0.215654978585441 -0.0967964877086515
-0.206602834360485 -0.0186851339250563 -0.280469169341523 0.00287722043000807
-0.196854672865183 0.0160161227326884 -0.270397094804727 0.0627948976066514
-0.194378130157766 -0.00580533007686109 -0.255849142001048 0.0336052377062863
-0.164369718514422 -0.104233626524065 -0.223807957555593 -0.0312072844575898
-0.0784816526394056 -0.174318744256363 -0.15933232179151 -0.108135485131033
0.0406553911724268 -0.220596422278567 -0.038805480592801 -0.118950402806157
0.177092726416248 -0.131248654882067 0.0459907036875056 -0.0635073730035638
0.23711377515408 0.0532688412341785 -0.0501651032027734 -0.0386371110139725
0.259509698506327 0.197986805804834 -0.185778654736639 -0.237075746145585
0.141299976438113 0.0513767610245817 -0.307630484800788 -0.484971078303124
0.134078788235484 -0.0121133564934138 -0.343469945031585 -0.197673689629297
0.0799861827308701 -0.0804058415999284 -0.102625026504385 -0.00203240467030108
0.00427992909117393 -0.0877630569711971 -0.0230768582636616 -0.0592048843742691
-0.0189719041219165 -0.0667235004010035 -0.109379376399362 -0.154987109670743
-0.0487241574608891 -0.056551388484601 -0.256224767189206 -0.110418361947688
-0.0790898817773244 -0.0300654873204935 -0.32452017447637 0.000334381539728961
-0.0802191406007297 -0.0164274103353572 -0.318129472967789 0.0572156614731635
-0.0802430752697305 -0.0290021547345596 -0.298153411878628 0.0207762359097976
-0.0568216428889285 -0.0672236256072725 -0.24834891567433 -0.0663842117366822
-0.00689491844440161 -0.0814551943893004 -0.14906999117691 -0.147268576182744
0.0347955953575761 -0.0649065540336801 -0.0170990921432459 -0.129255884593277
0.0584185383604313 -0.0367202257648811 0.0372588668448127 -0.0590791954895589
0.0896399913748832 0.00963734008193695 -0.0793366271728207 -0.0302190586338794
0.132940464896523 0.0657783276660897 -0.236388134793806 -0.268457161884072
0.0255124369182894 0.075859816646046 0.29958312663923 0.241140431832773
0.0547271693961161 0.045206211367706 0.174866845206378 0.0140497141450741
0.060468272490466 -0.0351398430876433 -0.0263692349553741 0.0327103667953179
-0.00755890612857405 -0.0822655142384235 -0.011486095396981 0.119276287504952
-0.0580630594488413 -0.0322669605650795 0.115845175441408 0.172456778102918
-0.060180377987625 0.0130515251382986 0.258064881854623 0.0956286574413289
-0.0485216275322229 0.0480994654862823 0.306477149022116 -0.0220027452192665
-0.0481841544087668 0.0525000201053096 0.318404254065456 -0.0690634580334035
-0.0570446746838326 0.04478626161176 0.320996358539497 -0.0393135194088395
-0.0691820180237575 0.00309107422616355 0.272270873074846 0.0611825671489063
-0.0593374618950611 -0.0435057228736055 0.157346278948113 0.12910910434167
0.00550532960005556 -0.103165680204292 0.0641719256137793 0.0685208001226402
0.0897035265472765 -0.0313232248957958 0.127177500657696 0.0259382210558444
0.0504178029153614 0.0734738117504057 0.303374193521394 0.143785871205049
-0.0076852574242522 0.0807498046383662 0.361577282453194 0.488077655314757
0.159627935999974 0.178912433202281 0.261370149537075 0.226799596805828
0.198620100362541 0.0789315563251605 0.16120378828414 0.0263875755961673
0.174007651526211 -0.109818482963261 -0.00513509821175242 0.0423991258162733
0.0131956738139764 -0.222998333330649 -0.00441661254674234 0.108306284616703
-0.120258708504144 -0.138006170581499 0.0941298252982302 0.153009522817797
-0.161941355925105 -0.0362180475000729 0.221103794955027 0.0923284557338931
-0.168959246705216 0.0608562465598642 0.259545368098108 -0.00613839810832802
-0.166345949845939 0.0857953094588531 0.269350100713661 -0.0435892855175278
-0.184885207791876 0.0658282878578054 0.268818974064496 -0.0271059209993741
-0.193524066461523 -0.0458967187928746 0.228248285772366 0.0599700435020466
-0.138438833773651 -0.154731124279931 0.123107791228842 0.115333260911954
0.0137830393345872 -0.279839188086911 0.0513986876531266 0.0472707967642787
0.229037300629664 -0.145810795503706 0.140806973274065 0.00665320978433542
0.244056272297048 0.113485867099343 0.299820288156599 0.097010678369793
0.169622558641592 0.227485482158233 0.345058925461392 0.396840204901823
0.277636381954506 0.267455560248713 0.187848730434776 0.160241287680974
0.337663263007401 0.106691719317879 0.116820470537405 0.0219557045558407
0.283471001221981 -0.181794925241785 0.00969156673567895 0.0568290879188614
0.0334963492586374 -0.356408786614327 0.00933806542924286 0.0953026306672153
-0.173270144007456 -0.239615233528119 0.0694681031853321 0.114613172543347
-0.248782252047463 -0.0888996148978324 0.158708061783108 0.0739442828538052
-0.270850156931759 0.0612023598121043 0.174882294135472 0.0084972604560037
-0.26220232045009 0.106451584358091 0.180223766200098 -0.0100808796519584
-0.283620539373215 0.080044697977926 0.176730102361099 -0.00716877456604892
-0.29155412499916 -0.0806113053749811 0.148077307426825 0.0530663621871983
-0.207699877573372 -0.237066252655605 0.0665953288915505 0.0846537441601817
-0.000659550310970774 -0.42170576814778 0.0284405924283315 0.0147473497095219
0.322471506410004 -0.258689044507874 0.137405436440371 -0.0195884972871249
0.403339935193429 0.11611942361841 0.256715259819266 0.040161897913232
0.327267081663603 0.327412636023587 0.272122421954426 0.258567060307578
0.363707055133792 0.321895415035471 0.0832112706589679 0.0461604046194134
0.451730512037805 0.115610209726849 0.033530634724724 -0.00178866232471727
0.369576607823446 -0.248818375781501 0.0101278955157342 0.0689459338189948
0.0446053632388366 -0.46133735531668 0.0227295760809077 0.072747503237721
-0.212778303994552 -0.314760993677154 0.0347974837599021 0.053469009783593
-0.305888779782422 -0.130181486447271 0.0691955631357924 0.038246923917977
-0.335311815262132 0.0516874913938031 0.058659858981258 0.0186066690485366
-0.317635795212375 0.111133616705797 0.0635541926920485 0.0242056764767341
-0.335779827948496 0.0832084578183213 0.0589646991230937 0.0163582282972442
-0.341960076969055 -0.100409285669156 0.0414879067880659 0.0440901538597568
-0.246669836707742 -0.279603234108147 -0.00841311671415728 0.0442992576413504
-0.0196958442766453 -0.495774330428254 -0.00443822193128272 -0.0231590925816248
0.35779127872371 -0.333296706658113 0.115393303813148 -0.0440450123415725
0.490619216910132 0.095031003648576 0.176711194862582 -0.00774957978686055
0.426918272002331 0.368241949318038 0.152600162002704 0.105662595926148
0.398766016676765 0.327208619912337 -0.0439961618924039 -0.100997784431932
0.503349359496996 0.103945916506336 -0.0797599556987383 -0.0444826677360598
0.40143383660616 -0.283611557280399 -0.00581179246783343 0.0692564443072898
0.0448361316759189 -0.496856102992369 0.0263653924795572 0.0353019015896257
-0.220943128469983 -0.338721120736622 -0.0115523805683705 -0.0208234381304628
-0.316526271817691 -0.149610059305798 -0.0386046053608466 -0.00706435500709524
-0.348156782354033 0.0356018961826487 -0.0709557748452679 0.0246231832033563
-0.324390363423376 0.0978247744857047 -0.0630836063545983 0.0545580404139852
-0.334752096072099 0.0705071379346756 -0.0651525732327319 0.0390861791930725
-0.333922079466935 -0.108599061824039 -0.0702345562449443 0.0325831649219542
-0.236087130877429 -0.279403067042366 -0.0858636700229068 -0.00139002980514307
-0.0213604021377714 -0.477646165875954 -0.0378126376559068 -0.0620909380912575
0.333868457092685 -0.332253843734441 0.0844694894352697 -0.061821517307832
0.481904666696824 0.0701697390110076 0.0819548843608797 -0.034452630245517
0.447527976180871 0.34897117396862 0.0127008456957991 -0.0373361607701385
0.373377260205917 0.274295588462761 -0.173589862975409 -0.25407819802575
0.459752934454327 0.0703842589449556 -0.199748937304723 -0.0964736297416655
0.354355445738592 -0.264421554808897 -0.0333281428975117 0.0526069817467128
0.0336155251017057 -0.4348881285488 0.0167851071160839 -0.00916208576816158
-0.187320615700287 -0.296129120871321 -0.0619763994278991 -0.0909962070534027
-0.272223112571064 -0.13989625389688 -0.145528417740562 -0.0510698620757023
-0.304533360322737 0.0181360729719594 -0.192859937000935 0.026402018643543
-0.282246880724264 0.0715887857925504 -0.179596976272864 0.076385545666877
-0.286417869815123 0.0443294869309074 -0.175863270765335 0.0542532240967147
-0.272486224107864 -0.106539482072512 -0.165636779877131 0.0132986671817905
-0.177681682464632 -0.239542723780766 -0.143612161029838 -0.0493264433314461
-0.00282069044677526 -0.376676756919337 -0.0555847622690033 -0.095211610206428
0.26424009941261 -0.258447219537982 0.0582422118726196 -0.0704446460779868
0.388432226004784 0.0545848671401089 6.48019375284985E-05 -0.0426119528649311
0.390299046784683 0.282554463878229 -0.11546812361659 -0.151675912676958
0.28540489562734 0.173127023991597 -0.282947049412112 -0.385028041690076
0.32644549742014 0.0254419693129825 -0.299294713460076 -0.144362337334345
0.233733580520413 -0.191185587157744 -0.0675873087172547 0.0267444239782034
0.0174263082968093 -0.283763995447877 -0.00366627759924266 -0.0448802555520004
-0.115275412605307 -0.196187344188081 -0.101885141998177 -0.136940672796832
-0.177820136947267 -0.104083399565098 -0.227464516908331 -0.0824333205380604
-0.211218310728563 -0.00230706555777452 -0.28422811887641 0.0270565805766159
-0.197083596640734 0.0339566428473789 -0.270042586124359 0.0870505852111065
-0.197252678961003 0.0108494563109136 -0.258968936598983 0.0565065751807942
-0.175495565754575 -0.09266648160744 -0.229814295736551 -0.0148527147768035
-0.094349571861746 -0.170384691986796 -0.168491490923748 -0.0976777422441815
0.022511474559306 -0.227403873509834 -0.0498025295753415 -0.118728835736887
0.167311618272297 -0.145798001722692 0.0425934644669264 -0.0701961158383234
0.244983885495387 0.0368502411575018 -0.0543634556021317 -0.0374479685354899
0.277952501985423 0.180506117704999 -0.211244411585237 -0.225038840024266
0.148453420617865 0.0413791348196015 -0.352437896748432 -0.46749848173556
0.136753695868764 -0.0235926874566212 -0.365405086204254 -0.173845499497162
0.0740876547927745 -0.0891886564005995 -0.10310558620649 0.0056687352878336
-0.00514380006494132 -0.0891734040143898 -0.0272999404496805 -0.0587967398669571
-0.0251292973571659 -0.0671357725818505 -0.123237380667923 -0.149596189374801
-0.0547101001296173 -0.0541805888283142 -0.270144198249633 -0.0926109557911387
-0.0827492969488506 -0.0233532121774714 -0.330500800182971 0.0272681738396563
-0.0815905026751044 -0.00895415488965716 -0.31946992980785 0.085380449953572
-0.0833132017791557 -0.0210179674529149 -0.303011034945736 0.0457221167920148
-0.0631785695250739 -0.0625958720207782 -0.257669378095542 -0.0484376443496384
-0.0145962714780715 -0.0817892421592257 -0.162445598917574 -0.138044098593418
0.0288940171456041 -0.0685069205811593 -0.0278248985566351 -0.130193132245305
0.0553759827927825 -0.0415846119994534 0.0332195933119912 -0.063932443509574
0.0917389902084099 0.00301219040406374 -0.0829440166082429 -0.0262757939568241
0.139880355069988 0.0561794067306317 -0.264793505041056 -0.253722858079865
0.0278874756898227 0.0732557785662603 0.311064575258293 0.218467644548384
0.0561309952710203 0.0430819739321792 0.174236444176995 0.00410639921177197
0.057827795761136 -0.0367833448155193 -0.0240878838788682 0.0333868995344833
-0.0115986779782999 -0.0798512234087151 -0.00494566987447958 0.116776793981398
-0.0585750781101777 -0.0279818137309885 0.123198631703301 0.163123511749815
-0.0577101340107761 0.0165472732623618 0.259075468256258 0.079504689671018
-0.0449019996168556 0.0500900741943181 0.299065511922718 -0.0392253772759677
-0.0439989548774976 0.0539741944159663 0.308421608281816 -0.0872268346814225
-0.0543010728886755 0.0468387165106363 0.313894939227917 -0.0578222469444449
-0.0679888872697657 0.00639427214737168 0.271488812313081 0.0444019005452686
-0.0601285427767358 -0.0397247548393998 0.161964184616401 0.118116663757794
-0.000992702008635746 -0.101867819279593 0.0663315133635889 0.0638529373901733
0.0858428280360593 -0.0364222908814547 0.126338519841331 0.019411248656144
0.0546661077295571 0.0696218040780366 0.305013943885541 0.125091599180396
-0.00350195583014959 0.0790221394891339 0.383966598454827 0.458146691153079
0.164491558081426 0.166416859682503 0.272893009635881 0.205507145996357
0.198994021903528 0.0678191022748216 0.160847884702911 0.0170173974491711
0.163225822421815 -0.116299727872697 -0.00143495780558902 0.0415121464017073
-0.00124330443992324 -0.219386597485909 0.00196750061931343 0.105595451875112
-0.126660066647076 -0.12786116049832 0.100841615915976 0.145217220277822
-0.160545557597763 -0.0251645863397364 0.222364809677354 0.0782746475325589
-0.161525452560892 0.0699121802759927 0.255194346267121 -0.0202736697907029
-0.157436586956643 0.0942923441451155 0.26306901302135 -0.0600752627804464
-0.178046786189991 0.0752435897581173 0.26344311014677 -0.0416121710239036
-0.193446269529125 -0.0344075519623365 0.228701619085237 0.0460717762189941
-0.144443297114756 -0.144433566638022 0.127817126045478 0.106328411651509
-0.00381757534736456 -0.275431795883952 0.0523110752279083 0.04350659049375
0.214760534217996 -0.15561851927889 0.139227107572239 -0.00183876956395546
0.247178162871625 0.0982527107679571 0.298010000007479 0.0783496004451365
0.178523369841171 0.21239162645485 0.361817607783881 0.368854103453722
0.285871485857486 0.246123049598792 0.197197383332028 0.145458760047993
0.337698198571968 0.0857189459650322 0.117624536480843 0.0151826995074741
0.265060840908951 -0.194015920017231 0.0135045471328667 0.0538326562409595
0.0101197770023078 -0.351396466966121 0.0151962656721114 0.0924847809961355
-0.185902788661572 -0.224085240561588 0.0746749768619701 0.109233360347952
-0.249823113505114 -0.0710818217383726 0.16029180010136 0.0631425115451871
-0.261962921893268 0.0767797969850159 0.174176325959647 -0.000702051807067953
-0.249105955904136 0.120810610516824 0.177671098788914 -0.0217264735133056
-0.273676962581218 0.0954450745477307 0.17426486114575 -0.0163961951263662
-0.291908963893131 -0.0617570203695859 0.149262740441775 0.0435409606460648
-0.217522923972506 -0.220995847453989 0.0713986706124998 0.0803290951321461
-0.0260891518538824 -0.413537050375091 0.0272924444174054 0.0126923222712899
0.299517108434697 -0.271651129375072 0.13537000365106 -0.0291448354659832
0.404764646025091 0.0920925556379656 0.251952917825279 0.0239845859736058
0.33803672255257 0.301135239887715 0.281292362702651 0.238677769482494
0.374429806745994 0.295979427951761 0.0867491624579486 0.0406368473953238
0.450267555150672 0.0876574396876602 0.0344302604349373 -0.00371799107516028
0.34508326492829 -0.265094002410511 0.0152577272500586 0.066052075455157
0.0131860503593748 -0.454349938644972 0.0273582804868743 0.0697111604687565
-0.22982860549987 -0.295961688132158 0.0380107094426102 0.0519844474070959
-0.308648640694422 -0.108497156310654 0.0703403496626672 0.0334120485075428
-0.325472436944581 0.0711790227395548 0.0612962910827181 0.0169124775622598
-0.302027082535725 0.129065627910457 0.0651397682779149 0.0200803632984979
-0.324460555844564 0.102113074256319 0.0599437662332669 0.014163200825284
-0.342146929324968 -0.0784159218560367 0.0445565636281008 0.0405149349872672
-0.259555458918239 -0.260114421859624 -0.00407834866827918 0.0446691443809732
-0.0504993169030894 -0.48476743443621 -0.00691816387737502 -0.022553936789279
0.329820904820523 -0.347062063676287 0.112052125035528 -0.0530023264261117
0.488229549042338 0.065764315034644 0.170871173522876 -0.0176985952492937
0.43775495232259 0.334816246395255 0.15418417698968 0.0953394551491595
0.408266600815309 0.297254977811215 -0.0476001628972208 -0.0959426710131777
0.499657691039145 0.0731334359550182 -0.0797991624914291 -0.0384665288254731
0.37491739794297 -0.30208220800917 -0.000213095826706054 0.0674448389284034
0.0105362012796499 -0.489546299301086 0.0294870024428228 0.0330286496638454
-0.240504860208277 -0.319648480273473 -0.0119598942149663 -0.0185404989958064
-0.321035360105569 -0.127349401668116 -0.038231010766522 -0.00477311142996233
-0.339780713899311 0.0563513743300016 -0.0657050198464148 0.0301604430628846
-0.309541808085719 0.11707370068454 -0.0574326854370896 0.0579824068877054
-0.324373068029328 0.0905945260025498 -0.0609174907525215 0.0446779057521066
-0.335104890292763 -0.0874148883773482 -0.0666905287310589 0.0356237312025972
-0.249086886842338 -0.260930471681796 -0.0823281477094769 0.00422954417498523
-0.0511791800857072 -0.467044475809382 -0.0423853594311235 -0.0595243564844132
0.306300002588105 -0.343548883201965 0.0810414668981184 -0.0687841045329635
0.479166634765945 0.0439193813915479 0.0764327363168293 -0.040513688820215
0.455563944456162 0.314977847421109 0.00796455686556579 -0.0357604187073856
0.380779081980542 0.248814029835927 -0.184439894728296 -0.238637735150035
0.456602840221376 0.0425144288194051 -0.201241060902985 -0.0823907979760921
0.330896594979984 -0.280127238177514 -0.0287155046179455 0.0522547951652012
0.00470955929326901 -0.427852265641262 0.0173090569714428 -0.00985927335583048
-0.203596831119883 -0.27993382529346 -0.0658456564398806 -0.0853549409367949
-0.276208688714301 -0.120229482992743 -0.146021572217227 -0.0415745862772366
-0.298035906287613 0.0363361381083195 -0.185064763050021 0.0396386499495924
-0.269852886251154 0.0888604279419468 -0.171076564351109 0.0862086138047225
-0.277614045158971 0.0617027636083952 -0.169179267941226 0.0651699494095482
-0.274455929680734 -0.0887795879361572 -0.161773912087037 0.0222160542032481
-0.188864720026599 -0.224966573525327 -0.142696380875229 -0.0400346114892399
-0.0263692766972222 -0.36940470069975 -0.0613095798551502 -0.0902649990256537
0.243106629721194 -0.267258656866052 0.0539004896124833 -0.0757945177699788
0.385237924148073 0.0330016756721432 -0.00362514626637004 -0.0436985405574089
0.396733664303058 0.25365986367318 -0.124973840695567 -0.140658634416384
0.289977033987372 0.153569916159985 -0.300095846191066 -0.359293479480129
0.323205368369516 0.00563117553897626 -0.303329533689408 -0.124147501763709
0.217046236654261 -0.201555612543121 -0.0641969000485559 0.029257506808982
-0.00206358104388497 -0.278014163936771 -0.00453287989144044 -0.0441523670652006
-0.126979307935077 -0.186028232395255 -0.108487273545123 -0.128940774815774
-0.182336433178311 -0.090767011703853 -0.229428796265078 -0.0680010465020028
-0.207224379972425 0.0110162593811868 -0.27618319236954 0.0445680172643515
-0.189784435212968 0.0464003864802578 -0.259345567860147 0.10222441319137
-0.191717763907329 0.0232821265533336 -0.250901092575888 0.071691893696799
-0.178277470652577 -0.0807675497765498 -0.226518077112421 -0.00179151804996619
-0.103695050915244 -0.161088535345183 -0.16944988733999 -0.0853100989580857
0.00691297390740641 -0.224040109761188 -0.0565476164257043 -0.11358946860326
0.154044014291616 -0.151163933807392 0.0385393501343989 -0.0736434646720387
0.243078739688218 0.0231599701361928 -0.0558612417720009 -0.0350851925899212
0.282175449402373 0.160643027943228 -0.223356998221041 -0.206774489353722
0.148514346554448 0.0323353547463211 -0.374945167070343 -0.437501724411848
0.134232432844199 -0.0324824181697662 -0.369753832099111 -0.149831013309831
0.0668366684294417 -0.0926725307966386 -0.10043678399388 0.010808448563991
-0.0115746352349778 -0.0867490193567506 -0.0296511086605009 -0.056093404506116
-0.0297652064364695 -0.0646090008847828 -0.130258835473186 -0.140023943067031
-0.0582375393491038 -0.049367916441925 -0.271765649016558 -0.0758438117660891
-0.0826438928493976 -0.0176505149646036 -0.321704575308982 0.0471140988926745
-0.0794051077775868 -0.00239727202751105 -0.308400464434537 0.104318411717264
-0.082045648325696 -0.0149739077834956 -0.295035897761638 0.0627939447420775
-0.0659036643815046 -0.0572664648865466 -0.256424936944953 -0.0338972031868115
-0.0196203557747225 -0.0784038280236389 -0.166317874935535 -0.126837841615252
0.0231693249463552 -0.0683794640527861 -0.0346205774675117 -0.126286928877831
0.0511166813876841 -0.0436266268472288 0.0288390888686272 -0.0655084888881037
0.0895380484402639 -0.0020928977957525 -0.0827109821548101 -0.0223012510044496
0.140176572335956 0.0471866878670867 -0.277395714454589 -0.231645448536817
0.0269263368494049 0.0712991844087119 0.311374228896206 0.204159499812597
0.0558525968711071 0.0427020042769765 0.171451293656171 -8.37677466114985E-05
0.0562103227456853 -0.0363198792322921 -0.0228796789542694 0.0334281435530428
-0.012804020620012 -0.0777344038222879 -0.0033199714306652 0.113388977848031
-0.0578949500985646 -0.0263326048846515 0.124409410222456 0.156337126509908
-0.0554156694589759 0.018702881913552 0.255436933481364 0.0718151692429009
-0.0428938528830588 0.0504136997764733 0.291993434243841 -0.0448312743678286
-0.0419273399123741 0.0538831926168119 0.300412611450434 -0.0944212576940798
-0.0524292355114022 0.0463999216415672 0.305669457108575 -0.0638881012538081
-0.0667143999781322 0.0075976386444874 0.26767193245957 0.0376489092745047
-0.0592488411808414 -0.0382704238246232 0.160426813423672 0.111739767859345
-0.0031015892430481 -0.0995460261273556 0.0652271662135306 0.060819641316871
0.0828242302806348 -0.0372574209365061 0.123553463464517 0.0162840391698248
0.0552158775801255 0.066582372591292 0.300369841958791 0.117290661211978
-0.00199984428916965 0.0764983282240494 0.385299534821896 0.438494845852818
0.162505248194483 0.159746781311326 0.272661714526854 0.19345481607644
0.195800228929147 0.0634666779314863 0.160087466818665 0.012710638391107
0.156288572983518 -0.115450911197456 -0.000778433937571057 0.0395448926574826
-0.00719789940281241 -0.213564065674075 0.00330280667655449 0.10227601566997
-0.127789875318789 -0.121671361041262 0.102669754233281 0.140349030888752
-0.157056664465227 -0.0201012944928111 0.219438135397321 0.0715814863166344
-0.157016055345528 0.0721690486374892 0.250582986292763 -0.0251516596918753
-0.150474083388007 0.096110176385656 0.256298756628957 -0.0662394592422423
-0.172384928953801 0.0775561630289551 0.257635694757019 -0.0470562463112995
-0.19079395029602 -0.029387991986961 0.226174828108658 0.0393932470593105
-0.143791652187165 -0.138395097057891 0.128536480237351 0.101256612503785
-0.0104935315590815 -0.269619730566139 0.0510214417787687 0.0411493953143615
0.205504959591395 -0.156161610499292 0.136777365506209 -0.00628394128450035
0.245490309734315 0.0922388863128682 0.291833631377685 0.0704800513890897
0.177695656986307 0.202926107944597 0.361292918823255 0.351496507294768
0.28200892404704 0.2345537756905 0.198303261445991 0.13676561401405
0.33101249574676 0.0777024211893261 0.116872970989659 0.012102465581089
0.252729434425363 -0.194114874896401 0.0149792304712847 0.0513146866105814
-0.00166719983381235 -0.341961344313408 0.0169445160813632 0.0888896046837427
-0.188159273597795 -0.214084106179151 0.076121646764448 0.106050932744967
-0.24513733128267 -0.0622866835062793 0.158442485403847 0.0584516218529771
-0.254279738634004 0.081548249758076 0.173120148798885 -0.00378513784265243
-0.238680722714664 0.124424966967432 0.174170537885135 -0.0260071895503315
-0.26484789340082 0.100200760502498 0.171451337766513 -0.0197218415590165
-0.28780968035719 -0.0545058488391604 0.14824235565103 0.0387819455904441
-0.218216176108536 -0.211183701040551 0.07329883778218 0.0767929966425678
-0.0361925596490426 -0.403980391668438 0.0257091205055585 0.011714281198518
0.286021166675035 -0.270722796298332 0.132094241608121 -0.0336373216148034
0.399479660433653 0.082539754660352 0.245123561075331 0.0179106520189064
0.333501212263571 0.285194639567996 0.278966593376863 0.227322028304168
0.369761612875288 0.278917009857121 0.0878621159560198 0.0374314902263321
0.44197790375975 0.0761739626066872 0.0357681717011458 -0.00451654043010664
0.328939588363532 -0.265042837594226 0.0168710133812614 0.0626897298640145
-0.00120197456261912 -0.443085556930973 0.0285194671692452 0.0670472841612813
-0.233879285160384 -0.28275349169021 0.0390116865774487 0.0507881706513049
-0.30461395934089 -0.0973671053117634 0.0698296295090077 0.0310343457177141
-0.316802602001771 0.0783365916241872 0.0633401181840152 0.0160899102119138
-0.289412329557816 0.134440943254914 0.0651901246980444 0.0171321325092435
-0.313513337415746 0.108564947908804 0.0602058761867499 0.0134063380859258
-0.338339012194811 -0.0685083870554379 0.0453582813660258 0.0380624366944268
-0.259651624741503 -0.248236874876939 -0.00101893620476935 0.0436133306178727
-0.062181573458874 -0.47305550063154 -0.00970732988481188 -0.0223625599002932
0.312625326879909 -0.34473828647959 0.109081098216409 -0.057322916048333
0.481590398003002 0.0552100976126932 0.163926585602549 -0.0219437183680147
0.430217149339889 0.316677599846804 0.151124393164471 0.091610540153896
0.405323543309289 0.282385419398555 -0.0468111587431419 -0.0920741789838529
0.490321786515336 0.0595433221368763 -0.0775349573481099 -0.0358931482486785
0.356949798406827 -0.302286039978558 0.00187237586412197 0.0639669829582208
-0.00579454387036197 -0.47727628473113 0.0300939909686274 0.0317423130614721
-0.244745292387625 -0.305323529770081 -0.0114997867558071 -0.0167002001112141
-0.317316887177508 -0.11528280636154 -0.0375312311070017 -0.00407602558768304
-0.33088124710231 0.0642451915798349 -0.0602107517200824 0.0321953342431593
-0.297131296415897 0.123181933677529 -0.053596756997141 0.0581136105385319
-0.314275172612878 0.0971285834238382 -0.0573168922640419 0.0459802253304081
-0.331472676117801 -0.0774008713679045 -0.0638482968344395 0.0357344057333875
-0.250162822780163 -0.2488300832696 -0.0782944209300872 0.00605546777271874
-0.0636030875676881 -0.455957639471196 -0.0445894677931854 -0.0563165987033737
0.290840625852248 -0.341850977864428 0.0778866030108894 -0.0726841524224286
0.47162705748073 0.0338747534217825 0.0721175683425307 -0.042121370456424
0.448992983580626 0.297505657143084 0.00538752449779846 -0.0335339929327071
0.378002694783117 0.234679374528778 -0.184797279826681 -0.227944333697261
0.448377110618975 0.0310405883688275 -0.19820033439889 -0.0762288926327429
0.314228148554157 -0.281777235147592 -0.0260562380389351 0.0505467141144514
-0.00921642270940912 -0.416763050670394 0.0175740816510865 -0.0103265960673047
-0.208382040991389 -0.268008420172968 -0.0657431824879192 -0.0808119825656916
-0.274946043555235 -0.109958446108191 -0.14372419518861 -0.0377940982391157
-0.290585864060178 0.0432439599004324 -0.177856097766373 0.0437570113643546
-0.259110114217327 0.0943944749190799 -0.16422140189771 0.0894504113516992
-0.268862304392204 0.0678754079085514 -0.163285519289043 0.0685481426019167
-0.271569622477784 -0.0797888842459874 -0.157981625489325 0.025360535783275
-0.191155113857996 -0.215411037409321 -0.138076674477486 -0.0355045899410178
-0.0359742593624949 -0.361066342304065 -0.0631782979004287 -0.086724029975067
0.231145304296469 -0.263727540684947 0.0518079485582809 -0.0786749324198547
0.378260284650853 0.0253603613965281 -0.0060488327366311 -0.0439606008394294
0.390473225813854 0.23912789052997 -0.127945293510318 -0.132541876193476
0.287293347277767 0.144528415860655 -0.301309847963627 -0.343087032164405
0.316841382937666 -0.00252442964225966 -0.299333523345749 -0.114456527939206
0.206028214399154 -0.202505747680445 -0.0620204619096095 0.0287494327707356
-0.0113017902593154 -0.271797182326396 -0.00470300744914476 -0.0428262075936526
-0.130321251509861 -0.178617781980435 -0.108613433143538 -0.123127570572768
-0.181424865834206 -0.0843288125825787 -0.226166907993087 -0.0616120024829421
-0.20275719925267 0.0166309323451921 -0.267554051621685 0.0505621789476518
-0.181668294845593 0.0507808119177144 -0.25070912829067 0.107174936741823
-0.186480961826489 0.0285971575368054 -0.243270554449707 0.0764241027909858
-0.176320232985903 -0.0742913815996864 -0.222062162168436 0.00255557501659955
-0.105219915907098 -0.154972361854699 -0.166361155146107 -0.0794807401190864
-0.000228671078414053 -0.219466363580518 -0.0587522781714013 -0.109617574547869
0.146600344795182 -0.150138778681262 0.0358997369219781 -0.0750964747555709
0.238265291805028 0.0180920621857881 -0.0563568100288896 -0.034549482643394
0.277262509231317 0.150344853455845 -0.225305106999627 -0.195738905687911
0.146397918439288 0.0286695155560616 -0.376321488484854 -0.417469519019301
0.130495597169756 -0.035606523739759 -0.365720486087868 -0.137180112597937
0.0622727257771183 -0.0931686527290562 -0.0976825085718591 0.0114833135470783
-0.0144237644522617 -0.0839620350253357 -0.0292874226248305 -0.0540498873582572
-0.031171996138878 -0.062899755398545 -0.129999257290015 -0.133900643222184
-0.0592445916427008 -0.0472044493281008 -0.268333810583722 -0.0679535474128247
-0.0810739777591791 -0.0151773855594569 -0.314386824347078 0.0541716477396628
-0.0763904531011378 -0.000342930171253366 -0.298451816481784 0.110370782182693
-0.0796893238066098 -0.0114962047689479 -0.287236091041538 0.0695181178922087
-0.0658067511966127 -0.0541316114856717 -0.252320808845072 -0.0276234111176032
-0.0218121476278467 -0.0757600121740624 -0.164983540563245 -0.120244635673467
0.0201908807427689 -0.0673757297725463 -0.0368493787617404 -0.122274162559062
0.0488840368715233 -0.0432164507185993 0.0263507666203818 -0.0657048416808664
0.0873558994496357 -0.00375267739167729 -0.0817784688975519 -0.0214582162993291
0.137206137426272 0.0431041380519352 -0.279469324535897 -0.218207073645469
0.0260174676967493 0.0716759117690577 0.312138794113854 0.202837870731414
0.0562842987097631 0.0438353531089012 0.17277477931513 -0.000849710276586455
0.0566423089977582 -0.0352212405864373 -0.023195443155946 0.0334058721419917
-0.0130916776898491 -0.0779095705736185 -0.00451324138693097 0.112585984911214
-0.0578914180555185 -0.025971881800854 0.124036408017517 0.156824314079777
-0.054662845308564 0.0187991951442621 0.256262331108302 0.0727423526867356
-0.0432341307208569 0.0501695501978225 0.292654971395999 -0.0448994580114637
-0.0418076013886465 0.0537103538866742 0.300393566718031 -0.0961860772024953
-0.0528099505315398 0.0463514248573657 0.306718892420345 -0.0646201623125903
-0.067534847705579 0.00699640906075759 0.26891860551392 0.0383149660621341
-0.0585949175825273 -0.0387239668637349 0.159862259346183 0.112403626392877
-0.00318900373077367 -0.0994877978804451 0.0652232513677476 0.060948126030921
0.0816949879991502 -0.0368847032823199 0.123978613513065 0.0166539184098463
0.0554947789161114 0.0667261259015609 0.299426634680652 0.118951186580391
-0.00316353697360669 0.0756149746441669 0.384155946879097 0.436705944483446
0.160987462661603 0.159496995165558 0.275102613426505 0.191441481946661
0.195733935481203 0.0647239095080553 0.161390499179123 0.0111057822328736
0.155153118140932 -0.114285420545635 -0.00154862742761475 0.0389782587326323
-0.00871109478485236 -0.212479483512764 0.00249177556624452 0.101360683035659
-0.127969527956069 -0.121203800540189 0.102556651755267 0.14109642460665
-0.15646909987564 -0.0192381644097735 0.220010410313816 0.0714623006647745
-0.156760235273519 0.0726877833784738 0.25236476544482 -0.0255039611717126
-0.149588676562906 0.096274540648714 0.257216930888392 -0.0679829967421733
-0.172472173073756 0.0779197745865091 0.25905445113283 -0.047425205724171
-0.19244084231437 -0.0298900780606803 0.226751630803426 0.0394307143425683
-0.144141531564612 -0.1388423173335 0.128512323549639 0.101646193653583
-0.0113408901101426 -0.269881641681145 0.0498351062180232 0.0412038020864261
0.205040039873074 -0.155188012192059 0.136972271243139 -0.00774645496509101
0.247063809720072 0.0928665412030388 0.289859613037028 0.0718153135634264
0.175806236727098 0.202471615309632 0.361472904029491 0.352305285519818
0.280031412788227 0.234375364509406 0.199772828318325 0.135599109280607
0.33040767502613 0.0788427813367935 0.118238332842441 0.011063602026306
0.250511193960711 -0.192158522374927 0.0142063401004626 0.0506834664363249
-0.00410638923936794 -0.339743709298948 0.0163351528995071 0.0885613426244263
-0.19021003848652 -0.212704023523551 0.0766079265291738 0.106927848827801
-0.24492257246965 -0.0617737194108452 0.159490027969564 0.0579335244506878
-0.253871680051787 0.0822821010510986 0.174950833846344 -0.00354156222555052
-0.236761880369084 0.125807678655458 0.175040206361979 -0.0276571290333309
-0.265406806131253 0.101962061423561 0.17278061890425 -0.0202140009273085
-0.289314344947617 -0.0547750678835691 0.149032145192592 0.038385690018845
-0.218853396120915 -0.212076193612326 0.0743620580437589 0.0770901217979827
-0.038063882008644 -0.404213216930755 0.0241989169954178 0.0118134168542594
0.285428552383723 -0.269052708721419 0.132967634793139 -0.0366010004805197
0.401917493780601 0.0848102967983439 0.243713071329543 0.0188706020866298
0.331208149171391 0.285254945420907 0.278114141229461 0.227609157627624
0.367319101875288 0.280227938645631 0.0891526893778108 0.0371339910770642
0.440501790469771 0.0765950123788192 0.0369891482410635 -0.00535302949270675
0.32634357322728 -0.263969107290398 0.016069414191778 0.0612389981894345
-0.00441393637034448 -0.440422200360759 0.029002852050476 0.0667050319267842
-0.236265998587258 -0.281365045305137 0.039435363304622 0.0529216146739807
-0.304960163073967 -0.0966511962615897 0.0705017984389571 0.0303098383308922
-0.316008937195424 0.0798598674236852 0.066501822050918 0.0162957859040281
-0.286846540289951 0.13594792534593 0.066441476021027 0.0163547294600004
-0.313087836556681 0.110566956310636 0.0612163663291581 0.013017209971653
-0.339899088378364 -0.0684735738848125 0.0455973776408865 0.0374398403465221
-0.260523533215925 -0.248779083469371 0.00114643457698634 0.043776008199917
-0.0640020585433822 -0.473926541263694 -0.0116199090327726 -0.0214799157672114
0.311860009454534 -0.342211213558013 0.11028875033257 -0.0606523044756722
0.481701716651802 0.0564326513530466 0.162108347224332 -0.0217239891782372
0.42796386378365 0.317054288136818 0.150053806297463 0.0925352889824598
0.403877751075318 0.283073227830056 -0.0456197486475272 -0.0910998416182688
0.490714951499673 0.060236206220223 -0.0766239964585098 -0.0361244164796717
0.355034407537413 -0.301459439550355 0.00140084762068114 0.0632245785663035
-0.00910440377935701 -0.475259627121372 0.0306462630242254 0.0320887810690816
-0.247540933042743 -0.303622290610572 -0.0105908172083477 -0.014677611503814
-0.31809436269874 -0.114373091336309 -0.0366800336120171 -0.00497579772110892
-0.330654284642166 0.0654216640714866 -0.0572762694703781 0.0328422165730402
-0.294437904712207 0.124733185400092 -0.0526240107045577 0.0583294303689593
-0.312754908359905 0.0981854472729053 -0.0561641093346079 0.046265223535163
-0.332529527976563 -0.0772684348492057 -0.063695738254185 0.0352196037720752
-0.251041943211492 -0.249189421398309 -0.0760547448216081 0.0062230905556554
-0.0659653248424163 -0.45568429165058 -0.0461168361328756 -0.0559476154115157
0.290441366399238 -0.338372597348251 0.0785423743456652 -0.0762839052212284
0.472491751761768 0.0364898963418984 0.070497199782661 -0.0425584942094981
0.445754998296349 0.296973886600505 0.00303263524859623 -0.0318362666828727
0.378103873354416 0.234857927046439 -0.183576370655565 -0.225669016574068
0.448402391004506 0.0323670315575571 -0.197732224336331 -0.0758202406675068
0.312136606593721 -0.281989420133884 -0.02659106876564 0.0498776625360695
-0.0126114654924885 -0.415911880617786 0.0185373543849641 -0.00987503938354139
-0.211301926075636 -0.267211810272059 -0.0654231562875731 -0.0793292204010616
-0.276020057158358 -0.109337743755653 -0.143819798185304 -0.0383843361987882
-0.290423749161083 0.0447629810166105 -0.175953737387439 0.0443861681324607
-0.256806830424968 0.0954929065037762 -0.163705487346815 0.0902464826195075
-0.268344256965465 0.0695375400244608 -0.162177610815232 0.069141863836418
-0.272682594407115 -0.0802841217300706 -0.158403437888103 0.0248106674408492
-0.192127970374193 -0.214706408093137 -0.136317812177545 -0.0359039179366003
-0.038819510900618 -0.360201006575195 -0.0646637337823848 -0.0857551748450073
0.230293548040574 -0.262626306067103 0.0520037335698653 -0.0812203210823046
0.379288884816291 0.0261866989997304 -0.00780129393625756 -0.0441097298005085
0.387899536162988 0.238600094268411 -0.130534110572421 -0.130333464776603
0.287682227723263 0.144891439381646 -0.299545911585714 -0.34151376775872
0.31681661350913 -0.00156597396791528 -0.299201852168608 -0.113716315483668
0.204818666503771 -0.203225522853761 -0.0615730592777313 0.0278292434715508
-0.0138425760086363 -0.270406009860861 -0.00339084224032392 -0.0424258725522595
-0.132224883233044 -0.178884644839312 -0.108400883330706 -0.122022179035709
-0.183166263408342 -0.0843038863835802 -0.226969760697474 -0.061976567082825
-0.202296262813997 0.0169407708230577 -0.266105727687629 0.0518107381937519
-0.179934986794766 0.0520607447610282 -0.250403683320366 0.108904590292875
-0.185295216626959 0.0298388591840179 -0.242851218341263 0.0773468657214383
-0.177485961203651 -0.0736691119827122 -0.222773751429119 0.00233904948243721
-0.106732507151575 -0.154730419507304 -0.165210993251249 -0.0804643371064039
-0.00213945885299039 -0.218981641728258 -0.0593830423261875 -0.108853979363533
0.146580108164214 -0.149597092604784 0.0359141491796101 -0.0768915509785296
0.238666842178032 0.0188807233950397 -0.0573501285906179 -0.0354100427031757
0.275116711386799 0.150749092332656 -0.22796630722511 -0.193562711085562
0.147306698003734 0.0286650888043532 -0.375246490813688 -0.414521480059041
0.130683064612801 -0.0359921948371188 -0.366089262461353 -0.136461581593974
0.0612180329512695 -0.0935509243048219 -0.0973066503348867 0.0104892880320234
-0.0157127390118376 -0.083186228018068 -0.0282551648056869 -0.0537210815659774
-0.0322213593670698 -0.0634955890656032 -0.129930042805871 -0.133713075497464
-0.060242353267631 -0.0471647584902845 -0.269194813720967 -0.0682103849912445
-0.0811950068449988 -0.0145203099341524 -0.314335217053331 0.0552768823245019
-0.0750173890238028 0.000277324476334313 -0.29866497752173 0.112413644009711
-0.0783145884650247 -0.0107687146072735 -0.288314264732424 0.0700057360809565
-0.0661164696782319 -0.0532170841562451 -0.253900920233116 -0.0275884678360054
-0.0228795151842269 -0.0752539260235736 -0.163667254433191 -0.121010820761939
0.0185641796303794 -0.0667031173853864 -0.0369780265908654 -0.121306977436822
0.0489386511520328 -0.043348629623639 0.0260112750107835 -0.066055775861061
0.087575780188972 -0.00367776039916785 -0.081692377685461 -0.023349447668426
0.137506253813926 0.0436481034368802 -0.28208735937332 -0.216154358748699
0.0509371126645463 0.0507557767075251 0.382909538608416 0.0545096888131649
0.0682698747770082 0.0172534128275451 0.162875925892449 -0.0796665388313466
0.0398750107955764 -0.0555838042488298 -0.00756922037126169 0.0375727409768609
-0.0424041186278408 -0.066799253839059 0.0410139818945564 0.105240413567953
-0.0639836684241476 -0.00298313086030433 0.183663426036916 0.092697894881984
-0.0431606606754687 0.0383768965570583 0.270029506522859 -0.0457287492279606
-0.0181915488496672 0.065293412999982 0.253369851218475 -0.170187959061578
-0.0194908069180125 0.0686822613720688 0.235555943889952 -0.225794604078352
-0.0299358876962979 0.0670667234673219 0.256306480994416 -0.199381271519923
-0.060598871847224 0.0349494527368874 0.266582619098217 -0.0873214722728758
-0.0714738453791894 -0.0123927059599819 0.198625424229802 0.0311555491909144
-0.0452021183905523 -0.0903921961523287 0.0932072255534447 0.0246694220417336
0.0634848178353657 -0.0692629473368658 0.123905899792304 -0.035747199338736
0.0859040950997204 0.0408162017084586 0.326604216620268 -0.0133122641264008
0.0355984120237439 0.0767498930587341 0.54346562510299 0.24189824800602
0.212897161061107 0.0793377297202248 0.349210030070501 0.057488924130001
0.205510716998959 -0.020640250874718 0.158003475970792 -0.066921754388486
0.0979289276764747 -0.168675316651928 0.0126085883193353 0.0280090437555564
-0.0957649180994033 -0.189484467870467 0.0385618755893094 0.0866260801747406
-0.16924847927229 -0.0601544030052289 0.15210280085799 0.088644317811026
-0.154029826438902 0.0465259303347073 0.233381997472829 -0.0286869988290707
-0.113789619912713 0.134052771176024 0.221525622901254 -0.131751519731593
-0.102922665808752 0.154550700020885 0.206235233630758 -0.18021644902424
-0.129216732331609 0.148661181423904 0.218274974158859 -0.163816489126455
-0.195182970738842 0.0542222460961926 0.226745101745744 -0.0706961402328849
-0.197026271970395 -0.0712526349390063 0.169667597176264 0.0298717556441463
-0.128606299647401 -0.244914473282691 0.0806822488444135 0.00660938724063107
0.129891119668132 -0.234886342348733 0.130880273276029 -0.0609093736912968
0.278883104572635 -0.0202454747546968 0.296792076405555 -0.0422502662296915
0.264233946003923 0.113741416768889 0.475756790672806 0.181337676006239
0.354946364836664 0.102601449020887 0.260814335037634 0.0354613746991178
0.335875451690207 -0.062548620049865 0.119192610935658 -0.0523366312243444
0.153684091156044 -0.279417212726448 0.0296106892303962 0.0257243861835969
-0.145275481810021 -0.306150104569156 0.0412254206962105 0.0644678099645331
-0.264379149528673 -0.117239905406177 0.108586020620406 0.070202139270531
-0.254587274208084 0.0458442227622861 0.168149022346981 -0.0129876337549517
-0.199799290172937 0.184009887838776 0.156103964257422 -0.0754499503322073
-0.172306454703169 0.218551522315455 0.147894286384455 -0.106486779230721
-0.206225758096221 0.210325287126022 0.149248924829204 -0.100588965722257
-0.2981263336109 0.0732853405787492 0.152434090443447 -0.0394058136455142
-0.299987752571016 -0.108670757394597 0.111781159658071 0.0266830688417311
-0.213986291755065 -0.358322548337198 0.0525388737871944 -0.015567501775766
0.158064542192404 -0.378053660955634 0.119077651249609 -0.0844411996709728
0.420931504233558 -0.095992671363904 0.230086110757301 -0.064177926853231
0.450380238935939 0.120388023250681 0.33713696083647 0.110160240430037
0.455083627134359 0.112135371963268 0.119899736196517 -0.0107883330506236
0.437909228598426 -0.108015491386409 0.0371713241564394 -0.0342001761087555
0.194071737659332 -0.377070428608158 0.0336001561339513 0.0308700069317377
-0.188860487029143 -0.39712871547251 0.0401140240339686 0.0354783114396062
-0.336727046194233 -0.159951036078428 0.0470552032515418 0.0370576515012746
-0.325523331559139 0.0399836209930019 0.0714927480513026 0.00104730977098914
-0.258544923277164 0.208678303391765 0.061914125559633 -0.00761839115206028
-0.215192226758134 0.249210144673955 0.0665483950731031 -0.0160176561689969
-0.248237646017179 0.238889414588699 0.0607640308078021 -0.0200872521637209
-0.352143065631322 0.0823564810607956 0.0557046650848091 0.00558884709280512
-0.357047385164674 -0.124639934683667 0.0310112549695931 0.0260672371198567
-0.269921635532374 -0.409788577941452 0.00777849072943214 -0.0355700560072672
0.152095685499617 -0.458692059669621 0.0894155251133998 -0.0976654379117842
0.48544156831617 -0.158609177292334 0.138116213867596 -0.0636368206816294
0.555255046313263 0.105087413756552 0.155692907293707 0.0440955859677757
0.490728436980552 0.102791305598765 -0.0597943694353267 -0.0741268298493761
0.478069451750884 -0.143770404197493 -0.0825655550929578 -0.0145440484390151
0.205514339718659 -0.424847128767131 0.0190239973218577 0.036116772734488
-0.207884159243092 -0.427183505061003 0.0252230030985736 0.00108678673991389
-0.357085471310453 -0.174104561888015 -0.0311724588944414 -0.003315425128669
-0.346316691628376 0.0306952522918671 -0.044454834039124 0.0167313935615985
-0.278232146551966 0.201296420013937 -0.0470876788726221 0.0631802100721007
-0.2255670509724 0.241884608460627 -0.0250689819148049 0.0762160668214925
-0.253266489780113 0.228466107329123 -0.0337880158075845 0.0632742354938988
-0.348962747109776 0.0713631800312529 -0.04747857279598 0.052610264421719
-0.348856793626837 -0.128474803735963 -0.0570418625994779 0.025294980407539
-0.264319640288892 -0.393654201739167 -0.040796809392095 -0.05082157364142
0.131344318970974 -0.446242452342535 0.0538226310553074 -0.0985997134440906
0.462708217530483 -0.174384847820539 0.0454353660107705 -0.0437495223683176
0.562174799428972 0.0774084578056681 -0.0344781543525649 -0.00719508879990159
0.448864074128491 0.074153726798597 -0.248608436912717 -0.140990612435445
0.429633937002936 -0.150990017457176 -0.214126712000642 0.00406603157461588
0.1749610408829 -0.389009506005248 -0.012263083429166 0.0385081174631873
-0.187345174387833 -0.370672888909914 -0.00200874991421345 -0.0308201074153521
-0.308747200973025 -0.154997543308646 -0.108461856564674 -0.0393533767275898
-0.304544966317873 0.0182438641178439 -0.15833601890067 0.0321520474135963
-0.250572323320534 0.165338858152064 -0.1515301374488 0.126069998755939
-0.200564740464994 0.198793618388989 -0.113359863538192 0.156999248907982
-0.222762640372439 0.180803490051713 -0.121821051029597 0.134462044479192
-0.294064530196429 0.0430377143437491 -0.139197043344798 0.0862080583337532
-0.277833698935481 -0.121426692318724 -0.132461707524646 0.0154977245319629
-0.198398429503584 -0.31753433945509 -0.0755071284751997 -0.0661086860341831
0.107200098660175 -0.348813278570834 0.0234457339657545 -0.0931283429074951
0.370092838178958 -0.141975996227546 -0.0276884399325112 -0.0177919902577222
0.47871535489884 0.047732986719246 -0.198323618600828 -0.044404272836191
0.327171770400294 0.0281131453449677 -0.411775218587604 -0.197734074333017
0.295861616923529 -0.127503619768846 -0.327429519745908 0.0175960592983752
0.106906641608046 -0.271253554380387 -0.0524439934645893 0.0393569587717131
-0.127117948533751 -0.238420917595282 -0.0319882445547442 -0.0467263762692337
-0.198441567176843 -0.106118279385394 -0.163603410238755 -0.0621662682040749
-0.207150141245427 0.00258669078605455 -0.24452345729058 0.0461707808000838
-0.18068376031813 0.102051183202873 -0.231254700670501 0.171380354735663
-0.145827783231965 0.124592155780265 -0.184939194721458 0.214244370707754
-0.161123018376559 0.108218863103 -0.192719864803021 0.179432975415641
-0.200804541801266 0.00855406867556219 -0.207876878824827 0.0972215443148564
-0.170495392951479 -0.099956855266652 -0.180919051652053 -0.00910860796568989
-0.100116081696469 -0.202117451895296 -0.0885877007321595 -0.0826118499116506
0.0750825760638753 -0.205589781582152 0.00557860256420317 -0.0834945377081631
0.233528821826691 -0.0877124586297515 -0.0702277153189988 0.00340081610491765
0.330688160305681 0.0148094876853432 -0.310844212464792 -0.0659419125174747
0.148861033704941 -0.0222549939238689 -0.521756332796839 -0.232246636269122
0.109767994633835 -0.0814010121111094 -0.401972018198747 0.0312103916072914
0.0183321216233342 -0.110788207855429 -0.0899415356778756 0.0473015717916653
-0.0496800426878463 -0.0674713531467747 -0.0530340808034525 -0.0402984603291337
-0.0572808735057395 -0.0421840795571929 -0.184002692597225 -0.0657793756732783
-0.0762614205465331 -0.0157003127976085 -0.283885652259778 0.0570584341881217
-0.0816792045032741 0.0205697747243522 -0.271803530976077 0.194096838904299
-0.0682650884121962 0.0311722469503486 -0.228118664627102 0.240788163494116
-0.0783510741446396 0.023407550506237 -0.23740537027525 0.194628959224051
-0.0862166523209262 -0.0203923588467927 -0.24873844998134 0.0861197539744904
-0.0559910113272306 -0.060435812554479 -0.201570035235623 -0.0420608506345267
-0.0137338765471578 -0.0710389542079439 -0.0822195562830837 -0.0971947721579425
0.0275122028302391 -0.0635690619005288 -0.0034232505141205 -0.070697965146349
0.079676312192713 -0.0424178404907388 -0.087157375844902 0.0177918913926029
0.149391124282219 -0.0233683454986492 -0.362921020655765 -0.0716153309064166
0.0540168878017918 0.0520740129958609 0.400268924689929 0.0438049942843978
0.0730539319847731 0.0169150092024332 0.167527400404265 -0.0894338257505174
0.0409101674612244 -0.0591812913381027 -0.00678082518960059 0.0403432415632344
-0.0461540547305578 -0.0683997463057271 0.0449879279235886 0.109044252438399
-0.0667652242931014 -0.000774745674342697 0.195287757029531 0.0920563161756228
-0.043630682264047 0.0409232869130009 0.282046876159871 -0.0556249360270166
-0.0170534196960248 0.0692311597907437 0.260845128880803 -0.186162129695119
-0.0180514204341229 0.0729807281624127 0.238931489328985 -0.245029679354555
-0.0302803705893475 0.0711556900786195 0.262281086961344 -0.217609080577126
-0.0632508592842413 0.0387008732534059 0.277278610183621 -0.100262976699014
-0.074899788459243 -0.0118886794957099 0.208816419100276 0.0272086155862402
-0.0499544443839201 -0.0928721568057865 0.0977390544603181 0.023117476032157
0.0648046712704627 -0.0731340660724209 0.128260488516948 -0.0411831534240548
0.0910787534339011 0.0396655193689355 0.342472539948639 -0.0216736747783363
0.0378029001527583 0.079027986095456 0.575098708877951 0.23577882168118
0.223545115023532 0.0769092352411637 0.36667628311882 0.0486901163325011
0.214371951345854 -0.0263271208012096 0.163355020017044 -0.0763292042317776
0.0976410940254688 -0.177841711894461 0.0137636181619826 0.0293512505300416
-0.105916952397319 -0.193674267644757 0.0416942401353204 0.0904285073416767
-0.178614899170228 -0.0567334998076757 0.163086092881128 0.0890755404936336
-0.159834474064945 0.0528268075636437 0.243882844935327 -0.0375399443930135
-0.114378704161044 0.144241615168486 0.22875148906542 -0.146059894486938
-0.102190057337225 0.164935040658858 0.210100098326636 -0.196253142588311
-0.130749702253413 0.160084140652522 0.223381843128647 -0.179623614030745
-0.203782113047233 0.0632514062502714 0.236180698413948 -0.0815461631736171
-0.208381352104779 -0.0698245203208805 0.179741513399913 0.0259705843838422
-0.142810577937799 -0.251764169674156 0.0842360285710103 0.00492955355640032
0.129868802953558 -0.24870185581979 0.134115890481846 -0.068889828639512
0.291770372077852 -0.028804819727501 0.309202086568946 -0.0516796656105975
0.277019187148201 0.112028704645302 0.50224511313593 0.17514759941236
0.371760517211354 0.0962998961816134 0.274700594365069 0.0282135273607094
0.348888171228244 -0.0739402920332034 0.123553485676412 -0.059766255790495
0.151373079068705 -0.294208960613965 0.0312363140536123 0.0270718157424719
-0.162030537406931 -0.312536589898069 0.044862105946819 0.0669330904171071
-0.280816052638814 -0.113045533809222 0.11766870839425 0.0713150009518717
-0.265218560095615 0.0556377787223351 0.176004301018767 -0.0195935101678603
-0.202567303801375 0.199382114653711 0.162562046477122 -0.0855697286805965
-0.171557929255947 0.233354860597137 0.151160718060828 -0.116953873253725
-0.208751335556248 0.227432839040623 0.153300681346983 -0.111816074849267
-0.31158815043767 0.0867915183975289 0.159543164537776 -0.0464014216879892
-0.317899251233222 -0.104404491957601 0.119115109232067 0.0232853250706696
-0.235733465453614 -0.366126415506805 0.0531529492147043 -0.017053927104128
0.154528247482078 -0.39921775407012 0.119694237240657 -0.0943680947176413
0.438823857039027 -0.113496900483794 0.238669394019467 -0.0723027376010008
0.470314057099619 0.113288892867067 0.354181180314083 0.106006011491451
0.477624316739945 0.102679693722439 0.126940409733025 -0.0157584079349688
0.455146783081921 -0.125176887557382 0.0379889918285727 -0.0381620532054932
0.189101622153456 -0.397312070389055 0.035640049391776 0.0321345902317932
-0.211393249707883 -0.405201826855141 0.0434447662767421 0.0366798681102808
-0.3575861545838 -0.154649633346804 0.0535250301035062 0.0386167479483132
-0.339950644054337 0.0518888190437905 0.0752698099871278 -0.00154399235399182
-0.263218137605974 0.226650996679377 0.0662917032929261 -0.0119508641358542
-0.214520070927194 0.266790322827433 0.0693171101041877 -0.0195104526172629
-0.250704511172256 0.259233438822255 0.063606955775669 -0.0239645693062544
-0.367636701138328 0.0979650576376376 0.0588201070317133 0.00363070313319048
-0.377566688021281 -0.119390697750529 0.0347226225812891 0.0241608573964982
-0.297539846795542 -0.418406589727706 0.00685518844751283 -0.0357019634433324
0.146550865950121 -0.482605054320279 0.0887063219359874 -0.107548420127262
0.504182833912812 -0.179244903990968 0.143222354459834 -0.0687985602574353
0.577733788474107 0.0952209246152985 0.162803747946156 0.0441123959518771
0.513506297618968 0.0939357730333141 -0.0614918018617377 -0.0751379437001843
0.496689389817352 -0.161918518427691 -0.0857947842246855 -0.0133157691419029
0.199376406155938 -0.446363336079088 0.02044714866023 0.0383409385560267
-0.23281753652571 -0.436324710855873 0.0276355307032891 0.00109653024502631
-0.380848903887498 -0.169323911954056 -0.0289753914385121 -0.000327516938499174
-0.362657272749142 0.0434035740911938 -0.0461455573247394 0.0177862850319274
-0.283936554274652 0.220084300780086 -0.045270043560807 0.0654920098973074
-0.225404895892584 0.258956139304501 -0.0230518387942016 0.0802562467378545
-0.255692847385986 0.247510990619679 -0.032502567212277 0.0672821634831993
-0.365036655900194 0.0868965287348921 -0.047223861053216 0.056632560891395
-0.369706844090366 -0.123448503639136 -0.0573117140863877 0.0257425836647908
-0.290819384868163 -0.401496358141724 -0.0437998342690991 -0.050907748691095
0.125655545153291 -0.469148384874081 0.0507364762143366 -0.107997572665173
0.481899424333322 -0.197009449716733 0.0453585492870085 -0.0460359443826214
0.587800466172809 0.0658707813002592 -0.037643772837832 -0.00334354244563335
0.470377598638953 0.06306472456746 -0.260192481254493 -0.139037307609739
0.445515165705308 -0.169973396063182 -0.222641883852452 0.0105937958447604
0.168850216936995 -0.410347624680495 -0.0117758585614756 0.0415310126080175
-0.208764301442722 -0.379794357552013 -0.00163307302400596 -0.031452261447017
-0.329029118401888 -0.151564315041659 -0.112202364822784 -0.0365005146266109
-0.319979115269947 0.0295158627934756 -0.16531278040048 0.038227541245033
-0.256919698231863 0.181890205957489 -0.15318259505113 0.135471859857142
-0.201469599643347 0.212609683434751 -0.112966087533664 0.167705290015269
-0.22569920949064 0.197128511010764 -0.122450078368463 0.144149519967169
-0.307108391694139 0.0563336798225925 -0.142372781507858 0.0955271358770917
-0.295658132894791 -0.117219286848789 -0.136897638110701 0.0178059195295234
-0.218264743263449 -0.323385133695834 -0.0815858823372235 -0.0654635279405969
0.101772028750451 -0.366619389243589 0.019418587017275 -0.100283117116309
0.38387297948193 -0.159889781341591 -0.0303109086803808 -0.0177464231772136
0.50041702194824 0.036485626783692 -0.209739571880244 -0.036024365647336
0.342880135420519 0.0193366541452363 -0.432538889965357 -0.193288428398511
0.306739290095944 -0.141392532756572 -0.341044932826031 0.0291882107209637
0.102261754772274 -0.286742344310516 -0.0535931535990648 0.0425957328494058
-0.141809808547172 -0.243899023994429 -0.0332866007513031 -0.0481247303032819
-0.212435397799218 -0.104352363901327 -0.171344077072608 -0.0593943113993586
-0.218488717364223 0.00999506857299211 -0.255470194823604 0.0553130894377122
-0.185679068173211 0.113002808868864 -0.23597135020768 0.186695130679801
-0.146899493492307 0.133585043609337 -0.18557121634244 0.230955956729051
-0.163564066038288 0.118211097312404 -0.195447369694289 0.194754262163175
-0.210789605070333 0.0161462295958768 -0.214473088086206 0.109011817376329
-0.182063853372438 -0.0984465529256779 -0.188832494306097 -0.00542818152881895
-0.113201912838297 -0.20635695671043 -0.0942514289248981 -0.0820235865195021
0.0719905347792842 -0.21678729485167 0.00215959429594095 -0.0887285935095766
0.242072453114232 -0.0989141806398996 -0.0744071045778475 0.00521276900604146
0.345116085168927 0.00626074600537004 -0.328156873715423 -0.0554431396750833
0.1556098259383 -0.0276688626730651 -0.547626371854144 -0.227100239676817
0.112968589228072 -0.0889628522319302 -0.41821574947483 0.0453036390288174
0.0149577696280065 -0.116195200341005 -0.0928386359473153 0.0515863198965298
-0.0548075825206366 -0.0681185630203872 -0.0557157101486282 -0.0408463627953915
-0.062007685197663 -0.0427717325007049 -0.194306439111919 -0.0639590442524284
-0.0815363008980882 -0.0131574930334489 -0.296500041129633 0.0689180905706171
-0.0848260660770264 0.0241925391903539 -0.277441640361415 0.212057497210099
-0.0690861499935388 0.034165553169804 -0.229320950849962 0.260136428844298
-0.0795783067751963 0.0272554197164393 -0.242135376064391 0.212403760311155
-0.0905698177046234 -0.0178936694271071 -0.258155571072318 0.0988507515658907
-0.0609720128445427 -0.0603777869876593 -0.212441416783243 -0.0383177703815257
-0.0172985906741183 -0.0729878722873311 -0.0883049702160416 -0.0983078371336262
0.0259798886803745 -0.0675818851041563 -0.00545336342344543 -0.073838359118618
0.0824565841828194 -0.0465373078351344 -0.090982435141169 0.0200668788649595
0.155967822725074 -0.0289672962416822 -0.382130570488712 -0.0598851155304929
0.0575379699949458 0.0513716848498498 0.414298649537756 0.019790215551048
0.0773618511735745 0.0141436297071355 0.167086069809456 -0.103394485479228
0.0398596513623037 -0.063840353366468 -0.0043450620516509 0.042477360488252
-0.0507605850812656 -0.0680772660449376 0.0521103796825166 0.111332276709586
-0.0691514061580372 0.00376379014327805 0.208425859339548 0.0835158048648616
-0.0423733823695501 0.0444047964759332 0.289472649296298 -0.0750928498276708
-0.0130420655100104 0.0729646315632924 0.258424955024266 -0.20848841147997
-0.0144342468558782 0.0766647738585814 0.230373023095208 -0.268676740498417
-0.0272966336674769 0.0762221379044735 0.256963484315828 -0.242596602499068
-0.0635600258786617 0.0433730615858719 0.281282218807741 -0.121106848847285
-0.0779124785911159 -0.00927609829460591 0.217133805469994 0.0169785810589108
-0.0572111920832529 -0.093015906695043 0.101259137854504 0.0180943012442243
0.0629903503280391 -0.0785004067350762 0.129334568251433 -0.0497193472434861
0.0960798483968442 0.0355059322079039 0.353237071553071 -0.040025865923815
0.0419002023362072 0.0794766695272014 0.606169772032312 0.207259335529077
0.233532949179015 0.065860533422502 0.380735993895365 0.0265631088733859
0.220484486225093 -0.0382100956355723 0.163654928889766 -0.0896065594412499
0.0899764258741136 -0.187504022255523 0.0160848274479359 0.0310504663841849
-0.120378187021438 -0.191870619479237 0.0483764726747192 0.0918430805274168
-0.187674103371189 -0.0465463649576656 0.175711110822572 0.0832684406700101
-0.162154481278999 0.0637539145246644 0.250621930082184 -0.0540807479125849
-0.108584669287659 0.15604147405349 0.228212439026153 -0.165879193726338
-0.094159195729806 0.176152174672831 0.204105374864932 -0.21658568145341
-0.125313243665186 0.174562637492598 0.219561355727563 -0.200196585281867
-0.208535537702147 0.0784507710767558 0.23982179091974 -0.098937420970452
-0.219907932374443 -0.0605945687919949 0.187896072549808 0.0159241458690796
-0.163813966186979 -0.250496316833324 0.0862635761675024 0.000997374328628937
0.120845530860827 -0.263071246610319 0.132377787774453 -0.0799349163864652
0.299739723733672 -0.0470172430107469 0.317371483506756 -0.0685484425828069
0.28987621740867 0.100646332465119 0.527358381628667 0.150639563182755
0.386693241124785 0.0773040698793249 0.285851106195695 0.0117026346332609
0.356660689423634 -0.095212328110821 0.123260668973134 -0.0704380859900519
0.138021415628339 -0.309326240818259 0.033704978286878 0.0278612638982237
-0.185722260417145 -0.30974195992748 0.0511704042650215 0.0677553324956064
-0.297066730476923 -0.0981993205791564 0.129319195303122 0.06774460117272
-0.271379436832903 0.0730777834838733 0.181089373855921 -0.0312292522853028
-0.196484840759154 0.218666060493465 0.16338989949086 -0.100366359377036
-0.161582370343439 0.250685036002258 0.14869331736967 -0.13105949457409
-0.201125593714991 0.248821308690985 0.152039499462064 -0.125603050943477
-0.318409394119238 0.109936533149178 0.162678143015929 -0.0577567522277771
-0.334575729044699 -0.0897054016334723 0.125725753443207 0.01547488669389
-0.267544520490931 -0.362604935290864 0.0532539167671063 -0.0190907961217813
0.1378019929485 -0.418829413005098 0.115623148187191 -0.106708447817001
0.446498703503487 -0.142541662944512 0.242745744967979 -0.0858201182782587
0.488469628736364 0.0913292547566477 0.370840412817764 0.0897239189404649
0.49559791161121 0.0776650369739816 0.132843269925752 -0.0238041558621079
0.461644733660033 -0.154416058231364 0.0368443415479633 -0.0428481344332255
0.170564114839524 -0.417897964777116 0.0389004800076825 0.0324573734231172
-0.242308034721653 -0.401492231449416 0.048247664620192 0.0364257477124709
-0.378938735432304 -0.135935587645139 0.0619693971033487 0.0384012956667648
-0.349531845547276 0.0739428907235269 0.0777595604753101 -0.00673284205713285
-0.257695403521923 0.25036117929761 0.0685984036480207 -0.0182454602508052
-0.203386806484115 0.287422004830265 0.0704569781199881 -0.0248987322160442
-0.241202712159475 0.283215870741355 0.0642989984745547 -0.0295191215118053
-0.375673428148038 0.125144141507441 0.0620013102115974 2.45672265766467E-05
-0.397696302539824 -0.101214593374867 0.0384996257932547 0.0204312002452591
-0.334095503753139 -0.41240396397006 0.00465602474161242 -0.0358673591386618
0.124116209607472 -0.505280428205065 0.0821899996204944 -0.118845052203223
0.510143540744324 -0.215132096318297 0.14387118321493 -0.0779022895350404
0.598365948320986 0.0671713960461329 0.170841736448739 0.0386735166938954
0.534509771963227 0.0658294447483682 -0.0635743358574835 -0.0735711575087924
0.502431254184012 -0.195735136081661 -0.0891162531097966 -0.00962744662489181
0.178909956176781 -0.470338191268902 0.0237743451092754 0.0395479815227239
-0.266905787408074 -0.43281800476574 0.0303162356765195 0.000435016548786236
-0.403608070943356 -0.149859862394247 -0.0256469654417246 0.00250943539065659
-0.373687008291007 0.0670729358581228 -0.0472319850532843 0.0204727936356357
-0.280166626712264 0.24532547938886 -0.0417422236370318 0.0684668843144178
-0.215010137381223 0.279979610145325 -0.0185401563116856 0.0841164583563678
-0.246302830512024 0.271585872823496 -0.0293597098253654 0.070661870667237
-0.373242468599013 0.113634063059713 -0.0445508834162542 0.0610973342759587
-0.389062147923058 -0.105016913948515 -0.0567540184860186 0.0274072062499616
-0.325347118386764 -0.393533543831847 -0.0483813313864738 -0.0482861970100797
0.102845549296784 -0.490812421368797 0.0428949604256872 -0.117139036830653
0.485371131234729 -0.229777128775388 0.0440937323892321 -0.0497475099409499
0.604442079148356 0.0351870288966631 -0.0390481151753533 0.00304935076190899
0.487627625443684 0.036859276228646 -0.271132723533358 -0.128202700401143
0.450579459242282 -0.201685093488513 -0.228941467760831 0.0233138204563694
0.147965958394636 -0.430885243446534 -0.00979748183944779 0.0437922921626485
-0.239613481001277 -0.376787363229316 -0.00150684672066934 -0.0318821057023094
-0.350459410079533 -0.134827691520383 -0.114285414379621 -0.0300136835462603
-0.330855363545816 0.0503035307806373 -0.170011078838801 0.049302086354483
-0.253990102484102 0.203878006268527 -0.149351132457692 0.147757564660057
-0.193749220190992 0.230410768330575 -0.105264856782395 0.180947717831632
-0.218337312291597 0.217506096589962 -0.117472596289829 0.155978250505453
-0.315855857645248 0.077680616779024 -0.140804648918089 0.107669053498477
-0.313169858661174 -0.102600679540063 -0.139222909204815 0.0244223438466615
-0.246689876100091 -0.318080123585669 -0.0864499236511242 -0.0613134982757207
0.0830230702804656 -0.383888545767792 0.0122181685180096 -0.106810219789524
0.387455369053809 -0.186136343369576 -0.0324835874073149 -0.0168128450069437
0.514828302405506 0.00985465441190965 -0.218376582813703 -0.0205392520170349
0.354921180812743 -0.000398139332060336 -0.453068343148888 -0.17340850239573
0.309142345423043 -0.164496348909426 -0.349509738080287 0.0496572341185204
0.0868303796905961 -0.300880232373176 -0.0532823155583863 0.0473881919882244
-0.162251772974828 -0.241294564866206 -0.0356552673755481 -0.0476430690837098
-0.227032506872741 -0.0944880219969689 -0.178656127135448 -0.0504383453427997
-0.226327341335025 0.0244971129251355 -0.262495705208153 0.0730049966372309
-0.184870586209721 0.128456950152228 -0.231857381893285 0.207328428963639
-0.142060048526558 0.146024015933512 -0.176253877367359 0.251037613071051
-0.159356775179862 0.131936409817016 -0.190024264529306 0.213039728595615
-0.216819851622118 0.0306611402753837 -0.215027815329657 0.126308125962976
-0.194842565843421 -0.0895272101372588 -0.195328867635061 0.00399072940763243
-0.130817768125398 -0.20422618422362 -0.101127783415049 -0.0782844556876048
0.061433620095983 -0.227560348601043 -0.00424905946681479 -0.0929514295468627
0.244035132902411 -0.115760773085074 -0.0769096231221807 0.00972944079653777
0.355417048926058 -0.0133101183485271 -0.341731864323817 -0.0330848088680197
0.159005629068928 -0.0377618476830182 -0.573772693115294 -0.200895295345173
0.111555366564779 -0.0985260362367811 -0.428365718524801 0.071968406489303
0.00755912153541523 -0.120217407312119 -0.0937996331909474 0.0577122326182028
-0.0610121554512072 -0.0658581067987439 -0.0588978728898889 -0.0393879170821352
-0.0678340076405214 -0.0403739604453623 -0.203593630597105 -0.0539194751736971
-0.0855591627976605 -0.0080944360536488 -0.303899293900101 0.0892519542060776
-0.0859730099692857 0.0304786576905522 -0.274111085519672 0.236871393631833
-0.068677386393406 0.0379732367515052 -0.219360177018565 0.283754847074718
-0.0787176294447986 0.0319658371976382 -0.236873462714105 0.235458845924685
-0.0948344720156529 -0.0115395852479141 -0.260475804132489 0.118596859457895
-0.0665710200518992 -0.0570845511421437 -0.221344068483733 -0.0281170507678796
-0.0232584753389572 -0.0727713282743667 -0.0953994071692328 -0.0954420064425599
0.0216708024382072 -0.0713970607098761 -0.0103075941364376 -0.0766523593745332
0.0824558258847799 -0.0525111060655595 -0.0938677068567658 0.0256509745194799
0.15961506980068 -0.0392321960758544 -0.397848357577827 -0.0348439229870676
0.0603443071218911 0.0480487966459384 0.414784330228509 -0.00848765593920418
0.0790971888909585 0.0101272636279196 0.160009243966077 -0.115892066114782
0.0362866866595683 -0.0662387014985084 -0.000925486435335686 0.0437383162492413
-0.0549184778035282 -0.0653115091179716 0.0598723975649256 0.108839617246869
-0.0683125897498322 0.00878113684103076 0.215760866543292 0.0697517749344122
-0.0395540010570776 0.0470446999282083 0.286584904485978 -0.0952097913850417
-0.00787054670041329 0.0737354029710109 0.245243467237381 -0.227302939505694
-0.00887177061073558 0.0783919953944649 0.211689873460432 -0.285917162744425
-0.0226242379901277 0.0787844810748436 0.241111724961914 -0.262010904793822
-0.061384326806055 0.0478367614411293 0.274761888174671 -0.141074007143322
-0.0789864797497174 -0.00555243866474358 0.219549707328068 0.00359406305886709
-0.0635015973664049 -0.0895795574900432 0.101740826969239 0.0121229523426756
0.0585954404069792 -0.0821024232841314 0.125823542470739 -0.0574029923996808
0.097479743784744 0.0293114494401392 0.353268578971999 -0.0607718699900165
0.045584852877907 0.0775927688653297 0.618784334857318 0.168386272897674
0.235176723311323 0.0508618902337975 0.381669529570628 0.000729722198928749
0.218781909672104 -0.0516177766859798 0.156884324739906 -0.1014437430402
0.0773402560631553 -0.192330800818126 0.0189131317355743 0.0312138443708462
-0.13265651212822 -0.183094140401965 0.0553709930384945 0.0896708365227221
-0.190822799735784 -0.0333377576965816 0.18465210577918 0.0711999769929041
-0.158734563841928 0.0745226531448118 0.248714959592828 -0.0709844074316219
-0.0981750422962988 0.164078476442819 0.217759812184774 -0.182693177686395
-0.08219892733306 0.182667811829653 0.189366623799914 -0.230989274253369
-0.113782263895405 0.183930063108439 0.206220250219699 -0.21659897822716
-0.204867591864243 0.0933180166400334 0.235209768457496 -0.116169804374332
-0.224808914842833 -0.0470119391606953 0.189848478048857 0.00323930892269371
-0.180653831653777 -0.239663310799126 0.0858550089034656 -0.00336245158848986
0.105143481062211 -0.270779688776991 0.125580592320933 -0.0887373543000945
0.297391873370371 -0.0664480822673917 0.314409254934787 -0.0875078385404085
0.29314266053085 0.0830316843499452 0.5354932300304 0.117249055283036
0.388415164477179 0.0520990862576655 0.287054830795646 -0.00792580054925399
0.349764682443471 -0.116492009083062 0.118272800848973 -0.0786049739411497
0.116405701149624 -0.315948836804615 0.0369413885951611 0.0278957762289917
-0.206007050730535 -0.295400615977859 0.0568159075651711 0.0650097531601097
-0.303362890708073 -0.0767497357071332 0.138779911064898 0.0587175771478236
-0.268694151325457 0.0913746399783884 0.179907746260071 -0.0440087552753078
-0.18155577738197 0.232337516890371 0.157785052348625 -0.112589390702555
-0.143675390466309 0.260804610438191 0.139626801351183 -0.141433886111178
-0.183658321430911 0.26331885350121 0.143389004743849 -0.136876772379386
-0.313431553269208 0.132660301429809 0.160394026317399 -0.0694813265518684
-0.342512183013899 -0.0690245179813957 0.127370715188719 0.00599650621602582
-0.291961662492293 -0.344803668014519 0.0518918360153772 -0.0212269825291136
0.11187789099905 -0.427680451232066 0.106228233094845 -0.114534010488475
0.439188728011653 -0.170603860916986 0.23831451224894 -0.10012672940598
0.490242477056004 0.0620537648992256 0.376499811860847 0.0681537017103673
0.49744491674353 0.0450828955125162 0.133765023277305 -0.0337579198863866
0.454078388588596 -0.182687267071655 0.0337946369106194 -0.0458063193840882
0.14224074734535 -0.425576022393133 0.0422884175926036 0.0321854585813918
-0.26963579630208 -0.382071368599006 0.0529584438141882 0.0341584170687895
-0.388568759924482 -0.109598078226532 0.0701705550698514 0.0338713653769813
-0.347214334245551 0.0979075559165485 0.0777138176583411 -0.0124496925124684
-0.240263770225711 0.268419869978024 0.0679327205179193 -0.0245365355839933
-0.183411564658038 0.299484176610283 0.0689937548222435 -0.0294791555387997
-0.220987697847375 0.300095671378052 0.061705263351473 -0.0349778266455292
-0.370192138828809 0.152526517253552 0.0637123991273022 -0.00475021030345292
-0.406429185358239 -0.0753503180509227 0.0406905881490661 0.0159355771416211
-0.361627658893056 -0.388406551276113 0.00288241771687972 -0.0343807928464417
0.0923859269777929 -0.514007295943674 0.0713740170489297 -0.125441231382746
0.497094078926516 -0.245636189051484 0.13997174225069 -0.0868230766692993
0.599896820115471 0.0307249859789253 0.173061212608727 0.0310116395823588
0.535428759101045 0.0304085929149645 -0.0640481043804198 -0.0710024237577576
0.491149873789597 -0.227978236203869 -0.0894787109105864 -0.00402646915439353
0.14592867532577 -0.47943354139174 0.0275649902691702 0.03978604747388
-0.29737038641128 -0.411595818633809 0.0329663066975676 -0.00138701894284528
-0.415787100179274 -0.12204884214569 -0.0196032816931748 0.00352418318302195
-0.371810377132069 0.0931349780419994 -0.0459444098788456 0.0233764026559835
-0.263424375692652 0.264383378042521 -0.0370516548469624 0.0704953013839637
-0.194737328897506 0.292864597646723 -0.0122152959083756 0.0859585776629238
-0.226279717854808 0.288016456256607 -0.0249762743058958 0.0718376404539851
-0.367770321274771 0.140310984877233 -0.0388110289300098 0.0642189240196584
-0.39809552871363 -0.0791138766268764 -0.0545708295776051 0.0285330869866091
-0.354334837462751 -0.370254474878683 -0.0503278281573066 -0.0433795728960823
0.0715370653515914 -0.497605078314645 0.0320734702570934 -0.121551060468244
0.472663379539259 -0.26035158108381 0.0415880519930923 -0.0528456288308607
0.604275036517737 -0.000899285019756412 -0.0378067042861093 0.00928130507065554
0.48824411000856 0.00475100989441512 -0.274702362901053 -0.111342816921114
0.43999721747379 -0.230122177998992 -0.226628927413006 0.0387386563536015
0.119170601141911 -0.438955875212067 -0.00590840295382124 0.0455656524579618
-0.265326422401901 -0.356770614990567 -0.00118856418632568 -0.032117716355843
-0.361258468853063 -0.110763258145097 -0.111502520059302 -0.0227580938938288
-0.330075597048087 0.0737531141709191 -0.167196440918297 0.0604736899301501
-0.240747374475781 0.221602580805988 -0.139123527228322 0.157298673044298
-0.177053036811228 0.242209824202353 -0.0923040257131689 0.188423113780143
-0.20155210658108 0.232200169371658 -0.107341582390443 0.164279423196018
-0.311886494964129 0.10108438019302 -0.13252806203574 0.116997541902875
-0.321514048141583 -0.0815754867212618 -0.137717995210141 0.0306922650164214
-0.269908855950016 -0.299476559949354 -0.0893491158001689 -0.0541738688287951
0.057906766170143 -0.38829203009375 0.00265747539878373 -0.109693003095402
0.376523666366793 -0.210607258396218 -0.0340645116883727 -0.0149370662628005
0.513414928575614 -0.0218908508582123 -0.21888389810659 -0.00178377792445862
0.353498032662969 -0.0240847874289093 -0.459382404652675 -0.145331198444383
0.298972149596346 -0.184321073003768 -0.34604331205318 0.0729239633978942
0.066449565719091 -0.305150155473883 -0.0495727085514608 0.0511752263933264
-0.178844127616124 -0.228438688780573 -0.0368323507426408 -0.0462027591333495
-0.235739564480863 -0.0790486590870888 -0.179341112476285 -0.0389683903999204
-0.226840923596985 0.0407864609215886 -0.259283001254605 0.0919922968788525
-0.176112532258283 0.141741450051103 -0.218018718388326 0.223126625631812
-0.13180648890718 0.1540793279737 -0.158282090263054 0.263351716388197
-0.149196569236818 0.142620305286733 -0.175376931430873 0.227394303756834
-0.215490217949496 0.0469917204497604 -0.20647913194487 0.141157842239574
-0.20151403614101 -0.0755567495395567 -0.195819319583605 0.0146847982664493
-0.145559198462929 -0.193412392733765 -0.104607892205751 -0.0705590784515199
0.0450822055011238 -0.23196948820404 -0.0116278962891461 -0.0942750292051689
0.237242752467529 -0.130564538372469 -0.0771670859728445 0.0139811571500726
0.353078872258513 -0.036051413942919 -0.343529104029095 -0.00629926573544933
0.1569437852028 -0.0486889952082735 -0.582666361893245 -0.164144092204165
0.105205376362219 -0.106375236222734 -0.422924055975565 0.100328375288366
-0.000665976346253262 -0.11982747815324 -0.0913520744531502 0.0632555549742468
-0.0657474280867264 -0.0605478410939191 -0.060806597908076 -0.0365292209648379
-0.0724034473142912 -0.0357486868252298 -0.20653938977072 -0.0406794458506639
-0.087458448929945 -0.00154186440887531 -0.300683608810753 0.111138994162325
-0.0841614414180979 0.0364826812129734 -0.258457935772599 0.257028769797487
-0.0663297260406029 0.0418674526873543 -0.199447064973709 0.300162382645072
-0.0752378574858198 0.0360734183148616 -0.220726503307972 0.252965365734
-0.0952756770292969 -0.00439592456370973 -0.253338179892368 0.136835777041972
-0.0709603418244922 -0.0514033607708453 -0.224153808458566 -0.0141203132627043
-0.0287126384825031 -0.0693555714790888 -0.100108020974342 -0.0887034245567873
0.0154051569798486 -0.0730189180656142 -0.0150475088810599 -0.0767117714463154
0.079652375783358 -0.0584283827210179 -0.093566883868563 0.0311786091908124
0.157230063524725 -0.0507385884273324 -0.400309469348304 -0.00426181887783859
0.0600797482461223 0.044201802030646 0.402615437490779 -0.0281935246764912
0.0788544283999739 0.00697018215445143 0.150832898894632 -0.1213519088398
0.0323557427462393 -0.0666570258254071 0.00218553156920695 0.0439165734842439
-0.0566267360867081 -0.0618533467231124 0.0637395728227798 0.104697179337246
-0.0656528392469776 0.012057701175268 0.216109112146039 0.0574425804051608
-0.0362711515992115 0.0482170933072945 0.277609149657661 -0.107820246320193
-0.00316582683399214 0.0729687992881042 0.230726907593386 -0.235309770309954
-0.00468930049855325 0.0777787129881505 0.19362527684242 -0.290608053383094
-0.0189765497176271 0.0792832855769939 0.222857748539714 -0.26883039338369
-0.0594465690030785 0.0499799656164608 0.262978450129794 -0.151222686401647
-0.0782986361252879 -0.00275043280744102 0.2161438903341 -0.00636891250822526
-0.0662247556416012 -0.0841690531454128 0.099368486574161 0.00770617388961259
0.0545342436170035 -0.0825332247020908 0.119666619227924 -0.060789132999215
0.096017180780922 0.0241904015275072 0.34427104286104 -0.0743129199635774
0.046896939172084 0.0747984504178402 0.610811410387651 0.134776384948575
0.228906728396589 0.0395234279399818 0.372155128241818 -0.0176348460017398
0.211844013963366 -0.0585513131618407 0.148755137660966 -0.106790397732408
0.0664684458682488 -0.190213213827386 0.0217156306262838 0.031554089617599
-0.137749986869793 -0.17200759890851 0.0587509076566597 0.0853505753418445
-0.188086530888502 -0.0230504810451347 0.18722510329843 0.0600183494590098
-0.152626407460679 0.0806350850479013 0.242325073923295 -0.0825620845188517
-0.0880446404307085 0.165342238969929 0.20537438537641 -0.190081713899043
-0.0712573002332003 0.182524859536699 0.174462284272874 -0.23603649532778
-0.102559579383671 0.186475574070357 0.190628782639062 -0.222484774558602
-0.197876990750305 0.102157233859723 0.226262580058942 -0.125346768871836
-0.22334137820083 -0.0367229054498166 0.186702067952863 -0.00585267652652636
-0.188606573962431 -0.225468646396696 0.0837575886895468 -0.00606347422979885
0.0918255241921472 -0.26892801736759 0.117420666083436 -0.0913556795904915
0.287971417373658 -0.0779174963082672 0.30534169183016 -0.0984724516847189
0.287730443220459 0.0699689738615952 0.527135794677928 0.0914631041032026
0.377917951737311 0.0330868536410381 0.281492128956606 -0.0216461003925841
0.337770363381097 -0.12843133190894 0.111646857887549 -0.0827566511059055
0.0990937229719453 -0.311627037136572 0.0395722482730737 0.027180725918665
-0.214801426341463 -0.27693671526741 0.0606122275167913 0.0611023750914194
-0.300165975195603 -0.0600408192264954 0.142991093596302 0.0495333841771368
-0.260031719650186 0.102540245240183 0.175659510635576 -0.0521273146458331
-0.166108260390663 0.23559524320032 0.149088133487918 -0.118816044412228
-0.127636200967443 0.261373173829201 0.130324969158842 -0.145122957134211
-0.166059040238411 0.266642192260233 0.132827362117937 -0.141548017091088
-0.302571294657576 0.146236295306894 0.155468386270847 -0.0761058721405894
-0.339421289143089 -0.0521682802987503 0.125628002549645 -0.00131790806348271
-0.302895517457602 -0.322249511668836 0.0506036175514079 -0.0218298001427075
0.0919957622088154 -0.423166844209028 0.0965524084774587 -0.1170103394503
0.422079363771123 -0.185452263754635 0.230831860318583 -0.107634444540699
0.478063545208588 0.0415613439404298 0.370212012472679 0.0515896501978135
0.48330861260611 0.0215778985988551 0.13204748145095 -0.0403277645982677
0.435065079114723 -0.197660612900147 0.0312388751605808 -0.0467375780330863
0.119860178554832 -0.419072966820657 0.0452620680811828 0.0313005836380292
-0.280315680079452 -0.358022735096035 0.0561065967459288 0.0306997048489257
-0.386016162378908 -0.0872030305128389 0.0758205454376564 0.0272484232946046
-0.337341544584504 0.113025480458826 0.0766184356155856 -0.0163078967640102
-0.222785854385283 0.273717632721921 0.0661709252862356 -0.0276478975799783
-0.164404565172579 0.30079200220744 0.0670653465909405 -0.0321288853092836
-0.200911912002663 0.303565712920933 0.0584816017582389 -0.0373378811697253
-0.356863545828636 0.167878018098746 0.0640358484332217 -0.00841486826722449
-0.402136496566376 -0.0561809449480741 0.0406639489973023 0.0113549077824338
-0.373862495087374 -0.361638965256743 0.0023471312839475 -0.0318749241741713
0.0685189426586209 -0.505640950134461 0.0613267676491518 -0.126460770948689
0.476765227919002 -0.261140101229927 0.134132247728315 -0.0909100965610792
0.583583499865593 0.00585893644865653 0.170635204303017 0.0252764016480259
0.520707958421249 0.00561162804783998 -0.0618460081780492 -0.0682759540982029
0.470490710854345 -0.242530176960745 -0.0870669645641448 -0.00014918295218748
0.119808373667221 -0.471739711194272 0.0310074287290641 0.0390771978421848
-0.308609994913459 -0.385881342229451 0.0357411015653266 -0.00322365709900021
-0.41396514074521 -0.0983483044489727 -0.0132091955640759 0.00207998301743494
-0.362284116639605 0.10994470530962 -0.0435152930973003 0.0246194423413808
-0.245132109801107 0.271895046497637 -0.0325837721120854 0.0702608636846058
-0.176273767967811 0.294023988720428 -0.00724926243491416 0.0848986564369088
-0.206024569978088 0.292531544366047 -0.0210872758768987 0.0715550665766245
-0.354988994034179 0.156787117872981 -0.0338221961213406 0.0636871678692793
-0.394985692703451 -0.0587629820524294 -0.0521233992719307 0.0278059200790656
-0.365463792556599 -0.344063541809889 -0.0493804742449162 -0.0387471918464623
0.0473818593515014 -0.490226063483196 0.0231583827330994 -0.121789804150676
0.451162913861138 -0.273445326113427 0.0385097363249608 -0.0533818402486755
0.586503679246817 -0.0261558294290191 -0.0352861278906192 0.0142156417945468
0.474182982240939 -0.0167427329385922 -0.268376949830018 -0.0985970466314952
0.421213875070053 -0.244154300677317 -0.219186923711699 0.0478971618232641
0.0957993279652986 -0.432628550657593 -0.00267069125251752 0.045868925356266
-0.27636459543432 -0.334826951414025 -0.000203283852976542 -0.0320522805673262
-0.360563450654021 -0.0896728974771147 -0.105506088362434 -0.0194038665034798
-0.321957984484345 0.0892876824406221 -0.161456944507803 0.0676873386430221
-0.225715042048171 0.228829255195691 -0.128690605987907 0.161042173633345
-0.16096294606821 0.244187755142983 -0.0800590184301747 0.189761325482687
-0.184601860437445 0.235624491166705 -0.0971071431506943 0.16562856511263
-0.301230903847617 0.115186697498996 -0.123057065305624 0.120168241494265
-0.319781979212316 -0.0646664785035798 -0.133793087815281 0.0343813905336632
-0.279197145806138 -0.278238744547233 -0.0879117645609368 -0.0482208145123049
0.0388809500948243 -0.382555092482437 -0.0045219464209079 -0.108534827003727
0.358920365804868 -0.221809736756399 -0.0340952068665231 -0.013232195524629
0.498515390920894 -0.0436170559182965 -0.212712678424244 0.0122986740556747
0.344320729314329 -0.0391537279083813 -0.449713965220304 -0.123593019521049
0.28576296620296 -0.194331727442842 -0.333967681986255 0.0865842511956735
0.0512764409865605 -0.299569995186563 -0.0463671183237322 0.0522762504158011
-0.185835384419638 -0.212725326469142 -0.036463672966067 -0.0442886289298046
-0.235908969281263 -0.0651647933999518 -0.174835503944142 -0.0311431957290059
-0.222075035985958 0.0520228569595739 -0.250215609449537 0.102834518974801
-0.166569969150479 0.147100394423869 -0.203572613192626 0.23031047881683
-0.121647263365935 0.155487294947905 -0.140996546149099 0.267493837329095
-0.137273300155534 0.145197339389313 -0.16052360230199 0.231235874186383
-0.208724358505665 0.0575211423864513 -0.195050898001622 0.147881007866724
-0.20172830409556 -0.0635350377474226 -0.191143875479057 0.0219966658128923
-0.151886244085003 -0.179880471008082 -0.104335830015686 -0.0644472113816379
0.0325606315674312 -0.227810710110159 -0.0169349253104963 -0.0928761239650113
0.227286666119564 -0.138692554402432 -0.0762090715501843 0.0172071163993612
0.34141640135075 -0.0508248511261974 -0.334348722468944 0.0138286916734535
0.151495622333721 -0.0544855031722468 -0.572829402910616 -0.136064780533641
0.0987632762337106 -0.109343351364001 -0.407874967004918 0.115962653661799
-0.00643274286230423 -0.116972363477099 -0.0874061297453071 0.0656981727659142
-0.0670621409149687 -0.0544424682828812 -0.0602548754549637 -0.033559542839602
-0.0735012302483754 -0.0313702652346689 -0.203673466087206 -0.0304867796308629
-0.086163975053894 0.00317304983876597 -0.28968686035201 0.124482215654247
-0.0806868053776842 0.0396600599227234 -0.241164471148202 0.265656236124892
-0.0629973858794734 0.042974844934341 -0.179117661607397 0.304474594496089
-0.0705694770230572 0.0369515755097548 -0.203409658808838 0.259198171300874
-0.0925773355712432 0.000674396403828289 -0.241622434633153 0.146135486614924
-0.072131403397093 -0.0458113867791285 -0.220372101684917 -0.00395480723338591
-0.0320486201906985 -0.0651547264819569 -0.100884117066518 -0.0824552780930155
0.0102459068962012 -0.0717705407538984 -0.0184472368997348 -0.0748221770135311
0.0757753235247766 -0.0607203396605586 -0.0917250090258177 0.0342673639216814
0.151368108838451 -0.0575640472328834 -0.389703998841047 0.0176087467598703
0.0533275481283063 0.0443884265365938 0.396739797935686 -0.0114730021534467
0.0759674749748857 0.0112077072543612 0.150906617980192 -0.115843196890445
0.0362493576107782 -0.0640129510717731 -0.0011868066485583 0.0419021158557362
-0.0515382194760115 -0.0645607843727866 0.0548726597639649 0.104765526084055
-0.0644924145858812 0.00622483478081563 0.207782885601844 0.0636687918108731
-0.0384343115993411 0.0439980059601941 0.273595573222477 -0.0966941801401111
-0.00360173382202659 0.0695404991494626 0.233312205217105 -0.224558640421055
-0.00664118365505589 0.0774738523457516 0.193525169733671 -0.280612740900882
-0.0196057667621144 0.077611908472552 0.221803026456573 -0.26114761104269
-0.0603725825255777 0.0468797544037794 0.258826561073603 -0.144965428981402
-0.0771997542614456 -0.00644111468017287 0.210429584667759 -0.00254574349467615
-0.0607705291467802 -0.0852903726909983 0.0957090784367173 0.00648127739953023
0.0593269489547533 -0.080252321137826 0.1215133704968 -0.0526533630240611
0.0987630010814215 0.0268767914067254 0.339779375925661 -0.0550851792873269
0.0502433387455796 0.0727614465968738 0.58006696030668 0.160217244765249
0.220753728519516 0.0491592175362956 0.369104696816642 -0.0102996900137744
0.210302006019297 -0.0464106952990419 0.145681983033478 -0.105381426178819
0.0756058042267822 -0.18253835923117 0.0140887168546998 0.0292311890982525
-0.125876385951967 -0.172678209274999 0.0461253067552332 0.0853804261473905
-0.182201227478859 -0.0323139287577759 0.176307063576403 0.0678565796236675
-0.154701463203031 0.0724284141330382 0.237146171935399 -0.0688428777778412
-0.0905374766166209 0.157434669739244 0.207087322507712 -0.177336476224562
-0.0775542887381985 0.179432814325224 0.17274938839494 -0.225519717111669
-0.10511535880835 0.181476955700447 0.187694740093951 -0.216955278788821
-0.20002900297888 0.096481324114687 0.220591874513378 -0.122445520955287
-0.222094083092316 -0.0442003212918973 0.180663554428036 -0.00950284226345927
-0.176948465059591 -0.225952471072147 0.0818626351297116 -0.0163520293035624
0.102856182661085 -0.263846865661409 0.125020747328705 -0.0856261394036526
0.290735207833557 -0.0685055457704088 0.306467002196104 -0.074574824060451
0.285129951293249 0.0721489280704642 0.505052251108769 0.122664097411192
0.367984831056521 0.0526240918910405 0.283852855468327 -0.0245186626613618
0.337739814204972 -0.107666969396635 0.106536602965318 -0.086749218806163
0.113452669771569 -0.299897548804206 0.0267994247120963 0.0242035876689697
-0.19572375261261 -0.275823540307826 0.0436673182073342 0.0607363361353908
-0.291141288947421 -0.0721353425282049 0.131486966984564 0.058932518744719
-0.260854531418762 0.0905495744952892 0.170609421942038 -0.0394745673812965
-0.171327653517367 0.224126473213485 0.150887815351818 -0.106301827219127
-0.136868666976207 0.255228389681343 0.128528391911791 -0.136359995201213
-0.170449246780603 0.259630771786709 0.128365576501018 -0.137539331229833
-0.305401202018313 0.139411033115856 0.149159650050853 -0.0769773591738535
-0.338460080839827 -0.0619309418553015 0.120035331368763 -0.0111863414164514
-0.287362990565129 -0.321954274216109 0.0497911741129184 -0.0389739446223242
0.106527748877634 -0.41643859086601 0.109073009905536 -0.114362122722396
0.425105852639293 -0.171854303913361 0.237374200232978 -0.0831788841650495
0.470374088359855 0.0490424935426625 0.35739429308363 0.0825248045715774
0.474395057177232 0.0489057133841728 0.140676269881584 -0.0543666144319619
0.436898576508165 -0.171300461963219 0.0250381995758004 -0.056673541162504
0.139070992797426 -0.404831804702813 0.0277432161431506 0.0271726402825463
-0.256726342382036 -0.357414856078758 0.0364974581422963 0.0306397390205877
-0.373171590100346 -0.101292385660936 0.0643694490361205 0.0383217780426849
-0.337555937074494 0.098801912689561 0.0727519733988963 -0.00522773861703442
-0.2295406408357 0.260434506219227 0.0670318456793394 -0.0168526668936084
-0.175993171269417 0.29265869475603 0.0654385850877822 -0.0260133015624827
-0.205428582242649 0.295432615386443 0.0531074443470876 -0.0363741450827762
-0.36048655148911 0.161190551259483 0.057615926550933 -0.0124865923509524
-0.40183245421228 -0.0662471554428882 0.0352917344953393 -0.00355783363938124
-0.356713625868941 -0.362916171411813 0.00259850542249558 -0.0543539757198352
0.0851500859031897 -0.498734938751891 0.0770602879997133 -0.127398765721582
0.479969794264694 -0.244489102952996 0.144268782323217 -0.0697140577808525
0.571669639838922 0.0162850804524496 0.168234024527976 0.0516390859549329
0.514601679897034 0.0380081339120897 -0.0469234646963675 -0.0920895662852983
0.477212692169292 -0.214433941354424 -0.0936815115848937 -0.0169024003946683
0.143367224506378 -0.457513358107065 0.0106916868970968 0.0337106174648263
-0.282415105928838 -0.384930208208418 0.0158880626969401 -0.00299775625579489
-0.39994132173314 -0.112192101255915 -0.022633616964706 0.0121012340184844
-0.361998878520686 0.0962642605488516 -0.0459386539481853 0.0324941288895825
-0.252594140224029 0.258568715659029 -0.0323864449447837 0.0774873652730508
-0.187186699785656 0.285752311058703 -0.00835661676601192 0.0872972171841665
-0.211080834482332 0.284616585148567 -0.0266062574197591 0.0688642881405079
-0.358377770770022 0.150563837460286 -0.0395075084640113 0.0566170882991046
-0.394001789878019 -0.0685989654072922 -0.0554607025104737 0.0104147613943819
-0.349668853081189 -0.343165640377003 -0.0476424915505562 -0.0625736603020534
0.0631646030205645 -0.482848935932449 0.0390113121776982 -0.124965763605175
0.453332284418305 -0.258292958477301 0.0491237534084484 -0.0382430932117362
0.573061417464802 -0.0141567372168576 -0.0290947018756473 0.031751945495366
0.471475921731278 0.0143363691824417 -0.249302502874588 -0.13010448612768
0.430602432427733 -0.217414635854682 -0.224525185401196 0.0261111257075433
0.11733252566911 -0.420101123220812 -0.0213636067569497 0.0399060961551244
-0.25363880816405 -0.333901114931918 -0.0152536596094747 -0.0321957780482926
-0.348895452630584 -0.100213536004055 -0.110788129026239 -0.0126314524627967
-0.320367915348541 0.0783672879781412 -0.161406192843351 0.0697058953121163
-0.231469218767346 0.21814248095114 -0.129047176291199 0.163990489097471
-0.170897121386388 0.23613966642721 -0.0814384546035278 0.187878884195687
-0.188527841414926 0.229591460945591 -0.101840239738256 0.160439522242943
-0.303362147114288 0.110666945419898 -0.126981763105042 0.110965750051207
-0.318781854703681 -0.0705628673506485 -0.134304568679951 0.0173457315912921
-0.268233466409973 -0.27686239596551 -0.0839438381985396 -0.0678530629655501
0.0499111163779321 -0.377452911998393 0.00894118731583507 -0.112208155724341
0.360348463307376 -0.208762845547569 -0.0257306142071063 -0.00449084018315291
0.486674890382463 -0.0321965372248996 -0.200743665845017 0.0191918814122243
0.344411226100522 -0.0138257816022049 -0.427843353963454 -0.157893382456064
0.295106455030692 -0.174396252204168 -0.335289289705274 0.0635657476877317
0.0667602410933894 -0.292418045083612 -0.0597268435405119 0.0463386556430039
-0.171277673657439 -0.212394426642624 -0.0446461441148386 -0.0451283194402488
-0.227953413200843 -0.0705751606937733 -0.174800367059536 -0.029180528973256
-0.220338155919645 0.0457422291276627 -0.248175391409774 0.099866113793784
-0.171371224129736 0.140677852117206 -0.204044291785005 0.227582293076196
-0.127807641214138 0.149974107313759 -0.141999584800031 0.261272300335636
-0.140094822814102 0.140739841743767 -0.163419434958646 0.224133942851881
-0.209480623096432 0.0553815800634126 -0.196084771008164 0.138512862348567
-0.200938680479539 -0.0666620121941492 -0.187912353754974 0.00885399151241275
-0.146987513071123 -0.178059586839789 -0.0973732581007413 -0.0775563024711218
0.037885038851951 -0.224569073003053 -0.00719734969871343 -0.0949289707232975
0.226631599061887 -0.13034609551328 -0.0708969745597685 0.0194551946065818
0.332384327510781 -0.0432021642513099 -0.319176961605383 0.0114538191416135
0.155637422028363 -0.0390525286097349 -0.551254540385722 -0.168878682509887
0.107175896320244 -0.100302354595514 -0.405178228063909 0.0956883392145736
0.000491674308779843 -0.114697562438345 -0.0934907753261374 0.0595695263088966
-0.0618552551907716 -0.0539419719114818 -0.0606090800148371 -0.0352705677394103
-0.0707739605324099 -0.0305489375909538 -0.199452282851963 -0.0336801104560227
-0.0841305875822896 0.00237066681395168 -0.286704526133206 0.116296990172938
-0.0835559612090297 0.0383801433612071 -0.242038347012231 0.257637182560821
-0.0656703156351889 0.0398006583223933 -0.179431377286936 0.295776757208689
-0.0720223067653771 0.0356402714915119 -0.203523724297293 0.251340127229654
-0.0922533461359424 0.00113911016928881 -0.239161581620551 0.138303831162377
-0.0717403211338273 -0.0452593749706713 -0.21448894140099 -0.0122918846148639
-0.0322251829898562 -0.0641291619377413 -0.0935471295235672 -0.0870586084122337
0.00987200581011706 -0.0715654826702668 -0.0132788113556322 -0.0754037933264564
0.0754559999750342 -0.0581216668402933 -0.0897328315566279 0.0322176564598516
0.145271563708281 -0.0525981491764708 -0.374373715421586 0.00680541043286294
0.0519872939087306 0.0450288442736503 0.394727839594048 -0.0101059382976776
0.0771040200455324 0.0123230738731726 0.150195408139434 -0.116061819153163
0.0362779175254796 -0.0633427315806162 0.000404420425732321 0.0428623887142375
-0.0517408350203392 -0.0652520837260206 0.0554617527450056 0.105661893474012
-0.0644352432074036 0.00561530730471472 0.208437523661236 0.0619812531070503
-0.0377776588726883 0.043697781841569 0.274994702572466 -0.0995565283337402
-0.00317084951332067 0.069503427643712 0.233924855189374 -0.226558491384886
-0.00590599070730847 0.0777980093291483 0.192800354049222 -0.282632693987611
-0.0194914254405135 0.078734001866383 0.221181197301868 -0.262514093129634
-0.0609406511085161 0.0474950658765127 0.260898430849244 -0.146386024382321
-0.0782506380452631 -0.00757199483636172 0.212013579873962 -0.00209322140356122
-0.0607643894588061 -0.085789172563182 0.0952619630386156 0.00757440959508784
0.0606021287769281 -0.0802348090229364 0.122092774543513 -0.050999442639989
0.0983347437164508 0.0282440330149765 0.342417215770588 -0.0539720720634433
0.0494065293307984 0.0742207577922407 0.578682361972706 0.16140633838997
0.217097766415823 0.0510765854771964 0.369076010261361 -0.00943224479969452
0.211101671520669 -0.0449814263740444 0.145486056037651 -0.10584623927806
0.0756270365188407 -0.180606584170023 0.0166523923641202 0.0300346390820455
-0.126394067414231 -0.172363166224767 0.0474793612131158 0.0854885282147225
-0.181991922155191 -0.0318893621320534 0.177982072186582 0.0657194836949723
-0.154886545048727 0.0734135494604111 0.238474752167029 -0.0716352241986089
-0.0906995095478595 0.157929276120134 0.208069036409048 -0.179458256278049
-0.0766429371205907 0.179399099113657 0.17296029717308 -0.226847582841998
-0.104586136805435 0.183155468184177 0.187555840228867 -0.217710159290245
-0.202434758057536 0.0985624507938076 0.222506282441913 -0.123932815851571
-0.223963818655983 -0.0452548029534388 0.182285376646347 -0.00926627246249517
-0.177899604383671 -0.225809066623353 0.0825399876300473 -0.0147700434447482
0.104183099451055 -0.264168378409401 0.125122427888802 -0.0840916303572983
0.291361235777034 -0.0667864794196333 0.30966060127342 -0.0737793579532759
0.283449414095034 0.0761451808381227 0.503247620555352 0.124584883530425
0.363187511232162 0.0554405382662217 0.285004337372325 -0.0248590609714839
0.338275558076921 -0.105924871287255 0.106687870682554 -0.0869568533740129
0.113375372690609 -0.29653001127225 0.0299843275456878 0.0251408040933121
-0.195592063483826 -0.274783961790838 0.0453914157562408 0.0601032728894859
-0.290576867507401 -0.0709297599266481 0.13371131546664 0.0560243208771101
-0.26313742364226 0.0922030211332864 0.171774409602082 -0.04062254205027
-0.171822398963235 0.224882009536697 0.151913164098637 -0.107615777585612
-0.136878510600727 0.255389407175665 0.129589609521404 -0.137037855091176
-0.169474319201796 0.260642325669573 0.12795563097556 -0.137890929045217
-0.308241120238041 0.141808117254749 0.150719026233743 -0.078366368170707
-0.340169605637266 -0.0630558779398888 0.119993856304204 -0.012032826341577
-0.288250970285704 -0.322256495195041 0.0511410087030021 -0.0376219731007708
0.108735146816651 -0.417176275184778 0.108035692424825 -0.113002650102362
0.427024061410819 -0.16898212616164 0.239466935892549 -0.0828150962682239
0.46909391193899 0.0537384315024836 0.35849344217979 0.0852323187856013
0.468499237315116 0.0519149154601577 0.142981280095039 -0.0554853284099864
0.438939031873012 -0.167928793228837 0.0258046429565232 -0.0575980193586745
0.138947599939923 -0.402121651752769 0.0305601697876208 0.0277634463766935
-0.255720777908186 -0.355436177242943 0.0385571593937533 0.0300581600828098
-0.374095572403246 -0.0993123600237674 0.0680271373836971 0.0344951069422524
-0.340537155006396 0.102086506339387 0.0728945883660042 -0.00650610678829432
-0.230415139943507 0.261491741914059 0.0678905958759606 -0.0176820495277282
-0.17554440455592 0.293206007616541 0.0672005188181538 -0.0266182385369511
-0.204336058597651 0.296653672207894 0.0527823288332797 -0.0362358854190813
-0.362992636475665 0.163688239328739 0.058749483871553 -0.0138556813417625
-0.404133289647092 -0.0673689650374174 0.0350024526893199 -0.00445967097433892
-0.357139087986856 -0.361211486725356 0.00447501113403605 -0.053498690414236
0.0873259218357252 -0.499062535045494 0.0748372968923467 -0.127213632294915
0.48320075718263 -0.242697945158522 0.145304142866719 -0.0688160740012296
0.568610869841474 0.02197887043684 0.169891632301279 0.0543770402879023
0.509147394247554 0.0402498714332396 -0.0433226534547015 -0.09436946645692
0.479955098282826 -0.213151633072706 -0.0930684904708403 -0.0180101992713267
0.143741210354917 -0.455044745926229 0.0128494676916228 0.0341237182580737
-0.282157813417792 -0.382855281264787 0.0180878519416009 -0.00373566177366062
-0.401340319961676 -0.109364314685176 -0.0184972785881175 0.00847494686462459
-0.365098685252088 0.0991540567451033 -0.0459328584094811 0.032000903466131
-0.254155177623738 0.259741671329195 -0.0313763830533064 0.0775455613453981
-0.188204161190289 0.285303434352527 -0.00585943024267177 0.0874045183521144
-0.210578766527127 0.284099215642561 -0.0265783906584112 0.0698461036978757
-0.360607518165907 0.153304106750079 -0.0383848377988291 0.0553440165085599
-0.395594492797489 -0.0694241201571541 -0.0568157282211423 0.00873491780554054
-0.351129371043103 -0.341590122120504 -0.045306761689281 -0.0619116309040738
0.0641729962986294 -0.483661929428235 0.0368394894359565 -0.125332302061591
0.4565970214396 -0.255453328561953 0.0496638952117137 -0.0378592012612337
0.571638486790291 -0.00906207548714935 -0.0277398060949824 0.0344803420337104
0.467906471199446 0.0163515060123991 -0.244718738847076 -0.133117168540572
0.43299194153663 -0.216384639935295 -0.223561748714451 0.024485231251949
0.117777610189313 -0.418775444110164 -0.0199525553353065 0.0395395751926838
-0.253563465834852 -0.33287916869206 -0.0132106906749712 -0.0335851081850607
-0.350736361241374 -0.0979009394680895 -0.107534023262507 -0.0155480671396364
-0.323334286596316 0.0811829199150106 -0.162800082697868 0.0701464351871739
-0.232998693070564 0.220370877784448 -0.128471883807043 0.164822999430229
-0.171300304433562 0.236379527948704 -0.0786182075227215 0.188740837289427
-0.187919228412808 0.22890322078359 -0.101185024429418 0.161731550780883
-0.304563033940963 0.112705628566754 -0.127195692161121 0.11093796255136
-0.319894630882192 -0.0704695003908528 -0.136209718084388 0.0159235891310045
-0.269609046665258 -0.274350002414083 -0.0815406501957118 -0.0685905682998296
0.0498692000439766 -0.37698128536191 0.00656733903131864 -0.113212253340753
0.362698513593059 -0.208162970162414 -0.0264833807912433 -0.00443935655468266
0.484644557490958 -0.0293237964914066 -0.198749920830775 0.0225254612372736
0.342385441926222 -0.0120222972477347 -0.424101120909344 -0.162060031499992
0.296914091767883 -0.174150188517534 -0.335008167855313 0.0627290179453072
0.0668206071360428 -0.291692349049711 -0.0597751363061906 0.0460002920274616
-0.170294359650643 -0.211293463187927 -0.0431318945135165 -0.0462529490403444
-0.229316956393817 -0.0682425972937016 -0.172373596073968 -0.0305835978698905
-0.222456720454588 0.0479683964449933 -0.250041013574007 0.100851589842775
-0.172232157080462 0.142600418029376 -0.203413630819614 0.229506299031793
-0.128307298697108 0.149255614648868 -0.139079532476386 0.262304631518573
-0.139718415384283 0.139269503070024 -0.162925796550719 0.225670366501076
-0.209230211695818 0.0566936287307886 -0.196332076403186 0.138812465956554
-0.200649681989451 -0.0656443368801483 -0.189601215637696 0.00729306425686975
-0.147657414069806 -0.175492453311805 -0.0960421520551341 -0.077862380529394
0.036527535975046 -0.223884263305 -0.00897567375808089 -0.096288577485187
0.228285652132097 -0.130081059363279 -0.0717597856630016 0.0199010821282067
0.330337685376169 -0.041412977276529 -0.316818359841607 0.0145726993737381
0.155588526483734 -0.0387033641539709 -0.545638013123931 -0.172282893310784
0.107152015867262 -0.10026151542869 -0.40490445850594 0.093825060888485
0.000669546379407629 -0.11505898937396 -0.0949568304431901 0.0594369493528723
-0.0608874483837942 -0.0530239465935941 -0.0599209004647265 -0.0361317033423539
-0.0715520375056226 -0.0296850056313813 -0.198902255609266 -0.0343508365281838
-0.0850270648412035 0.00382276274158302 -0.288074105743093 0.118416458880518
-0.0839504468475264 0.0389984166715121 -0.241703097580885 0.260372504959859
-0.0659073166626719 0.0391872026830469 -0.177715260060023 0.297864243999932
-0.0721190540670504 0.0338718072228272 -0.202313187656619 0.253113196380595
-0.0915622889960958 0.00107441454624368 -0.239914148582153 0.139568375422581
-0.0712095196467483 -0.0441526558053978 -0.216427453849535 -0.0127585757607575
-0.0324132878880292 -0.0624410266138085 -0.0926159675473406 -0.087645411467119
0.00850517886057993 -0.0708625643731383 -0.0136858144517628 -0.0765911433002175
0.0762013340626014 -0.0589330222204052 -0.0911144786631288 0.0322493107621912
0.144774716674114 -0.0526100834283077 -0.372505285681076 0.00954205281101307
0.0520022838380329 0.0473781943416545 0.404551929573968 -0.00980333898303884
0.0801539622851266 0.0129579466301102 0.152675636523122 -0.119682216547032
0.037519534924585 -0.0647148358279397 0.00231715346138563 0.0445878625977661
-0.0543010169247125 -0.0676369116646213 0.0580760398102841 0.109135754490594
-0.0657337185995648 0.00507018368218866 0.214845455352897 0.0620553113628688
-0.0389394544159214 0.044671815136846 0.283372956859073 -0.10543577837401
-0.00282009815178426 0.0709255146195314 0.239764133266388 -0.2362836015373
-0.00509343134909201 0.0804668496134943 0.195895552089577 -0.292655882915699
-0.0193328675875943 0.0827860222573704 0.225770022587151 -0.271199685724097
-0.064096621462906 0.0502455618354348 0.26899964443262 -0.152772427489857
-0.0819520768217199 -0.00858435726499751 0.219165582436448 -0.00134279643827451
-0.0627102229092933 -0.0882381684829462 0.0977985671931919 0.00906374355671588
0.0627976040207773 -0.0824902206162049 0.125991917071486 -0.0506860315053454
0.100783999644658 0.0299033216111662 0.354139260547776 -0.0550750449925993
0.0503019772995087 0.0773190603995749 0.594188979809108 0.164760959732518
0.219948817921902 0.0539236190695804 0.377170946380654 -0.00935352357853093
0.218323425669663 -0.0458372586929847 0.148472425080216 -0.108999442005543
0.0770646678824135 -0.183400725918111 0.0198984443070915 0.0310780488869522
-0.130476706076587 -0.175723501800686 0.0496473538780991 0.0876977252526141
-0.186695431210673 -0.0320501845569161 0.185161235500661 0.0645250374720676
-0.159815617082124 0.0761941592531308 0.245489134740202 -0.0762031743367003
-0.0927219758249572 0.162995367391357 0.214108889726691 -0.187310722284306
-0.0771870732223809 0.184796926136002 0.177432091120061 -0.235289958058627
-0.106200725485982 0.189459618437667 0.19101378117752 -0.224744321574158
-0.209272473063192 0.104259923252237 0.229654233252191 -0.129550927158209
-0.23166074271758 -0.0468483564213172 0.18785981873237 -0.00992676476385615
-0.183475825431315 -0.231836069652285 0.0853986100462362 -0.0142743625150437
0.108218921355496 -0.271894677512065 0.12800401688746 -0.0847558411661443
0.300575335194831 -0.0672126833803071 0.320129341251822 -0.0750638230306419
0.289988499866125 0.080464645390559 0.516517037590549 0.127441454984235
0.368516790513567 0.0595325456595483 0.292927220169793 -0.0260634635275346
0.348523214996341 -0.107701237277798 0.109135171548843 -0.0894524721746063
0.115088267589709 -0.301340858575779 0.0338938379754721 0.0257889768039293
-0.201553880906582 -0.279916406855862 0.0480350769700208 0.0614935039771939
-0.298819074890431 -0.0712667748442974 0.140046972554858 0.0539687833376044
-0.27070749092166 0.0973715611056419 0.176452287851703 -0.0447680155424962
-0.176510499645616 0.232161053018703 0.155995779598752 -0.112492444335808
-0.139730788380438 0.262921491403637 0.134168939469183 -0.142593093165962
-0.172639054520044 0.268997175275902 0.13071126948905 -0.142121057496744
-0.318376697020728 0.149554067304343 0.155602405384425 -0.0826133064703107
-0.352089415827116 -0.0654235118786269 0.123828806075885 -0.0128664727134152
-0.297783134408 -0.329625403150247 0.054136208570673 -0.0377775723645718
0.11277765015293 -0.428936181607058 0.109747583448261 -0.114433786430481
0.441782485789774 -0.172529488434907 0.247576410705122 -0.0843664252749213
0.479330592863649 0.0590727066331296 0.367673454907675 0.0889567329741326
0.475835294456871 0.0566269041334637 0.149403935167717 -0.058517938609037
0.452025567182602 -0.171523402393011 0.0266071042132132 -0.0595340840831254
0.14184166227064 -0.408132714747716 0.035152146482724 0.028571815251802
-0.262917437301704 -0.362445893619619 0.0412372754964426 0.0299713347375662
-0.384159476663431 -0.100026304372623 0.0733537877349001 0.0314338001729885
-0.35081149655523 0.108293609486253 0.0749454838033947 -0.00783060907062512
-0.236824488486401 0.270555580391767 0.0708809654968053 -0.0193903194626997
-0.178580199074182 0.30166993260447 0.0710616713502027 -0.0288254884706358
-0.208599482685973 0.305461483931326 0.0544380125110996 -0.0368591129891976
-0.375145064872158 0.172374029914729 0.0611616161558841 -0.0158232013585681
-0.41744093246267 -0.0691913088403058 0.0351802510757147 -0.00570219144888652
-0.370295522481383 -0.369292508923424 0.00716456889933872 -0.054569730633607
0.0899816063884935 -0.513988482438317 0.0748683268262448 -0.130376862577812
0.499261384472939 -0.247476111980012 0.150629102795029 -0.0709088521246897
0.581986268820753 0.0265323801924076 0.175043057660691 0.0582766233107704
0.516945927907784 0.0431767395522461 -0.0409706881732052 -0.0993992564966913
0.49457463252738 -0.217354319732693 -0.0950369241152896 -0.0194068657051538
0.146643256387213 -0.464156211924241 0.0162342602629351 0.0347564121161742
-0.290547097341098 -0.390919273224849 0.0204238068015289 -0.00520916124328961
-0.412325306475752 -0.109347354967561 -0.0154310879192105 0.0043140848731749
-0.376307166652582 0.106199607137036 -0.0477344431676811 0.0327032000094517
-0.26088895695726 0.269858481928605 -0.0309719687481216 0.0796929100925063
-0.191716089954295 0.294105973716517 -0.00337818913712474 0.0891007509652348
-0.21489527987293 0.292340323698821 -0.0270011458195228 0.072533723420824
-0.370953316621922 0.161623854225109 -0.0388540751135769 0.055562912020598
-0.408828626531281 -0.0701493236691859 -0.0590959096005122 0.00811819721382158
-0.362305521994606 -0.348080758351621 -0.0442501323891525 -0.0635285169725015
0.0653507574038947 -0.49660863506968 0.0353420406770162 -0.128739117093075
0.471031656902521 -0.262777792526776 0.051679602090772 -0.0386080758844816
0.583426286982402 -0.00517747229231997 -0.0262978082820534 0.0386874182012259
0.475711100701876 0.0191983352652462 -0.246506260940188 -0.140450813129613
0.445580174390721 -0.221152950094274 -0.22878835389798 0.0249756158788655
0.120334766558533 -0.427908318588065 -0.0191205206195833 0.040674882122487
-0.259866721030089 -0.339558288645622 -0.0121903655649931 -0.0355740880436775
-0.360721330931395 -0.0978313034310242 -0.107194529691819 -0.0190309686858226
-0.333979251564476 0.0882933020966081 -0.168087674984949 0.0737178052148354
-0.239739276321245 0.229732802674213 -0.130350901002254 0.171058324941763
-0.175129127326453 0.242649683798231 -0.0783377350757801 0.193927431232088
-0.191350231325631 0.234633890181098 -0.102593944851107 0.167906200457189
-0.31286825033368 0.119141327669023 -0.130159187966721 0.113938792855293
-0.329526565457104 -0.0704789641529186 -0.141175796973673 0.0154627303426029
-0.278726814192238 -0.277799151671043 -0.0818569182220975 -0.0705379648012108
0.0499987852343742 -0.386282502884885 0.00421762421516958 -0.11728223491671
0.374774855235045 -0.213403914503415 -0.0274242238159105 -0.0041745250887888
0.494592349967011 -0.0269249493528031 -0.20173188787867 0.0270865686715043
0.349680918501528 -0.0112729043594856 -0.431175457803738 -0.170991883725802
0.305828822753326 -0.178961578526342 -0.342976160764544 0.0630545862277056
0.0678344433992148 -0.298965184639472 -0.0609461313155649 0.0477923017296132
-0.175007417990879 -0.215014278881568 -0.0435057885864933 -0.0490596508384606
-0.236808040109218 -0.0683860221748227 -0.174942851232761 -0.0339521514494331
-0.229294360079158 0.0527781673863861 -0.257176608577822 0.106758801429689
-0.176899717560353 0.148601256655941 -0.207028133962499 0.238681930700476
-0.131620894394205 0.153939042169241 -0.139967943695481 0.271656652261127
-0.142343247824864 0.142155821168664 -0.165688151652184 0.234136012451561
-0.214217280846745 0.0599739101474187 -0.201460898396632 0.144197953112079
-0.206565978034797 -0.0656457412111884 -0.195955766040166 0.00735071367189631
-0.152523975612801 -0.177388482481451 -0.0971208286076697 -0.0804255936862973
0.036107209323192 -0.228720301924095 -0.011036627069418 -0.0999084147603505
0.235094154252103 -0.134451296507271 -0.0744295444003735 0.0211854093028658
0.338055759904061 -0.0417983316387763 -0.323459236472058 0.0194577977500306
0.159656864680663 -0.0393123943797109 -0.557914392402044 -0.180886376308262
0.1105776420458 -0.102607682532757 -0.414935870271617 0.0952121787985496
-7.91422764799907E-05 -0.117888512259474 -0.098620065740512 0.0615202098560614
-0.0615803080206508 -0.0541456988498972 -0.0612006534727592 -0.0379355122128241
-0.0742528929430208 -0.029211384646178 -0.203137471079759 -0.0355393688870414
-0.0883016012948599 0.00516078780191389 -0.296795185789135 0.125154612597861
-0.0862991053759039 0.0413541608332598 -0.24705080045228 0.270808812149961
-0.0678516584059732 0.0400705641112841 -0.179616954087782 0.307520607701178
-0.0736538079615501 0.0335232273645848 -0.205883463362213 0.261386108454768
-0.0927942707203355 0.0012246207674082 -0.246542508531657 0.145159041878616
-0.0723611184955814 -0.0441037919507962 -0.222515808962464 -0.0126454542676916
-0.0339849171403685 -0.0620080584038973 -0.094145557130124 -0.0904703834433365
0.00747417322683577 -0.0720587634786923 -0.0154361062452275 -0.0797855347375344
0.0784163404473999 -0.0617219142091349 -0.0947114031247346 0.034364214501175
0.147656171028514 -0.0547401561263143 -0.380549403385937 0.0147095267497739
0.0542875995573176 0.0497554745057912 0.420659180459408 -0.0179350895090296
0.0849634478073057 0.0122069316137745 0.156078095412895 -0.128274619469281
0.0379015512927182 -0.067833790018198 0.00597684352909561 0.046348703662913
-0.0593038900224727 -0.0697665862017647 0.064130208856748 0.112245010421722
-0.0684520452365124 0.00647077303279771 0.225898674222349 0.0577868661089954
-0.03928170617663 0.0467488595747432 0.293480415677475 -0.120144979769723
-0.00108799846305028 0.0734225396347223 0.243985002968334 -0.255031131102824
-0.00244707022394866 0.0843547001271817 0.196053268019343 -0.311280667251707
-0.0174430658299201 0.0882433353110985 0.228133415443055 -0.290637366802322
-0.0663495559692206 0.05484875369273 0.278522915981587 -0.167998169652296
-0.0871436453905675 -0.00789568934240592 0.230043507943897 -0.00580824610247052
-0.0682578984845045 -0.0910781670286919 0.102232136140353 0.00861009352082984
0.0647761527450081 -0.0876902553516048 0.131704666016637 -0.0537696630710957
0.106497874678903 0.0300097236313481 0.370315337956046 -0.0654901523183962
0.0535747857355985 0.079897265214432 0.620086497026247 0.159794351456165
0.22799121194805 0.0537625623681303 0.394222608613511 -0.0180641562045217
0.226909691707879 -0.0512915093956517 0.152223679041715 -0.116948898728319
0.0763308517524386 -0.19096234268494 0.0245079100035231 0.0317867799541145
-0.140601708456968 -0.18051914860296 0.0552639913162813 0.0903520187934978
-0.195338222263279 -0.029179986384311 0.195273408206194 0.0606342465990586
-0.165286075736529 0.08415012849442 0.254623782561178 -0.0881208324791613
-0.0930044006851994 0.171848549641973 0.218895675619008 -0.203095712548939
-0.07559229566997 0.19559073262938 0.178828996159272 -0.251218042127374
-0.105533634377586 0.201939328192684 0.193545742348758 -0.240600330029052
-0.217303608321722 0.115969731665401 0.237866982138394 -0.142844975909449
-0.245297341812604 -0.0445341683133707 0.197249943936973 -0.0144013343168987
-0.19830783222067 -0.237443060056726 0.0898361638916496 -0.0156146871748587
0.107732410886917 -0.286727631885563 0.131852539570649 -0.0896088899582376
0.313898737501153 -0.075849440339387 0.334238988506409 -0.0849040142297276
0.302829026765134 0.0799920154934226 0.539292841956656 0.12311964116873
0.380981926562231 0.0569214157183243 0.306212676277919 -0.0337791663049064
0.362367997366752 -0.119134123688133 0.112216028531231 -0.0960898433345583
0.11350802558732 -0.313205210088553 0.039403311173223 0.0256350689171592
-0.216965655544124 -0.285533640192532 0.0526965551005462 0.0620984486860305
-0.313445279061701 -0.066365083534327 0.148987688478774 0.0499184085791338
-0.281115706110065 0.110519059287686 0.18387831200797 -0.0527496239575046
-0.178913643257312 0.247996940239505 0.160144037676803 -0.12311540095063
-0.137818687606153 0.278303262829597 0.137061476003923 -0.15449808197528
-0.172725414986393 0.286094558418944 0.133353613493014 -0.151995379379712
-0.32984425887806 0.167005726548552 0.161830898990315 -0.0916191556708918
-0.372014250972101 -0.0612719352592577 0.129491630017517 -0.0165101084372733
-0.320148380195526 -0.337030716633965 0.0579253901348949 -0.0405325327945418
0.109063800415265 -0.450834277484113 0.11135010489262 -0.120824183314089
0.459569552326154 -0.188393650116086 0.258894908563451 -0.0929677424612358
0.50006246901613 0.0543134113692399 0.385720393361547 0.0865880480691927
0.495046796277126 0.0536507165073663 0.156962643702391 -0.0660894752590377
0.469710852730895 -0.188481617640319 0.0265567905316997 -0.0631955406596588
0.138897455190957 -0.425387250813004 0.0403156058887537 0.0285293032193836
-0.283181414987715 -0.370471995058741 0.0454154137082122 0.0291472145811822
-0.404262990808326 -0.0941515859671336 0.080002892879249 0.0269789950092672
-0.365093737152469 0.124796244870438 0.0784319058417275 -0.0110408760599505
-0.240878216266785 0.290629475194192 0.0735628214557354 -0.0232401286224975
-0.178635278076333 0.319081265310646 0.0750779375166444 -0.0335765952607575
-0.209601879920621 0.324438801456672 0.0565736649371647 -0.0397696815627477
-0.388031713349772 0.191730921499857 0.0645786217326062 -0.0196499388039318
-0.439752693904471 -0.0631806117153187 0.0364221351300742 -0.00686332746717766
-0.395449974432155 -0.373365404014274 0.00818213540417053 -0.0575675498632859
0.0823617501263949 -0.538304234554444 0.0735359402461916 -0.136694158368827
0.518509712486981 -0.268281763983836 0.156492031086073 -0.076598213236686
0.607360333511272 0.0196967731297253 0.18531916414293 0.0588437318605606
0.538150845549632 0.0390413530555251 -0.0415761236522955 -0.106157446220308
0.513828465060108 -0.236827658299745 -0.0992442939783064 -0.019132818833769
0.1421776412838 -0.483908261861526 0.0205043572977274 0.0357509782569643
-0.312903167521485 -0.399783448505527 0.0227701280660817 -0.00755904666685798
-0.433621878277868 -0.102543338654632 -0.0126036771933121 0.000716901717376484
-0.392179972185147 0.124213793241372 -0.0489401776434321 0.0353100347345112
-0.265725600880376 0.291443332373922 -0.0300482847040197 0.08426038679023
-0.192594294765259 0.312360013728206 0.000993555374457564 0.0912590510602576
-0.215752030689972 0.310137334714627 -0.0255773528094756 0.0771707746560932
-0.384964480588131 0.180410636759612 -0.0389259869656749 0.0583585401154645
-0.43036071593964 -0.0635565904190495 -0.0630055962748764 0.00937170826030022
-0.387926052649022 -0.352152153673463 -0.0455147821156029 -0.066178563237409
0.0584781389514871 -0.51887538711499 0.031056284123909 -0.135114581034371
0.488386250458357 -0.284012269346822 0.052944119557106 -0.041376050742466
0.608414636454013 -0.0149715632964012 -0.0248969114131884 0.0441562172394208
0.495186966227802 0.0124567176509928 -0.257562512342886 -0.145486245922406
0.463259025438995 -0.23981409455851 -0.238000348743791 0.0297581662056086
0.11613192927187 -0.446524907603899 -0.0176165460368694 0.0426107784028894
-0.278529897720606 -0.347476273245127 -0.0124825045059049 -0.0382130957186471
-0.380004417791592 -0.091609080153946 -0.109040580030373 -0.0214219259918532
-0.347974888062053 0.104260250754183 -0.174157695850813 0.0824166134621453
-0.244116722617784 0.248156439482508 -0.131263983518559 0.1830915298
-0.176550693492384 0.258511631033555 -0.0734278091125726 0.203558413509723
-0.193564251213886 0.248598326650823 -0.102715439802807 0.177932023967628
-0.324386027864648 0.133279129295645 -0.133092919314587 0.121580068121213
-0.346416833774929 -0.0660544956175887 -0.148742832356518 0.0190028690724609
-0.298270143383613 -0.280029637591805 -0.0847865737527573 -0.0732850494551858
0.0424916562103299 -0.404739765523757 -0.000696244935361131 -0.122152754074363
0.387519904285989 -0.231350013699416 -0.0288946325445841 -0.00339656279624469
0.514114538474575 -0.0361931296881114 -0.207047409779647 0.0362841822718483
0.363274537144922 -0.0180413244904795 -0.450803708140022 -0.173278559656685
0.316894574392328 -0.193526955289167 -0.356627160943229 0.0727548179396589
0.0640159376717266 -0.312494010884334 -0.0626344586720906 0.0508438456797764
-0.186545470152341 -0.220473008628554 -0.04596844885661 -0.0510765558647953
-0.248845347624101 -0.0640898740138282 -0.18167214909802 -0.0340188586909449
-0.238988903921476 0.06375238803287 -0.267242798483221 0.119965638143745
-0.180778982687596 0.162066843843593 -0.210079597760985 0.256702467347916
-0.133335534771775 0.164179427311753 -0.136462938630009 0.285862181946333
-0.144585475779409 0.150555883441293 -0.165668047535517 0.249356641638921
-0.221975347826644 0.0686157201970505 -0.207768519183126 0.156096192068539
-0.217597456662677 -0.0631459669291131 -0.206175934897881 0.0125737881177659
-0.163575276139792 -0.178683400652282 -0.101969376591208 -0.0832806929818957
0.0313163408311879 -0.238820442180556 -0.0159597656060728 -0.10499888213885
0.242995623708866 -0.14636511385849 -0.0780139240307162 0.0242895862415698
0.350049964316207 -0.0495016127959071 -0.333269454883865 0.0313634337742929
0.165706453136899 -0.0446653751112456 -0.583613741638141 -0.18123349783107
0.113894274469883 -0.110235722067571 -0.430416131013496 0.107532290468114
-0.00298277262051863 -0.12322183956652 -0.103310229725645 0.0665376604249489
-0.0645698675271459 -0.0543222355519062 -0.0647081719296241 -0.0392560449713145
-0.078325254108333 -0.0275972137836136 -0.212221667989953 -0.0338767384753894
-0.0920137674620417 0.00894226045380355 -0.307654658244021 0.140122070805262
-0.0885179847780216 0.0466606169466863 -0.249632551285092 0.292237647152319
-0.0704095666187918 0.0431092048963365 -0.176850693544684 0.3262109513626
-0.0762972153162854 0.0354478247317691 -0.207458204201666 0.278462754402283
-0.0960163567387244 0.00298921737488638 -0.254726454259543 0.158655167401056
-0.0759131243392177 -0.0430624918033513 -0.234255910563551 -0.0079445998065819
-0.0362294353678377 -0.0621545498343134 -0.0995502569678235 -0.0931808991232789
0.00446399638279621 -0.0746144353196571 -0.0195397401720531 -0.0844130050343992
0.0810602066680806 -0.0676012730775318 -0.0990069855971999 0.0385735131932998
0.151991650978757 -0.0599125235233379 -0.393797867639454 0.0275823944939631
0.0582782737290306 0.0495987780212322 0.434885302969568 -0.0385382242408349
0.0897079478947123 0.00854730313939008 0.153918787269394 -0.141571105739139
0.0365273002489018 -0.0717884661278742 0.0107456213832392 0.0479060484202715
-0.0665458712983715 -0.0695530943382806 0.0735642432833789 0.113003716609196
-0.0711002212859184 0.0095093593653724 0.23725749840088 0.0468771694007938
-0.0382149535115039 0.0503176716095141 0.297396594991347 -0.143500273218844
0.003108518791164 0.075650419347934 0.237582135509803 -0.28101458148714
0.00286402788700713 0.0877296641881242 0.184763722499277 -0.334398619898885
-0.0120493551472471 0.0938012078954343 0.220003823321003 -0.315387634974397
-0.0664955069375198 0.0623271769508476 0.280785186071164 -0.191367800638498
-0.0928141182104199 -0.00409710166803298 0.240888266618624 -0.0181361917903442
-0.0763733678134513 -0.0910995440290032 0.106609793857063 0.0048309511441276
0.0640522514069518 -0.0951409793038447 0.135518467545196 -0.0612524070603939
0.112257687225193 0.0268826716746264 0.383829043232621 -0.0883720071467381
0.0587907376879018 0.0809987191857814 0.649180524215882 0.132717185989897
0.236931326141244 0.046954879880184 0.407742195642325 -0.0380182608095561
0.233738111620654 -0.0651052271981951 0.150809143393399 -0.128518609714236
0.0697007214563484 -0.199069843342578 0.0298212652190186 0.0314935427547071
-0.156558025298802 -0.178785914787784 0.0630155226333018 0.0896042244386874
-0.20512092908337 -0.0201163765579623 0.206417290523872 0.0498869606778821
-0.167705756067792 0.0970595628803096 0.25984008063324 -0.107705045111853
-0.0872054668747612 0.184233088237643 0.213983031063346 -0.224582755714173
-0.0664590029289851 0.207266739972369 0.170164938290249 -0.272638657850932
-0.0966128944510742 0.216726399203776 0.186685928708081 -0.260922048295359
-0.220113713486036 0.1344337818572 0.240064886134014 -0.16306785021889
-0.259837939412246 -0.0341960677922424 0.205369111641133 -0.0254347005669105
-0.219401327583942 -0.23518461963579 0.0937122074340701 -0.020302306814744
0.0982729038895192 -0.304126799831702 0.132790664018985 -0.0980560023516916
0.32348424104427 -0.0945185385574965 0.344961066341689 -0.106352594916274
0.318543266582074 0.0697399358563737 0.564659062681952 0.0989498110845128
0.395111098018518 0.0436997370645501 0.316672525485578 -0.0517409224035388
0.370984508273829 -0.141399098159436 0.111378119801603 -0.10573355468966
0.102944383071899 -0.327412326529217 0.0455840260699113 0.0240039300264411
-0.240337984142927 -0.283306972931452 0.0596019130542179 0.0610927966470168
-0.328466849170596 -0.0518277638688904 0.1596224997067 0.0399721846159434
-0.286626567769393 0.131918423052722 0.188044290494993 -0.0665423173454195
-0.171763662239286 0.268893189380139 0.15946146851868 -0.138165349688437
-0.126845276895683 0.296939161939483 0.133576183102367 -0.169459371451496
-0.162219805068387 0.306738868374833 0.129588120144061 -0.16521501218395
-0.334633026641505 0.193628995331907 0.164058131736603 -0.106010788672277
-0.392401489961516 -0.0444929554261499 0.13451763673913 -0.0238598510319052
-0.35080059093534 -0.331316434946737 0.0598023496449154 -0.0451230327390925
0.0901765931022181 -0.475591693738067 0.108746192036107 -0.12953408041523
0.469655947804559 -0.218811916263558 0.265047531567741 -0.110824502546893
0.520075175361489 0.034452880435675 0.404846172764496 0.0718599788181725
0.511773108084474 0.0340878120085686 0.160746232343143 -0.0794389926915903
0.480313565330816 -0.219883360867504 0.0245689151390637 -0.067650710452249
0.122553452552534 -0.444352602422059 0.0460939481750185 0.0261773890670736
-0.313031800751135 -0.367751718224699 0.050223228702483 0.0265195192179061
-0.424055236208153 -0.0738294276814731 0.0872126270274395 0.0188991579319203
-0.372996804723047 0.15263688729692 0.0806884227655692 -0.017091659287961
-0.233835819616373 0.31768024688237 0.0750258196349343 -0.0289273589759426
-0.167752729424587 0.341687540359208 0.0765608286113938 -0.0411097236246865
-0.198686564284662 0.347782755469548 0.0560624297555098 -0.0441537293306138
-0.393308953014805 0.223763711445781 0.0663147919707332 -0.0256147348035956
-0.463050302998181 -0.0431058068742133 0.0375846040121812 -0.00941351621921717
-0.432281746040896 -0.366766555514283 0.00799999645084667 -0.0609555682482182
0.0588950513765118 -0.564141269147887 0.0681886805980676 -0.144739122788294
0.527246253984931 -0.306434546260409 0.159720367310058 -0.0878757537363573
0.629064406995274 -0.00747134846074347 0.197011646929432 0.0536905728495445
0.557214512807394 0.0167011065117581 -0.0467704608413054 -0.111870781915353
0.52232371933065 -0.273384638202442 -0.103308420369335 -0.0153014616464585
0.124021300320948 -0.506249068904818 0.0250612641836342 0.0345773180839383
-0.344724628519395 -0.398033433789294 0.0241792253410121 -0.0100665390648468
-0.456352015916939 -0.0822339582060337 -0.00989067177222976 -0.00415713674419234
-0.40044056850098 0.154082299067961 -0.0494973576176846 0.038731274924095
-0.259446974574075 0.320404024654312 -0.0261645585547978 0.0889957237906981
-0.181655311947075 0.334939849372971 0.00730436356446721 0.0931464287357419
-0.206215280981104 0.332963891535404 -0.0223670062331668 0.081637792082434
-0.389623313842765 0.210187865062719 -0.037722700899975 0.0617395324404006
-0.452952163010683 -0.0433391470545649 -0.0659152398096884 0.012839935696755
-0.42231091735998 -0.341830464425714 -0.0487560961973302 -0.0682960420968457
0.032863161899183 -0.542214231335252 0.0228595973269567 -0.141810560683956
0.496004225915921 -0.319803092983597 0.0531892009615711 -0.045928826337929
0.628554031679837 -0.0427170635796057 -0.0205073697536788 0.0495576774985502
0.513160368644296 -0.0101223161376565 -0.272362076538276 -0.142623578025701
0.470287106166708 -0.274088628488564 -0.244844245818841 0.0422872194960803
0.0971650104933057 -0.467680499958534 -0.0149314945728017 0.0445922204898278
-0.308421823996319 -0.34437396650612 -0.0136874357687444 -0.0403937406342768
-0.399586624343641 -0.072564041888089 -0.112044831878937 -0.0216060272490483
-0.356830613662355 0.130565579936902 -0.176234573346701 0.0955907381980949
-0.23880054959575 0.274041389125965 -0.124843845062083 0.198568196510004
-0.168596676458339 0.277793251932937 -0.0633872053244029 0.21401136979382
-0.186526105028832 0.267212678787434 -0.0965294109677276 0.191220900011638
-0.328616353198826 0.157703888187221 -0.132011128441047 0.133429429310481
-0.364673891598458 -0.0497745186173471 -0.154963339838355 0.0273809436854565
-0.324305566521754 -0.271964705948111 -0.0906842415026262 -0.0730690354439583
0.0225424251080878 -0.421138961425488 -0.0102804503819156 -0.127302183871134
0.392231283569621 -0.26124868772527 -0.0305871387110361 -0.00151969886366382
0.530035048838266 -0.0608025481116199 -0.208869405457215 0.0512559005877891
0.375121009303575 -0.0353890715934731 -0.473493677971759 -0.161459813270013
0.321581991184247 -0.218390227074431 -0.365374366247644 0.0930753171019362
0.0491466504701347 -0.32612260903088 -0.0627189195367194 0.0556891487620417
-0.205055165757482 -0.218319969468226 -0.0499263440973863 -0.0519645709624142
-0.262205142166128 -0.0517574536300959 -0.188194446319617 -0.0291081120149298
-0.244634386204899 0.0819028180901579 -0.270696939095258 0.140699640493998
-0.176964635121639 0.180192261921418 -0.201507461338988 0.279754431443923
-0.129254668208435 0.177231185502553 -0.123706789943527 0.304254183208371
-0.141639469359098 0.162976084010228 -0.157986915907001 0.268208793182832
-0.226104730549842 0.0837188998812661 -0.206883530152929 0.173572853309501
-0.228945244579325 -0.0532909968047889 -0.214780760737881 0.0241532297382106
-0.17933575228137 -0.173769882380762 -0.108667338885956 -0.0825784647019107
0.0190017195339749 -0.248260889664567 -0.0247301887623001 -0.109011088156369
0.245240695765617 -0.165449582988183 -0.0801542920297057 0.0301183981671947
0.359514380338156 -0.0683162645849072 -0.340527070593756 0.0536377120748419
0.169555918601598 -0.0547428167595422 -0.612641558495154 -0.164246446176852
0.114036030975921 -0.121024213672513 -0.440906641997737 0.132694779287187
-0.0103052361757455 -0.127314702070932 -0.10438911638784 0.0749863053439589
-0.0687276985910241 -0.0528509554437342 -0.0694183795493094 -0.0382081260284417
-0.0824023567575915 -0.0235938759477051 -0.220813408428215 -0.0255860302584519
-0.0948078707239435 0.0159913200806615 -0.31129463437108 0.165056413715416
-0.0884185846309509 0.0539273096958154 -0.241174844900098 0.31863618228785
-0.0708863575883433 0.048634802251099 -0.163882215245463 0.348279723232938
-0.0776712367995686 0.0395084100200948 -0.199180963520479 0.301995226555762
-0.0991788631808451 0.00810997279483379 -0.255960111328536 0.179911194516996
-0.0798140006964675 -0.0399447502306266 -0.245300446573624 0.00405147525095867
-0.0402557023205458 -0.0605895180877921 -0.108263841265936 -0.0926603940050849
-0.000685799679795034 -0.0761971849695859 -0.0267338825420901 -0.087267775304992
0.0803308701186539 -0.0753726556595793 -0.101685018715458 0.0460645488769126
0.154299128453605 -0.0700255569890809 -0.403491639540292 0.0523924728838861
0.0267578467166729 0.0682884063421443 0.420624488671211 0.157079541453549
0.0765333356398168 0.0482840746651718 0.201463098556198 -0.0643488432742191
0.0663957610088508 -0.0500844990844601 -0.0115608824605847 0.0496218671415216
-0.03140815525414 -0.0938710256579209 0.0171497998994894 0.137612418733779
-0.070227270571401 -0.0266792380812489 0.197007660855576 0.149436359613557
-0.0584235355220392 0.02625805016506 0.337385138038984 -0.00084554752070338
-0.028671168565581 0.0674706973989384 0.34053224296378 -0.154311287967275
-0.0354234457750567 0.0814861874464913 0.309321764666062 -0.226182566977279
-0.0513774862251087 0.0791090268716053 0.332993432628875 -0.195719699441112
-0.0884275635415299 0.0275413990345769 0.336358408315005 -0.0567403093041242
-0.0837336903103998 -0.0450826038839213 0.228560296508157 0.0855278023954203
-0.0289709601115304 -0.116095005992806 0.094997500465057 0.0488433169982844
0.103292929741669 -0.059316139395517 0.155079717713608 0.00789401182766395
0.0967929440378267 0.072554597489139 0.394323257316273 0.09664101178047
0.0192668654128871 0.0985735464464664 0.524835255040261 0.428234144920996
0.190668992922316 0.145679033669451 0.396018579244128 0.140909012314213
0.24233690656313 0.0442094700283308 0.188263115927658 -0.0547293343781791
0.152421681656572 -0.151454380265364 0.00979256324834031 0.0439258983104894
-0.0659169475238365 -0.231099886130063 0.0145036086332316 0.114308831841684
-0.178831256450367 -0.111013558640081 0.166753928278792 0.144256293083724
-0.197497392222277 0.0141746270940593 0.289367082872214 0.0186677362330052
-0.159327827302796 0.1311536703836 0.295542235630068 -0.111487657413722
-0.1531853618081 0.162368953270631 0.271400609244347 -0.175397131670065
-0.18156207584983 0.156228703307524 0.279404832037442 -0.160528076987169
-0.260262586213102 0.0307000858743599 0.285832189878746 -0.0510018954431937
-0.226723078709367 -0.14538849369151 0.197600979953933 0.0586386872485476
-0.0980519305414727 -0.308902656420995 0.0959164517190431 0.0135262766093466
0.228220110399532 -0.235771242282628 0.17451646093711 -0.0282751288225674
0.344327168138566 0.0544681452199508 0.36701309201901 0.0678714292061891
0.259840909803394 0.202541176086771 0.463319543244242 0.364069321074018
0.337570040518783 0.215532534928386 0.318140514566181 0.0817388842152429
0.402926793096312 0.0330567079262275 0.137354112616305 -0.0516130581123723
0.239373267686907 -0.253846310741626 0.0230895412536319 0.0455004275523806
-0.0972057662658655 -0.36138978512766 0.0212627998773122 0.0885131484475369
-0.2787183842474 -0.194645347403768 0.126943841991486 0.11875713013604
-0.322231862454102 -0.00389623712281873 0.206764749506533 0.0284797345241657
-0.274734232043024 0.173824618456029 0.208786976320658 -0.054653074190221
-0.248959247560755 0.219191268868813 0.194892644642245 -0.0959279068298146
-0.279930068879874 0.211669978362548 0.186351724884656 -0.0973205069082986
-0.392097653717893 0.0389575596920906 0.191229666492776 -0.0322667379347585
-0.345294030070947 -0.211643091898337 0.130669559654804 0.0251477787495927
-0.17758235845187 -0.451540772841479 0.07572388415869 -0.0301972348960801
0.297499850135332 -0.396460495302645 0.169186078030206 -0.07061685053636
0.531917099552517 0.00488380158361545 0.296706318926585 0.0337608099114772
0.460491630348709 0.258894770573741 0.32996201699179 0.265984547533657
0.448899596421443 0.260104257468169 0.187574024923786 -0.0162500710788661
0.539116771222322 0.00852736671973425 0.0365633867162709 -0.0547017964407382
0.309987226281628 -0.353506103898962 0.0187850783038142 0.0495699597123989
-0.126237745621828 -0.468591975510936 0.0248525502022871 0.0546162349277536
-0.355347880459196 -0.255666561720189 0.0687897996191445 0.0716343629178652
-0.410982785134628 -0.0197588186779663 0.0879167671409607 0.0283587960034857
-0.353145047900731 0.194160193388128 0.0841966500692533 0.0096358361777176
-0.3064690289249 0.243922583471898 0.0890883946555486 -0.00347851268622355
-0.330439537250719 0.234437640349366 0.0677496108545825 -0.0181863824061447
-0.457475932785795 0.0417921167469629 0.0675839307440441 -0.000961038331330326
-0.412151957599972 -0.240304666136837 0.0339292537693627 -0.0058827660240598
-0.236660251909632 -0.51643837023044 0.035253995872403 -0.0706278900016139
0.306897520940621 -0.490803134912515 0.139984124286669 -0.105910871005739
0.62042068710475 -0.0510052302463411 0.190346203626387 0.00840891106406093
0.578767779358097 0.268861205004059 0.14836139032335 0.153085058269009
0.500845534482648 0.266789785083144 0.0108433004268017 -0.141644885836918
0.6054894543403 -0.0213809355818681 -0.106216269435669 -0.0627432043413075
0.338939214134271 -0.411384975922787 -0.00722067716771117 0.048821260455163
-0.143955501914714 -0.509131176800129 0.0166712298842906 0.010135541031243
-0.380020832904239 -0.275434622250026 -0.0100025940616077 0.00936585500977071
-0.436694017439848 -0.0293730340262695 -0.0553072407564306 0.0233568849087537
-0.379360312323304 0.187372278781378 -0.0596403401898356 0.0738551576413853
-0.317486976342928 0.231869315648649 -0.0313837053382828 0.0893401578073245
-0.330949109266854 0.217430752251097 -0.0567815306711736 0.0637374602600461
-0.4492717765562 0.0321981611585169 -0.0637310899193879 0.0346889647331148
-0.402892089294788 -0.235907378167278 -0.0707943560546414 -0.0298449760102504
-0.239654135345566 -0.489765487249575 -0.0134719785763842 -0.101661152851074
0.270969488128753 -0.482532807651458 0.0955622266231054 -0.124553327027272
0.595959677812137 -0.0780522805718355 0.0720100241096076 -0.00274040903319704
0.592206970521248 0.236636374552664 -0.0470194251256036 0.0467779852561585
0.47412407014209 0.225209326744946 -0.184494126605222 -0.27020375716248
0.560300423168877 -0.0453439615301206 -0.261010097036902 -0.0711575028581574
0.296488939186215 -0.387498555510753 -0.0470595578582907 0.0396728812413743
-0.131196689013085 -0.445207350351841 -0.00438959712828377 -0.0356728864698741
-0.332469592026307 -0.240723210191803 -0.0957352937273153 -0.0536180487368915
-0.384829124958115 -0.0295828718876995 -0.197959763526424 0.0187729217285466
-0.339675737875579 0.15485722166348 -0.198634293096509 0.130338603785294
-0.279188038274613 0.185335897775377 -0.146520234928129 0.16932781393173
-0.284271396854978 0.166166474189998 -0.170315138914002 0.13353700216719
-0.370611548623982 0.00974807831685893 -0.179472322284289 0.0609408869628795
-0.318195530210477 -0.20226658990298 -0.157577579514414 -0.0526349003321496
-0.180744565295338 -0.383550764422685 -0.0487979042691049 -0.121862917388542
0.207156109276062 -0.375182858464826 0.0557672410766131 -0.12657704017519
0.474503502017053 -0.0679087294007549 -0.0264482230781053 -0.00335600193876157
0.510407692835272 0.175635926785683 -0.218727812499895 -0.0415276054536158
0.361746572115549 0.142501158724773 -0.363599362128225 -0.374675604045006
0.399765844266748 -0.0587021050141825 -0.389822125603942 -0.0771172480329809
0.191296032066342 -0.278300057037425 -0.0919919789451879 0.0275617888160898
-0.0915141775931614 -0.285579921728615 -0.0291334055707992 -0.064235716959203
-0.215369347184201 -0.159723108370391 -0.161636229926756 -0.0998283379125855
-0.25981154055636 -0.0264911049271815 -0.3064988878504 0.0167852424798201
-0.242818632622233 0.0951022976150038 -0.304793060576555 0.171356796689578
-0.198462540562924 0.10901563933823 -0.240470739238416 0.225525133394159
-0.198662688836758 0.0895430304268551 -0.25785527112626 0.177309362507806
-0.244050653345475 -0.0154864548321036 -0.263784243886153 0.0670376796906563
-0.190069366036652 -0.14599980730777 -0.209049679019113 -0.0784425412470604
-0.0904418295266737 -0.231904710709614 -0.0611087229947453 -0.132499522125675
0.125509741293321 -0.218753476049428 0.0298252079646495 -0.114390551782793
0.295975879012639 -0.0439867038697398 -0.0876381270086941 -0.000936868188307513
0.356855928413847 0.0951931863384621 -0.337396252473233 -0.104041249891673
0.184431587253781 0.0337947780790907 -0.490389833569043 -0.434147376679203
0.165332729402486 -0.0596165954243138 -0.469574794828571 -0.0723406688723513
0.0477989045291024 -0.121874816129353 -0.133234476113762 0.0245960120250028
-0.0382431439261399 -0.0766385420579606 -0.0486015877698642 -0.0643893373559491
-0.0636436600169607 -0.0548353116039164 -0.191988431069635 -0.118300184973279
-0.0928537325785303 -0.0226445544611059 -0.357955513938016 0.0165977136789561
-0.105116426146869 0.0162456614674075 -0.358585627442936 0.18901305975858
-0.0877824481940352 0.0148020316282723 -0.295242923607016 0.248315493234757
-0.0875616888179116 0.00401486707016269 -0.308401922919718 0.190949221641927
-0.0949665901562334 -0.0321775089903835 -0.309853237968797 0.0541406926649948
-0.0571433705054468 -0.0689335626515069 -0.226081095353749 -0.104941901962623
-0.0129749576625599 -0.0712522564617253 -0.0558297041831395 -0.135523370106146
0.0309959577163156 -0.0712786852789233 0.014687562403146 -0.0949821081146597
0.104851486434359 -0.0342722227402776 -0.114484770645549 -0.00029174784134242
0.171082949717112 0.00358742721850378 -0.392154125581611 -0.136965507033913
0.0298429268593158 0.0665613541774039 0.425775460691943 0.133654788227418
0.0796060097788624 0.0438279519471304 0.195695239519826 -0.0756011999773199
0.0639680120793538 -0.0531668447603637 -0.00640616756964039 0.050150096013873
-0.0381315302862746 -0.0913210340838788 0.0259555968158964 0.135094611513632
-0.0716672419198053 -0.0227406783884184 0.203387479932309 0.135876651379514
-0.0570331997909425 0.0285144628458723 0.334590363881524 -0.0232950161209357
-0.0249138964323833 0.068280400598305 0.327225184855726 -0.174340967054019
-0.0292031743109406 0.0835103868198406 0.291490209036299 -0.243188960772026
-0.0450640497295485 0.0829451420354675 0.316920643394435 -0.215116845827215
-0.0864511850830668 0.0333499667801894 0.331723396712982 -0.0777448506139371
-0.0873433921238516 -0.0409793250916963 0.233635806310352 0.0718456907111302
-0.0357210007697374 -0.114211085643367 0.0964313859530363 0.0442138906494584
0.100353673122412 -0.0651328138576929 0.155900964839371 0.0014171331248606
0.0998082456490596 0.0674023847446721 0.397538768482181 0.072066808532358
0.02371234580409 0.0965551303337678 0.541165601106715 0.394599351642687
0.194707353951807 0.135661776531488 0.400204010572031 0.116854260732589
0.242973704934861 0.0302222069207701 0.18376028121787 -0.0656115946274078
0.143297597214045 -0.156221972163514 0.0152926837301595 0.043346218434673
-0.0801999707565057 -0.223278536300198 0.022446324877371 0.111811537444875
-0.18454549108801 -0.100293706219474 0.1747441736558 0.131131670878153
-0.195630524481609 0.0267676342540023 0.288132671493624 -0.000498322589341268
-0.149965091774182 0.139251604033261 0.285990166666114 -0.129478535554822
-0.140692161893776 0.170609355812132 0.25743456408911 -0.190321349261802
-0.168971333412789 0.167136817563732 0.266032468473294 -0.176038895966355
-0.257652816759101 0.047720685616775 0.28232730512914 -0.0687534866161979
-0.236151522041486 -0.132072751607403 0.202112087469803 0.0464867076907224
-0.115716340207263 -0.300297783357206 0.0960205225796486 0.00816031063012693
0.213853116989599 -0.247219581695191 0.171402447352474 -0.0358873150646178
0.345572069966782 0.0355847952843446 0.36970696215569 0.0466432145706169
0.267458442172826 0.187332161684763 0.477361764590214 0.334786580591375
0.342108620859088 0.1977134413106 0.321764703022336 0.0626073171607515
0.402368701370082 0.0108268600187687 0.133277953829168 -0.0597644506869348
0.222369387391521 -0.261239319396629 0.0284777516261914 0.0435694882582633
-0.118499565252657 -0.350424151001837 0.0275877882792231 0.085375713501386
-0.288142501395524 -0.175798811888827 0.134664552702918 0.107290055470972
-0.320930150720078 0.0168404578488043 0.206982130809577 0.0137106213697046
-0.261302843335869 0.190521733705021 0.202985879798542 -0.0677325817439364
-0.232450861740833 0.232927194297615 0.186602283477322 -0.108265625145006
-0.263209017174262 0.227525022458587 0.177946447997696 -0.10806363241419
-0.38736601282467 0.0630061632349828 0.189227415017828 -0.0455563900702713
-0.358639039159909 -0.191127232884421 0.132599558183213 0.0167011371175556
-0.203074478625666 -0.436574032736655 0.0748721593123423 -0.0344354477276035
0.273455760436673 -0.409421125531948 0.163323359041601 -0.0783867117713073
0.530368537293964 -0.0250668727971103 0.297605611601409 0.016731347839022
0.468671424811246 0.233904341393559 0.340785542037342 0.246743248145091
0.454654930147568 0.236544366924082 0.187165144342629 -0.0290781367559197
0.536662567387625 -0.0215511308277294 0.0338930585711287 -0.0576689162016141
0.286686764632837 -0.362691007236767 0.0236558763606784 0.0473627259725051
-0.153743998654546 -0.454651258139233 0.0293546895989163 0.051741577923398
-0.36884602214177 -0.231620822900849 0.0761997122474311 0.0621561068905381
-0.409618210936094 0.00643286994071816 0.0889370502675923 0.0211174893104861
-0.337725805412176 0.216072206458192 0.0841314826655423 0.00442285039228827
-0.287265045414519 0.260706374803312 0.0880436850708804 -0.0101751367825683
-0.312758309591019 0.252748555456745 0.0652948777532385 -0.0217699129864862
-0.452737686331907 0.0712406020035552 0.0676587728129694 -0.00685027744835932
-0.425748289232523 -0.214797866293143 0.0340916151051869 -0.00841563048514979
-0.265869295471611 -0.498232631197419 0.0324446007012778 -0.07330389668871
0.276067524686744 -0.504099915839738 0.130732829028683 -0.112188164985677
0.615512939427245 -0.0837564448286638 0.189505018542219 -0.00307895058044499
0.585556972692621 0.237260806322243 0.155728581927536 0.14609708062822
0.506342130743926 0.239710268694136 0.00560236301768648 -0.14434195543901
0.599941964441051 -0.0553580324502507 -0.108395586795183 -0.0579951048409247
0.311637270864749 -0.421608105991156 -0.00211838101270315 0.0479862593302618
-0.172128915332163 -0.49376938412548 0.0183692990333653 0.00789329498043374
-0.394443269822425 -0.248924605673626 -0.00598099564061344 0.00426754182925937
-0.435690052105962 0.00010081125816572 -0.0540936997129988 0.025825847736636
-0.362441102398557 0.211501887031952 -0.0544435235418302 0.0774673034178843
-0.299234978175774 0.249066586008814 -0.0249611044581818 0.0885682629585016
-0.313791662119154 0.235152571178852 -0.052960752414081 0.0671203980010492
-0.444356502078457 0.0602218945231024 -0.0608686166020963 0.0369849793305456
-0.416278999034048 -0.211362771855781 -0.0718487807695023 -0.026296871665248
-0.267393248004401 -0.470069574541091 -0.0165249910716334 -0.102022951371661
0.241843280294549 -0.493084591819005 0.0851487744997694 -0.129781674268018
0.589224140992593 -0.110018252592064 0.0719122922298775 -0.00665131845431281
0.597942294204181 0.204125916167118 -0.0420289707208732 0.0522958949894634
0.478801357475252 0.200185292522516 -0.195891036678787 -0.261678342845715
0.555202602001859 -0.076619869089867 -0.262599070648897 -0.0579353044612605
0.272762161604914 -0.397552383062032 -0.0434116368445125 0.0418231560669525
-0.156644011558904 -0.432267089383577 -0.00550710650574492 -0.0363212764912937
-0.344610549382662 -0.2183991348696 -0.0946942861620601 -0.053095335481675
-0.383690976309748 -0.00400112574057904 -0.196200476182792 0.030159445467931
-0.325934482379427 0.17703869640232 -0.187989834874241 0.14263301479128
-0.264914502598444 0.200536200856184 -0.133856861414533 0.175296746680098
-0.271443493748276 0.180718785198566 -0.160930365371414 0.143039524428589
-0.366928692410145 0.0331319979828293 -0.174707445283619 0.0704387130353901
-0.329280815188138 -0.181618486216382 -0.160040230214418 -0.0432946131210739
-0.202182981834329 -0.366324529015088 -0.0539215505853626 -0.119934101822979
0.182410842872809 -0.382778106976313 0.0450132462014296 -0.129736106260424
0.46783649631094 -0.093707160822855 -0.0263721104171782 -0.00151617681996339
0.512239268183928 0.146755201272125 -0.215957382328087 -0.02491662830876
0.364186552284958 0.122547249530868 -0.378479894869439 -0.354553516244493
0.395240205520919 -0.080931584065364 -0.390618724459022 -0.0564972487371504
0.173332898061816 -0.283949491560326 -0.0900466415943288 0.0321332009052581
-0.10664116979774 -0.277079021860727 -0.0324363604995579 -0.0635332895480119
-0.224124318782848 -0.145145643204801 -0.163393926838991 -0.0941032992057567
-0.259735734206665 -0.00799072360692862 -0.303515002829727 0.0348751630604792
-0.232467436533761 0.111162111634786 -0.291053829047597 0.18992714388106
-0.189670137728503 0.120394961678547 -0.222605422386294 0.237096917735272
-0.191353822377609 0.0998486746499675 -0.244525537502779 0.192432201577363
-0.242951041244545 -0.000491460211755218 -0.257813702300994 0.0828049783892739
-0.197313538530455 -0.133146692821238 -0.213590084009704 -0.0659932618136674
-0.103700589043003 -0.221750920197205 -0.0668598581656288 -0.129739594368752
0.110474546071534 -0.222695772158137 0.0203108665050844 -0.117026410860525
0.291558867865901 -0.0612016905737777 -0.0869463772570331 0.00494437699090078
0.357808719915474 0.0754712004025972 -0.337096422150086 -0.0791866432607524
0.18389607104425 0.0229327005394839 -0.50847273466697 -0.407165539762568
0.161037699502267 -0.0688108972343105 -0.470204822715261 -0.0475301830343868
0.0397822799468747 -0.122338426247805 -0.132239293932239 0.0316793818944708
-0.0409372352250863 -0.0738279659314963 -0.0514206527385598 -0.0612095930974524
-0.0662100375600651 -0.0499705215594437 -0.196333654248015 -0.108977492380665
-0.0927321249399519 -0.0156341133786423 -0.35362296885326 0.0393371224232178
-0.102656060486748 0.0232564417136251 -0.343670582176363 0.210523118647256
-0.0862619874517985 0.0195616485758711 -0.275314384653691 0.262918412039648
-0.087147054037941 0.00827431750287652 -0.293647316693805 0.207938227482177
-0.095454207151816 -0.0267308693685512 -0.30437883643042 0.0741832082727227
-0.0601433266726547 -0.0641879520100337 -0.232138956989966 -0.0907001897623228
-0.0166172009001449 -0.0678008759140194 -0.0623532516330405 -0.132217946562394
0.024896740431718 -0.071019362639851 0.00729962105601116 -0.096236781633759
0.10230986367898 -0.04088810308649 -0.11408138313757 0.00707384191094397
0.169208302982399 -0.00547757794656266 -0.392382839859162 -0.109419716701183
0.0315688635728722 0.0643622193284612 0.423236388166125 0.115805174417286
0.0801449913009806 0.039689969507061 0.188866908729476 -0.0823207241896571
0.0612911387463019 -0.0543770722598929 -0.0017894540780011 0.0495477921676415
-0.0418895298893182 -0.0879100252993742 0.0316182997698134 0.131111288829287
-0.0719427873833062 -0.0200372621499788 0.205370224768352 0.124772592002399
-0.0553863683736394 0.0299130180138793 0.327433566070044 -0.0388687754372459
-0.0219476681665414 0.0679585774126966 0.313611081695858 -0.186723332864357
-0.0244186665640222 0.0830257475170488 0.274485366589241 -0.251675951247685
-0.039216910173562 0.0839025354104429 0.301876411749358 -0.225037463840115
-0.0844757242120979 0.037538003569027 0.323535460752244 -0.0913153583584891
-0.0891811424320954 -0.0378183293327442 0.234787881183215 0.0619529794817606
-0.039870570135253 -0.110978705362459 0.0961570241863367 0.0410283234903393
0.097218807225985 -0.0685436616649811 0.155088784683942 -0.00265908719493679
0.101436015946626 0.0631862167600897 0.393621745360916 0.054563144211584
0.026409105566839 0.0946036752914616 0.542453366333421 0.365518667263594
0.19431565954903 0.127904977428219 0.398753577701364 0.0997429462415252
0.240284104940947 0.0204538244521789 0.17753935172891 -0.0723710507672058
0.135290280886378 -0.156958175000033 0.0194512576536182 0.0416328314557226
-0.0890854190533187 -0.214532550515582 0.0275613396571086 0.107881053566176
-0.186991766312678 -0.0906187966329223 0.177778224031228 0.119810100385146
-0.192205147728252 0.0343124497967092 0.282719319694271 -0.0149613081630454
-0.141456735144492 0.14408029460379 0.274923732396819 -0.139619879588172
-0.130438417839598 0.173479677583956 0.243687497313133 -0.198088408501294
-0.157621367809818 0.172087473063595 0.252981284081027 -0.183790058805884
-0.252548636514925 0.0593802256297914 0.276072741778918 -0.0818314880779915
-0.240129174326503 -0.121270831999051 0.202262911091186 0.0373384763344643
-0.126037934149786 -0.290723623760478 0.095155065926753 0.00464950768567115
0.202172078351309 -0.2521576604156 0.168014863913024 -0.040042865423948
0.342736595828764 0.0226024690885881 0.36646275782209 0.0309463938614573
0.269444587300532 0.175824410157551 0.479707353527822 0.311612788034485
0.339927601657727 0.184355947038646 0.320015710903395 0.047906729513024
0.39602059638576 -0.00420948068191352 0.128824027158979 -0.0647575424855498
0.20982837527926 -0.261787222490466 0.032657443159757 0.0412945223335373
-0.130735935028575 -0.336715709658244 0.0318287961333086 0.0816553355262932
-0.291122700206519 -0.161109901933852 0.138485522789084 0.0962209091835295
-0.31546735878908 0.0312368941084632 0.203979357137535 0.00298427222745891
-0.247934071370599 0.199617399458691 0.196600893627072 -0.0750108912220446
-0.217277214730456 0.23851505859673 0.1786426475169 -0.115023435994443
-0.248429220832764 0.234919126241808 0.169438228529553 -0.112668377867971
-0.379139088105147 0.0800712921933111 0.185129717966668 -0.0546046752069106
-0.364178288136862 -0.174117695484506 0.133231483939835 0.0104134979210051
-0.217413839175759 -0.421580873011017 0.0730342497241043 -0.0375193566689856
0.255170039264314 -0.414477267871789 0.157774820366331 -0.081441701281281
0.523411093290218 -0.0437716079718873 0.294005952166423 0.00321496319223307
0.467793934420675 0.215221746120967 0.344111809798061 0.231548121831366
0.451923533124638 0.219508413354009 0.184873491475003 -0.0383389421669142
0.527301811802114 -0.0414891035421001 0.0311007083789726 -0.059993288028299
0.269784315808749 -0.364038978625867 0.028004560715738 0.0451396199580551
-0.169811385260497 -0.437803332208435 0.0322943297187029 0.0484142298374659
-0.372365938787717 -0.212342449111663 0.07934708722241 0.052656662762241
-0.402815326303761 0.0258659777169336 0.0873590918127275 0.0155192105211076
-0.320919304475853 0.228330585936908 0.0829516873760243 0.000914777225664416
-0.270704193129364 0.268676405717367 0.0859168467603911 -0.0148610450009123
-0.295387327912465 0.260754041771534 0.0629105579389366 -0.023212082756852
-0.443457831179858 0.090563784446741 0.0669271792711208 -0.0120081759231543
-0.431039425149365 -0.195188293879877 0.0345483382716033 -0.0107769162995768
-0.282727231857147 -0.477958766368922 0.0307535705542239 -0.0757106866163514
0.252686236365141 -0.507009662456533 0.123554330875685 -0.114340083121241
0.60532039725999 -0.104462171300808 0.187219674404457 -0.0117094187876543
0.582781241204847 0.215259640165618 0.160317441382337 0.140880830500021
0.502521700273035 0.221346899704122 0.00207020184402815 -0.145391576538416
0.590207156740491 -0.0772688267745992 -0.109022230333545 -0.0549572774921863
0.291448704061621 -0.423385043911795 0.00127850137607154 0.0468560408915581
-0.188955746355574 -0.47700520399278 0.019392582146327 0.00617578616971328
-0.399618283556436 -0.227943040500825 -0.00315734292940351 -0.00167240596776836
-0.4289471541284 0.0209045180739281 -0.0534122272493892 0.0260354722340717
-0.345678434061694 0.225767041233875 -0.0501476637697177 0.0789586748076988
-0.282438389945677 0.257306779219015 -0.0202345369013889 0.0863937098150792
-0.29873209187101 0.244149459710881 -0.0497610249146008 0.0690418241787458
-0.434438739683483 0.0786913051928227 -0.058125818832964 0.0370186102542999
-0.420450811350231 -0.190647690538668 -0.0718547813870606 -0.0235710588869694
-0.282285875849288 -0.447828091247279 -0.0198049345573354 -0.102438326494526
0.218177389795933 -0.49486510932094 0.0762584278270354 -0.130276614635586
0.576962197036747 -0.129900583337012 0.0707874866606764 -0.0101967046168225
0.59461632615173 0.182621299031528 -0.0373152169416806 0.0560948654913771
0.474772968227888 0.181712202392379 -0.199950796043803 -0.253956634277201
0.543089915217035 -0.0978901335661118 -0.260619837693696 -0.0489762426238434
0.252846663232524 -0.398148830665316 -0.0404433344618895 0.0425684454467527
-0.170386839936214 -0.417842341881567 -0.0059765097690161 -0.036287354572879
-0.348533248512415 -0.199260019896007 -0.093087936574485 -0.0546308108412747
-0.376923953130252 0.0149906349780735 -0.192309353877223 0.0372977319811477
-0.310657926460881 0.188865099626779 -0.178161591009587 0.149410445191761
-0.250841412258262 0.208477280890783 -0.12327568691706 0.176239889121146
-0.259094470244294 0.188646263470814 -0.152722567052222 0.147475609460626
-0.359566365740068 0.0486222710068893 -0.168792988400371 0.0756029861791263
-0.333025868419523 -0.164549228304632 -0.159907263922665 -0.0367258695423424
-0.213953509480922 -0.348427230578483 -0.057109576669405 -0.118513799080133
0.163317396439977 -0.382644196799588 0.0358748671821282 -0.129163784363709
0.457635251306529 -0.110604223577857 -0.0257562397474005 -0.000412571528591338
0.507196057436371 0.12650212572982 -0.210301228290314 -0.0123605417159408
0.360963012088176 0.109093085123189 -0.382875663464243 -0.339385467443754
0.387254400090598 -0.0954561236861006 -0.386706894009854 -0.0419298503350481
0.160709295038176 -0.284051567437555 -0.0875899254616074 0.0350163326365645
-0.114659700094084 -0.267165215449329 -0.0334200523131413 -0.0621309148783704
-0.226411394439487 -0.133433926254062 -0.164014799952216 -0.0912559819782605
-0.254698848983365 0.00484263955818084 -0.298714896965913 0.0473363723559758
-0.221925085861775 0.119938533052411 -0.276912118490116 0.200882340984483
-0.180930301796879 0.126282095064032 -0.207024409183738 0.240875271580713
-0.184477138952392 0.105155980130164 -0.232272050674316 0.199429083583913
-0.238192446757767 0.00973874232994839 -0.250018151689954 0.0923995530124378
-0.199773910120461 -0.121355704451209 -0.212915671545419 -0.0562399827090773
-0.109736128610059 -0.210242941485972 -0.0706843048056312 -0.127120682909552
0.098280217511481 -0.221857557635666 0.0122720739254839 -0.116845104228481
0.285235022057783 -0.0718645032475366 -0.0851518888461441 0.00902404773109473
0.35250206202305 0.0607763007053839 -0.329709172839337 -0.062031217948109
0.180471935995942 0.0163959034448208 -0.512425698578806 -0.38322197637608
0.157146481501664 -0.0736744211277148 -0.464246249574582 -0.0303563543679571
0.0340420160504572 -0.120524233286756 -0.130176912735248 0.0358884923565607
-0.0419514428750264 -0.070888712967369 -0.052921950704865 -0.0585240996097137
-0.0669815800767581 -0.0461197538678294 -0.197122960436993 -0.102281946793389
-0.0914601158741604 -0.0109537522747524 -0.347146755663861 0.0544795226135165
-0.0987681940473109 0.0273058605633594 -0.327438383390215 0.222723152422606
-0.0842536159192202 0.023013995081237 -0.258143008519937 0.268659869054192
-0.0863558785320999 0.0108000220833095 -0.279049856565322 0.216892144641213
-0.0944344759894184 -0.0229937497322582 -0.296563578408761 0.0855538377839385
-0.0608276814123534 -0.0595596327492464 -0.233192659503339 -0.0797116083199798
-0.0184972882434893 -0.0638719029704581 -0.0667138736807422 -0.129100973812046
0.0201015981908435 -0.0692992299001425 0.00122402178124882 -0.0962649395302055
0.0991225906859445 -0.0449235107339151 -0.112034395699064 0.0126127884212733
0.166000677459562 -0.0114154583296401 -0.387019046170408 -0.0895990533971386
0.0315865941374418 0.0630549130076454 0.422662712212021 0.103739704659735
0.0808192139377279 0.0373621297626778 0.184087572480781 -0.0870457066289593
0.0596989483819218 -0.0557001701129679 0.00161017990220758 0.0487900230168479
-0.0449110019198157 -0.0853532007473934 0.0351766637855855 0.127673511367663
-0.0726389760347288 -0.0179872460502855 0.205972696404661 0.118287358985115
-0.0551954293060381 0.0305452482649161 0.322325755099723 -0.0486393331374385
-0.0205295056694844 0.0680519842633266 0.304124030551446 -0.194576590354813
-0.0216210490133178 0.0831665137383919 0.263831082037796 -0.255634009203199
-0.0351907439737712 0.0842745397512379 0.291275385167865 -0.230421618630113
-0.0829807874938865 0.040338293095257 0.318453481922066 -0.101893064063681
-0.0910493343376324 -0.0355433903052701 0.23653234279232 0.054843208533565
-0.0421006245577952 -0.109134257722354 0.0963947005192485 0.039916548775218
0.0954413316852599 -0.0711127750175196 0.155601878928305 -0.00497441347403935
0.101454464874179 0.0609307314814801 0.391720211487995 0.0432639667597414
0.0276163016792405 0.0931592538681635 0.542612071669773 0.350282035016113
0.1927527368735 0.123616605501465 0.397330105448782 0.088074408341672
0.238439189945554 0.014322666206179 0.173340786364141 -0.0769577222025785
0.130583351141966 -0.157383109928777 0.0236249405782365 0.0401725708302445
-0.0943330719170878 -0.20784400984485 0.030487028206396 0.10448628676317
-0.188100929440862 -0.0846035104959638 0.179431707463477 0.11199003407863
-0.190291491391157 0.0398599411791483 0.278534602079998 -0.024552020172369
-0.134919647197718 0.147248944254487 0.268390352402081 -0.146868104419781
-0.123423447655352 0.174951349930315 0.23481314403564 -0.202756873431841
-0.150126465051656 0.175011120552519 0.245105686154205 -0.188412501331504
-0.249007721558626 0.066731916488953 0.271387458456504 -0.0914253654554165
-0.24394382391994 -0.113877123828528 0.203844364226163 0.0310531583882517
-0.13294923644483 -0.284163575562463 0.0949283572530808 0.00262318053185156
0.195370695787806 -0.255627543250391 0.166710558966145 -0.0424130500483576
0.341265657033945 0.0150436689999144 0.363768637109896 0.0203508587733803
0.269056324542955 0.168800223778233 0.480065788917859 0.299702034367481
0.338238628374597 0.178160059180933 0.318003913667688 0.0377561010920439
0.392723071915238 -0.0144964602021285 0.124820961725655 -0.069256575120467
0.202040320941383 -0.26129145832636 0.0364657039103872 0.0396438535110726
-0.138585277652611 -0.326990951574333 0.0340372003611842 0.0787709127029659
-0.293147887698318 -0.150494797700273 0.140927964477306 0.0874742639062818
-0.311705463265852 0.0410743469448336 0.200839458731202 -0.00416863054332681
-0.238840688229138 0.205169862055167 0.192544280274023 -0.0799776654613366
-0.207928296150676 0.241752654604654 0.172984739497367 -0.118872874547894
-0.238162974529433 0.239392777296313 0.164517793217176 -0.115468081863882
-0.374269295644923 0.0917366248468587 0.182095409153003 -0.0618264471310641
-0.368483057781949 -0.163388667981376 0.133286383700388 0.00560043895212905
-0.226412693304586 -0.410281613782107 0.0722908900702758 -0.0404279178725651
0.242732988429844 -0.417566049280811 0.15496351306339 -0.0832530907293495
0.520308708671902 -0.055002903718686 0.291172563317876 -0.00531099941559751
0.46673494319982 0.204324354955227 0.345669247165512 0.222808008317083
0.448607385879877 0.210800400743554 0.183195173045146 -0.0452456839705468
0.522712534426188 -0.0537002513615293 0.0284134762694007 -0.0618849346481833
0.25930812584175 -0.362897317993937 0.0311132797736565 0.0431538078003404
-0.179317810770842 -0.426327850032044 0.0342695968590223 0.0460346274204413
-0.375125246509213 -0.198164827110589 0.0816285954484289 0.0447411435917181
-0.399094199746429 0.0388197723912314 0.0858240332648659 0.0112005045468687
-0.309268029320297 0.236401443591599 0.0823657566843882 -0.00133400006584974
-0.259540997645588 0.27335368957924 0.0845215984798405 -0.0181131897587516
-0.284476017055056 0.266528729138273 0.0611632925871654 -0.0232557267984964
-0.438027960262071 0.103348018270316 0.0662852829196877 -0.0161005387683618
-0.435148639506943 -0.181642430373308 0.0345104252670978 -0.0126053792027537
-0.292278862762002 -0.463912493524855 0.0289581150677917 -0.077330024077767
0.239238262511329 -0.508089071803898 0.118093033429495 -0.11560271676602
0.599859050637222 -0.118720209523825 0.185157523804651 -0.016861918584427
0.580833422979231 0.201053914162879 0.163754781037947 0.137562974937453
0.49894507435339 0.212593330662314 0.000372999668816691 -0.148077376460355
0.583021044877217 -0.0899449651853954 -0.11003248750196 -0.05413148610071
0.281130850018421 -0.422765898585307 0.00402727859841309 0.0458647493193995
-0.199492993006314 -0.464537738649286 0.0204362058053249 0.00474036302349601
-0.402729974309944 -0.213206842818617 -0.00139884055620706 -0.00821457511207108
-0.423551331508659 0.0352466208791947 -0.0534034722632241 0.0258993122709196
-0.333682481701421 0.234628443701513 -0.0469496757434854 0.0809476395089381
-0.271724375813351 0.262479342275826 -0.0177416257461942 0.0847163458755896
-0.287953439766671 0.249868462188271 -0.0477417185387493 0.0706457205323071
-0.429479070123766 0.0918339020761256 -0.0567317880927521 0.0358719420024917
-0.42412484731904 -0.176898424952501 -0.0716071916625841 -0.0227660683722201
-0.290372558713396 -0.433443199694398 -0.0218012972165778 -0.103789777557052
0.204025045977508 -0.494021499167093 0.0698225970617607 -0.130567122901022
0.571619501976404 -0.141507900787478 0.0700359686390832 -0.0127476068957733
0.590448926614574 0.1675253783298 -0.0326744560511062 0.0588877870982052
0.471914611801461 0.173680335085486 -0.202067525602651 -0.250313224300061
0.536874551037091 -0.110638185759388 -0.259870483316776 -0.0441863322942135
0.243123231165193 -0.397678100786284 -0.0388228242166572 0.042855231381693
-0.1788407212333 -0.407409254370897 -0.00603238338455156 -0.036678714397919
-0.351359519052674 -0.187637348835151 -0.0927616087238036 -0.0574507888158365
-0.372706830309904 0.0270911805328596 -0.191203712058674 0.041689920189714
-0.299080170628504 0.197476016397307 -0.171588187209319 0.154671238428684
-0.24124381920199 0.213613206704708 -0.116692943446226 0.176165972807077
-0.250739243245075 0.193141855419886 -0.147115571579911 0.151223466802386
-0.355026931287696 0.0581268585765608 -0.165455454119865 0.0782944709445296
-0.335630099033115 -0.15246744393929 -0.159989214925128 -0.0325538849830311
-0.220019965214711 -0.336744375949198 -0.059105128705688 -0.118574433576357
0.151988791669407 -0.381555080921253 0.0293490400801808 -0.129766744559835
0.452024811085039 -0.120642626424587 -0.0251705939245129 0.000392345671601176
0.503950094105148 0.114160316138487 -0.204242774475983 -0.00460029502577088
0.357747608353233 0.102168324364332 -0.384909791987961 -0.330387835499287
0.382117178869832 -0.102987643477744 -0.384642083213052 -0.0343308818326446
0.152274882929493 -0.282718810903403 -0.0865540607483737 0.0368767143307788
-0.12009223578343 -0.260828434238319 -0.0339240666848767 -0.0609054600879178
-0.228390960286787 -0.124630053942177 -0.163788919598852 -0.0908114095246219
-0.251518162921662 0.0130599893692177 -0.295888342509681 0.0557852540710205
-0.21431152444564 0.125680012549702 -0.267869682320073 0.207550230405726
-0.175682976914676 0.130282918350882 -0.197301038775082 0.242567858925635
-0.180071166326291 0.108794021545248 -0.224194627748662 0.204285205650276
-0.235860869532104 0.0156507570957658 -0.245881620628104 0.0980144723029647
-0.201318885021769 -0.114052106800058 -0.2140283912628 -0.0498893942873298
-0.113883933548402 -0.202613809736155 -0.0729838835252033 -0.126499123573766
0.0904644773906792 -0.220143456436223 0.00625867303903756 -0.116663573130786
0.281342098683021 -0.0783829433319377 -0.0838484320683515 0.0114938194091597
0.349020336879065 0.0527383629179136 -0.323880540990519 -0.0500512978138647
0.178332078614612 0.0132052513923676 -0.514761420708921 -0.371320097915637
0.154316565579326 -0.076483856285627 -0.460396237595151 -0.0206250643236237
0.0311131653688046 -0.118451002818333 -0.129706486603251 0.0389675571243346
-0.0420616815871839 -0.0691002921090263 -0.0535309002650065 -0.0568967676096444
-0.067968569719354 -0.0433562659278718 -0.197711684405472 -0.0991610919499204
-0.0902799970105848 -0.00737134815886665 -0.34282338158263 0.0645307510445116
-0.0952585113796631 0.0297110030700243 -0.316618599080641 0.231025213513356
-0.0830770164216114 0.0249881666703211 -0.246518003589765 0.271644245693399
-0.0857358826177858 0.0128273752827797 -0.270136748079247 0.221643530408124
-0.0941708704266856 -0.0205238977186291 -0.291436903209108 0.0939352373107073
-0.0609886291080171 -0.0564114456783179 -0.234509580264371 -0.0727850675840616
-0.0193167020201609 -0.0606059482023605 -0.0689236567153607 -0.127682541615213
0.0167441819384834 -0.0680089624461315 -0.00414418669687842 -0.0960252649151226
0.0971107238913417 -0.0476386965219339 -0.110033505832556 0.0161804450282505
0.163053089465831 -0.0152788510373027 -0.38114570482902 -0.0767552935746929
0.0318318694052254 0.0626046686501183 0.424352175260594 0.0941561269042136
0.0820163082254115 0.0353723797048648 0.181025565313419 -0.0920960044877058
0.0583796484824357 -0.0572167706481454 0.00519458305025123 0.0471897127501395
-0.0478561039054793 -0.0832693595085509 0.0377853753519046 0.1260752880623
-0.0739299106035943 -0.0167457783793502 0.209146595773794 0.112856393280649
-0.0559222413794443 0.0315477577297279 0.320171727055051 -0.0592301621560696
-0.0188234210074118 0.0688781592501749 0.298783886302778 -0.204098334722569
-0.0187835615186485 0.0832909225827102 0.256042159451221 -0.260791403301764
-0.0324866484469809 0.0851722651918664 0.284803797220697 -0.23783618542823
-0.0823385206375368 0.0429429016767703 0.316603632036979 -0.111934534205422
-0.0937053578691464 -0.0339646285335452 0.239676194484084 0.0487427888328974
-0.0456188225160706 -0.109420420479491 0.097523692828985 0.0386979671888397
0.0945579789132738 -0.074282084376947 0.157460830357492 -0.00733144595926022
0.103164514953455 0.0591789649170595 0.391998716172104 0.0344640410627036
0.0287024937938721 0.0921940226231121 0.545360832235897 0.339944256515862
0.193746515491213 0.121719925776268 0.399565085281953 0.0776627510796692
0.238758112791725 0.00925079859592801 0.170990442563919 -0.0819876161426344
0.127805014896569 -0.158865501239666 0.027423175798408 0.0388243934817875
-0.0994054265254995 -0.203174167250482 0.0331444187457542 0.102794522184887
-0.190864306082743 -0.0792565962565877 0.181632538459484 0.105615400654992
-0.189793642994657 0.0451550931761115 0.277116306850791 -0.0328269200714257
-0.130976207968448 0.151081354382718 0.263941999176355 -0.154333495145701
-0.117876141168377 0.178446226999531 0.229121044993506 -0.208522373132682
-0.145134779015251 0.178675088752067 0.239798860534353 -0.193919456635052
-0.248180836589225 0.0756556218422725 0.269853342274403 -0.100575419925927
-0.249704941212017 -0.108573315167389 0.206622620514942 0.0250510306427939
-0.139926646713378 -0.281162612494271 0.0955981304151389 0.000171934199239998
0.190230183384565 -0.260457994743501 0.167797781567458 -0.0443705255391023
0.342922441529341 0.00821481415938526 0.36405475682754 0.0118908515018033
0.270931219061497 0.165146911688111 0.483818630039114 0.290372250956045
0.33831058538745 0.174084873468881 0.319342259871212 0.0281701443377064
0.392884297772039 -0.02182385023811 0.121836177097378 -0.0732984527948075
0.197903227998915 -0.262952783351817 0.0405279179937601 0.0376414343808888
-0.147094678052817 -0.321471716675765 0.0366511650410298 0.0764736624050242
-0.298443222865642 -0.142620643733779 0.143177287637664 0.0801620026159173
-0.311393968880975 0.0500021649759218 0.199203432881914 -0.0108770331488839
-0.231929343397659 0.212515663098459 0.191368731304991 -0.0846713649320928
-0.200622335266643 0.246836994908829 0.169664459196655 -0.12348960474092
-0.230581791814485 0.246317601174484 0.161252739015068 -0.118522257429168
-0.373660946211598 0.103704584703743 0.181105976394343 -0.0696454015109483
-0.375658537405599 -0.155367796811533 0.134891942064844 0.00115774260845129
-0.238417548693154 -0.404465285201743 0.0721699505715243 -0.0432509734912201
0.234082413142938 -0.422177683769534 0.15343070079771 -0.0858973898746724
0.520226340931377 -0.0655801958252895 0.292936772192501 -0.0125142213846374
0.468518184313107 0.195941537046696 0.351243989866218 0.217379036960047
0.450125255633769 0.20729618697312 0.182295583318023 -0.0520045966556564
0.52091764390018 -0.06472778308144 0.0251148631239644 -0.0650670574353108
0.252097658998243 -0.364899626187436 0.0346077958134934 0.0420194381193526
-0.188353327606107 -0.417752899262765 0.0357831593813349 0.044557412514948
-0.381449803676556 -0.187593956733654 0.0832305218818246 0.0373169593299769
-0.396805600260021 0.0511249901918823 0.0844114121819914 0.00747829411835155
-0.301719692290728 0.245124812812922 0.0827020286417465 -0.00273943664285173
-0.251686465081957 0.278401015562497 0.0838877818758681 -0.0214164804239152
-0.276879669235879 0.274950739109484 0.0609822275396554 -0.0240626682764616
-0.435478197610189 0.116233396852972 0.0655213962063528 -0.0208012721685041
-0.443346526593113 -0.171809556714518 0.0352376771409782 -0.0147663320007303
-0.305224776969222 -0.455730781968074 0.0277713107198015 -0.0810151453393483
0.229080800941253 -0.514203647134996 0.115037673476723 -0.117911474988019
0.602042750620977 -0.132075033982393 0.184847473482241 -0.0217902341847877
0.581413033978544 0.190470462724787 0.168407312442509 0.136845129966296
0.502975038374094 0.206845123630597 -0.00208583604288303 -0.151610684172341
0.582515554795779 -0.103169078292347 -0.113066484599598 -0.054362191230108
0.272429663874125 -0.424983090420555 0.00672519801328589 0.0456918460748065
-0.208450709225905 -0.457351415907319 0.0215784258101042 0.00336210803270202
-0.407513376389358 -0.20194300920731 -0.000928544445054313 -0.0148818214064116
-0.422862984086692 0.0476551968575019 -0.0549522887404677 0.0268505835817002
-0.324821520484816 0.243543762757427 -0.0438803401070524 0.083200133008928
-0.264195730370992 0.270566693979663 -0.0152324846004744 0.0829603923451389
-0.280843318816722 0.25812006631232 -0.045289976112936 0.073015436607845
-0.427859879249952 0.104286824859948 -0.056194529861308 0.0347644528815573
-0.430712596289101 -0.165330431820531 -0.0721136117649685 -0.0225530944153215
-0.30104747032853 -0.424703053800471 -0.0238360335317349 -0.106468270618155
0.19335872488711 -0.498103035972108 0.0652131815031499 -0.131997889918403
0.571897936405206 -0.155417348542002 0.0696782911370168 -0.015348887311217
0.590589164127535 0.156903706227284 -0.0276637394410487 0.0617005807944003
0.473038351613187 0.166953080179274 -0.205873240922665 -0.250000779373883
0.536763086977987 -0.120385093550186 -0.262990769535568 -0.0406991304189718
0.236418087578768 -0.398512617681495 -0.0367729112683 0.0436405090027753
-0.186902014231924 -0.401673949484672 -0.00567350681278916 -0.0369484886760763
-0.356621443964044 -0.17642561123685 -0.0935343703172548 -0.0621601040993016
-0.371547249571126 0.0400164203240299 -0.191438412456671 0.0466871689530413
-0.291667507868833 0.206136542590215 -0.165863336902625 0.16058112834829
-0.235126281826096 0.220170278461399 -0.112385875375785 0.177038797612889
-0.245149805079609 0.199977371411656 -0.142745858484058 0.155273128607621
-0.354709286766337 0.0684146514949367 -0.164365822963932 0.0808808893547126
-0.340543282549199 -0.143528017216597 -0.161443306080999 -0.0298471853632719
-0.227458583940213 -0.329603489738995 -0.062228084012138 -0.120114602253075
0.142494630033512 -0.383117871114911 0.0239086273609333 -0.130495115787516
0.45142746054404 -0.130299310064351 -0.0247293446577828 0.000825901981447509
0.50363825037845 0.104894405093387 -0.2002464262566 0.00201923675577854
0.359163662201537 0.0979825972086181 -0.389459922460119 -0.326228574150553
0.379709551468104 -0.112176463029025 -0.386942743710994 -0.0277152047658136
0.148722603810833 -0.284315619113562 -0.0858922810428972 0.0390352981887473
-0.124499421700592 -0.25770207856966 -0.0346199770105622 -0.0611171955272403
-0.230369196877861 -0.118261718281939 -0.166704229695143 -0.0924221847748303
-0.25027812086721 0.0207548216239891 -0.295454872499546 0.0646626049548699
-0.208795650427165 0.130731924047843 -0.259874680956537 0.216462781700155
-0.171999562904867 0.134586696023431 -0.1906915955733 0.244877568664584
-0.177001349238531 0.113689682364623 -0.219388717356794 0.209283090248038
-0.235984363108925 0.0214353638946113 -0.243185307179522 0.103505350620042
-0.204177843981036 -0.107921361949322 -0.215919892404669 -0.0455462544871114
-0.117574642898868 -0.196774610934927 -0.0759000402427801 -0.127557801584903
0.0836417286148222 -0.220043193322075 0.000638818567314516 -0.116973139765943
0.280149292286595 -0.0849044889269328 -0.082604793970344 0.0135272586585726
0.347937766001268 0.0467204269538217 -0.319778440368399 -0.0407062717491294
0.178111333345991 0.0108641451999477 -0.518037064227004 -0.363775529477713
0.154038996836489 -0.0795173887743072 -0.461155666030521 -0.0112669846790521
0.0293795407897464 -0.117932634715695 -0.130305124938436 0.0422931894131157
-0.0430123134734401 -0.0684572828914328 -0.0535769376594956 -0.0563189567697323
-0.0680862539685017 -0.0416392740402611 -0.200545185467216 -0.097610048217225
-0.0892601841801338 -0.00421251490524597 -0.341859641551376 0.075058399618886
-0.0936035190407899 0.0322956131608863 -0.310188037884635 0.240476507706916
-0.0823232865066258 0.0274947661734598 -0.23862540795895 0.275491220445721
-0.086058777149718 0.0156100251605873 -0.263703834670174 0.227903772093458
-0.0947897749939196 -0.0178955349624536 -0.289144746538143 0.10104081814753
-0.0612124894214148 -0.0539668683683593 -0.237820895431388 -0.0665474788154722
-0.0198567107322216 -0.0580265456228064 -0.0717065795073123 -0.127507504654291
0.0135778949537982 -0.0662106048708356 -0.00891203454678303 -0.09667910790258
0.0961534261130547 -0.0502575168362548 -0.109274479396277 0.0194462029304533
0.162932789261166 -0.0181485069849015 -0.379299068554587 -0.0680046106837209
0.012592595913323 0.0698354006934476 0.402000514305326 0.170993826923177
0.071113570338116 0.0513611372372373 0.192095328577107 -0.0563573922043767
0.0655113799093187 -0.0451398607780993 0.000126361632485218 0.0488450650237498
-0.0329561164337268 -0.0883573029477416 0.0159387137680266 0.129123109997256
-0.0727302444405932 -0.0301997756148466 0.186296823828811 0.148914713715883
-0.0636850529516401 0.0203595285572735 0.328384839210826 -0.000465858952861607
-0.0325119337385992 0.0626962041313494 0.335690604831146 -0.143403507220413
-0.0354401576912288 0.0797307390376483 0.30053687705702 -0.204140309196121
-0.0491970723599927 0.0773373172607663 0.323573300140841 -0.17809895476054
-0.0900077707783523 0.025703156099278 0.330852066306288 -0.0482148088091546
-0.0866951719691793 -0.0530693720588996 0.224481484547442 0.0934967871191755
-0.0206036690570791 -0.11641373312743 0.0862563160288804 0.056413606863401
0.111428182233124 -0.0537446801953111 0.163006197538325 0.0221501042018257
0.0906819400044038 0.0776365251162069 0.387116957920851 0.111699249953878
0.00716858213396904 0.0961602472561061 0.47747676277661 0.462224578797516
0.156830925130522 0.159409463932953 0.381364736362172 0.151655082872736
0.227356245092272 0.0531964017204507 0.179519757690915 -0.0428766620190281
0.151093805517367 -0.128645504621493 0.0263649111432739 0.0467505789668711
-0.0599354179565866 -0.210815045832103 0.0180080272191384 0.104179627769714
-0.17301274901321 -0.112184614604964 0.16371243129629 0.136168524501946
-0.196651727455142 0.0093903355038352 0.282175269525858 0.0144707449451434
-0.156006976475394 0.122640923346366 0.290770655971705 -0.102523310545446
-0.151453296540159 0.154628594083901 0.264227137349767 -0.159147683162613
-0.17728439807339 0.146843657221194 0.27118418511175 -0.143853065257675
-0.25831525038082 0.0253768853330061 0.278918489904391 -0.0480118731982448
-0.225097455663826 -0.157814554490716 0.191634034130384 0.0599913423944211
-0.0773713904286725 -0.302821942392068 0.0896170442912239 0.0116396960216345
0.247279637695649 -0.216760976225776 0.182619452526392 -0.0187915448923979
0.337529882569052 0.0774888814535171 0.367410488366282 0.0884420850786369
0.2301877032776 0.218268602213037 0.426566857124307 0.398740093284552
0.286006728263046 0.240239947785646 0.313378924699394 0.0881036516011808
0.382212513766801 0.0491754655569166 0.129192109534472 -0.0378155569668451
0.239101172314047 -0.216382371105016 0.0422410585747537 0.0509813145161968
-0.0827067532553381 -0.33056898618923 0.0289171106344574 0.0783058011755854
-0.264624414413741 -0.192796944909536 0.13312629734468 0.103237013036801
-0.315112824527502 -0.0085791809648933 0.202179343770409 0.0194748349336546
-0.264756775356747 0.165366714034045 0.203161143438482 -0.0477428183075946
-0.246665288049065 0.207639013639558 0.190435182449522 -0.0880851672160963
-0.275902096280762 0.195736887846226 0.179498988094436 -0.085199040131447
-0.386878676270398 0.0296389697183613 0.184372483741233 -0.0355362572705017
-0.340940640937311 -0.227729245160576 0.121819574672135 0.02024774664717
-0.145062964922777 -0.442007411204927 0.0716826869971203 -0.0410188653515093
0.326669678553219 -0.367528538489368 0.176947122166378 -0.0684168434654827
0.527850722311052 0.0420695287109564 0.303676654089103 0.0517986402239538
0.418016530958897 0.293137857291034 0.312085074092645 0.297125795030655
0.391032359137735 0.292436626162877 0.19455941883414 -0.0156466422972886
0.515359739068842 0.0306950398661657 0.0326921812969762 -0.041813722369045
0.312098073025968 -0.304318353761416 0.0377814206734448 0.0566741060688921
-0.104908749781948 -0.429738505256273 0.0365931505498641 0.0454822543823472
-0.335657036835305 -0.250736111741371 0.0836237520886667 0.0497155596365793
-0.397193011125386 -0.0237911721432313 0.0855528333038855 0.0152578849952476
-0.337737448316931 0.184958218899432 0.0792882998776222 0.0127190770926674
-0.304529550586107 0.227790805933327 0.0871215977229293 -0.00503343925175022
-0.325163797418236 0.214200098817247 0.0618413218113797 -0.0120459450181093
-0.44995309177012 0.0301497633073438 0.0600716244589709 -0.0114011737644194
-0.402736307352521 -0.258878759394445 0.0239061593065358 -0.015349851808658
-0.199217713747548 -0.503270429056814 0.0329207136992594 -0.0895645952136379
0.341425872374827 -0.458210415864195 0.14288031515116 -0.110635965155963
0.621631611294687 -0.0046275267160121 0.198428856675365 0.0208980778033847
0.529929698994001 0.311438886720707 0.146287457947308 0.175238845159201
0.443348618753075 0.301338817557458 0.0316665140895266 -0.148400688862214
0.582802484609074 0.0019891808783347 -0.104873987172666 -0.0530848433115381
0.342667807580229 -0.358431462848576 0.010926115861505 0.0558720954573402
-0.114548171744421 -0.470944928390182 0.0313193764241171 0.00272935287702493
-0.357127326249795 -0.270212385513414 0.0102978422851269 -0.0171345370122607
-0.42101429287002 -0.0296667330963488 -0.0557320998684169 0.00785597062995978
-0.3594684254366 0.179755431004964 -0.0634958132679318 0.0734636667898643
-0.313163789322658 0.217479747268157 -0.0305404779247383 0.0771446739621013
-0.325887296482448 0.195226220023933 -0.0611833506339893 0.0630454595116748
-0.439209087997407 0.018562175951534 -0.0701845498921722 0.019463999802213
-0.390918774730913 -0.248831876560954 -0.0806322828497128 -0.0436745591979989
-0.203125475514431 -0.472308119776308 -0.0121883605648784 -0.124771798804189
0.300558012721615 -0.44829378679238 0.0943484306798386 -0.134716656997725
0.595185196497387 -0.0356212519207051 0.0815829908342629 0.00470744977850276
0.544724788347477 0.280860456602586 -0.0354703310776142 0.0581626525211656
0.425541073110254 0.257181837978733 -0.150922002017183 -0.283759926728578
0.54292154573809 -0.0252453469466792 -0.253199839840057 -0.0682993463496906
0.304690438148183 -0.340899938369927 -0.0331457424341635 0.0452059057388918
-0.104408314077103 -0.415487020411262 0.0110948636811896 -0.042073812604365
-0.311530494266274 -0.237070171716687 -0.0737229798042465 -0.080961125871793
-0.367330473587484 -0.0300252954269314 -0.195684670843135 0.00381474045992664
-0.319618573806995 0.14966191292889 -0.199138376469565 0.126981361664273
-0.274358878628003 0.173436202757728 -0.143361650260227 0.149841759176629
-0.279408544662888 0.145425849146513 -0.171710662496152 0.124526617244908
-0.36000067290924 -0.000502270074088434 -0.183256820738726 0.0434618653762544
-0.30564602407899 -0.208657178671184 -0.164325197301876 -0.0669627528199687
-0.151751201562547 -0.362524824485494 -0.0446572266029334 -0.143898313262756
0.224166523015294 -0.346054827151742 0.0501318689081681 -0.138017901603184
0.471650063875073 -0.0341792573024504 -0.0179712763823615 0.000795241341762195
0.471262380669221 0.210932650177186 -0.196925272161686 -0.0395962777508004
0.333081716652622 0.165070057261188 -0.321154292601106 -0.396178533511034
0.39245233451985 -0.0459082265045879 -0.376363046201012 -0.0833141434448722
0.197965791382555 -0.247653774234173 -0.0836120796261746 0.0285736949314421
-0.0707883819889345 -0.267781762961567 -0.0158318597252998 -0.0692842619294318
-0.199020048929295 -0.156934157856681 -0.142298499927014 -0.123481064657066
-0.245067515227376 -0.0254787844354984 -0.302794776733593 0.00426050665156348
-0.225205789787246 0.0915389168579329 -0.302544798201803 0.163336955185804
-0.195235676295439 0.0998031320562079 -0.233461162678069 0.200228591845283
-0.195097490473716 0.0743534320358329 -0.256325804979681 0.162710842140386
-0.234003103044409 -0.0236986010639682 -0.262525239563094 0.0511122255966711
-0.177207278361506 -0.145937681936948 -0.210465016177943 -0.0902745723388503
-0.0731059237629273 -0.211767797659582 -0.0532329436120298 -0.149348497896568
0.129790807406736 -0.197336850747493 0.0226365309315347 -0.123777848575764
0.29273618400946 -0.024511013257552 -0.0810596978424025 0.000759271174202773
0.331554999826 0.120274352903357 -0.309548214891513 -0.108732194828919
0.178253843293226 0.0435275519633377 -0.440765660661225 -0.457414979455273
0.168159002013829 -0.0550997610204422 -0.452058442373297 -0.0898486012245073
0.0518505188208588 -0.110399713637526 -0.132623345788819 0.018568534460975
-0.0263124148466415 -0.0733821725081743 -0.0394187825402535 -0.0667902498502374
-0.0548345304179079 -0.0527290496222957 -0.178321908932847 -0.134222535505134
-0.0826899921073129 -0.0208693910744252 -0.352128459284788 0.009430780952147
-0.0950051184945385 0.015387137690599 -0.354778804687755 0.177544115631481
-0.0865230086011958 0.0109779178192318 -0.286380263601265 0.221487854690959
-0.0871240985165648 -0.00309457575754932 -0.303082682481879 0.172501844396584
-0.0890578907447828 -0.0355022970706833 -0.303826199181986 0.0409683141537198
-0.0473987742150593 -0.0640964716612301 -0.223816301837356 -0.113054062487431
-0.00719197054454345 -0.0578169053897893 -0.0462871906044048 -0.143201954802651
0.0263424953240091 -0.0611605639831171 0.00759531026699819 -0.101019313840722
0.104436699649534 -0.0292305004170554 -0.11067575808765 -0.000514511807044999
0.164452375038171 0.0169089176268907 -0.365325814754794 -0.147530269219082
0.0127314671817544 0.069486088682348 0.402895265763336 0.159772924146748
0.0718938157319907 0.0500120111351911 0.188608957023742 -0.0616507162057466
0.0637315953334008 -0.04549579207066 0.00319970077896046 0.0477304870553454
-0.0357780617263429 -0.0860589571480221 0.0185023655013027 0.127011568442566
-0.0740337573115682 -0.0275556584523642 0.189841990489019 0.143799992778888
-0.0645840650207468 0.0223614236564263 0.32649619746799 -0.0106139081382658
-0.0311303549738554 0.0634634710404999 0.329650222393221 -0.154315042792089
-0.0326697041428492 0.0805183766636731 0.294208801542515 -0.209722329003225
-0.0466193662094758 0.0787511838791619 0.318032582284819 -0.185157077384988
-0.0892629657478988 0.0291997098882847 0.328757242186129 -0.0588236689994331
-0.0900231991193886 -0.0510506358936862 0.228369918989297 0.0874552180751503
-0.0250079666554422 -0.115853660400566 0.088497531422991 0.0552700159023565
0.109669788784517 -0.0569926998226096 0.165452973891309 0.0196842058021544
0.0916761801081463 0.0759497125190479 0.387726683985868 0.102423593801075
0.00772825973335388 0.0956440612660626 0.481070844714139 0.449540790913821
0.157382188063255 0.157331555684356 0.38176316453346 0.141599308731905
0.226861335194639 0.047984398181733 0.175904882752983 -0.048423712505314
0.147173258753455 -0.129447999088708 0.0305215724514975 0.0447339302369576
-0.0648335096299152 -0.206010956335782 0.0207518811695003 0.101903455602492
-0.176233072021369 -0.106448433597564 0.165926997555388 0.129647135379069
-0.197048677468095 0.0150787371489913 0.280326562572256 0.00566705987176152
-0.151421156951044 0.126826811178786 0.286031370830005 -0.110731804608243
-0.146178152872983 0.158410823907294 0.259338021377123 -0.165197604039877
-0.172349607426843 0.151475422919187 0.266502285585613 -0.150214206347874
-0.257529194921502 0.0340665559925646 0.276902755379626 -0.0582892366271073
-0.231517945861019 -0.151340687296336 0.194982019625819 0.0536786318855732
-0.0859331086197588 -0.298772142125103 0.0898921424015873 0.00932144472512985
0.241590201390977 -0.222471563119261 0.183234486101278 -0.0219185830761108
0.339051427989637 0.0695599801285622 0.367342314915164 0.0786208677241378
0.23043536147498 0.213249753209682 0.433001880099195 0.388551098804968
0.288215233662269 0.235280405830405 0.312821655543429 0.0791308097696307
0.380856251715504 0.0398527976422716 0.126094798063473 -0.0421806325129567
0.23304311129506 -0.21773154623211 0.0463837109122229 0.0485091037914348
-0.091115919079271 -0.323785684911545 0.0310348345312576 0.0762532926135454
-0.269561990834636 -0.182603500469484 0.13497910582294 0.0954929810534334
-0.314806086059696 0.000770729700530632 0.200829542112391 0.0136861640485733
-0.258785896994359 0.171679415237904 0.20204146772745 -0.0531793900892637
-0.239475321627962 0.212998393920312 0.188004374927291 -0.0935784869298983
-0.268009641836479 0.202638571033098 0.176722574880566 -0.0890123623199022
-0.384306520982719 0.0418346962502738 0.181943369871738 -0.0437077211638632
-0.347269977534752 -0.219123160481052 0.123306822934862 0.0158054650523989
-0.157141077026936 -0.435464927631426 0.0706694346105767 -0.0439710384067613
0.317292996200399 -0.373303080777011 0.175469684934302 -0.0716000332457958
0.529160513081493 0.0303652405515295 0.302145914711823 0.0433638533998149
0.418930413180577 0.283147314344384 0.319080601248738 0.289566613081464
0.391298371835994 0.287328250344043 0.192218033483603 -0.022996122777953
0.513198485446688 0.0171152025014835 0.0293117104384973 -0.0436999603797249
0.305282388071227 -0.306789646114703 0.0418559641608737 0.0550542066325816
-0.114602778114809 -0.422952638640084 0.0386110086390425 0.0432074997749624
-0.34079252865567 -0.23986306603172 0.0844726229394672 0.0415597378064324
-0.396701057251464 -0.0108198899649005 0.0845519759950393 0.012398210283572
-0.331215883159759 0.193645898003538 0.0803666162555196 0.0114153289185096
-0.295939314605232 0.23571220842001 0.0861476470276133 -0.00922478504607408
-0.317054722866906 0.222354385717748 0.0620343869355746 -0.0133599683019243
-0.448615275413418 0.0436232250145173 0.0586721857564936 -0.0160527016355847
-0.413141553688787 -0.247902063518056 0.0242037621211289 -0.0175670342678732
-0.212583996405302 -0.494313013843021 0.0314633140762806 -0.0923978976307838
0.328634646142473 -0.464470664448843 0.139763698598486 -0.113769055301037
0.619410127730845 -0.0192920785283136 0.198438903751611 0.0146659531593181
0.53106887023089 0.300399328401485 0.152505237240962 0.172929713388637
0.445194652603788 0.295424674770859 0.0278511535927404 -0.152301462408388
0.581406304580948 -0.0125431767854445 -0.108712182682098 -0.0517286661134904
0.335873202321733 -0.362940256234952 0.0149443988597499 0.0557336718371975
-0.126031866556912 -0.464363418901081 0.0320843169726211 0.000496515439947475
-0.363484786569031 -0.259090024156869 0.00955511514068276 -0.0241868772641557
-0.420089081384849 -0.017687715358223 -0.0568272387245546 0.00975980649367124
-0.351383825097268 0.189773285985554 -0.0599161129539707 0.0765998045306092
-0.305814754676686 0.226456764190487 -0.0287894518790224 0.076168387938032
-0.318790716173473 0.203917989919365 -0.058697677807649 0.0645420051900646
-0.437747752269258 0.0339715274394192 -0.0704684354544557 0.0188262144102817
-0.399131810967394 -0.236986767469077 -0.0814443314543346 -0.0429551071781139
-0.214897558357401 -0.46259698746849 -0.0153570361832398 -0.127335603290733
0.287819692158545 -0.452846020520032 0.089105488367675 -0.136803726971233
0.595735158487998 -0.0488277138321367 0.080983878981702 0.00157514548082291
0.546046052985806 0.26789167573235 -0.0301257654473436 0.0598240272332475
0.428137263732334 0.250267727149124 -0.156349285398925 -0.283373657112645
0.541826590064134 -0.0393388870419934 -0.256251257931321 -0.063162924173633
0.297045207742736 -0.346231808931832 -0.0295869524860698 0.0461777917001046
-0.113240182814228 -0.410193631475386 0.0112025580800234 -0.0432858829379354
-0.315610568278985 -0.226654616667609 -0.075976394122526 -0.0856600103702057
-0.365393274263094 -0.0178659129798787 -0.19584960774389 0.010180294189408
-0.312271612044599 0.157400615718098 -0.193211903946447 0.133497621255613
-0.268429526902067 0.180555516973419 -0.139241804448007 0.150426708093183
-0.272782680732956 0.152661417064219 -0.167615965833415 0.129270362094711
-0.359028260148734 0.0100770231403422 -0.182184131289149 0.0465228170106699
-0.31250460324545 -0.200069538892024 -0.16606736248106 -0.0627179494911936
-0.159861639584826 -0.353613892678401 -0.0484484147397174 -0.145170458176214
0.213524797627982 -0.347824869480291 0.0439607119832614 -0.138603669420153
0.469979020934823 -0.0441189410168279 -0.0169209955213492 4.31134910761467E-05
0.469246211801764 0.200968902989038 -0.191883960126892 -0.0331914178311097
0.334309685953023 0.159829006101824 -0.327132311963954 -0.390713025804656
0.392230687368398 -0.0553900541085254 -0.378222238014076 -0.075113248977088
0.193359535215705 -0.250595696647553 -0.0819670327658102 0.0304743365477179
-0.076174559248293 -0.264720349843933 -0.0159031743496194 -0.0701356763753324
-0.201935719595781 -0.150576293171719 -0.145337807468483 -0.124790728009263
-0.243518554529478 -0.0189084878665699 -0.301423600979024 0.0139354849387222
-0.220544993499116 0.0973245699755141 -0.295202567175324 0.174002780451373
-0.191377116824685 0.10518114877814 -0.22697374167857 0.203642098616465
-0.191858191247075 0.0791096006138484 -0.250045349554885 0.169418639616217
-0.234330253440996 -0.0171541569762898 -0.260722678875751 0.0582243541844078
-0.180728811270315 -0.140237690271079 -0.213413916765263 -0.0846090701149949
-0.076713503443414 -0.205776884845923 -0.0570780179997538 -0.149638906531007
0.123593274594852 -0.197145626582942 0.0164780476455926 -0.124410471544766
0.290940707335514 -0.0319184693030998 -0.0791626874277645 0.00249685571594876
0.330789453255361 0.1131314760857 -0.305880073609084 -0.0987075086044472
0.177440550329725 0.0405955462193607 -0.44735262798922 -0.449765960985771
0.167696303046655 -0.0590014567211238 -0.45246630832606 -0.0796153722567927
0.0500639352479034 -0.110851273036496 -0.131818778865469 0.0227107669036979
-0.0272346531452459 -0.0733401829102261 -0.0394472796712476 -0.0668999228873891
-0.0554871189582771 -0.0508776577148239 -0.181277172100525 -0.132532543284162
-0.0816168427467753 -0.0187528533577243 -0.351023149375858 0.0200739105183221
-0.0939110987037765 0.0177856806603192 -0.346777141743833 0.188934748945397
-0.0861300126822291 0.0134959112292114 -0.279659669648939 0.22637885271945
-0.0870509269260303 -0.00101821234793114 -0.296862535367113 0.179826975641389
-0.0895248758709056 -0.0330549926969125 -0.3021300459152 0.0501261445660766
-0.0478666366171261 -0.0625763768021339 -0.226641766317437 -0.106144167637751
-0.0077628281704063 -0.0555215671869038 -0.0498383633825089 -0.143378723804462
0.0228469184150789 -0.0599941037501444 0.00236088656243806 -0.101235567235005
0.103804829588765 -0.0321234101852708 -0.108785187024195 0.00212400658708059
0.164044737114814 0.0133330798479947 -0.36380058597459 -0.137124145358721
0.0129190129860077 0.0695350933259698 0.403298102413457 0.154285630225632
0.0717361931359519 0.049355164762603 0.184772192105373 -0.0643845079501324
0.0613818160141773 -0.0444819583653605 0.00548101282941541 0.0461290134703515
-0.0378755359691397 -0.0835679685522786 0.0195889578272862 0.12670518396437
-0.0743876843941248 -0.026101798581512 0.191248994125414 0.140549304571429
-0.0656445260596608 0.0239852362095984 0.324183242143559 -0.0167775515623194
-0.0302969913413295 0.0639305945483342 0.324979003668407 -0.159599913249955
-0.0302985314348174 0.0809450354265648 0.290129334399698 -0.213291827326326
-0.0450845267355375 0.0792260690673806 0.312819696818005 -0.189110519482351
-0.0891075947346164 0.0311393350106286 0.325827562784234 -0.0664108655054582
-0.0924901442396085 -0.0494294607861095 0.230752597772118 0.0827628131828396
-0.027102557199923 -0.115534320117013 0.0887995071871519 0.0547025778638375
0.108787986459101 -0.0593311015478166 0.167341407517139 0.0188597761426562
0.0920368876028794 0.0747342813184283 0.38623276828146 0.0970582174221697
0.00677078943057595 0.0949497775171173 0.48109685816815 0.442315620600731
0.156863844761994 0.157013563458141 0.382069236482894 0.134747737214309
0.226295156841243 0.0454673933244119 0.171846498420172 -0.05109769408995
0.144802713417571 -0.1281744763889 0.0327693043999096 0.0423597112585158
-0.0682359461688691 -0.202212254373301 0.0217426416555913 0.100379640943669
-0.17772251798886 -0.102634612640982 0.167682580856557 0.124315229483061
-0.196408147024834 0.0193221883317527 0.278918385232193 -0.000307647358986594
-0.149421533027574 0.128711427343748 0.283195834543412 -0.116056026435683
-0.143218661297225 0.160401139579741 0.25652119113073 -0.168476666983527
-0.168652939291929 0.15388159920683 0.264060920831418 -0.152999593705155
-0.256295805062721 0.0395280107450391 0.274419092536206 -0.0654401560971494
-0.235891742957462 -0.147646711098168 0.196630709730245 0.0492313430671036
-0.0907534563312026 -0.296482665124004 0.0904006893663752 0.00724482534083325
0.237842110195215 -0.225180805762989 0.184201897861984 -0.0234779067530239
0.33928722517782 0.0652891508218412 0.365910354656456 0.0725287657022578
0.228570958841301 0.210985791518564 0.435905492907341 0.383011754104127
0.28860456290929 0.234633991259195 0.310504028674631 0.0729135711127402
0.379804476646102 0.0352538384487101 0.121900711923739 -0.0446067811212794
0.229737489139094 -0.216692616959439 0.0501570080159342 0.0464241247338212
-0.0939890579409051 -0.318437956579482 0.0318574478769341 0.0742781842238303
-0.271110638715055 -0.177403843409885 0.135855092628953 0.0893278513357915
-0.313955318091781 0.00808599427982311 0.199233085966736 0.00907380341364136
-0.254216772924082 0.175759431913491 0.201155074972601 -0.0561733966659415
-0.234495443970817 0.216590619546258 0.185779210180098 -0.0967580424214092
-0.262800046827041 0.207154464152603 0.175409727171402 -0.091108397574508
-0.3834354029995 0.0488452927972884 0.179687289007627 -0.0501523955476209
-0.354954836301374 -0.213398129059372 0.12518736549694 0.0121369582488366
-0.16450400070797 -0.429999047272696 0.070669719673948 -0.0466531199758489
0.312327117475528 -0.377025466961548 0.173778049327883 -0.0731927751800139
0.528653197153564 0.0237295431831414 0.302247405595779 0.0370577296047822
0.415061037693685 0.279788366333201 0.320765984339019 0.285003668789326
0.391883143871121 0.286103645628738 0.189954781418541 -0.027883589287885
0.511886929578022 0.0100198721310179 0.0254356325655541 -0.0446103211727418
0.300810705548755 -0.306796781886045 0.0462217398237513 0.0534632855519355
-0.119902762789262 -0.417299405925905 0.0392295946252649 0.0414583935184456
-0.343439465732321 -0.232550314658371 0.0835975357597001 0.0341542481171361
-0.396533330338387 -0.00310548133474435 0.0830887018534766 0.0112633680494042
-0.325803584296074 0.19829072261953 0.0815291067866286 0.0107170255344691
-0.291262042903521 0.240691343508257 0.0856544077488523 -0.0115923775440529
-0.311176759040064 0.227836319086873 0.0626675327240256 -0.0136204816309346
-0.447372678945059 0.0523021861552225 0.0564053914164993 -0.0198535820336502
-0.418293159072777 -0.239764836518899 0.0250566722873409 -0.0193481828444709
-0.219919469482269 -0.486811433004468 0.0294468176635369 -0.095840230964244
0.321444662131282 -0.466120136134742 0.136821518651272 -0.11458090840327
0.618686954972276 -0.025896484488614 0.19760258591853 0.0106690162619813
0.527732774523781 0.294518021641739 0.155934989550776 0.17110891257133
0.446360852309585 0.292925874138248 0.0246174184576412 -0.155364643726835
0.580270694417198 -0.0206074520974134 -0.111574880136485 -0.0511072673274527
0.33207909486243 -0.363312081275788 0.0185107719210511 0.0542808975685546
-0.130961556403992 -0.458462150708386 0.0324586872077201 -0.00152371196421267
-0.365666685341042 -0.251458771192362 0.00792904647334688 -0.0305790368675199
-0.416504215269183 -0.00903866085964983 -0.0578061762593705 0.0113663308296276
-0.344780528280712 0.194844802175393 -0.0563668206570568 0.0788195658109046
-0.300500412910125 0.229343813902981 -0.0281143755193719 0.074905009283109
-0.313441520090473 0.208272755170908 -0.0560863129000552 0.065982826484313
-0.436739005582836 0.0417965081028897 -0.071728544995936 0.0171641501041112
-0.404047125438305 -0.229605310707016 -0.0818913167629444 -0.0423759580892822
-0.222104243597383 -0.45350283207348 -0.0175485888812967 -0.130036233068355
0.281844900705741 -0.454012510510528 0.0845657852698225 -0.136941673052375
0.592467271996894 -0.0543118591653575 0.0815241287342035 -0.00125484847405783
0.541145179579327 0.2624766385723 -0.0256762407224113 0.0611209376800672
0.426913585222926 0.248023750712727 -0.159990607946116 -0.28454181564855
0.54108949086748 -0.0473441174107474 -0.258358384433775 -0.060412158832899
0.293855325788243 -0.34664258557657 -0.0265443480772226 0.0457048337794618
-0.117937088810585 -0.406154600416343 0.0112426422450337 -0.044935014949696
-0.31684167535406 -0.220586782092453 -0.0785628550114259 -0.0904844909392978
-0.364054187666377 -0.0118275477848207 -0.195616424956976 0.014288010559143
-0.306501595969389 0.162408061860858 -0.187983495867162 0.138782244829885
-0.26392350178309 0.184418196570986 -0.137118790117468 0.150803331292606
-0.269124241314884 0.156216435955946 -0.163834464522317 0.132157946579027
-0.357474641346438 0.0157959214553047 -0.182542258574068 0.0482381401155066
-0.315201402158831 -0.192952992834953 -0.166555931167357 -0.0605517074979404
-0.16338288678582 -0.347033240446896 -0.0511453633228976 -0.146964815661845
0.208507455871164 -0.346801035396448 0.0393180642965968 -0.13894311050676
0.468136253590685 -0.0508734850218628 -0.016219107871487 -0.0010194217537405
0.467371990719645 0.196976865973964 -0.18666413468299 -0.0298694611436982
0.333359356563611 0.157742894623437 -0.328903545011654 -0.389078731015912
0.39119180218083 -0.0614524255599349 -0.378881734336211 -0.0705303256838288
0.191238321860781 -0.25187452638153 -0.0797538356045899 0.03136128822215
-0.0786168503452994 -0.26309569637975 -0.0164421778477535 -0.0710591888578967
-0.203098586018596 -0.147169823496928 -0.148196495963641 -0.127701817417289
-0.24153344666187 -0.014822159446965 -0.300403886305802 0.020270147078844
-0.216619005414781 0.0999550708393097 -0.288474437016846 0.180286900662934
-0.188675689036499 0.108560645896615 -0.224243482467902 0.205095853093754
-0.190033233872886 0.0815556988932511 -0.246087306385138 0.172357850974528
-0.234158075745551 -0.0120270343322471 -0.26013426555289 0.062042247190944
-0.182664526958786 -0.135758070636734 -0.214859692876305 -0.0805783213987548
-0.0789614685341967 -0.200934705892467 -0.0596991501646097 -0.150886935857175
0.119321633636207 -0.19600277201976 0.0122480237271697 -0.124180041644179
0.2896683049244 -0.036026998280838 -0.0779359070349754 0.00262519420742088
0.329237574626866 0.109652348724508 -0.301133698548716 -0.0929656456418929
0.176907827435602 0.0393920608647902 -0.448841534504677 -0.446421212552809
0.167537666540824 -0.062614546805547 -0.451957258751413 -0.0742851103789991
0.0494566816523899 -0.111778961010068 -0.131125082949937 0.0247335688423079
-0.0279128795595428 -0.0734009480057906 -0.0393251348734447 -0.0676926294815575
-0.0559668641451782 -0.0500154489524961 -0.183728216765909 -0.132316297710373
-0.0803755498356336 -0.0175553482407192 -0.348775070441154 0.0279860541568635
-0.092214037720874 0.0187939642935573 -0.340285563975533 0.19637939320906
-0.0854708904513265 0.0150839729665548 -0.275403505668611 0.22891771406176
-0.0867466788255069 0.00012287809251621 -0.292545445328012 0.183666380633956
-0.0898229482896781 -0.0311903388651399 -0.299651313220171 0.0566110338632675
-0.0476953698555052 -0.060415124104291 -0.229049213962865 -0.100700708712643
-0.00739358605840379 -0.053692757150785 -0.0523367028375963 -0.142751446536694
0.0206652691918326 -0.0582090049477068 -0.00180273901258208 -0.100539060741504
0.102640422655067 -0.0340435514134172 -0.1074345132134 0.00353708872915346
0.164280927251406 0.0115747859075145 -0.359068326676338 -0.129649905974567
0.0120775676449247 0.0705898555054316 0.403636897146664 0.155101880524738
0.0721536880884998 0.0510028049555978 0.183238430895928 -0.065988566902467
0.0623747602754896 -0.0428118504106194 0.00648605760608765 0.0460241336998046
-0.0385160832285696 -0.0827015536329064 0.0201343879284299 0.126956589753062
-0.0761592416602494 -0.0249356846201221 0.193758537007666 0.140672081618449
-0.0668368764663522 0.0253132170812506 0.325862725274244 -0.0208940268968765
-0.0306226025776238 0.0651057060221952 0.324692947097047 -0.164591378309363
-0.03019901462648 0.0818770937890539 0.292522254980049 -0.216627925422717
-0.0447958951561195 0.0807238978169545 0.315077535775879 -0.192522755093145
-0.0894404629356643 0.0325386886131674 0.326970269161291 -0.0701340428800328
-0.0950032746143363 -0.0488245963853143 0.234677426382921 0.0805900266909479
-0.0288603690131171 -0.115974337231755 0.0903831813856644 0.0551500455426999
0.10967825305615 -0.0612576007535835 0.170647243965578 0.0191738919893687
0.0926452258650628 0.0753135643041437 0.38846829555137 0.0971051414647061
0.00438825539180213 0.0963927175904679 0.480699077708442 0.446302096826967
0.156482450845928 0.159263127078855 0.382138431731522 0.135774330043841
0.226633190195054 0.0458311672623593 0.169818338603012 -0.052107107306597
0.145922816792441 -0.126071156979856 0.035713173715571 0.0416107903003088
-0.0688591736678476 -0.199860187530228 0.0214416329631772 0.100691656653244
-0.179504549441844 -0.101329506291119 0.168746965235395 0.122275167824908
-0.199214783529991 0.0217473783960153 0.279849897335756 -0.00292831513361265
-0.149415640034636 0.131317697194939 0.284089749266629 -0.119744345042137
-0.142277201295098 0.162875956086784 0.2582291145662 -0.171360033886865
-0.168201826806674 0.156674116158836 0.265206693012314 -0.155698596937299
-0.258724523588235 0.042342080854532 0.274665993413831 -0.0696408452869531
-0.241208751572919 -0.146672226106069 0.200558659094664 0.0466352388153246
-0.0942273943320631 -0.296844507274314 0.0909650624643044 0.00645460232646472
0.239064863362364 -0.22809964666137 0.186849944369735 -0.023287709120407
0.342221649920003 0.0661408952835894 0.367637085859206 0.0710702335846229
0.226590018874344 0.213704576630761 0.435877670523061 0.386779894309582
0.287558582559588 0.23890785267993 0.310776106913017 0.0717292546576474
0.380885021215939 0.0351249656141654 0.119486926542245 -0.0449344427105788
0.231536877954129 -0.214633014856235 0.0533551484397847 0.0449713889550436
-0.0955362341985222 -0.316976275000584 0.0319251042777229 0.0743000732894894
-0.273286394989782 -0.176763697347001 0.135044789179474 0.0858689496585428
-0.316222964014932 0.0106049707864104 0.199521767172567 0.0072297065536463
-0.253846586909845 0.178659802382699 0.202310419294414 -0.057697039249483
-0.234382148806848 0.220013297382136 0.186910029443207 -0.0992251872895813
-0.262192583767596 0.21007306320897 0.176881693331561 -0.0931429486932695
-0.386576966605634 0.0526457229828723 0.178391567113559 -0.0538796074822228
-0.362349956150912 -0.212725692880228 0.127105356493717 0.00964230037950834
-0.168852670568124 -0.430212033975294 0.0704429550688251 -0.0494167353591791
0.313304295623068 -0.379748128994765 0.175707756799963 -0.0732746218297172
0.533947039780758 0.0245307828807602 0.302230804750638 0.0364527110409791
0.413560591120725 0.284128890332201 0.324853734009596 0.287381936391831
0.39206524285302 0.291082321957843 0.188812839521401 -0.0302237410166069
0.514388173364261 0.0091883919413988 0.0223726071137281 -0.0457857129318539
0.303581356966851 -0.306179836541365 0.0496683142617648 0.0511789425301962
-0.120534110657786 -0.415399817760883 0.0394595724816046 0.0408171094960693
-0.34623023518049 -0.232484643379182 0.082560231818511 0.0288628183393334
-0.398435353403473 0.000501727712584805 0.0831608559663078 0.0112923393209654
-0.325391058032483 0.201656306884142 0.0841298170848536 0.0117559198059234
-0.289696653122597 0.244853599912451 0.0858400821083071 -0.0124708003693149
-0.311306443761894 0.230579784972532 0.0641903250142164 -0.0138711744483877
-0.450396606351367 0.0569670359433702 0.0545768139181013 -0.0232789406754999
-0.427351044431037 -0.238243534114073 0.0258862848630251 -0.0219099547043159
-0.224590797441196 -0.485838677172308 0.0289680066088861 -0.0989942361979145
0.32239036326012 -0.470379342438826 0.136913692140256 -0.115169889717237
0.626006365277146 -0.0275436978969156 0.198171798960256 0.0092082749565591
0.524770868486728 0.299461797144916 0.160314524864307 0.172462641850999
0.446826634195758 0.299133256518497 0.0231038269856189 -0.158798525814771
0.584081063913915 -0.0223808842316931 -0.115167508983672 -0.0512419672958035
0.334625499053042 -0.363932915457147 0.0220994740973251 0.0527676224314089
-0.134122512456126 -0.458586353749018 0.0325370215239852 -0.00246869254955736
-0.369369360566932 -0.251369345177009 0.00534190911677793 -0.0369777300737188
-0.420603911471767 -0.00663965729597404 -0.0581569515944156 0.0122778495180335
-0.346029879464757 0.197845501057783 -0.0532008163152699 0.08148648505109
-0.30010764270917 0.233991177557829 -0.0279968872319853 0.0752246580604234
-0.31292380926847 0.210709894963877 -0.0552223944705564 0.066411121497154
-0.440766970566065 0.0445838666035123 -0.0745536034824028 0.0156852848908016
-0.411813527808095 -0.228113731988558 -0.0818559858852545 -0.0435239657127445
-0.223804295089043 -0.452537282177841 -0.018865910251215 -0.133738979304322
0.282593964597749 -0.455451806344084 0.0837388497752297 -0.137935559000364
0.598812534515506 -0.055814380377708 0.0819179670692505 -0.00315353516746416
0.538871134944076 0.267844950185492 -0.0211093574402612 0.0616105104235481
0.428072507532379 0.254414073662819 -0.161799908437791 -0.289325704040437
0.545559104352887 -0.050498077979458 -0.262565215327052 -0.0600886216681379
0.297223460609649 -0.348607144832323 -0.0241046538933757 0.0443924646954622
-0.119270758897379 -0.407154106338465 0.0115671027479657 -0.0463609332513178
-0.319500092224312 -0.221011369251453 -0.0817882419652578 -0.0962788732383764
-0.365752197756909 -0.00991986114172813 -0.19784434933009 0.0165898674164136
-0.306833315240867 0.164377588007998 -0.184771399272651 0.142885223569048
-0.263224986991485 0.187212704364427 -0.138511874210872 0.152217392685665
-0.268735027342385 0.158817415173589 -0.163575000817293 0.133339367237105
-0.36054912156565 0.0185593899628929 -0.184972228105845 0.0491433466276413
-0.320564409045842 -0.190413113133179 -0.168330196432553 -0.0605277353780931
-0.16596820398162 -0.34459655349821 -0.0530166812474622 -0.150722991453107
0.20829645569287 -0.348166591208195 0.0371910005937028 -0.13954654905152
0.471194660073452 -0.0515094848156511 -0.0157332403846387 -0.00214290462690714
0.466296767485139 0.199317174451246 -0.183397191283747 -0.0289738811956825
0.334589896773959 0.161910961969206 -0.330884213109187 -0.395657304887464
0.39448841234942 -0.0637073946043977 -0.382936645988094 -0.070321621989757
0.193156917642518 -0.254692930867492 -0.0790122337652689 0.0307363895436029
-0.0795840802641853 -0.26508350001177 -0.0161436883220924 -0.0731394289937323
-0.204872469668311 -0.147926347899601 -0.15186839596778 -0.13233727283008
-0.242715345682857 -0.0142167803097541 -0.302199834815179 0.0235383875510282
-0.216321097211377 0.101463784515892 -0.286100663737005 0.185783539231661
-0.188461003407296 0.110387236325596 -0.224980038776275 0.207444873375517
-0.190012131204678 0.082739634465268 -0.245832166706358 0.175321727170999
-0.235725427000184 -0.0109097057668584 -0.261565682164829 0.0638583592132126
-0.184454563338938 -0.134874106460341 -0.217016304526917 -0.0797662437822782
-0.0784358998030235 -0.199551449395142 -0.062235711740243 -0.152736217083409
0.118237483819153 -0.195824752565927 0.0093802678332918 -0.124589682766315
0.292016374021125 -0.0370414329155636 -0.0771930611716279 0.00177532850319837
0.329193372861054 0.110152522530195 -0.298082801806214 -0.0922165764037794
0.177174395723849 0.0405595686602297 -0.450647365948724 -0.452464025896936
0.169117563387551 -0.0646095139486155 -0.454768840691852 -0.073376145436774
0.0494672136002256 -0.113561509184341 -0.13178566694766 0.024314824293744
-0.0279000830530957 -0.0748902951290965 -0.0390048305554898 -0.0695382353884575
-0.0561670033643508 -0.0507630420961276 -0.186826092550035 -0.135737477364409
-0.0808672019393751 -0.0186482035733092 -0.350404688935453 0.0310844906604085
-0.0917065059049006 0.0189426112298258 -0.337414555338463 0.202710545565847
-0.0855859133922895 0.0160501464684732 -0.276137662679806 0.230961102255479
-0.0880495482815742 0.000251357861657971 -0.293108396589167 0.185831489203164
-0.0914349888575536 -0.0306414748991597 -0.301154655632119 0.0592143803799292
-0.0473150315837389 -0.0607434153821779 -0.231135181834273 -0.0988887780092832
-0.00624047285698986 -0.0528132094671267 -0.0540176832033035 -0.144144115147905
0.0204015313968904 -0.0571656827888503 -0.00429951985098032 -0.100844753897176
0.103559336862439 -0.0352216234432873 -0.106691501160725 0.00371910185797396
0.165288108749051 0.0107962754619878 -0.357404274858354 -0.128080775006806
0.0117035209491358 0.0724810618769794 0.412985714471874 0.158451540761273
0.074080412851053 0.0535387983274535 0.185335261020829 -0.0680892403302981
0.064818377377565 -0.0419583347724428 0.00892743909596894 0.046900241051658
-0.039288675737817 -0.0831443597550131 0.0211631000071319 0.13037331200422
-0.0779821055526995 -0.0246048574005095 0.200278346769681 0.143378345228231
-0.070013592587652 0.0281436139147412 0.332650209497955 -0.0244593821986149
-0.0315934834344051 0.0678588251329247 0.330501882027083 -0.172036761914889
-0.0298695699280593 0.0843869122408811 0.299622324029032 -0.224369999355334
-0.0449807008339808 0.0840961679347224 0.322762146753 -0.198827313033614
-0.0920978319646026 0.0345938915622404 0.33485574521284 -0.0750188945640295
-0.0995662128542737 -0.0490529510220978 0.24321420570736 0.0803665247931889
-0.0306418017608922 -0.118886251966414 0.0928901485055735 0.0565756093898278
0.111592593125101 -0.0625819116269587 0.177848009050483 0.019949874718223
0.0942179867980776 0.0782653509322237 0.397080092057468 0.099130018994217
0.00256806111918388 0.0998653491919845 0.489138055247655 0.456361552079184
0.15975153120038 0.165205407221747 0.389632419828182 0.137832418957815
0.232094768874819 0.0473887847242057 0.171221334334537 -0.0542636552014583
0.15058376480094 -0.126434726921986 0.0388454539110319 0.0407350050122509
-0.0707454213357888 -0.20214518085904 0.0225086173993707 0.103195272475712
-0.184830416843902 -0.102139042568825 0.173394408518284 0.123628839705485
-0.204754708685757 0.0248595535305015 0.285725527856992 -0.0059769310550838
-0.152319969366083 0.136677464370954 0.290202876577097 -0.125199201347354
-0.144143686134737 0.168747510205406 0.263978291097175 -0.178101892330986
-0.170856357599102 0.16209785586736 0.271468467385983 -0.161314685754691
-0.265251731861418 0.0456083578268256 0.278995145157964 -0.0753441335622928
-0.251371629487983 -0.148430536386429 0.20701357147873 0.0451383086624222
-0.0982870730821833 -0.303363520159956 0.093379385304879 0.00496508915181566
0.245623968504906 -0.235069720247632 0.193405142752312 -0.0235312782661212
0.351311252926649 0.0681970839092574 0.376600820263332 0.0737385508371508
0.228609159120316 0.222935495806157 0.445046956411601 0.395935812783345
0.294011776419627 0.247855224793974 0.316317336545097 0.073040207928773
0.390060024188027 0.0354674463986749 0.119080262510642 -0.0465101017900416
0.239014890806503 -0.217273767465767 0.0576263913698818 0.0440344223610039
-0.0973150827453887 -0.320239694594011 0.0332247507715049 0.0760638189874861
-0.281025800419375 -0.179160669335523 0.137817359683991 0.0839730811805223
-0.325355825878206 0.0138838409604356 0.203930586123187 0.00623621203326602
-0.259510745519243 0.184945135654025 0.208412655596757 -0.0602436157188904
-0.239282639825711 0.22793611216093 0.190996863025812 -0.103013419110442
-0.266606278652394 0.218047726875348 0.182379881573006 -0.0967945983346766
-0.396868715753472 0.0574501746190068 0.180342648175182 -0.059078717586553
-0.374821841534453 -0.21495715405886 0.131943381900625 0.00658183980239208
-0.174990765410867 -0.438630966494862 0.071702367595275 -0.0530795014147881
0.320382540568519 -0.390420646496221 0.181684631878453 -0.0748195970702627
0.549092621760378 0.0247020683792061 0.31061950564388 0.0354266328112688
0.419671048496222 0.295998468050858 0.332871398828173 0.293709573438585
0.401386703088914 0.303059055894104 0.19121353493443 -0.0322269550650135
0.526909377913604 0.00760570968936965 0.0191265981720132 -0.0463457685340849
0.313598649962307 -0.31120800516333 0.0536668325696701 0.0501442202397054
-0.123375420505685 -0.423603082415755 0.040541186318223 0.0416994183227286
-0.356995269213962 -0.236563285844448 0.0824085310230414 0.0257357008039442
-0.40974665425897 0.00237340271333208 0.0843972507618446 0.0110576440905704
-0.331918962798717 0.208917502973915 0.0885947413693805 0.0123289863508009
-0.29513266130351 0.252299327205337 0.0872210316782017 -0.0141774242170996
-0.316869845210749 0.239033354776104 0.0668559078866918 -0.0153166070185718
-0.462331068045173 0.0615829630411742 0.0526226712453296 -0.0264522183635467
-0.442332897116533 -0.241337404949855 0.0272059652077548 -0.0248744768800702
-0.231836373008631 -0.495640525258283 0.0281247494381461 -0.104527568718256
0.330841783110052 -0.482707777913027 0.14024657594651 -0.118580809783445
0.643829283571972 -0.0282675528938697 0.203219028765043 0.00741661833538296
0.534195868533327 0.311801842732763 0.166337994446204 0.176573891816749
0.456014418968838 0.312228958064456 0.0212328444796433 -0.165065816843843
0.598337554859945 -0.0253696443465016 -0.121817536778661 -0.0521664151681731
0.344789759823461 -0.37220905087588 0.0249271515884262 0.0514940542898586
-0.137413255766655 -0.469014873585586 0.0335164159700213 -0.00287736364686427
-0.379863890283979 -0.256952728367185 0.00206980428024034 -0.0425425688089165
-0.431810446018536 -0.00472453426269133 -0.0607256172269191 0.0141408580431619
-0.352616764855115 0.20440852440939 -0.0505972377868986 0.0857097723631179
-0.306153496563087 0.240872085182833 -0.0300284767035952 0.0768130580240129
-0.319191632875825 0.217670680181132 -0.0555851921943156 0.0684867887887659
-0.451578042008212 0.0498521569088646 -0.0792921296704309 0.0151560778373913
-0.425470005080816 -0.230131797171504 -0.0839276592574636 -0.0460625365274721
-0.229608664359335 -0.459751841397164 -0.0212923220215835 -0.139797508925708
0.288379160370651 -0.467507509986316 0.0842366618922665 -0.141714436839757
0.615825470537721 -0.0573199704234313 0.0832535656303566 -0.00472329411178855
0.548673458037075 0.277704322853287 -0.0180452133028376 0.0630529863089076
0.437539509857838 0.26501069162297 -0.167436858121295 -0.299028834182622
0.559198765371808 -0.0534951569360755 -0.272538049683641 -0.061445967912381
0.305942110939578 -0.357125225046074 -0.0230357415279037 0.0432678471587078
-0.122684167463641 -0.417022195426912 0.0116134427493409 -0.0483532017557747
-0.329153163483187 -0.226609182433045 -0.0877521249296962 -0.103057988141036
-0.376513613129887 -0.0100285669778993 -0.202492844237198 0.0192891822574538
-0.313196264361068 0.169534856971034 -0.184922053882791 0.150583054865642
-0.268640614829345 0.193825750258838 -0.14213269462803 0.156825278884967
-0.274229663552717 0.163749024469455 -0.165962803924693 0.138163197439607
-0.370291226368969 0.0218917837626965 -0.192327129212419 0.0503145662100343
-0.329735624552346 -0.193640449988042 -0.172722387930989 -0.0622678206543707
-0.170052317736801 -0.350698608795619 -0.0560661795404419 -0.156880131455496
0.212500419881103 -0.355039506091078 0.0361147071655755 -0.142940970354492
0.48426969749548 -0.054644974486709 -0.0163328571455333 -0.00374145882854967
0.47404353642576 0.206252771174511 -0.182965327788769 -0.028989285090454
0.342690143019785 0.170069559173499 -0.339613892512754 -0.407675635893479
0.404096624228387 -0.0669268719966829 -0.394364991527118 -0.0718922808522774
0.197756007986018 -0.261384791335856 -0.0803707287427876 0.0299573712287887
-0.0820390653258665 -0.271581054897561 -0.016748066303864 -0.0761849107065781
-0.21159273732581 -0.151835331187875 -0.159057324230164 -0.138654450635706
-0.24967806076407 -0.0149086569404441 -0.30939755312536 0.0271855314326401
-0.220802950436422 0.104732537471007 -0.287795957037082 0.19453674136371
-0.192254054077713 0.113814877784316 -0.230527910686852 0.213811025185074
-0.194387747261176 0.0854316470828203 -0.251137263445899 0.181255265991493
-0.242480724589417 -0.0094548650327291 -0.269438882392776 0.0669116207751582
-0.18935669289881 -0.136563494280777 -0.222736636808136 -0.0805905844582667
-0.079565862209439 -0.202258929221128 -0.0649886805244718 -0.15870974787421
0.120605111425204 -0.198689773272206 0.0067248585033227 -0.127736962420307
0.299499030542535 -0.0388209714570347 -0.0789398315323937 0.000879229949971641
0.335588168636457 0.113736395182824 -0.300378466161994 -0.093785515763246
0.181279162807931 0.0436234436055283 -0.46052995677859 -0.466936027266749
0.173690916150196 -0.0673790518920064 -0.468345884696196 -0.0759011485088232
0.049631129698776 -0.117113213809012 -0.136089775636998 0.0244982539727521
-0.0287926273651772 -0.0775109042046739 -0.0402179700989087 -0.0729526295023983
-0.0576226875685546 -0.0528858040757286 -0.193542064957786 -0.141184413666343
-0.0828764338190373 -0.0197881840626351 -0.358395467998995 0.0351610983156545
-0.0941719026808379 0.0187633692479373 -0.342598028444285 0.210320242960939
-0.0876580074829937 0.0164563997544361 -0.282454461935448 0.238944529464818
-0.0904238653814741 0.0004749335624249 -0.299691769060183 0.192816331668418
-0.0938685776190218 -0.0307157572886296 -0.308041436888914 0.0627809967253005
-0.0470931524984876 -0.0617814798970087 -0.237471233360402 -0.0992651918665917
-0.00508546614247995 -0.052407834197912 -0.056591730002624 -0.148571241600235
0.0199765342813581 -0.0565704624570022 -0.00740337921968425 -0.103378688550955
0.106848779564237 -0.0368466151456863 -0.108585648775416 0.00341026261296275
0.169610511874072 0.010090895460803 -0.36202782407714 -0.12968091578873
0.0538788404457285 0.0548397817233072 0.442775030779558 -0.132266331255274
0.0928921368687009 -0.000671114870606783 0.11162306652371 -0.172870281550634
0.0303302394900057 -0.0729525975656941 0.0373762843688255 0.0284295287743314
-0.0787346133799774 -0.0436773774213635 0.0958560658601296 0.0942552498335943
-0.0788840521205215 0.0267685553449382 0.25387097162571 -0.00874338002821959
-0.0403156153811253 0.0668218345449207 0.253702909464228 -0.230595410262269
0.0150907086735723 0.0747674501412465 0.161507553685419 -0.353601290381995
0.0297747386334032 0.0871817510770492 0.102145848111004 -0.375235322502689
0.0178157167114991 0.0968694983231169 0.136672634020924 -0.371739756141773
-0.0541738599978599 0.0869250997760223 0.227642161253929 -0.276880121643086
-0.115313107663937 0.0236644470496466 0.250972590326568 -0.0901417927619733
-0.101311706536375 -0.0812479569718729 0.114652972580098 -0.0115422265788207
0.0565717180413693 -0.130860840275065 0.160413029641378 -0.0988100053255037
0.13681010103504 0.00194700172132701 0.389671337137208 -0.1770287453474
0.0761104550793 0.0916932844485554 0.70426948442614 0.0588250911287877
0.234712890077604 0.0480575019694169 0.414113476214061 -0.145399620538695
0.217564337791257 -0.0978653116360654 0.112108804077028 -0.156198278121685
0.0517930924455102 -0.194129698317085 0.0571060454027389 -0.00150642701602654
-0.17351476091314 -0.121865105136658 0.0745687669927689 0.0693211583621569
-0.212204182994814 0.0279770086924039 0.214177474525128 -0.00642347235541809
-0.152487048604539 0.147481758261503 0.224323861500734 -0.183571377632762
-0.0405245915481712 0.20521625448909 0.159008348331203 -0.286739176560213
-0.0108729364683555 0.230433848956319 0.10245268153087 -0.315059252761419
-0.0368538782201538 0.242930613364577 0.118210097871636 -0.309765376787914
-0.190999938579616 0.209004073116007 0.181592098588189 -0.243146012482957
-0.307534338103948 0.039611951296914 0.199247790902229 -0.0945774904525603
-0.275283598167986 -0.194846451781208 0.0820314361832925 -0.0527557378153152
0.0589258371072823 -0.367517206512176 0.144073897744951 -0.142488303760364
0.347754463136976 -0.17663149678467 0.357423704630007 -0.178125528619359
0.349830612898661 0.0475960121507188 0.616727040614408 0.0420625859433381
0.398538161015333 0.040538290717549 0.317638365263719 -0.161306243619429
0.338705818529937 -0.200813865406478 0.0784757985491949 -0.12170801399831
0.0711582695189047 -0.322556600348575 0.0724553799951084 -0.0170093360343622
-0.265115886842814 -0.203473669595178 0.060612793109307 0.0379814294792171
-0.338337683567621 0.0231162706507824 0.156262191216984 -0.0152756632973654
-0.258937207040356 0.21322549000961 0.161719284591807 -0.119332382910358
-0.0959412584686289 0.31114732354504 0.134370647530184 -0.179280133067677
-0.0510643092374695 0.339825170168058 0.0904951346803366 -0.207706563899205
-0.0816298457819108 0.35077747373804 0.0857543223287137 -0.200771591458071
-0.292417379401471 0.305538202212042 0.109346973877475 -0.165914054049111
-0.456199320299782 0.0651291410824144 0.113080438087911 -0.0766724948481164
-0.426655177387179 -0.260295313503374 0.0266073786472951 -0.0862485900894524
0.0210972533088068 -0.551430929426569 0.0992078294932238 -0.17442171724172
0.486112258272193 -0.344569338192902 0.279993774979161 -0.158277356951657
0.55944443087464 -0.0171543924963421 0.449014587679492 0.0361708129580663
0.521990011196651 0.0246402064369592 0.15089746038414 -0.177222465889058
0.433687235163594 -0.304021456689487 -0.000501917677410852 -0.0631600174663233
0.0748108728829507 -0.44479708688059 0.0703875293603351 -0.0145356970765828
-0.347077654611517 -0.270799171416778 0.0401205366862943 0.00347389916478125
-0.435770473638103 0.0218419361498895 0.0714712006199607 -0.0275459940388397
-0.334068579628012 0.256651764426406 0.0645204590421983 -0.0391236157912849
-0.138935961530592 0.376292518406186 0.0832426766966122 -0.0406366888859031
-0.0810660773676215 0.397126570538005 0.0614095723650539 -0.0686448920954775
-0.110316228789278 0.401073525624511 0.0427803573837694 -0.0604769771591188
-0.344983677038961 0.350978950651005 0.0241997926566644 -0.0571828117479455
-0.529349842156001 0.0867261524195875 0.00739320003019493 -0.0338812568733648
-0.511204427721177 -0.271352146784879 -0.0428566995707343 -0.10084012387367
-0.0322320899338497 -0.637016793076794 0.0363918456956427 -0.181424255832871
0.530408847330085 -0.450577772028499 0.174426989791566 -0.108475349504913
0.664337192825416 -0.0794863854965899 0.230186932553565 0.0506867577094355
0.57263884797496 -0.000264349380467231 -0.0717343815300823 -0.183601757291893
0.471949347519993 -0.371654906340475 -0.118975408968959 0.0173867502189176
0.0649096752101131 -0.514527679398998 0.045490063964181 0.00275239684057145
-0.386198356281523 -0.301452056344047 0.00386511591977374 -0.0300595040522021
-0.46741929436807 0.0191247464737116 -0.038791287447317 -0.0321302275061306
-0.35645185260535 0.26383620818531 -0.052551964938542 0.0551755937563385
-0.156660755694494 0.385387986515156 0.0164932526111919 0.109242473546843
-0.0976684235212605 0.3947871551793 0.02310313779356 0.081126354338944
-0.125624512291739 0.386904820968446 -0.00308053443512415 0.0872037529890448
-0.344150299494689 0.334037381212298 -0.0583616820737088 0.0624411643026023
-0.507634723334188 0.0862615171198546 -0.0971198037244406 0.0202215150473757
-0.48824781078841 -0.24305761082753 -0.107248447806935 -0.0983084573343916
-0.0597616064794199 -0.595083295552167 -0.024909576842504 -0.163557135415879
0.48374298894851 -0.456052477874647 0.0689026384239222 -0.0403904947808772
0.651706938740414 -0.119983583322076 0.00367595458959675 0.0789117671519443
0.527862786815059 -0.0296630776709279 -0.314903902073688 -0.173774590046321
0.423343213321791 -0.372289634091877 -0.249667080640093 0.104901490584196
0.0395141996598937 -0.479323548731252 -0.000624407387851756 0.0277841104051099
-0.344481699099437 -0.266838577361577 -0.0410876618774099 -0.0538887291429324
-0.407920715013974 0.0146819793663074 -0.148867930705048 -0.0260081459406522
-0.314318394917022 0.224724466176492 -0.1636003043934 0.150024648561
-0.146699465063474 0.332277137666776 -0.0527119336341156 0.248031210784053
-0.098417957938386 0.330962275314265 -0.0172142711958692 0.218754595540235
-0.124475731589854 0.31296463782858 -0.0490190243911829 0.216265844069112
-0.29509864432801 0.259151653703446 -0.128646188023514 0.164064602431157
-0.404341621698263 0.0535739980523071 -0.180203353861057 0.0634738241813683
-0.36510600778703 -0.188360061206181 -0.147460771131678 -0.0904480352180698
-0.0512675944465225 -0.445957151140093 -0.0662055744051094 -0.133807291961269
0.374824254306693 -0.366394673699413 -0.0132459120214037 0.0219045255052858
0.536908163757938 -0.135106877875073 -0.188977406237341 0.109130790588384
0.389754686217659 -0.0545413144164177 -0.529460961100013 -0.149296831661977
0.288869161902762 -0.291898353207363 -0.36047163642429 0.175844719854086
0.00601451665196523 -0.33456682782646 -0.0556221235353156 0.0596579965416177
-0.22837963642262 -0.173608187832941 -0.075943786921377 -0.0576546543869501
-0.265876632498758 0.0042619701151096 -0.227509147680194 -0.012369178551191
-0.213355002931428 0.142321073652701 -0.242465790681735 0.221987620843075
-0.112388755838709 0.222538634581035 -0.110372297704496 0.349419757604828
-0.0857552113424003 0.216608676358853 -0.0535865840528805 0.321866091118182
-0.108280288349037 0.197739061802644 -0.0906705941074229 0.307408377379806
-0.20797714070734 0.150367948664598 -0.181525443761904 0.227539477406602
-0.249151468159669 0.00938692785522252 -0.233166212140682 0.0797739698953168
-0.195207185342432 -0.119531589714431 -0.156054065239589 -0.087908042340409
-0.0273632820209169 -0.249893791097349 -0.0800893430233508 -0.104559669050265
0.22722840639677 -0.230311256898433 -0.0622399103943122 0.0615444572918067
0.35541829124371 -0.124620076792627 -0.321722940055992 0.129022444097426
0.176514235237167 -0.0682484718711402 -0.674155365522846 -0.109496860714902
0.100047368790859 -0.156333842830151 -0.427851302633818 0.226386911843587
-0.030948043387518 -0.125564932079319 -0.102690164130764 0.10046672312799
-0.0707486154478846 -0.046706521874199 -0.0843504988995509 -0.0372784329503961
-0.0802455271963303 -0.00746573268320968 -0.252078128708629 0.0063829117887607
-0.079986516261972 0.0353812035613789 -0.272044371436536 0.257217450541035
-0.0627909668693348 0.0740294210067782 -0.145471389356172 0.395222538068595
-0.0619589847808021 0.0701417624983423 -0.0800177035526974 0.374965457586542
-0.0764029749909464 0.0611744683645232 -0.122095653426881 0.349868034730715
-0.0977854175133717 0.0370155100388838 -0.21448931077458 0.24989441377772
-0.0806505208032304 -0.0207397969416265 -0.2577859499905 0.0731205974341696
-0.0378358098869824 -0.0411250166741174 -0.142579722593507 -0.0855532133155099
-0.021561178602244 -0.0609401215199054 -0.0756963152321316 -0.0771903009502909
0.0640133282491571 -0.101142226529973 -0.0852701667037194 0.077732842686757
0.145157854696538 -0.106300518718751 -0.387978263461196 0.135888683237816
0.0582453701099874 0.0564193371148864 0.455804082956603 -0.156890753723108
0.0982436550405994 -0.00446908722951968 0.106380551964513 -0.184326744372347
0.0310391739652977 -0.0779141238788783 0.0421557095572634 0.025707259969593
-0.0828291708143449 -0.041982307123803 0.105272025046581 0.0938562517852098
-0.0801346387683458 0.031816328046035 0.265811145203848 -0.0229050239258066
-0.037836453514604 0.0731551559410561 0.252587352740053 -0.252985624587753
0.0204266429937991 0.0776929516610659 0.149702290054568 -0.376301535943668
0.036736024683076 0.0903595836401993 0.089330445297416 -0.397909350832837
0.0245459730832915 0.100300430021177 0.12485607558177 -0.396632553678139
-0.0524400610114712 0.0945465998280303 0.223601777599074 -0.301642389120438
-0.120563934523994 0.0330456776413362 0.258852315802667 -0.107731029315768
-0.110361594888477 -0.0799987010192857 0.119260883567374 -0.0166122627988616
0.0533996742165577 -0.139577668304979 0.166950055494965 -0.112111434323085
0.14416453016512 -0.00286415145934918 0.398650387172821 -0.200799912214874
0.0837329533369916 0.0951076750032531 0.737030644698781 0.0362780169316273
0.24868148948643 0.0426141334430313 0.426437439906229 -0.168885033344223
0.223899262179661 -0.111751939366736 0.1086590380809 -0.165701333540622
0.0490709187965743 -0.205711482984701 0.0607352928242315 -0.00723634320394491
-0.184665781728004 -0.119428083388719 0.0820427177252054 0.0685599779121705
-0.22016303667194 0.0394058901814243 0.223092182289057 -0.0177226731356097
-0.151654998846945 0.163684452062886 0.224340756217378 -0.202040885190834
-0.0311308039747374 0.216846199040144 0.151920585663342 -0.308362089865861
0.00123445236026813 0.241696208972394 0.0913964073697276 -0.334554479882728
-0.0249226803372985 0.255234841593144 0.108227051348658 -0.331085513568693
-0.190059211313158 0.229117442953197 0.175174007797911 -0.262216654343839
-0.321319556207274 0.0591224794939877 0.203278058941851 -0.110868531901782
-0.297427346147742 -0.190862939476631 0.0817866060607462 -0.0592286141853269
0.0456777020468586 -0.387427186322593 0.146640919262292 -0.156701859203019
0.358175954689669 -0.199758284632408 0.364644705463231 -0.201396540862451
0.369734417067186 0.0400663550538433 0.646831149589616 0.0190098821594674
0.419617463146045 0.0286885162876206 0.323544265258427 -0.180718646159179
0.344623420894762 -0.223637367212693 0.0745271785696425 -0.127175328730135
0.0636103578542965 -0.340460364843423 0.0757957442470039 -0.0243382064434912
-0.283313385856987 -0.200231138533083 0.0661529149354556 0.0371173577469431
-0.353257260196163 0.0419200897839411 0.161690847787905 -0.023679662928664
-0.259965133825271 0.237722576513646 0.162927904274977 -0.132712256481414
-0.0843472013056169 0.330553341047042 0.132965172420788 -0.195334439941812
-0.0354827813217492 0.358394288110596 0.083262043314778 -0.221561651001661
-0.0660229644309585 0.370685369071522 0.0795653095684299 -0.215495916066162
-0.292624786595912 0.334206019692016 0.102909921255239 -0.177696170371415
-0.47519632224103 0.0928061805489356 0.113671988440549 -0.0881871685460947
-0.457494982652934 -0.251610583415759 0.0207783235163566 -0.0918810951602698
-0.000662990869184796 -0.579522194299871 0.0970427887055445 -0.187427106819502
0.496528228246635 -0.382121984517127 0.283974028597481 -0.17735834553812
0.587318959126787 -0.0339151231555875 0.470392846057379 0.0192921593303128
0.550761993828865 0.00667979643054131 0.148580972739864 -0.190278650212194
0.440083078345654 -0.336428220510673 -0.00521901710674861 -0.0612646553841233
0.0629477127380404 -0.469732456481968 0.0736564331147058 -0.021732142200581
-0.373351136627945 -0.268487716376633 0.043297390015109 0.0021492667766075
-0.454267191854998 0.0433169356556412 0.0707011222851514 -0.0326340231437789
-0.337112255623491 0.285473016611271 0.0653720611160602 -0.0432796520630363
-0.12586776258352 0.400526755388693 0.0875367664011974 -0.0492946178466912
-0.0660977434708641 0.420717106316697 0.0605337430751647 -0.0744615120674882
-0.095093927348768 0.424613972045854 0.0413779403538972 -0.0660204300869683
-0.344762585487754 0.387054119889463 0.0193008052216669 -0.0584744606793841
-0.549846963214287 0.119970686871916 0.00433442983872155 -0.0385638877548167
-0.544042343286269 -0.259383283136035 -0.053465984442725 -0.104332552406992
-0.0616710640845395 -0.665191240542481 0.0299264917262831 -0.191416976044146
0.535930194412513 -0.498257905468276 0.176007313169161 -0.120082483936665
0.693812119023606 -0.103709055705096 0.243903460778437 0.0413750368453078
0.604735950761759 -0.0204985438923499 -0.0847448625326313 -0.187363196822157
0.479596688774629 -0.410513908758082 -0.125036427391445 0.0288339405574475
0.0483482203928353 -0.542178076994505 0.0469355171508755 -0.00235279232275798
-0.416304505320428 -0.298493312529108 0.00373279425311738 -0.0309663505385922
-0.490382299652439 0.0435212525930374 -0.0464147170318518 -0.0326900939018313
-0.362213133900323 0.294676005487563 -0.0520692365660691 0.0616256398229628
-0.143990214740924 0.411037222956565 0.026381656959947 0.111061048765744
-0.0823010733768519 0.417351656625893 0.0274037659852918 0.0846620889091418
-0.112762487582147 0.409778658808229 0.000114507194238681 0.0907031533842844
-0.345215170180394 0.368263045992823 -0.0616178914507837 0.070904637208572
-0.52902255073657 0.116116652963187 -0.10231968003934 0.0242716712493131
-0.519501416162638 -0.230652929090306 -0.120590511466474 -0.0991083237151891
-0.0867520571755432 -0.62062475559972 -0.0355225048671238 -0.168992800540254
0.489429620594873 -0.502879093605066 0.0675231474090713 -0.0443706467420323
0.677856690955491 -0.14789594423047 0.00924601380489685 0.0794775171487997
0.5557662978959 -0.0506241536872775 -0.33877632393392 -0.167322594255016
0.427269292865177 -0.409371972423843 -0.256982790724417 0.125103283588616
0.0222833660224061 -0.50398979107697 -0.000135377049876885 0.0273584205904591
-0.373821318208342 -0.264989019153492 -0.0458492468808666 -0.0540344440854892
-0.428779270649338 0.0351028045037882 -0.162650058666695 -0.0207151842548516
-0.321274217666516 0.250940235501809 -0.163424296437 0.165461369404767
-0.136488389832459 0.354359117991378 -0.038074368611101 0.258833344776874
-0.0861359629736227 0.351064963090959 -0.00840782894169624 0.230458565453856
-0.114473099512119 0.332930237151873 -0.0417523797591079 0.228165297010291
-0.295950820063395 0.287097393733563 -0.128692785582247 0.180457226442539
-0.420129945271095 0.076588517723328 -0.186415215454999 0.0737194277742689
-0.388010535262292 -0.178904354238687 -0.16172438023036 -0.0892098343169738
-0.0727813966566958 -0.463886208648607 -0.0771903063513661 -0.135724542674004
0.375844201525147 -0.402093074175598 -0.0141414389840978 0.0241257603901549
0.556595659829809 -0.156762798169513 -0.190223853253705 0.117382601270029
0.408710446883031 -0.0716001415094303 -0.562689159891792 -0.13182263011104
0.289212031769945 -0.319709650359127 -0.369307041791144 0.20283231467803
-0.00726505241755732 -0.350279907886291 -0.0565839962446301 0.0642425221186248
-0.247293975777318 -0.171564218041224 -0.0833196050100406 -0.0568234779589378
-0.280150330808704 0.0172365363249072 -0.242967056593359 -0.00173882456264415
-0.218516243711912 0.160663962817669 -0.242133798053808 0.244631315701503
-0.106194114694963 0.237473470710514 -0.0939283954113561 0.367632474289832
-0.0790717144129522 0.230726850548332 -0.0406962264906444 0.340250502174437
-0.103923070060075 0.211154927115017 -0.080288127153276 0.325787643214279
-0.210812862943449 0.167918484167387 -0.179251750576801 0.248906208240103
-0.2594372195329 0.0215131972560516 -0.240521958990495 0.0941647911551834
-0.206769340087876 -0.116506720706653 -0.169581758939937 -0.0852958089424674
-0.0387652318343882 -0.258633541310847 -0.090861438607548 -0.102906246031366
0.226410561256004 -0.253107615372616 -0.0626151683469403 0.0675112450148584
0.365747867519742 -0.142252951281166 -0.327133658816988 0.145400035884816
0.183441334523483 -0.0788831365680689 -0.710593974992662 -0.0886787591393541
0.0976016685409346 -0.168692661028041 -0.438999329811691 0.256086919963925
-0.0386751643464512 -0.129495638493532 -0.104946080783123 0.110565635472795
-0.0775374013022769 -0.0455787112117335 -0.0920540880874643 -0.0353732316994184
-0.0856672525788043 -0.00379500118985229 -0.266985442907837 0.0184979847840753
-0.0835945889312625 0.0405051086419016 -0.272602451567315 0.281826325227206
-0.0623467899465555 0.0795291507054316 -0.131241103922223 0.418528758935764
-0.0618761703795607 0.0757112409049731 -0.0657420715093228 0.397021517265781
-0.077876802878827 0.067477088390228 -0.110166248953998 0.371508669483883
-0.101025010522933 0.0435430041709579 -0.211439093385856 0.27301639421855
-0.0844414240674979 -0.0199046968540659 -0.266450760806413 0.0896974485323248
-0.039926359025904 -0.0416829280170468 -0.153471541315297 -0.0831808583892148
-0.0247383576612733 -0.061042697849012 -0.0850166081658667 -0.0743662584563939
0.061361273924316 -0.110062857341363 -0.0848919775065642 0.0849235245848104
0.14536452622111 -0.117818441153569 -0.395915452630307 0.156844868245335
0.0635025076532541 0.0559105139599233 0.45710091522206 -0.191158009263044
0.102495343122539 -0.010934205284483 0.0946769657415749 -0.194445248747926
0.0286578378852029 -0.0829519649475069 0.0456210684950479 0.021340446412595
-0.086666795617761 -0.0380420351709973 0.114949206864953 0.0884501565312779
-0.0796065695498853 0.0382040331278968 0.271511089770149 -0.0433396147492645
-0.0319900375106589 0.0790009597312405 0.240933134956777 -0.277372223542271
0.0272612204587656 0.0790159859581323 0.125355090385511 -0.395897487637585
0.0455768837615338 0.0900994090541186 0.0628464236591079 -0.414606909698389
0.0339139795317198 0.100722967333342 0.0992663469511191 -0.416473379783803
-0.0474440960029145 0.101758917879271 0.206220181227494 -0.326144302093194
-0.121831971431208 0.044643680458491 0.257844437083732 -0.13049184689292
-0.119042364842054 -0.0737987010853754 0.121251128622132 -0.0249032255317715
0.0452917018288167 -0.147335094760713 0.16710107011679 -0.129837895387585
0.14913964806642 -0.0117532271655819 0.396137397424002 -0.232331883631043
0.0938855945916885 0.0942551906072209 0.757716221226079 -0.00750083778633633
0.25991530013278 0.029613216109086 0.425029663524114 -0.199828617744724
0.223233304669434 -0.129489085974775 0.0976240054798641 -0.174125813963531
0.0399958154706085 -0.215397432734838 0.0623902877052876 -0.0148078995901795
-0.19560575650951 -0.110194111719705 0.0894440958807718 0.0646758949015135
-0.223159699683822 0.0567511105217328 0.227260428482783 -0.0349837357917301
-0.143228793559457 0.180184289230206 0.215658277829234 -0.222970158864611
-0.0147673199417542 0.22457729313751 0.133719287574067 -0.327271627626376
0.0194121607891433 0.247446912280248 0.0699979388568269 -0.349741846857884
-0.00579033239387877 0.262976013876581 0.0868823583644713 -0.34893584889129
-0.178956253464439 0.250699158299058 0.159015392220104 -0.281090618783394
-0.326649907443943 0.0859046966172872 0.199428214732068 -0.130910625635331
-0.316924787294454 -0.174259479543491 0.0786868440380236 -0.0656757634488667
0.0218544888509881 -0.402883805540404 0.142112993810587 -0.172905915121666
0.356194755838597 -0.229447927165725 0.358732586980782 -0.230334180980849
0.384722848025713 0.02180903912239 0.664147363127088 -0.0206176648062928
0.436954022634796 0.00342382183590638 0.319355225106352 -0.205090890387638
0.339854540767653 -0.252764075111096 0.0654341974386406 -0.130555577784955
0.0464805625983518 -0.35450180416742 0.0758099772472424 -0.033752866307808
-0.302812010234889 -0.187022374893347 0.0717235849534465 0.0334926505699387
-0.359433039943798 0.0672808442754716 0.162275523572233 -0.0365322185720965
-0.249869835965124 0.264459396272243 0.157616797799538 -0.147241125726692
-0.0607162927219439 0.344542419866696 0.12352697999821 -0.211439084614689
-0.00910101233934821 0.370544208873458 0.0687901511565689 -0.232840498342525
-0.0395334316208316 0.38359002257211 0.064807415530023 -0.227569066899762
-0.276574243804003 0.367008013061915 0.0902821113148652 -0.188099369051657
-0.481848576045149 0.131279234768579 0.108673285980171 -0.100980368320137
-0.485367052917495 -0.226988231745368 0.0126108394810491 -0.0958202905666818
-0.0370640226004671 -0.597461981728599 0.088026861416576 -0.199780144793467
0.483657892201445 -0.425630421394944 0.27784514176009 -0.198479479821798
0.603699482392466 -0.0661292789319406 0.484365268403245 -0.012052024980857
0.571448125824752 -0.0262779872105927 0.139164784082521 -0.201874798602015
0.430559213141169 -0.37528082180822 -0.0105134043219982 -0.0573294005512891
0.0364270365386399 -0.487442677853863 0.0731514045370279 -0.0311915412720818
-0.400339470294768 -0.250741397398635 0.0465999979357789 -5.14126924639853E-06
-0.464700262704626 0.078068403860878 0.0671080319922872 -0.0394971482224435
-0.327224122055292 0.321045338386779 0.0650484279493515 -0.048129913522556
-0.0991913124384698 0.418666579495594 0.0893194739117334 -0.0598010888533098
-0.0355742024887607 0.436229146603178 0.0561785341891291 -0.0792607029483322
-0.0651994802200771 0.440882299050426 0.0364556769011548 -0.0714632982024724
-0.325952442891061 0.423556411656459 0.012484328193233 -0.0582646382906311
-0.557373715396284 0.163124346268266 -0.000269650890068359 -0.0423863148843011
-0.575698430799391 -0.230290829200691 -0.0658811090574583 -0.103230179519035
-0.104450818356498 -0.680682375231663 0.0169196024107782 -0.197763480678396
0.519733319107132 -0.548228148020097 0.170492599367856 -0.134208298375994
0.709928064794893 -0.142419340328175 0.253526314338571 0.0241527709496821
0.623777219948378 -0.0596212860976529 -0.100787785290485 -0.184469031255013
0.463621644310889 -0.453584575583477 -0.125801536407205 0.0429078171019154
0.015714171716457 -0.561218558574676 0.0470877880727548 -0.00818506351009649
-0.447042490426329 -0.2784826526659 0.00253530027524116 -0.0313340058578159
-0.50046808604351 0.0795390257241324 -0.0536977751195116 -0.0305296904183751
-0.352203164843281 0.331094638848401 -0.0479920084780544 0.0679819058558809
-0.118791549280583 0.429939056243395 0.0379873006876569 0.108248638400488
-0.054003779568472 0.432883125851424 0.0341386652250585 0.0856389313849431
-0.0841688306002462 0.426610833133126 0.00512749257455826 0.0928636016188425
-0.327924455085413 0.4052483698824 -0.0599647834102707 0.0809035903256524
-0.535018898900899 0.158915199250063 -0.105533530570175 0.0301936720275495
-0.545870033799407 -0.201259709846951 -0.13521756292918 -0.0931405262276275
-0.129572064057927 -0.631277983547387 -0.0493816996591201 -0.169122515195874
0.470481658767531 -0.54894956025174 0.0651151105887878 -0.0491205342141168
0.689988958587083 -0.188447110439426 0.015026534609139 0.0770125716684108
0.572494152272 -0.0878016020303534 -0.360389640854395 -0.148553539528552
0.412228377066557 -0.450652046771933 -0.254684822710537 0.149696050897145
-0.00782455582786977 -0.519844895446804 -0.0002583779522033 0.0263777165464961
-0.401799733753703 -0.246604938422842 -0.0501131372523039 -0.0518409417860813
-0.438985976011141 0.0678129152266054 -0.172343959299196 -0.00980273197332858
-0.313055373800054 0.283611778159951 -0.155252283430616 0.18264017076166
-0.114720261739615 0.372202835942339 -0.0179241383781211 0.263738480708301
-0.0627590189963308 0.365657941266715 0.00796096121833218 0.237194281419943
-0.0937917638382577 0.348219473315993 -0.0272182370740023 0.237349869569016
-0.28380159857103 0.317233585642015 -0.120196637382141 0.197946849841466
-0.427214895212383 0.108471135249865 -0.188208439981385 0.0878437450835892
-0.406708228494719 -0.158114153194786 -0.175802689969336 -0.0804122494281582
-0.103151721154022 -0.471383433791283 -0.0913268340630902 -0.13020052915979
0.360064817357318 -0.440401455874427 -0.0138739196602575 0.0270976316851938
0.562287181676563 -0.192588995162978 -0.185856229345799 0.128871314543004
0.418185198786039 -0.100769333698405 -0.587930567616925 -0.100900411031344
0.276303391337778 -0.349366533780064 -0.36473312880926 0.236137453245927
-0.0306959889286472 -0.360046052851883 -0.0557536266882586 0.0695818350529754
-0.266895161627224 -0.159504364770672 -0.089830594412472 -0.0517338756588412
-0.288132156459704 0.0380623338445301 -0.253812783992402 0.0155506543595442
-0.214852848899778 0.181467116285698 -0.230965029773242 0.269071125962151
-0.0927396115308194 0.25026127536812 -0.0667790119203676 0.380242702204516
-0.065498435046043 0.241312984717377 -0.0171359175168396 0.35237615891348
-0.0923149567025232 0.223584430676437 -0.0595724883258439 0.340899890428421
-0.204896356285997 0.188241827971567 -0.166314444788483 0.270651659428117
-0.264832671663283 0.039766061881951 -0.241281272048803 0.11324794115639
-0.218553575192776 -0.105821536295183 -0.18206595036331 -0.0764066447775026
-0.0557474313467969 -0.261361149081986 -0.102653748115292 -0.0957872377905894
0.214762523189431 -0.275465017772831 -0.0589226407986574 0.0743156524055176
0.365583961574405 -0.167887772965933 -0.323504073810888 0.166130215510283
0.184569904982057 -0.0933849394106155 -0.737273647073219 -0.0477130583129219
0.0879951293247934 -0.180750312569004 -0.43278349377691 0.292190572454642
-0.0489597907542685 -0.1296519898209 -0.101684386199337 0.121126757346966
-0.0833804762344803 -0.0407108507874074 -0.0985165645320017 -0.0301255755554934
-0.0892137381495508 0.0023089882542594 -0.276315839569871 0.0373083148064536
-0.0846206068363656 0.0482166856994471 -0.25975684722095 0.308578689229292
-0.0589828715246884 0.0850012211255493 -0.102056448071394 0.434566869423192
-0.0590682690871418 0.0815318706092953 -0.0396094272401561 0.411758234684167
-0.0761184886074017 0.0746931009597668 -0.0873189762699499 0.390627559812945
-0.0999300199560548 0.0516469039584069 -0.197905198814922 0.295804401370422
-0.0884987456246553 -0.0159406781468174 -0.266898455725408 0.111272247635279
-0.0427565784450938 -0.0407329575339381 -0.163738386205945 -0.075173080848242
-0.0285697978557355 -0.0590025796641928 -0.0942063411051654 -0.0665949858877847
0.0545217828438289 -0.11839371457123 -0.0801460282865446 0.0930948999758011
0.140499650525029 -0.130397976304614 -0.392969536581356 0.182959577795164
0.0680178899750759 0.0526366075004599 0.442172057140684 -0.220538465902762
0.10329270791908 -0.0178558238179319 0.0786426178532436 -0.198105380588958
0.0250006102678507 -0.0861576516342174 0.047371213637819 0.0153875123918005
-0.088461519698356 -0.0328944202224528 0.121059857852972 0.0790821051356671
-0.0763241283076602 0.0429072965644591 0.268306545634853 -0.0635317317285818
-0.0251544917049041 0.0814259215720416 0.220483871820034 -0.294889756804116
0.0338247784576995 0.0769600883088072 0.0956826228284923 -0.403174779897076
0.0532111388784808 0.0857645320278005 0.033281977824456 -0.41798378974147
0.0425224878115002 0.0971818591944871 0.0686595905817714 -0.423926058404466
-0.0394216784878066 0.105735082004595 0.181534097376582 -0.340753061461042
-0.118446756033734 0.054610381690219 0.247901533112583 -0.149762164921564
-0.124313220561021 -0.0647638502009348 0.120679248920518 -0.0319456905993423
0.035176303480082 -0.150839404259402 0.159610813710295 -0.144897600687875
0.149132039323369 -0.0210234274174874 0.37859948977777 -0.257779266644783
0.101437551557026 0.0897312587888756 0.757388601008284 -0.0535750582092637
0.264310436705049 0.0129233747987906 0.409478119167734 -0.225885460915919
0.215427408318875 -0.144458477180614 0.0837808930408296 -0.176670512707694
0.028001337861391 -0.219235636793951 0.0607765342123992 -0.0231865758595198
-0.20124941113583 -0.097363222268349 0.0947934293285228 0.0574988848945087
-0.218515269447863 0.0719095018621956 0.223737604173569 -0.0523658011090399
-0.1283074685745 0.191182016645968 0.199165060562828 -0.238308046124292
0.00212862734524933 0.225065030047336 0.109508993460078 -0.337038489381242
0.0390885353938325 0.244487500840585 0.0444164127410358 -0.353942126017783
0.0149759445967244 0.261528741964476 0.0605300968099758 -0.354784831923682
-0.160223549593296 0.265225549144074 0.137279151707065 -0.291420313940905
-0.32037491565256 0.111196505179503 0.188525533046719 -0.146462917430885
-0.32832553286708 -0.152062491698515 0.0725217426212973 -0.0700911033435502
-0.0044820955830952 -0.405415826818493 0.131901161129255 -0.185050521095612
0.341516289258025 -0.252803047588444 0.341597071154914 -0.25319695092698
0.390279216817939 0.000475714515028591 0.661405298801146 -0.0639992930915002
0.441265271659684 -0.0251109338428997 0.304238814749634 -0.223984571235674
0.3225246611468 -0.275976621245182 0.0565675308109518 -0.13015798680537
0.025337116305298 -0.358772239209633 0.0724308206758165 -0.0427737408421286
-0.313534268059307 -0.16575694979731 0.075218826956793 0.0281145862414274
-0.35431347510971 0.0935816802787143 0.15798230384613 -0.049394789030792
-0.229283211584782 0.283481367999112 0.14720396242552 -0.158644252679141
-0.0350058491487324 0.347946374555286 0.109033145934988 -0.222565828318202
0.019247821027254 0.369561807549089 0.051957985211364 -0.236323984992024
-0.0108376262065331 0.383930119270444 0.0470773086994966 -0.231477864315941
-0.249907166349076 0.387835948939861 0.0748508789861833 -0.191122039044447
-0.4735565210933 0.168959584656553 0.0992655241640248 -0.11101727816324
-0.500950667147349 -0.193442939883069 0.00266889406997074 -0.0953575886772472
-0.078558085766284 -0.595273820189719 0.0746015506258419 -0.207493252865381
0.458409545438402 -0.459720947815809 0.261577932113765 -0.216894385886853
0.604537640128012 -0.100792893139607 0.482502846351647 -0.0439110008384351
0.573334581630984 -0.0643119081055229 0.12495855181599 -0.208232705748796
0.404495515802222 -0.405599147467046 -0.0136408854902379 -0.0515729171173692
0.00619148399512818 -0.49116539078943 0.0696224144294991 -0.0390641759655044
-0.41541264965269 -0.222380278314519 0.0481344345309148 -0.0036268861237229
-0.459312282508345 0.111669792913966 0.0615638068384616 -0.0449340561610686
-0.30242193773273 0.345834853740551 0.0617555828594003 -0.0524767444046796
-0.0686002105749369 0.423779451946718 0.0860911250239908 -0.0700795500031811
-0.003039423972396 0.436099388787275 0.0504391986201614 -0.0821420573373456
-0.0331292970480954 0.443074907788239 0.0295723095683053 -0.0731168407275071
-0.295887739320613 0.448897424827017 0.00628118374805427 -0.0553848109056989
-0.546616994927226 0.205576967231312 -0.00619364032150994 -0.0444248097967822
-0.590137944968169 -0.190276825321088 -0.0771534819218581 -0.0976471329721508
-0.149015437321537 -0.67575299719827 0.00246536975623031 -0.198323965090556
0.483194110730316 -0.584839572263116 0.159800285264351 -0.143210725757476
0.706158445069025 -0.184347666224756 0.253345240987957 0.00597257354213141
0.625177554646964 -0.100370887450411 -0.113175137212572 -0.17485613132605
0.432456536329128 -0.487717318616389 -0.121103933845227 0.0563326486165844
-0.0193390119463815 -0.564746922371608 0.0447049353234895 -0.0137126359496325
-0.46487148660877 -0.24671073866247 0.00262262296420705 -0.0309035250903489
-0.496294456820757 0.116754219702559 -0.0595089648020986 -0.0271540492109092
-0.327545480002587 0.359486380828262 -0.0423647318323481 0.0718465568713013
-0.0861831056272167 0.437870515065333 0.0475460203414223 0.0998255161494039
-0.0217130239573782 0.437137469756635 0.0405483558535401 0.0849983809599508
-0.0526478995024415 0.430162629768103 0.0100830948815415 0.0935088852014255
-0.299278140607647 0.43052931653417 -0.0555617032857856 0.0893799541228469
-0.524232730682587 0.196976229814885 -0.105677012946856 0.0358180954763189
-0.557616981611408 -0.164764330246446 -0.145121617726956 -0.0829495156500014
-0.171685345443883 -0.623207440189539 -0.0628897976441783 -0.163166964380708
0.433482949754587 -0.582315610001327 0.0606418982089053 -0.0518532654255511
0.683033773712459 -0.226841391489553 0.0200425308708023 0.0722083324734858
0.570798141177858 -0.126621644444391 -0.36993319842245 -0.123371075827417
0.380066655879125 -0.48077273203514 -0.241898977357462 0.170287082292365
-0.0411566282131243 -0.521291359314498 -1.22951749183692E-07 0.025296748610752
-0.418892302794948 -0.218645734164802 -0.0523307962570135 -0.0470642961872489
-0.436331216258539 0.0994499432071831 -0.177008495166902 0.00248265431660402
-0.292678389329848 0.30906485972466 -0.141030246792407 0.193809924699136
-0.0872570214702921 0.378941649843892 0.00351239549860006 0.260100697526526
-0.0358427723853016 0.369085831921773 0.0251949343463068 0.237533937934378
-0.0687278012583351 0.352076629021961 -0.0115712127025421 0.239978027122485
-0.261376254142536 0.339203226471416 -0.106545411958364 0.210562308178583
-0.419690094484428 0.138823391912086 -0.183415742992931 0.100388256458243
-0.415851486275734 -0.130891959528577 -0.185440499311896 -0.0680047122512529
-0.133209005200051 -0.463972233371019 -0.102250240858775 -0.120041958019754
0.329658003559324 -0.464940060147993 -0.011945568388106 0.0291242818770174
0.552294393112011 -0.224533997049655 -0.176816054896816 0.136975645952185
0.413571092364345 -0.129468302697015 -0.595219164877174 -0.0629951976434312
0.250848528439927 -0.369362554352467 -0.345848416296529 0.262420661525319
-0.0536796096052989 -0.35803223623857 -0.0523352089084637 0.0734610080637778
-0.277707406344693 -0.140151798357639 -0.0934955702417228 -0.0448517784753023
-0.285840835282718 0.0601505085212928 -0.256556691996612 0.0333742399184983
-0.203323037032053 0.198961302707916 -0.211381094319948 0.285486586815232
-0.0750389681560876 0.255039127293608 -0.038008653355458 0.379509142977659
-0.0487431245115283 0.24534225405243 0.00801720577004897 0.353572835791687
-0.0768664076831428 0.229133646907124 -0.0352023250016229 0.345387339613676
-0.191818212607549 0.203839927391633 -0.145922900599622 0.285402142488061
-0.262919534326364 0.0579410123559517 -0.234223658263694 0.130155544420878
-0.223836261109699 -0.0909792761055686 -0.190262838299321 -0.0635287322430855
-0.0721540615055723 -0.256431231159983 -0.111285765351418 -0.0836356838610629
0.194690506927878 -0.291306693282685 -0.0526966105206396 0.078849676344358
0.355249138079939 -0.187213740912594 -0.310940335174592 0.1823325205179
0.179271233851047 -0.105995772316221 -0.741641428278766 -0.00203729200389892
0.0743336301937321 -0.187568539164953 -0.410812372556823 0.320981955818917
-0.0573636544441349 -0.124960430901514 -0.0945586515308217 0.130287616709187
-0.0864143156929767 -0.0339224388024193 -0.100947414222525 -0.0219671321084473
-0.0889444255389448 0.00945051399621179 -0.276271849056797 0.0576258906295283
-0.0820602445742537 0.0548822884428134 -0.23751968284373 0.327152933526338
-0.0531790959426611 0.0887201012399121 -0.0681803088544685 0.439050636833194
-0.0542048676342406 0.0859985712691549 -0.0103961992173708 0.41458174678505
-0.0711512846445104 0.0804633492866117 -0.0591360817639593 0.397049785428045
-0.0963821868691204 0.0596275220634762 -0.174552106855888 0.31171931415992
-0.0902882837272806 -0.0105776982633327 -0.258184011565916 0.130705937701905
-0.0445135916075592 -0.0383040431569347 -0.170327028509902 -0.0639978884348352
-0.0315038996866637 -0.056235833770888 -0.100161944840995 -0.0558442712603697
0.0450524618415585 -0.122811361379402 -0.0718663996991489 0.098351202014401
0.130110504235165 -0.139080141278042 -0.378306806454371 0.205676548825234
0.0704096424120007 0.0495291736602008 0.420742004101767 -0.235415948634943
0.101730911851617 -0.0237444213998254 0.0649254820523588 -0.194347805854466
0.0220506330435199 -0.0878233319165785 0.0471797165651831 0.0100469270154654
-0.0884158268958936 -0.0286143349699122 0.122884719213173 0.0701191337363127
-0.0729665759067442 0.0458577008309726 0.259056231901349 -0.0777050044677418
-0.0188370726938379 0.0814832097641912 0.199365489118559 -0.301122577972987
0.0389288956564835 0.073858313750901 0.0713194087716313 -0.399377068694493
0.057698334430451 0.0806281827989205 0.0103040159151452 -0.412048411325976
0.0484835141597227 0.0920775126909651 0.0439828611708678 -0.419537609879016
-0.0325154005467178 0.107075956489161 0.158823402385537 -0.343489858406186
-0.113023633748577 0.0616684193801178 0.234975751486476 -0.16166800601127
-0.125488513980507 -0.0569602423605817 0.117737165686425 -0.0365970023466118
0.0269009415330469 -0.150410342758193 0.151225912487418 -0.153988855689717
0.1466567502722 -0.0276565909378978 0.357114479116976 -0.271340569613029
0.105980019257965 0.0844732910738526 0.740357790240812 -0.0852399153715361
0.261685344852067 -0.000192393815069459 0.388922914737187 -0.238869034725447
0.204450346136824 -0.152779926943589 0.0725828866024971 -0.173171375928061
0.0185387051378823 -0.218036663169716 0.0571837484759785 -0.0288231158649943
-0.201443933623533 -0.0861822162816433 0.0962975266486861 0.0505010502424806
-0.210703890115127 0.0823064356625553 0.215349950687206 -0.0647234943666452
-0.114544368952028 0.194886420359334 0.18237038281078 -0.244860189607933
0.0160343692803565 0.219836186034413 0.0886171740130194 -0.336763023706536
0.0530208491997674 0.237165214245847 0.0241154279693922 -0.348382741878984
0.0299973110019667 0.25391908404466 0.0389579705111846 -0.35160139957589
-0.142296592090686 0.26961047036558 0.116663612129823 -0.291713638063609
-0.30810138936423 0.128358464406247 0.17572035886806 -0.155593288597558
-0.32972584938177 -0.132102599116241 0.0669776039988066 -0.0711371023899091
-0.0240796488266688 -0.399284814421557 0.12130681910126 -0.190887222552604
0.324756179545865 -0.265176040930069 0.321310225191159 -0.263041212077283
0.386152917772464 -0.0155430504988574 0.64504491067293 -0.0911240026781687
0.434823065794296 -0.046210358943408 0.287399254036684 -0.231701818953749
0.301989666725351 -0.287672050576141 0.0488762283627503 -0.125307280625764
0.00958640517019524 -0.355493895961137 0.0668966383607409 -0.0485421644728142
-0.314078488622998 -0.148229920869655 0.0774074633488332 0.0228406338237193
-0.342492678916284 0.111109700093661 0.149667449958466 -0.0583825992877412
-0.207694115399157 0.291602147310649 0.136611970472552 -0.164156749988447
-0.0147896475994756 0.34122492461025 0.0943498530605166 -0.226849096141672
0.0400332008684363 0.360321547266925 0.0393733801056848 -0.233757678592278
0.0115073231751894 0.374322874356876 0.0318404701658178 -0.228398024380734
-0.224012420608407 0.395816406780135 0.0614468890310746 -0.188864103856314
-0.456333799178644 0.193148640782909 0.0883580044120701 -0.11613461990381
-0.500486250718254 -0.16401672888304 -0.00434856554932625 -0.0916931475640708
-0.106024016349345 -0.583147770755017 0.0627816170552426 -0.207485294910469
0.42879750685366 -0.475510412927711 0.244805473322806 -0.224552381176965
0.593741173970158 -0.123394329468305 0.471088229001831 -0.0657407532028877
0.563741482519447 -0.0931873311124654 0.112742617972566 -0.207143471494373
0.375867498582291 -0.418665068240841 -0.0144444540714743 -0.0448299255200175
-0.0147141792593876 -0.48413746322277 0.0640271877165506 -0.0443725430952278
-0.417913406290648 -0.197998401907068 0.0497929507145231 -0.00649837690845738
-0.444861200914198 0.135300202481721 0.054768040784845 -0.0485545790148375
-0.277430313688762 0.357460545442332 0.0580882321152689 -0.0553283301140667
-0.0430794718662391 0.417486227536322 0.0810416737775139 -0.077854218482348
0.0235547030930474 0.427293829086363 0.0453140584750957 -0.0822072381097112
-0.00842940102886627 0.432529545044316 0.0230583454809942 -0.0718275539063889
-0.266657678484219 0.458146788513676 0.00226831254129278 -0.0505579722595422
-0.526617895526044 0.232524845817909 -0.0116078686528445 -0.0451236731800917
-0.587631237463542 -0.156493408469975 -0.0844326321545355 -0.090571706973901
-0.180566693650587 -0.65860446886309 -0.00777244755245468 -0.193094246388251
0.445735086576471 -0.600186955043573 0.148672707562081 -0.146281590645146
0.690342604993545 -0.210256550203258 0.247955253604103 -0.00716389233096659
0.611947190279141 -0.131050737738305 -0.118871587674662 -0.163447022472907
0.399079661536429 -0.501422774349847 -0.113454564948148 0.0654275718707956
-0.04488810822433 -0.555571961662978 0.0401988366015073 -0.0175975444619168
-0.467337788821619 -0.219500241103237 0.00275166807445669 -0.0307620592083057
-0.480526961957971 0.141025615340588 -0.0634273632493246 -0.0244191108051209
-0.300833322662739 0.372735024691221 -0.0376160200807651 0.0727069658348478
-0.0606891192282639 0.43130669825887 0.0524529000000694 0.0897789065906395
0.00374648632850739 0.42874545163058 0.0452936413069047 0.0818961024410957
-0.0309871381322774 0.422000031439979 0.0137855505728453 0.092946308613063
-0.270549202299211 0.439854805518204 -0.0494147495282813 0.0949617183097029
-0.504737153364422 0.223313659277654 -0.105419018360218 0.0392579842733051
-0.553973591531765 -0.131896094801959 -0.151877192733847 -0.07228330474591
-0.198430256088332 -0.605399186809138 -0.0706495880254179 -0.153628562839891
0.396886672476853 -0.594859049096899 0.0565434130057503 -0.0518573266494262
0.664519687805752 -0.252038901291335 0.0225422128750395 0.0679002743874185
0.558121556736111 -0.153508632186622 -0.368540516185285 -0.101722525820997
0.3462812244556 -0.491372036569177 -0.225978787402275 0.181885273224414
-0.0648206893658939 -0.510918588500642 -0.0014021255577211 0.0241561262356839
-0.421524822472464 -0.193230539470155 -0.0516296794061272 -0.043229187408504
-0.423739907694624 0.121732561532002 -0.177954400629903 0.0117969566632082
-0.270674384695139 0.321436127146362 -0.127609117121417 0.197894662381582
-0.0665794144493029 0.374658137329844 0.0178802865507624 0.249342448679308
-0.0156385780702867 0.362270610112703 0.0380974535264816 0.232997184571141
-0.0496243324752997 0.347178894465733 0.00149437330165358 0.237946445417595
-0.239284274635447 0.347620796614395 -0.0923000614593252 0.215363274973921
-0.404656892616937 0.159563699434309 -0.17747930076452 0.107885663938063
-0.41282067960862 -0.107687696278231 -0.189483360863464 -0.0556615917585482
-0.15349694928548 -0.44918013065693 -0.10743834632794 -0.108020865075127
0.299313889551857 -0.473020532542635 -0.00973618270565795 0.030088503132094
0.534837714571326 -0.242264786313602 -0.166839519562248 0.138943851556671
0.402138937224074 -0.147765583299765 -0.585972851531331 -0.0330833379427268
0.225539108361277 -0.374361393690792 -0.323062519365111 0.274255435721509
-0.0691229406593951 -0.349676178337409 -0.0497814607415632 0.0751334992979326
-0.279247461077167 -0.123131040023835 -0.092683278895653 -0.0381595481450033
-0.278046419335653 0.0749279181245976 -0.253786784014316 0.0474376354430319
-0.188246787764697 0.208531913666242 -0.191630835388679 0.292133625405969
-0.0613737835910603 0.252949970590852 -0.0162977921413943 0.369912398281127
-0.0344498576370037 0.242596055379577 0.0268730884186129 0.347078774458386
-0.0649757274349854 0.227745435597794 -0.0157186630387929 0.342454915785496
-0.177589016708446 0.211569552035723 -0.126714884562188 0.290240923101888
-0.255456669674281 0.0707019290342025 -0.223999379621324 0.140309853522128
-0.221909724208196 -0.0793944785281618 -0.19287719931306 -0.0523478798907995
-0.0826427121150641 -0.247653902951053 -0.113676814142779 -0.0713791717544183
0.175917483189751 -0.296593204955805 -0.0470796462434811 0.0802027381328013
0.341029954927621 -0.198590260986518 -0.295750414155599 0.189928599691603
0.171012063577062 -0.113369142234446 -0.729424457517381 0.0333949741493889
0.0622574507740163 -0.188494496950674 -0.384241054844098 0.333607370712168
-0.0615895949541962 -0.119114720694237 -0.0869173182598883 0.134116922963471
-0.0860069150035146 -0.0276447864450534 -0.100557290128957 -0.0156724295818086
-0.0870379693331382 0.014594180327945 -0.271342975084782 0.0723640420939425
-0.0784827425397995 0.0593122274048956 -0.215597450084284 0.334778361221349
-0.0491077561575566 0.0892245907156758 -0.0436648332431034 0.431580751874331
-0.0491903909693039 0.0871209445674569 0.0122335449675748 0.407976495558566
-0.0664298736036695 0.0825537728506148 -0.0368142606775327 0.393908571351059
-0.0915291326256937 0.0638818341751242 -0.153233242087999 0.316466995018643
-0.0893824966035398 -0.00642971165578788 -0.246872566652813 0.142492532130233
-0.0443506431937808 -0.0364654684652641 -0.171680198643176 -0.0547903984339214
-0.0330485619152535 -0.0524473238566898 -0.101069384857034 -0.0448541406695335
0.0366239140921278 -0.123991033017459 -0.0633476005337908 0.0989245349076634
0.120081450319448 -0.142516121813109 -0.35921482403425 0.216172459875036
0.0436189351401241 0.0765528586062416 0.478498545398585 -0.0514977602211379
0.101119185881297 0.022140800558803 0.132859581826593 -0.152957788387733
0.0579680861321471 -0.0714493668470869 0.0335404977389896 0.0236497492040269
-0.065694878176423 -0.0634734162041748 0.081605521782007 0.116909023455399
-0.0869338736106193 0.0103887179898186 0.266888036387705 0.0359309092433913
-0.0486211084411402 0.0664878215756015 0.300550125584104 -0.1897197455644
0.00721636658225892 0.0814109832623249 0.222402472392973 -0.331613622083878
0.0224671132570162 0.0943821211910819 0.170876377302609 -0.368322043080377
0.00854897107136487 0.0990383371916468 0.201607242352346 -0.360037124751503
-0.0712883398987456 0.0832979154517976 0.276492977271013 -0.249296330505976
-0.125897466114948 0.0121293740517686 0.272601451106887 -0.0523425761491338
-0.0922639371646398 -0.100274445417091 0.121069747376545 0.0126627311586626
0.080351003794807 -0.133545406109885 0.201014989903011 -0.0822549920635388
0.146121247091837 0.0213706214082036 0.429574590759112 -0.100334168790202
0.0793696802941251 0.113273387547561 0.69864994810546 0.225342613468036
0.242016124799963 0.115878233348574 0.440929170371755 -0.087998798758689
0.246205797484946 -0.0490340378977187 0.125179362709423 -0.13624863667196
0.109154289860586 -0.190004197366465 0.0486416686980744 -0.00888786969279287
-0.140964558610649 -0.160538070579008 0.0603242791017546 0.0938778383668969
-0.223484143559736 -0.0139039189132121 0.220761947975596 0.037132642290353
-0.179244106122123 0.129599004709475 0.264645888166226 -0.140344637654497
-0.0708836521066813 0.201554316728159 0.216102030069186 -0.267900768514088
-0.0420746209413617 0.234487817686231 0.158811301030361 -0.305150495421126
-0.0699671455132866 0.238249998312468 0.166507458128868 -0.299979176811411
-0.231917533235336 0.190574222967776 0.21430007027194 -0.218300268095664
-0.329309616868244 0.000866161755199958 0.214807567654738 -0.0722308323838832
-0.249045854350921 -0.245881717974181 0.0869855719999482 -0.0422008636793725
0.123839077862579 -0.383872915985652 0.192333195829029 -0.129008472412986
0.39423431380804 -0.131759211803056 0.405880027209472 -0.101003819318921
0.375177161473008 0.123515654956784 0.614727621082909 0.195925420240832
0.423127663135648 0.149478058887801 0.337839069791539 -0.138377125014355
0.389337563344407 -0.12712748404419 0.0798487531029324 -0.1079308581815
0.158514643348805 -0.316737846065096 0.0562033230312809 -0.0235667337921844
-0.214549730472664 -0.260900447019231 0.0485695401375423 0.0666526977837188
-0.352061047097568 -0.0410414826568608 0.158452168602976 0.0240940461259706
-0.301231154954409 0.178571958141077 0.19176253922233 -0.0799262393901153
-0.146352916779789 0.296892070273261 0.1787028373856 -0.165689601059112
-0.10212199923596 0.340842013329869 0.127107771848567 -0.194804661353033
-0.132801436316545 0.340648382784192 0.109999577905266 -0.191488303458124
-0.352089690128613 0.276660073884765 0.120701290467719 -0.146759532962027
-0.4883934536202 0.00483916065335656 0.11887898503334 -0.0714679764133563
-0.392569620876906 -0.338093628585789 0.0282327636229959 -0.092201986043519
0.115127719813661 -0.58459257458089 0.148999440104105 -0.16789712383219
0.56368831799091 -0.284347547880381 0.334535426606357 -0.0913545725043491
0.605424288613629 0.100830190963452 0.446548586121783 0.159633447369121
0.560923821812047 0.163333097033443 0.163053786047084 -0.199664307332831
0.509291731977458 -0.212349496601177 -0.0163701991164011 -0.0649312640725706
0.190595009190898 -0.443763767751835 0.0426552771285128 -0.0199970029296206
-0.283909170021152 -0.347744592413436 0.0307102622535861 0.0348104737961997
-0.452004076339724 -0.0618424552433592 0.0669624401021297 1.80707784998392E-05
-0.389337620768924 0.209282961453603 0.0787630535807014 -0.00910543068117899
-0.203326580374863 0.353250014857876 0.10825671303036 -0.0358976845635716
-0.14392239275579 0.395530013209426 0.0743389130467274 -0.0554417781110953
-0.173095452210066 0.386566361319356 0.0394880723330865 -0.0533038883334657
-0.413887161351811 0.317665063867917 0.0114618635290874 -0.04434182531356
-0.567629193272545 0.0168403778289031 -0.00040568600659624 -0.0480685885240565
-0.474124059282509 -0.364183125207714 -0.0469888978721358 -0.124290587204158
0.0751101281610428 -0.680095713553352 0.0787416005261043 -0.183928479639865
0.625263637239711 -0.389689171795179 0.224107989445829 -0.0598423514597099
0.722813944381289 0.057125549079028 0.224744131712045 0.127964163998577
0.624519046036808 0.150174495538862 -0.0695277534795836 -0.258391641142025
0.566740608385876 -0.27640051781639 -0.1534582084842 -0.00760481476443685
0.193190248377503 -0.519151288277338 0.00530528523198802 -0.002849097536396
-0.321614802896715 -0.38813009257219 -0.00411485367582961 -0.00249549468889088
-0.486507943630542 -0.0700114513243752 -0.0497583743484809 -0.0223803275627851
-0.417022467383963 0.212159316423461 -0.058378633342222 0.0697722112874429
-0.224756402084202 0.359194626588631 0.017026304694886 0.105181583876839
-0.161384762866786 0.389066269018634 0.00968327577423232 0.0919287922392037
-0.188425659297331 0.369191176326629 -0.0331254493820592 0.0913213655844324
-0.409096282739544 0.300773373664312 -0.0916798739127036 0.0670600454511736
-0.545347893489533 0.0167002274612056 -0.117378716390591 -0.00870768388213137
-0.453327918781109 -0.330119845654719 -0.115488130590318 -0.134751627463763
0.0368464265448009 -0.634849756350545 0.00573989432446544 -0.171449669210995
0.577459936297809 -0.402776711933924 0.104014642693507 -0.0122039525489633
0.709492031024148 0.0123400158497414 -0.00728404923543992 0.10421778176532
0.582247519990768 0.106446682328823 -0.320923917944098 -0.297929784543224
0.51709104696531 -0.288641349898413 -0.30093876882314 0.0544083133433613
0.156854648541799 -0.488521637773352 -0.0473571665840654 0.0206804591460042
-0.290924612088167 -0.345961559703875 -0.0480155982405151 -0.0375966796410918
-0.425369087720832 -0.0644699942203269 -0.168800761522718 -0.0384008908376151
-0.369371619029487 0.178743598792384 -0.191119172459567 0.145027850766803
-0.207304890046471 0.30567499826811 -0.0778091305402315 0.234731167172988
-0.154405009405632 0.322761035617559 -0.0555580550498674 0.225543034059436
-0.177517500296633 0.295071521637224 -0.0988274151113783 0.216511606921499
-0.345664151172284 0.228560579118159 -0.175752740878304 0.159941156727591
-0.429495261780811 -0.00260800406709605 -0.207796214389693 0.0239592312260011
-0.332841255132773 -0.252391801018582 -0.155018477509293 -0.13255837412769
0.0221416641277111 -0.471506040460722 -0.0473765119381478 -0.141450047068708
0.445009853977817 -0.323948935631707 0.00631496112916939 0.032193297840955
0.582082789724113 -0.0270029701178434 -0.20453114499326 0.0867247933011845
0.435348174012281 0.0420195931823286 -0.544329046649155 -0.307702636401647
0.359829176070966 -0.238383510792096 -0.420887606279467 0.104511172601135
0.0837102909396869 -0.34273503574584 -0.100720045022208 0.0505699634588824
-0.195345314703921 -0.22300921501385 -0.0809809173413085 -0.0562955071873061
-0.276574698827181 -0.0466921277947246 -0.251925870588406 -0.0443227718999594
-0.251218014095908 0.110516724987487 -0.287399252781925 0.198849028702163
-0.155142041741722 0.200843596297382 -0.158095563384209 0.330389577792724
-0.126053935030899 0.206750018407178 -0.110467439664853 0.32350557127737
-0.145042696513034 0.182627705633354 -0.152329804916749 0.302795841045843
-0.238294889595693 0.127786246192578 -0.233333268784188 0.213140699172196
-0.258771372440738 -0.0281929070774377 -0.259483804593984 0.0354949856920486
-0.171715462397097 -0.154707367157117 -0.157174646349991 -0.128193924962837
0.0129765400356583 -0.25812333730572 -0.0708302019726884 -0.107732963470396
0.266301385744018 -0.206480082946414 -0.0552205220238677 0.0585465715937674
0.383523371729731 -0.0560139848416083 -0.339373485486409 0.0710711193800808
0.20650493911033 -0.0283739293772978 -0.690450481975083 -0.281889380449045
0.135448281425517 -0.141215366043992 -0.489910814563907 0.139741248366669
-0.00567560028803628 -0.130911898737207 -0.143055970992755 0.0907691066793509
-0.0638791274827585 -0.0591070689317162 -0.0894425702343153 -0.048738987328511
-0.0807263439467408 -0.0224546967578063 -0.277318450257155 -0.0386981280189955
-0.0934390167556451 0.0207815452190053 -0.328081905206244 0.219687692226106
-0.0803015214950524 0.0590324363284286 -0.209784348278044 0.373153747955085
-0.0795404894076066 0.0604610312535433 -0.14898468468084 0.371206646132366
-0.0913226965122327 0.051706470497715 -0.187131287579964 0.340042483378356
-0.104774801138661 0.0260468646290611 -0.263577263484339 0.225670918689962
-0.0788962952113881 -0.0365702620736253 -0.27803659495714 0.0304408643227442
-0.0274496489835539 -0.0488972500139887 -0.135021866273217 -0.119017795291664
-0.0123753305395923 -0.0587625306001273 -0.0730526051688581 -0.0767212640742547
0.0772528122454672 -0.0992825644188069 -0.0871467285470032 0.0644459076214837
0.156224353114761 -0.0842774557685855 -0.404217181834077 0.0584270953397567
0.0457320082572592 0.0757733300841527 0.473864059737076 -0.0601994018365463
0.102798060833628 0.0187467240744995 0.126892655855027 -0.151695891324335
0.0576687900365024 -0.0746683548120069 0.0337870029900696 0.0204496572632218
-0.0676013281669264 -0.062516596923633 0.0837348439930553 0.113701672615443
-0.0873048563852121 0.012291613431622 0.26805449347799 0.026470770782487
-0.0456703663587807 0.0680525038545807 0.294877832852691 -0.199355340136787
0.0109327453529994 0.0813755320561045 0.21321951393796 -0.337322595633358
0.0265266924293885 0.0930188420170514 0.159866365516172 -0.372512685569028
0.0127042412847821 0.0983249091392095 0.189464727421834 -0.367115840874102
-0.0688960776989629 0.0860484530223672 0.267992241751185 -0.257570582310619
-0.125895103921603 0.0171255823955415 0.271106878674465 -0.0612715424840214
-0.0951444411061523 -0.0971896185292742 0.122363321180157 0.0113094801833698
0.0772061214966755 -0.136309970220353 0.20057129983355 -0.0900915555111654
0.14788642025464 0.0190144147783935 0.42619087554166 -0.109235882151324
0.0833492675041595 0.113440038222227 0.705501251772801 0.213745926565988
0.245884965152151 0.109982451162061 0.4370737822454 -0.0936032827332668
0.244469391024729 -0.0555717953798874 0.120643209255971 -0.133977818428831
0.106838282377774 -0.194509644711742 0.047383414838255 -0.0125605387230706
-0.14424956544008 -0.157121428977087 0.0632431664101415 0.0909207740384503
-0.223737723299499 -0.00683559525108781 0.220903291509135 0.0293875582664682
-0.174113116275206 0.135494833512298 0.259853515694123 -0.148984022427514
-0.0645035192734939 0.202549848673489 0.20671876507017 -0.274637367427751
-0.0339278744882595 0.23457094087399 0.15076499982539 -0.308967902323994
-0.0619939176178927 0.238662592382126 0.15648238072171 -0.304537279515642
-0.226142462901071 0.198420597951363 0.206193369336809 -0.223510687530723
-0.330271115687526 0.011112836471596 0.211477374553373 -0.0803227267324277
-0.254870942042418 -0.239935066943299 0.0853258636767182 -0.0430306956739834
0.114780930143084 -0.388656136138066 0.190285234275389 -0.135813282451606
0.393240744801261 -0.14078888056567 0.402130771320911 -0.109048663592797
0.381736896785349 0.118361056737374 0.618468076653257 0.184866862270269
0.428047565003178 0.138146294791224 0.333926629053872 -0.142061909056367
0.38542578991373 -0.136158206039024 0.0765255374438013 -0.104524415293336
0.152768017700148 -0.323454224764908 0.0537503177321737 -0.0275222599876034
-0.220217345217162 -0.254628657433685 0.052034343698365 0.064419062025322
-0.353226077569405 -0.0312090827417646 0.156370297643263 0.0167620901896969
-0.295709461926513 0.188289961192142 0.188589027923481 -0.0866868325973428
-0.137399538886023 0.300178034298552 0.172661707102663 -0.17362697295812
-0.090674618754112 0.34335031691602 0.122883327036614 -0.197187849328881
-0.12322139505142 0.342108365318273 0.103146126098597 -0.193076410615054
-0.344244283300998 0.287290228830398 0.115467171810659 -0.148105183721929
-0.489889871848883 0.0212720420514009 0.114663191951386 -0.077728971762611
-0.400248516241439 -0.330558576311677 0.0232859879171321 -0.0910543750428571
0.102293197791062 -0.590565629988552 0.145488184985421 -0.172556672001511
0.560083343662344 -0.298404355019335 0.330243442295397 -0.0978476081743278
0.613796904669063 0.0910965723179637 0.449707646980779 0.152417984191734
0.568868588086057 0.150168933606844 0.158313806875242 -0.200634714983831
0.503806403868079 -0.225072170488172 -0.0167844423647522 -0.0598774578655128
0.182408979808782 -0.451125187482955 0.0391457569878313 -0.0229227193727662
-0.292443276216212 -0.341165784486922 0.0344972401625341 0.0338826466606505
-0.454971025624406 -0.048803100499072 0.0638574018678556 -0.00392936612050531
-0.382252658649175 0.222234592135054 0.0778948272955435 -0.0118944789509251
-0.193596311788118 0.357403007648221 0.1065384487407 -0.0428361990477938
-0.131155808978488 0.398497433387789 0.0740817375365836 -0.0567326944902994
-0.162462417564746 0.389029378343301 0.0371072154793087 -0.052081403797582
-0.404342545585046 0.331554322363277 0.00917833918148486 -0.0419279096538125
-0.569410913552264 0.0341601940999538 -0.00540089443909884 -0.0499454954217896
-0.482777060396637 -0.352716513103053 -0.0540432887666828 -0.121565921106617
0.0585727380055983 -0.685755515184608 0.0746595140586644 -0.184365310541495
0.619004413110863 -0.406590996487739 0.221568312809274 -0.0628061585351289
0.731331258555419 0.0459498082873334 0.226396971371602 0.122697265670431
0.630880466568206 0.134005265632967 -0.0750541312632973 -0.254515475093351
0.558705353648145 -0.290135392053961 -0.152031076924374 -0.00017753729132845
0.183405425428815 -0.527183840736432 0.00194974901666081 -0.00431829274307933
-0.32900949020824 -0.379889845233536 -0.00080672212189467 -0.00230283452299646
-0.489908570681007 -0.0570871516874209 -0.0553910332843019 -0.0230479938260113
-0.411768985360692 0.227727808751913 -0.0569734307404422 0.0714777316027088
-0.214954987925492 0.364261796899315 0.0196931626143472 0.100208322909454
-0.150136433368972 0.392589415552495 0.0134139376489222 0.0931675466084269
-0.178089767152814 0.371695100291233 -0.03092414718955 0.0950989591481531
-0.401123322028576 0.314661067392712 -0.0905611374732092 0.0732623803224692
-0.54703532780986 0.0331017908926703 -0.121509382297117 -0.00780663969119063
-0.459307329936379 -0.319181591244815 -0.123598074162277 -0.129894178466756
0.0232456039014585 -0.638723933181012 0.00115141820942662 -0.167916709426462
0.568665534536306 -0.417711314632102 0.10384859181373 -0.0135583557578649
0.714077816180518 0.00107292675641722 -0.00512223944328391 0.102695669681623
0.586943779368822 0.0912394408523635 -0.327714538003464 -0.288948744336164
0.509635664467469 -0.302414268771709 -0.298420575846004 0.0625257530450095
0.146992360983249 -0.493276792538062 -0.049670309632666 0.0212683634118441
-0.298701081284935 -0.337944086221379 -0.0459924279385868 -0.0357260290490384
-0.428318166769653 -0.0519716571277879 -0.174715077759366 -0.0348588140231342
-0.364524571959675 0.190533853711368 -0.187652588085973 0.150550252262291
-0.200493159395256 0.31101501818263 -0.0712358017305512 0.232618084931992
-0.144239047430617 0.325555352439833 -0.0480616579860908 0.227734936585976
-0.171229663708252 0.297741063182705 -0.0932868745348027 0.221882510862518
-0.339354772070538 0.240781952971298 -0.171136536252294 0.16784824349405
-0.429891450724245 0.00947114676382782 -0.210330020023697 0.0286378724599574
-0.337690913895403 -0.244988887919789 -0.16276744463993 -0.127014055335086
0.0102918089659863 -0.474355487172102 -0.051720917584489 -0.135522416309485
0.437867219279487 -0.337487502084323 0.00775818194623326 0.0327633087979945
0.585471905692449 -0.0359833917015751 -0.202985530779587 0.0887028644154069
0.438871232484081 0.0310301143278055 -0.550364322155338 -0.297213913876252
0.353824710438895 -0.247234296893581 -0.417144505074944 0.113813356750406
0.0773923860885991 -0.34633917370536 -0.102137771563494 0.0532355365990121
-0.200227931621598 -0.218203083750417 -0.0807936182043454 -0.0537915515147507
-0.278773879178729 -0.0390191440661484 -0.257327194785798 -0.0380809869340275
-0.24810515791763 0.118690199079295 -0.282430534724512 0.208010938579292
-0.150425220839605 0.203531379930508 -0.148223227451509 0.330143082602412
-0.119832171433019 0.209780823735461 -0.101412531071097 0.326566785457343
-0.141256233958824 0.185019696087482 -0.143843110135227 0.309481298833774
-0.234614551133946 0.136144294398297 -0.226205696161429 0.222400316427202
-0.260788000529201 -0.0208212499166175 -0.260297017322355 0.0429238922341308
-0.174407410743243 -0.151252364747439 -0.163496861359274 -0.123796155984785
0.00694640267138145 -0.258122748807703 -0.0736934375421748 -0.10074683925764
0.261532971906369 -0.214133690993294 -0.0525107855279042 0.0599742478918387
0.382826240976076 -0.06310768067578 -0.337047240687071 0.0763179969496187
0.206908668493233 -0.0334485298996412 -0.697152961507488 -0.269243746554297
0.13107333084483 -0.144489589525894 -0.487596780266481 0.149817030897368
-0.00803435431847198 -0.129986069384766 -0.142292261897965 0.0959856966235906
-0.0639813102796928 -0.0567327337331196 -0.0898278285269853 -0.0455683597743398
-0.0813659346095829 -0.020430687493475 -0.281523658167737 -0.0304636906085744
-0.0930803808151278 0.0238523086699575 -0.321410905774285 0.229910008408044
-0.0796478491048978 0.0608655932240723 -0.198101515693923 0.377142208235914
-0.0781614028462732 0.0626059473369943 -0.138677841113508 0.376308290773682
-0.0909249637399951 0.0544969165111139 -0.176982093363824 0.346124089600447
-0.103599806482818 0.0298258833511212 -0.256170864635619 0.234281082588614
-0.0802801496659848 -0.0354154883693155 -0.27842630484038 0.038840925044873
-0.027680753711122 -0.0489254868232845 -0.140140921612248 -0.115526998047753
-0.0137061939653923 -0.0573430999168809 -0.0756427427039311 -0.0708357302058784
0.0734249849556769 -0.102961638313455 -0.0832494628484895 0.0658857516485296
0.153164122198458 -0.0879032849515389 -0.401679985171464 0.0646703448513169
0.0491368297274264 0.0754038538774135 0.475465473596209 -0.0740390643866175
0.104972808390462 0.0146900644906402 0.121884916170085 -0.15331554417002
0.0563706273373981 -0.0790950119962454 0.0347531310278112 0.0170812625727615
-0.0716629866961054 -0.0609786046562933 0.0880693921469268 0.11098158241265
-0.0889927401243365 0.016803980239331 0.271215775150413 0.0149253696936335
-0.0427074203452318 0.0710100140544238 0.288659266513587 -0.214337190339109
0.0156418415498764 0.0812937387358007 0.200201914306556 -0.348678903031408
0.03145193900552 0.0921540583571984 0.147546170032657 -0.382947127715418
0.0177151181916798 0.0971823604707996 0.175252263039541 -0.377770835910258
-0.0660192071727521 0.0905357091835859 0.259610365709215 -0.270256674867985
-0.126530085145169 0.023457185823805 0.272190472488189 -0.074126973285487
-0.0993730574710549 -0.0944325827283215 0.126169266632578 0.00759724357214887
0.073447442745356 -0.140778923049207 0.200650344463663 -0.102066349508879
0.151353385889038 0.0148946860032678 0.424527619453456 -0.122453370014689
0.0901551251295944 0.111919423260274 0.720361627754062 0.193012477420503
0.253131093414301 0.102207333774309 0.438849130569839 -0.106015998638397
0.244911343222184 -0.0647724662638919 0.116495245054767 -0.135015038882642
0.101512227753111 -0.202450701109354 0.0460623637193844 -0.0167564624520849
-0.151288455716772 -0.152988580383531 0.0681165641258646 0.0883258347358118
-0.227737068558993 0.00273780167248228 0.222557186562246 0.0189861332054318
-0.170258715728234 0.144417911459806 0.255220658450298 -0.161903661369919
-0.0563535124741075 0.206628023027147 0.196448649050594 -0.286110479435785
-0.0241398014744312 0.237089898559075 0.140689559894296 -0.317533707224821
-0.0525687632163699 0.241421595002036 0.143953690737206 -0.312931029957366
-0.22059053741057 0.211634047942342 0.19859491544025 -0.232681780736061
-0.334928648083759 0.0265740451010685 0.209486999002238 -0.0913369727958534
-0.266549447039733 -0.232998967053636 0.0845203145594816 -0.045246117842783
0.102772015267333 -0.398968387402353 0.188555082103822 -0.146688502029306
0.395262841830351 -0.154598757228658 0.401217190493526 -0.120571023526975
0.39452363315529 0.10917632186781 0.631618894454925 0.167436549403757
0.439564336323731 0.124397154369134 0.333143126795999 -0.151250954726055
0.383303683014429 -0.151646381920871 0.0744177540768577 -0.102818720905768
0.144234605282402 -0.33444413127361 0.0510378057984585 -0.0314123862723371
-0.230446781005437 -0.249190166922327 0.0570901584668247 0.0616154893803622
-0.359820221094692 -0.0162200393612115 0.156227687227968 0.00920764180602153
-0.289635452906458 0.203699507711352 0.185635663658072 -0.0962232134313678
-0.127221547043766 0.308012203211291 0.165740661389875 -0.184419061473048
-0.0763523417246883 0.348985303815237 0.117129988163667 -0.204266483496947
-0.111057525970768 0.348141353207513 0.0950114171492921 -0.19760139112575
-0.336734979487573 0.307194734291731 0.109022395526785 -0.152650999533956
-0.494917900491853 0.0431157449018314 0.109705312186567 -0.0851197387701905
-0.416182557936024 -0.318618195296695 0.0178481648658363 -0.0914048654517261
0.0831766076148478 -0.603565289961653 0.141585369686038 -0.179142524467013
0.559161437185898 -0.321707721617937 0.329747493576424 -0.107220561530013
0.629220588777613 0.0753019808138728 0.460249497293608 0.138794837537052
0.5823866687892 0.13084183016582 0.154440837401254 -0.204605205642982
0.498873139818031 -0.24596287936804 -0.0182119380856207 -0.0549054103632115
0.16929358625428 -0.465467678330406 0.0360604132740046 -0.0259562463845137
-0.306636492988877 -0.333183938755355 0.0393065385572494 0.0313698246398981
-0.462803537745224 -0.0299653722324123 0.060447516335381 -0.0077575707311503
-0.376506649770274 0.242104762194911 0.0767394650259328 -0.0160334799160455
-0.18253207260107 0.369071067929497 0.104422427369461 -0.0508489018385375
-0.114894696292219 0.406872142783988 0.0741875631689699 -0.05951426111325
-0.148881314898329 0.396714338628787 0.0343145889641423 -0.0514758950493982
-0.395170771871099 0.35432706007842 0.00653846084153854 -0.0402413387538114
-0.576876775754324 0.0593206219305787 -0.0109786858156363 -0.0524435955253791
-0.500685635588854 -0.33935001824965 -0.0623610619570928 -0.11776275640592
0.0332220929287455 -0.697238302062255 0.0695028406987458 -0.187419108714748
0.614724089993067 -0.43427038889012 0.22095300137648 -0.0690181747659636
0.746240579913604 0.0243275677735839 0.233287167995736 0.116162976338062
0.644122222580833 0.111869684886493 -0.0832970902603226 -0.252461971417779
0.552345628006036 -0.314361349104423 -0.15289093661742 0.00829878225125526
0.169764349998443 -0.54225119560078 -0.00115516402766594 -0.00513992155132619
-0.346497848485815 -0.371577791979272 0.00257168417702522 -0.00309352324218795
-0.499190891687968 -0.0372896991626474 -0.0616932613414471 -0.0220980942668592
-0.405996853415439 0.248106946647263 -0.0556431170469493 0.0744287544362616
-0.2034910834134 0.375556602258953 0.023001034779935 0.0960644686530519
-0.13539866096271 0.399933513671405 0.0191313795542517 0.0940872020484039
-0.167051913868837 0.380301875681166 -0.0276750820345054 0.100308804927084
-0.393926272341047 0.336443861991336 -0.0889572348961359 0.0804537352839995
-0.552557628057749 0.0572755334688328 -0.127518930126735 -0.00399115226639571
-0.475182325401322 -0.304844608469487 -0.134184993593666 -0.124049775225451
-0.00114885635783948 -0.647892445388728 -0.00467181565450627 -0.166048747301821
0.562185734783111 -0.446069499450797 0.104427811818085 -0.0158031261204375
0.728070808216685 -0.0203262491855509 -0.0027729399101524 0.102415805011246
0.599078857526199 0.0713598208849584 -0.340836189317231 -0.280907287607934
0.502902891485372 -0.323686515412206 -0.297394538669187 0.0752581945353978
0.132245275726211 -0.507387832207197 -0.0528443863330726 0.02321061583948
-0.314285514903392 -0.332069748104847 -0.0445926465984615 -0.0351007517080364
-0.436290447203246 -0.0360727439166037 -0.182971788644145 -0.0288473816251857
-0.359679478333156 0.209269404211103 -0.184264905234875 0.160203804438041
-0.190367693947147 0.321609375162357 -0.0633334311473712 0.233791330321738
-0.132188159072862 0.333847534784818 -0.0377191804793093 0.232207107664625
-0.161962193063937 0.306192387200333 -0.0851951743147311 0.230822463559961
-0.334381287893648 0.259567607503859 -0.16583746637646 0.17935294261058
-0.435105087340882 0.0283363339994451 -0.215166740256192 0.0369123183261909
-0.349644770490308 -0.23580817723728 -0.173347060054296 -0.120494792037142
-0.00637152494488819 -0.480308628363682 -0.0569480083486437 -0.13065024904014
0.430989236791692 -0.35799645721989 0.010121305627317 0.0330106290960101
0.595555717526175 -0.0548529560727006 -0.203260385212234 0.0946062326641589
0.444984049040144 0.0154509070275533 -0.565000071550716 -0.283285305166464
0.348597760369357 -0.262118241769866 -0.416614088773967 0.128917108138845
0.0671134222101882 -0.354282487450106 -0.103722083927108 0.0583238870561877
-0.20908569517586 -0.213169924890444 -0.0815229264847945 -0.0510876518393129
-0.283633399854366 -0.0287718651663269 -0.265807233381788 -0.0276632455654205
-0.246029079116496 0.130594422021681 -0.277615940917023 0.2219313529703
-0.145269024314764 0.211637297083923 -0.136730737261095 0.335653533138006
-0.112772963997074 0.215673645463061 -0.0889500949048348 0.334485051768439
-0.137144185084011 0.192409257019279 -0.131826753613232 0.320132961679164
-0.231003626549386 0.148426119223856 -0.219300446332297 0.234683609318377
-0.264602413805933 -0.0106486636581334 -0.264075549667858 0.0541975068287229
-0.180800788444038 -0.147059523231298 -0.173479966722612 -0.116970494594047
-0.00182817970018906 -0.261025375947292 -0.0782742653834985 -0.0946501116733662
0.255409643545581 -0.227794482225178 -0.0490599690208821 0.061408505463117
0.386866347541195 -0.0751912726089866 -0.338395698013302 0.0853621676211082
0.207837260069423 -0.0417223100213412 -0.71446600949016 -0.254623589945089
0.126393975701166 -0.150731037713422 -0.486068947497767 0.165091744261217
-0.0116851791161766 -0.131269611017435 -0.141344309035487 0.103447886450525
-0.0653667213327476 -0.0549130971571985 -0.0920334690108633 -0.0423629222743755
-0.0830828734329906 -0.0175763650826 -0.288795802377108 -0.0195220192883595
-0.0929257230220762 0.0275481458260237 -0.317414716728668 0.24658957654622
-0.0791346120623794 0.064388687322533 -0.184592663602847 0.385838697409282
-0.0771282373679229 0.0652205367182922 -0.125111222165761 0.384450197527021
-0.0903407099323968 0.0584309938055764 -0.164159907729856 0.358517874811752
-0.103061895299135 0.035012756940678 -0.248356240384874 0.247917109664788
-0.0823473757572567 -0.0338237664142281 -0.280674088629486 0.0510102979919236
-0.0297725646449965 -0.0494615873775919 -0.147740911457533 -0.111225303016677
-0.0155447244029564 -0.0567681253977355 -0.0782215592975536 -0.0639340718102796
0.0688310895224309 -0.108345735262103 -0.0794281988913694 0.0677247150312508
0.150695321091702 -0.0938008941597563 -0.40297502171519 0.0769309652171812
0.0529016023336417 0.0736572342062793 0.47248819257206 -0.0961205333626197
0.106436702991354 0.00832094044131254 0.113493865690883 -0.155621650621912
0.0518544745548351 -0.0840387887243478 0.0352314282070517 0.0134754395661953
-0.0754958658462277 -0.0568301070421044 0.0932002018060556 0.105503258210389
-0.08806895222481 0.0225781448105427 0.270633388693222 -0.00294454902875404
-0.0377102914512986 0.0742900741229875 0.274028761668871 -0.232041955666266
0.021320350449274 0.080291066768088 0.178210618167134 -0.358509658309963
0.0376592254746687 0.0892214578116827 0.125205971769147 -0.390354688414591
0.0240115960016439 0.0955261037841089 0.1518333364413 -0.387135627976557
-0.0605519107742584 0.0946101689469978 0.241712795109845 -0.285180647794632
-0.125438890822238 0.0322708613694767 0.268040104200157 -0.0909656347335677
-0.104865102320192 -0.088241797920736 0.128339800521711 0.000425912530856262
0.065780851052827 -0.145410072585325 0.195097097505318 -0.117494156618514
0.154353508495654 0.00704507721147482 0.415799333652501 -0.143336822993597
0.0972027319867644 0.107639515690773 0.730816705161256 0.158694592295024
0.259301626923743 0.088443751747623 0.434305567496741 -0.124860218760091
0.240978665713308 -0.0779916003925566 0.110003064592546 -0.136002133663509
0.0908769213657931 -0.210525538873099 0.043905736765643 -0.0205698127879157
-0.159668160219256 -0.144162146669867 0.0728099951701657 0.0829748248265761
-0.227703832086241 0.0168156339156695 0.220765640421807 0.00481869950337265
-0.160148189913624 0.155481369959767 0.243299715078089 -0.177140708343788
-0.0436867910884726 0.209597858982979 0.177622657407192 -0.297572313212082
-0.00939151022318687 0.237413694915642 0.123687640405558 -0.325114644267831
-0.0382508114858324 0.243110381043182 0.124923197751546 -0.319424877775598
-0.207941884865171 0.226106695596726 0.18375290778856 -0.242572848177553
-0.333780191985216 0.047656601398714 0.202832115183666 -0.105362672707821
-0.27868802449802 -0.217994727540668 0.0826424228628541 -0.0491243489511176
0.0803046417096037 -0.406251188000946 0.180968083809076 -0.158538075780972
0.388776439371925 -0.177336403704873 0.393446990831034 -0.140910246865672
0.404630718878613 0.0887142592876909 0.642240103260279 0.13637149244835
0.448909219686313 0.101239498941586 0.327224981710902 -0.1657989997393
0.373568189152656 -0.171425157485086 0.0698151488688516 -0.101919501988529
0.125531368250156 -0.344442580841601 0.0474500000330575 -0.0352295306007697
-0.243564853216984 -0.236180800835071 0.0621458485720207 0.0567497160463325
-0.360284269798592 0.00607074399499516 0.153048943175487 -0.000725378061230158
-0.276180780737013 0.222368017466294 0.1776190038931 -0.107263038428584
-0.108844977852969 0.314759395226811 0.152575613582583 -0.195026966721135
-0.0549851424418063 0.352007488591675 0.106766999484932 -0.211073575404637
-0.0907916006038492 0.352078744762562 0.0829224211118577 -0.200551252088536
-0.318662002511232 0.327998533706439 0.0990369637675309 -0.156563676283092
-0.494102177607453 0.0744766534940432 0.101234638864358 -0.0933945705374171
-0.433431749820343 -0.295726655198139 0.0119741895559731 -0.090299997534902
0.0490310394985765 -0.609894962079587 0.132796571708318 -0.187890224723059
0.543904286025281 -0.353474559315528 0.323274087869484 -0.122479107068629
0.640760517670271 0.0421668531674135 0.466684140744255 0.11551343206921
0.590870019578524 0.0972136589043711 0.145751976357004 -0.209553991687751
0.48416272275812 -0.272549369612814 -0.0198577209948111 -0.0494560491170388
0.145069630984598 -0.477303789387185 0.0315248457272623 -0.0277951069517666
-0.324483492091802 -0.316661409387417 0.0439510556990443 0.0269886785013029
-0.464251312498086 -0.00199434958449188 0.0547332037660174 -0.0119894566303609
-0.360276801076053 0.265428547612975 0.0740860374736931 -0.0202222453782921
-0.160942567496467 0.37985853077865 0.099140536805726 -0.0594038823789258
-0.0895546191266471 0.412001315926783 0.0722919159448162 -0.0643231958421895
-0.126612780931826 0.404199228028343 0.0316434862529838 -0.0506324491011136
-0.374261897415874 0.380199187267892 0.00391184262939578 -0.0374603785282642
-0.574969457822983 0.0943183563111803 -0.0184887355460998 -0.0529698640812825
-0.518882779246149 -0.310990113921405 -0.0712859313635922 -0.111469034048687
-0.00535666553787327 -0.700866765204499 0.0599778237232862 -0.189608737790257
0.591373674034179 -0.471014707506149 0.217212865839299 -0.0789598715019614
0.756190626763684 -0.0135528177891349 0.238372597657671 0.104097263395425
0.652191945128295 0.0760320502893918 -0.0945657350183133 -0.246208911211452
0.535671307477398 -0.343669489720844 -0.150760597352153 0.0193511159448235
0.139766551617308 -0.555864382677231 -0.00543349188097797 -0.00453583403729777
-0.366709987115672 -0.352876477185125 0.00597059246207142 -0.00482021310940905
-0.501422256973671 -0.00643687786229835 -0.0684018027635037 -0.0188361727758951
-0.390558609965697 0.274339717050646 -0.0522299846022334 0.0786204263369325
-0.182109691479933 0.388313554051992 0.026590904549367 0.091276961849356
-0.111108121547815 0.407788893410342 0.026074693610729 0.0921369484716859
-0.147260428370563 0.388211401671155 -0.0213467504233699 0.105075126377297
-0.372751662774291 0.363850547791211 -0.0844233967437425 0.0881521471372563
-0.550805403774792 0.091471836212353 -0.132619085964752 0.00311084065399007
-0.493299372455627 -0.278400788663281 -0.144698905026008 -0.114021786816075
-0.0352298804027808 -0.650538157274801 -0.0130682751127707 -0.163361261654292
0.539502960704091 -0.477741135335609 0.104408627020939 -0.0202589413865659
0.733567613244487 -0.0583386721513415 0.00169802009317182 0.1022763160895
0.604770246213851 0.0374836453388942 -0.353934072523327 -0.262464447347897
0.485414885133263 -0.351316924162429 -0.293458054921001 0.0929592099901302
0.106170688945513 -0.517374824081074 -0.0544962883836335 0.0273866847871746
-0.332212485051346 -0.315087513057554 -0.0427351515938525 -0.0342313525728749
-0.439500778608863 -0.010312834893347 -0.189461604318166 -0.0179252345827188
-0.346218416160068 0.232395227306197 -0.175660784238964 0.172354150729281
-0.173204175626453 0.332234779103136 -0.0505800075929421 0.233746791838577
-0.112271238565222 0.339743755538317 -0.0240749790255107 0.233464589510533
-0.145982089560909 0.314431401402331 -0.0697421843573363 0.2380699939048
-0.317398890212289 0.281311902922256 -0.155192705368218 0.190833379909156
-0.435855645478408 0.0543542359537933 -0.216620237955653 0.0491434117863644
-0.363384736756591 -0.216543103116453 -0.183988993187808 -0.108015359786374
-0.0337242816152467 -0.479479497753705 -0.062862012984965 -0.122763388382641
0.410990405250442 -0.38373594820708 0.0132112883424014 0.0323135010248443
0.596199003739391 -0.0843497982891844 -0.199681902454654 0.103281635328148
0.445874630002819 -0.0105760496357806 -0.58156570151248 -0.25401874859301
0.333063786526239 -0.281061892188088 -0.410373429527236 0.149692136879033
0.0494725720485588 -0.359604050721473 -0.103516338841931 0.0650940230832842
-0.21993406644439 -0.20247825489911 -0.0816255905165637 -0.0480355247188331
-0.285942222462738 -0.0117116827595081 -0.272054448163839 -0.0110157422015539
-0.237713940812819 0.146653857797377 -0.264471219348618 0.239660792218987
-0.134245014418733 0.219331332851316 -0.117964837876649 0.341593643336588
-0.100130546136323 0.220934760597001 -0.0691605036289629 0.338772226123339
-0.127134222418274 0.200089758428911 -0.111347304074095 0.328968637937321
-0.221664441365764 0.163399072479982 -0.204450170969687 0.248928795614114
-0.265837469327754 0.00502049713943481 -0.263741690676101 0.0704985362433601
-0.188601684339165 -0.137421950501831 -0.183220244011974 -0.105722169577936
-0.0162552633135767 -0.260261550956039 -0.0818832947866869 -0.0857417775553035
0.241396012380927 -0.242884058809688 -0.0436933322829374 0.0629796244873795
0.383972957329516 -0.0944402647262601 -0.334518201822514 0.102005179693555
0.205521292060606 -0.0531249228386748 -0.729619884175561 -0.21856010040706
0.118183283496806 -0.157768752458826 -0.479205335484644 0.189521151017266
-0.0177501619070396 -0.131174027076917 -0.137978599380879 0.112484972279046
-0.0668348928422764 -0.05211671042989 -0.0935528939631758 -0.0372020674934533
-0.0842836850727623 -0.0132915351193098 -0.292576128319435 -0.00193091157017373
-0.0912835519976207 0.0329970019987198 -0.30228555454176 0.266237519131494
-0.0772118868974671 0.0688372749409319 -0.163073854284537 0.394012903740182
-0.0737832498843636 0.0698182962361857 -0.103138429502705 0.391414546475125
-0.087629676150626 0.0644632525411581 -0.14132534732791 0.367764149698382
-0.0994762999099884 0.0411693407934954 -0.232790695577063 0.262709931010528
-0.0852916533396769 -0.0294674095937689 -0.277694929455445 0.069719602547666
-0.0322891330370812 -0.0479592401424832 -0.156029530780733 -0.101898062621914
-0.0187380702539062 -0.0550081174130064 -0.0806224784847405 -0.0551103876036236
0.0600614847996265 -0.113254470203915 -0.0735966992774367 0.0696646528995562
0.145053467964835 -0.101300274314674 -0.398825588903282 0.0956823709011944
0.0558619837748167 0.0690988531915746 0.456801308636925 -0.115591296751702
0.104144060846326 0.00188905764199616 0.103493548839869 -0.15293957608409
0.046008504028531 -0.0857156475480049 0.0347436169288077 0.010348071351092
-0.0772899650482189 -0.0507460237396406 0.0953686384539398 0.0975103427437267
-0.0846604548525161 0.0278981631842665 0.261970372209256 -0.0192536890407418
-0.0315490813739047 0.0744438374331255 0.25174388428382 -0.240693550515943
0.0264264215535104 0.0754917645416927 0.15219298761415 -0.357081871116947
0.0422008798963865 0.0837238646762019 0.09981072201585 -0.386316165048026
0.029146896469482 0.0895602915044745 0.123852809275498 -0.383850387360881
-0.0538042386598371 0.0964720025676083 0.21795349192093 -0.290300188206096
-0.119572028596168 0.0397184591941592 0.255185939435913 -0.105034652910126
-0.106377880379263 -0.0803401526076636 0.125934182564934 -0.00714806562200627
0.0558872834678651 -0.145736114416327 0.183524625306182 -0.127831234708686
0.152031829619459 -0.000851089699267041 0.39648712969368 -0.15701876865069
0.101730765517349 0.0990666847295845 0.721257266546571 0.118320464270687
0.257143534758034 0.0719113976158486 0.41713458616723 -0.140966667531172
0.229819148184954 -0.0885756648970824 0.101001059031752 -0.133576849446631
0.0762285214504796 -0.210855480483359 0.0402928758392265 -0.0231740194058694
-0.163092365719853 -0.131116881688781 0.0752195949808738 0.0756894373457819
-0.220380464296408 0.0309305548407253 0.212456689209693 -0.00848561260650949
-0.145411669386616 0.16087139101267 0.224886633499907 -0.185867218070333
-0.029715322886398 0.205428418692696 0.154163514100397 -0.299130058507883
0.00585647761906333 0.230553929434438 0.102099717311315 -0.32305864249552
-0.0237464686528572 0.236328763809551 0.102217819291303 -0.315685503861581
-0.188815380818529 0.233307998662555 0.163378875068504 -0.245037738316411
-0.321953758693696 0.0678172438619468 0.188768141876792 -0.115259714817053
-0.283799004407652 -0.196595963039053 0.0783833156125648 -0.0511200136539812
0.0565588819923331 -0.401000125133932 0.168568866046375 -0.166500532573867
0.372043245548733 -0.193418426674767 0.374122523833831 -0.153298255727581
0.401316481990175 0.0657187279780538 0.631313885667153 0.102519711564097
0.440351697743677 0.0719719281267253 0.312342838154975 -0.175179916475417
0.35359340261531 -0.18615443064547 0.0642425617279924 -0.0981589579784659
0.103210518348598 -0.343459685672355 0.0425137832070936 -0.0370207459771778
-0.248242662316946 -0.216125805929838 0.0651657056686404 0.0493414167271464
-0.35083761055676 0.0275082703730225 0.144619854591841 -0.010300859443532
-0.254873026433521 0.232830826247106 0.165421949879722 -0.113618369978735
-0.0876708040756095 0.312446220064148 0.134973223347819 -0.198959347333119
-0.0324653467404325 0.344157686535103 0.0928133990372454 -0.211882723452384
-0.0691918216282346 0.346257709252942 0.0690193797996091 -0.197262563845135
-0.289990923508496 0.340181381563145 0.0864113531495709 -0.155859050195359
-0.478586477833968 0.102327134171277 0.0898939964960717 -0.098008068654476
-0.439052477130394 -0.263764038215786 0.00654874272264579 -0.0865983790375025
0.0135680441306649 -0.598208359052185 0.119922371216763 -0.190507668561478
0.512970757549215 -0.375030686763619 0.308376375770573 -0.133279682951152
0.628320398993539 0.00786139871251593 0.461634712409444 0.0906998749830351
0.579577612541452 0.0623338330435619 0.134077425979909 -0.209435415762562
0.456083491491898 -0.289962724508772 -0.0201026851137072 -0.0429174399058726
0.113815967176839 -0.474795358964677 0.0271307615578709 -0.0276253195467948
-0.331873525045123 -0.289619408460601 0.046831846632876 0.0210577700682088
-0.452365242360141 0.027761345919214 0.0484587958515897 -0.0146560577462636
-0.335086645121441 0.281267065748041 0.0698643961420086 -0.0232568871807892
-0.134798344250761 0.377961387061373 0.0911276708840559 -0.0656156637738733
-0.0637288634316074 0.402408088002355 0.0678545694749417 -0.0678702806392013
-0.101783698535463 0.398269365647284 0.0285999224195951 -0.0485838547526113
-0.340448348292172 0.39360284581617 0.00122440166855385 -0.0342652858418348
-0.555853740452462 0.128155852572399 -0.0256930536761353 -0.0510179035840951
-0.523006594834756 -0.273338375617679 -0.0773070146300618 -0.101817619595515
-0.0434902141131305 -0.685465197268552 0.0498940772125292 -0.186533415293454
0.552872749837763 -0.492730934328162 0.20840545808997 -0.086520511587439
0.741176100934198 -0.054240457308157 0.236735070597075 0.0904242114015036
0.639089303279349 0.0372248615880477 -0.102231131721084 -0.233299476047266
0.501164960659007 -0.361786187994433 -0.144365453821274 0.0304622284265341
0.104523775025672 -0.551429269226695 -0.00840257842199594 -0.00275870939564655
-0.375606164850256 -0.324441713012006 0.00865404219941373 -0.00818111600578364
-0.489634218960437 0.0238893662771236 -0.0722271076066616 -0.0133695738494133
-0.364046062786629 0.29011499452668 -0.0476742997008235 0.0811337551305318
-0.155001003850605 0.38724002230036 0.0294459874255834 0.0846173594611333
-0.0833717436715731 0.400688806174548 0.0312287395522654 0.0868165897528167
-0.122954896391923 0.385246361609994 -0.0132074856606762 0.104992894060433
-0.341024148779966 0.376272171134807 -0.0769677015176786 0.0932887345205516
-0.531197663614472 0.12323697178686 -0.133266827544379 0.00999697362928151
-0.494742471448767 -0.244504753373161 -0.149256020783653 -0.0990904421353788
-0.0712483101621471 -0.632402971603693 -0.0200387717664037 -0.154928070394817
0.49911923405294 -0.495955122912759 0.101098413992881 -0.0244087827955356
0.716809985331398 -0.0948506226942557 0.00557550483107726 0.0993268999066712
0.589732389553445 0.00263631038651981 -0.357157611163527 -0.237037948316696
0.452182445319558 -0.36719439723183 -0.280322903040885 0.107352702945325
0.0759152397300868 -0.512876235138886 -0.0547230814529435 0.0315866103460848
-0.340988755438277 -0.289509752538826 -0.0411622794688084 -0.0335987256542402
-0.429932362296972 0.0182040228190701 -0.189630056661703 -0.00473241569662654
-0.323658126224694 0.246661713650741 -0.161711444363844 0.17928926507591
-0.149885323901792 0.334397916024021 -0.0372898394193053 0.227308594834519
-0.0906544018754791 0.335307380041519 -0.0100958655308812 0.227595331597125
-0.12593747304096 0.313769769371592 -0.0526699738886154 0.236690628503056
-0.290911989314092 0.293554533239093 -0.13891545629676 0.196864674141271
-0.421361102772001 0.080035870901228 -0.211966439309061 0.061822618145441
-0.364027265214511 -0.190894038821051 -0.187386238800167 -0.091899951053394
-0.0583846624104864 -0.465610956372955 -0.0656004024731224 -0.112750613359306
0.37912939858587 -0.396451697469153 0.0158754231969596 0.0303776941078035
0.580036757679975 -0.113566022927653 -0.189659463855174 0.110434260087116
0.432821326701944 -0.0336749689892232 -0.579416614247849 -0.219631012910477
0.308639738693594 -0.290705426063058 -0.392997801392189 0.167459676366305
0.0290463317835405 -0.354790051041226 -0.100053441088293 0.0705817191989804
-0.224264013779693 -0.186688374018694 -0.0799548986417751 -0.044669689160341
-0.279744008444239 0.00533845259409413 -0.268619082217293 0.00590121726561508
-0.222493267681041 0.156378771145737 -0.2443859461627 0.249467867433629
-0.119243264340781 0.221842469525916 -0.0958805391071503 0.335564203874826
-0.0856270678392088 0.219997543392941 -0.047855801031052 0.332299323149791
-0.113306725071775 0.201841105639462 -0.0877164342257581 0.326896121791928
-0.204512277487188 0.172569776453163 -0.183481972287509 0.255535922100584
-0.258648721518086 0.0206819072780618 -0.254883865308723 0.0842681437440042
-0.190587039379843 -0.122537564792241 -0.185895090209985 -0.090067113284991
-0.0301943950415928 -0.251207931020801 -0.0820593785491688 -0.0747317130947196
0.22007479167436 -0.250460318143108 -0.0378241985932339 0.0612069967697599
0.369798443626215 -0.111663927564195 -0.320912398847183 0.114934232639552
0.196205782472561 -0.0626002938942943 -0.722613779644421 -0.179531279054235
0.105995585955386 -0.159062963649911 -0.457905020280611 0.207297973143021
-0.023874100825155 -0.127247817579241 -0.129978422796027 0.119050685469881
-0.0666876907831097 -0.0476587088850978 -0.0921570342151736 -0.031893281622188
-0.0831951065382815 -0.00865851894007287 -0.286955859311075 0.016164444282069
-0.0876702797145494 0.0370098576375644 -0.279378805782263 0.27657773714003
-0.0717542452975582 0.0715478998085803 -0.134881403134899 0.390946552722746
-0.0686403767208091 0.0713725777280559 -0.0790679736254696 0.386135570432571
-0.0820717546522431 0.0681699381259561 -0.115782270006694 0.364763923315401
-0.0933422021946186 0.0458592302968767 -0.210082319716564 0.270365483398289
-0.0849581168373517 -0.0238417733833878 -0.266452567437913 0.0842605733472518
-0.0337904446550886 -0.044686057797098 -0.15938510786187 -0.0890447872244945
-0.0211424091582639 -0.0510775245280455 -0.0790018355434513 -0.0455875193296585
0.0505631419383562 -0.114046689679235 -0.0667946225315543 0.0687500336401453
0.135100191533882 -0.105689215124136 -0.383150552527328 0.113213631451655
0.0667766855208674 0.057353467867122 0.415393975726251 -0.167308976953405
0.0997467025244318 -0.0116452119480251 0.0775866819776843 -0.15530850579603
0.0332961737283692 -0.0875931510912555 0.0313905675091998 0.0078999632241505
-0.0781008886443428 -0.0382506683717551 0.105684516527527 0.0828881182702092
-0.0759391453086073 0.0378103793659969 0.249564632663274 -0.0525881770365823
-0.0210055759722512 0.072796321166634 0.212518222231363 -0.261005352763016
0.0333961622303998 0.0650858805745455 0.104871987293686 -0.361381202735409
0.0500791463522982 0.0728592153269449 0.0472697649971513 -0.376052287186228
0.0374998881191476 0.0804174992012114 0.0719595326379268 -0.376104803288211
-0.0403175167775839 0.098571133253435 0.169070996379758 -0.299914656894435
-0.109928502124508 0.0528749316008254 0.229589077733164 -0.127804836180677
-0.109520385011519 -0.0638158704768216 0.117318648169978 -0.0210822729529566
0.0312579887746889 -0.14529118831829 0.154725618354569 -0.151400810963988
0.137610994957592 -0.023112561988934 0.360882870434713 -0.200208365734681
0.1094250901463 0.0694190558653852 0.707808170640846 0.030588105012933
0.261983116296073 0.0327222187470152 0.359726152675678 -0.184378432287999
0.207814046312307 -0.109960127449332 0.0749914632951569 -0.132950829686292
0.0472894923585778 -0.209291373631153 0.0305834055500442 -0.0193963383427752
-0.166516950152188 -0.105327834317429 0.0851792810187105 0.0675711806044192
-0.204195134483161 0.0564353573774449 0.207490873661898 -0.0328528799607809
-0.118677113003923 0.168156284145575 0.19865323150117 -0.203607301081649
-0.00466140037725927 0.193803565862718 0.117019960390835 -0.303169650958239
0.0330567053402135 0.215145304144849 0.0574113578575204 -0.316462795070938
0.00508149339474093 0.224762593679609 0.0616268889118992 -0.305450847745172
-0.148270143643022 0.243043092855971 0.123854405862358 -0.244198279046033
-0.296363995644519 0.105987676308507 0.163618048046649 -0.123885618706639
-0.289158140669549 -0.151850826908439 0.0606528149326171 -0.0536536257202908
-0.00234511817410147 -0.384768282708682 0.130155251144191 -0.190814583541425
0.319112340639832 -0.228053575092222 0.345414544299599 -0.206236144705089
0.384145297534766 -0.000113504849080334 0.628209613846443 0.0259663730055626
0.439317807210986 0.00912105489390242 0.239890969320481 -0.20153035414116
0.314680140914849 -0.214936672851029 0.0408870929167665 -0.0906913799433343
0.0568958482914981 -0.339171253588513 0.0278582344811321 -0.0258284091605458
-0.256568544325748 -0.176944149049666 0.0736772735118667 0.0469633658015415
-0.326932532647101 0.0684429914154893 0.146554329187225 -0.0216802770121547
-0.213348049726486 0.249028513670707 0.154957282597199 -0.125481905712474
-0.0471462448775187 0.301429103805863 0.113255931029781 -0.203516816380926
0.0121405718285826 0.327012771380019 0.063018600915159 -0.210326935747666
-0.0234523809422203 0.334373362622572 0.046435740094454 -0.18708106734031
-0.228701605377127 0.3549919090787 0.0632066388786205 -0.145603064235758
-0.437473317981036 0.158175648098764 0.0700115049858896 -0.0911786215530941
-0.442633378662011 -0.196359529294961 -0.0170372570614977 -0.0743514205537231
-0.0684463376159905 -0.56454768762285 0.075214465808428 -0.209553708575806
0.42894444705253 -0.412069940260127 0.286516183099976 -0.190073864433323
0.588497965129038 -0.0806081864628156 0.470277088053824 0.0332926943708346
0.573457953588999 -0.0194925682218437 0.0540954437722331 -0.210413930408156
0.400505860611488 -0.324440026204991 -0.0355735570680113 -0.0248423694889863
0.0518248546698636 -0.466133678662685 0.0128722528360035 -0.00888665641651326
-0.343680668739899 -0.23870860135077 0.0539439917620604 0.0259708394810183
-0.423956378836264 0.079817289525091 0.0577739730341678 -0.0102686331840422
-0.28309627290448 0.304618798920153 0.0791042094085858 -0.0260435707676926
-0.0833356427292971 0.369671563638812 0.0888639601409169 -0.0692092226956814
-0.00994039658754842 0.387066168973123 0.0574542677732422 -0.0716982644267156
-0.0486691606281562 0.38776602652189 0.0268581316241099 -0.0409691446354788
-0.268515101002159 0.411490205062708 -0.00180335150986117 -0.0175335294583646
-0.506185217527303 0.193686204070663 -0.0343366348797888 -0.0298405896623583
-0.520239383881431 -0.194150713648039 -0.101045005903378 -0.0754981895156185
-0.13310286917919 -0.63604747517188 0.00576123891816705 -0.196411492878215
0.452723368940799 -0.526462261884589 0.19633342385775 -0.140949900785284
0.682479220339982 -0.149956647837174 0.260106744463018 0.0591187132420123
0.62585907491415 -0.0495599091989159 -0.178701230974654 -0.20249311739877
0.434516829729507 -0.396633310622914 -0.146641246571284 0.0619475522268393
0.0329742044801908 -0.537442301021908 -0.0182655992622152 0.0244623865001007
-0.38828484777993 -0.265570719781516 0.0149412939950743 0.00456600916034513
-0.459819358405555 0.0793883377113231 -0.0562028189934339 0.00893339948697568
-0.309587537143439 0.318615860996503 -0.0187933899110948 0.0883432054294682
-0.103029781323407 0.382789533371821 0.0480540532185303 0.0834415415173501
-0.0308104796933041 0.387559256707814 0.0424005984100214 0.0788773670918211
-0.0689893953619515 0.376702004413596 0.00519464310835077 0.109127308786777
-0.26940940290093 0.395162547310512 -0.0588720599252257 0.112634973888505
-0.483059425670825 0.185051021169366 -0.129172488261472 0.0413194825852406
-0.491405443167751 -0.167677191668311 -0.168820743859424 -0.0644017419898646
-0.15171935233559 -0.582263684222781 -0.0540278824911891 -0.155190238345609
0.404529513834274 -0.521714041561696 0.100653892217255 -0.0689671253368348
0.656799979766162 -0.181717034745613 0.0385456845550915 0.0934207641561578
0.571029857988716 -0.0758059289998699 -0.418169335389042 -0.17439229561643
0.388216449070526 -0.396147905711201 -0.26638575845178 0.150173356679584
0.00945848332805206 -0.497304334801821 -0.0570830898258551 0.0625176064491497
-0.351952422465757 -0.238549332149586 -0.0372432513371279 -0.0142975022497975
-0.404579460579615 0.0664678233192535 -0.169304399804247 0.031307118371586
-0.276413839715251 0.272114612838814 -0.11751444742101 0.195948949764067
-0.103368128377384 0.332519236905124 0.000361670859155896 0.227697069307779
-0.0452677115882681 0.327177537528939 0.0204471929268919 0.216743389836047
-0.0807216608729623 0.312110811402005 -0.0170209439722617 0.236868944690538
-0.233449562496308 0.310013607775591 -0.104991104085136 0.215600470932271
-0.383727898397137 0.129590363323444 -0.197652186489719 0.0967452290169941
-0.361867636115192 -0.133767209962381 -0.2015744994148 -0.0550882952238978
-0.117066938731881 -0.42741595369478 -0.0869799155447762 -0.10511866578974
0.303403418015948 -0.413391174875248 0.0239164264202012 -0.000446194272252639
0.526102785782149 -0.178287761988043 -0.151405504753532 0.126622430943122
0.413011677044124 -0.0885077915999212 -0.615233911858421 -0.131434694837865
0.26032351546018 -0.307390182611693 -0.36268614854668 0.217257034390026
-0.0140477134266247 -0.340550365330402 -0.091657323167967 0.0986964399356901
-0.23100167858914 -0.153569950908891 -0.0782549374811244 -0.0235851211265223
-0.264229061318106 0.0366492527757582 -0.247421982283919 0.0489754084166145
-0.193209767313971 0.174523495241242 -0.192938490163111 0.271990119106687
-0.0865697477177154 0.223916571532545 -0.0465096360904718 0.337551208891406
-0.0549463416531065 0.217593985040795 -0.00363194035637722 0.320448691650198
-0.081445696825453 0.204659115239725 -0.0410283535327442 0.323817431317952
-0.166789255044617 0.1854352374914 -0.139682046052121 0.273444435670612
-0.23812377134894 0.0528263655260638 -0.234218981269379 0.11972915834764
-0.190603151834454 -0.0904713106376223 -0.196123166779489 -0.0582300557847805
-0.0611982018474457 -0.229219493070687 -0.0909058804609142 -0.0629335805477137
0.173527107998198 -0.258278922423316 -0.0256121161488716 0.0447745145562388
0.330817367037754 -0.147662529526242 -0.281802554908748 0.146284373070687
0.176883429339182 -0.08377609700856 -0.729329619358573 -0.0760057311131401
0.0811999194494168 -0.160496250020671 -0.415434317686633 0.257425156542846
-0.0375888185322945 -0.117757562114471 -0.109695272600149 0.138160135931209
-0.0676590559384638 -0.0396670174006457 -0.0904968386752769 -0.0157320438855233
-0.0804181957956486 0.000142806037087206 -0.270110693537503 0.056865685266689
-0.0789788199960988 0.046315731426766 -0.228837537216649 0.30072072111277
-0.0593988693735789 0.0782041029385919 -0.0807783579207297 0.392735553889911
-0.0570945613522385 0.0761676709119348 -0.0267374563146977 0.37426287909828
-0.0677460810128079 0.0748200782220949 -0.0654342261128854 0.361005967207685
-0.078857585180926 0.0525108720489412 -0.163514906509419 0.284958160741125
-0.080639964047265 -0.0121724999477472 -0.244765174741095 0.115544995016106
-0.0354655038974013 -0.0359415450758287 -0.165722647316142 -0.0644421659606805
-0.0261179798335565 -0.0434461986155636 -0.0798882215885428 -0.0311612210999297
0.0325268650845274 -0.111194979908034 -0.0554710035742084 0.0643640051570366
0.11196827483201 -0.110274786454752 -0.348602033862246 0.150911303936376
0.0633183554316761 0.0545267862496954 0.402128141725433 -0.155712983409741
0.0953545984784445 -0.0108366982585329 0.0779184374612431 -0.145763975043511
0.0323485146634727 -0.0842367755599927 0.0299856097128998 0.00669109643956925
-0.0741964359348889 -0.036573197866015 0.101053591781986 0.0808102346474774
-0.0731878771273343 0.0363238992719618 0.238400190018712 -0.0498117201424787
-0.0193264890860398 0.0698480466155303 0.203687299626286 -0.249410180728785
0.0316327681752664 0.0611448783979985 0.102432433472193 -0.343778893591968
0.0483230895558637 0.0692484607976899 0.0480431449090563 -0.360386785926353
0.034923745430149 0.0761039210564994 0.0711949722013882 -0.35806528092388
-0.0392467896445041 0.0951101308645361 0.163132681049233 -0.286200432045469
-0.1055343456626 0.0515135709726731 0.219358384451428 -0.122746585748494
-0.10504461212221 -0.0622284137319356 0.113401085936104 -0.0204188899289547
0.0312803284064429 -0.139424990386958 0.148732999529891 -0.145663008055098
0.133290485861696 -0.0213730421776765 0.349704884763036 -0.185549278257982
0.104174141763735 0.0671684522288992 0.679222781283587 0.0378700706023163
0.250602178932159 0.0325827387978224 0.350410440192338 -0.172949222042912
0.199703376401084 -0.102787894077185 0.0761564297460651 -0.123588806413153
0.0464605944493627 -0.200430459380881 0.0287157794527041 -0.0188732780700885
-0.157830279949253 -0.101937484850567 0.0815088855917565 0.0640464525440702
-0.195516131150959 0.053375657710325 0.19692336974801 -0.030310057148667
-0.113343234795404 0.160619183902585 0.19091284275007 -0.193738567278295
-0.00517007747934117 0.18531276323423 0.112834796694608 -0.289267205586434
0.0311487899528146 0.205273817695213 0.0577440145721273 -0.303774890902218
0.00257135822826193 0.214656059483897 0.0617686204454485 -0.29072874519508
-0.14350966874921 0.233777277116843 0.119143933193053 -0.232875198532456
-0.285244666129454 0.101915902181273 0.155140458807593 -0.118905111787208
-0.277052451746855 -0.147693275862923 0.0588408109766634 -0.0510691870626056
0.00031117291273455 -0.370080845615828 0.126063949780683 -0.183736741913116
0.308862955927699 -0.216573996731858 0.333077615164154 -0.191968955827037
0.370647921535783 0.00324496472916015 0.605411127617526 0.0313555128315797
0.420177191472345 0.0115969136530458 0.23497677376079 -0.189891007089002
0.302652988929093 -0.202201488182704 0.0438306832305225 -0.0834604345800403
0.0559365038723287 -0.324561796272419 0.0265331256628661 -0.02459606494759
-0.243575004520178 -0.170123689140613 0.0706403201159461 0.0426548267824797
-0.312947378002036 0.0657032076251139 0.138189548996996 -0.0190371473259856
-0.204213689957411 0.23777735065328 0.149136716885933 -0.119012147737718
-0.0472308141905041 0.288552696672881 0.108618890255748 -0.194574296467199
0.00970777633934706 0.312312019927742 0.0615485052534976 -0.20225607711152
-0.0260731957531806 0.31953564850268 0.0467404304748319 -0.177236820745576
-0.221773723907089 0.340553464283314 0.0608806851948673 -0.137180098123711
-0.42040952916182 0.152859454876976 0.0638287114620091 -0.0870478501321758
-0.422024055060437 -0.19051690429026 -0.0156868241700376 -0.0702877412454147
-0.0633101809125356 -0.541978399644788 0.0750919535500009 -0.20170787012271
0.416753422947684 -0.393369123546167 0.277899029675562 -0.178431266959089
0.56892999932937 -0.0726311350894331 0.452087836271015 0.0376473838348501
0.54909842440526 -0.014611069333522 0.0576408493418972 -0.201366029722921
0.386788456311897 -0.306760290387545 -0.0300990640031185 -0.0203778972505399
0.050710151375255 -0.445095955566617 0.0117142471728757 -0.00730839386532821
-0.326874774000941 -0.230137149942223 0.0520249241857713 0.0214875291119504
-0.406695527661642 0.0758373613636888 0.052385922534556 -0.00822052148173389
-0.271381120287567 0.29147317548869 0.076068768451634 -0.0227785423656642
-0.0816479271465177 0.353416168427426 0.0836795936154189 -0.066906532847911
-0.0115947107783066 0.369911729774512 0.0549775605620271 -0.0692395248459957
-0.0503251290180595 0.371106104254249 0.0271962231214047 -0.0374962777296722
-0.258807351999775 0.395123866379318 -0.00117429984102988 -0.0146673360588364
-0.485292420753687 0.185980944806611 -0.0371008046785469 -0.0284118198812463
-0.497728846634951 -0.189136401829192 -0.0971105572445128 -0.0711971338636396
-0.124356265856016 -0.612389564043013 0.00946468535334586 -0.188271062740333
0.440319219985165 -0.502221039102566 0.191032226585675 -0.132506260870097
0.661540413494028 -0.13948717363194 0.249855607057592 0.0595134404864951
0.599568838291489 -0.0426323154116041 -0.166734721307336 -0.195947146235363
0.420019495561187 -0.376120594640048 -0.138654963352978 0.0617436887498819
0.0345809572305898 -0.514625458950313 -0.0183455361688886 0.0256258249591952
-0.370809032431662 -0.258154679158787 0.0147485205478975 0.000808540196311684
-0.440728454080725 0.0761989810743598 -0.0566259663958802 0.00990471051323299
-0.295996573915867 0.302952870402285 -0.0180592301112821 0.0861811028348171
-0.100680512966267 0.36613809643517 0.0442323677057015 0.0775829101280278
-0.0311851624139969 0.369138022862318 0.0399502808394396 0.0748779120163541
-0.0700618977813767 0.361806967584579 0.00623304984160822 0.106038271398101
-0.258596198770295 0.378266321601567 -0.0560308651335243 0.110398371063228
-0.46421485413075 0.177344452134065 -0.12831247634006 0.0404462497200624
-0.468873100375889 -0.164553866545621 -0.162092714542841 -0.060065698055809
-0.143336102972957 -0.560269311956213 -0.048002324330105 -0.148292794367528
0.392822109996341 -0.500083211352439 0.0979257696342271 -0.06522539233706
0.634136793361177 -0.170684712573788 0.0366472063986582 0.0907333013316182
0.548602309295638 -0.0666717299099597 -0.39826039790375 -0.171692041502768
0.375727289801238 -0.375761241651955 -0.255143627078785 0.144276312154143
0.0124259034902389 -0.476886206404514 -0.0566257951313107 0.06244262144115
-0.336187599740613 -0.231312190569036 -0.0349471930612817 -0.017937947656642
-0.388004560848888 0.0626085331117437 -0.165427645523534 0.0318111509417631
-0.266793229994121 0.259665077273272 -0.112795949099787 0.189352540537508
-0.100615528291094 0.318409246127728 -0.00255470128448707 0.215979569140019
-0.045073768845766 0.312573272378843 0.0180435151846917 0.207379725743253
-0.0802506391464599 0.298975741723953 -0.0163149826014049 0.226927733528226
-0.224262656296033 0.297429598686418 -0.10056547849027 0.208414495030039
-0.368504310383498 0.12315891027848 -0.19389040193002 0.0938772916815269
-0.344081358585828 -0.128872697411332 -0.193999547096742 -0.0517230572887003
-0.108819237238401 -0.408821221725863 -0.0796632163524172 -0.100118443109295
0.294018325213012 -0.395048355497233 0.0236760170975179 -0.00114599926436653
0.508642103599111 -0.166232798283024 -0.146115381127359 0.120457817486627
0.397301463183122 -0.0793094160340614 -0.59086741803847 -0.134261489937146
0.251651972876442 -0.291839614173114 -0.349670139679409 0.206935973400068
-0.0127157894373211 -0.327368637049937 -0.0902760508260972 0.0970080027701947
-0.221275152438898 -0.149842441341996 -0.0752699576148463 -0.0252900105057389
-0.254190531026556 0.0345165045624247 -0.239915327851591 0.0485959974375187
-0.185592352989869 0.16704545616356 -0.185010634443049 0.261957882164422
-0.0851668053237971 0.215004374105015 -0.0470613305442823 0.321000153182428
-0.0550627330184193 0.207956250875014 -0.00631470439900221 0.307516581072967
-0.079933472754161 0.196419357787445 -0.0403913298600177 0.309626172521482
-0.159982875313044 0.177009843082664 -0.134088392337341 0.262131948575149
-0.228866884692578 0.0503341801575818 -0.227502255653718 0.115224055255098
-0.181497942841979 -0.0877110971315636 -0.188934320055108 -0.0549485244337565
-0.0574659785953313 -0.219192118731411 -0.0835293060703808 -0.0592030028422022
0.167640933985377 -0.246198770790642 -0.0247900711112608 0.0399795568667799
0.319845073051623 -0.138610249919101 -0.271653712926908 0.138059762874305
0.170096281012068 -0.0775990889737548 -0.701916516061366 -0.0817301568071313
0.0792888818538358 -0.152430868248318 -0.403190861173348 0.24433628473529
-0.0350022724120852 -0.113289206489549 -0.107699408602258 0.134470638802757
-0.0647497719007614 -0.0395933511879698 -0.0869505863280788 -0.0165441599391915
-0.0771032659721984 -0.000139284637981727 -0.260259545770759 0.054767189871503
-0.0762462903314177 0.04332973893148 -0.220823693096677 0.288515423388265
-0.0578203280173006 0.0746063169393067 -0.0801302381680567 0.375431490515968
-0.0557057372522023 0.0731088653829833 -0.0284280205932816 0.359250653015904
-0.0654708328464118 0.0719409604075981 -0.0639493912192228 0.34463747561631
-0.0749251739110704 0.0491440516151114 -0.157210513863836 0.272857676537894
-0.0774995651858478 -0.0126067433901214 -0.234378151040498 0.111415592272142
-0.0327594377200647 -0.0345572600808816 -0.158968478956575 -0.0613550700949043
-0.0246006572126645 -0.0401569573459044 -0.0735295020913973 -0.0287477204262566
0.0298660763986852 -0.106084429673388 -0.0539062123911288 0.0585440310245137
0.107768804753068 -0.103957611347497 -0.335107059336035 0.140921234828167
0.0605735898593991 0.0556520295164178 0.405749556026566 -0.138770215090531
0.0936269166411894 -0.00801023082531279 0.0837022238061461 -0.139317957746389
0.0346942123607291 -0.0831600469928982 0.0290884850943756 0.00566868320759165
-0.0715994961744021 -0.038304781477008 0.0984685702797064 0.0838476201134849
-0.0734228750117754 0.0339215819850511 0.23609310723579 -0.0424600047351537
-0.0202682341510129 0.0689736191844016 0.208242619236668 -0.240394640139471
0.0292385900916199 0.0611528722769556 0.112609724227725 -0.335350598260683
0.0452503488415591 0.0691960591287851 0.0596724398219036 -0.354697807712621
0.0318263781006672 0.075210099693215 0.0821060285364503 -0.35009470784225
-0.0417279676105197 0.0941651289836791 0.168877871097932 -0.276289147214296
-0.10570792865224 0.0492297764712935 0.219902378810974 -0.115765240748055
-0.102091997914586 -0.0645671432859111 0.113679403665499 -0.0173764560683398
0.0354908855523234 -0.137089549521637 0.150334583277971 -0.140654049707701
0.133190688868948 -0.0164190280720189 0.351328334795506 -0.168390470306362
0.101380078205283 0.0700858890487837 0.670389105087378 0.0617360341087514
0.245931132786969 0.0398022446255495 0.35378922933146 -0.158995492223958
0.200199482613943 -0.0944308407287229 0.0823262803045207 -0.117052402930528
0.0519845697611721 -0.196523658775649 0.0283994991238801 -0.0183312412866107
-0.151875953809764 -0.10487291998368 0.0786138018201021 0.0646440045779478
-0.193938798819315 0.0477062957484817 0.194485695475933 -0.0233062189964462
-0.115359785791781 0.15546995746385 0.194091855340157 -0.185413711876872
-0.010703355716154 0.182891478553788 0.120649884788487 -0.281282897613131
0.0248752140758733 0.202806558531911 0.0663477914126838 -0.298288934326202
-0.00508422929033653 0.211193679006261 0.0708502699184598 -0.283276789724011
-0.148744014043179 0.227725385398135 0.124464122607505 -0.224560402584196
-0.284264850161455 0.0939306834640394 0.153533904647547 -0.113655247116943
-0.269104936313374 -0.154497739534482 0.0603673104742858 -0.0483556953161712
0.0120543965036162 -0.366599685451407 0.130622648786408 -0.178974525018079
0.314818431377123 -0.204142325845163 0.338191283304584 -0.175298293988416
0.368069705670534 0.0155440656528442 0.596671417867765 0.055639557851093
0.413967201281724 0.025124916306999 0.242923695974478 -0.179648994890706
0.305505149032303 -0.189746457729186 0.0499387205363468 -0.0780495155599569
0.0649338702375544 -0.318206959561024 0.0265455765734363 -0.0231997945892559
-0.234313520250717 -0.175135709250628 0.0683011863278587 0.0417949419065458
-0.310563176486188 0.0559147289367959 0.134586260572787 -0.0140716948913738
-0.207195696898702 0.229409246001249 0.150863244892259 -0.112721578269956
-0.0545788229143459 0.283328718184952 0.112011057439302 -0.188862381800634
0.000305503178340518 0.30765602136903 0.0669267777652372 -0.197905445021354
-0.0369250761789591 0.313975548142557 0.0530337811784528 -0.172101777255595
-0.228263681420784 0.331948520782932 0.0647589126315371 -0.13190178865416
-0.419958649230277 0.14134495832039 0.0612584346688444 -0.0842832294132497
-0.411901536695445 -0.20116651200183 -0.0135391318955171 -0.0687602679074301
-0.0446626937881835 -0.538105436283058 0.0820720655787883 -0.198195509410062
0.424123400695973 -0.377161829382035 0.282101422951164 -0.164380069662439
0.569513296713756 -0.0534099578019196 0.447017465838852 0.0541744999188967
0.541725437751468 0.00404667291773645 0.0671082118753324 -0.196693032394876
0.39079418180318 -0.289155197877449 -0.0247143485895379 -0.0184025609777458
0.0632960006332219 -0.438937165444152 0.0112645268189737 -0.00499258839983599
-0.313841976605709 -0.236798055259439 0.0508852151403285 0.0189083025577013
-0.403567265220882 0.0639451419440289 0.0491201921812047 -0.00506835998025408
-0.275982378596388 0.28065580632504 0.0761484620407246 -0.0199082038709281
-0.0910876363503313 0.347806721129315 0.0831837600678661 -0.0647351479220803
-0.022696890540366 0.364772083732682 0.0567369156387564 -0.0670610351497688
-0.0620163074816448 0.36352122540728 0.0297118845247631 -0.0343956301315427
-0.266357467956793 0.383343723205935 -0.000221839102780937 -0.0124088601053891
-0.484353143016068 0.172592441075447 -0.0406542470599686 -0.0284323800233989
-0.485670115915241 -0.202121603075002 -0.0942561694903113 -0.0719469429461888
-0.10454224999429 -0.609737471706616 0.0175626368221095 -0.186387046601763
0.452021186550166 -0.484609321024461 0.195041271784565 -0.123333093376843
0.663065168384989 -0.116330958594801 0.246573931569643 0.0686898662464108
0.594593111360653 -0.0220777558342942 -0.155866174783222 -0.200160265196655
0.427133840599654 -0.356776952294322 -0.134368719560193 0.0590014631163804
0.0492223391507397 -0.507611492611331 -0.019882274590799 0.0269740371641583
-0.357074746556811 -0.267297407819206 0.014105264677178 -0.00247406304069578
-0.437530916507739 0.0637804572357229 -0.0593502350973657 0.0101495053485543
-0.301177401206745 0.292397498399143 -0.0188433338476022 0.0855573455242395
-0.109387275426596 0.359919721223042 0.0393983637112047 0.0764322894375009
-0.0420228498348591 0.363528814817374 0.0369469186959498 0.0748655921699214
-0.0800141905771461 0.355180614922854 0.0045811205674638 0.105380440539344
-0.266272505346561 0.368130807492653 -0.0574425017555426 0.10897895471025
-0.464614204787741 0.164801454461302 -0.132174455186646 0.0378259898763011
-0.457437578639482 -0.175858347925571 -0.159544211004584 -0.0620712880167453
-0.123522422432713 -0.556157967301494 -0.0400250345037072 -0.14811901902257
0.404380665719484 -0.481814535594388 0.100319200428347 -0.061100700259887
0.635401596425381 -0.148923122240875 0.0347079507570509 0.0915584236613391
0.545129644870379 -0.0467307763638089 -0.387209032625842 -0.184858424032992
0.383470803096921 -0.357022014158516 -0.254272053830698 0.13612533951146
0.026292712528445 -0.471302797188662 -0.0584886307192568 0.062360232743802
-0.324241852172587 -0.238848076885523 -0.0345355951855892 -0.0213041227470664
-0.385131845026291 0.0512445570911505 -0.16696383935771 0.0291711357732616
-0.271844974615261 0.249692846645564 -0.116346451751336 0.185179558379435
-0.109332057001747 0.31232390566248 -0.0101033248890158 0.211037701184413
-0.0545415792678268 0.306795638355464 0.0113508339256249 0.205420930680892
-0.0891852119878835 0.293162320594283 -0.0219972648669233 0.225425749256474
-0.228951275653991 0.287241045716131 -0.10399576165476 0.204147309562179
-0.367896702959831 0.114154989394597 -0.196427502547097 0.089028198855394
-0.3351675146858 -0.137742808384276 -0.190804198091078 -0.0551015446775704
-0.0962622288429587 -0.406388845597977 -0.071838327824968 -0.100348881630281
0.303172758053927 -0.383693263677094 0.0236587163413971 -0.00181371346420899
0.509603703227792 -0.148745572052042 -0.147508375889255 0.113929738759125
0.395079713527469 -0.0642852051622044 -0.580142340733926 -0.153054490306122
0.258823252031565 -0.278659698573414 -0.35204779858609 0.193500845024549
-0.00212845201212059 -0.324282139334354 -0.0927967253656834 0.0959243394273695
-0.214035892388231 -0.155425147454659 -0.0738376271491909 -0.0297109646247429
-0.252063637447083 0.0270032824557325 -0.240593440526042 0.0432243589434066
-0.188457875886329 0.159504543432355 -0.189761238588003 0.254401269213849
-0.0903287246186284 0.210629296573284 -0.0572130391498265 0.313285762660412
-0.0613683700888867 0.20301265991582 -0.015281125876494 0.302857040965849
-0.0856204169421469 0.191995194493204 -0.0492367938911556 0.305440559357582
-0.162348309807865 0.169754380988734 -0.138984479957987 0.256147217833231
-0.228113962763856 0.043815532336033 -0.229247405501412 0.109012338017405
-0.174280964761341 -0.0922909568153075 -0.18582405264322 -0.0580596620915595
-0.0488430357682677 -0.216484322677378 -0.0773706432299444 -0.0597700819866729
0.17231700427476 -0.238572278567245 -0.0261403662084516 0.0368647656849285
0.320710975831584 -0.125965050717177 -0.272786009321113 0.125788555533262
0.171078920126684 -0.0693599831740424 -0.694579722255021 -0.107146398542725
0.0834396398881493 -0.147618539868575 -0.408484365010818 0.22666239987622
-0.0313870154082224 -0.112761801183099 -0.11067624457743 0.131598244448888
-0.0630934927714142 -0.0416962253171973 -0.0862162195778771 -0.0196213540624418
-0.0764023445376687 -0.00218436182829957 -0.260142036028288 0.0487713917248902
-0.0776857538771742 0.0406692182967044 -0.226358404856337 0.27895094006745
-0.0602580885130931 0.072322197170994 -0.0916131033298117 0.365414402264798
-0.058390211258372 0.0704509448688426 -0.0399798189655506 0.354668862044735
-0.0670086189547412 0.0695337141453559 -0.0737386822830321 0.338237991350857
-0.0747932205670595 0.0454150244735736 -0.162644949774266 0.265382301405583
-0.0766943416047974 -0.0150735540111982 -0.234171563114208 0.10526287570364
-0.0307234121216586 -0.0353136704131982 -0.155950335150841 -0.0643722949690039
-0.0222162685340524 -0.0396164709651601 -0.0686421040463003 -0.0297685079759723
0.0317064608738527 -0.103509282046021 -0.0560763700403265 0.0532807958212004
0.109402880716313 -0.0983816858301449 -0.335629450316449 0.127236695030505
0.0594373441540608 0.0586322234473536 0.424446278685606 -0.128171644822399
0.0962656356748923 -0.00516315229483546 0.0924545386009532 -0.138994369080122
0.038666075383411 -0.0850273325529955 0.0294681646798128 0.00597083636998745
-0.0718759552883251 -0.0417021841500088 0.0991162078929772 0.0892059938051806
-0.0765238890492091 0.0330578858922464 0.243557897626845 -0.0369016397774293
-0.0223237686829517 0.0697524176163653 0.221304974114731 -0.240991780309947
0.0284575654671888 0.0637561933637555 0.127187216719308 -0.339433001335386
0.0450358259163503 0.0715648201918274 0.0732487842143535 -0.362943553545276
0.0298394766560637 0.0777024479068684 0.0962953530225188 -0.356788281524215
-0.0461029481980824 0.0971740682528646 0.182533966182987 -0.278325197818389
-0.11035894015144 0.0491994466096641 0.228439732392344 -0.112948521054689
-0.103290282278333 -0.0698562349211153 0.117283319426777 -0.0145179670980145
0.0409050998646351 -0.140889732983994 0.158467526838072 -0.141799939413434
0.138904603745706 -0.0123086043654068 0.368436785133929 -0.158249830445918
0.102592649778362 0.0753856122938792 0.689032394275078 0.0883943819492399
0.250015829761288 0.0489086542815226 0.373877734520757 -0.151372703690979
0.20883518107845 -0.0896607550324702 0.0915584578039323 -0.114645952131747
0.0596899313960617 -0.200232109554294 0.0294790950237843 -0.0184237305413248
-0.151561934447437 -0.112492644164757 0.0791989312177538 0.067779157142201
-0.201376337093203 0.0437089011772395 0.199424165572983 -0.0185921329752359
-0.122412098861985 0.156691813144261 0.204826528292502 -0.184564947870725
-0.016419530086432 0.187197713363935 0.132564388864813 -0.284201236917245
0.0196633594536211 0.208392388746793 0.0780159253662533 -0.304449855434715
-0.0128423574706891 0.216384298698214 0.0827792476960301 -0.287697826195792
-0.160106372741809 0.231243444845104 0.134670656354011 -0.225793005137112
-0.295154472790022 0.0898503342627691 0.158679694326577 -0.112805466487768
-0.272159441454528 -0.168017112888474 0.0637915819260207 -0.0475327102220704
0.024749527612185 -0.37839688104389 0.140722967946071 -0.181169589876732
0.332227584805276 -0.201071052409664 0.356535887064583 -0.166150099448628
0.379628804885157 0.0281883558313655 0.615097924088123 0.0784265807320903
0.424333061287846 0.0380953482530169 0.259023629785228 -0.176898947664539
0.319845240425178 -0.18272651439045 0.0584900228550429 -0.0758685503160362
0.0767676598810453 -0.324367753606486 0.0280015560746632 -0.0225449845958912
-0.233345334920335 -0.187531399452789 0.0687637941693041 0.0426412028422372
-0.320434416092236 0.0491380530900835 0.137304197872768 -0.00955919241450613
-0.220169792547588 0.230162000042992 0.15877281313038 -0.110643375150474
-0.0647568406730328 0.290500879485128 0.120227049691587 -0.191016287098252
-0.00888057790631924 0.315419152568603 0.0752768134198573 -0.201654089449523
-0.0498426542029812 0.321274127193952 0.0615294263505863 -0.174091679488391
-0.243672311483038 0.336719854966116 0.0704706096915776 -0.131956193163315
-0.436255937579857 0.135319841098497 0.0616628136028367 -0.0839867273496376
-0.417093376839883 -0.220931250843622 -0.011361661107218 -0.0701135200480758
-0.0279290137910653 -0.558034059667286 0.0919810828520643 -0.201352340749106
0.452194418426861 -0.37633712879204 0.297765800768754 -0.157182249908308
0.589620695815651 -0.0364580665934902 0.461023801227348 0.0723005504047543
0.55621148503216 0.0200644464463909 0.0784032580604328 -0.200688234545618
0.411166731082486 -0.282324686188421 -0.0196139264742552 -0.016945566498926
0.0791481348066122 -0.448092487640653 0.0115100834450547 -0.00413606473335674
-0.313913084716459 -0.254149884396069 0.0511768690189907 0.018173003746325
-0.415757610702687 0.0543195263595724 0.0482389822324289 -0.0021715331171095
-0.291536724411286 0.280083776523511 0.0801865519450239 -0.017581186573838
-0.104549769449654 0.35489792683914 0.0859870277636332 -0.0650036643137692
-0.034161621457448 0.373921868992474 0.0602070646560478 -0.0675803455467046
-0.0777582074570944 0.372237472339005 0.0333084577734565 -0.0330338121064582
-0.284914781109463 0.388692166107341 0.00125059718566881 -0.0107033377874843
-0.504973100896253 0.165080354073932 -0.0457329029091912 -0.0289903438642456
-0.493337117529428 -0.224595235949462 -0.0948501393371387 -0.074990941029676
-0.0871526139999341 -0.629137755780036 0.0259743533552307 -0.192084777687493
0.481706947767204 -0.486461169226915 0.206163375574143 -0.119079861269882
0.687875505320064 -0.0972296584510549 0.25403317112144 0.0791578450704845
0.611106848213615 -0.00325884611040263 -0.150955771160203 -0.211625517448642
0.451765367410277 -0.351954503672974 -0.13613179660306 0.057935325745218
0.0654148106946774 -0.519880188597378 -0.02100817998405 0.0297714273090387
-0.357935306689385 -0.285766885424622 0.0142099284869734 -0.00503257723886963
-0.450823636404305 0.0527209463849107 -0.0638676447425686 0.0111222363499432
-0.317334969402382 0.292367124908703 -0.0214366469851221 0.0883645418476303
-0.123371372950269 0.367708151700267 0.0367744608871596 0.0781237433736032
-0.0540424334787055 0.371648052975338 0.0357845212811114 0.0779875641788073
-0.0958957449231694 0.362781654959651 0.00342917946681064 0.110473251177338
-0.283777681149134 0.371241714354584 -0.0616162692438858 0.112724298602619
-0.48303652730469 0.158339686194586 -0.141270292203249 0.037186187287609
-0.463840659218935 -0.195659566889831 -0.161911120122995 -0.067110199350347
-0.10967965204213 -0.576989890514063 -0.0331257771875024 -0.153441369766939
0.432355465427835 -0.485920677852686 0.106371854452057 -0.0595413740150701
0.66109559854179 -0.132650399903015 0.0343786078878669 0.0950267733915369
0.562367876995478 -0.0293942046257916 -0.390779763974523 -0.203923164427809
0.407503761764123 -0.35439466446391 -0.26396731235789 0.132753376493548
0.0419418533622368 -0.482888554923339 -0.062184630193789 0.0656352581509288
-0.325273325119199 -0.255698547622547 -0.0354472993391001 -0.0255875476348642
-0.39772895008539 0.0426148019964258 -0.17470357306252 0.0275727557174139
-0.287094894518134 0.248849858990543 -0.123732874082516 0.188567435778042
-0.121339150956136 0.318734750135054 -0.0188887753596783 0.21405789895323
-0.0664051728654722 0.312706347956194 0.00503892749241003 0.211419900323716
-0.102626671394492 0.299149432374193 -0.0283703702030457 0.231210145463607
-0.243598715965376 0.28970730877177 -0.112067336209287 0.208776651847355
-0.381597107616061 0.10831070153918 -0.207974552312883 0.0876083904993636
-0.33867422377961 -0.152131218001979 -0.195773001836906 -0.06020419524119
-0.0852171064105807 -0.419623771645646 -0.0669528949988945 -0.105653568858436
0.324211523814806 -0.386060651445244 0.0248882848886972 -0.00216138851506232
0.531183222477104 -0.136261980607676 -0.154322093156539 0.112350785508183
0.408719283956658 -0.0520012835722243 -0.593342482054496 -0.179347182631911
0.275097791163154 -0.278384394465579 -0.368393024188251 0.187140807965816
0.0081261966743661 -0.332998134958482 -0.0986771337383517 0.0991033698895771
-0.214530141069705 -0.166621007347137 -0.0761862010668099 -0.0340054620890443
-0.260225539975213 0.0210283396182118 -0.250453849637142 0.0395083030140336
-0.199507816317234 0.158696229522779 -0.202508235142814 0.256985965816156
-0.0997276247130528 0.214123285495494 -0.0700977078829431 0.318338785009222
-0.0697601302754934 0.206892559630872 -0.0255384791009866 0.31150345539089
-0.0945598872517664 0.19485681374494 -0.0591062028300137 0.311981960976543
-0.171802238500445 0.169568597410564 -0.14932143689301 0.259762340119674
-0.236383890630214 0.0391306747423444 -0.240145360142118 0.107136715194628
-0.175296770873535 -0.100480822437048 -0.189959967655423 -0.064411044559237
-0.0424050250850832 -0.222385228129824 -0.0742640886975072 -0.063573253583805
0.183469363432614 -0.240653580676233 -0.0284568707232008 0.0351769641086681
0.334269610261396 -0.118291441465167 -0.283608752595181 0.12056915457805
0.178923178945304 -0.0641580096626222 -0.712465869754573 -0.137150175637507
0.0902754773502489 -0.148934103978426 -0.42967456860794 0.218680879181685
-0.0283410238367625 -0.116553296934681 -0.118670965646795 0.134608822554362
-0.0629531855122715 -0.045550019581678 -0.0884918530252909 -0.0234632167012085
-0.0784574947471746 -0.0048272130879567 -0.270272843711234 0.042776162435132
-0.0824733187023559 0.0398558734352444 -0.241917361257879 0.280745431078617
-0.0650294070648244 0.072381929514405 -0.106316548618155 0.371621322583197
-0.0636807215446349 0.0711476928689301 -0.0518243725117446 0.363527857583885
-0.0708755560383418 0.0701052036895649 -0.0869118469001373 0.345422230442346
-0.0776869809022042 0.0434473494980313 -0.174059953064313 0.267874205988504
-0.0792351517497807 -0.018156514580857 -0.243298414496827 0.101888561778886
-0.0292731948563452 -0.0378069522812165 -0.159463780019808 -0.0701600139002371
-0.0207314112951149 -0.0397928010992178 -0.0669692911750366 -0.0320941518360386
0.034032248588044 -0.10521954402998 -0.0604463736553009 0.0501096278264508
0.115206069758435 -0.0966382244754222 -0.348652889901464 0.118622435437788
0.0623210647328535 0.0623033762615518 0.455947955863756 -0.133790141677483
0.102032418029545 -0.0049881599318087 0.101366142003021 -0.145329777169538
0.0415353646817284 -0.0910553690420549 0.0312433631656006 0.00533338985119628
-0.0767252882976628 -0.044591569056531 0.106662274939945 0.0947774345843879
-0.0821697066380895 0.0350644942001734 0.258576881080497 -0.0392906806794548
-0.0226420952175904 0.0735662971771243 0.236755849812908 -0.256613143908338
0.0307637036080072 0.0676955325062668 0.138231839784732 -0.360237578707136
0.0475003436474573 0.0757522792196887 0.0807281642432786 -0.386319831630953
0.0305130884400986 0.0822241684364586 0.10484008773838 -0.378538869670576
-0.0490045960022663 0.105097124062979 0.194882173880575 -0.29499494058052
-0.116423186041253 0.0529195639036264 0.242050417671169 -0.119689840390465
-0.11035287400838 -0.0746189009511061 0.125658351292043 -0.0160288323638841
0.0438732275661104 -0.150419146045809 0.168719075056954 -0.151170471863889
0.148632410108169 -0.0124508406182343 0.39561450227266 -0.163411240198046
0.108556448578826 0.0800822144902573 0.735009952683092 0.101009287356766
0.264417483949012 0.053154510323108 0.403080620381331 -0.158449207970412
0.222049415229861 -0.0936305108866746 0.101825733500433 -0.119029919592276
0.0645403093436189 -0.212585029744376 0.0317403411155636 -0.0201247293959829
-0.159689093594828 -0.12022314738197 0.0843844293637747 0.0718430676889237
-0.214601878984266 0.0467907462528166 0.210477533209457 -0.0187178528490588
-0.129888878388792 0.166014912827591 0.219446104028658 -0.19565852267552
-0.0179706797471108 0.19905689949623 0.142926587510059 -0.301965764699274
0.0201280862358796 0.220981653927906 0.0855656695271374 -0.323913043698909
-0.0166425519038579 0.230018595984504 0.0916238534643315 -0.304199697757545
-0.170945498418183 0.24827043387147 0.143881989063357 -0.238007347036663
-0.314381159566363 0.0973058155577513 0.16608928771372 -0.118304578175844
-0.288322445658343 -0.17955673069961 0.0684927614908446 -0.0504263883125039
0.0279718913895829 -0.40304579286507 0.151080528493138 -0.193090476837125
0.35615035092208 -0.213566852486472 0.382808596069888 -0.17149156823107
0.405266618347251 0.0319112579317396 0.657447137812168 0.0888080064053429
0.449620153626969 0.0423551493379842 0.280516362303744 -0.186747146148245
0.341280970269929 -0.191481025085747 0.0679949743162509 -0.0783608320921774
0.0833833003225849 -0.343836069227284 0.030162168023677 -0.0237273683553145
-0.245755123883044 -0.200413875918468 0.0727023857344987 0.0441848144122983
-0.341648363314726 0.0520408879210511 0.14444267589024 -0.00829775057362935
-0.234286739036906 0.24438343049597 0.169997768238618 -0.11723153470055
-0.0699126169784532 0.308664168564734 0.128013607714021 -0.202988404883128
-0.010363788425823 0.33377521060737 0.0820724219047848 -0.213807619354183
-0.0560227559911693 0.341689622776629 0.0688673824776668 -0.183321535628811
-0.261421640894427 0.359244446555256 0.0757326188791622 -0.137867406159029
-0.464571179344847 0.14486371222374 0.0613791358351133 -0.08801711797498
-0.442079219109853 -0.23703904434428 -0.0120790382108175 -0.0738569322008027
-0.0282857784836571 -0.592659616327007 0.100599704248368 -0.215945951635926
0.484246541935022 -0.398979330728309 0.321073685218277 -0.163037281697274
0.6298386304771 -0.0352648032222735 0.49400077377313 0.0803758086741011
0.591331170789048 0.0258812030530623 0.0882744534242017 -0.213710212135008
0.438456792689032 -0.296062243053752 -0.0151816308672191 -0.0162950942094511
0.085964282685881 -0.474882144364902 0.0126920397971801 -0.00249060842359967
-0.331571400040377 -0.270960977522892 0.054311740569801 0.0176787164047897
-0.442783718901428 0.0585670908680387 0.0501653914784153 -9.44200111383994E-06
-0.310833053482358 0.298424806539547 0.0859825639451658 -0.0182316203996162
-0.112756472433561 0.377873747194294 0.0903481210639034 -0.0696043920501294
-0.0381540419522028 0.39494868440274 0.0642953860026149 -0.0713109312313567
-0.0861425760200338 0.396340725043738 0.0377283955472553 -0.033605798503893
-0.304598380795983 0.414028700735644 0.00148783326167195 -0.00914027445626253
-0.536974754549836 0.178657153180098 -0.0533024888097016 -0.0284654983830101
-0.522868479695752 -0.24012081846189 -0.10001561998869 -0.0783738102878694
-0.090470933670084 -0.671491620175069 0.0315641204098462 -0.205033299134262
0.516307395913698 -0.516925204212533 0.222445857606772 -0.125090102591463
0.734422611080229 -0.0997074426635437 0.272509378686832 0.0857648437020027
0.650435434871241 0.000989559265046351 -0.157060863946949 -0.227020177588521
0.482727174593271 -0.369601934715993 -0.14058120715897 0.0625758602288148
0.0735054864031854 -0.551919785754159 -0.0221097020963879 0.0345701126902295
-0.378331597852097 -0.305057961200172 0.0150362816977384 -0.00772704987803221
-0.480147686994181 0.0559507064087186 -0.0695135714405611 0.0143514654068233
-0.340088616268772 0.310893570977166 -0.0219035275018747 0.0948198662460359
-0.131849328109332 0.391761246715872 0.0361898341047922 0.0816662308998541
-0.0607893859363805 0.394537076585333 0.0373843529499341 0.0831579503746397
-0.106089774929697 0.386544278858195 0.00489797026226055 0.118514846668567
-0.30442336252202 0.396250663674215 -0.0646829626369714 0.121622184146917
-0.514331322979282 0.170133857897587 -0.155084333689209 0.0425179770431432
-0.490137878486706 -0.210412753047366 -0.173144779290985 -0.0693164255709297
-0.113451743133392 -0.612111668927991 -0.0312445262674854 -0.164772474451213
0.461509251125336 -0.518385885833664 0.1152127640558 -0.06319837874928
0.707257451776821 -0.136562697641138 0.0384821403324332 0.101556632868693
0.598814609416554 -0.0274233650923582 -0.414392727830623 -0.220496130080971
0.436226798301518 -0.37313197796187 -0.278069782261937 0.14046230230445
0.0466869886427646 -0.513202197429019 -0.0661239293572648 0.0732438820923169
-0.344958292990084 -0.274992011945483 -0.037996698518788 -0.0289265721342909
-0.424153866866147 0.0454703941976362 -0.186810554389243 0.0316144236869
-0.305976275443576 0.266241992489772 -0.13109599001119 0.20087048888988
-0.131270413427036 0.338903257092931 -0.0243359978632815 0.22579479298695
-0.0724825852852254 0.332172613936377 0.00465053993976968 0.224608224495858
-0.110945143423205 0.318488444344013 -0.0290475156389205 0.246436428997948
-0.260099459049571 0.308467836405351 -0.118495195967782 0.22344068411023
-0.407718467111385 0.116010804083628 -0.224798695535439 0.0954428923789731
-0.357754578633454 -0.163997634057441 -0.208061256075374 -0.0630809849519398
-0.0879051777979312 -0.445046260025701 -0.0672268324503316 -0.112803477066502
0.344614591295349 -0.409395655537307 0.0276977130022989 -0.00304888712843649
0.567050432312616 -0.141929609031646 -0.163244427736634 0.117784022030366
0.436576585461811 -0.0501483201518155 -0.630218527067425 -0.195974158925445
0.295562805570704 -0.293405601421802 -0.392587157587227 0.197214775636439
0.0101274458983954 -0.353494598065723 -0.105676557347366 0.108248190238343
-0.227394991552738 -0.179236793266994 -0.0811680963852397 -0.0372524942018501
-0.277130765484344 0.0218870643403757 -0.268277408848151 0.0441423092068401
-0.214709354138779 0.16916970576731 -0.215882524342657 0.274646472716211
-0.108055162307159 0.2282374061116 -0.0776757323792797 0.337138284665621
-0.076639589853597 0.219245736520165 -0.0283328741830675 0.331268985267247
-0.10219089874237 0.207848858493951 -0.0632146872766658 0.332529693571517
-0.182846170145642 0.179981060012885 -0.159164677467178 0.277002975717252
-0.252452733499194 0.0414171131049876 -0.257339269785571 0.115409774337543
-0.184237770151372 -0.108482237178009 -0.202803020004657 -0.0675597454906655
-0.0433864147650815 -0.235136249743805 -0.0754229026952838 -0.0685220316001221
0.195194131958442 -0.255529747400429 -0.0307766306493781 0.0356547042811344
0.356497006210967 -0.12340604893635 -0.30134574612672 0.12552329309226
0.192246850042727 -0.0656805179827952 -0.759587887964178 -0.150842504507475
0.097480493412887 -0.156827413164803 -0.459892039086299 0.230067505173379
-0.030356325645406 -0.123435648221306 -0.126939156910729 0.145616759262238
-0.066245364677873 -0.0493596866033593 -0.0938772814538247 -0.0248802878811645
-0.0833516587425836 -0.00539710900274524 -0.288350221152091 0.0468857360868016
-0.0893140015984605 0.0425239318895409 -0.257078833572742 0.299380868937074
-0.0704672086795807 0.0776344150226745 -0.115147728183811 0.393986528226086
-0.069243518204958 0.0757978925682901 -0.0574516578528909 0.386287280462782
-0.0755315727757829 0.0741095334481638 -0.0932956407751844 0.367197706753763
-0.0830266265741158 0.0446927126927916 -0.185199246477767 0.284331185231523
-0.0856526787051874 -0.0195082152831988 -0.258930568375724 0.109314406093178
-0.0304804541270036 -0.0405628965701121 -0.169390274960283 -0.0745551285271217
-0.0211424753761179 -0.04054610607508 -0.0687923493132566 -0.0339856426433768
0.0353022246101906 -0.111314365925066 -0.0652089466897434 0.0510451046301168
0.122831114539494 -0.10127974304058 -0.371194323257218 0.122219258805003
0.074543241196342 0.0613398829070561 0.460466260971862 -0.225167250354728
0.108958696830188 -0.0188092958279206 0.0826532415261369 -0.1686275935702
0.0295210399095581 -0.104436363296563 0.0343948176890599 0.00560029650987315
-0.0890033905370221 -0.0355002813688339 0.135571201237815 0.0817477816586883
-0.0819046723859239 0.0538901491949471 0.271996669516379 -0.0916850530570673
-0.0113092631733289 0.0834058599506964 0.208818911114027 -0.317949532511438
0.0440335540702816 0.0675573049189136 0.086249364066887 -0.414470867401546
0.0647006855698006 0.0736173038116341 0.0229997230656132 -0.421493032395533
0.047053779795726 0.0818950683216218 0.0521069813791941 -0.419903375539114
-0.0324970373977216 0.122353355734142 0.159377175782376 -0.343236627887671
-0.112928954859493 0.0785389371822014 0.239589433818681 -0.166781937069791
-0.128323783411618 -0.0618194581742508 0.13328525021647 -0.0354475415866211
0.0200552226024298 -0.165604859755551 0.151344429580113 -0.189890294242428
0.151553739510519 -0.0355134910712288 0.396169025608291 -0.236608131274371
0.122284587077127 0.0629616931844402 0.799730532942276 -0.00252143721129559
0.292000403402332 0.0150320218817322 0.387029470067216 -0.228618205847252
0.224552685989618 -0.131023640353534 0.0866366511552362 -0.134967422367555
0.035592982424132 -0.236825959043399 0.0328715680544969 -0.0137155644335609
-0.187083016637111 -0.104085604532592 0.11101411907833 0.0637669222089012
-0.219499894581369 0.0847040223670074 0.230390883269261 -0.0613194419574256
-0.111907572883909 0.198103996654052 0.205362565026667 -0.255784373081196
0.0112379325253091 0.213965576762085 0.103175767929267 -0.355420146767422
0.0578826524852272 0.230656593568641 0.0388448816408894 -0.356625420637486
0.0211291522790701 0.245203962985652 0.0509707754127611 -0.339139335132681
-0.137434212327799 0.290681071881732 0.11676756061503 -0.272912085873725
-0.312165920328227 0.155923993649076 0.160498452377326 -0.151182868673785
-0.331235647028262 -0.146042164356982 0.0686858966104342 -0.0588701486179484
-0.038225702735432 -0.427395901226738 0.123100712159998 -0.228257279340022
0.338043231897352 -0.278280067336608 0.376408376123176 -0.248880715129502
0.425330567195007 -0.0334588034910888 0.719224691847366 -0.00472985517444938
0.491475113403638 -0.0319101220981073 0.239059072939896 -0.224739991632223
0.336219738958273 -0.25452879072639 0.055612154751909 -0.0780285226128833
0.0347752107956025 -0.378423507769179 0.0344777771318343 -0.00910926443926965
-0.289470863889428 -0.17620030911515 0.0978051571738804 0.0397829950559581
-0.352014587568225 0.109002269353559 0.168143621547819 -0.0389027913202716
-0.210664712167032 0.296907751352439 0.171661545841663 -0.167434902908238
-0.0282076490617652 0.338284524883525 0.10705456023118 -0.24883354159948
0.0409889781572578 0.355360662095618 0.0524789408221418 -0.241137835086744
-0.00423167682539731 0.370063936927187 0.0469744694045205 -0.206478921000139
-0.215626534388539 0.420373336699504 0.0621358291654403 -0.154483691433421
-0.463778514143112 0.230235314839748 0.0555798987740571 -0.100390636132184
-0.499804566941145 -0.183810064348908 -0.0192327511762633 -0.0678232312063627
-0.126838705224598 -0.618385384291897 0.0637610583986463 -0.241020389022702
0.443136433914483 -0.492802462707524 0.306034167741485 -0.234358496286434
0.647916158406962 -0.139217113361751 0.545915319567165 0.00939141105453786
0.643807711538655 -0.0778877713573329 0.0192399688684778 -0.20920079436799
0.425323321024822 -0.383533538993315 -0.0238528639008445 0.00922385143983815
0.0160979035319524 -0.518552130510705 0.0245828489857142 0.0255882621090653
-0.389712369851754 -0.239104095479873 0.0779434675315093 0.0180689476070241
-0.457705528893458 0.128494197454917 0.0743313023804457 -0.013145950848926
-0.283677623950044 0.365976710773589 0.102510988010008 -0.0502377368640915
-0.0625388177769391 0.417570287014717 0.0910983562338618 -0.100038491016013
0.0200946288254441 0.423931521809213 0.0569537040992481 -0.0877051514049149
-0.0276376702524773 0.432682389882527 0.0387968447838551 -0.0422330780400076
-0.253042491351527 0.48390798444868 0.00615667415539627 -0.0044684115600005
-0.534499677027774 0.274006337622094 -0.0563761457477206 -0.0178590771432173
-0.584055562724757 -0.17389312219861 -0.113508206694564 -0.0570049334833774
-0.205617879554207 -0.688242799135745 -0.00744097385438856 -0.216892041973986
0.458367843958208 -0.622445180423127 0.204661154875829 -0.178561034513011
0.750251147987718 -0.222672863490866 0.309590371132859 0.0466605639471973
0.704473692420844 -0.115182550678427 -0.248593004776177 -0.174970749947231
0.461238627583513 -0.470569353405499 -0.144908171356003 0.118340616131332
-0.00814117545237253 -0.600872496519688 -0.00438681577057812 0.0759231235011913
-0.443757271126552 -0.268256500236029 0.033977620878638 0.00069438143822381
-0.497228227616795 0.132261241771822 -0.0468507040921118 0.0243967121721937
-0.31384854789751 0.383869967530015 0.00865897486829898 0.0882788525522105
-0.082470805143818 0.435535860215949 0.0607642615217473 0.0720852395282231
-0.00437541541720719 0.425494269064453 0.0534638032774639 0.0791018905848817
-0.0507493532689797 0.424988413419457 0.0281394126803312 0.125680571196187
-0.25594912599246 0.464531042066429 -0.0433025410640719 0.145069576976233
-0.511249706097153 0.261723648741649 -0.153841844292353 0.0736395707322077
-0.546791299953971 -0.147472009289853 -0.189682977665032 -0.0360822862385542
-0.218913963483013 -0.622355535562282 -0.0662097277956511 -0.16270521042625
0.400461404312126 -0.61487009681709 0.100092865289694 -0.0961502562216427
0.717068192212406 -0.255961254834564 0.0613868285741982 0.0989959693341344
0.64730472754083 -0.137932221429329 -0.519377521044346 -0.124428573865047
0.412804923632973 -0.468275251818135 -0.279458641894817 0.223571105873714
-0.0304917473102599 -0.556060483739824 -0.0442303634110462 0.122482792160824
-0.405231826996097 -0.24278273019666 -0.0275927034492318 -0.0134207783832878
-0.440001488869818 0.109103163260799 -0.1713288464595 0.0653146157566349
-0.284797909464 0.328570382588617 -0.0909708923332736 0.222844866498382
-0.0892696301479848 0.379826114896702 0.0215859265767822 0.239688224569972
-0.0281233883331841 0.362023651590214 0.0407444617972492 0.234071289906071
-0.067477533256027 0.354209397221429 0.0119725243890464 0.267145494463549
-0.224772475860271 0.363895497696647 -0.0841416178745357 0.260390398824455
-0.408949504004811 0.186165680775988 -0.219620740434891 0.142605745845622
-0.398166913311518 -0.119961238107613 -0.228449457062264 -0.0256450757088959
-0.16446921849115 -0.450299227157267 -0.0938716404931575 -0.104277775836574
0.295344630295972 -0.48418884225548 0.0180940730365352 -0.0164807885136848
0.569303517678013 -0.236642459882237 -0.151666717691957 0.147496437499384
0.469839487015751 -0.136252925813176 -0.736075433781493 -0.0684793116269601
0.274466049496916 -0.363051770456828 -0.391004762927961 0.296954988258939
-0.0440768116727837 -0.380194175237157 -0.0835530995854676 0.156803516731548
-0.266105303402161 -0.158540632936759 -0.0813281734040431 -0.0174629327000376
-0.289406137777556 0.0607669243163985 -0.262365736786962 0.09470586351296
-0.202774850161191 0.212022363129957 -0.171756606564988 0.32108151458908
-0.0825077267089145 0.258123030900254 -0.0188674152523367 0.371530987637751
-0.050084408715117 0.243806457352 0.0226548412245363 0.351873209191428
-0.0760907942674129 0.235335835676672 -0.0111772902492518 0.364534453493485
-0.165782222182507 0.215600757580141 -0.119523304354085 0.321450687249955
-0.258603698360496 0.0821985104069878 -0.252698644766725 0.167724691112184
-0.207727017987547 -0.0864450612671968 -0.226072330307122 -0.0341524920724595
-0.0828084624921476 -0.23699729070009 -0.0917717379793369 -0.0577647324811459
0.162803431706646 -0.297425872198959 -0.0339321427818213 0.0366120275295769
0.353871408983515 -0.182918038886707 -0.299788176346833 0.178069179310874
0.202886184421503 -0.110273159904743 -0.852348116406989 -0.0137620016824663
0.0817528815480477 -0.187422790927947 -0.456228514026307 0.331264812677235
-0.0510217184463668 -0.127848809414514 -0.105385850256453 0.185558885518176
-0.0768059928390907 -0.044833308390572 -0.100258158439311 -0.00686270080088296
-0.0890087236799189 0.0027481045028181 -0.293235317626987 0.103274893107255
-0.0895443244479411 0.0576264047140478 -0.219749985950843 0.362009436957158
-0.0654601565595034 0.0932038444188006 -0.0517524828142187 0.442353815758531
-0.0649610207993233 0.0905888605712002 0.00158736154665072 0.415942586608955
-0.0699057509804609 0.0901321751920957 -0.0395654805410425 0.406068753854224
-0.0819827774940599 0.0568665525141637 -0.148215343197587 0.332808235960132
-0.0941119402069989 -0.0090268719924965 -0.256456502236582 0.15936127545585
-0.0366515385804786 -0.0384220295913745 -0.193829298316471 -0.0496699599276674
-0.0273223621840757 -0.0376894574638692 -0.0762136684736284 -0.0236171321946336
0.0182011769957359 -0.121444400606656 -0.0651816845755896 0.0619727700335905
0.11430326544339 -0.122553977967337 -0.376537827184584 0.186680137879367
0.0812032779678967 0.0574929564094506 0.456859931142993 -0.274997810404124
0.11034406126937 -0.0289542135441786 0.0743211563351358 -0.18066982500176
0.0207453155547075 -0.111472705950483 0.0358653650191316 0.00144594886806508
-0.0950938031185434 -0.0288057596605618 0.148207339186386 0.0710136721248595
-0.0803168264251675 0.0639977236802113 0.271323073886058 -0.120314516224045
-0.00362129691873036 0.0857653752371863 0.185555848478551 -0.349344754330415
0.0517979969980157 0.0648079396630747 0.0523616774058026 -0.436387771547251
0.073566139518074 0.0688997615464584 -0.012568209498235 -0.436820308172039
0.0554255903881324 0.0803871287933631 0.0176513612777534 -0.437635289603874
-0.0213507050849692 0.1304118926371 0.133043962060023 -0.368019553226416
-0.108462428820185 0.0920960595356185 0.231387502997022 -0.192828049820045
-0.138440054938207 -0.0519359362060323 0.134800243235208 -0.0489374411888653
0.00562925449541207 -0.173152261140603 0.138289560106645 -0.210904288628631
0.153607145684314 -0.050487592314215 0.390268210822814 -0.276622814702525
0.131947928014221 0.0534935449641952 0.829448156554935 -0.0722436962531379
0.300775980892505 -0.0106107756236454 0.381085574507784 -0.271178759199311
0.219526723496382 -0.154833879701537 0.0827202236814962 -0.147184601297584
0.0154512270786629 -0.247816131067376 0.0331150184759851 -0.0173369597550822
-0.201662138755529 -0.0910576666061154 0.120369517902924 0.0547337227783689
-0.219330416870632 0.108517248035806 0.231069114309459 -0.0845180414751888
-0.097592040909988 0.214534282889765 0.188868859168447 -0.283683650163782
0.0317746294265988 0.2196195652057 0.0751147087828477 -0.376082108264421
0.0792599483127616 0.23190897556416 0.0104857147555003 -0.37265098197209
0.0421890455841508 0.252020574788013 0.0248461369787337 -0.354570277337449
-0.114654081196615 0.314330876159606 0.0968050827845544 -0.290550188962614
-0.308185694972972 0.191492812236872 0.149458266027656 -0.168946806835972
-0.355128729655195 -0.12178093547897 0.0665181731106519 -0.0672460678380931
-0.0779284756189895 -0.439150928750426 0.106998075323942 -0.249330084437076
0.323753034345691 -0.317983705084427 0.371124437235194 -0.288047310717836
0.436692963631325 -0.0730760122620833 0.744920866040554 -0.0695743177207545
0.502235745274896 -0.0768218361457974 0.230302163202026 -0.254683377712225
0.32523603846126 -0.291344864843412 0.0565090393544602 -0.086012231227437
0.0025075548692034 -0.392839557181392 0.0353282964129165 -0.0122950278156902
-0.312412086385049 -0.156907073819436 0.104398447047026 0.0307637622112941
-0.353785218563241 0.145895548887104 0.169057151993311 -0.0544810140616617
-0.189846066792843 0.326764353855355 0.162729771811205 -0.188939149065835
0.00275358854399912 0.351384068514952 0.0878617263180596 -0.265793907033646
0.074311879505128 0.362032682681567 0.0338461562096762 -0.253803375006764
0.02834275822684 0.382618090210571 0.0332051363854124 -0.21654578865627
-0.182866684853721 0.456236480182812 0.0518847564010987 -0.162295207754666
-0.455725730108987 0.281894228222211 0.0448102586383046 -0.104865634142995
-0.532280744800194 -0.145005131698644 -0.0251651302122857 -0.0678693021535465
-0.186749906757251 -0.625688108940148 0.0453906211573817 -0.257713464006574
0.413410516356042 -0.551374487552504 0.299420469730104 -0.268547366320638
0.659226875185165 -0.202172662954746 0.566405684710101 -0.0406751545911387
0.654974876522422 -0.137280887112864 0.00542750590263531 -0.219046448636406
0.405655511516536 -0.432686274596216 -0.0176425415699114 0.010188421289576
-0.0282452904288019 -0.535421243385924 0.0288589288224599 0.0256004255417611
-0.422056656653315 -0.212039441578939 0.0816265709354805 0.010311309277265
-0.460773426706455 0.175120041147044 0.0756434110038171 -0.0181414417227137
-0.259825972284847 0.405573595051783 0.102414426561497 -0.0609126886549219
-0.0248382954026605 0.437879425094037 0.0838959301723709 -0.111008858867145
0.0583208373668683 0.434222667277455 0.0517816651122854 -0.0961143081265159
0.00911617733959944 0.450492633377685 0.0396219125036554 -0.046183843191616
-0.216190995337773 0.52552725124412 0.00780868893095653 -0.00249401213616344
-0.52500107570108 0.336714977337591 -0.0636541737105103 -0.0081161707169351
-0.618528694139203 -0.129595656073437 -0.121666352212917 -0.0474059584449502
-0.272395528432465 -0.691654289998028 -0.0255158317953076 -0.226213489507665
0.414569011203906 -0.685311893969017 0.19904923074499 -0.203526344526202
0.756922445433359 -0.296529107052655 0.326815363415104 0.0175578939241828
0.714696229931657 -0.183559964358041 -0.269171497595425 -0.159204823877023
0.435202081971432 -0.525176037426113 -0.133744135973912 0.134152917807565
-0.0619803343283444 -0.616225352141542 0.00482182051139684 0.0809547290917274
-0.481138245532433 -0.239688305173029 0.0349961372110312 -0.00413078144244081
-0.502106371874643 0.182068457224168 -0.0458843107724803 0.0320788365584549
-0.286963273633668 0.425864065455642 0.0183930642963835 0.0906961726260563
-0.0448419016658179 0.456822555714413 0.0667930704562657 0.0690266109697324
0.0329232436062036 0.439111069389483 0.0625918531497402 0.0771286453924486
-0.0143430756496797 0.445034252680464 0.0433514367357186 0.127449551260658
-0.221182739299604 0.502464679544609 -0.0285016261283617 0.155668260104513
-0.504021162345224 0.322019320113644 -0.155089633540646 0.0959028441051101
-0.574414791249754 -0.105727544596188 -0.19898623832545 -0.0184054249158933
-0.281206531406739 -0.621277585421053 -0.0806111479389844 -0.164549499569201
0.355191905968799 -0.671214788426482 0.0970407781054453 -0.10908564377598
0.715986141347491 -0.326928211711267 0.07531930432323 0.0940950659672734
0.654436995346933 -0.200725911893893 -0.545080733779722 -0.0824804893980839
0.384893019173691 -0.519446998450089 -0.264813886274286 0.255059737139229
-0.0791334249296523 -0.569151414152332 -0.032572168087142 0.133675798467361
-0.439940399082332 -0.215303393592917 -0.0297444951956664 -0.0118499237658023
-0.444759056186023 0.153259652853913 -0.170252731244247 0.0858099144897366
-0.26393248160033 0.368224902434843 -0.0712507444973511 0.239322767346324
-0.0583871254227281 0.400889229702425 0.0411690677465459 0.245554338146913
0.00221453314095814 0.376338300457354 0.0633170260321512 0.238193500048552
-0.0386601281113047 0.372784692251154 0.038708926048404 0.275569673913153
-0.198425271914141 0.396881162357155 -0.0606694116135555 0.277282647497917
-0.404178895209497 0.232985177235357 -0.216345822284511 0.171739291593769
-0.421017552060702 -0.0879249273626088 -0.238254525970183 -0.00347511390534213
-0.208290931595586 -0.448646223704313 -0.102864143383428 -0.101047862939808
0.258515309417511 -0.525865377769766 0.0190070805853951 -0.0203677720894689
0.567653697374592 -0.294212693187614 -0.141652641200331 0.163527757644944
0.473569338341083 -0.183099962674528 -0.765673571548658 -0.00588744213311189
0.252830482678789 -0.39835794699789 -0.377971539554099 0.341298564872162
-0.0777830013647694 -0.386652990606059 -0.0701461421596889 0.172400053899721
-0.288980875421055 -0.141128852917099 -0.0853043497440894 -0.0113447794354148
-0.294261104827485 0.0892908728081381 -0.261399529329015 0.123997985999314
-0.190647253352374 0.239746987486068 -0.146747155908426 0.34905933499423
-0.0620364369185265 0.275465403683943 0.0118920147689426 0.385384871766635
-0.031761125178357 0.256490689221273 0.0549165311104386 0.361594970293506
-0.0584415419101648 0.250534624263123 0.0223840882754059 0.377453533928168
-0.151557078328643 0.237543950529649 -0.0924664791175129 0.34322313114814
-0.259449789876901 0.110755362716406 -0.246348874391467 0.199531545140157
-0.221562191500455 -0.071922284076839 -0.236099688845002 -0.0138394213117076
-0.104204335029124 -0.235453379211611 -0.0967826957288843 -0.0529791529743644
0.139239156036887 -0.320798140937109 -0.0313126059411044 0.0384260421607642
0.349091865811916 -0.218955964602991 -0.293048316380191 0.208137609900085
0.200828166809767 -0.13189667393766 -0.884619817671715 0.0622165382973538
0.0689598968365686 -0.200292962193153 -0.444214661903056 0.383863514067661
-0.062800994229059 -0.126358529375553 -0.0910607490925409 0.203877647710653
-0.0837256173014045 -0.0404736495121867 -0.103828288398122 0.00191913829326426
-0.0921438061107739 0.0103231840650462 -0.292525364364775 0.13470648204023
-0.0878256389340675 0.0694020656853942 -0.191225329836573 0.395806888721433
-0.0608820126301489 0.103738438261084 -0.0157787334439358 0.461516129037538
-0.0603002131448678 0.100432246973579 0.0371174565770385 0.429830155409345
-0.0640908419137225 0.0995927298274098 -0.00437476395597955 0.423633425721943
-0.0801707501375018 0.0657167151512048 -0.122236858581879 0.356548923200506
-0.0990209663319753 0.000366926348746953 -0.249610526018301 0.189668103153094
-0.0407398787097966 -0.0374991773800817 -0.205079918693673 -0.0327803337615251
-0.0295151680740481 -0.0353427869748522 -0.0780188686893788 -0.0183271446179047
0.00679284955443774 -0.125842359629847 -0.0627184083694421 0.0675831686565648
0.106118916131395 -0.134851178651992 -0.371804708897322 0.224731497241872
0.0829035838895119 0.0507701193815834 0.427452068799797 -0.310766322420194
0.105058138389768 -0.0364731346230232 0.0611933645271033 -0.184064195630678
0.0102079773827957 -0.112203443007484 0.0348375256403902 -0.00239038379200899
-0.095683857050814 -0.0203671684594906 0.152009401107467 0.0563472627076336
-0.0732369148662721 0.0708137291362816 0.254910002528226 -0.142703246460691
0.00381435011682224 0.0833052787377552 0.151871733234821 -0.359937577727349
0.0567359732466408 0.0580049145526487 0.0166311634380657 -0.434146287979575
0.0775906671292497 0.060723231543373 -0.0462953899876965 -0.429481658381758
0.0601873245549171 0.0745048602856469 -0.0185253509599408 -0.431514386597895
-0.0084562757177859 0.130624558272973 0.100400599000169 -0.371033806639469
-0.0972704813660842 0.100061846157672 0.21022167174676 -0.208763114719603
-0.140548639267875 -0.0391120136568735 0.12868544991867 -0.0604203231198133
-0.0106838987759131 -0.170678843022553 0.117045746426275 -0.220072748220913
0.147243976692167 -0.0619770952676867 0.364729387611809 -0.300988971123137
0.132877817403745 0.04144394745563 0.811506137187796 -0.138103071340565
0.292026202463468 -0.0346892188731883 0.355274874342747 -0.299838865820516
0.20165402214239 -0.168817586364146 0.0740204014007581 -0.152190482191752
-0.00522443791856363 -0.244251305092221 0.0308483229590555 -0.0207113558795586
-0.204487665563632 -0.0731373893394558 0.122976262501353 0.0422731744536316
-0.205898077797213 0.126233030784697 0.219043702521265 -0.102394274098048
-0.0775193566318093 0.218530623974136 0.160889453333721 -0.295522221333676
0.0490248258950499 0.211888319770216 0.0437776349231443 -0.375983664917766
0.0968597905244455 0.220544673188606 -0.0190444871149844 -0.367689823870908
0.0620298023638992 0.245157808897663 -0.00316688855040959 -0.350201755571837
-0.0847671483385914 0.319706011753337 0.0725876225699428 -0.291401201643794
-0.2847352716404 0.214570763768014 0.131125851992285 -0.175653320204883
-0.359101790316261 -0.0901585071659723 0.0601592313925246 -0.0720620144103615
-0.113241255222834 -0.424350673261742 0.0843172946111391 -0.256338944143397
0.291338788930341 -0.339171019151173 0.345043131226392 -0.311609505270261
0.422833137137075 -0.107548150446195 0.728499084534512 -0.12968297559025
0.483240968893522 -0.116687777785802 0.207884591391652 -0.272155208738333
0.293403399063011 -0.311854609443893 0.0540211318153709 -0.0901351112941815
-0.0291265439058667 -0.384011781990746 0.0343595144059412 -0.0149325726185183
-0.318601554574724 -0.12953915389672 0.104931910857163 0.0202589066887028
-0.335045249635861 0.174497809646816 0.161012234431506 -0.0667153544876062
-0.158481797425419 0.337293590526263 0.143918716876641 -0.19985855009796
0.0325390200347633 0.344084710349193 0.0644357169490322 -0.267734931472559
0.101493005142664 0.348422028640306 0.0142718230765771 -0.252645183325618
0.0579058151469528 0.374497493297729 0.0175311673714772 -0.215665025050196
-0.139780734980745 0.465104621497698 0.039958533259715 -0.160824603329187
-0.423132823574275 0.31659024806396 0.0326077375248156 -0.101356726966082
-0.533640889104064 -0.0992469352126259 -0.0295777595219846 -0.0641867734104908
-0.236248857099197 -0.599984036334041 0.0243972442743186 -0.259352055010898
0.359411281228247 -0.574242645136124 0.275686111660276 -0.287689383863959
0.63090456167761 -0.252765936548472 0.555480516937405 -0.0885522994884999
0.626806449233996 -0.189179477988998 -0.00853587669738408 -0.217386346443565
0.362168121438326 -0.456337992399643 -0.0103595621473983 0.0100963377574866
-0.0692871744882223 -0.521214680981985 0.0318113411332023 0.0232535739187664
-0.431278740667174 -0.174383947818863 0.0809941481850233 0.00125324085181471
-0.43784610330917 0.212529598093512 0.0727820516960575 -0.0222164738969549
-0.219701302628098 0.421668805371998 0.0966190297535196 -0.0681460924685017
0.0114187244218298 0.430752812242971 0.072468821857484 -0.114921327204298
0.0922801937697305 0.419631360608513 0.0443731928131437 -0.0991295003258934
0.0458980543643123 0.442774031415085 0.038396023958818 -0.0484500173535417
-0.167691051874768 0.535700100567614 0.010927492604969 -0.000785761796313544
-0.485437227958568 0.377642444323306 -0.0663162805492647 0.00300563128052151
-0.618185200861052 -0.0767299073910766 -0.122048860873317 -0.0352526380031524
-0.324654075927555 -0.655573368748215 -0.0424379282574973 -0.222481400390447
0.350081555935453 -0.706319650209092 0.181146582053565 -0.217729567298262
0.718425409787175 -0.352651787999368 0.323888964952649 -0.0131313486251158
0.684700710234116 -0.239342656625321 -0.273796921113323 -0.136001972046252
0.38479038688507 -0.549234388063757 -0.114716389171532 0.140998943865897
-0.10980825083058 -0.597825539330313 0.0141825525811555 0.0808485330787093
-0.492393331662959 -0.195511643653471 0.0346428341152343 -0.00880669679102945
-0.477364512126283 0.222666552363506 -0.0412983405625958 0.0375519684378638
-0.245635044566398 0.445014284461079 0.0279707515323566 0.0881050055812138
-0.00574166261030564 0.451118034703518 0.0702970916658578 0.0632371153840507
0.0676679840719629 0.427567380762444 0.0686032872694161 0.0700719894788223
0.0219633652473678 0.438425219048798 0.0559068067258737 0.121725112242352
-0.174334792711683 0.515204717068851 -0.0114775316298348 0.15701826218408
-0.464414644919911 0.359885266668473 -0.146778585832805 0.113292248998073
-0.571893862580752 -0.0571878428633556 -0.19571969604012 -0.000269273290561012
-0.325865764443782 -0.585292669449401 -0.0899931790853726 -0.158047376447761
0.290353604378135 -0.687260109182707 0.088860435024009 -0.117132476173911
0.678001372150811 -0.380340560478891 0.0831647163639852 0.0825091985424215
0.62322783500125 -0.250976255747514 -0.539187259654593 -0.0365787203122264
0.335610565399746 -0.541467397589812 -0.235926369578506 0.271668721542768
-0.123616858980901 -0.550651387467272 -0.017447652838209 0.136248560591957
-0.448986731188728 -0.175088295324547 -0.0301689025130573 -0.0107663837774669
-0.423674099810103 0.188231184915453 -0.158490119652033 0.100917126393904
-0.226432225021982 0.386931614238604 -0.0469776346197221 0.241958556746698
-0.0228221584048151 0.398771070890816 0.0594995251971824 0.238070675041241
0.0319673072658951 0.369167067564395 0.0822109557415459 0.22816818471405
-0.00805696359023659 0.369273450059081 0.0629943874233521 0.26707621887971
-0.161737199247486 0.407735247322631 -0.0331468993070079 0.278654894786578
-0.376904664389309 0.26718871806801 -0.199051883685284 0.191382553034476
-0.420150944435689 -0.0532692757981301 -0.233819601995039 0.0176191392484156
-0.237785134300091 -0.421139341742987 -0.106843378484388 -0.0933851114207107
0.207207872241535 -0.535967365870254 0.0180307630170574 -0.0242619816437067
0.533792243488837 -0.334910860661027 -0.124546179660554 0.169211810530793
0.448791016143441 -0.218745879911454 -0.751007546317949 0.0595316203338759
0.217193197663858 -0.411582686274384 -0.341656689999319 0.367326899085586
-0.106665890138892 -0.372843269402241 -0.0517956866901297 0.17756947300108
-0.295163315001541 -0.11555985667412 -0.0847050042660618 -0.00451424440050426
-0.281571220506727 0.11251777808125 -0.244162509676147 0.146032056907079
-0.166732791476951 0.254287971355604 -0.112104278709728 0.356999447318511
-0.0376457656822656 0.276509163597034 0.0422006568004431 0.377396691251204
-0.0115557424991856 0.255289214765764 0.0834194999124315 0.350471669600627
-0.0368743683363065 0.250750474749232 0.0545252624451067 0.368228252657661
-0.1287110757236 0.246319259567809 -0.0597743433699158 0.344643312752493
-0.244955078698239 0.133211994666979 -0.225304975221135 0.2197044861583
-0.222754573631776 -0.0536387551342276 -0.23279325046564 0.00774759698611731
-0.119062728926445 -0.22178931993244 -0.0962828419628791 -0.0458110950048396
0.107144146761699 -0.325204225201721 -0.027771912677584 0.0374773005405097
0.324891678271955 -0.241105298924509 -0.269477073456775 0.226798065655869
0.187393112088268 -0.145541842621819 -0.863252807798433 0.133897440847302
0.0525117981765039 -0.20172417215376 -0.406694190754124 0.415103548679859
-0.0700556018910441 -0.118169337033073 -0.0709021980444187 0.210385814091788
-0.0859572637890983 -0.0338074196682765 -0.101082907240023 0.0107600532710229
-0.0901408648643264 0.0171001421875485 -0.274762161033044 0.158328304024321
-0.080419722667102 0.0775916172343456 -0.152468558726745 0.406556243466834
-0.0508846046473526 0.108674220984361 0.021536330574489 0.454946964957729
-0.0519167494024557 0.105284416505671 0.0716520108738256 0.419878510530125
-0.0547218617702325 0.102769988905463 0.0313179563706674 0.416803809108637
-0.0740578232306769 0.0704344334026276 -0.0881980494590669 0.360017637914262
-0.0975659933086074 0.00997935818631412 -0.228876358974217 0.208760465775645
-0.0438453647361144 -0.0342962536382551 -0.204482817329732 -0.0137898654839853
-0.029721648089219 -0.0314217699228634 -0.0756002801845543 -0.0126669678887983
-0.00569547617033169 -0.122250966569493 -0.0578137483639479 0.0691516160388531
0.0938244793501283 -0.138140278666685 -0.346527589350673 0.25047279352987
0.0807985266605584 0.0461007615020032 0.39608899521776 -0.316694451296051
0.0978114104752923 -0.038252638895193 0.0533114280267011 -0.180287813967152
0.0036519562853518 -0.108574418105725 0.0326833514878473 -0.00429640038308851
-0.0921750443258912 -0.0151049989920185 0.149198591877571 0.0457610369189336
-0.0667638108142768 0.072408998564658 0.235671114892742 -0.148717031275322
0.00686354930104197 0.0782920667591785 0.127498509452912 -0.353511127194208
0.0569941897417522 0.0520233027724378 -0.0019507830889197 -0.41776010194056
0.0770528946374207 0.0538593541788361 -0.061767239534148 -0.411064520387809
0.0604655975989981 0.0697045827305247 -0.0351359528240492 -0.412777889365184
-0.00133569981261197 0.126583179490577 0.0810609735007977 -0.359028767050017
-0.0878994646807465 0.100466859212503 0.191489245306982 -0.208800808612346
-0.136025914711031 -0.0314519642632473 0.12072172249087 -0.0643679079494161
-0.018551986489626 -0.162225749488878 0.101455515481997 -0.216437261288818
0.13881403878021 -0.0656894255662984 0.339553986315714 -0.301888857447613
0.12782612794753 0.0334724258882335 0.770617275907482 -0.166736115303445
0.275494917222368 -0.0445210226176095 0.327825514023066 -0.305563698508312
0.184878439594514 -0.168445251540997 0.0682534512309798 -0.150730087604048
-0.0155401927909784 -0.232450149514753 0.0289188247066342 -0.0215476627787179
-0.198248761847788 -0.0619071656694282 0.119764836085607 0.0331564567285075
-0.191362069762424 0.132066079583109 0.204089566499172 -0.108004685828381
-0.0645725131418824 0.212160971832451 0.139982584027655 -0.29234922525071
0.0569940701753933 0.199500075909931 0.0260624078049234 -0.362595626013817
0.101918905197665 0.205860400731229 -0.0316860917218423 -0.352813109383126
0.0700338639112253 0.232989350257266 -0.0159505430519825 -0.335851853946154
-0.0654723213530913 0.31129129686655 0.0580392545114801 -0.280636583795712
-0.261837842884963 0.21937377024282 0.115304230419972 -0.171016122622694
-0.347768383372893 -0.0717741083757798 0.0545457606112344 -0.0720958987403574
-0.127670552264475 -0.400276483217067 0.0691611807942469 -0.250505207723341
0.264945051314669 -0.336777263698117 0.320754776144474 -0.312693182712149
0.400488280765965 -0.121134691110891 0.692775834323794 -0.155938822341588
0.453721235331149 -0.131713215672396 0.189913570378209 -0.272275307084718
0.267060888343569 -0.308345637590479 0.053331637290207 -0.091464310563856
-0.0429877324164284 -0.36526594360345 0.0332010110090776 -0.0150019123443294
-0.309792968431403 -0.111536938557979 0.101390664471412 0.0124122206846172
-0.312934223652661 0.183338070664106 0.150325521200012 -0.0701104993997406
-0.136524507405906 0.330757822296134 0.1291430697791 -0.198115726882903
0.0465322601639297 0.327202851332327 0.0504753449988165 -0.259617976772601
0.112180549324071 0.328168327552903 0.00461341939379033 -0.244189981417725
0.0715636374880345 0.357866992228756 0.0104746204710358 -0.207061641355883
-0.112439151157787 0.45346140563047 0.0336369148539086 -0.154143533546892
-0.389488759870956 0.324592734121366 0.0246675575536047 -0.0939871452307723
-0.515415652724017 -0.0725358353451947 -0.0306668407660379 -0.0604242283002835
-0.25018774230744 -0.563379916505612 0.0125104183712677 -0.251536638664225
0.318850550178035 -0.564367230553447 0.256132581290032 -0.287376464725261
0.593640113147554 -0.267124028080624 0.529367957506632 -0.111811311847397
0.5866974239029 -0.20828551982885 -0.0143670488152109 -0.2095867354096
0.326310187977947 -0.45128326145729 -0.00382027527193923 0.00753854682510744
-0.0875803334115135 -0.493764700122571 0.0333104262962954 0.0216205385299256
-0.41868586048024 -0.150556681451652 0.0779265006891329 -0.00416541288292014
-0.40945176193517 0.223461715621608 0.0693799704691513 -0.0232921898749995
-0.190477963552227 0.415239598718191 0.0912819266475434 -0.0701677479564745
0.0312407082968708 0.409602310250749 0.0640805299927644 -0.112797667233017
0.105004134839954 0.397978741191937 0.0397716937545435 -0.0974197192422201
0.0625705176169588 0.422810964120462 0.0383350798076697 -0.0478400713886303
-0.13525079029171 0.52240326717254 0.0134313438451165 0.000482387916236599
-0.446321902381305 0.385588979598494 -0.0647558320767935 0.0125902043247064
-0.593267340707949 -0.0487615888865964 -0.118043148185786 -0.0276976507396057
-0.338890044045493 -0.612578253205915 -0.0484826396159053 -0.213552687408963
0.302260066514796 -0.688773910890321 0.168351531912919 -0.217162965990757
0.674187952659369 -0.366863356736749 0.310464827808095 -0.0308694773358121
0.640133299418223 -0.257964039040421 -0.264276831247471 -0.120066915205258
0.344635797788492 -0.541446999742699 -0.0984690372724528 0.137450579065526
-0.127136112212843 -0.566677646319727 0.0195620657429157 0.0778139839545478
-0.478432699859505 -0.167741138748984 0.033146751873131 -0.0121057303304859
-0.446333424073863 0.237074275965498 -0.0356595406548536 0.0394473616089618
-0.214364747459446 0.439844720289351 0.0335368998437473 0.0837893621779125
0.0150022540991817 0.432704765906447 0.0692899179191079 0.0586509199075469
0.0810648405437271 0.406114014325744 0.069705871004454 0.0635216808091842
0.0397442460752821 0.420179971410998 0.0626294273964144 0.114150202744105
-0.142312923037812 0.501880077056526 -0.00117075149914134 0.151973516637056
-0.427187200256543 0.369269506045551 -0.136368229120607 0.121366832781724
-0.548983001412158 -0.0317968727651849 -0.18692028832852 0.0095529596968326
-0.33474709943542 -0.545604299545235 -0.0911242973140832 -0.150177131542949
0.245815839467504 -0.668060761850518 0.0820364368942002 -0.119267814302727
0.633763576248685 -0.390751046913401 0.0832435889509572 0.0715200967277184
0.585123190539894 -0.267135831700108 -0.515039039296904 -0.013921678858003
0.299010843941183 -0.532107997994251 -0.210174716397028 0.269151312601753
-0.138018360108548 -0.522213671619903 -0.00823234350083951 0.133082275574722
-0.436696412471414 -0.150434964135141 -0.0289451505840481 -0.0108168232499167
-0.399228749513948 0.201218835247977 -0.144292449929994 0.105795463200484
-0.198318004158217 0.38345759302745 -0.0304436983329399 0.234792713082964
-0.00394348319658803 0.382937362928387 0.066890395755753 0.22674289544604
0.0452175910317607 0.352951496403944 0.0885583533895156 0.214890581260293
0.00783969944771041 0.35466974553737 0.0750657780852216 0.25299413531194
-0.136375521763868 0.398059322689898 -0.0165080904262535 0.26865175866375
-0.34617978058733 0.274686514191243 -0.181937527031209 0.198561580287186
-0.403615519463069 -0.0342783251568318 -0.22241212696641 0.0286090202909607
-0.244055971767757 -0.391973548700738 -0.103540249950621 -0.0872838546618546
0.174051704628095 -0.519793063732655 0.0169612719720789 -0.0275886102323798
0.496333839242622 -0.339475914230449 -0.110941580171987 0.163656492747072
0.420231138976634 -0.227711494481379 -0.714372083698368 0.0867318995803573
0.190734588664045 -0.404399666571256 -0.309909248819712 0.365689909901014
-0.115603521832416 -0.35198818988894 -0.0393353403438134 0.174298921558374
-0.288152725315858 -0.0992900584054245 -0.0803700257669613 -0.00154612994950028
-0.265788572842335 0.120540057517587 -0.224891395325423 0.151683149438237
-0.147440916201073 0.253362080467061 -0.0876721913159727 0.347853286653003
-0.0246170274087447 0.267048082552291 0.0558681880449397 0.360095873709158
-0.00106891954459068 0.245957235244422 0.0937173727785615 0.332491309635347
-0.0250601704325095 0.242086533202716 0.0698421270587569 0.351270879510659
-0.112965427763561 0.241470314386325 -0.0397986835616778 0.333776725903855
-0.227982235315751 0.140501582930385 -0.204993856054812 0.225036857653809
-0.215881194857387 -0.0424333956401932 -0.222617727734613 0.0190425450409555
-0.121498673874482 -0.206403404507107 -0.0912350613376849 -0.0419090546037429
0.0864203379369274 -0.313753031027897 -0.0252173652095369 0.0338330760954635
0.302847093499582 -0.242276132453953 -0.248112733164998 0.226081387775187
0.172937522532608 -0.14693739305677 -0.821717686136302 0.166821387238427
0.042847701356369 -0.196073164917061 -0.373957924926506 0.416286327464799
-0.0707590034704102 -0.109749457917912 -0.0565949453454771 0.205878527834786
-0.0844104131196873 -0.0296322268337859 -0.0956426934143181 0.0140831370990206
-0.086166872601328 0.0200960091100797 -0.25490859792496 0.164392257127702
-0.0729591396034631 0.0793691007921041 -0.124781732108993 0.397064745173437
-0.0440575175787584 0.107993933950308 0.0397147174216376 0.435603985524689
-0.0461174693925527 0.104790413707668 0.0851979997080811 0.399556384575245
-0.0487568536572831 0.100324065135018 0.0484372110384513 0.398399246833756
-0.0685497337499001 0.0701761740041653 -0.0670976423978217 0.348445451588182
-0.0929234107276081 0.0153561660757877 -0.208123302155088 0.212222399036394
-0.0444783837216795 -0.0310440683552908 -0.196755098683311 -0.00296755259902944
-0.0277590170631928 -0.0290413439847035 -0.0702475130642199 -0.0100186159557019
-0.0123638365179517 -0.115321701346974 -0.0537599791314889 0.0659390708282161
0.0852725311095577 -0.134256203340897 -0.320184430475817 0.254154669050067
0.0779757098706253 0.0458485817811074 0.38281743633327 -0.312554288943394
0.0952599814082102 -0.0354965708933351 0.0529429954771848 -0.177136276779399
0.00254506952011243 -0.105739784032458 0.031489417071313 -0.00468576793222732
-0.0904648126602724 -0.014530831128134 0.145793039153602 0.0421050863979708
-0.0644053580786027 0.0717687215473581 0.227051754932521 -0.146949877265857
0.00609489627788631 0.0752639491589814 0.118962505981096 -0.346503936765035
0.055375714410763 0.0490092777341719 -0.00382726682596765 -0.408833907749687
0.0752737565723444 0.0514112629743167 -0.0594543528016827 -0.401733638345822
0.0589305111919631 0.0678500494448832 -0.0354715754948157 -0.401789767048385
0.000681780979070118 0.1239218770507 0.0778594890080299 -0.348968574056277
-0.0838770601904846 0.0983247771456656 0.184532203370059 -0.202786909599036
-0.132360231172224 -0.0300865025963304 0.117334269463483 -0.0642427698775615
-0.0190459599329879 -0.156946426162037 0.0965639472960082 -0.211070999990799
0.13581542745965 -0.0649999232976002 0.332795087260248 -0.292727393005816
0.12300759120319 0.0319939133459314 0.747999384303957 -0.1669383927235
0.264461273257255 -0.0437672601375995 0.317243024237501 -0.300956342313233
0.178980309774288 -0.162017495147746 0.0684982101689612 -0.148819610896103
-0.0153728501275343 -0.226123727031699 0.0280267492378965 -0.0209422859396998
-0.193033634381422 -0.0604045490101348 0.116640562959217 0.0298413117346119
-0.185112339521229 0.130915286689213 0.196084216777831 -0.10595006336197
-0.0616334330142688 0.207053513330857 0.133090054518985 -0.285650235377671
0.056212560207238 0.192642812938947 0.0242337910730919 -0.355500743294312
0.099796591589185 0.199491252544883 -0.0301443022817696 -0.345180079591297
0.0681359312093406 0.227034541464578 -0.0147418800274934 -0.327224816349316
-0.0608583393771906 0.304092038286786 0.0569829053191028 -0.272275397562698
-0.252452510573113 0.215160253579224 0.110524533443054 -0.163591444127928
-0.33851375818761 -0.068908263766032 0.0530264212506453 -0.070911918468615
-0.125235860949746 -0.387718314532819 0.0657672058067751 -0.245625770724329
0.256170394098571 -0.327026621130296 0.31411569878693 -0.304374786856041
0.389713509537655 -0.118871085919236 0.673417499545208 -0.15840974429574
0.435869729005079 -0.129136474464454 0.185442071815242 -0.26714591196161
0.257776211134759 -0.29843481794197 0.0555307767283213 -0.092237780245032
-0.0421468231380458 -0.353826437261174 0.0329895561998163 -0.0146013909820895
-0.300436611906318 -0.107630637614858 0.0985867641676014 0.00939199851052565
-0.302279008516313 0.182212852052104 0.145808874498899 -0.0691238586245592
-0.130352982303711 0.323704719313047 0.124843458356371 -0.195243396533134
0.0463314335557671 0.316821200687071 0.0476104099222514 -0.253591520540153
0.108936085087939 0.318102898005205 0.00499316910974606 -0.239094053965342
0.0710637641567915 0.348628048540872 0.0119088327769028 -0.202481858017451
-0.105495801773616 0.443278204393492 0.0348913295615341 -0.149144289529838
-0.37395939923579 0.318602691766952 0.0220882061969961 -0.0863183497915198
-0.501485554698263 -0.0698981368535121 -0.0301958876156682 -0.0588475932412381
-0.244604339116913 -0.546932790850989 0.011783071698906 -0.247817236887995
0.306938640324521 -0.549234193267854 0.252944248854664 -0.281202889850658
0.576978345776533 -0.262998507669318 0.514340504799464 -0.114792757191701
0.563728561508478 -0.202699446132231 -0.011830219079355 -0.205999887806774
0.31475902610406 -0.437139497832544 0.00117458943740736 0.00347948009531401
-0.0844604838115305 -0.478718254461761 0.034391917510277 0.0217297785580814
-0.406339050085477 -0.14607167023002 0.0755753369035451 -0.00729283462071616
-0.396532248411389 0.223412487777773 0.0686746890328696 -0.0222159468251489
-0.180744672133861 0.405920887049881 0.0899218499431355 -0.0692870008311434
0.0320328149834749 0.398867237606468 0.0620560166143874 -0.110155649479112
0.103337755766143 0.386809351299589 0.039493185375607 -0.0963835104174639
0.0629410511731489 0.411410354600293 0.040286762074792 -0.047737168260073
-0.127128050146475 0.51039369984657 0.0162609527384682 0.00149171851383459
-0.428574179335194 0.377457287393984 -0.0640657119399458 0.0192963182236558
-0.57690417247696 -0.0467866474026118 -0.114822438598235 -0.0260660758617709
-0.329613674205342 -0.594036253651996 -0.0467097563270433 -0.211017331197156
0.290836650888251 -0.669556773098538 0.1656216753701 -0.214608463968994
0.654963010112007 -0.359840969806269 0.301213757006011 -0.0353243720725132
0.615409255019416 -0.251819668114824 -0.253107807680527 -0.117666610363545
0.333284713331736 -0.527373608342197 -0.0905842001038809 0.130419033034407
-0.1227898128166 -0.549454072679885 0.0217926996028669 0.076641820591355
-0.466041506369237 -0.162710475162558 0.0324436695530808 -0.0138600367222779
-0.432965754534061 0.232972419874787 -0.0328327008956559 0.0384500498365634
-0.203990233753369 0.430765330140604 0.0365788105288128 0.0805165452050537
0.0163518960963719 0.421357377282793 0.0672576895382658 0.0565201194113085
0.079793380482967 0.394759962844693 0.0686019388242236 0.0608594101841059
0.0396023533094767 0.408370080311264 0.0647628309413302 0.110329544038486
-0.134710209162437 0.490558913479106 0.00350766524652553 0.14873316097402
-0.41034924233772 0.363256061893521 -0.131979637837099 0.125573430860165
-0.535421207533776 -0.0292073687332714 -0.181254836102925 0.0107838055633477
-0.325053610127047 -0.52754020709163 -0.0869555265773249 -0.149086794476027
0.235871462504468 -0.647319094017609 0.0805966499041834 -0.119508806162166
0.614726449757717 -0.381031830543874 0.08129229923061 0.064525597227328
0.562240808895409 -0.259530804330462 -0.496159438319881 -0.0129927761083021
0.288993810307488 -0.518506072749833 -0.199463891690461 0.259221912097019
-0.133932118280212 -0.506388792954327 -0.00428605448853107 0.130317175075443
-0.425834566630104 -0.145340997272771 -0.0273671835620182 -0.0122316299108677
-0.387614083642122 0.19878172255984 -0.137139580727285 0.103527567371505
-0.189311897221495 0.376621407817629 -0.0242003689576908 0.227926218687454
-0.00193922398818775 0.373246418457856 0.0656589117074202 0.220633417970199
0.0434752684664243 0.342850413714048 0.0864903944166809 0.208572980707792
0.00823045841293025 0.345136398643389 0.077252366349845 0.245584732415949
-0.129576850042559 0.388578630325867 -0.011969950235414 0.26136778959482
-0.333332651910908 0.270553771495567 -0.174992929576995 0.19960292985139
-0.392868820757131 -0.0324168430851303 -0.21606708262302 0.0305029547378188
-0.235256289045374 -0.379403269670094 -0.0982566977160653 -0.0881626429227148
0.164382914839534 -0.502652191973486 0.0166618923428204 -0.0313447530416305
0.484570364275901 -0.331335151875095 -0.10750995173408 0.156366487356578
0.40533962128902 -0.221686323897826 -0.692462644280503 0.0860449208482175
0.184330203654553 -0.394097020533834 -0.298707025068942 0.355465862467078
-0.110577038065248 -0.342029477693436 -0.0355992173983698 0.170965969080179
-0.281467751538628 -0.097076849323965 -0.0773869252423042 -0.00272809462832343
-0.258246409644634 0.119012101375283 -0.216350362140679 0.148907703408406
-0.140095992644029 0.249000314399782 -0.0788096696860557 0.338460404288783
-0.022309098673008 0.261375915019 0.0557668868486234 0.351486795322903
-0.00163737140164272 0.240706323129849 0.0922482430404303 0.324902650542519
-0.0244508631117058 0.235795899482424 0.0713582597211498 0.341632170617064
-0.108714065083537 0.236522807346907 -0.034441351600987 0.324486623643853
-0.219620988120362 0.14036241491386 -0.196817042851882 0.223263424485053
-0.210558990314807 -0.0408475795780541 -0.216227096781102 0.0215828714918822
-0.116213220587479 -0.200426614291642 -0.0865527385948607 -0.0430047851987288
0.0810427093732104 -0.302565521195427 -0.0256326480769007 0.0292993908645727
0.294599457032276 -0.235150042450566 -0.238932605031202 0.21898784653882
0.167128072727757 -0.142849657322359 -0.796306043325911 0.164480833205673
0.0420070924049326 -0.191979298972563 -0.361623596155597 0.406967255395208
-0.0667505945621736 -0.106690519220417 -0.0526809032818917 0.201526389452219
-0.0822779979592309 -0.0295557639057905 -0.0920289557651042 0.0133997680211357
-0.0845021342987768 0.0200109216459892 -0.2445031012134 0.161174954339248
-0.0697950374231616 0.0791872622501357 -0.116462977198156 0.388083793749453
-0.0420085258155766 0.106716915982576 0.0405638303029843 0.424775375498176
-0.0453525280693057 0.102826486579889 0.0829388025583516 0.390314856770249
-0.0478781150820397 0.0976609235481951 0.0498620408195781 0.387475140175999
-0.0672734153925369 0.0684608353279354 -0.0626199312066381 0.339399856955214
-0.0901463069596629 0.0171753028878523 -0.199270277934221 0.209340335414821
-0.0433927344707621 -0.0296411185880451 -0.191187556174085 -0.00022644588111542
-0.0260012012121373 -0.029316164934557 -0.0660415934746479 -0.0111278133438867
-0.0134501689604858 -0.110174631368785 -0.0537025608127385 0.0621457912437385
0.0844000921396702 -0.129857670060215 -0.309512158770124 0.247008733642449
0.0694749231975882 0.057896309205769 0.417957127843271 -0.262136478127165
0.100147654375522 -0.0186967092671097 0.076897386694202 -0.166899394542875
0.0167479448252951 -0.104780945430839 0.0374090813214788 0.00292262533100674
-0.086793945201145 -0.0284144582117682 0.143492716389477 0.0568526060084933
-0.0734493529131978 0.0619162374422104 0.244396818824182 -0.119903279175676
-0.00806508309659301 0.0756095045941867 0.163051324442759 -0.333540959498687
0.0457312342532257 0.0553540790929687 0.0486266782224525 -0.414139254968127
0.0658489775301395 0.0602407661710279 0.00454707928632704 -0.409818882659221
0.0439948798806909 0.0737527952594156 0.0286771763109554 -0.407171678272596
-0.0186742028069186 0.120502973595427 0.133922465813178 -0.335459685264712
-0.0969445539781707 0.0799145483845714 0.216812098819581 -0.172600650042181
-0.126246379480971 -0.0536346514563211 0.128715328665461 -0.0455097646671513
0.00236703610707167 -0.159980829019876 0.125338333255024 -0.194618536718349
0.141888707787627 -0.0475609927455234 0.378947296479432 -0.23855028404329
0.115389308589806 0.0416231685489815 0.781454969469667 -0.0460514013077946
0.265033000318448 -0.00528617667739916 0.349879641553838 -0.241865817334732
0.201345149707808 -0.131399884164048 0.093082337428515 -0.130262770365644
0.0173168299753725 -0.225387735082852 0.0437906061322547 -0.0105782294740597
-0.180268950331939 -0.0899630388030358 0.121512985755739 0.0405267747914186
-0.201165561368625 0.10019723718981 0.214206696377191 -0.0874988048393757
-0.0944514505102333 0.196667929584359 0.168008638050533 -0.278392628606844
0.0242012557493538 0.199333774639447 0.0706445660576937 -0.358624988532818
0.0664279982405867 0.211514115790764 0.0244696434362007 -0.348754621755697
0.0290859347490618 0.231833222367185 0.040047031714051 -0.329747796249235
-0.106771185174316 0.28902376017001 0.105875363798383 -0.260513841608261
-0.279849328546326 0.170067238074479 0.139458009945971 -0.140158630182515
-0.324546783949249 -0.125282344535063 0.0683989546613063 -0.0597244917944969
-0.0659705028063548 -0.403605555571031 0.0985052070044285 -0.230817742816455
0.302859299491098 -0.286780038193524 0.355842291453631 -0.254540951137093
0.403214135468814 -0.06313492537912 0.700802581875092 -0.0513298317093227
0.4436635427053 -0.0669601740845485 0.214592710281026 -0.212101938869936
0.298014000206731 -0.254099962479609 0.0767949369790422 -0.0686503358460658
0.0116677363864368 -0.354458777057321 0.0562626238396713 -8.63874142684124E-05
-0.277045735421787 -0.154861830147402 0.110479258809744 0.0168090747333766
-0.32503787414243 0.130608142061069 0.163975401813073 -0.0609112129046203
-0.179003065280427 0.301784611585735 0.147738815748771 -0.19418502586403
-0.00446439670934063 0.322191960935143 0.0815629050629146 -0.25588694938086
0.0573885530552925 0.332404016243047 0.0430416050580376 -0.237463499552426
0.0132421963413195 0.3529706370369 0.0495089298082163 -0.201021164143953
-0.171619914013811 0.41928359207598 0.0686236128229451 -0.139854657437894
-0.415390607052222 0.254617103177719 0.0415349950073993 -0.0728563953739525
-0.485972667602541 -0.152174189724955 -0.0140838087647938 -0.0584445196603762
-0.158827972904332 -0.576839547018746 0.0438277396438297 -0.23915868099182
0.388926010954262 -0.494663372469425 0.282518998384178 -0.24326883937368
0.614363324192304 -0.171731362589521 0.52987677628241 -0.0350815261585265
0.581468585991745 -0.123054007372746 0.0101563611639976 -0.165612031480865
0.376410307248777 -0.3829427774778 0.0139238942404448 0.0262976614843977
-0.0109382326223993 -0.485327982097611 0.0611674632077896 0.0397610741317645
-0.376004924401635 -0.210360256559905 0.0957522797038503 -0.00290006622620725
-0.422613487113293 0.15514768114848 0.0854028475369173 -0.0290763411409765
-0.240559151967753 0.374976087006665 0.0963550965125583 -0.0777046861087112
-0.0321202136078784 0.401509706380841 0.0777016066024717 -0.111484816213103
0.040011398813788 0.399280650677115 0.0540889994775141 -0.0891373223240509
-0.00380984210383988 0.413894462950999 0.0546381831804685 -0.0415372555935431
-0.203369025453022 0.483847291495249 0.0286560368240424 0.00809650638785216
-0.476380846184063 0.305396750284525 -0.0591418351044392 0.0209446100875587
-0.563175079750208 -0.139982152070026 -0.103858632927918 -0.038051459306594
-0.233696592415134 -0.636697536827813 -0.0196702324302721 -0.211089232407543
0.390945930061843 -0.612487499576355 0.181328302557982 -0.190464426365088
0.70609627386032 -0.250477051458297 0.29994364898052 0.00900112280730644
0.638924834196684 -0.164963698178599 -0.240269153268778 -0.104081359166303
0.407717443225351 -0.469939374205046 -0.0933486677464159 0.144640631922716
-0.0382377523709005 -0.560851218846182 0.046366633735818 0.0937789902361431
-0.430878512196997 -0.23669024024895 0.0568727842978868 -0.016451986460347
-0.463435331606224 0.158529689394331 -0.0204564724062712 0.0173757712866533
-0.265236277356848 0.397101637763256 0.0230057350506828 0.0632996299980033
-0.0487247509740503 0.423592112076193 0.0622414185070319 0.0561344925774631
0.0167392121255969 0.405664314090035 0.0582640296010986 0.071936239240174
-0.0241704037421001 0.408140092877787 0.0540887033775114 0.120230762475069
-0.205779910188181 0.462987869105747 -0.00725413629568554 0.152405904812089
-0.456204956199908 0.295122487052357 -0.143604688150606 0.116718760454543
-0.524849027868252 -0.114197804219483 -0.176477081214899 -0.0110423127489524
-0.239216211543172 -0.569369325291345 -0.0680087032847535 -0.15734814840653
0.332229313554353 -0.598314327573454 0.0809417921346671 -0.109937520589563
0.672154089243062 -0.275222659426999 0.061690835347394 0.0731735718259304
0.591127087110003 -0.180317176281415 -0.495223183076083 -0.0346361943458825
0.36381845204827 -0.470883804385464 -0.220772280148286 0.258344601102
-0.0553718457840904 -0.52046210052843 0.0108299018099216 0.142252079042513
-0.395013678250719 -0.214643105277079 -0.00405800370451235 -0.0216202126208047
-0.411851911428207 0.13149584595268 -0.13428430103365 0.0692993505223583
-0.241621486407355 0.344477208695759 -0.0567500030068678 0.205062845545008
-0.0593744363084601 0.372962224076107 0.0391550088104626 0.22226544014435
-0.011844522609185 0.349417252818442 0.053163430738076 0.222310124378579
-0.0439756957934378 0.341894410943676 0.0447123293492168 0.256751709383841
-0.185658961940303 0.365083937083801 -0.041055560887737 0.262065103243556
-0.36603168843034 0.218542065441767 -0.199614294503798 0.181986363271722
-0.383125416570422 -0.0941131324479875 -0.216413112254453 0.00197841004157124
-0.173511796147624 -0.407770384459597 -0.0867812812726994 -0.100312168331168
0.240798284019986 -0.466231765531192 0.00590034889766371 -0.0310694826007103
0.536346841762074 -0.244920961252208 -0.14144032371262 0.135904274869973
0.432640821307676 -0.164694107808294 -0.700942489303021 0.0273184377072162
0.24169926583252 -0.364332926907082 -0.336263056096567 0.33514798524469
-0.0574653102473786 -0.355843368606194 -0.0350840785979332 0.174336687002099
-0.261730742955904 -0.142597658963393 -0.0616048162273423 -0.0167904176154242
-0.274300963357947 0.0743381687775674 -0.222369186189773 0.108363546796769
-0.17362545612175 0.224959024530801 -0.124779065700675 0.314653379511134
-0.0617579691079906 0.259045555701814 0.0123604752476102 0.354540749080478
-0.0396996323158194 0.242103355298817 0.039248225267256 0.337437983676456
-0.0584615520381112 0.230039417676192 0.0223514807401129 0.352161961693466
-0.141693924437897 0.218243034286453 -0.0775405688802722 0.319668742048861
-0.235292293840605 0.108231529104335 -0.227082113468665 0.198698331285558
-0.202023749168547 -0.0719712452054609 -0.217408161870367 -0.00824697595274058
-0.0832603520442439 -0.214666941042316 -0.0791683682165683 -0.0556885440817189
0.12673404839936 -0.282005587170061 -0.0413738543581972 0.0228998885207104
0.333762445069851 -0.1797945424365 -0.281045119794002 0.179129055453364
0.186951918122512 -0.119398051617047 -0.813253041784701 0.073108152535652
0.0697677566797596 -0.186651472814311 -0.413780506891908 0.367888405045562
-0.0488196761004601 -0.116576275055381 -0.0715016945397343 0.197061688798587
-0.0772637665290217 -0.0435019383992422 -0.0877095125469509 0.000240943487278191
-0.0877783410516031 0.00456875411529438 -0.259360924917767 0.123587177324941
-0.078143680864919 0.0677589162377428 -0.168040940441247 0.367483951736978
-0.0566960532207687 0.101904241906856 -0.0129979359725614 0.430047993374885
-0.0607529343983218 0.0986003536722622 0.0213347694105174 0.402441113313734
-0.0589785718880298 0.0910289555600374 -0.00925433473888808 0.395410732356743
-0.0754057322766021 0.0587059144844958 -0.11171135482416 0.330614410699197
-0.0904393758144197 0.00737980628997192 -0.229742118056957 0.180790516574154
-0.0394127093057127 -0.0335383852927299 -0.19171328758016 -0.0272120234741996
-0.0212623651342 -0.0326810177606518 -0.0620481388405635 -0.022484925620915
0.00406578946007829 -0.108090010832881 -0.068994438737669 0.0521293501457719
0.108984785621615 -0.108344311429582 -0.353157172116393 0.198817121391081
0.0714508462701972 0.0604537809019644 0.429617280508093 -0.275114909184558
0.104624130364205 -0.0182406714111232 0.0789017631231116 -0.175647566477143
0.0154331342805992 -0.108154945184103 0.0391502699501129 0.00182704883582935
-0.0898882876507594 -0.0280692751302577 0.149146128633695 0.0556033295136838
-0.0747800762512332 0.0664246510515283 0.249508137271219 -0.126751608469379
-0.00881966995199192 0.0782794306533258 0.160820100909644 -0.348373805742032
0.0479958628277285 0.0554648529714087 0.0458388644718192 -0.43087724537436
0.0690152575227224 0.0611164886810615 0.00212060142043103 -0.428156962021724
0.0467684872635797 0.0763949677928175 0.0269469968905243 -0.423253673808405
-0.0164294474766043 0.125695190476947 0.136014759500037 -0.348348067093664
-0.0988245456918165 0.0835273612931352 0.222653943174809 -0.179992323536966
-0.131983408073671 -0.0551204248851641 0.132376666593067 -0.0491345764736642
0.00176963850874999 -0.165000034426123 0.126099536252869 -0.20285646466369
0.147570598538366 -0.0504001424892504 0.396618365413392 -0.247715041538742
0.117852015112274 0.0433132364648627 0.805801273359526 -0.0521639656809935
0.270614566985088 -0.00490360365332216 0.359607969646665 -0.255760139480578
0.207941938554396 -0.135088654277925 0.0971044754313474 -0.138729438906942
0.0168629983995081 -0.232332887989089 0.0460365118084643 -0.0114687466723664
-0.186371028785566 -0.0924769327027143 0.125163616212197 0.0385648247855105
-0.205773915190449 0.107777222144865 0.218964138400871 -0.0925822012223321
-0.0957975230286975 0.205240580933585 0.169566571688155 -0.291085151328832
0.026744672345723 0.204879208566833 0.069386452755731 -0.37345080255559
0.0708808616237424 0.217842175722791 0.0241021173450891 -0.364774491200011
0.0322129560678593 0.241317091720025 0.0407186642937168 -0.343196368354582
-0.106415610926597 0.301978365778676 0.109237002798557 -0.269948496946035
-0.286866421514735 0.17883916751341 0.142530581285759 -0.143640680655959
-0.338497592109662 -0.128778577125866 0.0696303215357518 -0.0631605652251638
-0.0696054919200781 -0.417819708996926 0.0999915235595403 -0.242509772715493
0.313200832636366 -0.296561822627239 0.371428282694359 -0.266637072926432
0.416452730010775 -0.0679396102921765 0.723494516455668 -0.0607388926821479
0.453538668559173 -0.0691088016318802 0.220179485438042 -0.223525207585612
0.307601003477633 -0.262173043969552 0.0811933127671472 -0.0752157227435172
0.010693474224966 -0.366333536718674 0.0599938366795676 0.000120801882791668
-0.288113694763816 -0.159260208288538 0.113933037456928 0.0137811790129259
-0.33268659910658 0.14128767505146 0.167722412825182 -0.0647846440695309
-0.18114415438522 0.315597845723302 0.150814224298831 -0.20453842311037
-0.00190081379973568 0.333146305817374 0.0816012143282056 -0.266721665166429
0.0617104226985035 0.342916006294076 0.0439947606419722 -0.248548327570122
0.0168079717404877 0.365894593096326 0.0524933095169989 -0.210495643276292
-0.172603168152546 0.438768762614033 0.0720899168526655 -0.144906767290193
-0.42682621270225 0.267434830151741 0.0422717618516225 -0.0707169202327657
-0.505295204254271 -0.154808010443273 -0.0161377635570335 -0.0608525984191043
-0.165784718570921 -0.595978129308364 0.0439385168991836 -0.252765431884307
0.399636312814144 -0.511966464513159 0.294478693684424 -0.256923496534094
0.633780153956815 -0.180825761893202 0.545405685241657 -0.0449664045776547
0.593459408330279 -0.127509832725414 0.0123616615283534 -0.174553716610509
0.386630001566047 -0.395523726200936 0.0170892907450559 0.0223104773822077
-0.0114728979891686 -0.500712269227705 0.0653194149236931 0.0411591834320607
-0.389674720165587 -0.215536699524364 0.0986523805122884 -0.00716161882971109
-0.434699779523042 0.166424764282018 0.0879074082473829 -0.0317077645281194
-0.242477353084845 0.39281911420252 0.100601869565376 -0.0835501095258194
-0.0288385637870686 0.417335739257067 0.0793125448189879 -0.11690633939833
0.0434792939636887 0.413538437319294 0.0569756498725742 -0.0942501797741121
-0.00168947621082567 0.429249231963407 0.0599447644571837 -0.0453068510128626
-0.20367833032594 0.505243688116692 0.033484431440851 0.00860251569584587
-0.490529244074458 0.322649386027914 -0.0606104968362 0.0287927059339754
-0.586235537367926 -0.142191313398715 -0.107935112550598 -0.0381457761318209
-0.24281394153555 -0.656807565051662 -0.02092215896496 -0.224058370862953
0.401413737106567 -0.633774330769626 0.187629641933582 -0.202303344809937
0.731628973552436 -0.264096576127038 0.307387575550248 0.0026465314172072
0.655236213808556 -0.169992529776016 -0.245384113665772 -0.109189464554984
0.419146128683405 -0.487054861274984 -0.0924052981978965 0.146217537574336
-0.0397664260346054 -0.581237077072944 0.0511418160728042 0.0987203839769089
-0.447854177447881 -0.242530066989805 0.0584121129562129 -0.0204461382817155
-0.476392715200904 0.170523924190039 -0.0207322984190683 0.0161563463917775
-0.268020821623529 0.413759123013694 0.0274021189664514 0.0625857707391837
-0.0477610629232978 0.438458461634841 0.0640950296918109 0.057155378750962
0.0185439110487506 0.419775686261568 0.0611601321067659 0.073304876578574
-0.0232217881836762 0.423093843951901 0.0608242445549994 0.122571778190031
-0.207348545657739 0.483812349915745 -0.00272481181237088 0.158476723457385
-0.468058613726978 0.310963504436549 -0.146482401058885 0.129094258093924
-0.543404315102629 -0.115836227513594 -0.183902187759189 -0.00983478026855666
-0.246596978034355 -0.588752585088587 -0.0695862629533827 -0.1676925720222
0.34065117396222 -0.616384201431531 0.0826035168590891 -0.11899272002152
0.696360215861829 -0.289686932016365 0.062805806858119 0.0702824198232453
0.605477876329722 -0.185913563321337 -0.507448169894103 -0.0351285320342125
0.373561358850878 -0.487921723310949 -0.223692145444024 0.265664935404279
-0.056601187634695 -0.540841119155819 0.0142537127704569 0.149775189614537
-0.410662539100711 -0.21949654153825 -0.00498865828659356 -0.0245862563958629
-0.424742419211218 0.141195954893576 -0.137637247090399 0.0701279112913187
-0.245150124415764 0.360598815775448 -0.0529648410727058 0.21049029876201
-0.0584106792417091 0.38776009403735 0.042379526666646 0.22956112313033
-0.0110012678979164 0.362808279226263 0.0564011357701378 0.230220080888264
-0.0442439135257335 0.354962838659166 0.0509666514722693 0.265013186831113
-0.188769524626915 0.380800055204122 -0.0374513482708819 0.271976229202578
-0.37529875610651 0.231176903809081 -0.202945223334084 0.19584061713715
-0.396729294995041 -0.0948359269115698 -0.223821277304848 0.00537147539960075
-0.18040153451287 -0.422541608408714 -0.088656433202472 -0.10844798755643
0.244546574115349 -0.481434014472849 0.00358749688472886 -0.037373955953327
0.552918524768382 -0.257643269617673 -0.145234796447732 0.137741751879263
0.443245194412695 -0.170758594383077 -0.721936516162055 0.0300318628935603
0.247013813197126 -0.376959359935071 -0.343969185315696 0.34768982510493
-0.0580966175082337 -0.369705382496971 -0.0339655078357884 0.183050145804692
-0.273147866706977 -0.147087201222273 -0.0641211512329626 -0.017842145553698
-0.284323787101199 0.0803228199241747 -0.227471353729094 0.112063805739628
-0.175914322631692 0.236063242260404 -0.122191448711819 0.324600649758885
-0.0615562976845796 0.270448590328287 0.0158760097406466 0.367726459609605
-0.0409360196310536 0.252148996338347 0.0433507821559902 0.351907702890877
-0.0601828246573253 0.238576058485786 0.0280300518236407 0.364873722786115
-0.145097441325539 0.228410545026901 -0.0744584137540677 0.332498943901121
-0.24155651017088 0.116116948850704 -0.230563166382877 0.212173712084622
-0.209901102747005 -0.072796968426575 -0.226566280661541 -0.00436043954284562
-0.0863939423183259 -0.221704817889579 -0.0802221171489503 -0.0618395435519552
0.129274247147304 -0.290907230540705 -0.0454260500623247 0.0199769362721195
0.345492331509712 -0.188819601597373 -0.288494103667762 0.185084954757037
0.192439076966244 -0.123368252371008 -0.838055298018554 0.0794419157999689
0.0706048613214196 -0.194764505260071 -0.426143757608235 0.385044718124427
-0.0493802032859601 -0.121485646772218 -0.0721684319586113 0.206225785629554
-0.0812323972457981 -0.0456510284925042 -0.0905264147970596 0.000114479920168984
-0.0916278707526409 0.00536611859957688 -0.266594484292841 0.128429054309806
-0.0792926476221206 0.071239201533847 -0.166426921718909 0.380955704342133
-0.057944922173455 0.107934718828712 -0.00934480109149285 0.445584218592913
-0.0631982105966288 0.103869830231571 0.0242120142091845 0.419925103984874
-0.0617196024062359 0.0945002003691194 -0.00455188688100249 0.411093444178943
-0.0785806454949722 0.0613553169286969 -0.109754181605554 0.343565831999212
-0.0928997789505474 0.00972642627633662 -0.23494023803243 0.191621552193782
-0.0411336246059905 -0.0338505758376182 -0.198995672369327 -0.0245194695375061
-0.0218670851846922 -0.0342346112903582 -0.0628561499493172 -0.0253937992176848
0.00273231233895398 -0.110363467591828 -0.0743592062229728 0.0530440474159007
0.113121973431224 -0.113793515704462 -0.361752784726459 0.209542743847276
0.0755474095882814 0.0611862143836526 0.429412149060972 -0.305301011069302
0.109347441652565 -0.0221773759945927 0.0727237929882683 -0.187247824612614
0.00998140316538572 -0.11306357742761 0.0411990839095463 -0.00150303197173655
-0.0940541314655056 -0.0247529836493857 0.157467610964967 0.0484357099361213
-0.0731339263945473 0.0741949639479507 0.251979623065539 -0.142536913426249
-0.00659643798938554 0.0821019804866052 0.147066944468316 -0.369061755489479
0.0524513704414046 0.0540476369610764 0.0254588742944637 -0.451135522688859
0.0750013797751523 0.0597424123273589 -0.0168836315106747 -0.448816059007056
0.0522687909119219 0.0778516823354396 0.00924041189185219 -0.443195220351347
-0.00907049292654891 0.132272113390331 0.125888175770258 -0.368442466146578
-0.0985396511544568 0.0915196491038311 0.222509282525686 -0.197662538679133
-0.140398508525036 -0.051371092900215 0.133828120883756 -0.0583759507626163
-0.00444705169303515 -0.171246424609063 0.120795747060087 -0.216692930711743
0.151468241831201 -0.0585379231533191 0.404632937334467 -0.275115958505052
0.123738454537352 0.0406756417417233 0.833577875791486 -0.091731223783806
0.27809946799711 -0.0143236802686627 0.361265888846483 -0.28312247399833
0.211121856667815 -0.147448433735572 0.0943932036882913 -0.15171147647207
0.00723343190080772 -0.241642455784116 0.0489237852252668 -0.0146763960426485
-0.197081758974957 -0.0873512200488344 0.13035714311969 0.0314138872786624
-0.206706825280244 0.124356012633518 0.221396014343426 -0.106578829424796
-0.0896221190289624 0.219217628265553 0.15832678389995 -0.312096034173726
0.0375760019351355 0.211153215036101 0.0530557246329615 -0.392872197212348
0.0836568034313293 0.223457120472146 0.009450108190981 -0.384244788540831
0.044905504814747 0.25054969781663 0.0287475190873177 -0.36095068108888
-0.0942780891977226 0.320366531105469 0.102013695045341 -0.285713620798699
-0.289810885121083 0.199921474962088 0.141712011422282 -0.152863041074272
-0.358275755551054 -0.11864738325155 0.0678664023552979 -0.0699348968860373
-0.0887306792572641 -0.429954829283941 0.0913935028452469 -0.260414811091383
0.314200596052185 -0.323000267526706 0.377593852387837 -0.29474182250638
0.429203921231177 -0.0885711359071732 0.74459468896625 -0.0995134377690688
0.464491806189572 -0.0880246487323829 0.218758060104798 -0.245853901942804
0.308021968652328 -0.283822706317026 0.0815925823578824 -0.0860190965626887
-0.0033710750876077 -0.380520568680011 0.0642909628533574 -0.0028525639418333
-0.305864598243471 -0.152507522718102 0.117217722477358 0.00621564999704529
-0.336290413374219 0.165079610281128 0.169978331264146 -0.0766127883603695
-0.170727316998644 0.338203176240712 0.145160390891438 -0.221508846565436
0.0146198236155132 0.345979489400721 0.0711049780165732 -0.282741020362095
0.0797513431871418 0.353590868828895 0.0355126961033696 -0.263386538574379
0.0346428017988304 0.381016766209701 0.0480669724062015 -0.223086632854742
-0.154937337944605 0.466273712906464 0.0711695434917146 -0.153429733669146
-0.430308077280534 0.298905554746035 0.041268156131121 -0.0702202084238171
-0.533820700507111 -0.139083040661688 -0.0205425427181806 -0.0629337719560378
-0.195035089022785 -0.613083890463606 0.0334007734176066 -0.27074847643901
0.395685965173919 -0.548637372314122 0.296189597282062 -0.282566124611221
0.652424406508162 -0.217694214712385 0.55928407163898 -0.0759344456430017
0.606750072949073 -0.152542923963188 0.00705833142478133 -0.186402645303822
0.38448971092745 -0.425288159603762 0.0200448138543052 0.017743721076024
-0.0315122807826458 -0.520780082488216 0.0724105085241513 0.0406774587556981
-0.415157850728536 -0.206732203303182 0.100253266409135 -0.0146022327542966
-0.442092781513974 0.196838616120548 0.0885689172611328 -0.0390406749851773
-0.231280997160532 0.420940822535711 0.100213174458024 -0.094817341788999
-0.00946365988910888 0.435961496049058 0.0759711095454011 -0.125711685408097
0.0632741215574718 0.428488192563913 0.0559080410945679 -0.102487268637724
0.0184705871660048 0.447650274665861 0.0631226160767551 -0.0522682633201854
-0.185988710056074 0.536974020092422 0.0382445643353329 0.00734629446364373
-0.492591468907956 0.358887466139944 -0.0607909466169121 0.0397742471463317
-0.615059682257702 -0.121161493712511 -0.114850867479835 -0.0345310328027
-0.277329565336128 -0.672612908563253 -0.0325575765298295 -0.238938405623984
0.392156278707723 -0.674604396571273 0.185174267088281 -0.223759500859508
0.747387232869135 -0.309234288498091 0.315567234521777 -0.0164753798038959
0.66921611238579 -0.199297687870681 -0.255950574536277 -0.107062896188606
0.41321471758871 -0.523090549102228 -0.088235864849263 0.151212833250189
-0.0637351631453882 -0.601539426206583 0.0601769923421712 0.101668554085215
-0.477756031285771 -0.232630273177594 0.05840450726927 -0.0262015011777013
-0.486316949284701 0.201968246682657 -0.0215791753892596 0.0152897134813718
-0.255446178245451 0.445981742743236 0.0331548071927435 0.0601704734575291
-0.027550623166306 0.458564771559703 0.0687146617375849 0.0563045731558289
0.0359702090907791 0.436010951651571 0.0677820274559467 0.0735037481729384
-0.00490359891931043 0.442155985834268 0.0720024096839914 0.121898062002695
-0.192542906425608 0.515783078880984 0.00842290559336917 0.164697510720851
-0.470013597035767 0.346196659461535 -0.144231119334654 0.147941128024927
-0.570748453178379 -0.0964434389266666 -0.192042723587396 -0.000221658028440967
-0.279899596505343 -0.60217326062187 -0.080860444700756 -0.178704353075739
0.326432842084254 -0.654477072303964 0.0774788975225424 -0.132539395662159
0.711363306304309 -0.33346177456462 0.0644677558617771 0.065586740062904
0.619277260152999 -0.215016806056647 -0.52435674483724 -0.0191611046468874
0.366768374139057 -0.522692558728593 -0.219580945749264 0.282733783027503
-0.079885788958657 -0.56110728299477 0.024029191345423 0.157129582059206
-0.438887702313543 -0.212273400500061 -0.00739241279279348 -0.0272944226902728
-0.434631354408936 0.16783567184074 -0.140288139256588 0.0764744238451113
-0.233694612743582 0.387504356827163 -0.0423635301029488 0.217504287436281
-0.0418663945602864 0.406591228608875 0.0542161955464498 0.235951640396143
0.00330052240106818 0.379227121583092 0.0695316741314792 0.237489297225796
-0.0309890507709118 0.371305384685594 0.0675726386768087 0.271421510872228
-0.176476966464885 0.406799532341856 -0.0235605249528658 0.284058824105628
-0.377270054442613 0.259275824804258 -0.199059626266375 0.218952830009559
-0.416666969640344 -0.0809547782088934 -0.232761112947521 0.0173969067839654
-0.203017094311176 -0.43317667524104 -0.0972159363388282 -0.115124950930875
0.232394727552997 -0.508212674539027 -0.00205230736616634 -0.0431200752716401
0.563277502448466 -0.295372389138207 -0.146285344754561 0.145635825264712
0.451930019188093 -0.192909508055114 -0.743562118828001 0.0605044679195183
0.239962147582994 -0.404027354229673 -0.341457506767443 0.374414281687703
-0.0746386126864512 -0.38449728678529 -0.0244907532038218 0.194409269575535
-0.292916205854316 -0.141050030623707 -0.0681386450515551 -0.0166482087826149
-0.292134450006451 0.0965709234064866 -0.232022808232041 0.12465623313117
-0.169161556946463 0.254487852064827 -0.108895288619255 0.340412095766568
-0.0499909653608931 0.285302793175057 0.0333314374634436 0.380819184767726
-0.0319505804644991 0.265457174265006 0.0606140838429408 0.366909683098766
-0.0531514210000386 0.251435193843261 0.0472634394322695 0.377469540938423
-0.139405259806096 0.245605384304973 -0.0599014656912405 0.348639661592459
-0.243451004997569 0.133407362181787 -0.227152094634664 0.235265269763063
-0.221705322842869 -0.0656828696507334 -0.234663340309439 0.0081988117523478
-0.0975028207990922 -0.228049155220554 -0.0857332820316838 -0.0655012474398577
0.120267916501322 -0.305123578064965 -0.0499463105195892 0.0200164045755243
0.350529970088338 -0.21353990772325 -0.29061613396595 0.203893401741682
0.194621938744804 -0.134931996739637 -0.861818075168915 0.119142603439542
0.0643549822617697 -0.205972959570613 -0.423979878820334 0.420282938275433
-0.0547416173032162 -0.125793672024831 -0.0644357453255183 0.220588046476587
-0.0879849228029967 -0.0444017428044721 -0.0933853686149186 0.00399183090136946
-0.0959279346340127 0.00948876640390066 -0.271946678691961 0.143770044976417
-0.0772750140613053 0.0774790107923859 -0.150986380817263 0.401975098578815
-0.05438295353676 0.116996087027441 0.0107493543088129 0.463628164014546
-0.0621977167736511 0.113277024001983 0.0435208770372135 0.439738029078183
-0.0612848001152646 0.10095081773849 0.0148844082163974 0.428486270663097
-0.0800325003193005 0.0682819342510414 -0.096290987677931 0.362440657076286
-0.0948983763412077 0.0158564618523174 -0.231527992848934 0.212370848254218
-0.0441157642972613 -0.0328476847603046 -0.207756868734226 -0.0135530658538956
-0.0239551223303847 -0.0357313503620435 -0.0650192788188922 -0.0266971435365998
-0.00274937864215545 -0.113391943871235 -0.0783620065816557 0.0570968311755778
0.113797139915577 -0.123422183687274 -0.363400364608574 0.232402399227184
0.0802467500127736 0.05829340101969 0.409002369636372 -0.339699290732492
0.110826394941268 -0.0283875750695782 0.0590476540130523 -0.195175601740838
0.00164187431280375 -0.113301836255208 0.041301148701329 -0.0060718344519081
-0.0959936802787395 -0.0187274545415208 0.162083559769269 0.035252447560627
-0.0665144580653515 0.0808053895629398 0.242789153248725 -0.162152803141411
-0.00123427907835682 0.0846408881542277 0.116801338299896 -0.382556161186724
0.0555926255035479 0.0491672881006334 -0.00725500112231128 -0.459444373313838
0.0804205608564745 0.0542637765031213 -0.0489925464925524 -0.457654775004901
0.0593022782384712 0.0758299319463505 -0.0217863732253165 -0.449452351654253
0.00218673275299924 0.134344388844185 0.101080282952984 -0.380685638075383
-0.0928033892822762 0.0995152664097114 0.209884933194418 -0.215682514339292
-0.14517863736594 -0.0409185004329222 0.128930108250391 -0.0686640978501544
-0.0152944627317325 -0.171602897032447 0.105502003736311 -0.227425806774666
0.149687650988559 -0.0698893330939383 0.394626337803144 -0.306835015495783
0.126979836437633 0.0335054963585856 0.831421291744552 -0.15176338947701
0.278626301194046 -0.0295719448213211 0.340695175335785 -0.313090035989008
0.203913122283527 -0.161439664630936 0.0832559431387365 -0.16175155844008
-0.00860405073698512 -0.243162658643504 0.0485863482416967 -0.0200321239242766
-0.204785715873804 -0.0743460647190165 0.132085886157096 0.0203770415447747
-0.19683493562983 0.141393955002423 0.21429009183984 -0.123523811704048
-0.0736880470468146 0.228567988166004 0.134229385478704 -0.327168748715377
0.0526904678347307 0.209257424348966 0.0235635161415333 -0.402183239012278
0.100212826910511 0.219201805397375 -0.0178759245636705 -0.393416735003006
0.0640639576617375 0.250852995936682 0.00365621492384225 -0.369476751974529
-0.0695778688865668 0.331941952303658 0.0836608152600616 -0.295971031159252
-0.278634928945427 0.222523480575268 0.132394790356593 -0.161480887836059
-0.371023785681301 -0.0934737483205658 0.0617854805247225 -0.075865247090879
-0.11683644378589 -0.429561117008247 0.0719039989035632 -0.272119349101051
0.29688935759502 -0.346854135823985 0.362027887231216 -0.325987874304985
0.426650458439839 -0.118331641771393 0.73895242591898 -0.151148982070601
0.460661875390562 -0.115022058485385 0.203611429721274 -0.266625708730802
0.292163453872891 -0.304924179783269 0.0760640994243568 -0.0955547717306283
-0.0278446838419513 -0.382868505718812 0.0666747369207648 -0.00811383854575262
-0.319120789530274 -0.132311648771262 0.117026908708839 -0.00408718394185891
-0.325366558202195 0.190863858048244 0.16380393297292 -0.0898049693868385
-0.145498600221128 0.35465470806937 0.127887658437327 -0.235926420247578
0.0394290198687772 0.34695450368657 0.0508552879912747 -0.291763400641727
0.104074147562745 0.352023984208987 0.0181550042716715 -0.272810077769599
0.0616463417298785 0.383001669874342 0.0341982718954855 -0.231892353141949
-0.121231862454125 0.484112939591673 0.0629562552086946 -0.160756047312434
-0.413003887875127 0.333580960024646 0.0383799771162816 -0.0690741541033932
-0.549558722709131 -0.10195910606282 -0.0267277719753953 -0.0622728848559214
-0.235207974049782 -0.608843625057586 0.0123632607437406 -0.280749973335363
0.362863740069655 -0.579975574086411 0.279397883154993 -0.308809553208554
0.640652135387391 -0.264857139277609 0.553367407068374 -0.117912888122947
0.600366246970611 -0.189890067659722 -0.00473354766604441 -0.192993975667133
0.357826021676761 -0.453547215188316 0.0216749281497713 0.0126795463103327
-0.0654127964046202 -0.523112793971463 0.0788454546805966 0.0361700580107943
-0.434294303494526 -0.180456343570983 0.098237016976204 -0.0241954836021385
-0.429996065211172 0.230840744080973 0.0840871274778642 -0.0461607452192265
-0.200148730431512 0.442765106502272 0.0931731227868602 -0.105657449343159
0.0220975354168055 0.439368947784542 0.0662316017852488 -0.133249634370275
0.0932572885945905 0.429260731823401 0.0503243406909756 -0.110193545251783
0.0496096645038515 0.451725780692303 0.0625086548329622 -0.0603639548935898
-0.147267395411693 0.558251944635691 0.0421284108691785 0.00438276643943189
-0.471582914540156 0.397812510852136 -0.0551436951894102 0.0505144916846606
-0.630961335205603 -0.0798773979770254 -0.119710069134144 -0.0269286367532882
-0.323662113958637 -0.663671877835223 -0.0531113112522695 -0.245958900946136
0.350191500542336 -0.706354411572562 0.168567412421452 -0.242722141821117
0.732004877954314 -0.365335550301129 0.31046588454112 -0.0417008351049508
0.65977937918979 -0.240639109506286 -0.262828703166598 -0.0956832965391104
0.381744436060927 -0.55370050733683 -0.0783568645170454 0.154808170219721
-0.102883439403116 -0.605256836719636 0.0711442743094531 0.100125747359288
-0.498614701852732 -0.202746688232778 0.0553885857299892 -0.0320768771831255
-0.474614336775629 0.238767497947139 -0.0232212783189046 0.0151208237806001
-0.222970587164905 0.468055871183571 0.0382656774573865 0.0548136398999921
0.00466794382972638 0.464548976772532 0.0719578110581482 0.0516285667527018
0.0662106035891173 0.439070351679768 0.0745896027905432 0.0684130268503391
0.0244927028842205 0.447923867080925 0.083403916608771 0.115607724044251
-0.153778563228576 0.537648324948102 0.0227718475759518 0.16511703661812
-0.447837197286832 0.384618051389407 -0.131029755265282 0.16582992753851
-0.583117035262483 -0.0580686014872757 -0.194717448402055 0.0138309759451917
-0.32005995811088 -0.589642976635013 -0.0979944582377253 -0.182916229581345
0.287813729744475 -0.681625404923297 0.0646589325781298 -0.14292460791953
0.692059906102808 -0.386330676716657 0.0650655837894076 0.0585664303843885
0.607924072309119 -0.255519528630776 -0.526519996911111 0.0118406541886081
0.333841430484973 -0.550287436138977 -0.201591046814111 0.296888893240001
-0.116577235217868 -0.563225641403257 0.0389060312168034 0.159526525497386
-0.45955838197039 -0.182217804874284 -0.0104836143514689 -0.0283078291451987
-0.426844871863202 0.200580462655011 -0.139089914133073 0.0859716727342601
-0.204567126553267 0.406703780461532 -0.0256128436552095 0.218952558881268
-0.011218317902313 0.414306035665306 0.070419372318588 0.234382718847537
0.0285633410351752 0.384998164668587 0.0873577141163628 0.236919489717389
-0.00636074800577764 0.377914449940108 0.0894120772326895 0.267863330027
-0.147425876946125 0.426228312272679 -0.000669011196719005 0.287705238198829
-0.359995795499022 0.289691983531916 -0.181454212736481 0.2400393920552
-0.426808540563241 -0.0520237323425938 -0.23417511496199 0.0353567859889086
-0.233449509154132 -0.424337822122492 -0.108657878866781 -0.116692975403595
0.200842197473379 -0.527220501825376 -0.010146110167147 -0.0467631750171491
0.546855799949361 -0.337752311523094 -0.139863549768495 0.154140010904065
0.443836552259445 -0.221688149101937 -0.742311314637021 0.106609786428526
0.215434137677278 -0.424385877534117 -0.318231708519362 0.400306244939027
-0.100054819707554 -0.385514625304066 -0.00871745685863463 0.20124112422975
-0.307183680883885 -0.121661645958 -0.0705445127414292 -0.0130194758641397
-0.288395115224044 0.119322852372855 -0.228650010424589 0.140325969897316
-0.150507653798468 0.267926720183472 -0.0829854222722147 0.348324507907765
-0.0289226193433803 0.293351450214912 0.0606410979142384 0.381854295100834
-0.0149816533867796 0.27235168787809 0.0887696940948063 0.368580565760096
-0.0373708327723399 0.257867906090042 0.0757893199926602 0.377094890853448
-0.122469169635706 0.259482727226685 -0.0336380835043317 0.356138219346991
-0.234118004238625 0.152684885072828 -0.208688464722996 0.258643640498851
-0.228470172656033 -0.0504781471359315 -0.236413745799656 0.0263295831008004
-0.113741017295056 -0.225165587804376 -0.0928898204204853 -0.0659051217685063
0.0998610207264041 -0.314353949672359 -0.0543175739422 0.0217486232687889
0.337886084759745 -0.240421742325568 -0.279247086510406 0.223749039977417
0.188453781365276 -0.147629464143054 -0.860210511673131 0.174391653783111
0.0497968994391687 -0.212842000150747 -0.399718857623161 0.451963964533841
-0.0627298185148873 -0.125779704043436 -0.0473319049670749 0.230490307029058
-0.0934106434561096 -0.0381552521311405 -0.0942270395887672 0.0103190124474281
-0.0971590730543674 0.017049801657785 -0.265554526236635 0.162880575862128
-0.0711356933687726 0.0829772430732395 -0.1214340090558 0.41395373879949
-0.0452422706371263 0.123010622218306 0.0449683818882567 0.467359700232072
-0.0550157590602542 0.120406911950205 0.0761212956845868 0.444578336783199
-0.0561025742102308 0.106685604426583 0.0453896871965487 0.432728839776363
-0.0761821036803001 0.0745372154813447 -0.0697969757517593 0.373101417073706
-0.0933720259547497 0.0234952865758091 -0.215884770420064 0.233242093535099
-0.0465908902460617 -0.0295283177106383 -0.209719144973543 0.00297710919623544
-0.0270977643751906 -0.0357399173334857 -0.0681429214281896 -0.0258664754425669
-0.0109904973045627 -0.113306336156241 -0.079390563946573 0.0623534131647503
0.106332142797868 -0.132983847383827 -0.348201867126561 0.259861924503046
0.0815852698727482 0.0537036747831667 0.37280644941989 -0.352234343381245
0.108343769491268 -0.0333720005478213 0.0436705082963097 -0.192410216393153
-0.00438944328673641 -0.108284080415827 0.0389996888742979 -0.00994422798351775
-0.0936933999440628 -0.0129194117921068 0.158567894710839 0.0222482003939009
-0.0580214684782981 0.0830775314553213 0.224831686279528 -0.172297240543101
0.0040661407654316 0.0836170821813135 0.0854601009900419 -0.37742985989927
0.0558306120036419 0.0432304877239257 -0.0379967616276325 -0.447757177769666
0.0821122523207965 0.0467098495374402 -0.0767709533354584 -0.445839978590832
0.0639202886864291 0.0706345327046563 -0.0488895822892529 -0.437557866244825
0.0119879112534872 0.130252082812077 0.0736705964060663 -0.376275758013845
-0.0837395008000062 0.102750494556762 0.190392514691015 -0.221378109827132
-0.143611853992096 -0.0305659816388033 0.119980860528397 -0.0749287823575064
-0.0234364906763993 -0.16535057969101 0.0878146412163607 -0.227349924918213
0.141868707244184 -0.0770789551935471 0.367826479756355 -0.32254345147932
0.124363764082872 0.0257662108952736 0.791638177030271 -0.195630730455297
0.268172720696232 -0.0420674279873008 0.310087829605879 -0.324784082692847
0.189860454017913 -0.16694290127768 0.0699607676533651 -0.163284168289718
-0.0216583813485521 -0.23414006710949 0.046629161692567 -0.0243157060878553
-0.202721439694668 -0.0597919639776643 0.127916859599507 0.0100780401232489
-0.180671118627547 0.149422170639009 0.198517245018129 -0.132719089280261
-0.0556852598041193 0.22854615642196 0.105890118390403 -0.325548442841206
0.0629607325231791 0.198844393478842 -0.00359691729909522 -0.393653853757323
0.110875185307926 0.206450555073933 -0.0432257010086537 -0.386085269841579
0.0788115050257966 0.240618431559792 -0.0181506306680914 -0.360999594354053
-0.0446032320432365 0.327246134243967 0.0646297465432136 -0.293379146023952
-0.255261408208461 0.235168061389696 0.119562429499447 -0.163105187879268
-0.366594741113897 -0.067626586766566 0.0542520155445927 -0.0778255160163735
-0.137768836607648 -0.412042098605465 0.0508406858221337 -0.270649873374545
0.269480308874761 -0.355017688259834 0.33451471864485 -0.340316619344302
0.405837811234099 -0.141104373193463 0.702687375271871 -0.192547148510502
0.438953755611598 -0.133848485996295 0.180095906002029 -0.273120250515383
0.265093882756729 -0.310985197147574 0.0674351483670686 -0.0997179061446172
-0.0475316221835778 -0.370060698127114 0.0656337547309396 -0.0132607514312905
-0.317125194016727 -0.109427801870449 0.111213212543882 -0.012095393995897
-0.30110668151582 0.206066260600868 0.150930328517947 -0.0972861821553179
-0.117086885564388 0.354385665778666 0.10633173385027 -0.238193860825175
0.0595883405404467 0.333664305699536 0.0288912472916474 -0.286899937439723
0.122771653111399 0.335669403033685 0.000277553098509163 -0.271040968105778
0.0843923907847817 0.369993274224664 0.0198649667296 -0.23044056974715
-0.084119573734091 0.47988815435337 0.05293349724704 -0.16083235429349
-0.380146717787191 0.351111534498878 0.0354807521309482 -0.0658538886821542
-0.540243203447935 -0.0656128296362687 -0.0308402270909586 -0.059256794825791
-0.262532722393014 -0.578259855938977 -0.00866717150050858 -0.278445397762844
0.321696185559751 -0.585992079272643 0.251923888970411 -0.318916725664598
0.605676613797956 -0.295468598137997 0.522851161478363 -0.146177933472146
0.571031007537555 -0.214714787590869 -0.0160441299708768 -0.191057437712514
0.320703165628265 -0.459499078943413 0.0213683026434747 0.00857794461184223
-0.0924979954574213 -0.504805620683266 0.0817321677576046 0.0300766163753361
-0.433242349391709 -0.147709317589509 0.09226538505084 -0.0301391776152189
-0.400804107404126 0.251559261444757 0.0762441195466711 -0.0505185378700458
-0.164516593032924 0.44296308328904 0.0823709341083462 -0.11104337081999
0.0488614655358509 0.425239938518876 0.0550691780360416 -0.134133114431146
0.114398243607308 0.411963554770999 0.04233120579355 -0.112634675869198
0.0760428802529992 0.437474116705422 0.0584141730755628 -0.0655776726788277
-0.104601746815226 0.55275368810014 0.0431846500837659 0.000695501527858889
-0.432485937509913 0.417880583235763 -0.046299863419119 0.056911343441405
-0.618245735893695 -0.0380230787630679 -0.119366608920822 -0.0184112439506368
-0.3525610358953 -0.628434983472485 -0.0712086524795849 -0.241361504089446
0.300941531873696 -0.706761837194496 0.145709795844701 -0.247983051940437
0.687759377836168 -0.397141512875737 0.292651059909103 -0.0600631493241155
0.625441091092429 -0.266709900302995 -0.259653002202765 -0.0832215918556236
0.337151175848108 -0.558657543142581 -0.0668557941668167 0.152130976891802
-0.135069485903518 -0.58432188268483 0.0793360066395866 0.0939596043206105
-0.497233320213474 -0.166457673602691 0.0502251985762288 -0.035500105680915
-0.44490647242985 0.26178640794449 -0.0253010998064084 0.0163247932963039
-0.184680907969944 0.46733169916167 0.0393021198769952 0.0473308037491992
0.0340860269074745 0.449796696390264 0.0725963465988828 0.0457185085339221
0.0900718599277107 0.425624904829069 0.0770431460023474 0.0612745206211607
0.0506991060345535 0.435136632998559 0.0894284176025467 0.104388034432987
-0.112626090241093 0.532827917063938 0.0345285490306928 0.15723602121027
-0.409458969719281 0.402997544034506 -0.112213925849511 0.174297223216916
-0.569842139397659 -0.0204123587379479 -0.189296955189953 0.0265659163095626
-0.345858930422294 -0.557924154501467 -0.111819991371958 -0.177370022486555
0.239911948836162 -0.677774809051577 0.048436357464214 -0.144496171785386
0.646719140606732 -0.416469827530941 0.0603952093365373 0.0514078998462263
0.576425126191059 -0.277459071084738 -0.508497464823653 0.0357142072120721
0.290491494634835 -0.553610996483476 -0.177878895182984 0.298208084604875
-0.146702956777293 -0.544067141313231 0.0523167639759512 0.15390061597911
-0.458704177591902 -0.148195742172715 -0.0128205468012749 -0.0267905256257348
-0.401915206278769 0.223276680351777 -0.132895847627571 0.0918817477310735
-0.171999172185105 0.406241188605509 -0.0108942954075032 0.210401813818749
0.0147066515573471 0.40256745175282 0.0823921584245708 0.22333501251395
0.0499907874892075 0.374169112697703 0.100446525942532 0.225604303278396
0.0153254011760745 0.369139748936203 0.104609585149491 0.253082058937599
-0.114527655104141 0.424449757868947 0.0200021572613341 0.2787935048803
-0.329267098833378 0.305702944501027 -0.156471602351956 0.248681665605815
-0.418036594543341 -0.0238608813458277 -0.225908215373699 0.0496817850016177
-0.250188645493143 -0.400945535093705 -0.117893593108284 -0.112227723088631
0.165047916566637 -0.521794408410673 -0.018317376643605 -0.045465959981689
0.509543717208059 -0.35929659367233 -0.13034140353853 0.156227839952456
0.416358631579111 -0.238684411769614 -0.711129227179191 0.143055163372661
0.182150333318876 -0.425088354635218 -0.284041412749329 0.407578969989269
-0.119281309018206 -0.371871852795466 0.00764799919088405 0.198143033701652
-0.306527832549879 -0.0993249201175088 -0.0698599777647686 -0.00815701936549311
-0.272336832776724 0.134742383148897 -0.216228219010193 0.150090233535923
-0.127603821369221 0.268450778738796 -0.0580903761921332 0.339611008537787
-0.0091752427204628 0.286153592713662 0.0821856772352189 0.367374007145709
0.000922940800240468 0.268392541052836 0.109996837884268 0.355102414428566
-0.0217414126893374 0.25374814180651 0.0975699817037556 0.360999719072091
-0.101026444973235 0.260482648761832 -0.00804487164075654 0.34795485832458
-0.216234258285148 0.164241739775621 -0.183232545897401 0.26588451772633
-0.224519826251622 -0.0341841378879431 -0.227892771679732 0.0414895743664263
-0.123864918382835 -0.212960875549869 -0.0974732071138893 -0.0615562332540712
0.0786195756270343 -0.309969135911569 -0.056457374038531 0.0249741404901761
0.313627985856528 -0.253470551803017 -0.258251441376182 0.232203587782245
0.175015841301713 -0.152936341712437 -0.822520220135087 0.21465148191165
0.0344949952397828 -0.21000402960722 -0.35978643488262 0.464308159433234
-0.0688871045352808 -0.1213523591969 -0.0294117595869582 0.229252964357115
-0.0939600229663207 -0.0309367165184631 -0.0906571492927767 0.0156834058140501
-0.0937469290000437 0.0231044829837966 -0.250243622173987 0.174037726358657
-0.0631800027336842 0.0838395517185684 -0.0908833652782262 0.40711752723139
-0.0347906777457581 0.122278518469 0.0724089858289056 0.451987300019687
-0.0463785451491004 0.122422796712105 0.102398545629888 0.431362075408722
-0.0492423889651677 0.108088209641221 0.0728385653680793 0.418239615909457
-0.0696576489174489 0.0778716548990907 -0.0431309900786785 0.366507743669237
-0.0878654430448213 0.0292248127632937 -0.191595972226207 0.241269152347938
-0.0469181601048943 -0.0252953572051056 -0.20331798091128 0.0176487854086561
-0.0296523213090154 -0.0334243447420326 -0.0695459292747223 -0.0231328769564029
-0.0176119591113682 -0.108171463042233 -0.0773638175131311 0.0665926020979553
0.0955401684375863 -0.135624660340709 -0.319453278775701 0.270960844425011
0.0701158280842738 0.0610949110253026 0.378578441707536 -0.285005306990751
0.107375493679107 -0.0172404918426873 0.0634040261195537 -0.173160556609956
0.0104649713834216 -0.100098297905059 0.0425742885409466 -0.00941808595356908
-0.0862245147452894 -0.0245682368930348 0.144615361166801 0.03163336743806
-0.064393796358301 0.0711327114791598 0.224232577017739 -0.142860909522221
-0.00581814080629411 0.0841344632450274 0.111900029644008 -0.345249505385402
0.0455070127451421 0.0483633080527793 0.00721719843658153 -0.429117494809679
0.0725947476189465 0.0528446590734895 -0.0241515957861405 -0.43753767378845
0.0518360730544565 0.0769936586913201 0.00109426857638202 -0.428318521879639
-0.00349753323416661 0.127625032435675 0.113560305468836 -0.356505398270606
-0.0941071749198263 0.0895500212407467 0.210956601808029 -0.19467901654611
-0.136925069699272 -0.0457304228890496 0.12787765688061 -0.0594144227178098
-0.00690650872289737 -0.159754246572913 0.108675320985116 -0.20556060653526
0.140693211523454 -0.0583744212952156 0.388870050581908 -0.268960932078476
0.111413098479411 0.0375892372554171 0.78757011171483 -0.101248730858731
0.253195017321746 -0.00483197999092678 0.328266470660407 -0.258754624083043
0.198081581472933 -0.130742921545717 0.0931144771793371 -0.14437817525308
0.0102873495018766 -0.219694137468938 0.0586518151575317 -0.0256429437930229
-0.181030138562098 -0.0831339711755668 0.119478351714078 0.0134796577527759
-0.188625836393788 0.116561515170628 0.194617562702007 -0.113829323162771
-0.0793622774011937 0.21165984814785 0.120250717404856 -0.295529423074679
0.0352731266922466 0.196814726179277 0.0323751278566471 -0.376401718636104
0.0818330657687492 0.209893067636299 0.00334940534751792 -0.376579454146266
0.0460385318884715 0.240717231429734 0.0244461563312156 -0.355741051413932
-0.0792375279029745 0.308915443475443 0.1003607455255 -0.282518655764825
-0.274200910299484 0.194892087018379 0.145697531486068 -0.146701184107405
-0.346165698759371 -0.106710344524341 0.0707693300365055 -0.0692466980018616
-0.0897420646589247 -0.409166220282736 0.0781869734943885 -0.244026278709212
0.294488240095308 -0.310631839412011 0.352465149828482 -0.278083051794468
0.40081452766183 -0.0926263575996226 0.69014685497509 -0.0957696124979371
0.421462156761832 -0.0695467969036115 0.213510716541987 -0.216092504618753
0.285654590753042 -0.253359631652453 0.0930340882339305 -0.086630488934928
0.00371769152823524 -0.35020290162477 0.0834585050792581 -0.0174160318780704
-0.280998731739052 -0.144881601100568 0.108781034029799 -0.0134325532759455
-0.310232496596598 0.15308710660979 0.146346728321355 -0.0904548251826329
-0.151299959936553 0.321788093083661 0.106721097711486 -0.216186435583722
0.0171959472071339 0.324643796987953 0.0528698128877383 -0.273187304298585
0.0780895754496818 0.336977101649777 0.0334471730424439 -0.260787296506059
0.0370282369195104 0.365356544002384 0.049016082328237 -0.227133805469304
-0.133837547576589 0.449118676246478 0.0796789698015166 -0.160176131527601
-0.404807142944034 0.291961640854635 0.0613519693945999 -0.0632222337525088
-0.512951523538329 -0.12321763250896 -0.00953306227276942 -0.0601585918326386
-0.192648775093858 -0.583795314639656 0.0209292278652547 -0.252698506328418
0.370644592071461 -0.524793469215094 0.265489955937166 -0.257451251838866
0.610139692392041 -0.221712129897047 0.505892964309203 -0.0633736890693073
0.553271333034842 -0.127359671249476 0.0326470178366238 -0.153501880537946
0.355418866608595 -0.383958626806451 0.0472648558590294 0.007936298910341
-0.0226675828718586 -0.482634984844374 0.10126194078308 0.0201738769862721
-0.383419009656704 -0.197435650305904 0.0949502442528539 -0.0364150265877078
-0.409546093990028 0.181110929888991 0.0711092946102107 -0.0593210214212107
-0.206221844896492 0.395553653671387 0.0678046218904294 -0.100677139343223
-0.000921844235295104 0.409736936856963 0.0607314634334653 -0.127244788040799
0.0621909918142363 0.410387349278225 0.0562718733927245 -0.104797200612064
0.0212947455245637 0.427220741720083 0.0685367196015017 -0.0651858186588719
-0.160282015507692 0.51733575201334 0.0556236789310988 -0.00859146100647054
-0.461606944550183 0.351508718289732 -0.0261010990797012 0.0445910629035842
-0.589371788856857 -0.107377845119573 -0.097646475402545 -0.0303905630162631
-0.272189416128443 -0.64128808366855 -0.0416866506917257 -0.222250437408452
0.364280343794004 -0.644038197938237 0.154392074326689 -0.193420120563991
0.702034804541366 -0.311770761208478 0.270023541105257 0.00326511415743623
0.611693467425529 -0.170673296534964 -0.199940948919276 -0.075718322896156
0.380331432284448 -0.473270188438854 -0.0452855881250523 0.132319458763568
-0.0507776326286826 -0.562665014419735 0.0966863665202239 0.0762260696037132
-0.442706560970601 -0.223340824986623 0.058279619375736 -0.0476826169002698
-0.453994871504316 0.184352053048819 -0.0298801006499243 -0.00917871964298081
-0.229443669384821 0.415528309136293 0.0116691705128417 0.0430867230559221
-0.017654622151028 0.431936214479155 0.0593865246873586 0.0447866262532724
0.0365859351212139 0.42036843731528 0.0708236589564014 0.0667843297702083
-0.00303325404493078 0.422536720255549 0.0800396318079714 0.102041176133439
-0.16702780825117 0.496126027457853 0.0305024262072957 0.141696035136747
-0.436710440719866 0.338247612538927 -0.103501305033678 0.150910504711382
-0.542303442979746 -0.0840070865514929 -0.171205147863006 0.00522687624218705
-0.27270069337882 -0.572302013688452 -0.087936374817931 -0.167360166133985
0.303926588687637 -0.622528200398461 0.0501027240471065 -0.1050944150892
0.667433485418579 -0.334383641590799 0.0346892929099183 0.0860711037224867
0.567188872872979 -0.186144711954083 -0.444142082869152 0.00589537240977916
0.337419715276045 -0.4772912405641 -0.165719887666467 0.257953083819626
-0.0682753485879635 -0.527294008759636 0.0630296140458838 0.131438149038072
-0.408523159187039 -0.200975587473178 -0.00160798332969247 -0.044701392142332
-0.40915809420289 0.153634571795682 -0.137416779885895 0.0521575691986979
-0.210327877247672 0.358072940107827 -0.0490893610146467 0.190646584478875
-0.0299233437292584 0.384540887468575 0.0517802386499311 0.214482143127622
0.00458118598253226 0.367147180556229 0.0749120370342972 0.227857478244232
-0.028250207409334 0.354725302592008 0.0776879036791238 0.248946653242813
-0.154967719864659 0.391575823625969 0.000712612844369635 0.258650629007583
-0.346946914657109 0.254682106881131 -0.15783402369294 0.219171530380014
-0.395218850879448 -0.0701449416192223 -0.213137535204406 0.0247444623399791
-0.197948088311639 -0.410830342887688 -0.101524408957956 -0.110630648030596
0.214730436503533 -0.481220684788478 -0.0234366221190542 -0.0230445702232282
0.529380259584522 -0.2929403618254 -0.158038611650654 0.162406724581917
0.415965704604006 -0.170321630562286 -0.650991631489028 0.076340365323771
0.221269111924956 -0.371207024137588 -0.284655822460366 0.348885217151453
-0.0653624289311289 -0.364771017623657 0.00769399043562542 0.174204759565953
-0.274100926006204 -0.134737978561825 -0.0583187751234485 -0.0270696455244381
-0.276329317316223 0.0883037454253174 -0.220552366093652 0.105112300470292
-0.152589039553692 0.231972380482527 -0.0998508001552479 0.308279086533097
-0.038714767579541 0.2705754220727 0.0389934477622726 0.352484495947317
-0.0296639225656941 0.260782719446186 0.0679178273430318 0.35397139053318
-0.0500568395748991 0.239579995088674 0.0581539208473585 0.355043525724932
-0.12456803560386 0.235701681265351 -0.0357163466061003 0.326070681346208
-0.221870958120673 0.13207083260415 -0.192256878850299 0.236040147896091
-0.208868713641617 -0.0578870299744119 -0.219106503152308 0.0177187024840877
-0.0967206132765492 -0.216655715381991 -0.0889426775734808 -0.0663844827900172
0.109294902536141 -0.287183087547304 -0.0645069701711 0.0325276819222156
0.331395974813966 -0.212503190086785 -0.283518770192868 0.214656580899758
0.181919733872543 -0.120580091043565 -0.774869446738168 0.12158396387074
0.0568158772356383 -0.19105661290286 -0.374499850433481 0.397832935242246
-0.0497549955156733 -0.123895782189174 -0.0434695289489679 0.207588262455933
-0.0843554500028801 -0.0415389877221477 -0.0835662272569937 0.00143429485411792
-0.0925126520937564 0.00749273863278453 -0.252388354082334 0.132595748058379
-0.0703596288935865 0.0651156597675225 -0.129199711023153 0.370506401193588
-0.0444637074743769 0.112073552520375 0.0228274343453098 0.432915956175499
-0.0575685618530856 0.115154621560355 0.0523414910169792 0.425900834666413
-0.0588946064829037 0.0960957498892786 0.0256664572988288 0.409775954892312
-0.0736928496813231 0.0642428440667241 -0.0756018991063507 0.345599569413031
-0.0839169468135996 0.0173732946346909 -0.204860361218212 0.21270996061301
-0.039340751786013 -0.0277986433661943 -0.197347619001336 -0.00223689590793726
-0.0256338817949654 -0.0342752967287899 -0.0654586458352814 -0.030861484333139
-0.00417492679252797 -0.10478267239029 -0.083768834898896 0.0621771801374706
0.110342147885188 -0.122247501529137 -0.340409198441701 0.237171059965567
0.0677976417393942 0.0611659336126466 0.370052711286189 -0.272917447131344
0.107362107830564 -0.0159145469502151 0.0626899596111261 -0.167249019165368
0.0126703203858546 -0.0977517965739091 0.0414046188032485 -0.00936659796337434
-0.0838398420162567 -0.025367917616681 0.140014847472993 0.0305981106589978
-0.062548007696548 0.068754591646476 0.218745590689854 -0.138184209613512
-0.00581665379392826 0.0834016881181189 0.109867081862613 -0.333819473379728
0.04329803601425 0.0475158895920222 0.00859939406235317 -0.419755758568616
0.0706740663710572 0.0510697391681727 -0.0216667217752861 -0.432180081085387
0.0514897457543991 0.0755364522496263 0.00577024094489692 -0.419801491896922
-0.00350016423276093 0.124659390131169 0.11397464945759 -0.346930314882102
-0.092651270998267 0.0874015725286994 0.207332336417377 -0.18841348893
-0.13355665056101 -0.045858685419475 0.124207144404881 -0.0569682857648805
-0.00383177162525652 -0.156803733050635 0.108360720080518 -0.19959982220478
0.138158631808894 -0.0556384682126 0.385944551755415 -0.260583246777759
0.106715609873677 0.0386575734675366 0.764114246237589 -0.087697591765027
0.246397731908854 0.000969339081226412 0.321250241289996 -0.248430173090554
0.19620279844118 -0.12412400764736 0.0920005078538381 -0.139914188506943
0.0141125908870823 -0.214116133228212 0.0579405273098717 -0.0254978445171842
-0.175205108900241 -0.0831009998101116 0.115546382627125 0.0134554223899993
-0.183435869208862 0.112170717129787 0.189527552618941 -0.109509410122504
-0.0775775205621735 0.206421763050595 0.116553303582455 -0.286318837587778
0.0313446273416822 0.192262043418727 0.0337152346144491 -0.367467404314598
0.0769911832415167 0.205188801354226 0.00508739450082028 -0.371698925873827
0.0436078211174359 0.236158561945765 0.028837138742039 -0.348682057852795
-0.0779718312511031 0.301895084227584 0.10095216830509 -0.274812967223854
-0.268913056911043 0.189690677228171 0.144840359409817 -0.140944883436693
-0.33669559963211 -0.107396604144202 0.0682879659298479 -0.0671631328018172
-0.0811211848293407 -0.402580273069565 0.0766861410742428 -0.2393820268666
0.292168447028935 -0.300179537969308 0.347756184910945 -0.268443640520136
0.389851365438397 -0.0838955750798913 0.667805451060686 -0.0834929058675324
0.410831136245703 -0.0585996008903085 0.209254120304079 -0.209839797808964
0.282940485535075 -0.241306337053952 0.0911774813024728 -0.0841929573992801
0.00920175984039481 -0.341012025840478 0.0832717632560633 -0.0178418525095885
-0.271598014981317 -0.143973232552893 0.105303877927403 -0.0125462510091506
-0.302250438129856 0.146954046397685 0.141546797794232 -0.0860597589035064
-0.148531175398079 0.312476631726099 0.10266365981751 -0.210130150922569
0.0126366916163231 0.316610359141971 0.0521107898650603 -0.26748267253764
0.0719470172866171 0.330507898636654 0.0333660099301575 -0.257966009822365
0.0329019204219172 0.357345750449463 0.0504598388079644 -0.224370743393362
-0.132715057411293 0.438782374019948 0.0804570562765289 -0.15628926467287
-0.39812081469097 0.28334477981782 0.0631799423523667 -0.0594301052887323
-0.497755420908503 -0.127572312976739 -0.0106669777917708 -0.0582996387064326
-0.180263751378303 -0.57495759823024 0.0188482274021092 -0.249665708459113
0.369045104177259 -0.508571895854379 0.261392762789115 -0.248755316053885
0.595333534864088 -0.208471155442382 0.488912970967945 -0.0540802376623232
0.540699027043102 -0.112832816018676 0.0327638846339054 -0.152899787685314
0.35115103962822 -0.367134515370813 0.0463605777355817 0.00646607290141937
-0.0138072363824362 -0.471450749703188 0.101922982174338 0.0198184709895479
-0.371238201088488 -0.196684159413284 0.0930180262014403 -0.0348754976515937
-0.400723291498426 0.173165292658719 0.067268304032892 -0.0558301591258951
-0.202283658565609 0.384578696287845 0.0650377210949416 -0.0988862408992252
-0.00697324616196745 0.398713276812178 0.0592349393011699 -0.124002022180643
0.0553449468001353 0.402244403271854 0.0555724133496595 -0.104580848024608
0.0157352259224113 0.418964006662787 0.0687821369604356 -0.0659922553413916
-0.158209043646681 0.505103959275304 0.0554250542996278 -0.00865553398038081
-0.453010905918047 0.341420067396887 -0.0227168299017979 0.0455104528461872
-0.572533275743276 -0.111398449376382 -0.0960575255078374 -0.0299026750677135
-0.257628948189639 -0.631432474752092 -0.044392102934541 -0.220892085738369
0.364988432177006 -0.624179813770359 0.14967795080377 -0.186770433188795
0.686149674980109 -0.294647618447017 0.257696318873687 0.00819454658498907
0.598162532331618 -0.153680298341138 -0.193611093491856 -0.0814800626924506
0.37772246018583 -0.455570554304509 -0.0456816556200982 0.126960406007548
-0.0432380869864525 -0.551708923070458 0.0982314094311034 0.0749051182588975
-0.428245379565273 -0.221929342486744 0.0573629191394712 -0.0460922852680708
-0.44432196791887 0.178445790106711 -0.0316693500661593 -0.00825652519781208
-0.224895310371879 0.402366021518013 0.0095925209956535 0.04009236885136
-0.0229057704298341 0.4214342616691 0.0569016858662731 0.0435132102643433
0.0305572517192137 0.413170783438745 0.0689635194327625 0.0641113332774259
-0.00855136717256495 0.413598220059432 0.0780661912154967 0.0988439462604166
-0.163373548876521 0.484499911728973 0.0300948768163412 0.137001226478673
-0.427333700014453 0.329738354140842 -0.0983004476488598 0.147939315782831
-0.528287787330397 -0.0891210421872285 -0.16839562427548 0.00457912839669802
-0.25822694147762 -0.563165663811702 -0.0903548966683238 -0.168004531883217
0.305307547093193 -0.604751461367661 0.0449859865013173 -0.100536774642615
0.652813282701455 -0.316905216991818 0.0278147674283307 0.0851606609951776
0.556047082590482 -0.171083366286953 -0.432013836650254 -0.00485887985788762
0.335383650116283 -0.457441676848237 -0.164261797087892 0.247415739614442
-0.0601771820505813 -0.518048659730359 0.0645877835224239 0.128822200084728
-0.39703172055936 -0.201343468984252 -0.000998853339046712 -0.0432452155198629
-0.399839742894218 0.14639045984171 -0.137622386212214 0.0510520472879901
-0.207479719352438 0.345541529295622 -0.0499955872630593 0.1831890209279
-0.0327884012754013 0.374610083944067 0.0477939164521192 0.209626570211428
-0.00129840495121441 0.361868794496923 0.071854553520298 0.222806402350204
-0.0324770369534334 0.347662798841592 0.0742667119486606 0.242674278428395
-0.152380075596847 0.382003467228811 -3.29532351091035E-05 0.252024437721008
-0.339042469128688 0.247274989836469 -0.152832195457132 0.214638586311959
-0.384298026808347 -0.0719292407509237 -0.209556940779253 0.0234641039988638
-0.189952419075907 -0.406397429152515 -0.103948067317431 -0.112272732041037
0.216135567117843 -0.466262223310356 -0.027626942993513 -0.0211381547958493
0.518790936866255 -0.279581597403151 -0.158145156603405 0.157030309831048
0.409094124702647 -0.158238211499354 -0.63542969556751 0.0613547206222322
0.219144477195714 -0.35731657127837 -0.282006490828246 0.33632093030619
-0.0596223505619589 -0.358373524710109 0.00927803877321536 0.170492956333819
-0.265446157159483 -0.133991566228276 -0.0567599313392945 -0.0268288795932413
-0.27033225693186 0.0837815192447064 -0.218140179050978 0.101598316003246
-0.150600747214563 0.223328412176789 -0.0999545531051413 0.297276063512649
-0.040371967045459 0.263768928596511 0.0338226533297063 0.343820121538355
-0.0321803482027322 0.256933380334756 0.064672879679057 0.348424898100699
-0.0532582151314585 0.235041106004869 0.054197668679164 0.346924960408263
-0.121947503243314 0.229422022368801 -0.036533584384407 0.317256941677069
-0.215715691248927 0.127766780875132 -0.185882575751755 0.229617383407979
-0.202379030217455 -0.0574167172289523 -0.214444827324828 0.0164642961465582
-0.0931678752211503 -0.212506277212486 -0.0901067273969798 -0.0682786330395576
0.110086056226577 -0.278729765413352 -0.0673915430199302 0.0326455472626353
0.32427802728253 -0.202265857402708 -0.277920342262053 0.205744580156633
0.180431133367711 -0.113784562778728 -0.754794336363182 0.105998648571039
0.0566885903882592 -0.184948204690706 -0.370102711913622 0.382549823633249
-0.0474367488900274 -0.122804593082951 -0.0419394284751071 0.203625572829132
-0.0818454079632119 -0.0414025020119785 -0.0814336874172983 0.00058906560217487
-0.0903015073974474 0.00668731232937931 -0.250017520837481 0.127279058025823
-0.0698480085952795 0.0619118141798574 -0.128206182334445 0.35767238894755
-0.0440290125855027 0.108875375943681 0.0185390211516389 0.422901396633208
-0.0579003922010543 0.114152400737646 0.0491385890589421 0.420062105408274
-0.0600665578821753 0.093926952726827 0.0221940919887367 0.401820586138659
-0.0724162492513709 0.0621957247866487 -0.0748702617823902 0.3363144480899
-0.0806726388351633 0.0161872831862174 -0.198725289323299 0.206431330525677
-0.0374706104189311 -0.0270035314890321 -0.192797236063672 -0.00240272154443016
-0.0258383207705777 -0.0333220560314708 -0.0659506007965892 -0.0322708639725811
-0.00323782800181664 -0.10186404675571 -0.0849670623176471 0.0618553334850333
0.109208238452006 -0.118011014420566 -0.330775699153694 0.226744629460726
0.0665579316945483 0.0641830118866734 0.378174916068478 -0.265596709891491
0.110599678161198 -0.0145472068959196 0.0664984601056748 -0.167280647894993
0.0156335085487409 -0.0984977847137221 0.0418003061061892 -0.01014716322748
-0.0846434418994586 -0.0274650925499181 0.14102907492611 0.0326920841947076
-0.064383874334987 0.0684025363031838 0.223746024904967 -0.136074018932622
-0.00707027157968155 0.0849998610049338 0.114568146070159 -0.333620675747094
0.0414872206051753 0.0493340026317069 0.0153661683723434 -0.425252662080558
0.070259164534605 0.0519904768302621 -0.015051105430238 -0.442291083939691
0.0518965622207046 0.0769939282239588 0.0149400289117382 -0.426111852242881
-0.00465733886202664 0.12677016998548 0.1227023014735 -0.34799070152144
-0.0955315945001196 0.0870001240725773 0.213371767470355 -0.186450941677355
-0.134382030045996 -0.0494024298915014 0.12612657041343 -0.0557394073536148
0.00113026852161949 -0.159680740088722 0.113665699154683 -0.20073808414622
0.141374550129564 -0.0526814438327362 0.400242024355683 -0.255499484622979
0.105614119780426 0.0428515666943839 0.770665876179272 -0.0682198104164048
0.248866100230093 0.00826358172162492 0.328056486321386 -0.243200715129598
0.202834814159287 -0.120353682513701 0.0958622664095549 -0.139008755115563
0.0207370167731721 -0.21692843470217 0.0601554549733932 -0.0268074154819508
-0.174544498390329 -0.0879425170774878 0.116891987872362 0.0146799974241916
-0.187065704906995 0.110709201345539 0.193113717426563 -0.106481354321212
-0.0815077154671355 0.208427043432925 0.121039009809954 -0.28662829914567
0.0262361671039317 0.195585983921939 0.0397912977928926 -0.372241226778753
0.0731448672961005 0.209858906361451 0.010600193560139 -0.38172370764512
0.0401355247265043 0.239701052862444 0.0366034544335995 -0.354866745556606
-0.0825133209204389 0.305361052826851 0.108800801779283 -0.276898402263604
-0.27614507367059 0.188791092742186 0.150265444915505 -0.138954995335345
-0.338535110795049 -0.116307339663049 0.0685159149491555 -0.0665544582724373
-0.0725802960111982 -0.411563427850198 0.0799459115420413 -0.242253560775753
0.304349399740609 -0.297764786041207 0.360360680864891 -0.265731273900575
0.39436958379984 -0.0749574117159398 0.674235143270853 -0.0670923433251526
0.416968084323231 -0.046787029349007 0.215400739364525 -0.208576486044937
0.291674372413231 -0.23586395722236 0.0949057912574053 -0.0837320971730983
0.018649993047586 -0.345652070232893 0.0869773926712705 -0.0176665091852001
-0.270167898558094 -0.151640825355292 0.107418823890516 -0.0117593122122305
-0.30760378997712 0.143382982236965 0.143330071658242 -0.0831718134434518
-0.155776438807987 0.313537000906676 0.106059384225667 -0.210252724232862
0.00464927151422837 0.320755862343134 0.0572607258693349 -0.269970095826358
0.0646529340698783 0.337132098369962 0.0375794301805198 -0.264874187090919
0.0258182000033436 0.363380596592951 0.0573245326982345 -0.228276005597525
-0.140251188238132 0.443417552964503 0.0855720821586826 -0.15719457477286
-0.408017527468752 0.281918466912438 0.0675494061536683 -0.0577157817012418
-0.501075316312768 -0.139974544604747 -0.0109628995319042 -0.059447835364734
-0.169560701961533 -0.590276709479777 0.019739248629468 -0.254537167237384
0.388492340911285 -0.508304188869405 0.270695766999789 -0.244235981369678
0.604531501951989 -0.19196161465378 0.489863833707138 -0.0402399143300914
0.550138651323017 -0.0981606436656098 0.0357497896041533 -0.157081924248004
0.364377843975002 -0.359877291577046 0.0467263900970319 0.00686571225933762
-0.0013403235972319 -0.477905529779517 0.106232687343284 0.021124470119336
-0.370567468393435 -0.206551994451878 0.0955637282679418 -0.0343190553327735
-0.407789470256167 0.167839168662313 0.0678820894445851 -0.0535961675065312
-0.213177507652767 0.385726033143008 0.0662647274871498 -0.0997267594247967
-0.0180175981525969 0.404067558404107 0.0618100039730537 -0.124978571850059
0.0466513550765784 0.412204840469895 0.0572231830403765 -0.107816199641653
0.00631947676136317 0.426045973312043 0.0719734786268807 -0.0669385109216497
-0.166514386834876 0.509469728183045 0.0575628105824708 -0.00867532663030757
-0.464460531086438 0.339197382013569 -0.0211113797369273 0.0473333730290321
-0.578163469781001 -0.124134536789215 -0.0986038468352049 -0.0320974367839647
-0.245383606989932 -0.650177133084655 -0.0463261664165948 -0.227732586642936
0.386087677690652 -0.626277804301472 0.153523140336204 -0.183384306837427
0.698124057397147 -0.279551627922445 0.255577056823843 0.016829857216148
0.61040155325152 -0.137171465421756 -0.194146495214241 -0.0911656486762451
0.394505527819138 -0.448735630059568 -0.0484161942435655 0.126170920590043
-0.0290461820860873 -0.559974198996726 0.10198186423345 0.07714820880692
-0.427641979321187 -0.23390428408424 0.0599746351101961 -0.0457730757125574
-0.452326907610162 0.170869247688142 -0.0337490604135037 -0.0070868444124991
-0.235729634513359 0.402012826742867 0.00725643481471442 0.0385402304563058
-0.032792426653035 0.426351331289332 0.0561888584691946 0.0450293849062897
0.0195377038011112 0.422813181632087 0.0680593384502518 0.0654787502408357
-0.0180192304698498 0.420695004750743 0.0784265866378786 0.100020770562171
-0.172238550813651 0.488579937122109 0.0290761108334513 0.139144413858436
-0.437613248770294 0.327527714198147 -0.0982061643050958 0.149822177798031
-0.532851692947711 -0.100486454975665 -0.172217599356514 0.00215652982852813
-0.248633599220429 -0.579272317579918 -0.0950879944971804 -0.174428087218003
0.32448518971152 -0.60537580563885 0.0445130428067941 -0.0984487145714733
0.663248718194475 -0.302803901837918 0.0230295403428255 0.0889261588812175
0.569549518954446 -0.155693134093639 -0.437571170888711 -0.0205138892089338
0.350188156154259 -0.453700425204612 -0.171962794673624 0.246029842095895
-0.046590780477047 -0.528315260883762 0.0672111851773435 0.131691719063428
-0.396233123330281 -0.211398153075934 0.000572023800746464 -0.0438974877435593
-0.408618085817134 0.141284920348724 -0.142234428512788 0.0508831698970046
-0.218505676923978 0.347316862987782 -0.0550254173989569 0.180865349807571
-0.0424754948568928 0.378342962954673 0.0435408100251484 0.212394606188078
-0.0101286848744024 0.370211376043285 0.06885152116296 0.227997688651811
-0.0425431405770989 0.352704055991173 0.0713308788317479 0.246464456109945
-0.159164228102823 0.384424546136527 -0.00359240711745514 0.253899716574022
-0.345802686009929 0.244327752563807 -0.15526671437087 0.215250991918368
-0.386114047996205 -0.0815023891041391 -0.213987949448121 0.0207905844897417
-0.182411692792881 -0.416498034708404 -0.109231075256929 -0.117849532898676
0.231091371633761 -0.467750570816372 -0.0308568351421106 -0.0192409289529666
0.52802345249862 -0.269560397292988 -0.164942870237688 0.156592994455682
0.419618830961465 -0.146777943724461 -0.643269361634702 0.0413652682672221
0.230466136676889 -0.355734600384071 -0.292498711345675 0.333303706563352
-0.0517703757880536 -0.365350884687317 0.00966919414929315 0.172495085076317
-0.265619638780698 -0.141908734850475 -0.0561650457054472 -0.0278565194129623
-0.27536683036352 0.0798431264871888 -0.224869172631398 0.100152462498597
-0.158368250024116 0.222830931670272 -0.107924691201458 0.296078441893593
-0.0462361701489796 0.266110184618095 0.0272037301119574 0.349220162084902
-0.0383273636009281 0.26331891237698 0.059824554563247 0.356083832366029
-0.0603672613838723 0.238204193072153 0.0482567816395352 0.352445409760163
-0.12605353997194 0.229784646831973 -0.0424022249394069 0.319834729698198
-0.218795985250049 0.126339398638123 -0.189504290857732 0.230656422798372
-0.202280237064841 -0.0618375835147484 -0.218182063515383 0.0142168561692349
-0.0908564262770465 -0.21734987493264 -0.094050084798738 -0.0722167443080603
0.117484986252229 -0.278359989508381 -0.0717714313815871 0.0337921425118485
0.330786858564042 -0.196934027652744 -0.284090789396003 0.201479247542867
0.187145099646543 -0.110625621808317 -0.765693851386523 0.0833637370715105
0.0610956257509696 -0.184577851881599 -0.383333848021295 0.378533016672818
-0.0458988557545358 -0.125950660287609 -0.0453463746778706 0.206397873823218
-0.0823833066334131 -0.0435005932302352 -0.0823364758786359 -0.000322010973975634
-0.0913377739696686 0.00439605734520253 -0.257239239776548 0.124477464992972
-0.0729740617921313 0.0601937605717138 -0.137420285652701 0.356338661259449
-0.0461700442562106 0.109310884089754 0.010289433374795 0.428783076223244
-0.0612782330839503 0.116817344023422 0.0424610066376282 0.429938512577845
-0.0640315394726409 0.095760531107901 0.0152343799384529 0.408324048343607
-0.0747617450505968 0.0609264905711122 -0.0811520470213463 0.338159716601216
-0.0803200650042616 0.0149826834288844 -0.203220604268968 0.205718895491222
-0.0362700493760837 -0.027430586007408 -0.195365269725237 -0.0043234845723028
-0.0267965744602926 -0.033214148235574 -0.0684122174660971 -0.0350400104241336
-0.000919708897152708 -0.103341547769807 -0.0898384209372806 0.06294304874186
0.113247502692081 -0.117367284432082 -0.336431349245081 0.220039730391324
