TRXV5
3
4
4
9
string Extension=J
integer IsArchMeasurement=1
integer IsSpherical=1
string Generator=SPM
string GeneratorVersion=1.3.1 Dev
double ArchRadius=0.449999988079071
integer FrequencyAxisIndex=0
integer AzimuthAxisIndex=1
integer ElevationAxisIndex=2
Frequency
5 136 690000000 960000000 LIN
Azimuth
7 8 0 2.74889357189107 LIN
Elevation
7 15 -2.74889357189107 2.74889357189107 LIN
Polar H Real Part
13
Polar H Imaginary Part
14
Polar V Real Part
13
Polar V Imaginary Part
14
Polar H Magnitude (dB)
12 0xC0000002 0 1
Polar H Phase
7 0xC0000003 0 1
Polar V Magnitude (dB)
12 0xC0000002 2 3
Polar V Phase
7 0xC0000003 2 3
0.0355339050292969 0.0211067199707031 0.026702880859375 0.102882385253906
0.0572662353515625 -0.005462646484375 0.0351676940917969 0.0462265014648437
0.0213356018066406 -0.04620361328125 -0.00302696228027344 -0.0211620330810547
-0.0178718566894531 -0.0402679443359375 -0.0558738708496094 -0.00887680053710937
-0.0289173126220703 -0.0196094512939453 -0.0603370666503906 0.0383071899414063
-0.0351600646972656 -0.0020599365234375 -0.0427932739257812 0.08697509765625
-0.0255203247070313 0.0128116607666016 -0.00679016113281251 0.111930847167969
-0.0233860015869141 0.00566291809082031 0.0108184814453125 0.111404418945313
-0.0238533020019531 -0.00141525268554688 0.000946044921875 0.103485107421875
-0.0180091857910156 -0.00815391540527344 -0.0287322998046875 0.0853042602539062
-0.00523090362548828 -0.0110549926757813 -0.0388336181640625 0.0518951416015625
0.00303936004638672 -0.00896835327148438 -0.0284595489501953 0.0213394165039062
0.0103015899658203 0.00248336791992187 -0.00397491455078125 0.035919189453125
0.00722694396972656 0.0235500335693359 -0.0115127563476563 0.119377136230469
-0.012725830078125 0.0313549041748047 -0.109359741210938 0.15191650390625
0.0553703308105469 -0.0420761108398437 0.0307235717773438 0.101654052734375
0.0550270080566406 -0.0633468627929688 0.0366592407226563 0.0479049682617187
-0.000885009765625009 -0.083984375 0.00417613983154297 -0.00879096984863282
-0.0552825927734375 -0.0578269958496094 -0.0405654907226563 -0.00112533569335938
-0.0658531188964844 -0.0121269226074219 -0.0426712036132813 0.0349082946777344
-0.0635223388671875 0.0322036743164062 -0.0298233032226563 0.0788955688476563
-0.0363616943359375 0.0540428161621094 0.002838134765625 0.0975189208984375
-0.0321884155273438 0.0427436828613281 0.01947021484375 0.0963516235351563
-0.0368232727050781 0.0409088134765625 0.0114288330078125 0.0925674438476563
-0.0440139770507813 0.0297813415527344 -0.0168685913085938 0.0806655883789063
-0.04364013671875 0.00736999511718749 -0.0249252319335937 0.0516738891601563
-0.0429000854492188 -0.0124664306640625 -0.0191841125488281 0.0299129486083984
-0.0234909057617187 -0.0365219116210938 -0.00242233276367188 0.0535964965820313
0.00146102905273437 -0.0393943786621094 -0.0167312622070313 0.126762390136719
0.00277328491210937 -0.0369491577148438 -0.111129760742188 0.154144287109375
0.0651168823242188 -0.10186767578125 0.0395355224609375 0.0830154418945313
0.043548583984375 -0.114669799804688 0.0368423461914063 0.0400238037109375
-0.0257034301757813 -0.111625671386719 0.00826406478881836 0.00279521942138671
-0.0869140625 -0.0662841796875 -0.0221309661865234 0.00907516479492188
-0.0934677124023437 -0.00216674804687499 -0.0188827514648438 0.0288715362548828
-0.0829391479492188 0.0617294311523438 -0.0114326477050781 0.0597114562988281
-0.0421829223632813 0.08685302734375 0.012298583984375 0.0684547424316406
-0.0371322631835937 0.0725784301757813 0.0253562927246094 0.0672836303710938
-0.0448837280273438 0.076812744140625 0.0192718505859375 0.0667686462402344
-0.0640029907226562 0.0640678405761719 -0.002349853515625 0.0630722045898438
-0.0770187377929688 0.0259933471679688 -0.00661849975585938 0.0425987243652344
-0.0847930908203125 -0.0138626098632812 -0.00471305847167969 0.0343608856201172
-0.0558319091796875 -0.0710983276367188 0.00187301635742187 0.0669403076171875
-0.00540924072265624 -0.0972213745117188 -0.02197265625 0.120643615722656
0.0160980224609375 -0.100975036621094 -0.106086730957031 0.136085510253906
0.0640716552734375 -0.149185180664063 0.0490074157714844 0.0483932495117188
0.02197265625 -0.153060913085938 0.0324039459228516 0.02154541015625
-0.05364990234375 -0.123611450195313 0.00894641876220703 0.0125617980957031
-0.109992980957031 -0.0624847412109375 -0.00129699707031251 0.0181045532226562
-0.108345031738281 0.0111236572265625 0.00775718688964843 0.0192947387695313
-0.0896987915039063 0.0836181640625 0.00842285156249999 0.0322055816650391
-0.041717529296875 0.106758117675781 0.0205059051513672 0.0297050476074219
-0.0369873046875 0.09210205078125 0.0268096923828125 0.0272922515869141
-0.0462722778320313 0.101554870605469 0.0245761871337891 0.0296344757080078
-0.0745468139648438 0.08843994140625 0.0127887725830078 0.0340175628662109
-0.0989532470703125 0.0407943725585937 0.0140666961669922 0.0255508422851563
-0.1142578125 -0.0119094848632813 0.0133590698242187 0.0335865020751953
-0.080718994140625 -0.0947647094726563 0.00710296630859375 0.0724639892578125
-0.0122909545898438 -0.139129638671875 -0.025848388671875 0.099517822265625
0.025177001953125 -0.148727416992187 -0.0921249389648438 0.0992050170898437
0.05218505859375 -0.176025390625 0.0563240051269531 0.000968933105468739
-0.0036468505859375 -0.170684814453125 0.0235519409179688 -0.00487136840820314
-0.07684326171875 -0.118362426757813 0.00660324096679687 0.0181236267089844
-0.119606018066406 -0.0476150512695313 0.0192604064941406 0.0226974487304687
-0.1072998046875 0.0250473022460937 0.0316543579101562 0.00474929809570313
-0.082122802734375 0.0947113037109375 0.0258350372314453 -0.000850677490234369
-0.033782958984375 0.111465454101563 0.0247592926025391 -0.0137195587158203
-0.0315093994140625 0.097320556640625 0.0241641998291016 -0.0173454284667969
-0.0413665771484375 0.109672546386719 0.0258960723876953 -0.0130157470703125
-0.0719985961914062 0.0980758666992188 0.0274696350097656 -0.00154876708984374
-0.102951049804688 0.0485000610351562 0.0341091156005859 0.00234413146972657
-0.123725891113281 -0.00773620605468748 0.0315952301025391 0.0261497497558594
-0.09075927734375 -0.101661682128906 0.0133171081542969 0.068756103515625
-0.0173797607421875 -0.157577514648438 -0.0286369323730469 0.0670928955078125
0.0273284912109375 -0.173187255859375 -0.0724563598632813 0.0498199462890625
0.0350189208984375 -0.1746826171875 0.0614280700683594 -0.0514678955078125
-0.0229949951171875 -0.161468505859375 0.0129051208496094 -0.034912109375
-0.0844955444335938 -0.0989456176757812 0.00211715698242187 0.0160236358642578
-0.110649108886719 -0.0279769897460938 0.0342330932617188 0.0194549560546875
-0.0915145874023438 0.0343017578125 0.0482444763183594 -0.0130691528320312
-0.0634689331054688 0.0912933349609375 0.0359306335449219 -0.0341720581054687
-0.02130126953125 0.0996322631835937 0.0227737426757812 -0.05523681640625
-0.0209426879882813 0.0873260498046875 0.0182723999023438 -0.0592384338378906
-0.0298004150390625 0.09893798828125 0.0251388549804688 -0.0537223815917969
-0.0572891235351562 0.0894241333007813 0.0395431518554687 -0.036865234375
-0.0878677368164062 0.0472030639648438 0.0507469177246094 -0.0200729370117188
-0.108993530273438 -0.001708984375 0.0457878112792969 0.0169563293457031
-0.085418701171875 -0.087921142578125 0.0169525146484375 0.0578079223632812
-0.0205841064453125 -0.146560668945313 -0.0298080444335938 0.0284557342529297
0.022552490234375 -0.169265747070313 -0.0492591857910156 -0.00338745117187502
0.017120361328125 -0.145370483398438 0.0658187866210938 -0.10052490234375
-0.0304107666015625 -0.127830505371094 0.00460815429687499 -0.0643730163574219
-0.0735015869140625 -0.0684967041015625 -0.00278949737548829 0.00682783126831054
-0.0844345092773438 -0.00974273681640625 0.0428504943847656 0.0106086730957031
-0.0626296997070313 0.0347213745117188 0.0553245544433594 -0.0311393737792969
-0.0380935668945313 0.0732421875 0.0377845764160156 -0.0636634826660156
-0.00672912597656249 0.0730438232421875 0.016265869140625 -0.0882186889648438
-0.007476806640625 0.0638046264648438 0.00894165039062499 -0.0921478271484375
-0.0140838623046875 0.0719985961914062 0.0208282470703125 -0.0862655639648438
-0.0310134887695312 0.0665206909179688 0.0472755432128906 -0.0647468566894531
-0.0547370910644531 0.0393028259277344 0.0604972839355469 -0.0360488891601563
-0.0748519897460938 0.00723266601562498 0.0539817810058594 0.00951004028320313
-0.0674819946289063 -0.0564994812011719 0.0174217224121094 0.0433845520019531
-0.0239791870117187 -0.110183715820313 -0.0292320251464844 -0.0080699920654297
0.00946807861328125 -0.139450073242188 -0.0273284912109375 -0.0507659912109375
-0.000465393066406258 -0.0927352905273438 0.070892333984375 -0.136978149414063
-0.0263595581054688 -0.07525634765625 0.00225067138671874 -0.0882644653320313
-0.0472183227539063 -0.032745361328125 -0.00692224502563477 -0.00711870193481445
-0.045135498046875 0.00393676757812501 0.0432891845703125 -0.00262832641601562
-0.0276432037353516 0.0261554718017578 0.053466796875 -0.0449371337890625
-0.0101165771484375 0.0426902770996094 0.0327377319335938 -0.0840072631835938
0.0067596435546875 0.0355606079101563 0.00651550292968751 -0.107421875
0.00656318664550781 0.0303936004638672 -0.000839233398437505 -0.110671997070313
0.00501632690429687 0.0338649749755859 0.0151214599609375 -0.1041259765625
0.00189971923828125 0.0354080200195313 0.04937744140625 -0.0798873901367188
-0.0132579803466797 0.0289554595947266 0.062286376953125 -0.0435562133789062
-0.03131103515625 0.0207614898681641 0.0536956787109375 0.00501632690429688
-0.0459518432617188 -0.0140342712402344 0.0136833190917969 0.0276241302490234
-0.0312309265136719 -0.0579757690429688 -0.027923583984375 -0.0355491638183594
-0.0101547241210937 -0.0923843383789063 -0.01129150390625 -0.0857391357421875
0.0431480407714844 0.0205192565917969 0.0418014526367187 0.101760864257813
0.0638427734375 -0.0126495361328125 0.0443878173828125 0.043121337890625
0.0193138122558594 -0.0537109375 -0.00461769104003906 -0.0219955444335938
-0.0244522094726562 -0.04345703125 -0.0581932067871094 -0.00403594970703124
-0.0353164672851562 -0.0187263488769531 -0.0574569702148438 0.0444412231445313
-0.0406570434570312 0.00223922729492187 -0.0340957641601563 0.0928573608398438
-0.02838134765625 0.0177211761474609 0.00565338134765624 0.114387512207031
-0.0266017913818359 0.00990867614746094 0.024200439453125 0.112075805664063
-0.0291633605957031 0.00156974792480469 0.01300048828125 0.105148315429687
-0.0229911804199219 -0.0083770751953125 -0.0193634033203125 0.090789794921875
-0.0069875717163086 -0.0148963928222656 -0.0337677001953125 0.0584945678710937
0.00368213653564453 -0.012725830078125 -0.0280246734619141 0.0263423919677734
0.0157575607299805 0.00215244293212891 -0.00290679931640625 0.0368080139160156
0.0145015716552734 0.0279102325439453 -0.00119781494140624 0.120063781738281
-0.00694656372070312 0.0389175415039063 -0.0979461669921875 0.16180419921875
0.0556526184082031 -0.0453758239746094 0.0471343994140625 0.101188659667969
0.0551910400390625 -0.0710296630859375 0.0465164184570313 0.0454292297363281
-0.00677490234375 -0.0892791748046875 0.00539779663085937 -0.0104818344116211
-0.0633621215820313 -0.0566215515136719 -0.0409049987792969 0.00279235839843749
-0.0715789794921875 -0.00698089599609376 -0.0384902954101563 0.0397720336914063
-0.0649223327636719 0.0405845642089844 -0.0205764770507813 0.0822525024414063
-0.0347747802734375 0.059844970703125 0.0155410766601562 0.0974349975585938
-0.031097412109375 0.0474205017089844 0.0325469970703125 0.095550537109375
-0.03680419921875 0.0459060668945313 0.0237808227539062 0.0926666259765625
-0.0444107055664062 0.03350830078125 -0.00601959228515626 0.0853347778320312
-0.0441169738769531 0.00888824462890625 -0.018798828125 0.0572967529296875
-0.0430755615234375 -0.0110359191894531 -0.0167770385742188 0.0351829528808594
-0.0233097076416016 -0.0341167449951172 0.00127410888671875 0.0564117431640625
0.00149917602539063 -0.035675048828125 -0.00493621826171875 0.130027770996094
0.000978469848632811 -0.0324916839599609 -0.09991455078125 0.16668701171875
0.0580062866210937 -0.107398986816406 0.0549774169921875 0.0832443237304688
0.0366439819335938 -0.120498657226563 0.0463066101074219 0.0372161865234375
-0.0353851318359375 -0.113479614257813 0.0114231109619141 0.00153636932373046
-0.0955352783203125 -0.0609283447265625 -0.0194225311279297 0.0117568969726562
-0.0972824096679688 0.00618743896484375 -0.0136127471923828 0.0311717987060547
-0.0797195434570313 0.0716323852539063 -0.00252151489257813 0.0604743957519531
-0.035614013671875 0.0933685302734375 0.0228919982910156 0.0664863586425781
-0.0316619873046875 0.0789413452148438 0.0359878540039062 0.0640716552734375
-0.0395965576171875 0.0837554931640625 0.0303192138671875 0.0650749206542969
-0.0597152709960937 0.07122802734375 0.0076904296875 0.0656585693359375
-0.0761566162109375 0.0323486328125 -0.000610351562500002 0.0471267700195313
-0.0860366821289063 -0.00657653808593748 -0.00120544433593751 0.0395240783691406
-0.0603828430175781 -0.0659751892089844 0.00726318359374999 0.0707855224609375
-0.0122756958007813 -0.0948867797851563 -0.0112152099609375 0.1258544921875
0.00690460205078126 -0.099639892578125 -0.0961151123046875 0.149383544921875
0.0503387451171875 -0.156295776367188 0.0621490478515625 0.0485382080078125
0.00843811035156249 -0.156890869140625 0.0405197143554688 0.0199699401855469
-0.0653533935546875 -0.122077941894531 0.0137510299682617 0.011570930480957
-0.118202209472656 -0.0532302856445312 0.00317382812499999 0.0192527770996094
-0.109573364257813 0.0220870971679688 0.0132007598876953 0.0187969207763672
-0.0822830200195313 0.094329833984375 0.0163593292236328 0.0302944183349609
-0.0308456420898438 0.112907409667969 0.0276527404785156 0.0252246856689453
-0.0277557373046875 0.0980453491210938 0.0339679718017578 0.0230026245117188
-0.0365447998046875 0.108772277832031 0.0322837829589844 0.0266571044921875
-0.066253662109375 0.0987091064453125 0.0211410522460938 0.0347175598144531
-0.09613037109375 0.0511398315429687 0.0204086303710937 0.0271205902099609
-0.116569519042969 -0.000778198242187486 0.0183181762695312 0.0366630554199219
-0.0892333984375 -0.087249755859375 0.0147705078125 0.0766830444335937
-0.0253753662109375 -0.138786315917969 -0.0169601440429688 0.106330871582031
0.00981140136718751 -0.151519775390625 -0.0860671997070312 0.112068176269531
0.0332183837890625 -0.183395385742188 0.0645484924316406 0.00148010253906249
-0.0219573974609375 -0.171783447265625 0.0284023284912109 -0.00463485717773439
-0.0894775390625 -0.112579345703125 0.0123004913330078 0.0173759460449219
-0.126396179199219 -0.0355148315429688 0.0243968963623047 0.0218086242675781
-0.10638427734375 0.0374298095703125 0.0363883972167969 0.002105712890625
-0.0709991455078125 0.105148315429688 0.0307331085205078 -0.00477409362792968
-0.02001953125 0.116195678710938 0.0263385772705078 -0.0191802978515625
-0.0200576782226562 0.102516174316406 0.0262222290039063 -0.0221977233886719
-0.0288925170898438 0.116203308105469 0.0293560028076172 -0.017333984375
-0.0614395141601563 0.10809326171875 0.032470703125 -0.00389480590820312
-0.0991973876953125 0.0611801147460937 0.0392189025878906 0.0012054443359375
-0.12628173828125 0.00632476806640625 0.0368537902832031 0.0276985168457031
-0.102279663085937 -0.0920181274414062 0.0216522216796875 0.0720672607421875
-0.0344390869140625 -0.157684326171875 -0.0223922729492187 0.07421875
0.00851440429687499 -0.178146362304687 -0.0710525512695312 0.0602645874023438
0.01544189453125 -0.182846069335938 0.0629501342773438 -0.0513229370117188
-0.0435333251953125 -0.1617431640625 0.0133113861083984 -0.0334033966064453
-0.0975265502929687 -0.0906600952148438 0.00749015808105468 0.0165195465087891
-0.116172790527344 -0.014068603515625 0.0392990112304687 0.0175895690917969
-0.087860107421875 0.0465087890625 0.0513648986816406 -0.0173797607421875
-0.0505905151367187 0.100227355957031 0.0374717712402344 -0.0398292541503906
-0.00755310058593751 0.102737426757813 0.0201950073242187 -0.0605697631835937
-0.00962066650390624 0.0909423828125 0.0147323608398437 -0.063995361328125
-0.0171966552734375 0.104301452636719 0.0229377746582031 -0.0588531494140625
-0.0454254150390625 0.097930908203125 0.0405006408691406 -0.0415191650390625
-0.0829010009765625 0.0583953857421875 0.0535545349121094 -0.0239753723144531
-0.110321044921875 0.0119857788085938 0.0509490966796875 0.0156021118164063
-0.0961380004882812 -0.0782623291015625 0.0253791809082031 0.0596771240234375
-0.0378570556640625 -0.146697998046875 -0.0274677276611328 0.0351123809814453
0.00199890136718751 -0.175765991210937 -0.0530548095703125 0.004241943359375
-0.000259399414062496 -0.153060913085938 0.0615005493164062 -0.102317810058594
-0.04888916015625 -0.128067016601563 0.00144577026367187 -0.0627174377441406
-0.0851821899414062 -0.0606536865234375 0.000962734222412104 0.007659912109375
-0.0880203247070313 0.00264739990234376 0.0464439392089844 0.00687408447265625
-0.0587501525878906 0.0454635620117188 0.05535888671875 -0.0369300842285156
-0.025909423828125 0.0794525146484375 0.0351638793945313 -0.0693588256835938
0.005615234375 0.07415771484375 0.00847625732421875 -0.0928268432617188
0.00273513793945313 0.0655441284179688 0.000679016113281258 -0.0955734252929688
-0.00221252441406249 0.07452392578125 0.0142898559570313 -0.0908584594726562
-0.0202178955078125 0.0717697143554688 0.04425048828125 -0.0707473754882813
-0.0493812561035156 0.0477485656738281 0.0606040954589844 -0.0419731140136719
-0.0741653442382812 0.0188674926757812 0.0571174621582031 0.00600814819335938
-0.0754165649414062 -0.0469818115234375 0.023406982421875 0.0441017150878906
-0.0401458740234375 -0.109367370605469 -0.0317859649658203 -0.00205230712890626
-0.010162353515625 -0.145263671875 -0.0363998413085938 -0.0466232299804688
-0.012847900390625 -0.0990753173828125 0.0615997314453125 -0.141204833984375
-0.0393218994140625 -0.0760498046875 -0.00433349609375 -0.0878143310546875
-0.0558624267578125 -0.0280990600585937 -0.00448989868164063 -0.00650501251220703
-0.0477180480957031 0.0123329162597656 0.0453910827636719 -0.00742721557617188
-0.0241203308105469 0.03302001953125 0.0509223937988281 -0.051727294921875
-0.00130081176757812 0.0455284118652344 0.026031494140625 -0.08941650390625
0.0155982971191406 0.0345630645751953 -0.00467681884765624 -0.110771179199219
0.0136680603027344 0.0296764373779297 -0.0134735107421875 -0.113189697265625
0.0133895874023438 0.0332698822021484 0.00476837158203125 -0.107994079589844
0.0112228393554688 0.0360069274902344 0.0433883666992188 -0.0860137939453125
-0.00719261169433594 0.033203125 0.0601272583007813 -0.0493392944335938
-0.0279922485351563 0.0283222198486328 0.0559883117675781 0.000755310058593752
-0.0496406555175781 -0.0051727294921875 0.0171375274658203 0.0278377532958984
-0.0433692932128906 -0.0561485290527344 -0.0341510772705078 -0.0309810638427734
-0.0257797241210937 -0.0960845947265625 -0.0244674682617188 -0.0846328735351562
0.0498008728027344 0.0181503295898438 0.0546493530273438 0.0935134887695313
0.066497802734375 -0.0216522216796875 0.0507850646972656 0.0357742309570313
0.014862060546875 -0.0595970153808594 -0.00554656982421875 -0.02276611328125
-0.0306396484375 -0.0439720153808594 -0.0572776794433594 0.000865936279296874
-0.0403213500976563 -0.0159530639648438 -0.0519523620605469 0.0483016967773438
-0.0440826416015625 0.00833129882812501 -0.0247573852539063 0.0935287475585938
-0.0298805236816406 0.0228481292724609 0.0176849365234375 0.110069274902344
-0.0286617279052734 0.0143585205078125 0.035980224609375 0.106163024902344
-0.0330162048339844 0.006195068359375 0.0246963500976563 0.10150146484375
-0.0275192260742188 -0.00714683532714843 -0.00914764404296875 0.090606689453125
-0.0097951889038086 -0.0171737670898438 -0.0268783569335937 0.0616340637207031
0.00414466857910156 -0.0171880722045898 -0.0257396697998047 0.0300045013427734
0.0204086303710938 -0.000705718994140625 -0.00251388549804688 0.0368118286132813
0.02288818359375 0.0295143127441406 0.00765991210937499 0.114852905273437
0.00167083740234375 0.0445671081542969 -0.08343505859375 0.1634521484375
0.0547752380371094 -0.04693603515625 0.0615081787109375 0.0936279296875
0.0525665283203125 -0.0760650634765625 0.05426025390625 0.0380706787109375
-0.0132522583007813 -0.091094970703125 0.00576210021972656 -0.0118389129638672
-0.0692596435546875 -0.0528945922851563 -0.03875732421875 0.00634384155273437
-0.0736770629882813 -0.001129150390625 -0.0327606201171875 0.0411605834960938
-0.0629463195800781 0.04681396484375 -0.01092529296875 0.0807952880859375
-0.0305290222167969 0.0639686584472656 0.0254974365234375 0.09173583984375
-0.0291290283203125 0.0514450073242187 0.0435333251953125 0.0877532958984375
-0.0351333618164063 0.0497093200683594 0.03515625 0.086639404296875
-0.0435867309570313 0.0358047485351563 0.0048828125 0.083770751953125
-0.0434684753417969 0.00976562499999999 -0.010650634765625 0.0599288940429688
-0.0415458679199219 -0.00952911376953125 -0.012786865234375 0.0392189025878906
-0.0206871032714844 -0.0311470031738281 0.00452041625976562 0.0568923950195313
0.00355720520019532 -0.0313568115234375 0.00542449951171874 0.126853942871094
0.00170516967773438 -0.0262012481689453 -0.0841827392578125 0.170318603515625
0.0504379272460938 -0.107658386230469 0.0694122314453125 0.0764694213867188
0.0286636352539063 -0.121192932128906 0.0538368225097656 0.0306854248046875
-0.0420989990234375 -0.110572814941406 0.0138950347900391 -0.00113296508789063
-0.100006103515625 -0.0539932250976562 -0.015899658203125 0.0129880905151367
-0.0967788696289063 0.0139617919921875 -0.00767135620117188 0.0307712554931641
-0.0725173950195313 0.0778350830078125 0.00630569458007812 0.0569267272949219
-0.02728271484375 0.0955276489257812 0.0310897827148438 0.0589485168457031
-0.02508544921875 0.0811843872070313 0.0445594787597656 0.056121826171875
-0.0322418212890625 0.086334228515625 0.0395698547363281 0.058837890625
-0.0532455444335938 0.0747222900390625 0.0182571411132812 0.0640220642089844
-0.07177734375 0.0367660522460937 0.00765991210937499 0.0480308532714844
-0.083221435546875 -0.000213623046875014 0.00444793701171874 0.0422744750976562
-0.0607566833496094 -0.0584030151367187 0.0130996704101562 0.0710372924804688
-0.0167236328125 -0.0882568359375 -0.00020599365234374 0.124702453613281
0.000129699707031247 -0.0933303833007812 -0.0816192626953125 0.154983520507813
0.03570556640625 -0.15423583984375 0.0736160278320313 0.0441207885742187
-0.00430297851562502 -0.15234375 0.0470657348632813 0.0158004760742187
-0.0726852416992187 -0.113876342773438 0.0181617736816406 0.00839424133300781
-0.120285034179687 -0.0423126220703125 0.00730705261230468 0.0182342529296875
-0.105186462402344 0.0312271118164063 0.0182991027832031 0.0163516998291016
-0.070953369140625 0.0991668701171875 0.0229530334472656 0.0254535675048828
-0.0192337036132813 0.112846374511719 0.0315742492675781 0.0182209014892578
-0.0181808471679687 0.0990829467773438 0.0386238098144531 0.0157852172851563
-0.02532958984375 0.110580444335938 0.0381889343261719 0.0198631286621094
-0.0550308227539063 0.102249145507813 0.0290489196777344 0.0312824249267578
-0.0891494750976562 0.0584716796875 0.0269031524658203 0.0259838104248047
-0.112800598144531 0.0100860595703125 0.023529052734375 0.0378837585449219
-0.0917434692382813 -0.0766677856445313 0.0226364135742187 0.0765914916992188
-0.0350875854492187 -0.13079833984375 -0.00681304931640624 0.10797119140625
-0.0038909912109375 -0.145248413085937 -0.074920654296875 0.119705200195313
0.0142669677734375 -0.180038452148437 0.0717926025390625 -0.000160217285156261
-0.0383758544921875 -0.163223266601563 0.0335655212402344 -0.0060253143310547
-0.096527099609375 -0.101219177246094 0.0172519683837891 0.0150060653686523
-0.126121520996094 -0.0218734741210937 0.0288543701171875 0.0187950134277344
-0.099151611328125 0.0463180541992187 0.0401268005371094 -0.00177764892578125
-0.0569992065429688 0.107925415039063 0.0341625213623047 -0.0101661682128906
-0.00648498535156249 0.113761901855469 0.0268115997314453 -0.0249080657958984
-0.00859832763671874 0.1019287109375 0.0265350341796875 -0.0277900695800781
-0.0150146484375 0.116607666015625 0.0312175750732422 -0.0226612091064453
-0.047821044921875 0.110588073730469 0.0366783142089844 -0.00742340087890624
-0.089874267578125 0.0690383911132813 0.0429344177246094 -0.0012969970703125
-0.12158203125 0.0190963745117187 0.0419692993164062 0.0262565612792969
-0.106727600097656 -0.079010009765625 0.0304412841796875 0.0714111328125
-0.0477447509765625 -0.148941040039063 -0.0145645141601563 0.0777969360351562
-0.010101318359375 -0.172332763671875 -0.0646629333496094 0.0693016052246094
-0.00587463378906249 -0.179412841796875 0.064849853515625 -0.0506782531738281
-0.06085205078125 -0.15216064453125 0.0153255462646484 -0.0311431884765625
-0.104469299316406 -0.0773696899414063 0.0130176544189453 0.0149269104003906
-0.114334106445313 -0.000717163085937485 0.0432853698730469 0.0132179260253906
-0.0790786743164063 0.0550460815429688 0.0520515441894531 -0.0222358703613281
-0.0356216430664063 0.101211547851562 0.0363998413085938 -0.0445365905761719
0.00620269775390625 0.0982131958007813 0.0156478881835937 -0.0636329650878906
0.00208282470703125 0.0884552001953125 0.0104866027832031 -0.0667533874511719
-0.00299835205078125 0.102279663085938 0.0195198059082031 -0.0622634887695312
-0.0312423706054687 0.0993881225585937 0.040191650390625 -0.0455894470214844
-0.0724868774414063 0.066009521484375 0.0541305541992188 -0.0280113220214844
-0.104751586914063 0.0247116088867188 0.0544509887695312 0.0127830505371094
-0.100387573242187 -0.064788818359375 0.0328102111816406 0.0590705871582031
-0.0531387329101563 -0.137992858886719 -0.0229682922363281 0.0398979187011719
-0.018157958984375 -0.1705322265625 -0.0533828735351563 0.0131187438964844
-0.019134521484375 -0.151153564453125 0.0568008422851563 -0.0996017456054688
-0.0647735595703125 -0.119842529296875 -0.000305175781250001 -0.0578422546386719
-0.0919952392578125 -0.0488815307617188 0.00535821914672851 0.00748777389526367
-0.0858306884765625 0.0147552490234375 0.0483932495117187 0.00200653076171875
-0.0505447387695313 0.0521163940429687 0.0532569885253906 -0.0409393310546875
-0.0126876831054688 0.0795135498046875 0.0300750732421875 -0.072418212890625
0.0171241760253906 0.0685577392578125 0.000297546386718751 -0.092926025390625
0.0120735168457031 0.0616188049316406 -0.00800323486328126 -0.0952911376953125
0.00899505615234375 0.0709457397460938 0.00687408447265624 -0.092010498046875
-0.00765228271484375 0.07061767578125 0.040069580078125 -0.0742111206054688
-0.0403480529785156 0.0523109436035156 0.0581817626953125 -0.0461921691894531
-0.0680503845214844 0.02886962890625 0.0593376159667969 0.00205230712890625
-0.0779800415039063 -0.0347976684570313 0.0294151306152344 0.0424957275390625
-0.05352783203125 -0.100975036621094 -0.0313072204589844 0.00440406799316405
-0.0292205810546875 -0.14105224609375 -0.0427169799804687 -0.0383224487304688
-0.0266952514648438 -0.0993499755859375 0.0516891479492188 -0.138648986816406
-0.0513381958007812 -0.0717239379882813 -0.00945281982421875 -0.0814437866210938
-0.0616264343261719 -0.0202674865722656 -0.00230216979980469 -0.00637340545654297
-0.046966552734375 0.020660400390625 0.0456199645996094 -0.0125160217285156
-0.0178985595703125 0.03778076171875 0.0456962585449219 -0.0559043884277344
0.00835800170898437 0.044921875 0.0175628662109375 -0.09002685546875
0.0237216949462891 0.0294990539550781 -0.0159378051757812 -0.108192443847656
0.0197772979736328 0.0255489349365234 -0.0242156982421875 -0.109336853027344
0.0205936431884766 0.0285663604736328 -0.00521087646484375 -0.105865478515625
0.0190067291259766 0.0322589874267578 0.035858154296875 -0.0884246826171875
0.000438690185546878 0.0341415405273438 0.0557174682617188 -0.0533409118652344
-0.0216217041015625 0.0347099304199219 0.0561256408691406 -0.00329971313476562
-0.0497627258300781 0.00467681884765626 0.0207271575927734 0.0270652770996094
-0.0524749755859375 -0.0485801696777344 -0.037689208984375 -0.0236434936523437
-0.0415115356445313 -0.0923919677734375 -0.0362548828125 -0.07720947265625
0.0545692443847656 0.0149383544921875 0.0610809326171875 0.082244873046875
0.0675086975097656 -0.0294914245605469 0.053253173828125 0.0275955200195312
0.0103340148925781 -0.063690185546875 -0.00592994689941406 -0.0231246948242188
-0.0361061096191406 -0.0430183410644531 -0.05450439453125 0.00363922119140625
-0.0442581176757812 -0.0120773315429688 -0.0468406677246094 0.0480918884277344
-0.0457191467285156 0.0144615173339844 -0.017974853515625 0.0903701782226563
-0.0296478271484375 0.0284843444824219 0.023895263671875 0.102790832519531
-0.0295333862304688 0.0187740325927734 0.0418548583984375 0.096923828125
-0.0356636047363281 0.011260986328125 0.0309295654296875 0.0940933227539063
-0.0318031311035156 -0.00473022460937499 -0.00182342529296875 0.086669921875
-0.0137805938720703 -0.0194568634033203 -0.0204925537109375 0.0613059997558594
0.00302505493164062 -0.0210227966308594 -0.02276611328125 0.0325813293457031
0.0246601104736328 -0.00395774841308594 -0.00288772583007813 0.0364494323730469
0.0309295654296875 0.0287017822265625 0.0114974975585938 0.107070922851563
0.0107231140136719 0.0465240478515625 -0.0738677978515625 0.157257080078125
0.0547027587890625 -0.0461158752441406 0.0700149536132812 0.082550048828125
0.0507431030273438 -0.0791702270507813 0.0578727722167969 0.0298233032226562
-0.0169754028320312 -0.0917282104492188 0.00637245178222656 -0.0139303207397461
-0.0722579956054687 -0.0493545532226563 -0.0353889465332031 0.00754547119140624
-0.0742034912109375 0.00311279296874998 -0.0273857116699219 0.0396804809570313
-0.0606307983398438 0.0510787963867188 -0.0039215087890625 0.0756683349609375
-0.0273017883300781 0.0660667419433594 0.0316696166992188 0.0825347900390625
-0.0266532897949219 0.05377197265625 0.0487594604492188 0.0775909423828125
-0.0341339111328125 0.0524063110351563 0.0416030883789062 0.0779876708984375
-0.0426559448242188 0.0372772216796875 0.0130538940429688 0.0793228149414063
-0.0430183410644531 0.00862121582031249 -0.00384902954101563 0.0591163635253906
-0.0393791198730469 -0.01055908203125 -0.00847625732421875 0.0409660339355469
-0.0163078308105469 -0.0300006866455078 0.00622177124023437 0.0559272766113281
0.00847816467285156 -0.0276603698730469 0.0107650756835938 0.120292663574219
0.0054779052734375 -0.0201416015625 -0.0724945068359375 0.166229248046875
0.045654296875 -0.10211181640625 0.0781784057617188 0.0671768188476563
0.0248947143554687 -0.118690490722656 0.05816650390625 0.0234184265136719
-0.045318603515625 -0.107009887695313 0.0156841278076172 -0.00423622131347657
-0.100296020507812 -0.0475234985351562 -0.0125408172607422 0.0120830535888672
-0.0936203002929688 0.0185012817382812 -0.00279426574707032 0.027801513671875
-0.067291259765625 0.0794830322265625 0.0116233825683594 0.0503807067871094
-0.0214080810546875 0.0941238403320313 0.0350456237792969 0.0507278442382813
-0.0206375122070313 0.0806350708007813 0.0485343933105469 0.0463409423828125
-0.0274429321289063 0.0868682861328125 0.0453262329101562 0.0499038696289063
-0.0480499267578125 0.0746612548828125 0.0254249572753906 0.0588035583496094
-0.0674705505371094 0.0370140075683594 0.0142974853515625 0.0463027954101563
-0.07818603515625 0.00269317626953124 0.00920486450195312 0.0435142517089844
-0.0564079284667969 -0.0530319213867188 0.016845703125 0.0701904296875
-0.0158157348632812 -0.0810089111328125 0.00710296630859376 0.120269775390625
-0.00136566162109375 -0.0839691162109375 -0.0704803466796875 0.153701782226563
0.0263214111328125 -0.145599365234375 0.0815887451171875 0.03759765625
-0.01031494140625 -0.144195556640625 0.0518608093261719 0.0101966857910156
-0.0741958618164063 -0.1060791015625 0.0204486846923828 0.00489997863769531
-0.117355346679688 -0.0347213745117188 0.0110464096069336 0.0158185958862305
-0.0995559692382813 0.0348892211914063 0.0222148895263672 0.0129032135009766
-0.06201171875 0.098358154296875 0.0263156890869141 0.0188808441162109
-0.01116943359375 0.108558654785156 0.03363037109375 0.0112285614013672
-0.0118637084960938 0.0955734252929688 0.0402488708496094 0.00760269165039063
-0.0175323486328125 0.107383728027344 0.0412406921386719 0.0126228332519531
-0.0464553833007813 0.100418090820313 0.0347614288330078 0.0263500213623047
-0.0819549560546875 0.0600204467773438 0.0320301055908203 0.0241794586181641
-0.10565185546875 0.0153579711914063 0.0286865234375 0.0377006530761719
-0.0886001586914063 -0.0673065185546875 0.0278854370117187 0.0747833251953125
-0.037994384765625 -0.120811462402344 0.000518798828124989 0.105628967285156
-0.0106277465820313 -0.133880615234375 -0.064361572265625 0.120811462402344
0.00160217285156251 -0.169647216796875 0.0777816772460938 -0.00279998779296876
-0.046539306640625 -0.150604248046875 0.0377120971679688 -0.00799560546875001
-0.0970001220703125 -0.089874267578125 0.0210361480712891 0.0112857818603516
-0.120063781738281 -0.0126800537109375 0.0320491790771484 0.0158672332763672
-0.0899124145507813 0.0497055053710938 0.0417823791503906 -0.00596237182617187
-0.0458755493164062 0.104530334472656 0.0354080200195312 -0.0159950256347656
0.00175476074218751 0.106948852539063 0.0259876251220703 -0.0296783447265625
-0.001251220703125 0.0966262817382813 0.0257625579833984 -0.0322608947753906
-0.00542449951171875 0.110694885253906 0.0309925079345703 -0.0279922485351562
-0.0365676879882813 0.107749938964844 0.0393829345703125 -0.0115165710449219
-0.0802383422851563 0.0712738037109375 0.0459480285644531 -0.0039215087890625
-0.112648010253906 0.0264892578125 0.0454902648925781 0.024688720703125
-0.103729248046875 -0.0678176879882813 0.0362625122070312 0.0691146850585938
-0.0537109375 -0.13751220703125 -0.00772094726562501 0.0776290893554687
-0.0206756591796875 -0.160125732421875 -0.0574874877929688 0.0734329223632812
-0.01898193359375 -0.168899536132813 0.0677452087402344 -0.048675537109375
-0.069854736328125 -0.137947082519531 0.0183353424072266 -0.0294532775878906
-0.104629516601562 -0.0649490356445313 0.0170707702636719 0.0126705169677734
-0.107345581054688 0.00954437255859374 0.0455169677734375 0.0090484619140625
-0.0688247680664063 0.0576896667480469 0.0515823364257813 -0.0261650085449219
-0.0244674682617188 0.09661865234375 0.0352287292480469 -0.0477409362792969
0.0144577026367188 0.089813232421875 0.0120658874511719 -0.0650787353515625
0.00973510742187499 0.0824661254882812 0.00693130493164062 -0.067901611328125
0.00642395019531251 0.0956649780273438 0.0172576904296875 -0.0641899108886719
-0.01983642578125 0.0949554443359375 0.0396308898925781 -0.0479736328125
-0.0624656677246094 0.0677032470703125 0.0539321899414063 -0.0304412841796875
-0.095794677734375 0.032257080078125 0.0566635131835937 0.0103225708007813
-0.097442626953125 -0.0527572631835938 0.0386085510253906 0.0554847717285156
-0.06060791015625 -0.12615966796875 -0.0177078247070313 0.0430488586425781
-0.031707763671875 -0.1585693359375 -0.0503158569335937 0.0203628540039062
-0.0328369140625 -0.143356323242188 0.0560989379882812 -0.0937118530273438
-0.0744094848632813 -0.107856750488281 0.0013885498046875 -0.0525321960449219
-0.0927047729492188 -0.0376052856445312 0.00931453704833984 0.0059671401977539
-0.0800552368164063 0.0236663818359375 0.0488510131835938 -0.00188064575195312
-0.0410118103027344 0.0546607971191406 0.0503692626953125 -0.0434799194335937
-0.00205230712890625 0.0744171142578125 0.0265960693359375 -0.0730209350585937
0.0240707397460937 0.0604133605957031 -0.00513458251953125 -0.090240478515625
0.0182533264160156 0.0555801391601563 -0.0130996704101563 -0.0922317504882813
0.0163497924804688 0.0640106201171875 0.00176239013671876 -0.0901412963867188
0.00167083740234375 0.0650405883789062 0.0364913940429688 -0.07476806640625
-0.0303306579589844 0.0527534484863281 0.055816650390625 -0.0481300354003906
-0.0590438842773437 0.0346794128417969 0.0595512390136719 -0.000679016113281248
-0.0750961303710937 -0.0239181518554688 0.0333747863769531 0.0400733947753906
-0.0609130859375 -0.0900421142578125 -0.0285911560058594 0.00970077514648436
-0.0424880981445313 -0.130928039550781 -0.0445518493652344 -0.0288887023925781
-0.0363616943359375 -0.0961532592773438 0.04705810546875 -0.130661010742188
-0.0592994689941406 -0.0648193359375 -0.0094146728515625 -0.07464599609375
-0.06390380859375 -0.0123329162597656 0.00066280364990234 -0.00712156295776367
-0.043212890625 0.0275306701660156 0.0438270568847656 -0.0161705017089844
-0.0112991333007813 0.039886474609375 0.0404472351074219 -0.0564765930175781
0.0163497924804688 0.0410499572753906 0.011444091796875 -0.0879745483398438
0.0279808044433594 0.0225563049316406 -0.0222396850585938 -0.101951599121094
0.0236778259277344 0.020111083984375 -0.0304031372070313 -0.102638244628906
0.02496337890625 0.0219879150390625 -0.0110702514648437 -0.100990295410156
0.0251865386962891 0.0264129638671875 0.030426025390625 -0.087310791015625
0.00784873962402344 0.0325946807861328 0.0516090393066406 -0.0543785095214844
-0.013946533203125 0.0376663208007813 0.0550041198730469 -0.00576400756835937
-0.0467529296875 0.0128746032714844 0.0226097106933594 0.0255489349365234
-0.0584030151367188 -0.0393295288085937 -0.0377731323242188 -0.0159339904785156
-0.0528564453125 -0.083709716796875 -0.041778564453125 -0.0661430358886719
0.0593299865722656 0.0123252868652344 0.0637893676757813 0.071929931640625
0.0678176879882813 -0.0362472534179688 0.0533714294433594 0.0207633972167969
0.00592041015625001 -0.0669975280761719 -0.00626182556152344 -0.0237464904785156
-0.04083251953125 -0.0424461364746094 -0.0528793334960938 0.00442886352539063
-0.0475082397460938 -0.00925827026367189 -0.0433998107910156 0.046661376953125
-0.0465164184570313 0.0195541381835938 -0.0152053833007812 0.0862503051757813
-0.0297946929931641 0.0326251983642578 0.025360107421875 0.0964202880859375
-0.0299930572509766 0.0230503082275391 0.0435256958007812 0.0897750854492188
-0.0376358032226563 0.0163650512695312 0.0336990356445313 0.087921142578125
-0.0357627868652344 -0.00236892700195313 0.00197601318359376 0.0829620361328125
-0.0177803039550781 -0.0215969085693359 -0.0169181823730469 0.0601806640625
0.001434326171875 -0.0252170562744141 -0.0207538604736328 0.0338153839111328
0.0280208587646484 -0.00821495056152344 -0.00400161743164062 0.0365829467773438
0.0387840270996094 0.0266838073730469 0.00962066650390624 0.100807189941406
0.0186996459960937 0.0480422973632813 -0.0707550048828125 0.14984130859375
0.0576629638671875 -0.0445137023925781 0.0740814208984375 0.0719223022460938
0.0517654418945312 -0.0815887451171875 0.0587005615234375 0.0222396850585938
-0.0190505981445313 -0.0927886962890625 0.00690650939941406 -0.0156459808349609
-0.0745391845703125 -0.0483551025390625 -0.0330944061279297 0.00682640075683593
-0.0752182006835938 0.00518798828125 -0.0239448547363281 0.0371284484863281
-0.0602645874023437 0.0537261962890625 -0.00158691406250001 0.0702247619628906
-0.0263137817382813 0.0677833557128906 0.0326690673828125 0.0751800537109375
-0.0262947082519531 0.0554237365722656 0.0498008728027344 0.0693206787109375
-0.0345878601074219 0.05535888671875 0.0437202453613281 0.0702857971191406
-0.0444297790527344 0.0374069213867188 0.01763916015625 0.0738449096679688
-0.0441436767578125 0.00716400146484376 0.000854492187500002 0.0572624206542969
-0.0380325317382813 -0.0128402709960938 -0.00511550903320312 0.0422706604003906
-0.0111141204833984 -0.0309219360351563 0.00638580322265625 0.0565109252929688
0.014984130859375 -0.0259056091308594 0.0107192993164063 0.114967346191406
0.0118627548217773 -0.0147581100463867 -0.068206787109375 0.159698486328125
0.04595947265625 -0.0968170166015625 0.0836029052734375 0.058135986328125
0.0251846313476563 -0.116233825683594 0.0604782104492187 0.0165519714355469
-0.0451583862304687 -0.105415344238281 0.0168819427490234 -0.00708389282226563
-0.0994873046875 -0.0453948974609375 -0.00985240936279298 0.0105171203613281
-0.092254638671875 0.019744873046875 0.000129699707031244 0.0238914489746094
-0.0647048950195312 0.0794219970703125 0.0132980346679687 0.0441017150878906
-0.0196075439453125 0.0925445556640625 0.0353431701660156 0.042510986328125
-0.0189666748046875 0.0799407958984375 0.04852294921875 0.0381317138671875
-0.0262908935546875 0.085784912109375 0.0469131469726563 0.0422515869140625
-0.0467071533203125 0.0729217529296875 0.0300178527832031 0.0530014038085938
-0.0661582946777344 0.0353775024414063 0.0192794799804688 0.0441741943359375
-0.0743560791015625 0.000892639160156263 0.0132255554199219 0.0444717407226563
-0.0508766174316406 -0.0513992309570313 0.0187034606933594 0.0699539184570312
-0.0108871459960937 -0.0760116577148438 0.00864410400390624 0.116477966308594
0.00165557861328125 -0.0761184692382813 -0.0644683837890625 0.149551391601563
0.0245819091796875 -0.136466979980469 0.0884170532226563 0.0313796997070312
-0.0102005004882812 -0.136962890625 0.0550308227539063 0.00472640991210937
-0.071807861328125 -0.101951599121094 0.0223751068115234 0.000926971435546869
-0.113380432128906 -0.0320816040039063 0.0139341354370117 0.0129480361938477
-0.0952835083007812 0.0352401733398437 0.0244960784912109 0.00830841064453125
-0.0581130981445312 0.0955734252929688 0.0277729034423828 0.0125312805175781
-0.00888061523437501 0.103607177734375 0.0328388214111328 0.00442123413085938
-0.00859832763671874 0.0928115844726563 0.0399093627929688 0.000808715820312506
-0.014617919921875 0.103736877441406 0.042205810546875 0.00553131103515626
-0.0424118041992187 0.0969696044921875 0.038787841796875 0.0208053588867188
-0.0770034790039063 0.0582656860351563 0.0365104675292969 0.0222091674804688
-0.100189208984375 0.0159988403320313 0.0328292846679687 0.0372390747070313
-0.082427978515625 -0.0626220703125 0.0314254760742187 0.0742721557617188
-0.0351715087890625 -0.113723754882813 0.00434112548828124 0.102897644042969
-0.010345458984375 -0.123252868652344 -0.05841064453125 0.120140075683594
-0.0022430419921875 -0.1580810546875 0.084442138671875 -0.00529479980468751
-0.0465545654296875 -0.14019775390625 0.0421714782714844 -0.0104141235351563
-0.092926025390625 -0.0836563110351563 0.0237483978271484 0.00749206542968749
-0.114265441894531 -0.00949859619140623 0.0336856842041016 0.0123291015625
-0.0846710205078125 0.0490875244140625 0.043701171875 -0.00947952270507812
-0.0411453247070312 0.099273681640625 0.0359344482421875 -0.0205650329589844
0.00479888916015626 0.0999603271484375 0.0246410369873047 -0.0339012145996094
0.00202178955078126 0.0915603637695313 0.024200439453125 -0.0366172790527344
-0.000946044921875001 0.104507446289062 0.03106689453125 -0.0321369171142578
-0.0306625366210938 0.102638244628906 0.0420646667480469 -0.0156669616699219
-0.0736846923828125 0.06939697265625 0.0486869812011719 -0.00640106201171875
-0.104835510253906 0.0280609130859375 0.0496253967285156 0.02423095703125
-0.0980606079101562 -0.0620040893554688 0.0401802062988281 0.0669212341308594
-0.0538177490234375 -0.128173828125 -0.00290679931640625 0.0771331787109375
-0.023834228515625 -0.14825439453125 -0.0522308349609375 0.07598876953125
-0.02581787109375 -0.158187866210938 0.073577880859375 -0.0462188720703125
-0.07183837890625 -0.126365661621094 0.0236625671386719 -0.0281658172607422
-0.100906372070312 -0.0563278198242188 0.0203475952148437 0.00939750671386718
-0.0999603271484375 0.0136566162109375 0.0462570190429687 0.00674057006835938
-0.0614547729492188 0.0564079284667969 0.05224609375 -0.0284194946289062
-0.0183334350585937 0.0896453857421875 0.0345230102539063 -0.0512313842773437
0.0174789428710937 0.0813064575195313 0.00997161865234376 -0.0660362243652344
0.0129013061523438 0.0756454467773437 0.00489425659179688 -0.0682525634765625
0.010406494140625 0.0880584716796875 0.0160865783691406 -0.0657539367675781
-0.0136566162109375 0.0885848999023438 0.0398979187011719 -0.050872802734375
-0.0547409057617187 0.0658378601074219 0.0552215576171875 -0.0324478149414062
-0.0870285034179688 0.0346450805664062 0.0586814880371094 0.00873565673828125
-0.09228515625 -0.0460281372070313 0.0419158935546875 0.0532188415527344
-0.0623016357421875 -0.115745544433594 -0.0134468078613281 0.0446853637695312
-0.037109375 -0.146530151367188 -0.0467529296875 0.0256843566894531
-0.0398101806640625 -0.135200500488281 0.0605010986328125 -0.0877914428710938
-0.0783615112304687 -0.097442626953125 0.0062713623046875 -0.0489578247070313
-0.0909347534179687 -0.0295639038085938 0.0129613876342773 0.00391674041748047
-0.0737533569335938 0.0282974243164063 0.0489463806152344 -0.00472259521484375
-0.0333290100097656 0.0540924072265625 0.0493125915527344 -0.044158935546875
0.00415802001953125 0.0682220458984375 0.0250396728515625 -0.0729522705078125
0.0271072387695313 0.0521469116210937 -0.00699615478515624 -0.0875015258789063
0.0210304260253906 0.0488815307617188 -0.0153274536132813 -0.0899658203125
0.0198860168457031 0.0562400817871094 0.00038146972656251 -0.08868408203125
0.00760269165039062 0.0581855773925781 0.0353317260742187 -0.074554443359375
-0.02362060546875 0.0500564575195313 0.0553207397460938 -0.0491600036621094
-0.0514602661132813 0.03662109375 0.0599632263183594 -0.00226974487304687
-0.0701828002929688 -0.016754150390625 0.03582763671875 0.03826904296875
-0.0632781982421875 -0.079803466796875 -0.0254421234130859 0.0135726928710938
-0.0490264892578125 -0.119796752929688 -0.0431327819824219 -0.0211868286132813
-0.0437774658203125 -0.0917129516601563 0.0487899780273438 -0.123016357421875
-0.0644073486328125 -0.0582275390625 -0.00594329833984375 -0.0693740844726563
-0.0643424987792969 -0.00572967529296876 0.00307273864746093 -0.00867843627929688
-0.039337158203125 0.0322837829589844 0.0426597595214844 -0.0188446044921875
-0.00590133666992187 0.0400886535644531 0.0373420715332031 -0.0563774108886719
0.021484375 0.0366134643554688 0.00886535644531251 -0.0852127075195313
0.0303745269775391 0.0161113739013672 -0.0243988037109375 -0.0964431762695313
0.0259227752685547 0.0146980285644531 -0.0327987670898438 -0.0971527099609375
0.0262298583984375 0.0157241821289063 -0.01318359375 -0.096923828125
0.0293292999267578 0.0198211669921875 0.028167724609375 -0.0853805541992188
0.0135459899902344 0.0301856994628906 0.0496406555175781 -0.0534934997558594
-0.00685882568359375 0.0382537841796875 0.0543937683105469 -0.006378173828125
-0.0422248840332031 0.0189590454101563 0.0240364074707031 0.0249309539794922
-0.0611305236816406 -0.0306472778320313 -0.0360641479492188 -0.0104598999023438
-0.06036376953125 -0.07537841796875 -0.0440177917480469 -0.0561599731445313
0.0645942687988281 0.00956344604492187 0.0642890930175781 0.0634574890136719
0.068878173828125 -0.0441703796386719 0.0529708862304688 0.0146331787109375
0.00153350830078126 -0.0708084106445313 -0.006561279296875 -0.0253238677978516
-0.0463600158691406 -0.0424156188964844 -0.0522079467773437 0.00450134277343751
-0.0510444641113281 -0.00631332397460938 -0.042816162109375 0.0445976257324219
-0.0484771728515625 0.0250091552734375 -0.01507568359375 0.0836410522460938
-0.0290069580078125 0.0377845764160156 0.0249176025390625 0.0928115844726563
-0.0305614471435547 0.0279693603515625 0.0427398681640625 0.0856857299804688
-0.0394058227539063 0.0226020812988281 0.0342025756835938 0.0836257934570313
-0.0403022766113281 0.000942230224609368 0.0032958984375 0.0804901123046875
-0.0227737426757813 -0.0223960876464844 -0.014129638671875 0.0598716735839844
-0.00113868713378906 -0.02972412109375 -0.0192794799804688 0.035552978515625
0.032073974609375 -0.0130748748779297 -0.00661849975585938 0.0390777587890625
0.0469894409179688 0.0238189697265625 0.00610351562499999 0.0983123779296875
0.0276374816894531 0.0475006103515625 -0.073760986328125 0.144866943359375
0.062774658203125 -0.0444450378417969 0.0763015747070313 0.0632400512695313
0.0537872314453125 -0.0861968994140625 0.05938720703125 0.0153121948242187
-0.0215225219726563 -0.0957565307617188 0.00634002685546875 -0.0183200836181641
-0.0784225463867187 -0.0478668212890625 -0.0318431854248047 0.0054168701171875
-0.0775146484375 0.00688934326171874 -0.0226020812988281 0.0340633392333984
-0.0613174438476562 0.0575294494628906 -0.00150299072265626 0.0661201477050781
-0.0260467529296875 0.070587158203125 0.0316810607910156 0.0697975158691406
-0.0266685485839844 0.0588874816894531 0.0491828918457031 0.0634269714355469
-0.0355796813964844 0.058380126953125 0.0442390441894531 0.0645828247070313
-0.0468292236328125 0.0390625 0.0202598571777344 0.0699577331542969
-0.0475006103515625 0.004669189453125 0.0047607421875 0.0561561584472656
-0.0385322570800781 -0.0171852111816406 -0.00228500366210938 0.0442848205566406
-0.00607681274414063 -0.0344066619873047 0.00578689575195312 0.0584144592285156
0.0232181549072266 -0.0263957977294922 0.00862884521484375 0.113182067871094
0.0197715759277344 -0.0121936798095703 -0.0686798095703125 0.156600952148438
0.0505142211914063 -0.09259033203125 0.0876922607421875 0.049591064453125
0.0283050537109375 -0.117813110351563 0.0615882873535156 0.00969314575195312
-0.044525146484375 -0.107109069824219 0.0172767639160156 -0.0100831985473633
-0.100807189941406 -0.0462646484375 -0.00824499130249024 0.00824689865112304
-0.0931854248046875 0.01971435546875 0.00227546691894531 0.0202350616455078
-0.0652542114257812 0.080810546875 0.013519287109375 0.0386848449707031
-0.0192489624023437 0.093292236328125 0.0340690612792969 0.0370635986328125
-0.0188751220703125 0.0806655883789063 0.0477180480957031 0.0312461853027344
-0.025909423828125 0.0871810913085938 0.0473175048828125 0.03570556640625
-0.047882080078125 0.0725784301757813 0.034027099609375 0.0481109619140625
-0.0667991638183594 0.0333976745605469 0.0242691040039062 0.042327880859375
-0.0731964111328125 -0.00186920166015626 0.0175056457519531 0.0452995300292969
-0.0450706481933594 -0.0532073974609375 0.0202789306640625 0.0714035034179688
-0.00482177734375001 -0.0745162963867188 0.00910186767578126 0.115509033203125
0.0076141357421875 -0.0710601806640625 -0.0628662109375 0.1475830078125
0.0272293090820313 -0.130302429199219 0.0944290161132813 0.0249481201171875
-0.0064697265625 -0.134071350097656 0.0579757690429687 -0.00101089477539063
-0.0691909790039063 -0.101333618164062 0.0239696502685547 -0.00244140625000001
-0.111915588378906 -0.0323867797851563 0.0161552429199219 0.0102949142456055
-0.094482421875 0.0337142944335937 0.0266799926757812 0.00400733947753906
-0.0575790405273437 0.0938262939453125 0.0278682708740234 0.00677680969238282
-0.00852203369140625 0.102020263671875 0.031646728515625 -0.00108909606933593
-0.00876617431640626 0.0914840698242188 0.038360595703125 -0.00584411621093749
-0.0137939453125 0.102279663085938 0.0422821044921875 -0.000457763671874994
-0.0411529541015625 0.0944061279296875 0.041778564453125 0.0156517028808594
-0.0758590698242187 0.05621337890625 0.040985107421875 0.0189132690429688
-0.0965576171875 0.0139541625976562 0.0380020141601562 0.0376625061035156
-0.0770187377929688 -0.063018798828125 0.033721923828125 0.0748138427734375
-0.0301132202148437 -0.109931945800781 0.00638580322265624 0.103012084960938
-0.006744384765625 -0.11651611328125 -0.0553741455078125 0.120391845703125
-0.00224304199218749 -0.150482177734375 0.0922164916992188 -0.00886535644531251
-0.0438079833984375 -0.133934020996094 0.0469512939453125 -0.0135536193847656
-0.0894546508789063 -0.0803909301757812 0.0261116027832031 0.00394630432128906
-0.110374450683594 -0.00875091552734376 0.0362968444824219 0.0092315673828125
-0.0808563232421875 0.0465469360351563 0.0450439453125 -0.0136642456054687
-0.039520263671875 0.095428466796875 0.0356864929199219 -0.0266532897949219
0.00535583496093749 0.0954208374023438 0.02325439453125 -0.0385093688964844
0.00282287597656251 0.0882415771484375 0.0227622985839844 -0.0417098999023437
-0.000404357910156241 0.100875854492187 0.0306892395019531 -0.0381011962890625
-0.0283584594726563 0.0987091064453125 0.0444488525390625 -0.0210113525390625
-0.0707244873046875 0.0670318603515625 0.0526618957519531 -0.00956344604492187
-0.100082397460937 0.0273895263671875 0.05413818359375 0.0228080749511719
-0.092987060546875 -0.059814453125 0.043975830078125 0.0665206909179687
-0.0515823364257813 -0.122817993164063 0.000518798828125003 0.0775604248046875
-0.0222930908203125 -0.140144348144531 -0.0485000610351562 0.0777359008789062
-0.02862548828125 -0.149795532226563 0.0823745727539063 -0.0468597412109375
-0.0715560913085938 -0.118125915527344 0.0300769805908203 -0.0296440124511719
-0.0970916748046875 -0.0511474609375 0.0230255126953125 0.00561332702636718
-0.094879150390625 0.015594482421875 0.0483131408691406 0.0037384033203125
-0.0566673278808594 0.0541229248046875 0.0532341003417969 -0.0310211181640625
-0.0153121948242187 0.0836944580078125 0.0348434448242188 -0.0545310974121094
0.0181198120117188 0.075164794921875 0.00969696044921875 -0.0683059692382813
0.0135421752929687 0.0713882446289063 0.00332641601562499 -0.071441650390625
0.0121841430664063 0.08258056640625 0.0153274536132812 -0.06878662109375
-0.0101318359375 0.0831069946289063 0.0416450500488281 -0.0543479919433594
-0.0499610900878906 0.063018798828125 0.0573043823242188 -0.0351181030273437
-0.0804214477539063 0.0343475341796875 0.0618324279785156 0.00743484497070313
-0.0867233276367188 -0.04180908203125 0.0457077026367188 0.0521240234375
-0.0618209838867187 -0.108772277832031 -0.00954055786132813 0.0459060668945313
-0.0391311645507813 -0.137214660644531 -0.0431442260742187 0.0300559997558594
-0.0454483032226562 -0.129127502441406 0.0683517456054688 -0.0847244262695313
-0.0805816650390625 -0.089508056640625 0.0124664306640625 -0.0474052429199219
-0.0887908935546875 -0.0230255126953125 0.0154800415039062 0.000830650329589842
-0.0681838989257813 0.0319900512695312 0.0501289367675781 -0.0069580078125
-0.0284881591796875 0.0522270202636719 0.0494461059570313 -0.0460929870605469
0.00796890258789063 0.061676025390625 0.024658203125 -0.0744247436523438
0.0273818969726563 0.0447273254394531 -0.00801849365234374 -0.0876312255859375
0.021942138671875 0.0430908203125 -0.0160675048828125 -0.0897598266601563
0.0210533142089844 0.0496292114257813 -0.000343322753906256 -0.089752197265625
0.0107192993164062 0.0517044067382813 0.0355606079101563 -0.076324462890625
-0.0181732177734375 0.0469512939453125 0.056640625 -0.0502433776855469
-0.044189453125 0.0363731384277344 0.0623092651367188 -0.00308609008789062
-0.0657234191894531 -0.0120658874511719 0.0386810302734375 0.0372352600097656
-0.0651092529296875 -0.071929931640625 -0.0218982696533203 0.0161380767822266
-0.0534744262695313 -0.110313415527344 -0.04083251953125 -0.0140953063964844
-0.05169677734375 -0.0890579223632813 0.0550003051757813 -0.1175537109375
-0.0692329406738281 -0.0523834228515625 0.000102996826171866 -0.06707763671875
-0.0656661987304688 0.000305175781249989 0.00591373443603515 -0.0105190277099609
-0.0360984802246094 0.03680419921875 0.0419349670410156 -0.0205116271972656
-0.000564575195312499 0.0404434204101563 0.0363006591796875 -0.0561027526855469
0.0258426666259766 0.0313377380371094 0.00852203369140625 -0.0840301513671875
0.0310745239257812 0.00915718078613281 -0.0252838134765625 -0.0937576293945313
0.0263805389404297 0.00904273986816406 -0.0326461791992188 -0.0942764282226563
0.0282268524169922 0.009307861328125 -0.0134201049804688 -0.0948028564453125
0.0318450927734375 0.0131797790527344 0.0277786254882813 -0.08489990234375
0.0189533233642578 0.0260677337646484 0.0498123168945312 -0.0532455444335937
-0.000644683837890628 0.0378456115722656 0.055328369140625 -0.00711822509765625
-0.0381317138671875 0.0235404968261719 0.0256443023681641 0.0251121520996094
-0.0640220642089844 -0.0230751037597656 -0.0331134796142578 -0.00557899475097656
-0.0654983520507812 -0.0679359436035156 -0.0434722900390625 -0.0471878051757813
0.0714111328125 0.00498199462890625 0.0634498596191406 0.0551986694335938
0.0692100524902344 -0.0529212951660156 0.0511741638183594 0.00867080688476562
-0.00415802001953124 -0.0754013061523438 -0.00829887390136719 -0.0269145965576172
-0.0535163879394531 -0.0411376953125 -0.0530166625976563 0.00445175170898436
-0.0556869506835937 -0.00235366821289064 -0.0434684753417969 0.0445632934570313
-0.0491447448730469 0.0328407287597656 -0.0153732299804687 0.0838241577148438
-0.028533935546875 0.0440864562988281 0.0245513916015625 0.090972900390625
-0.0304450988769531 0.0339736938476562 0.0427932739257812 0.0835494995117188
-0.0406265258789063 0.0296630859375 0.0343017578125 0.0806655883789063
-0.0445404052734375 0.00571060180664062 0.00521850585937499 0.0783233642578125
-0.0286998748779297 -0.0232906341552734 -0.0118064880371094 0.0600166320800781
-0.00456428527832032 -0.0340480804443359 -0.0177268981933594 0.0379791259765625
0.0351219177246094 -0.0194263458251953 -0.00798797607421875 0.0417327880859375
0.0558929443359375 0.0191802978515625 0.00202178955078125 0.0995864868164063
0.0367889404296875 0.046539306640625 -0.0783843994140625 0.144195556640625
0.0697250366210938 -0.0470199584960938 0.0776138305664062 0.0542755126953125
0.0551910400390625 -0.0938644409179688 0.0586318969726562 0.00892639160156249
-0.0257110595703125 -0.100563049316406 0.00591278076171875 -0.0210800170898438
-0.0845413208007813 -0.0477523803710937 -0.0316543579101563 0.00409126281738281
-0.0821304321289063 0.0102691650390625 -0.0226783752441406 0.0317478179931641
-0.0624732971191406 0.0634956359863281 -0.00200653076171876 0.063140869140625
-0.0253448486328125 0.0760116577148438 0.0300712585449219 0.0662994384765625
-0.026458740234375 0.0637474060058594 0.0479621887207031 0.0587196350097656
-0.0365867614746094 0.0641403198242188 0.0441093444824219 0.0594367980957031
-0.0505180358886719 0.0424461364746094 0.0231742858886719 0.066131591796875
-0.0523185729980469 0.00370407104492188 0.00888061523437499 0.0544319152832031
-0.0411605834960938 -0.0215301513671875 0.00153350830078125 0.0454254150390625
-0.00233078002929688 -0.040252685546875 0.00687408447265624 0.0613861083984375
0.0315170288085938 -0.029876708984375 0.0076904296875 0.114372253417969
0.0287742614746094 -0.0114459991455078 -0.0704498291015625 0.156631469726562
0.0569076538085937 -0.0931549072265625 0.0921859741210938 0.0403900146484375
0.0309371948242188 -0.123252868652344 0.0630645751953125 0.00268173217773437
-0.0471572875976563 -0.111709594726563 0.0170354843139648 -0.0142745971679688
-0.105026245117188 -0.0468673706054688 -0.00728368759155274 0.00562047958374023
-0.0967559814453125 0.0215225219726563 0.00249767303466796 0.0155401229858398
-0.06671142578125 0.0846481323242187 0.0126419067382812 0.0342540740966797
-0.0187225341796875 0.0963287353515625 0.0320224761962891 0.0316352844238281
-0.0192031860351562 0.0839996337890625 0.0457496643066406 0.0251693725585938
-0.027008056640625 0.0902328491210938 0.0472335815429688 0.0288581848144531
-0.0498046875 0.0745620727539063 0.0365486145019531 0.0425376892089844
-0.0697555541992188 0.0320510864257813 0.0289306640625 0.0393714904785156
-0.074249267578125 -0.00511932373046875 0.0226593017578125 0.0455856323242188
-0.0411758422851562 -0.0575904846191406 0.0228347778320312 0.0742950439453125
0.00270843505859375 -0.07684326171875 0.00967407226562501 0.117073059082031
0.0153999328613281 -0.0682411193847656 -0.062225341796875 0.14923095703125
0.0312118530273437 -0.126960754394531 0.101486206054688 0.0163192749023437
-0.00382232666015626 -0.135421752929688 0.0611610412597656 -0.00758743286132813
-0.0682601928710937 -0.104057312011719 0.0248699188232422 -0.00658226013183594
-0.113685607910156 -0.033294677734375 0.0172443389892578 0.00673389434814453
-0.0959548950195313 0.0329742431640625 0.0279979705810547 -0.00147056579589844
-0.058746337890625 0.0953140258789063 0.0267753601074219 0.000513076782226568
-0.00931549072265625 0.102165222167969 0.0294284820556641 -0.00720787048339843
-0.008880615234375 0.0921478271484375 0.0359039306640625 -0.0117263793945312
-0.0138320922851562 0.102928161621094 0.0417137145996094 -0.00772094726562499
-0.0417327880859375 0.0947341918945312 0.0446701049804688 0.00878524780273438
-0.0770263671875 0.0550689697265625 0.0461845397949219 0.0152397155761719
-0.0959701538085938 0.01202392578125 0.0437583923339844 0.037109375
-0.0737991333007812 -0.0660858154296875 0.0386581420898437 0.0762786865234375
-0.0259017944335937 -0.110740661621094 0.00981903076171874 0.104454040527344
-0.00175476074218749 -0.112716674804688 -0.0523147583007813 0.123283386230469
-0.000808715820312495 -0.145767211914063 0.10137939453125 -0.0156478881835938
-0.0421295166015625 -0.131240844726563 0.0515174865722656 -0.0198402404785156
-0.0868606567382812 -0.080413818359375 0.0277805328369141 -0.000944137573242192
-0.1083984375 -0.00976562499999998 0.0385894775390625 0.00534820556640625
-0.0802993774414063 0.045074462890625 0.0471382141113281 -0.0191764831542969
-0.0395126342773438 0.0934982299804688 0.0348339080810547 -0.0325565338134766
0.00401306152343749 0.0922927856445313 0.021331787109375 -0.0440406799316406
0.00206756591796874 0.0871429443359375 0.0199317932128906 -0.0476341247558594
0.00026702880859374 0.0991973876953125 0.02911376953125 -0.0441131591796875
-0.0273208618164062 0.0966033935546875 0.0464248657226562 -0.0278396606445312
-0.0694694519042969 0.0654754638671875 0.0569076538085937 -0.0142745971679687
-0.09832763671875 0.026580810546875 0.0591926574707031 0.0213165283203125
-0.0891647338867188 -0.059478759765625 0.0486221313476563 0.0663833618164063
-0.049102783203125 -0.120803833007813 0.00499725341796875 0.0795059204101563
-0.0214385986328125 -0.134506225585938 -0.0439834594726563 0.08197021484375
-0.0308837890625 -0.144622802734375 0.0923233032226563 -0.0506973266601563
-0.0714187622070313 -0.111900329589844 0.0364952087402344 -0.0332450866699219
-0.094482421875 -0.048309326171875 0.0259857177734375 0.00147438049316406
-0.0902099609375 0.016632080078125 0.0506706237792969 -8.0108642578124E-05
-0.0536308288574219 0.05255126953125 0.0548591613769531 -0.035430908203125
-0.0142135620117188 0.0795745849609375 0.0338821411132812 -0.0600128173828125
0.0174636840820312 0.0703811645507813 0.0078277587890625 -0.072967529296875
0.0129318237304687 0.0676689147949219 0.000946044921875 -0.0753555297851562
0.01226806640625 0.0782928466796875 0.0131378173828125 -0.0736236572265625
-0.00894927978515626 0.0786666870117188 0.042938232421875 -0.059967041015625
-0.0470428466796875 0.0604095458984375 0.0603218078613281 -0.0394363403320312
-0.0767898559570313 0.0338973999023437 0.0665473937988281 0.005462646484375
-0.083709716796875 -0.0395126342773437 0.0495719909667969 0.0508689880371094
-0.0620803833007813 -0.103866577148438 -0.00495529174804688 0.0475921630859375
-0.0397872924804687 -0.130317687988281 -0.0387802124023437 0.0353202819824219
-0.0504608154296875 -0.1239013671875 0.0776596069335938 -0.0864944458007813
-0.0830917358398437 -0.0821151733398438 0.0191230773925781 -0.0491714477539063
-0.0876693725585938 -0.01739501953125 0.0187778472900391 -0.00277328491210938
-0.0634956359863281 0.0346336364746094 0.0513725280761719 -0.00973892211914063
-0.0232048034667969 0.0509681701660156 0.0503883361816406 -0.0486183166503906
0.010467529296875 0.0565910339355469 0.0237655639648437 -0.0776748657226563
0.0266876220703125 0.0387611389160156 -0.00913238525390626 -0.0899810791015625
0.0214881896972656 0.0381622314453125 -0.0184478759765625 -0.0914382934570312
0.0213127136230469 0.0439796447753906 -0.002410888671875 -0.0919418334960938
0.0120735168457031 0.0451431274414063 0.0358657836914063 -0.0811386108398438
-0.0136566162109375 0.043212890625 0.0581092834472656 -0.0537834167480469
-0.0379409790039062 0.035888671875 0.0653038024902344 -0.0052490234375
-0.061004638671875 -0.00823593139648437 0.0422134399414062 0.0357208251953125
-0.0660247802734375 -0.0644187927246094 -0.0178108215332031 0.018798828125
-0.0571975708007812 -0.102188110351563 -0.0376129150390625 -0.007080078125
-0.0592193603515625 -0.085693359375 0.0632705688476563 -0.118186950683594
-0.0743942260742188 -0.0458602905273437 0.00598144531249999 -0.06707763671875
-0.0655784606933594 0.00697708129882813 0.00812530517578125 -0.0138950347900391
-0.0310020446777344 0.0414619445800781 0.041656494140625 -0.0224380493164062
0.00473785400390625 0.0400123596191406 0.0355949401855469 -0.0571479797363281
0.0293369293212891 0.0263957977294922 0.00759124755859375 -0.084869384765625
0.0314216613769531 0.00278282165527344 -0.0255966186523437 -0.0931777954101563
0.0261745452880859 0.00347137451171875 -0.033538818359375 -0.0936813354492188
0.0269622802734375 0.00321006774902344 -0.014007568359375 -0.0952377319335938
0.0326080322265625 0.00565910339355469 0.0283660888671875 -0.0858612060546875
0.0233383178710938 0.0218086242675781 0.0504646301269531 -0.0547027587890625
0.006622314453125 0.0371322631835938 0.0570068359375 -0.00782394409179687
-0.0333576202392578 0.0287399291992187 0.0283317565917969 0.0243663787841797
-0.0658912658691406 -0.0137138366699219 -0.0301761627197266 -0.00181770324707031
-0.0709686279296875 -0.0589523315429687 -0.0412826538085938 -0.0388717651367187
0.0771713256835938 -0.00299072265625 0.0615692138671875 0.0462532043457031
0.0668716430664063 -0.0646476745605469 0.0478897094726563 0.00290298461914062
-0.0129623413085937 -0.0797882080078125 -0.0111732482910156 -0.0286598205566406
-0.0611648559570313 -0.0382041931152344 -0.0548553466796875 0.00518417358398438
-0.0596656799316406 0.0042724609375 -0.0434646606445313 0.0463829040527344
-0.0483741760253906 0.0415077209472656 -0.01434326171875 0.08514404296875
-0.024627685546875 0.0509223937988281 0.02618408203125 0.0913619995117188
-0.0280990600585938 0.040496826171875 0.0441055297851563 0.0808334350585938
-0.0393142700195313 0.0387840270996094 0.03515625 0.07763671875
-0.0485649108886719 0.0130233764648438 0.0074615478515625 0.0770416259765625
-0.03594970703125 -0.0219306945800781 -0.00849151611328125 0.0604286193847656
-0.0107192993164063 -0.0380401611328125 -0.0149078369140625 0.040130615234375
0.0353202819824219 -0.0279998779296875 -0.00698471069335938 0.0463752746582031
0.0640144348144531 0.00979232788085937 7.62939453126278E-06 0.101837158203125
0.0466346740722656 0.0424613952636719 -0.081634521484375 0.147964477539063
0.0758056640625 -0.0536727905273438 0.0784683227539063 0.0440444946289063
0.0531387329101563 -0.104080200195313 0.056488037109375 0.000873565673828119
-0.0328521728515625 -0.104896545410156 0.00289535522460937 -0.0237979888916016
-0.0918197631835937 -0.0447006225585937 -0.0331516265869141 0.00285148620605469
-0.086669921875 0.0157012939453125 -0.0233802795410156 0.0296401977539062
-0.0620040893554688 0.0721206665039063 -0.00274658203125001 0.0621337890625
-0.0225067138671875 0.0823287963867187 0.0294609069824219 0.0631065368652344
-0.0245361328125 0.0693893432617188 0.0467567443847656 0.0543556213378906
-0.0347747802734375 0.0720901489257813 0.0444145202636719 0.0545616149902344
-0.0525932312011719 0.0480537414550781 0.0254325866699219 0.0611419677734375
-0.0580558776855469 0.00527191162109374 0.0134849548339844 0.0518608093261719
-0.0463447570800781 -0.0245132446289063 0.00654220581054687 0.0463027954101563
-0.000511169433593755 -0.047760009765625 0.00905609130859375 0.0652313232421875
0.0391006469726563 -0.0372161865234375 0.00845336914062499 0.117012023925781
0.0384368896484375 -0.0144996643066406 -0.0704345703125 0.159805297851563
0.0622787475585938 -0.0973358154296875 0.09588623046875 0.0287704467773437
0.0307388305664063 -0.130447387695312 0.0616226196289063 -0.00597381591796876
-0.0516586303710938 -0.115974426269531 0.0157623291015625 -0.0185470581054688
-0.110694885253906 -0.0451278686523438 -0.00771427154541016 0.001861572265625
-0.101005554199219 0.0256500244140625 0.00214290618896484 0.0116233825683594
-0.0662460327148438 0.0918731689453125 0.0122337341308594 0.0298652648925781
-0.0169677734375 0.100372314453125 0.0291690826416016 0.0265312194824219
-0.0168533325195313 0.0885009765625 0.0423507690429688 0.0195350646972656
-0.025054931640625 0.0963058471679688 0.045196533203125 0.0221710205078125
-0.0509719848632812 0.0787506103515625 0.0388221740722656 0.0361747741699219
-0.0738296508789063 0.0335311889648437 0.0337753295898437 0.0355186462402344
-0.076812744140625 -0.00650787353515627 0.0295791625976562 0.0449943542480469
-0.0405845642089844 -0.0631065368652344 0.0282211303710937 0.0767364501953125
0.00827026367187501 -0.0821380615234375 0.013031005859375 0.119659423828125
0.0227622985839844 -0.0697975158691406 -0.0591888427734375 0.1529541015625
0.034576416015625 -0.12860107421875 0.10626220703125 0.00390624999999999
-0.0031890869140625 -0.139190673828125 0.0616302490234375 -0.016998291015625
-0.0699691772460938 -0.106887817382812 0.0247402191162109 -0.0122222900390625
-0.117202758789062 -0.0318374633789063 0.0180130004882812 0.00185966491699219
-0.0987319946289063 0.0352020263671875 0.0278453826904297 -0.00740814208984375
-0.05853271484375 0.0988845825195313 0.0250320434570312 -0.00474357604980468
-0.00788116455078126 0.104042053222656 0.0246868133544922 -0.0135231018066406
-0.00769042968750001 0.0945968627929688 0.0306892395019531 -0.0186920166015625
-0.0121002197265625 0.106010437011719 0.0387916564941406 -0.0150833129882812
-0.0420684814453125 0.096954345703125 0.045989990234375 0.000717163085937506
-0.07861328125 0.0561294555664063 0.0505867004394531 0.00874710083007813
-0.0979843139648438 0.0119094848632812 0.0504913330078125 0.0338973999023438
-0.0728302001953125 -0.0691299438476562 0.0454025268554687 0.0764007568359375
-0.0236434936523437 -0.113784790039063 0.0148773193359375 0.106193542480469
0.0028228759765625 -0.111221313476563 -0.046783447265625 0.126998901367187
3.05175781249995E-05 -0.142532348632813 0.108390808105469 -0.0265884399414063
-0.0414352416992188 -0.129547119140625 0.0553627014160156 -0.02874755859375
-0.0869140625 -0.0803146362304688 0.0284328460693359 -0.00646209716796876
-0.108558654785156 -0.00881195068359376 0.0394210815429687 4.19616699218745E-05
-0.0802993774414063 0.0449676513671875 0.0472602844238281 -0.0263023376464844
-0.039215087890625 0.092742919921875 0.032928466796875 -0.0393867492675781
0.00403594970703125 0.091644287109375 0.0172462463378906 -0.0504531860351563
0.003082275390625 0.0861434936523438 0.0142440795898438 -0.052978515625
0.00107574462890625 0.0980224609375 0.024871826171875 -0.05023193359375
-0.0255889892578125 0.0954818725585938 0.0453758239746094 -0.0357093811035156
-0.0690803527832031 0.0663871765136718 0.0595932006835938 -0.0214385986328125
-0.096343994140625 0.0265579223632813 0.0653724670410156 0.0167007446289063
-0.0878982543945313 -0.05963134765625 0.0553779602050781 0.0644912719726563
-0.048309326171875 -0.11956787109375 0.0105667114257812 0.0794601440429687
-0.0196762084960938 -0.131065368652344 -0.03778076171875 0.0856781005859375
-0.0335159301757813 -0.139144897460938 0.100120544433594 -0.059326171875
-0.0726165771484375 -0.106689453125 0.0405387878417969 -0.0399398803710938
-0.0929183959960938 -0.0458297729492187 0.0279483795166016 -0.00361824035644531
-0.0858383178710938 0.0177536010742188 0.051422119140625 -0.00569915771484375
-0.0507965087890625 0.0496406555175781 0.0550270080566406 -0.0418663024902344
-0.0132675170898437 0.0759124755859375 0.0312385559082031 -0.0657768249511719
0.0166473388671875 0.0658073425292969 0.00366973876953125 -0.0780792236328125
0.0130119323730469 0.064697265625 -0.00432586669921874 -0.0795669555664063
0.0118484497070313 0.0752029418945313 0.0097808837890625 -0.0793838500976563
-0.00745391845703125 0.0742034912109375 0.0408668518066406 -0.0673789978027344
-0.0442237854003906 0.0575942993164062 0.0615425109863281 -0.0463142395019531
-0.0727996826171875 0.0329971313476563 0.07122802734375 0.000106811523437502
-0.0803070068359375 -0.0374755859375 0.0551490783691406 0.04827880859375
-0.06195068359375 -0.0987777709960937 0.000942230224609375 0.0474853515625
-0.0419692993164062 -0.123504638671875 -0.0322189331054688 0.0392303466796875
-0.05670166015625 -0.116920471191406 0.0855941772460938 -0.0926895141601563
-0.0853042602539063 -0.0727615356445312 0.0247383117675781 -0.0539398193359375
-0.0856552124023437 -0.0110244750976563 0.0207061767578125 -0.00742340087890625
-0.0568466186523437 0.0371017456054688 0.0523109436035156 -0.013946533203125
-0.0184440612792969 0.0482177734375 0.0492172241210938 -0.0536041259765625
0.01300048828125 0.0507659912109375 0.0216064453125 -0.0823211669921875
0.0252494812011719 0.0327949523925781 -0.0130691528320313 -0.0918121337890625
0.0202693939208984 0.0337715148925781 -0.0219879150390625 -0.093658447265625
0.0197906494140625 0.038299560546875 -0.0058135986328125 -0.0948486328125
0.0122718811035156 0.0383949279785156 0.03363037109375 -0.0872344970703125
-0.0107154846191406 0.0388069152832031 0.0580406188964844 -0.0585441589355469
-0.0319175720214844 0.0346202850341797 0.0684890747070313 -0.00928497314453125
-0.0560340881347656 -0.00437927246093751 0.046478271484375 0.0329513549804688
-0.0658493041992188 -0.0559158325195313 -0.0132484436035156 0.02020263671875
-0.0604782104492188 -0.0924530029296875 -0.0324935913085938 -0.000694274902343761
-0.0682449340820313 -0.0800094604492188 0.0697174072265625 -0.122764587402344
-0.0788345336914062 -0.036285400390625 0.0117111206054687 -0.0709686279296875
-0.0651397705078125 0.0152969360351563 0.00958442687988281 -0.0180149078369141
-0.0248336791992188 0.045867919921875 0.041259765625 -0.0254173278808594
0.01080322265625 0.0378761291503906 0.0335617065429687 -0.0595664978027344
0.0317096710205078 0.01983642578125 0.0050048828125 -0.086334228515625
0.0292549133300781 -0.00506782531738281 -0.0283203125 -0.0923919677734375
0.0240879058837891 -0.00307655334472656 -0.036346435546875 -0.0938873291015625
0.0251560211181641 -0.00388145446777344 -0.0161209106445313 -0.0957412719726563
0.0325469970703125 -0.00302696228027344 0.02716064453125 -0.0895919799804688
0.0274868011474609 0.0142631530761719 0.0511016845703125 -0.0575065612792969
0.0147647857666016 0.0339527130126953 0.0591468811035156 -0.0102462768554687
-0.0276069641113281 0.0335979461669922 0.0307102203369141 0.0235919952392578
-0.0657691955566406 -0.00284957885742187 -0.0258464813232422 0.00202369689941406
-0.0763092041015625 -0.0480117797851562 -0.0371208190917969 -0.0312156677246094
0.0797576904296875 -0.0143814086914062 0.0583076477050781 0.03680419921875
0.0586395263671875 -0.0742950439453125 0.0421371459960938 -0.0018157958984375
-0.0227584838867188 -0.0788192749023438 -0.01544189453125 -0.0294780731201172
-0.0679588317871094 -0.030303955078125 -0.05523681640625 0.00749969482421875
-0.0614814758300781 0.0130538940429688 -0.043121337890625 0.0464553833007812
-0.0434379577636719 0.0491790771484375 -0.0128936767578125 0.084442138671875
-0.0183372497558594 0.0560874938964844 0.027313232421875 0.0888900756835938
-0.0243721008300781 0.0457611083984375 0.0456924438476563 0.076629638671875
-0.0329742431640625 0.0461807250976563 0.036163330078125 0.0738906860351563
-0.0484886169433594 0.0213890075683594 0.00997161865234375 0.0717544555664063
-0.0428047180175781 -0.0178375244140625 -0.0045013427734375 0.0575981140136719
-0.0183563232421875 -0.0392303466796875 -0.010833740234375 0.0411529541015625
0.032806396484375 -0.0370521545410156 -0.00515365600585938 0.0498161315917969
0.0687751770019531 -0.00128173828125 0.00207519531250002 0.104530334472656
0.0557708740234375 0.0348472595214844 -0.081390380859375 0.151092529296875
0.0780792236328125 -0.0637283325195313 0.0735092163085937 0.0317611694335937
0.0467071533203125 -0.114372253417969 0.0503463745117188 -0.00656509399414063
-0.0426101684570312 -0.105209350585938 -0.000205993652343753 -0.0255222320556641
-0.09796142578125 -0.0382232666015625 -0.0338764190673828 0.00166702270507812
-0.0872879028320313 0.0231399536132813 -0.0237312316894531 0.027801513671875
-0.0564956665039062 0.0811538696289063 -0.00101089477539062 0.0605850219726563
-0.0167922973632813 0.08642578125 0.0277824401855469 0.0602607727050781
-0.0188980102539063 0.0734329223632813 0.0451812744140625 0.0492744445800781
-0.0310745239257812 0.0786819458007813 0.0421524047851563 0.0499382019042969
-0.0528793334960938 0.0538368225097656 0.0264434814453125 0.0541114807128906
-0.0621376037597656 0.00865936279296874 0.0171470642089844 0.0480766296386719
-0.0503921508789063 -0.0260963439941406 0.0114631652832031 0.043670654296875
-0.00209808349609375 -0.05419921875 0.0130424499511719 0.0669021606445313
0.0415573120117188 -0.0474739074707031 0.0121688842773438 0.118110656738281
0.0452613830566406 -0.0192909240722656 -0.0662078857421875 0.162521362304688
0.0633621215820313 -0.102928161621094 0.0932846069335937 0.0141220092773437
0.0246810913085938 -0.137374877929687 0.0575485229492188 -0.014404296875
-0.0599365234375 -0.115303039550781 0.0123100280761719 -0.0220279693603516
-0.116043090820312 -0.0396499633789062 -0.00828552246093751 0.000602722167968746
-0.101821899414063 0.0331802368164063 0.00107288360595703 0.00732135772705078
-0.0620040893554687 0.097930908203125 0.0090484619140625 0.0259761810302734
-0.0115280151367188 0.102264404296875 0.0232391357421875 0.022705078125
-0.0129928588867187 0.09136962890625 0.0378684997558594 0.0142555236816406
-0.0217666625976562 0.100318908691406 0.0411376953125 0.0141258239746094
-0.0498580932617188 0.084197998046875 0.0378761291503906 0.028594970703125
-0.0769271850585937 0.0372772216796875 0.0376663208007813 0.0287513732910156
-0.0802841186523438 -0.00557708740234374 0.0351982116699219 0.0417327880859375
-0.0410003662109375 -0.0679359436035156 0.0338287353515625 0.075836181640625
0.0105209350585938 -0.0893478393554687 0.0200042724609375 0.118583679199219
0.0282669067382813 -0.072296142578125 -0.053009033203125 0.155258178710938
0.0371170043945313 -0.12799072265625 0.107704162597656 -0.0107040405273438
-0.004669189453125 -0.142562866210938 0.0587196350097656 -0.0261611938476563
-0.0735626220703125 -0.107803344726563 0.0216293334960937 -0.0165004730224609
-0.118667602539063 -0.0295028686523437 0.016779899597168 -0.0027151107788086
-0.100128173828125 0.038177490234375 0.0258998870849609 -0.0133609771728516
-0.055511474609375 0.10198974609375 0.0208721160888672 -0.011383056640625
-0.00555419921875 0.103775024414063 0.0189151763916016 -0.0175704956054687
-0.00496673583984375 0.0941848754882813 0.0246849060058594 -0.0237045288085937
-0.00883483886718751 0.105461120605469 0.0320529937744141 -0.0222148895263672
-0.0389785766601563 0.0983505249023438 0.0441017150878906 -0.00726318359374999
-0.0799789428710938 0.0562362670898438 0.0519180297851562 -5.72204589843716E-05
-0.097259521484375 0.0122604370117188 0.0561256408691406 0.0278358459472656
-0.072723388671875 -0.0711822509765625 0.0527191162109375 0.073516845703125
-0.0228424072265625 -0.113784790039063 0.020660400390625 0.103912353515625
0.00690460205078125 -0.109855651855469 -0.0400543212890625 0.128684997558594
-0.000839233398437488 -0.137405395507813 0.111869812011719 -0.0415420532226563
-0.0398101806640625 -0.127288818359375 0.0546035766601563 -0.0372238159179688
-0.0860366821289063 -0.0792999267578125 0.0279788970947266 -0.0132293701171875
-0.107696533203125 -0.00769042968749999 0.03948974609375 -0.00609970092773438
-0.0800628662109375 0.0447158813476563 0.0431594848632812 -0.0324516296386719
-0.0394287109375 0.0933685302734375 0.02587890625 -0.0454330444335937
0.00421142578125 0.0901947021484375 0.00969696044921876 -0.0547752380371094
0.00559234619140624 0.0854949951171875 0.00564575195312501 -0.0564842224121094
0.0024261474609375 0.09649658203125 0.0189552307128906 -0.0572624206542969
-0.0244903564453125 0.0947189331054688 0.0421905517578125 -0.0442733764648438
-0.0670814514160156 0.0651473999023438 0.0588302612304687 -0.0292205810546875
-0.095458984375 0.0266189575195313 0.0705108642578125 0.008819580078125
-0.0857620239257813 -0.060302734375 0.0619430541992187 0.0597953796386719
-0.0482864379882813 -0.117149353027344 0.0180740356445312 0.077239990234375
-0.0180740356445313 -0.126014709472656 -0.0283966064453125 0.0866622924804688
-0.034423828125 -0.131210327148437 0.105262756347656 -0.0719680786132813
-0.07098388671875 -0.0975494384765625 0.0435905456542969 -0.048095703125
-0.0891342163085938 -0.0418167114257812 0.0280513763427734 -0.0101089477539063
-0.0809326171875 0.0177841186523438 0.0511703491210937 -0.01336669921875
-0.0489578247070312 0.0476303100585937 0.0529670715332031 -0.0490989685058594
-0.0122299194335937 0.073089599609375 0.025482177734375 -0.0710220336914063
0.0147247314453125 0.0609512329101563 -0.00255584716796875 -0.0797500610351563
0.0120849609375 0.0610084533691406 -0.0114822387695313 -0.0808944702148438
0.0114974975585938 0.0709228515625 0.00336456298828125 -0.0819091796875
-0.00744247436523437 0.0699424743652344 0.0377960205078125 -0.073883056640625
-0.0428085327148438 0.0526275634765625 0.0603179931640625 -0.0530433654785156
-0.0672760009765625 0.0337638854980469 0.0728759765625 -0.006744384765625
-0.0755233764648438 -0.0360870361328125 0.0587615966796875 0.0428695678710938
-0.0596084594726562 -0.0933303833007813 0.0067596435546875 0.0463981628417969
-0.0405044555664062 -0.114128112792969 -0.02301025390625 0.04248046875
-0.0613784790039063 -0.105728149414063 0.0893325805664062 -0.101783752441406
-0.0849227905273438 -0.0631561279296875 0.0281524658203125 -0.06219482421875
-0.0805892944335938 -0.00360870361328126 0.0212593078613281 -0.0127735137939453
-0.050201416015625 0.0389289855957031 0.0517044067382813 -0.019134521484375
-0.0143013000488281 0.0436172485351563 0.0465278625488281 -0.0579795837402344
0.0102767944335938 0.0436553955078125 0.016204833984375 -0.0856857299804688
0.0205783843994141 0.0268573760986328 -0.0186843872070313 -0.0938186645507813
0.0184707641601563 0.0281867980957031 -0.0278091430664062 -0.0926666259765625
0.0170841217041016 0.0326766967773438 -0.0114364624023438 -0.0961990356445313
0.0112876892089844 0.0322303771972656 0.0293731689453125 -0.0915756225585938
-0.00761604309082031 0.0317764282226563 0.0564193725585938 -0.0642471313476563
-0.0258407592773438 0.0304775238037109 0.0693550109863281 -0.0149955749511719
-0.0494880676269531 -0.00299453735351562 0.0494880676269531 0.0281944274902344
-0.0631675720214844 -0.0468177795410156 -0.00648689270019531 0.0201587677001953
-0.0612106323242188 -0.080718994140625 -0.0238265991210938 0.00402832031249999
-0.0751724243164063 -0.0696868896484375 0.0724945068359375 -0.128494262695313
-0.0800094604492188 -0.024810791015625 0.0145263671875 -0.0750732421875
-0.0607147216796875 0.0240821838378906 0.00967597961425781 -0.0221710205078125
-0.0153274536132813 0.0461463928222656 0.0401992797851563 -0.029388427734375
0.0179634094238281 0.033538818359375 0.0319099426269531 -0.0605201721191406
0.0316944122314453 0.0108146667480469 0.001495361328125 -0.086700439453125
0.0245532989501953 -0.0108718872070312 -0.0308761596679688 -0.0920028686523438
0.0219440460205078 -0.00620269775390625 -0.04083251953125 -0.0926895141601563
0.0198764801025391 -0.0104503631591797 -0.019989013671875 -0.0959091186523437
0.0280303955078125 -0.0107135772705078 0.024200439453125 -0.0935134887695313
0.0295372009277344 0.0071563720703125 0.0488052368164063 -0.0615425109863281
0.0203227996826172 0.0267009735107422 0.0600395202636719 -0.0145034790039062
-0.0194225311279297 0.0342559814453125 0.0325298309326172 0.0214462280273438
-0.0594558715820313 0.00809478759765626 -0.0211544036865234 0.00452804565429688
-0.075531005859375 -0.0351028442382813 -0.0320854187011719 -0.0223007202148438
0.0792083740234375 -0.0231170654296875 0.0491752624511719 0.0300369262695312
0.0493011474609375 -0.080902099609375 0.0360183715820313 -0.00547027587890626
-0.030609130859375 -0.0754318237304688 -0.0169696807861328 -0.0273532867431641
-0.0704574584960938 -0.0224761962890625 -0.0550346374511719 0.0093994140625
-0.05841064453125 0.0194511413574219 -0.0414085388183594 0.0472679138183594
-0.0363426208496094 0.0545005798339844 -0.010223388671875 0.0842437744140625
-0.0117912292480469 0.0580101013183594 0.02703857421875 0.0863800048828125
-0.017364501953125 0.0482635498046875 0.0436859130859375 0.0737686157226563
-0.0274467468261719 0.0511894226074219 0.034454345703125 0.0706100463867188
-0.0463829040527344 0.0280113220214844 0.009490966796875 0.070281982421875
-0.0462570190429688 -0.0118675231933594 -0.00272750854492188 0.0543060302734375
-0.0241813659667969 -0.0377655029296875 -0.00780487060546876 0.0398139953613281
0.0280952453613281 -0.043609619140625 -0.00360107421874999 0.0521430969238281
0.0669364929199219 -0.0131187438964844 0.001922607421875 0.104766845703125
0.0596237182617188 0.0249061584472656 -0.0792999267578125 0.151809692382813
0.0778884887695313 -0.0695877075195313 0.0665969848632813 0.0213966369628906
0.0379638671875 -0.118736267089844 0.0441360473632813 -0.0100059509277344
-0.0497283935546875 -0.102119445800781 -0.00315093994140625 -0.0263843536376953
-0.0999908447265625 -0.0302505493164062 -0.0347518920898438 0.00277519226074219
-0.0855712890625 0.030059814453125 -0.0240249633789063 0.0263614654541016
-0.0493850708007812 0.0841751098632813 -0.00264739990234375 0.0584259033203125
-0.00983428955078126 0.0875701904296875 0.0245399475097656 0.0581512451171875
-0.0141372680664063 0.0757904052734375 0.0400123596191406 0.0460205078125
-0.02392578125 0.08197021484375 0.0385589599609375 0.0443534851074219
-0.0500373840332031 0.0597267150878906 0.0248756408691406 0.0495529174804688
-0.0658378601074219 0.0133476257324219 0.0181846618652344 0.042388916015625
-0.0558967590332031 -0.0245819091796875 0.0160713195800781 0.0412750244140625
-0.00526809692382813 -0.0609245300292969 0.0174789428710938 0.0661506652832031
0.0434074401855469 -0.0560836791992188 0.0146484375 0.116500854492188
0.05096435546875 -0.026153564453125 -0.061859130859375 0.160171508789063
0.0642623901367188 -0.106269836425781 0.0858001708984375 0.00222778320312499
0.0192108154296875 -0.14031982421875 0.0503082275390625 -0.0207176208496094
-0.0640869140625 -0.113876342773437 0.00890159606933593 -0.0243759155273438
-0.117012023925781 -0.0333099365234375 -0.00960540771484376 -0.00215816497802734
-0.0997848510742187 0.036590576171875 -0.00156664848327637 0.00423359870910645
-0.0564727783203125 0.100387573242188 0.00580596923828125 0.0239410400390625
-0.00710296630859376 0.103630065917969 0.0187740325927734 0.0203609466552734
-0.00868225097656251 0.0919265747070313 0.0302715301513672 0.0107326507568359
-0.0163192749023438 0.101028442382813 0.0355186462402344 0.0109138488769531
-0.047149658203125 0.0855712890625 0.0340290069580078 0.0212421417236328
-0.077301025390625 0.039215087890625 0.0370445251464844 0.021026611328125
-0.0817031860351562 -0.00670623779296875 0.0387687683105469 0.0346527099609375
-0.0426025390625 -0.0719528198242188 0.0391387939453125 0.0724029541015625
0.011260986328125 -0.0938186645507813 0.0235824584960937 0.115821838378906
0.034332275390625 -0.0748748779296875 -0.046142578125 0.152450561523438
0.038299560546875 -0.127975463867188 0.0998001098632812 -0.023895263671875
-0.00756835937500001 -0.141571044921875 0.0528640747070313 -0.0337944030761719
-0.0756683349609375 -0.105865478515625 0.0179405212402344 -0.0202827453613281
-0.118598937988281 -0.0262451171875 0.014216423034668 -0.00641155242919922
-0.0983963012695313 0.0417251586914063 0.0210685729980469 -0.0184707641601562
-0.0516815185546875 0.103004455566406 0.0151348114013672 -0.0133504867553711
-0.0027008056640625 0.103012084960938 0.011383056640625 -0.019378662109375
-0.00241088867187501 0.0942840576171875 0.0163497924804688 -0.0250205993652344
-0.006011962890625 0.105438232421875 0.0256423950195312 -0.0248908996582031
-0.03729248046875 0.0975189208984375 0.0383949279785156 -0.0147933959960937
-0.077423095703125 0.0573043823242188 0.0502662658691406 -0.00666046142578124
-0.0966415405273438 0.0115203857421875 0.0578727722167969 0.0205612182617188
-0.0717849731445312 -0.0726089477539063 0.0564041137695312 0.0670356750488281
-0.0206756591796875 -0.116706848144531 0.0274581909179688 0.0991744995117188
0.0116348266601563 -0.109176635742188 -0.0307846069335937 0.124366760253906
0.00279235839843749 -0.133193969726563 0.106163024902344 -0.0530624389648438
-0.0396652221679688 -0.124282836914063 0.0496482849121094 -0.0453872680664063
-0.0842666625976562 -0.0784912109375 0.0242099761962891 -0.0177135467529297
-0.103187561035156 -0.00735473632812502 0.0365142822265625 -0.0106124877929687
-0.077850341796875 0.0435943603515625 0.038909912109375 -0.0385894775390625
-0.035919189453125 0.0911483764648438 0.0208969116210938 -0.0481224060058594
0.00369262695312501 0.088134765625 0.000965118408203131 -0.0545692443847656
0.004180908203125 0.0821914672851563 -0.000652313232421871 -0.0573959350585937
0.0032501220703125 0.0934295654296875 0.0113868713378906 -0.0577545166015625
-0.0245590209960938 0.091064453125 0.0350761413574219 -0.0495033264160156
-0.0649375915527344 0.0621070861816406 0.0557708740234375 -0.0362014770507812
-0.0911483764648438 0.0249557495117188 0.0693359375 0.00138092041015625
-0.0830307006835938 -0.0589752197265625 0.0640144348144531 0.052490234375
-0.0453948974609375 -0.114753723144531 0.02294921875 0.0718917846679687
-0.0142822265625 -0.120849609375 -0.0198516845703125 0.0843734741210937
-0.0330581665039062 -0.121864318847656 0.102409362792969 -0.0813446044921875
-0.0665359497070313 -0.0920639038085937 0.041473388671875 -0.0559349060058594
-0.0834121704101563 -0.0385360717773437 0.0262546539306641 -0.015472412109375
-0.0757675170898438 0.0159378051757812 0.04888916015625 -0.016387939453125
-0.0474929809570313 0.0444831848144531 0.0470046997070313 -0.0523605346679688
-0.0129203796386719 0.0675697326660156 0.0193328857421875 -0.0731658935546875
0.0106277465820313 0.0592422485351563 -0.0095977783203125 -0.0792922973632813
0.00976943969726562 0.0578231811523438 -0.0186767578125 -0.0801849365234375
0.00969696044921875 0.0672454833984375 -0.0046539306640625 -0.0834808349609375
-0.00877761840820313 0.0645370483398438 0.0293807983398438 -0.077239990234375
-0.0404548645019531 0.0496444702148438 0.0549774169921875 -0.0586662292480469
-0.0637931823730469 0.0285491943359375 0.0718765258789063 -0.0137481689453125
-0.0703125 -0.0352401733398438 0.0617599487304687 0.0351371765136719
-0.0561599731445313 -0.0871734619140625 0.0117835998535156 0.0408935546875
-0.0366363525390625 -0.106452941894531 -0.0152053833007813 0.04180908203125
-0.0609054565429688 -0.0958251953125 0.089385986328125 -0.109100341796875
-0.0806808471679688 -0.05389404296875 0.0289688110351562 -0.0660209655761719
-0.0733489990234375 -0.000411987304687514 0.0187873840332031 -0.0176963806152344
-0.0426483154296875 0.0355300903320312 0.0484046936035156 -0.0232505798339844
-0.0118942260742187 0.0392646789550781 0.0425643920898438 -0.0603866577148438
0.0113258361816406 0.0380134582519531 0.0117263793945313 -0.0853347778320313
0.0162067413330078 0.0234603881835938 -0.0220260620117188 -0.090789794921875
0.0138015747070312 0.0253028869628906 -0.0324554443359375 -0.0904541015625
0.0129280090332031 0.0291709899902344 -0.0162811279296875 -0.0957260131835937
0.00658988952636718 0.0263805389404297 0.0235519409179687 -0.0928573608398438
-0.00746917724609375 0.0251235961914062 0.0520057678222656 -0.0669403076171875
-0.0222244262695313 0.0251998901367188 0.0673370361328125 -0.01995849609375
-0.0419464111328125 -0.00201797485351563 0.049835205078125 0.0227546691894531
-0.0560340881347656 -0.0402107238769531 -0.00176239013671875 0.0173978805541992
-0.0562362670898437 -0.0708770751953125 -0.0151844024658203 0.00526905059814452
-0.0757064819335938 -0.0583572387695313 0.0730209350585938 -0.131500244140625
-0.0770111083984375 -0.0152816772460938 0.0147171020507812 -0.0800247192382813
-0.0544509887695312 0.0286293029785156 0.00636482238769531 -0.0255527496337891
-0.0093536376953125 0.0448417663574219 0.0363044738769531 -0.0309295654296875
0.0202789306640625 0.0279731750488281 0.0278205871582031 -0.0605888366699219
0.0293922424316406 0.00362014770507813 -0.0018463134765625 -0.0847702026367187
0.0178089141845703 -0.0142650604248047 -0.0329055786132813 -0.088531494140625
0.0150699615478516 -0.0105524063110352 -0.0409774780273437 -0.0869979858398437
0.0134773254394531 -0.0130500793457031 -0.0208663940429688 -0.0935134887695313
0.021514892578125 -0.0163040161132813 0.0201034545898438 -0.0928878784179687
0.0277614593505859 -0.00165748596191406 0.0458908081054688 -0.063140869140625
0.0244350433349609 0.0214633941650391 0.0576400756835938 -0.0163650512695313
-0.0100879669189453 0.0343742370605469 0.0350475311279297 0.0172328948974609
-0.0521392822265625 0.0144500732421875 -0.01544189453125 0.00418663024902344
-0.0721359252929688 -0.024169921875 -0.0222873687744141 -0.0182723999023438
0.0750808715820313 -0.029937744140625 0.0397529602050781 0.0259323120117187
0.0402984619140625 -0.082122802734375 0.0291481018066406 -0.00554847717285157
-0.0359268188476563 -0.0709304809570313 -0.018524169921875 -0.0254421234130859
-0.0694580078125 -0.0161361694335938 -0.0538368225097656 0.0102767944335937
-0.055877685546875 0.0234947204589844 -0.0416793823242187 0.0449600219726563
-0.0302925109863281 0.056793212890625 -0.00986480712890625 0.0815963745117188
-0.00662231445312499 0.0581436157226563 0.025238037109375 0.0845794677734375
-0.0123443603515625 0.0491294860839844 0.039947509765625 0.0710830688476563
-0.0214958190917969 0.0528411865234375 0.0316390991210937 0.0683021545410156
-0.0428657531738281 0.0327568054199219 0.00711059570312499 0.0664901733398438
-0.04766845703125 -0.00609970092773437 -0.00240707397460937 0.0515174865722656
-0.0280094146728516 -0.0350914001464844 -0.00555419921875 0.0373344421386719
0.0228996276855469 -0.0477027893066406 -0.0017852783203125 0.052490234375
0.0641136169433594 -0.0214385986328125 0.000282287597656255 0.104866027832031
0.0614776611328125 0.0167579650878906 -0.080718994140625 0.149948120117188
0.076690673828125 -0.074127197265625 0.056793212890625 0.0163002014160156
0.0315399169921875 -0.119659423828125 0.0364265441894531 -0.0114021301269531
-0.0534744262695312 -0.098358154296875 -0.00580596923828125 -0.0257682800292969
-0.0991134643554687 -0.025634765625 -0.0347461700439453 0.00221443176269532
-0.082916259765625 0.0331497192382812 -0.0257167816162109 0.0241031646728516
-0.0435409545898437 0.084869384765625 -0.00504302978515626 0.055908203125
-0.00615692138671876 0.0866546630859375 0.0205230712890625 0.0568733215332031
-0.0108184814453125 0.0754928588867188 0.0350914001464844 0.04437255859375
-0.019317626953125 0.0822067260742188 0.0329551696777344 0.04248046875
-0.0477180480957031 0.062652587890625 0.0203285217285156 0.0455436706542969
-0.0674972534179688 0.0160903930664063 0.0175704956054687 0.0373153686523438
-0.0582237243652344 -0.0241165161132812 0.0171546936035156 0.0367851257324219
-0.00784683227539063 -0.06494140625 0.0194244384765625 0.0647315979003906
0.0429229736328125 -0.0629043579101563 0.0147628784179688 0.114501953125
0.0552482604980469 -0.032318115234375 -0.062347412109375 0.156692504882813
0.066802978515625 -0.1080322265625 0.075408935546875 -0.00425720214843751
0.0171890258789063 -0.140121459960938 0.0423583984375 -0.0229072570800781
-0.0653457641601562 -0.11212158203125 0.005401611328125 -0.0249252319335938
-0.1158447265625 -0.0309982299804688 -0.0119953155517578 -0.00399208068847656
-0.0984268188476562 0.0380706787109375 -0.00554943084716797 0.000970363616943363
-0.051666259765625 0.100112915039063 0.00187492370605469 0.0221939086914063
-0.00542449951171874 0.102516174316406 0.0131721496582031 0.0201282501220703
-0.00739288330078125 0.0905227661132813 0.0241470336914063 0.0106849670410156
-0.0141525268554688 0.100852966308594 0.029022216796875 0.00963401794433594
-0.0455322265625 0.0857009887695313 0.029205322265625 0.0167980194091797
-0.0782928466796875 0.0392532348632813 0.0345230102539062 0.0158977508544922
-0.0835647583007813 -0.00806427001953125 0.0393714904785156 0.0295906066894531
-0.0418930053710937 -0.0755996704101563 0.041259765625 0.0690689086914063
0.0134811401367187 -0.0984573364257813 0.0239028930664062 0.112289428710937
0.0391311645507813 -0.0778350830078125 -0.044158935546875 0.146240234375
0.042694091796875 -0.1273193359375 0.0918197631835938 -0.0308990478515625
-0.00569152832031249 -0.14093017578125 0.0463600158691406 -0.0368499755859375
-0.0744781494140625 -0.105949401855469 0.0144939422607422 -0.0230484008789063
-0.116920471191406 -0.0264129638671875 0.0115165710449219 -0.00903987884521485
-0.0973968505859375 0.0404205322265625 0.0165843963623047 -0.0213890075683594
-0.0500411987304687 0.101295471191406 0.00962162017822265 -0.0146303176879883
-0.0031585693359375 0.102058410644531 0.00512123107910156 -0.0182380676269531
-0.00272369384765625 0.0926132202148438 0.00944328308105469 -0.0244331359863281
-0.0062103271484375 0.104637145996094 0.0185108184814453 -0.0256786346435547
-0.0378646850585938 0.0958404541015625 0.0320396423339844 -0.0180397033691406
-0.0784454345703125 0.05572509765625 0.0473747253417969 -0.0120010375976562
-0.0965805053710938 0.00897216796875001 0.0575294494628906 0.0149459838867188
-0.0694046020507812 -0.0755844116210938 0.0574913024902344 0.0625038146972656
-0.01708984375 -0.118942260742188 0.0285568237304688 0.09454345703125
0.0178375244140625 -0.109062194824219 -0.0277862548828125 0.118888854980469
0.00910186767578124 -0.129791259765625 0.101028442382813 -0.059661865234375
-0.0337448120117187 -0.121818542480469 0.0456161499023438 -0.0502586364746094
-0.0791473388671875 -0.0793075561523438 0.0207195281982422 -0.0205059051513672
-0.101417541503906 -0.0108871459960937 0.0330085754394531 -0.0138568878173828
-0.0789794921875 0.040802001953125 0.0345649719238281 -0.040863037109375
-0.0373916625976563 0.0883331298828125 0.0148735046386719 -0.0481605529785156
0.000823974609375005 0.0859832763671875 -0.00429534912109376 -0.0527801513671875
0.00150299072265625 0.080291748046875 -0.00643539428710937 -0.0554618835449219
-4.57763671875065E-05 0.0918121337890625 0.00513839721679688 -0.0577316284179687
-0.0260772705078125 0.087646484375 0.0297775268554687 -0.0522613525390625
-0.0659828186035156 0.0582313537597656 0.0520820617675781 -0.0401496887207031
-0.0890731811523438 0.0204849243164063 0.0677146911621094 -0.004241943359375
-0.0781478881835938 -0.0620574951171875 0.0641098022460938 0.0474624633789062
-0.0398941040039063 -0.114479064941406 0.0242767333984375 0.0661430358886719
-0.00608825683593749 -0.117340087890625 -0.0155487060546875 0.0790481567382812
-0.0264358520507812 -0.115386962890625 0.100028991699219 -0.0875244140625
-0.0583724975585938 -0.0883102416992188 0.0393943786621094 -0.0606307983398438
-0.07659912109375 -0.040496826171875 0.0222415924072266 -0.0187473297119141
-0.072418212890625 0.0108642578125 0.0460777282714844 -0.0196418762207031
-0.0472755432128906 0.0388565063476562 0.0430374145507813 -0.0537910461425781
-0.0163726806640625 0.0638694763183594 0.01544189453125 -0.0724716186523438
0.00526809692382813 0.0573654174804688 -0.01348876953125 -0.0776138305664063
0.00592803955078125 0.0560455322265625 -0.0214385986328125 -0.0776443481445312
0.00499725341796875 0.0642433166503906 -0.00829315185546875 -0.0815277099609375
-0.0131111145019531 0.0609016418457031 0.0245437622070312 -0.078582763671875
-0.0417327880859375 0.0441818237304688 0.0514488220214844 -0.0606040954589844
-0.0607337951660156 0.022216796875 0.0697250366210938 -0.0179672241210938
-0.0642890930175781 -0.0374603271484375 0.0605239868164062 0.0305557250976562
-0.0485382080078125 -0.0847930908203125 0.0138778686523437 0.036590576171875
-0.028472900390625 -0.10040283203125 -0.00864410400390625 0.0380744934082031
-0.0551300048828125 -0.0875320434570312 0.0905990600585937 -0.111930847167969
-0.0719985961914063 -0.048583984375 0.0287322998046875 -0.0708999633789063
-0.0657539367675781 -0.000968933105468742 0.0167331695556641 -0.0207042694091797
-0.0374488830566406 0.0301094055175781 0.0460433959960938 -0.0254173278808594
-0.0112037658691406 0.0332145690917969 0.0396308898925781 -0.0600395202636719
0.00654983520507813 0.0326271057128906 0.00860595703125001 -0.0843582153320313
0.0102119445800781 0.0214939117431641 -0.0229873657226563 -0.0890274047851563
0.009063720703125 0.0239009857177734 -0.0335006713867188 -0.0878067016601563
0.00696563720703125 0.0273075103759766 -0.017242431640625 -0.0935516357421875
0.000656127929687499 0.02227783203125 0.020172119140625 -0.092742919921875
-0.0104885101318359 0.0192909240722656 0.0491447448730469 -0.0679244995117188
-0.0197715759277344 0.0178356170654297 0.0655097961425781 -0.0223159790039063
-0.0349330902099609 -0.00514030456542968 0.0490646362304688 0.0194664001464844
-0.0478858947753906 -0.0369110107421875 0.00125789642333984 0.0139760971069336
-0.0476875305175781 -0.0636062622070313 -0.00763368606567383 0.00417518615722656
-0.0727996826171875 -0.0494461059570312 0.0752639770507813 -0.132568359375
-0.0703201293945313 -0.00848388671875001 0.0163803100585937 -0.0828933715820312
-0.04736328125 0.0299072265625 0.00467681884765625 -0.0277156829833984
-0.00324249267578125 0.0410575866699219 0.0340843200683594 -0.0310096740722656
0.0205707550048828 0.0221481323242187 0.0256500244140625 -0.0587692260742188
0.0251483917236328 -0.000108718872070313 -0.00266265869140624 -0.082275390625
0.0124893188476563 -0.0161266326904297 -0.031585693359375 -0.08587646484375
0.0107450485229492 -0.011775016784668 -0.0395355224609375 -0.0850296020507812
0.00853252410888672 -0.0139322280883789 -0.0212326049804688 -0.0925674438476563
0.0157928466796875 -0.0191593170166016 0.0189361572265625 -0.0913467407226563
0.0245628356933594 -0.00727462768554688 0.0452728271484375 -0.0618019104003906
0.0242938995361328 0.0138473510742188 0.057403564453125 -0.0182304382324219
-0.00387001037597656 0.0306797027587891 0.0338459014892578 0.0143222808837891
-0.0438232421875 0.0178871154785156 -0.0104703903198242 0.00140666961669922
-0.0637397766113281 -0.0164146423339844 -0.012176513671875 -0.0171546936035156
0.072601318359375 -0.0336074829101563 0.0303230285644531 0.0251884460449219
0.0354461669921875 -0.0823211669921875 0.0238151550292969 -0.00393676757812501
-0.0379371643066406 -0.06842041015625 -0.0191593170166016 -0.0242061614990234
-0.0689773559570313 -0.0121994018554688 -0.0532417297363281 0.0096282958984375
-0.0535316467285156 0.02606201171875 -0.0430221557617188 0.043609619140625
-0.0253639221191406 0.0569229125976562 -0.01202392578125 0.0812225341796875
-0.00318527221679688 0.0578498840332031 0.0219192504882813 0.085296630859375
-0.00962066650390625 0.049285888671875 0.0357894897460937 0.0722122192382812
-0.0172996520996094 0.0537109375 0.02716064453125 0.0691604614257812
-0.0407218933105469 0.0353202819824219 0.002960205078125 0.0659751892089844
-0.0486831665039063 -0.0025787353515625 -0.00442886352539062 0.0489540100097656
-0.0308303833007812 -0.0339374542236328 -0.0054473876953125 0.0356559753417969
0.0187759399414062 -0.04998779296875 -0.0015106201171875 0.0538444519042969
0.0611610412597656 -0.0268898010253906 -0.00219726562499999 0.106857299804688
0.0620460510253906 0.0111160278320313 -0.086456298828125 0.14776611328125
0.0784149169921875 -0.0774993896484375 0.0468521118164063 0.0145454406738281
0.029296875 -0.120208740234375 0.0303421020507813 -0.0105323791503906
-0.0540008544921875 -0.0973739624023438 -0.00719261169433594 -0.0257625579833984
-0.0986099243164063 -0.0235824584960937 -0.0349998474121094 0.00102806091308594
-0.0817794799804688 0.0342941284179687 -0.0285549163818359 0.0221519470214844
-0.0407333374023438 0.0849990844726562 -0.00844192504882813 0.0548629760742188
-0.00445556640624999 0.0867691040039063 0.015899658203125 0.0583419799804688
-0.00904083251953126 0.0758819580078125 0.0295372009277344 0.0458488464355469
-0.0172653198242187 0.0833358764648438 0.0278205871582031 0.0433387756347656
-0.0472869873046875 0.064666748046875 0.0154304504394531 0.0441970825195313
-0.0695037841796875 0.0180778503417969 0.0152359008789062 0.0343494415283203
-0.0604400634765625 -0.0251579284667969 0.0170669555664062 0.0342578887939453
-0.00981521606445312 -0.06951904296875 0.0198249816894531 0.0646553039550781
0.0432357788085938 -0.0689735412597656 0.0113906860351563 0.114654541015625
0.0592117309570313 -0.0371284484863281 -0.067474365234375 0.153396606445313
0.0711135864257812 -0.110954284667969 0.0667991638183594 -0.00696182250976563
0.0180816650390625 -0.14178466796875 0.0362739562988281 -0.0231704711914063
-0.0647125244140625 -0.113426208496094 0.00300979614257812 -0.0251007080078125
-0.115570068359375 -0.0314407348632812 -0.0136394500732422 -0.00520706176757813
-0.0987396240234375 0.0375900268554687 -0.00926017761230469 -0.000809669494628904
-0.0516128540039062 0.09991455078125 -0.00173568725585938 0.0217914581298828
-0.00655364990234375 0.102806091308594 0.00806617736816406 0.0225467681884766
-0.00830841064453126 0.0915069580078125 0.0186519622802734 0.0128078460693359
-0.0142364501953125 0.101875305175781 0.0236282348632813 0.0100154876708984
-0.047119140625 0.08685302734375 0.0236835479736328 0.0144729614257813
-0.0814285278320313 0.0389938354492187 0.0324459075927734 0.012481689453125
-0.0860366821289063 -0.0110092163085937 0.0391159057617187 0.0262298583984375
-0.0420074462890625 -0.0812530517578125 0.0410079956054687 0.067626953125
0.0161285400390625 -0.104476928710938 0.022308349609375 0.110870361328125
0.0458297729492188 -0.08135986328125 -0.0478668212890625 0.141998291015625
0.0502853393554688 -0.128509521484375 0.085235595703125 -0.033721923828125
-0.0008544921875 -0.143447875976563 0.040985107421875 -0.0382156372070313
-0.0717086791992188 -0.110130310058594 0.0116157531738281 -0.0242214202880859
-0.116630554199219 -0.0295562744140625 0.00903606414794921 -0.0100259780883789
-0.0995025634765625 0.0380325317382813 0.0125389099121094 -0.0226707458496094
-0.0521469116210937 0.100448608398438 0.00594902038574219 -0.0150814056396484
-0.00624084472656249 0.103103637695313 1.62124633789071E-05 -0.0163049697875977
-0.0056610107421875 0.0933685302734375 0.00451850891113281 -0.0223407745361328
-0.00868988037109375 0.105552673339844 0.0137500762939453 -0.0248470306396484
-0.0409927368164063 0.0957107543945313 0.0271472930908203 -0.0193309783935547
-0.082122802734375 0.0535736083984375 0.0446853637695312 -0.0149993896484375
-0.0979766845703125 0.00421905517578124 0.0563850402832031 0.0114631652832031
-0.0675048828125 -0.0819625854492188 0.0569267272949219 0.060516357421875
-0.0118560791015625 -0.123367309570313 0.027252197265625 0.0917739868164062
0.026336669921875 -0.111656188964844 -0.0286865234375 0.114067077636719
0.0183563232421875 -0.128837585449219 0.0972442626953125 -0.0633163452148438
-0.026123046875 -0.1243896484375 0.0424423217773437 -0.0525703430175781
-0.0751266479492188 -0.084808349609375 0.0175247192382812 -0.0220985412597656
-0.101181030273438 -0.015869140625 0.0303993225097656 -0.0154380798339844
-0.0818328857421875 0.037261962890625 0.0314102172851562 -0.0418052673339844
-0.0410614013671875 0.086578369140625 0.0117568969726562 -0.0484580993652344
-0.00359344482421876 0.08673095703125 -0.00722503662109375 -0.0512504577636719
-0.00245666503906251 0.0809555053710937 -0.0101051330566406 -0.0535507202148437
-0.004058837890625 0.092193603515625 0.00148391723632812 -0.0576820373535156
-0.0304641723632813 0.0864105224609375 0.0251502990722656 -0.0534515380859375
-0.0699844360351562 0.0547294616699219 0.0497856140136719 -0.0426445007324219
-0.0903167724609375 0.0146026611328125 0.0664100646972656 -0.00666046142578125
-0.0742340087890625 -0.06842041015625 0.0633544921875 0.0442962646484375
-0.0329971313476563 -0.118179321289063 0.0235977172851562 0.0622482299804687
0.00366973876953125 -0.117752075195313 -0.0139694213867188 0.0745697021484375
-0.0171661376953125 -0.11279296875 0.100181579589844 -0.091064453125
-0.0495986938476563 -0.0895156860351562 0.0384941101074219 -0.0645866394042969
-0.0711441040039063 -0.0453643798828125 0.0195579528808594 -0.02142333984375
-0.0709075927734375 0.00456237792968751 0.0436477661132813 -0.0208473205566406
-0.0503692626953125 0.0339088439941406 0.0409202575683594 -0.0544242858886719
-0.0215873718261719 0.0617637634277344 0.0131149291992187 -0.072174072265625
0.000438690185546871 0.0576057434082031 -0.01513671875 -0.0765380859375
0.00165557861328125 0.05645751953125 -0.0232620239257812 -0.0763626098632813
-0.000457763671874997 0.0644989013671875 -0.00961303710937499 -0.0813140869140625
-0.018585205078125 0.0591468811035156 0.0223541259765625 -0.0787124633789063
-0.0459365844726562 0.0396270751953125 0.0504493713378906 -0.0618629455566406
-0.0619697570800781 0.0157356262207031 0.0681800842285156 -0.0196304321289063
-0.0595779418945312 -0.0434799194335938 0.0589065551757812 0.0281448364257812
-0.0408401489257813 -0.086395263671875 0.0142879486083984 0.0325660705566406
-0.0185623168945312 -0.0990142822265625 -0.00405502319335938 0.034210205078125
-0.0480270385742188 -0.0843582153320313 0.093994140625 -0.1146240234375
-0.0643043518066406 -0.0477523803710937 0.030364990234375 -0.0749435424804688
-0.0596504211425781 -0.00423812866210938 0.0151348114013672 -0.0230255126953125
-0.0352897644042969 0.0242843627929688 0.0443992614746094 -0.0261192321777344
-0.0134067535400391 0.0276355743408203 0.0390357971191406 -0.06011962890625
0.00133705139160156 0.0300922393798828 0.00876617431640625 -0.0836639404296875
0.00452232360839843 0.0218391418457031 -0.02264404296875 -0.088165283203125
0.00441169738769531 0.0241584777832031 -0.0323104858398438 -0.0872573852539063
0.00142860412597656 0.0276947021484375 -0.0177001953125 -0.0940475463867187
-0.00514793395996094 0.0202560424804688 0.02001953125 -0.09246826171875
-0.014317512512207 0.0142707824707031 0.0486412048339844 -0.0678253173828125
-0.0203685760498047 0.0119972229003906 0.0645294189453125 -0.0229682922363281
-0.0300636291503906 -0.00980377197265626 0.0479393005371094 0.0178451538085937
-0.0396461486816406 -0.0371131896972656 0.0028533935546875 0.0100317001342773
-0.0388259887695312 -0.0608444213867188 -0.000453114509582522 0.00159382820129394
-0.0688934326171875 -0.0449142456054688 0.0813751220703125 -0.134506225585938
-0.0648384094238281 -0.00684356689453124 0.0199356079101563 -0.0864105224609375
-0.0419502258300781 0.0294113159179688 0.00374412536621093 -0.029541015625
-0.000125885009765628 0.0369949340820313 0.0331363677978516 -0.0312366485595703
0.0202217102050781 0.0175018310546875 0.0262184143066406 -0.0573616027832031
0.0216808319091797 -0.00352287292480469 -0.00078582763671875 -0.0813064575195312
0.00784015655517578 -0.0157499313354492 -0.028411865234375 -0.086181640625
0.00654411315917969 -0.0117778778076172 -0.0367965698242188 -0.085205078125
0.00333404541015625 -0.0141067504882813 -0.0186920166015625 -0.0932464599609375
0.0100193023681641 -0.0210361480712891 0.0203094482421875 -0.0920028686523437
0.0208530426025391 -0.0115451812744141 0.0463180541992188 -0.0618858337402344
0.0238380432128906 0.00889968872070313 0.0574951171875 -0.0181159973144531
0.000410079956054689 0.0270538330078125 0.0331573486328125 0.0140743255615234
-0.0371627807617188 0.0181198120117188 -0.00701284408569336 -0.00114107131958008
-0.0570793151855469 -0.0133171081542969 -0.00313568115234375 -0.01806640625
0.0723876953125 -0.03717041015625 0.0222568511962891 0.0273151397705078
0.0321044921875 -0.0842971801757813 0.0201969146728516 -0.0019073486328125
-0.0399589538574219 -0.067291259765625 -0.020172119140625 -0.0247535705566406
-0.0694007873535156 -0.00935363769531249 -0.0547447204589844 0.00870513916015625
-0.05291748046875 0.0278167724609375 -0.0461235046386719 0.0437049865722656
-0.0226593017578125 0.0584030151367188 -0.0155181884765625 0.0827713012695313
-0.000686645507812506 0.0589370727539063 0.018768310546875 0.08929443359375
-0.0071563720703125 0.0507087707519531 0.0326385498046875 0.0759963989257813
-0.0145530700683594 0.055419921875 0.0238723754882812 0.072357177734375
-0.0390281677246094 0.0384902954101563 -0.00105667114257813 0.0675430297851563
-0.0505409240722656 0.000396728515625004 -0.00661087036132813 0.0488471984863281
-0.0341281890869141 -0.0332717895507813 -0.00565719604492188 0.0349617004394531
0.0155105590820312 -0.0531692504882813 -0.00169754028320312 0.0567474365234375
0.0603370666503906 -0.0317573547363281 -0.00551605224609374 0.111175537109375
0.0631561279296875 0.00676727294921875 -0.09619140625 0.151077270507813
0.0806350708007813 -0.0823516845703125 0.0387115478515625 0.0148582458496094
0.0288238525390625 -0.124351501464844 0.0262012481689453 -0.00841140747070313
-0.0555343627929688 -0.0996170043945312 -0.00874519348144532 -0.0255794525146484
-0.10009765625 -0.0230789184570312 -0.0369873046875 -0.00037765502929687
-0.083343505859375 0.0353927612304688 -0.0326614379882813 0.0216236114501953
-0.0398025512695312 0.0867691040039063 -0.0122604370117188 0.0564079284667969
-0.00376129150390625 0.0894393920898438 0.0119247436523437 0.0620574951171875
-0.00884246826171876 0.0783767700195313 0.0259742736816406 0.0498085021972656
-0.0162124633789062 0.0865631103515625 0.024749755859375 0.0461044311523438
-0.0483207702636719 0.0683364868164063 0.0107841491699219 0.0456886291503906
-0.0734481811523437 0.0199432373046875 0.0130252838134766 0.033447265625
-0.0648612976074219 -0.0270271301269531 0.0170326232910156 0.0327033996582031
-0.0115737915039063 -0.075653076171875 0.0202865600585938 0.0670661926269531
0.0448532104492188 -0.0760116577148438 0.00904083251953126 0.118690490722656
0.0639686584472656 -0.042694091796875 -0.076202392578125 0.155670166015625
0.077728271484375 -0.116561889648438 0.0600433349609375 -0.00749588012695313
0.019989013671875 -0.148086547851563 0.0322551727294922 -0.0223522186279297
-0.06500244140625 -0.118949890136719 0.000923156738281246 -0.0257091522216797
-0.118202209472656 -0.0345306396484375 -0.0159931182861328 -0.00643253326416016
-0.102432250976563 0.0377273559570312 -0.0127229690551758 -0.00177860260009766
-0.0530929565429687 0.101783752441406 -0.00583267211914063 0.0221099853515625
-0.0074005126953125 0.107063293457031 0.00402450561523437 0.0255947113037109
-0.00902557373046874 0.09521484375 0.014739990234375 0.0159578323364258
-0.0153961181640625 0.105804443359375 0.0196933746337891 0.0121784210205078
-0.0510406494140625 0.0903701782226562 0.0193901062011719 0.0151329040527344
-0.0870513916015625 0.039703369140625 0.0308723449707031 0.010467529296875
-0.090972900390625 -0.0143051147460937 0.0391921997070313 0.0244331359863281
-0.0428314208984375 -0.089324951171875 0.0416526794433594 0.0690498352050781
0.0196380615234375 -0.112785339355469 0.0201797485351563 0.112960815429687
0.0543441772460937 -0.0881271362304687 -0.0536956787109375 0.142929077148438
0.059600830078125 -0.133949279785156 0.0816650390625 -0.0362091064453125
0.00354003906249999 -0.150115966796875 0.0377616882324219 -0.0396804809570313
-0.0710906982421875 -0.117446899414063 0.00931167602539062 -0.0247020721435547
-0.120048522949219 -0.0346908569335938 0.00759315490722656 -0.0118951797485352
-0.104843139648438 0.0370025634765625 0.00957298278808593 -0.0242137908935547
-0.0559844970703125 0.102210998535156 0.00266265869140625 -0.0150070190429687
-0.00940704345703124 0.107421875 -0.00354766845703125 -0.0145540237426758
-0.00827789306640624 0.0972824096679687 0.000776290893554686 -0.0205268859863281
-0.0115127563476562 0.109580993652344 0.0104198455810547 -0.0247993469238281
-0.0455169677734375 0.0989837646484375 0.0234165191650391 -0.0202846527099609
-0.0886154174804688 0.0534820556640625 0.0433349609375 -0.0175552368164062
-0.103187561035156 -0.000442504882812511 0.0565605163574219 0.00888442993164063
-0.0674209594726563 -0.0908889770507812 0.0577011108398437 0.0604972839355469
-0.0069732666015625 -0.132347106933594 0.0259323120117188 0.0925064086914063
0.0355682373046875 -0.117446899414063 -0.0318145751953125 0.113235473632813
0.0283432006835937 -0.133094787597656 0.0966644287109375 -0.0671463012695313
-0.0197830200195313 -0.130599975585938 0.0402488708496094 -0.0554771423339844
-0.07269287109375 -0.0928421020507813 0.0149612426757812 -0.0239486694335938
-0.104240417480469 -0.0228042602539062 0.0285377502441406 -0.0167102813720703
-0.08734130859375 0.0342864990234375 0.029632568359375 -0.043670654296875
-0.0466384887695312 0.0880966186523438 0.0100669860839844 -0.0494880676269531
-0.00789642333984374 0.0913925170898438 -0.0101165771484375 -0.0512886047363281
-0.00652313232421875 0.0852890014648438 -0.0124435424804688 -0.0532989501953125
-0.00856781005859375 0.0959854125976562 -0.000759124755859372 -0.0582809448242187
-0.0366744995117188 0.0881118774414062 0.0235443115234375 -0.0541191101074219
-0.0764923095703125 0.0528564453125 0.0494804382324219 -0.0447731018066406
-0.094879150390625 0.00941467285156251 0.0672035217285156 -0.00835418701171875
-0.0734024047851562 -0.0770339965820313 0.0634803771972656 0.0439338684082031
-0.02728271484375 -0.125297546386719 0.0229110717773438 0.0614967346191406
0.0133285522460937 -0.122657775878906 -0.0136489868164063 0.0725173950195312
-0.00848388671874999 -0.115409851074219 0.103897094726563 -0.0958251953125
-0.0431289672851563 -0.0950698852539063 0.0386428833007813 -0.0691909790039063
-0.0679969787597656 -0.0526123046875 0.018096923828125 -0.0225772857666016
-0.07305908203125 -0.00189971923828126 0.0426101684570312 -0.0222511291503906
-0.055755615234375 0.0302581787109375 0.0407752990722656 -0.055816650390625
-0.0274391174316406 0.0620307922363281 0.012969970703125 -0.0735321044921875
-0.00457000732421875 0.0617141723632813 -0.015899658203125 -0.077667236328125
-0.00307846069335938 0.0595512390136719 -0.0245132446289062 -0.0775375366210938
-0.00590896606445312 0.0684661865234375 -0.0111083984375 -0.0837249755859375
-0.0247917175292969 0.0605697631835938 0.0211944580078125 -0.0811691284179688
-0.0517692565917969 0.0368690490722656 0.0510444641113281 -0.0638580322265625
-0.0650367736816406 0.0102386474609375 0.0691986083984375 -0.020965576171875
-0.0570297241210938 -0.0507164001464844 0.0591316223144531 0.0277099609375
-0.0343780517578125 -0.0916824340820313 0.0140476226806641 0.0301246643066406
-0.00890350341796876 -0.101722717285156 -0.00132560729980469 0.0314197540283203
-0.0415802001953125 -0.0842056274414063 0.1007080078125 -0.120475769042969
-0.0582237243652344 -0.0499992370605469 0.0329437255859375 -0.0805587768554688
-0.056121826171875 -0.0083770751953125 0.0137920379638672 -0.0251102447509766
-0.0348796844482422 0.0186653137207031 0.0444679260253906 -0.0268402099609375
-0.0165767669677734 0.0240917205810547 0.0396919250488281 -0.0610008239746094
-0.00389671325683594 0.0291519165039063 0.00944519042968751 -0.0853958129882813
-6.10351562500016E-05 0.0239448547363281 -0.021728515625 -0.0908126831054688
0.000280380249023437 0.0253047943115234 -0.0321044921875 -0.0894699096679687
-0.00364303588867187 0.0292396545410156 -0.01690673828125 -0.0972900390625
-0.011505126953125 0.0204925537109375 0.02069091796875 -0.0953369140625
-0.0189781188964844 0.010986328125 0.0510063171386719 -0.07000732421875
-0.0223731994628906 0.00600242614746094 0.0660285949707031 -0.0236587524414063
-0.0269145965576172 -0.0154705047607422 0.0479736328125 0.0172348022460938
-0.0336990356445313 -0.04010009765625 0.00411605834960937 0.00675153732299804
-0.0308990478515625 -0.0611724853515625 0.00572395324707031 -0.00129032135009766
-0.0662498474121094 -0.0423431396484375 0.09033203125 -0.138961791992188
-0.0609397888183594 -0.00529861450195314 0.0232925415039063 -0.0922470092773438
-0.0386810302734375 0.0294151306152344 0.00255012512207031 -0.0315265655517578
0.00147819519042969 0.0345954895019531 0.0333957672119141 -0.0317344665527344
0.0192356109619141 0.0143585205078125 0.0282516479492188 -0.0574874877929688
0.0182323455810547 -0.00524330139160156 0.00136566162109375 -0.0829849243164063
0.00406455993652344 -0.0161666870117188 -0.025726318359375 -0.0898284912109375
0.00380611419677734 -0.0115642547607422 -0.0349960327148437 -0.0884552001953125
-0.000582695007324218 -0.0139074325561523 -0.0171890258789063 -0.0975341796875
0.00590324401855469 -0.0215644836425781 0.023101806640625 -0.095245361328125
0.0177097320556641 -0.015167236328125 0.0492057800292969 -0.0630340576171875
0.0231571197509766 0.00485992431640625 0.0592918395996094 -0.0181770324707031
0.00407791137695313 0.0244274139404297 0.0336246490478516 0.0132064819335937
-0.0316562652587891 0.0179805755615234 -0.00459003448486328 -0.00455570220947266
-0.0515785217285156 -0.0124664306640625 0.00508880615234375 -0.020660400390625
0.072540283203125 -0.042877197265625 0.0149097442626953 0.0299587249755859
0.02838134765625 -0.08837890625 0.0175647735595703 0.00107860565185546
-0.0442543029785156 -0.0675239562988281 -0.0217342376708984 -0.0244503021240234
-0.071441650390625 -0.00624084472656249 -0.0574188232421875 0.00920104980468749
-0.0533943176269531 0.0317611694335938 -0.0500411987304688 0.0463371276855469
-0.0187301635742187 0.0610313415527344 -0.01739501953125 0.0878219604492188
0.00365829467773437 0.0617637634277344 0.018707275390625 0.0958786010742188
-0.00422286987304687 0.0533714294433594 0.0334320068359375 0.0818939208984375
-0.0110397338867188 0.05889892578125 0.02325439453125 0.0779342651367188
-0.03790283203125 0.042755126953125 -0.00372314453125 0.0721206665039063
-0.053070068359375 0.0044708251953125 -0.00832366943359376 0.0503120422363281
-0.0384025573730469 -0.0327491760253906 -0.0060272216796875 0.0357818603515625
0.0124473571777344 -0.0574455261230469 -0.000148773193359375 0.0605850219726562
0.0600395202636719 -0.0379791259765625 -0.00676727294921876 0.119827270507813
0.0666465759277344 0.001312255859375 -0.105087280273438 0.16058349609375
0.0847320556640625 -0.0905838012695312 0.0324249267578125 0.0167522430419922
0.0262222290039063 -0.131240844726563 0.0227680206298828 -0.00687789916992188
-0.0598831176757813 -0.103813171386719 -0.0109710693359375 -0.0258407592773438
-0.104240417480469 -0.0217437744140625 -0.0398788452148438 -0.000614166259765618
-0.0861129760742188 0.0393447875976562 -0.0366783142089844 0.0228080749511719
-0.0386886596679687 0.0913772583007813 -0.015289306640625 0.0598793029785156
-0.000915527343749997 0.0945281982421875 0.0107078552246094 0.0682601928710938
-0.0066986083984375 0.0834426879882813 0.0245819091796875 0.0551795959472656
-0.0140609741210938 0.0920181274414063 0.0223121643066406 0.0499343872070313
-0.049041748046875 0.0744247436523438 0.00746917724609375 0.048797607421875
-0.0782089233398438 0.0242843627929687 0.0112228393554687 0.0336017608642578
-0.0715103149414063 -0.027862548828125 0.0172386169433594 0.0321807861328125
-0.0153427124023437 -0.0831375122070313 0.0225906372070312 0.0701026916503906
0.04534912109375 -0.0858917236328125 0.00841522216796876 0.125503540039062
0.0694808959960938 -0.0511398315429688 -0.083282470703125 0.163742065429688
0.0835494995117187 -0.126388549804688 0.0556640625 -0.00816726684570313
0.020263671875 -0.1578369140625 0.0292263031005859 -0.0224094390869141
-0.0691757202148437 -0.1260986328125 -0.00107765197753907 -0.0264053344726563
-0.124443054199219 -0.0352783203125 -0.0185050964355469 -0.00684738159179688
-0.108100891113281 0.0409622192382813 -0.0170583724975586 -0.00182247161865234
-0.0543136596679688 0.107452392578125 -0.00986289978027344 0.0238437652587891
-0.00618743896484374 0.113685607910156 0.0015716552734375 0.0300064086914063
-0.00868988037109376 0.101577758789063 0.0119285583496094 0.0197544097900391
-0.0145034790039062 0.113044738769531 0.0165376663208008 0.0144166946411133
-0.0524749755859375 0.0972671508789062 0.016077995300293 0.0166664123535156
-0.0940933227539063 0.044097900390625 0.0296115875244141 0.00938034057617188
-0.0990753173828125 -0.0156021118164063 0.0402336120605469 0.0229988098144531
-0.0473480224609375 -0.0987014770507813 0.0449295043945313 0.0713729858398438
0.0214385986328125 -0.125198364257812 0.0207290649414062 0.118194580078125
0.0609970092773438 -0.0979843139648438 -0.0585479736328125 0.148574829101563
0.0671539306640625 -0.144363403320313 0.0793838500976562 -0.0394287109375
0.00511169433593749 -0.161590576171875 0.0350189208984375 -0.0411949157714844
-0.0752182006835938 -0.126716613769531 0.00681114196777343 -0.0257225036621094
-0.127784729003906 -0.0380401611328125 0.00525188446044921 -0.0128374099731445
-0.112136840820313 0.0393524169921875 0.00624465942382812 -0.0255718231201172
-0.0596237182617187 0.108123779296875 -0.000873565673828127 -0.0149869918823242
-0.010040283203125 0.115013122558594 -0.00674629211425781 -0.0120382308959961
-0.0092315673828125 0.104484558105469 -0.00226211547851563 -0.0184307098388672
-0.0129852294921875 0.117385864257813 0.00723457336425781 -0.0243721008300781
-0.049560546875 0.105972290039062 0.0203514099121094 -0.0208797454833984
-0.0965423583984375 0.0569229125976563 0.0429611206054687 -0.0204315185546875
-0.111900329589844 -0.00220489501953122 0.058563232421875 0.00676345825195313
-0.0713729858398438 -0.100395202636719 0.0608634948730469 0.0609970092773437
-0.00561523437500001 -0.144577026367188 0.026580810546875 0.0947723388671875
0.0433883666992188 -0.128059387207031 -0.033416748046875 0.11614990234375
0.03619384765625 -0.142547607421875 0.0978775024414063 -0.0731887817382813
-0.0165557861328125 -0.141830444335938 0.038726806640625 -0.0604438781738281
-0.0754165649414063 -0.103507995605469 0.0135860443115234 -0.0251522064208984
-0.111457824707031 -0.027557373046875 0.0275497436523437 -0.0184402465820312
-0.0954513549804688 0.035675048828125 0.0278205871582031 -0.0458488464355469
-0.0525588989257813 0.093231201171875 0.00741958618164062 -0.0514984130859375
-0.0102157592773438 0.0984649658203125 -0.0133438110351563 -0.051483154296875
-0.00840759277343751 0.0914077758789063 -0.015960693359375 -0.0535659790039062
-0.0107574462890625 0.103515625 -0.00429534912109375 -0.0603675842285156
-0.041534423828125 0.0946197509765625 0.0204315185546875 -0.0571174621582031
-0.0841751098632813 0.0547866821289063 0.0493812561035156 -0.0492744445800781
-0.102569580078125 0.0067138671875 0.0693168640136719 -0.0113868713378906
-0.0764846801757813 -0.0861053466796875 0.0662574768066406 0.0440483093261719
-0.0249481201171875 -0.13623046875 0.0237350463867187 0.0615005493164062
0.0211410522460937 -0.131881713867188 -0.01312255859375 0.071807861328125
-0.00168609619140626 -0.122093200683594 0.108406066894531 -0.104148864746094
-0.0391311645507813 -0.102462768554687 0.0389556884765625 -0.076263427734375
-0.0685958862304687 -0.060821533203125 0.0161552429199219 -0.0253505706787109
-0.078460693359375 -0.00747680664062498 0.0427742004394531 -0.0239028930664063
-0.0620765686035156 0.0296516418457031 0.0403099060058594 -0.059478759765625
-0.0333976745605469 0.0653877258300781 0.0109176635742188 -0.077423095703125
-0.00833511352539063 0.0669441223144531 -0.018951416015625 -0.08056640625
-0.00648498535156251 0.0647544860839844 -0.0277099609375 -0.0795822143554688
-0.00946044921875 0.0738067626953125 -0.0139846801757812 -0.0872726440429688
-0.0305900573730469 0.0643882751464844 0.019500732421875 -0.0857391357421875
-0.0587043762207031 0.0368156433105469 0.0519065856933594 -0.0686531066894531
-0.0706787109375 0.006439208984375 0.0714035034179688 -0.02410888671875
-0.0580673217773437 -0.0584526062011719 0.0609092712402344 0.0265045166015625
-0.031402587890625 -0.0998077392578125 0.0150051116943359 0.0280628204345703
-0.00209808349609376 -0.108482360839844 0.00261878967285156 0.0284996032714844
-0.03759765625 -0.0870285034179688 0.108085632324219 -0.130546569824219
-0.055206298828125 -0.0536651611328125 0.0342941284179688 -0.0887680053710937
-0.054962158203125 -0.012359619140625 0.0128021240234375 -0.0276050567626953
-0.0368423461914063 0.0146675109863281 0.0448188781738281 -0.0291595458984375
-0.0205364227294922 0.02203369140625 0.0409812927246094 -0.0643730163574219
-0.00926017761230469 0.0301151275634766 0.00960540771484374 -0.0898284912109375
-0.00402450561523437 0.0269718170166016 -0.023193359375 -0.0958786010742187
-0.00305938720703125 0.0283145904541016 -0.0341644287109375 -0.0941619873046875
-0.00788307189941406 0.0325355529785156 -0.0184783935546875 -0.102706909179688
-0.0167465209960938 0.0227241516113281 0.020843505859375 -0.101165771484375
-0.0246963500976563 0.00899696350097656 0.0528182983398438 -0.0750045776367188
-0.0257434844970703 0.00195121765136719 0.0689010620117188 -0.0267448425292969
-0.0249652862548828 -0.0210971832275391 0.0490989685058594 0.0163345336914063
-0.0292854309082031 -0.0447196960449219 0.00507497787475586 0.00426864624023437
-0.0252227783203125 -0.0648765563964844 0.0112504959106445 -0.0057373046875
-0.0659942626953125 -0.0410995483398438 0.098541259765625 -0.150192260742188
-0.0591316223144531 -0.00461196899414062 0.0250091552734375 -0.101089477539063
-0.036651611328125 0.0291786193847656 0.00176429748535156 -0.0338306427001953
0.00332260131835938 0.0317268371582031 0.0342140197753906 -0.0334548950195313
0.0186977386474609 0.0116825103759766 0.0301895141601563 -0.0603370666503906
0.0147523880004883 -0.0070037841796875 0.00238800048828124 -0.0874099731445313
0.000397682189941405 -0.0159549713134766 -0.0261917114257813 -0.0954513549804687
0.000725746154785157 -0.0114908218383789 -0.0358352661132813 -0.09429931640625
-0.00457668304443359 -0.0128602981567383 -0.017791748046875 -0.103660583496094
0.000431060791015624 -0.0229301452636719 0.02398681640625 -0.101348876953125
0.0138816833496094 -0.0186901092529297 0.0523681640625 -0.0676536560058594
0.0231208801269531 0.000278472900390625 0.0624465942382812 -0.0202598571777344
0.00721931457519531 0.0214061737060547 0.0353851318359375 0.0126800537109375
-0.0270462036132813 0.0180168151855469 -0.00289249420166016 -0.00740575790405273
-0.0485343933105469 -0.0110130310058594 0.0130062103271484 -0.0243167877197266
0.0714797973632813 -0.0494308471679688 0.00863456726074219 0.0349216461181641
0.021820068359375 -0.0924835205078125 0.01513671875 0.00383758544921874
-0.0502471923828125 -0.0657386779785156 -0.0239543914794922 -0.0236568450927734
-0.0731048583984375 -0.000686645507812486 -0.06048583984375 0.011260986328125
-0.0518264770507812 0.0371856689453125 -0.0523834228515625 0.0511093139648437
-0.0137290954589844 0.0640449523925781 -0.016265869140625 0.0941009521484375
0.00959396362304688 0.0638198852539063 0.022674560546875 0.102470397949219
0.0010528564453125 0.0556831359863281 0.0365676879882813 0.0875701904296875
-0.00511932373046875 0.061920166015625 0.0259552001953125 0.0833740234375
-0.0351409912109375 0.0491294860839844 -0.00335693359374999 0.078399658203125
-0.0548896789550781 0.0102462768554687 -0.00876617431640625 0.0531654357910156
-0.0432052612304688 -0.0312271118164063 -0.00505447387695313 0.0369949340820313
0.00707244873046876 -0.0615234375 0.00332260131835937 0.0650482177734375
0.0581169128417969 -0.0454521179199219 -0.00340270996093751 0.128257751464844
0.0689125061035156 -0.005462646484375 -0.108917236328125 0.17547607421875
0.0845947265625 -0.101913452148437 0.0263500213623047 0.0184192657470703
0.0195846557617187 -0.139678955078125 0.0197982788085937 -0.00517654418945313
-0.0680923461914062 -0.105514526367188 -0.0135536193847656 -0.0258846282958984
-0.109519958496094 -0.01751708984375 -0.0427322387695313 0.00122833251953124
-0.08831787109375 0.046600341796875 -0.0404472351074219 0.0256156921386719
-0.0351486206054687 0.0967864990234375 -0.0163383483886719 0.0648002624511719
0.00483703613281249 0.0996932983398438 0.0121002197265625 0.0743255615234375
-0.00154876708984375 0.0884246826171875 0.0261154174804687 0.0603828430175781
-0.0084228515625 0.09857177734375 0.0230026245117187 0.0543136596679688
-0.04730224609375 0.0820465087890625 0.00647735595703124 0.0527381896972656
-0.0823440551757813 0.0314712524414063 0.0110874176025391 0.0338420867919922
-0.078948974609375 -0.02593994140625 0.0187664031982422 0.0315666198730469
-0.0227508544921875 -0.089752197265625 0.0276107788085938 0.0733489990234375
0.0427780151367188 -0.0971450805664063 0.012939453125 0.132957458496094
0.0731048583984375 -0.0617828369140625 -0.0856170654296875 0.176437377929688
0.0852813720703125 -0.139732360839844 0.0506629943847656 -0.00950622558593751
0.01446533203125 -0.168548583984375 0.0252666473388672 -0.0220050811767578
-0.07861328125 -0.131507873535156 -0.00372123718261719 -0.0263595581054688
-0.1324462890625 -0.0323257446289063 -0.0215702056884766 -0.006988525390625
-0.112709045410156 0.0484161376953125 -0.0208740234375 -0.000566482543945314
-0.0526199340820313 0.115592956542969 -0.0124950408935547 0.0265102386474609
-0.00090789794921876 0.12127685546875 0.000501632690429688 0.0351161956787109
-0.00419616699218751 0.108230590820312 0.0115108489990234 0.0240745544433594
-0.00982666015625001 0.121665954589844 0.0150299072265625 0.0167160034179688
-0.0517807006835937 0.1064453125 0.0135765075683594 0.0184612274169922
-0.099578857421875 0.0519943237304687 0.0291290283203125 0.00738906860351563
-0.108207702636719 -0.0136795043945312 0.0417098999023437 0.0202140808105469
-0.0557098388671875 -0.106590270996094 0.0504150390625 0.0722503662109375
0.017425537109375 -0.139122009277344 0.0253143310546875 0.123420715332031
0.0640945434570313 -0.111404418945313 -0.0589141845703125 0.157623291015625
0.069732666015625 -0.158126831054688 0.075958251953125 -0.0446319580078125
0.000701904296875009 -0.174148559570313 0.0311203002929687 -0.0438232421875
-0.084075927734375 -0.135177612304688 0.00382423400878906 -0.0269775390625
-0.137641906738281 -0.0375518798828125 0.00282001495361327 -0.013819694519043
-0.119216918945312 0.0465164184570313 0.00249671936035156 -0.0267047882080078
-0.0601425170898438 0.116767883300781 -0.00489902496337891 -0.0147762298583984
-0.006317138671875 0.123794555664063 -0.00964546203613281 -0.00926685333251952
-0.006011962890625 0.112701416015625 -0.00534915924072266 -0.0157566070556641
-0.009490966796875 0.12652587890625 0.00337028503417969 -0.0240573883056641
-0.0496444702148438 0.115531921386719 0.0170402526855469 -0.0213756561279297
-0.103317260742188 0.06451416015625 0.0415382385253906 -0.0246315002441406
-0.121330261230469 0.000106811523437501 0.0603713989257813 0.00234222412109375
-0.0807113647460938 -0.1087646484375 0.0662040710449219 0.0606117248535156
-0.009552001953125 -0.158340454101563 0.03033447265625 0.096923828125
0.046539306640625 -0.141937255859375 -0.033294677734375 0.121185302734375
0.0394439697265625 -0.154449462890625 0.0972442626953125 -0.082244873046875
-0.0193939208984375 -0.152694702148438 0.0353584289550781 -0.0656661987304688
-0.0830917358398437 -0.111701965332031 0.0106010437011719 -0.0268573760986328
-0.120552062988281 -0.0287933349609375 0.0259761810302734 -0.0208587646484375
-0.103324890136719 0.0407867431640625 0.0242500305175781 -0.0493850708007813
-0.0542144775390625 0.101150512695312 0.00284576416015624 -0.0537796020507812
-0.00890350341796874 0.106773376464844 -0.0178756713867187 -0.0509223937988281
-0.00677490234375 0.0989303588867187 -0.0211296081542969 -0.0528564453125
-0.00928497314453124 0.112464904785156 -0.00954437255859376 -0.0621337890625
-0.0428543090820313 0.103385925292969 0.0163383483886719 -0.0602645874023437
-0.0909042358398438 0.0612640380859375 0.0476837158203125 -0.0551109313964844
-0.110908508300781 0.00776672363281252 0.0704803466796875 -0.017120361328125
-0.0839385986328125 -0.093963623046875 0.0703201293945313 0.0413818359375
-0.0277252197265625 -0.14837646484375 0.0259780883789063 0.061309814453125
0.024078369140625 -0.14373779296875 -0.0104904174804687 0.0731735229492187
0.00080871582031249 -0.129974365234375 0.109344482421875 -0.117111206054687
-0.0403289794921875 -0.110710144042969 0.0365676879882813 -0.0840377807617188
-0.0725936889648437 -0.067352294921875 0.01397705078125 -0.0278911590576172
-0.0844879150390625 -0.00975036621093751 0.0418701171875 -0.02734375
-0.0680923461914063 0.0327301025390625 0.0383224487304688 -0.0645408630371094
-0.037139892578125 0.071014404296875 0.006805419921875 -0.0821990966796875
-0.00849914550781249 0.07427978515625 -0.0240402221679688 -0.083160400390625
-0.00639343261718749 0.0706863403320313 -0.0329437255859375 -0.0818710327148437
-0.0101470947265625 0.0811996459960938 -0.0197525024414062 -0.09161376953125
-0.033721923828125 0.07049560546875 0.014923095703125 -0.0912399291992188
-0.0660934448242188 0.0401382446289062 0.0507431030273437 -0.0754165649414063
-0.0774688720703125 0.00579833984375 0.0732650756835938 -0.02960205078125
-0.0620231628417969 -0.0651931762695312 0.0638427734375 0.0241317749023437
-0.0322189331054688 -0.108314514160156 0.0157432556152344 0.0259914398193359
0.000640869140625009 -0.116905212402344 0.00663566589355469 0.0256767272949219
-0.0364837646484375 -0.0896224975585938 0.110855102539063 -0.1455078125
-0.05438232421875 -0.0568008422851563 0.0325698852539062 -0.098480224609375
-0.0553474426269531 -0.0158576965332031 0.0109329223632812 -0.0309619903564453
-0.0392036437988281 0.0114898681640625 0.0447044372558594 -0.0326766967773438
-0.0244636535644531 0.0217494964599609 0.0400428771972656 -0.0693511962890625
-0.0130329132080078 0.0325984954833984 0.00602722167968751 -0.0945663452148437
-0.00687980651855469 0.0310096740722656 -0.0283432006835937 -0.100013732910156
-0.00540351867675781 0.0322074890136719 -0.0399169921875 -0.097747802734375
-0.0106086730957031 0.0373420715332031 -0.0246505737304687 -0.108078002929687
-0.0214862823486328 0.0257587432861328 0.0166244506835938 -0.108268737792969
-0.030487060546875 0.00895881652832031 0.0524368286132813 -0.0822601318359375
-0.0292892456054687 -0.00126838684082031 0.0706405639648438 -0.0316085815429688
-0.0252189636230469 -0.0265407562255859 0.0515823364257813 0.0136489868164062
-0.0274505615234375 -0.0486831665039062 0.00573444366455078 0.00123119354248047
-0.0219192504882813 -0.0682220458984375 0.0169124603271484 -0.0108318328857422
-0.0666122436523438 -0.03826904296875 0.102340698242188 -0.16558837890625
-0.0580101013183594 -0.00247573852539062 0.02313232421875 -0.111518859863281
-0.0335445404052734 0.0303974151611328 -0.000728607177734378 -0.0363998413085938
0.00530433654785156 0.0288372039794922 0.0337257385253906 -0.0362968444824219
0.0183029174804688 0.00884246826171875 0.0301170349121094 -0.0642471313476563
0.0109281539916992 -0.00844383239746094 0.000198364257812509 -0.0922775268554688
-0.00406837463378906 -0.0149784088134766 -0.0302505493164062 -0.100624084472656
-0.00306987762451172 -0.0109014511108398 -0.0402069091796875 -0.0997848510742188
-0.00904464721679688 -0.0110225677490234 -0.0228195190429687 -0.109916687011719
-0.005157470703125 -0.0226173400878906 0.0215606689453125 -0.109031677246094
0.00952911376953125 -0.0219326019287109 0.0529632568359375 -0.0740509033203125
0.0223464965820313 -0.00415992736816406 0.0653762817382813 -0.0240135192871094
0.0104732513427734 0.0184307098388672 0.0366172790527344 0.0112266540527344
-0.0228977203369141 0.0182094573974609 -0.00195407867431641 -0.0106725692749023
-0.0455741882324219 -0.00919723510742188 0.0193614959716797 -0.0307025909423828
0.0669021606445313 -0.0560455322265625 0.00421905517578125 0.0397300720214844
0.0129241943359375 -0.0947265625 0.0132884979248047 0.00634384155273437
-0.0561981201171875 -0.0612411499023437 -0.0258712768554688 -0.0218448638916016
-0.0729522705078125 0.00634002685546874 -0.0612831115722656 0.0152778625488281
-0.0486335754394531 0.0426521301269531 -0.0513381958007812 0.0561599731445313
-0.00717163085937499 0.0651016235351562 -0.0118026733398438 0.0991363525390625
0.0163688659667969 0.0633316040039063 0.0291213989257812 0.105804443359375
0.00733566284179687 0.0565414428710938 0.0427703857421875 0.0897140502929688
0.00182723999023438 0.0631370544433594 0.0303802490234375 0.0863265991210938
-0.02996826171875 0.0538063049316406 0.000160217285156249 0.0831527709960938
-0.0544052124023438 0.0169754028320313 -0.00720596313476563 0.0552330017089844
-0.0480842590332031 -0.027313232421875 -0.00363540649414063 0.0376052856445313
0.000190734863281243 -0.0636672973632813 0.00918197631835938 0.0677146911621094
0.0530815124511719 -0.0527725219726563 0.00325775146484375 0.134300231933594
0.0687179565429688 -0.0140380859375 -0.105148315429688 0.189956665039063
0.07958984375 -0.11224365234375 0.0213298797607422 0.0213108062744141
0.00932312011718749 -0.14447021484375 0.0167169570922852 -0.00320434570312501
-0.0769577026367188 -0.103286743164063 -0.0157566070556641 -0.0244159698486328
-0.112724304199219 -0.0101318359375 -0.0451736450195313 0.00381088256835938
-0.0862503051757813 0.054229736328125 -0.0418586730957031 0.0303115844726563
-0.0277023315429688 0.100692749023438 -0.0152053833007813 0.0694198608398437
0.013671875 0.102104187011719 0.0160064697265625 0.0787429809570313
0.00564575195312501 0.0913925170898438 0.0296287536621094 0.0633201599121094
0.000190734863281246 0.1024169921875 0.0250015258789062 0.0573158264160156
-0.0414962768554688 0.0897064208984375 0.0075225830078125 0.0567855834960938
-0.0833282470703125 0.0400772094726562 0.0113983154296875 0.0340557098388672
-0.0855026245117188 -0.02069091796875 0.0200634002685547 0.0301380157470703
-0.032073974609375 -0.0928115844726563 0.0339813232421875 0.0733566284179688
0.0358200073242187 -0.106948852539063 0.0204544067382813 0.136543273925781
0.071807861328125 -0.0734939575195313 -0.0809783935546875 0.187759399414063
0.0801849365234375 -0.152877807617188 0.0444450378417969 -0.0101547241210938
0.00312805175781248 -0.176254272460938 0.0214500427246094 -0.0213661193847656
-0.0899276733398437 -0.131950378417969 -0.00691413879394532 -0.0253849029541016
-0.13836669921875 -0.0255508422851562 -0.0241889953613281 -0.00558280944824219
-0.113288879394531 0.0582809448242187 -0.0242786407470703 0.00179100036621094
-0.0460891723632813 0.122138977050781 -0.0138168334960937 0.0301418304443359
0.0077972412109375 0.125595092773438 0.00125885009765625 0.0392837524414063
0.00338745117187499 0.112815856933594 0.0116176605224609 0.0275230407714844
-0.00077056884765626 0.127220153808594 0.0137577056884766 0.0189609527587891
-0.04632568359375 0.115005493164063 0.0122833251953125 0.0207004547119141
-0.101188659667969 0.0622482299804688 0.0275688171386719 0.0055389404296875
-0.115135192871094 -0.00751495361328127 0.0429573059082031 0.0163688659667969
-0.0668716430664062 -0.109870910644531 0.0566291809082031 0.0701255798339844
0.00842285156249999 -0.149002075195313 0.0325164794921875 0.125099182128906
0.0620346069335938 -0.124183654785156 -0.0539703369140625 0.165924072265625
0.06591796875 -0.171112060546875 0.0698890686035156 -0.0500717163085938
-0.00918579101562501 -0.182479858398437 0.0264205932617187 -0.0453147888183594
-0.0950927734375 -0.137435913085938 0.000577926635742182 -0.0267429351806641
-0.145645141601563 -0.0317840576171875 -0.000102996826171885 -0.0143623352050781
-0.12164306640625 0.0559539794921875 -0.00200462341308595 -0.0269794464111328
-0.0555038452148438 0.125205993652344 -0.00908851623535157 -0.0131635665893555
0.00156402587890625 0.130294799804688 -0.0117998123168945 -0.00586795806884765
0.000869750976562504 0.117782592773438 -0.0078287124633789 -0.0127410888671875
-0.00166320800781251 0.133392333984375 -0.000829696655273438 -0.0230121612548828
-0.0446395874023438 0.124404907226562 0.0128555297851562 -0.0210819244384766
-0.105369567871094 0.0742874145507813 0.0387420654296875 -0.0287666320800781
-0.12872314453125 0.00631713867187501 0.0602874755859375 -0.00336456298828125
-0.0916366577148438 -0.1116943359375 0.0709991455078125 0.05645751953125
-0.0193023681640625 -0.167404174804688 0.03558349609375 0.0968093872070312
0.0432586669921875 -0.15411376953125 -0.0279312133789062 0.124626159667969
0.036285400390625 -0.16534423828125 0.0912322998046875 -0.091796875
-0.0268707275390625 -0.161026000976563 0.0293235778808594 -0.0696258544921875
-0.0924911499023438 -0.115402221679687 0.0070648193359375 -0.0281391143798828
-0.128746032714844 -0.0256195068359375 0.0236644744873047 -0.0227527618408203
-0.107223510742188 0.0487823486328125 0.0196456909179687 -0.0521812438964844
-0.0523757934570312 0.10955810546875 -0.00326156616210938 -0.0541839599609375
-0.00321197509765625 0.113700866699219 -0.0229072570800781 -0.048858642578125
-0.00201416015625001 0.104957580566406 -0.0260391235351563 -0.0505294799804687
-0.00363922119140624 0.119766235351563 -0.0162277221679687 -0.0616569519042969
-0.0402145385742187 0.1112060546875 0.010009765625 -0.06195068359375
-0.0941390991210938 0.0690078735351562 0.0436782836914062 -0.0602645874023437
-0.117378234863281 0.01226806640625 0.0696792602539062 -0.0236434936523437
-0.0927047729492187 -0.0966720581054687 0.0737762451171875 0.0368804931640625
-0.0359649658203125 -0.156036376953125 0.0288658142089844 0.0587348937988281
0.0215911865234375 -0.1539306640625 -0.006622314453125 0.07257080078125
-0.000785827636718751 -0.136581420898437 0.104324340820313 -0.129867553710938
-0.0435867309570313 -0.115859985351563 0.0303955078125 -0.0909652709960938
-0.0785903930664062 -0.0711441040039063 0.0107097625732422 -0.0294971466064453
-0.0904693603515625 -0.00892639160156251 0.0394783020019531 -0.0308685302734375
-0.0718536376953125 0.0369644165039062 0.0337181091308594 -0.0684928894042969
-0.0373001098632812 0.0772552490234375 0.000236511230468744 -0.0839080810546875
-0.00653076171875 0.07989501953125 -0.0307998657226562 -0.082550048828125
-0.00414276123046875 0.0761642456054688 -0.0397720336914062 -0.0802154541015625
-0.00769042968750001 0.0875244140625 -0.0280075073242188 -0.0920562744140625
-0.0337982177734375 0.0774154663085937 0.00797271728515625 -0.0940017700195313
-0.0697288513183594 0.0450706481933594 0.0458602905273437 -0.0818939208984375
-0.0830535888671875 0.00734710693359375 0.0720672607421875 -0.0360794067382812
-0.0676040649414063 -0.0687332153320312 0.065826416015625 0.01959228515625
-0.0361709594726563 -0.114265441894531 0.0168495178222656 0.0227890014648437
2.28881835937622E-05 -0.123687744140625 0.0100059509277344 0.0217151641845703
-0.0374069213867188 -0.0903091430664063 0.106536865234375 -0.160186767578125
-0.0547142028808594 -0.0582351684570313 0.02691650390625 -0.106094360351563
-0.0557899475097656 -0.0178985595703125 0.00773048400878906 -0.0324497222900391
-0.0411911010742188 0.00978851318359374 0.0426445007324219 -0.0366897583007813
-0.0270442962646484 0.0225620269775391 0.0358047485351563 -0.0738906860351563
-0.0159072875976562 0.0354461669921875 1.52587890625074E-05 -0.0978927612304687
-0.00751495361328125 0.0357322692871094 -0.0351715087890625 -0.101402282714844
-0.00590896606445313 0.0357818603515625 -0.0469436645507812 -0.0979156494140625
-0.0111083984375 0.0427169799804688 -0.0330276489257813 -0.110061645507813
-0.0246009826660156 0.0305004119873047 0.00930023193359375 -0.112342834472656
-0.0360145568847656 0.0102462768554687 0.0479736328125 -0.0882492065429688
-0.0333747863769531 -0.00258445739746094 0.0705413818359375 -0.03759765625
-0.0267925262451172 -0.030853271484375 0.0522232055664063 0.010009765625
-0.0265884399414063 -0.0522499084472656 0.00561332702636719 -0.00221586227416992
-0.02069091796875 -0.0705184936523438 0.0207443237304688 -0.0168552398681641
-0.0660476684570313 -0.0337409973144531 0.0982818603515625 -0.180587768554688
-0.0548057556152344 0.000423431396484371 0.0171737670898437 -0.11962890625
-0.0293502807617188 0.0306797027587891 -0.00393295288085938 -0.0382194519042969
0.00703620910644531 0.0258655548095703 0.0318222045898438 -0.0395584106445312
0.0171718597412109 0.00580215454101562 0.0273170471191406 -0.0677680969238281
0.0069580078125 -0.00928878784179688 -0.0043487548828125 -0.0952682495117188
-0.00802135467529297 -0.0132169723510742 -0.03680419921875 -0.103248596191406
-0.00667762756347656 -0.00912570953369141 -0.047515869140625 -0.100746154785156
-0.0129528045654297 -0.00831413269042969 -0.0305404663085937 -0.11334228515625
-0.010162353515625 -0.0210857391357422 0.0149383544921875 -0.114967346191406
0.00430870056152344 -0.0242328643798828 0.0503005981445313 -0.0803298950195313
0.0198383331298828 -0.0086669921875 0.0657882690429688 -0.0295677185058594
0.013545036315918 0.0143308639526367 0.0381240844726563 0.00851821899414063
-0.0181198120117188 0.0170822143554688 -0.00186538696289063 -0.0135135650634766
-0.0418319702148437 -0.00692367553710938 0.0240707397460937 -0.0377616882324219
0.061004638671875 -0.0602149963378906 0.000488281250000001 0.044586181640625
0.00450897216796875 -0.0923233032226563 0.011509895324707 0.00910282135009765
-0.0593070983886719 -0.0550384521484375 -0.0267581939697266 -0.0191764831542969
-0.0697364807128906 0.0117149353027344 -0.0606269836425781 0.0186729431152344
-0.0431442260742188 0.0457763671875 -0.0490036010742187 0.0597457885742188
-0.000682830810546869 0.06329345703125 -0.00688171386718751 0.100776672363281
0.0224876403808594 0.0606193542480469 0.0350570678710938 0.106292724609375
0.0127143859863281 0.0544776916503906 0.0471420288085938 0.0891189575195313
0.0087127685546875 0.0613746643066406 0.0346603393554688 0.0866546630859375
-0.0238914489746094 0.0559310913085938 0.00416564941406249 0.0850296020507813
-0.0516929626464844 0.022247314453125 -0.00513839721679688 0.0560760498046875
-0.0501632690429687 -0.0222663879394531 -0.00249099731445313 0.0371627807617188
-0.00696563720703126 -0.0626106262207031 0.0139808654785156 0.067718505859375
0.0465087890625 -0.0573234558105469 0.0107192993164063 0.135398864746094
0.0659217834472656 -0.0215110778808594 -0.0977325439453125 0.198043823242188
0.0718765258789063 -0.118446350097656 0.0155849456787109 0.0244770050048828
-0.00143432617187499 -0.1439208984375 0.0142230987548828 -0.000540733337402353
-0.0833282470703125 -0.0972213745117188 -0.0173015594482422 -0.0216045379638672
-0.111549377441406 -0.00289916992187501 -0.0454330444335938 0.00627136230468749
-0.08160400390625 0.059722900390625 -0.0414009094238281 0.0336875915527344
-0.0205154418945312 0.101669311523438 -0.0126190185546875 0.07196044921875
0.0214157104492187 0.100234985351563 0.0198898315429688 0.0807113647460938
0.0129165649414062 0.090667724609375 0.0323982238769531 0.0642852783203125
0.00843048095703125 0.102210998535156 0.0265693664550781 0.0584182739257813
-0.03460693359375 0.0927352905273438 0.00887298583984375 0.0585212707519531
-0.081085205078125 0.0475311279296875 0.0114917755126953 0.033538818359375
-0.0886611938476563 -0.0145721435546875 0.0204868316650391 0.0277824401855469
-0.0403900146484375 -0.092376708984375 0.0387039184570312 0.0708770751953125
0.0269088745117188 -0.112533569335938 0.0269241333007812 0.136268615722656
0.067169189453125 -0.08258056640625 -0.07366943359375 0.19317626953125
0.0729217529296875 -0.159561157226563 0.0374946594238281 -0.00994110107421876
-0.00811767578125 -0.1767578125 0.0176582336425781 -0.0197811126708984
-0.0984039306640625 -0.127593994140625 -0.00932884216308594 -0.023162841796875
-0.140274047851563 -0.01800537109375 -0.0258216857910156 -0.00369453430175782
-0.110099792480469 0.06500244140625 -0.0264930725097656 0.00421714782714845
-0.0388336181640625 0.125312805175781 -0.0146217346191406 0.0334033966064453
0.0162429809570312 0.125724792480469 0.00293731689453125 0.0427780151367188
0.010986328125 0.113395690917969 0.0125560760498047 0.0302238464355469
0.00816345214843751 0.128440856933594 0.0131168365478516 0.0209903717041016
-0.0389251708984375 0.120124816894531 0.0113677978515625 0.0224246978759766
-0.0994186401367188 0.0702438354492187 0.025604248046875 0.00358200073242188
-0.118385314941406 -0.000724792480468752 0.0420150756835937 0.0131149291992188
-0.0754318237304688 -0.109123229980469 0.0605087280273437 0.0661201477050781
-0.00129699707031251 -0.154312133789063 0.0379486083984375 0.122406005859375
0.0566635131835938 -0.133171081542969 -0.047943115234375 0.16864013671875
0.0587158203125 -0.178680419921875 0.0615425109863281 -0.0525856018066406
-0.0189208984375 -0.184982299804687 0.0209579467773438 -0.0447425842285156
-0.104881286621094 -0.135566711425781 -0.00260925292968751 -0.0255126953125
-0.149002075195313 -0.02545166015625 -0.00238800048828126 -0.0135469436645508
-0.119705200195313 0.0639724731445313 -0.00562286376953126 -0.0258159637451172
-0.0494384765625 0.129859924316406 -0.0122861862182617 -0.0107479095458984
0.00922393798828125 0.131065368652344 -0.0132169723510742 -0.00177669525146484
0.0073394775390625 0.119918823242187 -0.00877475738525391 -0.00899219512939452
0.00627136230468751 0.135696411132813 -0.00420951843261718 -0.0201930999755859
-0.038360595703125 0.129226684570313 0.00932502746582031 -0.0198860168457031
-0.103912353515625 0.0822525024414063 0.0347785949707031 -0.0307502746582031
-0.13165283203125 0.0126953125 0.0580062866210937 -0.00791168212890625
-0.100212097167969 -0.110527038574219 0.0737991333007813 0.0511627197265625
-0.0285491943359375 -0.172103881835938 0.0394363403320313 0.0932083129882812
0.037353515625 -0.161575317382813 -0.0231475830078125 0.124214172363281
0.031890869140625 -0.170700073242188 0.0826187133789063 -0.0972671508789063
-0.033935546875 -0.16339111328125 0.0234832763671875 -0.0711135864257813
-0.100242614746094 -0.115379333496094 0.00383377075195312 -0.0272579193115234
-0.133819580078125 -0.0210418701171875 0.0197105407714844 -0.0237617492675781
-0.107513427734375 0.0550918579101562 0.014801025390625 -0.0518226623535156
-0.0485305786132812 0.113990783691406 -0.00815582275390625 -0.05181884765625
0.00319671630859375 0.116416931152344 -0.0263671875 -0.0454902648925781
0.00322723388671876 0.107666015625 -0.0292243957519531 -0.0462570190429687
0.00245666503906251 0.122978210449219 -0.0220184326171875 -0.0588111877441406
-0.0360565185546875 0.116058349609375 0.0043792724609375 -0.0610580444335937
-0.0938568115234375 0.07568359375 0.0381622314453125 -0.0633506774902344
-0.120491027832031 0.0168991088867187 0.0661125183105469 -0.0283584594726563
-0.0996780395507813 -0.0965499877929687 0.074432373046875 0.0311965942382812
-0.043426513671875 -0.159255981445313 0.0302009582519531 0.0554084777832031
0.0175933837890625 -0.15966796875 -0.00300979614257812 0.0696182250976562
-0.002685546875 -0.138877868652344 0.0953216552734375 -0.137687683105469
-0.0465545654296875 -0.11749267578125 0.0233688354492188 -0.0938339233398438
-0.083099365234375 -0.0722427368164062 0.0071563720703125 -0.0298900604248047
-0.0946578979492188 -0.00809478759765624 0.0357933044433594 -0.0327796936035156
-0.0739212036132813 0.0411224365234375 0.0277633666992187 -0.06988525390625
-0.0367813110351563 0.081817626953125 -0.00576019287109375 -0.082794189453125
-0.00319671630859375 0.08349609375 -0.0357589721679688 -0.0796356201171875
-0.00125122070312499 0.0788955688476562 -0.0446395874023438 -0.0768966674804688
-0.00386810302734375 0.0913314819335938 -0.0348434448242188 -0.0896987915039063
-0.0324554443359375 0.0820159912109375 0.000694274902343743 -0.0937118530273437
-0.0717697143554688 0.0498733520507813 0.0395660400390625 -0.084503173828125
-0.0858535766601563 0.0097503662109375 0.0679931640625 -0.0405426025390625
-0.07196044921875 -0.069793701171875 0.0647544860839844 0.0149345397949219
-0.0400390625 -0.116920471191406 0.0163707733154297 0.0201206207275391
-0.00160217285156251 -0.126968383789062 0.012141227722168 0.0170211791992187
-0.0370254516601563 -0.0893325805664063 0.0983734130859375 -0.169219970703125
-0.0539131164550781 -0.0583877563476563 0.0198974609375 -0.110557556152344
-0.0563240051269531 -0.0193290710449219 0.00468063354492187 -0.0333518981933594
-0.0431976318359375 0.00832366943359375 0.0389175415039063 -0.0386772155761719
-0.0289173126220703 0.0231723785400391 0.031158447265625 -0.0759124755859375
-0.0177040100097656 0.038543701171875 -0.00595092773437501 -0.0974349975585938
-0.00748443603515625 0.0391464233398438 -0.0411148071289063 -0.09942626953125
-0.00576019287109375 0.0387649536132813 -0.052581787109375 -0.095001220703125
-0.0107307434082031 0.0465545654296875 -0.0405426025390625 -0.108184814453125
-0.0260066986083984 0.0346050262451172 0.00113677978515625 -0.112571716308594
-0.0400199890136719 0.0124931335449219 0.04193115234375 -0.0913772583007813
-0.0370254516601563 -0.00347518920898438 0.0668983459472656 -0.0423507690429688
-0.0282077789306641 -0.0339870452880859 0.0514030456542969 0.00684356689453125
-0.0263175964355469 -0.0545463562011719 0.00466632843017578 -0.00485849380493164
-0.0192489624023438 -0.0714111328125 0.0226383209228516 -0.0228862762451172
-0.0635528564453125 -0.0289039611816406 0.0902252197265625 -0.189056396484375
-0.0513153076171875 0.00229644775390624 0.0108184814453125 -0.123283386230469
-0.0257472991943359 0.0294132232666016 -0.00671768188476563 -0.0381126403808594
0.0074310302734375 0.0217132568359375 0.0291824340820313 -0.0407180786132813
0.0153694152832031 0.00317764282226563 0.0239028930664063 -0.0687713623046875
0.00278949737548828 -0.00857019424438477 -0.00835418701171875 -0.0952301025390625
-0.0107688903808594 -0.010127067565918 -0.041961669921875 -0.102333068847656
-0.00941658020019531 -0.00647926330566406 -0.0529708862304687 -0.0993270874023438
-0.0154008865356445 -0.00522899627685547 -0.0370254516601562 -0.112388610839844
-0.0149078369140625 -0.0178031921386719 0.00751495361328125 -0.117347717285156
-0.00135612487792969 -0.0241222381591797 0.04541015625 -0.08404541015625
0.0165500640869141 -0.0120372772216797 0.0637779235839844 -0.0333633422851563
0.0147638320922852 0.00922870635986328 0.0375556945800781 0.00594711303710938
-0.0136804580688477 0.0155401229858398 -0.00193023681640625 -0.0165328979492188
-0.0379219055175781 -0.00513839721679687 0.0262832641601562 -0.0441093444824219
0.0553398132324219 -0.0611114501953125 -0.00304412841796875 0.0491256713867187
-0.000976562499999991 -0.088714599609375 0.0103864669799805 0.0122308731079102
-0.0593948364257813 -0.0498390197753906 -0.0262107849121094 -0.0171699523925781
-0.0660934448242188 0.0145759582519531 -0.0594863891601563 0.0198135375976562
-0.0392837524414062 0.0465049743652344 -0.0468177795410156 0.0611953735351563
0.00260162353515625 0.0607872009277344 -0.004150390625 0.100669860839844
0.0259513854980469 0.0571708679199219 0.0376129150390625 0.105575561523438
0.0159873962402344 0.0518569946289063 0.0487289428710938 0.088165283203125
0.0122795104980469 0.0590629577636719 0.0367431640625 0.0865249633789062
-0.019287109375 0.0561332702636719 0.00641632080078125 0.0856170654296875
-0.048980712890625 0.025665283203125 -0.00479125976562501 0.0555572509765625
-0.0507164001464844 -0.0181007385253906 -0.00210952758789063 0.0365562438964844
-0.0111808776855469 -0.0604515075683594 0.0168228149414063 0.0661849975585937
0.0406112670898438 -0.0592117309570313 0.013824462890625 0.134956359863281
0.0620460510253906 -0.0259284973144531 -0.0933074951171875 0.20013427734375
0.0665054321289062 -0.120010375976563 0.0105018615722656 0.0282878875732422
-0.00736236572265626 -0.140312194824219 0.0121421813964844 0.00242042541503905
-0.0852737426757812 -0.0927200317382812 -0.0174427032470703 -0.0196094512939453
-0.109039306640625 0.000701904296875001 -0.0457763671875 0.00799179077148437
-0.0774383544921875 0.0615005493164063 -0.0413017272949219 0.0352973937988281
-0.0157470703125 0.0998153686523438 -0.01153564453125 0.0736160278320312
0.0258407592773437 0.0974502563476563 0.0221939086914062 0.0814666748046875
0.0167312622070312 0.088470458984375 0.0335731506347656 0.065155029296875
0.0134353637695313 0.100189208984375 0.0269050598144531 0.0592422485351563
-0.02972412109375 0.0941619873046875 0.0100975036621094 0.0601463317871094
-0.0785293579101563 0.05145263671875 0.0105819702148438 0.0329475402832031
-0.089569091796875 -0.010833740234375 0.01953125 0.0264148712158203
-0.0455703735351562 -0.090667724609375 0.0406532287597656 0.068389892578125
0.0204849243164063 -0.114494323730469 0.0291290283203125 0.134262084960938
0.0635452270507813 -0.0871963500976563 -0.07000732421875 0.19451904296875
0.0674285888671875 -0.162384033203125 0.0310497283935547 -0.00731277465820313
-0.0139923095703125 -0.174880981445313 0.0147628784179687 -0.0171318054199219
-0.101524353027344 -0.12384033203125 -0.0102519989013672 -0.0215263366699219
-0.139373779296875 -0.0135574340820313 -0.0269641876220703 -0.00249099731445313
-0.105842590332031 0.0681838989257813 -0.0274448394775391 0.00631332397460938
-0.03436279296875 0.124580383300781 -0.0149459838867188 0.0356903076171875
0.021514892578125 0.123741149902344 0.00370407104492187 0.0451889038085938
0.0154266357421875 0.112396240234375 0.0128707885742187 0.0319480895996094
0.0130767822265625 0.12738037109375 0.0120487213134766 0.0232810974121094
-0.0340576171875 0.121101379394531 0.0105037689208984 0.0241928100585938
-0.097137451171875 0.0746383666992188 0.0231609344482422 0.00309371948242188
-0.119468688964844 0.00291442871093752 0.0398139953613281 0.0103187561035156
-0.0805740356445312 -0.108238220214844 0.0612983703613281 0.0626182556152344
-0.00767517089843749 -0.1566162109375 0.03936767578125 0.119682312011719
0.0528030395507813 -0.137596130371094 -0.045196533203125 0.167404174804688
0.0551605224609375 -0.181472778320313 0.0541915893554687 -0.0513725280761719
-0.02423095703125 -0.18426513671875 0.0170745849609375 -0.0429039001464844
-0.109138488769531 -0.13372802734375 -0.00434303283691407 -0.0234317779541016
-0.150314331054688 -0.0214996337890625 -0.00487709045410157 -0.0125102996826172
-0.117652893066406 0.0671615600585938 -0.00887680053710938 -0.02349853515625
-0.0458221435546875 0.130966186523438 -0.0142698287963867 -0.00734138488769531
0.0140457153320312 0.130905151367187 -0.0134792327880859 0.0015249252319336
0.0116043090820313 0.119544982910156 -0.00960540771484375 -0.00592327117919921
0.0113372802734375 0.135780334472656 -0.00689888000488281 -0.0168962478637695
-0.0342254638671875 0.130928039550781 0.00730800628662109 -0.017003059387207
-0.102409362792969 0.0863418579101563 0.0313262939453125 -0.0316333770751953
-0.132705688476563 0.016204833984375 0.0546875 -0.0101051330566406
-0.104118347167969 -0.1103515625 0.07305908203125 0.0470657348632812
-0.0350341796875 -0.173995971679688 0.0393295288085937 0.0899200439453125
0.035125732421875 -0.165618896484375 -0.0208969116210937 0.121925354003906
0.029998779296875 -0.173721313476563 0.0751953125 -0.0982284545898438
-0.036590576171875 -0.16448974609375 0.018646240234375 -0.0708847045898438
-0.104484558105469 -0.114967346191406 0.00159454345703125 -0.0261058807373047
-0.135643005371094 -0.01861572265625 0.0171051025390625 -0.0233860015869141
-0.10662841796875 0.0583343505859375 0.01007080078125 -0.0506019592285156
-0.04632568359375 0.116722106933594 -0.0113983154296875 -0.0485916137695313
0.0062713623046875 0.117279052734375 -0.0278358459472656 -0.0419044494628906
0.00597381591796875 0.1083984375 -0.03045654296875 -0.0429496765136719
0.00614166259765626 0.124214172363281 -0.0249900817871094 -0.0555000305175781
-0.0334548950195313 0.118606567382813 0.00119781494140625 -0.0584716796875
-0.0938491821289062 0.0792465209960938 0.0337066650390625 -0.0636863708496094
-0.121871948242188 0.0193023681640625 0.0622482299804688 -0.0309638977050781
-0.102996826171875 -0.0966873168945313 0.0724868774414062 0.0276870727539062
-0.0471649169921875 -0.1614990234375 0.0296516418457031 0.0520477294921875
0.0161285400390625 -0.162673950195312 -0.00181961059570312 0.0661773681640625
-0.00160217285156251 -0.140357971191406 0.088531494140625 -0.139602661132813
-0.0472412109375 -0.118606567382813 0.0189208984375 -0.094390869140625
-0.084716796875 -0.0738754272460937 0.00521469116210937 -0.0291690826416016
-0.0971603393554688 -0.00806427001953127 0.0325832366943359 -0.0330810546875
-0.0745315551757812 0.0429763793945313 0.0237922668457031 -0.0689048767089844
-0.0364151000976563 0.0841445922851563 -0.00933837890625001 -0.0799789428710937
-0.00152587890625 0.085479736328125 -0.0379104614257812 -0.0762710571289063
0.000213623046875001 0.080780029296875 -0.04644775390625 -0.0728836059570312
-0.00180816650390626 0.093231201171875 -0.0386886596679688 -0.0861129760742188
-0.0319061279296875 0.085296630859375 -0.00352478027343751 -0.0913009643554687
-0.0728683471679688 0.05255126953125 0.0352325439453125 -0.0848922729492188
-0.08795166015625 0.01043701171875 0.0646209716796875 -0.0427474975585938
-0.0739669799804688 -0.0718460083007813 0.0626907348632813 0.0121383666992187
-0.0410614013671875 -0.119285583496094 0.0156002044677734 0.0174789428710937
-0.000686645507812508 -0.1287841796875 0.0129241943359375 0.0124483108520508
-0.034210205078125 -0.0886459350585938 0.091949462890625 -0.172958374023437
-0.0516815185546875 -0.0596351623535156 0.0157699584960937 -0.11175537109375
-0.0561752319335938 -0.0221443176269531 0.00232887268066406 -0.0331935882568359
-0.045074462890625 0.00600051879882812 0.0361289978027344 -0.0390586853027344
-0.0307979583740234 0.0230998992919922 0.027557373046875 -0.074920654296875
-0.0187263488769531 0.0405654907226563 -0.00907135009765625 -0.0958480834960938
-0.00815582275390625 0.0418777465820313 -0.0433883666992188 -0.0970001220703125
-0.0057830810546875 0.0414047241210937 -0.0546951293945313 -0.0919723510742188
-0.0103073120117188 0.0492019653320313 -0.0443878173828125 -0.105293273925781
-0.0274085998535156 0.0377044677734375 -0.00311279296875 -0.111526489257813
-0.0431098937988281 0.01470947265625 0.038177490234375 -0.0916900634765625
-0.0396766662597656 -0.00441741943359376 0.0636482238769531 -0.0436630249023437
-0.0290794372558594 -0.0375480651855469 0.0492439270019531 0.00485992431640625
-0.0251274108886719 -0.0573577880859375 0.00371217727661133 -0.00750780105590821
-0.0162124633789062 -0.0724945068359375 0.0235729217529297 -0.0284538269042969
-0.0597457885742187 -0.0266265869140625 0.0853729248046875 -0.192611694335937
-0.0468826293945313 0.00217056274414063 0.00706481933593749 -0.125106811523438
-0.0226612091064453 0.0274429321289062 -0.00836181640625 -0.0380058288574219
0.00680923461914063 0.0182952880859375 0.0269889831542969 -0.0405082702636719
0.0126352310180664 0.00181293487548828 0.0218963623046875 -0.0687141418457031
2.71797180175783E-05 -0.00690460205078125 -0.0105514526367188 -0.0942535400390625
-0.0128250122070313 -0.00732326507568359 -0.0435943603515625 -0.100845336914063
-0.0108795166015625 -0.00420665740966797 -0.0548782348632813 -0.0971221923828125
-0.0170078277587891 -0.00201511383056641 -0.0407791137695313 -0.110923767089844
-0.0178852081298828 -0.0145683288574219 0.0028228759765625 -0.116447448730469
-0.00569534301757813 -0.0227298736572266 0.0420455932617188 -0.0849533081054688
0.0134000778198242 -0.0140895843505859 0.0618019104003906 -0.0353660583496094
0.0151090621948242 0.00525856018066406 0.0362586975097656 0.00465011596679688
-0.0101613998413086 0.0128870010375977 -0.00207710266113281 -0.0188274383544922
-0.0331172943115234 -0.00548553466796875 0.028472900390625 -0.0499763488769531
0.0528297424316406 -0.0611953735351563 -0.00745773315429687 0.054595947265625
-0.00360107421875 -0.0858001708984375 0.00941658020019531 0.0152130126953125
-0.0590553283691406 -0.0478248596191406 -0.0261859893798828 -0.0165042877197266
-0.0630378723144531 0.0157661437988281 -0.0595588684082031 0.0204734802246094
-0.0367012023925781 0.0462875366210938 -0.0469245910644531 0.0617141723632813
0.00415039062499999 0.0588836669921875 -0.00389862060546874 0.101242065429688
0.0277290344238281 0.0546798706054687 0.0388031005859375 0.106712341308594
0.0176429748535156 0.0500450134277344 0.049285888671875 0.0889129638671875
0.0152320861816406 0.0570220947265625 0.0368804931640625 0.08734130859375
-0.0163307189941406 0.0559959411621094 0.00666809082031251 0.0875244140625
-0.0471839904785156 0.0277366638183594 -0.00481033325195313 0.0560836791992188
-0.0513687133789063 -0.01605224609375 -0.00271987915039063 0.0361175537109375
-0.0140419006347656 -0.0591011047363281 0.0182533264160156 0.0658226013183594
0.0375099182128906 -0.0602836608886719 0.013824462890625 0.136138916015625
0.0591850280761719 -0.0287742614746094 -0.0945281982421875 0.202896118164063
0.0643844604492187 -0.120903015136719 0.00576591491699219 0.0324954986572266
-0.01025390625 -0.138946533203125 0.0108327865600586 0.00530529022216796
-0.08563232421875 -0.0914840698242188 -0.0177898406982422 -0.0186309814453125
-0.107666015625 0.00179290771484374 -0.0463981628417969 0.00886917114257813
-0.0754547119140625 0.0623016357421875 -0.0414848327636719 0.0363502502441406
-0.014434814453125 0.0988998413085938 -0.0119781494140625 0.0752029418945312
0.027587890625 0.0954971313476563 0.0226669311523438 0.0833206176757813
0.0186004638671875 0.0880355834960938 0.0340499877929688 0.0667266845703125
0.0159454345703125 0.0998687744140625 0.0269241333007813 0.0611610412597656
-0.0271377563476562 0.0955657958984375 0.0102348327636719 0.0617561340332031
-0.0773773193359375 0.0546417236328125 0.0093536376953125 0.0333156585693359
-0.091278076171875 -0.0086212158203125 0.0184249877929687 0.0258369445800781
-0.0490798950195313 -0.0909194946289063 0.0414695739746094 0.0673751831054688
0.0172958374023438 -0.117462158203125 0.0293197631835938 0.134902954101563
0.0616836547851563 -0.0916595458984375 -0.071502685546875 0.196136474609375
0.0670318603515625 -0.165054321289062 0.0263862609863281 -0.00411605834960939
-0.0162353515625 -0.175125122070313 0.0125331878662109 -0.0143871307373047
-0.103652954101562 -0.124397277832031 -0.0106334686279297 -0.0201435089111328
-0.140052795410156 -0.0133819580078125 -0.0282268524169922 -0.00158500671386719
-0.105598449707031 0.0693511962890625 -0.0290012359619141 0.00771141052246095
-0.0333938598632812 0.125137329101563 -0.0154914855957031 0.0381240844726563
0.0234603881835937 0.123420715332031 0.00429153442382812 0.0473899841308594
0.0171279907226562 0.11273193359375 0.0130214691162109 0.0344886779785156
0.0158462524414062 0.128128051757813 0.0109901428222656 0.0253582000732422
-0.032196044921875 0.1234130859375 0.0101890563964844 0.0266437530517578
-0.0972900390625 0.0776138305664062 0.0213737487792969 0.00283622741699219
-0.12188720703125 0.00453186035156249 0.0378570556640625 0.009429931640625
-0.0839309692382813 -0.109687805175781 0.0614128112792969 0.0609703063964844
-0.0109405517578125 -0.16046142578125 0.0388107299804687 0.119209289550781
0.0522308349609375 -0.142227172851563 -0.0458526611328125 0.168289184570312
0.05609130859375 -0.184738159179688 0.050079345703125 -0.0491867065429688
-0.0257415771484375 -0.186004638671875 0.0145950317382813 -0.0412712097167969
-0.112289428710938 -0.135032653808594 -0.00480651855468751 -0.022125244140625
-0.152618408203125 -0.0212554931640625 -0.0064687728881836 -0.0116949081420898
-0.118324279785156 0.068511962890625 -0.0107860565185547 -0.021881103515625
-0.0451126098632812 0.132392883300781 -0.0160017013549805 -0.00491619110107421
0.0157241821289062 0.131828308105469 -0.0132436752319336 0.00412750244140626
0.012969970703125 0.121315002441406 -0.00988292694091797 -0.00341701507568359
0.013580322265625 0.137748718261719 -0.00855445861816406 -0.0145711898803711
-0.0330963134765625 0.133979797363281 0.00626659393310547 -0.0152645111083984
-0.103630065917969 0.0892562866210938 0.0287284851074219 -0.0316295623779297
-0.135787963867188 0.0167312622070313 0.052886962890625 -0.0116004943847656
-0.108070373535156 -0.112472534179687 0.07220458984375 0.0453567504882812
-0.0369110107421875 -0.178619384765625 0.03857421875 0.088897705078125
0.0357818603515625 -0.17022705078125 -0.0216751098632813 0.121101379394531
0.0319976806640625 -0.176971435546875 0.0709152221679688 -0.09808349609375
-0.036956787109375 -0.167465209960938 0.0165214538574219 -0.0701065063476563
-0.107078552246094 -0.118247985839844 0.000667572021484371 -0.0256309509277344
-0.139396667480469 -0.0191574096679688 0.0152797698974609 -0.0224018096923828
-0.108375549316406 0.059906005859375 0.00833511352539062 -0.0491981506347656
-0.0469284057617187 0.119316101074219 -0.0134010314941406 -0.0469207763671875
0.00732421874999999 0.119102478027344 -0.0282135009765625 -0.0392189025878906
0.00692749023437499 0.110488891601563 -0.0310096740722656 -0.04052734375
0.007171630859375 0.126731872558594 -0.0273208618164063 -0.0531272888183594
-0.032989501953125 0.121788024902344 -0.000488281250000007 -0.0566215515136719
-0.0960540771484375 0.0817184448242188 0.0315742492675781 -0.063720703125
-0.125602722167969 0.0195388793945313 0.0601539611816406 -0.0314826965332031
-0.105804443359375 -0.100502014160156 0.0709686279296875 0.0259857177734375
-0.048309326171875 -0.166015625 0.0278663635253906 0.0508308410644531
0.0180511474609375 -0.166488647460938 -0.00209426879882812 0.0634651184082031
0.000961303710937511 -0.14337158203125 0.0862884521484375 -0.142120361328125
-0.0464859008789063 -0.122016906738281 0.0170135498046875 -0.0953140258789063
-0.0873565673828125 -0.077423095703125 0.00375556945800781 -0.0295925140380859
-0.100608825683594 -0.00980377197265627 0.03131103515625 -0.0327663421630859
-0.0772628784179688 0.0435943603515625 0.0219535827636719 -0.0683937072753906
-0.0379714965820312 0.087158203125 -0.0107421875 -0.078338623046875
-0.00112152099609375 0.0880889892578125 -0.0386505126953125 -0.0746383666992188
-0.000389099121093755 0.08331298828125 -0.0468368530273438 -0.07171630859375
-0.00144958496093749 0.096221923828125 -0.0404281616210938 -0.0845947265625
-0.0323333740234375 0.08819580078125 -0.005340576171875 -0.0902481079101563
-0.0759811401367188 0.0549240112304688 0.033233642578125 -0.0849533081054687
-0.0915679931640625 0.00941467285156249 0.0625839233398438 -0.0436058044433594
-0.07562255859375 -0.0757217407226563 0.0610313415527344 0.0113487243652344
-0.0412673950195313 -0.123497009277344 0.0137701034545898 0.0152091979980469
0.00258636474609375 -0.131813049316406 0.0131740570068359 0.00863933563232421
-0.0302734375 -0.0905380249023438 0.0917510986328125 -0.175827026367188
-0.04901123046875 -0.0620841979980469 0.0143585205078125 -0.114028930664062
-0.0562362670898437 -0.0254859924316406 0.00149345397949218 -0.0338134765625
-0.0482139587402344 0.00411987304687501 0.0349922180175781 -0.0390510559082031
-0.0335903167724609 0.0229873657226563 0.02642822265625 -0.0746841430664063
-0.0210609436035156 0.0430793762207031 -0.00998687744140624 -0.0951766967773438
-0.00867462158203126 0.0446929931640625 -0.044158935546875 -0.0963592529296875
-0.00658035278320313 0.0433387756347656 -0.05535888671875 -0.0913009643554688
-0.01092529296875 0.0519866943359375 -0.0461502075195312 -0.104461669921875
-0.0289573669433594 0.0407638549804688 -0.00545501708984375 -0.111297607421875
-0.0458564758300781 0.0164985656738281 0.0365142822265625 -0.09228515625
-0.0428695678710937 -0.00535202026367188 0.0628395080566406 -0.0442085266113281
-0.0301017761230469 -0.0413246154785156 0.0481681823730469 0.00439834594726562
-0.0243415832519531 -0.0613517761230469 0.00277137756347656 -0.00945758819580079
-0.0125350952148438 -0.0744857788085937 0.0250949859619141 -0.0329647064208984
-0.055999755859375 -0.0261878967285156 0.085479736328125 -0.196441650390625
-0.0438995361328125 0.00042724609374999 0.00577545166015624 -0.127342224121094
-0.0218257904052734 0.0248889923095703 -0.009002685546875 -0.0386772155761719
0.00571918487548828 0.0154857635498047 0.0259933471679688 -0.0402565002441406
0.0103816986083984 0.000746726989746094 0.02154541015625 -0.0687332153320313
-0.00250387191772461 -0.00572013854980469 -0.0106277465820313 -0.0945510864257813
-0.0143766403198242 -0.00489425659179687 -0.0445175170898437 -0.101608276367188
-0.0125675201416016 -0.00217628479003906 -0.0559921264648438 -0.0977706909179688
-0.0179214477539063 0.00058937072753906 -0.0428543090820313 -0.111282348632813
-0.0197868347167969 -0.0116767883300781 0.00107574462890624 -0.116729736328125
-0.00912857055664063 -0.0218830108642578 0.0411529541015625 -0.0860443115234375
0.0104751586914062 -0.0156545639038086 0.0611953735351563 -0.0360870361328125
0.0148277282714844 0.00176906585693359 0.0354804992675781 0.00446701049804688
-0.00847339630126953 0.00976943969726562 -0.00262260437011719 -0.0211658477783203
-0.0293712615966797 -0.00652694702148438 0.0310287475585938 -0.05548095703125
0.0518608093261719 -0.0619544982910156 -0.0116958618164062 0.0609130859375
-0.00583648681640625 -0.0852890014648437 0.00815010070800781 0.0192985534667969
-0.059295654296875 -0.0466384887695313 -0.0265083312988281 -0.0159282684326172
-0.0623931884765625 0.0168342590332031 -0.0610580444335938 0.0211410522460937
-0.0357589721679687 0.0468482971191406 -0.0482215881347656 0.063751220703125
0.00582122802734375 0.0586318969726563 -0.00368499755859374 0.104660034179688
0.0296974182128906 0.0540847778320313 0.0397567749023437 0.109916687011719
0.0200233459472656 0.0499191284179688 0.050750732421875 0.0923233032226562
0.01727294921875 0.056976318359375 0.0376205444335938 0.09088134765625
-0.0141220092773438 0.0571784973144531 0.0075225830078125 0.0905380249023438
-0.0465774536132813 0.0292892456054687 -0.00597000122070312 0.0575294494628906
-0.0528907775878906 -0.014190673828125 -0.00323104858398438 0.0370330810546875
-0.0162086486816406 -0.0593223571777344 0.0192909240722656 0.0674819946289063
0.0347175598144531 -0.0622787475585938 0.014251708984375 0.140609741210938
0.0580978393554688 -0.031402587890625 -0.098968505859375 0.210205078125
0.0646820068359375 -0.124595642089844 0.00114059448242188 0.0383377075195312
-0.0126113891601563 -0.140541076660156 0.00864982604980469 0.00802183151245116
-0.0882034301757813 -0.0922698974609375 -0.0180683135986328 -0.0178508758544922
-0.109329223632813 0.00194549560546873 -0.04815673828125 0.00983810424804688
-0.0760345458984375 0.0635528564453125 -0.0434913635253906 0.037994384765625
-0.013824462890625 0.100448608398438 -0.0118560791015625 0.0785293579101563
0.03021240234375 0.0968017578125 0.0239639282226563 0.0873336791992187
0.0203933715820312 0.0893173217773438 0.0346488952636719 0.0699653625488281
0.0183258056640625 0.101341247558594 0.0269927978515625 0.0647506713867188
-0.0255508422851563 0.0984039306640625 0.0102081298828125 0.0648384094238281
-0.0788803100585938 0.057769775390625 0.00819587707519531 0.0341777801513672
-0.0949325561523438 -0.00747680664062498 0.0167312622070312 0.0262317657470703
-0.0522842407226562 -0.0933151245117188 0.0428504943847656 0.0685806274414062
0.0145797729492188 -0.122856140136719 0.0290908813476562 0.138633728027344
0.0615921020507813 -0.0971527099609375 -0.0749969482421875 0.202377319335938
0.068267822265625 -0.171157836914063 0.0219631195068359 -3.81469726562605E-05
-0.01812744140625 -0.178787231445313 0.0112056732177734 -0.0125846862792969
-0.107444763183594 -0.127388000488281 -0.0110931396484375 -0.0196475982666016
-0.14361572265625 -0.01324462890625 -0.0293502807617188 -0.000438690185546877
-0.107612609863281 0.0717926025390625 -0.0309791564941406 0.009033203125
-0.033172607421875 0.12872314453125 -0.0170173645019531 0.0412254333496094
0.0248794555664062 0.125816345214844 0.004638671875 0.0508079528808594
0.0188522338867187 0.115470886230469 0.01348876953125 0.0375785827636719
0.0178909301757812 0.131584167480469 0.0102710723876953 0.0288925170898438
-0.0318756103515625 0.127937316894531 0.00970649719238281 0.0283470153808594
-0.0998077392578125 0.081695556640625 0.0204944610595703 0.00299644470214844
-0.127548217773438 0.005279541015625 0.0371589660644531 0.00923919677734375
-0.08941650390625 -0.114234924316406 0.0626373291015625 0.0613059997558594
-0.0139923095703125 -0.167678833007813 0.038482666015625 0.12176513671875
0.052886962890625 -0.149765014648438 -0.0495147705078125 0.172821044921875
0.0584564208984375 -0.191757202148438 0.047088623046875 -0.0486679077148438
-0.0269622802734375 -0.192581176757813 0.013275146484375 -0.0409774780273438
-0.117080688476563 -0.13958740234375 -0.00534820556640626 -0.0220470428466797
-0.158218383789063 -0.0225067138671875 -0.00759983062744141 -0.011138916015625
-0.122421264648437 0.0714035034179688 -0.0123081207275391 -0.0211734771728516
-0.0461502075195313 0.137535095214844 -0.0171518325805664 -0.00277042388916015
0.01690673828125 0.135513305664063 -0.0133895874023437 0.00637245178222657
0.0143585205078125 0.1256103515625 -0.0101299285888672 -0.00110626220703124
0.015380859375 0.142745971679688 -0.00988292694091797 -0.0123491287231445
-0.0334701538085938 0.139694213867188 0.00530719757080078 -0.0141630172729492
-0.107093811035156 0.0940628051757812 0.0273418426513672 -0.0319957733154297
-0.141754150390625 0.01788330078125 0.0516853332519531 -0.0118484497070312
-0.113700866699219 -0.117904663085938 0.0725173950195312 0.0455780029296875
-0.0404205322265625 -0.186965942382813 0.0376510620117188 0.0903854370117187
0.0383148193359375 -0.178131103515625 -0.0239715576171875 0.123207092285156
0.0353546142578125 -0.18463134765625 0.0693893432617188 -0.0998382568359375
-0.0378875732421875 -0.174713134765625 0.01507568359375 -0.0718231201171875
-0.112571716308594 -0.123886108398438 -5.32434498508093E-18 -0.0256156921386719
-0.1463623046875 -0.0203399658203125 0.0142459869384766 -0.0220088958740234
-0.113174438476563 0.0624618530273438 0.00726318359375 -0.0487251281738281
-0.048309326171875 0.124931335449219 -0.0149803161621094 -0.0455474853515625
0.00827026367187499 0.124107360839844 -0.0286216735839844 -0.0382308959960937
0.00736236572265625 0.115364074707031 -0.0318832397460938 -0.0394210815429687
0.00836181640624999 0.132354736328125 -0.0291252136230469 -0.0521812438964844
-0.033416748046875 0.127708435058594 -0.001678466796875 -0.0562515258789062
-0.100288391113281 0.08642578125 0.0304832458496094 -0.0647392272949219
-0.131515502929687 0.0197219848632813 0.05950927734375 -0.0322074890136719
-0.110519409179687 -0.106216430664063 0.0706405639648438 0.0261459350585937
-0.0510711669921875 -0.173721313476563 0.0267181396484375 0.0508956909179687
0.021026611328125 -0.174270629882813 -0.00328445434570313 0.0628433227539063
0.00523376464843751 -0.149642944335938 0.08599853515625 -0.146484375
-0.0452804565429687 -0.128807067871094 0.01513671875 -0.0992507934570313
-0.0903854370117188 -0.0832901000976563 0.00292968749999999 -0.0299930572509766
-0.106864929199219 -0.0113525390625 0.0303478240966797 -0.0322704315185547
-0.0817794799804688 0.0453872680664062 0.0210685729980469 -0.0684051513671875
-0.0397262573242188 0.0921249389648438 -0.0120391845703125 -0.0789794921875
-0.0016632080078125 0.093048095703125 -0.0394744873046875 -0.0754852294921875
-0.000129699707031243 0.087646484375 -0.0483245849609375 -0.0720748901367187
-0.00126647949218749 0.10137939453125 -0.0427093505859375 -0.0850296020507812
-0.0343780517578125 0.0934295654296875 -0.00681304931640625 -0.0914077758789062
-0.080596923828125 0.0583877563476563 0.0325775146484375 -0.0868377685546875
-0.0969772338867188 0.00881958007812498 0.0628547668457031 -0.044952392578125
-0.0795059204101563 -0.0813674926757812 0.0606460571289062 0.0110092163085937
-0.0422592163085937 -0.130592346191406 0.0123157501220703 0.0144281387329101
0.00601959228515626 -0.137809753417969 0.0136051177978516 0.00497055053710937
-0.0264663696289063 -0.0945205688476562 0.09307861328125 -0.182525634765625
-0.0481986999511719 -0.0667037963867187 0.0133132934570312 -0.119407653808594
-0.0587348937988281 -0.0296859741210938 0.000411987304687493 -0.0353164672851563
-0.0520744323730469 0.0023193359375 0.0345878601074219 -0.0392990112304688
-0.0372657775878906 0.0232086181640625 0.0258255004882812 -0.0760726928710937
-0.0235061645507813 0.04620361328125 -0.0106124877929687 -0.09686279296875
-0.00940704345703125 0.0480880737304688 -0.0447921752929687 -0.0987701416015625
-0.00751113891601563 0.0464668273925781 -0.057098388671875 -0.0930328369140625
-0.0121498107910156 0.0564346313476563 -0.0481414794921875 -0.105903625488281
-0.0309906005859375 0.0452117919921875 -0.006072998046875 -0.112693786621094
-0.0505027770996094 0.0183258056640625 0.0365219116210938 -0.0950851440429688
-0.0469131469726563 -0.00675201416015625 0.0631942749023438 -0.0459327697753906
-0.032073974609375 -0.0464668273925781 0.0480575561523438 0.00412750244140625
-0.0235862731933594 -0.0663604736328125 0.00153446197509766 -0.0118799209594727
-0.0085906982421875 -0.0786209106445313 0.0269088745117188 -0.0386085510253906
-0.0533065795898438 -0.026641845703125 0.089202880859375 -0.204360961914063
-0.0422210693359375 -0.000957489013671881 0.00621032714843749 -0.132980346679688
-0.0218734741210938 0.0226707458496094 -0.009674072265625 -0.0396385192871094
0.00385665893554688 0.0143728256225586 0.0260124206542969 -0.041534423828125
0.00856924057006836 -0.000383853912353516 0.0214691162109375 -0.0698738098144531
-0.00437283515930176 -0.00381135940551758 -0.0108489990234375 -0.0974578857421875
-0.0156116485595703 -0.00229644775390625 -0.0459747314453125 -0.104598999023438
-0.0133829116821289 -0.000257492065429687 -0.056884765625 -0.1002197265625
-0.0193805694580078 0.00271987915039062 -0.0443344116210937 -0.113815307617188
-0.0223331451416016 -0.00951385498046875 -0.000144958496093759 -0.119796752929688
-0.0120429992675781 -0.0209312438964844 0.04156494140625 -0.0882034301757813
0.00848102569580078 -0.0169858932495117 0.0626373291015625 -0.0377960205078125
0.0144100189208984 -0.00147342681884766 0.0357666015625 0.00446701049804688
-0.00701141357421875 0.00707912445068359 -0.00307655334472656 -0.0241146087646484
-0.0261993408203125 -0.00835037231445313 0.0340461730957031 -0.0619888305664063
0.0502967834472656 -0.0642967224121094 -0.0142898559570312 0.0695266723632812
-0.00970458984375 -0.0861434936523437 0.00800514221191407 0.0230560302734375
-0.0620460510253906 -0.0456352233886719 -0.0265178680419922 -0.0151805877685547
-0.06219482421875 0.0181770324707031 -0.0631179809570313 0.0228080749511719
-0.0349388122558594 0.0492172241210937 -0.0494422912597656 0.06671142578125
0.0081939697265625 0.0593528747558594 -0.00201416015625 0.109756469726563
0.0325889587402344 0.0534629821777344 0.0442352294921875 0.115089416503906
0.0227622985839844 0.0498313903808594 0.0543975830078125 0.0965194702148438
0.020843505859375 0.0572509765625 0.0405349731445312 0.0955734252929688
-0.0116233825683594 0.0598182678222656 0.00930023193359374 0.0950164794921875
-0.0463790893554688 0.0323677062988281 -0.00598907470703125 0.0606040954589844
-0.0558319091796875 -0.012725830078125 -0.00389862060546875 0.0388374328613281
-0.0192451477050781 -0.0598373413085938 0.0217781066894531 0.0692100524902344
0.0321731567382813 -0.0657882690429688 0.0167388916015625 0.146865844726563
0.0565948486328125 -0.0354537963867188 -0.1014404296875 0.223052978515625
0.0641555786132813 -0.13189697265625 -0.00235748291015625 0.0448455810546875
-0.0167388916015625 -0.144760131835937 0.00832653045654297 0.0115251541137695
-0.0932998657226563 -0.094024658203125 -0.0190162658691406 -0.017181396484375
-0.112693786621094 0.00392913818359373 -0.0500030517578125 0.0114669799804688
-0.0775222778320313 0.067718505859375 -0.0453414916992188 0.0412826538085938
-0.0122222900390625 0.104347229003906 -0.01165771484375 0.083038330078125
0.0335311889648437 0.0990676879882813 0.0268478393554688 0.0922393798828125
0.0239944458007812 0.0922622680664062 0.0374221801757812 0.0743942260742188
0.0228347778320313 0.104942321777344 0.02862548828125 0.069000244140625
-0.022705078125 0.103126525878906 0.0121498107910156 0.0687065124511719
-0.0806121826171875 0.0634231567382813 0.00822448730468749 0.0362663269042969
-0.100654602050781 -0.00502014160156252 0.0166053771972656 0.0267143249511719
-0.0590972900390625 -0.0966796875 0.0454483032226562 0.0694580078125
0.009246826171875 -0.129745483398438 0.0319976806640625 0.144332885742187
0.0611724853515625 -0.104881286621094 -0.0769500732421875 0.21405029296875
0.068389892578125 -0.180801391601563 0.0182151794433594 0.00420379638671874
-0.0226287841796875 -0.186447143554688 0.00930309295654297 -0.0107173919677734
-0.115242004394531 -0.130325317382813 -0.0114612579345703 -0.0187416076660156
-0.150466918945312 -0.0118865966796875 -0.0316543579101563 0.000574111938476562
-0.11114501953125 0.0771102905273438 -0.0332374572753906 0.0112972259521484
-0.0322723388671875 0.135032653808594 -0.0171241760253906 0.0447044372558594
0.0296173095703125 0.130104064941406 0.00659942626953125 0.0556983947753906
0.0225982666015625 0.120597839355469 0.0144767761230469 0.04083251953125
0.0226898193359375 0.137123107910156 0.0104427337646484 0.0320529937744141
-0.02899169921875 0.134986877441406 0.0109844207763672 0.0312652587890625
-0.103263854980469 0.0894012451171875 0.0198993682861328 0.00386047363281251
-0.135108947753906 0.00872039794921877 0.0366554260253906 0.00939178466796875
-0.0980377197265625 -0.1187744140625 0.0649299621582031 0.0615158081054687
-0.02093505859375 -0.177200317382813 0.04107666015625 0.126205444335938
0.0532073974609375 -0.160537719726563 -0.0498046875 0.180679321289063
0.0592193603515625 -0.204360961914063 0.0437583923339844 -0.0483169555664063
-0.032318115234375 -0.201980590820313 0.0107841491699219 -0.0409774780273438
-0.126632690429687 -0.145034790039063 -0.00627708435058594 -0.0220527648925781
-0.167404174804688 -0.02008056640625 -0.00850963592529298 -0.0101604461669922
-0.127006530761719 0.0768508911132812 -0.0144195556640625 -0.0202903747558594
-0.045806884765625 0.145614624023437 -0.0183029174804688 -0.000633239746093743
0.02056884765625 0.142379760742188 -0.0136327743530273 0.00985717773437501
0.0172882080078125 0.130844116210938 -0.0102643966674805 0.00178241729736329
0.0194244384765625 0.14984130859375 -0.0113687515258789 -0.0097217559814453
-0.030670166015625 0.147689819335938 0.00518703460693359 -0.0129146575927734
-0.111679077148437 0.102523803710938 0.0267543792724609 -0.0334224700927734
-0.150955200195313 0.021484375 0.0515213012695312 -0.0136795043945312
-0.12286376953125 -0.123695373535156 0.0753021240234375 0.0453033447265625
-0.0481719970703125 -0.197280883789063 0.0387115478515625 0.09283447265625
0.0380096435546875 -0.189956665039063 -0.0244674682617187 0.127365112304688
0.03680419921875 -0.196380615234375 0.0678787231445313 -0.104782104492188
-0.0421142578125 -0.184417724609375 0.0121994018554687 -0.0747909545898438
-0.122108459472656 -0.128715515136719 -0.00133705139160157 -0.0264987945556641
-0.15521240234375 -0.01910400390625 0.0132312774658203 -0.0227870941162109
-0.118576049804687 0.0679855346679688 0.00515747070312499 -0.0498504638671875
-0.0494003295898437 0.133560180664063 -0.0174713134765625 -0.0459365844726562
0.0108566284179687 0.131370544433594 -0.0303764343261719 -0.0379829406738281
0.0105743408203125 0.121841430664063 -0.0338821411132813 -0.0385780334472656
0.0119247436523438 0.139633178710938 -0.0319023132324219 -0.0516395568847656
-0.0327301025390625 0.135879516601563 -0.00323104858398438 -0.0569305419921875
-0.104949951171875 0.0948257446289062 0.0291786193847656 -0.0681533813476563
-0.140380859375 0.0232086181640625 0.0593299865722656 -0.0353965759277344
-0.120277404785156 -0.111747741699219 0.0721588134765625 0.0252761840820312
-0.0576934814453125 -0.18377685546875 0.0265617370605469 0.0516204833984375
0.0214996337890625 -0.184982299804688 -0.00303268432617187 0.0631332397460937
0.006561279296875 -0.15948486328125 0.0854644775390625 -0.155319213867188
-0.0487747192382813 -0.138015747070313 0.0127105712890625 -0.104522705078125
-0.0983657836914062 -0.0881576538085938 0.00184631347656249 -0.0317840576171875
-0.11505126953125 -0.0108413696289063 0.0300254821777344 -0.03387451171875
-0.0868759155273438 0.049224853515625 0.019805908203125 -0.07073974609375
-0.0411529541015625 0.0990676879882813 -0.01458740234375 -0.08111572265625
-7.62939453125875E-06 0.099151611328125 -0.0424728393554687 -0.0770339965820313
0.00077819824218751 0.0938491821289063 -0.0512161254882812 -0.0729293823242188
0.000495910644531253 0.108207702636719 -0.0473098754882813 -0.0857925415039063
-0.0337600708007813 0.100753784179688 -0.00917816162109376 -0.0936813354492188
-0.08544921875 0.0643463134765625 0.0313949584960937 -0.0915908813476563
-0.104507446289062 0.0107803344726562 0.0626716613769531 -0.047882080078125
-0.0867156982421875 -0.0870437622070313 0.061737060546875 0.0104331970214844
-0.0460739135742188 -0.138923645019531 0.01116943359375 0.0134639739990234
0.0075225830078125 -0.147445678710938 0.014617919921875 0.000768661499023429
-0.0258102416992187 -0.100433349609375 0.093963623046875 -0.194839477539063
-0.0492630004882812 -0.0726165771484375 0.0113601684570312 -0.127418518066406
-0.0621337890625 -0.0332450866699219 -0.000858306884765628 -0.0375862121582031
-0.0576133728027344 0.00130462646484374 0.0345726013183594 -0.0415840148925781
-0.0406951904296875 0.02532958984375 0.02520751953125 -0.0787353515625
-0.0254440307617188 0.0505561828613281 -0.0127792358398437 -0.100570678710938
-0.00967788696289062 0.0530548095703125 -0.049346923828125 -0.101898193359375
-0.00810623168945312 0.0512466430664063 -0.0609130859375 -0.0960769653320312
-0.0119705200195313 0.0611343383789062 -0.052520751953125 -0.109214782714844
-0.0320816040039062 0.0500717163085938 -0.00967407226562499 -0.11669921875
-0.0547637939453125 0.0219268798828125 0.035491943359375 -0.0997314453125
-0.0523643493652344 -0.00693893432617189 0.0643119812011719 -0.0491256713867188
-0.0359458923339844 -0.0507011413574219 0.0488815307617188 0.00378799438476562
-0.0251388549804687 -0.07183837890625 0.000659942626953124 -0.0135746002197266
-0.00635528564453124 -0.08453369140625 0.0283966064453125 -0.0459327697753906
-0.0523033142089844 -0.0273933410644531 0.0903472900390625 -0.217697143554688
-0.0422401428222656 -0.00327301025390626 0.00408935546875001 -0.141433715820313
-0.0212879180908203 0.0210208892822266 -0.0113525390625 -0.0422325134277344
0.00250720977783203 0.0130157470703125 0.0266227722167969 -0.0436363220214844
0.0067591667175293 -0.000181198120117188 0.0219650268554688 -0.0730743408203125
-0.00630950927734375 -0.00312089920043945 -0.0126190185546875 -0.101531982421875
-0.0173740386962891 0.000226974487304689 -0.04913330078125 -0.109832763671875
-0.015289306640625 0.00186061859130859 -0.0606002807617188 -0.104217529296875
-0.0208721160888672 0.00521087646484375 -0.0487899780273438 -0.11822509765625
-0.0247268676757813 -0.0068817138671875 -0.00340270996093751 -0.124557495117188
-0.0157699584960938 -0.0201263427734375 0.04150390625 -0.0937271118164063
0.00609207153320313 -0.0191211700439453 0.0640106201171875 -0.0406570434570313
0.0141057968139648 -0.00465106964111328 0.036376953125 0.00377655029296875
-0.00536251068115234 0.00463676452636719 -0.00339889526367188 -0.0277671813964844
-0.0234565734863281 -0.00989913940429688 0.0359039306640625 -0.0713348388671875
0.0477180480957031 -0.0679550170898438 -0.01458740234375 0.0788116455078125
-0.0145721435546875 -0.0862350463867187 0.00826263427734375 0.0272636413574219
-0.0650367736816406 -0.042694091796875 -0.0277366638183594 -0.0140209197998047
-0.0620155334472656 0.0215225219726562 -0.0642738342285156 0.0268783569335938
-0.0323219299316406 0.0520477294921875 -0.048828125 0.071990966796875
0.0119056701660156 0.0605583190917969 0.00259399414062499 0.114494323730469
0.0361480712890625 0.0518569946289062 0.051300048828125 0.118537902832031
0.0265274047851562 0.0490684509277344 0.0607452392578125 0.099273681640625
0.0259056091308594 0.0567970275878906 0.046295166015625 0.099029541015625
-0.00725555419921874 0.0615348815917969 0.014495849609375 0.0993728637695313
-0.0449600219726562 0.0370407104492188 -0.00395965576171875 0.0639533996582031
-0.0581703186035156 -0.00919723510742188 -0.00316238403320313 0.040740966796875
-0.0239715576171875 -0.0596847534179688 0.02679443359375 0.0708084106445313
0.0272674560546875 -0.0694770812988281 0.0230255126953125 0.153289794921875
0.0544891357421875 -0.0406112670898438 -0.096954345703125 0.238433837890625
0.060394287109375 -0.139816284179687 -0.00410079956054687 0.0528221130371094
-0.025054931640625 -0.1480712890625 0.00757122039794922 0.0152597427368164
-0.100967407226563 -0.0918197631835938 -0.0196781158447266 -0.0163803100585938
-0.115913391113281 0.00886535644531252 -0.0516433715820313 0.0142593383789062
-0.0764541625976563 0.0731353759765625 -0.0459098815917969 0.0456695556640625
-0.00757598876953126 0.108657836914063 -0.008758544921875 0.08837890625
0.0396575927734375 0.100028991699219 0.0329055786132813 0.0963897705078125
0.0298614501953125 0.0939254760742188 0.042694091796875 0.0775909423828125
0.0301055908203125 0.107177734375 0.0321273803710938 0.0723648071289063
-0.0174713134765625 0.108650207519531 0.0159988403320312 0.0723190307617187
-0.0803298950195313 0.070892333984375 0.00916290283203124 0.0374870300292969
-0.1060791015625 0.000518798828125011 0.0170497894287109 0.0276412963867188
-0.0675735473632813 -0.0975875854492188 0.0497856140136719 0.0700416564941406
0.00150299072265626 -0.13623046875 0.0380706787109375 0.149139404296875
0.057373046875 -0.114501953125 -0.0727081298828125 0.227386474609375
0.0633087158203125 -0.193008422851563 0.0152931213378906 0.00800132751464843
-0.0326080322265625 -0.192672729492188 0.00750017166137695 -0.00863647460937501
-0.126007080078125 -0.130332946777344 -0.0134258270263672 -0.0188274383544922
-0.157485961914063 -0.00535583496093753 -0.0331516265869141 0.00282859802246094
-0.112815856933594 0.0853347778320313 -0.0346450805664063 0.0145492553710938
-0.027435302734375 0.141998291015625 -0.0163002014160156 0.0488662719726563
0.0361709594726563 0.134437561035156 0.0100555419921875 0.0592155456542969
0.0294342041015625 0.124488830566406 0.0176162719726563 0.044677734375
0.031890869140625 0.142135620117187 0.0114669799804688 0.0357475280761719
-0.0223388671875 0.1431884765625 0.0127315521240234 0.0336856842041016
-0.103828430175781 0.0996322631835938 0.0193290710449219 0.00300979614257813
-0.142532348632813 0.016387939453125 0.0363731384277344 0.00804519653320313
-0.109893798828125 -0.120201110839844 0.0693740844726563 0.0602607727050781
-0.0326690673828125 -0.185165405273437 0.0455856323242188 0.129364013671875
0.04803466796875 -0.172439575195313 -0.0460205078125 0.191162109375
0.0537261962890625 -0.2174072265625 0.0392417907714844 -0.0489120483398438
-0.04266357421875 -0.209930419921875 0.00717926025390625 -0.0416259765625
-0.139541625976563 -0.146102905273438 -0.00800132751464845 -0.0220565795898438
-0.177322387695313 -0.013671875 -0.0105619430541992 -0.00994777679443359
-0.130142211914063 0.0869598388671875 -0.0171966552734375 -0.0191631317138672
-0.04107666015625 0.15484619140625 -0.0197944641113281 0.00256919860839845
0.028167724609375 0.14739990234375 -0.0131044387817383 0.0127344131469727
0.0250473022460937 0.137107849121094 -0.0101871490478516 0.00466060638427735
0.0288238525390625 0.156173706054688 -0.0126180648803711 -0.00705814361572265
-0.024566650390625 0.15740966796875 0.00449943542480468 -0.0122470855712891
-0.112548828125 0.114341735839844 0.0247611999511719 -0.0352020263671875
-0.159164428710937 0.0298614501953125 0.050537109375 -0.0161361694335937
-0.137123107910156 -0.124710083007812 0.0786514282226562 0.0430679321289062
-0.0607452392578125 -0.205474853515625 0.0422821044921875 0.0943527221679687
0.0320892333984375 -0.202911376953125 -0.0215911865234375 0.13250732421875
0.0320892333984375 -0.209197998046875 0.0627212524414063 -0.109794616699219
-0.05230712890625 -0.192550659179688 0.00679016113281249 -0.077728271484375
-0.134407043457031 -0.131057739257813 -0.00378608703613282 -0.0269947052001953
-0.166534423828125 -0.0131683349609375 0.0122966766357422 -0.0234107971191406
-0.122367858886719 0.0776748657226563 0.00226593017578124 -0.0504837036132812
-0.045379638671875 0.143157958984375 -0.019927978515625 -0.0446319580078125
0.0172348022460937 0.137588500976563 -0.0329017639160156 -0.0361976623535156
0.016265869140625 0.128005981445313 -0.0363998413085937 -0.0368194580078125
0.0196990966796875 0.1466064453125 -0.0363960266113281 -0.0495948791503906
-0.026641845703125 0.14520263671875 -0.00644683837890625 -0.0581550598144531
-0.106781005859375 0.105918884277344 0.02569580078125 -0.0717315673828125
-0.148040771484375 0.030029296875 0.0583114624023437 -0.0384750366210937
-0.132621765136719 -0.113601684570313 0.0743560791015625 0.0235214233398437
-0.0697784423828125 -0.191757202148438 0.0275306701660156 0.0513458251953125
0.0162353515625 -0.197219848632813 -0.00180053710937499 0.0636482238769531
0.0029449462890625 -0.1693115234375 0.080078125 -0.165618896484375
-0.05572509765625 -0.144622802734375 0.00634765625000001 -0.110252380371094
-0.107795715332031 -0.0902328491210938 -0.00100517272949219 -0.0336017608642578
-0.1241455078125 -0.00680541992187498 0.0287666320800781 -0.0358123779296875
-0.0906982421875 0.0562057495117188 0.0164718627929687 -0.0734329223632812
-0.0394210815429688 0.107803344726562 -0.0186004638671875 -0.0826187133789063
0.00465393066406249 0.105644226074219 -0.047515869140625 -0.0771942138671875
0.0050811767578125 0.0993270874023438 -0.05670166015625 -0.071990966796875
0.00634765625 0.115005493164063 -0.0531005859375 -0.085662841796875
-0.030487060546875 0.109123229980469 -0.0143280029296875 -0.0959320068359375
-0.088348388671875 0.0730667114257813 0.0271682739257812 -0.0963592529296875
-0.111114501953125 0.01556396484375 0.0617713928222656 -0.0524368286132812
-0.0960540771484375 -0.0896148681640625 0.0634651184082031 0.00799560546874999
-0.0551605224609375 -0.145797729492188 0.0103750228881836 0.0119791030883789
0.00465393066406251 -0.1568603515625 0.0146017074584961 -0.00286960601806642
-0.0274887084960938 -0.106056213378906 0.087921142578125 -0.208694458007813
-0.0529861450195313 -0.0767745971679687 0.00439453125 -0.135307312011719
-0.0670661926269531 -0.0348930358886719 -0.00328445434570313 -0.0391464233398438
-0.0630035400390625 0.00260543823242188 0.0336952209472656 -0.0441741943359375
-0.0442543029785156 0.0285835266113281 0.022674560546875 -0.082000732421875
-0.025421142578125 0.056854248046875 -0.017578125 -0.1033935546875
-0.00765609741210937 0.0578880310058594 -0.0556106567382812 -0.104049682617188
-0.00589370727539062 0.0562286376953125 -0.067596435546875 -0.096099853515625
-0.00899505615234376 0.0667800903320313 -0.0599212646484375 -0.110572814941406
-0.0311317443847656 0.0564804077148438 -0.015838623046875 -0.1207275390625
-0.0586700439453125 0.0276069641113281 0.03204345703125 -0.105628967285156
-0.0574226379394531 -0.00558853149414063 0.0635108947753906 -0.0544357299804688
-0.041259765625 -0.0547218322753906 0.0499191284179687 0.00162887573242187
-0.0286483764648438 -0.0770111083984375 -0.00153827667236328 -0.0160579681396484
-0.0066986083984375 -0.0906600952148438 0.0277442932128906 -0.0538101196289063
-0.0531082153320313 -0.0277328491210937 0.0849761962890625 -0.233169555664062
-0.0416221618652344 -0.00355529785156251 -0.002838134765625 -0.15045166015625
-0.0210418701171875 0.0209159851074219 -0.0149803161621094 -0.0443687438964844
0.00159645080566406 0.0117254257202148 0.0252037048339844 -0.0459556579589844
0.00582647323608398 -0.00130844116210938 0.0196151733398437 -0.0766067504882813
-0.00862360000610351 -0.000941276550292969 -0.0167236328125 -0.10498046875
-0.0183696746826172 0.00302505493164063 -0.0562744140625 -0.113487243652344
-0.0163412094116211 0.00469589233398438 -0.0679244995117188 -0.106178283691406
-0.0216922760009766 0.00815963745117187 -0.056182861328125 -0.121055603027344
-0.0263214111328125 -0.00346374511718751 -0.0100479125976563 -0.129447937011719
-0.0192985534667969 -0.019439697265625 0.0382843017578125 -0.100028991699219
0.00302314758300781 -0.0208015441894531 0.0645294189453125 -0.04608154296875
0.0131778717041016 -0.00832462310791016 0.0380630493164062 0.00283432006835937
-0.00476264953613281 0.00215244293212891 -0.00559043884277344 -0.0308952331542969
-0.0210189819335938 -0.0115203857421875 0.035858154296875 -0.0807723999023438
0.0438613891601563 -0.0707168579101563 -0.0122833251953125 0.08746337890625
-0.0206222534179688 -0.082977294921875 0.00998306274414063 0.0309467315673828
-0.0669479370117188 -0.0387153625488281 -0.0284061431884766 -0.0122013092041016
-0.0600090026855469 0.0247306823730469 -0.063385009765625 0.03045654296875
-0.02935791015625 0.0533943176269531 -0.0457000732421875 0.0761947631835938
0.0164909362792969 0.0592041015625 0.0096893310546875 0.117027282714844
0.0399017333984375 0.0493125915527344 0.0593338012695313 0.118637084960938
0.0296974182128906 0.0463027954101563 0.067352294921875 0.0986785888671875
0.0300865173339844 0.0543594360351563 0.0525970458984375 0.10009765625
-0.00204086303710937 0.0619354248046875 0.0199813842773437 0.101211547851563
-0.0419731140136719 0.0408973693847656 -0.00133514404296876 0.0653266906738281
-0.0592269897460938 -0.00460052490234376 -0.00115203857421876 0.0423431396484375
-0.0277481079101562 -0.0584716796875 0.03076171875 0.0698890686035156
0.0218582153320313 -0.0717391967773438 0.0313873291015625 0.155136108398437
0.0506134033203125 -0.0449104309082031 -0.086578369140625 0.249359130859375
0.05267333984375 -0.145599365234375 -0.00403594970703125 0.0603408813476562
-0.03472900390625 -0.146682739257813 0.00725555419921875 0.0191402435302734
-0.106819152832031 -0.0861434936523437 -0.0197372436523438 -0.0152359008789063
-0.116828918457031 0.0156478881835937 -0.0512886047363281 0.0179252624511719
-0.0730514526367187 0.0784530639648438 -0.0447273254394531 0.0493545532226563
-0.000984191894531247 0.109703063964844 -0.0036773681640625 0.092010498046875
0.045562744140625 0.098663330078125 0.0389404296875 0.0984115600585938
0.0361862182617187 0.0931167602539063 0.048126220703125 0.0786972045898438
0.0383682250976563 0.106719970703125 0.0368576049804688 0.0740737915039063
-0.008880615234375 0.111366271972656 0.0200424194335938 0.0732955932617188
-0.076507568359375 0.077667236328125 0.0102691650390625 0.0382461547851563
-0.109474182128906 0.00815582275390623 0.0176353454589844 0.0277023315429688
-0.0757598876953125 -0.0954666137695313 0.0537986755371094 0.0673332214355469
-0.00911712646484374 -0.13897705078125 0.045806884765625 0.149459838867188
0.05023193359375 -0.121429443359375 -0.0627899169921875 0.2371826171875
0.05364990234375 -0.2008056640625 0.0118112564086914 0.0127487182617187
-0.04443359375 -0.193222045898437 0.00513648986816406 -0.0063152313232422
-0.135772705078125 -0.125686645507812 -0.0146350860595703 -0.0174293518066406
-0.161056518554688 0.00436401367187501 -0.0339202880859375 0.0041961669921875
-0.110054016113281 0.0934829711914063 -0.0352020263671875 0.0175743103027344
-0.0188446044921875 0.147384643554688 -0.014251708984375 0.0526123046875
0.0444107055664063 0.134490966796875 0.0134544372558594 0.0620498657226563
0.03765869140625 0.125419616699219 0.0215492248535156 0.0468368530273438
0.0420684814453125 0.142868041992188 0.0143814086914063 0.0377159118652344
-0.012603759765625 0.147842407226563 0.0151481628417969 0.0344924926757813
-0.0997848510742188 0.110275268554687 0.0178508758544922 0.00258255004882813
-0.14617919921875 0.0264739990234375 0.0359268188476562 0.0071868896484375
-0.121261596679688 -0.116004943847656 0.0724716186523437 0.0568695068359375
-0.0460052490234375 -0.18768310546875 0.0522537231445312 0.128578186035156
0.0387420654296875 -0.181655883789063 -0.0379638671875 0.197158813476563
0.04290771484375 -0.226425170898438 0.0345001220703125 -0.0470314025878906
-0.0558929443359375 -0.211502075195313 0.00277328491210938 -0.0399589538574219
-0.150970458984375 -0.141647338867187 -0.0100307464599609 -0.0209178924560547
-0.182540893554687 -0.00309753417968754 -0.0112800598144531 -0.00793647766113281
-0.127662658691406 0.0966262817382812 -0.0189971923828125 -0.0170631408691406
-0.032623291015625 0.162384033203125 -0.0204143524169922 0.00560760498046876
0.03759765625 0.1495361328125 -0.0119047164916992 0.0147666931152344
0.0332107543945313 0.139106750488281 -0.00882720947265625 0.00728893280029298
0.0392608642578125 0.158294677734375 -0.0140495300292969 -0.00454998016357421
-0.014312744140625 0.162765502929688 0.00469875335693359 -0.0116243362426758
-0.1083984375 0.125236511230469 0.0217208862304687 -0.0370979309082031
-0.163070678710937 0.040863037109375 0.0486373901367188 -0.0180168151855469
-0.148834228515625 -0.120361328125 0.0809402465820312 0.0396652221679687
-0.0749664306640625 -0.206451416015625 0.0462875366210937 0.09295654296875
0.0222015380859375 -0.210540771484375 -0.0157470703125 0.135963439941406
0.0217132568359375 -0.2183837890625 0.0543289184570312 -0.113601684570313
-0.0637969970703125 -0.1956787109375 0.000213623046875 -0.0777664184570313
-0.144943237304688 -0.12738037109375 -0.00657844543457032 -0.0271892547607422
-0.1728515625 -0.00350952148437497 0.0103473663330078 -0.0233840942382813
-0.122123718261719 0.0868911743164062 -0.00141143798828126 -0.0495109558105469
-0.037811279296875 0.149734497070313 -0.0230903625488281 -0.0421409606933594
0.0259246826171875 0.14068603515625 -0.035125732421875 -0.03350830078125
0.0245208740234375 0.131500244140625 -0.0388832092285156 -0.0328407287597656
0.03021240234375 0.150192260742188 -0.0390777587890625 -0.0461311340332031
-0.01800537109375 0.151596069335938 -0.0092010498046875 -0.0586051940917969
-0.103523254394531 0.116477966308594 0.0209808349609375 -0.0745391845703125
-0.151214599609375 0.040374755859375 0.0542564392089844 -0.0417671203613281
-0.144500732421875 -0.109878540039062 0.0758132934570312 0.0194549560546875
-0.0830841064453125 -0.193084716796875 0.0282516479492187 0.0515174865722656
0.00740051269531252 -0.205459594726563 0.000671386718750003 0.0620841979980469
-0.00387573242187499 -0.176040649414063 0.07061767578125 -0.17205810546875
-0.063934326171875 -0.147354125976563 -0.00294494628906249 -0.11309814453125
-0.1162109375 -0.088836669921875 -0.00411605834960938 -0.0332527160644531
-0.129867553710938 -0.000862121582031257 0.0266380310058594 -0.0376968383789063
-0.0912246704101563 0.064056396484375 0.0127029418945312 -0.0739669799804688
-0.0342788696289062 0.11468505859375 -0.0237045288085938 -0.0824356079101562
0.0104751586914063 0.109718322753906 -0.0526046752929688 -0.0749893188476562
0.0111236572265625 0.103179931640625 -0.0617523193359375 -0.0684585571289063
0.0133590698242188 0.118743896484375 -0.0591201782226563 -0.0828475952148438
-0.0237503051757812 0.114372253417969 -0.0196456909179687 -0.0961227416992187
-0.0866851806640625 0.0811843872070312 0.0209503173828125 -0.099517822265625
-0.115379333496094 0.0225067138671875 0.0580787658691406 -0.0562705993652344
-0.105140686035156 -0.088836669921875 0.063690185546875 0.00529861450195312
-0.06494140625 -0.146896362304688 0.00949478149414062 0.0115642547607422
-0.00079345703124999 -0.163482666015625 0.0131750106811523 -0.00712013244628907
-0.0302810668945313 -0.108375549316406 0.0770416259765625 -0.218597412109375
-0.0572052001953125 -0.0782852172851563 -0.0048980712890625 -0.139396667480469
-0.071533203125 -0.0338668823242187 -0.00737762451171875 -0.0399093627929688
-0.0664176940917969 0.00540161132812501 0.0312232971191406 -0.0465774536132813
-0.045623779296875 0.0323753356933594 0.0182876586914062 -0.0840225219726563
-0.0236396789550781 0.0609169006347656 -0.0232772827148438 -0.103668212890625
-0.00400543212890624 0.0627174377441406 -0.0623626708984375 -0.102699279785156
-0.00311660766601562 0.0595893859863281 -0.07330322265625 -0.0937271118164063
-0.0052947998046875 0.07086181640625 -0.0670394897460938 -0.1087646484375
-0.0283889770507812 0.0613670349121094 -0.0235366821289063 -0.120864868164063
-0.059478759765625 0.0327186584472656 0.0251846313476562 -0.109542846679688
-0.0614891052246094 -0.00241851806640624 0.060791015625 -0.0589179992675781
-0.0468215942382813 -0.0553245544433594 0.0496826171875 -4.95910644531284E-05
-0.0330123901367188 -0.07952880859375 -0.00341415405273438 -0.0175952911376953
-0.00849151611328126 -0.0949478149414063 0.0255241394042969 -0.0603179931640625
-0.0515098571777344 -0.0268592834472656 0.0739593505859375 -0.245925903320312
-0.040252685546875 -0.00366592407226562 -0.0113372802734375 -0.156814575195313
-0.0202102661132812 0.0203876495361328 -0.0177955627441406 -0.0447463989257813
0.00043010711669922 0.010096549987793 0.0229835510253906 -0.0477943420410156
0.00380063056945801 -0.00194096565246582 0.0162124633789063 -0.0791015625
-0.0101242065429688 0.00112056732177734 -0.0224761962890625 -0.106773376464844
-0.0190391540527344 0.00679397583007813 -0.0639801025390625 -0.112770080566406
-0.0164899826049805 0.00825119018554688 -0.075225830078125 -0.104087829589844
-0.0219783782958984 0.0118465423583984 -0.0644302368164063 -0.120529174804688
-0.0274429321289062 -0.000455856323242185 -0.0176467895507812 -0.131607055664063
-0.0228710174560547 -0.0167331695556641 0.0332107543945313 -0.103660583496094
6.4849853515623E-05 -0.0218620300292969 0.0628433227539063 -0.0509147644042969
0.0114650726318359 -0.011631965637207 0.0390357971191406 0.000999450683593749
-0.00319004058837891 0.00038743019104004 -0.00875854492187501 -0.0325241088867188
-0.0181713104248047 -0.0128059387207031 0.0318145751953125 -0.09033203125
0.0393295288085938 -0.0696983337402344 -0.009429931640625 0.0930557250976563
-0.0257110595703125 -0.0787353515625 0.0109329223632813 0.0324039459228516
-0.0669822692871094 -0.0343780517578125 -0.0290946960449219 -0.0105113983154297
-0.05780029296875 0.0255622863769531 -0.0628700256347656 0.0332450866699219
-0.0233917236328125 0.0539970397949219 -0.041839599609375 0.0776901245117187
0.0196456909179688 0.0573310852050781 0.0146255493164063 0.1163330078125
0.0410041809082031 0.0451393127441406 0.0654220581054687 0.116180419921875
0.0319671630859375 0.043731689453125 0.0709609985351563 0.0953521728515625
0.0340347290039063 0.0509872436523437 0.057586669921875 0.0989303588867188
0.0027923583984375 0.0600852966308594 0.0249710083007813 0.100082397460938
-0.0387954711914063 0.0437583923339844 0.00138092041015625 0.0655517578125
-0.057891845703125 -0.000240325927734375 0.00141525268554687 0.0428047180175781
-0.0320892333984375 -0.0555953979492188 0.0337905883789063 0.0674171447753906
0.0161209106445312 -0.0712738037109375 0.0376129150390625 0.154190063476562
0.0445098876953125 -0.04705810546875 -0.0763092041015625 0.252777099609375
0.0437469482421875 -0.147232055664063 -0.00395202636718749 0.0659980773925781
-0.041351318359375 -0.142974853515625 0.00724983215332031 0.0217990875244141
-0.108642578125 -0.0811614990234375 -0.0200538635253906 -0.0131759643554688
-0.114128112792969 0.021087646484375 -0.0510406494140625 0.0210609436035156
-0.0691070556640625 0.0809783935546875 -0.0418548583984375 0.0507736206054688
0.00479888916015625 0.108474731445312 0.000564575195312499 0.0918197631835938
0.050140380859375 0.0951690673828125 0.0454559326171875 0.096038818359375
0.041259765625 0.090118408203125 0.052703857421875 0.07757568359375
0.0437545776367188 0.102386474609375 0.0396728515625 0.0722122192382812
-0.000877380371093745 0.11083984375 0.0233001708984375 0.074554443359375
-0.0723419189453125 0.082763671875 0.0123634338378906 0.038787841796875
-0.10797119140625 0.0152206420898438 0.0181598663330078 0.0281734466552734
-0.0810089111328125 -0.091522216796875 0.0553245544433594 0.0650405883789063
-0.0184707641601563 -0.137428283691406 0.0504608154296875 0.148239135742188
0.0419464111328125 -0.124946594238281 -0.0534210205078125 0.23956298828125
0.0433807373046875 -0.203201293945313 0.0099782943725586 0.0174283981323242
-0.054229736328125 -0.1871337890625 0.00317358970642089 -0.00277829170227052
-0.139762878417969 -0.119529724121094 -0.0155487060546875 -0.0152587890625
-0.1600341796875 0.01226806640625 -0.0346431732177734 0.00675010681152344
-0.104782104492188 0.0971603393554688 -0.0341129302978516 0.0206050872802734
-0.0125885009765625 0.147506713867188 -0.0127105712890625 0.0530242919921875
0.0505828857421875 0.132484436035156 0.0172233581542969 0.0625495910644531
0.045440673828125 0.124443054199219 0.0245742797851563 0.0470199584960938
0.0498428344726563 0.140007019042969 0.0156707763671875 0.0399055480957031
-0.005218505859375 0.147796630859375 0.0171165466308594 0.0327644348144531
-0.0939483642578125 0.114707946777344 0.0182323455810547 0.00201416015625001
-0.146636962890625 0.0342254638671875 0.0341224670410156 0.00679206848144531
-0.1270751953125 -0.111404418945312 0.0738601684570312 0.0537338256835937
-0.056488037109375 -0.186187744140625 0.055419921875 0.126449584960938
0.0288848876953125 -0.183013916015625 -0.03155517578125 0.197982788085938
0.034210205078125 -0.229354858398438 0.0287628173828125 -0.0427207946777344
-0.0644989013671875 -0.208114624023438 -0.00102996826171875 -0.0383872985839844
-0.156173706054688 -0.133193969726563 -0.0117053985595703 -0.0197315216064453
-0.181533813476563 0.00665283203124997 -0.0129766464233399 -0.00765800476074219
-0.124237060546875 0.103279113769531 -0.0199623107910156 -0.0133895874023437
-0.024810791015625 0.16357421875 -0.019287109375 0.00903320312500001
0.0453643798828125 0.149429321289063 -0.0110092163085937 0.0172004699707031
0.0398712158203125 0.138153076171875 -0.00803565979003906 0.0104513168334961
0.048065185546875 0.157318115234375 -0.0125370025634766 -0.000879287719726551
-0.00527954101562501 0.163009643554688 0.0038604736328125 -0.0118942260742187
-0.1021728515625 0.133567810058594 0.0199775695800781 -0.0379409790039063
-0.1611328125 0.0499267578125 0.0453033447265625 -0.0190467834472656
-0.155914306640625 -0.113327026367188 0.081085205078125 0.035736083984375
-0.087188720703125 -0.204208374023438 0.0470352172851562 0.0902938842773437
0.0126800537109375 -0.214202880859375 -0.0104446411132812 0.134201049804688
0.0152740478515625 -0.220703125 0.04669189453125 -0.111030578613281
-0.0723724365234375 -0.19384765625 -0.00548553466796876 -0.0765914916992188
-0.150741577148438 -0.12103271484375 -0.00856781005859376 -0.0253238677978516
-0.1751708984375 0.00366210937499997 0.00954055786132811 -0.0215644836425781
-0.117988586425781 0.093902587890625 -0.00518798828125001 -0.0480918884277344
-0.032196044921875 0.153839111328125 -0.0252647399902344 -0.0404205322265625
0.0329666137695312 0.1395263671875 -0.0353775024414063 -0.0307540893554687
0.0317153930664063 0.130851745605469 -0.0397453308105469 -0.0297584533691406
0.037994384765625 0.148361206054688 -0.040924072265625 -0.0402488708496094
-0.00993347167968751 0.151473999023438 -0.0117683410644531 -0.0574722290039062
-0.097991943359375 0.123420715332031 0.0149459838867187 -0.0727996826171875
-0.151718139648438 0.0465850830078125 0.0512161254882813 -0.0433387756347656
-0.150711059570313 -0.103729248046875 0.075836181640625 0.01556396484375
-0.093353271484375 -0.189239501953125 0.0283737182617187 0.0494537353515625
-4.57763671875205E-05 -0.207809448242188 -0.000202178955078127 0.061767578125
-0.01123046875 -0.177627563476563 0.0584564208984375 -0.173141479492187
-0.0705413818359375 -0.1474609375 -0.0102691650390625 -0.111968994140625
-0.121086120605469 -0.083831787109375 -0.00727462768554689 -0.0319252014160156
-0.131317138671875 0.00581359863281251 0.0239295959472656 -0.038238525390625
-0.0889358520507812 0.0686569213867188 0.00696563720703124 -0.0722198486328125
-0.0291290283203125 0.118240356445312 -0.028656005859375 -0.07818603515625
0.0162124633789063 0.112403869628906 -0.0543899536132812 -0.0712356567382813
0.0179824829101563 0.105545043945312 -0.0631065368652344 -0.0632362365722656
0.0193023681640625 0.12042236328125 -0.06207275390625 -0.077423095703125
-0.0174331665039063 0.117416381835938 -0.0239410400390625 -0.09246826171875
-0.0844497680664062 0.0871810913085938 0.0162277221679688 -0.099334716796875
-0.114646911621094 0.028411865234375 0.0536308288574219 -0.0574073791503906
-0.109062194824219 -0.0850448608398438 0.0621490478515625 0.00274276733398437
-0.0715789794921875 -0.146224975585938 0.00890827178955078 0.0104799270629883
-0.00544738769531251 -0.167755126953125 0.0117435455322266 -0.011103630065918
-0.0338897705078125 -0.109451293945313 0.0667877197265625 -0.220977783203125
-0.0601348876953125 -0.0782623291015625 -0.0139541625976563 -0.138710021972656
-0.0737380981445313 -0.0339736938476563 -0.0108566284179688 -0.039337158203125
-0.0669174194335938 0.00891494750976563 0.0274124145507812 -0.0470314025878906
-0.0456771850585938 0.0346641540527344 0.0149002075195312 -0.0830154418945313
-0.0206451416015625 0.0645256042480469 -0.028045654296875 -0.101112365722656
0.00065994262695313 0.0633811950683594 -0.0660858154296875 -0.0989608764648438
0.000297546386718751 0.0625190734863281 -0.0765151977539063 -0.0887908935546875
-0.00199890136718751 0.0733718872070313 -0.07281494140625 -0.104087829589844
-0.0245132446289062 0.0646171569824219 -0.0284423828125 -0.118537902832031
-0.0591239929199219 0.0383758544921875 0.0204925537109375 -0.109619140625
-0.0635604858398437 0.00067138671875 0.056549072265625 -0.0598258972167969
-0.0518112182617188 -0.0562782287597656 0.0497970581054688 -0.00271224975585938
-0.035797119140625 -0.079925537109375 -0.00621604919433594 -0.0188674926757813
-0.0100784301757812 -0.0970382690429688 0.0210113525390625 -0.0656242370605469
-0.0506935119628906 -0.0280647277832031 0.063201904296875 -0.247512817382812
-0.0390052795410156 -0.00448226928710937 -0.020843505859375 -0.15667724609375
-0.0186042785644531 0.0198860168457031 -0.0203857421875 -0.0446853637695313
-0.000349998474121093 0.010737419128418 0.0200881958007813 -0.0485610961914063
0.00203084945678711 -0.000958800315856933 0.0134735107421875 -0.07891845703125
-0.0116720199584961 0.00399398803710937 -0.0266265869140625 -0.104324340820313
-0.0181770324707031 0.00870132446289063 -0.065887451171875 -0.108932495117188
-0.0178165435791016 0.0102329254150391 -0.0789871215820312 -0.100898742675781
-0.0213069915771484 0.0170173645019531 -0.0709381103515625 -0.116775512695313
-0.0267543792724609 0.00303077697753907 -0.0243377685546875 -0.127586364746094
-0.0252456665039062 -0.0126495361328125 0.0259323120117187 -0.103927612304688
-0.00330162048339844 -0.0206184387207031 0.0583343505859375 -0.0524635314941406
0.00840187072753906 -0.0127506256103516 0.0374031066894531 1.90734863281242E-05
-0.0032660961151123 -0.00239658355712891 -0.0104637145996094 -0.0346145629882813
-0.0150938034057617 -0.015690803527832 0.026611328125 -0.0963973999023438
0.0367965698242187 -0.0684356689453125 -0.00699615478515624 0.0976638793945313
-0.0248336791992187 -0.0743331909179688 0.0121269226074219 0.03631591796875
-0.0655517578125 -0.0320701599121094 -0.0269203186035156 -0.00977516174316406
-0.0548934936523437 0.0270347595214844 -0.0603179931640625 0.0344696044921875
-0.0230941772460937 0.0532264709472656 -0.0407867431640625 0.0770950317382812
0.0210494995117188 0.0541229248046875 0.016845703125 0.114540100097656
0.0421333312988281 0.0429801940917969 0.0668258666992188 0.113937377929687
0.0332565307617188 0.041046142578125 0.0737228393554688 0.09478759765625
0.0356216430664063 0.0481605529785156 0.0583343505859375 0.0964736938476563
0.00548171997070312 0.0582313537597656 0.02783203125 0.0986099243164063
-0.0359458923339844 0.0441360473632813 0.00264739990234374 0.0644912719726563
-0.057342529296875 0.00274658203125001 -7.62939453125804E-06 0.0435028076171875
-0.0329971313476563 -0.0529899597167969 0.0345039367675781 0.0655136108398438
0.01239013671875 -0.0695457458496094 0.0396270751953125 0.152633666992188
0.0411376953125 -0.046478271484375 -0.0706329345703125 0.254180908203125
0.0411376953125 -0.14569091796875 -0.003082275390625 0.0708770751953125
-0.043365478515625 -0.136947631835938 0.00799560546874999 0.0250911712646484
-0.108474731445313 -0.0774154663085938 -0.0200862884521484 -0.0126857757568359
-0.112129211425781 0.0222549438476562 -0.0496292114257813 0.0205001831054687
-0.0650711059570312 0.0811386108398438 -0.0415077209472656 0.052642822265625
0.00807189941406249 0.10809326171875 0.00183868408203124 0.0918502807617187
0.0514297485351562 0.0928192138671875 0.0463333129882813 0.0953750610351562
0.0430831909179687 0.0882797241210938 0.0543365478515625 0.0772552490234375
0.0472183227539062 0.0994873046875 0.0412826538085938 0.0741958618164063
0.0019073486328125 0.109298706054687 0.0252456665039063 0.0717849731445313
-0.0681076049804687 0.0846481323242188 0.011688232421875 0.0373687744140625
-0.107528686523438 0.0186843872070312 0.0175857543945312 0.0284519195556641
-0.0833740234375 -0.0880889892578125 0.0556449890136719 0.062255859375
-0.0227127075195313 -0.13623046875 0.051361083984375 0.14666748046875
0.038726806640625 -0.123832702636719 -0.0489959716796875 0.23828125
0.0399017333984375 -0.2020263671875 0.00933837890625 0.0226573944091797
-0.056671142578125 -0.184188842773438 0.00224828720092773 0.000545740127563465
-0.140419006347656 -0.113754272460937 -0.01458740234375 -0.0145959854125977
-0.158782958984375 0.0146484375 -0.0339107513427734 0.00799751281738282
-0.101280212402344 0.09967041015625 -0.0339508056640625 0.0215740203857422
-0.00683593750000001 0.1468505859375 -0.0108642578125 0.0560455322265625
0.0544052124023437 0.130271911621094 0.0200042724609375 0.0622482299804688
0.0468902587890625 0.121070861816406 0.0267295837402344 0.047698974609375
0.0530471801757813 0.137046813964844 0.0169830322265625 0.0410842895507813
0.000839233398437494 0.14678955078125 0.0183677673339844 0.0343112945556641
-0.0899124145507812 0.118247985839844 0.016901969909668 0.00214862823486329
-0.144821166992187 0.038482666015625 0.0330295562744141 0.00787544250488281
-0.130439758300781 -0.107208251953125 0.0726394653320312 0.0511627197265625
-0.061767578125 -0.182785034179687 0.0553665161132812 0.12481689453125
0.0258026123046875 -0.18365478515625 -0.027557373046875 0.196731567382813
0.0287933349609375 -0.2276611328125 0.0258216857910156 -0.0400238037109375
-0.06817626953125 -0.203948974609375 -0.00328826904296875 -0.0333137512207031
-0.158676147460938 -0.130035400390625 -0.0116806030273438 -0.0185775756835938
-0.182876586914063 0.010467529296875 -0.0134773254394531 -0.00579071044921875
-0.120353698730469 0.105766296386719 -0.0208835601806641 -0.0122432708740234
-0.0189971923828125 0.16424560546875 -0.0193996429443359 0.0109214782714844
0.047943115234375 0.146697998046875 -0.00863265991210937 0.0183753967285156
0.0440292358398438 0.136634826660156 -0.00528717041015625 0.0109367370605469
0.052825927734375 0.154861450195313 -0.0131082534790039 0.00154495239257814
0.000869750976562506 0.161880493164063 0.004150390625 -0.00970840454101561
-0.0983428955078125 0.13519287109375 0.0161514282226562 -0.0369110107421875
-0.161392211914063 0.0534820556640625 0.0432052612304687 -0.0175437927246094
-0.158782958984375 -0.109603881835938 0.0790939331054688 0.0337448120117187
-0.0911407470703125 -0.2003173828125 0.046966552734375 0.08941650390625
0.00914001464843751 -0.213409423828125 -0.00959014892578124 0.133079528808594
0.010986328125 -0.220779418945313 0.0421524047851563 -0.108184814453125
-0.07464599609375 -0.191619873046875 -0.00925445556640625 -0.0728836059570313
-0.15386962890625 -0.118942260742187 -0.00969314575195313 -0.024322509765625
-0.174423217773438 0.00950622558593752 0.00716972351074218 -0.021331787109375
-0.116653442382812 0.095672607421875 -0.00556945800781251 -0.0459823608398437
-0.02587890625 0.155319213867188 -0.0258216857910156 -0.0363731384277344
0.03692626953125 0.140472412109375 -0.0346660614013672 -0.0275745391845703
0.0343246459960938 0.131141662597656 -0.0363731384277344 -0.0269966125488281
0.0418853759765625 0.148300170898437 -0.0420188903808594 -0.0383644104003906
-0.00433349609375 0.15191650390625 -0.0133590698242187 -0.0531692504882812
-0.0955429077148437 0.125785827636719 0.012939453125 -0.07275390625
-0.15142822265625 0.0525054931640625 0.0486946105957031 -0.041534423828125
-0.153244018554687 -0.100982666015625 0.0720901489257812 0.0163421630859375
-0.0960693359375 -0.1876220703125 0.0267066955566406 0.048370361328125
-0.00189208984374999 -0.208084106445313 0.00124359130859375 0.0577163696289062
-0.011077880859375 -0.1785888671875 0.0546417236328125 -0.171112060546875
-0.072235107421875 -0.145477294921875 -0.0131683349609375 -0.108970642089844
-0.122901916503906 -0.08294677734375 -0.00909805297851563 -0.0316829681396484
-0.133087158203125 0.00935363769531247 0.0221710205078125 -0.0373153686523438
-0.0889892578125 0.07147216796875 0.007659912109375 -0.07086181640625
-0.025482177734375 0.120376586914062 -0.028228759765625 -0.07574462890625
0.0201263427734375 0.111923217773437 -0.0550460815429687 -0.0688819885253906
0.0193862915039063 0.104728698730469 -0.0626564025878906 -0.0611610412597656
0.023529052734375 0.120590209960938 -0.063079833984375 -0.0743026733398437
-0.0139083862304688 0.118446350097656 -0.0257797241210937 -0.0906600952148437
-0.0822906494140625 0.09075927734375 0.0121688842773437 -0.0977706909179688
-0.116714477539063 0.0313720703125 0.0511627197265625 -0.05670166015625
-0.113044738769531 -0.083282470703125 0.0606727600097656 0.00350189208984374
-0.074005126953125 -0.144424438476563 0.00623607635498046 0.00982856750488281
-0.00646972656249999 -0.16607666015625 0.00934028625488281 -0.0126838684082031
-0.03240966796875 -0.110328674316406 0.05877685546875 -0.220794677734375
-0.0591964721679688 -0.0789718627929688 -0.0181655883789063 -0.137527465820313
-0.0733413696289063 -0.0330429077148438 -0.0123939514160156 -0.0389938354492188
-0.0700759887695313 0.00968551635742188 0.0265159606933594 -0.0466194152832031
-0.0464591979980469 0.0363235473632813 0.0128097534179687 -0.0819015502929688
-0.0193138122558594 0.0663337707519531 -0.0289077758789062 -0.0992507934570313
0.00154495239257813 0.0661354064941406 -0.0673828125 -0.0974807739257812
0.00196456909179687 0.0634498596191406 -0.0768203735351562 -0.0863113403320313
0.000396728515624998 0.0741119384765625 -0.0723724365234375 -0.100364685058594
-0.0227584838867187 0.066131591796875 -0.0304641723632812 -0.115814208984375
-0.0586471557617188 0.0405731201171875 0.0156097412109375 -0.108131408691406
-0.0660896301269531 0.00251770019531251 0.053466796875 -0.0600242614746094
-0.0530891418457031 -0.0552520751953125 0.0479354858398438 -0.00181198120117188
-0.0373458862304687 -0.0806808471679688 -0.007080078125 -0.019256591796875
-0.00932312011718749 -0.0985641479492187 0.0185050964355469 -0.0686416625976563
-0.0479736328125 -0.02587890625 0.0563507080078125 -0.248855590820313
-0.0378265380859375 -0.00615692138671876 -0.0242156982421875 -0.155532836914063
-0.0188484191894531 0.0180854797363281 -0.0220489501953125 -0.0428619384765625
-0.00143623352050781 0.00976467132568359 0.0194244384765625 -0.04779052734375
-0.000513911247253418 -0.00162410736083984 0.0115432739257812 -0.0773544311523438
-0.01092529296875 0.00442695617675781 -0.0280380249023438 -0.103385925292969
-0.0153636932373047 0.0100383758544922 -0.0701828002929688 -0.1082763671875
-0.0154752731323242 0.0125617980957031 -0.0802841186523438 -0.0985565185546875
-0.0202388763427734 0.0176944732666016 -0.0717697143554687 -0.11383056640625
-0.0266761779785156 0.00612258911132812 -0.0268630981445312 -0.125755310058594
-0.0254955291748047 -0.0125885009765625 0.0241241455078125 -0.103446960449219
-0.00662040710449219 -0.0212497711181641 0.0568084716796875 -0.0537033081054688
0.00818443298339844 -0.0154590606689453 0.0372848510742188 -0.00191116333007813
-0.00292491912841797 -0.00494861602783203 -0.0116386413574219 -0.0345249176025391
-0.0141811370849609 -0.0167751312255859 0.0255584716796875 -0.0990753173828125
0.036163330078125 -0.0677108764648438 -0.007232666015625 0.103355407714844
-0.0257339477539062 -0.0723876953125 0.0130844116210938 0.0399398803710937
-0.0645217895507813 -0.0311470031738281 -0.0256919860839844 -0.00953292846679687
-0.0535202026367188 0.0265007019042969 -0.0607185363769531 0.0345649719238281
-0.0220718383789062 0.0526885986328125 -0.0409774780273438 0.0778350830078125
0.021026611328125 0.0534019470214844 0.0160903930664063 0.114715576171875
0.0422248840332031 0.0423698425292969 0.0680923461914063 0.1151123046875
0.0340194702148438 0.0399284362792969 0.0742034912109375 0.0958786010742188
0.0361595153808594 0.0460319519042969 0.05859375 0.098297119140625
0.00704193115234375 0.057769775390625 0.0273056030273438 0.098846435546875
-0.0345802307128906 0.0447463989257813 0.00261688232421875 0.0652923583984375
-0.0571250915527344 0.0034942626953125 0.000469207763671869 0.0437088012695313
-0.0333442687988281 -0.0519256591796875 0.0341529846191406 0.0662384033203125
0.0105781555175781 -0.0697822570800781 0.0384979248046875 0.15496826171875
0.0396728515625 -0.0463066101074219 -0.071624755859375 0.257965087890625
0.0413818359375 -0.145736694335938 -0.00363922119140625 0.0766448974609375
-0.0433273315429688 -0.135734558105469 0.00777816772460937 0.0286502838134766
-0.10833740234375 -0.0780563354492188 -0.0189228057861328 -0.0116901397705078
-0.112464904785156 0.0225448608398438 -0.0498008728027344 0.021331787109375
-0.0651626586914063 0.0819473266601563 -0.0418128967285156 0.0529518127441406
0.009246826171875 0.108001708984375 0.00193023681640625 0.0932846069335937
0.0524368286132813 0.0935440063476563 0.0477752685546875 0.096527099609375
0.0441741943359375 0.0878448486328125 0.05548095703125 0.0781478881835938
0.048309326171875 0.0993881225585938 0.04217529296875 0.0762557983398438
0.00354766845703125 0.109481811523438 0.025726318359375 0.0731887817382813
-0.0679397583007812 0.0868759155273438 0.0102615356445312 0.0378799438476563
-0.107528686523438 0.01995849609375 0.0173549652099609 0.0298233032226563
-0.0852737426757812 -0.0882339477539063 0.0555992126464844 0.0623855590820312
-0.0250473022460938 -0.136566162109375 0.0501251220703125 0.148330688476563
0.0382308959960938 -0.125267028808594 -0.05023193359375 0.241058349609375
0.0401763916015625 -0.2034912109375 0.00825691223144531 0.0276699066162109
-0.0571136474609375 -0.18359375 0.00156497955322265 0.00468063354492186
-0.14111328125 -0.11468505859375 -0.0149297714233399 -0.0135860443115234
-0.159149169921875 0.0157318115234375 -0.0337009429931641 0.00912666320800781
-0.101737976074219 0.100654602050781 -0.0340671539306641 0.0220451354980469
-0.00529479980468749 0.148056030273438 -0.0101165771484375 0.0576362609863281
0.0555038452148438 0.131324768066406 0.0211601257324219 0.0637397766113281
0.0482101440429688 0.121910095214844 0.0281219482421875 0.0490989685058594
0.0550537109375 0.13800048828125 0.0166511535644531 0.0433845520019531
0.00256347656249999 0.147064208984375 0.0183029174804687 0.03521728515625
-0.0897216796875 0.121177673339844 0.0153665542602539 0.0024404525756836
-0.14617919921875 0.0403900146484375 0.0326690673828125 0.00924301147460938
-0.132774353027344 -0.108009338378906 0.0723648071289062 0.052093505859375
-0.063812255859375 -0.184600830078125 0.053619384765625 0.126129150390625
0.0259552001953125 -0.185928344726563 -0.028839111328125 0.198028564453125
0.0295562744140625 -0.230453491210938 0.0247688293457031 -0.0356864929199219
-0.0690460205078125 -0.2047119140625 -0.00438499450683594 -0.0301609039306641
-0.160369873046875 -0.131317138671875 -0.0121631622314453 -0.017359733581543
-0.183624267578125 0.011199951171875 -0.013427734375 -0.0050506591796875
-0.120841979980469 0.106964111328125 -0.0206260681152344 -0.0116157531738281
-0.0176239013671875 0.166763305664063 -0.0194225311279297 0.0124740600585938
0.0509185791015625 0.149490356445313 -0.00728225708007812 0.0203514099121094
0.0457305908203125 0.138320922851563 -0.00388336181640625 0.0122232437133789
0.05487060546875 0.155975341796875 -0.0127649307250977 0.00383377075195314
0.0023040771484375 0.163238525390625 0.00415706634521484 -0.00928688049316405
-0.0982742309570313 0.138259887695312 0.0148239135742187 -0.0368614196777344
-0.162582397460938 0.0562286376953125 0.0433158874511719 -0.016143798828125
-0.161331176757812 -0.111541748046875 0.0782089233398437 0.0345993041992187
-0.0935211181640625 -0.202377319335938 0.0448455810546875 0.0902175903320312
0.010772705078125 -0.217025756835938 -0.0120086669921875 0.133041381835938
0.0115966796875 -0.2235107421875 0.0406951904296875 -0.105781555175781
-0.0756988525390625 -0.19268798828125 -0.0109062194824219 -0.0702323913574219
-0.155899047851563 -0.120635986328125 -0.0103321075439453 -0.0234527587890625
-0.17706298828125 0.0105133056640625 0.00685882568359374 -0.0210838317871094
-0.117538452148437 0.09844970703125 -0.00553894042968751 -0.0453300476074219
-0.0244903564453125 0.157791137695313 -0.0251350402832031 -0.0352706909179687
0.03948974609375 0.142974853515625 -0.0343818664550781 -0.0265541076660156
0.0361099243164063 0.133033752441406 -0.0354270935058594 -0.0263214111328125
0.0443878173828125 0.15130615234375 -0.0412178039550781 -0.0366668701171875
-0.00341796875 0.154022216796875 -0.0125274658203125 -0.0535850524902344
-0.0951690673828125 0.12957763671875 0.011810302734375 -0.0727081298828125
-0.153244018554688 0.054473876953125 0.0482635498046875 -0.0398941040039063
-0.156158447265625 -0.102325439453125 0.0723648071289062 0.0164108276367187
-0.0976409912109375 -0.18896484375 0.0250358581542969 0.04827880859375
0.000488281249999982 -0.210845947265625 -0.000579833984375003 0.0571670532226562
-0.00942993164062499 -0.18145751953125 0.0525665283203125 -0.170181274414062
-0.07232666015625 -0.14862060546875 -0.0154876708984375 -0.108413696289063
-0.124374389648438 -0.0847625732421875 -0.0099315643310547 -0.0310306549072266
-0.135826110839844 0.0104904174804687 0.0211868286132812 -0.0364036560058594
-0.0910568237304688 0.0735321044921875 0.00726318359374999 -0.07061767578125
-0.0243911743164063 0.123115539550781 -0.0280990600585938 -0.0747909545898437
0.0221481323242188 0.114738464355469 -0.0549354553222656 -0.0681533813476562
0.0212631225585937 0.107574462890625 -0.0604438781738281 -0.060943603515625
0.0250701904296875 0.123252868652344 -0.0633392333984375 -0.0728836059570312
-0.0127105712890625 0.120094299316406 -0.0257644653320313 -0.0902175903320312
-0.0832595825195312 0.0942535400390625 0.0106735229492187 -0.0977706909179687
-0.11932373046875 0.0327301025390625 0.0508193969726563 -0.0549888610839844
-0.115509033203125 -0.084930419921875 0.0604705810546875 0.00352859497070312
-0.0750579833984375 -0.14678955078125 0.00461769104003906 0.00928592681884765
-0.00422668457031252 -0.170166015625 0.00841045379638672 -0.0156049728393555
-0.0300674438476563 -0.112548828125 0.0588226318359375 -0.221694946289063
-0.0586776733398438 -0.081878662109375 -0.0192184448242188 -0.13861083984375
-0.07464599609375 -0.0357284545898437 -0.01336669921875 -0.0387039184570313
-0.0727920532226563 0.0104141235351563 0.0256195068359375 -0.0462265014648438
-0.0485420227050781 0.0379867553710938 0.0131912231445312 -0.0814971923828125
-0.0188217163085938 0.069610595703125 -0.0282669067382812 -0.0987625122070313
0.00360488891601562 0.0679931640625 -0.0679473876953125 -0.097625732421875
0.00308990478515625 0.065704345703125 -0.0764389038085938 -0.0871353149414062
0.00195312500000001 0.0772628784179687 -0.073822021484375 -0.100433349609375
-0.0219497680664062 0.068603515625 -0.0312576293945313 -0.115097045898438
-0.0597038269042969 0.0434494018554687 0.0152664184570312 -0.108375549316406
-0.0677871704101563 0.00309371948242186 0.0533485412597656 -0.0593757629394531
-0.0552940368652344 -0.0565452575683594 0.0477790832519531 -0.00152206420898438
-0.0376968383789062 -0.0825271606445313 -0.00881004333496094 -0.0201702117919922
-0.00624847412109374 -0.101943969726562 0.0174026489257812 -0.0714340209960938
-0.0454978942871094 -0.0278205871582031 0.05584716796875 -0.25164794921875
-0.03778076171875 -0.00819778442382813 -0.025421142578125 -0.157577514648438
-0.0183620452880859 0.0161590576171875 -0.0235748291015625 -0.0433769226074219
-0.00367832183837891 0.00861787796020508 0.0186119079589844 -0.048431396484375
-0.00149655342102051 -0.00109994411468506 0.0121078491210937 -0.0774917602539063
-0.0115604400634766 0.00694370269775391 -0.0272216796875 -0.104148864746094
-0.0158166885375977 0.0118913650512695 -0.0704803466796875 -0.109344482421875
-0.015385627746582 0.0140829086303711 -0.0809173583984375 -0.0999755859375
-0.0201950073242188 0.0195140838623047 -0.0718765258789063 -0.114395141601563
-0.0261821746826172 0.00784492492675782 -0.0270538330078125 -0.125282287597656
-0.02691650390625 -0.0100517272949219 0.023223876953125 -0.103973388671875
-0.00811576843261719 -0.0209484100341797 0.0563735961914063 -0.0533866882324219
0.00640201568603516 -0.0167436599731445 0.0375328063964844 -0.000755310058593751
-0.00294828414916992 -0.00647735595703125 -0.0128860473632813 -0.0371055603027344
-0.0123367309570313 -0.0195941925048828 0.0243148803710938 -0.103057861328125
0.0368423461914063 -0.0681495666503906 -0.00716400146484376 0.110313415527344
-0.025970458984375 -0.0723495483398438 0.0144767761230469 0.0436859130859375
-0.0649909973144531 -0.0312652587890625 -0.0256500244140625 -0.00996780395507812
-0.0543479919433594 0.0272178649902344 -0.0626068115234375 0.0347938537597656
-0.02197265625 0.0534172058105469 -0.042633056640625 0.0796890258789063
0.0219993591308594 0.0537071228027344 0.0166168212890625 0.118644714355469
0.042999267578125 0.0426521301269531 0.0699462890625 0.118911743164062
0.0348548889160156 0.0395469665527344 0.0763015747070313 0.0990829467773438
0.0377883911132812 0.0450668334960938 0.0606002807617187 0.102401733398438
0.00875473022460938 0.0580940246582031 0.0279769897460937 0.102134704589844
-0.0342941284179688 0.0467376708984375 0.00161361694335937 0.0671119689941406
-0.0578155517578125 0.00465011596679688 0.000747680664062498 0.0451126098632813
-0.034149169921875 -0.0525588989257812 0.0353050231933594 0.0677108764648438
0.00909423828125 -0.0704879760742187 0.0389251708984375 0.161239624023438
0.03924560546875 -0.0466995239257813 -0.0742340087890625 0.26605224609375
0.04248046875 -0.149200439453125 -0.00417327880859375 0.0831069946289062
-0.0443878173828125 -0.138031005859375 0.00783729553222656 0.0333080291748047
-0.110748291015625 -0.079803466796875 -0.0190467834472656 -0.0112781524658203
-0.115043640136719 0.0228271484375 -0.0516624450683594 0.0223579406738281
-0.0665206909179688 0.0838394165039063 -0.04315185546875 0.0548362731933594
0.0103530883789063 0.110153198242187 0.00173187255859376 0.096923828125
0.05487060546875 0.0961456298828125 0.0498123168945312 0.100753784179688
0.04608154296875 0.0897064208984375 0.05804443359375 0.0806198120117188
0.0508270263671875 0.101081848144531 0.0443038940429688 0.0799789428710937
0.00552368164062501 0.111488342285156 0.0268707275390625 0.0751876831054688
-0.06866455078125 0.0902862548828125 0.00986480712890624 0.0391197204589844
-0.111099243164063 0.022308349609375 0.0172653198242187 0.0312900543212891
-0.0883407592773438 -0.0908203125 0.0561752319335937 0.0647773742675781
-0.027587890625 -0.140495300292969 0.0500640869140625 0.15411376953125
0.0379486083984375 -0.129470825195313 -0.05242919921875 0.248886108398438
0.0413818359375 -0.20928955078125 0.00769233703613282 0.0335655212402344
-0.05865478515625 -0.187362670898438 0.0013890266418457 0.00839662551879882
-0.144851684570313 -0.118850708007812 -0.0145111083984375 -0.0134487152099609
-0.16339111328125 0.01641845703125 -0.0349254608154297 0.0102596282958984
-0.104209899902344 0.103912353515625 -0.035369873046875 0.0235824584960938
-0.00375366210937499 0.152496337890625 -0.0105667114257812 0.060394287109375
0.0588302612304688 0.135475158691406 0.0224647521972656 0.0669631958007813
0.0508193969726563 0.125526428222656 0.0307273864746094 0.0509605407714844
0.0589447021484375 0.141937255859375 0.0186080932617188 0.0460700988769531
0.00450134277343751 0.1510009765625 0.0187454223632813 0.0367546081542969
-0.0909347534179688 0.126686096191406 0.0142688751220703 0.0029134750366211
-0.1505126953125 0.0435943603515625 0.0334587097167969 0.0106143951416016
-0.137916564941406 -0.11151123046875 0.0733795166015625 0.0534133911132812
-0.067535400390625 -0.189071655273438 0.0535507202148437 0.131019592285156
0.0271148681640625 -0.192642211914063 -0.03106689453125 0.203582763671875
0.0312347412109375 -0.23748779296875 0.0241069793701172 -0.0322456359863281
-0.070281982421875 -0.210357666015625 -0.00535583496093751 -0.0274600982666016
-0.165206909179688 -0.135757446289063 -0.0121173858642578 -0.0170488357543945
-0.189788818359375 0.012939453125 -0.0144929885864258 -0.00422382354736328
-0.124824523925781 0.111045837402344 -0.0218238830566406 -0.0120563507080078
-0.01544189453125 0.172164916992187 -0.0194377899169922 0.0145893096923828
0.0540313720703125 0.154510498046875 -0.00681304931640624 0.0219230651855469
0.04876708984375 0.142623901367188 -0.00216388702392578 0.0131959915161133
0.0582122802734375 0.160858154296875 -0.0119867324829102 0.00566768646240235
0.0038299560546875 0.168716430664063 0.00466156005859375 -0.00902080535888671
-0.10028076171875 0.145065307617188 0.0143394470214844 -0.03717041015625
-0.167739868164062 0.058837890625 0.0443878173828125 -0.01470947265625
-0.167495727539063 -0.115509033203125 0.079193115234375 0.0355987548828125
-0.09747314453125 -0.208526611328125 0.0441665649414062 0.0941390991210937
0.012725830078125 -0.225631713867188 -0.0138931274414063 0.136070251464844
0.013336181640625 -0.230209350585938 0.0404281616210937 -0.105308532714844
-0.0764923095703125 -0.19915771484375 -0.0118637084960938 -0.0693817138671875
-0.161392211914063 -0.125411987304687 -0.0103874206542969 -0.0230979919433594
-0.18341064453125 0.012115478515625 0.00631523132324218 -0.0206184387207031
-0.121742248535156 0.102195739746094 -0.00571060180664063 -0.0460586547851562
-0.0228729248046875 0.16455078125 -0.0255146026611328 -0.0343570709228516
0.042236328125 0.148391723632813 -0.0345668792724609 -0.0260448455810547
0.0392303466796875 0.138069152832031 -0.0346355438232422 -0.026803970336914
0.047454833984375 0.156982421875 -0.04193115234375 -0.0359611511230469
-0.0017242431640625 0.159347534179688 -0.0127754211425781 -0.0544700622558594
-0.0979080200195313 0.135993957519531 0.0103225708007812 -0.0740127563476563
-0.158432006835938 0.0572357177734375 0.049102783203125 -0.0394821166992187
-0.162429809570313 -0.106307983398437 0.0744552612304688 0.0175399780273437
-0.100982666015625 -0.19580078125 0.0241546630859375 0.050628662109375
0.00268554687500001 -0.220016479492187 -0.00220870971679687 0.0570945739746094
-0.00762939453124998 -0.188491821289062 0.053741455078125 -0.173355102539062
-0.0742645263671875 -0.154556274414063 -0.0171890258789063 -0.109443664550781
-0.128700256347656 -0.0902862548828125 -0.0106067657470703 -0.0313358306884766
-0.141738891601563 0.0116424560546875 0.0209617614746094 -0.0365715026855469
-0.0944137573242188 0.0772247314453125 0.00723266601562499 -0.0719985961914063
-0.0235366821289063 0.128524780273437 -0.0280685424804688 -0.0755538940429687
0.0245513916015625 0.119361877441406 -0.05645751953125 -0.0695266723632812
0.022674560546875 0.111740112304688 -0.0608749389648437 -0.0627098083496094
0.0273818969726563 0.128952026367188 -0.0642471313476563 -0.0737228393554687
-0.0120697021484375 0.124496459960938 -0.0261993408203125 -0.0923080444335937
-0.0854339599609375 0.0993881225585938 0.0101089477539062 -0.0997314453125
-0.123619079589844 0.0346527099609375 0.0523223876953125 -0.05523681640625
-0.120521545410156 -0.0887832641601562 0.0615348815917969 0.00443267822265624
-0.077239990234375 -0.152099609375 0.00324249267578125 0.00939750671386718
-0.00134277343749999 -0.177947998046875 0.00706863403320313 -0.0176906585693359
-0.0290451049804688 -0.118003845214844 0.059814453125 -0.2276611328125
-0.060302734375 -0.0865325927734375 -0.02105712890625 -0.141983032226563
-0.077392578125 -0.0387344360351562 -0.0144996643066406 -0.0390052795410156
-0.076995849609375 0.0107650756835938 0.02630615234375 -0.0475540161132813
-0.0510292053222656 0.0402374267578125 0.0141754150390625 -0.0834503173828125
-0.0192031860351563 0.0735626220703125 -0.0282821655273437 -0.101219177246094
0.004638671875 0.0715179443359375 -0.0695419311523437 -0.100189208984375
0.00377273559570313 0.0692176818847656 -0.0780868530273437 -0.0893936157226563
0.003143310546875 0.0818710327148438 -0.0754852294921875 -0.102363586425781
-0.0219955444335938 0.07208251953125 -0.0315170288085938 -0.1182861328125
-0.0616874694824219 0.0468711853027344 0.0150070190429688 -0.110969543457031
-0.07159423828125 0.00403594970703126 0.0546836853027344 -0.0601234436035156
-0.0580825805664062 -0.0594444274902344 0.0493278503417969 -0.00113296508789063
-0.0392990112304687 -0.0864944458007813 -0.0104427337646484 -0.0215702056884766
-0.0042572021484375 -0.108314514160156 0.0164566040039063 -0.07562255859375
-0.0450820922851563 -0.0297317504882812 0.0576934814453125 -0.25970458984375
-0.0376777648925781 -0.0106773376464844 -0.0274200439453125 -0.163055419921875
-0.018798828125 0.0152835845947266 -0.0251274108886719 -0.0444602966308594
-0.0050802230834961 0.00879096984863281 0.0183906555175781 -0.0489311218261719
-0.00277042388916016 -0.000100374221801758 0.0130081176757813 -0.0795516967773438
-0.0120143890380859 0.00870323181152344 -0.0273284912109375 -0.107147216796875
-0.0154924392700195 0.0134506225585938 -0.07275390625 -0.113471984863281
-0.0148553848266602 0.0162181854248047 -0.082489013671875 -0.102813720703125
-0.0203666687011719 0.0222454071044922 -0.0740280151367188 -0.117881774902344
-0.0271072387695312 0.00998497009277343 -0.027801513671875 -0.128616333007813
-0.0283451080322266 -0.00887107849121093 0.0232086181640625 -0.106437683105469
-0.00966835021972656 -0.0204830169677734 0.0577354431152344 -0.054107666015625
0.00516128540039062 -0.01837158203125 0.0383033752441406 -0.000755310058593751
-0.00234889984130859 -0.00791454315185547 -0.013916015625 -0.0393638610839844
-0.0106163024902344 -0.0224075317382812 0.0237960815429688 -0.109375
0.0369949340820312 -0.071380615234375 -0.00543975830078126 0.119163513183594
-0.02825927734375 -0.0724334716796875 0.0168113708496094 0.0490608215332031
-0.0676193237304687 -0.0309715270996094 -0.0262794494628906 -0.00976181030273438
-0.0550575256347656 0.0280609130859375 -0.0645370483398438 0.0377693176269531
-0.0216560363769531 0.0550689697265625 -0.04376220703125 0.0846786499023438
0.0249252319335938 0.05474853515625 0.0187225341796875 0.1239013671875
0.0462532043457031 0.0426597595214844 0.0759506225585937 0.12353515625
0.0369071960449219 0.0394401550292969 0.0823287963867187 0.102005004882812
0.040740966796875 0.0452156066894531 0.0657730102539062 0.107086181640625
0.0113525390625 0.05914306640625 0.0309524536132813 0.106338500976563
-0.0338172912597656 0.048919677734375 0.00248718261718749 0.0704193115234375
-0.0596504211425781 0.00637435913085938 0.00128555297851562 0.0480155944824219
-0.0368385314941406 -0.0538177490234375 0.0372161865234375 0.07000732421875
0.00634002685546876 -0.0728912353515625 0.0433807373046875 0.169509887695313
0.0384445190429688 -0.0487747192382813 -0.073150634765625 0.280792236328125
0.0416412353515625 -0.156219482421875 -0.00319671630859376 0.0920257568359375
-0.0487060546875 -0.141006469726563 0.00969314575195312 0.0383834838867188
-0.116256713867187 -0.0814361572265625 -0.0194416046142578 -0.0115509033203125
-0.118476867675781 0.025665283203125 -0.0535469055175781 0.0245819091796875
-0.0676116943359375 0.0884475708007813 -0.0451393127441406 0.0577239990234375
0.0137405395507813 0.114593505859375 0.00327301025390624 0.101806640625
0.0604629516601563 0.0990753173828125 0.0547561645507813 0.105216979980469
0.0500564575195312 0.0920333862304688 0.0634613037109375 0.0836257934570313
0.0560836791992187 0.104110717773438 0.0477828979492188 0.0843353271484375
0.0091552734375 0.1162109375 0.0290374755859375 0.0785446166992188
-0.0683822631835938 0.0968704223632812 0.00959396362304687 0.0411529541015625
-0.115463256835938 0.0254745483398437 0.0188636779785156 0.0332107543945313
-0.0950546264648438 -0.093231201171875 0.0592155456542969 0.0664558410644531
-0.033416748046875 -0.145889282226563 0.0543212890625 0.161758422851563
0.0365982055664062 -0.136734008789063 -0.0518341064453125 0.262161254882813
0.0404815673828125 -0.2191162109375 0.00802993774414063 0.0390548706054687
-0.0637664794921875 -0.19293212890625 0.00210857391357422 0.0126810073852539
-0.153884887695312 -0.1221923828125 -0.0148487091064453 -0.0136938095092774
-0.17022705078125 0.0208740234375 -0.0365676879882813 0.0113334655761719
-0.106369018554688 0.110855102539063 -0.03759765625 0.025390625
0.000671386718749986 0.158645629882812 -0.0101280212402344 0.0647850036621094
0.0655746459960937 0.140525817871094 0.0258102416992188 0.0701332092285156
0.0565643310546875 0.129570007324219 0.0341262817382813 0.052642822265625
0.0656585693359375 0.14727783203125 0.0208206176757813 0.0499038696289063
0.0096893310546875 0.157211303710938 0.02056884765625 0.038330078125
-0.091278076171875 0.135246276855469 0.0135927200317383 0.00321483612060548
-0.156112670898438 0.0489654541015625 0.0353355407714844 0.0116004943847656
-0.147048950195313 -0.114578247070313 0.0764617919921875 0.0543899536132812
-0.075958251953125 -0.197341918945313 0.056640625 0.137435913085938
0.0253753662109375 -0.2034912109375 -0.030029296875 0.213623046875
0.0303955078125 -0.249496459960938 0.0239753723144531 -0.0300922393798828
-0.076171875 -0.21832275390625 -0.00595283508300782 -0.025045394897461
-0.174819946289063 -0.140106201171875 -0.0127143859863281 -0.017033576965332
-0.198013305664063 0.0177001953125 -0.0153169631958008 -0.00337982177734375
-0.128288269042969 0.119140625 -0.0234889984130859 -0.0111351013183594
-0.01214599609375 0.180557250976563 -0.0200061798095703 0.0170364379882813
0.06109619140625 0.160003662109375 -0.0052490234375 0.0242347717285156
0.05462646484375 0.147979736328125 -0.000368118286132809 0.0136680603027344
0.0660552978515625 0.168121337890625 -0.0117216110229492 0.00799751281738282
0.00849914550781251 0.17572021484375 0.00497341156005859 -0.0090341567993164
-0.101150512695313 0.1551513671875 0.0128250122070312 -0.0377883911132812
-0.174713134765625 0.066436767578125 0.0463943481445312 -0.0154190063476562
-0.178314208984375 -0.11822509765625 0.0827102661132813 0.0362472534179687
-0.106536865234375 -0.216903686523437 0.0461349487304688 0.098724365234375
0.01055908203125 -0.238388061523438 -0.0134124755859375 0.142318725585937
0.012176513671875 -0.242233276367188 0.03973388671875 -0.106964111328125
-0.08349609375 -0.207321166992188 -0.0140495300292969 -0.0697135925292969
-0.170791625976563 -0.130645751953125 -0.0116901397705078 -0.0233383178710938
-0.1925048828125 0.0174560546875 0.0056018829345703 -0.0207462310791016
-0.1256103515625 0.1107177734375 -0.00719070434570314 -0.0474395751953125
-0.019134521484375 0.172683715820313 -0.0269050598144531 -0.0338401794433594
0.0489501953125 0.155166625976563 -0.0356292724609375 -0.0259017944335938
0.0448760986328125 0.144180297851563 -0.0349693298339844 -0.0270061492919922
0.0550384521484375 0.164138793945313 -0.0436439514160156 -0.0350456237792969
0.002532958984375 0.166656494140625 -0.01422119140625 -0.0561599731445313
-0.09881591796875 0.14599609375 0.008514404296875 -0.076690673828125
-0.165115356445313 0.0636444091796875 0.0514450073242187 -0.0409317016601562
-0.17279052734375 -0.109146118164063 0.0772476196289062 0.0175247192382812
-0.109893798828125 -0.203887939453125 0.0238723754882812 0.0530471801757812
0.000427246093749998 -0.232650756835938 -0.00321197509765625 0.0591888427734375
-0.00895690917968751 -0.198760986328125 0.052337646484375 -0.180130004882813
-0.0793304443359375 -0.161331176757813 -0.0202484130859375 -0.11328125
-0.137344360351563 -0.0941390991210938 -0.0124111175537109 -0.0320167541503906
-0.14892578125 0.0158538818359375 0.021453857421875 -0.0377159118652344
-0.0983352661132813 0.0837936401367188 0.00634765624999999 -0.075714111328125
-0.0208740234375 0.136528015136719 -0.030242919921875 -0.0773544311523437
0.0298690795898437 0.125152587890625 -0.0593414306640625 -0.0715560913085938
0.027099609375 0.117935180664063 -0.0635032653808594 -0.0645103454589844
0.0329742431640625 0.136016845703125 -0.0680694580078125 -0.0746002197265625
-0.00922393798828126 0.131362915039063 -0.0282058715820312 -0.0955810546875
-0.0871810913085938 0.107917785644531 0.00751495361328126 -0.103248596191406
-0.129814147949219 0.0398330688476562 0.0539436340332031 -0.0574493408203125
-0.128402709960938 -0.0911483764648437 0.0645027160644531 0.00409317016601562
-0.0832672119140625 -0.159347534179688 0.00197219848632812 0.00996780395507811
-0.00178527832031252 -0.189117431640625 0.00543594360351563 -0.0201492309570313
-0.0298233032226563 -0.124526977539063 0.05792236328125 -0.238235473632813
-0.063568115234375 -0.092193603515625 -0.0259246826171875 -0.14794921875
-0.0818634033203125 -0.0415573120117188 -0.0165061950683594 -0.0401611328125
-0.0814361572265625 0.0133056640625 0.0258712768554687 -0.0489082336425781
-0.0541191101074219 0.0436897277832031 0.013336181640625 -0.0872116088867187
-0.0175552368164062 0.0789566040039062 -0.0311737060546875 -0.104347229003906
0.00755310058593749 0.0756759643554688 -0.0743789672851562 -0.103767395019531
0.00700378417968749 0.0741348266601562 -0.0819778442382813 -0.0919647216796875
0.00627136230468751 0.0876007080078125 -0.08074951171875 -0.105445861816406
-0.021697998046875 0.0772781372070313 -0.0342636108398438 -0.122123718261719
-0.0645027160644531 0.0521087646484375 0.01275634765625 -0.115585327148438
-0.0759811401367188 0.00656890869140625 0.0565414428710937 -0.0628089904785156
-0.06292724609375 -0.0623779296875 0.0514640808105469 -0.00168609619140625
-0.0419235229492188 -0.0913925170898438 -0.0122489929199219 -0.0233917236328125
-0.00421142578124999 -0.115760803222656 0.01446533203125 -0.0820083618164063
-0.0448226928710937 -0.0316810607910156 0.0557708740234375 -0.272903442382813
-0.0389480590820313 -0.0122528076171875 -0.0324859619140625 -0.17083740234375
-0.0185012817382813 0.014617919921875 -0.0275192260742188 -0.0463790893554688
-0.00644874572753907 0.00979137420654297 0.0185050964355469 -0.0514335632324219
-0.00432586669921875 0.000298500061035156 0.0131454467773438 -0.0830764770507813
-0.0116147994995117 0.0111370086669922 -0.0297622680664062 -0.11224365234375
-0.0155916213989258 0.015263557434082 -0.0780487060546875 -0.117462158203125
-0.0145034790039063 0.0187282562255859 -0.0884017944335937 -0.106658935546875
-0.020355224609375 0.0260276794433594 -0.0797653198242188 -0.122360229492188
-0.0273189544677734 0.0123920440673828 -0.0315475463867188 -0.133735656738281
-0.0305747985839844 -0.00701713562011719 0.0222625732421875 -0.111595153808594
-0.0120582580566406 -0.0211963653564453 0.0591850280761719 -0.0575408935546875
0.00440216064453125 -0.0195941925048828 0.0405960083007813 -0.00157546997070313
-0.00238227844238281 -0.010289192199707 -0.0161323547363281 -0.0425262451171875
-0.00996208190917969 -0.0261554718017578 0.0217056274414063 -0.117355346679687
0.0352249145507813 -0.07470703125 -5.34057617187572E-05 0.128158569335938
-0.0318984985351563 -0.0717315673828125 0.0203742980957031 0.0530052185058594
-0.0704345703125 -0.0283126831054687 -0.0274581909179688 -0.00958251953125
-0.0552597045898438 0.0306129455566406 -0.0656204223632813 0.0418052673339844
-0.0194091796875 0.0571670532226563 -0.042572021484375 0.08953857421875
0.0281639099121094 0.05462646484375 0.0245819091796875 0.12835693359375
0.0504798889160156 0.0413627624511719 0.0847015380859375 0.125373840332031
0.0398712158203125 0.0380630493164063 0.0900802612304688 0.102821350097656
0.0438461303710938 0.0430374145507813 0.0733108520507813 0.109413146972656
0.0152397155761719 0.0591583251953125 0.036376953125 0.109016418457031
-0.0313339233398438 0.0527534484863281 0.00504302978515625 0.072998046875
-0.0612106323242188 0.00973129272460938 0.00304031372070312 0.0503273010253906
-0.0410079956054687 -0.0539665222167969 0.0412826538085938 0.0717315673828125
0.00202178955078126 -0.0746231079101563 0.052337646484375 0.17559814453125
0.0367851257324219 -0.0517005920410156 -0.064239501953125 0.2955322265625
0.0370025634765625 -0.163284301757813 0.000617980957031259 0.100204467773437
-0.0551300048828125 -0.142257690429688 0.0122604370117187 0.0432052612304687
-0.123832702636719 -0.07958984375 -0.0200595855712891 -0.0111675262451172
-0.121208190917969 0.0318527221679688 -0.0550651550292969 0.027496337890625
-0.0657882690429688 0.0942535400390625 -0.045196533203125 0.0622711181640625
0.0205535888671875 0.117561340332031 0.00789642333984375 0.107017517089844
0.0680007934570313 0.0993728637695313 0.061981201171875 0.107498168945313
0.0560073852539063 0.0919570922851563 0.0698089599609375 0.084320068359375
0.0635604858398437 0.104072570800781 0.0541458129882813 0.0870437622070313
0.0154571533203125 0.118614196777344 0.0334625244140625 0.0800628662109375
-0.0654830932617188 0.104133605957031 0.0112075805664062 0.0430564880371094
-0.118392944335938 0.0328216552734375 0.0213394165039062 0.0345172882080078
-0.103614807128906 -0.0931243896484375 0.0639114379882813 0.0661087036132813
-0.042572021484375 -0.149795532226563 0.0629425048828125 0.167892456054688
0.032073974609375 -0.144271850585938 -0.043365478515625 0.27490234375
0.0343017578125 -0.229202270507813 0.00935745239257813 0.0453567504882812
-0.0734710693359375 -0.19671630859375 0.00334835052490234 0.0166454315185547
-0.164627075195312 -0.121536254882813 -0.0158910751342774 -0.012791633605957
-0.17486572265625 0.0282440185546875 -0.0376548767089844 0.0137481689453125
-0.105735778808594 0.11920166015625 -0.0386428833007813 0.0279083251953125
0.00857543945312502 0.16455078125 -0.00727844238281249 0.069488525390625
0.075469970703125 0.142562866210938 0.0308761596679687 0.0720367431640625
0.0645980834960938 0.131340026855469 0.0387954711914063 0.0534133911132813
0.07611083984375 0.14923095703125 0.0247459411621094 0.0524101257324219
0.017608642578125 0.162612915039063 0.0225982666015625 0.0389060974121094
-0.0871429443359375 0.146011352539063 0.0135107040405273 0.00403213500976563
-0.15997314453125 0.0582122802734375 0.0373878479003906 0.0110664367675781
-0.159271240234375 -0.1138916015625 0.0811309814453125 0.05322265625
-0.0879058837890625 -0.20135498046875 0.06402587890625 0.141586303710938
0.0183868408203125 -0.214096069335937 -0.0234375 0.22357177734375
0.0233612060546875 -0.260818481445313 0.0231208801269531 -0.0279464721679688
-0.0875244140625 -0.2230224609375 -0.00689697265625 -0.0225257873535156
-0.187789916992188 -0.139862060546875 -0.0137395858764649 -0.0163373947143555
-0.204696655273438 0.0273590087890625 -0.0164813995361328 -0.00204086303710937
-0.128311157226563 0.129356384277344 -0.0255603790283203 -0.0100746154785156
-0.00239562988281251 0.187469482421875 -0.0193729400634766 0.0204257965087891
0.0720062255859375 0.164016723632813 -0.00329971313476562 0.0265522003173828
0.0639190673828125 0.151504516601562 0.00147819519042969 0.01409912109375
0.0781707763671875 0.171539306640625 -0.0105762481689453 0.0110187530517578
0.0177459716796875 0.182052612304688 0.00460433959960938 -0.00945186614990233
-0.0966949462890625 0.167694091796875 0.0107383728027344 -0.0391426086425781
-0.17919921875 0.0766448974609375 0.0476760864257812 -0.0170707702636719
-0.19134521484375 -0.116958618164062 0.0865249633789062 0.0343780517578125
-0.120773315429688 -0.222015380859375 0.05078125 0.10150146484375
0.00259399414062502 -0.250015258789063 -0.00927734375 0.148086547851562
0.00512695312499998 -0.2537841796875 0.036285400390625 -0.109352111816406
-0.094573974609375 -0.212753295898438 -0.0175819396972656 -0.0692176818847656
-0.184066772460937 -0.130355834960938 -0.0134220123291016 -0.0229034423828125
-0.19866943359375 0.026275634765625 0.00433731079101561 -0.0210781097412109
-0.126045227050781 0.121505737304688 -0.0102272033691406 -0.0485458374023437
-0.010498046875 0.180801391601563 -0.0284099578857422 -0.0319900512695312
0.059478759765625 0.159423828125 -0.0368728637695312 -0.0248222351074219
0.0529022216796875 0.148345947265625 -0.0358810424804688 -0.0271034240722656
0.0666351318359375 0.168731689453125 -0.0457916259765625 -0.0330886840820313
0.0105438232421875 0.173263549804687 -0.0169334411621094 -0.0573501586914062
-0.09588623046875 0.158035278320312 0.0045166015625 -0.0785446166992187
-0.169692993164062 0.0741119384765625 0.0521926879882812 -0.04388427734375
-0.185287475585937 -0.107894897460938 0.0799713134765625 0.0152664184570312
-0.122344970703125 -0.208511352539062 0.0255851745605469 0.0545425415039062
-0.00663757324218752 -0.244644165039063 -0.00241470336914063 0.0606002807617187
-0.01519775390625 -0.207962036132812 0.046630859375 -0.186599731445313
-0.0879974365234375 -0.167083740234375 -0.0262603759765625 -0.114906311035156
-0.148040771484375 -0.0951690673828125 -0.0145893096923828 -0.0315761566162109
-0.1552734375 0.0234527587890625 0.0197257995605469 -0.038665771484375
-0.099578857421875 0.0918350219726563 0.00301361083984374 -0.0776138305664062
-0.0139923095703125 0.14361572265625 -0.0337295532226562 -0.0777816772460937
0.037506103515625 0.129508972167969 -0.06396484375 -0.0716094970703125
0.0347824096679688 0.122482299804687 -0.0678939819335938 -0.0645523071289062
0.0430450439453125 0.14111328125 -0.0737380981445313 -0.0733795166015625
-0.00286865234375 0.138145446777344 -0.0331954956054688 -0.0980148315429687
-0.0855255126953125 0.117599487304687 0.00287628173828125 -0.106521606445312
-0.134300231933594 0.0474853515625 0.05377197265625 -0.0613021850585938
-0.138427734375 -0.091094970703125 0.066558837890625 0.00178527832031249
-0.0931243896484375 -0.163650512695313 0.000655174255371089 0.0104217529296875
-0.00810241699218749 -0.200164794921875 0.00337791442871093 -0.0225009918212891
-0.0333633422851562 -0.130195617675781 0.05023193359375 -0.249237060546875
-0.0693435668945313 -0.0947952270507812 -0.0336456298828125 -0.1524658203125
-0.0875320434570313 -0.0424652099609375 -0.0196647644042969 -0.0406417846679687
-0.0856704711914063 0.0179595947265625 0.0242843627929687 -0.0513038635253906
-0.0549163818359375 0.0491943359375 0.0100860595703125 -0.090576171875
-0.0140228271484375 0.0838241577148438 -0.0362014770507813 -0.107139587402344
0.011627197265625 0.0794754028320313 -0.0814056396484375 -0.104766845703125
0.010894775390625 0.0775299072265625 -0.0884780883789063 -0.0933151245117188
0.0126571655273437 0.0923995971679688 -0.0881118774414062 -0.105133056640625
-0.0178451538085937 0.0822601318359375 -0.0412673950195313 -0.125297546386719
-0.0644989013671875 0.0585708618164063 0.00785827636718749 -0.119346618652344
-0.0799407958984375 0.010833740234375 0.0560302734375 -0.0666694641113281
-0.0693206787109375 -0.0627632141113281 0.0530052185058594 -0.00421905517578125
-0.0472412109375 -0.0951690673828125 -0.016143798828125 -0.0242271423339844
-0.00704193115234375 -0.12347412109375 0.00998687744140625 -0.0879058837890625
-0.04583740234375 -0.0322380065917969 0.04669189453125 -0.2857666015625
-0.0401077270507813 -0.0134315490722656 -0.0416717529296875 -0.177337646484375
-0.018768310546875 0.0134601593017578 -0.03125 -0.0460662841796875
-0.00720977783203125 0.0102863311767578 0.0162200927734375 -0.0534286499023438
-0.0053105354309082 0.00129461288452149 0.0102767944335938 -0.086578369140625
-0.01177978515625 0.0131645202636719 -0.0351791381835938 -0.115791320800781
-0.0154819488525391 0.0174531936645508 -0.0864334106445312 -0.119407653808594
-0.0136795043945312 0.0208873748779297 -0.0953140258789063 -0.107376098632813
-0.0186538696289062 0.0291557312011719 -0.0886764526367187 -0.123497009277344
-0.0274066925048828 0.0157108306884766 -0.038116455078125 -0.136848449707031
-0.0323772430419922 -0.00438308715820312 0.0180892944335937 -0.116111755371094
-0.0154609680175781 -0.02032470703125 0.0589637756347656 -0.0617294311523438
0.00266838073730469 -0.0213127136230469 0.0416946411132813 -0.0035400390625
-0.00282001495361328 -0.0118961334228516 -0.0205764770507813 -0.0441551208496094
-0.00979995727539063 -0.0293598175048828 0.0168075561523437 -0.125572204589844
0.031951904296875 -0.076873779296875 0.00664520263671875 0.133995056152344
-0.034942626953125 -0.0688858032226563 0.0247726440429687 0.0556144714355469
-0.0724105834960938 -0.0249176025390625 -0.0277366638183594 -0.00870513916015625
-0.0536384582519531 0.0329322814941406 -0.0647315979003906 0.0453987121582031
-0.0167922973632812 0.0584030151367188 -0.0391845703125 0.0931320190429687
0.0316009521484375 0.0527114868164063 0.03131103515625 0.129402160644531
0.0537986755371094 0.0384597778320313 0.0934219360351563 0.1234130859375
0.0418968200683594 0.0356788635253906 0.0963363647460937 0.100822448730469
0.0464286804199219 0.0402450561523438 0.0800247192382813 0.109046936035156
0.0190353393554688 0.0580902099609375 0.0423507690429687 0.109199523925781
-0.028106689453125 0.0549087524414063 0.00856781005859374 0.0743560791015625
-0.0611991882324219 0.0135040283203125 0.00627517700195313 0.0505142211914062
-0.0454177856445312 -0.0522804260253906 0.045196533203125 0.0709457397460938
-0.00336456298828125 -0.0751876831054688 0.0623931884765625 0.177093505859375
0.0338401794433594 -0.0532722473144531 -0.0517578125 0.304229736328125
0.030303955078125 -0.167816162109375 0.00563049316406249 0.106002807617187
-0.0620193481445312 -0.138748168945313 0.0158424377441406 0.0464897155761719
-0.128868103027344 -0.0748672485351562 -0.0206756591796875 -0.0107803344726563
-0.120803833007813 0.0374908447265625 -0.0542678833007813 0.0313911437988281
-0.061798095703125 0.0982513427734375 -0.0431861877441406 0.0661659240722656
0.0273818969726563 0.117225646972656 0.0137939453125 0.109024047851563
0.0751266479492187 0.0966644287109375 0.0692977905273437 0.107139587402344
0.0621490478515625 0.0900726318359375 0.0750579833984375 0.0822372436523438
0.0704803466796875 0.101669311523437 0.060333251953125 0.0868682861328125
0.0226058959960938 0.118446350097656 0.0380783081054687 0.0799484252929688
-0.0597076416015625 0.109649658203125 0.0126953125 0.0440101623535156
-0.118949890136719 0.0391082763671875 0.0234642028808594 0.0340652465820313
-0.110870361328125 -0.0900421142578125 0.0673027038574219 0.064544677734375
-0.0521392822265625 -0.1497802734375 0.0716094970703125 0.168594360351563
0.025238037109375 -0.148117065429688 -0.03167724609375 0.28131103515625
0.0248260498046875 -0.235244750976562 0.011932373046875 0.049774169921875
-0.0818939208984375 -0.19427490234375 0.00503158569335937 0.0205898284912109
-0.173233032226562 -0.11614990234375 -0.0164012908935547 -0.0122337341308594
-0.175689697265625 0.03729248046875 -0.0375518798828125 0.016265869140625
-0.101364135742187 0.126358032226563 -0.0385818481445313 0.0309524536132813
0.0186309814453125 0.165847778320313 -0.0030517578125 0.0721511840820313
0.085601806640625 0.140235900878906 0.0363922119140625 0.07318115234375
0.0723419189453125 0.130409240722656 0.042572021484375 0.0519523620605469
0.08648681640625 0.147415161132813 0.02862548828125 0.0532646179199219
0.0272064208984375 0.163253784179688 0.0249824523925781 0.0387153625488281
-0.079833984375 0.153793334960938 0.013336181640625 0.00438594818115235
-0.160171508789062 0.067901611328125 0.0386734008789062 0.00974655151367188
-0.168930053710937 -0.109054565429688 0.0837860107421875 0.0507965087890625
-0.100738525390625 -0.201217651367187 0.070526123046875 0.142684936523438
0.00880432128906249 -0.219970703125 -0.0139312744140625 0.227828979492188
0.013397216796875 -0.267303466796875 0.0216541290283203 -0.025634765625
-0.097991943359375 -0.221786499023438 -0.00833129882812501 -0.0195713043212891
-0.198532104492188 -0.134979248046875 -0.0147924423217774 -0.015477180480957
-0.206695556640625 0.037841796875 -0.017176628112793 -0.000728607177734375
-0.124336242675781 0.13818359375 -0.0277290344238281 -0.00843620300292967
0.00874328613281252 0.190032958984375 -0.0181407928466797 0.0231246948242188
0.0830841064453125 0.163116455078125 -0.00121688842773437 0.0277786254882813
0.072784423828125 0.150299072265625 0.00268840789794922 0.0135393142700195
0.090484619140625 0.170272827148438 -0.0091257095336914 0.012537956237793
0.028167724609375 0.1839599609375 0.00395965576171875 -0.00959014892578124
-0.0886383056640625 0.176193237304688 0.00777053833007812 -0.038604736328125
-0.17864990234375 0.087799072265625 0.0481910705566406 -0.0196418762207031
-0.202484130859375 -0.110702514648437 0.088470458984375 0.0311355590820312
-0.133956909179688 -0.219970703125 0.0548934936523437 0.101730346679687
-0.00817871093750001 -0.25689697265625 -0.00358581542968751 0.150711059570312
-0.0041961669921875 -0.259918212890625 0.0319671630859375 -0.10986328125
-0.104949951171875 -0.21295166015625 -0.0212249755859375 -0.0665664672851563
-0.19451904296875 -0.125656127929688 -0.0149765014648438 -0.0222682952880859
-0.201278686523438 0.0366973876953125 0.00345993041992186 -0.0201320648193359
-0.122360229492188 0.129806518554688 -0.0134239196777344 -0.0478553771972656
-6.10351562500044E-05 0.184066772460937 -0.0296993255615234 -0.0302448272705078
0.06976318359375 0.159194946289063 -0.0373764038085937 -0.02294921875
0.0622100830078125 0.148361206054688 -0.0372085571289062 -0.0264015197753906
0.0789947509765625 0.168563842773438 -0.0470542907714844 -0.0302009582519531
0.0208740234375 0.17578125 -0.0201759338378906 -0.0573387145996094
-0.0882110595703125 0.166854858398438 0.000404357910156243 -0.079010009765625
-0.169189453125 0.0840606689453125 0.0510482788085937 -0.0465850830078125
-0.194992065429688 -0.101882934570313 0.0811843872070312 0.011993408203125
-0.1351318359375 -0.20635986328125 0.027374267578125 0.0556640625
-0.0174560546875 -0.251708984375 -0.000370025634765631 0.0615501403808594
-0.0224456787109375 -0.21337890625 0.038238525390625 -0.190093994140625
-0.0966949462890625 -0.167022705078125 -0.0331497192382813 -0.114303588867188
-0.156570434570313 -0.09228515625 -0.0167331695556641 -0.0314598083496094
-0.15728759765625 0.031951904296875 0.0175857543945312 -0.0397071838378906
-0.0971908569335938 0.0993118286132812 -0.00134277343750001 -0.0784072875976563
-0.00563049316406251 0.147262573242188 -0.0375747680664063 -0.0765762329101562
0.0455398559570313 0.130882263183594 -0.068115234375 -0.0689010620117187
0.0421066284179688 0.123100280761719 -0.0707855224609375 -0.063079833984375
0.053558349609375 0.142471313476563 -0.0775527954101562 -0.07000732421875
0.00491333007812499 0.14117431640625 -0.0390777587890625 -0.0972137451171875
-0.080413818359375 0.125663757324219 -0.00299835205078124 -0.107383728027344
-0.135345458984375 0.0551681518554687 0.051971435546875 -0.0648651123046875
-0.147109985351563 -0.087310791015625 0.0672798156738281 -0.00152969360351563
-0.103012084960937 -0.16302490234375 -0.000630378723144537 0.0107583999633789
-0.015899658203125 -0.206253051757813 0.00118446350097656 -0.0239505767822266
-0.037841796875 -0.133132934570313 0.0392608642578125 -0.255157470703125
-0.073760986328125 -0.095550537109375 -0.0424346923828125 -0.153289794921875
-0.092193603515625 -0.04180908203125 -0.0222511291503906 -0.03955078125
-0.0868072509765625 0.0221786499023438 0.0216598510742187 -0.0520553588867188
-0.0546493530273437 0.05352783203125 0.00591278076171875 -0.092376708984375
-0.00906372070312501 0.086883544921875 -0.0416107177734375 -0.106918334960938
0.016754150390625 0.08123779296875 -0.08807373046875 -0.102470397949219
0.0156707763671875 0.0793685913085938 -0.0940017700195313 -0.0908203125
0.0197525024414063 0.0943374633789063 -0.0948638916015625 -0.102043151855469
-0.0131759643554687 0.0856781005859375 -0.0480117797851563 -0.124839782714844
-0.0625839233398438 0.0646171569824219 0.00160217285156251 -0.121055603027344
-0.0816116333007813 0.0157318115234375 0.053802490234375 -0.0705032348632813
-0.0743331909179688 -0.0617752075195312 0.053497314453125 -0.0069427490234375
-0.052886962890625 -0.0961990356445313 -0.0189094543457031 -0.0244121551513672
-0.0121536254882813 -0.128425598144531 0.00482177734375001 -0.0909957885742188
-0.0463638305664063 -0.0323867797851563 0.033782958984375 -0.292816162109375
-0.04071044921875 -0.0135993957519531 -0.0517578125 -0.178802490234375
-0.0186233520507813 0.0123291015625 -0.0344085693359375 -0.0450935363769531
-0.00738239288330078 0.0107812881469727 0.0140037536621094 -0.0544624328613281
-0.00601053237915039 0.00224590301513672 0.006988525390625 -0.0878982543945313
-0.0109157562255859 0.014561653137207 -0.0414047241210938 -0.116477966308594
-0.0145835876464844 0.0196247100830078 -0.0942840576171875 -0.117683410644531
-0.0123939514160156 0.0234718322753906 -0.102462768554688 -0.10455322265625
-0.0155982971191406 0.0322380065917969 -0.0966796875 -0.120780944824219
-0.0269527435302734 0.0183601379394531 -0.045501708984375 -0.13726806640625
-0.03399658203125 -0.00129318237304687 0.0118560791015625 -0.118690490722656
-0.0176811218261719 -0.0187168121337891 0.0564994812011719 -0.0655975341796875
0.00112724304199219 -0.022491455078125 0.04229736328125 -0.0060577392578125
-0.00352287292480469 -0.0140342712402344 -0.0246391296386719 -0.045257568359375
-0.0103645324707031 -0.0325260162353516 0.0090484619140625 -0.130500793457031
0.0290679931640625 -0.0770721435546875 0.0118560791015625 0.13739013671875
-0.0356597900390625 -0.0650558471679688 0.0286865234375 0.05755615234375
-0.0719528198242188 -0.0217132568359375 -0.0278644561767578 -0.00785827636718751
-0.0521316528320313 0.0338859558105469 -0.0634307861328125 0.0479583740234375
-0.0147628784179688 0.05792236328125 -0.0366439819335937 0.0945053100585938
0.0337753295898437 0.0504150390625 0.0355911254882813 0.129165649414063
0.0553512573242188 0.035003662109375 0.0977325439453125 0.120758056640625
0.0428848266601562 0.032989501953125 0.0995635986328125 0.0976791381835938
0.0471343994140625 0.0370635986328125 0.084197998046875 0.106414794921875
0.0211753845214844 0.055999755859375 0.0459442138671875 0.107833862304688
-0.0246086120605469 0.055908203125 0.0104904174804688 0.0739669799804687
-0.0601425170898438 0.0161399841308594 0.00755691528320312 0.05096435546875
-0.0473442077636719 -0.0501289367675781 0.0469093322753906 0.06982421875
-0.00733184814453124 -0.0738449096679688 0.0681304931640625 0.176498413085938
0.0310707092285156 -0.0538139343261719 -0.04193115234375 0.305816650390625
0.0250701904296875 -0.168365478515625 0.0100250244140625 0.109718322753906
-0.0648727416992187 -0.135459899902344 0.0195045471191406 0.0497016906738281
-0.130516052246094 -0.070526123046875 -0.0211658477783203 -0.0100536346435547
-0.118682861328125 0.0409774780273437 -0.05322265625 0.0328865051269531
-0.058624267578125 0.099609375 -0.0414390563964844 0.0676155090332031
0.0324859619140625 0.11468505859375 0.0178146362304688 0.109298706054688
0.07958984375 0.0925521850585938 0.07373046875 0.104850769042969
0.0648117065429688 0.0869064331054687 0.0781173706054688 0.0799560546875
0.074981689453125 0.0977096557617188 0.0637130737304688 0.0859909057617188
0.0275802612304687 0.116531372070313 0.0400161743164063 0.07879638671875
-0.054290771484375 0.111618041992188 0.0140495300292969 0.0439262390136719
-0.117515563964844 0.0436248779296875 0.0245189666748047 0.0337200164794922
-0.115242004394531 -0.086456298828125 0.0686378479003906 0.0628395080566406
-0.058349609375 -0.147232055664063 0.0769195556640625 0.167709350585938
0.019775390625 -0.149307250976563 -0.0230712890625 0.283050537109375
0.0186309814453125 -0.236465454101563 0.0138130187988281 0.0535507202148437
-0.087432861328125 -0.190292358398438 0.00719642639160156 0.0237598419189453
-0.176971435546875 -0.111038208007813 -0.0169868469238281 -0.0113506317138672
-0.173782348632813 0.0428314208984375 -0.0369873046875 0.0181427001953125
-0.0970993041992188 0.129074096679688 -0.0385513305664063 0.0331039428710938
0.02557373046875 0.163955688476563 -0.000137329101562505 0.0734100341796875
0.091827392578125 0.136711120605469 0.0401229858398438 0.0727157592773438
0.077301025390625 0.127250671386719 0.0442352294921875 0.0503997802734375
0.0931549072265625 0.143569946289063 0.0318832397460938 0.0537605285644531
0.03375244140625 0.161849975585938 0.0258026123046875 0.0375556945800781
-0.07275390625 0.156936645507813 0.0130290985107422 0.00505638122558595
-0.157974243164062 0.0735321044921875 0.0392723083496094 0.00848388671875
-0.174057006835937 -0.10382080078125 0.0846939086914062 0.0480270385742187
-0.108322143554688 -0.197174072265625 0.0753021240234375 0.141510009765625
0.00212097167968751 -0.221527099609375 -0.0077362060546875 0.228607177734375
0.00657653808593749 -0.270309448242188 0.0216064453125 -0.0221061706542969
-0.103668212890625 -0.218093872070312 -0.00769901275634767 -0.0156145095825195
-0.203689575195313 -0.130035400390625 -0.0153398513793945 -0.0147705078125
-0.20477294921875 0.0444183349609375 -0.0171785354614258 0.000962257385253908
-0.11962890625 0.142074584960938 -0.0285816192626953 -0.00635337829589842
0.0162200927734375 0.189437866210938 -0.0160865783691406 0.0254478454589844
0.0902557373046875 0.15972900390625 0.00113677978515626 0.0284175872802735
0.0784454345703125 0.148239135742188 0.00410556793212891 0.0132894515991211
0.0981292724609375 0.166412353515625 -0.00725269317626953 0.0142993927001953
0.0356597900390625 0.182449340820313 0.00319766998291016 -0.00977230072021483
-0.0811920166015625 0.180328369140625 0.00628280639648437 -0.0379295349121094
-0.175994873046875 0.09375 0.0478096008300781 -0.0213661193847656
-0.2078857421875 -0.105270385742188 0.0885162353515625 0.0287551879882812
-0.142257690429688 -0.216018676757813 0.0572280883789062 0.101455688476562
-0.0147552490234375 -0.258804321289062 -0.000335693359374996 0.150222778320312
-0.0105743408203125 -0.26239013671875 0.0282821655273437 -0.107780456542969
-0.109649658203125 -0.210098266601563 -0.0230140686035156 -0.0638008117675781
-0.200454711914063 -0.121795654296875 -0.0158042907714844 -0.0209121704101563
-0.200775146484375 0.0436248779296875 0.00266075134277342 -0.0196323394775391
-0.118949890136719 0.134078979492188 -0.0158233642578125 -0.046478271484375
0.00778198242187501 0.184478759765625 -0.0296859741210938 -0.027618408203125
0.076812744140625 0.157073974609375 -0.0378532409667969 -0.0210762023925781
0.0677947998046875 0.146591186523438 -0.0373039245605469 -0.0256538391113281
0.0869140625 0.165740966796875 -0.0466880798339844 -0.0271568298339844
0.027862548828125 0.175643920898438 -0.022216796875 -0.0561866760253906
-0.0815582275390625 0.170852661132813 -0.0027313232421875 -0.0770797729492187
-0.167373657226563 0.0904083251953125 0.0496253967285156 -0.0485153198242187
-0.200363159179688 -0.0966339111328126 0.0810546875 0.00938415527343749
-0.14227294921875 -0.202911376953125 0.0280227661132812 0.0552864074707031
-0.0231170654296875 -0.254379272460937 0.000518798828124995 0.0607643127441406
-0.027130126953125 -0.215225219726563 0.03240966796875 -0.189315795898437
-0.101058959960937 -0.165985107421875 -0.0366744995117187 -0.111717224121094
-0.161773681640625 -0.0897979736328125 -0.0180873870849609 -0.0302047729492188
-0.157302856445313 0.0372772216796875 0.0163002014160156 -0.03924560546875
-0.0947036743164063 0.103324890136719 -0.00438690185546875 -0.0775680541992188
9.0430945576834E-18 0.147689819335938 -0.0392684936523437 -0.0742340087890625
0.052001953125 0.129814147949219 -0.0697555541992188 -0.0657882690429687
0.0468902587890625 0.122604370117188 -0.0727462768554688 -0.0613861083984375
0.0606689453125 0.140159606933594 -0.07879638671875 -0.0666961669921875
0.0111846923828125 0.141357421875 -0.0427932739257813 -0.0954818725585937
-0.0755538940429688 0.130126953125 -0.00714111328124999 -0.106033325195312
-0.134513854980469 0.0605087280273438 0.0502090454101562 -0.066497802734375
-0.151504516601563 -0.0839080810546875 0.0665779113769531 -0.00383377075195313
-0.108673095703125 -0.160812377929688 -0.00133228302001954 0.0113143920898437
-0.0208892822265625 -0.209182739257812 -0.000946044921875004 -0.0249519348144531
-0.0399398803710937 -0.134048461914063 0.0313262939453125 -0.254898071289063
-0.0770797729492188 -0.0951614379882812 -0.0482177734375 -0.152420043945313
-0.0953750610351563 -0.0418701171875 -0.0241508483886719 -0.0385055541992188
-0.0869140625 0.025299072265625 0.0199699401855469 -0.0520782470703125
-0.0537643432617188 0.0562210083007812 0.00249481201171876 -0.092041015625
-0.0056915283203125 0.087799072265625 -0.0446395874023438 -0.105155944824219
0.0203781127929687 0.0818252563476563 -0.0915374755859375 -0.0993576049804688
0.0191802978515625 0.0798797607421875 -0.0970306396484375 -0.0885543823242188
0.0245590209960938 0.0944061279296875 -0.0978164672851562 -0.0983657836914063
-0.00929260253906251 0.0875320434570313 -0.0524139404296875 -0.122596740722656
-0.0602455139160156 0.0681838989257813 -0.003082275390625 -0.120132446289062
-0.0824508666992188 0.0192108154296875 0.0518264770507812 -0.0722579956054688
-0.0775985717773437 -0.0606536865234375 0.052398681640625 -0.0084686279296875
-0.0561676025390625 -0.0957183837890625 -0.0209445953369141 -0.0238399505615234
-0.0148086547851562 -0.131538391113281 0.000434875488281255 -0.0927886962890625
-0.0451736450195313 -0.0325279235839844 0.02447509765625 -0.294921875
-0.0414161682128906 -0.0143852233886719 -0.0590057373046875 -0.177841186523438
-0.0190010070800781 0.0101146697998047 -0.0360527038574219 -0.0434341430664063
-0.0081033706665039 0.0105953216552734 0.0117340087890625 -0.0546951293945313
-0.0066676139831543 0.00281095504760742 0.00449371337890626 -0.0886764526367188
-0.0103521347045898 0.0159330368041992 -0.0448532104492188 -0.115852355957031
-0.0141620635986328 0.0215187072753906 -0.0994644165039062 -0.115036010742188
-0.0112876892089844 0.0242080688476563 -0.105697631835938 -0.102134704589844
-0.0135841369628906 0.0335025787353516 -0.101097106933594 -0.117439270019531
-0.0254096984863281 0.0208892822265625 -0.0506439208984375 -0.135215759277344
-0.0342960357666016 0.00142669677734375 0.00762176513671874 -0.117973327636719
-0.0191078186035156 -0.0175914764404297 0.0540733337402344 -0.06719970703125
-0.000602722167968751 -0.0237102508544922 0.0413436889648438 -0.00792694091796875
-0.00369071960449219 -0.0156059265136719 -0.0277366638183594 -0.0456581115722656
-0.0107288360595703 -0.0345535278320312 0.00392913818359374 -0.132728576660156
0.0286331176757812 -0.0774459838867188 0.014556884765625 0.140823364257812
-0.0349159240722656 -0.0629043579101563 0.0318412780761719 0.060302734375
-0.0704421997070313 -0.0208892822265625 -0.0278949737548828 -0.00770378112792969
-0.0509719848632813 0.0339241027832031 -0.0626602172851563 0.0487174987792969
-0.0138397216796875 0.0581398010253906 -0.03607177734375 0.0956497192382813
0.0347175598144531 0.0489082336425781 0.0375213623046875 0.12921142578125
0.0564231872558594 0.0325736999511719 0.100776672363281 0.120346069335938
0.0430870056152344 0.0313682556152344 0.101081848144531 0.0977935791015625
0.0478630065917969 0.035186767578125 0.08642578125 0.106697082519531
0.0224456787109375 0.0541877746582031 0.0468673706054687 0.107856750488281
-0.0228042602539063 0.0555267333984375 0.0114288330078125 0.074127197265625
-0.0598411560058594 0.016632080078125 0.00857543945312499 0.0506057739257813
-0.0486030578613281 -0.0492897033691406 0.0482101440429688 0.0698585510253906
-0.00926971435546876 -0.0730667114257813 0.070709228515625 0.176971435546875
0.0303153991699219 -0.0533370971679688 -0.039703369140625 0.307952880859375
0.0243072509765625 -0.169952392578125 0.0122909545898437 0.113815307617187
-0.0645370483398438 -0.133049011230469 0.022125244140625 0.0520858764648437
-0.131378173828125 -0.0691146850585937 -0.0208587646484375 -0.00949859619140625
-0.118087768554687 0.0417098999023437 -0.0527076721191406 0.03436279296875
-0.0575637817382813 0.10015869140625 -0.0417060852050781 0.0687942504882813
0.03466796875 0.113563537597656 0.0200042724609375 0.110206604003906
0.0817947387695313 0.0908279418945313 0.0764694213867187 0.104850769042969
0.0660018920898438 0.0857620239257813 0.0793914794921875 0.0795974731445313
0.0774612426757813 0.0958633422851563 0.0657806396484375 0.0867462158203125
0.0300369262695312 0.115509033203125 0.0408477783203125 0.0786209106445313
-0.0516281127929688 0.11273193359375 0.0141143798828125 0.0444717407226563
-0.11749267578125 0.0454940795898438 0.0251312255859375 0.0336437225341797
-0.118370056152344 -0.0856857299804687 0.0689964294433593 0.0633010864257813
-0.061614990234375 -0.146408081054688 0.079345703125 0.169204711914063
0.0185699462890625 -0.150772094726563 -0.020751953125 0.284423828125
0.01800537109375 -0.238861083984375 0.0155677795410156 0.0579643249511719
-0.08721923828125 -0.189163208007813 0.00893402099609374 0.027008056640625
-0.179183959960938 -0.109664916992187 -0.0166072845458984 -0.0109338760375977
-0.173233032226563 0.0445098876953125 -0.0369224548339844 0.0192718505859375
-0.0959930419921875 0.1304931640625 -0.0390968322753906 0.0342369079589844
0.0285797119140625 0.162994384765625 0.001556396484375 0.0746307373046875
0.0948944091796875 0.135162353515625 0.042236328125 0.07330322265625
0.0794601440429688 0.126388549804687 0.045166015625 0.0501899719238281
0.0974273681640625 0.141494750976562 0.0335502624511719 0.0545616149902344
0.0369720458984375 0.16058349609375 0.0257301330566406 0.0381050109863281
-0.0695953369140625 0.159103393554688 0.0128450393676758 0.00584411621093751
-0.158370971679688 0.07568359375 0.0391082763671875 0.00833129882812501
-0.178085327148438 -0.103240966796875 0.0843124389648437 0.0477066040039062
-0.112472534179688 -0.19677734375 0.076263427734375 0.142654418945313
0.000183105468749988 -0.224075317382813 -0.00617980957031251 0.22869873046875
0.00599670410156249 -0.272125244140625 0.0223388671875 -0.0186862945556641
-0.103530883789062 -0.218154907226563 -0.00651550292968751 -0.0126609802246094
-0.207473754882813 -0.129623413085938 -0.0153369903564453 -0.0140914916992188
-0.205352783203125 0.046722412109375 -0.0171585083007813 0.00165843963623047
-0.118682861328125 0.14385986328125 -0.0297737121582031 -0.00543212890625
0.020294189453125 0.188980102539063 -0.0147075653076172 0.0270252227783203
0.094390869140625 0.158721923828125 0.00295639038085938 0.0292129516601563
0.0814208984375 0.1483154296875 0.00427436828613282 0.0129051208496094
0.103057861328125 0.164825439453125 -0.00589847564697265 0.0154743194580078
0.039459228515625 0.182281494140625 0.00258255004882813 -0.00940799713134765
-0.0772705078125 0.18280029296875 0.0054931640625 -0.0373458862304687
-0.176361083984375 0.0965423583984375 0.0471305847167969 -0.0215034484863281
-0.211761474609375 -0.103988647460938 0.0879745483398437 0.0281753540039062
-0.146148681640625 -0.215576171875 0.0578384399414062 0.102241516113281
-0.01654052734375 -0.262054443359375 0.000228881835937483 0.150070190429687
-0.010467529296875 -0.265777587890625 0.0278778076171875 -0.10516357421875
-0.11102294921875 -0.210617065429688 -0.0231170654296875 -0.0617294311523438
-0.204620361328125 -0.122055053710938 -0.0160083770751953 -0.0204753875732422
-0.200836181640625 0.0459442138671875 0.00230979919433593 -0.0185756683349609
-0.118446350097656 0.136039733886719 -0.0176849365234375 -0.045562744140625
0.0110626220703125 0.183914184570312 -0.0289516448974609 -0.0262947082519531
0.08050537109375 0.156936645507813 -0.0368118286132812 -0.0199356079101562
0.070220947265625 0.147064208984375 -0.0375213623046875 -0.025909423828125
0.091796875 0.164291381835937 -0.0459976196289063 -0.0260353088378906
0.031524658203125 0.175979614257812 -0.0233993530273437 -0.0556716918945312
-0.0780181884765625 0.17352294921875 -0.00382232666015626 -0.0763092041015625
-0.1673583984375 0.09283447265625 0.0487556457519531 -0.0492706298828125
-0.203857421875 -0.09625244140625 0.0802993774414062 0.00913238525390624
-0.145858764648438 -0.202438354492187 0.0280799865722656 0.0559921264648437
-0.0246429443359375 -0.2578125 -0.000152587890625005 0.0599403381347656
-0.0265045166015625 -0.218353271484375 0.0310516357421875 -0.18804931640625
-0.102645874023437 -0.16748046875 -0.0387115478515625 -0.110542297363281
-0.16546630859375 -0.090484619140625 -0.0187416076660156 -0.0292072296142578
-0.158447265625 0.038848876953125 0.0159263610839844 -0.0386505126953125
-0.0950698852539062 0.105339050292969 -0.00605010986328126 -0.0772323608398438
0.00297546386718749 0.148361206054688 -0.039947509765625 -0.0732803344726562
0.0546417236328125 0.130142211914063 -0.070831298828125 -0.0651473999023437
0.0494155883789063 0.123916625976563 -0.0731353759765625 -0.061248779296875
0.0649642944335938 0.140151977539063 -0.0786819458007812 -0.0651473999023437
0.0141448974609375 0.142669677734375 -0.0442276000976563 -0.0946578979492187
-0.07305908203125 0.132827758789063 -0.00843048095703124 -0.105087280273437
-0.134979248046875 0.06268310546875 0.0490455627441406 -0.0667572021484375
-0.154525756835938 -0.0834808349609375 0.0662155151367187 -0.00407409667968751
-0.111038208007812 -0.161590576171875 -0.00240325927734376 0.0118608474731445
-0.022125244140625 -0.212997436523437 -0.00203704833984375 -0.0261917114257813
-0.0392837524414062 -0.136543273925781 0.0292205810546875 -0.255111694335938
-0.0777053833007813 -0.0970916748046875 -0.0506439208984375 -0.151611328125
-0.0981903076171875 -0.04327392578125 -0.02496337890625 -0.0380477905273438
-0.0884475708007813 0.0267333984375 0.0196304321289062 -0.0520286560058594
-0.0543632507324219 0.0573310852050781 0.00127410888671876 -0.0924072265625
-0.00367736816406251 0.0887832641601563 -0.0453643798828125 -0.104881286621094
0.02203369140625 0.0828170776367188 -0.0931396484375 -0.098480224609375
0.0207672119140625 0.0812530517578125 -0.0980453491210938 -0.0882568359375
0.0277786254882812 0.0948410034179687 -0.0991973876953125 -0.0968551635742188
-0.00701141357421875 0.0887069702148438 -0.0539779663085937 -0.121994018554688
-0.0590591430664063 0.070770263671875 -0.00461578369140626 -0.119071960449219
-0.0837783813476562 0.0207748413085937 0.0507278442382812 -0.0727615356445313
-0.0795135498046875 -0.0613021850585938 0.0521240234375 -0.00930786132812501
-0.0575332641601563 -0.097198486328125 -0.0230674743652344 -0.0238189697265625
-0.0154876708984375 -0.134666442871094 -0.00136566162109374 -0.0943679809570313
-0.0437202453613281 -0.0339202880859375 0.0216064453125 -0.296142578125
-0.0414009094238281 -0.0158958435058594 -0.06231689453125 -0.178482055664063
-0.0199413299560547 0.008392333984375 -0.0366287231445312 -0.0427436828613281
-0.00885963439941406 0.0103921890258789 0.0112876892089844 -0.054718017578125
-0.00777626037597656 0.00289821624755859 0.00359344482421876 -0.088714599609375
-0.0107154846191406 0.0170450210571289 -0.0463104248046875 -0.115531921386719
-0.0138149261474609 0.0227298736572266 -0.10174560546875 -0.114402770996094
-0.0105209350585938 0.0261573791503906 -0.107627868652344 -0.102386474609375
-0.012542724609375 0.0346832275390625 -0.103179931640625 -0.116188049316406
-0.0248165130615234 0.0224628448486328 -0.0519638061523438 -0.134254455566406
-0.0343818664550781 0.00288581848144532 0.00580596923828124 -0.117759704589844
-0.0205535888671875 -0.0173854827880859 0.0536079406738281 -0.0678939819335938
-0.00131416320800781 -0.02435302734375 0.0414199829101563 -0.00839996337890625
-0.00422000885009766 -0.0174732208251953 -0.0304336547851563 -0.0455970764160156
-0.010528564453125 -0.0371589660644531 0.00165557861328124 -0.13458251953125
0.0286026000976563 -0.0787734985351563 0.0162811279296875 0.147048950195312
-0.033660888671875 -0.0622940063476562 0.0352630615234375 0.0634536743164063
-0.0711593627929687 -0.0211639404296875 -0.0280055999755859 -0.00783538818359375
-0.0517005920410156 0.0339622497558594 -0.0639381408691406 0.05035400390625
-0.0141639709472656 0.0594062805175781 -0.036529541015625 0.098602294921875
0.035980224609375 0.0484695434570313 0.0390243530273437 0.132392883300781
0.057891845703125 0.0318946838378906 0.104080200195313 0.1239013671875
0.0438575744628906 0.0312576293945313 0.103355407714844 0.101150512695313
0.0493736267089844 0.0347938537597656 0.0890960693359375 0.109840393066406
0.0233535766601562 0.0543403625488281 0.0476303100585937 0.110435485839844
-0.0219039916992187 0.0569076538085938 0.0111312866210938 0.0759811401367188
-0.0607337951660156 0.0177001953125 0.00883102416992188 0.0523567199707031
-0.0503654479980469 -0.0498275756835938 0.0495758056640625 0.0721282958984375
-0.0104217529296875 -0.0729446411132812 0.0737762451171875 0.182830810546875
0.0308723449707031 -0.0536155700683594 -0.0419921875 0.31573486328125
0.0257720947265625 -0.174545288085938 0.0136337280273438 0.120368957519531
-0.0633621215820312 -0.134666442871094 0.0254364013671875 0.0560226440429688
-0.1339111328125 -0.0711212158203125 -0.0211906433105469 -0.00956344604492188
-0.120223999023438 0.0420684814453125 -0.0539398193359375 0.0359916687011719
-0.0591506958007813 0.102767944335938 -0.0435562133789063 0.0713958740234375
0.0363998413085937 0.1153564453125 0.0208663940429687 0.113395690917969
0.0845794677734375 0.0913162231445313 0.0795135498046875 0.107810974121094
0.0679397583007813 0.0873489379882813 0.0814895629882813 0.08245849609375
0.0800399780273438 0.0970535278320313 0.0683135986328125 0.0897293090820313
0.0315933227539063 0.117485046386719 0.0412979125976563 0.0811386108398438
-0.0516128540039063 0.115493774414063 0.014312744140625 0.0456695556640625
-0.120277404785156 0.0466995239257812 0.0257053375244141 0.034393310546875
-0.1226806640625 -0.0877532958984375 0.0707778930664063 0.0652236938476563
-0.06451416015625 -0.149322509765625 0.081268310546875 0.17462158203125
0.0198516845703125 -0.155029296875 -0.022979736328125 0.291412353515625
0.0198211669921875 -0.245895385742188 0.0166664123535156 0.0628776550292968
-0.086090087890625 -0.193130493164063 0.0111103057861328 0.030364990234375
-0.183700561523437 -0.113555908203125 -0.0169973373413086 -0.0109281539916992
-0.177078247070313 0.0449371337890625 -0.0374717712402344 0.0203132629394531
-0.0990447998046875 0.133453369140625 -0.041290283203125 0.0362930297851563
0.0303955078125 0.166030883789062 0.00286102294921875 0.0773773193359375
0.0982513427734375 0.137428283691406 0.0447235107421875 0.0756072998046875
0.081878662109375 0.129920959472656 0.0460586547851563 0.0516624450683594
0.100967407226563 0.143310546875 0.0351905822753906 0.0567970275878906
0.039031982421875 0.164031982421875 0.0260276794433594 0.0393218994140625
-0.0696563720703125 0.163253784179688 0.0127468109130859 0.00624084472656251
-0.162643432617188 0.0778656005859375 0.0398445129394531 0.00856399536132813
-0.184402465820313 -0.105972290039062 0.0856475830078125 0.0500030517578125
-0.116439819335938 -0.2012939453125 0.0779876708984375 0.147430419921875
0.0015411376953125 -0.2315673828125 -0.00827026367187498 0.234634399414062
0.00875854492187497 -0.281402587890625 0.0235614776611328 -0.0153732299804688
-0.103591918945313 -0.22357177734375 -0.00505924224853516 -0.0106430053710938
-0.213897705078125 -0.13421630859375 -0.0155572891235352 -0.0142908096313477
-0.210433959960938 0.0474853515625 -0.0170755386352539 0.00238704681396485
-0.122634887695312 0.14801025390625 -0.0319480895996094 -0.00438308715820311
0.0216217041015625 0.192947387695313 -0.0140342712402344 0.0287494659423828
0.097808837890625 0.1624755859375 0.00419998168945313 0.0305919647216797
0.083953857421875 0.152542114257813 0.00450325012207032 0.0132999420166016
0.107315063476562 0.167526245117188 -0.00504398345947265 0.017033576965332
0.041473388671875 0.186294555664062 0.00252628326416016 -0.00862598419189452
-0.07781982421875 0.187423706054688 0.00555419921875 -0.0370750427246094
-0.181076049804688 0.0984954833984375 0.0478668212890625 -0.0214424133300781
-0.219528198242188 -0.107574462890625 0.0892791748046875 0.0299148559570312
-0.149978637695312 -0.221343994140625 0.0588150024414063 0.105621337890625
-0.01531982421875 -0.27130126953125 -0.00146484375000001 0.153549194335937
-0.00807189941406251 -0.274871826171875 0.0301971435546875 -0.104827880859375
-0.111862182617188 -0.21771240234375 -0.0231437683105469 -0.0608673095703125
-0.21240234375 -0.12738037109375 -0.0164871215820313 -0.0204906463623047
-0.207290649414063 0.04669189453125 0.00226402282714842 -0.0187416076660156
-0.123390197753906 0.140403747558594 -0.0188102722167969 -0.0457038879394531
0.0124053955078125 0.188629150390625 -0.0287895202636719 -0.0257110595703125
0.0845184326171875 0.160614013671875 -0.0369110107421875 -0.0196533203125
0.0733795166015625 0.15216064453125 -0.038482666015625 -0.0266456604003906
0.0959014892578125 0.167724609375 -0.0463485717773437 -0.0258255004882812
0.03369140625 0.180007934570313 -0.0239372253417969 -0.0557479858398437
-0.0787506103515625 0.178695678710938 -0.00417327880859375 -0.0776443481445312
-0.17333984375 0.0953826904296875 0.0496597290039062 -0.0500106811523437
-0.211349487304688 -0.100296020507812 0.0809860229492187 0.00966644287109374
-0.149520874023438 -0.2086181640625 0.0275497436523437 0.0583534240722656
-0.023101806640625 -0.267974853515625 -0.00183868408203125 0.0609512329101562
-0.0248565673828125 -0.227081298828125 0.0332489013671875 -0.190750122070313
-0.103790283203125 -0.173507690429688 -0.0394363403320313 -0.111900329589844
-0.172439575195313 -0.0954437255859375 -0.0191555023193359 -0.0296554565429688
-0.163833618164063 0.0398101806640625 0.0163612365722656 -0.039154052734375
-0.09906005859375 0.108650207519531 -0.00710296630859375 -0.0782699584960938
0.00395202636718751 0.152313232421875 -0.0399169921875 -0.0735549926757812
0.0578384399414062 0.134246826171875 -0.0715103149414062 -0.0666656494140625
0.0515289306640625 0.128280639648438 -0.0750503540039063 -0.0635910034179687
0.0682830810546875 0.143280029296875 -0.079803466796875 -0.0661087036132812
0.01580810546875 0.146224975585937 -0.044921875 -0.0966873168945312
-0.0741958618164063 0.136909484863281 -0.00902557373046876 -0.106857299804688
-0.1392822265625 0.0645217895507813 0.0503082275390625 -0.0684776306152344
-0.15997314453125 -0.087158203125 0.067108154296875 -0.00395584106445313
-0.114501953125 -0.166839599609375 -0.00396442413330079 0.0125837326049805
-0.02093505859375 -0.221527099609375 -0.00315666198730469 -0.0277080535888672
-0.037841796875 -0.1429443359375 0.0309906005859375 -0.26104736328125
-0.0791397094726563 -0.101898193359375 -0.0526275634765625 -0.154647827148438
-0.103172302246094 -0.0465774536132813 -0.02532958984375 -0.038909912109375
-0.0921173095703125 0.0270004272460938 0.0198974609375 -0.0533981323242188
-0.0573692321777344 0.05926513671875 0.00115966796875 -0.0939254760742187
-0.003875732421875 0.0920181274414063 -0.0459976196289063 -0.106498718261719
0.0236968994140625 0.0863876342773438 -0.0955886840820312 -0.101051330566406
0.0220565795898438 0.08465576171875 -0.100624084472656 -0.0912933349609375
0.0298309326171875 0.0978851318359375 -0.100624084472656 -0.0990524291992188
-0.00608825683593751 0.091461181640625 -0.05462646484375 -0.124626159667969
-0.0605316162109375 0.073760986328125 -0.0053863525390625 -0.121002197265625
-0.0868453979492188 0.0213165283203125 0.0516357421875 -0.0745697021484375
-0.0828170776367187 -0.063629150390625 0.0529975891113281 -0.00925827026367188
-0.059051513671875 -0.101242065429688 -0.0252914428710938 -0.0245647430419922
-0.0144805908203125 -0.14117431640625 -0.00241851806640625 -0.0978546142578125
-0.0430946350097656 -0.03717041015625 0.02276611328125 -0.303497314453125
-0.0425682067871094 -0.0177459716796875 -0.06439208984375 -0.1832275390625
-0.0218830108642578 0.00693702697753906 -0.0371208190917969 -0.0446815490722656
-0.0103616714477539 0.0100460052490234 0.0113983154296875 -0.0562515258789063
-0.00878238677978516 0.00347566604614258 0.00399017333984374 -0.0905227661132812
-0.0109195709228516 0.0185642242431641 -0.0478439331054687 -0.117912292480469
-0.0137310028076172 0.02484130859375 -0.104179382324219 -0.117172241210937
-0.0102806091308594 0.0276546478271484 -0.110130310058594 -0.105537414550781
-0.0120353698730469 0.0359573364257813 -0.105216979980469 -0.118927001953125
-0.0248737335205078 0.0236072540283203 -0.0527572631835937 -0.137184143066406
-0.0357437133789063 0.00460433959960937 0.0056610107421875 -0.119911193847656
-0.0223445892333984 -0.0167617797851563 0.0548934936523438 -0.0694847106933594
-0.00190925598144531 -0.0255107879638672 0.0419349670410156 -0.00921630859375
-0.00452232360839844 -0.0195751190185547 -0.032196044921875 -0.0476608276367187
-0.0103340148925781 -0.0408134460449219 0.00102996826171874 -0.139350891113281
0.0288619995117188 -0.0826263427734375 0.0196380615234375 0.156692504882813
-0.0342216491699219 -0.063751220703125 0.0403556823730469 0.0674095153808594
-0.0735855102539063 -0.0211868286132812 -0.0290985107421875 -0.00778961181640625
-0.0529823303222656 0.0354652404785156 -0.0658607482910156 0.0542411804199219
-0.0137252807617187 0.0618133544921875 -0.0379180908203125 0.10369873046875
0.0388374328613281 0.049407958984375 0.0422744750976563 0.13836669921875
0.0606269836425781 0.0305595397949219 0.111457824707031 0.12786865234375
0.0460853576660156 0.0316009521484375 0.1097412109375 0.105796813964844
0.0521659851074219 0.0344200134277344 0.0950927734375 0.115692138671875
0.0254135131835937 0.0554008483886719 0.05029296875 0.115837097167969
-0.0208168029785156 0.0596084594726562 0.0125198364257813 0.0797271728515625
-0.0629310607910156 0.0192184448242188 0.00956726074218749 0.055145263671875
-0.0541229248046875 -0.0507659912109375 0.0530929565429688 0.0758285522460938
-0.012786865234375 -0.0746841430664063 0.08074951171875 0.192001342773438
0.0312461853027344 -0.0563735961914063 -0.041351318359375 0.332427978515625
0.0251007080078125 -0.183975219726563 0.0166702270507812 0.129005432128906
-0.0654983520507812 -0.140060424804688 0.0298080444335937 0.0606346130371094
-0.141036987304688 -0.0733795166015625 -0.0218029022216797 -0.009521484375
-0.12469482421875 0.0449676513671875 -0.0553398132324219 0.0384559631347656
-0.0606613159179687 0.108489990234375 -0.0451736450195313 0.0762863159179687
0.0400772094726563 0.1187744140625 0.0242156982421875 0.118804931640625
0.0903091430664063 0.0928726196289063 0.0862350463867188 0.112380981445313
0.0723953247070312 0.0906448364257812 0.08648681640625 0.0865097045898438
0.0860443115234375 0.0993804931640625 0.0730133056640625 0.0946502685546875
0.0348052978515625 0.121482849121094 0.0435104370117187 0.0847396850585938
-0.051055908203125 0.122085571289063 0.0148277282714844 0.0481071472167969
-0.12567138671875 0.05096435546875 0.02667236328125 0.0362129211425781
-0.131370544433594 -0.0902862548828125 0.0747451782226563 0.068328857421875
-0.0701446533203125 -0.154876708984375 0.088653564453125 0.18341064453125
0.01953125 -0.16351318359375 -0.023590087890625 0.306488037109375
0.019195556640625 -0.259674072265625 0.0199241638183594 0.0693206787109375
-0.0901336669921875 -0.201553344726563 0.0141773223876953 0.0344161987304687
-0.1944580078125 -0.117767333984375 -0.0172529220581055 -0.0111255645751953
-0.184921264648437 0.048309326171875 -0.03863525390625 0.0227851867675781
-0.102645874023437 0.141204833984375 -0.0434989929199219 0.0398788452148438
0.0345611572265625 0.172714233398438 0.00509643554687501 0.0820159912109375
0.105758666992187 0.141921997070313 0.04937744140625 0.0788116455078125
0.0879287719726563 0.135658264160156 0.0495376586914063 0.05419921875
0.108993530273438 0.148223876953125 0.0385971069335938 0.0607566833496094
0.0435943603515625 0.170486450195313 0.0275382995605469 0.0416183471679688
-0.0702056884765625 0.171676635742188 0.0132322311401367 0.00702762603759767
-0.171310424804688 0.0837554931640625 0.0412330627441406 0.00930023193359376
-0.197113037109375 -0.109725952148437 0.09002685546875 0.0523605346679687
-0.12518310546875 -0.20965576171875 0.083282470703125 0.155288696289063
0.000411987304687491 -0.244598388671875 -0.0086212158203125 0.246566772460937
0.00830078125000002 -0.297943115234375 0.0260906219482422 -0.0131645202636719
-0.10870361328125 -0.234710693359375 -0.00343370437622071 -0.00806665420532228
-0.228042602539063 -0.140060424804688 -0.0162744522094727 -0.0146770477294922
-0.2208251953125 0.0510101318359375 -0.0179271697998047 0.0032196044921875
-0.128631591796875 0.157058715820313 -0.034149169921875 -0.00227355957031249
0.025604248046875 0.201751708984375 -0.012939453125 0.0319042205810547
0.10614013671875 0.168243408203125 0.00611495971679688 0.0325298309326172
0.090362548828125 0.1600341796875 0.00490856170654297 0.0143537521362305
0.11627197265625 0.173675537109375 -0.00353050231933593 0.0188655853271484
0.0466766357421875 0.19415283203125 0.0028219223022461 -0.00857305526733397
-0.0783538818359375 0.197906494140625 0.00503540039062499 -0.0380210876464844
-0.190231323242187 0.10626220703125 0.0495491027832031 -0.0223388671875
-0.2340087890625 -0.111770629882813 0.0933685302734375 0.031158447265625
-0.16082763671875 -0.230499267578125 0.0620040893554687 0.111732482910156
-0.0166015625 -0.287841796875 -0.00166320800781249 0.160720825195312
-0.00827026367187501 -0.29144287109375 0.0319137573242188 -0.107795715332031
-0.117141723632813 -0.228622436523438 -0.023651123046875 -0.0612258911132813
-0.226119995117188 -0.133438110351563 -0.017364501953125 -0.021392822265625
-0.2174072265625 0.0508575439453125 0.00248146057128905 -0.019378662109375
-0.12921142578125 0.149612426757813 -0.0213279724121094 -0.0460777282714844
0.01611328125 0.197525024414063 -0.0286407470703125 -0.0251445770263672
0.0918121337890625 0.16778564453125 -0.037139892578125 -0.0201644897460937
0.0797119140625 0.159652709960938 -0.0401077270507813 -0.0281639099121094
0.104583740234375 0.174850463867187 -0.0472831726074219 -0.0257034301757812
0.03839111328125 0.188583374023438 -0.0254631042480469 -0.0579948425292969
-0.0797576904296875 0.189010620117188 -0.00518798828125 -0.0802459716796875
-0.181838989257813 0.10205078125 0.05108642578125 -0.0523338317871094
-0.224884033203125 -0.103805541992187 0.0841064453125 0.0102310180664062
-0.159835815429688 -0.218673706054688 0.0282135009765625 0.0613288879394531
-0.02569580078125 -0.284088134765625 -0.002227783203125 0.0633697509765625
-0.0258331298828125 -0.241256713867188 0.03411865234375 -0.198394775390625
-0.10943603515625 -0.183578491210938 -0.0417098999023438 -0.115631103515625
-0.185012817382812 -0.100753784179688 -0.0208644866943359 -0.0314521789550781
-0.172943115234375 0.0439300537109375 0.016082763671875 -0.0412673950195313
-0.104751586914063 0.116188049316406 -0.00906372070312501 -0.080047607421875
0.00640869140624999 0.160385131835938 -0.0409088134765625 -0.0758056640625
0.0637969970703125 0.140960693359375 -0.0746994018554687 -0.0680465698242187
0.0560836791992188 0.135330200195313 -0.0789642333984375 -0.0662078857421875
0.075592041015625 0.149337768554688 -0.08349609375 -0.0677032470703125
0.0193023681640625 0.15386962890625 -0.0477828979492187 -0.100013732910156
-0.07537841796875 0.145233154296875 -0.0104217529296875 -0.110931396484375
-0.147109985351563 0.0699920654296875 0.051361083984375 -0.0721969604492188
-0.170989990234375 -0.09100341796875 0.0689811706542969 -0.00448989868164063
-0.122177124023438 -0.174957275390625 -0.00561904907226563 0.0133743286132812
-0.0225372314453125 -0.235626220703125 -0.00459098815917969 -0.0299263000488281
-0.0383453369140625 -0.152618408203125 0.0308837890625 -0.273574829101563
-0.0832977294921875 -0.108314514160156 -0.0572662353515625 -0.161209106445313
-0.110870361328125 -0.050048828125 -0.0275421142578125 -0.0408515930175781
-0.0978851318359375 0.0290679931640625 0.0196571350097656 -0.0561370849609375
-0.0608558654785156 0.0639839172363281 -1.52587890625005E-05 -0.0970077514648438
-0.00251007080078125 0.097137451171875 -0.0484542846679688 -0.110313415527344
0.0271377563476563 0.0918426513671875 -0.10052490234375 -0.104736328125
0.0250320434570313 0.089813232421875 -0.105995178222656 -0.0957260131835937
0.0338668823242188 0.102165222167969 -0.106025695800781 -0.102851867675781
-0.00446319580078125 0.0968093872070313 -0.0584945678710938 -0.12921142578125
-0.0622940063476563 0.07916259765625 -0.0068359375 -0.125885009765625
-0.0917434692382813 0.0237045288085937 0.0530471801757812 -0.0783615112304688
-0.0892333984375 -0.0674819946289063 0.0540733337402344 -0.0105476379394531
-0.0636978149414063 -0.106773376464844 -0.0290451049804688 -0.0255813598632813
-0.01568603515625 -0.15130615234375 -0.00421905517578124 -0.103981018066406
-0.0438232421875 -0.0402717590332031 0.02191162109375 -0.319000244140625
-0.0449600219726563 -0.0203666687011719 -0.070465087890625 -0.192047119140625
-0.0241241455078125 0.00552177429199218 -0.0405769348144531 -0.0466117858886719
-0.012141227722168 0.0108585357666016 0.010894775390625 -0.0592803955078125
-0.0105915069580078 0.00453662872314453 0.00357055664062499 -0.094573974609375
-0.0113162994384766 0.0209865570068359 -0.05096435546875 -0.122367858886719
-0.0137348175048828 0.0280876159667969 -0.111061096191406 -0.122123718261719
-0.00975418090820312 0.0303153991699219 -0.117050170898438 -0.111015319824219
-0.0113716125488281 0.0386390686035156 -0.111976623535156 -0.123916625976563
-0.02490234375 0.0263500213623047 -0.05633544921875 -0.142410278320313
-0.0376129150390625 0.00604629516601563 0.00431060791015626 -0.124710083007813
-0.0242290496826172 -0.0172481536865234 0.0561065673828125 -0.0733642578125
-0.00319671630859375 -0.0286464691162109 0.0430107116699219 -0.0102806091308594
-0.00506782531738281 -0.0219993591308594 -0.0370597839355469 -0.05010986328125
-0.0106773376464844 -0.0443115234375 -0.000885009765624992 -0.147796630859375
0.027313232421875 -0.0874557495117188 0.02691650390625 0.1673583984375
-0.0363273620605469 -0.0647926330566406 0.0477523803710938 0.0711212158203125
-0.0776519775390625 -0.0192031860351563 -0.0304889678955078 -0.00668525695800782
-0.0541648864746094 0.0389404296875 -0.0665359497070313 0.06005859375
-0.0115432739257812 0.065826416015625 -0.0359344482421875 0.111518859863281
0.0428085327148438 0.0490379333496094 0.04986572265625 0.144302368164063
0.064788818359375 0.0281753540039063 0.12353515625 0.131607055664063
0.0494804382324219 0.0306434631347656 0.120445251464844 0.109123229980469
0.0560760498046875 0.0332756042480469 0.105140686035156 0.120071411132813
0.0295028686523437 0.0561256408691406 0.0569305419921875 0.121360778808594
-0.0182113647460938 0.062835693359375 0.0155792236328125 0.0837020874023438
-0.0656585693359375 0.0232467651367188 0.01263427734375 0.0586776733398438
-0.060028076171875 -0.0501365661621094 0.059661865234375 0.07855224609375
-0.0172958374023437 -0.07684326171875 0.0939788818359375 0.200302124023438
0.0307655334472656 -0.059967041015625 -0.032501220703125 0.354400634765625
0.02020263671875 -0.195602416992187 0.0235977172851563 0.138343811035156
-0.071685791015625 -0.144302368164063 0.0364036560058594 0.064910888671875
-0.151321411132813 -0.0719451904296875 -0.0227622985839844 -0.00904464721679688
-0.130043029785156 0.0511703491210937 -0.0562210083007813 0.0429344177246094
-0.0601959228515625 0.117218017578125 -0.0457305908203125 0.083038330078125
0.0476531982421875 0.122520446777344 0.0306777954101563 0.125083923339844
0.0991287231445312 0.0928115844726563 0.0964431762695313 0.115501403808594
0.0802078247070313 0.0923233032226562 0.0950851440429687 0.0891876220703125
0.0957412719726563 0.100090026855469 0.0817794799804688 0.0983352661132813
0.04229736328125 0.126197814941406 0.0487594604492188 0.0891265869140625
-0.048095703125 0.130294799804687 0.0173187255859375 0.0506134033203125
-0.131393432617187 0.0591888427734375 0.0297317504882812 0.0380401611328125
-0.1439208984375 -0.0891876220703125 0.0816192626953125 0.0703887939453125
-0.0809326171875 -0.159378051757813 0.100875854492188 0.191543579101563
0.0148773193359375 -0.1746826171875 -0.0145263671875 0.326416015625
0.0122833251953125 -0.276885986328125 0.0245437622070313 0.0753555297851563
-0.0996856689453125 -0.209609985351563 0.0191078186035156 0.0382232666015625
-0.210891723632812 -0.117691040039063 -0.018362045288086 -0.0112953186035156
-0.193511962890625 0.05718994140625 -0.0397720336914063 0.0254135131835938
-0.104110717773438 0.154037475585938 -0.0454483032226563 0.0452117919921875
0.044586181640625 0.18072509765625 0.00984191894531249 0.0874252319335938
0.118728637695312 0.144485473632813 0.0563507080078125 0.081787109375
0.0988845825195313 0.140121459960938 0.0544700622558594 0.0561752319335938
0.122390747070313 0.150985717773438 0.0446281433105469 0.0638427734375
0.053802490234375 0.177719116210938 0.03033447265625 0.0440788269042969
-0.0656280517578125 0.184478759765625 0.0136508941650391 0.00762844085693361
-0.17828369140625 0.0955352783203125 0.0434112548828125 0.00895690917968751
-0.214401245117188 -0.108261108398438 0.0966262817382812 0.0532150268554687
-0.1412353515625 -0.215545654296875 0.0944976806640625 0.162307739257813
-0.007171630859375 -0.261337280273438 -0.00126647949218748 0.261444091796875
-0.000671386718750013 -0.318817138671875 0.0277309417724609 -0.0122928619384766
-0.12115478515625 -0.24603271484375 -0.00209665298461915 -0.00633811950683595
-0.24786376953125 -0.140182495117188 -0.0180549621582031 -0.0149326324462891
-0.231842041015625 0.0622711181640625 -0.0189418792724609 0.00439834594726563
-0.13116455078125 0.171783447265625 -0.0373306274414063 0.000488281250000007
0.0361785888671875 0.211517333984375 -0.0102558135986328 0.0350494384765625
0.12030029296875 0.173171997070313 0.0093059539794922 0.033966064453125
0.102798461914063 0.166061401367188 0.00614356994628907 0.015101432800293
0.130966186523438 0.178192138671875 -0.00146675109863281 0.0210094451904297
0.057830810546875 0.203231811523438 0.00237321853637696 -0.00850629806518553
-0.0742645263671875 0.21246337890625 0.00405120849609375 -0.0397796630859375
-0.19866943359375 0.119400024414062 0.0506629943847656 -0.0247879028320312
-0.253982543945313 -0.109039306640625 0.0990219116210937 0.030426025390625
-0.179092407226563 -0.237228393554687 0.0696487426757812 0.116943359375
-0.027496337890625 -0.306396484375 0.0028228759765625 0.170639038085937
-0.017791748046875 -0.312744140625 0.031158447265625 -0.113021850585938
-0.130966186523438 -0.240097045898438 -0.0260276794433594 -0.062225341796875
-0.246810913085937 -0.134170532226563 -0.0201187133789063 -0.0225009918212891
-0.229156494140625 0.062469482421875 0.00115776062011717 -0.0200576782226562
-0.132797241210937 0.164413452148438 -0.0248565673828125 -0.0460166931152344
0.0260009765625 0.208297729492188 -0.0292644500732422 -0.0239162445068359
0.10540771484375 0.174270629882813 -0.0389137268066406 -0.0196113586425781
0.0915069580078125 0.166778564453125 -0.043365478515625 -0.0282058715820312
0.119613647460938 0.179412841796875 -0.0497093200683594 -0.0245590209960937
0.0495758056640625 0.1971435546875 -0.0289039611816406 -0.059967041015625
-0.0763092041015625 0.203948974609375 -0.00865936279296876 -0.0833969116210937
-0.189254760742188 0.115158081054687 0.051788330078125 -0.0566291809082031
-0.244537353515625 -0.101318359375 0.0887298583984375 0.00855255126953124
-0.178314208984375 -0.22442626953125 0.0311965942382812 0.0650672912597656
-0.03582763671875 -0.302978515625 -0.00189971923828125 0.0668373107910156
-0.0341339111328125 -0.258224487304688 0.0302886962890625 -0.210052490234375
-0.120941162109375 -0.193084716796875 -0.0481414794921875 -0.119178771972656
-0.202041625976563 -0.100906372070313 -0.0238704681396485 -0.0327053070068359
-0.182403564453125 0.052581787109375 0.0149078369140625 -0.0436668395996094
-0.1080322265625 0.128486633300781 -0.012664794921875 -0.082916259765625
0.0140380859375 0.169845581054687 -0.04412841796875 -0.07696533203125
0.0746307373046875 0.147171020507813 -0.0806427001953125 -0.0694961547851562
0.065948486328125 0.142181396484375 -0.0863189697265625 -0.0680389404296875
0.0870513916015625 0.154586791992188 -0.08990478515625 -0.068328857421875
0.02783203125 0.161666870117188 -0.0539627075195313 -0.103950500488281
-0.073516845703125 0.157943725585938 -0.0149688720703125 -0.1162109375
-0.15435791015625 0.079681396484375 0.0510177612304687 -0.0775985717773438
-0.186416625976563 -0.09051513671875 0.0717620849609375 -0.00669097900390626
-0.136001586914062 -0.181106567382813 -0.00697803497314454 0.0156068801879883
-0.0314178466796875 -0.25189208984375 -0.00726890563964844 -0.0320777893066406
-0.045196533203125 -0.163681030273438 0.023681640625 -0.28948974609375
-0.0918502807617187 -0.113945007324219 -0.0666656494140625 -0.168411254882813
-0.121604919433594 -0.0501785278320312 -0.0316390991210938 -0.0425605773925781
-0.103584289550781 0.0345840454101562 0.0174713134765625 -0.0596771240234375
-0.0637130737304688 0.0712814331054687 -0.0040740966796875 -0.10150146484375
0.00147247314453126 0.103851318359375 -0.0541839599609375 -0.113449096679688
0.03399658203125 0.0972213745117188 -0.110336303710938 -0.106796264648437
0.03155517578125 0.095184326171875 -0.116302490234375 -0.0977935791015625
0.0416336059570313 0.106597900390625 -0.115425109863281 -0.104499816894531
0.000457763671874994 0.102828979492188 -0.066436767578125 -0.134521484375
-0.0626754760742187 0.0874404907226563 -0.011627197265625 -0.132186889648438
-0.097137451171875 0.0294570922851563 0.052825927734375 -0.0844497680664063
-0.0982589721679688 -0.0691757202148438 0.0554428100585937 -0.0131187438964844
-0.0715866088867187 -0.111419677734375 -0.0335254669189453 -0.0246429443359375
-0.021392822265625 -0.1619873046875 -0.00917816162109376 -0.110404968261719
-0.045654296875 -0.043731689453125 0.012420654296875 -0.338043212890625
-0.0482978820800781 -0.0221748352050781 -0.0822296142578125 -0.200424194335938
-0.0269393920898438 0.00469970703125 -0.0451774597167969 -0.0481033325195313
-0.0138816833496094 0.0121917724609375 0.00811386108398438 -0.0630912780761719
-0.0125017166137695 0.0052947998046875 0.00036621093750001 -0.0996856689453125
-0.0111026763916016 0.0232410430908203 -0.0571975708007813 -0.127418518066406
-0.01226806640625 0.03155517578125 -0.122482299804688 -0.124832153320312
-0.00818824768066406 0.0336627960205078 -0.127944946289063 -0.113250732421875
-0.00932693481445313 0.0423660278320313 -0.122947692871094 -0.126663208007813
-0.0247726440429688 0.0301055908203125 -0.06439208984375 -0.148513793945312
-0.0400123596191406 0.00965499877929688 0.000106811523437506 -0.131004333496094
-0.0272083282470703 -0.0164146423339844 0.0563125610351563 -0.0797119140625
-0.00519752502441406 -0.0311203002929687 0.0436515808105469 -0.0129814147949219
-0.00695037841796875 -0.0247898101806641 -0.0434532165527344 -0.0512199401855469
-0.0127906799316406 -0.0494575500488281 -0.00732421875 -0.157257080078125
0.0217742919921875 -0.0917205810546875 0.0395965576171875 0.174667358398437
-0.0396537780761719 -0.0643997192382813 0.057525634765625 0.0714340209960938
-0.080169677734375 -0.01483154296875 -0.0311412811279297 -0.00506782531738281
-0.0532417297363281 0.0435104370117188 -0.0639991760253906 0.0662155151367188
-0.00748443603515624 0.0692214965820313 -0.0306167602539063 0.118621826171875
0.0478134155273437 0.0469703674316406 0.06158447265625 0.146575927734375
0.0687675476074219 0.0231056213378906 0.1378173828125 0.128799438476563
0.0527381896972656 0.0275459289550781 0.133094787597656 0.10662841796875
0.0601005554199219 0.0294036865234375 0.1180419921875 0.119255065917969
0.0340843200683594 0.0556144714355469 0.0665969848632813 0.123626708984375
-0.0137596130371094 0.0657272338867188 0.0209732055664062 0.0863037109375
-0.0658187866210938 0.0289764404296875 0.0164756774902344 0.0603141784667969
-0.0660018920898438 -0.046722412109375 0.06829833984375 0.0780258178710938
-0.0233306884765625 -0.07672119140625 0.112701416015625 0.20220947265625
0.0277633666992188 -0.064178466796875 -0.01055908203125 0.37158203125
0.007415771484375 -0.205642700195313 0.0340728759765625 0.145492553710938
-0.0812225341796875 -0.145050048828125 0.0448188781738281 0.0668983459472656
-0.161712646484375 -0.0650482177734375 -0.0237655639648438 -0.00817298889160157
-0.131324768066406 0.0611038208007812 -0.0547752380371094 0.0483474731445313
-0.0549545288085938 0.12615966796875 -0.0419158935546875 0.09063720703125
0.0581436157226562 0.123069763183594 0.0406341552734375 0.128334045410156
0.109687805175781 0.0885162353515625 0.108711242675781 0.113845825195312
0.0896072387695313 0.0907669067382813 0.105072021484375 0.0873641967773438
0.105873107910156 0.0965499877929688 0.0927886962890625 0.0986557006835938
0.052734375 0.127334594726563 0.0562286376953125 0.09033203125
-0.0398788452148438 0.138252258300781 0.020416259765625 0.05194091796875
-0.133087158203125 0.0704345703125 0.03289794921875 0.0382041931152344
-0.157257080078125 -0.082366943359375 0.0897140502929687 0.0689926147460938
-0.0952301025390625 -0.1588134765625 0.118865966796875 0.193572998046875
0.00439453125000002 -0.18426513671875 0.00573730468749999 0.341094970703125
-0.00555419921875002 -0.291717529296875 0.0306396484375 0.079925537109375
-0.114425659179688 -0.212997436523438 0.0248794555664062 0.0407142639160156
-0.228439331054688 -0.108840942382812 -0.0202732086181641 -0.0105876922607422
-0.197845458984375 0.071990966796875 -0.0395011901855469 0.0291671752929688
-0.09869384765625 0.168060302734375 -0.0446014404296875 0.0521278381347656
0.0589599609375 0.183441162109375 0.01727294921875 0.0906753540039063
0.133804321289063 0.14129638671875 0.0654754638671875 0.0812835693359375
0.112342834472656 0.139106750488281 0.0608863830566406 0.055389404296875
0.138031005859375 0.147628784179688 0.0519447326660156 0.0646896362304688
0.0682373046875 0.180511474609375 0.0340347290039063 0.0444221496582031
-0.0551300048828125 0.1961669921875 0.0142898559570312 0.00740242004394532
-0.18035888671875 0.112030029296875 0.0456008911132812 0.00771331787109376
-0.232986450195313 -0.0977020263671875 0.103790283203125 0.0503082275390625
-0.161056518554688 -0.213623046875 0.109512329101562 0.16351318359375
-0.0241546630859375 -0.274688720703125 0.014190673828125 0.273330688476563
-0.02032470703125 -0.33502197265625 0.0292301177978516 -0.012166976928711
-0.139511108398438 -0.249679565429687 -0.000695228576660164 -0.00415468215942384
-0.268356323242188 -0.13116455078125 -0.0204868316650391 -0.0147304534912109
-0.23760986328125 0.079345703125 -0.0196418762207031 0.00659942626953126
-0.126266479492188 0.189254760742187 -0.0392990112304688 0.00486755371093752
0.0524139404296875 0.216827392578125 -0.00638198852539062 0.0377006530761719
0.138076782226562 0.171157836914063 0.0135326385498047 0.0344581604003906
0.118865966796875 0.166275024414063 0.00779247283935548 0.0150232315063477
0.149826049804688 0.175384521484375 0.00111579895019532 0.0228176116943359
0.0751800537109375 0.206756591796875 0.00188541412353516 -0.00840187072753905
-0.06231689453125 0.226303100585938 0.00110626220703125 -0.0412368774414062
-0.200439453125 0.137908935546875 0.0508346557617187 -0.0279808044433594
-0.273880004882813 -0.09710693359375 0.104347229003906 0.0261764526367187
-0.202407836914062 -0.23431396484375 0.0799102783203125 0.118598937988281
-0.047454833984375 -0.321929931640625 0.0120697021484375 0.17779541015625
-0.037322998046875 -0.328369140625 0.0261917114257812 -0.117721557617188
-0.150253295898438 -0.244598388671875 -0.0294303894042969 -0.061279296875
-0.269378662109375 -0.12469482421875 -0.0234718322753906 -0.022308349609375
-0.23602294921875 0.0793304443359376 -0.000881195068359388 -0.0201816558837891
-0.129074096679688 0.18145751953125 -0.0292472839355469 -0.0437088012695312
0.0417938232421875 0.214752197265625 -0.0294227600097656 -0.0225048065185547
0.123321533203125 0.1737060546875 -0.0403518676757813 -0.0180244445800781
0.107162475585938 0.168701171875 -0.0470771789550781 -0.0275039672851563
0.137527465820313 0.177322387695313 -0.0515060424804687 -0.0220794677734375
0.0656890869140625 0.201812744140625 -0.0337753295898438 -0.060333251953125
-0.0650482177734375 0.217514038085938 -0.0143585205078125 -0.086334228515625
-0.19140625 0.132644653320312 0.0494613647460937 -0.0612945556640625
-0.26318359375 -0.0901336669921875 0.0917129516601562 0.00411987304687499
-0.199844360351563 -0.222015380859375 0.0356864929199219 0.0668601989746094
-0.0562744140625 -0.317626953125 0.00112533569335937 0.0697212219238281
-0.0512847900390625 -0.271026611328125 0.019134521484375 -0.219818115234375
-0.137985229492188 -0.196014404296875 -0.0575332641601563 -0.12005615234375
-0.220123291015625 -0.093963623046875 -0.0285434722900391 -0.0323429107666016
-0.188949584960938 0.0670166015625 0.0111312866210937 -0.0453033447265625
-0.1055908203125 0.142684936523438 -0.0190277099609375 -0.0835723876953125
0.02728271484375 0.176498413085938 -0.04852294921875 -0.07708740234375
0.0896759033203125 0.14892578125 -0.0876922607421875 -0.067657470703125
0.0791778564453125 0.14453125 -0.0943603515625 -0.0659713745117187
0.10308837890625 0.154510498046875 -0.09674072265625 -0.065582275390625
0.0408172607421875 0.166213989257813 -0.062347412109375 -0.104499816894531
-0.0656585693359375 0.169570922851563 -0.0230560302734375 -0.119155883789062
-0.157196044921875 0.0937042236328125 0.0477294921875 -0.083099365234375
-0.201766967773438 -0.08294677734375 0.0730438232421875 -0.0104598999023438
-0.154159545898437 -0.179244995117188 -0.00779914855957032 0.0180187225341797
-0.0481414794921875 -0.264419555664063 -0.0108413696289063 -0.0334224700927735
-0.0565338134765625 -0.171035766601562 0.00698852539062498 -0.303131103515625
-0.102912902832031 -0.115875244140625 -0.080902099609375 -0.170120239257813
-0.133270263671875 -0.0464630126953125 -0.0375328063964844 -0.0423011779785156
-0.107292175292969 0.0432357788085937 0.0128517150878906 -0.0624198913574219
-0.0635452270507812 0.080169677734375 -0.0109176635742188 -0.104774475097656
0.00932312011718749 0.10882568359375 -0.06182861328125 -0.114608764648438
0.04339599609375 0.0997314453125 -0.120880126953125 -0.103935241699219
0.03997802734375 0.0975570678710938 -0.127998352050781 -0.095703125
0.0513458251953125 0.108718872070313 -0.12646484375 -0.101570129394531
0.00844573974609375 0.107284545898438 -0.0771102905273438 -0.135650634765625
-0.0594558715820312 0.0964279174804687 -0.020782470703125 -0.135993957519531
-0.100631713867187 0.037689208984375 0.0487594604492188 -0.091339111328125
-0.108627319335937 -0.066650390625 0.0560226440429687 -0.0161399841308594
-0.0821914672851562 -0.111892700195313 -0.0384254455566406 -0.0223350524902344
-0.03179931640625 -0.171005249023438 -0.017852783203125 -0.115531921386719
-0.0494003295898437 -0.0445022583007813 -0.00784301757812503 -0.35308837890625
-0.0524063110351563 -0.0217018127441406 -0.099945068359375 -0.204086303710938
-0.0294437408447266 0.00490570068359376 -0.0515289306640625 -0.0468101501464844
-0.0150365829467773 0.0133867263793945 0.00313186645507813 -0.0651473999023438
-0.0134859085083008 0.00754165649414063 -0.00586700439453126 -0.103889465332031
-0.00992012023925781 0.0256061553955078 -0.06634521484375 -0.1287841796875
-0.00929641723632812 0.0353965759277344 -0.135780334472656 -0.122177124023438
-0.00565338134765625 0.0364570617675781 -0.141571044921875 -0.1107177734375
-0.00641250610351563 0.0455093383789062 -0.136390686035156 -0.124534606933594
-0.0228462219238281 0.0337047576904297 -0.076751708984375 -0.150482177734375
-0.0409889221191406 0.0140457153320313 -0.00819396972656249 -0.136024475097656
-0.03076171875 -0.0146675109863281 0.0528182983398437 -0.0865936279296875
-0.00901603698730469 -0.0333499908447266 0.0431900024414063 -0.0158042907714844
-0.00942230224609375 -0.0269660949707031 -0.0505027770996094 -0.0494461059570312
-0.0163841247558594 -0.0529632568359375 -0.0186767578125 -0.164932250976563
0.0147552490234375 -0.0927352905273438 0.05206298828125 0.175979614257812
-0.0428466796875 -0.0608673095703125 0.0648307800292969 0.0686264038085938
-0.0806045532226562 -0.00924682617187498 -0.0313148498535156 -0.00345039367675781
-0.0501670837402344 0.0470924377441406 -0.0592575073242188 0.0705337524414063
-0.00165557861328125 0.0699043273925781 -0.0219650268554688 0.122177124023437
0.0511474609375 0.0426063537597656 0.0719451904296875 0.143264770507813
0.0696983337402344 0.0173606872558594 0.1483154296875 0.119491577148438
0.05419921875 0.0237388610839844 0.141891479492187 0.09893798828125
0.0621681213378906 0.0238761901855469 0.128585815429688 0.11370849609375
0.0379447937011719 0.0522880554199219 0.0755462646484375 0.12103271484375
-0.008453369140625 0.0658760070800781 0.0257568359375 0.085845947265625
-0.0645294189453125 0.0340347290039063 0.0210189819335937 0.0604705810546875
-0.06927490234375 -0.0403938293457031 0.0750579833984375 0.0738754272460937
-0.0292510986328125 -0.0737457275390625 0.128646850585938 0.195831298828125
0.0228996276855469 -0.0665779113769531 0.01434326171875 0.376251220703125
-0.00663757324218749 -0.208053588867187 0.044830322265625 0.147506713867188
-0.0896148681640625 -0.14111328125 0.0525665283203125 0.0651512145996094
-0.166854858398438 -0.0540924072265625 -0.0248584747314453 -0.00709724426269532
-0.128196716308594 0.0697402954101563 -0.0511550903320312 0.0528106689453125
-0.0465011596679687 0.131011962890625 -0.0360794067382812 0.0953750610351563
0.0677947998046875 0.11822509765625 0.0500030517578125 0.126693725585938
0.116661071777344 0.079742431640625 0.118484497070313 0.107101440429687
0.096343994140625 0.08489990234375 0.112281799316406 0.0818023681640625
0.1138916015625 0.087646484375 0.101654052734375 0.0942535400390625
0.06243896484375 0.123275756835938 0.0622406005859375 0.0882110595703125
-0.0293731689453125 0.141494750976563 0.0241889953613281 0.0511054992675781
-0.130180358886719 0.0813140869140625 0.035797119140625 0.0376434326171875
-0.164947509765625 -0.071044921875 0.0958099365234375 0.0634994506835938
-0.106796264648438 -0.151397705078125 0.13372802734375 0.186721801757813
-0.00856018066406251 -0.1873779296875 0.02789306640625 0.344573974609375
-0.025634765625 -0.295074462890625 0.0369796752929687 0.0817184448242187
-0.128067016601562 -0.208328247070313 0.0303878784179687 0.0408554077148437
-0.238311767578125 -0.093658447265625 -0.0219802856445313 -0.0096569061279297
-0.19525146484375 0.0853729248046875 -0.0375938415527344 0.0326576232910156
-0.0882415771484375 0.177352905273438 -0.0416221618652344 0.0575447082519531
0.0730438232421875 0.179107666015625 0.0250320434570313 0.0897598266601563
0.14569091796875 0.131362915039063 0.0729217529296875 0.0771942138671875
0.123458862304688 0.132659912109375 0.0655288696289063 0.0519676208496094
0.1502685546875 0.136810302734375 0.0583953857421875 0.0627555847167969
0.0822601318359375 0.17596435546875 0.0370025634765625 0.0430908203125
-0.0407562255859375 0.201385498046875 0.0142927169799805 0.00735378265380861
-0.174697875976563 0.126312255859375 0.0463066101074219 0.00598526000976563
-0.242721557617188 -0.0809783935546875 0.10809326171875 0.0444793701171875
-0.176895141601563 -0.203094482421875 0.1214599609375 0.158294677734375
-0.0435791015625 -0.278060913085938 0.0314788818359375 0.275115966796875
-0.043853759765625 -0.33917236328125 0.0296955108642578 -0.0115280151367188
-0.156341552734375 -0.244827270507813 0.00100064277648925 -0.00225329399108888
-0.28216552734375 -0.11407470703125 -0.0226631164550781 -0.0135555267333984
-0.235137939453125 0.0962371826171875 -0.0195083618164063 0.00905036926269532
-0.115310668945313 0.20123291015625 -0.0393142700195313 0.0102005004882813
0.06939697265625 0.21405029296875 -0.00202941894531249 0.0382957458496094
0.153106689453125 0.162139892578125 0.0172080993652344 0.0340480804443359
0.132003784179688 0.1597900390625 0.00853061676025391 0.0148105621337891
0.164276123046875 0.164459228515625 0.00404930114746095 0.0232486724853516
0.091461181640625 0.20159912109375 0.00123119354248047 -0.00806522369384765
-0.046600341796875 0.232177734375 -0.00218963623046875 -0.0412673950195312
-0.19384765625 0.154144287109375 0.0490989685058594 -0.0305900573730469
-0.2850341796875 -0.0780029296874999 0.106689453125 0.0210113525390625
-0.219314575195312 -0.221786499023438 0.0885086059570312 0.115066528320312
-0.069427490234375 -0.325439453125 0.0233154296875 0.179244995117188
-0.059661865234375 -0.333160400390625 0.018951416015625 -0.118492126464844
-0.167510986328125 -0.239425659179688 -0.0323829650878906 -0.05841064453125
-0.28326416015625 -0.107818603515625 -0.02630615234375 -0.0206832885742188
-0.234466552734375 0.0964355468750001 -0.00326538085937501 -0.0188941955566406
-0.118545532226563 0.194229125976563 -0.0324630737304688 -0.0394744873046875
0.0582275390625 0.213180541992188 -0.0292587280273438 -0.020853042602539
0.138595581054688 0.166000366210938 -0.0411491394042969 -0.0157089233398437
0.120773315429688 0.162841796875 -0.049560546875 -0.0244483947753906
0.15283203125 0.168380737304688 -0.0520553588867187 -0.0185165405273437
0.0809173583984375 0.198013305664063 -0.0381126403808594 -0.0581932067871094
-0.049560546875 0.224533081054688 -0.020599365234375 -0.0853195190429687
-0.185073852539063 0.14788818359375 0.0450973510742187 -0.0637130737304687
-0.273941040039062 -0.0725860595703124 0.0922393798828125 -0.000495910644531254
-0.216461181640625 -0.209732055664063 0.0404129028320312 0.0668830871582031
-0.077972412109375 -0.321075439453125 0.00512313842773436 0.0702781677246094
-0.06976318359375 -0.273818969726563 0.0057830810546875 -0.222030639648438
-0.15203857421875 -0.191909790039063 -0.0655746459960937 -0.115943908691406
-0.232208251953125 -0.08038330078125 -0.0326042175292969 -0.0306892395019531
-0.187637329101563 0.0805511474609375 0.00741958618164061 -0.0452728271484375
-0.098175048828125 0.153915405273438 -0.0250015258789063 -0.0811996459960937
0.0408477783203125 0.175506591796875 -0.0519332885742188 -0.07501220703125
0.103118896484375 0.143402099609375 -0.0922927856445313 -0.0623855590820312
0.0916519165039063 0.140357971191406 -0.10028076171875 -0.0607833862304687
0.115554809570313 0.147689819335938 -0.10089111328125 -0.0595855712890625
0.0543975830078125 0.164382934570313 -0.0701141357421875 -0.101097106933594
-0.05413818359375 0.17694091796875 -0.0319595336914063 -0.117568969726562
-0.1527099609375 0.10595703125 0.0420150756835938 -0.0861358642578125
-0.211135864257813 -0.0699615478515625 0.0721282958984375 -0.0137252807617188
-0.167388916015625 -0.170730590820313 -0.00746345520019532 0.0203113555908203
-0.0666961669921875 -0.268112182617188 -0.0142288208007813 -0.033346176147461
-0.0680999755859375 -0.1719970703125 -0.012115478515625 -0.305572509765625
-0.112190246582031 -0.112411499023438 -0.0930938720703125 -0.165878295898438
-0.1405029296875 -0.0388870239257813 -0.0423240661621094 -0.0394668579101563
-0.107460021972656 0.051727294921875 0.00753784179687499 -0.0624046325683594
-0.0592498779296875 0.0867996215820312 -0.01763916015625 -0.103462219238281
0.0180587768554688 0.10943603515625 -0.0679092407226563 -0.112205505371094
0.0531692504882812 0.0981826782226563 -0.128944396972656 -0.09674072265625
0.0483474731445313 0.096771240234375 -0.135917663574219 -0.0880813598632812
0.0608367919921875 0.105728149414063 -0.134117126464844 -0.0938491821289063
0.0166473388671875 0.107559204101563 -0.0874176025390625 -0.131881713867188
-0.052825927734375 0.102577209472656 -0.0299453735351563 -0.1351318359375
-0.100196838378906 0.0460433959960938 0.042572021484375 -0.09442138671875
-0.116111755371094 -0.0606842041015625 0.0543098449707031 -0.0189857482910156
-0.0914077758789063 -0.108139038085938 -0.0416069030761719 -0.0182914733886719
-0.0442657470703125 -0.173751831054688 -0.0269699096679687 -0.116378784179688
-0.0522613525390625 -0.0441665649414063 -0.03118896484375 -0.356048583984375
-0.0550308227539063 -0.0202980041503906 -0.11578369140625 -0.19891357421875
-0.0317726135253906 0.00554847717285156 -0.0570106506347656 -0.0435371398925781
-0.0153923034667969 0.0149288177490234 -0.00250244140625 -0.0649871826171875
-0.0146198272705078 0.00920391082763671 -0.0121841430664062 -0.10394287109375
-0.00783348083496094 0.0275917053222656 -0.074554443359375 -0.126106262207031
-0.00557708740234375 0.0372276306152344 -0.145492553710937 -0.113784790039063
-0.00212478637695312 0.0381965637207031 -0.1514892578125 -0.102798461914063
-0.002044677734375 0.0469932556152344 -0.146255493164063 -0.1168212890625
-0.0199127197265625 0.0359687805175781 -0.0867767333984375 -0.14703369140625
-0.0401458740234375 0.0184860229492188 -0.016815185546875 -0.135978698730469
-0.0329971313476563 -0.0115604400634766 0.0464553833007813 -0.0909042358398437
-0.0128307342529297 -0.0342063903808594 0.0410079956054687 -0.0179252624511719
-0.0123805999755859 -0.0272998809814453 -0.0562400817871094 -0.04510498046875
-0.0207290649414063 -0.0547943115234375 -0.031219482421875 -0.166046142578125
0.00972747802734375 -0.0910186767578125 0.0602569580078125 0.174209594726563
-0.0433769226074219 -0.0577583312988281 0.0692710876464844 0.0651664733886719
-0.0788116455078125 -0.00535583496093752 -0.0306529998779297 -0.00283432006835938
-0.0469245910644531 0.0477981567382813 -0.0542526245117188 0.0716476440429688
0.00268936157226562 0.0685997009277344 -0.0163726806640625 0.121818542480469
0.0521621704101563 0.0383071899414063 0.076751708984375 0.137763977050781
0.0681419372558594 0.0122146606445313 0.152053833007813 0.111282348632813
0.0536422729492188 0.0202560424804688 0.1456298828125 0.0927276611328125
0.0616798400878906 0.019622802734375 0.132743835449219 0.107673645019531
0.0399093627929688 0.0489006042480469 0.0798416137695312 0.11712646484375
-0.00448226928710938 0.0646286010742188 0.0292739868164063 0.0843353271484375
-0.0618553161621094 0.0372314453125 0.0239830017089844 0.058837890625
-0.0700645446777344 -0.0354499816894531 0.078155517578125 0.0686721801757813
-0.0318794250488281 -0.069793701171875 0.136337280273438 0.186264038085938
0.0189285278320313 -0.0665397644042969 0.030792236328125 0.37139892578125
-0.017181396484375 -0.205154418945313 0.052154541015625 0.14727783203125
-0.0935134887695313 -0.135826110839844 0.0574188232421875 0.0629348754882812
-0.167282104492188 -0.0462799072265625 -0.0247669219970703 -0.00626182556152344
-0.123367309570313 0.0743484497070313 -0.0479621887207031 0.0540580749511719
-0.0389938354492188 0.132331848144531 -0.031097412109375 0.096893310546875
0.072509765625 0.111854553222656 0.0560455322265625 0.122161865234375
0.118324279785156 0.0719223022460938 0.122703552246094 0.10003662109375
0.0987930297851563 0.0787582397460938 0.115058898925781 0.0764389038085938
0.116264343261719 0.0799331665039063 0.105972290039063 0.0894546508789062
0.0678482055664063 0.117561340332031 0.0652999877929688 0.0855865478515625
-0.0219268798828125 0.140235900878906 0.0248374938964844 0.0500068664550781
-0.12493896484375 0.0867385864257813 0.0374107360839844 0.0365447998046875
-0.166213989257813 -0.0607147216796875 0.0982208251953125 0.0588455200195312
-0.112075805664063 -0.142913818359375 0.14129638671875 0.178390502929688
-0.01763916015625 -0.185653686523438 0.0423583984375 0.340057373046875
-0.039581298828125 -0.29229736328125 0.0417022705078125 0.0823287963867187
-0.134185791015625 -0.200851440429688 0.0346603393554688 0.0402679443359375
-0.240097045898437 -0.0818328857421875 -0.0228385925292969 -0.00857162475585938
-0.188980102539063 0.0929718017578125 -0.0354766845703125 0.0346565246582031
-0.079071044921875 0.180252075195313 -0.0379409790039063 0.0602226257324219
0.080841064453125 0.171722412109375 0.0297927856445313 0.0874252319335938
0.150390625 0.120574951171875 0.0761947631835938 0.0725479125976563
0.12841796875 0.125137329101563 0.0668144226074219 0.0490760803222656
0.154815673828125 0.126449584960938 0.0620841979980469 0.06011962890625
0.0902557373046875 0.1685791015625 0.0380477905273438 0.0417861938476563
-0.0306854248046875 0.200271606445313 0.0136690139770508 0.0066356658935547
-0.167800903320313 0.133499145507812 0.0461311340332031 0.00518417358398438
-0.244705200195312 -0.067626953125 0.109397888183594 0.0397567749023437
-0.183639526367188 -0.191299438476563 0.127548217773438 0.1510009765625
-0.055755615234375 -0.275222778320313 0.0427398681640625 0.27105712890625
-0.059173583984375 -0.335906982421875 0.0295333862304687 -0.0100440979003906
-0.164169311523437 -0.237335205078125 0.00342106819152831 -0.00112771987915041
-0.286285400390625 -0.10015869140625 -0.0247745513916016 -0.0119419097900391
-0.229202270507813 0.106063842773437 -0.0196056365966797 0.0108375549316406
-0.10491943359375 0.205841064453125 -0.0380477905273438 0.0138778686523438
0.0795440673828125 0.206161499023437 0.00122451782226563 0.0370063781738281
0.160247802734375 0.151412963867188 0.019338607788086 0.0324554443359375
0.138870239257813 0.152557373046875 0.00928592681884766 0.0144052505493164
0.170608520507813 0.153594970703125 0.00697517395019532 0.0231895446777344
0.100265502929688 0.193603515625 7.34329223632876E-05 -0.00755262374877928
-0.0343170166015625 0.23175048828125 -0.00495147705078125 -0.0401420593261719
-0.185501098632812 0.162155151367187 0.0471153259277344 -0.0308189392089844
-0.286346435546875 -0.063812255859375 0.106849670410156 0.017364501953125
-0.22576904296875 -0.208099365234375 0.0924301147460937 0.110565185546875
-0.084442138671875 -0.32183837890625 0.029754638671875 0.176467895507812
-0.074951171875 -0.330108642578125 0.0145339965820312 -0.116127014160156
-0.1754150390625 -0.232086181640625 -0.0331535339355469 -0.0547714233398438
-0.28790283203125 -0.094207763671875 -0.0291023254394531 -0.0187568664550781
-0.228988647460937 0.106857299804688 -0.00453662872314454 -0.0169515609741211
-0.109024047851562 0.19989013671875 -0.0340538024902344 -0.0358772277832031
0.068389892578125 0.206558227539063 -0.0278701782226562 -0.0205726623535156
0.146270751953125 0.156219482421875 -0.0400924682617187 -0.0139503479003906
0.1278076171875 0.155715942382813 -0.0505790710449219 -0.0224113464355469
0.159347534179688 0.157669067382813 -0.0512886047363281 -0.0164299011230469
0.0906524658203125 0.190444946289063 -0.0403785705566406 -0.0556678771972656
-0.038360595703125 0.224258422851563 -0.0249557495117188 -0.0826416015625
-0.177810668945313 0.1556396484375 0.0418701171875 -0.06390380859375
-0.275604248046875 -0.0594024658203125 0.0909881591796875 -0.00327301025390625
-0.222366333007813 -0.197311401367188 0.0425338745117187 0.06524658203125
-0.092071533203125 -0.31781005859375 0.00687408447265624 0.0691070556640625
-0.0814971923828125 -0.271377563476563 -0.00389099121093752 -0.219070434570313
-0.159423828125 -0.185440063476562 -0.0691757202148438 -0.111297607421875
-0.236679077148438 -0.0694122314453124 -0.0353660583496094 -0.0277328491210938
-0.183349609375 0.0893402099609375 0.00443649291992187 -0.0434379577636719
-0.0910491943359375 0.1585693359375 -0.0278472900390625 -0.0776443481445312
0.0489959716796875 0.1705322265625 -0.053131103515625 -0.0725479125976562
0.110588073730469 0.136421203613281 -0.0931396484375 -0.0577926635742187
0.0985183715820312 0.135643005371094 -0.102371215820312 -0.0561676025390625
0.122543334960938 0.1392822265625 -0.101806640625 -0.0548629760742188
0.0616302490234375 0.158645629882813 -0.0741653442382813 -0.0971603393554688
-0.04437255859375 0.177902221679688 -0.036712646484375 -0.114578247070312
-0.147506713867188 0.113082885742188 0.036956787109375 -0.0861892700195312
-0.213668823242188 -0.05975341796875 0.0704879760742187 -0.0155029296875
-0.172515869140625 -0.16143798828125 -0.00680541992187501 0.0220718383789062
-0.0786590576171875 -0.265167236328125 -0.0163478851318359 -0.0327911376953125
-0.07525634765625 -0.170333862304688 -0.0250244140625 -0.302001953125
-0.116806030273438 -0.108757019042969 -0.0995941162109375 -0.159164428710938
-0.143508911132813 -0.03302001953125 -0.0452346801757813 -0.0362625122070313
-0.105667114257812 0.0569076538085937 0.00387191772460936 -0.0603523254394531
-0.0560379028320313 0.0905532836914062 -0.021453857421875 -0.100296020507813
0.0235519409179688 0.107170104980469 -0.070465087890625 -0.108772277832031
0.0588302612304688 0.0942001342773438 -0.131820678710937 -0.089996337890625
0.0537490844726563 0.0942001342773438 -0.139503479003906 -0.0815505981445313
0.0665817260742188 0.101165771484375 -0.136627197265625 -0.0875244140625
0.0222854614257812 0.105293273925781 -0.0921173095703125 -0.126724243164063
-0.0462875366210938 0.104957580566406 -0.0358810424804687 -0.131813049316406
-0.09832763671875 0.050689697265625 0.0372848510742187 -0.0949478149414063
-0.119361877441406 -0.0549468994140625 0.0518569946289062 -0.0192642211914063
-0.0949859619140625 -0.103073120117188 -0.0427055358886719 -0.0145835876464844
-0.0523834228515625 -0.172775268554688 -0.0328216552734375 -0.1143798828125
-0.0528640747070313 -0.0439186096191406 -0.0458984375 -0.351470947265625
-0.0563430786132812 -0.0188560485839844 -0.124664306640625 -0.191635131835938
-0.0335369110107422 0.0064239501953125 -0.0594253540039063 -0.0393867492675781
-0.0163707733154297 0.0162734985351563 -0.00592803955078125 -0.0625
-0.0146903991699219 0.0111112594604492 -0.0162734985351563 -0.102104187011719
-0.0063934326171875 0.0280895233154297 -0.078125 -0.122489929199219
-0.00225448608398437 0.0376663208007813 -0.149307250976563 -0.10675048828125
0.000484466552734378 0.0379753112792969 -0.155288696289062 -0.0952301025390625
0.00123214721679688 0.0472183227539062 -0.15032958984375 -0.109237670898438
-0.01708984375 0.0366897583007813 -0.0928497314453125 -0.1417236328125
-0.0383415222167969 0.0217666625976562 -0.0233917236328125 -0.132919311523438
-0.034332275390625 -0.00926399230957032 0.0412979125976563 -0.0915908813476563
-0.0165157318115234 -0.0347251892089844 0.03900146484375 -0.0184249877929688
-0.0146675109863281 -0.0275058746337891 -0.0582695007324219 -0.0408172607421875
-0.0230712890625 -0.055572509765625 -0.039154052734375 -0.164199829101563
0.0074920654296875 -0.0892105102539063 0.0642852783203125 0.174591064453125
-0.0422554016113281 -0.0563125610351562 0.0715408325195312 0.0629043579101563
-0.0764999389648438 -0.00377655029296873 -0.0304393768310547 -0.00295829772949219
-0.0447273254394531 0.0475502014160156 -0.0522537231445313 0.0715789794921875
0.0046844482421875 0.0675048828125 -0.014129638671875 0.12115478515625
0.0519027709960938 0.0356674194335938 0.0781631469726563 0.135063171386719
0.0662040710449219 0.0101470947265625 0.1533203125 0.107086181640625
0.052825927734375 0.01824951171875 0.14666748046875 0.0897674560546875
0.0605850219726563 0.0170135498046875 0.134735107421875 0.104911804199219
0.0399665832519531 0.0466117858886719 0.0812225341796875 0.115547180175781
-0.00275039672851562 0.06243896484375 0.0301055908203125 0.0832443237304687
-0.0601158142089844 0.0382957458496094 0.0252037048339844 0.0587425231933594
-0.0689468383789063 -0.0321388244628906 0.0785675048828125 0.065521240234375
-0.0331764221191406 -0.0666351318359375 0.13873291015625 0.180801391601563
0.01702880859375 -0.0651588439941406 0.03765869140625 0.368072509765625
-0.02191162109375 -0.202301025390625 0.0559539794921875 0.147674560546875
-0.09326171875 -0.133407592773438 0.0604820251464844 0.06158447265625
-0.165740966796875 -0.0421600341796875 -0.0251960754394531 -0.00622749328613282
-0.120109558105469 0.0756683349609375 -0.0460624694824219 0.0544815063476563
-0.0352630615234375 0.132156372070313 -0.0287017822265625 0.0978469848632813
0.07403564453125 0.107559204101562 0.0577545166015625 0.119529724121094
0.118171691894531 0.0667648315429687 0.124015808105469 0.0964584350585938
0.0988693237304688 0.075927734375 0.116256713867188 0.0745086669921875
0.116279602050781 0.0750503540039063 0.108169555664063 0.0873565673828125
0.0691909790039063 0.113487243652344 0.06597900390625 0.08428955078125
-0.0184707641601562 0.138328552246094 0.0250434875488281 0.0497589111328125
-0.122695922851562 0.089019775390625 0.0381126403808594 0.0364036560058594
-0.165802001953125 -0.0555877685546875 0.0982513427734375 0.0559921264648438
-0.113197326660156 -0.138031005859375 0.143508911132813 0.173233032226563
-0.02227783203125 -0.184341430664063 0.048095703125 0.33660888671875
-0.0457763671875 -0.28936767578125 0.044342041015625 0.084075927734375
-0.135818481445313 -0.197769165039063 0.0373725891113281 0.0400276184082031
-0.240249633789063 -0.0766754150390625 -0.0239410400390625 -0.0079479217529297
-0.185943603515625 0.096038818359375 -0.034332275390625 0.0353279113769531
-0.073974609375 0.181915283203125 -0.0363349914550781 0.061920166015625
0.08380126953125 0.16644287109375 0.0317840576171875 0.0852813720703125
0.151535034179688 0.114395141601563 0.0778579711914063 0.0703277587890625
0.130165100097656 0.121925354003906 0.0678558349609375 0.0481986999511719
0.156341552734375 0.12054443359375 0.0640792846679688 0.0587730407714844
0.0927276611328125 0.162979125976563 0.0378570556640625 0.0413131713867188
-0.0253143310546875 0.1983642578125 0.0123147964477539 0.00722694396972657
-0.164474487304687 0.136459350585938 0.0461654663085937 0.00559616088867188
-0.244049072265625 -0.0615081787109375 0.109329223632813 0.0377044677734375
-0.184280395507812 -0.18505859375 0.129623413085938 0.146652221679688
-0.0614471435546875 -0.273651123046875 0.046295166015625 0.268875122070312
-0.065582275390625 -0.33477783203125 0.0306892395019531 -0.00759887695312502
-0.166458129882813 -0.2340087890625 0.00513792037963866 -0.000173091888427749
-0.28753662109375 -0.09344482421875 -0.0264930725097656 -0.0109081268310547
-0.225677490234375 0.109893798828125 -0.019033432006836 0.0123043060302734
-0.100021362304688 0.208709716796875 -0.0368232727050781 0.0163459777832031
0.08355712890625 0.200698852539063 0.00294876098632813 0.0358810424804688
0.162384033203125 0.144393920898438 0.0204582214355469 0.0314369201660156
0.141311645507812 0.148300170898437 0.00860023498535157 0.0145883560180664
0.172821044921875 0.1466064453125 0.00856018066406251 0.0229396820068359
0.103790283203125 0.18853759765625 6.43730163574277E-05 -0.00693464279174803
-0.0284576416015625 0.23046875 -0.006744384765625 -0.0391273498535156
-0.181900024414062 0.165313720703125 0.0462417602539062 -0.0307273864746094
-0.286468505859375 -0.057159423828125 0.106285095214844 0.0158004760742187
-0.226516723632812 -0.201766967773437 0.093597412109375 0.10772705078125
-0.090179443359375 -0.32025146484375 0.0321807861328125 0.174484252929687
-0.080902099609375 -0.32806396484375 0.0132522583007813 -0.114265441894531
-0.178085327148437 -0.229339599609375 -0.032318115234375 -0.0532569885253906
-0.290130615234375 -0.088104248046875 -0.0316276550292969 -0.0169410705566406
-0.225830078125 0.111160278320313 -0.00496292114257814 -0.0151081085205078
-0.104995727539063 0.202774047851563 -0.0337562561035156 -0.0332202911376953
0.0722198486328125 0.20159912109375 -0.0268478393554687 -0.0208721160888672
0.150192260742188 0.149703979492188 -0.0393180847167969 -0.0135917663574219
0.131317138671875 0.152847290039063 -0.0512008666992188 -0.0214157104492187
0.16156005859375 0.151504516601563 -0.0497856140136719 -0.0159530639648438
0.0940093994140625 0.185150146484375 -0.04205322265625 -0.0542488098144531
-0.032501220703125 0.22332763671875 -0.0273284912109375 -0.080963134765625
-0.17449951171875 0.158920288085938 0.0401229858398437 -0.0631103515625
-0.27569580078125 -0.0531768798828125 0.0908584594726562 -0.003570556640625
-0.223037719726563 -0.191696166992188 0.0435676574707031 0.064544677734375
-0.098480224609375 -0.316558837890625 0.00744247436523436 0.0683708190917969
-0.086090087890625 -0.271011352539062 -0.007781982421875 -0.216110229492188
-0.16229248046875 -0.183929443359375 -0.069732666015625 -0.108100891113281
-0.239471435546875 -0.0645599365234375 -0.0380096435546875 -0.0258026123046875
-0.1820068359375 0.0934295654296875 0.00349044799804686 -0.041259765625
-0.0879364013671875 0.161773681640625 -0.0284957885742188 -0.0747528076171875
0.052642822265625 0.167510986328125 -0.0527572631835937 -0.07244873046875
0.114341735839844 0.131340026855469 -0.093231201171875 -0.0559310913085938
0.101943969726563 0.132774353027344 -0.104034423828125 -0.0543670654296875
0.125160217285156 0.134307861328125 -0.101463317871094 -0.0533294677734375
0.06488037109375 0.15496826171875 -0.0758514404296875 -0.09490966796875
-0.0394439697265625 0.178024291992188 -0.0395965576171875 -0.112297058105469
-0.145660400390625 0.115432739257813 0.0343246459960937 -0.085174560546875
-0.214706420898438 -0.0555419921875 0.0701866149902344 -0.0154838562011719
-0.173110961914062 -0.157150268554688 -0.00654220581054689 0.0227451324462891
-0.0835418701171875 -0.264755249023438 -0.0177097320556641 -0.0324535369873047
-0.0770416259765625 -0.170623779296875 -0.030609130859375 -0.2991943359375
-0.118560791015625 -0.108009338378906 -0.102310180664063 -0.155746459960937
-0.146804809570313 -0.0301513671875 -0.0472602844238281 -0.0334854125976562
-0.105072021484375 0.059356689453125 0.00244522094726562 -0.0580978393554687
-0.0545730590820313 0.093048095703125 -0.0228729248046875 -0.0986099243164063
0.0256729125976562 0.105064392089844 -0.0708694458007812 -0.107666015625
0.062225341796875 0.09130859375 -0.132133483886719 -0.08758544921875
0.0562210083007812 0.0925369262695313 -0.14068603515625 -0.0794219970703125
0.0685501098632813 0.0984115600585938 -0.137237548828125 -0.0850753784179688
0.024932861328125 0.102828979492187 -0.09381103515625 -0.123367309570313
-0.0431365966796875 0.105880737304687 -0.0383071899414063 -0.12957763671875
-0.0970535278320312 0.053009033203125 0.0345840454101562 -0.0943984985351563
-0.121299743652344 -0.0530624389648438 0.0512962341308594 -0.0188522338867188
-0.0957717895507813 -0.101005554199219 -0.0426025390625 -0.0125007629394531
-0.05584716796875 -0.17279052734375 -0.0354690551757813 -0.113822937011719
-0.0526313781738281 -0.0451087951660156 -0.0523681640625 -0.348480224609375
-0.0571670532226563 -0.0191650390625 -0.127700805664063 -0.187179565429687
-0.0348892211914063 0.00666618347167969 -0.0606727600097656 -0.0365104675292969
-0.0170621871948242 0.0167560577392578 -0.00725173950195313 -0.0607147216796875
-0.0155000686645508 0.0121078491210937 -0.0176239013671875 -0.101127624511719
-0.00611305236816406 0.0281658172607422 -0.0785293579101563 -0.12109375
-8.77380371093736E-05 0.0373764038085938 -0.150039672851563 -0.103042602539062
0.00233078002929688 0.0383682250976563 -0.156539916992188 -0.0921783447265625
0.003204345703125 0.0467376708984375 -0.151748657226562 -0.106185913085938
-0.0158500671386719 0.0369796752929688 -0.0948562622070313 -0.138458251953125
-0.0369110107421875 0.0239028930664063 -0.0253753662109375 -0.130897521972656
-0.0350360870361328 -0.00746345520019531 0.0384597778320312 -0.0910110473632813
-0.0190944671630859 -0.0342445373535156 0.0380439758300781 -0.01806640625
-0.0153427124023437 -0.0283794403076172 -0.0595321655273438 -0.0376243591308594
-0.0245323181152344 -0.0564842224121094 -0.042572021484375 -0.162994384765625
0.0068511962890625 -0.08843994140625 0.0670166015625 0.179046630859375
-0.0415191650390625 -0.0563850402832031 0.0740432739257813 0.063507080078125
-0.0763778686523438 -0.00405883789062501 -0.0310306549072266 -0.00310516357421875
-0.044647216796875 0.0471534729003906 -0.0522384643554688 0.0718231201171875
0.00587844848632813 0.0674324035644531 -0.0137176513671875 0.122856140136719
0.0519142150878906 0.0344047546386719 0.0786514282226563 0.136550903320313
0.0653190612792969 0.00887298583984375 0.15594482421875 0.10723876953125
0.0523910522460938 0.0183334350585938 0.149765014648438 0.0920562744140625
0.0606956481933594 0.0158882141113281 0.138221740722656 0.107231140136719
0.0398063659667969 0.0460052490234375 0.0820693969726563 0.11767578125
-0.00266647338867187 0.0625190734863281 0.0302276611328125 0.0848388671875
-0.0603446960449219 0.0397987365722656 0.0261383056640625 0.0594749450683594
-0.0686912536621094 -0.0310287475585938 0.0798492431640625 0.0654678344726562
-0.033294677734375 -0.0657691955566406 0.140380859375 0.181228637695313
0.0163078308105469 -0.0653266906738281 0.038726806640625 0.372589111328125
-0.02392578125 -0.203384399414063 0.058624267578125 0.151748657226563
-0.0932540893554688 -0.134613037109375 0.0632362365722656 0.0620803833007812
-0.167266845703125 -0.0420379638671875 -0.0265293121337891 -0.0062713623046875
-0.121047973632812 0.0760879516601563 -0.046112060546875 0.0553207397460938
-0.033966064453125 0.133872985839844 -0.028594970703125 0.0997161865234375
0.0748519897460937 0.106399536132813 0.0584030151367188 0.119888305664063
0.118850708007813 0.0651016235351563 0.126739501953125 0.0967330932617188
0.100212097167969 0.0762710571289063 0.118171691894531 0.0760879516601562
0.117630004882813 0.0742950439453125 0.111312866210938 0.0895309448242188
0.07049560546875 0.112884521484375 0.0671310424804688 0.085601806640625
-0.0174331665039062 0.138999938964844 0.024200439453125 0.0505180358886719
-0.123764038085937 0.0912551879882812 0.0395965576171875 0.0377120971679688
-0.1673583984375 -0.054656982421875 0.100143432617187 0.05633544921875
-0.11395263671875 -0.137954711914063 0.145401000976563 0.174087524414063
-0.023529052734375 -0.187118530273438 0.049346923828125 0.34100341796875
-0.04815673828125 -0.292694091796875 0.0465240478515625 0.087646484375
-0.136138916015625 -0.200668334960938 0.0399932861328125 0.0409126281738281
-0.243759155273438 -0.07635498046875 -0.0260105133056641 -0.00751495361328126
-0.187423706054688 0.097869873046875 -0.0344123840332031 0.0369300842285156
-0.0734100341796875 0.184768676757812 -0.0360603332519531 0.0641708374023438
0.0854339599609375 0.165924072265625 0.03216552734375 0.0855026245117188
0.153472900390625 0.112945556640625 0.0794906616210938 0.0705795288085938
0.132400512695313 0.123146057128906 0.0685501098632813 0.0493659973144531
0.158065795898438 0.119491577148438 0.0666236877441407 0.0599517822265625
0.094268798828125 0.16314697265625 0.03814697265625 0.0425910949707031
-0.024200439453125 0.2000732421875 0.0115556716918945 0.00763893127441408
-0.166900634765625 0.139617919921875 0.0473556518554687 0.00625991821289063
-0.24755859375 -0.060821533203125 0.111183166503906 0.0381393432617187
-0.185760498046875 -0.186264038085938 0.13104248046875 0.148300170898438
-0.0640869140625 -0.278793334960938 0.047393798828125 0.272018432617188
-0.067901611328125 -0.339599609375 0.0320892333984375 -0.00527763366699221
-0.168212890625 -0.238265991210938 0.00728511810302733 0.000396251678466782
-0.2938232421875 -0.092926025390625 -0.0288105010986328 -0.0099468231201172
-0.2294921875 0.112045288085937 -0.0193233489990234 0.0138339996337891
-0.100128173828125 0.2130126953125 -0.0367507934570313 0.018524169921875
0.0846405029296875 0.201187133789063 0.00351905822753907 0.0351352691650391
0.165695190429688 0.142684936523438 0.0218544006347656 0.0313320159912109
0.144668579101563 0.14990234375 0.00864887237548829 0.0151691436767578
0.175491333007812 0.146255493164062 0.00996017456054688 0.0229110717773438
0.105422973632812 0.187652587890625 -0.000658035278320306 -0.00693702697753905
-0.026824951171875 0.2327880859375 -0.00786209106445313 -0.0386276245117187
-0.184799194335937 0.168655395507813 0.0472755432128906 -0.0296363830566406
-0.290191650390625 -0.05718994140625 0.108123779296875 0.0167160034179687
-0.228439331054687 -0.203659057617188 0.0949554443359375 0.109504699707031
-0.0933837890625 -0.3265380859375 0.0322265625 0.1763916015625
-0.08349609375 -0.335235595703125 0.0143585205078125 -0.11328125
-0.180694580078125 -0.234542846679687 -0.0311851501464844 -0.0531654357910156
-0.297119140625 -0.0875854492187501 -0.0340824127197266 -0.0155448913574219
-0.229583740234375 0.114349365234375 -0.00518512725830079 -0.0135812759399414
-0.10504150390625 0.208847045898437 -0.0336894989013672 -0.031595230102539
0.074371337890625 0.202224731445313 -0.0263137817382812 -0.0224132537841797
0.153182983398438 0.14874267578125 -0.039520263671875 -0.0142784118652344
0.134490966796875 0.154388427734375 -0.0529556274414063 -0.0217399597167969
0.165054321289063 0.151290893554688 -0.0499229431152344 -0.0168266296386719
0.0955657958984375 0.18548583984375 -0.0428428649902344 -0.0547828674316406
-0.030731201171875 0.226669311523438 -0.0289840698242187 -0.0809402465820312
-0.177581787109375 0.162429809570313 0.0406494140625 -0.0626678466796875
-0.280242919921875 -0.0543365478515625 0.0927505493164062 -0.0034942626953125
-0.225814819335938 -0.193832397460937 0.0440711975097656 0.0653190612792969
-0.101348876953125 -0.323486328125 0.00705337524414062 0.0684471130371094
-0.08880615234375 -0.276519775390625 -0.00749206542968753 -0.217849731445313
-0.165054321289063 -0.189300537109375 -0.07037353515625 -0.108848571777344
-0.246109008789063 -0.0638732910156249 -0.0402717590332031 -0.0240440368652344
-0.184829711914062 0.0966949462890625 0.00333404541015624 -0.0401763916015625
-0.088104248046875 0.166656494140625 -0.0280990600585938 -0.0746002197265625
0.053741455078125 0.168365478515625 -0.0527801513671875 -0.0742416381835937
0.117469787597656 0.130622863769531 -0.0942230224609375 -0.0568695068359375
0.104667663574219 0.134780883789063 -0.106590270996094 -0.05499267578125
0.127433776855469 0.134719848632813 -0.102851867675781 -0.054443359375
0.0665130615234375 0.155258178710938 -0.0767593383789062 -0.0957565307617188
-0.038116455078125 0.180587768554688 -0.0412368774414063 -0.112747192382812
-0.148086547851563 0.11865234375 0.0347518920898437 -0.0855712890625
-0.218978881835937 -0.056396484375 0.0718460083007812 -0.0150909423828125
-0.17413330078125 -0.159683227539062 -0.0067577362060547 0.0235195159912109
-0.085845947265625 -0.270477294921875 -0.0189056396484375 -0.0337924957275391
-0.0786590576171875 -0.1754150390625 -0.031890869140625 -0.301971435546875
-0.121223449707031 -0.110939025878906 -0.104202270507813 -0.156875610351563
-0.151397705078125 -0.0295257568359375 -0.0491485595703125 -0.0317955017089844
-0.107406616210937 0.06195068359375 0.00218963623046874 -0.0572433471679687
-0.0555496215820313 0.0963668823242187 -0.0230712890625 -0.0991592407226563
0.0265274047851562 0.106407165527344 -0.0716476440429688 -0.109825134277344
0.0653457641601563 0.0906143188476562 -0.134239196777344 -0.08868408203125
0.0584945678710938 0.094329833984375 -0.144195556640625 -0.0804595947265625
0.0704574584960937 0.0983200073242187 -0.139686584472656 -0.0862960815429688
0.0263824462890625 0.103355407714844 -0.0960235595703125 -0.125381469726562
-0.0422821044921875 0.1082763671875 -0.0393905639648438 -0.129898071289063
-0.09954833984375 0.0548629760742188 0.0343475341796875 -0.0949554443359375
-0.124526977539062 -0.0540695190429688 0.0527114868164063 -0.0187873840332031
-0.0966796875 -0.103202819824219 -0.0434303283691406 -0.0116081237792969
-0.05755615234375 -0.177139282226562 -0.0368881225585938 -0.1156005859375
-0.0529708862304688 -0.0479965209960937 -0.054290771484375 -0.35284423828125
-0.0587844848632813 -0.0206642150878906 -0.1307373046875 -0.188751220703125
-0.0373764038085938 0.00649261474609375 -0.0616798400878906 -0.0347557067871094
-0.0183067321777344 0.0180034637451172 -0.00787734985351562 -0.0598030090332031
-0.0166234970092773 0.0135602951049805 -0.0179672241210938 -0.101768493652344
-0.00612068176269531 0.0293197631835937 -0.0794754028320312 -0.1229248046875
0.00138473510742187 0.0374603271484375 -0.152267456054688 -0.104446411132813
0.00360870361328125 0.0390243530273438 -0.16033935546875 -0.09405517578125
0.00362396240234375 0.0471076965332031 -0.15472412109375 -0.10791015625
-0.0151710510253906 0.0377044677734375 -0.096893310546875 -0.140281677246094
-0.0366554260253906 0.0252151489257813 -0.0259323120117188 -0.13201904296875
-0.0357513427734375 -0.00662994384765625 0.0379104614257812 -0.0920333862304688
-0.0211296081542969 -0.0355720520019531 0.0388374328613281 -0.0175666809082031
-0.015777587890625 -0.0291900634765625 -0.06060791015625 -0.0368537902832031
-0.025604248046875 -0.0592880249023437 -0.044677734375 -0.165725708007812
0.00593566894531251 -0.0898361206054688 0.073486328125 0.186843872070313
-0.0418930053710937 -0.0579452514648438 0.07867431640625 0.06488037109375
-0.0780487060546875 -0.00435638427734375 -0.0328407287597656 -0.00276756286621094
-0.0460128784179688 0.0479583740234375 -0.0528488159179688 0.0745620727539062
0.00773239135742187 0.0686454772949219 -0.0126800537109375 0.127265930175781
0.0539283752441406 0.0334968566894531 0.0816421508789063 0.140098571777344
0.0658302307128906 0.00777053833007813 0.162338256835937 0.109832763671875
0.0535125732421875 0.0185279846191406 0.157470703125 0.0947723388671875
0.0616607666015625 0.0147285461425781 0.1455078125 0.111358642578125
0.0416679382324219 0.0461349487304687 0.085845947265625 0.122032165527344
-0.00178909301757812 0.0639114379882813 0.0312728881835938 0.0877761840820313
-0.0617332458496094 0.0415725708007812 0.0284576416015625 0.0615501403808594
-0.0709991455078125 -0.0303955078125 0.0831985473632813 0.066650390625
-0.0346031188964844 -0.0660972595214844 0.147109985351563 0.185623168945313
0.0160179138183594 -0.0676345825195313 0.0433349609375 0.38519287109375
-0.02642822265625 -0.20953369140625 0.0643768310546875 0.159286499023438
-0.0957489013671875 -0.139350891113281 0.0682296752929688 0.0639724731445312
-0.17327880859375 -0.042449951171875 -0.0291194915771484 -0.00606346130371095
-0.124465942382812 0.0786819458007813 -0.0466575622558594 0.0575637817382813
-0.033233642578125 0.13873291015625 -0.0278472900390625 0.104270935058594
0.0780487060546875 0.107200622558594 0.061004638671875 0.123565673828125
0.122589111328125 0.0645065307617188 0.13238525390625 0.0990829467773437
0.103935241699219 0.0774154663085937 0.124496459960938 0.0788345336914063
0.122001647949219 0.0737838745117188 0.117851257324219 0.0924453735351563
0.0734786987304688 0.114593505859375 0.0694122314453125 0.09002685546875
-0.01690673828125 0.143280029296875 0.024932861328125 0.05255126953125
-0.127311706542969 0.096527099609375 0.0418968200683594 0.0390129089355469
-0.173477172851563 -0.0547027587890625 0.104225158691406 0.0569610595703125
-0.117828369140625 -0.141265869140625 0.151885986328125 0.178131103515625
-0.02703857421875 -0.194320678710937 0.053558349609375 0.35357666015625
-0.053466796875 -0.303466796875 0.0511093139648438 0.0928192138671875
-0.141952514648438 -0.208099365234375 0.0439300537109375 0.04248046875
-0.254486083984375 -0.0766448974609375 -0.0292034149169922 -0.00655174255371094
-0.1932373046875 0.102264404296875 -0.0349960327148438 0.0389328002929688
-0.0734405517578125 0.19287109375 -0.0358200073242188 0.0680046081542969
0.0894775390625 0.16815185546875 0.03411865234375 0.0874099731445313
0.159805297851563 0.112762451171875 0.08392333984375 0.0717926025390625
0.138877868652344 0.125709533691406 0.0718612670898438 0.0512847900390625
0.165008544921875 0.12066650390625 0.070770263671875 0.0620346069335938
0.0985260009765625 0.166519165039063 0.0396575927734375 0.0448379516601563
-0.023040771484375 0.2069091796875 0.0111064910888672 0.00882530212402345
-0.172607421875 0.147140502929688 0.0497322082519531 0.00682449340820313
-0.257171630859375 -0.061370849609375 0.115982055664062 0.0382919311523437
-0.1923828125 -0.191085815429688 0.13677978515625 0.1519775390625
-0.06951904296875 -0.29046630859375 0.05126953125 0.2816162109375
-0.075042724609375 -0.35211181640625 0.0348949432373047 -0.0037040710449219
-0.176437377929688 -0.247879028320312 0.00927734374999999 0.000902175903320297
-0.307769775390625 -0.092987060546875 -0.0320453643798828 -0.00816535949707032
-0.236465454101562 0.118789672851562 -0.0195064544677734 0.0156478881835938
-0.100204467773438 0.223098754882812 -0.037017822265625 0.0209617614746094
0.08984375 0.20477294921875 0.00428009033203126 0.0355453491210938
0.1728515625 0.1431884765625 0.0234451293945313 0.0317707061767578
0.152008056640625 0.154266357421875 0.00887393951416017 0.0159311294555664
0.184036254882813 0.148330688476563 0.0115261077880859 0.0230159759521484
0.110015869140625 0.191619873046875 -0.0011916160583496 -0.00646781921386718
-0.0251007080078125 0.24090576171875 -0.00966262817382813 -0.0386695861816406
-0.19158935546875 0.177337646484375 0.0494155883789062 -0.0301666259765625
-0.3028564453125 -0.0565185546875 0.113128662109375 0.0154647827148437
-0.237396240234375 -0.209854125976563 0.0992431640625 0.111915588378906
-0.100341796875 -0.34027099609375 0.03485107421875 0.182540893554688
-0.090179443359375 -0.34820556640625 0.0143585205078125 -0.116065979003906
-0.189773559570313 -0.2445068359375 -0.0316696166992188 -0.0541839599609375
-0.31182861328125 -0.087554931640625 -0.0376396179199219 -0.0135154724121094
-0.237808227539063 0.12078857421875 -0.00514411926269533 -0.0123987197875976
-0.10675048828125 0.219528198242187 -0.0340213775634766 -0.0307960510253906
0.0786590576171875 0.207504272460937 -0.0271396636962891 -0.0241203308105469
0.1602783203125 0.149703979492188 -0.0403289794921875 -0.0150146484375
0.142532348632813 0.158462524414062 -0.0556221008300781 -0.0215873718261719
0.173095703125 0.153533935546875 -0.0519790649414062 -0.0175132751464844
0.100601196289062 0.189163208007813 -0.0449142456054687 -0.0557022094726562
-0.02880859375 0.234848022460938 -0.0317001342773438 -0.0823822021484375
-0.183761596679688 0.171112060546875 0.0420303344726562 -0.0645370483398437
-0.292633056640625 -0.054168701171875 0.0973358154296875 -0.00476837158203125
-0.233474731445313 -0.200164794921875 0.045654296875 0.0681076049804687
-0.108154296875 -0.337005615234375 0.00722503662109375 0.070465087890625
-0.0941162109375 -0.28961181640625 -0.0092926025390625 -0.224334716796875
-0.173110961914062 -0.196975708007813 -0.07330322265625 -0.111968994140625
-0.258621215820313 -0.0638427734375 -0.0436744689941406 -0.0217475891113281
-0.190963745117188 0.102691650390625 0.00345611572265624 -0.0401191711425781
-0.08966064453125 0.17626953125 -0.0294418334960937 -0.0755844116210937
0.0572357177734375 0.173248291015625 -0.0546112060546875 -0.0774993896484375
0.12451171875 0.131576538085938 -0.098175048828125 -0.0590591430664062
0.111412048339844 0.138633728027344 -0.112167358398437 -0.05596923828125
0.134628295898437 0.137138366699219 -0.107566833496094 -0.0567398071289062
0.0703887939453125 0.158523559570313 -0.0810394287109375 -0.0981369018554688
-0.0365753173828125 0.1876220703125 -0.0441436767578125 -0.115501403808594
-0.1539306640625 0.12518310546875 0.0354766845703125 -0.0882186889648438
-0.22955322265625 -0.0571746826171875 0.0750961303710937 -0.0163497924804688
-0.181228637695313 -0.164810180664062 -0.00714492797851564 0.0247879028320312
-0.09234619140625 -0.28289794921875 -0.0206184387207031 -0.035858154296875
-0.0832672119140625 -0.18463134765625 -0.03570556640625 -0.31195068359375
-0.128135681152344 -0.11614990234375 -0.109085083007812 -0.161270141601563
-0.159530639648438 -0.0290069580078125 -0.0516624450683594 -0.0304298400878906
-0.111549377441406 0.0659408569335938 0.00201034545898436 -0.0581245422363281
-0.056793212890625 0.102340698242188 -0.0243072509765625 -0.101936340332031
0.027984619140625 0.110206604003906 -0.0743484497070313 -0.1143798828125
0.0691375732421875 0.0920333862304688 -0.139808654785156 -0.0916519165039062
0.0628280639648438 0.0969772338867188 -0.151962280273437 -0.0825042724609375
0.0748214721679688 0.101142883300781 -0.146469116210938 -0.0893402099609375
0.028228759765625 0.105827331542969 -0.100189208984375 -0.128677368164063
-0.0414810180664063 0.11273193359375 -0.0424880981445312 -0.133544921875
-0.103416442871094 0.0586776733398437 0.0345458984375 -0.09796142578125
-0.131553649902344 -0.0557022094726562 0.0554084777832031 -0.0193023681640625
-0.101112365722656 -0.107086181640625 -0.0454521179199219 -0.0111122131347656
-0.0620880126953125 -0.185638427734375 -0.0406265258789063 -0.120536804199219
-0.0555496215820313 -0.0521430969238281 -0.060333251953125 -0.3643798828125
-0.0619888305664063 -0.0221748352050781 -0.137954711914063 -0.1944580078125
-0.0406074523925781 0.00749969482421875 -0.0636711120605469 -0.0337066650390625
-0.019012451171875 0.0192890167236328 -0.00833129882812501 -0.0611763000488281
-0.0174741744995117 0.0150156021118164 -0.0194625854492188 -0.105415344238281
-0.00658416748046875 0.0309581756591797 -0.0828704833984375 -0.127784729003906
0.00297927856445313 0.0387115478515625 -0.159408569335938 -0.108047485351563
0.00482559204101562 0.0406494140625 -0.168701171875 -0.096649169921875
0.00510025024414062 0.0494155883789063 -0.163131713867188 -0.11151123046875
-0.0150413513183594 0.0391044616699219 -0.101028442382812 -0.144561767578125
-0.0369796752929688 0.0272407531738281 -0.0281600952148438 -0.135856628417969
-0.0385475158691406 -0.00562286376953125 0.0376129150390625 -0.0948867797851563
-0.0245285034179687 -0.0377349853515625 0.0401115417480469 -0.0179443359375
-0.0176010131835938 -0.0313053131103516 -0.0632667541503906 -0.0367546081542969
-0.0273628234863281 -0.0631446838378906 -0.0490264892578125 -0.171661376953125
0.00409698486328125 -0.0923614501953125 0.0847930908203125 0.1934814453125
-0.0445404052734375 -0.0596084594726563 0.085418701171875 0.0647811889648437
-0.0810317993164063 -0.00247192382812501 -0.0355072021484375 -0.0022430419921875
-0.0466194152832031 0.0503654479980469 -0.0517654418945312 0.0788955688476563
0.0110931396484375 0.0700531005859375 -0.0085296630859375 0.133201599121094
0.0565948486328125 0.0312042236328125 0.08905029296875 0.143569946289063
0.067352294921875 0.00548553466796875 0.173431396484375 0.109237670898438
0.0557823181152344 0.0174217224121094 0.1693115234375 0.09466552734375
0.0643653869628906 0.0122642517089844 0.15869140625 0.11187744140625
0.0447540283203125 0.0460357666015625 0.09405517578125 0.126213073730469
-0.000137329101562498 0.0652999877929687 0.0351943969726563 0.0907821655273438
-0.0622749328613281 0.0455894470214844 0.0328102111816406 0.0634994506835938
-0.0731582641601563 -0.0292510986328125 0.0888519287109375 0.0667800903320313
-0.0374221801757812 -0.0665168762207031 0.15960693359375 0.187606811523438
0.0138168334960937 -0.07037353515625 0.05828857421875 0.40008544921875
-0.03515625 -0.217056274414063 0.0745391845703125 0.165130615234375
-0.103591918945313 -0.14300537109375 0.0748291015625 0.0640411376953125
-0.182418823242188 -0.0389251708984375 -0.0323162078857422 -0.00420570373535157
-0.127532958984375 0.0853652954101562 -0.0462684631347656 0.0618934631347656
-0.0289306640625 0.145294189453125 -0.0245742797851563 0.109931945800781
0.0848541259765625 0.10693359375 0.0669631958007812 0.126693725585938
0.129158020019531 0.06158447265625 0.142044067382813 0.0989532470703125
0.111495971679688 0.0779037475585938 0.134040832519531 0.0787734985351562
0.129066467285156 0.0717239379882813 0.128349304199219 0.0928955078125
0.0795364379882813 0.116081237792969 0.0754776000976563 0.0931549072265625
-0.0121917724609375 0.148712158203125 0.0269050598144531 0.0548934936523438
-0.130195617675781 0.105804443359375 0.0462417602539062 0.0399436950683594
-0.181854248046875 -0.051544189453125 0.111373901367187 0.0558242797851563
-0.126876831054688 -0.143173217773437 0.164306640625 0.180007934570313
-0.0352325439453125 -0.202362060546875 0.0677490234375 0.36700439453125
-0.066375732421875 -0.315155029296875 0.0584335327148437 0.0973663330078125
-0.154434204101562 -0.214553833007813 0.0491790771484375 0.0434646606445312
-0.26953125 -0.0705413818359375 -0.0325927734375 -0.00371551513671876
-0.198745727539063 0.112991333007812 -0.0347824096679688 0.0421714782714844
-0.0683746337890625 0.204330444335937 -0.0338668823242188 0.0730667114257813
0.0988311767578125 0.170516967773437 0.0382308959960938 0.0899276733398438
0.169403076171875 0.109909057617188 0.0901565551757813 0.0718612670898438
0.149749755859375 0.126052856445313 0.0777206420898438 0.0524063110351563
0.17645263671875 0.118118286132813 0.0778961181640625 0.0618515014648438
0.107696533203125 0.169082641601563 0.0424957275390625 0.046630859375
-0.0165557861328125 0.216278076171875 0.0109272003173828 0.00965213775634767
-0.176239013671875 0.160964965820312 0.0533790588378906 0.00604248046875001
-0.271560668945313 -0.0559234619140624 0.122894287109375 0.0354461669921875
-0.205764770507813 -0.193740844726562 0.147598266601562 0.153594970703125
-0.083099365234375 -0.302215576171875 0.062255859375 0.292510986328125
-0.090728759765625 -0.3673095703125 0.0380020141601562 -0.00281524658203127
-0.192367553710938 -0.255096435546875 0.0117025375366211 0.000852584838867172
-0.3255615234375 -0.0860595703125 -0.0359153747558594 -0.00444793701171875
-0.243484497070313 0.131927490234375 -0.0192298889160156 0.0178794860839844
-0.0960540771484375 0.238601684570313 -0.0369873046875 0.024169921875
0.100006103515625 0.208786010742188 0.00573730468750001 0.036590576171875
0.18475341796875 0.141510009765625 0.0261707305908203 0.0317554473876953
0.165512084960938 0.155715942382813 0.0094738006591797 0.0174808502197266
0.19732666015625 0.1468505859375 0.0135364532470703 0.0233078002929688
0.12103271484375 0.195755004882812 -0.00216436386108398 -0.00569820404052733
-0.0170440673828125 0.252395629882813 -0.0121383666992188 -0.0394363403320312
-0.195404052734375 0.193557739257813 0.0514030456542969 -0.0325546264648437
-0.319915771484375 -0.050018310546875 0.119049072265625 0.0116195678710937
-0.253097534179688 -0.212814331054687 0.106819152832031 0.113723754882812
-0.11761474609375 -0.35540771484375 0.040985107421875 0.189071655273438
-0.10711669921875 -0.363861083984375 0.0124969482421875 -0.119522094726563
-0.207107543945313 -0.251708984375 -0.0334968566894531 -0.0550575256347656
-0.3311767578125 -0.080078125 -0.0413589477539063 -0.00952529907226563
-0.244338989257812 0.134689331054687 -0.00527954101562501 -0.0117073059082031
-0.103179931640625 0.235671997070313 -0.0364341735839844 -0.0302848815917969
0.088714599609375 0.212799072265625 -0.0283279418945312 -0.0248680114746094
0.1724853515625 0.14892578125 -0.0422744750976562 -0.0149040222167969
0.155715942382813 0.161300659179688 -0.0600242614746094 -0.0201644897460938
0.187057495117188 0.15325927734375 -0.0545005798339844 -0.017425537109375
0.110870361328125 0.19317626953125 -0.0496826171875 -0.0563888549804688
-0.0208740234375 0.24591064453125 -0.036529541015625 -0.0840072631835937
-0.187713623046875 0.186477661132812 0.0421295166015625 -0.0680999755859375
-0.30987548828125 -0.0473327636718751 0.101760864257812 -0.00952911376953125
-0.24951171875 -0.203765869140625 0.0497665405273437 0.0692138671875
-0.125457763671875 -0.3521728515625 0.00907135009765625 0.0724716186523437
-0.109649658203125 -0.30206298828125 -0.0164947509765625 -0.23272705078125
-0.188705444335938 -0.202362060546875 -0.0794143676757813 -0.113998413085938
-0.274765014648438 -0.057220458984375 -0.0475273132324219 -0.0184783935546875
-0.1971435546875 0.114578247070313 0.00193405151367186 -0.0402641296386719
-0.087127685546875 0.188934326171875 -0.0326919555664063 -0.0766143798828125
0.06549072265625 0.1785888671875 -0.0589523315429687 -0.0810165405273437
0.134117126464844 0.131217956542969 -0.104400634765625 -0.0593414306640625
0.122406005859375 0.140899658203125 -0.120330810546875 -0.0544052124023437
0.145950317382813 0.138092041015625 -0.114761352539062 -0.0567474365234375
0.0784149169921875 0.162338256835937 -0.0882110595703125 -0.0997772216796875
-0.0303802490234375 0.197280883789063 -0.0507354736328125 -0.118507385253906
-0.157669067382812 0.137130737304688 0.0342636108398437 -0.0926437377929687
-0.243408203125 -0.053009033203125 0.07855224609375 -0.0205307006835938
-0.19427490234375 -0.167938232421875 -0.0071392059326172 0.0269565582275391
-0.1065673828125 -0.29510498046875 -0.0241241455078125 -0.0379867553710938
-0.0936737060546875 -0.193099975585938 -0.046905517578125 -0.324127197265625
-0.138328552246094 -0.118919372558594 -0.119644165039063 -0.164260864257813
-0.169601440429688 -0.0241241455078125 -0.0551376342773438 -0.0268936157226563
-0.114608764648438 0.0736541748046875 0.000492095947265618 -0.0595016479492187
-0.0557785034179688 0.110984802246094 -0.0284652709960938 -0.10467529296875
0.0327835083007813 0.114013671875 -0.080413818359375 -0.118293762207031
0.0762405395507813 0.0921783447265625 -0.149520874023437 -0.0917816162109375
0.0703811645507813 0.0992889404296875 -0.163406372070313 -0.0809783935546875
0.0820083618164063 0.102523803710938 -0.157485961914063 -0.0894775390625
0.032867431640625 0.10943603515625 -0.109634399414063 -0.131698608398438
-0.0384063720703125 0.119735717773438 -0.049072265625 -0.137100219726563
-0.106620788574219 0.0662155151367188 0.0325775146484375 -0.102607727050781
-0.141555786132813 -0.05419921875 0.0571670532226562 -0.0228843688964844
-0.109031677246094 -0.109886169433594 -0.0486831665039063 -0.00916671752929689
-0.0712127685546875 -0.194442749023437 -0.0481796264648438 -0.125465393066406
-0.05963134765625 -0.0548973083496094 -0.07489013671875 -0.37811279296875
-0.0663108825683594 -0.0217666625976563 -0.151016235351563 -0.197967529296875
-0.0427360534667969 0.0087127685546875 -0.0666542053222656 -0.0315818786621094
-0.0194854736328125 0.0217208862304688 -0.011077880859375 -0.0620193481445313
-0.0181827545166016 0.0179519653320313 -0.0239105224609375 -0.109474182128906
-0.00577545166015625 0.0341777801513672 -0.0903472900390625 -0.13189697265625
0.00516510009765625 0.0396232604980469 -0.171310424804687 -0.108489990234375
0.0073699951171875 0.0423736572265625 -0.181396484375 -0.0959320068359375
0.007904052734375 0.05169677734375 -0.1759033203125 -0.110931396484375
-0.0137062072753906 0.0417938232421875 -0.111251831054687 -0.147872924804688
-0.0363044738769531 0.0305442810058594 -0.0336074829101562 -0.140243530273438
-0.0408592224121094 -0.00320053100585937 0.0355148315429688 -0.100303649902344
-0.0292129516601562 -0.0384674072265625 0.0415534973144531 -0.0200080871582031
-0.0202312469482422 -0.0331935882568359 -0.0679893493652344 -0.0354537963867188
-0.03179931640625 -0.06719970703125 -0.058074951171875 -0.179107666015625
-0.000480651855468752 -0.0939178466796875 0.09954833984375 0.195556640625
-0.0478172302246094 -0.0590591430664063 0.0933303833007813 0.0622711181640625
-0.0834808349609375 0.000999450683593735 -0.037322998046875 0.000408172607421883
-0.045623779296875 0.0534782409667969 -0.0491485595703125 0.0832366943359375
0.0159988403320313 0.0702285766601563 -0.000846862792968737 0.137153625488281
0.0594940185546875 0.0278205871582031 0.0981903076171875 0.144241333007813
0.068267822265625 0.00185394287109375 0.185653686523438 0.10321044921875
0.0581092834472656 0.0143241882324219 0.182342529296875 0.088165283203125
0.065704345703125 0.00781631469726562 0.172470092773438 0.107040405273438
0.0483474731445313 0.0438461303710938 0.104507446289063 0.126396179199219
0.00308990478515625 0.066741943359375 0.0406723022460938 0.0917739868164063
-0.0618743896484375 0.0510902404785156 0.0381317138671875 0.0634498596191406
-0.0759506225585938 -0.0259628295898438 0.0953292846679687 0.0635223388671875
-0.0420570373535156 -0.0656013488769531 0.174209594726563 0.184036254882813
0.00980377197265625 -0.072662353515625 0.083251953125 0.409088134765625
-0.0476226806640625 -0.221023559570313 0.088226318359375 0.16729736328125
-0.113754272460937 -0.142730712890625 0.0819778442382812 0.0622482299804687
-0.190628051757813 -0.0298309326171875 -0.0347270965576172 -0.000144958496093748
-0.126945495605469 0.0944595336914062 -0.043060302734375 0.0660247802734375
-0.0206756591796875 0.1505126953125 -0.0185623168945312 0.11480712890625
0.0917816162109375 0.103736877441406 0.075042724609375 0.127723693847656
0.134605407714844 0.0555191040039063 0.152511596679688 0.093658447265625
0.119140625 0.0739517211914063 0.143997192382813 0.07440185546875
0.136741638183594 0.0651092529296875 0.140281677246094 0.088653564453125
0.0881576538085938 0.1138916015625 0.0832595825195313 0.0930709838867188
-0.00505065917968751 0.153839111328125 0.0299339294433594 0.0558090209960938
-0.128921508789063 0.117599487304688 0.05096435546875 0.0383377075195313
-0.190780639648438 -0.043426513671875 0.117851257324219 0.05010986328125
-0.137443542480469 -0.140556335449219 0.178756713867188 0.176132202148438
-0.0478973388671875 -0.20770263671875 0.08990478515625 0.373687744140625
-0.08648681640625 -0.321044921875 0.067840576171875 0.0986251831054687
-0.170440673828125 -0.213775634765625 0.054962158203125 0.0418243408203125
-0.282867431640625 -0.057403564453125 -0.0350780487060547 0.00144004821777343
-0.199111938476562 0.127044677734375 -0.0320777893066406 0.04608154296875
-0.0577239990234375 0.214767456054688 -0.0298995971679688 0.0774612426757813
0.110382080078125 0.167938232421875 0.044189453125 0.090240478515625
0.179306030273438 0.101638793945312 0.0977706909179688 0.0689773559570313
0.161865234375 0.121932983398437 0.0840835571289063 0.0507354736328125
0.188400268554688 0.110580444335938 0.0858612060546875 0.0593795776367188
0.119964599609375 0.166946411132813 0.0463638305664063 0.0470657348632813
-0.0047454833984375 0.222900390625 0.0106697082519531 0.0107078552246094
-0.173553466796875 0.177322387695312 0.0568008422851562 0.00399398803710939
-0.2841796875 -0.0426025390625001 0.128753662109375 0.0286483764648437
-0.221939086914063 -0.189056396484375 0.1597900390625 0.149627685546875
-0.10357666015625 -0.309600830078125 0.08013916015625 0.29754638671875
-0.1156005859375 -0.375762939453125 0.0408935546875 -0.00327301025390627
-0.212371826171875 -0.2550048828125 0.0141763687133789 0.000842094421386703
-0.3428955078125 -0.0697937011718751 -0.0387420654296875 0.001312255859375
-0.244491577148438 0.149917602539062 -0.017852783203125 0.0204410552978516
-0.0846710205078125 0.252761840820313 -0.0357780456542969 0.0282478332519531
0.1141357421875 0.20819091796875 0.00802230834960938 0.0365982055664063
0.197616577148437 0.133148193359375 0.0295639038085938 0.0310649871826172
0.180038452148438 0.1517333984375 0.0109291076660156 0.0182209014892578
0.212051391601562 0.138412475585937 0.0159091949462891 0.0229282379150391
0.135162353515625 0.193405151367188 -0.00268983840942382 -0.00486516952514647
-0.00299072265624998 0.260421752929688 -0.0156402587890625 -0.0382003784179687
-0.19140625 0.212478637695312 0.052276611328125 -0.0357780456542969
-0.334808349609375 -0.033966064453125 0.123428344726562 0.00353240966796875
-0.27197265625 -0.206924438476563 0.115547180175781 0.111648559570312
-0.140777587890625 -0.363037109375 0.0523681640625 0.19171142578125
-0.132049560546875 -0.371826171875 0.00785064697265624 -0.122695922851563
-0.22845458984375 -0.25079345703125 -0.0360984802246094 -0.054840087890625
-0.349639892578125 -0.062835693359375 -0.0437774658203125 -0.00345993041992187
-0.245376586914063 0.153488159179687 -0.00532150268554689 -0.0106143951416016
-0.091796875 0.250259399414063 -0.0379371643066406 -0.0276832580566406
0.102691650390625 0.213851928710938 -0.0302448272705078 -0.0253562927246094
0.186126708984375 0.141204833984375 -0.0439796447753906 -0.0134696960449219
0.170913696289063 0.157730102539063 -0.0636367797851562 -0.0164108276367187
0.202102661132813 0.146163940429688 -0.0576515197753906 -0.0154075622558594
0.124893188476562 0.1915283203125 -0.0548362731933594 -0.0548973083496093
-0.00694274902343747 0.254013061523438 -0.0426254272460938 -0.0831985473632812
-0.183975219726562 0.204925537109375 0.0408096313476562 -0.0721435546875
-0.32489013671875 -0.031951904296875 0.103927612304687 -0.0167236328125
-0.267822265625 -0.197845458984375 0.0541229248046875 0.0690345764160156
-0.14935302734375 -0.359954833984375 0.01202392578125 0.0733566284179687
-0.1304931640625 -0.308074951171875 -0.02880859375 -0.237777709960938
-0.207138061523438 -0.200546264648438 -0.0875320434570313 -0.112777709960938
-0.289886474609375 -0.042877197265625 -0.0493087768554688 -0.0126762390136719
-0.19708251953125 0.130584716796875 0.000717163085937491 -0.0403213500976563
-0.0785369873046875 0.202728271484375 -0.0374069213867188 -0.0765838623046875
0.0774383544921875 0.180130004882813 -0.0647048950195313 -0.0814056396484375
0.145156860351562 0.125900268554687 -0.110794067382812 -0.0559234619140625
0.135101318359375 0.139015197753906 -0.129096984863281 -0.04888916015625
0.159225463867188 0.132308959960938 -0.123313903808594 -0.0519943237304688
0.0897064208984375 0.162353515625 -0.0974807739257812 -0.0981063842773438
-0.01904296875 0.2049560546875 -0.0591888427734375 -0.117401123046875
-0.155502319335938 0.152587890625 0.03076171875 -0.0968399047851562
-0.256881713867188 -0.0416259765625 0.079681396484375 -0.0264358520507813
-0.209182739257812 -0.164291381835938 -0.00648689270019532 0.0288982391357422
-0.127471923828125 -0.301483154296875 -0.0286140441894531 -0.0383758544921875
-0.108154296875 -0.19622802734375 -0.06524658203125 -0.331268310546875
-0.150894165039063 -0.116256713867188 -0.131790161132813 -0.16253662109375
-0.178741455078125 -0.0149993896484375 -0.0572166442871094 -0.0224189758300781
-0.1138916015625 0.083282470703125 -0.00218582153320314 -0.0597190856933594
-0.0513229370117187 0.119621276855469 -0.0350418090820313 -0.105888366699219
0.0397109985351562 0.116256713867188 -0.0893478393554687 -0.11956787109375
0.0835113525390625 0.089569091796875 -0.160171508789062 -0.08740234375
0.0791778564453125 0.0982208251953125 -0.174560546875 -0.0744171142578125
0.0915756225585938 0.100921630859375 -0.169448852539062 -0.0829010009765625
0.0404281616210938 0.110359191894531 -0.120811462402344 -0.129798889160156
-0.0316619873046875 0.12548828125 -0.058013916015625 -0.137435913085938
-0.107276916503906 0.0761871337890625 0.0274200439453125 -0.107070922851563
-0.151748657226562 -0.0482177734375 0.0579719543457031 -0.0276069641113281
-0.118507385253906 -0.108627319335938 -0.050689697265625 -0.00619506835937501
-0.08538818359375 -0.199325561523437 -0.0574188232421875 -0.127265930175781
-0.0652885437011719 -0.0557670593261719 -0.097930908203125 -0.384765625
-0.0709075927734375 -0.01910400390625 -0.166854858398437 -0.194961547851563
-0.0446701049804688 0.0116996765136719 -0.0693931579589844 -0.0281791687011719
-0.0185184478759766 0.0244216918945313 -0.0140533447265625 -0.0624160766601562
-0.0183582305908203 0.0209388732910156 -0.030609130859375 -0.110916137695313
-0.00406646728515625 0.0361213684082031 -0.0995941162109375 -0.132621765136719
0.00835037231445313 0.040435791015625 -0.183792114257813 -0.103042602539062
0.0106773376464844 0.0437049865722656 -0.194915771484375 -0.0886688232421875
0.0120849609375 0.0536117553710938 -0.190170288085938 -0.104507446289063
-0.0113143920898437 0.0439872741699219 -0.122848510742188 -0.147354125976562
-0.03448486328125 0.0340499877929688 -0.0419158935546875 -0.14190673828125
-0.0430374145507813 5.72204589843826E-05 0.0304946899414062 -0.105186462402344
-0.0346298217773438 -0.0380020141601563 0.0420150756835938 -0.0231895446777344
-0.0232505798339844 -0.0342979431152344 -0.072265625 -0.0316925048828125
-0.036895751953125 -0.0694160461425781 -0.0712127685546875 -0.181533813476563
-0.0055389404296875 -0.09344482421875 0.112060546875 0.1905517578125
-0.0503196716308594 -0.0567169189453125 0.0980300903320313 0.0572662353515625
-0.0830841064453125 0.00564575195312499 -0.0379257202148438 0.00366973876953124
-0.0431747436523437 0.0551795959472656 -0.0438613891601562 0.0853271484375
0.0196990966796875 0.0680084228515625 0.0073394775390625 0.136634826660156
0.0594139099121094 0.0226058959960938 0.105903625488281 0.140419006347656
0.0670547485351563 -0.00244903564453125 0.1923828125 0.09271240234375
0.0584869384765625 0.0115547180175781 0.189407348632813 0.0779571533203125
0.0648880004882813 0.00304031372070313 0.181961059570313 0.0967559814453125
0.0502471923828125 0.0404930114746094 0.11279296875 0.122146606445312
0.00680923461914063 0.0661811828613281 0.0454483032226562 0.0902252197265625
-0.0587997436523438 0.0549583435058594 0.0424995422363281 0.0602226257324219
-0.076416015625 -0.0220870971679687 0.099639892578125 0.0573043823242187
-0.0450172424316406 -0.0624313354492187 0.184600830078125 0.173583984375
0.00504302978515624 -0.07293701171875 0.107025146484375 0.403289794921875
-0.0608062744140625 -0.2177734375 0.0997161865234375 0.163436889648438
-0.121078491210938 -0.137969970703125 0.08758544921875 0.05755615234375
-0.193130493164062 -0.018341064453125 -0.0352706909179688 0.00421905517578126
-0.122650146484375 0.101387023925781 -0.0389175415039063 0.0675811767578125
-0.0114593505859375 0.151092529296875 -0.0115127563476563 0.115150451660156
0.0968246459960938 0.0963668823242188 0.0814285278320312 0.123382568359375
0.136482238769531 0.0470199584960938 0.159469604492188 0.0854644775390625
0.12335205078125 0.0676040649414063 0.150390625 0.066986083984375
0.139640808105469 0.0556869506835938 0.147857666015625 0.080596923828125
0.0942153930664063 0.108314514160156 0.0895156860351563 0.0902938842773438
0.00396728515624999 0.153472900390625 0.0324020385742187 0.0554771423339844
-0.122573852539062 0.125938415527344 0.0544281005859375 0.03509521484375
-0.19378662109375 -0.032684326171875 0.120521545410156 0.0425567626953125
-0.145248413085938 -0.132980346679687 0.188079833984375 0.165725708007813
-0.0611114501953125 -0.205520629882812 0.111541748046875 0.367767333984375
-0.105621337890625 -0.3175048828125 0.07598876953125 0.0956802368164062
-0.182754516601562 -0.206268310546875 0.0598869323730469 0.0387039184570312
-0.287353515625 -0.040679931640625 -0.0348739624023438 0.00683212280273437
-0.192779541015625 0.138565063476563 -0.0285530090332031 0.0478019714355469
-0.0443572998046875 0.218719482421875 -0.0245590209960938 0.0795211791992188
0.119461059570313 0.160568237304688 0.0490264892578125 0.08782958984375
0.184341430664063 0.090545654296875 0.103309631347656 0.0630874633789063
0.170211791992188 0.112899780273438 0.088592529296875 0.0463943481445313
0.194625854492188 0.0982208251953125 0.0907211303710938 0.0541458129882813
0.128982543945313 0.159011840820313 0.049407958984375 0.045806884765625
0.00866699218750002 0.223159790039063 0.0107545852661133 0.0115089416503906
-0.164031982421875 0.189056396484375 0.0580940246582031 0.000404357910156262
-0.289215087890625 -0.02703857421875 0.129844665527344 0.0197372436523438
-0.232696533203125 -0.178497314453125 0.167877197265625 0.140457153320313
-0.122650146484375 -0.305816650390625 0.096435546875 0.2926025390625
-0.138641357421875 -0.369781494140625 0.0429840087890625 -0.0046653747558594
-0.22808837890625 -0.245452880859375 0.0159006118774414 -0.000246047973632827
-0.349700927734375 -0.04791259765625 -0.037994384765625 0.00777053833007811
-0.2369384765625 0.164840698242188 -0.015716552734375 0.0218982696533203
-0.0682525634765625 0.259063720703125 -0.0331554412841797 0.0308780670166016
0.125503540039063 0.20098876953125 0.010345458984375 0.0351600646972656
0.20428466796875 0.1202392578125 0.0321998596191406 0.0288543701171875
0.190597534179688 0.141571044921875 0.0128250122070313 0.0185108184814453
0.220840454101563 0.124786376953125 0.0179538726806641 0.0218582153320313
0.14569091796875 0.185317993164062 -0.00303292274475097 -0.00406742095947264
0.0129241943359375 0.260650634765625 -0.018310546875 -0.0359954833984375
-0.18035888671875 0.226654052734375 0.0512657165527344 -0.0389137268066406
-0.34014892578125 -0.01593017578125 0.122833251953125 -0.00492095947265625
-0.28363037109375 -0.193634033203125 0.121452331542969 0.105262756347656
-0.164093017578125 -0.35736083984375 0.06207275390625 0.188095092773437
-0.15509033203125 -0.366485595703125 0.00278472900390625 -0.1219482421875
-0.243682861328125 -0.240127563476563 -0.0378913879394531 -0.052703857421875
-0.35650634765625 -0.0418701171875 -0.0431060791015625 0.00320053100585938
-0.237411499023438 0.16912841796875 -0.00464820861816408 -0.00923538208007811
-0.075714111328125 0.257919311523438 -0.0387649536132813 -0.0246429443359375
0.115203857421875 0.207748413085938 -0.031463623046875 -0.0249538421630859
0.193756103515625 0.129379272460937 -0.0447578430175781 -0.0115928649902344
0.182113647460938 0.148849487304688 -0.0648422241210938 -0.0119171142578125
0.211837768554688 0.132461547851563 -0.0592155456542969 -0.0120277404785156
0.135848999023438 0.184310913085938 -0.0587158203125 -0.051239013671875
0.00883483886718751 0.254669189453125 -0.0481033325195313 -0.0794296264648437
-0.173324584960938 0.21832275390625 0.037567138671875 -0.0744171142578125
-0.33050537109375 -0.014404296875 0.102584838867187 -0.0238723754882813
-0.2794189453125 -0.1851806640625 0.0574378967285156 0.0666122436523437
-0.172454833984375 -0.355438232421875 0.0146408081054687 0.0726394653320312
-0.15020751953125 -0.3035888671875 -0.041107177734375 -0.23590087890625
-0.219879150390625 -0.191253662109375 -0.0929489135742188 -0.10858154296875
-0.295440673828125 -0.0252990722656249 -0.0490989685058594 -0.00652694702148437
-0.191085815429687 0.142715454101563 -2.28881835937599E-05 -0.0396003723144531
-0.0655059814453125 0.209640502929687 -0.0410079956054688 -0.0736618041992187
0.08831787109375 0.176071166992188 -0.0691680908203125 -0.0799179077148437
0.152542114257813 0.116455078125 -0.114486694335937 -0.0508193969726563
0.144927978515625 0.1312255859375 -0.132919311523438 -0.0403976440429687
0.168441772460938 0.122650146484375 -0.128326416015625 -0.0448837280273438
0.0989532470703125 0.156906127929688 -0.103912353515625 -0.0927810668945313
-0.0065155029296875 0.205535888671875 -0.0657882690429688 -0.112861633300781
-0.147567749023437 0.163742065429688 0.025482177734375 -0.0980224609375
-0.262527465820312 -0.0267639160156249 0.077606201171875 -0.032470703125
-0.218841552734375 -0.15460205078125 -0.00554466247558595 0.0302104949951172
-0.14642333984375 -0.2984619140625 -0.0321159362792969 -0.0367240905761719
-0.120773315429687 -0.193206787109375 -0.0838623046875 -0.32684326171875
-0.158462524414063 -0.109710693359375 -0.141387939453125 -0.155410766601563
-0.181488037109375 -0.00477600097656246 -0.0569381713867188 -0.0173416137695313
-0.10955810546875 0.0905685424804688 -0.00465393066406251 -0.058624267578125
-0.043487548828125 0.124900817871094 -0.0403213500976563 -0.10296630859375
0.047393798828125 0.114822387695312 -0.0959091186523438 -0.116958618164063
0.0885772705078125 0.0839996337890625 -0.16650390625 -0.0793304443359375
0.0860595703125 0.094390869140625 -0.181564331054688 -0.0632171630859375
0.0989227294921875 0.0957183837890625 -0.177032470703125 -0.072967529296875
0.04638671875 0.108505249023438 -0.129310607910156 -0.123550415039063
-0.023223876953125 0.127220153808594 -0.0654525756835937 -0.133331298828125
-0.103240966796875 0.0837326049804688 0.0212173461914062 -0.108314514160156
-0.157302856445313 -0.039398193359375 0.0561294555664063 -0.03179931640625
-0.124618530273437 -0.103919982910156 -0.0514945983886719 -0.00176239013671877
-0.09808349609375 -0.197189331054688 -0.0667648315429688 -0.12353515625
-0.0688514709472656 -0.0539588928222656 -0.11932373046875 -0.37969970703125
-0.0723342895507813 -0.0152511596679687 -0.178436279296875 -0.186065673828125
-0.0452423095703125 0.0140037536621094 -0.0690383911132813 -0.0236740112304687
-0.0172576904296875 0.0255451202392578 -0.0172615051269531 -0.0608062744140625
-0.0172328948974609 0.0235824584960938 -0.0364761352539063 -0.108924865722656
-0.00131607055664062 0.03759765625 -0.106849670410156 -0.129470825195312
0.010589599609375 0.0396385192871094 -0.191696166992187 -0.0933380126953125
0.0142555236816406 0.0432243347167969 -0.202392578125 -0.0768280029296875
0.0161781311035156 0.053375244140625 -0.199050903320313 -0.0931549072265625
-0.0084991455078125 0.0450248718261719 -0.132492065429688 -0.140899658203125
-0.0319137573242188 0.0363540649414062 -0.0500411987304687 -0.139152526855469
-0.0431442260742188 0.00368881225585937 0.0238800048828125 -0.106071472167969
-0.0386810302734375 -0.034942626953125 0.0401573181152344 -0.0261344909667969
-0.0257129669189453 -0.0343894958496094 -0.0744705200195312 -0.0268630981445313
-0.0418510437011719 -0.0693931579589844 -0.0830230712890625 -0.176742553710938
-0.00840759277343751 -0.0910720825195313 0.1177978515625 0.1842041015625
-0.0510025024414063 -0.0550346374511719 0.100112915039063 0.0530853271484375
-0.0811691284179687 0.00863647460937502 -0.0367851257324219 0.00656890869140625
-0.0412521362304688 0.0559959411621094 -0.040130615234375 0.0847625732421875
0.0217552185058594 0.0652847290039063 0.0111465454101562 0.133644104003906
0.0579681396484375 0.0193252563476563 0.10845947265625 0.136001586914063
0.06524658203125 -0.00465774536132812 0.194351196289063 0.0853424072265625
0.0574798583984375 0.00958633422851563 0.191986083984375 0.0703582763671875
0.0627899169921875 1.1444091796875E-05 0.185409545898438 0.0886383056640625
0.05029296875 0.0373039245605469 0.116477966308594 0.118316650390625
0.00864028930664063 0.0647926330566406 0.0468597412109375 0.088043212890625
-0.0559959411621094 0.0562019348144531 0.0447120666503906 0.0576286315917969
-0.0754852294921875 -0.019775390625 0.100433349609375 0.0524673461914062
-0.0459785461425781 -0.0594024658203125 0.187026977539063 0.1636962890625
0.00215911865234375 -0.0717086791992188 0.117828369140625 0.392303466796875
-0.0670928955078125 -0.212722778320313 0.105209350585937 0.157882690429688
-0.124343872070313 -0.132591247558594 0.090057373046875 0.0538253784179687
-0.191085815429688 -0.01165771484375 -0.0341587066650391 0.00776863098144531
-0.117958068847656 0.103958129882813 -0.0353050231933594 0.0676994323730469
-0.00561523437500002 0.148788452148438 -0.00753784179687499 0.113319396972656
0.0976104736328125 0.0899581909179688 0.0841293334960938 0.120292663574219
0.134452819824219 0.0408859252929688 0.1611328125 0.0788421630859375
0.124526977539063 0.0623550415039063 0.152938842773438 0.0609588623046875
0.138359069824219 0.0488815307617188 0.150482177734375 0.0738067626953125
0.09576416015625 0.102935791015625 0.0921554565429688 0.0873489379882813
0.00898742675781249 0.1513671875 0.0328941345214844 0.0544776916503906
-0.116851806640625 0.129714965820312 0.0556640625 0.0323905944824219
-0.19281005859375 -0.02642822265625 0.120018005371094 0.03717041015625
-0.147140502929687 -0.126937866210938 0.19049072265625 0.156753540039063
-0.0680084228515625 -0.201919555664063 0.1217041015625 0.358184814453125
-0.11651611328125 -0.308258056640625 0.0797042846679687 0.0921859741210937
-0.1873779296875 -0.198883056640625 0.0623512268066406 0.0359840393066406
-0.28594970703125 -0.028839111328125 -0.0331344604492188 0.0116043090820313
-0.186141967773438 0.143661499023437 -0.0257530212402344 0.0477676391601563
-0.0352783203125 0.216751098632812 -0.0214080810546875 0.078948974609375
0.121856689453125 0.152877807617188 0.0506591796875 0.0850601196289063
0.18328857421875 0.081787109375 0.10540771484375 0.0585098266601563
0.172531127929688 0.106094360351563 0.0907516479492188 0.0433807373046875
0.195022583007813 0.08837890625 0.0922927856445313 0.0501556396484375
0.13177490234375 0.151763916015625 0.0509719848632813 0.0448417663574219
0.0157012939453125 0.2196044921875 0.0104904174804688 0.0120601654052735
-0.155776977539062 0.193740844726563 0.0580253601074219 -0.00181961059570311
-0.2877197265625 -0.017242431640625 0.127838134765625 0.0141830444335938
-0.235336303710938 -0.169326782226562 0.169631958007812 0.133316040039063
-0.1322021484375 -0.299285888671875 0.103668212890625 0.284912109375
-0.150665283203125 -0.362152099609375 0.0442314147949219 -0.00517654418945315
-0.234146118164062 -0.236495971679688 0.0183181762695312 -0.000669479370117202
-0.348175048828125 -0.0345458984374999 -0.0361061096191406 0.0127830505371094
-0.228622436523437 0.171173095703125 -0.013509750366211 0.0224151611328125
-0.0567779541015625 0.25860595703125 -0.0310192108154297 0.0317916870117188
0.130401611328125 0.192535400390625 0.0110034942626953 0.0337505340576172
0.204757690429687 0.110504150390625 0.0334510803222656 0.0265636444091797
0.194793701171875 0.133712768554688 0.0141830444335938 0.0185985565185547
0.222244262695312 0.11334228515625 0.0187950134277344 0.0211238861083984
0.14971923828125 0.177322387695313 -0.00289797782897948 -0.00255370140075683
0.0216064453125 0.25604248046875 -0.0194911956787109 -0.0332660675048828
-0.17041015625 0.231491088867187 0.0499191284179687 -0.0398597717285156
-0.338775634765625 -0.00341796875000005 0.119857788085937 -0.009613037109375
-0.28631591796875 -0.18310546875 0.122840881347656 0.100120544433594
-0.17547607421875 -0.35040283203125 0.066192626953125 0.183639526367187
-0.166778564453125 -0.35784912109375 6.10351562499842E-05 -0.119735717773438
-0.250381469726563 -0.23101806640625 -0.0377655029296875 -0.051055908203125
-0.3548583984375 -0.02655029296875 -0.0407524108886719 0.00809478759765625
-0.22955322265625 0.176071166992188 -0.00395202636718751 -0.00852441787719726
-0.0644378662109375 0.25830078125 -0.0380516052246094 -0.0221023559570312
0.1204833984375 0.199661254882813 -0.0325946807861328 -0.0250740051269531
0.194107055664063 0.119888305664062 -0.0439453125 -0.0111579895019531
0.186019897460938 0.140899658203125 -0.0645942687988281 -0.0085601806640625
0.213699340820313 0.122268676757812 -0.0594825744628906 -0.00921630859375
0.139236450195313 0.176528930664063 -0.0602149963378906 -0.0482368469238281
0.0181732177734375 0.2506103515625 -0.0500869750976563 -0.0753707885742187
-0.163284301757812 0.223297119140625 0.0350875854492188 -0.0743331909179687
-0.32965087890625 -0.00234985351562502 0.0986328125 -0.0273971557617187
-0.281524658203125 -0.1754150390625 0.0583152770996094 0.0645637512207031
-0.184295654296875 -0.34747314453125 0.01531982421875 0.0707931518554687
-0.159942626953125 -0.296539306640625 -0.04705810546875 -0.230804443359375
-0.225555419921875 -0.183258056640625 -0.0945816040039063 -0.104598999023438
-0.294586181640625 -0.013763427734375 -0.0468177795410156 -0.00239944458007812
-0.18402099609375 0.147903442382813 -0.000343322753906261 -0.0385093688964844
-0.0561676025390625 0.210586547851563 -0.0419921875 -0.0701904296875
0.093048095703125 0.171096801757813 -0.0711593627929688 -0.078704833984375
0.153656005859375 0.108856201171875 -0.115081787109375 -0.0469818115234375
0.149398803710938 0.124923706054688 -0.133544921875 -0.034393310546875
0.170669555664063 0.114227294921875 -0.128868103027344 -0.0385665893554687
0.102951049804687 0.1510009765625 -0.106857299804688 -0.087738037109375
0.00173950195312501 0.202560424804688 -0.0684814453125 -0.108421325683594
-0.139602661132813 0.168624877929688 0.0222702026367187 -0.097198486328125
-0.263504028320312 -0.0174102783203125 0.07373046875 -0.035003662109375
-0.22149658203125 -0.147247314453125 -0.00471687316894533 0.0308856964111328
-0.1561279296875 -0.291961669921875 -0.0344161987304688 -0.0349845886230469
-0.12689208984375 -0.187759399414063 -0.09246826171875 -0.319091796875
-0.1607666015625 -0.10455322265625 -0.14434814453125 -0.149307250976563
-0.181427001953125 0.00256347656249997 -0.0552864074707031 -0.0142936706542969
-0.105384826660156 0.09295654296875 -0.00576400756835939 -0.0573081970214844
-0.0375900268554688 0.125640869140625 -0.0422439575195313 -0.0993499755859375
0.050994873046875 0.11212158203125 -0.098541259765625 -0.114212036132813
0.0899124145507813 0.0800018310546875 -0.168060302734375 -0.073760986328125
0.08917236328125 0.0903396606445313 -0.182296752929688 -0.05517578125
0.101875305175781 0.0898818969726562 -0.178634643554688 -0.064697265625
0.0498275756835937 0.105148315429688 -0.132720947265625 -0.117271423339844
-0.0182037353515625 0.126472473144531 -0.0688323974609375 -0.128860473632813
-0.0995025634765625 0.0880889892578125 0.0174102783203125 -0.106719970703125
-0.15887451171875 -0.0329742431640625 0.052764892578125 -0.0334892272949219
-0.127616882324219 -0.0999603271484375 -0.0513381958007813 0.00112915039062499
-0.105422973632812 -0.193984985351563 -0.0706024169921875 -0.119384765625
-0.0700340270996094 -0.0524559020996094 -0.129974365234375 -0.369964599609375
-0.0721282958984375 -0.0129165649414063 -0.182342529296875 -0.177444458007812
-0.0450820922851563 0.0149269104003906 -0.0672149658203125 -0.0216941833496094
-0.0159111022949219 0.0254249572753906 -0.0177040100097656 -0.0584297180175781
-0.0154571533203125 0.0250434875488281 -0.0390243530273438 -0.104995727539063
0.000503540039062497 0.0387153625488281 -0.109550476074219 -0.126457214355469
0.0119895935058594 0.0387153625488281 -0.19427490234375 -0.086639404296875
0.0155868530273437 0.0422096252441406 -0.204696655273437 -0.067901611328125
0.0191688537597656 0.052001953125 -0.200973510742187 -0.08319091796875
-0.00678253173828125 0.044952392578125 -0.136611938476563 -0.134963989257812
-0.0296745300292969 0.0370979309082031 -0.053314208984375 -0.135498046875
-0.0420570373535156 0.00601577758789063 0.0200424194335938 -0.104598999023438
-0.041473388671875 -0.0323829650878906 0.0383071899414063 -0.0269813537597656
-0.0277423858642578 -0.0340538024902344 -0.07440185546875 -0.0228500366210938
-0.0449638366699219 -0.0681533813476563 -0.08843994140625 -0.1712646484375
-0.00899505615234376 -0.0895843505859375 0.118637084960938 0.182403564453125
-0.0512313842773438 -0.0539779663085937 0.101242065429687 0.0521011352539063
-0.0804595947265625 0.00912475585937502 -0.0360794067382813 0.00863265991210938
-0.0409011840820312 0.0556869506835938 -0.0390853881835938 0.0838623046875
0.0220947265625 0.063323974609375 0.011474609375 0.131546020507813
0.0562858581542969 0.0179290771484375 0.108741760253906 0.135528564453125
0.0633964538574219 -0.00542831420898438 0.195358276367188 0.0826568603515625
0.056976318359375 0.0090789794921875 0.193389892578125 0.067535400390625
0.0607032775878906 -0.00083160400390625 0.186355590820313 0.0850982666015625
0.0495071411132812 0.0358772277832031 0.118278503417969 0.117256164550781
0.00881576538085938 0.0639610290527344 0.0467681884765625 0.0875091552734375
-0.0547561645507813 0.0570449829101563 0.0453910827636719 0.0561103820800781
-0.0744857788085938 -0.0192337036132812 0.0999298095703125 0.0506973266601563
-0.0459251403808594 -0.0580253601074219 0.186447143554688 0.1602783203125
0.00165557861328124 -0.07061767578125 0.11859130859375 0.38677978515625
-0.068878173828125 -0.209487915039063 0.106597900390625 0.156280517578125
-0.124557495117188 -0.131370544433594 0.0920944213867187 0.052154541015625
-0.18975830078125 -0.00910949707031252 -0.0322723388671875 0.0108013153076172
-0.115997314453125 0.104255676269531 -0.0344505310058594 0.0666236877441406
-0.00375366210937499 0.146682739257813 -0.00682067871093749 0.112457275390625
0.095947265625 0.0878219604492188 0.0843734741210937 0.119758605957031
0.132698059082031 0.0388031005859375 0.162216186523438 0.0764312744140625
0.124649047851563 0.061065673828125 0.154861450195313 0.0590362548828125
0.136802673339844 0.046295166015625 0.152206420898437 0.071258544921875
0.0951156616210938 0.10076904296875 0.0938186645507812 0.0873184204101563
0.00994873046875 0.149887084960937 0.0325126647949219 0.0551376342773438
-0.115158081054687 0.130332946777344 0.0561599731445312 0.0311126708984375
-0.192916870117188 -0.0250244140625 0.119239807128906 0.0351181030273438
-0.14654541015625 -0.125289916992188 0.1903076171875 0.152999877929688
-0.069976806640625 -0.200088500976563 0.12213134765625 0.353485107421875
-0.11834716796875 -0.30535888671875 0.0810623168945312 0.0916824340820313
-0.188278198242188 -0.1968994140625 0.0644302368164062 0.0345840454101562
-0.284515380859375 -0.02471923828125 -0.030843734741211 0.0144691467285156
-0.183303833007813 0.144683837890625 -0.0248031616210938 0.0472259521484375
-0.0316162109375 0.215713500976563 -0.020416259765625 0.078704833984375
0.121322631835938 0.148117065429688 0.0506668090820313 0.0845947265625
0.181838989257813 0.078643798828125 0.106201171875 0.0567092895507813
0.173233032226563 0.104324340820313 0.0917816162109375 0.0423126220703125
0.193817138671875 0.084716796875 0.09356689453125 0.0489273071289063
0.13214111328125 0.149078369140625 0.0518112182617187 0.0450248718261719
0.0173797607421875 0.217422485351563 0.0099172592163086 0.013031005859375
-0.153274536132813 0.1951904296875 0.0586776733398438 -0.00249099731445311
-0.2874755859375 -0.014923095703125 0.125778198242187 0.0124740600585937
-0.234329223632813 -0.16754150390625 0.169052124023437 0.130661010742188
-0.136260986328125 -0.29705810546875 0.103256225585938 0.28082275390625
-0.153656005859375 -0.35784912109375 0.0455436706542969 -0.00510025024414065
-0.235488891601563 -0.234619140625 0.0199337005615234 -0.00215530395507814
-0.347625732421875 -0.0291442871093749 -0.0328102111816406 0.0160026550292969
-0.225692749023437 0.173110961914063 -0.0123519897460938 0.0224475860595703
-0.05230712890625 0.257400512695313 -0.0302772521972656 0.0324172973632813
0.13079833984375 0.1885986328125 0.0102024078369141 0.0331668853759766
0.2030029296875 0.107208251953125 0.034423828125 0.0253028869628906
0.19610595703125 0.131103515625 0.0151138305664063 0.0189075469970703
0.221282958984375 0.109024047851563 0.0194492340087891 0.0211715698242188
0.149612426757813 0.173690795898438 -0.00250554084777831 -0.0013906955718994
0.0246734619140625 0.253936767578125 -0.0202159881591797 -0.0314311981201172
-0.166976928710937 0.233154296875 0.0503311157226562 -0.03973388671875
-0.3394775390625 -0.000640869140624995 0.117195129394531 -0.01092529296875
-0.286102294921875 -0.181854248046875 0.121772766113281 0.0986709594726562
-0.178985595703125 -0.3489990234375 0.0652313232421875 0.181365966796875
-0.169708251953125 -0.354522705078125 0.00102233886718748 -0.118667602539063
-0.251937866210937 -0.22943115234375 -0.0366325378417969 -0.0515365600585938
-0.35455322265625 -0.0218505859374999 -0.0376853942871094 0.0106887817382812
-0.226364135742188 0.177597045898437 -0.00283002853393556 -0.00811004638671874
-0.0601959228515625 0.258392333984375 -0.0369110107421875 -0.0211639404296875
0.121109008789063 0.196395874023437 -0.0335273742675781 -0.0254573822021484
0.193313598632813 0.116378784179688 -0.0440330505371094 -0.0115013122558594
0.188140869140625 0.138412475585937 -0.0640220642089844 -0.00695419311523437
0.213333129882813 0.118179321289062 -0.0592994689941406 -0.00735855102539062
0.139907836914063 0.173309326171875 -0.0601272583007813 -0.0468482971191406
0.0203094482421875 0.247772216796875 -0.0502090454101563 -0.0725860595703125
-0.160476684570313 0.224884033203125 0.0350875854492188 -0.0736541748046875
-0.330902099609375 0.00152587890625 0.0961990356445313 -0.0282745361328125
-0.281494140625 -0.173736572265625 0.0577659606933594 0.0648269653320312
-0.18804931640625 -0.346466064453125 0.0143280029296875 0.0705795288085937
-0.16217041015625 -0.29412841796875 -0.047149658203125 -0.228286743164063
-0.225936889648438 -0.182769775390625 -0.0938262939453125 -0.103439331054688
-0.29449462890625 -0.00933837890625 -0.0440139770507813 -0.000797271728515618
-0.181930541992188 0.149368286132813 0.000190734863281241 -0.0374641418457031
-0.0531158447265625 0.210662841796875 -0.0414390563964844 -0.0683021545410156
0.0934600830078125 0.168777465820312 -0.0723037719726563 -0.0787811279296875
0.15362548828125 0.1064453125 -0.116142272949219 -0.0462722778320312
0.150863647460938 0.12359619140625 -0.133712768554688 -0.03240966796875
0.171249389648438 0.110992431640625 -0.129646301269531 -0.0359878540039062
0.103378295898438 0.14874267578125 -0.107208251953125 -0.0855712890625
0.00379943847656248 0.200897216796875 -0.0684432983398438 -0.105522155761719
-0.137557983398438 0.170379638671875 0.0215835571289063 -0.096221923828125
-0.26470947265625 -0.013580322265625 0.0717544555664063 -0.0352096557617188
-0.221023559570313 -0.145950317382813 -0.00461578369140626 0.0318813323974609
-0.159759521484375 -0.291839599609375 -0.0353775024414063 -0.0332412719726563
-0.128036499023438 -0.187271118164062 -0.093597412109375 -0.31561279296875
-0.16119384765625 -0.103713989257813 -0.144256591796875 -0.14764404296875
-0.181610107421875 0.00395202636718748 -0.0533218383789063 -0.0130767822265625
-0.1041259765625 0.0936355590820312 -0.00546646118164063 -0.0561943054199219
-0.0355148315429687 0.126625061035156 -0.0418014526367187 -0.097320556640625
0.0514068603515625 0.111946105957031 -0.0991439819335938 -0.114578247070312
0.0904769897460938 0.078277587890625 -0.169692993164063 -0.07196044921875
0.0908584594726563 0.0891189575195313 -0.183792114257813 -0.052490234375
0.103012084960938 0.0884017944335938 -0.179153442382813 -0.060882568359375
0.0506057739257812 0.103675842285156 -0.134033203125 -0.115715026855469
-0.0162506103515625 0.125511169433594 -0.0687332153320313 -0.126197814941406
-0.0971145629882812 0.0894927978515625 0.0166473388671875 -0.105499267578125
-0.160614013671875 -0.0305633544921875 0.0512847900390625 -0.0334014892578125
-0.128166198730469 -0.099639892578125 -0.0509376525878906 0.00294113159179686
-0.107574462890625 -0.193572998046875 -0.0719223022460937 -0.116500854492188
-0.0707244873046875 -0.0529556274414063 -0.1309814453125 -0.365264892578125
-0.0715560913085938 -0.0128631591796875 -0.183074951171875 -0.175079345703125
-0.0452651977539063 0.0151290893554687 -0.0664024353027344 -0.0215950012207031
-0.0158157348632813 0.0252666473388672 -0.0178070068359375 -0.0575790405273437
-0.0155010223388672 0.0261878967285156 -0.0386123657226563 -0.103172302246094
0.00146484375 0.0390129089355469 -0.110275268554687 -0.126823425292969
0.0129547119140625 0.03857421875 -0.196014404296875 -0.08502197265625
0.0169143676757813 0.0423507690429688 -0.206253051757813 -0.0648193359375
0.0206947326660156 0.0515480041503906 -0.20196533203125 -0.079345703125
-0.005889892578125 0.0447311401367188 -0.1383056640625 -0.132980346679688
-0.0283164978027344 0.0371589660644531 -0.05340576171875 -0.133712768554688
-0.0416755676269531 0.00722503662109376 0.0183258056640625 -0.103111267089844
-0.042724609375 -0.030853271484375 0.0371856689453125 -0.0268135070800781
-0.0284690856933594 -0.0345802307128906 -0.0745086669921875 -0.020538330078125
-0.0464057922363281 -0.0691261291503906 -0.08892822265625 -0.16845703125
-0.00837707519531249 -0.0901947021484375 0.119674682617187 0.186065673828125
-0.0513801574707031 -0.0549659729003906 0.104576110839844 0.052520751953125
-0.0808792114257813 0.00951385498046875 -0.0351943969726563 0.00969314575195313
-0.0418815612792969 0.0564308166503906 -0.0398712158203125 0.0842208862304688
0.021697998046875 0.0634765625 0.0098876953125 0.133567810058594
0.0558547973632813 0.01739501953125 0.109832763671875 0.140037536621094
0.0633354187011719 -0.00539398193359375 0.199600219726563 0.0844268798828125
0.0573997497558594 0.0092315673828125 0.198333740234375 0.0690155029296875
0.0606918334960938 -0.00108718872070313 0.191085815429688 0.0870208740234375
0.0498580932617187 0.0362815856933594 0.120857238769531 0.121246337890625
0.00857162475585937 0.0649986267089844 0.0461273193359375 0.0902099609375
-0.0559272766113281 0.0578536987304688 0.0458564758300781 0.0563507080078125
-0.0756759643554688 -0.0203704833984375 0.101264953613281 0.0503997802734375
-0.0459861755371094 -0.0581703186035156 0.18792724609375 0.16217041015625
0.00163269042968749 -0.0707778930664063 0.11669921875 0.392059326171875
-0.0691680908203125 -0.212326049804688 0.108657836914063 0.15924072265625
-0.125839233398438 -0.134231567382813 0.0950241088867187 0.0526504516601563
-0.1925048828125 -0.00897216796874996 -0.0306015014648438 0.0129566192626953
-0.118629455566406 0.105964660644531 -0.03472900390625 0.0674858093261719
-0.00398254394531251 0.14801025390625 -0.0079498291015625 0.113990783691406
0.0956954956054688 0.0878524780273438 0.0847320556640625 0.123207092285156
0.133201599121094 0.0394668579101563 0.16619873046875 0.0776824951171875
0.126846313476563 0.062896728515625 0.158828735351563 0.060760498046875
0.137702941894531 0.046966552734375 0.156097412109375 0.0729827880859375
0.0956954956054687 0.101783752441406 0.0959625244140625 0.0898361206054688
0.00973510742187498 0.152069091796875 0.0319328308105469 0.0571937561035156
-0.116867065429688 0.133010864257812 0.0574913024902344 0.031341552734375
-0.196914672851563 -0.0263671875 0.120315551757813 0.0353317260742188
-0.147903442382813 -0.127822875976563 0.191604614257813 0.156234741210938
-0.0711822509765625 -0.204345703125 0.120086669921875 0.358428955078125
-0.119415283203125 -0.309722900390625 0.0832748413085938 0.093505859375
-0.190414428710937 -0.201690673828125 0.06707763671875 0.03448486328125
-0.28912353515625 -0.024810791015625 -0.0288276672363281 0.0171089172363281
-0.186614990234375 0.146591186523438 -0.0245399475097656 0.0483894348144531
-0.0323638916015625 0.21832275390625 -0.02081298828125 0.0805206298828125
0.121078491210938 0.150375366210938 0.0501632690429688 0.086883544921875
0.183074951171875 0.079925537109375 0.109123229980469 0.0567245483398438
0.177276611328125 0.10687255859375 0.0945281982421875 0.0433197021484375
0.195037841796875 0.085784912109375 0.0964431762695313 0.0499954223632813
0.133102416992188 0.151199340820313 0.0537109375 0.0471687316894531
0.0166168212890625 0.220596313476563 0.00959396362304688 0.0153141021728516
-0.15667724609375 0.199310302734375 0.0609245300292969 -0.00257873535156249
-0.29473876953125 -0.0160522460937501 0.126594543457031 0.0130081176757812
-0.237472534179687 -0.17205810546875 0.170181274414062 0.13336181640625
-0.137908935546875 -0.304779052734375 0.101593017578125 0.28521728515625
-0.155364990234375 -0.364105224609375 0.0471649169921875 -0.00444030761718752
-0.239273071289063 -0.240386962890625 0.0215358734130859 -0.00244712829589845
-0.353668212890625 -0.0294189453125 -0.0307178497314453 0.0184059143066406
-0.22991943359375 0.17559814453125 -0.0118789672851563 0.0232372283935547
-0.0533294677734375 0.261688232421875 -0.0299644470214844 0.0336494445800781
0.130935668945313 0.19110107421875 0.00970649719238282 0.0335350036621094
0.2049560546875 0.10858154296875 0.0354499816894531 0.0245780944824219
0.2003173828125 0.134628295898438 0.0161705017089844 0.0197582244873047
0.223770141601562 0.110443115234375 0.0204944610595703 0.02197265625
0.150772094726563 0.176376342773438 -0.00190627574920653 -0.00074625015258788
0.023834228515625 0.257659912109375 -0.0205059051513672 -0.0304317474365234
-0.171066284179688 0.238067626953125 0.0524864196777344 -0.0403594970703125
-0.34771728515625 -0.00134277343749994 0.117568969726562 -0.010284423828125
-0.289642333984375 -0.18695068359375 0.122718811035156 0.101699829101562
-0.18316650390625 -0.35711669921875 0.0637054443359375 0.184799194335937
-0.172088623046875 -0.360443115234375 0.00220489501953124 -0.119941711425781
-0.256439208984375 -0.236114501953125 -0.0358772277832031 -0.0530014038085938
-0.36181640625 -0.02203369140625 -0.0358314514160157 0.0127601623535156
-0.231292724609375 0.18048095703125 -0.00216960906982423 -0.00764369964599608
-0.060546875 0.262725830078125 -0.036895751953125 -0.0202407836914062
0.121505737304687 0.199859619140625 -0.0341072082519531 -0.0267429351806641
0.19537353515625 0.118804931640625 -0.0448150634765625 -0.0125541687011719
0.193145751953125 0.142196655273438 -0.0647735595703125 -0.00643920898437499
0.216140747070313 0.119720458984375 -0.0601730346679687 -0.00690841674804687
0.140487670898438 0.1766357421875 -0.0608444213867188 -0.0469398498535156
0.0200653076171875 0.251983642578125 -0.0508193969726562 -0.0726852416992188
-0.163497924804688 0.229812622070312 0.0366668701171875 -0.0741043090820312
-0.33868408203125 0.00125122070312495 0.0965423583984375 -0.0278778076171875
-0.28607177734375 -0.17962646484375 0.0578689575195312 0.0667877197265625
-0.191925048828125 -0.355010986328125 0.012969970703125 0.0725860595703125
-0.16363525390625 -0.301055908203125 -0.046173095703125 -0.231781005859375
-0.230392456054688 -0.188323974609375 -0.095123291015625 -0.106239318847656
-0.3013916015625 -0.009674072265625 -0.0428237915039063 0.000205993652343752
-0.185806274414063 0.151702880859375 0.000926971435546866 -0.0373344421386719
-0.0538330078125 0.215316772460938 -0.0403823852539063 -0.0691452026367187
0.0942840576171875 0.171737670898438 -0.0736007690429688 -0.0815963745117187
0.155014038085938 0.108474731445313 -0.118392944335937 -0.0476303100585937
0.155075073242188 0.127304077148438 -0.136787414550781 -0.0319061279296875
0.173812866210938 0.112869262695313 -0.132362365722656 -0.0357589721679688
0.103988647460937 0.151123046875 -0.109207153320313 -0.0868377685546875
0.00347900390624999 0.203689575195313 -0.0689010620117188 -0.106521606445313
-0.13958740234375 0.173690795898438 0.0231552124023437 -0.0971755981445313
-0.271759033203125 -0.0134735107421875 0.0716781616210937 -0.0350418090820312
-0.22503662109375 -0.151031494140625 -0.00508308410644533 0.0338516235351562
-0.16351318359375 -0.298919677734375 -0.0362167358398438 -0.0336227416992188
-0.129562377929688 -0.191513061523437 -0.09222412109375 -0.32025146484375
-0.164474487304688 -0.107559204101563 -0.146347045898437 -0.150833129882813
-0.18603515625 0.00392150878906249 -0.0525894165039063 -0.0137176513671875
-0.106918334960938 0.0944747924804687 -0.00460815429687501 -0.0562362670898438
-0.0365676879882813 0.130104064941406 -0.040435791015625 -0.098876953125
0.0523910522460938 0.114410400390625 -0.101234436035156 -0.118644714355469
0.0918121337890625 0.0800399780273438 -0.173751831054688 -0.074127197265625
0.0937347412109375 0.0924758911132813 -0.187850952148438 -0.052398681640625
0.104866027832031 0.0898056030273438 -0.1826171875 -0.0610198974609375
0.051116943359375 0.10614013671875 -0.136611938476563 -0.117431640625
-0.0166244506835938 0.126640319824219 -0.069061279296875 -0.128387451171875
-0.0988311767578125 0.09173583984375 0.0175399780273437 -0.106071472167969
-0.16534423828125 -0.0296173095703125 0.0511817932128906 -0.0329017639160156
-0.130447387695313 -0.103019714355469 -0.0517578125 0.00440979003906248
-0.110687255859375 -0.198654174804688 -0.072021484375 -0.117576599121094
-0.0716781616210937 -0.0551071166992188 -0.129730224609375 -0.371307373046875
-0.0725784301757813 -0.0146026611328125 -0.186248779296875 -0.17877197265625
-0.0471153259277344 0.0144119262695312 -0.0665283203125 -0.0230216979980469
-0.0164985656738281 0.0249958038330078 -0.0172500610351563 -0.0583038330078125
-0.0157089233398437 0.0278148651123047 -0.0368576049804687 -0.105133056640625
0.00225830078125 0.0407218933105469 -0.111793518066406 -0.131080627441406
0.0132789611816406 0.0394706726074219 -0.200653076171875 -0.086639404296875
0.0175056457519531 0.0432243347167969 -0.211029052734375 -0.0652618408203125
0.0220527648925781 0.0527877807617188 -0.206863403320312 -0.079498291015625
-0.005401611328125 0.0456695556640625 -0.141082763671875 -0.135467529296875
-0.0281753540039062 0.0374679565429688 -0.0531768798828125 -0.135955810546875
-0.0419120788574219 0.0088348388671875 0.0188522338867187 -0.10400390625
-0.045013427734375 -0.0307807922363281 0.0371131896972656 -0.0265655517578125
-0.0298843383789063 -0.0358810424804688 -0.07562255859375 -0.0199203491210937
-0.048187255859375 -0.071319580078125 -0.0888671875 -0.170989990234375
-0.00884246826171874 -0.0929336547851563 0.1265869140625 0.193832397460938
-0.0534286499023437 -0.0560874938964844 0.110923767089844 0.0532913208007813
-0.0836257934570313 0.010772705078125 -0.0348396301269531 0.01153564453125
-0.0431404113769531 0.0590858459472656 -0.0410308837890625 0.0871429443359375
0.0229110717773437 0.0645637512207031 0.00965118408203125 0.138999938964844
0.0569953918457031 0.0170822143554688 0.115005493164062 0.147048950195312
0.0647201538085937 -0.00555419921875 0.2098388671875 0.0860748291015625
0.05963134765625 0.00968551635742188 0.209991455078125 0.0695343017578125
0.0616226196289063 -0.00199508666992188 0.201934814453125 0.0887451171875
0.0516166687011719 0.0363311767578125 0.128196716308594 0.126930236816406
0.00942611694335937 0.0673332214355469 0.0478134155273437 0.0946807861328125
-0.0575332641601562 0.0610923767089844 0.0484809875488281 0.0576515197753906
-0.07891845703125 -0.0218353271484375 0.105560302734375 0.050445556640625
-0.0475387573242187 -0.0592880249023438 0.1951904296875 0.167282104492188
0.000549316406249997 -0.0736083984375 0.121063232421875 0.407012939453125
-0.072418212890625 -0.220062255859375 0.1142578125 0.165603637695313
-0.132034301757813 -0.13916015625 0.101119995117187 0.0534439086914062
-0.19970703125 -0.00732421875000001 -0.0299148559570313 0.0149936676025391
-0.122962951660156 0.111000061035156 -0.0358123779296875 0.0699920654296875
-0.00251770019531249 0.15325927734375 -0.00884246826171876 0.118942260742188
0.0984954833984375 0.0903091430664063 0.0883636474609375 0.129310607910156
0.137458801269531 0.0400238037109375 0.175308227539063 0.07879638671875
0.133476257324219 0.0648345947265625 0.168350219726563 0.061553955078125
0.142532348632813 0.047882080078125 0.165603637695313 0.0742340087890625
0.0998916625976563 0.10491943359375 0.102546691894531 0.0942840576171875
0.0106201171875 0.158248901367188 0.0327415466308594 0.0608329772949219
-0.121513366699219 0.140022277832031 0.0610733032226562 0.0315971374511719
-0.20611572265625 -0.0265960693359375 0.124748229980469 0.0350570678710938
-0.154129028320313 -0.13311767578125 0.198760986328125 0.160446166992187
-0.076416015625 -0.212921142578125 0.123809814453125 0.37237548828125
-0.125213623046875 -0.3212890625 0.0885086059570312 0.0973281860351562
-0.200759887695313 -0.20947265625 0.0719146728515625 0.0347824096679687
-0.30108642578125 -0.022735595703125 -0.026885986328125 0.0200557708740234
-0.19317626953125 0.154617309570313 -0.0244026184082031 0.0498619079589844
-0.031524658203125 0.227203369140625 -0.0221023559570313 0.0839080810546875
0.12542724609375 0.154861450195313 0.0527191162109375 0.09088134765625
0.189773559570313 0.081695556640625 0.115394592285156 0.0574951171875
0.187332153320313 0.110885620117188 0.100654602050781 0.0445556640625
0.20361328125 0.087554931640625 0.103202819824219 0.052093505859375
0.138565063476563 0.156021118164063 0.057403564453125 0.0496788024902344
0.018768310546875 0.230133056640625 0.00966453552246094 0.0174961090087891
-0.162567138671875 0.209747314453125 0.06451416015625 -0.00342178344726561
-0.309600830078125 -0.0145874023437499 0.130828857421875 0.01312255859375
-0.24774169921875 -0.179443359375 0.176910400390625 0.137741088867188
-0.1473388671875 -0.317657470703125 0.10467529296875 0.296600341796875
-0.162261962890625 -0.377899169921875 0.0503730773925781 -0.00444793701171877
-0.251876831054688 -0.250335693359375 0.0238513946533203 -0.00375747680664064
-0.369293212890625 -0.0266723632812501 -0.0290565490722657 0.0211124420166016
-0.237991333007813 0.184799194335938 -0.0116615295410156 0.0244274139404297
-0.052490234375 0.27362060546875 -0.0308074951171875 0.0361099243164063
0.13623046875 0.197998046875 0.00984573364257813 0.0357170104980469
0.21307373046875 0.111373901367188 0.03790283203125 0.0246505737304688
0.212478637695313 0.139434814453125 0.0185165405273438 0.0206279754638672
0.233291625976563 0.113204956054688 0.0227241516113281 0.0237522125244141
0.157745361328125 0.182815551757813 -0.00150132179260253 0.000137925148010265
0.026702880859375 0.268524169921875 -0.0211315155029297 -0.0300312042236328
-0.176589965820312 0.251052856445313 0.0562820434570312 -0.0424461364746094
-0.364959716796875 0.00277709960937507 0.120956420898437 -0.0107192993164063
-0.303436279296875 -0.1949462890625 0.12744140625 0.106193542480469
-0.194671630859375 -0.373138427734375 0.0655517578125 0.192596435546875
-0.180694580078125 -0.375885009765625 0.00279235839843748 -0.124176025390625
-0.270217895507813 -0.246566772460937 -0.0369300842285156 -0.0563774108886719
-0.378204345703125 -0.01904296875 -0.0345230102539063 0.0148830413818359
-0.2401123046875 0.189697265625 -0.00156211853027345 -0.00756263732910155
-0.06060791015625 0.27545166015625 -0.0374794006347656 -0.0204658508300781
0.127578735351563 0.206878662109375 -0.0367851257324219 -0.0282516479492187
0.203872680664063 0.122100830078125 -0.0467643737792969 -0.0135955810546875
0.204452514648438 0.147796630859375 -0.0675239562988281 -0.00532150268554686
0.22625732421875 0.122802734375 -0.0620498657226562 -0.00577926635742186
0.147415161132813 0.18280029296875 -0.0635719299316406 -0.0477523803710937
0.0224151611328125 0.261764526367188 -0.052825927734375 -0.0741729736328125
-0.169708251953125 0.24139404296875 0.0394363403320313 -0.0771331787109375
-0.35595703125 0.00518798828125006 0.09869384765625 -0.02850341796875
-0.2996826171875 -0.187164306640625 0.0606842041015625 0.070831298828125
-0.2037353515625 -0.370361328125 0.0128555297851562 0.0764694213867187
-0.171905517578125 -0.312896728515625 -0.04833984375 -0.240341186523438
-0.242416381835938 -0.196426391601562 -0.099456787109375 -0.111122131347656
-0.315887451171875 -0.00753784179687504 -0.0426445007324219 0.00118637084960938
-0.192855834960938 0.159652709960937 0.00140380859374999 -0.0382499694824219
-0.0535430908203125 0.226303100585938 -0.04107666015625 -0.0711669921875
0.0992279052734375 0.179275512695313 -0.0778961181640625 -0.0858917236328125
0.162155151367188 0.112197875976563 -0.124359130859375 -0.0495529174804687
0.164825439453125 0.132461547851563 -0.142898559570313 -0.0314483642578125
0.182449340820312 0.116485595703125 -0.137771606445313 -0.03485107421875
0.108901977539063 0.157318115234375 -0.114982604980469 -0.0891799926757812
0.00477600097656251 0.212356567382813 -0.0713882446289063 -0.109222412109375
-0.144699096679687 0.183334350585938 0.0246353149414063 -0.100303649902344
-0.2855224609375 -0.01092529296875 0.0731658935546875 -0.0355682373046875
-0.235992431640625 -0.158309936523437 -0.00489425659179689 0.0369033813476562
-0.173858642578125 -0.311737060546875 -0.0379066467285156 -0.0338821411132813
-0.135299682617188 -0.200454711914063 -0.096435546875 -0.333251953125
-0.172698974609375 -0.113388061523437 -0.15374755859375 -0.157089233398437
-0.195755004882813 0.00505065917968748 -0.0539970397949219 -0.0141525268554687
-0.11175537109375 0.0996170043945313 -0.00470352172851563 -0.0580673217773438
-0.0368118286132813 0.137275695800781 -0.0408554077148438 -0.102836608886719
0.0552520751953125 0.119453430175781 -0.106796264648437 -0.12542724609375
0.0960845947265625 0.0828323364257813 -0.182632446289063 -0.0757904052734375
0.100326538085938 0.0962142944335938 -0.1971435546875 -0.052154541015625
0.111091613769531 0.0932159423828125 -0.19219970703125 -0.061370849609375
0.05364990234375 0.110221862792969 -0.144180297851563 -0.121261596679688
-0.0165023803710938 0.132148742675781 -0.0716171264648437 -0.132316589355469
-0.102043151855469 0.0971221923828125 0.0181884765625 -0.109573364257812
-0.174163818359375 -0.02850341796875 0.0523681640625 -0.0338020324707031
-0.13751220703125 -0.10772705078125 -0.0536766052246094 0.00630950927734373
-0.118194580078125 -0.207748413085938 -0.0750274658203125 -0.121902465820313
-0.075103759765625 -0.0581893920898438 -0.13531494140625 -0.38525390625
-0.075897216796875 -0.0158767700195313 -0.1953125 -0.18536376953125
-0.0506668090820313 0.0148124694824219 -0.0695915222167969 -0.0244407653808594
-0.0180339813232422 0.0257110595703125 -0.0184364318847656 -0.0597114562988281
-0.0160732269287109 0.0298538208007813 -0.0373764038085938 -0.1099853515625
0.00348663330078125 0.0434837341308594 -0.118141174316406 -0.139045715332031
0.0150566101074219 0.0413589477539063 -0.212127685546875 -0.0883941650390625
0.0196571350097656 0.0465278625488281 -0.222671508789063 -0.0651702880859375
0.0246429443359375 0.0554466247558594 -0.216995239257812 -0.0801239013671875
-0.00575637817382812 0.0482864379882813 -0.148529052734375 -0.13995361328125
-0.029205322265625 0.0395545959472656 -0.055328369140625 -0.140419006347656
-0.0433998107910156 0.00964736938476562 0.0189666748046875 -0.107521057128906
-0.0482521057128906 -0.0301094055175781 0.0373077392578125 -0.0266914367675781
-0.0324592590332031 -0.0377998352050781 -0.0784530639648437 -0.0190048217773438
-0.0516433715820313 -0.0749359130859375 -0.0924072265625 -0.17669677734375
-0.0123977661132813 -0.0963668823242187 0.1385498046875 0.200790405273438
-0.0571784973144531 -0.0564956665039062 0.11962890625 0.051788330078125
-0.0861358642578125 0.0138931274414062 -0.0341167449951172 0.0134086608886719
-0.0430526733398438 0.0629119873046875 -0.0398635864257813 0.091522216796875
0.0259437561035156 0.0661201477050781 0.0132904052734375 0.146591186523438
0.0592498779296875 0.0157356262207031 0.12652587890625 0.152755737304688
0.0664787292480469 -0.00777435302734375 0.225051879882813 0.08319091796875
0.0627899169921875 0.00822067260742188 0.224685668945313 0.065185546875
0.0634231567382812 -0.00368881225585937 0.217422485351563 0.08587646484375
0.0550346374511719 0.0365333557128906 0.140899658203125 0.129669189453125
0.0120468139648438 0.0706329345703125 0.0520172119140625 0.09912109375
-0.0580253601074219 0.0668373107910156 0.0530166625976563 0.0580596923828125
-0.0839157104492188 -0.0207443237304688 0.111984252929688 0.04833984375
-0.05133056640625 -0.0602836608886719 0.20867919921875 0.168472290039062
-0.00202941894531251 -0.0765838623046875 0.13653564453125 0.422882080078125
-0.0823822021484375 -0.227691650390625 0.124969482421875 0.171112060546875
-0.141876220703125 -0.14227294921875 0.109657287597656 0.0516128540039062
-0.208938598632813 -0.000747680664062535 -0.0281085968017578 0.0177440643310547
-0.125 0.120124816894531 -0.0346755981445312 0.0736770629882813
0.00225830078125 0.16033935546875 -0.006256103515625 0.125747680664063
0.104713439941406 0.0909957885742188 0.096923828125 0.134918212890625
0.14434814453125 0.0379486083984375 0.187896728515625 0.0764617919921875
0.143585205078125 0.064239501953125 0.181304931640625 0.058868408203125
0.150375366210938 0.045684814453125 0.179107666015625 0.0724945068359375
0.107307434082031 0.107208251953125 0.112136840820313 0.0967025756835938
0.0157928466796875 0.166366577148437 0.0359764099121094 0.0648231506347657
-0.12286376953125 0.151947021484375 0.0660247802734375 0.0302963256835938
-0.21875 -0.0214691162109375 0.13092041015625 0.0324630737304688
-0.165435791015625 -0.135269165039063 0.212249755859375 0.162002563476563
-0.087738037109375 -0.222213745117187 0.138916015625 0.386871337890625
-0.140625 -0.333160400390625 0.09649658203125 0.0996856689453125
-0.217025756835938 -0.214065551757812 0.07781982421875 0.0328903198242187
-0.316375732421875 -0.013214111328125 -0.024679183959961 0.0227565765380859
-0.19805908203125 0.167831420898438 -0.0233268737792969 0.0531692504882813
-0.02496337890625 0.239425659179687 -0.0206375122070312 0.0898208618164063
0.135086059570313 0.157882690429688 0.0582733154296875 0.0952835083007813
0.200302124023438 0.079803466796875 0.124069213867188 0.0554046630859375
0.201583862304688 0.11138916015625 0.109748840332031 0.043426513671875
0.216278076171875 0.0860137939453125 0.11199951171875 0.0508270263671875
0.149795532226563 0.15924072265625 0.0630531311035156 0.0508880615234375
0.0265350341796875 0.241424560546875 0.0106410980224609 0.0203304290771484
-0.164260864257812 0.227462768554688 0.0693321228027344 -0.00662994384765624
-0.32733154296875 -0.00527954101562504 0.136985778808594 0.00982666015625
-0.265777587890625 -0.18218994140625 0.1885986328125 0.139373779296875
-0.16583251953125 -0.329620361328125 0.11761474609375 0.30938720703125
-0.18194580078125 -0.391845703125 0.0542678833007812 -0.0052299499511719
-0.272689819335938 -0.2552490234375 0.026102066040039 -0.00553321838378908
-0.389312744140625 -0.014984130859375 -0.0264759063720703 0.0244636535644531
-0.244491577148438 0.201171875 -0.0105381011962891 0.0261898040771485
-0.045654296875 0.289154052734375 -0.030731201171875 0.0392532348632813
0.147903442382813 0.202850341796875 0.01123046875 0.0373344421386719
0.226318359375 0.110198974609375 0.0408592224121094 0.0235366821289063
0.2301025390625 0.140838623046875 0.0214767456054688 0.0219783782958984
0.24920654296875 0.111480712890625 0.027120590209961 0.0246124267578125
0.1707763671875 0.186660766601563 -0.000724256038665761 0.000213563442230236
0.03582763671875 0.280807495117188 -0.0233497619628906 -0.0288925170898437
-0.1783447265625 0.270294189453125 0.059814453125 -0.0469779968261719
-0.385467529296875 0.015228271484375 0.125480651855469 -0.0143585205078125
-0.32470703125 -0.197479248046875 0.136337280273437 0.108161926269531
-0.217620849609375 -0.38623046875 0.073150634765625 0.20111083984375
-0.201263427734375 -0.390472412109375 0.000724792480468737 -0.129623413085938
-0.292999267578125 -0.251495361328125 -0.0396041870117188 -0.0587654113769531
-0.399505615234375 -0.00750732421874992 -0.0330867767333985 0.0177364349365234
-0.247238159179688 0.20721435546875 -0.000919818878173844 -0.00686359405517577
-0.053680419921875 0.292633056640625 -0.0389938354492188 -0.0193443298339844
0.139877319335938 0.214141845703125 -0.0402450561523437 -0.0287284851074219
0.2176513671875 0.121505737304688 -0.0498199462890625 -0.0133819580078125
0.222808837890625 0.149444580078125 -0.0705642700195312 -0.0023345947265625
0.242263793945312 0.122344970703125 -0.0641746520996093 -0.00304794311523435
0.160110473632812 0.18695068359375 -0.0685615539550781 -0.0480308532714844
0.032073974609375 0.274002075195313 -0.0570449829101563 -0.0738449096679687
-0.170562744140625 0.2608642578125 0.0408554077148437 -0.0828933715820312
-0.37603759765625 0.01806640625 0.101722717285156 -0.0319366455078125
-0.32073974609375 -0.1888427734375 0.0657119750976562 0.073577880859375
-0.228118896484375 -0.38311767578125 0.0150909423828125 0.0806045532226562
-0.189788818359375 -0.32574462890625 -0.0563812255859375 -0.250320434570313
-0.262298583984375 -0.200607299804688 -0.108177185058594 -0.114059448242188
-0.334197998046875 0.00305175781249993 -0.042999267578125 0.00325775146484374
-0.198883056640625 0.173995971679688 0.000881195068359364 -0.0392112731933594
-0.0479888916015625 0.241073608398438 -0.0437469482421875 -0.07354736328125
0.109161376953125 0.18536376953125 -0.08599853515625 -0.0887069702148438
0.173248291015625 0.112533569335938 -0.133201599121094 -0.0484619140625
0.180557250976563 0.134597778320313 -0.151611328125 -0.0267333984375
0.196929931640625 0.1162109375 -0.145919799804688 -0.0304412841796875
0.118927001953125 0.161773681640625 -0.12396240234375 -0.0897293090820313
0.0117034912109375 0.222412109375 -0.0782012939453125 -0.111541748046875
-0.146331787109375 0.197830200195313 0.0247421264648437 -0.106369018554687
-0.302734375 -0.000823974609375029 0.0746078491210937 -0.0382919311523437
-0.253753662109375 -0.16021728515625 -0.00395202636718751 0.0402603149414062
-0.194061279296875 -0.32354736328125 -0.041046142578125 -0.0333328247070313
-0.148040771484375 -0.208587646484375 -0.11053466796875 -0.34613037109375
-0.185592651367188 -0.114791870117187 -0.167007446289063 -0.1602783203125
-0.2073974609375 0.0110931396484375 -0.05670166015625 -0.0133781433105469
-0.114997863769531 0.107810974121094 -0.00622940063476563 -0.0601577758789063
-0.033416748046875 0.146926879882813 -0.044952392578125 -0.107185363769531
0.0622100830078125 0.124900817871094 -0.117599487304688 -0.130317687988281
0.103424072265625 0.0838775634765625 -0.196075439453125 -0.073974609375
0.110679626464844 0.0986557006835938 -0.211074829101563 -0.04669189453125
0.121017456054688 0.0942306518554688 -0.204498291015625 -0.0553436279296875
0.05963134765625 0.114601135253906 -0.155975341796875 -0.121917724609375
-0.0126876831054688 0.139862060546875 -0.0790634155273438 -0.136367797851563
-0.104400634765625 0.105964660644531 0.0165786743164063 -0.115509033203125
-0.185348510742188 -0.022979736328125 0.0528373718261719 -0.0353469848632813
-0.14813232421875 -0.110427856445313 -0.0556488037109375 0.0100364685058594
-0.13177490234375 -0.215667724609375 -0.0816116333007813 -0.12481689453125
-0.0800933837890625 -0.0609283447265625 -0.1531982421875 -0.4002685546875
-0.0797958374023438 -0.015533447265625 -0.211013793945313 -0.188827514648438
-0.0544509887695313 0.0164337158203125 -0.0743026733398438 -0.0245742797851562
-0.0190982818603516 0.027862548828125 -0.0204200744628906 -0.0616722106933594
-0.0154762268066406 0.0330829620361328 -0.0408782958984375 -0.11480712890625
0.00568389892578125 0.0463523864746094 -0.1297607421875 -0.144546508789063
0.0174407958984375 0.0433616638183594 -0.227767944335938 -0.085601806640625
0.0234451293945313 0.0480766296386719 -0.238037109375 -0.0594024658203125
0.0284156799316406 0.0571937561035156 -0.232040405273438 -0.0753021240234375
-0.00380325317382812 0.05145263671875 -0.161697387695313 -0.141860961914062
-0.0291862487792969 0.0425567626953125 -0.061279296875 -0.146575927734375
-0.0457038879394531 0.0118293762207031 0.0169143676757812 -0.112068176269531
-0.0529327392578125 -0.0294647216796875 0.0383377075195313 -0.0283546447753906
-0.0359344482421875 -0.0393333435058594 -0.0822677612304687 -0.0158157348632813
-0.0572967529296875 -0.0774002075195313 -0.100860595703125 -0.18280029296875
-0.017852783203125 -0.0981826782226563 0.154541015625 0.200698852539062
-0.0613670349121094 -0.054840087890625 0.127838134765625 0.0457229614257813
-0.08697509765625 0.0186996459960937 -0.0330734252929688 0.01556396484375
-0.041015625 0.0673599243164063 -0.0366287231445313 0.0961761474609375
0.0302696228027344 0.06597900390625 0.0204315185546875 0.151779174804688
0.0608100891113281 0.0125236511230469 0.140411376953125 0.153564453125
0.0678520202636719 -0.0110626220703125 0.238876342773438 0.0732421875
0.0655174255371094 0.00521087646484375 0.238739013671875 0.0539093017578125
0.0641441345214844 -0.00717544555664063 0.232772827148438 0.0759429931640625
0.0587501525878906 0.0342674255371094 0.154266357421875 0.127670288085938
0.01617431640625 0.0722885131835938 0.0582351684570313 0.101615905761719
-0.0560150146484375 0.0728225708007812 0.0575141906738281 0.0559539794921875
-0.0884170532226563 -0.0175857543945313 0.118057250976563 0.0427093505859375
-0.0553855895996094 -0.0591354370117188 0.223236083984375 0.163406372070313
-0.00710296630859374 -0.0789260864257813 0.16021728515625 0.430908203125
-0.0966339111328125 -0.231155395507812 0.138839721679688 0.170394897460937
-0.154464721679688 -0.13916015625 0.117286682128906 0.0463180541992187
-0.215850830078125 0.010772705078125 -0.0252532958984375 0.0200824737548828
-0.122901916503906 0.130599975585937 -0.0313262939453125 0.0774459838867188
0.01123046875 0.165252685546875 -0.000495910644531246 0.131462097167969
0.111518859863281 0.0880050659179688 0.108818054199219 0.136306762695313
0.15093994140625 0.0321807861328125 0.200225830078125 0.067626953125
0.153076171875 0.0591583251953125 0.193374633789063 0.049102783203125
0.1573486328125 0.03948974609375 0.192153930664063 0.06451416015625
0.1163330078125 0.1046142578125 0.122795104980469 0.0949554443359375
0.02496337890625 0.171646118164063 0.0404777526855469 0.0669822692871094
-0.119476318359375 0.165283203125 0.070587158203125 0.0266265869140625
-0.229049682617188 -0.010528564453125 0.136528015136719 0.0262298583984375
-0.17816162109375 -0.131744384765625 0.227081298828125 0.157180786132813
-0.10357666015625 -0.224563598632813 0.16131591796875 0.3944091796875
-0.162811279296875 -0.3380126953125 0.105667114257812 0.0983123779296875
-0.236114501953125 -0.210052490234375 0.0838546752929687 0.0278472900390625
-0.328460693359375 0.00381469726562499 -0.0208511352539063 0.0253047943115234
-0.195709228515625 0.1837158203125 -0.0203971862792969 0.0558280944824219
-0.0120849609375 0.248565673828125 -0.0164031982421875 0.0949172973632813
0.146881103515625 0.155319213867188 0.0657501220703125 0.0970458984375
0.211318969726563 0.072357177734375 0.132217407226563 0.0494308471679688
0.217788696289063 0.104095458984375 0.118247985839844 0.0382919311523438
0.228485107421875 0.0772705078125 0.122085571289063 0.0464096069335938
0.162994384765625 0.156646728515625 0.0698089599609375 0.0498809814453125
0.0402069091796875 0.248428344726563 0.0123977661132813 0.0223617553710938
-0.158294677734375 0.245529174804688 0.0728683471679687 -0.0118179321289062
-0.341217041015625 0.0137329101562499 0.141189575195312 0.0030364990234375
-0.28436279296875 -0.176055908203125 0.202194213867188 0.135604858398438
-0.19061279296875 -0.333251953125 0.135528564453125 0.31488037109375
-0.207977294921875 -0.397705078125 0.0568008422851562 -0.00866699218750002
-0.297607421875 -0.250518798828125 0.027862548828125 -0.00892639160156252
-0.404815673828125 0.00683593750000005 -0.0228805541992188 0.02691650390625
-0.242752075195313 0.221435546875 -0.00819015502929689 0.0280742645263672
-0.03021240234375 0.30230712890625 -0.0289993286132813 0.0431365966796875
0.162994384765625 0.20208740234375 0.0132904052734375 0.0387992858886719
0.239639282226563 0.10247802734375 0.0440444946289063 0.0209541320800781
0.249435424804688 0.13385009765625 0.0249881744384766 0.0219841003417969
0.26507568359375 0.10205078125 0.0314617156982422 0.0243568420410156
0.186492919921875 0.183990478515625 -6.35385513305549E-05 0.00118362903594972
0.052093505859375 0.289276123046875 -0.0249271392822266 -0.0269680023193359
-0.170013427734375 0.290618896484375 0.0609474182128906 -0.05340576171875
-0.40130615234375 0.0382080078124999 0.128425598144531 -0.0200271606445312
-0.347198486328125 -0.189300537109375 0.146331787109375 0.105911254882812
-0.2484130859375 -0.390380859375 0.0854034423828125 0.20599365234375
-0.227630615234375 -0.39617919921875 -0.00453948974609376 -0.133987426757813
-0.317840576171875 -0.246063232421875 -0.0443992614746094 -0.0595016479492188
-0.415863037109375 0.015625 -0.0311222076416016 0.0203723907470703
-0.245193481445313 0.22772216796875 -0.000246047973632828 -0.00609636306762694
-0.03851318359375 0.307220458984375 -0.0405197143554688 -0.0176544189453125
0.15582275390625 0.214691162109375 -0.0436630249023437 -0.0276641845703125
0.231292724609375 0.114974975585938 -0.0530891418457031 -0.0123863220214844
0.24212646484375 0.14288330078125 -0.072296142578125 0.00207519531250002
0.25921630859375 0.112945556640625 -0.0648460388183593 0.00158309936523439
0.17584228515625 0.185760498046875 -0.0730972290039062 -0.0449905395507812
0.047943115234375 0.28289794921875 -0.0618896484375 -0.0731582641601562
-0.162567138671875 0.280624389648438 0.0395660400390625 -0.0891265869140625
-0.391143798828125 0.0409240722656251 0.102745056152344 -0.0367813110351563
-0.34234619140625 -0.180419921875 0.0718536376953125 0.0741958618164062
-0.25787353515625 -0.387237548828125 0.0202484130859375 0.0839996337890625
-0.2132568359375 -0.329559326171875 -0.070068359375 -0.256561279296875
-0.283416748046875 -0.19580078125 -0.118331909179688 -0.113296508789063
-0.34814453125 0.022369384765625 -0.0428543090820313 0.00554275512695312
-0.197769165039063 0.19091796875 -0.000526428222656264 -0.039398193359375
-0.0352783203125 0.253753662109375 -0.0483169555664063 -0.073638916015625
0.123886108398438 0.186996459960937 -0.095062255859375 -0.0885696411132812
0.185760498046875 0.107757568359375 -0.142227172851562 -0.0439300537109375
0.198043823242188 0.129409790039063 -0.158935546875 -0.0176849365234375
0.212234497070312 0.1094970703125 -0.15179443359375 -0.02215576171875
0.132064819335938 0.1617431640625 -0.134033203125 -0.085601806640625
0.0244903564453125 0.2303466796875 -0.085845947265625 -0.110626220703125
-0.14080810546875 0.214202880859375 0.0213775634765625 -0.112030029296875
-0.315277099609375 0.017669677734375 0.0746002197265625 -0.042083740234375
-0.271896362304688 -0.153976440429688 -0.00154876708984377 0.0436935424804687
-0.2196044921875 -0.32666015625 -0.0430183410644531 -0.0318984985351563
-0.164718627929687 -0.21063232421875 -0.13043212890625 -0.35247802734375
-0.19976806640625 -0.111068725585937 -0.182342529296875 -0.157562255859375
-0.217147827148438 0.0237274169921875 -0.0589256286621094 -0.0109939575195312
-0.114608764648438 0.118141174316406 -0.00857925415039063 -0.0609092712402344
-0.02557373046875 0.155487060546875 -0.051025390625 -0.108963012695312
0.0720138549804688 0.126876831054688 -0.1307373046875 -0.130523681640625
0.111953735351563 0.0820846557617188 -0.209686279296875 -0.065185546875
0.122230529785156 0.0957565307617188 -0.221694946289063 -0.0347900390625
0.132171630859375 0.0912017822265625 -0.214889526367188 -0.0445709228515625
0.0676116943359375 0.115715026855469 -0.169204711914063 -0.117507934570312
-0.00569152832031249 0.145492553710938 -0.0878219604492188 -0.137039184570313
-0.10235595703125 0.115493774414062 0.011749267578125 -0.120254516601562
-0.194854736328125 -0.0121917724609375 0.0526657104492187 -0.0380668640136719
-0.160003662109375 -0.107040405273437 -0.0561332702636719 0.0153846740722656
-0.149383544921875 -0.217666625976563 -0.0894851684570313 -0.1251220703125
-0.0860366821289062 -0.0606842041015625 -0.1773681640625 -0.40643310546875
-0.0837936401367188 -0.0130386352539063 -0.230300903320313 -0.183990478515625
-0.0575828552246094 0.0197067260742187 -0.0786819458007813 -0.0217056274414063
-0.0194187164306641 0.0299930572509766 -0.02374267578125 -0.0617485046386719
-0.0139541625976563 0.0366020202636719 -0.047149658203125 -0.118385314941406
0.0093536376953125 0.048797607421875 -0.144180297851562 -0.145370483398438
0.0202178955078125 0.0441780090332031 -0.243057250976563 -0.0754547119140625
0.0284194946289063 0.0489082336425781 -0.251388549804688 -0.046539306640625
0.0343437194824219 0.0579147338867188 -0.245346069335937 -0.0634765625
-0.00140380859375 0.0540428161621094 -0.176651000976562 -0.137969970703125
-0.0277252197265625 0.0459365844726563 -0.07086181640625 -0.149032592773437
-0.046234130859375 0.0150833129882813 0.011871337890625 -0.116798400878906
-0.0573501586914063 -0.0259742736816406 0.0378150939941406 -0.0298614501953125
-0.040191650390625 -0.0395622253417969 -0.08502197265625 -0.010345458984375
-0.063812255859375 -0.0782699584960937 -0.11236572265625 -0.18463134765625
-0.0233993530273437 -0.0973052978515625 0.165390014648438 0.19610595703125
-0.0637741088867188 -0.0518302917480469 0.133209228515625 0.0378494262695313
-0.0852584838867188 0.0231170654296875 -0.0303115844726563 0.0164642333984375
-0.0377769470214844 0.0694427490234375 -0.031524658203125 0.0979995727539063
0.0338554382324219 0.0641746520996094 0.02850341796875 0.153640747070313
0.060638427734375 0.00838088989257813 0.151504516601563 0.149124145507813
0.0679969787597656 -0.0145339965820312 0.247650146484375 0.059356689453125
0.0669746398925781 0.00193405151367188 0.2471923828125 0.0387420654296875
0.0631752014160156 -0.0104103088378906 0.241714477539063 0.0619049072265625
0.0604743957519531 0.0303611755371094 0.165298461914063 0.121475219726562
0.0207138061523438 0.0724563598632813 0.063995361328125 0.102088928222656
-0.0520172119140625 0.0771408081054687 0.0614891052246094 0.0523338317871094
-0.0909042358398438 -0.0125961303710937 0.120613098144531 0.0354232788085938
-0.05841064453125 -0.056060791015625 0.232940673828125 0.153076171875
-0.0115127563476562 -0.07830810546875 0.182098388671875 0.42718505859375
-0.1099853515625 -0.227783203125 0.149185180664063 0.165573120117187
-0.163818359375 -0.131912231445312 0.122100830078125 0.0382156372070312
-0.216781616210938 0.023223876953125 -0.0217247009277344 0.0205802917480469
-0.116912841796875 0.137954711914063 -0.0271759033203125 0.0792465209960938
0.020660400390625 0.165328979492188 0.00617980957031251 0.134315490722656
0.1165771484375 0.0821685791015625 0.118759155273438 0.133987426757813
0.154266357421875 0.024566650390625 0.20751953125 0.05584716796875
0.15972900390625 0.0514373779296875 0.200942993164062 0.03741455078125
0.161392211914063 0.0313720703125 0.201019287109375 0.052947998046875
0.123214721679688 0.0990447998046875 0.131454467773438 0.0894012451171875
0.034942626953125 0.1724853515625 0.0444679260253906 0.0681076049804688
-0.111282348632812 0.17462158203125 0.0732498168945313 0.0221023559570313
-0.233612060546875 0.00282287597656252 0.138580322265625 0.0184555053710938
-0.187408447265625 -0.12432861328125 0.236434936523437 0.147232055664063
-0.117996215820313 -0.221832275390625 0.181243896484375 0.390838623046875
-0.1824951171875 -0.3326416015625 0.112274169921875 0.0936126708984375
-0.250686645507813 -0.199783325195312 0.0873641967773437 0.022216796875
-0.331390380859375 0.022369384765625 -0.0169715881347656 0.0262870788574219
-0.18804931640625 0.195541381835937 -0.0165596008300781 0.0574569702148438
0.00193786621093751 0.251968383789063 -0.0113677978515625 0.098236083984375
0.15618896484375 0.149307250976563 0.072509765625 0.0954742431640625
0.217498779296875 0.0618133544921875 0.136642456054688 0.0418014526367188
0.228439331054688 0.0932159423828125 0.123817443847656 0.0309906005859375
0.235565185546875 0.065032958984375 0.129257202148438 0.0387649536132813
0.173187255859375 0.149887084960938 0.0745315551757813 0.0472412109375
0.05450439453125 0.250564575195313 0.0140495300292969 0.0237884521484375
-0.146041870117188 0.2589111328125 0.0744247436523438 -0.01751708984375
-0.345855712890625 0.033538818359375 0.141937255859375 -0.00384521484375
-0.29766845703125 -0.164276123046875 0.209854125976562 0.127410888671875
-0.21185302734375 -0.327789306640625 0.15155029296875 0.312652587890625
-0.232269287109375 -0.39227294921875 0.058013916015625 -0.0112419128417969
-0.31494140625 -0.23809814453125 0.0280227661132812 -0.0121383666992188
-0.410125732421875 0.0305786132812501 -0.0188827514648438 0.0285205841064453
-0.233184814453125 0.237701416015625 -0.00485992431640626 0.0293750762939453
-0.012847900390625 0.307159423828125 -0.0269088745117188 0.0460281372070313
0.1754150390625 0.195526123046875 0.01580810546875 0.0393295288085938
0.247329711914063 0.0909881591796875 0.0454025268554688 0.0175056457519531
0.262985229492188 0.120437622070313 0.0282115936279297 0.0199108123779297
0.274978637695312 0.0878753662109375 0.0361137390136719 0.02178955078125
0.198410034179687 0.17608642578125 0.00120139122009279 0.00139808654785157
0.068267822265625 0.290557861328125 -0.0257091522216797 -0.023773193359375
-0.156524658203125 0.3052978515625 0.0598678588867187 -0.0587043762207031
-0.40533447265625 0.06207275390625 0.128433227539062 -0.0262222290039062
-0.362335205078125 -0.174530029296875 0.153854370117187 0.10089111328125
-0.2740478515625 -0.381591796875 0.096160888671875 0.204605102539062
-0.252105712890625 -0.390045166015625 -0.01092529296875 -0.135658264160156
-0.3358154296875 -0.2332763671875 -0.0481033325195313 -0.0587844848632813
-0.421783447265625 0.04144287109375 -0.0280399322509766 0.0222339630126953
-0.235794067382812 0.244369506835938 0.00171279907226561 -0.0056028366088867
-0.020660400390625 0.313934326171875 -0.0411567687988281 -0.015380859375
0.169158935546875 0.208587646484375 -0.0463905334472656 -0.0256614685058594
0.24041748046875 0.103759765625 -0.0555458068847656 -0.0104560852050781
0.256988525390625 0.130477905273438 -0.0721969604492187 0.00653076171875
0.270614624023438 0.099700927734375 -0.0631179809570312 0.00509262084960937
0.187881469726563 0.177764892578125 -0.0767669677734375 -0.0413360595703125
0.0635986328125 0.28466796875 -0.0660476684570312 -0.0689582824707031
-0.149383544921875 0.294708251953125 0.0370254516601562 -0.0937576293945312
-0.395416259765625 0.0653076171875 0.101799011230469 -0.0411911010742187
-0.357757568359375 -0.16650390625 0.0771560668945312 0.0733566284179687
-0.28375244140625 -0.378082275390625 0.0249481201171875 0.0845565795898437
-0.234100341796875 -0.323883056640625 -0.08319091796875 -0.256072998046875
-0.299041748046875 -0.18359375 -0.12664794921875 -0.108795166015625
-0.35418701171875 0.0432434082031249 -0.0416450500488281 0.00828933715820312
-0.19122314453125 0.204254150390625 -0.000701904296875012 -0.039581298828125
-0.020538330078125 0.260299682617188 -0.0518722534179688 -0.0715560913085937
0.1357421875 0.183181762695312 -0.102493286132812 -0.085052490234375
0.194351196289063 0.0998687744140625 -0.148040771484375 -0.0361175537109375
0.210647583007812 0.119308471679688 -0.16192626953125 -0.00756835937499999
0.222335815429688 0.0982818603515625 -0.15325927734375 -0.0130615234375
0.14239501953125 0.156097412109375 -0.140777587890625 -0.0783233642578125
0.0379486083984375 0.232101440429688 -0.091796875 -0.106674194335937
-0.130996704101563 0.225143432617188 0.0168685913085938 -0.115478515625
-0.319671630859375 0.037384033203125 0.07342529296875 -0.0446319580078125
-0.28485107421875 -0.142059326171875 0.00166702270507811 0.04595947265625
-0.24102783203125 -0.319061279296875 -0.0441780090332031 -0.0293502807617188
-0.17742919921875 -0.207229614257813 -0.148651123046875 -0.34942626953125
-0.208984375 -0.102706909179688 -0.19366455078125 -0.14947509765625
-0.220596313476562 0.03692626953125 -0.059814453125 -0.00797271728515625
-0.110824584960938 0.126426696777344 -0.0105247497558594 -0.0594749450683594
-0.0163726806640625 0.159927368164063 -0.0560531616210937 -0.108413696289062
0.0799407958984375 0.125236511230469 -0.1412353515625 -0.126220703125
0.117774963378906 0.077911376953125 -0.2178955078125 -0.054229736328125
0.131546020507813 0.090301513671875 -0.226608276367188 -0.020904541015625
0.140914916992188 0.0839691162109375 -0.219497680664063 -0.031646728515625
0.0751495361328125 0.114341735839844 -0.178726196289062 -0.109390258789063
0.00274658203125 0.147506713867188 -0.0953140258789063 -0.134025573730469
-0.0970458984375 0.123428344726562 0.00644683837890625 -0.122627258300781
-0.198776245117188 -0.000167846679687506 0.051361083984375 -0.0395584106445313
-0.168914794921875 -0.101181030273438 -0.0547256469726563 0.0199546813964844
-0.163467407226563 -0.212799072265625 -0.0953826904296875 -0.122100830078125
-0.090087890625 -0.0591812133789062 -0.1986083984375 -0.40155029296875
-0.0863800048828125 -0.0101318359375 -0.24359130859375 -0.173721313476562
-0.058807373046875 0.023773193359375 -0.0815887451171875 -0.01715087890625
-0.0188846588134766 0.0316600799560547 -0.0264892578125 -0.0601081848144531
-0.0116500854492187 0.0389518737792969 -0.053466796875 -0.118637084960938
0.0128669738769531 0.0490455627441406 -0.155746459960938 -0.14117431640625
0.0234642028808594 0.0440788269042969 -0.252487182617188 -0.061981201171875
0.0322341918945312 0.0471954345703125 -0.258010864257812 -0.0307159423828125
0.0400505065917969 0.0559806823730469 -0.251907348632813 -0.048248291015625
0.0025177001953125 0.0554046630859375 -0.187850952148438 -0.129531860351563
-0.0253715515136719 0.0480995178222656 -0.0791168212890625 -0.14764404296875
-0.0461502075195313 0.0179786682128906 0.00555419921874999 -0.117904663085937
-0.0599250793457031 -0.0221290588378906 0.037567138671875 -0.0311317443847656
-0.0435752868652344 -0.0384101867675781 -0.0850372314453125 -0.00461578369140626
-0.0692825317382813 -0.07672119140625 -0.121429443359375 -0.181228637695313
-0.026214599609375 -0.09478759765625 0.172164916992188 0.19140625
-0.0639381408691406 -0.0491714477539063 0.135116577148438 0.0313644409179688
-0.0833206176757813 0.0253524780273437 -0.0284633636474609 0.0160121917724609
-0.0353889465332031 0.0702171325683594 -0.0283126831054687 0.0978164672851562
0.0357131958007812 0.0618133544921875 0.0331573486328125 0.153839111328125
0.0597114562988281 0.0057220458984375 0.158157348632813 0.14520263671875
0.0667648315429687 -0.0172004699707031 0.251068115234375 0.049102783203125
0.0673179626464844 -0.00023651123046875 0.249603271484375 0.0273590087890625
0.0622062683105469 -0.0121688842773438 0.246444702148437 0.0511627197265625
0.0609283447265625 0.02789306640625 0.171966552734375 0.115158081054688
0.0236129760742188 0.0713729858398438 0.0679397583007813 0.100997924804688
-0.0484619140625 0.079498291015625 0.062408447265625 0.0499649047851563
-0.091583251953125 -0.00914764404296874 0.119903564453125 0.0294723510742188
-0.0595207214355469 -0.0532875061035156 0.236846923828125 0.144317626953125
-0.0147933959960937 -0.0771026611328125 0.193695068359375 0.422637939453125
-0.11737060546875 -0.22314453125 0.154830932617188 0.160751342773438
-0.166900634765625 -0.125961303710937 0.123970031738281 0.0323715209960937
-0.214981079101563 0.03076171875 -0.0185794830322266 0.0201759338378906
-0.111862182617188 0.14117431640625 -0.0240097045898438 0.0791091918945313
0.0266571044921875 0.16339111328125 0.0103302001953125 0.135612487792969
0.118232727050781 0.0780258178710938 0.12457275390625 0.130714416503906
0.154769897460938 0.01904296875 0.21002197265625 0.0475921630859375
0.163497924804688 0.0456695556640625 0.203689575195313 0.028076171875
0.162155151367188 0.0253143310546875 0.205673217773438 0.0433807373046875
0.125755310058594 0.0940322875976562 0.136634826660156 0.0848388671875
0.0411224365234375 0.172195434570313 0.04754638671875 0.068695068359375
-0.104949951171875 0.179946899414063 0.0741043090820313 0.0179595947265625
-0.234390258789063 0.01190185546875 0.137336730957031 0.0130996704101563
-0.191131591796875 -0.118026733398438 0.240280151367188 0.139572143554688
-0.126510620117188 -0.217269897460938 0.192138671875 0.386749267578125
-0.194122314453125 -0.326202392578125 0.115646362304687 0.0900192260742187
-0.256881713867188 -0.190475463867188 0.0879364013671875 0.016998291015625
-0.330291748046875 0.03594970703125 -0.0135040283203125 0.0260887145996094
-0.1810302734375 0.201385498046875 -0.0131111145019531 0.057281494140625
0.011688232421875 0.251113891601563 -0.00804901123046875 0.0998153686523438
0.159698486328125 0.143218994140625 0.0770187377929688 0.0945358276367188
0.219497680664063 0.0544586181640625 0.138565063476563 0.0352859497070313
0.23492431640625 0.0840301513671875 0.126602172851563 0.0248336791992188
0.238571166992188 0.056640625 0.133354187011719 0.032318115234375
0.17791748046875 0.14251708984375 0.0773162841796875 0.0447921752929688
0.0635528564453125 0.24957275390625 0.0160503387451172 0.0254154205322266
-0.13739013671875 0.265457153320312 0.0740280151367187 -0.0220108032226562
-0.345977783203125 0.04779052734375 0.140960693359375 -0.008880615234375
-0.30328369140625 -0.15521240234375 0.214004516601563 0.121109008789063
-0.2242431640625 -0.320037841796875 0.1612548828125 0.30908203125
-0.246185302734375 -0.384063720703125 0.0571670532226562 -0.01312255859375
-0.323699951171875 -0.226593017578125 0.0275764465332031 -0.0144615173339844
-0.40863037109375 0.0475463867187499 -0.0151901245117188 0.0286293029785156
-0.2249755859375 0.245361328125 -0.00271606445312502 0.0288333892822266
-0.000335693359375029 0.3074951171875 -0.0247383117675781 0.0483474731445313
0.181442260742188 0.18927001953125 0.0172691345214844 0.0395393371582031
0.251083374023438 0.082305908203125 0.0454597473144531 0.0150375366210938
0.270889282226562 0.110183715820312 0.0301933288574219 0.0183620452880859
0.278915405273438 0.0769500732421875 0.0400161743164063 0.0190544128417969
0.204193115234375 0.168548583984375 0.00166869163513185 0.00207889080047608
0.0792236328125 0.289703369140625 -0.0258140563964844 -0.0214042663574219
-0.145843505859375 0.31256103515625 0.0586624145507812 -0.0629005432128906
-0.404296875 0.0789184570312501 0.126487731933594 -0.0300369262695312
-0.3687744140625 -0.163055419921875 0.157424926757812 0.09674072265625
-0.2877197265625 -0.373321533203125 0.10308837890625 0.2025146484375
-0.26593017578125 -0.38311767578125 -0.015289306640625 -0.134963989257813
-0.345733642578125 -0.221343994140625 -0.0502357482910157 -0.0581321716308594
-0.421905517578125 0.0581970214843751 -0.0251693725585938 0.0233306884765625
-0.22772216796875 0.253448486328125 0.0033888816833496 -0.00493907928466795
-0.00729370117187499 0.314666748046875 -0.0409889221191406 -0.013275146484375
0.176071166992188 0.202484130859375 -0.0481529235839844 -0.023712158203125
0.24456787109375 0.095947265625 -0.0568809509277344 -0.00820922851562499
0.2657470703125 0.119888305664063 -0.0709381103515625 0.009613037109375
0.2752685546875 0.08782958984375 -0.0608062744140625 0.0066375732421875
0.193801879882813 0.171356201171875 -0.0780105590820312 -0.0376815795898437
0.074615478515625 0.282867431640625 -0.0670967102050781 -0.0659217834472656
-0.13848876953125 0.301177978515625 0.034149169921875 -0.0972061157226562
-0.394561767578125 0.08233642578125 0.10015869140625 -0.0433807373046875
-0.36474609375 -0.15460205078125 0.0803985595703125 0.072052001953125
-0.297882080078125 -0.3687744140625 0.028289794921875 0.0838470458984375
-0.24530029296875 -0.31854248046875 -0.0909271240234375 -0.251663208007813
-0.30694580078125 -0.173675537109375 -0.131256103515625 -0.104331970214844
-0.353271484375 0.058349609375 -0.0403518676757813 0.0102081298828125
-0.184326171875 0.211883544921875 0.000244140624999989 -0.0383110046386719
-0.009613037109375 0.262359619140625 -0.0536727905273437 -0.0702362060546875
0.142623901367188 0.179046630859375 -0.107383728027344 -0.081878662109375
0.198150634765625 0.0935516357421875 -0.151840209960938 -0.0297088623046875
0.218276977539063 0.110610961914063 -0.161605834960938 -0.00018310546874996
0.227996826171875 0.0887298583984375 -0.15216064453125 -0.00706481933593748
0.148040771484375 0.151138305664063 -0.143630981445313 -0.072601318359375
0.0461578369140625 0.231307983398438 -0.0948410034179687 -0.102874755859375
-0.123138427734375 0.231292724609375 0.0131301879882812 -0.117469787597656
-0.319122314453125 0.0511779785156251 0.0719757080078125 -0.0458450317382813
-0.290283203125 -0.133636474609375 0.00491333007812498 0.0480728149414063
-0.254150390625 -0.311279296875 -0.0436973571777344 -0.0284652709960938
-0.185470581054688 -0.202667236328125 -0.160491943359375 -0.343780517578125
-0.213821411132812 -0.096343994140625 -0.19989013671875 -0.142425537109375
-0.220962524414063 0.0465087890625 -0.05975341796875 -0.00455474853515625
-0.107200622558594 0.130828857421875 -0.0110015869140625 -0.0584907531738281
-0.00993347167968748 0.16162109375 -0.0594635009765625 -0.106979370117188
0.0855255126953125 0.123207092285156 -0.147933959960937 -0.122039794921875
0.121192932128906 0.0746078491210938 -0.221969604492188 -0.0448455810546875
0.137397766113281 0.0844802856445312 -0.227645874023438 -0.0100555419921875
0.145416259765625 0.077484130859375 -0.2197265625 -0.0223388671875
0.07965087890625 0.111587524414063 -0.183212280273438 -0.1015625
0.00793457031249999 0.14794921875 -0.0990142822265625 -0.130599975585937
-0.0931320190429688 0.127777099609375 0.00246429443359373 -0.123580932617187
-0.19921875 0.00923156738281254 0.0502891540527344 -0.0395851135253906
-0.17315673828125 -0.096282958984375 -0.0525131225585938 0.0237960815429687
-0.17169189453125 -0.207901000976562 -0.097686767578125 -0.119125366210937
-0.0923843383789063 -0.0576019287109375 -0.211334228515625 -0.39447021484375
-0.0876998901367188 -0.00780487060546877 -0.250640869140625 -0.163482666015625
-0.0597305297851563 0.0268402099609375 -0.08270263671875 -0.0143280029296875
-0.0184154510498047 0.0326995849609375 -0.027099609375 -0.0581779479980469
-0.00973129272460938 0.0398483276367188 -0.0565338134765625 -0.11822509765625
0.0152320861816406 0.0494918823242188 -0.163864135742188 -0.1370849609375
0.0254898071289063 0.0443077087402344 -0.256973266601562 -0.0506286621093749
0.0353507995605469 0.0459365844726563 -0.259628295898438 -0.0185089111328125
0.0431556701660156 0.0537033081054688 -0.253738403320313 -0.0374908447265625
0.00464248657226563 0.055755615234375 -0.193359375 -0.121139526367187
-0.023681640625 0.0488357543945312 -0.084228515625 -0.14605712890625
-0.0456047058105469 0.0198478698730469 0.00164794921874999 -0.118301391601562
-0.0615234375 -0.0186653137207031 0.0364151000976562 -0.0308151245117188
-0.0463714599609375 -0.0379981994628906 -0.08355712890625 -0.000305175781249999
-0.0730056762695313 -0.0747604370117188 -0.125503540039062 -0.178314208984375
-0.0273818969726562 -0.0936355590820313 0.176162719726563 0.190597534179688
-0.0635719299316406 -0.0482902526855469 0.136444091796875 0.0276107788085937
-0.0826034545898438 0.0257492065429688 -0.0274429321289063 0.0153789520263672
-0.0341339111328125 0.0709457397460937 -0.0277175903320313 0.0982437133789062
0.036834716796875 0.0605659484863281 0.0360870361328125 0.156417846679688
0.0586967468261719 0.00411605834960938 0.164031982421875 0.145172119140625
0.0666465759277344 -0.0189170837402344 0.255462646484375 0.0434722900390625
0.0682258605957031 -0.00159835815429687 0.253082275390625 0.0200958251953125
0.061859130859375 -0.0123977661132813 0.25042724609375 0.0456085205078125
0.0614662170410156 0.0266838073730469 0.177352905273438 0.112701416015625
0.0252151489257813 0.0714263916015625 0.0707778930664063 0.103034973144531
-0.046722412109375 0.0815200805664063 0.0634269714355469 0.0485801696777344
-0.0929489135742188 -0.00710296630859374 0.119354248046875 0.0269927978515625
-0.0595817565917969 -0.0518836975097656 0.238632202148438 0.141616821289063
-0.016265869140625 -0.0762405395507813 0.19842529296875 0.423553466796875
-0.121673583984375 -0.221725463867188 0.157730102539063 0.159957885742188
-0.169143676757813 -0.12353515625 0.125129699707031 0.0284500122070312
-0.215225219726563 0.0351409912109375 -0.0174121856689453 0.0194435119628906
-0.110580444335938 0.143569946289062 -0.0226593017578125 0.0792312622070313
0.0299224853515625 0.1634521484375 0.0131683349609375 0.138107299804688
0.118576049804688 0.0753250122070313 0.129806518554688 0.130790710449219
0.1556396484375 0.015899658203125 0.213577270507813 0.042144775390625
0.167404174804688 0.041748046875 0.207626342773437 0.02191162109375
0.163604736328125 0.0228271484375 0.210113525390625 0.037506103515625
0.127853393554688 0.0928192138671875 0.141281127929688 0.0831756591796875
0.0451202392578125 0.173583984375 0.049957275390625 0.0711135864257813
-0.102325439453125 0.184539794921875 0.0747756958007813 0.015625
-0.236846923828125 0.017303466796875 0.137252807617187 0.0105361938476563
-0.193984985351562 -0.11614990234375 0.243179321289063 0.1363525390625
-0.130996704101563 -0.2161865234375 0.197662353515625 0.387451171875
-0.199981689453125 -0.325103759765625 0.117279052734375 0.08929443359375
-0.261489868164063 -0.187255859375 0.0884857177734375 0.0138931274414062
-0.3316650390625 0.0434570312499999 -0.011098861694336 0.02545166015625
-0.179656982421875 0.20574951171875 -0.0118637084960938 0.0569267272949219
0.0172882080078125 0.251312255859375 -0.006195068359375 0.102386474609375
0.16241455078125 0.140716552734375 0.0799789428710938 0.0948104858398438
0.221939086914062 0.0501708984375 0.140487670898438 0.0320510864257813
0.241302490234375 0.07928466796875 0.129570007324219 0.02117919921875
0.241973876953125 0.0512542724609375 0.137039184570313 0.0270156860351563
0.181015014648438 0.140731811523438 0.080535888671875 0.0443115234375
0.0691680908203125 0.25115966796875 0.0175895690917969 0.0276508331298828
-0.1334228515625 0.271835327148438 0.0741119384765625 -0.0255661010742187
-0.349151611328125 0.05596923828125 0.140495300292969 -0.01116943359375
-0.308624267578125 -0.15228271484375 0.216949462890625 0.119186401367188
-0.231689453125 -0.319061279296875 0.16558837890625 0.30987548828125
-0.254547119140625 -0.3836669921875 0.0577468872070312 -0.013916015625
-0.330657958984375 -0.223052978515625 0.0268115997314453 -0.0162067413330078
-0.41162109375 0.0581359863281251 -0.0127525329589844 0.0284881591796875
-0.222732543945313 0.250747680664062 -8.96453857421989E-05 0.0291061401367188
0.00579833984374998 0.309844970703125 -0.0236930847167969 0.0506744384765625
0.184982299804688 0.187271118164063 0.018341064453125 0.0403823852539063
0.254837036132813 0.0787353515625 0.0456047058105469 0.0141563415527344
0.278900146484375 0.10504150390625 0.0319461822509766 0.0169525146484375
0.283660888671875 0.071075439453125 0.042724609375 0.0170822143554688
0.20849609375 0.166488647460938 0.00246262550354005 0.00262951850891114
0.085723876953125 0.29144287109375 -0.0249729156494141 -0.0196189880371094
-0.14141845703125 0.3194580078125 0.0582542419433594 -0.0672531127929688
-0.4072265625 0.0896301269531249 0.126510620117187 -0.0313568115234375
-0.37469482421875 -0.159637451171875 0.160186767578125 0.0960235595703125
-0.2962646484375 -0.371337890625 0.106521606445312 0.202682495117187
-0.2755126953125 -0.3828125 -0.0167770385742188 -0.135223388671875
-0.352996826171875 -0.2169189453125 -0.053375244140625 -0.0583114624023438
-0.424713134765625 0.069488525390625 -0.022491455078125 0.0237770080566406
-0.225677490234375 0.259033203125 0.00512552261352538 -0.00573205947875975
-0.000183105468750025 0.31793212890625 -0.0407867431640625 -0.0115127563476562
0.180267333984375 0.2017822265625 -0.049774169921875 -0.0225028991699219
0.248458862304688 0.0930023193359375 -0.0589752197265625 -0.00673675537109373
0.273651123046875 0.114501953125 -0.0707321166992187 0.01153564453125
0.28082275390625 0.0816802978515625 -0.0591964721679687 0.00677490234375
0.197891235351563 0.169036865234375 -0.07891845703125 -0.03564453125
0.08087158203125 0.284912109375 -0.0679092407226563 -0.0636749267578125
-0.134918212890625 0.307708740234375 0.0330963134765625 -0.100692749023437
-0.396240234375 0.091796875 0.0999069213867187 -0.0441055297851562
-0.370361328125 -0.150543212890625 0.0837173461914062 0.0729598999023437
-0.3072509765625 -0.367431640625 0.0301742553710937 0.0839004516601562
-0.2540283203125 -0.319305419921875 -0.0948638916015625 -0.252410888671875
-0.312957763671875 -0.170013427734375 -0.135299682617188 -0.102432250976563
-0.35693359375 0.0684509277343749 -0.0386466979980469 0.0113029479980469
-0.183395385742188 0.216949462890625 0.00135803222656249 -0.0390129089355469
-0.00364685058593752 0.265243530273438 -0.0543365478515625 -0.0698051452636719
0.1468505859375 0.178237915039063 -0.111320495605469 -0.0808334350585937
0.202224731445313 0.091400146484375 -0.155166625976562 -0.025787353515625
0.224884033203125 0.10614013671875 -0.162429809570313 0.00382995605468748
0.232711791992188 0.083282470703125 -0.151885986328125 -0.00416564941406253
0.151763916015625 0.149948120117187 -0.146682739257813 -0.0693206787109375
0.051177978515625 0.23297119140625 -0.096405029296875 -0.101707458496094
-0.120147705078125 0.236419677734375 0.0107803344726562 -0.119987487792969
-0.321014404296875 0.0587158203124999 0.0721969604492187 -0.0456695556640625
-0.295623779296875 -0.131134033203125 0.00743103027343748 0.049591064453125
-0.261688232421875 -0.31024169921875 -0.0430488586425781 -0.0287742614746094
-0.191207885742188 -0.20361328125 -0.165557861328125 -0.344329833984375
-0.217864990234375 -0.09375 -0.204971313476563 -0.138778686523438
-0.223358154296875 0.053466796875 -0.0598335266113281 -0.00344848632812499
-0.106613159179688 0.134353637695312 -0.00981521606445313 -0.0588226318359375
-0.00625610351562501 0.164474487304688 -0.0609359741210938 -0.108100891113281
0.089508056640625 0.123344421386719 -0.153961181640625 -0.121063232421875
0.124176025390625 0.0737762451171875 -0.226409912109375 -0.039154052734375
0.141815185546875 0.082275390625 -0.229690551757813 -0.00373840332031252
0.149398803710938 0.074249267578125 -0.220855712890625 -0.0173797607421875
0.0823822021484375 0.111473083496094 -0.18707275390625 -0.097381591796875
0.0107421875 0.14923095703125 -0.102684020996094 -0.130332946777344
-0.0917510986328125 0.131065368652344 0.000862121582031254 -0.125465393066406
-0.20111083984375 0.01470947265625 0.0510597229003906 -0.0397758483886719
-0.17755126953125 -0.0947113037109375 -0.0498161315917969 0.0258979797363281
-0.177810668945313 -0.207382202148438 -0.0983428955078125 -0.11993408203125
-0.0951309204101563 -0.0588607788085937 -0.217193603515625 -0.394287109375
-0.0887222290039063 -0.0067596435546875 -0.255126953125 -0.15899658203125
-0.0605964660644531 0.0288505554199219 -0.0832901000976563 -0.0118637084960938
-0.0188579559326172 0.0333499908447266 -0.0266189575195313 -0.0585479736328125
-0.00826644897460938 0.0411567687988281 -0.0586166381835938 -0.119590759277344
0.0177841186523438 0.0505561828613281 -0.170913696289063 -0.136795043945313
0.027069091796875 0.045318603515625 -0.26220703125 -0.0445404052734375
0.0371170043945313 0.045745849609375 -0.262481689453125 -0.0109405517578125
0.0453033447265625 0.0526351928710938 -0.25640869140625 -0.0311584472656249
0.00624847412109375 0.0571670532226562 -0.197998046875 -0.117294311523437
-0.0225334167480469 0.0499839782714844 -0.087493896484375 -0.14630126953125
-0.0457344055175781 0.0217018127441406 -0.0003509521484375 -0.118476867675781
-0.062744140625 -0.0165977478027344 0.0374107360839844 -0.0303611755371094
-0.0484657287597656 -0.0377006530761719 -0.0821075439453125 0.00204467773437499
-0.0755386352539063 -0.075531005859375 -0.12786865234375 -0.179611206054688
-0.0286026000976563 -0.0943069458007812 0.182723999023438 0.194656372070313
-0.0649871826171875 -0.0492286682128906 0.139656066894531 0.0250701904296875
-0.0835800170898437 0.0263900756835938 -0.0277595520019531 0.0149097442626953
-0.0341720581054688 0.0729217529296875 -0.0278244018554688 0.100837707519531
0.0372886657714844 0.0607986450195313 0.039398193359375 0.161376953125
0.0587806701660156 0.00341033935546875 0.172225952148438 0.147933959960938
0.067657470703125 -0.0200271606445313 0.263626098632813 0.0384368896484375
0.0706710815429688 -0.00263214111328125 0.261520385742187 0.01446533203125
0.0634040832519531 -0.0130538940429688 0.2593994140625 0.040924072265625
0.0626983642578125 0.026397705078125 0.185882568359375 0.11358642578125
0.0273666381835938 0.0728225708007813 0.0752716064453125 0.107131958007813
-0.0460128784179688 0.0846176147460938 0.0652351379394531 0.0486297607421875
-0.09539794921875 -0.00587463378906249 0.121147155761719 0.0255050659179688
-0.0608062744140625 -0.0516433715820313 0.244705200195313 0.142822265625
-0.017669677734375 -0.077117919921875 0.2052001953125 0.43463134765625
-0.126785278320313 -0.225326538085938 0.162933349609375 0.163131713867188
-0.173934936523438 -0.124603271484375 0.127830505371094 0.0260848999023437
-0.219863891601563 0.0393829345703125 -0.0159931182861328 0.0190372467041016
-0.112152099609375 0.148223876953125 -0.0223159790039063 0.080810546875
0.0325469970703125 0.166671752929687 0.0155792236328125 0.14385986328125
0.120903015136719 0.0760116577148437 0.136764526367187 0.134140014648438
0.15966796875 0.0140228271484375 0.220901489257813 0.0394287109375
0.1741943359375 0.0399017333984375 0.214080810546875 0.017242431640625
0.168548583984375 0.0218048095703125 0.217819213867188 0.033477783203125
0.131874084472656 0.0935134887695313 0.147918701171875 0.0840301513671875
0.0489654541015625 0.17822265625 0.0535430908203125 0.0743408203125
-0.102279663085937 0.191940307617188 0.0765228271484375 0.013519287109375
-0.243270874023438 0.0211944580078125 0.138999938964844 0.00931549072265626
-0.200119018554688 -0.117263793945313 0.24945068359375 0.138168334960938
-0.137237548828125 -0.220474243164063 0.204071044921875 0.397430419921875
-0.209197998046875 -0.331329345703125 0.120864868164063 0.090606689453125
-0.269119262695313 -0.188278198242187 0.0898666381835938 0.011932373046875
-0.338653564453125 0.0505371093749999 -0.00968170166015627 0.0251560211181641
-0.182296752929688 0.212539672851563 -0.0105438232421875 0.0576286315917969
0.021331787109375 0.258132934570313 -0.004608154296875 0.107391357421875
0.166397094726563 0.142822265625 0.084442138671875 0.0973281860351563
0.2276611328125 0.048919677734375 0.144927978515625 0.0300445556640625
0.251419067382813 0.076629638671875 0.134284973144531 0.0181884765625
0.25 0.04931640625 0.14312744140625 0.0235595703125
0.186721801757813 0.141647338867188 0.0846176147460938 0.0444793701171875
0.0748748779296875 0.257583618164063 0.0199680328369141 0.0303726196289063
-0.13348388671875 0.282196044921875 0.0754470825195313 -0.02923583984375
-0.35833740234375 0.0631103515625001 0.142654418945312 -0.0119476318359375
-0.31884765625 -0.153167724609375 0.2239990234375 0.121551513671875
-0.24249267578125 -0.325439453125 0.17138671875 0.318023681640625
-0.265838623046875 -0.391754150390625 0.0585746765136719 -0.014434814453125
-0.3414306640625 -0.224609375 0.0259037017822265 -0.0177268981933594
-0.420013427734375 0.0670166015625 -0.0108757019042969 0.0285911560058594
-0.226943969726563 0.260452270507813 0.00115203857421874 0.0283298492431641
0.0111083984375 0.31805419921875 -0.0230445861816406 0.0536422729492188
0.191360473632813 0.19012451171875 0.0194358825683594 0.0424842834472656
0.262435913085938 0.0775909423828125 0.0468330383300781 0.0146980285644531
0.29058837890625 0.101654052734375 0.034139633178711 0.0162258148193359
0.293182373046875 0.068603515625 0.0456314086914063 0.0142936706542969
0.214630126953125 0.168060302734375 0.00361061096191408 0.00321650505065919
0.092559814453125 0.298248291015625 -0.0244541168212891 -0.0177040100097656
-0.140655517578125 0.33184814453125 0.0584869384765625 -0.0718307495117187
-0.41796875 0.098724365234375 0.129058837890625 -0.0325851440429687
-0.38824462890625 -0.160003662109375 0.16619873046875 0.0986480712890625
-0.309051513671875 -0.37939453125 0.110931396484375 0.208282470703125
-0.2877197265625 -0.391632080078125 -0.018951416015625 -0.138206481933594
-0.365264892578125 -0.21923828125 -0.0562896728515625 -0.0588188171386719
-0.43475341796875 0.080108642578125 -0.0213737487792969 0.0242328643798828
-0.230255126953125 0.269256591796875 0.00669384002685545 -0.00690793991088866
0.00521850585937497 0.326690673828125 -0.0417251586914063 -0.0102806091308593
0.187347412109375 0.205291748046875 -0.0522880554199219 -0.0218963623046875
0.257354736328125 0.092559814453125 -0.0614242553710937 -0.00493621826171875
0.28521728515625 0.11163330078125 -0.0715103149414062 0.0125656127929688
0.290008544921875 0.079132080078125 -0.0595970153808594 0.00606918334960938
0.204849243164062 0.172286987304687 -0.081390380859375 -0.0346755981445312
0.0880126953125 0.291351318359375 -0.0691947937011719 -0.0639610290527344
-0.134857177734375 0.3189697265625 0.0318832397460937 -0.105949401855469
-0.4063720703125 0.100860595703125 0.102592468261719 -0.0449371337890625
-0.3839111328125 -0.15179443359375 0.0877609252929687 0.0752944946289062
-0.31988525390625 -0.37481689453125 0.0328903198242187 0.08563232421875
-0.26580810546875 -0.326171875 -0.099609375 -0.25775146484375
-0.32470703125 -0.170928955078125 -0.140716552734375 -0.103302001953125
-0.365386962890625 0.07745361328125 -0.0383224487304688 0.0119590759277344
-0.186996459960938 0.225982666015625 0.00284957885742186 -0.0409355163574219
0.000564575195312488 0.273406982421875 -0.056610107421875 -0.0707855224609375
0.153396606445313 0.181854248046875 -0.11724853515625 -0.0812301635742187
0.209335327148438 0.092041015625 -0.160842895507813 -0.022735595703125
0.235214233398437 0.105178833007812 -0.16632080078125 0.00746154785156252
0.240524291992188 0.0811767578125 -0.154830932617187 -0.002777099609375
0.15716552734375 0.152496337890625 -0.151473999023438 -0.068267822265625
0.05609130859375 0.238998413085938 -0.0993576049804688 -0.102798461914062
-0.120529174804688 0.24530029296875 0.00926971435546875 -0.124931335449219
-0.329833984375 0.066925048828125 0.0741653442382812 -0.0467071533203125
-0.30633544921875 -0.131439208984375 0.0101890563964844 0.0523757934570312
-0.272979736328125 -0.316375732421875 -0.0436630249023438 -0.0300827026367188
-0.199462890625 -0.209259033203125 -0.171844482421875 -0.350830078125
-0.225479125976563 -0.094390869140625 -0.212158203125 -0.13873291015625
-0.229339599609375 0.0595550537109375 -0.0603981018066406 -0.00240707397460937
-0.10931396484375 0.138961791992188 -0.00941848754882813 -0.060821533203125
-0.00283813476562499 0.169692993164063 -0.0637359619140625 -0.111366271972656
0.0937881469726563 0.126609802246094 -0.162307739257812 -0.123092651367188
0.129348754882813 0.0751495361328125 -0.23468017578125 -0.034912109375
0.14874267578125 0.082183837890625 -0.23590087890625 0.00141906738281249
0.15496826171875 0.0731201171875 -0.226699829101563 -0.0142059326171874
0.0854721069335938 0.113815307617188 -0.194320678710938 -0.0962219238281249
0.013946533203125 0.153289794921875 -0.106803894042969 -0.132125854492188
-0.092681884765625 0.136421203613281 -0.00122833251953126 -0.129310607910156
-0.207199096679688 0.0185699462890625 0.0528068542480469 -0.0396690368652344
-0.184417724609375 -0.0960845947265625 -0.0489273071289063 0.0283241271972656
-0.1849365234375 -0.21234130859375 -0.100669860839844 -0.124122619628906
-0.099456787109375 -0.0612869262695312 -0.22430419921875 -0.401123046875
-0.0909652709960938 -0.00647735595703123 -0.263778686523438 -0.158935546875
-0.0624618530273437 0.0312423706054688 -0.0855560302734375 -0.0110549926757812
-0.0195960998535156 0.0347080230712891 -0.0271492004394531 -0.0594367980957031
-0.00745773315429687 0.0430221557617188 -0.0621337890625 -0.123489379882813
0.0194740295410156 0.0522232055664062 -0.180084228515625 -0.138626098632813
0.0294227600097656 0.0467910766601563 -0.271087646484375 -0.0397796630859375
0.0396461486816406 0.0468177795410156 -0.270263671875 -0.00469970703124998
0.0481224060058594 0.052703857421875 -0.264205932617188 -0.02655029296875
0.00746917724609375 0.0592041015625 -0.204742431640625 -0.117355346679687
-0.0223159790039063 0.0519332885742188 -0.0923614501953125 -0.150131225585938
-0.04736328125 0.0229644775390625 -0.002288818359375 -0.121597290039063
-0.0647697448730469 -0.0154953002929688 0.0392074584960937 -0.0305404663085938
-0.0518722534179688 -0.03851318359375 -0.0820236206054688 0.00397491455078124
-0.07891845703125 -0.077392578125 -0.130706787109375 -0.185699462890625
-0.0311203002929688 -0.0962371826171875 0.194183349609375 0.200439453125
-0.0679244995117188 -0.049407958984375 0.1456298828125 0.021270751953125
-0.0862884521484375 0.029510498046875 -0.0284538269042969 0.0152835845947266
-0.0338973999023438 0.0766677856445313 -0.0274505615234375 0.105331420898438
0.0402488708496094 0.0615730285644531 0.0460357666015625 0.169097900390625
0.0592155456542969 0.00200653076171875 0.1859130859375 0.15032958984375
0.0690116882324219 -0.0225334167480469 0.277114868164063 0.03167724609375
0.0739822387695313 -0.00534820556640625 0.273971557617188 0.00537109375
0.0659523010253906 -0.0147743225097656 0.2728271484375 0.0336761474609375
0.0654029846191406 0.0255165100097656 0.198455810546875 0.113494873046875
0.0310287475585937 0.0753402709960938 0.0818557739257813 0.111930847167969
-0.0447769165039062 0.090057373046875 0.0691757202148438 0.0481758117675781
-0.0996932983398438 -0.00269317626953127 0.124420166015625 0.0229873657226563
-0.0631561279296875 -0.0521049499511719 0.256591796875 0.142532348632813
-0.0205078125 -0.0790252685546875 0.2215576171875 0.451416015625
-0.13690185546875 -0.230941772460938 0.172271728515625 0.16766357421875
-0.183914184570313 -0.125198364257812 0.132255554199219 0.0221099853515625
-0.22674560546875 0.046966552734375 -0.0156288146972656 0.0192108154296875
-0.11236572265625 0.156951904296875 -0.0213546752929688 0.0841751098632813
0.0380096435546875 0.1715087890625 0.020843505859375 0.15106201171875
0.12548828125 0.0764923095703125 0.148040771484375 0.137100219726563
0.165939331054688 0.0108795166015625 0.231597900390625 0.0332794189453125
0.184646606445313 0.035980224609375 0.224685668945313 0.0093994140625
0.177581787109375 0.01824951171875 0.229827880859375 0.0261383056640625
0.138641357421875 0.0934371948242188 0.1580810546875 0.083404541015625
0.0568389892578125 0.1849365234375 0.0590896606445313 0.07855224609375
-0.100906372070313 0.203857421875 0.0794601440429688 0.0109405517578125
-0.2537841796875 0.0300445556640625 0.14312744140625 0.00677490234375
-0.210739135742188 -0.11798095703125 0.262161254882813 0.138687133789063
-0.14892578125 -0.2265625 0.2205810546875 0.41259765625
-0.22607421875 -0.339874267578125 0.126853942871094 0.0929718017578125
-0.2850341796875 -0.189239501953125 0.0919876098632812 0.00927734374999999
-0.35052490234375 0.063629150390625 -0.00818061828613283 0.0255355834960938
-0.184829711914063 0.226547241210937 -0.00884628295898439 0.0596771240234375
0.029266357421875 0.267486572265625 -0.000923156738281253 0.113845825195313
0.175048828125 0.145187377929688 0.0919036865234375 0.100814819335938
0.238616943359375 0.0448455810546875 0.15240478515625 0.026885986328125
0.26666259765625 0.0717010498046875 0.140960693359375 0.01324462890625
0.262847900390625 0.0446014404296875 0.151275634765625 0.0177764892578125
0.19775390625 0.143997192382813 0.090606689453125 0.0446701049804688
0.086151123046875 0.267166137695312 0.0233325958251953 0.0331478118896485
-0.131317138671875 0.29962158203125 0.0769882202148437 -0.0340728759765625
-0.3726806640625 0.076629638671875 0.147491455078125 -0.01519775390625
-0.33599853515625 -0.15264892578125 0.235565185546875 0.122146606445312
-0.261138916015625 -0.3338623046875 0.185791015625 0.329315185546875
-0.28790283203125 -0.402191162109375 0.0597572326660156 -0.0151710510253906
-0.36181640625 -0.2244873046875 0.0249557495117187 -0.0198173522949219
-0.43475341796875 0.0828552246093749 -0.00953102111816409 0.0291690826416016
-0.230056762695312 0.27734375 0.00303268432617186 0.0285415649414063
0.021148681640625 0.33123779296875 -0.0214271545410156 0.0590553283691407
0.203033447265625 0.193954467773438 0.0222663879394531 0.0449562072753906
0.275726318359375 0.0743408203125 0.0490188598632813 0.0143508911132813
0.308746337890625 0.09613037109375 0.0366935729980469 0.0155105590820313
0.30865478515625 0.062103271484375 0.0487251281738281 0.0106925964355469
0.227005004882813 0.170364379882813 0.0047578811645508 0.00376462936401368
0.105865478515625 0.30963134765625 -0.0237655639648437 -0.0163612365722656
-0.138397216796875 0.351898193359375 0.0578079223632812 -0.078521728515625
-0.433624267578125 0.115142822265625 0.1328125 -0.0355758666992187
-0.40863037109375 -0.157928466796875 0.176254272460937 0.100570678710937
-0.333221435546875 -0.38873291015625 0.120651245117187 0.21514892578125
-0.31170654296875 -0.401947021484375 -0.023468017578125 -0.14227294921875
-0.385986328125 -0.217864990234375 -0.0615081787109375 -0.0597190856933594
-0.449951171875 0.0975036621093751 -0.0199718475341797 0.0251998901367188
-0.23345947265625 0.28729248046875 0.00793361663818358 -0.00844717025756834
0.014801025390625 0.34124755859375 -0.0430526733398438 -0.00806808471679686
0.200042724609375 0.209976196289063 -0.0556716918945312 -0.0202178955078125
0.270736694335938 0.0906829833984375 -0.0645904541015625 -0.00178146362304686
0.303955078125 0.106536865234375 -0.0735626220703125 0.0155792236328125
0.305450439453125 0.073394775390625 -0.0611228942871094 0.00624465942382813
0.216934204101562 0.174270629882812 -0.0852508544921875 -0.0331649780273437
0.100128173828125 0.30242919921875 -0.0724029541015625 -0.0634841918945312
-0.132080078125 0.338348388671875 0.0290756225585938 -0.112571716308594
-0.421478271484375 0.117706298828125 0.105560302734375 -0.0478363037109375
-0.404693603515625 -0.148895263671875 0.0954971313476562 0.0779647827148437
-0.344573974609375 -0.38507080078125 0.0369796752929687 0.0885238647460937
-0.28741455078125 -0.335906982421875 -0.110137939453125 -0.265167236328125
-0.3428955078125 -0.170440673828125 -0.149795532226563 -0.1031494140625
-0.378692626953125 0.0928039550781251 -0.0381546020507813 0.0133476257324219
-0.190673828125 0.240341186523438 0.00351715087890624 -0.043548583984375
0.00866699218749999 0.28570556640625 -0.0606613159179688 -0.0716629028320312
0.164703369140625 0.18695068359375 -0.125946044921875 -0.0801849365234375
0.221954345703125 0.0917510986328125 -0.168716430664063 -0.0168609619140625
0.250747680664062 0.10137939453125 -0.17254638671875 0.013671875
0.25390625 0.07672119140625 -0.161483764648437 0.0008087158203125
0.16754150390625 0.155624389648438 -0.159683227539063 -0.066070556640625
0.065582275390625 0.247451782226563 -0.10540771484375 -0.104156494140625
-0.119369506835938 0.260391235351563 0.00545501708984375 -0.131607055664062
-0.342803955078125 0.079833984375 0.0770034790039062 -0.0486297607421875
-0.323974609375 -0.1298828125 0.0146942138671875 0.0552978515625
-0.29339599609375 -0.325439453125 -0.0451164245605469 -0.0320701599121094
-0.215164184570313 -0.21441650390625 -0.186859130859375 -0.361358642578125
-0.237396240234375 -0.0935211181640625 -0.225021362304688 -0.1385498046875
-0.23785400390625 0.0690765380859376 -0.062286376953125 -0.000961303710937506
-0.112411499023437 0.148391723632813 -0.0103416442871094 -0.0636329650878906
0.00209045410156251 0.17803955078125 -0.0700531005859375 -0.114311218261719
0.101753234863281 0.130455017089844 -0.174774169921875 -0.122787475585937
0.138587951660156 0.0766220092773438 -0.246261596679688 -0.0269775390625
0.159255981445313 0.080596923828125 -0.245254516601562 0.00967407226562497
0.164276123046875 0.0712127685546875 -0.236404418945313 -0.00816345214843744
0.0922164916992188 0.117729187011719 -0.205078125 -0.094451904296875
0.0189208984375 0.159957885742188 -0.114311218261719 -0.135650634765625
-0.0937957763671875 0.145828247070313 -0.005706787109375 -0.134773254394531
-0.2159423828125 0.0267181396484375 0.0551643371582031 -0.0416297912597656
-0.195892333984375 -0.0952301025390625 -0.0472183227539063 0.0317764282226562
-0.199203491210937 -0.218093872070313 -0.106521606445313 -0.129203796386719
-0.106590270996094 -0.0633392333984375 -0.24066162109375 -0.414337158203125
-0.0952682495117188 -0.00555419921875001 -0.278564453125 -0.157730102539062
-0.0648307800292969 0.0347518920898438 -0.0888595581054688 -0.0087127685546875
-0.0206985473632813 0.0369873046875 -0.0287590026855469 -0.0617523193359375
-0.00629806518554688 0.0462837219238281 -0.0686187744140625 -0.129013061523438
0.0231895446777344 0.0548171997070313 -0.1947021484375 -0.1395263671875
0.0331192016601563 0.0495452880859375 -0.284637451171875 -0.030548095703125
0.0437126159667969 0.0476531982421875 -0.281280517578125 0.00518798828124999
0.0516395568847656 0.0534515380859375 -0.276123046875 -0.01837158203125
0.00969314575195313 0.062469482421875 -0.21771240234375 -0.115829467773437
-0.0219917297363281 0.0554313659667969 -0.100341796875 -0.154205322265625
-0.0496406555175781 0.0258216857910156 -0.00553894042968749 -0.125808715820313
-0.0688247680664063 -0.0131950378417969 0.0419540405273437 -0.0318412780761719
-0.0562858581542969 -0.0389060974121094 -0.082916259765625 0.00607299804687501
-0.085052490234375 -0.0801849365234375 -0.139450073242188 -0.193344116210937
-0.0883606139876776 0.0564430178573617 -0.0488997336117762 0.293298026167681
-0.0114008070873002 0.0913548322361769 0.0723438166395368 0.145175147506699
0.0801103156508175 0.0535539068518874 -0.0266701655753704 -0.0427434610555883
0.0930576960303911 -0.0362664192894017 -0.128099653657888 0.0105948436140605
0.00777035900758057 -0.0923690057372292 -0.144238811355748 0.148195640612956
-0.0535876667947196 -0.0649532618237776 -0.0546806875624757 0.252652667937413
-0.075157367528108 -0.0519089133704339 0.0673072557773645 0.291123045579841
-0.0733030266650011 -0.0493549422815246 0.132118955757786 0.279651089787375
-0.0705137220526511 -0.0578302070215989 0.0851431679227675 0.283144302973553
-0.0365603236996746 -0.0721213210886106 -0.0093483197534991 0.233800922462537
0.0308043234237439 -0.0830866957983726 -0.0764640158610631 0.132945810287005
0.103786485754102 -0.0226461687562183 -0.0138851930347371 0.0727346652877308
0.0642824199422859 0.0655224120252217 0.0578743917125854 0.108189978835197
-0.0153106469114269 0.0709037585802171 0.0132186184649335 0.302054753707684
-0.0650070395214938 0.0358051743842439 -0.217123481128181 0.459855777764667
-0.138351105442172 0.222618794520791 -0.00575391590804241 0.252718378290324
0.00409220911682145 0.236772506912725 0.0914869303086326 0.123680122233714
0.180230641784252 0.161788474995213 -0.0114198669625767 -0.0633648745996303
0.222150072844052 -0.023537748383569 -0.116402863316809 -0.02622858717567
0.0938276134451837 -0.173582239104022 -0.159802608941272 0.111344210273212
-0.0347092888336972 -0.163565784989835 -0.0760970376586199 0.216019846887169
-0.0955217890003884 -0.159032428720799 0.0321556545756846 0.253640994110608
-0.113195015607925 -0.159360178213617 0.0943899676016487 0.242589243791284
-0.107105574351182 -0.174809806044068 0.0606996878384877 0.244172870137776
-0.0276055647273011 -0.176364497174076 -0.0188059183390276 0.18268515124838
0.0966458846305943 -0.177856815548507 -0.0698504782486292 0.0856235106886487
0.23989305113884 -0.0443115755207975 0.0220053556098596 0.0421512215911707
0.200677323822684 0.147625335269266 0.0907327436329093 0.100822094911481
0.0242746103662769 0.226010376322074 0.0389161896194302 0.305162243985847
-0.116792809547561 0.216213672189585 -0.172860177873425 0.450513477787305
-0.173559998841304 0.364150893817922 0.0555003016783014 0.166722122100513
0.0220607057724489 0.364296844196596 0.106897968502454 0.0704428774854035
0.269579389487931 0.256393497230229 -0.00288946427335089 -0.0833197795018621
0.3354264612691 -0.0083700047407977 -0.0970199758002572 -0.0560634445578531
0.174822797355541 -0.236848297080827 -0.152597581807096 0.0650757878321085
-0.00791978548297622 -0.243265152058777 -0.0826274255712469 0.149832213367299
-0.0990965037935683 -0.244328298870432 -0.00542819427443217 0.177065365930035
-0.136695624146645 -0.244949705868394 0.0413758948439616 0.167640741390913
-0.130643281460139 -0.263808194290701 0.0245053969060567 0.170308464521209
-0.0219057496864411 -0.25540845007499 -0.0295859003302937 0.104282857344976
0.139345093266723 -0.256162444393893 -0.0563743144960668 0.0221083436634966
0.344504664405229 -0.0759391915243717 0.0567001504394417 -0.000160890475712776
0.320018795064728 0.195500009068768 0.116396337564912 0.0799312535314244
0.0757835277788701 0.345567358821549 0.0550323140535689 0.272136908057879
-0.142375840436834 0.364946162511962 -0.115369175599895 0.383617723557198
-0.181397022982077 0.462925135133415 0.125873165102883 0.0415655722895078
0.0506667595306067 0.452230497744903 0.115769166112215 -0.0165399603564894
0.339414487320878 0.314825397046955 -0.00309073691713762 -0.104539242993223
0.413896159643895 -0.00258926657224148 -0.0695192901320597 -0.0796050633132435
0.230959557606726 -0.274625326549703 -0.122248237766071 0.0101785107043105
0.0191167628403259 -0.290837783391847 -0.0735543508328966 0.0591558399965174
-0.0870807656787378 -0.294189061476491 -0.0403952322641557 0.0717652117401177
-0.139959001860899 -0.294372501756469 -0.0181977860305661 0.0683576417900925
-0.136104971199349 -0.311907899879093 -0.0195055694198984 0.0719419578826466
-0.015055046272082 -0.296914657345359 -0.0437456763287897 0.00839911233636455
0.159568546416784 -0.298208734912776 -0.039456788768012 -0.0517644449446172
0.39602693487624 -0.100874924559591 0.0837525113184871 -0.0487449622268327
0.393691682274921 0.20933383031284 0.126750147619696 0.04922945106241
0.1201338923423 0.406736517726368 0.0527889069139164 0.205421606925292
-0.144819253276005 0.45573860954448 -0.0572135653777699 0.267195200418716
-0.155347238363698 0.495272939418361 0.191381321869584 -0.108281864681739
0.0817306396691719 0.47164672429249 0.111647456100917 -0.124943588903353
0.362305957810418 0.320164439341375 -0.00716575775908626 -0.122445108158556
0.427019493448074 -0.00329289252189968 -0.0348908727543603 -0.0966959487564603
0.247479830403335 -0.272033795546826 -0.0725015319696047 -0.0515663917183465
0.0407156110698987 -0.291897779841649 -0.0528252203602342 -0.0445410595347224
-0.0630346947627039 -0.298669956202982 -0.0688648897611953 -0.0467169833914165
-0.120659313877958 -0.298242116700893 -0.0757569567513281 -0.0408046966173348
-0.117002950550926 -0.313415106855519 -0.0647383045277567 -0.0365293922363519
0.000798543916261891 -0.289910010686975 -0.0553242963471159 -0.0899340817413829
0.159406590018126 -0.286081562224815 -0.0177992889583456 -0.122090221586972
0.38240436761446 -0.0955921313825774 0.101823599109354 -0.09089473126018
0.387311905605502 0.20062797841216 0.120710923591679 0.021059821146144
0.128863916128233 0.399408483140099 0.030691390206245 0.122176722715261
-0.131131266752355 0.468165938272317 -0.00739808329713039 0.122811239675467
-0.102706809055168 0.452558748931729 0.238974643864814 -0.259226563618776
0.102067706529767 0.406397647607552 0.0937204800518719 -0.23114603140075
0.316821157875494 0.263760431955786 -0.0132118335994689 -0.129398955532693
0.354700279801354 -0.00486674914949309 0.00170994364912316 -0.101571922925009
0.212505416022226 -0.219673872720576 -0.013874864072885 -0.105591221683499
0.0511581071146918 -0.242027817167573 -0.0246925929586908 -0.142001270552264
-0.0286925403079554 -0.254440218206796 -0.0872143783726352 -0.159225756185906
-0.0818498001291294 -0.256528548357393 -0.121826325615353 -0.144326591067926
-0.0754236390473481 -0.267851662839639 -0.100198241601053 -0.139753489160432
0.0237940268492653 -0.23784696011775 -0.0562925947742434 -0.174369828955357
0.14414724600908 -0.218713432067153 0.0136078689030758 -0.173465285371387
0.306749507307279 -0.0555328621356703 0.113776355333746 -0.111357041196967
0.304520988642575 0.175179569431528 0.102659589091691 0.00547595798952829
0.0986315996930814 0.326962724956034 -0.000333287835546884 0.0419136193082368
-0.105071050433258 0.402106553504453 0.0316112529788542 -0.0219176873377865
-0.0321251335296109 0.337420567206685 0.257244868045036 -0.384066794706349
0.105051290265112 0.269584234481985 0.0634247261268116 -0.314056327728405
0.212125915072533 0.158722061362985 -0.0233555437883071 -0.124240317876
0.216757982244827 -0.00431330497930302 0.0284411162255432 -0.0920333690767316
0.140156903010052 -0.128064591663429 0.0393813278500746 -0.138206056080368
0.0524828408341129 -0.151637453842818 0.00309591523006503 -0.213783402842585
0.00837526295707019 -0.169603342984657 -0.0945250744236094 -0.245375534722718
-0.0305363804079091 -0.175616375796083 -0.149505429789312 -0.224862709376208
-0.0213905650659066 -0.182461272976082 -0.117255168236196 -0.22194867363359
0.0462334628335451 -0.151813870208726 -0.042066512507381 -0.231157307465765
0.111909213476726 -0.119913502077764 0.0524288787545316 -0.193675839669042
0.189691630237921 -0.00302431255693819 0.12005452074461 -0.105052720731612
0.175313089442967 0.128754416620642 0.0801074392213075 0.00569280247218141
0.0502605018874774 0.208994697286115 -0.0257031182781588 -0.0228943764162304
-0.0648044385845723 0.277282495768869 0.0605530716787584 -0.141702424829315
0.0417275485475141 0.169077710280806 0.241422738155364 -0.461847178199641
0.0893524572256886 0.0923814347729643 0.0215340203576915 -0.363273249643736
0.078517661666553 0.0325875180199577 -0.0425072929158048 -0.109715131693627
0.052517945369753 -0.00258071416304528 0.0355859459563413 -0.0695851018807799
0.048585759019761 -0.0189919965769921 0.0747710691281706 -0.14332103093375
0.0456561776259003 -0.0375299559539637 0.0268164822925736 -0.246569336120555
0.0440036511480123 -0.0579348106487199 -0.0882138944268188 -0.291449823221427
0.026150821262533 -0.0679843269237825 -0.154895723617096 -0.272593867931502
0.0336388230810693 -0.0713428393222887 -0.113530768758269 -0.272363844190213
0.0579032292819613 -0.0482110650657354 -0.0151924296020834 -0.253979252361028
0.061408309156777 -0.0148094726357826 0.0931618077297009 -0.184046239692409
0.0557046476390671 0.0341294483329951 0.118904623630384 -0.0783722952701853
0.0395975623913845 0.0577825452356689 0.0575549186471947 0.0141814343096589
0.00990626581860811 0.0680004652674975 -0.0388142171728377 -0.0671503348460299
-0.0117626651234508 0.118256931775685 0.0777566627671331 -0.221714382022745
-0.0876998115043451 0.0618079573769558 -0.0342713260796675 0.304349575591098
-0.00645569318578259 0.0931858013228384 0.0827909163575161 0.143026391661889
0.0845598373235988 0.0492162630901993 -0.029447274372513 -0.0427296918361512
0.09207100354488 -0.0425752453044569 -0.130655455903034 0.0181556630125391
0.00200167014521742 -0.0936690448347668 -0.13878004849703 0.162540983105862
-0.0576378842099378 -0.0625550131343295 -0.0388917026807092 0.264119286728551
-0.0796575573734269 -0.0478898076441726 0.0896354378961122 0.2930368029599
-0.0785179220299251 -0.0451654861960965 0.156493446281296 0.276442832401664
-0.0767275263627223 -0.0547085902131963 0.108558712345657 0.284868649406852
-0.0421391673082752 -0.0708325093988975 0.00707256590601295 0.242702346199505
0.025719665731857 -0.0873023842703566 -0.0703696856757755 0.143184651564063
0.10434505397997 -0.031013340978494 -0.00969813789910508 0.074253710998256
0.0703708362533733 0.0634169989243102 0.0638593430273425 0.105325033175655
-0.0115454447453276 0.0731403563259723 0.0300622957776072 0.307094906961807
-0.0637627930186043 0.0401868115185267 -0.197784482657208 0.485879703233205
-0.128856111150437 0.236147093582207 0.00742832252223426 0.259603288461719
0.0181999202624613 0.241119898406221 0.100341751778135 0.119582269450216
0.194503159354567 0.152969435462118 -0.0148708559053815 -0.0646769507843038
0.225372012406887 -0.0367406072468638 -0.120184439759978 -0.0203461808140677
0.0846718002591052 -0.183005601025675 -0.156812460820933 0.126528944782209
-0.0442392007652553 -0.164980618435917 -0.0638911272371376 0.227413677549859
-0.107268334555282 -0.15675894883888 0.0508532625308693 0.257382196634992
-0.128465212912536 -0.15590442879222 0.115247200562316 0.240519103512718
-0.121503049405667 -0.171861949161297 0.08144945678637 0.246000681104695
-0.038821805147665 -0.178588627537048 -0.0057498610136187 0.190061249066849
0.0861665823687243 -0.189460012343759 -0.0663492255221228 0.0949367535245866
0.243957748991763 -0.0623906272214764 0.0250762254244239 0.0397643510777701
0.215598876636863 0.138604130521505 0.0972576945037139 0.0963311115490545
0.0382755263037112 0.231041774052286 0.0571083077279271 0.310316360633282
-0.105749305133799 0.22933105020642 -0.152208461092106 0.4733103024844
-0.155140931399127 0.384128595905781 0.064947303075833 0.16786096793528
0.0447303752793261 0.370310780504317 0.111985899953127 0.0644624021233589
0.291983561325755 0.243961358584114 -0.00746032878758023 -0.0851738539034029
0.343833004604445 -0.0286994309178509 -0.101642073399825 -0.052246819786773
0.162891327012225 -0.253283449519872 -0.15225027030724 0.0791769594827148
-0.021709999181074 -0.249205016672574 -0.0750292824711649 0.160514865489245
-0.116378981308379 -0.244068158685391 0.00692030774202798 0.181814575515801
-0.158305952518132 -0.241606990761735 0.055546158438092 0.168011285721558
-0.152897823447174 -0.262099910293211 0.0389377324656952 0.172432788978986
-0.0373224147012071 -0.260582077621658 -0.0222757400346494 0.110054648838639
0.126008881617718 -0.272753355570062 -0.0559987824047378 0.0290477093344395
0.350204258074294 -0.101769233344854 0.057638400145202 -0.00625086154102108
0.34275702144458 0.180212959077235 0.122170241603444 0.0742118033595745
0.0990879763195865 0.350351588545681 0.0727679327936646 0.276108248169592
-0.122950703982727 0.38385170949766 -0.096176612234542 0.400776799641231
-0.156731680428439 0.485437069605417 0.129417900048738 0.0359640189469801
0.0793311730233567 0.458742571482288 0.115162907777022 -0.0247396848845231
0.367656376557118 0.299536257181053 -0.0088940667315485 -0.106579647791244
0.425788069787845 -0.0273874545629121 -0.0748408749874317 -0.0782878781476982
0.218328622637193 -0.296572472836803 -0.124859342357463 0.0211543364400823
0.00311626011282866 -0.299827579241955 -0.072323757978658 0.0667945531676937
-0.10751460938523 -0.296876995512589 -0.0364292971361484 0.076522750802202
-0.165527451896451 -0.292840431937819 -0.0126813444339744 0.0713721163313671
-0.161510979640965 -0.311180980697009 -0.0130051397382859 0.0740696323841227
-0.0326704559105715 -0.304028100707155 -0.0431904635217619 0.0120629402798892
0.143955206431144 -0.316427674838667 -0.0429191852583632 -0.0477030695931679
0.402110022315152 -0.130154066143655 0.0826136062132692 -0.0583462629745661
0.418048650022835 0.189379608041254 0.131496908836185 0.0434817256561678
0.146846899759939 0.409777826634355 0.0665715653919356 0.209480715162409
-0.120713632439858 0.47763582479445 -0.0424321546552282 0.2777074930208
-0.129108023671659 0.519053240210156 0.188100187785047 -0.12173390641051
0.111538778080369 0.478147046699019 0.104648062680074 -0.134931281101141
0.392505741835404 0.303987914346172 -0.0144568528558309 -0.124198368739761
0.439210459226013 -0.0290708593822188 -0.0403063534798888 -0.0976593917760267
0.235119882322317 -0.29604898053907 -0.0781768534199584 -0.0451205909504259
0.0243628125856179 -0.3030954771567 -0.0578954213654715 -0.0418088308168395
-0.083260578162197 -0.303624438200151 -0.0742157508610854 -0.0423489122255733
-0.146224142810768 -0.299311724997683 -0.0793966672862264 -0.0365926848049928
-0.142358836016527 -0.313692781422659 -0.0676106222133617 -0.0340335761054101
-0.0162837154232764 -0.298527176173231 -0.0621378580765864 -0.0886301099646576
0.144774387302617 -0.303855993802667 -0.0249476203934792 -0.122602072608777
0.38771081348253 -0.123420838865439 0.097679566169007 -0.102261979705946
0.411460161683608 0.180888868743811 0.124271077306115 0.0149436040963601
0.156357905894425 0.402586666038291 0.04044353936238 0.12598955200141
-0.104891571895893 0.490502068323383 0.00100952731197499 0.124945223214971
-0.0770820984880709 0.472484560075238 0.228352302801639 -0.279190787336528
0.128492303075977 0.410648267982319 0.0799254507120112 -0.241642942307973
0.341702458975423 0.24988589681918 -0.0213357714350614 -0.13102803621136
0.36605774887248 -0.0254580691836027 -0.00300500467153862 -0.104847319861519
0.20392427053335 -0.240288165537706 -0.0210047764927809 -0.105546006748221
0.038508971333674 -0.253712201523284 -0.0358752365465351 -0.144285295068462
-0.0458602613254268 -0.261532269067062 -0.101808482081023 -0.156092688084302
-0.103326853332713 -0.258820642713008 -0.135183680301807 -0.138499541204387
-0.0966251524376262 -0.269067269202574 -0.111947977092285 -0.136817520013859
0.0108012836065181 -0.246652604376064 -0.0690456285318753 -0.175314316236939
0.134055554049893 -0.234040527467739 0.003157134488987 -0.177365741707325
0.312331196496729 -0.0766150468733857 0.108386369655088 -0.122684118408089
0.325034065431447 0.159407135150926 0.105468862922286 0.000959935355726731
0.122037048890713 0.329803467728134 0.00489527309706073 0.0452675266657912
-0.0828795795093604 0.422157327166666 0.0332921657034783 -0.0265437472219707
-0.012147249256632 0.350323702591239 0.240923993116351 -0.408175978510644
0.122300778383237 0.269716259730706 0.0436594425182028 -0.324258346467056
0.228072698909222 0.149565066462193 -0.0315396219897651 -0.125036153331017
0.224344477645871 -0.0167291646899136 0.024529219973258 -0.0960689894336951
0.135105863243359 -0.141313045267642 0.0314037647721431 -0.143458624594147
0.0446415624504524 -0.160020848745556 -0.0118241903356205 -0.220171236947653
-0.00297558502265931 -0.176619821934269 -0.114907912846258 -0.244340993487704
-0.0441836160392622 -0.179264967863991 -0.169209980584318 -0.219346219502678
-0.0349487345785442 -0.186360457251429 -0.13563178791348 -0.219675023220658
0.0387461546018427 -0.159746522620847 -0.0587243713952713 -0.23423475619719
0.107178831335542 -0.129991195633816 0.0422724845227222 -0.201866522243759
0.196048860360845 -0.0153626965957235 0.115488149819034 -0.115292298700147
0.189071229864456 0.120319984832168 0.0827999712258529 0.00213096294385241
0.0646726839735249 0.211545540110295 -0.0250291559244617 -0.0194337394386989
-0.0498157157308622 0.290864400252698 0.0557257052609295 -0.151122595546163
0.0532674356685093 0.172428338388546 0.220763790032304 -0.486895367447167
0.0957063835216269 0.0899132839937453 -0.000955521167256199 -0.372203518823085
0.0827242703935245 0.0292235591895843 -0.0500869444898426 -0.109261815033216
0.0551695748626876 -0.0060234349811934 0.0327600833310751 -0.0728617859861465
0.0491748385452549 -0.0236322233013404 0.0682446794238353 -0.153108089865549
0.0439778753293033 -0.0427698424590862 0.0101882225249592 -0.25661148464436
0.0411086282269943 -0.0641963817820257 -0.112251681109573 -0.292338401778557
0.0215784900348822 -0.0727283589495255 -0.178929229906953 -0.267300652143015
0.0296961803920306 -0.0756322077087237 -0.135917667365034 -0.270657143478252
0.056488996706854 -0.0540741765287445 -0.0332315971069157 -0.259944486100396
0.0624036868627501 -0.0188159532980089 0.0831211581229213 -0.195437808332406
0.0604176811363843 0.0316485245597556 0.115485556548738 -0.0875812584088762
0.0451025820496974 0.0567531917449687 0.0613080431066438 0.0120274800664604
0.015097122441492 0.0697455000047019 -0.0415916790826046 -0.0646671339425998
-0.00491223849058809 0.124405410043896 0.0695874478359381 -0.235183797165456
-0.0842866724510068 0.0660716451184114 -0.0189554570064201 0.308293016031396
-0.00124221991615771 0.0932660187346444 0.0906156784843052 0.137182999239127
0.0863483237529758 0.044094581110491 -0.0310419219297764 -0.0420091287709212
0.0892432745878795 -0.0472180080690865 -0.130026446998439 0.0251997872775616
-0.00309836046488691 -0.092922989544419 -0.130219580486649 0.172715134585333
-0.060401520834685 -0.0591595561389258 -0.0233359674983635 0.269116568073795
-0.0820232195727098 -0.0424256629440407 0.109739451120199 0.287093478773289
-0.0819518838090909 -0.0400112917974962 0.175579337601027 0.265751622164985
-0.0808435258995661 -0.0502492433128319 0.128892674055105 0.278858640611865
-0.0464738798098991 -0.0676511140548654 0.0231109257749813 0.24445079885953
0.0200177775845145 -0.088785673236316 -0.0623410384064447 0.14993142831181
0.101835809485013 -0.0377627352583102 -0.00564906600284571 0.0734202439276473
0.0746040930169015 0.0590267166593982 0.0678198993569706 0.100156476877044
-0.00863568932333095 0.0737510500854171 0.0443932551098977 0.305601045158818
-0.0603349889393606 0.0432186001184571 -0.174531288992504 0.499340635565926
-0.115252694310061 0.242803870878934 0.0194173579983052 0.260705192422431
0.0306117150086703 0.239732897695855 0.105553140743561 0.113388772329081
0.202291893279993 0.1407685377215 -0.0181074749608228 -0.0639071433762012
0.224124958326368 -0.0490701294373078 -0.121454240391897 -0.0143933183667706
0.0738286939537204 -0.187290426354785 -0.150060161009364 0.138185738614383
-0.0525064543570001 -0.162884298807754 -0.0501456846450907 0.234164096801963
-0.115927575261741 -0.150762392939502 0.0680253132399217 0.254928482047113
-0.139808015286607 -0.148075532018916 0.132041391423008 0.231954393118717
-0.133670549653472 -0.165204828558081 0.099059098307971 0.24109147823445
-0.0484307885247611 -0.176577130131048 0.0073014538623063 0.192459135910144
0.0749301726900533 -0.195573395119936 -0.060443610799298 0.101932638333422
0.241419357550206 -0.0777543928952807 0.0272501957194788 0.0361828855951628
0.225241373807715 0.126688907110853 0.10001547062259 0.0906089199515547
0.0503969119175847 0.229682575305074 0.0719536093969124 0.308155085809161
-0.092900759253922 0.236420163152882 -0.128536158079307 0.485192143741474
-0.1337301046361 0.393596092068867 0.0725856985339176 0.165885372290971
0.0641966957295198 0.367370624731156 0.113801230481665 0.0572675980495163
0.305472349701309 0.225115244273635 -0.0119481653021837 -0.0847954787734751
0.344664342343503 -0.0469734446546816 -0.103675200411883 -0.0480273949497943
0.147875152448391 -0.262730923083626 -0.147550689346351 0.0906411946141213
-0.0344509880948726 -0.248603640015469 -0.0657421451032136 0.166603449340546
-0.130906176941298 -0.238657639229051 0.0187609436722336 0.182010388803351
-0.17623329625446 -0.23347107159426 0.0676525125964332 0.164468721107745
-0.170033260335504 -0.253438337284806 0.0518942504937527 0.169155763573814
-0.0508857108841474 -0.259604731738484 -0.0146958148497275 0.112046467021445
0.109702021525085 -0.280815528320471 -0.0535452743437806 0.0347442560503434
0.346391022681056 -0.123154479640343 0.056527972230209 -0.0123479664288536
0.355267173639325 0.161135451815617 0.124370252979666 0.0674450169563653
0.117986882913127 0.347665044484284 0.0879128896369568 0.273340417432514
-0.102117214242072 0.39387787458071 -0.0753649497971956 0.407838778258285
-0.127996581597979 0.495690250590823 0.130069636090885 0.0302349679260839
0.103069986687905 0.454929387509747 0.111315176002329 -0.0310494235439064
0.384869147087685 0.278074659318027 -0.0143334497148566 -0.10605721973105
0.426947557564952 -0.0508154125117012 -0.0781359311560724 -0.0753728703743226
0.201095403519807 -0.310320611974556 -0.123433231769035 0.0313821990219952
-0.0125062985835113 -0.301277672844285 -0.068970603391299 0.0720611238677533
-0.125033446442914 -0.292573859927416 -0.0313832568484462 0.0796472954300008
-0.186579565362372 -0.283431473822286 -0.00696898212786155 0.0718797229444728
-0.182619950793901 -0.302343288726491 -0.00692762312422083 0.073908730117788
-0.0489759220489884 -0.303130613047689 -0.0418605192047183 0.0145032057750001
0.125187200958964 -0.326570792970678 -0.0443929480475004 -0.0436090196123797
0.397157658142914 -0.155543362989615 0.0777158552900834 -0.0652857519732678
0.43243329871426 0.166565128015414 0.13276018499859 0.0360754236707724
0.17050865198237 0.404469591439486 0.0797699625540854 0.207337577611424
-0.0925400399935116 0.487944876276573 -0.0269975938467766 0.280397146108536
-0.0992840887258923 0.529141459142712 0.181361869441517 -0.130513085673246
0.137127973131566 0.472139343715048 0.0952294810590478 -0.140165090731787
0.410051905123956 0.281084646773813 -0.0209407846595005 -0.123166293338629
0.440740391968639 -0.0532096822399057 -0.0444099520009013 -0.0964709045999532
0.21692531995626 -0.311276138836073 -0.0803900578758177 -0.0378120255399879
0.00806167279044502 -0.306703609097443 -0.0617953581372502 -0.0377205512728513
-0.101865240187698 -0.301053796028245 -0.0771501058522504 -0.0371650858740501
-0.167585661454745 -0.290885288784269 -0.0817486883405046 -0.0308352815981451
-0.163176779001443 -0.306477473153271 -0.068931733865637 -0.0309756060070841
-0.0320478700346809 -0.299416288639916 -0.0675468770989993 -0.0852150460555463
0.127074369122272 -0.312943070767152 -0.0309141064547002 -0.119493594039277
0.384054222926134 -0.147646399025615 0.0907566099380058 -0.109828687718593
0.425274084603854 0.156910786944396 0.12465616033825 0.00911688609899719
0.179343180846906 0.3959659909461 0.0501332677232936 0.125422120344806
-0.0785207617892505 0.500646666566772 0.00903102088606012 0.124312726085536
-0.0510577068226828 0.47932329150569 0.213987175285035 -0.290571764314797
0.149991863044661 0.404831291310734 0.064858079835459 -0.245499663091226
0.357843271514634 0.230373759534005 -0.028225993794978 -0.12964364148437
0.368479711547326 -0.04521148567701 -0.00707491899285006 -0.106108921941737
0.189847662976679 -0.253968800194826 -0.0266762728498165 -0.102723813530267
0.0243666398074465 -0.258542551911242 -0.0456245703810043 -0.142752204465087
-0.0617635641774897 -0.261500266534261 -0.112088122756623 -0.148833909578827
-0.12195352831145 -0.254765421838059 -0.143631156980648 -0.128629853020115
-0.114990027327031 -0.264778286084683 -0.120517317901396 -0.13058648779322
-0.00268641870822342 -0.24940769759725 -0.0804808787549048 -0.171770472892614
0.119975851601069 -0.241920118698075 -0.00593521184767696 -0.177398592178144
0.311960639084782 -0.0962229140559242 0.100187417278667 -0.130528462614756
0.336698271699263 0.140756133851244 0.105951401343932 -0.00434978054628315
0.139801199760823 0.323762772708218 0.0101405663806643 0.0469436536897889
-0.0591844915685381 0.430907036868849 0.0334730334655016 -0.0303120745766765
0.00802054019474976 0.353500276854861 0.220626195499774 -0.421308147061277
0.135837738011357 0.265117142977164 0.0252596939187646 -0.326247225828499
0.238069250754908 0.138071695530807 -0.0376990997373079 -0.123473825686913
0.226872929351682 -0.0287906717379577 0.0208854512987804 -0.0989222158766805
0.12672949688445 -0.151191628906839 0.0239499889474588 -0.145570770040743
0.0354232311222543 -0.16484995129512 -0.0260553957468783 -0.221612958077029
-0.0141544177771934 -0.179315375707595 -0.132038701793086 -0.236285025269659
-0.0573417347994909 -0.178326833150542 -0.18404004263979 -0.207547511252595
-0.0467063418457839 -0.185418759264214 -0.150194515409384 -0.211421092870101
0.0305167073309452 -0.164164539387624 -0.0742161658040737 -0.232090824728835
0.0999741355887648 -0.136443671065791 0.0307903121770671 -0.205319681555428
0.197747534562513 -0.0275979223719462 0.107645234288132 -0.1227085234721
0.197786175595862 0.109298709039493 0.0844222238093113 -0.00124164370329759
0.0769847752153334 0.208932675371824 -0.0227917355016078 -0.0165978261467331
-0.0335069425815323 0.297224916179998 0.049904919255818 -0.15794791139699
0.0627272093575933 0.171418220123453 0.197176192386494 -0.499957776391843
0.099662159538491 0.0864503089313987 -0.0211586444236065 -0.371394260182719
0.0854633369231108 0.0258335823668486 -0.056090085534919 -0.106622230683026
0.0566170115705596 -0.00860751132684534 0.0301999318527943 -0.0756160232459897
0.0474591745889336 -0.027861154935497 0.060657238817296 -0.157712099133421
0.0418211470353978 -0.0465717281614063 -0.00683159499058929 -0.259320052455737
0.0366031663056778 -0.0681136458991458 -0.131638502254697 -0.285332960798419
0.0163362910843599 -0.0752058575137254 -0.196812602925688 -0.254847819750626
0.0254906997776762 -0.0786221143403995 -0.154670156996118 -0.262645538268036
0.0537308498736707 -0.059119788852103 -0.0493841569238264 -0.259268685407145
0.0618714420497574 -0.0229976684361764 0.072194569785738 -0.201559343419572
0.0641361323080237 0.0278985068737745 0.110147811114212 -0.0934960079878435
0.0496080021138183 0.0537680728334992 0.0637641588450542 0.00925020017419184
0.019093789709195 0.0694338627814266 -0.0425560500268642 -0.0610656044282416
0.00177734908623489 0.126666633908265 0.0583435853471622 -0.24287480152562
-0.0544049345678002 0.094396068307821 0.0841504576991805 0.293414440951482
0.0341954391169419 0.0874965180226128 0.126141225149742 0.0952446198500072
0.0957374967090457 0.010843738518009 -0.0478711604172733 -0.0252747654718813
0.0647387093921777 -0.0758306428941335 -0.113708967929582 0.073851397824436
-0.0353509293240298 -0.0820399038352865 -0.0595200123777677 0.208340766303026
-0.0752389221470545 -0.0304473285652955 0.0759993624023996 0.2594981231098
-0.090789219103693 -0.00907225843619525 0.209285536790439 0.228658738197997
-0.0881955774053567 -0.0077680776475025 0.258910556401793 0.180259847919947
-0.092164055616984 -0.0177807006722931 0.217679632389897 0.214067729407109
-0.0646604713249345 -0.0474926612477552 0.106433304938809 0.221165153876011
-0.0132856842492536 -0.0891592437625692 -0.00485495710325319 0.163671345449302
0.0813737131910957 -0.0705143999909147 0.0162605370724893 0.0710882372431666
0.0899208147810981 0.0297035513314005 0.0926646836412857 0.0692624201385296
0.0165719240173513 0.0694590837403355 0.139902881393277 0.271626882075127
-0.043133765992298 0.0565119204242733 -0.0056867093982267 0.520796488618
-0.0206025536447903 0.275151442459949 0.0992627844245315 0.231442816671263
0.117389578641057 0.214486362658411 0.124722598708735 0.0652613253505692
0.238887887666951 0.058610202007269 -0.0507266703742482 -0.0453202242677973
0.190408917933466 -0.127720295651673 -0.120999740536697 0.0406506792453126
0.00373119725563018 -0.196795767584451 -0.0868069457307899 0.187890139066667
-0.103517225794596 -0.130348302060101 0.0425545316441399 0.237859162154583
-0.161966768418809 -0.101163265256264 0.16109170353986 0.215955446648028
-0.178400955829473 -0.088312495442339 0.209832837330866 0.164760918835155
-0.18142931195057 -0.10693032698019 0.178954773961406 0.188152016344259
-0.103135439452069 -0.149116034812249 0.0757468749114533 0.180362631653796
0.00236173542736043 -0.206879643714939 -0.0183954499134652 0.121297911920289
0.199345287169828 -0.155102144348938 0.0308741693646613 0.0264712979580461
0.254029773385897 0.0423642047222591 0.117269502031981 0.0472380804736327
0.124629077020798 0.195913455321193 0.168997616782054 0.262398337112864
-0.0112589844065436 0.251913460532448 0.0400842816202329 0.490823201482167
0.0163377925748474 0.424739727004843 0.112886505588661 0.119588712659185
0.194900857196583 0.322966234738594 0.10641988939043 0.00845691720665253
0.36622273484923 0.100615165999075 -0.0590836336980397 -0.0618990625056389
0.302549611323478 -0.171151138815024 -0.117652674271338 0.0097981236245784
0.0458674108265577 -0.293418969100333 -0.0977078965090183 0.14708372585622
-0.116036018065879 -0.217744602203008 0.00635108020977446 0.181853588830685
-0.206749118244403 -0.180474476639838 0.0903516606313056 0.168430284710312
-0.241853288859285 -0.155061089812699 0.128005926673069 0.124768231651952
-0.245794109747235 -0.175595001375376 0.111642683901651 0.136417854214128
-0.134256521284368 -0.22640915159656 0.0289811442407776 0.113939945678614
0.00572374958054572 -0.298301889346465 -0.0334075742014173 0.0592084098687584
0.283156288768105 -0.234177487530834 0.0408711317990248 -0.0264970303747111
0.386951002433903 0.0306280082429233 0.130881239616076 0.0164445111409098
0.227328826740583 0.283974952232251 0.174991481966387 0.222957561603207
0.0309661880601888 0.406347942506136 0.0687986566122554 0.398187157861394
0.0566442800238619 0.520090432175111 0.118757482275726 -0.029362568767619
0.262737371705169 0.391683922779063 0.0702615459454764 -0.0745257111640058
0.45935766733536 0.120505864704359 -0.0726580623903522 -0.0772696125940952
0.380182783516644 -0.20509261987778 -0.104216501049865 -0.0206726992870551
0.0777927642104652 -0.357227877969715 -0.093449010256957 0.0862254953981489
-0.11466247373134 -0.275821996311163 -0.027688838085521 0.0960752563905589
-0.22075237179069 -0.234477965521977 0.00737349871406291 0.0936802851513555
-0.269782622470558 -0.198469788786649 0.0273388793967876 0.0671307076179048
-0.274240200942313 -0.217403478649111 0.0244168426443816 0.0683444968665855
-0.146837983057301 -0.267555395266096 -0.028666060461247 0.0326590328274788
0.00492061193109055 -0.345658450905507 -0.0510446883363009 -0.0158168962262674
0.320211102905986 -0.28087133582231 0.0418458199540377 -0.0818405462496142
0.459856942444988 0.0102095950874742 0.127915025917752 -0.0162024939439321
0.2961657817806 0.320406573930696 0.147410007031246 0.161709498896739
0.0703586277091817 0.494583255837344 0.0764342018694378 0.261711080763252
0.0953838865537595 0.539650634362968 0.111826479231849 -0.198203293476702
0.300692372429843 0.396182756079977 0.01687509921486 -0.169605325888193
0.485746168637268 0.114001659414078 -0.0856756295662501 -0.0894862258963821
0.392422971518221 -0.213684453289628 -0.0792362546332117 -0.0519520127070497
0.0932475178478524 -0.365572080128549 -0.0761803395166792 0.00693274880698091
-0.0981084563896713 -0.28971296819678 -0.0593365267405011 -0.00905067361178325
-0.203632198460345 -0.252288401488435 -0.0781551233819641 0.00260466682063827
-0.255331446556705 -0.2123731285128 -0.0781306755144405 -0.000566855905326186
-0.258442671635454 -0.227172715559103 -0.0696902884132856 -0.00722505940753569
-0.130942897060184 -0.269711498925364 -0.0866487190782722 -0.0522262892295382
0.0113368200033745 -0.334112219894661 -0.0650253322104899 -0.0916078678083253
0.311272085077512 -0.269320761150531 0.0400019798434666 -0.127430547315491
0.45072830338234 0.00314515483361419 0.112323502302116 -0.0387089243586793
0.302263789843258 0.310094452715163 0.0940466745631661 0.09430836808549
0.089775584965293 0.502211499117741 0.060917518786098 0.103665592292368
0.123518760133932 0.475089406895042 0.0906589864544888 -0.357597225801187
0.287453919402869 0.328495853017987 -0.0433543107914515 -0.256987172903259
0.418975413692825 0.0860590615221198 -0.0907456349539623 -0.0954985790521006
0.328759806440187 -0.180752071065912 -0.0467043425367587 -0.0776954699575643
0.087657347643762 -0.304383635171261 -0.0502746260213624 -0.0746104451686841
-0.0662837192998405 -0.251704984455347 -0.0840839798121665 -0.113161376856983
-0.152348956194656 -0.229711297720849 -0.152520523071103 -0.0899335171134641
-0.201346720564155 -0.194411705584073 -0.171733738422719 -0.0678946475131236
-0.198438422486527 -0.205300492008651 -0.152851194478492 -0.0819751816835133
-0.0865317598636082 -0.232831102824649 -0.129359471175413 -0.129413359160177
0.0297248891148543 -0.266177688009786 -0.0632764677870337 -0.155518594584729
0.260922308462293 -0.196761518344461 0.0430737441584749 -0.150698654470432
0.362179126002439 0.0181379072907624 0.0930502124926951 -0.0438438150735168
0.241913727942886 0.256618195373305 0.0310186541702712 0.0348700960415232
0.0854923462816991 0.430666707034099 0.0334201592767607 -0.0475732616293703
0.132994843505498 0.332729299836694 0.0561731933554733 -0.478714606422748
0.22218393831173 0.201758330010178 -0.100169508657838 -0.316272910780095
0.273235880553941 0.0431720621094322 -0.0898853608150976 -0.0913320603403765
0.202467597871024 -0.112731291870222 -0.0163896925480172 -0.088692225475463
0.0653294022673684 -0.187343403549922 -0.0211417365856154 -0.137460191633615
-0.0244921889896345 -0.169648768718462 -0.0971014626122283 -0.195085570843272
-0.0789917533200106 -0.169278519760935 -0.205722823998043 -0.1661322373809
-0.115688142294166 -0.146862072770248 -0.238971646014965 -0.12512083977808
-0.108506215696477 -0.155968012883964 -0.210194859131479 -0.145616861217423
-0.0278752852916393 -0.164102644639323 -0.14575879787184 -0.188468578462375
0.0471418027211285 -0.161674477461863 -0.0406059809317959 -0.196516454870104
0.177188011090253 -0.0939050029743088 0.0553778281707791 -0.14711535708634
0.22224890679565 0.0350905623994734 0.0768465285874804 -0.0325291414779102
0.143592646259962 0.170723259989349 -0.0213979410191165 -0.0121619692234263
0.0663653946580996 0.295746614417658 0.00479998372077075 -0.170089948966711
0.118613756200596 0.138249792546438 0.0147251813277552 -0.538939349681433
0.121484432308661 0.0453057617018353 -0.149666165012448 -0.33949164675856
0.0898621656955044 -0.00582411287348345 -0.0912386415487275 -0.0771470735368545
0.0506941825291846 -0.0296997836089937 0.00242429237063826 -0.079791940155496
0.034171776931747 -0.0448172806109669 0.00508794866169336 -0.167068445680517
0.0215622216984635 -0.0616933801934291 -0.0963155575178217 -0.239441984979144
0.00849630639679018 -0.0811402198821609 -0.226501708042315 -0.214523168298437
-0.0122856623826749 -0.0769147328097253 -0.27080820696264 -0.163741770594848
-0.00462823916902466 -0.0826103513861265 -0.233543513016607 -0.19007161067533
0.0288592395271656 -0.0737084820454114 -0.134477958520778 -0.223547595861315
0.0506810913591309 -0.0428430920700365 -0.00294443038511807 -0.210403632091688
0.0708074865493726 0.00373812330254609 0.0699709153727145 -0.122697423978458
0.0652506101035429 0.0327697225739105 0.0636698160288483 -0.0137370078039317
0.0421507898312647 0.0597817363194253 -0.0566524077921306 -0.0452402474384507
0.0437389776798248 0.122884167081997 -0.0187163938453035 -0.249619589615834
-0.0525634085441495 0.0955690475170825 0.0898400768166874 0.294688601867961
0.0357030470485002 0.0865228643323292 0.127368324332302 0.0923089311384081
0.0954351961006347 0.00952781478268463 -0.0486263610861397 -0.0247973389242193
0.0632994037543519 -0.0769726892882008 -0.112085428134018 0.0773742538795461
-0.0361109468209592 -0.0807273493567545 -0.0542657176613551 0.211915049982815
-0.0749334798660036 -0.0277894511817211 0.0848633457631198 0.260323312778508
-0.0911017703461375 -0.00693997304572246 0.216381523854928 0.222131812356897
-0.0888400292136699 -0.00438504484390306 0.264868127356793 0.171007527043192
-0.0933113220382357 -0.0142860507961702 0.227236762489589 0.207635053070999
-0.0654735471476653 -0.0459977800677597 0.115093801115959 0.219433379903362
-0.0157724980375177 -0.0879168975001309 0.00064640735810178 0.166076508485722
0.0787050177552871 -0.0728126866804902 0.0170441171370978 0.0697951578573777
0.0909910596045034 0.026999139213924 0.0917845765902885 0.0677253933085896
0.018260134389259 0.0684409247791367 0.144175915161085 0.270649717182987
-0.0412086264106858 0.0563880466858607 0.00595814285267899 0.52553907143334
-0.0133476665545735 0.27670640243625 0.10352772109653 0.231066763942432
0.121504895557781 0.212162265826728 0.12457772746224 0.0631752204639625
0.239548798583569 0.0530106502882825 -0.0517091635975397 -0.0442464208696165
0.188629726357521 -0.132728816650782 -0.120214199153192 0.0434630968272775
-0.000542119459880336 -0.196356488289111 -0.0808626850242796 0.19174434530308
-0.106148134626958 -0.128477709398138 0.0500715579292954 0.23888370526008
-0.164825404208029 -0.0977125142739723 0.167870112166404 0.211002734228199
-0.183526400872713 -0.082397397902656 0.21585350183858 0.157098720012288
-0.186409672579329 -0.100818960493684 0.187245269074011 0.182189775281011
-0.106555418792852 -0.147931517986392 0.0828192477817649 0.178484145767432
-0.00345881900557264 -0.206966488500858 -0.0136913637791293 0.123326639371735
0.19659211558357 -0.161406622810811 0.0304005714500252 0.0258549080212149
0.256636562677835 0.0359479364179399 0.116771799774505 0.0455510585421594
0.129706405176415 0.19455780774015 0.174418600916738 0.260273050149305
-0.0038670596912297 0.253421976125227 0.0495856265820612 0.49203824040474
0.026700252638052 0.425521687430008 0.114942904338106 0.119017032680423
0.201703463486812 0.320314390127655 0.10551920105708 0.00736176049401555
0.368159840452911 0.0908584871894654 -0.0605756176642174 -0.0604270566529831
0.301905807112241 -0.178995283816634 -0.117460751809272 0.0111466078170104
0.0389250504164439 -0.294550929422953 -0.092822521555178 0.151678184910929
-0.121294757162103 -0.216059053665168 0.0125671814253768 0.183633203104274
-0.212471069150741 -0.176392684009922 0.0964317994497252 0.165863990279619
-0.249618249179144 -0.147730912826441 0.132879642912202 0.120028084661747
-0.253357250426995 -0.168425763373195 0.11762213118573 0.132310464718832
-0.139510729906096 -0.225252586505526 0.0339874287769076 0.113143348274578
-0.00233248461349033 -0.299118161003355 -0.0299229006625094 0.0610946619618132
0.278450848728503 -0.243960072708564 0.0383098535143198 -0.0279387504924232
0.390612939782568 0.0203346577531337 0.129948884765473 0.0145044474554603
0.235160249851675 0.281494043139596 0.180313038542064 0.220372109311692
0.04251387128163 0.408794221051873 0.0774531521298329 0.398620781495143
0.0696609622675138 0.519912153858454 0.118293266975946 -0.0311512262886468
0.270867028025769 0.38883642267332 0.0682073901399742 -0.0746126809002043
0.462535672623541 0.109053677672147 -0.0746222217887851 -0.0747547899899237
0.378851730313823 -0.215962074938929 -0.104623007803363 -0.0200551087964928
0.0685379330039718 -0.360370382072897 -0.0893824602153035 0.0903549398323709
-0.121739571704087 -0.275217888487798 -0.0243724941844953 0.0980640393488468
-0.229045969339696 -0.231397114090232 0.0109202290959548 0.0934886431607826
-0.27894151035641 -0.190242306164114 0.0304125293759014 0.0653973068198631
-0.28246956750337 -0.208745777946517 0.0270954723244811 0.066144770619258
-0.153363842641736 -0.26633092770466 -0.0269589976823887 0.0330227693106872
-0.00446524491106699 -0.346506496221417 -0.0497237100706093 -0.0141143494095995
0.315161737512128 -0.292320138654624 0.0384351567678379 -0.0830257257185912
0.464289291010239 -0.00242445434051417 0.127057718422758 -0.0174988550831431
0.304793783494908 0.316436370388996 0.152975580033873 0.158523497402905
0.0836185966584082 0.497356939197964 0.0821773446551474 0.260325060362882
0.109761218411633 0.53925929644087 0.108896929210115 -0.201250985917556
0.30904476396308 0.394140050027229 0.0129676078210962 -0.169301390942569
0.489517069496926 0.101557136279088 -0.0881373072726005 -0.0871742618883539
0.391481792840926 -0.225343650454689 -0.0810058309633452 -0.0516739827179417
0.0833529093491042 -0.369555948303879 -0.0748625557646207 0.00989125640300868
-0.105457988452077 -0.289875789305112 -0.0597747439771528 -0.0071637482981669
-0.21174511630331 -0.249380795556626 -0.0772449212663084 0.00492640856074949
-0.265540423395004 -0.205239649985796 -0.0771750652414253 0.00183958791160731
-0.267099002281727 -0.219352412536636 -0.0696133281351958 -0.00660559163309102
-0.137341749233771 -0.269716658678804 -0.0888509060303844 -0.0502005328903663
0.00296469230268654 -0.335346271239534 -0.0667243878007896 -0.0904527379756264
0.307014646392454 -0.280424128301097 0.0353389218969571 -0.128478589704431
0.453492936954108 -0.0090101460662857 0.112239305566116 -0.0402289015432014
0.311088864490248 0.30573831217957 0.0991484799753908 0.0913357037655433
0.104149405316412 0.503574524280074 0.0632991726924695 0.101190247715653
0.13613170641767 0.474410608009512 0.084433993195417 -0.360582215294241
0.29443420787327 0.326016315154969 -0.0485659964994753 -0.25500183557021
0.42236109243344 0.0763180787997733 -0.093027265144881 -0.0928986305759869
0.328969563388429 -0.190082652336115 -0.0491215985709092 -0.078451183130511
0.0791232566381604 -0.307619450887402 -0.050475126113785 -0.0732768268976171
-0.0737653434524778 -0.251976784780571 -0.0873678482527013 -0.11211423379309
-0.160568037982033 -0.22808557892969 -0.155210120140619 -0.0847254733290667
-0.210189736182714 -0.188425648376557 -0.172841454606346 -0.0621236927772817
-0.206619573682597 -0.200632992623647 -0.15544563539221 -0.0778938048742596
-0.0927486555558712 -0.233319980286662 -0.13381426418854 -0.126064991374404
0.0227231748346121 -0.267982485788317 -0.0667988719410984 -0.15493073066834
0.258496491238455 -0.206059393220598 0.0386105203851978 -0.151871082836683
0.365838442762261 0.00765696427383906 0.0931939375950028 -0.0457654322988556
0.248702050805652 0.253772515352268 0.0348574741994768 0.0329478890373127
0.0976991559890509 0.432522400133538 0.0324679245814231 -0.0507306753027923
0.141771581281836 0.331666279745137 0.0485291088617237 -0.48181831397116
0.226757271227668 0.200442500245622 -0.106872261030342 -0.314317569470512
0.276338291464701 0.036766744319058 -0.09228879588379 -0.089711234025809
0.203635261738034 -0.118410073304173 -0.0187336796520369 -0.0905206613071622
0.0600306012706164 -0.190385218580087 -0.0227982468955784 -0.137519718606912
-0.0300616357800024 -0.170810614859558 -0.102611281259079 -0.194266598554935
-0.0857421776379067 -0.169396707882942 -0.210403213673749 -0.159612098651302
-0.122617305641898 -0.144197807405027 -0.242416781413151 -0.116983395010895
-0.114747710011036 -0.154038264753406 -0.21548228035921 -0.138940931297384
-0.0326323460563266 -0.165912379445969 -0.152586070362206 -0.184967607186882
0.0430375777065965 -0.163388389275172 -0.0462610275342901 -0.196628661075197
0.177209160567338 -0.1006152684307 0.0511816399581164 -0.148285016349579
0.225233569184093 0.0279210692658253 0.0776150944425038 -0.0345822586876218
0.148201252099199 0.169214305348886 -0.0195804279628732 -0.0128994990939641
0.0746484085952385 0.297406455481931 0.000817848784294318 -0.173518542942832
0.122479924385379 0.1367314398035 0.00486165752436 -0.541886465638452
0.122433460493271 0.045434112575405 -0.156554366227108 -0.337160430469687
0.0909103610037915 -0.0075782383184209 -0.0935639348161388 -0.0748107921689059
0.0514543371744233 -0.0313103437027999 0.000398048294693285 -0.0815101079327818
0.0324771852094815 -0.0464376785331676 0.000902689879220186 -0.169554303491258
0.0190112248139964 -0.0631627121786232 -0.104119523807565 -0.239106176357901
0.0042695194856903 -0.0825888788793997 -0.234074770560669 -0.20731372682879
-0.0160899326821542 -0.0775903418824091 -0.276053394483836 -0.154739469790979
-0.00740091686725063 -0.0837332332375169 -0.240410221700884 -0.182470725141189
0.0263370855794259 -0.0759916007504936 -0.14242510544239 -0.220205932183128
0.0497721094908037 -0.0451703540040226 -0.00957165495469512 -0.211417288870258
0.072015583395074 8.7495469983755E-05 0.066717900192853 -0.123662314427755
0.0673695559806265 0.0306429361211277 0.0655839504797355 -0.0160283406563573
0.0441205333938969 0.0602517154791864 -0.0552081316609812 -0.0453080707760608
0.0480356122588553 0.124149622164652 -0.0253805795937896 -0.253118841444771
-0.0519122423310743 0.0977739218111557 0.0970694812732982 0.301133696010289
0.0378427935593236 0.0867169785117184 0.130628956236664 0.0917144194727942
0.0968444698315789 0.00777125821377284 -0.0504177667187645 -0.0247686420093892
0.0629860007923347 -0.079715480501847 -0.112027540150956 0.0820614822790369
-0.038177204265704 -0.0809582105223866 -0.0487317779428866 0.21865789587421
-0.0757431584812646 -0.0266662574346728 0.095300808896721 0.264758037442503
-0.0926435059405281 -0.0046114179730145 0.226669879436038 0.219637985737208
-0.090885343449338 -0.00128086079229259 0.274354940193718 0.164763973951117
-0.0960564629149584 -0.0107926090980143 0.239746803490442 0.204162926084872
-0.0673044177290851 -0.044921735241949 0.125548446127777 0.220975236761595
-0.0184596478274022 -0.0888321261694421 0.005936755953261 0.17115138066348
0.0774193116095711 -0.0758139195998502 0.0179059880459988 0.0706115251993866
0.0936893996950496 0.025045675655525 0.0924777843685029 0.068074181858891
0.019644612219657 0.0691736966640774 0.151010472747513 0.274080556153911
-0.040245488329174 0.0572370681246646 0.015128129845827 0.537194599004333
-0.00737727659213835 0.281009762445296 0.109395616935524 0.23608547525156
0.127699155459294 0.2136943426348 0.127593854498094 0.0625726808773584
0.244434441498609 0.048280217584664 -0.0539486493991913 -0.043502307896604
0.191053410331552 -0.139247205622564 -0.121361289281406 0.0466655858431445
-0.00527137034047414 -0.200208833514365 -0.0762859047705713 0.199623124281634
-0.110132073498447 -0.128876025938932 0.0583590639807507 0.2437496169849
-0.170282193721302 -0.0961613476823366 0.178102319135128 0.209985347736189
-0.190256310998355 -0.0780766292863357 0.224475181998457 0.151884985642294
-0.193468962624484 -0.0962541996728265 0.197836136797649 0.179361729292881
-0.111797466572763 -0.148968445235644 0.0915250632326013 0.179848602228456
-0.00841849724473707 -0.210252855648348 -0.00980078406587589 0.127392088858014
0.196666711173745 -0.169978719279461 0.0300255722211895 0.024975071526817
0.263886547276725 0.0290231566986156 0.117913940373408 0.0452893842778216
0.136808137638823 0.196556270523654 0.182682513911416 0.262600648507576
0.00294739143261811 0.258813524285378 0.0614923613618227 0.502919896547041
0.0373041425254084 0.433157657106207 0.119052419156717 0.120038766421976
0.211607766162956 0.32308817709678 0.106970025366672 0.00587534382144576
0.376199433717577 0.0833823182731364 -0.0631088310959331 -0.0592827133737532
0.306253507609393 -0.190274050893746 -0.119584103845031 0.0130313619995081
0.0330251363118352 -0.301896261005545 -0.0890667864610761 0.158652960777
-0.128066658369393 -0.219183088902085 0.018411846079196 0.188053951699146
-0.221774440533396 -0.176516363315913 0.103344408892987 0.16600172236432
-0.26115424150133 -0.142278866809224 0.139788685706731 0.116766385931744
-0.264380017235543 -0.16357602700941 0.125186434152954 0.129671192151743
-0.146981337312879 -0.228068267399226 0.0386784850073224 0.113978724539794
-0.0095512219741965 -0.305006646399967 -0.0276813762478282 0.0632757419839753
0.279697507075181 -0.256554390137201 0.0369252179467346 -0.0295619727706108
0.400461111168537 0.0108558842978251 0.13182124257219 0.0135554186883754
0.246790522342052 0.283761708976435 0.188478089449443 0.221370829554241
0.0541045810760235 0.416693638489655 0.0872299555212823 0.405946998601387
0.0835471422204326 0.527830993718823 0.119576311471612 -0.0337873523840084
0.284375136889229 0.39222662284786 0.0668863233973001 -0.076477232560958
0.473324581600414 0.0994966599093827 -0.0776942937499143 -0.0736998504135876
0.384168633759082 -0.230121758744117 -0.107926898185431 -0.0196431575824507
0.0619736855660798 -0.368719304268206 -0.086945211260465 0.0957369785829356
-0.130470983672276 -0.27880235581896 -0.0217289329960074 0.100961845179181
-0.240348701501355 -0.232198246846448 0.0140793057931605 0.0948067207460626
-0.292804666835171 -0.18588418748485 0.0332661885939958 0.0643727907463193
-0.29605403211802 -0.203305426186704 0.0307547741004535 0.0648173060882265
-0.162802946767049 -0.270918719708844 -0.026066664082317 0.0338852885278314
-0.0125966140284932 -0.353272770336785 -0.0497056066433822 -0.0133516357942231
0.317479178295653 -0.308306225361771 0.0353481319379133 -0.086055998584076
0.474812382638936 -0.0152811878225599 0.128746218702657 -0.0194026903432145
0.318565935852275 0.318272903628555 0.160435181805083 0.15764718205122
0.0982958791261653 0.507631605902753 0.0897874724191127 0.263984169458138
0.124823306870579 0.547765908357859 0.107066086237792 -0.206859107869106
0.323153422260409 0.397582366124341 0.0100876017151801 -0.171819410878214
0.500894001839237 0.0916122472246947 -0.0915557504297596 -0.0854913475814968
0.398638967235093 -0.240437853018675 -0.0845289129041666 -0.053450571421286
0.0754439235865867 -0.379188164822481 -0.073629919530432 0.0131072020258288
-0.115715825010733 -0.29435857419567 -0.0608270905312487 -0.00617200356556949
-0.224377713982522 -0.251273438278576 -0.077986441162269 0.00684814866025419
-0.279404198282456 -0.201019301309442 -0.0774715470917176 0.00305666139544438
-0.279713157585611 -0.21501111099276 -0.0707720511801806 -0.00602701163095803
-0.146822849273657 -0.273435998213122 -0.091819110368374 -0.0492655177561921
-0.00504961500324423 -0.341924951066117 -0.0690632981045731 -0.0911934359037932
0.308415450849283 -0.296010735054745 0.0317744920489669 -0.131698183289375
0.465195063252496 -0.0217556871006984 0.113403616573496 -0.0431286146104852
0.324861844356916 0.306870204122131 0.10449487230153 0.0898558282543037
0.119971928204164 0.515170885294048 0.0670374922937462 0.100701556119178
0.150479197773399 0.481698513585967 0.0803022237052834 -0.370321476748116
0.307407143517222 0.330646081451805 -0.0538130447074966 -0.25844443543059
0.432529945406264 0.0674478655785965 -0.0966712994518344 -0.0914430815122049
0.334921654668707 -0.202531256942894 -0.0527050770717924 -0.0813817331464147
0.0722090728552756 -0.316929525335547 -0.0519352174614069 -0.072962771163287
-0.08264869598382 -0.257082635881968 -0.0923677637478408 -0.112781277749026
-0.172424019957712 -0.231244294011521 -0.159531637867633 -0.0821442959035618
-0.222690523749639 -0.186162363343235 -0.176767139873037 -0.0581474763517689
-0.218258257129365 -0.197584963624593 -0.160463777093869 -0.0749740377721553
-0.100291036191909 -0.237829764709113 -0.140915620965593 -0.125234611817555
0.0167278062835843 -0.273304198236279 -0.0714192017260642 -0.156329655240658
0.260348697286913 -0.218609038500432 0.0351642389288984 -0.154818402909459
0.374900589405936 -0.0022569060138023 0.0952076112604428 -0.0487006904382577
0.259696788543769 0.255266986668781 0.0386280074922876 0.0312190309778266
0.111423281043263 0.442250535647288 0.0319535267300593 -0.0545701152891567
0.152585559460905 0.336117298685458 0.041029913359374 -0.494304816192879
0.235243650667219 0.203346814015335 -0.113383993446005 -0.317858528007695
0.283412193303348 0.0312296155553758 -0.0957990075507731 -0.0885544325870454
0.20731486053258 -0.126856126427902 -0.0222871453986226 -0.0929191737302385
0.0557188401728718 -0.196311387502557 -0.0269052599553034 -0.140628523547293
-0.0365031588954573 -0.175156354974575 -0.111216354195936 -0.19705782762008
-0.0942764410167609 -0.172351843479959 -0.218409899038492 -0.155847649539497
-0.131585724588575 -0.143775414875068 -0.248858405025091 -0.111691573309873
-0.122427146950563 -0.153800545553849 -0.224457514943858 -0.13472876060934
-0.0382895038751398 -0.170718116304809 -0.161416154350131 -0.18389090197683
0.0398315120198906 -0.168318624183761 -0.0521570575257864 -0.199819431857086
0.179873304803718 -0.108162745734691 0.0487702692228084 -0.151408827196801
0.231410518419676 0.021857238027451 0.0800266671207169 -0.0374071765005115
0.15547713853774 0.170754332761066 -0.0179627970963652 -0.0142518067180672
0.085223318730115 0.304361279603234 -0.00330394206001878 -0.179482601090311
0.127636739512723 0.137522317697465 -0.00358657835475881 -0.55445889228679
0.125979187703821 0.0462780471851456 -0.16493145094089 -0.340697324675276
0.0936785795703056 -0.00952515957443467 -0.0966818658084393 -0.0743959601931217
0.0532600441095485 -0.0333238373950855 -0.00265957392391186 -0.0839409498023757
0.0310224672562056 -0.0488238554646938 -0.00325337518150227 -0.174208139733601
0.0163021367162899 -0.0653616880691481 -0.113372480581876 -0.243304137948341
0.000651071103854883 -0.0854244278266145 -0.243703281061716 -0.203767334733818
-0.0200374481954562 -0.0797628402665176 -0.284964094370679 -0.148140556746056
-0.0111674384305566 -0.0858970635233614 -0.251027392764723 -0.178206179207986
0.0241440531109937 -0.0797955431426916 -0.152749005397433 -0.220054117753322
0.050086117331171 -0.0479305712023588 -0.015605176502225 -0.215640644092586
0.0750060171752438 -0.00294428680686392 0.0653922162815574 -0.126913475305554
0.0699439314411785 0.0288654201417214 0.0678596940857092 -0.0187625605490096
0.0469750147238123 0.0620398945393446 -0.0553330024748668 -0.0464689507032793
0.0526015455014222 0.127472497464555 -0.0319537742108845 -0.260498686323132
-0.0493776148918167 0.101894786251704 0.109570571051408 0.308154364009835
0.0416664147076348 0.0864428768229794 0.136347131232086 0.0894524020992193
0.0996996926780596 0.0049537949384478 -0.0529281079888044 -0.0238356143853167
0.0618160469834332 -0.083465259135811 -0.110569814185089 0.088381144053914
-0.0417605713322054 -0.0813922525448912 -0.0392937891046117 0.228489727895575
-0.0771312853073732 -0.0241104384036827 0.110909102945071 0.269691502384853
-0.0950993351211147 -0.000884513273338168 0.243000217031605 0.215176663129624
-0.0935238079364343 0.0033854316173674 0.288519000981839 0.155556072916511
-0.0986361724169356 -0.00551746788225255 0.257746118088219 0.196655025506709
-0.0708510962625539 -0.0427746020705237 0.140705274786479 0.222045044322315
-0.0227258422799304 -0.0903582925715147 0.0138474606442303 0.176602340784689
0.0755074057335521 -0.080907792200744 0.019898455490791 0.071910472692297
0.0970912635440988 0.0207602146815937 0.094894000138702 0.067745070157108
0.0229671278323411 0.0691390596008473 0.164646547726514 0.27718541557107
-0.0389696217481913 0.0587824274882429 0.0370515798600517 0.554338440824824
0.00469313098494577 0.287889302028148 0.119514936859398 0.24001721479182
0.139609468177343 0.214111418817853 0.131599266929539 0.0600411312598311
0.251639675574187 0.0401611928641732 -0.0568795448288216 -0.0426172999664972
0.192115221029415 -0.15127657127944 -0.122066391399234 0.0516298850464085
-0.0124399452879709 -0.205373765500292 -0.0683227032309581 0.209637555999458
-0.116905971293972 -0.128511117928636 0.0725219732749092 0.249652552540663
-0.179952463567582 -0.0924523841709533 0.191942961583837 0.207467226716225
-0.200081739766696 -0.0709171796536781 0.236446661545697 0.144592894871426
-0.203113112566286 -0.0888018151343386 0.213754525302013 0.1726913818591
-0.120504759022403 -0.14948769301643 0.10309400846952 0.180293385320923
-0.0169509220329164 -0.216305479047755 -0.00346992463067054 0.132062048820994
0.195884341377801 -0.18372748469005 0.0308810279113993 0.0245981264592499
0.273170751553807 0.0184517398536305 0.120902939409606 0.0435959306974096
0.148509858905198 0.196551894538147 0.197009316774232 0.264140519042603
0.0135229533488687 0.265713424579826 0.0809625463687758 0.517670750622369
0.0556149643352528 0.443355787203088 0.125270213142395 0.120502201390565
0.22919155209034 0.324534966778313 0.109130299854713 0.00359561822429111
0.388031213047498 0.0718134959709289 -0.0658777543780104 -0.0577777015628242
0.308839962509869 -0.208062548388743 -0.122284601912204 0.0164251991061997
0.0215163590701766 -0.310757329334741 -0.082492582769888 0.168404158302101
-0.139818793871783 -0.220753747647961 0.0280035996317724 0.193431489116353
-0.236832770181287 -0.17394031060026 0.11361586826304 0.166067550096264
-0.27667965652544 -0.133669019041092 0.147940986952704 0.112191316758691
-0.279616241030094 -0.154340424874146 0.13591127511267 0.125580782449502
-0.160334654476368 -0.230080837987037 0.045776718974414 0.114625645067208
-0.0221834457098336 -0.313296871474781 -0.0249212404357922 0.0668588884717386
0.278465211202442 -0.277041070829473 0.0360027120487373 -0.0315354408747435
0.414318078809205 -0.00643962341720526 0.134905495723098 0.0103763489031007
0.265305273633435 0.2836379545566 0.202410299853348 0.219710560428161
0.0739166344750492 0.428090578073943 0.104805676834442 0.414540173460049
0.107751824001031 0.539422682038862 0.121287067812145 -0.0385141253176785
0.307118678285033 0.395032947784958 0.0663893945797186 -0.0795982946712473
0.488734979889732 0.0836191439367075 -0.0814060825817074 -0.071455908597676
0.388158939037291 -0.252488927499878 -0.112152724223545 -0.0181374197901128
0.0478345762591718 -0.382758891802963 -0.082808753915189 0.103256434535775
-0.14525603149757 -0.282784838475481 -0.017932398442173 0.10465656091332
-0.258553678318341 -0.230728347735859 0.0192718722267686 0.0961325527457106
-0.31175436993023 -0.176529752705899 0.0374783728320764 0.0632615335103647
-0.314816001393301 -0.194839038308804 0.0356057794385028 0.0635992725380525
-0.177720130473795 -0.273850561603521 -0.0251713568797013 0.0347133050220162
-0.0265038039309187 -0.362267233681514 -0.0508436765780835 -0.0118443009059359
0.314869098451198 -0.331947506732665 0.0329607235764957 -0.0888701614636676
0.489474689123022 -0.0360016552143892 0.13141873108311 -0.0235449086747904
0.341032824405021 0.317602551763184 0.171045326711418 0.155007988010236
0.123163399646696 0.519666377503149 0.102058029340479 0.267456974470261
0.149404984724168 0.55868913033762 0.102623637486304 -0.217462971614459
0.348304065423964 0.400168359146734 0.00424643701463532 -0.176380032134261
0.51651323530935 0.0749101050776809 -0.0957857181277973 -0.0833109272257908
0.403391437999036 -0.262925171751631 -0.0897538569863733 -0.0536879335670029
0.0614194392277703 -0.393289628941074 -0.0727256703292519 0.0172831848260298
-0.131276568721945 -0.30008500036423 -0.0628162721452957 -0.00435256812748878
-0.243506551263769 -0.250890356090345 -0.0787155105160144 0.0103650730354847
-0.299248483605903 -0.192672297081989 -0.0784820856073019 0.00595572724904235
-0.298730081359956 -0.207200950777513 -0.0722444455842385 -0.00398671588495657
-0.162377150004286 -0.278080733345264 -0.0967700712634268 -0.0478496925213442
-0.0187094674519402 -0.350779488806348 -0.0741824504667725 -0.0910311751685651
0.30679506584943 -0.3190915518475 0.0274582381012928 -0.136255424520864
0.478465380690068 -0.0427423576561961 0.115621985252805 -0.0481833558510037
0.345845735789547 0.305804232378173 0.112034547645788 0.0870616437976593
0.146529868568007 0.527461209822703 0.0730018634730373 0.0999565759368639
0.173717513090372 0.489561452300778 0.069758534255639 -0.38479148445771
0.328047187644937 0.331561684669188 -0.0641711232363998 -0.263124963071792
0.448037641551992 0.0529410716722778 -0.101236966803138 -0.0899479067566142
0.339188227396211 -0.222931321589614 -0.0584265581699396 -0.0828669730192258
0.060195510835893 -0.329959406697159 -0.0547961333724651 -0.0729387612116903
-0.0969795560425629 -0.262725612067821 -0.100630873000395 -0.113593947065502
-0.189485325317441 -0.23231336600424 -0.166505569806146 -0.0777768849090874
-0.23985988407419 -0.180808244286163 -0.182267625906982 -0.0524215497048454
-0.234651930700398 -0.192978039836188 -0.168455318448106 -0.0699170811307965
-0.113816449860414 -0.242653969381449 -0.150950982809924 -0.123160986495789
0.00671116360907526 -0.281708335375067 -0.0798812839775432 -0.158106791982925
0.260559360166253 -0.239053267502768 0.0297446398803803 -0.159946053537858
0.386350953856206 -0.0202266678391879 0.0968470537837772 -0.0535924887221017
0.278144235348805 0.254388552087672 0.0425868217651103 0.0282671156948025
0.13559001063039 0.452698412122459 0.0310917544168647 -0.0589796218628922
0.170181014627793 0.340413938575272 0.0261147219820481 -0.511043725002127
0.249693134541548 0.203608019106946 -0.12683824165192 -0.322694362556022
0.293282815453381 0.021368089407293 -0.100798955804557 -0.0870868203960481
0.210962032283546 -0.139208625748267 -0.0280646019343126 -0.0959089547821862
0.048248667790771 -0.204690649645152 -0.0325158451701077 -0.143642267816867
-0.0462184402670503 -0.179149456741006 -0.124309812272419 -0.200047990336515
-0.106761213948953 -0.174408280568197 -0.230913802918848 -0.150868174323174
-0.144458143097844 -0.141979189614884 -0.25883626032024 -0.10313048413139
-0.134400770804856 -0.152835574362305 -0.236736956904949 -0.127187086611107
-0.0469568571453374 -0.175685975548303 -0.175652485813556 -0.182454999979726
0.034272853007391 -0.174494007493309 -0.0618618898128809 -0.203684701361711
0.181733512798885 -0.121242054838783 0.0440590805075926 -0.156873559761912
0.239774375262941 0.0110354528639339 0.0823425851014658 -0.0427234462133103
0.167962495978129 0.171374320249615 -0.0165770858812772 -0.0156045859152239
0.102200252537826 0.311774979760929 -0.0101385027953005 -0.186844509100248
0.136205724985273 0.137376418358427 -0.0207048139739966 -0.57162559826811
0.130637293385495 0.0456079336394266 -0.180045478306689 -0.34462695393887
0.0970651331519773 -0.0124683232584685 -0.101330882409263 -0.0730681951708688
0.0550103708186047 -0.0372160976998395 -0.00760837273554731 -0.0860799385538076
0.0292955026574758 -0.051199558864689 -0.0108045923845332 -0.180510683818514
0.0129209423771559 -0.0684419823513056 -0.129513671593041 -0.247366416833516
-0.0048794977538478 -0.0888334586929709 -0.259421179312137 -0.198292901866304
-0.0260435172032234 -0.0807078709025283 -0.297332970521321 -0.137648919470834
-0.0164899451537719 -0.088592303233122 -0.266850129930441 -0.169653275932436
0.020534382954623 -0.0840766244385579 -0.167526701014943 -0.218935465478648
0.049130158566129 -0.0516437292070304 -0.0257501870276942 -0.220861597294147
0.0780783444498549 -0.00809074874113138 0.0626147146376738 -0.132253466978283
0.0731512769575581 0.0255541178258988 0.0703281953018665 -0.0229887985431397
0.0513464357287365 0.0631393828380858 -0.0576758074110275 -0.0467754335784098
0.0610673179332646 0.131078762326473 -0.0428134314134345 -0.269265958306666
-0.0442828082677194 0.105165553958637 0.127602334920585 0.310799525644951
0.0462022530021723 0.0845229751239229 0.141902960330096 0.0851059378890739
0.101152188562122 -0.000522618430725717 -0.0557910185032607 -0.0210880279241898
0.0582951633526417 -0.0884269300445382 -0.106296171294644 0.0959326206657413
-0.0463206599281909 -0.0800460010809341 -0.0247632022778813 0.235091181251705
-0.0784954570282715 -0.0204428566758216 0.130874335690844 0.269800250074986
-0.0966285105521885 0.00440001465267279 0.260009588196792 0.204648104726924
-0.0948929163494499 0.00955894290215144 0.301134999742592 0.139377601249498
-0.0999260682717225 0.00122187551675974 0.27523525102287 0.182510083058161
-0.0742084418373539 -0.0395137559248916 0.158369515644369 0.217272866119304
-0.0282403471056653 -0.0906648077563443 0.0247446787190642 0.179848820142606
0.0716127915445552 -0.0864911787429844 0.0233102940201669 0.0721669823055803
0.0994395466768239 0.0149020166557535 0.0982730307417141 0.0659274116053997
0.0259042555897059 0.0682619180814282 0.181168305119302 0.274711352971786
-0.0366729222993869 0.0606233024997104 0.0670720165894277 0.564532221323985
0.0205813929295646 0.291584187159359 0.133098583756944 0.240344388216565
0.152813281110124 0.209591222396075 0.135923697912782 0.0555876274756016
0.257550495063365 0.0272003936737278 -0.0598160562088681 -0.0395133090255642
0.187273929564053 -0.164627609895146 -0.120769640993202 0.0582214306345443
-0.0239476474786343 -0.207790399002047 -0.0548896549009105 0.218488292932287
-0.125577494001411 -0.125406245712206 0.0899291492758537 0.251841165072254
-0.188970231837106 -0.084775171390676 0.208363431807535 0.199504716160967
-0.208966933233262 -0.0593356047317173 0.247624910440476 0.131600950730794
-0.212159839935571 -0.0769512010282714 0.228774932359219 0.159970637273774
-0.131733847705504 -0.146338719694855 0.116714943490228 0.177252311146057
-0.0292766670846326 -0.219689598895416 0.00490965473549235 0.135285467435808
0.189315297226653 -0.199305644287567 0.032175310074848 0.0238354539312847
0.279425500700405 0.0021982957433936 0.12332131750627 0.0402683544982731
0.161761526519271 0.192320870039037 0.213059244732208 0.259013546197092
0.0294431304332106 0.270060980336279 0.110117024644656 0.522498496719988
0.0811003564795214 0.4456310869623 0.131587816236922 0.117481963079252
0.250123142524189 0.318520297022869 0.110827294324926 -0.00122724699691915
0.39712723509165 0.0514887890243092 -0.0692277167108788 -0.0539899586729839
0.305190328239428 -0.228928862142178 -0.123771322762997 0.0214643861413509
0.00454847476618463 -0.317801826693138 -0.0715586831587616 0.177127744755795
-0.153414751400604 -0.218225078240735 0.0406164150486291 0.196184703534302
-0.252946229538356 -0.164605686048701 0.126294617523375 0.16144215599703
-0.290915007362623 -0.118913683273165 0.15576475838687 0.103695677426316
-0.294293046244571 -0.13901221379364 0.146494564641436 0.116951847699929
-0.176894901009753 -0.227527515771776 0.0539369997957337 0.113428120019368
-0.038794076311569 -0.317934167626316 -0.0204892312085916 0.0692953609395906
0.269277355006287 -0.300080380923428 0.0339099331657639 -0.0337483673692106
0.421858750373948 -0.0313738526178781 0.136938671857979 0.00575135919386438
0.285799019236269 0.275770096831785 0.21604789723623 0.213022963390541
0.1003176640554 0.432180047539178 0.129243538955972 0.41732581238725
0.138091945395025 0.542513721498128 0.119814985358729 -0.0446785188921974
0.334099954779986 0.387159831932927 0.0628751214785917 -0.0837117385080089
0.500187546405584 0.0585677161574923 -0.0850241944743629 -0.0670727940514792
0.384901177910148 -0.279460427510252 -0.116084513710419 -0.0144436920943483
0.0275579510977502 -0.391493245011185 -0.076213016721564 0.110178397975968
-0.163377164562241 -0.281673937321968 -0.0123187856675024 0.107787547844094
-0.279421738506446 -0.221277927660166 0.0265364863527158 0.0966019807907697
-0.329306879681047 -0.160162418290573 0.0416632471867188 0.0607776575796899
-0.332004427971141 -0.177122543650821 0.041078824250396 0.0599256649353731
-0.197884302916709 -0.271623252505833 -0.0237254750693861 0.0363745442283575
-0.0465635516869587 -0.368735658575829 -0.0516576189065414 -0.0090118396672703
0.303972339940093 -0.358816045100707 0.0276824511546001 -0.09235532975393
0.497396498702717 -0.0660050803174722 0.132763162788007 -0.0304545536250208
0.366061400186164 0.307474524129441 0.182793679311921 0.147969063423146
0.156510820494674 0.523784276994826 0.118118620495595 0.266448653317246
0.182752030728102 0.5597981707103 0.0924294420552441 -0.226762300800354
0.375353306953668 0.391303900163388 -0.0040374003980455 -0.179126660034665
0.529880268652122 0.0471887435843295 -0.100484236362565 -0.0787605560196623
0.399840516950568 -0.292479855265852 -0.0960577834369715 -0.051050569295687
0.0398180765070376 -0.40399563721079 -0.0710361832967595 0.021622379292902
-0.15144073645494 -0.298936746432264 -0.0654047743548559 -0.00142321941212951
-0.265093668678302 -0.243903184996208 -0.078420467530066 0.0146000289491648
-0.318486385252781 -0.177338354535371 -0.0783172611199303 0.00914421425226239
-0.317499512994924 -0.191054076255549 -0.0729394482969713 -0.00122155324558616
-0.182748191384995 -0.276118866709288 -0.101620264791093 -0.0435668038804065
-0.0379708213947585 -0.356634122385061 -0.079666587177437 -0.0889377916587641
0.296156762241298 -0.345935384000383 0.019580155138227 -0.139434546034735
0.485695022869661 -0.073089760231797 0.115339785641899 -0.0550855872810316
0.370825407293386 0.294486735864436 0.118890290722447 0.080931832883827
0.180684518495907 0.529328346278469 0.0798743772920156 0.0963205991674689
0.20311694341287 0.489453688078273 0.0509658896463664 -0.396082169849075
0.352577438364789 0.323204236562814 -0.0785353251900553 -0.26523594055773
0.459264468644845 0.0299074838343409 -0.106228642252944 -0.0853531427971274
0.337259081984919 -0.247241001663428 -0.0661241748457076 -0.0830227571777319
0.0423372702437821 -0.339226303726959 -0.0583379872633976 -0.0713787551192091
-0.114403190741096 -0.263049088059794 -0.110772430228145 -0.11122677491202
-0.210232448292608 -0.22686651551829 -0.172945420150651 -0.0691964364455973
-0.25809757984183 -0.168713295703701 -0.186684496783758 -0.0426712903192311
-0.251697045171131 -0.180825597231235 -0.175040153007007 -0.0610100369906008
-0.131251293187487 -0.243076094133514 -0.161934597229999 -0.116130014445739
-0.00868174880633757 -0.287483061740582 -0.0898778499176385 -0.156298006450294
0.253564969500783 -0.259829202414774 0.0219427735538106 -0.164180329005021
0.392725932346888 -0.0438007146305162 0.0970445978738377 -0.060171322308604
0.298249683743768 0.245774302282962 0.0455229279389108 0.0239497630444749
0.165626763966627 0.454149661260098 0.0283542688877109 -0.0636247801593973
0.191124719070042 0.337692403041058 0.000503996645185413 -0.5223446883298
0.266646864251804 0.197503463866566 -0.145228327521067 -0.32361408747198
0.300014532750584 0.00682484715369813 -0.105604429693039 -0.0827495205731031
0.210553495575696 -0.154595815625566 -0.0356361645222607 -0.0969270254749346
0.0365724432599251 -0.211284701306581 -0.0412225735204853 -0.14499852646145
-0.0593645370985338 -0.180632658275072 -0.140399613362728 -0.197863079170592
-0.121883846571498 -0.172672433205642 -0.242291464306036 -0.139925477039718
-0.157375004721031 -0.135407244468224 -0.267364945303412 -0.089145107947757
-0.14811129385475 -0.146369140546704 -0.247908093512963 -0.114290626878912
-0.0594968479585171 -0.177739947246691 -0.190613592184603 -0.17437653388544
0.0256538326343482 -0.180144122752247 -0.0748271287609387 -0.203614433230731
0.178712883573052 -0.136611577207504 0.0362976610515012 -0.161615015078523
0.244830889136891 -0.0042506583496727 0.0824514019966937 -0.0486333285967894
0.181367547047475 0.16699912807268 -0.0173312784139922 -0.0172149206975903
0.123958324758166 0.312884141526412 -0.0205848471521173 -0.191638606602669
0.146163941724304 0.134136368087824 -0.0494456944214939 -0.582061364645482
0.13603105210599 0.0422408577751787 -0.200281005089037 -0.343237018908015
0.0989999207683515 -0.0174751914780564 -0.106537538011749 -0.0683728672697699
0.0561208575308509 -0.0408201837233484 -0.0128984714257264 -0.0868401524032179
0.0264576510651462 -0.0532442002808304 -0.0219654911662227 -0.184594956195309
0.00769877465827301 -0.0702499627090808 -0.149074642015339 -0.246878423273861
-0.0118775904459651 -0.0908447624041754 -0.275223949845128 -0.18708947151757
-0.0328743518160292 -0.0807831917292636 -0.308217973770952 -0.121459393082168
-0.0244368305616021 -0.0896711187100674 -0.281122216500515 -0.153867144461158
0.0149720134723393 -0.0879835573322096 -0.184976990746803 -0.211609109451256
0.0468618255449104 -0.0556882759055244 -0.0391379120808251 -0.223576776077338
0.0792030322493875 -0.0148189355688372 0.0569091267855191 -0.137846439599726
0.0770065336151752 0.0208300928596514 0.071470199709591 -0.0292593133827265
0.0575250229547899 0.0628773427676527 -0.060139285704085 -0.0461876350511219
0.0712595940385495 0.131037475504602 -0.0583416333639716 -0.273699834528313
-0.0188738346316653 0.114071215636052 0.170440975744842 0.281582547230886
0.0631581407343013 0.0726267599587907 0.147440860766475 0.0626357225010163
0.0979157618514131 -0.0183298920030345 -0.0605681442058558 -0.00600829490900912
0.03943974226464 -0.0945785472122656 -0.085923272251352 0.115397125029213
-0.0558983551663662 -0.0653948410286303 0.0198018312895074 0.2346326848124
-0.0716888957685094 -0.00411843836490457 0.176093927904706 0.239997376035187
-0.0903888141027743 0.0216456941597793 0.292730951785378 0.156881313078129
-0.0860187383519617 0.0218243373246895 0.314558959335072 0.0871163470360635
-0.0933568954116134 0.0174005313191335 0.298599384965655 0.13745837449042
-0.0771052909583742 -0.0288887129276484 0.190592238234172 0.193223108080425
-0.0409818634740397 -0.0840129020530004 0.0516135346472557 0.17638680840607
0.0573275835803577 -0.097584316090911 0.0301252155579133 0.0715161053524391
0.100041764631614 -0.00300554589747383 0.102269346183882 0.0536450343188937
0.0350260391917698 0.0584419241814689 0.217272147064503 0.25057243494398
-0.0232820879398526 0.0618848687035933 0.136219216764516 0.549001414971812
0.0778517441277129 0.283976170282225 0.154987531937866 0.209648119801442
0.191073570043614 0.175074002717888 0.129220848684585 0.0368471043179208
0.255775057943407 -0.0187731901597533 -0.071460393923883 -0.0157086838765113
0.152291221787247 -0.193850498599362 -0.106450075774875 0.0890567123896335
-0.0568570015898086 -0.193792164465861 -0.00665042935167172 0.225328742382355
-0.135194508500983 -0.0989570154823698 0.136030503574662 0.228705205518451
-0.201269283801731 -0.0503980493608227 0.245991957068185 0.162893796495151
-0.209870619285028 -0.0265519377442645 0.262483874710278 0.0848641151895596
-0.219669508043047 -0.0410195886095765 0.25046583524434 0.122058835170695
-0.152793462468173 -0.126167907967758 0.144629148936125 0.160667495295893
-0.0631165063190349 -0.211066047524956 0.0266654454497412 0.136849684943353
0.155542787509212 -0.231151274409915 0.0293488856378321 0.025163734679646
0.275265991772569 -0.0436510126145086 0.1203524046826 0.0239094095291913
0.189164158902035 0.161940323297878 0.249467751326432 0.225047963998084
0.0735821863007009 0.260531358067767 0.178687988214418 0.497401969816087
0.16415394055035 0.421606360742297 0.126503317225052 0.0890351598056525
0.304974715840723 0.264020340585139 0.0889131860197028 -0.0123155939690202
0.396902498658226 -0.0197395271559274 -0.0870031379902379 -0.0220418861787731
0.256402082230032 -0.279962525158728 -0.116270170489931 0.0610672208283543
-0.0485063764368108 -0.306834756757929 -0.0251353170582697 0.190005184066065
-0.181335738409887 -0.185570477031239 0.0819888696702157 0.182946058901179
-0.281698864985975 -0.118505955084982 0.163129982466343 0.14119627096912
-0.300490807006081 -0.0704967450652712 0.17006637409775 0.0709276761108116
-0.312960301245404 -0.0874047032155404 0.163428542533793 0.0902347994084299
-0.212501988284109 -0.199213200189829 0.0736159581853983 0.107179440065523
-0.0894626994480127 -0.306435145406904 -0.00621312791538151 0.0761161689700087
0.217844332225776 -0.345928056276809 0.0224207922921432 -0.0292978136317485
0.410857871005963 -0.099799847677376 0.124819401937955 -0.0133023172119057
0.325151193055247 0.225603775761695 0.248148073065114 0.173634908114477
0.167605218641721 0.412659878638627 0.187164152522651 0.386386533606975
0.2340187664097 0.503594813420131 0.0838914181600347 -0.0685054277025836
0.397406865000088 0.315587527670759 0.0245449085666011 -0.0839846148081819
0.499761421892766 -0.0309008604079282 -0.106853208608604 -0.0276797928881631
0.327104525480731 -0.345331872203875 -0.115102336520665 0.029721238802914
-0.0395660798162463 -0.38452149574443 -0.0371463640112293 0.126832815873598
-0.204319771857679 -0.247180727951537 0.017081533459346 0.105080407499672
-0.321563427585306 -0.171314584228264 0.0565123148644625 0.0947699303474671
-0.346376220500667 -0.103939988024274 0.0530835767463804 0.0463315713740889
-0.358071792232309 -0.117885079806285 0.0504978213536028 0.0489903218798481
-0.24150172636464 -0.238679665562273 -0.0136625327167332 0.0417805711740119
-0.104966536074206 -0.354532673326562 -0.0473123242718771 0.00325360079180671
0.241909522353834 -0.410416121951747 0.0081815884347715 -0.0846504495682976
0.478880835876172 -0.14652730379973 0.114337465675814 -0.0487709723606954
0.407950496007272 0.24717113825455 0.20649046184873 0.110511291680483
0.235425723017194 0.496234629874553 0.159945414339509 0.235956096610125
0.279293061746056 0.510753776900867 0.0277055020893398 -0.240625390935728
0.4369202012643 0.31360097368831 -0.0574395295960874 -0.166039564342284
0.527899532163815 -0.0466363808804436 -0.123327478065736 -0.0352253262434195
0.339612777798358 -0.362590734452237 -0.101848043717601 -0.00836369479605484
-0.0299381937231531 -0.4003814563921 -0.0468786922663071 0.0396610888983844
-0.197625720331862 -0.267942527102636 -0.0533136842357222 0.00739444690950631
-0.314280491840996 -0.196554172585636 -0.0606126735990865 0.0324759209875851
-0.340689398633444 -0.121851686627474 -0.0711648032203557 0.0156019902199468
-0.34781154646828 -0.13368775976541 -0.0708066369980245 0.00529522784989009
-0.22864865769742 -0.244124551770417 -0.10281043347454 -0.0260534037149925
-0.0953811960953864 -0.34422524137554 -0.0866741362229542 -0.0718540130569488
0.235531223846473 -0.396404805795233 -0.00481873513864074 -0.13078238700473
0.466279445328823 -0.15000551907185 0.0943710105997312 -0.0715880015291625
0.411239940498848 0.235022275942609 0.133550835988681 0.0514089163851152
0.260931821483073 0.499405701017767 0.100731531930566 0.0712607141288791
0.284275566797757 0.436426000387129 -0.0369402485730668 -0.398309399521433
0.400973685579814 0.250251526096887 -0.139403047857049 -0.239713455149907
0.454365929261455 -0.0517917487737062 -0.128413535189664 -0.0438213736409208
0.286041447733243 -0.308381171633588 -0.0774828650294346 -0.0475468556207231
-0.0180667240976074 -0.339717068072641 -0.0537450157386202 -0.0548883402732627
-0.159688787566563 -0.240009822592746 -0.118006761117741 -0.0915240983162534
-0.257967506007029 -0.188514139981004 -0.169223901337117 -0.0342972271336343
-0.281746167709164 -0.121925332841663 -0.185321035849018 -0.0176133889090156
-0.283402543813562 -0.13352273909799 -0.1794301990991 -0.0373149520508033
-0.173475347569812 -0.218925255884405 -0.17434740347763 -0.0898115224032854
-0.0564323016653629 -0.280641048927839 -0.10738716303792 -0.138370147376034
0.206230110524443 -0.304560515756506 -0.00555845864629177 -0.157722592017866
0.378023746153008 -0.106749551096928 0.0781348715556286 -0.075279970302245
0.333322115055696 0.197774225724801 0.0523014476102573 0.00661810526343791
0.232680556523989 0.428413145928529 0.0292194723847136 -0.078607794324296
0.241875812082207 0.288950591248457 -0.0987057693417295 -0.5121845239083
0.290675896627528 0.143201166406341 -0.207241944461982 -0.287678605222312
0.295336576026377 -0.0459592292251844 -0.122921491842193 -0.0493964813782527
0.179009197550198 -0.194019560821837 -0.0503532956136461 -0.0745498937978252
-0.00228135655346644 -0.215599121511029 -0.0550882448986186 -0.133085575709292
-0.0941331787225934 -0.169192021676907 -0.164909639081878 -0.170822945002305
-0.160676179328537 -0.150513850859805 -0.253940202477378 -0.0937124727902676
-0.180746764337153 -0.104920759480959 -0.271552661577177 -0.0480401442012741
-0.176315583259623 -0.117974802758091 -0.258903184197455 -0.0768571062371116
-0.0925004963607861 -0.165208815144496 -0.212019152761971 -0.14365853561233
-0.00605652661384945 -0.181014900446027 -0.100828590800785 -0.187505439214534
0.152356137508389 -0.168220020628545 0.0110492167301349 -0.160688360738655
0.239015119478582 -0.0440340753220723 0.0691652382363485 -0.0627142863202257
0.206243089241288 0.137977067313845 -0.0162291287308586 -0.022619772359482
0.169436118765939 0.293659774522644 -0.0379888207957228 -0.195708953893252
0.159716487687669 0.0963871897834134 -0.148733724821481 -0.55950843719944
0.133622129948584 0.0159029536422313 -0.254585712029976 -0.301581132672898
0.0930385577555714 -0.0346565041651392 -0.115913614223681 -0.045174534153445
0.0482945687431192 -0.0531877937071175 -0.0275768450973949 -0.0791810466808969
0.0144024367965618 -0.0601297749440562 -0.0508487392706755 -0.176651559707826
-0.0118083935091982 -0.0726247041200218 -0.186440867704628 -0.215502300679059
-0.0357952804286122 -0.0879878053394131 -0.299396879637601 -0.135120511072222
-0.0509908181032181 -0.0716511867904708 -0.317448114843047 -0.0707357732188141
-0.0446696252651421 -0.0827145510988095 -0.298016772280499 -0.110132005414751
-0.00404444821618675 -0.0882180787907223 -0.213318079523192 -0.182136955755314
0.0350560057952804 -0.0630709798758985 -0.0705110735242918 -0.213931830909847
0.0740153667481112 -0.0299386674980535 0.0370427569110946 -0.14291749001669
0.0787241627260305 0.00675624967961074 0.0655560323230702 -0.0416150035199657
0.0678758198044189 0.0549351611488879 -0.0649152057213848 -0.0416210547110761
0.0893930705468914 0.122577970603492 -0.0893874079740864 -0.268445273393706
-0.0147051105106312 0.110937292890788 0.177206086681629 0.272716472732683
0.063204666871602 0.0673471080460662 0.146517992257627 0.0583132772472537
0.0944095393180625 -0.0211147960703878 -0.0599298224205301 -0.00285196134927212
0.0352446914792751 -0.0928688742586266 -0.079749841995843 0.115179272793636
-0.0567726424067324 -0.0624463393799181 0.0307865579754742 0.22898927264863
-0.0691943123048013 -0.00293618312668559 0.185653625709092 0.228034252621128
-0.0876115179548063 0.0250918483191956 0.295037256603788 0.141421636862634
-0.0834571127755443 0.0254497915530806 0.31043555002383 0.0726051034430831
-0.0897816179374896 0.0206278580201964 0.298512593095825 0.121055192299247
-0.0766804087665771 -0.0252303454594422 0.196198880070599 0.18092690450846
-0.0437221804029953 -0.0806582192073356 0.0584445875070539 0.171735239932907
0.0517491475281893 -0.0980583886979855 0.0313066171436113 0.0697252620935306
0.0973837507341809 -0.00702593193142531 0.101759525260727 0.0515229291803745
0.0347549555168472 0.0556611524622315 0.222106917688993 0.23978426468241
-0.020918237265977 0.0600667835369558 0.151258822756218 0.534306306332284
0.0858082536861065 0.273645819693418 0.157946130997218 0.203078457217824
0.192026854857333 0.163833410972291 0.127743934511365 0.033876097317528
0.249318991583111 -0.0279177586523778 -0.070373676909468 -0.0124182545552338
0.143652552148857 -0.196462464676211 -0.102297841649886 0.0902198134023505
-0.062266154245347 -0.187791319147501 0.00495009518749857 0.220848562712929
-0.136413993251183 -0.0938711882756243 0.14513899463044 0.219490368572165
-0.200982881735624 -0.0410050142206799 0.249572361193951 0.148038839916795
-0.207347556346178 -0.016065574458569 0.258828207517791 0.0719871086872665
-0.215735301267914 -0.0304857902506468 0.249859014248677 0.106608393258212
-0.156021394920004 -0.118864136334326 0.149388742129805 0.151124687004556
-0.0703867114240928 -0.205526527584522 0.0328836326969138 0.133828236057296
0.143974678972582 -0.234090499643519 0.029150682210152 0.0241938402914475
0.268275145246363 -0.0539029014532199 0.11831572901506 0.021439741942764
0.190494452012656 0.151758203298382 0.251999365159173 0.214416954316045
0.0814397854965774 0.251711403019358 0.191822708731103 0.483117446469048
0.174600791301393 0.406392662248873 0.125932211817355 0.0852350665002648
0.308080884320879 0.247429461037064 0.0860454314058585 -0.0132044332541115
0.388163572016027 -0.0326377350136724 -0.0850502398442729 -0.0189637106850783
0.243433948923899 -0.285806997987994 -0.113859032949376 0.063088220045835
-0.0585503772200104 -0.299420050829849 -0.0147153790842619 0.186353513551343
-0.184772854195459 -0.17754542322945 0.0891036894105025 0.176658501598762
-0.283451489820776 -0.104892630236784 0.167285173490336 0.130173661702182
-0.29966335018244 -0.0560393054581195 0.168109862073435 0.0625351154355793
-0.309830000657955 -0.0718538715037659 0.163341307312235 0.0790499868980734
-0.218011885228338 -0.18870250128261 0.0767304964041805 0.10154119286496
-0.0988433532312843 -0.298939737729251 -0.00222715751900995 0.0753512237052581
0.201441567523052 -0.350901435095344 0.0207026677159132 -0.0295519217745683
0.399097269660711 -0.113725881920052 0.122211539316931 -0.0156341884596648
0.326472498597213 0.210773463917091 0.248880258260389 0.164149326285652
0.18023520153657 0.397321826126903 0.196006315259714 0.372188148153421
0.246448513447286 0.485425687709281 0.0782716733849796 -0.0682643032411576
0.400935864266479 0.297406189638822 0.0203192748074076 -0.0824455582783826
0.49014506270026 -0.047063817108217 -0.104656232684459 -0.0243550524088099
0.311194692259725 -0.354743946089356 -0.114611373250334 0.0329076926898171
-0.0533327148786884 -0.37588390636792 -0.0290761895935745 0.124987188075942
-0.210394965492627 -0.236648185586314 0.0212612460584762 0.103298049880024
-0.325976774149858 -0.154856772467983 0.0601021684101178 0.0894587173478676
-0.346558428385864 -0.0869121179058627 0.0523489561189882 0.0425028252923957
-0.35563821628076 -0.100080049964826 0.0511708839613498 0.0438547840910337
-0.247797224197225 -0.226892050400848 -0.0127125305988938 0.0412158896872627
-0.116659245067892 -0.345271703160516 -0.0454650789906017 0.00462813830836767
0.222331392772923 -0.415581412828049 0.00513884554168016 -0.08370537876534
0.464786128776488 -0.161429938788982 0.110260850017151 -0.0510875912435223
0.411445156023088 0.227669612531271 0.204695558835098 0.101978352750931
0.252073591097315 0.477172285804146 0.16417366074947 0.224310662602979
0.29053061078776 0.491160889765257 0.0172833820323925 -0.235944521513759
0.441345314360593 0.294135086585576 -0.0624279063624084 -0.161121889612261
0.51733043250368 -0.0637533121357068 -0.121216309667268 -0.0311254585715461
0.32279286803718 -0.37231747312989 -0.102899574160135 -0.00451630680330208
-0.0442535150666964 -0.391654078596795 -0.0421082959054227 0.0394802816723112
-0.204906991408002 -0.256784069356327 -0.0534670329473478 0.010033021247229
-0.319957223766654 -0.17861881924782 -0.0571710893977674 0.032307129566652
-0.341919138793301 -0.10433608415488 -0.0703857234098166 0.0164456588914572
-0.346719652376155 -0.115100474868801 -0.0690121627748591 0.00662138395388399
-0.235599518317784 -0.233339624177334 -0.103413718600802 -0.0213128562891988
-0.106044845213014 -0.335143109443978 -0.08683483006008 -0.0676864409519436
0.21644394699189 -0.401989395628577 -0.00939377578128163 -0.128832896292151
0.451194220040733 -0.165489670277123 0.0905934116933742 -0.0735698178340764
0.413902730339522 0.216266254025238 0.131437658177102 0.0458927344435452
0.27418098587242 0.479827515697309 0.101111023352164 0.0651024976446958
0.292466653713605 0.418240213643489 -0.050275293811275 -0.38876091072308
0.404377005477013 0.234207762085933 -0.146032201399076 -0.231151023349483
0.446508076068028 -0.0660986857504673 -0.126077639642568 -0.0405720511141988
0.273190079939768 -0.317289269234432 -0.0804357235049382 -0.0434467412102003
-0.0305106599981916 -0.332745743369743 -0.0529805447527127 -0.0529425961126126
-0.167249633357919 -0.230395657731637 -0.12226940718509 -0.0848390224477474
-0.264892484777389 -0.174266882659881 -0.166889840689337 -0.0284189252175807
-0.283667664448291 -0.106905132267468 -0.18223409251587 -0.0113212223473862
-0.283893248550554 -0.118438399750452 -0.177346616020713 -0.0294837607178127
-0.180500497469362 -0.209639296688076 -0.175706601735177 -0.0801397445217622
-0.0649811236819391 -0.274301184938114 -0.11011113054552 -0.13184001567607
0.191046006745001 -0.309756409218083 -0.0106725336118265 -0.155044247886653
0.366445365402466 -0.120002430306635 0.0735314382039795 -0.0773069475852775
0.33581033960561 0.181622332235887 0.0513794303633615 0.00429290888764948
0.246804649699388 0.409998890808414 0.0252317337955936 -0.0808002896158407
0.246754717279838 0.275761423540718 -0.114191367293649 -0.499244151632973
0.292531866465443 0.133016695354182 -0.214203099992764 -0.276820626366687
0.28975429695955 -0.05561285275952 -0.121203543860724 -0.045599371418187
0.17227844801986 -0.200461409906559 -0.0541152659349392 -0.0712979630811324
-0.0104180626744382 -0.210974573961764 -0.0586196091907033 -0.128567039733251
-0.10007259601081 -0.162276527126076 -0.172147224196186 -0.160600495374819
-0.166897225042335 -0.140617700383678 -0.252809720421098 -0.0820703898435409
-0.183381569205776 -0.0942666354021198 -0.267482116496212 -0.0369124173484498
-0.178466614662586 -0.106537995553152 -0.256665521223473 -0.0646891490904354
-0.0986033331447818 -0.159161741914931 -0.214689110008891 -0.130925488226613
-0.012497550405937 -0.177959355175764 -0.10598048349262 -0.180175827441929
0.142850387376258 -0.173470725005276 0.00536223145794489 -0.157988033355973
0.232536691798451 -0.0531389284366516 0.0654586220247428 -0.0654852401623367
0.209010447377189 0.128080784967345 -0.0171605157029284 -0.0226369626285253
0.179002470479276 0.282090294461754 -0.044532295928697 -0.193216766360874
0.160383767996335 0.0906519600268538 -0.162840444390227 -0.546020610694531
0.133551834694883 0.0133949630316125 -0.261125328694855 -0.288619015569105
0.0914655871261724 -0.0362528208874989 -0.114774618203027 -0.0413307285073869
0.0467306938528375 -0.0561390778961673 -0.0300441085013784 -0.0752845706185277
0.0122577832804633 -0.0591063870137261 -0.0573515801714869 -0.172008214300526
-0.014943181463597 -0.0699236360027405 -0.195184388844357 -0.204408108188235
-0.0405615841793979 -0.0848067673420621 -0.299173380804735 -0.120169409348142
-0.0540036588117668 -0.0677742126209066 -0.312561739110667 -0.056800784801444
-0.0489247726570797 -0.0785670892481709 -0.295753403763987 -0.0937863066624009
-0.00894625474426229 -0.0865856892756673 -0.217080649273598 -0.167928935542287
0.0321316256981462 -0.0640561531917739 -0.077325690351614 -0.20620355853168
0.0715907357383132 -0.0339219603465049 0.0312338897727359 -0.141132483193089
0.0774270680756389 0.0026781485120513 0.0621151540979125 -0.0451877296599559
0.071128169728496 0.0512960474857693 -0.0649366194156673 -0.0394429974752053
0.0939209756178997 0.117454365214274 -0.0978693960670585 -0.262185662766646
-0.0134891282288875 0.109350187966917 0.17754902707845 0.269266614928596
0.0609468259961269 0.0649724450774145 0.145797312102981 0.0580610510594343
0.0926088194642008 -0.0225547483395774 -0.0587637995669169 -0.00147173923389689
0.0342566199128296 -0.092115991631052 -0.0770442039218602 0.113822055943433
-0.0565298494647594 -0.0608758593697839 0.0347034056320618 0.224964912909011
-0.0681208297685371 -0.00408159133339791 0.189838118363041 0.222372628660946
-0.085707048740254 0.0266877793932784 0.295245383965101 0.133674205624157
-0.0825058215605184 0.0266855762236858 0.306962511522008 0.067457875545113
-0.0871343446573243 0.0213990955090531 0.296308670408457 0.112584221664734
-0.0752200342604012 -0.0233532638073135 0.198045205037361 0.175273742418581
-0.0446215583182438 -0.0787302536729522 0.0612856157707972 0.16966027515498
0.0498788429406902 -0.097078876536748 0.0309482906726509 0.0687140785769365
0.0948354472092361 -0.00861687163210903 0.10115701606041 0.0526499439442492
0.033460328375616 0.0549292076172907 0.221501197941287 0.236530810029656
-0.0208304320805538 0.0584101920016464 0.154426375825877 0.529595846338744
0.0866377557544921 0.267625470655778 0.157660460476954 0.201794307229364
0.189342489415213 0.159357503960097 0.126911677460635 0.0341477223838193
0.245400154541174 -0.0301254946680107 -0.0692003998335141 -0.0115264876320855
0.140651960564236 -0.196633199128128 -0.100635213016557 0.0896567417080021
-0.0637215416695369 -0.184798075514284 0.00939204709063626 0.216528295569452
-0.136096807613394 -0.092556232030903 0.149850388640703 0.214385308590272
-0.200382065533519 -0.0365749533976343 0.250053891759199 0.140482358840532
-0.206982600714104 -0.0122020700235734 0.254852835979815 0.0678797168103581
-0.212793199275635 -0.0261594211046465 0.248211777651427 0.0990616020334419
-0.156031871689404 -0.115687398370732 0.150584051929671 0.146066333408926
-0.0722325657522893 -0.202485854310274 0.0353688646221895 0.132287208161784
0.139275489766238 -0.234656970865094 0.028502211825675 0.0233888436956967
0.264263676107169 -0.0574516261233168 0.117392914523149 0.0222920042087911
0.188961987491553 0.149549410971127 0.251251622103568 0.211612951217825
0.0831541578787448 0.246824581741899 0.192750545729869 0.478330472644359
0.176099993070293 0.398051106105715 0.123423557864208 0.0862664927457567
0.306767913078073 0.24092253074969 0.084307968085603 -0.0122708906708033
0.38294832173581 -0.0360611925833074 -0.0835056312308704 -0.0184966530142421
0.239998880587444 -0.287974093841695 -0.113516246798634 0.063277997688423
-0.0606827313664322 -0.2947560657209 -0.00979505982879501 0.182668204115337
-0.185399215243953 -0.174732423789725 0.0922257606985661 0.173704621518743
-0.284216595478459 -0.0984067948475446 0.168576769728723 0.124284561608577
-0.299208943440971 -0.0490735267485928 0.165314042180885 0.0591653146894253
-0.306022350000737 -0.0655757659990482 0.161348481923725 0.0730620508695352
-0.219154936750973 -0.184296050980348 0.0771994718363456 0.0991626642568046
-0.102283680688534 -0.294865234495177 6.90211505523307E-05 0.0745504486018976
0.195460877699775 -0.351851138443849 0.0194397535704137 -0.0302765042269072
0.393394289484252 -0.117577764463189 0.120425977942423 -0.0153205173637126
0.325638121896735 0.205126177625043 0.247421309606314 0.161649048199812
0.181969608116816 0.390557681309257 0.197518764139294 0.367416215561533
0.246913998845984 0.475978627852426 0.0749919778095399 -0.0651130999463292
0.399919368033394 0.289539208957724 0.0189236013011758 -0.0797965702064389
0.484433168413219 -0.0499398381720264 -0.102504668091402 -0.0242794180861856
0.305844665198476 -0.357928195368123 -0.115215704138924 0.0338633154268032
-0.0560722947027369 -0.371000780171403 -0.0248285438465676 0.122240572338267
-0.211238457776511 -0.23292101233041 0.0228296447638795 0.102618187686842
-0.327513761978471 -0.146230736805225 0.0621306408463469 0.0852326532897047
-0.346961285340654 -0.0790566935125314 0.050740952687123 0.0408178424037967
-0.35224815758519 -0.0915598782542166 0.0502965764732168 0.0403523844995181
-0.250271920458281 -0.2223720370479 -0.01247665316025 0.0412894334516821
-0.119678089455405 -0.341524403249701 -0.0437817819262003 0.00474933926673936
0.214617838685613 -0.418104105335117 0.00375053579487795 -0.0839708177807461
0.458552544613289 -0.165667662748388 0.108573288381474 -0.0509535858088743
0.410195232835039 0.220392960615319 0.203804242037112 0.100503783035715
0.254816302018426 0.469674224492507 0.164534864015511 0.219786977134137
0.289954585150374 0.482059045513733 0.0134776188641478 -0.231997871326859
0.441358707040638 0.286434037831273 -0.0649580099666313 -0.158075432001744
0.512448301996099 -0.0665118012379747 -0.119481667086599 -0.0318323990370074
0.319129313762001 -0.376107520446825 -0.104504965572421 -0.00341871071346309
-0.0488224875516005 -0.388317041636683 -0.039229540860113 0.0389043764675988
-0.207548022547237 -0.252535787175828 -0.0531988671579964 0.0114595161086354
-0.32289805860035 -0.170626834926493 -0.0553446766396485 0.0310988751685432
-0.342395840815952 -0.0964052901536449 -0.0702939778294018 0.0173500996952746
-0.344472443527473 -0.106662434767594 -0.0687697400742342 0.006364548684079
-0.238829251104147 -0.228195220218226 -0.103127546689047 -0.0185116613981354
-0.108805240971208 -0.331785816446727 -0.0861955992076282 -0.0666486891725188
0.209146791137305 -0.40440689179989 -0.0115195826144473 -0.128169788763581
0.445164696706691 -0.169240433498155 0.0880534820034918 -0.0737105868874752
0.412920492873447 0.208410733640291 0.130492074932958 0.044510810346605
0.277407760321805 0.471482091372863 0.099908725844257 0.0610990420343942
0.291744130939169 0.411163571272443 -0.0544276927137691 -0.383942169429466
0.404995242982821 0.230377922803739 -0.147814125250834 -0.227553302143141
0.441983829305022 -0.0686901982873824 -0.124817175287076 -0.040991536333782
0.270073020692994 -0.321356601213911 -0.0827266750833504 -0.04176790957075
-0.0332093726765458 -0.32944064569736 -0.0524046675258187 -0.0527194307544327
-0.16870236722404 -0.226034891239238 -0.124419530377232 -0.0810115406167651
-0.267782982700596 -0.167013852569047 -0.165659466432122 -0.027185084033705
-0.284926224147171 -0.0994870176399983 -0.180272723385025 -0.00901005137027577
-0.282295953138303 -0.110038766292639 -0.17536980500013 -0.0276199509323454
-0.183494040904703 -0.204752056835312 -0.17591423977307 -0.0757772822134261
-0.0681147380685499 -0.271701960740171 -0.10994454882888 -0.129215532162436
0.184468812757845 -0.312032117940954 -0.0123814762469665 -0.15409599077556
0.36091503307995 -0.124030114331775 0.0714924491059955 -0.0781180087774365
0.334488540914425 0.175525504119341 0.0502299346133806 0.00374549039904826
0.249463509735044 0.402702253268488 0.0237872298606559 -0.082381852029843
0.24601227448692 0.270610173786719 -0.117844603295754 -0.492420337945517
0.293081348358174 0.131164303086776 -0.215783426152287 -0.272892434624666
0.288096671461113 -0.0567136361915711 -0.12026666647961 -0.0458547947791131
0.170344125479227 -0.203991068309862 -0.0561150982971561 -0.068849274153057
-0.0127914809327148 -0.209105957017177 -0.0594052901787396 -0.126832643235908
-0.101648267846455 -0.158693976255226 -0.175641222573026 -0.155730814931792
-0.17023041569655 -0.135509386756008 -0.251586957809971 -0.0784695534663045
-0.185068584775958 -0.089319479323706 -0.264144333306265 -0.0336073108564812
-0.178650725761377 -0.101411300768738 -0.25341351856638 -0.0597556992068118
-0.102280676363371 -0.156313504509029 -0.214866595165781 -0.124254180887764
-0.0143447635515248 -0.17689883124287 -0.107078075138095 -0.176585985738022
0.13819916892306 -0.176433176018193 0.00345033922325016 -0.156593196411805
0.229447149812097 -0.0563463397763098 0.0632397609804608 -0.0666266509143382
0.209813641202533 0.12402596143086 -0.0174259961893565 -0.0227186661277701
0.182163097859234 0.276402136122199 -0.0465184531272357 -0.192805101875229
0.15897844111609 0.0885272991969878 -0.165840343951838 -0.539910661696964
0.134077342183506 0.0136297401466159 -0.261832716856909 -0.2848277751707
0.0920713870627029 -0.0366083859635569 -0.114271859899108 -0.0415418182839706
0.0469597851877514 -0.0586507202697018 -0.0317551284693271 -0.0735600120314824
0.0115969801377582 -0.0590992836087349 -0.0596907727062342 -0.169100754679465
-0.0160240708646307 -0.0681150659269485 -0.198993047309517 -0.198336427218131
-0.043743152781942 -0.0834040699262949 -0.299167903469318 -0.11385962655002
-0.055923760369382 -0.0658703142291728 -0.308227174189304 -0.0525384019839492
-0.0509901283997867 -0.0759049868867243 -0.292631834813153 -0.0875137238790784
-0.0116216668983218 -0.0859498062999797 -0.217097360088004 -0.160950705250715
0.0307771272582855 -0.0649338784244726 -0.0797313216403234 -0.202326152010902
0.069195664100651 -0.0365820748121579 0.0296764611581273 -0.14009776027872
0.0769969681495393 0.00104621150253853 0.0599897672888208 -0.0470820866257143
0.0729092884874509 0.0497617386544129 -0.0648168298903831 -0.0390310403864391
0.0961271568446049 0.115367714333289 -0.0997111436095843 -0.260477402779521
-0.0144899719209156 0.109004162639484 0.178366577711472 0.274775087495378
0.059198358681854 0.065468680090055 0.148502496508786 0.0604720809402745
0.0930111681266852 -0.0225062270726776 -0.0589876029035101 -0.0015456938924763
0.0354049167037201 -0.0929092616664375 -0.0781362323657513 0.114215684385217
-0.0570344709957767 -0.0614224905400756 0.0364690057708789 0.225949695654592
-0.0682624780112851 -0.00541886739418566 0.19563115626539 0.22289909706119
-0.0862244368631979 0.0273855619340201 0.299102008882974 0.132668079701667
-0.0839007120098453 0.0278402569111675 0.308783438244185 0.0680357815206027
-0.0869808750732364 0.0218457089161137 0.299137371694135 0.110769397570075
-0.0760285130031197 -0.0235778721304234 0.202141247964846 0.174682729426771
-0.04526166723167 -0.0790759887984292 0.0626312327651742 0.172083563681648
0.0505943817976883 -0.09767190112092 0.0312612730917755 0.0701137311837756
0.0949178295125087 -0.00866452774006525 0.102345790589235 0.0553035055425187
0.0317665565140219 0.05638838615489 0.223478894877914 0.241518839143819
-0.0222642499017519 0.0583466706353406 0.155294709694856 0.538231643402633
0.0858080535309285 0.269593362452714 0.157511675137454 0.206662031059536
0.189395052444266 0.160293009837836 0.128784164495964 0.0364921035889392
0.24725199368617 -0.029816559347627 -0.0690698314553621 -0.0121632268495394
0.143542022885335 -0.20035098462308 -0.102757900968535 0.0895995524083716
-0.0639967693059399 -0.186217263969953 0.0119178485157049 0.21729921091078
-0.137827064650833 -0.0948358550497238 0.154352035783555 0.215488795162625
-0.20274232291089 -0.0346081770795089 0.253953943411072 0.138610162088213
-0.210641106092253 -0.00992396963835657 0.256869177122025 0.0685969258936515
-0.213723544775353 -0.0256382300546916 0.250415539312835 0.0967623743456444
-0.158519612847202 -0.116951112634039 0.153377417312293 0.146121046392832
-0.0737238821444957 -0.204770776696452 0.0364484038905094 0.133976741467929
0.140878862404043 -0.238863822259339 0.0280489727418389 0.0237369083260904
0.267048026670573 -0.0582470424458417 0.118776260263071 0.024787762185828
0.18988988277783 0.151701582616791 0.253954319566337 0.216279852466037
0.0829916118609958 0.249636111077175 0.193200164871694 0.484324395861333
0.175612986009906 0.401746431072639 0.122944406474694 0.0905650221075097
0.307709376872731 0.244258836327037 0.0855060285765514 -0.00966434352140327
0.387487734229113 -0.0356250215869408 -0.0836010144497865 -0.0195127706475426
0.244329592406377 -0.294078194452626 -0.116728598659852 0.0634932939678145
-0.0617395192414063 -0.29828809717665 -0.00753038354878506 0.183071888132655
-0.188129192955259 -0.178358078927659 0.0955132024515583 0.175341140574961
-0.289707068732548 -0.0965309758791519 0.171393790893055 0.121537725440253
-0.30489816022295 -0.0470440377168587 0.165872494357865 0.0599373834854011
-0.308648824259666 -0.0645794615252591 0.162052671081256 0.0711413486759519
-0.222668456972132 -0.187055077424457 0.0784097331731137 0.0994302177381028
-0.104087240449759 -0.298940075620267 0.000653153210647191 0.0751443548119535
0.19722171442077 -0.358553626217062 0.0189614876311597 -0.0308327616229981
0.398073158444479 -0.119351656042506 0.122209787981725 -0.0131863021327165
0.328052384525007 0.208879648344928 0.250206298351521 0.165699026951763
0.183683991906144 0.394874309388147 0.198071262276079 0.372247609889029
0.247145271921472 0.480216714982156 0.0746986349122158 -0.0623006293238495
0.403931430135025 0.294205765261934 0.0187448847801129 -0.0789769523011247
0.490832030642693 -0.0504540670811799 -0.103834666094265 -0.0257477282505918
0.311915974115276 -0.366153560457677 -0.119304520317414 0.0341272108106061
-0.0570371100189575 -0.375776967713901 -0.0230010517466943 0.121669525625634
-0.214616719692661 -0.237256630243234 0.0237086866458407 0.104209641213637
-0.334143957739778 -0.146062936319982 0.063468224223765 0.0827040252333464
-0.353642656912249 -0.076577886868332 0.0499557342535547 0.041319969135508
-0.355596955826944 -0.0908446215162494 0.0493282490626776 0.0381504117949044
-0.255533441575234 -0.22501011893377 -0.0126127074346141 0.0421732453643107
-0.121283382053097 -0.345530974088606 -0.043711553818708 0.00426430280997287
0.217623808263829 -0.425601274038136 0.00286974181517202 -0.0862040544527641
0.46497983195973 -0.168472647925715 0.108949179671497 -0.0503900811447278
0.413238449689004 0.224566879070781 0.205888239979333 0.103497545834868
0.256628419340559 0.474985604895452 0.16505359921218 0.221418241191885
0.290349518892796 0.486409078560042 0.0134194646004048 -0.231406036140132
0.446276725239642 0.292866924823046 -0.0658704171283221 -0.158772605105222
0.51915559157149 -0.0651385115896623 -0.120983877110695 -0.0338520409946015
0.326010398150819 -0.385782926396921 -0.108504321897943 -0.00245748639607147
-0.0484660782564462 -0.39304917112315 -0.0378107796231545 0.0368257297920959
-0.210978405541975 -0.256344524174815 -0.0546063562829622 0.0131310770134106
-0.330159375541562 -0.169999263827863 -0.0556016053427485 0.02901251654476
-0.34955283356126 -0.0944020341605558 -0.0727643470627233 0.0176254382100396
-0.347258795761082 -0.106156517544882 -0.0706867072647942 0.00472273415182081
-0.242969486723104 -0.231391818640373 -0.105556100350371 -0.0169599979592133
-0.110565782818533 -0.335989165144095 -0.0868385867425476 -0.0677011449782845
0.209551413811716 -0.41264823729583 -0.0121563970193376 -0.130723939340121
0.451454433197958 -0.17232391394951 0.0884618883573482 -0.0743945635935197
0.416407399354275 0.211396709808216 0.132222464391392 0.0462325906311015
0.281423224226504 0.4770046864782 0.100140769044123 0.0601860473618257
0.293504320992257 0.415395057560191 -0.0542294558514805 -0.385775994145135
0.410152595472505 0.236233614667523 -0.15016169075825 -0.230333308137161
0.449544305868631 -0.0678913546228062 -0.126868703622008 -0.0432818847412539
0.276037970399969 -0.32997371729852 -0.08652282764925 -0.0413094539893468
-0.0339818172971659 -0.333374064750357 -0.0514647488501074 -0.0542809354430173
-0.172085128533901 -0.228409283689154 -0.12731829120832 -0.0806061702199063
-0.274779154804222 -0.166715284754113 -0.167502745572488 -0.0284408423114089
-0.291437978064039 -0.0981393452967343 -0.183350065665682 -0.00912282974794704
-0.28527981150973 -0.109271101935942 -0.177486562778387 -0.0283848672825146
-0.187287071474554 -0.207398340362612 -0.178194825428917 -0.0740105642197633
-0.0682937219229292 -0.275595226032237 -0.110916027021688 -0.131384360333807
0.184883061179519 -0.318144130492172 -0.0127630956022993 -0.156273931239161
0.36506303963195 -0.125981223466713 0.0713794417070071 -0.078964524737698
0.338709405089973 0.178472281944319 0.0511682815317694 0.00382856276604834
0.25207530416264 0.407311523538979 0.0231723912682955 -0.0855117922654248
0.247245762370326 0.27557117955522 -0.11712963429342 -0.498468319181525
0.298346929800335 0.134797643332601 -0.219145504616395 -0.277305291488565
0.294509241342323 -0.0560875936164922 -0.122562914126688 -0.0482411840100862
0.173285950038123 -0.21055673709039 -0.058120807300376 -0.0681153838708198
-0.012009250619752 -0.212121767137854 -0.0600825339564528 -0.129217373133646
-0.103130682979008 -0.160687303382492 -0.180812344926534 -0.155460736832385
-0.175818563240033 -0.135287049886914 -0.254389221112088 -0.0794612406545176
-0.189386366778094 -0.0887828170639027 -0.267104935387237 -0.0339813502746523
-0.181587830240258 -0.100332886255866 -0.255792108731495 -0.0595674705485106
-0.104535567626127 -0.158179979894791 -0.217125845210414 -0.122943503338435
-0.0147498706223346 -0.179645044563369 -0.107942571637343 -0.178622112135006
0.138177694315346 -0.180578146068556 0.00384060983043198 -0.158434447547919
0.232310719672741 -0.0576821030266793 0.0628982274648664 -0.0680576187053874
0.212115058399679 0.124324759325565 -0.01780747362384 -0.0229243406467138
0.184682579592273 0.279411161783558 -0.0476106138685346 -0.19836730324191
0.159810297291874 0.0916850671600675 -0.164045768324719 -0.545569769209391
0.138293451467449 0.0157263118173591 -0.265176104177463 -0.290285758275364
0.0955078463501299 -0.0366819961581801 -0.115964102544712 -0.0429412820532129
0.048040436336918 -0.0609749707499686 -0.0326458730070105 -0.0729672448451452
0.0120432176134922 -0.0598805586777687 -0.0611000838494522 -0.170956289267584
-0.016120713502897 -0.0683969046127684 -0.205039492489686 -0.198716635192466
-0.0459754017471508 -0.0838133553408438 -0.302798412888221 -0.113068492137634
-0.0577206660483882 -0.0662669439513622 -0.311363185493038 -0.0532509505891998
-0.0530751809978239 -0.0756093001703997 -0.294233782046736 -0.0867970308970281
-0.0133063424091082 -0.0872665817995417 -0.219600892093871 -0.159900698163186
0.0308160883006095 -0.066538342757385 -0.0808361973031999 -0.204351688830282
0.069072253136207 -0.0388285985214137 0.0303063308986896 -0.141213968615672
0.0784387253385577 0.000264226967814333 0.0590136633430033 -0.0482121994605515
0.0747086009189984 0.0494926955857407 -0.0659509323406098 -0.0392567693120208
0.0987080916014308 0.11711304098573 -0.101297137636433 -0.265758258113303
-0.0143047242214789 0.111722564668885 0.185185799160625 0.286285910403315
0.0598293385593489 0.0669468715677818 0.155358562659556 0.0629205298200668
0.0952819624041645 -0.023657598800264 -0.0609830519770509 -0.00137727949534743
0.0368293223444907 -0.0959406185486503 -0.0803409740717678 0.117173814164373
-0.0583994118434089 -0.0632030782259481 0.0407558075911439 0.232595171263951
-0.0712460308127597 -0.00617863752413944 0.208071195855867 0.226800579075698
-0.0881293697096457 0.0300930739370045 0.311740658855764 0.131616104923405
-0.0869106480307866 0.0308479586798177 0.320782542974151 0.0676939774419543
-0.0890102810527432 0.023080725314328 0.311440024255426 0.110032608671429
-0.078520229327541 -0.0235983643987497 0.212201372819346 0.177078380373517
-0.047889793826475 -0.0811970394932326 0.0672186410338753 0.178695742059952
0.0508666679799175 -0.101680540773161 0.031848599799821 0.0733528622072146
0.0975665912211053 -0.00973360801686934 0.107371071810323 0.0591464017814996
0.03194916863456 0.059052125714639 0.23356187599975 0.249671246643051
-0.0230671197887671 0.0603616137623133 0.162650661892473 0.560889971754465
0.0898351655254294 0.277574489309221 0.162813729603184 0.217091026051104
0.195279533643017 0.165156799428475 0.134373650480736 0.039027496966879
0.255504672730622 -0.0324981401052683 -0.0719961711156248 -0.0125773437652799
0.147967172145567 -0.210274179218247 -0.106969752359048 0.0929123186066715
-0.0668949949431411 -0.192548185825327 0.015266096322357 0.222464554393551
-0.144405132695069 -0.099029103775379 0.164700907831294 0.22082228488697
-0.210891700044658 -0.032718296230571 0.264355542357462 0.137791735738744
-0.22003574675011 -0.00579584165361829 0.266407503989528 0.0690634463207536
-0.221758597164544 -0.0246275132754279 0.259323679756314 0.0955593824601224
-0.165552051821536 -0.120634067661826 0.160927434412283 0.148913541433056
-0.0782411017923925 -0.211896444073773 0.0399474672993877 0.138779558983732
0.143957384559178 -0.250418624051957 0.0284516345913189 0.0243751258427199
0.276824400525446 -0.0619548087596604 0.123690401269553 0.0271276636661413
0.197294874157999 0.157684211226536 0.265123740664409 0.223696346966273
0.0876668547590014 0.258636967653733 0.20231708898325 0.503248512007567
0.182769486759591 0.414177699527855 0.126702101569426 0.0969690212618598
0.319573966713386 0.25120310627919 0.0889802419669238 -0.00914293502921354
0.40177769588702 -0.0392381772332953 -0.0873796294386587 -0.0202117804743164
0.25287542075937 -0.310602034647757 -0.122494452143804 0.0670077587635735
-0.0655649547616966 -0.309232795354072 -0.00512315247526699 0.187265053878619
-0.197362057711929 -0.185086808107856 0.102363158237486 0.180451472712684
-0.302301027620021 -0.0956772514616378 0.17860411967959 0.120744796324157
-0.319726475874694 -0.0423684987188734 0.17132713764111 0.0611945861932804
-0.320657557976842 -0.0635704005556173 0.167186759047363 0.0699997209058655
-0.234096560108635 -0.193060583442028 0.0826400504855261 0.102031664603994
-0.110317770095011 -0.31018856840967 0.00180366226003854 0.0776352613706512
0.20179424803107 -0.377125346261692 0.0180144380440149 -0.0327481849044455
0.414009383711922 -0.126803004553617 0.126843029892421 -0.0123969825909086
0.342306581659753 0.216542108992326 0.261428453315789 0.172466639826784
0.192478669589554 0.410247502686816 0.206015421280012 0.385697915696683
0.257159258081022 0.497244654676118 0.0761169457611448 -0.0611278915571557
0.420154535208694 0.303428424929052 0.018324155921422 -0.0798309387430034
0.510674099699868 -0.0548080590052069 -0.108516888427768 -0.0269543090602619
0.322646109182896 -0.388356500331395 -0.126180074834305 0.0377120718291777
-0.0620504564810532 -0.38984045598654 -0.0215928311188654 0.123748373941435
-0.225830904892666 -0.246346632225365 0.025914484369424 0.108529414710966
-0.350388393879964 -0.146094378881009 0.066137708397183 0.0819473282033176
-0.371733260532615 -0.0725120493804391 0.0511095795776757 0.0432619151671801
-0.370033070352952 -0.0898946264482047 0.0501578772699936 0.0376635305227229
-0.268136429959455 -0.23266547101884 -0.0131361824609334 0.0443964605111917
-0.128819768804138 -0.359132542668143 -0.044801711639607 0.00395847783263238
0.22176621200064 -0.448340486428996 0.000826074411369115 -0.0899233123351635
0.481930089225453 -0.176986274456891 0.113163209948755 -0.0509328421113055
0.430622699352995 0.231708919574792 0.214905543026336 0.107651034501628
0.26951435233543 0.492404746776997 0.170759056638207 0.228382236175418
0.300801553209122 0.506194169218296 0.0129741079266942 -0.236959461261529
0.466249254514637 0.302341798439013 -0.0701558902435623 -0.163216916850557
0.54131210597376 -0.0709329925934186 -0.127050509691576 -0.0362204724308387
0.337432723457077 -0.409344203542794 -0.11585954950148 3.25793763722325E-05
-0.0542440372197421 -0.408170084456393 -0.0382111169633014 0.0362656661173579
-0.221843824830223 -0.266371333903517 -0.0578232208474362 0.0154397984516604
-0.347293626937582 -0.170797045483221 -0.0580083756346202 0.0273238332546624
-0.366461197949631 -0.0915745985157555 -0.0760667450151567 0.0193428044877553
-0.361479600504873 -0.105188294882596 -0.0746299018588973 0.00458834999951904
-0.255885956534313 -0.238685929169322 -0.109289451068466 -0.015339274846562
-0.115853100061571 -0.34916062279466 -0.0903650557005324 -0.0710001951029844
0.213769789382503 -0.433241725248563 -0.0141652866526791 -0.136821296469202
0.467803241702591 -0.182437775247297 0.0905960281861427 -0.0763899821919037
0.433936911612617 0.217786693272213 0.138351841039602 0.0481195065392419
0.296187928106098 0.492660163255455 0.102907904035116 0.0599008849008525
0.304524405926247 0.432223455714187 -0.0568964438872865 -0.398855576553893
0.42883734414028 0.244356777410478 -0.15836783485051 -0.238280448548974
0.470339131187763 -0.0725567095735443 -0.133167830285583 -0.0456781548865123
0.284853303685611 -0.350011639697963 -0.091751956916447 -0.0398031502072105
-0.0377995007533723 -0.347303487166999 -0.0536610918128135 -0.0576671840927257
-0.181329030919476 -0.236956667898974 -0.135400556876088 -0.0799701425223482
-0.28968495526403 -0.168274838695996 -0.175220511242491 -0.0304519989881723
-0.30641940629605 -0.096912824818704 -0.191161940188989 -0.00717248499577588
-0.29662456913908 -0.109594367461351 -0.185037269722652 -0.0282426132964157
-0.198059047420008 -0.21454631855045 -0.185709947412492 -0.0732759162018197
-0.0728775019041208 -0.286847577303014 -0.116069519162699 -0.136461583108114
0.188247859610393 -0.335025308966931 -0.0149869647558363 -0.163292919043077
0.379478432325636 -0.134138357632752 0.071970416451922 -0.0820902525856541
0.352386475166216 0.183212383263065 0.0533933618622478 0.00467961417715192
0.265698849777214 0.420645300644208 0.0226594287724115 -0.091677151168084
0.256822914217206 0.286157936843626 -0.120980261126846 -0.515629052652361
0.312582976209826 0.141330874492259 -0.229648972007956 -0.287178226661976
0.308478520973833 -0.0599323093308321 -0.12868908084099 -0.0505126614036201
0.179919970604021 -0.224147016199312 -0.0623516318679081 -0.0686274708990657
-0.0140996075767295 -0.220229442785554 -0.0639105373349282 -0.13431176942368
-0.108721863538112 -0.165943250346972 -0.192225066606371 -0.157864353626001
-0.186748594794836 -0.13707548964234 -0.265727436310077 -0.0795076479456857
-0.200084818816795 -0.0883393559436123 -0.277785018272294 -0.0324927753697482
-0.189138005695104 -0.10142246906822 -0.265083288842674 -0.0595278709187995
-0.111905719577193 -0.163599151584296 -0.22635469350478 -0.122860485557249
-0.0165836109392442 -0.187437239596354 -0.113377462204777 -0.185001723784097
0.141356009693924 -0.190731299091619 0.0023306680820651 -0.165396059400149
0.24117792806608 -0.0625597440923606 0.0631748502317335 -0.0709665734833132
0.221496240662944 0.127524280522568 -0.0178932722764832 -0.0235638336786447
0.195768094513276 0.288984593529391 -0.050968568119428 -0.208503722424016
0.16627384687097 0.0958840026395047 -0.169498332848818 -0.567156867483893
0.145312368146074 0.0174794963139055 -0.277844279075332 -0.300677168570558
0.101222820051864 -0.0381728285329612 -0.121620843372006 -0.044757980842281
0.049684679931122 -0.0654539625001415 -0.0345899339991622 -0.0735914854923369
0.0122471649253512 -0.0623836318278104 -0.0655174905207252 -0.177022467866122
-0.0169774555761158 -0.0700010734235972 -0.217544692804077 -0.202236160430886
-0.0509073941080053 -0.0859064386576561 -0.315915924216946 -0.114157052523924
-0.0623625441863887 -0.0678404773161242 -0.323296132437263 -0.0523343586721556
-0.0560656231949787 -0.0771904961409042 -0.304945746519312 -0.086055964538542
-0.0165071404380565 -0.0907791769337616 -0.229607761206709 -0.160978835961444
0.0315818022178272 -0.0702911472344023 -0.0861841142904131 -0.211400923062868
0.0703640532327069 -0.042514648238597 0.0298491505578987 -0.146793014811961
0.0827081629416136 -0.00184535319824648 0.0596180059278635 -0.0509129902143475
0.0791232226006938 0.0504447199117943 -0.0683545017372481 -0.0404192096579515
0.105166265664684 0.12049816170527 -0.107117640777834 -0.27856442515259
0.00404170830694609 0.113577034398522 0.204013199610558 0.287257023474449
0.0694177788848803 0.0591791763398224 0.163819275704533 0.0570200757801788
0.0933665439673694 -0.0357826138123868 -0.062747247814138 0.0121536290542249
0.0263517164128368 -0.101820355303606 -0.0676178233242631 0.132887149439281
-0.0630158363470402 -0.0556453009426442 0.0686057497732181 0.23226063917518
-0.0690462752885731 -0.0010943445655329 0.2392420707118 0.211687765451665
-0.0838810005160623 0.0426419241202994 0.339773440566982 0.0975054740464922
-0.0847559795735351 0.039954064866804 0.339616501411707 0.0379036702842748
-0.0890254432325487 0.034511937981081 0.340483811865008 0.086046081764806
-0.0854143874096265 -0.0145391803202483 0.245242992493883 0.167839313931987
-0.0608623770963147 -0.0773684123660636 0.0914646804459284 0.186253232427383
0.0390516432600577 -0.111442152717042 0.0411446527154129 0.0806649112357419
0.0983955291535703 -0.0180066196046825 0.117118698052673 0.0568065476412692
0.0328711227235609 0.0633866057945517 0.273729832766736 0.245051103412466
-0.0285412074053569 0.0676668872695212 0.214539462253884 0.584520161481304
0.129177196829173 0.269997764005449 0.16288128710781 0.224473851163681
0.218610386415747 0.142817811297987 0.133198164496958 0.0427608946123319
0.257489744146077 -0.065178085671368 -0.0758445604887599 0.0157551550731647
0.125224731202664 -0.235755605117264 -0.0899294282442002 0.121985346612662
-0.0869926795082994 -0.188458966129562 0.0498059998996611 0.222830139726075
-0.154974162807406 -0.0889785448571794 0.198053259438808 0.205737774593568
-0.221593753736846 -0.00579696265990272 0.300901237690841 0.104244858610263
-0.226997909069484 0.0151985960020121 0.282688256754826 0.0430824939387851
-0.231506660386298 0.00118521189619278 0.284185559716752 0.0750536828848959
-0.1879608240749 -0.105792549251753 0.190842072458106 0.144487861905064
-0.106400885748358 -0.209781935849288 0.0614322580860977 0.147717549257741
0.11986322709392 -0.278635284833539 0.0323267153055116 0.0346868798293687
0.281742030991884 -0.0920791509419811 0.124051422686346 0.0261074793662223
0.218683090767989 0.152688657427703 0.300376349978539 0.204153189250395
0.109733894969778 0.272227080285022 0.254817680351616 0.506428043790353
0.238514007640229 0.397879598838967 0.106070646468445 0.108092088373688
0.356483436484203 0.217935597432964 0.0754834813787941 0.00415398772385368
0.408551544896841 -0.0910154891507263 -0.0938576296481625 0.0219651044795347
0.218072051502023 -0.354864706293882 -0.10196768220152 0.108416640538697
-0.0994740914523864 -0.307833409039164 0.0336547861335547 0.187461596364792
-0.21973955851029 -0.172816030367801 0.133437497520786 0.168466997721268
-0.327407491763708 -0.0580396649387819 0.217613325753673 0.0929767104511669
-0.334086476952806 -0.0120735703210776 0.181865591326103 0.0422440256553103
-0.338654609044332 -0.0273379502489095 0.183667546229077 0.0571173715156465
-0.267848236682025 -0.173871689030875 0.104885965744307 0.10256511456298
-0.149601268617992 -0.308407975368692 0.0171529832762358 0.0861794149382168
0.16502269826756 -0.418505376827944 0.0157393209657219 -0.0209751070558287
0.419509022861466 -0.175188903044754 0.118216699978546 -0.0122418008375923
0.379822556042299 0.2016958937027 0.286451831000682 0.141280569859553
0.239441460371665 0.425503997135717 0.250687645790024 0.36678804400586
0.321977212218202 0.474988690455553 0.0371660514153097 -0.0492090977549252
0.465487784720029 0.26022066542296 -0.00775445407332935 -0.0578013969276805
0.518644033330951 -0.121064048169717 -0.11611021233521 0.0263301533519101
0.279431044517448 -0.445855886714959 -0.103477082932975 0.0866240266427515
-0.106500916033616 -0.392850490645724 0.0159197873975094 0.123732851425865
-0.257851880513999 -0.232671863497913 0.050520826848474 0.100413916701085
-0.385743757349136 -0.103235679175593 0.101809129162037 0.0631980408063351
-0.391399982092224 -0.0366874521819466 0.0542176772960411 0.0348459045327935
-0.392463559721213 -0.0482142773759271 0.0549361761961718 0.0338503798410834
-0.307901102844848 -0.211301542032261 -0.00209313977695365 0.0510007236599245
-0.172491407357557 -0.358431013981644 -0.0395607860677123 0.0109914013831259
0.177794680121165 -0.494780255620698 -0.00647964320085766 -0.0785595563100971
0.48587268551577 -0.236487918748023 0.0968357549945272 -0.0483780617316713
0.476992924084033 0.208931758268518 0.227253387777486 0.0712099990871264
0.330721960122417 0.506208285479449 0.201350229905264 0.193446017928776
0.364616767710269 0.478546748827698 -0.0412239902903822 -0.226088240412494
0.510367415592711 0.256414516494335 -0.106816961157196 -0.135551062649297
0.550662496345348 -0.142445640983142 -0.135345878174931 0.0220111396838894
0.290471480630727 -0.470416793167172 -0.0940488284978411 0.049229494252068
-0.101538403095048 -0.414317745780508 -0.00810775082279321 0.0345234810115545
-0.257616940218552 -0.253416623355641 -0.0446983208365419 0.0120651127469458
-0.387770251799002 -0.130118293460272 -0.0316505190477358 0.0211284857422987
-0.389373992791018 -0.0565037440125517 -0.0802544217296391 0.0219312406719901
-0.385401592909077 -0.0651043296897365 -0.0801771809523778 0.0112058871139698
-0.294517401562031 -0.220319914852329 -0.111106518740757 -0.00411625301263386
-0.157755222280551 -0.349965655905972 -0.0948924261498486 -0.0644258738184143
0.17234051085218 -0.479387210231005 -0.0276608018768346 -0.128065053972775
0.470636286326745 -0.241478678421076 0.0703579228219128 -0.0741915664115058
0.480178063153366 0.191563348990227 0.138036291371015 0.0144184356816198
0.362165171457122 0.504607790030476 0.115319796091904 0.0163136917874658
0.355711047427512 0.403813574086548 -0.11878488489781 -0.391340645579732
0.464815583028371 0.201525330319039 -0.202124897917961 -0.208885057244771
0.476233383846009 -0.133858063380177 -0.141777110311914 0.00587544296659929
0.245364147395271 -0.403132295768376 -0.075818271237352 -0.000115805308597065
-0.0793043322993228 -0.353422447290192 -0.036984532426566 -0.0601582674286353
-0.214002375671095 -0.227004343252927 -0.136064051746959 -0.0780745175120447
-0.32912040597784 -0.135521986341655 -0.162552280291078 -0.0235371885519411
-0.328238856530096 -0.0675883311154188 -0.202958667312766 0.00611020584752923
-0.319595174709321 -0.0768858773531451 -0.200033350331567 -0.012801712496809
-0.230494364705692 -0.201697579705918 -0.198608113412174 -0.0576478643735286
-0.104784945252249 -0.290053451747652 -0.131291352405296 -0.132379137305788
0.157502450438591 -0.373476705919933 -0.0316879679773593 -0.159792086816482
0.384355896280679 -0.180349209502103 0.0533982461508828 -0.0824282002568923
0.391990232430089 0.160514148417454 0.0458608027159416 -0.0206118480409153
0.324729371654494 0.428346291410655 0.0176971775932692 -0.135566673718629
0.28840519328795 0.261315866753127 -0.182961718476991 -0.513868291191081
0.332544444241968 0.111000335546902 -0.273199561206088 -0.262454264619019
0.3116051780883 -0.100217390781063 -0.136473055981388 -0.0142258170095958
0.153651801442321 -0.258055798996771 -0.055427822338909 -0.0437245877443731
-0.0425029904045371 -0.226973851681526 -0.0633059496446149 -0.136715944984971
-0.133238320217833 -0.160466301774828 -0.205778052217722 -0.149140088541791
-0.217438199460252 -0.116087357866993 -0.268135398702444 -0.0611040851592818
-0.218222663250443 -0.0694683970532805 -0.294283735146624 -0.0101908962465769
-0.207821540124344 -0.0820556921709405 -0.288137838269897 -0.0372403671037205
-0.13488051597472 -0.158551390617248 -0.249338501417007 -0.106995955583862
-0.0354448425337892 -0.193281412388514 -0.135350203794517 -0.184919498203095
0.126099215810293 -0.216016362455926 -0.0142237619464521 -0.16916393961545
0.246509156301139 -0.0919999262580405 0.0498968034715093 -0.0752211862782059
0.248282546109531 0.113220596989347 -0.0282650287678811 -0.0378247219636229
0.24019386845562 0.291342949945734 -0.0699778940988291 -0.244440772382061
0.17271055982708 0.0784851029470672 -0.222634306725163 -0.572005037124426
0.145955817979754 0.00455712339257578 -0.31532981083946 -0.28420502060952
0.100007367546342 -0.051729003989747 -0.128661262076893 -0.0268607253752814
0.0413359020942019 -0.0765188712244307 -0.0372596794962032 -0.0664557486323149
0.00224024371556272 -0.0674829471708423 -0.0806463825428131 -0.177286087544325
-0.0290363141203796 -0.0699028629923792 -0.242589161715778 -0.189522532527851
-0.069294187621043 -0.0807878840999622 -0.3324373479615 -0.084466412190191
-0.073904022844457 -0.0619100362929479 -0.342222557267 -0.0243127895319949
-0.0679792363236624 -0.072702538624027 -0.330554759191293 -0.0618731986578471
-0.0265476245493454 -0.0937887107373267 -0.257537182148423 -0.148062837797859
0.0267044694586942 -0.0776098994682663 -0.110373353208876 -0.216582861987959
0.0695338449928281 -0.0521395046849844 0.0171175980367505 -0.158081261154705
0.0871291184297111 -0.011429150554874 0.0540343686576972 -0.0584914893863227
0.0906500813184832 0.0438500737712101 -0.0796496098029228 -0.0432991603914544
0.129120219637622 0.118837543624439 -0.136057935330644 -0.302475380504186
0.0107486797886353 0.116270796266354 0.228725389138247 0.28875139278018
0.0738115869857609 0.0573586754303963 0.174037601813833 0.0488246407950107
0.0937793714582242 -0.0422734120682696 -0.0654532258594357 0.016988570630111
0.0210735490453258 -0.108257380618524 -0.0628488480104862 0.141146067472797
-0.0683150698445368 -0.0544051933010956 0.0864063856609527 0.234717644623502
-0.0723266344689356 0.00258713903097097 0.262779653076088 0.199939536354543
-0.0826656097907398 0.049859586138854 0.357242310347508 0.0770221511426646
-0.0844525829256038 0.0481157012074248 0.354456696623538 0.0164316420957621
-0.0893719923853649 0.0418758920833073 0.358359398149845 0.0640868663543881
-0.0888795737183153 -0.00907341476522971 0.265719595378719 0.155340967025072
-0.0676059527222662 -0.0753987867553383 0.108233780190812 0.188099987748631
0.0334606081548749 -0.117940417625153 0.04808471858858 0.0814553262530792
0.100217162634902 -0.0242668157629508 0.125891539707337 0.0524948222277823
0.0376260035774115 0.0647781199117853 0.299990059778241 0.238030630310583
-0.0253859095643321 0.0712340694389193 0.259986370087731 0.595605193931999
0.149924279885194 0.271094978237138 0.182688551136713 0.227014467342036
0.233326402881416 0.134825410715191 0.14098359055122 0.0365871813441652
0.2629553215816 -0.0835997759630372 -0.0785067791514626 0.0209977098047561
0.114139650263411 -0.254399833920679 -0.0868025553596372 0.131797564609951
-0.101039137185547 -0.189753088104923 0.0655974454845384 0.225407407095399
-0.167822345565835 -0.0834158489627422 0.220000559737929 0.19844935013024
-0.229353211021337 0.00948225407362226 0.316122192138646 0.0858397933995139
-0.234400924619837 0.0345715361563764 0.295272566142683 0.0263862285581039
-0.240428178598734 0.017548860574087 0.297851306938104 0.0571070541479641
-0.202251904376236 -0.0972500761665489 0.207087869047618 0.134946248804611
-0.124359721194148 -0.211442783288251 0.0738152083859279 0.149625179470516
0.105259838601529 -0.298683698206271 0.0349924313887548 0.0347534149487065
0.286751096566727 -0.113082486894835 0.132067065624408 0.0215270360464371
0.236933913989557 0.146300645013873 0.325948771857723 0.194128704064886
0.131443208270604 0.275421553279052 0.295603157209942 0.510910182109047
0.270821876354447 0.399376379703579 0.117260481766587 0.110321791882386
0.381688858338576 0.20423033028561 0.0796219278637663 0.00133961871639667
0.418283975990258 -0.120573870828713 -0.0972728186535741 0.0288963181830686
0.202338103200517 -0.386337078063187 -0.100327539253099 0.119856319395866
-0.122486632246816 -0.31353317147075 0.046080484905614 0.189501839592009
-0.241604898075278 -0.166059394517109 0.150578262139189 0.165342928456443
-0.34301847993825 -0.036450639087902 0.227918605632468 0.0790029359317308
-0.34824947108022 0.0144102354083536 0.191060658369311 0.0327444068614734
-0.354009367349642 -0.00537083924917988 0.191540967605584 0.0459132651016857
-0.290133941447977 -0.163222856887261 0.115083460805151 0.0986793875919954
-0.175503707742028 -0.312652577973882 0.022909771378679 0.0882284874889506
0.142389665257797 -0.44764729284582 0.0143883489679827 -0.0219345447166875
0.425477549229382 -0.210224607692392 0.122644344838018 -0.0172372594538216
0.406699626581639 0.187723111795188 0.30815056397575 0.128806884491823
0.277046864007556 0.426792441688079 0.281976340134226 0.365069776595663
0.362574145787717 0.474200131105745 0.0358695418804499 -0.049682265443339
0.497358677935623 0.241973835293433 -0.0108829982387874 -0.0571160233030295
0.533006898158705 -0.159121384241813 -0.120869270290691 0.0349149896235384
0.260634682694564 -0.485183874568259 -0.102697034099749 0.0985133175277546
-0.134952326320922 -0.401866382237532 0.0233912244750685 0.124177918112918
-0.284671870045524 -0.226288870449199 0.0594829171078512 0.102383865336257
-0.40805964277207 -0.078660364946266 0.105920158624806 0.0558261760943961
-0.410356030268897 -0.00758945046796027 0.0584851235583931 0.0336072341373744
-0.411259239205114 -0.0238503090847251 0.0568718865075139 0.0311940815144609
-0.334884175368017 -0.199392101672455 0.00136781310341544 0.0525933872284059
-0.202990062639087 -0.361923600126122 -0.0406001075395462 0.0142848842571805
0.151224347129296 -0.529699177099294 -0.0143137054319855 -0.081047081129283
0.491135284504375 -0.278845483706547 0.0983473927650688 -0.0543434908825142
0.509229076289859 0.188798336430184 0.242351515052033 0.0610165875259919
0.3773063716004 0.505576925759227 0.218222478588586 0.187208756424413
0.407494444909415 0.476473618653543 -0.0549553765350073 -0.229742317843035
0.545638432885792 0.234828836127418 -0.119298478958682 -0.131159049359203
0.565162648395972 -0.183015402654308 -0.140511638711328 0.0313071945837228
0.271907268764699 -0.514521886360151 -0.0950244692489953 0.0597074823570957
-0.131189653216274 -0.424133016706101 -0.00715792690273067 0.0345039565236066
-0.28644802232862 -0.247486795868449 -0.0457372074150428 0.0182721655250578
-0.41249400019084 -0.106166289653861 -0.0353901578037318 0.0217814351161969
-0.410385421488249 -0.0271739984350102 -0.0820266983822188 0.0292574344040658
-0.404901294790129 -0.0414279095978293 -0.0842600461047411 0.0167258120185599
-0.32227750417739 -0.208780024360659 -0.114745521642261 0.00416129525490187
-0.186675093119158 -0.354932948005501 -0.104319479287506 -0.0616515573030341
0.146030910960963 -0.511963305068242 -0.0385194531129837 -0.131788655009882
0.474512581870175 -0.28241797148825 0.0696607377634033 -0.0788202939704232
0.510378512131372 0.170139694606437 0.14619128045878 0.00671750088808799
0.411074706934067 0.500904211963707 0.118329327274686 0.00703358861864082
0.393253625659784 0.399856620469697 -0.144580168488663 -0.398432139062419
0.497195121468996 0.183621601411939 -0.222256251313796 -0.203195309735568
0.489890676626741 -0.171311011000545 -0.148418202538252 0.0152091756887151
0.229043417546124 -0.44018756776901 -0.0788567306225396 0.00717577842640835
-0.104749335066741 -0.362663589677752 -0.0434700121792285 -0.0613998526818312
-0.239155738220716 -0.22265733292392 -0.146854381817923 -0.0682255176153846
-0.352198402737353 -0.114986255965369 -0.172745953787346 -0.015224945350998
-0.348214940187859 -0.043311281749878 -0.209607883493791 0.0204483935271493
-0.337400878232666 -0.0583414239743888 -0.209012426052961 0.000630344624369675
-0.254892566734409 -0.194166977402397 -0.208800331022785 -0.0454089585395568
-0.127659978720647 -0.295581340892585 -0.145403228539368 -0.130126509763801
0.137917232595117 -0.400512240180664 -0.0442932152241321 -0.164961874828488
0.387169885095034 -0.214163654336608 0.0506593962823684 -0.0867000546121867
0.416942977282313 0.143449843533958 0.048822406884285 -0.024656300367859
0.367672083467292 0.423490919470996 0.00783041086766561 -0.144640373520267
0.315566417360781 0.255782045319782 -0.21919904199371 -0.523694318325597
0.353854835628493 0.0960983430998359 -0.300115748256766 -0.254176199675573
0.320533501728796 -0.125889402887182 -0.1436298937819 -0.00574308589818113
0.143132216667579 -0.281987441495784 -0.0595283268165481 -0.0399293941024457
-0.0581834766051499 -0.233363983328683 -0.0748517995800848 -0.137294899503999
-0.149509196911013 -0.158366623161473 -0.224800472221038 -0.137527625818285
-0.236140107957615 -0.103328556746499 -0.283577462856782 -0.0457811581890281
-0.233218408025509 -0.0544570282984877 -0.305945497251535 0.00922750640916015
-0.222215406438707 -0.070116832381182 -0.30014446119706 -0.0185970335435776
-0.152225497666381 -0.155478021827465 -0.26347494447513 -0.0932061245346099
-0.0495569482588905 -0.199840326807797 -0.153227711469005 -0.183987707719298
0.113971883084837 -0.234394227405549 -0.0261272980709654 -0.174630179168857
0.25033165807053 -0.113340620615038 0.0463786248264928 -0.0797568303568467
0.265098430711768 0.102000559813457 -0.0303458148898655 -0.0374180887542578
0.26944890343508 0.286821080336284 -0.0903278436734555 -0.251807364802004
0.184178446205937 0.0726006137792033 -0.262736011930397 -0.582236774481
0.153982209736342 -0.00323249407153612 -0.34628269860334 -0.27484349822442
0.103134337806164 -0.0611553189083371 -0.135467810393714 -0.0194672937609286
0.037741409018353 -0.0833061940599561 -0.0417798961836561 -0.0654082660141738
-0.00190215439058758 -0.0702655431525806 -0.0947156604788057 -0.17788104370129
-0.0345523994792411 -0.0709740867961787 -0.26572297880348 -0.177452626325404
-0.0795170447252908 -0.0772589204148501 -0.350559347799247 -0.0654497326762467
-0.0828078979449654 -0.0574147246044096 -0.356404711455412 -0.00255339694635847
-0.0766278642223309 -0.0707346082913669 -0.346355775302376 -0.0408187160468946
-0.0355434920841087 -0.0951762273909511 -0.275631762139814 -0.134972049666378
0.0224760519631302 -0.0835404132344229 -0.129390026405453 -0.217677087013251
0.067632335986026 -0.0603309720135955 0.00773420385180513 -0.165407574507214
0.0902101029902596 -0.0196800981455743 0.0509455331001743 -0.0638283774393213
0.0984358293764275 0.0392157741232776 -0.0837617903033573 -0.0396684126751598
0.144125018035176 0.114508394274697 -0.162577137316832 -0.3081849438973
0.0184531144149964 0.114916294540267 0.250761084461552 0.279039402184453
0.0758096796667467 0.052672051064511 0.17906536335125 0.0365339977027808
0.0907646154230356 -0.0485130646534732 -0.0655678249204183 0.0224092147676268
0.013495170453656 -0.111011896937039 -0.0543663480841662 0.146328445300295
-0.0718336868791335 -0.0505281211671674 0.102497075552641 0.228317262310273
-0.0734954372859456 0.00742460763403688 0.278946237445638 0.179027711534202
-0.0783766372228377 0.0553557938255672 0.362797425793838 0.0495924662708236
-0.080390586943543 0.0555255245040472 0.357252433182348 -0.00829399211676569
-0.0864640257227881 0.0482729741105581 0.363673868060058 0.035988355757673
-0.0890095304924804 -0.00241968100607084 0.277803195215946 0.135987645090097
-0.0735850407627344 -0.0702538901959074 0.123396000973374 0.182305859499034
0.0245896037454385 -0.120700366320559 0.0541204575309833 0.0794867657687908
0.098864197603458 -0.0302796262051214 0.131484546358687 0.0445689428587093
0.0425535655059085 0.0634521401150938 0.318492325229293 0.219419697446539
-0.0211437980258909 0.0732025743378513 0.302192244549392 0.584725315293173
0.169365560259534 0.262197534759056 0.19995602058963 0.220813674445973
0.241979511770692 0.120309881292852 0.145254866602072 0.0277162370577852
0.257826018664079 -0.103636599972114 -0.0787729975310727 0.0278276836739927
0.0954481754695572 -0.267063150976219 -0.0791221602591506 0.139726403814093
-0.114854836599803 -0.184788906447208 0.0803534025694608 0.219856565443623
-0.176195396418517 -0.0725155178025769 0.236826603892719 0.181817190043738
-0.228847455663117 0.0276757133044759 0.321254281624303 0.0614473377106302
-0.232857209947773 0.0545754520383904 0.298333096491476 0.00560065460504912
-0.240718454305449 0.0359482126423882 0.302029071692822 0.0337198115957278
-0.210995838718729 -0.0835329249254002 0.217341758286594 0.120541695125539
-0.14034414830457 -0.204443530832453 0.0858160847230254 0.145565788227086
0.082706178108049 -0.309770159738238 0.0367932228522893 0.0332868505618604
0.28126523050567 -0.134552070449196 0.135979852261129 0.013760553931544
0.248578080303509 0.132313644916847 0.34307300943137 0.173659362339807
0.15229407533955 0.268143644763382 0.332013336819937 0.496240926369674
0.299569515250587 0.382699478312087 0.126523277874571 0.10776636163532
0.396098539352729 0.179327378716905 0.0811396933153938 -0.00205481995069294
0.413433699064809 -0.152341874950136 -0.0970581338518587 0.0369908332781733
0.174712028948957 -0.407472045509167 -0.0938182574010013 0.129183069974256
-0.144557950163365 -0.309007707619317 0.0581430776552376 0.185708825471333
-0.257105854204653 -0.150779676483683 0.164124633440374 0.155476655003763
-0.347607042421704 -0.00932801172395061 0.23161433478454 0.0611813096561919
-0.350199081664839 0.0451898160141824 0.194658180756144 0.0196623262084943
-0.356802707136774 0.0221953052199835 0.194389238597877 0.0309236272553711
-0.306326824503405 -0.143590606269978 0.122664230010613 0.0904917918467336
-0.199943283563277 -0.303087142793336 0.029130279259865 0.0870401433577051
0.109471459659732 -0.46475554794195 0.0111863043752158 -0.0226475319101
0.414526549387585 -0.241310764482703 0.125302734320499 -0.0248782371233273
0.423888643548822 0.161948832073784 0.321434753301172 0.1090374780591
0.311756975343369 0.41116895133409 0.30792786461417 0.348128652067916
0.396363038460549 0.455654721299863 0.0343761021060557 -0.0490305448945037
0.518547420480921 0.212524686591443 -0.0135622680732041 -0.0549859159305053
0.527831587492205 -0.200581258042894 -0.120718188359809 0.0449742732802228
0.227303202478784 -0.513674579138601 -0.0974404137300187 0.108563869389205
-0.163714529666693 -0.396889364870163 0.0302310954586662 0.121243965578273
-0.306226036372965 -0.208674779638071 0.0681176002827968 0.100020385463098
-0.416982503634178 -0.0467759489164607 0.106189072019349 0.0471492392867816
-0.415602557851591 0.0286923554473608 0.06124548713546 0.0307750975021881
-0.416888001258364 0.00771945486172381 0.0578932061433679 0.0271996494035408
-0.353971983835016 -0.176717305725928 0.00514173301861324 0.0527984756163387
-0.231230936787626 -0.35215281738604 -0.041029973557921 0.0171068563488629
0.111850632890357 -0.547126983972613 -0.0215956182982217 -0.080242601494777
0.475347403962704 -0.316873228867853 0.0979059823397377 -0.0593366788727473
0.526065501909015 0.156937925170461 0.25099414816704 0.0440425785638419
0.418320154763831 0.48258183945661 0.231270167835699 0.172864207233517
0.442750838516124 0.454459494991105 -0.0697433480673301 -0.226183393059501
0.56875212350291 0.202260510983555 -0.128162751707802 -0.12213695662857
0.560124642441287 -0.226313666210563 -0.141206224411546 0.0424063705121786
0.236085121501154 -0.542743101048511 -0.0922499758761491 0.0685895397066597
-0.162149231532977 -0.419583673020926 -0.00689019227154542 0.0337572923580125
-0.308830713125635 -0.230281958102238 -0.0437299692456888 0.0248418062366819
-0.424658450276058 -0.0724239841638255 -0.0384692437149643 0.0233926354909539
-0.417258153401716 0.00822911039669526 -0.0803200913701463 0.0365612514479633
-0.412152476526128 -0.0113270996518235 -0.0850657760106511 0.0235826340534942
-0.341244015676599 -0.186407673360042 -0.114913247737883 0.0127385887876204
-0.214713321784213 -0.34602732176216 -0.110653725319405 -0.0548908010710125
0.106559342609059 -0.532065146952031 -0.0506578797623875 -0.12889255561415
0.458724136921661 -0.320133234309624 0.0665527618159585 -0.0825259960895147
0.527630375594684 0.13765875537611 0.150429479960557 -0.00390902337743252
0.450756115103923 0.475453731452081 0.11699881527664 -0.00209918093861532
0.424396401592859 0.378659662647717 -0.171810706952513 -0.391795358291889
0.515215833698991 0.152809144666498 -0.237172018242406 -0.18794366882544
0.485163822786941 -0.210193192753353 -0.149905867925115 0.0264292082477544
0.197602610241715 -0.465428636045541 -0.0788510802572443 0.0146967429374442
-0.131198204090804 -0.359407728516272 -0.0498423488244581 -0.0593108112363815
-0.259025535158596 -0.208673614319374 -0.152189304905732 -0.0544182024407205
-0.365147410304502 -0.0858727072494441 -0.178890450500766 -0.00356412448672194
-0.355559398850133 -0.0136667381687477 -0.209579165631916 0.0368316528185936
-0.34541969730671 -0.0329629292358078 -0.211021005556617 0.0166364641725261
-0.273092987917961 -0.176448510447409 -0.212377050593351 -0.0301566898380679
-0.151068935736018 -0.291266422396021 -0.157962972521951 -0.121372261242357
0.106337386630074 -0.416233630863566 -0.0577996090916495 -0.161632574665327
0.374699282855481 -0.246410872481072 0.0462273692965039 -0.0892885055613529
0.430379413692633 0.116731080042734 0.0492395106514233 -0.0290723211338945
0.401020152645864 0.39908830535695 -0.00504565406501 -0.148182895954183
0.336470722544729 0.237546322229137 -0.255792227083663 -0.516191936065222
0.366540847786976 0.0749767724976053 -0.319745090750873 -0.234874218205859
0.317655012168789 -0.15056938629577 -0.146302785518453 0.0045367024414321
0.123164718723389 -0.298113470543393 -0.0622853040106662 -0.0350241220121525
-0.0753080678790286 -0.231992501578548 -0.0858273371108125 -0.133564735816657
-0.163184707148523 -0.149040707207359 -0.236604105694716 -0.118511308190073
-0.246631658382676 -0.0831403535927455 -0.291484011001783 -0.0255913548835316
-0.241075119998638 -0.0337955838991954 -0.307094991527244 0.0321908636541374
-0.230063797643296 -0.0538304887109882 -0.303060087678097 0.00379764922514788
-0.166207355862736 -0.144696439736428 -0.270431749030513 -0.0736140761284212
-0.0650192019783321 -0.199741950198672 -0.168759442700544 -0.174258482037751
0.0965079389567343 -0.246710524905353 -0.0395202270613287 -0.173890923875155
0.243101058613589 -0.134401272899283 0.0422044073862561 -0.0818534051366733
0.275058291941818 0.0846286509404933 -0.0316441230763995 -0.03604124284402
0.295004695376648 0.268174160916806 -0.111053948815919 -0.250725810787138
0.191208263376941 0.0622801758940054 -0.303126934836633 -0.573580470118828
0.157845184675597 -0.0124088577793121 -0.367984770579644 -0.253275326023866
0.101375821441183 -0.0695173804466411 -0.138203381017385 -0.0107561159666627
0.0319765101691411 -0.0881651727727837 -0.0452546852025867 -0.0620307212523099
-0.00619029948315836 -0.0707185886694484 -0.108103258322014 -0.172094072696327
-0.0398593852341498 -0.069339658597059 -0.280607957448273 -0.155739197927466
-0.0869795295831242 -0.0703812670981736 -0.358577726014589 -0.0395287406374844
-0.089599030570936 -0.0499889612651239 -0.358801638243907 0.0231743422536498
-0.0834834584871771 -0.0650487369022173 -0.349934371146256 -0.0146411932467041
-0.0444773615801896 -0.0925170592370486 -0.285423831423387 -0.114570048937547
0.0155883498199173 -0.0867269038725405 -0.14686749733888 -0.210128639853425
0.0620936587522189 -0.0672053748500478 -0.00452806346893401 -0.166567320894853
0.0888329052774211 -0.0284328148921078 0.0468162733475678 -0.0667684161802262
0.102470947866845 0.0325631819774213 -0.0861941370269616 -0.0339673792543454
0.154398475727916 0.103702455967452 -0.187471873671285 -0.300826069390226
0.0233658236451647 0.111293602890459 0.262193859764527 0.266372223095801
0.0751067094322696 0.048095608076293 0.177963556563017 0.0278183670628238
0.0856814598735915 -0.0528198754557515 -0.064441423532197 0.0275878316818145
0.00740330875296544 -0.110585334067992 -0.0465193131921657 0.146918112822419
-0.0730528234199652 -0.04694507914945 0.110704538606111 0.218373426526802
-0.0723121318602449 0.0100686161516006 0.283931097003286 0.158856767857627
-0.0731636209932509 0.0582940157371574 0.359154351367162 0.0289929571669242
-0.0748570886038697 0.0599201552684684 0.350776151089326 -0.0273731634130573
-0.081892175591961 0.0521084628328637 0.358059682474677 0.0140713580701386
-0.0869797828517192 0.00120958359024844 0.280001054997503 0.117975202653525
-0.0760981976872723 -0.0653556505756992 0.132705935882185 0.174091164279784
0.018004082303756 -0.119995064812692 0.057525774495782 0.0762295213150473
0.096320340692643 -0.0335713512063284 0.132805932332083 0.038202577126176
0.0444022323791501 0.0609233652742743 0.324537301829687 0.201136273843936
-0.0172458643751996 0.0727908985234883 0.327992806494778 0.562376854191765
0.178946643501789 0.248733182446704 0.209651501392753 0.212508067638855
0.242117245262842 0.106712542403795 0.145462327560779 0.0214127561495911
0.247696202005703 -0.115572391302281 -0.0767993970966167 0.0335806428895598
0.0786656850706645 -0.270116180203943 -0.0721292622074875 0.143045229087036
-0.122145852712673 -0.177458829785543 0.0884881227990553 0.211926898998011
-0.179167244475666 -0.0630916140102912 0.24314129196369 0.164762274393428
-0.223507371925028 0.0400649622700887 0.316735040371418 0.0429904440725627
-0.225633894216621 0.0693427401838636 0.294119043564514 -0.0103036360357639
-0.234896748226025 0.0489725363454922 0.297027621199659 0.0156918112060003
-0.212102432394715 -0.0716241302000704 0.220093302164422 0.106139417802461
-0.150170911826086 -0.194866975068654 0.0927839998580919 0.140086572133191
0.0640662546252507 -0.311428934827584 0.037792570908562 0.0319102034000261
0.270769266319093 -0.147214797795703 0.136750911643264 0.00749686459952697
0.252358437873303 0.119469963739363 0.347590050041394 0.153789395296928
0.164930441514989 0.25529175777144 0.352007027415715 0.47281217993212
0.313908425270102 0.363048360308805 0.131350388053845 0.103896039870986
0.398306712593092 0.15866088063104 0.0816874174229899 -0.0046054646648841
0.398524200274059 -0.173259112858706 -0.0946469473481485 0.0433956578238364
0.149040927466028 -0.41434085136698 -0.0870260748832791 0.134362516254066
-0.158366293716459 -0.298697345902452 0.0642089939791609 0.179069330095331
-0.263958417701588 -0.135247325818453 0.171447090671806 0.14434011168296
-0.343378089860625 0.0110134815136848 0.227397261359163 0.048174640937804
-0.342210824375332 0.0679411505468917 0.193222102402182 0.00964887690782673
-0.35092376304004 0.0419855714303806 0.191018669984831 0.0191157518134236
-0.309904707707304 -0.125552893808156 0.12476176262775 0.0820901262030459
-0.21454746575768 -0.290257087025447 0.0335987118162538 0.0850466255767769
0.0807175100087199 -0.467221046193062 0.00882427600142812 -0.0214348541506651
0.397311232925903 -0.260875872400865 0.124227304216499 -0.0294395697042698
0.427124821752349 0.139963347347095 0.323582096580011 0.0912898596868593
0.32798911264091 0.387301401168596 0.319515995987189 0.329171637138469
0.41310653702726 0.429623497530641 0.0330259916334066 -0.0463158961531016
0.520278112030359 0.184141277503765 -0.013955355054222 -0.0518106424880333
0.510657880980064 -0.227852590107787 -0.118048888653183 0.0524023603893977
0.194267387734909 -0.522381558292599 -0.0915607832517581 0.114057097150747
-0.182108716027381 -0.385635677733313 0.0334007110301385 0.118161583154166
-0.315932755457757 -0.189848127556334 0.074268091172107 0.0965204824549583
-0.41403864234389 -0.0208423754821764 0.102552612496925 0.0413207666467112
-0.408097330430793 0.0555219266722507 0.0625559519032349 0.0271778859989926
-0.41116254134684 0.0316947788758411 0.0567262246894254 0.0238224578080991
-0.359586642774821 -0.155485448599127 0.0075427394294775 0.052180015511698
-0.248308561266186 -0.337324246560805 -0.0404055927044666 0.0194621424418639
0.077373276326526 -0.550617757956328 -0.026691822438562 -0.0766204530457857
0.454531489400405 -0.340274627306752 0.0956805506676477 -0.0623231533235188
0.527520954648018 0.129030515766142 0.251661994007272 0.0302849978227159
0.438381013288437 0.453318066503102 0.234596258432355 0.158073119585865
0.46057319702715 0.427547250892393 -0.0786513416328942 -0.217721363366667
0.571576222418548 0.173553199996721 -0.130462485886857 -0.113064755573127
0.542928539012089 -0.254511097247581 -0.138843153152016 0.050313035284725
0.20116483478531 -0.552924448363778 -0.087395199116401 0.0748798767530852
-0.182100087392461 -0.407751896064649 -0.00789554060364061 0.0345349232559779
-0.320115110809117 -0.211546811916033 -0.0401402448594454 0.0292131114519767
-0.423168292469606 -0.046187222077584 -0.0409010654863882 0.0261701732060915
-0.411033596397565 0.0360081003909604 -0.0768427022496877 0.0410117421729649
-0.408215206941927 0.0135695120488452 -0.0836786891398004 0.0283731701779441
-0.348451703787271 -0.165636929513446 -0.112572845046011 0.0189219631055246
-0.23169420540799 -0.333338485047892 -0.113398562323233 -0.0477921529172645
0.0729239591375462 -0.532565590589281 -0.058145059695299 -0.123476108226062
0.436415747171534 -0.342616592430793 0.0637714047758481 -0.0836019407685187
0.529116837462859 0.109761361897904 0.149764699825485 -0.012876049924025
0.470722684815178 0.444988792741756 0.113128526271148 -0.00919505018640066
0.437883589163906 0.354136669412922 -0.187985495397621 -0.378588669727495
0.519820048638972 0.127797332502658 -0.242191638180599 -0.172622050723802
0.472419571125484 -0.233608989303786 -0.14840604982176 0.0339463495987152
0.168164907862998 -0.474985219683319 -0.0769219009480907 0.0206991117545421
-0.147918349750083 -0.350248151812692 -0.0537582569298552 -0.0557354137815051
-0.269257726176251 -0.192885348746643 -0.151326862683529 -0.0422995778249922
-0.365195547546174 -0.061392384980618 -0.179846128272678 0.0065499986889037
-0.352142588453609 0.0110035573140887 -0.203846898870049 0.0477840739941103
-0.343098267031028 -0.0114400786663231 -0.206632934666129 0.0284974422169358
-0.280994604666879 -0.158524165518621 -0.210054434339217 -0.0176747221027941
-0.165259059988902 -0.281444039508671 -0.16342780150937 -0.110608982122907
0.0791640444658186 -0.419264943622908 -0.0673234749183852 -0.155597140446338
0.356680884891049 -0.265282361278483 0.0427431590795878 -0.0889050651604093
0.431752499091396 0.0942247060213426 0.0489573065806187 -0.0322298590429369
0.417862263174447 0.370625363694602 -0.0152754621493241 -0.147785489701993
0.344417150994347 0.220414540372857 -0.276257657591668 -0.497830341587984
0.368930582654686 0.0577241237470326 -0.326525574671594 -0.215859625190136
0.308387397068166 -0.167454689765522 -0.145486108515403 0.0118311335558681
0.105319182911859 -0.304039913465295 -0.0622335199047306 -0.0300055262816803
-0.0854820916679046 -0.22656488795023 -0.0928607308313209 -0.12632519345821
-0.17051103671966 -0.138635470625412 -0.23801578813196 -0.100978717127867
-0.248634691636765 -0.0654301912950031 -0.29073699535223 -0.00887382116329194
-0.240282597519361 -0.0162306644255441 -0.29987128873798 0.0482853090615877
-0.231031288111349 -0.0387267962051477 -0.297602584887482 0.0213326193169169
-0.173763581672327 -0.132956795760095 -0.268705370990656 -0.0578299089283862
-0.0755633255004609 -0.194613341338735 -0.176790507649431 -0.162907563981441
0.0788741269861607 -0.250791988626167 -0.0490771173242648 -0.16852824624408
0.231823269529287 -0.146877687385898 0.0386796992237034 -0.0820013728907143
0.276099580569923 0.0696466874731503 -0.0312131770375469 -0.0350005525830919
0.305113431726669 0.247032876376768 -0.12492337174557 -0.243332561182283
0.192626909398759 0.0529926299846502 -0.327685886173613 -0.553882769617131
0.157562482629006 -0.0193546978268961 -0.374879473110633 -0.232061271587449
0.0988015864126347 -0.0749945229876151 -0.136930126650555 -0.00431476027878638
0.0266541935993798 -0.0900294057270253 -0.046974515123003 -0.0589321492760848
-0.0093893363117016 -0.0695779640460313 -0.115219283280202 -0.163452044022839
-0.0429819031413426 -0.0663765850117778 -0.284536817646527 -0.135851525930425
-0.0902933653701965 -0.0616914170453272 -0.355580713793333 -0.0191007886083336
-0.0919054880746639 -0.0424357344794764 -0.351351280185394 0.0419916029347046
-0.086765215475775 -0.0583178572580333 -0.34344306360994 0.00490426051550208
-0.0503901756048505 -0.0878770062600884 -0.284915082300012 -0.0976765654268189
0.00967051688671848 -0.0880372196663527 -0.156964692075392 -0.198416860439992
0.0553999173113855 -0.0703089159218052 -0.0132308347429308 -0.163218325296019
0.0851492095608625 -0.0348295340977314 0.0430695761211628 -0.0676341626596711
0.103739247114282 0.0265266265814107 -0.0853965428811459 -0.0294929178619055
0.158559407207642 0.0929838436654719 -0.201309928286662 -0.289886915091621
0.0254771359888418 0.107931297941941 0.267432746893311 0.261308383211045
0.0732836758332206 0.0466999527998872 0.176839505764781 0.023091190664058
0.082448904469512 -0.0545458180759417 -0.0626251047537162 0.0315108252563116
0.00347207111569663 -0.110425539213219 -0.0427723933740763 0.147869717690735
-0.0739207367976709 -0.044980325146037 0.114354565059568 0.212371464385623
-0.0720066895012552 0.0113911061108959 0.284752326380108 0.146390781232792
-0.0703666625869483 0.0589155791335785 0.354522622590187 0.01792874411277
-0.0710947614562911 0.0614031514766834 0.345193615780256 -0.0364548574905387
-0.0786330473463647 0.0538170316080865 0.352300148576761 0.00220801797008942
-0.0850905974148203 0.00312030623868107 0.279139733866929 0.108155555418751
-0.0766539154663258 -0.0623751037750687 0.137357865465328 0.169146295069016
0.0145117407796346 -0.118170136682515 0.0590357167773356 0.0740209939964515
0.0948811832583858 -0.0353519668500998 0.133151424568208 0.0350846321344802
0.0453860578596043 0.0596390370134553 0.325965666793533 0.191111823268981
-0.0157796191354628 0.0717717075565699 0.337570126497614 0.551681673495428
0.182825965457272 0.241409207553275 0.21397675844883 0.208719284815067
0.240196969482319 0.100159279083477 0.145030927651618 0.0181017294332994
0.240907592835487 -0.121158530901435 -0.0752377233737135 0.0378609439186814
0.0690335351040061 -0.271341574387405 -0.0680116956025226 0.144625138212262
-0.125662333620831 -0.174142649730585 0.0908207345900373 0.206844698103043
-0.1806852253144 -0.0573705603559311 0.245256066384547 0.155295264028478
-0.219220690566973 0.0467650937308583 0.311854653730353 0.0340278259998533
-0.220107159223919 0.0776122075609397 0.289929202808054 -0.0169082171274257
-0.230983044612448 0.0552748369867335 0.291354042685741 0.00694657734313033
-0.212212234714721 -0.0655882993637033 0.219572938345628 0.0984375457409581
-0.154514345172787 -0.189243572630824 0.0965979200152506 0.136211294830004
0.0533660205847005 -0.311108285616623 0.0377014858320957 0.0317180746335208
0.264903239660539 -0.15313929414497 0.137321764700458 0.00503709494032549
0.252797298965229 0.112419203989026 0.348008187461842 0.144540036963171
0.170191813399272 0.247475802704894 0.358669314397506 0.46197901274611
0.319642737852579 0.351955112844841 0.134408525710982 0.10407012073903
0.396122424552858 0.148633501405376 0.0821175022583458 -0.00553985345696319
0.389091773472169 -0.183827556415023 -0.0929327161113173 0.0486499502586192
0.132814074964788 -0.416570643948537 -0.0824790970826322 0.13729003649722
-0.165347127866585 -0.293358451581872 0.0659227309554935 0.176709523832303
-0.267139397661391 -0.126139678123236 0.175127412706595 0.138172998707752
-0.338674105740188 0.0224947926184907 0.222627360814058 0.0418933084993734
-0.335761392226374 0.0813164832625941 0.190785961695159 0.00487808059077277
-0.346361823713298 0.0540205858501062 0.187395672478178 0.0136130333635065
-0.311233716023357 -0.115527336381981 0.125415691742791 0.0776703947520474
-0.221273620283222 -0.282478781359082 0.0355897601325169 0.0839584637027758
0.0641333493527933 -0.46752548195867 0.00724182478587379 -0.0196582679616915
0.386653297869463 -0.2710437585782 0.124988623570806 -0.0308563795964564
0.427950869566841 0.129071353923301 0.323957962969796 0.0823905253557537
0.334756446363411 0.374011357954071 0.323313740933273 0.320277567078775
0.418782826030514 0.416779060166018 0.0330120276833203 -0.04387765712665
0.520482184921558 0.17175858721424 -0.013112741404844 -0.0500003250287006
0.500488703530824 -0.241934535406332 -0.116402178578805 0.057578911669335
0.174741641761627 -0.52632275620732 -0.0881005490843434 0.118251156451602
-0.190761279847302 -0.379132831653343 0.0335301497627702 0.117916430107485
-0.320977525784868 -0.179805760659706 0.0785113144309332 0.0949579970087164
-0.410650705373101 -0.00600300619452413 0.0985854149405562 0.0395291751430345
-0.401383138650485 0.0721320554680626 0.0626962308782305 0.026340508160855
-0.406806191190945 0.0454966014830263 0.055056863118797 0.0217841228571227
-0.361260944625646 -0.14333992762896 0.0085825484188208 0.0514060835827973
-0.256218493466057 -0.329061371639621 -0.0401196014898633 0.0215561917256089
0.0577951087913262 -0.549440044429619 -0.0299881356922536 -0.0728863651444775
0.440815543733411 -0.350424055691611 0.0958239910691795 -0.0632298874839607
0.526720835102903 0.116101188475494 0.251234749777158 0.0233263733216187
0.448795482304214 0.435248499633641 0.234185168424694 0.151057688378589
0.465417159554466 0.413892272046454 -0.0819067694946248 -0.212290678448123
0.573337682561969 0.15946406282202 -0.130477301443627 -0.107969842500818
0.532799489087922 -0.269260754919717 -0.137124990244222 0.0552946646527183
0.180914276940917 -0.558373450234823 -0.085220759561836 0.0798721301446325
-0.191633483984303 -0.402069940996873 -0.00945279305648131 0.0358721326012791
-0.325472223877703 -0.200392966179841 -0.0362070159838853 0.0326287899084745
-0.420141316911679 -0.0295883772615097 -0.043727557077345 0.0284852247461144
-0.406036150874885 0.0540403013084285 -0.0743854030226258 0.0434567217485214
-0.403458156023116 0.0269584185243604 -0.0825652952834076 0.0308180260995599
-0.35070033030662 -0.154025752734282 -0.110262687143941 0.0223538910434534
-0.239747233810963 -0.325090991884481 -0.114813996007792 -0.0430309282538729
0.053724805240605 -0.532190451432707 -0.0618596719695109 -0.118951619897232
0.42320798343302 -0.353512327021711 0.0635117387063976 -0.0832088330668714
0.52743449052452 0.0981349031067971 0.150128581025395 -0.0175498592413578
0.478529067911711 0.425019587808545 0.108557323992418 -0.0126724188026761
0.442396506951909 0.342511928134854 -0.194490021107717 -0.370228051622351
0.522079791453507 0.113836655223128 -0.243514044338305 -0.165068645653965
0.46293251412556 -0.247288111137739 -0.147515338320604 0.0391560972284576
0.151845576777984 -0.478437389901089 -0.0762323540584873 0.0249091827830694
-0.156349309639147 -0.345986636050837 -0.056524716857373 -0.0511165383601343
-0.274012869927282 -0.182630497196881 -0.148481048164236 -0.0344707687880678
-0.364767972022118 -0.0468830091972063 -0.180744513284897 0.0134955703353456
-0.348235992362508 0.0267943541850881 -0.200038949709628 0.0527477878645041
-0.341473766961513 -0.000626731777063631 -0.203540735561164 0.0346539196904643
-0.282693027007098 -0.148154161527372 -0.208021330005573 -0.0113936755735968
-0.172596006639756 -0.275947619644463 -0.166513529681371 -0.104284629800618
0.0639889370596659 -0.419006101114749 -0.0716949502644291 -0.150709291164173
0.344888781081773 -0.274078719394208 0.042552356906787 -0.088384111931026
0.430388835897075 0.0828392518904414 0.0492708731781878 -0.0340911101700178
0.425389681234382 0.354064191112524 -0.0216061842197148 -0.147748310773099
0.347158450618668 0.211770588588609 -0.285459604299585 -0.489169023302973
0.370610902729579 0.0494933679544385 -0.328303924782428 -0.206159362807802
0.303890809842301 -0.176059423169876 -0.144768697856104 0.0156540189145192
0.0947842748811029 -0.306903891866095 -0.0627670328698071 -0.02617281969987
-0.0910284428821261 -0.22363961343392 -0.0961099138647566 -0.121329158033027
-0.173338951887394 -0.133085317168312 -0.23654755372683 -0.0905385009431945
-0.248286178725135 -0.0547492267571432 -0.290176780474526 0.00113016426333813
-0.238498013813612 -0.00498642910338308 -0.294314786545798 0.0551112298063852
-0.230455625645392 -0.0303188276848309 -0.291710185961432 0.0293416218709131
-0.176503801413017 -0.125299903694818 -0.266536156820927 -0.0497462175755869
-0.0817884443395169 -0.192361532224445 -0.180711648951168 -0.155161071566514
0.0687066733147812 -0.251539287823326 -0.0543068114661881 -0.164590612261371
0.224370433712282 -0.154305905159011 0.0374092292299445 -0.081110403124442
0.275854329063848 0.0622636234427936 -0.029873710202016 -0.034061965408193
0.309551580446387 0.235306736674815 -0.131667047699179 -0.240291504270792
0.192758060674085 0.0489069881096311 -0.33668245848527 -0.543338515048022
0.159414058778149 -0.022914210171468 -0.377872365201862 -0.221958035335234
0.0980020745521952 -0.0780496031651173 -0.136794411939828 -0.00116807897883607
0.0241383874015195 -0.0913792882434476 -0.0473552375109957 -0.0566681460346229
-0.0100670852948944 -0.069797892390964 -0.11777194040877 -0.157905797963805
-0.0443911695706449 -0.0649010328189352 -0.284754092818805 -0.123643923987849
-0.0915379751775699 -0.056772688413118 -0.352739658436238 -0.00868107196230382
-0.0929957840954295 -0.0368581171953881 -0.345931193743543 0.049904057399507
-0.0892131288500223 -0.0536260178552954 -0.33686421511893 0.0151957750982244
-0.053252844876907 -0.0844786905951398 -0.282901129355692 -0.0885011712337055
0.00598848626407964 -0.088419979724574 -0.162448452718215 -0.191418397926657
0.0516598578186304 -0.0724367689798708 -0.0185275491457248 -0.161238771584905
0.0822937645452216 -0.0385829753508729 0.0411017424075472 -0.0679437144734558
0.104172241895843 0.0229197001441321 -0.0834712185439465 -0.0270753598384381
0.159924315584392 0.0865708059725885 -0.208679526454613 -0.283880607296884
0.0446701579610523 0.0979325915703969 0.327840885541268 0.221195196936461
0.0780055996225492 0.0292373202557571 0.186846243742896 -0.00646705923582536
0.0657459550438139 -0.0678783178253791 -0.0476115077360835 0.0488785872164975
-0.0205303565364453 -0.104385636129691 -0.00473877915579487 0.15466288434426
-0.0779202863059771 -0.0283095689780763 0.156569671320278 0.184738478667254
-0.066307206773076 0.0218839897536755 0.310923345340956 0.0852552244283404
-0.0517182882413298 0.0686364104964918 0.348746839505487 -0.0550942087790549
-0.0554254451758759 0.0719394016087265 0.334605501488346 -0.10541196758717
-0.0624130251475633 0.0664090002350132 0.355092865128358 -0.071289643767879
-0.0794007055474028 0.0203271616782945 0.307678823774924 0.0480757087485587
-0.0835743739143774 -0.0424894912872666 0.178753961785908 0.139615909147716
-0.00852698818691904 -0.115218292838879 0.0784744032672632 0.0642311471385028
0.0852935192631014 -0.0505584690572794 0.144038032581248 0.0116784756771482
0.0575746248752282 0.0553943299500178 0.369445751069129 0.120187668494906
-0.000216359926300799 0.0829628994296944 0.4550985113426 0.488780933954161
0.220340302415113 0.195068193503042 0.263986390015105 0.192119798267854
0.249836080806696 0.0473892515963975 0.15631035078271 0.00279886794510333
0.202979477142505 -0.166702523560788 -0.0470036482253875 0.0656791747045564
0.00515764701072373 -0.273111178419428 -0.0160555728065932 0.157206143063292
-0.15531897628173 -0.142738536257042 0.136208235340891 0.175630582152211
-0.185592750276084 -0.0221731403625474 0.273505238755799 0.0950417159608457
-0.197454374158982 0.0917848382376818 0.30651038363643 -0.0420032862795151
-0.196643931362379 0.117513536281774 0.283854066568176 -0.0770372057123751
-0.209460286918842 0.098904996401142 0.297380082546339 -0.0543461831103709
-0.217967710289446 -0.0215385162782128 0.249679177738891 0.0497999066644623
-0.183187075869457 -0.150216005206413 0.13231783552144 0.114911094517239
-0.0102744964961413 -0.310907068032936 0.051921968830219 0.0291510987736947
0.226174060106616 -0.199087674636988 0.1461145184238 -0.0112438951607212
0.275208830498193 0.0643691464971991 0.370529332984542 0.071292679795713
0.220897204000661 0.21726011446547 0.441850684074351 0.392233459559016
0.373206096313856 0.27520598019832 0.161414612668713 0.111910491593663
0.41108370665101 0.0612673339199246 0.0903773967617874 -0.000250090706721047
0.332407186189036 -0.25749477223052 -0.0509898124062149 0.086750777126878
0.032125809060867 -0.427398550845513 -0.0188060891656073 0.154622457664695
-0.218438493084817 -0.250476471614166 0.107900874801383 0.143689676395687
-0.284823142386705 -0.0711908561058355 0.201426829001594 0.0861040342324186
-0.318453352421335 0.0967941213222085 0.218294591472676 -0.0257059380970607
-0.308881230478916 0.144916632420681 0.189653159540526 -0.0349167744323302
-0.323370905759708 0.11977738253761 0.194905887989992 -0.0250017765397167
-0.325770078016151 -0.0515095045331289 0.151869686098287 0.0490843475192861
-0.265963097683854 -0.228292218508257 0.0603315776448019 0.0748932578287696
-0.0324550367571606 -0.466201478379649 0.0129681026083147 -0.013970376988617
0.319977232810116 -0.337079777974793 0.13065256051418 -0.038575829269513
0.450644200986064 0.0429543688929722 0.323672827725843 0.017107539435406
0.413656535463333 0.304060471434741 0.363050507775272 0.252735719244117
0.481942363431335 0.317163133072756 0.0272968406974703 -0.0120744350722814
0.537145223235321 0.0579542463086595 -0.0138150252872867 -0.021175162770391
0.42716382591042 -0.33752166006611 -0.0642293752012466 0.105233834523822
0.0458037226410702 -0.542984611750128 -0.0176830279245558 0.136055245955413
-0.262543673728368 -0.32898685972729 0.0668112610510659 0.0860985263712198
-0.348633057630886 -0.110180320816378 0.0970529660492372 0.0584108344644614
-0.393639967278684 0.0868935189907306 0.0941096880981636 -0.00938797365374225
-0.375331931256445 0.15058750636403 0.0667532550396316 0.0115788867015996
-0.383630148549191 0.124866883624505 0.0651661819558339 0.0114458269657969
-0.381575235480931 -0.0684848424305241 0.0293935255452633 0.0474195713748742
-0.309811074078687 -0.267516155540105 -0.029836308621006 0.0281011436192091
-0.0563412263743621 -0.547154561229816 -0.0348479436737775 -0.0587867336370278
0.355735538586457 -0.427551239837615 0.0973647271988196 -0.061489674373707
0.546431703464987 0.00568460545550665 0.232998064948889 -0.0232917155167496
0.535269715098821 0.339249920557878 0.230261521485118 0.100870991897168
0.523985584253015 0.306763141672174 -0.124646384877727 -0.160797082321284
0.58636561303769 0.0354217818893514 -0.144084453349103 -0.0551698612634914
0.453173732397817 -0.373193899574388 -0.0830666056951022 0.108184103969316
0.0459234631630375 -0.575582071133498 -0.0203774057896048 0.0955079914292655
-0.269419929462732 -0.3518814338387 0.00855652946178472 0.0110538330035504
-0.357925549267762 -0.128695358147633 -0.0290802838176468 0.0187506203346933
-0.409643881136683 0.0675560786987441 -0.0480088488319436 0.00609084443481831
-0.383487127785095 0.134026139503154 -0.06651150869112 0.0558423892846758
-0.386450807941586 0.107360200125629 -0.071369359631464 0.0492922907403541
-0.373614976852095 -0.0814422134396265 -0.0978859189860234 0.0434447239604627
-0.294170886375626 -0.268438937170145 -0.120822996992957 -0.0206203402952903
-0.0555349598086133 -0.529310581476078 -0.0775910922634879 -0.098424850270679
0.336756178866174 -0.426944184975824 0.0599967996539165 -0.0757409592772613
0.542130779983984 -0.0128712707363646 0.121926809893267 -0.0413194651737944
0.563600296318672 0.31921682107392 0.0673467840584456 -0.0397188734915437
0.488886195464132 0.242568912630531 -0.272322198678749 -0.305413849827893
0.528551826838676 0.00434809575389111 -0.271677038538043 -0.0947309054661244
0.393099543566126 -0.335150194874613 -0.101795711146926 0.088977845664735
0.0359799620066994 -0.494245461707657 -0.0294035047752436 0.0386497708540335
-0.224689637051016 -0.304270837257035 -0.0576064116883961 -0.0628657978189667
-0.304975267459385 -0.120839457388339 -0.154211785017938 -0.0227298007951621
-0.360253478701233 0.0396780589474627 -0.18435873941727 0.0218389037490084
-0.333520024311916 0.0967250538546937 -0.18813072289009 0.0910130481378957
-0.332078885630008 0.0689322192309339 -0.192694731652821 0.0780850262118621
-0.307195063720331 -0.0888394911444582 -0.205067706647111 0.0311255857124599
-0.221267201371293 -0.233993231491351 -0.18679200381089 -0.0699331889487709
-0.0237971461520099 -0.422570185580521 -0.0976767482906104 -0.129436983917466
0.276241932089228 -0.335136632797206 0.0343910998972286 -0.0806485424776956
0.442883435735233 -0.00956858872116504 0.0208728310263932 -0.0375036926033518
0.495602322102825 0.258787251341677 -0.0876062527687494 -0.149230972348131
0.372096580997586 0.135844176137654 -0.390279047836701 -0.419152717172832
0.368498181083221 -0.0266731752802153 -0.369556175923395 -0.128976534179882
0.255539493173111 -0.233611303402284 -0.117570654709987 0.0574422065156011
0.0201640605587467 -0.316956217100632 -0.0411478963328883 -0.0154727495869301
-0.136540087565334 -0.199577666936847 -0.11396339344906 -0.1164155998806
-0.197592169282331 -0.0917169069405723 -0.253441114059777 -0.0549325800723829
-0.251886662793778 0.00709839924800326 -0.290999374788164 0.0386967187199751
-0.233738457384616 0.0442600135980876 -0.282146540309342 0.113262265979571
-0.231817287539948 0.0183500952937282 -0.283417959714307 0.0913179515943947
-0.199236884533945 -0.0882028277662305 -0.27502896812354 0.00644007447297206
-0.117835045976496 -0.171867386082185 -0.214795283863701 -0.1170144867078
0.0150182096177168 -0.259538032458154 -0.086310708178617 -0.149694787281409
0.184084608214214 -0.195224452196876 0.0265673681243043 -0.0792957145893198
0.285080801575145 0.00135764538313598 -0.0514110086085044 -0.023366610632961
0.354363769910882 0.162237684686659 -0.209358541899638 -0.218491081016641
0.19296549845609 0.00858245680906992 -0.455474766745865 -0.479193215449488
0.149432692741407 -0.0522713427544777 -0.426593277227699 -0.145038988712923
0.0795516496106069 -0.0961829402550612 -0.12970195227917 0.0290798639997535
0.00130828700031131 -0.0941719506670902 -0.0505216298668476 -0.0491333253004282
-0.0264277773492381 -0.0662089260587485 -0.147382814182382 -0.138806660775467
-0.0582359909344856 -0.0508138466680553 -0.3074656632603 -0.07037228941687
-0.102176499245476 -0.0304018789329598 -0.351123483146739 0.0526847455027682
-0.098537697256226 -0.0154111805210077 -0.333241084759797 0.119087209805688
-0.0999151416793207 -0.0325673139066929 -0.333995134643779 0.0857418498137234
-0.0719795076759324 -0.0724943937470969 -0.303324696385802 -0.0288366023550983
-0.0138671941075974 -0.0887480965044521 -0.20465622172212 -0.157361298343837
0.0350729542460426 -0.0824132367825697 -0.0530378310860257 -0.156472877270574
0.0714661991983934 -0.0548451955114192 0.0281464138389268 -0.0739905494018963
0.10761906886189 -0.00164906386668976 -0.09491319860162 -0.0078841307778648
0.175599042185174 0.046164657482528 -0.283765726024034 -0.245680757096752
0.0473458105843226 0.0984154636749644 0.3478662789337 0.222984508064331
0.079070480959383 0.0299437284816396 0.192868985818549 -0.0111198746497435
0.0642171424874363 -0.0700624497401326 -0.0451915328369533 0.0528306855460797
-0.0248840478759951 -0.106972772692433 -0.000699346217188325 0.159458704724716
-0.0815553990374309 -0.0269807645481854 0.165044457034445 0.186429761406286
-0.069098971102272 0.0244846809775835 0.32176019274463 0.07842272935173
-0.051325060563082 0.0717892853532588 0.357284645011249 -0.067168593332303
-0.0541188849606421 0.0756571776712624 0.342642398999982 -0.117465157620088
-0.0618216792793935 0.0700313019688646 0.361898981728137 -0.0834254649289941
-0.0811840570753396 0.0223086804918652 0.318409411157668 0.0401307112709872
-0.087289760960056 -0.0414425385533555 0.190308646726395 0.138428369470138
-0.0120557169958865 -0.118396407095819 0.0836570456523713 0.0641070096964453
0.0873898103046883 -0.054171189835286 0.149477580507791 0.00843215976191599
0.0606450199176645 0.0563631285033814 0.38362969235777 0.115433668313749
0.00158600284690936 0.0848062135257023 0.483515386699882 0.493301211172823
0.231520351227982 0.19425398330411 0.279984589930966 0.195121969251202
0.256755772531693 0.0436522012834595 0.162408050511326 0.000242505934834151
0.202147964229493 -0.176831605349965 -0.0442726599022277 0.0707723240337552
-0.00463058046018242 -0.281705951036398 -0.0110509967901277 0.163686683067984
-0.165095583025991 -0.143185003430122 0.144782478577244 0.17916854372024
-0.193456127221169 -0.01720518036174 0.284820927114148 0.0893608333639316
-0.200481793418186 0.10057532782542 0.31324276355125 -0.050458248788756
-0.197566112629029 0.128444829628769 0.290800255645624 -0.0852572384635525
-0.21260379611368 0.109051233242876 0.302888244817645 -0.0634223716339314
-0.226043762570133 -0.0164787645587963 0.258241448813445 0.0447611693216044
-0.194158763508397 -0.150334305050865 0.140899072272248 0.115485168909353
-0.0212899089127401 -0.321441037356457 0.0553067724921429 0.030066946485656
0.228772085685242 -0.212821980859771 0.152298824945441 -0.0148393531262163
0.286049822664548 0.0602900043530799 0.383542892493879 0.0649716314481428
0.233808505707464 0.216179014451015 0.467042598993509 0.395923348478116
0.390999100928115 0.273551993711373 0.17228643847288 0.114949071809773
0.424467719276716 0.0541117885752042 0.0950405285424063 -0.0021978795318143
0.333934446386896 -0.275698552975109 -0.0485017220839975 0.0936926874029463
0.017812463439119 -0.442341507763795 -0.0136253443367314 0.161312007628867
-0.234629657783505 -0.254337598370982 0.115295921116103 0.147974463340745
-0.297083274780479 -0.0641946445477471 0.211655473819085 0.0823690209637212
-0.324425669758133 0.109775707960083 0.222491876357177 -0.0296109098170702
-0.311537047333817 0.161329115324843 0.194460183128361 -0.0397298653523417
-0.329099348780241 0.134899952211574 0.198676642737729 -0.0300867922064967
-0.338548720876351 -0.0444453643563823 0.157495557094802 0.0470296143426134
-0.283399412821782 -0.228732197397409 0.0652731765976154 0.0767239750621783
-0.0490895973309206 -0.481605361467652 0.0141428106976076 -0.013346743256802
0.321294721048399 -0.359314915763878 0.13585983361876 -0.0426506724792637
0.468210533170926 0.0335887387882064 0.335499808344945 0.00940149224356458
0.435105874324925 0.302699437928372 0.38116760345935 0.253284832776858
0.504636820324312 0.314861935150451 0.0297753773914664 -0.00983606930107052
0.556830649255035 0.0470666472188021 -0.0132459938697547 -0.0207463708760998
0.430031812902861 -0.362893099214233 -0.0615114715999555 0.113645378495191
0.0294733187707211 -0.563964068034445 -0.0127575991068024 0.143702673625682
-0.282572060818641 -0.334694408223946 0.0725287930286583 0.0901517365193423
-0.364078687692757 -0.102343901557138 0.104982817972734 0.0568019632591223
-0.402871719870485 0.102837743143053 0.0950182650391795 -0.00869472117702655
-0.379791973526906 0.170626073771574 0.0687762655660946 0.0112550860452359
-0.392405509353188 0.14229796795721 0.0659747887299489 0.0114785772463104
-0.397686342672281 -0.0606983468535985 0.0312570743516437 0.0492522066044497
-0.329970246164476 -0.268525928092459 -0.029622518731297 0.0313857515761842
-0.0774711073207169 -0.565372753864339 -0.0370105167874033 -0.0568481595008313
0.35483072264587 -0.454477489117968 0.101709313839468 -0.0659669290969342
0.5655770966196 -0.00592156298105764 0.241441569659018 -0.0304775581583838
0.563131624348074 0.333588767568786 0.238520704389924 0.0989094798131366
0.550001190513462 0.303204330574946 -0.131596247937654 -0.160677930686563
0.608165798250781 0.0218052095535546 -0.149364300381401 -0.0527283053693886
0.457563929166082 -0.401200024475571 -0.0823614773606649 0.117677449692669
0.027725614340469 -0.598496021955538 -0.0158025412183679 0.102526239191884
-0.290755242269931 -0.35761177024829 0.0109086375042336 0.014616629861986
-0.374253642191033 -0.121849381409498 -0.0254775295763298 0.0197945548416165
-0.419617070081693 0.0843384070097533 -0.0512996974688057 0.011475913892331
-0.388522646791788 0.154112459035673 -0.0668010366582738 0.0602376980093508
-0.395702640847968 0.123644899529981 -0.0728705770100709 0.0539502727389446
-0.389528259141337 -0.0730038537576602 -0.0996525655049662 0.0484442426008194
-0.31370377203791 -0.269322777101867 -0.125357255616347 -0.0163826226950958
-0.0777851118738409 -0.545115828219441 -0.0824009204780795 -0.0963235075678336
0.3350652620408 -0.453485541161146 0.0626447926030663 -0.0799323664917604
0.56067730220128 -0.0275682145658927 0.12611945213677 -0.0469275572936998
0.591200729142106 0.313012972470527 0.065728987700593 -0.0423345108012946
0.512124566429266 0.238393999930655 -0.288349894062566 -0.308033662890759
0.548140750284283 -0.00993559096557292 -0.283445933882519 -0.0907939134816253
0.397069688755615 -0.361004553879226 -0.103186589808498 0.0976071792052275
0.0196359148931767 -0.51435593846874 -0.0261962612676909 0.0432698306594439
-0.242601243004928 -0.311026843776858 -0.0595768893661778 -0.0608645851743804
-0.31931112630014 -0.11579688293099 -0.155971496044284 -0.01875601840629
-0.369060988849641 0.0535868691885294 -0.191409962537404 0.0318554114136564
-0.338592995660713 0.113888910200981 -0.192173230005745 0.100022737189706
-0.340330473498952 0.0832016369579278 -0.196423596478682 0.0862043562441287
-0.320183902989163 -0.0831328753551689 -0.210342379724219 0.0385426316256798
-0.236941000701621 -0.236316700434827 -0.195168712765557 -0.0650238026766969
-0.040774030959252 -0.436052054078878 -0.10408555348825 -0.127725568806216
0.274582644148269 -0.355695385034993 0.036395393522838 -0.0845795156010504
0.456958766665889 -0.0212591075755692 0.0224760240038087 -0.0415536511660129
0.518497022962188 0.250484934882649 -0.0984221288930434 -0.152801637375718
0.387421338328552 0.131487385090101 -0.412786855071544 -0.42391270526801
0.383076131033048 -0.0379958726634002 -0.38489404835836 -0.124033954341894
0.25961732466545 -0.252658301131067 -0.12076477022142 0.064004604484984
0.00950248056150252 -0.330935640038799 -0.0409307526796963 -0.0134249966171991
-0.147583123168424 -0.205246484161253 -0.119059475539644 -0.116340047840341
-0.206728990576092 -0.0892286592297552 -0.259688733683039 -0.0487654548549429
-0.258284815725771 0.0162468064457874 -0.300605595573166 0.0505916235709689
-0.237735605732082 0.0564258242440391 -0.288329590903119 0.124419840969987
-0.238963093768232 0.0283248007512643 -0.289121684124992 0.101466532181361
-0.209228853559788 -0.0846917039544185 -0.282788404188032 0.0144087590545927
-0.128344756482147 -0.17481445764289 -0.224623389015478 -0.11320747170411
0.00465174895910436 -0.268808813922942 -0.0930309296713335 -0.14931625236132
0.182802920080401 -0.207962670504665 0.0267530122027219 -0.0826920002189958
0.294155294540677 -0.00596539538223361 -0.0521842636760025 -0.0247047221046776
0.370193035907378 0.155911272707395 -0.225424699995682 -0.221941070800581
0.200036457266448 0.00533917654994528 -0.480850985681442 -0.486581321777065
0.155629651869959 -0.0587708774607056 -0.444715592709759 -0.139359967948126
0.0814450648538825 -0.104190983968953 -0.134573046980095 0.0344345537160273
-0.00161259496626199 -0.098758511955967 -0.0522690792629655 -0.0482858195414726
-0.0289335736792096 -0.0691060777877149 -0.154608638916387 -0.139764307997157
-0.0611180472034196 -0.0520302972685907 -0.316965540494417 -0.0633432067425232
-0.105857879510118 -0.0267639973433039 -0.360864757740091 0.0651147183796253
-0.101534618460634 -0.0106193107675315 -0.341342213417695 0.13145184662034
-0.104527460560256 -0.0287868983545461 -0.340363793924981 0.0956977581597477
-0.0765819034729821 -0.0716416132933033 -0.312141249612941 -0.0217387396029235
-0.0180598001225689 -0.0914893977611801 -0.215698214590386 -0.15539766128482
0.0320683800809817 -0.0861728230457556 -0.0591868505684127 -0.158533807180356
0.0708788476790782 -0.0602156088373841 0.0271503942838929 -0.0773957879482341
0.111303893738958 -0.00558454554734863 -0.0961483957220951 -0.00758614588188156
0.182574266465955 0.0422052745990451 -0.302745572060691 -0.24885371229403
0.0534935209314603 0.0972220093229555 0.374053670572063 0.213571193387464
0.0805789822466989 0.0288393927342272 0.200634882252698 -0.0217111161025093
0.0605758066163285 -0.0739551663840841 -0.041683424391512 0.0572791107900203
-0.0326078937277256 -0.108795815398644 0.00850445694534763 0.1648436220322
-0.0861940367885242 -0.0227400582154177 0.181159540185543 0.184470767065466
-0.0705157156684199 0.030243843666846 0.334900781453237 0.06108229877803
-0.0486567899105306 0.0756360958365483 0.364766056854487 -0.0895607492738423
-0.050741246426684 0.0811602225222855 0.348518090601174 -0.140157437281026
-0.0589950121756535 0.0755246618486214 0.367802353580504 -0.106575461724038
-0.082783045777575 0.0273491122705298 0.330374019227989 0.0231844843882223
-0.0922821711549651 -0.0377324639710157 0.206182141420806 0.130736387683382
-0.0188575654207202 -0.12174302044142 0.0908241856624547 0.0605839713826685
0.0877441855695162 -0.0600264704990213 0.156298978380062 0.000760402310389907
0.0652541324856545 0.0555770977804568 0.402240829770182 0.100093531976476
0.00531985758333286 0.0859574204955184 0.529446596695749 0.487291307550677
0.248140402562991 0.187039433498805 0.304303084164407 0.190786984087641
0.265128813334886 0.0331547054732953 0.169047345852162 -0.0086335190276814
0.196676467024451 -0.193351083702137 -0.0384206272596365 0.0766860911320017
-0.0230790085019833 -0.290457606473731 -0.00131271997758981 0.170965611245703
-0.180085739884004 -0.138823299292694 0.160072627529141 0.179321114745139
-0.201364087684074 -0.00539918530586322 0.299570850558917 0.0742457714147653
-0.200343665425302 0.115608690597182 0.31999509453752 -0.0688943597828947
-0.194399493900875 0.145642916735282 0.295508515276007 -0.103742691034662
-0.212621585213769 0.125812000241448 0.307698339087541 -0.0818103205457733
-0.236128165741937 -0.0044995138997058 0.268894374935047 0.0321134353699018
-0.210555259362611 -0.143673603453821 0.154334075066662 0.110656865323808
-0.042423643317296 -0.331267724582027 0.060409456330445 0.0282528010434054
0.22480946480295 -0.233627399537027 0.158880641431988 -0.0238109038451142
0.29936231198049 0.0467374241920633 0.401480520375646 0.0464087578786104
0.253532341894359 0.208491228346569 0.505608076484184 0.386068770496702
0.417256234166991 0.261240720396801 0.187544970811768 0.113914696470407
0.44041054292219 0.0342025273099065 0.0993009940850622 -0.00673328291941664
0.32631134873295 -0.305010103138183 -0.0416618559659163 0.101712477875588
-0.0102566273125509 -0.459861387747061 -0.00203978925095361 0.17001548990432
-0.259591352709502 -0.249713866341979 0.129764088817735 0.148472602450099
-0.31205683152574 -0.0479207989231829 0.225081333586541 0.0710642178174677
-0.327354657049175 0.134240111391916 0.227431677370068 -0.0408976978368379
-0.309505020836264 0.188155221272328 0.1992343864605 -0.050862204418083
-0.331119325602427 0.160663514022066 0.201979248160602 -0.041129648075419
-0.354960701282732 -0.0259945468254138 0.165415575007715 0.0402742982224286
-0.308265440613133 -0.219761605840358 0.0736143997931619 0.0760538596155557
-0.082627101893194 -0.496155121389977 0.016070335227673 -0.0123486550359543
0.310991671893278 -0.392516700737714 0.140619371219341 -0.0521438061026976
0.486916181852927 0.00796630873227583 0.348147631952557 -0.00901362766848089
0.46673253051708 0.28564528940452 0.408111098448986 0.243404072087973
0.5388784935406 0.298575587230561 0.033343386721429 -0.00790487294000515
0.577348664321679 0.0186422997280085 -0.0134933054011513 -0.0197990102651686
0.421345997947594 -0.402839389280225 -0.0540427790731342 0.12412439547725
-0.00875976449979805 -0.586820107960899 -0.000829311457532288 0.151444025772534
-0.31515987740476 -0.331246353925266 0.0827909227333227 0.0919067967563726
-0.383197639467833 -0.0836922653685617 0.114558097610397 0.0512358415233264
-0.40856638761906 0.132064901025861 0.0964911052362687 -0.0106710438506654
-0.378558761083728 0.202854118200462 0.0726466151845696 0.00913865975306764
-0.395096774511954 0.173214197411199 0.0686061417104409 0.00937456060369009
-0.416484802919337 -0.0390506610310569 0.035341632882541 0.049613697448906
-0.35969637096342 -0.258755407637154 -0.0278415063932974 0.0358996762965068
-0.117485256792504 -0.579116090934006 -0.0384719347018014 -0.0548157230772236
0.34032148224031 -0.493323759781305 0.103900404809968 -0.0750856525249771
0.587116732258129 -0.0379383787301897 0.249299305867771 -0.0470671315515524
0.601577281246279 0.309432819162167 0.249839313358278 0.0906376683327507
0.586805770280735 0.284753156076199 -0.143669057361829 -0.156244005495327
0.631907827227356 -0.0109558511965314 -0.156699878660615 -0.0452085476078189
0.449378641340381 -0.446489054039602 -0.0761157758060047 0.12956420271562
-0.0107782727005834 -0.624596613027512 -0.00704268660306954 0.109209798244529
-0.325007523929357 -0.355201933837531 0.0152712100310936 0.0167479936679244
-0.39577636234942 -0.103350115774991 -0.0216875817751339 0.0202589550526378
-0.427124028275552 0.11378995986773 -0.0539405831933352 0.0196365727971156
-0.388326374448768 0.186109443037499 -0.0658753857460135 0.0675629054591984
-0.399942371458244 0.155221112056164 -0.0721486514764156 0.0607396175596269
-0.409601577873057 -0.0518351836887964 -0.100052682079774 0.056849888426216
-0.343227679168665 -0.260578701236569 -0.129650893867183 -0.00727089890536836
-0.116260834395276 -0.561291110755846 -0.0887779935666081 -0.0921166298632702
0.318391363589675 -0.489725606024846 0.0631207132229036 -0.086988478766687
0.57992071999807 -0.059625945447456 0.128767043498094 -0.057754420394136
0.629181859736887 0.285147539693957 0.0618455424963076 -0.0471868491092916
0.54391918005473 0.221551742984183 -0.314745937467834 -0.301518499950223
0.569453817608237 -0.03996465439546 -0.298328662777287 -0.0769906047924813
0.390416440701111 -0.402628983052184 -0.0999079768773046 0.110146183086954
-0.0121755042631942 -0.537077436029528 -0.0217424769813628 0.0485707785227524
-0.272800374869573 -0.310126836396322 -0.0616544905629296 -0.0581129691836363
-0.338004353559316 -0.10134220076216 -0.15897629004941 -0.0114510178167594
-0.377318871020138 0.0795538001688968 -0.197292739722098 0.0478540536011457
-0.340093192774785 0.141873058747227 -0.193792315971443 0.115323320300717
-0.34614618096831 0.10944061963026 -0.197104644669165 0.101186707521878
-0.338202897876321 -0.0667843336338206 -0.215038856207591 0.0527304898547454
-0.260816395149804 -0.23131492170546 -0.205517132931978 -0.0531805223852063
-0.072315740229898 -0.44754850405021 -0.112454162663049 -0.12400419053852
0.260787251374626 -0.385362005258978 0.0342974966511126 -0.0902777793572969
0.471610838676633 -0.0480346493097822 0.0214200021274132 -0.0463702403096363
0.549965079571289 0.226228322612792 -0.114963205770843 -0.152189789686832
0.41005043255932 0.11633925860697 -0.451154660964108 -0.416183015608716
0.396751324816106 -0.0620933446710078 -0.407029569696992 -0.105767637829784
0.255029173258581 -0.281191347314819 -0.1207817884176 0.0753709959679581
-0.0105574245198335 -0.345803790779104 -0.0401916714110351 -0.0101021346721922
-0.166139822960974 -0.205785905954673 -0.12766628688179 -0.113191876588688
-0.220218047740732 -0.0813709344490033 -0.268615953763464 -0.0360424251681958
-0.264571861961227 0.0343532319801573 -0.309146177845131 0.073474360608596
-0.239942159113075 0.0756250551787357 -0.291958969929894 0.146122741570746
-0.244614934353162 0.0456110265996683 -0.292563648673139 0.121163570706157
-0.222351728400342 -0.0747538406299056 -0.290334661651962 0.0318360236438243
-0.144504500020894 -0.173032590073533 -0.238790171709651 -0.101852925537121
-0.0138412769466207 -0.277533288469198 -0.1038026111837 -0.146267177682024
0.175092555787023 -0.227405852528413 0.0240671338222802 -0.0877178451902093
0.304705517099167 -0.0230546552434255 -0.054160628601458 -0.0256125239067339
0.390930518507638 0.138032641702753 -0.250694815647525 -0.217336770655142
0.208189159349533 -0.00413280285319068 -0.526423790085958 -0.480797653040735
0.159748376003716 -0.07120800354875 -0.469600992564725 -0.119508090563756
0.079965628630878 -0.11651381806227 -0.137611498511254 0.0436851320771881
-0.00762082440037178 -0.103655625971991 -0.0549818391714563 -0.0466786863733509
-0.0342938856733997 -0.0718129640545627 -0.166503702971831 -0.136454288360368
-0.0666917311792197 -0.05185758695539 -0.330127320021021 -0.0468895826498094
-0.109927693899835 -0.019649600479525 -0.369890189635683 0.0902531874681556
-0.10453039666853 -0.00347802974442235 -0.345661974965386 0.154517335259399
-0.110218683018212 -0.0217970290132149 -0.345174755294944 0.118572537490571
-0.0837419004631604 -0.068527350471678 -0.32316950825624 -0.0038109399180017
-0.0254526641889328 -0.0934861265711181 -0.232730309556913 -0.146103692056272
0.0263296327288167 -0.090405795232063 -0.070092906051834 -0.158308985075058
0.0684305631268043 -0.0679436087319261 0.0238721752328817 -0.0818079739184525
0.115777729575513 -0.0127043417974219 -0.0986186084464327 -0.00500829681175107
0.191812160581113 0.0323742900783547 -0.331335540252916 -0.241049556405792
0.0592275712788726 0.0922923733702847 0.39671327508355 0.188840134086143
0.0819966400641882 0.0258287997057779 0.200912187208639 -0.0381079154259121
0.0545718110630298 -0.0758581896415435 -0.0357393063838438 0.0609118122747507
-0.0418862300160585 -0.10593966223681 0.0214224528789229 0.165098180060134
-0.0881157934722079 -0.015771570864548 0.196505173369657 0.172028954780544
-0.0689975191553033 0.0364756761416942 0.340076649291209 0.0346908359679458
-0.0434279963179678 0.0797105914611693 0.358833902479708 -0.119423822298349
-0.0440614219062748 0.0849430311243784 0.339378074547274 -0.167441569951391
-0.0529894566869446 0.0801442883804077 0.360065961420004 -0.134976889448708
-0.0813844445334985 0.0332336658403649 0.332826463170173 -0.00300467521719591
-0.0965137743454445 -0.0300552565455488 0.218784533602938 0.11436409596731
-0.0286270546101083 -0.121039671810983 0.0964565620002989 0.053027814650932
0.0847118143534625 -0.067197762750774 0.158255329277519 -0.0114464883321451
0.0693877573043719 0.0511414671173802 0.412416486104429 0.0721548854794404
0.010438335197517 0.0850168749111357 0.57285137983154 0.452351991651329
0.263061731070005 0.167328011477937 0.324426743542927 0.17193425353408
0.267535964797944 0.0160602430147999 0.171062055665154 -0.0213826219039698
0.180203837688551 -0.20748479798676 -0.0297633408435565 0.0800378845414783
-0.0488723389057115 -0.289983460774335 0.0142297578860504 0.172348959348629
-0.193307845827452 -0.125264605538274 0.176099680831482 0.168256906862392
-0.203740715712454 0.0111229350329053 0.307223123787149 0.0498236985541392
-0.19173216524339 0.132395978341499 0.315926549540926 -0.0925815533004557
-0.181444744584573 0.162962192121329 0.290754615559053 -0.126379813559408
-0.202722901293197 0.144212438706503 0.30203789608549 -0.105605321980294
-0.23935803575879 0.0140644864256992 0.272264197317106 0.0118944941357721
-0.224363419681091 -0.127907504657611 0.165650198057166 0.0988981479991094
-0.0705846742515603 -0.330540120709361 0.0647046399408673 0.0230368631065897
0.207916816386782 -0.253660245936847 0.159723343149009 -0.0367143223551655
0.304924887761302 0.0244885952205856 0.407193577415086 0.0177711079735547
0.269349713722752 0.188396702963163 0.540322657389022 0.351699333764453
0.440857139970008 0.229598235534284 0.201499781378842 0.104406272386317
0.444216677813314 0.00340177743058243 0.10117667606324 -0.013725626684378
0.3004350430358 -0.332695528125933 -0.0299050493086822 0.10663447461713
-0.0505117233139147 -0.461216445113591 0.0141006495315323 0.170832399845035
-0.283132494909654 -0.230573026805923 0.144605132500976 0.14035854981038
-0.317908295191364 -0.0230268898264973 0.233281301843958 0.0520270453907602
-0.317600897795531 0.16159131674037 0.225550309232148 -0.056161169950466
-0.292830593773459 0.216036099599446 0.197580616728335 -0.0653192791968355
-0.318933028604765 0.190025458670356 0.19926879730334 -0.0565795198121174
-0.360744287333008 0.00257776147776731 0.169222924696813 0.0284497735344641
-0.329722709850013 -0.196578055416528 0.0813662273016697 0.0712892982701215
-0.125676555484378 -0.491783597645866 0.0177197224038325 -0.014243432588643
0.282290962609698 -0.422262909958826 0.13960559596786 -0.0646093457242626
0.491558009639643 -0.0290005961357666 0.350763113776131 -0.0355087364253431
0.489678616418361 0.248600731658061 0.430298982335835 0.216236697519533
0.566107080363258 0.258671811475308 0.0363604335936425 -0.00671092129273785
0.581781224605796 -0.0248697954961662 -0.0135054806392381 -0.0176360750957305
0.389574155219179 -0.440123706603884 -0.0410460491475848 0.130963631569592
-0.0592838274960943 -0.591336501111166 0.0140947730765403 0.152996145149571
-0.346978032305803 -0.3082014861626 0.0937283437738707 0.0872753763461136
-0.393674513160016 -0.0535887511275962 0.121416227544492 0.0405400271012809
-0.398616932641443 0.166422827274577 0.0962437619653229 -0.014198532130984
-0.359809791786151 0.236521860479358 0.0744395969345985 0.00519206045264637
-0.382941257311244 0.207810820837644 0.0688165670951595 0.00516899406751725
-0.424403553742467 -0.00595751158446562 0.0396235185742078 0.0482351851045525
-0.384951292076821 -0.232662916984054 -0.0238842488332461 0.0394227827900003
-0.168472530684102 -0.573295268282477 -0.0401820291807066 -0.0516300110015745
0.301941246154219 -0.52642483928027 0.101506379939792 -0.0840593930962964
0.587397595100021 -0.0835573821995825 0.247416537637769 -0.0674464765987411
0.628512300200454 0.261331136714482 0.257249187663657 0.0731708494243976
0.612597109279928 0.243573545373989 -0.15381809030004 -0.143840222638364
0.637133949957713 -0.058135135053338 -0.160074331293995 -0.0322176498426534
0.41432587524038 -0.487659628859983 -0.0627156371059041 0.13814144847377
-0.0653360923199342 -0.630273513979574 0.00517390884207483 0.111228579411561
-0.359152562922932 -0.333104859433525 0.019876941191522 0.0167416707690939
-0.407898760137154 -0.0729226722137641 -0.0178652439634775 0.0203493463817921
-0.41914845946325 0.149845305291995 -0.0522688296218161 0.0287081980533965
-0.37198666654312 0.222183654954949 -0.0603477339623851 0.07488897870613
-0.388592109861533 0.190691141309051 -0.0679812689850153 0.0678982822311006
-0.417603187082444 -0.0194756938183245 -0.0954795087671369 0.0666964009871135
-0.368012297807549 -0.23515091656444 -0.130121300664836 0.00505732914581249
-0.167313856463457 -0.553983620316073 -0.0931288855193214 -0.0847269182589879
0.280228289419476 -0.520790446302737 0.058791277526257 -0.0938540236715495
0.579546650664201 -0.104840281142488 0.125633426957776 -0.07017226933048
0.653308981733348 0.23471926199182 0.0551335276656838 -0.0512662942019799
0.565054559825496 0.181696820911265 -0.339810500042671 -0.277988012669016
0.571477732244835 -0.0841267347634631 -0.305150355055494 -0.0533971178691267
0.360077975384332 -0.441572145465418 -0.0895902902150001 0.121049342177196
-0.0586224359379034 -0.543495305012775 -0.0149731193868638 0.0509365174588009
-0.302501331769033 -0.292187576242802 -0.0643587207505389 -0.0533650221282709
-0.350138863596019 -0.0757446635741112 -0.15895167451592 -0.000424177872074641
-0.370562697630978 0.111966819790095 -0.194907754156148 0.068105541951347
-0.326943054369193 0.172712937794717 -0.185558243804059 0.132234654467437
-0.3383484403649 0.140823911434244 -0.190297321935845 0.117352891969937
-0.347186498100742 -0.0395725487182066 -0.211022524029098 0.070907968869965
-0.283285346722581 -0.211484200360688 -0.209993451693441 -0.0352046665868819
-0.112632230009653 -0.443385156382297 -0.120056387855228 -0.114690959121696
0.229906129148312 -0.412273667245276 0.0291808454676982 -0.0943461534938426
0.473764361861685 -0.0848230790976762 0.0183617156935878 -0.0510688696031357
0.569992776903897 0.181857429690398 -0.131985264700278 -0.143618225082672
0.422318396903348 0.088121349354648 -0.486269760773969 -0.385683899051552
0.396770300450149 -0.094508782344121 -0.417409449400569 -0.0742520282298413
0.233558363936531 -0.308370354198755 -0.114473578948987 0.0870801879044688
-0.0404779512889914 -0.349848723635908 -0.0392062725350456 -0.00702361161969514
-0.186208879904247 -0.195735601004177 -0.136145613177185 -0.104586718470293
-0.229445511720488 -0.065114020972258 -0.271967013335577 -0.0161309028293861
-0.262154193642878 0.0570039511290554 -0.305239940866893 0.101205422778356
-0.233074832166252 0.0971216253171352 -0.282775572957166 0.170065238206574
-0.241703170845877 0.0677401030957138 -0.283786748477507 0.144447570385633
-0.230690369572321 -0.0566204254567138 -0.288645223496703 0.0557955897910562
-0.160688196515905 -0.162801312474496 -0.248327526149436 -0.0814749385404445
-0.0390596692955791 -0.27706786003509 -0.113084332588817 -0.138152533704993
0.155658393223018 -0.243688668792776 0.018328024725372 -0.0912513003533686
0.305640132631571 -0.0475830460566741 -0.0561174561699634 -0.0244596989136202
0.403142580977222 0.105920281440215 -0.273869683965895 -0.199014798330565
0.209924379177467 -0.0178542286078386 -0.566360415080258 -0.445215304966017
0.156917337366827 -0.0861906945353418 -0.482017325066312 -0.0851282025123038
0.0715129009788152 -0.12779348326281 -0.13493827983815 0.0560417636510373
-0.0164007970233139 -0.106277768328533 -0.0581407740109553 -0.0429042650017766
-0.0405025003438571 -0.0711474894690959 -0.178677473717201 -0.125603645907532
-0.0720113154885955 -0.0476741923526757 -0.334732034136867 -0.0212582532184768
-0.111160405228469 -0.0108343310792272 -0.365712849594105 0.121801743689442
-0.104580505302519 0.00623857570288647 -0.337006443682356 0.182904962002924
-0.112186447160651 -0.0115265557123757 -0.337162484239464 0.14541461901612
-0.0906493961706385 -0.0609960249776653 -0.324162038762367 0.0208231589208214
-0.0338988222893318 -0.0921664711591753 -0.245555203917125 -0.126375203316935
0.017808905300951 -0.0927990191262768 -0.0822815087203119 -0.152432712293681
0.0614180714702834 -0.0744705910040244 0.0174712697235732 -0.0848639066746084
0.116119990256497 -0.0228217607711646 -0.0994930411842973 -0.000290267821439585
0.195564369753706 0.0167440086959253 -0.35754916226425 -0.217367753287879
0.0611491008614465 0.084223943001339 0.400563437226593 0.158719184589703
0.0795916064402419 0.0228175389887541 0.192359100105343 -0.0512593205281763
0.0474680318299009 -0.0740528211793805 -0.0290950200816805 0.0602431070171127
-0.0484018420930755 -0.0984507438262699 0.0321888434911221 0.158912569395432
-0.0861158631298587 -0.00914139694581762 0.202785413196652 0.154050491253596
-0.0640663987480426 0.0407429165977182 0.331097892940599 0.00983452597891327
-0.0362107045306213 0.0800373009422559 0.3389107782456 -0.14054487306944
-0.0361384707574085 0.0853679504331213 0.319260069624216 -0.184494292760675
-0.0451168217836919 0.0808907519792833 0.33859060572139 -0.154834476275021
-0.0764922733561976 0.0376243158112347 0.321777401400967 -0.0252107346908817
-0.0952343537553228 -0.0215781181226149 0.220265686092587 0.0940985277266152
-0.0351339197111725 -0.114908709371905 0.0962854981207975 0.0435891029554704
0.0785554707037771 -0.0701228604251063 0.152883243810025 -0.0216950101586155
0.0698380205829554 0.0457104578357416 0.40470356370687 0.0451059823293313
0.0136670803408099 0.0810526896179904 0.587460072811113 0.401923350781478
0.263880614019192 0.143697420281774 0.330861656622712 0.147517832511395
0.259357133500713 0.00197839001319599 0.165155795279209 -0.0323799787984144
0.159036867516467 -0.210415872535801 -0.0210601634194132 0.0792392326372392
-0.0681841535199718 -0.276319202328534 0.0264978705830559 0.165418654075683
-0.195891421781591 -0.107620140979261 0.184161462076558 0.151694554029167
-0.196350020752924 0.0254523306017803 0.300273699852652 0.0259300650146724
-0.175729397221645 0.140966028617332 0.299109947693389 -0.11050663079602
-0.162456931187183 0.170972075536639 0.274403524236824 -0.141563302471802
-0.185300429988246 0.1540666603098 0.28417052191381 -0.121639758497682
-0.231403705029301 0.0304004100175931 0.264840340022929 -0.00674991652353651
-0.226635418986016 -0.107680984581909 0.168252984151233 0.0832609483642282
-0.0921929652998224 -0.314215748402063 0.0650414576336894 0.0170098594323172
0.184328491284806 -0.260731634266671 0.153691945453877 -0.0462233915721898
0.297284139289744 0.00442710466424474 0.396194922473336 -0.00865243742759128
0.271446838043047 0.16274246991787 0.547670844455121 0.305215308667708
0.44109686832037 0.192428801450695 0.207188188171275 0.0908363261940135
0.429513356939749 -0.0231341777091222 0.0988042485691645 -0.0194104265335014
0.266003437189024 -0.342011554279237 -0.0185799615639127 0.105144640037828
-0.0843106716227764 -0.442528130600847 0.0274524353913949 0.163804533185888
-0.291105850974734 -0.204221740200469 0.152165975318459 0.125881320680266
-0.310381174762385 -0.000151252022521559 0.230677675156016 0.0320760909915324
-0.294699885708745 0.178486466295012 0.214511257757151 -0.0670667302690687
-0.26544437585538 0.23055325018318 0.188644362944674 -0.0758094371901546
-0.293589075845259 0.206923618161081 0.188610176901335 -0.067013880377981
-0.35116128683547 0.0274323820986822 0.166547574175047 0.0166321032666824
-0.334679564754818 -0.167719971345452 0.0851218392426016 0.06360196944314
-0.158568685412262 -0.46776273477287 0.0180446264237528 -0.0155053345946324
0.243302546417001 -0.429907869051147 0.132945239033213 -0.0721790523989285
0.474813079103576 -0.0593279781976518 0.337832206066464 -0.058171081765911
0.488086280190636 0.20502577081098 0.430421803649083 0.181442925984288
0.565216788389493 0.212793967663434 0.0396473702523754 -0.00591829215979532
0.56397615250741 -0.0610906880275543 -0.0123190244941782 -0.015414495628176
0.342633254620902 -0.453271069423403 -0.0271903613604106 0.130259819102893
-0.101688266023975 -0.569715811465027 0.026519230363686 0.146881088407852
-0.359208258017075 -0.275178401532105 0.0992959006265417 0.0775531038463703
-0.386160071409364 -0.0245404283595528 0.12169905759667 0.0281566748412429
-0.373904588281507 0.189343817610918 0.0929508386706401 -0.0168239110865702
-0.328745082392021 0.255521526216763 0.0736257506683862 0.00122292808295736
-0.353691527265742 0.230034182608952 0.0669887518784861 0.00108901041488675
-0.41366473473203 0.0243356660883678 0.0419175990749796 0.0451925060584738
-0.391128047823701 -0.198135489242525 -0.019000516431832 0.0403685093083152
-0.206764158817291 -0.54274365823965 -0.0397179090409722 -0.0477633496005228
0.253920671298881 -0.531456320819841 0.0949973788610838 -0.0893025016173882
0.565360855213208 -0.119823291204878 0.23540097459656 -0.0832569868512313
0.622457423486144 0.206516937827418 0.251529752531991 0.0562972267989512
0.611063801908934 0.194996771425329 -0.155227324718194 -0.12619722943103
0.612734659048009 -0.0980026050587123 -0.155214997700357 -0.0192638799321122
0.363598382374567 -0.504301080134842 -0.0480339395801847 0.139553036225592
-0.110709423326394 -0.605698295036963 0.0149542650418156 0.106571452543707
-0.373825923066244 -0.299299755314499 0.0232591522204095 0.0146011279894934
-0.401761570582267 -0.0422690276334464 -0.0142887399878485 0.0188973488693739
-0.393974991848556 0.175827795673996 -0.0484689934235386 0.0352978473440483
-0.340671988834415 0.24235021683219 -0.0524670572816713 0.0776746535438506
-0.36040364946143 0.213635019017081 -0.0607237966072838 0.0709668104571064
-0.408110792804204 0.0112333758260702 -0.0876326265060956 0.0714934538599827
-0.376245010991058 -0.202552116804526 -0.123703425322367 0.0153099900003397
-0.2026743484491 -0.522700984448798 -0.0928626363077282 -0.076831194061049
0.232495495145616 -0.524142828445094 0.0529273131425063 -0.0955299298397134
0.554325868940311 -0.139645316467251 0.116826254921203 -0.0781934804060096
0.645086548547705 0.180524441876934 0.0466979447061169 -0.0505717736641619
0.560340354932449 0.139935449961852 -0.344762198574466 -0.246292918277297
0.550192430100744 -0.120633035367961 -0.298485881720375 -0.0303611419534979
0.316187701571549 -0.456341489173424 -0.0761870186009927 0.124224217549785
-0.0985781083972263 -0.525488594101269 -0.00889905449583232 0.0497625900288957
-0.315623196514983 -0.263469943281599 -0.063933160843712 -0.0483320944492809
-0.3454538384148 -0.0496431441282035 -0.152700224865214 0.00844942495945991
-0.35012153429121 0.134996387659999 -0.184063773725405 0.0834835005851168
-0.301105106925542 0.191410552698352 -0.170331699242715 0.141728499794135
-0.31511795228913 0.161421125311499 -0.175907424783793 0.126737609240499
-0.339644284699127 -0.0131140176350582 -0.198727576806325 0.0834458346414909
-0.290327238021671 -0.185618520271066 -0.204102935888246 -0.018095606541166
-0.141399999821065 -0.419523356963462 -0.120926102651507 -0.102927868987651
0.191203774478769 -0.41335136700609 0.0238595707983852 -0.0947951846506431
0.452096833045229 -0.114988317786737 0.0135542845447171 -0.0528241474566369
0.560115336596344 0.133661513496819 -0.142150929344957 -0.127727899103021
0.416911530733747 0.0595367321947899 -0.496890048273387 -0.342528000595951
0.380225322242997 -0.117662635825156 -0.40887099353578 -0.0438654786607639
0.203189133699692 -0.319104420462717 -0.103648000978167 0.0928056504744138
-0.0660267221524878 -0.339229605237035 -0.0369331771910577 -0.0047238083982468
-0.195600674082691 -0.177837514089807 -0.13768713756774 -0.0931018980479621
-0.227865139782362 -0.0479501992298026 -0.263824282459926 0.00164542888381607
-0.249027741800494 0.0739407313140122 -0.288434606835043 0.122309960816998
-0.216595165465739 0.111776180179713 -0.262757706945896 0.184519041646606
-0.227790543622263 0.0844968707940608 -0.264435864879447 0.157862068772868
-0.228316577678877 -0.0375118277847574 -0.275054936757211 0.0737260940356487
-0.168146737636552 -0.147505813713222 -0.244189111028533 -0.0600597014897145
-0.0588971550787604 -0.264121208672481 -0.117032040512274 -0.125171003996678
0.131734172455971 -0.246688882264935 0.0119756164414296 -0.0900819313307412
0.292720576792419 -0.0667965170276946 -0.0561970008920053 -0.0223607271257479
0.395872356457978 0.0728406609966194 -0.283803387388946 -0.172996577594966
0.204177187295118 -0.0289856129913475 -0.580748803495492 -0.396369540819338
0.147772558976177 -0.0949496833892217 -0.47382595000775 -0.0502165145742869
0.0595432068677085 -0.132897698496452 -0.126756287621571 0.0639265212387422
-0.0244866240451393 -0.104062241571687 -0.0582023449687328 -0.0381710310298503
-0.0453377988017192 -0.0671762775373355 -0.182057777042269 -0.11056512456998
-0.0740127710293562 -0.0421416999476986 -0.325815725160056 0.00157022866132676
-0.107920978409287 -0.00212123922782774 -0.345772857400652 0.144640789847015
-0.0999828159049889 0.0145668781366863 -0.315446825120065 0.199949255269018
-0.109109809783776 -0.00116366107132185 -0.316214859140747 0.161695050742576
-0.0927949884798529 -0.0519076202978574 -0.311708574356356 0.0419482719690623
-0.0407013786981847 -0.0871689053912561 -0.245035246499672 -0.1042506606845
0.0089390224307728 -0.0900605316590403 -0.0884340503672587 -0.140976036748136
0.0517775754293342 -0.0769272089725139 0.0113874445176445 -0.0836288768708872
0.111876325780466 -0.0309474152559421 -0.0966522706941683 0.00392769253729054
0.190416932531839 0.00126698602851057 -0.365555214716254 -0.186091995329226
0.0730095910500474 0.066545027662013 0.40969630308192 0.0827891609009186
0.0772851753110395 0.00939406080499957 0.176741476826314 -0.0805141747051447
0.0355593851153127 -0.0712765783285446 -0.0117854044492019 0.0571382844478413
-0.0553585126193675 -0.0811910134275044 0.0582552419661887 0.137257568439683
-0.0766183936569138 0.00055490229994358 0.213794982813226 0.110319358376122
-0.0547786701577232 0.0430118759205269 0.314555689683346 -0.0426035504925806
-0.0235034899956266 0.0761745816237807 0.301307426188882 -0.184409268263303
-0.0226790012051867 0.0817232170842958 0.275479097058701 -0.224910203052551
-0.0316992002641196 0.0792160561177865 0.297452470441472 -0.20501257650223
-0.0651579112860943 0.0440538340314233 0.301887024955872 -0.0814836250861162
-0.0889142080038104 -0.0086896195365432 0.22562550859415 0.0498672354715001
-0.0480469187387383 -0.104088260453033 0.09864645142736 0.0267528716672594
0.0667038993022961 -0.0755964079804134 0.143156645821954 -0.0467355703847904
0.0773048383079741 0.036525983993287 0.386017268657918 -0.0253428630283511
0.0317346856593289 0.0781594489331134 0.61310944787015 0.290541348906758
0.267846737160683 0.0974015838073534 0.352377898527431 0.0893219173979878
0.24061778690307 -0.0350604473261266 0.161982602197607 -0.0577075642884561
0.117742550344681 -0.213066794840094 0.00942321720760953 0.0662258760049713
-0.102814760372694 -0.24049413943885 0.0596682953710548 0.132384244862305
-0.192776962707999 -0.075003443649064 0.189448619974091 0.104429932160894
-0.181077100740533 0.0468304238352916 0.282063126841573 -0.0238584997501559
-0.14310342176914 0.154015629526138 0.261187823582162 -0.149761954163746
-0.129101551039957 0.178868675673072 0.239083586015865 -0.177205692174922
-0.152660434780472 0.168850409076305 0.252995012540328 -0.167124210435801
-0.213538652746753 0.0603205856846207 0.252384581578393 -0.0576484157895821
-0.224307378200689 -0.0744567206119797 0.175737336928938 0.0494578602507919
-0.131054892236431 -0.284433838706521 0.0685486419618642 0.00940393766109627
0.141433818711032 -0.266129969802607 0.143788421238929 -0.071538337164067
0.284913107556817 -0.0351404821651302 0.367671446331522 -0.070639438200677
0.285442955927105 0.121145727473373 0.561371006824684 0.208098330354969
0.436424700076853 0.121348116213182 0.235488344121059 0.059882225935858
0.395116435803716 -0.0817067111086189 0.108620174031507 -0.0335901926522672
0.196364136894893 -0.348944315284288 0.0263709705829496 0.0830068841588019
-0.143081546887487 -0.391485349736815 0.0661063002614715 0.120140507407716
-0.296398892629781 -0.149845285525679 0.149677936852497 0.0777524554151008
-0.291556588530526 0.0390560442169793 0.211517197015614 -0.00847413087811676
-0.247906193173186 0.20746553405497 0.181568008714514 -0.0952414981505556
-0.216282979399491 0.249550930442386 0.1659851631431 -0.101832925001911
-0.246483798402026 0.235223519531355 0.171296446613053 -0.101209054027426
-0.327830579447915 0.0762624470087303 0.163694783918204 -0.0211122810850228
-0.33444120485042 -0.11681184732882 0.0949999157713166 0.0450869488588093
-0.21680055476558 -0.420318061963656 0.0221216817727923 -0.0118612863619086
0.173983462392522 -0.432067537925168 0.123437491537515 -0.0935235084927491
0.442327793424732 -0.121879568396503 0.302362960917477 -0.103905302865732
0.493542730820549 0.131340120968337 0.42953388584756 0.112110793744009
0.552737511866953 0.125272461726121 0.0662095814719653 5.60418099406792E-05
0.513675111593006 -0.134599943140994 0.00917372553364557 -0.0109735115938205
0.25077326545004 -0.462771537658218 0.0298638430605873 0.102072330691425
-0.181047201454699 -0.505892817032127 0.0665304963398793 0.0954121262032112
-0.372189293614491 -0.204208056521568 0.0876849811973651 0.0348913821611874
-0.366909605891535 0.028231093307539 0.104479939214254 0.00377243400144382
-0.318725724497882 0.230607466223587 0.0680296501866802 -0.0284094954621465
-0.271874450085927 0.28227125422454 0.0678053006927038 -0.0111365792185682
-0.299948345220953 0.266718613024776 0.0668102827072817 -0.017433427043501
-0.388340595856644 0.0833549924754687 0.0511232523879039 0.025896608727587
-0.39249353514541 -0.138921885217155 -0.00755306702690933 0.042170205341484
-0.274493690047584 -0.483588760423101 -0.0353431434806162 -0.0318697744505779
0.168965510841312 -0.52714540321938 0.0862398059487015 -0.104462882373039
0.51625052676059 -0.191981048434852 0.201717689631543 -0.108090202380539
0.618442425848057 0.115374725900814 0.240552456214946 0.0224579065299479
0.590224435023745 0.103308310270875 -0.136145914932998 -0.0791131445022741
0.555099532026116 -0.174265189616232 -0.12517075528125 0.00931775162866802
0.26237423916214 -0.51400373511565 0.0137666795714022 0.11230158082491
-0.196133497152013 -0.539314166191984 0.0498031168185959 0.0564764671078575
-0.390309650432621 -0.223562233867583 0.00325534651768961 -0.0141864592524016
-0.384088811051481 0.0162663908815381 -0.0277535419903679 0.0159726929238372
-0.339935288768294 0.221632615857454 -0.0604858034000825 0.0428706250154395
-0.284823868034053 0.273178567257221 -0.0410552343597469 0.0810929404143681
-0.307650665987391 0.253644714899505 -0.0439431589504358 0.0700529582037964
-0.385085274668774 0.0699998838842752 -0.0672669488807054 0.073952333126198
-0.378966399704864 -0.144139768789185 -0.111182913915596 0.0368676902212288
-0.26870087737679 -0.466746743886177 -0.0906788147019299 -0.0501834358381131
0.149077560242928 -0.51890926636494 0.044424711363789 -0.1036373486126
0.502346247491849 -0.210095054912045 0.0911351777768349 -0.0836266107076657
0.63172782342014 0.0842264653665543 0.030515993028044 -0.045590782954013
0.533210752160501 0.0606690491124359 -0.340103782090046 -0.161372368591568
0.49266669696103 -0.18389983047146 -0.265761250635469 0.0222270981387407
0.225314419669594 -0.463229240785092 -0.0200330251617923 0.105053398814537
-0.173962769519906 -0.466598364626062 0.0151867599559148 0.0118473782635199
-0.333901592938892 -0.197447796450989 -0.0867414957424251 -0.0562135116215298
-0.333877321608447 0.00314385311268825 -0.15855632028672 0.0282699211956901
-0.305113265238305 0.179417860118242 -0.180842135320963 0.109388725002881
-0.255263131122811 0.22046761892561 -0.143608017141951 0.161025617039012
-0.272466749621052 0.198924039485236 -0.145455757579365 0.142766779942138
-0.324655839041944 0.0381461578532069 -0.170998665447624 0.105723450325581
-0.298437882008101 -0.13943106824218 -0.193656945681297 0.0195451771181457
-0.196046088440878 -0.377441318886152 -0.123105389976353 -0.0714462234878457
0.123311051560201 -0.410205584254884 0.0151122528270132 -0.0966288501818083
0.408227809840365 -0.171011837446063 -0.00021148721757894 -0.0445048459005033
0.54325139516756 0.0522739003025305 -0.158088511655496 -0.0910609891927181
0.386101409013518 0.00546713501296449 -0.506708110775378 -0.229520979779571
0.334028572370354 -0.157677802390936 -0.380995692804363 0.026241319486989
0.141253897565717 -0.322602980868086 -0.0623874254761842 0.0872916781955392
-0.115698934590434 -0.302433134564109 -0.026224252479995 -0.0229650148961986
-0.211355285068888 -0.13504120928045 -0.157971580523843 -0.079896727503196
-0.222022761313613 -0.0108403956445937 -0.260516218047644 0.0412107797959523
-0.219377879911539 0.108868871820583 -0.271295791732284 0.162143759273109
-0.187099531812599 0.136159491545096 -0.224158580919166 0.216165464608285
-0.20103086767011 0.115144401612891 -0.224877006725071 0.190034505441848
-0.222611966285268 -0.000455281148978963 -0.246204684263571 0.111650612633752
-0.179660781910279 -0.117586877412693 -0.239608763011304 -0.0128904992918526
-0.095678169102006 -0.241638332862871 -0.125643872195424 -0.0951165171003297
0.0897302721674049 -0.246585017300016 0.00164475858880586 -0.0893666636933197
0.264348372929839 -0.105319859345885 -0.0605112920038306 -0.00707958159464628
0.378199167814653 0.0166372597691268 -0.297432304708887 -0.114021427676949
0.174305783280206 -0.049687694399971 -0.606231029480816 -0.272220516247704
0.120777117902601 -0.102396916973338 -0.452701474973848 0.0309567442520837
0.034305815147789 -0.130320526756073 -0.102534533885037 0.0738921514608079
-0.0416622360578655 -0.0925103452270858 -0.0588019437364112 -0.0348627049711873
-0.0560083112995364 -0.0533775891712457 -0.193817331749272 -0.0799549082841245
-0.0762655068449627 -0.0254685833281265 -0.313566013263658 0.0519256410503073
-0.0992525976544142 0.01803995707719 -0.315792487283864 0.191924489950933
-0.0907032514963461 0.0295906092353611 -0.271181579293705 0.239002030233323
-0.101808785155883 0.0187171572567829 -0.274191678135974 0.203924007197276
-0.0967102232521717 -0.0329199964858732 -0.287538488027064 0.091607130083081
-0.0523405424054426 -0.0764047211459063 -0.248987954348 -0.0547737820378427
-0.00638565845951676 -0.0874838595030142 -0.104508007658448 -0.115911400707061
0.0370627103868887 -0.0785348106921601 -0.00219962679738781 -0.0811208071030688
0.0994571595569306 -0.0468520489201639 -0.0924508203873854 0.0205499405053178
0.174410234625086 -0.0246503070760963 -0.375521220951393 -0.116503675232352
0.0671773104674139 0.0646890585443077 0.399798819008043 0.0850659838538092
0.0752320741566819 0.0119038037879133 0.170733839993097 -0.0759588150546
0.0368226207793858 -0.0672485784399831 -0.0112880665797357 0.055053972963636
-0.0521595112175956 -0.0780709521730494 0.0559286513300394 0.132650420357134
-0.0739279974877855 -0.000343532106893441 0.20569501338662 0.10910957324375
-0.0535251437656874 0.0413541938200597 0.303927397239552 -0.0392986254016757
-0.0232076866564629 0.0730546659472869 0.29221699524411 -0.176760626008713
-0.021770397371842 0.0786645003786738 0.270491943250055 -0.216862404638571
-0.0307436906023716 0.0752711297675266 0.289568428930421 -0.195031153353964
-0.0636610565182167 0.0417326339894644 0.292350888175022 -0.0755811269703322
-0.085113726808485 -0.00863435212297304 0.217503851714716 0.0485282984217647
-0.0454582055666439 -0.101615811196571 0.0941499904063698 0.0265119513685382
0.0658631228799974 -0.0726873068454748 0.139343651889817 -0.0437699945997296
0.074127445415965 0.0376860250251734 0.375307819086169 -0.0198854246480453
0.0288235317023915 0.0761430193096509 0.592244211895678 0.286435367454979
0.2558221586966 0.0959214111173746 0.344838810117323 0.0904112651841901
0.233365708423691 -0.0288137236217957 0.157495017529867 -0.0535082987486294
0.115606941988526 -0.203191615135365 0.0101104783101408 0.0635747904867972
-0.0978114978547988 -0.232364765741113 0.0572296997800083 0.127694221607117
-0.186226064437954 -0.0742896457468273 0.182797073213089 0.101299153197579
-0.176127898582105 0.0443439301176737 0.272372124683091 -0.0220594072013633
-0.139037162411879 0.147441790961626 0.254168139118629 -0.142031391772792
-0.124254161385638 0.172146656781047 0.234367241902949 -0.170748445771085
-0.148023036391124 0.161933966864895 0.245706616305688 -0.158400383399328
-0.207594064936221 0.0565171444420096 0.244666946494676 -0.0529618810465652
-0.216805294808535 -0.0724896111619562 0.170072926800876 0.0477237041353801
-0.125632619434745 -0.276397843294666 0.0657198295329987 0.00853822990763515
0.13896557584539 -0.257560033959702 0.141227443606733 -0.0683581765486178
0.276487330906273 -0.0298183547035547 0.357706530584022 -0.0648256234353962
0.27288282767626 0.120364372629153 0.543339072288461 0.208621108156107
0.420044510104384 0.118962336302315 0.233435620760775 0.0614075360173008
0.384626687014782 -0.0731806322783895 0.106813003730605 -0.0310408536666682
0.190871335946558 -0.334646237534653 0.0271747242331328 0.0798942865129959
-0.138019914787226 -0.378626574750325 0.0636580264677334 0.116280736628305
-0.287587819833896 -0.147204299819505 0.144596595905215 0.0754230649771585
-0.28381175363207 0.0360154025533922 0.204382045828759 -0.00858533454553165
-0.24016909025269 0.198997191831849 0.176516343524725 -0.0890815738193014
-0.208507036343557 0.240257298914533 0.163521029400662 -0.0979150127715573
-0.238664464388484 0.226005029983437 0.166097458931531 -0.0957568423161104
-0.319140653907142 0.0722217826278881 0.159253033876915 -0.0183196719534792
-0.323385561361993 -0.114765310892023 0.0921795824124231 0.0439183399616709
-0.207324315979993 -0.407012236129801 0.0213350974025901 -0.013575455348953
0.169989419972696 -0.41726442772124 0.122544483968799 -0.0904040523715562
0.428809360995985 -0.111767065269674 0.294682791593048 -0.0979005916918742
0.473572734314075 0.131669544766081 0.415337164317239 0.114116564507738
0.533624124214176 0.125681665257598 0.0696385286493917 0.00165226397820748
0.499210354699119 -0.124803079677349 0.0109332966275061 -0.00960810758079682
0.243841625271309 -0.445727360837198 0.0299484947571889 0.0985949940748885
-0.175833752833673 -0.489937824898238 0.0643934358461359 0.0922401575444022
-0.360948924461094 -0.200793045690051 0.0853414173684645 0.0337987326460696
-0.356680217694355 0.0256391083099014 0.100560464043073 0.00244367387903996
-0.309182468396677 0.221297534054053 0.0676409216750898 -0.0243290366399203
-0.261974347488759 0.27235991834991 0.0672135318579504 -0.0102545917758724
-0.289280690570021 0.256684444566054 0.0641395020729828 -0.0155269623951562
-0.377586052515978 0.0783734994653343 0.0498466089931243 0.0263026474333061
-0.380914217161697 -0.136451479733637 -0.00608917719824071 0.0403760054724455
-0.263253640374652 -0.468910296660365 -0.0341248040029706 -0.0338290786117489
0.167201842722498 -0.511229088950626 0.0862236843474143 -0.101582770569051
0.502512455339045 -0.17990081457807 0.196464364330135 -0.103640615669358
0.592907023876212 0.115976722920574 0.23225271972768 0.026674096158464
0.571122733007799 0.104572046282685 -0.127289777613112 -0.0786275382638281
0.540222885173973 -0.164088358488905 -0.119256990934128 0.00806923620426859
0.255071268289873 -0.495294424912062 0.0142224852324657 0.107447420338408
-0.191863604340128 -0.524816029710878 0.048340249146612 0.0548078075283749
-0.379371950973458 -0.219502711278885 0.0039305774492485 -0.0146699304150413
-0.374416822687055 0.0126732978208287 -0.0266946733747724 0.0132333008052727
-0.328984117348744 0.213370254000862 -0.0570695873859243 0.0445646126701053
-0.273888970020162 0.262485569818376 -0.0392635364534311 0.0787769714554303
-0.296102748120434 0.243989721441301 -0.0441401679744264 0.0675979714316553
-0.374322549472328 0.066064747692239 -0.0651827450080762 0.0714821192415661
-0.368643959189497 -0.141515255835953 -0.106093424341972 0.0352953370701931
-0.258062251040241 -0.450094970408102 -0.0865998761928259 -0.0524825940213383
0.144506791625507 -0.501378753705516 0.046758234413442 -0.101325225173513
0.48747167302223 -0.199479936418353 0.0880857342676206 -0.0807030913574041
0.608119779137259 0.0876280320045522 0.0286418571926746 -0.0414204320472494
0.516719318196162 0.0630361893464178 -0.324829387531058 -0.159769432187805
0.48097819827943 -0.174401942312931 -0.256269072187936 0.0189795766263383
0.21851788478117 -0.448971830015709 -0.0188500147307331 0.101326451310016
-0.169900927186505 -0.455530300989111 0.0142460694346811 0.0114576393521458
-0.324854647576281 -0.194210308419695 -0.0835084861718513 -0.0559508342228979
-0.32444577074275 0.000210177230631453 -0.153376249214974 0.0251135701093501
-0.295307067794126 0.172642389005255 -0.174106189063754 0.107414311743144
-0.245713618906771 0.213243814235227 -0.139638297771116 0.155924573843317
-0.262805987480578 0.192383628836822 -0.142608003716755 0.137412425195711
-0.315910429537823 0.0359031367811677 -0.165984329621905 0.101796562686769
-0.290747187780102 -0.136021695938866 -0.185359069610868 0.018545530050944
-0.188540748487263 -0.364176631036671 -0.11767124239248 -0.0727810723708345
0.12037136857851 -0.395289648075042 0.0170550831959374 -0.0952182747975428
0.397406815283856 -0.162450481293787 -0.00100383641468465 -0.0443391980159688
0.521075025154968 0.0549578586219937 -0.154915099646409 -0.0869599660512786
0.376414549140082 0.00897050141964897 -0.488373550623479 -0.22877164454354
0.327250846286792 -0.150049421151738 -0.368630615317882 0.0210991333963479
0.136562786223959 -0.313272002114502 -0.0609378377871723 0.0837430430080098
-0.114320569524969 -0.295069222746314 -0.0246445756476021 -0.0221434711204381
-0.20607501993631 -0.132596547036692 -0.152384348457133 -0.0790669232558316
-0.216420797555568 -0.012212151523144 -0.252276960204441 0.0371658803869203
-0.212137900052426 0.105143745878495 -0.261936056935854 0.157403126700337
-0.180250445022822 0.131222153091269 -0.219207646144438 0.208948812895438
-0.193224647683763 0.112203309209921 -0.220017373808844 0.181194520463401
-0.216378284700252 -0.000808381152316812 -0.238068975806797 0.106290669854585
-0.174858306235686 -0.114285879140709 -0.230069032467488 -0.0135346672295946
-0.0917643157427665 -0.232834224728369 -0.119315198874961 -0.0951287748089574
0.0857611587397325 -0.237518671953337 0.0033032982795075 -0.0874409415482087
0.256542716213734 -0.100760787178111 -0.0595531307364278 -0.00839775254139487
0.363637727729457 0.0193969362753802 -0.289667754553862 -0.111245398813474
0.172439425423045 -0.0456161649716899 -0.586898042200549 -0.270930697218575
0.119447696647532 -0.0989097965256981 -0.439116217161498 0.0239214651444747
0.0323835054831093 -0.128007542885211 -0.0999749626053499 0.0705844797516129
-0.0421061084192855 -0.0905854033640962 -0.057199664679436 -0.0348862395547269
-0.0549407913878631 -0.0524882781090987 -0.188368607705326 -0.0795262998315346
-0.0741363062254166 -0.0257460806409372 -0.303885805352388 0.0484316080276041
-0.0956932816582918 0.0174538964425746 -0.305933149560808 0.184464076406403
-0.087256050195578 0.0290639124503171 -0.26546588890676 0.231094677944387
-0.0975040842652616 0.0190092017207805 -0.268747509783232 0.194599828002161
-0.093425560980657 -0.0314359278743317 -0.278847409733615 0.0858198691339828
-0.0524202726877286 -0.0735175431597657 -0.239464676991452 -0.054089359150705
-0.00624830939182541 -0.0831851774389029 -0.0988023736118843 -0.114109378590981
0.0347501384652042 -0.0756957085588676 -0.00166150686268461 -0.079155797944337
0.096802113550591 -0.0461313782104116 -0.0906707219909688 0.018025669216625
0.168657667718401 -0.0234037709183873 -0.365886557852394 -0.115064527778613
0.0627642129619044 0.0666849215137633 0.402728386220523 0.096782057705416
0.0751900560641668 0.0168284403821327 0.173937862074768 -0.0698800996882871
0.0404002192641565 -0.0649441943322074 -0.0119350188303361 0.0548235964009582
-0.0500360119089574 -0.0789887900467198 0.0531758158482657 0.133624581561913
-0.0748359229933502 -0.00242426678816281 0.20426039142298 0.11446213822919
-0.05512740089891 0.0407994202276217 0.305037959508947 -0.0315142796936991
-0.0251978394724509 0.0718600013262364 0.296787529381872 -0.170023918000566
-0.0232132887489072 0.0779694147543725 0.279193410429206 -0.212250832276528
-0.0335158604763402 0.0737198532144299 0.296169210718204 -0.187556644006564
-0.0652397041937303 0.039385504888673 0.296551280712406 -0.067883092104687
-0.0838663369927563 -0.0106417282985804 0.216764444691519 0.0533477388306861
-0.0433814595594072 -0.10334043517462 0.0934765800995592 0.0294020135111717
0.0685227246929789 -0.0720428282453619 0.141402904158469 -0.0400730618110383
0.0735771473925509 0.0417761453956634 0.378250981315443 -0.00841603022737266
0.0261812824296324 0.0779854029906728 0.588539504608429 0.304564448061516
0.251072048370816 0.102446611044311 0.350061584627349 0.10028424732566
0.23657428633057 -0.0206822494473996 0.160677081829215 -0.0483199929127092
0.121455405587955 -0.199623527445929 0.0100075923396139 0.0635899836193334
-0.0931344798400527 -0.235488038622731 0.054896635150105 0.129228955288424
-0.186501352806105 -0.0793367393770869 0.180857333357586 0.106466798530216
-0.179001424548561 0.0402174295663463 0.272476396178638 -0.0158621884561497
-0.142594557428776 0.144865419260968 0.25900750857848 -0.135640673385832
-0.12756294620034 0.170601089195236 0.242217928303688 -0.166134272022757
-0.151990412281982 0.157763241930593 0.250880429848329 -0.151610754726784
-0.211030740090968 0.0513546477253769 0.247978952424348 -0.0458574893974525
-0.215250948647476 -0.0779436349076121 0.169270929407936 0.0519590111409275
-0.119524049332667 -0.280818244383011 0.0648670709218697 0.00949485431951077
0.145773574469615 -0.255875620644636 0.144770959056212 -0.0655674509682005
0.279252642975907 -0.0201140949993533 0.361600119714715 -0.0553208041856884
0.268812382341569 0.128657318459585 0.540330012938428 0.224690568053884
0.417195468824334 0.12989414972892 0.238252129652081 0.0682990061423807
0.388436859497569 -0.0616732662755904 0.109522119268082 -0.0273495732633068
0.198359351657829 -0.329215046240189 0.0266184013207089 0.0804532531157789
-0.131275054156369 -0.383711644146937 0.0612709402613608 0.117515440566987
-0.286908697155738 -0.15511471138359 0.143384931010711 0.0793606974294633
-0.287490501325895 0.0299989259552249 0.203837721111243 -0.0046827441068382
-0.245771153522877 0.193674341958146 0.180373062960023 -0.0833866961618391
-0.212704580877681 0.236856650249476 0.168419304085349 -0.0945233528300705
-0.244034704426782 0.220682870061123 0.16908336643353 -0.0907122268676653
-0.323322232375542 0.0645878834198867 0.161122213277192 -0.0134004917907801
-0.323072919394722 -0.123080767462024 0.0919419749791318 0.0462297511163249
-0.199000475235223 -0.413078936277437 0.0208996179349317 -0.0148181073835705
0.181238314124433 -0.416136858806441 0.12768812842207 -0.0889328166312157
0.436408289933121 -0.099253235547284 0.299101707007291 -0.0909293612268497
0.469371297082519 0.145768718382075 0.414101617132952 0.127760498976733
0.531380484658093 0.138832798388623 0.0747409095135288 0.00343854335311312
0.507090200657609 -0.110265618932926 0.0130347449761035 -0.00991915985571834
0.252748105069737 -0.441210481261068 0.0295575514961579 0.0990691802544358
-0.168059749261803 -0.496320725671425 0.0626379905369513 0.0946609869923585
-0.359840843996754 -0.210135976831998 0.0847107771962234 0.0359572840301925
-0.361136316025553 0.0170118122160108 0.100129941410176 0.00310529548345374
-0.314101046879613 0.214912028706027 0.0700357272947378 -0.0204209884518535
-0.266864240817142 0.268190038044724 0.0694044817323015 -0.00809135622966919
-0.294065291851321 0.250316020076327 0.0640679298293707 -0.0129526533086602
-0.381775637295465 0.0701424314814616 0.0501570080252756 0.029073748391402
-0.380738298854146 -0.14478300747109 -0.00595735123905727 0.0404268637962076
-0.254121644053252 -0.477315213966704 -0.0346245062511093 -0.0373578761873623
0.178318134694216 -0.510196497085228 0.0922553277255347 -0.101399789991951
0.510896780724142 -0.165603240163682 0.200112519151336 -0.0995649440546002
0.590452333969582 0.133040560651065 0.231915497336304 0.0347123183798907
0.570639873889168 0.11979164792353 -0.121663432505445 -0.0823250460794362
0.549635271408222 -0.150219993112881 -0.118450605186207 0.00396326060487363
0.265062025611673 -0.491527279131354 0.0129458348473629 0.108168156306587
-0.184327766616595 -0.532319914876474 0.0475421064782133 0.0573815002431697
-0.379505755397759 -0.230640179015666 0.00481083773930376 -0.0147225567624098
-0.378888055749985 0.00411568788986834 -0.0273096201206892 0.0110221577193126
-0.333953237137317 0.206555394463341 -0.0563657506234632 0.0458140569806652
-0.279020383268164 0.258723018003376 -0.0410670359722387 0.0788870588379365
-0.301124572099715 0.238257986493353 -0.0463737166853808 0.0676110314891825
-0.378576208783775 0.0583302131603935 -0.06665461311711 0.0713709839988236
-0.368205009995271 -0.150493714777383 -0.106237744727429 0.032550330070852
-0.24898792842943 -0.457888448072865 -0.0864104916936348 -0.0579525623619652
0.155892622939013 -0.500248469113934 0.0520060606450239 -0.10297557328908
0.495532198723053 -0.185416596213709 0.0908291640021747 -0.0803054586482797
0.604652725709064 0.104782777463196 0.0281158645678697 -0.0382537525437678
0.519565898024652 0.0778304203252014 -0.320167402966175 -0.170273434181383
0.490788311518499 -0.163117624603931 -0.257152130367159 0.0107402587417794
0.228438693895932 -0.446259666844937 -0.0209893040056323 0.10139998759039
-0.165028412544659 -0.462344585496803 0.0147729441022299 0.0128586627913994
-0.324521404624798 -0.203760908769108 -0.0823969225127468 -0.0584666814506842
-0.328312318131179 -0.00787721206687153 -0.154904585862046 0.0193240075578037
-0.299735608694667 0.167462218197859 -0.175558159316262 0.106387456859905
-0.249982776427061 0.208967298746197 -0.144730474864741 0.154150572563944
-0.266909069487687 0.186744209645978 -0.148106363362256 0.134448552476259
-0.318351227191439 0.0287193026173347 -0.16829340074166 0.0979359104506408
-0.289786543745075 -0.143090985033339 -0.185203885342269 0.0140235249331647
-0.180813933302982 -0.369787400765954 -0.116864695312037 -0.078837097121167
0.128410274740165 -0.393582351698321 0.0215689857549575 -0.0969141349597746
0.403502658738098 -0.151859529484452 -0.000325373419036299 -0.0460738446117939
0.519158850410068 0.0702052817779487 -0.155034495662839 -0.0894487316672239
0.379576242789582 0.0191464401106158 -0.484216918606219 -0.243557516299709
0.335835884823983 -0.142595186243316 -0.371225507629299 0.00968982126770654
0.142097833283125 -0.312474839347321 -0.0631335897847352 0.0829564560912467
-0.110777736062373 -0.30050234539696 -0.0246522417691186 -0.0221998429972156
-0.205632812785716 -0.139019867128294 -0.151601608073631 -0.0839183703482965
-0.219463600970064 -0.0179739706531816 -0.254223856322594 0.0295900297189508
-0.214918379166924 0.100987645023052 -0.265688544056933 0.154174685232009
-0.182279471951347 0.128760083567702 -0.226715397925254 0.206056586040727
-0.195211637318802 0.108517080374293 -0.227454959490374 0.175588540770096
-0.216669506211151 -0.00509475137277993 -0.241854108799268 0.100371879082752
-0.174608245877335 -0.118091988526496 -0.228829101962148 -0.0190566375569367
-0.0872250409367413 -0.235045381765149 -0.117349003757856 -0.100165773264743
0.0899844405664663 -0.235462517709833 0.00652456855224717 -0.0887216859385845
0.259431283107927 -0.0946311141367415 -0.0598756772891713 -0.0115132407708129
0.362434408345428 0.028922492372797 -0.291185987177492 -0.117619973597987
0.176738072945915 -0.0407656840955151 -0.583468039822328 -0.289621980706788
0.123765886125497 -0.0971499396172751 -0.443556906136262 0.0103775264861694
0.0337658382431456 -0.129251391915552 -0.103242942061864 0.0677361799223199
-0.0425009475664903 -0.0928345508597673 -0.0563552808565912 -0.0363111329078845
-0.0546732454171971 -0.0549566764745699 -0.187707215629039 -0.0851376184567863
-0.0750897434909561 -0.0282031080747598 -0.306219484779318 0.0397509575047676
-0.0959730036635449 0.0158965175974036 -0.312007662648194 0.179324904978066
-0.0877496499192791 0.028121804881651 -0.274106736189895 0.228083582394264
-0.0970957562065323 0.018408581755421 -0.274868030102204 0.187797573737949
-0.092737237765277 -0.0326182280453299 -0.281756957502414 0.0780253029943457
-0.0520285625323964 -0.0742705948708717 -0.237044439745415 -0.0603055378328766
-0.00554849994697187 -0.0828186367409875 -0.0958310979951176 -0.117886479718693
0.0349010396960487 -0.0746491070933029 0.000875351606514988 -0.080162575486233
0.0976783219912338 -0.0456383613626377 -0.0925041296572698 0.0147374611173424
0.168713904698716 -0.0187835234172823 -0.366882653771399 -0.123676023168023
0.0617990117828671 0.0714232640858027 0.424557446792975 0.107333732339525
0.0786556425375595 0.0206843309452287 0.183351193046881 -0.0683509259838549
0.0441209796511231 -0.0664648974374615 -0.0122249813336206 0.0559894424535226
-0.0498481710506105 -0.0828424153389546 0.0532261533292673 0.139274708155196
-0.0782882880445366 -0.00354607135422121 0.211776111812291 0.12224133527068
-0.058293957051177 0.0427575165423595 0.318489296434521 -0.027788376097108
-0.0279172095939975 0.0743614278531571 0.312208234990106 -0.173160828325554
-0.0251921413172362 0.0810548956196724 0.296265936295225 -0.219673281727795
-0.0362950622808183 0.0757089518541174 0.313020467605285 -0.190958013704089
-0.0691339323710692 0.0394424457247874 0.310907182263904 -0.0660794593386797
-0.0863783037279815 -0.0126322128317471 0.224825245528512 0.0583681145403657
-0.043849260595878 -0.108850236087759 0.0963656245540171 0.0325096241351326
0.0730900903791039 -0.0746888919491654 0.148582851819741 -0.0392224604538853
0.0771227044538545 0.0465255723909365 0.397073323195292 -0.00161472586174881
0.0252145041202656 0.0819654140111571 0.612940690825577 0.328782730855314
0.258385666997495 0.110930367789753 0.368906421515739 0.110529520813418
0.247777455034533 -0.0154598113830465 0.170389065367062 -0.0470026950852886
0.129386786855361 -0.204847115702521 0.0105283759309763 0.0657065701986742
-0.0938433238973622 -0.246658093476605 0.0553333188194142 0.134603561184514
-0.194898353387028 -0.085847458196199 0.187184790951616 0.113753467855321
-0.188230067105917 0.0408747997935236 0.283955662679711 -0.0129424324022158
-0.150806832598251 0.14816446057011 0.272323956552697 -0.136224409986257
-0.133956643916718 0.17567419833094 0.257667022374484 -0.171812300996862
-0.160591970111447 0.161966552671252 0.264648667794402 -0.15386664534964
-0.22204280807495 0.0502598681310198 0.260394155086569 -0.0433524561209322
-0.223642613829816 -0.0844214751538458 0.175638086830934 0.0567716169408744
-0.121051891107257 -0.295934875133042 0.0667499658215382 0.0101844194316615
0.155150105393499 -0.26625870423581 0.154018894888187 -0.0666658316908487
0.29364437124808 -0.0136879436127576 0.37996376894257 -0.0511193457042375
0.277908882383296 0.139701117522208 0.562708847772464 0.245499814770825
0.430153221587108 0.142111852364887 0.252897886676776 0.0749752406724152
0.407896104377981 -0.056753720415355 0.116656208920084 -0.026250777353894
0.210201998939421 -0.340042950084715 0.0282520205823318 0.0830719151550001
-0.133638147357157 -0.401349896458948 0.0626471656298778 0.123871163341436
-0.299006627033008 -0.166531338218657 0.148554930609905 0.0855042020953209
-0.302843658417979 0.0278577783487033 0.212324921177442 -0.00258434253653685
-0.258567911685387 0.199233118714099 0.190806192179234 -0.0820934789538518
-0.22369222074487 0.244320820865722 0.178998424832208 -0.09649192004016
-0.257140188668873 0.226826638976469 0.177609008784688 -0.0906748402015284
-0.340104847999316 0.0633946550954114 0.169418201468585 -0.00984038878626499
-0.336230092805095 -0.133062871391778 0.0954146622417556 0.0497018543607469
-0.203370168909132 -0.435600036420385 0.0205745065197425 -0.0165237919017021
0.194059981882187 -0.432678522868038 0.137235128770757 -0.0920513922638896
0.457801364727185 -0.0934948212337358 0.313802097815651 -0.0913594879045216
0.485719270614065 0.160068853822423 0.431933037057658 0.142359520738284
0.55089276468762 0.153857900802278 0.083001691575091 0.00395036409580768
0.533148047496262 -0.105204335752075 0.0154567054370792 -0.0102409529258481
0.269097240429515 -0.456013022382417 0.0310050415867876 0.103428121651561
-0.172045189491 -0.520815913906442 0.0648404846253951 0.100928766229141
-0.376626082105312 -0.22511099748057 0.0882289627559456 0.0390938581441146
-0.380277600900432 0.0135060549507643 0.104298790013741 0.00381778900763523
-0.331244736213841 0.220094539058931 0.0753415950667756 -0.0171268261039387
-0.279822985694797 0.276912171884544 0.0735744148646713 -0.00740087486314405
-0.309747398708598 0.257176688342303 0.0665841190236395 -0.0107331866916748
-0.401671051197229 0.0684493897240384 0.0529642852148547 0.0323415684194243
-0.396600748876123 -0.155869979188507 -0.00649181978379391 0.0421831833581224
-0.260053937422579 -0.501645559680937 -0.0371129812152418 -0.041470370032786
0.190922371949571 -0.530320012992219 0.100431813431573 -0.106562473793791
0.538211759863267 -0.161915542210815 0.210592534599534 -0.102914865212572
0.612177865109391 0.149853558556722 0.241381097188171 0.0425989240149263
0.593587834273954 0.134165097658087 -0.122410201249836 -0.0889143000479435
0.580457758533929 -0.147617090706427 -0.123400801982428 0.0016369886104515
0.281327890142165 -0.509932860089324 0.0132665876175808 0.113615967607275
-0.189426833991489 -0.558759970801043 0.0493526989869114 0.06236079469838
-0.395926657818042 -0.246487522852797 0.00493055797723286 -0.0143740902611636
-0.398918162366282 -0.000822785000083495 -0.0290094407460574 0.0096085147830539
-0.351276728141611 0.212225188116226 -0.057450152569256 0.0502064132279241
-0.292731224270475 0.267085451569542 -0.0427269602245661 0.0827457581286127
-0.315827118219049 0.244334992052712 -0.0511909405554853 0.071464603970331
-0.397106988699098 0.0555929199680348 -0.0695388740338199 0.0742976493550207
-0.384319137693848 -0.161023562030683 -0.110810872905518 0.0326089625968961
-0.254513368283813 -0.482745782759354 -0.0914398016940014 -0.0636100504014173
0.168085608056957 -0.519778206436026 0.0588381284315627 -0.10899902707193
0.522138444130548 -0.184022489700329 0.095528555129104 -0.0844418684444905
0.626666311705428 0.121176106765381 0.0289836749054872 -0.0376683775078223
0.543317564299323 0.0890762755877468 -0.33019453442134 -0.184224254705608
0.517783811021785 -0.160728151191844 -0.269278086323512 0.00578774720208674
0.242214722991012 -0.463511029512229 -0.0226429251083379 0.106360863079665
-0.169647423985951 -0.48567869292132 0.0158089208077933 0.0156027322753519
-0.338109232476612 -0.217784314451747 -0.0849782500487372 -0.0619630664767119
-0.345686742062831 -0.013361729420868 -0.162346388204816 0.016941654181015
-0.314081386808465 0.170346989764886 -0.18281682492341 0.112119901753704
-0.261839867656707 0.216764466107365 -0.152967261692507 0.160909438289876
-0.278766156455387 0.19157124347015 -0.157857109421255 0.139512768038307
-0.333629799141351 0.0269835820564755 -0.176678801662466 0.100631397636213
-0.302736922838923 -0.15231606071166 -0.192437706686786 0.0116844274318778
-0.184107194269497 -0.388543731512891 -0.12221003039725 -0.0867436434288947
0.137729061445527 -0.409530997782959 0.0259957380705146 -0.103515229908575
0.422427678315291 -0.151306983509117 -2.53138714077972E-06 -0.0494411517601946
0.539618077337528 0.0819862122787495 -0.162975831507295 -0.09385086118939
0.398047849686543 0.0263220472757765 -0.502810363982518 -0.26547071048139
0.355817347386569 -0.144535778798349 -0.389992750490532 0.00271049134065473
0.152002055413513 -0.325939305896082 -0.0669285329003518 0.0864254631616068
-0.11594879747617 -0.31613945304605 -0.0245291072030964 -0.0220511909862571
-0.214938925721488 -0.149511707828918 -0.157032919930141 -0.0895738273621104
-0.230931153281932 -0.0219126143533265 -0.266407977264536 0.024988902409308
-0.224609115281275 0.103015301569099 -0.278707311099259 0.158841057007238
-0.190927451096078 0.13339017791611 -0.240526018554511 0.213829294561959
-0.203637051381241 0.111854322555718 -0.241534864220742 0.181472626148125
-0.226543696643954 -0.00742458434117581 -0.253332801078121 0.100727964368807
-0.182420036449718 -0.124286936454231 -0.236986426763985 -0.0238396462176738
-0.0880928901779272 -0.246036447235201 -0.121554585568838 -0.108049647808652
0.0952413072937848 -0.24427630821645 0.00961529526404951 -0.094376409508081
0.272150487065394 -0.0949261584370384 -0.0628085006237806 -0.0144151854016609
0.376053021256023 0.036567446761584 -0.305636386326287 -0.125701118716957
0.187117503980218 -0.0401952667900024 -0.607506260636877 -0.313902824820014
0.132833210215897 -0.100352164175447 -0.46541452866673 0.00172523109793012
0.0354000641722748 -0.135418012444964 -0.109412896120592 0.0702979630021921
-0.0456577484299338 -0.097961236018587 -0.0574817634638874 -0.0379367764890914
-0.056985653549225 -0.0588460409829883 -0.194628246823243 -0.0920927269438249
-0.0791389162037549 -0.0309399710565243 -0.320547778581896 0.0358592447741652
-0.0993567294419731 0.015993831115031 -0.327078374067992 0.184083575084249
-0.091384611631702 0.0292168452295482 -0.291629801599867 0.236026804118979
-0.10057992714012 0.0192483968540101 -0.291842482286267 0.191576518266285
-0.0965033083546956 -0.0343401196988126 -0.295566432132981 0.0761080400020991
-0.0550454332553592 -0.0768829282722624 -0.245198454289636 -0.0669992655876124
-0.00493208697202121 -0.0856812323937895 -0.0976264845756371 -0.125253945273574
0.0359576574695367 -0.0771840705796913 0.00226838008365513 -0.0840924884326316
0.101450860122409 -0.0475269102643583 -0.0968238936427889 0.0131686714766686
0.17598098932248 -0.0163112684868882 -0.384669762577991 -0.133608194047283
0.0646420028896258 0.0758589217178194 0.459873455514655 0.104645339372658
0.0849421433476425 0.0227783776898476 0.19597755317684 -0.0759568288949556
0.0470015824481278 -0.071371131663226 -0.0112342491473715 0.0594173060243253
-0.053956854243187 -0.0873089722764848 0.0593494154109005 0.145727120412989
-0.08359599228283 -0.00184107337986678 0.228379199837123 0.125679189288442
-0.0609841133056195 0.0477017528192513 0.338969452078447 -0.0358043827303957
-0.0287491881631329 0.0795405786086702 0.328462076282221 -0.191385379566993
-0.0246359239757202 0.0865643307080476 0.312556215723213 -0.244268729380788
-0.03758055949585 0.080989925760055 0.331158321054602 -0.211618071634693
-0.0739086467773354 0.0425892575204692 0.330486807469658 -0.0768747873350016
-0.091417059932805 -0.0117673427982812 0.240920550514442 0.0572585332850956
-0.0491616271513247 -0.115629161356132 0.103214107989089 0.0332331469469297
0.0767211128649649 -0.0821367986626058 0.158202085695351 -0.0453849209381492
0.085092140526611 0.0492137187289377 0.422997080037183 -0.00904002380304148
0.0275286948354418 0.0873644134570792 0.662593469432189 0.33860248103423
0.275323397618944 0.112821867333402 0.401753755520807 0.108822127792045
0.26498651482612 -0.0200904190187207 0.182576016801326 -0.052718014269215
0.13373364072815 -0.220808651425191 0.0138768607029833 0.068893096010601
-0.107188294910491 -0.260179383736699 0.0620226566320106 0.141490328596735
-0.211147892731452 -0.0870728136028978 0.202783593959329 0.118099238120947
-0.200649357147822 0.0487426112713531 0.302277295141884 -0.0194696565901145
-0.157823578124922 0.161188066367089 0.28830349703789 -0.150463363174358
-0.137551757549052 0.1915029126219 0.272193631285939 -0.191027684180082
-0.167699716705067 0.176215531225274 0.279749358456898 -0.169708980527557
-0.236952044605628 0.0586058374087119 0.27870301849288 -0.0512156354756636
-0.24028176998006 -0.0854270289488542 0.188486793894239 0.0570184440539861
-0.137277876887766 -0.314293191447776 0.0699350079431 0.0088365433439612
0.159942110178129 -0.288897576978372 0.164229735109354 -0.0760156349499167
0.315934127869711 -0.0199730218218066 0.40446278456978 -0.0632992369550692
0.298413569751619 0.143431065265005 0.60882337990612 0.248954990477654
0.461246267440465 0.142565481466635 0.277284782878036 0.072998968547908
0.435948123211864 -0.06861377065828 0.125661169585984 -0.0310276599734655
0.215954994734929 -0.366609657041117 0.0334815381491054 0.0876386130977447
-0.155147203937653 -0.425136436290236 0.0701019169242301 0.131166162511097
-0.32543606003995 -0.169736622114502 0.160833315110755 0.0885769993883669
-0.323596323146592 0.0384805023264422 0.22600720503029 -0.00727895108608129
-0.270294183302767 0.218418185684088 0.203436285416056 -0.0901623981850373
-0.230270834403698 0.267746456809571 0.190692133375145 -0.108407953641386
-0.268367720546413 0.248311184170145 0.187560542516315 -0.0997961087708903
-0.363475269632519 0.0749607989627705 0.182459773860425 -0.0137071289955788
-0.361240426312109 -0.133705605607015 0.102943349107101 0.0511887024250073
-0.228899516193121 -0.461517239578336 0.0186081972357923 -0.0194301785346155
0.196318375165792 -0.466929395489952 0.146640565156682 -0.104296792711594
0.490836064297032 -0.107728845295269 0.333495249564876 -0.105083801010324
0.522530869869331 0.161082600097491 0.465745861506065 0.144021123995969
0.589502262750012 0.15097799814421 0.093310366360081 0.00139552977238574
0.568820273734908 -0.124297213368124 0.0174692858093879 -0.0113889937054506
0.273517284117525 -0.49282597411324 0.037458319856215 0.109630192762279
-0.199816451701481 -0.550559204410602 0.0726732934390963 0.106999915455625
-0.410201943633051 -0.231961552764796 0.0955927391670019 0.0408723735073786
-0.407788006298451 0.0245410721419043 0.11027158703957 0.0010407182516915
-0.347222274857807 0.243141625367174 0.0825628957916751 -0.017913547752959
-0.288569311267646 0.303556431334666 0.0797565850381164 -0.0093161457507463
-0.32350819610397 0.281846647551125 0.0700173433982745 -0.0110722895665214
-0.428456236259467 0.0829096467289008 0.0591313192978568 0.0343057413284406
-0.428067868394292 -0.15657539737939 -0.00560755784538691 0.0459552970666538
-0.29076265726565 -0.531430295540223 -0.0436319574920908 -0.044717012766288
0.190433721382039 -0.570830110117762 0.107562894402798 -0.120021535663572
0.572390417356712 -0.18283388888739 0.222531403060514 -0.115373653541947
0.655624922346943 0.148117024209739 0.258864608653446 0.0423154337347095
0.635287180648046 0.131014234684256 -0.12985180051529 -0.0934968616150329
0.618443412885342 -0.171693207921191 -0.131344115305885 0.00415295443071231
0.287224372437353 -0.550082958146759 0.0183436229562657 0.121820723005124
-0.220038801614504 -0.592453137899811 0.05605675656302 0.0671044560496273
-0.432086719617595 -0.253550211256641 0.00601383299848891 -0.014337508115441
-0.428841129969374 0.00966877760632002 -0.0321341253791435 0.00991643861465587
-0.369207541016892 0.235032332694092 -0.0570400570380399 0.0581920518578247
-0.302933315506032 0.293675894923668 -0.043095816649148 0.0909806775797134
-0.330296547112244 0.268695928325149 -0.0536901748235499 0.0798332167754767
-0.42460521517533 0.0693932975271182 -0.0709163955287057 0.081675759989689
-0.41523519490812 -0.161725376346349 -0.116823557676132 0.0376076997575306
-0.285113711791026 -0.51051655376333 -0.102314647088352 -0.0676132290782936
0.164511975184206 -0.557465413887272 0.0625800078910495 -0.121630652936844
0.555661403674959 -0.204357533623163 0.0993720471781905 -0.0945241151720619
0.670285763764914 0.115127994403536 0.0282593154459707 -0.0387543774412821
0.582566308620291 0.0829758226050023 -0.356617163524334 -0.191040528076684
0.552179334237744 -0.186258614434935 -0.289258503686097 0.0118846991512677
0.244746211217833 -0.501015441287777 -0.0203513774067672 0.114956241816228
-0.197112460215061 -0.514517645978834 0.0195867352418929 0.018448270647269
-0.371066086015474 -0.225196890418347 -0.0918957050508259 -0.0636061023729518
-0.37313633951795 -0.00463066185397674 -0.174357427009017 0.0202923261539893
-0.330634675938431 0.19025172691672 -0.190750583400895 0.126459422056579
-0.271256433805416 0.239805504477641 -0.159755467541739 0.178019781556187
-0.291504356858863 0.211771627404404 -0.167579062430726 0.154840791982184
-0.356173393877372 0.0376167320241762 -0.185288360574925 0.111746010235023
-0.328043256232495 -0.153941048546359 -0.204195764187018 0.0171503280105396
-0.207876338493777 -0.410539289719562 -0.134779271926327 -0.0906180744492289
0.134343908007507 -0.439251176695542 0.0276495056754064 -0.114343724366801
0.449161992912985 -0.167860601313048 -0.00171794118222125 -0.05564375966763
0.575704543535161 0.0774473865105886 -0.17863955825975 -0.0943492165517848
0.427609438139857 0.0194309114120451 -0.543377178772912 -0.272395283496537
0.380590622931051 -0.164210923964564 -0.418966709349994 0.0107062363973911
0.153033958334326 -0.352375299351541 -0.0687517956504387 0.094761990771845
-0.135312617896534 -0.33511898825714 -0.0248524391464418 -0.0217319238938449
-0.236060340507445 -0.155128987072584 -0.169515385402881 -0.0918396560472246
-0.250627048122078 -0.0175291049989901 -0.284752312964628 0.0322638100362466
-0.236172928205293 0.116237129069221 -0.291809588091457 0.178369748729152
-0.19853442336824 0.148665428360654 -0.25192749824097 0.237550028966211
-0.213102273889118 0.12479341701424 -0.255231286024323 0.199751809625883
-0.24255674669585 -0.00182615526591726 -0.267979882338121 0.113231594868946
-0.198760213568367 -0.127146483634722 -0.252461067608927 -0.0201589958600206
-0.101005384514573 -0.260460662553581 -0.133833360393003 -0.113961873964605
0.0935903800939728 -0.260956615742459 0.00925421953972667 -0.103947810739699
0.287687486910743 -0.105212282169403 -0.0676442069470986 -0.0165292019804055
0.401153284619612 0.031808097811209 -0.33222489601377 -0.125646715046938
0.201426780681879 -0.04731291412222 -0.659190098638908 -0.324007260412469
0.141823955238536 -0.111752171204269 -0.501197791032704 0.0118254898886135
0.0334957521364824 -0.146760358982644 -0.114263562196872 0.0781683726824383
-0.0536093728304297 -0.103475561612729 -0.0608327439077964 -0.0381060410568696
-0.0637712841433051 -0.0625804824462688 -0.210034910133142 -0.0941986805705153
-0.0869668429448558 -0.0312983461380572 -0.342495272642465 0.0445586468735803
-0.104724254777599 0.0205324433399133 -0.34482947054243 0.205450922762667
-0.0958731438336949 0.0350705344630039 -0.306188796266697 0.261985016595109
-0.105567953370665 0.0240539856730285 -0.30873756049315 0.211856059333562
-0.103605153317961 -0.0325914589519054 -0.313868746149902 0.0877840810943377
-0.0617196846077942 -0.0790360768598435 -0.261350412113719 -0.0662902094556858
-0.00890848883539831 -0.0906622206694226 -0.107014626011091 -0.132449762718583
0.0352736810366717 -0.0823297130857045 0.000529709337673063 -0.090659101755249
0.105878346674735 -0.052686645715631 -0.102766164377056 0.0141061676645289
0.18705596337539 -0.0213424263791259 -0.418470891649992 -0.131730575754129
0.0586695408258994 0.084320866180382 0.464265432474354 0.187242266617205
0.0825978950466468 0.0371397665604733 0.221144783513575 -0.0467164483085997
0.062975365669545 -0.0627321135241425 -0.0181127901735743 0.0552159271551281
-0.0368588689530499 -0.097690571782848 0.0370548283476897 0.155305508497675
-0.0820662155046333 -0.0207753986641144 0.215752242887782 0.168596321614487
-0.0697513877076284 0.0359990810031103 0.359954234346364 0.0160596006515876
-0.0425567747895428 0.075901205060628 0.374885229537165 -0.149387372564558
-0.0415112244172426 0.0821117962486706 0.369968045945361 -0.208228076859633
-0.0540346855180085 0.0772769462407458 0.383311563740596 -0.173547273042943
-0.0834917614396505 0.0297851391249715 0.36210732333408 -0.0322204488054613
-0.0908527949641674 -0.0311635977608969 0.246385240953822 0.0974844602278168
-0.0308952668590021 -0.129482387485376 0.107193182979694 0.0570225143901782
0.0995234802883477 -0.0701210547139773 0.170445368220275 -0.0209965080609067
0.0871303834570336 0.0716140422028271 0.438072341799846 0.0574268859282201
0.0196837327354353 0.101764870810667 0.638076068476466 0.468835788378772
0.266953747237959 0.160802072806111 0.411471310636638 0.184206734000233
0.274384852395651 0.0237746220291611 0.208724659864365 -0.0261815314361468
0.176011154907857 -0.200205717362144 0.0125122090892312 0.059902274883681
-0.0642279184722844 -0.282686392529868 0.0418743866198061 0.13952959086299
-0.199574046405888 -0.129380963685572 0.182195288441294 0.152772562240116
-0.216327364343003 0.0132314619922891 0.315409542948258 0.0272780192812292
-0.189352433276612 0.138925072607734 0.322164633994455 -0.112445839720277
-0.178607222551841 0.169098525123651 0.319050193551383 -0.158926824557801
-0.206554349602517 0.153090049243269 0.324014159583894 -0.140494914805717
-0.25877100493088 0.0179574170297681 0.30575735902599 -0.016669475904403
-0.233563864477959 -0.138474655427626 0.197677969981602 0.092594568393271
-0.0905790107955484 -0.353731172992147 0.0847581996714877 0.0350654027589805
0.227745260059403 -0.270303096057748 0.179534894695955 -0.0484540793508779
0.344078974018804 0.0437065209153674 0.415432426363017 0.000366152894863986
0.29971817832143 0.216302392554127 0.58321112646019 0.357412459990598
0.448981393404844 0.225326575790335 0.29577062579416 0.12917792109721
0.4580540500618 0.00341250045819975 0.151414967682928 -0.0131511257323753
0.284203775313549 -0.334516437211278 0.0357496401097533 0.0739856541535246
-0.0893042051753493 -0.456376073903371 0.0542454934943892 0.118538775818997
-0.304849096241193 -0.234378846854061 0.135825188364749 0.112249303107956
-0.343480162627436 -0.0183555113877309 0.229677086499441 0.0264999414522733
-0.315453854121435 0.179542224016587 0.219252656432378 -0.0619474444272904
-0.289203306907663 0.232055719089208 0.219611602611367 -0.0845638179762219
-0.323963648192514 0.210214367589775 0.215889688297562 -0.0816223610007292
-0.394052199093428 0.0135762213671907 0.201505232996606 0.00604514161193232
-0.353178137032718 -0.214042776511919 0.113143818548426 0.0759476275550337
-0.163368134302036 -0.52498900355086 0.0440746073889072 0.00386596029285253
0.302120758240453 -0.450308579907295 0.163872205659978 -0.078064317646871
0.545143843656832 -0.0163136077244 0.339736882167422 -0.052296612320842
0.536120154112267 0.278891478923681 0.440313650141837 0.213605641581749
0.577888653712221 0.258254546838599 0.122340521235946 0.0268453731321785
0.604367610021685 -0.0314656117799493 0.0388243711552378 -0.0119358288942107
0.366745318633747 -0.452712289835553 0.0402552692887134 0.0900434141300634
-0.117051225996087 -0.592792230600865 0.0611106802343404 0.0853001473249845
-0.382833717915927 -0.310716317643584 0.0697682067757692 0.0501639474423487
-0.431096650996876 -0.0457771240545324 0.104894054842518 0.0167819811330241
-0.399391433642241 0.19347582051131 0.0779828459197413 -0.00508658482911031
-0.3579510618281 0.259700594285144 0.0864194129359285 0.00287726943205482
-0.38734622990542 0.235609814452142 0.0769583950734387 -0.00697100255573428
-0.464879481003468 0.0107445084154954 0.0649856030329576 0.0372306338286895
-0.42012562138582 -0.250559419129167 0.00294018290835997 0.0547322240561303
-0.218068535389691 -0.609831359933973 -0.0127175887629139 -0.0307867982644021
0.316108644129989 -0.55938313136412 0.125764320104583 -0.099209937777133
0.644926716234836 -0.0812196502747589 0.220676492344635 -0.0795056696504285
0.678190121898922 0.289226866043963 0.232372430270903 0.0693850397791628
0.626158936044525 0.249392684575925 -0.0921860820614314 -0.107119220497154
0.6634899648395 -0.0678509111141422 -0.1189110712119 -0.0204493093819934
0.390647786363079 -0.511003352018758 0.0201732432915687 0.0961898971560645
-0.133776991737004 -0.637973284982032 0.0507880688324782 0.0374640305560451
-0.405749168091121 -0.335981182149418 -0.0175074803077218 -0.0239359714843792
-0.451570472543854 -0.0631616727888474 -0.0469174361522113 0.00335298150575668
-0.420470492885389 0.183168473281212 -0.0824994511851707 0.0525453919209703
-0.370596274344946 0.249746631432681 -0.0599163837167519 0.0908068759324696
-0.39139622816625 0.21987169070901 -0.0685232945734834 0.0704460448466181
-0.458590350508927 -0.0026775564355592 -0.0791910563320433 0.067321371882718
-0.406667867736419 -0.254906083329347 -0.112205812652678 0.0299251498102259
-0.214881050640578 -0.587844002580131 -0.0706647042036136 -0.0647107751495893
0.285496479094042 -0.550837422755106 0.07950001408164 -0.108410809045405
0.627598485988447 -0.108653427260881 0.0909632449992328 -0.0768961660635277
0.699498110398409 0.258348167856035 0.00277741996295026 -0.0543924044913395
0.573503672110475 0.193767701007157 -0.312892085484473 -0.247260614417406
0.59821947613748 -0.0921686812832358 -0.287768777821622 -0.0378992217953526
0.339537299701319 -0.469024129377034 -0.0218833810094317 0.0862430240734445
-0.123222858913495 -0.55690269521218 0.0198287182076621 -0.0140452266697688
-0.348158344895665 -0.294769739527626 -0.108492462148928 -0.0899526118858237
-0.392510344716029 -0.0673652096380346 -0.197140276299333 -0.00877083987156222
-0.373354463860084 0.142921055470395 -0.231790490242525 0.103272425036409
-0.32708090425315 0.199863053470113 -0.197035526645639 0.163756143903798
-0.339873959025064 0.16851639603603 -0.200563177030094 0.132562175326865
-0.382379077355206 -0.0239493284755435 -0.204631540451923 0.0824959778908173
-0.316820739710266 -0.227943725965541 -0.203562238999315 -0.00599752664874433
-0.151144685750833 -0.470029710352244 -0.107432779660806 -0.0979385487407341
0.229101205313797 -0.430807384681415 0.0426668390886887 -0.109071021089336
0.505951226060083 -0.0903645367607253 -0.0146996556065663 -0.0532391864692134
0.601986532059068 0.1974138204532 -0.202018016479451 -0.146064953959136
0.424881444866928 0.102703555299322 -0.499269462715842 -0.36728869352297
0.4170443133721 -0.0971502705260019 -0.430626859887157 -0.0585452422466397
0.218379275458644 -0.332660379687143 -0.0752970774321858 0.0670472958116854
-0.0893597204968101 -0.363003042404178 -0.0207982724566434 -0.050843518677068
-0.220991248599406 -0.198420518039176 -0.178300997624471 -0.129527265257027
-0.262029634568087 -0.0590504846818612 -0.312771813191553 -0.012988340571426
-0.264145839508079 0.0823255253625426 -0.345462383245236 0.142107441592934
-0.234463574963173 0.12020877747724 -0.303920804872367 0.212152441688517
-0.242471613975146 0.092418084632979 -0.301669054464886 0.169947815948171
-0.255601804491672 -0.0439101602436689 -0.294098878474221 0.0737292397137234
-0.186773324705246 -0.173766580233421 -0.253412639664222 -0.0543263864644138
-0.0641926754224972 -0.293606363806973 -0.111101174365499 -0.128229670947466
0.150099663141722 -0.253955199383501 0.0229700065323333 -0.104098100546083
0.322061655540331 -0.056444083294665 -0.0816261920376332 -0.0258562491488009
0.422411984647146 0.113460710535203 -0.350118563113998 -0.199560845824172
0.20174127138025 -0.00611051361190787 -0.62156530238552 -0.441167531541084
0.163279241784212 -0.0839723294601421 -0.524594797824151 -0.068791828317399
0.0588497916941668 -0.14313557923 -0.127896780164396 0.05429957533888
-0.042093006798325 -0.112722241075991 -0.0574717982701903 -0.0581140096498683
-0.058336808445951 -0.0722390756939368 -0.209981690753371 -0.135272833145792
-0.0889838401860767 -0.044326860011624 -0.370626637299767 -0.00807435450462011
-0.112487014402746 0.00536614423635453 -0.40030080085634 0.16254910638175
-0.106621025232831 0.0223243543888337 -0.365427981239438 0.229653932855492
-0.112555765210904 0.00765281863596098 -0.359723252798532 0.175349623536112
-0.104259649402951 -0.0518044206938081 -0.342538304736236 0.0425656873828458
-0.0525848196637266 -0.0954204526949511 -0.261162090801348 -0.106384172800605
0.00560400648053578 -0.0981860554433094 -0.0890400567439187 -0.151017436614152
0.0522100612619667 -0.0792279607425018 0.0134901952539062 -0.0944143216994419
0.119192980589937 -0.0363752112031006 -0.114442450398068 -0.00154593107757251
0.201307572899099 0.0139819913065141 -0.428973529168793 -0.214414830996153
0.0643235214791927 0.0810567292613205 0.4911119601439 0.147295683282502
0.0870572103353833 0.0324816225498556 0.222431801627641 -0.0665068264253463
0.0590595819084456 -0.0680765531874388 -0.0129546201790241 0.0574969624196656
-0.0451358045144295 -0.0966976873912847 0.0496424478201938 0.153426834109454
-0.085099584997131 -0.0135100990387158 0.233313068147013 0.152167412207029
-0.0666541296112737 0.0432918260623197 0.367515784114938 -0.0140352174941567
-0.0367400132282487 0.0813184563390835 0.367537846939491 -0.183473589722688
-0.0347128350470544 0.0863340871121634 0.357201517436169 -0.246055032490479
-0.0485174480797273 0.0825009663330623 0.374805764137029 -0.210937763132835
-0.0828924093963287 0.0374514866502061 0.36440440740106 -0.0630968230386592
-0.093655252956288 -0.0249215864437354 0.257478607543122 0.077307608645699
-0.0431759194395692 -0.128263706922009 0.112980498114629 0.0483293475709802
0.0943166041807997 -0.0808525827417645 0.171317266347258 -0.0354828920233798
0.0959120194488128 0.0651503870840271 0.448666163192995 0.0223534406037253
0.0281152796591447 0.101681172469008 0.68959064228993 0.418203995048086
0.280903650073005 0.140003264645958 0.43804644045578 0.148252715147951
0.280346510642963 0.0020880937330015 0.211988167790007 -0.0445006502617664
0.160093757287643 -0.216461698711853 0.0188211743895307 0.059252397264358
-0.0910692716859724 -0.280010528944517 0.0544513421505108 0.136789190240165
-0.214849031796194 -0.113510902735045 0.198415538309297 0.139585752148448
-0.218059519377596 0.0334880419207017 0.322356169231472 0.000496011252750752
-0.179290985759864 0.157599289992376 0.318353282723017 -0.141079297151445
-0.164448069913544 0.187553594664248 0.310388375931826 -0.191414792700404
-0.19622726817381 0.173082177223567 0.316945269420658 -0.169794410856784
-0.26226455665511 0.0401297489336536 0.310161526045406 -0.0424427271993943
-0.24786485818037 -0.121224160956838 0.208185194534461 0.0769189960357796
-0.123637999729169 -0.351153989649271 0.0871842802383326 0.0285594797370273
0.207126036004993 -0.2931838200215 0.178747580997926 -0.0664405949664233
0.355621623710763 0.0156014101464999 0.420913105309959 -0.0354179602368028
0.320818387589271 0.192945014544009 0.621878665728413 0.312173336724126
0.471031667645692 0.189689428803648 0.316248959270146 0.10342717236762
0.465045330591042 -0.0355105157081586 0.15453020173918 -0.0264866092044373
0.257828504738939 -0.361437011327583 0.0440074183666513 0.0709527059835893
-0.133626813483506 -0.453364068003457 0.065876709840379 0.114738891754219
-0.331279428972447 -0.208920020610303 0.148832335619912 0.103219935560795
-0.350852578073312 0.0140347877254779 0.234842128958317 0.0071589734889062
-0.303210335274039 0.209417919105553 0.219675264273976 -0.0807600256128414
-0.269475006031147 0.261206794151219 0.216408205423055 -0.106256090137971
-0.309595202179695 0.241255122506168 0.212482523832132 -0.100295878440428
-0.400238193054206 0.0481810693098229 0.206636586372603 -0.0113602331632747
-0.377361601653271 -0.186891135668805 0.122618969516386 0.0678729510970329
-0.213084793778176 -0.51913692848065 0.042327394265092 9.03651477443772E-05
0.264891707346566 -0.482464178964808 0.160881684274492 -0.0969301116534178
0.553372742892201 -0.0612650417505763 0.33793571190629 -0.0830697840634387
0.564664471655183 0.236465561072461 0.465154856164951 0.180754877344285
0.606331534316448 0.212400596970814 0.129841591914363 0.0153151126522783
0.610420308419196 -0.083624710655931 0.0400841006978552 -0.0148075055420677
0.327566610852061 -0.489730114132117 0.0506500037593619 0.0864838032696365
-0.176364521318888 -0.589215856318455 0.0716417277982468 0.0809775774938275
-0.419868393564065 -0.280577697037578 0.0763173131618128 0.0461955122838188
-0.442264652801573 -0.00568247899315926 0.107326127009463 0.00769794432344113
-0.386944282847853 0.232112974897495 0.0820552715091023 -0.00996034959479622
-0.3356581139031 0.296448209661654 0.0895858795199907 -0.00452399674007045
-0.370808343940791 0.272769421833441 0.0790379521011501 -0.0110228096662905
-0.472704190867376 0.0522020420682965 0.0709061592210145 0.0313049595846225
-0.449433615021919 -0.21887687431646 0.00965331060492262 0.0567075137459865
-0.275769724547338 -0.598995004134521 -0.0184484184916998 -0.0302875728904039
0.268172223938718 -0.592156591461838 0.120514770547187 -0.116448992693292
0.65007370990889 -0.135897567520829 0.215518660643245 -0.101192511109406
0.708259230041926 0.233799999327636 0.240101282937806 0.0524106720646394
0.654729652060826 0.199013447254471 -0.100463401367252 -0.100658754930029
0.668920511486372 -0.128513196398214 -0.121475590420587 -0.0101281637846525
0.348450436396718 -0.550606527138753 0.0308529103012146 0.0950924358456192
-0.198142154454937 -0.633779494176999 0.0572161042971264 0.0338916271028114
-0.445264761686595 -0.303860305664409 -0.0182772508356616 -0.0218211052367897
-0.466062518999018 -0.0220064763071907 -0.0480293945183492 0.00697172728008656
-0.409700945714184 0.222633701806671 -0.0752928182127757 0.0622435626396376
-0.350341398545072 0.286808590912573 -0.0505524455273318 0.0977519629901556
-0.375849803852777 0.259006828294112 -0.0622157079884374 0.0808722779195023
-0.466754907667315 0.0390385521219129 -0.0733554524975856 0.0741758604406211
-0.435356285665943 -0.222558125485941 -0.10945714883852 0.0407920700317052
-0.272814100181286 -0.57669287262031 -0.0804452917639465 -0.0597199617612707
0.237050979960314 -0.581561088849473 0.0723364067127894 -0.122140278878928
0.628013442004955 -0.161205441254206 0.0839245633871969 -0.0878592927538543
0.728177604104581 0.200444981093111 -0.00408366549297551 -0.0527868323330526
0.598123379225059 0.148603552165708 -0.338036139126142 -0.222787936195141
0.60141787543806 -0.147860864617879 -0.295812429815873 -0.0128573923479066
0.30073847732024 -0.505636607371395 -0.0129280915446242 0.088903670765117
-0.179533127303006 -0.552211687217085 0.0216698454286722 -0.0159661514055084
-0.382781847739402 -0.268331311635919 -0.116634404570435 -0.080936447867033
-0.405985551249364 -0.0320903375377287 -0.201552579753208 0.00865954152217589
-0.365856742446044 0.178863770410894 -0.223271370289391 0.127673001769201
-0.310619674165937 0.233181794608867 -0.183678632556336 0.184623381753624
-0.328448653862781 0.201728973108646 -0.190974487984669 0.155551649926133
-0.390166018387869 0.00934168906704679 -0.200080111089582 0.10127766423603
-0.34261667400744 -0.202568387795974 -0.205119795155663 0.0119062083807439
-0.197146983312209 -0.463451320854606 -0.119719258230407 -0.0905989030466891
0.192603762538981 -0.454442880870759 0.0349026091384642 -0.11933312598482
0.507268419099968 -0.133422861678694 -0.0215864818755452 -0.0558455841714037
0.62548198512123 0.146955891544349 -0.22064766600625 -0.127025673945964
0.440217004863889 0.0676196176386508 -0.53975761671709 -0.3268876508724
0.416245923027445 -0.137539099902232 -0.443373503089138 -0.0217230051556172
0.190127005915122 -0.357052001515879 -0.0690164506176753 0.0737004572274566
-0.126868294344755 -0.358902606790975 -0.023316312487239 -0.0498680993791158
-0.244607438372266 -0.181600396646244 -0.191208740767168 -0.115992781528792
-0.273483010608611 -0.0350719296958959 -0.31959779685097 0.0136525186391034
-0.26024817481297 0.107254600739606 -0.335058157655981 0.177033654000757
-0.223857382939869 0.144440204272704 -0.288253888156622 0.24395889171124
-0.236374786114683 0.116135032442531 -0.290899058536752 0.200658273061798
-0.263133491656897 -0.021411747408221 -0.292237169364501 0.0996453709923592
-0.205449078359164 -0.15859158023815 -0.260205467812477 -0.0334874337643518
-0.0928609632633289 -0.29087511564026 -0.124612986656939 -0.120934328922027
0.128152513825945 -0.267636928833135 0.0145644378868535 -0.1111181151489
0.321536936209206 -0.0843132186189188 -0.0865925245701465 -0.0218434628840341
0.437138855956229 0.0780246334825883 -0.376229303829673 -0.169119173582986
0.205763080599974 -0.023633223831253 -0.669558340397518 -0.393132168402193
0.15957462776654 -0.100863144008751 -0.541112506385497 -0.0236344291281835
0.0458373630962537 -0.151208592387826 -0.124622083151236 0.0651137160014724
-0.0547292371625512 -0.109092836636838 -0.0620308972237372 -0.0544418931158315
-0.0675184216727857 -0.0683811438448598 -0.224987378917199 -0.119386745840272
-0.096122620316258 -0.0363285688592745 -0.377572783538529 0.023676689883031
-0.113619388879189 0.0152995558793398 -0.391400562043283 0.20123539464372
-0.103717908880196 0.0334224696270658 -0.350228694867816 0.267709545148913
-0.111985294300451 0.0189409297212659 -0.351180166611383 0.210560749533988
-0.110073115619341 -0.0421823302112512 -0.344164945163456 0.0721184879394518
-0.0620161517895534 -0.0904651726943683 -0.27296702372396 -0.0856169966240156
-0.00494975600330521 -0.0993464801711408 -0.103204060899866 -0.145991380354191
0.0451419858812556 -0.0836777546276973 0.00546606574073011 -0.0983951278140941
0.116931640371266 -0.0471598883120486 -0.11634714339182 0.0061135309572153
0.204873084338318 -0.00285307078460401 -0.457290076099661 -0.176945814512936
0.0662603551507808 0.0762720292296828 0.493435597702185 0.108698736682823
0.0881977020967118 0.0285677850860904 0.214519441147664 -0.079952005360131
0.053863968255537 -0.0695277742200738 -0.00872172718780923 0.0572362161851533
-0.0499410141492266 -0.0918946134211299 0.0581489641962986 0.145655362541371
-0.0840220716753253 -0.00753765069216332 0.238840041305647 0.133991067550955
-0.0618059489347816 0.0468255300450705 0.359704013276571 -0.0378514135506571
-0.0306286624166599 0.0820544933443429 0.347692734665199 -0.203229797145638
-0.0280540049043025 0.0864000273974351 0.333021057084707 -0.26700053999029
-0.0430386873188928 0.0836996690844438 0.353883660404175 -0.232105202989847
-0.0798417258044553 0.0413640076303804 0.354309503563773 -0.0858708530573822
-0.0928736628320386 -0.01897661745685 0.256683196019846 0.0591298707343757
-0.050951956544241 -0.123163549189089 0.113034453829731 0.0407578827912542
0.0866159526922508 -0.0856024388743949 0.16554999832156 -0.0454755682562257
0.0990819890769396 0.0578892060265318 0.440583818706209 -0.00494848451922033
0.0328414924309908 0.0969897417974464 0.701853822525461 0.363181150590998
0.281792423679879 0.120440137178853 0.441645048687718 0.112835537752396
0.275029562345662 -0.0138057597129023 0.206470034940033 -0.0576582806992475
0.142140694731544 -0.220648342285258 0.0229250401215222 0.0558144030093891
-0.108944377533309 -0.26686334775602 0.0618183943202442 0.129313614700535
-0.218422429182837 -0.0956874370119158 0.203420829982881 0.123920453569788
-0.210116910310337 0.0488150556464174 0.315785036927112 -0.0203214916032657
-0.164626965861775 0.166816266105829 0.30374531574762 -0.158606213267098
-0.14721740869198 0.194183926271628 0.290807327846656 -0.209983051969972
-0.180352698570184 0.182546750955401 0.299808358978505 -0.187403518693162
-0.25504742559832 0.0566255404921322 0.301974539849878 -0.0626894821756829
-0.251109876619325 -0.103009546388145 0.209518374755011 0.062001435694651
-0.14549090698479 -0.33507842843359 0.0861592699454715 0.0223310477143223
0.181859814643223 -0.30004946800748 0.170602583212603 -0.0788315300365461
0.351592659501307 -0.00677120586163883 0.407581504983051 -0.0610110551519456
0.325177059582482 0.166843169045021 0.629352741833046 0.264835570518761
0.470262913539805 0.155122619126387 0.318892696652485 0.0773059983783778
0.452099849730308 -0.0635611135517231 0.151037141721693 -0.0368538859295805
0.225883409237982 -0.367789313237776 0.0484031516241742 0.0648071123008841
-0.163801635598985 -0.432529471568617 0.0726642415006351 0.106891735057777
-0.340206684006285 -0.181373898355394 0.153335272786522 0.0923037655628331
-0.341948619118331 0.0391650475476608 0.230969184731619 -0.00840028762463704
-0.281866663094302 0.225973017220562 0.21323414052283 -0.0932646860816573
-0.243627187840988 0.273725392564852 0.205164119582473 -0.119937878045228
-0.285758689020276 0.257344618269689 0.202831499114562 -0.111721114409222
-0.390233174077189 0.0739117902454378 0.202734355113516 -0.0252085294880495
-0.381437563453794 -0.157822097705349 0.126213908544056 0.0582671544756548
-0.245737331239073 -0.492172676008665 0.0396522388976722 -0.0027423041557747
0.226275911587555 -0.487721260740996 0.151137938181053 -0.109089264723193
0.541545720822252 -0.0938149068925587 0.323271909018883 -0.103951280816771
0.564731826461285 0.192470166554638 0.464960393861508 0.147395403460947
0.603388186292641 0.168692548190373 0.131351121991396 0.00510994106772168
0.592149667647564 -0.121406784993895 0.0404055705276409 -0.0177468111557858
0.285396624736044 -0.497460788463084 0.0569201169654094 0.0797243704095963
-0.21627603887988 -0.561843729130737 0.0770297194077904 0.0738412630849891
-0.431085913577534 -0.243430120863085 0.0795533271780519 0.040954097509431
-0.433288999687516 0.0264134310186149 0.105905559057312 0.000426422290448114
-0.362045564410401 0.253034876902749 0.0839787808040477 -0.0145710656519168
-0.304161781236675 0.313009803564289 0.0884934517512687 -0.0118186746107074
-0.343184401123045 0.293242921733496 0.0782816770005666 -0.014743995293068
-0.460258169972379 0.0828504904993851 0.0723484513984176 0.025027703765056
-0.453645075020514 -0.184514405662214 0.0153343960611368 0.0545046827023568
-0.313169915375873 -0.567916316090952 -0.0228321778909771 -0.0272510535953448
0.223111753075214 -0.594655793425324 0.109960133240272 -0.126294729838421
0.629147493785095 -0.173228656691276 0.201311028285768 -0.113519754171711
0.70650811487734 0.182166228894825 0.237919764112044 0.0373478691264709
0.651534946470475 0.152510161159532 -0.102323803291193 -0.092708321955972
0.646817195309021 -0.169247359295021 -0.11759099640066 -0.0018759174719031
0.299878179407409 -0.560916589796089 0.0375113726592595 0.0891004564824451
-0.242660911511598 -0.602988193455083 0.0602087197069092 0.0286133017455664
-0.458220959591636 -0.265154022348577 -0.0180006539588775 -0.0189236882292166
-0.458406134308027 0.0126844333766307 -0.0465473215589721 0.00988565767030073
-0.385166183995214 0.246300880047617 -0.0647136415134496 0.0670995158535851
-0.3189893256607 0.304331147585912 -0.0413689901159778 0.0988720397914082
-0.34888779929039 0.279845208556522 -0.053905956835685 0.084999956928918
-0.45498310259295 0.0695683104761393 -0.0656135678074546 0.0770394128103787
-0.441612350458915 -0.188990488612827 -0.101792873421564 0.047459289345826
-0.308515638986118 -0.545564326898472 -0.0851867485606827 -0.0519992096211563
0.194598201681798 -0.581049742101896 0.0619065444194589 -0.129973168738714
0.607644232751797 -0.197148011803373 0.0727722205984271 -0.0924269236784058
0.720812537805614 0.14767690755433 -0.00932655058158196 -0.0482104272301114
0.595515184518074 0.104275062418463 -0.343276159776517 -0.194674289021197
0.579252602605248 -0.185114636780713 -0.289125709208974 0.00796320745161936
0.258182582198321 -0.514044006997107 -0.00516877478380764 0.0864063206782432
-0.217795304422749 -0.525207192201875 0.0218267506193089 -0.0176966998418617
-0.395674076685996 -0.235008664428872 -0.118764049303745 -0.0709060335979266
-0.401464328533806 -0.00160810038756765 -0.1970351576395 0.0212349425451536
-0.345343447381092 0.200353770301272 -0.206822900067396 0.141035058271741
-0.283985723321038 0.249501839337641 -0.165108679097746 0.193193982279311
-0.306240139368562 0.220250078151097 -0.175505315677663 0.165953212933626
-0.381746064963717 0.0362428744638746 -0.189255408851463 0.111385989895902
-0.349675509048507 -0.175150994445626 -0.197971878652281 0.0247179645282649
-0.226625266882654 -0.438653932892395 -0.125421984270139 -0.0804286089516541
0.15695826124454 -0.454600662003734 0.0251688635799975 -0.123583103927172
0.488880781248795 -0.161833179496704 -0.0271256730248641 -0.0546907908462871
0.617789238255957 0.103900956430461 -0.226514296841876 -0.10653322907435
0.435663041368973 0.0372117147014606 -0.550134749214008 -0.281275914855755
0.400275361391921 -0.162947162520166 -0.435814485989369 0.0092077431834628
0.159804611791653 -0.362040993897148 -0.0622660894463521 0.0746206059272391
-0.151491961201224 -0.340517498210798 -0.024460194270114 -0.0477659661330499
-0.254656510997094 -0.160456029143876 -0.195121666229169 -0.101418230437979
-0.271124101454978 -0.0146984939964398 -0.312747019402396 0.0344974768672844
-0.247398247779536 0.123114599600926 -0.313957986989612 0.195982066484153
-0.206271562227569 0.156693205210047 -0.264478791460505 0.260278529200927
-0.221445582197114 0.130424829121235 -0.271389276131054 0.217773407392134
-0.259139905908087 -0.00244831168579093 -0.280561224907201 0.115862941478944
-0.211870636577298 -0.140185875434222 -0.255248687014043 -0.0161382790638581
-0.112163771461214 -0.276536786028139 -0.1312361452843 -0.110359611509521
0.106900871428003 -0.268171977184393 0.00579735977737313 -0.112861732620949
0.309659417710552 -0.1010734239327 -0.0877811852605153 -0.0175597979768431
0.430038803985557 0.048266525590111 -0.381782550641146 -0.136606228097527
0.201223743298043 -0.0367360194561918 -0.681041269399581 -0.338352516074715
0.149857264111977 -0.111382051107197 -0.531652348014902 0.0127107540176461
0.0329513456269078 -0.151209339849903 -0.117636114894708 0.0708202571309142
-0.0627532033055017 -0.101563499257957 -0.0627959117106237 -0.0497219811154393
-0.0724084052116674 -0.0626407874953689 -0.228585348406797 -0.102681083545501
-0.0976752920477945 -0.02878101243386 -0.369447104462256 0.0479758889734357
-0.109543709287385 0.0232925670012999 -0.369424265574966 0.224523145364147
-0.0969523743168338 0.0398120051570525 -0.324005610030492 0.287016923928515
-0.10674058302688 0.0268503720252338 -0.329509025720528 0.230167865343899
-0.110366917195019 -0.0330885511249967 -0.333179749037432 0.09244063933163
-0.067394532156545 -0.0831326737830576 -0.271610790364541 -0.0666756949266906
-0.0121200536032655 -0.095554338575346 -0.110919375819708 -0.135649200165905
0.0378188960566559 -0.0839148493352895 -0.00240589114639235 -0.0978543614966764
0.110801981754868 -0.0535154818170513 -0.114413196464607 0.0120001779639099
0.199685228509618 -0.0160504793124745 -0.461250707511768 -0.139165850634072
0.0653950849028542 0.0734506779513338 0.484617735126927 0.0863008345314688
0.0878963141472378 0.0277090130093207 0.208588125971811 -0.0851236153096153
0.0517335023666206 -0.0681993666508363 -0.00691675122901555 0.0562881915661412
-0.0512883711954614 -0.0884604945118298 0.0593997670138616 0.139481862550264
-0.0816426929603546 -0.00482341661043162 0.236800735951533 0.122973933525079
-0.0576169652988502 0.0481513331202607 0.349977323281942 -0.0476756795121968
-0.0274168235226984 0.080769040802686 0.333179514566246 -0.208952885167414
-0.0246889963999204 0.0850289918844006 0.315692528172746 -0.272292356337249
-0.039583263073526 0.0822659707023634 0.33824875235656 -0.237670645517702
-0.0773638765547719 0.0422102006073034 0.343203150205055 -0.093534549872134
-0.0906809025655709 -0.0163398203297203 0.251296765223013 0.0502805935534943
-0.0535705650616763 -0.118284481639617 0.111151459219635 0.0359973524611704
0.0809823193424488 -0.0854554071479464 0.160395491711077 -0.0489392931558732
0.0983189833150794 0.0532053018616201 0.42888025172085 -0.0159537958716892
0.0338308369227152 0.0933317173614503 0.694877678105475 0.332332391379146
0.275792605981381 0.110010914617101 0.434438104788685 0.0933368301848211
0.268145894338835 -0.0196872501171833 0.200896308465985 -0.0634909584305733
0.131419834985459 -0.216251325260842 0.0240498656352036 0.0528717047096732
-0.115362405241022 -0.256038362989489 0.0632708487287561 0.122850607950469
-0.216022132984762 -0.0856285368986831 0.2029921344164 0.115020009374431
-0.202038754393433 0.0546079454283746 0.307822899842154 -0.0297329231341586
-0.155238355472739 0.167527662983858 0.292621090882972 -0.164021102661161
-0.135788633195365 0.194118692506406 0.277481893915092 -0.216027508800846
-0.170747929899023 0.183517598783479 0.287679602771544 -0.192492856728564
-0.24789647221951 0.0629508346029165 0.294001006749446 -0.0707725089274535
-0.247374932689117 -0.0933901587482862 0.206713170308929 0.0539268885167071
-0.153186634374076 -0.32221225575152 0.0830886169597459 0.0199988117469707
0.167235778199612 -0.296623469767656 0.164286364385843 -0.0830270697355119
0.34403479563893 -0.0168757844963325 0.393924908888967 -0.0706743539249361
0.318536347545728 0.153202268954243 0.620143067615336 0.238000462188181
0.460166944608332 0.137889141348905 0.315283533962994 0.0624901264374744
0.439148965343471 -0.0736368566009039 0.148302020292016 -0.041702438699923
0.206590174041912 -0.362750960276108 0.0493382253863707 0.0605531832690267
-0.175467012993002 -0.413365556611316 0.0738915674739334 0.100196349989466
-0.338202467847319 -0.164200170674809 0.153604151322808 0.0853401954051304
-0.330787740142482 0.049791339980373 0.224442225999974 -0.0157147200419752
-0.26786359706464 0.229867850015872 0.207801414054082 -0.0976279411385749
-0.225841971156359 0.274165232624315 0.19720068674758 -0.125625430745289
-0.270541093096879 0.260007365680962 0.196067090904641 -0.114927618671572
-0.378939913857475 0.0840733594790162 0.197613019193925 -0.0314958516249622
-0.376447924975814 -0.143031248543743 0.125938236128273 0.0530771755949687
-0.256698756119019 -0.472552943049274 0.0363930684746587 -0.00241354565149643
0.205751484253493 -0.478614761991639 0.1437466057064 -0.114194602808784
0.527782571937915 -0.107580592207172 0.309702213660626 -0.109215805183279
0.552198674668412 0.170904090084348 0.456174984079252 0.129276575221254
0.590348261004112 0.14748423656366 0.130108571929893 -0.000788454122753858
0.573688474339449 -0.133928822618402 0.0402474694467688 -0.0195311124603906
0.259650253213775 -0.489075435405617 0.0572620848229057 0.0741462533041936
-0.231494511689684 -0.535956539577455 0.0776793338704641 0.0683436639770138
-0.42953204870737 -0.220736534066709 0.0803463643453214 0.0385209815632118
-0.420493249803521 0.0407564346185561 0.103722025541699 -0.00383991498178982
-0.343965965630043 0.259480567393529 0.0852945919387453 -0.0173889490178293
-0.282589988565112 0.314634366178664 0.087360950455624 -0.0154239034570445
-0.324030580611844 0.297155874373711 0.077725950331229 -0.0169124990100865
-0.447205492970192 0.0951054320589017 0.0715473982226551 0.0216072370064397
-0.447792247579524 -0.164675564861267 0.0189391567594713 0.0521455495862144
-0.324440642628781 -0.542312507521118 -0.0253725719250286 -0.0252098084576645
0.197902600335141 -0.583541316123537 0.103129277814225 -0.13147878396042
0.61147430762075 -0.185626399241667 0.190288613217066 -0.116362911711312
0.688201722744105 0.155748022846813 0.231558024102302 0.0314441746972177
0.637294133594321 0.130505703193574 -0.100762649533792 -0.0872535281751538
0.623808100113795 -0.183934285362136 -0.113596282549003 0.00119468388567718
0.272472404662991 -0.553445345876403 0.0391468542331944 0.0840382908435063
-0.257418439227427 -0.575712259372137 0.0604494346903992 0.0254631831863076
-0.458672947780223 -0.240947739941964 -0.0163191818571889 -0.0167449178049427
-0.445642670517626 0.027988152563788 -0.0446755106776393 0.0102409329269807
-0.367097019128098 0.253011852466165 -0.0565919217271028 0.0674581582578624
-0.295916178154504 0.307223658814648 -0.0354859853238732 0.0969854639797187
-0.329612949204714 0.284275122910574 -0.0475741101313834 0.0850234261058866
-0.443009399916682 0.0819465395041716 -0.0619807293029643 0.0764587607087098
-0.437056209437178 -0.168673995776518 -0.0947919674158488 0.0481496776477176
-0.320458905938292 -0.520439563435541 -0.0864335551068009 -0.047117913954234
0.171062627105888 -0.567320518812913 0.0558884840030099 -0.133385707216816
0.58848925653065 -0.2080948058124 0.0658873283310743 -0.0924978799114415
0.701226290026768 0.122057138971877 -0.0120308416010713 -0.0436297841373961
0.582259891229136 0.0858029457411864 -0.338516833459611 -0.17807211046623
0.559842179145364 -0.198787503473579 -0.281073520915786 0.0158732275276222
0.232491171676083 -0.507356278177326 -0.00294063125758701 0.0827462810327681
-0.232318674038417 -0.502225330465754 0.0226205819512284 -0.0177735760754973
-0.395376397722688 -0.214692868022969 -0.116503398156081 -0.0652279073953459
-0.391469544826965 0.0125365360065731 -0.191864465772928 0.0266167456597482
-0.330032411606466 0.207262068976747 -0.19264993263442 0.143748020349204
-0.264393064955798 0.252575491485131 -0.153337546759943 0.193831451863886
-0.289749413043398 0.225552808795777 -0.164033137445462 0.168580701511857
-0.371411043551389 0.0480398445187784 -0.181819385371136 0.113258342295763
-0.346477370802509 -0.159340142536365 -0.189531053357008 0.0298274346310554
-0.235700218760109 -0.41865557250923 -0.125853974933809 -0.0736023697666562
0.139158388461791 -0.443674264771145 0.0194512975760632 -0.125890522135063
0.473982841561563 -0.170688931217125 -0.0307149899141593 -0.053526630226078
0.601132474500717 0.0839929017415601 -0.225632979931381 -0.093142129836259
0.425600255156286 0.0237564746389029 -0.543254569020909 -0.25567683549059
0.385072419021317 -0.171729064036399 -0.424372499341424 0.0226673236318034
0.142832823872894 -0.357346088473423 -0.0584331611253454 0.0737554095961237
-0.16078108397058 -0.324936561393602 -0.0239475630127619 -0.0455762043288792
-0.254962680983347 -0.147649537014795 -0.19274139417823 -0.0923421711918495
-0.26590663204294 -0.00501416990280036 -0.304371740471216 0.0431140877837005
-0.236447837338067 0.128630870196181 -0.297745026177032 0.201241672105396
-0.192723607074037 0.159432075428827 -0.24862412566502 0.262072922919675
-0.209875451735722 0.134793883970107 -0.256585179650482 0.221610723832649
-0.25296151726964 0.00638319609782392 -0.270529059013086 0.121047290503474
-0.211570293965098 -0.129706320581702 -0.247521541007702 -0.00850463794195763
-0.120066519708447 -0.264840550193284 -0.132036667097685 -0.102680091439599
0.0958994688485731 -0.262448476167573 0.00130337333229644 -0.11280018076744
0.299533278130343 -0.107612020356285 -0.0878899525328342 -0.0157182540366822
0.418133827611208 0.0345424097123415 -0.377517438716722 -0.117502175347972
0.195108633382916 -0.0422777255433175 -0.671540222475188 -0.305051673034998
0.14279449276835 -0.113779920138066 -0.517939951575032 0.0303922245831807
0.0259509627799288 -0.148879768228712 -0.112226101793024 0.071503229815305
-0.0651985917265133 -0.0951460287693484 -0.0617210612640176 -0.0465417194038037
-0.0735729901007703 -0.0583310829145616 -0.225841105147545 -0.0933770760491471
-0.0973040790294054 -0.0242271918558164 -0.359727614460861 0.0579494669652595
-0.105917115278271 0.0259916860424752 -0.351850148765993 0.230824973697323
-0.0910489297151866 0.0417945641102042 -0.305337642515962 0.291769764641425
-0.10060086377792 0.0300345366635246 -0.313947314221059 0.235992330943228
-0.108310830684452 -0.0279341059666148 -0.32301801442075 0.100707336829135
-0.0689090679741047 -0.0774835890288835 -0.266155633570624 -0.0573833628151667
-0.0160520569564809 -0.0918080299262502 -0.112983668636033 -0.128810740809467
0.0341457106954272 -0.0822233268495545 -0.00634884726330272 -0.0963142717087329
0.106400657545441 -0.0551607785999296 -0.112238119256193 0.0132142816513186
0.193976203195613 -0.0211843831544428 -0.45583973093347 -0.118481473518914
0.0639626377084606 0.0739153318159319 0.48478278694697 0.0786634555388582
0.0887316037178766 0.0287056002907066 0.207607315199236 -0.0876583590692631
0.0524230547921194 -0.0675643593883544 -0.00587770033725163 0.0560640621829125
-0.0511955711680496 -0.0879280597655539 0.0588921842928636 0.138001090603778
-0.0816492685687029 -0.00397918074767692 0.23641965893375 0.121453281850968
-0.0559241988026628 0.0487801964031052 0.348116199078789 -0.0504389461311497
-0.0265620456895437 0.0811266641444192 0.330310656064609 -0.211414276054357
-0.0239135524135107 0.0850077275697378 0.311266618617394 -0.27636797916605
-0.0401022967332135 0.0826898230359316 0.334872773193015 -0.241060146990408
-0.0776098482438165 0.042580088233827 0.342979050761667 -0.0970131807254699
-0.0896487338958911 -0.0170647180644702 0.249863990868136 0.0485627733829369
-0.0545142637118425 -0.117396535995858 0.11017077510698 0.035103685443806
0.0795326017816754 -0.0853248227453357 0.159665350694337 -0.0498929273595898
0.09927080992468 0.0525081781098711 0.427447711322235 -0.0174121290659747
0.033227547484585 0.0917672869617428 0.692707927777768 0.323469642438898
0.273341389727267 0.108936996326606 0.435157198051743 0.0864690526219426
0.266374396297496 -0.019991358478046 0.201234581670675 -0.0670438046505495
0.129106804224599 -0.214551383086376 0.0237092659124852 0.0523271814365908
-0.117724871722521 -0.25136600291265 0.0627910366618453 0.121273575902421
-0.216502867433967 -0.0822297411611516 0.202931119735015 0.113524692427439
-0.199746328852738 0.055854205560592 0.306559716752371 -0.0325237384289291
-0.152549508612598 0.168675721637907 0.2925743226346 -0.166687227557054
-0.132120100690459 0.194429011789994 0.273924070813017 -0.219427859434159
-0.168858492536245 0.184351200186631 0.286072840292862 -0.195562215822811
-0.248201680047129 0.0650797254199632 0.292836994511922 -0.0733412564763433
-0.246767969554441 -0.0919300851609537 0.206978799580131 0.0517567487524036
-0.155828758371083 -0.318880413682643 0.08159585680769 0.0190555347601085
0.164377822130123 -0.295050477784348 0.163118441023094 -0.0860792996911788
0.34444151020265 -0.0183886189367442 0.391226716549411 -0.0704490281960243
0.315940788091074 0.149816126124649 0.618680248244454 0.232328334285168
0.457405959272558 0.135197894546938 0.315036958379973 0.0578176768755682
0.435594000104396 -0.0749408345632548 0.148936598484442 -0.0445685051893865
0.201071502504556 -0.358317508048377 0.0484956605848107 0.0591243717598123
-0.17973095699544 -0.406735561284999 0.0734420531037662 0.0986986980157911
-0.339105325061156 -0.158521201875768 0.154714104235009 0.0849204392591729
-0.32750491658919 0.0532235019482657 0.224242408019796 -0.0180845373177334
-0.263272750505855 0.231181024641691 0.209083584766743 -0.100466664097822
-0.219907743831414 0.274798769949222 0.195791722461985 -0.128037651632757
-0.266546560141717 0.262651239910094 0.195475716048134 -0.117390806672663
-0.378861088052169 0.0877200192784162 0.197259830780954 -0.0334965119321758
-0.376289251829042 -0.139534873949559 0.127314005017447 0.0509158068985099
-0.260166736729899 -0.469062216151467 0.0345207253662286 -0.00235425076657388
0.200916024469183 -0.47615195239694 0.141879364428693 -0.11843046948582
0.527695493065304 -0.111398813703896 0.305873248301386 -0.109249871996392
0.544853421073681 0.167189827496885 0.455343352452833 0.126877164451777
0.587029060399539 0.14294526582363 0.131466017815015 -0.00294968237435474
0.568374544712767 -0.137104560814704 0.0414724757590769 -0.0213716748298085
0.253058502009619 -0.487287861574202 0.0568709843960901 0.0724067944700832
-0.237154141234762 -0.526697906132646 0.0778592124153423 0.0674476630150851
-0.431346547640631 -0.213599831679737 0.0822605088495098 0.0388159158206959
-0.417892926893594 0.0448614871194253 0.103445391954874 -0.00528403964438054
-0.339249921532023 0.262856018133359 0.0885058098956089 -0.019692539571242
-0.274771306604654 0.315881117443262 0.0877564765072546 -0.0178066853975527
-0.319140477941744 0.299532424664813 0.0794185493035098 -0.0178452370071392
-0.44683217307847 0.0992804555747115 0.0721638778225742 0.0204186944445555
-0.448183013057439 -0.16129552571454 0.0215691320024268 0.0507303228580927
-0.330419474642099 -0.536300431948398 -0.0270963161464112 -0.0238261568810229
0.19347272995525 -0.578250432869088 0.100507644419781 -0.136379467032756
0.61028199134656 -0.188602469033366 0.186248556638 -0.11563950658484
0.681691720940869 0.150889246856898 0.229107309375868 0.0318539791133406
0.634922268137017 0.124699687087936 -0.0979064034126485 -0.0854859214162741
0.620050804976874 -0.188191374522474 -0.111972800147886 0.00114570606986983
0.263974459484027 -0.549707910404031 0.0390436758300989 0.0826409204045046
-0.265238909442449 -0.566842361327188 0.0611472876994928 0.0250068508586918
-0.460704262052394 -0.23406209564804 -0.014556275461153 -0.0154256489041121
-0.44403769424233 0.0333897434343722 -0.0439210606475389 0.0093068089808674
-0.362243819447919 0.256223995069131 -0.0519568801919275 0.0666259627183481
-0.287893042222106 0.308302521832706 -0.0334632101798828 0.0957730645236555
-0.324208933831635 0.287523395502876 -0.044781984187155 0.0845653643197836
-0.442297537681242 0.0863379086990501 -0.0606387803501748 0.0762617979120562
-0.437010167871696 -0.164363085122332 -0.0922527724410272 0.0475609990114328
-0.326357325674268 -0.515149244690323 -0.0885224217169871 -0.0448187543744567
0.165610448470261 -0.562843669369651 0.0527377340873445 -0.137679223500145
0.587742625834977 -0.21158222455917 0.0625380627965131 -0.0918408220401286
0.694826676730655 0.11727267660437 -0.0136334310510858 -0.0403150081172535
0.581182978159886 0.0807231027693492 -0.335768977953035 -0.173277903523487
0.557322985197143 -0.201157257412637 -0.278939916810426 0.0178895903635307
0.225887563776214 -0.505064769322442 -0.00316588276752625 0.0814724350235919
-0.238658801198304 -0.493901340330476 0.0236925198445452 -0.0179702934843895
-0.3984095138618 -0.207899684279515 -0.115121697477058 -0.0621941913607743
-0.390710527976261 0.016873372052815 -0.190843244187692 0.0269986814437201
-0.325917852465399 0.211130004974786 -0.187679519464292 0.14427814342998
-0.257326160687834 0.253589821595666 -0.15009956194546 0.195142334653172
-0.284811588323374 0.228357535851966 -0.160518106310256 0.169963462041607
-0.371448039930674 0.0513467625050744 -0.180026839148806 0.114261514357904
-0.346925942565754 -0.155139274512375 -0.186777127865072 0.0297676387912367
-0.241127627614831 -0.41329201352375 -0.127619709702248 -0.0710074294593328
0.134389146721621 -0.440668130754807 0.0165171041594407 -0.12926337356339
0.471601366732944 -0.172473505735255 -0.0327167954983319 -0.0533946816920537
0.595699139516209 0.0796899418362658 -0.227313137857865 -0.0873476329019594
0.424169478798796 0.0202869328037451 -0.538673975554304 -0.249927068967505
0.382018761177163 -0.174490288732202 -0.422590073452822 0.0268465835196019
0.137067849025036 -0.356514066606567 -0.0585425691760925 0.0733033985606479
-0.165299201023747 -0.318976066305785 -0.0225473132982988 -0.045112584622908
-0.256909591600954 -0.142945329415236 -0.19135865049807 -0.089292017885855
-0.266598827353382 -0.00105862129556892 -0.303708965292364 0.0452632846270419
-0.23372582056115 0.130355607807184 -0.292575270706711 0.203030245197218
-0.187185893640558 0.160555427604845 -0.244055345406627 0.263809411885579
-0.206003568410263 0.137002872035343 -0.252982868395037 0.223451739410761
-0.253383652422805 0.00941108220066853 -0.269261476620138 0.123143085822274
-0.213261772479144 -0.12625986319059 -0.245761256898125 -0.00759521053446033
-0.123377051975203 -0.261514281855016 -0.133289779557323 -0.0996839243241745
0.0926904824592098 -0.260298266563879 -0.00120777292295277 -0.114940736663612
0.298419126026652 -0.108936041827173 -0.088760640495891 -0.0160976994727551
0.414220488829884 0.0318939477168007 -0.378943130451909 -0.110279440231328
0.19513525962488 -0.0432662696204496 -0.669201662893384 -0.297910372315158
0.141217277082842 -0.115872573128509 -0.515910487668797 0.0356615925819148
0.0226778018255214 -0.148432145104127 -0.111666722359745 0.0708135284431678
-0.0667191162424364 -0.0926112058710078 -0.060344498262616 -0.0460572890767537
-0.0749347158667252 -0.0578297356861977 -0.225395715509449 -0.0908790249692539
-0.0984142452055316 -0.0227874712936969 -0.358651791493192 0.0609806700544001
-0.104345865149298 0.0270885850018492 -0.348134892996841 0.233564190926189
-0.0886469466499991 0.0422940360643749 -0.301153387399229 0.294829585855471
-0.0984316845559553 0.0313594806460117 -0.310275393509799 0.239263485418697
-0.108090068764957 -0.0258567217052765 -0.32183111856999 0.103336296323689
-0.0699660321566944 -0.0754067064510529 -0.264794122477727 -0.0554176135942216
-0.017910790434631 -0.0902412773758258 -0.114023057599018 -0.126542015780907
0.0326711305518839 -0.081884786753167 -0.00772471644384151 -0.0963290195876964
0.105440463205736 -0.055539409733348 -0.112545119807831 0.012563301883599
0.193126595725031 -0.022471244498279 -0.457241992210792 -0.110132410459263
0.083767477457251 0.0366276953155065 0.487985551838302 -0.139688124072792
0.0913402408463585 -0.0103431322477432 0.15442674426944 -0.177394360260989
0.0227986637149883 -0.0843897053824881 0.0170729554703968 0.0506335622978209
-0.0820792496099585 -0.0598303048524687 0.110283370895537 0.101577149058358
-0.0775884410788764 0.0267816606055329 0.27147047004591 0.00788765333225166
-0.0320716439081006 0.0663709298313091 0.298253275176564 -0.201738744312095
0.0107134521579903 0.0860448634577556 0.212040575981681 -0.341935409497388
0.0110049730904581 0.0914574713432704 0.16092078139623 -0.396651016707678
-0.000875639971731887 0.0947952564591404 0.198372912780591 -0.376086659189224
-0.0543624906551187 0.0729050040180027 0.269672216763222 -0.247042660224651
-0.0911473167848435 0.0216922715503538 0.250921619565255 -0.0701159583449263
-0.0997099772522635 -0.0837110606151275 0.121585594121945 -0.0236363026879376
0.0401828493365514 -0.114462390400636 0.128262872914231 -0.113985555330502
0.121944729373242 0.00636741527429616 0.386466441463017 -0.194753576134937
0.0802831592166741 0.0732203766498371 0.778301845429181 -0.00126299822033728
0.292693668642122 -0.0156512067869487 0.450596913235254 -0.117672079372562
0.234226232161786 -0.128181509652729 0.156695856703641 -0.160572293759473
0.0313242710208366 -0.250289271598037 0.0365804332703599 0.0289884671201671
-0.211276563057267 -0.178167230952166 0.0981591057331141 0.0809016809512987
-0.23436667279742 0.0138161172124532 0.232458360962464 0.0199582985359135
-0.161526199928185 0.135394774411027 0.265372896869616 -0.162543663416532
-0.0678213409066686 0.220853586229933 0.194881742017114 -0.279067247601882
-0.0437364988043959 0.239892274064958 0.150138481081781 -0.327451506990085
-0.0776799518328587 0.246674310194465 0.172022383071299 -0.312524295308197
-0.205278356597127 0.16932669737341 0.231567914903375 -0.206062739702554
-0.274107080243843 0.0196950694161731 0.215585117700582 -0.056207654246577
-0.284235411572779 -0.224218920093013 0.0981150882466336 -0.0390440877949988
0.0295869704232112 -0.349872987130422 0.123384601424204 -0.14795746287571
0.320750327297056 -0.171548176274947 0.332764701699012 -0.214842807725172
0.373435072424663 -0.00475879426477384 0.663442915755492 -0.0371479278154874
0.473653775052621 -0.0645812584071735 0.332905509190118 -0.0987558454432055
0.366834622177172 -0.247938997793879 0.117336899509522 -0.121288035024865
0.0375412366426585 -0.412104325364717 0.0560760881770578 0.0184962911817118
-0.3337610896864 -0.289759540916232 0.0911940350292094 0.0524953954577576
-0.378633428077088 -0.00236264002211344 0.170663539400472 0.019179368425861
-0.280879081364445 0.188624218921405 0.194009476089355 -0.110469514341185
-0.141906827730787 0.325594719890191 0.144780482680369 -0.176910463133583
-0.0910899136451476 0.352621863094776 0.118217076627093 -0.207433222885346
-0.134868036787096 0.361451285906075 0.122112026848298 -0.20075766241341
-0.317914366289402 0.248234138493051 0.158136094216202 -0.128568440608048
-0.41802002802079 0.0322369063493793 0.144265429779468 -0.0290075219964628
-0.447951449412427 -0.314281514992382 0.0509269372558958 -0.049746098936496
-0.0152266609371483 -0.53592341235394 0.0957156197833707 -0.169470269535395
0.450364241809727 -0.338886008971388 0.242030885713305 -0.204547658166278
0.597803075787539 -0.0954462118758679 0.462415397562169 -0.0494378630011263
0.600540564001058 -0.107302629284077 0.140326796514116 -0.0795018944454725
0.464195573290992 -0.360212362746557 0.0280647440261532 -0.0560866772605266
0.0322991248068364 -0.550993158378352 0.0638590573982729 0.0231038060300987
-0.4361535317929 -0.372210425909369 0.0750256227552498 0.0193272689037907
-0.485921025685902 -0.010203425486129 0.0807248902564149 0.0130140182729059
-0.367121638425785 0.221423445250534 0.0866208920117895 -0.0427267563292964
-0.198244640536294 0.387270487391112 0.0681035405193818 -0.045384905910871
-0.124508571957542 0.41401777907186 0.0690843145642 -0.0561527369989947
-0.167996497979558 0.418364005946395 0.0595219765748705 -0.0563823732046232
-0.376657559124867 0.289089263986686 0.0658585904000338 -0.0231409167250788
-0.495057336690051 0.0450928522504519 0.0467919555758298 0.0143887105426032
-0.544935460012798 -0.34462647734145 -0.0132408277961192 -0.0489489507953889
-0.0677762608548832 -0.631606035396827 0.0534091072150035 -0.1687902067033
0.492132422539447 -0.449880345478748 0.132132135463901 -0.154941535709295
0.716467751116922 -0.175505797285704 0.2099914145427 -0.0311867967789407
0.639502375714547 -0.139230185940871 -0.106718052756358 -0.058506791915832
0.492891984767326 -0.426884862702134 -0.104418627044722 0.0318395606618957
0.0145291780118243 -0.614595669741852 0.0495874737486194 0.038231345244316
-0.478819121328103 -0.396412748232408 0.0390368806168459 -0.0128437347722158
-0.520926020939054 -0.0157357911260239 -0.0332429150406106 0.00738595012440377
-0.396986737807149 0.223724368490962 -0.0438970924933814 0.0382631633556933
-0.223155599177773 0.390825882098518 -0.0242284611938455 0.097704953954241
-0.13808861027966 0.411350448587175 0.00946396289326344 0.10387624377516
-0.178084035978316 0.409911108334256 -0.00824794146634181 0.0951726702730077
-0.378549406508062 0.275347468011019 -0.0309691909746097 0.0892807715769947
-0.48715120649372 0.0365778569499598 -0.0585844925466275 0.0618367985130945
-0.530084555283134 -0.32484451657749 -0.0805200674092186 -0.0408611338659553
-0.0866664807732555 -0.603893147932075 0.0079352738772593 -0.150563909017756
0.45780802773822 -0.460750613715631 0.0297182172615733 -0.0804375895503631
0.711323622752539 -0.212209077159165 -0.0452524804415803 0.0103627569686257
0.574271847468014 -0.153278861036736 -0.367483259380163 -0.0360770671394273
0.430313871151775 -0.412648823845189 -0.252072601967913 0.124771178616326
-0.00227562719141652 -0.558965908620371 0.0121569373646187 0.0581444648133532
-0.425756951165455 -0.342210718170744 -0.0112631500559036 -0.0352480969013562
-0.453125061986157 -0.0170994281629137 -0.146076027920938 0.00746038847722035
-0.353483877695357 0.187814081542324 -0.170693619018954 0.119488624824851
-0.209012876671379 0.333814501295986 -0.114639545976569 0.229861198347568
-0.131886960943895 0.34692949587014 -0.0521391520939624 0.248350554397358
-0.167199459418972 0.336981595083599 -0.07505304395497 0.226584834239975
-0.326671423999887 0.212367238674373 -0.121772527846405 0.180034060713419
-0.397648561874138 0.00766041521832251 -0.153026909684668 0.0914307096700745
-0.408647127251948 -0.271388212497363 -0.130981801353185 -0.0381688362597929
-0.063397254898047 -0.474247707103812 -0.0261708899049949 -0.126646951737934
0.363690153296378 -0.372941459006744 -0.0443958722867672 -0.00974336801189075
0.598031074415826 -0.2032614045817 -0.26086321205846 0.0547216346864137
0.406856281492841 -0.144101259229621 -0.595286235283324 -0.0151643121263379
0.284855748596633 -0.314971458904295 -0.380717318395945 0.202228282643503
-0.0217450292213161 -0.383832489479669 -0.0368494052280321 0.0806256641009854
-0.284828039620927 -0.215724485077699 -0.0572177163255098 -0.0369380292354674
-0.296204795304377 -0.0174044265313798 -0.22480926776424 0.0125306984389987
-0.245757965489161 0.117703343665267 -0.265054271816075 0.183814510857616
-0.15927871691698 0.221324351780166 -0.183667066358841 0.328899419093158
-0.104765293214373 0.228495832071332 -0.106053436051954 0.355704505829725
-0.132630370589858 0.217390625071151 -0.134198939611708 0.319929452856717
-0.23408737449119 0.121085048442504 -0.197323713460095 0.230301421002301
-0.257894228968521 -0.0238014434380235 -0.224225018938966 0.0898488949174594
-0.233369338174936 -0.1842548695978 -0.153832819441771 -0.0492337778818619
-0.0255726670669669 -0.287245058375417 -0.0426752369121196 -0.103647478443405
0.229784350152606 -0.235186283248254 -0.0840254018840053 0.0392176351856909
0.404243233459125 -0.163954065470176 -0.407381868206221 0.0906776770293547
0.168672723165366 -0.107359296884406 -0.744765769189078 0.00535409087849
0.0886659977315157 -0.160274453821926 -0.463464367581456 0.259124462032794
-0.0398407754344459 -0.145259456649363 -0.0786222918060733 0.110254629943038
-0.0993433148242261 -0.0531712346910276 -0.0813553815498297 -0.0170455067669729
-0.092223905146476 -0.0172676569785741 -0.251448672792118 0.0200542112356721
-0.0992933375097111 0.0249111023576476 -0.3051539553178 0.220109363943336
-0.0844601342805329 0.0705152968037934 -0.218854486453929 0.377391053480368
-0.0622696750850905 0.0754878854893305 -0.143142020599193 0.409943059012931
-0.0784118191066177 0.0713677008685245 -0.178714781671644 0.361901913634355
-0.112426485017735 0.0250310158438128 -0.251872343235998 0.23891291674846
-0.100279198618724 -0.0381857035346883 -0.266008714024062 0.0626257894114925
-0.0591045545341673 -0.0744551219897098 -0.154401033700797 -0.069833826970185
-0.00554005253442971 -0.0930326103819061 -0.0470040330927726 -0.0839648178785939
0.0721218247666515 -0.0990109543442353 -0.0968503510305656 0.0650606556216439
0.168725792422082 -0.112035785791553 -0.472966690554194 0.111525945146163
0.0881272867195217 0.0367036653377672 0.497771425134374 -0.165667965378614
0.0964412937315211 -0.0131021728386316 0.153037427128292 -0.191489299937467
0.022397957754409 -0.0892731041149919 0.0204541250383725 0.0527540675987693
-0.0871228550838392 -0.0596709469492105 0.117673089142743 0.102403343401721
-0.0797709815985259 0.0312686587643768 0.283313899049201 -0.00147245904021017
-0.0311868995206451 0.0697809941594836 0.303896094370113 -0.221667331083189
0.0147009091102134 0.0897815966928945 0.208445029056298 -0.3641063983963
0.0151832158690988 0.0950064232940974 0.149993038416057 -0.420742982425099
0.00180746220511189 0.0995775173210987 0.191498420470911 -0.400670471454634
-0.0545541048126595 0.0783318684896713 0.272905701255693 -0.268140539768543
-0.0944408706461329 0.0243732349855067 0.259006266971096 -0.0812444468119882
-0.106583380383388 -0.0833273166329935 0.124922635450111 -0.029107710424184
0.0382761252779358 -0.119386800530556 0.129030738512371 -0.123099408092108
0.126870036486354 0.00140903770261221 0.396360927330683 -0.214211486445959
0.0839932075879542 0.0740962078868541 0.807925243516832 -0.0296920079713492
0.302068571119035 -0.025500802054978 0.462748203789932 -0.14117819730455
0.240352807968408 -0.140555046432825 0.155615761168884 -0.174508672041656
0.0240409773046434 -0.259145939563356 0.0391287872665065 0.0299879659722922
-0.226041049767171 -0.17506602156133 0.105002597548253 0.0815534015824701
-0.242527218499336 0.0247152926400819 0.245087793913248 0.0128678431996829
-0.163090855153325 0.146249352790335 0.270851259449297 -0.180779038666813
-0.061364416650168 0.232388802335303 0.192439129513441 -0.299412961645668
-0.0352566956645656 0.250680783905899 0.142876417046714 -0.347776623799537
-0.070764605941133 0.260369181067746 0.165981032449915 -0.334306929603783
-0.208124263250889 0.185050693387517 0.233683891554976 -0.224247097613768
-0.284806116297137 0.0300514958205094 0.223339433442995 -0.0670004234747435
-0.304881681999811 -0.22132906030435 0.0994571757243597 -0.0433724307065664
0.0201544194375622 -0.363666392992849 0.120614920058106 -0.159533042408545
0.327864712268452 -0.190389846190582 0.340960804302062 -0.232690753231629
0.385345248793584 -0.0155968027998456 0.687761694722438 -0.062680975122431
0.488159461757884 -0.0832061171744537 0.343026613487822 -0.116491709749659
0.373447425969971 -0.26954798000347 0.116625519814408 -0.132412940374574
0.0244109473697777 -0.426669569254732 0.0595442496127545 0.018951780860996
-0.356345999280417 -0.284442491148938 0.0973861913654276 0.0518021126257477
-0.393124329851153 0.0138564819003342 0.18200270381718 0.0141621317653394
-0.285769403203331 0.206527682853871 0.197374339047891 -0.122911768212048
-0.134615061427981 0.344467005946475 0.144872052239059 -0.192711147959855
-0.0794830342594468 0.369098460544281 0.114336366154421 -0.221886017855046
-0.125794692764025 0.382227618893679 0.119869525771248 -0.21443436149795
-0.3235870336466 0.272092053833664 0.160999853069547 -0.140369857046578
-0.434943448471243 0.0490719302237886 0.150004095203658 -0.0374536884048472
-0.478943617154867 -0.307344945715299 0.0501951007548437 -0.0517700361953735
-0.0314912093573482 -0.55665514587314 0.0896247614685258 -0.181664907451941
0.458551428073895 -0.369865298756965 0.245689387750732 -0.219773355761844
0.615298826189374 -0.118545581693927 0.476919512065776 -0.0666816705157384
0.618757096211063 -0.133442386383117 0.145959641256074 -0.089394748182223
0.469255729360376 -0.389434594303587 0.0263572823662427 -0.0608412136883438
0.0128720535143734 -0.569339707612544 0.0679340018382027 0.0230293091823897
-0.465999685742469 -0.365240918063538 0.0804912817579216 0.017710093629341
-0.506696664296982 0.0100408809130094 0.0887113108595728 0.0099253173155567
-0.374639542274626 0.245811706036656 0.0880870130305831 -0.0486830171417655
-0.191446159442148 0.410495892071418 0.0699581413635054 -0.0536435579440841
-0.110614210405587 0.43223986956793 0.0692272236990498 -0.0624173539571553
-0.157006312996714 0.443668164184583 0.0599277439963611 -0.0626265087938069
-0.382460705761541 0.316699739401291 0.0684882632167984 -0.0267258475636299
-0.515030718381755 0.0644941130582364 0.0501310775665399 0.0101334822983724
-0.580341581046003 -0.333444302424387 -0.0162023341342705 -0.0485963333611523
-0.091004625780669 -0.652153992010176 0.0445177251822741 -0.180100840264415
0.497536486988286 -0.484964714293627 0.132666751727569 -0.164050373358871
0.734254459365365 -0.203863199303972 0.217063339860799 -0.0363729105733986
0.657636595370244 -0.168705446443777 -0.109179360903331 -0.0585390779096487
0.498026214094919 -0.46168548415937 -0.10698857023066 0.0356002153887446
-0.00741399758169438 -0.635215807864129 0.0532643250353743 0.0393473769929837
-0.512670947861697 -0.387771403362113 0.0422493390722336 -0.0149533039134549
-0.544416315569612 0.00587976209153539 -0.0299974415483679 0.00846751509373675
-0.405531509009163 0.24880582514321 -0.0448079619485006 0.0403642295041713
-0.216523465831676 0.41609745580216 -0.020379490651976 0.0993256675565087
-0.126078166682785 0.430532734222934 0.0140664456466722 0.106516052278861
-0.167490443641575 0.432954467627089 -0.00451506641863463 0.0975926829315492
-0.38523307224294 0.303479050706575 -0.028522229041256 0.0939136426184671
-0.505593692792516 0.0581043931042061 -0.057774649551167 0.0629795105817438
-0.566098147537413 -0.316406580612316 -0.0850489475701103 -0.036742096752668
-0.110195921625685 -0.624482459843268 -0.0023733067389842 -0.159042361234371
0.461477627199595 -0.496671212450197 0.0276163109416318 -0.0841963555087404
0.727104072213402 -0.243504784087413 -0.0459606345382646 0.016980139300334
0.590139334576577 -0.18120590281007 -0.377777496834783 -0.0250890927174669
0.434501312733693 -0.445016899995336 -0.257243306219281 0.138042614271368
-0.0243060322092229 -0.57764332945366 0.0147681915656135 0.0611334909241698
-0.456076587917932 -0.334285776664065 -0.0103400507820709 -0.0365057678347865
-0.472810105277593 0.00168868617835482 -0.147807507403988 0.0130760315168439
-0.362529248279165 0.210456638059286 -0.174189871735026 0.130239725164401
-0.20349643469283 0.355871862925496 -0.109591425120467 0.240990278918754
-0.121684077492829 0.363080983094153 -0.0439802175331153 0.259929244404158
-0.158525809517034 0.357332777994776 -0.0684508405849931 0.23864844926425
-0.333252095100973 0.235781045326074 -0.119510991377713 0.192365637576614
-0.414598328176011 0.024399805201129 -0.155287267929868 0.0974955634322424
-0.437379094178497 -0.263309995136001 -0.136758182530205 -0.0329099837548539
-0.0816532455573974 -0.489974887736395 -0.0359787127288351 -0.132768405118458
0.365969147539482 -0.399805191675457 -0.04710238187741 -0.00846137392907428
0.611782350638176 -0.22953151688803 -0.26810006641671 0.0711842227015643
0.417317053023105 -0.164393324584032 -0.61180733915846 0.00772047524553417
0.285845767193354 -0.33816331521231 -0.386783782817732 0.224114473660347
-0.0371962309797855 -0.39671051933646 -0.0357228145284943 0.0861573872361519
-0.30519922793956 -0.210038332379973 -0.0589591272082779 -0.0378580479187737
-0.31041207106563 -0.00535505434667861 -0.231489280219459 0.0207955248586735
-0.252879212150439 0.133198812021732 -0.269919624118362 0.201513379848902
-0.156508223129585 0.236448085878868 -0.177256702849358 0.347474504590583
-0.098491768391903 0.239620203461419 -0.0948259478010162 0.374462981938309
-0.127588157122764 0.230187848402983 -0.127048726529664 0.337981642017199
-0.238583182735524 0.136558599184186 -0.195985611586729 0.24848778893655
-0.269688103613715 -0.0132684599950618 -0.229884768374656 0.099340757845983
-0.250336584543442 -0.17943521205283 -0.16070275963953 -0.0442552372485666
-0.037541737736794 -0.296811096140552 -0.050444837321014 -0.10783114430447
0.230766447282447 -0.25285586172611 -0.0871870822119354 0.0436390424803277
0.412632761140256 -0.183459060361269 -0.418597729697478 0.114566326470929
0.171596137380784 -0.11843738139712 -0.767974967774922 0.03100496986182
0.0865548316445699 -0.170358167589035 -0.470865297637074 0.287390933921297
-0.0481858528740334 -0.148062962742864 -0.0789190753001953 0.117648339806216
-0.105449748938729 -0.0499157420155598 -0.0835347764110602 -0.0159393123766466
-0.097912761877399 -0.0139014730132678 -0.260251239364755 0.0303032712588062
-0.103548483154701 0.0306645578709202 -0.312013629981529 0.241304322455282
-0.0853309970847462 0.0764747158015961 -0.212495001246681 0.40111561923611
-0.0610939761620481 0.0790493401709457 -0.129718696840161 0.43325886931907
-0.0766360898664383 0.0764785584849813 -0.171810895885267 0.384974964634932
-0.115376773118953 0.031488341593817 -0.25287259258632 0.259326751671703
-0.105541391275181 -0.0338844033132061 -0.273930398863801 0.0735292401319736
-0.0644740326269373 -0.0732512328118146 -0.16174766522484 -0.0660534318125017
-0.0108835203680323 -0.0964179228636281 -0.0519964647381949 -0.0858112667530704
0.0713017874968318 -0.1054211406778 -0.0993544846526338 0.0709140784634625
0.171775680625473 -0.12289238571811 -0.486322150652342 0.138079905077069
0.0921392001371793 0.0331669851823616 0.497643420237424 -0.202290178730319
0.0995703522696131 -0.0192237499544653 0.14337788845535 -0.207468168956982
0.0181160796271995 -0.0937475367473214 0.0249359882818501 0.054100005858888
-0.0922941163930837 -0.0562347955023336 0.127779544862739 0.0985274989327095
-0.0795816530945257 0.0376094877615481 0.292221242623656 -0.0205047424203024
-0.027295164634197 0.0728703894770895 0.299805192036049 -0.248916428825711
0.0216629771016773 0.0913918969774109 0.190211960934165 -0.389248455412487
0.0221536889413065 0.0970627603243084 0.123892776299824 -0.442332078140442
0.00770020552969098 0.103624400821547 0.170040052460771 -0.425417543503495
-0.0514272260132152 0.0840567546967521 0.262946985221286 -0.29464397523218
-0.0959417152738423 0.0298270897222744 0.26108629152116 -0.099036501293043
-0.115368769594173 -0.0786798174674084 0.125184144003079 -0.0373842172820206
0.0325430879200821 -0.124118890182669 0.123945011925959 -0.13434783394405
0.129924414095129 -0.00689173222468845 0.395835754812577 -0.2444277518988
0.089012052611077 0.0721470913394224 0.824536150745739 -0.0858322626459689
0.306030260869354 -0.0448597883402335 0.463249917268375 -0.176558249077542
0.238802733551558 -0.158150805378985 0.14716509881606 -0.190094798371116
0.00889987071595237 -0.266000042015101 0.0433080047650855 0.0294647663378691
-0.241113526110331 -0.163684413027266 0.113282081870414 0.0775596181324964
-0.24629940096074 0.0424044081422042 0.255484767496047 -0.00383173008901115
-0.158593530150837 0.161053055865855 0.266706159510621 -0.203826727579641
-0.0470477266104393 0.242702601621266 0.177656105431599 -0.322377142404784
-0.0188546988648538 0.258595163223987 0.122127301666205 -0.367611502165015
-0.0546670052980315 0.273503775937256 0.147776545758961 -0.355499674541496
-0.203428226488416 0.205295853024997 0.226178810579701 -0.246750540807727
-0.291749743219422 0.0479327073564544 0.225356682190551 -0.0842210106276039
-0.327926933012381 -0.20624372652682 0.0981951070571626 -0.0496548075797387
-0.00114148740181926 -0.373635024212556 0.111413501845881 -0.171970855540848
0.324262468616578 -0.217439043396743 0.337677835865002 -0.259560438885158
0.391092484453958 -0.0386842021151348 0.69911948381096 -0.108004041192604
0.492722003597767 -0.115141158876867 0.344640489263295 -0.143383080106166
0.366394610705736 -0.298237504963468 0.109836498797278 -0.144466429774213
-0.00257556607138948 -0.435532704141424 0.063691884886002 0.0168266679791143
-0.382913115611144 -0.265139527011327 0.104592369295253 0.0474743518230232
-0.401490496368806 0.04259312392254 0.192453056056604 0.00176872748489772
-0.280390317820715 0.231773162734212 0.195437558212811 -0.139656588739861
-0.114115970932042 0.363471346821445 0.135439833895043 -0.209611574164668
-0.0554776871380705 0.382131824581898 0.101694911924498 -0.236491588724936
-0.101424358287133 0.401558357329617 0.107443501837819 -0.229880845828091
-0.315481576832542 0.302887250991756 0.15677396808209 -0.155552509127527
-0.444042583471522 0.0778356512801264 0.151747328841017 -0.0503715362908215
-0.512776725993847 -0.281871606636585 0.0483476281055677 -0.0549054340686221
-0.0662901894396028 -0.568282925420999 0.0761227181705577 -0.193832556397898
0.446960742456873 -0.409047566699847 0.239641700070612 -0.238798528627834
0.619040432384284 -0.157692985229936 0.48491761823403 -0.095713980489161
0.620309476915015 -0.175184578051171 0.145879998310422 -0.103066076970049
0.457270872844451 -0.428708892452088 0.0228406965596879 -0.0650609679259951
-0.0255634104653329 -0.580560422940706 0.0725130469219004 0.0211655009295318
-0.500996405941288 -0.339229118080066 0.0857921405354456 0.013136221923622
-0.518168951136765 0.0456611743368225 0.097906229115657 0.00344774438827013
-0.37006564500127 0.277489867390227 0.0868119039293693 -0.0566524732869362
-0.16823378393981 0.434514452594934 0.0682807104700545 -0.0622804987967527
-0.0839857953950632 0.448609081174111 0.0667182688486503 -0.0689097363018294
-0.129712755698827 0.464854632183551 0.056971117084125 -0.0693575295672953
-0.373773269488615 0.353748962815013 0.0699836173042026 -0.0325984689564089
-0.524117217480535 0.0991301010638669 0.0520740981481451 0.00424598856349516
-0.618149010493168 -0.301871019032244 -0.0188480996981124 -0.0463110646026605
-0.132041442853193 -0.662429402923258 0.0284753420390467 -0.189473962710504
0.479026286632893 -0.530998072802024 0.126914914001701 -0.175433478441201
0.73750126550859 -0.250759651388753 0.220631780942422 -0.047755680466248
0.660889820704576 -0.214803786376573 -0.110961564088378 -0.0554861376556308
0.48196541630487 -0.504056980601066 -0.107701742147672 0.0426791104800188
-0.0492588634463652 -0.646823175516892 0.0586972565027815 0.0384665208899408
-0.550307988283868 -0.361111775960542 0.045760040850562 -0.018312763718766
-0.556728176846916 0.0461899213819936 -0.024210915712498 0.00970423568446744
-0.401475453713242 0.285439438248287 -0.0441304646514378 0.0441020553508291
-0.19273171010815 0.441988341074196 -0.0141342164994178 0.100678871891721
-0.0990692719624251 0.447154071804203 0.0223441665840118 0.108487025947306
-0.139638441947342 0.455308100427479 0.00171769719130075 0.09974737909145
-0.376232310407282 0.340253957620607 -0.0212463769207328 0.0982197250945768
-0.515381222958861 0.0923956946082768 -0.0557832350615083 0.0649385143409314
-0.601666735896479 -0.281729457445823 -0.0883242797472965 -0.0302927603112313
-0.152507848929336 -0.630629802197611 -0.0177848480339403 -0.165066327673791
0.441586703717137 -0.537683046130842 0.0234377222273937 -0.0876256247067778
0.728957261699222 -0.291396798877551 -0.0441980372837334 0.0243048778333689
0.59119581170916 -0.222921124286076 -0.38301609926988 -0.00453256158647697
0.418195322042603 -0.484089892958208 -0.253877064850187 0.157884053607446
-0.0625069627381053 -0.588038904479327 0.0200586944320625 0.0628134960743248
-0.488701311530692 -0.309256985319864 -0.0104149729701239 -0.0375831713702794
-0.485170181347629 0.0353626715619568 -0.146072664111116 0.0212745651159463
-0.359337737400072 0.241900989560484 -0.171427612732265 0.145158362255914
-0.185680227362619 0.378451084075961 -0.0956979850982611 0.252424910422554
-0.0987504221326695 0.377236392652766 -0.026232418796345 0.269321519297441
-0.134961411393778 0.375922469726442 -0.0544374997399462 0.248603740139768
-0.327014314691389 0.266294094105171 -0.109060370217947 0.205164842941373
-0.42335322781676 0.0532890233556254 -0.154086965541455 0.106923228133133
-0.465899086802135 -0.236267509004183 -0.140550868679045 -0.0232822243667584
-0.116074993075018 -0.496133991443014 -0.0490948025070829 -0.134870744371298
0.35000671796529 -0.433247488357184 -0.049222198585203 -0.00584942503155312
0.609082168832108 -0.272813277575115 -0.267546083794084 0.0960822081192529
0.416186631926052 -0.194718883361639 -0.621296355844082 0.0435464399914769
0.271717154190015 -0.365576713494117 -0.382198748181881 0.255215967598233
-0.0655119317436323 -0.402450879687435 -0.0308307488369224 0.0906069096629645
-0.326748276227326 -0.192719086276851 -0.0605614731274136 -0.0357217297256016
-0.319443529584395 0.0170201589679482 -0.232794479678853 0.0360955473899157
-0.251827391155808 0.155447208424935 -0.265758375985147 0.225756249515245
-0.144639298846444 0.253325136841455 -0.158984265558043 0.368420523416743
-0.0843355883635303 0.249987855394668 -0.0702393501937755 0.389973302212506
-0.11275424277717 0.243571861335662 -0.106805587307654 0.355828120237261
-0.235543319322127 0.158028272263608 -0.184688404217408 0.268508149618946
-0.27759796144854 0.00546928142804206 -0.229654370158976 0.114851519721647
-0.268896108717589 -0.163718770538894 -0.165916735163681 -0.0341850187908491
-0.0583273356555152 -0.301634637254015 -0.0610684511304954 -0.108237457529113
0.220678992196139 -0.273438540214943 -0.0872505919811645 0.0498656967003095
0.410937694641974 -0.214157376776912 -0.419273325246501 0.150121337408238
0.168663808124807 -0.132986759237386 -0.779577691408144 0.0783174724668041
0.0777501751701332 -0.181132409695044 -0.462383066151232 0.32449010339729
-0.0597741439244171 -0.147511682537909 -0.074579785615075 0.125169267595014
-0.111648640824217 -0.0424422062107157 -0.08551893441645 -0.0116696470670503
-0.102596347391943 -0.00768857883985072 -0.264371722049599 0.0476251125721784
-0.104901081745512 0.0399107584082865 -0.305827937581033 0.270081218610386
-0.0822844727262206 0.083999786641356 -0.19024769965979 0.427567560361944
-0.0573936806408762 0.0832133677839422 -0.10307314677091 0.453621881948714
-0.0722424517670732 0.0814319743823156 -0.148757235852106 0.406888186273948
-0.115577390001476 0.0409920989737171 -0.242255667807331 0.284191554352372
-0.109755738020009 -0.0264547003833613 -0.276931345663092 0.0923846108103732
-0.0713380398919718 -0.0686380844312866 -0.168885234323871 -0.0570541759461909
-0.0190688653271468 -0.0976597516407232 -0.0592054863723505 -0.0847555392011472
0.0667559948402261 -0.11263019540038 -0.0994851732810355 0.077947860732933
0.168367787780608 -0.138055664301384 -0.487446587712554 0.179253225466887
0.0928679862198629 0.0271426061745749 0.478295504301941 -0.236722648835389
0.0994091357238329 -0.0253363661848675 0.127098737631309 -0.21691173819033
0.0116594877243911 -0.0949563712686507 0.030507770596653 0.0526493345278477
-0.0952332336959167 -0.0503869614292928 0.134212870730148 0.0907476487435653
-0.0754395307325577 0.0434110984804508 0.291308225531813 -0.0421398017886911
-0.022341244508593 0.0742681307803993 0.281954227207671 -0.271114060986613
0.0287270927175452 0.0895171943452756 0.161750437356046 -0.401869042618012
0.0295009252206543 0.0959390680040061 0.0916930602095486 -0.450224459799797
0.0146696532000451 0.103661382216113 0.13699823644699 -0.436677029567247
-0.0466822638871375 0.0881462108312646 0.241497524986866 -0.312913016044004
-0.0947678386613173 0.0353608433117614 0.254292877288596 -0.116661998608924
-0.120289132007287 -0.0705356209628789 0.120596935136981 -0.0449371246682164
0.0252674193498731 -0.125199025552404 0.113261086805642 -0.141851164177473
0.128335944105732 -0.015384353455022 0.380251088304438 -0.269400135342374
0.092049829075162 0.0677070440811658 0.812013972343375 -0.142156413569898
0.297799257155495 -0.0647886232516553 0.446694744323135 -0.208816888355685
0.227604147252067 -0.172451933516767 0.131714653655735 -0.199147059627566
-0.00969166684849619 -0.263840617058914 0.04773434974639 0.0277702661708242
-0.251282298569109 -0.144704307287922 0.119888017373916 0.0692467277247771
-0.241219954827913 0.0605765333459134 0.257406702991158 -0.0235147003496571
-0.147473057418333 0.171691267524873 0.252933555032249 -0.224085740845174
-0.028684343713729 0.245000697138552 0.154203890574587 -0.335587800488838
0.000536465861893447 0.258791101935865 0.0938409349911975 -0.374806967316588
-0.0341001648357778 0.277393795720944 0.121016573513538 -0.365908408007907
-0.189618820270464 0.220726329535202 0.208836987737388 -0.262883025060495
-0.288805691206195 0.067644679501114 0.219340670529729 -0.100281356429818
-0.341999703079596 -0.180806406717126 0.0942823367569995 -0.0548125309773646
-0.0247214268957715 -0.371732829501287 0.095886519841089 -0.178424388116985
0.307940536076019 -0.23821113932572 0.320326762477737 -0.280977819364496
0.384200063514025 -0.0615021215697509 0.686463765780097 -0.155543151463791
0.477181692513055 -0.148865735385454 0.332539750398931 -0.169142519061462
0.34478328604855 -0.320063774691334 0.0981843660887356 -0.151273247507844
-0.0320830155056573 -0.428921364027829 0.0676351625920476 0.0143902904472965
-0.397361078161122 -0.233801125836765 0.110042115167818 0.0397697492565877
-0.395969211949243 0.0719851177026208 0.196804839060344 -0.0153461224209153
-0.264568821420797 0.250237658743818 0.185169695402969 -0.154651288049976
-0.0876344146131247 0.369423919248634 0.119738322249606 -0.220314405870735
-0.0273976735278478 0.382607133026528 0.0837800116749152 -0.242337406539399
-0.0709061639371323 0.407336075296619 0.089491022653117 -0.237629611927528
-0.293890284495363 0.327117315981345 0.14639923522956 -0.167418202454147
-0.437854496521385 0.108508687903288 0.147255386858638 -0.0625310349389815
-0.530582306133117 -0.242115525313717 0.0445570912154119 -0.0560131989586335
-0.103280931052314 -0.561381657639762 0.0578526572858712 -0.196852221820738
0.416806514833924 -0.436527841003089 0.224832716059816 -0.253794967573575
0.603381428270143 -0.195303363600147 0.474455216989637 -0.126028241940508
0.60002463027141 -0.215354367731555 0.140461524784291 -0.115943345275359
0.426583009929711 -0.456595924617534 0.0177665684785859 -0.0666557535018507
-0.0638064962623264 -0.571507745939347 0.0767665093191448 0.0177294504063003
-0.520664780361583 -0.298546511161083 0.0897726266620171 0.00602386596207219
-0.512232325724028 0.0841520595603061 0.103799335420832 -0.00744754636885697
-0.350626318676399 0.304277819769063 0.0831540071658937 -0.0632966954429387
-0.135229788990746 0.444156345979963 0.0631541277420266 -0.0688872251167559
-0.0505714704388761 0.450731696202223 0.061871440848375 -0.0733736686231806
-0.0933832581508796 0.472254481027179 0.051057067503003 -0.0738753759751232
-0.348454995718308 0.382429596928036 0.0690709335074919 -0.0382766784604783
-0.517152197354589 0.137024489414369 0.0515140370045529 -0.00282027124437782
-0.63715531570879 -0.253324671384371 -0.0208563667502392 -0.0430765280243632
-0.174743682093192 -0.649873455515742 0.0107174476007309 -0.190423308949491
0.442344940265365 -0.560551320892209 0.115795949558354 -0.183251803996327
0.712367595413383 -0.295973601279256 0.218498026710465 -0.0596929601978639
0.639199514028384 -0.258048340786413 -0.109882716103818 -0.0511349986568748
0.444977559956237 -0.533722959384069 -0.104203114486361 0.0498646504900072
-0.0944542376310156 -0.634729441899308 0.0639715333252532 0.035704336935846
-0.57216379927583 -0.314962573612071 0.0482401387198526 -0.0229892405860134
-0.551766224473898 0.0861802736234132 -0.0167623162520491 0.0073365553794044
-0.383009117714456 0.313501542667127 -0.0409513837410645 0.046329135752684
-0.159660027332901 0.45372630450665 -0.0070808132956096 0.0996798075840534
-0.0660456228074189 0.449292495967767 0.0308075106821159 0.105620570006586
-0.103916799600665 0.461683843412248 0.00845450262271546 0.0986952313886446
-0.350637038811089 0.36856266875117 -0.0127987098712467 0.0981904160527724
-0.508325540314652 0.129750130890093 -0.051771231831595 0.0650483349625701
-0.618874834380463 -0.234118544272427 -0.0879461228765948 -0.0223403265260046
-0.192997197359422 -0.61744320001109 -0.0342973483801026 -0.162923177433731
0.403196802918945 -0.563282843021509 0.0181749084336931 -0.089022926882437
0.700927024191041 -0.335152556388645 -0.0389595110952228 0.031405114261219
0.569737334047864 -0.263722832675382 -0.376695755537029 0.0181429051806118
0.384514229292426 -0.510121604430215 -0.241465540029612 0.174696776799304
-0.104094544413033 -0.576750360221949 0.0263993760451605 0.0618343128608544
-0.507912503113694 -0.268558221199728 -0.00990477227604794 -0.0382649591699077
-0.482108662107872 0.072333120917897 -0.138498198017085 0.0286411814212628
-0.342508737597678 0.269314409059134 -0.161490808555437 0.156627550057903
-0.156409934030455 0.391706403213259 -0.0772543105132088 0.258008800717694
-0.0711678702499091 0.380558339325907 -0.00532427124152792 0.269926916647153
-0.104916976480138 0.381845901663753 -0.0365747258381389 0.251408453244046
-0.306452772892205 0.291303442751548 -0.0927233628863138 0.212032593257098
-0.418668977493662 0.0844473696077819 -0.146818215866721 0.114553618413724
-0.480644791842688 -0.197275160461037 -0.139410382688932 -0.0125808229556355
-0.149647158077401 -0.485099895230099 -0.0625593956203246 -0.13140873138414
0.319938677912887 -0.455910228209159 -0.0499665017253577 -0.0028589552116661
0.58590184011999 -0.309941612520703 -0.255543362138394 0.118215834530049
0.399971196440949 -0.223334804667971 -0.608982750487158 0.0821524337959314
0.246864257504537 -0.383788049248043 -0.361145639703121 0.279874928030571
-0.0936745617741919 -0.392930299338253 -0.0238669126250612 0.0929324309031084
-0.33831479661599 -0.165493621354775 -0.0606985547311421 -0.0334112147488225
-0.318394968315159 0.0411830007674319 -0.225919365903966 0.0500649081211685
-0.240634922884065 0.174816714509189 -0.249415801996028 0.245775619346071
-0.126105043204592 0.263030766317445 -0.131540097447183 0.378876548473502
-0.0664276196289658 0.252469069628532 -0.0400804081299578 0.394409636395436
-0.0928121050236906 0.24877824794197 -0.0802259143581218 0.361966520809357
-0.22222184329464 0.176050588841309 -0.163808017049135 0.28045776732248
-0.275743519684345 0.0274471211251495 -0.221133805325893 0.128791476661717
-0.27837463000649 -0.140844828191849 -0.16619178105201 -0.0228052423329459
-0.0799820917868109 -0.294641736458791 -0.0708611360794404 -0.104467112899004
0.20190664678862 -0.286908401179933 -0.0850457547042327 0.0551436412498347
0.392076493837334 -0.239329206216337 -0.401955907243009 0.182827701026592
0.158735224163387 -0.144347546955681 -0.765352952145298 0.128745163289204
0.0649569596807074 -0.186150086870601 -0.437235925528117 0.3550330125876
-0.0697854175604463 -0.14158223197844 -0.0666919268474506 0.12955645989759
-0.11323540270629 -0.0322065949271185 -0.0850143517764728 -0.00706884045280434
-0.104133991557224 0.000848550737449318 -0.259186273648185 0.0652600316026737
-0.101600315568306 0.0484521476727594 -0.286581445335395 0.292599064164402
-0.0759650317708449 0.0898027074566843 -0.158890465585417 0.439748520429921
-0.0513035871869285 0.085465489579048 -0.0674712787369956 0.459897356196165
-0.0648609950729256 0.0839521020182825 -0.117856904939979 0.417394542153875
-0.110782757152413 0.0497557081225348 -0.219713125592664 0.300944724973798
-0.110738100377843 -0.0166076912233831 -0.270586515478982 0.110957731075765
-0.075707342093654 -0.0606953921097053 -0.169820031591582 -0.0451209581094118
-0.0279399838949275 -0.0950631882976275 -0.0656197102678996 -0.0810596114556545
0.0589460786687093 -0.116812159781005 -0.0950486213644693 0.0844164715755313
0.157960615951025 -0.149969605620073 -0.469083896277766 0.216391199759858
0.0906382815492813 0.0232943307725519 0.451481894693878 -0.253224335384518
0.0973678808727924 -0.0288355817872924 0.111597759301201 -0.21821303628618
0.00702401033534476 -0.092923082828655 0.0340857198068023 0.0502114833595889
-0.0958486175914127 -0.0458879019350372 0.135979498841035 0.0816309376971192
-0.0704531761469098 0.0455922628223314 0.282135745977732 -0.0573233903764234
-0.0180167337813321 0.073238494947188 0.261820848276392 -0.280618989716342
0.0330132847347453 0.0856780873390806 0.138167065272079 -0.400878406594936
0.0347086141159141 0.0921832194028199 0.0645354675238635 -0.443419681368299
0.0194558198056465 0.102084603815833 0.110124288220684 -0.433658120097963
-0.0419110273729888 0.088928590884911 0.219933813438734 -0.318466455126772
-0.0919265520700862 0.0381415887187702 0.243319338271603 -0.125034710954422
-0.121227373389293 -0.0624857964493547 0.114360601197919 -0.0483444827351964
0.0201279997054994 -0.123172227724014 0.103278363524366 -0.142065970607351
0.123080101012984 -0.0203431170812878 0.359973660366432 -0.280792661721219
0.0919919246990149 0.0634261415587571 0.779209771676904 -0.177153936053247
0.283531105506335 -0.0753463140592996 0.422367035673956 -0.225545653312537
0.214513246862028 -0.177422553431162 0.117311632044635 -0.200292106911453
-0.0212838720243717 -0.253571859665675 0.0510742003187586 0.0252996508950655
-0.250503745731195 -0.127431436092361 0.12179645275448 0.061402838262759
-0.231093954290267 0.0717011058129097 0.251739736509032 -0.0396815328217054
-0.13580031135466 0.175048659684206 0.235457692482112 -0.232709969296716
-0.0145507943275298 0.23964086554948 0.133889815308243 -0.336474741540614
0.0142003473097594 0.251673636334897 0.0714032595447139 -0.371015550760792
-0.0186278661987478 0.272915577325853 0.09770073617792 -0.362971340666821
-0.174219121177234 0.226918706769099 0.190427418661393 -0.268353532384726
-0.27968238656207 0.0793163562911918 0.209077849103628 -0.109200322809512
-0.34202575616558 -0.158084273688075 0.0891094927490332 -0.0564049471368669
-0.0409627043142193 -0.360553180376873 0.0831032300197058 -0.176638047406361
0.288498339149088 -0.245518804608684 0.30165927536605 -0.288942736242731
0.368603278688159 -0.0744165937565957 0.658380329537751 -0.182703473254263
0.451882434424708 -0.164405583226986 0.315615465028213 -0.181961012874841
0.321043699290798 -0.327467530634441 0.0875079660683091 -0.152024475900208
-0.0521092148130684 -0.411991662375887 0.0703313506230447 0.0113464434264021
-0.396167829843252 -0.205181562145654 0.111561650553162 0.031926800439088
-0.380949833813528 0.0913004447551202 0.194726649674869 -0.0296926276046706
-0.246806609009924 0.259156636809764 0.173842529576698 -0.161996906737984
-0.0656850698706907 0.363409703539568 0.105875349190365 -0.222079844532627
-0.00669321758218297 0.373181568433535 0.0699180383052615 -0.240422587175478
-0.0464479879337978 0.400108263698046 0.0742860276217505 -0.236436973433336
-0.270800998803897 0.335830753975356 0.135351774622925 -0.171766703776076
-0.422619935219003 0.128169563977806 0.139978480684288 -0.0698789955136048
-0.526598768667126 -0.207491309964064 0.0414518184854137 -0.0552224979520824
-0.126620724331314 -0.540736054453489 0.0442968635100481 -0.193831751889885
0.384929419822225 -0.445059733641968 0.208895999600271 -0.25763243899518
0.573287705640243 -0.211946693096036 0.457129929785105 -0.144059856324785
0.56848369372612 -0.23559518867825 0.132927091446565 -0.122434734145521
0.393240296482252 -0.462718925542333 0.0139540109375464 -0.0657173414463661
-0.0900638855541192 -0.548049236871489 0.0796779052411239 0.0136295050029155
-0.519449091277316 -0.260818021204044 0.0908919362340605 -0.000542846096505416
-0.493867167125737 0.109168421255385 0.105914798911105 -0.0187424138972293
-0.327751775294767 0.316194405213717 0.0780047441813328 -0.0674339494689447
-0.108921746706105 0.439010691567228 0.0585766277268308 -0.0715321396635323
-0.026191156509539 0.439237487000465 0.05768305271327 -0.0751864652855667
-0.064776776285814 0.462526567260874 0.0449252386225088 -0.0741642428059165
-0.319698586400694 0.392875001148381 0.0664125537893162 -0.0425889844927271
-0.498228515261889 0.158981545878852 0.0488470895131142 -0.00720215253175692
-0.632254113902824 -0.211194718346107 -0.0207459597037396 -0.0394567959769769
-0.200630294395877 -0.623243334671311 -0.00276516747705265 -0.185080783988833
0.405570646907873 -0.565470102983014 0.104651300447294 -0.18373739553621
0.675912038934825 -0.313791274084274 0.21227214683972 -0.0662180476130917
0.603826169763138 -0.279348031086149 -0.105844730673078 -0.0485079192737462
0.409219783282454 -0.540505221357516 -0.097957883559366 0.0527790851204878
-0.121779760823213 -0.609987657054411 0.0669910097971627 0.0320051196586915
-0.569617929490607 -0.274821614065411 0.0491266593273074 -0.0267067612260385
-0.53292214497928 0.114930105034776 -0.0102671947878566 0.00154386125345412
-0.358569425760983 0.327693402909581 -0.0373943115190245 0.0461815057676989
-0.132958915313571 0.450156898311289 -0.00137158158224042 0.0966304191073021
-0.0414647128648449 0.439150613662599 0.0369905451703059 0.101582735218728
-0.0756239499681728 0.452051247430108 0.0125981794586085 0.0960805301714357
-0.322825209691231 0.378642136579227 -0.00642202597924638 0.0948994017725232
-0.488639757068975 0.152827003797507 -0.0488985274226583 0.0636428908700965
-0.614188956941819 -0.19391415441928 -0.0844216141398182 -0.0165592613016606
-0.218767229486137 -0.592267900368782 -0.0453742388492711 -0.156798419025547
0.366738039106642 -0.567494103133047 0.0135086529415411 -0.0876224359843513
0.662289036487049 -0.354056157593449 -0.0323804087641374 0.0356526152365793
0.537939867266732 -0.281554182571893 -0.360352026742554 0.0302765555978873
0.349261887011661 -0.516465112877785 -0.225054518248567 0.18085812122168
-0.127093071881671 -0.553524773180383 0.030967688243598 0.0592746110102922
-0.504941695929842 -0.234740575584387 -0.00852460078757807 -0.0390440348427067
-0.466950529797318 0.0975959485842397 -0.128385723411139 0.0295939578458151
-0.321465439756895 0.282491431611859 -0.149094744115027 0.161340826030969
-0.132908260770638 0.389654810328675 -0.0618806731632821 0.255151560219232
-0.0504156737456619 0.371981759418734 0.00994209236101223 0.263469658896343
-0.0812135942160611 0.374657606366025 -0.0221790247449205 0.247231922720591
-0.283123843413274 0.301387413471263 -0.0787464763513103 0.209912259681339
-0.403550547808947 0.104368301290822 -0.138765876823681 0.116846987669607
-0.478083279325743 -0.164354161986744 -0.134127042005951 -0.00625319919539024
-0.168963288997114 -0.463993011344254 -0.0709147723735141 -0.12477803074121
0.29084802464012 -0.457435880464385 -0.0495433396446541 -0.000822332599396347
0.552837697327865 -0.326534925492653 -0.238562807953626 0.130984521953174
0.37570302014997 -0.236488993134921 -0.583420169743617 0.103173482391609
0.221810184040508 -0.385904609448467 -0.336201287547521 0.289564628758216
-0.110308420736879 -0.376745903368847 -0.0179517855276271 0.0916125856489656
-0.33526016670578 -0.14135812839864 -0.0589067214483929 -0.0312983168308021
-0.309446143232818 0.0586749694047608 -0.214515615699788 0.0565666106538298
-0.226673882606237 0.184842819317941 -0.23116139387642 0.253381759528719
-0.108946704578905 0.263316144221985 -0.108087546842049 0.376663321774388
-0.0521758927628468 0.247589261299125 -0.0169606846662713 0.386167962294395
-0.0765574918939438 0.243593182497561 -0.058668267555039 0.357759839732534
-0.206271001500086 0.183545791084226 -0.144583191187283 0.281664107595428
-0.266815279546514 0.0418846538237753 -0.210556760739066 0.135077796846236
-0.277855585668542 -0.119574427428592 -0.160233837011657 -0.0140630203590603
-0.0936740536884469 -0.280938224527011 -0.0761654610937272 -0.0986234125291674
0.183441806079931 -0.288813833302801 -0.0812335230908362 0.0578522175169025
0.367088482622307 -0.25033783780427 -0.377260729088456 0.201257072029601
0.147278199644463 -0.148826602935961 -0.731581389492621 0.158496452304324
0.0540870053290025 -0.184996203332216 -0.405848157204156 0.366286041403673
-0.0748715687216421 -0.133275253048319 -0.059486174976273 0.12985185267965
-0.110309850670702 -0.0243039429370927 -0.0824111829378297 -0.00456546863709649
-0.102857215019091 0.00749934467523551 -0.247790100838133 0.0753134337740005
-0.0970993372349412 0.053220766399549 -0.26472927866378 0.301006629672699
-0.0692795367556176 0.0913094189902335 -0.131188323073429 0.437765011596446
-0.0466108579134185 0.0843236226592248 -0.0403545667020897 0.451231595813538
-0.0581496815567707 0.0825371418081763 -0.0919367528803594 0.413426668018763
-0.103568726535057 0.0541366866682165 -0.198506618951675 0.305498960454265
-0.107689180485999 -0.00928126000765808 -0.258071489375876 0.121291266185958
-0.0762419388502038 -0.0534004514053147 -0.165953533127468 -0.0362786891607327
-0.0337851502661804 -0.0895546638763153 -0.0685006765731986 -0.0766851010370007
0.0522130543728806 -0.117362752891363 -0.0900545676598889 0.0870194363191374
0.144969867973836 -0.153953086286624 -0.441052430187842 0.23703084573479
0.082406230086483 0.0265017541108226 0.44841441786139 -0.230531203708965
0.0956895957200967 -0.0226020290319057 0.113222092736223 -0.210682948837729
0.012093090682137 -0.0914948458110373 0.029543470434946 0.049272941601056
-0.0911775425337518 -0.0505010182405669 0.12647791171793 0.0856072447853028
-0.0721748233043343 0.0386098652405552 0.275367070534248 -0.0466632907259068
-0.0221955350126458 0.0691993553152983 0.260984428698438 -0.265367386515328
0.0314863404631548 0.0811084185407155 0.143751125988884 -0.387989986517354
0.0321272677930804 0.0923506366060427 0.0671371663280993 -0.42955199106355
0.0181127923668893 0.0989671168428783 0.110530564748447 -0.421125040494103
-0.0440990314728352 0.0854557270043456 0.216287047474171 -0.308065629711649
-0.0927316955379837 0.0331789352374146 0.23663589633012 -0.118717368519376
-0.114757439287653 -0.0654016290314817 0.109040539704939 -0.0481833736651758
0.0259347255370643 -0.122869406472442 0.108448068075878 -0.13372257720178
0.127213376213245 -0.019367915621397 0.361871839164674 -0.256486463018033
0.0940637931836497 0.0584100294931613 0.754742331011166 -0.133332636817063
0.277492755123438 -0.0598217739111332 0.420438425923206 -0.215500567467807
0.217506501256505 -0.162337235634374 0.113013998140289 -0.197013724799646
-0.00822513291805555 -0.248441373476413 0.0407660804690341 0.026937808825659
-0.236281591004909 -0.133365249674749 0.106839039332354 0.0672891390793067
-0.228598102033029 0.0584752130627931 0.242285662003686 -0.0249096554092351
-0.140826574492953 0.166258482829413 0.234874068162494 -0.215077361507846
-0.0210993344337809 0.231118662543533 0.141103727810492 -0.320986252765175
0.00648513749452971 0.249909658820213 0.0741188243838144 -0.356442607118756
-0.0228559622709562 0.267517395817202 0.0954939463468848 -0.352058081477777
-0.177606974445285 0.221640967445484 0.184440507558692 -0.261383961992195
-0.28056589904678 0.0716387352046284 0.19914751186279 -0.110570456030614
-0.328276668288638 -0.162271664261944 0.0809596704499934 -0.0670316264293975
-0.0269028538998062 -0.359239337603934 0.0942788260284118 -0.173667407922297
0.29456032352488 -0.236686787366354 0.312261081529341 -0.26136598370436
0.365169753557926 -0.0715559525519268 0.645723800224716 -0.13601790532798
0.447593721257306 -0.137648691075397 0.314489700877498 -0.186642380293376
0.329139910664272 -0.303212607881053 0.0789197016723834 -0.153297238743448
-0.0302135135282637 -0.40430713537588 0.0536245524788055 0.014921057662465
-0.373000201225267 -0.212022481134586 0.091794438020239 0.0402710277875069
-0.374239494493214 0.0737031829056921 0.184722894855302 -0.0123644898734648
-0.251088498532214 0.246205345352473 0.173865173394003 -0.143940697501956
-0.0760217663787304 0.35126896799137 0.112944858863273 -0.207384909471815
-0.0197599716823275 0.36922693801187 0.0714725155291887 -0.228797233376913
-0.0530885472732679 0.392682743808966 0.0697223273473205 -0.228277599689982
-0.274879030294203 0.330076595216023 0.126547522524269 -0.168326937292504
-0.425079766582769 0.115962418753287 0.127247556394969 -0.0779196283616184
-0.509427169741021 -0.212705465627311 0.0308247835397089 -0.0745309806276813
-0.107761623628445 -0.538337356264526 0.0597552477525631 -0.197284355796757
0.392562138239788 -0.428466571086921 0.228603893607379 -0.232900736804117
0.563855521682676 -0.201144638161221 0.457575471034446 -0.10272422249714
0.568741422594695 -0.201286517599082 0.134391430576493 -0.142995904136537
0.408929805745204 -0.432683434853324 0.000416118559767362 -0.0738939202619441
-0.0602457024306525 -0.539910403932406 0.0564925501838647 0.0190054815932641
-0.488378073661484 -0.268597948516173 0.0685820869141646 0.0102658953975357
-0.484121447110488 0.0880422478889326 0.0974128117750771 6.68768987199272E-05
-0.333371034664172 0.29980960885409 0.0792181937391881 -0.052653573788571
-0.121025375422664 0.424883545762578 0.0648006436783328 -0.059559062388028
-0.0418831734493145 0.434006299232293 0.0581819910830033 -0.0669587811305806
-0.0728323983948313 0.454647186192955 0.0383012578613011 -0.0700037435562014
-0.325728398463547 0.385692822479844 0.0562246325390549 -0.0435013087714863
-0.498611687402685 0.148179065326001 0.0342394625615401 -0.0215788990236539
-0.611620369703876 -0.218556816140852 -0.0336271951960365 -0.0654758287138389
-0.179619853653776 -0.619920283214877 0.0140217024169336 -0.193962121235366
0.414124270006132 -0.546122569607867 0.127267823696732 -0.165532547457118
0.662097636242409 -0.298461918597141 0.222815033524356 -0.0346734877341731
0.607789642234859 -0.240184122503702 -0.101191674460226 -0.0834902560012072
0.429411124367919 -0.508789276219463 -0.114375834238984 0.0375414599472624
-0.0889965980768137 -0.60119284583004 0.0401021804313168 0.0374646257343813
-0.536369781996413 -0.28524274324843 0.0266287267131923 -0.0161353280898922
-0.521001264769407 0.0933854166212346 -0.0158107824192732 0.0181385897657039
-0.362452006607408 0.311100754962324 -0.035475629279421 0.0561728058381223
-0.145521499960901 0.436836611398079 0.00327016083100538 0.10421525961989
-0.0577997134658695 0.433345795714535 0.0364649155851895 0.104634478487173
-0.0844552233107129 0.445087905062708 0.00492965189214722 0.0951277750961051
-0.327588121262765 0.37294536995894 -0.0163454958335593 0.0892582884881926
-0.489926310122689 0.143184334659774 -0.0623977795698367 0.0455405320053922
-0.594385174402594 -0.199029337216347 -0.0953589667508586 -0.0445426912117375
-0.197668835420491 -0.589795983244518 -0.0303568141351954 -0.168867830927267
0.374247320766713 -0.548408388173914 0.0340100098055324 -0.0761857227742701
0.648269361048846 -0.334307558580077 -0.0159225299781925 0.0518932700866287
0.546149638048218 -0.245128462273154 -0.352893169333391 -0.014446598448283
0.371305382273979 -0.487069186511466 -0.24068061646909 0.158918635578812
-0.0976703958263322 -0.547858738070413 0.00528156850817526 0.0626960888616181
-0.477823553863328 -0.241462415178396 -0.0260686577735808 -0.0303118061803154
-0.456385911115774 0.080496118329943 -0.130015278619383 0.0405476459924609
-0.324059813054166 0.269259677802561 -0.147038818586417 0.164035739082344
-0.144388717347315 0.379443958483756 -0.0592331122312616 0.256888480157265
-0.0646876770765972 0.365993927903974 0.00868420116754908 0.260751263033341
-0.0880624623872618 0.368125335361336 -0.0297787542706735 0.241883300858076
-0.28561850861338 0.296581966872142 -0.0865044634428942 0.200935866295788
-0.40463333273832 0.0974700151359976 -0.147893088345601 0.0974876384449934
-0.462416920336071 -0.166728578670149 -0.139818007208614 -0.0301575136724694
-0.154429648810665 -0.459962229066863 -0.0576532286568708 -0.135936347708921
0.295894446029865 -0.441816994101124 -0.0343019324802254 0.00412387525048189
0.539771382714231 -0.307615261086906 -0.218702343895634 0.132709238148439
0.388411869296741 -0.20779421176998 -0.573913648922028 0.0545301617736657
0.241027738259437 -0.367474638824046 -0.348887021073439 0.263986578254637
-0.0892671986088386 -0.373923169282524 -0.0366517326599861 0.0918995399077028
-0.31673931756034 -0.146593503356841 -0.0684015038637301 -0.0268249150242447
-0.300949821918756 0.0489171707066582 -0.212154170622878 0.0593748492090092
-0.226678155644091 0.176613481166258 -0.228683653306664 0.247591317675033
-0.11740155344697 0.257392675755181 -0.107836097591004 0.372636073724233
-0.0618227936812633 0.243477757261094 -0.0196283998191452 0.377723545792086
-0.0807669479200189 0.239610374514313 -0.0646806835798949 0.349035076352447
-0.207355887817664 0.181761396649991 -0.148654487151207 0.270785256934059
-0.266264620315645 0.0382509963656968 -0.213691255309882 0.118288660704017
-0.269578369085632 -0.118692582903832 -0.159678469105959 -0.0320597428290525
-0.0868224004181228 -0.278687621967942 -0.0665737450072317 -0.106248455817819
0.185425154754302 -0.278785228817009 -0.072935625432365 0.0574314661258153
0.357078973664763 -0.237054005672344 -0.358768086871872 0.190291461800826
0.159427401577253 -0.133137561963273 -0.721508677835858 0.110808338239969
0.0672186554625791 -0.178708154314471 -0.412232406375784 0.339861561464843
-0.0655858179837491 -0.134506712529489 -0.069170020015932 0.126847611757322
-0.104079142043545 -0.0252292823224199 -0.0826759382171903 -0.0048684542460564
-0.0988013946631217 0.00699220286449109 -0.242667920153512 0.0702642050039803
-0.094267474790046 0.0513620879877612 -0.263387776193224 0.289264950333069
-0.0729027438840913 0.0912638889866689 -0.134292137830374 0.428479644455811
-0.0507171434219384 0.0822485665653453 -0.0427030637622499 0.439968379401083
-0.0599482396088353 0.0813434683569847 -0.0949781531711697 0.40223319025312
-0.102943635026538 0.0546141207469887 -0.199017609585322 0.294616408376487
-0.106673136379151 -0.00837752458270898 -0.254713868703514 0.1092878085775
-0.075253454751399 -0.0514370890729964 -0.159562939399133 -0.0444515758502581
-0.0335263522024828 -0.088659505686506 -0.0628303055633751 -0.0795689957114334
0.0523613256847365 -0.113869581632004 -0.0884712057702412 0.0825770045497764
0.139986441845703 -0.14597638548021 -0.426581541728725 0.216232259954986
0.0811601733547923 0.0275703428361255 0.445241509914758 -0.228918422378273
0.0970490579212463 -0.0221366105187887 0.110735625727888 -0.20987184310543
0.0122102164258767 -0.0912870871339029 0.0322361677322535 0.0486297532008688
-0.0921505580146939 -0.0506902066620865 0.127386616953331 0.084899075004286
-0.0711774929762124 0.0376989829660008 0.27348061012161 -0.0508912639366938
-0.0217069208604972 0.0685843600250839 0.259800233412531 -0.268571773553283
0.0317983870562381 0.0801847602996434 0.14161784824126 -0.391069998558938
0.0333664677721836 0.0920549841741232 0.0640322080250374 -0.430085211727351
0.0194352103994736 0.100424613768253 0.107360269928155 -0.421338456785299
-0.044876303787233 0.0870818320721798 0.21564205305624 -0.309688091754665
-0.0940772711843286 0.032994580062146 0.236835811965244 -0.118401154755893
-0.114414125550379 -0.0653866920471677 0.108891727933867 -0.046593662187353
0.0269380649394739 -0.122860687472107 0.109226648922041 -0.131871428489597
0.126902824406367 -0.0180562606018714 0.363243799012688 -0.256987598578438
0.0937472466367785 0.0600385472042366 0.751107192758407 -0.133760993840229
0.273327806728494 -0.0565758504584562 0.417936763523722 -0.215619250140131
0.218190648076718 -0.161064342931867 0.111758842258188 -0.196517082158988
-0.00794132482413492 -0.245662767462256 0.0442885776132717 0.0258983721972669
-0.235704587449286 -0.131175958117348 0.107543945193664 0.0661100914656338
-0.227629167140969 0.0592747228256632 0.241995067980377 -0.0297539657148689
-0.140149634935753 0.167152481878198 0.233941963210997 -0.218239012422612
-0.0204648251630285 0.230159320955007 0.139185156859174 -0.324034531970326
0.00780376301652927 0.248701741172024 0.0716943676447054 -0.356963099164334
-0.0205705591267849 0.267873444043686 0.0925083669600734 -0.352466351397249
-0.177808652075851 0.224069931446462 0.183340855118304 -0.263007568015692
-0.281553463632778 0.0717306361192837 0.198752739583685 -0.111097858568385
-0.328158017076567 -0.161000178536535 0.0810115500297054 -0.0655630651077741
-0.0259100598194924 -0.359151825098161 0.0936592840974362 -0.171769124442571
0.294578663723175 -0.234689363389207 0.314527852834309 -0.262244316740762
0.362647894360104 -0.0678001301398943 0.642958408102193 -0.136298315113615
0.441296761714051 -0.133746589964797 0.313266939588916 -0.187876248903823
0.329099796062923 -0.300626234309488 0.0778833376436451 -0.152949348619835
-0.0300299373865946 -0.398510789800594 0.0579771041623243 0.0136596621526901
-0.37150233930912 -0.20881133648758 0.0933159860386201 0.0378395129493828
-0.371742057184672 0.0761471228269959 0.185488026196888 -0.0180142870679343
-0.251353974540638 0.247952947942684 0.172462357893366 -0.146510600224001
-0.0745925688581767 0.351312853785896 0.11234190642672 -0.209037420592448
-0.0177213107438313 0.368072028200669 0.0711007262738903 -0.229821612283719
-0.0515736033687353 0.392849665825047 0.0682688224899338 -0.227681107678106
-0.274981419623914 0.333600444270565 0.126131322475257 -0.170636381876661
-0.425585964195937 0.117055530987268 0.126279273643273 -0.0790032755874654
-0.509844607863936 -0.209136241536128 0.0324965746792139 -0.0737259599288196
-0.107048272494381 -0.537182783211193 0.0578283265874627 -0.195391210361657
0.393823673709416 -0.428585237013039 0.228895241904161 -0.233127719978319
0.561494523623414 -0.195158856094789 0.456541573995981 -0.100705570194068
0.560495055006138 -0.195324023035373 0.135150916465522 -0.145311102778611
0.407497905477633 -0.430885012425003 0.000678573499837171 -0.0742582078057681
-0.0605068474439892 -0.533365334745048 0.060870848283476 0.0178200401197932
-0.486089863077251 -0.264594910892217 0.0703705910860714 0.00749585115406289
-0.482003326579407 0.0921302711802116 0.0991723825748618 -0.00701629504971962
-0.332779604119208 0.303902352717583 0.0781010127890032 -0.0541885349243227
-0.12003591217628 0.425438304737633 0.065115164953572 -0.0611835124609685
-0.0401526229622801 0.432993498883541 0.0599389559514369 -0.0686259127936456
-0.0700145397693002 0.45227331281212 0.038300323902087 -0.0698720915071821
-0.324422630692995 0.389938004655445 0.0566789414996452 -0.0458786659391016
-0.500277885306959 0.149207526067752 0.0332413395868458 -0.0225395067723692
-0.610523799251711 -0.213817483434027 -0.0309281560760335 -0.0648646132690325
-0.178630630843547 -0.619956138314568 0.0110767210744398 -0.192326794283767
0.414216895287931 -0.544544820344266 0.128464005684343 -0.165224781575877
0.658698179235546 -0.292070965898164 0.223968908531039 -0.0323586853700171
0.601182160158296 -0.234194501476368 -0.098287753258167 -0.0878211485084835
0.42752031315033 -0.505909646322792 -0.113132942300468 0.0361375738939509
-0.0888407991197457 -0.595767558463157 0.044034214891015 0.0360144015685937
-0.534989455400604 -0.278193284629588 0.0283589798321981 -0.0185575658870955
-0.519005096207533 0.0980537797573059 -0.0127442231815634 0.0116890674287882
-0.361268443354922 0.317319671995535 -0.0358792173686362 0.055617259007024
-0.144461937389458 0.438359823808955 0.00472297388695087 0.103005262932749
-0.0558635069657161 0.431641192175235 0.0393564802744619 0.102630367701457
-0.0823127196286211 0.442206913157829 0.00634678700052899 0.0961219383001927
-0.325422771104167 0.376523900794918 -0.0155264187306268 0.0875250726021556
-0.489307979634691 0.14368925879271 -0.0643025720616206 0.0447639565493611
-0.593015198426194 -0.193098876559197 -0.0924364129238864 -0.044672494125569
-0.197993520939509 -0.586278025430788 -0.0332750018645216 -0.167787756347386
0.375147704945508 -0.546682316362072 0.0341378923627843 -0.0764578273465877
0.645356118416014 -0.328219673444419 -0.0121238344343334 0.0543212810139556
0.540983379326816 -0.241944905494201 -0.348649601184251 -0.0204997647987245
0.371895260881071 -0.486213488155101 -0.239403215360223 0.157587638757633
-0.0985063585896826 -0.542225693218165 0.00809163325721646 0.0616743749922966
-0.475665395779916 -0.236446576258057 -0.0243528244928679 -0.0332560287898475
-0.454444158193921 0.0844312621879998 -0.126949848828108 0.0351291593419592
-0.322722169935048 0.274033495888161 -0.146688738333814 0.164897522024998
-0.141871369222544 0.381111972339008 -0.0568851943079835 0.256663749956697
-0.0627546211588766 0.365530416467227 0.0125221857695471 0.259404397951321
-0.086284980658139 0.365740705197109 -0.0273351958956955 0.243048270942023
-0.283713317564027 0.299533784611958 -0.0855776468343583 0.200090361690189
-0.403958698952249 0.0990323046002872 -0.149302714071707 0.0974932911336036
-0.461201907100074 -0.161587348769266 -0.1374713982937 -0.0311742315218504
-0.154719675809867 -0.457045661626049 -0.0614647587663101 -0.135488805739761
0.296016951170884 -0.440283968436468 -0.0347121088120184 0.00430044521868654
0.53414548469139 -0.302823295257989 -0.213570700645582 0.135712002552622
0.385360436610286 -0.205363610261826 -0.569372639683223 0.0486741730250293
0.241341084180487 -0.366938177963735 -0.345992632799985 0.262412040395771
-0.0887198513933985 -0.37198427203816 -0.0360658922296017 0.092206130999479
-0.314613132104111 -0.143901941773026 -0.0671370183115025 -0.0290767486323537
-0.300334216764209 0.0527126974175658 -0.20953972295846 0.0568701370638463
-0.225807111564469 0.18095448431614 -0.227750346175252 0.250230847464005
-0.115828908150288 0.25924800117238 -0.104884385143452 0.372474612128819
-0.06088234488391 0.242857470705116 -0.0145461627514465 0.376476805124925
-0.0795117038597679 0.237290282849598 -0.0614013465832575 0.349828820670845
-0.205127239193548 0.182885031076634 -0.147456837969622 0.270826487511536
-0.265163705222383 0.0401402305634642 -0.214400250314973 0.11827589111367
-0.268513217732823 -0.1140838518887 -0.158345989608438 -0.0322276847775873
-0.0876430910844752 -0.275301217066599 -0.0698137819933224 -0.106051467770405
0.185126890389725 -0.279497237249429 -0.0734048893262907 0.0585468677831399
0.354565159740729 -0.234187137844532 -0.352103658835063 0.193463131110807
0.158564926883234 -0.132409918875933 -0.715714175134699 0.10396284382728
0.0667372307554351 -0.178442493948217 -0.409405425131665 0.33873965837895
-0.0663623590391371 -0.133559753505676 -0.0703116487732428 0.126729515236869
-0.102151169990557 -0.0247754853703194 -0.082041821063155 -0.00582318012072366
-0.0985452697847794 0.00900102210432459 -0.240955010951448 0.069483440624728
-0.0941319465063383 0.0531186866082357 -0.261400837741402 0.292157337266778
-0.0723640512785563 0.0916702969428874 -0.130776044883636 0.430234090853284
-0.0508403065800228 0.0816427663429871 -0.0379989634414862 0.438868058958195
-0.060595295764209 0.0794499684928353 -0.0909406095627488 0.402721772101108
-0.1013594192565 0.0538144935030738 -0.197186886075548 0.295408987805706
-0.105089467721026 -0.00675312010561104 -0.255250643704939 0.110120921075461
-0.0748364674454773 -0.0485511019768971 -0.158796798789448 -0.0451146663537515
-0.0352126513077334 -0.0866131288621974 -0.064526892614514 -0.0802274937264116
0.052237765855507 -0.115153691495567 -0.089451907910499 0.0838059440263137
0.137522452513046 -0.145250450024019 -0.419704608771524 0.219810920480786
0.0821681046179398 0.0299307313956496 0.453308604197571 -0.234007809486533
0.100729562923114 -0.0233581407711579 0.111482701083461 -0.215349953899318
0.0128913747805578 -0.093438071998727 0.0361659234898425 0.0493432396816082
-0.0961276653225708 -0.0519262843505135 0.131729377602327 0.0858617387399614
-0.0728528505596935 0.0377138991381489 0.279600675050806 -0.0555712104676615
-0.0216791420044978 0.0698875677884001 0.262527647801711 -0.280742080942372
0.0333613724628586 0.0812031806317911 0.141328399688601 -0.404297551160069
0.0359733888218887 0.0943276858954052 0.060645440638049 -0.441154073547277
0.0217406424615803 0.104341148833134 0.105778082059296 -0.433385490136461
-0.0458076269127263 0.0911741490073888 0.219425815907852 -0.320442541149888
-0.0980338028449235 0.0338595505111086 0.244216368948361 -0.122350329669578
-0.118562860570396 -0.0669018292870121 0.111028567902012 -0.0465730388814928
0.0280980834265243 -0.1266220169099 0.112917796492272 -0.134298169746105
0.130005962458423 -0.0175785411368949 0.373396641001828 -0.265797675452292
0.0960893448979923 0.0624673016377371 0.764537107227016 -0.139604503567115
0.276588336553825 -0.0551543286142029 0.424856506726898 -0.221430995234297
0.224004019289208 -0.164577159175521 0.113325711778062 -0.200879605055619
-0.00815920958363634 -0.248608437385584 0.0494195623640025 0.0247741869334456
-0.242550352763545 -0.131862677762981 0.111338646931014 0.0658922275314876
-0.231612881445966 0.0621350281730896 0.247973530371608 -0.0357879353508258
-0.142926959529196 0.17316804286797 0.237604408542532 -0.228251050128947
-0.0196226887254895 0.236251768498718 0.139416463989526 -0.334819544790871
0.0109249019778126 0.254835936900554 0.0701972560857351 -0.367157080218333
-0.017663262290266 0.275715256813923 0.0921980186831489 -0.361861050075707
-0.181385410784392 0.23427465920974 0.187011415150269 -0.272856143354138
-0.290584533325511 0.0750337815914975 0.203647990599169 -0.114684031508518
-0.338230786647576 -0.162396199079102 0.0840320787597458 -0.0666728760126418
-0.0275822712690867 -0.368702734193921 0.0958200730369939 -0.174483071743819
0.302715158440203 -0.240866986416741 0.323751001207304 -0.270610079686266
0.370887668029893 -0.0669508433812038 0.656399286530711 -0.140597160288822
0.447292013204872 -0.132252136069549 0.320627246403331 -0.194969124727334
0.337089282782206 -0.308078278020427 0.0789193379221582 -0.15671150286959
-0.0311477875995907 -0.403272120140804 0.0637730500835048 0.0120512437668569
-0.380944601275513 -0.209610250829039 0.0970320385817939 0.0367963350852967
-0.379600676548974 0.0809974863118595 0.1906751266605 -0.0249992918487645
-0.256362221659968 0.258427091012366 0.174913112096885 -0.153920217001786
-0.074409405325408 0.361443180344989 0.113337707748286 -0.217405633612066
-0.0148267469419973 0.3767772414471 0.0718857523568109 -0.237879769027347
-0.0485853747490769 0.402448557656244 0.0681256338744224 -0.233733134995982
-0.279318240966165 0.347330399708512 0.128601857471698 -0.17827869702356
-0.438169609837942 0.122151704117565 0.128662577721199 -0.0819401749595951
-0.524554756750839 -0.209998040945144 0.0348762336938511 -0.0753196079236537
-0.110943323703419 -0.55017629730673 0.0574031947799563 -0.198296776149704
0.403827193355474 -0.438921104531482 0.236340721673779 -0.240029071147762
0.573246106045254 -0.19660062839593 0.468620140848468 -0.102736473747796
0.569077104784358 -0.196145821380246 0.1395267042221 -0.152272255771429
0.41819384279597 -0.440712730295751 0.000199276867749972 -0.0768946018657686
-0.0639747892681623 -0.540345968031643 0.0668442523256076 0.0159720588941711
-0.498842788985948 -0.265970462493399 0.0734495384888725 0.00541284759964967
-0.49102661460602 0.0993629863807824 0.103110866400762 -0.0138989985324244
-0.338867404065768 0.317758842046589 0.0789809185224623 -0.0580503944249623
-0.120208708415716 0.439227294355129 0.0659909890820228 -0.0642614462278813
-0.037795620842161 0.443039509129925 0.0623147866602168 -0.0728156365733096
-0.0675467022387169 0.463564447746283 0.0387929048407402 -0.0707789462216367
-0.329611816358685 0.406781398587324 0.057775775123601 -0.0492852552579645
-0.513980571845737 0.156730539516579 0.0322695256587823 -0.0239877708683417
-0.625792376316646 -0.21266181793701 -0.0297723176530697 -0.0669809980496177
-0.185522059607656 -0.634010882637912 0.00799344258626122 -0.195267700594826
0.425681936249955 -0.559584139993586 0.132013571403488 -0.170537139845942
0.673068971995467 -0.294998396895608 0.232054205619473 -0.032368296261496
0.610081331716752 -0.23729392593153 -0.0981122285866468 -0.0945253131687251
0.437817676704321 -0.51950385227449 -0.115550769236449 0.0369819216694419
-0.0923082978545949 -0.605587179755058 0.0487186246997653 0.0354157437641322
-0.547398804386373 -0.281338457110998 0.0307188683645883 -0.022303119705913
-0.528718121639924 0.106216759586701 -0.0112129061347642 0.00519696978338197
-0.369030140787723 0.331850562932641 -0.0373906622678551 0.0571809349529233
-0.144697113462727 0.452043056457818 0.00587744861428743 0.104968100626136
-0.0539396234571373 0.441695112579731 0.0435561177531956 0.10276170213002
-0.0803610344150838 0.45201536357724 0.00796760176787617 0.0992163468761426
-0.331061894070429 0.391692986783445 -0.0155616403576639 0.0888475729327037
-0.502403994411869 0.150518297022354 -0.0674397116148215 0.0462083876907552
-0.608642556575576 -0.191048444171181 -0.0926199363330234 -0.0470688186190144
-0.203356616018737 -0.599234012945097 -0.0382928223716692 -0.169816708087244
0.385494277077198 -0.561679206223202 0.0351401959849683 -0.0784453327604467
0.658676281363625 -0.331308443626165 -0.00766824050662558 0.0576496345157193
0.550420193806513 -0.244066686222529 -0.354117548475333 -0.0257751930925238
0.379726537433678 -0.500602760627304 -0.243691965551856 0.161577539168225
-0.102770442022954 -0.551399802166193 0.0108948454674142 0.0629248105192708
-0.486450280287356 -0.239509819465354 -0.0242131178909493 -0.0362156843765023
-0.464788194556739 0.0925437642466088 -0.12805217412915 0.0309707643470769
-0.329778536342461 0.287923368902976 -0.149544578523184 0.171201546696166
-0.142439366476341 0.393320506023709 -0.0557286221360181 0.263844615007209
-0.0623542930710856 0.373580389860058 0.0174675502843055 0.263829983993156
-0.0859708652981419 0.373680747504196 -0.0249806943709709 0.249808746222474
-0.287566096295775 0.311254568165516 -0.0868298061433079 0.204940164349267
-0.413528138263813 0.105068782723099 -0.155355577385967 0.100266273675001
-0.473244368808718 -0.158306607378773 -0.139005755508247 -0.0325401818279914
-0.162114544040672 -0.466374649183352 -0.0670269350079133 -0.137468872455297
0.303065641271841 -0.452823669079513 -0.0357729666634869 0.00474168304366061
0.544695733591999 -0.308631803383369 -0.213028226068554 0.14250993421308
0.391605255329991 -0.209924300650966 -0.579302096201916 0.0441701045050398
0.247615621457104 -0.377233781783763 -0.353038381227353 0.268357667265325
-0.0922271229628819 -0.378349241630139 -0.0356159888162291 0.0942950858412386
-0.32191042798247 -0.144822890499136 -0.0684213464573317 -0.0313810709295537
-0.307357262430369 0.057625898640731 -0.212872208939069 0.0547092918589557
-0.230010453231729 0.19028262721147 -0.232063642512507 0.260051112245999
-0.116539303624598 0.268507321075165 -0.10361110241069 0.384099055488116
-0.0614643570377167 0.24833059874445 -0.00897746721456122 0.385227602362445
-0.0802224661751436 0.241169003672108 -0.058995306558917 0.358915671281211
-0.208249803517474 0.189411877266677 -0.149671228812886 0.278895896096277
-0.270547758552714 0.0438354190784365 -0.221232322096997 0.122455408725294
-0.274884436244868 -0.111993141417414 -0.1607937360592 -0.0342252714872225
-0.0920735825766346 -0.279428158087239 -0.0746636443628742 -0.108536278097327
0.188766017710445 -0.287673771420658 -0.0759287342074361 0.0609115378979568
0.360183368560506 -0.239080602221924 -0.35489599828365 0.202825320498995
0.161874894724145 -0.136115741332752 -0.730514558153253 0.102049235259657
0.0683161500234525 -0.183529261388349 -0.418437303763412 0.346357575418885
-0.0689139528390508 -0.13595422785307 -0.0725638389829072 0.131867761740871
-0.103075506532488 -0.0249493165912819 -0.0840332369269482 -0.00714764724890755
-0.10039309677884 0.0110261173337126 -0.245855150735236 0.0709731470820987
-0.0958237053948494 0.0568177843030022 -0.265663340718115 0.304191188739022
-0.072501484118057 0.0958996693118218 -0.128765257972891 0.443049798778207
-0.0527861199903283 0.083905297400706 -0.0328592402466011 0.449406983045923
-0.0620221077372586 0.0798848807553856 -0.0881712842527905 0.41383564849409
-0.102409388817952 0.0553392467978098 -0.200265669239585 0.304828278389416
-0.105827597814413 -0.00564710592464181 -0.262436068618743 0.115381055003724
-0.0754953067477684 -0.0466848577846396 -0.161986439152519 -0.0462242465449136
-0.0377096398883374 -0.086714945976154 -0.0687489248560641 -0.0822042122402275
0.0522579027150316 -0.119228162494058 -0.0917095873303297 0.0874778437987103
0.139539433120128 -0.149412293563075 -0.4241960059678 0.229219394586978
0.0860833288283231 0.0310404159774615 0.464184443160389 -0.254070301924204
0.105671680142931 -0.0268251561717049 0.109205556204085 -0.226341450328015
0.011614687352998 -0.0970467026834674 0.0416912635895218 0.0494882206359599
-0.102935590832844 -0.0514105940077807 0.140956542524005 0.0846968387469825
-0.0757270883649806 0.0407028308987036 0.288059194455461 -0.0673446902636506
-0.0211746791311912 0.0726466110986048 0.264618071514377 -0.303227483168895
0.0367688214150698 0.082946574249696 0.133652433428855 -0.427594804422107
0.0411398963180975 0.0971824560696363 0.0483281394111875 -0.461375626012202
0.0268788270186764 0.109194377229079 0.0952261437445087 -0.454781053555014
-0.045929658190938 0.0980856580991531 0.220175236080257 -0.342252450575284
-0.102933697536669 0.0376532874373258 0.252957200916136 -0.134882874510009
-0.125998931015483 -0.0664217088436379 0.114672725901473 -0.0503861106047676
0.0270467491523526 -0.133642076249695 0.115625732886908 -0.142008693932284
0.135849482089504 -0.0201741226039401 0.38425360597152 -0.287973446538448
0.100574997053769 0.0638191448797553 0.789188633353303 -0.163478980668171
0.283940545295407 -0.0599761296730906 0.436590634361113 -0.239767818028483
0.230383537197631 -0.176812655508798 0.111916605265501 -0.211437635246346
-0.01314780750783 -0.256197903176953 0.0557744773865069 0.0230019234478213
-0.256383801710014 -0.130185857454887 0.119246933678694 0.0641413800350207
-0.239862543427038 0.0708158663590772 0.256153322362077 -0.0475211453387692
-0.144093464327762 0.185335152075001 0.239668486136133 -0.247820314454252
-0.0132118798445561 0.246826465915962 0.134094491102311 -0.354862161162882
0.0196828337568401 0.264804198807837 0.0616145851525762 -0.385602325249434
-0.00886148446923069 0.288321458544631 0.0845542858591747 -0.379859558502061
-0.1827308883538 0.252323707349427 0.187215926437734 -0.292047329668437
-0.3042178242957 0.0859638958776519 0.210988653427242 -0.125234778573436
-0.357045620222923 -0.158705655767896 0.0870507423075172 -0.0708074565072343
-0.0368398541533363 -0.384125370589522 0.0960853332214045 -0.182149874690897
0.311496061175509 -0.258253131651637 0.332547769260221 -0.292205187266412
0.383917729226684 -0.0759039894944211 0.678783594454694 -0.162464417232984
0.460398088054866 -0.142932521836616 0.328101589313104 -0.212514795914584
0.344609934657479 -0.32929766190373 0.0773889539661344 -0.165112700024544
-0.0411815292885208 -0.415089140504178 0.0705530764160281 0.00854976325419765
-0.400763818485889 -0.206130934398462 0.103405222463309 0.0338152054791815
-0.392421608953098 0.0953020590508929 0.198154409198955 -0.0370418125298362
-0.259716968375839 0.279278664619364 0.17679614502421 -0.16772131562999
-0.0671460389422613 0.37980372341304 0.110709831848189 -0.231489615943149
-0.00308219369224552 0.393026597360214 0.0674654054732234 -0.25207864468336
-0.0371866182679418 0.420928195627098 0.0640576849359838 -0.245096222598251
-0.281602791849926 0.373018024012364 0.129586808203107 -0.191462252793974
-0.456717942221168 0.139173606060911 0.132368603938575 -0.0886838967097383
-0.551701634208796 -0.203121301485907 0.0361729925126641 -0.0796672745380136
-0.129508014238079 -0.57179477349858 0.0543897936164905 -0.206069444021755
0.413055264925708 -0.468104710419066 0.241772201055132 -0.257996775563346
0.592468837015906 -0.215133181660654 0.484749340977937 -0.11898822754001
0.584291528587648 -0.21116458482862 0.142419961610888 -0.166093260035922
0.425988673096473 -0.468834610640773 -0.00136923753449207 -0.0803402705175415
-0.0779231134099255 -0.556203151230665 0.0732117182291413 0.0122573949753542
-0.524063273719123 -0.261362534518309 0.0784207737292668 0.000554838913303871
-0.508766876293306 0.118159305647804 0.107958903588796 -0.0245391746558118
-0.343481194377434 0.344735037037535 0.0803242245808151 -0.0635125538064123
-0.11211946178108 0.463064421453662 0.0669200822337955 -0.070308824866198
-0.025219627827264 0.462002419698665 0.0633886674282469 -0.0803526853764963
-0.0566404836700387 0.485302574732384 0.0391396914522798 -0.0746504445687202
-0.330605457858178 0.434753543044376 0.0587255954193328 -0.0549410178343901
-0.533773097523369 0.175901115720501 0.0323196634443772 -0.0251795178951043
-0.658860318835879 -0.202108013232745 -0.0302188935678081 -0.069864167131396
-0.209338734195654 -0.656646533272066 0.00189671722912307 -0.202097254909673
0.432352214478961 -0.593632296239689 0.134352416150624 -0.182508394457458
0.693319913054324 -0.316753837700893 0.24257218949984 -0.0379088567125505
0.627115791932676 -0.255915650190071 -0.103449990330204 -0.101958328673229
0.445547746355503 -0.552068683539761 -0.119390021592702 0.0401752132265071
-0.109796558337187 -0.623879586242379 0.0546075233910629 0.0332266256426087
-0.575577690191126 -0.275105834295932 0.0325363496995584 -0.0263594320874968
-0.548240994181772 0.126240412687479 -0.0102657085735727 -0.00182034617273051
-0.374158516898021 0.360756272792923 -0.0379619381812137 0.0600773203937403
-0.135975421174486 0.47849699287841 0.0102512086133942 0.108876121367877
-0.0433119239112659 0.462292729260315 0.0496762535405891 0.103079969098344
-0.069985873737927 0.472488225540217 0.0122257350824664 0.103789920379086
-0.33322046882041 0.420435663872334 -0.0137962315141238 0.0917947795711996
-0.522155825613274 0.171493845445484 -0.0707152551482468 0.0500805753268306
-0.638053328753318 -0.176482622240487 -0.0960831600276596 -0.0486130132770466
-0.228510157110713 -0.619184551851317 -0.0470323318107232 -0.174681509651517
0.390574883233918 -0.59625923111329 0.0341573991603679 -0.0835565673855687
0.676181694079651 -0.357153132139359 -0.00238411566476678 0.0622218268792041
0.564551526361653 -0.263552078273921 -0.368007454973999 -0.0250239780462903
0.383992054609208 -0.531124122558493 -0.249311667243432 0.173086993975987
-0.119581925471395 -0.569656934852575 0.0144505943617017 0.0633602637905299
-0.511879309156485 -0.233953518731577 -0.0249030806701134 -0.0391329031664325
-0.480105323494601 0.112516543649959 -0.131246166145015 0.0289362166052493
-0.333885152534238 0.313921631551697 -0.150991468212996 0.18347824741363
-0.135424727418696 0.417092531994913 -0.0487059959996718 0.277333514019485
-0.0537947575582665 0.390812270078215 0.028300970413559 0.271561363623324
-0.0784371272843793 0.389021249383549 -0.0180926453389567 0.261321618189439
-0.290088753323912 0.33442247646556 -0.0848559533236946 0.216201708194356
-0.428935226764287 0.122029685012389 -0.160915565187009 0.109716670066045
-0.495020624662736 -0.148092381795203 -0.144599452868247 -0.0321357199104473
-0.180112550319524 -0.479928632683594 -0.0767744602187526 -0.140969201444649
0.3056730842214 -0.480592231699667 -0.0372274254519082 0.00587905230154487
0.558405252815066 -0.330163574004919 -0.212269167883655 0.155828121610943
0.401261147118194 -0.225108254043439 -0.59904634082916 0.0524182274376197
0.250191172143937 -0.400087069719349 -0.361222452284607 0.287276416033505
-0.106440984685061 -0.390133717547385 -0.0342665467703927 0.0989715024475441
-0.338044619430793 -0.14135675968732 -0.071585799262702 -0.0329117837853265
-0.317143423680211 0.0705472509625087 -0.219256237962191 0.0585025745142907
-0.23316929323039 0.208296751947123 -0.233846322207011 0.2799069734797
-0.111294315849881 0.284721488473254 -0.0946893316626803 0.405658656021948
-0.0569312846680603 0.260224307199496 0.00454426100677203 0.399719802345731
-0.0777738303328476 0.251905377636659 -0.0492003530251243 0.376782815972635
-0.210738456487128 0.203534496586408 -0.148432527204969 0.296230623585472
-0.279460313195447 0.0539358496720351 -0.229074661800491 0.134476056889732
-0.287000823706754 -0.105463617475404 -0.16804723721486 -0.0329564725082128
-0.10404325970675 -0.286590842249934 -0.08456847414037 -0.11097743174409
0.189634138653401 -0.305023072531568 -0.0780074111270371 0.0659686018703193
0.368176358323592 -0.255455555196818 -0.358130360757101 0.222430520930901
0.165309429112843 -0.145955254763669 -0.755524440859375 0.117986818387765
0.0674333660908914 -0.193665979202222 -0.426753194184641 0.370349891797109
-0.0758787435178498 -0.139387345211207 -0.0731836065397974 0.140385042565281
-0.106489472922223 -0.0228394678695883 -0.0874309572280757 -0.00626818697128909
-0.103932517459304 0.0154431595113572 -0.252930451008383 0.0782091132173345
-0.097614736123361 0.0636566728420025 -0.266564415983681 0.327270472090828
-0.0720067007075546 0.102706131338104 -0.11867829238655 0.467860867717393
-0.0529431226137934 0.0879697141316788 -0.0185793989149453 0.467280525287238
-0.0633779043015154 0.0830662136609439 -0.0778635656262435 0.433810521523033
-0.104297055548116 0.0594494352823577 -0.199387678095972 0.325254624924181
-0.108441833829875 -0.00203909141783611 -0.270791010513776 0.127129292322977
-0.0785611643839835 -0.0445001823490383 -0.169909188071478 -0.0450449542515945
-0.0431470016545184 -0.0869967892042765 -0.0763777495685234 -0.0843577528489967
0.0501776805492007 -0.127560862518589 -0.0941926650933556 0.0946603818873345
0.140400499738602 -0.158295276363942 -0.429482698545288 0.251969700217688
0.0909656744094375 0.029459577548687 0.466657710129407 -0.286776758074219
0.109527364921109 -0.0338920472760896 0.0994562463955067 -0.239086253978826
0.00800029782924518 -0.101206001950844 0.0489444114800218 0.0472587760439102
-0.111077378623347 -0.0474787662789277 0.152283952862056 0.0784471470304932
-0.0766668504461798 0.046284065858752 0.293378121998337 -0.0877523876401357
-0.0182710783795683 0.0758000683176229 0.253364856653456 -0.332674068304284
0.0426965133142159 0.0833959230200251 0.109452273715544 -0.452126783478101
0.0495740603468011 0.0977570721901203 0.0196151167577249 -0.481470424380349
0.0366073048021068 0.11241042618243 0.0696964840569141 -0.477407405275969
-0.0414597876523587 0.106147703343099 0.207651740598592 -0.370356492469202
-0.106507813426505 0.0451472973149388 0.256820607620813 -0.154555495920779
-0.135108464011335 -0.0614297297987808 0.115942744423532 -0.0570451060521152
0.0215025884924687 -0.140902136349586 0.114275866054979 -0.153047858933363
0.140948215387359 -0.0275477817494914 0.383649381466416 -0.322952851895622
0.108161956530499 0.0618334348391742 0.804714923968604 -0.213329165568948
0.290206332691882 -0.0735338551802294 0.439015824750198 -0.27283481770417
0.230042472172017 -0.195747153168262 0.103088401779425 -0.224386599364777
-0.0262119410363003 -0.262294997805634 0.0622596433205368 0.0182343199234561
-0.272900472037966 -0.118566336963129 0.128837969481122 0.0576103086510257
-0.244515056085284 0.0869411170192871 0.261428084450149 -0.0680214349207146
-0.138696309562553 0.201873654986825 0.231407339825341 -0.273091631720179
0.00105200501213825 0.257351248013417 0.115653926979051 -0.377539509804371
0.0375528009875533 0.273246098985681 0.0382507435144153 -0.404866948597344
0.0095441672877377 0.299793713979639 0.0632171486157332 -0.398089600286738
-0.173766501196123 0.275579136398482 0.17713906310961 -0.315868017635639
-0.312825278698013 0.107660241765759 0.212535125013556 -0.142695179736046
-0.379678183945956 -0.143403404553218 0.0879015085923122 -0.0784549236912789
-0.0596189190958021 -0.397310454028839 0.09073128841702 -0.192863986818772
0.310634975615727 -0.284519332446556 0.329873095800752 -0.322577938791976
0.393301823390883 -0.0971504548630458 0.692265035117047 -0.203121261257601
0.465884486483437 -0.167958962600462 0.328317852249448 -0.239801238941479
0.340394760391116 -0.359885754415933 0.0709465283188879 -0.175209755046948
-0.0626808159457498 -0.423422943845293 0.0772716603958101 0.00190442392461934
-0.426424549762007 -0.188519048471107 0.110568614026727 0.0266579889765792
-0.400161881753462 0.122148326313188 0.202554179809405 -0.0550969655040978
-0.25159343413103 0.307226947881807 0.172532753438999 -0.186257306382545
-0.0455760007769044 0.398688318860639 0.0991005639691444 -0.247805702473078
0.020650898768079 0.406275238834093 0.0535958498182799 -0.267031576617801
-0.0115367945386299 0.438009607295524 0.0514657961160033 -0.257996025395278
-0.269140883130908 0.408395328847089 0.122223817648005 -0.208385136649819
-0.468499030436176 0.172312314014025 0.132437209094165 -0.100357987734728
-0.5836615839137 -0.176377833300579 0.0344811635906001 -0.0862790828592517
-0.165334949535702 -0.585848862380092 0.0441361488170792 -0.215055465867566
0.405093468976568 -0.508362514305775 0.238021226957176 -0.282059441415513
0.601422842529869 -0.249840741395954 0.496666070752878 -0.146352799259537
0.591564469391936 -0.244596793922864 0.138810914964437 -0.183904059752147
0.415885406763621 -0.509716864064728 -0.00607803752111924 -0.0835139303483186
-0.109256611111132 -0.566968591902148 0.0801279550234494 0.00606901559457826
-0.555953498699008 -0.237784690045369 0.082228987786372 -0.00636640380757059
-0.51755242848052 0.154100471033288 0.11046009226729 -0.0387662530229267
-0.335119043117769 0.381096799349092 0.078173895629628 -0.0720427505333696
-0.0866366327168305 0.488591443984478 0.064311963025273 -0.0776736496087701
0.00175702735605361 0.479553788387981 0.0608508296003748 -0.0899931104266308
-0.0276519226144881 0.505105485807012 0.0360783442990325 -0.0793995409410647
-0.316571928721062 0.47554994221702 0.0574481968893907 -0.0622424970905207
-0.545811596097318 0.214688193704878 0.0322395178879483 -0.0281128792761794
-0.694176663759607 -0.16764615343777 -0.0337548489866299 -0.0729304577487274
-0.25286796796955 -0.669227825373318 -0.0114065337504989 -0.207364567371443
0.417392892861416 -0.639392612865701 0.129543212500286 -0.198457691230045
0.699836636894849 -0.363034735630529 0.253053762604619 -0.05065268161202
0.632266881346372 -0.293423215822239 -0.111955016965546 -0.105102628387178
0.433429140207539 -0.597488853444442 -0.121406621886603 0.0474127364886557
-0.146505776771287 -0.636284644566199 0.0606864984044158 0.0288144347301518
-0.609540935526197 -0.251005707242611 0.0332649055951411 -0.031871190869132
-0.558288895420465 0.164803332305178 -0.01097326372324 -0.00959756932370444
-0.363898064034481 0.399698889878729 -0.0358976267369796 0.0640124044668262
-0.109528425884632 0.50701664725531 0.0176969941463001 0.111797482162668
-0.0164366837165158 0.480673318728805 0.0579761389199085 0.100541542422193
-0.0436278474039051 0.492602813107625 0.0190646651238998 0.10682536624748
-0.318009805940782 0.458905664931039 -0.00990984060798203 0.0946119130186345
-0.533907483868755 0.208869317948871 -0.0713319594133613 0.057116822953056
-0.671272011008745 -0.143391591713758 -0.101245594710501 -0.0475818312554811
-0.271169959376212 -0.627391473484091 -0.0620621033993345 -0.176875819522422
0.374199852307202 -0.639302515157252 0.0314937670456318 -0.0895044858709524
0.681043835911438 -0.402582543278381 0.00538743529251735 0.0657437170188706
0.568521006675056 -0.298323622811998 -0.381822488138455 -0.0122323059597504
0.371706763053222 -0.574290430531786 -0.249094444580939 0.191790871369067
-0.155445840996662 -0.580338928283631 0.0200748838044254 0.0636340580338236
-0.542483723792639 -0.212097100012636 -0.0270078036917133 -0.0421117708690749
-0.491502756298183 0.144282211348946 -0.134035961465128 0.0298174815501505
-0.324956767736613 0.348478335848543 -0.145871222400725 0.19967106278901
-0.113196326091742 0.443523322477413 -0.0319504439011268 0.290691469306532
-0.0322500090767754 0.407722526131306 0.0466730296879529 0.275974411797761
-0.0586881405542185 0.406216595575523 -0.00191128400909535 0.272536346206036
-0.279417049009711 0.365367168145627 -0.0757650457827048 0.229384489703957
-0.437887790827756 0.152230157097556 -0.161500039353505 0.123549244568764
-0.519225041063577 -0.121660695941531 -0.151020047455464 -0.0278310011013304
-0.21463959698789 -0.486056003460324 -0.0913368847830637 -0.139917869970833
0.291648177511085 -0.51557361579846 -0.0385892663546419 0.00862951336770705
0.559079074507415 -0.368282773246408 -0.20512374628439 0.174520123582039
0.403100989156346 -0.252943391304775 -0.617745247914451 0.0792813613925997
0.237542816457167 -0.430530184241561 -0.357269570072063 0.316932719805884
-0.131564360843689 -0.395581687487391 -0.0301172090578697 0.104805625864664
-0.355602531723543 -0.126595747458028 -0.0760962689936671 -0.0314292968985444
-0.324529419042825 0.0921586973177899 -0.223712336564554 0.0674635566815394
-0.227572657856448 0.232219533106769 -0.22475192179868 0.305776538195325
-0.096021952044589 0.303336280817914 -0.0706868017483956 0.425563853750015
-0.0434855634899341 0.272149522172069 0.0300489960306069 0.411501084962176
-0.0655996126975317 0.263283131541938 -0.0272927083251991 0.393116197365787
-0.205186502069621 0.223347798984073 -0.135782727634362 0.316413113879823
-0.286486945396743 0.0728158893226991 -0.230788059560697 0.153722362905829
-0.301032958828146 -0.0892235426911144 -0.175967655284699 -0.0272796278604417
-0.124737394218522 -0.28840992863715 -0.0973152461535652 -0.109481442766795
0.179434030596164 -0.328016115604417 -0.0775389607698612 0.0740191729835159
0.366041286221367 -0.282440255283332 -0.351286217206936 0.251755605028342
0.163023918293709 -0.160474655407172 -0.776951082097143 0.157161420821193
0.0595109138699823 -0.205157871451407 -0.422669747345902 0.405516794383348
-0.0868891420925317 -0.139052959135362 -0.0689471017551412 0.150545369004711
-0.110075457035042 -0.0181313217498139 -0.091087743074947 -0.00252516307866352
-0.106476277931425 0.0225498651730398 -0.257743968548219 0.0918605100514984
-0.0965391515201891 0.0733050264555065 -0.256081586462844 0.357141807003777
-0.0666525237878112 0.111325694556603 -0.091723401862752 0.49267737094613
-0.0500489657067682 0.0948138006945513 0.0109214478085485 0.484033782108165
-0.0623520897456379 0.0885457383587811 -0.0540514199456168 0.453777592600818
-0.10386704782456 0.066888573281413 -0.187580943553853 0.350564149695037
-0.111048815924175 0.00436212357922951 -0.274184267385327 0.148541980389138
-0.0821195684738014 -0.0396823188246902 -0.178669362596851 -0.03795393308967
-0.0510054105167172 -0.0855685567509657 -0.0872136531060573 -0.0830747421154758
0.0443660554146104 -0.135665249585002 -0.0926498280388548 0.104608335089032
0.136611889302465 -0.171707131382799 -0.424167450862967 0.287347368530877
0.0631612377489989 0.066033620948773 0.55900504138001 -0.0617552644102814
0.113692164695043 0.0188855888538881 0.191572243734423 -0.178155860902385
0.0526154407230953 -0.0902499061118699 0.0245621318317462 0.065852774618978
-0.0836765329510647 -0.0929105897013743 0.106213862429492 0.139956805629735
-0.0941232942759743 0.0049491625405098 0.308581097303229 0.0490935270176926
-0.0525859328568636 0.0587747929506682 0.37879721206365 -0.195845822112939
0.00296880626474899 0.0901746473847381 0.295997160711653 -0.367722253241601
0.00363848541275438 0.111128991577833 0.219158199619638 -0.429753192263807
-0.0148123490074626 0.117276748894549 0.261677724761974 -0.406641061689382
-0.0836404257369173 0.0785934971385227 0.342396969686461 -0.251522683071794
-0.119125928147224 -0.00539946732811452 0.298861208286576 -0.0334831061000006
-0.0954074130991365 -0.114834022432045 0.128942952802763 -0.00390460438338093
0.0841662775607819 -0.121855322810213 0.178742256879977 -0.0883161108084779
0.146802003760912 0.0320150945539985 0.50086307722481 -0.122625281230368
0.0719899567610273 0.101513907158291 0.829859983435905 0.184930762962787
0.290536118259424 0.0608500359400702 0.5244886429858 -0.0666929489570975
0.295547895382913 -0.0789681537278314 0.183087522522151 -0.160609892232561
0.0908564478993894 -0.25203979452709 0.0468067175404625 0.048719268016945
-0.199328531507395 -0.22471011999236 0.0917025682368032 0.11503366467361
-0.264676374552114 -0.0296691125982266 0.272783519943717 0.0601131390185013
-0.216984586086931 0.124560063893594 0.336784275076109 -0.148110207088728
-0.109148619615347 0.235120638261146 0.270133973195864 -0.295750955676916
-0.0837853005036774 0.268967410425061 0.205363495523827 -0.351482447082863
-0.117653502730761 0.278979899080026 0.221403153232388 -0.3387958669574
-0.276247533355533 0.181916426836885 0.289120898557112 -0.217085566079351
-0.338048911062075 -0.0352776638436666 0.249520415918425 -0.0469100088717156
-0.284901314452182 -0.292317449572536 0.109392884679948 -0.0443902411841061
0.122068130139327 -0.392434001481458 0.178898882548702 -0.140025443812764
0.413440933836387 -0.131269523215771 0.456472135683201 -0.139497614100076
0.401131930431654 0.0807684698181881 0.725185397702912 0.145275996753527
0.492891126896181 0.0539721566856674 0.405713993517659 -0.0913642842692012
0.46837605645258 -0.181190664316303 0.126172215679087 -0.127462219928436
0.127602384583418 -0.415292108846665 0.0637525003514367 0.0437055525808304
-0.308619665348051 -0.351730172506247 0.0861683886762295 0.0822991967100623
-0.421186269316495 -0.0646742700004805 0.214451027109277 0.0521121814309482
-0.365629961083218 0.175444781949674 0.248304017141397 -0.0920999059273674
-0.211938928510629 0.348813068548366 0.20167772202452 -0.182982427773753
-0.157472849289308 0.38608980695951 0.16203513899787 -0.219121443583656
-0.19529090387234 0.396808321013818 0.151319470210611 -0.2144397650662
-0.418252750636974 0.265447196856442 0.19246166100932 -0.142301752439369
-0.509793135965783 -0.0406916797594258 0.153964601510403 -0.0457683096317238
-0.457224252461126 -0.406594334626345 0.0617039349748953 -0.0811795757628337
0.108380001872975 -0.612443255336822 0.14896881017423 -0.185432101304304
0.596382803096071 -0.294135887405636 0.355891464676248 -0.139339541483561
0.657454367176122 0.0300464114185813 0.519281599528383 0.109734796304079
0.644056127177857 0.0413365255612838 0.204345024724797 -0.128043554499856
0.605353750459004 -0.290036645016397 0.0113008442728303 -0.0742286629797806
0.149134534136613 -0.567285340883482 0.061006152774954 0.0525684803244415
-0.405155000873255 -0.45196834010611 0.0734319363716362 0.0438780447807752
-0.541117651872872 -0.0859754616759589 0.124167002556807 0.0317777988412227
-0.472329632949052 0.209723895185511 0.114704168438655 -0.0261462390582711
-0.287776232793003 0.415669725075266 0.0979444162250321 -0.0416713330144013
-0.207060171296333 0.447299923533383 0.0953509365747016 -0.0555653292909653
-0.238260278883076 0.450973523050748 0.0631075952572901 -0.0577778437208436
-0.490743814968815 0.30846173391596 0.0708493054303617 -0.0370201895520973
-0.600952239071294 -0.0334482796923097 0.0282460124763972 -0.0241134899915154
-0.560116435883119 -0.444690074107626 -0.00884931738958052 -0.102378016329455
0.0631896629154623 -0.725561838110004 0.093071696109128 -0.206543044763167
0.66508490209915 -0.40935932975217 0.220876431978137 -0.10777725518234
0.796356732787498 -0.0278391808516589 0.254836778195649 0.0861491360375594
0.709256522573047 0.0160804246393023 -0.0631752032345022 -0.16892504350389
0.663471921459732 -0.363685118325694 -0.153834775002675 -0.0024612765854992
0.143659862878412 -0.64817596897896 0.0309962127891214 0.0681549966303882
-0.447125553159124 -0.486040637368513 0.0389450004316882 0.000473042471409513
-0.583215387369324 -0.090907350219907 0.0012279613688756 0.00781311606030995
-0.505576067371927 0.216201081014788 -0.047970546379059 0.0495612074165086
-0.316092777609175 0.425179816591385 -0.0264556558339735 0.112233394458917
-0.223797347923663 0.44092822296505 0.0136825585878479 0.116590126062956
-0.246403920397927 0.433177197469907 -0.0304153108229583 0.10519775461808
-0.484739774925986 0.293501976975714 -0.0555917128754738 0.0779725577147232
-0.586249928652766 -0.0316148895165149 -0.103022263639766 0.00957675380539289
-0.549835482607542 -0.411533862165487 -0.0816439118682216 -0.107479008458474
0.0256941207446289 -0.693821498106978 0.0309777821238484 -0.202100084773949
0.620784105286676 -0.427173403429025 0.0805155235638658 -0.0525392516576214
0.793652654686047 -0.0718132623045371 -0.0240931008578809 0.0776540224756639
0.6559895164567 -0.0172836309303435 -0.353372379387711 -0.200752756611591
0.597639809437727 -0.370569801896246 -0.333336282004126 0.0752858978523037
0.112404666144888 -0.601149018419878 -0.0213336898767663 0.0817638851495587
-0.402359851219593 -0.422018945400218 -0.0122086913631545 -0.0364569918924395
-0.509174949624207 -0.0783411967307356 -0.130059078133546 -0.0128323971975053
-0.447664956759733 0.185027791147362 -0.209750792813768 0.12600905284432
-0.290929741394877 0.366977503133672 -0.149216369163049 0.254979876636816
-0.207328716748432 0.366349566028918 -0.0703766583849953 0.272442982188728
-0.223195786400419 0.347989956885663 -0.117491852823932 0.247681511153423
-0.408446185047365 0.223248902819184 -0.170375716814482 0.173113551340192
-0.471019469897489 -0.0436670106788298 -0.211748987547421 0.0344765110051508
-0.422438882363052 -0.325045886810025 -0.13301884773536 -0.108275801745725
0.0153412191083786 -0.537894563619191 -0.016310357009934 -0.179397131166301
0.490909322143605 -0.347006669851791 -0.0312530881831595 0.00342492522256335
0.670083482839235 -0.0952819596809017 -0.266386664944845 0.0772260396796883
0.488482848802222 -0.0482090357037903 -0.613712552879433 -0.215883887095203
0.414998332850287 -0.297074213218622 -0.481448287693258 0.142234566888489
0.0525539588082137 -0.423140656770844 -0.0813274091439317 0.0937129351950773
-0.267829011404358 -0.266150434381753 -0.060015734933614 -0.053241941582273
-0.333861720664816 -0.0535230331591008 -0.231306958466774 -0.0239908301311488
-0.306189941758204 0.120495850536499 -0.331898766734331 0.187266499815696
-0.215806931219581 0.245398093359577 -0.244337194877307 0.361859474518057
-0.158449035161839 0.235534331669536 -0.142126279368414 0.387152503374143
-0.169978407003133 0.213592288679375 -0.190728721994233 0.347536719044442
-0.280449419216258 0.12376183956299 -0.259938769515002 0.22927462893958
-0.295367924059537 -0.0512436055301258 -0.283627382156861 0.0354812272618586
-0.236445490796525 -0.204182948620987 -0.152080003270231 -0.111718551982653
0.010009888978847 -0.317169179538471 -0.0392371530246272 -0.150189395430912
0.304243075773811 -0.22320972368737 -0.0996024957946626 0.0415675146677091
0.455055742637498 -0.0997786933321607 -0.434141862133143 0.07586785409479
0.229005369438637 -0.0693591711253523 -0.791411721163752 -0.206245069025985
0.153415137702168 -0.165915711178453 -0.571024691004303 0.192996851438785
-0.018708347086547 -0.167259068537823 -0.132854633213139 0.113605839214307
-0.0901468583999809 -0.062847740204993 -0.0829581784197617 -0.039597094775491
-0.103151221908155 -0.0223382782597539 -0.276022204961983 -0.0241395095943316
-0.11634300818106 0.0296060644019338 -0.388273224308367 0.2181208710803
-0.10756515203017 0.0795029404678369 -0.293082698740142 0.4123923718181
-0.0875172968251892 0.0671224233119938 -0.190553423206708 0.445706119071593
-0.0932720027307176 0.0554264336673092 -0.237835548778161 0.390957236502307
-0.122287474022747 0.0207142787861582 -0.317632912803555 0.240695146341904
-0.103502976102448 -0.0401329141554942 -0.316647759812503 0.0167746415775279
-0.059180751888165 -0.0676963437754632 -0.147222697987318 -0.116801364762281
-0.0121562584725148 -0.0993035761223242 -0.0446136343925329 -0.117928868582534
0.0967165396799468 -0.10516891267444 -0.130459753736558 0.0587396308431531
0.198307063018545 -0.0978252421848413 -0.516574744437188 0.0698285869233433
0.066147511781193 0.062119680556089 0.548900200613285 -0.0941908762605653
0.114944005431921 0.0111719438954196 0.178152707212968 -0.188338476306618
0.0478066388940366 -0.0931470453767253 0.0316312603126955 0.0622411067923599
-0.0900164093941614 -0.085660040540665 0.11511197534123 0.130403520876836
-0.0937814761671116 0.0103927503958933 0.306994645018015 0.027867060156445
-0.0495068849880619 0.0610525154745148 0.359530598264903 -0.221284700232099
0.00785861174042488 0.0888808039873234 0.265538960792612 -0.384785791259843
0.0117957141969907 0.109384201113591 0.185774681173149 -0.438901663670517
-0.00489859547071313 0.118014881998167 0.22966266450617 -0.419399931133698
-0.0779240474249206 0.0848144908129543 0.323064662579584 -0.273244204230518
-0.120492425482383 0.00221123911396697 0.296651491887265 -0.0533158782602593
-0.102409662728639 -0.107562436629091 0.127357172750408 -0.0107420738730844
0.0773547727562259 -0.127097029884907 0.17361031380068 -0.0970367858556753
0.147862832579344 0.0238429440476933 0.48842507910492 -0.154768162263341
0.0770340773272083 0.0968447871443244 0.825984444022204 0.130483524770887
0.289295834565848 0.0451226463549421 0.514668130947104 -0.0990583600731826
0.288124699145389 -0.0959181735624488 0.170171183404252 -0.17043433366147
0.076522841758773 -0.2520252663758 0.0529006417003033 0.0431283156858499
-0.212366876332944 -0.207231443213255 0.098991781674742 0.106106715416581
-0.264470214896838 -0.0117922718430974 0.27295614327365 0.0389208243276162
-0.20688260285641 0.137884783572828 0.32150996551016 -0.170925764371088
-0.0919789631707414 0.240520253806826 0.246143901819782 -0.31165086757145
-0.0636333449414923 0.271044825559717 0.178256892883226 -0.36103697871774
-0.0953246296497443 0.283866989663374 0.195396039100848 -0.348534789824598
-0.261979893768999 0.200288244630046 0.272556753602738 -0.236189813014986
-0.339733466361732 -0.0131788699198071 0.245906670918464 -0.0634221061257373
-0.300860357699498 -0.269459182327893 0.106032096971518 -0.0510169966063551
0.0973143227641489 -0.397133499235773 0.170351621224194 -0.148424697381796
0.403047641905011 -0.154213707011934 0.443955748510835 -0.169253338117641
0.400665515448329 0.0580532925646861 0.72147735500879 0.0998153948908033
0.48772918562736 0.0282957249851699 0.39576364070342 -0.117309789794603
0.453411191964174 -0.209270316681434 0.117117140689665 -0.134269282093965
0.103741783402532 -0.413309301608234 0.069341582707516 0.0373363387564632
-0.327134091204437 -0.325150152641434 0.0917702328368673 0.0738454532905399
-0.421158263590869 -0.0362125610102017 0.215847996576132 0.0322774114917889
-0.350317786473852 0.199042707628469 0.238139322274406 -0.109877243880133
-0.185778396979822 0.360614796312715 0.186375748370042 -0.19495376930154
-0.128786214326018 0.392632657658587 0.144999789911861 -0.228919027670169
-0.165652848286138 0.404795019361641 0.134347379545923 -0.220793241405204
-0.396245259971259 0.29315865059754 0.181162886362964 -0.156100808650789
-0.511052403847886 -0.00597731551519448 0.150832728089692 -0.0562561807423202
-0.477659165948467 -0.370974710125428 0.0566864949461255 -0.0860474963829563
0.0694576086141754 -0.613783423533786 0.134996187364637 -0.191064078170567
0.574380060477836 -0.326961265761987 0.345242503037542 -0.161950420200859
0.651581064112674 -0.00576832226213253 0.52162159339529 0.0769463244501566
0.63631881941976 0.00781022867453194 0.195001974452172 -0.142950803836839
0.582704874956306 -0.324266439644271 0.00588848332703781 -0.0753287242403782
0.114611059216004 -0.565344990433705 0.0664719384586522 0.0460062678641517
-0.428212125754582 -0.417952761721065 0.0767111981055337 0.0361914589497401
-0.541812032838697 -0.0490298447491725 0.125495210725811 0.0155209072651243
-0.453211267309662 0.241342760073727 0.110749324158314 -0.0354384901929874
-0.254469368012294 0.432351780045011 0.0938252234291768 -0.0475545208833374
-0.173541527436059 0.455648719821883 0.0898529954844887 -0.0631773282500334
-0.204814593113033 0.460813741040342 0.058093221301847 -0.0601608324977422
-0.464409237374169 0.341100072137029 0.06734713596039 -0.0434318223159021
-0.601774571525356 0.00712604676593505 0.0267676521943644 -0.0265815448840876
-0.58302692634257 -0.401609076729003 -0.0144130382534622 -0.10369867776256
0.0180383630902359 -0.720516533009681 0.0771489498079958 -0.20931592770255
0.634789230626683 -0.444850075481691 0.212338363042417 -0.122366997595963
0.783791179148962 -0.0724874596610926 0.259402036649187 0.0723380870817874
0.697167130547854 -0.0214800096499769 -0.0715533567462881 -0.168520062214279
0.633386323204436 -0.402136328856168 -0.152714012121868 0.00544728535095773
0.104603253060412 -0.645373736519381 0.0373646005149443 0.0636221533896494
-0.473905531310834 -0.449413346162738 0.0392023305396205 -0.0041408171535223
-0.583707359973417 -0.0507347815756043 0.00216043376661353 -0.00145900271541939
-0.485407938780454 0.250246187792822 -0.0455695037228019 0.0510281453306275
-0.280881782781597 0.444791847542754 -0.0186147809320902 0.113265867182012
-0.190494595118371 0.450375000624662 0.0209092922945311 0.111592122004322
-0.214407112661379 0.443155806738424 -0.0234388978941795 0.106862740643031
-0.460755215456116 0.325120670019645 -0.0505393664943626 0.0792058245516849
-0.584456037006133 0.00644979857073662 -0.10176245447039 0.0159461009081289
-0.568949321480172 -0.367218359582235 -0.087344100642512 -0.10469018787889
-0.0176312474450876 -0.687709556057698 0.0143153359145306 -0.200834632795193
0.590069049997789 -0.462471538973901 0.0761547675935748 -0.0581561830444445
0.781099551369911 -0.117694724688839 -0.0152976991155069 0.0809901876513015
0.645420596456963 -0.0507692418057255 -0.360712451633388 -0.182921990560692
0.570763871572573 -0.40525514294057 -0.325340668447917 0.0937993268932583
0.075088240708751 -0.598730085353925 -0.0149105568023575 0.0810251991292245
-0.423159184613405 -0.390111217882173 -0.0136096541965101 -0.0375719635545644
-0.509074636608001 -0.043041931066961 -0.128637567521815 -0.0127374723481097
-0.428817826588106 0.217289625306406 -0.199968947943911 0.138383752058811
-0.260456994979165 0.383682686162737 -0.129711563776011 0.26296426646783
-0.179319702098098 0.375889568570943 -0.0507512862318702 0.27124400411394
-0.197923697181032 0.357780241959854 -0.100489828663899 0.25322893756226
-0.388985511532357 0.248963216475456 -0.157336323139549 0.1830802398333
-0.470376426706147 -0.0101013047667322 -0.208850285318652 0.0481829593772459
-0.437440539957907 -0.290384417117105 -0.138609086792655 -0.101700951026361
-0.0200665914802053 -0.530525247789644 -0.0319975609544568 -0.17575861404405
0.465457665088541 -0.374764241712791 -0.0310264910909852 0.00460061875312664
0.65496511200003 -0.132541294961987 -0.252929107993514 0.0951416149091298
0.476860366506686 -0.0752497758680244 -0.618682575483809 -0.180923140185068
0.392860581365799 -0.319475124201022 -0.468139741386617 0.16864401570875
0.0265424159392215 -0.419223598017629 -0.0750488583531811 0.0977768799770353
-0.281916648602922 -0.245558989282894 -0.0616748590878496 -0.0499655491888603
-0.333541499533527 -0.0307686644732278 -0.229333323088024 -0.0154728754613161
-0.292837606738804 0.141679022876088 -0.315878056428157 0.207215012701734
-0.194754110084027 0.258350478284783 -0.215521750174485 0.374767186686757
-0.140850547599487 0.243340031836751 -0.113598569190581 0.389806802795563
-0.15472268104993 0.221286674349375 -0.164930976053178 0.355751859098886
-0.268863712186485 0.14060499138636 -0.24135631061991 0.244043533022857
-0.296007878043744 -0.0305528361759145 -0.279289026384791 0.054486848116078
-0.245211992340026 -0.183236068117449 -0.157946446598501 -0.10371309154134
-0.0117950460033606 -0.312132385791125 -0.0529518863256747 -0.145818416775429
0.287510090928984 -0.240196153192355 -0.096189603988629 0.0477750033156526
0.441768014818975 -0.125219125977089 -0.418573221868033 0.104619298506035
0.221145627574646 -0.0818832670781693 -0.792029983776002 -0.163342382629193
0.141514032814443 -0.174081013845761 -0.553153476727775 0.22415930642772
-0.0293194781224144 -0.16240625771789 -0.125023352987944 0.121355827890406
-0.0915772521590279 -0.0568642042820001 -0.084846887432064 -0.0346418703146341
-0.103121750240062 -0.0149840903617592 -0.275037358712071 -0.0102119050566486
-0.111943889575102 0.0381504561565754 -0.36868041429233 0.242956949731722
-0.0989180916944081 0.0856135347395099 -0.261284423931914 0.427981163900019
-0.0824608126130334 0.0722642892172227 -0.157505598513357 0.450563574088381
-0.0898721877606016 0.0601968777267829 -0.209601156075289 0.402398662729949
-0.119112653222888 0.0277889731345686 -0.299198703283979 0.260419545174401
-0.103512862362388 -0.0322924500115896 -0.314032211136375 0.0382236932337289
-0.0614210547949247 -0.0605057946476497 -0.153437455554881 -0.107432518529286
-0.0200931390952533 -0.0954457610976484 -0.0556160728719515 -0.114322179689254
0.0888307332504947 -0.111307393024424 -0.12568826031422 0.0670828891996957
0.189003181677527 -0.108729423395079 -0.500182417921231 0.104114820438697
0.0669868538525672 0.0584998021331237 0.534202489888808 -0.115837482207184
0.114407767837169 0.00593737693274736 0.164728076806441 -0.192438891493763
0.0436476086604459 -0.0938102660201627 0.0364619290486182 0.0582999505857429
-0.0935866678029389 -0.0787115993037043 0.118824875633536 0.121057566489292
-0.0925948550931016 0.0145817948197728 0.301626607553026 0.0117607489324002
-0.0473379115968253 0.0622035794795521 0.339547471985635 -0.236468857299127
0.0112784691929171 0.0870923091492365 0.239848244757321 -0.39067608754038
0.0176563853744384 0.106283989226475 0.15941524235033 -0.437810733291622
0.00247364970699288 0.115382906248207 0.203786005824325 -0.420985542807334
-0.0727187000778249 0.0880234831739692 0.30352310893623 -0.286018476664548
-0.120068595745387 0.00774620083037542 0.290291785910473 -0.0669312761159343
-0.105544926559323 -0.101321299558014 0.124073291286267 -0.0149051703431387
0.070562728850294 -0.129362186302175 0.16860533647138 -0.102181583557461
0.146875488036039 0.0174391322218579 0.472636482376028 -0.175876647486601
0.0785058563326599 0.0927184271718604 0.811258823734584 0.0950447920409177
0.283510093838701 0.0351273054483369 0.500163867427319 -0.122121261538065
0.279395946440856 -0.107089653819259 0.158501355164517 -0.17519260184685
0.0659316460715662 -0.248861647466683 0.0577983072492634 0.0379352163899923
-0.217598231555826 -0.190829467031451 0.102653363689068 0.0972360456468161
-0.260605765169187 0.00112782861254243 0.269389262336599 0.0226624059967716
-0.196541136670588 0.146779495336775 0.305787849510587 -0.185611073163663
-0.0777485462316337 0.241259111205057 0.224706821012564 -0.317583532046052
-0.0484953407674715 0.268813454177281 0.155436226023037 -0.362276773170803
-0.0785450742614733 0.28270953770502 0.173363194756197 -0.34991197610873
-0.247518896396229 0.2106630136398 0.255651104182177 -0.247865178663429
-0.337939953968429 0.00379228285300959 0.240237509624363 -0.0749484850332587
-0.308420939353254 -0.249996795748203 0.101852537606286 -0.0550531488872599
0.0790440762997754 -0.394681404992681 0.162112248881469 -0.152189671724771
0.390097962262183 -0.169131027065409 0.427628088424838 -0.186796693977148
0.394797510469782 0.0414079227631955 0.709269512053353 0.0681741001086919
0.476407597768412 0.0124683448667394 0.383226190298442 -0.135046368071395
0.435288359742268 -0.224651733062877 0.108261078872033 -0.138186203434538
0.0866471710324575 -0.407035910270447 0.0733436609054182 0.0311219114019875
-0.334571473581861 -0.301100209245777 0.093889522261006 0.0652747120997212
-0.415977992727127 -0.0143247204434559 0.212285794802834 0.0156418739719624
-0.333617510735434 0.213332641711207 0.226443041820374 -0.121004354596444
-0.162032732584677 0.363216379759215 0.172539970258907 -0.200228462734598
-0.105965431009871 0.390084437221474 0.129901644533946 -0.231495276272528
-0.141096663428367 0.404977128697643 0.120704057081392 -0.221829050434091
-0.375017212948404 0.308876915142726 0.169759494629684 -0.164440540821447
-0.504345323700564 0.0183860832870458 0.146389197963263 -0.0639173566048341
-0.485796902813019 -0.341532719015418 0.0514797295211781 -0.0878827933921344
0.0422375907542379 -0.606664240088001 0.123989309822282 -0.191663204932411
0.552235349522574 -0.348849827217045 0.331160168250948 -0.176015240338333
0.637137407024663 -0.0298526070288601 0.515154807932704 0.0576313513958272
0.621459592891357 -0.0152086880993641 0.185555487017848 -0.153260516336484
0.557971767775508 -0.343909473499588 0.00130670605008833 -0.0761953660652288
0.090609714227872 -0.554692434056069 0.0704441801029943 0.0404200873494871
-0.43867233764531 -0.387566739514501 0.0778046466913894 0.0292298320122962
-0.534816103978357 -0.0211994802232178 0.123350127283293 0.00136884933315082
-0.431706142261529 0.260417634841099 0.104457146693946 -0.0425406715939552
-0.225844542054259 0.437460046411303 0.0894238723776571 -0.0510121284743021
-0.146998304109051 0.454680988492131 0.0837613150380238 -0.0674909507870484
-0.177198357340528 0.46141126553398 0.053565092748022 -0.0606700996085796
-0.439331009491074 0.358475767721665 0.0635909144537568 -0.0485685890032814
-0.591891462257497 0.0355748702989249 0.0251331634759519 -0.0282079481353658
-0.589951550968072 -0.363468176804199 -0.019296682034657 -0.103493411872912
-0.0154650172948216 -0.708509411983277 0.0649669233522008 -0.20721771925054
0.606300788179661 -0.466881911073788 0.202903281059654 -0.130908487220617
0.765139260053323 -0.100548478922538 0.260203105802237 0.0611737919095639
0.680208925278644 -0.0455632298692127 -0.0771423622306363 -0.166871718746626
0.604924799762299 -0.42476976325962 -0.151180058158239 0.0104073452224065
0.0755865424551049 -0.633906756764825 0.0412144937946111 0.0597005901338411
-0.483296488330593 -0.416687685676577 0.0393305625107346 -0.00777652454454649
-0.574409309768746 -0.0212010321501173 0.00149810988387516 -0.0104673507144072
-0.462206125231573 0.272745505546295 -0.0441575487398985 0.0509605455314866
-0.251105398733745 0.450225809077587 -0.0121631204922769 0.112617207193167
-0.164532231016031 0.450516562789289 0.0249420203078968 0.106900146193127
-0.188379422013816 0.444010334714513 -0.0176066099182152 0.107434474045027
-0.435226247870287 0.340705430507273 -0.0466013629623533 0.078857737148371
-0.576579642515196 0.03560491826489 -0.0995528449337438 0.0197559121762729
-0.574996769420029 -0.331786835247095 -0.0910960529533836 -0.101888710836264
-0.0478271600829398 -0.673937369918617 0.00220071030036661 -0.195654965385124
0.56171771435967 -0.479406802337872 0.0723331587528665 -0.0615229476160199
0.758303238928426 -0.144155972176894 -0.00662407982017695 0.0818852295811705
0.629017923156633 -0.0720613366550544 -0.36079967337232 -0.169264456648094
0.542015265632585 -0.423282924701037 -0.316187188172511 0.104213486487595
0.0490148385176424 -0.587339914996521 -0.010168410616164 0.0798941808561381
-0.430961571009343 -0.361891889985223 -0.0143292013934705 -0.0377405488810031
-0.502144660412264 -0.0165174086418122 -0.127909307532172 -0.0144015040244089
-0.408365113571723 0.236000616611397 -0.191218922163593 0.144934043748357
-0.232574040007335 0.389664965595442 -0.112845436604417 0.264003655838419
-0.155981387541658 0.376409804483176 -0.0369738998635964 0.265978443319388
-0.176556941358674 0.358492177674747 -0.0861970112612702 0.254136244592242
-0.369213667119411 0.263207327914409 -0.146604401317987 0.185693973373496
-0.463445381408549 0.012833117755311 -0.203916948933769 0.0573420127943173
-0.440188157655293 -0.260972751512334 -0.141408423349552 -0.0967398060073044
-0.0422307855625299 -0.516488031610744 -0.0438046637871156 -0.17008917896055
0.44091460941707 -0.390165980888269 -0.0300171067043017 0.00601346671220442
0.634514564237867 -0.154453282038689 -0.237892391517056 0.105781426895281
0.462929600866986 -0.0907213019828812 -0.613351038045362 -0.157192440948919
0.372790296525421 -0.334548341702541 -0.453576380358506 0.18373416405954
0.00907442353118772 -0.409709190908907 -0.0696679888940479 0.0996568361551201
-0.286292376480133 -0.227017663227698 -0.062451140762733 -0.0473526610091221
-0.328931497423579 -0.0128127005488901 -0.227425667416528 -0.0108381646052722
-0.278483831168059 0.155184187205128 -0.301400540940662 0.21954989099359
-0.175017049230752 0.261944971811299 -0.191746653682688 0.379312489779157
-0.125431323609749 0.244627233586678 -0.0923810050154614 0.385409570896392
-0.141717882895629 0.223549944538037 -0.143868595341572 0.356825554446822
-0.256451683352553 0.150172408431555 -0.225655824984839 0.251281134244306
-0.291055848313899 -0.0146819960465958 -0.273338473402115 0.0672924089615042
-0.246604966354484 -0.164477185734675 -0.160974862853832 -0.0965789486417898
-0.0258347225772527 -0.302500406040878 -0.0629149847778098 -0.140232702838792
0.271084735332213 -0.249656859763218 -0.0913923819630325 0.0516213439145372
0.426804695873705 -0.140945315383816 -0.398836678423192 0.122769257539817
0.212952319311262 -0.0892967883459228 -0.782647655935111 -0.130525037347587
0.13197576511247 -0.178492956663325 -0.534912722536899 0.243849265451213
-0.0354708232868821 -0.156357902402815 -0.119013743083843 0.125943955389338
-0.0912241954625871 -0.0520961882344744 -0.0843308810456902 -0.0304103774870118
-0.101697944634538 -0.00955625189787382 -0.270811913926427 -0.00107714601401252
-0.10661956907827 0.0437528808384222 -0.350861036640546 0.257357027669492
-0.0911884667062251 0.0881636036087979 -0.23342427830719 0.433378729137486
-0.0777454520888626 0.0747056495245237 -0.131664789484999 0.447323278745632
-0.086388972973669 0.062400742155316 -0.185562740786864 0.404076992132198
-0.115142535567985 0.0321554259851305 -0.280170372348934 0.270645455728471
-0.10088068725381 -0.0260941224641781 -0.308191103102674 0.0528473041934717
-0.0611357049360816 -0.0540789041212327 -0.156229546416628 -0.0997796143920048
-0.0252593610338255 -0.0898004247426231 -0.0632064594547499 -0.109073305031305
0.0813489458737172 -0.114246102897026 -0.119240595977699 0.072288611594102
0.180223086166666 -0.114627284742765 -0.479791849093244 0.124715245171389
0.0671187606211294 0.0566266821584327 0.522877328724073 -0.131644188437665
0.113897642206638 0.0018422677197636 0.155017892573467 -0.195350862738424
0.0404471961009512 -0.094982190099975 0.0411181076919621 0.054257525560302
-0.0956811911509642 -0.0734163996186649 0.121763223856905 0.11330800176259
-0.0920811561355841 0.0174931927986179 0.297253906064604 0.000798831607701858
-0.0455496452204715 0.0630654340321607 0.325557035705906 -0.246687809180201
0.0138647398440713 0.08605903297963 0.221732960909733 -0.393996127724904
0.0216989860745889 0.103850405657965 0.140805568259535 -0.435976864419716
0.00802843696797546 0.113006312288081 0.185929074070145 -0.421293239836383
-0.0687128007960454 0.0908945239073117 0.289232187512024 -0.294862922470445
-0.120896229370933 0.012282139356371 0.285935298702174 -0.076209136374615
-0.108009157712012 -0.0972420641798784 0.122187526170434 -0.017287969574569
0.0664467954479804 -0.13114898052463 0.165977644923928 -0.106781933427141
0.1460171518247 0.0136938232732645 0.459253202415916 -0.18983674651649
0.0799258013031791 0.0900030822507188 0.798034835123038 0.0701168079072615
0.278641114237311 0.028751965553753 0.488545876608061 -0.136571344455409
0.272374526036773 -0.114098813732367 0.149352678901713 -0.178635876178449
0.0587641006565982 -0.245910874071554 0.0615148258249668 0.0330120422826989
-0.22121178359322 -0.178956015574805 0.104822508135291 0.0902527583103298
-0.25795332242291 0.0110377022962796 0.265117933930773 0.00988955606623994
-0.189074052695908 0.151599182176528 0.293398709507083 -0.195867358730705
-0.0676685288251388 0.240611821377403 0.209679431967252 -0.321259355460854
-0.0370064211390452 0.266392979307062 0.139832847108477 -0.361923108866464
-0.0660105394724215 0.281095659809711 0.158183988684717 -0.349319798439534
-0.236371687363024 0.218716287189344 0.242924824404869 -0.255756490334053
-0.336260338356845 0.0160448513275878 0.236262119720568 -0.0837918961405813
-0.313361924674497 -0.236094322667941 0.098918695071605 -0.0580848277653594
0.0659034466290857 -0.394021520836675 0.157393683540573 -0.154791911021959
0.381654352922243 -0.17851275203553 0.416313696479055 -0.200473547667833
0.388963315440472 0.0310785558266188 0.700887301421549 0.0486918161265254
0.468428464345468 0.00275790374749318 0.372406421195134 -0.148170694175692
0.423650268940284 -0.234706612715484 0.10063686908436 -0.140835756520034
0.0749013505394809 -0.400976708665969 0.0766142543082402 0.0261555364040362
-0.338820360968478 -0.281540513909349 0.0958306763632109 0.0594620262285839
-0.410701098156899 0.00176246460944698 0.209282658963967 0.00258096375538815
-0.320850084233493 0.224031180484663 0.216556152234733 -0.12875179459086
-0.14541910360079 0.363638605097371 0.16316081682728 -0.203210208376249
-0.0900562098937736 0.387806361875607 0.118553657329422 -0.233318944287455
-0.123000032254045 0.404245091313213 0.111757637972263 -0.221444803380667
-0.358641607980273 0.320673738534394 0.160868587868704 -0.171817415054831
-0.500999244289882 0.0366991007801604 0.143409244786689 -0.0692202139679102
-0.491559102705607 -0.32032075402622 0.0474230339822576 -0.0903704943245212
0.0224011989639812 -0.600924968446376 0.117347693848867 -0.192184054970419
0.537600188885989 -0.361678811267069 0.321153528761878 -0.186210284028711
0.627260609073619 -0.0460078042034284 0.511246504424644 0.0415892126047031
0.610834955805166 -0.026470180626668 0.177267671200867 -0.161066740760858
0.539642010056208 -0.357611447149902 -0.00304172564568164 -0.0762001928210851
0.0754316361262693 -0.548003595857331 0.0733414707310751 0.0356329058629881
-0.442031437313554 -0.362679283179849 0.0782540899522106 0.0241906604901621
-0.526758045491966 -0.000459405508765943 0.120374980396664 -0.0102646259382721
-0.41617207250048 0.275036453908458 0.099392461903119 -0.0464203181192741
-0.203388484495695 0.43944605303141 0.0868307672127615 -0.0529608886533356
-0.127656787842559 0.453507626403109 0.0796552973597751 -0.0704942906701849
-0.157827818477733 0.460987670378694 0.051186426017695 -0.0598995608337476
-0.420593053315142 0.370885375970804 0.0597445219915021 -0.0525602792057465
-0.586395745401145 0.058006313393144 0.0241969410409549 -0.0305643110958039
-0.593186604522654 -0.338142137195372 -0.0236059191817418 -0.104328695857979
-0.0357133871009275 -0.700403813313973 0.0557669275583677 -0.205269374698692
0.58640051701109 -0.479448489873893 0.19611495516062 -0.137306104589351
0.750096460404018 -0.117639298852755 0.261932020712562 0.0537179812236187
0.668883776887916 -0.0582852072173405 -0.081854888123961 -0.167620149481633
0.583681537151642 -0.437495874880288 -0.15094877434531 0.0132415464874756
0.0596669533520203 -0.624241192490764 0.0445448305331133 0.0562089785452245
-0.488617982522607 -0.391930683548258 0.0397108789394723 -0.0111533606997757
-0.566966247729172 0.00119951441937599 -0.000823022318283406 -0.0186924176333235
-0.444823840462087 0.28637608454421 -0.0447621585359337 0.0515171230203121
-0.227594568874246 0.452140685568805 -0.00713467922851265 0.112068935674544
-0.145570572495701 0.448875867182483 0.0275526728632067 0.102782978821159
-0.169591258014047 0.444080219105599 -0.0133670712864585 0.107613897061352
-0.417541029010478 0.35297786942873 -0.0448262496968637 0.0775961262971222
-0.569914331107619 0.0566226458587801 -0.09831515326185 0.0221566378440686
-0.575455891196572 -0.304589989870619 -0.0945203240381691 -0.100861619861062
-0.0685352624507842 -0.661919812391287 -0.00744526738978665 -0.19254806925453
0.54193647558827 -0.491236223717188 0.0686418217464092 -0.0647392235416909
0.742714368062297 -0.163181367380653 0.00048908503153013 0.0820644032843416
0.61692763195978 -0.0865552182410609 -0.361642103740641 -0.161639046972446
0.524311657025683 -0.434963662886208 -0.311309625510461 0.111169945108982
0.033139626864469 -0.577529691474014 -0.00675429781101686 0.0788085397291097
-0.436486297440752 -0.34066450334266 -0.0139782257029703 -0.0385403856644451
-0.496361305024171 0.00166312119646664 -0.128968829821741 -0.0182997231299098
-0.393124609965795 0.249062301548092 -0.185879806584206 0.150222045740186
-0.212213039554135 0.39229523416668 -0.100181305287891 0.266685671649958
-0.140217244891181 0.376310919073768 -0.0279544091340666 0.261219502347354
-0.161602277577672 0.359424146596459 -0.0753248062800447 0.254422052528879
-0.355907878195928 0.273765354342653 -0.138841015145851 0.187446585673384
-0.457500627157073 0.030434735396785 -0.200049864007561 0.0633087432086735
-0.440675165096834 -0.239444050668547 -0.144349101271908 -0.0935905966605776
-0.0589021705527287 -0.506878170973222 -0.052430703704656 -0.16524007921958
0.423796920528646 -0.399391907076422 -0.0292687774128441 0.00616113052319909
0.618136316260708 -0.170575952562196 -0.224765348638794 0.112674012139537
0.453666941362059 -0.0998375221261767 -0.610016540475944 -0.142495680299926
0.358726872982084 -0.341587886164327 -0.443383068916868 0.195371838209584
-0.00223699989851573 -0.402782106775997 -0.0655022239132353 0.101362102749776
-0.288176515081356 -0.214370320046606 -0.061883698752727 -0.0458199262398224
-0.324548922433114 -0.000356789485154749 -0.226710400533626 -0.00911343876568896
-0.267443503539415 0.164249268117478 -0.290140628856049 0.228164092370202
-0.160554502404073 0.264492649375886 -0.172841412385656 0.381326944624439
-0.115165969578398 0.245452130649763 -0.076839772076105 0.380470171427351
-0.13274183798706 0.225532920711445 -0.128933931457541 0.357470353363419
-0.247689534397832 0.157281368085692 -0.213903508720635 0.255907380342323
-0.287034577696184 -0.00341891030884809 -0.269217951852282 0.0762083651733937
-0.246596743631173 -0.151399404353467 -0.163378008034493 -0.0926518147327501
-0.0357713637410931 -0.294651984714714 -0.0705475471446727 -0.135448303852848
0.259924354986214 -0.255496697676517 -0.0878829762794384 0.0538489002577095
0.415789907735738 -0.150433709475991 -0.383419477613005 0.134390072565008
0.206903551245107 -0.0935519361778611 -0.776110473059869 -0.110052143669688
0.125572345547743 -0.180638055899991 -0.521230526624327 0.256345617637028
-0.0395043529552271 -0.151701322103926 -0.11481891492147 0.129347646986833
-0.0899805407400292 -0.0493298610657117 -0.083326238099244 -0.0280187677755108
-0.0998501753435676 -0.00531561913633552 -0.269038504616095 0.00413037076147833
-0.10230558352171 0.0468744391314078 -0.336843209791014 0.267590705098386
-0.085612257895489 0.0892696020208351 -0.212241904661396 0.436743602205732
-0.0745919611998694 0.0764852556253131 -0.113787882594124 0.442465530772037
-0.0839556158381002 0.0646262534958314 -0.168163631930688 0.404171504462218
-0.113004026809931 0.0351471376823033 -0.266967422017275 0.278323835256001
-0.0986459239711127 -0.0218549190989867 -0.30345691831013 0.0641743262720653
-0.0599330166946958 -0.0491932351983813 -0.158282681200579 -0.0946267937581277
-0.0287829916965825 -0.0850826506814901 -0.0702440491257802 -0.105317884662298
0.0761762819176759 -0.116451313447151 -0.114876505988353 0.0754957000434167
0.17427394914434 -0.118594199583389 -0.46295883123642 0.137783836436567
0.0670896539929774 0.0557963947056606 0.51511200371897 -0.145997809912185
0.113525083903555 -0.00161140054000895 0.147162417967426 -0.198668115893286
0.0372977363759831 -0.0957815435761804 0.0452591438355424 0.0506372059281641
-0.0984047129137821 -0.0692551922251026 0.12426733429327 0.107395008837001
-0.0925029154602554 0.0205748385539565 0.295998868864221 -0.00887666894838406
-0.0449998844381823 0.0647226295605008 0.313548512707395 -0.258105053944692
0.0164133151703359 0.0856861826616574 0.20517367971639 -0.401580641548933
0.0260881255835371 0.102469220908464 0.12598229352321 -0.436436319483097
0.0129257777239294 0.111948511618185 0.169464020831344 -0.425683968657487
-0.0654102403609918 0.0940634306039402 0.276956942933341 -0.306289577436871
-0.122288283113376 0.0165968593505978 0.284317483087437 -0.0857663950550661
-0.11187558135233 -0.0943088274048885 0.122037816930874 -0.0198879238128625
0.0624511821074538 -0.133670005338196 0.16561058187208 -0.111630750945046
0.146571258320294 0.0102590020880019 0.451077239511005 -0.204675474489679
0.0806631250277518 0.0877166307576846 0.793558701584245 0.0500578004443974
0.277204587711798 0.0247002624369129 0.480693422226041 -0.152104363555849
0.268318467882199 -0.121642495698028 0.141201395792283 -0.182352462661307
0.0531390222713262 -0.245332336124537 0.0651185015117194 0.0281170027153993
-0.224741654145743 -0.168304557265623 0.106450485593685 0.0838698361497861
-0.256343175365574 0.0203201716127866 0.262858425414834 -0.00162215562224997
-0.184569000924138 0.158075995714702 0.282864556965923 -0.20561535847801
-0.0585485098248161 0.242041692539978 0.196800790658272 -0.327350985108463
-0.0272965505425591 0.265495775341608 0.127641055539916 -0.363775388117751
-0.0551327592650813 0.281281435821766 0.146559907817526 -0.351809377198954
-0.228178060854489 0.227843586483764 0.23245372819815 -0.265838419873995
-0.337514121332236 0.0277643619791355 0.233852436532703 -0.0921385338702685
-0.319666298375633 -0.225685108088841 0.0968760281758096 -0.0609488953992498
0.0545612608115132 -0.396468904247271 0.154343425897801 -0.158886694937917
0.37675882865572 -0.189601838784524 0.406898575310032 -0.21305215908551
0.387034261796224 0.0229634326240846 0.69865946872078 0.0318248193780482
0.465853785283995 -0.00430211984320548 0.366100404024574 -0.160161320828876
0.415050757135089 -0.24577275032223 0.0925743690779406 -0.143449130089983
0.0653886158848945 -0.398465087508677 0.0805882478782445 0.02072584391221
-0.343610087006306 -0.267524001708382 0.0971061066606757 0.0532311812194306
-0.409798667910942 0.0163394895787379 0.206160776871369 -0.00859953838860372
-0.31306306029229 0.235940850512739 0.208692870705042 -0.136466639433376
-0.130307620225822 0.366351363183004 0.155681516226259 -0.207843629446414
-0.0754460952959544 0.388759203398501 0.110248878843437 -0.235710589160847
-0.107710553839334 0.406188973735922 0.104256781497991 -0.223276026589932
-0.346789869919569 0.334228588211466 0.152951500208384 -0.178992442338786
-0.502148476053486 0.0542763775539097 0.141564706307181 -0.0758632949270792
-0.499247595584603 -0.301119134994349 0.0438539215839033 -0.093242266953511
0.0055397384968969 -0.598993721097064 0.112200623526962 -0.194801855786262
0.526040587816882 -0.376697365036459 0.31347255688838 -0.196489187591236
0.621582266755967 -0.0596342108707044 0.512124834184069 0.0284895761465285
0.604663154890057 -0.0371701066608022 0.16979828434693 -0.169810120262474
0.52756173838776 -0.369848321304347 -0.00825394888218061 -0.0770650991325322
0.0625297890699464 -0.542877517370798 0.077202905401498 0.0309316121607022
-0.448919784482853 -0.345213536769312 0.079394553751152 0.0194940553369683
-0.524738115815625 0.0191520086909858 0.116648561452715 -0.0212570659537489
-0.403919904269894 0.287514785158327 0.0943527596812375 -0.0495248525071142
-0.185588805664069 0.444922099552497 0.0855104104296313 -0.0553162472264305
-0.110555970704344 0.45348520993241 0.0755289249424247 -0.0736483929223428
-0.141671330271528 0.465222387548844 0.0502761369452008 -0.0602827075372583
-0.407189040644661 0.385889243270577 0.0555572868512046 -0.0570191562649675
-0.586015212350331 0.0771758753509249 0.0225672180039071 -0.0325229307610516
-0.601826346808833 -0.314679963274492 -0.0277619459437033 -0.105768411797573
-0.0567500931918809 -0.694710654636682 0.0488906676706192 -0.205629724794192
0.574934733359076 -0.497175724195475 0.189579591914881 -0.144233729908503
0.741620434768939 -0.135814765701095 0.265172050510492 0.047748075371072
0.662840739633694 -0.0708948121171461 -0.087842610107218 -0.16947650205699
0.569850733453287 -0.453610076799782 -0.153354551147529 0.0164534327437587
0.0449986359399858 -0.620393215159271 0.0481693744711948 0.0531887316658899
-0.496872159969234 -0.373296267643123 0.0402501486635816 -0.0144356391112008
-0.56265602530865 0.0214184021271578 -0.00419695202320357 -0.026587566487733
-0.431811177672184 0.302919483975525 -0.045314352890478 0.0529047875292389
-0.209371288183623 0.456700815255016 -0.00185871731491327 0.112788745504613
-0.127875169465393 0.449816287859092 0.029617848198963 0.0994198242453698
-0.154264296286357 0.447768059150769 -0.00913569535438082 0.109104624443105
-0.404567052863715 0.367909359860112 -0.0438218188763003 0.0766878394061393
-0.567179457303001 0.0768727916513912 -0.0980629700072832 0.0243537574627325
-0.581741743395251 -0.28151381291804 -0.0993586575539135 -0.100691190747155
-0.0875440861958796 -0.655541693212155 -0.0149829458158787 -0.190219618669331
0.526346225675502 -0.508745144225191 0.066585880717794 -0.0671356407621264
0.731324584366781 -0.178281994128851 0.00821120629285553 0.0820532510782876
0.610720296141298 -0.0983668178894535 -0.365520788058042 -0.158295793879985
0.510683079532907 -0.450402745269399 -0.309989833729555 0.1183038176058
0.0204264052468903 -0.574549045997711 -0.0025294808587535 0.0784794307221977
-0.442612459105871 -0.324106940406429 -0.0141171051772472 -0.0397102542481043
-0.492326792642055 0.0183153735370298 -0.131965046820883 -0.0221488515964535
-0.38075012135295 0.262094145699253 -0.181996932630006 0.156409948386791
-0.195249202663852 0.395350927255191 -0.0878970173401686 0.269528761991467
-0.126051700738617 0.37885284019296 -0.0208858833101917 0.258283296400043
-0.148004112777193 0.363612644686853 -0.0659556584311372 0.25711354457492
-0.344459189536963 0.285558236441345 -0.133209301302741 0.190445901961509
-0.456111251297176 0.0458658664146239 -0.198958278211577 0.0691708146505264
-0.442827940632115 -0.221998216416111 -0.148563373220562 -0.0915427256872931
-0.0747791990272281 -0.500382511895218 -0.0596346020527145 -0.161140721140961
0.410805145061593 -0.411526703934516 -0.0287492710340451 0.00630285998997894
0.609429523177867 -0.183850418777108 -0.214284275012516 0.118117031989006
0.450354872444716 -0.10837808589551 -0.611520499152081 -0.13070277687083
0.34750971718887 -0.351999804991611 -0.438958576352926 0.205244698213583
-0.0109813479032194 -0.39984086772189 -0.0618531658517583 0.10367743945896
-0.292634079318175 -0.204716288094034 -0.0618941298324629 -0.0450414597814693
-0.321942562582297 0.0109116332075716 -0.228848403969625 -0.00768662883793012
-0.259729316796746 0.173262695110756 -0.282577073288657 0.237789334684983
-0.148398890668362 0.267609109356682 -0.156918810420206 0.387564332590165
-0.105976059906465 0.247756089182101 -0.0644974054543401 0.379100585555543
-0.124315465877629 0.228277343285408 -0.11548660767512 0.360503549166961
-0.242129734803458 0.164631140829515 -0.205600699629586 0.261816202200156
-0.285247404716346 0.00654477778929369 -0.266566933254052 0.0856618471645074
-0.246781583227614 -0.140123012757464 -0.167614016601565 -0.0894052134215639
-0.0450045875941309 -0.288956356758134 -0.0779922094075097 -0.131088065789465
0.249970502648727 -0.263819087347315 -0.0848908904535754 0.0564012061041408
0.407997536084133 -0.158955747971724 -0.370672472169209 0.144324087661932
0.203519711619078 -0.0976340780450048 -0.775202746817359 -0.0924007962890226
0.121108441022323 -0.183930823977881 -0.512045622333385 0.269866711192048
-0.0420101157932972 -0.14887953591853 -0.111704692701987 0.134151041485973
-0.0898881695736641 -0.0471341051821676 -0.0824101425225031 -0.0259967955558586
-0.0995539101699 -0.00161301642979776 -0.269350494181895 0.00991894020883677
-0.0989414494152221 0.0504162559581093 -0.326872197820638 0.278858680303922
-0.0814165317470232 0.0907910916777207 -0.194609558521371 0.443321957788512
-0.0719462286018954 0.0785149759313631 -0.0977660164422725 0.441472467978744
-0.0824248935010159 0.0674849697440731 -0.153257853165376 0.40819488425817
-0.111560038156334 0.038026175923163 -0.255641234626273 0.287879718459049
-0.0965639616091579 -0.018639792457583 -0.301275719231586 0.075100926305957
-0.0585786408364087 -0.0453516872181447 -0.161681445277147 -0.0906722938140516
-0.0321186471971445 -0.0809804216137923 -0.0762352187146474 -0.102127442823898
0.0719607264529021 -0.118715472156874 -0.11100037132867 0.0788578739447423
0.169749147292878 -0.122109247144993 -0.451889320028614 0.151120825136221
0.0496062842114815 0.0735039202819834 0.532468952465578 -0.0542257760136848
0.110294300467516 0.0214284772771496 0.175730692112332 -0.165827652310138
0.0512069744164905 -0.0859609275327603 0.0400264891489797 0.0566174701782188
-0.0840592182410362 -0.0813405178576643 0.104238073868156 0.123333080077953
-0.0975292923153537 0.00595965872257434 0.292989373043212 0.0417647315538806
-0.0598185795126914 0.057385868474284 0.353793931006971 -0.201276712896038
-0.00152461336409657 0.0860573454383395 0.276516883527983 -0.358483456355208
0.00638974739285266 0.107420938391232 0.204299242536624 -0.401376755355187
-0.00914930355489826 0.112297107024576 0.243676562661951 -0.383191716824527
-0.0826803993550431 0.0799817386829385 0.324247523429908 -0.245781204164305
-0.12522465578664 -0.00756429582281379 0.291469339237929 -0.0313676270431666
-0.0898127608264063 -0.114987797117784 0.120245712119836 0.00312998762075896
0.0908128042341732 -0.121141383201788 0.189600580471414 -0.0843791335482131
0.141733086097443 0.0360131305106066 0.489772831565718 -0.117736229196183
0.0592652698558908 0.102391684883109 0.786467627821482 0.217046892080262
0.257128778890938 0.0848014633882081 0.502293115977361 -0.0645537086845823
0.277835725474407 -0.067732593701115 0.170074097625977 -0.144307505360307
0.0932768740004645 -0.225273815265233 0.0687441288934748 0.0390090459746384
-0.185301026101946 -0.1963460145341 0.09286782773604 0.0952726415493857
-0.255106306115381 -0.0237206225451276 0.261259378547731 0.0410167340033231
-0.211046229534519 0.123316875537837 0.313634157483121 -0.158058582840486
-0.0998769727623397 0.224850940385384 0.253357722607412 -0.287637356930834
-0.0750640471977233 0.257675429268608 0.191918072481928 -0.330414214020785
-0.107263300692263 0.26493876624846 0.207021454728121 -0.315045038262377
-0.265423013163234 0.181018421874361 0.269424059897185 -0.215128113383809
-0.337676877181168 -0.0369510866701198 0.235525064085181 -0.0484402001158999
-0.262995086145174 -0.282624933219126 0.0964328672216572 -0.0475515603956118
0.138702701225337 -0.381518725009676 0.185550285203866 -0.141327484370412
0.409124175456303 -0.113879413020498 0.455821523407716 -0.135358887765842
0.372227250402328 0.102101853610492 0.699172201994919 0.176585904098627
0.445129730574274 0.0913238370915145 0.39182465655757 -0.0941645749350113
0.439095388533879 -0.163570613218874 0.119167130817825 -0.108413172442501
0.134121596420518 -0.369903706539575 0.0897347584629314 0.0361952904648693
-0.280206746612604 -0.310394932251912 0.0919846323691297 0.0603094129271386
-0.399595660733845 -0.0542016000025346 0.209347207460642 0.0218148120643818
-0.347091879086777 0.175439048194936 0.228762347974517 -0.106424348956106
-0.19164534969492 0.334375423514961 0.188366199117037 -0.17629893791237
-0.14612526177904 0.371494393651284 0.151761801309726 -0.210075422621388
-0.182430299031341 0.376183721616171 0.139978315563044 -0.197280384623928
-0.400453039437195 0.261690899289486 0.17302958977446 -0.144826494545187
-0.503949738714422 -0.0449228110173345 0.136041991359555 -0.0485761805914168
-0.421236608513984 -0.390173114689295 0.044133918781775 -0.0923875538066667
0.134676424758514 -0.591032620807486 0.147566956103293 -0.190971271743395
0.593143991382165 -0.26654430125085 0.361303733359669 -0.136292852925545
0.618389818086498 0.0696150864880796 0.513834412813748 0.134202561682885
0.586067010536875 0.0860804695436807 0.203245207900831 -0.137535052662205
0.569951743158354 -0.267568322661682 0.0113769192083277 -0.055545154521952
0.157695465626819 -0.508616330143836 0.0885395039932469 0.0464101037244438
-0.366116550683034 -0.400993133890939 0.0827375819454548 0.0216541646705333
-0.511066591875675 -0.0729925992708789 0.125059950966077 -0.00765836492296645
-0.444465035449861 0.209948690895543 0.100708273450824 -0.0435457689203581
-0.256526700050887 0.40031107760857 0.0905775900001635 -0.0381982334675193
-0.192771364673887 0.429028901577786 0.0879686483742677 -0.0590752052324584
-0.225876351376176 0.42582794930097 0.0569626771034814 -0.0481236826423175
-0.467835580837129 0.299836368510784 0.0537285009466867 -0.0439904561684658
-0.590006430035816 -0.0373047381333955 0.00856820270542003 -0.0276872701614372
-0.516606583190226 -0.423746408326931 -0.0281228610022636 -0.119840031747424
0.0929057438625941 -0.696617018297715 0.0830783231691871 -0.215945804226273
0.664690400938952 -0.373739988293823 0.230188956902528 -0.107592910969563
0.752105599569687 0.0197542699105393 0.264296765002755 0.100302169201591
0.651555496936087 0.0613116748828934 -0.0497808592811871 -0.183706159335382
0.626713924975207 -0.342775720573368 -0.144497489527389 0.0139748809102534
0.154798005845701 -0.588821878437792 0.0579944035553763 0.0642879504426235
-0.405883538986098 -0.437033911188586 0.051351044749512 -0.0190602503155414
-0.546896966293444 -0.0781325067006943 0.00769813120129526 -0.035018556283589
-0.471063005194723 0.218077467602148 -0.0555759997368076 0.032425987566134
-0.28159042352485 0.408197502907656 -0.0269639603554242 0.11194851417018
-0.208092977676678 0.42154186320515 0.0105566642521168 0.1009027040802
-0.235101299856475 0.407251937053384 -0.0315088194446024 0.106128896450383
-0.461491844605227 0.284434542472417 -0.0682787520259931 0.0672459383525651
-0.57050802641548 -0.0343117336944243 -0.120311920955788 0.00609405513093941
-0.503261889871497 -0.386070378377196 -0.0995980330722495 -0.127607740937753
0.0523957361648279 -0.662757879109385 0.0137791697335104 -0.211512475869212
0.617555799800871 -0.392322763028031 0.0922986202312798 -0.0546855901515652
0.752131178350787 -0.0250919350209542 -0.00118093573107602 0.0814215626484594
0.610591356039885 0.0217285332205203 -0.325907074078267 -0.221862664285355
0.568156611261913 -0.351744172519412 -0.314995394225899 0.0854967420297454
0.121890768177494 -0.549105132110408 0.00171289362905509 0.0797726421642341
-0.361176094442007 -0.384962846531796 0.00191778407317407 -0.051656343145738
-0.476213556070182 -0.0692398816072933 -0.119649593609393 -0.0521051690331178
-0.412951982658846 0.186918305936691 -0.208005948107324 0.111914908445731
-0.255182055957091 0.351905303449745 -0.141628516309227 0.251236450469079
-0.192947072146078 0.351713983628686 -0.067528173077239 0.245781259356919
-0.213741548991228 0.325207897431593 -0.114219173916991 0.239446158326861
-0.387499694155703 0.214890435673927 -0.17481780382535 0.16131827130581
-0.454114293709328 -0.0418551492088927 -0.223696863719998 0.0314868596250232
-0.381969270036523 -0.297510945212284 -0.145381857203155 -0.127273075111123
0.0316955195818521 -0.506385157223744 -0.0364610828462992 -0.185645143804962
0.485304357055756 -0.320298329272012 -0.0192118938328491 0.000690933496295729
0.633520107969258 -0.0559327853632165 -0.233155166451156 0.073202671510747
0.458999873744017 -0.0227951104321888 -0.573495746429451 -0.239251307802591
0.395923162104762 -0.288502670714983 -0.458697950062376 0.141945295465037
0.0618091374115741 -0.389124912039645 -0.0665070722160266 0.0925616145393451
-0.240267475164261 -0.246069652563309 -0.0464771613470341 -0.062980861958596
-0.309357485740448 -0.0478456637287738 -0.219570964530434 -0.0535091092129789
-0.278820875681752 0.120522632028769 -0.321936869399857 0.178128950252322
-0.186977404180933 0.234522108936672 -0.230867651072265 0.35387825072183
-0.148820856326121 0.224783261583293 -0.133912279930421 0.355350530648967
-0.164579661078109 0.1972658457968 -0.180612732015931 0.331251289784718
-0.264441075096749 0.115737325870386 -0.255955420409084 0.217363875038705
-0.278297187159094 -0.0474249861640923 -0.287116600855405 0.034517893661337
-0.207829860781526 -0.180205758362345 -0.157286099510041 -0.126379109410275
0.0157559211876999 -0.291663961177608 -0.0589561534958333 -0.152696038513551
0.297554082211406 -0.208290290005211 -0.0881787626940642 0.0400231822137604
0.431052968978178 -0.0745406182396487 -0.396908518619024 0.067448837906858
0.222014021447012 -0.0624605822514983 -0.743780503878775 -0.232736090306697
0.149301551751411 -0.165917171164271 -0.545774666056307 0.180972132625351
-0.0139551094379758 -0.15350753330744 -0.128545784462994 0.112380535322366
-0.0758697821259388 -0.0617674386221224 -0.0737040548064458 -0.0433028696262572
-0.0914713302762114 -0.0213776785017619 -0.265281485392665 -0.040256457880675
-0.101116428526387 0.0291158108561283 -0.370741590065902 0.214930049588139
-0.0920518593005499 0.07483744153361 -0.276231532746323 0.40129699861135
-0.0846951526368084 0.063959752648955 -0.176989928094126 0.408856209834128
-0.0935255375332211 0.0491222942808748 -0.224245679765977 0.370027543483337
-0.114744169784614 0.0167040361009923 -0.305652029168876 0.231260995301308
-0.0887733929054103 -0.0361602587227007 -0.313082061636071 0.0177557968123933
-0.0462060295473889 -0.0522702513669536 -0.1451147399547 -0.12293092495675
-0.0165394093876322 -0.083461662959318 -0.0616297357672309 -0.117437564773446
0.0935981657920838 -0.101677301803431 -0.122474824171232 0.0576004497840125
0.191951580509738 -0.0853545252744564 -0.481444176921384 0.0602105054275273
0.0503494798465637 0.0722487715118163 0.523757183508127 -0.0698311525758663
0.109398598518042 0.0186183786132435 0.166726657183612 -0.169095551915921
0.0477063749176794 -0.0851420038017803 0.0436754440254214 0.0529638394158358
-0.0866268826888924 -0.0763226383506228 0.106581311633085 0.118053988562402
-0.0968557631941996 0.0096502662559583 0.291795912183815 0.0315063836725337
-0.0587275790000639 0.0596655684255818 0.342487742623104 -0.212020023557014
0.000900910313581724 0.085286282230105 0.260332955323819 -0.364161752466786
0.0106265846978125 0.106210294748188 0.190796129931841 -0.401910174441662
-0.00509398231610082 0.111621699289037 0.228090126446924 -0.385574567304035
-0.0790412693904518 0.0826761801746557 0.311751042124592 -0.255976572516977
-0.126518310577215 -0.00216035524731879 0.289671706462461 -0.0427412267309279
-0.0938014200332394 -0.111066217471902 0.11979797981729 -2.62191190361602E-05
0.0863984901621539 -0.123767671980145 0.187850034791624 -0.0897179929228707
0.142229148937154 0.032788799673031 0.4804869443185 -0.132645901891058
0.0594693108254679 0.100774392732236 0.779816829700483 0.194784009834113
0.255153617455437 0.0797180659239708 0.491599610601308 -0.0791709379923713
0.272788280177014 -0.0750885342041468 0.16066493756953 -0.147202428321816
0.0863070419018045 -0.222674923272096 0.072171892521003 0.0333786584695044
-0.188609479165875 -0.18538642239653 0.0951087761613822 0.0894436240232798
-0.253770535964785 -0.0142881861742958 0.258505694493687 0.0292853611063449
-0.205254501053317 0.130696035252138 0.303216889173028 -0.167619005097732
-0.090652428084007 0.225826594006056 0.239010081773921 -0.293333987656225
-0.0650422177490993 0.258152736154349 0.179390603405014 -0.333428509688229
-0.0963284242449338 0.265538481810217 0.194287716405294 -0.31814880040448
-0.255674827078541 0.189762171966498 0.257342456683683 -0.224307085385209
-0.33920223295532 -0.0241178126479172 0.233258684153851 -0.057302379899808
-0.271305042298617 -0.270235222895798 0.0939675382095678 -0.0509766544785643
0.125098081542847 -0.382181754751128 0.180935280444091 -0.146719658752666
0.401742660198342 -0.124500430787336 0.445418551724609 -0.149505821725333
0.368293725222899 0.0924442798309338 0.695751294843983 0.155712490447536
0.442250753858242 0.0827064214989411 0.382371771426621 -0.107080431593157
0.429099111377464 -0.175607731014992 0.111028537269864 -0.110617113452615
0.123792835205544 -0.366651114273708 0.0930213497521098 0.0302083065673612
-0.285205831079449 -0.293774610004431 0.0927534904178683 0.0545848974897625
-0.397560847672249 -0.0388921977842287 0.205260142422297 0.00981150163632117
-0.337241825210675 0.186499354065791 0.22065881635445 -0.113335695418503
-0.176613040714755 0.336937648765388 0.181220889958501 -0.18083569298343
-0.130601177541578 0.372659011447242 0.143567149333938 -0.213046925092533
-0.165925636983532 0.378196813106004 0.132955962655423 -0.199718127112108
-0.387043744751838 0.275812846635498 0.164280481338635 -0.152343699368914
-0.505197860453025 -0.0259863983584971 0.133572324634277 -0.054751242336066
-0.432051168025651 -0.371308315735565 0.0399987598350458 -0.0950036401153393
0.116183534342928 -0.588794352479697 0.140818624409927 -0.19377554124425
0.580491577927188 -0.280761426150391 0.353740133502251 -0.147022617312063
0.610655804469267 0.0553316795789142 0.512922286256207 0.118031646518035
0.58258560874706 0.0741669744300543 0.193939916655792 -0.144987972568766
0.556132859209752 -0.282007533186992 0.00587364520034982 -0.0546405767793555
0.143392182539942 -0.506193229219188 0.092985629230536 0.0410912220133411
-0.371753336873572 -0.383209023481945 0.0832016181105686 0.0164567034852007
-0.506858835083429 -0.0539083115991142 0.119986819041634 -0.0192254561164898
-0.431454068606455 0.224612069793716 0.0958787893958803 -0.0461572682665991
-0.238098661898521 0.404227595457634 0.0901928521198891 -0.040514528784769
-0.175032686405188 0.429418484306585 0.0841280362408317 -0.0625400659135523
-0.208037152946409 0.428440062877277 0.0561827139283916 -0.0491226209750165
-0.453531466303736 0.316548031593893 0.0489449461912469 -0.0479311148891642
-0.589586233236162 -0.015341807355297 0.00715850289190793 -0.0291988753162219
-0.523652496578728 -0.398756635212625 -0.0337735208260256 -0.120584983341084
0.0715631638996183 -0.692050702160506 0.0748138604501192 -0.216702957878056
0.647053938224158 -0.390883638347586 0.223923740256828 -0.115463097114611
0.739970942737124 0.00138908755428312 0.267710381673439 0.0919154443210737
0.645157209129716 0.0469195235869072 -0.0570434228110886 -0.184682226795986
0.609855980936121 -0.358674677395403 -0.146450987309216 0.0187033795369889
0.139537664398469 -0.585008477800956 0.0626894811127148 0.0606698495654863
-0.412561279526652 -0.417369584269791 0.05108797463089 -0.0227668389179641
-0.542230079086474 -0.0581315740023173 0.00247175957341721 -0.0430363984592383
-0.458883925267093 0.232272027360436 -0.0549933666641042 0.0347805407140367
-0.262262942582494 0.412966851386037 -0.0208271465556827 0.112849831086438
-0.191128087802024 0.424440048257766 0.0124931505526369 0.0976985105819067
-0.218301779810549 0.410145948027776 -0.0264422106440052 0.107015082144528
-0.447981935418489 0.299965703414775 -0.0681804746930281 0.0673180752074024
-0.569044632409464 -0.012424600375371 -0.119950603526523 0.00903288584653168
-0.509892416267858 -0.360962890276561 -0.104839393581959 -0.126714012224069
0.0322895998464926 -0.656672098455701 0.00501494559837288 -0.208673106718421
0.603081409788713 -0.408179559681432 0.0890917269987716 -0.0587137735664136
0.739024481617958 -0.0417986194409224 0.00590646943603767 0.0798855889024481
0.605130680612931 0.00786156594147192 -0.330614025179769 -0.215722056914685
0.551425371904829 -0.368325774578735 -0.3132018273553 0.0950749594638827
0.108001623487025 -0.547166948476047 0.00690938349418159 0.0785893675177063
-0.368409954340057 -0.36879327187227 0.00120854400304841 -0.0538815270425946
-0.472133293102977 -0.0518065573517816 -0.124325001324581 -0.054524376639418
-0.400461460307042 0.200044485415679 -0.203491822522721 0.119372997631656
-0.238226250296942 0.356232716386078 -0.128105295192111 0.254462511796669
-0.179283913976041 0.355363016493755 -0.0610146205505078 0.243406822370468
-0.199886590096323 0.327197342091101 -0.103651242235635 0.240922957046368
-0.375840431357843 0.226903751263963 -0.170172477747581 0.164749450109568
-0.451375080604546 -0.0243224029059627 -0.221536249577308 0.0390778944767506
-0.384728053255509 -0.279095760684749 -0.150131551727163 -0.124155925662572
0.0165996950451403 -0.498590918384019 -0.044888134632938 -0.181913445049961
0.470631962683099 -0.333043584551248 -0.0184469992835613 7.46672512714733E-05
0.620007584179701 -0.0708997889547317 -0.222053007272866 0.0782224591567501
0.452780588497696 -0.0332569782208717 -0.575142726766321 -0.225467825427388
0.384948045893301 -0.298991813607949 -0.451884946457341 0.155158791596225
0.0517449201373966 -0.387338119870762 -0.0610830401440774 0.0941310006445946
-0.24374622722346 -0.235142080662039 -0.0466980149628279 -0.0628776472555703
-0.306826412610401 -0.036903811550458 -0.222910918159662 -0.0514826018074685
-0.270053991551429 0.128443841776556 -0.311923494524421 0.188983458013271
-0.175282596907181 0.237377017756515 -0.21291411006957 0.359250059936001
-0.139550571483391 0.227906610942692 -0.123118273613726 0.355261496250589
-0.156477324730745 0.200363582996229 -0.166739044196456 0.333919663865739
-0.25851807375044 0.1247721297278 -0.246476474769164 0.223582358509699
-0.276418282326012 -0.0372144667653573 -0.284190586362016 0.0451021784065623
-0.20923656972603 -0.168267045766626 -0.16173995677596 -0.122167778886615
0.00615963310987904 -0.285061964665767 -0.0668601267392923 -0.148616707509713
0.288397238821629 -0.215224746834851 -0.0851695788265512 0.040999354138106
0.422404440276739 -0.0840500856757613 -0.383135311435971 0.0782129747208861
0.217556245152756 -0.0672484575468305 -0.741377662044457 -0.213341961308371
0.144138404902714 -0.170293778301712 -0.535655332788177 0.196514304309221
-0.0172430892740051 -0.152093975707237 -0.123250484295543 0.116086147288814
-0.0762527968619922 -0.0596488397730117 -0.0731027688686372 -0.0424627334767216
-0.0903557432402125 -0.0177180114710014 -0.265907525034011 -0.0350092216585873
-0.0980185009852265 0.0315624817429954 -0.360246068363169 0.227240491215122
-0.0875503452337204 0.0760317818350476 -0.257394244865623 0.408005884188237
-0.0820717490945576 0.0667128879692488 -0.163486923860445 0.409560027162063
-0.0916205558748076 0.0515137747773692 -0.210859549573603 0.373776113976639
-0.112975396261126 0.021022123477383 -0.29452180303155 0.241278256683613
-0.0871591174799762 -0.0326676158630392 -0.309930771412053 0.0299343039686823
-0.0452119667903475 -0.0486253389710996 -0.149210197906716 -0.117443111970767
-0.019580343044924 -0.0791821426466119 -0.0685635912027672 -0.112621279841787
0.0890281891801994 -0.104025322737166 -0.117809011609844 0.0595990539926473
0.187863635930802 -0.0905176454164203 -0.46843772659367 0.0725534672703876
0.0506567989869686 0.0722162274124939 0.514965913471981 -0.0781946997578964
0.109441328865255 0.0176949216254454 0.158592450560299 -0.170019858203787
0.0459049963863386 -0.083467833493985 0.0458925418155459 0.0491187836195951
-0.08719979477991 -0.0718429502939617 0.107284686998933 0.113670321765729
-0.0964955897875331 0.0125744288416005 0.289593947557213 0.0239037057366001
-0.0580588636475322 0.062230337958295 0.33172018942436 -0.218993849431451
0.00262831683105109 0.0847529847412019 0.247338951110395 -0.367279127018807
0.0135383617083233 0.104351450291918 0.17970426877031 -0.40175781311629
-0.00186113729582257 0.110746233856019 0.217857132428448 -0.386066371665624
-0.0763930843638842 0.0849022768671233 0.301753582480879 -0.263058546406358
-0.127432460875043 0.00141348143188235 0.286595212605191 -0.0500764923489758
-0.0959767761388502 -0.107986798547177 0.11933528111227 -0.00203160196529693
0.0827568894254001 -0.125518057553515 0.186651861240682 -0.0936397003364023
0.141322573734905 0.0309243811629064 0.472864475971688 -0.139916759669491
0.0585910813901527 0.100291688773494 0.77243663721911 0.179017789714454
0.253441653494746 0.0781711898197259 0.481413392405687 -0.0889479347476869
0.267685360711764 -0.0781455885505193 0.153017588578713 -0.147901279260883
0.0834513522262225 -0.21951850666315 0.0748105821872915 0.0287321700843014
-0.189288796210173 -0.177481768138641 0.0949258423086025 0.0849619743605827
-0.250959657905588 -0.00710616599347926 0.254678931874543 0.0202399784950782
-0.200513396668841 0.135831131776198 0.29437675673234 -0.173877379856069
-0.0845460648750299 0.22605471601459 0.230186526732682 -0.297641962094245
-0.0583716702307794 0.256754182754364 0.170777686699269 -0.333001692641603
-0.0880595540184225 0.264615214633192 0.185623229696406 -0.318480806889098
-0.249007989416226 0.195546073477722 0.247196666835087 -0.229814196512271
-0.339361109235196 -0.0144049281755853 0.230243046352262 -0.0646482634849584
-0.275110388422816 -0.260175300978383 0.0912410627673236 -0.0532416105977959
0.117082729314055 -0.381059077306048 0.1786771961221 -0.149214853243987
0.396580984962976 -0.129863802118773 0.436366910046494 -0.156419979076058
0.36220708003569 0.0879869066450499 0.689895806657085 0.143571636465645
0.4370643201135 0.0781229399058219 0.373041749361221 -0.113534614992135
0.420064256448552 -0.181603609224675 0.104295710372846 -0.10994829507864
0.118297638367156 -0.361218673868096 0.0961869020213088 0.0240732221772595
-0.286328706342931 -0.281833369162329 0.0927131691691741 0.0508044746059879
-0.392432696467538 -0.0291942587582998 0.199811829954656 0.000195578211832758
-0.329341477572159 0.195107085159216 0.214104458620163 -0.117475614100155
-0.165710043116314 0.337716893811184 0.175538157572521 -0.183649593124034
-0.12115257320624 0.370903069206568 0.136950291409805 -0.214381920574991
-0.154679759917318 0.377961720196292 0.128042738863888 -0.199972849652609
-0.376287746521119 0.283281034311585 0.15553124303319 -0.156476747503331
-0.502392336239941 -0.0113124897837824 0.131279544656721 -0.059281167641521
-0.433439896334702 -0.355295727669548 0.0358188005285026 -0.0964775191617255
0.104426187330573 -0.584555306663835 0.136528686637135 -0.195056580014495
0.570192426480938 -0.28905986946917 0.345756757537541 -0.15320647395477
0.601204504020328 0.0477927322057523 0.511517029439548 0.10655228285131
0.577001518702361 0.0687892534351229 0.185591027586566 -0.149205341904477
0.543293775429379 -0.288459036703414 0.000991619446303284 -0.0525935069809472
0.135325551112246 -0.500431750888598 0.0965386947953646 0.0356745945779395
-0.373860696277744 -0.368175687065227 0.08243438256339 0.0129049917963124
-0.501482260075804 -0.0423330819551262 0.113713733727679 -0.0275911145883134
-0.420772393976613 0.23367014235415 0.0926543944653966 -0.0472707054362117
-0.224080491237036 0.404535851534003 0.0895783932486483 -0.0417642290455861
-0.162724067900644 0.429487762779707 0.080744191981131 -0.0648516001130573
-0.195565220196779 0.427514085671207 0.0557895463668618 -0.0493930322174052
-0.440300343174489 0.325749317535795 0.0435934582553931 -0.050129870263094
-0.586964501958281 0.00126441278106412 0.00642101205125788 -0.0308224324692013
-0.527770138589672 -0.38102868597316 -0.0382072785058042 -0.121129147797954
0.0578272494573674 -0.683763239748403 0.0676298430157387 -0.215095394189535
0.637258134511138 -0.397966569219354 0.217732460012786 -0.120421979217145
0.729303238095764 -0.00782697625513696 0.269914607677133 0.0856703757050314
0.639586655463835 0.0418125473312097 -0.0629385964219603 -0.184439054919309
0.596300359183596 -0.368608149983891 -0.148172514394187 0.022939826168679
0.129937526775167 -0.579368367016794 0.066760811019275 0.0558656399175662
-0.415196455989517 -0.402147738846689 0.0503038859943821 -0.0260596053594703
-0.536365042977162 -0.0452665302054025 -0.00382718051238498 -0.0492598347446166
-0.446288796470579 0.241702436487938 -0.0549125382947778 0.0371946935647577
-0.247909882587885 0.413237932427079 -0.0141108253222517 0.112697712718048
-0.177891663284875 0.424321894689083 0.0128363447497302 0.0954927790800932
-0.205356514088245 0.409494515438206 -0.0225715997558274 0.106260740620942
-0.434527181604859 0.308207874817774 -0.0693661715562824 0.0674027166543943
-0.564996508967961 0.00418074298775306 -0.119280573537293 0.0104576568422919
-0.509373980137915 -0.343103924409938 -0.109260961624885 -0.12577179472765
0.0199207688180065 -0.646772481859736 -0.00156306093772132 -0.205972094566167
0.589362442553171 -0.415367318930602 0.0866665205715709 -0.0623255310371557
0.724271484051952 -0.0498450958678319 0.0129067115962629 0.0775634975083918
0.599339208002655 0.00299744912674201 -0.333402390553366 -0.21020100979976
0.539769081151086 -0.377453088025881 -0.310366803012544 0.101325236004174
0.0986148550929861 -0.54253262000692 0.0115299891066311 0.0757251650495671
-0.370288109468622 -0.354885528187519 0.000974583983924311 -0.0557445242398572
-0.467904149047856 -0.040195751865054 -0.129504799051701 -0.058136488575076
-0.389923598668087 0.206844089458021 -0.197922397309014 0.125110553128203
-0.226332285851177 0.356036286306123 -0.1173698194765 0.25587539621375
-0.167092536434479 0.354174405862081 -0.0566189203459135 0.24181807351677
-0.189793512418487 0.328408371398268 -0.0958663039315927 0.240776403066413
-0.3667146847524 0.233835331269635 -0.166388891383067 0.166758561235171
-0.449490121358231 -0.0125728573595625 -0.219039798961678 0.0437757473540204
-0.384426709402705 -0.263825178758376 -0.154620843625941 -0.122020778246925
0.00624567799482684 -0.491003481248868 -0.0514927825986984 -0.177483023300238
0.459576163053507 -0.337872442992898 -0.0182483559009564 -0.0023276056004344
0.609153219843882 -0.0772910395518752 -0.212177901193947 0.0794608410541015
0.447507062364856 -0.0374839388053941 -0.574558263783709 -0.218110200325694
0.375726525062949 -0.305249222815607 -0.445838560286201 0.161774018888661
0.0438526079330834 -0.384888678946836 -0.0570914359353376 0.0937167105345186
-0.245226797081333 -0.227025481278123 -0.0475461856829089 -0.0636938936646256
-0.303661884603915 -0.0296661705934801 -0.225939249749509 -0.0509804257391251
-0.263256122680685 0.133155807889028 -0.303532696260276 0.195578105407539
-0.167051678544889 0.237624175645018 -0.197767589060598 0.362123151123151
-0.132256925684022 0.228635952050732 -0.114369713420981 0.352114731174162
-0.149770620927127 0.200873300793277 -0.15664271330427 0.334605614131208
-0.252613947791309 0.129500289757289 -0.239331539385079 0.227964154661418
-0.273753789390716 -0.0297604652354992 -0.280704485153366 0.0521586189867567
-0.206908435154347 -0.159726407736854 -0.165322186594156 -0.118175937981637
0.000439210226264468 -0.278868794210159 -0.0724033619439966 -0.143392079816664
0.280702252242259 -0.218792132948814 -0.0828438043026671 0.0404722521034903
0.415871629832036 -0.0894722725563839 -0.371989607984878 0.0824187458581085
0.213750963860988 -0.0689240637700042 -0.738318312229367 -0.201676312972607
0.13981449090811 -0.173442476307898 -0.526269933167569 0.204829465957046
-0.0199713713800204 -0.151245990815562 -0.119053046946641 0.117958106361923
-0.0767016247608195 -0.0587309901938449 -0.0725655098791134 -0.0423670326315329
-0.0895179462153541 -0.0163167300388798 -0.266143688986802 -0.0321571410287753
-0.0951420448868578 0.031984080734906 -0.348976475892559 0.234364020093568
-0.0843856846314014 0.0763378628996029 -0.241587696307081 0.408537831483027
-0.079174204062532 0.0679323822194225 -0.153090531481882 0.408027373873372
-0.0897405795665702 0.0529569161447619 -0.198785265494722 0.373514606751603
-0.111228765617634 0.0237467052247539 -0.28348884303077 0.246208334599413
-0.0853394828670947 -0.0309475462109416 -0.30613009471076 0.0395898741163936
-0.0423341901389658 -0.04556973012123 -0.151573349010456 -0.113496283232611
-0.0213007755459344 -0.0746056793200585 -0.0734482666534451 -0.108425374700312
0.0850744215032854 -0.105207383608065 -0.113773812324644 0.0600637494205539
0.184162769060527 -0.094157192379486 -0.455347362363811 0.0799023276432561
0.0496624085965643 0.0729338101257788 0.511795233727331 -0.0818589863090914
0.11002312321973 0.018268375685511 0.154139837922827 -0.169145755457303
0.0469014485950366 -0.0816238330661972 0.0475773558709044 0.0470003902130353
-0.0875920439008588 -0.069546006634146 0.108438020918638 0.111533068560148
-0.0963714412694842 0.0147164480846515 0.290227702367434 0.0197109790076571
-0.0580043418396106 0.0649956807663592 0.326592535540832 -0.223723451749353
0.00349116220936289 0.0862525417884085 0.240736494288108 -0.36915583217899
0.0154629041708487 0.103842506908771 0.175498511152597 -0.403902441003383
7.81853010684581E-05 0.111457438258448 0.213478878619712 -0.387989872866952
-0.0748753768365597 0.0865587320143033 0.296394953806492 -0.266860696469767
-0.129085267263244 0.00413024034032 0.286695446930278 -0.0553096164803969
-0.0980619816506251 -0.105951734247067 0.119622296388092 -0.00284979302059541
0.0813237782808598 -0.12681344198309 0.188577898826132 -0.096141360884899
0.141596427467834 0.0305878397492373 0.469394264591358 -0.143197093121638
0.0565725347122755 0.102411401244588 0.768843030882029 0.177182120369356
0.25293481582282 0.0790629904062368 0.478114000046156 -0.0918291667649889
0.266665094843957 -0.0790240258123858 0.148160774277326 -0.147333451211012
0.0840581701067909 -0.216872888186337 0.0766950735612711 0.0252881592994219
-0.188818105587586 -0.172376778585274 0.0952251910263033 0.0829140402196767
-0.250432186597142 -0.00300689866120351 0.25288877918632 0.015779545412727
-0.198533881371898 0.139548696712805 0.289790177771274 -0.177970970720602
-0.0812740508744663 0.226322227502876 0.225067800539279 -0.299758310933542
-0.054209928151554 0.25696177706636 0.166474610374659 -0.335273387792104
-0.0837679215205458 0.265988545823965 0.182342198709038 -0.320045933134802
-0.245950943425037 0.199648440376281 0.241487669692164 -0.234649626472134
-0.342542240185476 -0.00909941968412631 0.229403773529912 -0.0696104500471416
-0.277602204775527 -0.255327666791461 0.0898381220536538 -0.0547738747973375
0.113687764423173 -0.381815313429824 0.178559579888292 -0.150934317477324
0.395288458226 -0.132408238069569 0.432960247033155 -0.160540743347221
0.358982280540017 0.0898617536759461 0.688728526390873 0.140171130271115
0.437157688868862 0.0801546804165423 0.367500647269158 -0.116727971454703
0.417073676107231 -0.183501766435561 0.0995586941634824 -0.108716833625566
0.118455607692429 -0.358352024509217 0.0985094314193134 0.0195121248916487
-0.285478388466621 -0.276118923650413 0.0925501183276121 0.048323441794395
-0.392120998769642 -0.0243070697499476 0.195867484915226 -0.00563784268683196
-0.327005573151966 0.199057751645978 0.210405374911906 -0.120412070543371
-0.16201503083972 0.338376453084153 0.173896220016546 -0.185782001431043
-0.115155432842022 0.372040821459035 0.13345635325133 -0.2169617783479
-0.148309764184886 0.378852991830025 0.126657282927953 -0.201081140926977
-0.372290190458629 0.290214075154144 0.149316944100789 -0.159521272499934
-0.507476338681079 -0.00363769952682308 0.130170444503337 -0.0634605855212348
-0.436465680427523 -0.348733526891587 0.0326639895867132 -0.0986273676880393
0.0989013754359095 -0.585144265879727 0.134713037552493 -0.196400381565504
0.568164634332718 -0.293054189636505 0.34294127379069 -0.156765073607038
0.59626810333506 0.0503202165638453 0.511777146989718 0.10260702557494
0.577234913591192 0.0706574347940505 0.18089357910062 -0.150906872663279
0.539678208134102 -0.294564854648293 -0.00294163998296889 -0.0502565916965044
0.133875413751033 -0.498264151492464 0.0991593398127383 0.0310278736889813
-0.374177069940804 -0.360407100650359 0.0822031760220469 0.0105539429250851
-0.49985528610411 -0.0359779847882146 0.107865897564957 -0.0330512335859196
-0.415743815877618 0.238198615980222 0.0910245675517398 -0.0479885182015879
-0.219277179782859 0.405544257998253 0.0918993773306748 -0.0426764826028606
-0.155778315749308 0.431294382246053 0.0787775395524185 -0.0659515401174106
-0.187775033981532 0.428472393515876 0.0558527972750325 -0.0502020784635254
-0.435097649204729 0.331210499700728 0.0389880130818308 -0.0513133894594861
-0.58927803468508 0.011035876341241 0.00551730647268289 -0.0331272534738029
-0.527181561195362 -0.372163906087655 -0.0420656342853455 -0.122583418797713
0.0529331455705082 -0.684544639161706 0.065755193937666 -0.215190315203297
0.633074972091548 -0.403136348057376 0.215546607707391 -0.124252144163203
0.723182478145011 -0.00281974823418481 0.272739641787929 0.0818770629802604
0.639881979675991 0.0431704307770848 -0.0680821727941724 -0.185645278503482
0.590776468897567 -0.373214561752547 -0.15109212231366 0.0262071332796572
0.126815826258493 -0.577951518791543 0.0700968520855728 0.0517172663764188
-0.415109845444666 -0.396028622193506 0.0502637617882088 -0.0273302853819726
-0.535110445544065 -0.0395131669638448 -0.0102426052522014 -0.0540153868288153
-0.442982649192669 0.245817051476771 -0.0546740955647924 0.0383328400779656
-0.241046033597779 0.415773849378159 -0.00897591271753156 0.113012012099647
-0.171343118302213 0.427338829801962 0.0129565427421762 0.0951149168587327
-0.200250148623612 0.410928225124839 -0.0196703484790449 0.106112615121701
-0.430893447919785 0.314782060081042 -0.0719577239633028 0.0673389683759563
-0.567007964752776 0.0121942688615579 -0.119285083186335 0.0111621131061534
-0.510218098655308 -0.333599799322944 -0.1136152246786 -0.127268363228361
0.0160157928633429 -0.64508430911513 -0.00484031067877473 -0.204674703241776
0.587723951342181 -0.419519381446808 0.0845183690539744 -0.0647310322801522
0.720732447761472 -0.0486545251948377 0.0178140756229402 0.0749902718537887
0.598557689164083 0.00286163200438673 -0.337420392244781 -0.211466764764742
0.535582553721146 -0.381776834277167 -0.311199938110256 0.104778230141142
0.0964676621022713 -0.543154027839658 0.0140094044562628 0.072365790585989
-0.371616016645299 -0.350343337051157 9.46826056574324E-05 -0.0572631602029643
-0.46740136335849 -0.0365649957352573 -0.136012151942249 -0.0614839375166923
-0.387681736371102 0.210846083023376 -0.19546797989458 0.127958580412863
-0.220655380547398 0.356129159815601 -0.108522395320965 0.257543604361687
-0.161802611140387 0.355245470508273 -0.0549534677633515 0.241921885244101
-0.184792438553819 0.32925265911821 -0.0919010572375249 0.241584997809853
-0.363868203079494 0.238882414976006 -0.166094611792341 0.168914431976
-0.448363716963634 -0.00585225862976269 -0.218897080953967 0.0464231579123822
-0.382988609479696 -0.256912042132975 -0.158668616943406 -0.121492350915794
0.00322054553638831 -0.488250406250158 -0.0558807271983905 -0.174735535624228
0.457017524350268 -0.341827113067465 -0.0193778219632848 -0.00436295462336678
0.603862265901256 -0.0765880440679171 -0.205000019770682 0.0784106702468129
0.447382032246339 -0.0366457785096808 -0.57725705383487 -0.216645643461021
0.372037507323325 -0.310645201281758 -0.444985444859491 0.167657501113487
0.0425036899386704 -0.38477845207676 -0.0554453979204281 0.0925192438298876
-0.247046686566366 -0.225479506867727 -0.0477565427014227 -0.065094000177315
-0.303541521639494 -0.0270377486642683 -0.230849000032825 -0.0529087375234626
-0.261186161696964 0.134655281198293 -0.300528277427783 0.200382471945731
-0.163132602790995 0.23752582465757 -0.188592560263305 0.363552339453552
-0.128969442129816 0.229295117316523 -0.112072195385168 0.353471324466208
-0.147717428156987 0.20169885863389 -0.151279042192085 0.335175469597419
-0.251331657614727 0.132410275282319 -0.236870779750261 0.231508338521322
-0.272822901835915 -0.0256677525427941 -0.280084136890383 0.05605876783351
-0.204754784796542 -0.155471319694207 -0.168614768662655 -0.117324665750785
-0.0017485107502048 -0.274993419576186 -0.0764891076209135 -0.140308365898165
0.277798522703408 -0.220190757551633 -0.0818552342246769 0.0388428791152603
0.410639009243483 -0.090502005817611 -0.363376334661439 0.083529434318202
0.213155614574866 -0.0696991257396951 -0.738798188366356 -0.200657322446433
0.137219586079646 -0.176639404632648 -0.524374765047371 0.209281704327405
-0.0225986190157234 -0.151317034155343 -0.117584888870779 0.119098598923989
-0.0775360257821754 -0.0586530375199946 -0.0726776399156111 -0.0440177493196402
-0.0891729352370239 -0.0163222100079176 -0.268954087734317 -0.0316285496217961
-0.0946408806486599 0.0319946872967095 -0.344634233087693 0.238403443436267
-0.0831986269207792 0.0760532585858254 -0.232510249720091 0.411807520788148
-0.078159302328618 0.0688324537969906 -0.149441922221797 0.410429646204577
-0.089372948860981 0.0539372359148574 -0.193751953877462 0.375714853838448
-0.1107979197356 0.0244509796946194 -0.279795189329256 0.249515865754357
-0.0838832543353123 -0.0302945762273606 -0.304957342810485 0.0450662333807971
-0.0409809230121925 -0.0444501210263293 -0.153721441630651 -0.111244802533898
-0.0219925274775623 -0.0717332697008324 -0.0769570432880199 -0.105864516093997
0.0833323176714198 -0.107369665913464 -0.1125213928069 0.0594731356250143
0.183058166270437 -0.096293006168847 -0.447573380802315 0.082666300767736
0.0502038028239073 0.075459831182126 0.518183075650928 -0.0859422358615528
0.113909567259918 0.0192334349187078 0.153682935429923 -0.171672613009788
0.0492491860253899 -0.0821910675112551 0.050954287150318 0.0463276143847572
-0.0881106411515809 -0.0691527478515673 0.111050719156083 0.112684606575285
-0.0983808714413811 0.0168384148960884 0.295831646569449 0.0163060568998826
-0.0586908517204306 0.068956866301257 0.327637150983097 -0.230813523241797
0.00431299732576894 0.0890703234002866 0.237061279455388 -0.37941923524381
0.0174971102134167 0.10619592109567 0.173979863996047 -0.412098219858382
0.00210354515594345 0.113876763446529 0.213954398339546 -0.396799777905673
-0.0756581081189962 0.0892948468611125 0.296414442585235 -0.275519603116497
-0.133568367999784 0.00709224057044414 0.291835695067986 -0.0604270759994045
-0.101888009478272 -0.106951588633529 0.121768492721643 -0.00402081009317256
0.0811222019798644 -0.129212087378316 0.193763710122668 -0.0999697104551802
0.144424860371818 0.031742851295182 0.474319643843735 -0.148869064376519
0.0565834227068418 0.107145226285095 0.779486451518742 0.17996891305311
0.257523546178637 0.0823906889059199 0.482271738612228 -0.094699498083857
0.271115800235481 -0.0802543379089138 0.146691599734633 -0.148457598634617
0.08735838764645 -0.218993938269662 0.0801914538472838 0.022348814503609
-0.191246989028103 -0.171777152202212 0.0975913410460984 0.0829061958387229
-0.25465492892342 -6.97692617645683E-05 0.255633956929847 0.0114175755300402
-0.201282383420072 0.146370063234989 0.291622035482891 -0.184654737818312
-0.0801875915240464 0.232733491560156 0.224466668089427 -0.307488701245936
-0.0511588067053013 0.26202308707064 0.165382592553822 -0.343199236455056
-0.0811375189156095 0.272008516443927 0.183398261711097 -0.328091952941613
-0.247522422642256 0.206574896465782 0.239835741310606 -0.242518352893386
-0.35072787173384 -0.00277068904952282 0.232447081720637 -0.0756454239648129
-0.284108576511207 -0.25607420443634 0.0897017015263045 -0.0575891596827626
0.112473921325551 -0.390391458500325 0.182945185578511 -0.155819997448392
0.402448730148854 -0.135972963002858 0.438073076763804 -0.16690776777335
0.363125394004095 0.0962879462202044 0.698420087401596 0.139136412849219
0.444734958995671 0.0850754725549114 0.369973779927224 -0.120574896403717
0.42186605600935 -0.18752935496187 0.0973153756356527 -0.108541316579078
0.122123667275252 -0.362905631010179 0.102733664304738 0.0154193347625996
-0.28859324475106 -0.275891575784463 0.0945292982836376 0.0476886168830821
-0.398262250048209 -0.020465794224725 0.195543316145138 -0.00949133035956708
-0.33091605639145 0.208202946420197 0.211661375278577 -0.124528035036348
-0.160311263468274 0.346375982793484 0.175262173435341 -0.191073554979982
-0.112448646735007 0.379905072678319 0.132846156193954 -0.22164784240279
-0.145859952391104 0.387316478735387 0.127979711472371 -0.206349089347847
-0.375002259721869 0.299530681444629 0.146614079635178 -0.164124067716268
-0.518313826614562 0.00482530410119836 0.131604489081249 -0.0684856537654664
-0.446151836625335 -0.347492688661052 0.0303153546367635 -0.102523522039864
0.0978417701820452 -0.596335197028877 0.136350286687336 -0.201335407183367
0.578784372892041 -0.302338800304304 0.346501058000601 -0.163261263754843
0.603378106930283 0.0539500452515647 0.521360631190438 0.102681483603764
0.588583554364328 0.0749147807148632 0.179389341152502 -0.154160745867992
0.545687182040526 -0.300372451026759 -0.00692123031410298 -0.0478236535822757
0.137572250570194 -0.504939854890979 0.103508172570732 0.0270711145211657
-0.379355149833991 -0.363104609122922 0.0839362334772033 0.00969283551561773
-0.50898277905204 -0.0322510543107638 0.105053691945259 -0.0379488004337924
-0.422182707374254 0.247710899561687 0.0915062134727397 -0.0493415396549882
-0.217657288823404 0.415623926322005 0.0955679978257664 -0.0452051123371121
-0.153721094360224 0.440820403467184 0.0788099116848187 -0.0676949616559295
-0.186247808661976 0.438432221663858 0.0574757904997603 -0.0524103881338063
-0.438585790641349 0.342977441929901 0.0346366762272906 -0.0526145529236695
-0.602710007054312 0.0194576546340618 0.00475772938668389 -0.0357288098426746
-0.538379003694301 -0.371446704628364 -0.0477498202548063 -0.126448261482522
0.051385404029132 -0.695671042933254 0.0651626178653176 -0.219517466779802
0.643087541412774 -0.412748033879003 0.216664802572762 -0.129488827910561
0.733884054382103 0.00101791741704623 0.280261236527439 0.0789518823290707
0.652396358078957 0.0467635383563802 -0.0734761310176856 -0.189331897072943
0.598047074275303 -0.383624194473884 -0.156744059432435 0.0308974408321531
0.129202852973045 -0.588577869382985 0.0732433034668927 0.0482334946636587
-0.422763121754092 -0.399128440386672 0.0513194154101179 -0.029356024637212
-0.546310978393164 -0.0360693237913901 -0.0168161355279801 -0.0590350856431374
-0.449009542858848 0.254677132167449 -0.0553540581256851 0.0409439957502357
-0.239405298213606 0.42273803371126 -0.00346452851108272 0.114487636948255
-0.169874155959879 0.433831520809376 0.0125753411345579 0.0971204244228436
-0.197637331099893 0.419737461548791 -0.0181396129997741 0.107450800666239
-0.435343475701128 0.325449007124358 -0.0763435317380778 0.070941019622438
-0.579005954797691 0.0206621821988903 -0.122241493849282 0.0106442645976276
-0.519048686940434 -0.334146915550574 -0.120955774189435 -0.129840602042605
0.0125688823806214 -0.655437038764875 -0.00889954287862846 -0.207561963818522
0.595415516915604 -0.430690374215638 0.0837976329522925 -0.0687310527978023
0.72978686384109 -0.0457993924628768 0.0229113511831293 0.0730078196736559
0.610605886399561 0.00579243770765359 -0.347015700381101 -0.214434982353571
0.541241798954416 -0.393767591266013 -0.319215902015963 0.111032844631663
0.0954438062137473 -0.552576684796073 0.0159734515450406 0.0707075615607618
-0.379272480922098 -0.35309634712735 -0.000238668907718158 -0.0594998068724191
-0.47734128230264 -0.0322799049957728 -0.144506742181813 -0.064735781413549
-0.392266742041521 0.21686866729437 -0.197529041369574 0.132771863572449
-0.220517605741535 0.363996639891581 -0.101666667879155 0.26188791791035
-0.160555159658131 0.361322531456132 -0.0544941774085657 0.24783585247042
-0.183600055994277 0.336148317686953 -0.0905226621282052 0.246654705296167
-0.368280637938401 0.247034601394719 -0.170773997734272 0.175077039122516
-0.456975797973154 0.00151906186466171 -0.222458769221734 0.0489458366116647
-0.387538768449637 -0.256105562484667 -0.166349098355407 -0.124193388611303
0.000983343155179148 -0.492958379109385 -0.0610871471000059 -0.176818854139446
0.465446158237488 -0.350918254481771 -0.0210463411149263 -0.00652247631645406
0.610547332287854 -0.0769362798278698 -0.202586856473653 0.0781996398683267
0.4560810744109 -0.0348889424358996 -0.589462220127702 -0.220737400452325
0.375338943035559 -0.32027935286159 -0.453031926488086 0.17392849855471
0.0404045333320643 -0.391847843426615 -0.055217074370808 0.0928236901314439
-0.252431634422569 -0.227550159974946 -0.0491342040532712 -0.0672106275272995
-0.310147056519381 -0.0258458117398848 -0.240074441396083 -0.0539742055628052
-0.264939240136118 0.138518637240005 -0.299858715279649 0.207512592129714
-0.16337702928698 0.241973937318173 -0.181935672668643 0.37007340759552
-0.127702947756005 0.233836452247551 -0.110726459188478 0.360467946085586
-0.148897689758708 0.205851914228781 -0.150785004306848 0.342710521951057
-0.254725250124319 0.138038041326064 -0.239263769479737 0.238936632254435
-0.277318962676042 -0.0228739179604396 -0.283843671168795 0.0610603925526005
-0.206330112688067 -0.154871271310388 -0.174573240090356 -0.118654825850531
-0.00288688898262625 -0.277034257928237 -0.0825281322820319 -0.140959932314471
0.281068801526449 -0.227215172333444 -0.0836592413137268 0.0378771982466714
0.415222446755049 -0.0920616236088878 -0.363306387334471 0.0845785832935313
0.217413829544185 -0.0696726723833127 -0.75376616096675 -0.205708721136874
0.137587407465226 -0.182397123742555 -0.533109239971743 0.216412713442108
-0.0253967143552942 -0.154199274979026 -0.119860632003981 0.121774198546303
-0.0799401785149439 -0.0602518423469262 -0.0748269435480225 -0.0456635775041338
-0.0915358858297506 -0.0164562713150662 -0.276581255936978 -0.0315669891266558
-0.0968954628201703 0.0317149760922116 -0.345316977296007 0.246744752960529
-0.0838312365263897 0.0767097952128095 -0.227318435822591 0.420971180512743
-0.0786041352628973 0.0698817918213514 -0.148007286744803 0.419355758166771
-0.0911096052557825 0.0552896270680396 -0.193828788571346 0.38356005755582
-0.112832672270243 0.0266328896214894 -0.281991351403259 0.25970937564535
-0.0836477525478851 -0.0309524428347179 -0.309241972389707 0.050669126124666
-0.0397240054828285 -0.0442012714855306 -0.158794876943648 -0.110982464661743
-0.0230726343731322 -0.070441376788377 -0.0820489672422253 -0.105048158650917
0.0832740386047532 -0.111005520388648 -0.114330476158993 0.06066850490138
0.185094091022777 -0.100834083605826 -0.449395928442496 0.0852630520619882
0.0885986996670933 0.032797381296914 0.370037120708494 -0.398312618051824
0.10441772758274 -0.0530205739717332 0.0199668432318831 -0.236175546281801
-0.00563821620132584 -0.0980451463080082 0.0692721744725711 -9.09327718980541E-05
-0.109471431723937 -0.00426951377672363 0.157625866967509 0.0229809600655002
-0.0689380825601046 0.0726926755960087 0.248081842236259 -0.172795623284597
-0.00536021612928179 0.0931917923521101 0.115350024554107 -0.392404211316702
0.0573123702730184 0.0699531340771168 -0.0493093560123444 -0.460091729285106
0.0820467196485843 0.0740123034203956 -0.120941304191341 -0.447198668372857
0.075028399028295 0.0888776694016204 -0.0816475451478517 -0.458961718161565
-0.00524168135630588 0.121637229208939 0.0672618778342504 -0.414151812409278
-0.105747880007738 0.0925429921295085 0.197984021975743 -0.235695307858718
-0.153283211931972 -0.0246453106824236 0.0981808102405295 -0.0799020906463177
-0.0158997359895443 -0.167950905935997 0.0935971721457079 -0.207399578486343
0.146545972404292 -0.0739884329271136 0.287608637030054 -0.430505173199294
0.130780617172201 0.0567062705755469 0.754628566489252 -0.360383342376301
0.267381680309619 -0.0810001858712032 0.33267795402082 -0.396224459878086
0.17183278338131 -0.224810794309944 0.0302523718255271 -0.219776928648662
-0.0552797091580838 -0.232451471756398 0.0729675910588259 -0.0437599244171183
-0.251162434924628 -0.0267625238380728 0.120873478158557 0.00861230589430679
-0.20576992241107 0.153259958306612 0.209220018577842 -0.147167778279522
-0.072941712114884 0.24342513246539 0.113352287462193 -0.32666555568156
0.0781382843630797 0.237396903506833 -0.0121284870991602 -0.391428301448846
0.125182866692748 0.245309216045518 -0.0840821826351772 -0.384119325911725
0.10678047064113 0.272472116395765 -0.0635191109710816 -0.385897108665091
-0.0707980780748954 0.32910019419343 0.0395125124966033 -0.350830932441057
-0.292418765146023 0.226232541255042 0.14136658778517 -0.208109414886782
-0.401155114806269 -0.0340667442411184 0.0385592134449514 -0.101887239030014
-0.158969042664471 -0.411916853884635 0.0483130474970144 -0.24213695040682
0.252363258137547 -0.383924802900619 0.25089597007687 -0.41183308321103
0.382171891774854 -0.153520181379614 0.654830846776874 -0.328596633471151
0.427422825229926 -0.187924272624392 0.222943641447308 -0.358398216655587
0.232025353964888 -0.400489384138822 0.0163148644787267 -0.16318468758746
-0.112741563048998 -0.371665485318997 0.0816292698374697 -0.0680924664183647
-0.390997826601122 -0.0533769976927035 0.0894660079748083 -0.0172709284499543
-0.334672999163016 0.224094725149023 0.144230616106159 -0.12357849014469
-0.139572424388291 0.372761744384425 0.0846147665544133 -0.224307773659894
0.085320028757489 0.377562275747657 0.0244639201261782 -0.264377970349428
0.1510281826826 0.380122209740865 -0.0347223764164578 -0.265677281377863
0.127508165029215 0.410440710047764 -0.0317840248596552 -0.253155919517034
-0.11527767818903 0.488191091268117 0.0120983666082042 -0.228187236151251
-0.426293624132009 0.342273808229289 0.0654912024934423 -0.136720279123243
-0.593937693965167 -0.00826961056089679 -0.0380651166344409 -0.0991267689366087
-0.309734616590407 -0.576098017280861 -0.017801926970648 -0.246078868563383
0.289357294941786 -0.638471324821346 0.184353018190107 -0.34411790032289
0.557057363913763 -0.345574896913658 0.481370361901869 -0.234619042349414
0.540440544957729 -0.279609790544622 0.0447109778131802 -0.277322781308774
0.262778063064519 -0.562820139294792 -0.030073972575405 -0.0549209227390394
-0.185149284446209 -0.497056210008187 0.0834143197233163 -0.0623579583056685
-0.514175944637978 -0.071414562982631 0.0513481488368105 -0.0402162386869206
-0.431362889881279 0.281788017149836 0.0498328696050424 -0.0863252910837157
-0.189305925711578 0.461250458457367 0.0336124669772845 -0.0850314296286
0.0828864777837835 0.467083514573251 0.0550116236133421 -0.0930779941545573
0.154851304866408 0.456190139681375 0.0189258415562712 -0.105655158047006
0.126855492501596 0.479309835084603 0.0082952820866437 -0.0833338211612934
-0.139843839423998 0.566785141342659 -0.00852868294786204 -0.0647131417536815
-0.486014451698527 0.409955123414922 -0.0159007981853827 -0.0282098209161884
-0.68600432338544 0.0310109266177687 -0.117129997333933 -0.0690776379949053
-0.415930270512196 -0.629377221618978 -0.0876938090912145 -0.212278358797716
0.269851894348355 -0.774490226735251 0.10457364216938 -0.229048267219618
0.624718874260982 -0.476649901193462 0.267190834337787 -0.089622501922213
0.57784550060564 -0.339959621766947 -0.185065750319105 -0.151088620801095
0.256741929938568 -0.659789291213831 -0.10363973217163 0.0991333564109436
-0.242733194643272 -0.559223598778087 0.0684144432878764 -0.0270829301244802
-0.572761269545439 -0.0740068623752921 -0.00258626820153383 -0.050592138052204
-0.464070126463408 0.301596229376662 -0.0625342980206408 -0.0254359550891265
-0.206125671751042 0.483449791769573 -0.0278837705930921 0.0808740438163893
0.070406737653006 0.488821634528971 0.0767909036699638 0.100559119251115
0.138308631175314 0.462462946183314 0.0701311889286994 0.0699300907651022
0.10405304569424 0.471281622397489 0.0494388414738954 0.0954715486755933
-0.149531489692892 0.549543227844674 -0.0205196591945768 0.10707097885123
-0.466831431523568 0.394408547975815 -0.0877731344449652 0.0914428135077674
-0.643566680093296 0.050936850786865 -0.180148214076875 -0.0240661665314321
-0.42074741462132 -0.567741493422366 -0.139622149379319 -0.153543850394636
0.21629826180882 -0.755122656151839 0.0361657183244755 -0.0947553017929615
0.587684266373551 -0.513537043528505 0.0523980096743188 0.0734765318994144
0.517475773019294 -0.349643878677926 -0.425426327748534 0.00238778880697432
0.204708573075438 -0.632811612110943 -0.185330341852274 0.26695891761028
-0.251018709389771 -0.509076715700926 0.035737947719964 0.030375997180687
-0.513068439440882 -0.0626758398671622 -0.0620044582959024 -0.0434912462856378
-0.407055990179108 0.261411567616699 -0.168703315140837 0.0489417542770859
-0.18353954866978 0.418913175308958 -0.0829433892461268 0.243444298408612
0.0507268581249045 0.427629897506424 0.0906872585438034 0.283017372096112
0.0997948106708566 0.396883664503035 0.111546865918346 0.235229972779398
0.0618490300700322 0.395482756779033 0.0803784455628792 0.255209791885378
-0.143415630414611 0.441999128267295 -0.0292846719596619 0.252035848011108
-0.377888499433748 0.299083792854391 -0.145888310565763 0.185249377762588
-0.484751690601302 0.0317267003454084 -0.213684893363529 0.00851672131736147
-0.324220796274999 -0.420796097400373 -0.163333791376871 -0.0957005878065836
0.156686852611753 -0.598342742925968 -0.0101208530319739 0.0207305128273305
0.46363044492581 -0.462573305763234 -0.125851362937163 0.220600411357913
0.361582461368252 -0.29504591429775 -0.627979708910148 0.158416127023387
0.112511365058809 -0.476832546343876 -0.256786359387356 0.409149117707278
-0.201826423519224 -0.343506054994235 -0.00329320547204361 0.0999468830897924
-0.339211561655298 -0.0357102277859182 -0.0994109212768184 -0.0203381078614213
-0.26729204981163 0.167654368803488 -0.236692096110676 0.114370347144347
-0.129826048010285 0.275808591851242 -0.116488843101591 0.364767110265002
0.020607675703246 0.294360339508489 0.0944609031085196 0.421242608699297
0.0438982020280762 0.272436395369339 0.138069736980754 0.362648422388707
0.00982051782246123 0.266848314268961 0.0949991285831314 0.371936546337339
-0.119751804968038 0.279226272072326 -0.0444672702597914 0.348871227861657
-0.244715534976233 0.162172864839901 -0.188519483877147 0.233788917337169
-0.269583061493881 0.000964635623182799 -0.218755286098555 0.0187593927764808
-0.18527978554037 -0.23206447917526 -0.157940888344052 -0.0543098356370281
0.0836773061674085 -0.374903206311435 -0.0356780154742973 0.0931767010225985
0.283955739554613 -0.347424161159319 -0.248243374423029 0.32211332791298
0.138440799185101 -0.18326853557276 -0.750906355816992 0.288413749939182
0.00270553925860383 -0.225006346324541 -0.297799894974117 0.502297451717146
-0.113912306366587 -0.108370954467789 -0.0306893206082868 0.172672963930184
-0.101473502840481 -0.000579629775503028 -0.0964898219900596 0.0106923083709762
-0.0845599987925418 0.0429211766333041 -0.248938933592644 0.150513088420342
-0.0587941595513626 0.0855252430459744 -0.126048311091293 0.420109834361703
-0.0179705600459934 0.112303607302473 0.0862317397260138 0.488720151108233
-0.0198461436847719 0.107654945290205 0.14419335147858 0.433270241535605
-0.0396380179253087 0.107038453014406 0.0871631661605198 0.435208399682529
-0.0745392675003255 0.0961512648358183 -0.0639883274318963 0.390911809933015
-0.090183417724447 0.0291371949069324 -0.215926305997744 0.240402191235708
-0.0607737033509952 -0.0115058504496713 -0.201287612432526 0.0118004921038172
-0.0666023450709058 -0.0422637086268492 -0.135612604408348 -0.0279136525605621
-0.00570364005193727 -0.145744753222193 -0.0489846382822715 0.125573542209553
0.0810078282753143 -0.205561533631237 -0.311849905723903 0.37206666954459
0.0945119250013182 0.0326696889774531 0.365137017999514 -0.429099799391558
0.108032803715976 -0.0607356593095104 0.00858441477489068 -0.242966964384145
-0.00816464456319905 -0.103689780209424 0.0722708628949505 -0.00736064723535569
-0.112786750401746 0.000136732166290903 0.164750556889403 0.0140256221448541
-0.0676596896776831 0.078816666885825 0.248431476002506 -0.192751583241879
0.00120403993058442 0.0979506221895135 0.0973856556802663 -0.411460209833465
0.0640741832473034 0.0697911603549803 -0.0757702462595738 -0.473086148303709
0.0897989618437191 0.072316199997422 -0.148323697884174 -0.457505404532041
0.0837053735502247 0.0885548182608207 -0.107510539675218 -0.473791024214596
0.00126760548990205 0.127072328487491 0.0465230284380985 -0.431851305756776
-0.1049016663287 0.104330539516117 0.192209951897955 -0.256178500646677
-0.161106706428474 -0.0178948184024555 0.0979970086434461 -0.0875015443667933
-0.0243542028820407 -0.174313158747077 0.0880730462991395 -0.224701410833315
0.150887744325673 -0.0828240988770041 0.278717154232204 -0.460216382258517
0.140930762896891 0.0555894540288326 0.768481427035903 -0.403138544551404
0.27702090780497 -0.0937467076036039 0.324725975849276 -0.423768352691734
0.170367999183262 -0.24092067538335 0.0211751865004211 -0.225554385907587
-0.0652255301698233 -0.241502013134915 0.0734523260099241 -0.0535482616812296
-0.25985895160775 -0.01773045659519 0.125961174202377 0.0015367978400511
-0.205600058991505 0.169280264576988 0.207998348170375 -0.163809291080736
-0.0618297912069524 0.257564790746479 0.100727645904875 -0.343821364124029
0.0949146227861974 0.2422044799015 -0.0328002276794481 -0.404847388582533
0.144302943582542 0.247415787445795 -0.107309674241805 -0.395431568344679
0.126758578705067 0.275904235929511 -0.0863481168925613 -0.397643382049828
-0.0559868621181164 0.347365385725976 0.0214963484189107 -0.363904721421837
-0.291425300331641 0.2529007174875 0.134734667926055 -0.225115609893483
-0.416469250169194 -0.0153149374184048 0.0333714249733831 -0.106524994829116
-0.1841956751844 -0.420675521441823 0.0397798543013327 -0.257068003292618
0.245634299548878 -0.41114962464106 0.240824458691953 -0.43966328762624
0.394506156586185 -0.171422472777613 0.664523457176118 -0.367696419372103
0.439520373822968 -0.212404650590116 0.214048156984873 -0.379678168415867
0.221428430266647 -0.424942247279932 0.00988173679730915 -0.164480609427998
-0.131233319492552 -0.382706644480712 0.0810010462041694 -0.0792781504093043
-0.404884921075247 -0.0386769265704157 0.0930957185529077 -0.0233706075609601
-0.336001979976393 0.249620744743478 0.140144437430839 -0.13500834255634
-0.124732591829621 0.395823589958761 0.0758243319198957 -0.235740050758328
0.108806125999422 0.386160855935398 0.0124294117215177 -0.277696927339945
0.177693515743812 0.387583018511695 -0.0505781767442911 -0.272238151676788
0.15338068988944 0.416844104185358 -0.0470552969868625 -0.260993947137238
-0.0952620145629094 0.514282188648545 -0.00084664681292397 -0.233463506060595
-0.424722869278635 0.380667712145884 0.058244855221855 -0.146147251483468
-0.616346142081232 0.0204716887596595 -0.0480103381217794 -0.0991509440259095
-0.348205969576323 -0.585532438040436 -0.0303799741216658 -0.256481221780541
0.273842146135066 -0.677173810142732 0.172417716899456 -0.366321789620198
0.570067992876123 -0.377138911215796 0.488821296534798 -0.266577316100634
0.556194596696069 -0.313024496994263 0.0330878336168657 -0.286963124985691
0.248106003904887 -0.595170130621146 -0.0322801715606358 -0.0494552087485744
-0.210878171581205 -0.509494804649507 0.0825750738710235 -0.0734684637144824
-0.535644499390207 -0.0498037658197358 0.052638056386743 -0.0454762510976482
-0.434058147087489 0.313815176189389 0.0436063536042068 -0.0920330586136121
-0.172060828457968 0.490373167154269 0.0303017141947152 -0.0891764104716382
0.110912923521708 0.479688377593201 0.0534264628050387 -0.103188669533673
0.185197095520344 0.464136309344113 0.0143152545450434 -0.109574386495491
0.157375825615039 0.489235992037953 0.00344416580744681 -0.0874162508273067
-0.115869120525647 0.59738733389771 -0.0139369395162137 -0.0621662754221446
-0.483589711555774 0.451865354262295 -0.0209706617661073 -0.0291133729344502
-0.707338253760889 0.0647283470745543 -0.129742160087345 -0.063859497928849
-0.45893759242377 -0.635910699729254 -0.102898414829179 -0.215881840568204
0.24602773625932 -0.819026805864594 0.0945834051503342 -0.242104706813032
0.635720346435369 -0.515081599753131 0.271754428010563 -0.110313878383083
0.591619710382546 -0.378793042935095 -0.200533322658567 -0.146257071991468
0.235529102771289 -0.696280506854907 -0.100056268079112 0.113663151633427
-0.275249483404724 -0.573110251357591 0.0685021436747295 -0.0343448942873634
-0.597576236820875 -0.0516263993154208 -0.00400149797225506 -0.0529829628284982
-0.46758423023773 0.337671178800804 -0.0714637523461432 -0.0220047481427129
-0.190351146122775 0.515031162345681 -0.0244020007052436 0.0860331763976928
0.0992921284961935 0.502479761879086 0.0867780264124147 0.0950972887335812
0.168383257074191 0.471284506221101 0.0768109766358119 0.0707807252147802
0.133454277502734 0.482854324789228 0.0560389100347309 0.0963969163116003
-0.126447197725665 0.581140952153243 -0.0166672797985024 0.117199527719316
-0.464164317448706 0.436640362958238 -0.0889347939431384 0.0989407447389448
-0.66293812714813 0.0818005673515552 -0.192667967152572 -0.0141938300308604
-0.46117461020241 -0.570522377880139 -0.154391194699494 -0.150685552942381
0.191235201092842 -0.796291241787052 0.0305612760472075 -0.0983816551731662
0.592856540669932 -0.553882638440147 0.0571012691044127 0.0686401431704168
0.526734521297976 -0.385441416990897 -0.444004932062321 0.0226240813582516
0.181756662281304 -0.666336427972854 -0.177599122764786 0.291054165865342
-0.282763740105571 -0.517987993449498 0.0371798887723535 0.0283191135043122
-0.535505159597204 -0.0400187868903553 -0.0658693723554984 -0.0426314437480222
-0.409907209601328 0.292833144110186 -0.178167053956449 0.0609359178906467
-0.170188152789926 0.446220845133163 -0.0728129897409456 0.257634178193269
0.0744603267099278 0.440635270124903 0.110761433695772 0.28251736113114
0.124603761511659 0.406383963901932 0.12778816632678 0.238906895981064
0.0838658892858394 0.405954110830149 0.096323758850896 0.260405053063554
-0.126314233534557 0.468080938771352 -0.0177487092065884 0.268507546024686
-0.3768797479131 0.329868476026991 -0.142922086407204 0.199758289160127
-0.498078126119375 0.053883646925286 -0.22596937388349 0.0210696781325953
-0.354020155173297 -0.421257110220005 -0.176597234521086 -0.0873686297319025
0.134098208613273 -0.629865823454878 -0.0113592512484565 0.0228204584065309
0.463188541618784 -0.495644634579112 -0.120003068219273 0.227880458047739
0.364835879930282 -0.323209231248837 -0.647375700168253 0.194449546744548
0.0933188900397693 -0.501649690588711 -0.245488158993074 0.440994689928278
-0.225125061883977 -0.346836596029022 -0.000509426354904422 0.103572449158991
-0.3542097326039 -0.0196500805261966 -0.104410218462474 -0.0166092058781131
-0.270645323538804 0.189192066228185 -0.244958159778588 0.131485258590727
-0.122395333369406 0.295042628249922 -0.101581643452752 0.385084093469422
0.0360950882248422 0.304184230421136 0.120857638528738 0.42609644357154
0.0588219331290029 0.279981321538823 0.162596836113096 0.369015384554384
0.0226232609530813 0.27636556644671 0.117200401713763 0.381417085371226
-0.109808685338494 0.296432561169281 -0.0276314162551532 0.367420590690279
-0.245558433367881 0.17927808667756 -0.183295201355882 0.252511011636703
-0.276527295620782 0.0131687023655718 -0.228028602229207 0.0300617432669464
-0.20033604839876 -0.23013742565295 -0.168484510241244 -0.0443719847236563
0.0673083307615733 -0.393329138690856 -0.0336161510414661 0.0985826998651066
0.278966436999848 -0.369077801519889 -0.240612206743033 0.338869509178248
0.136561660615164 -0.197768783591192 -0.769736395109862 0.332471779585204
-0.0092710206564354 -0.234546235845732 -0.284955917526556 0.535985984071413
-0.123355061323381 -0.105020410467056 -0.0236293619114666 0.183155490921679
-0.10620038694125 0.00558352600084711 -0.100648007527225 0.0162421973652163
-0.0865065214173218 0.0497945201651524 -0.2538590433645 0.1694520250022
-0.0578141283564121 0.092301487092723 -0.108201285355798 0.441481281847455
-0.0133894303171659 0.117187162650184 0.115863610371022 0.499209104719461
-0.0160905684510874 0.112793641392621 0.170628026962423 0.442580554161262
-0.0363203834526701 0.113299093293057 0.11305577308658 0.447098742141041
-0.0722243423085454 0.103669953290359 -0.0452869828077846 0.411518283866883
-0.0922773288367316 0.0331894706249927 -0.211131267951919 0.261569885951488
-0.061565056588187 -0.0105663770518159 -0.209076061751245 0.0232720986052673
-0.0692015082604687 -0.0380269935454282 -0.143355736147852 -0.0177432312348994
-0.0147567535424533 -0.151890149618636 -0.0451289805822651 0.132024572053014
0.0727424745247812 -0.216928881361639 -0.303647581828317 0.394998175197068
0.10000436789465 0.0288301514529286 0.341105425168595 -0.459568111109056
0.108195750187527 -0.0700886342677735 -0.00893933338721008 -0.24444357741709
-0.0140538577952058 -0.108035008813402 0.0736439224141743 -0.0161757349462559
-0.114214708179861 0.00679395841125557 0.16822743517654 0.00106082355037888
-0.0631432498385625 0.0846015954495395 0.23759515395499 -0.216506460221633
0.0105835682498157 0.10005736241829 0.0689966872090329 -0.426491488723456
0.0721000630290531 0.0663555964139674 -0.111845100445902 -0.473715718938756
0.0981615792009347 0.0657560603942778 -0.183726280906034 -0.454642983676817
0.0932925149767986 0.0825369985927062 -0.144453693957182 -0.475045049648916
0.0111596815263598 0.130526405985057 0.0140061737193658 -0.442886345447944
-0.0985257230581757 0.116368465093416 0.176498849742027 -0.27546268714082
-0.165659646152289 -0.00605474196801129 0.0932228263782035 -0.0945912752535069
-0.0370571508253246 -0.177105899512493 0.074932457066823 -0.23987087252946
0.149947805473168 -0.0943194329256239 0.249217401941821 -0.487216491620615
0.149622917685455 0.0491562711505651 0.756644342525586 -0.45671265050814
0.279663156692203 -0.112465886817946 0.301266987841975 -0.452725991471898
0.158005448439388 -0.257414183533529 0.0059580922084628 -0.226059418030264
-0.0801982622294655 -0.244470871781279 0.0700052017012248 -0.0638370638458894
-0.264069701297098 -0.000898443437997619 0.128775502108297 -0.00916563662148747
-0.1966790529259 0.187247827800264 0.197422980719249 -0.183109014208081
-0.0420146512847784 0.267722813618907 0.0761660081587275 -0.35635291694057
0.116162525557166 0.238889364740049 -0.0640117930514894 -0.409944338455057
0.166037625496194 0.24027059774319 -0.138766211864297 -0.393567867287658
0.150331922277664 0.269275889927024 -0.117106816099967 -0.398735849106891
-0.0311569108308853 0.359312732639938 -0.00560023110570415 -0.369304655412699
-0.27788972174829 0.282029587000208 0.118891228918679 -0.239490184640213
-0.425765284589805 0.0139472080675565 0.0246296373140675 -0.108999362773737
-0.216871887376168 -0.418803681703777 0.0224235139081176 -0.268799175800998
0.223885712827728 -0.436354629901541 0.213302056273647 -0.463196111447945
0.396925664368038 -0.197280345034735 0.653734450365746 -0.418762337811625
0.439323794554151 -0.245077745519942 0.192017029462734 -0.397714380014564
0.197494247309024 -0.447343304173684 0.000696028635982797 -0.162447316797085
-0.155349929522479 -0.383522961646159 0.0750026289540279 -0.0905661866254227
-0.414122243616644 -0.0134620978090184 0.0938663553425475 -0.0320973403148558
-0.324020117167588 0.279488623721954 0.129425878078661 -0.148233369323703
-0.0966373293450532 0.413120408771254 0.060737229145666 -0.245629237193901
0.14027014138914 0.384386642357416 -0.00726008767441632 -0.286235874818752
0.209946635961346 0.379594305529024 -0.0706996719661892 -0.273137861415514
0.189670644951046 0.410626015987835 -0.0689354584723767 -0.262176267547825
-0.0584544357062509 0.533993505532288 -0.0193655206455433 -0.233454063646266
-0.405236256121455 0.421273288007229 0.0458885318853506 -0.153906054782464
-0.623988565354975 0.0640815921769448 -0.0595300346479561 -0.0956149837875808
-0.394497291443653 -0.576292061884775 -0.0498508276403112 -0.260644975484612
0.233648294382487 -0.712403314601932 0.14955477049633 -0.383956443148555
0.563066893079906 -0.415511783430106 0.477001009977259 -0.305855798690454
0.552321860416491 -0.356560079416508 0.0134737278105062 -0.291304246699485
0.210578423686114 -0.624172735274381 -0.0330600041994967 -0.0419297010264414
-0.247207363032575 -0.508400053127904 0.0769236122609314 -0.0840184822927193
-0.548353485999483 -0.0159914128178444 0.0518730420857848 -0.0516290000873726
-0.42001186023521 0.353298083609308 0.033487222398293 -0.096408577496962
-0.138050484173511 0.514038570407378 0.0251490043215258 -0.0923928408379052
0.148379651321554 0.479733520302522 0.0475739191518174 -0.113420284575113
0.224754259623417 0.458056570541876 0.00660463484097609 -0.111494127004736
0.196776998259758 0.483889778817142 -0.00395806046775184 -0.0883187323360331
-0.0743580143858659 0.619150395422353 -0.0190515822367188 -0.0566780861537208
-0.460382856326941 0.498700447141816 -0.0263704804307257 -0.0286258349178057
-0.714455074779913 0.115403426248871 -0.140846615383003 -0.0527185556185801
-0.512769711387 -0.618084845156091 -0.120743880681178 -0.211136987405607
0.194768464201939 -0.853958898604074 0.0785107976373445 -0.251227520229776
0.621540123417188 -0.561267532443637 0.268414825516148 -0.131832504321803
0.582749357403607 -0.4281618406528 -0.214880862120702 -0.132914244897639
0.191760026904342 -0.725398414536747 -0.089859271673676 0.128820043128829
-0.31655822309822 -0.565957985884327 0.065500133198777 -0.0423233266432937
-0.610077886562628 -0.0107871442576714 -0.00643512360360596 -0.0550815963308179
-0.452247673609181 0.378346079381498 -0.0790321561823649 -0.0166787216770651
-0.154379415415147 0.540685088900527 -0.0183226927131898 0.0899458174072746
0.137666465627241 0.50289005879414 0.0963280203192812 0.0839883336763853
0.205421807157453 0.465472738606472 0.0836490439267626 0.0682894910415261
0.171182035458097 0.479374811986665 0.0625745765746653 0.0952894260867278
-0.0851326353917977 0.603039679480285 -0.0077481312668615 0.126267372617316
-0.439815661835239 0.480227606717683 -0.0860912547999413 0.107147815866549
-0.667328104084672 0.127633224897647 -0.201601877579144 0.00200842875741279
-0.508258884878469 -0.551297325811844 -0.169615315778108 -0.139341478258639
0.140303420822709 -0.825986139902195 0.0226936255873095 -0.100969920698334
0.573928786445663 -0.596367566212764 0.0612559051000468 0.0612201859683553
0.516798428165157 -0.430287758667012 -0.450667428339805 0.0563309383258317
0.139347226538447 -0.693886050067396 -0.156134509424302 0.31314631026715
-0.32227134253786 -0.512172336420926 0.0383391810412931 0.024898979369622
-0.549791631327499 -0.00355899937817382 -0.0688018859541565 -0.0390208113344668
-0.398929496821763 0.33083669889324 -0.182756851441265 0.0766065098468755
-0.140977125040687 0.470367511376981 -0.0554268057888515 0.26737864984781
0.107599493079152 0.441632487048305 0.134154700454864 0.273609484368373
0.155801352755893 0.404341957092913 0.148204943787562 0.236196101960578
0.115579177262836 0.406335533771473 0.116491650012475 0.259533839873315
-0.093905184957512 0.488599848259175 0.00284513066077556 0.278876762147396
-0.360335805304993 0.365984460460788 -0.133062425507415 0.214259575585844
-0.501269475400769 0.0900128408078726 -0.231759751052599 0.0399728624220926
-0.388247695881517 -0.404417636433376 -0.18690702254014 -0.0720784522063042
0.0929967559161882 -0.653736172337675 -0.0111236449734729 0.0256540328798464
0.443288927070078 -0.529559514856242 -0.108282603942212 0.233770034476354
0.354969539411045 -0.354901462361277 -0.647532560206385 0.239625369880607
0.0579855181153379 -0.517533188417336 -0.217189939326017 0.467258990305748
-0.25226486208351 -0.338748686185024 0.00613378104678279 0.10649502440616
-0.363116079131985 0.00633199646369328 -0.106990332923627 -0.00961530680942493
-0.263167958526229 0.213298443635743 -0.244638453660715 0.153831033210757
-0.10343516689245 0.311893984226923 -0.0761125113864616 0.399134491046531
0.058341239134446 0.306442691250858 0.155661667889471 0.419534922788725
0.0795444423677146 0.280585084077828 0.191711298702429 0.364963369183213
0.0417233481882071 0.279211544172722 0.146825405526675 0.381748084089656
-0.0901612009928955 0.31098129921217 0.000542231060501887 0.379202285133474
-0.237027333069337 0.199992556115116 -0.169953878072893 0.270777779529667
-0.27906641080756 0.0311390789502596 -0.23307170671118 0.0495588863309238
-0.218099827295446 -0.21988740678636 -0.175649127731602 -0.0275962016522051
0.0389167732549487 -0.405132348446968 -0.0269687873508855 0.103145520945768
0.260429097619268 -0.391688421889208 -0.222613481538715 0.355561425951933
0.127320292786085 -0.212271060379341 -0.765444229374079 0.388706400926479
-0.0276396875169596 -0.238860149885962 -0.250704318041742 0.566422323177642
-0.133186846574227 -0.0977241832142198 -0.0114712985590525 0.19048756903339
-0.108164158376844 0.0144254079617686 -0.102123187917132 0.0239319236847146
-0.0849926934638825 0.0578067753749497 -0.250155597385598 0.192323518363775
-0.0533842326472138 0.0995935790805087 -0.0799487533008409 0.456804744814957
-0.0065076198196404 0.120131744934869 0.153932300296573 0.495393957830548
-0.00926990130509491 0.116337122457721 0.205980032863612 0.438545645910903
-0.0301986682419964 0.118871177372357 0.148820528740963 0.447123479134945
-0.0660537193556519 0.110740680265591 -0.0142036194948632 0.422875342790424
-0.0921871681703005 0.0388500209960456 -0.195671652956134 0.282507394845148
-0.0625237324944789 -0.00797504025520905 -0.211593444566954 0.0392363714902005
-0.0711844551034731 -0.032730062458806 -0.147721116570979 -0.00194259447399462
-0.0279512698936252 -0.15364000807978 -0.0356194390308326 0.136859400665025
0.0568946681282208 -0.224956488450212 -0.281020649420807 0.416645267965258
0.103181758274413 0.0226098920567291 0.306248934258165 -0.477492822696888
0.104185874331315 -0.0790944772352737 -0.0257977018170193 -0.237943528913019
-0.0200137689961392 -0.109811611404017 0.0708730322984625 -0.0252522167022531
-0.113320692930609 0.0129330236602298 0.166026241021624 -0.0128240014578966
-0.0571204843507953 0.0880601010308311 0.2183430906012 -0.233709404201316
0.0195913281259962 0.0981289097065204 0.0358681357662906 -0.427786019937752
0.0773589142732346 0.059802182151162 -0.146322006034885 -0.461330976856671
0.103600947845304 0.0561003992962647 -0.215058462181267 -0.439475891300025
0.0998725079486923 0.0734803970209955 -0.179130546319422 -0.461214352260155
0.0218262803999745 0.129196750755856 -0.0196827177774652 -0.439519996143988
-0.0878877554174832 0.125009174760851 0.154562612713583 -0.285710770222907
-0.164264218452536 0.00641628274108148 0.0862494524555499 -0.0996580463071324
-0.0496551931821384 -0.173738410764526 0.0567968377465147 -0.248081804359027
0.144652019473871 -0.104444247327481 0.213439436352274 -0.500240816378689
0.155075027100591 0.0402485618492584 0.722414881143136 -0.499895641474403
0.273339860116125 -0.130236598825377 0.269096820351399 -0.464422834538707
0.14037530036809 -0.267501140245702 -0.00831698614669457 -0.219853294689756
-0.0945395764131767 -0.241514576129818 0.0628545519052726 -0.0727901620335589
-0.261836961528708 0.0154047782044268 0.12655521586565 -0.0198548479008791
-0.182145739632164 0.200713928430789 0.180394536515649 -0.196817816785818
-0.0201843365524351 0.269514389886982 0.0491400367443294 -0.359378714116343
0.133243996237521 0.227073514527397 -0.0942500221008832 -0.402862954027734
0.184091151675867 0.225327487877987 -0.165683917796158 -0.379535698373897
0.170432076637854 0.254466389397971 -0.146917776048957 -0.387129057941274
-0.00344821668789921 0.36034886655487 -0.0339776310760136 -0.363366608972049
-0.25485095115152 0.302627204210737 0.0979252512493751 -0.246736599674645
-0.41958805143918 0.0436560211234299 0.0149624208308402 -0.107920942424763
-0.24445684925332 -0.401719195120105 0.00230819267058694 -0.272452246861252
0.194689923468415 -0.450989713419475 0.177928539975539 -0.473188997115356
0.386029397552564 -0.220170006488327 0.621123805065924 -0.455049702071975
0.424339347303752 -0.274412252595512 0.163913037343576 -0.404761889242441
0.165845309398635 -0.458051907162763 -0.00750467263389548 -0.155830829024185
-0.17980088748697 -0.373560538386067 0.0657455992710091 -0.0996843394935983
-0.410981720568301 0.0148459597358315 0.0915231047468292 -0.0407328115158583
-0.301892904460159 0.301024739383304 0.114110205296275 -0.157216445108805
-0.0634634249072654 0.418636838783361 0.0416797975443679 -0.248436701461155
0.167757094927344 0.368900063800258 -0.0291283504253655 -0.285822367248161
0.237266341617913 0.358972702054238 -0.0897248554132281 -0.264951062973697
0.218920191172705 0.391516868113383 -0.0879434119751109 -0.25448833407973
-0.0176629119985215 0.535413380608733 -0.0361118606294469 -0.225620496951169
-0.371471802295684 0.450709553037306 0.0309803357608962 -0.156088338210131
-0.614626345762453 0.106377996452687 -0.0677818595963632 -0.0873067049409669
-0.431088292892044 -0.548686382123734 -0.0690083135706216 -0.256465471890605
0.184807354378413 -0.725236260276929 0.119699549099638 -0.387141529159078
0.539146490074156 -0.448405576687769 0.453490762422544 -0.333724074172872
0.527542771397455 -0.393203170462737 -0.00521992731794221 -0.286425233642889
0.166866362047409 -0.634286422627809 -0.0308279242759743 -0.0340762524136732
-0.277327415168446 -0.490789822436654 0.0678724050795131 -0.0922983071118666
-0.543070573602961 0.0207632835128011 0.0497831629972041 -0.0573573142510169
-0.392133991994231 0.382296426624376 0.0216646458393861 -0.097461672497781
-0.0984828613014636 0.523509839463312 0.0183620299670887 -0.0934123791440123
0.182716816444921 0.463326338172279 0.0374821564879494 -0.121031509792168
0.257271124489652 0.436741447320061 -0.000253907373341909 -0.109210053582041
0.230094432581217 0.462738990535499 -0.0115472273985281 -0.0857712178450578
-0.0270113038761218 0.623470941425286 -0.0225276044899363 -0.0500050509898292
-0.420910920904612 0.531848767538379 -0.0318603215017924 -0.0262191059903083
-0.699880213452476 0.16365462011804 -0.14681497550127 -0.0378660070931616
-0.549831770616375 -0.581615735687401 -0.136750280712166 -0.200258967478352
0.134872774985411 -0.864086629578781 0.0601324586903336 -0.252554546323192
0.589007155819141 -0.595293661702992 0.255024470463763 -0.150704970339149
0.555224247206182 -0.46793064973114 -0.221915480106825 -0.114717381937509
0.140470558406521 -0.735204939984394 -0.0752542478071184 0.138019265549418
-0.351950854006554 -0.545888265634846 0.0595333973353625 -0.0488697590787883
-0.606146650219305 0.0317820742775487 -0.00805829291985445 -0.0555659110943142
-0.423003107590755 0.410262673933558 -0.0847918263280398 -0.00963337518835775
-0.112402853819738 0.551735651894694 -0.0106487902057068 0.0903059994614309
0.171174975256645 0.486746007222138 0.100860457437271 0.0701237276800967
0.239174649606825 0.447023614145646 0.0891310923680657 0.0625092223926024
0.203384342406744 0.460526542954245 0.0682648853135764 0.0916409532375148
-0.0407183046242798 0.606610697386936 0.00361614773335128 0.130995622204272
-0.402813850017656 0.510583373112381 -0.0814558545519069 0.113923236504032
-0.652100542137407 0.173470566288806 -0.20416996162357 0.0206615847236634
-0.541384140207205 -0.513565960277404 -0.180085439568138 -0.122371390866162
0.0832046569009129 -0.833033669013828 0.0149515176814131 -0.0997641759603687
0.53784327141373 -0.626570342801029 0.0628323466937327 0.0528661571728247
0.487885400922234 -0.464991407892555 -0.444985490289689 0.0875323565945458
0.0876458565067549 -0.699777535348055 -0.128271371724079 0.323931155681917
-0.352531715395885 -0.48830454296815 0.0381770539813522 0.0212396728843383
-0.545325827060202 0.0362913571582783 -0.0691462130583564 -0.0345548006504085
-0.371355481179867 0.358607024042659 -0.180312702235845 0.0914004584497051
-0.10570859488245 0.480116416788758 -0.0352155057480373 0.269323752428945
0.13816859214819 0.428882509278002 0.152434963986594 0.254510072042803
0.183551154389734 0.389262908830773 0.165033357559243 0.224014306582918
0.141405084697184 0.392133700785355 0.134817080278179 0.250396070855051
-0.0567529601915293 0.492739431881113 0.0252537473280998 0.280611464479003
-0.331276406082757 0.388558909994647 -0.118467745865164 0.223228978929859
-0.48882551391752 0.121376793075254 -0.231245872610963 0.0600103417918781
-0.410979479645498 -0.375574743702884 -0.191220104493691 -0.0530744365799867
0.044525537733116 -0.654967597645708 -0.00940048252698123 0.027040845654039
0.409721085550052 -0.552236641877768 -0.09407225607407 0.234307569526722
0.329533812444397 -0.379378894253812 -0.628734949001498 0.283211057982493
0.0208556825105647 -0.518808644765791 -0.179034229264556 0.478854164469795
-0.272734672911933 -0.318185614150795 0.0125862328410087 0.106177761492025
-0.359891017426771 0.0322717766654328 -0.105899414767429 -0.00123205719362516
-0.246033774945685 0.232433466774021 -0.235481893539302 0.172351671414141
-0.0801361524598086 0.319858217203853 -0.0480341542276512 0.402574416267694
0.0791335565879364 0.298512781039433 0.18362947241878 0.399185408485195
0.0988932336291347 0.271931514212175 0.217959368714397 0.349156926448911
0.0597135237327206 0.272824434480302 0.174842597866187 0.369350757441756
-0.0670561470723069 0.316480589965451 0.0321319141168746 0.379094669739514
-0.221806913306368 0.215219816904704 -0.148934342560509 0.282654798918594
-0.272790143725895 0.0479422408897527 -0.230405689558247 0.0680944350846845
-0.229424189995442 -0.202346548678624 -0.17584038101192 -0.00881842041071837
0.00913253314223415 -0.404976408218559 -0.0195738874745381 0.103642562781329
0.233024501622037 -0.404793591046205 -0.198296992661479 0.361500747990453
0.11164363604345 -0.220636918353116 -0.736564273724895 0.434800689584601
-0.0459617349222125 -0.235416112569111 -0.209170374846109 0.578110145135364
-0.138084028299052 -0.0864893128913236 0.0028786956660858 0.192260524672275
-0.105608803996713 0.0228036684460976 -0.0994886159471412 0.0318460490353999
-0.080163020004269 0.0645166044392522 -0.237717861117871 0.211286357365605
-0.0462170244792941 0.103878336140106 -0.0465017859715087 0.459520710915916
0.000851435701334561 0.119340092369019 0.190384457466636 0.475489976705805
-0.00183461919112329 0.116040794005933 0.236249072415855 0.421015336910898
-0.0221549014620144 0.120562658048473 0.181204369100192 0.434862526490085
-0.0570852135517396 0.114973459662286 0.0196328062096395 0.420913308609542
-0.0898940715915435 0.0437319327859148 -0.171851875951494 0.295865791690756
-0.0613854266093026 -0.00538328813576351 -0.20846237925892 0.0547982017927073
-0.0708864509521511 -0.0260447452007717 -0.145222451311423 0.0141661985023319
-0.0413213505779878 -0.150889313378122 -0.0246874956885751 0.137362060352641
0.039652356103151 -0.226775932660158 -0.251062486828983 0.427166449912944
0.104056818202439 0.0177101724810156 0.274166813219102 -0.478187938846043
0.0990720816612858 -0.0844220376104833 -0.0363892571859769 -0.225387557254269
-0.0252621387037007 -0.109243498777808 0.0662111346490894 -0.0315503688227814
-0.110353558555487 0.0175678417603043 0.159989373769316 -0.0228583780096829
-0.0515165756201047 0.0890572051148851 0.197673469718424 -0.241002291321945
0.0259716430693431 0.0948190209937888 0.010256194101636 -0.418871872858665
0.080613318613173 0.0533267236044192 -0.167760111915903 -0.439447160194531
0.105148579385691 0.047384149298669 -0.234096035032135 -0.415398250178217
0.102318606048176 0.0644786253053062 -0.200176838835757 -0.439438213183597
0.0292616785118596 0.125445052872028 -0.0433828925092342 -0.427316227589626
-0.0774375816805572 0.128433994676028 0.133744042486728 -0.287928667556584
-0.160042578956187 0.0156633560637346 0.0797949646948905 -0.100610852455165
-0.0571354030580248 -0.167848582007161 0.0390233466597125 -0.249725052053112
0.137706856120122 -0.109316229209069 0.181325541399961 -0.495357446295853
0.156050720899376 0.0325318110919489 0.68263854627491 -0.520791782399569
0.262359697241508 -0.142103272543396 0.239085000749219 -0.463790087343463
0.125115650748493 -0.269391985297126 -0.0162994169704173 -0.208402874342461
-0.103649395907104 -0.233937343449294 0.0548681411815893 -0.0774173222034814
-0.254156273846623 0.0277247435650674 0.121896958866898 -0.0279892347973549
-0.167492826580282 0.205323079951197 0.161944774372208 -0.202782969255442
-0.00309158039287228 0.264113552695063 0.0269873778919009 -0.353773619098201
0.143606316829092 0.213474629323772 -0.115159838748647 -0.387911056985289
0.192802783525625 0.20740142256222 -0.181827303967779 -0.36097323915086
0.180604251361884 0.235792302087061 -0.164869301547172 -0.368841822874482
0.0180454704358438 0.353073581598578 -0.0522734285350024 -0.349927499227438
-0.231404771193524 0.311510973851578 0.0795048136925886 -0.24577315378374
-0.407757849973006 0.0644345265304483 0.00846752527976141 -0.103851740544011
-0.259075570501018 -0.382590288874677 -0.0143526363157794 -0.268952937295361
0.168638861875502 -0.449741352466446 0.148040627232191 -0.468588059283078
0.372272122055652 -0.232037853627332 0.585163535841964 -0.472143667431782
0.403399294955772 -0.291123809830822 0.140544073251752 -0.399213184885677
0.139127013967936 -0.455558958674105 -0.0109278048289301 -0.146121537510005
-0.191373463613317 -0.359793621343293 0.0555203150141455 -0.103200973256125
-0.398091712162342 0.0338520144381196 0.0876660141918323 -0.0475338915680945
-0.276744645085381 0.309765323886744 0.0989849703094571 -0.159541652289928
-0.0369589532246025 0.413456813274519 0.0265240340718584 -0.244957923275088
0.183755424152302 0.349417365200724 -0.0462939009159449 -0.279686065397535
0.252579013938982 0.335843409398296 -0.100723047470268 -0.25233749466124
0.232643949211574 0.36574159790243 -0.100230540800049 -0.241292043777944
0.0130107345855347 0.524894844826162 -0.0469452190695852 -0.214197749427877
-0.337276433004008 0.463368372371929 0.0179972300286983 -0.153661432449722
-0.592731160862404 0.135400366185671 -0.0734434133225315 -0.0775835786623957
-0.4496098043199 -0.51467695703909 -0.082352074352294 -0.247899706700497
0.144823581145485 -0.717747994264431 0.0966277303187325 -0.382579308738267
0.512461385241724 -0.463173071772965 0.4268035705137 -0.346749266800063
0.498835172574682 -0.412890964181965 -0.0181149705593314 -0.276318565724323
0.130431606144663 -0.627663283783069 -0.0268093813946848 -0.027341799525485
-0.29436795265411 -0.469355860680342 0.0583461000144248 -0.0958226627719289
-0.527971652205853 0.0486984853472587 0.046439347318393 -0.0613136393159321
-0.360880048752358 0.392764749296102 0.0109702040858768 -0.0959611066113532
-0.0653383020997724 0.51611379504097 0.0120588690650991 -0.0926524650070014
0.203177318232651 0.440205296587479 0.0270539662481056 -0.124089058463047
0.274092219877688 0.410758337960304 -0.00475258936428557 -0.105945223140555
0.248631766133505 0.436185969882818 -0.0160148354456099 -0.0802697576841769
0.00919656457773712 0.610518112078114 -0.0220083438268497 -0.0428816793067048
-0.38080747071771 0.543912246353277 -0.0364774589083763 -0.0227212325350445
-0.673430989944854 0.194929619988926 -0.148746765999288 -0.0243841895811507
-0.566857523628995 -0.542740131954543 -0.144829819060021 -0.186369807836269
0.0900054214698143 -0.853651049833302 0.044288445790426 -0.247143368432494
0.55481711593832 -0.608326651964434 0.239635575143353 -0.161449596742895
0.521775828602125 -0.485225873404935 -0.220458161473507 -0.098773667349186
0.0971472087854603 -0.724264179180461 -0.0605673031291269 0.140683674608599
-0.370285899434556 -0.51729545120349 0.0530867838458316 -0.0517174788891761
-0.588021952115728 0.0624229887126331 -0.00858493295966334 -0.056841227407631
-0.390138684587514 0.424642288486094 -0.0883410577410575 -0.00356193642733997
-0.0770507461090719 0.546326455499999 -0.00606386024808552 0.088596159226795
0.194941057134071 0.463580584552505 0.0986052060455098 0.0576782299954261
0.25754055920602 0.420487771310147 0.0917932170919672 0.0570243681111676
0.220758294797897 0.434908917876176 0.0722636536319115 0.0885892483043965
-0.00498179743017315 0.595065171607131 0.0137883480909715 0.131990665094664
-0.366082573141966 0.521216774516381 -0.0764472429909487 0.116798191474059
-0.625104593437305 0.201568271710364 -0.201963651995151 0.0363113182820395
-0.553326461948343 -0.476380500640643 -0.181997997333527 -0.105723828690138
0.0355541476056599 -0.817651827887697 0.00917292987975163 -0.0960136597614633
0.501866233883015 -0.636644194422695 0.061136420006703 0.0460994135091304
0.454105759435144 -0.480858596485415 -0.429169510308155 0.107795574789742
0.0481600074603433 -0.687157803201585 -0.103732215881607 0.323058147308577
-0.368497722810844 -0.460377581809043 0.0365435152385931 0.0191478967595896
-0.529531696893618 0.0637693201987471 -0.0672333394808802 -0.0315850607550341
-0.343321533291192 0.371462763274918 -0.175972868270933 0.100683254271427
-0.0748386361427319 0.475607365921893 -0.0193759749879846 0.26509927945019
0.15655260051937 0.408894601186237 0.159610937007167 0.2346079078319
0.199975791825073 0.368338959277341 0.174191330175513 0.210297304072478
0.15661473485907 0.374295813767323 0.1464510806724 0.239589998434977
-0.0281687198408399 0.485457130209963 0.0439444807515604 0.275170083933998
-0.303245584540911 0.398809533561311 -0.105742219141885 0.225421032413258
-0.468775373503286 0.142204217215608 -0.225347559042191 0.0757011020575838
-0.419149089949556 -0.346478971840271 -0.188181856156335 -0.0356794708105406
0.00947025879947996 -0.643274420662519 -0.00778365202424633 0.0273666670017173
0.379340826550127 -0.556583100544365 -0.0830866029207088 0.228998514200062
0.30282615205133 -0.389188301017221 -0.600583205145842 0.30589637169035
-0.00851460585950263 -0.507079586076251 -0.145809801339545 0.475905430845954
-0.282058156777039 -0.29853184605322 0.017547087457701 0.104413066261132
-0.348486895224389 0.0518466426509861 -0.101588270741749 0.00371115462105319
-0.22741098911351 0.241040108118574 -0.224221118471722 0.183308252756381
-0.0600483573165542 0.318564840016414 -0.0231880052436283 0.395187173417102
0.0913745175236818 0.286241233599007 0.19858894321745 0.373766608305912
0.110028307502834 0.25944665168147 0.232347183051218 0.328893279066562
0.0718093779372359 0.262931881287173 0.1925062308564 0.35334708432783
-0.0477886866258214 0.313526819577566 0.0549895319746651 0.369681413027859
-0.205492191033223 0.222756210819695 -0.130727749513816 0.284677903544656
-0.261999961703722 0.059107072678842 -0.223595562516366 0.0821361032577636
-0.232772273152022 -0.185517585180714 -0.170070382216929 0.00658267915541412
-0.0132579387984577 -0.395011823899369 -0.0131760676225764 0.101400039100971
0.209908574737761 -0.403683496782815 -0.177457338965162 0.357549925536631
0.0976106606296044 -0.221648987594091 -0.699098735892299 0.459881488767871
-0.0593762243424373 -0.226539475266966 -0.171812718278404 0.571902722549436
-0.138263831652612 -0.0759726112952969 0.0137312986347712 0.189425398259738
-0.100370882843746 0.0286335327119915 -0.0942717977491305 0.0372255905650481
-0.074608504161033 0.0678823316813378 -0.222566887144449 0.221262446381431
-0.0397093129152255 0.105433008970316 -0.019034595967252 0.451552297587504
0.00566370161537865 0.116626945334312 0.20919087883718 0.450269817091848
0.0036560492606582 0.113674999949069 0.25300895278447 0.398322594358178
-0.0159156285763703 0.119695894780268 0.201273080585105 0.414509418572184
-0.049393717547807 0.115571051714826 0.0445375423528878 0.410622014110029
-0.0861471489549695 0.0466143536299744 -0.15070875505808 0.298929225416091
-0.0596857561770692 -0.00304814576155148 -0.201900036374921 0.0660578744751537
-0.0688559586274635 -0.0206054697605708 -0.138570220001891 0.0270026803824632
-0.050502507129786 -0.144472564644595 -0.0162780529510344 0.132960436567091
0.0254743487617016 -0.221887555406944 -0.223645694080613 0.424961860733065
0.0886755529617649 0.0619844285921777 0.434255451052143 -0.329985476475985
0.124520033387497 -0.0339122017521543 0.0528382998041622 -0.218884662571757
0.0233561367215863 -0.111508451825151 0.0646849701514549 -0.00506757167293379
-0.10604582478192 -0.031629057586786 0.153557506975274 0.0477979228550663
-0.0853772364164633 0.0595142349513457 0.276491724558679 -0.137123285535588
-0.0133573670685876 0.0956285499033398 0.176150011579924 -0.371840885297147
0.0527651084013808 0.0783262204674336 0.0222198326938617 -0.461932595602536
0.0775239276202981 0.081514406815425 -0.0491832812102832 -0.464140938979759
0.0661422501029528 0.0942833289274467 -0.0109558220663766 -0.469379717831059
-0.0224069876035298 0.124233263322868 0.125976145986784 -0.39943977428276
-0.118883700288811 0.0862344842394381 0.230219308026235 -0.20427650930814
-0.151426338385652 -0.0467126198735251 0.110333873849885 -0.0601514958064363
0.00617200823221843 -0.180287796627073 0.135021687880683 -0.214771323778045
0.163183463580496 -0.0581242635383889 0.358547789329589 -0.371760529439864
0.142642242831821 0.0766119386146746 0.81785329767142 -0.189475162288
0.304548025630373 -0.015638274134306 0.377830256227022 -0.346253653960924
0.223599996636305 -0.186180357427623 0.0545193152004635 -0.197657551795142
0.00469567779111386 -0.255488298818577 0.0631451679891371 -0.0469575941296043
-0.23478089137216 -0.082077820628404 0.119375774427993 0.03485520432242
-0.233898082884131 0.115829696385195 0.232170177439099 -0.10856864267932
-0.10574376181761 0.234875701358853 0.170168168418036 -0.300373612387079
0.0453218804734383 0.243807366404835 0.0518924105354808 -0.39394887835893
0.0952222085328937 0.259316060219997 -0.0217303231479687 -0.395067913593811
0.0711231061782136 0.278304315963054 -0.00957404775855098 -0.389555386168897
-0.116390262597597 0.325147134776536 0.0830617557257808 -0.332519993863166
-0.326009040675849 0.195797190600261 0.16178798303827 -0.187210426111159
-0.394212607718318 -0.095511257085287 0.0430602836452535 -0.0931768878477995
-0.1039638844579 -0.45149368555744 0.0968765933754695 -0.256900970912529
0.313471869796739 -0.356421576613399 0.335776889333071 -0.36206735130684
0.437336342668717 -0.0890955684300484 0.719828484504124 -0.173309003208988
0.498226356328648 -0.0912472294009912 0.245031516613945 -0.33833026032452
0.314389964568407 -0.344392377151745 0.0263089490569707 -0.141337286051134
-0.0214242705185811 -0.404711802001571 0.0651109005951562 -0.0648417765558581
-0.36333331252924 -0.135395902356708 0.094018841181468 0.0122841007086213
-0.373275158896055 0.163409947358282 0.16063456698291 -0.0879812496749968
-0.194651365437164 0.352929052181991 0.131078398947408 -0.198223067055235
0.0279158886836709 0.380545182861003 0.0726662481842896 -0.269819900547595
0.100201977893843 0.397754548186986 0.0094812369549314 -0.265496096327425
0.0698561330606854 0.416029344949841 -0.00283270151184543 -0.248774852236502
-0.183076547523883 0.480934116652048 0.0325801851479196 -0.205637034543348
-0.477869395587973 0.296226848381787 0.0684454743155963 -0.127911681694497
-0.588017970004675 -0.100357451777508 -0.0450964173920262 -0.103192757279843
-0.230774044285779 -0.644159146881583 0.0281865581070457 -0.267146633772115
0.385908630212923 -0.608384089795211 0.26763919068814 -0.308339600266047
0.647518778577449 -0.249124966119741 0.53404849138243 -0.111752831731635
0.641074426427358 -0.160467713591022 0.038382284081303 -0.299739229831268
0.377432394526311 -0.499720786733166 -0.0433371127726052 -0.0410234516482969
-0.0687571191661176 -0.544573876310155 0.0564619729436764 -0.0502447703500195
-0.482236519859199 -0.176220355738919 0.0617501674452962 -0.00787955015286951
-0.480489531081845 0.203784006451025 0.0584019922121759 -0.0594949006650279
-0.261235658242147 0.433901439811455 0.0613603781607757 -0.0636818644970208
0.00889568958614554 0.467087344612985 0.0794098176836782 -0.101464776931793
0.0925524452533653 0.47439626925049 0.0385295035372494 -0.097110600407654
0.0586411306360479 0.484072338197696 0.00947212538774225 -0.0705571484930406
-0.217546349565927 0.555404940048903 -0.0125080056085067 -0.0392821038806579
-0.548464745990714 0.354171940161095 -0.032389291187435 -0.0315904911224338
-0.682097977318511 -0.0770682621305442 -0.136680009408638 -0.0848691992858056
-0.32967395090156 -0.71053325943166 -0.0520828179940915 -0.237006567382336
0.383163006109474 -0.748065943660641 0.17458834792166 -0.210836765044866
0.737027622087573 -0.364212389104477 0.297689871486802 -0.0150878458546853
0.692462614380437 -0.217546164132894 -0.222899098409008 -0.221020302682284
0.389936697741881 -0.599951609134789 -0.146024020360635 0.0975722744599324
-0.116451280840994 -0.619471972972807 0.0304187779913111 -0.00654118830034464
-0.542896842616593 -0.188787324949894 0.010133751502566 -0.0205884750000877
-0.517793010573878 0.2185112325187 -0.0666805135367355 -0.0133220914234764
-0.283979759865901 0.45551928480113 -0.0256598331760044 0.0934080892273383
-0.0105103239848498 0.485050918360603 0.0726087966213067 0.0904532828929029
0.0703517735864611 0.479160782164195 0.0624057701110068 0.0867239883624249
0.0337619263085632 0.475369613968188 0.0233582639091743 0.115128628255518
-0.224707602162832 0.538846085579146 -0.0474554318633515 0.13151025776747
-0.523333515605604 0.340983660153564 -0.121993533666029 0.0768740566784594
-0.64015719197796 -0.0526080281334426 -0.208502698483815 -0.0499706023448329
-0.34066183418374 -0.642195638264973 -0.117096538230893 -0.176260765912893
0.324408199202568 -0.73305113174464 0.0831454666385947 -0.0908185677729209
0.697633795437648 -0.405342512292693 0.0566321734843542 0.0981546937660859
0.627616045489463 -0.242376174858766 -0.491642250575817 -0.112411187030775
0.330392801968949 -0.587527974881928 -0.255910735644855 0.246169260739006
-0.139301783710024 -0.566551913054844 -0.00834236523573854 0.0526105728744842
-0.491182772789566 -0.162059469110994 -0.0515584348579623 -0.0240507412966862
-0.454600623698459 0.189839025478717 -0.189159821973053 0.0437262010852807
-0.254113442655113 0.393538086866051 -0.109729780137129 0.244353276388406
-0.0227152676345536 0.422064269219336 0.0566038780816323 0.273583175400717
0.0389167381829321 0.409508384817963 0.0769935055524678 0.256461331645653
-0.00053952573320248 0.396351389449576 0.032769510305894 0.277334771381844
-0.202999342411409 0.429374714528373 -0.0741686052972868 0.272542570081386
-0.419654799728762 0.251933292409766 -0.189473303160542 0.162573432914592
-0.475812127712818 -0.0456314270722648 -0.243206266802443 -0.0226269797887791
-0.262701647986588 -0.470890818217399 -0.151028355264589 -0.110892015489668
0.236885646207697 -0.581621002809262 0.0127347192517928 0.0138399368409518
0.549115996676444 -0.373178509844513 -0.146584417015545 0.198197763825891
0.448400758889554 -0.223979935705889 -0.713203948465423 0.0102981622456558
0.204501554369239 -0.452229331473163 -0.346943011729951 0.36875177351443
-0.128984218802057 -0.383520619537607 -0.0475332939319029 0.11937211780853
-0.325479361108654 -0.0972428336800142 -0.0955986316163981 -0.0149931700731541
-0.297208026715012 0.121384121211512 -0.269655241894599 0.091848637362544
-0.178635752714158 0.259036999436718 -0.168377211205207 0.355541088201259
-0.0329869076826217 0.28856253546653 0.0344707350767125 0.414453399370001
-0.000753240677038435 0.276833617638474 0.0816214577193875 0.385410238155382
-0.0342654760908295 0.264850026493139 0.0320668278781269 0.393680692845224
-0.156316680646936 0.266500705485332 -0.0979216140789179 0.358788695665454
-0.266472678413169 0.127999662034636 -0.231292143389044 0.205921944746222
-0.257389679481891 -0.043638919279156 -0.239142707386323 -0.0161238857473873
-0.147510163412096 -0.252369622252954 -0.152564729972599 -0.0607575108835567
0.127655970746751 -0.361899167406096 -0.0314678016186347 0.0793135701175542
0.335228054860597 -0.289527687982806 -0.28557124948476 0.265504289765396
0.186099916844297 -0.160416213414441 -0.842695042843505 0.126484843648045
0.0424903521260831 -0.225752504319514 -0.396076153272475 0.44680595003023
-0.09175799230641 -0.123632775429529 -0.068889756274965 0.188242509429555
-0.0989145244571132 -0.0155502778758185 -0.0997371134340247 0.00401451407202647
-0.0907338916557051 0.0283189945137795 -0.28796037357961 0.116219714539678
-0.0766675903209243 0.0770825289878426 -0.194307812057875 0.40075591701617
-0.0423776353921271 0.105047867594705 0.0115950437898784 0.486940481797595
-0.0415072502684651 0.104860633840442 0.0724276685467405 0.455634362273719
-0.058006950362584 0.103204613305041 0.0193779127600077 0.451383623783835
-0.084117495665736 0.0870030155544606 -0.119718782045713 0.387995522433308
-0.0940964111924914 0.0127557575154662 -0.251551572985742 0.208588635915327
-0.0517675336684851 -0.0233932376542237 -0.209115119212072 -0.0195559286191079
-0.0560219031532527 -0.0404039877738037 -0.133813353340047 -0.0260224223248209
0.00385641922088634 -0.147609457407149 -0.058386728651316 0.107322439058084
0.098493371991632 -0.188240944827421 -0.357109900107424 0.296322158756375
0.091250168979329 0.0602351207303815 0.423876475840517 -0.336295579227671
0.124028872611597 -0.0391134240518204 0.047549580285072 -0.213984311808824
0.0206874161006534 -0.115124080876547 0.063532531120726 -0.00944946790856568
-0.107665404565929 -0.0291891466287925 0.152196191498263 0.040861814115495
-0.0841918079380901 0.062659052363102 0.26900934310604 -0.147410171488196
-0.00915657304208174 0.0955248692173392 0.162087455862588 -0.376589184760103
0.056499498312588 0.0760832229557749 0.00516171516043891 -0.460343387436189
0.0804409763896267 0.077580546704516 -0.0630796915049368 -0.460180329073904
0.0701334407546007 0.0902426961026182 -0.0256687961828844 -0.467361971986604
-0.0182665441967611 0.125061508951461 0.11080470734749 -0.400752907063169
-0.11548874310414 0.0910749891131731 0.222252800636939 -0.210646447425103
-0.152093050544408 -0.0420339452367737 0.108971860470305 -0.0626676915145034
0.00104440965542895 -0.180665057690955 0.126762351813621 -0.222744893754514
0.163863244138429 -0.0618250064583626 0.346144152721325 -0.377220802101139
0.146329082252482 0.0738902003728776 0.813464821865815 -0.206264601442103
0.304591886096582 -0.0226615129470038 0.367438910820919 -0.349767928933729
0.218338353978644 -0.192224346613256 0.0508499059769968 -0.192419850867632
-0.000591501364656765 -0.258487337595675 0.0597467160304392 -0.051338172479053
-0.236236124758049 -0.0760695169477161 0.119156313510206 0.0285925137606511
-0.230732679475139 0.123323194153402 0.22389798905587 -0.116647759447297
-0.0963980284411051 0.237444664929631 0.158204828640634 -0.305290490828594
0.0536151928016272 0.240557498461833 0.0375618034691352 -0.39407620383255
0.104268549187363 0.253443891404167 -0.0333682330212261 -0.392243299338445
0.079707925247689 0.272720929553785 -0.0218408378198963 -0.386877354297063
-0.105407033181511 0.329154770687235 0.0712681955577369 -0.330796849597514
-0.319033046497105 0.208371796433908 0.153521189550759 -0.191816931169203
-0.394712637350347 -0.0848836219245737 0.0394152313203552 -0.0919206153496564
-0.114843532175012 -0.450487352783861 0.0874489801033635 -0.260644850945045
0.306782574079919 -0.362491403031211 0.323687373329763 -0.368127401185745
0.439706228274761 -0.0979067007275088 0.712809719264536 -0.1859495686942
0.496838010769422 -0.103678346633269 0.236930374253673 -0.339420387351973
0.303622427810127 -0.35176745190212 0.0263595435458947 -0.135458674608372
-0.031759055386915 -0.407410704755826 0.0602947061973388 -0.0687696918796521
-0.363754328260226 -0.126563486326862 0.0947747040711581 0.00646939940534905
-0.366706770865831 0.17512580518708 0.152259952085028 -0.0935737641290402
-0.181152159516854 0.358555107830985 0.122327254232523 -0.201847068622308
0.0392586319161535 0.377313594547098 0.061388838280801 -0.272663210786353
0.113694810124546 0.391110738118997 0.00189405114801724 -0.264540411932174
0.0806984999285085 0.409503198590375 -0.0109323603087807 -0.244592874730812
-0.165744502719892 0.486180036679909 0.0267778899789463 -0.202443507565812
-0.468596704575876 0.311860993527622 0.0606290138141866 -0.129391648980866
-0.58808350597394 -0.0841537855616416 -0.0503135133832739 -0.0980306468532224
-0.247376890907566 -0.638068883171768 0.0195863035841494 -0.267256072735197
0.372554410889521 -0.617099859156458 0.258093795262631 -0.310036052490737
0.647271852143653 -0.261600549008587 0.528186662960416 -0.123219964757206
0.636058798963608 -0.179504002045185 0.0317285797539458 -0.295810178596943
0.361717424496809 -0.506500510050171 -0.0396112931051145 -0.034400642305671
-0.0825419888362408 -0.545274479851934 0.0523052382851388 -0.0526535786258069
-0.483291329041529 -0.162509269730813 0.0638576209730049 -0.0137085520981313
-0.472755355498908 0.220070324812082 0.0509909433656144 -0.0619602614561958
-0.244696772754246 0.442675916726306 0.0571990582907485 -0.0657195218341718
0.0205356134313644 0.465142204191176 0.0724863439915889 -0.106644180656197
0.106399535545301 0.468612312683899 0.0377466762573127 -0.0972007694134596
0.0705090645301495 0.478370260424852 0.00750898482108576 -0.0673744830352233
-0.200461370760631 0.563934494982827 -0.0125136352910906 -0.0350691736014264
-0.534268149837091 0.372003352252217 -0.0378357737841249 -0.0301369335157032
-0.681425586672495 -0.0585443581343835 -0.142264458484707 -0.0750241996775188
-0.348875825141728 -0.701357680059262 -0.0587742752469034 -0.232846288379216
0.364327207973006 -0.757649924750186 0.167652241752335 -0.212619114664141
0.734665323990212 -0.378529696515825 0.295055953017137 -0.0216514099366865
0.687588363754412 -0.236486270315815 -0.226388377898928 -0.213402298117852
0.370735846772386 -0.607027151994351 -0.138003819404222 0.10439913081093
-0.131791329383306 -0.616484710362552 0.0278378895404294 -0.00754646626800792
-0.545205741927668 -0.173663524205502 0.0128955851066042 -0.0245813585403987
-0.510579031520036 0.234741594279839 -0.0734052025867463 -0.0112786872320746
-0.267440920891385 0.464212363056026 -0.0240262014831649 0.0932446087917242
0.00322247904460807 0.483228081038876 0.0721592741841471 0.0840195815543972
0.084928782043931 0.472219109609937 0.0662229305916117 0.0851167832279077
0.0455520852393509 0.469830380395127 0.0281562476569008 0.117022892298111
-0.206880861867839 0.544889026471158 -0.0407922107062865 0.136574492721315
-0.512649136285709 0.357467122085423 -0.12386592902768 0.0821167357319463
-0.638092992589166 -0.0355616218399587 -0.213664003614071 -0.0380976158089666
-0.356528140165103 -0.632639292386845 -0.121873683049004 -0.167667384129432
0.304887151212247 -0.740603518059114 0.0803028609308731 -0.0922954876383413
0.689787093585134 -0.419156908401135 0.0575567966386012 0.0948514647365868
0.62168903076548 -0.260356471068881 -0.492242142930878 -0.0990291773020935
0.311251686248077 -0.592496035785399 -0.245073841018788 0.252586278016486
-0.152476349070924 -0.56325889526626 -0.00933487828749621 0.0538195231676796
-0.491927676271403 -0.148607205894375 -0.0485204004996213 -0.0247247269043216
-0.447225663107395 0.203779169776885 -0.192210945797912 0.0501007243675647
-0.240030994691473 0.401950531313294 -0.102544011250725 0.247241859191339
-0.0112610975533531 0.421353829512521 0.0621600454418016 0.265815817542335
0.0513356825000029 0.404723538571984 0.0850324974748009 0.252910739023042
0.00952639657165888 0.393894844827163 0.0429328617066912 0.278097511553381
-0.188028144736208 0.436744506766122 -0.0631626499842119 0.276265991352568
-0.412741339910811 0.266052634910803 -0.187778957064963 0.16948094033073
-0.474060413024623 -0.03418663634086 -0.24648672877078 -0.0104785128232723
-0.272692374492764 -0.463248609155995 -0.15258106008722 -0.100553960251173
0.220141467293059 -0.586901905944227 0.013162880925837 0.0129902862881892
0.542133004314649 -0.383693364299758 -0.142829376842681 0.19821230408733
0.442623306189053 -0.235230891659537 -0.710424837825736 0.0266040548681917
0.189480473655802 -0.45558761868525 -0.33451376765987 0.375463050495845
-0.136955911702517 -0.381072101209232 -0.0456345157098432 0.121746973259765
-0.325603254685989 -0.0873479485914875 -0.0924041342930198 -0.013407847300394
-0.29269499196953 0.129596732113147 -0.270719546078983 0.100449265605005
-0.169295526687932 0.264284579624313 -0.157596450405713 0.359203829835106
-0.0254239032826838 0.288605179185555 0.0457224969663038 0.407488226901318
0.00733061852761702 0.275344943718198 0.0932256576885698 0.381701810117839
-0.0275007913838362 0.265522641597275 0.0463195185075058 0.393952453388357
-0.146454206192517 0.272298284098775 -0.0833303421332148 0.361396119845994
-0.262150341417876 0.1363616161999 -0.226665946263579 0.213512410773051
-0.256393415108462 -0.037680916931475 -0.242513550902993 -0.00531014215234048
-0.152553869535687 -0.246662729084981 -0.151895279935646 -0.0506095673343276
0.115574053175238 -0.365364004053979 -0.0287714673872599 0.0784588913239606
0.328767120208329 -0.297722024336544 -0.279620588595516 0.268213696438966
0.180807811073003 -0.166086941726664 -0.839285194445508 0.144270354041188
0.0344924820687903 -0.225935825800201 -0.382308778450185 0.454279615654412
-0.0930715331921165 -0.119980377725609 -0.0630306184497145 0.192279582994886
-0.0969559195081001 -0.0123975362976868 -0.0966495883867674 0.00740289809416627
-0.089251704875686 0.0307627058232369 -0.285846018318622 0.12569969883292
-0.0741537087266641 0.0792709873540692 -0.180695985393077 0.406961934364968
-0.0408442802697382 0.106240303997933 0.0262282456875226 0.481088721385015
-0.0388403697336092 0.105528711853651 0.0857935401467294 0.451306222183349
-0.055824417996368 0.105486980617553 0.0348374919437343 0.449591423172996
-0.0795524320840975 0.089330853714792 -0.105950445664561 0.391302021962219
-0.0934263294517967 0.0147504614364478 -0.243519290008102 0.217584167210409
-0.0514110469407236 -0.0233989210940104 -0.211204819853363 -0.0110937062471103
-0.0553520053506438 -0.0369497319230654 -0.132371404837905 -0.0169985690363015
-0.00286817441253508 -0.147844860448062 -0.0548652433093627 0.105377130146637
0.0912881097877979 -0.18955541957382 -0.348785479603167 0.300137804640108
0.0953372607464098 0.0582892000861322 0.413047885815174 -0.349869300971943
0.124758089062918 -0.0459525312691911 0.0416137437859191 -0.212233143679438
0.016030322844509 -0.119755520305688 0.0625660380794895 -0.0151798749777908
-0.111298119842596 -0.0248694204177275 0.153680805185763 0.0334501187150783
-0.0828423928197487 0.0680374777159367 0.261676880118626 -0.161406646815291
-0.00384781084782788 0.0965661786746823 0.143924878327537 -0.384555489780964
0.0618047778757608 0.0733131364614393 -0.0135563456265044 -0.461403385764383
0.0852668730180233 0.073412186623054 -0.0814118894478854 -0.459653325087918
0.0747387554520563 0.0860086182935431 -0.048946509270872 -0.467996709673368
-0.0123931892034091 0.127129994921242 0.0946276637200188 -0.406721241619027
-0.111725197148771 0.0977879606182055 0.213810352130906 -0.221921105343557
-0.154475854812051 -0.0356867289203132 0.108071629096719 -0.0669511659802019
-0.0060186782380874 -0.182828348467871 0.11625608709163 -0.233011371847066
0.165084411504673 -0.0682209063734032 0.332122621091259 -0.391570609041523
0.152564799428561 0.0694099754020493 0.813371369233285 -0.236564976080486
0.306754344072325 -0.0345913053175056 0.357179598425081 -0.361507170604695
0.212395936719408 -0.201850534326675 0.0474999361917811 -0.189800599834318
-0.0113280861118878 -0.26347244399341 0.0556331847605942 -0.0566110563343154
-0.240888853674359 -0.0670815773141061 0.120436599336848 0.0218218851008876
-0.227130938052248 0.135268281331371 0.215759898144606 -0.128717991312664
-0.085796760447787 0.243548293090933 0.143169810373876 -0.313889661861177
0.0647805646636208 0.238799740912261 0.0187009951408968 -0.39836440944307
0.116170714039768 0.249183790818079 -0.0492105473121514 -0.392967022620501
0.0917014751122904 0.26925499030485 -0.0397555918658443 -0.386336645391518
-0.0903429848106333 0.337274195024313 0.0579518031908472 -0.333468139580296
-0.311117888371321 0.22616879201397 0.143504929501278 -0.199871896033414
-0.399931367828685 -0.0679051411286328 0.0353925479556079 -0.0922647339416453
-0.133963299728658 -0.450677260446149 0.0764273748473746 -0.269385686773918
0.296828713577903 -0.378626727386846 0.310123754065761 -0.378267341710093
0.444499441159488 -0.115085864493432 0.712608675260577 -0.211035977098812
0.495653469934855 -0.125159224362075 0.227087571686427 -0.346345056137778
0.292130168526273 -0.364288389288551 0.0254682609268958 -0.131942873062792
-0.0479877685786056 -0.411007680572878 0.0555056060874763 -0.0728611458574464
-0.370865845267585 -0.112424027259462 0.0961782533855495 -0.00105624374955586
-0.362451494624264 0.194180271891705 0.143540072629159 -0.101306063308134
-0.165418071356397 0.36868040006205 0.111189972607039 -0.208633876177551
0.0545042956351268 0.376715391416901 0.0470400258177375 -0.277686223900583
0.130814578197482 0.388403424654041 -0.00709891052418684 -0.266437084469432
0.0971500516041805 0.407323797026373 -0.0204249560004888 -0.242951501700427
-0.144758052366791 0.498808087454608 0.0192190234460821 -0.201081052285438
-0.457640012785908 0.338385773191422 0.0519623469152518 -0.132180510853324
-0.596145633928211 -0.062166476577613 -0.0560111788757979 -0.092095532969859
-0.275185292476507 -0.636812652909305 0.00779666845199343 -0.27049741230469
0.352805329885094 -0.63691685731133 0.246475044821124 -0.321491726511167
0.649408275786226 -0.287808090172001 0.52790686159673 -0.142887907545763
0.63357327154988 -0.206242800259727 0.0232154513126971 -0.296017148633439
0.344103966540832 -0.52197390773566 -0.0363905114481881 -0.0292279909195447
-0.103365341785797 -0.549399304934037 0.0481841236354025 -0.0557054441473483
-0.492210955713473 -0.145354440568966 0.0656950931084936 -0.0206326643194709
-0.467629725364366 0.242563021176032 0.0420973957614923 -0.0643886143787725
-0.225442756977612 0.456963768613382 0.0522841143509483 -0.0684732041078098
0.0400355603149913 0.46742212403259 0.0652654357506362 -0.112810018549076
0.127586454357633 0.464420518572414 0.0354252425927225 -0.0998057428625664
0.08955178055867 0.475532405825846 0.00674848219219193 -0.0645180436201315
-0.17520210018208 0.578198939436364 -0.012232386558609 -0.0311684595322113
-0.523914397600645 0.401750369496152 -0.0440325048572117 -0.027165478693629
-0.686921304837529 -0.0322469611422579 -0.148578009781938 -0.064430547530446
-0.378829873988736 -0.696425577203854 -0.068449395479177 -0.230151228222665
0.339265024086512 -0.778902733217437 0.160223663032348 -0.219528021186299
0.733803712106022 -0.410585600922677 0.294684631118817 -0.0335367646065792
0.683352161591139 -0.26753601368261 -0.233414988096837 -0.204992020136988
0.347881578041704 -0.625352041667447 -0.130778979700557 0.112946793457471
-0.156034136568561 -0.620820021555756 0.0254166256548816 -0.00829144763988097
-0.55405016266873 -0.153792810424516 0.014936866335648 -0.0296610982769029
-0.503529601045474 0.259675846915552 -0.0806633126843496 -0.00749038590693711
-0.247785274454995 0.479391046005365 -0.0219099998247134 0.0960422544094434
0.0232842576687749 0.485205354231655 0.0721592884310451 0.077842561296231
0.106767244497807 0.469931870263454 0.072192979310491 0.0822034443384962
0.0629939756014087 0.469818789478986 0.0354456257793568 0.119462917645714
-0.181738132065379 0.561516713986392 -0.0334848451713732 0.142757496321292
-0.500919899385103 0.384716730052815 -0.125563684334013 0.0898909184587084
-0.643196101457816 -0.0111705359265165 -0.218856300620046 -0.0237693615079069
-0.386060901269173 -0.62512526656656 -0.127969606942842 -0.160940171198532
0.278458155508212 -0.760734294586632 0.077026260885683 -0.0958365985184881
0.687235543700779 -0.447868564715664 0.058968371643554 0.091076921547544
0.616468228734717 -0.28717270548739 -0.498612074365053 -0.0814517375665235
0.289581278168606 -0.609142495106805 -0.234433593442818 0.265200802898776
-0.175962936617173 -0.564850228230184 -0.00874124874823482 0.0557210453007471
-0.500234024087343 -0.130366456321506 -0.0463457442810914 -0.0260394345937425
-0.442120490734303 0.22552490856761 -0.196772109294409 0.0605100823862281
-0.223249027982196 0.415341284728816 -0.0939472828278304 0.254366954308924
0.00440038084836596 0.425440288063924 0.0704573110117344 0.261581533163193
0.0686027234596079 0.403247049372327 0.0983425651412094 0.250878295507059
0.023391788226523 0.395752193717175 0.0579633719089092 0.28036468791105
-0.169044359994062 0.449423776606529 -0.0489732825147074 0.283187703424062
-0.403800813062445 0.286808327419083 -0.184690051298976 0.181057637885661
-0.477636707694685 -0.016007491185074 -0.251421989058634 0.00472382679967976
-0.292926958899498 -0.45617866698936 -0.155783356925782 -0.0908373699960695
0.197245497742457 -0.600078785482591 0.0137409598245796 0.0115728163739207
0.53647084815584 -0.405637076926921 -0.138685461208101 0.201889512762472
0.435682281319147 -0.25565655859381 -0.715961075199438 0.0503676615849685
0.171908957093134 -0.465978246421572 -0.320284897485335 0.39049763463554
-0.152696366358505 -0.379746790626131 -0.0419682504345545 0.12606192550275
-0.329368867364139 -0.0761425655078514 -0.0902536954042867 -0.0119098610036489
-0.289741977287752 0.143728587820395 -0.271378769901164 0.11508193596288
-0.15828451911247 0.274227709319876 -0.144523501636226 0.370998563222274
-0.0148418711609049 0.291350534505027 0.060096419186131 0.404433228859576
0.0181176482140925 0.275988569427917 0.110888993601775 0.379923493481007
-0.0188082946768805 0.268024469669837 0.0653697656641627 0.394494235739965
-0.133716916181958 0.281499847812746 -0.0662166015421261 0.369271832347749
-0.258270184683212 0.148729707165242 -0.220012341637272 0.226972208519465
-0.258570488667729 -0.0288734687390382 -0.246200975202154 0.0095962361418966
-0.162649371012889 -0.241252331606595 -0.152297623845406 -0.0395169502479026
0.0994468902231206 -0.372919499085737 -0.0253796939150902 0.0781658832541435
0.321579960157453 -0.310683389741996 -0.272873147194291 0.276642323230842
0.174908339375154 -0.174828743992374 -0.842498091621425 0.17195762749328
0.0250200354435333 -0.227982489860045 -0.368924050350334 0.468611845432183
-0.0979048342957744 -0.117678287841653 -0.0551692291892143 0.198533357611791
-0.0962856751106285 -0.00918986292045544 -0.0950199221590122 0.010740289186833
-0.0889302037488364 0.0342140445816346 -0.285283955940771 0.140867047855082
-0.0708433049993798 0.0828367006525159 -0.164085692738095 0.417890091434444
-0.0377982539788187 0.108901951568283 0.0454620932474614 0.480288973096044
-0.0357645480609843 0.108082628172906 0.106624447052262 0.450977871466103
-0.0523631235711626 0.108795334734037 0.0572299408309858 0.450858529959479
-0.0758938961561972 0.0929471360502981 -0.0881297602819475 0.399095780795661
-0.0938029501091059 0.017849594517696 -0.2355663587117 0.232057880542118
-0.0521925135899104 -0.0218632071559687 -0.213855832488254 7.85689061654854E-05
-0.056488308401958 -0.0333279972203036 -0.131301894957657 -0.00668359792557469
-0.0130642607241151 -0.148732232331244 -0.0500489224090055 0.105191087251057
0.0826034281775732 -0.193283363800242 -0.340111723914009 0.310903562640025
0.0997453664018144 0.0535172311771249 0.393151191509693 -0.36755035683873
0.122419852689597 -0.0546467871174322 0.0326625878869449 -0.20899051522942
0.00789092933490593 -0.122501326164919 0.0606984496662651 -0.0209582215850138
-0.113867471758707 -0.0175610166396321 0.153806446842848 0.023273882717219
-0.0786569312659779 0.0746214316378751 0.24796574525121 -0.178151211521237
0.0033045799827447 0.0967809917619468 0.118810806867067 -0.392115769954797
0.0665289754359665 0.0675844928849945 -0.0454842901344822 -0.456461552522011
0.0897227589152286 0.0661220635717079 -0.110438036892172 -0.453005197668302
0.0803499790647362 0.079309271665132 -0.0781321992636528 -0.462356424838716
-0.00383966364464405 0.128362154518969 0.0679314356146717 -0.409761901354898
-0.104175763555719 0.106018249669273 0.198333348249604 -0.234943407503297
-0.156205263496784 -0.0256378361596899 0.104175042425627 -0.0733580660878229
-0.017186140235445 -0.183288438600395 0.0988454756349464 -0.24326490264756
0.163322560342442 -0.0785175796506583 0.307500329791509 -0.407006033188569
0.158577940633846 0.0600697103772738 0.799080927442438 -0.27975381918122
0.304688706644215 -0.052250539429515 0.338016173767954 -0.377290530146505
0.200139180363505 -0.213280464437041 0.0407356925388471 -0.18781249436958
-0.0271059168602649 -0.264617961849315 0.0506133936839832 -0.061393799025842
-0.244091267082544 -0.0524638363825285 0.120115506216088 0.0118528835522381
-0.217385507102111 0.150771792968858 0.202455031352372 -0.141275660832004
-0.0685343944303795 0.24891364496703 0.120050137429966 -0.320908740164338
0.0802336737376646 0.232896758748514 -0.00862914241714153 -0.396388621645432
0.131777427837766 0.239365303795409 -0.072774801400558 -0.388642513070757
0.107355762243454 0.25975080341571 -0.0641867258746883 -0.379703455343423
-0.0674677666737427 0.343253780856641 0.036764827547243 -0.333126628354922
-0.295567107884228 0.247478973946492 0.127620224812375 -0.208229389694765
-0.403547082807788 -0.0429445021242994 0.029351736177606 -0.0922937348008736
-0.160924354813938 -0.442949044092934 0.0579300563544162 -0.275852638189209
0.2764615019267 -0.396367689163343 0.286509475302292 -0.392675155493596
0.440965520105618 -0.139785784683055 0.700098888671266 -0.249771958293852
0.488229223789429 -0.154190917112274 0.209497401512043 -0.355961560378552
0.269204766468546 -0.37877456228361 0.0231649182779407 -0.128856484583145
-0.0722831991629049 -0.410407534153942 0.0493947841795976 -0.0771735366787046
-0.375649941191232 -0.0894113989826583 0.0954861709907624 -0.010785822734351
-0.347893051103558 0.217163090438898 0.13172872634213 -0.108755587469798
-0.140434707816451 0.379884816590802 0.0948093230881169 -0.213666200899893
0.0788098278169704 0.37372047638255 0.0259666234632598 -0.280249275228801
0.15569598662678 0.375062155768155 -0.0223832617305649 -0.266247628323363
0.120744130728624 0.396696964992047 -0.0343170555006413 -0.238434689035898
-0.112192279863822 0.507651548263001 0.00735930469886157 -0.19867448335388
-0.434648806742125 0.367930148678972 0.0394642592202838 -0.134463301575693
-0.598333391394083 -0.0256673060656173 -0.0622810463605431 -0.0849373490982727
-0.313792887795759 -0.617842920345579 -0.0087633586437913 -0.271249844517196
0.31609683517582 -0.657765291438764 0.226212093466445 -0.331333560895058
0.638601317469629 -0.32562444060526 0.518902979749239 -0.169352466528329
0.619761570256331 -0.243847655892402 0.00959526761527573 -0.294752525235991
0.312931527645086 -0.539227065153145 -0.0327667201735468 -0.0234860408965798
-0.135556336842612 -0.543999523795443 0.0430933438338815 -0.058209621493793
-0.497654308626774 -0.115679466665204 0.0655420044925499 -0.0296399571570148
-0.451137080531531 0.273283538166607 0.0320479311942048 -0.0645427581149409
-0.193950817819674 0.47127323489647 0.0457485911019233 -0.069600306781174
0.0679148031823507 0.461668402784034 0.0537894233941508 -0.117236660929671
0.156711050891205 0.452968981566988 0.0304785703351905 -0.102799187116941
0.117285059350249 0.466591984702049 0.00469754257159235 -0.062099019255596
-0.134276270294739 0.589394628503473 -0.0126539502630223 -0.0266475468372572
-0.496555970401617 0.43527023849264 -0.049965989991008 -0.0213316468587896
-0.689080756425632 0.00791688705698455 -0.153430327032044 -0.0496180453987083
-0.419492813450954 -0.67248132069303 -0.0821451666747303 -0.224691999219248
0.293934930171329 -0.798931254157185 0.147190355609692 -0.226969594054455
0.713748744486428 -0.451143614822275 0.291929336104318 -0.0504453511297133
0.664634482889052 -0.306670158933344 -0.241848647596171 -0.190380245597895
0.309363230468322 -0.64042930624295 -0.119175919775771 0.122669493279843
-0.194141093204493 -0.611939216627077 0.0237721717927591 -0.00826677404455408
-0.560405778621049 -0.121169805178732 0.0155986569515084 -0.0356225379587757
-0.485138605823485 0.292153585293387 -0.0867978928515659 0.000188770076205065
-0.214192985349534 0.494774320919311 -0.0182464209723176 0.0987024803644912
0.0517715365919659 0.482557469651599 0.0728273677849598 0.0709295704357072
0.135856421425654 0.45976886981298 0.0782122485894935 0.0760998310996891
0.0897211494969655 0.464130663672696 0.045878040790145 0.119379718206749
-0.144354035702109 0.572342191587764 -0.02159955163949 0.147248047790865
-0.47499279204782 0.416960703210715 -0.123847855818526 0.100206311709018
-0.640472146945272 0.026078686856325 -0.221276420718283 -0.004673014717868
-0.422118156895553 -0.600420948614246 -0.136048115915536 -0.149455718618709
0.232093371626814 -0.777176125212231 0.0715878780275647 -0.0991792782324178
0.665515730223493 -0.487356554238476 0.0626574775062699 0.0874650273011608
0.598296112122893 -0.323257647313169 -0.500846174088585 -0.0542046816620529
0.251890889594282 -0.622932509957542 -0.215484004281608 0.278264373929295
-0.209577839962491 -0.556377831462148 -0.00676003007887401 0.0585310337301244
-0.505156751589531 -0.100612797629281 -0.0449962510702816 -0.0286178529295411
-0.425889815553961 0.253047261144267 -0.197747001957884 0.0753574664879313
-0.194711953598389 0.42917090892623 -0.0786977340860335 0.260396403751941
0.0294847921520879 0.423454944232992 0.0831547348408272 0.252963711957621
0.0929585858811799 0.394898320146671 0.113700225966203 0.24221518905202
0.0443539910013012 0.392585980598513 0.0783471985159359 0.2773389889406
-0.139175746488584 0.459599595534654 -0.0284455703687376 0.287921004310724
-0.384630898951983 0.311989039430555 -0.175397187975 0.195709242021895
-0.47624694122023 0.0123317201075691 -0.252498740272897 0.0258471503106898
-0.319535033181697 -0.436335669501261 -0.157752642236757 -0.077016123855169
0.161580501026575 -0.610547069845622 0.0138297495404594 0.00976884480622353
0.51602824221245 -0.43599975916845 -0.129024886535814 0.20757762298523
0.418714505839478 -0.281444927272775 -0.71205203991591 0.0900596746733236
0.142747030240148 -0.472634416527798 -0.296955338249912 0.407095462762317
-0.175736206951566 -0.371708979415229 -0.0346724244601649 0.131270978604982
-0.332939812180415 -0.056489304399631 -0.0880401517854282 -0.010002668868765
-0.280465500994527 0.162239898490057 -0.267051340257224 0.134342570578222
-0.139849301914272 0.282777535901027 -0.120949647580269 0.378889702375844
0.00255388438866105 0.291943911885479 0.0831342569925339 0.397003831038026
0.034709765128654 0.272173344385547 0.134053661501494 0.370285139993502
-0.00350527557089263 0.268771870884213 0.093820210784285 0.389954715491299
-0.113958928619457 0.289493527423737 -0.0407167052348887 0.372797338509806
-0.248155551936084 0.164237693752785 -0.206407930825355 0.243100182209514
-0.259106516601945 -0.0132356790512442 -0.246392489199855 0.0291719282203815
-0.175614107802979 -0.230215007546273 -0.150944675033892 -0.0259232737070037
0.0739754619656213 -0.377057976528746 -0.0211624504596072 0.076650683259441
0.3031691818899 -0.328085660244665 -0.258169508158393 0.289725664277599
0.162564186835091 -0.184957192584451 -0.834178897338581 0.217118900892192
0.00934783796540878 -0.228410200770923 -0.342896905692731 0.489032744339774
-0.103781290943656 -0.111746597757387 -0.0424128609166358 0.203785134679463
-0.0954153734480729 -0.00456033088999208 -0.0914299817051685 0.0150783149488553
-0.0868767142457997 0.039065902629649 -0.277272921461093 0.159084459253204
-0.0661125848137313 0.0867168608615576 -0.139232140659446 0.426875910778558
-0.0322522397643817 0.111200443564711 0.0747947492407312 0.473443032897509
-0.0301832735462913 0.109757926099074 0.133165442190442 0.441980440529565
-0.0459915852499682 0.112759049800965 0.0871816808722323 0.444783457046809
-0.0682591484328682 0.0972634124232824 -0.059995046635587 0.402970275634678
-0.0930612650406622 0.0229181541608327 -0.217964592768711 0.248503351471716
-0.0522627631277174 -0.0193763095177762 -0.2144093603674 0.01621156253176
-0.0573682590385637 -0.0287135826529451 -0.128062419277995 0.00537124355970174
-0.0252397526155074 -0.146236211499601 -0.0442858187897 0.103874263409988
0.0696431039749195 -0.196887711239241 -0.320896711966784 0.327020610741613
0.101444490054941 0.0462330625440339 0.363101272657507 -0.378235250540112
0.115806419822659 -0.0615904495882248 0.0234477030864658 -0.201200844216251
-0.00124140113175158 -0.120948244208292 0.0569348072406232 -0.0265761818624788
-0.112119545304132 -0.00849451643241887 0.148858831950389 0.0130773753175314
-0.0712403434875514 0.0783402579850001 0.22564539227033 -0.188674705253838
0.0107051786589702 0.093105003915574 0.0875801273886665 -0.386354203936512
0.0691426551775744 0.0596548684131339 -0.0717065613588157 -0.436601649012983
0.0913595023823155 0.0569063847249328 -0.13285543803821 -0.431643199625616
0.0825871292447512 0.0695075113856733 -0.103107694485877 -0.440207305159285
0.00452292079790412 0.125156622489101 0.0409854506005654 -0.398839124867598
-0.0933930343818696 0.110783433307621 0.176578953414908 -0.24023603413922
-0.152575655820849 -0.0151882049856438 0.0964647489166205 -0.0778284112062795
-0.0271349783885615 -0.177026250003108 0.0768881731856152 -0.244379350016372
0.155548626784151 -0.0862767754193657 0.273888945228733 -0.409013547153756
0.159228448634845 0.0494565674668195 0.760573613403567 -0.316015606384721
0.293034096574491 -0.0680976900255313 0.310336189092657 -0.382617595480387
0.181635074612236 -0.218576524313879 0.0341662352682462 -0.180743637479008
-0.043284623600971 -0.256385151519945 0.0442733493278995 -0.0640912453628371
-0.239607187338216 -0.0358204723234775 0.115169354752937 0.00222735273066731
-0.20076661570248 0.160963798916387 0.18344609135159 -0.149230339311217
-0.0491056115802687 0.245159685285419 0.0939671732235504 -0.31658760288657
0.0919276698378108 0.220083535921086 -0.0335475329958345 -0.381681737145199
0.14325597551052 0.221315160337987 -0.0934100847236546 -0.372336024225796
0.119123755080158 0.243340533327246 -0.0841235789790294 -0.36140916802264
-0.0428963110824242 0.337601006776469 0.015608171253834 -0.323021423372141
-0.270010918975598 0.259110857966722 0.108009890884049 -0.208395899861339
-0.394363938664834 -0.0174707972587185 0.0229925510822607 -0.0897573550505658
-0.183986830237429 -0.42062188547239 0.0368936430397009 -0.273214541772468
0.247182662519808 -0.401851621503545 0.25389980738717 -0.393842084463208
0.422615803984931 -0.162153666310442 0.664148735380119 -0.281397167658475
0.463769981255318 -0.177731599252422 0.186755993465598 -0.354930738714697
0.238751966892343 -0.381695670323155 0.0202913223985825 -0.122672436972073
-0.0950007759393116 -0.394655919475852 0.0419310562347645 -0.0785268005646285
-0.369024040825171 -0.0645747018539794 0.091150003444902 -0.0205152862854163
-0.323877741999824 0.233555625938748 0.115063183043995 -0.112016742482219
-0.109001375057623 0.376077975239274 0.0769923643864735 -0.210256873153451
0.0994962121505622 0.353344289285552 0.00545419381353089 -0.271878046640701
0.173300867033928 0.352459811803026 -0.0368622644457466 -0.257437487785916
0.140894827499433 0.375065577347107 -0.0460731710750924 -0.225997139427665
-0.073563194774809 0.49925594336075 -0.00336746868871187 -0.189544560742574
-0.397533483514534 0.386307883133389 0.0260648649118912 -0.130062067590649
-0.580222853370783 0.0101841098841989 -0.0657640511061669 -0.0751137905662835
-0.34250957640356 -0.582392338868247 -0.0266133641750107 -0.26330553172104
0.270268084856403 -0.6594092447534 0.202062089293719 -0.333817709730271
0.604580390408518 -0.353579910278173 0.492858480646243 -0.194876441134811
0.586053957536119 -0.273167992418886 -0.00413904346177833 -0.285031042953311
0.270513771094835 -0.539843369543257 -0.0273686934032279 -0.0181041032790791
-0.166019836027558 -0.52039910184043 0.0371238346696528 -0.0590502915429039
-0.487832290720095 -0.0839146020579535 0.0614611726388239 -0.0384910656798416
-0.418816074105001 0.292984163553651 0.0207682860684748 -0.0619228554131306
-0.156954038917636 0.468803201267051 0.0380558485742842 -0.0680944367345173
0.0944273146999132 0.444192999451651 0.0415484257132121 -0.117374877832947
0.178602591364353 0.426518810175514 0.0239566433702889 -0.102776222515376
0.139021178568634 0.444602253797237 0.00368701383586755 -0.0587788319484857
-0.0926563824579041 0.580056972236483 -0.011809192357536 -0.0222375557307993
-0.453440293813327 0.455511975414478 -0.0536884523623307 -0.0151852355679425
-0.664935105765661 0.0496306683747079 -0.152054412150747 -0.0346942343375513
-0.449929685104081 -0.628231753979229 -0.0925010991551063 -0.211773727319844
0.240121864065675 -0.794309009125822 0.129690360276922 -0.227051851692956
0.672404668256406 -0.479996539785671 0.280294111766087 -0.0643612882741821
0.625682485247677 -0.336632535529077 -0.243196113637921 -0.170725797142656
0.262184428073878 -0.63582090329042 -0.104049280883927 0.128204532796948
-0.224691975143864 -0.585102058132337 0.0211472330806946 -0.0083123439990865
-0.549809835438687 -0.0845287915241721 0.0137934272621323 -0.0415266864801997
-0.451714912578639 0.315714906238654 -0.0890370597285727 0.00888593349167307
-0.17377018900636 0.492497248859228 -0.0121633096156214 0.0988032570256662
0.0794125363821985 0.465043473232543 0.0715643095566477 0.0627730250318644
0.158580854080047 0.434054095079733 0.0810274968735911 0.0666387390992471
0.113337794678462 0.443759639796853 0.0552611973474818 0.113359555381172
-0.0999039851997767 0.564422970271992 -0.00966692489811916 0.146685945064012
-0.434262322687688 0.436870943004241 -0.116938894719698 0.108887148521531
-0.618536339120372 0.0637516292569174 -0.215418914366896 0.0151117604762888
-0.445912374329738 -0.555646768868364 -0.138748100652666 -0.13490013134899
0.179287142885964 -0.767309408128201 0.0632570099401218 -0.100658416831984
0.621210053880553 -0.512624808941777 0.0645880769519428 0.080860618499539
0.557824904450704 -0.348743795749196 -0.488223473605093 -0.0253546369442907
0.206717097226823 -0.616073713123599 -0.19078005257103 0.283946288595238
-0.237166402721543 -0.527759234173621 -0.00310905317729863 0.0601226715678055
-0.495105972344485 -0.0691061243892263 -0.0435437343026329 -0.0305325898901578
-0.397135758951414 0.273649991350982 -0.19071766899128 0.088613730893118
-0.159706911109887 0.428211900359303 -0.0600325839671328 0.259235927472764
0.05507189066751 0.408884226251783 0.0927408830642838 0.238330386190465
0.113099062163388 0.375408227632551 0.12504839225465 0.226390046422556
0.065788120388064 0.377661935103507 0.0958899210169679 0.263760193955077
-0.103251135445642 0.454721559353847 -0.00663964599977579 0.282376915789899
-0.352209893664319 0.328651632080309 -0.160049419542573 0.203544299776721
-0.459825099980903 0.0402114919368618 -0.243500644185951 0.0461876410312308
-0.335276077558486 -0.403415287448297 -0.154654164795565 -0.0616730524639598
0.118205595066406 -0.600737538998618 0.0136064638341578 0.00677766749703564
0.477357028101216 -0.453891206968707 -0.114247295471182 0.20862310889456
0.387466250067353 -0.29663914546476 -0.687058337993945 0.125617491201776
0.109317227489807 -0.466065495674685 -0.26290861090564 0.412876399129611
-0.193130054058922 -0.350210024561512 -0.0254685080531954 0.13217235948288
-0.3250537553694 -0.0361814943092536 -0.0843495589778614 -0.00831684956303424
-0.261506456669182 0.174998303979419 -0.253555388942134 0.149595614648831
-0.116946425997693 0.282562158694082 -0.0939117629440098 0.376741077120864
0.0191961629688106 0.283527839995451 0.101381620333186 0.376884003709457
0.0483156195378528 0.260737803020595 0.151603551036689 0.349994364788167
0.0123412176033362 0.261556892200868 0.116229039003378 0.370191330335601
-0.0909728008287525 0.28695964351367 -0.0131968792547115 0.364825010740909
-0.230421470539614 0.175018582180453 -0.184933891399647 0.251389098153881
-0.250151397743734 0.00222289716242276 -0.237428942721336 0.0478075364815182
-0.182593992109934 -0.210672972301419 -0.143681968890423 -0.0120139197467404
0.0474458768219975 -0.368207974133069 -0.016918959866706 0.0721735089975645
0.275793426793233 -0.334875313993053 -0.234648279622277 0.293831243493905
0.145473211952882 -0.188443634800358 -0.800208823281777 0.255732637745105
-0.00521660440614474 -0.220987347732158 -0.306009454950338 0.493017830548972
-0.107106601060604 -0.102499601667644 -0.0283442637643039 0.202267905052971
-0.0920084480563223 -0.00063830238761596 -0.0863258728642434 0.0172665653036045
-0.0820791054583493 0.0430308781164375 -0.259463056033797 0.172799278359861
-0.0590691900549417 0.0882500682032189 -0.106373578409215 0.422612531061376
-0.0254185698786253 0.11028121609318 0.0980041079996559 0.451066790401112
-0.0237301790528079 0.10854405078634 0.1544476545719 0.420229039232197
-0.0374839738547015 0.112959926819867 0.113173785215602 0.4227016385143
-0.0585479788313202 0.097000959384999 -0.0303477665662614 0.39311744100754
-0.0889907561785815 0.0272843453259599 -0.195099152050533 0.25600657599907
-0.0506347577807102 -0.0155959051373714 -0.206819539707355 0.0316168053339011
-0.0559479387577352 -0.0222488904615794 -0.120298386909939 0.0165609964178109
-0.0363888169166028 -0.13829497521212 -0.0381498504870668 0.099864190169686
0.0548322058128898 -0.193632512990738 -0.2941159831458 0.333364462527521
0.106766348659966 0.0268447012569444 0.289049644048479 -0.402770777313614
0.101585661633245 -0.0744077536866763 -0.00348275896914331 -0.189347050330394
-0.0173044830791331 -0.11581328839371 0.0489130033874188 -0.029151216275153
-0.105872588651554 0.00521737985412449 0.145278949874715 -0.00772024806369541
-0.0563504484053912 0.0840304486846285 0.189207752081394 -0.210067425644934
0.0209954646044544 0.0857095342916635 0.0333631263335558 -0.377828914175413
0.0701197288357803 0.0448839628227143 -0.120537803702669 -0.408573111905313
0.0927909585209056 0.0406781642506329 -0.180357372023978 -0.387617006786999
0.0845717720375825 0.0545156740881349 -0.150293922328416 -0.400043119905728
0.0196943870903209 0.118911541157956 -0.0133562587168284 -0.377611395207372
-0.074600115529555 0.117743158761241 0.138495493671276 -0.245569134216449
-0.145496008626064 0.00410366161476672 0.0788768032182737 -0.0834139229855136
-0.0523990630557818 -0.161704574081439 0.0323626423725254 -0.245875936112315
0.127770052111123 -0.101136803709793 0.209043508849698 -0.426215720730016
0.150551571558262 0.0146907738722146 0.688189942339028 -0.393811209432987
0.274549507988552 -0.110492395665824 0.223813959600718 -0.387727020613432
0.146392121102963 -0.228434916583704 0.00855229283221581 -0.166149362918157
-0.0740004088941045 -0.237934198628086 0.0328678660095719 -0.056574693108042
-0.227961556259845 -0.00644735041515695 0.114618459273004 -0.0112002805799723
-0.16800144710278 0.176575750313364 0.15958014103484 -0.165841720732788
-0.0161793276246045 0.234974070222287 0.0553382958663746 -0.314111708697744
0.110581044743819 0.19192003599967 -0.0739590313259572 -0.360706749224382
0.161212810002757 0.188228382446528 -0.133860370900729 -0.336754262044406
0.141351474673902 0.213529928557726 -0.118117421536231 -0.326176964394849
0.00408300121066226 0.321270196094302 -0.0219943475268068 -0.296859130629662
-0.21894802931031 0.280007128833395 0.0792066201031298 -0.200022435854293
-0.370077533985508 0.0310441552286085 0.00444349511186519 -0.0778703567944372
-0.232156183132093 -0.367268558200162 -0.0176754214025353 -0.268639434446653
0.173930875482092 -0.402373327479894 0.187060770324171 -0.425224992762798
0.366856445784766 -0.215849664176486 0.610126829633891 -0.356157395117592
0.424925815099089 -0.238901582828144 0.0982092988225433 -0.336535883184343
0.181794261046618 -0.386809424707921 0.00280029357607599 -0.104312182275224
-0.140459016453463 -0.361535354676874 0.0307904801004126 -0.0630027326904768
-0.35216787613734 -0.0200126553512237 0.0920259191224482 -0.0277674600738792
-0.27394111025151 0.259463836324628 0.106343269654929 -0.121178098844009
-0.0570953114353128 0.366233614995864 0.0582561740789957 -0.212701897329695
0.13377118851431 0.318091730227404 -0.0201226038965068 -0.26045741735775
0.207813167119211 0.30632437653779 -0.065817411523 -0.237003054084647
0.178801254292696 0.333499655193672 -0.0622834359204974 -0.20282712802343
-0.00357720242226602 0.47519102910113 -0.0191045555456755 -0.165949993090991
-0.320778321940096 0.4149117416439 0.0139702308957022 -0.111143863833851
-0.538352961859862 0.0808438223916195 -0.0793345286359581 -0.0453958684568052
-0.402087872227363 -0.495615666255559 -0.0825669605887121 -0.249783193157348
0.163714411982568 -0.644046926316777 0.139827933102629 -0.371698267183582
0.510664698082174 -0.415602948701212 0.464624194092274 -0.256203459324016
0.527557555769454 -0.345624782582645 -0.0828049647240779 -0.236467899093605
0.192494373179535 -0.538435990806718 -0.0296522847430839 0.00628280028443744
-0.222125762740397 -0.472113080099189 0.0318690166121446 -0.0362849303821118
-0.467288977523079 -0.0236608786498533 0.0652561641691779 -0.0389258205583725
-0.356356361930002 0.327815291373663 0.0290638066835361 -0.0600569559919146
-0.0899429357311657 0.459559612619876 0.0440035534274264 -0.0737087798656096
0.140418313653797 0.402676633428239 0.0363290788811117 -0.117809254945078
0.222128169190168 0.377104930083313 0.0117733839119926 -0.100309054898223
0.185758529659347 0.399218352709334 0.00751493438360587 -0.050912400654221
-0.00877603572187961 0.552141905960196 -0.00202580744024903 -0.00595425429458952
-0.3623144126729 0.486597940205403 -0.0451701732685191 0.0107751144516103
-0.612584274804116 0.128481214159868 -0.15587800225401 0.00857049195868425
-0.507761286175695 -0.522587657771882 -0.140874644766877 -0.189387389304737
0.119897068720737 -0.763059836383289 0.08081857806102 -0.268423265649052
0.555712322318283 -0.539702716748503 0.278579317740307 -0.109338845635719
0.555221500543097 -0.413062257556263 -0.297318042284146 -0.0929852203734932
0.174337023225099 -0.629840419386449 -0.0843940623976207 0.157031227014197
-0.286234771852767 -0.524379499956711 0.0265483381839754 0.0184890520645236
-0.524973851915374 -0.0207537632760689 0.0216191434227694 -0.0345107477207343
-0.386077933139 0.350735239099925 -0.0637222640185613 0.0230305582158603
-0.10352118848785 0.485448984297289 0.0193518984353726 0.0911162723326268
0.130122810015343 0.42579048707122 0.0881013030819186 0.0505526991991402
0.202101114245921 0.387476110250542 0.0872102994040358 0.0521445172890308
0.160697359260611 0.401514880873583 0.0766891712770769 0.104913904600565
-0.018196658687712 0.537980742279402 0.0227997079102026 0.152159811945619
-0.346890899557866 0.466793378789623 -0.0893991840279931 0.134979854090638
-0.56519799917494 0.137463022674212 -0.208392068256306 0.0639306332632665
-0.492645532084638 -0.456405817727136 -0.171378749885153 -0.108164329573616
0.0683441675104994 -0.730809550994984 0.0323605840544192 -0.138567710392996
0.506227054728738 -0.560208832136796 0.0900770431114559 0.0549426411432836
0.489423121116466 -0.412323471080348 -0.506552707349937 0.0746099929268269
0.123080943522985 -0.603191275866779 -0.14591526015028 0.314710209552352
-0.290311436202594 -0.471390506134023 0.0130355741097217 0.084410192584695
-0.472868947910224 -0.0106641523289777 -0.0322719483803915 -0.0166981127265875
-0.340786942682714 0.306000757331212 -0.151414725048425 0.112424493007141
-0.0978733615734543 0.422375116693542 -0.00741784948269088 0.24997611056087
0.100022313953858 0.376676265010336 0.129060160619644 0.216053742754941
0.152289513035921 0.338892011409568 0.147942685116559 0.196495624840856
0.110135366991603 0.346008676941593 0.132059865474208 0.239554847919758
-0.0356408914081516 0.434623624627949 0.0412741525585398 0.277732843268826
-0.283140303849021 0.352920002105215 -0.119964328825886 0.227788856659957
-0.419054079816367 0.0941407216500049 -0.229854216331589 0.0918057522562455
-0.367508822462467 -0.327522986282471 -0.16876986544945 -0.0359680285418813
0.0327792777169383 -0.568234977963557 0.000708223085356074 -0.0239102708691838
0.382307869647598 -0.48150691387973 -0.0686558990115906 0.19957538543334
0.329850281500258 -0.335620929471404 -0.663917455886704 0.234820703851893
0.0497522046382812 -0.447918336371322 -0.198359526353217 0.439702958654047
-0.226133356949146 -0.308096901065214 0.000216722369544946 0.148531551570803
-0.309630907569801 0.000300089941548384 -0.0720851478381235 0.00752630040454822
-0.224876555110717 0.195702259661944 -0.207994745288888 0.178370962031658
-0.0748885449867947 0.280827880124968 -0.0291920783068985 0.366205796458493
0.05295303456047 0.265039430618707 0.152750770367449 0.346723066664357
0.0773642042015077 0.23911333972542 0.188777226485355 0.309127884532667
0.0454761867926829 0.243476657193172 0.162379836132915 0.336558983934201
-0.0448685372012195 0.275215034351336 0.0427161318613875 0.351556806616577
-0.189711025123641 0.192696797312028 -0.139759409072976 0.270710299477902
-0.228846077151138 0.0331486385738211 -0.222067341173246 0.0862673454156469
-0.19654349164578 -0.168764150174553 -0.143028763230893 0.009021748189618
-0.00255571219888785 -0.34331552767306 -0.0168100520295461 0.0519788734788491
0.212633680201409 -0.343144431663941 -0.177736770205962 0.298782573103974
0.109826558329244 -0.196292600524341 -0.737882928278118 0.359784533616683
-0.0308001813157112 -0.203895226429978 -0.226910039189854 0.513061337166241
-0.113165696581008 -0.0824643085683318 0.00555106134905238 0.20357440756716
-0.0864694925062445 0.0082658196959609 -0.0757847432381473 0.0292003754272103
-0.0731354216524809 0.049261721746447 -0.219175585862443 0.201037207636073
-0.0442999905284493 0.0908207892127127 -0.0446646297156077 0.413998008543303
-0.00924394689940388 0.108925414237089 0.153346431697165 0.419329789115608
-0.00937694441388108 0.105380077044847 0.199281075640175 0.374736079508116
-0.0198975276570716 0.110227200508307 0.161737102602354 0.385179123851068
-0.0405560115200017 0.0938400639355651 0.0276879573140602 0.376111152257938
-0.0771572509814911 0.0351485061710727 -0.149083643470081 0.270270441028748
-0.0461165277166549 -0.00784000258761006 -0.192896940878205 0.0602836559062073
-0.0526061024383742 -0.0104437416039087 -0.109426583230662 0.0338457740225066
-0.0521872809968753 -0.120437612462431 -0.0306382731577303 0.091304497918941
0.0268372773928406 -0.181309751581995 -0.235345543533785 0.345994112691113
0.102373081438082 0.0251429464620834 0.278975761561723 -0.382891347458829
0.0972369671926308 -0.071619216972362 0.00129073417551001 -0.179896337402622
-0.0172686869940035 -0.112288507874399 0.044970060346711 -0.0306228363087645
-0.10088475245434 0.00584065426508132 0.138344717690439 -0.0081667714050895
-0.0533158860503177 0.0810190502291297 0.177477096083917 -0.200874309596137
0.0214027950526523 0.0813818061857301 0.0304565421424038 -0.360564502898835
0.0668468610836039 0.0420369236854238 -0.11514255272765 -0.388814804577577
0.0884200498884747 0.0373803314789503 -0.171280095504682 -0.370243672607288
0.0797954835679601 0.0508254451361427 -0.14281251141971 -0.378711684794587
0.0194796289553952 0.114237542098185 -0.0128705490255357 -0.358350343276721
-0.0699828176512833 0.113862876665409 0.130095005594437 -0.234328793071649
-0.138493149051762 0.00418530379998333 0.0743312114726503 -0.0791282217193261
-0.0508569004913302 -0.155357439693665 0.0271199136498132 -0.235731899992218
0.123974919578248 -0.0966968958453236 0.200492293350182 -0.40405005544526
0.144631668705585 0.014737789049712 0.659272146876548 -0.373647414485746
0.262623772789675 -0.104719974590643 0.21774718060961 -0.370434753881318
0.140072982946477 -0.21727599137894 0.0139296848535798 -0.156999560230378
-0.0714123817620496 -0.227263499876207 0.0308319735833458 -0.0559209603321437
-0.216821794977688 -0.00571334657892673 0.107741894683708 -0.0133278687514175
-0.158831715947304 0.169977021336759 0.149397988179366 -0.157199268124419
-0.0137770542395163 0.223908284741326 0.0513850455197262 -0.298262632929282
0.105473787058854 0.182053271795829 -0.0714080841718954 -0.342470521752325
0.154071281303874 0.177856900753437 -0.127360395420493 -0.322319220153875
0.133096499364614 0.201876417045573 -0.110577869945536 -0.309312829546066
0.00527987180248335 0.306999623545749 -0.0205799657278543 -0.281200978328518
-0.206481826446878 0.269416190942161 0.0728754504668436 -0.18937434591125
-0.35158929268291 0.0310785613837825 0.00367296058938326 -0.0728599324926277
-0.221047338458691 -0.350898992904809 -0.0199080670402041 -0.256526008767497
0.16844521744556 -0.38645134326252 0.181243889121725 -0.402459237809572
0.352475412452207 -0.205190133584581 0.584761802470582 -0.336539501737398
0.404176445456369 -0.227850701100737 0.097392350686333 -0.321120197904171
0.174485062261224 -0.367274366442626 0.00932604008604667 -0.0983343758244621
-0.134819698568658 -0.344222716427943 0.0295621611866898 -0.0609350255986643
-0.333739624375708 -0.0196237563395072 0.0852107410247312 -0.0301870480423967
-0.260033825675385 0.248692411775143 0.0974191619893785 -0.112885325886589
-0.0524294892303715 0.349224974946311 0.0546029941846151 -0.201486652426534
0.128059961852031 0.301428361640576 -0.0202638942131069 -0.247717886845674
0.197051349212564 0.290444122588739 -0.0630010121006161 -0.226575723661787
0.168739449375049 0.317813980189704 -0.0565406713048251 -0.192130155250886
-0.00149367788334934 0.454984944583687 -0.0161761411791007 -0.156325818527204
-0.303246291270371 0.399036019147173 0.00935795003547869 -0.102757210259234
-0.513306218440853 0.0782898238265863 -0.0756813886034099 -0.0406413405391739
-0.38433531838217 -0.473657863291038 -0.0797976520630993 -0.238598872712214
0.158388165344044 -0.615342388680897 0.135360537345772 -0.3533412922833
0.491359088214374 -0.396662387769674 0.444472030689123 -0.242684892899549
0.502591397751382 -0.330275248325366 -0.0756042775629032 -0.227359830846779
0.184964599828751 -0.51165454156912 -0.0217397530829571 0.00694011652908868
-0.211854167216286 -0.450343673939831 0.0310887978615687 -0.0348871708441418
-0.444209152307109 -0.0229665391485337 0.0592620731544871 -0.0419783739834183
-0.338354168611014 0.313780185442244 0.0239875062854196 -0.0539464773827461
-0.0828905906445886 0.437645665328712 0.0420786318526001 -0.0690928202874568
0.133880734516682 0.384154036933909 0.0324762404975538 -0.112338619640351
0.211779089429907 0.357032646995891 0.0103431686993214 -0.0960981781790524
0.175070002174057 0.381358598958591 0.0099947828843488 -0.0481796984335293
-0.00616735219735721 0.527080565858351 0.000902784978856347 -0.00370329838123717
-0.34334634555737 0.469008594418632 -0.0464696880566054 0.0144458889494526
-0.582841564307112 0.123742195893531 -0.148433637566268 0.0123154157749008
-0.484441958665382 -0.499774828970946 -0.134089956926769 -0.180460065429323
0.115839959006458 -0.72979677768225 0.077806074252593 -0.255644233636161
0.53533696326594 -0.514643572929054 0.268022267900636 -0.103412419817722
0.529235455808122 -0.391825633560719 -0.282063007123936 -0.0910040901559777
0.167782160385354 -0.596889239213123 -0.0748500239904253 0.150520292329853
-0.27419501494675 -0.499531487320384 0.0265614306734911 0.0190692698395708
-0.498718897519909 -0.0190939660468922 0.0182168399972114 -0.0385773579271664
-0.366085734688702 0.336908660639477 -0.0639250912672863 0.025652309217405
-0.0961854616475602 0.461794433274215 0.0195271191138785 0.0878165803723577
0.124493161476087 0.406620031268715 0.0810358954189971 0.047519032522284
0.192652866263699 0.367161311742501 0.0821727307599867 0.0487693055104285
0.153529010210519 0.383784196070164 0.0759192041713873 0.0993159672744489
-0.0161504339533715 0.510603892218278 0.0251545351521615 0.146623816437037
-0.327745351289064 0.446806542530662 -0.087371173978689 0.133918174692733
-0.538751158589049 0.129376477592424 -0.197574315946494 0.0649664641015402
-0.469702391835948 -0.435124610295885 -0.16105539124636 -0.102672306123659
0.0655795497676449 -0.697477832694913 0.0300817667661433 -0.132411131040542
0.48752468014626 -0.534084596911374 0.0865653972888682 0.0523260353811333
0.466101264421509 -0.389937202840438 -0.482695456135609 0.0693899695097474
0.119834417570387 -0.572970959263288 -0.135391517805001 0.30069252517521
-0.277591847743978 -0.447761315450698 0.0144892745077961 0.0830555391897483
-0.451138374395156 -0.0105350002461934 -0.0328555075250679 -0.0204392651894878
-0.323117834615953 0.293143490119832 -0.14656575968826 0.110908505787563
-0.0918835998083613 0.402396321825169 -0.0058835367195325 0.239710003314921
0.0965358480281169 0.359848477123339 0.119673857224069 0.203517628611353
0.143314724841444 0.32274527206183 0.141044450722933 0.186619536400444
0.104484671287229 0.33041836332777 0.127790855710974 0.227228332707759
-0.031767829870566 0.413830856376525 0.0430240926105941 0.265051331647156
-0.268393828627665 0.338916432512104 -0.114762043911204 0.221768160681316
-0.397981248239105 0.0890730475628543 -0.21771744259332 0.0924640860285105
-0.348737251133689 -0.310899865124868 -0.157478213492967 -0.0337735687373469
0.0313990655397546 -0.543072800776218 -0.00118184479144795 -0.0236370598126468
0.36787190589172 -0.460141841688045 -0.0664288864355898 0.189878841165503
0.31495807902697 -0.319047705729108 -0.636753628445635 0.223056692153615
0.0476982453030632 -0.425582098638989 -0.187163845986781 0.420445614249815
-0.216590726654959 -0.292232727293025 0.00303178991983541 0.144718652748243
-0.295535589310527 -2.06659129814429E-06 -0.0693328782414294 0.00394146366258737
-0.21392625140364 0.187231192293955 -0.199666026144275 0.173497672886125
-0.0704251343575582 0.26752021273683 -0.0267475762317459 0.349953267054415
0.0506209501528996 0.252601801242578 0.142429033340681 0.32859482645973
0.0727382881909215 0.228302097815115 0.179323518984226 0.294548941825143
0.0431983716591644 0.232560900354776 0.155112578383236 0.318825232436008
-0.0423240648625308 0.261579776701945 0.0442505464579085 0.334834185998081
-0.180250981584599 0.184545009638544 -0.131401060522382 0.261438303571472
-0.21600456267171 0.0317114344593596 -0.211223806784038 0.086117937191556
-0.186303226528882 -0.158845566335863 -0.132745333937006 0.00933025687144395
-0.00474291299366908 -0.326116597055725 -0.0192141790855926 0.0480737942249668
0.204243928325536 -0.326800696732669 -0.17104843521588 0.283480274175048
0.105201279007836 -0.185549272232947 -0.708415296955053 0.342156994001486
-0.0304931430335903 -0.19343300598977 -0.217975923684807 0.489993219938889
-0.108085456798802 -0.0786224773686553 0.0079285522229302 0.196878513705726
-0.0824913861280826 0.00684187507962633 -0.0717838483179524 0.0264666148765707
-0.0695286420673605 0.0477304373762875 -0.208498051572579 0.1936122985972
-0.0429006545105666 0.0868882257564097 -0.0405501560156925 0.395412196342977
-0.00887373832186643 0.10474296921505 0.145803548602497 0.39842523831394
-0.00986806979913672 0.101262384880681 0.190194957980333 0.357349090766203
-0.0180960499391632 0.105607680703997 0.15413907723816 0.366758769798059
-0.0381668902048915 0.0882762906412191 0.0284062454070973 0.358517027965546
-0.0737321905521782 0.0333357162011979 -0.139317296329417 0.259695308617081
-0.0426206160534527 -0.00804028319554566 -0.182643027679235 0.0602626747321262
-0.0483446408488974 -0.00810236907747021 -0.100523300576329 0.0330259765088058
-0.051627103136538 -0.112881345298859 -0.032643740137127 0.0853409187814587
0.0247593871312933 -0.17130054789025 -0.2237854331025 0.328536779027832
0.0997962853342741 0.0274247894982704 0.285491016862781 -0.367507401712662
0.096817707401817 -0.0690827517346194 0.00958681297750601 -0.175800608472457
-0.0154190995326977 -0.111982626091913 0.044403553043787 -0.0307652868417645
-0.0990815301622526 0.00338286163275764 0.135570345345544 -0.0059537618612856
-0.0539305032225471 0.0792057661854615 0.175836099011924 -0.19320928445496
0.0199936867512003 0.0801657706025648 0.036223515488652 -0.351741132248089
0.0645797506533824 0.042019255121532 -0.102696993520655 -0.382089814186529
0.0855889177879597 0.0378885857763142 -0.158714520086915 -0.367558830471296
0.0763684958731864 0.0505910500969578 -0.130353107080048 -0.374527447245608
0.0172209459953265 0.113612657191408 -0.00342242831084759 -0.350304288283461
-0.0702126474621048 0.111110746773771 0.131508521160277 -0.225878693360638
-0.137062188409086 0.00107958837912662 0.0736444307387726 -0.0760903902732119
-0.0467998338096005 -0.154287918741039 0.0282965912969692 -0.230921932974361
0.125569934329571 -0.0930345892630906 0.209234347260211 -0.389435737965239
0.142794313574645 0.0183897659642349 0.658786481012353 -0.348881335424001
0.259679426586781 -0.0954618073631821 0.226997572456854 -0.358043295433207
0.143590503887994 -0.209132393496393 0.0229067839882007 -0.153847919423851
-0.0645604205124686 -0.225452819407474 0.030201816883567 -0.0559583065873523
-0.211702471521749 -0.01115135546993 0.104159586648497 -0.0128429201936558
-0.158811554987982 0.163803902460603 0.147273708500138 -0.149324551378534
-0.0169601523822174 0.218958942971899 0.0565989589464643 -0.290962821848502
0.0995994034261979 0.180729181114654 -0.0630716079697002 -0.33641005660077
0.146874863306421 0.176420751545127 -0.117219723264171 -0.319068492546307
0.124498444257519 0.200554940396766 -0.098632100359489 -0.305341759058407
-0.000523961313425293 0.302770518069235 -0.0120220432547689 -0.274815998482054
-0.207440748568077 0.261425326654198 0.0731474741012039 -0.182072218733526
-0.34630208091595 0.0215012593201334 0.0049242009979859 -0.0702433353912576
-0.209652951285292 -0.351110132646546 -0.0149759072470743 -0.253698784777829
0.175872358175571 -0.37668064156387 0.189911960617925 -0.390141648711512
0.35445606452462 -0.193024888491332 0.585612194725312 -0.315374007133797
0.401886063073089 -0.210211132392218 0.107621544535323 -0.313724635158033
0.181023300597931 -0.354294312061767 0.0182367323318593 -0.0968098980811558
-0.123249571264424 -0.341709480797252 0.0300414575312615 -0.060792830682524
-0.32583798968103 -0.0277217729125102 0.0815041457412625 -0.0314460553608956
-0.259608037351986 0.239224245358608 0.0950393804171957 -0.106224701294862
-0.0573636798561223 0.339808914320423 0.0576358415290514 -0.19553844434699
0.118598219102737 0.299747364149916 -0.0154319410497404 -0.242966410131547
0.186113072363418 0.288957395774346 -0.0566795960569641 -0.223568444671436
0.156165199284972 0.315442926683984 -0.0481349361784326 -0.189729982172125
-0.00936301864856343 0.446362226342693 -0.010495588612891 -0.152318424072628
-0.304142915727668 0.386796292649585 0.00909906693436203 -0.0971674200314927
-0.504215417383616 0.0648796850762559 -0.0734422488141659 -0.0394615952492831
-0.365330680001996 -0.474948662543451 -0.0740940348495059 -0.236802601053012
0.172406593052153 -0.6021453850233 0.143444031673472 -0.342192527930109
0.494296689248565 -0.377046406990597 0.44560947424853 -0.226410709940714
0.501980080122647 -0.309069963512232 -0.0655845398941595 -0.227270236092293
0.196965861124821 -0.494371782479044 -0.0144140505773093 0.00573571851594865
-0.19720830079958 -0.446959195522387 0.0320204145715125 -0.0335973240176236
-0.433550884028785 -0.0343054044363256 0.0564843791705832 -0.0451255178368972
-0.337078691857708 0.300772740125047 0.0215541800476528 -0.0492307943952111
-0.0905487390451015 0.427580015528074 0.0430819839811077 -0.0657125077711528
0.123293970121768 0.378605236230644 0.0319806981447999 -0.109655017918939
0.198052536030497 0.354112486839864 0.0121259239164937 -0.0943882512983215
0.161879594261628 0.377899822087733 0.0141142585817212 -0.0470055682407558
-0.0167756834813649 0.518386221460297 0.00367621243473024 -0.00222761212170285
-0.345910950038189 0.453704562347193 -0.0486105112366453 0.0172492366878995
-0.573353843673022 0.106580027160303 -0.145005274705682 0.0121534946879311
-0.461804875034508 -0.50241390052714 -0.126505652454734 -0.181186436221072
0.133153948069833 -0.717272638941173 0.0832169239626305 -0.248537778770587
0.541646307532025 -0.49548285734112 0.266409600810222 -0.0960109689479959
0.530470612815806 -0.36932129848279 -0.272835137372323 -0.0988707378090761
0.181807155318803 -0.580598071093124 -0.0708687254593056 0.145984954975464
-0.256694710180498 -0.495319254631333 0.027375607503511 0.0201952785158499
-0.489016622491904 -0.0307665488758453 0.0166456540334776 -0.0424424915202344
-0.365950506057372 0.321864808396485 -0.0659501576162309 0.026817595952646
-0.105112495550898 0.451566161810725 0.0178987762887371 0.087586377815954
0.113401057728865 0.402014958759792 0.0754825095999021 0.0476559694475542
0.179696406525624 0.364540862429975 0.0790269613225545 0.049614443553354
0.139762797271667 0.38083985989039 0.0750543048553438 0.0990156859049637
-0.0248470940478356 0.502645991715539 0.0245568578333481 0.145728604044064
-0.33026093777338 0.433019938497867 -0.0901002713018907 0.134148851630058
-0.53091439669553 0.114470645309516 -0.195255304335176 0.0637265838947583
-0.450126445028211 -0.436410489337297 -0.15378265146838 -0.104793146476826
0.0819314209385616 -0.683965803083795 0.0320895035979184 -0.130240547988312
0.494681018470444 -0.511922653778147 0.0844475831502431 0.0523115182698326
0.467913473414637 -0.371199083636336 -0.476651456346922 0.0535077065742282
0.132359147643445 -0.556825243420374 -0.136768411019373 0.292163437432778
-0.263486495478217 -0.445714937311702 0.0144179559749606 0.0839940166618718
-0.442378234376784 -0.0217862235580347 -0.0339040241800615 -0.0252146596322268
-0.322604136706037 0.280886973957195 -0.14796309577484 0.108762926290688
-0.0987944067237351 0.393359740210995 -0.0101333378629533 0.235873581077053
0.0868251857166861 0.355328917384195 0.109791500530201 0.202068760385959
0.133526214325087 0.31947082246395 0.134442198225697 0.186739125953768
0.0946633839406976 0.328346893450996 0.121936131869898 0.225736873623414
-0.0389876888465464 0.404084007984661 0.0400751806297712 0.261412082285666
-0.270142133703078 0.328518394584566 -0.11720369961646 0.21898462605916
-0.391051409292682 0.0766631170146167 -0.214831234450178 0.0893079623871058
-0.333356575673017 -0.312062017112807 -0.150870718740363 -0.0372494171078183
0.0431065864041232 -0.531847790199205 -0.00246622969000707 -0.0243340600402214
0.372811340571919 -0.442068595078437 -0.0695353641445381 0.182799512371468
0.318879930984101 -0.303056780736396 -0.632905737741843 0.19985302753838
0.0576112713131926 -0.414977019786943 -0.193071226944317 0.408179561264985
-0.2056709733478 -0.291116025393174 0.00177593908972251 0.144169758876525
-0.289829259830001 -0.00773334400915759 -0.0698849105148505 -0.00126673218240359
-0.213197632136256 0.179354628271993 -0.200337798557458 0.167705942167214
-0.076088171536845 0.261452282122251 -0.0332170643863899 0.342679220850555
0.0439142725211616 0.250136761392012 0.129492558339267 0.325164311010555
0.0652677888950146 0.225918996716871 0.169410221717142 0.29303547537495
0.0362827599236648 0.230053385350183 0.145866051708761 0.315688755777523
-0.0468489819965509 0.254805873448711 0.0387234212624832 0.329345178041844
-0.180554512424007 0.177276464721811 -0.132764337711591 0.25670146557834
-0.210857166732803 0.0247711154380996 -0.207375178369078 0.0829877800174436
-0.176688077512091 -0.158427615161049 -0.127328539381142 0.00621691778243927
0.00287663428868617 -0.318650812812257 -0.0224968171269271 0.0450923624983111
0.207143738245282 -0.31391160145358 -0.17507792988743 0.272397776512079
0.108724510603293 -0.178074956095194 -0.708720902774027 0.316942867865149
-0.0250539781976079 -0.18921713910051 -0.228540768648563 0.476545450273996
-0.104414799766178 -0.0791371874698253 0.00597362243813559 0.195764381041883
-0.0813879317596343 0.00393414990062462 -0.0706430409386233 0.0224680984630215
-0.0695082265356513 0.0449540870653718 -0.209388641400102 0.186444245806216
-0.0447863362800088 0.0842407644384407 -0.0495442288487269 0.387192622780805
-0.011933845325509 0.10251940289958 0.13061423722007 0.392367142896149
-0.0132290376926428 0.100399703089501 0.178864167926376 0.355585581994944
-0.0203532154174723 0.103598096516244 0.14165697358001 0.361519920482753
-0.0394577383255312 0.0843445155624153 0.0226685152712498 0.351289195182605
-0.0737244036781279 0.0303058276275304 -0.139232840766127 0.252937371906878
-0.0401475087024039 -0.00985681635490476 -0.180171088075677 0.0575677397568988
-0.0451635497546042 -0.00758160224994047 -0.0964358778472389 0.0306531431898623
-0.0494012677965909 -0.10900394008777 -0.0377752608153327 0.081236101106179
0.0270697950616827 -0.165970113211696 -0.228837478942919 0.313525566630975
0.101466855527411 0.0306996777712894 0.304632842104175 -0.368933780404314
0.10042860988691 -0.0687495362949973 0.0179210551840402 -0.178142105045595
-0.0141744658239083 -0.115937455984198 0.0449368058100911 -0.0328535545364084
-0.101401222998253 0.00170912947092052 0.138381561566639 -0.0045155081039718
-0.0567757269387146 0.0805476427341689 0.181176971864883 -0.192885139884463
0.0195531561176379 0.081752045885932 0.0434054828480186 -0.357118954859471
0.0654165942131925 0.0442545750172467 -0.0948829108717128 -0.391911018812841
0.0862151507641804 0.0393218956838253 -0.152857283895454 -0.378763409548478
0.0756511755821015 0.0532000200434961 -0.121548512458232 -0.383874421671571
0.0158740783379116 0.118025444743228 0.00503100234666719 -0.356006246366279
-0.0726892015814182 0.112993335122823 0.137725480226267 -0.226354097767862
-0.139915125558026 -0.00157623296865185 0.0762791401817565 -0.0750139584978718
-0.0436932257773109 -0.160176519283557 0.0316731572212297 -0.23572972588939
0.132418535944429 -0.0926194376604817 0.225561165590839 -0.390025139993341
0.146058169847544 0.0224520146412906 0.683123526262291 -0.335544499347836
0.266878041480142 -0.0901846533353557 0.242810695899034 -0.360069385214128
0.151897152976135 -0.209373843228494 0.0327322620460613 -0.156443893769882
-0.0610835471496757 -0.232208695363129 0.0320810576007955 -0.0583823831787746
-0.214857802358697 -0.0167349767708424 0.105328355136857 -0.0130577545999192
-0.165226898296256 0.163990837188013 0.150870816364565 -0.148015618357133
-0.0214402496347863 0.222613694468088 0.0631123567181781 -0.29485292563236
0.0974101636025487 0.186486960811513 -0.0550434422761512 -0.343747930171809
0.144976011287792 0.182582812505171 -0.111287396317019 -0.329094390975971
0.120472179647477 0.207794071017776 -0.0908785206585867 -0.313258260317563
-0.00626130082012618 0.310015473834868 -0.00439935169772917 -0.278687185909384
-0.215401086506732 0.263607382989298 0.0763439309215235 -0.181648738875902
-0.353894646603014 0.0143410324261967 0.00611016974677872 -0.0698505844219582
-0.206323123661629 -0.363343102566212 -0.0117241677593156 -0.259789958076033
0.190532301063048 -0.381187438325018 0.206186294489059 -0.390643466090374
0.367493982842161 -0.18758832676297 0.607365816818562 -0.304529785493113
0.414003003599186 -0.203679551818114 0.120482393722224 -0.31837311862719
0.19518572744914 -0.355729409370333 0.0281652862738116 -0.0981675425605735
-0.117455777963339 -0.35039930380918 0.0322418065140635 -0.0629260400218745
-0.331016696299592 -0.0366772198771524 0.0806442365243583 -0.0330970508877514
-0.26980826978937 0.238417140937759 0.0963165257437656 -0.103471270202248
-0.0665256862773887 0.345937836788158 0.0634474421476055 -0.197231449915861
0.114712080646184 0.307701120617958 -0.0106257724814164 -0.247241427266025
0.182757065969294 0.297571759545928 -0.0523509091354761 -0.22996250702925
0.149964562380265 0.3255088416513 -0.0414718028544188 -0.194296167701026
-0.0188400857288833 0.45650599048437 -0.00436124003164998 -0.153430130570449
-0.31699741342564 0.390370646021358 0.00870747423203463 -0.0944488651455395
-0.516931485062733 0.0543540868552517 -0.074354276507002 -0.0391476303903568
-0.361258604096149 -0.494043264018532 -0.0709321268927846 -0.244632713288883
0.192333304037876 -0.613012270972177 0.156964607119037 -0.345708689951916
0.516528690211346 -0.373405227551263 0.461812551093234 -0.219206617281348
0.518886790759697 -0.300470386337553 -0.0590687866292217 -0.235656443836879
0.213773716080656 -0.496929888233181 -0.00746333442090888 0.00522383210531242
-0.189050401854599 -0.459681783642479 0.0345860579142386 -0.0339472003469127
-0.43935664584413 -0.0461144219214411 0.0554729833029979 -0.0483857713817685
-0.350042470438665 0.299336152102626 0.020395721950266 -0.046644734900107
-0.10080267791999 0.433150072961859 0.0453167244520159 -0.0651642370079727
0.117547410588629 0.389616993196084 0.0324227516897525 -0.110605767533936
0.193636752666245 0.364401767355642 0.0147808497737839 -0.0962921406323623
0.154594591943792 0.390932060833711 0.0184008828535715 -0.0477354840352003
-0.028405972320075 0.528702478449021 0.00679592798800585 -0.000611578765966898
-0.361084592178072 0.457550770075496 -0.0515895127048186 0.0216650650934127
-0.587305245962089 0.0938415975901431 -0.14767302819622 0.0119784901517686
-0.458447293067078 -0.523965191920404 -0.12459984893108 -0.188799292479286
0.153409855882974 -0.728933983300882 0.0918927168310239 -0.252192460554778
0.567478652987668 -0.490650921018056 0.276155488980252 -0.0914191270032327
0.550112821304193 -0.361866594303533 -0.274953494531365 -0.110200522705957
0.20063425714213 -0.585467719783119 -0.0693124689258862 0.146693356608174
-0.249853194565123 -0.510034920723328 0.0293132760215999 0.0215320694387486
-0.497036490759664 -0.0439218107662872 0.0148680037646153 -0.0470899559824174
-0.379400309769365 0.320705569294116 -0.0700709329345976 0.0295290654683503
-0.115963664419092 0.458727456427468 0.0164678237703224 0.0905672417726509
0.107402695866849 0.412314467931557 0.0728578025002127 0.0499072065036806
0.174224494746611 0.375264323518785 0.0793959187998703 0.0526875891361086
0.132037296353019 0.393600141007035 0.0772591457091023 0.102500871620262
-0.0363159504996364 0.513864771157859 0.0248848820014058 0.150076761178039
-0.344635758539286 0.437169647212757 -0.0968943920785644 0.140058016163432
-0.542010681433663 0.10375664612329 -0.19959933392579 0.0637172978458378
-0.446629987820474 -0.457987607578107 -0.153120818225783 -0.111405707635082
0.0999505221393307 -0.697922612687307 0.0351879729918502 -0.133115618068563
0.519553683671345 -0.511791183659682 0.0856986246443608 0.053394656534263
0.48642453479083 -0.364375243356065 -0.487231318051303 0.0400652208452278
0.150457753965022 -0.564654056414652 -0.141851223343262 0.294202859248492
-0.256618786087495 -0.458927158117081 0.0157414641783915 0.0870289411523704
-0.450326186517442 -0.0334306151705279 -0.0354622197923919 -0.0298918218655175
-0.334376137724379 0.280490675317994 -0.154687977040979 0.110352813225117
-0.109682787538479 0.399787022272792 -0.0149534096457035 0.240702860790735
0.0799551728995042 0.365489063068435 0.103455898957548 0.207448511835053
0.127405785665619 0.328534787771827 0.13196909007008 0.192994163310363
0.0876033366399148 0.337852743174212 0.12145573138468 0.232435396480772
-0.0485198075161357 0.412882053354391 0.0378480790129021 0.267933946911316
-0.280745939023332 0.329670397907621 -0.124760305845822 0.225162230978587
-0.399076469143639 0.0688026524956462 -0.219558705100572 0.0901336081471239
-0.330440675747532 -0.326209787909526 -0.151259419337066 -0.0421303765803095
0.0563202274672904 -0.541988611046431 -0.00379009664903889 -0.0260137273568349
0.393732559956426 -0.441501999901766 -0.0751253196855683 0.183132542994831
0.332756269391705 -0.300312138559553 -0.65152261650569 0.187564500493041
0.0699047394894352 -0.420537988176767 -0.205591322962607 0.41155343132971
-0.202544343983554 -0.30032207989305 0.00185839106673516 0.149396573233332
-0.294706708512667 -0.0151181000666013 -0.0717168567781996 -0.00498273405833121
-0.221071652781873 0.178508143106696 -0.208530645006044 0.169289673847434
-0.0840191938456727 0.265340705342443 -0.0406158858809354 0.34937326418623
0.0391477864849545 0.256605973971428 0.120524048298396 0.333312022215798
0.0597951766409842 0.232704112490559 0.165455505183137 0.303507533074654
0.0311315264180555 0.236327453220949 0.142957292516345 0.324919024432126
-0.0535048546445181 0.258243506003985 0.034589158206141 0.336079311361419
-0.187973156398032 0.177756110423328 -0.139977572300512 0.261633577060489
-0.214375714654161 0.0184049874322166 -0.212641350873876 0.082282232126665
-0.174048149609625 -0.16425478984049 -0.12677770135729 0.00335616804055084
0.00935541785594037 -0.323636729664533 -0.0268635002544546 0.0442643756119021
0.220177026899732 -0.313594295582666 -0.185447051334186 0.271163766024126
0.11567319317776 -0.177853247290912 -0.734646944752637 0.305751064810512
-0.0211620965484381 -0.19321638538046 -0.244045813455552 0.480870358455414
-0.104019818506778 -0.0815700982026146 0.00432551432886376 0.201472729672143
-0.0829253943710107 0.00158692535032886 -0.0721605856905528 0.0199487940494706
-0.0717306335788282 0.0440315395579945 -0.218048411513037 0.186334077181786
-0.0487447504284201 0.0858377548366086 -0.0602359014616139 0.394573763051011
-0.0156243521627395 0.105468371425365 0.120029259953346 0.402117633762314
-0.0165651377703101 0.102932355750764 0.172414913302803 0.366545650174605
-0.0228557146745482 0.105639978166297 0.136655237255011 0.370909242618629
-0.0428296858371153 0.0833132015372049 0.0166847707040091 0.35760519698753
-0.0769767031124231 0.029338842100017 -0.144926080741273 0.255714582424937
-0.0395068717828046 -0.0121358361453283 -0.183366447758946 0.0569307208234626
-0.0436898907778916 -0.00701766673345344 -0.09613478895993 0.029697254767382
-0.0499585957697989 -0.109841361866637 -0.0432670743721826 0.0808140785160927
0.030827346166511 -0.167118616276468 -0.242352273041902 0.311837759496714
0.106777972790603 0.0329679258153079 0.323419183011231 -0.388678547575125
0.105519664877203 -0.0728727531613998 0.0231513599599935 -0.187399375682828
-0.016406675916205 -0.123592333977179 0.0468712896773261 -0.0366246952425187
-0.107693109869795 0.00191289812537315 0.145016989868027 -0.00782132313527124
-0.0598086440036099 0.0866620271176638 0.187646146560435 -0.203843765373534
0.0224799572695233 0.0849724448503868 0.0436115473108671 -0.375438136054175
0.0696990728393547 0.0457527370906707 -0.098854458121154 -0.411488539447342
0.0906533284992544 0.0403691482100991 -0.161078563033588 -0.399430553523123
0.0786035632639928 0.055231786511451 -0.126080091703619 -0.403960346906649
0.0184281139388204 0.125606821106753 0.00567501526603947 -0.373907903867734
-0.0742859150157857 0.120454542252042 0.142984901683328 -0.236838323266246
-0.148147561780856 -0.00132355790999035 0.0790660316867165 -0.0786149674812123
-0.047643866733139 -0.1693888112703 0.0287684775541668 -0.24814203475803
0.140951420522214 -0.0991398784614283 0.238194982922613 -0.407754802541073
0.155071164804716 0.0239419947230269 0.71946252488498 -0.35423071539627
0.280247449764394 -0.093529664089259 0.259059252664953 -0.381168266580575
0.161124995254285 -0.220313222247892 0.0399933416903474 -0.164620240371148
-0.0652606136303559 -0.244753511813698 0.0328103426191615 -0.063436062729218
-0.226253492717981 -0.0177186717514141 0.108242326864962 -0.0164820180713328
-0.173621522127588 0.174909579310582 0.155440665208528 -0.154794386229932
-0.021490861557067 0.234227005034268 0.0650810045723684 -0.309884311749324
0.103481306083464 0.196001350978462 -0.0590550348738901 -0.361339832158393
0.153248304421285 0.190056512113263 -0.116609402580502 -0.345793369674622
0.12580719246151 0.218651750059235 -0.0929766741529295 -0.3299284405488
-0.00457283366007569 0.328392487025054 -0.00370239912447889 -0.291777753372066
-0.224792869545087 0.280087319637799 0.077861373680463 -0.187883750360711
-0.372213938010513 0.0160175846102188 0.00587481991693445 -0.0719819017554977
-0.217805828233089 -0.385280659952023 -0.0153280572823037 -0.274511893440164
0.200984001239978 -0.40401631341397 0.2194181764458 -0.411237762701024
0.389129885088075 -0.198216620382343 0.642383989537776 -0.320454837948647
0.435932504537264 -0.214244699455466 0.128657487601577 -0.337203511632705
0.206743544767833 -0.372911825946202 0.0363495022863278 -0.10468751500811
-0.12356202022588 -0.368504069432918 0.0341873028140571 -0.0680338512920216
-0.347111665663643 -0.0397531509531613 0.0818743063773567 -0.0388021773644898
-0.282139895983736 0.253020491188344 0.0986135509964863 -0.106946595244085
-0.0679550007561269 0.365118779067457 0.0658081838645859 -0.20695581136331
0.121887801624226 0.324367783663274 -0.0133655254530195 -0.25988869196881
0.19299153876154 0.310433342200764 -0.054485824286438 -0.242243617918066
0.157015783656188 0.343471236988999 -0.0407068424834921 -0.204688458698901
-0.0168885078451907 0.482386191622301 -0.0027806713571012 -0.159463096903412
-0.330907981551242 0.414410908290557 0.006762774679737 -0.0945230819281746
-0.542898233742595 0.0570316557246586 -0.0775946147703083 -0.038443740447751
-0.381015761868642 -0.521320004621121 -0.0761707741667057 -0.258436358891672
0.201410430220192 -0.647895021367176 0.166925789197239 -0.36369377510036
0.547663594532002 -0.3932508758098 0.489283551264061 -0.232443548986901
0.54597522797437 -0.316334187469552 -0.0601287868277527 -0.249807576311231
0.226526535551782 -0.523023694733008 -0.000420268597421419 0.00383078929612746
-0.198921486959301 -0.480755331088724 0.0383743748746491 -0.0371724798880449
-0.46162242516963 -0.0487446684250957 0.0549832111367034 -0.0552064103769491
-0.367236094783466 0.317587062987834 0.0188551414751736 -0.0460157433227223
-0.103740193271332 0.457702096394424 0.0478811222025482 -0.0683924996056434
0.124674170810258 0.410604241952608 0.0317868453570668 -0.11621302990779
0.203154801265082 0.381887190912151 0.0160251042690886 -0.101566412111693
0.161738005464991 0.412215966158842 0.0226459264112348 -0.050893788202296
-0.0261568805323577 0.560232235459808 0.0106034375808834 0.000924661497406061
-0.378553758099912 0.487549738413616 -0.0562601202014397 0.0289914263900596
-0.617788560568046 0.0998303784609739 -0.154691903810887 0.0165475328812158
-0.483655967871758 -0.549861768875017 -0.13230201428008 -0.199165771256278
0.158889187328141 -0.77122172746525 0.097515828412264 -0.26588745575314
0.601381721995354 -0.518236033914089 0.292662554640161 -0.0991035091210401
0.578061764939733 -0.380826420007689 -0.289001917492651 -0.117874100874471
0.21201061054341 -0.61449225333765 -0.0664553064868621 0.152966019610962
-0.263001927916482 -0.535875327724257 0.0345789759580309 0.0228782174459279
-0.521506684032303 -0.0466405338357954 0.0125268629509463 -0.053616398437688
-0.398148215174955 0.341258422088574 -0.0752273272151562 0.034606516253507
-0.119988850590289 0.485297648019238 0.0184126379016253 0.0961474701445265
0.114816087776444 0.434318966588303 0.0730304546127876 0.0522555368742522
0.183304910000089 0.393473042433454 0.0843631049794623 0.0547954975799186
0.138963661669354 0.415856980418867 0.0842813239391952 0.107545313537379
-0.0348592301816516 0.54196534506606 0.0304359561386593 0.158987318283627
-0.360769436811865 0.464483438479198 -0.101732300512619 0.153651640739829
-0.568327258405445 0.10943551235069 -0.208084676673112 0.0715339093715092
-0.470439012851706 -0.480737924882188 -0.160674325796649 -0.118174127422881
0.10357649781807 -0.736743827438433 0.0371731086162282 -0.140596597747293
0.548158832049426 -0.538400987694929 0.0915946195313927 0.0540552792622866
0.512532553107273 -0.382423316106124 -0.51429096335659 0.0409151803256434
0.158675433996842 -0.590735445666362 -0.144672725718581 0.308714491308694
-0.270506597512252 -0.481776001733103 0.0202802547297591 0.0929634685856317
-0.471365582352577 -0.0334234095204674 -0.0390609797099548 -0.0353976643047729
-0.350689755044637 0.29639675708336 -0.16282250883435 0.120305280810017
-0.114006552232745 0.422154744197756 -0.0139021678782021 0.254415300591686
0.0844383958556352 0.386396220244503 0.105720663475234 0.218382925066304
0.133467509904259 0.345429613275121 0.139946417723469 0.203093674721789
0.0921588102885354 0.357633220617902 0.13089123165005 0.243916975359326
-0.0481842841046768 0.434266282275055 0.0444233872776369 0.28207982816175
-0.294483390710127 0.350005137710895 -0.129642094382989 0.242502133637358
-0.417717152586165 0.0719220946974193 -0.230269627214092 0.0992378514032665
-0.34711719365891 -0.340990698546705 -0.157434269605778 -0.0448022985274497
0.0563769110872648 -0.570266237447492 -0.00572389555687657 -0.0282211234941584
0.414726915672125 -0.465179430646282 -0.078335606272815 0.190463220586685
0.351228230702276 -0.314713254776357 -0.689568901572798 0.196076149102878
0.0752104222827878 -0.441691146383083 -0.215180196064592 0.432952998951808
-0.212096216640983 -0.314948469398393 0.00590452030074207 0.158531619933149
-0.309762120717655 -0.016529115716027 -0.0759347430157743 -0.0073513689902741
-0.231809254712482 0.188892439899301 -0.219441531029055 0.181303097258749
-0.0879076119463362 0.281074799081106 -0.0413698390370109 0.369034447470171
0.0409567309037585 0.270739738939363 0.124673100815136 0.3501143137516
0.0626549861383314 0.245273214046585 0.1741590516232 0.31872705519465
0.0332561232519983 0.249612938286556 0.152958277348522 0.340889659724143
-0.0545488629906769 0.271181550207202 0.0405338372036308 0.353570985438875
-0.197015241514133 0.188425560374144 -0.144830528786244 0.278285212380536
-0.222867328777046 0.0186658762993967 -0.222347674291539 0.0905786846913231
-0.180297025977839 -0.171090750309199 -0.130919068829894 0.00332456425036829
0.00681347981236981 -0.338913633272773 -0.0311831366782049 0.0454860564698938
0.231262426049948 -0.329246191739419 -0.19477914542931 0.283341729455158
0.122332791758489 -0.186877370386102 -0.775861443524628 0.320949974448195
-0.0226606778398029 -0.201273752249644 -0.258887458214191 0.508881284156481
-0.108909623688658 -0.0839656021196656 0.00827197957687855 0.21424073797109
-0.0869639947425413 0.00086184955363283 -0.0744482313458104 0.0191011049956977
-0.0752222613125182 0.0462229960549092 -0.228390389694321 0.196982432182292
-0.0523192318219983 0.0913795474495199 -0.0598845780233936 0.416435348793897
-0.0170326217980793 0.112364888750902 0.126490471348087 0.423161486165565
-0.0184555909504774 0.110382637059422 0.182592690769682 0.385885649463182
-0.024028312012473 0.11182129012471 0.145733480430938 0.391026693976781
-0.0456943212127192 0.0863426951171478 0.0214314142504621 0.375469600912503
-0.0815745405115307 0.030606826515128 -0.149024648515887 0.270377420904928
-0.040397264391421 -0.0140991048496971 -0.192624197536841 0.0630870552226836
-0.0430410537340435 -0.00571401028016268 -0.0985895609239408 0.0316985793496431
-0.054460564966493 -0.112533270552291 -0.0491919055048466 0.0840922833988785
0.0308863524617709 -0.17387892885787 -0.255125232745408 0.325848893303707
0.121805223334296 0.022243145998359 0.265437586019775 -0.466764275465808
0.101781283890284 -0.0933136508638352 -0.00575039052333146 -0.196929467594231
-0.0392387416991223 -0.128958221498013 0.0463297170386927 -0.0434264975027677
-0.114042356679587 0.0209812956693775 0.153848873822145 -0.0383046280265891
-0.0462904509836955 0.103869459366772 0.159025995877932 -0.252865724789039
0.0386858712742486 0.0867204986887816 -0.0230313334154822 -0.407338070379843
0.0811548197409383 0.0372737870531787 -0.182758907703554 -0.421258480800295
0.104155007162458 0.0261753634529333 -0.233727128687828 -0.390876157749317
0.0929306244259341 0.0432020203967113 -0.198283592440942 -0.404741851964257
0.0442385510187054 0.129574041763321 -0.0538962380408573 -0.39214066389289
-0.0537788694201063 0.140684706202587 0.112861693485447 -0.272147699194966
-0.154834320616633 0.0232248122584034 0.071580789904057 -0.093242561520434
-0.0786696083564104 -0.16780411766592 -0.0170126361247295 -0.263469562700151
0.129478516458918 -0.123071904137797 0.182097389001478 -0.469614177617426
0.159726481982315 -0.00123458375647933 0.705493954526937 -0.484253494720134
0.283328119844281 -0.144927115320185 0.195145735689246 -0.426773312432469
0.138446603949346 -0.257228267973531 0.018855947626093 -0.169842796423367
-0.109050787997035 -0.248267694414226 0.0331866289084399 -0.0640140225727182
-0.240068819746749 0.0167514638736665 0.118639414835741 -0.0402199916207776
-0.151422022628497 0.212203160730188 0.139782400246645 -0.199449250537314
0.0168387479045882 0.250196888411599 0.012808765215408 -0.348750936779345
0.139792874598044 0.189782909322321 -0.129040237709442 -0.379492210011666
0.192047127526642 0.173542118248513 -0.179021834818403 -0.343721274893762
0.167572890266432 0.20573165293707 -0.149460142750559 -0.333130927859221
0.0531068135798533 0.342684635970268 -0.0464394546275766 -0.30459293473722
-0.183242942479902 0.329801662305235 0.0551825438432959 -0.20932510746703
-0.385141835979097 0.073375887497974 0.000320594074776762 -0.0714731846083652
-0.291758237195685 -0.361074725697855 -0.0685941727493376 -0.279211077167926
0.143861739649878 -0.447793956250255 0.155069741093152 -0.470596871524717
0.365983537937899 -0.267362028766404 0.629097104181457 -0.440816050864868
0.427655327825467 -0.301826386560143 0.0629250587415403 -0.34054404131247
0.162805279024181 -0.426176902125618 0.0281971307522359 -0.0997639328076051
-0.189403359532496 -0.368105518524119 0.0419879948245557 -0.0641328405243775
-0.368835426644813 0.0115564523212418 0.0916993898138211 -0.0583941349232783
-0.252940347229183 0.309029213566235 0.0942515706102278 -0.142270769646208
-0.011356669394181 0.394884028621473 0.0341768192327115 -0.246587535913042
0.178136269245147 0.322128002673692 -0.0612844721750165 -0.283537715635129
0.251442133075496 0.293706448811461 -0.0968369161231641 -0.245768782003022
0.220547137299581 0.331641570748201 -0.0726287391603933 -0.211200912827677
0.0633509786286968 0.504015739040164 -0.0211256110562646 -0.166052988552374
-0.271754421859026 0.484391245988254 -0.00178736827843321 -0.099850709514395
-0.555815170606139 0.141815007885291 -0.0780793065475568 -0.0208330343002883
-0.484159618970125 -0.473987461358298 -0.129033077889095 -0.248208705007685
0.105434752585562 -0.701406585784019 0.100753632324636 -0.413472888122252
0.497635153003396 -0.495280511692445 0.482944267169914 -0.327997463844206
0.526375007391297 -0.433563684444741 -0.122782347135388 -0.200365508974386
0.160585993020422 -0.587993053392328 0.010936237472546 0.0268558080890376
-0.287222561290809 -0.474986328025322 0.0609025859547198 -0.0280078641680686
-0.490493040584386 0.0172058785586904 0.0661289279872692 -0.0709795635983032
-0.33151074630428 0.388337698512535 0.026383549791003 -0.0675451990242349
-0.0368887589202631 0.497724037429582 0.0409167754545136 -0.102145463062867
0.194174400453508 0.412287079299715 0.0131814063823203 -0.141201979846085
0.272571711630823 0.367594782254643 -0.00157123610418247 -0.111191157756736
0.236886257005734 0.404139317389588 0.0197058846013594 -0.0602697479502497
0.0669713243723149 0.585583977427516 0.0210096166093619 -0.000268448098554109
-0.308546667443748 0.567512165049247 -0.0460639328617548 0.0413569034088934
-0.625344623225818 0.196971464906494 -0.14715989462651 0.0511850678840088
-0.594375857057917 -0.489331120718376 -0.177335920631687 -0.174778154203779
0.0416077713208073 -0.821932924616684 0.0395130223419928 -0.298171049615125
0.535166218328859 -0.631931524008265 0.296323522674269 -0.157440878309026
0.550248284069649 -0.511800467542008 -0.339784123563145 -0.0132118808895808
0.12981611167576 -0.684029070498815 -0.0312653281059841 0.199531819170478
-0.362061192968919 -0.521931108852925 0.0738470074772993 0.0378472053463094
-0.552642751592618 0.0281863845473068 0.0259528782184004 -0.0621542647360011
-0.361734355917398 0.415069624855632 -0.0554457941267412 0.0325892200380493
-0.0481387629568179 0.527279641314382 0.0392114579063299 0.0742619933296823
0.186099126426629 0.439643872582242 0.0878753711022775 0.0303430337182034
0.253006955967887 0.384012528448159 0.0950006083927511 0.0407126720801231
0.212628746421244 0.411242133163278 0.110808161217363 0.0957089440138427
0.052196632181241 0.568018526105652 0.0681984350044124 0.162014216517353
-0.296516195351916 0.541098909890578 -0.0731168101289806 0.179346570457071
-0.571952704001219 0.197092937177173 -0.195892704891321 0.117985099715884
-0.567401060222814 -0.417186109094214 -0.19184727758991 -0.0850029730052715
-0.0116298054161724 -0.777879734952967 -0.00426470190396105 -0.155405370873327
0.477878150305095 -0.643497615134681 0.106749964023983 0.0356730370856502
0.479608668171563 -0.505463480043369 -0.546600189145422 0.191418678440732
0.0761774020471206 -0.654667912224659 -0.0867225427190132 0.377575176195238
-0.361719691710538 -0.463953922041982 0.0710578240131657 0.112313314859625
-0.498392609038922 0.0326040556635951 -0.0265900684235682 -0.0338821625819404
-0.320328521115908 0.36053327709559 -0.133221493071041 0.14042083096157
-0.0540878645616218 0.461797101520952 0.0328345538480573 0.249697290764703
0.147140449235802 0.39147677583266 0.152862820832143 0.202405490919687
0.191590642073243 0.341461916369279 0.17789345258218 0.186535253563139
0.153422849492302 0.358456226582823 0.18164083083612 0.232744477466242
0.0187918195917322 0.459435298135733 0.101422640532974 0.28779340897009
-0.247898696411066 0.410730419157554 -0.0885216129382629 0.277874008564529
-0.421075553765081 0.135064845219086 -0.216229082878536 0.149559715516248
-0.413262487169318 -0.292693188167379 -0.1734805692385 -0.011970127983399
-0.034398145106915 -0.59623947750658 -0.0271576851340131 -0.0297700199564544
0.352221409363005 -0.545103814295225 -0.0521355069500144 0.207078117344274
0.320260139532841 -0.406953518805409 -0.699869065689528 0.373544245797429
0.00856046392671369 -0.48252312611823 -0.142565598988996 0.514418708166889
-0.274531320064733 -0.297050901800765 0.0593471852978282 0.177537121169278
-0.326200579715896 0.0285945486658926 -0.0662539440838986 0.00271468650233473
-0.214483210059097 0.229037089208642 -0.186522761351645 0.219699596881737
-0.0488080990553405 0.308096217104434 0.0241758075977389 0.38213167268876
0.0821627097866532 0.278779362139672 0.196300319884673 0.342346047111819
0.100615505170483 0.248858237735544 0.233015656919211 0.3023372139504
0.0728843622027647 0.256109176347739 0.218776897356418 0.332692356507216
-0.0162905809787989 0.289419950907145 0.1080253749395 0.36318436533621
-0.174830905604742 0.225864271333876 -0.100272422999938 0.317439118886487
-0.227317723616343 0.0508700308207544 -0.21422762095114 0.137119559312462
-0.211488136372576 -0.145252174169298 -0.136144238616944 0.0296242926556391
-0.0478161024742508 -0.348984399136893 -0.0363606132751295 0.0527826864220629
0.186293703195002 -0.374914784468984 -0.160842847075153 0.324333115417698
0.098734896264179 -0.230481006551004 -0.764559114823048 0.499022861892768
-0.0582266272513102 -0.213511384330764 -0.180800364857466 0.589845995131574
-0.129000308123222 -0.0710169353126464 0.0585710709037638 0.227222485950786
-0.09119469088337 0.0121460744199172 -0.069014545113335 0.031872476756632
-0.0735065748072921 0.0559181981823604 -0.199943286806223 0.245916645965423
-0.0421617571685996 0.103860578903382 0.0115831171339014 0.444015906130085
-0.00264713833499208 0.121936154200015 0.21145641427723 0.423743399773558
-0.00580119989440404 0.120644429842776 0.251328850427466 0.371508077092147
-0.0093064457077956 0.1211474145605 0.218317383850975 0.387871227642056
-0.0374332895143121 0.0953562718118936 0.0881568202358397 0.388501008662748
-0.0818261382592785 0.0428480290354075 -0.10747667705349 0.309668016685442
-0.0423634074089294 -0.0104173898290276 -0.19053125744708 0.100457931516057
-0.0419835909664554 0.00284009691384202 -0.0953864319882652 0.0501352698848407
-0.0747958065855352 -0.104916235237751 -0.0438739631937754 0.0975043035418292
0.00585995240793696 -0.18255457709703 -0.218038820942536 0.380135950309033
0.126882080504623 0.0124663787238206 0.228269337485177 -0.499637670013005
0.0948832764476197 -0.105301154079666 -0.0190625341110598 -0.202783973190005
-0.0546151166774046 -0.128832993415325 0.0414875243705534 -0.0513243769383055
-0.114665699129316 0.0323336249071227 0.150927803805934 -0.0556327166943113
-0.0370098537078182 0.112004401850688 0.135226799018598 -0.271986906541924
0.0482806203509733 0.0835881445522915 -0.0642562343628077 -0.412396224021114
0.0869139369062923 0.0290122311240004 -0.224831704996992 -0.413226507620287
0.107997645372865 0.01586889211525 -0.272663168921249 -0.377660428417494
0.0977033561224319 0.0363826249281659 -0.237411209437433 -0.395294926626971
0.0594342793031338 0.127879771735076 -0.0895917047988706 -0.393519110135072
-0.0399115555343651 0.148270829955925 0.0901339530323749 -0.286108179359756
-0.155253991048622 0.0380689473386973 0.0640904411939036 -0.100109625498234
-0.0977777950606863 -0.164032859146944 -0.0450030419113832 -0.265950887583406
0.121631733553096 -0.139224254567654 0.143541765610236 -0.495131892974637
0.163748194147485 -0.0156591949695102 0.676758403765917 -0.559121423201178
0.276007021197492 -0.172058160535597 0.161253342803537 -0.455169884467298
0.117509392188366 -0.275260880633372 0.00964094868207353 -0.178492489979064
-0.133997667690758 -0.242987520122049 0.0269461081029779 -0.0711454793237787
-0.24362289550831 0.0384091240285546 0.114013419907794 -0.0540138996681402
-0.134596439813056 0.231993618072575 0.121509815468173 -0.214130949987879
0.0407880791779528 0.253583493246484 -0.0207485862628172 -0.356728879320683
0.160627484590226 0.178928471736233 -0.165869046081112 -0.375429907878987
0.210905084918656 0.157650081416792 -0.212845127919065 -0.334926580304885
0.18989987286849 0.195582856976658 -0.18068469163591 -0.327632732337325
0.0886388942728893 0.345010182266896 -0.0725362795247038 -0.304593228092934
-0.153808720256925 0.354347578126619 0.0371409351496521 -0.213899118152479
-0.384907902057478 0.110609039619183 -0.00657562503066346 -0.0708955824025347
-0.331858110289879 -0.341181808284422 -0.0987602636664177 -0.278371472917231
0.104180564235775 -0.471602521786387 0.116433335564497 -0.493566454631192
0.350372395873372 -0.305640100850733 0.603241492780233 -0.509398404076237
0.40610898043551 -0.34598161612558 0.0350758653991594 -0.355219002262225
0.12823335086569 -0.448349127701983 0.0263680626663088 -0.109398067594344
-0.226549337144239 -0.35787660258583 0.0371772234764283 -0.071412474154546
-0.374176193294618 0.0444417751197208 0.0845506177339195 -0.0700023852256502
-0.228879437177675 0.340272670330244 0.0811892787600198 -0.15135652911998
0.026003586841596 0.403343106934097 0.0106315596751061 -0.254233141579453
0.212195350227016 0.310932237451307 -0.0892916943601892 -0.282224414688497
0.281788281344744 0.274998174776407 -0.120345133613849 -0.24294541981025
0.254748835451302 0.319843344986575 -0.0900167987589062 -0.210726823371141
0.114654501277863 0.50903391383115 -0.0329855851759825 -0.166810051610465
-0.229318368437536 0.520919862871941 -0.0103914416335404 -0.095098761445825
-0.552614411455448 0.196647502708695 -0.0803163904963282 -0.0106086554624264
-0.537079507217331 -0.440122608347064 -0.158514295067967 -0.241950105331209
0.0422723361314793 -0.726087812982444 0.0658006246068353 -0.430793926987996
0.464251142377168 -0.549868486484908 0.464286943743369 -0.381175864395582
0.494642126169285 -0.488348814589516 -0.141685561704608 -0.19556683603469
0.111185575276219 -0.612595179582291 0.020550511566631 0.0212165655608434
-0.33496666770237 -0.457208854617036 0.0612368550620506 -0.0362450318994157
-0.497918346589891 0.0613129962231376 0.0573801848497392 -0.0813043887495829
-0.302275442271636 0.427443870497019 0.0196115503759473 -0.0684146052265907
0.0107116280120054 0.512371651683207 0.032403818464385 -0.106975292783408
0.237420912627873 0.402608398125663 -0.000490445648181542 -0.143166202538717
0.310894372541865 0.34856480936143 -0.010079630421181 -0.114369191638122
0.277656455493941 0.390891177890707 0.018382068655229 -0.0651873944453011
0.12478865206693 0.591100252208216 0.0259273386150908 -0.00195432246019758
-0.258252779343409 0.608390036151189 -0.0413921120529081 0.0531286310625232
-0.619164346234435 0.256568223830754 -0.14387808970126 0.0691849221273847
-0.649614570040669 -0.443511965748587 -0.19818132808574 -0.162588738477733
-0.0353542122627076 -0.840361720387263 0.0125652182740841 -0.309009519509134
0.488391175023796 -0.692451458073397 0.286641409811349 -0.191828629749064
0.512554253627805 -0.569212826421055 -0.345857156209239 0.0151383301201492
0.0716356085907614 -0.708309537148245 -0.00694324896222032 0.201893970801804
-0.414556299655689 -0.49811091449197 0.0819684118465924 0.029715219917855
-0.55961250295441 0.0779448336252825 0.0170939059624851 -0.0691074070307891
-0.329262412176613 0.457895989401512 -0.0534252806025261 0.0404945373300865
0.000976884492512654 0.543894639956867 0.0484515322342172 0.0725776793515177
0.230942482051147 0.429871601793369 0.0902263609761138 0.0252314997500478
0.290530506385888 0.36868051985653 0.10164169746223 0.0324128249877039
0.253593832323515 0.401039029444683 0.125244707544705 0.0858280427832095
0.106537030295602 0.576128917017386 0.0900158403552542 0.158431058567747
-0.248813121617626 0.582049511048421 -0.0551196335486708 0.196701818985626
-0.565068065226011 0.252751317089864 -0.185775704520682 0.141908592178711
-0.61467778454764 -0.372712391383011 -0.203552057603864 -0.0698369298352982
-0.0862202947353811 -0.791080656475402 -0.0194405371190706 -0.159105508119382
0.428864492956083 -0.699455479723779 0.11151445742093 0.0227627915914048
0.442570465883861 -0.558007188639802 -0.539278956863818 0.243406044611872
0.0193736606551325 -0.672857815253971 -0.0496949341480481 0.390445765185838
-0.40822162118595 -0.43838826134444 0.087464286596846 0.106358400671522
-0.504833950153073 0.0789160632093044 -0.0320544299207149 -0.0355227774445209
-0.293456319949983 0.397829504838778 -0.122082862701504 0.158022893890342
-0.0105110752470549 0.477622689976584 0.0589651129710852 0.252404130809018
0.186760220785446 0.38702359930145 0.172464958750228 0.194586990282933
0.225087871535304 0.33152754167891 0.198530758660338 0.173711552189355
0.189453532404478 0.352367439432437 0.209867646056098 0.218753681287717
0.0635689437626981 0.466120740291128 0.134979629335763 0.282848613281736
-0.212436435106698 0.444471707937665 -0.0609012448917367 0.296856027471774
-0.416612656624643 0.174522894376956 -0.204536373162256 0.175266763856025
-0.444596058084806 -0.26127806161223 -0.177106840467039 0.00260658007614917
-0.092404312640848 -0.603553464817723 -0.0322065892671674 -0.0287849532577334
0.310100819315616 -0.586428506089533 -0.0350611107985302 0.211648669173045
0.287554959822195 -0.443274214600309 -0.680102929298309 0.445026478529545
-0.0348588795621781 -0.491397889647808 -0.096429362532102 0.537543998832461
-0.30521299095416 -0.276189113955992 0.0821398383885565 0.175468018224622
-0.33048530571297 0.0574550066237841 -0.0682825285174712 0.00597515002396618
-0.197176330791838 0.253151929676783 -0.167920197292481 0.242542161978554
-0.0201803961623434 0.321000361159193 0.0622246353897143 0.388224270334153
0.110072639041569 0.278469665387369 0.229443248487164 0.332044694912846
0.124407211203697 0.246402724660417 0.264672506918712 0.287059878041259
0.0975682438989355 0.255481230235051 0.255629324543816 0.317078587513596
0.0101552340053106 0.296119507506769 0.147234113979934 0.357781039474819
-0.156082327115622 0.248532867013695 -0.0685236940650465 0.33562635264895
-0.226214366285086 0.0703377377293698 -0.202411045281092 0.162749945583047
-0.225016221943309 -0.128010266634425 -0.134099316393549 0.0414475789348541
-0.0819294324701169 -0.347152113584382 -0.0348504250196476 0.056808335638871
0.155618888365582 -0.396043801012644 -0.135209896662955 0.341748744393382
0.0796596736139709 -0.243619466366573 -0.734787240634426 0.578324479893085
-0.0774055566272825 -0.210719027462657 -0.12785263737539 0.619307374295914
-0.135645880018511 -0.0594655206423959 0.0854634859375777 0.225544868843091
-0.0921511455854344 0.0198061158994592 -0.0661178859616663 0.0361224178545771
-0.0705106253643009 0.0632812154604257 -0.180520641090181 0.268643062852771
-0.0329588561184604 0.110985116190194 0.0533274860400688 0.453688058228254
0.00863709219676746 0.12687852776718 0.251640237607485 0.4139018880005
0.00538972468407411 0.125398601306314 0.291739501917819 0.356635142672512
0.00154511964849543 0.124536008213549 0.260241970134599 0.3743465855433
-0.0311870611542628 0.100214557882637 0.128450000553246 0.385092786778466
-0.080246665826666 0.0523141050930504 -0.0777378435107243 0.32519283528831
-0.0438718211216604 -0.00854025676418639 -0.18234277813631 0.122399584502363
-0.0385634402865023 0.00676126503148374 -0.0900463052316923 0.0604347507399648
-0.0867982820010284 -0.0961783396754972 -0.0392607851681315 0.103189492118078
-0.0103389936791617 -0.183309809917595 -0.188254154339476 0.40526923463817
0.125068880953157 0.00233434323029653 0.179907795137264 -0.506016341729298
0.0826739399984847 -0.110316330739115 -0.0310562535282655 -0.198262043943326
-0.0660909848072898 -0.120830213677162 0.0338627046656903 -0.0553640469699228
-0.108921160551568 0.041854587321444 0.139417855264701 -0.0692154768391209
-0.0255429076808825 0.11329293086862 0.104517031348767 -0.273742903226752
0.053051381793964 0.076123183190767 -0.0996948334723377 -0.393888873184172
0.0859175241832084 0.0189120054399834 -0.251690051326373 -0.38162285940076
0.105455875003325 0.00497146255188813 -0.29436101143489 -0.345032562768295
0.0974814793576479 0.027232740610153 -0.261974074183957 -0.364858298237813
0.0699951065184733 0.119437894463135 -0.11709984808642 -0.372133194151346
-0.0243746551069122 0.146634752460438 0.0640475793687724 -0.282803578616153
-0.147060938941512 0.0507240948759938 0.0529517936725988 -0.100909562873155
-0.109605131993287 -0.150822242487133 -0.0701475358299832 -0.252491140493375
0.106889514098028 -0.146276734958193 0.100633018898505 -0.489765916546453
0.15793269080309 -0.0288676250598335 0.611605717087537 -0.59738444546914
0.253204022940534 -0.188049099141198 0.11846175931998 -0.457202428347087
0.0915231118892478 -0.276185046342408 -0.00121229375179324 -0.178677018615193
-0.151556576963436 -0.22442356527028 0.0190455282438857 -0.0729835459391744
-0.232657144723892 0.0574997852794155 0.102657082093888 -0.0636713653608816
-0.109340867237777 0.237618424525981 0.0970918718793074 -0.215641250550989
0.0611743829344187 0.24189485998203 -0.0515530208806782 -0.342724682948931
0.17050171111345 0.158663214528868 -0.191951087370971 -0.349288872335146
0.216451765871046 0.134628059427244 -0.232716065037632 -0.30935291225933
0.199914716072985 0.174479784070181 -0.200087682123018 -0.304874173969517
0.116638787175645 0.326609978154639 -0.0924382430885633 -0.288688087603549
-0.115732511623779 0.356495963639201 0.0193056946396657 -0.206410843358176
-0.363505709274512 0.139571876159959 -0.0114949449869836 -0.0657041260140559
-0.350543415060081 -0.302152805401605 -0.122878546530567 -0.261350913728627
0.0626288780184864 -0.464841642820764 0.0749992675936824 -0.489508791780611
0.315548556728316 -0.325606896146783 0.544739460783888 -0.546383560047283
0.364679406029371 -0.366090379965574 0.00495446375348643 -0.350122217563067
0.0872403026991287 -0.443528761566082 0.0219379444014675 -0.113636311485825
-0.246928976715087 -0.327203544880609 0.0290033402810592 -0.0757250511364904
-0.358252961059866 0.0731084373340608 0.0718517798071469 -0.0773092230465488
-0.191586387137102 0.34977237686723 0.0642868700438938 -0.150407609520993
0.0595046314817175 0.389622928022016 -0.0113649255100524 -0.246671367392457
0.231863268674495 0.282515822998142 -0.110111101647642 -0.265039507595504
0.29536963159437 0.243200438679786 -0.135772801678066 -0.227585857376383
0.273758884948218 0.289244843996318 -0.102507581547768 -0.199876573486391
0.155784664283165 0.483950221906248 -0.0410200885621391 -0.158925753292067
-0.175888312476984 0.525177461963432 -0.0153146544128633 -0.0852110337968085
-0.519302528308839 0.234390666749523 -0.0769906500118631 -0.000866403009725746
-0.557418024439649 -0.380379307385149 -0.175555283424283 -0.221025003323965
-0.0197717018606516 -0.706186137069016 0.030149045460307 -0.424378028795046
0.406273551576184 -0.570747036294449 0.418130210541634 -0.413206570290533
0.43599621700967 -0.511587210458689 -0.152219045362049 -0.180312982350901
0.0587451668551509 -0.601983189857374 0.0277185586428096 0.0126516340715116
-0.36001517086715 -0.413565896791597 0.0575854321057344 -0.0440952654373621
-0.475959920300842 0.0986607942299548 0.0445250749549405 -0.0863563079324841
-0.255179656623372 0.441249857452044 0.0126910739667406 -0.0651377918495198
0.0555082104153741 0.496978647398649 0.0231856663453426 -0.105660442190134
0.264849282229868 0.369348565106199 -0.0132479764139525 -0.137188658643136
0.329494574982693 0.312478712043218 -0.0186006212757785 -0.111596598503321
0.302822148188209 0.357833201137929 0.0152509921268487 -0.0677633620776823
0.172011233743177 0.563043178681274 0.0305975690978875 -0.00447348581630555
-0.195812267096956 0.613404748344195 -0.0322058143497049 0.0618436153512035
-0.579142018111158 0.29878012769875 -0.130757224693538 0.0815440756154748
-0.665525127692907 -0.37545210567096 -0.207075440985553 -0.141228538348585
-0.104577233444568 -0.810474745389241 -0.0131170207307205 -0.30189082893996
0.418206508028691 -0.710965889556838 0.261260836591948 -0.21436341766872
0.447523008993411 -0.593092395313577 -0.33318127220382 0.0411514393386675
0.0122683407760536 -0.690361269173066 0.0160045633334887 0.1905284100291
-0.440428981522397 -0.44716906276259 0.0848540404098607 0.0185947796575674
-0.535445765767161 0.120776878670944 0.00769713884421614 -0.0722236218344957
-0.279639204998391 0.471700980491522 -0.0480154140989074 0.0467301958199614
0.0493689788076296 0.529101047990295 0.0545002721160691 0.0669659937556142
0.260817215154023 0.397555521685836 0.0886216436833473 0.0187755026115028
0.312225028734774 0.333084345822846 0.102090461507039 0.0212174930448374
0.280358153356086 0.368032872481081 0.131912882758157 0.0698012761615034
0.154553709769758 0.549750748471122 0.105553857553341 0.144188810360046
-0.188042510579084 0.586635544365001 -0.0322661372218296 0.201750698145287
-0.52690165451236 0.290858239544926 -0.164821260348701 0.156567081573129
-0.623971480918414 -0.309973391003651 -0.203091601959071 -0.0510923907391035
-0.150962525761095 -0.756183575063211 -0.0333598306424822 -0.153675083828689
0.359317966121589 -0.712585325398744 0.108055767615399 0.00801769577637837
0.379733451803608 -0.575883491524039 -0.501085064999934 0.279083509056594
-0.0357999251493073 -0.650034817377187 -0.0110895057131505 0.377127396221915
-0.428979562677346 -0.390716578020798 0.0982763203279913 0.0935536784745544
-0.483172767634229 0.116459772695023 -0.0365229747233068 -0.0347157110256297
-0.250169854511526 0.411118647028175 -0.103928915852083 0.164842062652944
0.0324227173427887 0.465223639271138 0.080546290188596 0.239462422177944
0.215068265205253 0.358756202891427 0.181988396168169 0.175584915599014
0.245486663390553 0.30348879712568 0.207518517994729 0.151188016306504
0.21248255771341 0.327007612056818 0.224870099834961 0.191928711588742
0.10186651065957 0.447960318506505 0.159144660922898 0.260705593579444
-0.166066644076972 0.450357988148751 -0.0293705400141414 0.297661627521984
-0.388882847455883 0.202909019488349 -0.180011397050657 0.190173743800836
-0.449498546951234 -0.214199261339876 -0.170764500333516 0.016423154165912
-0.140644136967945 -0.572128267230089 -0.0356671985654851 -0.0270096281798488
0.252332417897291 -0.590148094590638 -0.0177250881351505 0.203821387829501
0.241330132691349 -0.45242490045801 -0.621482282838316 0.487761900616224
-0.0721076058522938 -0.47233266425243 -0.0438576852728757 0.527698674641756
-0.315390211814465 -0.240971323460663 0.099326277923971 0.161049478476258
-0.314455266677094 0.0821105508605298 -0.0655917184718549 0.00815935213445213
-0.17035475805281 0.262914411184106 -0.141323546116668 0.249275695712858
0.00887673018504228 0.314148321693976 0.0955611452893107 0.370449959863997
0.130256637601643 0.261928871557641 0.248755815998121 0.304852846401987
0.140982897139394 0.230361936341504 0.280881159328562 0.257180529931149
0.116048447644108 0.24015848113803 0.276060659098269 0.284360775451678
0.0345516310456609 0.286632494054656 0.175821130511187 0.331386181647675
-0.129482735891269 0.255158026882042 -0.0336786289642046 0.333998183835482
-0.213718080627257 0.0849430816516195 -0.178680175718495 0.177064613158169
-0.224695500115238 -0.10503285445904 -0.124328194982814 0.0507160944691854
-0.110011161780361 -0.325226162538214 -0.0317195975838076 0.0569865230224662
0.118861806130015 -0.39407735563072 -0.103790367140264 0.339671502954117
0.0566302382261771 -0.241708769718837 -0.665075274359259 0.621926499711874
-0.0921149237497193 -0.197485622355309 -0.0724373688897615 0.614269107099708
-0.133938922008041 -0.0455594140775522 0.10616152440386 0.210379488907117
-0.0881993922192764 0.0264561019006648 -0.0608562234748348 0.0369769775589977
-0.06355349211916 0.0668112280147777 -0.152414882010133 0.274337861739117
-0.0221245866753137 0.111995535948609 0.092521531094015 0.4340126830942
0.0193408098397655 0.12411802814253 0.277877741375818 0.381308532106309
0.0154314991928074 0.123089188521745 0.310340433949456 0.322748299588386
0.0109907961155563 0.120800354268393 0.284023590032404 0.339754812698084
-0.0226943537758902 0.0998769960911327 0.158637931746432 0.360928502579248
-0.0725547740155467 0.0583510288236948 -0.0434542113652392 0.321473791401097
-0.043088374405565 -0.0052520273116065 -0.163773303693774 0.135846631654059
-0.033404140729107 0.00928596066493133 -0.079547488671679 0.0655403721909768
-0.0921993029995861 -0.0821756053801171 -0.0324232550746575 0.103315308256619
-0.0249504225721129 -0.174105899322422 -0.1499092200494 0.406807724789416
0.119453386253654 -0.00290896820143614 0.146765723066787 -0.485818609496574
0.0734698424921953 -0.10779658635257 -0.0355504731891843 -0.189894809634573
-0.0707010592328734 -0.111965847210353 0.0280551756604476 -0.0552345044078375
-0.101463089650452 0.0456707793874649 0.12576546235427 -0.0731287115186799
-0.0178983056058495 0.109364330425742 0.0831423812652716 -0.261832901037359
0.0528933102931468 0.0689723742977657 -0.115534910190284 -0.366203016469765
0.0822754347594569 0.0132531521563734 -0.255054264767076 -0.35214780147657
0.0988878678329102 -0.000524695898889012 -0.292948371902058 -0.316111186845748
0.0927554837458505 0.0222190009315162 -0.260942340223834 -0.334945790391404
0.0733657155323768 0.109057032213818 -0.124426662768215 -0.34748191321037
-0.0150068605819207 0.139665428321927 0.0490717424129283 -0.268298547892654
-0.137038207895413 0.0544868534378991 0.0449249080434243 -0.0956451143245586
-0.11087174665629 -0.136689796719963 -0.0808579269540474 -0.233620337648543
0.0958170552767482 -0.143785240027401 0.0763353465382235 -0.467023720367207
0.148360494692933 -0.0337636602142978 0.552966562700455 -0.590909441708949
0.231248368714515 -0.186973647323376 0.0924319736597411 -0.438459919702083
0.0751668625565611 -0.264001264548017 -0.00501318947974437 -0.173985958366336
-0.153283909727225 -0.206048130265862 0.0127194512587158 -0.072220028870405
-0.217636557868958 0.0645721308650597 0.0908230099846435 -0.0663935319406003
-0.0915482378361688 0.231465019004629 0.0799887415155409 -0.205896296699495
0.0687853754920565 0.226212936688978 -0.0659041707641335 -0.32133607971258
0.167873669145013 0.14112273501237 -0.197259322239306 -0.322448554763211
0.209548629809313 0.117205480987703 -0.232718176539451 -0.285368466270346
0.196421410046453 0.157272248159636 -0.199745003424038 -0.28186971072538
0.126531411090218 0.304388359485548 -0.0967895847142943 -0.269727590653722
-0.0916743048605316 0.342136103322378 0.0109165827336075 -0.191445130582491
-0.337437647141233 0.146717897438502 -0.013764278366615 -0.0600234486712215
-0.344578315252566 -0.271113121903867 -0.130575305648174 -0.240467340027106
0.0407622457796936 -0.442456316332406 0.0501600384933019 -0.466613084389341
0.285898779126944 -0.320271079429933 0.490731009244222 -0.54320376660496
0.327763391905332 -0.359814463402704 -0.010482806952905 -0.332734271192801
0.0651901619316018 -0.423004760475604 0.0203510653884512 -0.114662286704826
-0.246959677483116 -0.298254510771225 0.0239635174046676 -0.0752874277951531
-0.33645107389302 0.0827927461741754 0.0609863363142389 -0.0784704541730374
-0.16487211724791 0.340707581382505 0.0529831091302271 -0.142494527274284
0.0754867385029792 0.366967432506249 -0.0224212284254449 -0.232218693582919
0.231602937212131 0.255695968558194 -0.115883843114602 -0.245825162667996
0.288527988076944 0.217403671552571 -0.136714231179647 -0.211409938384439
0.271401601496757 0.263252365246077 -0.102822599598108 -0.187038192488348
0.169218863225742 0.452183305255804 -0.0414719943376737 -0.149421506601101
-0.140127770701664 0.50468896366588 -0.0154957320851847 -0.0741188861150709
-0.481680366030435 0.241851027402297 -0.0714769008445134 0.00449936394365467
-0.541270638906245 -0.334857673713211 -0.178642297058796 -0.201039338249446
-0.047576700629605 -0.664478288160224 0.0108494895084759 -0.404495440410783
0.362903567755104 -0.556391346829276 0.375075099080624 -0.409058669894679
0.388198521408395 -0.499087795053984 -0.151194001787315 -0.166590388287745
0.0302336895663549 -0.570872472199186 0.0315708122343749 0.00394967406854343
-0.3555370780288 -0.376549917788454 0.0535573378861894 -0.0475247104700631
-0.445752641913976 0.111752354852327 0.0341755010772746 -0.0861956261622659
-0.221333019931631 0.429806807547431 0.00926614440633773 -0.0596442704948936
0.0765072350298929 0.46894088667772 0.0182696533522717 -0.101271372681704
0.265994973341128 0.33586685148355 -0.0185047843320295 -0.128080676021424
0.322891339965124 0.281425930169445 -0.02163576523462 -0.10672997380171
0.301224519421765 0.325638855160655 0.0149001039849366 -0.0675929728661205
0.190784725956552 0.525448816352597 0.0333053851076181 -0.00751837657109155
-0.155090117426973 0.591062705443421 -0.0234763666570923 0.0659038952085979
-0.533381276999049 0.30659033766699 -0.118082482891181 0.0855526121520404
-0.643736534412682 -0.327448305629238 -0.203157351601603 -0.12529102435055
-0.132970446905101 -0.760713165169497 -0.0261733550926171 -0.28653392592008
0.368386817386871 -0.688847381097625 0.235779379966279 -0.218518677980779
0.393288526401894 -0.575259804509154 -0.311425731925702 0.0508776963970456
-0.0173456158750848 -0.652067341156192 0.0277571754770555 0.172992837669652
-0.432020997743553 -0.403585377107144 0.0836655181896643 0.0102855737198513
-0.49995985850615 0.13587827094966 0.000841732488837944 -0.0721566611782444
-0.24193001379456 0.460419250526018 -0.0431486082483595 0.0471686863884144
0.0725587153778836 0.499749252499122 0.0569350882354815 0.0603986650037503
0.263373789982642 0.364769820691671 0.0846006535982709 0.0155215539600377
0.308289954252461 0.302748431796906 0.0975454211703728 0.0146894399338357
0.280962070600961 0.337300573978548 0.130726040230784 0.0570467049465532
0.171347945763694 0.513021790917522 0.110971246535646 0.129073928010583
-0.14788116937396 0.563417123947348 -0.0165506193602857 0.197684379353278
-0.485504405876286 0.296546184653179 -0.145693050279199 0.157019317206683
-0.598631607606818 -0.266874920139888 -0.194569202562236 -0.0402643760587269
-0.175113608149764 -0.70522135680394 -0.0398339299211402 -0.146008887041736
0.312296087872782 -0.686146428950426 0.0996561991317196 -0.00141533373914254
0.331628695937422 -0.55745770822448 -0.460534863461458 0.282661479785147
-0.0607313867677168 -0.612681912032178 0.0102871826864952 0.353320530871696
-0.418849959301808 -0.350499255979991 0.100578351838002 0.0803541137132415
-0.451333827504884 0.129300613233319 -0.0386773214565227 -0.0351972644251397
-0.218082159832497 0.401332983399443 -0.0901772845806346 0.159715873299849
0.0542593648511466 0.43898664795101 0.0894136701237863 0.222251786234706
0.219517608103931 0.330877191993901 0.179499954739704 0.160377660272826
0.244402092724344 0.278452526616758 0.202767262716903 0.133967321835029
0.215454710462912 0.301037856317667 0.223305818838757 0.169554776532661
0.116385625926748 0.419715012324988 0.165944281015874 0.236823103787311
-0.133246219729636 0.433636543836827 -0.00905495344397048 0.286035591891807
-0.358787521287252 0.206154225266551 -0.157969713972412 0.189752513667986
-0.430057636332976 -0.183769256285977 -0.159182542618212 0.0215579094671127
-0.157404097495874 -0.530046843402871 -0.0374637957985367 -0.0254061089298676
0.217681469663224 -0.566480897477563 -0.011189746221888 0.189969272957078
0.207285032583375 -0.435098614825468 -0.565696600602715 0.485760029365263
-0.088704029134012 -0.442230927582622 -0.0171254593124005 0.498778958156102
-0.305270279958768 -0.215673590480311 0.105223380315724 0.145105535612567
-0.293678895084322 0.0903736378981677 -0.0631457593815795 0.00674035609859871
-0.14912708229007 0.255669187965904 -0.121737668688166 0.240414014346751
0.0240621203444124 0.298504785808742 0.110039198798773 0.345863446419894
0.135264671303834 0.242296178518691 0.247920958663727 0.279658226172086
0.14219687696222 0.21358600547799 0.275750713422974 0.231479721048693
0.11949003628362 0.222693179423602 0.275841677763447 0.255036120908947
0.0445985405554357 0.270405585860771 0.182704936480927 0.303588771365809
-0.108600071729167 0.248009707592371 -0.0127100627827558 0.318417201824353
-0.198339075334232 0.0884506114608026 -0.158507956099923 0.177403800815127
-0.213240295119671 -0.0917162300969602 -0.114193625368522 0.0524478011581432
-0.117347317997441 -0.298079820785877 -0.0312413709285444 0.054189831723065
0.0975183505944148 -0.374809934844439 -0.0854482822159079 0.322515584916186
0.0421713275768401 -0.230203070915514 -0.601452730617923 0.616685570936941
-0.0949271245969035 -0.182560831751867 -0.039681186428688 0.584255332638411
-0.126064082546721 -0.0381278659855155 0.113763376553308 0.192592804386086
-0.082330919162551 0.0281329279213026 -0.0554293650671 0.0343316830429087
-0.0579640874005692 0.0660698327522903 -0.131665748841034 0.26356343862265
-0.0147361788222901 0.107825465644065 0.107879366487431 0.406667858043864
0.0245653498380264 0.117915472383792 0.277287443081306 0.350991624359654
0.0206153858473434 0.118112503877192 0.307150320469078 0.29431163376692
0.0147463170209833 0.114185283516785 0.283103488145714 0.308663190199022
-0.0188591970371711 0.0949206488480514 0.168058470038905 0.331876341626459
-0.0659173888412238 0.0594379613815918 -0.023425858605998 0.305248059461088
-0.0413849510490263 -0.00429879893672692 -0.145731349404769 0.137420563935901
-0.027876920097804 0.00874777105391003 -0.0703426545421309 0.064002444179717
-0.0900935849056817 -0.0700760114592609 -0.0301026785601988 0.0994459221022837
-0.0296123807347741 -0.160722850164236 -0.125049209786856 0.389016761378599
0.116237727682105 -0.00263795746867342 0.140184194838725 -0.466874586708332
0.0705032753696542 -0.103959816003096 -0.0327931842528859 -0.185859740098316
-0.0701003775783536 -0.106942848418102 0.0244935552912399 -0.0552690087074083
-0.0979105874385599 0.04486580761267 0.117373537953315 -0.0725968878984473
-0.0151441658109113 0.106880895382802 0.0757221460300817 -0.249330123494472
0.0501285505710003 0.0657338832383516 -0.115408179616586 -0.350242970209881
0.0783028206964857 0.0110879991393057 -0.247781932534419 -0.338199699241235
0.094875195311407 -0.00183323222145833 -0.282151042013615 -0.305073648459542
0.0889586190510989 0.0210448503964395 -0.25209538575138 -0.322829537119343
0.0729208024789276 0.104956265692558 -0.119101705551179 -0.333759162679345
-0.0131230007085714 0.133315966534953 0.0470518358780451 -0.255293864844725
-0.131838317801903 0.0520826312172347 0.0428080760627125 -0.0899192703979248
-0.10767458840763 -0.130529282136342 -0.0808853484920401 -0.221663549342282
0.0926045404468674 -0.140158478096556 0.0745536756669555 -0.447575741461204
0.143147081639054 -0.0322834947188923 0.530246988841699 -0.569548949812829
0.221459423540066 -0.177708889055736 0.0870745897281149 -0.421057112881517
0.0723056239776065 -0.253736198946782 -0.0024643901622758 -0.172454208953289
-0.149045446054415 -0.197548853027866 0.0113543425525617 -0.0712986931687597
-0.209043631992863 0.0623540323830811 0.0829175854946649 -0.0656588588951633
-0.085210077983489 0.22492493590802 0.0735560085081951 -0.195573106003905
0.0672124741625142 0.217535221520511 -0.0670706216308301 -0.30742843956365
0.161079035866185 0.134458868784833 -0.191912203221165 -0.310055949137509
0.20116154655413 0.111031437001511 -0.224670116255953 -0.275711837647586
0.189691911266985 0.150925834995878 -0.191623730154624 -0.272558225069998
0.124657259398627 0.291894561430876 -0.0904220366726176 -0.259370331452419
-0.085509499706503 0.328497108932753 0.012475651422713 -0.180139914985052
-0.324870836257313 0.141326093678543 -0.0129818161138704 -0.0553246717457526
-0.330387090581648 -0.257780306127355 -0.128710134879256 -0.229831395343407
0.0382830246504076 -0.425820016492488 0.0497177390922623 -0.448311576566855
0.276162745138535 -0.307570818514075 0.468083326303004 -0.52169191305527
0.311429763825433 -0.342636039555448 -0.011142821937146 -0.32046234008853
0.0616734974394338 -0.404826332141373 0.0225765072357564 -0.116573051941588
-0.237304705553387 -0.286093319313479 0.0223241231684241 -0.0751090957661963
-0.323524748180431 0.0795489197590823 0.0533222887407163 -0.0771151953830892
-0.154864094552903 0.330881142752828 0.0489279217972482 -0.134611546091582
0.0754133455369338 0.352447590991817 -0.0226725888434948 -0.222827310150411
0.222746709544167 0.244394549568855 -0.112698050734945 -0.236112031909981
0.275991847760648 0.206901020685199 -0.132655751795576 -0.20544425168763
0.261080940134121 0.252881516329212 -0.0963210036304015 -0.182639618192639
0.167278059720102 0.433441921817617 -0.0359359622061342 -0.145310457013338
-0.1292239872501 0.484968023379768 -0.0112470724580735 -0.0663720031918618
-0.46122045789047 0.233839919969419 -0.0675041481269882 0.00704331538789773
-0.518231611696802 -0.321201411685511 -0.174731090313146 -0.192781486962279
-0.046418696627445 -0.637644976949107 0.00702739765342545 -0.389881169353747
0.350413380971981 -0.534052959287748 0.356862103197549 -0.398268117778165
0.369369584880616 -0.475234338959311 -0.144887552219905 -0.161451237639396
0.0281355085070434 -0.544154914499664 0.0342824111412194 -0.00348286246530966
-0.339731391081577 -0.361524505886588 0.0515186703921187 -0.0488828798240436
-0.427801485661387 0.107507186771156 0.02799529023464 -0.0859822281680354
-0.208754987244272 0.415012836957291 0.00755216774520096 -0.0557394798751759
0.078454903870924 0.450320504723781 0.0180799897592286 -0.0974170878303275
0.256966562261132 0.322595396380947 -0.0188844206183681 -0.122293827628118
0.311476488841596 0.269762393403075 -0.0206135495794723 -0.103895518335154
0.291315512247102 0.313594946126018 0.0167995673168572 -0.0683650204747621
0.185630161210789 0.505707033793388 0.0367721538068558 -0.00955472727283096
-0.142413263069067 0.567752568102895 -0.0172599378094798 0.0692706580464921
-0.514253603119836 0.293864417936036 -0.110608405400013 0.0854751791876562
-0.615278690957058 -0.3159730572456 -0.196870802068977 -0.119874596682564
-0.127109062439483 -0.727358116937556 -0.0269727804032751 -0.277518063897695
0.354576401031245 -0.66002036257432 0.221482185121189 -0.21360407035589
0.374403340055133 -0.547764850110853 -0.297516135604847 0.0464581439261869
-0.0167923731976547 -0.624405917794446 0.0307936483790429 0.159176401276538
-0.412596369073691 -0.3885190659102 0.0821520795959821 0.0061445717299085
-0.480878234025579 0.130320709759209 -0.00372981670857315 -0.0729133786617917
-0.229857971943031 0.445205946640581 -0.0407340448458829 0.0461484063793047
0.0740970359244716 0.480395647968538 0.0568717889630222 0.0568623057111341
0.255225506755539 0.349608127005431 0.0814156804837733 0.0159853840658643
0.296436024652824 0.290127573536939 0.0938753351541269 0.0131155614913516
0.271349883149477 0.324307078911017 0.128326968410507 0.0510975145745665
0.16916083541083 0.493623837131373 0.111429345337568 0.120827895980011
-0.136828339340373 0.542503428261289 -0.00915630861927108 0.194403072428657
-0.465512631773011 0.284438852519063 -0.136585406936158 0.154371804423532
-0.572803304061693 -0.255538676056201 -0.18702264264105 -0.039343378602265
-0.169520716196253 -0.672096588129413 -0.0417730422864217 -0.142546512435775
0.301251879892322 -0.659008847791086 0.0913808592225593 -0.00516459224854296
0.313296288648149 -0.531818743386487 -0.440223599694622 0.270272105895734
-0.0590484599952121 -0.586780851606698 0.0144743048815657 0.333867047952914
-0.399501482025269 -0.336368918636368 0.0997040818123778 0.0736919343822923
-0.433010407454758 0.124902926620052 -0.0399548067886569 -0.0377611913916369
-0.206611447813876 0.385615905407927 -0.0860740698640619 0.152673987714645
0.0556939237184752 0.421432697846825 0.0901410298841177 0.211940123913581
0.212076015087643 0.317353452409725 0.173719093352502 0.154683232087128
0.234797347479388 0.268065517066339 0.195369969037902 0.127867036551291
0.207156073093505 0.289659837944287 0.217237620209724 0.159471355735017
0.114225786027084 0.403248007648526 0.163896640618652 0.224051899374737
-0.123458433551748 0.41803493931603 -0.00231096701692962 0.278428266829454
-0.344104559869759 0.197931978479731 -0.14818186234491 0.185510553748265
-0.410421666560366 -0.176483420075796 -0.152058462373357 0.0194289993792227
-0.152622824863126 -0.503976736087149 -0.0401911144628682 -0.0253652021368453
0.208577327589734 -0.542211002701455 -0.0127754583153817 0.178624569510663
0.195273392155443 -0.415651369498471 -0.540167274423877 0.466043971773183
-0.0853453140086004 -0.424002401362023 -0.0117201009137604 0.475542438140094
-0.291901255935227 -0.206640090174835 0.10479098477222 0.136400511193061
-0.282804475716867 0.0857499167773483 -0.0621074850726913 0.00308581122266257
-0.142346689588041 0.246439074210004 -0.11598078065108 0.229532683716037
0.0261362796355243 0.286713786232837 0.109419711611382 0.329712514974865
0.131438274033526 0.23350323713678 0.238873091054983 0.269208139819301
0.137367137101942 0.206629495510998 0.266153410013957 0.222563466936521
0.114645293157585 0.21506682802235 0.26703889320487 0.242395601721028
0.0441126079618424 0.259608583894017 0.180542874803279 0.288752614986541
-0.101481984601201 0.239314955391479 -0.00460260514195839 0.306910331227013
-0.190543161802988 0.0843877532452113 -0.148293663570435 0.172523989013914
-0.202267040726923 -0.0886891103914131 -0.107727345775675 0.0488232098389449
-0.113143664039828 -0.281164188263297 -0.0339332917165193 0.0518437687975602
0.0947025596817845 -0.357551951100937 -0.0827952127448587 0.306677991635588
0.0394043676181276 -0.219676769465161 -0.576242768820184 0.590595169400364
-0.0914521684069335 -0.174892515464825 -0.035584238393613 0.561971852601554
-0.119017035981079 -0.0372356119847609 0.113123527518281 0.181824428895098
-0.079723488560071 0.0270646552039998 -0.0533861668679057 0.0291233346997585
-0.0558924338832503 0.0634844665711489 -0.126284480931072 0.251974553598515
-0.0124675936676923 0.104083740452125 0.108031501715453 0.389789570454575
0.0252359077634464 0.114465944471313 0.267823400093392 0.338513363131745
0.0202743026162587 0.115403153929688 0.296096632511285 0.284699166578818
0.0140406780827981 0.110398419083109 0.274679435904261 0.29539695607424
-0.0192661599558836 0.0914593141753253 0.163145808001299 0.316544584832024
-0.0625882638142437 0.0572155733531781 -0.0165521898936274 0.2926934250816
-0.0393291332107873 -0.00475044817729335 -0.137075092281211 0.134017921416707
-0.0244912477506188 0.00736513377527794 -0.0649106577611065 0.0606220899370563
-0.0861601570788805 -0.0624215555038268 -0.0321570326799069 0.0963859085059067
-0.0265481787422483 -0.153005278215482 -0.119078428018338 0.371862805008984
0.115776801943628 0.014387876396205 0.193315053064502 -0.4341741834489
0.0863346883463155 -0.0913662987398089 -0.00291659006990914 -0.186722794211905
-0.0552939942096513 -0.115021400292964 0.0381297733409382 -0.0533745277509389
-0.102552240966417 0.0293865068403836 0.123706605314998 -0.0623797298336636
-0.0296441316328344 0.102042231855703 0.102900671377843 -0.236785125266585
0.0372562641106308 0.0743295907806683 -0.0721511829350556 -0.362233556957165
0.0729405784820193 0.021899235647703 -0.204642733825419 -0.370626400176859
0.0913271942974179 0.0111727687059373 -0.229204007160979 -0.346457367578939
0.0786469894499149 0.0343404357349994 -0.196439637289236 -0.35908185956246
0.0534690252347903 0.111891334613266 -0.0615132257630593 -0.348679772519547
-0.0344072926081823 0.124178458637897 0.0898987157507896 -0.243451205616382
-0.138715564291351 0.0284617718965363 0.0580640598366814 -0.0803936382217418
-0.0887853072880915 -0.143868172673887 -0.0500610413443865 -0.225877996433709
0.107738739970787 -0.125526659549793 0.14256918811669 -0.430303165604774
0.139826290552765 -0.0162290057653926 0.619428080857204 -0.479056556423995
0.241360012086527 -0.141212236689664 0.144002123482399 -0.383659750630559
0.110343447815945 -0.23651101856681 0.0316080480144849 -0.165731447039028
-0.11718663484309 -0.215060286073402 0.0353505327032804 -0.0725892467341772
-0.213902496019319 0.0273819033139278 0.0925365155066573 -0.0628695588567186
-0.116484508814822 0.2046111502833 0.096079246252602 -0.190449675705989
0.0320831449158978 0.225576648315249 -0.0337898876107435 -0.318476697599312
0.135681942994159 0.157088451762785 -0.152881549559323 -0.337397285187524
0.177857824812432 0.139833200516668 -0.177089879164522 -0.307677786219531
0.156959324038626 0.176867010569848 -0.143249245010942 -0.302308105101465
0.0758312193770995 0.302131978958293 -0.0398134554510589 -0.272858072374012
-0.133851416120222 0.302646681455151 0.0484324593538701 -0.171795112776264
-0.341226648401498 0.083943308327848 0.00126694568906636 -0.0533556567308618
-0.286878510394237 -0.302076108952392 -0.0956646370851388 -0.23770592477546
0.10326043056631 -0.411048339204843 0.110281269592899 -0.430809837763277
0.316356922632199 -0.261022339680157 0.548122857383121 -0.444300615192843
0.350060477935637 -0.289383161874711 0.0413002581150344 -0.285651092838807
0.124187541206969 -0.386024374890117 0.0559521626996891 -0.103898430852503
-0.188176149697814 -0.315303892768177 0.0547929434068804 -0.0758650168748813
-0.326572532693373 0.0250406518016802 0.0684649529903313 -0.0812657303659185
-0.201023411064228 0.295366603649997 0.0656999983982131 -0.139816490835511
0.0204852604638498 0.35839488062833 -0.00492508000864375 -0.233875755090408
0.179644475660616 0.275977278913552 -0.0848232650070479 -0.255499830223517
0.238036264826457 0.246659595056274 -0.0973069367091598 -0.223683773201663
0.212061194561537 0.286865512636133 -0.0619803547387653 -0.199913107593041
0.0963330024817042 0.445680008815828 -0.000817561453459668 -0.15268318263668
-0.201180446552166 0.447962230191133 0.0115629774577719 -0.0617845833048194
-0.490886419669708 0.151546818766668 -0.0587262821935596 0.000277151075286453
-0.458206591405154 -0.392706676000472 -0.145027616104862 -0.205858010579395
0.0550661117044135 -0.628882550443122 0.0555310714293952 -0.377224816424236
0.426668042641974 -0.469812104651465 0.409684969240701 -0.336967858667581
0.422661809937884 -0.409464335261582 -0.103829214341222 -0.139025697078035
0.111672323217095 -0.527170396372163 0.0591361199470023 0.0120496986830816
-0.277009891524245 -0.403327308393206 0.0892332357127493 -0.0497235018829005
-0.433267744562193 0.0340581522811639 0.0487778066675525 -0.0974528605106031
-0.26738874559179 0.368213694634588 0.016909081873238 -0.0737990628496165
0.00858636542173324 0.453547005354065 0.0161343546997653 -0.108518072809486
0.202993652338303 0.35819829520087 -0.00687399865615617 -0.132021500646806
0.261429276027277 0.314662322774877 -0.00409869029769069 -0.105272903023475
0.232189433647647 0.349526111212892 0.0327027911248552 -0.0699743278727423
0.105209679860487 0.520153058429119 0.0517757608830618 -0.00921765585759403
-0.222934926991515 0.528047938331555 -0.0124619993037797 0.0702393502108904
-0.550461963338531 0.202992584718821 -0.111717320898846 0.0704936920995069
-0.553518012859399 -0.399537588807718 -0.177939028649265 -0.136822125273939
-0.0103884414159719 -0.72562729318826 -0.00198856321760332 -0.268709682903765
0.455252647660627 -0.588939396583367 0.243881895605536 -0.175991987961008
0.437367252493241 -0.482114595536205 -0.277544738620962 0.0483431253508421
0.0777784753014797 -0.611478045248102 0.0383243484902048 0.174272033858918
-0.343048819760146 -0.441081064825842 0.116739719911541 0.00612212577821658
-0.487593806495335 0.0456225546843331 0.0179424043024814 -0.0915555987349568
-0.294472214896117 0.393198559442068 -0.0440715583387293 0.0169863342985844
0.00113471129677194 0.481190015956572 0.0329256727241078 0.0480607076806529
0.198284060689459 0.385198521284444 0.0746687390580287 0.017858476479726
0.245072952297785 0.333906157689484 0.0906861041531116 0.0287099841700334
0.213666196798211 0.357780303509654 0.12479090588376 0.0660948491906923
0.0904861259430057 0.505933010501369 0.104942432355698 0.13119884014095
-0.213098042785932 0.50515804584395 -0.0240455882315603 0.195011696146846
-0.501122110636822 0.20293603162858 -0.147583087977082 0.134966319306996
-0.517731540032483 -0.336781596695014 -0.17906746524345 -0.0578637773344748
-0.0579722374097355 -0.678136652358341 -0.0373466751268232 -0.137077835528666
0.403464289291948 -0.592341201657101 0.0796544680276838 0.00969275882642206
0.378572488867266 -0.474527142587372 -0.446840008391591 0.244997498602423
0.0311218345041119 -0.583231444571936 -0.00316070818898044 0.343774047346837
-0.33752866528045 -0.390986563322981 0.122620859101495 0.0745533834989845
-0.440491944517839 0.0484341338586677 -0.0223766874913883 -0.0607783941958757
-0.264300620511684 0.338934418911684 -0.102139369180078 0.117482276981933
-0.00736553314735687 0.420455353196982 0.0467233152498729 0.206442831627557
0.15965032875005 0.347044850261129 0.14795279025068 0.168976031083902
0.188409504338411 0.302844521783441 0.171325819719356 0.158336158113673
0.157841859207532 0.313786495479939 0.194614448327962 0.187172278354048
0.0507104332950545 0.409970945865194 0.1387318151646 0.241774313953825
-0.179769385525511 0.387550837844691 -0.032239272801316 0.277755387829603
-0.367205113109163 0.137533822428274 -0.165866756277739 0.16376424979323
-0.369555994135609 -0.234912959881446 -0.152863221881676 0.00241463312081982
-0.066703887982072 -0.510222122551085 -0.051681335844033 -0.0233162779581494
0.297774757714421 -0.493957230689933 -0.0518354829952396 0.176013897785152
0.247360351910144 -0.378136146598027 -0.575285923166504 0.412122239625667
-0.0213595411370528 -0.428114895348046 -0.0549104074196386 0.47676931057966
-0.251339215940864 -0.246258580172194 0.109078043933232 0.138839798695494
-0.288529308499598 0.036391934023765 -0.0528981354838833 -0.0189813618503439
-0.18027821151501 0.215500087898553 -0.142597985637187 0.194579975607222
-0.0158418850959941 0.283438491441302 0.0531459480022928 0.329879303958039
0.0953311511249653 0.252893963414352 0.199763489826357 0.293762537958889
0.103732154835961 0.227960227714692 0.22650688732682 0.261991052602066
0.0808583192203991 0.227386982131447 0.229923392218457 0.279163939720503
0.00489119899736841 0.260130932511712 0.141185616184859 0.308817881255854
-0.131136289471568 0.217859371583055 -0.0441462796796962 0.303978213724338
-0.197695828451407 0.0527758070140367 -0.167731063910432 0.150882606500935
-0.179902305450701 -0.116341531914581 -0.112531115120771 0.0337104959818125
-0.0635636162097725 -0.286392201623156 -0.0526499118934254 0.0515648055028317
0.156410887410292 -0.331027003056786 -0.138776510715068 0.292000346215644
0.0691504857137777 -0.211021528783587 -0.636213117302987 0.515151991810705
-0.0651365043851541 -0.18604885653892 -0.100660816049417 0.553965160302012
-0.110143775215132 -0.0549882532777456 0.0957907304828006 0.189121969035831
-0.0828640234008105 0.0120377540476313 -0.0535224949360722 0.014890836619987
-0.0665643081836814 0.0523948091079036 -0.157540690534949 0.22414668861533
-0.0262023446131003 0.0976887333225192 0.0493431005139933 0.395678478280114
0.0100240555767901 0.11851746760923 0.221121530200159 0.369579921691701
0.00415853189369439 0.119864098524027 0.246319139689824 0.328216316348416
-1.30347259514E-05 0.110368376911794 0.225906617799281 0.333814531003053
-0.0318568272726199 0.086925497534153 0.116582906912607 0.335281337685225
-0.0659867968685092 0.0486050995131352 -0.0570320151951668 0.285483212435164
-0.0355698496263761 -0.00917335723078415 -0.152915769900644 0.114304653226459
-0.022474659504757 0.00419671959712995 -0.0713249830245293 0.0490069688391595
-0.0718326929762626 -0.0701543868460049 -0.0526947560978072 0.0938088091341688
0.00394569805425568 -0.150010475499224 -0.181081574650484 0.350246493561797
0.119841838639309 0.0146331189975398 0.19604141993828 -0.444193424538398
0.0894917333454602 -0.0946090760437167 -0.00345454556060201 -0.193985189464698
-0.0600433283723238 -0.11745350226169 0.037860507189282 -0.0581363264820031
-0.104941182563841 0.0316943687536676 0.122015718357625 -0.0664104644235176
-0.0278672191856634 0.106376760841103 0.101065001596884 -0.240664339357788
0.0385048456024042 0.0765368671614318 -0.0802750393245294 -0.367782921062757
0.0742372598944478 0.0208389003602653 -0.213927987181489 -0.377492729802938
0.0935352447656409 0.0101665322586219 -0.23646012862783 -0.357577877712765
0.0811397114819686 0.0353208605236645 -0.203827695623638 -0.370088147816608
0.0579296234155177 0.114000325477712 -0.063254406711395 -0.357553816136602
-0.0336697691643573 0.127297169097823 0.0922536185103235 -0.247662942831084
-0.142609621863746 0.0304392632748589 0.0583076853100571 -0.0798514224254702
-0.0918170969386347 -0.147161216031291 -0.0555500967372532 -0.228745416978592
0.11121177433232 -0.13051541991787 0.146378508086182 -0.441199796056694
0.144487941019788 -0.0159135938813563 0.631505969656914 -0.492086263415929
0.247615709746121 -0.142430371492702 0.143859201002855 -0.393593536320259
0.113382786506237 -0.242671034622532 0.0329604673843515 -0.174430131911959
-0.121796227313601 -0.22035632120344 0.0344096556379075 -0.0773963130291621
-0.219301651159499 0.0294981584813532 0.0893466932155743 -0.0664032887027605
-0.115621247432646 0.212258411488347 0.0945371984469409 -0.192359386616608
0.0353987534172469 0.231689200540164 -0.0394698280364933 -0.324845485019932
0.139559660744554 0.159409976989367 -0.160469077816571 -0.345167309071742
0.182616643186222 0.142251753785415 -0.182283573164753 -0.318442497742645
0.161506967235438 0.181199153510797 -0.146348077812573 -0.312819142446192
0.0814660991540793 0.309809696261477 -0.0397564259197171 -0.280715725453331
-0.134122836356427 0.310349375542249 0.0522272870585674 -0.172799625472455
-0.350555046123505 0.0880095088955406 0.000626729816244085 -0.0517221160434465
-0.292319719264754 -0.30902411003886 -0.103290518906317 -0.242903054163215
0.106600418086784 -0.420997411952596 0.111734701213703 -0.443524400148564
0.325086389695088 -0.268472791297309 0.554404979214906 -0.457746724458487
0.357505471672335 -0.290763458094403 0.041173012695521 -0.294486710488499
0.126285291421181 -0.394127569537206 0.0584927569369607 -0.112790331902378
-0.194505414977835 -0.322191013951083 0.0558994712404553 -0.0813919825221729
-0.334563375355264 0.0253351770933085 0.0637013233896794 -0.0855425690253956
-0.201562965048826 0.305476027910266 0.0637453995425699 -0.141554217235768
0.025289254826949 0.367809988544881 -0.00782105020828323 -0.239740481833365
0.185981699442205 0.281913005266124 -0.0894455123964192 -0.261761617040977
0.244737188346027 0.25207869199884 -0.100890297070953 -0.231661219880717
0.218249377536912 0.293803938184948 -0.0625907528979071 -0.208686700353636
0.10335050963056 0.459409115287235 0.00227227682989973 -0.158825744602553
-0.202091569489778 0.459908292881015 0.0169922257151803 -0.0587574565056384
-0.503790286029032 0.157230953428371 -0.059838436298385 0.00350575719745732
-0.469203542622112 -0.401543860566959 -0.153473950343234 -0.211067711579728
0.0577444517657108 -0.644604738260836 0.0532902510419676 -0.388552694177512
0.438575500823902 -0.482395209768563 0.412438849263829 -0.349331796959354
0.431120880641336 -0.41336834398927 -0.106947338431423 -0.145041485421833
0.11526013608646 -0.538958606520807 0.0622695246482132 0.00474555082760989
-0.281420430057213 -0.413810884692373 0.0906437253168012 -0.0551307273812392
-0.444797486999101 0.0342719831210871 0.0428492512976339 -0.102876638705773
-0.270590550601211 0.379970473691015 0.0133825679175327 -0.0741314768175534
0.0146222150430711 0.466177511445961 0.0152477963982142 -0.112493684383634
0.210098698449865 0.367673397959932 -0.00812224902856925 -0.135048667334598
0.268670671734582 0.322097977183081 -0.00408906902767966 -0.109822333957121
0.240126051875727 0.358613690980175 0.0356992494528191 -0.0759406603261505
0.112357216012694 0.534199533980223 0.0572790506153363 -0.0120724179721979
-0.224702398588101 0.541610463011708 -0.00627893325837828 0.0775696837432019
-0.563861103421315 0.2106992304806 -0.112289776393531 0.0760068941573397
-0.564293468666741 -0.409974069726407 -0.186085862447451 -0.140688319556669
-0.0105585016919587 -0.744319498429352 -0.00671795644861928 -0.277721899829701
0.46709926924522 -0.605807069358081 0.241811613549031 -0.185225779842498
0.447285420919447 -0.486950476812923 -0.283352842474708 0.0463384564955126
0.0792622806820056 -0.624038362000392 0.0420544931568899 0.171124099701104
-0.348881978151198 -0.454474269958383 0.121056087728385 0.00222874767839243
-0.500837885268268 0.0475404959692629 0.0123502074191451 -0.0975894933186665
-0.297149697541999 0.404557124242405 -0.0480230935274839 0.017305705290207
0.00650243605573978 0.493079873484605 0.0346528661105804 0.0472835193862956
0.204765748804578 0.393583929777291 0.075664931654808 0.0189966638523541
0.251050984371246 0.342784604985185 0.0935321654100839 0.0279121307818816
0.219282095261711 0.367079544638479 0.130494767794857 0.0630981115106398
0.0984459321752376 0.52065900931739 0.112663319660203 0.130682405574055
-0.213931187005798 0.518812410928012 -0.0163656604354385 0.20440041723805
-0.512050039878901 0.208928053342253 -0.148048600384586 0.141596020479298
-0.528942441150631 -0.345000072521741 -0.186213432207491 -0.0611423434076909
-0.0563293124222734 -0.69165850469202 -0.0452935806864249 -0.141883872871156
0.414985064353681 -0.609232539731346 0.0757873353457507 0.00663758415166714
0.385619889657247 -0.480252710658974 -0.455882953504189 0.247263042382279
0.0314723261377194 -0.594827195932876 0.000334248926661484 0.346717267734979
-0.344321221757464 -0.400696366706834 0.128211591778808 0.0726871551340219
-0.452878347756133 0.0499407946457344 -0.0276190176015314 -0.0661235789366618
-0.267407225750602 0.349468103330217 -0.106859881417466 0.119140869234018
-0.00256109807681523 0.431697142454426 0.0500212003169254 0.20825979951212
0.166365981551895 0.35663875734165 0.152082679665535 0.173514875191937
0.194411903565244 0.31138790594973 0.177059029131417 0.16221274123643
0.162336685626207 0.322734364580494 0.202588181634928 0.187650025870457
0.0561434302772573 0.4220216417094 0.147614040598488 0.243964269227899
-0.178848126080154 0.398554009179908 -0.024834142745454 0.287774507467796
-0.377207176381414 0.141387397341771 -0.16652486013542 0.171878328230318
-0.377213997118332 -0.240199259074424 -0.158083722655991 0.00062882091315133
-0.0683914801026241 -0.518460999011809 -0.0587497076360385 -0.0238656853434582
0.304267347505124 -0.507593333510897 -0.0568591269855526 0.177377062482826
0.251705394527106 -0.384813532641782 -0.587168450231964 0.421466690798403
-0.022619642946813 -0.437104027541615 -0.0530434935304517 0.486526889071774
-0.256161986486587 -0.254099297170352 0.114864194513939 0.140154349096874
-0.297159205061482 0.0373818987314042 -0.0571131892901989 -0.0231653466191258
-0.18339637853822 0.221359943284614 -0.148290031965841 0.197691980541605
-0.0128628135898469 0.290102814852892 0.0583459405495598 0.335602157847169
0.0998307671835308 0.259916460300579 0.206365866640539 0.300803501144606
0.106895494501086 0.235680405788431 0.234070692353016 0.270883385732654
0.0831738683354691 0.234152390428423 0.238533352836678 0.283240074471061
0.00657335539486722 0.267802751001374 0.149746565427894 0.312495965593701
-0.131403590220435 0.224700580875991 -0.0368117843797933 0.312727938071141
-0.202535714772256 0.0539165017180909 -0.167655366563105 0.158329198368938
-0.18215186045492 -0.120310454745764 -0.114796989254673 0.0328941841431819
-0.0638108830517215 -0.28937103490163 -0.0593103001590818 0.0533698916744421
0.159482288484846 -0.339344030140045 -0.14283559100756 0.29609292697874
0.0696198317949308 -0.213791887439548 -0.649085689740972 0.526741618911488
-0.0686472494652088 -0.189269601056699 -0.0989641846423781 0.568029695282071
-0.110987413319263 -0.0568442212002702 0.102013926620339 0.19211194074305
-0.0858608711723003 0.0118846456032069 -0.0555299021102615 0.0111942536602075
-0.0688680926131749 0.0534194230624051 -0.16249238078048 0.22761224944382
-0.0253480750085632 0.100480158404992 0.0555670605641074 0.403022038601485
0.0116165905405738 0.122916835851485 0.229221768454438 0.379049962583643
0.00490327411585487 0.124673794925504 0.254445279417456 0.339311087061488
-0.000468673965150948 0.114015400305136 0.236652520650947 0.341180152326411
-0.033388019822483 0.0897616102712457 0.123810574166071 0.340912487840911
-0.0670855372925017 0.0501421206637064 -0.0522365100777086 0.292399184666797
-0.035837340672622 -0.010483696213743 -0.153057645702064 0.120143049148194
-0.0214199712257359 0.00315793492494292 -0.0716655587359956 0.0495928426872349
-0.0729094915906827 -0.0682878339490436 -0.0579812122628663 0.0981090015440921
0.00354184175258916 -0.153914449561468 -0.184062879513531 0.35693397637856
0.125742686175069 0.0105410648664494 0.180843193648006 -0.462835896541436
0.0896932953729035 -0.10205470095129 -0.011415785533022 -0.203437620938317
-0.0690147782491327 -0.117499198304214 0.034053789526878 -0.0649178802010555
-0.106758968230469 0.0384462746369932 0.117832512755262 -0.0746096756729494
-0.0215319743099361 0.111891421807475 0.0907339722055785 -0.248081620878987
0.0433997956068514 0.0781687347995311 -0.103289401331727 -0.371497626593553
0.076874118569368 0.0166074966576831 -0.237097740869283 -0.378929954621232
0.0964741148416489 0.00488230742869199 -0.260787991903512 -0.362311318983662
0.0861528281672952 0.0330623358114217 -0.225783083086415 -0.374571251730739
0.0665036507195474 0.114094251943371 -0.079402236510502 -0.366554569908289
-0.0285001398400111 0.132358096380471 0.086152824093695 -0.258300066891271
-0.145704532060871 0.0378757115933875 0.055572903711446 -0.0816337504662294
-0.100051962457029 -0.147664717817353 -0.0697328912950788 -0.229966300177968
0.110403148181119 -0.140353471590897 0.133899595372184 -0.459754225113431
0.150275843217451 -0.0209862042613213 0.627561891727368 -0.531693089241585
0.250843474828964 -0.153712343692153 0.130475671760969 -0.410007648122545
0.108952693760785 -0.255926688564943 0.0261586422188899 -0.185789952462321
-0.135678712676432 -0.221355446980086 0.0303722315224816 -0.0847980228027469
-0.224849678533686 0.0397393583711726 0.0827423249281132 -0.0727682141302814
-0.106500961858683 0.22506289900143 0.0861852272245806 -0.198977298847079
0.047834396215998 0.237905611967508 -0.0586366776440075 -0.330036940197373
0.15107198706147 0.157312109461459 -0.182199234209469 -0.34939856416997
0.19426876735529 0.138178101103826 -0.202987357777885 -0.325498725156532
0.175245278761778 0.180466727219868 -0.164043791978277 -0.319809986480087
0.100225270300791 0.315706714039884 -0.0502952563962663 -0.288652505521291
-0.124630528703871 0.325241651186592 0.0495505581628218 -0.176821570266589
-0.358001904107201 0.105155987326735 -0.00198249791535775 -0.0499253412496541
-0.313175464882154 -0.307893666436259 -0.121004316541551 -0.2445866676642
0.0953579452115077 -0.440602153569326 0.0976311181340974 -0.463306176019025
0.32549036861785 -0.289099337846542 0.54617734081363 -0.494112099707056
0.357290781166624 -0.308389787301461 0.0291758317597364 -0.305496494703422
0.116268387765638 -0.410758451458366 0.0557765749645421 -0.125415934061437
-0.211228720914254 -0.326342752387129 0.0526596607392708 -0.0901154287263962
-0.34564271373694 0.0396952407788891 0.0560173024546305 -0.0919757117977215
-0.191965387480395 0.32368891830027 0.0566077290558314 -0.145001891035503
0.043798842809347 0.378719018005017 -0.0219495601293616 -0.245569491451968
0.204169887907282 0.281435689716985 -0.104842584528967 -0.265306727000736
0.262478397594278 0.249506404892797 -0.114725191336308 -0.238005413682576
0.238715652776915 0.294792334268785 -0.0723569807536869 -0.217036048391982
0.129572648617321 0.469713737814247 -0.00179083505124575 -0.166499998199045
-0.186607699846452 0.484118465409342 0.0203647814646904 -0.0573611980248626
-0.512842480223426 0.184605557413156 -0.0611991601075938 0.00983814868112557
-0.497052609548175 -0.398923058408339 -0.172675414154326 -0.211308922410759
0.0368112495615319 -0.667784788422426 0.034684888561894 -0.403559803432578
0.433997253900134 -0.514263001217047 0.404824462317921 -0.377698782940667
0.428557406494898 -0.436885142371834 -0.117201573882489 -0.147230644880939
0.0991194086661414 -0.557839044504142 0.065375975294598 -0.00437843967989238
-0.30518669063589 -0.416255604536928 0.0919449404412365 -0.064231433124999
-0.457873811408802 0.0538595665327374 0.0329480162436378 -0.109228218648612
-0.258329566533286 0.403624381405477 0.00727709290001343 -0.0749831561925652
0.0373540534512533 0.479605008242445 0.00926187440018605 -0.116894028440056
0.232260988267891 0.367900379259013 -0.0161570749613016 -0.137660259363661
0.289749665639572 0.320953566128647 -0.00928634435246986 -0.115692871255679
0.262481956095739 0.361419864354556 0.0352721558499465 -0.0847462972812208
0.143148543913512 0.546663256159776 0.0621939860758692 -0.0183570146660212
-0.206366478143832 0.56764630718217 0.00422631424477003 0.084177197846432
-0.57347157829634 0.241237588091986 -0.110156709046394 0.0867043303019421
-0.596121949766469 -0.403942105555088 -0.202677173157183 -0.138968606754478
-0.0356222666497274 -0.764258629468496 -0.0242702013001928 -0.28732643535844
0.456397745237243 -0.643287978683488 0.235334867797464 -0.201083629520948
0.441466294311313 -0.51174186418234 -0.290309086282378 0.0545206598752977
0.0589026457031997 -0.643977855402923 0.0507596665866406 0.1678056888137
-0.375773109707761 -0.455588582573458 0.127033464631652 -0.00671226125986665
-0.515676240717852 0.0687898451364991 0.00258975772677837 -0.102814925381824
-0.287850687741315 0.429015809949581 -0.0529491899645379 0.0204335072671559
0.0310192572392336 0.50717796730785 0.0366278774876106 0.0444861211025465
0.228810160723845 0.39725823938598 0.0775773985748508 0.0167422086985127
0.273965246698142 0.343434792469535 0.0981404421748853 0.0244126396221354
0.241513406397018 0.371466975321611 0.138622811927107 0.0548513342785647
0.126131536624579 0.533478166217368 0.125580517579261 0.126066967990493
-0.195171143824371 0.542495830917527 0.000142106150112129 0.21459058687862
-0.520828816861879 0.235998032346825 -0.143592060392599 0.156114365203766
-0.55567780071847 -0.33839312404859 -0.198936364172525 -0.056391430222646
-0.0835043573769652 -0.709849101990639 -0.0585957401425985 -0.144324392971551
0.401805740769246 -0.645217059305754 0.0714238587116501 0.00157349768555797
0.379990946873333 -0.503116933061395 -0.458588802356197 0.26836295554911
0.00866385910969229 -0.61284083250491 0.0157298711407554 0.35163233622077
-0.368116703128146 -0.402392471272625 0.137762244383664 0.0667549179969753
-0.465163737536361 0.0695061998125243 -0.0363230393915836 -0.0701520612051748
-0.260309555739815 0.371963465168802 -0.110152601569663 0.126855186504007
0.019866241547781 0.443860503523638 0.0598486293584708 0.209182603454829
0.188316309401573 0.360708264346786 0.163319141733938 0.173129156023893
0.213174864856106 0.314895212004483 0.190319443786665 0.160304213094043
0.181127575748151 0.327624337623056 0.218659943790082 0.182109194975184
0.0792861434827151 0.435333372794016 0.165116786296811 0.240895309146168
-0.166387695228306 0.417219511624753 -0.00568576503296286 0.299323480086461
-0.381746312854228 0.162236092470313 -0.16030361416929 0.186113436937833
-0.395743620723419 -0.236447320206785 -0.165709181001551 0.00503809587512154
-0.0877186141392222 -0.529010332290593 -0.0691284261930593 -0.0211234117567811
0.292990922873537 -0.535608534407527 -0.0560520898186261 0.182296130716004
0.245195067213214 -0.401648171049429 -0.587172426346648 0.450151884543965
-0.0412701858293611 -0.448588043211413 -0.0315852578894135 0.501234386985992
-0.272334066070647 -0.253802005160322 0.127844414884323 0.137120131352035
-0.306010860926944 0.0508630951728575 -0.062623131004366 -0.0247588678639204
-0.180000691819665 0.236236224890974 -0.149252431589623 0.208074329497789
0.00133684153562892 0.298831766840079 0.0745860513578596 0.339887953073313
0.11553908863512 0.264573448197179 0.224093596156146 0.302390349543598
0.12067989075325 0.240915652859203 0.254025252989574 0.271178835444436
0.0952588222854296 0.239637892148813 0.258958582178808 0.279774942321777
0.0189029462411347 0.27683670730567 0.170656398417995 0.312373862598613
-0.123743284835769 0.236449501510122 -0.0184924158171026 0.324268878375103
-0.205581548439963 0.0628591302183822 -0.16147333946761 0.172819573678922
-0.190465204549087 -0.1183465362559 -0.118139962348466 0.0372635671132169
-0.075731157464506 -0.292148732231521 -0.0655978027814758 0.0602762914927828
0.15020215677534 -0.35693676405814 -0.137224276951166 0.308665520966996
0.0637939978334671 -0.22110577302588 -0.646554575244877 0.565592477789158
-0.0788012191176712 -0.191497851292907 -0.0751395668374797 0.590987706773913
-0.115295256760734 -0.0558070376823422 0.11713918812 0.192562207690813
-0.0891600970006248 0.0163404093986364 -0.05742666744523 0.0107002699578766
-0.0694837235425232 0.0580241813056432 -0.161670817412874 0.239297549188636
-0.0210297551552381 0.103852713001113 0.0751117622116029 0.410035953262404
0.0187845427960607 0.127312012305773 0.251338740888316 0.38183656944407
0.0110823988432281 0.130904723661844 0.279412741484733 0.341865295116309
0.00359051846255845 0.119348569037018 0.259032621037278 0.341630313336431
-0.031412897278421 0.0944659180510317 0.14549415950167 0.343547760248974
-0.0662135294075048 0.0541492960333745 -0.0362014564914474 0.302050129618435
-0.0365893525539437 -0.0102329078170502 -0.148503373801322 0.132789884827384
-0.0203219926719354 0.00341910333093986 -0.0709518099983687 0.0531666799103819
-0.0765880933684858 -0.0637190598786605 -0.0598927581179251 0.106497239283811
-0.00319548607681065 -0.157742198849036 -0.174377520109126 0.372745350035965
0.128734746528385 0.00240757365945989 0.150656092014602 -0.474023231706696
0.0843869798275884 -0.110001015504549 -0.0252997111349326 -0.205382962686679
-0.0789318308810768 -0.111389390529795 0.0264920235624069 -0.070314842477496
-0.104148176863353 0.0465100219210035 0.108291804126456 -0.0830662410871458
-0.0115081954471875 0.114201922788405 0.0718393548682555 -0.251969139452513
0.0494639084763846 0.0769852686819234 -0.131586980750282 -0.360514088673643
0.0769063126882646 0.0103329684589801 -0.266061179650408 -0.364424063255625
0.0965826199025009 -0.00259242466567797 -0.289766325277369 -0.350991128043635
0.0899296557011466 0.0274752465477401 -0.250876239084878 -0.362301612878499
0.0763795642698934 0.108874322089463 -0.10261447374258 -0.363317416588408
-0.0189772574519256 0.134101660549542 0.0708199917637572 -0.262388359689788
-0.143494096821516 0.0481766134315717 0.0493804551160564 -0.0818327003243102
-0.109068592989902 -0.141998522711514 -0.0880476044890382 -0.222035431906133
0.102322639213195 -0.149802842960918 0.104450243383231 -0.471461918481608
0.150869971789563 -0.0304929902727286 0.59040422195247 -0.57192363703292
0.243125733971825 -0.167952530399945 0.102706422132063 -0.417424068110435
0.0937046901806578 -0.26356169939032 0.014015630983117 -0.192109206933162
-0.150609276965068 -0.212804717127262 0.0218037046003763 -0.0905236466986575
-0.22299261459077 0.0556759899528832 0.071756055900563 -0.0780941943517096
-0.08861974348562 0.233028493475694 0.0704631746771337 -0.201817421999987
0.0665053857198623 0.236514687203401 -0.0840511263567141 -0.323813234714436
0.161556934455312 0.146508652639671 -0.207639336429695 -0.33661213295765
0.203416808732274 0.124984856718713 -0.228006444450251 -0.31663381197834
0.189103271121769 0.169715324160208 -0.185855466800667 -0.313681972214841
0.124368063914071 0.309956716630893 -0.0679281225357161 -0.288928216080551
-0.10125539960102 0.33405956717399 0.0422810656538906 -0.178650875952051
-0.351882100288486 0.130198852193897 -0.00500848462949708 -0.046008808469408
-0.332210194375884 -0.290684733824156 -0.142082956606093 -0.23401598537494
0.0689465240850015 -0.448679842386026 0.0651089891850139 -0.472405943722004
0.309863627744077 -0.310848687055807 0.511229384428131 -0.527750088754233
0.342325024196373 -0.327289729564342 0.00761304853283738 -0.308663772424492
0.0912041164444266 -0.419393691974601 0.0477403608672414 -0.13382695405495
-0.232260859594131 -0.313588906191331 0.0451553588439128 -0.0985322923847712
-0.343033257542139 0.0631178543870217 0.042523707669663 -0.0948549686165227
-0.16655552706493 0.33732930972261 0.0437988837943937 -0.145768471453536
0.0729459009694562 0.377743503826476 -0.0408226628295997 -0.243086511309345
0.223741706505508 0.267776708332198 -0.125702988604891 -0.258210486091284
0.279394721704393 0.232715949972321 -0.132915893671575 -0.235409793814175
0.259901965263941 0.280415001256215 -0.0871894265749134 -0.217401998898295
0.164563639121148 0.461747183600107 -0.0101134398145694 -0.169650869679735
-0.154172206410005 0.496349567274946 0.0229285186195223 -0.0560093772411075
-0.502567131432862 0.21746319513218 -0.0590740743797073 0.0179668502387936
-0.521942198810291 -0.370755729563675 -0.192657985921945 -0.199549355422324
-0.00347656456610252 -0.671985175563279 0.00427046787231904 -0.406739557656579
0.402078947835416 -0.543073113815447 0.373757364111885 -0.404721497120854
0.405118569362367 -0.457870692316695 -0.127803827082186 -0.142357949312539
0.0647301016048457 -0.563349634929445 0.0645737708428506 -0.014639537704742
-0.332336496890845 -0.401831810956564 0.0881958545437622 -0.0742749996451605
-0.455842522532253 0.0834059504648593 0.0181165132803836 -0.111531660050481
-0.229752974063026 0.420812117530977 -0.00230870938295738 -0.0721571369388008
0.0739344843990331 0.476244915215159 -0.00133020555936878 -0.118072471431465
0.258809831518506 0.352524351726691 -0.0264828801048255 -0.135881348065481
0.311794371692938 0.304454419921987 -0.0178342312881453 -0.117751726783587
0.288337015527352 0.346296698176155 0.0297917605532217 -0.0920280780559036
0.182600677832008 0.53892529415729 0.06429966137 -0.0265866814464483
-0.167462069375203 0.584243831017732 0.0183219945858747 0.0862766150496127
-0.559756922152606 0.280538406604426 -0.102022703670508 0.0977798782067454
-0.623297565757757 -0.37050036170154 -0.218583485955257 -0.125299081475827
-0.0827139913773545 -0.765196524791891 -0.0498568872800563 -0.284556940591124
0.414439748121207 -0.674357739985971 0.213561609522773 -0.215544101495251
0.413815226784038 -0.533765106262617 -0.288754419489616 0.0690979983881275
0.0189621708708249 -0.647706034725017 0.062618582372249 0.159237347870749
-0.403431818397103 -0.436755891606487 0.128178991075177 -0.0193811459861943
-0.512877844021272 0.102649501772266 -0.0114903141410981 -0.104814476676729
-0.257657458710001 0.449951247605385 -0.0568159460944503 0.0268832373217796
0.0684418728461867 0.503223546497926 0.0375982475306391 0.041331246079389
0.25703892635909 0.3825828228848 0.077393701447419 0.0127004788799621
0.296941150779353 0.329216116914432 0.100021048216364 0.0167856809800664
0.267412397312443 0.357658544518994 0.143206485156153 0.041671897553904
0.165549368662553 0.526612133399694 0.137241364944548 0.113740553271641
-0.156313051914828 0.558127788314926 0.023117230918559 0.216264429334006
-0.506176261064809 0.272216798042539 -0.130025701461578 0.168534052360412
-0.578001955341036 -0.30622721478486 -0.209298342614764 -0.0438980824529499
-0.127829906362211 -0.704742043082685 -0.0766292297553279 -0.137910965880887
0.361761877514873 -0.670494493634436 0.0637340866733006 -0.00368063025890609
0.349984019045902 -0.521845266019508 -0.443366307594642 0.292513217995427
-0.0302677396338926 -0.61252817488068 0.0395837076829215 0.346793544427631
-0.39401166268175 -0.382080400518411 0.146338867816511 0.054303117806081
-0.462219685125297 0.101693408365543 -0.046349728346883 -0.0695996428104515
-0.2352076334981 0.390881735265055 -0.107315577766543 0.135923923511513
0.0516477706027814 0.441604508455959 0.0730777540090656 0.203993295296446
0.214854805527303 0.348869083483579 0.174883125026612 0.163985137983163
0.235030016653248 0.305303125236753 0.202658802759295 0.149121147606544
0.202830280717739 0.317830637958776 0.231529748760666 0.164345162847949
0.11060200213003 0.429288918860106 0.18456945941472 0.225912852507036
-0.13565424747208 0.429380137816129 0.0231170640473957 0.300230826874714
-0.373022583742253 0.185735217069665 -0.143697491298813 0.200199641111738
-0.410507725899098 -0.213911736664203 -0.169896989422376 0.0159360330542356
-0.118953166585829 -0.522736129817073 -0.0782256946035121 -0.0131255749424465
0.256320947342452 -0.55212137417343 -0.0502169862935409 0.184482615223729
0.221603250445351 -0.413782591071616 -0.560203910004218 0.484813382118303
-0.0702248041367827 -0.445004977635503 0.00361099137702125 0.500779063860665
-0.287786932953204 -0.23864065070688 0.141393154824936 0.125910854158827
-0.303835831192397 0.0717627046402241 -0.0680498658872262 -0.0233482328638729
-0.164499870681553 0.248421922316512 -0.141031609013014 0.218727387480709
0.0225533506283505 0.29723398874418 0.0966826897999584 0.333520534734255
0.13511128261558 0.257984705852938 0.245011897734075 0.289704988796149
0.137696592955773 0.2365858403512 0.275465088773456 0.257839889173913
0.110693537961683 0.235820375173221 0.279556077048793 0.261725951092096
0.0386211165584585 0.277234412753773 0.193894332684368 0.298050769888122
-0.106243153865489 0.244723780445708 0.0103681314095534 0.324808637453326
-0.202570858751386 0.0760344661544211 -0.145874959274206 0.185555888351702
-0.197353080893835 -0.108838762499193 -0.117920647482541 0.0443392948776875
-0.0918855017980744 -0.285191933096718 -0.066935310893726 0.0686752570126885
0.126869662787231 -0.364413121894951 -0.120086737090769 0.315525685201145
0.0499949660388961 -0.223970438539307 -0.611440511336839 0.603550004693775
-0.0923557212139505 -0.185515714200638 -0.0325253870201859 0.594213175027333
-0.118442671552517 -0.0503179886691848 0.134363746950399 0.183079853562666
-0.0885609765585817 0.0227594096951245 -0.0591395178275531 0.0110940094570638
-0.0668266082534416 0.0631514852905626 -0.150833576350166 0.250297778299093
-0.0139675743761677 0.104125480184497 0.100981605829034 0.40439765155938
0.0289993194950921 0.127022208054479 0.277569245984529 0.368403748622586
0.0209610038256864 0.132659430020477 0.305166423935782 0.328205336427296
0.0106332600826268 0.121160089064448 0.28325651476756 0.325546972778361
-0.0262994168504782 0.0978968557988383 0.17029931952048 0.331288123160168
-0.061680606370293 0.0577948719209007 -0.0105610063438267 0.30249442686028
-0.0374938792168058 -0.0091687711054483 -0.134779277072723 0.143675182124669
-0.01896401351268 0.0039794989244418 -0.0675771570742452 0.0575946541952185
-0.0792235786846819 -0.0556732199510428 -0.056501320307099 0.115148074857533
-0.0147433060328791 -0.15649923577854 -0.149990001458334 0.381458378837252
0.126468535804314 -0.0056850452681583 0.117918946481346 -0.461687592915618
0.0763334792298744 -0.113708172455917 -0.0364889822205526 -0.198267930579868
-0.0832109441326808 -0.101435748850778 0.0173553238311158 -0.0720792217722839
-0.0976931312136667 0.0516668788672355 0.0939006888197771 -0.0861610015731041
-0.0017498726162675 0.110377567907564 0.0529338462649148 -0.244439704616938
0.0541610071363641 0.0723054390340567 -0.150844909971623 -0.334953299840154
0.0734358502384111 0.00499213237110606 -0.280937474207441 -0.335931484453471
0.0927264797962781 -0.00945616630212461 -0.302243047668326 -0.324516024768512
0.0895877939674223 0.0207041734253897 -0.264677366879641 -0.337326732444262
0.0818356081704383 0.0998874407071408 -0.118706593348944 -0.346103790426826
-0.00967893345808664 0.130704189260917 0.0546347832042609 -0.256376457700198
-0.135804975042302 0.0555693420986903 0.0439647641159152 -0.0780649661420837
-0.112999551881619 -0.132044435814418 -0.0996633839238134 -0.204756469435633
0.0910458033225767 -0.152289978869816 0.0749484746732981 -0.460914608022087
0.145272608995985 -0.0383521531400855 0.533965548370784 -0.581078369118502
0.229529407300777 -0.173926779543839 0.074289264418189 -0.406859202990605
0.0773459324257488 -0.2612151109267 0.001607617318172 -0.189204160277318
-0.157877832747629 -0.196831550752645 0.012292822115973 -0.0920383197173432
-0.211567480568269 0.0676650933128883 0.0591094218189714 -0.0779798024661638
-0.0688531529914023 0.229729356296079 0.0540273242422926 -0.194191772612322
0.0804325415067389 0.224603961279521 -0.102296117992065 -0.303440922126846
0.163583487532362 0.131500120956564 -0.223073230146189 -0.311785664014052
0.203412231911234 0.108181219095443 -0.241599159372404 -0.295725958566592
0.193538536335538 0.152590767189358 -0.198311798235698 -0.295123168738753
0.140834872885859 0.291037800740041 -0.0808076591347227 -0.27728554131486
-0.0773303014329018 0.32923823444593 0.0349241808563021 -0.17327162716353
-0.332050870908921 0.146099934201134 -0.0066226114280542 -0.040747718373547
-0.335635287206973 -0.264278408998931 -0.156211183450347 -0.214911805594846
0.0438816422862197 -0.439023275616302 0.0321686522803134 -0.45942806720655
0.282717633057395 -0.317169269159479 0.455945586953384 -0.53508636823115
0.314676316821526 -0.330875594787431 -0.0115969510426816 -0.298015430975296
0.0665330857668753 -0.409458099538129 0.0373689349085339 -0.136484232544843
-0.241466587364165 -0.290368474952832 0.0353837124508575 -0.10152003796596
-0.327342916112034 0.0812039955984471 0.0287531509797843 -0.0920935689244016
-0.139125102599498 0.33550117271718 0.0309065145820668 -0.138357168194289
0.0958944754942053 0.359075311614225 -0.05646764997454 -0.228904993130884
0.231403897880632 0.24415224572806 -0.137504141467853 -0.24084629871076
0.283088768912822 0.209571754995346 -0.14435657949374 -0.222667542975827
0.268834829628741 0.256575673326235 -0.097293507557371 -0.209054684074794
0.189511988483555 0.436392240970022 -0.0178009210500804 -0.166813409877027
-0.117839198956715 0.489636834654477 0.0255071909836685 -0.0539187148206976
-0.47149502198592 0.240207921913716 -0.0543051359262593 0.0237037538330179
-0.524796448411588 -0.332495769749067 -0.203903334522536 -0.177761091368029
-0.0383616951577821 -0.650271246956779 -0.0230640133129862 -0.392588279676637
0.358903067114936 -0.54685228386175 0.329474388524085 -0.408261079209148
0.368662657003517 -0.459135550811329 -0.133295148356268 -0.132379763498936
0.032556434185006 -0.547099924191892 0.0614008562690475 -0.0229118422254364
-0.340393881732204 -0.370840714632618 0.0790296705083252 -0.0824101574574331
-0.435093766432636 0.1078236387487 0.0046675230632376 -0.107669515389588
-0.194576259716513 0.418734729948223 -0.0102277921369529 -0.0647412407269334
0.101566099266867 0.454526251910015 -0.0109880213904388 -0.112433695455211
0.271228033549464 0.324828776578091 -0.0350420030698241 -0.128615572100582
0.318851535318608 0.277020702378051 -0.0256222898221441 -0.115706892240085
0.299196345063605 0.31880935349664 0.0228550292171292 -0.0950169621968623
0.213139686467489 0.510074859126172 0.0619929137200825 -0.0335845465551047
-0.126012060139995 0.574629463241495 0.0307994458962975 0.082520073201389
-0.522495773321048 0.302031762173534 -0.0905790843370289 0.103195884497536
-0.620509053263559 -0.326230321702217 -0.22519091941686 -0.105505766248757
-0.117949489400962 -0.736445887557631 -0.0711438932683823 -0.267905540864664
0.364403694131915 -0.673171183597394 0.185076594203346 -0.216064017691785
0.372658676693546 -0.531793404367556 -0.276608832035076 0.0794926454396122
-0.0156537553417381 -0.625430938991396 0.0692274245359859 0.144662938708144
-0.413105969988741 -0.401612978481246 0.123587851813945 -0.030884545267886
-0.488489177604413 0.128183337342382 -0.0238314145180758 -0.0996765624675541
-0.221546452127728 0.448761497018034 -0.0575004902778405 0.0333437163220166
0.0980491351009425 0.480279673616306 0.0365555345934385 0.0372169180443803
0.271080767472415 0.353742469781473 0.0747693791610157 0.00923538942942825
0.306694352715166 0.302507512259409 0.097265224607017 0.0091396595944937
0.279077335900796 0.331514590394802 0.140481133836162 0.0284191150100243
0.194374485932979 0.498766564243119 0.140775997178352 0.0970584342499292
-0.117427925839925 0.550316093940133 0.0437278282399113 0.207304670393459
-0.47349907971995 0.291293483299682 -0.111756550418753 0.172387630274953
-0.575410220828357 -0.268212501689578 -0.210486902317374 -0.0277856102039759
-0.157963097436159 -0.672168318904278 -0.0881648852450753 -0.12409251846547
0.3095218393953 -0.665333212466647 0.0538865839272858 -0.00499338466991024
0.311382536005132 -0.519116479551978 -0.41292898434294 0.302914340095307
-0.0614166804410586 -0.587993208589776 0.0589758614141552 0.327347080235785
-0.400347915766449 -0.350325022533677 0.146470488325399 0.0378250037701582
-0.440873294352967 0.124761097426109 -0.0539058259323198 -0.0652631165277083
-0.203846967310529 0.39066237140459 -0.100284895671788 0.141257336378789
0.0761682930519067 0.420871172985708 0.0797461217321079 0.191566001987567
0.229798402211787 0.323504483835353 0.17783602913223 0.148911873596021
0.245740904018944 0.283021039579832 0.205182049270787 0.131945449609415
0.215323022177029 0.297379001507627 0.233283754403041 0.14211269611644
0.13528254443783 0.408423495556035 0.193170361076885 0.203778208177376
-0.104982035403998 0.423470402717188 0.0476871771473391 0.287279652394862
-0.347407741439445 0.200461934011812 -0.122686133847975 0.203176402913024
-0.407805431075553 -0.186111599736565 -0.167782201964367 0.0268127905081952
-0.140882165979854 -0.49586133170456 -0.0822858326250822 -0.0022296992984097
0.216077970030056 -0.546140383832875 -0.0437080833741764 0.18151518365644
0.193354125288601 -0.407057904058316 -0.514649379739766 0.492166224471261
-0.0926092016913966 -0.422997371261532 0.0323197032566914 0.479815260940131
-0.291124942349078 -0.217586258111422 0.147300972808093 0.109126453555324
-0.288787985122703 0.08691629706303 -0.070409039402219 -0.0205121965828714
-0.144130946161987 0.249975865229047 -0.128184310213533 0.221771713087758
0.0391163319622153 0.283863841979632 0.110188290010234 0.314240535031258
0.14725243095265 0.24103167257357 0.253180177351642 0.266924739237226
0.147789234374559 0.223046668183791 0.283378417360981 0.234292608342159
0.120658375150863 0.223047668075984 0.285684495494844 0.234022577459772
0.0548238117285364 0.265648486938178 0.20611189678433 0.272561678608897
-0.0869910475216352 0.241828975402054 0.0354429135917167 0.310521492828906
-0.190290949236245 0.0847026811100654 -0.125329736859398 0.188240474910225
-0.195731046269444 -0.095367957618657 -0.113844623963638 0.0504864677359903
-0.102928557369824 -0.266976369866742 -0.0654612688510354 0.0754957481154965
0.101180217514356 -0.356637744088431 -0.100700472659194 0.310291899987085
0.0363155177106076 -0.217135671474839 -0.557258901034726 0.612357783590086
-0.100330401345477 -0.171578754664234 0.00359858444660427 0.572281772995623
-0.117285515986124 -0.043520865862769 0.144303772763513 0.165446694942674
-0.0836682577862921 0.0273944672924804 -0.0585503469824723 0.0107864531562918
-0.0617043871255884 0.0647567060089627 -0.135862571757572 0.251564627027762
-0.00812528276870162 0.100041340926614 0.120828249836852 0.382273735759884
0.0364935479039785 0.12147553861401 0.289866611479484 0.340510576893161
0.0291241750723292 0.1289454947168 0.317605726562742 0.30215621827425
0.0166554481931385 0.117834600453349 0.294604876040739 0.297176758119862
-0.019799111550356 0.0966268846240101 0.185880663855612 0.306703358781497
-0.0555808568778884 0.0585084254554168 0.0120065005405089 0.28954145411454
-0.0362774199168653 -0.00798816652288415 -0.11749826896932 0.146305526051693
-0.0169828765910783 0.00459809847333638 -0.062009573266635 0.0605755979501187
-0.0776403533068212 -0.0461900116152214 -0.050510534210506 0.120014062018012
-0.0234486634145193 -0.148194198524411 -0.122535045985303 0.373580788271046
0.120222259382138 0.0086284896753779 0.159601790648002 -0.406198665475284
0.0851544182708546 -0.0985942964840417 -0.00745913160087163 -0.191096928675182
-0.0648906677150731 -0.103435499560525 0.0234520776557258 -0.0745687125633282
-0.0981711814208845 0.0366363109599584 0.0889709865701769 -0.0731381454321939
-0.015156931820133 0.103665531060645 0.0677145701524805 -0.220494006772328
0.0454339321406645 0.0773775926186582 -0.111137698010877 -0.32132547447121
0.0674054851848745 0.0142370797544703 -0.233448926989834 -0.343540402480159
0.0878905128233471 0.000176843950075407 -0.25382005148855 -0.345202488470353
0.0821762516534743 0.0322092914152291 -0.216915732506757 -0.356417911202187
0.0666589468678637 0.105336385613149 -0.0750593193842381 -0.348443805837891
-0.0255092010675991 0.124253319827074 0.0853639477533367 -0.243231534916022
-0.137181094340739 0.0384961943601088 0.0554329292462075 -0.0682081172506726
-0.0944612957925224 -0.135427455237467 -0.0727886572498742 -0.19965925341192
0.100586822066463 -0.134400047402851 0.118056630495006 -0.429199931879259
0.140330915373536 -0.0191273600686017 0.576977644805899 -0.496578225527878
0.234366087670048 -0.132417207031766 0.125534789012308 -0.357284961616643
0.10459286098926 -0.232874006236194 0.0328906582452844 -0.184230249446248
-0.121309039416434 -0.201575927805035 0.0243071377960952 -0.100180266476921
-0.205484950547696 0.0345969380584786 0.0554262646650817 -0.0726783327726504
-0.094361126128446 0.205149481256099 0.060434060283681 -0.177507397659696
0.0515897974896131 0.222156450946951 -0.075875497499511 -0.285798341019332
0.138199085043543 0.144091817972782 -0.182029015378469 -0.315846582004464
0.180088028825353 0.126340472436455 -0.197301991458715 -0.311496027268031
0.165563227255234 0.169939664040474 -0.157615212173595 -0.311707299151579
0.100659536922675 0.292492684077375 -0.0442357902039459 -0.285335711527006
-0.113196357054808 0.304428005991842 0.063765986751809 -0.171355087541348
-0.334532884942108 0.101695048693245 0.00827102837201302 -0.0404255992202407
-0.293095315377832 -0.286495847492761 -0.121431414198544 -0.209410376554049
0.089022890783621 -0.41216336072111 0.0795531639808097 -0.419075123475413
0.302974135256823 -0.270897908250958 0.496066785281893 -0.448138526114203
0.332736647251488 -0.26569560799938 0.0463228818279209 -0.26505548651563
0.11464788098984 -0.369963984790779 0.0673213601893356 -0.136819238754585
-0.185642074142699 -0.300787662848229 0.0512818699608711 -0.113857227077097
-0.315877523519153 0.031754676576859 0.0288597748664294 -0.0937695621028304
-0.174479704191314 0.293162488238818 0.0303016586801996 -0.131967184766045
0.0492954899248742 0.348621099687202 -0.0452150049312621 -0.211076224279607
0.190261916078493 0.258481317007305 -0.110793469640254 -0.241335247583938
0.24459912900013 0.232241659405372 -0.111177062246079 -0.231479294585685
0.224735361095192 0.27671404516678 -0.0713456166244803 -0.220667509340277
0.131127846695471 0.43510536074002 0.00546149536389486 -0.178801301202672
-0.170817481358477 0.452240329638827 0.0472932796680483 -0.0638822898676503
-0.478473739208149 0.173839060297015 -0.0395554353881597 0.0131153197337619
-0.46445771667436 -0.37151144427778 -0.16793041275359 -0.175426849989223
0.0352081896601646 -0.622943066540832 0.0198240788222064 -0.350499712297501
0.401330223365224 -0.483248655472877 0.358541992246506 -0.329063356944918
0.397163886866027 -0.376207481154209 -0.0735798708679291 -0.12556843283503
0.100673411030351 -0.49957507128759 0.0836423193911463 -0.0341855384386564
-0.267282339134174 -0.38751231757393 0.0935988330145388 -0.0994382182611037
-0.418429415638667 0.0398137210207768 0.00766143567481545 -0.115146244263845
-0.239201681232 0.36421459154037 -0.0181737103502016 -0.0715422880859479
0.0411598861392832 0.435970919303836 -0.0170540794255958 -0.0972586375633391
0.219285650743526 0.338466208768742 -0.0269329005053992 -0.12603763846968
0.272114545520979 0.302402129691349 -0.00905130226085271 -0.115821706579055
0.246497359588381 0.339440078170467 0.0317636923521122 -0.0993884195999022
0.14440868158441 0.508870585230649 0.0677422344747621 -0.0461335250355583
-0.188277111777381 0.532684162326695 0.0397304662444086 0.0640720687500987
-0.534272288695644 0.227356486118478 -0.0813567065952668 0.0833963043081216
-0.558181844211417 -0.377103934236847 -0.193302901365904 -0.107650019060388
-0.0302867073861865 -0.71307665535665 -0.0365088715250626 -0.231315906862019
0.420688359756458 -0.602459135718245 0.199686928194953 -0.154745466922453
0.410013641882525 -0.442489186530367 -0.223684267137962 0.0523409773978741
0.0656193872779198 -0.576714526375826 0.076214783510993 0.119099953267444
-0.332059400978421 -0.426580712941583 0.131108381863049 -0.0517610540042973
-0.471461914654611 0.0525061163228135 -0.0193047965995057 -0.114427565624663
-0.269717695553665 0.387290051925669 -0.0741128652916527 0.0131506140634475
0.0314481673604196 0.459106973302721 0.0104156896306637 0.0463995560383601
0.215403201802629 0.364888343460326 0.0629799951934546 0.0154037366392953
0.257811849603856 0.325595929019062 0.0946417780460289 0.0175885198354399
0.226008145214437 0.348562714476527 0.131253609214777 0.0322407599579842
0.12940662609514 0.494001343573364 0.128440104374266 0.087682754818483
-0.17480005128306 0.507106242531448 0.0380030072603225 0.184669474828806
-0.484716931111835 0.220762889783837 -0.110217041244045 0.147421409585955
-0.517938603882122 -0.318031982863519 -0.188466698858411 -0.0330338685040187
-0.0741430970474718 -0.656921093239391 -0.0687746513821064 -0.0945863281474119
0.368530524107653 -0.604006818965534 0.0504240355166258 0.0347713937602206
0.352012323627492 -0.43685508127911 -0.375942882994254 0.241382707238196
0.0173899912780897 -0.546420243702368 0.0458134740845745 0.288616713255777
-0.327267152769854 -0.377123185264998 0.145067747020211 0.016852411988221
-0.425520331425195 0.0549926120571276 -0.0500468364061492 -0.0851183281276102
-0.245207528527941 0.335981346431837 -0.123923553402181 0.108985755959871
0.0165519980978975 0.399272489630039 0.0376593062297722 0.193275547259222
0.181508017099225 0.331000196037632 0.145424957664224 0.157123686375483
0.203051637492898 0.301031465235532 0.184585821907088 0.147606601018031
0.169122467755473 0.30806411825675 0.207756041706971 0.153563142535284
0.0824838170338831 0.402727940286468 0.16665709414745 0.197871429747072
-0.145954508160774 0.386761705699737 0.0299811808796171 0.264688105393984
-0.352692265379457 0.149289414573647 -0.127118568256482 0.177814686303196
-0.366735733727623 -0.222501962432994 -0.157316830396963 0.0184883128487287
-0.0778959720960123 -0.485913160800281 -0.0762467649054992 0.0158442221228591
0.267871390992298 -0.500580674445949 -0.0633915797518539 0.197486519368408
0.228163911344135 -0.350673644503762 -0.499624514863649 0.403611215177921
-0.0322473829773046 -0.39869670613128 -0.000504884726147284 0.432732815220606
-0.243048147533878 -0.239206624679609 0.134303310682506 0.092545005179529
-0.280115520420724 0.040941642436973 -0.0675012798823277 -0.0401535787935288
-0.171169488344647 0.212503717090543 -0.153091815782283 0.184610647521042
-0.00131105998453562 0.266632944397019 0.0590396676898111 0.307988936720488
0.113157712024402 0.242845638847794 0.206884546599915 0.276348418097442
0.118190824059452 0.231707366720129 0.246162707524301 0.254406323430267
0.0884719744312509 0.225691558778251 0.249099314797041 0.250648589671684
0.0224620357014998 0.256581881922895 0.17136045761041 0.271277203300229
-0.108925270939307 0.21718128823739 0.0112215822394073 0.291202115638826
-0.188600866374572 0.0560819916651168 -0.132079789992646 0.166298136897514
-0.174326664934506 -0.112182089928552 -0.112262420043721 0.0420832783543136
-0.0656904529098346 -0.262542711568919 -0.0694505766243537 0.0828887488201888
0.13622991050519 -0.330248807874732 -0.130533769063513 0.304316417193233
0.0591678207521783 -0.194641530046116 -0.566074235827562 0.504701491848577
-0.0726393674937928 -0.169362386640206 -0.0454219721547365 0.524962106142144
-0.104477016542101 -0.0553540257648894 0.120744319525495 0.158628672469998
-0.0816491712122657 0.0136313982778743 -0.0577420128098858 -0.00261949845706681
-0.0679993571239502 0.0512767919286476 -0.157782423040529 0.216743066820973
-0.0235746054461892 0.0888936780112946 0.0679069701647132 0.3698059479205
0.0229695674000324 0.117125284278803 0.236374391208188 0.34867981589523
0.0157158239228454 0.128163760984835 0.270477588366007 0.323015819593537
0.00226662769461899 0.112900149237485 0.251321400886808 0.314930050364778
-0.0307897877836787 0.0874948640569614 0.147051466297493 0.307167051457406
-0.0582286219392012 0.0462153314760359 -0.0143420380349407 0.274192803964161
-0.0308304224523187 -0.0139578475944762 -0.123763271582683 0.129143769382392
-0.0142122492882071 0.00238497521164588 -0.0655587452077904 0.0523757584025375
-0.0655581389342303 -0.0504120169241748 -0.0599098860335001 0.117138192229159
-0.00471984114415158 -0.144789048484144 -0.155989216398383 0.352474743015315
0.117779199188461 0.00797965495470987 0.160330730700987 -0.387819108331729
0.0839693288084377 -0.0978117503976646 -0.0044205382714058 -0.187502344765792
-0.0628848465584301 -0.100711335918902 0.0199789795002759 -0.0745931234628352
-0.0959901711984169 0.0356602659162169 0.0825538518921598 -0.0689222647126615
-0.0138364992457951 0.100477883092753 0.0658787753092618 -0.209756388105135
0.0455845935760801 0.0763126729237681 -0.106305619212404 -0.307865620879209
0.0641504929053323 0.0150104945388986 -0.225030674611031 -0.333967035224723
0.0842629160632302 1.38186144321931E-05 -0.246344230277808 -0.340373654019793
0.0801454455634904 0.0313579607976474 -0.205962756715873 -0.350631596816232
0.0653000970065098 0.102108519673674 -0.0680319125452704 -0.340479675612694
-0.025581889423157 0.120489943208037 0.0875651481569234 -0.233960954060252
-0.133211857699631 0.035950545283973 0.0555285380946375 -0.062241903307251
-0.0901626239777467 -0.134211686023311 -0.0697127412179026 -0.190434709433184
0.10006452731934 -0.130677703817533 0.118621911803359 -0.41426679089844
0.13817849018734 -0.0168110650989232 0.561725628355665 -0.471853796283219
0.232121915801857 -0.125149570627241 0.125405084052555 -0.343019452975686
0.104852630307224 -0.226737835382751 0.0345625415868608 -0.180871836098255
-0.115728169407982 -0.197731562185949 0.0214201591203278 -0.100110035135791
-0.199940125070891 0.0326734845691406 0.0499006188547753 -0.0677318515869616
-0.091691969208876 0.198468987389793 0.0590358341012509 -0.167580279618309
0.0506052290713278 0.216244517628723 -0.071973481530198 -0.273146194691783
0.131682583701385 0.141325927886971 -0.175601082524003 -0.306850594067786
0.172516324718957 0.124443317148734 -0.191899206694448 -0.307958196240493
0.16001464974904 0.166316821258013 -0.150288790863323 -0.30713985638408
0.0967242848118341 0.284819996191992 -0.0386663363867296 -0.279291939460306
-0.112538539981679 0.294491028352247 0.0680829467678765 -0.165321288278979
-0.325278813091417 0.0946219226292395 0.0101313712442308 -0.0356197125784851
-0.27996911210901 -0.284497119438698 -0.118818681547223 -0.200407034031192
0.0924511483401139 -0.402409307799765 0.080881472022155 -0.403369244187613
0.298382246076372 -0.257827464852182 0.482002771499571 -0.423555084115139
0.329461196730438 -0.250672369721585 0.0471259592491467 -0.255872778298079
0.117161169792466 -0.356804886386716 0.0672731802125776 -0.136018377793446
-0.178030994110341 -0.295509101202131 0.0483897535461173 -0.114476891237147
-0.30569544222322 0.0273189338640613 0.0244816600712279 -0.0885179888167689
-0.171134598517685 0.282792534074352 0.0294747690308256 -0.12217288278519
0.0462536485757368 0.33831580377597 -0.043101089501869 -0.20157897659097
0.180911256015625 0.252910857459453 -0.106577954558017 -0.23419572511223
0.234957234681923 0.229633545171025 -0.108928990684343 -0.228851871871134
0.215689268007828 0.271482425955306 -0.0664577690166634 -0.218581102858961
0.125633706534467 0.424796274532293 0.00857036220246334 -0.177042582395155
-0.168420484784922 0.438257015786191 0.0524821236383019 -0.062052335129449
-0.466175157964824 0.162810013935691 -0.036459616608062 0.0161442887330134
-0.446631230307934 -0.370333976387951 -0.166345695752792 -0.167371581269
0.0440017535541829 -0.607810337708809 0.0200860068071128 -0.336498094915541
0.397132821474404 -0.460426698621302 0.34598869402281 -0.308742065516082
0.39581880572193 -0.356355347114426 -0.0717287427757173 -0.122768491352492
0.106582317040995 -0.481818031798482 0.0819028383547594 -0.0368524131737054
-0.253441976470644 -0.382110279905756 0.091351817778218 -0.100533122150867
-0.406604412299672 0.033595749782909 0.00358375230470771 -0.110042875689121
-0.236094729027456 0.351328437289095 -0.0190100348142103 -0.0640963600854917
0.037369402684448 0.423474539155204 -0.0178324022804477 -0.0921198536430412
0.207276704317436 0.330488596461601 -0.025671411784189 -0.121202574480877
0.261094968444649 0.299026355104921 -0.00948910578131149 -0.114505368159645
0.235085830368727 0.333384314164971 0.0317518258661438 -0.0999437615614205
0.138621917882871 0.494306057731656 0.067659861102391 -0.0480963422483393
-0.185792567242218 0.515331001397574 0.044567076451096 0.061493437386462
-0.520893150545897 0.213533145632068 -0.0764592766400401 0.0830647800702557
-0.537292692233139 -0.377566144369714 -0.192402338442962 -0.100785167370524
-0.0178740503213764 -0.695823506206342 -0.0373341375259589 -0.218741447610856
0.416708765776968 -0.577658915092583 0.188747695596017 -0.142030508583224
0.407629206817032 -0.419188443940178 -0.220206881203005 0.0459762605828289
0.0728227085820625 -0.556703199077249 0.0735749232469902 0.112313038521563
-0.315514347940909 -0.420247302978747 0.12817831494623 -0.0552811341049858
-0.458483436403624 0.0435048752660913 -0.0215900098099053 -0.110508849651288
-0.266121975797378 0.373127438959951 -0.0749402863037826 0.0173050122563222
0.0266624059618392 0.444775326543797 0.00736008269847673 0.0463055015232556
0.205274883191513 0.356432406837593 0.059425948486632 0.0164750159469438
0.247060663156346 0.321568725027209 0.091303878887453 0.0163281640712479
0.216080861072701 0.342880490366617 0.126955975547175 0.0289726458124358
0.123343902885995 0.480832220205346 0.125465850624716 0.0823009551368149
-0.173770566535217 0.490351433194448 0.0415526898410201 0.17735736094523
-0.473743327338645 0.207175373122692 -0.104929492313685 0.144745942507718
-0.500293206110989 -0.319189969499241 -0.187463891007222 -0.0294008302003007
-0.0625019648098391 -0.64058079503168 -0.0698839130055607 -0.0860092679331369
0.364748537137831 -0.577878179116288 0.0429559798545848 0.0375096483420864
0.350272167191773 -0.413983147420062 -0.3703395880145 0.2255400936198
0.0255643939751439 -0.527469029399263 0.0423136774598648 0.276669682607925
-0.312668996552937 -0.370913783756042 0.142270817365835 0.0119593884240082
-0.414095492572986 0.0468676728572155 -0.0513073792649904 -0.0836031025555559
-0.241048779513876 0.323516552382419 -0.125293395652011 0.109337046480823
0.0127900322661436 0.386704720211729 0.0319863053527008 0.187868891795798
0.172244877965689 0.323438951310276 0.138961169764111 0.155290750972043
0.194447941830194 0.29756290718624 0.179021804384278 0.145121560928685
0.160937912719968 0.303842129781051 0.200780111148181 0.148913187197695
0.0789532967304884 0.389921662066579 0.161023713702749 0.189666016132713
-0.144569809681523 0.375225488324849 0.0329073905822253 0.25443926713498
-0.343529856755785 0.140931791492846 -0.121414283259693 0.172310173166229
-0.354004011596632 -0.223045227997467 -0.156763194911905 0.0210974817790984
-0.0667386990853123 -0.471184118827182 -0.0777875520802426 0.021866401646586
0.265889815409043 -0.478837356133841 -0.0675936696332423 0.192077082890494
0.227147142851689 -0.333776481674843 -0.492610460887008 0.380599052086775
-0.0253562940344485 -0.384279559169574 -0.00479699080286787 0.415573274512769
-0.232485811875921 -0.235483694670278 0.132256858301907 0.0858338635432177
-0.271571181018315 0.0353032538663591 -0.0680049532731498 -0.0417719983831865
-0.168459291036448 0.204890009858166 -0.154023410982564 0.18053151955487
-0.0055735256843495 0.257803735159649 0.0517183132729883 0.298736917382667
0.107629717041496 0.237036550028506 0.198015481045765 0.271992591955239
0.112528124112882 0.229288013866216 0.239244080042245 0.250952152858852
0.0830581374839958 0.222361704471082 0.239941720173636 0.2448367566679
0.020032135468646 0.248661783695942 0.16556153831557 0.260987848048742
-0.105703064476345 0.209116572811164 0.0134305728829452 0.279060968191189
-0.182714625848332 0.0510967339088764 -0.125137180703586 0.161620328433599
-0.167498815709416 -0.11142746200683 -0.111269860280781 0.0426588919550807
-0.0579050802643159 -0.254534162158058 -0.0708730643766611 0.0856804821994569
0.13558569763345 -0.316074821864544 -0.131891970706257 0.292531013986051
0.060674368566596 -0.18686445807295 -0.557893666794631 0.478627911789709
-0.0683468588987963 -0.162124929327899 -0.0490096582367919 0.506436588137298
-0.100328857479641 -0.055214074587642 0.118016967164472 0.151567734056091
-0.078683736753405 0.0121318196797552 -0.0574904194139723 -0.00577952076805927
-0.0670206389288201 0.0488763685473628 -0.159260492342921 0.209944768734556
-0.0250403673569719 0.0854597635576488 0.0599870871137835 0.358783149423142
0.0218905794471554 0.113823389539139 0.226627582126569 0.343366558283109
0.0144261262673212 0.126894598714431 0.263165434235105 0.319190497656226
0.000584187597546265 0.111396822759644 0.242243361264078 0.308551589473856
-0.0311732246135152 0.0848435439807999 0.140496961408606 0.296257267176947
-0.0566977221175739 0.0425553623829339 -0.0131405044440563 0.262052391731167
-0.028964664777225 -0.0155316001632137 -0.116783638141049 0.124629220048757
-0.0123378215760499 0.0022628241934026 -0.0640563459838882 0.0514459043372313
-0.0610076177308329 -0.047055874284605 -0.0609076636344433 0.11778713347022
-0.00288256996348241 -0.138423690769374 -0.154964068265807 0.336760491267105
0.119166473064745 0.00962522496685732 0.170760076809162 -0.383565541665818
0.0861317813548503 -0.0995570722512272 -0.000548506301817853 -0.190719423073663
-0.0624764989440188 -0.102537071861332 0.0178601608323845 -0.077011101833867
-0.0969113324286685 0.0356135009964241 0.0804827906426577 -0.0665330511976395
-0.0147539207955097 0.101204439601967 0.0693795826717673 -0.206614305366054
0.0452165690144606 0.0778601653390072 -0.100988872349852 -0.306496794078175
0.0636396249633184 0.0157917532922259 -0.221393408931441 -0.339872112601883
0.0834510611321363 0.000483497753015774 -0.244361731466999 -0.350912361015944
0.0809752159048827 0.031958253881706 -0.20104033819584 -0.359518149674668
0.0650138663395241 0.103995292845743 -0.0605207358593005 -0.346005944869097
-0.0268262924832684 0.120814588131241 0.0951583781196587 -0.233521249893452
-0.135737080896554 0.034065980902567 0.0588131101279203 -0.0574817083919435
-0.0875534763343916 -0.138439414834596 -0.0680200383745968 -0.189024592512418
0.103681383980782 -0.130713672107937 0.127851772326348 -0.413556847249223
0.140910427024702 -0.0135241916189713 0.572268331314837 -0.454097951934059
0.238457201536214 -0.121028571155842 0.134170603858933 -0.33877754213698
0.110592890014877 -0.22726158917549 0.0386833107103507 -0.18459036169789
-0.112843090846798 -0.201757497123852 0.0207797086743167 -0.103607690942453
-0.200888764603783 0.0299486998345074 0.0478873048523268 -0.0659795810625277
-0.0945563736271178 0.198279865223931 0.0621227874648626 -0.162970048583026
0.048966781846574 0.218605133349172 -0.0684216417678656 -0.271927589464528
0.128801525990635 0.145081825134521 -0.172033290744444 -0.312364551099657
0.170145707373569 0.128820870992403 -0.191196310049931 -0.316763672335764
0.157996334146288 0.170201976087134 -0.145612501204318 -0.315736123504123
0.0942829336827453 0.287892844636277 -0.0322305894440263 -0.284309104446731
-0.117122749772868 0.295460808070761 0.075243865197048 -0.164560116276455
-0.328833776649959 0.0880013264494472 0.0122858815102999 -0.0314637613927493
-0.276990248681392 -0.294893613728916 -0.119042084444449 -0.198897713395471
0.104091849527369 -0.404097027727561 0.0883076475642809 -0.402474528494561
0.308674079208238 -0.251400631279798 0.489251144509779 -0.409032141394994
0.34060839591532 -0.243581548970444 0.0527888974135796 -0.254260010814229
0.127760677990865 -0.356018173065844 0.0710287380513581 -0.139638937808555
-0.171443428696965 -0.303441806049521 0.048074588292943 -0.11864344960362
-0.307439264273308 0.0205464532679808 0.0223205948794404 -0.0867121464833176
-0.176557023095785 0.282152290758782 0.0310545730207511 -0.117581868697533
0.0414811355532232 0.341312150935233 -0.0405575656498838 -0.199785418748553
0.176396618044977 0.25958093571059 -0.103598339895264 -0.236706269157229
0.231974191490788 0.237127077736057 -0.108567446979315 -0.235182225147979
0.21195010914808 0.278452692608573 -0.0635527376525902 -0.225545154946675
0.120412920301178 0.428363272533069 0.0133090735476872 -0.180535212738266
-0.176641500875187 0.439059959921159 0.0589705649447288 -0.0621888878097034
-0.472682971093546 0.153154883623102 -0.0346750144127722 0.0191031848733437
-0.444073538511367 -0.387513843376189 -0.168105683659493 -0.165752841940765
0.0612967630781003 -0.612367310182222 0.0244218791938371 -0.33458245852815
0.41174283035201 -0.452611383654889 0.350981243602236 -0.295814412890529
0.408768684025614 -0.345779180084066 -0.0706298327586567 -0.125596597415097
0.121399175220713 -0.481344803517766 0.0838810303242844 -0.0401150781145444
-0.247111450177587 -0.392595113087875 0.0922404917781797 -0.104518187374522
-0.409567414199157 0.0233733225414731 0.00180891646846607 -0.109767877516143
-0.243209421174186 0.349364642186223 -0.0193633220067673 -0.0587739333880237
0.0307715136944087 0.427392410865292 -0.017493909524484 -0.0905794042698115
0.200262118727463 0.338308266586137 -0.0242693856559887 -0.121187928792881
0.256773894347461 0.309338793325546 -0.00955301040264454 -0.117651238098017
0.230844540437048 0.341165734574721 0.0333910882833402 -0.103557407853027
0.133340333132489 0.499741442899804 0.0694331993706676 -0.0504870398461118
-0.19368789944559 0.516098564149868 0.0492487143740621 0.0605111585652917
-0.528470957485185 0.202372422810134 -0.0753070188634644 0.0858371052345536
-0.534492639868804 -0.394618089306458 -0.19672614957485 -0.0994269920076625
-0.000354116783553449 -0.701694131085705 -0.0354863368134307 -0.214872058514831
0.435340005666075 -0.568934517944342 0.188099004998444 -0.133418275158643
0.42329738652936 -0.408717124556998 -0.224243446219243 0.0394017872865831
0.089406872751494 -0.55412703259052 0.0727827324128758 0.108878057333918
-0.307190107068394 -0.431182743201432 0.130379965059221 -0.0596296560116494
-0.460345465734378 0.0335749017962301 -0.0241014246512324 -0.111658791042399
-0.274740317603003 0.370383791953861 -0.0775752404889525 0.0218304201939212
0.0181730097104803 0.448419234474116 0.00460581635044482 0.047929327671033
0.199125570436015 0.365101744280949 0.0591921149220562 0.0191342968656931
0.243169770486623 0.332044713074767 0.0910479954105715 0.0171210910339953
0.210315006555605 0.352153220687785 0.127432193281214 0.0286046487525296
0.118050614732653 0.486483643823673 0.125391523385892 0.0813459603290576
-0.180716617408028 0.492454361751137 0.0447374654764608 0.176612173915828
-0.48035054941429 0.199371213718021 -0.104110091560836 0.146129323093157
-0.498370775685984 -0.334518407542164 -0.193131507003272 -0.0270832545914377
-0.045370419926802 -0.647064504290923 -0.071564774970909 -0.0804929781540343
0.381461153019421 -0.570388920173686 0.0378598170643667 0.0441028885774546
0.36520923305949 -0.405923704454878 -0.380345969774401 0.215227950403618
0.0405323979962069 -0.527080312565636 0.0368895490318657 0.27427443555947
-0.303776522337978 -0.382072409605545 0.144087308145714 0.00869894716698396
-0.416458506584155 0.0375976335736659 -0.0532426403650857 -0.0859786908877823
-0.2500000872002 0.320466850867169 -0.130452803979402 0.112099367431794
0.00365631536038707 0.389922473891647 0.0264968290388676 0.190214696312408
0.165595557179012 0.330440397645624 0.136545531865964 0.160723598581008
0.190608949002098 0.307621514713461 0.177770547177702 0.150033292454593
0.155988459854164 0.310575969406522 0.199326910915597 0.151803600479107
0.0737468905813671 0.395426107716717 0.159033853523763 0.190000949582922
-0.150539969084401 0.374162815951824 0.0330901669546545 0.253529101012
-0.3478334980034 0.132502547640954 -0.121952729855888 0.173028474256674
-0.351430464555644 -0.233552951514988 -0.16171490547156 0.0230106952487272
-0.0545126597406281 -0.477135726891586 -0.0812223269846114 0.0280481569958429
0.277390922056996 -0.471471325326367 -0.0747219183757469 0.193294465945573
0.239973731939516 -0.327671515779368 -0.507381950142517 0.368498650212637
-0.0146749320193166 -0.384153511662977 -0.0122944035326676 0.414360308308692
-0.226550256235982 -0.243150328888402 0.133115037700038 0.084154262512282
-0.272213500631631 0.0286307221784124 -0.0699609055924338 -0.0452182501329588
-0.174338237969583 0.202043985328355 -0.162139460760521 0.182587693113776
-0.0116224674855375 0.25939453549509 0.0437533631630209 0.301404978405343
0.102944243367672 0.241113315504689 0.193260524739391 0.279101487571872
0.110396312758191 0.236482042986431 0.237894387973916 0.258546981148325
0.0792551551384537 0.228527907477262 0.237452496813747 0.250839329174155
0.0156889962242567 0.251043352467388 0.16211679347816 0.262353362120262
-0.110335744649722 0.207737446647254 0.0120541568337876 0.277810398646315
-0.184505572725162 0.0465924688435172 -0.125367067083719 0.159855962451103
-0.164520677617257 -0.11669612058724 -0.114365609699132 0.0445959282652887
-0.0504446135396052 -0.256109453798854 -0.0748067864504528 0.0917123150889511
0.143782718268628 -0.311484531697242 -0.140113735163394 0.290107577907189
0.0667677622291985 -0.185723084244255 -0.575068393421266 0.465766521604429
-0.0647375055282107 -0.162240424918298 -0.0596220784392907 0.506377750057164
-0.0993992951758149 -0.0576798740258537 0.118488060746534 0.150737421986207
-0.0788478538821419 0.0102955069988472 -0.0593625359878353 -0.00984800000720143
-0.0692876685791758 0.0478493978014478 -0.168041309023525 0.209842139390178
-0.0281579714209717 0.0855326447447792 0.0512055857080881 0.362200156118827
0.0203505174390233 0.114476315986094 0.219216176418506 0.351837237696505
0.0147327038714031 0.130249461006596 0.262143539969765 0.327693228132293
-0.00169197003248463 0.114325797363646 0.238485026549447 0.314561014647573
-0.0344526748094834 0.0846042922795835 0.137441372232054 0.29721254173766
-0.0578142601943429 0.0413887354526278 -0.0155428681561544 0.260162427790823
-0.0281343421128732 -0.0177435530205303 -0.115675837978885 0.123390258003231
-0.0108911936874356 0.0020569427323252 -0.064899530722926 0.0527634503302354
-0.0586433994055657 -0.0468094286870798 -0.0638660318825683 0.122687157418583
0.00023863236984345 -0.137329499024786 -0.162850571735388 0.331225212397808
